<?xml version="1.0" encoding="UTF-8"?>
<testsuite xmlns:xsi="http://www.w3.org/2001/XMLSchema-instance" xsi:noNamespaceSchemaLocation="https://maven.apache.org/surefire/maven-surefire-plugin/xsd/surefire-test-report.xsd" name="org.apache.hadoop.ozone.client.rpc.TestBlockOutputStream" time="601.358" tests="6" errors="0" skipped="0" failures="3">
  <properties>
    <property name="awt.toolkit" value="sun.awt.X11.XToolkit"/>
    <property name="file.encoding.pkg" value="sun.io"/>
    <property name="java.specification.version" value="1.8"/>
    <property name="sun.cpu.isalist" value=""/>
    <property name="sun.jnu.encoding" value="UTF-8"/>
    <property name="java.class.path" value="/tmp/workdir/hadoop-ozone/integration-test/target/test-classes:/tmp/workdir/hadoop-ozone/integration-test/target/classes:/home/user/.m2/repository/org/apache/hadoop/hadoop-ozone-common/0.5.0-SNAPSHOT/hadoop-ozone-common-0.5.0-SNAPSHOT.jar:/home/user/.m2/repository/org/apache/commons/commons-compress/1.4.1/commons-compress-1.4.1.jar:/home/user/.m2/repository/org/tukaani/xz/1.0/xz-1.0.jar:/home/user/.m2/repository/org/apache/hadoop/hadoop-common/3.2.0/hadoop-common-3.2.0.jar:/home/user/.m2/repository/org/apache/hadoop/hadoop-hdfs/3.2.0/hadoop-hdfs-3.2.0.jar:/home/user/.m2/repository/org/apache/hadoop/hadoop-hdfs-client/3.2.0/hadoop-hdfs-client-3.2.0.jar:/home/user/.m2/repository/com/fasterxml/jackson/core/jackson-annotations/2.9.5/jackson-annotations-2.9.5.jar:/home/user/.m2/repository/org/apache/hadoop/hadoop-hdds-common/0.5.0-SNAPSHOT/hadoop-hdds-common-0.5.0-SNAPSHOT.jar:/home/user/.m2/repository/javax/annotation/javax.annotation-api/1.2/javax.annotation-api-1.2.jar:/home/user/.m2/repository/org/apache/ratis/ratis-server/0.4.0-78e95b9-SNAPSHOT/ratis-server-0.4.0-78e95b9-SNAPSHOT.jar:/home/user/.m2/repository/org/apache/ratis/ratis-thirdparty-misc/0.2.0/ratis-thirdparty-misc-0.2.0.jar:/home/user/.m2/repository/org/apache/ratis/ratis-proto/0.4.0-78e95b9-SNAPSHOT/ratis-proto-0.4.0-78e95b9-SNAPSHOT.jar:/home/user/.m2/repository/org/apache/ratis/ratis-common/0.4.0-78e95b9-SNAPSHOT/ratis-common-0.4.0-78e95b9-SNAPSHOT.jar:/home/user/.m2/repository/org/apache/ratis/ratis-client/0.4.0-78e95b9-SNAPSHOT/ratis-client-0.4.0-78e95b9-SNAPSHOT.jar:/home/user/.m2/repository/org/apache/ratis/ratis-metrics/0.4.0-78e95b9-SNAPSHOT/ratis-metrics-0.4.0-78e95b9-SNAPSHOT.jar:/home/user/.m2/repository/com/github/joshelser/dropwizard-metrics-hadoop-metrics2-reporter/0.1.2/dropwizard-metrics-hadoop-metrics2-reporter-0.1.2.jar:/home/user/.m2/repository/io/dropwizard/metrics/metrics-jvm/3.2.5/metrics-jvm-3.2.5.jar:/home/user/.m2/repository/io/dropwizard/metrics/metrics-ganglia/3.2.5/metrics-ganglia-3.2.5.jar:/home/user/.m2/repository/info/ganglia/gmetric4j/gmetric4j/1.0.7/gmetric4j-1.0.7.jar:/home/user/.m2/repository/org/apache/ratis/ratis-netty/0.4.0-78e95b9-SNAPSHOT/ratis-netty-0.4.0-78e95b9-SNAPSHOT.jar:/home/user/.m2/repository/org/apache/ratis/ratis-grpc/0.4.0-78e95b9-SNAPSHOT/ratis-grpc-0.4.0-78e95b9-SNAPSHOT.jar:/home/user/.m2/repository/org/rocksdb/rocksdbjni/6.0.1/rocksdbjni-6.0.1.jar:/home/user/.m2/repository/org/apache/logging/log4j/log4j-api/2.11.0/log4j-api-2.11.0.jar:/home/user/.m2/repository/org/apache/logging/log4j/log4j-core/2.11.0/log4j-core-2.11.0.jar:/home/user/.m2/repository/com/lmax/disruptor/3.4.2/disruptor-3.4.2.jar:/home/user/.m2/repository/org/apache/commons/commons-pool2/2.6.0/commons-pool2-2.6.0.jar:/home/user/.m2/repository/org/bouncycastle/bcpkix-jdk15on/1.60/bcpkix-jdk15on-1.60.jar:/home/user/.m2/repository/commons-validator/commons-validator/1.6/commons-validator-1.6.jar:/home/user/.m2/repository/commons-digester/commons-digester/1.8.1/commons-digester-1.8.1.jar:/home/user/.m2/repository/io/jaegertracing/jaeger-client/0.33.1/jaeger-client-0.33.1.jar:/home/user/.m2/repository/io/jaegertracing/jaeger-thrift/0.33.1/jaeger-thrift-0.33.1.jar:/home/user/.m2/repository/org/apache/thrift/libthrift/0.11.0/libthrift-0.11.0.jar:/home/user/.m2/repository/com/squareup/okhttp3/okhttp/3.9.0/okhttp-3.9.0.jar:/home/user/.m2/repository/com/squareup/okio/okio/1.13.0/okio-1.13.0.jar:/home/user/.m2/repository/io/jaegertracing/jaeger-core/0.33.1/jaeger-core-0.33.1.jar:/home/user/.m2/repository/io/jaegertracing/jaeger-tracerresolver/0.33.1/jaeger-tracerresolver-0.33.1.jar:/home/user/.m2/repository/io/opentracing/contrib/opentracing-tracerresolver/0.1.5/opentracing-tracerresolver-0.1.5.jar:/home/user/.m2/repository/io/opentracing/opentracing-util/0.31.0/opentracing-util-0.31.0.jar:/home/user/.m2/repository/io/opentracing/opentracing-api/0.31.0/opentracing-api-0.31.0.jar:/home/user/.m2/repository/io/opentracing/opentracing-noop/0.31.0/opentracing-noop-0.31.0.jar:/home/user/.m2/repository/org/apache/hadoop/hadoop-hdds-server-framework/0.5.0-SNAPSHOT/hadoop-hdds-server-framework-0.5.0-SNAPSHOT.jar:/home/user/.m2/repository/org/apache/hadoop/hadoop-hdds-container-service/0.5.0-SNAPSHOT/hadoop-hdds-container-service-0.5.0-SNAPSHOT.jar:/home/user/.m2/repository/org/apache/hadoop/hadoop-hdds-client/0.5.0-SNAPSHOT/hadoop-hdds-client-0.5.0-SNAPSHOT.jar:/home/user/.m2/repository/org/apache/hadoop/hadoop-hdds-tools/0.5.0-SNAPSHOT/hadoop-hdds-tools-0.5.0-SNAPSHOT.jar:/home/user/.m2/repository/org/apache/hadoop/hadoop-hdds-server-scm/0.5.0-SNAPSHOT/hadoop-hdds-server-scm-0.5.0-SNAPSHOT.jar:/home/user/.m2/repository/org/apache/hadoop/hadoop-hdds-docs/0.5.0-SNAPSHOT/hadoop-hdds-docs-0.5.0-SNAPSHOT.jar:/home/user/.m2/repository/io/dropwizard/metrics/metrics-core/3.2.4/metrics-core-3.2.4.jar:/home/user/.m2/repository/org/hamcrest/hamcrest-all/1.3/hamcrest-all-1.3.jar:/home/user/.m2/repository/org/bouncycastle/bcprov-jdk15on/1.60/bcprov-jdk15on-1.60.jar:/home/user/.m2/repository/info/picocli/picocli/3.9.6/picocli-3.9.6.jar:/home/user/.m2/repository/com/google/protobuf/protobuf-java/2.5.0/protobuf-java-2.5.0.jar:/home/user/.m2/repository/com/google/guava/guava/11.0.2/guava-11.0.2.jar:/home/user/.m2/repository/org/apache/hadoop/hadoop-ozone-ozone-manager/0.5.0-SNAPSHOT/hadoop-ozone-ozone-manager-0.5.0-SNAPSHOT.jar:/home/user/.m2/repository/org/apache/hadoop/hadoop-minikdc/3.2.0/hadoop-minikdc-3.2.0.jar:/home/user/.m2/repository/commons-io/commons-io/2.5/commons-io-2.5.jar:/home/user/.m2/repository/org/apache/kerby/kerb-simplekdc/1.0.1/kerb-simplekdc-1.0.1.jar:/home/user/.m2/repository/org/apache/kerby/kerb-client/1.0.1/kerb-client-1.0.1.jar:/home/user/.m2/repository/org/apache/kerby/kerby-config/1.0.1/kerby-config-1.0.1.jar:/home/user/.m2/repository/org/apache/kerby/kerb-core/1.0.1/kerb-core-1.0.1.jar:/home/user/.m2/repository/org/apache/kerby/kerby-pkix/1.0.1/kerby-pkix-1.0.1.jar:/home/user/.m2/repository/org/apache/kerby/kerby-asn1/1.0.1/kerby-asn1-1.0.1.jar:/home/user/.m2/repository/org/apache/kerby/kerby-util/1.0.1/kerby-util-1.0.1.jar:/home/user/.m2/repository/org/apache/kerby/kerb-common/1.0.1/kerb-common-1.0.1.jar:/home/user/.m2/repository/org/apache/kerby/kerb-crypto/1.0.1/kerb-crypto-1.0.1.jar:/home/user/.m2/repository/org/apache/kerby/kerb-util/1.0.1/kerb-util-1.0.1.jar:/home/user/.m2/repository/org/apache/kerby/token-provider/1.0.1/token-provider-1.0.1.jar:/home/user/.m2/repository/org/apache/kerby/kerb-admin/1.0.1/kerb-admin-1.0.1.jar:/home/user/.m2/repository/org/apache/kerby/kerb-server/1.0.1/kerb-server-1.0.1.jar:/home/user/.m2/repository/org/apache/kerby/kerb-identity/1.0.1/kerb-identity-1.0.1.jar:/home/user/.m2/repository/org/apache/kerby/kerby-xdr/1.0.1/kerby-xdr-1.0.1.jar:/home/user/.m2/repository/org/slf4j/slf4j-log4j12/1.7.25/slf4j-log4j12-1.7.25.jar:/home/user/.m2/repository/org/apache/hadoop/hadoop-ozone-s3gateway/0.5.0-SNAPSHOT/hadoop-ozone-s3gateway-0.5.0-SNAPSHOT.jar:/home/user/.m2/repository/org/jboss/weld/servlet/weld-servlet/2.4.7.Final/weld-servlet-2.4.7.Final.jar:/home/user/.m2/repository/org/glassfish/jersey/containers/jersey-container-servlet-core/2.27/jersey-container-servlet-core-2.27.jar:/home/user/.m2/repository/org/glassfish/hk2/external/javax.inject/2.5.0-b42/javax.inject-2.5.0-b42.jar:/home/user/.m2/repository/org/glassfish/jersey/core/jersey-common/2.27/jersey-common-2.27.jar:/home/user/.m2/repository/org/glassfish/hk2/osgi-resource-locator/1.0.1/osgi-resource-locator-1.0.1.jar:/home/user/.m2/repository/javax/ws/rs/javax.ws.rs-api/2.1/javax.ws.rs-api-2.1.jar:/home/user/.m2/repository/org/glassfish/jersey/ext/cdi/jersey-cdi1x/2.27/jersey-cdi1x-2.27.jar:/home/user/.m2/repository/org/glassfish/jersey/inject/jersey-hk2/2.27/jersey-hk2-2.27.jar:/home/user/.m2/repository/org/glassfish/hk2/hk2-locator/2.5.0-b42/hk2-locator-2.5.0-b42.jar:/home/user/.m2/repository/org/javassist/javassist/3.22.0-CR2/javassist-3.22.0-CR2.jar:/home/user/.m2/repository/org/glassfish/hk2/hk2-api/2.5.0/hk2-api-2.5.0.jar:/home/user/.m2/repository/org/glassfish/hk2/external/jakarta.inject/2.5.0/jakarta.inject-2.5.0.jar:/home/user/.m2/repository/org/glassfish/hk2/hk2-utils/2.5.0/hk2-utils-2.5.0.jar:/home/user/.m2/repository/jakarta/annotation/jakarta.annotation-api/1.3.4/jakarta.annotation-api-1.3.4.jar:/home/user/.m2/repository/org/glassfish/hk2/external/aopalliance-repackaged/2.5.0/aopalliance-repackaged-2.5.0.jar:/home/user/.m2/repository/com/fasterxml/jackson/dataformat/jackson-dataformat-xml/2.9.0/jackson-dataformat-xml-2.9.0.jar:/home/user/.m2/repository/com/fasterxml/jackson/core/jackson-core/2.9.5/jackson-core-2.9.5.jar:/home/user/.m2/repository/com/fasterxml/jackson/module/jackson-module-jaxb-annotations/2.9.5/jackson-module-jaxb-annotations-2.9.5.jar:/home/user/.m2/repository/javax/enterprise/cdi-api/1.2/cdi-api-1.2.jar:/home/user/.m2/repository/javax/el/javax.el-api/3.0.0/javax.el-api-3.0.0.jar:/home/user/.m2/repository/javax/interceptor/javax.interceptor-api/1.2/javax.interceptor-api-1.2.jar:/home/user/.m2/repository/javax/inject/javax.inject/1/javax.inject-1.jar:/home/user/.m2/repository/com/sun/xml/bind/jaxb-impl/2.3.0.1/jaxb-impl-2.3.0.1.jar:/home/user/.m2/repository/com/sun/xml/bind/jaxb-core/2.3.0.1/jaxb-core-2.3.0.1.jar:/home/user/.m2/repository/javax/xml/bind/jaxb-api/2.3.0/jaxb-api-2.3.0.jar:/home/user/.m2/repository/javax/activation/activation/1.1.1/activation-1.1.1.jar:/home/user/.m2/repository/org/apache/hadoop/hadoop-ozone-csi/0.5.0-SNAPSHOT/hadoop-ozone-csi-0.5.0-SNAPSHOT.jar:/home/user/.m2/repository/com/google/protobuf/protobuf-java-util/3.5.1/protobuf-java-util-3.5.1.jar:/home/user/.m2/repository/org/apache/hadoop/hadoop-hdds-config/0.5.0-SNAPSHOT/hadoop-hdds-config-0.5.0-SNAPSHOT.jar:/home/user/.m2/repository/io/grpc/grpc-netty/1.17.1/grpc-netty-1.17.1.jar:/home/user/.m2/repository/io/grpc/grpc-core/1.17.1/grpc-core-1.17.1.jar:/home/user/.m2/repository/io/grpc/grpc-context/1.17.1/grpc-context-1.17.1.jar:/home/user/.m2/repository/com/google/errorprone/error_prone_annotations/2.2.0/error_prone_annotations-2.2.0.jar:/home/user/.m2/repository/org/codehaus/mojo/animal-sniffer-annotations/1.17/animal-sniffer-annotations-1.17.jar:/home/user/.m2/repository/io/opencensus/opencensus-api/0.17.0/opencensus-api-0.17.0.jar:/home/user/.m2/repository/io/opencensus/opencensus-contrib-grpc-metrics/0.17.0/opencensus-contrib-grpc-metrics-0.17.0.jar:/home/user/.m2/repository/io/netty/netty-codec-http2/4.1.30.Final/netty-codec-http2-4.1.30.Final.jar:/home/user/.m2/repository/io/netty/netty-codec-http/4.1.30.Final/netty-codec-http-4.1.30.Final.jar:/home/user/.m2/repository/io/netty/netty-codec/4.1.30.Final/netty-codec-4.1.30.Final.jar:/home/user/.m2/repository/io/netty/netty-handler/4.1.30.Final/netty-handler-4.1.30.Final.jar:/home/user/.m2/repository/io/netty/netty-handler-proxy/4.1.30.Final/netty-handler-proxy-4.1.30.Final.jar:/home/user/.m2/repository/io/netty/netty-codec-socks/4.1.30.Final/netty-codec-socks-4.1.30.Final.jar:/home/user/.m2/repository/io/netty/netty-transport-native-epoll/4.1.30.Final/netty-transport-native-epoll-4.1.30.Final.jar:/home/user/.m2/repository/io/netty/netty-common/4.1.30.Final/netty-common-4.1.30.Final.jar:/home/user/.m2/repository/io/netty/netty-buffer/4.1.30.Final/netty-buffer-4.1.30.Final.jar:/home/user/.m2/repository/io/netty/netty-transport/4.1.30.Final/netty-transport-4.1.30.Final.jar:/home/user/.m2/repository/io/netty/netty-resolver/4.1.30.Final/netty-resolver-4.1.30.Final.jar:/home/user/.m2/repository/io/netty/netty-transport-native-unix-common/4.1.30.Final/netty-transport-native-unix-common-4.1.30.Final.jar:/home/user/.m2/repository/io/grpc/grpc-protobuf/1.17.1/grpc-protobuf-1.17.1.jar:/home/user/.m2/repository/com/google/api/grpc/proto-google-common-protos/1.0.0/proto-google-common-protos-1.0.0.jar:/home/user/.m2/repository/io/grpc/grpc-protobuf-lite/1.17.1/grpc-protobuf-lite-1.17.1.jar:/home/user/.m2/repository/io/grpc/grpc-stub/1.17.1/grpc-stub-1.17.1.jar:/home/user/.m2/repository/org/apache/hadoop/hadoop-ozone-recon/0.5.0-SNAPSHOT/hadoop-ozone-recon-0.5.0-SNAPSHOT.jar:/home/user/.m2/repository/org/apache/hadoop/hadoop-ozone-reconcodegen/0.5.0-SNAPSHOT/hadoop-ozone-reconcodegen-0.5.0-SNAPSHOT.jar:/home/user/.m2/repository/com/google/inject/extensions/guice-multibindings/4.0/guice-multibindings-4.0.jar:/home/user/.m2/repository/com/google/inject/guice/4.0/guice-4.0.jar:/home/user/.m2/repository/aopalliance/aopalliance/1.0/aopalliance-1.0.jar:/home/user/.m2/repository/com/google/inject/extensions/guice-servlet/4.0/guice-servlet-4.0.jar:/home/user/.m2/repository/org/glassfish/jersey/containers/jersey-container-servlet/2.27/jersey-container-servlet-2.27.jar:/home/user/.m2/repository/org/glassfish/hk2/guice-bridge/2.5.0/guice-bridge-2.5.0.jar:/home/user/.m2/repository/org/glassfish/jersey/core/jersey-server/2.27/jersey-server-2.27.jar:/home/user/.m2/repository/org/glassfish/jersey/core/jersey-client/2.27/jersey-client-2.27.jar:/home/user/.m2/repository/org/glassfish/jersey/media/jersey-media-jaxb/2.27/jersey-media-jaxb-2.27.jar:/home/user/.m2/repository/javax/validation/validation-api/1.1.0.Final/validation-api-1.1.0.Final.jar:/home/user/.m2/repository/org/glassfish/jersey/media/jersey-media-json-jackson/2.27/jersey-media-json-jackson-2.27.jar:/home/user/.m2/repository/org/glassfish/jersey/ext/jersey-entity-filtering/2.27/jersey-entity-filtering-2.27.jar:/home/user/.m2/repository/com/google/inject/extensions/guice-assistedinject/4.0/guice-assistedinject-4.0.jar:/home/user/.m2/repository/org/jooq/jooq/3.11.10/jooq-3.11.10.jar:/home/user/.m2/repository/org/jooq/jooq-meta/3.11.10/jooq-meta-3.11.10.jar:/home/user/.m2/repository/org/jooq/jooq-codegen/3.11.10/jooq-codegen-3.11.10.jar:/home/user/.m2/repository/com/jolbox/bonecp/0.8.0.RELEASE/bonecp-0.8.0.RELEASE.jar:/home/user/.m2/repository/org/xerial/sqlite-jdbc/3.25.2/sqlite-jdbc-3.25.2.jar:/home/user/.m2/repository/org/springframework/spring-jdbc/5.1.3.RELEASE/spring-jdbc-5.1.3.RELEASE.jar:/home/user/.m2/repository/org/springframework/spring-beans/5.1.3.RELEASE/spring-beans-5.1.3.RELEASE.jar:/home/user/.m2/repository/org/springframework/spring-core/5.1.3.RELEASE/spring-core-5.1.3.RELEASE.jar:/home/user/.m2/repository/org/springframework/spring-jcl/5.1.3.RELEASE/spring-jcl-5.1.3.RELEASE.jar:/home/user/.m2/repository/org/springframework/spring-tx/5.1.3.RELEASE/spring-tx-5.1.3.RELEASE.jar:/home/user/.m2/repository/org/apache/hadoop/hadoop-ozone-client/0.5.0-SNAPSHOT/hadoop-ozone-client-0.5.0-SNAPSHOT.jar:/home/user/.m2/repository/commons-lang/commons-lang/2.6/commons-lang-2.6.jar:/home/user/.m2/repository/org/apache/hadoop/hadoop-ozone-ozone-manager/0.5.0-SNAPSHOT/hadoop-ozone-ozone-manager-0.5.0-SNAPSHOT-tests.jar:/home/user/.m2/repository/junit/junit/4.11/junit-4.11.jar:/home/user/.m2/repository/org/hamcrest/hamcrest-core/1.3/hamcrest-core-1.3.jar:/home/user/.m2/repository/org/openjdk/jmh/jmh-core/1.19/jmh-core-1.19.jar:/home/user/.m2/repository/net/sf/jopt-simple/jopt-simple/4.6/jopt-simple-4.6.jar:/home/user/.m2/repository/org/apache/commons/commons-math3/3.1.1/commons-math3-3.1.1.jar:/home/user/.m2/repository/org/openjdk/jmh/jmh-generator-annprocess/1.19/jmh-generator-annprocess-1.19.jar:/home/user/.m2/repository/org/mockito/mockito-all/1.8.5/mockito-all-1.8.5.jar:/home/user/.m2/repository/org/apache/hadoop/hadoop-kms/3.2.0/hadoop-kms-3.2.0.jar:/home/user/.m2/repository/org/apache/hadoop/hadoop-auth/3.2.0/hadoop-auth-3.2.0.jar:/home/user/.m2/repository/com/nimbusds/nimbus-jose-jwt/4.41.1/nimbus-jose-jwt-4.41.1.jar:/home/user/.m2/repository/com/github/stephenc/jcip/jcip-annotations/1.0-1/jcip-annotations-1.0-1.jar:/home/user/.m2/repository/net/minidev/json-smart/2.3/json-smart-2.3.jar:/home/user/.m2/repository/net/minidev/accessors-smart/1.2/accessors-smart-1.2.jar:/home/user/.m2/repository/org/ow2/asm/asm/5.0.4/asm-5.0.4.jar:/home/user/.m2/repository/org/apache/curator/curator-framework/2.12.0/curator-framework-2.12.0.jar:/home/user/.m2/repository/com/sun/jersey/jersey-core/1.19/jersey-core-1.19.jar:/home/user/.m2/repository/javax/ws/rs/jsr311-api/1.1.1/jsr311-api-1.1.1.jar:/home/user/.m2/repository/com/sun/jersey/jersey-server/1.19/jersey-server-1.19.jar:/home/user/.m2/repository/javax/servlet/javax.servlet-api/3.1.0/javax.servlet-api-3.1.0.jar:/home/user/.m2/repository/org/eclipse/jetty/jetty-server/9.3.24.v20180605/jetty-server-9.3.24.v20180605.jar:/home/user/.m2/repository/org/eclipse/jetty/jetty-http/9.3.24.v20180605/jetty-http-9.3.24.v20180605.jar:/home/user/.m2/repository/org/eclipse/jetty/jetty-io/9.3.24.v20180605/jetty-io-9.3.24.v20180605.jar:/home/user/.m2/repository/org/eclipse/jetty/jetty-webapp/9.3.24.v20180605/jetty-webapp-9.3.24.v20180605.jar:/home/user/.m2/repository/org/eclipse/jetty/jetty-xml/9.3.24.v20180605/jetty-xml-9.3.24.v20180605.jar:/home/user/.m2/repository/log4j/log4j/1.2.17/log4j-1.2.17.jar:/home/user/.m2/repository/org/slf4j/slf4j-api/1.7.25/slf4j-api-1.7.25.jar:/home/user/.m2/repository/org/slf4j/jul-to-slf4j/1.7.25/jul-to-slf4j-1.7.25.jar:/home/user/.m2/repository/org/eclipse/jetty/jetty-util/9.3.24.v20180605/jetty-util-9.3.24.v20180605.jar:/home/user/.m2/repository/com/fasterxml/jackson/core/jackson-databind/2.9.5/jackson-databind-2.9.5.jar:/home/user/.m2/repository/org/apache/hadoop/hadoop-kms/3.2.0/hadoop-kms-3.2.0-tests.jar:/home/user/.m2/repository/org/apache/hadoop/hadoop-hdds-server-scm/0.5.0-SNAPSHOT/hadoop-hdds-server-scm-0.5.0-SNAPSHOT-tests.jar:/home/user/.m2/repository/org/apache/hadoop/hadoop-hdds-container-service/0.5.0-SNAPSHOT/hadoop-hdds-container-service-0.5.0-SNAPSHOT-tests.jar:/home/user/.m2/repository/org/yaml/snakeyaml/1.16/snakeyaml-1.16.jar:/home/user/.m2/repository/org/apache/hadoop/hadoop-common/3.2.0/hadoop-common-3.2.0-tests.jar:/home/user/.m2/repository/org/apache/hadoop/hadoop-annotations/3.2.0/hadoop-annotations-3.2.0.jar:/usr/lib/jvm/java-1.8-openjdk/jre/../lib/tools.jar:/home/user/.m2/repository/commons-cli/commons-cli/1.2/commons-cli-1.2.jar:/home/user/.m2/repository/org/apache/httpcomponents/httpclient/4.5.2/httpclient-4.5.2.jar:/home/user/.m2/repository/org/apache/httpcomponents/httpcore/4.4.4/httpcore-4.4.4.jar:/home/user/.m2/repository/commons-codec/commons-codec/1.11/commons-codec-1.11.jar:/home/user/.m2/repository/commons-net/commons-net/3.6/commons-net-3.6.jar:/home/user/.m2/repository/commons-collections/commons-collections/3.2.2/commons-collections-3.2.2.jar:/home/user/.m2/repository/org/eclipse/jetty/jetty-servlet/9.3.24.v20180605/jetty-servlet-9.3.24.v20180605.jar:/home/user/.m2/repository/org/eclipse/jetty/jetty-security/9.3.24.v20180605/jetty-security-9.3.24.v20180605.jar:/home/user/.m2/repository/javax/servlet/jsp/jsp-api/2.1/jsp-api-2.1.jar:/home/user/.m2/repository/com/sun/jersey/jersey-servlet/1.19/jersey-servlet-1.19.jar:/home/user/.m2/repository/com/sun/jersey/jersey-json/1.19/jersey-json-1.19.jar:/home/user/.m2/repository/org/codehaus/jettison/jettison/1.1/jettison-1.1.jar:/home/user/.m2/repository/org/codehaus/jackson/jackson-core-asl/1.9.13/jackson-core-asl-1.9.13.jar:/home/user/.m2/repository/org/codehaus/jackson/jackson-mapper-asl/1.9.13/jackson-mapper-asl-1.9.13.jar:/home/user/.m2/repository/org/codehaus/jackson/jackson-jaxrs/1.9.13/jackson-jaxrs-1.9.13.jar:/home/user/.m2/repository/org/codehaus/jackson/jackson-xc/1.9.13/jackson-xc-1.9.13.jar:/home/user/.m2/repository/commons-logging/commons-logging/1.1.3/commons-logging-1.1.3.jar:/home/user/.m2/repository/commons-beanutils/commons-beanutils/1.9.3/commons-beanutils-1.9.3.jar:/home/user/.m2/repository/org/apache/commons/commons-configuration2/2.1.1/commons-configuration2-2.1.1.jar:/home/user/.m2/repository/org/apache/commons/commons-lang3/3.7/commons-lang3-3.7.jar:/home/user/.m2/repository/org/apache/commons/commons-text/1.4/commons-text-1.4.jar:/home/user/.m2/repository/org/apache/avro/avro/1.7.7/avro-1.7.7.jar:/home/user/.m2/repository/com/thoughtworks/paranamer/paranamer/2.3/paranamer-2.3.jar:/home/user/.m2/repository/org/xerial/snappy/snappy-java/1.0.5/snappy-java-1.0.5.jar:/home/user/.m2/repository/com/google/re2j/re2j/1.1/re2j-1.1.jar:/home/user/.m2/repository/com/google/code/gson/gson/2.2.4/gson-2.2.4.jar:/home/user/.m2/repository/com/jcraft/jsch/0.1.54/jsch-0.1.54.jar:/home/user/.m2/repository/org/apache/curator/curator-client/2.12.0/curator-client-2.12.0.jar:/home/user/.m2/repository/org/apache/curator/curator-recipes/2.12.0/curator-recipes-2.12.0.jar:/home/user/.m2/repository/com/google/code/findbugs/jsr305/3.0.0/jsr305-3.0.0.jar:/home/user/.m2/repository/org/apache/htrace/htrace-core4/4.1.0-incubating/htrace-core4-4.1.0-incubating.jar:/home/user/.m2/repository/org/apache/zookeeper/zookeeper/3.4.13/zookeeper-3.4.13.jar:/home/user/.m2/repository/org/apache/yetus/audience-annotations/0.5.0/audience-annotations-0.5.0.jar:/home/user/.m2/repository/org/codehaus/woodstox/stax2-api/3.1.4/stax2-api-3.1.4.jar:/home/user/.m2/repository/com/fasterxml/woodstox/woodstox-core/5.0.3/woodstox-core-5.0.3.jar:/home/user/.m2/repository/dnsjava/dnsjava/2.1.7/dnsjava-2.1.7.jar:/home/user/.m2/repository/org/apache/hadoop/hadoop-hdfs/3.2.0/hadoop-hdfs-3.2.0-tests.jar:/home/user/.m2/repository/org/eclipse/jetty/jetty-util-ajax/9.3.24.v20180605/jetty-util-ajax-9.3.24.v20180605.jar:/home/user/.m2/repository/commons-daemon/commons-daemon/1.0.13/commons-daemon-1.0.13.jar:/home/user/.m2/repository/io/netty/netty/3.10.5.Final/netty-3.10.5.Final.jar:/home/user/.m2/repository/io/netty/netty-all/4.0.52.Final/netty-all-4.0.52.Final.jar:/home/user/.m2/repository/org/fusesource/leveldbjni/leveldbjni-all/1.8/leveldbjni-all-1.8.jar:"/>
    <property name="java.vm.vendor" value="IcedTea"/>
    <property name="sun.arch.data.model" value="64"/>
    <property name="test.build.dir" value="/tmp/workdir/hadoop-ozone/integration-test/target/test-dir"/>
    <property name="test.cache.data" value=""/>
    <property name="java.vendor.url" value="https://icedtea.classpath.org"/>
    <property name="user.timezone" value=""/>
    <property name="java.vm.specification.version" value="1.8"/>
    <property name="os.name" value="Linux"/>
    <property name="test.build.data" value="/tmp/workdir/hadoop-ozone/integration-test/target/test-dir"/>
    <property name="user.country" value="US"/>
    <property name="sun.java.launcher" value="SUN_STANDARD"/>
    <property name="sun.boot.library.path" value="/usr/lib/jvm/java-1.8-openjdk/jre/lib/amd64"/>
    <property name="sun.java.command" value="/tmp/workdir/hadoop-ozone/integration-test/target/surefire/surefirebooter3110746885319285819.jar /tmp/workdir/hadoop-ozone/integration-test/target/surefire 2019-09-17T11-28-32_756-jvmRun1 surefire5793576620381550957tmp surefire_348574644021934403615tmp"/>
    <property name="test" value="!TestMiniChaosOzoneCluster"/>
    <property name="surefire.test.class.path" value="/tmp/workdir/hadoop-ozone/integration-test/target/test-classes:/tmp/workdir/hadoop-ozone/integration-test/target/classes:/home/user/.m2/repository/org/apache/hadoop/hadoop-ozone-common/0.5.0-SNAPSHOT/hadoop-ozone-common-0.5.0-SNAPSHOT.jar:/home/user/.m2/repository/org/apache/commons/commons-compress/1.4.1/commons-compress-1.4.1.jar:/home/user/.m2/repository/org/tukaani/xz/1.0/xz-1.0.jar:/home/user/.m2/repository/org/apache/hadoop/hadoop-common/3.2.0/hadoop-common-3.2.0.jar:/home/user/.m2/repository/org/apache/hadoop/hadoop-hdfs/3.2.0/hadoop-hdfs-3.2.0.jar:/home/user/.m2/repository/org/apache/hadoop/hadoop-hdfs-client/3.2.0/hadoop-hdfs-client-3.2.0.jar:/home/user/.m2/repository/com/fasterxml/jackson/core/jackson-annotations/2.9.5/jackson-annotations-2.9.5.jar:/home/user/.m2/repository/org/apache/hadoop/hadoop-hdds-common/0.5.0-SNAPSHOT/hadoop-hdds-common-0.5.0-SNAPSHOT.jar:/home/user/.m2/repository/javax/annotation/javax.annotation-api/1.2/javax.annotation-api-1.2.jar:/home/user/.m2/repository/org/apache/ratis/ratis-server/0.4.0-78e95b9-SNAPSHOT/ratis-server-0.4.0-78e95b9-SNAPSHOT.jar:/home/user/.m2/repository/org/apache/ratis/ratis-thirdparty-misc/0.2.0/ratis-thirdparty-misc-0.2.0.jar:/home/user/.m2/repository/org/apache/ratis/ratis-proto/0.4.0-78e95b9-SNAPSHOT/ratis-proto-0.4.0-78e95b9-SNAPSHOT.jar:/home/user/.m2/repository/org/apache/ratis/ratis-common/0.4.0-78e95b9-SNAPSHOT/ratis-common-0.4.0-78e95b9-SNAPSHOT.jar:/home/user/.m2/repository/org/apache/ratis/ratis-client/0.4.0-78e95b9-SNAPSHOT/ratis-client-0.4.0-78e95b9-SNAPSHOT.jar:/home/user/.m2/repository/org/apache/ratis/ratis-metrics/0.4.0-78e95b9-SNAPSHOT/ratis-metrics-0.4.0-78e95b9-SNAPSHOT.jar:/home/user/.m2/repository/com/github/joshelser/dropwizard-metrics-hadoop-metrics2-reporter/0.1.2/dropwizard-metrics-hadoop-metrics2-reporter-0.1.2.jar:/home/user/.m2/repository/io/dropwizard/metrics/metrics-jvm/3.2.5/metrics-jvm-3.2.5.jar:/home/user/.m2/repository/io/dropwizard/metrics/metrics-ganglia/3.2.5/metrics-ganglia-3.2.5.jar:/home/user/.m2/repository/info/ganglia/gmetric4j/gmetric4j/1.0.7/gmetric4j-1.0.7.jar:/home/user/.m2/repository/org/apache/ratis/ratis-netty/0.4.0-78e95b9-SNAPSHOT/ratis-netty-0.4.0-78e95b9-SNAPSHOT.jar:/home/user/.m2/repository/org/apache/ratis/ratis-grpc/0.4.0-78e95b9-SNAPSHOT/ratis-grpc-0.4.0-78e95b9-SNAPSHOT.jar:/home/user/.m2/repository/org/rocksdb/rocksdbjni/6.0.1/rocksdbjni-6.0.1.jar:/home/user/.m2/repository/org/apache/logging/log4j/log4j-api/2.11.0/log4j-api-2.11.0.jar:/home/user/.m2/repository/org/apache/logging/log4j/log4j-core/2.11.0/log4j-core-2.11.0.jar:/home/user/.m2/repository/com/lmax/disruptor/3.4.2/disruptor-3.4.2.jar:/home/user/.m2/repository/org/apache/commons/commons-pool2/2.6.0/commons-pool2-2.6.0.jar:/home/user/.m2/repository/org/bouncycastle/bcpkix-jdk15on/1.60/bcpkix-jdk15on-1.60.jar:/home/user/.m2/repository/commons-validator/commons-validator/1.6/commons-validator-1.6.jar:/home/user/.m2/repository/commons-digester/commons-digester/1.8.1/commons-digester-1.8.1.jar:/home/user/.m2/repository/io/jaegertracing/jaeger-client/0.33.1/jaeger-client-0.33.1.jar:/home/user/.m2/repository/io/jaegertracing/jaeger-thrift/0.33.1/jaeger-thrift-0.33.1.jar:/home/user/.m2/repository/org/apache/thrift/libthrift/0.11.0/libthrift-0.11.0.jar:/home/user/.m2/repository/com/squareup/okhttp3/okhttp/3.9.0/okhttp-3.9.0.jar:/home/user/.m2/repository/com/squareup/okio/okio/1.13.0/okio-1.13.0.jar:/home/user/.m2/repository/io/jaegertracing/jaeger-core/0.33.1/jaeger-core-0.33.1.jar:/home/user/.m2/repository/io/jaegertracing/jaeger-tracerresolver/0.33.1/jaeger-tracerresolver-0.33.1.jar:/home/user/.m2/repository/io/opentracing/contrib/opentracing-tracerresolver/0.1.5/opentracing-tracerresolver-0.1.5.jar:/home/user/.m2/repository/io/opentracing/opentracing-util/0.31.0/opentracing-util-0.31.0.jar:/home/user/.m2/repository/io/opentracing/opentracing-api/0.31.0/opentracing-api-0.31.0.jar:/home/user/.m2/repository/io/opentracing/opentracing-noop/0.31.0/opentracing-noop-0.31.0.jar:/home/user/.m2/repository/org/apache/hadoop/hadoop-hdds-server-framework/0.5.0-SNAPSHOT/hadoop-hdds-server-framework-0.5.0-SNAPSHOT.jar:/home/user/.m2/repository/org/apache/hadoop/hadoop-hdds-container-service/0.5.0-SNAPSHOT/hadoop-hdds-container-service-0.5.0-SNAPSHOT.jar:/home/user/.m2/repository/org/apache/hadoop/hadoop-hdds-client/0.5.0-SNAPSHOT/hadoop-hdds-client-0.5.0-SNAPSHOT.jar:/home/user/.m2/repository/org/apache/hadoop/hadoop-hdds-tools/0.5.0-SNAPSHOT/hadoop-hdds-tools-0.5.0-SNAPSHOT.jar:/home/user/.m2/repository/org/apache/hadoop/hadoop-hdds-server-scm/0.5.0-SNAPSHOT/hadoop-hdds-server-scm-0.5.0-SNAPSHOT.jar:/home/user/.m2/repository/org/apache/hadoop/hadoop-hdds-docs/0.5.0-SNAPSHOT/hadoop-hdds-docs-0.5.0-SNAPSHOT.jar:/home/user/.m2/repository/io/dropwizard/metrics/metrics-core/3.2.4/metrics-core-3.2.4.jar:/home/user/.m2/repository/org/hamcrest/hamcrest-all/1.3/hamcrest-all-1.3.jar:/home/user/.m2/repository/org/bouncycastle/bcprov-jdk15on/1.60/bcprov-jdk15on-1.60.jar:/home/user/.m2/repository/info/picocli/picocli/3.9.6/picocli-3.9.6.jar:/home/user/.m2/repository/com/google/protobuf/protobuf-java/2.5.0/protobuf-java-2.5.0.jar:/home/user/.m2/repository/com/google/guava/guava/11.0.2/guava-11.0.2.jar:/home/user/.m2/repository/org/apache/hadoop/hadoop-ozone-ozone-manager/0.5.0-SNAPSHOT/hadoop-ozone-ozone-manager-0.5.0-SNAPSHOT.jar:/home/user/.m2/repository/org/apache/hadoop/hadoop-minikdc/3.2.0/hadoop-minikdc-3.2.0.jar:/home/user/.m2/repository/commons-io/commons-io/2.5/commons-io-2.5.jar:/home/user/.m2/repository/org/apache/kerby/kerb-simplekdc/1.0.1/kerb-simplekdc-1.0.1.jar:/home/user/.m2/repository/org/apache/kerby/kerb-client/1.0.1/kerb-client-1.0.1.jar:/home/user/.m2/repository/org/apache/kerby/kerby-config/1.0.1/kerby-config-1.0.1.jar:/home/user/.m2/repository/org/apache/kerby/kerb-core/1.0.1/kerb-core-1.0.1.jar:/home/user/.m2/repository/org/apache/kerby/kerby-pkix/1.0.1/kerby-pkix-1.0.1.jar:/home/user/.m2/repository/org/apache/kerby/kerby-asn1/1.0.1/kerby-asn1-1.0.1.jar:/home/user/.m2/repository/org/apache/kerby/kerby-util/1.0.1/kerby-util-1.0.1.jar:/home/user/.m2/repository/org/apache/kerby/kerb-common/1.0.1/kerb-common-1.0.1.jar:/home/user/.m2/repository/org/apache/kerby/kerb-crypto/1.0.1/kerb-crypto-1.0.1.jar:/home/user/.m2/repository/org/apache/kerby/kerb-util/1.0.1/kerb-util-1.0.1.jar:/home/user/.m2/repository/org/apache/kerby/token-provider/1.0.1/token-provider-1.0.1.jar:/home/user/.m2/repository/org/apache/kerby/kerb-admin/1.0.1/kerb-admin-1.0.1.jar:/home/user/.m2/repository/org/apache/kerby/kerb-server/1.0.1/kerb-server-1.0.1.jar:/home/user/.m2/repository/org/apache/kerby/kerb-identity/1.0.1/kerb-identity-1.0.1.jar:/home/user/.m2/repository/org/apache/kerby/kerby-xdr/1.0.1/kerby-xdr-1.0.1.jar:/home/user/.m2/repository/org/slf4j/slf4j-log4j12/1.7.25/slf4j-log4j12-1.7.25.jar:/home/user/.m2/repository/org/apache/hadoop/hadoop-ozone-s3gateway/0.5.0-SNAPSHOT/hadoop-ozone-s3gateway-0.5.0-SNAPSHOT.jar:/home/user/.m2/repository/org/jboss/weld/servlet/weld-servlet/2.4.7.Final/weld-servlet-2.4.7.Final.jar:/home/user/.m2/repository/org/glassfish/jersey/containers/jersey-container-servlet-core/2.27/jersey-container-servlet-core-2.27.jar:/home/user/.m2/repository/org/glassfish/hk2/external/javax.inject/2.5.0-b42/javax.inject-2.5.0-b42.jar:/home/user/.m2/repository/org/glassfish/jersey/core/jersey-common/2.27/jersey-common-2.27.jar:/home/user/.m2/repository/org/glassfish/hk2/osgi-resource-locator/1.0.1/osgi-resource-locator-1.0.1.jar:/home/user/.m2/repository/javax/ws/rs/javax.ws.rs-api/2.1/javax.ws.rs-api-2.1.jar:/home/user/.m2/repository/org/glassfish/jersey/ext/cdi/jersey-cdi1x/2.27/jersey-cdi1x-2.27.jar:/home/user/.m2/repository/org/glassfish/jersey/inject/jersey-hk2/2.27/jersey-hk2-2.27.jar:/home/user/.m2/repository/org/glassfish/hk2/hk2-locator/2.5.0-b42/hk2-locator-2.5.0-b42.jar:/home/user/.m2/repository/org/javassist/javassist/3.22.0-CR2/javassist-3.22.0-CR2.jar:/home/user/.m2/repository/org/glassfish/hk2/hk2-api/2.5.0/hk2-api-2.5.0.jar:/home/user/.m2/repository/org/glassfish/hk2/external/jakarta.inject/2.5.0/jakarta.inject-2.5.0.jar:/home/user/.m2/repository/org/glassfish/hk2/hk2-utils/2.5.0/hk2-utils-2.5.0.jar:/home/user/.m2/repository/jakarta/annotation/jakarta.annotation-api/1.3.4/jakarta.annotation-api-1.3.4.jar:/home/user/.m2/repository/org/glassfish/hk2/external/aopalliance-repackaged/2.5.0/aopalliance-repackaged-2.5.0.jar:/home/user/.m2/repository/com/fasterxml/jackson/dataformat/jackson-dataformat-xml/2.9.0/jackson-dataformat-xml-2.9.0.jar:/home/user/.m2/repository/com/fasterxml/jackson/core/jackson-core/2.9.5/jackson-core-2.9.5.jar:/home/user/.m2/repository/com/fasterxml/jackson/module/jackson-module-jaxb-annotations/2.9.5/jackson-module-jaxb-annotations-2.9.5.jar:/home/user/.m2/repository/javax/enterprise/cdi-api/1.2/cdi-api-1.2.jar:/home/user/.m2/repository/javax/el/javax.el-api/3.0.0/javax.el-api-3.0.0.jar:/home/user/.m2/repository/javax/interceptor/javax.interceptor-api/1.2/javax.interceptor-api-1.2.jar:/home/user/.m2/repository/javax/inject/javax.inject/1/javax.inject-1.jar:/home/user/.m2/repository/com/sun/xml/bind/jaxb-impl/2.3.0.1/jaxb-impl-2.3.0.1.jar:/home/user/.m2/repository/com/sun/xml/bind/jaxb-core/2.3.0.1/jaxb-core-2.3.0.1.jar:/home/user/.m2/repository/javax/xml/bind/jaxb-api/2.3.0/jaxb-api-2.3.0.jar:/home/user/.m2/repository/javax/activation/activation/1.1.1/activation-1.1.1.jar:/home/user/.m2/repository/org/apache/hadoop/hadoop-ozone-csi/0.5.0-SNAPSHOT/hadoop-ozone-csi-0.5.0-SNAPSHOT.jar:/home/user/.m2/repository/com/google/protobuf/protobuf-java-util/3.5.1/protobuf-java-util-3.5.1.jar:/home/user/.m2/repository/org/apache/hadoop/hadoop-hdds-config/0.5.0-SNAPSHOT/hadoop-hdds-config-0.5.0-SNAPSHOT.jar:/home/user/.m2/repository/io/grpc/grpc-netty/1.17.1/grpc-netty-1.17.1.jar:/home/user/.m2/repository/io/grpc/grpc-core/1.17.1/grpc-core-1.17.1.jar:/home/user/.m2/repository/io/grpc/grpc-context/1.17.1/grpc-context-1.17.1.jar:/home/user/.m2/repository/com/google/errorprone/error_prone_annotations/2.2.0/error_prone_annotations-2.2.0.jar:/home/user/.m2/repository/org/codehaus/mojo/animal-sniffer-annotations/1.17/animal-sniffer-annotations-1.17.jar:/home/user/.m2/repository/io/opencensus/opencensus-api/0.17.0/opencensus-api-0.17.0.jar:/home/user/.m2/repository/io/opencensus/opencensus-contrib-grpc-metrics/0.17.0/opencensus-contrib-grpc-metrics-0.17.0.jar:/home/user/.m2/repository/io/netty/netty-codec-http2/4.1.30.Final/netty-codec-http2-4.1.30.Final.jar:/home/user/.m2/repository/io/netty/netty-codec-http/4.1.30.Final/netty-codec-http-4.1.30.Final.jar:/home/user/.m2/repository/io/netty/netty-codec/4.1.30.Final/netty-codec-4.1.30.Final.jar:/home/user/.m2/repository/io/netty/netty-handler/4.1.30.Final/netty-handler-4.1.30.Final.jar:/home/user/.m2/repository/io/netty/netty-handler-proxy/4.1.30.Final/netty-handler-proxy-4.1.30.Final.jar:/home/user/.m2/repository/io/netty/netty-codec-socks/4.1.30.Final/netty-codec-socks-4.1.30.Final.jar:/home/user/.m2/repository/io/netty/netty-transport-native-epoll/4.1.30.Final/netty-transport-native-epoll-4.1.30.Final.jar:/home/user/.m2/repository/io/netty/netty-common/4.1.30.Final/netty-common-4.1.30.Final.jar:/home/user/.m2/repository/io/netty/netty-buffer/4.1.30.Final/netty-buffer-4.1.30.Final.jar:/home/user/.m2/repository/io/netty/netty-transport/4.1.30.Final/netty-transport-4.1.30.Final.jar:/home/user/.m2/repository/io/netty/netty-resolver/4.1.30.Final/netty-resolver-4.1.30.Final.jar:/home/user/.m2/repository/io/netty/netty-transport-native-unix-common/4.1.30.Final/netty-transport-native-unix-common-4.1.30.Final.jar:/home/user/.m2/repository/io/grpc/grpc-protobuf/1.17.1/grpc-protobuf-1.17.1.jar:/home/user/.m2/repository/com/google/api/grpc/proto-google-common-protos/1.0.0/proto-google-common-protos-1.0.0.jar:/home/user/.m2/repository/io/grpc/grpc-protobuf-lite/1.17.1/grpc-protobuf-lite-1.17.1.jar:/home/user/.m2/repository/io/grpc/grpc-stub/1.17.1/grpc-stub-1.17.1.jar:/home/user/.m2/repository/org/apache/hadoop/hadoop-ozone-recon/0.5.0-SNAPSHOT/hadoop-ozone-recon-0.5.0-SNAPSHOT.jar:/home/user/.m2/repository/org/apache/hadoop/hadoop-ozone-reconcodegen/0.5.0-SNAPSHOT/hadoop-ozone-reconcodegen-0.5.0-SNAPSHOT.jar:/home/user/.m2/repository/com/google/inject/extensions/guice-multibindings/4.0/guice-multibindings-4.0.jar:/home/user/.m2/repository/com/google/inject/guice/4.0/guice-4.0.jar:/home/user/.m2/repository/aopalliance/aopalliance/1.0/aopalliance-1.0.jar:/home/user/.m2/repository/com/google/inject/extensions/guice-servlet/4.0/guice-servlet-4.0.jar:/home/user/.m2/repository/org/glassfish/jersey/containers/jersey-container-servlet/2.27/jersey-container-servlet-2.27.jar:/home/user/.m2/repository/org/glassfish/hk2/guice-bridge/2.5.0/guice-bridge-2.5.0.jar:/home/user/.m2/repository/org/glassfish/jersey/core/jersey-server/2.27/jersey-server-2.27.jar:/home/user/.m2/repository/org/glassfish/jersey/core/jersey-client/2.27/jersey-client-2.27.jar:/home/user/.m2/repository/org/glassfish/jersey/media/jersey-media-jaxb/2.27/jersey-media-jaxb-2.27.jar:/home/user/.m2/repository/javax/validation/validation-api/1.1.0.Final/validation-api-1.1.0.Final.jar:/home/user/.m2/repository/org/glassfish/jersey/media/jersey-media-json-jackson/2.27/jersey-media-json-jackson-2.27.jar:/home/user/.m2/repository/org/glassfish/jersey/ext/jersey-entity-filtering/2.27/jersey-entity-filtering-2.27.jar:/home/user/.m2/repository/com/google/inject/extensions/guice-assistedinject/4.0/guice-assistedinject-4.0.jar:/home/user/.m2/repository/org/jooq/jooq/3.11.10/jooq-3.11.10.jar:/home/user/.m2/repository/org/jooq/jooq-meta/3.11.10/jooq-meta-3.11.10.jar:/home/user/.m2/repository/org/jooq/jooq-codegen/3.11.10/jooq-codegen-3.11.10.jar:/home/user/.m2/repository/com/jolbox/bonecp/0.8.0.RELEASE/bonecp-0.8.0.RELEASE.jar:/home/user/.m2/repository/org/xerial/sqlite-jdbc/3.25.2/sqlite-jdbc-3.25.2.jar:/home/user/.m2/repository/org/springframework/spring-jdbc/5.1.3.RELEASE/spring-jdbc-5.1.3.RELEASE.jar:/home/user/.m2/repository/org/springframework/spring-beans/5.1.3.RELEASE/spring-beans-5.1.3.RELEASE.jar:/home/user/.m2/repository/org/springframework/spring-core/5.1.3.RELEASE/spring-core-5.1.3.RELEASE.jar:/home/user/.m2/repository/org/springframework/spring-jcl/5.1.3.RELEASE/spring-jcl-5.1.3.RELEASE.jar:/home/user/.m2/repository/org/springframework/spring-tx/5.1.3.RELEASE/spring-tx-5.1.3.RELEASE.jar:/home/user/.m2/repository/org/apache/hadoop/hadoop-ozone-client/0.5.0-SNAPSHOT/hadoop-ozone-client-0.5.0-SNAPSHOT.jar:/home/user/.m2/repository/commons-lang/commons-lang/2.6/commons-lang-2.6.jar:/home/user/.m2/repository/org/apache/hadoop/hadoop-ozone-ozone-manager/0.5.0-SNAPSHOT/hadoop-ozone-ozone-manager-0.5.0-SNAPSHOT-tests.jar:/home/user/.m2/repository/junit/junit/4.11/junit-4.11.jar:/home/user/.m2/repository/org/hamcrest/hamcrest-core/1.3/hamcrest-core-1.3.jar:/home/user/.m2/repository/org/openjdk/jmh/jmh-core/1.19/jmh-core-1.19.jar:/home/user/.m2/repository/net/sf/jopt-simple/jopt-simple/4.6/jopt-simple-4.6.jar:/home/user/.m2/repository/org/apache/commons/commons-math3/3.1.1/commons-math3-3.1.1.jar:/home/user/.m2/repository/org/openjdk/jmh/jmh-generator-annprocess/1.19/jmh-generator-annprocess-1.19.jar:/home/user/.m2/repository/org/mockito/mockito-all/1.8.5/mockito-all-1.8.5.jar:/home/user/.m2/repository/org/apache/hadoop/hadoop-kms/3.2.0/hadoop-kms-3.2.0.jar:/home/user/.m2/repository/org/apache/hadoop/hadoop-auth/3.2.0/hadoop-auth-3.2.0.jar:/home/user/.m2/repository/com/nimbusds/nimbus-jose-jwt/4.41.1/nimbus-jose-jwt-4.41.1.jar:/home/user/.m2/repository/com/github/stephenc/jcip/jcip-annotations/1.0-1/jcip-annotations-1.0-1.jar:/home/user/.m2/repository/net/minidev/json-smart/2.3/json-smart-2.3.jar:/home/user/.m2/repository/net/minidev/accessors-smart/1.2/accessors-smart-1.2.jar:/home/user/.m2/repository/org/ow2/asm/asm/5.0.4/asm-5.0.4.jar:/home/user/.m2/repository/org/apache/curator/curator-framework/2.12.0/curator-framework-2.12.0.jar:/home/user/.m2/repository/com/sun/jersey/jersey-core/1.19/jersey-core-1.19.jar:/home/user/.m2/repository/javax/ws/rs/jsr311-api/1.1.1/jsr311-api-1.1.1.jar:/home/user/.m2/repository/com/sun/jersey/jersey-server/1.19/jersey-server-1.19.jar:/home/user/.m2/repository/javax/servlet/javax.servlet-api/3.1.0/javax.servlet-api-3.1.0.jar:/home/user/.m2/repository/org/eclipse/jetty/jetty-server/9.3.24.v20180605/jetty-server-9.3.24.v20180605.jar:/home/user/.m2/repository/org/eclipse/jetty/jetty-http/9.3.24.v20180605/jetty-http-9.3.24.v20180605.jar:/home/user/.m2/repository/org/eclipse/jetty/jetty-io/9.3.24.v20180605/jetty-io-9.3.24.v20180605.jar:/home/user/.m2/repository/org/eclipse/jetty/jetty-webapp/9.3.24.v20180605/jetty-webapp-9.3.24.v20180605.jar:/home/user/.m2/repository/org/eclipse/jetty/jetty-xml/9.3.24.v20180605/jetty-xml-9.3.24.v20180605.jar:/home/user/.m2/repository/log4j/log4j/1.2.17/log4j-1.2.17.jar:/home/user/.m2/repository/org/slf4j/slf4j-api/1.7.25/slf4j-api-1.7.25.jar:/home/user/.m2/repository/org/slf4j/jul-to-slf4j/1.7.25/jul-to-slf4j-1.7.25.jar:/home/user/.m2/repository/org/eclipse/jetty/jetty-util/9.3.24.v20180605/jetty-util-9.3.24.v20180605.jar:/home/user/.m2/repository/com/fasterxml/jackson/core/jackson-databind/2.9.5/jackson-databind-2.9.5.jar:/home/user/.m2/repository/org/apache/hadoop/hadoop-kms/3.2.0/hadoop-kms-3.2.0-tests.jar:/home/user/.m2/repository/org/apache/hadoop/hadoop-hdds-server-scm/0.5.0-SNAPSHOT/hadoop-hdds-server-scm-0.5.0-SNAPSHOT-tests.jar:/home/user/.m2/repository/org/apache/hadoop/hadoop-hdds-container-service/0.5.0-SNAPSHOT/hadoop-hdds-container-service-0.5.0-SNAPSHOT-tests.jar:/home/user/.m2/repository/org/yaml/snakeyaml/1.16/snakeyaml-1.16.jar:/home/user/.m2/repository/org/apache/hadoop/hadoop-common/3.2.0/hadoop-common-3.2.0-tests.jar:/home/user/.m2/repository/org/apache/hadoop/hadoop-annotations/3.2.0/hadoop-annotations-3.2.0.jar:/usr/lib/jvm/java-1.8-openjdk/jre/../lib/tools.jar:/home/user/.m2/repository/commons-cli/commons-cli/1.2/commons-cli-1.2.jar:/home/user/.m2/repository/org/apache/httpcomponents/httpclient/4.5.2/httpclient-4.5.2.jar:/home/user/.m2/repository/org/apache/httpcomponents/httpcore/4.4.4/httpcore-4.4.4.jar:/home/user/.m2/repository/commons-codec/commons-codec/1.11/commons-codec-1.11.jar:/home/user/.m2/repository/commons-net/commons-net/3.6/commons-net-3.6.jar:/home/user/.m2/repository/commons-collections/commons-collections/3.2.2/commons-collections-3.2.2.jar:/home/user/.m2/repository/org/eclipse/jetty/jetty-servlet/9.3.24.v20180605/jetty-servlet-9.3.24.v20180605.jar:/home/user/.m2/repository/org/eclipse/jetty/jetty-security/9.3.24.v20180605/jetty-security-9.3.24.v20180605.jar:/home/user/.m2/repository/javax/servlet/jsp/jsp-api/2.1/jsp-api-2.1.jar:/home/user/.m2/repository/com/sun/jersey/jersey-servlet/1.19/jersey-servlet-1.19.jar:/home/user/.m2/repository/com/sun/jersey/jersey-json/1.19/jersey-json-1.19.jar:/home/user/.m2/repository/org/codehaus/jettison/jettison/1.1/jettison-1.1.jar:/home/user/.m2/repository/org/codehaus/jackson/jackson-core-asl/1.9.13/jackson-core-asl-1.9.13.jar:/home/user/.m2/repository/org/codehaus/jackson/jackson-mapper-asl/1.9.13/jackson-mapper-asl-1.9.13.jar:/home/user/.m2/repository/org/codehaus/jackson/jackson-jaxrs/1.9.13/jackson-jaxrs-1.9.13.jar:/home/user/.m2/repository/org/codehaus/jackson/jackson-xc/1.9.13/jackson-xc-1.9.13.jar:/home/user/.m2/repository/commons-logging/commons-logging/1.1.3/commons-logging-1.1.3.jar:/home/user/.m2/repository/commons-beanutils/commons-beanutils/1.9.3/commons-beanutils-1.9.3.jar:/home/user/.m2/repository/org/apache/commons/commons-configuration2/2.1.1/commons-configuration2-2.1.1.jar:/home/user/.m2/repository/org/apache/commons/commons-lang3/3.7/commons-lang3-3.7.jar:/home/user/.m2/repository/org/apache/commons/commons-text/1.4/commons-text-1.4.jar:/home/user/.m2/repository/org/apache/avro/avro/1.7.7/avro-1.7.7.jar:/home/user/.m2/repository/com/thoughtworks/paranamer/paranamer/2.3/paranamer-2.3.jar:/home/user/.m2/repository/org/xerial/snappy/snappy-java/1.0.5/snappy-java-1.0.5.jar:/home/user/.m2/repository/com/google/re2j/re2j/1.1/re2j-1.1.jar:/home/user/.m2/repository/com/google/code/gson/gson/2.2.4/gson-2.2.4.jar:/home/user/.m2/repository/com/jcraft/jsch/0.1.54/jsch-0.1.54.jar:/home/user/.m2/repository/org/apache/curator/curator-client/2.12.0/curator-client-2.12.0.jar:/home/user/.m2/repository/org/apache/curator/curator-recipes/2.12.0/curator-recipes-2.12.0.jar:/home/user/.m2/repository/com/google/code/findbugs/jsr305/3.0.0/jsr305-3.0.0.jar:/home/user/.m2/repository/org/apache/htrace/htrace-core4/4.1.0-incubating/htrace-core4-4.1.0-incubating.jar:/home/user/.m2/repository/org/apache/zookeeper/zookeeper/3.4.13/zookeeper-3.4.13.jar:/home/user/.m2/repository/org/apache/yetus/audience-annotations/0.5.0/audience-annotations-0.5.0.jar:/home/user/.m2/repository/org/codehaus/woodstox/stax2-api/3.1.4/stax2-api-3.1.4.jar:/home/user/.m2/repository/com/fasterxml/woodstox/woodstox-core/5.0.3/woodstox-core-5.0.3.jar:/home/user/.m2/repository/dnsjava/dnsjava/2.1.7/dnsjava-2.1.7.jar:/home/user/.m2/repository/org/apache/hadoop/hadoop-hdfs/3.2.0/hadoop-hdfs-3.2.0-tests.jar:/home/user/.m2/repository/org/eclipse/jetty/jetty-util-ajax/9.3.24.v20180605/jetty-util-ajax-9.3.24.v20180605.jar:/home/user/.m2/repository/commons-daemon/commons-daemon/1.0.13/commons-daemon-1.0.13.jar:/home/user/.m2/repository/io/netty/netty/3.10.5.Final/netty-3.10.5.Final.jar:/home/user/.m2/repository/io/netty/netty-all/4.0.52.Final/netty-all-4.0.52.Final.jar:/home/user/.m2/repository/org/fusesource/leveldbjni/leveldbjni-all/1.8/leveldbjni-all-1.8.jar:"/>
    <property name="sun.cpu.endian" value="little"/>
    <property name="user.home" value="/home/user"/>
    <property name="user.language" value="en"/>
    <property name="java.specification.vendor" value="Oracle Corporation"/>
    <property name="java.home" value="/usr/lib/jvm/java-1.8-openjdk/jre"/>
    <property name="java.security.krb5.conf" value="/tmp/workdir/hadoop-ozone/integration-test/target/test-classes/krb5.conf"/>
    <property name="basedir" value="/tmp/workdir/hadoop-ozone/integration-test"/>
    <property name="file.separator" value="/"/>
    <property name="line.separator" value="&#10;"/>
    <property name="java.vm.specification.vendor" value="Oracle Corporation"/>
    <property name="java.specification.name" value="Java Platform API Specification"/>
    <property name="java.awt.graphicsenv" value="sun.awt.X11GraphicsEnvironment"/>
    <property name="surefire.real.class.path" value="/tmp/workdir/hadoop-ozone/integration-test/target/surefire/surefirebooter3110746885319285819.jar"/>
    <property name="hadoop.log.dir" value="/tmp/workdir/hadoop-ozone/integration-test/target/log"/>
    <property name="sun.boot.class.path" value="/usr/lib/jvm/java-1.8-openjdk/jre/lib/resources.jar:/usr/lib/jvm/java-1.8-openjdk/jre/lib/rt.jar:/usr/lib/jvm/java-1.8-openjdk/jre/lib/sunrsasign.jar:/usr/lib/jvm/java-1.8-openjdk/jre/lib/jsse.jar:/usr/lib/jvm/java-1.8-openjdk/jre/lib/jce.jar:/usr/lib/jvm/java-1.8-openjdk/jre/lib/charsets.jar:/usr/lib/jvm/java-1.8-openjdk/jre/lib/jfr.jar:/usr/lib/jvm/java-1.8-openjdk/jre/classes"/>
    <property name="sun.management.compiler" value="HotSpot 64-Bit Tiered Compilers"/>
    <property name="java.runtime.version" value="1.8.0_212-b04"/>
    <property name="java.net.preferIPv4Stack" value="true"/>
    <property name="user.name" value="jenkins1000"/>
    <property name="path.separator" value=":"/>
    <property name="java.security.egd" value="file:///dev/urandom"/>
    <property name="os.version" value="3.10.0-957.12.2.el7.x86_64"/>
    <property name="java.endorsed.dirs" value="/usr/lib/jvm/java-1.8-openjdk/jre/lib/endorsed"/>
    <property name="java.runtime.name" value="OpenJDK Runtime Environment"/>
    <property name="file.encoding" value="UTF-8"/>
    <property name="java.vm.name" value="OpenJDK 64-Bit Server VM"/>
    <property name="test.build.webapps" value=""/>
    <property name="localRepository" value="/home/user/.m2/repository"/>
    <property name="java.vendor.url.bug" value="https://icedtea.classpath.org/bugzilla"/>
    <property name="java.io.tmpdir" value="/tmp"/>
    <property name="require.test.libhadoop" value=""/>
    <property name="java.version" value="1.8.0_212"/>
    <property name="user.dir" value="/tmp/workdir/hadoop-ozone/integration-test"/>
    <property name="os.arch" value="amd64"/>
    <property name="java.vm.specification.name" value="Java Virtual Machine Specification"/>
    <property name="test.build.classes" value="/tmp/workdir/hadoop-ozone/integration-test/target/test-classes"/>
    <property name="java.awt.printerjob" value="sun.print.PSPrinterJob"/>
    <property name="sun.os.patch.level" value="unknown"/>
    <property name="hadoop.tmp.dir" value="/tmp/workdir/hadoop-ozone/integration-test/target/tmp"/>
    <property name="java.library.path" value="/usr/lib/jvm/java-1.8-openjdk/jre/lib/amd64/server:/usr/lib/jvm/java-1.8-openjdk/jre/lib/amd64:/usr/lib/jvm/java-1.8-openjdk/jre/../lib/amd64:/tmp/workdir/hadoop-ozone/integration-test/target/native/target/usr/local/lib:/tmp/workdir/hadoop-ozone/integration-test/../../hadoop-common-project/hadoop-common/target/native/target/usr/local/lib:/usr/java/packages/lib/amd64:/usr/lib64:/lib64:/lib:/usr/lib"/>
    <property name="java.vm.info" value="mixed mode"/>
    <property name="java.vendor" value="IcedTea"/>
    <property name="java.vm.version" value="25.212-b04"/>
    <property name="java.ext.dirs" value="/usr/lib/jvm/java-1.8-openjdk/jre/lib/ext:/usr/java/packages/lib/ext"/>
    <property name="sun.io.unicode.encoding" value="UnicodeLittle"/>
    <property name="java.class.version" value="52.0"/>
  </properties>
  <testcase name="testFlushChunk" classname="org.apache.hadoop.ozone.client.rpc.TestBlockOutputStream" time="5.756"/>
  <testcase name="testMultiChunkWrite2" classname="org.apache.hadoop.ozone.client.rpc.TestBlockOutputStream" time="187.814">
    <failure message="expected:&lt;5&gt; but was:&lt;8&gt;" type="java.lang.AssertionError"><![CDATA[java.lang.AssertionError: expected:<5> but was:<8>
	at org.junit.Assert.fail(Assert.java:88)
	at org.junit.Assert.failNotEquals(Assert.java:743)
	at org.junit.Assert.assertEquals(Assert.java:118)
	at org.junit.Assert.assertEquals(Assert.java:555)
	at org.junit.Assert.assertEquals(Assert.java:542)
	at org.apache.hadoop.ozone.client.rpc.TestBlockOutputStream.testMultiChunkWrite2(TestBlockOutputStream.java:466)
	at sun.reflect.NativeMethodAccessorImpl.invoke0(Native Method)
	at sun.reflect.NativeMethodAccessorImpl.invoke(NativeMethodAccessorImpl.java:62)
	at sun.reflect.DelegatingMethodAccessorImpl.invoke(DelegatingMethodAccessorImpl.java:43)
	at java.lang.reflect.Method.invoke(Method.java:498)
	at org.junit.runners.model.FrameworkMethod$1.runReflectiveCall(FrameworkMethod.java:47)
	at org.junit.internal.runners.model.ReflectiveCallable.run(ReflectiveCallable.java:12)
	at org.junit.runners.model.FrameworkMethod.invokeExplosively(FrameworkMethod.java:44)
	at org.junit.internal.runners.statements.InvokeMethod.evaluate(InvokeMethod.java:17)
	at org.junit.runners.ParentRunner.runLeaf(ParentRunner.java:271)
	at org.junit.runners.BlockJUnit4ClassRunner.runChild(BlockJUnit4ClassRunner.java:70)
	at org.junit.runners.BlockJUnit4ClassRunner.runChild(BlockJUnit4ClassRunner.java:50)
	at org.junit.runners.ParentRunner$3.run(ParentRunner.java:238)
	at org.junit.runners.ParentRunner$1.schedule(ParentRunner.java:63)
	at org.junit.runners.ParentRunner.runChildren(ParentRunner.java:236)
	at org.junit.runners.ParentRunner.access$000(ParentRunner.java:53)
	at org.junit.runners.ParentRunner$2.evaluate(ParentRunner.java:229)
	at org.junit.internal.runners.statements.RunBefores.evaluate(RunBefores.java:26)
	at org.junit.internal.runners.statements.RunAfters.evaluate(RunAfters.java:27)
	at org.junit.runners.ParentRunner.run(ParentRunner.java:309)
	at org.apache.maven.surefire.junit4.JUnit4Provider.execute(JUnit4Provider.java:365)
	at org.apache.maven.surefire.junit4.JUnit4Provider.executeWithRerun(JUnit4Provider.java:273)
	at org.apache.maven.surefire.junit4.JUnit4Provider.executeTestSet(JUnit4Provider.java:238)
	at org.apache.maven.surefire.junit4.JUnit4Provider.invoke(JUnit4Provider.java:159)
	at org.apache.maven.surefire.booter.ForkedBooter.invokeProviderInSameClassLoader(ForkedBooter.java:384)
	at org.apache.maven.surefire.booter.ForkedBooter.runSuitesInProcess(ForkedBooter.java:345)
	at org.apache.maven.surefire.booter.ForkedBooter.execute(ForkedBooter.java:126)
	at org.apache.maven.surefire.booter.ForkedBooter.main(ForkedBooter.java:418)
]]></failure>
    <system-out><![CDATA[2019-09-17 12:28:01,064 [java.util.concurrent.ThreadPoolExecutor$Worker@46212d45[State = -1, empty queue]] WARN  server.GrpcLogAppender (GrpcLogAppender.java:timeoutAppendRequest(200)) - 9a3c5405-1b71-41e7-a1e6-d9c2b7bf9721@group-28FA94F01C3C->4005f9e4-9000-4048-961f-9439e52a6da7-GrpcLogAppender: appendEntries Timeout, request=9a3c5405-1b71-41e7-a1e6-d9c2b7bf9721->4005f9e4-9000-4048-961f-9439e52a6da7#8-t1, previous=(t:1, i:6), leaderCommit=6, initializing? false, entries: size=1, first=(t:1, i:7), STATEMACHINELOGENTRY, client-D1FE97365EAD, cid=16
2019-09-17 12:28:01,064 [java.util.concurrent.ThreadPoolExecutor$Worker@5e86a67c[State = -1, empty queue]] WARN  server.GrpcLogAppender (GrpcLogAppender.java:timeoutAppendRequest(200)) - 9a3c5405-1b71-41e7-a1e6-d9c2b7bf9721@group-28FA94F01C3C->597a450e-db00-46ca-b8ea-d9e1f9500f66-GrpcLogAppender: appendEntries Timeout, request=9a3c5405-1b71-41e7-a1e6-d9c2b7bf9721->597a450e-db00-46ca-b8ea-d9e1f9500f66#8-t1, previous=(t:1, i:6), leaderCommit=6, initializing? false, entries: size=1, first=(t:1, i:7), STATEMACHINELOGENTRY, client-D1FE97365EAD, cid=16
2019-09-17 12:28:01,068 [java.util.concurrent.ThreadPoolExecutor$Worker@46212d45[State = -1, empty queue]] WARN  server.GrpcLogAppender (GrpcLogAppender.java:timeoutAppendRequest(200)) - 9a3c5405-1b71-41e7-a1e6-d9c2b7bf9721@group-28FA94F01C3C->4005f9e4-9000-4048-961f-9439e52a6da7-GrpcLogAppender: appendEntries Timeout, request=9a3c5405-1b71-41e7-a1e6-d9c2b7bf9721->4005f9e4-9000-4048-961f-9439e52a6da7#9-t1, previous=(t:1, i:7), leaderCommit=6, initializing? false, entries: size=1, first=(t:1, i:8), STATEMACHINELOGENTRY, client-D1FE97365EAD, cid=17
2019-09-17 12:28:01,071 [java.util.concurrent.ThreadPoolExecutor$Worker@5e86a67c[State = -1, empty queue]] WARN  server.GrpcLogAppender (GrpcLogAppender.java:timeoutAppendRequest(200)) - 9a3c5405-1b71-41e7-a1e6-d9c2b7bf9721@group-28FA94F01C3C->597a450e-db00-46ca-b8ea-d9e1f9500f66-GrpcLogAppender: appendEntries Timeout, request=9a3c5405-1b71-41e7-a1e6-d9c2b7bf9721->597a450e-db00-46ca-b8ea-d9e1f9500f66#9-t1, previous=(t:1, i:7), leaderCommit=6, initializing? false, entries: size=1, first=(t:1, i:8), STATEMACHINELOGENTRY, client-D1FE97365EAD, cid=17
2019-09-17 12:28:01,073 [java.util.concurrent.ThreadPoolExecutor$Worker@46212d45[State = -1, empty queue]] WARN  server.GrpcLogAppender (GrpcLogAppender.java:timeoutAppendRequest(200)) - 9a3c5405-1b71-41e7-a1e6-d9c2b7bf9721@group-28FA94F01C3C->4005f9e4-9000-4048-961f-9439e52a6da7-GrpcLogAppender: appendEntries Timeout, request=9a3c5405-1b71-41e7-a1e6-d9c2b7bf9721->4005f9e4-9000-4048-961f-9439e52a6da7#10-t1, previous=(t:1, i:8), leaderCommit=6, initializing? false, entries: size=1, first=(t:1, i:9), STATEMACHINELOGENTRY, client-D1FE97365EAD, cid=18
2019-09-17 12:28:01,075 [java.util.concurrent.ThreadPoolExecutor$Worker@5e86a67c[State = -1, empty queue]] WARN  server.GrpcLogAppender (GrpcLogAppender.java:timeoutAppendRequest(200)) - 9a3c5405-1b71-41e7-a1e6-d9c2b7bf9721@group-28FA94F01C3C->597a450e-db00-46ca-b8ea-d9e1f9500f66-GrpcLogAppender: appendEntries Timeout, request=9a3c5405-1b71-41e7-a1e6-d9c2b7bf9721->597a450e-db00-46ca-b8ea-d9e1f9500f66#10-t1, previous=(t:1, i:8), leaderCommit=6, initializing? false, entries: size=1, first=(t:1, i:9), STATEMACHINELOGENTRY, client-D1FE97365EAD, cid=18
2019-09-17 12:28:01,078 [java.util.concurrent.ThreadPoolExecutor$Worker@46212d45[State = -1, empty queue]] WARN  server.GrpcLogAppender (GrpcLogAppender.java:timeoutAppendRequest(200)) - 9a3c5405-1b71-41e7-a1e6-d9c2b7bf9721@group-28FA94F01C3C->4005f9e4-9000-4048-961f-9439e52a6da7-GrpcLogAppender: appendEntries Timeout, request=9a3c5405-1b71-41e7-a1e6-d9c2b7bf9721->4005f9e4-9000-4048-961f-9439e52a6da7#11-t1, previous=(t:1, i:9), leaderCommit=6, initializing? false, entries: size=1, first=(t:1, i:10), STATEMACHINELOGENTRY, client-D1FE97365EAD, cid=19
2019-09-17 12:28:01,080 [java.util.concurrent.ThreadPoolExecutor$Worker@5e86a67c[State = -1, empty queue]] WARN  server.GrpcLogAppender (GrpcLogAppender.java:timeoutAppendRequest(200)) - 9a3c5405-1b71-41e7-a1e6-d9c2b7bf9721@group-28FA94F01C3C->597a450e-db00-46ca-b8ea-d9e1f9500f66-GrpcLogAppender: appendEntries Timeout, request=9a3c5405-1b71-41e7-a1e6-d9c2b7bf9721->597a450e-db00-46ca-b8ea-d9e1f9500f66#11-t1, previous=(t:1, i:9), leaderCommit=6, initializing? false, entries: size=1, first=(t:1, i:10), STATEMACHINELOGENTRY, client-D1FE97365EAD, cid=19
2019-09-17 12:28:01,082 [java.util.concurrent.ThreadPoolExecutor$Worker@46212d45[State = -1, empty queue]] WARN  server.GrpcLogAppender (GrpcLogAppender.java:timeoutAppendRequest(200)) - 9a3c5405-1b71-41e7-a1e6-d9c2b7bf9721@group-28FA94F01C3C->4005f9e4-9000-4048-961f-9439e52a6da7-GrpcLogAppender: appendEntries Timeout, request=9a3c5405-1b71-41e7-a1e6-d9c2b7bf9721->4005f9e4-9000-4048-961f-9439e52a6da7#12-t1, previous=(t:1, i:10), leaderCommit=6, initializing? false, entries: size=1, first=(t:1, i:11), STATEMACHINELOGENTRY, client-D1FE97365EAD, cid=20
2019-09-17 12:28:01,085 [java.util.concurrent.ThreadPoolExecutor$Worker@5e86a67c[State = -1, empty queue]] WARN  server.GrpcLogAppender (GrpcLogAppender.java:timeoutAppendRequest(200)) - 9a3c5405-1b71-41e7-a1e6-d9c2b7bf9721@group-28FA94F01C3C->597a450e-db00-46ca-b8ea-d9e1f9500f66-GrpcLogAppender: appendEntries Timeout, request=9a3c5405-1b71-41e7-a1e6-d9c2b7bf9721->597a450e-db00-46ca-b8ea-d9e1f9500f66#12-t1, previous=(t:1, i:10), leaderCommit=6, initializing? false, entries: size=1, first=(t:1, i:11), STATEMACHINELOGENTRY, client-D1FE97365EAD, cid=20
2019-09-17 12:28:03,128 [grpc-default-executor-3] INFO  client.GrpcClientProtocolClient (GrpcClientProtocolClient.java:onNext(264)) - client-D1FE97365EAD->597a450e-db00-46ca-b8ea-d9e1f9500f66: receive RaftClientReply:client-D1FE97365EAD->597a450e-db00-46ca-b8ea-d9e1f9500f66@group-28FA94F01C3C, cid=16, FAILED org.apache.ratis.protocol.NotLeaderException: Server 597a450e-db00-46ca-b8ea-d9e1f9500f66@group-28FA94F01C3C is not the leader 9a3c5405-1b71-41e7-a1e6-d9c2b7bf9721:192.168.5.130:42503, logIndex=0, commits[597a450e-db00-46ca-b8ea-d9e1f9500f66:c6, 9a3c5405-1b71-41e7-a1e6-d9c2b7bf9721:c6, 4005f9e4-9000-4048-961f-9439e52a6da7:c4]
2019-09-17 12:28:03,568 [java.util.concurrent.ThreadPoolExecutor$Worker@46212d45[State = -1, empty queue]] WARN  server.GrpcLogAppender (GrpcLogAppender.java:timeoutAppendRequest(200)) - 9a3c5405-1b71-41e7-a1e6-d9c2b7bf9721@group-28FA94F01C3C->4005f9e4-9000-4048-961f-9439e52a6da7-GrpcLogAppender: appendEntries Timeout, request=9a3c5405-1b71-41e7-a1e6-d9c2b7bf9721->4005f9e4-9000-4048-961f-9439e52a6da7#13-t1, previous=(t:1, i:11), leaderCommit=6, initializing? false, entries: <empty>
2019-09-17 12:28:03,570 [java.util.concurrent.ThreadPoolExecutor$Worker@5e86a67c[State = -1, empty queue]] WARN  server.GrpcLogAppender (GrpcLogAppender.java:timeoutAppendRequest(200)) - 9a3c5405-1b71-41e7-a1e6-d9c2b7bf9721@group-28FA94F01C3C->597a450e-db00-46ca-b8ea-d9e1f9500f66-GrpcLogAppender: appendEntries Timeout, request=9a3c5405-1b71-41e7-a1e6-d9c2b7bf9721->597a450e-db00-46ca-b8ea-d9e1f9500f66#13-t1, previous=(t:1, i:11), leaderCommit=6, initializing? false, entries: <empty>
2019-09-17 12:28:06,069 [java.util.concurrent.ThreadPoolExecutor$Worker@46212d45[State = -1, empty queue]] WARN  server.GrpcLogAppender (GrpcLogAppender.java:timeoutAppendRequest(200)) - 9a3c5405-1b71-41e7-a1e6-d9c2b7bf9721@group-28FA94F01C3C->4005f9e4-9000-4048-961f-9439e52a6da7-GrpcLogAppender: appendEntries Timeout, request=9a3c5405-1b71-41e7-a1e6-d9c2b7bf9721->4005f9e4-9000-4048-961f-9439e52a6da7#14-t1, previous=(t:1, i:11), leaderCommit=6, initializing? false, entries: <empty>
2019-09-17 12:28:06,069 [java.util.concurrent.ThreadPoolExecutor$Worker@5e86a67c[State = -1, empty queue]] WARN  server.GrpcLogAppender (GrpcLogAppender.java:timeoutAppendRequest(200)) - 9a3c5405-1b71-41e7-a1e6-d9c2b7bf9721@group-28FA94F01C3C->597a450e-db00-46ca-b8ea-d9e1f9500f66-GrpcLogAppender: appendEntries Timeout, request=9a3c5405-1b71-41e7-a1e6-d9c2b7bf9721->597a450e-db00-46ca-b8ea-d9e1f9500f66#14-t1, previous=(t:1, i:11), leaderCommit=6, initializing? false, entries: <empty>
2019-09-17 12:28:08,186 [grpc-default-executor-3] INFO  client.GrpcClientProtocolClient (GrpcClientProtocolClient.java:onNext(264)) - client-D1FE97365EAD->4005f9e4-9000-4048-961f-9439e52a6da7: receive RaftClientReply:client-D1FE97365EAD->4005f9e4-9000-4048-961f-9439e52a6da7@group-28FA94F01C3C, cid=16, FAILED org.apache.ratis.protocol.NotLeaderException: Server 4005f9e4-9000-4048-961f-9439e52a6da7@group-28FA94F01C3C is not the leader 9a3c5405-1b71-41e7-a1e6-d9c2b7bf9721:192.168.5.130:42503, logIndex=0, commits[4005f9e4-9000-4048-961f-9439e52a6da7:c6, 597a450e-db00-46ca-b8ea-d9e1f9500f66:c4, 9a3c5405-1b71-41e7-a1e6-d9c2b7bf9721:c6]
2019-09-17 12:28:08,203 [597a450e-db00-46ca-b8ea-d9e1f9500f66@group-28FA94F01C3C-SegmentedRaftLogWorker] WARN  segmented.SegmentedRaftLogWorker (SegmentedRaftLogWorker.java:getFromFuture(90)) - Timeout 0/~
org.apache.ratis.protocol.TimeoutIOException: Timeout 10s: WriteLog:8: (t:1, i:8), STATEMACHINELOGENTRY, client-D1FE97365EAD, cid=17-writeStateMachineData
	at org.apache.ratis.util.IOUtils.getFromFuture(IOUtils.java:87)
	at org.apache.ratis.server.raftlog.segmented.SegmentedRaftLogWorker$StateMachineDataPolicy.getFromFuture(SegmentedRaftLogWorker.java:87)
	at org.apache.ratis.server.raftlog.segmented.SegmentedRaftLogWorker$WriteLog.execute(SegmentedRaftLogWorker.java:477)
	at org.apache.ratis.server.raftlog.segmented.SegmentedRaftLogWorker.run(SegmentedRaftLogWorker.java:289)
	at java.lang.Thread.run(Thread.java:748)
Caused by: java.util.concurrent.TimeoutException
	at java.util.concurrent.CompletableFuture.timedGet(CompletableFuture.java:1771)
	at java.util.concurrent.CompletableFuture.get(CompletableFuture.java:1915)
	at org.apache.ratis.util.IOUtils.getFromFuture(IOUtils.java:79)
	... 4 more
2019-09-17 12:28:08,203 [4005f9e4-9000-4048-961f-9439e52a6da7@group-28FA94F01C3C-SegmentedRaftLogWorker] WARN  segmented.SegmentedRaftLogWorker (SegmentedRaftLogWorker.java:getFromFuture(90)) - Timeout 0/~
org.apache.ratis.protocol.TimeoutIOException: Timeout 10s: WriteLog:8: (t:1, i:8), STATEMACHINELOGENTRY, client-D1FE97365EAD, cid=17-writeStateMachineData
	at org.apache.ratis.util.IOUtils.getFromFuture(IOUtils.java:87)
	at org.apache.ratis.server.raftlog.segmented.SegmentedRaftLogWorker$StateMachineDataPolicy.getFromFuture(SegmentedRaftLogWorker.java:87)
	at org.apache.ratis.server.raftlog.segmented.SegmentedRaftLogWorker$WriteLog.execute(SegmentedRaftLogWorker.java:477)
	at org.apache.ratis.server.raftlog.segmented.SegmentedRaftLogWorker.run(SegmentedRaftLogWorker.java:289)
	at java.lang.Thread.run(Thread.java:748)
Caused by: java.util.concurrent.TimeoutException
	at java.util.concurrent.CompletableFuture.timedGet(CompletableFuture.java:1771)
	at java.util.concurrent.CompletableFuture.get(CompletableFuture.java:1915)
	at org.apache.ratis.util.IOUtils.getFromFuture(IOUtils.java:79)
	... 4 more
2019-09-17 12:28:08,203 [9a3c5405-1b71-41e7-a1e6-d9c2b7bf9721@group-28FA94F01C3C-SegmentedRaftLogWorker] WARN  segmented.SegmentedRaftLogWorker (SegmentedRaftLogWorker.java:getFromFuture(90)) - Timeout 0/~
org.apache.ratis.protocol.TimeoutIOException: Timeout 10s: WriteLog:8: (t:1, i:8), STATEMACHINELOGENTRY, client-D1FE97365EAD, cid=17-writeStateMachineData
	at org.apache.ratis.util.IOUtils.getFromFuture(IOUtils.java:87)
	at org.apache.ratis.server.raftlog.segmented.SegmentedRaftLogWorker$StateMachineDataPolicy.getFromFuture(SegmentedRaftLogWorker.java:87)
	at org.apache.ratis.server.raftlog.segmented.SegmentedRaftLogWorker$WriteLog.execute(SegmentedRaftLogWorker.java:477)
	at org.apache.ratis.server.raftlog.segmented.SegmentedRaftLogWorker.run(SegmentedRaftLogWorker.java:289)
	at java.lang.Thread.run(Thread.java:748)
Caused by: java.util.concurrent.TimeoutException
	at java.util.concurrent.CompletableFuture.timedGet(CompletableFuture.java:1771)
	at java.util.concurrent.CompletableFuture.get(CompletableFuture.java:1915)
	at org.apache.ratis.util.IOUtils.getFromFuture(IOUtils.java:79)
	... 4 more
2019-09-17 12:28:08,571 [java.util.concurrent.ThreadPoolExecutor$Worker@46212d45[State = -1, empty queue]] WARN  server.GrpcLogAppender (GrpcLogAppender.java:timeoutAppendRequest(200)) - 9a3c5405-1b71-41e7-a1e6-d9c2b7bf9721@group-28FA94F01C3C->4005f9e4-9000-4048-961f-9439e52a6da7-GrpcLogAppender: appendEntries Timeout, request=9a3c5405-1b71-41e7-a1e6-d9c2b7bf9721->4005f9e4-9000-4048-961f-9439e52a6da7#15-t1, previous=(t:1, i:11), leaderCommit=6, initializing? false, entries: <empty>
2019-09-17 12:28:08,571 [java.util.concurrent.ThreadPoolExecutor$Worker@5e86a67c[State = -1, empty queue]] WARN  server.GrpcLogAppender (GrpcLogAppender.java:timeoutAppendRequest(200)) - 9a3c5405-1b71-41e7-a1e6-d9c2b7bf9721@group-28FA94F01C3C->597a450e-db00-46ca-b8ea-d9e1f9500f66-GrpcLogAppender: appendEntries Timeout, request=9a3c5405-1b71-41e7-a1e6-d9c2b7bf9721->597a450e-db00-46ca-b8ea-d9e1f9500f66#15-t1, previous=(t:1, i:11), leaderCommit=6, initializing? false, entries: <empty>
2019-09-17 12:28:11,072 [java.util.concurrent.ThreadPoolExecutor$Worker@5e86a67c[State = -1, empty queue]] WARN  server.GrpcLogAppender (GrpcLogAppender.java:timeoutAppendRequest(200)) - 9a3c5405-1b71-41e7-a1e6-d9c2b7bf9721@group-28FA94F01C3C->597a450e-db00-46ca-b8ea-d9e1f9500f66-GrpcLogAppender: appendEntries Timeout, request=9a3c5405-1b71-41e7-a1e6-d9c2b7bf9721->597a450e-db00-46ca-b8ea-d9e1f9500f66#16-t1, previous=(t:1, i:11), leaderCommit=6, initializing? false, entries: <empty>
2019-09-17 12:28:11,072 [java.util.concurrent.ThreadPoolExecutor$Worker@46212d45[State = -1, empty queue]] WARN  server.GrpcLogAppender (GrpcLogAppender.java:timeoutAppendRequest(200)) - 9a3c5405-1b71-41e7-a1e6-d9c2b7bf9721@group-28FA94F01C3C->4005f9e4-9000-4048-961f-9439e52a6da7-GrpcLogAppender: appendEntries Timeout, request=9a3c5405-1b71-41e7-a1e6-d9c2b7bf9721->4005f9e4-9000-4048-961f-9439e52a6da7#16-t1, previous=(t:1, i:11), leaderCommit=6, initializing? false, entries: <empty>
2019-09-17 12:28:13,241 [grpc-default-executor-3] INFO  client.GrpcClientProtocolClient (GrpcClientProtocolClient.java:onNext(264)) - client-D1FE97365EAD->597a450e-db00-46ca-b8ea-d9e1f9500f66: receive RaftClientReply:client-D1FE97365EAD->597a450e-db00-46ca-b8ea-d9e1f9500f66@group-28FA94F01C3C, cid=16, FAILED org.apache.ratis.protocol.NotLeaderException: Server 597a450e-db00-46ca-b8ea-d9e1f9500f66@group-28FA94F01C3C is not the leader 9a3c5405-1b71-41e7-a1e6-d9c2b7bf9721:192.168.5.130:42503, logIndex=0, commits[597a450e-db00-46ca-b8ea-d9e1f9500f66:c6, 9a3c5405-1b71-41e7-a1e6-d9c2b7bf9721:c6, 4005f9e4-9000-4048-961f-9439e52a6da7:c4]
2019-09-17 12:28:13,573 [java.util.concurrent.ThreadPoolExecutor$Worker@5e86a67c[State = -1, empty queue]] WARN  server.GrpcLogAppender (GrpcLogAppender.java:timeoutAppendRequest(200)) - 9a3c5405-1b71-41e7-a1e6-d9c2b7bf9721@group-28FA94F01C3C->597a450e-db00-46ca-b8ea-d9e1f9500f66-GrpcLogAppender: appendEntries Timeout, request=9a3c5405-1b71-41e7-a1e6-d9c2b7bf9721->597a450e-db00-46ca-b8ea-d9e1f9500f66#17-t1, previous=(t:1, i:11), leaderCommit=6, initializing? false, entries: <empty>
2019-09-17 12:28:13,573 [java.util.concurrent.ThreadPoolExecutor$Worker@46212d45[State = -1, empty queue]] WARN  server.GrpcLogAppender (GrpcLogAppender.java:timeoutAppendRequest(200)) - 9a3c5405-1b71-41e7-a1e6-d9c2b7bf9721@group-28FA94F01C3C->4005f9e4-9000-4048-961f-9439e52a6da7-GrpcLogAppender: appendEntries Timeout, request=9a3c5405-1b71-41e7-a1e6-d9c2b7bf9721->4005f9e4-9000-4048-961f-9439e52a6da7#17-t1, previous=(t:1, i:11), leaderCommit=6, initializing? false, entries: <empty>
2019-09-17 12:28:16,074 [java.util.concurrent.ThreadPoolExecutor$Worker@5e86a67c[State = -1, empty queue]] WARN  server.GrpcLogAppender (GrpcLogAppender.java:timeoutAppendRequest(200)) - 9a3c5405-1b71-41e7-a1e6-d9c2b7bf9721@group-28FA94F01C3C->597a450e-db00-46ca-b8ea-d9e1f9500f66-GrpcLogAppender: appendEntries Timeout, request=9a3c5405-1b71-41e7-a1e6-d9c2b7bf9721->597a450e-db00-46ca-b8ea-d9e1f9500f66#18-t1, previous=(t:1, i:11), leaderCommit=6, initializing? false, entries: <empty>
2019-09-17 12:28:16,074 [java.util.concurrent.ThreadPoolExecutor$Worker@46212d45[State = -1, empty queue]] WARN  server.GrpcLogAppender (GrpcLogAppender.java:timeoutAppendRequest(200)) - 9a3c5405-1b71-41e7-a1e6-d9c2b7bf9721@group-28FA94F01C3C->4005f9e4-9000-4048-961f-9439e52a6da7-GrpcLogAppender: appendEntries Timeout, request=9a3c5405-1b71-41e7-a1e6-d9c2b7bf9721->4005f9e4-9000-4048-961f-9439e52a6da7#18-t1, previous=(t:1, i:11), leaderCommit=6, initializing? false, entries: <empty>
2019-09-17 12:28:18,204 [597a450e-db00-46ca-b8ea-d9e1f9500f66@group-28FA94F01C3C-SegmentedRaftLogWorker] WARN  segmented.SegmentedRaftLogWorker (SegmentedRaftLogWorker.java:getFromFuture(90)) - Timeout 1/~
org.apache.ratis.protocol.TimeoutIOException: Timeout 10s: WriteLog:8: (t:1, i:8), STATEMACHINELOGENTRY, client-D1FE97365EAD, cid=17-writeStateMachineData
	at org.apache.ratis.util.IOUtils.getFromFuture(IOUtils.java:87)
	at org.apache.ratis.server.raftlog.segmented.SegmentedRaftLogWorker$StateMachineDataPolicy.getFromFuture(SegmentedRaftLogWorker.java:87)
	at org.apache.ratis.server.raftlog.segmented.SegmentedRaftLogWorker$WriteLog.execute(SegmentedRaftLogWorker.java:477)
	at org.apache.ratis.server.raftlog.segmented.SegmentedRaftLogWorker.run(SegmentedRaftLogWorker.java:289)
	at java.lang.Thread.run(Thread.java:748)
Caused by: java.util.concurrent.TimeoutException
	at java.util.concurrent.CompletableFuture.timedGet(CompletableFuture.java:1771)
	at java.util.concurrent.CompletableFuture.get(CompletableFuture.java:1915)
	at org.apache.ratis.util.IOUtils.getFromFuture(IOUtils.java:79)
	... 4 more
2019-09-17 12:28:18,206 [4005f9e4-9000-4048-961f-9439e52a6da7@group-28FA94F01C3C-SegmentedRaftLogWorker] WARN  segmented.SegmentedRaftLogWorker (SegmentedRaftLogWorker.java:getFromFuture(90)) - Timeout 1/~
org.apache.ratis.protocol.TimeoutIOException: Timeout 10s: WriteLog:8: (t:1, i:8), STATEMACHINELOGENTRY, client-D1FE97365EAD, cid=17-writeStateMachineData
	at org.apache.ratis.util.IOUtils.getFromFuture(IOUtils.java:87)
	at org.apache.ratis.server.raftlog.segmented.SegmentedRaftLogWorker$StateMachineDataPolicy.getFromFuture(SegmentedRaftLogWorker.java:87)
	at org.apache.ratis.server.raftlog.segmented.SegmentedRaftLogWorker$WriteLog.execute(SegmentedRaftLogWorker.java:477)
	at org.apache.ratis.server.raftlog.segmented.SegmentedRaftLogWorker.run(SegmentedRaftLogWorker.java:289)
	at java.lang.Thread.run(Thread.java:748)
Caused by: java.util.concurrent.TimeoutException
	at java.util.concurrent.CompletableFuture.timedGet(CompletableFuture.java:1771)
	at java.util.concurrent.CompletableFuture.get(CompletableFuture.java:1915)
	at org.apache.ratis.util.IOUtils.getFromFuture(IOUtils.java:79)
	... 4 more
2019-09-17 12:28:18,207 [9a3c5405-1b71-41e7-a1e6-d9c2b7bf9721@group-28FA94F01C3C-SegmentedRaftLogWorker] WARN  segmented.SegmentedRaftLogWorker (SegmentedRaftLogWorker.java:getFromFuture(90)) - Timeout 1/~
org.apache.ratis.protocol.TimeoutIOException: Timeout 10s: WriteLog:8: (t:1, i:8), STATEMACHINELOGENTRY, client-D1FE97365EAD, cid=17-writeStateMachineData
	at org.apache.ratis.util.IOUtils.getFromFuture(IOUtils.java:87)
	at org.apache.ratis.server.raftlog.segmented.SegmentedRaftLogWorker$StateMachineDataPolicy.getFromFuture(SegmentedRaftLogWorker.java:87)
	at org.apache.ratis.server.raftlog.segmented.SegmentedRaftLogWorker$WriteLog.execute(SegmentedRaftLogWorker.java:477)
	at org.apache.ratis.server.raftlog.segmented.SegmentedRaftLogWorker.run(SegmentedRaftLogWorker.java:289)
	at java.lang.Thread.run(Thread.java:748)
Caused by: java.util.concurrent.TimeoutException
	at java.util.concurrent.CompletableFuture.timedGet(CompletableFuture.java:1771)
	at java.util.concurrent.CompletableFuture.get(CompletableFuture.java:1915)
	at org.apache.ratis.util.IOUtils.getFromFuture(IOUtils.java:79)
	... 4 more
2019-09-17 12:28:18,284 [grpc-default-executor-3] INFO  client.GrpcClientProtocolClient (GrpcClientProtocolClient.java:onNext(264)) - client-D1FE97365EAD->597a450e-db00-46ca-b8ea-d9e1f9500f66: receive RaftClientReply:client-D1FE97365EAD->597a450e-db00-46ca-b8ea-d9e1f9500f66@group-28FA94F01C3C, cid=16, FAILED org.apache.ratis.protocol.NotLeaderException: Server 597a450e-db00-46ca-b8ea-d9e1f9500f66@group-28FA94F01C3C is not the leader 9a3c5405-1b71-41e7-a1e6-d9c2b7bf9721:192.168.5.130:42503, logIndex=0, commits[597a450e-db00-46ca-b8ea-d9e1f9500f66:c6, 9a3c5405-1b71-41e7-a1e6-d9c2b7bf9721:c6, 4005f9e4-9000-4048-961f-9439e52a6da7:c4]
2019-09-17 12:28:18,575 [java.util.concurrent.ThreadPoolExecutor$Worker@46212d45[State = -1, empty queue]] WARN  server.GrpcLogAppender (GrpcLogAppender.java:timeoutAppendRequest(200)) - 9a3c5405-1b71-41e7-a1e6-d9c2b7bf9721@group-28FA94F01C3C->4005f9e4-9000-4048-961f-9439e52a6da7-GrpcLogAppender: appendEntries Timeout, request=9a3c5405-1b71-41e7-a1e6-d9c2b7bf9721->4005f9e4-9000-4048-961f-9439e52a6da7#19-t1, previous=(t:1, i:11), leaderCommit=6, initializing? false, entries: <empty>
2019-09-17 12:28:18,575 [java.util.concurrent.ThreadPoolExecutor$Worker@5e86a67c[State = -1, empty queue]] WARN  server.GrpcLogAppender (GrpcLogAppender.java:timeoutAppendRequest(200)) - 9a3c5405-1b71-41e7-a1e6-d9c2b7bf9721@group-28FA94F01C3C->597a450e-db00-46ca-b8ea-d9e1f9500f66-GrpcLogAppender: appendEntries Timeout, request=9a3c5405-1b71-41e7-a1e6-d9c2b7bf9721->597a450e-db00-46ca-b8ea-d9e1f9500f66#19-t1, previous=(t:1, i:11), leaderCommit=6, initializing? false, entries: <empty>
2019-09-17 12:28:21,075 [java.util.concurrent.ThreadPoolExecutor$Worker@5e86a67c[State = -1, empty queue]] WARN  server.GrpcLogAppender (GrpcLogAppender.java:timeoutAppendRequest(200)) - 9a3c5405-1b71-41e7-a1e6-d9c2b7bf9721@group-28FA94F01C3C->597a450e-db00-46ca-b8ea-d9e1f9500f66-GrpcLogAppender: appendEntries Timeout, request=9a3c5405-1b71-41e7-a1e6-d9c2b7bf9721->597a450e-db00-46ca-b8ea-d9e1f9500f66#20-t1, previous=(t:1, i:11), leaderCommit=6, initializing? false, entries: <empty>
2019-09-17 12:28:21,075 [java.util.concurrent.ThreadPoolExecutor$Worker@46212d45[State = -1, empty queue]] WARN  server.GrpcLogAppender (GrpcLogAppender.java:timeoutAppendRequest(200)) - 9a3c5405-1b71-41e7-a1e6-d9c2b7bf9721@group-28FA94F01C3C->4005f9e4-9000-4048-961f-9439e52a6da7-GrpcLogAppender: appendEntries Timeout, request=9a3c5405-1b71-41e7-a1e6-d9c2b7bf9721->4005f9e4-9000-4048-961f-9439e52a6da7#20-t1, previous=(t:1, i:11), leaderCommit=6, initializing? false, entries: <empty>
2019-09-17 12:28:23,344 [grpc-default-executor-0] INFO  client.GrpcClientProtocolClient (GrpcClientProtocolClient.java:onNext(264)) - client-D1FE97365EAD->4005f9e4-9000-4048-961f-9439e52a6da7: receive RaftClientReply:client-D1FE97365EAD->4005f9e4-9000-4048-961f-9439e52a6da7@group-28FA94F01C3C, cid=16, FAILED org.apache.ratis.protocol.NotLeaderException: Server 4005f9e4-9000-4048-961f-9439e52a6da7@group-28FA94F01C3C is not the leader 9a3c5405-1b71-41e7-a1e6-d9c2b7bf9721:192.168.5.130:42503, logIndex=0, commits[4005f9e4-9000-4048-961f-9439e52a6da7:c6, 597a450e-db00-46ca-b8ea-d9e1f9500f66:c4, 9a3c5405-1b71-41e7-a1e6-d9c2b7bf9721:c6]
2019-09-17 12:28:23,576 [java.util.concurrent.ThreadPoolExecutor$Worker@5e86a67c[State = -1, empty queue]] WARN  server.GrpcLogAppender (GrpcLogAppender.java:timeoutAppendRequest(200)) - 9a3c5405-1b71-41e7-a1e6-d9c2b7bf9721@group-28FA94F01C3C->597a450e-db00-46ca-b8ea-d9e1f9500f66-GrpcLogAppender: appendEntries Timeout, request=9a3c5405-1b71-41e7-a1e6-d9c2b7bf9721->597a450e-db00-46ca-b8ea-d9e1f9500f66#21-t1, previous=(t:1, i:11), leaderCommit=6, initializing? false, entries: <empty>
2019-09-17 12:28:23,576 [java.util.concurrent.ThreadPoolExecutor$Worker@46212d45[State = -1, empty queue]] WARN  server.GrpcLogAppender (GrpcLogAppender.java:timeoutAppendRequest(200)) - 9a3c5405-1b71-41e7-a1e6-d9c2b7bf9721@group-28FA94F01C3C->4005f9e4-9000-4048-961f-9439e52a6da7-GrpcLogAppender: appendEntries Timeout, request=9a3c5405-1b71-41e7-a1e6-d9c2b7bf9721->4005f9e4-9000-4048-961f-9439e52a6da7#21-t1, previous=(t:1, i:11), leaderCommit=6, initializing? false, entries: <empty>
2019-09-17 12:28:26,077 [java.util.concurrent.ThreadPoolExecutor$Worker@5e86a67c[State = -1, empty queue]] WARN  server.GrpcLogAppender (GrpcLogAppender.java:timeoutAppendRequest(200)) - 9a3c5405-1b71-41e7-a1e6-d9c2b7bf9721@group-28FA94F01C3C->597a450e-db00-46ca-b8ea-d9e1f9500f66-GrpcLogAppender: appendEntries Timeout, request=9a3c5405-1b71-41e7-a1e6-d9c2b7bf9721->597a450e-db00-46ca-b8ea-d9e1f9500f66#22-t1, previous=(t:1, i:11), leaderCommit=6, initializing? false, entries: <empty>
2019-09-17 12:28:26,077 [java.util.concurrent.ThreadPoolExecutor$Worker@46212d45[State = -1, empty queue]] WARN  server.GrpcLogAppender (GrpcLogAppender.java:timeoutAppendRequest(200)) - 9a3c5405-1b71-41e7-a1e6-d9c2b7bf9721@group-28FA94F01C3C->4005f9e4-9000-4048-961f-9439e52a6da7-GrpcLogAppender: appendEntries Timeout, request=9a3c5405-1b71-41e7-a1e6-d9c2b7bf9721->4005f9e4-9000-4048-961f-9439e52a6da7#22-t1, previous=(t:1, i:11), leaderCommit=6, initializing? false, entries: <empty>
2019-09-17 12:28:28,205 [597a450e-db00-46ca-b8ea-d9e1f9500f66@group-28FA94F01C3C-SegmentedRaftLogWorker] WARN  segmented.SegmentedRaftLogWorker (SegmentedRaftLogWorker.java:getFromFuture(90)) - Timeout 2/~
org.apache.ratis.protocol.TimeoutIOException: Timeout 10s: WriteLog:8: (t:1, i:8), STATEMACHINELOGENTRY, client-D1FE97365EAD, cid=17-writeStateMachineData
	at org.apache.ratis.util.IOUtils.getFromFuture(IOUtils.java:87)
	at org.apache.ratis.server.raftlog.segmented.SegmentedRaftLogWorker$StateMachineDataPolicy.getFromFuture(SegmentedRaftLogWorker.java:87)
	at org.apache.ratis.server.raftlog.segmented.SegmentedRaftLogWorker$WriteLog.execute(SegmentedRaftLogWorker.java:477)
	at org.apache.ratis.server.raftlog.segmented.SegmentedRaftLogWorker.run(SegmentedRaftLogWorker.java:289)
	at java.lang.Thread.run(Thread.java:748)
Caused by: java.util.concurrent.TimeoutException
	at java.util.concurrent.CompletableFuture.timedGet(CompletableFuture.java:1771)
	at java.util.concurrent.CompletableFuture.get(CompletableFuture.java:1915)
	at org.apache.ratis.util.IOUtils.getFromFuture(IOUtils.java:79)
	... 4 more
2019-09-17 12:28:28,207 [4005f9e4-9000-4048-961f-9439e52a6da7@group-28FA94F01C3C-SegmentedRaftLogWorker] WARN  segmented.SegmentedRaftLogWorker (SegmentedRaftLogWorker.java:getFromFuture(90)) - Timeout 2/~
org.apache.ratis.protocol.TimeoutIOException: Timeout 10s: WriteLog:8: (t:1, i:8), STATEMACHINELOGENTRY, client-D1FE97365EAD, cid=17-writeStateMachineData
	at org.apache.ratis.util.IOUtils.getFromFuture(IOUtils.java:87)
	at org.apache.ratis.server.raftlog.segmented.SegmentedRaftLogWorker$StateMachineDataPolicy.getFromFuture(SegmentedRaftLogWorker.java:87)
	at org.apache.ratis.server.raftlog.segmented.SegmentedRaftLogWorker$WriteLog.execute(SegmentedRaftLogWorker.java:477)
	at org.apache.ratis.server.raftlog.segmented.SegmentedRaftLogWorker.run(SegmentedRaftLogWorker.java:289)
	at java.lang.Thread.run(Thread.java:748)
Caused by: java.util.concurrent.TimeoutException
	at java.util.concurrent.CompletableFuture.timedGet(CompletableFuture.java:1771)
	at java.util.concurrent.CompletableFuture.get(CompletableFuture.java:1915)
	at org.apache.ratis.util.IOUtils.getFromFuture(IOUtils.java:79)
	... 4 more
2019-09-17 12:28:28,208 [9a3c5405-1b71-41e7-a1e6-d9c2b7bf9721@group-28FA94F01C3C-SegmentedRaftLogWorker] WARN  segmented.SegmentedRaftLogWorker (SegmentedRaftLogWorker.java:getFromFuture(90)) - Timeout 2/~
org.apache.ratis.protocol.TimeoutIOException: Timeout 10s: WriteLog:8: (t:1, i:8), STATEMACHINELOGENTRY, client-D1FE97365EAD, cid=17-writeStateMachineData
	at org.apache.ratis.util.IOUtils.getFromFuture(IOUtils.java:87)
	at org.apache.ratis.server.raftlog.segmented.SegmentedRaftLogWorker$StateMachineDataPolicy.getFromFuture(SegmentedRaftLogWorker.java:87)
	at org.apache.ratis.server.raftlog.segmented.SegmentedRaftLogWorker$WriteLog.execute(SegmentedRaftLogWorker.java:477)
	at org.apache.ratis.server.raftlog.segmented.SegmentedRaftLogWorker.run(SegmentedRaftLogWorker.java:289)
	at java.lang.Thread.run(Thread.java:748)
Caused by: java.util.concurrent.TimeoutException
	at java.util.concurrent.CompletableFuture.timedGet(CompletableFuture.java:1771)
	at java.util.concurrent.CompletableFuture.get(CompletableFuture.java:1915)
	at org.apache.ratis.util.IOUtils.getFromFuture(IOUtils.java:79)
	... 4 more
2019-09-17 12:28:28,410 [grpc-default-executor-3] INFO  client.GrpcClientProtocolClient (GrpcClientProtocolClient.java:onNext(264)) - client-D1FE97365EAD->4005f9e4-9000-4048-961f-9439e52a6da7: receive RaftClientReply:client-D1FE97365EAD->4005f9e4-9000-4048-961f-9439e52a6da7@group-28FA94F01C3C, cid=16, FAILED org.apache.ratis.protocol.NotLeaderException: Server 4005f9e4-9000-4048-961f-9439e52a6da7@group-28FA94F01C3C is not the leader 9a3c5405-1b71-41e7-a1e6-d9c2b7bf9721:192.168.5.130:42503, logIndex=0, commits[4005f9e4-9000-4048-961f-9439e52a6da7:c6, 597a450e-db00-46ca-b8ea-d9e1f9500f66:c4, 9a3c5405-1b71-41e7-a1e6-d9c2b7bf9721:c6]
2019-09-17 12:28:28,578 [java.util.concurrent.ThreadPoolExecutor$Worker@5e86a67c[State = -1, empty queue]] WARN  server.GrpcLogAppender (GrpcLogAppender.java:timeoutAppendRequest(200)) - 9a3c5405-1b71-41e7-a1e6-d9c2b7bf9721@group-28FA94F01C3C->597a450e-db00-46ca-b8ea-d9e1f9500f66-GrpcLogAppender: appendEntries Timeout, request=9a3c5405-1b71-41e7-a1e6-d9c2b7bf9721->597a450e-db00-46ca-b8ea-d9e1f9500f66#23-t1, previous=(t:1, i:11), leaderCommit=6, initializing? false, entries: <empty>
2019-09-17 12:28:28,578 [java.util.concurrent.ThreadPoolExecutor$Worker@46212d45[State = -1, empty queue]] WARN  server.GrpcLogAppender (GrpcLogAppender.java:timeoutAppendRequest(200)) - 9a3c5405-1b71-41e7-a1e6-d9c2b7bf9721@group-28FA94F01C3C->4005f9e4-9000-4048-961f-9439e52a6da7-GrpcLogAppender: appendEntries Timeout, request=9a3c5405-1b71-41e7-a1e6-d9c2b7bf9721->4005f9e4-9000-4048-961f-9439e52a6da7#23-t1, previous=(t:1, i:11), leaderCommit=6, initializing? false, entries: <empty>
2019-09-17 12:28:31,079 [java.util.concurrent.ThreadPoolExecutor$Worker@46212d45[State = -1, empty queue]] WARN  server.GrpcLogAppender (GrpcLogAppender.java:timeoutAppendRequest(200)) - 9a3c5405-1b71-41e7-a1e6-d9c2b7bf9721@group-28FA94F01C3C->4005f9e4-9000-4048-961f-9439e52a6da7-GrpcLogAppender: appendEntries Timeout, request=9a3c5405-1b71-41e7-a1e6-d9c2b7bf9721->4005f9e4-9000-4048-961f-9439e52a6da7#24-t1, previous=(t:1, i:11), leaderCommit=6, initializing? false, entries: <empty>
2019-09-17 12:28:31,080 [java.util.concurrent.ThreadPoolExecutor$Worker@5e86a67c[State = -1, empty queue]] WARN  server.GrpcLogAppender (GrpcLogAppender.java:timeoutAppendRequest(200)) - 9a3c5405-1b71-41e7-a1e6-d9c2b7bf9721@group-28FA94F01C3C->597a450e-db00-46ca-b8ea-d9e1f9500f66-GrpcLogAppender: appendEntries Timeout, request=9a3c5405-1b71-41e7-a1e6-d9c2b7bf9721->597a450e-db00-46ca-b8ea-d9e1f9500f66#24-t1, previous=(t:1, i:11), leaderCommit=6, initializing? false, entries: <empty>
2019-09-17 12:28:33,463 [grpc-default-executor-3] INFO  client.GrpcClientProtocolClient (GrpcClientProtocolClient.java:onNext(264)) - client-D1FE97365EAD->4005f9e4-9000-4048-961f-9439e52a6da7: receive RaftClientReply:client-D1FE97365EAD->4005f9e4-9000-4048-961f-9439e52a6da7@group-28FA94F01C3C, cid=16, FAILED org.apache.ratis.protocol.NotLeaderException: Server 4005f9e4-9000-4048-961f-9439e52a6da7@group-28FA94F01C3C is not the leader 9a3c5405-1b71-41e7-a1e6-d9c2b7bf9721:192.168.5.130:42503, logIndex=0, commits[4005f9e4-9000-4048-961f-9439e52a6da7:c6, 597a450e-db00-46ca-b8ea-d9e1f9500f66:c4, 9a3c5405-1b71-41e7-a1e6-d9c2b7bf9721:c6]
2019-09-17 12:28:33,580 [java.util.concurrent.ThreadPoolExecutor$Worker@46212d45[State = -1, empty queue]] WARN  server.GrpcLogAppender (GrpcLogAppender.java:timeoutAppendRequest(200)) - 9a3c5405-1b71-41e7-a1e6-d9c2b7bf9721@group-28FA94F01C3C->4005f9e4-9000-4048-961f-9439e52a6da7-GrpcLogAppender: appendEntries Timeout, request=9a3c5405-1b71-41e7-a1e6-d9c2b7bf9721->4005f9e4-9000-4048-961f-9439e52a6da7#25-t1, previous=(t:1, i:11), leaderCommit=6, initializing? false, entries: <empty>
2019-09-17 12:28:33,580 [java.util.concurrent.ThreadPoolExecutor$Worker@5e86a67c[State = -1, empty queue]] WARN  server.GrpcLogAppender (GrpcLogAppender.java:timeoutAppendRequest(200)) - 9a3c5405-1b71-41e7-a1e6-d9c2b7bf9721@group-28FA94F01C3C->597a450e-db00-46ca-b8ea-d9e1f9500f66-GrpcLogAppender: appendEntries Timeout, request=9a3c5405-1b71-41e7-a1e6-d9c2b7bf9721->597a450e-db00-46ca-b8ea-d9e1f9500f66#25-t1, previous=(t:1, i:11), leaderCommit=6, initializing? false, entries: <empty>
2019-09-17 12:28:36,081 [java.util.concurrent.ThreadPoolExecutor$Worker@5e86a67c[State = -1, empty queue]] WARN  server.GrpcLogAppender (GrpcLogAppender.java:timeoutAppendRequest(200)) - 9a3c5405-1b71-41e7-a1e6-d9c2b7bf9721@group-28FA94F01C3C->597a450e-db00-46ca-b8ea-d9e1f9500f66-GrpcLogAppender: appendEntries Timeout, request=9a3c5405-1b71-41e7-a1e6-d9c2b7bf9721->597a450e-db00-46ca-b8ea-d9e1f9500f66#26-t1, previous=(t:1, i:11), leaderCommit=6, initializing? false, entries: <empty>
2019-09-17 12:28:36,081 [java.util.concurrent.ThreadPoolExecutor$Worker@46212d45[State = -1, empty queue]] WARN  server.GrpcLogAppender (GrpcLogAppender.java:timeoutAppendRequest(200)) - 9a3c5405-1b71-41e7-a1e6-d9c2b7bf9721@group-28FA94F01C3C->4005f9e4-9000-4048-961f-9439e52a6da7-GrpcLogAppender: appendEntries Timeout, request=9a3c5405-1b71-41e7-a1e6-d9c2b7bf9721->4005f9e4-9000-4048-961f-9439e52a6da7#26-t1, previous=(t:1, i:11), leaderCommit=6, initializing? false, entries: <empty>
2019-09-17 12:28:38,207 [597a450e-db00-46ca-b8ea-d9e1f9500f66@group-28FA94F01C3C-SegmentedRaftLogWorker] WARN  segmented.SegmentedRaftLogWorker (SegmentedRaftLogWorker.java:getFromFuture(90)) - Timeout 3/~
org.apache.ratis.protocol.TimeoutIOException: Timeout 10s: WriteLog:8: (t:1, i:8), STATEMACHINELOGENTRY, client-D1FE97365EAD, cid=17-writeStateMachineData
	at org.apache.ratis.util.IOUtils.getFromFuture(IOUtils.java:87)
	at org.apache.ratis.server.raftlog.segmented.SegmentedRaftLogWorker$StateMachineDataPolicy.getFromFuture(SegmentedRaftLogWorker.java:87)
	at org.apache.ratis.server.raftlog.segmented.SegmentedRaftLogWorker$WriteLog.execute(SegmentedRaftLogWorker.java:477)
	at org.apache.ratis.server.raftlog.segmented.SegmentedRaftLogWorker.run(SegmentedRaftLogWorker.java:289)
	at java.lang.Thread.run(Thread.java:748)
Caused by: java.util.concurrent.TimeoutException
	at java.util.concurrent.CompletableFuture.timedGet(CompletableFuture.java:1771)
	at java.util.concurrent.CompletableFuture.get(CompletableFuture.java:1915)
	at org.apache.ratis.util.IOUtils.getFromFuture(IOUtils.java:79)
	... 4 more
2019-09-17 12:28:38,208 [4005f9e4-9000-4048-961f-9439e52a6da7@group-28FA94F01C3C-SegmentedRaftLogWorker] WARN  segmented.SegmentedRaftLogWorker (SegmentedRaftLogWorker.java:getFromFuture(90)) - Timeout 3/~
org.apache.ratis.protocol.TimeoutIOException: Timeout 10s: WriteLog:8: (t:1, i:8), STATEMACHINELOGENTRY, client-D1FE97365EAD, cid=17-writeStateMachineData
	at org.apache.ratis.util.IOUtils.getFromFuture(IOUtils.java:87)
	at org.apache.ratis.server.raftlog.segmented.SegmentedRaftLogWorker$StateMachineDataPolicy.getFromFuture(SegmentedRaftLogWorker.java:87)
	at org.apache.ratis.server.raftlog.segmented.SegmentedRaftLogWorker$WriteLog.execute(SegmentedRaftLogWorker.java:477)
	at org.apache.ratis.server.raftlog.segmented.SegmentedRaftLogWorker.run(SegmentedRaftLogWorker.java:289)
	at java.lang.Thread.run(Thread.java:748)
Caused by: java.util.concurrent.TimeoutException
	at java.util.concurrent.CompletableFuture.timedGet(CompletableFuture.java:1771)
	at java.util.concurrent.CompletableFuture.get(CompletableFuture.java:1915)
	at org.apache.ratis.util.IOUtils.getFromFuture(IOUtils.java:79)
	... 4 more
2019-09-17 12:28:38,209 [9a3c5405-1b71-41e7-a1e6-d9c2b7bf9721@group-28FA94F01C3C-SegmentedRaftLogWorker] WARN  segmented.SegmentedRaftLogWorker (SegmentedRaftLogWorker.java:getFromFuture(90)) - Timeout 3/~
org.apache.ratis.protocol.TimeoutIOException: Timeout 10s: WriteLog:8: (t:1, i:8), STATEMACHINELOGENTRY, client-D1FE97365EAD, cid=17-writeStateMachineData
	at org.apache.ratis.util.IOUtils.getFromFuture(IOUtils.java:87)
	at org.apache.ratis.server.raftlog.segmented.SegmentedRaftLogWorker$StateMachineDataPolicy.getFromFuture(SegmentedRaftLogWorker.java:87)
	at org.apache.ratis.server.raftlog.segmented.SegmentedRaftLogWorker$WriteLog.execute(SegmentedRaftLogWorker.java:477)
	at org.apache.ratis.server.raftlog.segmented.SegmentedRaftLogWorker.run(SegmentedRaftLogWorker.java:289)
	at java.lang.Thread.run(Thread.java:748)
Caused by: java.util.concurrent.TimeoutException
	at java.util.concurrent.CompletableFuture.timedGet(CompletableFuture.java:1771)
	at java.util.concurrent.CompletableFuture.get(CompletableFuture.java:1915)
	at org.apache.ratis.util.IOUtils.getFromFuture(IOUtils.java:79)
	... 4 more
2019-09-17 12:28:38,533 [grpc-default-executor-3] INFO  client.GrpcClientProtocolClient (GrpcClientProtocolClient.java:onNext(264)) - client-D1FE97365EAD->597a450e-db00-46ca-b8ea-d9e1f9500f66: receive RaftClientReply:client-D1FE97365EAD->597a450e-db00-46ca-b8ea-d9e1f9500f66@group-28FA94F01C3C, cid=16, FAILED org.apache.ratis.protocol.NotLeaderException: Server 597a450e-db00-46ca-b8ea-d9e1f9500f66@group-28FA94F01C3C is not the leader 9a3c5405-1b71-41e7-a1e6-d9c2b7bf9721:192.168.5.130:42503, logIndex=0, commits[597a450e-db00-46ca-b8ea-d9e1f9500f66:c6, 9a3c5405-1b71-41e7-a1e6-d9c2b7bf9721:c6, 4005f9e4-9000-4048-961f-9439e52a6da7:c4]
2019-09-17 12:28:38,582 [java.util.concurrent.ThreadPoolExecutor$Worker@46212d45[State = -1, empty queue]] WARN  server.GrpcLogAppender (GrpcLogAppender.java:timeoutAppendRequest(200)) - 9a3c5405-1b71-41e7-a1e6-d9c2b7bf9721@group-28FA94F01C3C->4005f9e4-9000-4048-961f-9439e52a6da7-GrpcLogAppender: appendEntries Timeout, request=9a3c5405-1b71-41e7-a1e6-d9c2b7bf9721->4005f9e4-9000-4048-961f-9439e52a6da7#27-t1, previous=(t:1, i:11), leaderCommit=6, initializing? false, entries: <empty>
2019-09-17 12:28:38,582 [java.util.concurrent.ThreadPoolExecutor$Worker@5e86a67c[State = -1, empty queue]] WARN  server.GrpcLogAppender (GrpcLogAppender.java:timeoutAppendRequest(200)) - 9a3c5405-1b71-41e7-a1e6-d9c2b7bf9721@group-28FA94F01C3C->597a450e-db00-46ca-b8ea-d9e1f9500f66-GrpcLogAppender: appendEntries Timeout, request=9a3c5405-1b71-41e7-a1e6-d9c2b7bf9721->597a450e-db00-46ca-b8ea-d9e1f9500f66#27-t1, previous=(t:1, i:11), leaderCommit=6, initializing? false, entries: <empty>
2019-09-17 12:28:41,083 [java.util.concurrent.ThreadPoolExecutor$Worker@46212d45[State = -1, empty queue]] WARN  server.GrpcLogAppender (GrpcLogAppender.java:timeoutAppendRequest(200)) - 9a3c5405-1b71-41e7-a1e6-d9c2b7bf9721@group-28FA94F01C3C->4005f9e4-9000-4048-961f-9439e52a6da7-GrpcLogAppender: appendEntries Timeout, request=9a3c5405-1b71-41e7-a1e6-d9c2b7bf9721->4005f9e4-9000-4048-961f-9439e52a6da7#28-t1, previous=(t:1, i:11), leaderCommit=6, initializing? false, entries: <empty>
2019-09-17 12:28:41,083 [java.util.concurrent.ThreadPoolExecutor$Worker@5e86a67c[State = -1, empty queue]] WARN  server.GrpcLogAppender (GrpcLogAppender.java:timeoutAppendRequest(200)) - 9a3c5405-1b71-41e7-a1e6-d9c2b7bf9721@group-28FA94F01C3C->597a450e-db00-46ca-b8ea-d9e1f9500f66-GrpcLogAppender: appendEntries Timeout, request=9a3c5405-1b71-41e7-a1e6-d9c2b7bf9721->597a450e-db00-46ca-b8ea-d9e1f9500f66#28-t1, previous=(t:1, i:11), leaderCommit=6, initializing? false, entries: <empty>
2019-09-17 12:28:43,584 [java.util.concurrent.ThreadPoolExecutor$Worker@5e86a67c[State = -1, empty queue]] WARN  server.GrpcLogAppender (GrpcLogAppender.java:timeoutAppendRequest(200)) - 9a3c5405-1b71-41e7-a1e6-d9c2b7bf9721@group-28FA94F01C3C->597a450e-db00-46ca-b8ea-d9e1f9500f66-GrpcLogAppender: appendEntries Timeout, request=9a3c5405-1b71-41e7-a1e6-d9c2b7bf9721->597a450e-db00-46ca-b8ea-d9e1f9500f66#29-t1, previous=(t:1, i:11), leaderCommit=6, initializing? false, entries: <empty>
2019-09-17 12:28:43,584 [java.util.concurrent.ThreadPoolExecutor$Worker@46212d45[State = -1, empty queue]] WARN  server.GrpcLogAppender (GrpcLogAppender.java:timeoutAppendRequest(200)) - 9a3c5405-1b71-41e7-a1e6-d9c2b7bf9721@group-28FA94F01C3C->4005f9e4-9000-4048-961f-9439e52a6da7-GrpcLogAppender: appendEntries Timeout, request=9a3c5405-1b71-41e7-a1e6-d9c2b7bf9721->4005f9e4-9000-4048-961f-9439e52a6da7#29-t1, previous=(t:1, i:11), leaderCommit=6, initializing? false, entries: <empty>
2019-09-17 12:28:43,588 [grpc-default-executor-0] INFO  client.GrpcClientProtocolClient (GrpcClientProtocolClient.java:onNext(264)) - client-D1FE97365EAD->597a450e-db00-46ca-b8ea-d9e1f9500f66: receive RaftClientReply:client-D1FE97365EAD->597a450e-db00-46ca-b8ea-d9e1f9500f66@group-28FA94F01C3C, cid=16, FAILED org.apache.ratis.protocol.NotLeaderException: Server 597a450e-db00-46ca-b8ea-d9e1f9500f66@group-28FA94F01C3C is not the leader 9a3c5405-1b71-41e7-a1e6-d9c2b7bf9721:192.168.5.130:42503, logIndex=0, commits[597a450e-db00-46ca-b8ea-d9e1f9500f66:c6, 9a3c5405-1b71-41e7-a1e6-d9c2b7bf9721:c6, 4005f9e4-9000-4048-961f-9439e52a6da7:c4]
2019-09-17 12:28:46,085 [java.util.concurrent.ThreadPoolExecutor$Worker@5e86a67c[State = -1, empty queue]] WARN  server.GrpcLogAppender (GrpcLogAppender.java:timeoutAppendRequest(200)) - 9a3c5405-1b71-41e7-a1e6-d9c2b7bf9721@group-28FA94F01C3C->597a450e-db00-46ca-b8ea-d9e1f9500f66-GrpcLogAppender: appendEntries Timeout, request=9a3c5405-1b71-41e7-a1e6-d9c2b7bf9721->597a450e-db00-46ca-b8ea-d9e1f9500f66#30-t1, previous=(t:1, i:11), leaderCommit=6, initializing? false, entries: <empty>
2019-09-17 12:28:46,085 [java.util.concurrent.ThreadPoolExecutor$Worker@46212d45[State = -1, empty queue]] WARN  server.GrpcLogAppender (GrpcLogAppender.java:timeoutAppendRequest(200)) - 9a3c5405-1b71-41e7-a1e6-d9c2b7bf9721@group-28FA94F01C3C->4005f9e4-9000-4048-961f-9439e52a6da7-GrpcLogAppender: appendEntries Timeout, request=9a3c5405-1b71-41e7-a1e6-d9c2b7bf9721->4005f9e4-9000-4048-961f-9439e52a6da7#30-t1, previous=(t:1, i:11), leaderCommit=6, initializing? false, entries: <empty>
2019-09-17 12:28:48,208 [597a450e-db00-46ca-b8ea-d9e1f9500f66@group-28FA94F01C3C-SegmentedRaftLogWorker] WARN  segmented.SegmentedRaftLogWorker (SegmentedRaftLogWorker.java:getFromFuture(90)) - Timeout 4/~
org.apache.ratis.protocol.TimeoutIOException: Timeout 10s: WriteLog:8: (t:1, i:8), STATEMACHINELOGENTRY, client-D1FE97365EAD, cid=17-writeStateMachineData
	at org.apache.ratis.util.IOUtils.getFromFuture(IOUtils.java:87)
	at org.apache.ratis.server.raftlog.segmented.SegmentedRaftLogWorker$StateMachineDataPolicy.getFromFuture(SegmentedRaftLogWorker.java:87)
	at org.apache.ratis.server.raftlog.segmented.SegmentedRaftLogWorker$WriteLog.execute(SegmentedRaftLogWorker.java:477)
	at org.apache.ratis.server.raftlog.segmented.SegmentedRaftLogWorker.run(SegmentedRaftLogWorker.java:289)
	at java.lang.Thread.run(Thread.java:748)
Caused by: java.util.concurrent.TimeoutException
	at java.util.concurrent.CompletableFuture.timedGet(CompletableFuture.java:1771)
	at java.util.concurrent.CompletableFuture.get(CompletableFuture.java:1915)
	at org.apache.ratis.util.IOUtils.getFromFuture(IOUtils.java:79)
	... 4 more
2019-09-17 12:28:48,209 [4005f9e4-9000-4048-961f-9439e52a6da7@group-28FA94F01C3C-SegmentedRaftLogWorker] WARN  segmented.SegmentedRaftLogWorker (SegmentedRaftLogWorker.java:getFromFuture(90)) - Timeout 4/~
org.apache.ratis.protocol.TimeoutIOException: Timeout 10s: WriteLog:8: (t:1, i:8), STATEMACHINELOGENTRY, client-D1FE97365EAD, cid=17-writeStateMachineData
	at org.apache.ratis.util.IOUtils.getFromFuture(IOUtils.java:87)
	at org.apache.ratis.server.raftlog.segmented.SegmentedRaftLogWorker$StateMachineDataPolicy.getFromFuture(SegmentedRaftLogWorker.java:87)
	at org.apache.ratis.server.raftlog.segmented.SegmentedRaftLogWorker$WriteLog.execute(SegmentedRaftLogWorker.java:477)
	at org.apache.ratis.server.raftlog.segmented.SegmentedRaftLogWorker.run(SegmentedRaftLogWorker.java:289)
	at java.lang.Thread.run(Thread.java:748)
Caused by: java.util.concurrent.TimeoutException
	at java.util.concurrent.CompletableFuture.timedGet(CompletableFuture.java:1771)
	at java.util.concurrent.CompletableFuture.get(CompletableFuture.java:1915)
	at org.apache.ratis.util.IOUtils.getFromFuture(IOUtils.java:79)
	... 4 more
2019-09-17 12:28:48,210 [9a3c5405-1b71-41e7-a1e6-d9c2b7bf9721@group-28FA94F01C3C-SegmentedRaftLogWorker] WARN  segmented.SegmentedRaftLogWorker (SegmentedRaftLogWorker.java:getFromFuture(90)) - Timeout 4/~
org.apache.ratis.protocol.TimeoutIOException: Timeout 10s: WriteLog:8: (t:1, i:8), STATEMACHINELOGENTRY, client-D1FE97365EAD, cid=17-writeStateMachineData
	at org.apache.ratis.util.IOUtils.getFromFuture(IOUtils.java:87)
	at org.apache.ratis.server.raftlog.segmented.SegmentedRaftLogWorker$StateMachineDataPolicy.getFromFuture(SegmentedRaftLogWorker.java:87)
	at org.apache.ratis.server.raftlog.segmented.SegmentedRaftLogWorker$WriteLog.execute(SegmentedRaftLogWorker.java:477)
	at org.apache.ratis.server.raftlog.segmented.SegmentedRaftLogWorker.run(SegmentedRaftLogWorker.java:289)
	at java.lang.Thread.run(Thread.java:748)
Caused by: java.util.concurrent.TimeoutException
	at java.util.concurrent.CompletableFuture.timedGet(CompletableFuture.java:1771)
	at java.util.concurrent.CompletableFuture.get(CompletableFuture.java:1915)
	at org.apache.ratis.util.IOUtils.getFromFuture(IOUtils.java:79)
	... 4 more
2019-09-17 12:28:48,586 [java.util.concurrent.ThreadPoolExecutor$Worker@46212d45[State = -1, empty queue]] WARN  server.GrpcLogAppender (GrpcLogAppender.java:timeoutAppendRequest(200)) - 9a3c5405-1b71-41e7-a1e6-d9c2b7bf9721@group-28FA94F01C3C->4005f9e4-9000-4048-961f-9439e52a6da7-GrpcLogAppender: appendEntries Timeout, request=9a3c5405-1b71-41e7-a1e6-d9c2b7bf9721->4005f9e4-9000-4048-961f-9439e52a6da7#31-t1, previous=(t:1, i:11), leaderCommit=6, initializing? false, entries: <empty>
2019-09-17 12:28:48,586 [java.util.concurrent.ThreadPoolExecutor$Worker@5e86a67c[State = -1, empty queue]] WARN  server.GrpcLogAppender (GrpcLogAppender.java:timeoutAppendRequest(200)) - 9a3c5405-1b71-41e7-a1e6-d9c2b7bf9721@group-28FA94F01C3C->597a450e-db00-46ca-b8ea-d9e1f9500f66-GrpcLogAppender: appendEntries Timeout, request=9a3c5405-1b71-41e7-a1e6-d9c2b7bf9721->597a450e-db00-46ca-b8ea-d9e1f9500f66#31-t1, previous=(t:1, i:11), leaderCommit=6, initializing? false, entries: <empty>
2019-09-17 12:28:48,638 [grpc-default-executor-3] INFO  client.GrpcClientProtocolClient (GrpcClientProtocolClient.java:onNext(264)) - client-D1FE97365EAD->597a450e-db00-46ca-b8ea-d9e1f9500f66: receive RaftClientReply:client-D1FE97365EAD->597a450e-db00-46ca-b8ea-d9e1f9500f66@group-28FA94F01C3C, cid=16, FAILED org.apache.ratis.protocol.NotLeaderException: Server 597a450e-db00-46ca-b8ea-d9e1f9500f66@group-28FA94F01C3C is not the leader 9a3c5405-1b71-41e7-a1e6-d9c2b7bf9721:192.168.5.130:42503, logIndex=0, commits[597a450e-db00-46ca-b8ea-d9e1f9500f66:c6, 9a3c5405-1b71-41e7-a1e6-d9c2b7bf9721:c6, 4005f9e4-9000-4048-961f-9439e52a6da7:c4]
2019-09-17 12:28:51,087 [java.util.concurrent.ThreadPoolExecutor$Worker@5e86a67c[State = -1, empty queue]] WARN  server.GrpcLogAppender (GrpcLogAppender.java:timeoutAppendRequest(200)) - 9a3c5405-1b71-41e7-a1e6-d9c2b7bf9721@group-28FA94F01C3C->597a450e-db00-46ca-b8ea-d9e1f9500f66-GrpcLogAppender: appendEntries Timeout, request=9a3c5405-1b71-41e7-a1e6-d9c2b7bf9721->597a450e-db00-46ca-b8ea-d9e1f9500f66#32-t1, previous=(t:1, i:11), leaderCommit=6, initializing? false, entries: <empty>
2019-09-17 12:28:51,087 [java.util.concurrent.ThreadPoolExecutor$Worker@46212d45[State = -1, empty queue]] WARN  server.GrpcLogAppender (GrpcLogAppender.java:timeoutAppendRequest(200)) - 9a3c5405-1b71-41e7-a1e6-d9c2b7bf9721@group-28FA94F01C3C->4005f9e4-9000-4048-961f-9439e52a6da7-GrpcLogAppender: appendEntries Timeout, request=9a3c5405-1b71-41e7-a1e6-d9c2b7bf9721->4005f9e4-9000-4048-961f-9439e52a6da7#32-t1, previous=(t:1, i:11), leaderCommit=6, initializing? false, entries: <empty>
2019-09-17 12:28:53,587 [java.util.concurrent.ThreadPoolExecutor$Worker@5e86a67c[State = -1, empty queue]] WARN  server.GrpcLogAppender (GrpcLogAppender.java:timeoutAppendRequest(200)) - 9a3c5405-1b71-41e7-a1e6-d9c2b7bf9721@group-28FA94F01C3C->597a450e-db00-46ca-b8ea-d9e1f9500f66-GrpcLogAppender: appendEntries Timeout, request=9a3c5405-1b71-41e7-a1e6-d9c2b7bf9721->597a450e-db00-46ca-b8ea-d9e1f9500f66#33-t1, previous=(t:1, i:11), leaderCommit=6, initializing? false, entries: <empty>
2019-09-17 12:28:53,587 [java.util.concurrent.ThreadPoolExecutor$Worker@46212d45[State = -1, empty queue]] WARN  server.GrpcLogAppender (GrpcLogAppender.java:timeoutAppendRequest(200)) - 9a3c5405-1b71-41e7-a1e6-d9c2b7bf9721@group-28FA94F01C3C->4005f9e4-9000-4048-961f-9439e52a6da7-GrpcLogAppender: appendEntries Timeout, request=9a3c5405-1b71-41e7-a1e6-d9c2b7bf9721->4005f9e4-9000-4048-961f-9439e52a6da7#33-t1, previous=(t:1, i:11), leaderCommit=6, initializing? false, entries: <empty>
2019-09-17 12:28:53,738 [grpc-default-executor-3] INFO  client.GrpcClientProtocolClient (GrpcClientProtocolClient.java:onNext(264)) - client-D1FE97365EAD->4005f9e4-9000-4048-961f-9439e52a6da7: receive RaftClientReply:client-D1FE97365EAD->4005f9e4-9000-4048-961f-9439e52a6da7@group-28FA94F01C3C, cid=16, FAILED org.apache.ratis.protocol.NotLeaderException: Server 4005f9e4-9000-4048-961f-9439e52a6da7@group-28FA94F01C3C is not the leader 9a3c5405-1b71-41e7-a1e6-d9c2b7bf9721:192.168.5.130:42503, logIndex=0, commits[4005f9e4-9000-4048-961f-9439e52a6da7:c6, 597a450e-db00-46ca-b8ea-d9e1f9500f66:c4, 9a3c5405-1b71-41e7-a1e6-d9c2b7bf9721:c6]
2019-09-17 12:28:56,088 [java.util.concurrent.ThreadPoolExecutor$Worker@46212d45[State = -1, empty queue]] WARN  server.GrpcLogAppender (GrpcLogAppender.java:timeoutAppendRequest(200)) - 9a3c5405-1b71-41e7-a1e6-d9c2b7bf9721@group-28FA94F01C3C->4005f9e4-9000-4048-961f-9439e52a6da7-GrpcLogAppender: appendEntries Timeout, request=9a3c5405-1b71-41e7-a1e6-d9c2b7bf9721->4005f9e4-9000-4048-961f-9439e52a6da7#34-t1, previous=(t:1, i:11), leaderCommit=6, initializing? false, entries: <empty>
2019-09-17 12:28:56,088 [java.util.concurrent.ThreadPoolExecutor$Worker@5e86a67c[State = -1, empty queue]] WARN  server.GrpcLogAppender (GrpcLogAppender.java:timeoutAppendRequest(200)) - 9a3c5405-1b71-41e7-a1e6-d9c2b7bf9721@group-28FA94F01C3C->597a450e-db00-46ca-b8ea-d9e1f9500f66-GrpcLogAppender: appendEntries Timeout, request=9a3c5405-1b71-41e7-a1e6-d9c2b7bf9721->597a450e-db00-46ca-b8ea-d9e1f9500f66#34-t1, previous=(t:1, i:11), leaderCommit=6, initializing? false, entries: <empty>
2019-09-17 12:28:58,209 [597a450e-db00-46ca-b8ea-d9e1f9500f66@group-28FA94F01C3C-SegmentedRaftLogWorker] WARN  segmented.SegmentedRaftLogWorker (SegmentedRaftLogWorker.java:getFromFuture(90)) - Timeout 5/~
org.apache.ratis.protocol.TimeoutIOException: Timeout 10s: WriteLog:8: (t:1, i:8), STATEMACHINELOGENTRY, client-D1FE97365EAD, cid=17-writeStateMachineData
	at org.apache.ratis.util.IOUtils.getFromFuture(IOUtils.java:87)
	at org.apache.ratis.server.raftlog.segmented.SegmentedRaftLogWorker$StateMachineDataPolicy.getFromFuture(SegmentedRaftLogWorker.java:87)
	at org.apache.ratis.server.raftlog.segmented.SegmentedRaftLogWorker$WriteLog.execute(SegmentedRaftLogWorker.java:477)
	at org.apache.ratis.server.raftlog.segmented.SegmentedRaftLogWorker.run(SegmentedRaftLogWorker.java:289)
	at java.lang.Thread.run(Thread.java:748)
Caused by: java.util.concurrent.TimeoutException
	at java.util.concurrent.CompletableFuture.timedGet(CompletableFuture.java:1771)
	at java.util.concurrent.CompletableFuture.get(CompletableFuture.java:1915)
	at org.apache.ratis.util.IOUtils.getFromFuture(IOUtils.java:79)
	... 4 more
2019-09-17 12:28:58,210 [4005f9e4-9000-4048-961f-9439e52a6da7@group-28FA94F01C3C-SegmentedRaftLogWorker] WARN  segmented.SegmentedRaftLogWorker (SegmentedRaftLogWorker.java:getFromFuture(90)) - Timeout 5/~
org.apache.ratis.protocol.TimeoutIOException: Timeout 10s: WriteLog:8: (t:1, i:8), STATEMACHINELOGENTRY, client-D1FE97365EAD, cid=17-writeStateMachineData
	at org.apache.ratis.util.IOUtils.getFromFuture(IOUtils.java:87)
	at org.apache.ratis.server.raftlog.segmented.SegmentedRaftLogWorker$StateMachineDataPolicy.getFromFuture(SegmentedRaftLogWorker.java:87)
	at org.apache.ratis.server.raftlog.segmented.SegmentedRaftLogWorker$WriteLog.execute(SegmentedRaftLogWorker.java:477)
	at org.apache.ratis.server.raftlog.segmented.SegmentedRaftLogWorker.run(SegmentedRaftLogWorker.java:289)
	at java.lang.Thread.run(Thread.java:748)
Caused by: java.util.concurrent.TimeoutException
	at java.util.concurrent.CompletableFuture.timedGet(CompletableFuture.java:1771)
	at java.util.concurrent.CompletableFuture.get(CompletableFuture.java:1915)
	at org.apache.ratis.util.IOUtils.getFromFuture(IOUtils.java:79)
	... 4 more
2019-09-17 12:28:58,211 [9a3c5405-1b71-41e7-a1e6-d9c2b7bf9721@group-28FA94F01C3C-SegmentedRaftLogWorker] WARN  segmented.SegmentedRaftLogWorker (SegmentedRaftLogWorker.java:getFromFuture(90)) - Timeout 5/~
org.apache.ratis.protocol.TimeoutIOException: Timeout 10s: WriteLog:8: (t:1, i:8), STATEMACHINELOGENTRY, client-D1FE97365EAD, cid=17-writeStateMachineData
	at org.apache.ratis.util.IOUtils.getFromFuture(IOUtils.java:87)
	at org.apache.ratis.server.raftlog.segmented.SegmentedRaftLogWorker$StateMachineDataPolicy.getFromFuture(SegmentedRaftLogWorker.java:87)
	at org.apache.ratis.server.raftlog.segmented.SegmentedRaftLogWorker$WriteLog.execute(SegmentedRaftLogWorker.java:477)
	at org.apache.ratis.server.raftlog.segmented.SegmentedRaftLogWorker.run(SegmentedRaftLogWorker.java:289)
	at java.lang.Thread.run(Thread.java:748)
Caused by: java.util.concurrent.TimeoutException
	at java.util.concurrent.CompletableFuture.timedGet(CompletableFuture.java:1771)
	at java.util.concurrent.CompletableFuture.get(CompletableFuture.java:1915)
	at org.apache.ratis.util.IOUtils.getFromFuture(IOUtils.java:79)
	... 4 more
2019-09-17 12:28:58,590 [java.util.concurrent.ThreadPoolExecutor$Worker@46212d45[State = -1, empty queue]] WARN  server.GrpcLogAppender (GrpcLogAppender.java:timeoutAppendRequest(200)) - 9a3c5405-1b71-41e7-a1e6-d9c2b7bf9721@group-28FA94F01C3C->4005f9e4-9000-4048-961f-9439e52a6da7-GrpcLogAppender: appendEntries Timeout, request=9a3c5405-1b71-41e7-a1e6-d9c2b7bf9721->4005f9e4-9000-4048-961f-9439e52a6da7#35-t1, previous=(t:1, i:11), leaderCommit=6, initializing? false, entries: <empty>
2019-09-17 12:28:58,590 [java.util.concurrent.ThreadPoolExecutor$Worker@5e86a67c[State = -1, empty queue]] WARN  server.GrpcLogAppender (GrpcLogAppender.java:timeoutAppendRequest(200)) - 9a3c5405-1b71-41e7-a1e6-d9c2b7bf9721@group-28FA94F01C3C->597a450e-db00-46ca-b8ea-d9e1f9500f66-GrpcLogAppender: appendEntries Timeout, request=9a3c5405-1b71-41e7-a1e6-d9c2b7bf9721->597a450e-db00-46ca-b8ea-d9e1f9500f66#35-t1, previous=(t:1, i:11), leaderCommit=6, initializing? false, entries: <empty>
2019-09-17 12:28:58,801 [grpc-default-executor-3] INFO  client.GrpcClientProtocolClient (GrpcClientProtocolClient.java:onNext(264)) - client-D1FE97365EAD->597a450e-db00-46ca-b8ea-d9e1f9500f66: receive RaftClientReply:client-D1FE97365EAD->597a450e-db00-46ca-b8ea-d9e1f9500f66@group-28FA94F01C3C, cid=16, FAILED org.apache.ratis.protocol.NotLeaderException: Server 597a450e-db00-46ca-b8ea-d9e1f9500f66@group-28FA94F01C3C is not the leader 9a3c5405-1b71-41e7-a1e6-d9c2b7bf9721:192.168.5.130:42503, logIndex=0, commits[597a450e-db00-46ca-b8ea-d9e1f9500f66:c6, 9a3c5405-1b71-41e7-a1e6-d9c2b7bf9721:c6, 4005f9e4-9000-4048-961f-9439e52a6da7:c4]
2019-09-17 12:29:01,090 [java.util.concurrent.ThreadPoolExecutor$Worker@5e86a67c[State = -1, empty queue]] WARN  server.GrpcLogAppender (GrpcLogAppender.java:timeoutAppendRequest(200)) - 9a3c5405-1b71-41e7-a1e6-d9c2b7bf9721@group-28FA94F01C3C->597a450e-db00-46ca-b8ea-d9e1f9500f66-GrpcLogAppender: appendEntries Timeout, request=9a3c5405-1b71-41e7-a1e6-d9c2b7bf9721->597a450e-db00-46ca-b8ea-d9e1f9500f66#36-t1, previous=(t:1, i:11), leaderCommit=6, initializing? false, entries: <empty>
2019-09-17 12:29:01,090 [java.util.concurrent.ThreadPoolExecutor$Worker@46212d45[State = -1, empty queue]] WARN  server.GrpcLogAppender (GrpcLogAppender.java:timeoutAppendRequest(200)) - 9a3c5405-1b71-41e7-a1e6-d9c2b7bf9721@group-28FA94F01C3C->4005f9e4-9000-4048-961f-9439e52a6da7-GrpcLogAppender: appendEntries Timeout, request=9a3c5405-1b71-41e7-a1e6-d9c2b7bf9721->4005f9e4-9000-4048-961f-9439e52a6da7#36-t1, previous=(t:1, i:11), leaderCommit=6, initializing? false, entries: <empty>
2019-09-17 12:29:03,592 [java.util.concurrent.ThreadPoolExecutor$Worker@5e86a67c[State = -1, empty queue]] WARN  server.GrpcLogAppender (GrpcLogAppender.java:timeoutAppendRequest(200)) - 9a3c5405-1b71-41e7-a1e6-d9c2b7bf9721@group-28FA94F01C3C->597a450e-db00-46ca-b8ea-d9e1f9500f66-GrpcLogAppender: appendEntries Timeout, request=9a3c5405-1b71-41e7-a1e6-d9c2b7bf9721->597a450e-db00-46ca-b8ea-d9e1f9500f66#37-t1, previous=(t:1, i:11), leaderCommit=6, initializing? false, entries: <empty>
2019-09-17 12:29:03,592 [java.util.concurrent.ThreadPoolExecutor$Worker@46212d45[State = -1, empty queue]] WARN  server.GrpcLogAppender (GrpcLogAppender.java:timeoutAppendRequest(200)) - 9a3c5405-1b71-41e7-a1e6-d9c2b7bf9721@group-28FA94F01C3C->4005f9e4-9000-4048-961f-9439e52a6da7-GrpcLogAppender: appendEntries Timeout, request=9a3c5405-1b71-41e7-a1e6-d9c2b7bf9721->4005f9e4-9000-4048-961f-9439e52a6da7#37-t1, previous=(t:1, i:11), leaderCommit=6, initializing? false, entries: <empty>
2019-09-17 12:29:03,868 [grpc-default-executor-3] INFO  client.GrpcClientProtocolClient (GrpcClientProtocolClient.java:onNext(264)) - client-D1FE97365EAD->4005f9e4-9000-4048-961f-9439e52a6da7: receive RaftClientReply:client-D1FE97365EAD->4005f9e4-9000-4048-961f-9439e52a6da7@group-28FA94F01C3C, cid=16, FAILED org.apache.ratis.protocol.NotLeaderException: Server 4005f9e4-9000-4048-961f-9439e52a6da7@group-28FA94F01C3C is not the leader 9a3c5405-1b71-41e7-a1e6-d9c2b7bf9721:192.168.5.130:42503, logIndex=0, commits[4005f9e4-9000-4048-961f-9439e52a6da7:c6, 597a450e-db00-46ca-b8ea-d9e1f9500f66:c4, 9a3c5405-1b71-41e7-a1e6-d9c2b7bf9721:c6]
2019-09-17 12:29:06,093 [java.util.concurrent.ThreadPoolExecutor$Worker@46212d45[State = -1, empty queue]] WARN  server.GrpcLogAppender (GrpcLogAppender.java:timeoutAppendRequest(200)) - 9a3c5405-1b71-41e7-a1e6-d9c2b7bf9721@group-28FA94F01C3C->4005f9e4-9000-4048-961f-9439e52a6da7-GrpcLogAppender: appendEntries Timeout, request=9a3c5405-1b71-41e7-a1e6-d9c2b7bf9721->4005f9e4-9000-4048-961f-9439e52a6da7#38-t1, previous=(t:1, i:11), leaderCommit=6, initializing? false, entries: <empty>
2019-09-17 12:29:06,093 [java.util.concurrent.ThreadPoolExecutor$Worker@5e86a67c[State = -1, empty queue]] WARN  server.GrpcLogAppender (GrpcLogAppender.java:timeoutAppendRequest(200)) - 9a3c5405-1b71-41e7-a1e6-d9c2b7bf9721@group-28FA94F01C3C->597a450e-db00-46ca-b8ea-d9e1f9500f66-GrpcLogAppender: appendEntries Timeout, request=9a3c5405-1b71-41e7-a1e6-d9c2b7bf9721->597a450e-db00-46ca-b8ea-d9e1f9500f66#38-t1, previous=(t:1, i:11), leaderCommit=6, initializing? false, entries: <empty>
2019-09-17 12:29:08,211 [597a450e-db00-46ca-b8ea-d9e1f9500f66@group-28FA94F01C3C-SegmentedRaftLogWorker] WARN  segmented.SegmentedRaftLogWorker (SegmentedRaftLogWorker.java:getFromFuture(90)) - Timeout 6/~
org.apache.ratis.protocol.TimeoutIOException: Timeout 10s: WriteLog:8: (t:1, i:8), STATEMACHINELOGENTRY, client-D1FE97365EAD, cid=17-writeStateMachineData
	at org.apache.ratis.util.IOUtils.getFromFuture(IOUtils.java:87)
	at org.apache.ratis.server.raftlog.segmented.SegmentedRaftLogWorker$StateMachineDataPolicy.getFromFuture(SegmentedRaftLogWorker.java:87)
	at org.apache.ratis.server.raftlog.segmented.SegmentedRaftLogWorker$WriteLog.execute(SegmentedRaftLogWorker.java:477)
	at org.apache.ratis.server.raftlog.segmented.SegmentedRaftLogWorker.run(SegmentedRaftLogWorker.java:289)
	at java.lang.Thread.run(Thread.java:748)
Caused by: java.util.concurrent.TimeoutException
	at java.util.concurrent.CompletableFuture.timedGet(CompletableFuture.java:1771)
	at java.util.concurrent.CompletableFuture.get(CompletableFuture.java:1915)
	at org.apache.ratis.util.IOUtils.getFromFuture(IOUtils.java:79)
	... 4 more
2019-09-17 12:29:08,212 [9a3c5405-1b71-41e7-a1e6-d9c2b7bf9721@group-28FA94F01C3C-SegmentedRaftLogWorker] WARN  segmented.SegmentedRaftLogWorker (SegmentedRaftLogWorker.java:getFromFuture(90)) - Timeout 6/~
org.apache.ratis.protocol.TimeoutIOException: Timeout 10s: WriteLog:8: (t:1, i:8), STATEMACHINELOGENTRY, client-D1FE97365EAD, cid=17-writeStateMachineData
	at org.apache.ratis.util.IOUtils.getFromFuture(IOUtils.java:87)
	at org.apache.ratis.server.raftlog.segmented.SegmentedRaftLogWorker$StateMachineDataPolicy.getFromFuture(SegmentedRaftLogWorker.java:87)
	at org.apache.ratis.server.raftlog.segmented.SegmentedRaftLogWorker$WriteLog.execute(SegmentedRaftLogWorker.java:477)
	at org.apache.ratis.server.raftlog.segmented.SegmentedRaftLogWorker.run(SegmentedRaftLogWorker.java:289)
	at java.lang.Thread.run(Thread.java:748)
Caused by: java.util.concurrent.TimeoutException
	at java.util.concurrent.CompletableFuture.timedGet(CompletableFuture.java:1771)
	at java.util.concurrent.CompletableFuture.get(CompletableFuture.java:1915)
	at org.apache.ratis.util.IOUtils.getFromFuture(IOUtils.java:79)
	... 4 more
2019-09-17 12:29:08,211 [4005f9e4-9000-4048-961f-9439e52a6da7@group-28FA94F01C3C-SegmentedRaftLogWorker] WARN  segmented.SegmentedRaftLogWorker (SegmentedRaftLogWorker.java:getFromFuture(90)) - Timeout 6/~
org.apache.ratis.protocol.TimeoutIOException: Timeout 10s: WriteLog:8: (t:1, i:8), STATEMACHINELOGENTRY, client-D1FE97365EAD, cid=17-writeStateMachineData
	at org.apache.ratis.util.IOUtils.getFromFuture(IOUtils.java:87)
	at org.apache.ratis.server.raftlog.segmented.SegmentedRaftLogWorker$StateMachineDataPolicy.getFromFuture(SegmentedRaftLogWorker.java:87)
	at org.apache.ratis.server.raftlog.segmented.SegmentedRaftLogWorker$WriteLog.execute(SegmentedRaftLogWorker.java:477)
	at org.apache.ratis.server.raftlog.segmented.SegmentedRaftLogWorker.run(SegmentedRaftLogWorker.java:289)
	at java.lang.Thread.run(Thread.java:748)
Caused by: java.util.concurrent.TimeoutException
	at java.util.concurrent.CompletableFuture.timedGet(CompletableFuture.java:1771)
	at java.util.concurrent.CompletableFuture.get(CompletableFuture.java:1915)
	at org.apache.ratis.util.IOUtils.getFromFuture(IOUtils.java:79)
	... 4 more
2019-09-17 12:29:08,594 [java.util.concurrent.ThreadPoolExecutor$Worker@5e86a67c[State = -1, empty queue]] WARN  server.GrpcLogAppender (GrpcLogAppender.java:timeoutAppendRequest(200)) - 9a3c5405-1b71-41e7-a1e6-d9c2b7bf9721@group-28FA94F01C3C->597a450e-db00-46ca-b8ea-d9e1f9500f66-GrpcLogAppender: appendEntries Timeout, request=9a3c5405-1b71-41e7-a1e6-d9c2b7bf9721->597a450e-db00-46ca-b8ea-d9e1f9500f66#39-t1, previous=(t:1, i:11), leaderCommit=6, initializing? false, entries: <empty>
2019-09-17 12:29:08,594 [java.util.concurrent.ThreadPoolExecutor$Worker@46212d45[State = -1, empty queue]] WARN  server.GrpcLogAppender (GrpcLogAppender.java:timeoutAppendRequest(200)) - 9a3c5405-1b71-41e7-a1e6-d9c2b7bf9721@group-28FA94F01C3C->4005f9e4-9000-4048-961f-9439e52a6da7-GrpcLogAppender: appendEntries Timeout, request=9a3c5405-1b71-41e7-a1e6-d9c2b7bf9721->4005f9e4-9000-4048-961f-9439e52a6da7#39-t1, previous=(t:1, i:11), leaderCommit=6, initializing? false, entries: <empty>
2019-09-17 12:29:08,942 [grpc-default-executor-0] INFO  client.GrpcClientProtocolClient (GrpcClientProtocolClient.java:onNext(264)) - client-D1FE97365EAD->597a450e-db00-46ca-b8ea-d9e1f9500f66: receive RaftClientReply:client-D1FE97365EAD->597a450e-db00-46ca-b8ea-d9e1f9500f66@group-28FA94F01C3C, cid=16, FAILED org.apache.ratis.protocol.NotLeaderException: Server 597a450e-db00-46ca-b8ea-d9e1f9500f66@group-28FA94F01C3C is not the leader 9a3c5405-1b71-41e7-a1e6-d9c2b7bf9721:192.168.5.130:42503, logIndex=0, commits[597a450e-db00-46ca-b8ea-d9e1f9500f66:c6, 9a3c5405-1b71-41e7-a1e6-d9c2b7bf9721:c6, 4005f9e4-9000-4048-961f-9439e52a6da7:c4]
2019-09-17 12:29:11,095 [java.util.concurrent.ThreadPoolExecutor$Worker@5e86a67c[State = -1, empty queue]] WARN  server.GrpcLogAppender (GrpcLogAppender.java:timeoutAppendRequest(200)) - 9a3c5405-1b71-41e7-a1e6-d9c2b7bf9721@group-28FA94F01C3C->597a450e-db00-46ca-b8ea-d9e1f9500f66-GrpcLogAppender: appendEntries Timeout, request=9a3c5405-1b71-41e7-a1e6-d9c2b7bf9721->597a450e-db00-46ca-b8ea-d9e1f9500f66#40-t1, previous=(t:1, i:11), leaderCommit=6, initializing? false, entries: <empty>
2019-09-17 12:29:11,095 [java.util.concurrent.ThreadPoolExecutor$Worker@46212d45[State = -1, empty queue]] WARN  server.GrpcLogAppender (GrpcLogAppender.java:timeoutAppendRequest(200)) - 9a3c5405-1b71-41e7-a1e6-d9c2b7bf9721@group-28FA94F01C3C->4005f9e4-9000-4048-961f-9439e52a6da7-GrpcLogAppender: appendEntries Timeout, request=9a3c5405-1b71-41e7-a1e6-d9c2b7bf9721->4005f9e4-9000-4048-961f-9439e52a6da7#40-t1, previous=(t:1, i:11), leaderCommit=6, initializing? false, entries: <empty>
2019-09-17 12:29:13,596 [java.util.concurrent.ThreadPoolExecutor$Worker@5e86a67c[State = -1, empty queue]] WARN  server.GrpcLogAppender (GrpcLogAppender.java:timeoutAppendRequest(200)) - 9a3c5405-1b71-41e7-a1e6-d9c2b7bf9721@group-28FA94F01C3C->597a450e-db00-46ca-b8ea-d9e1f9500f66-GrpcLogAppender: appendEntries Timeout, request=9a3c5405-1b71-41e7-a1e6-d9c2b7bf9721->597a450e-db00-46ca-b8ea-d9e1f9500f66#41-t1, previous=(t:1, i:11), leaderCommit=6, initializing? false, entries: <empty>
2019-09-17 12:29:13,596 [java.util.concurrent.ThreadPoolExecutor$Worker@46212d45[State = -1, empty queue]] WARN  server.GrpcLogAppender (GrpcLogAppender.java:timeoutAppendRequest(200)) - 9a3c5405-1b71-41e7-a1e6-d9c2b7bf9721@group-28FA94F01C3C->4005f9e4-9000-4048-961f-9439e52a6da7-GrpcLogAppender: appendEntries Timeout, request=9a3c5405-1b71-41e7-a1e6-d9c2b7bf9721->4005f9e4-9000-4048-961f-9439e52a6da7#41-t1, previous=(t:1, i:11), leaderCommit=6, initializing? false, entries: <empty>
2019-09-17 12:29:14,021 [grpc-default-executor-3] INFO  client.GrpcClientProtocolClient (GrpcClientProtocolClient.java:onNext(264)) - client-D1FE97365EAD->4005f9e4-9000-4048-961f-9439e52a6da7: receive RaftClientReply:client-D1FE97365EAD->4005f9e4-9000-4048-961f-9439e52a6da7@group-28FA94F01C3C, cid=16, FAILED org.apache.ratis.protocol.NotLeaderException: Server 4005f9e4-9000-4048-961f-9439e52a6da7@group-28FA94F01C3C is not the leader 9a3c5405-1b71-41e7-a1e6-d9c2b7bf9721:192.168.5.130:42503, logIndex=0, commits[4005f9e4-9000-4048-961f-9439e52a6da7:c6, 597a450e-db00-46ca-b8ea-d9e1f9500f66:c4, 9a3c5405-1b71-41e7-a1e6-d9c2b7bf9721:c6]
2019-09-17 12:29:16,096 [java.util.concurrent.ThreadPoolExecutor$Worker@46212d45[State = -1, empty queue]] WARN  server.GrpcLogAppender (GrpcLogAppender.java:timeoutAppendRequest(200)) - 9a3c5405-1b71-41e7-a1e6-d9c2b7bf9721@group-28FA94F01C3C->4005f9e4-9000-4048-961f-9439e52a6da7-GrpcLogAppender: appendEntries Timeout, request=9a3c5405-1b71-41e7-a1e6-d9c2b7bf9721->4005f9e4-9000-4048-961f-9439e52a6da7#42-t1, previous=(t:1, i:11), leaderCommit=6, initializing? false, entries: <empty>
2019-09-17 12:29:16,096 [java.util.concurrent.ThreadPoolExecutor$Worker@5e86a67c[State = -1, empty queue]] WARN  server.GrpcLogAppender (GrpcLogAppender.java:timeoutAppendRequest(200)) - 9a3c5405-1b71-41e7-a1e6-d9c2b7bf9721@group-28FA94F01C3C->597a450e-db00-46ca-b8ea-d9e1f9500f66-GrpcLogAppender: appendEntries Timeout, request=9a3c5405-1b71-41e7-a1e6-d9c2b7bf9721->597a450e-db00-46ca-b8ea-d9e1f9500f66#42-t1, previous=(t:1, i:11), leaderCommit=6, initializing? false, entries: <empty>
2019-09-17 12:29:18,212 [597a450e-db00-46ca-b8ea-d9e1f9500f66@group-28FA94F01C3C-SegmentedRaftLogWorker] WARN  segmented.SegmentedRaftLogWorker (SegmentedRaftLogWorker.java:getFromFuture(90)) - Timeout 7/~
org.apache.ratis.protocol.TimeoutIOException: Timeout 10s: WriteLog:8: (t:1, i:8), STATEMACHINELOGENTRY, client-D1FE97365EAD, cid=17-writeStateMachineData
	at org.apache.ratis.util.IOUtils.getFromFuture(IOUtils.java:87)
	at org.apache.ratis.server.raftlog.segmented.SegmentedRaftLogWorker$StateMachineDataPolicy.getFromFuture(SegmentedRaftLogWorker.java:87)
	at org.apache.ratis.server.raftlog.segmented.SegmentedRaftLogWorker$WriteLog.execute(SegmentedRaftLogWorker.java:477)
	at org.apache.ratis.server.raftlog.segmented.SegmentedRaftLogWorker.run(SegmentedRaftLogWorker.java:289)
	at java.lang.Thread.run(Thread.java:748)
Caused by: java.util.concurrent.TimeoutException
	at java.util.concurrent.CompletableFuture.timedGet(CompletableFuture.java:1771)
	at java.util.concurrent.CompletableFuture.get(CompletableFuture.java:1915)
	at org.apache.ratis.util.IOUtils.getFromFuture(IOUtils.java:79)
	... 4 more
2019-09-17 12:29:18,236 [9a3c5405-1b71-41e7-a1e6-d9c2b7bf9721@group-28FA94F01C3C-SegmentedRaftLogWorker] WARN  segmented.SegmentedRaftLogWorker (SegmentedRaftLogWorker.java:getFromFuture(90)) - Timeout 7/~
org.apache.ratis.protocol.TimeoutIOException: Timeout 10s: WriteLog:8: (t:1, i:8), STATEMACHINELOGENTRY, client-D1FE97365EAD, cid=17-writeStateMachineData
	at org.apache.ratis.util.IOUtils.getFromFuture(IOUtils.java:87)
	at org.apache.ratis.server.raftlog.segmented.SegmentedRaftLogWorker$StateMachineDataPolicy.getFromFuture(SegmentedRaftLogWorker.java:87)
	at org.apache.ratis.server.raftlog.segmented.SegmentedRaftLogWorker$WriteLog.execute(SegmentedRaftLogWorker.java:477)
	at org.apache.ratis.server.raftlog.segmented.SegmentedRaftLogWorker.run(SegmentedRaftLogWorker.java:289)
	at java.lang.Thread.run(Thread.java:748)
Caused by: java.util.concurrent.TimeoutException
	at java.util.concurrent.CompletableFuture.timedGet(CompletableFuture.java:1771)
	at java.util.concurrent.CompletableFuture.get(CompletableFuture.java:1915)
	at org.apache.ratis.util.IOUtils.getFromFuture(IOUtils.java:79)
	... 4 more
2019-09-17 12:29:18,237 [4005f9e4-9000-4048-961f-9439e52a6da7@group-28FA94F01C3C-SegmentedRaftLogWorker] WARN  segmented.SegmentedRaftLogWorker (SegmentedRaftLogWorker.java:getFromFuture(90)) - Timeout 7/~
org.apache.ratis.protocol.TimeoutIOException: Timeout 10s: WriteLog:8: (t:1, i:8), STATEMACHINELOGENTRY, client-D1FE97365EAD, cid=17-writeStateMachineData
	at org.apache.ratis.util.IOUtils.getFromFuture(IOUtils.java:87)
	at org.apache.ratis.server.raftlog.segmented.SegmentedRaftLogWorker$StateMachineDataPolicy.getFromFuture(SegmentedRaftLogWorker.java:87)
	at org.apache.ratis.server.raftlog.segmented.SegmentedRaftLogWorker$WriteLog.execute(SegmentedRaftLogWorker.java:477)
	at org.apache.ratis.server.raftlog.segmented.SegmentedRaftLogWorker.run(SegmentedRaftLogWorker.java:289)
	at java.lang.Thread.run(Thread.java:748)
Caused by: java.util.concurrent.TimeoutException
	at java.util.concurrent.CompletableFuture.timedGet(CompletableFuture.java:1771)
	at java.util.concurrent.CompletableFuture.get(CompletableFuture.java:1915)
	at org.apache.ratis.util.IOUtils.getFromFuture(IOUtils.java:79)
	... 4 more
2019-09-17 12:29:18,597 [java.util.concurrent.ThreadPoolExecutor$Worker@46212d45[State = -1, empty queue]] WARN  server.GrpcLogAppender (GrpcLogAppender.java:timeoutAppendRequest(200)) - 9a3c5405-1b71-41e7-a1e6-d9c2b7bf9721@group-28FA94F01C3C->4005f9e4-9000-4048-961f-9439e52a6da7-GrpcLogAppender: appendEntries Timeout, request=9a3c5405-1b71-41e7-a1e6-d9c2b7bf9721->4005f9e4-9000-4048-961f-9439e52a6da7#43-t1, previous=(t:1, i:11), leaderCommit=6, initializing? false, entries: <empty>
2019-09-17 12:29:18,597 [java.util.concurrent.ThreadPoolExecutor$Worker@5e86a67c[State = -1, empty queue]] WARN  server.GrpcLogAppender (GrpcLogAppender.java:timeoutAppendRequest(200)) - 9a3c5405-1b71-41e7-a1e6-d9c2b7bf9721@group-28FA94F01C3C->597a450e-db00-46ca-b8ea-d9e1f9500f66-GrpcLogAppender: appendEntries Timeout, request=9a3c5405-1b71-41e7-a1e6-d9c2b7bf9721->597a450e-db00-46ca-b8ea-d9e1f9500f66#43-t1, previous=(t:1, i:11), leaderCommit=6, initializing? false, entries: <empty>
2019-09-17 12:29:19,086 [grpc-default-executor-0] INFO  client.GrpcClientProtocolClient (GrpcClientProtocolClient.java:onNext(264)) - client-D1FE97365EAD->4005f9e4-9000-4048-961f-9439e52a6da7: receive RaftClientReply:client-D1FE97365EAD->4005f9e4-9000-4048-961f-9439e52a6da7@group-28FA94F01C3C, cid=16, FAILED org.apache.ratis.protocol.NotLeaderException: Server 4005f9e4-9000-4048-961f-9439e52a6da7@group-28FA94F01C3C is not the leader 9a3c5405-1b71-41e7-a1e6-d9c2b7bf9721:192.168.5.130:42503, logIndex=0, commits[4005f9e4-9000-4048-961f-9439e52a6da7:c6, 597a450e-db00-46ca-b8ea-d9e1f9500f66:c4, 9a3c5405-1b71-41e7-a1e6-d9c2b7bf9721:c6]
2019-09-17 12:29:21,098 [java.util.concurrent.ThreadPoolExecutor$Worker@46212d45[State = -1, empty queue]] WARN  server.GrpcLogAppender (GrpcLogAppender.java:timeoutAppendRequest(200)) - 9a3c5405-1b71-41e7-a1e6-d9c2b7bf9721@group-28FA94F01C3C->4005f9e4-9000-4048-961f-9439e52a6da7-GrpcLogAppender: appendEntries Timeout, request=9a3c5405-1b71-41e7-a1e6-d9c2b7bf9721->4005f9e4-9000-4048-961f-9439e52a6da7#44-t1, previous=(t:1, i:11), leaderCommit=6, initializing? false, entries: <empty>
2019-09-17 12:29:21,098 [java.util.concurrent.ThreadPoolExecutor$Worker@5e86a67c[State = -1, empty queue]] WARN  server.GrpcLogAppender (GrpcLogAppender.java:timeoutAppendRequest(200)) - 9a3c5405-1b71-41e7-a1e6-d9c2b7bf9721@group-28FA94F01C3C->597a450e-db00-46ca-b8ea-d9e1f9500f66-GrpcLogAppender: appendEntries Timeout, request=9a3c5405-1b71-41e7-a1e6-d9c2b7bf9721->597a450e-db00-46ca-b8ea-d9e1f9500f66#44-t1, previous=(t:1, i:11), leaderCommit=6, initializing? false, entries: <empty>
2019-09-17 12:29:23,599 [java.util.concurrent.ThreadPoolExecutor$Worker@5e86a67c[State = -1, empty queue]] WARN  server.GrpcLogAppender (GrpcLogAppender.java:timeoutAppendRequest(200)) - 9a3c5405-1b71-41e7-a1e6-d9c2b7bf9721@group-28FA94F01C3C->597a450e-db00-46ca-b8ea-d9e1f9500f66-GrpcLogAppender: appendEntries Timeout, request=9a3c5405-1b71-41e7-a1e6-d9c2b7bf9721->597a450e-db00-46ca-b8ea-d9e1f9500f66#45-t1, previous=(t:1, i:11), leaderCommit=6, initializing? false, entries: <empty>
2019-09-17 12:29:23,599 [java.util.concurrent.ThreadPoolExecutor$Worker@46212d45[State = -1, empty queue]] WARN  server.GrpcLogAppender (GrpcLogAppender.java:timeoutAppendRequest(200)) - 9a3c5405-1b71-41e7-a1e6-d9c2b7bf9721@group-28FA94F01C3C->4005f9e4-9000-4048-961f-9439e52a6da7-GrpcLogAppender: appendEntries Timeout, request=9a3c5405-1b71-41e7-a1e6-d9c2b7bf9721->4005f9e4-9000-4048-961f-9439e52a6da7#45-t1, previous=(t:1, i:11), leaderCommit=6, initializing? false, entries: <empty>
2019-09-17 12:29:24,136 [grpc-default-executor-0] INFO  client.GrpcClientProtocolClient (GrpcClientProtocolClient.java:onNext(264)) - client-D1FE97365EAD->4005f9e4-9000-4048-961f-9439e52a6da7: receive RaftClientReply:client-D1FE97365EAD->4005f9e4-9000-4048-961f-9439e52a6da7@group-28FA94F01C3C, cid=16, FAILED org.apache.ratis.protocol.NotLeaderException: Server 4005f9e4-9000-4048-961f-9439e52a6da7@group-28FA94F01C3C is not the leader 9a3c5405-1b71-41e7-a1e6-d9c2b7bf9721:192.168.5.130:42503, logIndex=0, commits[4005f9e4-9000-4048-961f-9439e52a6da7:c6, 597a450e-db00-46ca-b8ea-d9e1f9500f66:c4, 9a3c5405-1b71-41e7-a1e6-d9c2b7bf9721:c6]
2019-09-17 12:29:26,102 [java.util.concurrent.ThreadPoolExecutor$Worker@46212d45[State = -1, empty queue]] WARN  server.GrpcLogAppender (GrpcLogAppender.java:timeoutAppendRequest(200)) - 9a3c5405-1b71-41e7-a1e6-d9c2b7bf9721@group-28FA94F01C3C->4005f9e4-9000-4048-961f-9439e52a6da7-GrpcLogAppender: appendEntries Timeout, request=9a3c5405-1b71-41e7-a1e6-d9c2b7bf9721->4005f9e4-9000-4048-961f-9439e52a6da7#46-t1, previous=(t:1, i:11), leaderCommit=6, initializing? false, entries: <empty>
2019-09-17 12:29:26,102 [java.util.concurrent.ThreadPoolExecutor$Worker@5e86a67c[State = -1, empty queue]] WARN  server.GrpcLogAppender (GrpcLogAppender.java:timeoutAppendRequest(200)) - 9a3c5405-1b71-41e7-a1e6-d9c2b7bf9721@group-28FA94F01C3C->597a450e-db00-46ca-b8ea-d9e1f9500f66-GrpcLogAppender: appendEntries Timeout, request=9a3c5405-1b71-41e7-a1e6-d9c2b7bf9721->597a450e-db00-46ca-b8ea-d9e1f9500f66#46-t1, previous=(t:1, i:11), leaderCommit=6, initializing? false, entries: <empty>
2019-09-17 12:29:28,213 [597a450e-db00-46ca-b8ea-d9e1f9500f66@group-28FA94F01C3C-SegmentedRaftLogWorker] WARN  segmented.SegmentedRaftLogWorker (SegmentedRaftLogWorker.java:getFromFuture(90)) - Timeout 8/~
org.apache.ratis.protocol.TimeoutIOException: Timeout 10s: WriteLog:8: (t:1, i:8), STATEMACHINELOGENTRY, client-D1FE97365EAD, cid=17-writeStateMachineData
	at org.apache.ratis.util.IOUtils.getFromFuture(IOUtils.java:87)
	at org.apache.ratis.server.raftlog.segmented.SegmentedRaftLogWorker$StateMachineDataPolicy.getFromFuture(SegmentedRaftLogWorker.java:87)
	at org.apache.ratis.server.raftlog.segmented.SegmentedRaftLogWorker$WriteLog.execute(SegmentedRaftLogWorker.java:477)
	at org.apache.ratis.server.raftlog.segmented.SegmentedRaftLogWorker.run(SegmentedRaftLogWorker.java:289)
	at java.lang.Thread.run(Thread.java:748)
Caused by: java.util.concurrent.TimeoutException
	at java.util.concurrent.CompletableFuture.timedGet(CompletableFuture.java:1771)
	at java.util.concurrent.CompletableFuture.get(CompletableFuture.java:1915)
	at org.apache.ratis.util.IOUtils.getFromFuture(IOUtils.java:79)
	... 4 more
2019-09-17 12:29:28,237 [9a3c5405-1b71-41e7-a1e6-d9c2b7bf9721@group-28FA94F01C3C-SegmentedRaftLogWorker] WARN  segmented.SegmentedRaftLogWorker (SegmentedRaftLogWorker.java:getFromFuture(90)) - Timeout 8/~
org.apache.ratis.protocol.TimeoutIOException: Timeout 10s: WriteLog:8: (t:1, i:8), STATEMACHINELOGENTRY, client-D1FE97365EAD, cid=17-writeStateMachineData
	at org.apache.ratis.util.IOUtils.getFromFuture(IOUtils.java:87)
	at org.apache.ratis.server.raftlog.segmented.SegmentedRaftLogWorker$StateMachineDataPolicy.getFromFuture(SegmentedRaftLogWorker.java:87)
	at org.apache.ratis.server.raftlog.segmented.SegmentedRaftLogWorker$WriteLog.execute(SegmentedRaftLogWorker.java:477)
	at org.apache.ratis.server.raftlog.segmented.SegmentedRaftLogWorker.run(SegmentedRaftLogWorker.java:289)
	at java.lang.Thread.run(Thread.java:748)
Caused by: java.util.concurrent.TimeoutException
	at java.util.concurrent.CompletableFuture.timedGet(CompletableFuture.java:1771)
	at java.util.concurrent.CompletableFuture.get(CompletableFuture.java:1915)
	at org.apache.ratis.util.IOUtils.getFromFuture(IOUtils.java:79)
	... 4 more
2019-09-17 12:29:28,238 [4005f9e4-9000-4048-961f-9439e52a6da7@group-28FA94F01C3C-SegmentedRaftLogWorker] WARN  segmented.SegmentedRaftLogWorker (SegmentedRaftLogWorker.java:getFromFuture(90)) - Timeout 8/~
org.apache.ratis.protocol.TimeoutIOException: Timeout 10s: WriteLog:8: (t:1, i:8), STATEMACHINELOGENTRY, client-D1FE97365EAD, cid=17-writeStateMachineData
	at org.apache.ratis.util.IOUtils.getFromFuture(IOUtils.java:87)
	at org.apache.ratis.server.raftlog.segmented.SegmentedRaftLogWorker$StateMachineDataPolicy.getFromFuture(SegmentedRaftLogWorker.java:87)
	at org.apache.ratis.server.raftlog.segmented.SegmentedRaftLogWorker$WriteLog.execute(SegmentedRaftLogWorker.java:477)
	at org.apache.ratis.server.raftlog.segmented.SegmentedRaftLogWorker.run(SegmentedRaftLogWorker.java:289)
	at java.lang.Thread.run(Thread.java:748)
Caused by: java.util.concurrent.TimeoutException
	at java.util.concurrent.CompletableFuture.timedGet(CompletableFuture.java:1771)
	at java.util.concurrent.CompletableFuture.get(CompletableFuture.java:1915)
	at org.apache.ratis.util.IOUtils.getFromFuture(IOUtils.java:79)
	... 4 more
2019-09-17 12:29:28,602 [java.util.concurrent.ThreadPoolExecutor$Worker@46212d45[State = -1, empty queue]] WARN  server.GrpcLogAppender (GrpcLogAppender.java:timeoutAppendRequest(200)) - 9a3c5405-1b71-41e7-a1e6-d9c2b7bf9721@group-28FA94F01C3C->4005f9e4-9000-4048-961f-9439e52a6da7-GrpcLogAppender: appendEntries Timeout, request=9a3c5405-1b71-41e7-a1e6-d9c2b7bf9721->4005f9e4-9000-4048-961f-9439e52a6da7#47-t1, previous=(t:1, i:11), leaderCommit=6, initializing? false, entries: <empty>
2019-09-17 12:29:28,602 [java.util.concurrent.ThreadPoolExecutor$Worker@5e86a67c[State = -1, empty queue]] WARN  server.GrpcLogAppender (GrpcLogAppender.java:timeoutAppendRequest(200)) - 9a3c5405-1b71-41e7-a1e6-d9c2b7bf9721@group-28FA94F01C3C->597a450e-db00-46ca-b8ea-d9e1f9500f66-GrpcLogAppender: appendEntries Timeout, request=9a3c5405-1b71-41e7-a1e6-d9c2b7bf9721->597a450e-db00-46ca-b8ea-d9e1f9500f66#47-t1, previous=(t:1, i:11), leaderCommit=6, initializing? false, entries: <empty>
2019-09-17 12:29:29,189 [grpc-default-executor-0] INFO  client.GrpcClientProtocolClient (GrpcClientProtocolClient.java:onNext(264)) - client-D1FE97365EAD->597a450e-db00-46ca-b8ea-d9e1f9500f66: receive RaftClientReply:client-D1FE97365EAD->597a450e-db00-46ca-b8ea-d9e1f9500f66@group-28FA94F01C3C, cid=16, FAILED org.apache.ratis.protocol.NotLeaderException: Server 597a450e-db00-46ca-b8ea-d9e1f9500f66@group-28FA94F01C3C is not the leader 9a3c5405-1b71-41e7-a1e6-d9c2b7bf9721:192.168.5.130:42503, logIndex=0, commits[597a450e-db00-46ca-b8ea-d9e1f9500f66:c6, 9a3c5405-1b71-41e7-a1e6-d9c2b7bf9721:c6, 4005f9e4-9000-4048-961f-9439e52a6da7:c4]
2019-09-17 12:29:31,104 [java.util.concurrent.ThreadPoolExecutor$Worker@5e86a67c[State = -1, empty queue]] WARN  server.GrpcLogAppender (GrpcLogAppender.java:timeoutAppendRequest(200)) - 9a3c5405-1b71-41e7-a1e6-d9c2b7bf9721@group-28FA94F01C3C->597a450e-db00-46ca-b8ea-d9e1f9500f66-GrpcLogAppender: appendEntries Timeout, request=9a3c5405-1b71-41e7-a1e6-d9c2b7bf9721->597a450e-db00-46ca-b8ea-d9e1f9500f66#48-t1, previous=(t:1, i:11), leaderCommit=6, initializing? false, entries: <empty>
2019-09-17 12:29:31,104 [java.util.concurrent.ThreadPoolExecutor$Worker@46212d45[State = -1, empty queue]] WARN  server.GrpcLogAppender (GrpcLogAppender.java:timeoutAppendRequest(200)) - 9a3c5405-1b71-41e7-a1e6-d9c2b7bf9721@group-28FA94F01C3C->4005f9e4-9000-4048-961f-9439e52a6da7-GrpcLogAppender: appendEntries Timeout, request=9a3c5405-1b71-41e7-a1e6-d9c2b7bf9721->4005f9e4-9000-4048-961f-9439e52a6da7#48-t1, previous=(t:1, i:11), leaderCommit=6, initializing? false, entries: <empty>
2019-09-17 12:29:33,604 [java.util.concurrent.ThreadPoolExecutor$Worker@46212d45[State = -1, empty queue]] WARN  server.GrpcLogAppender (GrpcLogAppender.java:timeoutAppendRequest(200)) - 9a3c5405-1b71-41e7-a1e6-d9c2b7bf9721@group-28FA94F01C3C->4005f9e4-9000-4048-961f-9439e52a6da7-GrpcLogAppender: appendEntries Timeout, request=9a3c5405-1b71-41e7-a1e6-d9c2b7bf9721->4005f9e4-9000-4048-961f-9439e52a6da7#49-t1, previous=(t:1, i:11), leaderCommit=6, initializing? false, entries: <empty>
2019-09-17 12:29:33,604 [java.util.concurrent.ThreadPoolExecutor$Worker@5e86a67c[State = -1, empty queue]] WARN  server.GrpcLogAppender (GrpcLogAppender.java:timeoutAppendRequest(200)) - 9a3c5405-1b71-41e7-a1e6-d9c2b7bf9721@group-28FA94F01C3C->597a450e-db00-46ca-b8ea-d9e1f9500f66-GrpcLogAppender: appendEntries Timeout, request=9a3c5405-1b71-41e7-a1e6-d9c2b7bf9721->597a450e-db00-46ca-b8ea-d9e1f9500f66#49-t1, previous=(t:1, i:11), leaderCommit=6, initializing? false, entries: <empty>
2019-09-17 12:29:34,236 [grpc-default-executor-0] INFO  client.GrpcClientProtocolClient (GrpcClientProtocolClient.java:onNext(264)) - client-D1FE97365EAD->597a450e-db00-46ca-b8ea-d9e1f9500f66: receive RaftClientReply:client-D1FE97365EAD->597a450e-db00-46ca-b8ea-d9e1f9500f66@group-28FA94F01C3C, cid=16, FAILED org.apache.ratis.protocol.NotLeaderException: Server 597a450e-db00-46ca-b8ea-d9e1f9500f66@group-28FA94F01C3C is not the leader 9a3c5405-1b71-41e7-a1e6-d9c2b7bf9721:192.168.5.130:42503, logIndex=0, commits[597a450e-db00-46ca-b8ea-d9e1f9500f66:c6, 9a3c5405-1b71-41e7-a1e6-d9c2b7bf9721:c6, 4005f9e4-9000-4048-961f-9439e52a6da7:c4]
2019-09-17 12:29:36,105 [java.util.concurrent.ThreadPoolExecutor$Worker@5e86a67c[State = -1, empty queue]] WARN  server.GrpcLogAppender (GrpcLogAppender.java:timeoutAppendRequest(200)) - 9a3c5405-1b71-41e7-a1e6-d9c2b7bf9721@group-28FA94F01C3C->597a450e-db00-46ca-b8ea-d9e1f9500f66-GrpcLogAppender: appendEntries Timeout, request=9a3c5405-1b71-41e7-a1e6-d9c2b7bf9721->597a450e-db00-46ca-b8ea-d9e1f9500f66#50-t1, previous=(t:1, i:11), leaderCommit=6, initializing? false, entries: <empty>
2019-09-17 12:29:36,105 [java.util.concurrent.ThreadPoolExecutor$Worker@46212d45[State = -1, empty queue]] WARN  server.GrpcLogAppender (GrpcLogAppender.java:timeoutAppendRequest(200)) - 9a3c5405-1b71-41e7-a1e6-d9c2b7bf9721@group-28FA94F01C3C->4005f9e4-9000-4048-961f-9439e52a6da7-GrpcLogAppender: appendEntries Timeout, request=9a3c5405-1b71-41e7-a1e6-d9c2b7bf9721->4005f9e4-9000-4048-961f-9439e52a6da7#50-t1, previous=(t:1, i:11), leaderCommit=6, initializing? false, entries: <empty>
2019-09-17 12:29:38,215 [597a450e-db00-46ca-b8ea-d9e1f9500f66@group-28FA94F01C3C-SegmentedRaftLogWorker] WARN  segmented.SegmentedRaftLogWorker (SegmentedRaftLogWorker.java:getFromFuture(90)) - Timeout 9/~
org.apache.ratis.protocol.TimeoutIOException: Timeout 10s: WriteLog:8: (t:1, i:8), STATEMACHINELOGENTRY, client-D1FE97365EAD, cid=17-writeStateMachineData
	at org.apache.ratis.util.IOUtils.getFromFuture(IOUtils.java:87)
	at org.apache.ratis.server.raftlog.segmented.SegmentedRaftLogWorker$StateMachineDataPolicy.getFromFuture(SegmentedRaftLogWorker.java:87)
	at org.apache.ratis.server.raftlog.segmented.SegmentedRaftLogWorker$WriteLog.execute(SegmentedRaftLogWorker.java:477)
	at org.apache.ratis.server.raftlog.segmented.SegmentedRaftLogWorker.run(SegmentedRaftLogWorker.java:289)
	at java.lang.Thread.run(Thread.java:748)
Caused by: java.util.concurrent.TimeoutException
	at java.util.concurrent.CompletableFuture.timedGet(CompletableFuture.java:1771)
	at java.util.concurrent.CompletableFuture.get(CompletableFuture.java:1915)
	at org.apache.ratis.util.IOUtils.getFromFuture(IOUtils.java:79)
	... 4 more
2019-09-17 12:29:38,238 [9a3c5405-1b71-41e7-a1e6-d9c2b7bf9721@group-28FA94F01C3C-SegmentedRaftLogWorker] WARN  segmented.SegmentedRaftLogWorker (SegmentedRaftLogWorker.java:getFromFuture(90)) - Timeout 9/~
org.apache.ratis.protocol.TimeoutIOException: Timeout 10s: WriteLog:8: (t:1, i:8), STATEMACHINELOGENTRY, client-D1FE97365EAD, cid=17-writeStateMachineData
	at org.apache.ratis.util.IOUtils.getFromFuture(IOUtils.java:87)
	at org.apache.ratis.server.raftlog.segmented.SegmentedRaftLogWorker$StateMachineDataPolicy.getFromFuture(SegmentedRaftLogWorker.java:87)
	at org.apache.ratis.server.raftlog.segmented.SegmentedRaftLogWorker$WriteLog.execute(SegmentedRaftLogWorker.java:477)
	at org.apache.ratis.server.raftlog.segmented.SegmentedRaftLogWorker.run(SegmentedRaftLogWorker.java:289)
	at java.lang.Thread.run(Thread.java:748)
Caused by: java.util.concurrent.TimeoutException
	at java.util.concurrent.CompletableFuture.timedGet(CompletableFuture.java:1771)
	at java.util.concurrent.CompletableFuture.get(CompletableFuture.java:1915)
	at org.apache.ratis.util.IOUtils.getFromFuture(IOUtils.java:79)
	... 4 more
2019-09-17 12:29:38,238 [4005f9e4-9000-4048-961f-9439e52a6da7@group-28FA94F01C3C-SegmentedRaftLogWorker] WARN  segmented.SegmentedRaftLogWorker (SegmentedRaftLogWorker.java:getFromFuture(90)) - Timeout 9/~
org.apache.ratis.protocol.TimeoutIOException: Timeout 10s: WriteLog:8: (t:1, i:8), STATEMACHINELOGENTRY, client-D1FE97365EAD, cid=17-writeStateMachineData
	at org.apache.ratis.util.IOUtils.getFromFuture(IOUtils.java:87)
	at org.apache.ratis.server.raftlog.segmented.SegmentedRaftLogWorker$StateMachineDataPolicy.getFromFuture(SegmentedRaftLogWorker.java:87)
	at org.apache.ratis.server.raftlog.segmented.SegmentedRaftLogWorker$WriteLog.execute(SegmentedRaftLogWorker.java:477)
	at org.apache.ratis.server.raftlog.segmented.SegmentedRaftLogWorker.run(SegmentedRaftLogWorker.java:289)
	at java.lang.Thread.run(Thread.java:748)
Caused by: java.util.concurrent.TimeoutException
	at java.util.concurrent.CompletableFuture.timedGet(CompletableFuture.java:1771)
	at java.util.concurrent.CompletableFuture.get(CompletableFuture.java:1915)
	at org.apache.ratis.util.IOUtils.getFromFuture(IOUtils.java:79)
	... 4 more
2019-09-17 12:29:38,606 [java.util.concurrent.ThreadPoolExecutor$Worker@46212d45[State = -1, empty queue]] WARN  server.GrpcLogAppender (GrpcLogAppender.java:timeoutAppendRequest(200)) - 9a3c5405-1b71-41e7-a1e6-d9c2b7bf9721@group-28FA94F01C3C->4005f9e4-9000-4048-961f-9439e52a6da7-GrpcLogAppender: appendEntries Timeout, request=9a3c5405-1b71-41e7-a1e6-d9c2b7bf9721->4005f9e4-9000-4048-961f-9439e52a6da7#51-t1, previous=(t:1, i:11), leaderCommit=6, initializing? false, entries: <empty>
2019-09-17 12:29:38,606 [java.util.concurrent.ThreadPoolExecutor$Worker@5e86a67c[State = -1, empty queue]] WARN  server.GrpcLogAppender (GrpcLogAppender.java:timeoutAppendRequest(200)) - 9a3c5405-1b71-41e7-a1e6-d9c2b7bf9721@group-28FA94F01C3C->597a450e-db00-46ca-b8ea-d9e1f9500f66-GrpcLogAppender: appendEntries Timeout, request=9a3c5405-1b71-41e7-a1e6-d9c2b7bf9721->597a450e-db00-46ca-b8ea-d9e1f9500f66#51-t1, previous=(t:1, i:11), leaderCommit=6, initializing? false, entries: <empty>
2019-09-17 12:29:39,291 [grpc-default-executor-0] INFO  client.GrpcClientProtocolClient (GrpcClientProtocolClient.java:onNext(264)) - client-D1FE97365EAD->597a450e-db00-46ca-b8ea-d9e1f9500f66: receive RaftClientReply:client-D1FE97365EAD->597a450e-db00-46ca-b8ea-d9e1f9500f66@group-28FA94F01C3C, cid=16, FAILED org.apache.ratis.protocol.NotLeaderException: Server 597a450e-db00-46ca-b8ea-d9e1f9500f66@group-28FA94F01C3C is not the leader 9a3c5405-1b71-41e7-a1e6-d9c2b7bf9721:192.168.5.130:42503, logIndex=0, commits[597a450e-db00-46ca-b8ea-d9e1f9500f66:c6, 9a3c5405-1b71-41e7-a1e6-d9c2b7bf9721:c6, 4005f9e4-9000-4048-961f-9439e52a6da7:c4]
2019-09-17 12:29:41,107 [java.util.concurrent.ThreadPoolExecutor$Worker@5e86a67c[State = -1, empty queue]] WARN  server.GrpcLogAppender (GrpcLogAppender.java:timeoutAppendRequest(200)) - 9a3c5405-1b71-41e7-a1e6-d9c2b7bf9721@group-28FA94F01C3C->597a450e-db00-46ca-b8ea-d9e1f9500f66-GrpcLogAppender: appendEntries Timeout, request=9a3c5405-1b71-41e7-a1e6-d9c2b7bf9721->597a450e-db00-46ca-b8ea-d9e1f9500f66#52-t1, previous=(t:1, i:11), leaderCommit=6, initializing? false, entries: <empty>
2019-09-17 12:29:41,107 [java.util.concurrent.ThreadPoolExecutor$Worker@46212d45[State = -1, empty queue]] WARN  server.GrpcLogAppender (GrpcLogAppender.java:timeoutAppendRequest(200)) - 9a3c5405-1b71-41e7-a1e6-d9c2b7bf9721@group-28FA94F01C3C->4005f9e4-9000-4048-961f-9439e52a6da7-GrpcLogAppender: appendEntries Timeout, request=9a3c5405-1b71-41e7-a1e6-d9c2b7bf9721->4005f9e4-9000-4048-961f-9439e52a6da7#52-t1, previous=(t:1, i:11), leaderCommit=6, initializing? false, entries: <empty>
2019-09-17 12:29:43,607 [java.util.concurrent.ThreadPoolExecutor$Worker@46212d45[State = -1, empty queue]] WARN  server.GrpcLogAppender (GrpcLogAppender.java:timeoutAppendRequest(200)) - 9a3c5405-1b71-41e7-a1e6-d9c2b7bf9721@group-28FA94F01C3C->4005f9e4-9000-4048-961f-9439e52a6da7-GrpcLogAppender: appendEntries Timeout, request=9a3c5405-1b71-41e7-a1e6-d9c2b7bf9721->4005f9e4-9000-4048-961f-9439e52a6da7#53-t1, previous=(t:1, i:11), leaderCommit=6, initializing? false, entries: <empty>
2019-09-17 12:29:43,607 [java.util.concurrent.ThreadPoolExecutor$Worker@5e86a67c[State = -1, empty queue]] WARN  server.GrpcLogAppender (GrpcLogAppender.java:timeoutAppendRequest(200)) - 9a3c5405-1b71-41e7-a1e6-d9c2b7bf9721@group-28FA94F01C3C->597a450e-db00-46ca-b8ea-d9e1f9500f66-GrpcLogAppender: appendEntries Timeout, request=9a3c5405-1b71-41e7-a1e6-d9c2b7bf9721->597a450e-db00-46ca-b8ea-d9e1f9500f66#53-t1, previous=(t:1, i:11), leaderCommit=6, initializing? false, entries: <empty>
2019-09-17 12:29:44,365 [grpc-default-executor-0] INFO  client.GrpcClientProtocolClient (GrpcClientProtocolClient.java:onNext(264)) - client-D1FE97365EAD->4005f9e4-9000-4048-961f-9439e52a6da7: receive RaftClientReply:client-D1FE97365EAD->4005f9e4-9000-4048-961f-9439e52a6da7@group-28FA94F01C3C, cid=16, FAILED org.apache.ratis.protocol.NotLeaderException: Server 4005f9e4-9000-4048-961f-9439e52a6da7@group-28FA94F01C3C is not the leader 9a3c5405-1b71-41e7-a1e6-d9c2b7bf9721:192.168.5.130:42503, logIndex=0, commits[4005f9e4-9000-4048-961f-9439e52a6da7:c6, 597a450e-db00-46ca-b8ea-d9e1f9500f66:c4, 9a3c5405-1b71-41e7-a1e6-d9c2b7bf9721:c6]
2019-09-17 12:29:46,108 [java.util.concurrent.ThreadPoolExecutor$Worker@5e86a67c[State = -1, empty queue]] WARN  server.GrpcLogAppender (GrpcLogAppender.java:timeoutAppendRequest(200)) - 9a3c5405-1b71-41e7-a1e6-d9c2b7bf9721@group-28FA94F01C3C->597a450e-db00-46ca-b8ea-d9e1f9500f66-GrpcLogAppender: appendEntries Timeout, request=9a3c5405-1b71-41e7-a1e6-d9c2b7bf9721->597a450e-db00-46ca-b8ea-d9e1f9500f66#54-t1, previous=(t:1, i:11), leaderCommit=6, initializing? false, entries: <empty>
2019-09-17 12:29:46,108 [java.util.concurrent.ThreadPoolExecutor$Worker@46212d45[State = -1, empty queue]] WARN  server.GrpcLogAppender (GrpcLogAppender.java:timeoutAppendRequest(200)) - 9a3c5405-1b71-41e7-a1e6-d9c2b7bf9721@group-28FA94F01C3C->4005f9e4-9000-4048-961f-9439e52a6da7-GrpcLogAppender: appendEntries Timeout, request=9a3c5405-1b71-41e7-a1e6-d9c2b7bf9721->4005f9e4-9000-4048-961f-9439e52a6da7#54-t1, previous=(t:1, i:11), leaderCommit=6, initializing? false, entries: <empty>
2019-09-17 12:29:48,217 [597a450e-db00-46ca-b8ea-d9e1f9500f66@group-28FA94F01C3C-SegmentedRaftLogWorker] WARN  segmented.SegmentedRaftLogWorker (SegmentedRaftLogWorker.java:getFromFuture(90)) - Timeout 10/~
org.apache.ratis.protocol.TimeoutIOException: Timeout 10s: WriteLog:8: (t:1, i:8), STATEMACHINELOGENTRY, client-D1FE97365EAD, cid=17-writeStateMachineData
	at org.apache.ratis.util.IOUtils.getFromFuture(IOUtils.java:87)
	at org.apache.ratis.server.raftlog.segmented.SegmentedRaftLogWorker$StateMachineDataPolicy.getFromFuture(SegmentedRaftLogWorker.java:87)
	at org.apache.ratis.server.raftlog.segmented.SegmentedRaftLogWorker$WriteLog.execute(SegmentedRaftLogWorker.java:477)
	at org.apache.ratis.server.raftlog.segmented.SegmentedRaftLogWorker.run(SegmentedRaftLogWorker.java:289)
	at java.lang.Thread.run(Thread.java:748)
Caused by: java.util.concurrent.TimeoutException
	at java.util.concurrent.CompletableFuture.timedGet(CompletableFuture.java:1771)
	at java.util.concurrent.CompletableFuture.get(CompletableFuture.java:1915)
	at org.apache.ratis.util.IOUtils.getFromFuture(IOUtils.java:79)
	... 4 more
2019-09-17 12:29:48,239 [9a3c5405-1b71-41e7-a1e6-d9c2b7bf9721@group-28FA94F01C3C-SegmentedRaftLogWorker] WARN  segmented.SegmentedRaftLogWorker (SegmentedRaftLogWorker.java:getFromFuture(90)) - Timeout 10/~
org.apache.ratis.protocol.TimeoutIOException: Timeout 10s: WriteLog:8: (t:1, i:8), STATEMACHINELOGENTRY, client-D1FE97365EAD, cid=17-writeStateMachineData
	at org.apache.ratis.util.IOUtils.getFromFuture(IOUtils.java:87)
	at org.apache.ratis.server.raftlog.segmented.SegmentedRaftLogWorker$StateMachineDataPolicy.getFromFuture(SegmentedRaftLogWorker.java:87)
	at org.apache.ratis.server.raftlog.segmented.SegmentedRaftLogWorker$WriteLog.execute(SegmentedRaftLogWorker.java:477)
	at org.apache.ratis.server.raftlog.segmented.SegmentedRaftLogWorker.run(SegmentedRaftLogWorker.java:289)
	at java.lang.Thread.run(Thread.java:748)
Caused by: java.util.concurrent.TimeoutException
	at java.util.concurrent.CompletableFuture.timedGet(CompletableFuture.java:1771)
	at java.util.concurrent.CompletableFuture.get(CompletableFuture.java:1915)
	at org.apache.ratis.util.IOUtils.getFromFuture(IOUtils.java:79)
	... 4 more
2019-09-17 12:29:48,239 [4005f9e4-9000-4048-961f-9439e52a6da7@group-28FA94F01C3C-SegmentedRaftLogWorker] WARN  segmented.SegmentedRaftLogWorker (SegmentedRaftLogWorker.java:getFromFuture(90)) - Timeout 10/~
org.apache.ratis.protocol.TimeoutIOException: Timeout 10s: WriteLog:8: (t:1, i:8), STATEMACHINELOGENTRY, client-D1FE97365EAD, cid=17-writeStateMachineData
	at org.apache.ratis.util.IOUtils.getFromFuture(IOUtils.java:87)
	at org.apache.ratis.server.raftlog.segmented.SegmentedRaftLogWorker$StateMachineDataPolicy.getFromFuture(SegmentedRaftLogWorker.java:87)
	at org.apache.ratis.server.raftlog.segmented.SegmentedRaftLogWorker$WriteLog.execute(SegmentedRaftLogWorker.java:477)
	at org.apache.ratis.server.raftlog.segmented.SegmentedRaftLogWorker.run(SegmentedRaftLogWorker.java:289)
	at java.lang.Thread.run(Thread.java:748)
Caused by: java.util.concurrent.TimeoutException
	at java.util.concurrent.CompletableFuture.timedGet(CompletableFuture.java:1771)
	at java.util.concurrent.CompletableFuture.get(CompletableFuture.java:1915)
	at org.apache.ratis.util.IOUtils.getFromFuture(IOUtils.java:79)
	... 4 more
2019-09-17 12:29:48,609 [java.util.concurrent.ThreadPoolExecutor$Worker@5e86a67c[State = -1, empty queue]] WARN  server.GrpcLogAppender (GrpcLogAppender.java:timeoutAppendRequest(200)) - 9a3c5405-1b71-41e7-a1e6-d9c2b7bf9721@group-28FA94F01C3C->597a450e-db00-46ca-b8ea-d9e1f9500f66-GrpcLogAppender: appendEntries Timeout, request=9a3c5405-1b71-41e7-a1e6-d9c2b7bf9721->597a450e-db00-46ca-b8ea-d9e1f9500f66#55-t1, previous=(t:1, i:11), leaderCommit=6, initializing? false, entries: <empty>
2019-09-17 12:29:48,610 [java.util.concurrent.ThreadPoolExecutor$Worker@46212d45[State = -1, empty queue]] WARN  server.GrpcLogAppender (GrpcLogAppender.java:timeoutAppendRequest(200)) - 9a3c5405-1b71-41e7-a1e6-d9c2b7bf9721@group-28FA94F01C3C->4005f9e4-9000-4048-961f-9439e52a6da7-GrpcLogAppender: appendEntries Timeout, request=9a3c5405-1b71-41e7-a1e6-d9c2b7bf9721->4005f9e4-9000-4048-961f-9439e52a6da7#55-t1, previous=(t:1, i:11), leaderCommit=6, initializing? false, entries: <empty>
2019-09-17 12:29:49,430 [grpc-default-executor-0] INFO  client.GrpcClientProtocolClient (GrpcClientProtocolClient.java:onNext(264)) - client-D1FE97365EAD->597a450e-db00-46ca-b8ea-d9e1f9500f66: receive RaftClientReply:client-D1FE97365EAD->597a450e-db00-46ca-b8ea-d9e1f9500f66@group-28FA94F01C3C, cid=16, FAILED org.apache.ratis.protocol.NotLeaderException: Server 597a450e-db00-46ca-b8ea-d9e1f9500f66@group-28FA94F01C3C is not the leader 9a3c5405-1b71-41e7-a1e6-d9c2b7bf9721:192.168.5.130:42503, logIndex=0, commits[597a450e-db00-46ca-b8ea-d9e1f9500f66:c6, 9a3c5405-1b71-41e7-a1e6-d9c2b7bf9721:c6, 4005f9e4-9000-4048-961f-9439e52a6da7:c4]
2019-09-17 12:29:51,111 [java.util.concurrent.ThreadPoolExecutor$Worker@5e86a67c[State = -1, empty queue]] WARN  server.GrpcLogAppender (GrpcLogAppender.java:timeoutAppendRequest(200)) - 9a3c5405-1b71-41e7-a1e6-d9c2b7bf9721@group-28FA94F01C3C->597a450e-db00-46ca-b8ea-d9e1f9500f66-GrpcLogAppender: appendEntries Timeout, request=9a3c5405-1b71-41e7-a1e6-d9c2b7bf9721->597a450e-db00-46ca-b8ea-d9e1f9500f66#56-t1, previous=(t:1, i:11), leaderCommit=6, initializing? false, entries: <empty>
2019-09-17 12:29:51,111 [java.util.concurrent.ThreadPoolExecutor$Worker@46212d45[State = -1, empty queue]] WARN  server.GrpcLogAppender (GrpcLogAppender.java:timeoutAppendRequest(200)) - 9a3c5405-1b71-41e7-a1e6-d9c2b7bf9721@group-28FA94F01C3C->4005f9e4-9000-4048-961f-9439e52a6da7-GrpcLogAppender: appendEntries Timeout, request=9a3c5405-1b71-41e7-a1e6-d9c2b7bf9721->4005f9e4-9000-4048-961f-9439e52a6da7#56-t1, previous=(t:1, i:11), leaderCommit=6, initializing? false, entries: <empty>
2019-09-17 12:29:53,611 [java.util.concurrent.ThreadPoolExecutor$Worker@5e86a67c[State = -1, empty queue]] WARN  server.GrpcLogAppender (GrpcLogAppender.java:timeoutAppendRequest(200)) - 9a3c5405-1b71-41e7-a1e6-d9c2b7bf9721@group-28FA94F01C3C->597a450e-db00-46ca-b8ea-d9e1f9500f66-GrpcLogAppender: appendEntries Timeout, request=9a3c5405-1b71-41e7-a1e6-d9c2b7bf9721->597a450e-db00-46ca-b8ea-d9e1f9500f66#57-t1, previous=(t:1, i:11), leaderCommit=6, initializing? false, entries: <empty>
2019-09-17 12:29:53,611 [java.util.concurrent.ThreadPoolExecutor$Worker@46212d45[State = -1, empty queue]] WARN  server.GrpcLogAppender (GrpcLogAppender.java:timeoutAppendRequest(200)) - 9a3c5405-1b71-41e7-a1e6-d9c2b7bf9721@group-28FA94F01C3C->4005f9e4-9000-4048-961f-9439e52a6da7-GrpcLogAppender: appendEntries Timeout, request=9a3c5405-1b71-41e7-a1e6-d9c2b7bf9721->4005f9e4-9000-4048-961f-9439e52a6da7#57-t1, previous=(t:1, i:11), leaderCommit=6, initializing? false, entries: <empty>
2019-09-17 12:29:54,506 [grpc-default-executor-3] INFO  client.GrpcClientProtocolClient (GrpcClientProtocolClient.java:onNext(264)) - client-D1FE97365EAD->4005f9e4-9000-4048-961f-9439e52a6da7: receive RaftClientReply:client-D1FE97365EAD->4005f9e4-9000-4048-961f-9439e52a6da7@group-28FA94F01C3C, cid=16, FAILED org.apache.ratis.protocol.NotLeaderException: Server 4005f9e4-9000-4048-961f-9439e52a6da7@group-28FA94F01C3C is not the leader 9a3c5405-1b71-41e7-a1e6-d9c2b7bf9721:192.168.5.130:42503, logIndex=0, commits[4005f9e4-9000-4048-961f-9439e52a6da7:c6, 597a450e-db00-46ca-b8ea-d9e1f9500f66:c4, 9a3c5405-1b71-41e7-a1e6-d9c2b7bf9721:c6]
2019-09-17 12:29:56,112 [java.util.concurrent.ThreadPoolExecutor$Worker@5e86a67c[State = -1, empty queue]] WARN  server.GrpcLogAppender (GrpcLogAppender.java:timeoutAppendRequest(200)) - 9a3c5405-1b71-41e7-a1e6-d9c2b7bf9721@group-28FA94F01C3C->597a450e-db00-46ca-b8ea-d9e1f9500f66-GrpcLogAppender: appendEntries Timeout, request=9a3c5405-1b71-41e7-a1e6-d9c2b7bf9721->597a450e-db00-46ca-b8ea-d9e1f9500f66#58-t1, previous=(t:1, i:11), leaderCommit=6, initializing? false, entries: <empty>
2019-09-17 12:29:56,112 [java.util.concurrent.ThreadPoolExecutor$Worker@46212d45[State = -1, empty queue]] WARN  server.GrpcLogAppender (GrpcLogAppender.java:timeoutAppendRequest(200)) - 9a3c5405-1b71-41e7-a1e6-d9c2b7bf9721@group-28FA94F01C3C->4005f9e4-9000-4048-961f-9439e52a6da7-GrpcLogAppender: appendEntries Timeout, request=9a3c5405-1b71-41e7-a1e6-d9c2b7bf9721->4005f9e4-9000-4048-961f-9439e52a6da7#58-t1, previous=(t:1, i:11), leaderCommit=6, initializing? false, entries: <empty>
2019-09-17 12:29:58,163 [org.apache.ratis.server.impl.LogAppender$AppenderDaemon$$Lambda$490/985692452@1851555] ERROR ratis.XceiverServerRatis (XceiverServerRatis.java:triggerPipelineClose(575)) - pipeline Action CLOSE  on pipeline PipelineID=946a925e-29f3-4efc-8597-28fa94f01c3c.Reason : 9a3c5405-1b71-41e7-a1e6-d9c2b7bf9721 has not seen follower/s 597a450e-db00-46ca-b8ea-d9e1f9500f66 for 120438ms 4005f9e4-9000-4048-961f-9439e52a6da7 for 120443ms
2019-09-17 12:29:58,163 [org.apache.ratis.server.impl.LogAppender$AppenderDaemon$$Lambda$490/985692452@344fa89] ERROR ratis.XceiverServerRatis (XceiverServerRatis.java:triggerPipelineClose(575)) - pipeline Action CLOSE  on pipeline PipelineID=946a925e-29f3-4efc-8597-28fa94f01c3c.Reason : 9a3c5405-1b71-41e7-a1e6-d9c2b7bf9721 has not seen follower/s 597a450e-db00-46ca-b8ea-d9e1f9500f66 for 120438ms 4005f9e4-9000-4048-961f-9439e52a6da7 for 120443ms
2019-09-17 12:29:58,217 [EventQueue-PipelineActionsForPipelineActionHandler] ERROR pipeline.PipelineActionHandler (PipelineActionHandler.java:onMessage(60)) - Received pipeline action CLOSE for Pipeline[ Id: 946a925e-29f3-4efc-8597-28fa94f01c3c, Nodes: 4005f9e4-9000-4048-961f-9439e52a6da7{ip: 192.168.5.130, host: pr-hdds-2136-chhj8-2666454444, networkLocation: /default-rack, certSerialId: null}597a450e-db00-46ca-b8ea-d9e1f9500f66{ip: 192.168.5.130, host: pr-hdds-2136-chhj8-2666454444, networkLocation: /default-rack, certSerialId: null}9a3c5405-1b71-41e7-a1e6-d9c2b7bf9721{ip: 192.168.5.130, host: pr-hdds-2136-chhj8-2666454444, networkLocation: /default-rack, certSerialId: null}, Type:RATIS, Factor:THREE, State:OPEN] from datanode 9a3c5405-1b71-41e7-a1e6-d9c2b7bf9721{ip: 192.168.5.130, host: pr-hdds-2136-chhj8-2666454444, networkLocation: /default-rack, certSerialId: null}. Reason : 9a3c5405-1b71-41e7-a1e6-d9c2b7bf9721 has not seen follower/s 597a450e-db00-46ca-b8ea-d9e1f9500f66 for 120438ms 4005f9e4-9000-4048-961f-9439e52a6da7 for 120443ms
2019-09-17 12:29:58,217 [EventQueue-PipelineActionsForPipelineActionHandler] INFO  pipeline.SCMPipelineManager (SCMPipelineManager.java:finalizeAndDestroyPipeline(311)) - destroying pipeline:Pipeline[ Id: 946a925e-29f3-4efc-8597-28fa94f01c3c, Nodes: 4005f9e4-9000-4048-961f-9439e52a6da7{ip: 192.168.5.130, host: pr-hdds-2136-chhj8-2666454444, networkLocation: /default-rack, certSerialId: null}597a450e-db00-46ca-b8ea-d9e1f9500f66{ip: 192.168.5.130, host: pr-hdds-2136-chhj8-2666454444, networkLocation: /default-rack, certSerialId: null}9a3c5405-1b71-41e7-a1e6-d9c2b7bf9721{ip: 192.168.5.130, host: pr-hdds-2136-chhj8-2666454444, networkLocation: /default-rack, certSerialId: null}, Type:RATIS, Factor:THREE, State:OPEN]
2019-09-17 12:29:58,219 [597a450e-db00-46ca-b8ea-d9e1f9500f66@group-28FA94F01C3C-SegmentedRaftLogWorker] WARN  segmented.SegmentedRaftLogWorker (SegmentedRaftLogWorker.java:getFromFuture(90)) - Timeout 11/~
org.apache.ratis.protocol.TimeoutIOException: Timeout 10s: WriteLog:8: (t:1, i:8), STATEMACHINELOGENTRY, client-D1FE97365EAD, cid=17-writeStateMachineData
	at org.apache.ratis.util.IOUtils.getFromFuture(IOUtils.java:87)
	at org.apache.ratis.server.raftlog.segmented.SegmentedRaftLogWorker$StateMachineDataPolicy.getFromFuture(SegmentedRaftLogWorker.java:87)
	at org.apache.ratis.server.raftlog.segmented.SegmentedRaftLogWorker$WriteLog.execute(SegmentedRaftLogWorker.java:477)
	at org.apache.ratis.server.raftlog.segmented.SegmentedRaftLogWorker.run(SegmentedRaftLogWorker.java:289)
	at java.lang.Thread.run(Thread.java:748)
Caused by: java.util.concurrent.TimeoutException
	at java.util.concurrent.CompletableFuture.timedGet(CompletableFuture.java:1771)
	at java.util.concurrent.CompletableFuture.get(CompletableFuture.java:1915)
	at org.apache.ratis.util.IOUtils.getFromFuture(IOUtils.java:79)
	... 4 more
2019-09-17 12:29:58,219 [EventQueue-PipelineActionsForPipelineActionHandler] INFO  pipeline.PipelineStateManager (PipelineStateManager.java:finalizePipeline(123)) - Pipeline Pipeline[ Id: 946a925e-29f3-4efc-8597-28fa94f01c3c, Nodes: 4005f9e4-9000-4048-961f-9439e52a6da7{ip: 192.168.5.130, host: pr-hdds-2136-chhj8-2666454444, networkLocation: /default-rack, certSerialId: null}597a450e-db00-46ca-b8ea-d9e1f9500f66{ip: 192.168.5.130, host: pr-hdds-2136-chhj8-2666454444, networkLocation: /default-rack, certSerialId: null}9a3c5405-1b71-41e7-a1e6-d9c2b7bf9721{ip: 192.168.5.130, host: pr-hdds-2136-chhj8-2666454444, networkLocation: /default-rack, certSerialId: null}, Type:RATIS, Factor:THREE, State:CLOSED] moved to CLOSED state
2019-09-17 12:29:58,227 [EventQueue-CloseContainerForCloseContainerEventHandler] INFO  container.CloseContainerEventHandler (CloseContainerEventHandler.java:onMessage(61)) - Close container Event triggered for container : #1
2019-09-17 12:29:58,232 [EventQueue-CloseContainerForCloseContainerEventHandler] INFO  container.CloseContainerEventHandler (CloseContainerEventHandler.java:onMessage(61)) - Close container Event triggered for container : #2
2019-09-17 12:29:58,240 [9a3c5405-1b71-41e7-a1e6-d9c2b7bf9721@group-28FA94F01C3C-SegmentedRaftLogWorker] WARN  segmented.SegmentedRaftLogWorker (SegmentedRaftLogWorker.java:getFromFuture(90)) - Timeout 11/~
org.apache.ratis.protocol.TimeoutIOException: Timeout 10s: WriteLog:8: (t:1, i:8), STATEMACHINELOGENTRY, client-D1FE97365EAD, cid=17-writeStateMachineData
	at org.apache.ratis.util.IOUtils.getFromFuture(IOUtils.java:87)
	at org.apache.ratis.server.raftlog.segmented.SegmentedRaftLogWorker$StateMachineDataPolicy.getFromFuture(SegmentedRaftLogWorker.java:87)
	at org.apache.ratis.server.raftlog.segmented.SegmentedRaftLogWorker$WriteLog.execute(SegmentedRaftLogWorker.java:477)
	at org.apache.ratis.server.raftlog.segmented.SegmentedRaftLogWorker.run(SegmentedRaftLogWorker.java:289)
	at java.lang.Thread.run(Thread.java:748)
Caused by: java.util.concurrent.TimeoutException
	at java.util.concurrent.CompletableFuture.timedGet(CompletableFuture.java:1771)
	at java.util.concurrent.CompletableFuture.get(CompletableFuture.java:1915)
	at org.apache.ratis.util.IOUtils.getFromFuture(IOUtils.java:79)
	... 4 more
2019-09-17 12:29:58,242 [4005f9e4-9000-4048-961f-9439e52a6da7@group-28FA94F01C3C-SegmentedRaftLogWorker] WARN  segmented.SegmentedRaftLogWorker (SegmentedRaftLogWorker.java:getFromFuture(90)) - Timeout 11/~
org.apache.ratis.protocol.TimeoutIOException: Timeout 10s: WriteLog:8: (t:1, i:8), STATEMACHINELOGENTRY, client-D1FE97365EAD, cid=17-writeStateMachineData
	at org.apache.ratis.util.IOUtils.getFromFuture(IOUtils.java:87)
	at org.apache.ratis.server.raftlog.segmented.SegmentedRaftLogWorker$StateMachineDataPolicy.getFromFuture(SegmentedRaftLogWorker.java:87)
	at org.apache.ratis.server.raftlog.segmented.SegmentedRaftLogWorker$WriteLog.execute(SegmentedRaftLogWorker.java:477)
	at org.apache.ratis.server.raftlog.segmented.SegmentedRaftLogWorker.run(SegmentedRaftLogWorker.java:289)
	at java.lang.Thread.run(Thread.java:748)
Caused by: java.util.concurrent.TimeoutException
	at java.util.concurrent.CompletableFuture.timedGet(CompletableFuture.java:1771)
	at java.util.concurrent.CompletableFuture.get(CompletableFuture.java:1915)
	at org.apache.ratis.util.IOUtils.getFromFuture(IOUtils.java:79)
	... 4 more
2019-09-17 12:29:58,614 [java.util.concurrent.ThreadPoolExecutor$Worker@46212d45[State = -1, empty queue]] WARN  server.GrpcLogAppender (GrpcLogAppender.java:timeoutAppendRequest(200)) - 9a3c5405-1b71-41e7-a1e6-d9c2b7bf9721@group-28FA94F01C3C->4005f9e4-9000-4048-961f-9439e52a6da7-GrpcLogAppender: appendEntries Timeout, request=9a3c5405-1b71-41e7-a1e6-d9c2b7bf9721->4005f9e4-9000-4048-961f-9439e52a6da7#59-t1, previous=(t:1, i:11), leaderCommit=6, initializing? false, entries: <empty>
2019-09-17 12:29:58,614 [java.util.concurrent.ThreadPoolExecutor$Worker@5e86a67c[State = -1, empty queue]] WARN  server.GrpcLogAppender (GrpcLogAppender.java:timeoutAppendRequest(200)) - 9a3c5405-1b71-41e7-a1e6-d9c2b7bf9721@group-28FA94F01C3C->597a450e-db00-46ca-b8ea-d9e1f9500f66-GrpcLogAppender: appendEntries Timeout, request=9a3c5405-1b71-41e7-a1e6-d9c2b7bf9721->597a450e-db00-46ca-b8ea-d9e1f9500f66#59-t1, previous=(t:1, i:11), leaderCommit=6, initializing? false, entries: <empty>
2019-09-17 12:29:59,581 [grpc-default-executor-3] INFO  client.GrpcClientProtocolClient (GrpcClientProtocolClient.java:onNext(264)) - client-D1FE97365EAD->4005f9e4-9000-4048-961f-9439e52a6da7: receive RaftClientReply:client-D1FE97365EAD->4005f9e4-9000-4048-961f-9439e52a6da7@group-28FA94F01C3C, cid=16, FAILED org.apache.ratis.protocol.NotLeaderException: Server 4005f9e4-9000-4048-961f-9439e52a6da7@group-28FA94F01C3C is not the leader 9a3c5405-1b71-41e7-a1e6-d9c2b7bf9721:192.168.5.130:42503, logIndex=0, commits[4005f9e4-9000-4048-961f-9439e52a6da7:c6, 597a450e-db00-46ca-b8ea-d9e1f9500f66:c4, 9a3c5405-1b71-41e7-a1e6-d9c2b7bf9721:c6]
2019-09-17 12:30:00,245 [org.apache.ratis.server.impl.LogAppender$AppenderDaemon$$Lambda$490/985692452@344fa89] ERROR ratis.XceiverServerRatis (XceiverServerRatis.java:triggerPipelineClose(575)) - pipeline Action CLOSE  on pipeline PipelineID=946a925e-29f3-4efc-8597-28fa94f01c3c.Reason : 9a3c5405-1b71-41e7-a1e6-d9c2b7bf9721 has not seen follower/s 597a450e-db00-46ca-b8ea-d9e1f9500f66 for 122540ms 4005f9e4-9000-4048-961f-9439e52a6da7 for 122541ms
2019-09-17 12:30:00,245 [org.apache.ratis.server.impl.LogAppender$AppenderDaemon$$Lambda$490/985692452@1851555] ERROR ratis.XceiverServerRatis (XceiverServerRatis.java:triggerPipelineClose(575)) - pipeline Action CLOSE  on pipeline PipelineID=946a925e-29f3-4efc-8597-28fa94f01c3c.Reason : 9a3c5405-1b71-41e7-a1e6-d9c2b7bf9721 has not seen follower/s 597a450e-db00-46ca-b8ea-d9e1f9500f66 for 122540ms 4005f9e4-9000-4048-961f-9439e52a6da7 for 122541ms
2019-09-17 12:30:01,116 [java.util.concurrent.ThreadPoolExecutor$Worker@5e86a67c[State = -1, empty queue]] WARN  server.GrpcLogAppender (GrpcLogAppender.java:timeoutAppendRequest(200)) - 9a3c5405-1b71-41e7-a1e6-d9c2b7bf9721@group-28FA94F01C3C->597a450e-db00-46ca-b8ea-d9e1f9500f66-GrpcLogAppender: appendEntries Timeout, request=9a3c5405-1b71-41e7-a1e6-d9c2b7bf9721->597a450e-db00-46ca-b8ea-d9e1f9500f66#60-t1, previous=(t:1, i:11), leaderCommit=6, initializing? false, entries: <empty>
2019-09-17 12:30:01,116 [java.util.concurrent.ThreadPoolExecutor$Worker@46212d45[State = -1, empty queue]] WARN  server.GrpcLogAppender (GrpcLogAppender.java:timeoutAppendRequest(200)) - 9a3c5405-1b71-41e7-a1e6-d9c2b7bf9721@group-28FA94F01C3C->4005f9e4-9000-4048-961f-9439e52a6da7-GrpcLogAppender: appendEntries Timeout, request=9a3c5405-1b71-41e7-a1e6-d9c2b7bf9721->4005f9e4-9000-4048-961f-9439e52a6da7#60-t1, previous=(t:1, i:11), leaderCommit=6, initializing? false, entries: <empty>
2019-09-17 12:30:01,242 [EventQueue-PipelineActionsForPipelineActionHandler] ERROR pipeline.PipelineActionHandler (PipelineActionHandler.java:onMessage(60)) - Received pipeline action CLOSE for Pipeline[ Id: 946a925e-29f3-4efc-8597-28fa94f01c3c, Nodes: 4005f9e4-9000-4048-961f-9439e52a6da7{ip: 192.168.5.130, host: pr-hdds-2136-chhj8-2666454444, networkLocation: /default-rack, certSerialId: null}597a450e-db00-46ca-b8ea-d9e1f9500f66{ip: 192.168.5.130, host: pr-hdds-2136-chhj8-2666454444, networkLocation: /default-rack, certSerialId: null}9a3c5405-1b71-41e7-a1e6-d9c2b7bf9721{ip: 192.168.5.130, host: pr-hdds-2136-chhj8-2666454444, networkLocation: /default-rack, certSerialId: null}, Type:RATIS, Factor:THREE, State:CLOSED] from datanode 9a3c5405-1b71-41e7-a1e6-d9c2b7bf9721{ip: 192.168.5.130, host: pr-hdds-2136-chhj8-2666454444, networkLocation: /default-rack, certSerialId: null}. Reason : 9a3c5405-1b71-41e7-a1e6-d9c2b7bf9721 has not seen follower/s 597a450e-db00-46ca-b8ea-d9e1f9500f66 for 122540ms 4005f9e4-9000-4048-961f-9439e52a6da7 for 122541ms
2019-09-17 12:30:01,243 [EventQueue-PipelineActionsForPipelineActionHandler] INFO  pipeline.SCMPipelineManager (SCMPipelineManager.java:finalizeAndDestroyPipeline(311)) - destroying pipeline:Pipeline[ Id: 946a925e-29f3-4efc-8597-28fa94f01c3c, Nodes: 4005f9e4-9000-4048-961f-9439e52a6da7{ip: 192.168.5.130, host: pr-hdds-2136-chhj8-2666454444, networkLocation: /default-rack, certSerialId: null}597a450e-db00-46ca-b8ea-d9e1f9500f66{ip: 192.168.5.130, host: pr-hdds-2136-chhj8-2666454444, networkLocation: /default-rack, certSerialId: null}9a3c5405-1b71-41e7-a1e6-d9c2b7bf9721{ip: 192.168.5.130, host: pr-hdds-2136-chhj8-2666454444, networkLocation: /default-rack, certSerialId: null}, Type:RATIS, Factor:THREE, State:CLOSED]
2019-09-17 12:30:02,746 [org.apache.ratis.server.impl.LogAppender$AppenderDaemon$$Lambda$490/985692452@1851555] ERROR ratis.XceiverServerRatis (XceiverServerRatis.java:triggerPipelineClose(575)) - pipeline Action CLOSE  on pipeline PipelineID=946a925e-29f3-4efc-8597-28fa94f01c3c.Reason : 9a3c5405-1b71-41e7-a1e6-d9c2b7bf9721 has not seen follower/s 597a450e-db00-46ca-b8ea-d9e1f9500f66 for 125041ms 4005f9e4-9000-4048-961f-9439e52a6da7 for 125042ms
2019-09-17 12:30:02,746 [org.apache.ratis.server.impl.LogAppender$AppenderDaemon$$Lambda$490/985692452@344fa89] ERROR ratis.XceiverServerRatis (XceiverServerRatis.java:triggerPipelineClose(575)) - pipeline Action CLOSE  on pipeline PipelineID=946a925e-29f3-4efc-8597-28fa94f01c3c.Reason : 9a3c5405-1b71-41e7-a1e6-d9c2b7bf9721 has not seen follower/s 597a450e-db00-46ca-b8ea-d9e1f9500f66 for 125041ms 4005f9e4-9000-4048-961f-9439e52a6da7 for 125042ms
2019-09-17 12:30:03,243 [EventQueue-PipelineActionsForPipelineActionHandler] ERROR pipeline.PipelineActionHandler (PipelineActionHandler.java:onMessage(60)) - Received pipeline action CLOSE for Pipeline[ Id: 946a925e-29f3-4efc-8597-28fa94f01c3c, Nodes: 4005f9e4-9000-4048-961f-9439e52a6da7{ip: 192.168.5.130, host: pr-hdds-2136-chhj8-2666454444, networkLocation: /default-rack, certSerialId: null}597a450e-db00-46ca-b8ea-d9e1f9500f66{ip: 192.168.5.130, host: pr-hdds-2136-chhj8-2666454444, networkLocation: /default-rack, certSerialId: null}9a3c5405-1b71-41e7-a1e6-d9c2b7bf9721{ip: 192.168.5.130, host: pr-hdds-2136-chhj8-2666454444, networkLocation: /default-rack, certSerialId: null}, Type:RATIS, Factor:THREE, State:CLOSED] from datanode 9a3c5405-1b71-41e7-a1e6-d9c2b7bf9721{ip: 192.168.5.130, host: pr-hdds-2136-chhj8-2666454444, networkLocation: /default-rack, certSerialId: null}. Reason : 9a3c5405-1b71-41e7-a1e6-d9c2b7bf9721 has not seen follower/s 597a450e-db00-46ca-b8ea-d9e1f9500f66 for 125041ms 4005f9e4-9000-4048-961f-9439e52a6da7 for 125042ms
2019-09-17 12:30:03,244 [EventQueue-PipelineActionsForPipelineActionHandler] INFO  pipeline.SCMPipelineManager (SCMPipelineManager.java:finalizeAndDestroyPipeline(311)) - destroying pipeline:Pipeline[ Id: 946a925e-29f3-4efc-8597-28fa94f01c3c, Nodes: 4005f9e4-9000-4048-961f-9439e52a6da7{ip: 192.168.5.130, host: pr-hdds-2136-chhj8-2666454444, networkLocation: /default-rack, certSerialId: null}597a450e-db00-46ca-b8ea-d9e1f9500f66{ip: 192.168.5.130, host: pr-hdds-2136-chhj8-2666454444, networkLocation: /default-rack, certSerialId: null}9a3c5405-1b71-41e7-a1e6-d9c2b7bf9721{ip: 192.168.5.130, host: pr-hdds-2136-chhj8-2666454444, networkLocation: /default-rack, certSerialId: null}, Type:RATIS, Factor:THREE, State:CLOSED]
2019-09-17 12:30:03,245 [java.util.concurrent.ThreadPoolExecutor$Worker@5e86a67c[State = -1, empty queue]] WARN  server.GrpcLogAppender (GrpcLogAppender.java:timeoutAppendRequest(200)) - 9a3c5405-1b71-41e7-a1e6-d9c2b7bf9721@group-28FA94F01C3C->597a450e-db00-46ca-b8ea-d9e1f9500f66-GrpcLogAppender: appendEntries Timeout, request=9a3c5405-1b71-41e7-a1e6-d9c2b7bf9721->597a450e-db00-46ca-b8ea-d9e1f9500f66#61-t1, previous=(t:1, i:11), leaderCommit=6, initializing? false, entries: size=1, first=(t:1, i:12), STATEMACHINELOGENTRY, client-78E5C3C766C2, cid=2
2019-09-17 12:30:03,245 [java.util.concurrent.ThreadPoolExecutor$Worker@46212d45[State = -1, empty queue]] WARN  server.GrpcLogAppender (GrpcLogAppender.java:timeoutAppendRequest(200)) - 9a3c5405-1b71-41e7-a1e6-d9c2b7bf9721@group-28FA94F01C3C->4005f9e4-9000-4048-961f-9439e52a6da7-GrpcLogAppender: appendEntries Timeout, request=9a3c5405-1b71-41e7-a1e6-d9c2b7bf9721->4005f9e4-9000-4048-961f-9439e52a6da7#61-t1, previous=(t:1, i:11), leaderCommit=6, initializing? false, entries: size=1, first=(t:1, i:12), STATEMACHINELOGENTRY, client-78E5C3C766C2, cid=2
2019-09-17 12:30:04,633 [grpc-default-executor-0] INFO  client.GrpcClientProtocolClient (GrpcClientProtocolClient.java:onNext(264)) - client-D1FE97365EAD->4005f9e4-9000-4048-961f-9439e52a6da7: receive RaftClientReply:client-D1FE97365EAD->4005f9e4-9000-4048-961f-9439e52a6da7@group-28FA94F01C3C, cid=16, FAILED org.apache.ratis.protocol.NotLeaderException: Server 4005f9e4-9000-4048-961f-9439e52a6da7@group-28FA94F01C3C is not the leader 9a3c5405-1b71-41e7-a1e6-d9c2b7bf9721:192.168.5.130:42503, logIndex=0, commits[4005f9e4-9000-4048-961f-9439e52a6da7:c6, 597a450e-db00-46ca-b8ea-d9e1f9500f66:c4, 9a3c5405-1b71-41e7-a1e6-d9c2b7bf9721:c6]
2019-09-17 12:30:05,247 [org.apache.ratis.server.impl.LogAppender$AppenderDaemon$$Lambda$490/985692452@1851555] ERROR ratis.XceiverServerRatis (XceiverServerRatis.java:triggerPipelineClose(575)) - pipeline Action CLOSE  on pipeline PipelineID=946a925e-29f3-4efc-8597-28fa94f01c3c.Reason : 9a3c5405-1b71-41e7-a1e6-d9c2b7bf9721 has not seen follower/s 597a450e-db00-46ca-b8ea-d9e1f9500f66 for 127542ms 4005f9e4-9000-4048-961f-9439e52a6da7 for 127543ms
2019-09-17 12:30:05,247 [org.apache.ratis.server.impl.LogAppender$AppenderDaemon$$Lambda$490/985692452@344fa89] ERROR ratis.XceiverServerRatis (XceiverServerRatis.java:triggerPipelineClose(575)) - pipeline Action CLOSE  on pipeline PipelineID=946a925e-29f3-4efc-8597-28fa94f01c3c.Reason : 9a3c5405-1b71-41e7-a1e6-d9c2b7bf9721 has not seen follower/s 597a450e-db00-46ca-b8ea-d9e1f9500f66 for 127542ms 4005f9e4-9000-4048-961f-9439e52a6da7 for 127543ms
2019-09-17 12:30:05,746 [java.util.concurrent.ThreadPoolExecutor$Worker@46212d45[State = -1, empty queue]] WARN  server.GrpcLogAppender (GrpcLogAppender.java:timeoutAppendRequest(200)) - 9a3c5405-1b71-41e7-a1e6-d9c2b7bf9721@group-28FA94F01C3C->4005f9e4-9000-4048-961f-9439e52a6da7-GrpcLogAppender: appendEntries Timeout, request=9a3c5405-1b71-41e7-a1e6-d9c2b7bf9721->4005f9e4-9000-4048-961f-9439e52a6da7#62-t1, previous=(t:1, i:12), leaderCommit=6, initializing? false, entries: <empty>
2019-09-17 12:30:05,746 [java.util.concurrent.ThreadPoolExecutor$Worker@5e86a67c[State = -1, empty queue]] WARN  server.GrpcLogAppender (GrpcLogAppender.java:timeoutAppendRequest(200)) - 9a3c5405-1b71-41e7-a1e6-d9c2b7bf9721@group-28FA94F01C3C->597a450e-db00-46ca-b8ea-d9e1f9500f66-GrpcLogAppender: appendEntries Timeout, request=9a3c5405-1b71-41e7-a1e6-d9c2b7bf9721->597a450e-db00-46ca-b8ea-d9e1f9500f66#62-t1, previous=(t:1, i:12), leaderCommit=6, initializing? false, entries: <empty>
2019-09-17 12:30:06,244 [EventQueue-PipelineActionsForPipelineActionHandler] ERROR pipeline.PipelineActionHandler (PipelineActionHandler.java:onMessage(60)) - Received pipeline action CLOSE for Pipeline[ Id: 946a925e-29f3-4efc-8597-28fa94f01c3c, Nodes: 4005f9e4-9000-4048-961f-9439e52a6da7{ip: 192.168.5.130, host: pr-hdds-2136-chhj8-2666454444, networkLocation: /default-rack, certSerialId: null}597a450e-db00-46ca-b8ea-d9e1f9500f66{ip: 192.168.5.130, host: pr-hdds-2136-chhj8-2666454444, networkLocation: /default-rack, certSerialId: null}9a3c5405-1b71-41e7-a1e6-d9c2b7bf9721{ip: 192.168.5.130, host: pr-hdds-2136-chhj8-2666454444, networkLocation: /default-rack, certSerialId: null}, Type:RATIS, Factor:THREE, State:CLOSED] from datanode 9a3c5405-1b71-41e7-a1e6-d9c2b7bf9721{ip: 192.168.5.130, host: pr-hdds-2136-chhj8-2666454444, networkLocation: /default-rack, certSerialId: null}. Reason : 9a3c5405-1b71-41e7-a1e6-d9c2b7bf9721 has not seen follower/s 597a450e-db00-46ca-b8ea-d9e1f9500f66 for 127542ms 4005f9e4-9000-4048-961f-9439e52a6da7 for 127543ms
2019-09-17 12:30:06,244 [EventQueue-PipelineActionsForPipelineActionHandler] INFO  pipeline.SCMPipelineManager (SCMPipelineManager.java:finalizeAndDestroyPipeline(311)) - destroying pipeline:Pipeline[ Id: 946a925e-29f3-4efc-8597-28fa94f01c3c, Nodes: 4005f9e4-9000-4048-961f-9439e52a6da7{ip: 192.168.5.130, host: pr-hdds-2136-chhj8-2666454444, networkLocation: /default-rack, certSerialId: null}597a450e-db00-46ca-b8ea-d9e1f9500f66{ip: 192.168.5.130, host: pr-hdds-2136-chhj8-2666454444, networkLocation: /default-rack, certSerialId: null}9a3c5405-1b71-41e7-a1e6-d9c2b7bf9721{ip: 192.168.5.130, host: pr-hdds-2136-chhj8-2666454444, networkLocation: /default-rack, certSerialId: null}, Type:RATIS, Factor:THREE, State:CLOSED]
2019-09-17 12:30:07,748 [org.apache.ratis.server.impl.LogAppender$AppenderDaemon$$Lambda$490/985692452@344fa89] ERROR ratis.XceiverServerRatis (XceiverServerRatis.java:triggerPipelineClose(575)) - pipeline Action CLOSE  on pipeline PipelineID=946a925e-29f3-4efc-8597-28fa94f01c3c.Reason : 9a3c5405-1b71-41e7-a1e6-d9c2b7bf9721 has not seen follower/s 597a450e-db00-46ca-b8ea-d9e1f9500f66 for 130042ms 4005f9e4-9000-4048-961f-9439e52a6da7 for 130044ms
2019-09-17 12:30:07,748 [org.apache.ratis.server.impl.LogAppender$AppenderDaemon$$Lambda$490/985692452@1851555] ERROR ratis.XceiverServerRatis (XceiverServerRatis.java:triggerPipelineClose(575)) - pipeline Action CLOSE  on pipeline PipelineID=946a925e-29f3-4efc-8597-28fa94f01c3c.Reason : 9a3c5405-1b71-41e7-a1e6-d9c2b7bf9721 has not seen follower/s 597a450e-db00-46ca-b8ea-d9e1f9500f66 for 130042ms 4005f9e4-9000-4048-961f-9439e52a6da7 for 130044ms
2019-09-17 12:30:08,223 [597a450e-db00-46ca-b8ea-d9e1f9500f66@group-28FA94F01C3C-SegmentedRaftLogWorker] WARN  segmented.SegmentedRaftLogWorker (SegmentedRaftLogWorker.java:getFromFuture(90)) - Timeout 12/~
org.apache.ratis.protocol.TimeoutIOException: Timeout 10s: WriteLog:8: (t:1, i:8), STATEMACHINELOGENTRY, client-D1FE97365EAD, cid=17-writeStateMachineData
	at org.apache.ratis.util.IOUtils.getFromFuture(IOUtils.java:87)
	at org.apache.ratis.server.raftlog.segmented.SegmentedRaftLogWorker$StateMachineDataPolicy.getFromFuture(SegmentedRaftLogWorker.java:87)
	at org.apache.ratis.server.raftlog.segmented.SegmentedRaftLogWorker$WriteLog.execute(SegmentedRaftLogWorker.java:477)
	at org.apache.ratis.server.raftlog.segmented.SegmentedRaftLogWorker.run(SegmentedRaftLogWorker.java:289)
	at java.lang.Thread.run(Thread.java:748)
Caused by: java.util.concurrent.TimeoutException
	at java.util.concurrent.CompletableFuture.timedGet(CompletableFuture.java:1771)
	at java.util.concurrent.CompletableFuture.get(CompletableFuture.java:1915)
	at org.apache.ratis.util.IOUtils.getFromFuture(IOUtils.java:79)
	... 4 more
2019-09-17 12:30:08,243 [9a3c5405-1b71-41e7-a1e6-d9c2b7bf9721@group-28FA94F01C3C-SegmentedRaftLogWorker] WARN  segmented.SegmentedRaftLogWorker (SegmentedRaftLogWorker.java:getFromFuture(90)) - Timeout 12/~
org.apache.ratis.protocol.TimeoutIOException: Timeout 10s: WriteLog:8: (t:1, i:8), STATEMACHINELOGENTRY, client-D1FE97365EAD, cid=17-writeStateMachineData
	at org.apache.ratis.util.IOUtils.getFromFuture(IOUtils.java:87)
	at org.apache.ratis.server.raftlog.segmented.SegmentedRaftLogWorker$StateMachineDataPolicy.getFromFuture(SegmentedRaftLogWorker.java:87)
	at org.apache.ratis.server.raftlog.segmented.SegmentedRaftLogWorker$WriteLog.execute(SegmentedRaftLogWorker.java:477)
	at org.apache.ratis.server.raftlog.segmented.SegmentedRaftLogWorker.run(SegmentedRaftLogWorker.java:289)
	at java.lang.Thread.run(Thread.java:748)
Caused by: java.util.concurrent.TimeoutException
	at java.util.concurrent.CompletableFuture.timedGet(CompletableFuture.java:1771)
	at java.util.concurrent.CompletableFuture.get(CompletableFuture.java:1915)
	at org.apache.ratis.util.IOUtils.getFromFuture(IOUtils.java:79)
	... 4 more
2019-09-17 12:30:08,243 [4005f9e4-9000-4048-961f-9439e52a6da7@group-28FA94F01C3C-SegmentedRaftLogWorker] WARN  segmented.SegmentedRaftLogWorker (SegmentedRaftLogWorker.java:getFromFuture(90)) - Timeout 12/~
org.apache.ratis.protocol.TimeoutIOException: Timeout 10s: WriteLog:8: (t:1, i:8), STATEMACHINELOGENTRY, client-D1FE97365EAD, cid=17-writeStateMachineData
	at org.apache.ratis.util.IOUtils.getFromFuture(IOUtils.java:87)
	at org.apache.ratis.server.raftlog.segmented.SegmentedRaftLogWorker$StateMachineDataPolicy.getFromFuture(SegmentedRaftLogWorker.java:87)
	at org.apache.ratis.server.raftlog.segmented.SegmentedRaftLogWorker$WriteLog.execute(SegmentedRaftLogWorker.java:477)
	at org.apache.ratis.server.raftlog.segmented.SegmentedRaftLogWorker.run(SegmentedRaftLogWorker.java:289)
	at java.lang.Thread.run(Thread.java:748)
Caused by: java.util.concurrent.TimeoutException
	at java.util.concurrent.CompletableFuture.timedGet(CompletableFuture.java:1771)
	at java.util.concurrent.CompletableFuture.get(CompletableFuture.java:1915)
	at org.apache.ratis.util.IOUtils.getFromFuture(IOUtils.java:79)
	... 4 more
2019-09-17 12:30:08,243 [EventQueue-PipelineActionsForPipelineActionHandler] ERROR pipeline.PipelineActionHandler (PipelineActionHandler.java:onMessage(60)) - Received pipeline action CLOSE for Pipeline[ Id: 946a925e-29f3-4efc-8597-28fa94f01c3c, Nodes: 4005f9e4-9000-4048-961f-9439e52a6da7{ip: 192.168.5.130, host: pr-hdds-2136-chhj8-2666454444, networkLocation: /default-rack, certSerialId: null}597a450e-db00-46ca-b8ea-d9e1f9500f66{ip: 192.168.5.130, host: pr-hdds-2136-chhj8-2666454444, networkLocation: /default-rack, certSerialId: null}9a3c5405-1b71-41e7-a1e6-d9c2b7bf9721{ip: 192.168.5.130, host: pr-hdds-2136-chhj8-2666454444, networkLocation: /default-rack, certSerialId: null}, Type:RATIS, Factor:THREE, State:CLOSED] from datanode 9a3c5405-1b71-41e7-a1e6-d9c2b7bf9721{ip: 192.168.5.130, host: pr-hdds-2136-chhj8-2666454444, networkLocation: /default-rack, certSerialId: null}. Reason : 9a3c5405-1b71-41e7-a1e6-d9c2b7bf9721 has not seen follower/s 597a450e-db00-46ca-b8ea-d9e1f9500f66 for 130042ms 4005f9e4-9000-4048-961f-9439e52a6da7 for 130044ms
2019-09-17 12:30:08,244 [EventQueue-PipelineActionsForPipelineActionHandler] INFO  pipeline.SCMPipelineManager (SCMPipelineManager.java:finalizeAndDestroyPipeline(311)) - destroying pipeline:Pipeline[ Id: 946a925e-29f3-4efc-8597-28fa94f01c3c, Nodes: 4005f9e4-9000-4048-961f-9439e52a6da7{ip: 192.168.5.130, host: pr-hdds-2136-chhj8-2666454444, networkLocation: /default-rack, certSerialId: null}597a450e-db00-46ca-b8ea-d9e1f9500f66{ip: 192.168.5.130, host: pr-hdds-2136-chhj8-2666454444, networkLocation: /default-rack, certSerialId: null}9a3c5405-1b71-41e7-a1e6-d9c2b7bf9721{ip: 192.168.5.130, host: pr-hdds-2136-chhj8-2666454444, networkLocation: /default-rack, certSerialId: null}, Type:RATIS, Factor:THREE, State:CLOSED]
2019-09-17 12:30:08,247 [java.util.concurrent.ThreadPoolExecutor$Worker@46212d45[State = -1, empty queue]] WARN  server.GrpcLogAppender (GrpcLogAppender.java:timeoutAppendRequest(200)) - 9a3c5405-1b71-41e7-a1e6-d9c2b7bf9721@group-28FA94F01C3C->4005f9e4-9000-4048-961f-9439e52a6da7-GrpcLogAppender: appendEntries Timeout, request=9a3c5405-1b71-41e7-a1e6-d9c2b7bf9721->4005f9e4-9000-4048-961f-9439e52a6da7#63-t1, previous=(t:1, i:12), leaderCommit=6, initializing? false, entries: <empty>
2019-09-17 12:30:08,247 [java.util.concurrent.ThreadPoolExecutor$Worker@5e86a67c[State = -1, empty queue]] WARN  server.GrpcLogAppender (GrpcLogAppender.java:timeoutAppendRequest(200)) - 9a3c5405-1b71-41e7-a1e6-d9c2b7bf9721@group-28FA94F01C3C->597a450e-db00-46ca-b8ea-d9e1f9500f66-GrpcLogAppender: appendEntries Timeout, request=9a3c5405-1b71-41e7-a1e6-d9c2b7bf9721->597a450e-db00-46ca-b8ea-d9e1f9500f66#63-t1, previous=(t:1, i:12), leaderCommit=6, initializing? false, entries: <empty>
2019-09-17 12:30:09,691 [grpc-default-executor-3] INFO  client.GrpcClientProtocolClient (GrpcClientProtocolClient.java:onNext(264)) - client-D1FE97365EAD->4005f9e4-9000-4048-961f-9439e52a6da7: receive RaftClientReply:client-D1FE97365EAD->4005f9e4-9000-4048-961f-9439e52a6da7@group-28FA94F01C3C, cid=16, FAILED org.apache.ratis.protocol.NotLeaderException: Server 4005f9e4-9000-4048-961f-9439e52a6da7@group-28FA94F01C3C is not the leader 9a3c5405-1b71-41e7-a1e6-d9c2b7bf9721:192.168.5.130:42503, logIndex=0, commits[4005f9e4-9000-4048-961f-9439e52a6da7:c6, 597a450e-db00-46ca-b8ea-d9e1f9500f66:c4, 9a3c5405-1b71-41e7-a1e6-d9c2b7bf9721:c6]
2019-09-17 12:30:10,249 [org.apache.ratis.server.impl.LogAppender$AppenderDaemon$$Lambda$490/985692452@344fa89] ERROR ratis.XceiverServerRatis (XceiverServerRatis.java:triggerPipelineClose(575)) - pipeline Action CLOSE  on pipeline PipelineID=946a925e-29f3-4efc-8597-28fa94f01c3c.Reason : 9a3c5405-1b71-41e7-a1e6-d9c2b7bf9721 has not seen follower/s 597a450e-db00-46ca-b8ea-d9e1f9500f66 for 132543ms 4005f9e4-9000-4048-961f-9439e52a6da7 for 132545ms
2019-09-17 12:30:10,249 [org.apache.ratis.server.impl.LogAppender$AppenderDaemon$$Lambda$490/985692452@1851555] ERROR ratis.XceiverServerRatis (XceiverServerRatis.java:triggerPipelineClose(575)) - pipeline Action CLOSE  on pipeline PipelineID=946a925e-29f3-4efc-8597-28fa94f01c3c.Reason : 9a3c5405-1b71-41e7-a1e6-d9c2b7bf9721 has not seen follower/s 597a450e-db00-46ca-b8ea-d9e1f9500f66 for 132544ms 4005f9e4-9000-4048-961f-9439e52a6da7 for 132546ms
2019-09-17 12:30:10,747 [java.util.concurrent.ThreadPoolExecutor$Worker@5e86a67c[State = -1, empty queue]] WARN  server.GrpcLogAppender (GrpcLogAppender.java:timeoutAppendRequest(200)) - 9a3c5405-1b71-41e7-a1e6-d9c2b7bf9721@group-28FA94F01C3C->597a450e-db00-46ca-b8ea-d9e1f9500f66-GrpcLogAppender: appendEntries Timeout, request=9a3c5405-1b71-41e7-a1e6-d9c2b7bf9721->597a450e-db00-46ca-b8ea-d9e1f9500f66#64-t1, previous=(t:1, i:12), leaderCommit=6, initializing? false, entries: <empty>
2019-09-17 12:30:10,747 [java.util.concurrent.ThreadPoolExecutor$Worker@46212d45[State = -1, empty queue]] WARN  server.GrpcLogAppender (GrpcLogAppender.java:timeoutAppendRequest(200)) - 9a3c5405-1b71-41e7-a1e6-d9c2b7bf9721@group-28FA94F01C3C->4005f9e4-9000-4048-961f-9439e52a6da7-GrpcLogAppender: appendEntries Timeout, request=9a3c5405-1b71-41e7-a1e6-d9c2b7bf9721->4005f9e4-9000-4048-961f-9439e52a6da7#64-t1, previous=(t:1, i:12), leaderCommit=6, initializing? false, entries: <empty>
2019-09-17 12:30:11,243 [EventQueue-PipelineActionsForPipelineActionHandler] ERROR pipeline.PipelineActionHandler (PipelineActionHandler.java:onMessage(60)) - Received pipeline action CLOSE for Pipeline[ Id: 946a925e-29f3-4efc-8597-28fa94f01c3c, Nodes: 4005f9e4-9000-4048-961f-9439e52a6da7{ip: 192.168.5.130, host: pr-hdds-2136-chhj8-2666454444, networkLocation: /default-rack, certSerialId: null}597a450e-db00-46ca-b8ea-d9e1f9500f66{ip: 192.168.5.130, host: pr-hdds-2136-chhj8-2666454444, networkLocation: /default-rack, certSerialId: null}9a3c5405-1b71-41e7-a1e6-d9c2b7bf9721{ip: 192.168.5.130, host: pr-hdds-2136-chhj8-2666454444, networkLocation: /default-rack, certSerialId: null}, Type:RATIS, Factor:THREE, State:CLOSED] from datanode 9a3c5405-1b71-41e7-a1e6-d9c2b7bf9721{ip: 192.168.5.130, host: pr-hdds-2136-chhj8-2666454444, networkLocation: /default-rack, certSerialId: null}. Reason : 9a3c5405-1b71-41e7-a1e6-d9c2b7bf9721 has not seen follower/s 597a450e-db00-46ca-b8ea-d9e1f9500f66 for 132543ms 4005f9e4-9000-4048-961f-9439e52a6da7 for 132545ms
2019-09-17 12:30:11,243 [EventQueue-PipelineActionsForPipelineActionHandler] INFO  pipeline.SCMPipelineManager (SCMPipelineManager.java:finalizeAndDestroyPipeline(311)) - destroying pipeline:Pipeline[ Id: 946a925e-29f3-4efc-8597-28fa94f01c3c, Nodes: 4005f9e4-9000-4048-961f-9439e52a6da7{ip: 192.168.5.130, host: pr-hdds-2136-chhj8-2666454444, networkLocation: /default-rack, certSerialId: null}597a450e-db00-46ca-b8ea-d9e1f9500f66{ip: 192.168.5.130, host: pr-hdds-2136-chhj8-2666454444, networkLocation: /default-rack, certSerialId: null}9a3c5405-1b71-41e7-a1e6-d9c2b7bf9721{ip: 192.168.5.130, host: pr-hdds-2136-chhj8-2666454444, networkLocation: /default-rack, certSerialId: null}, Type:RATIS, Factor:THREE, State:CLOSED]
2019-09-17 12:30:12,876 [org.apache.ratis.server.impl.LogAppender$AppenderDaemon$$Lambda$490/985692452@344fa89] ERROR ratis.XceiverServerRatis (XceiverServerRatis.java:triggerPipelineClose(575)) - pipeline Action CLOSE  on pipeline PipelineID=946a925e-29f3-4efc-8597-28fa94f01c3c.Reason : 9a3c5405-1b71-41e7-a1e6-d9c2b7bf9721 has not seen follower/s 597a450e-db00-46ca-b8ea-d9e1f9500f66 for 135044ms 4005f9e4-9000-4048-961f-9439e52a6da7 for 135046ms
2019-09-17 12:30:12,879 [org.apache.ratis.server.impl.LogAppender$AppenderDaemon$$Lambda$490/985692452@1851555] ERROR ratis.XceiverServerRatis (XceiverServerRatis.java:triggerPipelineClose(575)) - pipeline Action CLOSE  on pipeline PipelineID=946a925e-29f3-4efc-8597-28fa94f01c3c.Reason : 9a3c5405-1b71-41e7-a1e6-d9c2b7bf9721 has not seen follower/s 597a450e-db00-46ca-b8ea-d9e1f9500f66 for 135174ms 4005f9e4-9000-4048-961f-9439e52a6da7 for 135176ms
2019-09-17 12:30:13,245 [EventQueue-PipelineActionsForPipelineActionHandler] ERROR pipeline.PipelineActionHandler (PipelineActionHandler.java:onMessage(60)) - Received pipeline action CLOSE for Pipeline[ Id: 946a925e-29f3-4efc-8597-28fa94f01c3c, Nodes: 4005f9e4-9000-4048-961f-9439e52a6da7{ip: 192.168.5.130, host: pr-hdds-2136-chhj8-2666454444, networkLocation: /default-rack, certSerialId: null}597a450e-db00-46ca-b8ea-d9e1f9500f66{ip: 192.168.5.130, host: pr-hdds-2136-chhj8-2666454444, networkLocation: /default-rack, certSerialId: null}9a3c5405-1b71-41e7-a1e6-d9c2b7bf9721{ip: 192.168.5.130, host: pr-hdds-2136-chhj8-2666454444, networkLocation: /default-rack, certSerialId: null}, Type:RATIS, Factor:THREE, State:CLOSED] from datanode 9a3c5405-1b71-41e7-a1e6-d9c2b7bf9721{ip: 192.168.5.130, host: pr-hdds-2136-chhj8-2666454444, networkLocation: /default-rack, certSerialId: null}. Reason : 9a3c5405-1b71-41e7-a1e6-d9c2b7bf9721 has not seen follower/s 597a450e-db00-46ca-b8ea-d9e1f9500f66 for 135044ms 4005f9e4-9000-4048-961f-9439e52a6da7 for 135046ms
2019-09-17 12:30:13,246 [EventQueue-PipelineActionsForPipelineActionHandler] INFO  pipeline.SCMPipelineManager (SCMPipelineManager.java:finalizeAndDestroyPipeline(311)) - destroying pipeline:Pipeline[ Id: 946a925e-29f3-4efc-8597-28fa94f01c3c, Nodes: 4005f9e4-9000-4048-961f-9439e52a6da7{ip: 192.168.5.130, host: pr-hdds-2136-chhj8-2666454444, networkLocation: /default-rack, certSerialId: null}597a450e-db00-46ca-b8ea-d9e1f9500f66{ip: 192.168.5.130, host: pr-hdds-2136-chhj8-2666454444, networkLocation: /default-rack, certSerialId: null}9a3c5405-1b71-41e7-a1e6-d9c2b7bf9721{ip: 192.168.5.130, host: pr-hdds-2136-chhj8-2666454444, networkLocation: /default-rack, certSerialId: null}, Type:RATIS, Factor:THREE, State:CLOSED]
2019-09-17 12:30:13,248 [java.util.concurrent.ThreadPoolExecutor$Worker@5e86a67c[State = -1, empty queue]] WARN  server.GrpcLogAppender (GrpcLogAppender.java:timeoutAppendRequest(200)) - 9a3c5405-1b71-41e7-a1e6-d9c2b7bf9721@group-28FA94F01C3C->597a450e-db00-46ca-b8ea-d9e1f9500f66-GrpcLogAppender: appendEntries Timeout, request=9a3c5405-1b71-41e7-a1e6-d9c2b7bf9721->597a450e-db00-46ca-b8ea-d9e1f9500f66#65-t1, previous=(t:1, i:12), leaderCommit=6, initializing? false, entries: <empty>
2019-09-17 12:30:13,251 [java.util.concurrent.ThreadPoolExecutor$Worker@46212d45[State = -1, empty queue]] WARN  server.GrpcLogAppender (GrpcLogAppender.java:timeoutAppendRequest(200)) - 9a3c5405-1b71-41e7-a1e6-d9c2b7bf9721@group-28FA94F01C3C->4005f9e4-9000-4048-961f-9439e52a6da7-GrpcLogAppender: appendEntries Timeout, request=9a3c5405-1b71-41e7-a1e6-d9c2b7bf9721->4005f9e4-9000-4048-961f-9439e52a6da7#65-t1, previous=(t:1, i:12), leaderCommit=6, initializing? false, entries: <empty>
2019-09-17 12:30:14,755 [grpc-default-executor-0] INFO  client.GrpcClientProtocolClient (GrpcClientProtocolClient.java:onNext(264)) - client-D1FE97365EAD->597a450e-db00-46ca-b8ea-d9e1f9500f66: receive RaftClientReply:client-D1FE97365EAD->597a450e-db00-46ca-b8ea-d9e1f9500f66@group-28FA94F01C3C, cid=16, FAILED org.apache.ratis.protocol.NotLeaderException: Server 597a450e-db00-46ca-b8ea-d9e1f9500f66@group-28FA94F01C3C is not the leader 9a3c5405-1b71-41e7-a1e6-d9c2b7bf9721:192.168.5.130:42503, logIndex=0, commits[597a450e-db00-46ca-b8ea-d9e1f9500f66:c6, 9a3c5405-1b71-41e7-a1e6-d9c2b7bf9721:c6, 4005f9e4-9000-4048-961f-9439e52a6da7:c4]
2019-09-17 12:30:15,250 [org.apache.ratis.server.impl.LogAppender$AppenderDaemon$$Lambda$490/985692452@344fa89] ERROR ratis.XceiverServerRatis (XceiverServerRatis.java:triggerPipelineClose(575)) - pipeline Action CLOSE  on pipeline PipelineID=946a925e-29f3-4efc-8597-28fa94f01c3c.Reason : 9a3c5405-1b71-41e7-a1e6-d9c2b7bf9721 has not seen follower/s 597a450e-db00-46ca-b8ea-d9e1f9500f66 for 137545ms 4005f9e4-9000-4048-961f-9439e52a6da7 for 137547ms
2019-09-17 12:30:15,380 [org.apache.ratis.server.impl.LogAppender$AppenderDaemon$$Lambda$490/985692452@1851555] ERROR ratis.XceiverServerRatis (XceiverServerRatis.java:triggerPipelineClose(575)) - pipeline Action CLOSE  on pipeline PipelineID=946a925e-29f3-4efc-8597-28fa94f01c3c.Reason : 9a3c5405-1b71-41e7-a1e6-d9c2b7bf9721 has not seen follower/s 597a450e-db00-46ca-b8ea-d9e1f9500f66 for 137675ms 4005f9e4-9000-4048-961f-9439e52a6da7 for 137677ms
2019-09-17 12:30:15,749 [java.util.concurrent.ThreadPoolExecutor$Worker@5e86a67c[State = -1, empty queue]] WARN  server.GrpcLogAppender (GrpcLogAppender.java:timeoutAppendRequest(200)) - 9a3c5405-1b71-41e7-a1e6-d9c2b7bf9721@group-28FA94F01C3C->597a450e-db00-46ca-b8ea-d9e1f9500f66-GrpcLogAppender: appendEntries Timeout, request=9a3c5405-1b71-41e7-a1e6-d9c2b7bf9721->597a450e-db00-46ca-b8ea-d9e1f9500f66#66-t1, previous=(t:1, i:12), leaderCommit=6, initializing? false, entries: <empty>
2019-09-17 12:30:15,879 [java.util.concurrent.ThreadPoolExecutor$Worker@46212d45[State = -1, empty queue]] WARN  server.GrpcLogAppender (GrpcLogAppender.java:timeoutAppendRequest(200)) - 9a3c5405-1b71-41e7-a1e6-d9c2b7bf9721@group-28FA94F01C3C->4005f9e4-9000-4048-961f-9439e52a6da7-GrpcLogAppender: appendEntries Timeout, request=9a3c5405-1b71-41e7-a1e6-d9c2b7bf9721->4005f9e4-9000-4048-961f-9439e52a6da7#66-t1, previous=(t:1, i:12), leaderCommit=6, initializing? false, entries: <empty>
2019-09-17 12:30:16,244 [EventQueue-PipelineActionsForPipelineActionHandler] ERROR pipeline.PipelineActionHandler (PipelineActionHandler.java:onMessage(60)) - Received pipeline action CLOSE for Pipeline[ Id: 946a925e-29f3-4efc-8597-28fa94f01c3c, Nodes: 4005f9e4-9000-4048-961f-9439e52a6da7{ip: 192.168.5.130, host: pr-hdds-2136-chhj8-2666454444, networkLocation: /default-rack, certSerialId: null}597a450e-db00-46ca-b8ea-d9e1f9500f66{ip: 192.168.5.130, host: pr-hdds-2136-chhj8-2666454444, networkLocation: /default-rack, certSerialId: null}9a3c5405-1b71-41e7-a1e6-d9c2b7bf9721{ip: 192.168.5.130, host: pr-hdds-2136-chhj8-2666454444, networkLocation: /default-rack, certSerialId: null}, Type:RATIS, Factor:THREE, State:CLOSED] from datanode 9a3c5405-1b71-41e7-a1e6-d9c2b7bf9721{ip: 192.168.5.130, host: pr-hdds-2136-chhj8-2666454444, networkLocation: /default-rack, certSerialId: null}. Reason : 9a3c5405-1b71-41e7-a1e6-d9c2b7bf9721 has not seen follower/s 597a450e-db00-46ca-b8ea-d9e1f9500f66 for 137545ms 4005f9e4-9000-4048-961f-9439e52a6da7 for 137547ms
2019-09-17 12:30:16,244 [EventQueue-PipelineActionsForPipelineActionHandler] INFO  pipeline.SCMPipelineManager (SCMPipelineManager.java:finalizeAndDestroyPipeline(311)) - destroying pipeline:Pipeline[ Id: 946a925e-29f3-4efc-8597-28fa94f01c3c, Nodes: 4005f9e4-9000-4048-961f-9439e52a6da7{ip: 192.168.5.130, host: pr-hdds-2136-chhj8-2666454444, networkLocation: /default-rack, certSerialId: null}597a450e-db00-46ca-b8ea-d9e1f9500f66{ip: 192.168.5.130, host: pr-hdds-2136-chhj8-2666454444, networkLocation: /default-rack, certSerialId: null}9a3c5405-1b71-41e7-a1e6-d9c2b7bf9721{ip: 192.168.5.130, host: pr-hdds-2136-chhj8-2666454444, networkLocation: /default-rack, certSerialId: null}, Type:RATIS, Factor:THREE, State:CLOSED]
2019-09-17 12:30:17,752 [org.apache.ratis.server.impl.LogAppender$AppenderDaemon$$Lambda$490/985692452@344fa89] ERROR ratis.XceiverServerRatis (XceiverServerRatis.java:triggerPipelineClose(575)) - pipeline Action CLOSE  on pipeline PipelineID=946a925e-29f3-4efc-8597-28fa94f01c3c.Reason : 9a3c5405-1b71-41e7-a1e6-d9c2b7bf9721 has not seen follower/s 597a450e-db00-46ca-b8ea-d9e1f9500f66 for 140047ms 4005f9e4-9000-4048-961f-9439e52a6da7 for 140048ms
2019-09-17 12:30:17,880 [org.apache.ratis.server.impl.LogAppender$AppenderDaemon$$Lambda$490/985692452@1851555] ERROR ratis.XceiverServerRatis (XceiverServerRatis.java:triggerPipelineClose(575)) - pipeline Action CLOSE  on pipeline PipelineID=946a925e-29f3-4efc-8597-28fa94f01c3c.Reason : 9a3c5405-1b71-41e7-a1e6-d9c2b7bf9721 has not seen follower/s 597a450e-db00-46ca-b8ea-d9e1f9500f66 for 140175ms 4005f9e4-9000-4048-961f-9439e52a6da7 for 140177ms
2019-09-17 12:30:18,225 [597a450e-db00-46ca-b8ea-d9e1f9500f66@group-28FA94F01C3C-SegmentedRaftLogWorker] WARN  segmented.SegmentedRaftLogWorker (SegmentedRaftLogWorker.java:getFromFuture(90)) - Timeout 13/~
org.apache.ratis.protocol.TimeoutIOException: Timeout 10s: WriteLog:8: (t:1, i:8), STATEMACHINELOGENTRY, client-D1FE97365EAD, cid=17-writeStateMachineData
	at org.apache.ratis.util.IOUtils.getFromFuture(IOUtils.java:87)
	at org.apache.ratis.server.raftlog.segmented.SegmentedRaftLogWorker$StateMachineDataPolicy.getFromFuture(SegmentedRaftLogWorker.java:87)
	at org.apache.ratis.server.raftlog.segmented.SegmentedRaftLogWorker$WriteLog.execute(SegmentedRaftLogWorker.java:477)
	at org.apache.ratis.server.raftlog.segmented.SegmentedRaftLogWorker.run(SegmentedRaftLogWorker.java:289)
	at java.lang.Thread.run(Thread.java:748)
Caused by: java.util.concurrent.TimeoutException
	at java.util.concurrent.CompletableFuture.timedGet(CompletableFuture.java:1771)
	at java.util.concurrent.CompletableFuture.get(CompletableFuture.java:1915)
	at org.apache.ratis.util.IOUtils.getFromFuture(IOUtils.java:79)
	... 4 more
2019-09-17 12:30:18,244 [9a3c5405-1b71-41e7-a1e6-d9c2b7bf9721@group-28FA94F01C3C-SegmentedRaftLogWorker] WARN  segmented.SegmentedRaftLogWorker (SegmentedRaftLogWorker.java:getFromFuture(90)) - Timeout 13/~
org.apache.ratis.protocol.TimeoutIOException: Timeout 10s: WriteLog:8: (t:1, i:8), STATEMACHINELOGENTRY, client-D1FE97365EAD, cid=17-writeStateMachineData
	at org.apache.ratis.util.IOUtils.getFromFuture(IOUtils.java:87)
	at org.apache.ratis.server.raftlog.segmented.SegmentedRaftLogWorker$StateMachineDataPolicy.getFromFuture(SegmentedRaftLogWorker.java:87)
	at org.apache.ratis.server.raftlog.segmented.SegmentedRaftLogWorker$WriteLog.execute(SegmentedRaftLogWorker.java:477)
	at org.apache.ratis.server.raftlog.segmented.SegmentedRaftLogWorker.run(SegmentedRaftLogWorker.java:289)
	at java.lang.Thread.run(Thread.java:748)
Caused by: java.util.concurrent.TimeoutException
	at java.util.concurrent.CompletableFuture.timedGet(CompletableFuture.java:1771)
	at java.util.concurrent.CompletableFuture.get(CompletableFuture.java:1915)
	at org.apache.ratis.util.IOUtils.getFromFuture(IOUtils.java:79)
	... 4 more
2019-09-17 12:30:18,244 [4005f9e4-9000-4048-961f-9439e52a6da7@group-28FA94F01C3C-SegmentedRaftLogWorker] WARN  segmented.SegmentedRaftLogWorker (SegmentedRaftLogWorker.java:getFromFuture(90)) - Timeout 13/~
org.apache.ratis.protocol.TimeoutIOException: Timeout 10s: WriteLog:8: (t:1, i:8), STATEMACHINELOGENTRY, client-D1FE97365EAD, cid=17-writeStateMachineData
	at org.apache.ratis.util.IOUtils.getFromFuture(IOUtils.java:87)
	at org.apache.ratis.server.raftlog.segmented.SegmentedRaftLogWorker$StateMachineDataPolicy.getFromFuture(SegmentedRaftLogWorker.java:87)
	at org.apache.ratis.server.raftlog.segmented.SegmentedRaftLogWorker$WriteLog.execute(SegmentedRaftLogWorker.java:477)
	at org.apache.ratis.server.raftlog.segmented.SegmentedRaftLogWorker.run(SegmentedRaftLogWorker.java:289)
	at java.lang.Thread.run(Thread.java:748)
Caused by: java.util.concurrent.TimeoutException
	at java.util.concurrent.CompletableFuture.timedGet(CompletableFuture.java:1771)
	at java.util.concurrent.CompletableFuture.get(CompletableFuture.java:1915)
	at org.apache.ratis.util.IOUtils.getFromFuture(IOUtils.java:79)
	... 4 more
2019-09-17 12:30:18,245 [EventQueue-PipelineActionsForPipelineActionHandler] ERROR pipeline.PipelineActionHandler (PipelineActionHandler.java:onMessage(60)) - Received pipeline action CLOSE for Pipeline[ Id: 946a925e-29f3-4efc-8597-28fa94f01c3c, Nodes: 4005f9e4-9000-4048-961f-9439e52a6da7{ip: 192.168.5.130, host: pr-hdds-2136-chhj8-2666454444, networkLocation: /default-rack, certSerialId: null}597a450e-db00-46ca-b8ea-d9e1f9500f66{ip: 192.168.5.130, host: pr-hdds-2136-chhj8-2666454444, networkLocation: /default-rack, certSerialId: null}9a3c5405-1b71-41e7-a1e6-d9c2b7bf9721{ip: 192.168.5.130, host: pr-hdds-2136-chhj8-2666454444, networkLocation: /default-rack, certSerialId: null}, Type:RATIS, Factor:THREE, State:CLOSED] from datanode 9a3c5405-1b71-41e7-a1e6-d9c2b7bf9721{ip: 192.168.5.130, host: pr-hdds-2136-chhj8-2666454444, networkLocation: /default-rack, certSerialId: null}. Reason : 9a3c5405-1b71-41e7-a1e6-d9c2b7bf9721 has not seen follower/s 597a450e-db00-46ca-b8ea-d9e1f9500f66 for 140047ms 4005f9e4-9000-4048-961f-9439e52a6da7 for 140048ms
2019-09-17 12:30:18,245 [EventQueue-PipelineActionsForPipelineActionHandler] INFO  pipeline.SCMPipelineManager (SCMPipelineManager.java:finalizeAndDestroyPipeline(311)) - destroying pipeline:Pipeline[ Id: 946a925e-29f3-4efc-8597-28fa94f01c3c, Nodes: 4005f9e4-9000-4048-961f-9439e52a6da7{ip: 192.168.5.130, host: pr-hdds-2136-chhj8-2666454444, networkLocation: /default-rack, certSerialId: null}597a450e-db00-46ca-b8ea-d9e1f9500f66{ip: 192.168.5.130, host: pr-hdds-2136-chhj8-2666454444, networkLocation: /default-rack, certSerialId: null}9a3c5405-1b71-41e7-a1e6-d9c2b7bf9721{ip: 192.168.5.130, host: pr-hdds-2136-chhj8-2666454444, networkLocation: /default-rack, certSerialId: null}, Type:RATIS, Factor:THREE, State:CLOSED]
2019-09-17 12:30:18,250 [java.util.concurrent.ThreadPoolExecutor$Worker@5e86a67c[State = -1, empty queue]] WARN  server.GrpcLogAppender (GrpcLogAppender.java:timeoutAppendRequest(200)) - 9a3c5405-1b71-41e7-a1e6-d9c2b7bf9721@group-28FA94F01C3C->597a450e-db00-46ca-b8ea-d9e1f9500f66-GrpcLogAppender: appendEntries Timeout, request=9a3c5405-1b71-41e7-a1e6-d9c2b7bf9721->597a450e-db00-46ca-b8ea-d9e1f9500f66#67-t1, previous=(t:1, i:12), leaderCommit=6, initializing? false, entries: <empty>
2019-09-17 12:30:18,380 [java.util.concurrent.ThreadPoolExecutor$Worker@46212d45[State = -1, empty queue]] WARN  server.GrpcLogAppender (GrpcLogAppender.java:timeoutAppendRequest(200)) - 9a3c5405-1b71-41e7-a1e6-d9c2b7bf9721@group-28FA94F01C3C->4005f9e4-9000-4048-961f-9439e52a6da7-GrpcLogAppender: appendEntries Timeout, request=9a3c5405-1b71-41e7-a1e6-d9c2b7bf9721->4005f9e4-9000-4048-961f-9439e52a6da7#67-t1, previous=(t:1, i:12), leaderCommit=6, initializing? false, entries: <empty>
2019-09-17 12:30:19,823 [grpc-default-executor-3] INFO  client.GrpcClientProtocolClient (GrpcClientProtocolClient.java:onNext(264)) - client-D1FE97365EAD->4005f9e4-9000-4048-961f-9439e52a6da7: receive RaftClientReply:client-D1FE97365EAD->4005f9e4-9000-4048-961f-9439e52a6da7@group-28FA94F01C3C, cid=16, FAILED org.apache.ratis.protocol.NotLeaderException: Server 4005f9e4-9000-4048-961f-9439e52a6da7@group-28FA94F01C3C is not the leader 9a3c5405-1b71-41e7-a1e6-d9c2b7bf9721:192.168.5.130:42503, logIndex=0, commits[4005f9e4-9000-4048-961f-9439e52a6da7:c6, 597a450e-db00-46ca-b8ea-d9e1f9500f66:c4, 9a3c5405-1b71-41e7-a1e6-d9c2b7bf9721:c6]
2019-09-17 12:30:20,253 [org.apache.ratis.server.impl.LogAppender$AppenderDaemon$$Lambda$490/985692452@344fa89] ERROR ratis.XceiverServerRatis (XceiverServerRatis.java:triggerPipelineClose(575)) - pipeline Action CLOSE  on pipeline PipelineID=946a925e-29f3-4efc-8597-28fa94f01c3c.Reason : 9a3c5405-1b71-41e7-a1e6-d9c2b7bf9721 has not seen follower/s 597a450e-db00-46ca-b8ea-d9e1f9500f66 for 142548ms 4005f9e4-9000-4048-961f-9439e52a6da7 for 142549ms
2019-09-17 12:30:20,382 [org.apache.ratis.server.impl.LogAppender$AppenderDaemon$$Lambda$490/985692452@1851555] ERROR ratis.XceiverServerRatis (XceiverServerRatis.java:triggerPipelineClose(575)) - pipeline Action CLOSE  on pipeline PipelineID=946a925e-29f3-4efc-8597-28fa94f01c3c.Reason : 9a3c5405-1b71-41e7-a1e6-d9c2b7bf9721 has not seen follower/s 597a450e-db00-46ca-b8ea-d9e1f9500f66 for 142677ms 4005f9e4-9000-4048-961f-9439e52a6da7 for 142678ms
2019-09-17 12:30:20,752 [java.util.concurrent.ThreadPoolExecutor$Worker@5e86a67c[State = -1, empty queue]] WARN  server.GrpcLogAppender (GrpcLogAppender.java:timeoutAppendRequest(200)) - 9a3c5405-1b71-41e7-a1e6-d9c2b7bf9721@group-28FA94F01C3C->597a450e-db00-46ca-b8ea-d9e1f9500f66-GrpcLogAppender: appendEntries Timeout, request=9a3c5405-1b71-41e7-a1e6-d9c2b7bf9721->597a450e-db00-46ca-b8ea-d9e1f9500f66#68-t1, previous=(t:1, i:12), leaderCommit=6, initializing? false, entries: <empty>
2019-09-17 12:30:20,880 [java.util.concurrent.ThreadPoolExecutor$Worker@46212d45[State = -1, empty queue]] WARN  server.GrpcLogAppender (GrpcLogAppender.java:timeoutAppendRequest(200)) - 9a3c5405-1b71-41e7-a1e6-d9c2b7bf9721@group-28FA94F01C3C->4005f9e4-9000-4048-961f-9439e52a6da7-GrpcLogAppender: appendEntries Timeout, request=9a3c5405-1b71-41e7-a1e6-d9c2b7bf9721->4005f9e4-9000-4048-961f-9439e52a6da7#68-t1, previous=(t:1, i:12), leaderCommit=6, initializing? false, entries: <empty>
2019-09-17 12:30:21,245 [EventQueue-PipelineActionsForPipelineActionHandler] ERROR pipeline.PipelineActionHandler (PipelineActionHandler.java:onMessage(60)) - Received pipeline action CLOSE for Pipeline[ Id: 946a925e-29f3-4efc-8597-28fa94f01c3c, Nodes: 4005f9e4-9000-4048-961f-9439e52a6da7{ip: 192.168.5.130, host: pr-hdds-2136-chhj8-2666454444, networkLocation: /default-rack, certSerialId: null}597a450e-db00-46ca-b8ea-d9e1f9500f66{ip: 192.168.5.130, host: pr-hdds-2136-chhj8-2666454444, networkLocation: /default-rack, certSerialId: null}9a3c5405-1b71-41e7-a1e6-d9c2b7bf9721{ip: 192.168.5.130, host: pr-hdds-2136-chhj8-2666454444, networkLocation: /default-rack, certSerialId: null}, Type:RATIS, Factor:THREE, State:CLOSED] from datanode 9a3c5405-1b71-41e7-a1e6-d9c2b7bf9721{ip: 192.168.5.130, host: pr-hdds-2136-chhj8-2666454444, networkLocation: /default-rack, certSerialId: null}. Reason : 9a3c5405-1b71-41e7-a1e6-d9c2b7bf9721 has not seen follower/s 597a450e-db00-46ca-b8ea-d9e1f9500f66 for 142548ms 4005f9e4-9000-4048-961f-9439e52a6da7 for 142549ms
2019-09-17 12:30:21,246 [EventQueue-PipelineActionsForPipelineActionHandler] INFO  pipeline.SCMPipelineManager (SCMPipelineManager.java:finalizeAndDestroyPipeline(311)) - destroying pipeline:Pipeline[ Id: 946a925e-29f3-4efc-8597-28fa94f01c3c, Nodes: 4005f9e4-9000-4048-961f-9439e52a6da7{ip: 192.168.5.130, host: pr-hdds-2136-chhj8-2666454444, networkLocation: /default-rack, certSerialId: null}597a450e-db00-46ca-b8ea-d9e1f9500f66{ip: 192.168.5.130, host: pr-hdds-2136-chhj8-2666454444, networkLocation: /default-rack, certSerialId: null}9a3c5405-1b71-41e7-a1e6-d9c2b7bf9721{ip: 192.168.5.130, host: pr-hdds-2136-chhj8-2666454444, networkLocation: /default-rack, certSerialId: null}, Type:RATIS, Factor:THREE, State:CLOSED]
2019-09-17 12:30:22,754 [org.apache.ratis.server.impl.LogAppender$AppenderDaemon$$Lambda$490/985692452@344fa89] ERROR ratis.XceiverServerRatis (XceiverServerRatis.java:triggerPipelineClose(575)) - pipeline Action CLOSE  on pipeline PipelineID=946a925e-29f3-4efc-8597-28fa94f01c3c.Reason : 9a3c5405-1b71-41e7-a1e6-d9c2b7bf9721 has not seen follower/s 597a450e-db00-46ca-b8ea-d9e1f9500f66 for 145049ms 4005f9e4-9000-4048-961f-9439e52a6da7 for 145051ms
2019-09-17 12:30:22,883 [org.apache.ratis.server.impl.LogAppender$AppenderDaemon$$Lambda$490/985692452@1851555] ERROR ratis.XceiverServerRatis (XceiverServerRatis.java:triggerPipelineClose(575)) - pipeline Action CLOSE  on pipeline PipelineID=946a925e-29f3-4efc-8597-28fa94f01c3c.Reason : 9a3c5405-1b71-41e7-a1e6-d9c2b7bf9721 has not seen follower/s 597a450e-db00-46ca-b8ea-d9e1f9500f66 for 145178ms 4005f9e4-9000-4048-961f-9439e52a6da7 for 145179ms
2019-09-17 12:30:23,247 [EventQueue-PipelineActionsForPipelineActionHandler] ERROR pipeline.PipelineActionHandler (PipelineActionHandler.java:onMessage(60)) - Received pipeline action CLOSE for Pipeline[ Id: 946a925e-29f3-4efc-8597-28fa94f01c3c, Nodes: 4005f9e4-9000-4048-961f-9439e52a6da7{ip: 192.168.5.130, host: pr-hdds-2136-chhj8-2666454444, networkLocation: /default-rack, certSerialId: null}597a450e-db00-46ca-b8ea-d9e1f9500f66{ip: 192.168.5.130, host: pr-hdds-2136-chhj8-2666454444, networkLocation: /default-rack, certSerialId: null}9a3c5405-1b71-41e7-a1e6-d9c2b7bf9721{ip: 192.168.5.130, host: pr-hdds-2136-chhj8-2666454444, networkLocation: /default-rack, certSerialId: null}, Type:RATIS, Factor:THREE, State:CLOSED] from datanode 9a3c5405-1b71-41e7-a1e6-d9c2b7bf9721{ip: 192.168.5.130, host: pr-hdds-2136-chhj8-2666454444, networkLocation: /default-rack, certSerialId: null}. Reason : 9a3c5405-1b71-41e7-a1e6-d9c2b7bf9721 has not seen follower/s 597a450e-db00-46ca-b8ea-d9e1f9500f66 for 145049ms 4005f9e4-9000-4048-961f-9439e52a6da7 for 145051ms
2019-09-17 12:30:23,248 [EventQueue-PipelineActionsForPipelineActionHandler] INFO  pipeline.SCMPipelineManager (SCMPipelineManager.java:finalizeAndDestroyPipeline(311)) - destroying pipeline:Pipeline[ Id: 946a925e-29f3-4efc-8597-28fa94f01c3c, Nodes: 4005f9e4-9000-4048-961f-9439e52a6da7{ip: 192.168.5.130, host: pr-hdds-2136-chhj8-2666454444, networkLocation: /default-rack, certSerialId: null}597a450e-db00-46ca-b8ea-d9e1f9500f66{ip: 192.168.5.130, host: pr-hdds-2136-chhj8-2666454444, networkLocation: /default-rack, certSerialId: null}9a3c5405-1b71-41e7-a1e6-d9c2b7bf9721{ip: 192.168.5.130, host: pr-hdds-2136-chhj8-2666454444, networkLocation: /default-rack, certSerialId: null}, Type:RATIS, Factor:THREE, State:CLOSED]
2019-09-17 12:30:23,253 [java.util.concurrent.ThreadPoolExecutor$Worker@5e86a67c[State = -1, empty queue]] WARN  server.GrpcLogAppender (GrpcLogAppender.java:timeoutAppendRequest(200)) - 9a3c5405-1b71-41e7-a1e6-d9c2b7bf9721@group-28FA94F01C3C->597a450e-db00-46ca-b8ea-d9e1f9500f66-GrpcLogAppender: appendEntries Timeout, request=9a3c5405-1b71-41e7-a1e6-d9c2b7bf9721->597a450e-db00-46ca-b8ea-d9e1f9500f66#69-t1, previous=(t:1, i:12), leaderCommit=6, initializing? false, entries: <empty>
2019-09-17 12:30:23,382 [java.util.concurrent.ThreadPoolExecutor$Worker@46212d45[State = -1, empty queue]] WARN  server.GrpcLogAppender (GrpcLogAppender.java:timeoutAppendRequest(200)) - 9a3c5405-1b71-41e7-a1e6-d9c2b7bf9721@group-28FA94F01C3C->4005f9e4-9000-4048-961f-9439e52a6da7-GrpcLogAppender: appendEntries Timeout, request=9a3c5405-1b71-41e7-a1e6-d9c2b7bf9721->4005f9e4-9000-4048-961f-9439e52a6da7#69-t1, previous=(t:1, i:12), leaderCommit=6, initializing? false, entries: <empty>
2019-09-17 12:30:24,922 [grpc-default-executor-0] INFO  client.GrpcClientProtocolClient (GrpcClientProtocolClient.java:onNext(264)) - client-D1FE97365EAD->4005f9e4-9000-4048-961f-9439e52a6da7: receive RaftClientReply:client-D1FE97365EAD->4005f9e4-9000-4048-961f-9439e52a6da7@group-28FA94F01C3C, cid=16, FAILED org.apache.ratis.protocol.NotLeaderException: Server 4005f9e4-9000-4048-961f-9439e52a6da7@group-28FA94F01C3C is not the leader 9a3c5405-1b71-41e7-a1e6-d9c2b7bf9721:192.168.5.130:42503, logIndex=0, commits[4005f9e4-9000-4048-961f-9439e52a6da7:c6, 597a450e-db00-46ca-b8ea-d9e1f9500f66:c4, 9a3c5405-1b71-41e7-a1e6-d9c2b7bf9721:c6]
2019-09-17 12:30:24,947 [grpc-default-executor-0] WARN  client.GrpcClientProtocolService (LogUtils.java:warn(134)) - 18-OrderedRequestStreamObserver18: onError: org.apache.ratis.thirdparty.io.grpc.StatusRuntimeException: CANCELLED: cancelled before receiving half close
2019-09-17 12:30:25,255 [org.apache.ratis.server.impl.LogAppender$AppenderDaemon$$Lambda$490/985692452@344fa89] ERROR ratis.XceiverServerRatis (XceiverServerRatis.java:triggerPipelineClose(575)) - pipeline Action CLOSE  on pipeline PipelineID=946a925e-29f3-4efc-8597-28fa94f01c3c.Reason : 9a3c5405-1b71-41e7-a1e6-d9c2b7bf9721 has not seen follower/s 597a450e-db00-46ca-b8ea-d9e1f9500f66 for 147550ms 4005f9e4-9000-4048-961f-9439e52a6da7 for 147552ms
2019-09-17 12:30:25,384 [org.apache.ratis.server.impl.LogAppender$AppenderDaemon$$Lambda$490/985692452@1851555] ERROR ratis.XceiverServerRatis (XceiverServerRatis.java:triggerPipelineClose(575)) - pipeline Action CLOSE  on pipeline PipelineID=946a925e-29f3-4efc-8597-28fa94f01c3c.Reason : 9a3c5405-1b71-41e7-a1e6-d9c2b7bf9721 has not seen follower/s 597a450e-db00-46ca-b8ea-d9e1f9500f66 for 147679ms 4005f9e4-9000-4048-961f-9439e52a6da7 for 147680ms
2019-09-17 12:30:25,754 [java.util.concurrent.ThreadPoolExecutor$Worker@5e86a67c[State = -1, empty queue]] WARN  server.GrpcLogAppender (GrpcLogAppender.java:timeoutAppendRequest(200)) - 9a3c5405-1b71-41e7-a1e6-d9c2b7bf9721@group-28FA94F01C3C->597a450e-db00-46ca-b8ea-d9e1f9500f66-GrpcLogAppender: appendEntries Timeout, request=9a3c5405-1b71-41e7-a1e6-d9c2b7bf9721->597a450e-db00-46ca-b8ea-d9e1f9500f66#70-t1, previous=(t:1, i:12), leaderCommit=6, initializing? false, entries: <empty>
2019-09-17 12:30:25,883 [java.util.concurrent.ThreadPoolExecutor$Worker@46212d45[State = -1, empty queue]] WARN  server.GrpcLogAppender (GrpcLogAppender.java:timeoutAppendRequest(200)) - 9a3c5405-1b71-41e7-a1e6-d9c2b7bf9721@group-28FA94F01C3C->4005f9e4-9000-4048-961f-9439e52a6da7-GrpcLogAppender: appendEntries Timeout, request=9a3c5405-1b71-41e7-a1e6-d9c2b7bf9721->4005f9e4-9000-4048-961f-9439e52a6da7#70-t1, previous=(t:1, i:12), leaderCommit=6, initializing? false, entries: <empty>
2019-09-17 12:30:26,250 [EventQueue-PipelineActionsForPipelineActionHandler] ERROR pipeline.PipelineActionHandler (PipelineActionHandler.java:onMessage(60)) - Received pipeline action CLOSE for Pipeline[ Id: 946a925e-29f3-4efc-8597-28fa94f01c3c, Nodes: 4005f9e4-9000-4048-961f-9439e52a6da7{ip: 192.168.5.130, host: pr-hdds-2136-chhj8-2666454444, networkLocation: /default-rack, certSerialId: null}597a450e-db00-46ca-b8ea-d9e1f9500f66{ip: 192.168.5.130, host: pr-hdds-2136-chhj8-2666454444, networkLocation: /default-rack, certSerialId: null}9a3c5405-1b71-41e7-a1e6-d9c2b7bf9721{ip: 192.168.5.130, host: pr-hdds-2136-chhj8-2666454444, networkLocation: /default-rack, certSerialId: null}, Type:RATIS, Factor:THREE, State:CLOSED] from datanode 9a3c5405-1b71-41e7-a1e6-d9c2b7bf9721{ip: 192.168.5.130, host: pr-hdds-2136-chhj8-2666454444, networkLocation: /default-rack, certSerialId: null}. Reason : 9a3c5405-1b71-41e7-a1e6-d9c2b7bf9721 has not seen follower/s 597a450e-db00-46ca-b8ea-d9e1f9500f66 for 147550ms 4005f9e4-9000-4048-961f-9439e52a6da7 for 147552ms
2019-09-17 12:30:26,250 [EventQueue-PipelineActionsForPipelineActionHandler] INFO  pipeline.SCMPipelineManager (SCMPipelineManager.java:finalizeAndDestroyPipeline(311)) - destroying pipeline:Pipeline[ Id: 946a925e-29f3-4efc-8597-28fa94f01c3c, Nodes: 4005f9e4-9000-4048-961f-9439e52a6da7{ip: 192.168.5.130, host: pr-hdds-2136-chhj8-2666454444, networkLocation: /default-rack, certSerialId: null}597a450e-db00-46ca-b8ea-d9e1f9500f66{ip: 192.168.5.130, host: pr-hdds-2136-chhj8-2666454444, networkLocation: /default-rack, certSerialId: null}9a3c5405-1b71-41e7-a1e6-d9c2b7bf9721{ip: 192.168.5.130, host: pr-hdds-2136-chhj8-2666454444, networkLocation: /default-rack, certSerialId: null}, Type:RATIS, Factor:THREE, State:CLOSED]
2019-09-17 12:30:27,757 [org.apache.ratis.server.impl.LogAppender$AppenderDaemon$$Lambda$490/985692452@344fa89] ERROR ratis.XceiverServerRatis (XceiverServerRatis.java:triggerPipelineClose(575)) - pipeline Action CLOSE  on pipeline PipelineID=946a925e-29f3-4efc-8597-28fa94f01c3c.Reason : 9a3c5405-1b71-41e7-a1e6-d9c2b7bf9721 has not seen follower/s 597a450e-db00-46ca-b8ea-d9e1f9500f66 for 150052ms 4005f9e4-9000-4048-961f-9439e52a6da7 for 150054ms
2019-09-17 12:30:27,885 [org.apache.ratis.server.impl.LogAppender$AppenderDaemon$$Lambda$490/985692452@1851555] ERROR ratis.XceiverServerRatis (XceiverServerRatis.java:triggerPipelineClose(575)) - pipeline Action CLOSE  on pipeline PipelineID=946a925e-29f3-4efc-8597-28fa94f01c3c.Reason : 9a3c5405-1b71-41e7-a1e6-d9c2b7bf9721 has not seen follower/s 597a450e-db00-46ca-b8ea-d9e1f9500f66 for 150180ms 4005f9e4-9000-4048-961f-9439e52a6da7 for 150182ms
2019-09-17 12:30:28,227 [597a450e-db00-46ca-b8ea-d9e1f9500f66@group-28FA94F01C3C-SegmentedRaftLogWorker] WARN  segmented.SegmentedRaftLogWorker (SegmentedRaftLogWorker.java:getFromFuture(90)) - Timeout 14/~
org.apache.ratis.protocol.TimeoutIOException: Timeout 10s: WriteLog:8: (t:1, i:8), STATEMACHINELOGENTRY, client-D1FE97365EAD, cid=17-writeStateMachineData
	at org.apache.ratis.util.IOUtils.getFromFuture(IOUtils.java:87)
	at org.apache.ratis.server.raftlog.segmented.SegmentedRaftLogWorker$StateMachineDataPolicy.getFromFuture(SegmentedRaftLogWorker.java:87)
	at org.apache.ratis.server.raftlog.segmented.SegmentedRaftLogWorker$WriteLog.execute(SegmentedRaftLogWorker.java:477)
	at org.apache.ratis.server.raftlog.segmented.SegmentedRaftLogWorker.run(SegmentedRaftLogWorker.java:289)
	at java.lang.Thread.run(Thread.java:748)
Caused by: java.util.concurrent.TimeoutException
	at java.util.concurrent.CompletableFuture.timedGet(CompletableFuture.java:1771)
	at java.util.concurrent.CompletableFuture.get(CompletableFuture.java:1915)
	at org.apache.ratis.util.IOUtils.getFromFuture(IOUtils.java:79)
	... 4 more
2019-09-17 12:30:28,245 [9a3c5405-1b71-41e7-a1e6-d9c2b7bf9721@group-28FA94F01C3C-SegmentedRaftLogWorker] WARN  segmented.SegmentedRaftLogWorker (SegmentedRaftLogWorker.java:getFromFuture(90)) - Timeout 14/~
org.apache.ratis.protocol.TimeoutIOException: Timeout 10s: WriteLog:8: (t:1, i:8), STATEMACHINELOGENTRY, client-D1FE97365EAD, cid=17-writeStateMachineData
	at org.apache.ratis.util.IOUtils.getFromFuture(IOUtils.java:87)
	at org.apache.ratis.server.raftlog.segmented.SegmentedRaftLogWorker$StateMachineDataPolicy.getFromFuture(SegmentedRaftLogWorker.java:87)
	at org.apache.ratis.server.raftlog.segmented.SegmentedRaftLogWorker$WriteLog.execute(SegmentedRaftLogWorker.java:477)
	at org.apache.ratis.server.raftlog.segmented.SegmentedRaftLogWorker.run(SegmentedRaftLogWorker.java:289)
	at java.lang.Thread.run(Thread.java:748)
Caused by: java.util.concurrent.TimeoutException
	at java.util.concurrent.CompletableFuture.timedGet(CompletableFuture.java:1771)
	at java.util.concurrent.CompletableFuture.get(CompletableFuture.java:1915)
	at org.apache.ratis.util.IOUtils.getFromFuture(IOUtils.java:79)
	... 4 more
2019-09-17 12:30:28,245 [4005f9e4-9000-4048-961f-9439e52a6da7@group-28FA94F01C3C-SegmentedRaftLogWorker] WARN  segmented.SegmentedRaftLogWorker (SegmentedRaftLogWorker.java:getFromFuture(90)) - Timeout 14/~
org.apache.ratis.protocol.TimeoutIOException: Timeout 10s: WriteLog:8: (t:1, i:8), STATEMACHINELOGENTRY, client-D1FE97365EAD, cid=17-writeStateMachineData
	at org.apache.ratis.util.IOUtils.getFromFuture(IOUtils.java:87)
	at org.apache.ratis.server.raftlog.segmented.SegmentedRaftLogWorker$StateMachineDataPolicy.getFromFuture(SegmentedRaftLogWorker.java:87)
	at org.apache.ratis.server.raftlog.segmented.SegmentedRaftLogWorker$WriteLog.execute(SegmentedRaftLogWorker.java:477)
	at org.apache.ratis.server.raftlog.segmented.SegmentedRaftLogWorker.run(SegmentedRaftLogWorker.java:289)
	at java.lang.Thread.run(Thread.java:748)
Caused by: java.util.concurrent.TimeoutException
	at java.util.concurrent.CompletableFuture.timedGet(CompletableFuture.java:1771)
	at java.util.concurrent.CompletableFuture.get(CompletableFuture.java:1915)
	at org.apache.ratis.util.IOUtils.getFromFuture(IOUtils.java:79)
	... 4 more
2019-09-17 12:30:28,249 [EventQueue-PipelineActionsForPipelineActionHandler] ERROR pipeline.PipelineActionHandler (PipelineActionHandler.java:onMessage(60)) - Received pipeline action CLOSE for Pipeline[ Id: 946a925e-29f3-4efc-8597-28fa94f01c3c, Nodes: 4005f9e4-9000-4048-961f-9439e52a6da7{ip: 192.168.5.130, host: pr-hdds-2136-chhj8-2666454444, networkLocation: /default-rack, certSerialId: null}597a450e-db00-46ca-b8ea-d9e1f9500f66{ip: 192.168.5.130, host: pr-hdds-2136-chhj8-2666454444, networkLocation: /default-rack, certSerialId: null}9a3c5405-1b71-41e7-a1e6-d9c2b7bf9721{ip: 192.168.5.130, host: pr-hdds-2136-chhj8-2666454444, networkLocation: /default-rack, certSerialId: null}, Type:RATIS, Factor:THREE, State:CLOSED] from datanode 9a3c5405-1b71-41e7-a1e6-d9c2b7bf9721{ip: 192.168.5.130, host: pr-hdds-2136-chhj8-2666454444, networkLocation: /default-rack, certSerialId: null}. Reason : 9a3c5405-1b71-41e7-a1e6-d9c2b7bf9721 has not seen follower/s 597a450e-db00-46ca-b8ea-d9e1f9500f66 for 150052ms 4005f9e4-9000-4048-961f-9439e52a6da7 for 150054ms
2019-09-17 12:30:28,250 [EventQueue-PipelineActionsForPipelineActionHandler] INFO  pipeline.SCMPipelineManager (SCMPipelineManager.java:finalizeAndDestroyPipeline(311)) - destroying pipeline:Pipeline[ Id: 946a925e-29f3-4efc-8597-28fa94f01c3c, Nodes: 4005f9e4-9000-4048-961f-9439e52a6da7{ip: 192.168.5.130, host: pr-hdds-2136-chhj8-2666454444, networkLocation: /default-rack, certSerialId: null}597a450e-db00-46ca-b8ea-d9e1f9500f66{ip: 192.168.5.130, host: pr-hdds-2136-chhj8-2666454444, networkLocation: /default-rack, certSerialId: null}9a3c5405-1b71-41e7-a1e6-d9c2b7bf9721{ip: 192.168.5.130, host: pr-hdds-2136-chhj8-2666454444, networkLocation: /default-rack, certSerialId: null}, Type:RATIS, Factor:THREE, State:CLOSED]
2019-09-17 12:30:28,255 [java.util.concurrent.ThreadPoolExecutor$Worker@5e86a67c[State = -1, empty queue]] WARN  server.GrpcLogAppender (GrpcLogAppender.java:timeoutAppendRequest(200)) - 9a3c5405-1b71-41e7-a1e6-d9c2b7bf9721@group-28FA94F01C3C->597a450e-db00-46ca-b8ea-d9e1f9500f66-GrpcLogAppender: appendEntries Timeout, request=9a3c5405-1b71-41e7-a1e6-d9c2b7bf9721->597a450e-db00-46ca-b8ea-d9e1f9500f66#71-t1, previous=(t:1, i:12), leaderCommit=6, initializing? false, entries: <empty>
2019-09-17 12:30:28,384 [java.util.concurrent.ThreadPoolExecutor$Worker@46212d45[State = -1, empty queue]] WARN  server.GrpcLogAppender (GrpcLogAppender.java:timeoutAppendRequest(200)) - 9a3c5405-1b71-41e7-a1e6-d9c2b7bf9721@group-28FA94F01C3C->4005f9e4-9000-4048-961f-9439e52a6da7-GrpcLogAppender: appendEntries Timeout, request=9a3c5405-1b71-41e7-a1e6-d9c2b7bf9721->4005f9e4-9000-4048-961f-9439e52a6da7#71-t1, previous=(t:1, i:12), leaderCommit=6, initializing? false, entries: <empty>
2019-09-17 12:30:29,995 [grpc-default-executor-3] INFO  client.GrpcClientProtocolClient (GrpcClientProtocolClient.java:onNext(264)) - client-D1FE97365EAD->4005f9e4-9000-4048-961f-9439e52a6da7: receive RaftClientReply:client-D1FE97365EAD->4005f9e4-9000-4048-961f-9439e52a6da7@group-28FA94F01C3C, cid=16, FAILED org.apache.ratis.protocol.NotLeaderException: Server 4005f9e4-9000-4048-961f-9439e52a6da7@group-28FA94F01C3C is not the leader 9a3c5405-1b71-41e7-a1e6-d9c2b7bf9721:192.168.5.130:42503, logIndex=0, commits[4005f9e4-9000-4048-961f-9439e52a6da7:c6, 597a450e-db00-46ca-b8ea-d9e1f9500f66:c4, 9a3c5405-1b71-41e7-a1e6-d9c2b7bf9721:c6]
2019-09-17 12:30:30,258 [org.apache.ratis.server.impl.LogAppender$AppenderDaemon$$Lambda$490/985692452@344fa89] ERROR ratis.XceiverServerRatis (XceiverServerRatis.java:triggerPipelineClose(575)) - pipeline Action CLOSE  on pipeline PipelineID=946a925e-29f3-4efc-8597-28fa94f01c3c.Reason : 9a3c5405-1b71-41e7-a1e6-d9c2b7bf9721 has not seen follower/s 597a450e-db00-46ca-b8ea-d9e1f9500f66 for 152553ms 4005f9e4-9000-4048-961f-9439e52a6da7 for 152555ms
2019-09-17 12:30:30,386 [org.apache.ratis.server.impl.LogAppender$AppenderDaemon$$Lambda$490/985692452@1851555] ERROR ratis.XceiverServerRatis (XceiverServerRatis.java:triggerPipelineClose(575)) - pipeline Action CLOSE  on pipeline PipelineID=946a925e-29f3-4efc-8597-28fa94f01c3c.Reason : 9a3c5405-1b71-41e7-a1e6-d9c2b7bf9721 has not seen follower/s 597a450e-db00-46ca-b8ea-d9e1f9500f66 for 152681ms 4005f9e4-9000-4048-961f-9439e52a6da7 for 152683ms
2019-09-17 12:30:30,757 [java.util.concurrent.ThreadPoolExecutor$Worker@5e86a67c[State = -1, empty queue]] WARN  server.GrpcLogAppender (GrpcLogAppender.java:timeoutAppendRequest(200)) - 9a3c5405-1b71-41e7-a1e6-d9c2b7bf9721@group-28FA94F01C3C->597a450e-db00-46ca-b8ea-d9e1f9500f66-GrpcLogAppender: appendEntries Timeout, request=9a3c5405-1b71-41e7-a1e6-d9c2b7bf9721->597a450e-db00-46ca-b8ea-d9e1f9500f66#72-t1, previous=(t:1, i:12), leaderCommit=6, initializing? false, entries: <empty>
2019-09-17 12:30:30,885 [java.util.concurrent.ThreadPoolExecutor$Worker@46212d45[State = -1, empty queue]] WARN  server.GrpcLogAppender (GrpcLogAppender.java:timeoutAppendRequest(200)) - 9a3c5405-1b71-41e7-a1e6-d9c2b7bf9721@group-28FA94F01C3C->4005f9e4-9000-4048-961f-9439e52a6da7-GrpcLogAppender: appendEntries Timeout, request=9a3c5405-1b71-41e7-a1e6-d9c2b7bf9721->4005f9e4-9000-4048-961f-9439e52a6da7#72-t1, previous=(t:1, i:12), leaderCommit=6, initializing? false, entries: <empty>
2019-09-17 12:30:31,249 [EventQueue-PipelineActionsForPipelineActionHandler] ERROR pipeline.PipelineActionHandler (PipelineActionHandler.java:onMessage(60)) - Received pipeline action CLOSE for Pipeline[ Id: 946a925e-29f3-4efc-8597-28fa94f01c3c, Nodes: 4005f9e4-9000-4048-961f-9439e52a6da7{ip: 192.168.5.130, host: pr-hdds-2136-chhj8-2666454444, networkLocation: /default-rack, certSerialId: null}597a450e-db00-46ca-b8ea-d9e1f9500f66{ip: 192.168.5.130, host: pr-hdds-2136-chhj8-2666454444, networkLocation: /default-rack, certSerialId: null}9a3c5405-1b71-41e7-a1e6-d9c2b7bf9721{ip: 192.168.5.130, host: pr-hdds-2136-chhj8-2666454444, networkLocation: /default-rack, certSerialId: null}, Type:RATIS, Factor:THREE, State:CLOSED] from datanode 9a3c5405-1b71-41e7-a1e6-d9c2b7bf9721{ip: 192.168.5.130, host: pr-hdds-2136-chhj8-2666454444, networkLocation: /default-rack, certSerialId: null}. Reason : 9a3c5405-1b71-41e7-a1e6-d9c2b7bf9721 has not seen follower/s 597a450e-db00-46ca-b8ea-d9e1f9500f66 for 152553ms 4005f9e4-9000-4048-961f-9439e52a6da7 for 152555ms
2019-09-17 12:30:31,249 [EventQueue-PipelineActionsForPipelineActionHandler] INFO  pipeline.SCMPipelineManager (SCMPipelineManager.java:finalizeAndDestroyPipeline(311)) - destroying pipeline:Pipeline[ Id: 946a925e-29f3-4efc-8597-28fa94f01c3c, Nodes: 4005f9e4-9000-4048-961f-9439e52a6da7{ip: 192.168.5.130, host: pr-hdds-2136-chhj8-2666454444, networkLocation: /default-rack, certSerialId: null}597a450e-db00-46ca-b8ea-d9e1f9500f66{ip: 192.168.5.130, host: pr-hdds-2136-chhj8-2666454444, networkLocation: /default-rack, certSerialId: null}9a3c5405-1b71-41e7-a1e6-d9c2b7bf9721{ip: 192.168.5.130, host: pr-hdds-2136-chhj8-2666454444, networkLocation: /default-rack, certSerialId: null}, Type:RATIS, Factor:THREE, State:CLOSED]
2019-09-17 12:30:32,759 [org.apache.ratis.server.impl.LogAppender$AppenderDaemon$$Lambda$490/985692452@344fa89] ERROR ratis.XceiverServerRatis (XceiverServerRatis.java:triggerPipelineClose(575)) - pipeline Action CLOSE  on pipeline PipelineID=946a925e-29f3-4efc-8597-28fa94f01c3c.Reason : 9a3c5405-1b71-41e7-a1e6-d9c2b7bf9721 has not seen follower/s 597a450e-db00-46ca-b8ea-d9e1f9500f66 for 155054ms 4005f9e4-9000-4048-961f-9439e52a6da7 for 155056ms
2019-09-17 12:30:32,887 [org.apache.ratis.server.impl.LogAppender$AppenderDaemon$$Lambda$490/985692452@1851555] ERROR ratis.XceiverServerRatis (XceiverServerRatis.java:triggerPipelineClose(575)) - pipeline Action CLOSE  on pipeline PipelineID=946a925e-29f3-4efc-8597-28fa94f01c3c.Reason : 9a3c5405-1b71-41e7-a1e6-d9c2b7bf9721 has not seen follower/s 597a450e-db00-46ca-b8ea-d9e1f9500f66 for 155182ms 4005f9e4-9000-4048-961f-9439e52a6da7 for 155184ms
2019-09-17 12:30:33,249 [EventQueue-PipelineActionsForPipelineActionHandler] ERROR pipeline.PipelineActionHandler (PipelineActionHandler.java:onMessage(60)) - Received pipeline action CLOSE for Pipeline[ Id: 946a925e-29f3-4efc-8597-28fa94f01c3c, Nodes: 4005f9e4-9000-4048-961f-9439e52a6da7{ip: 192.168.5.130, host: pr-hdds-2136-chhj8-2666454444, networkLocation: /default-rack, certSerialId: null}597a450e-db00-46ca-b8ea-d9e1f9500f66{ip: 192.168.5.130, host: pr-hdds-2136-chhj8-2666454444, networkLocation: /default-rack, certSerialId: null}9a3c5405-1b71-41e7-a1e6-d9c2b7bf9721{ip: 192.168.5.130, host: pr-hdds-2136-chhj8-2666454444, networkLocation: /default-rack, certSerialId: null}, Type:RATIS, Factor:THREE, State:CLOSED] from datanode 9a3c5405-1b71-41e7-a1e6-d9c2b7bf9721{ip: 192.168.5.130, host: pr-hdds-2136-chhj8-2666454444, networkLocation: /default-rack, certSerialId: null}. Reason : 9a3c5405-1b71-41e7-a1e6-d9c2b7bf9721 has not seen follower/s 597a450e-db00-46ca-b8ea-d9e1f9500f66 for 155054ms 4005f9e4-9000-4048-961f-9439e52a6da7 for 155056ms
2019-09-17 12:30:33,249 [EventQueue-PipelineActionsForPipelineActionHandler] INFO  pipeline.SCMPipelineManager (SCMPipelineManager.java:finalizeAndDestroyPipeline(311)) - destroying pipeline:Pipeline[ Id: 946a925e-29f3-4efc-8597-28fa94f01c3c, Nodes: 4005f9e4-9000-4048-961f-9439e52a6da7{ip: 192.168.5.130, host: pr-hdds-2136-chhj8-2666454444, networkLocation: /default-rack, certSerialId: null}597a450e-db00-46ca-b8ea-d9e1f9500f66{ip: 192.168.5.130, host: pr-hdds-2136-chhj8-2666454444, networkLocation: /default-rack, certSerialId: null}9a3c5405-1b71-41e7-a1e6-d9c2b7bf9721{ip: 192.168.5.130, host: pr-hdds-2136-chhj8-2666454444, networkLocation: /default-rack, certSerialId: null}, Type:RATIS, Factor:THREE, State:CLOSED]
2019-09-17 12:30:33,258 [java.util.concurrent.ThreadPoolExecutor$Worker@5e86a67c[State = -1, empty queue]] WARN  server.GrpcLogAppender (GrpcLogAppender.java:timeoutAppendRequest(200)) - 9a3c5405-1b71-41e7-a1e6-d9c2b7bf9721@group-28FA94F01C3C->597a450e-db00-46ca-b8ea-d9e1f9500f66-GrpcLogAppender: appendEntries Timeout, request=9a3c5405-1b71-41e7-a1e6-d9c2b7bf9721->597a450e-db00-46ca-b8ea-d9e1f9500f66#73-t1, previous=(t:1, i:12), leaderCommit=6, initializing? false, entries: <empty>
2019-09-17 12:30:33,387 [java.util.concurrent.ThreadPoolExecutor$Worker@46212d45[State = -1, empty queue]] WARN  server.GrpcLogAppender (GrpcLogAppender.java:timeoutAppendRequest(200)) - 9a3c5405-1b71-41e7-a1e6-d9c2b7bf9721@group-28FA94F01C3C->4005f9e4-9000-4048-961f-9439e52a6da7-GrpcLogAppender: appendEntries Timeout, request=9a3c5405-1b71-41e7-a1e6-d9c2b7bf9721->4005f9e4-9000-4048-961f-9439e52a6da7#73-t1, previous=(t:1, i:12), leaderCommit=6, initializing? false, entries: <empty>
2019-09-17 12:30:35,053 [grpc-default-executor-3] INFO  client.GrpcClientProtocolClient (GrpcClientProtocolClient.java:onNext(264)) - client-D1FE97365EAD->597a450e-db00-46ca-b8ea-d9e1f9500f66: receive RaftClientReply:client-D1FE97365EAD->597a450e-db00-46ca-b8ea-d9e1f9500f66@group-28FA94F01C3C, cid=16, FAILED org.apache.ratis.protocol.NotLeaderException: Server 597a450e-db00-46ca-b8ea-d9e1f9500f66@group-28FA94F01C3C is not the leader 9a3c5405-1b71-41e7-a1e6-d9c2b7bf9721:192.168.5.130:42503, logIndex=0, commits[597a450e-db00-46ca-b8ea-d9e1f9500f66:c6, 9a3c5405-1b71-41e7-a1e6-d9c2b7bf9721:c6, 4005f9e4-9000-4048-961f-9439e52a6da7:c4]
2019-09-17 12:30:35,261 [org.apache.ratis.server.impl.LogAppender$AppenderDaemon$$Lambda$490/985692452@344fa89] ERROR ratis.XceiverServerRatis (XceiverServerRatis.java:triggerPipelineClose(575)) - pipeline Action CLOSE  on pipeline PipelineID=946a925e-29f3-4efc-8597-28fa94f01c3c.Reason : 9a3c5405-1b71-41e7-a1e6-d9c2b7bf9721 has not seen follower/s 597a450e-db00-46ca-b8ea-d9e1f9500f66 for 157556ms 4005f9e4-9000-4048-961f-9439e52a6da7 for 157557ms
2019-09-17 12:30:35,388 [org.apache.ratis.server.impl.LogAppender$AppenderDaemon$$Lambda$490/985692452@1851555] ERROR ratis.XceiverServerRatis (XceiverServerRatis.java:triggerPipelineClose(575)) - pipeline Action CLOSE  on pipeline PipelineID=946a925e-29f3-4efc-8597-28fa94f01c3c.Reason : 9a3c5405-1b71-41e7-a1e6-d9c2b7bf9721 has not seen follower/s 597a450e-db00-46ca-b8ea-d9e1f9500f66 for 157683ms 4005f9e4-9000-4048-961f-9439e52a6da7 for 157685ms
2019-09-17 12:30:35,759 [java.util.concurrent.ThreadPoolExecutor$Worker@5e86a67c[State = -1, empty queue]] WARN  server.GrpcLogAppender (GrpcLogAppender.java:timeoutAppendRequest(200)) - 9a3c5405-1b71-41e7-a1e6-d9c2b7bf9721@group-28FA94F01C3C->597a450e-db00-46ca-b8ea-d9e1f9500f66-GrpcLogAppender: appendEntries Timeout, request=9a3c5405-1b71-41e7-a1e6-d9c2b7bf9721->597a450e-db00-46ca-b8ea-d9e1f9500f66#74-t1, previous=(t:1, i:12), leaderCommit=6, initializing? false, entries: <empty>
2019-09-17 12:30:35,887 [java.util.concurrent.ThreadPoolExecutor$Worker@46212d45[State = -1, empty queue]] WARN  server.GrpcLogAppender (GrpcLogAppender.java:timeoutAppendRequest(200)) - 9a3c5405-1b71-41e7-a1e6-d9c2b7bf9721@group-28FA94F01C3C->4005f9e4-9000-4048-961f-9439e52a6da7-GrpcLogAppender: appendEntries Timeout, request=9a3c5405-1b71-41e7-a1e6-d9c2b7bf9721->4005f9e4-9000-4048-961f-9439e52a6da7#74-t1, previous=(t:1, i:12), leaderCommit=6, initializing? false, entries: <empty>
2019-09-17 12:30:36,253 [EventQueue-PipelineActionsForPipelineActionHandler] ERROR pipeline.PipelineActionHandler (PipelineActionHandler.java:onMessage(60)) - Received pipeline action CLOSE for Pipeline[ Id: 946a925e-29f3-4efc-8597-28fa94f01c3c, Nodes: 4005f9e4-9000-4048-961f-9439e52a6da7{ip: 192.168.5.130, host: pr-hdds-2136-chhj8-2666454444, networkLocation: /default-rack, certSerialId: null}597a450e-db00-46ca-b8ea-d9e1f9500f66{ip: 192.168.5.130, host: pr-hdds-2136-chhj8-2666454444, networkLocation: /default-rack, certSerialId: null}9a3c5405-1b71-41e7-a1e6-d9c2b7bf9721{ip: 192.168.5.130, host: pr-hdds-2136-chhj8-2666454444, networkLocation: /default-rack, certSerialId: null}, Type:RATIS, Factor:THREE, State:CLOSED] from datanode 9a3c5405-1b71-41e7-a1e6-d9c2b7bf9721{ip: 192.168.5.130, host: pr-hdds-2136-chhj8-2666454444, networkLocation: /default-rack, certSerialId: null}. Reason : 9a3c5405-1b71-41e7-a1e6-d9c2b7bf9721 has not seen follower/s 597a450e-db00-46ca-b8ea-d9e1f9500f66 for 157556ms 4005f9e4-9000-4048-961f-9439e52a6da7 for 157557ms
2019-09-17 12:30:36,254 [EventQueue-PipelineActionsForPipelineActionHandler] INFO  pipeline.SCMPipelineManager (SCMPipelineManager.java:finalizeAndDestroyPipeline(311)) - destroying pipeline:Pipeline[ Id: 946a925e-29f3-4efc-8597-28fa94f01c3c, Nodes: 4005f9e4-9000-4048-961f-9439e52a6da7{ip: 192.168.5.130, host: pr-hdds-2136-chhj8-2666454444, networkLocation: /default-rack, certSerialId: null}597a450e-db00-46ca-b8ea-d9e1f9500f66{ip: 192.168.5.130, host: pr-hdds-2136-chhj8-2666454444, networkLocation: /default-rack, certSerialId: null}9a3c5405-1b71-41e7-a1e6-d9c2b7bf9721{ip: 192.168.5.130, host: pr-hdds-2136-chhj8-2666454444, networkLocation: /default-rack, certSerialId: null}, Type:RATIS, Factor:THREE, State:CLOSED]
2019-09-17 12:30:37,763 [org.apache.ratis.server.impl.LogAppender$AppenderDaemon$$Lambda$490/985692452@344fa89] ERROR ratis.XceiverServerRatis (XceiverServerRatis.java:triggerPipelineClose(575)) - pipeline Action CLOSE  on pipeline PipelineID=946a925e-29f3-4efc-8597-28fa94f01c3c.Reason : 9a3c5405-1b71-41e7-a1e6-d9c2b7bf9721 has not seen follower/s 597a450e-db00-46ca-b8ea-d9e1f9500f66 for 160057ms 4005f9e4-9000-4048-961f-9439e52a6da7 for 160059ms
2019-09-17 12:30:37,889 [org.apache.ratis.server.impl.LogAppender$AppenderDaemon$$Lambda$490/985692452@1851555] ERROR ratis.XceiverServerRatis (XceiverServerRatis.java:triggerPipelineClose(575)) - pipeline Action CLOSE  on pipeline PipelineID=946a925e-29f3-4efc-8597-28fa94f01c3c.Reason : 9a3c5405-1b71-41e7-a1e6-d9c2b7bf9721 has not seen follower/s 597a450e-db00-46ca-b8ea-d9e1f9500f66 for 160184ms 4005f9e4-9000-4048-961f-9439e52a6da7 for 160186ms
2019-09-17 12:30:38,228 [597a450e-db00-46ca-b8ea-d9e1f9500f66@group-28FA94F01C3C-SegmentedRaftLogWorker] WARN  segmented.SegmentedRaftLogWorker (SegmentedRaftLogWorker.java:getFromFuture(90)) - Timeout 15/~
org.apache.ratis.protocol.TimeoutIOException: Timeout 10s: WriteLog:8: (t:1, i:8), STATEMACHINELOGENTRY, client-D1FE97365EAD, cid=17-writeStateMachineData
	at org.apache.ratis.util.IOUtils.getFromFuture(IOUtils.java:87)
	at org.apache.ratis.server.raftlog.segmented.SegmentedRaftLogWorker$StateMachineDataPolicy.getFromFuture(SegmentedRaftLogWorker.java:87)
	at org.apache.ratis.server.raftlog.segmented.SegmentedRaftLogWorker$WriteLog.execute(SegmentedRaftLogWorker.java:477)
	at org.apache.ratis.server.raftlog.segmented.SegmentedRaftLogWorker.run(SegmentedRaftLogWorker.java:289)
	at java.lang.Thread.run(Thread.java:748)
Caused by: java.util.concurrent.TimeoutException
	at java.util.concurrent.CompletableFuture.timedGet(CompletableFuture.java:1771)
	at java.util.concurrent.CompletableFuture.get(CompletableFuture.java:1915)
	at org.apache.ratis.util.IOUtils.getFromFuture(IOUtils.java:79)
	... 4 more
2019-09-17 12:30:38,246 [9a3c5405-1b71-41e7-a1e6-d9c2b7bf9721@group-28FA94F01C3C-SegmentedRaftLogWorker] WARN  segmented.SegmentedRaftLogWorker (SegmentedRaftLogWorker.java:getFromFuture(90)) - Timeout 15/~
org.apache.ratis.protocol.TimeoutIOException: Timeout 10s: WriteLog:8: (t:1, i:8), STATEMACHINELOGENTRY, client-D1FE97365EAD, cid=17-writeStateMachineData
	at org.apache.ratis.util.IOUtils.getFromFuture(IOUtils.java:87)
	at org.apache.ratis.server.raftlog.segmented.SegmentedRaftLogWorker$StateMachineDataPolicy.getFromFuture(SegmentedRaftLogWorker.java:87)
	at org.apache.ratis.server.raftlog.segmented.SegmentedRaftLogWorker$WriteLog.execute(SegmentedRaftLogWorker.java:477)
	at org.apache.ratis.server.raftlog.segmented.SegmentedRaftLogWorker.run(SegmentedRaftLogWorker.java:289)
	at java.lang.Thread.run(Thread.java:748)
Caused by: java.util.concurrent.TimeoutException
	at java.util.concurrent.CompletableFuture.timedGet(CompletableFuture.java:1771)
	at java.util.concurrent.CompletableFuture.get(CompletableFuture.java:1915)
	at org.apache.ratis.util.IOUtils.getFromFuture(IOUtils.java:79)
	... 4 more
2019-09-17 12:30:38,272 [4005f9e4-9000-4048-961f-9439e52a6da7@group-28FA94F01C3C-SegmentedRaftLogWorker] WARN  segmented.SegmentedRaftLogWorker (SegmentedRaftLogWorker.java:getFromFuture(90)) - Timeout 15/~
org.apache.ratis.protocol.TimeoutIOException: Timeout 10s: WriteLog:8: (t:1, i:8), STATEMACHINELOGENTRY, client-D1FE97365EAD, cid=17-writeStateMachineData
	at org.apache.ratis.util.IOUtils.getFromFuture(IOUtils.java:87)
	at org.apache.ratis.server.raftlog.segmented.SegmentedRaftLogWorker$StateMachineDataPolicy.getFromFuture(SegmentedRaftLogWorker.java:87)
	at org.apache.ratis.server.raftlog.segmented.SegmentedRaftLogWorker$WriteLog.execute(SegmentedRaftLogWorker.java:477)
	at org.apache.ratis.server.raftlog.segmented.SegmentedRaftLogWorker.run(SegmentedRaftLogWorker.java:289)
	at java.lang.Thread.run(Thread.java:748)
Caused by: java.util.concurrent.TimeoutException
	at java.util.concurrent.CompletableFuture.timedGet(CompletableFuture.java:1771)
	at java.util.concurrent.CompletableFuture.get(CompletableFuture.java:1915)
	at org.apache.ratis.util.IOUtils.getFromFuture(IOUtils.java:79)
	... 4 more
2019-09-17 12:30:38,272 [java.util.concurrent.ThreadPoolExecutor$Worker@5e86a67c[State = -1, empty queue]] WARN  server.GrpcLogAppender (GrpcLogAppender.java:timeoutAppendRequest(200)) - 9a3c5405-1b71-41e7-a1e6-d9c2b7bf9721@group-28FA94F01C3C->597a450e-db00-46ca-b8ea-d9e1f9500f66-GrpcLogAppender: appendEntries Timeout, request=9a3c5405-1b71-41e7-a1e6-d9c2b7bf9721->597a450e-db00-46ca-b8ea-d9e1f9500f66#75-t1, previous=(t:1, i:12), leaderCommit=6, initializing? false, entries: <empty>
2019-09-17 12:30:38,273 [EventQueue-PipelineActionsForPipelineActionHandler] ERROR pipeline.PipelineActionHandler (PipelineActionHandler.java:onMessage(60)) - Received pipeline action CLOSE for Pipeline[ Id: 946a925e-29f3-4efc-8597-28fa94f01c3c, Nodes: 4005f9e4-9000-4048-961f-9439e52a6da7{ip: 192.168.5.130, host: pr-hdds-2136-chhj8-2666454444, networkLocation: /default-rack, certSerialId: null}597a450e-db00-46ca-b8ea-d9e1f9500f66{ip: 192.168.5.130, host: pr-hdds-2136-chhj8-2666454444, networkLocation: /default-rack, certSerialId: null}9a3c5405-1b71-41e7-a1e6-d9c2b7bf9721{ip: 192.168.5.130, host: pr-hdds-2136-chhj8-2666454444, networkLocation: /default-rack, certSerialId: null}, Type:RATIS, Factor:THREE, State:CLOSED] from datanode 9a3c5405-1b71-41e7-a1e6-d9c2b7bf9721{ip: 192.168.5.130, host: pr-hdds-2136-chhj8-2666454444, networkLocation: /default-rack, certSerialId: null}. Reason : 9a3c5405-1b71-41e7-a1e6-d9c2b7bf9721 has not seen follower/s 597a450e-db00-46ca-b8ea-d9e1f9500f66 for 160057ms 4005f9e4-9000-4048-961f-9439e52a6da7 for 160059ms
2019-09-17 12:30:38,273 [EventQueue-PipelineActionsForPipelineActionHandler] INFO  pipeline.SCMPipelineManager (SCMPipelineManager.java:finalizeAndDestroyPipeline(311)) - destroying pipeline:Pipeline[ Id: 946a925e-29f3-4efc-8597-28fa94f01c3c, Nodes: 4005f9e4-9000-4048-961f-9439e52a6da7{ip: 192.168.5.130, host: pr-hdds-2136-chhj8-2666454444, networkLocation: /default-rack, certSerialId: null}597a450e-db00-46ca-b8ea-d9e1f9500f66{ip: 192.168.5.130, host: pr-hdds-2136-chhj8-2666454444, networkLocation: /default-rack, certSerialId: null}9a3c5405-1b71-41e7-a1e6-d9c2b7bf9721{ip: 192.168.5.130, host: pr-hdds-2136-chhj8-2666454444, networkLocation: /default-rack, certSerialId: null}, Type:RATIS, Factor:THREE, State:CLOSED]
2019-09-17 12:30:38,388 [java.util.concurrent.ThreadPoolExecutor$Worker@46212d45[State = -1, empty queue]] WARN  server.GrpcLogAppender (GrpcLogAppender.java:timeoutAppendRequest(200)) - 9a3c5405-1b71-41e7-a1e6-d9c2b7bf9721@group-28FA94F01C3C->4005f9e4-9000-4048-961f-9439e52a6da7-GrpcLogAppender: appendEntries Timeout, request=9a3c5405-1b71-41e7-a1e6-d9c2b7bf9721->4005f9e4-9000-4048-961f-9439e52a6da7#75-t1, previous=(t:1, i:12), leaderCommit=6, initializing? false, entries: <empty>
2019-09-17 12:30:40,109 [grpc-default-executor-0] INFO  client.GrpcClientProtocolClient (GrpcClientProtocolClient.java:onNext(264)) - client-D1FE97365EAD->597a450e-db00-46ca-b8ea-d9e1f9500f66: receive RaftClientReply:client-D1FE97365EAD->597a450e-db00-46ca-b8ea-d9e1f9500f66@group-28FA94F01C3C, cid=16, FAILED org.apache.ratis.protocol.NotLeaderException: Server 597a450e-db00-46ca-b8ea-d9e1f9500f66@group-28FA94F01C3C is not the leader 9a3c5405-1b71-41e7-a1e6-d9c2b7bf9721:192.168.5.130:42503, logIndex=0, commits[597a450e-db00-46ca-b8ea-d9e1f9500f66:c6, 9a3c5405-1b71-41e7-a1e6-d9c2b7bf9721:c6, 4005f9e4-9000-4048-961f-9439e52a6da7:c4]
2019-09-17 12:30:40,263 [org.apache.ratis.server.impl.LogAppender$AppenderDaemon$$Lambda$490/985692452@344fa89] ERROR ratis.XceiverServerRatis (XceiverServerRatis.java:triggerPipelineClose(575)) - pipeline Action CLOSE  on pipeline PipelineID=946a925e-29f3-4efc-8597-28fa94f01c3c.Reason : 9a3c5405-1b71-41e7-a1e6-d9c2b7bf9721 has not seen follower/s 597a450e-db00-46ca-b8ea-d9e1f9500f66 for 162558ms 4005f9e4-9000-4048-961f-9439e52a6da7 for 162560ms
2019-09-17 12:30:40,272 [EventQueue-PipelineActionsForPipelineActionHandler] ERROR pipeline.PipelineActionHandler (PipelineActionHandler.java:onMessage(60)) - Received pipeline action CLOSE for Pipeline[ Id: 946a925e-29f3-4efc-8597-28fa94f01c3c, Nodes: 4005f9e4-9000-4048-961f-9439e52a6da7{ip: 192.168.5.130, host: pr-hdds-2136-chhj8-2666454444, networkLocation: /default-rack, certSerialId: null}597a450e-db00-46ca-b8ea-d9e1f9500f66{ip: 192.168.5.130, host: pr-hdds-2136-chhj8-2666454444, networkLocation: /default-rack, certSerialId: null}9a3c5405-1b71-41e7-a1e6-d9c2b7bf9721{ip: 192.168.5.130, host: pr-hdds-2136-chhj8-2666454444, networkLocation: /default-rack, certSerialId: null}, Type:RATIS, Factor:THREE, State:CLOSED] from datanode 9a3c5405-1b71-41e7-a1e6-d9c2b7bf9721{ip: 192.168.5.130, host: pr-hdds-2136-chhj8-2666454444, networkLocation: /default-rack, certSerialId: null}. Reason : 9a3c5405-1b71-41e7-a1e6-d9c2b7bf9721 has not seen follower/s 597a450e-db00-46ca-b8ea-d9e1f9500f66 for 162558ms 4005f9e4-9000-4048-961f-9439e52a6da7 for 162560ms
2019-09-17 12:30:40,272 [EventQueue-PipelineActionsForPipelineActionHandler] INFO  pipeline.SCMPipelineManager (SCMPipelineManager.java:finalizeAndDestroyPipeline(311)) - destroying pipeline:Pipeline[ Id: 946a925e-29f3-4efc-8597-28fa94f01c3c, Nodes: 4005f9e4-9000-4048-961f-9439e52a6da7{ip: 192.168.5.130, host: pr-hdds-2136-chhj8-2666454444, networkLocation: /default-rack, certSerialId: null}597a450e-db00-46ca-b8ea-d9e1f9500f66{ip: 192.168.5.130, host: pr-hdds-2136-chhj8-2666454444, networkLocation: /default-rack, certSerialId: null}9a3c5405-1b71-41e7-a1e6-d9c2b7bf9721{ip: 192.168.5.130, host: pr-hdds-2136-chhj8-2666454444, networkLocation: /default-rack, certSerialId: null}, Type:RATIS, Factor:THREE, State:CLOSED]
2019-09-17 12:30:40,390 [org.apache.ratis.server.impl.LogAppender$AppenderDaemon$$Lambda$490/985692452@1851555] ERROR ratis.XceiverServerRatis (XceiverServerRatis.java:triggerPipelineClose(575)) - pipeline Action CLOSE  on pipeline PipelineID=946a925e-29f3-4efc-8597-28fa94f01c3c.Reason : 9a3c5405-1b71-41e7-a1e6-d9c2b7bf9721 has not seen follower/s 597a450e-db00-46ca-b8ea-d9e1f9500f66 for 162685ms 4005f9e4-9000-4048-961f-9439e52a6da7 for 162687ms
2019-09-17 12:30:40,762 [java.util.concurrent.ThreadPoolExecutor$Worker@5e86a67c[State = -1, empty queue]] WARN  server.GrpcLogAppender (GrpcLogAppender.java:timeoutAppendRequest(200)) - 9a3c5405-1b71-41e7-a1e6-d9c2b7bf9721@group-28FA94F01C3C->597a450e-db00-46ca-b8ea-d9e1f9500f66-GrpcLogAppender: appendEntries Timeout, request=9a3c5405-1b71-41e7-a1e6-d9c2b7bf9721->597a450e-db00-46ca-b8ea-d9e1f9500f66#76-t1, previous=(t:1, i:12), leaderCommit=6, initializing? false, entries: <empty>
2019-09-17 12:30:40,889 [java.util.concurrent.ThreadPoolExecutor$Worker@46212d45[State = -1, empty queue]] WARN  server.GrpcLogAppender (GrpcLogAppender.java:timeoutAppendRequest(200)) - 9a3c5405-1b71-41e7-a1e6-d9c2b7bf9721@group-28FA94F01C3C->4005f9e4-9000-4048-961f-9439e52a6da7-GrpcLogAppender: appendEntries Timeout, request=9a3c5405-1b71-41e7-a1e6-d9c2b7bf9721->4005f9e4-9000-4048-961f-9439e52a6da7#76-t1, previous=(t:1, i:12), leaderCommit=6, initializing? false, entries: <empty>
2019-09-17 12:30:41,273 [EventQueue-PipelineActionsForPipelineActionHandler] ERROR pipeline.PipelineActionHandler (PipelineActionHandler.java:onMessage(60)) - Received pipeline action CLOSE for Pipeline[ Id: 946a925e-29f3-4efc-8597-28fa94f01c3c, Nodes: 4005f9e4-9000-4048-961f-9439e52a6da7{ip: 192.168.5.130, host: pr-hdds-2136-chhj8-2666454444, networkLocation: /default-rack, certSerialId: null}597a450e-db00-46ca-b8ea-d9e1f9500f66{ip: 192.168.5.130, host: pr-hdds-2136-chhj8-2666454444, networkLocation: /default-rack, certSerialId: null}9a3c5405-1b71-41e7-a1e6-d9c2b7bf9721{ip: 192.168.5.130, host: pr-hdds-2136-chhj8-2666454444, networkLocation: /default-rack, certSerialId: null}, Type:RATIS, Factor:THREE, State:CLOSED] from datanode 9a3c5405-1b71-41e7-a1e6-d9c2b7bf9721{ip: 192.168.5.130, host: pr-hdds-2136-chhj8-2666454444, networkLocation: /default-rack, certSerialId: null}. Reason : 9a3c5405-1b71-41e7-a1e6-d9c2b7bf9721 has not seen follower/s 597a450e-db00-46ca-b8ea-d9e1f9500f66 for 162685ms 4005f9e4-9000-4048-961f-9439e52a6da7 for 162687ms
2019-09-17 12:30:41,273 [EventQueue-PipelineActionsForPipelineActionHandler] INFO  pipeline.SCMPipelineManager (SCMPipelineManager.java:finalizeAndDestroyPipeline(311)) - destroying pipeline:Pipeline[ Id: 946a925e-29f3-4efc-8597-28fa94f01c3c, Nodes: 4005f9e4-9000-4048-961f-9439e52a6da7{ip: 192.168.5.130, host: pr-hdds-2136-chhj8-2666454444, networkLocation: /default-rack, certSerialId: null}597a450e-db00-46ca-b8ea-d9e1f9500f66{ip: 192.168.5.130, host: pr-hdds-2136-chhj8-2666454444, networkLocation: /default-rack, certSerialId: null}9a3c5405-1b71-41e7-a1e6-d9c2b7bf9721{ip: 192.168.5.130, host: pr-hdds-2136-chhj8-2666454444, networkLocation: /default-rack, certSerialId: null}, Type:RATIS, Factor:THREE, State:CLOSED]
2019-09-17 12:30:42,765 [org.apache.ratis.server.impl.LogAppender$AppenderDaemon$$Lambda$490/985692452@344fa89] ERROR ratis.XceiverServerRatis (XceiverServerRatis.java:triggerPipelineClose(575)) - pipeline Action CLOSE  on pipeline PipelineID=946a925e-29f3-4efc-8597-28fa94f01c3c.Reason : 9a3c5405-1b71-41e7-a1e6-d9c2b7bf9721 has not seen follower/s 597a450e-db00-46ca-b8ea-d9e1f9500f66 for 165060ms 4005f9e4-9000-4048-961f-9439e52a6da7 for 165061ms
2019-09-17 12:30:42,891 [org.apache.ratis.server.impl.LogAppender$AppenderDaemon$$Lambda$490/985692452@1851555] ERROR ratis.XceiverServerRatis (XceiverServerRatis.java:triggerPipelineClose(575)) - pipeline Action CLOSE  on pipeline PipelineID=946a925e-29f3-4efc-8597-28fa94f01c3c.Reason : 9a3c5405-1b71-41e7-a1e6-d9c2b7bf9721 has not seen follower/s 597a450e-db00-46ca-b8ea-d9e1f9500f66 for 165186ms 4005f9e4-9000-4048-961f-9439e52a6da7 for 165188ms
2019-09-17 12:30:43,263 [java.util.concurrent.ThreadPoolExecutor$Worker@5e86a67c[State = -1, empty queue]] WARN  server.GrpcLogAppender (GrpcLogAppender.java:timeoutAppendRequest(200)) - 9a3c5405-1b71-41e7-a1e6-d9c2b7bf9721@group-28FA94F01C3C->597a450e-db00-46ca-b8ea-d9e1f9500f66-GrpcLogAppender: appendEntries Timeout, request=9a3c5405-1b71-41e7-a1e6-d9c2b7bf9721->597a450e-db00-46ca-b8ea-d9e1f9500f66#77-t1, previous=(t:1, i:12), leaderCommit=6, initializing? false, entries: <empty>
2019-09-17 12:30:43,273 [EventQueue-PipelineActionsForPipelineActionHandler] ERROR pipeline.PipelineActionHandler (PipelineActionHandler.java:onMessage(60)) - Received pipeline action CLOSE for Pipeline[ Id: 946a925e-29f3-4efc-8597-28fa94f01c3c, Nodes: 4005f9e4-9000-4048-961f-9439e52a6da7{ip: 192.168.5.130, host: pr-hdds-2136-chhj8-2666454444, networkLocation: /default-rack, certSerialId: null}597a450e-db00-46ca-b8ea-d9e1f9500f66{ip: 192.168.5.130, host: pr-hdds-2136-chhj8-2666454444, networkLocation: /default-rack, certSerialId: null}9a3c5405-1b71-41e7-a1e6-d9c2b7bf9721{ip: 192.168.5.130, host: pr-hdds-2136-chhj8-2666454444, networkLocation: /default-rack, certSerialId: null}, Type:RATIS, Factor:THREE, State:CLOSED] from datanode 9a3c5405-1b71-41e7-a1e6-d9c2b7bf9721{ip: 192.168.5.130, host: pr-hdds-2136-chhj8-2666454444, networkLocation: /default-rack, certSerialId: null}. Reason : 9a3c5405-1b71-41e7-a1e6-d9c2b7bf9721 has not seen follower/s 597a450e-db00-46ca-b8ea-d9e1f9500f66 for 165060ms 4005f9e4-9000-4048-961f-9439e52a6da7 for 165061ms
2019-09-17 12:30:43,273 [EventQueue-PipelineActionsForPipelineActionHandler] INFO  pipeline.SCMPipelineManager (SCMPipelineManager.java:finalizeAndDestroyPipeline(311)) - destroying pipeline:Pipeline[ Id: 946a925e-29f3-4efc-8597-28fa94f01c3c, Nodes: 4005f9e4-9000-4048-961f-9439e52a6da7{ip: 192.168.5.130, host: pr-hdds-2136-chhj8-2666454444, networkLocation: /default-rack, certSerialId: null}597a450e-db00-46ca-b8ea-d9e1f9500f66{ip: 192.168.5.130, host: pr-hdds-2136-chhj8-2666454444, networkLocation: /default-rack, certSerialId: null}9a3c5405-1b71-41e7-a1e6-d9c2b7bf9721{ip: 192.168.5.130, host: pr-hdds-2136-chhj8-2666454444, networkLocation: /default-rack, certSerialId: null}, Type:RATIS, Factor:THREE, State:CLOSED]
2019-09-17 12:30:43,390 [java.util.concurrent.ThreadPoolExecutor$Worker@46212d45[State = -1, empty queue]] WARN  server.GrpcLogAppender (GrpcLogAppender.java:timeoutAppendRequest(200)) - 9a3c5405-1b71-41e7-a1e6-d9c2b7bf9721@group-28FA94F01C3C->4005f9e4-9000-4048-961f-9439e52a6da7-GrpcLogAppender: appendEntries Timeout, request=9a3c5405-1b71-41e7-a1e6-d9c2b7bf9721->4005f9e4-9000-4048-961f-9439e52a6da7#77-t1, previous=(t:1, i:12), leaderCommit=6, initializing? false, entries: <empty>
2019-09-17 12:30:45,161 [grpc-default-executor-3] INFO  client.GrpcClientProtocolClient (GrpcClientProtocolClient.java:onNext(264)) - client-D1FE97365EAD->597a450e-db00-46ca-b8ea-d9e1f9500f66: receive RaftClientReply:client-D1FE97365EAD->597a450e-db00-46ca-b8ea-d9e1f9500f66@group-28FA94F01C3C, cid=16, FAILED org.apache.ratis.protocol.NotLeaderException: Server 597a450e-db00-46ca-b8ea-d9e1f9500f66@group-28FA94F01C3C is not the leader 9a3c5405-1b71-41e7-a1e6-d9c2b7bf9721:192.168.5.130:42503, logIndex=0, commits[597a450e-db00-46ca-b8ea-d9e1f9500f66:c6, 9a3c5405-1b71-41e7-a1e6-d9c2b7bf9721:c6, 4005f9e4-9000-4048-961f-9439e52a6da7:c4]
2019-09-17 12:30:45,266 [org.apache.ratis.server.impl.LogAppender$AppenderDaemon$$Lambda$490/985692452@344fa89] ERROR ratis.XceiverServerRatis (XceiverServerRatis.java:triggerPipelineClose(575)) - pipeline Action CLOSE  on pipeline PipelineID=946a925e-29f3-4efc-8597-28fa94f01c3c.Reason : 9a3c5405-1b71-41e7-a1e6-d9c2b7bf9721 has not seen follower/s 597a450e-db00-46ca-b8ea-d9e1f9500f66 for 167561ms 4005f9e4-9000-4048-961f-9439e52a6da7 for 167562ms
2019-09-17 12:30:45,274 [EventQueue-PipelineActionsForPipelineActionHandler] ERROR pipeline.PipelineActionHandler (PipelineActionHandler.java:onMessage(60)) - Received pipeline action CLOSE for Pipeline[ Id: 946a925e-29f3-4efc-8597-28fa94f01c3c, Nodes: 4005f9e4-9000-4048-961f-9439e52a6da7{ip: 192.168.5.130, host: pr-hdds-2136-chhj8-2666454444, networkLocation: /default-rack, certSerialId: null}597a450e-db00-46ca-b8ea-d9e1f9500f66{ip: 192.168.5.130, host: pr-hdds-2136-chhj8-2666454444, networkLocation: /default-rack, certSerialId: null}9a3c5405-1b71-41e7-a1e6-d9c2b7bf9721{ip: 192.168.5.130, host: pr-hdds-2136-chhj8-2666454444, networkLocation: /default-rack, certSerialId: null}, Type:RATIS, Factor:THREE, State:CLOSED] from datanode 9a3c5405-1b71-41e7-a1e6-d9c2b7bf9721{ip: 192.168.5.130, host: pr-hdds-2136-chhj8-2666454444, networkLocation: /default-rack, certSerialId: null}. Reason : 9a3c5405-1b71-41e7-a1e6-d9c2b7bf9721 has not seen follower/s 597a450e-db00-46ca-b8ea-d9e1f9500f66 for 167561ms 4005f9e4-9000-4048-961f-9439e52a6da7 for 167562ms
2019-09-17 12:30:45,274 [EventQueue-PipelineActionsForPipelineActionHandler] INFO  pipeline.SCMPipelineManager (SCMPipelineManager.java:finalizeAndDestroyPipeline(311)) - destroying pipeline:Pipeline[ Id: 946a925e-29f3-4efc-8597-28fa94f01c3c, Nodes: 4005f9e4-9000-4048-961f-9439e52a6da7{ip: 192.168.5.130, host: pr-hdds-2136-chhj8-2666454444, networkLocation: /default-rack, certSerialId: null}597a450e-db00-46ca-b8ea-d9e1f9500f66{ip: 192.168.5.130, host: pr-hdds-2136-chhj8-2666454444, networkLocation: /default-rack, certSerialId: null}9a3c5405-1b71-41e7-a1e6-d9c2b7bf9721{ip: 192.168.5.130, host: pr-hdds-2136-chhj8-2666454444, networkLocation: /default-rack, certSerialId: null}, Type:RATIS, Factor:THREE, State:CLOSED]
2019-09-17 12:30:45,392 [org.apache.ratis.server.impl.LogAppender$AppenderDaemon$$Lambda$490/985692452@1851555] ERROR ratis.XceiverServerRatis (XceiverServerRatis.java:triggerPipelineClose(575)) - pipeline Action CLOSE  on pipeline PipelineID=946a925e-29f3-4efc-8597-28fa94f01c3c.Reason : 9a3c5405-1b71-41e7-a1e6-d9c2b7bf9721 has not seen follower/s 597a450e-db00-46ca-b8ea-d9e1f9500f66 for 167687ms 4005f9e4-9000-4048-961f-9439e52a6da7 for 167688ms
2019-09-17 12:30:45,765 [java.util.concurrent.ThreadPoolExecutor$Worker@5e86a67c[State = -1, empty queue]] WARN  server.GrpcLogAppender (GrpcLogAppender.java:timeoutAppendRequest(200)) - 9a3c5405-1b71-41e7-a1e6-d9c2b7bf9721@group-28FA94F01C3C->597a450e-db00-46ca-b8ea-d9e1f9500f66-GrpcLogAppender: appendEntries Timeout, request=9a3c5405-1b71-41e7-a1e6-d9c2b7bf9721->597a450e-db00-46ca-b8ea-d9e1f9500f66#78-t1, previous=(t:1, i:12), leaderCommit=6, initializing? false, entries: <empty>
2019-09-17 12:30:45,891 [java.util.concurrent.ThreadPoolExecutor$Worker@46212d45[State = -1, empty queue]] WARN  server.GrpcLogAppender (GrpcLogAppender.java:timeoutAppendRequest(200)) - 9a3c5405-1b71-41e7-a1e6-d9c2b7bf9721@group-28FA94F01C3C->4005f9e4-9000-4048-961f-9439e52a6da7-GrpcLogAppender: appendEntries Timeout, request=9a3c5405-1b71-41e7-a1e6-d9c2b7bf9721->4005f9e4-9000-4048-961f-9439e52a6da7#78-t1, previous=(t:1, i:12), leaderCommit=6, initializing? false, entries: <empty>
2019-09-17 12:30:46,274 [EventQueue-PipelineActionsForPipelineActionHandler] ERROR pipeline.PipelineActionHandler (PipelineActionHandler.java:onMessage(60)) - Received pipeline action CLOSE for Pipeline[ Id: 946a925e-29f3-4efc-8597-28fa94f01c3c, Nodes: 4005f9e4-9000-4048-961f-9439e52a6da7{ip: 192.168.5.130, host: pr-hdds-2136-chhj8-2666454444, networkLocation: /default-rack, certSerialId: null}597a450e-db00-46ca-b8ea-d9e1f9500f66{ip: 192.168.5.130, host: pr-hdds-2136-chhj8-2666454444, networkLocation: /default-rack, certSerialId: null}9a3c5405-1b71-41e7-a1e6-d9c2b7bf9721{ip: 192.168.5.130, host: pr-hdds-2136-chhj8-2666454444, networkLocation: /default-rack, certSerialId: null}, Type:RATIS, Factor:THREE, State:CLOSED] from datanode 9a3c5405-1b71-41e7-a1e6-d9c2b7bf9721{ip: 192.168.5.130, host: pr-hdds-2136-chhj8-2666454444, networkLocation: /default-rack, certSerialId: null}. Reason : 9a3c5405-1b71-41e7-a1e6-d9c2b7bf9721 has not seen follower/s 597a450e-db00-46ca-b8ea-d9e1f9500f66 for 167687ms 4005f9e4-9000-4048-961f-9439e52a6da7 for 167688ms
2019-09-17 12:30:46,275 [EventQueue-PipelineActionsForPipelineActionHandler] INFO  pipeline.SCMPipelineManager (SCMPipelineManager.java:finalizeAndDestroyPipeline(311)) - destroying pipeline:Pipeline[ Id: 946a925e-29f3-4efc-8597-28fa94f01c3c, Nodes: 4005f9e4-9000-4048-961f-9439e52a6da7{ip: 192.168.5.130, host: pr-hdds-2136-chhj8-2666454444, networkLocation: /default-rack, certSerialId: null}597a450e-db00-46ca-b8ea-d9e1f9500f66{ip: 192.168.5.130, host: pr-hdds-2136-chhj8-2666454444, networkLocation: /default-rack, certSerialId: null}9a3c5405-1b71-41e7-a1e6-d9c2b7bf9721{ip: 192.168.5.130, host: pr-hdds-2136-chhj8-2666454444, networkLocation: /default-rack, certSerialId: null}, Type:RATIS, Factor:THREE, State:CLOSED]
2019-09-17 12:30:47,767 [org.apache.ratis.server.impl.LogAppender$AppenderDaemon$$Lambda$490/985692452@344fa89] ERROR ratis.XceiverServerRatis (XceiverServerRatis.java:triggerPipelineClose(575)) - pipeline Action CLOSE  on pipeline PipelineID=946a925e-29f3-4efc-8597-28fa94f01c3c.Reason : 9a3c5405-1b71-41e7-a1e6-d9c2b7bf9721 has not seen follower/s 597a450e-db00-46ca-b8ea-d9e1f9500f66 for 170062ms 4005f9e4-9000-4048-961f-9439e52a6da7 for 170063ms
2019-09-17 12:30:47,893 [org.apache.ratis.server.impl.LogAppender$AppenderDaemon$$Lambda$490/985692452@1851555] ERROR ratis.XceiverServerRatis (XceiverServerRatis.java:triggerPipelineClose(575)) - pipeline Action CLOSE  on pipeline PipelineID=946a925e-29f3-4efc-8597-28fa94f01c3c.Reason : 9a3c5405-1b71-41e7-a1e6-d9c2b7bf9721 has not seen follower/s 597a450e-db00-46ca-b8ea-d9e1f9500f66 for 170188ms 4005f9e4-9000-4048-961f-9439e52a6da7 for 170189ms
2019-09-17 12:30:48,229 [597a450e-db00-46ca-b8ea-d9e1f9500f66@group-28FA94F01C3C-SegmentedRaftLogWorker] WARN  segmented.SegmentedRaftLogWorker (SegmentedRaftLogWorker.java:getFromFuture(90)) - Timeout 16/~
org.apache.ratis.protocol.TimeoutIOException: Timeout 10s: WriteLog:8: (t:1, i:8), STATEMACHINELOGENTRY, client-D1FE97365EAD, cid=17-writeStateMachineData
	at org.apache.ratis.util.IOUtils.getFromFuture(IOUtils.java:87)
	at org.apache.ratis.server.raftlog.segmented.SegmentedRaftLogWorker$StateMachineDataPolicy.getFromFuture(SegmentedRaftLogWorker.java:87)
	at org.apache.ratis.server.raftlog.segmented.SegmentedRaftLogWorker$WriteLog.execute(SegmentedRaftLogWorker.java:477)
	at org.apache.ratis.server.raftlog.segmented.SegmentedRaftLogWorker.run(SegmentedRaftLogWorker.java:289)
	at java.lang.Thread.run(Thread.java:748)
Caused by: java.util.concurrent.TimeoutException
	at java.util.concurrent.CompletableFuture.timedGet(CompletableFuture.java:1771)
	at java.util.concurrent.CompletableFuture.get(CompletableFuture.java:1915)
	at org.apache.ratis.util.IOUtils.getFromFuture(IOUtils.java:79)
	... 4 more
2019-09-17 12:30:48,266 [java.util.concurrent.ThreadPoolExecutor$Worker@5e86a67c[State = -1, empty queue]] WARN  server.GrpcLogAppender (GrpcLogAppender.java:timeoutAppendRequest(200)) - 9a3c5405-1b71-41e7-a1e6-d9c2b7bf9721@group-28FA94F01C3C->597a450e-db00-46ca-b8ea-d9e1f9500f66-GrpcLogAppender: appendEntries Timeout, request=9a3c5405-1b71-41e7-a1e6-d9c2b7bf9721->597a450e-db00-46ca-b8ea-d9e1f9500f66#79-t1, previous=(t:1, i:12), leaderCommit=6, initializing? false, entries: <empty>
2019-09-17 12:30:48,272 [9a3c5405-1b71-41e7-a1e6-d9c2b7bf9721@group-28FA94F01C3C-SegmentedRaftLogWorker] WARN  segmented.SegmentedRaftLogWorker (SegmentedRaftLogWorker.java:getFromFuture(90)) - Timeout 16/~
org.apache.ratis.protocol.TimeoutIOException: Timeout 10s: WriteLog:8: (t:1, i:8), STATEMACHINELOGENTRY, client-D1FE97365EAD, cid=17-writeStateMachineData
	at org.apache.ratis.util.IOUtils.getFromFuture(IOUtils.java:87)
	at org.apache.ratis.server.raftlog.segmented.SegmentedRaftLogWorker$StateMachineDataPolicy.getFromFuture(SegmentedRaftLogWorker.java:87)
	at org.apache.ratis.server.raftlog.segmented.SegmentedRaftLogWorker$WriteLog.execute(SegmentedRaftLogWorker.java:477)
	at org.apache.ratis.server.raftlog.segmented.SegmentedRaftLogWorker.run(SegmentedRaftLogWorker.java:289)
	at java.lang.Thread.run(Thread.java:748)
Caused by: java.util.concurrent.TimeoutException
	at java.util.concurrent.CompletableFuture.timedGet(CompletableFuture.java:1771)
	at java.util.concurrent.CompletableFuture.get(CompletableFuture.java:1915)
	at org.apache.ratis.util.IOUtils.getFromFuture(IOUtils.java:79)
	... 4 more
2019-09-17 12:30:48,273 [4005f9e4-9000-4048-961f-9439e52a6da7@group-28FA94F01C3C-SegmentedRaftLogWorker] WARN  segmented.SegmentedRaftLogWorker (SegmentedRaftLogWorker.java:getFromFuture(90)) - Timeout 16/~
org.apache.ratis.protocol.TimeoutIOException: Timeout 10s: WriteLog:8: (t:1, i:8), STATEMACHINELOGENTRY, client-D1FE97365EAD, cid=17-writeStateMachineData
	at org.apache.ratis.util.IOUtils.getFromFuture(IOUtils.java:87)
	at org.apache.ratis.server.raftlog.segmented.SegmentedRaftLogWorker$StateMachineDataPolicy.getFromFuture(SegmentedRaftLogWorker.java:87)
	at org.apache.ratis.server.raftlog.segmented.SegmentedRaftLogWorker$WriteLog.execute(SegmentedRaftLogWorker.java:477)
	at org.apache.ratis.server.raftlog.segmented.SegmentedRaftLogWorker.run(SegmentedRaftLogWorker.java:289)
	at java.lang.Thread.run(Thread.java:748)
Caused by: java.util.concurrent.TimeoutException
	at java.util.concurrent.CompletableFuture.timedGet(CompletableFuture.java:1771)
	at java.util.concurrent.CompletableFuture.get(CompletableFuture.java:1915)
	at org.apache.ratis.util.IOUtils.getFromFuture(IOUtils.java:79)
	... 4 more
2019-09-17 12:30:48,273 [EventQueue-PipelineActionsForPipelineActionHandler] ERROR pipeline.PipelineActionHandler (PipelineActionHandler.java:onMessage(60)) - Received pipeline action CLOSE for Pipeline[ Id: 946a925e-29f3-4efc-8597-28fa94f01c3c, Nodes: 4005f9e4-9000-4048-961f-9439e52a6da7{ip: 192.168.5.130, host: pr-hdds-2136-chhj8-2666454444, networkLocation: /default-rack, certSerialId: null}597a450e-db00-46ca-b8ea-d9e1f9500f66{ip: 192.168.5.130, host: pr-hdds-2136-chhj8-2666454444, networkLocation: /default-rack, certSerialId: null}9a3c5405-1b71-41e7-a1e6-d9c2b7bf9721{ip: 192.168.5.130, host: pr-hdds-2136-chhj8-2666454444, networkLocation: /default-rack, certSerialId: null}, Type:RATIS, Factor:THREE, State:CLOSED] from datanode 9a3c5405-1b71-41e7-a1e6-d9c2b7bf9721{ip: 192.168.5.130, host: pr-hdds-2136-chhj8-2666454444, networkLocation: /default-rack, certSerialId: null}. Reason : 9a3c5405-1b71-41e7-a1e6-d9c2b7bf9721 has not seen follower/s 597a450e-db00-46ca-b8ea-d9e1f9500f66 for 170062ms 4005f9e4-9000-4048-961f-9439e52a6da7 for 170063ms
2019-09-17 12:30:48,274 [EventQueue-PipelineActionsForPipelineActionHandler] INFO  pipeline.SCMPipelineManager (SCMPipelineManager.java:finalizeAndDestroyPipeline(311)) - destroying pipeline:Pipeline[ Id: 946a925e-29f3-4efc-8597-28fa94f01c3c, Nodes: 4005f9e4-9000-4048-961f-9439e52a6da7{ip: 192.168.5.130, host: pr-hdds-2136-chhj8-2666454444, networkLocation: /default-rack, certSerialId: null}597a450e-db00-46ca-b8ea-d9e1f9500f66{ip: 192.168.5.130, host: pr-hdds-2136-chhj8-2666454444, networkLocation: /default-rack, certSerialId: null}9a3c5405-1b71-41e7-a1e6-d9c2b7bf9721{ip: 192.168.5.130, host: pr-hdds-2136-chhj8-2666454444, networkLocation: /default-rack, certSerialId: null}, Type:RATIS, Factor:THREE, State:CLOSED]
2019-09-17 12:30:48,392 [java.util.concurrent.ThreadPoolExecutor$Worker@46212d45[State = -1, empty queue]] WARN  server.GrpcLogAppender (GrpcLogAppender.java:timeoutAppendRequest(200)) - 9a3c5405-1b71-41e7-a1e6-d9c2b7bf9721@group-28FA94F01C3C->4005f9e4-9000-4048-961f-9439e52a6da7-GrpcLogAppender: appendEntries Timeout, request=9a3c5405-1b71-41e7-a1e6-d9c2b7bf9721->4005f9e4-9000-4048-961f-9439e52a6da7#79-t1, previous=(t:1, i:12), leaderCommit=6, initializing? false, entries: <empty>
2019-09-17 12:30:50,212 [grpc-default-executor-3] INFO  client.GrpcClientProtocolClient (GrpcClientProtocolClient.java:onNext(264)) - client-D1FE97365EAD->597a450e-db00-46ca-b8ea-d9e1f9500f66: receive RaftClientReply:client-D1FE97365EAD->597a450e-db00-46ca-b8ea-d9e1f9500f66@group-28FA94F01C3C, cid=16, FAILED org.apache.ratis.protocol.NotLeaderException: Server 597a450e-db00-46ca-b8ea-d9e1f9500f66@group-28FA94F01C3C is not the leader 9a3c5405-1b71-41e7-a1e6-d9c2b7bf9721:192.168.5.130:42503, logIndex=0, commits[597a450e-db00-46ca-b8ea-d9e1f9500f66:c6, 9a3c5405-1b71-41e7-a1e6-d9c2b7bf9721:c6, 4005f9e4-9000-4048-961f-9439e52a6da7:c4]
2019-09-17 12:30:50,268 [org.apache.ratis.server.impl.LogAppender$AppenderDaemon$$Lambda$490/985692452@344fa89] ERROR ratis.XceiverServerRatis (XceiverServerRatis.java:triggerPipelineClose(575)) - pipeline Action CLOSE  on pipeline PipelineID=946a925e-29f3-4efc-8597-28fa94f01c3c.Reason : 9a3c5405-1b71-41e7-a1e6-d9c2b7bf9721 has not seen follower/s 597a450e-db00-46ca-b8ea-d9e1f9500f66 for 172563ms 4005f9e4-9000-4048-961f-9439e52a6da7 for 172564ms
2019-09-17 12:30:50,274 [EventQueue-PipelineActionsForPipelineActionHandler] ERROR pipeline.PipelineActionHandler (PipelineActionHandler.java:onMessage(60)) - Received pipeline action CLOSE for Pipeline[ Id: 946a925e-29f3-4efc-8597-28fa94f01c3c, Nodes: 4005f9e4-9000-4048-961f-9439e52a6da7{ip: 192.168.5.130, host: pr-hdds-2136-chhj8-2666454444, networkLocation: /default-rack, certSerialId: null}597a450e-db00-46ca-b8ea-d9e1f9500f66{ip: 192.168.5.130, host: pr-hdds-2136-chhj8-2666454444, networkLocation: /default-rack, certSerialId: null}9a3c5405-1b71-41e7-a1e6-d9c2b7bf9721{ip: 192.168.5.130, host: pr-hdds-2136-chhj8-2666454444, networkLocation: /default-rack, certSerialId: null}, Type:RATIS, Factor:THREE, State:CLOSED] from datanode 9a3c5405-1b71-41e7-a1e6-d9c2b7bf9721{ip: 192.168.5.130, host: pr-hdds-2136-chhj8-2666454444, networkLocation: /default-rack, certSerialId: null}. Reason : 9a3c5405-1b71-41e7-a1e6-d9c2b7bf9721 has not seen follower/s 597a450e-db00-46ca-b8ea-d9e1f9500f66 for 172563ms 4005f9e4-9000-4048-961f-9439e52a6da7 for 172564ms
2019-09-17 12:30:50,274 [EventQueue-PipelineActionsForPipelineActionHandler] INFO  pipeline.SCMPipelineManager (SCMPipelineManager.java:finalizeAndDestroyPipeline(311)) - destroying pipeline:Pipeline[ Id: 946a925e-29f3-4efc-8597-28fa94f01c3c, Nodes: 4005f9e4-9000-4048-961f-9439e52a6da7{ip: 192.168.5.130, host: pr-hdds-2136-chhj8-2666454444, networkLocation: /default-rack, certSerialId: null}597a450e-db00-46ca-b8ea-d9e1f9500f66{ip: 192.168.5.130, host: pr-hdds-2136-chhj8-2666454444, networkLocation: /default-rack, certSerialId: null}9a3c5405-1b71-41e7-a1e6-d9c2b7bf9721{ip: 192.168.5.130, host: pr-hdds-2136-chhj8-2666454444, networkLocation: /default-rack, certSerialId: null}, Type:RATIS, Factor:THREE, State:CLOSED]
2019-09-17 12:30:50,394 [org.apache.ratis.server.impl.LogAppender$AppenderDaemon$$Lambda$490/985692452@1851555] ERROR ratis.XceiverServerRatis (XceiverServerRatis.java:triggerPipelineClose(575)) - pipeline Action CLOSE  on pipeline PipelineID=946a925e-29f3-4efc-8597-28fa94f01c3c.Reason : 9a3c5405-1b71-41e7-a1e6-d9c2b7bf9721 has not seen follower/s 597a450e-db00-46ca-b8ea-d9e1f9500f66 for 172689ms 4005f9e4-9000-4048-961f-9439e52a6da7 for 172691ms
2019-09-17 12:30:50,767 [java.util.concurrent.ThreadPoolExecutor$Worker@5e86a67c[State = -1, empty queue]] WARN  server.GrpcLogAppender (GrpcLogAppender.java:timeoutAppendRequest(200)) - 9a3c5405-1b71-41e7-a1e6-d9c2b7bf9721@group-28FA94F01C3C->597a450e-db00-46ca-b8ea-d9e1f9500f66-GrpcLogAppender: appendEntries Timeout, request=9a3c5405-1b71-41e7-a1e6-d9c2b7bf9721->597a450e-db00-46ca-b8ea-d9e1f9500f66#80-t1, previous=(t:1, i:12), leaderCommit=6, initializing? false, entries: <empty>
2019-09-17 12:30:50,893 [java.util.concurrent.ThreadPoolExecutor$Worker@46212d45[State = -1, empty queue]] WARN  server.GrpcLogAppender (GrpcLogAppender.java:timeoutAppendRequest(200)) - 9a3c5405-1b71-41e7-a1e6-d9c2b7bf9721@group-28FA94F01C3C->4005f9e4-9000-4048-961f-9439e52a6da7-GrpcLogAppender: appendEntries Timeout, request=9a3c5405-1b71-41e7-a1e6-d9c2b7bf9721->4005f9e4-9000-4048-961f-9439e52a6da7#80-t1, previous=(t:1, i:12), leaderCommit=6, initializing? false, entries: <empty>
2019-09-17 12:30:51,275 [EventQueue-PipelineActionsForPipelineActionHandler] ERROR pipeline.PipelineActionHandler (PipelineActionHandler.java:onMessage(60)) - Received pipeline action CLOSE for Pipeline[ Id: 946a925e-29f3-4efc-8597-28fa94f01c3c, Nodes: 4005f9e4-9000-4048-961f-9439e52a6da7{ip: 192.168.5.130, host: pr-hdds-2136-chhj8-2666454444, networkLocation: /default-rack, certSerialId: null}597a450e-db00-46ca-b8ea-d9e1f9500f66{ip: 192.168.5.130, host: pr-hdds-2136-chhj8-2666454444, networkLocation: /default-rack, certSerialId: null}9a3c5405-1b71-41e7-a1e6-d9c2b7bf9721{ip: 192.168.5.130, host: pr-hdds-2136-chhj8-2666454444, networkLocation: /default-rack, certSerialId: null}, Type:RATIS, Factor:THREE, State:CLOSED] from datanode 9a3c5405-1b71-41e7-a1e6-d9c2b7bf9721{ip: 192.168.5.130, host: pr-hdds-2136-chhj8-2666454444, networkLocation: /default-rack, certSerialId: null}. Reason : 9a3c5405-1b71-41e7-a1e6-d9c2b7bf9721 has not seen follower/s 597a450e-db00-46ca-b8ea-d9e1f9500f66 for 172689ms 4005f9e4-9000-4048-961f-9439e52a6da7 for 172691ms
2019-09-17 12:30:51,275 [EventQueue-PipelineActionsForPipelineActionHandler] INFO  pipeline.SCMPipelineManager (SCMPipelineManager.java:finalizeAndDestroyPipeline(311)) - destroying pipeline:Pipeline[ Id: 946a925e-29f3-4efc-8597-28fa94f01c3c, Nodes: 4005f9e4-9000-4048-961f-9439e52a6da7{ip: 192.168.5.130, host: pr-hdds-2136-chhj8-2666454444, networkLocation: /default-rack, certSerialId: null}597a450e-db00-46ca-b8ea-d9e1f9500f66{ip: 192.168.5.130, host: pr-hdds-2136-chhj8-2666454444, networkLocation: /default-rack, certSerialId: null}9a3c5405-1b71-41e7-a1e6-d9c2b7bf9721{ip: 192.168.5.130, host: pr-hdds-2136-chhj8-2666454444, networkLocation: /default-rack, certSerialId: null}, Type:RATIS, Factor:THREE, State:CLOSED]
2019-09-17 12:30:52,769 [org.apache.ratis.server.impl.LogAppender$AppenderDaemon$$Lambda$490/985692452@344fa89] ERROR ratis.XceiverServerRatis (XceiverServerRatis.java:triggerPipelineClose(575)) - pipeline Action CLOSE  on pipeline PipelineID=946a925e-29f3-4efc-8597-28fa94f01c3c.Reason : 9a3c5405-1b71-41e7-a1e6-d9c2b7bf9721 has not seen follower/s 597a450e-db00-46ca-b8ea-d9e1f9500f66 for 175064ms 4005f9e4-9000-4048-961f-9439e52a6da7 for 175066ms
2019-09-17 12:30:52,896 [org.apache.ratis.server.impl.LogAppender$AppenderDaemon$$Lambda$490/985692452@1851555] ERROR ratis.XceiverServerRatis (XceiverServerRatis.java:triggerPipelineClose(575)) - pipeline Action CLOSE  on pipeline PipelineID=946a925e-29f3-4efc-8597-28fa94f01c3c.Reason : 9a3c5405-1b71-41e7-a1e6-d9c2b7bf9721 has not seen follower/s 597a450e-db00-46ca-b8ea-d9e1f9500f66 for 175190ms 4005f9e4-9000-4048-961f-9439e52a6da7 for 175192ms
2019-09-17 12:30:53,268 [java.util.concurrent.ThreadPoolExecutor$Worker@5e86a67c[State = -1, empty queue]] WARN  server.GrpcLogAppender (GrpcLogAppender.java:timeoutAppendRequest(200)) - 9a3c5405-1b71-41e7-a1e6-d9c2b7bf9721@group-28FA94F01C3C->597a450e-db00-46ca-b8ea-d9e1f9500f66-GrpcLogAppender: appendEntries Timeout, request=9a3c5405-1b71-41e7-a1e6-d9c2b7bf9721->597a450e-db00-46ca-b8ea-d9e1f9500f66#81-t1, previous=(t:1, i:12), leaderCommit=6, initializing? false, entries: <empty>
2019-09-17 12:30:53,274 [EventQueue-PipelineActionsForPipelineActionHandler] ERROR pipeline.PipelineActionHandler (PipelineActionHandler.java:onMessage(60)) - Received pipeline action CLOSE for Pipeline[ Id: 946a925e-29f3-4efc-8597-28fa94f01c3c, Nodes: 4005f9e4-9000-4048-961f-9439e52a6da7{ip: 192.168.5.130, host: pr-hdds-2136-chhj8-2666454444, networkLocation: /default-rack, certSerialId: null}597a450e-db00-46ca-b8ea-d9e1f9500f66{ip: 192.168.5.130, host: pr-hdds-2136-chhj8-2666454444, networkLocation: /default-rack, certSerialId: null}9a3c5405-1b71-41e7-a1e6-d9c2b7bf9721{ip: 192.168.5.130, host: pr-hdds-2136-chhj8-2666454444, networkLocation: /default-rack, certSerialId: null}, Type:RATIS, Factor:THREE, State:CLOSED] from datanode 9a3c5405-1b71-41e7-a1e6-d9c2b7bf9721{ip: 192.168.5.130, host: pr-hdds-2136-chhj8-2666454444, networkLocation: /default-rack, certSerialId: null}. Reason : 9a3c5405-1b71-41e7-a1e6-d9c2b7bf9721 has not seen follower/s 597a450e-db00-46ca-b8ea-d9e1f9500f66 for 175064ms 4005f9e4-9000-4048-961f-9439e52a6da7 for 175066ms
2019-09-17 12:30:53,274 [EventQueue-PipelineActionsForPipelineActionHandler] INFO  pipeline.SCMPipelineManager (SCMPipelineManager.java:finalizeAndDestroyPipeline(311)) - destroying pipeline:Pipeline[ Id: 946a925e-29f3-4efc-8597-28fa94f01c3c, Nodes: 4005f9e4-9000-4048-961f-9439e52a6da7{ip: 192.168.5.130, host: pr-hdds-2136-chhj8-2666454444, networkLocation: /default-rack, certSerialId: null}597a450e-db00-46ca-b8ea-d9e1f9500f66{ip: 192.168.5.130, host: pr-hdds-2136-chhj8-2666454444, networkLocation: /default-rack, certSerialId: null}9a3c5405-1b71-41e7-a1e6-d9c2b7bf9721{ip: 192.168.5.130, host: pr-hdds-2136-chhj8-2666454444, networkLocation: /default-rack, certSerialId: null}, Type:RATIS, Factor:THREE, State:CLOSED]
2019-09-17 12:30:53,394 [java.util.concurrent.ThreadPoolExecutor$Worker@46212d45[State = -1, empty queue]] WARN  server.GrpcLogAppender (GrpcLogAppender.java:timeoutAppendRequest(200)) - 9a3c5405-1b71-41e7-a1e6-d9c2b7bf9721@group-28FA94F01C3C->4005f9e4-9000-4048-961f-9439e52a6da7-GrpcLogAppender: appendEntries Timeout, request=9a3c5405-1b71-41e7-a1e6-d9c2b7bf9721->4005f9e4-9000-4048-961f-9439e52a6da7#81-t1, previous=(t:1, i:12), leaderCommit=6, initializing? false, entries: <empty>
2019-09-17 12:30:55,272 [org.apache.ratis.server.impl.LogAppender$AppenderDaemon$$Lambda$490/985692452@344fa89] ERROR ratis.XceiverServerRatis (XceiverServerRatis.java:triggerPipelineClose(575)) - pipeline Action CLOSE  on pipeline PipelineID=946a925e-29f3-4efc-8597-28fa94f01c3c.Reason : 9a3c5405-1b71-41e7-a1e6-d9c2b7bf9721 has not seen follower/s 597a450e-db00-46ca-b8ea-d9e1f9500f66 for 177567ms 4005f9e4-9000-4048-961f-9439e52a6da7 for 177569ms
2019-09-17 12:30:55,275 [EventQueue-PipelineActionsForPipelineActionHandler] ERROR pipeline.PipelineActionHandler (PipelineActionHandler.java:onMessage(60)) - Received pipeline action CLOSE for Pipeline[ Id: 946a925e-29f3-4efc-8597-28fa94f01c3c, Nodes: 4005f9e4-9000-4048-961f-9439e52a6da7{ip: 192.168.5.130, host: pr-hdds-2136-chhj8-2666454444, networkLocation: /default-rack, certSerialId: null}597a450e-db00-46ca-b8ea-d9e1f9500f66{ip: 192.168.5.130, host: pr-hdds-2136-chhj8-2666454444, networkLocation: /default-rack, certSerialId: null}9a3c5405-1b71-41e7-a1e6-d9c2b7bf9721{ip: 192.168.5.130, host: pr-hdds-2136-chhj8-2666454444, networkLocation: /default-rack, certSerialId: null}, Type:RATIS, Factor:THREE, State:CLOSED] from datanode 9a3c5405-1b71-41e7-a1e6-d9c2b7bf9721{ip: 192.168.5.130, host: pr-hdds-2136-chhj8-2666454444, networkLocation: /default-rack, certSerialId: null}. Reason : 9a3c5405-1b71-41e7-a1e6-d9c2b7bf9721 has not seen follower/s 597a450e-db00-46ca-b8ea-d9e1f9500f66 for 177567ms 4005f9e4-9000-4048-961f-9439e52a6da7 for 177569ms
2019-09-17 12:30:55,275 [EventQueue-PipelineActionsForPipelineActionHandler] INFO  pipeline.SCMPipelineManager (SCMPipelineManager.java:finalizeAndDestroyPipeline(311)) - destroying pipeline:Pipeline[ Id: 946a925e-29f3-4efc-8597-28fa94f01c3c, Nodes: 4005f9e4-9000-4048-961f-9439e52a6da7{ip: 192.168.5.130, host: pr-hdds-2136-chhj8-2666454444, networkLocation: /default-rack, certSerialId: null}597a450e-db00-46ca-b8ea-d9e1f9500f66{ip: 192.168.5.130, host: pr-hdds-2136-chhj8-2666454444, networkLocation: /default-rack, certSerialId: null}9a3c5405-1b71-41e7-a1e6-d9c2b7bf9721{ip: 192.168.5.130, host: pr-hdds-2136-chhj8-2666454444, networkLocation: /default-rack, certSerialId: null}, Type:RATIS, Factor:THREE, State:CLOSED]
2019-09-17 12:30:55,283 [grpc-default-executor-3] INFO  client.GrpcClientProtocolClient (GrpcClientProtocolClient.java:onNext(264)) - client-D1FE97365EAD->4005f9e4-9000-4048-961f-9439e52a6da7: receive RaftClientReply:client-D1FE97365EAD->4005f9e4-9000-4048-961f-9439e52a6da7@group-28FA94F01C3C, cid=16, FAILED org.apache.ratis.protocol.NotLeaderException: Server 4005f9e4-9000-4048-961f-9439e52a6da7@group-28FA94F01C3C is not the leader 9a3c5405-1b71-41e7-a1e6-d9c2b7bf9721:192.168.5.130:42503, logIndex=0, commits[4005f9e4-9000-4048-961f-9439e52a6da7:c6, 597a450e-db00-46ca-b8ea-d9e1f9500f66:c4, 9a3c5405-1b71-41e7-a1e6-d9c2b7bf9721:c6]
2019-09-17 12:30:55,396 [org.apache.ratis.server.impl.LogAppender$AppenderDaemon$$Lambda$490/985692452@1851555] ERROR ratis.XceiverServerRatis (XceiverServerRatis.java:triggerPipelineClose(575)) - pipeline Action CLOSE  on pipeline PipelineID=946a925e-29f3-4efc-8597-28fa94f01c3c.Reason : 9a3c5405-1b71-41e7-a1e6-d9c2b7bf9721 has not seen follower/s 597a450e-db00-46ca-b8ea-d9e1f9500f66 for 177691ms 4005f9e4-9000-4048-961f-9439e52a6da7 for 177693ms
2019-09-17 12:30:55,769 [java.util.concurrent.ThreadPoolExecutor$Worker@5e86a67c[State = -1, empty queue]] WARN  server.GrpcLogAppender (GrpcLogAppender.java:timeoutAppendRequest(200)) - 9a3c5405-1b71-41e7-a1e6-d9c2b7bf9721@group-28FA94F01C3C->597a450e-db00-46ca-b8ea-d9e1f9500f66-GrpcLogAppender: appendEntries Timeout, request=9a3c5405-1b71-41e7-a1e6-d9c2b7bf9721->597a450e-db00-46ca-b8ea-d9e1f9500f66#82-t1, previous=(t:1, i:12), leaderCommit=6, initializing? false, entries: <empty>
2019-09-17 12:30:55,895 [java.util.concurrent.ThreadPoolExecutor$Worker@46212d45[State = -1, empty queue]] WARN  server.GrpcLogAppender (GrpcLogAppender.java:timeoutAppendRequest(200)) - 9a3c5405-1b71-41e7-a1e6-d9c2b7bf9721@group-28FA94F01C3C->4005f9e4-9000-4048-961f-9439e52a6da7-GrpcLogAppender: appendEntries Timeout, request=9a3c5405-1b71-41e7-a1e6-d9c2b7bf9721->4005f9e4-9000-4048-961f-9439e52a6da7#82-t1, previous=(t:1, i:12), leaderCommit=6, initializing? false, entries: <empty>
2019-09-17 12:30:56,275 [EventQueue-PipelineActionsForPipelineActionHandler] ERROR pipeline.PipelineActionHandler (PipelineActionHandler.java:onMessage(60)) - Received pipeline action CLOSE for Pipeline[ Id: 946a925e-29f3-4efc-8597-28fa94f01c3c, Nodes: 4005f9e4-9000-4048-961f-9439e52a6da7{ip: 192.168.5.130, host: pr-hdds-2136-chhj8-2666454444, networkLocation: /default-rack, certSerialId: null}597a450e-db00-46ca-b8ea-d9e1f9500f66{ip: 192.168.5.130, host: pr-hdds-2136-chhj8-2666454444, networkLocation: /default-rack, certSerialId: null}9a3c5405-1b71-41e7-a1e6-d9c2b7bf9721{ip: 192.168.5.130, host: pr-hdds-2136-chhj8-2666454444, networkLocation: /default-rack, certSerialId: null}, Type:RATIS, Factor:THREE, State:CLOSED] from datanode 9a3c5405-1b71-41e7-a1e6-d9c2b7bf9721{ip: 192.168.5.130, host: pr-hdds-2136-chhj8-2666454444, networkLocation: /default-rack, certSerialId: null}. Reason : 9a3c5405-1b71-41e7-a1e6-d9c2b7bf9721 has not seen follower/s 597a450e-db00-46ca-b8ea-d9e1f9500f66 for 177691ms 4005f9e4-9000-4048-961f-9439e52a6da7 for 177693ms
2019-09-17 12:30:56,275 [EventQueue-PipelineActionsForPipelineActionHandler] INFO  pipeline.SCMPipelineManager (SCMPipelineManager.java:finalizeAndDestroyPipeline(311)) - destroying pipeline:Pipeline[ Id: 946a925e-29f3-4efc-8597-28fa94f01c3c, Nodes: 4005f9e4-9000-4048-961f-9439e52a6da7{ip: 192.168.5.130, host: pr-hdds-2136-chhj8-2666454444, networkLocation: /default-rack, certSerialId: null}597a450e-db00-46ca-b8ea-d9e1f9500f66{ip: 192.168.5.130, host: pr-hdds-2136-chhj8-2666454444, networkLocation: /default-rack, certSerialId: null}9a3c5405-1b71-41e7-a1e6-d9c2b7bf9721{ip: 192.168.5.130, host: pr-hdds-2136-chhj8-2666454444, networkLocation: /default-rack, certSerialId: null}, Type:RATIS, Factor:THREE, State:CLOSED]
2019-09-17 12:30:57,773 [org.apache.ratis.server.impl.LogAppender$AppenderDaemon$$Lambda$490/985692452@344fa89] ERROR ratis.XceiverServerRatis (XceiverServerRatis.java:triggerPipelineClose(575)) - pipeline Action CLOSE  on pipeline PipelineID=946a925e-29f3-4efc-8597-28fa94f01c3c.Reason : 9a3c5405-1b71-41e7-a1e6-d9c2b7bf9721 has not seen follower/s 597a450e-db00-46ca-b8ea-d9e1f9500f66 for 180068ms 4005f9e4-9000-4048-961f-9439e52a6da7 for 180070ms
2019-09-17 12:30:57,897 [org.apache.ratis.server.impl.LogAppender$AppenderDaemon$$Lambda$490/985692452@1851555] ERROR ratis.XceiverServerRatis (XceiverServerRatis.java:triggerPipelineClose(575)) - pipeline Action CLOSE  on pipeline PipelineID=946a925e-29f3-4efc-8597-28fa94f01c3c.Reason : 9a3c5405-1b71-41e7-a1e6-d9c2b7bf9721 has not seen follower/s 597a450e-db00-46ca-b8ea-d9e1f9500f66 for 180192ms 4005f9e4-9000-4048-961f-9439e52a6da7 for 180194ms
2019-09-17 12:30:58,231 [597a450e-db00-46ca-b8ea-d9e1f9500f66@group-28FA94F01C3C-SegmentedRaftLogWorker] WARN  segmented.SegmentedRaftLogWorker (SegmentedRaftLogWorker.java:getFromFuture(90)) - Timeout 17/~
org.apache.ratis.protocol.TimeoutIOException: Timeout 10s: WriteLog:8: (t:1, i:8), STATEMACHINELOGENTRY, client-D1FE97365EAD, cid=17-writeStateMachineData
	at org.apache.ratis.util.IOUtils.getFromFuture(IOUtils.java:87)
	at org.apache.ratis.server.raftlog.segmented.SegmentedRaftLogWorker$StateMachineDataPolicy.getFromFuture(SegmentedRaftLogWorker.java:87)
	at org.apache.ratis.server.raftlog.segmented.SegmentedRaftLogWorker$WriteLog.execute(SegmentedRaftLogWorker.java:477)
	at org.apache.ratis.server.raftlog.segmented.SegmentedRaftLogWorker.run(SegmentedRaftLogWorker.java:289)
	at java.lang.Thread.run(Thread.java:748)
Caused by: java.util.concurrent.TimeoutException
	at java.util.concurrent.CompletableFuture.timedGet(CompletableFuture.java:1771)
	at java.util.concurrent.CompletableFuture.get(CompletableFuture.java:1915)
	at org.apache.ratis.util.IOUtils.getFromFuture(IOUtils.java:79)
	... 4 more
2019-09-17 12:30:58,272 [java.util.concurrent.ThreadPoolExecutor$Worker@5e86a67c[State = -1, empty queue]] WARN  server.GrpcLogAppender (GrpcLogAppender.java:timeoutAppendRequest(200)) - 9a3c5405-1b71-41e7-a1e6-d9c2b7bf9721@group-28FA94F01C3C->597a450e-db00-46ca-b8ea-d9e1f9500f66-GrpcLogAppender: appendEntries Timeout, request=9a3c5405-1b71-41e7-a1e6-d9c2b7bf9721->597a450e-db00-46ca-b8ea-d9e1f9500f66#83-t1, previous=(t:1, i:12), leaderCommit=6, initializing? false, entries: <empty>
2019-09-17 12:30:58,273 [9a3c5405-1b71-41e7-a1e6-d9c2b7bf9721@group-28FA94F01C3C-SegmentedRaftLogWorker] WARN  segmented.SegmentedRaftLogWorker (SegmentedRaftLogWorker.java:getFromFuture(90)) - Timeout 17/~
org.apache.ratis.protocol.TimeoutIOException: Timeout 10s: WriteLog:8: (t:1, i:8), STATEMACHINELOGENTRY, client-D1FE97365EAD, cid=17-writeStateMachineData
	at org.apache.ratis.util.IOUtils.getFromFuture(IOUtils.java:87)
	at org.apache.ratis.server.raftlog.segmented.SegmentedRaftLogWorker$StateMachineDataPolicy.getFromFuture(SegmentedRaftLogWorker.java:87)
	at org.apache.ratis.server.raftlog.segmented.SegmentedRaftLogWorker$WriteLog.execute(SegmentedRaftLogWorker.java:477)
	at org.apache.ratis.server.raftlog.segmented.SegmentedRaftLogWorker.run(SegmentedRaftLogWorker.java:289)
	at java.lang.Thread.run(Thread.java:748)
Caused by: java.util.concurrent.TimeoutException
	at java.util.concurrent.CompletableFuture.timedGet(CompletableFuture.java:1771)
	at java.util.concurrent.CompletableFuture.get(CompletableFuture.java:1915)
	at org.apache.ratis.util.IOUtils.getFromFuture(IOUtils.java:79)
	... 4 more
2019-09-17 12:30:58,273 [4005f9e4-9000-4048-961f-9439e52a6da7@group-28FA94F01C3C-SegmentedRaftLogWorker] WARN  segmented.SegmentedRaftLogWorker (SegmentedRaftLogWorker.java:getFromFuture(90)) - Timeout 17/~
org.apache.ratis.protocol.TimeoutIOException: Timeout 10s: WriteLog:8: (t:1, i:8), STATEMACHINELOGENTRY, client-D1FE97365EAD, cid=17-writeStateMachineData
	at org.apache.ratis.util.IOUtils.getFromFuture(IOUtils.java:87)
	at org.apache.ratis.server.raftlog.segmented.SegmentedRaftLogWorker$StateMachineDataPolicy.getFromFuture(SegmentedRaftLogWorker.java:87)
	at org.apache.ratis.server.raftlog.segmented.SegmentedRaftLogWorker$WriteLog.execute(SegmentedRaftLogWorker.java:477)
	at org.apache.ratis.server.raftlog.segmented.SegmentedRaftLogWorker.run(SegmentedRaftLogWorker.java:289)
	at java.lang.Thread.run(Thread.java:748)
Caused by: java.util.concurrent.TimeoutException
	at java.util.concurrent.CompletableFuture.timedGet(CompletableFuture.java:1771)
	at java.util.concurrent.CompletableFuture.get(CompletableFuture.java:1915)
	at org.apache.ratis.util.IOUtils.getFromFuture(IOUtils.java:79)
	... 4 more
2019-09-17 12:30:58,274 [EventQueue-PipelineActionsForPipelineActionHandler] ERROR pipeline.PipelineActionHandler (PipelineActionHandler.java:onMessage(60)) - Received pipeline action CLOSE for Pipeline[ Id: 946a925e-29f3-4efc-8597-28fa94f01c3c, Nodes: 4005f9e4-9000-4048-961f-9439e52a6da7{ip: 192.168.5.130, host: pr-hdds-2136-chhj8-2666454444, networkLocation: /default-rack, certSerialId: null}597a450e-db00-46ca-b8ea-d9e1f9500f66{ip: 192.168.5.130, host: pr-hdds-2136-chhj8-2666454444, networkLocation: /default-rack, certSerialId: null}9a3c5405-1b71-41e7-a1e6-d9c2b7bf9721{ip: 192.168.5.130, host: pr-hdds-2136-chhj8-2666454444, networkLocation: /default-rack, certSerialId: null}, Type:RATIS, Factor:THREE, State:CLOSED] from datanode 9a3c5405-1b71-41e7-a1e6-d9c2b7bf9721{ip: 192.168.5.130, host: pr-hdds-2136-chhj8-2666454444, networkLocation: /default-rack, certSerialId: null}. Reason : 9a3c5405-1b71-41e7-a1e6-d9c2b7bf9721 has not seen follower/s 597a450e-db00-46ca-b8ea-d9e1f9500f66 for 180068ms 4005f9e4-9000-4048-961f-9439e52a6da7 for 180070ms
2019-09-17 12:30:58,274 [EventQueue-PipelineActionsForPipelineActionHandler] INFO  pipeline.SCMPipelineManager (SCMPipelineManager.java:finalizeAndDestroyPipeline(311)) - destroying pipeline:Pipeline[ Id: 946a925e-29f3-4efc-8597-28fa94f01c3c, Nodes: 4005f9e4-9000-4048-961f-9439e52a6da7{ip: 192.168.5.130, host: pr-hdds-2136-chhj8-2666454444, networkLocation: /default-rack, certSerialId: null}597a450e-db00-46ca-b8ea-d9e1f9500f66{ip: 192.168.5.130, host: pr-hdds-2136-chhj8-2666454444, networkLocation: /default-rack, certSerialId: null}9a3c5405-1b71-41e7-a1e6-d9c2b7bf9721{ip: 192.168.5.130, host: pr-hdds-2136-chhj8-2666454444, networkLocation: /default-rack, certSerialId: null}, Type:RATIS, Factor:THREE, State:CLOSED]
2019-09-17 12:30:58,396 [java.util.concurrent.ThreadPoolExecutor$Worker@46212d45[State = -1, empty queue]] WARN  server.GrpcLogAppender (GrpcLogAppender.java:timeoutAppendRequest(200)) - 9a3c5405-1b71-41e7-a1e6-d9c2b7bf9721@group-28FA94F01C3C->4005f9e4-9000-4048-961f-9439e52a6da7-GrpcLogAppender: appendEntries Timeout, request=9a3c5405-1b71-41e7-a1e6-d9c2b7bf9721->4005f9e4-9000-4048-961f-9439e52a6da7#83-t1, previous=(t:1, i:12), leaderCommit=6, initializing? false, entries: <empty>
2019-09-17 12:31:00,274 [org.apache.ratis.server.impl.LogAppender$AppenderDaemon$$Lambda$490/985692452@344fa89] ERROR ratis.XceiverServerRatis (XceiverServerRatis.java:triggerPipelineClose(575)) - pipeline Action CLOSE  on pipeline PipelineID=946a925e-29f3-4efc-8597-28fa94f01c3c.Reason : 9a3c5405-1b71-41e7-a1e6-d9c2b7bf9721 has not seen follower/s 597a450e-db00-46ca-b8ea-d9e1f9500f66 for 182569ms 4005f9e4-9000-4048-961f-9439e52a6da7 for 182571ms
2019-09-17 12:31:00,325 [grpc-default-executor-3] INFO  client.GrpcClientProtocolClient (GrpcClientProtocolClient.java:onNext(264)) - client-D1FE97365EAD->597a450e-db00-46ca-b8ea-d9e1f9500f66: receive RaftClientReply:client-D1FE97365EAD->597a450e-db00-46ca-b8ea-d9e1f9500f66@group-28FA94F01C3C, cid=16, FAILED org.apache.ratis.protocol.NotLeaderException: Server 597a450e-db00-46ca-b8ea-d9e1f9500f66@group-28FA94F01C3C is not the leader 9a3c5405-1b71-41e7-a1e6-d9c2b7bf9721:192.168.5.130:42503, logIndex=0, commits[597a450e-db00-46ca-b8ea-d9e1f9500f66:c6, 9a3c5405-1b71-41e7-a1e6-d9c2b7bf9721:c6, 4005f9e4-9000-4048-961f-9439e52a6da7:c4]
2019-09-17 12:31:00,398 [org.apache.ratis.server.impl.LogAppender$AppenderDaemon$$Lambda$490/985692452@1851555] ERROR ratis.XceiverServerRatis (XceiverServerRatis.java:triggerPipelineClose(575)) - pipeline Action CLOSE  on pipeline PipelineID=946a925e-29f3-4efc-8597-28fa94f01c3c.Reason : 9a3c5405-1b71-41e7-a1e6-d9c2b7bf9721 has not seen follower/s 597a450e-db00-46ca-b8ea-d9e1f9500f66 for 182693ms 4005f9e4-9000-4048-961f-9439e52a6da7 for 182694ms
2019-09-17 12:31:00,773 [java.util.concurrent.ThreadPoolExecutor$Worker@5e86a67c[State = -1, empty queue]] WARN  server.GrpcLogAppender (GrpcLogAppender.java:timeoutAppendRequest(200)) - 9a3c5405-1b71-41e7-a1e6-d9c2b7bf9721@group-28FA94F01C3C->597a450e-db00-46ca-b8ea-d9e1f9500f66-GrpcLogAppender: appendEntries Timeout, request=9a3c5405-1b71-41e7-a1e6-d9c2b7bf9721->597a450e-db00-46ca-b8ea-d9e1f9500f66#84-t1, previous=(t:1, i:12), leaderCommit=6, initializing? false, entries: <empty>
2019-09-17 12:31:00,897 [java.util.concurrent.ThreadPoolExecutor$Worker@46212d45[State = -1, empty queue]] WARN  server.GrpcLogAppender (GrpcLogAppender.java:timeoutAppendRequest(200)) - 9a3c5405-1b71-41e7-a1e6-d9c2b7bf9721@group-28FA94F01C3C->4005f9e4-9000-4048-961f-9439e52a6da7-GrpcLogAppender: appendEntries Timeout, request=9a3c5405-1b71-41e7-a1e6-d9c2b7bf9721->4005f9e4-9000-4048-961f-9439e52a6da7#84-t1, previous=(t:1, i:12), leaderCommit=6, initializing? false, entries: <empty>
2019-09-17 12:31:01,275 [EventQueue-PipelineActionsForPipelineActionHandler] ERROR pipeline.PipelineActionHandler (PipelineActionHandler.java:onMessage(60)) - Received pipeline action CLOSE for Pipeline[ Id: 946a925e-29f3-4efc-8597-28fa94f01c3c, Nodes: 4005f9e4-9000-4048-961f-9439e52a6da7{ip: 192.168.5.130, host: pr-hdds-2136-chhj8-2666454444, networkLocation: /default-rack, certSerialId: null}597a450e-db00-46ca-b8ea-d9e1f9500f66{ip: 192.168.5.130, host: pr-hdds-2136-chhj8-2666454444, networkLocation: /default-rack, certSerialId: null}9a3c5405-1b71-41e7-a1e6-d9c2b7bf9721{ip: 192.168.5.130, host: pr-hdds-2136-chhj8-2666454444, networkLocation: /default-rack, certSerialId: null}, Type:RATIS, Factor:THREE, State:CLOSED] from datanode 9a3c5405-1b71-41e7-a1e6-d9c2b7bf9721{ip: 192.168.5.130, host: pr-hdds-2136-chhj8-2666454444, networkLocation: /default-rack, certSerialId: null}. Reason : 9a3c5405-1b71-41e7-a1e6-d9c2b7bf9721 has not seen follower/s 597a450e-db00-46ca-b8ea-d9e1f9500f66 for 182569ms 4005f9e4-9000-4048-961f-9439e52a6da7 for 182571ms
2019-09-17 12:31:01,275 [EventQueue-PipelineActionsForPipelineActionHandler] INFO  pipeline.SCMPipelineManager (SCMPipelineManager.java:finalizeAndDestroyPipeline(311)) - destroying pipeline:Pipeline[ Id: 946a925e-29f3-4efc-8597-28fa94f01c3c, Nodes: 4005f9e4-9000-4048-961f-9439e52a6da7{ip: 192.168.5.130, host: pr-hdds-2136-chhj8-2666454444, networkLocation: /default-rack, certSerialId: null}597a450e-db00-46ca-b8ea-d9e1f9500f66{ip: 192.168.5.130, host: pr-hdds-2136-chhj8-2666454444, networkLocation: /default-rack, certSerialId: null}9a3c5405-1b71-41e7-a1e6-d9c2b7bf9721{ip: 192.168.5.130, host: pr-hdds-2136-chhj8-2666454444, networkLocation: /default-rack, certSerialId: null}, Type:RATIS, Factor:THREE, State:CLOSED]
2019-09-17 12:31:02,775 [org.apache.ratis.server.impl.LogAppender$AppenderDaemon$$Lambda$490/985692452@344fa89] ERROR ratis.XceiverServerRatis (XceiverServerRatis.java:triggerPipelineClose(575)) - pipeline Action CLOSE  on pipeline PipelineID=946a925e-29f3-4efc-8597-28fa94f01c3c.Reason : 9a3c5405-1b71-41e7-a1e6-d9c2b7bf9721 has not seen follower/s 597a450e-db00-46ca-b8ea-d9e1f9500f66 for 185070ms 4005f9e4-9000-4048-961f-9439e52a6da7 for 185072ms
2019-09-17 12:31:02,899 [org.apache.ratis.server.impl.LogAppender$AppenderDaemon$$Lambda$490/985692452@1851555] ERROR ratis.XceiverServerRatis (XceiverServerRatis.java:triggerPipelineClose(575)) - pipeline Action CLOSE  on pipeline PipelineID=946a925e-29f3-4efc-8597-28fa94f01c3c.Reason : 9a3c5405-1b71-41e7-a1e6-d9c2b7bf9721 has not seen follower/s 597a450e-db00-46ca-b8ea-d9e1f9500f66 for 185194ms 4005f9e4-9000-4048-961f-9439e52a6da7 for 185195ms
2019-09-17 12:31:03,274 [java.util.concurrent.ThreadPoolExecutor$Worker@5e86a67c[State = -1, empty queue]] WARN  server.GrpcLogAppender (GrpcLogAppender.java:timeoutAppendRequest(200)) - 9a3c5405-1b71-41e7-a1e6-d9c2b7bf9721@group-28FA94F01C3C->597a450e-db00-46ca-b8ea-d9e1f9500f66-GrpcLogAppender: appendEntries Timeout, request=9a3c5405-1b71-41e7-a1e6-d9c2b7bf9721->597a450e-db00-46ca-b8ea-d9e1f9500f66#85-t1, previous=(t:1, i:12), leaderCommit=6, initializing? false, entries: <empty>
2019-09-17 12:31:03,275 [EventQueue-PipelineActionsForPipelineActionHandler] ERROR pipeline.PipelineActionHandler (PipelineActionHandler.java:onMessage(60)) - Received pipeline action CLOSE for Pipeline[ Id: 946a925e-29f3-4efc-8597-28fa94f01c3c, Nodes: 4005f9e4-9000-4048-961f-9439e52a6da7{ip: 192.168.5.130, host: pr-hdds-2136-chhj8-2666454444, networkLocation: /default-rack, certSerialId: null}597a450e-db00-46ca-b8ea-d9e1f9500f66{ip: 192.168.5.130, host: pr-hdds-2136-chhj8-2666454444, networkLocation: /default-rack, certSerialId: null}9a3c5405-1b71-41e7-a1e6-d9c2b7bf9721{ip: 192.168.5.130, host: pr-hdds-2136-chhj8-2666454444, networkLocation: /default-rack, certSerialId: null}, Type:RATIS, Factor:THREE, State:CLOSED] from datanode 9a3c5405-1b71-41e7-a1e6-d9c2b7bf9721{ip: 192.168.5.130, host: pr-hdds-2136-chhj8-2666454444, networkLocation: /default-rack, certSerialId: null}. Reason : 9a3c5405-1b71-41e7-a1e6-d9c2b7bf9721 has not seen follower/s 597a450e-db00-46ca-b8ea-d9e1f9500f66 for 185070ms 4005f9e4-9000-4048-961f-9439e52a6da7 for 185072ms
2019-09-17 12:31:03,275 [EventQueue-PipelineActionsForPipelineActionHandler] INFO  pipeline.SCMPipelineManager (SCMPipelineManager.java:finalizeAndDestroyPipeline(311)) - destroying pipeline:Pipeline[ Id: 946a925e-29f3-4efc-8597-28fa94f01c3c, Nodes: 4005f9e4-9000-4048-961f-9439e52a6da7{ip: 192.168.5.130, host: pr-hdds-2136-chhj8-2666454444, networkLocation: /default-rack, certSerialId: null}597a450e-db00-46ca-b8ea-d9e1f9500f66{ip: 192.168.5.130, host: pr-hdds-2136-chhj8-2666454444, networkLocation: /default-rack, certSerialId: null}9a3c5405-1b71-41e7-a1e6-d9c2b7bf9721{ip: 192.168.5.130, host: pr-hdds-2136-chhj8-2666454444, networkLocation: /default-rack, certSerialId: null}, Type:RATIS, Factor:THREE, State:CLOSED]
2019-09-17 12:31:03,398 [java.util.concurrent.ThreadPoolExecutor$Worker@46212d45[State = -1, empty queue]] WARN  server.GrpcLogAppender (GrpcLogAppender.java:timeoutAppendRequest(200)) - 9a3c5405-1b71-41e7-a1e6-d9c2b7bf9721@group-28FA94F01C3C->4005f9e4-9000-4048-961f-9439e52a6da7-GrpcLogAppender: appendEntries Timeout, request=9a3c5405-1b71-41e7-a1e6-d9c2b7bf9721->4005f9e4-9000-4048-961f-9439e52a6da7#85-t1, previous=(t:1, i:12), leaderCommit=6, initializing? false, entries: <empty>
2019-09-17 12:31:04,244 [grpc-default-executor-3] INFO  impl.RaftServerProxy (RaftServerProxy.java:remove(95)) - 4005f9e4-9000-4048-961f-9439e52a6da7: remove  FOLLOWER 4005f9e4-9000-4048-961f-9439e52a6da7@group-28FA94F01C3C:t1, leader=9a3c5405-1b71-41e7-a1e6-d9c2b7bf9721, voted=9a3c5405-1b71-41e7-a1e6-d9c2b7bf9721, raftlog=4005f9e4-9000-4048-961f-9439e52a6da7@group-28FA94F01C3C-SegmentedRaftLog:OPENED:c6,f6,i12, conf=0: [597a450e-db00-46ca-b8ea-d9e1f9500f66:192.168.5.130:37203, 9a3c5405-1b71-41e7-a1e6-d9c2b7bf9721:192.168.5.130:42503, 4005f9e4-9000-4048-961f-9439e52a6da7:192.168.5.130:43091], old=null RUNNING
2019-09-17 12:31:04,248 [grpc-default-executor-3] INFO  impl.RaftServerImpl (RaftServerImpl.java:lambda$shutdown$3(251)) - 4005f9e4-9000-4048-961f-9439e52a6da7@group-28FA94F01C3C: shutdown
2019-09-17 12:31:04,249 [grpc-default-executor-3] INFO  util.JmxRegister (JmxRegister.java:unregister(73)) - Successfully un-registered JMX Bean with object name Ratis:service=RaftServer,group=group-28FA94F01C3C,id=4005f9e4-9000-4048-961f-9439e52a6da7
2019-09-17 12:31:04,249 [grpc-default-executor-3] INFO  impl.RoleInfo (RoleInfo.java:shutdownFollowerState(121)) - 4005f9e4-9000-4048-961f-9439e52a6da7: shutdown FollowerState
2019-09-17 12:31:04,249 [grpc-default-executor-3] INFO  impl.StateMachineUpdater (StateMachineUpdater.java:stopAndJoin(125)) - 4005f9e4-9000-4048-961f-9439e52a6da7@group-28FA94F01C3C-StateMachineUpdater: set stopIndex = 6
2019-09-17 12:31:04,249 [Thread-309] INFO  impl.FollowerState (FollowerState.java:run(115)) - 4005f9e4-9000-4048-961f-9439e52a6da7: FollowerState was interrupted: java.lang.InterruptedException: sleep interrupted
2019-09-17 12:31:04,249 [4005f9e4-9000-4048-961f-9439e52a6da7@group-28FA94F01C3C-StateMachineUpdater] INFO  ratis.ContainerStateMachine (ContainerStateMachine.java:takeSnapshot(289)) - group-28FA94F01C3C: Taking a snapshot at:(t:1, i:4) file /tmp/workdir/hadoop-ozone/integration-test/target/test-dir/MiniOzoneClusterImpl-d179b17f-26b4-4b11-871f-a9170d0e99dc/datanode-4/data/ratis/946a925e-29f3-4efc-8597-28fa94f01c3c/sm/snapshot.1_4
2019-09-17 12:31:04,299 [4005f9e4-9000-4048-961f-9439e52a6da7@group-28FA94F01C3C-StateMachineUpdater] INFO  ratis.ContainerStateMachine (ContainerStateMachine.java:takeSnapshot(300)) - group-28FA94F01C3C: Finished taking a snapshot at:(t:1, i:4) file:/tmp/workdir/hadoop-ozone/integration-test/target/test-dir/MiniOzoneClusterImpl-d179b17f-26b4-4b11-871f-a9170d0e99dc/datanode-4/data/ratis/946a925e-29f3-4efc-8597-28fa94f01c3c/sm/snapshot.1_4 time:49
2019-09-17 12:31:04,301 [4005f9e4-9000-4048-961f-9439e52a6da7@group-28FA94F01C3C-StateMachineUpdater] INFO  impl.StateMachineUpdater (StateMachineUpdater.java:takeSnapshot(258)) - 4005f9e4-9000-4048-961f-9439e52a6da7@group-28FA94F01C3C-StateMachineUpdater: Took a snapshot at index 4
2019-09-17 12:31:04,303 [4005f9e4-9000-4048-961f-9439e52a6da7@group-28FA94F01C3C-StateMachineUpdater] INFO  impl.StateMachineUpdater (StateMachineUpdater.java:lambda$new$0(83)) - 4005f9e4-9000-4048-961f-9439e52a6da7@group-28FA94F01C3C-StateMachineUpdater: snapshotIndex: updateIncreasingly -1 -> 4
2019-09-17 12:31:04,309 [4005f9e4-9000-4048-961f-9439e52a6da7@group-28FA94F01C3C-StateMachineUpdater] INFO  ratis.ContainerStateMachine (ContainerStateMachine.java:takeSnapshot(289)) - group-28FA94F01C3C: Taking a snapshot at:(t:1, i:4) file /tmp/workdir/hadoop-ozone/integration-test/target/test-dir/MiniOzoneClusterImpl-d179b17f-26b4-4b11-871f-a9170d0e99dc/datanode-4/data/ratis/946a925e-29f3-4efc-8597-28fa94f01c3c/sm/snapshot.1_4
2019-09-17 12:31:04,328 [4005f9e4-9000-4048-961f-9439e52a6da7@group-28FA94F01C3C-StateMachineUpdater] INFO  ratis.ContainerStateMachine (ContainerStateMachine.java:takeSnapshot(300)) - group-28FA94F01C3C: Finished taking a snapshot at:(t:1, i:4) file:/tmp/workdir/hadoop-ozone/integration-test/target/test-dir/MiniOzoneClusterImpl-d179b17f-26b4-4b11-871f-a9170d0e99dc/datanode-4/data/ratis/946a925e-29f3-4efc-8597-28fa94f01c3c/sm/snapshot.1_4 time:19
2019-09-17 12:31:04,328 [4005f9e4-9000-4048-961f-9439e52a6da7@group-28FA94F01C3C-StateMachineUpdater] INFO  impl.StateMachineUpdater (StateMachineUpdater.java:takeSnapshot(258)) - 4005f9e4-9000-4048-961f-9439e52a6da7@group-28FA94F01C3C-StateMachineUpdater: Took a snapshot at index 4
2019-09-17 12:31:04,329 [4005f9e4-9000-4048-961f-9439e52a6da7@group-28FA94F01C3C-StateMachineUpdater] INFO  impl.StateMachineUpdater (StateMachineUpdater.java:lambda$new$0(83)) - 4005f9e4-9000-4048-961f-9439e52a6da7@group-28FA94F01C3C-StateMachineUpdater: snapshotIndex: updateIncreasingly 4 -> 4
2019-09-17 12:31:04,329 [grpc-default-executor-3] INFO  impl.RaftServerImpl (ServerState.java:close(385)) - 4005f9e4-9000-4048-961f-9439e52a6da7@group-28FA94F01C3C: closes. applyIndex: 6
2019-09-17 12:31:04,339 [4005f9e4-9000-4048-961f-9439e52a6da7@group-28FA94F01C3C-SegmentedRaftLogWorker] ERROR ratis.XceiverServerRatis (XceiverServerRatis.java:triggerPipelineClose(575)) - pipeline Action CLOSE  on pipeline PipelineID=946a925e-29f3-4efc-8597-28fa94f01c3c.Reason : WriteLog:8: (t:1, i:8), STATEMACHINELOGENTRY, client-D1FE97365EAD, cid=17-writeStateMachineData interrupted.
2019-09-17 12:31:04,344 [EventQueue-PipelineActionsForPipelineActionHandler] ERROR pipeline.PipelineActionHandler (PipelineActionHandler.java:onMessage(60)) - Received pipeline action CLOSE for Pipeline[ Id: 946a925e-29f3-4efc-8597-28fa94f01c3c, Nodes: 4005f9e4-9000-4048-961f-9439e52a6da7{ip: 192.168.5.130, host: pr-hdds-2136-chhj8-2666454444, networkLocation: /default-rack, certSerialId: null}597a450e-db00-46ca-b8ea-d9e1f9500f66{ip: 192.168.5.130, host: pr-hdds-2136-chhj8-2666454444, networkLocation: /default-rack, certSerialId: null}9a3c5405-1b71-41e7-a1e6-d9c2b7bf9721{ip: 192.168.5.130, host: pr-hdds-2136-chhj8-2666454444, networkLocation: /default-rack, certSerialId: null}, Type:RATIS, Factor:THREE, State:CLOSED] from datanode 4005f9e4-9000-4048-961f-9439e52a6da7{ip: 192.168.5.130, host: pr-hdds-2136-chhj8-2666454444, networkLocation: /default-rack, certSerialId: null}. Reason : WriteLog:8: (t:1, i:8), STATEMACHINELOGENTRY, client-D1FE97365EAD, cid=17-writeStateMachineData interrupted.
2019-09-17 12:31:04,344 [EventQueue-PipelineActionsForPipelineActionHandler] INFO  pipeline.SCMPipelineManager (SCMPipelineManager.java:finalizeAndDestroyPipeline(311)) - destroying pipeline:Pipeline[ Id: 946a925e-29f3-4efc-8597-28fa94f01c3c, Nodes: 4005f9e4-9000-4048-961f-9439e52a6da7{ip: 192.168.5.130, host: pr-hdds-2136-chhj8-2666454444, networkLocation: /default-rack, certSerialId: null}597a450e-db00-46ca-b8ea-d9e1f9500f66{ip: 192.168.5.130, host: pr-hdds-2136-chhj8-2666454444, networkLocation: /default-rack, certSerialId: null}9a3c5405-1b71-41e7-a1e6-d9c2b7bf9721{ip: 192.168.5.130, host: pr-hdds-2136-chhj8-2666454444, networkLocation: /default-rack, certSerialId: null}, Type:RATIS, Factor:THREE, State:CLOSED]
2019-09-17 12:31:04,365 [grpc-default-executor-3] INFO  segmented.SegmentedRaftLogWorker (SegmentedRaftLogWorker.java:close(228)) - 4005f9e4-9000-4048-961f-9439e52a6da7@group-28FA94F01C3C-SegmentedRaftLogWorker close()
2019-09-17 12:31:04,383 [grpc-default-executor-3] INFO  interfaces.Container (KeyValueContainer.java:flushAndSyncDB(386)) - Container 1 is synced with bcsId 4.
2019-09-17 12:31:04,383 [grpc-default-executor-3] INFO  interfaces.Container (KeyValueContainer.java:flushAndSyncDB(386)) - Container 1 is synced with bcsId 4.
2019-09-17 12:31:04,405 [EventQueue-IncrementalContainerReportForIncrementalContainerReportHandler] INFO  container.IncrementalContainerReportHandler (AbstractContainerReportHandler.java:updateContainerState(169)) - Moving container #1 to QUASI_CLOSED state, datanode 4005f9e4-9000-4048-961f-9439e52a6da7{ip: 192.168.5.130, host: pr-hdds-2136-chhj8-2666454444, networkLocation: /default-rack, certSerialId: null} reported QUASI_CLOSED replica.
2019-09-17 12:31:04,481 [grpc-default-executor-3] INFO  interfaces.Container (KeyValueContainer.java:flushAndSyncDB(386)) - Container 2 is synced with bcsId 0.
2019-09-17 12:31:04,481 [grpc-default-executor-3] INFO  interfaces.Container (KeyValueContainer.java:flushAndSyncDB(386)) - Container 2 is synced with bcsId 0.
2019-09-17 12:31:04,500 [EventQueue-IncrementalContainerReportForIncrementalContainerReportHandler] INFO  container.IncrementalContainerReportHandler (AbstractContainerReportHandler.java:updateContainerState(169)) - Moving container #2 to QUASI_CLOSED state, datanode 4005f9e4-9000-4048-961f-9439e52a6da7{ip: 192.168.5.130, host: pr-hdds-2136-chhj8-2666454444, networkLocation: /default-rack, certSerialId: null} reported QUASI_CLOSED replica.
2019-09-17 12:31:04,510 [grpc-default-executor-3] INFO  impl.RaftServerProxy (RaftServerProxy.java:remove(95)) - 597a450e-db00-46ca-b8ea-d9e1f9500f66: remove  FOLLOWER 597a450e-db00-46ca-b8ea-d9e1f9500f66@group-28FA94F01C3C:t1, leader=9a3c5405-1b71-41e7-a1e6-d9c2b7bf9721, voted=9a3c5405-1b71-41e7-a1e6-d9c2b7bf9721, raftlog=597a450e-db00-46ca-b8ea-d9e1f9500f66@group-28FA94F01C3C-SegmentedRaftLog:OPENED:c6,f6,i12, conf=0: [597a450e-db00-46ca-b8ea-d9e1f9500f66:192.168.5.130:37203, 9a3c5405-1b71-41e7-a1e6-d9c2b7bf9721:192.168.5.130:42503, 4005f9e4-9000-4048-961f-9439e52a6da7:192.168.5.130:43091], old=null RUNNING
2019-09-17 12:31:04,510 [grpc-default-executor-3] INFO  impl.RaftServerImpl (RaftServerImpl.java:lambda$shutdown$3(251)) - 597a450e-db00-46ca-b8ea-d9e1f9500f66@group-28FA94F01C3C: shutdown
2019-09-17 12:31:04,510 [grpc-default-executor-3] INFO  util.JmxRegister (JmxRegister.java:unregister(73)) - Successfully un-registered JMX Bean with object name Ratis:service=RaftServer,group=group-28FA94F01C3C,id=597a450e-db00-46ca-b8ea-d9e1f9500f66
2019-09-17 12:31:04,510 [grpc-default-executor-3] INFO  impl.RoleInfo (RoleInfo.java:shutdownFollowerState(121)) - 597a450e-db00-46ca-b8ea-d9e1f9500f66: shutdown FollowerState
2019-09-17 12:31:04,510 [grpc-default-executor-3] INFO  impl.StateMachineUpdater (StateMachineUpdater.java:stopAndJoin(125)) - 597a450e-db00-46ca-b8ea-d9e1f9500f66@group-28FA94F01C3C-StateMachineUpdater: set stopIndex = 6
2019-09-17 12:31:04,511 [Thread-308] INFO  impl.FollowerState (FollowerState.java:run(115)) - 597a450e-db00-46ca-b8ea-d9e1f9500f66: FollowerState was interrupted: java.lang.InterruptedException: sleep interrupted
2019-09-17 12:31:04,511 [597a450e-db00-46ca-b8ea-d9e1f9500f66@group-28FA94F01C3C-StateMachineUpdater] INFO  ratis.ContainerStateMachine (ContainerStateMachine.java:takeSnapshot(289)) - group-28FA94F01C3C: Taking a snapshot at:(t:1, i:4) file /tmp/workdir/hadoop-ozone/integration-test/target/test-dir/MiniOzoneClusterImpl-d179b17f-26b4-4b11-871f-a9170d0e99dc/datanode-0/data/ratis/946a925e-29f3-4efc-8597-28fa94f01c3c/sm/snapshot.1_4
2019-09-17 12:31:04,549 [597a450e-db00-46ca-b8ea-d9e1f9500f66@group-28FA94F01C3C-StateMachineUpdater] INFO  ratis.ContainerStateMachine (ContainerStateMachine.java:takeSnapshot(300)) - group-28FA94F01C3C: Finished taking a snapshot at:(t:1, i:4) file:/tmp/workdir/hadoop-ozone/integration-test/target/test-dir/MiniOzoneClusterImpl-d179b17f-26b4-4b11-871f-a9170d0e99dc/datanode-0/data/ratis/946a925e-29f3-4efc-8597-28fa94f01c3c/sm/snapshot.1_4 time:39
2019-09-17 12:31:04,550 [597a450e-db00-46ca-b8ea-d9e1f9500f66@group-28FA94F01C3C-StateMachineUpdater] INFO  impl.StateMachineUpdater (StateMachineUpdater.java:takeSnapshot(258)) - 597a450e-db00-46ca-b8ea-d9e1f9500f66@group-28FA94F01C3C-StateMachineUpdater: Took a snapshot at index 4
2019-09-17 12:31:04,550 [597a450e-db00-46ca-b8ea-d9e1f9500f66@group-28FA94F01C3C-StateMachineUpdater] INFO  impl.StateMachineUpdater (StateMachineUpdater.java:lambda$new$0(83)) - 597a450e-db00-46ca-b8ea-d9e1f9500f66@group-28FA94F01C3C-StateMachineUpdater: snapshotIndex: updateIncreasingly -1 -> 4
2019-09-17 12:31:04,550 [597a450e-db00-46ca-b8ea-d9e1f9500f66@group-28FA94F01C3C-StateMachineUpdater] INFO  ratis.ContainerStateMachine (ContainerStateMachine.java:takeSnapshot(289)) - group-28FA94F01C3C: Taking a snapshot at:(t:1, i:4) file /tmp/workdir/hadoop-ozone/integration-test/target/test-dir/MiniOzoneClusterImpl-d179b17f-26b4-4b11-871f-a9170d0e99dc/datanode-0/data/ratis/946a925e-29f3-4efc-8597-28fa94f01c3c/sm/snapshot.1_4
2019-09-17 12:31:04,601 [597a450e-db00-46ca-b8ea-d9e1f9500f66@group-28FA94F01C3C-StateMachineUpdater] INFO  ratis.ContainerStateMachine (ContainerStateMachine.java:takeSnapshot(300)) - group-28FA94F01C3C: Finished taking a snapshot at:(t:1, i:4) file:/tmp/workdir/hadoop-ozone/integration-test/target/test-dir/MiniOzoneClusterImpl-d179b17f-26b4-4b11-871f-a9170d0e99dc/datanode-0/data/ratis/946a925e-29f3-4efc-8597-28fa94f01c3c/sm/snapshot.1_4 time:51
2019-09-17 12:31:04,602 [597a450e-db00-46ca-b8ea-d9e1f9500f66@group-28FA94F01C3C-StateMachineUpdater] INFO  impl.StateMachineUpdater (StateMachineUpdater.java:takeSnapshot(258)) - 597a450e-db00-46ca-b8ea-d9e1f9500f66@group-28FA94F01C3C-StateMachineUpdater: Took a snapshot at index 4
2019-09-17 12:31:04,602 [597a450e-db00-46ca-b8ea-d9e1f9500f66@group-28FA94F01C3C-StateMachineUpdater] INFO  impl.StateMachineUpdater (StateMachineUpdater.java:lambda$new$0(83)) - 597a450e-db00-46ca-b8ea-d9e1f9500f66@group-28FA94F01C3C-StateMachineUpdater: snapshotIndex: updateIncreasingly 4 -> 4
2019-09-17 12:31:04,602 [grpc-default-executor-3] INFO  impl.RaftServerImpl (ServerState.java:close(385)) - 597a450e-db00-46ca-b8ea-d9e1f9500f66@group-28FA94F01C3C: closes. applyIndex: 6
2019-09-17 12:31:04,603 [597a450e-db00-46ca-b8ea-d9e1f9500f66@group-28FA94F01C3C-SegmentedRaftLogWorker] ERROR ratis.XceiverServerRatis (XceiverServerRatis.java:triggerPipelineClose(575)) - pipeline Action CLOSE  on pipeline PipelineID=946a925e-29f3-4efc-8597-28fa94f01c3c.Reason : WriteLog:8: (t:1, i:8), STATEMACHINELOGENTRY, client-D1FE97365EAD, cid=17-writeStateMachineData interrupted.
2019-09-17 12:31:04,608 [EventQueue-PipelineActionsForPipelineActionHandler] ERROR pipeline.PipelineActionHandler (PipelineActionHandler.java:onMessage(60)) - Received pipeline action CLOSE for Pipeline[ Id: 946a925e-29f3-4efc-8597-28fa94f01c3c, Nodes: 4005f9e4-9000-4048-961f-9439e52a6da7{ip: 192.168.5.130, host: pr-hdds-2136-chhj8-2666454444, networkLocation: /default-rack, certSerialId: null}597a450e-db00-46ca-b8ea-d9e1f9500f66{ip: 192.168.5.130, host: pr-hdds-2136-chhj8-2666454444, networkLocation: /default-rack, certSerialId: null}9a3c5405-1b71-41e7-a1e6-d9c2b7bf9721{ip: 192.168.5.130, host: pr-hdds-2136-chhj8-2666454444, networkLocation: /default-rack, certSerialId: null}, Type:RATIS, Factor:THREE, State:CLOSED] from datanode 597a450e-db00-46ca-b8ea-d9e1f9500f66{ip: 192.168.5.130, host: pr-hdds-2136-chhj8-2666454444, networkLocation: /default-rack, certSerialId: null}. Reason : WriteLog:8: (t:1, i:8), STATEMACHINELOGENTRY, client-D1FE97365EAD, cid=17-writeStateMachineData interrupted.
2019-09-17 12:31:04,609 [EventQueue-PipelineActionsForPipelineActionHandler] INFO  pipeline.SCMPipelineManager (SCMPipelineManager.java:finalizeAndDestroyPipeline(311)) - destroying pipeline:Pipeline[ Id: 946a925e-29f3-4efc-8597-28fa94f01c3c, Nodes: 4005f9e4-9000-4048-961f-9439e52a6da7{ip: 192.168.5.130, host: pr-hdds-2136-chhj8-2666454444, networkLocation: /default-rack, certSerialId: null}597a450e-db00-46ca-b8ea-d9e1f9500f66{ip: 192.168.5.130, host: pr-hdds-2136-chhj8-2666454444, networkLocation: /default-rack, certSerialId: null}9a3c5405-1b71-41e7-a1e6-d9c2b7bf9721{ip: 192.168.5.130, host: pr-hdds-2136-chhj8-2666454444, networkLocation: /default-rack, certSerialId: null}, Type:RATIS, Factor:THREE, State:CLOSED]
2019-09-17 12:31:04,611 [grpc-default-executor-3] INFO  segmented.SegmentedRaftLogWorker (SegmentedRaftLogWorker.java:close(228)) - 597a450e-db00-46ca-b8ea-d9e1f9500f66@group-28FA94F01C3C-SegmentedRaftLogWorker close()
2019-09-17 12:31:04,628 [grpc-default-executor-3] INFO  interfaces.Container (KeyValueContainer.java:flushAndSyncDB(386)) - Container 1 is synced with bcsId 4.
2019-09-17 12:31:04,628 [grpc-default-executor-3] INFO  interfaces.Container (KeyValueContainer.java:flushAndSyncDB(386)) - Container 1 is synced with bcsId 4.
2019-09-17 12:31:04,769 [grpc-default-executor-3] INFO  interfaces.Container (KeyValueContainer.java:flushAndSyncDB(386)) - Container 2 is synced with bcsId 0.
2019-09-17 12:31:04,769 [grpc-default-executor-3] INFO  interfaces.Container (KeyValueContainer.java:flushAndSyncDB(386)) - Container 2 is synced with bcsId 0.
2019-09-17 12:31:04,819 [grpc-default-executor-3] INFO  impl.RaftServerProxy (RaftServerProxy.java:remove(95)) - 9a3c5405-1b71-41e7-a1e6-d9c2b7bf9721: remove    LEADER 9a3c5405-1b71-41e7-a1e6-d9c2b7bf9721@group-28FA94F01C3C:t1, leader=9a3c5405-1b71-41e7-a1e6-d9c2b7bf9721, voted=9a3c5405-1b71-41e7-a1e6-d9c2b7bf9721, raftlog=9a3c5405-1b71-41e7-a1e6-d9c2b7bf9721@group-28FA94F01C3C-SegmentedRaftLog:OPENED:c6,f6,i12, conf=0: [597a450e-db00-46ca-b8ea-d9e1f9500f66:192.168.5.130:37203, 9a3c5405-1b71-41e7-a1e6-d9c2b7bf9721:192.168.5.130:42503, 4005f9e4-9000-4048-961f-9439e52a6da7:192.168.5.130:43091], old=null RUNNING
2019-09-17 12:31:04,820 [grpc-default-executor-3] INFO  impl.RaftServerImpl (RaftServerImpl.java:lambda$shutdown$3(251)) - 9a3c5405-1b71-41e7-a1e6-d9c2b7bf9721@group-28FA94F01C3C: shutdown
2019-09-17 12:31:04,820 [grpc-default-executor-3] INFO  util.JmxRegister (JmxRegister.java:unregister(73)) - Successfully un-registered JMX Bean with object name Ratis:service=RaftServer,group=group-28FA94F01C3C,id=9a3c5405-1b71-41e7-a1e6-d9c2b7bf9721
2019-09-17 12:31:04,820 [grpc-default-executor-3] INFO  impl.RoleInfo (RoleInfo.java:shutdownLeaderState(104)) - 9a3c5405-1b71-41e7-a1e6-d9c2b7bf9721: shutdown LeaderState
2019-09-17 12:31:04,824 [grpc-default-executor-3] INFO  impl.PendingRequests (PendingRequests.java:sendNotLeaderResponses(202)) - 9a3c5405-1b71-41e7-a1e6-d9c2b7bf9721-PendingRequests: sendNotLeaderResponses
2019-09-17 12:31:04,824 [org.apache.ratis.server.impl.LogAppender$AppenderDaemon$$Lambda$490/985692452@1851555] WARN  server.GrpcLogAppender (GrpcLogAppender.java:mayWait(143)) - 9a3c5405-1b71-41e7-a1e6-d9c2b7bf9721@group-28FA94F01C3C->4005f9e4-9000-4048-961f-9439e52a6da7-GrpcLogAppender: Wait interrupted by java.lang.InterruptedException
2019-09-17 12:31:04,824 [org.apache.ratis.server.impl.LogAppender$AppenderDaemon$$Lambda$490/985692452@344fa89] WARN  server.GrpcLogAppender (GrpcLogAppender.java:mayWait(143)) - 9a3c5405-1b71-41e7-a1e6-d9c2b7bf9721@group-28FA94F01C3C->597a450e-db00-46ca-b8ea-d9e1f9500f66-GrpcLogAppender: Wait interrupted by java.lang.InterruptedException
2019-09-17 12:31:04,827 [grpc-default-executor-0] INFO  server.GrpcServerProtocolService (GrpcServerProtocolService.java:onCompleted(113)) - 4005f9e4-9000-4048-961f-9439e52a6da7: Completed APPEND_ENTRIES, lastRequest: 9a3c5405-1b71-41e7-a1e6-d9c2b7bf9721->4005f9e4-9000-4048-961f-9439e52a6da7#86-t1, previous=(t:1, i:12), leaderCommit=6, initializing? false, entries: <empty>
2019-09-17 12:31:04,827 [grpc-default-executor-7] INFO  server.GrpcServerProtocolService (GrpcServerProtocolService.java:onCompleted(113)) - 597a450e-db00-46ca-b8ea-d9e1f9500f66: Completed APPEND_ENTRIES, lastRequest: 9a3c5405-1b71-41e7-a1e6-d9c2b7bf9721->597a450e-db00-46ca-b8ea-d9e1f9500f66#86-t1, previous=(t:1, i:12), leaderCommit=6, initializing? false, entries: <empty>
2019-09-17 12:31:04,830 [grpc-default-executor-7] INFO  server.GrpcLogAppender (GrpcLogAppender.java:onCompleted(293)) - 9a3c5405-1b71-41e7-a1e6-d9c2b7bf9721@group-28FA94F01C3C->4005f9e4-9000-4048-961f-9439e52a6da7-AppendLogResponseHandler: follower responses appendEntries COMPLETED
2019-09-17 12:31:04,830 [grpc-default-executor-0] INFO  server.GrpcLogAppender (GrpcLogAppender.java:onCompleted(293)) - 9a3c5405-1b71-41e7-a1e6-d9c2b7bf9721@group-28FA94F01C3C->597a450e-db00-46ca-b8ea-d9e1f9500f66-AppendLogResponseHandler: follower responses appendEntries COMPLETED
2019-09-17 12:31:04,831 [grpc-default-executor-0] INFO  impl.FollowerInfo (FollowerInfo.java:lambda$new$0(51)) - 9a3c5405-1b71-41e7-a1e6-d9c2b7bf9721@group-28FA94F01C3C->597a450e-db00-46ca-b8ea-d9e1f9500f66: nextIndex: updateUnconditionally 13 -> 7
2019-09-17 12:31:04,831 [grpc-default-executor-7] INFO  impl.FollowerInfo (FollowerInfo.java:lambda$new$0(51)) - 9a3c5405-1b71-41e7-a1e6-d9c2b7bf9721@group-28FA94F01C3C->4005f9e4-9000-4048-961f-9439e52a6da7: nextIndex: updateUnconditionally 13 -> 7
2019-09-17 12:31:04,837 [grpc-default-executor-3] INFO  impl.StateMachineUpdater (StateMachineUpdater.java:stopAndJoin(125)) - 9a3c5405-1b71-41e7-a1e6-d9c2b7bf9721@group-28FA94F01C3C-StateMachineUpdater: set stopIndex = 6
2019-09-17 12:31:04,838 [9a3c5405-1b71-41e7-a1e6-d9c2b7bf9721@group-28FA94F01C3C-StateMachineUpdater] INFO  ratis.ContainerStateMachine (ContainerStateMachine.java:takeSnapshot(289)) - group-28FA94F01C3C: Taking a snapshot at:(t:1, i:6) file /tmp/workdir/hadoop-ozone/integration-test/target/test-dir/MiniOzoneClusterImpl-d179b17f-26b4-4b11-871f-a9170d0e99dc/datanode-1/data/ratis/946a925e-29f3-4efc-8597-28fa94f01c3c/sm/snapshot.1_6
2019-09-17 12:31:04,852 [9a3c5405-1b71-41e7-a1e6-d9c2b7bf9721@group-28FA94F01C3C-StateMachineUpdater] INFO  ratis.ContainerStateMachine (ContainerStateMachine.java:takeSnapshot(300)) - group-28FA94F01C3C: Finished taking a snapshot at:(t:1, i:6) file:/tmp/workdir/hadoop-ozone/integration-test/target/test-dir/MiniOzoneClusterImpl-d179b17f-26b4-4b11-871f-a9170d0e99dc/datanode-1/data/ratis/946a925e-29f3-4efc-8597-28fa94f01c3c/sm/snapshot.1_6 time:15
2019-09-17 12:31:04,853 [9a3c5405-1b71-41e7-a1e6-d9c2b7bf9721@group-28FA94F01C3C-StateMachineUpdater] INFO  impl.StateMachineUpdater (StateMachineUpdater.java:takeSnapshot(258)) - 9a3c5405-1b71-41e7-a1e6-d9c2b7bf9721@group-28FA94F01C3C-StateMachineUpdater: Took a snapshot at index 6
2019-09-17 12:31:04,853 [9a3c5405-1b71-41e7-a1e6-d9c2b7bf9721@group-28FA94F01C3C-StateMachineUpdater] INFO  impl.StateMachineUpdater (StateMachineUpdater.java:lambda$new$0(83)) - 9a3c5405-1b71-41e7-a1e6-d9c2b7bf9721@group-28FA94F01C3C-StateMachineUpdater: snapshotIndex: updateIncreasingly -1 -> 6
2019-09-17 12:31:04,853 [grpc-default-executor-3] INFO  impl.RaftServerImpl (ServerState.java:close(385)) - 9a3c5405-1b71-41e7-a1e6-d9c2b7bf9721@group-28FA94F01C3C: closes. applyIndex: 6
2019-09-17 12:31:04,854 [9a3c5405-1b71-41e7-a1e6-d9c2b7bf9721@group-28FA94F01C3C-SegmentedRaftLogWorker] ERROR ratis.XceiverServerRatis (XceiverServerRatis.java:triggerPipelineClose(575)) - pipeline Action CLOSE  on pipeline PipelineID=946a925e-29f3-4efc-8597-28fa94f01c3c.Reason : WriteLog:8: (t:1, i:8), STATEMACHINELOGENTRY, client-D1FE97365EAD, cid=17-writeStateMachineData interrupted.
2019-09-17 12:31:04,854 [Command processor thread] ERROR commandhandler.CloseContainerCommandHandler (CloseContainerCommandHandler.java:handle(125)) - Can't close container #2
java.io.IOException: org.apache.ratis.protocol.GroupMismatchException: 9a3c5405-1b71-41e7-a1e6-d9c2b7bf9721: group-28FA94F01C3C not found.
	at org.apache.hadoop.ozone.container.common.transport.server.ratis.XceiverServerRatis.submitRequest(XceiverServerRatis.java:502)
	at org.apache.hadoop.ozone.container.common.statemachine.commandhandler.CloseContainerCommandHandler.handle(CloseContainerCommandHandler.java:102)
	at org.apache.hadoop.ozone.container.common.statemachine.commandhandler.CommandDispatcher.handle(CommandDispatcher.java:99)
	at org.apache.hadoop.ozone.container.common.statemachine.DatanodeStateMachine.lambda$initCommandHandlerThread$1(DatanodeStateMachine.java:432)
	at java.lang.Thread.run(Thread.java:748)
Caused by: java.util.concurrent.ExecutionException: org.apache.ratis.protocol.GroupMismatchException: 9a3c5405-1b71-41e7-a1e6-d9c2b7bf9721: group-28FA94F01C3C not found.
	at java.util.concurrent.CompletableFuture.reportGet(CompletableFuture.java:357)
	at java.util.concurrent.CompletableFuture.get(CompletableFuture.java:1895)
	at org.apache.hadoop.ozone.container.common.transport.server.ratis.XceiverServerRatis.submitRequest(XceiverServerRatis.java:500)
	... 4 more
Caused by: org.apache.ratis.protocol.GroupMismatchException: 9a3c5405-1b71-41e7-a1e6-d9c2b7bf9721: group-28FA94F01C3C not found.
	at org.apache.ratis.server.impl.RaftServerProxy$ImplMap.get(RaftServerProxy.java:122)
	at org.apache.ratis.server.impl.RaftServerProxy.getImplFuture(RaftServerProxy.java:269)
	at org.apache.ratis.server.impl.RaftServerProxy.submitRequest(RaftServerProxy.java:327)
	at org.apache.ratis.server.impl.RaftServerProxy.submitClientRequestAsync(RaftServerProxy.java:333)
	... 5 more
2019-09-17 12:31:04,860 [EventQueue-PipelineActionsForPipelineActionHandler] ERROR pipeline.PipelineActionHandler (PipelineActionHandler.java:onMessage(60)) - Received pipeline action CLOSE for Pipeline[ Id: 946a925e-29f3-4efc-8597-28fa94f01c3c, Nodes: 4005f9e4-9000-4048-961f-9439e52a6da7{ip: 192.168.5.130, host: pr-hdds-2136-chhj8-2666454444, networkLocation: /default-rack, certSerialId: null}597a450e-db00-46ca-b8ea-d9e1f9500f66{ip: 192.168.5.130, host: pr-hdds-2136-chhj8-2666454444, networkLocation: /default-rack, certSerialId: null}9a3c5405-1b71-41e7-a1e6-d9c2b7bf9721{ip: 192.168.5.130, host: pr-hdds-2136-chhj8-2666454444, networkLocation: /default-rack, certSerialId: null}, Type:RATIS, Factor:THREE, State:CLOSED] from datanode 9a3c5405-1b71-41e7-a1e6-d9c2b7bf9721{ip: 192.168.5.130, host: pr-hdds-2136-chhj8-2666454444, networkLocation: /default-rack, certSerialId: null}. Reason : WriteLog:8: (t:1, i:8), STATEMACHINELOGENTRY, client-D1FE97365EAD, cid=17-writeStateMachineData interrupted.
2019-09-17 12:31:04,860 [EventQueue-PipelineActionsForPipelineActionHandler] INFO  pipeline.SCMPipelineManager (SCMPipelineManager.java:finalizeAndDestroyPipeline(311)) - destroying pipeline:Pipeline[ Id: 946a925e-29f3-4efc-8597-28fa94f01c3c, Nodes: 4005f9e4-9000-4048-961f-9439e52a6da7{ip: 192.168.5.130, host: pr-hdds-2136-chhj8-2666454444, networkLocation: /default-rack, certSerialId: null}597a450e-db00-46ca-b8ea-d9e1f9500f66{ip: 192.168.5.130, host: pr-hdds-2136-chhj8-2666454444, networkLocation: /default-rack, certSerialId: null}9a3c5405-1b71-41e7-a1e6-d9c2b7bf9721{ip: 192.168.5.130, host: pr-hdds-2136-chhj8-2666454444, networkLocation: /default-rack, certSerialId: null}, Type:RATIS, Factor:THREE, State:CLOSED]
2019-09-17 12:31:04,879 [grpc-default-executor-3] INFO  segmented.SegmentedRaftLogWorker (SegmentedRaftLogWorker.java:close(228)) - 9a3c5405-1b71-41e7-a1e6-d9c2b7bf9721@group-28FA94F01C3C-SegmentedRaftLogWorker close()
2019-09-17 12:31:04,900 [grpc-default-executor-3] INFO  interfaces.Container (KeyValueContainer.java:flushAndSyncDB(386)) - Container 1 is synced with bcsId 4.
2019-09-17 12:31:04,900 [grpc-default-executor-3] INFO  interfaces.Container (KeyValueContainer.java:flushAndSyncDB(386)) - Container 1 is synced with bcsId 4.
2019-09-17 12:31:04,999 [grpc-default-executor-3] INFO  interfaces.Container (KeyValueContainer.java:flushAndSyncDB(386)) - Container 2 is synced with bcsId 0.
2019-09-17 12:31:04,999 [grpc-default-executor-3] INFO  interfaces.Container (KeyValueContainer.java:flushAndSyncDB(386)) - Container 2 is synced with bcsId 0.
2019-09-17 12:31:05,026 [RatisPipelineUtilsThread] INFO  pipeline.PipelineStateManager (PipelineStateManager.java:removePipeline(108)) - Pipeline Pipeline[ Id: 946a925e-29f3-4efc-8597-28fa94f01c3c, Nodes: 4005f9e4-9000-4048-961f-9439e52a6da7{ip: 192.168.5.130, host: pr-hdds-2136-chhj8-2666454444, networkLocation: /default-rack, certSerialId: null}597a450e-db00-46ca-b8ea-d9e1f9500f66{ip: 192.168.5.130, host: pr-hdds-2136-chhj8-2666454444, networkLocation: /default-rack, certSerialId: null}9a3c5405-1b71-41e7-a1e6-d9c2b7bf9721{ip: 192.168.5.130, host: pr-hdds-2136-chhj8-2666454444, networkLocation: /default-rack, certSerialId: null}, Type:RATIS, Factor:THREE, State:CLOSED] removed from db
2019-09-17 12:31:05,045 [grpc-default-executor-7] INFO  impl.RaftServerProxy (RaftServerProxy.java:addNew(89)) - 9a3c5405-1b71-41e7-a1e6-d9c2b7bf9721: addNew group-FAF0B6E2649D:[597a450e-db00-46ca-b8ea-d9e1f9500f66:192.168.5.130:37203, 9a3c5405-1b71-41e7-a1e6-d9c2b7bf9721:192.168.5.130:42503, 4005f9e4-9000-4048-961f-9439e52a6da7:192.168.5.130:43091] returns group-FAF0B6E2649D:java.util.concurrent.CompletableFuture@32de8d[Not completed]
2019-09-17 12:31:05,045 [grpc-default-executor-3] INFO  impl.RaftServerProxy (RaftServerProxy.java:addNew(89)) - 4005f9e4-9000-4048-961f-9439e52a6da7: addNew group-FAF0B6E2649D:[597a450e-db00-46ca-b8ea-d9e1f9500f66:192.168.5.130:37203, 9a3c5405-1b71-41e7-a1e6-d9c2b7bf9721:192.168.5.130:42503, 4005f9e4-9000-4048-961f-9439e52a6da7:192.168.5.130:43091] returns group-FAF0B6E2649D:java.util.concurrent.CompletableFuture@55cb39dd[Not completed]
2019-09-17 12:31:05,045 [grpc-default-executor-0] INFO  impl.RaftServerProxy (RaftServerProxy.java:addNew(89)) - 597a450e-db00-46ca-b8ea-d9e1f9500f66: addNew group-FAF0B6E2649D:[597a450e-db00-46ca-b8ea-d9e1f9500f66:192.168.5.130:37203, 9a3c5405-1b71-41e7-a1e6-d9c2b7bf9721:192.168.5.130:42503, 4005f9e4-9000-4048-961f-9439e52a6da7:192.168.5.130:43091] returns group-FAF0B6E2649D:java.util.concurrent.CompletableFuture@672af984[Not completed]
2019-09-17 12:31:05,047 [pool-27-thread-1] INFO  impl.RaftServerImpl (RaftServerImpl.java:<init>(95)) - 597a450e-db00-46ca-b8ea-d9e1f9500f66: new RaftServerImpl for group-FAF0B6E2649D:[597a450e-db00-46ca-b8ea-d9e1f9500f66:192.168.5.130:37203, 9a3c5405-1b71-41e7-a1e6-d9c2b7bf9721:192.168.5.130:42503, 4005f9e4-9000-4048-961f-9439e52a6da7:192.168.5.130:43091] with ContainerStateMachine:uninitialized
2019-09-17 12:31:05,047 [pool-27-thread-1] INFO  server.RaftServerConfigKeys (ConfUtils.java:logGet(43)) - raft.server.rpc.timeout.min = 5s (custom)
2019-09-17 12:31:05,047 [pool-27-thread-1] INFO  server.RaftServerConfigKeys (ConfUtils.java:logGet(43)) - raft.server.rpc.timeout.max = 5200ms (custom)
2019-09-17 12:31:05,047 [pool-27-thread-1] INFO  server.RaftServerConfigKeys (ConfUtils.java:logGet(43)) - raft.server.rpcslowness.timeout = 120s (custom)
2019-09-17 12:31:05,047 [pool-27-thread-1] INFO  server.RaftServerConfigKeys (ConfUtils.java:logGet(43)) - raft.server.sleep.deviation.threshold = 300 (default)
2019-09-17 12:31:05,047 [pool-27-thread-1] INFO  server.RaftServerConfigKeys (ConfUtils.java:logGet(43)) - raft.server.log.appender.install.snapshot.enabled = false (custom)
2019-09-17 12:31:05,047 [pool-27-thread-1] INFO  impl.RaftServerImpl (ServerState.java:<init>(103)) - 597a450e-db00-46ca-b8ea-d9e1f9500f66@group-FAF0B6E2649D: ConfigurationManager, init=-1: [597a450e-db00-46ca-b8ea-d9e1f9500f66:192.168.5.130:37203, 9a3c5405-1b71-41e7-a1e6-d9c2b7bf9721:192.168.5.130:42503, 4005f9e4-9000-4048-961f-9439e52a6da7:192.168.5.130:43091], old=null, confs=<EMPTY_MAP>
2019-09-17 12:31:05,047 [pool-67-thread-1] INFO  impl.RaftServerImpl (RaftServerImpl.java:<init>(95)) - 4005f9e4-9000-4048-961f-9439e52a6da7: new RaftServerImpl for group-FAF0B6E2649D:[597a450e-db00-46ca-b8ea-d9e1f9500f66:192.168.5.130:37203, 9a3c5405-1b71-41e7-a1e6-d9c2b7bf9721:192.168.5.130:42503, 4005f9e4-9000-4048-961f-9439e52a6da7:192.168.5.130:43091] with ContainerStateMachine:uninitialized
2019-09-17 12:31:05,047 [pool-27-thread-1] INFO  server.RaftServerConfigKeys (ConfUtils.java:logGet(43)) - raft.server.storage.dir = [/tmp/workdir/hadoop-ozone/integration-test/target/test-dir/MiniOzoneClusterImpl-d179b17f-26b4-4b11-871f-a9170d0e99dc/datanode-0/data/ratis] (custom)
2019-09-17 12:31:05,048 [pool-67-thread-1] INFO  server.RaftServerConfigKeys (ConfUtils.java:logGet(43)) - raft.server.rpc.timeout.min = 5s (custom)
2019-09-17 12:31:05,048 [pool-67-thread-1] INFO  server.RaftServerConfigKeys (ConfUtils.java:logGet(43)) - raft.server.rpc.timeout.max = 5200ms (custom)
2019-09-17 12:31:05,048 [pool-27-thread-1] INFO  storage.RaftStorageDirectory (RaftStorageDirectory.java:analyzeStorage(246)) - The storage directory /tmp/workdir/hadoop-ozone/integration-test/target/test-dir/MiniOzoneClusterImpl-d179b17f-26b4-4b11-871f-a9170d0e99dc/datanode-0/data/ratis/449ce985-78e6-4066-ad5b-faf0b6e2649d does not exist. Creating ...
2019-09-17 12:31:05,048 [pool-37-thread-1] INFO  impl.RaftServerImpl (RaftServerImpl.java:<init>(95)) - 9a3c5405-1b71-41e7-a1e6-d9c2b7bf9721: new RaftServerImpl for group-FAF0B6E2649D:[597a450e-db00-46ca-b8ea-d9e1f9500f66:192.168.5.130:37203, 9a3c5405-1b71-41e7-a1e6-d9c2b7bf9721:192.168.5.130:42503, 4005f9e4-9000-4048-961f-9439e52a6da7:192.168.5.130:43091] with ContainerStateMachine:uninitialized
2019-09-17 12:31:05,048 [pool-67-thread-1] INFO  server.RaftServerConfigKeys (ConfUtils.java:logGet(43)) - raft.server.rpcslowness.timeout = 120s (custom)
2019-09-17 12:31:05,048 [pool-37-thread-1] INFO  server.RaftServerConfigKeys (ConfUtils.java:logGet(43)) - raft.server.rpc.timeout.min = 5s (custom)
2019-09-17 12:31:05,048 [pool-67-thread-1] INFO  server.RaftServerConfigKeys (ConfUtils.java:logGet(43)) - raft.server.sleep.deviation.threshold = 300 (default)
2019-09-17 12:31:05,048 [pool-37-thread-1] INFO  server.RaftServerConfigKeys (ConfUtils.java:logGet(43)) - raft.server.rpc.timeout.max = 5200ms (custom)
2019-09-17 12:31:05,048 [pool-67-thread-1] INFO  server.RaftServerConfigKeys (ConfUtils.java:logGet(43)) - raft.server.log.appender.install.snapshot.enabled = false (custom)
2019-09-17 12:31:05,048 [pool-37-thread-1] INFO  server.RaftServerConfigKeys (ConfUtils.java:logGet(43)) - raft.server.rpcslowness.timeout = 120s (custom)
2019-09-17 12:31:05,049 [pool-67-thread-1] INFO  impl.RaftServerImpl (ServerState.java:<init>(103)) - 4005f9e4-9000-4048-961f-9439e52a6da7@group-FAF0B6E2649D: ConfigurationManager, init=-1: [597a450e-db00-46ca-b8ea-d9e1f9500f66:192.168.5.130:37203, 9a3c5405-1b71-41e7-a1e6-d9c2b7bf9721:192.168.5.130:42503, 4005f9e4-9000-4048-961f-9439e52a6da7:192.168.5.130:43091], old=null, confs=<EMPTY_MAP>
2019-09-17 12:31:05,049 [pool-37-thread-1] INFO  server.RaftServerConfigKeys (ConfUtils.java:logGet(43)) - raft.server.sleep.deviation.threshold = 300 (default)
2019-09-17 12:31:05,049 [pool-37-thread-1] INFO  server.RaftServerConfigKeys (ConfUtils.java:logGet(43)) - raft.server.log.appender.install.snapshot.enabled = false (custom)
2019-09-17 12:31:05,049 [pool-67-thread-1] INFO  server.RaftServerConfigKeys (ConfUtils.java:logGet(43)) - raft.server.storage.dir = [/tmp/workdir/hadoop-ozone/integration-test/target/test-dir/MiniOzoneClusterImpl-d179b17f-26b4-4b11-871f-a9170d0e99dc/datanode-4/data/ratis] (custom)
2019-09-17 12:31:05,049 [pool-37-thread-1] INFO  impl.RaftServerImpl (ServerState.java:<init>(103)) - 9a3c5405-1b71-41e7-a1e6-d9c2b7bf9721@group-FAF0B6E2649D: ConfigurationManager, init=-1: [597a450e-db00-46ca-b8ea-d9e1f9500f66:192.168.5.130:37203, 9a3c5405-1b71-41e7-a1e6-d9c2b7bf9721:192.168.5.130:42503, 4005f9e4-9000-4048-961f-9439e52a6da7:192.168.5.130:43091], old=null, confs=<EMPTY_MAP>
2019-09-17 12:31:05,049 [pool-37-thread-1] INFO  server.RaftServerConfigKeys (ConfUtils.java:logGet(43)) - raft.server.storage.dir = [/tmp/workdir/hadoop-ozone/integration-test/target/test-dir/MiniOzoneClusterImpl-d179b17f-26b4-4b11-871f-a9170d0e99dc/datanode-1/data/ratis] (custom)
2019-09-17 12:31:05,049 [pool-67-thread-1] INFO  storage.RaftStorageDirectory (RaftStorageDirectory.java:analyzeStorage(246)) - The storage directory /tmp/workdir/hadoop-ozone/integration-test/target/test-dir/MiniOzoneClusterImpl-d179b17f-26b4-4b11-871f-a9170d0e99dc/datanode-4/data/ratis/449ce985-78e6-4066-ad5b-faf0b6e2649d does not exist. Creating ...
2019-09-17 12:31:05,049 [pool-37-thread-1] INFO  storage.RaftStorageDirectory (RaftStorageDirectory.java:analyzeStorage(246)) - The storage directory /tmp/workdir/hadoop-ozone/integration-test/target/test-dir/MiniOzoneClusterImpl-d179b17f-26b4-4b11-871f-a9170d0e99dc/datanode-1/data/ratis/449ce985-78e6-4066-ad5b-faf0b6e2649d does not exist. Creating ...
2019-09-17 12:31:05,063 [pool-67-thread-1] INFO  storage.RaftStorageDirectory (RaftStorageDirectory.java:tryLock(328)) - Lock on /tmp/workdir/hadoop-ozone/integration-test/target/test-dir/MiniOzoneClusterImpl-d179b17f-26b4-4b11-871f-a9170d0e99dc/datanode-4/data/ratis/449ce985-78e6-4066-ad5b-faf0b6e2649d/in_use.lock acquired by nodename 1143@pr-hdds-2136-chhj8-2666454444
2019-09-17 12:31:05,063 [pool-27-thread-1] INFO  storage.RaftStorageDirectory (RaftStorageDirectory.java:tryLock(328)) - Lock on /tmp/workdir/hadoop-ozone/integration-test/target/test-dir/MiniOzoneClusterImpl-d179b17f-26b4-4b11-871f-a9170d0e99dc/datanode-0/data/ratis/449ce985-78e6-4066-ad5b-faf0b6e2649d/in_use.lock acquired by nodename 1143@pr-hdds-2136-chhj8-2666454444
2019-09-17 12:31:05,063 [pool-37-thread-1] INFO  storage.RaftStorageDirectory (RaftStorageDirectory.java:tryLock(328)) - Lock on /tmp/workdir/hadoop-ozone/integration-test/target/test-dir/MiniOzoneClusterImpl-d179b17f-26b4-4b11-871f-a9170d0e99dc/datanode-1/data/ratis/449ce985-78e6-4066-ad5b-faf0b6e2649d/in_use.lock acquired by nodename 1143@pr-hdds-2136-chhj8-2666454444
2019-09-17 12:31:05,111 [pool-67-thread-1] INFO  storage.RaftStorage (RaftStorage.java:format(72)) - Storage directory /tmp/workdir/hadoop-ozone/integration-test/target/test-dir/MiniOzoneClusterImpl-d179b17f-26b4-4b11-871f-a9170d0e99dc/datanode-4/data/ratis/449ce985-78e6-4066-ad5b-faf0b6e2649d has been successfully formatted.
2019-09-17 12:31:05,111 [pool-37-thread-1] INFO  storage.RaftStorage (RaftStorage.java:format(72)) - Storage directory /tmp/workdir/hadoop-ozone/integration-test/target/test-dir/MiniOzoneClusterImpl-d179b17f-26b4-4b11-871f-a9170d0e99dc/datanode-1/data/ratis/449ce985-78e6-4066-ad5b-faf0b6e2649d has been successfully formatted.
2019-09-17 12:31:05,111 [pool-27-thread-1] INFO  storage.RaftStorage (RaftStorage.java:format(72)) - Storage directory /tmp/workdir/hadoop-ozone/integration-test/target/test-dir/MiniOzoneClusterImpl-d179b17f-26b4-4b11-871f-a9170d0e99dc/datanode-0/data/ratis/449ce985-78e6-4066-ad5b-faf0b6e2649d has been successfully formatted.
2019-09-17 12:31:05,111 [pool-67-thread-1] INFO  ratis.ContainerStateMachine (ContainerStateMachine.java:loadSnapshot(230)) - group-FAF0B6E2649D: The snapshot info is null. Setting the last applied indexto:(t:0, i:~)
2019-09-17 12:31:05,111 [pool-37-thread-1] INFO  ratis.ContainerStateMachine (ContainerStateMachine.java:loadSnapshot(230)) - group-FAF0B6E2649D: The snapshot info is null. Setting the last applied indexto:(t:0, i:~)
2019-09-17 12:31:05,111 [pool-67-thread-1] INFO  server.RaftServerConfigKeys (ConfUtils.java:logGet(43)) - raft.server.notification.no-leader.timeout = 120s (custom)
2019-09-17 12:31:05,111 [pool-27-thread-1] INFO  ratis.ContainerStateMachine (ContainerStateMachine.java:loadSnapshot(230)) - group-FAF0B6E2649D: The snapshot info is null. Setting the last applied indexto:(t:0, i:~)
2019-09-17 12:31:05,112 [pool-67-thread-1] INFO  server.RaftServerConfigKeys (ConfUtils.java:logGet(43)) - raft.server.log.use.memory = false (default)
2019-09-17 12:31:05,112 [pool-37-thread-1] INFO  server.RaftServerConfigKeys (ConfUtils.java:logGet(43)) - raft.server.notification.no-leader.timeout = 120s (custom)
2019-09-17 12:31:05,112 [pool-67-thread-1] INFO  server.RaftServerConfigKeys (ConfUtils.java:logGet(43)) - raft.server.log.purge.gap = 1000000 (custom)
2019-09-17 12:31:05,112 [pool-27-thread-1] INFO  server.RaftServerConfigKeys (ConfUtils.java:logGet(43)) - raft.server.notification.no-leader.timeout = 120s (custom)
2019-09-17 12:31:05,112 [pool-67-thread-1] INFO  server.RaftServerConfigKeys (ConfUtils.java:logGet(43)) - raft.server.log.appender.buffer.byte-limit = 33554432 (custom)
2019-09-17 12:31:05,112 [pool-37-thread-1] INFO  server.RaftServerConfigKeys (ConfUtils.java:logGet(43)) - raft.server.log.use.memory = false (default)
2019-09-17 12:31:05,113 [pool-67-thread-1] INFO  server.RaftServerConfigKeys (ConfUtils.java:logGet(43)) - raft.server.log.segment.size.max = 1048576 (custom)
2019-09-17 12:31:05,112 [pool-27-thread-1] INFO  server.RaftServerConfigKeys (ConfUtils.java:logGet(43)) - raft.server.log.use.memory = false (default)
2019-09-17 12:31:05,113 [pool-67-thread-1] INFO  server.RaftServerConfigKeys (ConfUtils.java:logGet(43)) - raft.server.log.segment.cache.num.max = 2 (custom)
2019-09-17 12:31:05,113 [pool-37-thread-1] INFO  server.RaftServerConfigKeys (ConfUtils.java:logGet(43)) - raft.server.log.purge.gap = 1000000 (custom)
2019-09-17 12:31:05,113 [pool-67-thread-1] INFO  segmented.SegmentedRaftLogWorker (SegmentedRaftLogWorker.java:<init>(172)) - new 4005f9e4-9000-4048-961f-9439e52a6da7@group-FAF0B6E2649D-SegmentedRaftLogWorker for RaftStorage:Storage Directory /tmp/workdir/hadoop-ozone/integration-test/target/test-dir/MiniOzoneClusterImpl-d179b17f-26b4-4b11-871f-a9170d0e99dc/datanode-4/data/ratis/449ce985-78e6-4066-ad5b-faf0b6e2649d
2019-09-17 12:31:05,113 [pool-27-thread-1] INFO  server.RaftServerConfigKeys (ConfUtils.java:logGet(43)) - raft.server.log.purge.gap = 1000000 (custom)
2019-09-17 12:31:05,114 [pool-67-thread-1] INFO  server.RaftServerConfigKeys (ConfUtils.java:logGet(43)) - raft.server.log.queue.byte-limit = 2147483647 (custom)
2019-09-17 12:31:05,113 [pool-37-thread-1] INFO  server.RaftServerConfigKeys (ConfUtils.java:logGet(43)) - raft.server.log.appender.buffer.byte-limit = 33554432 (custom)
2019-09-17 12:31:05,114 [pool-67-thread-1] INFO  server.RaftServerConfigKeys (ConfUtils.java:logGet(43)) - raft.server.log.queue.element-limit = 1024 (custom)
2019-09-17 12:31:05,114 [pool-27-thread-1] INFO  server.RaftServerConfigKeys (ConfUtils.java:logGet(43)) - raft.server.log.appender.buffer.byte-limit = 33554432 (custom)
2019-09-17 12:31:05,114 [pool-67-thread-1] INFO  server.RaftServerConfigKeys (ConfUtils.java:logGet(43)) - raft.server.log.segment.size.max = 1048576 (custom)
2019-09-17 12:31:05,114 [pool-37-thread-1] INFO  server.RaftServerConfigKeys (ConfUtils.java:logGet(43)) - raft.server.log.segment.size.max = 1048576 (custom)
2019-09-17 12:31:05,114 [pool-67-thread-1] INFO  server.RaftServerConfigKeys (ConfUtils.java:logGet(43)) - raft.server.log.preallocated.size = 16384 (custom)
2019-09-17 12:31:05,114 [pool-27-thread-1] INFO  server.RaftServerConfigKeys (ConfUtils.java:logGet(43)) - raft.server.log.segment.size.max = 1048576 (custom)
2019-09-17 12:31:05,115 [pool-67-thread-1] INFO  server.RaftServerConfigKeys (ConfUtils.java:logGet(43)) - raft.server.log.write.buffer.size = 33554432 (custom)
2019-09-17 12:31:05,115 [pool-37-thread-1] INFO  server.RaftServerConfigKeys (ConfUtils.java:logGet(43)) - raft.server.log.segment.cache.num.max = 2 (custom)
2019-09-17 12:31:05,115 [pool-67-thread-1] INFO  server.RaftServerConfigKeys (ConfUtils.java:logGet(43)) - raft.server.log.force.sync.num = 128 (default)
2019-09-17 12:31:05,115 [pool-27-thread-1] INFO  server.RaftServerConfigKeys (ConfUtils.java:logGet(43)) - raft.server.log.segment.cache.num.max = 2 (custom)
2019-09-17 12:31:05,115 [pool-67-thread-1] INFO  server.RaftServerConfigKeys (ConfUtils.java:logGet(43)) - raft.server.log.statemachine.data.sync = true (default)
2019-09-17 12:31:05,115 [pool-37-thread-1] INFO  segmented.SegmentedRaftLogWorker (SegmentedRaftLogWorker.java:<init>(172)) - new 9a3c5405-1b71-41e7-a1e6-d9c2b7bf9721@group-FAF0B6E2649D-SegmentedRaftLogWorker for RaftStorage:Storage Directory /tmp/workdir/hadoop-ozone/integration-test/target/test-dir/MiniOzoneClusterImpl-d179b17f-26b4-4b11-871f-a9170d0e99dc/datanode-1/data/ratis/449ce985-78e6-4066-ad5b-faf0b6e2649d
2019-09-17 12:31:05,116 [pool-67-thread-1] INFO  server.RaftServerConfigKeys (ConfUtils.java:logGet(43)) - raft.server.log.statemachine.data.sync.timeout = 10s (default)
2019-09-17 12:31:05,116 [pool-27-thread-1] INFO  segmented.SegmentedRaftLogWorker (SegmentedRaftLogWorker.java:<init>(172)) - new 597a450e-db00-46ca-b8ea-d9e1f9500f66@group-FAF0B6E2649D-SegmentedRaftLogWorker for RaftStorage:Storage Directory /tmp/workdir/hadoop-ozone/integration-test/target/test-dir/MiniOzoneClusterImpl-d179b17f-26b4-4b11-871f-a9170d0e99dc/datanode-0/data/ratis/449ce985-78e6-4066-ad5b-faf0b6e2649d
2019-09-17 12:31:05,116 [pool-67-thread-1] INFO  server.RaftServerConfigKeys (ConfUtils.java:logGet(43)) - raft.server.log.statemachine.data.sync.timeout.retry = -1 (default)
2019-09-17 12:31:05,116 [pool-37-thread-1] INFO  server.RaftServerConfigKeys (ConfUtils.java:logGet(43)) - raft.server.log.queue.byte-limit = 2147483647 (custom)
2019-09-17 12:31:05,116 [pool-67-thread-1] INFO  server.RaftServerConfigKeys (ConfUtils.java:logGet(43)) - raft.server.log.statemachine.data.caching.enabled = true (custom)
2019-09-17 12:31:05,116 [pool-27-thread-1] INFO  server.RaftServerConfigKeys (ConfUtils.java:logGet(43)) - raft.server.log.queue.byte-limit = 2147483647 (custom)
2019-09-17 12:31:05,117 [pool-67-thread-1] INFO  segmented.SegmentedRaftLogWorker (SegmentedRaftLogWorker.java:lambda$new$0(132)) - 4005f9e4-9000-4048-961f-9439e52a6da7@group-FAF0B6E2649D-SegmentedRaftLogWorker: flushIndex: setUnconditionally 0 -> -1
2019-09-17 12:31:05,116 [pool-37-thread-1] INFO  server.RaftServerConfigKeys (ConfUtils.java:logGet(43)) - raft.server.log.queue.element-limit = 1024 (custom)
2019-09-17 12:31:05,117 [pool-27-thread-1] INFO  server.RaftServerConfigKeys (ConfUtils.java:logGet(43)) - raft.server.log.queue.element-limit = 1024 (custom)
2019-09-17 12:31:05,117 [pool-67-thread-1] INFO  server.RaftServerConfigKeys (ConfUtils.java:logGet(43)) - raft.server.snapshot.auto.trigger.enabled = true (custom)
2019-09-17 12:31:05,117 [pool-37-thread-1] INFO  server.RaftServerConfigKeys (ConfUtils.java:logGet(43)) - raft.server.log.segment.size.max = 1048576 (custom)
2019-09-17 12:31:05,117 [pool-67-thread-1] INFO  server.RaftServerConfigKeys (ConfUtils.java:logGet(43)) - raft.server.snapshot.auto.trigger.threshold = 10000 (custom)
2019-09-17 12:31:05,117 [pool-27-thread-1] INFO  server.RaftServerConfigKeys (ConfUtils.java:logGet(43)) - raft.server.log.segment.size.max = 1048576 (custom)
2019-09-17 12:31:05,118 [pool-67-thread-1] INFO  server.RaftServerConfigKeys (ConfUtils.java:logGet(43)) - raft.server.snapshot.retention.num.files = 5 (custom)
2019-09-17 12:31:05,118 [pool-37-thread-1] INFO  server.RaftServerConfigKeys (ConfUtils.java:logGet(43)) - raft.server.log.preallocated.size = 16384 (custom)
2019-09-17 12:31:05,118 [pool-67-thread-1] INFO  server.RaftServerConfigKeys (ConfUtils.java:logGet(43)) - raft.server.retrycache.expirytime = 600000ms (custom)
2019-09-17 12:31:05,118 [pool-27-thread-1] INFO  server.RaftServerConfigKeys (ConfUtils.java:logGet(43)) - raft.server.log.preallocated.size = 16384 (custom)
2019-09-17 12:31:05,118 [pool-37-thread-1] INFO  server.RaftServerConfigKeys (ConfUtils.java:logGet(43)) - raft.server.log.write.buffer.size = 33554432 (custom)
2019-09-17 12:31:05,119 [pool-27-thread-1] INFO  server.RaftServerConfigKeys (ConfUtils.java:logGet(43)) - raft.server.log.write.buffer.size = 33554432 (custom)
2019-09-17 12:31:05,119 [pool-37-thread-1] INFO  server.RaftServerConfigKeys (ConfUtils.java:logGet(43)) - raft.server.log.force.sync.num = 128 (default)
2019-09-17 12:31:05,119 [pool-27-thread-1] INFO  server.RaftServerConfigKeys (ConfUtils.java:logGet(43)) - raft.server.log.force.sync.num = 128 (default)
2019-09-17 12:31:05,119 [pool-37-thread-1] INFO  server.RaftServerConfigKeys (ConfUtils.java:logGet(43)) - raft.server.log.statemachine.data.sync = true (default)
2019-09-17 12:31:05,119 [pool-27-thread-1] INFO  server.RaftServerConfigKeys (ConfUtils.java:logGet(43)) - raft.server.log.statemachine.data.sync = true (default)
2019-09-17 12:31:05,120 [pool-37-thread-1] INFO  server.RaftServerConfigKeys (ConfUtils.java:logGet(43)) - raft.server.log.statemachine.data.sync.timeout = 10s (default)
2019-09-17 12:31:05,120 [pool-27-thread-1] INFO  server.RaftServerConfigKeys (ConfUtils.java:logGet(43)) - raft.server.log.statemachine.data.sync.timeout = 10s (default)
2019-09-17 12:31:05,120 [pool-37-thread-1] INFO  server.RaftServerConfigKeys (ConfUtils.java:logGet(43)) - raft.server.log.statemachine.data.sync.timeout.retry = -1 (default)
2019-09-17 12:31:05,120 [pool-27-thread-1] INFO  server.RaftServerConfigKeys (ConfUtils.java:logGet(43)) - raft.server.log.statemachine.data.sync.timeout.retry = -1 (default)
2019-09-17 12:31:05,120 [pool-37-thread-1] INFO  server.RaftServerConfigKeys (ConfUtils.java:logGet(43)) - raft.server.log.statemachine.data.caching.enabled = true (custom)
2019-09-17 12:31:05,121 [pool-27-thread-1] INFO  server.RaftServerConfigKeys (ConfUtils.java:logGet(43)) - raft.server.log.statemachine.data.caching.enabled = true (custom)
2019-09-17 12:31:05,121 [pool-37-thread-1] INFO  segmented.SegmentedRaftLogWorker (SegmentedRaftLogWorker.java:lambda$new$0(132)) - 9a3c5405-1b71-41e7-a1e6-d9c2b7bf9721@group-FAF0B6E2649D-SegmentedRaftLogWorker: flushIndex: setUnconditionally 0 -> -1
2019-09-17 12:31:05,121 [pool-27-thread-1] INFO  segmented.SegmentedRaftLogWorker (SegmentedRaftLogWorker.java:lambda$new$0(132)) - 597a450e-db00-46ca-b8ea-d9e1f9500f66@group-FAF0B6E2649D-SegmentedRaftLogWorker: flushIndex: setUnconditionally 0 -> -1
2019-09-17 12:31:05,121 [pool-37-thread-1] INFO  server.RaftServerConfigKeys (ConfUtils.java:logGet(43)) - raft.server.snapshot.auto.trigger.enabled = true (custom)
2019-09-17 12:31:05,122 [pool-27-thread-1] INFO  server.RaftServerConfigKeys (ConfUtils.java:logGet(43)) - raft.server.snapshot.auto.trigger.enabled = true (custom)
2019-09-17 12:31:05,122 [pool-67-thread-1] INFO  impl.RaftServerImpl (RaftServerImpl.java:start(185)) - 4005f9e4-9000-4048-961f-9439e52a6da7@group-FAF0B6E2649D: start as a follower, conf=-1: [597a450e-db00-46ca-b8ea-d9e1f9500f66:192.168.5.130:37203, 9a3c5405-1b71-41e7-a1e6-d9c2b7bf9721:192.168.5.130:42503, 4005f9e4-9000-4048-961f-9439e52a6da7:192.168.5.130:43091], old=null
2019-09-17 12:31:05,122 [pool-37-thread-1] INFO  server.RaftServerConfigKeys (ConfUtils.java:logGet(43)) - raft.server.snapshot.auto.trigger.threshold = 10000 (custom)
2019-09-17 12:31:05,122 [pool-67-thread-1] INFO  impl.RaftServerImpl (RaftServerImpl.java:setRole(174)) - 4005f9e4-9000-4048-961f-9439e52a6da7@group-FAF0B6E2649D: changes role from      null to FOLLOWER at term 0 for startAsFollower
2019-09-17 12:31:05,122 [pool-27-thread-1] INFO  server.RaftServerConfigKeys (ConfUtils.java:logGet(43)) - raft.server.snapshot.auto.trigger.threshold = 10000 (custom)
2019-09-17 12:31:05,122 [pool-67-thread-1] INFO  impl.RoleInfo (RoleInfo.java:updateAndGet(143)) - 4005f9e4-9000-4048-961f-9439e52a6da7: start FollowerState
2019-09-17 12:31:05,122 [pool-37-thread-1] INFO  server.RaftServerConfigKeys (ConfUtils.java:logGet(43)) - raft.server.snapshot.retention.num.files = 5 (custom)
2019-09-17 12:31:05,122 [pool-27-thread-1] INFO  server.RaftServerConfigKeys (ConfUtils.java:logGet(43)) - raft.server.snapshot.retention.num.files = 5 (custom)
2019-09-17 12:31:05,123 [pool-37-thread-1] INFO  server.RaftServerConfigKeys (ConfUtils.java:logGet(43)) - raft.server.retrycache.expirytime = 600000ms (custom)
2019-09-17 12:31:05,123 [pool-27-thread-1] INFO  server.RaftServerConfigKeys (ConfUtils.java:logGet(43)) - raft.server.retrycache.expirytime = 600000ms (custom)
2019-09-17 12:31:05,123 [pool-67-thread-1] INFO  util.JmxRegister (JmxRegister.java:tryRegister(44)) - Successfully registered JMX Bean with object name Ratis:service=RaftServer,group=group-FAF0B6E2649D,id=4005f9e4-9000-4048-961f-9439e52a6da7
2019-09-17 12:31:05,130 [pool-37-thread-1] INFO  impl.RaftServerImpl (RaftServerImpl.java:start(185)) - 9a3c5405-1b71-41e7-a1e6-d9c2b7bf9721@group-FAF0B6E2649D: start as a follower, conf=-1: [597a450e-db00-46ca-b8ea-d9e1f9500f66:192.168.5.130:37203, 9a3c5405-1b71-41e7-a1e6-d9c2b7bf9721:192.168.5.130:42503, 4005f9e4-9000-4048-961f-9439e52a6da7:192.168.5.130:43091], old=null
2019-09-17 12:31:05,130 [pool-37-thread-1] INFO  impl.RaftServerImpl (RaftServerImpl.java:setRole(174)) - 9a3c5405-1b71-41e7-a1e6-d9c2b7bf9721@group-FAF0B6E2649D: changes role from      null to FOLLOWER at term 0 for startAsFollower
2019-09-17 12:31:05,130 [pool-37-thread-1] INFO  impl.RoleInfo (RoleInfo.java:updateAndGet(143)) - 9a3c5405-1b71-41e7-a1e6-d9c2b7bf9721: start FollowerState
2019-09-17 12:31:05,130 [pool-27-thread-1] INFO  impl.RaftServerImpl (RaftServerImpl.java:start(185)) - 597a450e-db00-46ca-b8ea-d9e1f9500f66@group-FAF0B6E2649D: start as a follower, conf=-1: [597a450e-db00-46ca-b8ea-d9e1f9500f66:192.168.5.130:37203, 9a3c5405-1b71-41e7-a1e6-d9c2b7bf9721:192.168.5.130:42503, 4005f9e4-9000-4048-961f-9439e52a6da7:192.168.5.130:43091], old=null
2019-09-17 12:31:05,130 [pool-27-thread-1] INFO  impl.RaftServerImpl (RaftServerImpl.java:setRole(174)) - 597a450e-db00-46ca-b8ea-d9e1f9500f66@group-FAF0B6E2649D: changes role from      null to FOLLOWER at term 0 for startAsFollower
2019-09-17 12:31:05,131 [pool-37-thread-1] INFO  util.JmxRegister (JmxRegister.java:tryRegister(44)) - Successfully registered JMX Bean with object name Ratis:service=RaftServer,group=group-FAF0B6E2649D,id=9a3c5405-1b71-41e7-a1e6-d9c2b7bf9721
2019-09-17 12:31:05,131 [pool-27-thread-1] INFO  impl.RoleInfo (RoleInfo.java:updateAndGet(143)) - 597a450e-db00-46ca-b8ea-d9e1f9500f66: start FollowerState
2019-09-17 12:31:05,131 [pool-27-thread-1] INFO  util.JmxRegister (JmxRegister.java:tryRegister(44)) - Successfully registered JMX Bean with object name Ratis:service=RaftServer,group=group-FAF0B6E2649D,id=597a450e-db00-46ca-b8ea-d9e1f9500f66
2019-09-17 12:31:05,150 [RatisPipelineUtilsThread] INFO  pipeline.PipelineStateManager (PipelineStateManager.java:addPipeline(56)) - Created pipeline Pipeline[ Id: 449ce985-78e6-4066-ad5b-faf0b6e2649d, Nodes: 4005f9e4-9000-4048-961f-9439e52a6da7{ip: 192.168.5.130, host: pr-hdds-2136-chhj8-2666454444, networkLocation: /default-rack, certSerialId: null}597a450e-db00-46ca-b8ea-d9e1f9500f66{ip: 192.168.5.130, host: pr-hdds-2136-chhj8-2666454444, networkLocation: /default-rack, certSerialId: null}9a3c5405-1b71-41e7-a1e6-d9c2b7bf9721{ip: 192.168.5.130, host: pr-hdds-2136-chhj8-2666454444, networkLocation: /default-rack, certSerialId: null}, Type:RATIS, Factor:THREE, State:OPEN]
2019-09-17 12:31:05,396 [main] WARN  io.KeyOutputStream (KeyOutputStream.java:handleException(276)) - Encountered exception java.io.IOException: Unexpected Storage Container Exception: java.util.concurrent.CompletionException: java.util.concurrent.CompletionException: org.apache.ratis.protocol.GroupMismatchException: 597a450e-db00-46ca-b8ea-d9e1f9500f66: group-28FA94F01C3C not found. on the pipeline Pipeline[ Id: 946a925e-29f3-4efc-8597-28fa94f01c3c, Nodes: 4005f9e4-9000-4048-961f-9439e52a6da7{ip: 192.168.5.130, host: pr-hdds-2136-chhj8-2666454444, networkLocation: /default-rack, certSerialId: null}597a450e-db00-46ca-b8ea-d9e1f9500f66{ip: 192.168.5.130, host: pr-hdds-2136-chhj8-2666454444, networkLocation: /default-rack, certSerialId: null}9a3c5405-1b71-41e7-a1e6-d9c2b7bf9721{ip: 192.168.5.130, host: pr-hdds-2136-chhj8-2666454444, networkLocation: /default-rack, certSerialId: null}, Type:RATIS, Factor:THREE, State:OPEN]. The last committed block length is 0, uncommitted data length is 250 retry count 0
2019-09-17 12:31:05,442 [grpc-default-executor-3] INFO  client.GrpcClientProtocolClient (GrpcClientProtocolClient.java:onNext(264)) - client-9B4AC7B4A30D->639d7dff-6a78-4ecf-aa0a-b8a4b660182e: receive RaftClientReply:client-9B4AC7B4A30D->639d7dff-6a78-4ecf-aa0a-b8a4b660182e@group-23F4C195A245, cid=27, FAILED org.apache.ratis.protocol.NotLeaderException: Server 639d7dff-6a78-4ecf-aa0a-b8a4b660182e@group-23F4C195A245 is not the leader f8d8d9c4-afe8-4cc5-8788-d0697b0baa61:192.168.5.130:40344, logIndex=0, commits[639d7dff-6a78-4ecf-aa0a-b8a4b660182e:c0, 8dae3b80-5600-44e3-9df5-13b3719afed7:c0, f8d8d9c4-afe8-4cc5-8788-d0697b0baa61:c0]
2019-09-17 12:31:05,622 [grpc-default-executor-0] INFO  client.GrpcClientProtocolClient (GrpcClientProtocolClient.java:onNext(264)) - client-9B4AC7B4A30D->f8d8d9c4-afe8-4cc5-8788-d0697b0baa61: receive RaftClientReply:client-9B4AC7B4A30D->f8d8d9c4-afe8-4cc5-8788-d0697b0baa61@group-23F4C195A245, cid=27, SUCCESS, logIndex=1, commits[f8d8d9c4-afe8-4cc5-8788-d0697b0baa61:c1, 8dae3b80-5600-44e3-9df5-13b3719afed7:c0, 639d7dff-6a78-4ecf-aa0a-b8a4b660182e:c0]
2019-09-17 12:31:05,655 [grpc-default-executor-3] INFO  client.GrpcClientProtocolClient (GrpcClientProtocolClient.java:onNext(264)) - client-9B4AC7B4A30D->f8d8d9c4-afe8-4cc5-8788-d0697b0baa61: receive RaftClientReply:client-9B4AC7B4A30D->f8d8d9c4-afe8-4cc5-8788-d0697b0baa61@group-23F4C195A245, cid=28, SUCCESS, logIndex=3, commits[f8d8d9c4-afe8-4cc5-8788-d0697b0baa61:c6, 8dae3b80-5600-44e3-9df5-13b3719afed7:c2, 639d7dff-6a78-4ecf-aa0a-b8a4b660182e:c2]
2019-09-17 12:31:05,706 [grpc-default-executor-3] INFO  client.GrpcClientProtocolClient (GrpcClientProtocolClient.java:onNext(264)) - client-9B4AC7B4A30D->f8d8d9c4-afe8-4cc5-8788-d0697b0baa61: receive RaftClientReply:client-9B4AC7B4A30D->f8d8d9c4-afe8-4cc5-8788-d0697b0baa61@group-23F4C195A245, cid=29, SUCCESS, logIndex=4, commits[f8d8d9c4-afe8-4cc5-8788-d0697b0baa61:c10, 8dae3b80-5600-44e3-9df5-13b3719afed7:c6, 639d7dff-6a78-4ecf-aa0a-b8a4b660182e:c6]
2019-09-17 12:31:05,707 [grpc-default-executor-3] INFO  client.GrpcClientProtocolClient (GrpcClientProtocolClient.java:onNext(264)) - client-9B4AC7B4A30D->f8d8d9c4-afe8-4cc5-8788-d0697b0baa61: receive RaftClientReply:client-9B4AC7B4A30D->f8d8d9c4-afe8-4cc5-8788-d0697b0baa61@group-23F4C195A245, cid=30, SUCCESS, logIndex=5, commits[f8d8d9c4-afe8-4cc5-8788-d0697b0baa61:c10, 8dae3b80-5600-44e3-9df5-13b3719afed7:c6, 639d7dff-6a78-4ecf-aa0a-b8a4b660182e:c6]
2019-09-17 12:31:05,829 [grpc-default-executor-3] INFO  client.GrpcClientProtocolClient (GrpcClientProtocolClient.java:onNext(264)) - client-9B4AC7B4A30D->f8d8d9c4-afe8-4cc5-8788-d0697b0baa61: receive RaftClientReply:client-9B4AC7B4A30D->f8d8d9c4-afe8-4cc5-8788-d0697b0baa61@group-23F4C195A245, cid=31, SUCCESS, logIndex=6, commits[f8d8d9c4-afe8-4cc5-8788-d0697b0baa61:c10, 8dae3b80-5600-44e3-9df5-13b3719afed7:c6, 639d7dff-6a78-4ecf-aa0a-b8a4b660182e:c6]
]]></system-out>
  </testcase>
  <testcase name="testMultiChunkWrite" classname="org.apache.hadoop.ozone.client.rpc.TestBlockOutputStream" time="187.048">
    <failure message="expected:&lt;10&gt; but was:&lt;12&gt;" type="java.lang.AssertionError"><![CDATA[java.lang.AssertionError: expected:<10> but was:<12>
	at org.junit.Assert.fail(Assert.java:88)
	at org.junit.Assert.failNotEquals(Assert.java:743)
	at org.junit.Assert.assertEquals(Assert.java:118)
	at org.junit.Assert.assertEquals(Assert.java:555)
	at org.junit.Assert.assertEquals(Assert.java:542)
	at org.apache.hadoop.ozone.client.rpc.TestBlockOutputStream.testMultiChunkWrite(TestBlockOutputStream.java:364)
	at sun.reflect.NativeMethodAccessorImpl.invoke0(Native Method)
	at sun.reflect.NativeMethodAccessorImpl.invoke(NativeMethodAccessorImpl.java:62)
	at sun.reflect.DelegatingMethodAccessorImpl.invoke(DelegatingMethodAccessorImpl.java:43)
	at java.lang.reflect.Method.invoke(Method.java:498)
	at org.junit.runners.model.FrameworkMethod$1.runReflectiveCall(FrameworkMethod.java:47)
	at org.junit.internal.runners.model.ReflectiveCallable.run(ReflectiveCallable.java:12)
	at org.junit.runners.model.FrameworkMethod.invokeExplosively(FrameworkMethod.java:44)
	at org.junit.internal.runners.statements.InvokeMethod.evaluate(InvokeMethod.java:17)
	at org.junit.runners.ParentRunner.runLeaf(ParentRunner.java:271)
	at org.junit.runners.BlockJUnit4ClassRunner.runChild(BlockJUnit4ClassRunner.java:70)
	at org.junit.runners.BlockJUnit4ClassRunner.runChild(BlockJUnit4ClassRunner.java:50)
	at org.junit.runners.ParentRunner$3.run(ParentRunner.java:238)
	at org.junit.runners.ParentRunner$1.schedule(ParentRunner.java:63)
	at org.junit.runners.ParentRunner.runChildren(ParentRunner.java:236)
	at org.junit.runners.ParentRunner.access$000(ParentRunner.java:53)
	at org.junit.runners.ParentRunner$2.evaluate(ParentRunner.java:229)
	at org.junit.internal.runners.statements.RunBefores.evaluate(RunBefores.java:26)
	at org.junit.internal.runners.statements.RunAfters.evaluate(RunAfters.java:27)
	at org.junit.runners.ParentRunner.run(ParentRunner.java:309)
	at org.apache.maven.surefire.junit4.JUnit4Provider.execute(JUnit4Provider.java:365)
	at org.apache.maven.surefire.junit4.JUnit4Provider.executeWithRerun(JUnit4Provider.java:273)
	at org.apache.maven.surefire.junit4.JUnit4Provider.executeTestSet(JUnit4Provider.java:238)
	at org.apache.maven.surefire.junit4.JUnit4Provider.invoke(JUnit4Provider.java:159)
	at org.apache.maven.surefire.booter.ForkedBooter.invokeProviderInSameClassLoader(ForkedBooter.java:384)
	at org.apache.maven.surefire.booter.ForkedBooter.runSuitesInProcess(ForkedBooter.java:345)
	at org.apache.maven.surefire.booter.ForkedBooter.execute(ForkedBooter.java:126)
	at org.apache.maven.surefire.booter.ForkedBooter.main(ForkedBooter.java:418)
]]></failure>
    <system-out><![CDATA[2019-09-17 12:31:07,252 [grpc-default-executor-3] INFO  impl.RaftServerProxy (RaftServerProxy.java:remove(95)) - 4005f9e4-9000-4048-961f-9439e52a6da7: remove group-28FA94F01C3C:null
2019-09-17 12:31:07,260 [RatisPipelineUtilsThread] WARN  pipeline.RatisPipelineUtils (RatisPipelineUtils.java:destroyPipeline(66)) - Pipeline destroy failed for pipeline=PipelineID=946a925e-29f3-4efc-8597-28fa94f01c3c dn=4005f9e4-9000-4048-961f-9439e52a6da7{ip: 192.168.5.130, host: pr-hdds-2136-chhj8-2666454444, networkLocation: /default-rack, certSerialId: null}
2019-09-17 12:31:07,267 [grpc-default-executor-3] INFO  impl.RaftServerProxy (RaftServerProxy.java:remove(95)) - 597a450e-db00-46ca-b8ea-d9e1f9500f66: remove group-28FA94F01C3C:null
2019-09-17 12:31:07,274 [RatisPipelineUtilsThread] WARN  pipeline.RatisPipelineUtils (RatisPipelineUtils.java:destroyPipeline(66)) - Pipeline destroy failed for pipeline=PipelineID=946a925e-29f3-4efc-8597-28fa94f01c3c dn=597a450e-db00-46ca-b8ea-d9e1f9500f66{ip: 192.168.5.130, host: pr-hdds-2136-chhj8-2666454444, networkLocation: /default-rack, certSerialId: null}
2019-09-17 12:31:07,286 [grpc-default-executor-3] INFO  impl.RaftServerProxy (RaftServerProxy.java:remove(95)) - 9a3c5405-1b71-41e7-a1e6-d9c2b7bf9721: remove group-28FA94F01C3C:null
2019-09-17 12:31:07,293 [RatisPipelineUtilsThread] WARN  pipeline.RatisPipelineUtils (RatisPipelineUtils.java:destroyPipeline(66)) - Pipeline destroy failed for pipeline=PipelineID=946a925e-29f3-4efc-8597-28fa94f01c3c dn=9a3c5405-1b71-41e7-a1e6-d9c2b7bf9721{ip: 192.168.5.130, host: pr-hdds-2136-chhj8-2666454444, networkLocation: /default-rack, certSerialId: null}
2019-09-17 12:31:07,293 [RatisPipelineUtilsThread] ERROR pipeline.SCMPipelineManager (Scheduler.java:lambda$schedule$1(70)) - Destroy pipeline failed for pipeline:Pipeline[ Id: 946a925e-29f3-4efc-8597-28fa94f01c3c, Nodes: 4005f9e4-9000-4048-961f-9439e52a6da7{ip: 192.168.5.130, host: pr-hdds-2136-chhj8-2666454444, networkLocation: /default-rack, certSerialId: null}597a450e-db00-46ca-b8ea-d9e1f9500f66{ip: 192.168.5.130, host: pr-hdds-2136-chhj8-2666454444, networkLocation: /default-rack, certSerialId: null}9a3c5405-1b71-41e7-a1e6-d9c2b7bf9721{ip: 192.168.5.130, host: pr-hdds-2136-chhj8-2666454444, networkLocation: /default-rack, certSerialId: null}, Type:RATIS, Factor:THREE, State:CLOSED]
org.apache.hadoop.hdds.scm.pipeline.PipelineNotFoundException: PipelineID=946a925e-29f3-4efc-8597-28fa94f01c3c not found
	at org.apache.hadoop.hdds.scm.pipeline.PipelineStateMap.getPipeline(PipelineStateMap.java:132)
	at org.apache.hadoop.hdds.scm.pipeline.PipelineStateMap.removePipeline(PipelineStateMap.java:322)
	at org.apache.hadoop.hdds.scm.pipeline.PipelineStateManager.removePipeline(PipelineStateManager.java:107)
	at org.apache.hadoop.hdds.scm.pipeline.SCMPipelineManager.removePipeline(SCMPipelineManager.java:423)
	at org.apache.hadoop.hdds.scm.pipeline.SCMPipelineManager.destroyPipeline(SCMPipelineManager.java:409)
	at org.apache.hadoop.hdds.scm.pipeline.SCMPipelineManager.lambda$finalizeAndDestroyPipeline$0(SCMPipelineManager.java:318)
	at org.apache.hadoop.utils.Scheduler.lambda$schedule$1(Scheduler.java:68)
	at java.util.concurrent.Executors$RunnableAdapter.call(Executors.java:511)
	at java.util.concurrent.FutureTask.run(FutureTask.java:266)
	at java.util.concurrent.ScheduledThreadPoolExecutor$ScheduledFutureTask.access$201(ScheduledThreadPoolExecutor.java:180)
	at java.util.concurrent.ScheduledThreadPoolExecutor$ScheduledFutureTask.run(ScheduledThreadPoolExecutor.java:293)
	at java.util.concurrent.ThreadPoolExecutor.runWorker(ThreadPoolExecutor.java:1149)
	at java.util.concurrent.ThreadPoolExecutor$Worker.run(ThreadPoolExecutor.java:624)
	at java.lang.Thread.run(Thread.java:748)
2019-09-17 12:31:08,880 [java.util.concurrent.ThreadPoolExecutor$Worker@34aff09a[State = -1, empty queue]] WARN  server.GrpcLogAppender (GrpcLogAppender.java:timeoutAppendRequest(200)) - f8d8d9c4-afe8-4cc5-8788-d0697b0baa61@group-23F4C195A245->639d7dff-6a78-4ecf-aa0a-b8a4b660182e-GrpcLogAppender: appendEntries Timeout, request=f8d8d9c4-afe8-4cc5-8788-d0697b0baa61->639d7dff-6a78-4ecf-aa0a-b8a4b660182e#87-t1, previous=(t:1, i:10), leaderCommit=10, initializing? false, entries: size=1, first=(t:1, i:11), STATEMACHINELOGENTRY, client-9B4AC7B4A30D, cid=32
2019-09-17 12:31:08,880 [java.util.concurrent.ThreadPoolExecutor$Worker@5fa0ca4a[State = -1, empty queue]] WARN  server.GrpcLogAppender (GrpcLogAppender.java:timeoutAppendRequest(200)) - f8d8d9c4-afe8-4cc5-8788-d0697b0baa61@group-23F4C195A245->8dae3b80-5600-44e3-9df5-13b3719afed7-GrpcLogAppender: appendEntries Timeout, request=f8d8d9c4-afe8-4cc5-8788-d0697b0baa61->8dae3b80-5600-44e3-9df5-13b3719afed7#87-t1, previous=(t:1, i:10), leaderCommit=10, initializing? false, entries: size=1, first=(t:1, i:11), STATEMACHINELOGENTRY, client-9B4AC7B4A30D, cid=32
2019-09-17 12:31:08,881 [java.util.concurrent.ThreadPoolExecutor$Worker@5fa0ca4a[State = -1, empty queue]] WARN  server.GrpcLogAppender (GrpcLogAppender.java:timeoutAppendRequest(200)) - f8d8d9c4-afe8-4cc5-8788-d0697b0baa61@group-23F4C195A245->8dae3b80-5600-44e3-9df5-13b3719afed7-GrpcLogAppender: appendEntries Timeout, request=f8d8d9c4-afe8-4cc5-8788-d0697b0baa61->8dae3b80-5600-44e3-9df5-13b3719afed7#88-t1, previous=(t:1, i:11), leaderCommit=10, initializing? false, entries: size=1, first=(t:1, i:12), STATEMACHINELOGENTRY, client-9B4AC7B4A30D, cid=33
2019-09-17 12:31:08,881 [java.util.concurrent.ThreadPoolExecutor$Worker@34aff09a[State = -1, empty queue]] WARN  server.GrpcLogAppender (GrpcLogAppender.java:timeoutAppendRequest(200)) - f8d8d9c4-afe8-4cc5-8788-d0697b0baa61@group-23F4C195A245->639d7dff-6a78-4ecf-aa0a-b8a4b660182e-GrpcLogAppender: appendEntries Timeout, request=f8d8d9c4-afe8-4cc5-8788-d0697b0baa61->639d7dff-6a78-4ecf-aa0a-b8a4b660182e#88-t1, previous=(t:1, i:11), leaderCommit=10, initializing? false, entries: size=1, first=(t:1, i:12), STATEMACHINELOGENTRY, client-9B4AC7B4A30D, cid=33
2019-09-17 12:31:08,881 [java.util.concurrent.ThreadPoolExecutor$Worker@5fa0ca4a[State = -1, empty queue]] WARN  server.GrpcLogAppender (GrpcLogAppender.java:timeoutAppendRequest(200)) - f8d8d9c4-afe8-4cc5-8788-d0697b0baa61@group-23F4C195A245->8dae3b80-5600-44e3-9df5-13b3719afed7-GrpcLogAppender: appendEntries Timeout, request=f8d8d9c4-afe8-4cc5-8788-d0697b0baa61->8dae3b80-5600-44e3-9df5-13b3719afed7#89-t1, previous=(t:1, i:12), leaderCommit=10, initializing? false, entries: size=1, first=(t:1, i:13), STATEMACHINELOGENTRY, client-9B4AC7B4A30D, cid=34
2019-09-17 12:31:08,881 [java.util.concurrent.ThreadPoolExecutor$Worker@34aff09a[State = -1, empty queue]] WARN  server.GrpcLogAppender (GrpcLogAppender.java:timeoutAppendRequest(200)) - f8d8d9c4-afe8-4cc5-8788-d0697b0baa61@group-23F4C195A245->639d7dff-6a78-4ecf-aa0a-b8a4b660182e-GrpcLogAppender: appendEntries Timeout, request=f8d8d9c4-afe8-4cc5-8788-d0697b0baa61->639d7dff-6a78-4ecf-aa0a-b8a4b660182e#89-t1, previous=(t:1, i:12), leaderCommit=10, initializing? false, entries: size=1, first=(t:1, i:13), STATEMACHINELOGENTRY, client-9B4AC7B4A30D, cid=34
2019-09-17 12:31:09,267 [grpc-default-executor-0] INFO  impl.RaftServerProxy (RaftServerProxy.java:remove(95)) - 4005f9e4-9000-4048-961f-9439e52a6da7: remove group-28FA94F01C3C:null
2019-09-17 12:31:09,283 [RatisPipelineUtilsThread] WARN  pipeline.RatisPipelineUtils (RatisPipelineUtils.java:destroyPipeline(66)) - Pipeline destroy failed for pipeline=PipelineID=946a925e-29f3-4efc-8597-28fa94f01c3c dn=4005f9e4-9000-4048-961f-9439e52a6da7{ip: 192.168.5.130, host: pr-hdds-2136-chhj8-2666454444, networkLocation: /default-rack, certSerialId: null}
2019-09-17 12:31:09,292 [grpc-default-executor-0] INFO  impl.RaftServerProxy (RaftServerProxy.java:remove(95)) - 597a450e-db00-46ca-b8ea-d9e1f9500f66: remove group-28FA94F01C3C:null
2019-09-17 12:31:09,300 [RatisPipelineUtilsThread] WARN  pipeline.RatisPipelineUtils (RatisPipelineUtils.java:destroyPipeline(66)) - Pipeline destroy failed for pipeline=PipelineID=946a925e-29f3-4efc-8597-28fa94f01c3c dn=597a450e-db00-46ca-b8ea-d9e1f9500f66{ip: 192.168.5.130, host: pr-hdds-2136-chhj8-2666454444, networkLocation: /default-rack, certSerialId: null}
2019-09-17 12:31:09,312 [grpc-default-executor-3] INFO  impl.RaftServerProxy (RaftServerProxy.java:remove(95)) - 9a3c5405-1b71-41e7-a1e6-d9c2b7bf9721: remove group-28FA94F01C3C:null
2019-09-17 12:31:09,324 [RatisPipelineUtilsThread] WARN  pipeline.RatisPipelineUtils (RatisPipelineUtils.java:destroyPipeline(66)) - Pipeline destroy failed for pipeline=PipelineID=946a925e-29f3-4efc-8597-28fa94f01c3c dn=9a3c5405-1b71-41e7-a1e6-d9c2b7bf9721{ip: 192.168.5.130, host: pr-hdds-2136-chhj8-2666454444, networkLocation: /default-rack, certSerialId: null}
2019-09-17 12:31:09,324 [RatisPipelineUtilsThread] ERROR pipeline.SCMPipelineManager (Scheduler.java:lambda$schedule$1(70)) - Destroy pipeline failed for pipeline:Pipeline[ Id: 946a925e-29f3-4efc-8597-28fa94f01c3c, Nodes: 4005f9e4-9000-4048-961f-9439e52a6da7{ip: 192.168.5.130, host: pr-hdds-2136-chhj8-2666454444, networkLocation: /default-rack, certSerialId: null}597a450e-db00-46ca-b8ea-d9e1f9500f66{ip: 192.168.5.130, host: pr-hdds-2136-chhj8-2666454444, networkLocation: /default-rack, certSerialId: null}9a3c5405-1b71-41e7-a1e6-d9c2b7bf9721{ip: 192.168.5.130, host: pr-hdds-2136-chhj8-2666454444, networkLocation: /default-rack, certSerialId: null}, Type:RATIS, Factor:THREE, State:CLOSED]
org.apache.hadoop.hdds.scm.pipeline.PipelineNotFoundException: PipelineID=946a925e-29f3-4efc-8597-28fa94f01c3c not found
	at org.apache.hadoop.hdds.scm.pipeline.PipelineStateMap.getPipeline(PipelineStateMap.java:132)
	at org.apache.hadoop.hdds.scm.pipeline.PipelineStateMap.removePipeline(PipelineStateMap.java:322)
	at org.apache.hadoop.hdds.scm.pipeline.PipelineStateManager.removePipeline(PipelineStateManager.java:107)
	at org.apache.hadoop.hdds.scm.pipeline.SCMPipelineManager.removePipeline(SCMPipelineManager.java:423)
	at org.apache.hadoop.hdds.scm.pipeline.SCMPipelineManager.destroyPipeline(SCMPipelineManager.java:409)
	at org.apache.hadoop.hdds.scm.pipeline.SCMPipelineManager.lambda$finalizeAndDestroyPipeline$0(SCMPipelineManager.java:318)
	at org.apache.hadoop.utils.Scheduler.lambda$schedule$1(Scheduler.java:68)
	at java.util.concurrent.Executors$RunnableAdapter.call(Executors.java:511)
	at java.util.concurrent.FutureTask.run(FutureTask.java:266)
	at java.util.concurrent.ScheduledThreadPoolExecutor$ScheduledFutureTask.access$201(ScheduledThreadPoolExecutor.java:180)
	at java.util.concurrent.ScheduledThreadPoolExecutor$ScheduledFutureTask.run(ScheduledThreadPoolExecutor.java:293)
	at java.util.concurrent.ThreadPoolExecutor.runWorker(ThreadPoolExecutor.java:1149)
	at java.util.concurrent.ThreadPoolExecutor$Worker.run(ThreadPoolExecutor.java:624)
	at java.lang.Thread.run(Thread.java:748)
2019-09-17 12:31:10,141 [Thread-796] INFO  impl.FollowerState (FollowerState.java:run(106)) - 4005f9e4-9000-4048-961f-9439e52a6da7:group-FAF0B6E2649D changes to CANDIDATE, lastRpcTime:5018, electionTimeout:5018ms
2019-09-17 12:31:10,142 [Thread-800] INFO  impl.FollowerState (FollowerState.java:run(106)) - 9a3c5405-1b71-41e7-a1e6-d9c2b7bf9721:group-FAF0B6E2649D changes to CANDIDATE, lastRpcTime:5011, electionTimeout:5011ms
2019-09-17 12:31:10,143 [Thread-800] INFO  impl.RoleInfo (RoleInfo.java:shutdownFollowerState(121)) - 9a3c5405-1b71-41e7-a1e6-d9c2b7bf9721: shutdown FollowerState
2019-09-17 12:31:10,143 [Thread-796] INFO  impl.RoleInfo (RoleInfo.java:shutdownFollowerState(121)) - 4005f9e4-9000-4048-961f-9439e52a6da7: shutdown FollowerState
2019-09-17 12:31:10,144 [Thread-800] INFO  impl.RaftServerImpl (RaftServerImpl.java:setRole(174)) - 9a3c5405-1b71-41e7-a1e6-d9c2b7bf9721@group-FAF0B6E2649D: changes role from  FOLLOWER to CANDIDATE at term 0 for changeToCandidate
2019-09-17 12:31:10,144 [Thread-796] INFO  impl.RaftServerImpl (RaftServerImpl.java:setRole(174)) - 4005f9e4-9000-4048-961f-9439e52a6da7@group-FAF0B6E2649D: changes role from  FOLLOWER to CANDIDATE at term 0 for changeToCandidate
2019-09-17 12:31:10,144 [Thread-796] INFO  impl.RoleInfo (RoleInfo.java:updateAndGet(143)) - 4005f9e4-9000-4048-961f-9439e52a6da7: start LeaderElection
2019-09-17 12:31:10,144 [Thread-800] INFO  impl.RoleInfo (RoleInfo.java:updateAndGet(143)) - 9a3c5405-1b71-41e7-a1e6-d9c2b7bf9721: start LeaderElection
2019-09-17 12:31:10,172 [9a3c5405-1b71-41e7-a1e6-d9c2b7bf9721@group-FAF0B6E2649D:LeaderElection12] INFO  impl.LeaderElection (LeaderElection.java:askForVotes(182)) - 9a3c5405-1b71-41e7-a1e6-d9c2b7bf9721@group-FAF0B6E2649D:LeaderElection12: begin an election at term 1 for -1: [597a450e-db00-46ca-b8ea-d9e1f9500f66:192.168.5.130:37203, 9a3c5405-1b71-41e7-a1e6-d9c2b7bf9721:192.168.5.130:42503, 4005f9e4-9000-4048-961f-9439e52a6da7:192.168.5.130:43091], old=null
2019-09-17 12:31:10,172 [4005f9e4-9000-4048-961f-9439e52a6da7@group-FAF0B6E2649D:LeaderElection11] INFO  impl.LeaderElection (LeaderElection.java:askForVotes(182)) - 4005f9e4-9000-4048-961f-9439e52a6da7@group-FAF0B6E2649D:LeaderElection11: begin an election at term 1 for -1: [597a450e-db00-46ca-b8ea-d9e1f9500f66:192.168.5.130:37203, 9a3c5405-1b71-41e7-a1e6-d9c2b7bf9721:192.168.5.130:42503, 4005f9e4-9000-4048-961f-9439e52a6da7:192.168.5.130:43091], old=null
2019-09-17 12:31:10,191 [grpc-default-executor-0] INFO  impl.RaftServerImpl (RaftServerImpl.java:setRole(174)) - 597a450e-db00-46ca-b8ea-d9e1f9500f66@group-FAF0B6E2649D: changes role from  FOLLOWER to FOLLOWER at term 1 for recognizeCandidate:4005f9e4-9000-4048-961f-9439e52a6da7
2019-09-17 12:31:10,194 [grpc-default-executor-0] INFO  impl.RoleInfo (RoleInfo.java:shutdownFollowerState(121)) - 597a450e-db00-46ca-b8ea-d9e1f9500f66: shutdown FollowerState
2019-09-17 12:31:10,196 [grpc-default-executor-0] INFO  impl.RoleInfo (RoleInfo.java:updateAndGet(143)) - 597a450e-db00-46ca-b8ea-d9e1f9500f66: start FollowerState
2019-09-17 12:31:10,198 [Thread-801] INFO  impl.FollowerState (FollowerState.java:run(115)) - 597a450e-db00-46ca-b8ea-d9e1f9500f66: FollowerState was interrupted: java.lang.InterruptedException: sleep interrupted
2019-09-17 12:31:10,220 [9a3c5405-1b71-41e7-a1e6-d9c2b7bf9721@group-FAF0B6E2649D:LeaderElection12] INFO  impl.LeaderElection (LeaderElection.java:logAndReturn(56)) - 9a3c5405-1b71-41e7-a1e6-d9c2b7bf9721@group-FAF0B6E2649D:LeaderElection12: Election REJECTED; received 2 response(s) [9a3c5405-1b71-41e7-a1e6-d9c2b7bf9721<-597a450e-db00-46ca-b8ea-d9e1f9500f66#0:FAIL-t1, 9a3c5405-1b71-41e7-a1e6-d9c2b7bf9721<-4005f9e4-9000-4048-961f-9439e52a6da7#0:FAIL-t1] and 0 exception(s); 9a3c5405-1b71-41e7-a1e6-d9c2b7bf9721@group-FAF0B6E2649D:t1, leader=null, voted=9a3c5405-1b71-41e7-a1e6-d9c2b7bf9721, raftlog=9a3c5405-1b71-41e7-a1e6-d9c2b7bf9721@group-FAF0B6E2649D-SegmentedRaftLog:OPENED:c-1,f-1,i0, conf=-1: [597a450e-db00-46ca-b8ea-d9e1f9500f66:192.168.5.130:37203, 9a3c5405-1b71-41e7-a1e6-d9c2b7bf9721:192.168.5.130:42503, 4005f9e4-9000-4048-961f-9439e52a6da7:192.168.5.130:43091], old=null
2019-09-17 12:31:10,220 [4005f9e4-9000-4048-961f-9439e52a6da7@group-FAF0B6E2649D:LeaderElection11] INFO  impl.LeaderElection (LeaderElection.java:logAndReturn(56)) - 4005f9e4-9000-4048-961f-9439e52a6da7@group-FAF0B6E2649D:LeaderElection11: Election PASSED; received 2 response(s) [4005f9e4-9000-4048-961f-9439e52a6da7<-597a450e-db00-46ca-b8ea-d9e1f9500f66#0:OK-t1, 4005f9e4-9000-4048-961f-9439e52a6da7<-9a3c5405-1b71-41e7-a1e6-d9c2b7bf9721#0:FAIL-t1] and 0 exception(s); 4005f9e4-9000-4048-961f-9439e52a6da7@group-FAF0B6E2649D:t1, leader=null, voted=4005f9e4-9000-4048-961f-9439e52a6da7, raftlog=4005f9e4-9000-4048-961f-9439e52a6da7@group-FAF0B6E2649D-SegmentedRaftLog:OPENED:c-1,f-1,i0, conf=-1: [597a450e-db00-46ca-b8ea-d9e1f9500f66:192.168.5.130:37203, 9a3c5405-1b71-41e7-a1e6-d9c2b7bf9721:192.168.5.130:42503, 4005f9e4-9000-4048-961f-9439e52a6da7:192.168.5.130:43091], old=null
2019-09-17 12:31:10,220 [9a3c5405-1b71-41e7-a1e6-d9c2b7bf9721@group-FAF0B6E2649D:LeaderElection12] INFO  impl.RaftServerImpl (RaftServerImpl.java:setRole(174)) - 9a3c5405-1b71-41e7-a1e6-d9c2b7bf9721@group-FAF0B6E2649D: changes role from CANDIDATE to FOLLOWER at term 1 for DISCOVERED_A_NEW_TERM
2019-09-17 12:31:10,222 [4005f9e4-9000-4048-961f-9439e52a6da7@group-FAF0B6E2649D:LeaderElection11] INFO  impl.RoleInfo (RoleInfo.java:shutdownLeaderElection(134)) - 4005f9e4-9000-4048-961f-9439e52a6da7: shutdown LeaderElection
2019-09-17 12:31:10,224 [9a3c5405-1b71-41e7-a1e6-d9c2b7bf9721@group-FAF0B6E2649D:LeaderElection12] INFO  impl.RoleInfo (RoleInfo.java:shutdownLeaderElection(134)) - 9a3c5405-1b71-41e7-a1e6-d9c2b7bf9721: shutdown LeaderElection
2019-09-17 12:31:10,226 [4005f9e4-9000-4048-961f-9439e52a6da7@group-FAF0B6E2649D:LeaderElection11] INFO  impl.RaftServerImpl (RaftServerImpl.java:setRole(174)) - 4005f9e4-9000-4048-961f-9439e52a6da7@group-FAF0B6E2649D: changes role from CANDIDATE to LEADER at term 1 for changeToLeader
2019-09-17 12:31:10,226 [9a3c5405-1b71-41e7-a1e6-d9c2b7bf9721@group-FAF0B6E2649D:LeaderElection12] INFO  impl.RoleInfo (RoleInfo.java:updateAndGet(143)) - 9a3c5405-1b71-41e7-a1e6-d9c2b7bf9721: start FollowerState
2019-09-17 12:31:10,226 [4005f9e4-9000-4048-961f-9439e52a6da7@group-FAF0B6E2649D:LeaderElection11] INFO  impl.RaftServerImpl (ServerState.java:setLeader(253)) - 4005f9e4-9000-4048-961f-9439e52a6da7@group-FAF0B6E2649D: change Leader from null to 4005f9e4-9000-4048-961f-9439e52a6da7 at term 1 for becomeLeader, leader elected after 5114ms
2019-09-17 12:31:10,229 [4005f9e4-9000-4048-961f-9439e52a6da7@group-FAF0B6E2649D:LeaderElection11] INFO  server.RaftServerConfigKeys (ConfUtils.java:logGet(43)) - raft.server.staging.catchup.gap = 1000 (default)
2019-09-17 12:31:10,229 [4005f9e4-9000-4048-961f-9439e52a6da7@group-FAF0B6E2649D:LeaderElection11] INFO  server.RaftServerConfigKeys (ConfUtils.java:logGet(43)) - raft.server.rpc.sleep.time = 25ms (default)
2019-09-17 12:31:10,229 [4005f9e4-9000-4048-961f-9439e52a6da7@group-FAF0B6E2649D:LeaderElection11] INFO  server.RaftServerConfigKeys (ConfUtils.java:logGet(43)) - raft.server.write.element-limit = 4096 (default)
2019-09-17 12:31:10,229 [4005f9e4-9000-4048-961f-9439e52a6da7@group-FAF0B6E2649D:LeaderElection11] INFO  server.RaftServerConfigKeys (ConfUtils.java:logGet(43)) - raft.server.watch.timeout = 10s (default)
2019-09-17 12:31:10,230 [4005f9e4-9000-4048-961f-9439e52a6da7@group-FAF0B6E2649D:LeaderElection11] INFO  server.RaftServerConfigKeys (ConfUtils.java:logGet(43)) - raft.server.watch.timeout.denomination = 1s (default)
2019-09-17 12:31:10,230 [4005f9e4-9000-4048-961f-9439e52a6da7@group-FAF0B6E2649D:LeaderElection11] INFO  server.RaftServerConfigKeys (ConfUtils.java:logGet(43)) - raft.server.watch.element-limit = 65536 (default)
2019-09-17 12:31:10,234 [4005f9e4-9000-4048-961f-9439e52a6da7@group-FAF0B6E2649D:LeaderElection11] INFO  server.RaftServerConfigKeys (ConfUtils.java:logGet(43)) - raft.server.log.appender.snapshot.chunk.size.max = 16MB (=16777216) (default)
2019-09-17 12:31:10,234 [4005f9e4-9000-4048-961f-9439e52a6da7@group-FAF0B6E2649D:LeaderElection11] INFO  server.RaftServerConfigKeys (ConfUtils.java:logGet(43)) - raft.server.log.appender.buffer.byte-limit = 33554432 (custom)
2019-09-17 12:31:10,235 [4005f9e4-9000-4048-961f-9439e52a6da7@group-FAF0B6E2649D:LeaderElection11] INFO  server.RaftServerConfigKeys (ConfUtils.java:logGet(43)) - raft.server.log.appender.buffer.element-limit = 1 (custom)
2019-09-17 12:31:10,235 [4005f9e4-9000-4048-961f-9439e52a6da7@group-FAF0B6E2649D:LeaderElection11] INFO  grpc.GrpcConfigKeys$Server (ConfUtils.java:logGet(43)) - raft.grpc.server.leader.outstanding.appends.max = 128 (default)
2019-09-17 12:31:10,235 [4005f9e4-9000-4048-961f-9439e52a6da7@group-FAF0B6E2649D:LeaderElection11] INFO  server.RaftServerConfigKeys (ConfUtils.java:logGet(43)) - raft.server.rpc.request.timeout = 3000ms (default)
2019-09-17 12:31:10,235 [4005f9e4-9000-4048-961f-9439e52a6da7@group-FAF0B6E2649D:LeaderElection11] INFO  server.RaftServerConfigKeys (ConfUtils.java:logGet(43)) - raft.server.log.appender.install.snapshot.enabled = false (custom)
2019-09-17 12:31:10,236 [4005f9e4-9000-4048-961f-9439e52a6da7@group-FAF0B6E2649D:LeaderElection11] INFO  server.RaftServerConfigKeys (ConfUtils.java:logGet(43)) - raft.server.log.appender.snapshot.chunk.size.max = 16MB (=16777216) (default)
2019-09-17 12:31:10,236 [4005f9e4-9000-4048-961f-9439e52a6da7@group-FAF0B6E2649D:LeaderElection11] INFO  server.RaftServerConfigKeys (ConfUtils.java:logGet(43)) - raft.server.log.appender.buffer.byte-limit = 33554432 (custom)
2019-09-17 12:31:10,236 [4005f9e4-9000-4048-961f-9439e52a6da7@group-FAF0B6E2649D:LeaderElection11] INFO  server.RaftServerConfigKeys (ConfUtils.java:logGet(43)) - raft.server.log.appender.buffer.element-limit = 1 (custom)
2019-09-17 12:31:10,236 [4005f9e4-9000-4048-961f-9439e52a6da7@group-FAF0B6E2649D:LeaderElection11] INFO  grpc.GrpcConfigKeys$Server (ConfUtils.java:logGet(43)) - raft.grpc.server.leader.outstanding.appends.max = 128 (default)
2019-09-17 12:31:10,237 [4005f9e4-9000-4048-961f-9439e52a6da7@group-FAF0B6E2649D:LeaderElection11] INFO  server.RaftServerConfigKeys (ConfUtils.java:logGet(43)) - raft.server.rpc.request.timeout = 3000ms (default)
2019-09-17 12:31:10,237 [4005f9e4-9000-4048-961f-9439e52a6da7@group-FAF0B6E2649D:LeaderElection11] INFO  server.RaftServerConfigKeys (ConfUtils.java:logGet(43)) - raft.server.log.appender.install.snapshot.enabled = false (custom)
2019-09-17 12:31:10,237 [4005f9e4-9000-4048-961f-9439e52a6da7@group-FAF0B6E2649D:LeaderElection11] INFO  impl.RoleInfo (RoleInfo.java:updateAndGet(143)) - 4005f9e4-9000-4048-961f-9439e52a6da7: start LeaderState
2019-09-17 12:31:10,238 [4005f9e4-9000-4048-961f-9439e52a6da7@group-FAF0B6E2649D:LeaderElection11] INFO  segmented.SegmentedRaftLogWorker (SegmentedRaftLogWorker.java:startLogSegment(380)) - 4005f9e4-9000-4048-961f-9439e52a6da7@group-FAF0B6E2649D-SegmentedRaftLogWorker: Starting segment from index:0
2019-09-17 12:31:10,239 [4005f9e4-9000-4048-961f-9439e52a6da7@group-FAF0B6E2649D:LeaderElection11] INFO  impl.RaftServerImpl (ServerState.java:setRaftConf(354)) - 4005f9e4-9000-4048-961f-9439e52a6da7@group-FAF0B6E2649D: set configuration 0: [597a450e-db00-46ca-b8ea-d9e1f9500f66:192.168.5.130:37203, 9a3c5405-1b71-41e7-a1e6-d9c2b7bf9721:192.168.5.130:42503, 4005f9e4-9000-4048-961f-9439e52a6da7:192.168.5.130:43091], old=null at 0
2019-09-17 12:31:10,279 [grpc-default-executor-0] INFO  impl.RaftServerImpl (ServerState.java:setLeader(253)) - 597a450e-db00-46ca-b8ea-d9e1f9500f66@group-FAF0B6E2649D: change Leader from null to 4005f9e4-9000-4048-961f-9439e52a6da7 at term 1 for appendEntries, leader elected after 5167ms
2019-09-17 12:31:10,279 [grpc-default-executor-3] INFO  impl.RaftServerImpl (ServerState.java:setLeader(253)) - 9a3c5405-1b71-41e7-a1e6-d9c2b7bf9721@group-FAF0B6E2649D: change Leader from null to 4005f9e4-9000-4048-961f-9439e52a6da7 at term 1 for appendEntries, leader elected after 5167ms
2019-09-17 12:31:10,282 [grpc-default-executor-0] INFO  impl.RaftServerImpl (ServerState.java:setRaftConf(354)) - 9a3c5405-1b71-41e7-a1e6-d9c2b7bf9721@group-FAF0B6E2649D: set configuration 0: [597a450e-db00-46ca-b8ea-d9e1f9500f66:192.168.5.130:37203, 9a3c5405-1b71-41e7-a1e6-d9c2b7bf9721:192.168.5.130:42503, 4005f9e4-9000-4048-961f-9439e52a6da7:192.168.5.130:43091], old=null at 0
2019-09-17 12:31:10,282 [grpc-default-executor-3] INFO  impl.RaftServerImpl (ServerState.java:setRaftConf(354)) - 597a450e-db00-46ca-b8ea-d9e1f9500f66@group-FAF0B6E2649D: set configuration 0: [597a450e-db00-46ca-b8ea-d9e1f9500f66:192.168.5.130:37203, 9a3c5405-1b71-41e7-a1e6-d9c2b7bf9721:192.168.5.130:42503, 4005f9e4-9000-4048-961f-9439e52a6da7:192.168.5.130:43091], old=null at 0
2019-09-17 12:31:10,282 [grpc-default-executor-0] INFO  segmented.SegmentedRaftLogWorker (SegmentedRaftLogWorker.java:startLogSegment(380)) - 9a3c5405-1b71-41e7-a1e6-d9c2b7bf9721@group-FAF0B6E2649D-SegmentedRaftLogWorker: Starting segment from index:0
2019-09-17 12:31:10,283 [grpc-default-executor-3] INFO  segmented.SegmentedRaftLogWorker (SegmentedRaftLogWorker.java:startLogSegment(380)) - 597a450e-db00-46ca-b8ea-d9e1f9500f66@group-FAF0B6E2649D-SegmentedRaftLogWorker: Starting segment from index:0
2019-09-17 12:31:10,296 [4005f9e4-9000-4048-961f-9439e52a6da7@group-FAF0B6E2649D-SegmentedRaftLogWorker] INFO  segmented.SegmentedRaftLogWorker (SegmentedRaftLogWorker.java:execute(569)) - 4005f9e4-9000-4048-961f-9439e52a6da7@group-FAF0B6E2649D-SegmentedRaftLogWorker: created new log segment /tmp/workdir/hadoop-ozone/integration-test/target/test-dir/MiniOzoneClusterImpl-d179b17f-26b4-4b11-871f-a9170d0e99dc/datanode-4/data/ratis/449ce985-78e6-4066-ad5b-faf0b6e2649d/current/log_inprogress_0
2019-09-17 12:31:10,330 [597a450e-db00-46ca-b8ea-d9e1f9500f66@group-FAF0B6E2649D-SegmentedRaftLogWorker] INFO  segmented.SegmentedRaftLogWorker (SegmentedRaftLogWorker.java:execute(569)) - 597a450e-db00-46ca-b8ea-d9e1f9500f66@group-FAF0B6E2649D-SegmentedRaftLogWorker: created new log segment /tmp/workdir/hadoop-ozone/integration-test/target/test-dir/MiniOzoneClusterImpl-d179b17f-26b4-4b11-871f-a9170d0e99dc/datanode-0/data/ratis/449ce985-78e6-4066-ad5b-faf0b6e2649d/current/log_inprogress_0
2019-09-17 12:31:10,330 [9a3c5405-1b71-41e7-a1e6-d9c2b7bf9721@group-FAF0B6E2649D-SegmentedRaftLogWorker] INFO  segmented.SegmentedRaftLogWorker (SegmentedRaftLogWorker.java:execute(569)) - 9a3c5405-1b71-41e7-a1e6-d9c2b7bf9721@group-FAF0B6E2649D-SegmentedRaftLogWorker: created new log segment /tmp/workdir/hadoop-ozone/integration-test/target/test-dir/MiniOzoneClusterImpl-d179b17f-26b4-4b11-871f-a9170d0e99dc/datanode-1/data/ratis/449ce985-78e6-4066-ad5b-faf0b6e2649d/current/log_inprogress_0
2019-09-17 12:31:10,901 [grpc-default-executor-0] INFO  client.GrpcClientProtocolClient (GrpcClientProtocolClient.java:onNext(264)) - client-9B4AC7B4A30D->8dae3b80-5600-44e3-9df5-13b3719afed7: receive RaftClientReply:client-9B4AC7B4A30D->8dae3b80-5600-44e3-9df5-13b3719afed7@group-23F4C195A245, cid=32, FAILED org.apache.ratis.protocol.NotLeaderException: Server 8dae3b80-5600-44e3-9df5-13b3719afed7@group-23F4C195A245 is not the leader f8d8d9c4-afe8-4cc5-8788-d0697b0baa61:192.168.5.130:40344, logIndex=0, commits[8dae3b80-5600-44e3-9df5-13b3719afed7:c10, 639d7dff-6a78-4ecf-aa0a-b8a4b660182e:c6, f8d8d9c4-afe8-4cc5-8788-d0697b0baa61:c10]
2019-09-17 12:31:11,382 [java.util.concurrent.ThreadPoolExecutor$Worker@5fa0ca4a[State = -1, empty queue]] WARN  server.GrpcLogAppender (GrpcLogAppender.java:timeoutAppendRequest(200)) - f8d8d9c4-afe8-4cc5-8788-d0697b0baa61@group-23F4C195A245->8dae3b80-5600-44e3-9df5-13b3719afed7-GrpcLogAppender: appendEntries Timeout, request=f8d8d9c4-afe8-4cc5-8788-d0697b0baa61->8dae3b80-5600-44e3-9df5-13b3719afed7#90-t1, previous=(t:1, i:13), leaderCommit=10, initializing? false, entries: <empty>
2019-09-17 12:31:11,382 [java.util.concurrent.ThreadPoolExecutor$Worker@34aff09a[State = -1, empty queue]] WARN  server.GrpcLogAppender (GrpcLogAppender.java:timeoutAppendRequest(200)) - f8d8d9c4-afe8-4cc5-8788-d0697b0baa61@group-23F4C195A245->639d7dff-6a78-4ecf-aa0a-b8a4b660182e-GrpcLogAppender: appendEntries Timeout, request=f8d8d9c4-afe8-4cc5-8788-d0697b0baa61->639d7dff-6a78-4ecf-aa0a-b8a4b660182e#90-t1, previous=(t:1, i:13), leaderCommit=10, initializing? false, entries: <empty>
2019-09-17 12:31:12,257 [grpc-default-executor-0] INFO  impl.RaftServerProxy (RaftServerProxy.java:remove(95)) - 4005f9e4-9000-4048-961f-9439e52a6da7: remove group-28FA94F01C3C:null
2019-09-17 12:31:12,266 [RatisPipelineUtilsThread] WARN  pipeline.RatisPipelineUtils (RatisPipelineUtils.java:destroyPipeline(66)) - Pipeline destroy failed for pipeline=PipelineID=946a925e-29f3-4efc-8597-28fa94f01c3c dn=4005f9e4-9000-4048-961f-9439e52a6da7{ip: 192.168.5.130, host: pr-hdds-2136-chhj8-2666454444, networkLocation: /default-rack, certSerialId: null}
2019-09-17 12:31:12,274 [grpc-default-executor-0] INFO  impl.RaftServerProxy (RaftServerProxy.java:remove(95)) - 597a450e-db00-46ca-b8ea-d9e1f9500f66: remove group-28FA94F01C3C:null
2019-09-17 12:31:12,281 [RatisPipelineUtilsThread] WARN  pipeline.RatisPipelineUtils (RatisPipelineUtils.java:destroyPipeline(66)) - Pipeline destroy failed for pipeline=PipelineID=946a925e-29f3-4efc-8597-28fa94f01c3c dn=597a450e-db00-46ca-b8ea-d9e1f9500f66{ip: 192.168.5.130, host: pr-hdds-2136-chhj8-2666454444, networkLocation: /default-rack, certSerialId: null}
2019-09-17 12:31:12,290 [grpc-default-executor-0] INFO  impl.RaftServerProxy (RaftServerProxy.java:remove(95)) - 9a3c5405-1b71-41e7-a1e6-d9c2b7bf9721: remove group-28FA94F01C3C:null
2019-09-17 12:31:12,297 [RatisPipelineUtilsThread] WARN  pipeline.RatisPipelineUtils (RatisPipelineUtils.java:destroyPipeline(66)) - Pipeline destroy failed for pipeline=PipelineID=946a925e-29f3-4efc-8597-28fa94f01c3c dn=9a3c5405-1b71-41e7-a1e6-d9c2b7bf9721{ip: 192.168.5.130, host: pr-hdds-2136-chhj8-2666454444, networkLocation: /default-rack, certSerialId: null}
2019-09-17 12:31:12,297 [RatisPipelineUtilsThread] ERROR pipeline.SCMPipelineManager (Scheduler.java:lambda$schedule$1(70)) - Destroy pipeline failed for pipeline:Pipeline[ Id: 946a925e-29f3-4efc-8597-28fa94f01c3c, Nodes: 4005f9e4-9000-4048-961f-9439e52a6da7{ip: 192.168.5.130, host: pr-hdds-2136-chhj8-2666454444, networkLocation: /default-rack, certSerialId: null}597a450e-db00-46ca-b8ea-d9e1f9500f66{ip: 192.168.5.130, host: pr-hdds-2136-chhj8-2666454444, networkLocation: /default-rack, certSerialId: null}9a3c5405-1b71-41e7-a1e6-d9c2b7bf9721{ip: 192.168.5.130, host: pr-hdds-2136-chhj8-2666454444, networkLocation: /default-rack, certSerialId: null}, Type:RATIS, Factor:THREE, State:CLOSED]
org.apache.hadoop.hdds.scm.pipeline.PipelineNotFoundException: PipelineID=946a925e-29f3-4efc-8597-28fa94f01c3c not found
	at org.apache.hadoop.hdds.scm.pipeline.PipelineStateMap.getPipeline(PipelineStateMap.java:132)
	at org.apache.hadoop.hdds.scm.pipeline.PipelineStateMap.removePipeline(PipelineStateMap.java:322)
	at org.apache.hadoop.hdds.scm.pipeline.PipelineStateManager.removePipeline(PipelineStateManager.java:107)
	at org.apache.hadoop.hdds.scm.pipeline.SCMPipelineManager.removePipeline(SCMPipelineManager.java:423)
	at org.apache.hadoop.hdds.scm.pipeline.SCMPipelineManager.destroyPipeline(SCMPipelineManager.java:409)
	at org.apache.hadoop.hdds.scm.pipeline.SCMPipelineManager.lambda$finalizeAndDestroyPipeline$0(SCMPipelineManager.java:318)
	at org.apache.hadoop.utils.Scheduler.lambda$schedule$1(Scheduler.java:68)
	at java.util.concurrent.Executors$RunnableAdapter.call(Executors.java:511)
	at java.util.concurrent.FutureTask.run(FutureTask.java:266)
	at java.util.concurrent.ScheduledThreadPoolExecutor$ScheduledFutureTask.access$201(ScheduledThreadPoolExecutor.java:180)
	at java.util.concurrent.ScheduledThreadPoolExecutor$ScheduledFutureTask.run(ScheduledThreadPoolExecutor.java:293)
	at java.util.concurrent.ThreadPoolExecutor.runWorker(ThreadPoolExecutor.java:1149)
	at java.util.concurrent.ThreadPoolExecutor$Worker.run(ThreadPoolExecutor.java:624)
	at java.lang.Thread.run(Thread.java:748)
2019-09-17 12:31:13,883 [java.util.concurrent.ThreadPoolExecutor$Worker@34aff09a[State = -1, empty queue]] WARN  server.GrpcLogAppender (GrpcLogAppender.java:timeoutAppendRequest(200)) - f8d8d9c4-afe8-4cc5-8788-d0697b0baa61@group-23F4C195A245->639d7dff-6a78-4ecf-aa0a-b8a4b660182e-GrpcLogAppender: appendEntries Timeout, request=f8d8d9c4-afe8-4cc5-8788-d0697b0baa61->639d7dff-6a78-4ecf-aa0a-b8a4b660182e#91-t1, previous=(t:1, i:13), leaderCommit=10, initializing? false, entries: <empty>
2019-09-17 12:31:13,883 [java.util.concurrent.ThreadPoolExecutor$Worker@5fa0ca4a[State = -1, empty queue]] WARN  server.GrpcLogAppender (GrpcLogAppender.java:timeoutAppendRequest(200)) - f8d8d9c4-afe8-4cc5-8788-d0697b0baa61@group-23F4C195A245->8dae3b80-5600-44e3-9df5-13b3719afed7-GrpcLogAppender: appendEntries Timeout, request=f8d8d9c4-afe8-4cc5-8788-d0697b0baa61->8dae3b80-5600-44e3-9df5-13b3719afed7#91-t1, previous=(t:1, i:13), leaderCommit=10, initializing? false, entries: <empty>
2019-09-17 12:31:14,254 [grpc-default-executor-3] INFO  impl.RaftServerProxy (RaftServerProxy.java:remove(95)) - 4005f9e4-9000-4048-961f-9439e52a6da7: remove group-28FA94F01C3C:null
2019-09-17 12:31:14,261 [RatisPipelineUtilsThread] WARN  pipeline.RatisPipelineUtils (RatisPipelineUtils.java:destroyPipeline(66)) - Pipeline destroy failed for pipeline=PipelineID=946a925e-29f3-4efc-8597-28fa94f01c3c dn=4005f9e4-9000-4048-961f-9439e52a6da7{ip: 192.168.5.130, host: pr-hdds-2136-chhj8-2666454444, networkLocation: /default-rack, certSerialId: null}
2019-09-17 12:31:14,270 [grpc-default-executor-3] INFO  impl.RaftServerProxy (RaftServerProxy.java:remove(95)) - 597a450e-db00-46ca-b8ea-d9e1f9500f66: remove group-28FA94F01C3C:null
2019-09-17 12:31:14,277 [RatisPipelineUtilsThread] WARN  pipeline.RatisPipelineUtils (RatisPipelineUtils.java:destroyPipeline(66)) - Pipeline destroy failed for pipeline=PipelineID=946a925e-29f3-4efc-8597-28fa94f01c3c dn=597a450e-db00-46ca-b8ea-d9e1f9500f66{ip: 192.168.5.130, host: pr-hdds-2136-chhj8-2666454444, networkLocation: /default-rack, certSerialId: null}
2019-09-17 12:31:14,284 [grpc-default-executor-3] INFO  impl.RaftServerProxy (RaftServerProxy.java:remove(95)) - 9a3c5405-1b71-41e7-a1e6-d9c2b7bf9721: remove group-28FA94F01C3C:null
2019-09-17 12:31:14,289 [RatisPipelineUtilsThread] WARN  pipeline.RatisPipelineUtils (RatisPipelineUtils.java:destroyPipeline(66)) - Pipeline destroy failed for pipeline=PipelineID=946a925e-29f3-4efc-8597-28fa94f01c3c dn=9a3c5405-1b71-41e7-a1e6-d9c2b7bf9721{ip: 192.168.5.130, host: pr-hdds-2136-chhj8-2666454444, networkLocation: /default-rack, certSerialId: null}
2019-09-17 12:31:14,289 [RatisPipelineUtilsThread] ERROR pipeline.SCMPipelineManager (Scheduler.java:lambda$schedule$1(70)) - Destroy pipeline failed for pipeline:Pipeline[ Id: 946a925e-29f3-4efc-8597-28fa94f01c3c, Nodes: 4005f9e4-9000-4048-961f-9439e52a6da7{ip: 192.168.5.130, host: pr-hdds-2136-chhj8-2666454444, networkLocation: /default-rack, certSerialId: null}597a450e-db00-46ca-b8ea-d9e1f9500f66{ip: 192.168.5.130, host: pr-hdds-2136-chhj8-2666454444, networkLocation: /default-rack, certSerialId: null}9a3c5405-1b71-41e7-a1e6-d9c2b7bf9721{ip: 192.168.5.130, host: pr-hdds-2136-chhj8-2666454444, networkLocation: /default-rack, certSerialId: null}, Type:RATIS, Factor:THREE, State:CLOSED]
org.apache.hadoop.hdds.scm.pipeline.PipelineNotFoundException: PipelineID=946a925e-29f3-4efc-8597-28fa94f01c3c not found
	at org.apache.hadoop.hdds.scm.pipeline.PipelineStateMap.getPipeline(PipelineStateMap.java:132)
	at org.apache.hadoop.hdds.scm.pipeline.PipelineStateMap.removePipeline(PipelineStateMap.java:322)
	at org.apache.hadoop.hdds.scm.pipeline.PipelineStateManager.removePipeline(PipelineStateManager.java:107)
	at org.apache.hadoop.hdds.scm.pipeline.SCMPipelineManager.removePipeline(SCMPipelineManager.java:423)
	at org.apache.hadoop.hdds.scm.pipeline.SCMPipelineManager.destroyPipeline(SCMPipelineManager.java:409)
	at org.apache.hadoop.hdds.scm.pipeline.SCMPipelineManager.lambda$finalizeAndDestroyPipeline$0(SCMPipelineManager.java:318)
	at org.apache.hadoop.utils.Scheduler.lambda$schedule$1(Scheduler.java:68)
	at java.util.concurrent.Executors$RunnableAdapter.call(Executors.java:511)
	at java.util.concurrent.FutureTask.run(FutureTask.java:266)
	at java.util.concurrent.ScheduledThreadPoolExecutor$ScheduledFutureTask.access$201(ScheduledThreadPoolExecutor.java:180)
	at java.util.concurrent.ScheduledThreadPoolExecutor$ScheduledFutureTask.run(ScheduledThreadPoolExecutor.java:293)
	at java.util.concurrent.ThreadPoolExecutor.runWorker(ThreadPoolExecutor.java:1149)
	at java.util.concurrent.ThreadPoolExecutor$Worker.run(ThreadPoolExecutor.java:624)
	at java.lang.Thread.run(Thread.java:748)
2019-09-17 12:31:15,880 [f8d8d9c4-afe8-4cc5-8788-d0697b0baa61@group-23F4C195A245-SegmentedRaftLogWorker] WARN  segmented.SegmentedRaftLogWorker (SegmentedRaftLogWorker.java:getFromFuture(90)) - Timeout 0/~
org.apache.ratis.protocol.TimeoutIOException: Timeout 10s: WriteLog:11: (t:1, i:11), STATEMACHINELOGENTRY, client-9B4AC7B4A30D, cid=32-writeStateMachineData
	at org.apache.ratis.util.IOUtils.getFromFuture(IOUtils.java:87)
	at org.apache.ratis.server.raftlog.segmented.SegmentedRaftLogWorker$StateMachineDataPolicy.getFromFuture(SegmentedRaftLogWorker.java:87)
	at org.apache.ratis.server.raftlog.segmented.SegmentedRaftLogWorker$WriteLog.execute(SegmentedRaftLogWorker.java:477)
	at org.apache.ratis.server.raftlog.segmented.SegmentedRaftLogWorker.run(SegmentedRaftLogWorker.java:289)
	at java.lang.Thread.run(Thread.java:748)
Caused by: java.util.concurrent.TimeoutException
	at java.util.concurrent.CompletableFuture.timedGet(CompletableFuture.java:1771)
	at java.util.concurrent.CompletableFuture.get(CompletableFuture.java:1915)
	at org.apache.ratis.util.IOUtils.getFromFuture(IOUtils.java:79)
	... 4 more
2019-09-17 12:31:15,984 [grpc-default-executor-3] INFO  client.GrpcClientProtocolClient (GrpcClientProtocolClient.java:onNext(264)) - client-9B4AC7B4A30D->8dae3b80-5600-44e3-9df5-13b3719afed7: receive RaftClientReply:client-9B4AC7B4A30D->8dae3b80-5600-44e3-9df5-13b3719afed7@group-23F4C195A245, cid=32, FAILED org.apache.ratis.protocol.NotLeaderException: Server 8dae3b80-5600-44e3-9df5-13b3719afed7@group-23F4C195A245 is not the leader f8d8d9c4-afe8-4cc5-8788-d0697b0baa61:192.168.5.130:40344, logIndex=0, commits[8dae3b80-5600-44e3-9df5-13b3719afed7:c10, 639d7dff-6a78-4ecf-aa0a-b8a4b660182e:c6, f8d8d9c4-afe8-4cc5-8788-d0697b0baa61:c10]
2019-09-17 12:31:16,035 [639d7dff-6a78-4ecf-aa0a-b8a4b660182e@group-23F4C195A245-SegmentedRaftLogWorker] WARN  segmented.SegmentedRaftLogWorker (SegmentedRaftLogWorker.java:getFromFuture(90)) - Timeout 0/~
org.apache.ratis.protocol.TimeoutIOException: Timeout 10s: WriteLog:12: (t:1, i:12), STATEMACHINELOGENTRY, client-9B4AC7B4A30D, cid=33-writeStateMachineData
	at org.apache.ratis.util.IOUtils.getFromFuture(IOUtils.java:87)
	at org.apache.ratis.server.raftlog.segmented.SegmentedRaftLogWorker$StateMachineDataPolicy.getFromFuture(SegmentedRaftLogWorker.java:87)
	at org.apache.ratis.server.raftlog.segmented.SegmentedRaftLogWorker$WriteLog.execute(SegmentedRaftLogWorker.java:477)
	at org.apache.ratis.server.raftlog.segmented.SegmentedRaftLogWorker.run(SegmentedRaftLogWorker.java:289)
	at java.lang.Thread.run(Thread.java:748)
Caused by: java.util.concurrent.TimeoutException
	at java.util.concurrent.CompletableFuture.timedGet(CompletableFuture.java:1771)
	at java.util.concurrent.CompletableFuture.get(CompletableFuture.java:1915)
	at org.apache.ratis.util.IOUtils.getFromFuture(IOUtils.java:79)
	... 4 more
2019-09-17 12:31:16,035 [8dae3b80-5600-44e3-9df5-13b3719afed7@group-23F4C195A245-SegmentedRaftLogWorker] WARN  segmented.SegmentedRaftLogWorker (SegmentedRaftLogWorker.java:getFromFuture(90)) - Timeout 0/~
org.apache.ratis.protocol.TimeoutIOException: Timeout 10s: WriteLog:12: (t:1, i:12), STATEMACHINELOGENTRY, client-9B4AC7B4A30D, cid=33-writeStateMachineData
	at org.apache.ratis.util.IOUtils.getFromFuture(IOUtils.java:87)
	at org.apache.ratis.server.raftlog.segmented.SegmentedRaftLogWorker$StateMachineDataPolicy.getFromFuture(SegmentedRaftLogWorker.java:87)
	at org.apache.ratis.server.raftlog.segmented.SegmentedRaftLogWorker$WriteLog.execute(SegmentedRaftLogWorker.java:477)
	at org.apache.ratis.server.raftlog.segmented.SegmentedRaftLogWorker.run(SegmentedRaftLogWorker.java:289)
	at java.lang.Thread.run(Thread.java:748)
Caused by: java.util.concurrent.TimeoutException
	at java.util.concurrent.CompletableFuture.timedGet(CompletableFuture.java:1771)
	at java.util.concurrent.CompletableFuture.get(CompletableFuture.java:1915)
	at org.apache.ratis.util.IOUtils.getFromFuture(IOUtils.java:79)
	... 4 more
2019-09-17 12:31:16,383 [java.util.concurrent.ThreadPoolExecutor$Worker@34aff09a[State = -1, empty queue]] WARN  server.GrpcLogAppender (GrpcLogAppender.java:timeoutAppendRequest(200)) - f8d8d9c4-afe8-4cc5-8788-d0697b0baa61@group-23F4C195A245->639d7dff-6a78-4ecf-aa0a-b8a4b660182e-GrpcLogAppender: appendEntries Timeout, request=f8d8d9c4-afe8-4cc5-8788-d0697b0baa61->639d7dff-6a78-4ecf-aa0a-b8a4b660182e#92-t1, previous=(t:1, i:13), leaderCommit=10, initializing? false, entries: <empty>
2019-09-17 12:31:16,383 [java.util.concurrent.ThreadPoolExecutor$Worker@5fa0ca4a[State = -1, empty queue]] WARN  server.GrpcLogAppender (GrpcLogAppender.java:timeoutAppendRequest(200)) - f8d8d9c4-afe8-4cc5-8788-d0697b0baa61@group-23F4C195A245->8dae3b80-5600-44e3-9df5-13b3719afed7-GrpcLogAppender: appendEntries Timeout, request=f8d8d9c4-afe8-4cc5-8788-d0697b0baa61->8dae3b80-5600-44e3-9df5-13b3719afed7#92-t1, previous=(t:1, i:13), leaderCommit=10, initializing? false, entries: <empty>
2019-09-17 12:31:17,258 [grpc-default-executor-0] INFO  impl.RaftServerProxy (RaftServerProxy.java:remove(95)) - 4005f9e4-9000-4048-961f-9439e52a6da7: remove group-28FA94F01C3C:null
2019-09-17 12:31:17,269 [RatisPipelineUtilsThread] WARN  pipeline.RatisPipelineUtils (RatisPipelineUtils.java:destroyPipeline(66)) - Pipeline destroy failed for pipeline=PipelineID=946a925e-29f3-4efc-8597-28fa94f01c3c dn=4005f9e4-9000-4048-961f-9439e52a6da7{ip: 192.168.5.130, host: pr-hdds-2136-chhj8-2666454444, networkLocation: /default-rack, certSerialId: null}
2019-09-17 12:31:17,289 [grpc-default-executor-0] INFO  impl.RaftServerProxy (RaftServerProxy.java:remove(95)) - 597a450e-db00-46ca-b8ea-d9e1f9500f66: remove group-28FA94F01C3C:null
2019-09-17 12:31:17,295 [RatisPipelineUtilsThread] WARN  pipeline.RatisPipelineUtils (RatisPipelineUtils.java:destroyPipeline(66)) - Pipeline destroy failed for pipeline=PipelineID=946a925e-29f3-4efc-8597-28fa94f01c3c dn=597a450e-db00-46ca-b8ea-d9e1f9500f66{ip: 192.168.5.130, host: pr-hdds-2136-chhj8-2666454444, networkLocation: /default-rack, certSerialId: null}
2019-09-17 12:31:17,300 [grpc-default-executor-0] INFO  impl.RaftServerProxy (RaftServerProxy.java:remove(95)) - 9a3c5405-1b71-41e7-a1e6-d9c2b7bf9721: remove group-28FA94F01C3C:null
2019-09-17 12:31:17,305 [RatisPipelineUtilsThread] WARN  pipeline.RatisPipelineUtils (RatisPipelineUtils.java:destroyPipeline(66)) - Pipeline destroy failed for pipeline=PipelineID=946a925e-29f3-4efc-8597-28fa94f01c3c dn=9a3c5405-1b71-41e7-a1e6-d9c2b7bf9721{ip: 192.168.5.130, host: pr-hdds-2136-chhj8-2666454444, networkLocation: /default-rack, certSerialId: null}
2019-09-17 12:31:17,306 [RatisPipelineUtilsThread] ERROR pipeline.SCMPipelineManager (Scheduler.java:lambda$schedule$1(70)) - Destroy pipeline failed for pipeline:Pipeline[ Id: 946a925e-29f3-4efc-8597-28fa94f01c3c, Nodes: 4005f9e4-9000-4048-961f-9439e52a6da7{ip: 192.168.5.130, host: pr-hdds-2136-chhj8-2666454444, networkLocation: /default-rack, certSerialId: null}597a450e-db00-46ca-b8ea-d9e1f9500f66{ip: 192.168.5.130, host: pr-hdds-2136-chhj8-2666454444, networkLocation: /default-rack, certSerialId: null}9a3c5405-1b71-41e7-a1e6-d9c2b7bf9721{ip: 192.168.5.130, host: pr-hdds-2136-chhj8-2666454444, networkLocation: /default-rack, certSerialId: null}, Type:RATIS, Factor:THREE, State:CLOSED]
org.apache.hadoop.hdds.scm.pipeline.PipelineNotFoundException: PipelineID=946a925e-29f3-4efc-8597-28fa94f01c3c not found
	at org.apache.hadoop.hdds.scm.pipeline.PipelineStateMap.getPipeline(PipelineStateMap.java:132)
	at org.apache.hadoop.hdds.scm.pipeline.PipelineStateMap.removePipeline(PipelineStateMap.java:322)
	at org.apache.hadoop.hdds.scm.pipeline.PipelineStateManager.removePipeline(PipelineStateManager.java:107)
	at org.apache.hadoop.hdds.scm.pipeline.SCMPipelineManager.removePipeline(SCMPipelineManager.java:423)
	at org.apache.hadoop.hdds.scm.pipeline.SCMPipelineManager.destroyPipeline(SCMPipelineManager.java:409)
	at org.apache.hadoop.hdds.scm.pipeline.SCMPipelineManager.lambda$finalizeAndDestroyPipeline$0(SCMPipelineManager.java:318)
	at org.apache.hadoop.utils.Scheduler.lambda$schedule$1(Scheduler.java:68)
	at java.util.concurrent.Executors$RunnableAdapter.call(Executors.java:511)
	at java.util.concurrent.FutureTask.run(FutureTask.java:266)
	at java.util.concurrent.ScheduledThreadPoolExecutor$ScheduledFutureTask.access$201(ScheduledThreadPoolExecutor.java:180)
	at java.util.concurrent.ScheduledThreadPoolExecutor$ScheduledFutureTask.run(ScheduledThreadPoolExecutor.java:293)
	at java.util.concurrent.ThreadPoolExecutor.runWorker(ThreadPoolExecutor.java:1149)
	at java.util.concurrent.ThreadPoolExecutor$Worker.run(ThreadPoolExecutor.java:624)
	at java.lang.Thread.run(Thread.java:748)
2019-09-17 12:31:18,884 [java.util.concurrent.ThreadPoolExecutor$Worker@34aff09a[State = -1, empty queue]] WARN  server.GrpcLogAppender (GrpcLogAppender.java:timeoutAppendRequest(200)) - f8d8d9c4-afe8-4cc5-8788-d0697b0baa61@group-23F4C195A245->639d7dff-6a78-4ecf-aa0a-b8a4b660182e-GrpcLogAppender: appendEntries Timeout, request=f8d8d9c4-afe8-4cc5-8788-d0697b0baa61->639d7dff-6a78-4ecf-aa0a-b8a4b660182e#93-t1, previous=(t:1, i:13), leaderCommit=10, initializing? false, entries: <empty>
2019-09-17 12:31:18,884 [java.util.concurrent.ThreadPoolExecutor$Worker@5fa0ca4a[State = -1, empty queue]] WARN  server.GrpcLogAppender (GrpcLogAppender.java:timeoutAppendRequest(200)) - f8d8d9c4-afe8-4cc5-8788-d0697b0baa61@group-23F4C195A245->8dae3b80-5600-44e3-9df5-13b3719afed7-GrpcLogAppender: appendEntries Timeout, request=f8d8d9c4-afe8-4cc5-8788-d0697b0baa61->8dae3b80-5600-44e3-9df5-13b3719afed7#93-t1, previous=(t:1, i:13), leaderCommit=10, initializing? false, entries: <empty>
2019-09-17 12:31:19,259 [grpc-default-executor-0] INFO  impl.RaftServerProxy (RaftServerProxy.java:remove(95)) - 4005f9e4-9000-4048-961f-9439e52a6da7: remove group-28FA94F01C3C:null
2019-09-17 12:31:19,270 [RatisPipelineUtilsThread] WARN  pipeline.RatisPipelineUtils (RatisPipelineUtils.java:destroyPipeline(66)) - Pipeline destroy failed for pipeline=PipelineID=946a925e-29f3-4efc-8597-28fa94f01c3c dn=4005f9e4-9000-4048-961f-9439e52a6da7{ip: 192.168.5.130, host: pr-hdds-2136-chhj8-2666454444, networkLocation: /default-rack, certSerialId: null}
2019-09-17 12:31:19,276 [grpc-default-executor-0] INFO  impl.RaftServerProxy (RaftServerProxy.java:remove(95)) - 597a450e-db00-46ca-b8ea-d9e1f9500f66: remove group-28FA94F01C3C:null
2019-09-17 12:31:19,289 [RatisPipelineUtilsThread] WARN  pipeline.RatisPipelineUtils (RatisPipelineUtils.java:destroyPipeline(66)) - Pipeline destroy failed for pipeline=PipelineID=946a925e-29f3-4efc-8597-28fa94f01c3c dn=597a450e-db00-46ca-b8ea-d9e1f9500f66{ip: 192.168.5.130, host: pr-hdds-2136-chhj8-2666454444, networkLocation: /default-rack, certSerialId: null}
2019-09-17 12:31:19,299 [grpc-default-executor-0] INFO  impl.RaftServerProxy (RaftServerProxy.java:remove(95)) - 9a3c5405-1b71-41e7-a1e6-d9c2b7bf9721: remove group-28FA94F01C3C:null
2019-09-17 12:31:19,308 [RatisPipelineUtilsThread] WARN  pipeline.RatisPipelineUtils (RatisPipelineUtils.java:destroyPipeline(66)) - Pipeline destroy failed for pipeline=PipelineID=946a925e-29f3-4efc-8597-28fa94f01c3c dn=9a3c5405-1b71-41e7-a1e6-d9c2b7bf9721{ip: 192.168.5.130, host: pr-hdds-2136-chhj8-2666454444, networkLocation: /default-rack, certSerialId: null}
2019-09-17 12:31:19,309 [RatisPipelineUtilsThread] ERROR pipeline.SCMPipelineManager (Scheduler.java:lambda$schedule$1(70)) - Destroy pipeline failed for pipeline:Pipeline[ Id: 946a925e-29f3-4efc-8597-28fa94f01c3c, Nodes: 4005f9e4-9000-4048-961f-9439e52a6da7{ip: 192.168.5.130, host: pr-hdds-2136-chhj8-2666454444, networkLocation: /default-rack, certSerialId: null}597a450e-db00-46ca-b8ea-d9e1f9500f66{ip: 192.168.5.130, host: pr-hdds-2136-chhj8-2666454444, networkLocation: /default-rack, certSerialId: null}9a3c5405-1b71-41e7-a1e6-d9c2b7bf9721{ip: 192.168.5.130, host: pr-hdds-2136-chhj8-2666454444, networkLocation: /default-rack, certSerialId: null}, Type:RATIS, Factor:THREE, State:CLOSED]
org.apache.hadoop.hdds.scm.pipeline.PipelineNotFoundException: PipelineID=946a925e-29f3-4efc-8597-28fa94f01c3c not found
	at org.apache.hadoop.hdds.scm.pipeline.PipelineStateMap.getPipeline(PipelineStateMap.java:132)
	at org.apache.hadoop.hdds.scm.pipeline.PipelineStateMap.removePipeline(PipelineStateMap.java:322)
	at org.apache.hadoop.hdds.scm.pipeline.PipelineStateManager.removePipeline(PipelineStateManager.java:107)
	at org.apache.hadoop.hdds.scm.pipeline.SCMPipelineManager.removePipeline(SCMPipelineManager.java:423)
	at org.apache.hadoop.hdds.scm.pipeline.SCMPipelineManager.destroyPipeline(SCMPipelineManager.java:409)
	at org.apache.hadoop.hdds.scm.pipeline.SCMPipelineManager.lambda$finalizeAndDestroyPipeline$0(SCMPipelineManager.java:318)
	at org.apache.hadoop.utils.Scheduler.lambda$schedule$1(Scheduler.java:68)
	at java.util.concurrent.Executors$RunnableAdapter.call(Executors.java:511)
	at java.util.concurrent.FutureTask.run(FutureTask.java:266)
	at java.util.concurrent.ScheduledThreadPoolExecutor$ScheduledFutureTask.access$201(ScheduledThreadPoolExecutor.java:180)
	at java.util.concurrent.ScheduledThreadPoolExecutor$ScheduledFutureTask.run(ScheduledThreadPoolExecutor.java:293)
	at java.util.concurrent.ThreadPoolExecutor.runWorker(ThreadPoolExecutor.java:1149)
	at java.util.concurrent.ThreadPoolExecutor$Worker.run(ThreadPoolExecutor.java:624)
	at java.lang.Thread.run(Thread.java:748)
2019-09-17 12:31:21,028 [grpc-default-executor-0] INFO  client.GrpcClientProtocolClient (GrpcClientProtocolClient.java:onNext(264)) - client-9B4AC7B4A30D->8dae3b80-5600-44e3-9df5-13b3719afed7: receive RaftClientReply:client-9B4AC7B4A30D->8dae3b80-5600-44e3-9df5-13b3719afed7@group-23F4C195A245, cid=32, FAILED org.apache.ratis.protocol.NotLeaderException: Server 8dae3b80-5600-44e3-9df5-13b3719afed7@group-23F4C195A245 is not the leader f8d8d9c4-afe8-4cc5-8788-d0697b0baa61:192.168.5.130:40344, logIndex=0, commits[8dae3b80-5600-44e3-9df5-13b3719afed7:c10, 639d7dff-6a78-4ecf-aa0a-b8a4b660182e:c6, f8d8d9c4-afe8-4cc5-8788-d0697b0baa61:c10]
2019-09-17 12:31:21,385 [java.util.concurrent.ThreadPoolExecutor$Worker@5fa0ca4a[State = -1, empty queue]] WARN  server.GrpcLogAppender (GrpcLogAppender.java:timeoutAppendRequest(200)) - f8d8d9c4-afe8-4cc5-8788-d0697b0baa61@group-23F4C195A245->8dae3b80-5600-44e3-9df5-13b3719afed7-GrpcLogAppender: appendEntries Timeout, request=f8d8d9c4-afe8-4cc5-8788-d0697b0baa61->8dae3b80-5600-44e3-9df5-13b3719afed7#94-t1, previous=(t:1, i:13), leaderCommit=10, initializing? false, entries: <empty>
2019-09-17 12:31:21,385 [java.util.concurrent.ThreadPoolExecutor$Worker@34aff09a[State = -1, empty queue]] WARN  server.GrpcLogAppender (GrpcLogAppender.java:timeoutAppendRequest(200)) - f8d8d9c4-afe8-4cc5-8788-d0697b0baa61@group-23F4C195A245->639d7dff-6a78-4ecf-aa0a-b8a4b660182e-GrpcLogAppender: appendEntries Timeout, request=f8d8d9c4-afe8-4cc5-8788-d0697b0baa61->639d7dff-6a78-4ecf-aa0a-b8a4b660182e#94-t1, previous=(t:1, i:13), leaderCommit=10, initializing? false, entries: <empty>
2019-09-17 12:31:22,257 [grpc-default-executor-3] INFO  impl.RaftServerProxy (RaftServerProxy.java:remove(95)) - 4005f9e4-9000-4048-961f-9439e52a6da7: remove group-28FA94F01C3C:null
2019-09-17 12:31:22,270 [RatisPipelineUtilsThread] WARN  pipeline.RatisPipelineUtils (RatisPipelineUtils.java:destroyPipeline(66)) - Pipeline destroy failed for pipeline=PipelineID=946a925e-29f3-4efc-8597-28fa94f01c3c dn=4005f9e4-9000-4048-961f-9439e52a6da7{ip: 192.168.5.130, host: pr-hdds-2136-chhj8-2666454444, networkLocation: /default-rack, certSerialId: null}
2019-09-17 12:31:22,274 [grpc-default-executor-3] INFO  impl.RaftServerProxy (RaftServerProxy.java:remove(95)) - 597a450e-db00-46ca-b8ea-d9e1f9500f66: remove group-28FA94F01C3C:null
2019-09-17 12:31:22,280 [RatisPipelineUtilsThread] WARN  pipeline.RatisPipelineUtils (RatisPipelineUtils.java:destroyPipeline(66)) - Pipeline destroy failed for pipeline=PipelineID=946a925e-29f3-4efc-8597-28fa94f01c3c dn=597a450e-db00-46ca-b8ea-d9e1f9500f66{ip: 192.168.5.130, host: pr-hdds-2136-chhj8-2666454444, networkLocation: /default-rack, certSerialId: null}
2019-09-17 12:31:22,283 [grpc-default-executor-3] INFO  impl.RaftServerProxy (RaftServerProxy.java:remove(95)) - 9a3c5405-1b71-41e7-a1e6-d9c2b7bf9721: remove group-28FA94F01C3C:null
2019-09-17 12:31:22,288 [RatisPipelineUtilsThread] WARN  pipeline.RatisPipelineUtils (RatisPipelineUtils.java:destroyPipeline(66)) - Pipeline destroy failed for pipeline=PipelineID=946a925e-29f3-4efc-8597-28fa94f01c3c dn=9a3c5405-1b71-41e7-a1e6-d9c2b7bf9721{ip: 192.168.5.130, host: pr-hdds-2136-chhj8-2666454444, networkLocation: /default-rack, certSerialId: null}
2019-09-17 12:31:22,289 [RatisPipelineUtilsThread] ERROR pipeline.SCMPipelineManager (Scheduler.java:lambda$schedule$1(70)) - Destroy pipeline failed for pipeline:Pipeline[ Id: 946a925e-29f3-4efc-8597-28fa94f01c3c, Nodes: 4005f9e4-9000-4048-961f-9439e52a6da7{ip: 192.168.5.130, host: pr-hdds-2136-chhj8-2666454444, networkLocation: /default-rack, certSerialId: null}597a450e-db00-46ca-b8ea-d9e1f9500f66{ip: 192.168.5.130, host: pr-hdds-2136-chhj8-2666454444, networkLocation: /default-rack, certSerialId: null}9a3c5405-1b71-41e7-a1e6-d9c2b7bf9721{ip: 192.168.5.130, host: pr-hdds-2136-chhj8-2666454444, networkLocation: /default-rack, certSerialId: null}, Type:RATIS, Factor:THREE, State:CLOSED]
org.apache.hadoop.hdds.scm.pipeline.PipelineNotFoundException: PipelineID=946a925e-29f3-4efc-8597-28fa94f01c3c not found
	at org.apache.hadoop.hdds.scm.pipeline.PipelineStateMap.getPipeline(PipelineStateMap.java:132)
	at org.apache.hadoop.hdds.scm.pipeline.PipelineStateMap.removePipeline(PipelineStateMap.java:322)
	at org.apache.hadoop.hdds.scm.pipeline.PipelineStateManager.removePipeline(PipelineStateManager.java:107)
	at org.apache.hadoop.hdds.scm.pipeline.SCMPipelineManager.removePipeline(SCMPipelineManager.java:423)
	at org.apache.hadoop.hdds.scm.pipeline.SCMPipelineManager.destroyPipeline(SCMPipelineManager.java:409)
	at org.apache.hadoop.hdds.scm.pipeline.SCMPipelineManager.lambda$finalizeAndDestroyPipeline$0(SCMPipelineManager.java:318)
	at org.apache.hadoop.utils.Scheduler.lambda$schedule$1(Scheduler.java:68)
	at java.util.concurrent.Executors$RunnableAdapter.call(Executors.java:511)
	at java.util.concurrent.FutureTask.run(FutureTask.java:266)
	at java.util.concurrent.ScheduledThreadPoolExecutor$ScheduledFutureTask.access$201(ScheduledThreadPoolExecutor.java:180)
	at java.util.concurrent.ScheduledThreadPoolExecutor$ScheduledFutureTask.run(ScheduledThreadPoolExecutor.java:293)
	at java.util.concurrent.ThreadPoolExecutor.runWorker(ThreadPoolExecutor.java:1149)
	at java.util.concurrent.ThreadPoolExecutor$Worker.run(ThreadPoolExecutor.java:624)
	at java.lang.Thread.run(Thread.java:748)
2019-09-17 12:31:23,886 [java.util.concurrent.ThreadPoolExecutor$Worker@5fa0ca4a[State = -1, empty queue]] WARN  server.GrpcLogAppender (GrpcLogAppender.java:timeoutAppendRequest(200)) - f8d8d9c4-afe8-4cc5-8788-d0697b0baa61@group-23F4C195A245->8dae3b80-5600-44e3-9df5-13b3719afed7-GrpcLogAppender: appendEntries Timeout, request=f8d8d9c4-afe8-4cc5-8788-d0697b0baa61->8dae3b80-5600-44e3-9df5-13b3719afed7#95-t1, previous=(t:1, i:13), leaderCommit=10, initializing? false, entries: <empty>
2019-09-17 12:31:23,886 [java.util.concurrent.ThreadPoolExecutor$Worker@34aff09a[State = -1, empty queue]] WARN  server.GrpcLogAppender (GrpcLogAppender.java:timeoutAppendRequest(200)) - f8d8d9c4-afe8-4cc5-8788-d0697b0baa61@group-23F4C195A245->639d7dff-6a78-4ecf-aa0a-b8a4b660182e-GrpcLogAppender: appendEntries Timeout, request=f8d8d9c4-afe8-4cc5-8788-d0697b0baa61->639d7dff-6a78-4ecf-aa0a-b8a4b660182e#95-t1, previous=(t:1, i:13), leaderCommit=10, initializing? false, entries: <empty>
2019-09-17 12:31:24,251 [grpc-default-executor-3] INFO  impl.RaftServerProxy (RaftServerProxy.java:remove(95)) - 4005f9e4-9000-4048-961f-9439e52a6da7: remove group-28FA94F01C3C:null
2019-09-17 12:31:24,256 [RatisPipelineUtilsThread] WARN  pipeline.RatisPipelineUtils (RatisPipelineUtils.java:destroyPipeline(66)) - Pipeline destroy failed for pipeline=PipelineID=946a925e-29f3-4efc-8597-28fa94f01c3c dn=4005f9e4-9000-4048-961f-9439e52a6da7{ip: 192.168.5.130, host: pr-hdds-2136-chhj8-2666454444, networkLocation: /default-rack, certSerialId: null}
2019-09-17 12:31:24,260 [grpc-default-executor-3] INFO  impl.RaftServerProxy (RaftServerProxy.java:remove(95)) - 597a450e-db00-46ca-b8ea-d9e1f9500f66: remove group-28FA94F01C3C:null
2019-09-17 12:31:24,264 [RatisPipelineUtilsThread] WARN  pipeline.RatisPipelineUtils (RatisPipelineUtils.java:destroyPipeline(66)) - Pipeline destroy failed for pipeline=PipelineID=946a925e-29f3-4efc-8597-28fa94f01c3c dn=597a450e-db00-46ca-b8ea-d9e1f9500f66{ip: 192.168.5.130, host: pr-hdds-2136-chhj8-2666454444, networkLocation: /default-rack, certSerialId: null}
2019-09-17 12:31:24,268 [grpc-default-executor-3] INFO  impl.RaftServerProxy (RaftServerProxy.java:remove(95)) - 9a3c5405-1b71-41e7-a1e6-d9c2b7bf9721: remove group-28FA94F01C3C:null
2019-09-17 12:31:24,272 [RatisPipelineUtilsThread] WARN  pipeline.RatisPipelineUtils (RatisPipelineUtils.java:destroyPipeline(66)) - Pipeline destroy failed for pipeline=PipelineID=946a925e-29f3-4efc-8597-28fa94f01c3c dn=9a3c5405-1b71-41e7-a1e6-d9c2b7bf9721{ip: 192.168.5.130, host: pr-hdds-2136-chhj8-2666454444, networkLocation: /default-rack, certSerialId: null}
2019-09-17 12:31:24,272 [RatisPipelineUtilsThread] ERROR pipeline.SCMPipelineManager (Scheduler.java:lambda$schedule$1(70)) - Destroy pipeline failed for pipeline:Pipeline[ Id: 946a925e-29f3-4efc-8597-28fa94f01c3c, Nodes: 4005f9e4-9000-4048-961f-9439e52a6da7{ip: 192.168.5.130, host: pr-hdds-2136-chhj8-2666454444, networkLocation: /default-rack, certSerialId: null}597a450e-db00-46ca-b8ea-d9e1f9500f66{ip: 192.168.5.130, host: pr-hdds-2136-chhj8-2666454444, networkLocation: /default-rack, certSerialId: null}9a3c5405-1b71-41e7-a1e6-d9c2b7bf9721{ip: 192.168.5.130, host: pr-hdds-2136-chhj8-2666454444, networkLocation: /default-rack, certSerialId: null}, Type:RATIS, Factor:THREE, State:CLOSED]
org.apache.hadoop.hdds.scm.pipeline.PipelineNotFoundException: PipelineID=946a925e-29f3-4efc-8597-28fa94f01c3c not found
	at org.apache.hadoop.hdds.scm.pipeline.PipelineStateMap.getPipeline(PipelineStateMap.java:132)
	at org.apache.hadoop.hdds.scm.pipeline.PipelineStateMap.removePipeline(PipelineStateMap.java:322)
	at org.apache.hadoop.hdds.scm.pipeline.PipelineStateManager.removePipeline(PipelineStateManager.java:107)
	at org.apache.hadoop.hdds.scm.pipeline.SCMPipelineManager.removePipeline(SCMPipelineManager.java:423)
	at org.apache.hadoop.hdds.scm.pipeline.SCMPipelineManager.destroyPipeline(SCMPipelineManager.java:409)
	at org.apache.hadoop.hdds.scm.pipeline.SCMPipelineManager.lambda$finalizeAndDestroyPipeline$0(SCMPipelineManager.java:318)
	at org.apache.hadoop.utils.Scheduler.lambda$schedule$1(Scheduler.java:68)
	at java.util.concurrent.Executors$RunnableAdapter.call(Executors.java:511)
	at java.util.concurrent.FutureTask.run(FutureTask.java:266)
	at java.util.concurrent.ScheduledThreadPoolExecutor$ScheduledFutureTask.access$201(ScheduledThreadPoolExecutor.java:180)
	at java.util.concurrent.ScheduledThreadPoolExecutor$ScheduledFutureTask.run(ScheduledThreadPoolExecutor.java:293)
	at java.util.concurrent.ThreadPoolExecutor.runWorker(ThreadPoolExecutor.java:1149)
	at java.util.concurrent.ThreadPoolExecutor$Worker.run(ThreadPoolExecutor.java:624)
	at java.lang.Thread.run(Thread.java:748)
2019-09-17 12:31:25,881 [f8d8d9c4-afe8-4cc5-8788-d0697b0baa61@group-23F4C195A245-SegmentedRaftLogWorker] WARN  segmented.SegmentedRaftLogWorker (SegmentedRaftLogWorker.java:getFromFuture(90)) - Timeout 1/~
org.apache.ratis.protocol.TimeoutIOException: Timeout 10s: WriteLog:11: (t:1, i:11), STATEMACHINELOGENTRY, client-9B4AC7B4A30D, cid=32-writeStateMachineData
	at org.apache.ratis.util.IOUtils.getFromFuture(IOUtils.java:87)
	at org.apache.ratis.server.raftlog.segmented.SegmentedRaftLogWorker$StateMachineDataPolicy.getFromFuture(SegmentedRaftLogWorker.java:87)
	at org.apache.ratis.server.raftlog.segmented.SegmentedRaftLogWorker$WriteLog.execute(SegmentedRaftLogWorker.java:477)
	at org.apache.ratis.server.raftlog.segmented.SegmentedRaftLogWorker.run(SegmentedRaftLogWorker.java:289)
	at java.lang.Thread.run(Thread.java:748)
Caused by: java.util.concurrent.TimeoutException
	at java.util.concurrent.CompletableFuture.timedGet(CompletableFuture.java:1771)
	at java.util.concurrent.CompletableFuture.get(CompletableFuture.java:1915)
	at org.apache.ratis.util.IOUtils.getFromFuture(IOUtils.java:79)
	... 4 more
2019-09-17 12:31:26,036 [639d7dff-6a78-4ecf-aa0a-b8a4b660182e@group-23F4C195A245-SegmentedRaftLogWorker] WARN  segmented.SegmentedRaftLogWorker (SegmentedRaftLogWorker.java:getFromFuture(90)) - Timeout 1/~
org.apache.ratis.protocol.TimeoutIOException: Timeout 10s: WriteLog:12: (t:1, i:12), STATEMACHINELOGENTRY, client-9B4AC7B4A30D, cid=33-writeStateMachineData
	at org.apache.ratis.util.IOUtils.getFromFuture(IOUtils.java:87)
	at org.apache.ratis.server.raftlog.segmented.SegmentedRaftLogWorker$StateMachineDataPolicy.getFromFuture(SegmentedRaftLogWorker.java:87)
	at org.apache.ratis.server.raftlog.segmented.SegmentedRaftLogWorker$WriteLog.execute(SegmentedRaftLogWorker.java:477)
	at org.apache.ratis.server.raftlog.segmented.SegmentedRaftLogWorker.run(SegmentedRaftLogWorker.java:289)
	at java.lang.Thread.run(Thread.java:748)
Caused by: java.util.concurrent.TimeoutException
	at java.util.concurrent.CompletableFuture.timedGet(CompletableFuture.java:1771)
	at java.util.concurrent.CompletableFuture.get(CompletableFuture.java:1915)
	at org.apache.ratis.util.IOUtils.getFromFuture(IOUtils.java:79)
	... 4 more
2019-09-17 12:31:26,036 [8dae3b80-5600-44e3-9df5-13b3719afed7@group-23F4C195A245-SegmentedRaftLogWorker] WARN  segmented.SegmentedRaftLogWorker (SegmentedRaftLogWorker.java:getFromFuture(90)) - Timeout 1/~
org.apache.ratis.protocol.TimeoutIOException: Timeout 10s: WriteLog:12: (t:1, i:12), STATEMACHINELOGENTRY, client-9B4AC7B4A30D, cid=33-writeStateMachineData
	at org.apache.ratis.util.IOUtils.getFromFuture(IOUtils.java:87)
	at org.apache.ratis.server.raftlog.segmented.SegmentedRaftLogWorker$StateMachineDataPolicy.getFromFuture(SegmentedRaftLogWorker.java:87)
	at org.apache.ratis.server.raftlog.segmented.SegmentedRaftLogWorker$WriteLog.execute(SegmentedRaftLogWorker.java:477)
	at org.apache.ratis.server.raftlog.segmented.SegmentedRaftLogWorker.run(SegmentedRaftLogWorker.java:289)
	at java.lang.Thread.run(Thread.java:748)
Caused by: java.util.concurrent.TimeoutException
	at java.util.concurrent.CompletableFuture.timedGet(CompletableFuture.java:1771)
	at java.util.concurrent.CompletableFuture.get(CompletableFuture.java:1915)
	at org.apache.ratis.util.IOUtils.getFromFuture(IOUtils.java:79)
	... 4 more
2019-09-17 12:31:26,060 [grpc-default-executor-3] INFO  client.GrpcClientProtocolClient (GrpcClientProtocolClient.java:onNext(264)) - client-9B4AC7B4A30D->8dae3b80-5600-44e3-9df5-13b3719afed7: receive RaftClientReply:client-9B4AC7B4A30D->8dae3b80-5600-44e3-9df5-13b3719afed7@group-23F4C195A245, cid=32, FAILED org.apache.ratis.protocol.NotLeaderException: Server 8dae3b80-5600-44e3-9df5-13b3719afed7@group-23F4C195A245 is not the leader f8d8d9c4-afe8-4cc5-8788-d0697b0baa61:192.168.5.130:40344, logIndex=0, commits[8dae3b80-5600-44e3-9df5-13b3719afed7:c10, 639d7dff-6a78-4ecf-aa0a-b8a4b660182e:c6, f8d8d9c4-afe8-4cc5-8788-d0697b0baa61:c10]
2019-09-17 12:31:26,386 [java.util.concurrent.ThreadPoolExecutor$Worker@34aff09a[State = -1, empty queue]] WARN  server.GrpcLogAppender (GrpcLogAppender.java:timeoutAppendRequest(200)) - f8d8d9c4-afe8-4cc5-8788-d0697b0baa61@group-23F4C195A245->639d7dff-6a78-4ecf-aa0a-b8a4b660182e-GrpcLogAppender: appendEntries Timeout, request=f8d8d9c4-afe8-4cc5-8788-d0697b0baa61->639d7dff-6a78-4ecf-aa0a-b8a4b660182e#96-t1, previous=(t:1, i:13), leaderCommit=10, initializing? false, entries: <empty>
2019-09-17 12:31:26,386 [java.util.concurrent.ThreadPoolExecutor$Worker@5fa0ca4a[State = -1, empty queue]] WARN  server.GrpcLogAppender (GrpcLogAppender.java:timeoutAppendRequest(200)) - f8d8d9c4-afe8-4cc5-8788-d0697b0baa61@group-23F4C195A245->8dae3b80-5600-44e3-9df5-13b3719afed7-GrpcLogAppender: appendEntries Timeout, request=f8d8d9c4-afe8-4cc5-8788-d0697b0baa61->8dae3b80-5600-44e3-9df5-13b3719afed7#96-t1, previous=(t:1, i:13), leaderCommit=10, initializing? false, entries: <empty>
2019-09-17 12:31:27,252 [grpc-default-executor-0] INFO  impl.RaftServerProxy (RaftServerProxy.java:remove(95)) - 4005f9e4-9000-4048-961f-9439e52a6da7: remove group-28FA94F01C3C:null
2019-09-17 12:31:27,260 [RatisPipelineUtilsThread] WARN  pipeline.RatisPipelineUtils (RatisPipelineUtils.java:destroyPipeline(66)) - Pipeline destroy failed for pipeline=PipelineID=946a925e-29f3-4efc-8597-28fa94f01c3c dn=4005f9e4-9000-4048-961f-9439e52a6da7{ip: 192.168.5.130, host: pr-hdds-2136-chhj8-2666454444, networkLocation: /default-rack, certSerialId: null}
2019-09-17 12:31:27,263 [grpc-default-executor-0] INFO  impl.RaftServerProxy (RaftServerProxy.java:remove(95)) - 597a450e-db00-46ca-b8ea-d9e1f9500f66: remove group-28FA94F01C3C:null
2019-09-17 12:31:27,269 [RatisPipelineUtilsThread] WARN  pipeline.RatisPipelineUtils (RatisPipelineUtils.java:destroyPipeline(66)) - Pipeline destroy failed for pipeline=PipelineID=946a925e-29f3-4efc-8597-28fa94f01c3c dn=597a450e-db00-46ca-b8ea-d9e1f9500f66{ip: 192.168.5.130, host: pr-hdds-2136-chhj8-2666454444, networkLocation: /default-rack, certSerialId: null}
2019-09-17 12:31:27,272 [grpc-default-executor-0] INFO  impl.RaftServerProxy (RaftServerProxy.java:remove(95)) - 9a3c5405-1b71-41e7-a1e6-d9c2b7bf9721: remove group-28FA94F01C3C:null
2019-09-17 12:31:27,278 [RatisPipelineUtilsThread] WARN  pipeline.RatisPipelineUtils (RatisPipelineUtils.java:destroyPipeline(66)) - Pipeline destroy failed for pipeline=PipelineID=946a925e-29f3-4efc-8597-28fa94f01c3c dn=9a3c5405-1b71-41e7-a1e6-d9c2b7bf9721{ip: 192.168.5.130, host: pr-hdds-2136-chhj8-2666454444, networkLocation: /default-rack, certSerialId: null}
2019-09-17 12:31:27,278 [RatisPipelineUtilsThread] ERROR pipeline.SCMPipelineManager (Scheduler.java:lambda$schedule$1(70)) - Destroy pipeline failed for pipeline:Pipeline[ Id: 946a925e-29f3-4efc-8597-28fa94f01c3c, Nodes: 4005f9e4-9000-4048-961f-9439e52a6da7{ip: 192.168.5.130, host: pr-hdds-2136-chhj8-2666454444, networkLocation: /default-rack, certSerialId: null}597a450e-db00-46ca-b8ea-d9e1f9500f66{ip: 192.168.5.130, host: pr-hdds-2136-chhj8-2666454444, networkLocation: /default-rack, certSerialId: null}9a3c5405-1b71-41e7-a1e6-d9c2b7bf9721{ip: 192.168.5.130, host: pr-hdds-2136-chhj8-2666454444, networkLocation: /default-rack, certSerialId: null}, Type:RATIS, Factor:THREE, State:CLOSED]
org.apache.hadoop.hdds.scm.pipeline.PipelineNotFoundException: PipelineID=946a925e-29f3-4efc-8597-28fa94f01c3c not found
	at org.apache.hadoop.hdds.scm.pipeline.PipelineStateMap.getPipeline(PipelineStateMap.java:132)
	at org.apache.hadoop.hdds.scm.pipeline.PipelineStateMap.removePipeline(PipelineStateMap.java:322)
	at org.apache.hadoop.hdds.scm.pipeline.PipelineStateManager.removePipeline(PipelineStateManager.java:107)
	at org.apache.hadoop.hdds.scm.pipeline.SCMPipelineManager.removePipeline(SCMPipelineManager.java:423)
	at org.apache.hadoop.hdds.scm.pipeline.SCMPipelineManager.destroyPipeline(SCMPipelineManager.java:409)
	at org.apache.hadoop.hdds.scm.pipeline.SCMPipelineManager.lambda$finalizeAndDestroyPipeline$0(SCMPipelineManager.java:318)
	at org.apache.hadoop.utils.Scheduler.lambda$schedule$1(Scheduler.java:68)
	at java.util.concurrent.Executors$RunnableAdapter.call(Executors.java:511)
	at java.util.concurrent.FutureTask.run(FutureTask.java:266)
	at java.util.concurrent.ScheduledThreadPoolExecutor$ScheduledFutureTask.access$201(ScheduledThreadPoolExecutor.java:180)
	at java.util.concurrent.ScheduledThreadPoolExecutor$ScheduledFutureTask.run(ScheduledThreadPoolExecutor.java:293)
	at java.util.concurrent.ThreadPoolExecutor.runWorker(ThreadPoolExecutor.java:1149)
	at java.util.concurrent.ThreadPoolExecutor$Worker.run(ThreadPoolExecutor.java:624)
	at java.lang.Thread.run(Thread.java:748)
2019-09-17 12:31:28,887 [java.util.concurrent.ThreadPoolExecutor$Worker@5fa0ca4a[State = -1, empty queue]] WARN  server.GrpcLogAppender (GrpcLogAppender.java:timeoutAppendRequest(200)) - f8d8d9c4-afe8-4cc5-8788-d0697b0baa61@group-23F4C195A245->8dae3b80-5600-44e3-9df5-13b3719afed7-GrpcLogAppender: appendEntries Timeout, request=f8d8d9c4-afe8-4cc5-8788-d0697b0baa61->8dae3b80-5600-44e3-9df5-13b3719afed7#97-t1, previous=(t:1, i:13), leaderCommit=10, initializing? false, entries: <empty>
2019-09-17 12:31:28,887 [java.util.concurrent.ThreadPoolExecutor$Worker@34aff09a[State = -1, empty queue]] WARN  server.GrpcLogAppender (GrpcLogAppender.java:timeoutAppendRequest(200)) - f8d8d9c4-afe8-4cc5-8788-d0697b0baa61@group-23F4C195A245->639d7dff-6a78-4ecf-aa0a-b8a4b660182e-GrpcLogAppender: appendEntries Timeout, request=f8d8d9c4-afe8-4cc5-8788-d0697b0baa61->639d7dff-6a78-4ecf-aa0a-b8a4b660182e#97-t1, previous=(t:1, i:13), leaderCommit=10, initializing? false, entries: <empty>
2019-09-17 12:31:29,254 [grpc-default-executor-3] INFO  impl.RaftServerProxy (RaftServerProxy.java:remove(95)) - 4005f9e4-9000-4048-961f-9439e52a6da7: remove group-28FA94F01C3C:null
2019-09-17 12:31:29,260 [RatisPipelineUtilsThread] WARN  pipeline.RatisPipelineUtils (RatisPipelineUtils.java:destroyPipeline(66)) - Pipeline destroy failed for pipeline=PipelineID=946a925e-29f3-4efc-8597-28fa94f01c3c dn=4005f9e4-9000-4048-961f-9439e52a6da7{ip: 192.168.5.130, host: pr-hdds-2136-chhj8-2666454444, networkLocation: /default-rack, certSerialId: null}
2019-09-17 12:31:29,264 [grpc-default-executor-3] INFO  impl.RaftServerProxy (RaftServerProxy.java:remove(95)) - 597a450e-db00-46ca-b8ea-d9e1f9500f66: remove group-28FA94F01C3C:null
2019-09-17 12:31:29,268 [RatisPipelineUtilsThread] WARN  pipeline.RatisPipelineUtils (RatisPipelineUtils.java:destroyPipeline(66)) - Pipeline destroy failed for pipeline=PipelineID=946a925e-29f3-4efc-8597-28fa94f01c3c dn=597a450e-db00-46ca-b8ea-d9e1f9500f66{ip: 192.168.5.130, host: pr-hdds-2136-chhj8-2666454444, networkLocation: /default-rack, certSerialId: null}
2019-09-17 12:31:29,271 [grpc-default-executor-3] INFO  impl.RaftServerProxy (RaftServerProxy.java:remove(95)) - 9a3c5405-1b71-41e7-a1e6-d9c2b7bf9721: remove group-28FA94F01C3C:null
2019-09-17 12:31:29,275 [RatisPipelineUtilsThread] WARN  pipeline.RatisPipelineUtils (RatisPipelineUtils.java:destroyPipeline(66)) - Pipeline destroy failed for pipeline=PipelineID=946a925e-29f3-4efc-8597-28fa94f01c3c dn=9a3c5405-1b71-41e7-a1e6-d9c2b7bf9721{ip: 192.168.5.130, host: pr-hdds-2136-chhj8-2666454444, networkLocation: /default-rack, certSerialId: null}
2019-09-17 12:31:29,275 [RatisPipelineUtilsThread] ERROR pipeline.SCMPipelineManager (Scheduler.java:lambda$schedule$1(70)) - Destroy pipeline failed for pipeline:Pipeline[ Id: 946a925e-29f3-4efc-8597-28fa94f01c3c, Nodes: 4005f9e4-9000-4048-961f-9439e52a6da7{ip: 192.168.5.130, host: pr-hdds-2136-chhj8-2666454444, networkLocation: /default-rack, certSerialId: null}597a450e-db00-46ca-b8ea-d9e1f9500f66{ip: 192.168.5.130, host: pr-hdds-2136-chhj8-2666454444, networkLocation: /default-rack, certSerialId: null}9a3c5405-1b71-41e7-a1e6-d9c2b7bf9721{ip: 192.168.5.130, host: pr-hdds-2136-chhj8-2666454444, networkLocation: /default-rack, certSerialId: null}, Type:RATIS, Factor:THREE, State:CLOSED]
org.apache.hadoop.hdds.scm.pipeline.PipelineNotFoundException: PipelineID=946a925e-29f3-4efc-8597-28fa94f01c3c not found
	at org.apache.hadoop.hdds.scm.pipeline.PipelineStateMap.getPipeline(PipelineStateMap.java:132)
	at org.apache.hadoop.hdds.scm.pipeline.PipelineStateMap.removePipeline(PipelineStateMap.java:322)
	at org.apache.hadoop.hdds.scm.pipeline.PipelineStateManager.removePipeline(PipelineStateManager.java:107)
	at org.apache.hadoop.hdds.scm.pipeline.SCMPipelineManager.removePipeline(SCMPipelineManager.java:423)
	at org.apache.hadoop.hdds.scm.pipeline.SCMPipelineManager.destroyPipeline(SCMPipelineManager.java:409)
	at org.apache.hadoop.hdds.scm.pipeline.SCMPipelineManager.lambda$finalizeAndDestroyPipeline$0(SCMPipelineManager.java:318)
	at org.apache.hadoop.utils.Scheduler.lambda$schedule$1(Scheduler.java:68)
	at java.util.concurrent.Executors$RunnableAdapter.call(Executors.java:511)
	at java.util.concurrent.FutureTask.run(FutureTask.java:266)
	at java.util.concurrent.ScheduledThreadPoolExecutor$ScheduledFutureTask.access$201(ScheduledThreadPoolExecutor.java:180)
	at java.util.concurrent.ScheduledThreadPoolExecutor$ScheduledFutureTask.run(ScheduledThreadPoolExecutor.java:293)
	at java.util.concurrent.ThreadPoolExecutor.runWorker(ThreadPoolExecutor.java:1149)
	at java.util.concurrent.ThreadPoolExecutor$Worker.run(ThreadPoolExecutor.java:624)
	at java.lang.Thread.run(Thread.java:748)
2019-09-17 12:31:31,097 [grpc-default-executor-0] INFO  client.GrpcClientProtocolClient (GrpcClientProtocolClient.java:onNext(264)) - client-9B4AC7B4A30D->639d7dff-6a78-4ecf-aa0a-b8a4b660182e: receive RaftClientReply:client-9B4AC7B4A30D->639d7dff-6a78-4ecf-aa0a-b8a4b660182e@group-23F4C195A245, cid=32, FAILED org.apache.ratis.protocol.NotLeaderException: Server 639d7dff-6a78-4ecf-aa0a-b8a4b660182e@group-23F4C195A245 is not the leader f8d8d9c4-afe8-4cc5-8788-d0697b0baa61:192.168.5.130:40344, logIndex=0, commits[639d7dff-6a78-4ecf-aa0a-b8a4b660182e:c10, 8dae3b80-5600-44e3-9df5-13b3719afed7:c6, f8d8d9c4-afe8-4cc5-8788-d0697b0baa61:c10]
2019-09-17 12:31:31,387 [java.util.concurrent.ThreadPoolExecutor$Worker@34aff09a[State = -1, empty queue]] WARN  server.GrpcLogAppender (GrpcLogAppender.java:timeoutAppendRequest(200)) - f8d8d9c4-afe8-4cc5-8788-d0697b0baa61@group-23F4C195A245->639d7dff-6a78-4ecf-aa0a-b8a4b660182e-GrpcLogAppender: appendEntries Timeout, request=f8d8d9c4-afe8-4cc5-8788-d0697b0baa61->639d7dff-6a78-4ecf-aa0a-b8a4b660182e#98-t1, previous=(t:1, i:13), leaderCommit=10, initializing? false, entries: <empty>
2019-09-17 12:31:31,387 [java.util.concurrent.ThreadPoolExecutor$Worker@5fa0ca4a[State = -1, empty queue]] WARN  server.GrpcLogAppender (GrpcLogAppender.java:timeoutAppendRequest(200)) - f8d8d9c4-afe8-4cc5-8788-d0697b0baa61@group-23F4C195A245->8dae3b80-5600-44e3-9df5-13b3719afed7-GrpcLogAppender: appendEntries Timeout, request=f8d8d9c4-afe8-4cc5-8788-d0697b0baa61->8dae3b80-5600-44e3-9df5-13b3719afed7#98-t1, previous=(t:1, i:13), leaderCommit=10, initializing? false, entries: <empty>
2019-09-17 12:31:32,256 [grpc-default-executor-3] INFO  impl.RaftServerProxy (RaftServerProxy.java:remove(95)) - 4005f9e4-9000-4048-961f-9439e52a6da7: remove group-28FA94F01C3C:null
2019-09-17 12:31:32,263 [RatisPipelineUtilsThread] WARN  pipeline.RatisPipelineUtils (RatisPipelineUtils.java:destroyPipeline(66)) - Pipeline destroy failed for pipeline=PipelineID=946a925e-29f3-4efc-8597-28fa94f01c3c dn=4005f9e4-9000-4048-961f-9439e52a6da7{ip: 192.168.5.130, host: pr-hdds-2136-chhj8-2666454444, networkLocation: /default-rack, certSerialId: null}
2019-09-17 12:31:32,267 [grpc-default-executor-3] INFO  impl.RaftServerProxy (RaftServerProxy.java:remove(95)) - 597a450e-db00-46ca-b8ea-d9e1f9500f66: remove group-28FA94F01C3C:null
2019-09-17 12:31:32,273 [RatisPipelineUtilsThread] WARN  pipeline.RatisPipelineUtils (RatisPipelineUtils.java:destroyPipeline(66)) - Pipeline destroy failed for pipeline=PipelineID=946a925e-29f3-4efc-8597-28fa94f01c3c dn=597a450e-db00-46ca-b8ea-d9e1f9500f66{ip: 192.168.5.130, host: pr-hdds-2136-chhj8-2666454444, networkLocation: /default-rack, certSerialId: null}
2019-09-17 12:31:32,277 [grpc-default-executor-3] INFO  impl.RaftServerProxy (RaftServerProxy.java:remove(95)) - 9a3c5405-1b71-41e7-a1e6-d9c2b7bf9721: remove group-28FA94F01C3C:null
2019-09-17 12:31:32,282 [RatisPipelineUtilsThread] WARN  pipeline.RatisPipelineUtils (RatisPipelineUtils.java:destroyPipeline(66)) - Pipeline destroy failed for pipeline=PipelineID=946a925e-29f3-4efc-8597-28fa94f01c3c dn=9a3c5405-1b71-41e7-a1e6-d9c2b7bf9721{ip: 192.168.5.130, host: pr-hdds-2136-chhj8-2666454444, networkLocation: /default-rack, certSerialId: null}
2019-09-17 12:31:32,282 [RatisPipelineUtilsThread] ERROR pipeline.SCMPipelineManager (Scheduler.java:lambda$schedule$1(70)) - Destroy pipeline failed for pipeline:Pipeline[ Id: 946a925e-29f3-4efc-8597-28fa94f01c3c, Nodes: 4005f9e4-9000-4048-961f-9439e52a6da7{ip: 192.168.5.130, host: pr-hdds-2136-chhj8-2666454444, networkLocation: /default-rack, certSerialId: null}597a450e-db00-46ca-b8ea-d9e1f9500f66{ip: 192.168.5.130, host: pr-hdds-2136-chhj8-2666454444, networkLocation: /default-rack, certSerialId: null}9a3c5405-1b71-41e7-a1e6-d9c2b7bf9721{ip: 192.168.5.130, host: pr-hdds-2136-chhj8-2666454444, networkLocation: /default-rack, certSerialId: null}, Type:RATIS, Factor:THREE, State:CLOSED]
org.apache.hadoop.hdds.scm.pipeline.PipelineNotFoundException: PipelineID=946a925e-29f3-4efc-8597-28fa94f01c3c not found
	at org.apache.hadoop.hdds.scm.pipeline.PipelineStateMap.getPipeline(PipelineStateMap.java:132)
	at org.apache.hadoop.hdds.scm.pipeline.PipelineStateMap.removePipeline(PipelineStateMap.java:322)
	at org.apache.hadoop.hdds.scm.pipeline.PipelineStateManager.removePipeline(PipelineStateManager.java:107)
	at org.apache.hadoop.hdds.scm.pipeline.SCMPipelineManager.removePipeline(SCMPipelineManager.java:423)
	at org.apache.hadoop.hdds.scm.pipeline.SCMPipelineManager.destroyPipeline(SCMPipelineManager.java:409)
	at org.apache.hadoop.hdds.scm.pipeline.SCMPipelineManager.lambda$finalizeAndDestroyPipeline$0(SCMPipelineManager.java:318)
	at org.apache.hadoop.utils.Scheduler.lambda$schedule$1(Scheduler.java:68)
	at java.util.concurrent.Executors$RunnableAdapter.call(Executors.java:511)
	at java.util.concurrent.FutureTask.run(FutureTask.java:266)
	at java.util.concurrent.ScheduledThreadPoolExecutor$ScheduledFutureTask.access$201(ScheduledThreadPoolExecutor.java:180)
	at java.util.concurrent.ScheduledThreadPoolExecutor$ScheduledFutureTask.run(ScheduledThreadPoolExecutor.java:293)
	at java.util.concurrent.ThreadPoolExecutor.runWorker(ThreadPoolExecutor.java:1149)
	at java.util.concurrent.ThreadPoolExecutor$Worker.run(ThreadPoolExecutor.java:624)
	at java.lang.Thread.run(Thread.java:748)
2019-09-17 12:31:33,887 [java.util.concurrent.ThreadPoolExecutor$Worker@5fa0ca4a[State = -1, empty queue]] WARN  server.GrpcLogAppender (GrpcLogAppender.java:timeoutAppendRequest(200)) - f8d8d9c4-afe8-4cc5-8788-d0697b0baa61@group-23F4C195A245->8dae3b80-5600-44e3-9df5-13b3719afed7-GrpcLogAppender: appendEntries Timeout, request=f8d8d9c4-afe8-4cc5-8788-d0697b0baa61->8dae3b80-5600-44e3-9df5-13b3719afed7#99-t1, previous=(t:1, i:13), leaderCommit=10, initializing? false, entries: <empty>
2019-09-17 12:31:33,887 [java.util.concurrent.ThreadPoolExecutor$Worker@34aff09a[State = -1, empty queue]] WARN  server.GrpcLogAppender (GrpcLogAppender.java:timeoutAppendRequest(200)) - f8d8d9c4-afe8-4cc5-8788-d0697b0baa61@group-23F4C195A245->639d7dff-6a78-4ecf-aa0a-b8a4b660182e-GrpcLogAppender: appendEntries Timeout, request=f8d8d9c4-afe8-4cc5-8788-d0697b0baa61->639d7dff-6a78-4ecf-aa0a-b8a4b660182e#99-t1, previous=(t:1, i:13), leaderCommit=10, initializing? false, entries: <empty>
2019-09-17 12:31:34,266 [grpc-default-executor-0] INFO  impl.RaftServerProxy (RaftServerProxy.java:remove(95)) - 4005f9e4-9000-4048-961f-9439e52a6da7: remove group-28FA94F01C3C:null
2019-09-17 12:31:34,275 [RatisPipelineUtilsThread] WARN  pipeline.RatisPipelineUtils (RatisPipelineUtils.java:destroyPipeline(66)) - Pipeline destroy failed for pipeline=PipelineID=946a925e-29f3-4efc-8597-28fa94f01c3c dn=4005f9e4-9000-4048-961f-9439e52a6da7{ip: 192.168.5.130, host: pr-hdds-2136-chhj8-2666454444, networkLocation: /default-rack, certSerialId: null}
2019-09-17 12:31:34,280 [grpc-default-executor-0] INFO  impl.RaftServerProxy (RaftServerProxy.java:remove(95)) - 597a450e-db00-46ca-b8ea-d9e1f9500f66: remove group-28FA94F01C3C:null
2019-09-17 12:31:34,285 [RatisPipelineUtilsThread] WARN  pipeline.RatisPipelineUtils (RatisPipelineUtils.java:destroyPipeline(66)) - Pipeline destroy failed for pipeline=PipelineID=946a925e-29f3-4efc-8597-28fa94f01c3c dn=597a450e-db00-46ca-b8ea-d9e1f9500f66{ip: 192.168.5.130, host: pr-hdds-2136-chhj8-2666454444, networkLocation: /default-rack, certSerialId: null}
2019-09-17 12:31:34,289 [grpc-default-executor-0] INFO  impl.RaftServerProxy (RaftServerProxy.java:remove(95)) - 9a3c5405-1b71-41e7-a1e6-d9c2b7bf9721: remove group-28FA94F01C3C:null
2019-09-17 12:31:34,293 [RatisPipelineUtilsThread] WARN  pipeline.RatisPipelineUtils (RatisPipelineUtils.java:destroyPipeline(66)) - Pipeline destroy failed for pipeline=PipelineID=946a925e-29f3-4efc-8597-28fa94f01c3c dn=9a3c5405-1b71-41e7-a1e6-d9c2b7bf9721{ip: 192.168.5.130, host: pr-hdds-2136-chhj8-2666454444, networkLocation: /default-rack, certSerialId: null}
2019-09-17 12:31:34,294 [RatisPipelineUtilsThread] ERROR pipeline.SCMPipelineManager (Scheduler.java:lambda$schedule$1(70)) - Destroy pipeline failed for pipeline:Pipeline[ Id: 946a925e-29f3-4efc-8597-28fa94f01c3c, Nodes: 4005f9e4-9000-4048-961f-9439e52a6da7{ip: 192.168.5.130, host: pr-hdds-2136-chhj8-2666454444, networkLocation: /default-rack, certSerialId: null}597a450e-db00-46ca-b8ea-d9e1f9500f66{ip: 192.168.5.130, host: pr-hdds-2136-chhj8-2666454444, networkLocation: /default-rack, certSerialId: null}9a3c5405-1b71-41e7-a1e6-d9c2b7bf9721{ip: 192.168.5.130, host: pr-hdds-2136-chhj8-2666454444, networkLocation: /default-rack, certSerialId: null}, Type:RATIS, Factor:THREE, State:CLOSED]
org.apache.hadoop.hdds.scm.pipeline.PipelineNotFoundException: PipelineID=946a925e-29f3-4efc-8597-28fa94f01c3c not found
	at org.apache.hadoop.hdds.scm.pipeline.PipelineStateMap.getPipeline(PipelineStateMap.java:132)
	at org.apache.hadoop.hdds.scm.pipeline.PipelineStateMap.removePipeline(PipelineStateMap.java:322)
	at org.apache.hadoop.hdds.scm.pipeline.PipelineStateManager.removePipeline(PipelineStateManager.java:107)
	at org.apache.hadoop.hdds.scm.pipeline.SCMPipelineManager.removePipeline(SCMPipelineManager.java:423)
	at org.apache.hadoop.hdds.scm.pipeline.SCMPipelineManager.destroyPipeline(SCMPipelineManager.java:409)
	at org.apache.hadoop.hdds.scm.pipeline.SCMPipelineManager.lambda$finalizeAndDestroyPipeline$0(SCMPipelineManager.java:318)
	at org.apache.hadoop.utils.Scheduler.lambda$schedule$1(Scheduler.java:68)
	at java.util.concurrent.Executors$RunnableAdapter.call(Executors.java:511)
	at java.util.concurrent.FutureTask.run(FutureTask.java:266)
	at java.util.concurrent.ScheduledThreadPoolExecutor$ScheduledFutureTask.access$201(ScheduledThreadPoolExecutor.java:180)
	at java.util.concurrent.ScheduledThreadPoolExecutor$ScheduledFutureTask.run(ScheduledThreadPoolExecutor.java:293)
	at java.util.concurrent.ThreadPoolExecutor.runWorker(ThreadPoolExecutor.java:1149)
	at java.util.concurrent.ThreadPoolExecutor$Worker.run(ThreadPoolExecutor.java:624)
	at java.lang.Thread.run(Thread.java:748)
2019-09-17 12:31:35,882 [f8d8d9c4-afe8-4cc5-8788-d0697b0baa61@group-23F4C195A245-SegmentedRaftLogWorker] WARN  segmented.SegmentedRaftLogWorker (SegmentedRaftLogWorker.java:getFromFuture(90)) - Timeout 2/~
org.apache.ratis.protocol.TimeoutIOException: Timeout 10s: WriteLog:11: (t:1, i:11), STATEMACHINELOGENTRY, client-9B4AC7B4A30D, cid=32-writeStateMachineData
	at org.apache.ratis.util.IOUtils.getFromFuture(IOUtils.java:87)
	at org.apache.ratis.server.raftlog.segmented.SegmentedRaftLogWorker$StateMachineDataPolicy.getFromFuture(SegmentedRaftLogWorker.java:87)
	at org.apache.ratis.server.raftlog.segmented.SegmentedRaftLogWorker$WriteLog.execute(SegmentedRaftLogWorker.java:477)
	at org.apache.ratis.server.raftlog.segmented.SegmentedRaftLogWorker.run(SegmentedRaftLogWorker.java:289)
	at java.lang.Thread.run(Thread.java:748)
Caused by: java.util.concurrent.TimeoutException
	at java.util.concurrent.CompletableFuture.timedGet(CompletableFuture.java:1771)
	at java.util.concurrent.CompletableFuture.get(CompletableFuture.java:1915)
	at org.apache.ratis.util.IOUtils.getFromFuture(IOUtils.java:79)
	... 4 more
2019-09-17 12:31:36,037 [639d7dff-6a78-4ecf-aa0a-b8a4b660182e@group-23F4C195A245-SegmentedRaftLogWorker] WARN  segmented.SegmentedRaftLogWorker (SegmentedRaftLogWorker.java:getFromFuture(90)) - Timeout 2/~
org.apache.ratis.protocol.TimeoutIOException: Timeout 10s: WriteLog:12: (t:1, i:12), STATEMACHINELOGENTRY, client-9B4AC7B4A30D, cid=33-writeStateMachineData
	at org.apache.ratis.util.IOUtils.getFromFuture(IOUtils.java:87)
	at org.apache.ratis.server.raftlog.segmented.SegmentedRaftLogWorker$StateMachineDataPolicy.getFromFuture(SegmentedRaftLogWorker.java:87)
	at org.apache.ratis.server.raftlog.segmented.SegmentedRaftLogWorker$WriteLog.execute(SegmentedRaftLogWorker.java:477)
	at org.apache.ratis.server.raftlog.segmented.SegmentedRaftLogWorker.run(SegmentedRaftLogWorker.java:289)
	at java.lang.Thread.run(Thread.java:748)
Caused by: java.util.concurrent.TimeoutException
	at java.util.concurrent.CompletableFuture.timedGet(CompletableFuture.java:1771)
	at java.util.concurrent.CompletableFuture.get(CompletableFuture.java:1915)
	at org.apache.ratis.util.IOUtils.getFromFuture(IOUtils.java:79)
	... 4 more
2019-09-17 12:31:36,037 [8dae3b80-5600-44e3-9df5-13b3719afed7@group-23F4C195A245-SegmentedRaftLogWorker] WARN  segmented.SegmentedRaftLogWorker (SegmentedRaftLogWorker.java:getFromFuture(90)) - Timeout 2/~
org.apache.ratis.protocol.TimeoutIOException: Timeout 10s: WriteLog:12: (t:1, i:12), STATEMACHINELOGENTRY, client-9B4AC7B4A30D, cid=33-writeStateMachineData
	at org.apache.ratis.util.IOUtils.getFromFuture(IOUtils.java:87)
	at org.apache.ratis.server.raftlog.segmented.SegmentedRaftLogWorker$StateMachineDataPolicy.getFromFuture(SegmentedRaftLogWorker.java:87)
	at org.apache.ratis.server.raftlog.segmented.SegmentedRaftLogWorker$WriteLog.execute(SegmentedRaftLogWorker.java:477)
	at org.apache.ratis.server.raftlog.segmented.SegmentedRaftLogWorker.run(SegmentedRaftLogWorker.java:289)
	at java.lang.Thread.run(Thread.java:748)
Caused by: java.util.concurrent.TimeoutException
	at java.util.concurrent.CompletableFuture.timedGet(CompletableFuture.java:1771)
	at java.util.concurrent.CompletableFuture.get(CompletableFuture.java:1915)
	at org.apache.ratis.util.IOUtils.getFromFuture(IOUtils.java:79)
	... 4 more
2019-09-17 12:31:36,132 [grpc-default-executor-3] INFO  client.GrpcClientProtocolClient (GrpcClientProtocolClient.java:onNext(264)) - client-9B4AC7B4A30D->8dae3b80-5600-44e3-9df5-13b3719afed7: receive RaftClientReply:client-9B4AC7B4A30D->8dae3b80-5600-44e3-9df5-13b3719afed7@group-23F4C195A245, cid=32, FAILED org.apache.ratis.protocol.NotLeaderException: Server 8dae3b80-5600-44e3-9df5-13b3719afed7@group-23F4C195A245 is not the leader f8d8d9c4-afe8-4cc5-8788-d0697b0baa61:192.168.5.130:40344, logIndex=0, commits[8dae3b80-5600-44e3-9df5-13b3719afed7:c10, 639d7dff-6a78-4ecf-aa0a-b8a4b660182e:c6, f8d8d9c4-afe8-4cc5-8788-d0697b0baa61:c10]
2019-09-17 12:31:36,388 [java.util.concurrent.ThreadPoolExecutor$Worker@5fa0ca4a[State = -1, empty queue]] WARN  server.GrpcLogAppender (GrpcLogAppender.java:timeoutAppendRequest(200)) - f8d8d9c4-afe8-4cc5-8788-d0697b0baa61@group-23F4C195A245->8dae3b80-5600-44e3-9df5-13b3719afed7-GrpcLogAppender: appendEntries Timeout, request=f8d8d9c4-afe8-4cc5-8788-d0697b0baa61->8dae3b80-5600-44e3-9df5-13b3719afed7#100-t1, previous=(t:1, i:13), leaderCommit=10, initializing? false, entries: <empty>
2019-09-17 12:31:36,388 [java.util.concurrent.ThreadPoolExecutor$Worker@34aff09a[State = -1, empty queue]] WARN  server.GrpcLogAppender (GrpcLogAppender.java:timeoutAppendRequest(200)) - f8d8d9c4-afe8-4cc5-8788-d0697b0baa61@group-23F4C195A245->639d7dff-6a78-4ecf-aa0a-b8a4b660182e-GrpcLogAppender: appendEntries Timeout, request=f8d8d9c4-afe8-4cc5-8788-d0697b0baa61->639d7dff-6a78-4ecf-aa0a-b8a4b660182e#100-t1, previous=(t:1, i:13), leaderCommit=10, initializing? false, entries: <empty>
2019-09-17 12:31:37,257 [grpc-default-executor-3] INFO  impl.RaftServerProxy (RaftServerProxy.java:remove(95)) - 4005f9e4-9000-4048-961f-9439e52a6da7: remove group-28FA94F01C3C:null
2019-09-17 12:31:37,269 [RatisPipelineUtilsThread] WARN  pipeline.RatisPipelineUtils (RatisPipelineUtils.java:destroyPipeline(66)) - Pipeline destroy failed for pipeline=PipelineID=946a925e-29f3-4efc-8597-28fa94f01c3c dn=4005f9e4-9000-4048-961f-9439e52a6da7{ip: 192.168.5.130, host: pr-hdds-2136-chhj8-2666454444, networkLocation: /default-rack, certSerialId: null}
2019-09-17 12:31:37,273 [grpc-default-executor-3] INFO  impl.RaftServerProxy (RaftServerProxy.java:remove(95)) - 597a450e-db00-46ca-b8ea-d9e1f9500f66: remove group-28FA94F01C3C:null
2019-09-17 12:31:37,295 [RatisPipelineUtilsThread] WARN  pipeline.RatisPipelineUtils (RatisPipelineUtils.java:destroyPipeline(66)) - Pipeline destroy failed for pipeline=PipelineID=946a925e-29f3-4efc-8597-28fa94f01c3c dn=597a450e-db00-46ca-b8ea-d9e1f9500f66{ip: 192.168.5.130, host: pr-hdds-2136-chhj8-2666454444, networkLocation: /default-rack, certSerialId: null}
2019-09-17 12:31:37,299 [grpc-default-executor-3] INFO  impl.RaftServerProxy (RaftServerProxy.java:remove(95)) - 9a3c5405-1b71-41e7-a1e6-d9c2b7bf9721: remove group-28FA94F01C3C:null
2019-09-17 12:31:37,302 [RatisPipelineUtilsThread] WARN  pipeline.RatisPipelineUtils (RatisPipelineUtils.java:destroyPipeline(66)) - Pipeline destroy failed for pipeline=PipelineID=946a925e-29f3-4efc-8597-28fa94f01c3c dn=9a3c5405-1b71-41e7-a1e6-d9c2b7bf9721{ip: 192.168.5.130, host: pr-hdds-2136-chhj8-2666454444, networkLocation: /default-rack, certSerialId: null}
2019-09-17 12:31:37,302 [RatisPipelineUtilsThread] ERROR pipeline.SCMPipelineManager (Scheduler.java:lambda$schedule$1(70)) - Destroy pipeline failed for pipeline:Pipeline[ Id: 946a925e-29f3-4efc-8597-28fa94f01c3c, Nodes: 4005f9e4-9000-4048-961f-9439e52a6da7{ip: 192.168.5.130, host: pr-hdds-2136-chhj8-2666454444, networkLocation: /default-rack, certSerialId: null}597a450e-db00-46ca-b8ea-d9e1f9500f66{ip: 192.168.5.130, host: pr-hdds-2136-chhj8-2666454444, networkLocation: /default-rack, certSerialId: null}9a3c5405-1b71-41e7-a1e6-d9c2b7bf9721{ip: 192.168.5.130, host: pr-hdds-2136-chhj8-2666454444, networkLocation: /default-rack, certSerialId: null}, Type:RATIS, Factor:THREE, State:CLOSED]
org.apache.hadoop.hdds.scm.pipeline.PipelineNotFoundException: PipelineID=946a925e-29f3-4efc-8597-28fa94f01c3c not found
	at org.apache.hadoop.hdds.scm.pipeline.PipelineStateMap.getPipeline(PipelineStateMap.java:132)
	at org.apache.hadoop.hdds.scm.pipeline.PipelineStateMap.removePipeline(PipelineStateMap.java:322)
	at org.apache.hadoop.hdds.scm.pipeline.PipelineStateManager.removePipeline(PipelineStateManager.java:107)
	at org.apache.hadoop.hdds.scm.pipeline.SCMPipelineManager.removePipeline(SCMPipelineManager.java:423)
	at org.apache.hadoop.hdds.scm.pipeline.SCMPipelineManager.destroyPipeline(SCMPipelineManager.java:409)
	at org.apache.hadoop.hdds.scm.pipeline.SCMPipelineManager.lambda$finalizeAndDestroyPipeline$0(SCMPipelineManager.java:318)
	at org.apache.hadoop.utils.Scheduler.lambda$schedule$1(Scheduler.java:68)
	at java.util.concurrent.Executors$RunnableAdapter.call(Executors.java:511)
	at java.util.concurrent.FutureTask.run(FutureTask.java:266)
	at java.util.concurrent.ScheduledThreadPoolExecutor$ScheduledFutureTask.access$201(ScheduledThreadPoolExecutor.java:180)
	at java.util.concurrent.ScheduledThreadPoolExecutor$ScheduledFutureTask.run(ScheduledThreadPoolExecutor.java:293)
	at java.util.concurrent.ThreadPoolExecutor.runWorker(ThreadPoolExecutor.java:1149)
	at java.util.concurrent.ThreadPoolExecutor$Worker.run(ThreadPoolExecutor.java:624)
	at java.lang.Thread.run(Thread.java:748)
2019-09-17 12:31:38,889 [java.util.concurrent.ThreadPoolExecutor$Worker@5fa0ca4a[State = -1, empty queue]] WARN  server.GrpcLogAppender (GrpcLogAppender.java:timeoutAppendRequest(200)) - f8d8d9c4-afe8-4cc5-8788-d0697b0baa61@group-23F4C195A245->8dae3b80-5600-44e3-9df5-13b3719afed7-GrpcLogAppender: appendEntries Timeout, request=f8d8d9c4-afe8-4cc5-8788-d0697b0baa61->8dae3b80-5600-44e3-9df5-13b3719afed7#101-t1, previous=(t:1, i:13), leaderCommit=10, initializing? false, entries: <empty>
2019-09-17 12:31:38,889 [java.util.concurrent.ThreadPoolExecutor$Worker@34aff09a[State = -1, empty queue]] WARN  server.GrpcLogAppender (GrpcLogAppender.java:timeoutAppendRequest(200)) - f8d8d9c4-afe8-4cc5-8788-d0697b0baa61@group-23F4C195A245->639d7dff-6a78-4ecf-aa0a-b8a4b660182e-GrpcLogAppender: appendEntries Timeout, request=f8d8d9c4-afe8-4cc5-8788-d0697b0baa61->639d7dff-6a78-4ecf-aa0a-b8a4b660182e#101-t1, previous=(t:1, i:13), leaderCommit=10, initializing? false, entries: <empty>
2019-09-17 12:31:39,264 [grpc-default-executor-0] INFO  impl.RaftServerProxy (RaftServerProxy.java:remove(95)) - 4005f9e4-9000-4048-961f-9439e52a6da7: remove group-28FA94F01C3C:null
2019-09-17 12:31:39,269 [RatisPipelineUtilsThread] WARN  pipeline.RatisPipelineUtils (RatisPipelineUtils.java:destroyPipeline(66)) - Pipeline destroy failed for pipeline=PipelineID=946a925e-29f3-4efc-8597-28fa94f01c3c dn=4005f9e4-9000-4048-961f-9439e52a6da7{ip: 192.168.5.130, host: pr-hdds-2136-chhj8-2666454444, networkLocation: /default-rack, certSerialId: null}
2019-09-17 12:31:39,273 [grpc-default-executor-0] INFO  impl.RaftServerProxy (RaftServerProxy.java:remove(95)) - 597a450e-db00-46ca-b8ea-d9e1f9500f66: remove group-28FA94F01C3C:null
2019-09-17 12:31:39,276 [RatisPipelineUtilsThread] WARN  pipeline.RatisPipelineUtils (RatisPipelineUtils.java:destroyPipeline(66)) - Pipeline destroy failed for pipeline=PipelineID=946a925e-29f3-4efc-8597-28fa94f01c3c dn=597a450e-db00-46ca-b8ea-d9e1f9500f66{ip: 192.168.5.130, host: pr-hdds-2136-chhj8-2666454444, networkLocation: /default-rack, certSerialId: null}
2019-09-17 12:31:39,279 [grpc-default-executor-0] INFO  impl.RaftServerProxy (RaftServerProxy.java:remove(95)) - 9a3c5405-1b71-41e7-a1e6-d9c2b7bf9721: remove group-28FA94F01C3C:null
2019-09-17 12:31:39,282 [RatisPipelineUtilsThread] WARN  pipeline.RatisPipelineUtils (RatisPipelineUtils.java:destroyPipeline(66)) - Pipeline destroy failed for pipeline=PipelineID=946a925e-29f3-4efc-8597-28fa94f01c3c dn=9a3c5405-1b71-41e7-a1e6-d9c2b7bf9721{ip: 192.168.5.130, host: pr-hdds-2136-chhj8-2666454444, networkLocation: /default-rack, certSerialId: null}
2019-09-17 12:31:39,282 [RatisPipelineUtilsThread] ERROR pipeline.SCMPipelineManager (Scheduler.java:lambda$schedule$1(70)) - Destroy pipeline failed for pipeline:Pipeline[ Id: 946a925e-29f3-4efc-8597-28fa94f01c3c, Nodes: 4005f9e4-9000-4048-961f-9439e52a6da7{ip: 192.168.5.130, host: pr-hdds-2136-chhj8-2666454444, networkLocation: /default-rack, certSerialId: null}597a450e-db00-46ca-b8ea-d9e1f9500f66{ip: 192.168.5.130, host: pr-hdds-2136-chhj8-2666454444, networkLocation: /default-rack, certSerialId: null}9a3c5405-1b71-41e7-a1e6-d9c2b7bf9721{ip: 192.168.5.130, host: pr-hdds-2136-chhj8-2666454444, networkLocation: /default-rack, certSerialId: null}, Type:RATIS, Factor:THREE, State:CLOSED]
org.apache.hadoop.hdds.scm.pipeline.PipelineNotFoundException: PipelineID=946a925e-29f3-4efc-8597-28fa94f01c3c not found
	at org.apache.hadoop.hdds.scm.pipeline.PipelineStateMap.getPipeline(PipelineStateMap.java:132)
	at org.apache.hadoop.hdds.scm.pipeline.PipelineStateMap.removePipeline(PipelineStateMap.java:322)
	at org.apache.hadoop.hdds.scm.pipeline.PipelineStateManager.removePipeline(PipelineStateManager.java:107)
	at org.apache.hadoop.hdds.scm.pipeline.SCMPipelineManager.removePipeline(SCMPipelineManager.java:423)
	at org.apache.hadoop.hdds.scm.pipeline.SCMPipelineManager.destroyPipeline(SCMPipelineManager.java:409)
	at org.apache.hadoop.hdds.scm.pipeline.SCMPipelineManager.lambda$finalizeAndDestroyPipeline$0(SCMPipelineManager.java:318)
	at org.apache.hadoop.utils.Scheduler.lambda$schedule$1(Scheduler.java:68)
	at java.util.concurrent.Executors$RunnableAdapter.call(Executors.java:511)
	at java.util.concurrent.FutureTask.run(FutureTask.java:266)
	at java.util.concurrent.ScheduledThreadPoolExecutor$ScheduledFutureTask.access$201(ScheduledThreadPoolExecutor.java:180)
	at java.util.concurrent.ScheduledThreadPoolExecutor$ScheduledFutureTask.run(ScheduledThreadPoolExecutor.java:293)
	at java.util.concurrent.ThreadPoolExecutor.runWorker(ThreadPoolExecutor.java:1149)
	at java.util.concurrent.ThreadPoolExecutor$Worker.run(ThreadPoolExecutor.java:624)
	at java.lang.Thread.run(Thread.java:748)
2019-09-17 12:31:41,189 [grpc-default-executor-0] INFO  client.GrpcClientProtocolClient (GrpcClientProtocolClient.java:onNext(264)) - client-9B4AC7B4A30D->8dae3b80-5600-44e3-9df5-13b3719afed7: receive RaftClientReply:client-9B4AC7B4A30D->8dae3b80-5600-44e3-9df5-13b3719afed7@group-23F4C195A245, cid=32, FAILED org.apache.ratis.protocol.NotLeaderException: Server 8dae3b80-5600-44e3-9df5-13b3719afed7@group-23F4C195A245 is not the leader f8d8d9c4-afe8-4cc5-8788-d0697b0baa61:192.168.5.130:40344, logIndex=0, commits[8dae3b80-5600-44e3-9df5-13b3719afed7:c10, 639d7dff-6a78-4ecf-aa0a-b8a4b660182e:c6, f8d8d9c4-afe8-4cc5-8788-d0697b0baa61:c10]
2019-09-17 12:31:41,389 [java.util.concurrent.ThreadPoolExecutor$Worker@5fa0ca4a[State = -1, empty queue]] WARN  server.GrpcLogAppender (GrpcLogAppender.java:timeoutAppendRequest(200)) - f8d8d9c4-afe8-4cc5-8788-d0697b0baa61@group-23F4C195A245->8dae3b80-5600-44e3-9df5-13b3719afed7-GrpcLogAppender: appendEntries Timeout, request=f8d8d9c4-afe8-4cc5-8788-d0697b0baa61->8dae3b80-5600-44e3-9df5-13b3719afed7#102-t1, previous=(t:1, i:13), leaderCommit=10, initializing? false, entries: <empty>
2019-09-17 12:31:41,389 [java.util.concurrent.ThreadPoolExecutor$Worker@34aff09a[State = -1, empty queue]] WARN  server.GrpcLogAppender (GrpcLogAppender.java:timeoutAppendRequest(200)) - f8d8d9c4-afe8-4cc5-8788-d0697b0baa61@group-23F4C195A245->639d7dff-6a78-4ecf-aa0a-b8a4b660182e-GrpcLogAppender: appendEntries Timeout, request=f8d8d9c4-afe8-4cc5-8788-d0697b0baa61->639d7dff-6a78-4ecf-aa0a-b8a4b660182e#102-t1, previous=(t:1, i:13), leaderCommit=10, initializing? false, entries: <empty>
2019-09-17 12:31:42,261 [grpc-default-executor-0] INFO  impl.RaftServerProxy (RaftServerProxy.java:remove(95)) - 4005f9e4-9000-4048-961f-9439e52a6da7: remove group-28FA94F01C3C:null
2019-09-17 12:31:42,266 [RatisPipelineUtilsThread] WARN  pipeline.RatisPipelineUtils (RatisPipelineUtils.java:destroyPipeline(66)) - Pipeline destroy failed for pipeline=PipelineID=946a925e-29f3-4efc-8597-28fa94f01c3c dn=4005f9e4-9000-4048-961f-9439e52a6da7{ip: 192.168.5.130, host: pr-hdds-2136-chhj8-2666454444, networkLocation: /default-rack, certSerialId: null}
2019-09-17 12:31:42,270 [grpc-default-executor-0] INFO  impl.RaftServerProxy (RaftServerProxy.java:remove(95)) - 597a450e-db00-46ca-b8ea-d9e1f9500f66: remove group-28FA94F01C3C:null
2019-09-17 12:31:42,272 [RatisPipelineUtilsThread] WARN  pipeline.RatisPipelineUtils (RatisPipelineUtils.java:destroyPipeline(66)) - Pipeline destroy failed for pipeline=PipelineID=946a925e-29f3-4efc-8597-28fa94f01c3c dn=597a450e-db00-46ca-b8ea-d9e1f9500f66{ip: 192.168.5.130, host: pr-hdds-2136-chhj8-2666454444, networkLocation: /default-rack, certSerialId: null}
2019-09-17 12:31:42,276 [grpc-default-executor-0] INFO  impl.RaftServerProxy (RaftServerProxy.java:remove(95)) - 9a3c5405-1b71-41e7-a1e6-d9c2b7bf9721: remove group-28FA94F01C3C:null
2019-09-17 12:31:42,278 [RatisPipelineUtilsThread] WARN  pipeline.RatisPipelineUtils (RatisPipelineUtils.java:destroyPipeline(66)) - Pipeline destroy failed for pipeline=PipelineID=946a925e-29f3-4efc-8597-28fa94f01c3c dn=9a3c5405-1b71-41e7-a1e6-d9c2b7bf9721{ip: 192.168.5.130, host: pr-hdds-2136-chhj8-2666454444, networkLocation: /default-rack, certSerialId: null}
2019-09-17 12:31:42,278 [RatisPipelineUtilsThread] ERROR pipeline.SCMPipelineManager (Scheduler.java:lambda$schedule$1(70)) - Destroy pipeline failed for pipeline:Pipeline[ Id: 946a925e-29f3-4efc-8597-28fa94f01c3c, Nodes: 4005f9e4-9000-4048-961f-9439e52a6da7{ip: 192.168.5.130, host: pr-hdds-2136-chhj8-2666454444, networkLocation: /default-rack, certSerialId: null}597a450e-db00-46ca-b8ea-d9e1f9500f66{ip: 192.168.5.130, host: pr-hdds-2136-chhj8-2666454444, networkLocation: /default-rack, certSerialId: null}9a3c5405-1b71-41e7-a1e6-d9c2b7bf9721{ip: 192.168.5.130, host: pr-hdds-2136-chhj8-2666454444, networkLocation: /default-rack, certSerialId: null}, Type:RATIS, Factor:THREE, State:CLOSED]
org.apache.hadoop.hdds.scm.pipeline.PipelineNotFoundException: PipelineID=946a925e-29f3-4efc-8597-28fa94f01c3c not found
	at org.apache.hadoop.hdds.scm.pipeline.PipelineStateMap.getPipeline(PipelineStateMap.java:132)
	at org.apache.hadoop.hdds.scm.pipeline.PipelineStateMap.removePipeline(PipelineStateMap.java:322)
	at org.apache.hadoop.hdds.scm.pipeline.PipelineStateManager.removePipeline(PipelineStateManager.java:107)
	at org.apache.hadoop.hdds.scm.pipeline.SCMPipelineManager.removePipeline(SCMPipelineManager.java:423)
	at org.apache.hadoop.hdds.scm.pipeline.SCMPipelineManager.destroyPipeline(SCMPipelineManager.java:409)
	at org.apache.hadoop.hdds.scm.pipeline.SCMPipelineManager.lambda$finalizeAndDestroyPipeline$0(SCMPipelineManager.java:318)
	at org.apache.hadoop.utils.Scheduler.lambda$schedule$1(Scheduler.java:68)
	at java.util.concurrent.Executors$RunnableAdapter.call(Executors.java:511)
	at java.util.concurrent.FutureTask.run(FutureTask.java:266)
	at java.util.concurrent.ScheduledThreadPoolExecutor$ScheduledFutureTask.access$201(ScheduledThreadPoolExecutor.java:180)
	at java.util.concurrent.ScheduledThreadPoolExecutor$ScheduledFutureTask.run(ScheduledThreadPoolExecutor.java:293)
	at java.util.concurrent.ThreadPoolExecutor.runWorker(ThreadPoolExecutor.java:1149)
	at java.util.concurrent.ThreadPoolExecutor$Worker.run(ThreadPoolExecutor.java:624)
	at java.lang.Thread.run(Thread.java:748)
2019-09-17 12:31:43,890 [java.util.concurrent.ThreadPoolExecutor$Worker@34aff09a[State = -1, empty queue]] WARN  server.GrpcLogAppender (GrpcLogAppender.java:timeoutAppendRequest(200)) - f8d8d9c4-afe8-4cc5-8788-d0697b0baa61@group-23F4C195A245->639d7dff-6a78-4ecf-aa0a-b8a4b660182e-GrpcLogAppender: appendEntries Timeout, request=f8d8d9c4-afe8-4cc5-8788-d0697b0baa61->639d7dff-6a78-4ecf-aa0a-b8a4b660182e#103-t1, previous=(t:1, i:13), leaderCommit=10, initializing? false, entries: <empty>
2019-09-17 12:31:43,890 [java.util.concurrent.ThreadPoolExecutor$Worker@5fa0ca4a[State = -1, empty queue]] WARN  server.GrpcLogAppender (GrpcLogAppender.java:timeoutAppendRequest(200)) - f8d8d9c4-afe8-4cc5-8788-d0697b0baa61@group-23F4C195A245->8dae3b80-5600-44e3-9df5-13b3719afed7-GrpcLogAppender: appendEntries Timeout, request=f8d8d9c4-afe8-4cc5-8788-d0697b0baa61->8dae3b80-5600-44e3-9df5-13b3719afed7#103-t1, previous=(t:1, i:13), leaderCommit=10, initializing? false, entries: <empty>
2019-09-17 12:31:44,279 [grpc-default-executor-0] INFO  impl.RaftServerProxy (RaftServerProxy.java:remove(95)) - 4005f9e4-9000-4048-961f-9439e52a6da7: remove group-28FA94F01C3C:null
2019-09-17 12:31:44,283 [RatisPipelineUtilsThread] WARN  pipeline.RatisPipelineUtils (RatisPipelineUtils.java:destroyPipeline(66)) - Pipeline destroy failed for pipeline=PipelineID=946a925e-29f3-4efc-8597-28fa94f01c3c dn=4005f9e4-9000-4048-961f-9439e52a6da7{ip: 192.168.5.130, host: pr-hdds-2136-chhj8-2666454444, networkLocation: /default-rack, certSerialId: null}
2019-09-17 12:31:44,285 [grpc-default-executor-0] INFO  impl.RaftServerProxy (RaftServerProxy.java:remove(95)) - 597a450e-db00-46ca-b8ea-d9e1f9500f66: remove group-28FA94F01C3C:null
2019-09-17 12:31:44,287 [RatisPipelineUtilsThread] WARN  pipeline.RatisPipelineUtils (RatisPipelineUtils.java:destroyPipeline(66)) - Pipeline destroy failed for pipeline=PipelineID=946a925e-29f3-4efc-8597-28fa94f01c3c dn=597a450e-db00-46ca-b8ea-d9e1f9500f66{ip: 192.168.5.130, host: pr-hdds-2136-chhj8-2666454444, networkLocation: /default-rack, certSerialId: null}
2019-09-17 12:31:44,289 [grpc-default-executor-0] INFO  impl.RaftServerProxy (RaftServerProxy.java:remove(95)) - 9a3c5405-1b71-41e7-a1e6-d9c2b7bf9721: remove group-28FA94F01C3C:null
2019-09-17 12:31:44,290 [RatisPipelineUtilsThread] WARN  pipeline.RatisPipelineUtils (RatisPipelineUtils.java:destroyPipeline(66)) - Pipeline destroy failed for pipeline=PipelineID=946a925e-29f3-4efc-8597-28fa94f01c3c dn=9a3c5405-1b71-41e7-a1e6-d9c2b7bf9721{ip: 192.168.5.130, host: pr-hdds-2136-chhj8-2666454444, networkLocation: /default-rack, certSerialId: null}
2019-09-17 12:31:44,291 [RatisPipelineUtilsThread] ERROR pipeline.SCMPipelineManager (Scheduler.java:lambda$schedule$1(70)) - Destroy pipeline failed for pipeline:Pipeline[ Id: 946a925e-29f3-4efc-8597-28fa94f01c3c, Nodes: 4005f9e4-9000-4048-961f-9439e52a6da7{ip: 192.168.5.130, host: pr-hdds-2136-chhj8-2666454444, networkLocation: /default-rack, certSerialId: null}597a450e-db00-46ca-b8ea-d9e1f9500f66{ip: 192.168.5.130, host: pr-hdds-2136-chhj8-2666454444, networkLocation: /default-rack, certSerialId: null}9a3c5405-1b71-41e7-a1e6-d9c2b7bf9721{ip: 192.168.5.130, host: pr-hdds-2136-chhj8-2666454444, networkLocation: /default-rack, certSerialId: null}, Type:RATIS, Factor:THREE, State:CLOSED]
org.apache.hadoop.hdds.scm.pipeline.PipelineNotFoundException: PipelineID=946a925e-29f3-4efc-8597-28fa94f01c3c not found
	at org.apache.hadoop.hdds.scm.pipeline.PipelineStateMap.getPipeline(PipelineStateMap.java:132)
	at org.apache.hadoop.hdds.scm.pipeline.PipelineStateMap.removePipeline(PipelineStateMap.java:322)
	at org.apache.hadoop.hdds.scm.pipeline.PipelineStateManager.removePipeline(PipelineStateManager.java:107)
	at org.apache.hadoop.hdds.scm.pipeline.SCMPipelineManager.removePipeline(SCMPipelineManager.java:423)
	at org.apache.hadoop.hdds.scm.pipeline.SCMPipelineManager.destroyPipeline(SCMPipelineManager.java:409)
	at org.apache.hadoop.hdds.scm.pipeline.SCMPipelineManager.lambda$finalizeAndDestroyPipeline$0(SCMPipelineManager.java:318)
	at org.apache.hadoop.utils.Scheduler.lambda$schedule$1(Scheduler.java:68)
	at java.util.concurrent.Executors$RunnableAdapter.call(Executors.java:511)
	at java.util.concurrent.FutureTask.run(FutureTask.java:266)
	at java.util.concurrent.ScheduledThreadPoolExecutor$ScheduledFutureTask.access$201(ScheduledThreadPoolExecutor.java:180)
	at java.util.concurrent.ScheduledThreadPoolExecutor$ScheduledFutureTask.run(ScheduledThreadPoolExecutor.java:293)
	at java.util.concurrent.ThreadPoolExecutor.runWorker(ThreadPoolExecutor.java:1149)
	at java.util.concurrent.ThreadPoolExecutor$Worker.run(ThreadPoolExecutor.java:624)
	at java.lang.Thread.run(Thread.java:748)
2019-09-17 12:31:45,884 [f8d8d9c4-afe8-4cc5-8788-d0697b0baa61@group-23F4C195A245-SegmentedRaftLogWorker] WARN  segmented.SegmentedRaftLogWorker (SegmentedRaftLogWorker.java:getFromFuture(90)) - Timeout 3/~
org.apache.ratis.protocol.TimeoutIOException: Timeout 10s: WriteLog:11: (t:1, i:11), STATEMACHINELOGENTRY, client-9B4AC7B4A30D, cid=32-writeStateMachineData
	at org.apache.ratis.util.IOUtils.getFromFuture(IOUtils.java:87)
	at org.apache.ratis.server.raftlog.segmented.SegmentedRaftLogWorker$StateMachineDataPolicy.getFromFuture(SegmentedRaftLogWorker.java:87)
	at org.apache.ratis.server.raftlog.segmented.SegmentedRaftLogWorker$WriteLog.execute(SegmentedRaftLogWorker.java:477)
	at org.apache.ratis.server.raftlog.segmented.SegmentedRaftLogWorker.run(SegmentedRaftLogWorker.java:289)
	at java.lang.Thread.run(Thread.java:748)
Caused by: java.util.concurrent.TimeoutException
	at java.util.concurrent.CompletableFuture.timedGet(CompletableFuture.java:1771)
	at java.util.concurrent.CompletableFuture.get(CompletableFuture.java:1915)
	at org.apache.ratis.util.IOUtils.getFromFuture(IOUtils.java:79)
	... 4 more
2019-09-17 12:31:46,037 [639d7dff-6a78-4ecf-aa0a-b8a4b660182e@group-23F4C195A245-SegmentedRaftLogWorker] WARN  segmented.SegmentedRaftLogWorker (SegmentedRaftLogWorker.java:getFromFuture(90)) - Timeout 3/~
org.apache.ratis.protocol.TimeoutIOException: Timeout 10s: WriteLog:12: (t:1, i:12), STATEMACHINELOGENTRY, client-9B4AC7B4A30D, cid=33-writeStateMachineData
	at org.apache.ratis.util.IOUtils.getFromFuture(IOUtils.java:87)
	at org.apache.ratis.server.raftlog.segmented.SegmentedRaftLogWorker$StateMachineDataPolicy.getFromFuture(SegmentedRaftLogWorker.java:87)
	at org.apache.ratis.server.raftlog.segmented.SegmentedRaftLogWorker$WriteLog.execute(SegmentedRaftLogWorker.java:477)
	at org.apache.ratis.server.raftlog.segmented.SegmentedRaftLogWorker.run(SegmentedRaftLogWorker.java:289)
	at java.lang.Thread.run(Thread.java:748)
Caused by: java.util.concurrent.TimeoutException
	at java.util.concurrent.CompletableFuture.timedGet(CompletableFuture.java:1771)
	at java.util.concurrent.CompletableFuture.get(CompletableFuture.java:1915)
	at org.apache.ratis.util.IOUtils.getFromFuture(IOUtils.java:79)
	... 4 more
2019-09-17 12:31:46,038 [8dae3b80-5600-44e3-9df5-13b3719afed7@group-23F4C195A245-SegmentedRaftLogWorker] WARN  segmented.SegmentedRaftLogWorker (SegmentedRaftLogWorker.java:getFromFuture(90)) - Timeout 3/~
org.apache.ratis.protocol.TimeoutIOException: Timeout 10s: WriteLog:12: (t:1, i:12), STATEMACHINELOGENTRY, client-9B4AC7B4A30D, cid=33-writeStateMachineData
	at org.apache.ratis.util.IOUtils.getFromFuture(IOUtils.java:87)
	at org.apache.ratis.server.raftlog.segmented.SegmentedRaftLogWorker$StateMachineDataPolicy.getFromFuture(SegmentedRaftLogWorker.java:87)
	at org.apache.ratis.server.raftlog.segmented.SegmentedRaftLogWorker$WriteLog.execute(SegmentedRaftLogWorker.java:477)
	at org.apache.ratis.server.raftlog.segmented.SegmentedRaftLogWorker.run(SegmentedRaftLogWorker.java:289)
	at java.lang.Thread.run(Thread.java:748)
Caused by: java.util.concurrent.TimeoutException
	at java.util.concurrent.CompletableFuture.timedGet(CompletableFuture.java:1771)
	at java.util.concurrent.CompletableFuture.get(CompletableFuture.java:1915)
	at org.apache.ratis.util.IOUtils.getFromFuture(IOUtils.java:79)
	... 4 more
2019-09-17 12:31:46,237 [grpc-default-executor-3] INFO  client.GrpcClientProtocolClient (GrpcClientProtocolClient.java:onNext(264)) - client-9B4AC7B4A30D->8dae3b80-5600-44e3-9df5-13b3719afed7: receive RaftClientReply:client-9B4AC7B4A30D->8dae3b80-5600-44e3-9df5-13b3719afed7@group-23F4C195A245, cid=32, FAILED org.apache.ratis.protocol.NotLeaderException: Server 8dae3b80-5600-44e3-9df5-13b3719afed7@group-23F4C195A245 is not the leader f8d8d9c4-afe8-4cc5-8788-d0697b0baa61:192.168.5.130:40344, logIndex=0, commits[8dae3b80-5600-44e3-9df5-13b3719afed7:c10, 639d7dff-6a78-4ecf-aa0a-b8a4b660182e:c6, f8d8d9c4-afe8-4cc5-8788-d0697b0baa61:c10]
2019-09-17 12:31:46,277 [grpc-default-executor-0] INFO  impl.RaftServerProxy (RaftServerProxy.java:remove(95)) - 4005f9e4-9000-4048-961f-9439e52a6da7: remove group-28FA94F01C3C:null
2019-09-17 12:31:46,280 [RatisPipelineUtilsThread] WARN  pipeline.RatisPipelineUtils (RatisPipelineUtils.java:destroyPipeline(66)) - Pipeline destroy failed for pipeline=PipelineID=946a925e-29f3-4efc-8597-28fa94f01c3c dn=4005f9e4-9000-4048-961f-9439e52a6da7{ip: 192.168.5.130, host: pr-hdds-2136-chhj8-2666454444, networkLocation: /default-rack, certSerialId: null}
2019-09-17 12:31:46,284 [grpc-default-executor-0] INFO  impl.RaftServerProxy (RaftServerProxy.java:remove(95)) - 597a450e-db00-46ca-b8ea-d9e1f9500f66: remove group-28FA94F01C3C:null
2019-09-17 12:31:46,286 [RatisPipelineUtilsThread] WARN  pipeline.RatisPipelineUtils (RatisPipelineUtils.java:destroyPipeline(66)) - Pipeline destroy failed for pipeline=PipelineID=946a925e-29f3-4efc-8597-28fa94f01c3c dn=597a450e-db00-46ca-b8ea-d9e1f9500f66{ip: 192.168.5.130, host: pr-hdds-2136-chhj8-2666454444, networkLocation: /default-rack, certSerialId: null}
2019-09-17 12:31:46,290 [grpc-default-executor-0] INFO  impl.RaftServerProxy (RaftServerProxy.java:remove(95)) - 9a3c5405-1b71-41e7-a1e6-d9c2b7bf9721: remove group-28FA94F01C3C:null
2019-09-17 12:31:46,292 [RatisPipelineUtilsThread] WARN  pipeline.RatisPipelineUtils (RatisPipelineUtils.java:destroyPipeline(66)) - Pipeline destroy failed for pipeline=PipelineID=946a925e-29f3-4efc-8597-28fa94f01c3c dn=9a3c5405-1b71-41e7-a1e6-d9c2b7bf9721{ip: 192.168.5.130, host: pr-hdds-2136-chhj8-2666454444, networkLocation: /default-rack, certSerialId: null}
2019-09-17 12:31:46,292 [RatisPipelineUtilsThread] ERROR pipeline.SCMPipelineManager (Scheduler.java:lambda$schedule$1(70)) - Destroy pipeline failed for pipeline:Pipeline[ Id: 946a925e-29f3-4efc-8597-28fa94f01c3c, Nodes: 4005f9e4-9000-4048-961f-9439e52a6da7{ip: 192.168.5.130, host: pr-hdds-2136-chhj8-2666454444, networkLocation: /default-rack, certSerialId: null}597a450e-db00-46ca-b8ea-d9e1f9500f66{ip: 192.168.5.130, host: pr-hdds-2136-chhj8-2666454444, networkLocation: /default-rack, certSerialId: null}9a3c5405-1b71-41e7-a1e6-d9c2b7bf9721{ip: 192.168.5.130, host: pr-hdds-2136-chhj8-2666454444, networkLocation: /default-rack, certSerialId: null}, Type:RATIS, Factor:THREE, State:CLOSED]
org.apache.hadoop.hdds.scm.pipeline.PipelineNotFoundException: PipelineID=946a925e-29f3-4efc-8597-28fa94f01c3c not found
	at org.apache.hadoop.hdds.scm.pipeline.PipelineStateMap.getPipeline(PipelineStateMap.java:132)
	at org.apache.hadoop.hdds.scm.pipeline.PipelineStateMap.removePipeline(PipelineStateMap.java:322)
	at org.apache.hadoop.hdds.scm.pipeline.PipelineStateManager.removePipeline(PipelineStateManager.java:107)
	at org.apache.hadoop.hdds.scm.pipeline.SCMPipelineManager.removePipeline(SCMPipelineManager.java:423)
	at org.apache.hadoop.hdds.scm.pipeline.SCMPipelineManager.destroyPipeline(SCMPipelineManager.java:409)
	at org.apache.hadoop.hdds.scm.pipeline.SCMPipelineManager.lambda$finalizeAndDestroyPipeline$0(SCMPipelineManager.java:318)
	at org.apache.hadoop.utils.Scheduler.lambda$schedule$1(Scheduler.java:68)
	at java.util.concurrent.Executors$RunnableAdapter.call(Executors.java:511)
	at java.util.concurrent.FutureTask.run(FutureTask.java:266)
	at java.util.concurrent.ScheduledThreadPoolExecutor$ScheduledFutureTask.access$201(ScheduledThreadPoolExecutor.java:180)
	at java.util.concurrent.ScheduledThreadPoolExecutor$ScheduledFutureTask.run(ScheduledThreadPoolExecutor.java:293)
	at java.util.concurrent.ThreadPoolExecutor.runWorker(ThreadPoolExecutor.java:1149)
	at java.util.concurrent.ThreadPoolExecutor$Worker.run(ThreadPoolExecutor.java:624)
	at java.lang.Thread.run(Thread.java:748)
2019-09-17 12:31:46,390 [java.util.concurrent.ThreadPoolExecutor$Worker@5fa0ca4a[State = -1, empty queue]] WARN  server.GrpcLogAppender (GrpcLogAppender.java:timeoutAppendRequest(200)) - f8d8d9c4-afe8-4cc5-8788-d0697b0baa61@group-23F4C195A245->8dae3b80-5600-44e3-9df5-13b3719afed7-GrpcLogAppender: appendEntries Timeout, request=f8d8d9c4-afe8-4cc5-8788-d0697b0baa61->8dae3b80-5600-44e3-9df5-13b3719afed7#104-t1, previous=(t:1, i:13), leaderCommit=10, initializing? false, entries: <empty>
2019-09-17 12:31:46,390 [java.util.concurrent.ThreadPoolExecutor$Worker@34aff09a[State = -1, empty queue]] WARN  server.GrpcLogAppender (GrpcLogAppender.java:timeoutAppendRequest(200)) - f8d8d9c4-afe8-4cc5-8788-d0697b0baa61@group-23F4C195A245->639d7dff-6a78-4ecf-aa0a-b8a4b660182e-GrpcLogAppender: appendEntries Timeout, request=f8d8d9c4-afe8-4cc5-8788-d0697b0baa61->639d7dff-6a78-4ecf-aa0a-b8a4b660182e#104-t1, previous=(t:1, i:13), leaderCommit=10, initializing? false, entries: <empty>
2019-09-17 12:31:47,281 [grpc-default-executor-0] INFO  impl.RaftServerProxy (RaftServerProxy.java:remove(95)) - 4005f9e4-9000-4048-961f-9439e52a6da7: remove group-28FA94F01C3C:null
2019-09-17 12:31:47,285 [RatisPipelineUtilsThread] WARN  pipeline.RatisPipelineUtils (RatisPipelineUtils.java:destroyPipeline(66)) - Pipeline destroy failed for pipeline=PipelineID=946a925e-29f3-4efc-8597-28fa94f01c3c dn=4005f9e4-9000-4048-961f-9439e52a6da7{ip: 192.168.5.130, host: pr-hdds-2136-chhj8-2666454444, networkLocation: /default-rack, certSerialId: null}
2019-09-17 12:31:47,290 [grpc-default-executor-0] INFO  impl.RaftServerProxy (RaftServerProxy.java:remove(95)) - 597a450e-db00-46ca-b8ea-d9e1f9500f66: remove group-28FA94F01C3C:null
2019-09-17 12:31:47,293 [RatisPipelineUtilsThread] WARN  pipeline.RatisPipelineUtils (RatisPipelineUtils.java:destroyPipeline(66)) - Pipeline destroy failed for pipeline=PipelineID=946a925e-29f3-4efc-8597-28fa94f01c3c dn=597a450e-db00-46ca-b8ea-d9e1f9500f66{ip: 192.168.5.130, host: pr-hdds-2136-chhj8-2666454444, networkLocation: /default-rack, certSerialId: null}
2019-09-17 12:31:47,297 [grpc-default-executor-0] INFO  impl.RaftServerProxy (RaftServerProxy.java:remove(95)) - 9a3c5405-1b71-41e7-a1e6-d9c2b7bf9721: remove group-28FA94F01C3C:null
2019-09-17 12:31:47,300 [RatisPipelineUtilsThread] WARN  pipeline.RatisPipelineUtils (RatisPipelineUtils.java:destroyPipeline(66)) - Pipeline destroy failed for pipeline=PipelineID=946a925e-29f3-4efc-8597-28fa94f01c3c dn=9a3c5405-1b71-41e7-a1e6-d9c2b7bf9721{ip: 192.168.5.130, host: pr-hdds-2136-chhj8-2666454444, networkLocation: /default-rack, certSerialId: null}
2019-09-17 12:31:47,300 [RatisPipelineUtilsThread] ERROR pipeline.SCMPipelineManager (Scheduler.java:lambda$schedule$1(70)) - Destroy pipeline failed for pipeline:Pipeline[ Id: 946a925e-29f3-4efc-8597-28fa94f01c3c, Nodes: 4005f9e4-9000-4048-961f-9439e52a6da7{ip: 192.168.5.130, host: pr-hdds-2136-chhj8-2666454444, networkLocation: /default-rack, certSerialId: null}597a450e-db00-46ca-b8ea-d9e1f9500f66{ip: 192.168.5.130, host: pr-hdds-2136-chhj8-2666454444, networkLocation: /default-rack, certSerialId: null}9a3c5405-1b71-41e7-a1e6-d9c2b7bf9721{ip: 192.168.5.130, host: pr-hdds-2136-chhj8-2666454444, networkLocation: /default-rack, certSerialId: null}, Type:RATIS, Factor:THREE, State:CLOSED]
org.apache.hadoop.hdds.scm.pipeline.PipelineNotFoundException: PipelineID=946a925e-29f3-4efc-8597-28fa94f01c3c not found
	at org.apache.hadoop.hdds.scm.pipeline.PipelineStateMap.getPipeline(PipelineStateMap.java:132)
	at org.apache.hadoop.hdds.scm.pipeline.PipelineStateMap.removePipeline(PipelineStateMap.java:322)
	at org.apache.hadoop.hdds.scm.pipeline.PipelineStateManager.removePipeline(PipelineStateManager.java:107)
	at org.apache.hadoop.hdds.scm.pipeline.SCMPipelineManager.removePipeline(SCMPipelineManager.java:423)
	at org.apache.hadoop.hdds.scm.pipeline.SCMPipelineManager.destroyPipeline(SCMPipelineManager.java:409)
	at org.apache.hadoop.hdds.scm.pipeline.SCMPipelineManager.lambda$finalizeAndDestroyPipeline$0(SCMPipelineManager.java:318)
	at org.apache.hadoop.utils.Scheduler.lambda$schedule$1(Scheduler.java:68)
	at java.util.concurrent.Executors$RunnableAdapter.call(Executors.java:511)
	at java.util.concurrent.FutureTask.run(FutureTask.java:266)
	at java.util.concurrent.ScheduledThreadPoolExecutor$ScheduledFutureTask.access$201(ScheduledThreadPoolExecutor.java:180)
	at java.util.concurrent.ScheduledThreadPoolExecutor$ScheduledFutureTask.run(ScheduledThreadPoolExecutor.java:293)
	at java.util.concurrent.ThreadPoolExecutor.runWorker(ThreadPoolExecutor.java:1149)
	at java.util.concurrent.ThreadPoolExecutor$Worker.run(ThreadPoolExecutor.java:624)
	at java.lang.Thread.run(Thread.java:748)
2019-09-17 12:31:48,891 [java.util.concurrent.ThreadPoolExecutor$Worker@5fa0ca4a[State = -1, empty queue]] WARN  server.GrpcLogAppender (GrpcLogAppender.java:timeoutAppendRequest(200)) - f8d8d9c4-afe8-4cc5-8788-d0697b0baa61@group-23F4C195A245->8dae3b80-5600-44e3-9df5-13b3719afed7-GrpcLogAppender: appendEntries Timeout, request=f8d8d9c4-afe8-4cc5-8788-d0697b0baa61->8dae3b80-5600-44e3-9df5-13b3719afed7#105-t1, previous=(t:1, i:13), leaderCommit=10, initializing? false, entries: <empty>
2019-09-17 12:31:48,891 [java.util.concurrent.ThreadPoolExecutor$Worker@34aff09a[State = -1, empty queue]] WARN  server.GrpcLogAppender (GrpcLogAppender.java:timeoutAppendRequest(200)) - f8d8d9c4-afe8-4cc5-8788-d0697b0baa61@group-23F4C195A245->639d7dff-6a78-4ecf-aa0a-b8a4b660182e-GrpcLogAppender: appendEntries Timeout, request=f8d8d9c4-afe8-4cc5-8788-d0697b0baa61->639d7dff-6a78-4ecf-aa0a-b8a4b660182e#105-t1, previous=(t:1, i:13), leaderCommit=10, initializing? false, entries: <empty>
2019-09-17 12:31:49,278 [grpc-default-executor-3] INFO  impl.RaftServerProxy (RaftServerProxy.java:remove(95)) - 4005f9e4-9000-4048-961f-9439e52a6da7: remove group-28FA94F01C3C:null
2019-09-17 12:31:49,282 [RatisPipelineUtilsThread] WARN  pipeline.RatisPipelineUtils (RatisPipelineUtils.java:destroyPipeline(66)) - Pipeline destroy failed for pipeline=PipelineID=946a925e-29f3-4efc-8597-28fa94f01c3c dn=4005f9e4-9000-4048-961f-9439e52a6da7{ip: 192.168.5.130, host: pr-hdds-2136-chhj8-2666454444, networkLocation: /default-rack, certSerialId: null}
2019-09-17 12:31:49,285 [grpc-default-executor-3] INFO  impl.RaftServerProxy (RaftServerProxy.java:remove(95)) - 597a450e-db00-46ca-b8ea-d9e1f9500f66: remove group-28FA94F01C3C:null
2019-09-17 12:31:49,288 [RatisPipelineUtilsThread] WARN  pipeline.RatisPipelineUtils (RatisPipelineUtils.java:destroyPipeline(66)) - Pipeline destroy failed for pipeline=PipelineID=946a925e-29f3-4efc-8597-28fa94f01c3c dn=597a450e-db00-46ca-b8ea-d9e1f9500f66{ip: 192.168.5.130, host: pr-hdds-2136-chhj8-2666454444, networkLocation: /default-rack, certSerialId: null}
2019-09-17 12:31:49,291 [grpc-default-executor-3] INFO  impl.RaftServerProxy (RaftServerProxy.java:remove(95)) - 9a3c5405-1b71-41e7-a1e6-d9c2b7bf9721: remove group-28FA94F01C3C:null
2019-09-17 12:31:49,293 [RatisPipelineUtilsThread] WARN  pipeline.RatisPipelineUtils (RatisPipelineUtils.java:destroyPipeline(66)) - Pipeline destroy failed for pipeline=PipelineID=946a925e-29f3-4efc-8597-28fa94f01c3c dn=9a3c5405-1b71-41e7-a1e6-d9c2b7bf9721{ip: 192.168.5.130, host: pr-hdds-2136-chhj8-2666454444, networkLocation: /default-rack, certSerialId: null}
2019-09-17 12:31:49,293 [RatisPipelineUtilsThread] ERROR pipeline.SCMPipelineManager (Scheduler.java:lambda$schedule$1(70)) - Destroy pipeline failed for pipeline:Pipeline[ Id: 946a925e-29f3-4efc-8597-28fa94f01c3c, Nodes: 4005f9e4-9000-4048-961f-9439e52a6da7{ip: 192.168.5.130, host: pr-hdds-2136-chhj8-2666454444, networkLocation: /default-rack, certSerialId: null}597a450e-db00-46ca-b8ea-d9e1f9500f66{ip: 192.168.5.130, host: pr-hdds-2136-chhj8-2666454444, networkLocation: /default-rack, certSerialId: null}9a3c5405-1b71-41e7-a1e6-d9c2b7bf9721{ip: 192.168.5.130, host: pr-hdds-2136-chhj8-2666454444, networkLocation: /default-rack, certSerialId: null}, Type:RATIS, Factor:THREE, State:CLOSED]
org.apache.hadoop.hdds.scm.pipeline.PipelineNotFoundException: PipelineID=946a925e-29f3-4efc-8597-28fa94f01c3c not found
	at org.apache.hadoop.hdds.scm.pipeline.PipelineStateMap.getPipeline(PipelineStateMap.java:132)
	at org.apache.hadoop.hdds.scm.pipeline.PipelineStateMap.removePipeline(PipelineStateMap.java:322)
	at org.apache.hadoop.hdds.scm.pipeline.PipelineStateManager.removePipeline(PipelineStateManager.java:107)
	at org.apache.hadoop.hdds.scm.pipeline.SCMPipelineManager.removePipeline(SCMPipelineManager.java:423)
	at org.apache.hadoop.hdds.scm.pipeline.SCMPipelineManager.destroyPipeline(SCMPipelineManager.java:409)
	at org.apache.hadoop.hdds.scm.pipeline.SCMPipelineManager.lambda$finalizeAndDestroyPipeline$0(SCMPipelineManager.java:318)
	at org.apache.hadoop.utils.Scheduler.lambda$schedule$1(Scheduler.java:68)
	at java.util.concurrent.Executors$RunnableAdapter.call(Executors.java:511)
	at java.util.concurrent.FutureTask.run(FutureTask.java:266)
	at java.util.concurrent.ScheduledThreadPoolExecutor$ScheduledFutureTask.access$201(ScheduledThreadPoolExecutor.java:180)
	at java.util.concurrent.ScheduledThreadPoolExecutor$ScheduledFutureTask.run(ScheduledThreadPoolExecutor.java:293)
	at java.util.concurrent.ThreadPoolExecutor.runWorker(ThreadPoolExecutor.java:1149)
	at java.util.concurrent.ThreadPoolExecutor$Worker.run(ThreadPoolExecutor.java:624)
	at java.lang.Thread.run(Thread.java:748)
2019-09-17 12:31:51,280 [grpc-default-executor-3] INFO  client.GrpcClientProtocolClient (GrpcClientProtocolClient.java:onNext(264)) - client-9B4AC7B4A30D->639d7dff-6a78-4ecf-aa0a-b8a4b660182e: receive RaftClientReply:client-9B4AC7B4A30D->639d7dff-6a78-4ecf-aa0a-b8a4b660182e@group-23F4C195A245, cid=32, FAILED org.apache.ratis.protocol.NotLeaderException: Server 639d7dff-6a78-4ecf-aa0a-b8a4b660182e@group-23F4C195A245 is not the leader f8d8d9c4-afe8-4cc5-8788-d0697b0baa61:192.168.5.130:40344, logIndex=0, commits[639d7dff-6a78-4ecf-aa0a-b8a4b660182e:c10, 8dae3b80-5600-44e3-9df5-13b3719afed7:c6, f8d8d9c4-afe8-4cc5-8788-d0697b0baa61:c10]
2019-09-17 12:31:51,287 [grpc-default-executor-0] INFO  impl.RaftServerProxy (RaftServerProxy.java:remove(95)) - 4005f9e4-9000-4048-961f-9439e52a6da7: remove group-28FA94F01C3C:null
2019-09-17 12:31:51,292 [RatisPipelineUtilsThread] WARN  pipeline.RatisPipelineUtils (RatisPipelineUtils.java:destroyPipeline(66)) - Pipeline destroy failed for pipeline=PipelineID=946a925e-29f3-4efc-8597-28fa94f01c3c dn=4005f9e4-9000-4048-961f-9439e52a6da7{ip: 192.168.5.130, host: pr-hdds-2136-chhj8-2666454444, networkLocation: /default-rack, certSerialId: null}
2019-09-17 12:31:51,295 [grpc-default-executor-3] INFO  impl.RaftServerProxy (RaftServerProxy.java:remove(95)) - 597a450e-db00-46ca-b8ea-d9e1f9500f66: remove group-28FA94F01C3C:null
2019-09-17 12:31:51,297 [RatisPipelineUtilsThread] WARN  pipeline.RatisPipelineUtils (RatisPipelineUtils.java:destroyPipeline(66)) - Pipeline destroy failed for pipeline=PipelineID=946a925e-29f3-4efc-8597-28fa94f01c3c dn=597a450e-db00-46ca-b8ea-d9e1f9500f66{ip: 192.168.5.130, host: pr-hdds-2136-chhj8-2666454444, networkLocation: /default-rack, certSerialId: null}
2019-09-17 12:31:51,301 [grpc-default-executor-3] INFO  impl.RaftServerProxy (RaftServerProxy.java:remove(95)) - 9a3c5405-1b71-41e7-a1e6-d9c2b7bf9721: remove group-28FA94F01C3C:null
2019-09-17 12:31:51,303 [RatisPipelineUtilsThread] WARN  pipeline.RatisPipelineUtils (RatisPipelineUtils.java:destroyPipeline(66)) - Pipeline destroy failed for pipeline=PipelineID=946a925e-29f3-4efc-8597-28fa94f01c3c dn=9a3c5405-1b71-41e7-a1e6-d9c2b7bf9721{ip: 192.168.5.130, host: pr-hdds-2136-chhj8-2666454444, networkLocation: /default-rack, certSerialId: null}
2019-09-17 12:31:51,303 [RatisPipelineUtilsThread] ERROR pipeline.SCMPipelineManager (Scheduler.java:lambda$schedule$1(70)) - Destroy pipeline failed for pipeline:Pipeline[ Id: 946a925e-29f3-4efc-8597-28fa94f01c3c, Nodes: 4005f9e4-9000-4048-961f-9439e52a6da7{ip: 192.168.5.130, host: pr-hdds-2136-chhj8-2666454444, networkLocation: /default-rack, certSerialId: null}597a450e-db00-46ca-b8ea-d9e1f9500f66{ip: 192.168.5.130, host: pr-hdds-2136-chhj8-2666454444, networkLocation: /default-rack, certSerialId: null}9a3c5405-1b71-41e7-a1e6-d9c2b7bf9721{ip: 192.168.5.130, host: pr-hdds-2136-chhj8-2666454444, networkLocation: /default-rack, certSerialId: null}, Type:RATIS, Factor:THREE, State:CLOSED]
org.apache.hadoop.hdds.scm.pipeline.PipelineNotFoundException: PipelineID=946a925e-29f3-4efc-8597-28fa94f01c3c not found
	at org.apache.hadoop.hdds.scm.pipeline.PipelineStateMap.getPipeline(PipelineStateMap.java:132)
	at org.apache.hadoop.hdds.scm.pipeline.PipelineStateMap.removePipeline(PipelineStateMap.java:322)
	at org.apache.hadoop.hdds.scm.pipeline.PipelineStateManager.removePipeline(PipelineStateManager.java:107)
	at org.apache.hadoop.hdds.scm.pipeline.SCMPipelineManager.removePipeline(SCMPipelineManager.java:423)
	at org.apache.hadoop.hdds.scm.pipeline.SCMPipelineManager.destroyPipeline(SCMPipelineManager.java:409)
	at org.apache.hadoop.hdds.scm.pipeline.SCMPipelineManager.lambda$finalizeAndDestroyPipeline$0(SCMPipelineManager.java:318)
	at org.apache.hadoop.utils.Scheduler.lambda$schedule$1(Scheduler.java:68)
	at java.util.concurrent.Executors$RunnableAdapter.call(Executors.java:511)
	at java.util.concurrent.FutureTask.run(FutureTask.java:266)
	at java.util.concurrent.ScheduledThreadPoolExecutor$ScheduledFutureTask.access$201(ScheduledThreadPoolExecutor.java:180)
	at java.util.concurrent.ScheduledThreadPoolExecutor$ScheduledFutureTask.run(ScheduledThreadPoolExecutor.java:293)
	at java.util.concurrent.ThreadPoolExecutor.runWorker(ThreadPoolExecutor.java:1149)
	at java.util.concurrent.ThreadPoolExecutor$Worker.run(ThreadPoolExecutor.java:624)
	at java.lang.Thread.run(Thread.java:748)
2019-09-17 12:31:51,391 [java.util.concurrent.ThreadPoolExecutor$Worker@34aff09a[State = -1, empty queue]] WARN  server.GrpcLogAppender (GrpcLogAppender.java:timeoutAppendRequest(200)) - f8d8d9c4-afe8-4cc5-8788-d0697b0baa61@group-23F4C195A245->639d7dff-6a78-4ecf-aa0a-b8a4b660182e-GrpcLogAppender: appendEntries Timeout, request=f8d8d9c4-afe8-4cc5-8788-d0697b0baa61->639d7dff-6a78-4ecf-aa0a-b8a4b660182e#106-t1, previous=(t:1, i:13), leaderCommit=10, initializing? false, entries: <empty>
2019-09-17 12:31:51,391 [java.util.concurrent.ThreadPoolExecutor$Worker@5fa0ca4a[State = -1, empty queue]] WARN  server.GrpcLogAppender (GrpcLogAppender.java:timeoutAppendRequest(200)) - f8d8d9c4-afe8-4cc5-8788-d0697b0baa61@group-23F4C195A245->8dae3b80-5600-44e3-9df5-13b3719afed7-GrpcLogAppender: appendEntries Timeout, request=f8d8d9c4-afe8-4cc5-8788-d0697b0baa61->8dae3b80-5600-44e3-9df5-13b3719afed7#106-t1, previous=(t:1, i:13), leaderCommit=10, initializing? false, entries: <empty>
2019-09-17 12:31:52,282 [grpc-default-executor-3] INFO  impl.RaftServerProxy (RaftServerProxy.java:remove(95)) - 4005f9e4-9000-4048-961f-9439e52a6da7: remove group-28FA94F01C3C:null
2019-09-17 12:31:52,286 [RatisPipelineUtilsThread] WARN  pipeline.RatisPipelineUtils (RatisPipelineUtils.java:destroyPipeline(66)) - Pipeline destroy failed for pipeline=PipelineID=946a925e-29f3-4efc-8597-28fa94f01c3c dn=4005f9e4-9000-4048-961f-9439e52a6da7{ip: 192.168.5.130, host: pr-hdds-2136-chhj8-2666454444, networkLocation: /default-rack, certSerialId: null}
2019-09-17 12:31:52,290 [grpc-default-executor-3] INFO  impl.RaftServerProxy (RaftServerProxy.java:remove(95)) - 597a450e-db00-46ca-b8ea-d9e1f9500f66: remove group-28FA94F01C3C:null
2019-09-17 12:31:52,292 [RatisPipelineUtilsThread] WARN  pipeline.RatisPipelineUtils (RatisPipelineUtils.java:destroyPipeline(66)) - Pipeline destroy failed for pipeline=PipelineID=946a925e-29f3-4efc-8597-28fa94f01c3c dn=597a450e-db00-46ca-b8ea-d9e1f9500f66{ip: 192.168.5.130, host: pr-hdds-2136-chhj8-2666454444, networkLocation: /default-rack, certSerialId: null}
2019-09-17 12:31:52,296 [grpc-default-executor-3] INFO  impl.RaftServerProxy (RaftServerProxy.java:remove(95)) - 9a3c5405-1b71-41e7-a1e6-d9c2b7bf9721: remove group-28FA94F01C3C:null
2019-09-17 12:31:52,299 [RatisPipelineUtilsThread] WARN  pipeline.RatisPipelineUtils (RatisPipelineUtils.java:destroyPipeline(66)) - Pipeline destroy failed for pipeline=PipelineID=946a925e-29f3-4efc-8597-28fa94f01c3c dn=9a3c5405-1b71-41e7-a1e6-d9c2b7bf9721{ip: 192.168.5.130, host: pr-hdds-2136-chhj8-2666454444, networkLocation: /default-rack, certSerialId: null}
2019-09-17 12:31:52,299 [RatisPipelineUtilsThread] ERROR pipeline.SCMPipelineManager (Scheduler.java:lambda$schedule$1(70)) - Destroy pipeline failed for pipeline:Pipeline[ Id: 946a925e-29f3-4efc-8597-28fa94f01c3c, Nodes: 4005f9e4-9000-4048-961f-9439e52a6da7{ip: 192.168.5.130, host: pr-hdds-2136-chhj8-2666454444, networkLocation: /default-rack, certSerialId: null}597a450e-db00-46ca-b8ea-d9e1f9500f66{ip: 192.168.5.130, host: pr-hdds-2136-chhj8-2666454444, networkLocation: /default-rack, certSerialId: null}9a3c5405-1b71-41e7-a1e6-d9c2b7bf9721{ip: 192.168.5.130, host: pr-hdds-2136-chhj8-2666454444, networkLocation: /default-rack, certSerialId: null}, Type:RATIS, Factor:THREE, State:CLOSED]
org.apache.hadoop.hdds.scm.pipeline.PipelineNotFoundException: PipelineID=946a925e-29f3-4efc-8597-28fa94f01c3c not found
	at org.apache.hadoop.hdds.scm.pipeline.PipelineStateMap.getPipeline(PipelineStateMap.java:132)
	at org.apache.hadoop.hdds.scm.pipeline.PipelineStateMap.removePipeline(PipelineStateMap.java:322)
	at org.apache.hadoop.hdds.scm.pipeline.PipelineStateManager.removePipeline(PipelineStateManager.java:107)
	at org.apache.hadoop.hdds.scm.pipeline.SCMPipelineManager.removePipeline(SCMPipelineManager.java:423)
	at org.apache.hadoop.hdds.scm.pipeline.SCMPipelineManager.destroyPipeline(SCMPipelineManager.java:409)
	at org.apache.hadoop.hdds.scm.pipeline.SCMPipelineManager.lambda$finalizeAndDestroyPipeline$0(SCMPipelineManager.java:318)
	at org.apache.hadoop.utils.Scheduler.lambda$schedule$1(Scheduler.java:68)
	at java.util.concurrent.Executors$RunnableAdapter.call(Executors.java:511)
	at java.util.concurrent.FutureTask.run(FutureTask.java:266)
	at java.util.concurrent.ScheduledThreadPoolExecutor$ScheduledFutureTask.access$201(ScheduledThreadPoolExecutor.java:180)
	at java.util.concurrent.ScheduledThreadPoolExecutor$ScheduledFutureTask.run(ScheduledThreadPoolExecutor.java:293)
	at java.util.concurrent.ThreadPoolExecutor.runWorker(ThreadPoolExecutor.java:1149)
	at java.util.concurrent.ThreadPoolExecutor$Worker.run(ThreadPoolExecutor.java:624)
	at java.lang.Thread.run(Thread.java:748)
2019-09-17 12:31:53,892 [java.util.concurrent.ThreadPoolExecutor$Worker@5fa0ca4a[State = -1, empty queue]] WARN  server.GrpcLogAppender (GrpcLogAppender.java:timeoutAppendRequest(200)) - f8d8d9c4-afe8-4cc5-8788-d0697b0baa61@group-23F4C195A245->8dae3b80-5600-44e3-9df5-13b3719afed7-GrpcLogAppender: appendEntries Timeout, request=f8d8d9c4-afe8-4cc5-8788-d0697b0baa61->8dae3b80-5600-44e3-9df5-13b3719afed7#107-t1, previous=(t:1, i:13), leaderCommit=10, initializing? false, entries: <empty>
2019-09-17 12:31:53,892 [java.util.concurrent.ThreadPoolExecutor$Worker@34aff09a[State = -1, empty queue]] WARN  server.GrpcLogAppender (GrpcLogAppender.java:timeoutAppendRequest(200)) - f8d8d9c4-afe8-4cc5-8788-d0697b0baa61@group-23F4C195A245->639d7dff-6a78-4ecf-aa0a-b8a4b660182e-GrpcLogAppender: appendEntries Timeout, request=f8d8d9c4-afe8-4cc5-8788-d0697b0baa61->639d7dff-6a78-4ecf-aa0a-b8a4b660182e#107-t1, previous=(t:1, i:13), leaderCommit=10, initializing? false, entries: <empty>
2019-09-17 12:31:54,283 [grpc-default-executor-3] INFO  impl.RaftServerProxy (RaftServerProxy.java:remove(95)) - 4005f9e4-9000-4048-961f-9439e52a6da7: remove group-28FA94F01C3C:null
2019-09-17 12:31:54,287 [RatisPipelineUtilsThread] WARN  pipeline.RatisPipelineUtils (RatisPipelineUtils.java:destroyPipeline(66)) - Pipeline destroy failed for pipeline=PipelineID=946a925e-29f3-4efc-8597-28fa94f01c3c dn=4005f9e4-9000-4048-961f-9439e52a6da7{ip: 192.168.5.130, host: pr-hdds-2136-chhj8-2666454444, networkLocation: /default-rack, certSerialId: null}
2019-09-17 12:31:54,294 [grpc-default-executor-3] INFO  impl.RaftServerProxy (RaftServerProxy.java:remove(95)) - 597a450e-db00-46ca-b8ea-d9e1f9500f66: remove group-28FA94F01C3C:null
2019-09-17 12:31:54,296 [RatisPipelineUtilsThread] WARN  pipeline.RatisPipelineUtils (RatisPipelineUtils.java:destroyPipeline(66)) - Pipeline destroy failed for pipeline=PipelineID=946a925e-29f3-4efc-8597-28fa94f01c3c dn=597a450e-db00-46ca-b8ea-d9e1f9500f66{ip: 192.168.5.130, host: pr-hdds-2136-chhj8-2666454444, networkLocation: /default-rack, certSerialId: null}
2019-09-17 12:31:54,299 [grpc-default-executor-3] INFO  impl.RaftServerProxy (RaftServerProxy.java:remove(95)) - 9a3c5405-1b71-41e7-a1e6-d9c2b7bf9721: remove group-28FA94F01C3C:null
2019-09-17 12:31:54,301 [RatisPipelineUtilsThread] WARN  pipeline.RatisPipelineUtils (RatisPipelineUtils.java:destroyPipeline(66)) - Pipeline destroy failed for pipeline=PipelineID=946a925e-29f3-4efc-8597-28fa94f01c3c dn=9a3c5405-1b71-41e7-a1e6-d9c2b7bf9721{ip: 192.168.5.130, host: pr-hdds-2136-chhj8-2666454444, networkLocation: /default-rack, certSerialId: null}
2019-09-17 12:31:54,302 [RatisPipelineUtilsThread] ERROR pipeline.SCMPipelineManager (Scheduler.java:lambda$schedule$1(70)) - Destroy pipeline failed for pipeline:Pipeline[ Id: 946a925e-29f3-4efc-8597-28fa94f01c3c, Nodes: 4005f9e4-9000-4048-961f-9439e52a6da7{ip: 192.168.5.130, host: pr-hdds-2136-chhj8-2666454444, networkLocation: /default-rack, certSerialId: null}597a450e-db00-46ca-b8ea-d9e1f9500f66{ip: 192.168.5.130, host: pr-hdds-2136-chhj8-2666454444, networkLocation: /default-rack, certSerialId: null}9a3c5405-1b71-41e7-a1e6-d9c2b7bf9721{ip: 192.168.5.130, host: pr-hdds-2136-chhj8-2666454444, networkLocation: /default-rack, certSerialId: null}, Type:RATIS, Factor:THREE, State:CLOSED]
org.apache.hadoop.hdds.scm.pipeline.PipelineNotFoundException: PipelineID=946a925e-29f3-4efc-8597-28fa94f01c3c not found
	at org.apache.hadoop.hdds.scm.pipeline.PipelineStateMap.getPipeline(PipelineStateMap.java:132)
	at org.apache.hadoop.hdds.scm.pipeline.PipelineStateMap.removePipeline(PipelineStateMap.java:322)
	at org.apache.hadoop.hdds.scm.pipeline.PipelineStateManager.removePipeline(PipelineStateManager.java:107)
	at org.apache.hadoop.hdds.scm.pipeline.SCMPipelineManager.removePipeline(SCMPipelineManager.java:423)
	at org.apache.hadoop.hdds.scm.pipeline.SCMPipelineManager.destroyPipeline(SCMPipelineManager.java:409)
	at org.apache.hadoop.hdds.scm.pipeline.SCMPipelineManager.lambda$finalizeAndDestroyPipeline$0(SCMPipelineManager.java:318)
	at org.apache.hadoop.utils.Scheduler.lambda$schedule$1(Scheduler.java:68)
	at java.util.concurrent.Executors$RunnableAdapter.call(Executors.java:511)
	at java.util.concurrent.FutureTask.run(FutureTask.java:266)
	at java.util.concurrent.ScheduledThreadPoolExecutor$ScheduledFutureTask.access$201(ScheduledThreadPoolExecutor.java:180)
	at java.util.concurrent.ScheduledThreadPoolExecutor$ScheduledFutureTask.run(ScheduledThreadPoolExecutor.java:293)
	at java.util.concurrent.ThreadPoolExecutor.runWorker(ThreadPoolExecutor.java:1149)
	at java.util.concurrent.ThreadPoolExecutor$Worker.run(ThreadPoolExecutor.java:624)
	at java.lang.Thread.run(Thread.java:748)
2019-09-17 12:31:55,885 [f8d8d9c4-afe8-4cc5-8788-d0697b0baa61@group-23F4C195A245-SegmentedRaftLogWorker] WARN  segmented.SegmentedRaftLogWorker (SegmentedRaftLogWorker.java:getFromFuture(90)) - Timeout 4/~
org.apache.ratis.protocol.TimeoutIOException: Timeout 10s: WriteLog:11: (t:1, i:11), STATEMACHINELOGENTRY, client-9B4AC7B4A30D, cid=32-writeStateMachineData
	at org.apache.ratis.util.IOUtils.getFromFuture(IOUtils.java:87)
	at org.apache.ratis.server.raftlog.segmented.SegmentedRaftLogWorker$StateMachineDataPolicy.getFromFuture(SegmentedRaftLogWorker.java:87)
	at org.apache.ratis.server.raftlog.segmented.SegmentedRaftLogWorker$WriteLog.execute(SegmentedRaftLogWorker.java:477)
	at org.apache.ratis.server.raftlog.segmented.SegmentedRaftLogWorker.run(SegmentedRaftLogWorker.java:289)
	at java.lang.Thread.run(Thread.java:748)
Caused by: java.util.concurrent.TimeoutException
	at java.util.concurrent.CompletableFuture.timedGet(CompletableFuture.java:1771)
	at java.util.concurrent.CompletableFuture.get(CompletableFuture.java:1915)
	at org.apache.ratis.util.IOUtils.getFromFuture(IOUtils.java:79)
	... 4 more
2019-09-17 12:31:56,038 [639d7dff-6a78-4ecf-aa0a-b8a4b660182e@group-23F4C195A245-SegmentedRaftLogWorker] WARN  segmented.SegmentedRaftLogWorker (SegmentedRaftLogWorker.java:getFromFuture(90)) - Timeout 4/~
org.apache.ratis.protocol.TimeoutIOException: Timeout 10s: WriteLog:12: (t:1, i:12), STATEMACHINELOGENTRY, client-9B4AC7B4A30D, cid=33-writeStateMachineData
	at org.apache.ratis.util.IOUtils.getFromFuture(IOUtils.java:87)
	at org.apache.ratis.server.raftlog.segmented.SegmentedRaftLogWorker$StateMachineDataPolicy.getFromFuture(SegmentedRaftLogWorker.java:87)
	at org.apache.ratis.server.raftlog.segmented.SegmentedRaftLogWorker$WriteLog.execute(SegmentedRaftLogWorker.java:477)
	at org.apache.ratis.server.raftlog.segmented.SegmentedRaftLogWorker.run(SegmentedRaftLogWorker.java:289)
	at java.lang.Thread.run(Thread.java:748)
Caused by: java.util.concurrent.TimeoutException
	at java.util.concurrent.CompletableFuture.timedGet(CompletableFuture.java:1771)
	at java.util.concurrent.CompletableFuture.get(CompletableFuture.java:1915)
	at org.apache.ratis.util.IOUtils.getFromFuture(IOUtils.java:79)
	... 4 more
2019-09-17 12:31:56,039 [8dae3b80-5600-44e3-9df5-13b3719afed7@group-23F4C195A245-SegmentedRaftLogWorker] WARN  segmented.SegmentedRaftLogWorker (SegmentedRaftLogWorker.java:getFromFuture(90)) - Timeout 4/~
org.apache.ratis.protocol.TimeoutIOException: Timeout 10s: WriteLog:12: (t:1, i:12), STATEMACHINELOGENTRY, client-9B4AC7B4A30D, cid=33-writeStateMachineData
	at org.apache.ratis.util.IOUtils.getFromFuture(IOUtils.java:87)
	at org.apache.ratis.server.raftlog.segmented.SegmentedRaftLogWorker$StateMachineDataPolicy.getFromFuture(SegmentedRaftLogWorker.java:87)
	at org.apache.ratis.server.raftlog.segmented.SegmentedRaftLogWorker$WriteLog.execute(SegmentedRaftLogWorker.java:477)
	at org.apache.ratis.server.raftlog.segmented.SegmentedRaftLogWorker.run(SegmentedRaftLogWorker.java:289)
	at java.lang.Thread.run(Thread.java:748)
Caused by: java.util.concurrent.TimeoutException
	at java.util.concurrent.CompletableFuture.timedGet(CompletableFuture.java:1771)
	at java.util.concurrent.CompletableFuture.get(CompletableFuture.java:1915)
	at org.apache.ratis.util.IOUtils.getFromFuture(IOUtils.java:79)
	... 4 more
2019-09-17 12:31:56,281 [grpc-default-executor-3] INFO  impl.RaftServerProxy (RaftServerProxy.java:remove(95)) - 4005f9e4-9000-4048-961f-9439e52a6da7: remove group-28FA94F01C3C:null
2019-09-17 12:31:56,285 [RatisPipelineUtilsThread] WARN  pipeline.RatisPipelineUtils (RatisPipelineUtils.java:destroyPipeline(66)) - Pipeline destroy failed for pipeline=PipelineID=946a925e-29f3-4efc-8597-28fa94f01c3c dn=4005f9e4-9000-4048-961f-9439e52a6da7{ip: 192.168.5.130, host: pr-hdds-2136-chhj8-2666454444, networkLocation: /default-rack, certSerialId: null}
2019-09-17 12:31:56,289 [grpc-default-executor-3] INFO  impl.RaftServerProxy (RaftServerProxy.java:remove(95)) - 597a450e-db00-46ca-b8ea-d9e1f9500f66: remove group-28FA94F01C3C:null
2019-09-17 12:31:56,292 [RatisPipelineUtilsThread] WARN  pipeline.RatisPipelineUtils (RatisPipelineUtils.java:destroyPipeline(66)) - Pipeline destroy failed for pipeline=PipelineID=946a925e-29f3-4efc-8597-28fa94f01c3c dn=597a450e-db00-46ca-b8ea-d9e1f9500f66{ip: 192.168.5.130, host: pr-hdds-2136-chhj8-2666454444, networkLocation: /default-rack, certSerialId: null}
2019-09-17 12:31:56,296 [grpc-default-executor-3] INFO  impl.RaftServerProxy (RaftServerProxy.java:remove(95)) - 9a3c5405-1b71-41e7-a1e6-d9c2b7bf9721: remove group-28FA94F01C3C:null
2019-09-17 12:31:56,298 [RatisPipelineUtilsThread] WARN  pipeline.RatisPipelineUtils (RatisPipelineUtils.java:destroyPipeline(66)) - Pipeline destroy failed for pipeline=PipelineID=946a925e-29f3-4efc-8597-28fa94f01c3c dn=9a3c5405-1b71-41e7-a1e6-d9c2b7bf9721{ip: 192.168.5.130, host: pr-hdds-2136-chhj8-2666454444, networkLocation: /default-rack, certSerialId: null}
2019-09-17 12:31:56,299 [RatisPipelineUtilsThread] ERROR pipeline.SCMPipelineManager (Scheduler.java:lambda$schedule$1(70)) - Destroy pipeline failed for pipeline:Pipeline[ Id: 946a925e-29f3-4efc-8597-28fa94f01c3c, Nodes: 4005f9e4-9000-4048-961f-9439e52a6da7{ip: 192.168.5.130, host: pr-hdds-2136-chhj8-2666454444, networkLocation: /default-rack, certSerialId: null}597a450e-db00-46ca-b8ea-d9e1f9500f66{ip: 192.168.5.130, host: pr-hdds-2136-chhj8-2666454444, networkLocation: /default-rack, certSerialId: null}9a3c5405-1b71-41e7-a1e6-d9c2b7bf9721{ip: 192.168.5.130, host: pr-hdds-2136-chhj8-2666454444, networkLocation: /default-rack, certSerialId: null}, Type:RATIS, Factor:THREE, State:CLOSED]
org.apache.hadoop.hdds.scm.pipeline.PipelineNotFoundException: PipelineID=946a925e-29f3-4efc-8597-28fa94f01c3c not found
	at org.apache.hadoop.hdds.scm.pipeline.PipelineStateMap.getPipeline(PipelineStateMap.java:132)
	at org.apache.hadoop.hdds.scm.pipeline.PipelineStateMap.removePipeline(PipelineStateMap.java:322)
	at org.apache.hadoop.hdds.scm.pipeline.PipelineStateManager.removePipeline(PipelineStateManager.java:107)
	at org.apache.hadoop.hdds.scm.pipeline.SCMPipelineManager.removePipeline(SCMPipelineManager.java:423)
	at org.apache.hadoop.hdds.scm.pipeline.SCMPipelineManager.destroyPipeline(SCMPipelineManager.java:409)
	at org.apache.hadoop.hdds.scm.pipeline.SCMPipelineManager.lambda$finalizeAndDestroyPipeline$0(SCMPipelineManager.java:318)
	at org.apache.hadoop.utils.Scheduler.lambda$schedule$1(Scheduler.java:68)
	at java.util.concurrent.Executors$RunnableAdapter.call(Executors.java:511)
	at java.util.concurrent.FutureTask.run(FutureTask.java:266)
	at java.util.concurrent.ScheduledThreadPoolExecutor$ScheduledFutureTask.access$201(ScheduledThreadPoolExecutor.java:180)
	at java.util.concurrent.ScheduledThreadPoolExecutor$ScheduledFutureTask.run(ScheduledThreadPoolExecutor.java:293)
	at java.util.concurrent.ThreadPoolExecutor.runWorker(ThreadPoolExecutor.java:1149)
	at java.util.concurrent.ThreadPoolExecutor$Worker.run(ThreadPoolExecutor.java:624)
	at java.lang.Thread.run(Thread.java:748)
2019-09-17 12:31:56,318 [grpc-default-executor-3] INFO  client.GrpcClientProtocolClient (GrpcClientProtocolClient.java:onNext(264)) - client-9B4AC7B4A30D->8dae3b80-5600-44e3-9df5-13b3719afed7: receive RaftClientReply:client-9B4AC7B4A30D->8dae3b80-5600-44e3-9df5-13b3719afed7@group-23F4C195A245, cid=32, FAILED org.apache.ratis.protocol.NotLeaderException: Server 8dae3b80-5600-44e3-9df5-13b3719afed7@group-23F4C195A245 is not the leader f8d8d9c4-afe8-4cc5-8788-d0697b0baa61:192.168.5.130:40344, logIndex=0, commits[8dae3b80-5600-44e3-9df5-13b3719afed7:c10, 639d7dff-6a78-4ecf-aa0a-b8a4b660182e:c6, f8d8d9c4-afe8-4cc5-8788-d0697b0baa61:c10]
2019-09-17 12:31:56,392 [java.util.concurrent.ThreadPoolExecutor$Worker@5fa0ca4a[State = -1, empty queue]] WARN  server.GrpcLogAppender (GrpcLogAppender.java:timeoutAppendRequest(200)) - f8d8d9c4-afe8-4cc5-8788-d0697b0baa61@group-23F4C195A245->8dae3b80-5600-44e3-9df5-13b3719afed7-GrpcLogAppender: appendEntries Timeout, request=f8d8d9c4-afe8-4cc5-8788-d0697b0baa61->8dae3b80-5600-44e3-9df5-13b3719afed7#108-t1, previous=(t:1, i:13), leaderCommit=10, initializing? false, entries: <empty>
2019-09-17 12:31:56,392 [java.util.concurrent.ThreadPoolExecutor$Worker@34aff09a[State = -1, empty queue]] WARN  server.GrpcLogAppender (GrpcLogAppender.java:timeoutAppendRequest(200)) - f8d8d9c4-afe8-4cc5-8788-d0697b0baa61@group-23F4C195A245->639d7dff-6a78-4ecf-aa0a-b8a4b660182e-GrpcLogAppender: appendEntries Timeout, request=f8d8d9c4-afe8-4cc5-8788-d0697b0baa61->639d7dff-6a78-4ecf-aa0a-b8a4b660182e#108-t1, previous=(t:1, i:13), leaderCommit=10, initializing? false, entries: <empty>
2019-09-17 12:31:57,281 [grpc-default-executor-0] INFO  impl.RaftServerProxy (RaftServerProxy.java:remove(95)) - 4005f9e4-9000-4048-961f-9439e52a6da7: remove group-28FA94F01C3C:null
2019-09-17 12:31:57,284 [RatisPipelineUtilsThread] WARN  pipeline.RatisPipelineUtils (RatisPipelineUtils.java:destroyPipeline(66)) - Pipeline destroy failed for pipeline=PipelineID=946a925e-29f3-4efc-8597-28fa94f01c3c dn=4005f9e4-9000-4048-961f-9439e52a6da7{ip: 192.168.5.130, host: pr-hdds-2136-chhj8-2666454444, networkLocation: /default-rack, certSerialId: null}
2019-09-17 12:31:57,287 [grpc-default-executor-0] INFO  impl.RaftServerProxy (RaftServerProxy.java:remove(95)) - 597a450e-db00-46ca-b8ea-d9e1f9500f66: remove group-28FA94F01C3C:null
2019-09-17 12:31:57,289 [RatisPipelineUtilsThread] WARN  pipeline.RatisPipelineUtils (RatisPipelineUtils.java:destroyPipeline(66)) - Pipeline destroy failed for pipeline=PipelineID=946a925e-29f3-4efc-8597-28fa94f01c3c dn=597a450e-db00-46ca-b8ea-d9e1f9500f66{ip: 192.168.5.130, host: pr-hdds-2136-chhj8-2666454444, networkLocation: /default-rack, certSerialId: null}
2019-09-17 12:31:57,291 [grpc-default-executor-0] INFO  impl.RaftServerProxy (RaftServerProxy.java:remove(95)) - 9a3c5405-1b71-41e7-a1e6-d9c2b7bf9721: remove group-28FA94F01C3C:null
2019-09-17 12:31:57,294 [RatisPipelineUtilsThread] WARN  pipeline.RatisPipelineUtils (RatisPipelineUtils.java:destroyPipeline(66)) - Pipeline destroy failed for pipeline=PipelineID=946a925e-29f3-4efc-8597-28fa94f01c3c dn=9a3c5405-1b71-41e7-a1e6-d9c2b7bf9721{ip: 192.168.5.130, host: pr-hdds-2136-chhj8-2666454444, networkLocation: /default-rack, certSerialId: null}
2019-09-17 12:31:57,294 [RatisPipelineUtilsThread] ERROR pipeline.SCMPipelineManager (Scheduler.java:lambda$schedule$1(70)) - Destroy pipeline failed for pipeline:Pipeline[ Id: 946a925e-29f3-4efc-8597-28fa94f01c3c, Nodes: 4005f9e4-9000-4048-961f-9439e52a6da7{ip: 192.168.5.130, host: pr-hdds-2136-chhj8-2666454444, networkLocation: /default-rack, certSerialId: null}597a450e-db00-46ca-b8ea-d9e1f9500f66{ip: 192.168.5.130, host: pr-hdds-2136-chhj8-2666454444, networkLocation: /default-rack, certSerialId: null}9a3c5405-1b71-41e7-a1e6-d9c2b7bf9721{ip: 192.168.5.130, host: pr-hdds-2136-chhj8-2666454444, networkLocation: /default-rack, certSerialId: null}, Type:RATIS, Factor:THREE, State:CLOSED]
org.apache.hadoop.hdds.scm.pipeline.PipelineNotFoundException: PipelineID=946a925e-29f3-4efc-8597-28fa94f01c3c not found
	at org.apache.hadoop.hdds.scm.pipeline.PipelineStateMap.getPipeline(PipelineStateMap.java:132)
	at org.apache.hadoop.hdds.scm.pipeline.PipelineStateMap.removePipeline(PipelineStateMap.java:322)
	at org.apache.hadoop.hdds.scm.pipeline.PipelineStateManager.removePipeline(PipelineStateManager.java:107)
	at org.apache.hadoop.hdds.scm.pipeline.SCMPipelineManager.removePipeline(SCMPipelineManager.java:423)
	at org.apache.hadoop.hdds.scm.pipeline.SCMPipelineManager.destroyPipeline(SCMPipelineManager.java:409)
	at org.apache.hadoop.hdds.scm.pipeline.SCMPipelineManager.lambda$finalizeAndDestroyPipeline$0(SCMPipelineManager.java:318)
	at org.apache.hadoop.utils.Scheduler.lambda$schedule$1(Scheduler.java:68)
	at java.util.concurrent.Executors$RunnableAdapter.call(Executors.java:511)
	at java.util.concurrent.FutureTask.run(FutureTask.java:266)
	at java.util.concurrent.ScheduledThreadPoolExecutor$ScheduledFutureTask.access$201(ScheduledThreadPoolExecutor.java:180)
	at java.util.concurrent.ScheduledThreadPoolExecutor$ScheduledFutureTask.run(ScheduledThreadPoolExecutor.java:293)
	at java.util.concurrent.ThreadPoolExecutor.runWorker(ThreadPoolExecutor.java:1149)
	at java.util.concurrent.ThreadPoolExecutor$Worker.run(ThreadPoolExecutor.java:624)
	at java.lang.Thread.run(Thread.java:748)
2019-09-17 12:31:58,893 [java.util.concurrent.ThreadPoolExecutor$Worker@34aff09a[State = -1, empty queue]] WARN  server.GrpcLogAppender (GrpcLogAppender.java:timeoutAppendRequest(200)) - f8d8d9c4-afe8-4cc5-8788-d0697b0baa61@group-23F4C195A245->639d7dff-6a78-4ecf-aa0a-b8a4b660182e-GrpcLogAppender: appendEntries Timeout, request=f8d8d9c4-afe8-4cc5-8788-d0697b0baa61->639d7dff-6a78-4ecf-aa0a-b8a4b660182e#109-t1, previous=(t:1, i:13), leaderCommit=10, initializing? false, entries: <empty>
2019-09-17 12:31:58,893 [java.util.concurrent.ThreadPoolExecutor$Worker@5fa0ca4a[State = -1, empty queue]] WARN  server.GrpcLogAppender (GrpcLogAppender.java:timeoutAppendRequest(200)) - f8d8d9c4-afe8-4cc5-8788-d0697b0baa61@group-23F4C195A245->8dae3b80-5600-44e3-9df5-13b3719afed7-GrpcLogAppender: appendEntries Timeout, request=f8d8d9c4-afe8-4cc5-8788-d0697b0baa61->8dae3b80-5600-44e3-9df5-13b3719afed7#109-t1, previous=(t:1, i:13), leaderCommit=10, initializing? false, entries: <empty>
2019-09-17 12:31:59,286 [grpc-default-executor-3] INFO  impl.RaftServerProxy (RaftServerProxy.java:remove(95)) - 4005f9e4-9000-4048-961f-9439e52a6da7: remove group-28FA94F01C3C:null
2019-09-17 12:31:59,289 [RatisPipelineUtilsThread] WARN  pipeline.RatisPipelineUtils (RatisPipelineUtils.java:destroyPipeline(66)) - Pipeline destroy failed for pipeline=PipelineID=946a925e-29f3-4efc-8597-28fa94f01c3c dn=4005f9e4-9000-4048-961f-9439e52a6da7{ip: 192.168.5.130, host: pr-hdds-2136-chhj8-2666454444, networkLocation: /default-rack, certSerialId: null}
2019-09-17 12:31:59,293 [grpc-default-executor-3] INFO  impl.RaftServerProxy (RaftServerProxy.java:remove(95)) - 597a450e-db00-46ca-b8ea-d9e1f9500f66: remove group-28FA94F01C3C:null
2019-09-17 12:31:59,295 [RatisPipelineUtilsThread] WARN  pipeline.RatisPipelineUtils (RatisPipelineUtils.java:destroyPipeline(66)) - Pipeline destroy failed for pipeline=PipelineID=946a925e-29f3-4efc-8597-28fa94f01c3c dn=597a450e-db00-46ca-b8ea-d9e1f9500f66{ip: 192.168.5.130, host: pr-hdds-2136-chhj8-2666454444, networkLocation: /default-rack, certSerialId: null}
2019-09-17 12:31:59,298 [grpc-default-executor-3] INFO  impl.RaftServerProxy (RaftServerProxy.java:remove(95)) - 9a3c5405-1b71-41e7-a1e6-d9c2b7bf9721: remove group-28FA94F01C3C:null
2019-09-17 12:31:59,300 [RatisPipelineUtilsThread] WARN  pipeline.RatisPipelineUtils (RatisPipelineUtils.java:destroyPipeline(66)) - Pipeline destroy failed for pipeline=PipelineID=946a925e-29f3-4efc-8597-28fa94f01c3c dn=9a3c5405-1b71-41e7-a1e6-d9c2b7bf9721{ip: 192.168.5.130, host: pr-hdds-2136-chhj8-2666454444, networkLocation: /default-rack, certSerialId: null}
2019-09-17 12:31:59,301 [RatisPipelineUtilsThread] ERROR pipeline.SCMPipelineManager (Scheduler.java:lambda$schedule$1(70)) - Destroy pipeline failed for pipeline:Pipeline[ Id: 946a925e-29f3-4efc-8597-28fa94f01c3c, Nodes: 4005f9e4-9000-4048-961f-9439e52a6da7{ip: 192.168.5.130, host: pr-hdds-2136-chhj8-2666454444, networkLocation: /default-rack, certSerialId: null}597a450e-db00-46ca-b8ea-d9e1f9500f66{ip: 192.168.5.130, host: pr-hdds-2136-chhj8-2666454444, networkLocation: /default-rack, certSerialId: null}9a3c5405-1b71-41e7-a1e6-d9c2b7bf9721{ip: 192.168.5.130, host: pr-hdds-2136-chhj8-2666454444, networkLocation: /default-rack, certSerialId: null}, Type:RATIS, Factor:THREE, State:CLOSED]
org.apache.hadoop.hdds.scm.pipeline.PipelineNotFoundException: PipelineID=946a925e-29f3-4efc-8597-28fa94f01c3c not found
	at org.apache.hadoop.hdds.scm.pipeline.PipelineStateMap.getPipeline(PipelineStateMap.java:132)
	at org.apache.hadoop.hdds.scm.pipeline.PipelineStateMap.removePipeline(PipelineStateMap.java:322)
	at org.apache.hadoop.hdds.scm.pipeline.PipelineStateManager.removePipeline(PipelineStateManager.java:107)
	at org.apache.hadoop.hdds.scm.pipeline.SCMPipelineManager.removePipeline(SCMPipelineManager.java:423)
	at org.apache.hadoop.hdds.scm.pipeline.SCMPipelineManager.destroyPipeline(SCMPipelineManager.java:409)
	at org.apache.hadoop.hdds.scm.pipeline.SCMPipelineManager.lambda$finalizeAndDestroyPipeline$0(SCMPipelineManager.java:318)
	at org.apache.hadoop.utils.Scheduler.lambda$schedule$1(Scheduler.java:68)
	at java.util.concurrent.Executors$RunnableAdapter.call(Executors.java:511)
	at java.util.concurrent.FutureTask.run(FutureTask.java:266)
	at java.util.concurrent.ScheduledThreadPoolExecutor$ScheduledFutureTask.access$201(ScheduledThreadPoolExecutor.java:180)
	at java.util.concurrent.ScheduledThreadPoolExecutor$ScheduledFutureTask.run(ScheduledThreadPoolExecutor.java:293)
	at java.util.concurrent.ThreadPoolExecutor.runWorker(ThreadPoolExecutor.java:1149)
	at java.util.concurrent.ThreadPoolExecutor$Worker.run(ThreadPoolExecutor.java:624)
	at java.lang.Thread.run(Thread.java:748)
2019-09-17 12:32:01,280 [grpc-default-executor-0] INFO  impl.RaftServerProxy (RaftServerProxy.java:remove(95)) - 4005f9e4-9000-4048-961f-9439e52a6da7: remove group-28FA94F01C3C:null
2019-09-17 12:32:01,284 [RatisPipelineUtilsThread] WARN  pipeline.RatisPipelineUtils (RatisPipelineUtils.java:destroyPipeline(66)) - Pipeline destroy failed for pipeline=PipelineID=946a925e-29f3-4efc-8597-28fa94f01c3c dn=4005f9e4-9000-4048-961f-9439e52a6da7{ip: 192.168.5.130, host: pr-hdds-2136-chhj8-2666454444, networkLocation: /default-rack, certSerialId: null}
2019-09-17 12:32:01,286 [grpc-default-executor-0] INFO  impl.RaftServerProxy (RaftServerProxy.java:remove(95)) - 597a450e-db00-46ca-b8ea-d9e1f9500f66: remove group-28FA94F01C3C:null
2019-09-17 12:32:01,288 [RatisPipelineUtilsThread] WARN  pipeline.RatisPipelineUtils (RatisPipelineUtils.java:destroyPipeline(66)) - Pipeline destroy failed for pipeline=PipelineID=946a925e-29f3-4efc-8597-28fa94f01c3c dn=597a450e-db00-46ca-b8ea-d9e1f9500f66{ip: 192.168.5.130, host: pr-hdds-2136-chhj8-2666454444, networkLocation: /default-rack, certSerialId: null}
2019-09-17 12:32:01,290 [grpc-default-executor-0] INFO  impl.RaftServerProxy (RaftServerProxy.java:remove(95)) - 9a3c5405-1b71-41e7-a1e6-d9c2b7bf9721: remove group-28FA94F01C3C:null
2019-09-17 12:32:01,291 [RatisPipelineUtilsThread] WARN  pipeline.RatisPipelineUtils (RatisPipelineUtils.java:destroyPipeline(66)) - Pipeline destroy failed for pipeline=PipelineID=946a925e-29f3-4efc-8597-28fa94f01c3c dn=9a3c5405-1b71-41e7-a1e6-d9c2b7bf9721{ip: 192.168.5.130, host: pr-hdds-2136-chhj8-2666454444, networkLocation: /default-rack, certSerialId: null}
2019-09-17 12:32:01,292 [RatisPipelineUtilsThread] ERROR pipeline.SCMPipelineManager (Scheduler.java:lambda$schedule$1(70)) - Destroy pipeline failed for pipeline:Pipeline[ Id: 946a925e-29f3-4efc-8597-28fa94f01c3c, Nodes: 4005f9e4-9000-4048-961f-9439e52a6da7{ip: 192.168.5.130, host: pr-hdds-2136-chhj8-2666454444, networkLocation: /default-rack, certSerialId: null}597a450e-db00-46ca-b8ea-d9e1f9500f66{ip: 192.168.5.130, host: pr-hdds-2136-chhj8-2666454444, networkLocation: /default-rack, certSerialId: null}9a3c5405-1b71-41e7-a1e6-d9c2b7bf9721{ip: 192.168.5.130, host: pr-hdds-2136-chhj8-2666454444, networkLocation: /default-rack, certSerialId: null}, Type:RATIS, Factor:THREE, State:CLOSED]
org.apache.hadoop.hdds.scm.pipeline.PipelineNotFoundException: PipelineID=946a925e-29f3-4efc-8597-28fa94f01c3c not found
	at org.apache.hadoop.hdds.scm.pipeline.PipelineStateMap.getPipeline(PipelineStateMap.java:132)
	at org.apache.hadoop.hdds.scm.pipeline.PipelineStateMap.removePipeline(PipelineStateMap.java:322)
	at org.apache.hadoop.hdds.scm.pipeline.PipelineStateManager.removePipeline(PipelineStateManager.java:107)
	at org.apache.hadoop.hdds.scm.pipeline.SCMPipelineManager.removePipeline(SCMPipelineManager.java:423)
	at org.apache.hadoop.hdds.scm.pipeline.SCMPipelineManager.destroyPipeline(SCMPipelineManager.java:409)
	at org.apache.hadoop.hdds.scm.pipeline.SCMPipelineManager.lambda$finalizeAndDestroyPipeline$0(SCMPipelineManager.java:318)
	at org.apache.hadoop.utils.Scheduler.lambda$schedule$1(Scheduler.java:68)
	at java.util.concurrent.Executors$RunnableAdapter.call(Executors.java:511)
	at java.util.concurrent.FutureTask.run(FutureTask.java:266)
	at java.util.concurrent.ScheduledThreadPoolExecutor$ScheduledFutureTask.access$201(ScheduledThreadPoolExecutor.java:180)
	at java.util.concurrent.ScheduledThreadPoolExecutor$ScheduledFutureTask.run(ScheduledThreadPoolExecutor.java:293)
	at java.util.concurrent.ThreadPoolExecutor.runWorker(ThreadPoolExecutor.java:1149)
	at java.util.concurrent.ThreadPoolExecutor$Worker.run(ThreadPoolExecutor.java:624)
	at java.lang.Thread.run(Thread.java:748)
2019-09-17 12:32:01,358 [grpc-default-executor-0] INFO  client.GrpcClientProtocolClient (GrpcClientProtocolClient.java:onNext(264)) - client-9B4AC7B4A30D->8dae3b80-5600-44e3-9df5-13b3719afed7: receive RaftClientReply:client-9B4AC7B4A30D->8dae3b80-5600-44e3-9df5-13b3719afed7@group-23F4C195A245, cid=32, FAILED org.apache.ratis.protocol.NotLeaderException: Server 8dae3b80-5600-44e3-9df5-13b3719afed7@group-23F4C195A245 is not the leader f8d8d9c4-afe8-4cc5-8788-d0697b0baa61:192.168.5.130:40344, logIndex=0, commits[8dae3b80-5600-44e3-9df5-13b3719afed7:c10, 639d7dff-6a78-4ecf-aa0a-b8a4b660182e:c6, f8d8d9c4-afe8-4cc5-8788-d0697b0baa61:c10]
2019-09-17 12:32:01,393 [java.util.concurrent.ThreadPoolExecutor$Worker@5fa0ca4a[State = -1, empty queue]] WARN  server.GrpcLogAppender (GrpcLogAppender.java:timeoutAppendRequest(200)) - f8d8d9c4-afe8-4cc5-8788-d0697b0baa61@group-23F4C195A245->8dae3b80-5600-44e3-9df5-13b3719afed7-GrpcLogAppender: appendEntries Timeout, request=f8d8d9c4-afe8-4cc5-8788-d0697b0baa61->8dae3b80-5600-44e3-9df5-13b3719afed7#110-t1, previous=(t:1, i:13), leaderCommit=10, initializing? false, entries: <empty>
2019-09-17 12:32:01,393 [java.util.concurrent.ThreadPoolExecutor$Worker@34aff09a[State = -1, empty queue]] WARN  server.GrpcLogAppender (GrpcLogAppender.java:timeoutAppendRequest(200)) - f8d8d9c4-afe8-4cc5-8788-d0697b0baa61@group-23F4C195A245->639d7dff-6a78-4ecf-aa0a-b8a4b660182e-GrpcLogAppender: appendEntries Timeout, request=f8d8d9c4-afe8-4cc5-8788-d0697b0baa61->639d7dff-6a78-4ecf-aa0a-b8a4b660182e#110-t1, previous=(t:1, i:13), leaderCommit=10, initializing? false, entries: <empty>
2019-09-17 12:32:02,280 [grpc-default-executor-3] INFO  impl.RaftServerProxy (RaftServerProxy.java:remove(95)) - 4005f9e4-9000-4048-961f-9439e52a6da7: remove group-28FA94F01C3C:null
2019-09-17 12:32:02,282 [RatisPipelineUtilsThread] WARN  pipeline.RatisPipelineUtils (RatisPipelineUtils.java:destroyPipeline(66)) - Pipeline destroy failed for pipeline=PipelineID=946a925e-29f3-4efc-8597-28fa94f01c3c dn=4005f9e4-9000-4048-961f-9439e52a6da7{ip: 192.168.5.130, host: pr-hdds-2136-chhj8-2666454444, networkLocation: /default-rack, certSerialId: null}
2019-09-17 12:32:02,285 [grpc-default-executor-3] INFO  impl.RaftServerProxy (RaftServerProxy.java:remove(95)) - 597a450e-db00-46ca-b8ea-d9e1f9500f66: remove group-28FA94F01C3C:null
2019-09-17 12:32:02,287 [RatisPipelineUtilsThread] WARN  pipeline.RatisPipelineUtils (RatisPipelineUtils.java:destroyPipeline(66)) - Pipeline destroy failed for pipeline=PipelineID=946a925e-29f3-4efc-8597-28fa94f01c3c dn=597a450e-db00-46ca-b8ea-d9e1f9500f66{ip: 192.168.5.130, host: pr-hdds-2136-chhj8-2666454444, networkLocation: /default-rack, certSerialId: null}
2019-09-17 12:32:02,290 [grpc-default-executor-3] INFO  impl.RaftServerProxy (RaftServerProxy.java:remove(95)) - 9a3c5405-1b71-41e7-a1e6-d9c2b7bf9721: remove group-28FA94F01C3C:null
2019-09-17 12:32:02,292 [RatisPipelineUtilsThread] WARN  pipeline.RatisPipelineUtils (RatisPipelineUtils.java:destroyPipeline(66)) - Pipeline destroy failed for pipeline=PipelineID=946a925e-29f3-4efc-8597-28fa94f01c3c dn=9a3c5405-1b71-41e7-a1e6-d9c2b7bf9721{ip: 192.168.5.130, host: pr-hdds-2136-chhj8-2666454444, networkLocation: /default-rack, certSerialId: null}
2019-09-17 12:32:02,293 [RatisPipelineUtilsThread] ERROR pipeline.SCMPipelineManager (Scheduler.java:lambda$schedule$1(70)) - Destroy pipeline failed for pipeline:Pipeline[ Id: 946a925e-29f3-4efc-8597-28fa94f01c3c, Nodes: 4005f9e4-9000-4048-961f-9439e52a6da7{ip: 192.168.5.130, host: pr-hdds-2136-chhj8-2666454444, networkLocation: /default-rack, certSerialId: null}597a450e-db00-46ca-b8ea-d9e1f9500f66{ip: 192.168.5.130, host: pr-hdds-2136-chhj8-2666454444, networkLocation: /default-rack, certSerialId: null}9a3c5405-1b71-41e7-a1e6-d9c2b7bf9721{ip: 192.168.5.130, host: pr-hdds-2136-chhj8-2666454444, networkLocation: /default-rack, certSerialId: null}, Type:RATIS, Factor:THREE, State:CLOSED]
org.apache.hadoop.hdds.scm.pipeline.PipelineNotFoundException: PipelineID=946a925e-29f3-4efc-8597-28fa94f01c3c not found
	at org.apache.hadoop.hdds.scm.pipeline.PipelineStateMap.getPipeline(PipelineStateMap.java:132)
	at org.apache.hadoop.hdds.scm.pipeline.PipelineStateMap.removePipeline(PipelineStateMap.java:322)
	at org.apache.hadoop.hdds.scm.pipeline.PipelineStateManager.removePipeline(PipelineStateManager.java:107)
	at org.apache.hadoop.hdds.scm.pipeline.SCMPipelineManager.removePipeline(SCMPipelineManager.java:423)
	at org.apache.hadoop.hdds.scm.pipeline.SCMPipelineManager.destroyPipeline(SCMPipelineManager.java:409)
	at org.apache.hadoop.hdds.scm.pipeline.SCMPipelineManager.lambda$finalizeAndDestroyPipeline$0(SCMPipelineManager.java:318)
	at org.apache.hadoop.utils.Scheduler.lambda$schedule$1(Scheduler.java:68)
	at java.util.concurrent.Executors$RunnableAdapter.call(Executors.java:511)
	at java.util.concurrent.FutureTask.run(FutureTask.java:266)
	at java.util.concurrent.ScheduledThreadPoolExecutor$ScheduledFutureTask.access$201(ScheduledThreadPoolExecutor.java:180)
	at java.util.concurrent.ScheduledThreadPoolExecutor$ScheduledFutureTask.run(ScheduledThreadPoolExecutor.java:293)
	at java.util.concurrent.ThreadPoolExecutor.runWorker(ThreadPoolExecutor.java:1149)
	at java.util.concurrent.ThreadPoolExecutor$Worker.run(ThreadPoolExecutor.java:624)
	at java.lang.Thread.run(Thread.java:748)
2019-09-17 12:32:03,893 [java.util.concurrent.ThreadPoolExecutor$Worker@34aff09a[State = -1, empty queue]] WARN  server.GrpcLogAppender (GrpcLogAppender.java:timeoutAppendRequest(200)) - f8d8d9c4-afe8-4cc5-8788-d0697b0baa61@group-23F4C195A245->639d7dff-6a78-4ecf-aa0a-b8a4b660182e-GrpcLogAppender: appendEntries Timeout, request=f8d8d9c4-afe8-4cc5-8788-d0697b0baa61->639d7dff-6a78-4ecf-aa0a-b8a4b660182e#111-t1, previous=(t:1, i:13), leaderCommit=10, initializing? false, entries: <empty>
2019-09-17 12:32:03,893 [java.util.concurrent.ThreadPoolExecutor$Worker@5fa0ca4a[State = -1, empty queue]] WARN  server.GrpcLogAppender (GrpcLogAppender.java:timeoutAppendRequest(200)) - f8d8d9c4-afe8-4cc5-8788-d0697b0baa61@group-23F4C195A245->8dae3b80-5600-44e3-9df5-13b3719afed7-GrpcLogAppender: appendEntries Timeout, request=f8d8d9c4-afe8-4cc5-8788-d0697b0baa61->8dae3b80-5600-44e3-9df5-13b3719afed7#111-t1, previous=(t:1, i:13), leaderCommit=10, initializing? false, entries: <empty>
2019-09-17 12:32:04,282 [grpc-default-executor-3] INFO  impl.RaftServerProxy (RaftServerProxy.java:remove(95)) - 4005f9e4-9000-4048-961f-9439e52a6da7: remove group-28FA94F01C3C:null
2019-09-17 12:32:04,286 [RatisPipelineUtilsThread] WARN  pipeline.RatisPipelineUtils (RatisPipelineUtils.java:destroyPipeline(66)) - Pipeline destroy failed for pipeline=PipelineID=946a925e-29f3-4efc-8597-28fa94f01c3c dn=4005f9e4-9000-4048-961f-9439e52a6da7{ip: 192.168.5.130, host: pr-hdds-2136-chhj8-2666454444, networkLocation: /default-rack, certSerialId: null}
2019-09-17 12:32:04,289 [grpc-default-executor-3] INFO  impl.RaftServerProxy (RaftServerProxy.java:remove(95)) - 597a450e-db00-46ca-b8ea-d9e1f9500f66: remove group-28FA94F01C3C:null
2019-09-17 12:32:04,291 [RatisPipelineUtilsThread] WARN  pipeline.RatisPipelineUtils (RatisPipelineUtils.java:destroyPipeline(66)) - Pipeline destroy failed for pipeline=PipelineID=946a925e-29f3-4efc-8597-28fa94f01c3c dn=597a450e-db00-46ca-b8ea-d9e1f9500f66{ip: 192.168.5.130, host: pr-hdds-2136-chhj8-2666454444, networkLocation: /default-rack, certSerialId: null}
2019-09-17 12:32:04,293 [grpc-default-executor-3] INFO  impl.RaftServerProxy (RaftServerProxy.java:remove(95)) - 9a3c5405-1b71-41e7-a1e6-d9c2b7bf9721: remove group-28FA94F01C3C:null
2019-09-17 12:32:04,295 [RatisPipelineUtilsThread] WARN  pipeline.RatisPipelineUtils (RatisPipelineUtils.java:destroyPipeline(66)) - Pipeline destroy failed for pipeline=PipelineID=946a925e-29f3-4efc-8597-28fa94f01c3c dn=9a3c5405-1b71-41e7-a1e6-d9c2b7bf9721{ip: 192.168.5.130, host: pr-hdds-2136-chhj8-2666454444, networkLocation: /default-rack, certSerialId: null}
2019-09-17 12:32:04,295 [RatisPipelineUtilsThread] ERROR pipeline.SCMPipelineManager (Scheduler.java:lambda$schedule$1(70)) - Destroy pipeline failed for pipeline:Pipeline[ Id: 946a925e-29f3-4efc-8597-28fa94f01c3c, Nodes: 4005f9e4-9000-4048-961f-9439e52a6da7{ip: 192.168.5.130, host: pr-hdds-2136-chhj8-2666454444, networkLocation: /default-rack, certSerialId: null}597a450e-db00-46ca-b8ea-d9e1f9500f66{ip: 192.168.5.130, host: pr-hdds-2136-chhj8-2666454444, networkLocation: /default-rack, certSerialId: null}9a3c5405-1b71-41e7-a1e6-d9c2b7bf9721{ip: 192.168.5.130, host: pr-hdds-2136-chhj8-2666454444, networkLocation: /default-rack, certSerialId: null}, Type:RATIS, Factor:THREE, State:CLOSED]
org.apache.hadoop.hdds.scm.pipeline.PipelineNotFoundException: PipelineID=946a925e-29f3-4efc-8597-28fa94f01c3c not found
	at org.apache.hadoop.hdds.scm.pipeline.PipelineStateMap.getPipeline(PipelineStateMap.java:132)
	at org.apache.hadoop.hdds.scm.pipeline.PipelineStateMap.removePipeline(PipelineStateMap.java:322)
	at org.apache.hadoop.hdds.scm.pipeline.PipelineStateManager.removePipeline(PipelineStateManager.java:107)
	at org.apache.hadoop.hdds.scm.pipeline.SCMPipelineManager.removePipeline(SCMPipelineManager.java:423)
	at org.apache.hadoop.hdds.scm.pipeline.SCMPipelineManager.destroyPipeline(SCMPipelineManager.java:409)
	at org.apache.hadoop.hdds.scm.pipeline.SCMPipelineManager.lambda$finalizeAndDestroyPipeline$0(SCMPipelineManager.java:318)
	at org.apache.hadoop.utils.Scheduler.lambda$schedule$1(Scheduler.java:68)
	at java.util.concurrent.Executors$RunnableAdapter.call(Executors.java:511)
	at java.util.concurrent.FutureTask.run(FutureTask.java:266)
	at java.util.concurrent.ScheduledThreadPoolExecutor$ScheduledFutureTask.access$201(ScheduledThreadPoolExecutor.java:180)
	at java.util.concurrent.ScheduledThreadPoolExecutor$ScheduledFutureTask.run(ScheduledThreadPoolExecutor.java:293)
	at java.util.concurrent.ThreadPoolExecutor.runWorker(ThreadPoolExecutor.java:1149)
	at java.util.concurrent.ThreadPoolExecutor$Worker.run(ThreadPoolExecutor.java:624)
	at java.lang.Thread.run(Thread.java:748)
2019-09-17 12:32:05,886 [f8d8d9c4-afe8-4cc5-8788-d0697b0baa61@group-23F4C195A245-SegmentedRaftLogWorker] WARN  segmented.SegmentedRaftLogWorker (SegmentedRaftLogWorker.java:getFromFuture(90)) - Timeout 5/~
org.apache.ratis.protocol.TimeoutIOException: Timeout 10s: WriteLog:11: (t:1, i:11), STATEMACHINELOGENTRY, client-9B4AC7B4A30D, cid=32-writeStateMachineData
	at org.apache.ratis.util.IOUtils.getFromFuture(IOUtils.java:87)
	at org.apache.ratis.server.raftlog.segmented.SegmentedRaftLogWorker$StateMachineDataPolicy.getFromFuture(SegmentedRaftLogWorker.java:87)
	at org.apache.ratis.server.raftlog.segmented.SegmentedRaftLogWorker$WriteLog.execute(SegmentedRaftLogWorker.java:477)
	at org.apache.ratis.server.raftlog.segmented.SegmentedRaftLogWorker.run(SegmentedRaftLogWorker.java:289)
	at java.lang.Thread.run(Thread.java:748)
Caused by: java.util.concurrent.TimeoutException
	at java.util.concurrent.CompletableFuture.timedGet(CompletableFuture.java:1771)
	at java.util.concurrent.CompletableFuture.get(CompletableFuture.java:1915)
	at org.apache.ratis.util.IOUtils.getFromFuture(IOUtils.java:79)
	... 4 more
2019-09-17 12:32:06,040 [639d7dff-6a78-4ecf-aa0a-b8a4b660182e@group-23F4C195A245-SegmentedRaftLogWorker] WARN  segmented.SegmentedRaftLogWorker (SegmentedRaftLogWorker.java:getFromFuture(90)) - Timeout 5/~
org.apache.ratis.protocol.TimeoutIOException: Timeout 10s: WriteLog:12: (t:1, i:12), STATEMACHINELOGENTRY, client-9B4AC7B4A30D, cid=33-writeStateMachineData
	at org.apache.ratis.util.IOUtils.getFromFuture(IOUtils.java:87)
	at org.apache.ratis.server.raftlog.segmented.SegmentedRaftLogWorker$StateMachineDataPolicy.getFromFuture(SegmentedRaftLogWorker.java:87)
	at org.apache.ratis.server.raftlog.segmented.SegmentedRaftLogWorker$WriteLog.execute(SegmentedRaftLogWorker.java:477)
	at org.apache.ratis.server.raftlog.segmented.SegmentedRaftLogWorker.run(SegmentedRaftLogWorker.java:289)
	at java.lang.Thread.run(Thread.java:748)
Caused by: java.util.concurrent.TimeoutException
	at java.util.concurrent.CompletableFuture.timedGet(CompletableFuture.java:1771)
	at java.util.concurrent.CompletableFuture.get(CompletableFuture.java:1915)
	at org.apache.ratis.util.IOUtils.getFromFuture(IOUtils.java:79)
	... 4 more
2019-09-17 12:32:06,040 [8dae3b80-5600-44e3-9df5-13b3719afed7@group-23F4C195A245-SegmentedRaftLogWorker] WARN  segmented.SegmentedRaftLogWorker (SegmentedRaftLogWorker.java:getFromFuture(90)) - Timeout 5/~
org.apache.ratis.protocol.TimeoutIOException: Timeout 10s: WriteLog:12: (t:1, i:12), STATEMACHINELOGENTRY, client-9B4AC7B4A30D, cid=33-writeStateMachineData
	at org.apache.ratis.util.IOUtils.getFromFuture(IOUtils.java:87)
	at org.apache.ratis.server.raftlog.segmented.SegmentedRaftLogWorker$StateMachineDataPolicy.getFromFuture(SegmentedRaftLogWorker.java:87)
	at org.apache.ratis.server.raftlog.segmented.SegmentedRaftLogWorker$WriteLog.execute(SegmentedRaftLogWorker.java:477)
	at org.apache.ratis.server.raftlog.segmented.SegmentedRaftLogWorker.run(SegmentedRaftLogWorker.java:289)
	at java.lang.Thread.run(Thread.java:748)
Caused by: java.util.concurrent.TimeoutException
	at java.util.concurrent.CompletableFuture.timedGet(CompletableFuture.java:1771)
	at java.util.concurrent.CompletableFuture.get(CompletableFuture.java:1915)
	at org.apache.ratis.util.IOUtils.getFromFuture(IOUtils.java:79)
	... 4 more
2019-09-17 12:32:06,396 [java.util.concurrent.ThreadPoolExecutor$Worker@5fa0ca4a[State = -1, empty queue]] WARN  server.GrpcLogAppender (GrpcLogAppender.java:timeoutAppendRequest(200)) - f8d8d9c4-afe8-4cc5-8788-d0697b0baa61@group-23F4C195A245->8dae3b80-5600-44e3-9df5-13b3719afed7-GrpcLogAppender: appendEntries Timeout, request=f8d8d9c4-afe8-4cc5-8788-d0697b0baa61->8dae3b80-5600-44e3-9df5-13b3719afed7#112-t1, previous=(t:1, i:13), leaderCommit=10, initializing? false, entries: <empty>
2019-09-17 12:32:06,396 [java.util.concurrent.ThreadPoolExecutor$Worker@34aff09a[State = -1, empty queue]] WARN  server.GrpcLogAppender (GrpcLogAppender.java:timeoutAppendRequest(200)) - f8d8d9c4-afe8-4cc5-8788-d0697b0baa61@group-23F4C195A245->639d7dff-6a78-4ecf-aa0a-b8a4b660182e-GrpcLogAppender: appendEntries Timeout, request=f8d8d9c4-afe8-4cc5-8788-d0697b0baa61->639d7dff-6a78-4ecf-aa0a-b8a4b660182e#112-t1, previous=(t:1, i:13), leaderCommit=10, initializing? false, entries: <empty>
2019-09-17 12:32:06,397 [grpc-default-executor-3] INFO  client.GrpcClientProtocolClient (GrpcClientProtocolClient.java:onNext(264)) - client-9B4AC7B4A30D->639d7dff-6a78-4ecf-aa0a-b8a4b660182e: receive RaftClientReply:client-9B4AC7B4A30D->639d7dff-6a78-4ecf-aa0a-b8a4b660182e@group-23F4C195A245, cid=32, FAILED org.apache.ratis.protocol.NotLeaderException: Server 639d7dff-6a78-4ecf-aa0a-b8a4b660182e@group-23F4C195A245 is not the leader f8d8d9c4-afe8-4cc5-8788-d0697b0baa61:192.168.5.130:40344, logIndex=0, commits[639d7dff-6a78-4ecf-aa0a-b8a4b660182e:c10, 8dae3b80-5600-44e3-9df5-13b3719afed7:c6, f8d8d9c4-afe8-4cc5-8788-d0697b0baa61:c10]
2019-09-17 12:32:07,280 [grpc-default-executor-3] INFO  impl.RaftServerProxy (RaftServerProxy.java:remove(95)) - 4005f9e4-9000-4048-961f-9439e52a6da7: remove group-28FA94F01C3C:null
2019-09-17 12:32:07,283 [RatisPipelineUtilsThread] WARN  pipeline.RatisPipelineUtils (RatisPipelineUtils.java:destroyPipeline(66)) - Pipeline destroy failed for pipeline=PipelineID=946a925e-29f3-4efc-8597-28fa94f01c3c dn=4005f9e4-9000-4048-961f-9439e52a6da7{ip: 192.168.5.130, host: pr-hdds-2136-chhj8-2666454444, networkLocation: /default-rack, certSerialId: null}
2019-09-17 12:32:07,286 [grpc-default-executor-3] INFO  impl.RaftServerProxy (RaftServerProxy.java:remove(95)) - 597a450e-db00-46ca-b8ea-d9e1f9500f66: remove group-28FA94F01C3C:null
2019-09-17 12:32:07,289 [RatisPipelineUtilsThread] WARN  pipeline.RatisPipelineUtils (RatisPipelineUtils.java:destroyPipeline(66)) - Pipeline destroy failed for pipeline=PipelineID=946a925e-29f3-4efc-8597-28fa94f01c3c dn=597a450e-db00-46ca-b8ea-d9e1f9500f66{ip: 192.168.5.130, host: pr-hdds-2136-chhj8-2666454444, networkLocation: /default-rack, certSerialId: null}
2019-09-17 12:32:07,291 [grpc-default-executor-3] INFO  impl.RaftServerProxy (RaftServerProxy.java:remove(95)) - 9a3c5405-1b71-41e7-a1e6-d9c2b7bf9721: remove group-28FA94F01C3C:null
2019-09-17 12:32:07,293 [RatisPipelineUtilsThread] WARN  pipeline.RatisPipelineUtils (RatisPipelineUtils.java:destroyPipeline(66)) - Pipeline destroy failed for pipeline=PipelineID=946a925e-29f3-4efc-8597-28fa94f01c3c dn=9a3c5405-1b71-41e7-a1e6-d9c2b7bf9721{ip: 192.168.5.130, host: pr-hdds-2136-chhj8-2666454444, networkLocation: /default-rack, certSerialId: null}
2019-09-17 12:32:07,293 [RatisPipelineUtilsThread] ERROR pipeline.SCMPipelineManager (Scheduler.java:lambda$schedule$1(70)) - Destroy pipeline failed for pipeline:Pipeline[ Id: 946a925e-29f3-4efc-8597-28fa94f01c3c, Nodes: 4005f9e4-9000-4048-961f-9439e52a6da7{ip: 192.168.5.130, host: pr-hdds-2136-chhj8-2666454444, networkLocation: /default-rack, certSerialId: null}597a450e-db00-46ca-b8ea-d9e1f9500f66{ip: 192.168.5.130, host: pr-hdds-2136-chhj8-2666454444, networkLocation: /default-rack, certSerialId: null}9a3c5405-1b71-41e7-a1e6-d9c2b7bf9721{ip: 192.168.5.130, host: pr-hdds-2136-chhj8-2666454444, networkLocation: /default-rack, certSerialId: null}, Type:RATIS, Factor:THREE, State:CLOSED]
org.apache.hadoop.hdds.scm.pipeline.PipelineNotFoundException: PipelineID=946a925e-29f3-4efc-8597-28fa94f01c3c not found
	at org.apache.hadoop.hdds.scm.pipeline.PipelineStateMap.getPipeline(PipelineStateMap.java:132)
	at org.apache.hadoop.hdds.scm.pipeline.PipelineStateMap.removePipeline(PipelineStateMap.java:322)
	at org.apache.hadoop.hdds.scm.pipeline.PipelineStateManager.removePipeline(PipelineStateManager.java:107)
	at org.apache.hadoop.hdds.scm.pipeline.SCMPipelineManager.removePipeline(SCMPipelineManager.java:423)
	at org.apache.hadoop.hdds.scm.pipeline.SCMPipelineManager.destroyPipeline(SCMPipelineManager.java:409)
	at org.apache.hadoop.hdds.scm.pipeline.SCMPipelineManager.lambda$finalizeAndDestroyPipeline$0(SCMPipelineManager.java:318)
	at org.apache.hadoop.utils.Scheduler.lambda$schedule$1(Scheduler.java:68)
	at java.util.concurrent.Executors$RunnableAdapter.call(Executors.java:511)
	at java.util.concurrent.FutureTask.run(FutureTask.java:266)
	at java.util.concurrent.ScheduledThreadPoolExecutor$ScheduledFutureTask.access$201(ScheduledThreadPoolExecutor.java:180)
	at java.util.concurrent.ScheduledThreadPoolExecutor$ScheduledFutureTask.run(ScheduledThreadPoolExecutor.java:293)
	at java.util.concurrent.ThreadPoolExecutor.runWorker(ThreadPoolExecutor.java:1149)
	at java.util.concurrent.ThreadPoolExecutor$Worker.run(ThreadPoolExecutor.java:624)
	at java.lang.Thread.run(Thread.java:748)
2019-09-17 12:32:08,895 [java.util.concurrent.ThreadPoolExecutor$Worker@34aff09a[State = -1, empty queue]] WARN  server.GrpcLogAppender (GrpcLogAppender.java:timeoutAppendRequest(200)) - f8d8d9c4-afe8-4cc5-8788-d0697b0baa61@group-23F4C195A245->639d7dff-6a78-4ecf-aa0a-b8a4b660182e-GrpcLogAppender: appendEntries Timeout, request=f8d8d9c4-afe8-4cc5-8788-d0697b0baa61->639d7dff-6a78-4ecf-aa0a-b8a4b660182e#113-t1, previous=(t:1, i:13), leaderCommit=10, initializing? false, entries: <empty>
2019-09-17 12:32:08,895 [java.util.concurrent.ThreadPoolExecutor$Worker@5fa0ca4a[State = -1, empty queue]] WARN  server.GrpcLogAppender (GrpcLogAppender.java:timeoutAppendRequest(200)) - f8d8d9c4-afe8-4cc5-8788-d0697b0baa61@group-23F4C195A245->8dae3b80-5600-44e3-9df5-13b3719afed7-GrpcLogAppender: appendEntries Timeout, request=f8d8d9c4-afe8-4cc5-8788-d0697b0baa61->8dae3b80-5600-44e3-9df5-13b3719afed7#113-t1, previous=(t:1, i:13), leaderCommit=10, initializing? false, entries: <empty>
2019-09-17 12:32:09,286 [grpc-default-executor-0] INFO  impl.RaftServerProxy (RaftServerProxy.java:remove(95)) - 4005f9e4-9000-4048-961f-9439e52a6da7: remove group-28FA94F01C3C:null
2019-09-17 12:32:09,290 [RatisPipelineUtilsThread] WARN  pipeline.RatisPipelineUtils (RatisPipelineUtils.java:destroyPipeline(66)) - Pipeline destroy failed for pipeline=PipelineID=946a925e-29f3-4efc-8597-28fa94f01c3c dn=4005f9e4-9000-4048-961f-9439e52a6da7{ip: 192.168.5.130, host: pr-hdds-2136-chhj8-2666454444, networkLocation: /default-rack, certSerialId: null}
2019-09-17 12:32:09,293 [grpc-default-executor-0] INFO  impl.RaftServerProxy (RaftServerProxy.java:remove(95)) - 597a450e-db00-46ca-b8ea-d9e1f9500f66: remove group-28FA94F01C3C:null
2019-09-17 12:32:09,295 [RatisPipelineUtilsThread] WARN  pipeline.RatisPipelineUtils (RatisPipelineUtils.java:destroyPipeline(66)) - Pipeline destroy failed for pipeline=PipelineID=946a925e-29f3-4efc-8597-28fa94f01c3c dn=597a450e-db00-46ca-b8ea-d9e1f9500f66{ip: 192.168.5.130, host: pr-hdds-2136-chhj8-2666454444, networkLocation: /default-rack, certSerialId: null}
2019-09-17 12:32:09,299 [grpc-default-executor-0] INFO  impl.RaftServerProxy (RaftServerProxy.java:remove(95)) - 9a3c5405-1b71-41e7-a1e6-d9c2b7bf9721: remove group-28FA94F01C3C:null
2019-09-17 12:32:09,301 [RatisPipelineUtilsThread] WARN  pipeline.RatisPipelineUtils (RatisPipelineUtils.java:destroyPipeline(66)) - Pipeline destroy failed for pipeline=PipelineID=946a925e-29f3-4efc-8597-28fa94f01c3c dn=9a3c5405-1b71-41e7-a1e6-d9c2b7bf9721{ip: 192.168.5.130, host: pr-hdds-2136-chhj8-2666454444, networkLocation: /default-rack, certSerialId: null}
2019-09-17 12:32:09,301 [RatisPipelineUtilsThread] ERROR pipeline.SCMPipelineManager (Scheduler.java:lambda$schedule$1(70)) - Destroy pipeline failed for pipeline:Pipeline[ Id: 946a925e-29f3-4efc-8597-28fa94f01c3c, Nodes: 4005f9e4-9000-4048-961f-9439e52a6da7{ip: 192.168.5.130, host: pr-hdds-2136-chhj8-2666454444, networkLocation: /default-rack, certSerialId: null}597a450e-db00-46ca-b8ea-d9e1f9500f66{ip: 192.168.5.130, host: pr-hdds-2136-chhj8-2666454444, networkLocation: /default-rack, certSerialId: null}9a3c5405-1b71-41e7-a1e6-d9c2b7bf9721{ip: 192.168.5.130, host: pr-hdds-2136-chhj8-2666454444, networkLocation: /default-rack, certSerialId: null}, Type:RATIS, Factor:THREE, State:CLOSED]
org.apache.hadoop.hdds.scm.pipeline.PipelineNotFoundException: PipelineID=946a925e-29f3-4efc-8597-28fa94f01c3c not found
	at org.apache.hadoop.hdds.scm.pipeline.PipelineStateMap.getPipeline(PipelineStateMap.java:132)
	at org.apache.hadoop.hdds.scm.pipeline.PipelineStateMap.removePipeline(PipelineStateMap.java:322)
	at org.apache.hadoop.hdds.scm.pipeline.PipelineStateManager.removePipeline(PipelineStateManager.java:107)
	at org.apache.hadoop.hdds.scm.pipeline.SCMPipelineManager.removePipeline(SCMPipelineManager.java:423)
	at org.apache.hadoop.hdds.scm.pipeline.SCMPipelineManager.destroyPipeline(SCMPipelineManager.java:409)
	at org.apache.hadoop.hdds.scm.pipeline.SCMPipelineManager.lambda$finalizeAndDestroyPipeline$0(SCMPipelineManager.java:318)
	at org.apache.hadoop.utils.Scheduler.lambda$schedule$1(Scheduler.java:68)
	at java.util.concurrent.Executors$RunnableAdapter.call(Executors.java:511)
	at java.util.concurrent.FutureTask.run(FutureTask.java:266)
	at java.util.concurrent.ScheduledThreadPoolExecutor$ScheduledFutureTask.access$201(ScheduledThreadPoolExecutor.java:180)
	at java.util.concurrent.ScheduledThreadPoolExecutor$ScheduledFutureTask.run(ScheduledThreadPoolExecutor.java:293)
	at java.util.concurrent.ThreadPoolExecutor.runWorker(ThreadPoolExecutor.java:1149)
	at java.util.concurrent.ThreadPoolExecutor$Worker.run(ThreadPoolExecutor.java:624)
	at java.lang.Thread.run(Thread.java:748)
2019-09-17 12:32:10,352 [grpc-default-executor-0] INFO  impl.RaftServerProxy (RaftServerProxy.java:remove(95)) - 4005f9e4-9000-4048-961f-9439e52a6da7: remove group-28FA94F01C3C:null
2019-09-17 12:32:10,356 [RatisPipelineUtilsThread] WARN  pipeline.RatisPipelineUtils (RatisPipelineUtils.java:destroyPipeline(66)) - Pipeline destroy failed for pipeline=PipelineID=946a925e-29f3-4efc-8597-28fa94f01c3c dn=4005f9e4-9000-4048-961f-9439e52a6da7{ip: 192.168.5.130, host: pr-hdds-2136-chhj8-2666454444, networkLocation: /default-rack, certSerialId: null}
2019-09-17 12:32:10,360 [grpc-default-executor-0] INFO  impl.RaftServerProxy (RaftServerProxy.java:remove(95)) - 597a450e-db00-46ca-b8ea-d9e1f9500f66: remove group-28FA94F01C3C:null
2019-09-17 12:32:10,363 [RatisPipelineUtilsThread] WARN  pipeline.RatisPipelineUtils (RatisPipelineUtils.java:destroyPipeline(66)) - Pipeline destroy failed for pipeline=PipelineID=946a925e-29f3-4efc-8597-28fa94f01c3c dn=597a450e-db00-46ca-b8ea-d9e1f9500f66{ip: 192.168.5.130, host: pr-hdds-2136-chhj8-2666454444, networkLocation: /default-rack, certSerialId: null}
2019-09-17 12:32:10,366 [grpc-default-executor-0] INFO  impl.RaftServerProxy (RaftServerProxy.java:remove(95)) - 9a3c5405-1b71-41e7-a1e6-d9c2b7bf9721: remove group-28FA94F01C3C:null
2019-09-17 12:32:10,369 [RatisPipelineUtilsThread] WARN  pipeline.RatisPipelineUtils (RatisPipelineUtils.java:destroyPipeline(66)) - Pipeline destroy failed for pipeline=PipelineID=946a925e-29f3-4efc-8597-28fa94f01c3c dn=9a3c5405-1b71-41e7-a1e6-d9c2b7bf9721{ip: 192.168.5.130, host: pr-hdds-2136-chhj8-2666454444, networkLocation: /default-rack, certSerialId: null}
2019-09-17 12:32:10,369 [RatisPipelineUtilsThread] ERROR pipeline.SCMPipelineManager (Scheduler.java:lambda$schedule$1(70)) - Destroy pipeline failed for pipeline:Pipeline[ Id: 946a925e-29f3-4efc-8597-28fa94f01c3c, Nodes: 4005f9e4-9000-4048-961f-9439e52a6da7{ip: 192.168.5.130, host: pr-hdds-2136-chhj8-2666454444, networkLocation: /default-rack, certSerialId: null}597a450e-db00-46ca-b8ea-d9e1f9500f66{ip: 192.168.5.130, host: pr-hdds-2136-chhj8-2666454444, networkLocation: /default-rack, certSerialId: null}9a3c5405-1b71-41e7-a1e6-d9c2b7bf9721{ip: 192.168.5.130, host: pr-hdds-2136-chhj8-2666454444, networkLocation: /default-rack, certSerialId: null}, Type:RATIS, Factor:THREE, State:CLOSED]
org.apache.hadoop.hdds.scm.pipeline.PipelineNotFoundException: PipelineID=946a925e-29f3-4efc-8597-28fa94f01c3c not found
	at org.apache.hadoop.hdds.scm.pipeline.PipelineStateMap.getPipeline(PipelineStateMap.java:132)
	at org.apache.hadoop.hdds.scm.pipeline.PipelineStateMap.removePipeline(PipelineStateMap.java:322)
	at org.apache.hadoop.hdds.scm.pipeline.PipelineStateManager.removePipeline(PipelineStateManager.java:107)
	at org.apache.hadoop.hdds.scm.pipeline.SCMPipelineManager.removePipeline(SCMPipelineManager.java:423)
	at org.apache.hadoop.hdds.scm.pipeline.SCMPipelineManager.destroyPipeline(SCMPipelineManager.java:409)
	at org.apache.hadoop.hdds.scm.pipeline.SCMPipelineManager.lambda$finalizeAndDestroyPipeline$0(SCMPipelineManager.java:318)
	at org.apache.hadoop.utils.Scheduler.lambda$schedule$1(Scheduler.java:68)
	at java.util.concurrent.Executors$RunnableAdapter.call(Executors.java:511)
	at java.util.concurrent.FutureTask.run(FutureTask.java:266)
	at java.util.concurrent.ScheduledThreadPoolExecutor$ScheduledFutureTask.access$201(ScheduledThreadPoolExecutor.java:180)
	at java.util.concurrent.ScheduledThreadPoolExecutor$ScheduledFutureTask.run(ScheduledThreadPoolExecutor.java:293)
	at java.util.concurrent.ThreadPoolExecutor.runWorker(ThreadPoolExecutor.java:1149)
	at java.util.concurrent.ThreadPoolExecutor$Worker.run(ThreadPoolExecutor.java:624)
	at java.lang.Thread.run(Thread.java:748)
2019-09-17 12:32:10,614 [grpc-default-executor-0] INFO  impl.RaftServerProxy (RaftServerProxy.java:remove(95)) - 4005f9e4-9000-4048-961f-9439e52a6da7: remove group-28FA94F01C3C:null
2019-09-17 12:32:10,617 [RatisPipelineUtilsThread] WARN  pipeline.RatisPipelineUtils (RatisPipelineUtils.java:destroyPipeline(66)) - Pipeline destroy failed for pipeline=PipelineID=946a925e-29f3-4efc-8597-28fa94f01c3c dn=4005f9e4-9000-4048-961f-9439e52a6da7{ip: 192.168.5.130, host: pr-hdds-2136-chhj8-2666454444, networkLocation: /default-rack, certSerialId: null}
2019-09-17 12:32:10,620 [grpc-default-executor-0] INFO  impl.RaftServerProxy (RaftServerProxy.java:remove(95)) - 597a450e-db00-46ca-b8ea-d9e1f9500f66: remove group-28FA94F01C3C:null
2019-09-17 12:32:10,622 [RatisPipelineUtilsThread] WARN  pipeline.RatisPipelineUtils (RatisPipelineUtils.java:destroyPipeline(66)) - Pipeline destroy failed for pipeline=PipelineID=946a925e-29f3-4efc-8597-28fa94f01c3c dn=597a450e-db00-46ca-b8ea-d9e1f9500f66{ip: 192.168.5.130, host: pr-hdds-2136-chhj8-2666454444, networkLocation: /default-rack, certSerialId: null}
2019-09-17 12:32:10,625 [grpc-default-executor-0] INFO  impl.RaftServerProxy (RaftServerProxy.java:remove(95)) - 9a3c5405-1b71-41e7-a1e6-d9c2b7bf9721: remove group-28FA94F01C3C:null
2019-09-17 12:32:10,627 [RatisPipelineUtilsThread] WARN  pipeline.RatisPipelineUtils (RatisPipelineUtils.java:destroyPipeline(66)) - Pipeline destroy failed for pipeline=PipelineID=946a925e-29f3-4efc-8597-28fa94f01c3c dn=9a3c5405-1b71-41e7-a1e6-d9c2b7bf9721{ip: 192.168.5.130, host: pr-hdds-2136-chhj8-2666454444, networkLocation: /default-rack, certSerialId: null}
2019-09-17 12:32:10,627 [RatisPipelineUtilsThread] ERROR pipeline.SCMPipelineManager (Scheduler.java:lambda$schedule$1(70)) - Destroy pipeline failed for pipeline:Pipeline[ Id: 946a925e-29f3-4efc-8597-28fa94f01c3c, Nodes: 4005f9e4-9000-4048-961f-9439e52a6da7{ip: 192.168.5.130, host: pr-hdds-2136-chhj8-2666454444, networkLocation: /default-rack, certSerialId: null}597a450e-db00-46ca-b8ea-d9e1f9500f66{ip: 192.168.5.130, host: pr-hdds-2136-chhj8-2666454444, networkLocation: /default-rack, certSerialId: null}9a3c5405-1b71-41e7-a1e6-d9c2b7bf9721{ip: 192.168.5.130, host: pr-hdds-2136-chhj8-2666454444, networkLocation: /default-rack, certSerialId: null}, Type:RATIS, Factor:THREE, State:CLOSED]
org.apache.hadoop.hdds.scm.pipeline.PipelineNotFoundException: PipelineID=946a925e-29f3-4efc-8597-28fa94f01c3c not found
	at org.apache.hadoop.hdds.scm.pipeline.PipelineStateMap.getPipeline(PipelineStateMap.java:132)
	at org.apache.hadoop.hdds.scm.pipeline.PipelineStateMap.removePipeline(PipelineStateMap.java:322)
	at org.apache.hadoop.hdds.scm.pipeline.PipelineStateManager.removePipeline(PipelineStateManager.java:107)
	at org.apache.hadoop.hdds.scm.pipeline.SCMPipelineManager.removePipeline(SCMPipelineManager.java:423)
	at org.apache.hadoop.hdds.scm.pipeline.SCMPipelineManager.destroyPipeline(SCMPipelineManager.java:409)
	at org.apache.hadoop.hdds.scm.pipeline.SCMPipelineManager.lambda$finalizeAndDestroyPipeline$0(SCMPipelineManager.java:318)
	at org.apache.hadoop.utils.Scheduler.lambda$schedule$1(Scheduler.java:68)
	at java.util.concurrent.Executors$RunnableAdapter.call(Executors.java:511)
	at java.util.concurrent.FutureTask.run(FutureTask.java:266)
	at java.util.concurrent.ScheduledThreadPoolExecutor$ScheduledFutureTask.access$201(ScheduledThreadPoolExecutor.java:180)
	at java.util.concurrent.ScheduledThreadPoolExecutor$ScheduledFutureTask.run(ScheduledThreadPoolExecutor.java:293)
	at java.util.concurrent.ThreadPoolExecutor.runWorker(ThreadPoolExecutor.java:1149)
	at java.util.concurrent.ThreadPoolExecutor$Worker.run(ThreadPoolExecutor.java:624)
	at java.lang.Thread.run(Thread.java:748)
2019-09-17 12:32:10,864 [grpc-default-executor-0] INFO  impl.RaftServerProxy (RaftServerProxy.java:remove(95)) - 4005f9e4-9000-4048-961f-9439e52a6da7: remove group-28FA94F01C3C:null
2019-09-17 12:32:10,866 [RatisPipelineUtilsThread] WARN  pipeline.RatisPipelineUtils (RatisPipelineUtils.java:destroyPipeline(66)) - Pipeline destroy failed for pipeline=PipelineID=946a925e-29f3-4efc-8597-28fa94f01c3c dn=4005f9e4-9000-4048-961f-9439e52a6da7{ip: 192.168.5.130, host: pr-hdds-2136-chhj8-2666454444, networkLocation: /default-rack, certSerialId: null}
2019-09-17 12:32:10,869 [grpc-default-executor-0] INFO  impl.RaftServerProxy (RaftServerProxy.java:remove(95)) - 597a450e-db00-46ca-b8ea-d9e1f9500f66: remove group-28FA94F01C3C:null
2019-09-17 12:32:10,872 [RatisPipelineUtilsThread] WARN  pipeline.RatisPipelineUtils (RatisPipelineUtils.java:destroyPipeline(66)) - Pipeline destroy failed for pipeline=PipelineID=946a925e-29f3-4efc-8597-28fa94f01c3c dn=597a450e-db00-46ca-b8ea-d9e1f9500f66{ip: 192.168.5.130, host: pr-hdds-2136-chhj8-2666454444, networkLocation: /default-rack, certSerialId: null}
2019-09-17 12:32:10,874 [grpc-default-executor-0] INFO  impl.RaftServerProxy (RaftServerProxy.java:remove(95)) - 9a3c5405-1b71-41e7-a1e6-d9c2b7bf9721: remove group-28FA94F01C3C:null
2019-09-17 12:32:10,876 [RatisPipelineUtilsThread] WARN  pipeline.RatisPipelineUtils (RatisPipelineUtils.java:destroyPipeline(66)) - Pipeline destroy failed for pipeline=PipelineID=946a925e-29f3-4efc-8597-28fa94f01c3c dn=9a3c5405-1b71-41e7-a1e6-d9c2b7bf9721{ip: 192.168.5.130, host: pr-hdds-2136-chhj8-2666454444, networkLocation: /default-rack, certSerialId: null}
2019-09-17 12:32:10,876 [RatisPipelineUtilsThread] ERROR pipeline.SCMPipelineManager (Scheduler.java:lambda$schedule$1(70)) - Destroy pipeline failed for pipeline:Pipeline[ Id: 946a925e-29f3-4efc-8597-28fa94f01c3c, Nodes: 4005f9e4-9000-4048-961f-9439e52a6da7{ip: 192.168.5.130, host: pr-hdds-2136-chhj8-2666454444, networkLocation: /default-rack, certSerialId: null}597a450e-db00-46ca-b8ea-d9e1f9500f66{ip: 192.168.5.130, host: pr-hdds-2136-chhj8-2666454444, networkLocation: /default-rack, certSerialId: null}9a3c5405-1b71-41e7-a1e6-d9c2b7bf9721{ip: 192.168.5.130, host: pr-hdds-2136-chhj8-2666454444, networkLocation: /default-rack, certSerialId: null}, Type:RATIS, Factor:THREE, State:CLOSED]
org.apache.hadoop.hdds.scm.pipeline.PipelineNotFoundException: PipelineID=946a925e-29f3-4efc-8597-28fa94f01c3c not found
	at org.apache.hadoop.hdds.scm.pipeline.PipelineStateMap.getPipeline(PipelineStateMap.java:132)
	at org.apache.hadoop.hdds.scm.pipeline.PipelineStateMap.removePipeline(PipelineStateMap.java:322)
	at org.apache.hadoop.hdds.scm.pipeline.PipelineStateManager.removePipeline(PipelineStateManager.java:107)
	at org.apache.hadoop.hdds.scm.pipeline.SCMPipelineManager.removePipeline(SCMPipelineManager.java:423)
	at org.apache.hadoop.hdds.scm.pipeline.SCMPipelineManager.destroyPipeline(SCMPipelineManager.java:409)
	at org.apache.hadoop.hdds.scm.pipeline.SCMPipelineManager.lambda$finalizeAndDestroyPipeline$0(SCMPipelineManager.java:318)
	at org.apache.hadoop.utils.Scheduler.lambda$schedule$1(Scheduler.java:68)
	at java.util.concurrent.Executors$RunnableAdapter.call(Executors.java:511)
	at java.util.concurrent.FutureTask.run(FutureTask.java:266)
	at java.util.concurrent.ScheduledThreadPoolExecutor$ScheduledFutureTask.access$201(ScheduledThreadPoolExecutor.java:180)
	at java.util.concurrent.ScheduledThreadPoolExecutor$ScheduledFutureTask.run(ScheduledThreadPoolExecutor.java:293)
	at java.util.concurrent.ThreadPoolExecutor.runWorker(ThreadPoolExecutor.java:1149)
	at java.util.concurrent.ThreadPoolExecutor$Worker.run(ThreadPoolExecutor.java:624)
	at java.lang.Thread.run(Thread.java:748)
2019-09-17 12:32:11,396 [java.util.concurrent.ThreadPoolExecutor$Worker@5fa0ca4a[State = -1, empty queue]] WARN  server.GrpcLogAppender (GrpcLogAppender.java:timeoutAppendRequest(200)) - f8d8d9c4-afe8-4cc5-8788-d0697b0baa61@group-23F4C195A245->8dae3b80-5600-44e3-9df5-13b3719afed7-GrpcLogAppender: appendEntries Timeout, request=f8d8d9c4-afe8-4cc5-8788-d0697b0baa61->8dae3b80-5600-44e3-9df5-13b3719afed7#114-t1, previous=(t:1, i:13), leaderCommit=10, initializing? false, entries: <empty>
2019-09-17 12:32:11,396 [java.util.concurrent.ThreadPoolExecutor$Worker@34aff09a[State = -1, empty queue]] WARN  server.GrpcLogAppender (GrpcLogAppender.java:timeoutAppendRequest(200)) - f8d8d9c4-afe8-4cc5-8788-d0697b0baa61@group-23F4C195A245->639d7dff-6a78-4ecf-aa0a-b8a4b660182e-GrpcLogAppender: appendEntries Timeout, request=f8d8d9c4-afe8-4cc5-8788-d0697b0baa61->639d7dff-6a78-4ecf-aa0a-b8a4b660182e#114-t1, previous=(t:1, i:13), leaderCommit=10, initializing? false, entries: <empty>
2019-09-17 12:32:11,442 [grpc-default-executor-0] INFO  client.GrpcClientProtocolClient (GrpcClientProtocolClient.java:onNext(264)) - client-9B4AC7B4A30D->8dae3b80-5600-44e3-9df5-13b3719afed7: receive RaftClientReply:client-9B4AC7B4A30D->8dae3b80-5600-44e3-9df5-13b3719afed7@group-23F4C195A245, cid=32, FAILED org.apache.ratis.protocol.NotLeaderException: Server 8dae3b80-5600-44e3-9df5-13b3719afed7@group-23F4C195A245 is not the leader f8d8d9c4-afe8-4cc5-8788-d0697b0baa61:192.168.5.130:40344, logIndex=0, commits[8dae3b80-5600-44e3-9df5-13b3719afed7:c10, 639d7dff-6a78-4ecf-aa0a-b8a4b660182e:c6, f8d8d9c4-afe8-4cc5-8788-d0697b0baa61:c10]
2019-09-17 12:32:11,458 [grpc-default-executor-3] WARN  client.GrpcClientProtocolService (LogUtils.java:warn(134)) - 9-OrderedRequestStreamObserver9: onError: org.apache.ratis.thirdparty.io.grpc.StatusRuntimeException: CANCELLED: cancelled before receiving half close
2019-09-17 12:32:13,896 [java.util.concurrent.ThreadPoolExecutor$Worker@34aff09a[State = -1, empty queue]] WARN  server.GrpcLogAppender (GrpcLogAppender.java:timeoutAppendRequest(200)) - f8d8d9c4-afe8-4cc5-8788-d0697b0baa61@group-23F4C195A245->639d7dff-6a78-4ecf-aa0a-b8a4b660182e-GrpcLogAppender: appendEntries Timeout, request=f8d8d9c4-afe8-4cc5-8788-d0697b0baa61->639d7dff-6a78-4ecf-aa0a-b8a4b660182e#115-t1, previous=(t:1, i:13), leaderCommit=10, initializing? false, entries: <empty>
2019-09-17 12:32:13,896 [java.util.concurrent.ThreadPoolExecutor$Worker@5fa0ca4a[State = -1, empty queue]] WARN  server.GrpcLogAppender (GrpcLogAppender.java:timeoutAppendRequest(200)) - f8d8d9c4-afe8-4cc5-8788-d0697b0baa61@group-23F4C195A245->8dae3b80-5600-44e3-9df5-13b3719afed7-GrpcLogAppender: appendEntries Timeout, request=f8d8d9c4-afe8-4cc5-8788-d0697b0baa61->8dae3b80-5600-44e3-9df5-13b3719afed7#115-t1, previous=(t:1, i:13), leaderCommit=10, initializing? false, entries: <empty>
2019-09-17 12:32:15,887 [f8d8d9c4-afe8-4cc5-8788-d0697b0baa61@group-23F4C195A245-SegmentedRaftLogWorker] WARN  segmented.SegmentedRaftLogWorker (SegmentedRaftLogWorker.java:getFromFuture(90)) - Timeout 6/~
org.apache.ratis.protocol.TimeoutIOException: Timeout 10s: WriteLog:11: (t:1, i:11), STATEMACHINELOGENTRY, client-9B4AC7B4A30D, cid=32-writeStateMachineData
	at org.apache.ratis.util.IOUtils.getFromFuture(IOUtils.java:87)
	at org.apache.ratis.server.raftlog.segmented.SegmentedRaftLogWorker$StateMachineDataPolicy.getFromFuture(SegmentedRaftLogWorker.java:87)
	at org.apache.ratis.server.raftlog.segmented.SegmentedRaftLogWorker$WriteLog.execute(SegmentedRaftLogWorker.java:477)
	at org.apache.ratis.server.raftlog.segmented.SegmentedRaftLogWorker.run(SegmentedRaftLogWorker.java:289)
	at java.lang.Thread.run(Thread.java:748)
Caused by: java.util.concurrent.TimeoutException
	at java.util.concurrent.CompletableFuture.timedGet(CompletableFuture.java:1771)
	at java.util.concurrent.CompletableFuture.get(CompletableFuture.java:1915)
	at org.apache.ratis.util.IOUtils.getFromFuture(IOUtils.java:79)
	... 4 more
2019-09-17 12:32:16,041 [639d7dff-6a78-4ecf-aa0a-b8a4b660182e@group-23F4C195A245-SegmentedRaftLogWorker] WARN  segmented.SegmentedRaftLogWorker (SegmentedRaftLogWorker.java:getFromFuture(90)) - Timeout 6/~
org.apache.ratis.protocol.TimeoutIOException: Timeout 10s: WriteLog:12: (t:1, i:12), STATEMACHINELOGENTRY, client-9B4AC7B4A30D, cid=33-writeStateMachineData
	at org.apache.ratis.util.IOUtils.getFromFuture(IOUtils.java:87)
	at org.apache.ratis.server.raftlog.segmented.SegmentedRaftLogWorker$StateMachineDataPolicy.getFromFuture(SegmentedRaftLogWorker.java:87)
	at org.apache.ratis.server.raftlog.segmented.SegmentedRaftLogWorker$WriteLog.execute(SegmentedRaftLogWorker.java:477)
	at org.apache.ratis.server.raftlog.segmented.SegmentedRaftLogWorker.run(SegmentedRaftLogWorker.java:289)
	at java.lang.Thread.run(Thread.java:748)
Caused by: java.util.concurrent.TimeoutException
	at java.util.concurrent.CompletableFuture.timedGet(CompletableFuture.java:1771)
	at java.util.concurrent.CompletableFuture.get(CompletableFuture.java:1915)
	at org.apache.ratis.util.IOUtils.getFromFuture(IOUtils.java:79)
	... 4 more
2019-09-17 12:32:16,062 [8dae3b80-5600-44e3-9df5-13b3719afed7@group-23F4C195A245-SegmentedRaftLogWorker] WARN  segmented.SegmentedRaftLogWorker (SegmentedRaftLogWorker.java:getFromFuture(90)) - Timeout 6/~
org.apache.ratis.protocol.TimeoutIOException: Timeout 10s: WriteLog:12: (t:1, i:12), STATEMACHINELOGENTRY, client-9B4AC7B4A30D, cid=33-writeStateMachineData
	at org.apache.ratis.util.IOUtils.getFromFuture(IOUtils.java:87)
	at org.apache.ratis.server.raftlog.segmented.SegmentedRaftLogWorker$StateMachineDataPolicy.getFromFuture(SegmentedRaftLogWorker.java:87)
	at org.apache.ratis.server.raftlog.segmented.SegmentedRaftLogWorker$WriteLog.execute(SegmentedRaftLogWorker.java:477)
	at org.apache.ratis.server.raftlog.segmented.SegmentedRaftLogWorker.run(SegmentedRaftLogWorker.java:289)
	at java.lang.Thread.run(Thread.java:748)
Caused by: java.util.concurrent.TimeoutException
	at java.util.concurrent.CompletableFuture.timedGet(CompletableFuture.java:1771)
	at java.util.concurrent.CompletableFuture.get(CompletableFuture.java:1915)
	at org.apache.ratis.util.IOUtils.getFromFuture(IOUtils.java:79)
	... 4 more
2019-09-17 12:32:16,396 [java.util.concurrent.ThreadPoolExecutor$Worker@34aff09a[State = -1, empty queue]] WARN  server.GrpcLogAppender (GrpcLogAppender.java:timeoutAppendRequest(200)) - f8d8d9c4-afe8-4cc5-8788-d0697b0baa61@group-23F4C195A245->639d7dff-6a78-4ecf-aa0a-b8a4b660182e-GrpcLogAppender: appendEntries Timeout, request=f8d8d9c4-afe8-4cc5-8788-d0697b0baa61->639d7dff-6a78-4ecf-aa0a-b8a4b660182e#116-t1, previous=(t:1, i:13), leaderCommit=10, initializing? false, entries: <empty>
2019-09-17 12:32:16,396 [java.util.concurrent.ThreadPoolExecutor$Worker@5fa0ca4a[State = -1, empty queue]] WARN  server.GrpcLogAppender (GrpcLogAppender.java:timeoutAppendRequest(200)) - f8d8d9c4-afe8-4cc5-8788-d0697b0baa61@group-23F4C195A245->8dae3b80-5600-44e3-9df5-13b3719afed7-GrpcLogAppender: appendEntries Timeout, request=f8d8d9c4-afe8-4cc5-8788-d0697b0baa61->8dae3b80-5600-44e3-9df5-13b3719afed7#116-t1, previous=(t:1, i:13), leaderCommit=10, initializing? false, entries: <empty>
2019-09-17 12:32:16,483 [grpc-default-executor-3] INFO  client.GrpcClientProtocolClient (GrpcClientProtocolClient.java:onNext(264)) - client-9B4AC7B4A30D->8dae3b80-5600-44e3-9df5-13b3719afed7: receive RaftClientReply:client-9B4AC7B4A30D->8dae3b80-5600-44e3-9df5-13b3719afed7@group-23F4C195A245, cid=32, FAILED org.apache.ratis.protocol.NotLeaderException: Server 8dae3b80-5600-44e3-9df5-13b3719afed7@group-23F4C195A245 is not the leader f8d8d9c4-afe8-4cc5-8788-d0697b0baa61:192.168.5.130:40344, logIndex=0, commits[8dae3b80-5600-44e3-9df5-13b3719afed7:c10, 639d7dff-6a78-4ecf-aa0a-b8a4b660182e:c6, f8d8d9c4-afe8-4cc5-8788-d0697b0baa61:c10]
2019-09-17 12:32:18,897 [java.util.concurrent.ThreadPoolExecutor$Worker@5fa0ca4a[State = -1, empty queue]] WARN  server.GrpcLogAppender (GrpcLogAppender.java:timeoutAppendRequest(200)) - f8d8d9c4-afe8-4cc5-8788-d0697b0baa61@group-23F4C195A245->8dae3b80-5600-44e3-9df5-13b3719afed7-GrpcLogAppender: appendEntries Timeout, request=f8d8d9c4-afe8-4cc5-8788-d0697b0baa61->8dae3b80-5600-44e3-9df5-13b3719afed7#117-t1, previous=(t:1, i:13), leaderCommit=10, initializing? false, entries: <empty>
2019-09-17 12:32:18,897 [java.util.concurrent.ThreadPoolExecutor$Worker@34aff09a[State = -1, empty queue]] WARN  server.GrpcLogAppender (GrpcLogAppender.java:timeoutAppendRequest(200)) - f8d8d9c4-afe8-4cc5-8788-d0697b0baa61@group-23F4C195A245->639d7dff-6a78-4ecf-aa0a-b8a4b660182e-GrpcLogAppender: appendEntries Timeout, request=f8d8d9c4-afe8-4cc5-8788-d0697b0baa61->639d7dff-6a78-4ecf-aa0a-b8a4b660182e#117-t1, previous=(t:1, i:13), leaderCommit=10, initializing? false, entries: <empty>
2019-09-17 12:32:21,397 [java.util.concurrent.ThreadPoolExecutor$Worker@5fa0ca4a[State = -1, empty queue]] WARN  server.GrpcLogAppender (GrpcLogAppender.java:timeoutAppendRequest(200)) - f8d8d9c4-afe8-4cc5-8788-d0697b0baa61@group-23F4C195A245->8dae3b80-5600-44e3-9df5-13b3719afed7-GrpcLogAppender: appendEntries Timeout, request=f8d8d9c4-afe8-4cc5-8788-d0697b0baa61->8dae3b80-5600-44e3-9df5-13b3719afed7#118-t1, previous=(t:1, i:13), leaderCommit=10, initializing? false, entries: <empty>
2019-09-17 12:32:21,397 [java.util.concurrent.ThreadPoolExecutor$Worker@34aff09a[State = -1, empty queue]] WARN  server.GrpcLogAppender (GrpcLogAppender.java:timeoutAppendRequest(200)) - f8d8d9c4-afe8-4cc5-8788-d0697b0baa61@group-23F4C195A245->639d7dff-6a78-4ecf-aa0a-b8a4b660182e-GrpcLogAppender: appendEntries Timeout, request=f8d8d9c4-afe8-4cc5-8788-d0697b0baa61->639d7dff-6a78-4ecf-aa0a-b8a4b660182e#118-t1, previous=(t:1, i:13), leaderCommit=10, initializing? false, entries: <empty>
2019-09-17 12:32:21,550 [grpc-default-executor-3] INFO  client.GrpcClientProtocolClient (GrpcClientProtocolClient.java:onNext(264)) - client-9B4AC7B4A30D->8dae3b80-5600-44e3-9df5-13b3719afed7: receive RaftClientReply:client-9B4AC7B4A30D->8dae3b80-5600-44e3-9df5-13b3719afed7@group-23F4C195A245, cid=32, FAILED org.apache.ratis.protocol.NotLeaderException: Server 8dae3b80-5600-44e3-9df5-13b3719afed7@group-23F4C195A245 is not the leader f8d8d9c4-afe8-4cc5-8788-d0697b0baa61:192.168.5.130:40344, logIndex=0, commits[8dae3b80-5600-44e3-9df5-13b3719afed7:c10, 639d7dff-6a78-4ecf-aa0a-b8a4b660182e:c6, f8d8d9c4-afe8-4cc5-8788-d0697b0baa61:c10]
2019-09-17 12:32:23,898 [java.util.concurrent.ThreadPoolExecutor$Worker@34aff09a[State = -1, empty queue]] WARN  server.GrpcLogAppender (GrpcLogAppender.java:timeoutAppendRequest(200)) - f8d8d9c4-afe8-4cc5-8788-d0697b0baa61@group-23F4C195A245->639d7dff-6a78-4ecf-aa0a-b8a4b660182e-GrpcLogAppender: appendEntries Timeout, request=f8d8d9c4-afe8-4cc5-8788-d0697b0baa61->639d7dff-6a78-4ecf-aa0a-b8a4b660182e#119-t1, previous=(t:1, i:13), leaderCommit=10, initializing? false, entries: <empty>
2019-09-17 12:32:23,898 [java.util.concurrent.ThreadPoolExecutor$Worker@5fa0ca4a[State = -1, empty queue]] WARN  server.GrpcLogAppender (GrpcLogAppender.java:timeoutAppendRequest(200)) - f8d8d9c4-afe8-4cc5-8788-d0697b0baa61@group-23F4C195A245->8dae3b80-5600-44e3-9df5-13b3719afed7-GrpcLogAppender: appendEntries Timeout, request=f8d8d9c4-afe8-4cc5-8788-d0697b0baa61->8dae3b80-5600-44e3-9df5-13b3719afed7#119-t1, previous=(t:1, i:13), leaderCommit=10, initializing? false, entries: <empty>
2019-09-17 12:32:25,888 [f8d8d9c4-afe8-4cc5-8788-d0697b0baa61@group-23F4C195A245-SegmentedRaftLogWorker] WARN  segmented.SegmentedRaftLogWorker (SegmentedRaftLogWorker.java:getFromFuture(90)) - Timeout 7/~
org.apache.ratis.protocol.TimeoutIOException: Timeout 10s: WriteLog:11: (t:1, i:11), STATEMACHINELOGENTRY, client-9B4AC7B4A30D, cid=32-writeStateMachineData
	at org.apache.ratis.util.IOUtils.getFromFuture(IOUtils.java:87)
	at org.apache.ratis.server.raftlog.segmented.SegmentedRaftLogWorker$StateMachineDataPolicy.getFromFuture(SegmentedRaftLogWorker.java:87)
	at org.apache.ratis.server.raftlog.segmented.SegmentedRaftLogWorker$WriteLog.execute(SegmentedRaftLogWorker.java:477)
	at org.apache.ratis.server.raftlog.segmented.SegmentedRaftLogWorker.run(SegmentedRaftLogWorker.java:289)
	at java.lang.Thread.run(Thread.java:748)
Caused by: java.util.concurrent.TimeoutException
	at java.util.concurrent.CompletableFuture.timedGet(CompletableFuture.java:1771)
	at java.util.concurrent.CompletableFuture.get(CompletableFuture.java:1915)
	at org.apache.ratis.util.IOUtils.getFromFuture(IOUtils.java:79)
	... 4 more
2019-09-17 12:32:26,062 [639d7dff-6a78-4ecf-aa0a-b8a4b660182e@group-23F4C195A245-SegmentedRaftLogWorker] WARN  segmented.SegmentedRaftLogWorker (SegmentedRaftLogWorker.java:getFromFuture(90)) - Timeout 7/~
org.apache.ratis.protocol.TimeoutIOException: Timeout 10s: WriteLog:12: (t:1, i:12), STATEMACHINELOGENTRY, client-9B4AC7B4A30D, cid=33-writeStateMachineData
	at org.apache.ratis.util.IOUtils.getFromFuture(IOUtils.java:87)
	at org.apache.ratis.server.raftlog.segmented.SegmentedRaftLogWorker$StateMachineDataPolicy.getFromFuture(SegmentedRaftLogWorker.java:87)
	at org.apache.ratis.server.raftlog.segmented.SegmentedRaftLogWorker$WriteLog.execute(SegmentedRaftLogWorker.java:477)
	at org.apache.ratis.server.raftlog.segmented.SegmentedRaftLogWorker.run(SegmentedRaftLogWorker.java:289)
	at java.lang.Thread.run(Thread.java:748)
Caused by: java.util.concurrent.TimeoutException
	at java.util.concurrent.CompletableFuture.timedGet(CompletableFuture.java:1771)
	at java.util.concurrent.CompletableFuture.get(CompletableFuture.java:1915)
	at org.apache.ratis.util.IOUtils.getFromFuture(IOUtils.java:79)
	... 4 more
2019-09-17 12:32:26,063 [8dae3b80-5600-44e3-9df5-13b3719afed7@group-23F4C195A245-SegmentedRaftLogWorker] WARN  segmented.SegmentedRaftLogWorker (SegmentedRaftLogWorker.java:getFromFuture(90)) - Timeout 7/~
org.apache.ratis.protocol.TimeoutIOException: Timeout 10s: WriteLog:12: (t:1, i:12), STATEMACHINELOGENTRY, client-9B4AC7B4A30D, cid=33-writeStateMachineData
	at org.apache.ratis.util.IOUtils.getFromFuture(IOUtils.java:87)
	at org.apache.ratis.server.raftlog.segmented.SegmentedRaftLogWorker$StateMachineDataPolicy.getFromFuture(SegmentedRaftLogWorker.java:87)
	at org.apache.ratis.server.raftlog.segmented.SegmentedRaftLogWorker$WriteLog.execute(SegmentedRaftLogWorker.java:477)
	at org.apache.ratis.server.raftlog.segmented.SegmentedRaftLogWorker.run(SegmentedRaftLogWorker.java:289)
	at java.lang.Thread.run(Thread.java:748)
Caused by: java.util.concurrent.TimeoutException
	at java.util.concurrent.CompletableFuture.timedGet(CompletableFuture.java:1771)
	at java.util.concurrent.CompletableFuture.get(CompletableFuture.java:1915)
	at org.apache.ratis.util.IOUtils.getFromFuture(IOUtils.java:79)
	... 4 more
2019-09-17 12:32:26,398 [java.util.concurrent.ThreadPoolExecutor$Worker@34aff09a[State = -1, empty queue]] WARN  server.GrpcLogAppender (GrpcLogAppender.java:timeoutAppendRequest(200)) - f8d8d9c4-afe8-4cc5-8788-d0697b0baa61@group-23F4C195A245->639d7dff-6a78-4ecf-aa0a-b8a4b660182e-GrpcLogAppender: appendEntries Timeout, request=f8d8d9c4-afe8-4cc5-8788-d0697b0baa61->639d7dff-6a78-4ecf-aa0a-b8a4b660182e#120-t1, previous=(t:1, i:13), leaderCommit=10, initializing? false, entries: <empty>
2019-09-17 12:32:26,398 [java.util.concurrent.ThreadPoolExecutor$Worker@5fa0ca4a[State = -1, empty queue]] WARN  server.GrpcLogAppender (GrpcLogAppender.java:timeoutAppendRequest(200)) - f8d8d9c4-afe8-4cc5-8788-d0697b0baa61@group-23F4C195A245->8dae3b80-5600-44e3-9df5-13b3719afed7-GrpcLogAppender: appendEntries Timeout, request=f8d8d9c4-afe8-4cc5-8788-d0697b0baa61->8dae3b80-5600-44e3-9df5-13b3719afed7#120-t1, previous=(t:1, i:13), leaderCommit=10, initializing? false, entries: <empty>
2019-09-17 12:32:26,594 [grpc-default-executor-3] INFO  client.GrpcClientProtocolClient (GrpcClientProtocolClient.java:onNext(264)) - client-9B4AC7B4A30D->8dae3b80-5600-44e3-9df5-13b3719afed7: receive RaftClientReply:client-9B4AC7B4A30D->8dae3b80-5600-44e3-9df5-13b3719afed7@group-23F4C195A245, cid=32, FAILED org.apache.ratis.protocol.NotLeaderException: Server 8dae3b80-5600-44e3-9df5-13b3719afed7@group-23F4C195A245 is not the leader f8d8d9c4-afe8-4cc5-8788-d0697b0baa61:192.168.5.130:40344, logIndex=0, commits[8dae3b80-5600-44e3-9df5-13b3719afed7:c10, 639d7dff-6a78-4ecf-aa0a-b8a4b660182e:c6, f8d8d9c4-afe8-4cc5-8788-d0697b0baa61:c10]
2019-09-17 12:32:28,899 [java.util.concurrent.ThreadPoolExecutor$Worker@34aff09a[State = -1, empty queue]] WARN  server.GrpcLogAppender (GrpcLogAppender.java:timeoutAppendRequest(200)) - f8d8d9c4-afe8-4cc5-8788-d0697b0baa61@group-23F4C195A245->639d7dff-6a78-4ecf-aa0a-b8a4b660182e-GrpcLogAppender: appendEntries Timeout, request=f8d8d9c4-afe8-4cc5-8788-d0697b0baa61->639d7dff-6a78-4ecf-aa0a-b8a4b660182e#121-t1, previous=(t:1, i:13), leaderCommit=10, initializing? false, entries: <empty>
2019-09-17 12:32:28,899 [java.util.concurrent.ThreadPoolExecutor$Worker@5fa0ca4a[State = -1, empty queue]] WARN  server.GrpcLogAppender (GrpcLogAppender.java:timeoutAppendRequest(200)) - f8d8d9c4-afe8-4cc5-8788-d0697b0baa61@group-23F4C195A245->8dae3b80-5600-44e3-9df5-13b3719afed7-GrpcLogAppender: appendEntries Timeout, request=f8d8d9c4-afe8-4cc5-8788-d0697b0baa61->8dae3b80-5600-44e3-9df5-13b3719afed7#121-t1, previous=(t:1, i:13), leaderCommit=10, initializing? false, entries: <empty>
2019-09-17 12:32:31,399 [java.util.concurrent.ThreadPoolExecutor$Worker@34aff09a[State = -1, empty queue]] WARN  server.GrpcLogAppender (GrpcLogAppender.java:timeoutAppendRequest(200)) - f8d8d9c4-afe8-4cc5-8788-d0697b0baa61@group-23F4C195A245->639d7dff-6a78-4ecf-aa0a-b8a4b660182e-GrpcLogAppender: appendEntries Timeout, request=f8d8d9c4-afe8-4cc5-8788-d0697b0baa61->639d7dff-6a78-4ecf-aa0a-b8a4b660182e#122-t1, previous=(t:1, i:13), leaderCommit=10, initializing? false, entries: <empty>
2019-09-17 12:32:31,399 [java.util.concurrent.ThreadPoolExecutor$Worker@5fa0ca4a[State = -1, empty queue]] WARN  server.GrpcLogAppender (GrpcLogAppender.java:timeoutAppendRequest(200)) - f8d8d9c4-afe8-4cc5-8788-d0697b0baa61@group-23F4C195A245->8dae3b80-5600-44e3-9df5-13b3719afed7-GrpcLogAppender: appendEntries Timeout, request=f8d8d9c4-afe8-4cc5-8788-d0697b0baa61->8dae3b80-5600-44e3-9df5-13b3719afed7#122-t1, previous=(t:1, i:13), leaderCommit=10, initializing? false, entries: <empty>
2019-09-17 12:32:31,639 [grpc-default-executor-0] INFO  client.GrpcClientProtocolClient (GrpcClientProtocolClient.java:onNext(264)) - client-9B4AC7B4A30D->8dae3b80-5600-44e3-9df5-13b3719afed7: receive RaftClientReply:client-9B4AC7B4A30D->8dae3b80-5600-44e3-9df5-13b3719afed7@group-23F4C195A245, cid=32, FAILED org.apache.ratis.protocol.NotLeaderException: Server 8dae3b80-5600-44e3-9df5-13b3719afed7@group-23F4C195A245 is not the leader f8d8d9c4-afe8-4cc5-8788-d0697b0baa61:192.168.5.130:40344, logIndex=0, commits[8dae3b80-5600-44e3-9df5-13b3719afed7:c10, 639d7dff-6a78-4ecf-aa0a-b8a4b660182e:c6, f8d8d9c4-afe8-4cc5-8788-d0697b0baa61:c10]
2019-09-17 12:32:33,899 [java.util.concurrent.ThreadPoolExecutor$Worker@34aff09a[State = -1, empty queue]] WARN  server.GrpcLogAppender (GrpcLogAppender.java:timeoutAppendRequest(200)) - f8d8d9c4-afe8-4cc5-8788-d0697b0baa61@group-23F4C195A245->639d7dff-6a78-4ecf-aa0a-b8a4b660182e-GrpcLogAppender: appendEntries Timeout, request=f8d8d9c4-afe8-4cc5-8788-d0697b0baa61->639d7dff-6a78-4ecf-aa0a-b8a4b660182e#123-t1, previous=(t:1, i:13), leaderCommit=10, initializing? false, entries: <empty>
2019-09-17 12:32:33,899 [java.util.concurrent.ThreadPoolExecutor$Worker@5fa0ca4a[State = -1, empty queue]] WARN  server.GrpcLogAppender (GrpcLogAppender.java:timeoutAppendRequest(200)) - f8d8d9c4-afe8-4cc5-8788-d0697b0baa61@group-23F4C195A245->8dae3b80-5600-44e3-9df5-13b3719afed7-GrpcLogAppender: appendEntries Timeout, request=f8d8d9c4-afe8-4cc5-8788-d0697b0baa61->8dae3b80-5600-44e3-9df5-13b3719afed7#123-t1, previous=(t:1, i:13), leaderCommit=10, initializing? false, entries: <empty>
2019-09-17 12:32:35,889 [f8d8d9c4-afe8-4cc5-8788-d0697b0baa61@group-23F4C195A245-SegmentedRaftLogWorker] WARN  segmented.SegmentedRaftLogWorker (SegmentedRaftLogWorker.java:getFromFuture(90)) - Timeout 8/~
org.apache.ratis.protocol.TimeoutIOException: Timeout 10s: WriteLog:11: (t:1, i:11), STATEMACHINELOGENTRY, client-9B4AC7B4A30D, cid=32-writeStateMachineData
	at org.apache.ratis.util.IOUtils.getFromFuture(IOUtils.java:87)
	at org.apache.ratis.server.raftlog.segmented.SegmentedRaftLogWorker$StateMachineDataPolicy.getFromFuture(SegmentedRaftLogWorker.java:87)
	at org.apache.ratis.server.raftlog.segmented.SegmentedRaftLogWorker$WriteLog.execute(SegmentedRaftLogWorker.java:477)
	at org.apache.ratis.server.raftlog.segmented.SegmentedRaftLogWorker.run(SegmentedRaftLogWorker.java:289)
	at java.lang.Thread.run(Thread.java:748)
Caused by: java.util.concurrent.TimeoutException
	at java.util.concurrent.CompletableFuture.timedGet(CompletableFuture.java:1771)
	at java.util.concurrent.CompletableFuture.get(CompletableFuture.java:1915)
	at org.apache.ratis.util.IOUtils.getFromFuture(IOUtils.java:79)
	... 4 more
2019-09-17 12:32:36,063 [639d7dff-6a78-4ecf-aa0a-b8a4b660182e@group-23F4C195A245-SegmentedRaftLogWorker] WARN  segmented.SegmentedRaftLogWorker (SegmentedRaftLogWorker.java:getFromFuture(90)) - Timeout 8/~
org.apache.ratis.protocol.TimeoutIOException: Timeout 10s: WriteLog:12: (t:1, i:12), STATEMACHINELOGENTRY, client-9B4AC7B4A30D, cid=33-writeStateMachineData
	at org.apache.ratis.util.IOUtils.getFromFuture(IOUtils.java:87)
	at org.apache.ratis.server.raftlog.segmented.SegmentedRaftLogWorker$StateMachineDataPolicy.getFromFuture(SegmentedRaftLogWorker.java:87)
	at org.apache.ratis.server.raftlog.segmented.SegmentedRaftLogWorker$WriteLog.execute(SegmentedRaftLogWorker.java:477)
	at org.apache.ratis.server.raftlog.segmented.SegmentedRaftLogWorker.run(SegmentedRaftLogWorker.java:289)
	at java.lang.Thread.run(Thread.java:748)
Caused by: java.util.concurrent.TimeoutException
	at java.util.concurrent.CompletableFuture.timedGet(CompletableFuture.java:1771)
	at java.util.concurrent.CompletableFuture.get(CompletableFuture.java:1915)
	at org.apache.ratis.util.IOUtils.getFromFuture(IOUtils.java:79)
	... 4 more
2019-09-17 12:32:36,063 [8dae3b80-5600-44e3-9df5-13b3719afed7@group-23F4C195A245-SegmentedRaftLogWorker] WARN  segmented.SegmentedRaftLogWorker (SegmentedRaftLogWorker.java:getFromFuture(90)) - Timeout 8/~
org.apache.ratis.protocol.TimeoutIOException: Timeout 10s: WriteLog:12: (t:1, i:12), STATEMACHINELOGENTRY, client-9B4AC7B4A30D, cid=33-writeStateMachineData
	at org.apache.ratis.util.IOUtils.getFromFuture(IOUtils.java:87)
	at org.apache.ratis.server.raftlog.segmented.SegmentedRaftLogWorker$StateMachineDataPolicy.getFromFuture(SegmentedRaftLogWorker.java:87)
	at org.apache.ratis.server.raftlog.segmented.SegmentedRaftLogWorker$WriteLog.execute(SegmentedRaftLogWorker.java:477)
	at org.apache.ratis.server.raftlog.segmented.SegmentedRaftLogWorker.run(SegmentedRaftLogWorker.java:289)
	at java.lang.Thread.run(Thread.java:748)
Caused by: java.util.concurrent.TimeoutException
	at java.util.concurrent.CompletableFuture.timedGet(CompletableFuture.java:1771)
	at java.util.concurrent.CompletableFuture.get(CompletableFuture.java:1915)
	at org.apache.ratis.util.IOUtils.getFromFuture(IOUtils.java:79)
	... 4 more
2019-09-17 12:32:36,400 [java.util.concurrent.ThreadPoolExecutor$Worker@5fa0ca4a[State = -1, empty queue]] WARN  server.GrpcLogAppender (GrpcLogAppender.java:timeoutAppendRequest(200)) - f8d8d9c4-afe8-4cc5-8788-d0697b0baa61@group-23F4C195A245->8dae3b80-5600-44e3-9df5-13b3719afed7-GrpcLogAppender: appendEntries Timeout, request=f8d8d9c4-afe8-4cc5-8788-d0697b0baa61->8dae3b80-5600-44e3-9df5-13b3719afed7#124-t1, previous=(t:1, i:13), leaderCommit=10, initializing? false, entries: <empty>
2019-09-17 12:32:36,400 [java.util.concurrent.ThreadPoolExecutor$Worker@34aff09a[State = -1, empty queue]] WARN  server.GrpcLogAppender (GrpcLogAppender.java:timeoutAppendRequest(200)) - f8d8d9c4-afe8-4cc5-8788-d0697b0baa61@group-23F4C195A245->639d7dff-6a78-4ecf-aa0a-b8a4b660182e-GrpcLogAppender: appendEntries Timeout, request=f8d8d9c4-afe8-4cc5-8788-d0697b0baa61->639d7dff-6a78-4ecf-aa0a-b8a4b660182e#124-t1, previous=(t:1, i:13), leaderCommit=10, initializing? false, entries: <empty>
2019-09-17 12:32:36,682 [grpc-default-executor-0] INFO  client.GrpcClientProtocolClient (GrpcClientProtocolClient.java:onNext(264)) - client-9B4AC7B4A30D->639d7dff-6a78-4ecf-aa0a-b8a4b660182e: receive RaftClientReply:client-9B4AC7B4A30D->639d7dff-6a78-4ecf-aa0a-b8a4b660182e@group-23F4C195A245, cid=32, FAILED org.apache.ratis.protocol.NotLeaderException: Server 639d7dff-6a78-4ecf-aa0a-b8a4b660182e@group-23F4C195A245 is not the leader f8d8d9c4-afe8-4cc5-8788-d0697b0baa61:192.168.5.130:40344, logIndex=0, commits[639d7dff-6a78-4ecf-aa0a-b8a4b660182e:c10, 8dae3b80-5600-44e3-9df5-13b3719afed7:c6, f8d8d9c4-afe8-4cc5-8788-d0697b0baa61:c10]
2019-09-17 12:32:38,901 [java.util.concurrent.ThreadPoolExecutor$Worker@34aff09a[State = -1, empty queue]] WARN  server.GrpcLogAppender (GrpcLogAppender.java:timeoutAppendRequest(200)) - f8d8d9c4-afe8-4cc5-8788-d0697b0baa61@group-23F4C195A245->639d7dff-6a78-4ecf-aa0a-b8a4b660182e-GrpcLogAppender: appendEntries Timeout, request=f8d8d9c4-afe8-4cc5-8788-d0697b0baa61->639d7dff-6a78-4ecf-aa0a-b8a4b660182e#125-t1, previous=(t:1, i:13), leaderCommit=10, initializing? false, entries: <empty>
2019-09-17 12:32:38,901 [java.util.concurrent.ThreadPoolExecutor$Worker@5fa0ca4a[State = -1, empty queue]] WARN  server.GrpcLogAppender (GrpcLogAppender.java:timeoutAppendRequest(200)) - f8d8d9c4-afe8-4cc5-8788-d0697b0baa61@group-23F4C195A245->8dae3b80-5600-44e3-9df5-13b3719afed7-GrpcLogAppender: appendEntries Timeout, request=f8d8d9c4-afe8-4cc5-8788-d0697b0baa61->8dae3b80-5600-44e3-9df5-13b3719afed7#125-t1, previous=(t:1, i:13), leaderCommit=10, initializing? false, entries: <empty>
2019-09-17 12:32:41,401 [java.util.concurrent.ThreadPoolExecutor$Worker@5fa0ca4a[State = -1, empty queue]] WARN  server.GrpcLogAppender (GrpcLogAppender.java:timeoutAppendRequest(200)) - f8d8d9c4-afe8-4cc5-8788-d0697b0baa61@group-23F4C195A245->8dae3b80-5600-44e3-9df5-13b3719afed7-GrpcLogAppender: appendEntries Timeout, request=f8d8d9c4-afe8-4cc5-8788-d0697b0baa61->8dae3b80-5600-44e3-9df5-13b3719afed7#126-t1, previous=(t:1, i:13), leaderCommit=10, initializing? false, entries: <empty>
2019-09-17 12:32:41,401 [java.util.concurrent.ThreadPoolExecutor$Worker@34aff09a[State = -1, empty queue]] WARN  server.GrpcLogAppender (GrpcLogAppender.java:timeoutAppendRequest(200)) - f8d8d9c4-afe8-4cc5-8788-d0697b0baa61@group-23F4C195A245->639d7dff-6a78-4ecf-aa0a-b8a4b660182e-GrpcLogAppender: appendEntries Timeout, request=f8d8d9c4-afe8-4cc5-8788-d0697b0baa61->639d7dff-6a78-4ecf-aa0a-b8a4b660182e#126-t1, previous=(t:1, i:13), leaderCommit=10, initializing? false, entries: <empty>
2019-09-17 12:32:41,720 [grpc-default-executor-3] INFO  client.GrpcClientProtocolClient (GrpcClientProtocolClient.java:onNext(264)) - client-9B4AC7B4A30D->639d7dff-6a78-4ecf-aa0a-b8a4b660182e: receive RaftClientReply:client-9B4AC7B4A30D->639d7dff-6a78-4ecf-aa0a-b8a4b660182e@group-23F4C195A245, cid=32, FAILED org.apache.ratis.protocol.NotLeaderException: Server 639d7dff-6a78-4ecf-aa0a-b8a4b660182e@group-23F4C195A245 is not the leader f8d8d9c4-afe8-4cc5-8788-d0697b0baa61:192.168.5.130:40344, logIndex=0, commits[639d7dff-6a78-4ecf-aa0a-b8a4b660182e:c10, 8dae3b80-5600-44e3-9df5-13b3719afed7:c6, f8d8d9c4-afe8-4cc5-8788-d0697b0baa61:c10]
2019-09-17 12:32:43,901 [java.util.concurrent.ThreadPoolExecutor$Worker@5fa0ca4a[State = -1, empty queue]] WARN  server.GrpcLogAppender (GrpcLogAppender.java:timeoutAppendRequest(200)) - f8d8d9c4-afe8-4cc5-8788-d0697b0baa61@group-23F4C195A245->8dae3b80-5600-44e3-9df5-13b3719afed7-GrpcLogAppender: appendEntries Timeout, request=f8d8d9c4-afe8-4cc5-8788-d0697b0baa61->8dae3b80-5600-44e3-9df5-13b3719afed7#127-t1, previous=(t:1, i:13), leaderCommit=10, initializing? false, entries: <empty>
2019-09-17 12:32:43,901 [java.util.concurrent.ThreadPoolExecutor$Worker@34aff09a[State = -1, empty queue]] WARN  server.GrpcLogAppender (GrpcLogAppender.java:timeoutAppendRequest(200)) - f8d8d9c4-afe8-4cc5-8788-d0697b0baa61@group-23F4C195A245->639d7dff-6a78-4ecf-aa0a-b8a4b660182e-GrpcLogAppender: appendEntries Timeout, request=f8d8d9c4-afe8-4cc5-8788-d0697b0baa61->639d7dff-6a78-4ecf-aa0a-b8a4b660182e#127-t1, previous=(t:1, i:13), leaderCommit=10, initializing? false, entries: <empty>
2019-09-17 12:32:45,891 [f8d8d9c4-afe8-4cc5-8788-d0697b0baa61@group-23F4C195A245-SegmentedRaftLogWorker] WARN  segmented.SegmentedRaftLogWorker (SegmentedRaftLogWorker.java:getFromFuture(90)) - Timeout 9/~
org.apache.ratis.protocol.TimeoutIOException: Timeout 10s: WriteLog:11: (t:1, i:11), STATEMACHINELOGENTRY, client-9B4AC7B4A30D, cid=32-writeStateMachineData
	at org.apache.ratis.util.IOUtils.getFromFuture(IOUtils.java:87)
	at org.apache.ratis.server.raftlog.segmented.SegmentedRaftLogWorker$StateMachineDataPolicy.getFromFuture(SegmentedRaftLogWorker.java:87)
	at org.apache.ratis.server.raftlog.segmented.SegmentedRaftLogWorker$WriteLog.execute(SegmentedRaftLogWorker.java:477)
	at org.apache.ratis.server.raftlog.segmented.SegmentedRaftLogWorker.run(SegmentedRaftLogWorker.java:289)
	at java.lang.Thread.run(Thread.java:748)
Caused by: java.util.concurrent.TimeoutException
	at java.util.concurrent.CompletableFuture.timedGet(CompletableFuture.java:1771)
	at java.util.concurrent.CompletableFuture.get(CompletableFuture.java:1915)
	at org.apache.ratis.util.IOUtils.getFromFuture(IOUtils.java:79)
	... 4 more
2019-09-17 12:32:46,064 [639d7dff-6a78-4ecf-aa0a-b8a4b660182e@group-23F4C195A245-SegmentedRaftLogWorker] WARN  segmented.SegmentedRaftLogWorker (SegmentedRaftLogWorker.java:getFromFuture(90)) - Timeout 9/~
org.apache.ratis.protocol.TimeoutIOException: Timeout 10s: WriteLog:12: (t:1, i:12), STATEMACHINELOGENTRY, client-9B4AC7B4A30D, cid=33-writeStateMachineData
	at org.apache.ratis.util.IOUtils.getFromFuture(IOUtils.java:87)
	at org.apache.ratis.server.raftlog.segmented.SegmentedRaftLogWorker$StateMachineDataPolicy.getFromFuture(SegmentedRaftLogWorker.java:87)
	at org.apache.ratis.server.raftlog.segmented.SegmentedRaftLogWorker$WriteLog.execute(SegmentedRaftLogWorker.java:477)
	at org.apache.ratis.server.raftlog.segmented.SegmentedRaftLogWorker.run(SegmentedRaftLogWorker.java:289)
	at java.lang.Thread.run(Thread.java:748)
Caused by: java.util.concurrent.TimeoutException
	at java.util.concurrent.CompletableFuture.timedGet(CompletableFuture.java:1771)
	at java.util.concurrent.CompletableFuture.get(CompletableFuture.java:1915)
	at org.apache.ratis.util.IOUtils.getFromFuture(IOUtils.java:79)
	... 4 more
2019-09-17 12:32:46,064 [8dae3b80-5600-44e3-9df5-13b3719afed7@group-23F4C195A245-SegmentedRaftLogWorker] WARN  segmented.SegmentedRaftLogWorker (SegmentedRaftLogWorker.java:getFromFuture(90)) - Timeout 9/~
org.apache.ratis.protocol.TimeoutIOException: Timeout 10s: WriteLog:12: (t:1, i:12), STATEMACHINELOGENTRY, client-9B4AC7B4A30D, cid=33-writeStateMachineData
	at org.apache.ratis.util.IOUtils.getFromFuture(IOUtils.java:87)
	at org.apache.ratis.server.raftlog.segmented.SegmentedRaftLogWorker$StateMachineDataPolicy.getFromFuture(SegmentedRaftLogWorker.java:87)
	at org.apache.ratis.server.raftlog.segmented.SegmentedRaftLogWorker$WriteLog.execute(SegmentedRaftLogWorker.java:477)
	at org.apache.ratis.server.raftlog.segmented.SegmentedRaftLogWorker.run(SegmentedRaftLogWorker.java:289)
	at java.lang.Thread.run(Thread.java:748)
Caused by: java.util.concurrent.TimeoutException
	at java.util.concurrent.CompletableFuture.timedGet(CompletableFuture.java:1771)
	at java.util.concurrent.CompletableFuture.get(CompletableFuture.java:1915)
	at org.apache.ratis.util.IOUtils.getFromFuture(IOUtils.java:79)
	... 4 more
2019-09-17 12:32:46,402 [java.util.concurrent.ThreadPoolExecutor$Worker@34aff09a[State = -1, empty queue]] WARN  server.GrpcLogAppender (GrpcLogAppender.java:timeoutAppendRequest(200)) - f8d8d9c4-afe8-4cc5-8788-d0697b0baa61@group-23F4C195A245->639d7dff-6a78-4ecf-aa0a-b8a4b660182e-GrpcLogAppender: appendEntries Timeout, request=f8d8d9c4-afe8-4cc5-8788-d0697b0baa61->639d7dff-6a78-4ecf-aa0a-b8a4b660182e#128-t1, previous=(t:1, i:13), leaderCommit=10, initializing? false, entries: <empty>
2019-09-17 12:32:46,402 [java.util.concurrent.ThreadPoolExecutor$Worker@5fa0ca4a[State = -1, empty queue]] WARN  server.GrpcLogAppender (GrpcLogAppender.java:timeoutAppendRequest(200)) - f8d8d9c4-afe8-4cc5-8788-d0697b0baa61@group-23F4C195A245->8dae3b80-5600-44e3-9df5-13b3719afed7-GrpcLogAppender: appendEntries Timeout, request=f8d8d9c4-afe8-4cc5-8788-d0697b0baa61->8dae3b80-5600-44e3-9df5-13b3719afed7#128-t1, previous=(t:1, i:13), leaderCommit=10, initializing? false, entries: <empty>
2019-09-17 12:32:46,762 [grpc-default-executor-3] INFO  client.GrpcClientProtocolClient (GrpcClientProtocolClient.java:onNext(264)) - client-9B4AC7B4A30D->8dae3b80-5600-44e3-9df5-13b3719afed7: receive RaftClientReply:client-9B4AC7B4A30D->8dae3b80-5600-44e3-9df5-13b3719afed7@group-23F4C195A245, cid=32, FAILED org.apache.ratis.protocol.NotLeaderException: Server 8dae3b80-5600-44e3-9df5-13b3719afed7@group-23F4C195A245 is not the leader f8d8d9c4-afe8-4cc5-8788-d0697b0baa61:192.168.5.130:40344, logIndex=0, commits[8dae3b80-5600-44e3-9df5-13b3719afed7:c10, 639d7dff-6a78-4ecf-aa0a-b8a4b660182e:c6, f8d8d9c4-afe8-4cc5-8788-d0697b0baa61:c10]
2019-09-17 12:32:48,903 [java.util.concurrent.ThreadPoolExecutor$Worker@5fa0ca4a[State = -1, empty queue]] WARN  server.GrpcLogAppender (GrpcLogAppender.java:timeoutAppendRequest(200)) - f8d8d9c4-afe8-4cc5-8788-d0697b0baa61@group-23F4C195A245->8dae3b80-5600-44e3-9df5-13b3719afed7-GrpcLogAppender: appendEntries Timeout, request=f8d8d9c4-afe8-4cc5-8788-d0697b0baa61->8dae3b80-5600-44e3-9df5-13b3719afed7#129-t1, previous=(t:1, i:13), leaderCommit=10, initializing? false, entries: <empty>
2019-09-17 12:32:48,903 [java.util.concurrent.ThreadPoolExecutor$Worker@34aff09a[State = -1, empty queue]] WARN  server.GrpcLogAppender (GrpcLogAppender.java:timeoutAppendRequest(200)) - f8d8d9c4-afe8-4cc5-8788-d0697b0baa61@group-23F4C195A245->639d7dff-6a78-4ecf-aa0a-b8a4b660182e-GrpcLogAppender: appendEntries Timeout, request=f8d8d9c4-afe8-4cc5-8788-d0697b0baa61->639d7dff-6a78-4ecf-aa0a-b8a4b660182e#129-t1, previous=(t:1, i:13), leaderCommit=10, initializing? false, entries: <empty>
2019-09-17 12:32:51,403 [java.util.concurrent.ThreadPoolExecutor$Worker@34aff09a[State = -1, empty queue]] WARN  server.GrpcLogAppender (GrpcLogAppender.java:timeoutAppendRequest(200)) - f8d8d9c4-afe8-4cc5-8788-d0697b0baa61@group-23F4C195A245->639d7dff-6a78-4ecf-aa0a-b8a4b660182e-GrpcLogAppender: appendEntries Timeout, request=f8d8d9c4-afe8-4cc5-8788-d0697b0baa61->639d7dff-6a78-4ecf-aa0a-b8a4b660182e#130-t1, previous=(t:1, i:13), leaderCommit=10, initializing? false, entries: <empty>
2019-09-17 12:32:51,403 [java.util.concurrent.ThreadPoolExecutor$Worker@5fa0ca4a[State = -1, empty queue]] WARN  server.GrpcLogAppender (GrpcLogAppender.java:timeoutAppendRequest(200)) - f8d8d9c4-afe8-4cc5-8788-d0697b0baa61@group-23F4C195A245->8dae3b80-5600-44e3-9df5-13b3719afed7-GrpcLogAppender: appendEntries Timeout, request=f8d8d9c4-afe8-4cc5-8788-d0697b0baa61->8dae3b80-5600-44e3-9df5-13b3719afed7#130-t1, previous=(t:1, i:13), leaderCommit=10, initializing? false, entries: <empty>
2019-09-17 12:32:51,800 [grpc-default-executor-3] INFO  client.GrpcClientProtocolClient (GrpcClientProtocolClient.java:onNext(264)) - client-9B4AC7B4A30D->8dae3b80-5600-44e3-9df5-13b3719afed7: receive RaftClientReply:client-9B4AC7B4A30D->8dae3b80-5600-44e3-9df5-13b3719afed7@group-23F4C195A245, cid=32, FAILED org.apache.ratis.protocol.NotLeaderException: Server 8dae3b80-5600-44e3-9df5-13b3719afed7@group-23F4C195A245 is not the leader f8d8d9c4-afe8-4cc5-8788-d0697b0baa61:192.168.5.130:40344, logIndex=0, commits[8dae3b80-5600-44e3-9df5-13b3719afed7:c10, 639d7dff-6a78-4ecf-aa0a-b8a4b660182e:c6, f8d8d9c4-afe8-4cc5-8788-d0697b0baa61:c10]
2019-09-17 12:32:53,171 [ReplicationMonitor] INFO  container.ReplicationManager (ReplicationManager.java:forceCloseContainer(464)) - Force closing container #1 with BCSID 4, which is in QUASI_CLOSED state.
2019-09-17 12:32:53,173 [ReplicationMonitor] INFO  container.ReplicationManager (ReplicationManager.java:sendCloseCommand(659)) - Sending close container command for container #1 to datanode 4005f9e4-9000-4048-961f-9439e52a6da7{ip: 192.168.5.130, host: pr-hdds-2136-chhj8-2666454444, networkLocation: /default-rack, certSerialId: null}.
2019-09-17 12:32:53,174 [ReplicationMonitor] INFO  container.ReplicationManager (ReplicationManager.java:sendCloseCommand(659)) - Sending close container command for container #1 to datanode 597a450e-db00-46ca-b8ea-d9e1f9500f66{ip: 192.168.5.130, host: pr-hdds-2136-chhj8-2666454444, networkLocation: /default-rack, certSerialId: null}.
2019-09-17 12:32:53,174 [ReplicationMonitor] INFO  container.ReplicationManager (ReplicationManager.java:sendCloseCommand(659)) - Sending close container command for container #1 to datanode 9a3c5405-1b71-41e7-a1e6-d9c2b7bf9721{ip: 192.168.5.130, host: pr-hdds-2136-chhj8-2666454444, networkLocation: /default-rack, certSerialId: null}.
2019-09-17 12:32:53,174 [ReplicationMonitor] INFO  container.ReplicationManager (ReplicationManager.java:forceCloseContainer(464)) - Force closing container #2 with BCSID 0, which is in QUASI_CLOSED state.
2019-09-17 12:32:53,175 [ReplicationMonitor] INFO  container.ReplicationManager (ReplicationManager.java:sendCloseCommand(659)) - Sending close container command for container #2 to datanode 597a450e-db00-46ca-b8ea-d9e1f9500f66{ip: 192.168.5.130, host: pr-hdds-2136-chhj8-2666454444, networkLocation: /default-rack, certSerialId: null}.
2019-09-17 12:32:53,175 [ReplicationMonitor] INFO  container.ReplicationManager (ReplicationManager.java:sendCloseCommand(659)) - Sending close container command for container #2 to datanode 4005f9e4-9000-4048-961f-9439e52a6da7{ip: 192.168.5.130, host: pr-hdds-2136-chhj8-2666454444, networkLocation: /default-rack, certSerialId: null}.
2019-09-17 12:32:53,175 [ReplicationMonitor] INFO  container.ReplicationManager (ReplicationManager.java:sendCloseCommand(659)) - Sending close container command for container #2 to datanode 9a3c5405-1b71-41e7-a1e6-d9c2b7bf9721{ip: 192.168.5.130, host: pr-hdds-2136-chhj8-2666454444, networkLocation: /default-rack, certSerialId: null}.
2019-09-17 12:32:53,175 [ReplicationMonitor] INFO  container.ReplicationManager (ReplicationManager.java:run(225)) - Replication Monitor Thread took 11 milliseconds for processing 4 containers.
2019-09-17 12:32:53,904 [java.util.concurrent.ThreadPoolExecutor$Worker@34aff09a[State = -1, empty queue]] WARN  server.GrpcLogAppender (GrpcLogAppender.java:timeoutAppendRequest(200)) - f8d8d9c4-afe8-4cc5-8788-d0697b0baa61@group-23F4C195A245->639d7dff-6a78-4ecf-aa0a-b8a4b660182e-GrpcLogAppender: appendEntries Timeout, request=f8d8d9c4-afe8-4cc5-8788-d0697b0baa61->639d7dff-6a78-4ecf-aa0a-b8a4b660182e#131-t1, previous=(t:1, i:13), leaderCommit=10, initializing? false, entries: <empty>
2019-09-17 12:32:53,904 [java.util.concurrent.ThreadPoolExecutor$Worker@5fa0ca4a[State = -1, empty queue]] WARN  server.GrpcLogAppender (GrpcLogAppender.java:timeoutAppendRequest(200)) - f8d8d9c4-afe8-4cc5-8788-d0697b0baa61@group-23F4C195A245->8dae3b80-5600-44e3-9df5-13b3719afed7-GrpcLogAppender: appendEntries Timeout, request=f8d8d9c4-afe8-4cc5-8788-d0697b0baa61->8dae3b80-5600-44e3-9df5-13b3719afed7#131-t1, previous=(t:1, i:13), leaderCommit=10, initializing? false, entries: <empty>
2019-09-17 12:32:55,064 [Command processor thread] INFO  interfaces.Container (KeyValueContainer.java:flushAndSyncDB(386)) - Container 1 is synced with bcsId 4.
2019-09-17 12:32:55,068 [Command processor thread] INFO  interfaces.Container (KeyValueContainer.java:flushAndSyncDB(386)) - Container 1 is synced with bcsId 4.
2019-09-17 12:32:55,114 [Command processor thread] INFO  interfaces.Container (KeyValueContainer.java:close(335)) - Container 1 is closed with bcsId 4.
2019-09-17 12:32:55,114 [Command processor thread] INFO  interfaces.Container (KeyValueContainer.java:flushAndSyncDB(386)) - Container 2 is synced with bcsId 0.
2019-09-17 12:32:55,114 [Command processor thread] INFO  interfaces.Container (KeyValueContainer.java:flushAndSyncDB(386)) - Container 2 is synced with bcsId 0.
2019-09-17 12:32:55,115 [EventQueue-IncrementalContainerReportForIncrementalContainerReportHandler] INFO  container.IncrementalContainerReportHandler (AbstractContainerReportHandler.java:updateContainerState(202)) - Moving container #1 to CLOSED state, datanode 9a3c5405-1b71-41e7-a1e6-d9c2b7bf9721{ip: 192.168.5.130, host: pr-hdds-2136-chhj8-2666454444, networkLocation: /default-rack, certSerialId: null} reported CLOSED replica.
2019-09-17 12:32:55,132 [Command processor thread] INFO  interfaces.Container (KeyValueContainer.java:close(335)) - Container 2 is closed with bcsId 0.
2019-09-17 12:32:55,133 [EventQueue-IncrementalContainerReportForIncrementalContainerReportHandler] INFO  container.IncrementalContainerReportHandler (AbstractContainerReportHandler.java:updateContainerState(202)) - Moving container #2 to CLOSED state, datanode 9a3c5405-1b71-41e7-a1e6-d9c2b7bf9721{ip: 192.168.5.130, host: pr-hdds-2136-chhj8-2666454444, networkLocation: /default-rack, certSerialId: null} reported CLOSED replica.
2019-09-17 12:32:55,527 [Command processor thread] INFO  interfaces.Container (KeyValueContainer.java:flushAndSyncDB(386)) - Container 1 is synced with bcsId 4.
2019-09-17 12:32:55,527 [Command processor thread] INFO  interfaces.Container (KeyValueContainer.java:flushAndSyncDB(386)) - Container 1 is synced with bcsId 4.
2019-09-17 12:32:55,548 [Command processor thread] INFO  interfaces.Container (KeyValueContainer.java:close(335)) - Container 1 is closed with bcsId 4.
2019-09-17 12:32:55,548 [Command processor thread] INFO  interfaces.Container (KeyValueContainer.java:flushAndSyncDB(386)) - Container 2 is synced with bcsId 0.
2019-09-17 12:32:55,548 [Command processor thread] INFO  interfaces.Container (KeyValueContainer.java:flushAndSyncDB(386)) - Container 2 is synced with bcsId 0.
2019-09-17 12:32:55,569 [Command processor thread] INFO  interfaces.Container (KeyValueContainer.java:close(335)) - Container 2 is closed with bcsId 0.
2019-09-17 12:32:55,813 [Command processor thread] INFO  interfaces.Container (KeyValueContainer.java:flushAndSyncDB(386)) - Container 1 is synced with bcsId 4.
2019-09-17 12:32:55,813 [Command processor thread] INFO  interfaces.Container (KeyValueContainer.java:flushAndSyncDB(386)) - Container 1 is synced with bcsId 4.
2019-09-17 12:32:55,832 [Command processor thread] INFO  interfaces.Container (KeyValueContainer.java:close(335)) - Container 1 is closed with bcsId 4.
2019-09-17 12:32:55,832 [Command processor thread] INFO  interfaces.Container (KeyValueContainer.java:flushAndSyncDB(386)) - Container 2 is synced with bcsId 0.
2019-09-17 12:32:55,832 [Command processor thread] INFO  interfaces.Container (KeyValueContainer.java:flushAndSyncDB(386)) - Container 2 is synced with bcsId 0.
2019-09-17 12:32:55,849 [Command processor thread] INFO  interfaces.Container (KeyValueContainer.java:close(335)) - Container 2 is closed with bcsId 0.
2019-09-17 12:32:55,892 [f8d8d9c4-afe8-4cc5-8788-d0697b0baa61@group-23F4C195A245-SegmentedRaftLogWorker] WARN  segmented.SegmentedRaftLogWorker (SegmentedRaftLogWorker.java:getFromFuture(90)) - Timeout 10/~
org.apache.ratis.protocol.TimeoutIOException: Timeout 10s: WriteLog:11: (t:1, i:11), STATEMACHINELOGENTRY, client-9B4AC7B4A30D, cid=32-writeStateMachineData
	at org.apache.ratis.util.IOUtils.getFromFuture(IOUtils.java:87)
	at org.apache.ratis.server.raftlog.segmented.SegmentedRaftLogWorker$StateMachineDataPolicy.getFromFuture(SegmentedRaftLogWorker.java:87)
	at org.apache.ratis.server.raftlog.segmented.SegmentedRaftLogWorker$WriteLog.execute(SegmentedRaftLogWorker.java:477)
	at org.apache.ratis.server.raftlog.segmented.SegmentedRaftLogWorker.run(SegmentedRaftLogWorker.java:289)
	at java.lang.Thread.run(Thread.java:748)
Caused by: java.util.concurrent.TimeoutException
	at java.util.concurrent.CompletableFuture.timedGet(CompletableFuture.java:1771)
	at java.util.concurrent.CompletableFuture.get(CompletableFuture.java:1915)
	at org.apache.ratis.util.IOUtils.getFromFuture(IOUtils.java:79)
	... 4 more
2019-09-17 12:32:56,064 [639d7dff-6a78-4ecf-aa0a-b8a4b660182e@group-23F4C195A245-SegmentedRaftLogWorker] WARN  segmented.SegmentedRaftLogWorker (SegmentedRaftLogWorker.java:getFromFuture(90)) - Timeout 10/~
org.apache.ratis.protocol.TimeoutIOException: Timeout 10s: WriteLog:12: (t:1, i:12), STATEMACHINELOGENTRY, client-9B4AC7B4A30D, cid=33-writeStateMachineData
	at org.apache.ratis.util.IOUtils.getFromFuture(IOUtils.java:87)
	at org.apache.ratis.server.raftlog.segmented.SegmentedRaftLogWorker$StateMachineDataPolicy.getFromFuture(SegmentedRaftLogWorker.java:87)
	at org.apache.ratis.server.raftlog.segmented.SegmentedRaftLogWorker$WriteLog.execute(SegmentedRaftLogWorker.java:477)
	at org.apache.ratis.server.raftlog.segmented.SegmentedRaftLogWorker.run(SegmentedRaftLogWorker.java:289)
	at java.lang.Thread.run(Thread.java:748)
Caused by: java.util.concurrent.TimeoutException
	at java.util.concurrent.CompletableFuture.timedGet(CompletableFuture.java:1771)
	at java.util.concurrent.CompletableFuture.get(CompletableFuture.java:1915)
	at org.apache.ratis.util.IOUtils.getFromFuture(IOUtils.java:79)
	... 4 more
2019-09-17 12:32:56,065 [8dae3b80-5600-44e3-9df5-13b3719afed7@group-23F4C195A245-SegmentedRaftLogWorker] WARN  segmented.SegmentedRaftLogWorker (SegmentedRaftLogWorker.java:getFromFuture(90)) - Timeout 10/~
org.apache.ratis.protocol.TimeoutIOException: Timeout 10s: WriteLog:12: (t:1, i:12), STATEMACHINELOGENTRY, client-9B4AC7B4A30D, cid=33-writeStateMachineData
	at org.apache.ratis.util.IOUtils.getFromFuture(IOUtils.java:87)
	at org.apache.ratis.server.raftlog.segmented.SegmentedRaftLogWorker$StateMachineDataPolicy.getFromFuture(SegmentedRaftLogWorker.java:87)
	at org.apache.ratis.server.raftlog.segmented.SegmentedRaftLogWorker$WriteLog.execute(SegmentedRaftLogWorker.java:477)
	at org.apache.ratis.server.raftlog.segmented.SegmentedRaftLogWorker.run(SegmentedRaftLogWorker.java:289)
	at java.lang.Thread.run(Thread.java:748)
Caused by: java.util.concurrent.TimeoutException
	at java.util.concurrent.CompletableFuture.timedGet(CompletableFuture.java:1771)
	at java.util.concurrent.CompletableFuture.get(CompletableFuture.java:1915)
	at org.apache.ratis.util.IOUtils.getFromFuture(IOUtils.java:79)
	... 4 more
2019-09-17 12:32:56,405 [java.util.concurrent.ThreadPoolExecutor$Worker@5fa0ca4a[State = -1, empty queue]] WARN  server.GrpcLogAppender (GrpcLogAppender.java:timeoutAppendRequest(200)) - f8d8d9c4-afe8-4cc5-8788-d0697b0baa61@group-23F4C195A245->8dae3b80-5600-44e3-9df5-13b3719afed7-GrpcLogAppender: appendEntries Timeout, request=f8d8d9c4-afe8-4cc5-8788-d0697b0baa61->8dae3b80-5600-44e3-9df5-13b3719afed7#132-t1, previous=(t:1, i:13), leaderCommit=10, initializing? false, entries: <empty>
2019-09-17 12:32:56,405 [java.util.concurrent.ThreadPoolExecutor$Worker@34aff09a[State = -1, empty queue]] WARN  server.GrpcLogAppender (GrpcLogAppender.java:timeoutAppendRequest(200)) - f8d8d9c4-afe8-4cc5-8788-d0697b0baa61@group-23F4C195A245->639d7dff-6a78-4ecf-aa0a-b8a4b660182e-GrpcLogAppender: appendEntries Timeout, request=f8d8d9c4-afe8-4cc5-8788-d0697b0baa61->639d7dff-6a78-4ecf-aa0a-b8a4b660182e#132-t1, previous=(t:1, i:13), leaderCommit=10, initializing? false, entries: <empty>
2019-09-17 12:32:56,840 [grpc-default-executor-0] INFO  client.GrpcClientProtocolClient (GrpcClientProtocolClient.java:onNext(264)) - client-9B4AC7B4A30D->8dae3b80-5600-44e3-9df5-13b3719afed7: receive RaftClientReply:client-9B4AC7B4A30D->8dae3b80-5600-44e3-9df5-13b3719afed7@group-23F4C195A245, cid=32, FAILED org.apache.ratis.protocol.NotLeaderException: Server 8dae3b80-5600-44e3-9df5-13b3719afed7@group-23F4C195A245 is not the leader f8d8d9c4-afe8-4cc5-8788-d0697b0baa61:192.168.5.130:40344, logIndex=0, commits[8dae3b80-5600-44e3-9df5-13b3719afed7:c10, 639d7dff-6a78-4ecf-aa0a-b8a4b660182e:c6, f8d8d9c4-afe8-4cc5-8788-d0697b0baa61:c10]
2019-09-17 12:32:58,905 [java.util.concurrent.ThreadPoolExecutor$Worker@5fa0ca4a[State = -1, empty queue]] WARN  server.GrpcLogAppender (GrpcLogAppender.java:timeoutAppendRequest(200)) - f8d8d9c4-afe8-4cc5-8788-d0697b0baa61@group-23F4C195A245->8dae3b80-5600-44e3-9df5-13b3719afed7-GrpcLogAppender: appendEntries Timeout, request=f8d8d9c4-afe8-4cc5-8788-d0697b0baa61->8dae3b80-5600-44e3-9df5-13b3719afed7#133-t1, previous=(t:1, i:13), leaderCommit=10, initializing? false, entries: <empty>
2019-09-17 12:32:58,905 [java.util.concurrent.ThreadPoolExecutor$Worker@34aff09a[State = -1, empty queue]] WARN  server.GrpcLogAppender (GrpcLogAppender.java:timeoutAppendRequest(200)) - f8d8d9c4-afe8-4cc5-8788-d0697b0baa61@group-23F4C195A245->639d7dff-6a78-4ecf-aa0a-b8a4b660182e-GrpcLogAppender: appendEntries Timeout, request=f8d8d9c4-afe8-4cc5-8788-d0697b0baa61->639d7dff-6a78-4ecf-aa0a-b8a4b660182e#133-t1, previous=(t:1, i:13), leaderCommit=10, initializing? false, entries: <empty>
2019-09-17 12:33:01,406 [java.util.concurrent.ThreadPoolExecutor$Worker@34aff09a[State = -1, empty queue]] WARN  server.GrpcLogAppender (GrpcLogAppender.java:timeoutAppendRequest(200)) - f8d8d9c4-afe8-4cc5-8788-d0697b0baa61@group-23F4C195A245->639d7dff-6a78-4ecf-aa0a-b8a4b660182e-GrpcLogAppender: appendEntries Timeout, request=f8d8d9c4-afe8-4cc5-8788-d0697b0baa61->639d7dff-6a78-4ecf-aa0a-b8a4b660182e#134-t1, previous=(t:1, i:13), leaderCommit=10, initializing? false, entries: <empty>
2019-09-17 12:33:01,406 [java.util.concurrent.ThreadPoolExecutor$Worker@5fa0ca4a[State = -1, empty queue]] WARN  server.GrpcLogAppender (GrpcLogAppender.java:timeoutAppendRequest(200)) - f8d8d9c4-afe8-4cc5-8788-d0697b0baa61@group-23F4C195A245->8dae3b80-5600-44e3-9df5-13b3719afed7-GrpcLogAppender: appendEntries Timeout, request=f8d8d9c4-afe8-4cc5-8788-d0697b0baa61->8dae3b80-5600-44e3-9df5-13b3719afed7#134-t1, previous=(t:1, i:13), leaderCommit=10, initializing? false, entries: <empty>
2019-09-17 12:33:01,880 [grpc-default-executor-0] INFO  client.GrpcClientProtocolClient (GrpcClientProtocolClient.java:onNext(264)) - client-9B4AC7B4A30D->639d7dff-6a78-4ecf-aa0a-b8a4b660182e: receive RaftClientReply:client-9B4AC7B4A30D->639d7dff-6a78-4ecf-aa0a-b8a4b660182e@group-23F4C195A245, cid=32, FAILED org.apache.ratis.protocol.NotLeaderException: Server 639d7dff-6a78-4ecf-aa0a-b8a4b660182e@group-23F4C195A245 is not the leader f8d8d9c4-afe8-4cc5-8788-d0697b0baa61:192.168.5.130:40344, logIndex=0, commits[639d7dff-6a78-4ecf-aa0a-b8a4b660182e:c10, 8dae3b80-5600-44e3-9df5-13b3719afed7:c6, f8d8d9c4-afe8-4cc5-8788-d0697b0baa61:c10]
2019-09-17 12:33:03,906 [java.util.concurrent.ThreadPoolExecutor$Worker@34aff09a[State = -1, empty queue]] WARN  server.GrpcLogAppender (GrpcLogAppender.java:timeoutAppendRequest(200)) - f8d8d9c4-afe8-4cc5-8788-d0697b0baa61@group-23F4C195A245->639d7dff-6a78-4ecf-aa0a-b8a4b660182e-GrpcLogAppender: appendEntries Timeout, request=f8d8d9c4-afe8-4cc5-8788-d0697b0baa61->639d7dff-6a78-4ecf-aa0a-b8a4b660182e#135-t1, previous=(t:1, i:13), leaderCommit=10, initializing? false, entries: <empty>
2019-09-17 12:33:03,906 [java.util.concurrent.ThreadPoolExecutor$Worker@5fa0ca4a[State = -1, empty queue]] WARN  server.GrpcLogAppender (GrpcLogAppender.java:timeoutAppendRequest(200)) - f8d8d9c4-afe8-4cc5-8788-d0697b0baa61@group-23F4C195A245->8dae3b80-5600-44e3-9df5-13b3719afed7-GrpcLogAppender: appendEntries Timeout, request=f8d8d9c4-afe8-4cc5-8788-d0697b0baa61->8dae3b80-5600-44e3-9df5-13b3719afed7#135-t1, previous=(t:1, i:13), leaderCommit=10, initializing? false, entries: <empty>
2019-09-17 12:33:05,893 [f8d8d9c4-afe8-4cc5-8788-d0697b0baa61@group-23F4C195A245-SegmentedRaftLogWorker] WARN  segmented.SegmentedRaftLogWorker (SegmentedRaftLogWorker.java:getFromFuture(90)) - Timeout 11/~
org.apache.ratis.protocol.TimeoutIOException: Timeout 10s: WriteLog:11: (t:1, i:11), STATEMACHINELOGENTRY, client-9B4AC7B4A30D, cid=32-writeStateMachineData
	at org.apache.ratis.util.IOUtils.getFromFuture(IOUtils.java:87)
	at org.apache.ratis.server.raftlog.segmented.SegmentedRaftLogWorker$StateMachineDataPolicy.getFromFuture(SegmentedRaftLogWorker.java:87)
	at org.apache.ratis.server.raftlog.segmented.SegmentedRaftLogWorker$WriteLog.execute(SegmentedRaftLogWorker.java:477)
	at org.apache.ratis.server.raftlog.segmented.SegmentedRaftLogWorker.run(SegmentedRaftLogWorker.java:289)
	at java.lang.Thread.run(Thread.java:748)
Caused by: java.util.concurrent.TimeoutException
	at java.util.concurrent.CompletableFuture.timedGet(CompletableFuture.java:1771)
	at java.util.concurrent.CompletableFuture.get(CompletableFuture.java:1915)
	at org.apache.ratis.util.IOUtils.getFromFuture(IOUtils.java:79)
	... 4 more
2019-09-17 12:33:05,917 [org.apache.ratis.server.impl.LogAppender$AppenderDaemon$$Lambda$490/985692452@6f425e43] ERROR ratis.XceiverServerRatis (XceiverServerRatis.java:triggerPipelineClose(575)) - pipeline Action CLOSE  on pipeline PipelineID=571f8e8f-570d-4ddc-9fe4-23f4c195a245.Reason : f8d8d9c4-afe8-4cc5-8788-d0697b0baa61 has not seen follower/s 8dae3b80-5600-44e3-9df5-13b3719afed7 for 120248ms 639d7dff-6a78-4ecf-aa0a-b8a4b660182e for 120234ms
2019-09-17 12:33:05,917 [org.apache.ratis.server.impl.LogAppender$AppenderDaemon$$Lambda$490/985692452@a6f5df2] ERROR ratis.XceiverServerRatis (XceiverServerRatis.java:triggerPipelineClose(575)) - pipeline Action CLOSE  on pipeline PipelineID=571f8e8f-570d-4ddc-9fe4-23f4c195a245.Reason : f8d8d9c4-afe8-4cc5-8788-d0697b0baa61 has not seen follower/s 8dae3b80-5600-44e3-9df5-13b3719afed7 for 120248ms 639d7dff-6a78-4ecf-aa0a-b8a4b660182e for 120234ms
2019-09-17 12:33:06,061 [EventQueue-PipelineActionsForPipelineActionHandler] ERROR pipeline.PipelineActionHandler (PipelineActionHandler.java:onMessage(60)) - Received pipeline action CLOSE for Pipeline[ Id: 571f8e8f-570d-4ddc-9fe4-23f4c195a245, Nodes: 639d7dff-6a78-4ecf-aa0a-b8a4b660182e{ip: 192.168.5.130, host: pr-hdds-2136-chhj8-2666454444, networkLocation: /default-rack, certSerialId: null}8dae3b80-5600-44e3-9df5-13b3719afed7{ip: 192.168.5.130, host: pr-hdds-2136-chhj8-2666454444, networkLocation: /default-rack, certSerialId: null}f8d8d9c4-afe8-4cc5-8788-d0697b0baa61{ip: 192.168.5.130, host: pr-hdds-2136-chhj8-2666454444, networkLocation: /default-rack, certSerialId: null}, Type:RATIS, Factor:THREE, State:OPEN] from datanode f8d8d9c4-afe8-4cc5-8788-d0697b0baa61{ip: 192.168.5.130, host: pr-hdds-2136-chhj8-2666454444, networkLocation: /default-rack, certSerialId: null}. Reason : f8d8d9c4-afe8-4cc5-8788-d0697b0baa61 has not seen follower/s 8dae3b80-5600-44e3-9df5-13b3719afed7 for 120248ms 639d7dff-6a78-4ecf-aa0a-b8a4b660182e for 120234ms
2019-09-17 12:33:06,061 [EventQueue-PipelineActionsForPipelineActionHandler] INFO  pipeline.SCMPipelineManager (SCMPipelineManager.java:finalizeAndDestroyPipeline(311)) - destroying pipeline:Pipeline[ Id: 571f8e8f-570d-4ddc-9fe4-23f4c195a245, Nodes: 639d7dff-6a78-4ecf-aa0a-b8a4b660182e{ip: 192.168.5.130, host: pr-hdds-2136-chhj8-2666454444, networkLocation: /default-rack, certSerialId: null}8dae3b80-5600-44e3-9df5-13b3719afed7{ip: 192.168.5.130, host: pr-hdds-2136-chhj8-2666454444, networkLocation: /default-rack, certSerialId: null}f8d8d9c4-afe8-4cc5-8788-d0697b0baa61{ip: 192.168.5.130, host: pr-hdds-2136-chhj8-2666454444, networkLocation: /default-rack, certSerialId: null}, Type:RATIS, Factor:THREE, State:OPEN]
2019-09-17 12:33:06,062 [EventQueue-PipelineActionsForPipelineActionHandler] INFO  pipeline.PipelineStateManager (PipelineStateManager.java:finalizePipeline(123)) - Pipeline Pipeline[ Id: 571f8e8f-570d-4ddc-9fe4-23f4c195a245, Nodes: 639d7dff-6a78-4ecf-aa0a-b8a4b660182e{ip: 192.168.5.130, host: pr-hdds-2136-chhj8-2666454444, networkLocation: /default-rack, certSerialId: null}8dae3b80-5600-44e3-9df5-13b3719afed7{ip: 192.168.5.130, host: pr-hdds-2136-chhj8-2666454444, networkLocation: /default-rack, certSerialId: null}f8d8d9c4-afe8-4cc5-8788-d0697b0baa61{ip: 192.168.5.130, host: pr-hdds-2136-chhj8-2666454444, networkLocation: /default-rack, certSerialId: null}, Type:RATIS, Factor:THREE, State:CLOSED] moved to CLOSED state
2019-09-17 12:33:06,062 [EventQueue-CloseContainerForCloseContainerEventHandler] INFO  container.CloseContainerEventHandler (CloseContainerEventHandler.java:onMessage(61)) - Close container Event triggered for container : #3
2019-09-17 12:33:06,064 [EventQueue-CloseContainerForCloseContainerEventHandler] INFO  container.CloseContainerEventHandler (CloseContainerEventHandler.java:onMessage(61)) - Close container Event triggered for container : #4
2019-09-17 12:33:06,065 [639d7dff-6a78-4ecf-aa0a-b8a4b660182e@group-23F4C195A245-SegmentedRaftLogWorker] WARN  segmented.SegmentedRaftLogWorker (SegmentedRaftLogWorker.java:getFromFuture(90)) - Timeout 11/~
org.apache.ratis.protocol.TimeoutIOException: Timeout 10s: WriteLog:12: (t:1, i:12), STATEMACHINELOGENTRY, client-9B4AC7B4A30D, cid=33-writeStateMachineData
	at org.apache.ratis.util.IOUtils.getFromFuture(IOUtils.java:87)
	at org.apache.ratis.server.raftlog.segmented.SegmentedRaftLogWorker$StateMachineDataPolicy.getFromFuture(SegmentedRaftLogWorker.java:87)
	at org.apache.ratis.server.raftlog.segmented.SegmentedRaftLogWorker$WriteLog.execute(SegmentedRaftLogWorker.java:477)
	at org.apache.ratis.server.raftlog.segmented.SegmentedRaftLogWorker.run(SegmentedRaftLogWorker.java:289)
	at java.lang.Thread.run(Thread.java:748)
Caused by: java.util.concurrent.TimeoutException
	at java.util.concurrent.CompletableFuture.timedGet(CompletableFuture.java:1771)
	at java.util.concurrent.CompletableFuture.get(CompletableFuture.java:1915)
	at org.apache.ratis.util.IOUtils.getFromFuture(IOUtils.java:79)
	... 4 more
2019-09-17 12:33:06,066 [8dae3b80-5600-44e3-9df5-13b3719afed7@group-23F4C195A245-SegmentedRaftLogWorker] WARN  segmented.SegmentedRaftLogWorker (SegmentedRaftLogWorker.java:getFromFuture(90)) - Timeout 11/~
org.apache.ratis.protocol.TimeoutIOException: Timeout 10s: WriteLog:12: (t:1, i:12), STATEMACHINELOGENTRY, client-9B4AC7B4A30D, cid=33-writeStateMachineData
	at org.apache.ratis.util.IOUtils.getFromFuture(IOUtils.java:87)
	at org.apache.ratis.server.raftlog.segmented.SegmentedRaftLogWorker$StateMachineDataPolicy.getFromFuture(SegmentedRaftLogWorker.java:87)
	at org.apache.ratis.server.raftlog.segmented.SegmentedRaftLogWorker$WriteLog.execute(SegmentedRaftLogWorker.java:477)
	at org.apache.ratis.server.raftlog.segmented.SegmentedRaftLogWorker.run(SegmentedRaftLogWorker.java:289)
	at java.lang.Thread.run(Thread.java:748)
Caused by: java.util.concurrent.TimeoutException
	at java.util.concurrent.CompletableFuture.timedGet(CompletableFuture.java:1771)
	at java.util.concurrent.CompletableFuture.get(CompletableFuture.java:1915)
	at org.apache.ratis.util.IOUtils.getFromFuture(IOUtils.java:79)
	... 4 more
2019-09-17 12:33:06,407 [java.util.concurrent.ThreadPoolExecutor$Worker@5fa0ca4a[State = -1, empty queue]] WARN  server.GrpcLogAppender (GrpcLogAppender.java:timeoutAppendRequest(200)) - f8d8d9c4-afe8-4cc5-8788-d0697b0baa61@group-23F4C195A245->8dae3b80-5600-44e3-9df5-13b3719afed7-GrpcLogAppender: appendEntries Timeout, request=f8d8d9c4-afe8-4cc5-8788-d0697b0baa61->8dae3b80-5600-44e3-9df5-13b3719afed7#136-t1, previous=(t:1, i:13), leaderCommit=10, initializing? false, entries: <empty>
2019-09-17 12:33:06,407 [java.util.concurrent.ThreadPoolExecutor$Worker@34aff09a[State = -1, empty queue]] WARN  server.GrpcLogAppender (GrpcLogAppender.java:timeoutAppendRequest(200)) - f8d8d9c4-afe8-4cc5-8788-d0697b0baa61@group-23F4C195A245->639d7dff-6a78-4ecf-aa0a-b8a4b660182e-GrpcLogAppender: appendEntries Timeout, request=f8d8d9c4-afe8-4cc5-8788-d0697b0baa61->639d7dff-6a78-4ecf-aa0a-b8a4b660182e#136-t1, previous=(t:1, i:13), leaderCommit=10, initializing? false, entries: <empty>
2019-09-17 12:33:06,926 [grpc-default-executor-3] INFO  client.GrpcClientProtocolClient (GrpcClientProtocolClient.java:onNext(264)) - client-9B4AC7B4A30D->8dae3b80-5600-44e3-9df5-13b3719afed7: receive RaftClientReply:client-9B4AC7B4A30D->8dae3b80-5600-44e3-9df5-13b3719afed7@group-23F4C195A245, cid=32, FAILED org.apache.ratis.protocol.NotLeaderException: Server 8dae3b80-5600-44e3-9df5-13b3719afed7@group-23F4C195A245 is not the leader f8d8d9c4-afe8-4cc5-8788-d0697b0baa61:192.168.5.130:40344, logIndex=0, commits[8dae3b80-5600-44e3-9df5-13b3719afed7:c10, 639d7dff-6a78-4ecf-aa0a-b8a4b660182e:c6, f8d8d9c4-afe8-4cc5-8788-d0697b0baa61:c10]
2019-09-17 12:33:08,409 [org.apache.ratis.server.impl.LogAppender$AppenderDaemon$$Lambda$490/985692452@a6f5df2] ERROR ratis.XceiverServerRatis (XceiverServerRatis.java:triggerPipelineClose(575)) - pipeline Action CLOSE  on pipeline PipelineID=571f8e8f-570d-4ddc-9fe4-23f4c195a245.Reason : f8d8d9c4-afe8-4cc5-8788-d0697b0baa61 has not seen follower/s 8dae3b80-5600-44e3-9df5-13b3719afed7 for 122745ms 639d7dff-6a78-4ecf-aa0a-b8a4b660182e for 122731ms
2019-09-17 12:33:08,410 [org.apache.ratis.server.impl.LogAppender$AppenderDaemon$$Lambda$490/985692452@6f425e43] ERROR ratis.XceiverServerRatis (XceiverServerRatis.java:triggerPipelineClose(575)) - pipeline Action CLOSE  on pipeline PipelineID=571f8e8f-570d-4ddc-9fe4-23f4c195a245.Reason : f8d8d9c4-afe8-4cc5-8788-d0697b0baa61 has not seen follower/s 8dae3b80-5600-44e3-9df5-13b3719afed7 for 122746ms 639d7dff-6a78-4ecf-aa0a-b8a4b660182e for 122732ms
2019-09-17 12:33:08,909 [java.util.concurrent.ThreadPoolExecutor$Worker@5fa0ca4a[State = -1, empty queue]] WARN  server.GrpcLogAppender (GrpcLogAppender.java:timeoutAppendRequest(200)) - f8d8d9c4-afe8-4cc5-8788-d0697b0baa61@group-23F4C195A245->8dae3b80-5600-44e3-9df5-13b3719afed7-GrpcLogAppender: appendEntries Timeout, request=f8d8d9c4-afe8-4cc5-8788-d0697b0baa61->8dae3b80-5600-44e3-9df5-13b3719afed7#137-t1, previous=(t:1, i:13), leaderCommit=10, initializing? false, entries: <empty>
2019-09-17 12:33:08,909 [java.util.concurrent.ThreadPoolExecutor$Worker@34aff09a[State = -1, empty queue]] WARN  server.GrpcLogAppender (GrpcLogAppender.java:timeoutAppendRequest(200)) - f8d8d9c4-afe8-4cc5-8788-d0697b0baa61@group-23F4C195A245->639d7dff-6a78-4ecf-aa0a-b8a4b660182e-GrpcLogAppender: appendEntries Timeout, request=f8d8d9c4-afe8-4cc5-8788-d0697b0baa61->639d7dff-6a78-4ecf-aa0a-b8a4b660182e#137-t1, previous=(t:1, i:13), leaderCommit=10, initializing? false, entries: <empty>
2019-09-17 12:33:09,061 [EventQueue-PipelineActionsForPipelineActionHandler] ERROR pipeline.PipelineActionHandler (PipelineActionHandler.java:onMessage(60)) - Received pipeline action CLOSE for Pipeline[ Id: 571f8e8f-570d-4ddc-9fe4-23f4c195a245, Nodes: 639d7dff-6a78-4ecf-aa0a-b8a4b660182e{ip: 192.168.5.130, host: pr-hdds-2136-chhj8-2666454444, networkLocation: /default-rack, certSerialId: null}8dae3b80-5600-44e3-9df5-13b3719afed7{ip: 192.168.5.130, host: pr-hdds-2136-chhj8-2666454444, networkLocation: /default-rack, certSerialId: null}f8d8d9c4-afe8-4cc5-8788-d0697b0baa61{ip: 192.168.5.130, host: pr-hdds-2136-chhj8-2666454444, networkLocation: /default-rack, certSerialId: null}, Type:RATIS, Factor:THREE, State:CLOSED] from datanode f8d8d9c4-afe8-4cc5-8788-d0697b0baa61{ip: 192.168.5.130, host: pr-hdds-2136-chhj8-2666454444, networkLocation: /default-rack, certSerialId: null}. Reason : f8d8d9c4-afe8-4cc5-8788-d0697b0baa61 has not seen follower/s 8dae3b80-5600-44e3-9df5-13b3719afed7 for 122745ms 639d7dff-6a78-4ecf-aa0a-b8a4b660182e for 122731ms
2019-09-17 12:33:09,062 [EventQueue-PipelineActionsForPipelineActionHandler] INFO  pipeline.SCMPipelineManager (SCMPipelineManager.java:finalizeAndDestroyPipeline(311)) - destroying pipeline:Pipeline[ Id: 571f8e8f-570d-4ddc-9fe4-23f4c195a245, Nodes: 639d7dff-6a78-4ecf-aa0a-b8a4b660182e{ip: 192.168.5.130, host: pr-hdds-2136-chhj8-2666454444, networkLocation: /default-rack, certSerialId: null}8dae3b80-5600-44e3-9df5-13b3719afed7{ip: 192.168.5.130, host: pr-hdds-2136-chhj8-2666454444, networkLocation: /default-rack, certSerialId: null}f8d8d9c4-afe8-4cc5-8788-d0697b0baa61{ip: 192.168.5.130, host: pr-hdds-2136-chhj8-2666454444, networkLocation: /default-rack, certSerialId: null}, Type:RATIS, Factor:THREE, State:CLOSED]
2019-09-17 12:33:09,084 [org.apache.ratis.server.impl.LogAppender$AppenderDaemon$$Lambda$490/985692452@6f425e43] ERROR ratis.XceiverServerRatis (XceiverServerRatis.java:triggerPipelineClose(575)) - pipeline Action CLOSE  on pipeline PipelineID=571f8e8f-570d-4ddc-9fe4-23f4c195a245.Reason : f8d8d9c4-afe8-4cc5-8788-d0697b0baa61 has not seen follower/s 8dae3b80-5600-44e3-9df5-13b3719afed7 for 123421ms 639d7dff-6a78-4ecf-aa0a-b8a4b660182e for 123407ms
2019-09-17 12:33:09,084 [org.apache.ratis.server.impl.LogAppender$AppenderDaemon$$Lambda$490/985692452@a6f5df2] ERROR ratis.XceiverServerRatis (XceiverServerRatis.java:triggerPipelineClose(575)) - pipeline Action CLOSE  on pipeline PipelineID=571f8e8f-570d-4ddc-9fe4-23f4c195a245.Reason : f8d8d9c4-afe8-4cc5-8788-d0697b0baa61 has not seen follower/s 8dae3b80-5600-44e3-9df5-13b3719afed7 for 123421ms 639d7dff-6a78-4ecf-aa0a-b8a4b660182e for 123407ms
2019-09-17 12:33:10,083 [EventQueue-PipelineActionsForPipelineActionHandler] ERROR pipeline.PipelineActionHandler (PipelineActionHandler.java:onMessage(60)) - Received pipeline action CLOSE for Pipeline[ Id: 571f8e8f-570d-4ddc-9fe4-23f4c195a245, Nodes: 639d7dff-6a78-4ecf-aa0a-b8a4b660182e{ip: 192.168.5.130, host: pr-hdds-2136-chhj8-2666454444, networkLocation: /default-rack, certSerialId: null}8dae3b80-5600-44e3-9df5-13b3719afed7{ip: 192.168.5.130, host: pr-hdds-2136-chhj8-2666454444, networkLocation: /default-rack, certSerialId: null}f8d8d9c4-afe8-4cc5-8788-d0697b0baa61{ip: 192.168.5.130, host: pr-hdds-2136-chhj8-2666454444, networkLocation: /default-rack, certSerialId: null}, Type:RATIS, Factor:THREE, State:CLOSED] from datanode f8d8d9c4-afe8-4cc5-8788-d0697b0baa61{ip: 192.168.5.130, host: pr-hdds-2136-chhj8-2666454444, networkLocation: /default-rack, certSerialId: null}. Reason : f8d8d9c4-afe8-4cc5-8788-d0697b0baa61 has not seen follower/s 8dae3b80-5600-44e3-9df5-13b3719afed7 for 123421ms 639d7dff-6a78-4ecf-aa0a-b8a4b660182e for 123407ms
2019-09-17 12:33:10,083 [EventQueue-PipelineActionsForPipelineActionHandler] INFO  pipeline.SCMPipelineManager (SCMPipelineManager.java:finalizeAndDestroyPipeline(311)) - destroying pipeline:Pipeline[ Id: 571f8e8f-570d-4ddc-9fe4-23f4c195a245, Nodes: 639d7dff-6a78-4ecf-aa0a-b8a4b660182e{ip: 192.168.5.130, host: pr-hdds-2136-chhj8-2666454444, networkLocation: /default-rack, certSerialId: null}8dae3b80-5600-44e3-9df5-13b3719afed7{ip: 192.168.5.130, host: pr-hdds-2136-chhj8-2666454444, networkLocation: /default-rack, certSerialId: null}f8d8d9c4-afe8-4cc5-8788-d0697b0baa61{ip: 192.168.5.130, host: pr-hdds-2136-chhj8-2666454444, networkLocation: /default-rack, certSerialId: null}, Type:RATIS, Factor:THREE, State:CLOSED]
2019-09-17 12:33:11,409 [java.util.concurrent.ThreadPoolExecutor$Worker@34aff09a[State = -1, empty queue]] WARN  server.GrpcLogAppender (GrpcLogAppender.java:timeoutAppendRequest(200)) - f8d8d9c4-afe8-4cc5-8788-d0697b0baa61@group-23F4C195A245->639d7dff-6a78-4ecf-aa0a-b8a4b660182e-GrpcLogAppender: appendEntries Timeout, request=f8d8d9c4-afe8-4cc5-8788-d0697b0baa61->639d7dff-6a78-4ecf-aa0a-b8a4b660182e#138-t1, previous=(t:1, i:13), leaderCommit=10, initializing? false, entries: <empty>
2019-09-17 12:33:11,410 [java.util.concurrent.ThreadPoolExecutor$Worker@5fa0ca4a[State = -1, empty queue]] WARN  server.GrpcLogAppender (GrpcLogAppender.java:timeoutAppendRequest(200)) - f8d8d9c4-afe8-4cc5-8788-d0697b0baa61@group-23F4C195A245->8dae3b80-5600-44e3-9df5-13b3719afed7-GrpcLogAppender: appendEntries Timeout, request=f8d8d9c4-afe8-4cc5-8788-d0697b0baa61->8dae3b80-5600-44e3-9df5-13b3719afed7#138-t1, previous=(t:1, i:13), leaderCommit=10, initializing? false, entries: <empty>
2019-09-17 12:33:11,586 [org.apache.ratis.server.impl.LogAppender$AppenderDaemon$$Lambda$490/985692452@6f425e43] ERROR ratis.XceiverServerRatis (XceiverServerRatis.java:triggerPipelineClose(575)) - pipeline Action CLOSE  on pipeline PipelineID=571f8e8f-570d-4ddc-9fe4-23f4c195a245.Reason : f8d8d9c4-afe8-4cc5-8788-d0697b0baa61 has not seen follower/s 8dae3b80-5600-44e3-9df5-13b3719afed7 for 125922ms 639d7dff-6a78-4ecf-aa0a-b8a4b660182e for 125908ms
2019-09-17 12:33:11,586 [org.apache.ratis.server.impl.LogAppender$AppenderDaemon$$Lambda$490/985692452@a6f5df2] ERROR ratis.XceiverServerRatis (XceiverServerRatis.java:triggerPipelineClose(575)) - pipeline Action CLOSE  on pipeline PipelineID=571f8e8f-570d-4ddc-9fe4-23f4c195a245.Reason : f8d8d9c4-afe8-4cc5-8788-d0697b0baa61 has not seen follower/s 8dae3b80-5600-44e3-9df5-13b3719afed7 for 125922ms 639d7dff-6a78-4ecf-aa0a-b8a4b660182e for 125908ms
2019-09-17 12:33:11,976 [grpc-default-executor-0] INFO  client.GrpcClientProtocolClient (GrpcClientProtocolClient.java:onNext(264)) - client-9B4AC7B4A30D->639d7dff-6a78-4ecf-aa0a-b8a4b660182e: receive RaftClientReply:client-9B4AC7B4A30D->639d7dff-6a78-4ecf-aa0a-b8a4b660182e@group-23F4C195A245, cid=32, FAILED org.apache.ratis.protocol.NotLeaderException: Server 639d7dff-6a78-4ecf-aa0a-b8a4b660182e@group-23F4C195A245 is not the leader f8d8d9c4-afe8-4cc5-8788-d0697b0baa61:192.168.5.130:40344, logIndex=0, commits[639d7dff-6a78-4ecf-aa0a-b8a4b660182e:c10, 8dae3b80-5600-44e3-9df5-13b3719afed7:c6, f8d8d9c4-afe8-4cc5-8788-d0697b0baa61:c10]
2019-09-17 12:33:12,083 [EventQueue-PipelineActionsForPipelineActionHandler] ERROR pipeline.PipelineActionHandler (PipelineActionHandler.java:onMessage(60)) - Received pipeline action CLOSE for Pipeline[ Id: 571f8e8f-570d-4ddc-9fe4-23f4c195a245, Nodes: 639d7dff-6a78-4ecf-aa0a-b8a4b660182e{ip: 192.168.5.130, host: pr-hdds-2136-chhj8-2666454444, networkLocation: /default-rack, certSerialId: null}8dae3b80-5600-44e3-9df5-13b3719afed7{ip: 192.168.5.130, host: pr-hdds-2136-chhj8-2666454444, networkLocation: /default-rack, certSerialId: null}f8d8d9c4-afe8-4cc5-8788-d0697b0baa61{ip: 192.168.5.130, host: pr-hdds-2136-chhj8-2666454444, networkLocation: /default-rack, certSerialId: null}, Type:RATIS, Factor:THREE, State:CLOSED] from datanode f8d8d9c4-afe8-4cc5-8788-d0697b0baa61{ip: 192.168.5.130, host: pr-hdds-2136-chhj8-2666454444, networkLocation: /default-rack, certSerialId: null}. Reason : f8d8d9c4-afe8-4cc5-8788-d0697b0baa61 has not seen follower/s 8dae3b80-5600-44e3-9df5-13b3719afed7 for 125922ms 639d7dff-6a78-4ecf-aa0a-b8a4b660182e for 125908ms
2019-09-17 12:33:12,083 [EventQueue-PipelineActionsForPipelineActionHandler] INFO  pipeline.SCMPipelineManager (SCMPipelineManager.java:finalizeAndDestroyPipeline(311)) - destroying pipeline:Pipeline[ Id: 571f8e8f-570d-4ddc-9fe4-23f4c195a245, Nodes: 639d7dff-6a78-4ecf-aa0a-b8a4b660182e{ip: 192.168.5.130, host: pr-hdds-2136-chhj8-2666454444, networkLocation: /default-rack, certSerialId: null}8dae3b80-5600-44e3-9df5-13b3719afed7{ip: 192.168.5.130, host: pr-hdds-2136-chhj8-2666454444, networkLocation: /default-rack, certSerialId: null}f8d8d9c4-afe8-4cc5-8788-d0697b0baa61{ip: 192.168.5.130, host: pr-hdds-2136-chhj8-2666454444, networkLocation: /default-rack, certSerialId: null}, Type:RATIS, Factor:THREE, State:CLOSED]
2019-09-17 12:33:12,084 [java.util.concurrent.ThreadPoolExecutor$Worker@34aff09a[State = -1, empty queue]] WARN  server.GrpcLogAppender (GrpcLogAppender.java:timeoutAppendRequest(200)) - f8d8d9c4-afe8-4cc5-8788-d0697b0baa61@group-23F4C195A245->639d7dff-6a78-4ecf-aa0a-b8a4b660182e-GrpcLogAppender: appendEntries Timeout, request=f8d8d9c4-afe8-4cc5-8788-d0697b0baa61->639d7dff-6a78-4ecf-aa0a-b8a4b660182e#139-t1, previous=(t:1, i:13), leaderCommit=10, initializing? false, entries: size=1, first=(t:1, i:14), STATEMACHINELOGENTRY, client-9EAF538F1912, cid=9
2019-09-17 12:33:12,084 [java.util.concurrent.ThreadPoolExecutor$Worker@5fa0ca4a[State = -1, empty queue]] WARN  server.GrpcLogAppender (GrpcLogAppender.java:timeoutAppendRequest(200)) - f8d8d9c4-afe8-4cc5-8788-d0697b0baa61@group-23F4C195A245->8dae3b80-5600-44e3-9df5-13b3719afed7-GrpcLogAppender: appendEntries Timeout, request=f8d8d9c4-afe8-4cc5-8788-d0697b0baa61->8dae3b80-5600-44e3-9df5-13b3719afed7#139-t1, previous=(t:1, i:13), leaderCommit=10, initializing? false, entries: size=1, first=(t:1, i:14), STATEMACHINELOGENTRY, client-9EAF538F1912, cid=9
2019-09-17 12:33:14,086 [org.apache.ratis.server.impl.LogAppender$AppenderDaemon$$Lambda$490/985692452@6f425e43] ERROR ratis.XceiverServerRatis (XceiverServerRatis.java:triggerPipelineClose(575)) - pipeline Action CLOSE  on pipeline PipelineID=571f8e8f-570d-4ddc-9fe4-23f4c195a245.Reason : f8d8d9c4-afe8-4cc5-8788-d0697b0baa61 has not seen follower/s 8dae3b80-5600-44e3-9df5-13b3719afed7 for 128423ms 639d7dff-6a78-4ecf-aa0a-b8a4b660182e for 128409ms
2019-09-17 12:33:14,086 [org.apache.ratis.server.impl.LogAppender$AppenderDaemon$$Lambda$490/985692452@a6f5df2] ERROR ratis.XceiverServerRatis (XceiverServerRatis.java:triggerPipelineClose(575)) - pipeline Action CLOSE  on pipeline PipelineID=571f8e8f-570d-4ddc-9fe4-23f4c195a245.Reason : f8d8d9c4-afe8-4cc5-8788-d0697b0baa61 has not seen follower/s 8dae3b80-5600-44e3-9df5-13b3719afed7 for 128423ms 639d7dff-6a78-4ecf-aa0a-b8a4b660182e for 128409ms
2019-09-17 12:33:14,585 [java.util.concurrent.ThreadPoolExecutor$Worker@5fa0ca4a[State = -1, empty queue]] WARN  server.GrpcLogAppender (GrpcLogAppender.java:timeoutAppendRequest(200)) - f8d8d9c4-afe8-4cc5-8788-d0697b0baa61@group-23F4C195A245->8dae3b80-5600-44e3-9df5-13b3719afed7-GrpcLogAppender: appendEntries Timeout, request=f8d8d9c4-afe8-4cc5-8788-d0697b0baa61->8dae3b80-5600-44e3-9df5-13b3719afed7#140-t1, previous=(t:1, i:14), leaderCommit=10, initializing? false, entries: <empty>
2019-09-17 12:33:14,585 [java.util.concurrent.ThreadPoolExecutor$Worker@34aff09a[State = -1, empty queue]] WARN  server.GrpcLogAppender (GrpcLogAppender.java:timeoutAppendRequest(200)) - f8d8d9c4-afe8-4cc5-8788-d0697b0baa61@group-23F4C195A245->639d7dff-6a78-4ecf-aa0a-b8a4b660182e-GrpcLogAppender: appendEntries Timeout, request=f8d8d9c4-afe8-4cc5-8788-d0697b0baa61->639d7dff-6a78-4ecf-aa0a-b8a4b660182e#140-t1, previous=(t:1, i:14), leaderCommit=10, initializing? false, entries: <empty>
2019-09-17 12:33:15,086 [EventQueue-PipelineActionsForPipelineActionHandler] ERROR pipeline.PipelineActionHandler (PipelineActionHandler.java:onMessage(60)) - Received pipeline action CLOSE for Pipeline[ Id: 571f8e8f-570d-4ddc-9fe4-23f4c195a245, Nodes: 639d7dff-6a78-4ecf-aa0a-b8a4b660182e{ip: 192.168.5.130, host: pr-hdds-2136-chhj8-2666454444, networkLocation: /default-rack, certSerialId: null}8dae3b80-5600-44e3-9df5-13b3719afed7{ip: 192.168.5.130, host: pr-hdds-2136-chhj8-2666454444, networkLocation: /default-rack, certSerialId: null}f8d8d9c4-afe8-4cc5-8788-d0697b0baa61{ip: 192.168.5.130, host: pr-hdds-2136-chhj8-2666454444, networkLocation: /default-rack, certSerialId: null}, Type:RATIS, Factor:THREE, State:CLOSED] from datanode f8d8d9c4-afe8-4cc5-8788-d0697b0baa61{ip: 192.168.5.130, host: pr-hdds-2136-chhj8-2666454444, networkLocation: /default-rack, certSerialId: null}. Reason : f8d8d9c4-afe8-4cc5-8788-d0697b0baa61 has not seen follower/s 8dae3b80-5600-44e3-9df5-13b3719afed7 for 128423ms 639d7dff-6a78-4ecf-aa0a-b8a4b660182e for 128409ms
2019-09-17 12:33:15,087 [EventQueue-PipelineActionsForPipelineActionHandler] INFO  pipeline.SCMPipelineManager (SCMPipelineManager.java:finalizeAndDestroyPipeline(311)) - destroying pipeline:Pipeline[ Id: 571f8e8f-570d-4ddc-9fe4-23f4c195a245, Nodes: 639d7dff-6a78-4ecf-aa0a-b8a4b660182e{ip: 192.168.5.130, host: pr-hdds-2136-chhj8-2666454444, networkLocation: /default-rack, certSerialId: null}8dae3b80-5600-44e3-9df5-13b3719afed7{ip: 192.168.5.130, host: pr-hdds-2136-chhj8-2666454444, networkLocation: /default-rack, certSerialId: null}f8d8d9c4-afe8-4cc5-8788-d0697b0baa61{ip: 192.168.5.130, host: pr-hdds-2136-chhj8-2666454444, networkLocation: /default-rack, certSerialId: null}, Type:RATIS, Factor:THREE, State:CLOSED]
2019-09-17 12:33:15,895 [f8d8d9c4-afe8-4cc5-8788-d0697b0baa61@group-23F4C195A245-SegmentedRaftLogWorker] WARN  segmented.SegmentedRaftLogWorker (SegmentedRaftLogWorker.java:getFromFuture(90)) - Timeout 12/~
org.apache.ratis.protocol.TimeoutIOException: Timeout 10s: WriteLog:11: (t:1, i:11), STATEMACHINELOGENTRY, client-9B4AC7B4A30D, cid=32-writeStateMachineData
	at org.apache.ratis.util.IOUtils.getFromFuture(IOUtils.java:87)
	at org.apache.ratis.server.raftlog.segmented.SegmentedRaftLogWorker$StateMachineDataPolicy.getFromFuture(SegmentedRaftLogWorker.java:87)
	at org.apache.ratis.server.raftlog.segmented.SegmentedRaftLogWorker$WriteLog.execute(SegmentedRaftLogWorker.java:477)
	at org.apache.ratis.server.raftlog.segmented.SegmentedRaftLogWorker.run(SegmentedRaftLogWorker.java:289)
	at java.lang.Thread.run(Thread.java:748)
Caused by: java.util.concurrent.TimeoutException
	at java.util.concurrent.CompletableFuture.timedGet(CompletableFuture.java:1771)
	at java.util.concurrent.CompletableFuture.get(CompletableFuture.java:1915)
	at org.apache.ratis.util.IOUtils.getFromFuture(IOUtils.java:79)
	... 4 more
2019-09-17 12:33:16,066 [639d7dff-6a78-4ecf-aa0a-b8a4b660182e@group-23F4C195A245-SegmentedRaftLogWorker] WARN  segmented.SegmentedRaftLogWorker (SegmentedRaftLogWorker.java:getFromFuture(90)) - Timeout 12/~
org.apache.ratis.protocol.TimeoutIOException: Timeout 10s: WriteLog:12: (t:1, i:12), STATEMACHINELOGENTRY, client-9B4AC7B4A30D, cid=33-writeStateMachineData
	at org.apache.ratis.util.IOUtils.getFromFuture(IOUtils.java:87)
	at org.apache.ratis.server.raftlog.segmented.SegmentedRaftLogWorker$StateMachineDataPolicy.getFromFuture(SegmentedRaftLogWorker.java:87)
	at org.apache.ratis.server.raftlog.segmented.SegmentedRaftLogWorker$WriteLog.execute(SegmentedRaftLogWorker.java:477)
	at org.apache.ratis.server.raftlog.segmented.SegmentedRaftLogWorker.run(SegmentedRaftLogWorker.java:289)
	at java.lang.Thread.run(Thread.java:748)
Caused by: java.util.concurrent.TimeoutException
	at java.util.concurrent.CompletableFuture.timedGet(CompletableFuture.java:1771)
	at java.util.concurrent.CompletableFuture.get(CompletableFuture.java:1915)
	at org.apache.ratis.util.IOUtils.getFromFuture(IOUtils.java:79)
	... 4 more
2019-09-17 12:33:16,067 [8dae3b80-5600-44e3-9df5-13b3719afed7@group-23F4C195A245-SegmentedRaftLogWorker] WARN  segmented.SegmentedRaftLogWorker (SegmentedRaftLogWorker.java:getFromFuture(90)) - Timeout 12/~
org.apache.ratis.protocol.TimeoutIOException: Timeout 10s: WriteLog:12: (t:1, i:12), STATEMACHINELOGENTRY, client-9B4AC7B4A30D, cid=33-writeStateMachineData
	at org.apache.ratis.util.IOUtils.getFromFuture(IOUtils.java:87)
	at org.apache.ratis.server.raftlog.segmented.SegmentedRaftLogWorker$StateMachineDataPolicy.getFromFuture(SegmentedRaftLogWorker.java:87)
	at org.apache.ratis.server.raftlog.segmented.SegmentedRaftLogWorker$WriteLog.execute(SegmentedRaftLogWorker.java:477)
	at org.apache.ratis.server.raftlog.segmented.SegmentedRaftLogWorker.run(SegmentedRaftLogWorker.java:289)
	at java.lang.Thread.run(Thread.java:748)
Caused by: java.util.concurrent.TimeoutException
	at java.util.concurrent.CompletableFuture.timedGet(CompletableFuture.java:1771)
	at java.util.concurrent.CompletableFuture.get(CompletableFuture.java:1915)
	at org.apache.ratis.util.IOUtils.getFromFuture(IOUtils.java:79)
	... 4 more
2019-09-17 12:33:16,587 [org.apache.ratis.server.impl.LogAppender$AppenderDaemon$$Lambda$490/985692452@6f425e43] ERROR ratis.XceiverServerRatis (XceiverServerRatis.java:triggerPipelineClose(575)) - pipeline Action CLOSE  on pipeline PipelineID=571f8e8f-570d-4ddc-9fe4-23f4c195a245.Reason : f8d8d9c4-afe8-4cc5-8788-d0697b0baa61 has not seen follower/s 8dae3b80-5600-44e3-9df5-13b3719afed7 for 130924ms 639d7dff-6a78-4ecf-aa0a-b8a4b660182e for 130910ms
2019-09-17 12:33:16,587 [org.apache.ratis.server.impl.LogAppender$AppenderDaemon$$Lambda$490/985692452@a6f5df2] ERROR ratis.XceiverServerRatis (XceiverServerRatis.java:triggerPipelineClose(575)) - pipeline Action CLOSE  on pipeline PipelineID=571f8e8f-570d-4ddc-9fe4-23f4c195a245.Reason : f8d8d9c4-afe8-4cc5-8788-d0697b0baa61 has not seen follower/s 8dae3b80-5600-44e3-9df5-13b3719afed7 for 130924ms 639d7dff-6a78-4ecf-aa0a-b8a4b660182e for 130910ms
2019-09-17 12:33:17,033 [grpc-default-executor-3] INFO  client.GrpcClientProtocolClient (GrpcClientProtocolClient.java:onNext(264)) - client-9B4AC7B4A30D->8dae3b80-5600-44e3-9df5-13b3719afed7: receive RaftClientReply:client-9B4AC7B4A30D->8dae3b80-5600-44e3-9df5-13b3719afed7@group-23F4C195A245, cid=32, FAILED org.apache.ratis.protocol.NotLeaderException: Server 8dae3b80-5600-44e3-9df5-13b3719afed7@group-23F4C195A245 is not the leader f8d8d9c4-afe8-4cc5-8788-d0697b0baa61:192.168.5.130:40344, logIndex=0, commits[8dae3b80-5600-44e3-9df5-13b3719afed7:c10, 639d7dff-6a78-4ecf-aa0a-b8a4b660182e:c6, f8d8d9c4-afe8-4cc5-8788-d0697b0baa61:c10]
2019-09-17 12:33:17,083 [EventQueue-PipelineActionsForPipelineActionHandler] ERROR pipeline.PipelineActionHandler (PipelineActionHandler.java:onMessage(60)) - Received pipeline action CLOSE for Pipeline[ Id: 571f8e8f-570d-4ddc-9fe4-23f4c195a245, Nodes: 639d7dff-6a78-4ecf-aa0a-b8a4b660182e{ip: 192.168.5.130, host: pr-hdds-2136-chhj8-2666454444, networkLocation: /default-rack, certSerialId: null}8dae3b80-5600-44e3-9df5-13b3719afed7{ip: 192.168.5.130, host: pr-hdds-2136-chhj8-2666454444, networkLocation: /default-rack, certSerialId: null}f8d8d9c4-afe8-4cc5-8788-d0697b0baa61{ip: 192.168.5.130, host: pr-hdds-2136-chhj8-2666454444, networkLocation: /default-rack, certSerialId: null}, Type:RATIS, Factor:THREE, State:CLOSED] from datanode f8d8d9c4-afe8-4cc5-8788-d0697b0baa61{ip: 192.168.5.130, host: pr-hdds-2136-chhj8-2666454444, networkLocation: /default-rack, certSerialId: null}. Reason : f8d8d9c4-afe8-4cc5-8788-d0697b0baa61 has not seen follower/s 8dae3b80-5600-44e3-9df5-13b3719afed7 for 130924ms 639d7dff-6a78-4ecf-aa0a-b8a4b660182e for 130910ms
2019-09-17 12:33:17,084 [EventQueue-PipelineActionsForPipelineActionHandler] INFO  pipeline.SCMPipelineManager (SCMPipelineManager.java:finalizeAndDestroyPipeline(311)) - destroying pipeline:Pipeline[ Id: 571f8e8f-570d-4ddc-9fe4-23f4c195a245, Nodes: 639d7dff-6a78-4ecf-aa0a-b8a4b660182e{ip: 192.168.5.130, host: pr-hdds-2136-chhj8-2666454444, networkLocation: /default-rack, certSerialId: null}8dae3b80-5600-44e3-9df5-13b3719afed7{ip: 192.168.5.130, host: pr-hdds-2136-chhj8-2666454444, networkLocation: /default-rack, certSerialId: null}f8d8d9c4-afe8-4cc5-8788-d0697b0baa61{ip: 192.168.5.130, host: pr-hdds-2136-chhj8-2666454444, networkLocation: /default-rack, certSerialId: null}, Type:RATIS, Factor:THREE, State:CLOSED]
2019-09-17 12:33:17,086 [java.util.concurrent.ThreadPoolExecutor$Worker@34aff09a[State = -1, empty queue]] WARN  server.GrpcLogAppender (GrpcLogAppender.java:timeoutAppendRequest(200)) - f8d8d9c4-afe8-4cc5-8788-d0697b0baa61@group-23F4C195A245->639d7dff-6a78-4ecf-aa0a-b8a4b660182e-GrpcLogAppender: appendEntries Timeout, request=f8d8d9c4-afe8-4cc5-8788-d0697b0baa61->639d7dff-6a78-4ecf-aa0a-b8a4b660182e#141-t1, previous=(t:1, i:14), leaderCommit=10, initializing? false, entries: <empty>
2019-09-17 12:33:17,086 [java.util.concurrent.ThreadPoolExecutor$Worker@5fa0ca4a[State = -1, empty queue]] WARN  server.GrpcLogAppender (GrpcLogAppender.java:timeoutAppendRequest(200)) - f8d8d9c4-afe8-4cc5-8788-d0697b0baa61@group-23F4C195A245->8dae3b80-5600-44e3-9df5-13b3719afed7-GrpcLogAppender: appendEntries Timeout, request=f8d8d9c4-afe8-4cc5-8788-d0697b0baa61->8dae3b80-5600-44e3-9df5-13b3719afed7#141-t1, previous=(t:1, i:14), leaderCommit=10, initializing? false, entries: <empty>
2019-09-17 12:33:19,088 [org.apache.ratis.server.impl.LogAppender$AppenderDaemon$$Lambda$490/985692452@6f425e43] ERROR ratis.XceiverServerRatis (XceiverServerRatis.java:triggerPipelineClose(575)) - pipeline Action CLOSE  on pipeline PipelineID=571f8e8f-570d-4ddc-9fe4-23f4c195a245.Reason : f8d8d9c4-afe8-4cc5-8788-d0697b0baa61 has not seen follower/s 8dae3b80-5600-44e3-9df5-13b3719afed7 for 133424ms 639d7dff-6a78-4ecf-aa0a-b8a4b660182e for 133410ms
2019-09-17 12:33:19,088 [org.apache.ratis.server.impl.LogAppender$AppenderDaemon$$Lambda$490/985692452@a6f5df2] ERROR ratis.XceiverServerRatis (XceiverServerRatis.java:triggerPipelineClose(575)) - pipeline Action CLOSE  on pipeline PipelineID=571f8e8f-570d-4ddc-9fe4-23f4c195a245.Reason : f8d8d9c4-afe8-4cc5-8788-d0697b0baa61 has not seen follower/s 8dae3b80-5600-44e3-9df5-13b3719afed7 for 133424ms 639d7dff-6a78-4ecf-aa0a-b8a4b660182e for 133410ms
2019-09-17 12:33:19,587 [java.util.concurrent.ThreadPoolExecutor$Worker@34aff09a[State = -1, empty queue]] WARN  server.GrpcLogAppender (GrpcLogAppender.java:timeoutAppendRequest(200)) - f8d8d9c4-afe8-4cc5-8788-d0697b0baa61@group-23F4C195A245->639d7dff-6a78-4ecf-aa0a-b8a4b660182e-GrpcLogAppender: appendEntries Timeout, request=f8d8d9c4-afe8-4cc5-8788-d0697b0baa61->639d7dff-6a78-4ecf-aa0a-b8a4b660182e#142-t1, previous=(t:1, i:14), leaderCommit=10, initializing? false, entries: <empty>
2019-09-17 12:33:19,587 [java.util.concurrent.ThreadPoolExecutor$Worker@5fa0ca4a[State = -1, empty queue]] WARN  server.GrpcLogAppender (GrpcLogAppender.java:timeoutAppendRequest(200)) - f8d8d9c4-afe8-4cc5-8788-d0697b0baa61@group-23F4C195A245->8dae3b80-5600-44e3-9df5-13b3719afed7-GrpcLogAppender: appendEntries Timeout, request=f8d8d9c4-afe8-4cc5-8788-d0697b0baa61->8dae3b80-5600-44e3-9df5-13b3719afed7#142-t1, previous=(t:1, i:14), leaderCommit=10, initializing? false, entries: <empty>
2019-09-17 12:33:20,086 [EventQueue-PipelineActionsForPipelineActionHandler] ERROR pipeline.PipelineActionHandler (PipelineActionHandler.java:onMessage(60)) - Received pipeline action CLOSE for Pipeline[ Id: 571f8e8f-570d-4ddc-9fe4-23f4c195a245, Nodes: 639d7dff-6a78-4ecf-aa0a-b8a4b660182e{ip: 192.168.5.130, host: pr-hdds-2136-chhj8-2666454444, networkLocation: /default-rack, certSerialId: null}8dae3b80-5600-44e3-9df5-13b3719afed7{ip: 192.168.5.130, host: pr-hdds-2136-chhj8-2666454444, networkLocation: /default-rack, certSerialId: null}f8d8d9c4-afe8-4cc5-8788-d0697b0baa61{ip: 192.168.5.130, host: pr-hdds-2136-chhj8-2666454444, networkLocation: /default-rack, certSerialId: null}, Type:RATIS, Factor:THREE, State:CLOSED] from datanode f8d8d9c4-afe8-4cc5-8788-d0697b0baa61{ip: 192.168.5.130, host: pr-hdds-2136-chhj8-2666454444, networkLocation: /default-rack, certSerialId: null}. Reason : f8d8d9c4-afe8-4cc5-8788-d0697b0baa61 has not seen follower/s 8dae3b80-5600-44e3-9df5-13b3719afed7 for 133424ms 639d7dff-6a78-4ecf-aa0a-b8a4b660182e for 133410ms
2019-09-17 12:33:20,086 [EventQueue-PipelineActionsForPipelineActionHandler] INFO  pipeline.SCMPipelineManager (SCMPipelineManager.java:finalizeAndDestroyPipeline(311)) - destroying pipeline:Pipeline[ Id: 571f8e8f-570d-4ddc-9fe4-23f4c195a245, Nodes: 639d7dff-6a78-4ecf-aa0a-b8a4b660182e{ip: 192.168.5.130, host: pr-hdds-2136-chhj8-2666454444, networkLocation: /default-rack, certSerialId: null}8dae3b80-5600-44e3-9df5-13b3719afed7{ip: 192.168.5.130, host: pr-hdds-2136-chhj8-2666454444, networkLocation: /default-rack, certSerialId: null}f8d8d9c4-afe8-4cc5-8788-d0697b0baa61{ip: 192.168.5.130, host: pr-hdds-2136-chhj8-2666454444, networkLocation: /default-rack, certSerialId: null}, Type:RATIS, Factor:THREE, State:CLOSED]
2019-09-17 12:33:21,589 [org.apache.ratis.server.impl.LogAppender$AppenderDaemon$$Lambda$490/985692452@6f425e43] ERROR ratis.XceiverServerRatis (XceiverServerRatis.java:triggerPipelineClose(575)) - pipeline Action CLOSE  on pipeline PipelineID=571f8e8f-570d-4ddc-9fe4-23f4c195a245.Reason : f8d8d9c4-afe8-4cc5-8788-d0697b0baa61 has not seen follower/s 8dae3b80-5600-44e3-9df5-13b3719afed7 for 135925ms 639d7dff-6a78-4ecf-aa0a-b8a4b660182e for 135911ms
2019-09-17 12:33:21,589 [org.apache.ratis.server.impl.LogAppender$AppenderDaemon$$Lambda$490/985692452@a6f5df2] ERROR ratis.XceiverServerRatis (XceiverServerRatis.java:triggerPipelineClose(575)) - pipeline Action CLOSE  on pipeline PipelineID=571f8e8f-570d-4ddc-9fe4-23f4c195a245.Reason : f8d8d9c4-afe8-4cc5-8788-d0697b0baa61 has not seen follower/s 8dae3b80-5600-44e3-9df5-13b3719afed7 for 135925ms 639d7dff-6a78-4ecf-aa0a-b8a4b660182e for 135911ms
2019-09-17 12:33:22,081 [grpc-default-executor-0] INFO  client.GrpcClientProtocolClient (GrpcClientProtocolClient.java:onNext(264)) - client-9B4AC7B4A30D->639d7dff-6a78-4ecf-aa0a-b8a4b660182e: receive RaftClientReply:client-9B4AC7B4A30D->639d7dff-6a78-4ecf-aa0a-b8a4b660182e@group-23F4C195A245, cid=32, FAILED org.apache.ratis.protocol.NotLeaderException: Server 639d7dff-6a78-4ecf-aa0a-b8a4b660182e@group-23F4C195A245 is not the leader f8d8d9c4-afe8-4cc5-8788-d0697b0baa61:192.168.5.130:40344, logIndex=0, commits[639d7dff-6a78-4ecf-aa0a-b8a4b660182e:c10, 8dae3b80-5600-44e3-9df5-13b3719afed7:c6, f8d8d9c4-afe8-4cc5-8788-d0697b0baa61:c10]
2019-09-17 12:33:22,089 [java.util.concurrent.ThreadPoolExecutor$Worker@5fa0ca4a[State = -1, empty queue]] WARN  server.GrpcLogAppender (GrpcLogAppender.java:timeoutAppendRequest(200)) - f8d8d9c4-afe8-4cc5-8788-d0697b0baa61@group-23F4C195A245->8dae3b80-5600-44e3-9df5-13b3719afed7-GrpcLogAppender: appendEntries Timeout, request=f8d8d9c4-afe8-4cc5-8788-d0697b0baa61->8dae3b80-5600-44e3-9df5-13b3719afed7#143-t1, previous=(t:1, i:14), leaderCommit=10, initializing? false, entries: <empty>
2019-09-17 12:33:22,091 [java.util.concurrent.ThreadPoolExecutor$Worker@34aff09a[State = -1, empty queue]] WARN  server.GrpcLogAppender (GrpcLogAppender.java:timeoutAppendRequest(200)) - f8d8d9c4-afe8-4cc5-8788-d0697b0baa61@group-23F4C195A245->639d7dff-6a78-4ecf-aa0a-b8a4b660182e-GrpcLogAppender: appendEntries Timeout, request=f8d8d9c4-afe8-4cc5-8788-d0697b0baa61->639d7dff-6a78-4ecf-aa0a-b8a4b660182e#143-t1, previous=(t:1, i:14), leaderCommit=10, initializing? false, entries: <empty>
2019-09-17 12:33:22,094 [EventQueue-PipelineActionsForPipelineActionHandler] ERROR pipeline.PipelineActionHandler (PipelineActionHandler.java:onMessage(60)) - Received pipeline action CLOSE for Pipeline[ Id: 571f8e8f-570d-4ddc-9fe4-23f4c195a245, Nodes: 639d7dff-6a78-4ecf-aa0a-b8a4b660182e{ip: 192.168.5.130, host: pr-hdds-2136-chhj8-2666454444, networkLocation: /default-rack, certSerialId: null}8dae3b80-5600-44e3-9df5-13b3719afed7{ip: 192.168.5.130, host: pr-hdds-2136-chhj8-2666454444, networkLocation: /default-rack, certSerialId: null}f8d8d9c4-afe8-4cc5-8788-d0697b0baa61{ip: 192.168.5.130, host: pr-hdds-2136-chhj8-2666454444, networkLocation: /default-rack, certSerialId: null}, Type:RATIS, Factor:THREE, State:CLOSED] from datanode f8d8d9c4-afe8-4cc5-8788-d0697b0baa61{ip: 192.168.5.130, host: pr-hdds-2136-chhj8-2666454444, networkLocation: /default-rack, certSerialId: null}. Reason : f8d8d9c4-afe8-4cc5-8788-d0697b0baa61 has not seen follower/s 8dae3b80-5600-44e3-9df5-13b3719afed7 for 135925ms 639d7dff-6a78-4ecf-aa0a-b8a4b660182e for 135911ms
2019-09-17 12:33:22,094 [EventQueue-PipelineActionsForPipelineActionHandler] INFO  pipeline.SCMPipelineManager (SCMPipelineManager.java:finalizeAndDestroyPipeline(311)) - destroying pipeline:Pipeline[ Id: 571f8e8f-570d-4ddc-9fe4-23f4c195a245, Nodes: 639d7dff-6a78-4ecf-aa0a-b8a4b660182e{ip: 192.168.5.130, host: pr-hdds-2136-chhj8-2666454444, networkLocation: /default-rack, certSerialId: null}8dae3b80-5600-44e3-9df5-13b3719afed7{ip: 192.168.5.130, host: pr-hdds-2136-chhj8-2666454444, networkLocation: /default-rack, certSerialId: null}f8d8d9c4-afe8-4cc5-8788-d0697b0baa61{ip: 192.168.5.130, host: pr-hdds-2136-chhj8-2666454444, networkLocation: /default-rack, certSerialId: null}, Type:RATIS, Factor:THREE, State:CLOSED]
2019-09-17 12:33:24,090 [org.apache.ratis.server.impl.LogAppender$AppenderDaemon$$Lambda$490/985692452@a6f5df2] ERROR ratis.XceiverServerRatis (XceiverServerRatis.java:triggerPipelineClose(575)) - pipeline Action CLOSE  on pipeline PipelineID=571f8e8f-570d-4ddc-9fe4-23f4c195a245.Reason : f8d8d9c4-afe8-4cc5-8788-d0697b0baa61 has not seen follower/s 8dae3b80-5600-44e3-9df5-13b3719afed7 for 138426ms 639d7dff-6a78-4ecf-aa0a-b8a4b660182e for 138412ms
2019-09-17 12:33:24,090 [org.apache.ratis.server.impl.LogAppender$AppenderDaemon$$Lambda$490/985692452@6f425e43] ERROR ratis.XceiverServerRatis (XceiverServerRatis.java:triggerPipelineClose(575)) - pipeline Action CLOSE  on pipeline PipelineID=571f8e8f-570d-4ddc-9fe4-23f4c195a245.Reason : f8d8d9c4-afe8-4cc5-8788-d0697b0baa61 has not seen follower/s 8dae3b80-5600-44e3-9df5-13b3719afed7 for 138426ms 639d7dff-6a78-4ecf-aa0a-b8a4b660182e for 138412ms
2019-09-17 12:33:24,589 [java.util.concurrent.ThreadPoolExecutor$Worker@5fa0ca4a[State = -1, empty queue]] WARN  server.GrpcLogAppender (GrpcLogAppender.java:timeoutAppendRequest(200)) - f8d8d9c4-afe8-4cc5-8788-d0697b0baa61@group-23F4C195A245->8dae3b80-5600-44e3-9df5-13b3719afed7-GrpcLogAppender: appendEntries Timeout, request=f8d8d9c4-afe8-4cc5-8788-d0697b0baa61->8dae3b80-5600-44e3-9df5-13b3719afed7#144-t1, previous=(t:1, i:14), leaderCommit=10, initializing? false, entries: <empty>
2019-09-17 12:33:24,589 [java.util.concurrent.ThreadPoolExecutor$Worker@34aff09a[State = -1, empty queue]] WARN  server.GrpcLogAppender (GrpcLogAppender.java:timeoutAppendRequest(200)) - f8d8d9c4-afe8-4cc5-8788-d0697b0baa61@group-23F4C195A245->639d7dff-6a78-4ecf-aa0a-b8a4b660182e-GrpcLogAppender: appendEntries Timeout, request=f8d8d9c4-afe8-4cc5-8788-d0697b0baa61->639d7dff-6a78-4ecf-aa0a-b8a4b660182e#144-t1, previous=(t:1, i:14), leaderCommit=10, initializing? false, entries: <empty>
2019-09-17 12:33:25,086 [EventQueue-PipelineActionsForPipelineActionHandler] ERROR pipeline.PipelineActionHandler (PipelineActionHandler.java:onMessage(60)) - Received pipeline action CLOSE for Pipeline[ Id: 571f8e8f-570d-4ddc-9fe4-23f4c195a245, Nodes: 639d7dff-6a78-4ecf-aa0a-b8a4b660182e{ip: 192.168.5.130, host: pr-hdds-2136-chhj8-2666454444, networkLocation: /default-rack, certSerialId: null}8dae3b80-5600-44e3-9df5-13b3719afed7{ip: 192.168.5.130, host: pr-hdds-2136-chhj8-2666454444, networkLocation: /default-rack, certSerialId: null}f8d8d9c4-afe8-4cc5-8788-d0697b0baa61{ip: 192.168.5.130, host: pr-hdds-2136-chhj8-2666454444, networkLocation: /default-rack, certSerialId: null}, Type:RATIS, Factor:THREE, State:CLOSED] from datanode f8d8d9c4-afe8-4cc5-8788-d0697b0baa61{ip: 192.168.5.130, host: pr-hdds-2136-chhj8-2666454444, networkLocation: /default-rack, certSerialId: null}. Reason : f8d8d9c4-afe8-4cc5-8788-d0697b0baa61 has not seen follower/s 8dae3b80-5600-44e3-9df5-13b3719afed7 for 138426ms 639d7dff-6a78-4ecf-aa0a-b8a4b660182e for 138412ms
2019-09-17 12:33:25,087 [EventQueue-PipelineActionsForPipelineActionHandler] INFO  pipeline.SCMPipelineManager (SCMPipelineManager.java:finalizeAndDestroyPipeline(311)) - destroying pipeline:Pipeline[ Id: 571f8e8f-570d-4ddc-9fe4-23f4c195a245, Nodes: 639d7dff-6a78-4ecf-aa0a-b8a4b660182e{ip: 192.168.5.130, host: pr-hdds-2136-chhj8-2666454444, networkLocation: /default-rack, certSerialId: null}8dae3b80-5600-44e3-9df5-13b3719afed7{ip: 192.168.5.130, host: pr-hdds-2136-chhj8-2666454444, networkLocation: /default-rack, certSerialId: null}f8d8d9c4-afe8-4cc5-8788-d0697b0baa61{ip: 192.168.5.130, host: pr-hdds-2136-chhj8-2666454444, networkLocation: /default-rack, certSerialId: null}, Type:RATIS, Factor:THREE, State:CLOSED]
2019-09-17 12:33:25,896 [f8d8d9c4-afe8-4cc5-8788-d0697b0baa61@group-23F4C195A245-SegmentedRaftLogWorker] WARN  segmented.SegmentedRaftLogWorker (SegmentedRaftLogWorker.java:getFromFuture(90)) - Timeout 13/~
org.apache.ratis.protocol.TimeoutIOException: Timeout 10s: WriteLog:11: (t:1, i:11), STATEMACHINELOGENTRY, client-9B4AC7B4A30D, cid=32-writeStateMachineData
	at org.apache.ratis.util.IOUtils.getFromFuture(IOUtils.java:87)
	at org.apache.ratis.server.raftlog.segmented.SegmentedRaftLogWorker$StateMachineDataPolicy.getFromFuture(SegmentedRaftLogWorker.java:87)
	at org.apache.ratis.server.raftlog.segmented.SegmentedRaftLogWorker$WriteLog.execute(SegmentedRaftLogWorker.java:477)
	at org.apache.ratis.server.raftlog.segmented.SegmentedRaftLogWorker.run(SegmentedRaftLogWorker.java:289)
	at java.lang.Thread.run(Thread.java:748)
Caused by: java.util.concurrent.TimeoutException
	at java.util.concurrent.CompletableFuture.timedGet(CompletableFuture.java:1771)
	at java.util.concurrent.CompletableFuture.get(CompletableFuture.java:1915)
	at org.apache.ratis.util.IOUtils.getFromFuture(IOUtils.java:79)
	... 4 more
2019-09-17 12:33:26,067 [639d7dff-6a78-4ecf-aa0a-b8a4b660182e@group-23F4C195A245-SegmentedRaftLogWorker] WARN  segmented.SegmentedRaftLogWorker (SegmentedRaftLogWorker.java:getFromFuture(90)) - Timeout 13/~
org.apache.ratis.protocol.TimeoutIOException: Timeout 10s: WriteLog:12: (t:1, i:12), STATEMACHINELOGENTRY, client-9B4AC7B4A30D, cid=33-writeStateMachineData
	at org.apache.ratis.util.IOUtils.getFromFuture(IOUtils.java:87)
	at org.apache.ratis.server.raftlog.segmented.SegmentedRaftLogWorker$StateMachineDataPolicy.getFromFuture(SegmentedRaftLogWorker.java:87)
	at org.apache.ratis.server.raftlog.segmented.SegmentedRaftLogWorker$WriteLog.execute(SegmentedRaftLogWorker.java:477)
	at org.apache.ratis.server.raftlog.segmented.SegmentedRaftLogWorker.run(SegmentedRaftLogWorker.java:289)
	at java.lang.Thread.run(Thread.java:748)
Caused by: java.util.concurrent.TimeoutException
	at java.util.concurrent.CompletableFuture.timedGet(CompletableFuture.java:1771)
	at java.util.concurrent.CompletableFuture.get(CompletableFuture.java:1915)
	at org.apache.ratis.util.IOUtils.getFromFuture(IOUtils.java:79)
	... 4 more
2019-09-17 12:33:26,068 [8dae3b80-5600-44e3-9df5-13b3719afed7@group-23F4C195A245-SegmentedRaftLogWorker] WARN  segmented.SegmentedRaftLogWorker (SegmentedRaftLogWorker.java:getFromFuture(90)) - Timeout 13/~
org.apache.ratis.protocol.TimeoutIOException: Timeout 10s: WriteLog:12: (t:1, i:12), STATEMACHINELOGENTRY, client-9B4AC7B4A30D, cid=33-writeStateMachineData
	at org.apache.ratis.util.IOUtils.getFromFuture(IOUtils.java:87)
	at org.apache.ratis.server.raftlog.segmented.SegmentedRaftLogWorker$StateMachineDataPolicy.getFromFuture(SegmentedRaftLogWorker.java:87)
	at org.apache.ratis.server.raftlog.segmented.SegmentedRaftLogWorker$WriteLog.execute(SegmentedRaftLogWorker.java:477)
	at org.apache.ratis.server.raftlog.segmented.SegmentedRaftLogWorker.run(SegmentedRaftLogWorker.java:289)
	at java.lang.Thread.run(Thread.java:748)
Caused by: java.util.concurrent.TimeoutException
	at java.util.concurrent.CompletableFuture.timedGet(CompletableFuture.java:1771)
	at java.util.concurrent.CompletableFuture.get(CompletableFuture.java:1915)
	at org.apache.ratis.util.IOUtils.getFromFuture(IOUtils.java:79)
	... 4 more
2019-09-17 12:33:26,591 [org.apache.ratis.server.impl.LogAppender$AppenderDaemon$$Lambda$490/985692452@6f425e43] ERROR ratis.XceiverServerRatis (XceiverServerRatis.java:triggerPipelineClose(575)) - pipeline Action CLOSE  on pipeline PipelineID=571f8e8f-570d-4ddc-9fe4-23f4c195a245.Reason : f8d8d9c4-afe8-4cc5-8788-d0697b0baa61 has not seen follower/s 8dae3b80-5600-44e3-9df5-13b3719afed7 for 140927ms 639d7dff-6a78-4ecf-aa0a-b8a4b660182e for 140913ms
2019-09-17 12:33:26,591 [org.apache.ratis.server.impl.LogAppender$AppenderDaemon$$Lambda$490/985692452@a6f5df2] ERROR ratis.XceiverServerRatis (XceiverServerRatis.java:triggerPipelineClose(575)) - pipeline Action CLOSE  on pipeline PipelineID=571f8e8f-570d-4ddc-9fe4-23f4c195a245.Reason : f8d8d9c4-afe8-4cc5-8788-d0697b0baa61 has not seen follower/s 8dae3b80-5600-44e3-9df5-13b3719afed7 for 140927ms 639d7dff-6a78-4ecf-aa0a-b8a4b660182e for 140913ms
2019-09-17 12:33:27,087 [EventQueue-PipelineActionsForPipelineActionHandler] ERROR pipeline.PipelineActionHandler (PipelineActionHandler.java:onMessage(60)) - Received pipeline action CLOSE for Pipeline[ Id: 571f8e8f-570d-4ddc-9fe4-23f4c195a245, Nodes: 639d7dff-6a78-4ecf-aa0a-b8a4b660182e{ip: 192.168.5.130, host: pr-hdds-2136-chhj8-2666454444, networkLocation: /default-rack, certSerialId: null}8dae3b80-5600-44e3-9df5-13b3719afed7{ip: 192.168.5.130, host: pr-hdds-2136-chhj8-2666454444, networkLocation: /default-rack, certSerialId: null}f8d8d9c4-afe8-4cc5-8788-d0697b0baa61{ip: 192.168.5.130, host: pr-hdds-2136-chhj8-2666454444, networkLocation: /default-rack, certSerialId: null}, Type:RATIS, Factor:THREE, State:CLOSED] from datanode f8d8d9c4-afe8-4cc5-8788-d0697b0baa61{ip: 192.168.5.130, host: pr-hdds-2136-chhj8-2666454444, networkLocation: /default-rack, certSerialId: null}. Reason : f8d8d9c4-afe8-4cc5-8788-d0697b0baa61 has not seen follower/s 8dae3b80-5600-44e3-9df5-13b3719afed7 for 140927ms 639d7dff-6a78-4ecf-aa0a-b8a4b660182e for 140913ms
2019-09-17 12:33:27,087 [EventQueue-PipelineActionsForPipelineActionHandler] INFO  pipeline.SCMPipelineManager (SCMPipelineManager.java:finalizeAndDestroyPipeline(311)) - destroying pipeline:Pipeline[ Id: 571f8e8f-570d-4ddc-9fe4-23f4c195a245, Nodes: 639d7dff-6a78-4ecf-aa0a-b8a4b660182e{ip: 192.168.5.130, host: pr-hdds-2136-chhj8-2666454444, networkLocation: /default-rack, certSerialId: null}8dae3b80-5600-44e3-9df5-13b3719afed7{ip: 192.168.5.130, host: pr-hdds-2136-chhj8-2666454444, networkLocation: /default-rack, certSerialId: null}f8d8d9c4-afe8-4cc5-8788-d0697b0baa61{ip: 192.168.5.130, host: pr-hdds-2136-chhj8-2666454444, networkLocation: /default-rack, certSerialId: null}, Type:RATIS, Factor:THREE, State:CLOSED]
2019-09-17 12:33:27,090 [java.util.concurrent.ThreadPoolExecutor$Worker@34aff09a[State = -1, empty queue]] WARN  server.GrpcLogAppender (GrpcLogAppender.java:timeoutAppendRequest(200)) - f8d8d9c4-afe8-4cc5-8788-d0697b0baa61@group-23F4C195A245->639d7dff-6a78-4ecf-aa0a-b8a4b660182e-GrpcLogAppender: appendEntries Timeout, request=f8d8d9c4-afe8-4cc5-8788-d0697b0baa61->639d7dff-6a78-4ecf-aa0a-b8a4b660182e#145-t1, previous=(t:1, i:14), leaderCommit=10, initializing? false, entries: <empty>
2019-09-17 12:33:27,090 [java.util.concurrent.ThreadPoolExecutor$Worker@5fa0ca4a[State = -1, empty queue]] WARN  server.GrpcLogAppender (GrpcLogAppender.java:timeoutAppendRequest(200)) - f8d8d9c4-afe8-4cc5-8788-d0697b0baa61@group-23F4C195A245->8dae3b80-5600-44e3-9df5-13b3719afed7-GrpcLogAppender: appendEntries Timeout, request=f8d8d9c4-afe8-4cc5-8788-d0697b0baa61->8dae3b80-5600-44e3-9df5-13b3719afed7#145-t1, previous=(t:1, i:14), leaderCommit=10, initializing? false, entries: <empty>
2019-09-17 12:33:27,114 [grpc-default-executor-9] INFO  client.GrpcClientProtocolClient (GrpcClientProtocolClient.java:onNext(264)) - client-9B4AC7B4A30D->639d7dff-6a78-4ecf-aa0a-b8a4b660182e: receive RaftClientReply:client-9B4AC7B4A30D->639d7dff-6a78-4ecf-aa0a-b8a4b660182e@group-23F4C195A245, cid=32, FAILED org.apache.ratis.protocol.NotLeaderException: Server 639d7dff-6a78-4ecf-aa0a-b8a4b660182e@group-23F4C195A245 is not the leader f8d8d9c4-afe8-4cc5-8788-d0697b0baa61:192.168.5.130:40344, logIndex=0, commits[639d7dff-6a78-4ecf-aa0a-b8a4b660182e:c10, 8dae3b80-5600-44e3-9df5-13b3719afed7:c6, f8d8d9c4-afe8-4cc5-8788-d0697b0baa61:c10]
2019-09-17 12:33:29,092 [org.apache.ratis.server.impl.LogAppender$AppenderDaemon$$Lambda$490/985692452@a6f5df2] ERROR ratis.XceiverServerRatis (XceiverServerRatis.java:triggerPipelineClose(575)) - pipeline Action CLOSE  on pipeline PipelineID=571f8e8f-570d-4ddc-9fe4-23f4c195a245.Reason : f8d8d9c4-afe8-4cc5-8788-d0697b0baa61 has not seen follower/s 8dae3b80-5600-44e3-9df5-13b3719afed7 for 143428ms 639d7dff-6a78-4ecf-aa0a-b8a4b660182e for 143414ms
2019-09-17 12:33:29,092 [org.apache.ratis.server.impl.LogAppender$AppenderDaemon$$Lambda$490/985692452@6f425e43] ERROR ratis.XceiverServerRatis (XceiverServerRatis.java:triggerPipelineClose(575)) - pipeline Action CLOSE  on pipeline PipelineID=571f8e8f-570d-4ddc-9fe4-23f4c195a245.Reason : f8d8d9c4-afe8-4cc5-8788-d0697b0baa61 has not seen follower/s 8dae3b80-5600-44e3-9df5-13b3719afed7 for 143428ms 639d7dff-6a78-4ecf-aa0a-b8a4b660182e for 143414ms
2019-09-17 12:33:29,591 [java.util.concurrent.ThreadPoolExecutor$Worker@34aff09a[State = -1, empty queue]] WARN  server.GrpcLogAppender (GrpcLogAppender.java:timeoutAppendRequest(200)) - f8d8d9c4-afe8-4cc5-8788-d0697b0baa61@group-23F4C195A245->639d7dff-6a78-4ecf-aa0a-b8a4b660182e-GrpcLogAppender: appendEntries Timeout, request=f8d8d9c4-afe8-4cc5-8788-d0697b0baa61->639d7dff-6a78-4ecf-aa0a-b8a4b660182e#146-t1, previous=(t:1, i:14), leaderCommit=10, initializing? false, entries: <empty>
2019-09-17 12:33:29,591 [java.util.concurrent.ThreadPoolExecutor$Worker@5fa0ca4a[State = -1, empty queue]] WARN  server.GrpcLogAppender (GrpcLogAppender.java:timeoutAppendRequest(200)) - f8d8d9c4-afe8-4cc5-8788-d0697b0baa61@group-23F4C195A245->8dae3b80-5600-44e3-9df5-13b3719afed7-GrpcLogAppender: appendEntries Timeout, request=f8d8d9c4-afe8-4cc5-8788-d0697b0baa61->8dae3b80-5600-44e3-9df5-13b3719afed7#146-t1, previous=(t:1, i:14), leaderCommit=10, initializing? false, entries: <empty>
2019-09-17 12:33:30,086 [EventQueue-PipelineActionsForPipelineActionHandler] ERROR pipeline.PipelineActionHandler (PipelineActionHandler.java:onMessage(60)) - Received pipeline action CLOSE for Pipeline[ Id: 571f8e8f-570d-4ddc-9fe4-23f4c195a245, Nodes: 639d7dff-6a78-4ecf-aa0a-b8a4b660182e{ip: 192.168.5.130, host: pr-hdds-2136-chhj8-2666454444, networkLocation: /default-rack, certSerialId: null}8dae3b80-5600-44e3-9df5-13b3719afed7{ip: 192.168.5.130, host: pr-hdds-2136-chhj8-2666454444, networkLocation: /default-rack, certSerialId: null}f8d8d9c4-afe8-4cc5-8788-d0697b0baa61{ip: 192.168.5.130, host: pr-hdds-2136-chhj8-2666454444, networkLocation: /default-rack, certSerialId: null}, Type:RATIS, Factor:THREE, State:CLOSED] from datanode f8d8d9c4-afe8-4cc5-8788-d0697b0baa61{ip: 192.168.5.130, host: pr-hdds-2136-chhj8-2666454444, networkLocation: /default-rack, certSerialId: null}. Reason : f8d8d9c4-afe8-4cc5-8788-d0697b0baa61 has not seen follower/s 8dae3b80-5600-44e3-9df5-13b3719afed7 for 143428ms 639d7dff-6a78-4ecf-aa0a-b8a4b660182e for 143414ms
2019-09-17 12:33:30,086 [EventQueue-PipelineActionsForPipelineActionHandler] INFO  pipeline.SCMPipelineManager (SCMPipelineManager.java:finalizeAndDestroyPipeline(311)) - destroying pipeline:Pipeline[ Id: 571f8e8f-570d-4ddc-9fe4-23f4c195a245, Nodes: 639d7dff-6a78-4ecf-aa0a-b8a4b660182e{ip: 192.168.5.130, host: pr-hdds-2136-chhj8-2666454444, networkLocation: /default-rack, certSerialId: null}8dae3b80-5600-44e3-9df5-13b3719afed7{ip: 192.168.5.130, host: pr-hdds-2136-chhj8-2666454444, networkLocation: /default-rack, certSerialId: null}f8d8d9c4-afe8-4cc5-8788-d0697b0baa61{ip: 192.168.5.130, host: pr-hdds-2136-chhj8-2666454444, networkLocation: /default-rack, certSerialId: null}, Type:RATIS, Factor:THREE, State:CLOSED]
2019-09-17 12:33:31,593 [org.apache.ratis.server.impl.LogAppender$AppenderDaemon$$Lambda$490/985692452@6f425e43] ERROR ratis.XceiverServerRatis (XceiverServerRatis.java:triggerPipelineClose(575)) - pipeline Action CLOSE  on pipeline PipelineID=571f8e8f-570d-4ddc-9fe4-23f4c195a245.Reason : f8d8d9c4-afe8-4cc5-8788-d0697b0baa61 has not seen follower/s 8dae3b80-5600-44e3-9df5-13b3719afed7 for 145929ms 639d7dff-6a78-4ecf-aa0a-b8a4b660182e for 145915ms
2019-09-17 12:33:31,593 [org.apache.ratis.server.impl.LogAppender$AppenderDaemon$$Lambda$490/985692452@a6f5df2] ERROR ratis.XceiverServerRatis (XceiverServerRatis.java:triggerPipelineClose(575)) - pipeline Action CLOSE  on pipeline PipelineID=571f8e8f-570d-4ddc-9fe4-23f4c195a245.Reason : f8d8d9c4-afe8-4cc5-8788-d0697b0baa61 has not seen follower/s 8dae3b80-5600-44e3-9df5-13b3719afed7 for 145929ms 639d7dff-6a78-4ecf-aa0a-b8a4b660182e for 145915ms
2019-09-17 12:33:32,087 [EventQueue-PipelineActionsForPipelineActionHandler] ERROR pipeline.PipelineActionHandler (PipelineActionHandler.java:onMessage(60)) - Received pipeline action CLOSE for Pipeline[ Id: 571f8e8f-570d-4ddc-9fe4-23f4c195a245, Nodes: 639d7dff-6a78-4ecf-aa0a-b8a4b660182e{ip: 192.168.5.130, host: pr-hdds-2136-chhj8-2666454444, networkLocation: /default-rack, certSerialId: null}8dae3b80-5600-44e3-9df5-13b3719afed7{ip: 192.168.5.130, host: pr-hdds-2136-chhj8-2666454444, networkLocation: /default-rack, certSerialId: null}f8d8d9c4-afe8-4cc5-8788-d0697b0baa61{ip: 192.168.5.130, host: pr-hdds-2136-chhj8-2666454444, networkLocation: /default-rack, certSerialId: null}, Type:RATIS, Factor:THREE, State:CLOSED] from datanode f8d8d9c4-afe8-4cc5-8788-d0697b0baa61{ip: 192.168.5.130, host: pr-hdds-2136-chhj8-2666454444, networkLocation: /default-rack, certSerialId: null}. Reason : f8d8d9c4-afe8-4cc5-8788-d0697b0baa61 has not seen follower/s 8dae3b80-5600-44e3-9df5-13b3719afed7 for 145929ms 639d7dff-6a78-4ecf-aa0a-b8a4b660182e for 145915ms
2019-09-17 12:33:32,087 [EventQueue-PipelineActionsForPipelineActionHandler] INFO  pipeline.SCMPipelineManager (SCMPipelineManager.java:finalizeAndDestroyPipeline(311)) - destroying pipeline:Pipeline[ Id: 571f8e8f-570d-4ddc-9fe4-23f4c195a245, Nodes: 639d7dff-6a78-4ecf-aa0a-b8a4b660182e{ip: 192.168.5.130, host: pr-hdds-2136-chhj8-2666454444, networkLocation: /default-rack, certSerialId: null}8dae3b80-5600-44e3-9df5-13b3719afed7{ip: 192.168.5.130, host: pr-hdds-2136-chhj8-2666454444, networkLocation: /default-rack, certSerialId: null}f8d8d9c4-afe8-4cc5-8788-d0697b0baa61{ip: 192.168.5.130, host: pr-hdds-2136-chhj8-2666454444, networkLocation: /default-rack, certSerialId: null}, Type:RATIS, Factor:THREE, State:CLOSED]
2019-09-17 12:33:32,092 [java.util.concurrent.ThreadPoolExecutor$Worker@34aff09a[State = -1, empty queue]] WARN  server.GrpcLogAppender (GrpcLogAppender.java:timeoutAppendRequest(200)) - f8d8d9c4-afe8-4cc5-8788-d0697b0baa61@group-23F4C195A245->639d7dff-6a78-4ecf-aa0a-b8a4b660182e-GrpcLogAppender: appendEntries Timeout, request=f8d8d9c4-afe8-4cc5-8788-d0697b0baa61->639d7dff-6a78-4ecf-aa0a-b8a4b660182e#147-t1, previous=(t:1, i:14), leaderCommit=10, initializing? false, entries: <empty>
2019-09-17 12:33:32,092 [java.util.concurrent.ThreadPoolExecutor$Worker@5fa0ca4a[State = -1, empty queue]] WARN  server.GrpcLogAppender (GrpcLogAppender.java:timeoutAppendRequest(200)) - f8d8d9c4-afe8-4cc5-8788-d0697b0baa61@group-23F4C195A245->8dae3b80-5600-44e3-9df5-13b3719afed7-GrpcLogAppender: appendEntries Timeout, request=f8d8d9c4-afe8-4cc5-8788-d0697b0baa61->8dae3b80-5600-44e3-9df5-13b3719afed7#147-t1, previous=(t:1, i:14), leaderCommit=10, initializing? false, entries: <empty>
2019-09-17 12:33:32,175 [grpc-default-executor-0] INFO  client.GrpcClientProtocolClient (GrpcClientProtocolClient.java:onNext(264)) - client-9B4AC7B4A30D->639d7dff-6a78-4ecf-aa0a-b8a4b660182e: receive RaftClientReply:client-9B4AC7B4A30D->639d7dff-6a78-4ecf-aa0a-b8a4b660182e@group-23F4C195A245, cid=32, FAILED org.apache.ratis.protocol.NotLeaderException: Server 639d7dff-6a78-4ecf-aa0a-b8a4b660182e@group-23F4C195A245 is not the leader f8d8d9c4-afe8-4cc5-8788-d0697b0baa61:192.168.5.130:40344, logIndex=0, commits[639d7dff-6a78-4ecf-aa0a-b8a4b660182e:c10, 8dae3b80-5600-44e3-9df5-13b3719afed7:c6, f8d8d9c4-afe8-4cc5-8788-d0697b0baa61:c10]
2019-09-17 12:33:34,093 [org.apache.ratis.server.impl.LogAppender$AppenderDaemon$$Lambda$490/985692452@a6f5df2] ERROR ratis.XceiverServerRatis (XceiverServerRatis.java:triggerPipelineClose(575)) - pipeline Action CLOSE  on pipeline PipelineID=571f8e8f-570d-4ddc-9fe4-23f4c195a245.Reason : f8d8d9c4-afe8-4cc5-8788-d0697b0baa61 has not seen follower/s 8dae3b80-5600-44e3-9df5-13b3719afed7 for 148430ms 639d7dff-6a78-4ecf-aa0a-b8a4b660182e for 148416ms
2019-09-17 12:33:34,093 [org.apache.ratis.server.impl.LogAppender$AppenderDaemon$$Lambda$490/985692452@6f425e43] ERROR ratis.XceiverServerRatis (XceiverServerRatis.java:triggerPipelineClose(575)) - pipeline Action CLOSE  on pipeline PipelineID=571f8e8f-570d-4ddc-9fe4-23f4c195a245.Reason : f8d8d9c4-afe8-4cc5-8788-d0697b0baa61 has not seen follower/s 8dae3b80-5600-44e3-9df5-13b3719afed7 for 148430ms 639d7dff-6a78-4ecf-aa0a-b8a4b660182e for 148416ms
2019-09-17 12:33:34,593 [java.util.concurrent.ThreadPoolExecutor$Worker@34aff09a[State = -1, empty queue]] WARN  server.GrpcLogAppender (GrpcLogAppender.java:timeoutAppendRequest(200)) - f8d8d9c4-afe8-4cc5-8788-d0697b0baa61@group-23F4C195A245->639d7dff-6a78-4ecf-aa0a-b8a4b660182e-GrpcLogAppender: appendEntries Timeout, request=f8d8d9c4-afe8-4cc5-8788-d0697b0baa61->639d7dff-6a78-4ecf-aa0a-b8a4b660182e#148-t1, previous=(t:1, i:14), leaderCommit=10, initializing? false, entries: <empty>
2019-09-17 12:33:34,593 [java.util.concurrent.ThreadPoolExecutor$Worker@5fa0ca4a[State = -1, empty queue]] WARN  server.GrpcLogAppender (GrpcLogAppender.java:timeoutAppendRequest(200)) - f8d8d9c4-afe8-4cc5-8788-d0697b0baa61@group-23F4C195A245->8dae3b80-5600-44e3-9df5-13b3719afed7-GrpcLogAppender: appendEntries Timeout, request=f8d8d9c4-afe8-4cc5-8788-d0697b0baa61->8dae3b80-5600-44e3-9df5-13b3719afed7#148-t1, previous=(t:1, i:14), leaderCommit=10, initializing? false, entries: <empty>
2019-09-17 12:33:35,086 [EventQueue-PipelineActionsForPipelineActionHandler] ERROR pipeline.PipelineActionHandler (PipelineActionHandler.java:onMessage(60)) - Received pipeline action CLOSE for Pipeline[ Id: 571f8e8f-570d-4ddc-9fe4-23f4c195a245, Nodes: 639d7dff-6a78-4ecf-aa0a-b8a4b660182e{ip: 192.168.5.130, host: pr-hdds-2136-chhj8-2666454444, networkLocation: /default-rack, certSerialId: null}8dae3b80-5600-44e3-9df5-13b3719afed7{ip: 192.168.5.130, host: pr-hdds-2136-chhj8-2666454444, networkLocation: /default-rack, certSerialId: null}f8d8d9c4-afe8-4cc5-8788-d0697b0baa61{ip: 192.168.5.130, host: pr-hdds-2136-chhj8-2666454444, networkLocation: /default-rack, certSerialId: null}, Type:RATIS, Factor:THREE, State:CLOSED] from datanode f8d8d9c4-afe8-4cc5-8788-d0697b0baa61{ip: 192.168.5.130, host: pr-hdds-2136-chhj8-2666454444, networkLocation: /default-rack, certSerialId: null}. Reason : f8d8d9c4-afe8-4cc5-8788-d0697b0baa61 has not seen follower/s 8dae3b80-5600-44e3-9df5-13b3719afed7 for 148430ms 639d7dff-6a78-4ecf-aa0a-b8a4b660182e for 148416ms
2019-09-17 12:33:35,087 [EventQueue-PipelineActionsForPipelineActionHandler] INFO  pipeline.SCMPipelineManager (SCMPipelineManager.java:finalizeAndDestroyPipeline(311)) - destroying pipeline:Pipeline[ Id: 571f8e8f-570d-4ddc-9fe4-23f4c195a245, Nodes: 639d7dff-6a78-4ecf-aa0a-b8a4b660182e{ip: 192.168.5.130, host: pr-hdds-2136-chhj8-2666454444, networkLocation: /default-rack, certSerialId: null}8dae3b80-5600-44e3-9df5-13b3719afed7{ip: 192.168.5.130, host: pr-hdds-2136-chhj8-2666454444, networkLocation: /default-rack, certSerialId: null}f8d8d9c4-afe8-4cc5-8788-d0697b0baa61{ip: 192.168.5.130, host: pr-hdds-2136-chhj8-2666454444, networkLocation: /default-rack, certSerialId: null}, Type:RATIS, Factor:THREE, State:CLOSED]
2019-09-17 12:33:35,897 [f8d8d9c4-afe8-4cc5-8788-d0697b0baa61@group-23F4C195A245-SegmentedRaftLogWorker] WARN  segmented.SegmentedRaftLogWorker (SegmentedRaftLogWorker.java:getFromFuture(90)) - Timeout 14/~
org.apache.ratis.protocol.TimeoutIOException: Timeout 10s: WriteLog:11: (t:1, i:11), STATEMACHINELOGENTRY, client-9B4AC7B4A30D, cid=32-writeStateMachineData
	at org.apache.ratis.util.IOUtils.getFromFuture(IOUtils.java:87)
	at org.apache.ratis.server.raftlog.segmented.SegmentedRaftLogWorker$StateMachineDataPolicy.getFromFuture(SegmentedRaftLogWorker.java:87)
	at org.apache.ratis.server.raftlog.segmented.SegmentedRaftLogWorker$WriteLog.execute(SegmentedRaftLogWorker.java:477)
	at org.apache.ratis.server.raftlog.segmented.SegmentedRaftLogWorker.run(SegmentedRaftLogWorker.java:289)
	at java.lang.Thread.run(Thread.java:748)
Caused by: java.util.concurrent.TimeoutException
	at java.util.concurrent.CompletableFuture.timedGet(CompletableFuture.java:1771)
	at java.util.concurrent.CompletableFuture.get(CompletableFuture.java:1915)
	at org.apache.ratis.util.IOUtils.getFromFuture(IOUtils.java:79)
	... 4 more
2019-09-17 12:33:36,068 [639d7dff-6a78-4ecf-aa0a-b8a4b660182e@group-23F4C195A245-SegmentedRaftLogWorker] WARN  segmented.SegmentedRaftLogWorker (SegmentedRaftLogWorker.java:getFromFuture(90)) - Timeout 14/~
org.apache.ratis.protocol.TimeoutIOException: Timeout 10s: WriteLog:12: (t:1, i:12), STATEMACHINELOGENTRY, client-9B4AC7B4A30D, cid=33-writeStateMachineData
	at org.apache.ratis.util.IOUtils.getFromFuture(IOUtils.java:87)
	at org.apache.ratis.server.raftlog.segmented.SegmentedRaftLogWorker$StateMachineDataPolicy.getFromFuture(SegmentedRaftLogWorker.java:87)
	at org.apache.ratis.server.raftlog.segmented.SegmentedRaftLogWorker$WriteLog.execute(SegmentedRaftLogWorker.java:477)
	at org.apache.ratis.server.raftlog.segmented.SegmentedRaftLogWorker.run(SegmentedRaftLogWorker.java:289)
	at java.lang.Thread.run(Thread.java:748)
Caused by: java.util.concurrent.TimeoutException
	at java.util.concurrent.CompletableFuture.timedGet(CompletableFuture.java:1771)
	at java.util.concurrent.CompletableFuture.get(CompletableFuture.java:1915)
	at org.apache.ratis.util.IOUtils.getFromFuture(IOUtils.java:79)
	... 4 more
2019-09-17 12:33:36,068 [8dae3b80-5600-44e3-9df5-13b3719afed7@group-23F4C195A245-SegmentedRaftLogWorker] WARN  segmented.SegmentedRaftLogWorker (SegmentedRaftLogWorker.java:getFromFuture(90)) - Timeout 14/~
org.apache.ratis.protocol.TimeoutIOException: Timeout 10s: WriteLog:12: (t:1, i:12), STATEMACHINELOGENTRY, client-9B4AC7B4A30D, cid=33-writeStateMachineData
	at org.apache.ratis.util.IOUtils.getFromFuture(IOUtils.java:87)
	at org.apache.ratis.server.raftlog.segmented.SegmentedRaftLogWorker$StateMachineDataPolicy.getFromFuture(SegmentedRaftLogWorker.java:87)
	at org.apache.ratis.server.raftlog.segmented.SegmentedRaftLogWorker$WriteLog.execute(SegmentedRaftLogWorker.java:477)
	at org.apache.ratis.server.raftlog.segmented.SegmentedRaftLogWorker.run(SegmentedRaftLogWorker.java:289)
	at java.lang.Thread.run(Thread.java:748)
Caused by: java.util.concurrent.TimeoutException
	at java.util.concurrent.CompletableFuture.timedGet(CompletableFuture.java:1771)
	at java.util.concurrent.CompletableFuture.get(CompletableFuture.java:1915)
	at org.apache.ratis.util.IOUtils.getFromFuture(IOUtils.java:79)
	... 4 more
2019-09-17 12:33:36,595 [org.apache.ratis.server.impl.LogAppender$AppenderDaemon$$Lambda$490/985692452@a6f5df2] ERROR ratis.XceiverServerRatis (XceiverServerRatis.java:triggerPipelineClose(575)) - pipeline Action CLOSE  on pipeline PipelineID=571f8e8f-570d-4ddc-9fe4-23f4c195a245.Reason : f8d8d9c4-afe8-4cc5-8788-d0697b0baa61 has not seen follower/s 8dae3b80-5600-44e3-9df5-13b3719afed7 for 150931ms 639d7dff-6a78-4ecf-aa0a-b8a4b660182e for 150917ms
2019-09-17 12:33:36,595 [org.apache.ratis.server.impl.LogAppender$AppenderDaemon$$Lambda$490/985692452@6f425e43] ERROR ratis.XceiverServerRatis (XceiverServerRatis.java:triggerPipelineClose(575)) - pipeline Action CLOSE  on pipeline PipelineID=571f8e8f-570d-4ddc-9fe4-23f4c195a245.Reason : f8d8d9c4-afe8-4cc5-8788-d0697b0baa61 has not seen follower/s 8dae3b80-5600-44e3-9df5-13b3719afed7 for 150931ms 639d7dff-6a78-4ecf-aa0a-b8a4b660182e for 150917ms
2019-09-17 12:33:37,087 [EventQueue-PipelineActionsForPipelineActionHandler] ERROR pipeline.PipelineActionHandler (PipelineActionHandler.java:onMessage(60)) - Received pipeline action CLOSE for Pipeline[ Id: 571f8e8f-570d-4ddc-9fe4-23f4c195a245, Nodes: 639d7dff-6a78-4ecf-aa0a-b8a4b660182e{ip: 192.168.5.130, host: pr-hdds-2136-chhj8-2666454444, networkLocation: /default-rack, certSerialId: null}8dae3b80-5600-44e3-9df5-13b3719afed7{ip: 192.168.5.130, host: pr-hdds-2136-chhj8-2666454444, networkLocation: /default-rack, certSerialId: null}f8d8d9c4-afe8-4cc5-8788-d0697b0baa61{ip: 192.168.5.130, host: pr-hdds-2136-chhj8-2666454444, networkLocation: /default-rack, certSerialId: null}, Type:RATIS, Factor:THREE, State:CLOSED] from datanode f8d8d9c4-afe8-4cc5-8788-d0697b0baa61{ip: 192.168.5.130, host: pr-hdds-2136-chhj8-2666454444, networkLocation: /default-rack, certSerialId: null}. Reason : f8d8d9c4-afe8-4cc5-8788-d0697b0baa61 has not seen follower/s 8dae3b80-5600-44e3-9df5-13b3719afed7 for 150931ms 639d7dff-6a78-4ecf-aa0a-b8a4b660182e for 150917ms
2019-09-17 12:33:37,087 [EventQueue-PipelineActionsForPipelineActionHandler] INFO  pipeline.SCMPipelineManager (SCMPipelineManager.java:finalizeAndDestroyPipeline(311)) - destroying pipeline:Pipeline[ Id: 571f8e8f-570d-4ddc-9fe4-23f4c195a245, Nodes: 639d7dff-6a78-4ecf-aa0a-b8a4b660182e{ip: 192.168.5.130, host: pr-hdds-2136-chhj8-2666454444, networkLocation: /default-rack, certSerialId: null}8dae3b80-5600-44e3-9df5-13b3719afed7{ip: 192.168.5.130, host: pr-hdds-2136-chhj8-2666454444, networkLocation: /default-rack, certSerialId: null}f8d8d9c4-afe8-4cc5-8788-d0697b0baa61{ip: 192.168.5.130, host: pr-hdds-2136-chhj8-2666454444, networkLocation: /default-rack, certSerialId: null}, Type:RATIS, Factor:THREE, State:CLOSED]
2019-09-17 12:33:37,093 [java.util.concurrent.ThreadPoolExecutor$Worker@5fa0ca4a[State = -1, empty queue]] WARN  server.GrpcLogAppender (GrpcLogAppender.java:timeoutAppendRequest(200)) - f8d8d9c4-afe8-4cc5-8788-d0697b0baa61@group-23F4C195A245->8dae3b80-5600-44e3-9df5-13b3719afed7-GrpcLogAppender: appendEntries Timeout, request=f8d8d9c4-afe8-4cc5-8788-d0697b0baa61->8dae3b80-5600-44e3-9df5-13b3719afed7#149-t1, previous=(t:1, i:14), leaderCommit=10, initializing? false, entries: <empty>
2019-09-17 12:33:37,093 [java.util.concurrent.ThreadPoolExecutor$Worker@34aff09a[State = -1, empty queue]] WARN  server.GrpcLogAppender (GrpcLogAppender.java:timeoutAppendRequest(200)) - f8d8d9c4-afe8-4cc5-8788-d0697b0baa61@group-23F4C195A245->639d7dff-6a78-4ecf-aa0a-b8a4b660182e-GrpcLogAppender: appendEntries Timeout, request=f8d8d9c4-afe8-4cc5-8788-d0697b0baa61->639d7dff-6a78-4ecf-aa0a-b8a4b660182e#149-t1, previous=(t:1, i:14), leaderCommit=10, initializing? false, entries: <empty>
2019-09-17 12:33:37,225 [grpc-default-executor-0] INFO  client.GrpcClientProtocolClient (GrpcClientProtocolClient.java:onNext(264)) - client-9B4AC7B4A30D->8dae3b80-5600-44e3-9df5-13b3719afed7: receive RaftClientReply:client-9B4AC7B4A30D->8dae3b80-5600-44e3-9df5-13b3719afed7@group-23F4C195A245, cid=32, FAILED org.apache.ratis.protocol.NotLeaderException: Server 8dae3b80-5600-44e3-9df5-13b3719afed7@group-23F4C195A245 is not the leader f8d8d9c4-afe8-4cc5-8788-d0697b0baa61:192.168.5.130:40344, logIndex=0, commits[8dae3b80-5600-44e3-9df5-13b3719afed7:c10, 639d7dff-6a78-4ecf-aa0a-b8a4b660182e:c6, f8d8d9c4-afe8-4cc5-8788-d0697b0baa61:c10]
2019-09-17 12:33:39,095 [org.apache.ratis.server.impl.LogAppender$AppenderDaemon$$Lambda$490/985692452@a6f5df2] ERROR ratis.XceiverServerRatis (XceiverServerRatis.java:triggerPipelineClose(575)) - pipeline Action CLOSE  on pipeline PipelineID=571f8e8f-570d-4ddc-9fe4-23f4c195a245.Reason : f8d8d9c4-afe8-4cc5-8788-d0697b0baa61 has not seen follower/s 8dae3b80-5600-44e3-9df5-13b3719afed7 for 153431ms 639d7dff-6a78-4ecf-aa0a-b8a4b660182e for 153417ms
2019-09-17 12:33:39,095 [org.apache.ratis.server.impl.LogAppender$AppenderDaemon$$Lambda$490/985692452@6f425e43] ERROR ratis.XceiverServerRatis (XceiverServerRatis.java:triggerPipelineClose(575)) - pipeline Action CLOSE  on pipeline PipelineID=571f8e8f-570d-4ddc-9fe4-23f4c195a245.Reason : f8d8d9c4-afe8-4cc5-8788-d0697b0baa61 has not seen follower/s 8dae3b80-5600-44e3-9df5-13b3719afed7 for 153431ms 639d7dff-6a78-4ecf-aa0a-b8a4b660182e for 153417ms
2019-09-17 12:33:39,594 [java.util.concurrent.ThreadPoolExecutor$Worker@5fa0ca4a[State = -1, empty queue]] WARN  server.GrpcLogAppender (GrpcLogAppender.java:timeoutAppendRequest(200)) - f8d8d9c4-afe8-4cc5-8788-d0697b0baa61@group-23F4C195A245->8dae3b80-5600-44e3-9df5-13b3719afed7-GrpcLogAppender: appendEntries Timeout, request=f8d8d9c4-afe8-4cc5-8788-d0697b0baa61->8dae3b80-5600-44e3-9df5-13b3719afed7#150-t1, previous=(t:1, i:14), leaderCommit=10, initializing? false, entries: <empty>
2019-09-17 12:33:39,594 [java.util.concurrent.ThreadPoolExecutor$Worker@34aff09a[State = -1, empty queue]] WARN  server.GrpcLogAppender (GrpcLogAppender.java:timeoutAppendRequest(200)) - f8d8d9c4-afe8-4cc5-8788-d0697b0baa61@group-23F4C195A245->639d7dff-6a78-4ecf-aa0a-b8a4b660182e-GrpcLogAppender: appendEntries Timeout, request=f8d8d9c4-afe8-4cc5-8788-d0697b0baa61->639d7dff-6a78-4ecf-aa0a-b8a4b660182e#150-t1, previous=(t:1, i:14), leaderCommit=10, initializing? false, entries: <empty>
2019-09-17 12:33:40,089 [EventQueue-PipelineActionsForPipelineActionHandler] ERROR pipeline.PipelineActionHandler (PipelineActionHandler.java:onMessage(60)) - Received pipeline action CLOSE for Pipeline[ Id: 571f8e8f-570d-4ddc-9fe4-23f4c195a245, Nodes: 639d7dff-6a78-4ecf-aa0a-b8a4b660182e{ip: 192.168.5.130, host: pr-hdds-2136-chhj8-2666454444, networkLocation: /default-rack, certSerialId: null}8dae3b80-5600-44e3-9df5-13b3719afed7{ip: 192.168.5.130, host: pr-hdds-2136-chhj8-2666454444, networkLocation: /default-rack, certSerialId: null}f8d8d9c4-afe8-4cc5-8788-d0697b0baa61{ip: 192.168.5.130, host: pr-hdds-2136-chhj8-2666454444, networkLocation: /default-rack, certSerialId: null}, Type:RATIS, Factor:THREE, State:CLOSED] from datanode f8d8d9c4-afe8-4cc5-8788-d0697b0baa61{ip: 192.168.5.130, host: pr-hdds-2136-chhj8-2666454444, networkLocation: /default-rack, certSerialId: null}. Reason : f8d8d9c4-afe8-4cc5-8788-d0697b0baa61 has not seen follower/s 8dae3b80-5600-44e3-9df5-13b3719afed7 for 153431ms 639d7dff-6a78-4ecf-aa0a-b8a4b660182e for 153417ms
2019-09-17 12:33:40,089 [EventQueue-PipelineActionsForPipelineActionHandler] INFO  pipeline.SCMPipelineManager (SCMPipelineManager.java:finalizeAndDestroyPipeline(311)) - destroying pipeline:Pipeline[ Id: 571f8e8f-570d-4ddc-9fe4-23f4c195a245, Nodes: 639d7dff-6a78-4ecf-aa0a-b8a4b660182e{ip: 192.168.5.130, host: pr-hdds-2136-chhj8-2666454444, networkLocation: /default-rack, certSerialId: null}8dae3b80-5600-44e3-9df5-13b3719afed7{ip: 192.168.5.130, host: pr-hdds-2136-chhj8-2666454444, networkLocation: /default-rack, certSerialId: null}f8d8d9c4-afe8-4cc5-8788-d0697b0baa61{ip: 192.168.5.130, host: pr-hdds-2136-chhj8-2666454444, networkLocation: /default-rack, certSerialId: null}, Type:RATIS, Factor:THREE, State:CLOSED]
2019-09-17 12:33:41,596 [org.apache.ratis.server.impl.LogAppender$AppenderDaemon$$Lambda$490/985692452@a6f5df2] ERROR ratis.XceiverServerRatis (XceiverServerRatis.java:triggerPipelineClose(575)) - pipeline Action CLOSE  on pipeline PipelineID=571f8e8f-570d-4ddc-9fe4-23f4c195a245.Reason : f8d8d9c4-afe8-4cc5-8788-d0697b0baa61 has not seen follower/s 8dae3b80-5600-44e3-9df5-13b3719afed7 for 155932ms 639d7dff-6a78-4ecf-aa0a-b8a4b660182e for 155918ms
2019-09-17 12:33:41,596 [org.apache.ratis.server.impl.LogAppender$AppenderDaemon$$Lambda$490/985692452@6f425e43] ERROR ratis.XceiverServerRatis (XceiverServerRatis.java:triggerPipelineClose(575)) - pipeline Action CLOSE  on pipeline PipelineID=571f8e8f-570d-4ddc-9fe4-23f4c195a245.Reason : f8d8d9c4-afe8-4cc5-8788-d0697b0baa61 has not seen follower/s 8dae3b80-5600-44e3-9df5-13b3719afed7 for 155932ms 639d7dff-6a78-4ecf-aa0a-b8a4b660182e for 155918ms
2019-09-17 12:33:42,089 [EventQueue-PipelineActionsForPipelineActionHandler] ERROR pipeline.PipelineActionHandler (PipelineActionHandler.java:onMessage(60)) - Received pipeline action CLOSE for Pipeline[ Id: 571f8e8f-570d-4ddc-9fe4-23f4c195a245, Nodes: 639d7dff-6a78-4ecf-aa0a-b8a4b660182e{ip: 192.168.5.130, host: pr-hdds-2136-chhj8-2666454444, networkLocation: /default-rack, certSerialId: null}8dae3b80-5600-44e3-9df5-13b3719afed7{ip: 192.168.5.130, host: pr-hdds-2136-chhj8-2666454444, networkLocation: /default-rack, certSerialId: null}f8d8d9c4-afe8-4cc5-8788-d0697b0baa61{ip: 192.168.5.130, host: pr-hdds-2136-chhj8-2666454444, networkLocation: /default-rack, certSerialId: null}, Type:RATIS, Factor:THREE, State:CLOSED] from datanode f8d8d9c4-afe8-4cc5-8788-d0697b0baa61{ip: 192.168.5.130, host: pr-hdds-2136-chhj8-2666454444, networkLocation: /default-rack, certSerialId: null}. Reason : f8d8d9c4-afe8-4cc5-8788-d0697b0baa61 has not seen follower/s 8dae3b80-5600-44e3-9df5-13b3719afed7 for 155932ms 639d7dff-6a78-4ecf-aa0a-b8a4b660182e for 155918ms
2019-09-17 12:33:42,089 [EventQueue-PipelineActionsForPipelineActionHandler] INFO  pipeline.SCMPipelineManager (SCMPipelineManager.java:finalizeAndDestroyPipeline(311)) - destroying pipeline:Pipeline[ Id: 571f8e8f-570d-4ddc-9fe4-23f4c195a245, Nodes: 639d7dff-6a78-4ecf-aa0a-b8a4b660182e{ip: 192.168.5.130, host: pr-hdds-2136-chhj8-2666454444, networkLocation: /default-rack, certSerialId: null}8dae3b80-5600-44e3-9df5-13b3719afed7{ip: 192.168.5.130, host: pr-hdds-2136-chhj8-2666454444, networkLocation: /default-rack, certSerialId: null}f8d8d9c4-afe8-4cc5-8788-d0697b0baa61{ip: 192.168.5.130, host: pr-hdds-2136-chhj8-2666454444, networkLocation: /default-rack, certSerialId: null}, Type:RATIS, Factor:THREE, State:CLOSED]
2019-09-17 12:33:42,095 [java.util.concurrent.ThreadPoolExecutor$Worker@34aff09a[State = -1, empty queue]] WARN  server.GrpcLogAppender (GrpcLogAppender.java:timeoutAppendRequest(200)) - f8d8d9c4-afe8-4cc5-8788-d0697b0baa61@group-23F4C195A245->639d7dff-6a78-4ecf-aa0a-b8a4b660182e-GrpcLogAppender: appendEntries Timeout, request=f8d8d9c4-afe8-4cc5-8788-d0697b0baa61->639d7dff-6a78-4ecf-aa0a-b8a4b660182e#151-t1, previous=(t:1, i:14), leaderCommit=10, initializing? false, entries: <empty>
2019-09-17 12:33:42,095 [java.util.concurrent.ThreadPoolExecutor$Worker@5fa0ca4a[State = -1, empty queue]] WARN  server.GrpcLogAppender (GrpcLogAppender.java:timeoutAppendRequest(200)) - f8d8d9c4-afe8-4cc5-8788-d0697b0baa61@group-23F4C195A245->8dae3b80-5600-44e3-9df5-13b3719afed7-GrpcLogAppender: appendEntries Timeout, request=f8d8d9c4-afe8-4cc5-8788-d0697b0baa61->8dae3b80-5600-44e3-9df5-13b3719afed7#151-t1, previous=(t:1, i:14), leaderCommit=10, initializing? false, entries: <empty>
2019-09-17 12:33:42,291 [grpc-default-executor-0] INFO  client.GrpcClientProtocolClient (GrpcClientProtocolClient.java:onNext(264)) - client-9B4AC7B4A30D->639d7dff-6a78-4ecf-aa0a-b8a4b660182e: receive RaftClientReply:client-9B4AC7B4A30D->639d7dff-6a78-4ecf-aa0a-b8a4b660182e@group-23F4C195A245, cid=32, FAILED org.apache.ratis.protocol.NotLeaderException: Server 639d7dff-6a78-4ecf-aa0a-b8a4b660182e@group-23F4C195A245 is not the leader f8d8d9c4-afe8-4cc5-8788-d0697b0baa61:192.168.5.130:40344, logIndex=0, commits[639d7dff-6a78-4ecf-aa0a-b8a4b660182e:c10, 8dae3b80-5600-44e3-9df5-13b3719afed7:c6, f8d8d9c4-afe8-4cc5-8788-d0697b0baa61:c10]
2019-09-17 12:33:44,097 [org.apache.ratis.server.impl.LogAppender$AppenderDaemon$$Lambda$490/985692452@a6f5df2] ERROR ratis.XceiverServerRatis (XceiverServerRatis.java:triggerPipelineClose(575)) - pipeline Action CLOSE  on pipeline PipelineID=571f8e8f-570d-4ddc-9fe4-23f4c195a245.Reason : f8d8d9c4-afe8-4cc5-8788-d0697b0baa61 has not seen follower/s 8dae3b80-5600-44e3-9df5-13b3719afed7 for 158433ms 639d7dff-6a78-4ecf-aa0a-b8a4b660182e for 158419ms
2019-09-17 12:33:44,097 [org.apache.ratis.server.impl.LogAppender$AppenderDaemon$$Lambda$490/985692452@6f425e43] ERROR ratis.XceiverServerRatis (XceiverServerRatis.java:triggerPipelineClose(575)) - pipeline Action CLOSE  on pipeline PipelineID=571f8e8f-570d-4ddc-9fe4-23f4c195a245.Reason : f8d8d9c4-afe8-4cc5-8788-d0697b0baa61 has not seen follower/s 8dae3b80-5600-44e3-9df5-13b3719afed7 for 158433ms 639d7dff-6a78-4ecf-aa0a-b8a4b660182e for 158419ms
2019-09-17 12:33:44,595 [java.util.concurrent.ThreadPoolExecutor$Worker@5fa0ca4a[State = -1, empty queue]] WARN  server.GrpcLogAppender (GrpcLogAppender.java:timeoutAppendRequest(200)) - f8d8d9c4-afe8-4cc5-8788-d0697b0baa61@group-23F4C195A245->8dae3b80-5600-44e3-9df5-13b3719afed7-GrpcLogAppender: appendEntries Timeout, request=f8d8d9c4-afe8-4cc5-8788-d0697b0baa61->8dae3b80-5600-44e3-9df5-13b3719afed7#152-t1, previous=(t:1, i:14), leaderCommit=10, initializing? false, entries: <empty>
2019-09-17 12:33:44,596 [java.util.concurrent.ThreadPoolExecutor$Worker@34aff09a[State = -1, empty queue]] WARN  server.GrpcLogAppender (GrpcLogAppender.java:timeoutAppendRequest(200)) - f8d8d9c4-afe8-4cc5-8788-d0697b0baa61@group-23F4C195A245->639d7dff-6a78-4ecf-aa0a-b8a4b660182e-GrpcLogAppender: appendEntries Timeout, request=f8d8d9c4-afe8-4cc5-8788-d0697b0baa61->639d7dff-6a78-4ecf-aa0a-b8a4b660182e#152-t1, previous=(t:1, i:14), leaderCommit=10, initializing? false, entries: <empty>
2019-09-17 12:33:45,089 [EventQueue-PipelineActionsForPipelineActionHandler] ERROR pipeline.PipelineActionHandler (PipelineActionHandler.java:onMessage(60)) - Received pipeline action CLOSE for Pipeline[ Id: 571f8e8f-570d-4ddc-9fe4-23f4c195a245, Nodes: 639d7dff-6a78-4ecf-aa0a-b8a4b660182e{ip: 192.168.5.130, host: pr-hdds-2136-chhj8-2666454444, networkLocation: /default-rack, certSerialId: null}8dae3b80-5600-44e3-9df5-13b3719afed7{ip: 192.168.5.130, host: pr-hdds-2136-chhj8-2666454444, networkLocation: /default-rack, certSerialId: null}f8d8d9c4-afe8-4cc5-8788-d0697b0baa61{ip: 192.168.5.130, host: pr-hdds-2136-chhj8-2666454444, networkLocation: /default-rack, certSerialId: null}, Type:RATIS, Factor:THREE, State:CLOSED] from datanode f8d8d9c4-afe8-4cc5-8788-d0697b0baa61{ip: 192.168.5.130, host: pr-hdds-2136-chhj8-2666454444, networkLocation: /default-rack, certSerialId: null}. Reason : f8d8d9c4-afe8-4cc5-8788-d0697b0baa61 has not seen follower/s 8dae3b80-5600-44e3-9df5-13b3719afed7 for 158433ms 639d7dff-6a78-4ecf-aa0a-b8a4b660182e for 158419ms
2019-09-17 12:33:45,089 [EventQueue-PipelineActionsForPipelineActionHandler] INFO  pipeline.SCMPipelineManager (SCMPipelineManager.java:finalizeAndDestroyPipeline(311)) - destroying pipeline:Pipeline[ Id: 571f8e8f-570d-4ddc-9fe4-23f4c195a245, Nodes: 639d7dff-6a78-4ecf-aa0a-b8a4b660182e{ip: 192.168.5.130, host: pr-hdds-2136-chhj8-2666454444, networkLocation: /default-rack, certSerialId: null}8dae3b80-5600-44e3-9df5-13b3719afed7{ip: 192.168.5.130, host: pr-hdds-2136-chhj8-2666454444, networkLocation: /default-rack, certSerialId: null}f8d8d9c4-afe8-4cc5-8788-d0697b0baa61{ip: 192.168.5.130, host: pr-hdds-2136-chhj8-2666454444, networkLocation: /default-rack, certSerialId: null}, Type:RATIS, Factor:THREE, State:CLOSED]
2019-09-17 12:33:45,898 [f8d8d9c4-afe8-4cc5-8788-d0697b0baa61@group-23F4C195A245-SegmentedRaftLogWorker] WARN  segmented.SegmentedRaftLogWorker (SegmentedRaftLogWorker.java:getFromFuture(90)) - Timeout 15/~
org.apache.ratis.protocol.TimeoutIOException: Timeout 10s: WriteLog:11: (t:1, i:11), STATEMACHINELOGENTRY, client-9B4AC7B4A30D, cid=32-writeStateMachineData
	at org.apache.ratis.util.IOUtils.getFromFuture(IOUtils.java:87)
	at org.apache.ratis.server.raftlog.segmented.SegmentedRaftLogWorker$StateMachineDataPolicy.getFromFuture(SegmentedRaftLogWorker.java:87)
	at org.apache.ratis.server.raftlog.segmented.SegmentedRaftLogWorker$WriteLog.execute(SegmentedRaftLogWorker.java:477)
	at org.apache.ratis.server.raftlog.segmented.SegmentedRaftLogWorker.run(SegmentedRaftLogWorker.java:289)
	at java.lang.Thread.run(Thread.java:748)
Caused by: java.util.concurrent.TimeoutException
	at java.util.concurrent.CompletableFuture.timedGet(CompletableFuture.java:1771)
	at java.util.concurrent.CompletableFuture.get(CompletableFuture.java:1915)
	at org.apache.ratis.util.IOUtils.getFromFuture(IOUtils.java:79)
	... 4 more
2019-09-17 12:33:46,069 [639d7dff-6a78-4ecf-aa0a-b8a4b660182e@group-23F4C195A245-SegmentedRaftLogWorker] WARN  segmented.SegmentedRaftLogWorker (SegmentedRaftLogWorker.java:getFromFuture(90)) - Timeout 15/~
org.apache.ratis.protocol.TimeoutIOException: Timeout 10s: WriteLog:12: (t:1, i:12), STATEMACHINELOGENTRY, client-9B4AC7B4A30D, cid=33-writeStateMachineData
	at org.apache.ratis.util.IOUtils.getFromFuture(IOUtils.java:87)
	at org.apache.ratis.server.raftlog.segmented.SegmentedRaftLogWorker$StateMachineDataPolicy.getFromFuture(SegmentedRaftLogWorker.java:87)
	at org.apache.ratis.server.raftlog.segmented.SegmentedRaftLogWorker$WriteLog.execute(SegmentedRaftLogWorker.java:477)
	at org.apache.ratis.server.raftlog.segmented.SegmentedRaftLogWorker.run(SegmentedRaftLogWorker.java:289)
	at java.lang.Thread.run(Thread.java:748)
Caused by: java.util.concurrent.TimeoutException
	at java.util.concurrent.CompletableFuture.timedGet(CompletableFuture.java:1771)
	at java.util.concurrent.CompletableFuture.get(CompletableFuture.java:1915)
	at org.apache.ratis.util.IOUtils.getFromFuture(IOUtils.java:79)
	... 4 more
2019-09-17 12:33:46,089 [8dae3b80-5600-44e3-9df5-13b3719afed7@group-23F4C195A245-SegmentedRaftLogWorker] WARN  segmented.SegmentedRaftLogWorker (SegmentedRaftLogWorker.java:getFromFuture(90)) - Timeout 15/~
org.apache.ratis.protocol.TimeoutIOException: Timeout 10s: WriteLog:12: (t:1, i:12), STATEMACHINELOGENTRY, client-9B4AC7B4A30D, cid=33-writeStateMachineData
	at org.apache.ratis.util.IOUtils.getFromFuture(IOUtils.java:87)
	at org.apache.ratis.server.raftlog.segmented.SegmentedRaftLogWorker$StateMachineDataPolicy.getFromFuture(SegmentedRaftLogWorker.java:87)
	at org.apache.ratis.server.raftlog.segmented.SegmentedRaftLogWorker$WriteLog.execute(SegmentedRaftLogWorker.java:477)
	at org.apache.ratis.server.raftlog.segmented.SegmentedRaftLogWorker.run(SegmentedRaftLogWorker.java:289)
	at java.lang.Thread.run(Thread.java:748)
Caused by: java.util.concurrent.TimeoutException
	at java.util.concurrent.CompletableFuture.timedGet(CompletableFuture.java:1771)
	at java.util.concurrent.CompletableFuture.get(CompletableFuture.java:1915)
	at org.apache.ratis.util.IOUtils.getFromFuture(IOUtils.java:79)
	... 4 more
2019-09-17 12:33:46,597 [org.apache.ratis.server.impl.LogAppender$AppenderDaemon$$Lambda$490/985692452@a6f5df2] ERROR ratis.XceiverServerRatis (XceiverServerRatis.java:triggerPipelineClose(575)) - pipeline Action CLOSE  on pipeline PipelineID=571f8e8f-570d-4ddc-9fe4-23f4c195a245.Reason : f8d8d9c4-afe8-4cc5-8788-d0697b0baa61 has not seen follower/s 8dae3b80-5600-44e3-9df5-13b3719afed7 for 160934ms 639d7dff-6a78-4ecf-aa0a-b8a4b660182e for 160920ms
2019-09-17 12:33:46,597 [org.apache.ratis.server.impl.LogAppender$AppenderDaemon$$Lambda$490/985692452@6f425e43] ERROR ratis.XceiverServerRatis (XceiverServerRatis.java:triggerPipelineClose(575)) - pipeline Action CLOSE  on pipeline PipelineID=571f8e8f-570d-4ddc-9fe4-23f4c195a245.Reason : f8d8d9c4-afe8-4cc5-8788-d0697b0baa61 has not seen follower/s 8dae3b80-5600-44e3-9df5-13b3719afed7 for 160934ms 639d7dff-6a78-4ecf-aa0a-b8a4b660182e for 160920ms
2019-09-17 12:33:47,091 [EventQueue-PipelineActionsForPipelineActionHandler] ERROR pipeline.PipelineActionHandler (PipelineActionHandler.java:onMessage(60)) - Received pipeline action CLOSE for Pipeline[ Id: 571f8e8f-570d-4ddc-9fe4-23f4c195a245, Nodes: 639d7dff-6a78-4ecf-aa0a-b8a4b660182e{ip: 192.168.5.130, host: pr-hdds-2136-chhj8-2666454444, networkLocation: /default-rack, certSerialId: null}8dae3b80-5600-44e3-9df5-13b3719afed7{ip: 192.168.5.130, host: pr-hdds-2136-chhj8-2666454444, networkLocation: /default-rack, certSerialId: null}f8d8d9c4-afe8-4cc5-8788-d0697b0baa61{ip: 192.168.5.130, host: pr-hdds-2136-chhj8-2666454444, networkLocation: /default-rack, certSerialId: null}, Type:RATIS, Factor:THREE, State:CLOSED] from datanode f8d8d9c4-afe8-4cc5-8788-d0697b0baa61{ip: 192.168.5.130, host: pr-hdds-2136-chhj8-2666454444, networkLocation: /default-rack, certSerialId: null}. Reason : f8d8d9c4-afe8-4cc5-8788-d0697b0baa61 has not seen follower/s 8dae3b80-5600-44e3-9df5-13b3719afed7 for 160934ms 639d7dff-6a78-4ecf-aa0a-b8a4b660182e for 160920ms
2019-09-17 12:33:47,091 [EventQueue-PipelineActionsForPipelineActionHandler] INFO  pipeline.SCMPipelineManager (SCMPipelineManager.java:finalizeAndDestroyPipeline(311)) - destroying pipeline:Pipeline[ Id: 571f8e8f-570d-4ddc-9fe4-23f4c195a245, Nodes: 639d7dff-6a78-4ecf-aa0a-b8a4b660182e{ip: 192.168.5.130, host: pr-hdds-2136-chhj8-2666454444, networkLocation: /default-rack, certSerialId: null}8dae3b80-5600-44e3-9df5-13b3719afed7{ip: 192.168.5.130, host: pr-hdds-2136-chhj8-2666454444, networkLocation: /default-rack, certSerialId: null}f8d8d9c4-afe8-4cc5-8788-d0697b0baa61{ip: 192.168.5.130, host: pr-hdds-2136-chhj8-2666454444, networkLocation: /default-rack, certSerialId: null}, Type:RATIS, Factor:THREE, State:CLOSED]
2019-09-17 12:33:47,097 [java.util.concurrent.ThreadPoolExecutor$Worker@34aff09a[State = -1, empty queue]] WARN  server.GrpcLogAppender (GrpcLogAppender.java:timeoutAppendRequest(200)) - f8d8d9c4-afe8-4cc5-8788-d0697b0baa61@group-23F4C195A245->639d7dff-6a78-4ecf-aa0a-b8a4b660182e-GrpcLogAppender: appendEntries Timeout, request=f8d8d9c4-afe8-4cc5-8788-d0697b0baa61->639d7dff-6a78-4ecf-aa0a-b8a4b660182e#153-t1, previous=(t:1, i:14), leaderCommit=10, initializing? false, entries: <empty>
2019-09-17 12:33:47,097 [java.util.concurrent.ThreadPoolExecutor$Worker@5fa0ca4a[State = -1, empty queue]] WARN  server.GrpcLogAppender (GrpcLogAppender.java:timeoutAppendRequest(200)) - f8d8d9c4-afe8-4cc5-8788-d0697b0baa61@group-23F4C195A245->8dae3b80-5600-44e3-9df5-13b3719afed7-GrpcLogAppender: appendEntries Timeout, request=f8d8d9c4-afe8-4cc5-8788-d0697b0baa61->8dae3b80-5600-44e3-9df5-13b3719afed7#153-t1, previous=(t:1, i:14), leaderCommit=10, initializing? false, entries: <empty>
2019-09-17 12:33:47,324 [grpc-default-executor-0] INFO  client.GrpcClientProtocolClient (GrpcClientProtocolClient.java:onNext(264)) - client-9B4AC7B4A30D->8dae3b80-5600-44e3-9df5-13b3719afed7: receive RaftClientReply:client-9B4AC7B4A30D->8dae3b80-5600-44e3-9df5-13b3719afed7@group-23F4C195A245, cid=32, FAILED org.apache.ratis.protocol.NotLeaderException: Server 8dae3b80-5600-44e3-9df5-13b3719afed7@group-23F4C195A245 is not the leader f8d8d9c4-afe8-4cc5-8788-d0697b0baa61:192.168.5.130:40344, logIndex=0, commits[8dae3b80-5600-44e3-9df5-13b3719afed7:c10, 639d7dff-6a78-4ecf-aa0a-b8a4b660182e:c6, f8d8d9c4-afe8-4cc5-8788-d0697b0baa61:c10]
2019-09-17 12:33:49,098 [org.apache.ratis.server.impl.LogAppender$AppenderDaemon$$Lambda$490/985692452@6f425e43] ERROR ratis.XceiverServerRatis (XceiverServerRatis.java:triggerPipelineClose(575)) - pipeline Action CLOSE  on pipeline PipelineID=571f8e8f-570d-4ddc-9fe4-23f4c195a245.Reason : f8d8d9c4-afe8-4cc5-8788-d0697b0baa61 has not seen follower/s 8dae3b80-5600-44e3-9df5-13b3719afed7 for 163435ms 639d7dff-6a78-4ecf-aa0a-b8a4b660182e for 163421ms
2019-09-17 12:33:49,098 [org.apache.ratis.server.impl.LogAppender$AppenderDaemon$$Lambda$490/985692452@a6f5df2] ERROR ratis.XceiverServerRatis (XceiverServerRatis.java:triggerPipelineClose(575)) - pipeline Action CLOSE  on pipeline PipelineID=571f8e8f-570d-4ddc-9fe4-23f4c195a245.Reason : f8d8d9c4-afe8-4cc5-8788-d0697b0baa61 has not seen follower/s 8dae3b80-5600-44e3-9df5-13b3719afed7 for 163435ms 639d7dff-6a78-4ecf-aa0a-b8a4b660182e for 163421ms
2019-09-17 12:33:49,597 [java.util.concurrent.ThreadPoolExecutor$Worker@34aff09a[State = -1, empty queue]] WARN  server.GrpcLogAppender (GrpcLogAppender.java:timeoutAppendRequest(200)) - f8d8d9c4-afe8-4cc5-8788-d0697b0baa61@group-23F4C195A245->639d7dff-6a78-4ecf-aa0a-b8a4b660182e-GrpcLogAppender: appendEntries Timeout, request=f8d8d9c4-afe8-4cc5-8788-d0697b0baa61->639d7dff-6a78-4ecf-aa0a-b8a4b660182e#154-t1, previous=(t:1, i:14), leaderCommit=10, initializing? false, entries: <empty>
2019-09-17 12:33:49,597 [java.util.concurrent.ThreadPoolExecutor$Worker@5fa0ca4a[State = -1, empty queue]] WARN  server.GrpcLogAppender (GrpcLogAppender.java:timeoutAppendRequest(200)) - f8d8d9c4-afe8-4cc5-8788-d0697b0baa61@group-23F4C195A245->8dae3b80-5600-44e3-9df5-13b3719afed7-GrpcLogAppender: appendEntries Timeout, request=f8d8d9c4-afe8-4cc5-8788-d0697b0baa61->8dae3b80-5600-44e3-9df5-13b3719afed7#154-t1, previous=(t:1, i:14), leaderCommit=10, initializing? false, entries: <empty>
2019-09-17 12:33:50,092 [EventQueue-PipelineActionsForPipelineActionHandler] ERROR pipeline.PipelineActionHandler (PipelineActionHandler.java:onMessage(60)) - Received pipeline action CLOSE for Pipeline[ Id: 571f8e8f-570d-4ddc-9fe4-23f4c195a245, Nodes: 639d7dff-6a78-4ecf-aa0a-b8a4b660182e{ip: 192.168.5.130, host: pr-hdds-2136-chhj8-2666454444, networkLocation: /default-rack, certSerialId: null}8dae3b80-5600-44e3-9df5-13b3719afed7{ip: 192.168.5.130, host: pr-hdds-2136-chhj8-2666454444, networkLocation: /default-rack, certSerialId: null}f8d8d9c4-afe8-4cc5-8788-d0697b0baa61{ip: 192.168.5.130, host: pr-hdds-2136-chhj8-2666454444, networkLocation: /default-rack, certSerialId: null}, Type:RATIS, Factor:THREE, State:CLOSED] from datanode f8d8d9c4-afe8-4cc5-8788-d0697b0baa61{ip: 192.168.5.130, host: pr-hdds-2136-chhj8-2666454444, networkLocation: /default-rack, certSerialId: null}. Reason : f8d8d9c4-afe8-4cc5-8788-d0697b0baa61 has not seen follower/s 8dae3b80-5600-44e3-9df5-13b3719afed7 for 163435ms 639d7dff-6a78-4ecf-aa0a-b8a4b660182e for 163421ms
2019-09-17 12:33:50,092 [EventQueue-PipelineActionsForPipelineActionHandler] INFO  pipeline.SCMPipelineManager (SCMPipelineManager.java:finalizeAndDestroyPipeline(311)) - destroying pipeline:Pipeline[ Id: 571f8e8f-570d-4ddc-9fe4-23f4c195a245, Nodes: 639d7dff-6a78-4ecf-aa0a-b8a4b660182e{ip: 192.168.5.130, host: pr-hdds-2136-chhj8-2666454444, networkLocation: /default-rack, certSerialId: null}8dae3b80-5600-44e3-9df5-13b3719afed7{ip: 192.168.5.130, host: pr-hdds-2136-chhj8-2666454444, networkLocation: /default-rack, certSerialId: null}f8d8d9c4-afe8-4cc5-8788-d0697b0baa61{ip: 192.168.5.130, host: pr-hdds-2136-chhj8-2666454444, networkLocation: /default-rack, certSerialId: null}, Type:RATIS, Factor:THREE, State:CLOSED]
2019-09-17 12:33:51,600 [org.apache.ratis.server.impl.LogAppender$AppenderDaemon$$Lambda$490/985692452@6f425e43] ERROR ratis.XceiverServerRatis (XceiverServerRatis.java:triggerPipelineClose(575)) - pipeline Action CLOSE  on pipeline PipelineID=571f8e8f-570d-4ddc-9fe4-23f4c195a245.Reason : f8d8d9c4-afe8-4cc5-8788-d0697b0baa61 has not seen follower/s 8dae3b80-5600-44e3-9df5-13b3719afed7 for 165936ms 639d7dff-6a78-4ecf-aa0a-b8a4b660182e for 165922ms
2019-09-17 12:33:51,600 [org.apache.ratis.server.impl.LogAppender$AppenderDaemon$$Lambda$490/985692452@a6f5df2] ERROR ratis.XceiverServerRatis (XceiverServerRatis.java:triggerPipelineClose(575)) - pipeline Action CLOSE  on pipeline PipelineID=571f8e8f-570d-4ddc-9fe4-23f4c195a245.Reason : f8d8d9c4-afe8-4cc5-8788-d0697b0baa61 has not seen follower/s 8dae3b80-5600-44e3-9df5-13b3719afed7 for 165936ms 639d7dff-6a78-4ecf-aa0a-b8a4b660182e for 165922ms
2019-09-17 12:33:51,985 [grpc-default-executor-3] INFO  impl.RaftServerProxy (RaftServerProxy.java:addNew(89)) - f8d8d9c4-afe8-4cc5-8788-d0697b0baa61: addNew group-B7719C52C799:[8dae3b80-5600-44e3-9df5-13b3719afed7:192.168.5.130:36507, 639d7dff-6a78-4ecf-aa0a-b8a4b660182e:192.168.5.130:46697, f8d8d9c4-afe8-4cc5-8788-d0697b0baa61:192.168.5.130:40344] returns group-B7719C52C799:java.util.concurrent.CompletableFuture@1d5f21de[Not completed]
2019-09-17 12:33:51,985 [grpc-default-executor-9] INFO  impl.RaftServerProxy (RaftServerProxy.java:addNew(89)) - 8dae3b80-5600-44e3-9df5-13b3719afed7: addNew group-B7719C52C799:[8dae3b80-5600-44e3-9df5-13b3719afed7:192.168.5.130:36507, 639d7dff-6a78-4ecf-aa0a-b8a4b660182e:192.168.5.130:46697, f8d8d9c4-afe8-4cc5-8788-d0697b0baa61:192.168.5.130:40344] returns group-B7719C52C799:java.util.concurrent.CompletableFuture@5dd23503[Not completed]
2019-09-17 12:33:51,986 [grpc-default-executor-9] INFO  impl.RaftServerProxy (RaftServerProxy.java:addNew(89)) - 639d7dff-6a78-4ecf-aa0a-b8a4b660182e: addNew group-B7719C52C799:[8dae3b80-5600-44e3-9df5-13b3719afed7:192.168.5.130:36507, 639d7dff-6a78-4ecf-aa0a-b8a4b660182e:192.168.5.130:46697, f8d8d9c4-afe8-4cc5-8788-d0697b0baa61:192.168.5.130:40344] returns group-B7719C52C799:java.util.concurrent.CompletableFuture@a6b6201[Not completed]
2019-09-17 12:33:51,989 [pool-87-thread-1] INFO  impl.RaftServerImpl (RaftServerImpl.java:<init>(95)) - 8dae3b80-5600-44e3-9df5-13b3719afed7: new RaftServerImpl for group-B7719C52C799:[8dae3b80-5600-44e3-9df5-13b3719afed7:192.168.5.130:36507, 639d7dff-6a78-4ecf-aa0a-b8a4b660182e:192.168.5.130:46697, f8d8d9c4-afe8-4cc5-8788-d0697b0baa61:192.168.5.130:40344] with ContainerStateMachine:uninitialized
2019-09-17 12:33:51,989 [pool-87-thread-1] INFO  server.RaftServerConfigKeys (ConfUtils.java:logGet(43)) - raft.server.rpc.timeout.min = 5s (custom)
2019-09-17 12:33:51,989 [pool-87-thread-1] INFO  server.RaftServerConfigKeys (ConfUtils.java:logGet(43)) - raft.server.rpc.timeout.max = 5200ms (custom)
2019-09-17 12:33:51,990 [pool-87-thread-1] INFO  server.RaftServerConfigKeys (ConfUtils.java:logGet(43)) - raft.server.rpcslowness.timeout = 120s (custom)
2019-09-17 12:33:51,990 [pool-87-thread-1] INFO  server.RaftServerConfigKeys (ConfUtils.java:logGet(43)) - raft.server.sleep.deviation.threshold = 300 (default)
2019-09-17 12:33:51,990 [pool-77-thread-1] INFO  impl.RaftServerImpl (RaftServerImpl.java:<init>(95)) - f8d8d9c4-afe8-4cc5-8788-d0697b0baa61: new RaftServerImpl for group-B7719C52C799:[8dae3b80-5600-44e3-9df5-13b3719afed7:192.168.5.130:36507, 639d7dff-6a78-4ecf-aa0a-b8a4b660182e:192.168.5.130:46697, f8d8d9c4-afe8-4cc5-8788-d0697b0baa61:192.168.5.130:40344] with ContainerStateMachine:uninitialized
2019-09-17 12:33:51,990 [pool-87-thread-1] INFO  server.RaftServerConfigKeys (ConfUtils.java:logGet(43)) - raft.server.log.appender.install.snapshot.enabled = false (custom)
2019-09-17 12:33:51,990 [pool-77-thread-1] INFO  server.RaftServerConfigKeys (ConfUtils.java:logGet(43)) - raft.server.rpc.timeout.min = 5s (custom)
2019-09-17 12:33:51,990 [pool-87-thread-1] INFO  impl.RaftServerImpl (ServerState.java:<init>(103)) - 8dae3b80-5600-44e3-9df5-13b3719afed7@group-B7719C52C799: ConfigurationManager, init=-1: [8dae3b80-5600-44e3-9df5-13b3719afed7:192.168.5.130:36507, 639d7dff-6a78-4ecf-aa0a-b8a4b660182e:192.168.5.130:46697, f8d8d9c4-afe8-4cc5-8788-d0697b0baa61:192.168.5.130:40344], old=null, confs=<EMPTY_MAP>
2019-09-17 12:33:51,990 [pool-57-thread-1] INFO  impl.RaftServerImpl (RaftServerImpl.java:<init>(95)) - 639d7dff-6a78-4ecf-aa0a-b8a4b660182e: new RaftServerImpl for group-B7719C52C799:[8dae3b80-5600-44e3-9df5-13b3719afed7:192.168.5.130:36507, 639d7dff-6a78-4ecf-aa0a-b8a4b660182e:192.168.5.130:46697, f8d8d9c4-afe8-4cc5-8788-d0697b0baa61:192.168.5.130:40344] with ContainerStateMachine:uninitialized
2019-09-17 12:33:51,990 [pool-77-thread-1] INFO  server.RaftServerConfigKeys (ConfUtils.java:logGet(43)) - raft.server.rpc.timeout.max = 5200ms (custom)
2019-09-17 12:33:51,991 [pool-57-thread-1] INFO  server.RaftServerConfigKeys (ConfUtils.java:logGet(43)) - raft.server.rpc.timeout.min = 5s (custom)
2019-09-17 12:33:51,991 [pool-77-thread-1] INFO  server.RaftServerConfigKeys (ConfUtils.java:logGet(43)) - raft.server.rpcslowness.timeout = 120s (custom)
2019-09-17 12:33:51,991 [pool-87-thread-1] INFO  server.RaftServerConfigKeys (ConfUtils.java:logGet(43)) - raft.server.storage.dir = [/tmp/workdir/hadoop-ozone/integration-test/target/test-dir/MiniOzoneClusterImpl-d179b17f-26b4-4b11-871f-a9170d0e99dc/datanode-6/data/ratis] (custom)
2019-09-17 12:33:51,991 [pool-57-thread-1] INFO  server.RaftServerConfigKeys (ConfUtils.java:logGet(43)) - raft.server.rpc.timeout.max = 5200ms (custom)
2019-09-17 12:33:51,991 [pool-57-thread-1] INFO  server.RaftServerConfigKeys (ConfUtils.java:logGet(43)) - raft.server.rpcslowness.timeout = 120s (custom)
2019-09-17 12:33:51,991 [pool-77-thread-1] INFO  server.RaftServerConfigKeys (ConfUtils.java:logGet(43)) - raft.server.sleep.deviation.threshold = 300 (default)
2019-09-17 12:33:51,991 [pool-57-thread-1] INFO  server.RaftServerConfigKeys (ConfUtils.java:logGet(43)) - raft.server.sleep.deviation.threshold = 300 (default)
2019-09-17 12:33:51,991 [pool-87-thread-1] INFO  storage.RaftStorageDirectory (RaftStorageDirectory.java:analyzeStorage(246)) - The storage directory /tmp/workdir/hadoop-ozone/integration-test/target/test-dir/MiniOzoneClusterImpl-d179b17f-26b4-4b11-871f-a9170d0e99dc/datanode-6/data/ratis/e0051c73-87b5-4fb7-a05a-b7719c52c799 does not exist. Creating ...
2019-09-17 12:33:51,991 [pool-57-thread-1] INFO  server.RaftServerConfigKeys (ConfUtils.java:logGet(43)) - raft.server.log.appender.install.snapshot.enabled = false (custom)
2019-09-17 12:33:51,991 [pool-77-thread-1] INFO  server.RaftServerConfigKeys (ConfUtils.java:logGet(43)) - raft.server.log.appender.install.snapshot.enabled = false (custom)
2019-09-17 12:33:51,992 [pool-57-thread-1] INFO  impl.RaftServerImpl (ServerState.java:<init>(103)) - 639d7dff-6a78-4ecf-aa0a-b8a4b660182e@group-B7719C52C799: ConfigurationManager, init=-1: [8dae3b80-5600-44e3-9df5-13b3719afed7:192.168.5.130:36507, 639d7dff-6a78-4ecf-aa0a-b8a4b660182e:192.168.5.130:46697, f8d8d9c4-afe8-4cc5-8788-d0697b0baa61:192.168.5.130:40344], old=null, confs=<EMPTY_MAP>
2019-09-17 12:33:51,992 [pool-77-thread-1] INFO  impl.RaftServerImpl (ServerState.java:<init>(103)) - f8d8d9c4-afe8-4cc5-8788-d0697b0baa61@group-B7719C52C799: ConfigurationManager, init=-1: [8dae3b80-5600-44e3-9df5-13b3719afed7:192.168.5.130:36507, 639d7dff-6a78-4ecf-aa0a-b8a4b660182e:192.168.5.130:46697, f8d8d9c4-afe8-4cc5-8788-d0697b0baa61:192.168.5.130:40344], old=null, confs=<EMPTY_MAP>
2019-09-17 12:33:51,992 [pool-57-thread-1] INFO  server.RaftServerConfigKeys (ConfUtils.java:logGet(43)) - raft.server.storage.dir = [/tmp/workdir/hadoop-ozone/integration-test/target/test-dir/MiniOzoneClusterImpl-d179b17f-26b4-4b11-871f-a9170d0e99dc/datanode-3/data/ratis] (custom)
2019-09-17 12:33:51,992 [pool-77-thread-1] INFO  server.RaftServerConfigKeys (ConfUtils.java:logGet(43)) - raft.server.storage.dir = [/tmp/workdir/hadoop-ozone/integration-test/target/test-dir/MiniOzoneClusterImpl-d179b17f-26b4-4b11-871f-a9170d0e99dc/datanode-5/data/ratis] (custom)
2019-09-17 12:33:51,992 [pool-57-thread-1] INFO  storage.RaftStorageDirectory (RaftStorageDirectory.java:analyzeStorage(246)) - The storage directory /tmp/workdir/hadoop-ozone/integration-test/target/test-dir/MiniOzoneClusterImpl-d179b17f-26b4-4b11-871f-a9170d0e99dc/datanode-3/data/ratis/e0051c73-87b5-4fb7-a05a-b7719c52c799 does not exist. Creating ...
2019-09-17 12:33:51,993 [pool-77-thread-1] INFO  storage.RaftStorageDirectory (RaftStorageDirectory.java:analyzeStorage(246)) - The storage directory /tmp/workdir/hadoop-ozone/integration-test/target/test-dir/MiniOzoneClusterImpl-d179b17f-26b4-4b11-871f-a9170d0e99dc/datanode-5/data/ratis/e0051c73-87b5-4fb7-a05a-b7719c52c799 does not exist. Creating ...
2019-09-17 12:33:52,010 [pool-77-thread-1] INFO  storage.RaftStorageDirectory (RaftStorageDirectory.java:tryLock(328)) - Lock on /tmp/workdir/hadoop-ozone/integration-test/target/test-dir/MiniOzoneClusterImpl-d179b17f-26b4-4b11-871f-a9170d0e99dc/datanode-5/data/ratis/e0051c73-87b5-4fb7-a05a-b7719c52c799/in_use.lock acquired by nodename 1143@pr-hdds-2136-chhj8-2666454444
2019-09-17 12:33:52,010 [pool-57-thread-1] INFO  storage.RaftStorageDirectory (RaftStorageDirectory.java:tryLock(328)) - Lock on /tmp/workdir/hadoop-ozone/integration-test/target/test-dir/MiniOzoneClusterImpl-d179b17f-26b4-4b11-871f-a9170d0e99dc/datanode-3/data/ratis/e0051c73-87b5-4fb7-a05a-b7719c52c799/in_use.lock acquired by nodename 1143@pr-hdds-2136-chhj8-2666454444
2019-09-17 12:33:52,010 [pool-87-thread-1] INFO  storage.RaftStorageDirectory (RaftStorageDirectory.java:tryLock(328)) - Lock on /tmp/workdir/hadoop-ozone/integration-test/target/test-dir/MiniOzoneClusterImpl-d179b17f-26b4-4b11-871f-a9170d0e99dc/datanode-6/data/ratis/e0051c73-87b5-4fb7-a05a-b7719c52c799/in_use.lock acquired by nodename 1143@pr-hdds-2136-chhj8-2666454444
2019-09-17 12:33:52,025 [pool-87-thread-1] INFO  storage.RaftStorage (RaftStorage.java:format(72)) - Storage directory /tmp/workdir/hadoop-ozone/integration-test/target/test-dir/MiniOzoneClusterImpl-d179b17f-26b4-4b11-871f-a9170d0e99dc/datanode-6/data/ratis/e0051c73-87b5-4fb7-a05a-b7719c52c799 has been successfully formatted.
2019-09-17 12:33:52,025 [pool-77-thread-1] INFO  storage.RaftStorage (RaftStorage.java:format(72)) - Storage directory /tmp/workdir/hadoop-ozone/integration-test/target/test-dir/MiniOzoneClusterImpl-d179b17f-26b4-4b11-871f-a9170d0e99dc/datanode-5/data/ratis/e0051c73-87b5-4fb7-a05a-b7719c52c799 has been successfully formatted.
2019-09-17 12:33:52,025 [pool-57-thread-1] INFO  storage.RaftStorage (RaftStorage.java:format(72)) - Storage directory /tmp/workdir/hadoop-ozone/integration-test/target/test-dir/MiniOzoneClusterImpl-d179b17f-26b4-4b11-871f-a9170d0e99dc/datanode-3/data/ratis/e0051c73-87b5-4fb7-a05a-b7719c52c799 has been successfully formatted.
2019-09-17 12:33:52,026 [pool-77-thread-1] INFO  ratis.ContainerStateMachine (ContainerStateMachine.java:loadSnapshot(230)) - group-B7719C52C799: The snapshot info is null. Setting the last applied indexto:(t:0, i:~)
2019-09-17 12:33:52,025 [pool-87-thread-1] INFO  ratis.ContainerStateMachine (ContainerStateMachine.java:loadSnapshot(230)) - group-B7719C52C799: The snapshot info is null. Setting the last applied indexto:(t:0, i:~)
2019-09-17 12:33:52,026 [pool-57-thread-1] INFO  ratis.ContainerStateMachine (ContainerStateMachine.java:loadSnapshot(230)) - group-B7719C52C799: The snapshot info is null. Setting the last applied indexto:(t:0, i:~)
2019-09-17 12:33:52,026 [pool-77-thread-1] INFO  server.RaftServerConfigKeys (ConfUtils.java:logGet(43)) - raft.server.notification.no-leader.timeout = 120s (custom)
2019-09-17 12:33:52,026 [pool-57-thread-1] INFO  server.RaftServerConfigKeys (ConfUtils.java:logGet(43)) - raft.server.notification.no-leader.timeout = 120s (custom)
2019-09-17 12:33:52,026 [pool-87-thread-1] INFO  server.RaftServerConfigKeys (ConfUtils.java:logGet(43)) - raft.server.notification.no-leader.timeout = 120s (custom)
2019-09-17 12:33:52,026 [pool-57-thread-1] INFO  server.RaftServerConfigKeys (ConfUtils.java:logGet(43)) - raft.server.log.use.memory = false (default)
2019-09-17 12:33:52,026 [pool-77-thread-1] INFO  server.RaftServerConfigKeys (ConfUtils.java:logGet(43)) - raft.server.log.use.memory = false (default)
2019-09-17 12:33:52,027 [pool-57-thread-1] INFO  server.RaftServerConfigKeys (ConfUtils.java:logGet(43)) - raft.server.log.purge.gap = 1000000 (custom)
2019-09-17 12:33:52,026 [pool-87-thread-1] INFO  server.RaftServerConfigKeys (ConfUtils.java:logGet(43)) - raft.server.log.use.memory = false (default)
2019-09-17 12:33:52,027 [pool-57-thread-1] INFO  server.RaftServerConfigKeys (ConfUtils.java:logGet(43)) - raft.server.log.appender.buffer.byte-limit = 33554432 (custom)
2019-09-17 12:33:52,027 [pool-77-thread-1] INFO  server.RaftServerConfigKeys (ConfUtils.java:logGet(43)) - raft.server.log.purge.gap = 1000000 (custom)
2019-09-17 12:33:52,027 [pool-57-thread-1] INFO  server.RaftServerConfigKeys (ConfUtils.java:logGet(43)) - raft.server.log.segment.size.max = 1048576 (custom)
2019-09-17 12:33:52,027 [pool-87-thread-1] INFO  server.RaftServerConfigKeys (ConfUtils.java:logGet(43)) - raft.server.log.purge.gap = 1000000 (custom)
2019-09-17 12:33:52,027 [pool-57-thread-1] INFO  server.RaftServerConfigKeys (ConfUtils.java:logGet(43)) - raft.server.log.segment.cache.num.max = 2 (custom)
2019-09-17 12:33:52,027 [pool-77-thread-1] INFO  server.RaftServerConfigKeys (ConfUtils.java:logGet(43)) - raft.server.log.appender.buffer.byte-limit = 33554432 (custom)
2019-09-17 12:33:52,028 [pool-57-thread-1] INFO  segmented.SegmentedRaftLogWorker (SegmentedRaftLogWorker.java:<init>(172)) - new 639d7dff-6a78-4ecf-aa0a-b8a4b660182e@group-B7719C52C799-SegmentedRaftLogWorker for RaftStorage:Storage Directory /tmp/workdir/hadoop-ozone/integration-test/target/test-dir/MiniOzoneClusterImpl-d179b17f-26b4-4b11-871f-a9170d0e99dc/datanode-3/data/ratis/e0051c73-87b5-4fb7-a05a-b7719c52c799
2019-09-17 12:33:52,028 [pool-87-thread-1] INFO  server.RaftServerConfigKeys (ConfUtils.java:logGet(43)) - raft.server.log.appender.buffer.byte-limit = 33554432 (custom)
2019-09-17 12:33:52,028 [pool-57-thread-1] INFO  server.RaftServerConfigKeys (ConfUtils.java:logGet(43)) - raft.server.log.queue.byte-limit = 2147483647 (custom)
2019-09-17 12:33:52,028 [pool-77-thread-1] INFO  server.RaftServerConfigKeys (ConfUtils.java:logGet(43)) - raft.server.log.segment.size.max = 1048576 (custom)
2019-09-17 12:33:52,028 [pool-57-thread-1] INFO  server.RaftServerConfigKeys (ConfUtils.java:logGet(43)) - raft.server.log.queue.element-limit = 1024 (custom)
2019-09-17 12:33:52,028 [pool-87-thread-1] INFO  server.RaftServerConfigKeys (ConfUtils.java:logGet(43)) - raft.server.log.segment.size.max = 1048576 (custom)
2019-09-17 12:33:52,029 [pool-57-thread-1] INFO  server.RaftServerConfigKeys (ConfUtils.java:logGet(43)) - raft.server.log.segment.size.max = 1048576 (custom)
2019-09-17 12:33:52,028 [pool-77-thread-1] INFO  server.RaftServerConfigKeys (ConfUtils.java:logGet(43)) - raft.server.log.segment.cache.num.max = 2 (custom)
2019-09-17 12:33:52,029 [pool-57-thread-1] INFO  server.RaftServerConfigKeys (ConfUtils.java:logGet(43)) - raft.server.log.preallocated.size = 16384 (custom)
2019-09-17 12:33:52,029 [pool-87-thread-1] INFO  server.RaftServerConfigKeys (ConfUtils.java:logGet(43)) - raft.server.log.segment.cache.num.max = 2 (custom)
2019-09-17 12:33:52,029 [pool-57-thread-1] INFO  server.RaftServerConfigKeys (ConfUtils.java:logGet(43)) - raft.server.log.write.buffer.size = 33554432 (custom)
2019-09-17 12:33:52,029 [pool-77-thread-1] INFO  segmented.SegmentedRaftLogWorker (SegmentedRaftLogWorker.java:<init>(172)) - new f8d8d9c4-afe8-4cc5-8788-d0697b0baa61@group-B7719C52C799-SegmentedRaftLogWorker for RaftStorage:Storage Directory /tmp/workdir/hadoop-ozone/integration-test/target/test-dir/MiniOzoneClusterImpl-d179b17f-26b4-4b11-871f-a9170d0e99dc/datanode-5/data/ratis/e0051c73-87b5-4fb7-a05a-b7719c52c799
2019-09-17 12:33:52,029 [pool-57-thread-1] INFO  server.RaftServerConfigKeys (ConfUtils.java:logGet(43)) - raft.server.log.force.sync.num = 128 (default)
2019-09-17 12:33:52,029 [pool-87-thread-1] INFO  segmented.SegmentedRaftLogWorker (SegmentedRaftLogWorker.java:<init>(172)) - new 8dae3b80-5600-44e3-9df5-13b3719afed7@group-B7719C52C799-SegmentedRaftLogWorker for RaftStorage:Storage Directory /tmp/workdir/hadoop-ozone/integration-test/target/test-dir/MiniOzoneClusterImpl-d179b17f-26b4-4b11-871f-a9170d0e99dc/datanode-6/data/ratis/e0051c73-87b5-4fb7-a05a-b7719c52c799
2019-09-17 12:33:52,030 [pool-57-thread-1] INFO  server.RaftServerConfigKeys (ConfUtils.java:logGet(43)) - raft.server.log.statemachine.data.sync = true (default)
2019-09-17 12:33:52,030 [pool-77-thread-1] INFO  server.RaftServerConfigKeys (ConfUtils.java:logGet(43)) - raft.server.log.queue.byte-limit = 2147483647 (custom)
2019-09-17 12:33:52,030 [pool-57-thread-1] INFO  server.RaftServerConfigKeys (ConfUtils.java:logGet(43)) - raft.server.log.statemachine.data.sync.timeout = 10s (default)
2019-09-17 12:33:52,030 [pool-87-thread-1] INFO  server.RaftServerConfigKeys (ConfUtils.java:logGet(43)) - raft.server.log.queue.byte-limit = 2147483647 (custom)
2019-09-17 12:33:52,030 [pool-57-thread-1] INFO  server.RaftServerConfigKeys (ConfUtils.java:logGet(43)) - raft.server.log.statemachine.data.sync.timeout.retry = -1 (default)
2019-09-17 12:33:52,030 [pool-77-thread-1] INFO  server.RaftServerConfigKeys (ConfUtils.java:logGet(43)) - raft.server.log.queue.element-limit = 1024 (custom)
2019-09-17 12:33:52,031 [pool-57-thread-1] INFO  server.RaftServerConfigKeys (ConfUtils.java:logGet(43)) - raft.server.log.statemachine.data.caching.enabled = true (custom)
2019-09-17 12:33:52,030 [pool-87-thread-1] INFO  server.RaftServerConfigKeys (ConfUtils.java:logGet(43)) - raft.server.log.queue.element-limit = 1024 (custom)
2019-09-17 12:33:52,031 [pool-77-thread-1] INFO  server.RaftServerConfigKeys (ConfUtils.java:logGet(43)) - raft.server.log.segment.size.max = 1048576 (custom)
2019-09-17 12:33:52,031 [pool-87-thread-1] INFO  server.RaftServerConfigKeys (ConfUtils.java:logGet(43)) - raft.server.log.segment.size.max = 1048576 (custom)
2019-09-17 12:33:52,031 [pool-57-thread-1] INFO  segmented.SegmentedRaftLogWorker (SegmentedRaftLogWorker.java:lambda$new$0(132)) - 639d7dff-6a78-4ecf-aa0a-b8a4b660182e@group-B7719C52C799-SegmentedRaftLogWorker: flushIndex: setUnconditionally 0 -> -1
2019-09-17 12:33:52,031 [pool-77-thread-1] INFO  server.RaftServerConfigKeys (ConfUtils.java:logGet(43)) - raft.server.log.preallocated.size = 16384 (custom)
2019-09-17 12:33:52,031 [pool-77-thread-1] INFO  server.RaftServerConfigKeys (ConfUtils.java:logGet(43)) - raft.server.log.write.buffer.size = 33554432 (custom)
2019-09-17 12:33:52,031 [pool-87-thread-1] INFO  server.RaftServerConfigKeys (ConfUtils.java:logGet(43)) - raft.server.log.preallocated.size = 16384 (custom)
2019-09-17 12:33:52,032 [pool-57-thread-1] INFO  server.RaftServerConfigKeys (ConfUtils.java:logGet(43)) - raft.server.snapshot.auto.trigger.enabled = true (custom)
2019-09-17 12:33:52,032 [pool-77-thread-1] INFO  server.RaftServerConfigKeys (ConfUtils.java:logGet(43)) - raft.server.log.force.sync.num = 128 (default)
2019-09-17 12:33:52,032 [pool-57-thread-1] INFO  server.RaftServerConfigKeys (ConfUtils.java:logGet(43)) - raft.server.snapshot.auto.trigger.threshold = 10000 (custom)
2019-09-17 12:33:52,032 [pool-87-thread-1] INFO  server.RaftServerConfigKeys (ConfUtils.java:logGet(43)) - raft.server.log.write.buffer.size = 33554432 (custom)
2019-09-17 12:33:52,032 [pool-57-thread-1] INFO  server.RaftServerConfigKeys (ConfUtils.java:logGet(43)) - raft.server.snapshot.retention.num.files = 5 (custom)
2019-09-17 12:33:52,032 [pool-77-thread-1] INFO  server.RaftServerConfigKeys (ConfUtils.java:logGet(43)) - raft.server.log.statemachine.data.sync = true (default)
2019-09-17 12:33:52,033 [pool-57-thread-1] INFO  server.RaftServerConfigKeys (ConfUtils.java:logGet(43)) - raft.server.retrycache.expirytime = 600000ms (custom)
2019-09-17 12:33:52,032 [pool-87-thread-1] INFO  server.RaftServerConfigKeys (ConfUtils.java:logGet(43)) - raft.server.log.force.sync.num = 128 (default)
2019-09-17 12:33:52,033 [pool-77-thread-1] INFO  server.RaftServerConfigKeys (ConfUtils.java:logGet(43)) - raft.server.log.statemachine.data.sync.timeout = 10s (default)
2019-09-17 12:33:52,033 [pool-87-thread-1] INFO  server.RaftServerConfigKeys (ConfUtils.java:logGet(43)) - raft.server.log.statemachine.data.sync = true (default)
2019-09-17 12:33:52,033 [pool-77-thread-1] INFO  server.RaftServerConfigKeys (ConfUtils.java:logGet(43)) - raft.server.log.statemachine.data.sync.timeout.retry = -1 (default)
2019-09-17 12:33:52,033 [pool-87-thread-1] INFO  server.RaftServerConfigKeys (ConfUtils.java:logGet(43)) - raft.server.log.statemachine.data.sync.timeout = 10s (default)
2019-09-17 12:33:52,033 [pool-77-thread-1] INFO  server.RaftServerConfigKeys (ConfUtils.java:logGet(43)) - raft.server.log.statemachine.data.caching.enabled = true (custom)
2019-09-17 12:33:52,033 [pool-87-thread-1] INFO  server.RaftServerConfigKeys (ConfUtils.java:logGet(43)) - raft.server.log.statemachine.data.sync.timeout.retry = -1 (default)
2019-09-17 12:33:52,034 [pool-87-thread-1] INFO  server.RaftServerConfigKeys (ConfUtils.java:logGet(43)) - raft.server.log.statemachine.data.caching.enabled = true (custom)
2019-09-17 12:33:52,034 [pool-77-thread-1] INFO  segmented.SegmentedRaftLogWorker (SegmentedRaftLogWorker.java:lambda$new$0(132)) - f8d8d9c4-afe8-4cc5-8788-d0697b0baa61@group-B7719C52C799-SegmentedRaftLogWorker: flushIndex: setUnconditionally 0 -> -1
2019-09-17 12:33:52,034 [pool-87-thread-1] INFO  segmented.SegmentedRaftLogWorker (SegmentedRaftLogWorker.java:lambda$new$0(132)) - 8dae3b80-5600-44e3-9df5-13b3719afed7@group-B7719C52C799-SegmentedRaftLogWorker: flushIndex: setUnconditionally 0 -> -1
2019-09-17 12:33:52,034 [pool-77-thread-1] INFO  server.RaftServerConfigKeys (ConfUtils.java:logGet(43)) - raft.server.snapshot.auto.trigger.enabled = true (custom)
2019-09-17 12:33:52,034 [pool-77-thread-1] INFO  server.RaftServerConfigKeys (ConfUtils.java:logGet(43)) - raft.server.snapshot.auto.trigger.threshold = 10000 (custom)
2019-09-17 12:33:52,034 [pool-87-thread-1] INFO  server.RaftServerConfigKeys (ConfUtils.java:logGet(43)) - raft.server.snapshot.auto.trigger.enabled = true (custom)
2019-09-17 12:33:52,034 [pool-77-thread-1] INFO  server.RaftServerConfigKeys (ConfUtils.java:logGet(43)) - raft.server.snapshot.retention.num.files = 5 (custom)
2019-09-17 12:33:52,034 [pool-87-thread-1] INFO  server.RaftServerConfigKeys (ConfUtils.java:logGet(43)) - raft.server.snapshot.auto.trigger.threshold = 10000 (custom)
2019-09-17 12:33:52,034 [pool-77-thread-1] INFO  server.RaftServerConfigKeys (ConfUtils.java:logGet(43)) - raft.server.retrycache.expirytime = 600000ms (custom)
2019-09-17 12:33:52,035 [pool-87-thread-1] INFO  server.RaftServerConfigKeys (ConfUtils.java:logGet(43)) - raft.server.snapshot.retention.num.files = 5 (custom)
2019-09-17 12:33:52,035 [pool-87-thread-1] INFO  server.RaftServerConfigKeys (ConfUtils.java:logGet(43)) - raft.server.retrycache.expirytime = 600000ms (custom)
2019-09-17 12:33:52,038 [pool-57-thread-1] INFO  impl.RaftServerImpl (RaftServerImpl.java:start(185)) - 639d7dff-6a78-4ecf-aa0a-b8a4b660182e@group-B7719C52C799: start as a follower, conf=-1: [8dae3b80-5600-44e3-9df5-13b3719afed7:192.168.5.130:36507, 639d7dff-6a78-4ecf-aa0a-b8a4b660182e:192.168.5.130:46697, f8d8d9c4-afe8-4cc5-8788-d0697b0baa61:192.168.5.130:40344], old=null
2019-09-17 12:33:52,038 [pool-57-thread-1] INFO  impl.RaftServerImpl (RaftServerImpl.java:setRole(174)) - 639d7dff-6a78-4ecf-aa0a-b8a4b660182e@group-B7719C52C799: changes role from      null to FOLLOWER at term 0 for startAsFollower
2019-09-17 12:33:52,039 [pool-57-thread-1] INFO  impl.RoleInfo (RoleInfo.java:updateAndGet(143)) - 639d7dff-6a78-4ecf-aa0a-b8a4b660182e: start FollowerState
2019-09-17 12:33:52,039 [pool-77-thread-1] INFO  impl.RaftServerImpl (RaftServerImpl.java:start(185)) - f8d8d9c4-afe8-4cc5-8788-d0697b0baa61@group-B7719C52C799: start as a follower, conf=-1: [8dae3b80-5600-44e3-9df5-13b3719afed7:192.168.5.130:36507, 639d7dff-6a78-4ecf-aa0a-b8a4b660182e:192.168.5.130:46697, f8d8d9c4-afe8-4cc5-8788-d0697b0baa61:192.168.5.130:40344], old=null
2019-09-17 12:33:52,039 [pool-87-thread-1] INFO  impl.RaftServerImpl (RaftServerImpl.java:start(185)) - 8dae3b80-5600-44e3-9df5-13b3719afed7@group-B7719C52C799: start as a follower, conf=-1: [8dae3b80-5600-44e3-9df5-13b3719afed7:192.168.5.130:36507, 639d7dff-6a78-4ecf-aa0a-b8a4b660182e:192.168.5.130:46697, f8d8d9c4-afe8-4cc5-8788-d0697b0baa61:192.168.5.130:40344], old=null
2019-09-17 12:33:52,039 [pool-77-thread-1] INFO  impl.RaftServerImpl (RaftServerImpl.java:setRole(174)) - f8d8d9c4-afe8-4cc5-8788-d0697b0baa61@group-B7719C52C799: changes role from      null to FOLLOWER at term 0 for startAsFollower
2019-09-17 12:33:52,039 [pool-87-thread-1] INFO  impl.RaftServerImpl (RaftServerImpl.java:setRole(174)) - 8dae3b80-5600-44e3-9df5-13b3719afed7@group-B7719C52C799: changes role from      null to FOLLOWER at term 0 for startAsFollower
2019-09-17 12:33:52,039 [pool-77-thread-1] INFO  impl.RoleInfo (RoleInfo.java:updateAndGet(143)) - f8d8d9c4-afe8-4cc5-8788-d0697b0baa61: start FollowerState
2019-09-17 12:33:52,039 [pool-57-thread-1] INFO  util.JmxRegister (JmxRegister.java:tryRegister(44)) - Successfully registered JMX Bean with object name Ratis:service=RaftServer,group=group-B7719C52C799,id=639d7dff-6a78-4ecf-aa0a-b8a4b660182e
2019-09-17 12:33:52,039 [pool-87-thread-1] INFO  impl.RoleInfo (RoleInfo.java:updateAndGet(143)) - 8dae3b80-5600-44e3-9df5-13b3719afed7: start FollowerState
2019-09-17 12:33:52,040 [pool-77-thread-1] INFO  util.JmxRegister (JmxRegister.java:tryRegister(44)) - Successfully registered JMX Bean with object name Ratis:service=RaftServer,group=group-B7719C52C799,id=f8d8d9c4-afe8-4cc5-8788-d0697b0baa61
2019-09-17 12:33:52,040 [pool-87-thread-1] INFO  util.JmxRegister (JmxRegister.java:tryRegister(44)) - Successfully registered JMX Bean with object name Ratis:service=RaftServer,group=group-B7719C52C799,id=8dae3b80-5600-44e3-9df5-13b3719afed7
2019-09-17 12:33:52,044 [RatisPipelineUtilsThread] INFO  pipeline.PipelineStateManager (PipelineStateManager.java:addPipeline(56)) - Created pipeline Pipeline[ Id: e0051c73-87b5-4fb7-a05a-b7719c52c799, Nodes: 639d7dff-6a78-4ecf-aa0a-b8a4b660182e{ip: 192.168.5.130, host: pr-hdds-2136-chhj8-2666454444, networkLocation: /default-rack, certSerialId: null}8dae3b80-5600-44e3-9df5-13b3719afed7{ip: 192.168.5.130, host: pr-hdds-2136-chhj8-2666454444, networkLocation: /default-rack, certSerialId: null}f8d8d9c4-afe8-4cc5-8788-d0697b0baa61{ip: 192.168.5.130, host: pr-hdds-2136-chhj8-2666454444, networkLocation: /default-rack, certSerialId: null}, Type:RATIS, Factor:THREE, State:OPEN]
2019-09-17 12:33:52,092 [EventQueue-PipelineActionsForPipelineActionHandler] ERROR pipeline.PipelineActionHandler (PipelineActionHandler.java:onMessage(60)) - Received pipeline action CLOSE for Pipeline[ Id: 571f8e8f-570d-4ddc-9fe4-23f4c195a245, Nodes: 639d7dff-6a78-4ecf-aa0a-b8a4b660182e{ip: 192.168.5.130, host: pr-hdds-2136-chhj8-2666454444, networkLocation: /default-rack, certSerialId: null}8dae3b80-5600-44e3-9df5-13b3719afed7{ip: 192.168.5.130, host: pr-hdds-2136-chhj8-2666454444, networkLocation: /default-rack, certSerialId: null}f8d8d9c4-afe8-4cc5-8788-d0697b0baa61{ip: 192.168.5.130, host: pr-hdds-2136-chhj8-2666454444, networkLocation: /default-rack, certSerialId: null}, Type:RATIS, Factor:THREE, State:CLOSED] from datanode f8d8d9c4-afe8-4cc5-8788-d0697b0baa61{ip: 192.168.5.130, host: pr-hdds-2136-chhj8-2666454444, networkLocation: /default-rack, certSerialId: null}. Reason : f8d8d9c4-afe8-4cc5-8788-d0697b0baa61 has not seen follower/s 8dae3b80-5600-44e3-9df5-13b3719afed7 for 165936ms 639d7dff-6a78-4ecf-aa0a-b8a4b660182e for 165922ms
2019-09-17 12:33:52,093 [EventQueue-PipelineActionsForPipelineActionHandler] INFO  pipeline.SCMPipelineManager (SCMPipelineManager.java:finalizeAndDestroyPipeline(311)) - destroying pipeline:Pipeline[ Id: 571f8e8f-570d-4ddc-9fe4-23f4c195a245, Nodes: 639d7dff-6a78-4ecf-aa0a-b8a4b660182e{ip: 192.168.5.130, host: pr-hdds-2136-chhj8-2666454444, networkLocation: /default-rack, certSerialId: null}8dae3b80-5600-44e3-9df5-13b3719afed7{ip: 192.168.5.130, host: pr-hdds-2136-chhj8-2666454444, networkLocation: /default-rack, certSerialId: null}f8d8d9c4-afe8-4cc5-8788-d0697b0baa61{ip: 192.168.5.130, host: pr-hdds-2136-chhj8-2666454444, networkLocation: /default-rack, certSerialId: null}, Type:RATIS, Factor:THREE, State:CLOSED]
2019-09-17 12:33:52,098 [java.util.concurrent.ThreadPoolExecutor$Worker@5fa0ca4a[State = -1, empty queue]] WARN  server.GrpcLogAppender (GrpcLogAppender.java:timeoutAppendRequest(200)) - f8d8d9c4-afe8-4cc5-8788-d0697b0baa61@group-23F4C195A245->8dae3b80-5600-44e3-9df5-13b3719afed7-GrpcLogAppender: appendEntries Timeout, request=f8d8d9c4-afe8-4cc5-8788-d0697b0baa61->8dae3b80-5600-44e3-9df5-13b3719afed7#155-t1, previous=(t:1, i:14), leaderCommit=10, initializing? false, entries: <empty>
2019-09-17 12:33:52,098 [java.util.concurrent.ThreadPoolExecutor$Worker@34aff09a[State = -1, empty queue]] WARN  server.GrpcLogAppender (GrpcLogAppender.java:timeoutAppendRequest(200)) - f8d8d9c4-afe8-4cc5-8788-d0697b0baa61@group-23F4C195A245->639d7dff-6a78-4ecf-aa0a-b8a4b660182e-GrpcLogAppender: appendEntries Timeout, request=f8d8d9c4-afe8-4cc5-8788-d0697b0baa61->639d7dff-6a78-4ecf-aa0a-b8a4b660182e#155-t1, previous=(t:1, i:14), leaderCommit=10, initializing? false, entries: <empty>
2019-09-17 12:33:52,361 [grpc-default-executor-9] INFO  client.GrpcClientProtocolClient (GrpcClientProtocolClient.java:onNext(264)) - client-9B4AC7B4A30D->8dae3b80-5600-44e3-9df5-13b3719afed7: receive RaftClientReply:client-9B4AC7B4A30D->8dae3b80-5600-44e3-9df5-13b3719afed7@group-23F4C195A245, cid=32, FAILED org.apache.ratis.protocol.NotLeaderException: Server 8dae3b80-5600-44e3-9df5-13b3719afed7@group-23F4C195A245 is not the leader f8d8d9c4-afe8-4cc5-8788-d0697b0baa61:192.168.5.130:40344, logIndex=0, commits[8dae3b80-5600-44e3-9df5-13b3719afed7:c10, 639d7dff-6a78-4ecf-aa0a-b8a4b660182e:c6, f8d8d9c4-afe8-4cc5-8788-d0697b0baa61:c10]
2019-09-17 12:33:54,100 [org.apache.ratis.server.impl.LogAppender$AppenderDaemon$$Lambda$490/985692452@6f425e43] ERROR ratis.XceiverServerRatis (XceiverServerRatis.java:triggerPipelineClose(575)) - pipeline Action CLOSE  on pipeline PipelineID=571f8e8f-570d-4ddc-9fe4-23f4c195a245.Reason : f8d8d9c4-afe8-4cc5-8788-d0697b0baa61 has not seen follower/s 8dae3b80-5600-44e3-9df5-13b3719afed7 for 168436ms 639d7dff-6a78-4ecf-aa0a-b8a4b660182e for 168422ms
2019-09-17 12:33:54,100 [org.apache.ratis.server.impl.LogAppender$AppenderDaemon$$Lambda$490/985692452@a6f5df2] ERROR ratis.XceiverServerRatis (XceiverServerRatis.java:triggerPipelineClose(575)) - pipeline Action CLOSE  on pipeline PipelineID=571f8e8f-570d-4ddc-9fe4-23f4c195a245.Reason : f8d8d9c4-afe8-4cc5-8788-d0697b0baa61 has not seen follower/s 8dae3b80-5600-44e3-9df5-13b3719afed7 for 168436ms 639d7dff-6a78-4ecf-aa0a-b8a4b660182e for 168422ms
2019-09-17 12:33:54,599 [java.util.concurrent.ThreadPoolExecutor$Worker@5fa0ca4a[State = -1, empty queue]] WARN  server.GrpcLogAppender (GrpcLogAppender.java:timeoutAppendRequest(200)) - f8d8d9c4-afe8-4cc5-8788-d0697b0baa61@group-23F4C195A245->8dae3b80-5600-44e3-9df5-13b3719afed7-GrpcLogAppender: appendEntries Timeout, request=f8d8d9c4-afe8-4cc5-8788-d0697b0baa61->8dae3b80-5600-44e3-9df5-13b3719afed7#156-t1, previous=(t:1, i:14), leaderCommit=10, initializing? false, entries: <empty>
2019-09-17 12:33:54,599 [java.util.concurrent.ThreadPoolExecutor$Worker@34aff09a[State = -1, empty queue]] WARN  server.GrpcLogAppender (GrpcLogAppender.java:timeoutAppendRequest(200)) - f8d8d9c4-afe8-4cc5-8788-d0697b0baa61@group-23F4C195A245->639d7dff-6a78-4ecf-aa0a-b8a4b660182e-GrpcLogAppender: appendEntries Timeout, request=f8d8d9c4-afe8-4cc5-8788-d0697b0baa61->639d7dff-6a78-4ecf-aa0a-b8a4b660182e#156-t1, previous=(t:1, i:14), leaderCommit=10, initializing? false, entries: <empty>
2019-09-17 12:33:55,092 [EventQueue-PipelineActionsForPipelineActionHandler] ERROR pipeline.PipelineActionHandler (PipelineActionHandler.java:onMessage(60)) - Received pipeline action CLOSE for Pipeline[ Id: 571f8e8f-570d-4ddc-9fe4-23f4c195a245, Nodes: 639d7dff-6a78-4ecf-aa0a-b8a4b660182e{ip: 192.168.5.130, host: pr-hdds-2136-chhj8-2666454444, networkLocation: /default-rack, certSerialId: null}8dae3b80-5600-44e3-9df5-13b3719afed7{ip: 192.168.5.130, host: pr-hdds-2136-chhj8-2666454444, networkLocation: /default-rack, certSerialId: null}f8d8d9c4-afe8-4cc5-8788-d0697b0baa61{ip: 192.168.5.130, host: pr-hdds-2136-chhj8-2666454444, networkLocation: /default-rack, certSerialId: null}, Type:RATIS, Factor:THREE, State:CLOSED] from datanode f8d8d9c4-afe8-4cc5-8788-d0697b0baa61{ip: 192.168.5.130, host: pr-hdds-2136-chhj8-2666454444, networkLocation: /default-rack, certSerialId: null}. Reason : f8d8d9c4-afe8-4cc5-8788-d0697b0baa61 has not seen follower/s 8dae3b80-5600-44e3-9df5-13b3719afed7 for 168436ms 639d7dff-6a78-4ecf-aa0a-b8a4b660182e for 168422ms
2019-09-17 12:33:55,092 [EventQueue-PipelineActionsForPipelineActionHandler] INFO  pipeline.SCMPipelineManager (SCMPipelineManager.java:finalizeAndDestroyPipeline(311)) - destroying pipeline:Pipeline[ Id: 571f8e8f-570d-4ddc-9fe4-23f4c195a245, Nodes: 639d7dff-6a78-4ecf-aa0a-b8a4b660182e{ip: 192.168.5.130, host: pr-hdds-2136-chhj8-2666454444, networkLocation: /default-rack, certSerialId: null}8dae3b80-5600-44e3-9df5-13b3719afed7{ip: 192.168.5.130, host: pr-hdds-2136-chhj8-2666454444, networkLocation: /default-rack, certSerialId: null}f8d8d9c4-afe8-4cc5-8788-d0697b0baa61{ip: 192.168.5.130, host: pr-hdds-2136-chhj8-2666454444, networkLocation: /default-rack, certSerialId: null}, Type:RATIS, Factor:THREE, State:CLOSED]
2019-09-17 12:33:55,899 [f8d8d9c4-afe8-4cc5-8788-d0697b0baa61@group-23F4C195A245-SegmentedRaftLogWorker] WARN  segmented.SegmentedRaftLogWorker (SegmentedRaftLogWorker.java:getFromFuture(90)) - Timeout 16/~
org.apache.ratis.protocol.TimeoutIOException: Timeout 10s: WriteLog:11: (t:1, i:11), STATEMACHINELOGENTRY, client-9B4AC7B4A30D, cid=32-writeStateMachineData
	at org.apache.ratis.util.IOUtils.getFromFuture(IOUtils.java:87)
	at org.apache.ratis.server.raftlog.segmented.SegmentedRaftLogWorker$StateMachineDataPolicy.getFromFuture(SegmentedRaftLogWorker.java:87)
	at org.apache.ratis.server.raftlog.segmented.SegmentedRaftLogWorker$WriteLog.execute(SegmentedRaftLogWorker.java:477)
	at org.apache.ratis.server.raftlog.segmented.SegmentedRaftLogWorker.run(SegmentedRaftLogWorker.java:289)
	at java.lang.Thread.run(Thread.java:748)
Caused by: java.util.concurrent.TimeoutException
	at java.util.concurrent.CompletableFuture.timedGet(CompletableFuture.java:1771)
	at java.util.concurrent.CompletableFuture.get(CompletableFuture.java:1915)
	at org.apache.ratis.util.IOUtils.getFromFuture(IOUtils.java:79)
	... 4 more
2019-09-17 12:33:56,089 [639d7dff-6a78-4ecf-aa0a-b8a4b660182e@group-23F4C195A245-SegmentedRaftLogWorker] WARN  segmented.SegmentedRaftLogWorker (SegmentedRaftLogWorker.java:getFromFuture(90)) - Timeout 16/~
org.apache.ratis.protocol.TimeoutIOException: Timeout 10s: WriteLog:12: (t:1, i:12), STATEMACHINELOGENTRY, client-9B4AC7B4A30D, cid=33-writeStateMachineData
	at org.apache.ratis.util.IOUtils.getFromFuture(IOUtils.java:87)
	at org.apache.ratis.server.raftlog.segmented.SegmentedRaftLogWorker$StateMachineDataPolicy.getFromFuture(SegmentedRaftLogWorker.java:87)
	at org.apache.ratis.server.raftlog.segmented.SegmentedRaftLogWorker$WriteLog.execute(SegmentedRaftLogWorker.java:477)
	at org.apache.ratis.server.raftlog.segmented.SegmentedRaftLogWorker.run(SegmentedRaftLogWorker.java:289)
	at java.lang.Thread.run(Thread.java:748)
Caused by: java.util.concurrent.TimeoutException
	at java.util.concurrent.CompletableFuture.timedGet(CompletableFuture.java:1771)
	at java.util.concurrent.CompletableFuture.get(CompletableFuture.java:1915)
	at org.apache.ratis.util.IOUtils.getFromFuture(IOUtils.java:79)
	... 4 more
2019-09-17 12:33:56,090 [8dae3b80-5600-44e3-9df5-13b3719afed7@group-23F4C195A245-SegmentedRaftLogWorker] WARN  segmented.SegmentedRaftLogWorker (SegmentedRaftLogWorker.java:getFromFuture(90)) - Timeout 16/~
org.apache.ratis.protocol.TimeoutIOException: Timeout 10s: WriteLog:12: (t:1, i:12), STATEMACHINELOGENTRY, client-9B4AC7B4A30D, cid=33-writeStateMachineData
	at org.apache.ratis.util.IOUtils.getFromFuture(IOUtils.java:87)
	at org.apache.ratis.server.raftlog.segmented.SegmentedRaftLogWorker$StateMachineDataPolicy.getFromFuture(SegmentedRaftLogWorker.java:87)
	at org.apache.ratis.server.raftlog.segmented.SegmentedRaftLogWorker$WriteLog.execute(SegmentedRaftLogWorker.java:477)
	at org.apache.ratis.server.raftlog.segmented.SegmentedRaftLogWorker.run(SegmentedRaftLogWorker.java:289)
	at java.lang.Thread.run(Thread.java:748)
Caused by: java.util.concurrent.TimeoutException
	at java.util.concurrent.CompletableFuture.timedGet(CompletableFuture.java:1771)
	at java.util.concurrent.CompletableFuture.get(CompletableFuture.java:1915)
	at org.apache.ratis.util.IOUtils.getFromFuture(IOUtils.java:79)
	... 4 more
2019-09-17 12:33:56,601 [org.apache.ratis.server.impl.LogAppender$AppenderDaemon$$Lambda$490/985692452@6f425e43] ERROR ratis.XceiverServerRatis (XceiverServerRatis.java:triggerPipelineClose(575)) - pipeline Action CLOSE  on pipeline PipelineID=571f8e8f-570d-4ddc-9fe4-23f4c195a245.Reason : f8d8d9c4-afe8-4cc5-8788-d0697b0baa61 has not seen follower/s 8dae3b80-5600-44e3-9df5-13b3719afed7 for 170937ms 639d7dff-6a78-4ecf-aa0a-b8a4b660182e for 170923ms
2019-09-17 12:33:56,601 [org.apache.ratis.server.impl.LogAppender$AppenderDaemon$$Lambda$490/985692452@a6f5df2] ERROR ratis.XceiverServerRatis (XceiverServerRatis.java:triggerPipelineClose(575)) - pipeline Action CLOSE  on pipeline PipelineID=571f8e8f-570d-4ddc-9fe4-23f4c195a245.Reason : f8d8d9c4-afe8-4cc5-8788-d0697b0baa61 has not seen follower/s 8dae3b80-5600-44e3-9df5-13b3719afed7 for 170937ms 639d7dff-6a78-4ecf-aa0a-b8a4b660182e for 170923ms
2019-09-17 12:33:57,092 [EventQueue-PipelineActionsForPipelineActionHandler] ERROR pipeline.PipelineActionHandler (PipelineActionHandler.java:onMessage(60)) - Received pipeline action CLOSE for Pipeline[ Id: 571f8e8f-570d-4ddc-9fe4-23f4c195a245, Nodes: 639d7dff-6a78-4ecf-aa0a-b8a4b660182e{ip: 192.168.5.130, host: pr-hdds-2136-chhj8-2666454444, networkLocation: /default-rack, certSerialId: null}8dae3b80-5600-44e3-9df5-13b3719afed7{ip: 192.168.5.130, host: pr-hdds-2136-chhj8-2666454444, networkLocation: /default-rack, certSerialId: null}f8d8d9c4-afe8-4cc5-8788-d0697b0baa61{ip: 192.168.5.130, host: pr-hdds-2136-chhj8-2666454444, networkLocation: /default-rack, certSerialId: null}, Type:RATIS, Factor:THREE, State:CLOSED] from datanode f8d8d9c4-afe8-4cc5-8788-d0697b0baa61{ip: 192.168.5.130, host: pr-hdds-2136-chhj8-2666454444, networkLocation: /default-rack, certSerialId: null}. Reason : f8d8d9c4-afe8-4cc5-8788-d0697b0baa61 has not seen follower/s 8dae3b80-5600-44e3-9df5-13b3719afed7 for 170937ms 639d7dff-6a78-4ecf-aa0a-b8a4b660182e for 170923ms
2019-09-17 12:33:57,092 [EventQueue-PipelineActionsForPipelineActionHandler] INFO  pipeline.SCMPipelineManager (SCMPipelineManager.java:finalizeAndDestroyPipeline(311)) - destroying pipeline:Pipeline[ Id: 571f8e8f-570d-4ddc-9fe4-23f4c195a245, Nodes: 639d7dff-6a78-4ecf-aa0a-b8a4b660182e{ip: 192.168.5.130, host: pr-hdds-2136-chhj8-2666454444, networkLocation: /default-rack, certSerialId: null}8dae3b80-5600-44e3-9df5-13b3719afed7{ip: 192.168.5.130, host: pr-hdds-2136-chhj8-2666454444, networkLocation: /default-rack, certSerialId: null}f8d8d9c4-afe8-4cc5-8788-d0697b0baa61{ip: 192.168.5.130, host: pr-hdds-2136-chhj8-2666454444, networkLocation: /default-rack, certSerialId: null}, Type:RATIS, Factor:THREE, State:CLOSED]
2019-09-17 12:33:57,100 [java.util.concurrent.ThreadPoolExecutor$Worker@5fa0ca4a[State = -1, empty queue]] WARN  server.GrpcLogAppender (GrpcLogAppender.java:timeoutAppendRequest(200)) - f8d8d9c4-afe8-4cc5-8788-d0697b0baa61@group-23F4C195A245->8dae3b80-5600-44e3-9df5-13b3719afed7-GrpcLogAppender: appendEntries Timeout, request=f8d8d9c4-afe8-4cc5-8788-d0697b0baa61->8dae3b80-5600-44e3-9df5-13b3719afed7#157-t1, previous=(t:1, i:14), leaderCommit=10, initializing? false, entries: <empty>
2019-09-17 12:33:57,100 [java.util.concurrent.ThreadPoolExecutor$Worker@34aff09a[State = -1, empty queue]] WARN  server.GrpcLogAppender (GrpcLogAppender.java:timeoutAppendRequest(200)) - f8d8d9c4-afe8-4cc5-8788-d0697b0baa61@group-23F4C195A245->639d7dff-6a78-4ecf-aa0a-b8a4b660182e-GrpcLogAppender: appendEntries Timeout, request=f8d8d9c4-afe8-4cc5-8788-d0697b0baa61->639d7dff-6a78-4ecf-aa0a-b8a4b660182e#157-t1, previous=(t:1, i:14), leaderCommit=10, initializing? false, entries: <empty>
2019-09-17 12:33:57,146 [Thread-1337] INFO  impl.FollowerState (FollowerState.java:run(106)) - 639d7dff-6a78-4ecf-aa0a-b8a4b660182e:group-B7719C52C799 changes to CANDIDATE, lastRpcTime:5107, electionTimeout:5107ms
2019-09-17 12:33:57,147 [Thread-1337] INFO  impl.RoleInfo (RoleInfo.java:shutdownFollowerState(121)) - 639d7dff-6a78-4ecf-aa0a-b8a4b660182e: shutdown FollowerState
2019-09-17 12:33:57,147 [Thread-1337] INFO  impl.RaftServerImpl (RaftServerImpl.java:setRole(174)) - 639d7dff-6a78-4ecf-aa0a-b8a4b660182e@group-B7719C52C799: changes role from  FOLLOWER to CANDIDATE at term 0 for changeToCandidate
2019-09-17 12:33:57,147 [Thread-1337] INFO  impl.RoleInfo (RoleInfo.java:updateAndGet(143)) - 639d7dff-6a78-4ecf-aa0a-b8a4b660182e: start LeaderElection
2019-09-17 12:33:57,177 [Thread-1338] INFO  impl.FollowerState (FollowerState.java:run(106)) - f8d8d9c4-afe8-4cc5-8788-d0697b0baa61:group-B7719C52C799 changes to CANDIDATE, lastRpcTime:5137, electionTimeout:5137ms
2019-09-17 12:33:57,177 [Thread-1338] INFO  impl.RoleInfo (RoleInfo.java:shutdownFollowerState(121)) - f8d8d9c4-afe8-4cc5-8788-d0697b0baa61: shutdown FollowerState
2019-09-17 12:33:57,177 [Thread-1338] INFO  impl.RaftServerImpl (RaftServerImpl.java:setRole(174)) - f8d8d9c4-afe8-4cc5-8788-d0697b0baa61@group-B7719C52C799: changes role from  FOLLOWER to CANDIDATE at term 0 for changeToCandidate
2019-09-17 12:33:57,177 [Thread-1338] INFO  impl.RoleInfo (RoleInfo.java:updateAndGet(143)) - f8d8d9c4-afe8-4cc5-8788-d0697b0baa61: start LeaderElection
2019-09-17 12:33:57,192 [639d7dff-6a78-4ecf-aa0a-b8a4b660182e@group-B7719C52C799:LeaderElection13] INFO  impl.LeaderElection (LeaderElection.java:askForVotes(182)) - 639d7dff-6a78-4ecf-aa0a-b8a4b660182e@group-B7719C52C799:LeaderElection13: begin an election at term 1 for -1: [8dae3b80-5600-44e3-9df5-13b3719afed7:192.168.5.130:36507, 639d7dff-6a78-4ecf-aa0a-b8a4b660182e:192.168.5.130:46697, f8d8d9c4-afe8-4cc5-8788-d0697b0baa61:192.168.5.130:40344], old=null
2019-09-17 12:33:57,196 [grpc-default-executor-9] INFO  impl.RaftServerImpl (RaftServerImpl.java:setRole(174)) - 8dae3b80-5600-44e3-9df5-13b3719afed7@group-B7719C52C799: changes role from  FOLLOWER to FOLLOWER at term 1 for recognizeCandidate:639d7dff-6a78-4ecf-aa0a-b8a4b660182e
2019-09-17 12:33:57,197 [grpc-default-executor-9] INFO  impl.RoleInfo (RoleInfo.java:shutdownFollowerState(121)) - 8dae3b80-5600-44e3-9df5-13b3719afed7: shutdown FollowerState
2019-09-17 12:33:57,197 [grpc-default-executor-9] INFO  impl.RoleInfo (RoleInfo.java:updateAndGet(143)) - 8dae3b80-5600-44e3-9df5-13b3719afed7: start FollowerState
2019-09-17 12:33:57,197 [Thread-1339] INFO  impl.FollowerState (FollowerState.java:run(115)) - 8dae3b80-5600-44e3-9df5-13b3719afed7: FollowerState was interrupted: java.lang.InterruptedException: sleep interrupted
2019-09-17 12:33:57,301 [f8d8d9c4-afe8-4cc5-8788-d0697b0baa61@group-B7719C52C799:LeaderElection14] INFO  impl.LeaderElection (LeaderElection.java:askForVotes(182)) - f8d8d9c4-afe8-4cc5-8788-d0697b0baa61@group-B7719C52C799:LeaderElection14: begin an election at term 1 for -1: [8dae3b80-5600-44e3-9df5-13b3719afed7:192.168.5.130:36507, 639d7dff-6a78-4ecf-aa0a-b8a4b660182e:192.168.5.130:46697, f8d8d9c4-afe8-4cc5-8788-d0697b0baa61:192.168.5.130:40344], old=null
2019-09-17 12:33:57,302 [639d7dff-6a78-4ecf-aa0a-b8a4b660182e@group-B7719C52C799:LeaderElection13] INFO  impl.LeaderElection (LeaderElection.java:logAndReturn(56)) - 639d7dff-6a78-4ecf-aa0a-b8a4b660182e@group-B7719C52C799:LeaderElection13: Election PASSED; received 1 response(s) [639d7dff-6a78-4ecf-aa0a-b8a4b660182e<-8dae3b80-5600-44e3-9df5-13b3719afed7#0:OK-t1] and 0 exception(s); 639d7dff-6a78-4ecf-aa0a-b8a4b660182e@group-B7719C52C799:t1, leader=null, voted=639d7dff-6a78-4ecf-aa0a-b8a4b660182e, raftlog=639d7dff-6a78-4ecf-aa0a-b8a4b660182e@group-B7719C52C799-SegmentedRaftLog:OPENED:c-1,f-1,i0, conf=-1: [8dae3b80-5600-44e3-9df5-13b3719afed7:192.168.5.130:36507, 639d7dff-6a78-4ecf-aa0a-b8a4b660182e:192.168.5.130:46697, f8d8d9c4-afe8-4cc5-8788-d0697b0baa61:192.168.5.130:40344], old=null
2019-09-17 12:33:57,302 [639d7dff-6a78-4ecf-aa0a-b8a4b660182e@group-B7719C52C799:LeaderElection13] INFO  impl.RoleInfo (RoleInfo.java:shutdownLeaderElection(134)) - 639d7dff-6a78-4ecf-aa0a-b8a4b660182e: shutdown LeaderElection
2019-09-17 12:33:57,305 [639d7dff-6a78-4ecf-aa0a-b8a4b660182e@group-B7719C52C799:LeaderElection13] INFO  impl.RaftServerImpl (RaftServerImpl.java:setRole(174)) - 639d7dff-6a78-4ecf-aa0a-b8a4b660182e@group-B7719C52C799: changes role from CANDIDATE to LEADER at term 1 for changeToLeader
2019-09-17 12:33:57,306 [639d7dff-6a78-4ecf-aa0a-b8a4b660182e@group-B7719C52C799:LeaderElection13] INFO  impl.RaftServerImpl (ServerState.java:setLeader(253)) - 639d7dff-6a78-4ecf-aa0a-b8a4b660182e@group-B7719C52C799: change Leader from null to 639d7dff-6a78-4ecf-aa0a-b8a4b660182e at term 1 for becomeLeader, leader elected after 5279ms
2019-09-17 12:33:57,306 [639d7dff-6a78-4ecf-aa0a-b8a4b660182e@group-B7719C52C799:LeaderElection13] INFO  server.RaftServerConfigKeys (ConfUtils.java:logGet(43)) - raft.server.staging.catchup.gap = 1000 (default)
2019-09-17 12:33:57,306 [639d7dff-6a78-4ecf-aa0a-b8a4b660182e@group-B7719C52C799:LeaderElection13] INFO  server.RaftServerConfigKeys (ConfUtils.java:logGet(43)) - raft.server.rpc.sleep.time = 25ms (default)
2019-09-17 12:33:57,306 [639d7dff-6a78-4ecf-aa0a-b8a4b660182e@group-B7719C52C799:LeaderElection13] INFO  server.RaftServerConfigKeys (ConfUtils.java:logGet(43)) - raft.server.write.element-limit = 4096 (default)
2019-09-17 12:33:57,306 [639d7dff-6a78-4ecf-aa0a-b8a4b660182e@group-B7719C52C799:LeaderElection13] INFO  server.RaftServerConfigKeys (ConfUtils.java:logGet(43)) - raft.server.watch.timeout = 10s (default)
2019-09-17 12:33:57,306 [639d7dff-6a78-4ecf-aa0a-b8a4b660182e@group-B7719C52C799:LeaderElection13] INFO  server.RaftServerConfigKeys (ConfUtils.java:logGet(43)) - raft.server.watch.timeout.denomination = 1s (default)
2019-09-17 12:33:57,307 [639d7dff-6a78-4ecf-aa0a-b8a4b660182e@group-B7719C52C799:LeaderElection13] INFO  server.RaftServerConfigKeys (ConfUtils.java:logGet(43)) - raft.server.watch.element-limit = 65536 (default)
2019-09-17 12:33:57,310 [639d7dff-6a78-4ecf-aa0a-b8a4b660182e@group-B7719C52C799:LeaderElection13] INFO  server.RaftServerConfigKeys (ConfUtils.java:logGet(43)) - raft.server.log.appender.snapshot.chunk.size.max = 16MB (=16777216) (default)
2019-09-17 12:33:57,310 [639d7dff-6a78-4ecf-aa0a-b8a4b660182e@group-B7719C52C799:LeaderElection13] INFO  server.RaftServerConfigKeys (ConfUtils.java:logGet(43)) - raft.server.log.appender.buffer.byte-limit = 33554432 (custom)
2019-09-17 12:33:57,310 [639d7dff-6a78-4ecf-aa0a-b8a4b660182e@group-B7719C52C799:LeaderElection13] INFO  server.RaftServerConfigKeys (ConfUtils.java:logGet(43)) - raft.server.log.appender.buffer.element-limit = 1 (custom)
2019-09-17 12:33:57,310 [639d7dff-6a78-4ecf-aa0a-b8a4b660182e@group-B7719C52C799:LeaderElection13] INFO  grpc.GrpcConfigKeys$Server (ConfUtils.java:logGet(43)) - raft.grpc.server.leader.outstanding.appends.max = 128 (default)
2019-09-17 12:33:57,311 [639d7dff-6a78-4ecf-aa0a-b8a4b660182e@group-B7719C52C799:LeaderElection13] INFO  server.RaftServerConfigKeys (ConfUtils.java:logGet(43)) - raft.server.rpc.request.timeout = 3000ms (default)
2019-09-17 12:33:57,311 [639d7dff-6a78-4ecf-aa0a-b8a4b660182e@group-B7719C52C799:LeaderElection13] INFO  server.RaftServerConfigKeys (ConfUtils.java:logGet(43)) - raft.server.log.appender.install.snapshot.enabled = false (custom)
2019-09-17 12:33:57,311 [639d7dff-6a78-4ecf-aa0a-b8a4b660182e@group-B7719C52C799:LeaderElection13] INFO  server.RaftServerConfigKeys (ConfUtils.java:logGet(43)) - raft.server.log.appender.snapshot.chunk.size.max = 16MB (=16777216) (default)
2019-09-17 12:33:57,311 [639d7dff-6a78-4ecf-aa0a-b8a4b660182e@group-B7719C52C799:LeaderElection13] INFO  server.RaftServerConfigKeys (ConfUtils.java:logGet(43)) - raft.server.log.appender.buffer.byte-limit = 33554432 (custom)
2019-09-17 12:33:57,311 [639d7dff-6a78-4ecf-aa0a-b8a4b660182e@group-B7719C52C799:LeaderElection13] INFO  server.RaftServerConfigKeys (ConfUtils.java:logGet(43)) - raft.server.log.appender.buffer.element-limit = 1 (custom)
2019-09-17 12:33:57,312 [639d7dff-6a78-4ecf-aa0a-b8a4b660182e@group-B7719C52C799:LeaderElection13] INFO  grpc.GrpcConfigKeys$Server (ConfUtils.java:logGet(43)) - raft.grpc.server.leader.outstanding.appends.max = 128 (default)
2019-09-17 12:33:57,312 [639d7dff-6a78-4ecf-aa0a-b8a4b660182e@group-B7719C52C799:LeaderElection13] INFO  server.RaftServerConfigKeys (ConfUtils.java:logGet(43)) - raft.server.rpc.request.timeout = 3000ms (default)
2019-09-17 12:33:57,312 [639d7dff-6a78-4ecf-aa0a-b8a4b660182e@group-B7719C52C799:LeaderElection13] INFO  server.RaftServerConfigKeys (ConfUtils.java:logGet(43)) - raft.server.log.appender.install.snapshot.enabled = false (custom)
2019-09-17 12:33:57,312 [639d7dff-6a78-4ecf-aa0a-b8a4b660182e@group-B7719C52C799:LeaderElection13] INFO  impl.RoleInfo (RoleInfo.java:updateAndGet(143)) - 639d7dff-6a78-4ecf-aa0a-b8a4b660182e: start LeaderState
2019-09-17 12:33:57,313 [639d7dff-6a78-4ecf-aa0a-b8a4b660182e@group-B7719C52C799:LeaderElection13] INFO  segmented.SegmentedRaftLogWorker (SegmentedRaftLogWorker.java:startLogSegment(380)) - 639d7dff-6a78-4ecf-aa0a-b8a4b660182e@group-B7719C52C799-SegmentedRaftLogWorker: Starting segment from index:0
2019-09-17 12:33:57,313 [639d7dff-6a78-4ecf-aa0a-b8a4b660182e@group-B7719C52C799:LeaderElection13] INFO  impl.RaftServerImpl (ServerState.java:setRaftConf(354)) - 639d7dff-6a78-4ecf-aa0a-b8a4b660182e@group-B7719C52C799: set configuration 0: [8dae3b80-5600-44e3-9df5-13b3719afed7:192.168.5.130:36507, 639d7dff-6a78-4ecf-aa0a-b8a4b660182e:192.168.5.130:46697, f8d8d9c4-afe8-4cc5-8788-d0697b0baa61:192.168.5.130:40344], old=null at 0
2019-09-17 12:33:57,346 [grpc-default-executor-3] INFO  impl.RaftServerImpl (RaftServerImpl.java:requestVote(758)) - 639d7dff-6a78-4ecf-aa0a-b8a4b660182e@group-B7719C52C799-   LEADER: Withhold vote from candidate f8d8d9c4-afe8-4cc5-8788-d0697b0baa61 with term 1. State: leader=639d7dff-6a78-4ecf-aa0a-b8a4b660182e, term=1, lastRpcElapsed=null
2019-09-17 12:33:57,347 [grpc-default-executor-3] INFO  impl.RaftServerImpl (RaftServerImpl.java:setRole(174)) - f8d8d9c4-afe8-4cc5-8788-d0697b0baa61@group-B7719C52C799: changes role from CANDIDATE to FOLLOWER at term 1 for appendEntries
2019-09-17 12:33:57,350 [grpc-default-executor-0] INFO  impl.RaftServerImpl (ServerState.java:setLeader(253)) - 8dae3b80-5600-44e3-9df5-13b3719afed7@group-B7719C52C799: change Leader from null to 639d7dff-6a78-4ecf-aa0a-b8a4b660182e at term 1 for appendEntries, leader elected after 5323ms
2019-09-17 12:33:57,350 [grpc-default-executor-3] INFO  impl.RoleInfo (RoleInfo.java:shutdownLeaderElection(134)) - f8d8d9c4-afe8-4cc5-8788-d0697b0baa61: shutdown LeaderElection
2019-09-17 12:33:57,350 [f8d8d9c4-afe8-4cc5-8788-d0697b0baa61@group-B7719C52C799:LeaderElection14] INFO  impl.LeaderElection (LeaderElection.java:logAndReturn(56)) - f8d8d9c4-afe8-4cc5-8788-d0697b0baa61@group-B7719C52C799:LeaderElection14: Election REJECTED; received 2 response(s) [f8d8d9c4-afe8-4cc5-8788-d0697b0baa61<-8dae3b80-5600-44e3-9df5-13b3719afed7#0:FAIL-t1, f8d8d9c4-afe8-4cc5-8788-d0697b0baa61<-639d7dff-6a78-4ecf-aa0a-b8a4b660182e#0:FAIL-t1] and 0 exception(s); f8d8d9c4-afe8-4cc5-8788-d0697b0baa61@group-B7719C52C799:t1, leader=null, voted=f8d8d9c4-afe8-4cc5-8788-d0697b0baa61, raftlog=f8d8d9c4-afe8-4cc5-8788-d0697b0baa61@group-B7719C52C799-SegmentedRaftLog:OPENED:c-1,f-1,i0, conf=-1: [8dae3b80-5600-44e3-9df5-13b3719afed7:192.168.5.130:36507, 639d7dff-6a78-4ecf-aa0a-b8a4b660182e:192.168.5.130:46697, f8d8d9c4-afe8-4cc5-8788-d0697b0baa61:192.168.5.130:40344], old=null
2019-09-17 12:33:57,350 [grpc-default-executor-3] INFO  impl.RoleInfo (RoleInfo.java:updateAndGet(143)) - f8d8d9c4-afe8-4cc5-8788-d0697b0baa61: start FollowerState
2019-09-17 12:33:57,353 [grpc-default-executor-3] INFO  impl.RaftServerImpl (ServerState.java:setLeader(253)) - f8d8d9c4-afe8-4cc5-8788-d0697b0baa61@group-B7719C52C799: change Leader from null to 639d7dff-6a78-4ecf-aa0a-b8a4b660182e at term 1 for appendEntries, leader elected after 5327ms
2019-09-17 12:33:57,356 [grpc-default-executor-0] INFO  impl.RaftServerImpl (ServerState.java:setRaftConf(354)) - 8dae3b80-5600-44e3-9df5-13b3719afed7@group-B7719C52C799: set configuration 0: [8dae3b80-5600-44e3-9df5-13b3719afed7:192.168.5.130:36507, 639d7dff-6a78-4ecf-aa0a-b8a4b660182e:192.168.5.130:46697, f8d8d9c4-afe8-4cc5-8788-d0697b0baa61:192.168.5.130:40344], old=null at 0
2019-09-17 12:33:57,357 [grpc-default-executor-0] INFO  segmented.SegmentedRaftLogWorker (SegmentedRaftLogWorker.java:startLogSegment(380)) - 8dae3b80-5600-44e3-9df5-13b3719afed7@group-B7719C52C799-SegmentedRaftLogWorker: Starting segment from index:0
2019-09-17 12:33:57,357 [grpc-default-executor-3] INFO  impl.RaftServerImpl (ServerState.java:setRaftConf(354)) - f8d8d9c4-afe8-4cc5-8788-d0697b0baa61@group-B7719C52C799: set configuration 0: [8dae3b80-5600-44e3-9df5-13b3719afed7:192.168.5.130:36507, 639d7dff-6a78-4ecf-aa0a-b8a4b660182e:192.168.5.130:46697, f8d8d9c4-afe8-4cc5-8788-d0697b0baa61:192.168.5.130:40344], old=null at 0
2019-09-17 12:33:57,357 [grpc-default-executor-3] INFO  segmented.SegmentedRaftLogWorker (SegmentedRaftLogWorker.java:startLogSegment(380)) - f8d8d9c4-afe8-4cc5-8788-d0697b0baa61@group-B7719C52C799-SegmentedRaftLogWorker: Starting segment from index:0
2019-09-17 12:33:57,387 [639d7dff-6a78-4ecf-aa0a-b8a4b660182e@group-B7719C52C799-SegmentedRaftLogWorker] INFO  segmented.SegmentedRaftLogWorker (SegmentedRaftLogWorker.java:execute(569)) - 639d7dff-6a78-4ecf-aa0a-b8a4b660182e@group-B7719C52C799-SegmentedRaftLogWorker: created new log segment /tmp/workdir/hadoop-ozone/integration-test/target/test-dir/MiniOzoneClusterImpl-d179b17f-26b4-4b11-871f-a9170d0e99dc/datanode-3/data/ratis/e0051c73-87b5-4fb7-a05a-b7719c52c799/current/log_inprogress_0
2019-09-17 12:33:57,399 [grpc-default-executor-3] INFO  client.GrpcClientProtocolClient (GrpcClientProtocolClient.java:onNext(264)) - client-9B4AC7B4A30D->8dae3b80-5600-44e3-9df5-13b3719afed7: receive RaftClientReply:client-9B4AC7B4A30D->8dae3b80-5600-44e3-9df5-13b3719afed7@group-23F4C195A245, cid=32, FAILED org.apache.ratis.protocol.NotLeaderException: Server 8dae3b80-5600-44e3-9df5-13b3719afed7@group-23F4C195A245 is not the leader f8d8d9c4-afe8-4cc5-8788-d0697b0baa61:192.168.5.130:40344, logIndex=0, commits[8dae3b80-5600-44e3-9df5-13b3719afed7:c10, 639d7dff-6a78-4ecf-aa0a-b8a4b660182e:c6, f8d8d9c4-afe8-4cc5-8788-d0697b0baa61:c10]
2019-09-17 12:33:57,527 [f8d8d9c4-afe8-4cc5-8788-d0697b0baa61@group-B7719C52C799-SegmentedRaftLogWorker] INFO  segmented.SegmentedRaftLogWorker (SegmentedRaftLogWorker.java:execute(569)) - f8d8d9c4-afe8-4cc5-8788-d0697b0baa61@group-B7719C52C799-SegmentedRaftLogWorker: created new log segment /tmp/workdir/hadoop-ozone/integration-test/target/test-dir/MiniOzoneClusterImpl-d179b17f-26b4-4b11-871f-a9170d0e99dc/datanode-5/data/ratis/e0051c73-87b5-4fb7-a05a-b7719c52c799/current/log_inprogress_0
2019-09-17 12:33:57,528 [8dae3b80-5600-44e3-9df5-13b3719afed7@group-B7719C52C799-SegmentedRaftLogWorker] INFO  segmented.SegmentedRaftLogWorker (SegmentedRaftLogWorker.java:execute(569)) - 8dae3b80-5600-44e3-9df5-13b3719afed7@group-B7719C52C799-SegmentedRaftLogWorker: created new log segment /tmp/workdir/hadoop-ozone/integration-test/target/test-dir/MiniOzoneClusterImpl-d179b17f-26b4-4b11-871f-a9170d0e99dc/datanode-6/data/ratis/e0051c73-87b5-4fb7-a05a-b7719c52c799/current/log_inprogress_0
2019-09-17 12:33:59,102 [org.apache.ratis.server.impl.LogAppender$AppenderDaemon$$Lambda$490/985692452@a6f5df2] ERROR ratis.XceiverServerRatis (XceiverServerRatis.java:triggerPipelineClose(575)) - pipeline Action CLOSE  on pipeline PipelineID=571f8e8f-570d-4ddc-9fe4-23f4c195a245.Reason : f8d8d9c4-afe8-4cc5-8788-d0697b0baa61 has not seen follower/s 8dae3b80-5600-44e3-9df5-13b3719afed7 for 173438ms 639d7dff-6a78-4ecf-aa0a-b8a4b660182e for 173424ms
2019-09-17 12:33:59,102 [org.apache.ratis.server.impl.LogAppender$AppenderDaemon$$Lambda$490/985692452@6f425e43] ERROR ratis.XceiverServerRatis (XceiverServerRatis.java:triggerPipelineClose(575)) - pipeline Action CLOSE  on pipeline PipelineID=571f8e8f-570d-4ddc-9fe4-23f4c195a245.Reason : f8d8d9c4-afe8-4cc5-8788-d0697b0baa61 has not seen follower/s 8dae3b80-5600-44e3-9df5-13b3719afed7 for 173438ms 639d7dff-6a78-4ecf-aa0a-b8a4b660182e for 173424ms
2019-09-17 12:33:59,601 [java.util.concurrent.ThreadPoolExecutor$Worker@5fa0ca4a[State = -1, empty queue]] WARN  server.GrpcLogAppender (GrpcLogAppender.java:timeoutAppendRequest(200)) - f8d8d9c4-afe8-4cc5-8788-d0697b0baa61@group-23F4C195A245->8dae3b80-5600-44e3-9df5-13b3719afed7-GrpcLogAppender: appendEntries Timeout, request=f8d8d9c4-afe8-4cc5-8788-d0697b0baa61->8dae3b80-5600-44e3-9df5-13b3719afed7#158-t1, previous=(t:1, i:14), leaderCommit=10, initializing? false, entries: <empty>
2019-09-17 12:33:59,601 [java.util.concurrent.ThreadPoolExecutor$Worker@34aff09a[State = -1, empty queue]] WARN  server.GrpcLogAppender (GrpcLogAppender.java:timeoutAppendRequest(200)) - f8d8d9c4-afe8-4cc5-8788-d0697b0baa61@group-23F4C195A245->639d7dff-6a78-4ecf-aa0a-b8a4b660182e-GrpcLogAppender: appendEntries Timeout, request=f8d8d9c4-afe8-4cc5-8788-d0697b0baa61->639d7dff-6a78-4ecf-aa0a-b8a4b660182e#158-t1, previous=(t:1, i:14), leaderCommit=10, initializing? false, entries: <empty>
2019-09-17 12:34:00,093 [EventQueue-PipelineActionsForPipelineActionHandler] ERROR pipeline.PipelineActionHandler (PipelineActionHandler.java:onMessage(60)) - Received pipeline action CLOSE for Pipeline[ Id: 571f8e8f-570d-4ddc-9fe4-23f4c195a245, Nodes: 639d7dff-6a78-4ecf-aa0a-b8a4b660182e{ip: 192.168.5.130, host: pr-hdds-2136-chhj8-2666454444, networkLocation: /default-rack, certSerialId: null}8dae3b80-5600-44e3-9df5-13b3719afed7{ip: 192.168.5.130, host: pr-hdds-2136-chhj8-2666454444, networkLocation: /default-rack, certSerialId: null}f8d8d9c4-afe8-4cc5-8788-d0697b0baa61{ip: 192.168.5.130, host: pr-hdds-2136-chhj8-2666454444, networkLocation: /default-rack, certSerialId: null}, Type:RATIS, Factor:THREE, State:CLOSED] from datanode f8d8d9c4-afe8-4cc5-8788-d0697b0baa61{ip: 192.168.5.130, host: pr-hdds-2136-chhj8-2666454444, networkLocation: /default-rack, certSerialId: null}. Reason : f8d8d9c4-afe8-4cc5-8788-d0697b0baa61 has not seen follower/s 8dae3b80-5600-44e3-9df5-13b3719afed7 for 173438ms 639d7dff-6a78-4ecf-aa0a-b8a4b660182e for 173424ms
2019-09-17 12:34:00,093 [EventQueue-PipelineActionsForPipelineActionHandler] INFO  pipeline.SCMPipelineManager (SCMPipelineManager.java:finalizeAndDestroyPipeline(311)) - destroying pipeline:Pipeline[ Id: 571f8e8f-570d-4ddc-9fe4-23f4c195a245, Nodes: 639d7dff-6a78-4ecf-aa0a-b8a4b660182e{ip: 192.168.5.130, host: pr-hdds-2136-chhj8-2666454444, networkLocation: /default-rack, certSerialId: null}8dae3b80-5600-44e3-9df5-13b3719afed7{ip: 192.168.5.130, host: pr-hdds-2136-chhj8-2666454444, networkLocation: /default-rack, certSerialId: null}f8d8d9c4-afe8-4cc5-8788-d0697b0baa61{ip: 192.168.5.130, host: pr-hdds-2136-chhj8-2666454444, networkLocation: /default-rack, certSerialId: null}, Type:RATIS, Factor:THREE, State:CLOSED]
2019-09-17 12:34:01,603 [org.apache.ratis.server.impl.LogAppender$AppenderDaemon$$Lambda$490/985692452@6f425e43] ERROR ratis.XceiverServerRatis (XceiverServerRatis.java:triggerPipelineClose(575)) - pipeline Action CLOSE  on pipeline PipelineID=571f8e8f-570d-4ddc-9fe4-23f4c195a245.Reason : f8d8d9c4-afe8-4cc5-8788-d0697b0baa61 has not seen follower/s 8dae3b80-5600-44e3-9df5-13b3719afed7 for 175939ms 639d7dff-6a78-4ecf-aa0a-b8a4b660182e for 175925ms
2019-09-17 12:34:01,603 [org.apache.ratis.server.impl.LogAppender$AppenderDaemon$$Lambda$490/985692452@a6f5df2] ERROR ratis.XceiverServerRatis (XceiverServerRatis.java:triggerPipelineClose(575)) - pipeline Action CLOSE  on pipeline PipelineID=571f8e8f-570d-4ddc-9fe4-23f4c195a245.Reason : f8d8d9c4-afe8-4cc5-8788-d0697b0baa61 has not seen follower/s 8dae3b80-5600-44e3-9df5-13b3719afed7 for 175939ms 639d7dff-6a78-4ecf-aa0a-b8a4b660182e for 175925ms
2019-09-17 12:34:02,093 [EventQueue-PipelineActionsForPipelineActionHandler] ERROR pipeline.PipelineActionHandler (PipelineActionHandler.java:onMessage(60)) - Received pipeline action CLOSE for Pipeline[ Id: 571f8e8f-570d-4ddc-9fe4-23f4c195a245, Nodes: 639d7dff-6a78-4ecf-aa0a-b8a4b660182e{ip: 192.168.5.130, host: pr-hdds-2136-chhj8-2666454444, networkLocation: /default-rack, certSerialId: null}8dae3b80-5600-44e3-9df5-13b3719afed7{ip: 192.168.5.130, host: pr-hdds-2136-chhj8-2666454444, networkLocation: /default-rack, certSerialId: null}f8d8d9c4-afe8-4cc5-8788-d0697b0baa61{ip: 192.168.5.130, host: pr-hdds-2136-chhj8-2666454444, networkLocation: /default-rack, certSerialId: null}, Type:RATIS, Factor:THREE, State:CLOSED] from datanode f8d8d9c4-afe8-4cc5-8788-d0697b0baa61{ip: 192.168.5.130, host: pr-hdds-2136-chhj8-2666454444, networkLocation: /default-rack, certSerialId: null}. Reason : f8d8d9c4-afe8-4cc5-8788-d0697b0baa61 has not seen follower/s 8dae3b80-5600-44e3-9df5-13b3719afed7 for 175939ms 639d7dff-6a78-4ecf-aa0a-b8a4b660182e for 175925ms
2019-09-17 12:34:02,094 [EventQueue-PipelineActionsForPipelineActionHandler] INFO  pipeline.SCMPipelineManager (SCMPipelineManager.java:finalizeAndDestroyPipeline(311)) - destroying pipeline:Pipeline[ Id: 571f8e8f-570d-4ddc-9fe4-23f4c195a245, Nodes: 639d7dff-6a78-4ecf-aa0a-b8a4b660182e{ip: 192.168.5.130, host: pr-hdds-2136-chhj8-2666454444, networkLocation: /default-rack, certSerialId: null}8dae3b80-5600-44e3-9df5-13b3719afed7{ip: 192.168.5.130, host: pr-hdds-2136-chhj8-2666454444, networkLocation: /default-rack, certSerialId: null}f8d8d9c4-afe8-4cc5-8788-d0697b0baa61{ip: 192.168.5.130, host: pr-hdds-2136-chhj8-2666454444, networkLocation: /default-rack, certSerialId: null}, Type:RATIS, Factor:THREE, State:CLOSED]
2019-09-17 12:34:02,102 [java.util.concurrent.ThreadPoolExecutor$Worker@5fa0ca4a[State = -1, empty queue]] WARN  server.GrpcLogAppender (GrpcLogAppender.java:timeoutAppendRequest(200)) - f8d8d9c4-afe8-4cc5-8788-d0697b0baa61@group-23F4C195A245->8dae3b80-5600-44e3-9df5-13b3719afed7-GrpcLogAppender: appendEntries Timeout, request=f8d8d9c4-afe8-4cc5-8788-d0697b0baa61->8dae3b80-5600-44e3-9df5-13b3719afed7#159-t1, previous=(t:1, i:14), leaderCommit=10, initializing? false, entries: <empty>
2019-09-17 12:34:02,102 [java.util.concurrent.ThreadPoolExecutor$Worker@34aff09a[State = -1, empty queue]] WARN  server.GrpcLogAppender (GrpcLogAppender.java:timeoutAppendRequest(200)) - f8d8d9c4-afe8-4cc5-8788-d0697b0baa61@group-23F4C195A245->639d7dff-6a78-4ecf-aa0a-b8a4b660182e-GrpcLogAppender: appendEntries Timeout, request=f8d8d9c4-afe8-4cc5-8788-d0697b0baa61->639d7dff-6a78-4ecf-aa0a-b8a4b660182e#159-t1, previous=(t:1, i:14), leaderCommit=10, initializing? false, entries: <empty>
2019-09-17 12:34:02,430 [grpc-default-executor-3] INFO  client.GrpcClientProtocolClient (GrpcClientProtocolClient.java:onNext(264)) - client-9B4AC7B4A30D->8dae3b80-5600-44e3-9df5-13b3719afed7: receive RaftClientReply:client-9B4AC7B4A30D->8dae3b80-5600-44e3-9df5-13b3719afed7@group-23F4C195A245, cid=32, FAILED org.apache.ratis.protocol.NotLeaderException: Server 8dae3b80-5600-44e3-9df5-13b3719afed7@group-23F4C195A245 is not the leader f8d8d9c4-afe8-4cc5-8788-d0697b0baa61:192.168.5.130:40344, logIndex=0, commits[8dae3b80-5600-44e3-9df5-13b3719afed7:c10, 639d7dff-6a78-4ecf-aa0a-b8a4b660182e:c6, f8d8d9c4-afe8-4cc5-8788-d0697b0baa61:c10]
2019-09-17 12:34:04,104 [org.apache.ratis.server.impl.LogAppender$AppenderDaemon$$Lambda$490/985692452@6f425e43] ERROR ratis.XceiverServerRatis (XceiverServerRatis.java:triggerPipelineClose(575)) - pipeline Action CLOSE  on pipeline PipelineID=571f8e8f-570d-4ddc-9fe4-23f4c195a245.Reason : f8d8d9c4-afe8-4cc5-8788-d0697b0baa61 has not seen follower/s 8dae3b80-5600-44e3-9df5-13b3719afed7 for 178440ms 639d7dff-6a78-4ecf-aa0a-b8a4b660182e for 178426ms
2019-09-17 12:34:04,104 [org.apache.ratis.server.impl.LogAppender$AppenderDaemon$$Lambda$490/985692452@a6f5df2] ERROR ratis.XceiverServerRatis (XceiverServerRatis.java:triggerPipelineClose(575)) - pipeline Action CLOSE  on pipeline PipelineID=571f8e8f-570d-4ddc-9fe4-23f4c195a245.Reason : f8d8d9c4-afe8-4cc5-8788-d0697b0baa61 has not seen follower/s 8dae3b80-5600-44e3-9df5-13b3719afed7 for 178440ms 639d7dff-6a78-4ecf-aa0a-b8a4b660182e for 178426ms
2019-09-17 12:34:04,603 [java.util.concurrent.ThreadPoolExecutor$Worker@34aff09a[State = -1, empty queue]] WARN  server.GrpcLogAppender (GrpcLogAppender.java:timeoutAppendRequest(200)) - f8d8d9c4-afe8-4cc5-8788-d0697b0baa61@group-23F4C195A245->639d7dff-6a78-4ecf-aa0a-b8a4b660182e-GrpcLogAppender: appendEntries Timeout, request=f8d8d9c4-afe8-4cc5-8788-d0697b0baa61->639d7dff-6a78-4ecf-aa0a-b8a4b660182e#160-t1, previous=(t:1, i:14), leaderCommit=10, initializing? false, entries: <empty>
2019-09-17 12:34:04,603 [java.util.concurrent.ThreadPoolExecutor$Worker@5fa0ca4a[State = -1, empty queue]] WARN  server.GrpcLogAppender (GrpcLogAppender.java:timeoutAppendRequest(200)) - f8d8d9c4-afe8-4cc5-8788-d0697b0baa61@group-23F4C195A245->8dae3b80-5600-44e3-9df5-13b3719afed7-GrpcLogAppender: appendEntries Timeout, request=f8d8d9c4-afe8-4cc5-8788-d0697b0baa61->8dae3b80-5600-44e3-9df5-13b3719afed7#160-t1, previous=(t:1, i:14), leaderCommit=10, initializing? false, entries: <empty>
2019-09-17 12:34:05,096 [EventQueue-PipelineActionsForPipelineActionHandler] ERROR pipeline.PipelineActionHandler (PipelineActionHandler.java:onMessage(60)) - Received pipeline action CLOSE for Pipeline[ Id: 571f8e8f-570d-4ddc-9fe4-23f4c195a245, Nodes: 639d7dff-6a78-4ecf-aa0a-b8a4b660182e{ip: 192.168.5.130, host: pr-hdds-2136-chhj8-2666454444, networkLocation: /default-rack, certSerialId: null}8dae3b80-5600-44e3-9df5-13b3719afed7{ip: 192.168.5.130, host: pr-hdds-2136-chhj8-2666454444, networkLocation: /default-rack, certSerialId: null}f8d8d9c4-afe8-4cc5-8788-d0697b0baa61{ip: 192.168.5.130, host: pr-hdds-2136-chhj8-2666454444, networkLocation: /default-rack, certSerialId: null}, Type:RATIS, Factor:THREE, State:CLOSED] from datanode f8d8d9c4-afe8-4cc5-8788-d0697b0baa61{ip: 192.168.5.130, host: pr-hdds-2136-chhj8-2666454444, networkLocation: /default-rack, certSerialId: null}. Reason : f8d8d9c4-afe8-4cc5-8788-d0697b0baa61 has not seen follower/s 8dae3b80-5600-44e3-9df5-13b3719afed7 for 178440ms 639d7dff-6a78-4ecf-aa0a-b8a4b660182e for 178426ms
2019-09-17 12:34:05,096 [EventQueue-PipelineActionsForPipelineActionHandler] INFO  pipeline.SCMPipelineManager (SCMPipelineManager.java:finalizeAndDestroyPipeline(311)) - destroying pipeline:Pipeline[ Id: 571f8e8f-570d-4ddc-9fe4-23f4c195a245, Nodes: 639d7dff-6a78-4ecf-aa0a-b8a4b660182e{ip: 192.168.5.130, host: pr-hdds-2136-chhj8-2666454444, networkLocation: /default-rack, certSerialId: null}8dae3b80-5600-44e3-9df5-13b3719afed7{ip: 192.168.5.130, host: pr-hdds-2136-chhj8-2666454444, networkLocation: /default-rack, certSerialId: null}f8d8d9c4-afe8-4cc5-8788-d0697b0baa61{ip: 192.168.5.130, host: pr-hdds-2136-chhj8-2666454444, networkLocation: /default-rack, certSerialId: null}, Type:RATIS, Factor:THREE, State:CLOSED]
2019-09-17 12:34:05,900 [f8d8d9c4-afe8-4cc5-8788-d0697b0baa61@group-23F4C195A245-SegmentedRaftLogWorker] WARN  segmented.SegmentedRaftLogWorker (SegmentedRaftLogWorker.java:getFromFuture(90)) - Timeout 17/~
org.apache.ratis.protocol.TimeoutIOException: Timeout 10s: WriteLog:11: (t:1, i:11), STATEMACHINELOGENTRY, client-9B4AC7B4A30D, cid=32-writeStateMachineData
	at org.apache.ratis.util.IOUtils.getFromFuture(IOUtils.java:87)
	at org.apache.ratis.server.raftlog.segmented.SegmentedRaftLogWorker$StateMachineDataPolicy.getFromFuture(SegmentedRaftLogWorker.java:87)
	at org.apache.ratis.server.raftlog.segmented.SegmentedRaftLogWorker$WriteLog.execute(SegmentedRaftLogWorker.java:477)
	at org.apache.ratis.server.raftlog.segmented.SegmentedRaftLogWorker.run(SegmentedRaftLogWorker.java:289)
	at java.lang.Thread.run(Thread.java:748)
Caused by: java.util.concurrent.TimeoutException
	at java.util.concurrent.CompletableFuture.timedGet(CompletableFuture.java:1771)
	at java.util.concurrent.CompletableFuture.get(CompletableFuture.java:1915)
	at org.apache.ratis.util.IOUtils.getFromFuture(IOUtils.java:79)
	... 4 more
2019-09-17 12:34:06,090 [639d7dff-6a78-4ecf-aa0a-b8a4b660182e@group-23F4C195A245-SegmentedRaftLogWorker] WARN  segmented.SegmentedRaftLogWorker (SegmentedRaftLogWorker.java:getFromFuture(90)) - Timeout 17/~
org.apache.ratis.protocol.TimeoutIOException: Timeout 10s: WriteLog:12: (t:1, i:12), STATEMACHINELOGENTRY, client-9B4AC7B4A30D, cid=33-writeStateMachineData
	at org.apache.ratis.util.IOUtils.getFromFuture(IOUtils.java:87)
	at org.apache.ratis.server.raftlog.segmented.SegmentedRaftLogWorker$StateMachineDataPolicy.getFromFuture(SegmentedRaftLogWorker.java:87)
	at org.apache.ratis.server.raftlog.segmented.SegmentedRaftLogWorker$WriteLog.execute(SegmentedRaftLogWorker.java:477)
	at org.apache.ratis.server.raftlog.segmented.SegmentedRaftLogWorker.run(SegmentedRaftLogWorker.java:289)
	at java.lang.Thread.run(Thread.java:748)
Caused by: java.util.concurrent.TimeoutException
	at java.util.concurrent.CompletableFuture.timedGet(CompletableFuture.java:1771)
	at java.util.concurrent.CompletableFuture.get(CompletableFuture.java:1915)
	at org.apache.ratis.util.IOUtils.getFromFuture(IOUtils.java:79)
	... 4 more
2019-09-17 12:34:06,091 [8dae3b80-5600-44e3-9df5-13b3719afed7@group-23F4C195A245-SegmentedRaftLogWorker] WARN  segmented.SegmentedRaftLogWorker (SegmentedRaftLogWorker.java:getFromFuture(90)) - Timeout 17/~
org.apache.ratis.protocol.TimeoutIOException: Timeout 10s: WriteLog:12: (t:1, i:12), STATEMACHINELOGENTRY, client-9B4AC7B4A30D, cid=33-writeStateMachineData
	at org.apache.ratis.util.IOUtils.getFromFuture(IOUtils.java:87)
	at org.apache.ratis.server.raftlog.segmented.SegmentedRaftLogWorker$StateMachineDataPolicy.getFromFuture(SegmentedRaftLogWorker.java:87)
	at org.apache.ratis.server.raftlog.segmented.SegmentedRaftLogWorker$WriteLog.execute(SegmentedRaftLogWorker.java:477)
	at org.apache.ratis.server.raftlog.segmented.SegmentedRaftLogWorker.run(SegmentedRaftLogWorker.java:289)
	at java.lang.Thread.run(Thread.java:748)
Caused by: java.util.concurrent.TimeoutException
	at java.util.concurrent.CompletableFuture.timedGet(CompletableFuture.java:1771)
	at java.util.concurrent.CompletableFuture.get(CompletableFuture.java:1915)
	at org.apache.ratis.util.IOUtils.getFromFuture(IOUtils.java:79)
	... 4 more
2019-09-17 12:34:06,605 [org.apache.ratis.server.impl.LogAppender$AppenderDaemon$$Lambda$490/985692452@6f425e43] ERROR ratis.XceiverServerRatis (XceiverServerRatis.java:triggerPipelineClose(575)) - pipeline Action CLOSE  on pipeline PipelineID=571f8e8f-570d-4ddc-9fe4-23f4c195a245.Reason : f8d8d9c4-afe8-4cc5-8788-d0697b0baa61 has not seen follower/s 8dae3b80-5600-44e3-9df5-13b3719afed7 for 180941ms 639d7dff-6a78-4ecf-aa0a-b8a4b660182e for 180927ms
2019-09-17 12:34:06,605 [org.apache.ratis.server.impl.LogAppender$AppenderDaemon$$Lambda$490/985692452@a6f5df2] ERROR ratis.XceiverServerRatis (XceiverServerRatis.java:triggerPipelineClose(575)) - pipeline Action CLOSE  on pipeline PipelineID=571f8e8f-570d-4ddc-9fe4-23f4c195a245.Reason : f8d8d9c4-afe8-4cc5-8788-d0697b0baa61 has not seen follower/s 8dae3b80-5600-44e3-9df5-13b3719afed7 for 180941ms 639d7dff-6a78-4ecf-aa0a-b8a4b660182e for 180927ms
2019-09-17 12:34:07,096 [EventQueue-PipelineActionsForPipelineActionHandler] ERROR pipeline.PipelineActionHandler (PipelineActionHandler.java:onMessage(60)) - Received pipeline action CLOSE for Pipeline[ Id: 571f8e8f-570d-4ddc-9fe4-23f4c195a245, Nodes: 639d7dff-6a78-4ecf-aa0a-b8a4b660182e{ip: 192.168.5.130, host: pr-hdds-2136-chhj8-2666454444, networkLocation: /default-rack, certSerialId: null}8dae3b80-5600-44e3-9df5-13b3719afed7{ip: 192.168.5.130, host: pr-hdds-2136-chhj8-2666454444, networkLocation: /default-rack, certSerialId: null}f8d8d9c4-afe8-4cc5-8788-d0697b0baa61{ip: 192.168.5.130, host: pr-hdds-2136-chhj8-2666454444, networkLocation: /default-rack, certSerialId: null}, Type:RATIS, Factor:THREE, State:CLOSED] from datanode f8d8d9c4-afe8-4cc5-8788-d0697b0baa61{ip: 192.168.5.130, host: pr-hdds-2136-chhj8-2666454444, networkLocation: /default-rack, certSerialId: null}. Reason : f8d8d9c4-afe8-4cc5-8788-d0697b0baa61 has not seen follower/s 8dae3b80-5600-44e3-9df5-13b3719afed7 for 180941ms 639d7dff-6a78-4ecf-aa0a-b8a4b660182e for 180927ms
2019-09-17 12:34:07,096 [EventQueue-PipelineActionsForPipelineActionHandler] INFO  pipeline.SCMPipelineManager (SCMPipelineManager.java:finalizeAndDestroyPipeline(311)) - destroying pipeline:Pipeline[ Id: 571f8e8f-570d-4ddc-9fe4-23f4c195a245, Nodes: 639d7dff-6a78-4ecf-aa0a-b8a4b660182e{ip: 192.168.5.130, host: pr-hdds-2136-chhj8-2666454444, networkLocation: /default-rack, certSerialId: null}8dae3b80-5600-44e3-9df5-13b3719afed7{ip: 192.168.5.130, host: pr-hdds-2136-chhj8-2666454444, networkLocation: /default-rack, certSerialId: null}f8d8d9c4-afe8-4cc5-8788-d0697b0baa61{ip: 192.168.5.130, host: pr-hdds-2136-chhj8-2666454444, networkLocation: /default-rack, certSerialId: null}, Type:RATIS, Factor:THREE, State:CLOSED]
2019-09-17 12:34:07,104 [java.util.concurrent.ThreadPoolExecutor$Worker@5fa0ca4a[State = -1, empty queue]] WARN  server.GrpcLogAppender (GrpcLogAppender.java:timeoutAppendRequest(200)) - f8d8d9c4-afe8-4cc5-8788-d0697b0baa61@group-23F4C195A245->8dae3b80-5600-44e3-9df5-13b3719afed7-GrpcLogAppender: appendEntries Timeout, request=f8d8d9c4-afe8-4cc5-8788-d0697b0baa61->8dae3b80-5600-44e3-9df5-13b3719afed7#161-t1, previous=(t:1, i:14), leaderCommit=10, initializing? false, entries: <empty>
2019-09-17 12:34:07,104 [java.util.concurrent.ThreadPoolExecutor$Worker@34aff09a[State = -1, empty queue]] WARN  server.GrpcLogAppender (GrpcLogAppender.java:timeoutAppendRequest(200)) - f8d8d9c4-afe8-4cc5-8788-d0697b0baa61@group-23F4C195A245->639d7dff-6a78-4ecf-aa0a-b8a4b660182e-GrpcLogAppender: appendEntries Timeout, request=f8d8d9c4-afe8-4cc5-8788-d0697b0baa61->639d7dff-6a78-4ecf-aa0a-b8a4b660182e#161-t1, previous=(t:1, i:14), leaderCommit=10, initializing? false, entries: <empty>
2019-09-17 12:34:07,473 [grpc-default-executor-0] INFO  client.GrpcClientProtocolClient (GrpcClientProtocolClient.java:onNext(264)) - client-9B4AC7B4A30D->8dae3b80-5600-44e3-9df5-13b3719afed7: receive RaftClientReply:client-9B4AC7B4A30D->8dae3b80-5600-44e3-9df5-13b3719afed7@group-23F4C195A245, cid=32, FAILED org.apache.ratis.protocol.NotLeaderException: Server 8dae3b80-5600-44e3-9df5-13b3719afed7@group-23F4C195A245 is not the leader f8d8d9c4-afe8-4cc5-8788-d0697b0baa61:192.168.5.130:40344, logIndex=0, commits[8dae3b80-5600-44e3-9df5-13b3719afed7:c10, 639d7dff-6a78-4ecf-aa0a-b8a4b660182e:c6, f8d8d9c4-afe8-4cc5-8788-d0697b0baa61:c10]
2019-09-17 12:34:09,106 [org.apache.ratis.server.impl.LogAppender$AppenderDaemon$$Lambda$490/985692452@6f425e43] ERROR ratis.XceiverServerRatis (XceiverServerRatis.java:triggerPipelineClose(575)) - pipeline Action CLOSE  on pipeline PipelineID=571f8e8f-570d-4ddc-9fe4-23f4c195a245.Reason : f8d8d9c4-afe8-4cc5-8788-d0697b0baa61 has not seen follower/s 8dae3b80-5600-44e3-9df5-13b3719afed7 for 183442ms 639d7dff-6a78-4ecf-aa0a-b8a4b660182e for 183428ms
2019-09-17 12:34:09,106 [org.apache.ratis.server.impl.LogAppender$AppenderDaemon$$Lambda$490/985692452@a6f5df2] ERROR ratis.XceiverServerRatis (XceiverServerRatis.java:triggerPipelineClose(575)) - pipeline Action CLOSE  on pipeline PipelineID=571f8e8f-570d-4ddc-9fe4-23f4c195a245.Reason : f8d8d9c4-afe8-4cc5-8788-d0697b0baa61 has not seen follower/s 8dae3b80-5600-44e3-9df5-13b3719afed7 for 183442ms 639d7dff-6a78-4ecf-aa0a-b8a4b660182e for 183428ms
2019-09-17 12:34:09,605 [java.util.concurrent.ThreadPoolExecutor$Worker@5fa0ca4a[State = -1, empty queue]] WARN  server.GrpcLogAppender (GrpcLogAppender.java:timeoutAppendRequest(200)) - f8d8d9c4-afe8-4cc5-8788-d0697b0baa61@group-23F4C195A245->8dae3b80-5600-44e3-9df5-13b3719afed7-GrpcLogAppender: appendEntries Timeout, request=f8d8d9c4-afe8-4cc5-8788-d0697b0baa61->8dae3b80-5600-44e3-9df5-13b3719afed7#162-t1, previous=(t:1, i:14), leaderCommit=10, initializing? false, entries: <empty>
2019-09-17 12:34:09,605 [java.util.concurrent.ThreadPoolExecutor$Worker@34aff09a[State = -1, empty queue]] WARN  server.GrpcLogAppender (GrpcLogAppender.java:timeoutAppendRequest(200)) - f8d8d9c4-afe8-4cc5-8788-d0697b0baa61@group-23F4C195A245->639d7dff-6a78-4ecf-aa0a-b8a4b660182e-GrpcLogAppender: appendEntries Timeout, request=f8d8d9c4-afe8-4cc5-8788-d0697b0baa61->639d7dff-6a78-4ecf-aa0a-b8a4b660182e#162-t1, previous=(t:1, i:14), leaderCommit=10, initializing? false, entries: <empty>
2019-09-17 12:34:10,097 [EventQueue-PipelineActionsForPipelineActionHandler] ERROR pipeline.PipelineActionHandler (PipelineActionHandler.java:onMessage(60)) - Received pipeline action CLOSE for Pipeline[ Id: 571f8e8f-570d-4ddc-9fe4-23f4c195a245, Nodes: 639d7dff-6a78-4ecf-aa0a-b8a4b660182e{ip: 192.168.5.130, host: pr-hdds-2136-chhj8-2666454444, networkLocation: /default-rack, certSerialId: null}8dae3b80-5600-44e3-9df5-13b3719afed7{ip: 192.168.5.130, host: pr-hdds-2136-chhj8-2666454444, networkLocation: /default-rack, certSerialId: null}f8d8d9c4-afe8-4cc5-8788-d0697b0baa61{ip: 192.168.5.130, host: pr-hdds-2136-chhj8-2666454444, networkLocation: /default-rack, certSerialId: null}, Type:RATIS, Factor:THREE, State:CLOSED] from datanode f8d8d9c4-afe8-4cc5-8788-d0697b0baa61{ip: 192.168.5.130, host: pr-hdds-2136-chhj8-2666454444, networkLocation: /default-rack, certSerialId: null}. Reason : f8d8d9c4-afe8-4cc5-8788-d0697b0baa61 has not seen follower/s 8dae3b80-5600-44e3-9df5-13b3719afed7 for 183442ms 639d7dff-6a78-4ecf-aa0a-b8a4b660182e for 183428ms
2019-09-17 12:34:10,097 [EventQueue-PipelineActionsForPipelineActionHandler] INFO  pipeline.SCMPipelineManager (SCMPipelineManager.java:finalizeAndDestroyPipeline(311)) - destroying pipeline:Pipeline[ Id: 571f8e8f-570d-4ddc-9fe4-23f4c195a245, Nodes: 639d7dff-6a78-4ecf-aa0a-b8a4b660182e{ip: 192.168.5.130, host: pr-hdds-2136-chhj8-2666454444, networkLocation: /default-rack, certSerialId: null}8dae3b80-5600-44e3-9df5-13b3719afed7{ip: 192.168.5.130, host: pr-hdds-2136-chhj8-2666454444, networkLocation: /default-rack, certSerialId: null}f8d8d9c4-afe8-4cc5-8788-d0697b0baa61{ip: 192.168.5.130, host: pr-hdds-2136-chhj8-2666454444, networkLocation: /default-rack, certSerialId: null}, Type:RATIS, Factor:THREE, State:CLOSED]
2019-09-17 12:34:11,607 [org.apache.ratis.server.impl.LogAppender$AppenderDaemon$$Lambda$490/985692452@a6f5df2] ERROR ratis.XceiverServerRatis (XceiverServerRatis.java:triggerPipelineClose(575)) - pipeline Action CLOSE  on pipeline PipelineID=571f8e8f-570d-4ddc-9fe4-23f4c195a245.Reason : f8d8d9c4-afe8-4cc5-8788-d0697b0baa61 has not seen follower/s 8dae3b80-5600-44e3-9df5-13b3719afed7 for 185943ms 639d7dff-6a78-4ecf-aa0a-b8a4b660182e for 185929ms
2019-09-17 12:34:11,607 [org.apache.ratis.server.impl.LogAppender$AppenderDaemon$$Lambda$490/985692452@6f425e43] ERROR ratis.XceiverServerRatis (XceiverServerRatis.java:triggerPipelineClose(575)) - pipeline Action CLOSE  on pipeline PipelineID=571f8e8f-570d-4ddc-9fe4-23f4c195a245.Reason : f8d8d9c4-afe8-4cc5-8788-d0697b0baa61 has not seen follower/s 8dae3b80-5600-44e3-9df5-13b3719afed7 for 185943ms 639d7dff-6a78-4ecf-aa0a-b8a4b660182e for 185929ms
2019-09-17 12:34:12,069 [grpc-default-executor-0] INFO  impl.RaftServerProxy (RaftServerProxy.java:remove(95)) - 639d7dff-6a78-4ecf-aa0a-b8a4b660182e: remove  FOLLOWER 639d7dff-6a78-4ecf-aa0a-b8a4b660182e@group-23F4C195A245:t1, leader=f8d8d9c4-afe8-4cc5-8788-d0697b0baa61, voted=639d7dff-6a78-4ecf-aa0a-b8a4b660182e, raftlog=639d7dff-6a78-4ecf-aa0a-b8a4b660182e@group-23F4C195A245-SegmentedRaftLog:OPENED:c10,f10,i14, conf=0: [8dae3b80-5600-44e3-9df5-13b3719afed7:192.168.5.130:36507, 639d7dff-6a78-4ecf-aa0a-b8a4b660182e:192.168.5.130:46697, f8d8d9c4-afe8-4cc5-8788-d0697b0baa61:192.168.5.130:40344], old=null RUNNING
2019-09-17 12:34:12,070 [grpc-default-executor-0] INFO  impl.RaftServerImpl (RaftServerImpl.java:lambda$shutdown$3(251)) - 639d7dff-6a78-4ecf-aa0a-b8a4b660182e@group-23F4C195A245: shutdown
2019-09-17 12:34:12,070 [grpc-default-executor-0] INFO  util.JmxRegister (JmxRegister.java:unregister(73)) - Successfully un-registered JMX Bean with object name Ratis:service=RaftServer,group=group-23F4C195A245,id=639d7dff-6a78-4ecf-aa0a-b8a4b660182e
2019-09-17 12:34:12,071 [grpc-default-executor-0] INFO  impl.RoleInfo (RoleInfo.java:shutdownFollowerState(121)) - 639d7dff-6a78-4ecf-aa0a-b8a4b660182e: shutdown FollowerState
2019-09-17 12:34:12,071 [grpc-default-executor-0] INFO  impl.StateMachineUpdater (StateMachineUpdater.java:stopAndJoin(125)) - 639d7dff-6a78-4ecf-aa0a-b8a4b660182e@group-23F4C195A245-StateMachineUpdater: set stopIndex = 10
2019-09-17 12:34:12,071 [639d7dff-6a78-4ecf-aa0a-b8a4b660182e@group-23F4C195A245-StateMachineUpdater] INFO  ratis.ContainerStateMachine (ContainerStateMachine.java:takeSnapshot(289)) - group-23F4C195A245: Taking a snapshot at:(t:1, i:6) file /tmp/workdir/hadoop-ozone/integration-test/target/test-dir/MiniOzoneClusterImpl-d179b17f-26b4-4b11-871f-a9170d0e99dc/datanode-3/data/ratis/571f8e8f-570d-4ddc-9fe4-23f4c195a245/sm/snapshot.1_6
2019-09-17 12:34:12,071 [Thread-326] INFO  impl.FollowerState (FollowerState.java:run(115)) - 639d7dff-6a78-4ecf-aa0a-b8a4b660182e: FollowerState was interrupted: java.lang.InterruptedException: sleep interrupted
2019-09-17 12:34:12,089 [639d7dff-6a78-4ecf-aa0a-b8a4b660182e@group-23F4C195A245-StateMachineUpdater] INFO  ratis.ContainerStateMachine (ContainerStateMachine.java:takeSnapshot(300)) - group-23F4C195A245: Finished taking a snapshot at:(t:1, i:6) file:/tmp/workdir/hadoop-ozone/integration-test/target/test-dir/MiniOzoneClusterImpl-d179b17f-26b4-4b11-871f-a9170d0e99dc/datanode-3/data/ratis/571f8e8f-570d-4ddc-9fe4-23f4c195a245/sm/snapshot.1_6 time:17
2019-09-17 12:34:12,089 [639d7dff-6a78-4ecf-aa0a-b8a4b660182e@group-23F4C195A245-StateMachineUpdater] INFO  impl.StateMachineUpdater (StateMachineUpdater.java:takeSnapshot(258)) - 639d7dff-6a78-4ecf-aa0a-b8a4b660182e@group-23F4C195A245-StateMachineUpdater: Took a snapshot at index 6
2019-09-17 12:34:12,089 [639d7dff-6a78-4ecf-aa0a-b8a4b660182e@group-23F4C195A245-StateMachineUpdater] INFO  impl.StateMachineUpdater (StateMachineUpdater.java:lambda$new$0(83)) - 639d7dff-6a78-4ecf-aa0a-b8a4b660182e@group-23F4C195A245-StateMachineUpdater: snapshotIndex: updateIncreasingly -1 -> 6
2019-09-17 12:34:12,090 [639d7dff-6a78-4ecf-aa0a-b8a4b660182e@group-23F4C195A245-StateMachineUpdater] INFO  ratis.ContainerStateMachine (ContainerStateMachine.java:takeSnapshot(289)) - group-23F4C195A245: Taking a snapshot at:(t:1, i:6) file /tmp/workdir/hadoop-ozone/integration-test/target/test-dir/MiniOzoneClusterImpl-d179b17f-26b4-4b11-871f-a9170d0e99dc/datanode-3/data/ratis/571f8e8f-570d-4ddc-9fe4-23f4c195a245/sm/snapshot.1_6
2019-09-17 12:34:12,096 [EventQueue-PipelineActionsForPipelineActionHandler] ERROR pipeline.PipelineActionHandler (PipelineActionHandler.java:onMessage(60)) - Received pipeline action CLOSE for Pipeline[ Id: 571f8e8f-570d-4ddc-9fe4-23f4c195a245, Nodes: 639d7dff-6a78-4ecf-aa0a-b8a4b660182e{ip: 192.168.5.130, host: pr-hdds-2136-chhj8-2666454444, networkLocation: /default-rack, certSerialId: null}8dae3b80-5600-44e3-9df5-13b3719afed7{ip: 192.168.5.130, host: pr-hdds-2136-chhj8-2666454444, networkLocation: /default-rack, certSerialId: null}f8d8d9c4-afe8-4cc5-8788-d0697b0baa61{ip: 192.168.5.130, host: pr-hdds-2136-chhj8-2666454444, networkLocation: /default-rack, certSerialId: null}, Type:RATIS, Factor:THREE, State:CLOSED] from datanode f8d8d9c4-afe8-4cc5-8788-d0697b0baa61{ip: 192.168.5.130, host: pr-hdds-2136-chhj8-2666454444, networkLocation: /default-rack, certSerialId: null}. Reason : f8d8d9c4-afe8-4cc5-8788-d0697b0baa61 has not seen follower/s 8dae3b80-5600-44e3-9df5-13b3719afed7 for 185943ms 639d7dff-6a78-4ecf-aa0a-b8a4b660182e for 185929ms
2019-09-17 12:34:12,096 [EventQueue-PipelineActionsForPipelineActionHandler] INFO  pipeline.SCMPipelineManager (SCMPipelineManager.java:finalizeAndDestroyPipeline(311)) - destroying pipeline:Pipeline[ Id: 571f8e8f-570d-4ddc-9fe4-23f4c195a245, Nodes: 639d7dff-6a78-4ecf-aa0a-b8a4b660182e{ip: 192.168.5.130, host: pr-hdds-2136-chhj8-2666454444, networkLocation: /default-rack, certSerialId: null}8dae3b80-5600-44e3-9df5-13b3719afed7{ip: 192.168.5.130, host: pr-hdds-2136-chhj8-2666454444, networkLocation: /default-rack, certSerialId: null}f8d8d9c4-afe8-4cc5-8788-d0697b0baa61{ip: 192.168.5.130, host: pr-hdds-2136-chhj8-2666454444, networkLocation: /default-rack, certSerialId: null}, Type:RATIS, Factor:THREE, State:CLOSED]
2019-09-17 12:34:12,106 [java.util.concurrent.ThreadPoolExecutor$Worker@5fa0ca4a[State = -1, empty queue]] WARN  server.GrpcLogAppender (GrpcLogAppender.java:timeoutAppendRequest(200)) - f8d8d9c4-afe8-4cc5-8788-d0697b0baa61@group-23F4C195A245->8dae3b80-5600-44e3-9df5-13b3719afed7-GrpcLogAppender: appendEntries Timeout, request=f8d8d9c4-afe8-4cc5-8788-d0697b0baa61->8dae3b80-5600-44e3-9df5-13b3719afed7#163-t1, previous=(t:1, i:14), leaderCommit=10, initializing? false, entries: <empty>
2019-09-17 12:34:12,106 [java.util.concurrent.ThreadPoolExecutor$Worker@34aff09a[State = -1, empty queue]] WARN  server.GrpcLogAppender (GrpcLogAppender.java:timeoutAppendRequest(200)) - f8d8d9c4-afe8-4cc5-8788-d0697b0baa61@group-23F4C195A245->639d7dff-6a78-4ecf-aa0a-b8a4b660182e-GrpcLogAppender: appendEntries Timeout, request=f8d8d9c4-afe8-4cc5-8788-d0697b0baa61->639d7dff-6a78-4ecf-aa0a-b8a4b660182e#163-t1, previous=(t:1, i:14), leaderCommit=10, initializing? false, entries: <empty>
2019-09-17 12:34:12,111 [639d7dff-6a78-4ecf-aa0a-b8a4b660182e@group-23F4C195A245-StateMachineUpdater] INFO  ratis.ContainerStateMachine (ContainerStateMachine.java:takeSnapshot(300)) - group-23F4C195A245: Finished taking a snapshot at:(t:1, i:6) file:/tmp/workdir/hadoop-ozone/integration-test/target/test-dir/MiniOzoneClusterImpl-d179b17f-26b4-4b11-871f-a9170d0e99dc/datanode-3/data/ratis/571f8e8f-570d-4ddc-9fe4-23f4c195a245/sm/snapshot.1_6 time:21
2019-09-17 12:34:12,112 [639d7dff-6a78-4ecf-aa0a-b8a4b660182e@group-23F4C195A245-StateMachineUpdater] INFO  impl.StateMachineUpdater (StateMachineUpdater.java:takeSnapshot(258)) - 639d7dff-6a78-4ecf-aa0a-b8a4b660182e@group-23F4C195A245-StateMachineUpdater: Took a snapshot at index 6
2019-09-17 12:34:12,112 [639d7dff-6a78-4ecf-aa0a-b8a4b660182e@group-23F4C195A245-StateMachineUpdater] INFO  impl.StateMachineUpdater (StateMachineUpdater.java:lambda$new$0(83)) - 639d7dff-6a78-4ecf-aa0a-b8a4b660182e@group-23F4C195A245-StateMachineUpdater: snapshotIndex: updateIncreasingly 6 -> 6
2019-09-17 12:34:12,113 [grpc-default-executor-0] INFO  impl.RaftServerImpl (ServerState.java:close(385)) - 639d7dff-6a78-4ecf-aa0a-b8a4b660182e@group-23F4C195A245: closes. applyIndex: 10
2019-09-17 12:34:12,118 [639d7dff-6a78-4ecf-aa0a-b8a4b660182e@group-23F4C195A245-SegmentedRaftLogWorker] ERROR ratis.XceiverServerRatis (XceiverServerRatis.java:triggerPipelineClose(575)) - pipeline Action CLOSE  on pipeline PipelineID=571f8e8f-570d-4ddc-9fe4-23f4c195a245.Reason : WriteLog:12: (t:1, i:12), STATEMACHINELOGENTRY, client-9B4AC7B4A30D, cid=33-writeStateMachineData interrupted.
2019-09-17 12:34:12,121 [EventQueue-PipelineActionsForPipelineActionHandler] ERROR pipeline.PipelineActionHandler (PipelineActionHandler.java:onMessage(60)) - Received pipeline action CLOSE for Pipeline[ Id: 571f8e8f-570d-4ddc-9fe4-23f4c195a245, Nodes: 639d7dff-6a78-4ecf-aa0a-b8a4b660182e{ip: 192.168.5.130, host: pr-hdds-2136-chhj8-2666454444, networkLocation: /default-rack, certSerialId: null}8dae3b80-5600-44e3-9df5-13b3719afed7{ip: 192.168.5.130, host: pr-hdds-2136-chhj8-2666454444, networkLocation: /default-rack, certSerialId: null}f8d8d9c4-afe8-4cc5-8788-d0697b0baa61{ip: 192.168.5.130, host: pr-hdds-2136-chhj8-2666454444, networkLocation: /default-rack, certSerialId: null}, Type:RATIS, Factor:THREE, State:CLOSED] from datanode 639d7dff-6a78-4ecf-aa0a-b8a4b660182e{ip: 192.168.5.130, host: pr-hdds-2136-chhj8-2666454444, networkLocation: /default-rack, certSerialId: null}. Reason : WriteLog:12: (t:1, i:12), STATEMACHINELOGENTRY, client-9B4AC7B4A30D, cid=33-writeStateMachineData interrupted.
2019-09-17 12:34:12,121 [EventQueue-PipelineActionsForPipelineActionHandler] INFO  pipeline.SCMPipelineManager (SCMPipelineManager.java:finalizeAndDestroyPipeline(311)) - destroying pipeline:Pipeline[ Id: 571f8e8f-570d-4ddc-9fe4-23f4c195a245, Nodes: 639d7dff-6a78-4ecf-aa0a-b8a4b660182e{ip: 192.168.5.130, host: pr-hdds-2136-chhj8-2666454444, networkLocation: /default-rack, certSerialId: null}8dae3b80-5600-44e3-9df5-13b3719afed7{ip: 192.168.5.130, host: pr-hdds-2136-chhj8-2666454444, networkLocation: /default-rack, certSerialId: null}f8d8d9c4-afe8-4cc5-8788-d0697b0baa61{ip: 192.168.5.130, host: pr-hdds-2136-chhj8-2666454444, networkLocation: /default-rack, certSerialId: null}, Type:RATIS, Factor:THREE, State:CLOSED]
2019-09-17 12:34:12,125 [grpc-default-executor-0] INFO  segmented.SegmentedRaftLogWorker (SegmentedRaftLogWorker.java:close(228)) - 639d7dff-6a78-4ecf-aa0a-b8a4b660182e@group-23F4C195A245-SegmentedRaftLogWorker close()
2019-09-17 12:34:12,142 [grpc-default-executor-0] INFO  interfaces.Container (KeyValueContainer.java:flushAndSyncDB(386)) - Container 3 is synced with bcsId 6.
2019-09-17 12:34:12,142 [grpc-default-executor-0] INFO  interfaces.Container (KeyValueContainer.java:flushAndSyncDB(386)) - Container 3 is synced with bcsId 6.
2019-09-17 12:34:12,152 [EventQueue-IncrementalContainerReportForIncrementalContainerReportHandler] INFO  container.IncrementalContainerReportHandler (AbstractContainerReportHandler.java:updateContainerState(169)) - Moving container #3 to QUASI_CLOSED state, datanode 639d7dff-6a78-4ecf-aa0a-b8a4b660182e{ip: 192.168.5.130, host: pr-hdds-2136-chhj8-2666454444, networkLocation: /default-rack, certSerialId: null} reported QUASI_CLOSED replica.
2019-09-17 12:34:12,178 [grpc-default-executor-0] INFO  interfaces.Container (KeyValueContainer.java:flushAndSyncDB(386)) - Container 4 is synced with bcsId 0.
2019-09-17 12:34:12,178 [grpc-default-executor-0] INFO  interfaces.Container (KeyValueContainer.java:flushAndSyncDB(386)) - Container 4 is synced with bcsId 0.
2019-09-17 12:34:12,189 [EventQueue-IncrementalContainerReportForIncrementalContainerReportHandler] INFO  container.IncrementalContainerReportHandler (AbstractContainerReportHandler.java:updateContainerState(169)) - Moving container #4 to QUASI_CLOSED state, datanode 639d7dff-6a78-4ecf-aa0a-b8a4b660182e{ip: 192.168.5.130, host: pr-hdds-2136-chhj8-2666454444, networkLocation: /default-rack, certSerialId: null} reported QUASI_CLOSED replica.
2019-09-17 12:34:12,193 [grpc-default-executor-0] INFO  impl.RaftServerProxy (RaftServerProxy.java:remove(95)) - 8dae3b80-5600-44e3-9df5-13b3719afed7: remove  FOLLOWER 8dae3b80-5600-44e3-9df5-13b3719afed7@group-23F4C195A245:t1, leader=f8d8d9c4-afe8-4cc5-8788-d0697b0baa61, voted=f8d8d9c4-afe8-4cc5-8788-d0697b0baa61, raftlog=8dae3b80-5600-44e3-9df5-13b3719afed7@group-23F4C195A245-SegmentedRaftLog:OPENED:c10,f10,i14, conf=0: [8dae3b80-5600-44e3-9df5-13b3719afed7:192.168.5.130:36507, 639d7dff-6a78-4ecf-aa0a-b8a4b660182e:192.168.5.130:46697, f8d8d9c4-afe8-4cc5-8788-d0697b0baa61:192.168.5.130:40344], old=null RUNNING
2019-09-17 12:34:12,194 [grpc-default-executor-0] INFO  impl.RaftServerImpl (RaftServerImpl.java:lambda$shutdown$3(251)) - 8dae3b80-5600-44e3-9df5-13b3719afed7@group-23F4C195A245: shutdown
2019-09-17 12:34:12,194 [grpc-default-executor-0] INFO  util.JmxRegister (JmxRegister.java:unregister(73)) - Successfully un-registered JMX Bean with object name Ratis:service=RaftServer,group=group-23F4C195A245,id=8dae3b80-5600-44e3-9df5-13b3719afed7
2019-09-17 12:34:12,194 [grpc-default-executor-0] INFO  impl.RoleInfo (RoleInfo.java:shutdownFollowerState(121)) - 8dae3b80-5600-44e3-9df5-13b3719afed7: shutdown FollowerState
2019-09-17 12:34:12,194 [grpc-default-executor-0] INFO  impl.StateMachineUpdater (StateMachineUpdater.java:stopAndJoin(125)) - 8dae3b80-5600-44e3-9df5-13b3719afed7@group-23F4C195A245-StateMachineUpdater: set stopIndex = 10
2019-09-17 12:34:12,194 [Thread-321] INFO  impl.FollowerState (FollowerState.java:run(115)) - 8dae3b80-5600-44e3-9df5-13b3719afed7: FollowerState was interrupted: java.lang.InterruptedException: sleep interrupted
2019-09-17 12:34:12,194 [8dae3b80-5600-44e3-9df5-13b3719afed7@group-23F4C195A245-StateMachineUpdater] INFO  ratis.ContainerStateMachine (ContainerStateMachine.java:takeSnapshot(289)) - group-23F4C195A245: Taking a snapshot at:(t:1, i:6) file /tmp/workdir/hadoop-ozone/integration-test/target/test-dir/MiniOzoneClusterImpl-d179b17f-26b4-4b11-871f-a9170d0e99dc/datanode-6/data/ratis/571f8e8f-570d-4ddc-9fe4-23f4c195a245/sm/snapshot.1_6
2019-09-17 12:34:12,201 [8dae3b80-5600-44e3-9df5-13b3719afed7@group-23F4C195A245-StateMachineUpdater] INFO  ratis.ContainerStateMachine (ContainerStateMachine.java:takeSnapshot(300)) - group-23F4C195A245: Finished taking a snapshot at:(t:1, i:6) file:/tmp/workdir/hadoop-ozone/integration-test/target/test-dir/MiniOzoneClusterImpl-d179b17f-26b4-4b11-871f-a9170d0e99dc/datanode-6/data/ratis/571f8e8f-570d-4ddc-9fe4-23f4c195a245/sm/snapshot.1_6 time:7
2019-09-17 12:34:12,201 [8dae3b80-5600-44e3-9df5-13b3719afed7@group-23F4C195A245-StateMachineUpdater] INFO  impl.StateMachineUpdater (StateMachineUpdater.java:takeSnapshot(258)) - 8dae3b80-5600-44e3-9df5-13b3719afed7@group-23F4C195A245-StateMachineUpdater: Took a snapshot at index 6
2019-09-17 12:34:12,202 [8dae3b80-5600-44e3-9df5-13b3719afed7@group-23F4C195A245-StateMachineUpdater] INFO  impl.StateMachineUpdater (StateMachineUpdater.java:lambda$new$0(83)) - 8dae3b80-5600-44e3-9df5-13b3719afed7@group-23F4C195A245-StateMachineUpdater: snapshotIndex: updateIncreasingly -1 -> 6
2019-09-17 12:34:12,202 [8dae3b80-5600-44e3-9df5-13b3719afed7@group-23F4C195A245-StateMachineUpdater] INFO  ratis.ContainerStateMachine (ContainerStateMachine.java:takeSnapshot(289)) - group-23F4C195A245: Taking a snapshot at:(t:1, i:6) file /tmp/workdir/hadoop-ozone/integration-test/target/test-dir/MiniOzoneClusterImpl-d179b17f-26b4-4b11-871f-a9170d0e99dc/datanode-6/data/ratis/571f8e8f-570d-4ddc-9fe4-23f4c195a245/sm/snapshot.1_6
2019-09-17 12:34:12,235 [8dae3b80-5600-44e3-9df5-13b3719afed7@group-23F4C195A245-StateMachineUpdater] INFO  ratis.ContainerStateMachine (ContainerStateMachine.java:takeSnapshot(300)) - group-23F4C195A245: Finished taking a snapshot at:(t:1, i:6) file:/tmp/workdir/hadoop-ozone/integration-test/target/test-dir/MiniOzoneClusterImpl-d179b17f-26b4-4b11-871f-a9170d0e99dc/datanode-6/data/ratis/571f8e8f-570d-4ddc-9fe4-23f4c195a245/sm/snapshot.1_6 time:32
2019-09-17 12:34:12,235 [8dae3b80-5600-44e3-9df5-13b3719afed7@group-23F4C195A245-StateMachineUpdater] INFO  impl.StateMachineUpdater (StateMachineUpdater.java:takeSnapshot(258)) - 8dae3b80-5600-44e3-9df5-13b3719afed7@group-23F4C195A245-StateMachineUpdater: Took a snapshot at index 6
2019-09-17 12:34:12,235 [8dae3b80-5600-44e3-9df5-13b3719afed7@group-23F4C195A245-StateMachineUpdater] INFO  impl.StateMachineUpdater (StateMachineUpdater.java:lambda$new$0(83)) - 8dae3b80-5600-44e3-9df5-13b3719afed7@group-23F4C195A245-StateMachineUpdater: snapshotIndex: updateIncreasingly 6 -> 6
2019-09-17 12:34:12,235 [grpc-default-executor-0] INFO  impl.RaftServerImpl (ServerState.java:close(385)) - 8dae3b80-5600-44e3-9df5-13b3719afed7@group-23F4C195A245: closes. applyIndex: 10
2019-09-17 12:34:12,238 [8dae3b80-5600-44e3-9df5-13b3719afed7@group-23F4C195A245-SegmentedRaftLogWorker] ERROR ratis.XceiverServerRatis (XceiverServerRatis.java:triggerPipelineClose(575)) - pipeline Action CLOSE  on pipeline PipelineID=571f8e8f-570d-4ddc-9fe4-23f4c195a245.Reason : WriteLog:12: (t:1, i:12), STATEMACHINELOGENTRY, client-9B4AC7B4A30D, cid=33-writeStateMachineData interrupted.
2019-09-17 12:34:12,241 [EventQueue-PipelineActionsForPipelineActionHandler] ERROR pipeline.PipelineActionHandler (PipelineActionHandler.java:onMessage(60)) - Received pipeline action CLOSE for Pipeline[ Id: 571f8e8f-570d-4ddc-9fe4-23f4c195a245, Nodes: 639d7dff-6a78-4ecf-aa0a-b8a4b660182e{ip: 192.168.5.130, host: pr-hdds-2136-chhj8-2666454444, networkLocation: /default-rack, certSerialId: null}8dae3b80-5600-44e3-9df5-13b3719afed7{ip: 192.168.5.130, host: pr-hdds-2136-chhj8-2666454444, networkLocation: /default-rack, certSerialId: null}f8d8d9c4-afe8-4cc5-8788-d0697b0baa61{ip: 192.168.5.130, host: pr-hdds-2136-chhj8-2666454444, networkLocation: /default-rack, certSerialId: null}, Type:RATIS, Factor:THREE, State:CLOSED] from datanode 8dae3b80-5600-44e3-9df5-13b3719afed7{ip: 192.168.5.130, host: pr-hdds-2136-chhj8-2666454444, networkLocation: /default-rack, certSerialId: null}. Reason : WriteLog:12: (t:1, i:12), STATEMACHINELOGENTRY, client-9B4AC7B4A30D, cid=33-writeStateMachineData interrupted.
2019-09-17 12:34:12,241 [EventQueue-PipelineActionsForPipelineActionHandler] INFO  pipeline.SCMPipelineManager (SCMPipelineManager.java:finalizeAndDestroyPipeline(311)) - destroying pipeline:Pipeline[ Id: 571f8e8f-570d-4ddc-9fe4-23f4c195a245, Nodes: 639d7dff-6a78-4ecf-aa0a-b8a4b660182e{ip: 192.168.5.130, host: pr-hdds-2136-chhj8-2666454444, networkLocation: /default-rack, certSerialId: null}8dae3b80-5600-44e3-9df5-13b3719afed7{ip: 192.168.5.130, host: pr-hdds-2136-chhj8-2666454444, networkLocation: /default-rack, certSerialId: null}f8d8d9c4-afe8-4cc5-8788-d0697b0baa61{ip: 192.168.5.130, host: pr-hdds-2136-chhj8-2666454444, networkLocation: /default-rack, certSerialId: null}, Type:RATIS, Factor:THREE, State:CLOSED]
2019-09-17 12:34:12,249 [grpc-default-executor-0] INFO  segmented.SegmentedRaftLogWorker (SegmentedRaftLogWorker.java:close(228)) - 8dae3b80-5600-44e3-9df5-13b3719afed7@group-23F4C195A245-SegmentedRaftLogWorker close()
2019-09-17 12:34:12,269 [grpc-default-executor-0] INFO  interfaces.Container (KeyValueContainer.java:flushAndSyncDB(386)) - Container 3 is synced with bcsId 6.
2019-09-17 12:34:12,269 [grpc-default-executor-0] INFO  interfaces.Container (KeyValueContainer.java:flushAndSyncDB(386)) - Container 3 is synced with bcsId 6.
2019-09-17 12:34:12,401 [grpc-default-executor-0] INFO  interfaces.Container (KeyValueContainer.java:flushAndSyncDB(386)) - Container 4 is synced with bcsId 0.
2019-09-17 12:34:12,401 [grpc-default-executor-0] INFO  interfaces.Container (KeyValueContainer.java:flushAndSyncDB(386)) - Container 4 is synced with bcsId 0.
2019-09-17 12:34:12,424 [grpc-default-executor-0] INFO  impl.RaftServerProxy (RaftServerProxy.java:remove(95)) - f8d8d9c4-afe8-4cc5-8788-d0697b0baa61: remove    LEADER f8d8d9c4-afe8-4cc5-8788-d0697b0baa61@group-23F4C195A245:t1, leader=f8d8d9c4-afe8-4cc5-8788-d0697b0baa61, voted=f8d8d9c4-afe8-4cc5-8788-d0697b0baa61, raftlog=f8d8d9c4-afe8-4cc5-8788-d0697b0baa61@group-23F4C195A245-SegmentedRaftLog:OPENED:c10,f10,i14, conf=0: [8dae3b80-5600-44e3-9df5-13b3719afed7:192.168.5.130:36507, 639d7dff-6a78-4ecf-aa0a-b8a4b660182e:192.168.5.130:46697, f8d8d9c4-afe8-4cc5-8788-d0697b0baa61:192.168.5.130:40344], old=null RUNNING
2019-09-17 12:34:12,425 [grpc-default-executor-0] INFO  impl.RaftServerImpl (RaftServerImpl.java:lambda$shutdown$3(251)) - f8d8d9c4-afe8-4cc5-8788-d0697b0baa61@group-23F4C195A245: shutdown
2019-09-17 12:34:12,425 [grpc-default-executor-0] INFO  util.JmxRegister (JmxRegister.java:unregister(73)) - Successfully un-registered JMX Bean with object name Ratis:service=RaftServer,group=group-23F4C195A245,id=f8d8d9c4-afe8-4cc5-8788-d0697b0baa61
2019-09-17 12:34:12,425 [grpc-default-executor-0] INFO  impl.RoleInfo (RoleInfo.java:shutdownLeaderState(104)) - f8d8d9c4-afe8-4cc5-8788-d0697b0baa61: shutdown LeaderState
2019-09-17 12:34:12,430 [grpc-default-executor-0] INFO  impl.PendingRequests (PendingRequests.java:sendNotLeaderResponses(202)) - f8d8d9c4-afe8-4cc5-8788-d0697b0baa61-PendingRequests: sendNotLeaderResponses
2019-09-17 12:34:12,432 [org.apache.ratis.server.impl.LogAppender$AppenderDaemon$$Lambda$490/985692452@6f425e43] WARN  server.GrpcLogAppender (GrpcLogAppender.java:mayWait(143)) - f8d8d9c4-afe8-4cc5-8788-d0697b0baa61@group-23F4C195A245->8dae3b80-5600-44e3-9df5-13b3719afed7-GrpcLogAppender: Wait interrupted by java.lang.InterruptedException
2019-09-17 12:34:12,432 [org.apache.ratis.server.impl.LogAppender$AppenderDaemon$$Lambda$490/985692452@a6f5df2] WARN  server.GrpcLogAppender (GrpcLogAppender.java:mayWait(143)) - f8d8d9c4-afe8-4cc5-8788-d0697b0baa61@group-23F4C195A245->639d7dff-6a78-4ecf-aa0a-b8a4b660182e-GrpcLogAppender: Wait interrupted by java.lang.InterruptedException
2019-09-17 12:34:12,433 [grpc-default-executor-3] INFO  server.GrpcServerProtocolService (GrpcServerProtocolService.java:onCompleted(113)) - 8dae3b80-5600-44e3-9df5-13b3719afed7: Completed APPEND_ENTRIES, lastRequest: f8d8d9c4-afe8-4cc5-8788-d0697b0baa61->8dae3b80-5600-44e3-9df5-13b3719afed7#164-t1, previous=(t:1, i:14), leaderCommit=10, initializing? false, entries: <empty>
2019-09-17 12:34:12,437 [grpc-default-executor-0] INFO  impl.StateMachineUpdater (StateMachineUpdater.java:stopAndJoin(125)) - f8d8d9c4-afe8-4cc5-8788-d0697b0baa61@group-23F4C195A245-StateMachineUpdater: set stopIndex = 10
2019-09-17 12:34:12,433 [grpc-default-executor-9] INFO  server.GrpcServerProtocolService (GrpcServerProtocolService.java:onCompleted(113)) - 639d7dff-6a78-4ecf-aa0a-b8a4b660182e: Completed APPEND_ENTRIES, lastRequest: f8d8d9c4-afe8-4cc5-8788-d0697b0baa61->639d7dff-6a78-4ecf-aa0a-b8a4b660182e#164-t1, previous=(t:1, i:14), leaderCommit=10, initializing? false, entries: <empty>
2019-09-17 12:34:12,438 [grpc-default-executor-3] INFO  server.GrpcLogAppender (GrpcLogAppender.java:onCompleted(293)) - f8d8d9c4-afe8-4cc5-8788-d0697b0baa61@group-23F4C195A245->8dae3b80-5600-44e3-9df5-13b3719afed7-AppendLogResponseHandler: follower responses appendEntries COMPLETED
2019-09-17 12:34:12,437 [f8d8d9c4-afe8-4cc5-8788-d0697b0baa61@group-23F4C195A245-StateMachineUpdater] INFO  ratis.ContainerStateMachine (ContainerStateMachine.java:takeSnapshot(289)) - group-23F4C195A245: Taking a snapshot at:(t:1, i:10) file /tmp/workdir/hadoop-ozone/integration-test/target/test-dir/MiniOzoneClusterImpl-d179b17f-26b4-4b11-871f-a9170d0e99dc/datanode-5/data/ratis/571f8e8f-570d-4ddc-9fe4-23f4c195a245/sm/snapshot.1_10
2019-09-17 12:34:12,438 [grpc-default-executor-3] INFO  impl.FollowerInfo (FollowerInfo.java:lambda$new$0(51)) - f8d8d9c4-afe8-4cc5-8788-d0697b0baa61@group-23F4C195A245->8dae3b80-5600-44e3-9df5-13b3719afed7: nextIndex: updateUnconditionally 15 -> 11
2019-09-17 12:34:12,438 [grpc-default-executor-9] INFO  server.GrpcLogAppender (GrpcLogAppender.java:onCompleted(293)) - f8d8d9c4-afe8-4cc5-8788-d0697b0baa61@group-23F4C195A245->639d7dff-6a78-4ecf-aa0a-b8a4b660182e-AppendLogResponseHandler: follower responses appendEntries COMPLETED
2019-09-17 12:34:12,439 [grpc-default-executor-9] INFO  impl.FollowerInfo (FollowerInfo.java:lambda$new$0(51)) - f8d8d9c4-afe8-4cc5-8788-d0697b0baa61@group-23F4C195A245->639d7dff-6a78-4ecf-aa0a-b8a4b660182e: nextIndex: updateUnconditionally 15 -> 11
2019-09-17 12:34:12,453 [f8d8d9c4-afe8-4cc5-8788-d0697b0baa61@group-23F4C195A245-StateMachineUpdater] INFO  ratis.ContainerStateMachine (ContainerStateMachine.java:takeSnapshot(300)) - group-23F4C195A245: Finished taking a snapshot at:(t:1, i:10) file:/tmp/workdir/hadoop-ozone/integration-test/target/test-dir/MiniOzoneClusterImpl-d179b17f-26b4-4b11-871f-a9170d0e99dc/datanode-5/data/ratis/571f8e8f-570d-4ddc-9fe4-23f4c195a245/sm/snapshot.1_10 time:16
2019-09-17 12:34:12,454 [f8d8d9c4-afe8-4cc5-8788-d0697b0baa61@group-23F4C195A245-StateMachineUpdater] INFO  impl.StateMachineUpdater (StateMachineUpdater.java:takeSnapshot(258)) - f8d8d9c4-afe8-4cc5-8788-d0697b0baa61@group-23F4C195A245-StateMachineUpdater: Took a snapshot at index 10
2019-09-17 12:34:12,454 [f8d8d9c4-afe8-4cc5-8788-d0697b0baa61@group-23F4C195A245-StateMachineUpdater] INFO  impl.StateMachineUpdater (StateMachineUpdater.java:lambda$new$0(83)) - f8d8d9c4-afe8-4cc5-8788-d0697b0baa61@group-23F4C195A245-StateMachineUpdater: snapshotIndex: updateIncreasingly -1 -> 10
2019-09-17 12:34:12,454 [Command processor thread] ERROR commandhandler.CloseContainerCommandHandler (CloseContainerCommandHandler.java:handle(125)) - Can't close container #4
java.io.IOException: org.apache.ratis.protocol.GroupMismatchException: f8d8d9c4-afe8-4cc5-8788-d0697b0baa61: group-23F4C195A245 not found.
	at org.apache.hadoop.ozone.container.common.transport.server.ratis.XceiverServerRatis.submitRequest(XceiverServerRatis.java:502)
	at org.apache.hadoop.ozone.container.common.statemachine.commandhandler.CloseContainerCommandHandler.handle(CloseContainerCommandHandler.java:102)
	at org.apache.hadoop.ozone.container.common.statemachine.commandhandler.CommandDispatcher.handle(CommandDispatcher.java:99)
	at org.apache.hadoop.ozone.container.common.statemachine.DatanodeStateMachine.lambda$initCommandHandlerThread$1(DatanodeStateMachine.java:432)
	at java.lang.Thread.run(Thread.java:748)
Caused by: java.util.concurrent.ExecutionException: org.apache.ratis.protocol.GroupMismatchException: f8d8d9c4-afe8-4cc5-8788-d0697b0baa61: group-23F4C195A245 not found.
	at java.util.concurrent.CompletableFuture.reportGet(CompletableFuture.java:357)
	at java.util.concurrent.CompletableFuture.get(CompletableFuture.java:1895)
	at org.apache.hadoop.ozone.container.common.transport.server.ratis.XceiverServerRatis.submitRequest(XceiverServerRatis.java:500)
	... 4 more
Caused by: org.apache.ratis.protocol.GroupMismatchException: f8d8d9c4-afe8-4cc5-8788-d0697b0baa61: group-23F4C195A245 not found.
	at org.apache.ratis.server.impl.RaftServerProxy$ImplMap.get(RaftServerProxy.java:122)
	at org.apache.ratis.server.impl.RaftServerProxy.getImplFuture(RaftServerProxy.java:269)
	at org.apache.ratis.server.impl.RaftServerProxy.submitRequest(RaftServerProxy.java:327)
	at org.apache.ratis.server.impl.RaftServerProxy.submitClientRequestAsync(RaftServerProxy.java:333)
	... 5 more
2019-09-17 12:34:12,456 [grpc-default-executor-0] INFO  impl.RaftServerImpl (ServerState.java:close(385)) - f8d8d9c4-afe8-4cc5-8788-d0697b0baa61@group-23F4C195A245: closes. applyIndex: 10
2019-09-17 12:34:12,457 [f8d8d9c4-afe8-4cc5-8788-d0697b0baa61@group-23F4C195A245-SegmentedRaftLogWorker] ERROR ratis.XceiverServerRatis (XceiverServerRatis.java:triggerPipelineClose(575)) - pipeline Action CLOSE  on pipeline PipelineID=571f8e8f-570d-4ddc-9fe4-23f4c195a245.Reason : WriteLog:11: (t:1, i:11), STATEMACHINELOGENTRY, client-9B4AC7B4A30D, cid=32-writeStateMachineData interrupted.
2019-09-17 12:34:12,459 [grpc-default-executor-0] INFO  segmented.SegmentedRaftLogWorker (SegmentedRaftLogWorker.java:close(228)) - f8d8d9c4-afe8-4cc5-8788-d0697b0baa61@group-23F4C195A245-SegmentedRaftLogWorker close()
2019-09-17 12:34:12,463 [EventQueue-PipelineActionsForPipelineActionHandler] ERROR pipeline.PipelineActionHandler (PipelineActionHandler.java:onMessage(60)) - Received pipeline action CLOSE for Pipeline[ Id: 571f8e8f-570d-4ddc-9fe4-23f4c195a245, Nodes: 639d7dff-6a78-4ecf-aa0a-b8a4b660182e{ip: 192.168.5.130, host: pr-hdds-2136-chhj8-2666454444, networkLocation: /default-rack, certSerialId: null}8dae3b80-5600-44e3-9df5-13b3719afed7{ip: 192.168.5.130, host: pr-hdds-2136-chhj8-2666454444, networkLocation: /default-rack, certSerialId: null}f8d8d9c4-afe8-4cc5-8788-d0697b0baa61{ip: 192.168.5.130, host: pr-hdds-2136-chhj8-2666454444, networkLocation: /default-rack, certSerialId: null}, Type:RATIS, Factor:THREE, State:CLOSED] from datanode f8d8d9c4-afe8-4cc5-8788-d0697b0baa61{ip: 192.168.5.130, host: pr-hdds-2136-chhj8-2666454444, networkLocation: /default-rack, certSerialId: null}. Reason : WriteLog:11: (t:1, i:11), STATEMACHINELOGENTRY, client-9B4AC7B4A30D, cid=32-writeStateMachineData interrupted.
2019-09-17 12:34:12,463 [EventQueue-PipelineActionsForPipelineActionHandler] INFO  pipeline.SCMPipelineManager (SCMPipelineManager.java:finalizeAndDestroyPipeline(311)) - destroying pipeline:Pipeline[ Id: 571f8e8f-570d-4ddc-9fe4-23f4c195a245, Nodes: 639d7dff-6a78-4ecf-aa0a-b8a4b660182e{ip: 192.168.5.130, host: pr-hdds-2136-chhj8-2666454444, networkLocation: /default-rack, certSerialId: null}8dae3b80-5600-44e3-9df5-13b3719afed7{ip: 192.168.5.130, host: pr-hdds-2136-chhj8-2666454444, networkLocation: /default-rack, certSerialId: null}f8d8d9c4-afe8-4cc5-8788-d0697b0baa61{ip: 192.168.5.130, host: pr-hdds-2136-chhj8-2666454444, networkLocation: /default-rack, certSerialId: null}, Type:RATIS, Factor:THREE, State:CLOSED]
2019-09-17 12:34:12,490 [grpc-default-executor-0] INFO  interfaces.Container (KeyValueContainer.java:flushAndSyncDB(386)) - Container 3 is synced with bcsId 6.
2019-09-17 12:34:12,490 [grpc-default-executor-0] INFO  interfaces.Container (KeyValueContainer.java:flushAndSyncDB(386)) - Container 3 is synced with bcsId 6.
2019-09-17 12:34:12,519 [main] WARN  io.KeyOutputStream (KeyOutputStream.java:handleException(276)) - Encountered exception java.io.IOException: Unexpected Storage Container Exception: java.util.concurrent.CompletionException: java.util.concurrent.CompletionException: org.apache.ratis.protocol.GroupMismatchException: 8dae3b80-5600-44e3-9df5-13b3719afed7: group-23F4C195A245 not found. on the pipeline Pipeline[ Id: 571f8e8f-570d-4ddc-9fe4-23f4c195a245, Nodes: 639d7dff-6a78-4ecf-aa0a-b8a4b660182e{ip: 192.168.5.130, host: pr-hdds-2136-chhj8-2666454444, networkLocation: /default-rack, certSerialId: null}8dae3b80-5600-44e3-9df5-13b3719afed7{ip: 192.168.5.130, host: pr-hdds-2136-chhj8-2666454444, networkLocation: /default-rack, certSerialId: null}f8d8d9c4-afe8-4cc5-8788-d0697b0baa61{ip: 192.168.5.130, host: pr-hdds-2136-chhj8-2666454444, networkLocation: /default-rack, certSerialId: null}, Type:RATIS, Factor:THREE, State:OPEN]. The last committed block length is 0, uncommitted data length is 150 retry count 0
2019-09-17 12:34:12,633 [grpc-default-executor-0] INFO  interfaces.Container (KeyValueContainer.java:flushAndSyncDB(386)) - Container 4 is synced with bcsId 0.
2019-09-17 12:34:12,633 [grpc-default-executor-0] INFO  interfaces.Container (KeyValueContainer.java:flushAndSyncDB(386)) - Container 4 is synced with bcsId 0.
2019-09-17 12:34:12,700 [RatisPipelineUtilsThread] INFO  pipeline.PipelineStateManager (PipelineStateManager.java:removePipeline(108)) - Pipeline Pipeline[ Id: 571f8e8f-570d-4ddc-9fe4-23f4c195a245, Nodes: 639d7dff-6a78-4ecf-aa0a-b8a4b660182e{ip: 192.168.5.130, host: pr-hdds-2136-chhj8-2666454444, networkLocation: /default-rack, certSerialId: null}8dae3b80-5600-44e3-9df5-13b3719afed7{ip: 192.168.5.130, host: pr-hdds-2136-chhj8-2666454444, networkLocation: /default-rack, certSerialId: null}f8d8d9c4-afe8-4cc5-8788-d0697b0baa61{ip: 192.168.5.130, host: pr-hdds-2136-chhj8-2666454444, networkLocation: /default-rack, certSerialId: null}, Type:RATIS, Factor:THREE, State:CLOSED] removed from db
2019-09-17 12:34:12,780 [grpc-default-executor-0] INFO  client.GrpcClientProtocolClient (GrpcClientProtocolClient.java:onNext(264)) - client-A1568E0E4CF4->639d7dff-6a78-4ecf-aa0a-b8a4b660182e: receive RaftClientReply:client-A1568E0E4CF4->639d7dff-6a78-4ecf-aa0a-b8a4b660182e@group-B7719C52C799, cid=140, SUCCESS, logIndex=1, commits[639d7dff-6a78-4ecf-aa0a-b8a4b660182e:c1, 8dae3b80-5600-44e3-9df5-13b3719afed7:c0, f8d8d9c4-afe8-4cc5-8788-d0697b0baa61:c0]
2019-09-17 12:34:12,813 [grpc-default-executor-9] INFO  client.GrpcClientProtocolClient (GrpcClientProtocolClient.java:onNext(264)) - client-A1568E0E4CF4->639d7dff-6a78-4ecf-aa0a-b8a4b660182e: receive RaftClientReply:client-A1568E0E4CF4->639d7dff-6a78-4ecf-aa0a-b8a4b660182e@group-B7719C52C799, cid=141, SUCCESS, logIndex=3, commits[639d7dff-6a78-4ecf-aa0a-b8a4b660182e:c3, 8dae3b80-5600-44e3-9df5-13b3719afed7:c2, f8d8d9c4-afe8-4cc5-8788-d0697b0baa61:c1]
2019-09-17 12:34:12,903 [grpc-default-executor-3] INFO  client.GrpcClientProtocolClient (GrpcClientProtocolClient.java:onNext(264)) - client-A1568E0E4CF4->639d7dff-6a78-4ecf-aa0a-b8a4b660182e: receive RaftClientReply:client-A1568E0E4CF4->639d7dff-6a78-4ecf-aa0a-b8a4b660182e@group-B7719C52C799, cid=142, SUCCESS, logIndex=4, commits[639d7dff-6a78-4ecf-aa0a-b8a4b660182e:c6, 8dae3b80-5600-44e3-9df5-13b3719afed7:c4, f8d8d9c4-afe8-4cc5-8788-d0697b0baa61:c4]
]]></system-out>
  </testcase>
  <testcase name="testFullBufferCondition" classname="org.apache.hadoop.ozone.client.rpc.TestBlockOutputStream" time="0.593"/>
  <testcase name="testBufferCaching" classname="org.apache.hadoop.ozone.client.rpc.TestBlockOutputStream" time="0.384"/>
  <testcase name="testWriteWithExceedingMaxBufferLimit" classname="org.apache.hadoop.ozone.client.rpc.TestBlockOutputStream" time="187.069">
    <failure message="expected:&lt;21&gt; but was:&lt;25&gt;" type="java.lang.AssertionError"><![CDATA[java.lang.AssertionError: expected:<21> but was:<25>
	at org.junit.Assert.fail(Assert.java:88)
	at org.junit.Assert.failNotEquals(Assert.java:743)
	at org.junit.Assert.assertEquals(Assert.java:118)
	at org.junit.Assert.assertEquals(Assert.java:555)
	at org.junit.Assert.assertEquals(Assert.java:542)
	at org.apache.hadoop.ozone.client.rpc.TestBlockOutputStream.testWriteWithExceedingMaxBufferLimit(TestBlockOutputStream.java:614)
	at sun.reflect.NativeMethodAccessorImpl.invoke0(Native Method)
	at sun.reflect.NativeMethodAccessorImpl.invoke(NativeMethodAccessorImpl.java:62)
	at sun.reflect.DelegatingMethodAccessorImpl.invoke(DelegatingMethodAccessorImpl.java:43)
	at java.lang.reflect.Method.invoke(Method.java:498)
	at org.junit.runners.model.FrameworkMethod$1.runReflectiveCall(FrameworkMethod.java:47)
	at org.junit.internal.runners.model.ReflectiveCallable.run(ReflectiveCallable.java:12)
	at org.junit.runners.model.FrameworkMethod.invokeExplosively(FrameworkMethod.java:44)
	at org.junit.internal.runners.statements.InvokeMethod.evaluate(InvokeMethod.java:17)
	at org.junit.runners.ParentRunner.runLeaf(ParentRunner.java:271)
	at org.junit.runners.BlockJUnit4ClassRunner.runChild(BlockJUnit4ClassRunner.java:70)
	at org.junit.runners.BlockJUnit4ClassRunner.runChild(BlockJUnit4ClassRunner.java:50)
	at org.junit.runners.ParentRunner$3.run(ParentRunner.java:238)
	at org.junit.runners.ParentRunner$1.schedule(ParentRunner.java:63)
	at org.junit.runners.ParentRunner.runChildren(ParentRunner.java:236)
	at org.junit.runners.ParentRunner.access$000(ParentRunner.java:53)
	at org.junit.runners.ParentRunner$2.evaluate(ParentRunner.java:229)
	at org.junit.internal.runners.statements.RunBefores.evaluate(RunBefores.java:26)
	at org.junit.internal.runners.statements.RunAfters.evaluate(RunAfters.java:27)
	at org.junit.runners.ParentRunner.run(ParentRunner.java:309)
	at org.apache.maven.surefire.junit4.JUnit4Provider.execute(JUnit4Provider.java:365)
	at org.apache.maven.surefire.junit4.JUnit4Provider.executeWithRerun(JUnit4Provider.java:273)
	at org.apache.maven.surefire.junit4.JUnit4Provider.executeTestSet(JUnit4Provider.java:238)
	at org.apache.maven.surefire.junit4.JUnit4Provider.invoke(JUnit4Provider.java:159)
	at org.apache.maven.surefire.booter.ForkedBooter.invokeProviderInSameClassLoader(ForkedBooter.java:384)
	at org.apache.maven.surefire.booter.ForkedBooter.runSuitesInProcess(ForkedBooter.java:345)
	at org.apache.maven.surefire.booter.ForkedBooter.execute(ForkedBooter.java:126)
	at org.apache.maven.surefire.booter.ForkedBooter.main(ForkedBooter.java:418)
]]></failure>
    <system-out><![CDATA[2019-09-17 12:34:15,066 [grpc-default-executor-0] INFO  impl.RaftServerProxy (RaftServerProxy.java:remove(95)) - 639d7dff-6a78-4ecf-aa0a-b8a4b660182e: remove group-23F4C195A245:null
2019-09-17 12:34:15,070 [RatisPipelineUtilsThread] WARN  pipeline.RatisPipelineUtils (RatisPipelineUtils.java:destroyPipeline(66)) - Pipeline destroy failed for pipeline=PipelineID=571f8e8f-570d-4ddc-9fe4-23f4c195a245 dn=639d7dff-6a78-4ecf-aa0a-b8a4b660182e{ip: 192.168.5.130, host: pr-hdds-2136-chhj8-2666454444, networkLocation: /default-rack, certSerialId: null}
2019-09-17 12:34:15,072 [grpc-default-executor-0] INFO  impl.RaftServerProxy (RaftServerProxy.java:remove(95)) - 8dae3b80-5600-44e3-9df5-13b3719afed7: remove group-23F4C195A245:null
2019-09-17 12:34:15,074 [RatisPipelineUtilsThread] WARN  pipeline.RatisPipelineUtils (RatisPipelineUtils.java:destroyPipeline(66)) - Pipeline destroy failed for pipeline=PipelineID=571f8e8f-570d-4ddc-9fe4-23f4c195a245 dn=8dae3b80-5600-44e3-9df5-13b3719afed7{ip: 192.168.5.130, host: pr-hdds-2136-chhj8-2666454444, networkLocation: /default-rack, certSerialId: null}
2019-09-17 12:34:15,077 [grpc-default-executor-0] INFO  impl.RaftServerProxy (RaftServerProxy.java:remove(95)) - f8d8d9c4-afe8-4cc5-8788-d0697b0baa61: remove group-23F4C195A245:null
2019-09-17 12:34:15,079 [RatisPipelineUtilsThread] WARN  pipeline.RatisPipelineUtils (RatisPipelineUtils.java:destroyPipeline(66)) - Pipeline destroy failed for pipeline=PipelineID=571f8e8f-570d-4ddc-9fe4-23f4c195a245 dn=f8d8d9c4-afe8-4cc5-8788-d0697b0baa61{ip: 192.168.5.130, host: pr-hdds-2136-chhj8-2666454444, networkLocation: /default-rack, certSerialId: null}
2019-09-17 12:34:15,079 [RatisPipelineUtilsThread] ERROR pipeline.SCMPipelineManager (Scheduler.java:lambda$schedule$1(70)) - Destroy pipeline failed for pipeline:Pipeline[ Id: 571f8e8f-570d-4ddc-9fe4-23f4c195a245, Nodes: 639d7dff-6a78-4ecf-aa0a-b8a4b660182e{ip: 192.168.5.130, host: pr-hdds-2136-chhj8-2666454444, networkLocation: /default-rack, certSerialId: null}8dae3b80-5600-44e3-9df5-13b3719afed7{ip: 192.168.5.130, host: pr-hdds-2136-chhj8-2666454444, networkLocation: /default-rack, certSerialId: null}f8d8d9c4-afe8-4cc5-8788-d0697b0baa61{ip: 192.168.5.130, host: pr-hdds-2136-chhj8-2666454444, networkLocation: /default-rack, certSerialId: null}, Type:RATIS, Factor:THREE, State:CLOSED]
org.apache.hadoop.hdds.scm.pipeline.PipelineNotFoundException: PipelineID=571f8e8f-570d-4ddc-9fe4-23f4c195a245 not found
	at org.apache.hadoop.hdds.scm.pipeline.PipelineStateMap.getPipeline(PipelineStateMap.java:132)
	at org.apache.hadoop.hdds.scm.pipeline.PipelineStateMap.removePipeline(PipelineStateMap.java:322)
	at org.apache.hadoop.hdds.scm.pipeline.PipelineStateManager.removePipeline(PipelineStateManager.java:107)
	at org.apache.hadoop.hdds.scm.pipeline.SCMPipelineManager.removePipeline(SCMPipelineManager.java:423)
	at org.apache.hadoop.hdds.scm.pipeline.SCMPipelineManager.destroyPipeline(SCMPipelineManager.java:409)
	at org.apache.hadoop.hdds.scm.pipeline.SCMPipelineManager.lambda$finalizeAndDestroyPipeline$0(SCMPipelineManager.java:318)
	at org.apache.hadoop.utils.Scheduler.lambda$schedule$1(Scheduler.java:68)
	at java.util.concurrent.Executors$RunnableAdapter.call(Executors.java:511)
	at java.util.concurrent.FutureTask.run(FutureTask.java:266)
	at java.util.concurrent.ScheduledThreadPoolExecutor$ScheduledFutureTask.access$201(ScheduledThreadPoolExecutor.java:180)
	at java.util.concurrent.ScheduledThreadPoolExecutor$ScheduledFutureTask.run(ScheduledThreadPoolExecutor.java:293)
	at java.util.concurrent.ThreadPoolExecutor.runWorker(ThreadPoolExecutor.java:1149)
	at java.util.concurrent.ThreadPoolExecutor$Worker.run(ThreadPoolExecutor.java:624)
	at java.lang.Thread.run(Thread.java:748)
2019-09-17 12:34:16,088 [grpc-default-executor-0] INFO  impl.RaftServerProxy (RaftServerProxy.java:remove(95)) - 639d7dff-6a78-4ecf-aa0a-b8a4b660182e: remove group-23F4C195A245:null
2019-09-17 12:34:16,090 [RatisPipelineUtilsThread] WARN  pipeline.RatisPipelineUtils (RatisPipelineUtils.java:destroyPipeline(66)) - Pipeline destroy failed for pipeline=PipelineID=571f8e8f-570d-4ddc-9fe4-23f4c195a245 dn=639d7dff-6a78-4ecf-aa0a-b8a4b660182e{ip: 192.168.5.130, host: pr-hdds-2136-chhj8-2666454444, networkLocation: /default-rack, certSerialId: null}
2019-09-17 12:34:16,093 [grpc-default-executor-0] INFO  impl.RaftServerProxy (RaftServerProxy.java:remove(95)) - 8dae3b80-5600-44e3-9df5-13b3719afed7: remove group-23F4C195A245:null
2019-09-17 12:34:16,095 [RatisPipelineUtilsThread] WARN  pipeline.RatisPipelineUtils (RatisPipelineUtils.java:destroyPipeline(66)) - Pipeline destroy failed for pipeline=PipelineID=571f8e8f-570d-4ddc-9fe4-23f4c195a245 dn=8dae3b80-5600-44e3-9df5-13b3719afed7{ip: 192.168.5.130, host: pr-hdds-2136-chhj8-2666454444, networkLocation: /default-rack, certSerialId: null}
2019-09-17 12:34:16,098 [grpc-default-executor-0] INFO  impl.RaftServerProxy (RaftServerProxy.java:remove(95)) - f8d8d9c4-afe8-4cc5-8788-d0697b0baa61: remove group-23F4C195A245:null
2019-09-17 12:34:16,099 [RatisPipelineUtilsThread] WARN  pipeline.RatisPipelineUtils (RatisPipelineUtils.java:destroyPipeline(66)) - Pipeline destroy failed for pipeline=PipelineID=571f8e8f-570d-4ddc-9fe4-23f4c195a245 dn=f8d8d9c4-afe8-4cc5-8788-d0697b0baa61{ip: 192.168.5.130, host: pr-hdds-2136-chhj8-2666454444, networkLocation: /default-rack, certSerialId: null}
2019-09-17 12:34:16,100 [RatisPipelineUtilsThread] ERROR pipeline.SCMPipelineManager (Scheduler.java:lambda$schedule$1(70)) - Destroy pipeline failed for pipeline:Pipeline[ Id: 571f8e8f-570d-4ddc-9fe4-23f4c195a245, Nodes: 639d7dff-6a78-4ecf-aa0a-b8a4b660182e{ip: 192.168.5.130, host: pr-hdds-2136-chhj8-2666454444, networkLocation: /default-rack, certSerialId: null}8dae3b80-5600-44e3-9df5-13b3719afed7{ip: 192.168.5.130, host: pr-hdds-2136-chhj8-2666454444, networkLocation: /default-rack, certSerialId: null}f8d8d9c4-afe8-4cc5-8788-d0697b0baa61{ip: 192.168.5.130, host: pr-hdds-2136-chhj8-2666454444, networkLocation: /default-rack, certSerialId: null}, Type:RATIS, Factor:THREE, State:CLOSED]
org.apache.hadoop.hdds.scm.pipeline.PipelineNotFoundException: PipelineID=571f8e8f-570d-4ddc-9fe4-23f4c195a245 not found
	at org.apache.hadoop.hdds.scm.pipeline.PipelineStateMap.getPipeline(PipelineStateMap.java:132)
	at org.apache.hadoop.hdds.scm.pipeline.PipelineStateMap.removePipeline(PipelineStateMap.java:322)
	at org.apache.hadoop.hdds.scm.pipeline.PipelineStateManager.removePipeline(PipelineStateManager.java:107)
	at org.apache.hadoop.hdds.scm.pipeline.SCMPipelineManager.removePipeline(SCMPipelineManager.java:423)
	at org.apache.hadoop.hdds.scm.pipeline.SCMPipelineManager.destroyPipeline(SCMPipelineManager.java:409)
	at org.apache.hadoop.hdds.scm.pipeline.SCMPipelineManager.lambda$finalizeAndDestroyPipeline$0(SCMPipelineManager.java:318)
	at org.apache.hadoop.utils.Scheduler.lambda$schedule$1(Scheduler.java:68)
	at java.util.concurrent.Executors$RunnableAdapter.call(Executors.java:511)
	at java.util.concurrent.FutureTask.run(FutureTask.java:266)
	at java.util.concurrent.ScheduledThreadPoolExecutor$ScheduledFutureTask.access$201(ScheduledThreadPoolExecutor.java:180)
	at java.util.concurrent.ScheduledThreadPoolExecutor$ScheduledFutureTask.run(ScheduledThreadPoolExecutor.java:293)
	at java.util.concurrent.ThreadPoolExecutor.runWorker(ThreadPoolExecutor.java:1149)
	at java.util.concurrent.ThreadPoolExecutor$Worker.run(ThreadPoolExecutor.java:624)
	at java.lang.Thread.run(Thread.java:748)
2019-09-17 12:34:16,900 [java.util.concurrent.ThreadPoolExecutor$Worker@628100a2[State = -1, empty queue]] WARN  server.GrpcLogAppender (GrpcLogAppender.java:timeoutAppendRequest(200)) - 4005f9e4-9000-4048-961f-9439e52a6da7@group-FAF0B6E2649D->597a450e-db00-46ca-b8ea-d9e1f9500f66-GrpcLogAppender: appendEntries Timeout, request=4005f9e4-9000-4048-961f-9439e52a6da7->597a450e-db00-46ca-b8ea-d9e1f9500f66#85-t1, previous=(t:1, i:11), leaderCommit=11, initializing? false, entries: size=1, first=(t:1, i:12), STATEMACHINELOGENTRY, client-CDDE5ABED77C, cid=151
2019-09-17 12:34:16,900 [java.util.concurrent.ThreadPoolExecutor$Worker@7394651c[State = -1, empty queue]] WARN  server.GrpcLogAppender (GrpcLogAppender.java:timeoutAppendRequest(200)) - 4005f9e4-9000-4048-961f-9439e52a6da7@group-FAF0B6E2649D->9a3c5405-1b71-41e7-a1e6-d9c2b7bf9721-GrpcLogAppender: appendEntries Timeout, request=4005f9e4-9000-4048-961f-9439e52a6da7->9a3c5405-1b71-41e7-a1e6-d9c2b7bf9721#85-t1, previous=(t:1, i:11), leaderCommit=11, initializing? false, entries: size=1, first=(t:1, i:12), STATEMACHINELOGENTRY, client-CDDE5ABED77C, cid=151
2019-09-17 12:34:16,901 [java.util.concurrent.ThreadPoolExecutor$Worker@628100a2[State = -1, empty queue]] WARN  server.GrpcLogAppender (GrpcLogAppender.java:timeoutAppendRequest(200)) - 4005f9e4-9000-4048-961f-9439e52a6da7@group-FAF0B6E2649D->597a450e-db00-46ca-b8ea-d9e1f9500f66-GrpcLogAppender: appendEntries Timeout, request=4005f9e4-9000-4048-961f-9439e52a6da7->597a450e-db00-46ca-b8ea-d9e1f9500f66#86-t1, previous=(t:1, i:12), leaderCommit=11, initializing? false, entries: size=1, first=(t:1, i:13), STATEMACHINELOGENTRY, client-CDDE5ABED77C, cid=152
2019-09-17 12:34:16,901 [java.util.concurrent.ThreadPoolExecutor$Worker@628100a2[State = -1, empty queue]] WARN  server.GrpcLogAppender (GrpcLogAppender.java:timeoutAppendRequest(200)) - 4005f9e4-9000-4048-961f-9439e52a6da7@group-FAF0B6E2649D->597a450e-db00-46ca-b8ea-d9e1f9500f66-GrpcLogAppender: appendEntries Timeout, request=4005f9e4-9000-4048-961f-9439e52a6da7->597a450e-db00-46ca-b8ea-d9e1f9500f66#87-t1, previous=(t:1, i:13), leaderCommit=11, initializing? false, entries: size=1, first=(t:1, i:14), STATEMACHINELOGENTRY, client-CDDE5ABED77C, cid=153
2019-09-17 12:34:16,902 [java.util.concurrent.ThreadPoolExecutor$Worker@7394651c[State = -1, empty queue]] WARN  server.GrpcLogAppender (GrpcLogAppender.java:timeoutAppendRequest(200)) - 4005f9e4-9000-4048-961f-9439e52a6da7@group-FAF0B6E2649D->9a3c5405-1b71-41e7-a1e6-d9c2b7bf9721-GrpcLogAppender: appendEntries Timeout, request=4005f9e4-9000-4048-961f-9439e52a6da7->9a3c5405-1b71-41e7-a1e6-d9c2b7bf9721#86-t1, previous=(t:1, i:12), leaderCommit=11, initializing? false, entries: size=1, first=(t:1, i:13), STATEMACHINELOGENTRY, client-CDDE5ABED77C, cid=152
2019-09-17 12:34:16,902 [java.util.concurrent.ThreadPoolExecutor$Worker@7394651c[State = -1, empty queue]] WARN  server.GrpcLogAppender (GrpcLogAppender.java:timeoutAppendRequest(200)) - 4005f9e4-9000-4048-961f-9439e52a6da7@group-FAF0B6E2649D->9a3c5405-1b71-41e7-a1e6-d9c2b7bf9721-GrpcLogAppender: appendEntries Timeout, request=4005f9e4-9000-4048-961f-9439e52a6da7->9a3c5405-1b71-41e7-a1e6-d9c2b7bf9721#87-t1, previous=(t:1, i:13), leaderCommit=11, initializing? false, entries: size=1, first=(t:1, i:14), STATEMACHINELOGENTRY, client-CDDE5ABED77C, cid=153
2019-09-17 12:34:16,903 [java.util.concurrent.ThreadPoolExecutor$Worker@628100a2[State = -1, empty queue]] WARN  server.GrpcLogAppender (GrpcLogAppender.java:timeoutAppendRequest(200)) - 4005f9e4-9000-4048-961f-9439e52a6da7@group-FAF0B6E2649D->597a450e-db00-46ca-b8ea-d9e1f9500f66-GrpcLogAppender: appendEntries Timeout, request=4005f9e4-9000-4048-961f-9439e52a6da7->597a450e-db00-46ca-b8ea-d9e1f9500f66#88-t1, previous=(t:1, i:14), leaderCommit=11, initializing? false, entries: size=1, first=(t:1, i:15), STATEMACHINELOGENTRY, client-CDDE5ABED77C, cid=154
2019-09-17 12:34:16,903 [java.util.concurrent.ThreadPoolExecutor$Worker@7394651c[State = -1, empty queue]] WARN  server.GrpcLogAppender (GrpcLogAppender.java:timeoutAppendRequest(200)) - 4005f9e4-9000-4048-961f-9439e52a6da7@group-FAF0B6E2649D->9a3c5405-1b71-41e7-a1e6-d9c2b7bf9721-GrpcLogAppender: appendEntries Timeout, request=4005f9e4-9000-4048-961f-9439e52a6da7->9a3c5405-1b71-41e7-a1e6-d9c2b7bf9721#88-t1, previous=(t:1, i:14), leaderCommit=11, initializing? false, entries: size=1, first=(t:1, i:15), STATEMACHINELOGENTRY, client-CDDE5ABED77C, cid=154
2019-09-17 12:34:16,903 [java.util.concurrent.ThreadPoolExecutor$Worker@7394651c[State = -1, empty queue]] WARN  server.GrpcLogAppender (GrpcLogAppender.java:timeoutAppendRequest(200)) - 4005f9e4-9000-4048-961f-9439e52a6da7@group-FAF0B6E2649D->9a3c5405-1b71-41e7-a1e6-d9c2b7bf9721-GrpcLogAppender: appendEntries Timeout, request=4005f9e4-9000-4048-961f-9439e52a6da7->9a3c5405-1b71-41e7-a1e6-d9c2b7bf9721#89-t1, previous=(t:1, i:15), leaderCommit=11, initializing? false, entries: size=1, first=(t:1, i:16), STATEMACHINELOGENTRY, client-CDDE5ABED77C, cid=155
2019-09-17 12:34:16,904 [java.util.concurrent.ThreadPoolExecutor$Worker@7394651c[State = -1, empty queue]] WARN  server.GrpcLogAppender (GrpcLogAppender.java:timeoutAppendRequest(200)) - 4005f9e4-9000-4048-961f-9439e52a6da7@group-FAF0B6E2649D->9a3c5405-1b71-41e7-a1e6-d9c2b7bf9721-GrpcLogAppender: appendEntries Timeout, request=4005f9e4-9000-4048-961f-9439e52a6da7->9a3c5405-1b71-41e7-a1e6-d9c2b7bf9721#90-t1, previous=(t:1, i:16), leaderCommit=11, initializing? false, entries: size=1, first=(t:1, i:17), STATEMACHINELOGENTRY, client-CDDE5ABED77C, cid=156
2019-09-17 12:34:16,904 [java.util.concurrent.ThreadPoolExecutor$Worker@628100a2[State = -1, empty queue]] WARN  server.GrpcLogAppender (GrpcLogAppender.java:timeoutAppendRequest(200)) - 4005f9e4-9000-4048-961f-9439e52a6da7@group-FAF0B6E2649D->597a450e-db00-46ca-b8ea-d9e1f9500f66-GrpcLogAppender: appendEntries Timeout, request=4005f9e4-9000-4048-961f-9439e52a6da7->597a450e-db00-46ca-b8ea-d9e1f9500f66#89-t1, previous=(t:1, i:15), leaderCommit=11, initializing? false, entries: size=1, first=(t:1, i:16), STATEMACHINELOGENTRY, client-CDDE5ABED77C, cid=155
2019-09-17 12:34:16,904 [java.util.concurrent.ThreadPoolExecutor$Worker@628100a2[State = -1, empty queue]] WARN  server.GrpcLogAppender (GrpcLogAppender.java:timeoutAppendRequest(200)) - 4005f9e4-9000-4048-961f-9439e52a6da7@group-FAF0B6E2649D->597a450e-db00-46ca-b8ea-d9e1f9500f66-GrpcLogAppender: appendEntries Timeout, request=4005f9e4-9000-4048-961f-9439e52a6da7->597a450e-db00-46ca-b8ea-d9e1f9500f66#90-t1, previous=(t:1, i:16), leaderCommit=11, initializing? false, entries: size=1, first=(t:1, i:17), STATEMACHINELOGENTRY, client-CDDE5ABED77C, cid=156
2019-09-17 12:34:18,091 [grpc-default-executor-0] INFO  impl.RaftServerProxy (RaftServerProxy.java:remove(95)) - 639d7dff-6a78-4ecf-aa0a-b8a4b660182e: remove group-23F4C195A245:null
2019-09-17 12:34:18,094 [RatisPipelineUtilsThread] WARN  pipeline.RatisPipelineUtils (RatisPipelineUtils.java:destroyPipeline(66)) - Pipeline destroy failed for pipeline=PipelineID=571f8e8f-570d-4ddc-9fe4-23f4c195a245 dn=639d7dff-6a78-4ecf-aa0a-b8a4b660182e{ip: 192.168.5.130, host: pr-hdds-2136-chhj8-2666454444, networkLocation: /default-rack, certSerialId: null}
2019-09-17 12:34:18,096 [grpc-default-executor-0] INFO  impl.RaftServerProxy (RaftServerProxy.java:remove(95)) - 8dae3b80-5600-44e3-9df5-13b3719afed7: remove group-23F4C195A245:null
2019-09-17 12:34:18,098 [RatisPipelineUtilsThread] WARN  pipeline.RatisPipelineUtils (RatisPipelineUtils.java:destroyPipeline(66)) - Pipeline destroy failed for pipeline=PipelineID=571f8e8f-570d-4ddc-9fe4-23f4c195a245 dn=8dae3b80-5600-44e3-9df5-13b3719afed7{ip: 192.168.5.130, host: pr-hdds-2136-chhj8-2666454444, networkLocation: /default-rack, certSerialId: null}
2019-09-17 12:34:18,100 [grpc-default-executor-0] INFO  impl.RaftServerProxy (RaftServerProxy.java:remove(95)) - f8d8d9c4-afe8-4cc5-8788-d0697b0baa61: remove group-23F4C195A245:null
2019-09-17 12:34:18,102 [RatisPipelineUtilsThread] WARN  pipeline.RatisPipelineUtils (RatisPipelineUtils.java:destroyPipeline(66)) - Pipeline destroy failed for pipeline=PipelineID=571f8e8f-570d-4ddc-9fe4-23f4c195a245 dn=f8d8d9c4-afe8-4cc5-8788-d0697b0baa61{ip: 192.168.5.130, host: pr-hdds-2136-chhj8-2666454444, networkLocation: /default-rack, certSerialId: null}
2019-09-17 12:34:18,102 [RatisPipelineUtilsThread] ERROR pipeline.SCMPipelineManager (Scheduler.java:lambda$schedule$1(70)) - Destroy pipeline failed for pipeline:Pipeline[ Id: 571f8e8f-570d-4ddc-9fe4-23f4c195a245, Nodes: 639d7dff-6a78-4ecf-aa0a-b8a4b660182e{ip: 192.168.5.130, host: pr-hdds-2136-chhj8-2666454444, networkLocation: /default-rack, certSerialId: null}8dae3b80-5600-44e3-9df5-13b3719afed7{ip: 192.168.5.130, host: pr-hdds-2136-chhj8-2666454444, networkLocation: /default-rack, certSerialId: null}f8d8d9c4-afe8-4cc5-8788-d0697b0baa61{ip: 192.168.5.130, host: pr-hdds-2136-chhj8-2666454444, networkLocation: /default-rack, certSerialId: null}, Type:RATIS, Factor:THREE, State:CLOSED]
org.apache.hadoop.hdds.scm.pipeline.PipelineNotFoundException: PipelineID=571f8e8f-570d-4ddc-9fe4-23f4c195a245 not found
	at org.apache.hadoop.hdds.scm.pipeline.PipelineStateMap.getPipeline(PipelineStateMap.java:132)
	at org.apache.hadoop.hdds.scm.pipeline.PipelineStateMap.removePipeline(PipelineStateMap.java:322)
	at org.apache.hadoop.hdds.scm.pipeline.PipelineStateManager.removePipeline(PipelineStateManager.java:107)
	at org.apache.hadoop.hdds.scm.pipeline.SCMPipelineManager.removePipeline(SCMPipelineManager.java:423)
	at org.apache.hadoop.hdds.scm.pipeline.SCMPipelineManager.destroyPipeline(SCMPipelineManager.java:409)
	at org.apache.hadoop.hdds.scm.pipeline.SCMPipelineManager.lambda$finalizeAndDestroyPipeline$0(SCMPipelineManager.java:318)
	at org.apache.hadoop.utils.Scheduler.lambda$schedule$1(Scheduler.java:68)
	at java.util.concurrent.Executors$RunnableAdapter.call(Executors.java:511)
	at java.util.concurrent.FutureTask.run(FutureTask.java:266)
	at java.util.concurrent.ScheduledThreadPoolExecutor$ScheduledFutureTask.access$201(ScheduledThreadPoolExecutor.java:180)
	at java.util.concurrent.ScheduledThreadPoolExecutor$ScheduledFutureTask.run(ScheduledThreadPoolExecutor.java:293)
	at java.util.concurrent.ThreadPoolExecutor.runWorker(ThreadPoolExecutor.java:1149)
	at java.util.concurrent.ThreadPoolExecutor$Worker.run(ThreadPoolExecutor.java:624)
	at java.lang.Thread.run(Thread.java:748)
2019-09-17 12:34:18,937 [grpc-default-executor-0] INFO  client.GrpcClientProtocolClient (GrpcClientProtocolClient.java:onNext(264)) - client-CDDE5ABED77C->9a3c5405-1b71-41e7-a1e6-d9c2b7bf9721: receive RaftClientReply:client-CDDE5ABED77C->9a3c5405-1b71-41e7-a1e6-d9c2b7bf9721@group-FAF0B6E2649D, cid=151, FAILED org.apache.ratis.protocol.NotLeaderException: Server 9a3c5405-1b71-41e7-a1e6-d9c2b7bf9721@group-FAF0B6E2649D is not the leader 4005f9e4-9000-4048-961f-9439e52a6da7:192.168.5.130:43091, logIndex=0, commits[9a3c5405-1b71-41e7-a1e6-d9c2b7bf9721:c11, 597a450e-db00-46ca-b8ea-d9e1f9500f66:c7, 4005f9e4-9000-4048-961f-9439e52a6da7:c11]
2019-09-17 12:34:19,404 [java.util.concurrent.ThreadPoolExecutor$Worker@628100a2[State = -1, empty queue]] WARN  server.GrpcLogAppender (GrpcLogAppender.java:timeoutAppendRequest(200)) - 4005f9e4-9000-4048-961f-9439e52a6da7@group-FAF0B6E2649D->597a450e-db00-46ca-b8ea-d9e1f9500f66-GrpcLogAppender: appendEntries Timeout, request=4005f9e4-9000-4048-961f-9439e52a6da7->597a450e-db00-46ca-b8ea-d9e1f9500f66#91-t1, previous=(t:1, i:17), leaderCommit=11, initializing? false, entries: <empty>
2019-09-17 12:34:19,404 [java.util.concurrent.ThreadPoolExecutor$Worker@7394651c[State = -1, empty queue]] WARN  server.GrpcLogAppender (GrpcLogAppender.java:timeoutAppendRequest(200)) - 4005f9e4-9000-4048-961f-9439e52a6da7@group-FAF0B6E2649D->9a3c5405-1b71-41e7-a1e6-d9c2b7bf9721-GrpcLogAppender: appendEntries Timeout, request=4005f9e4-9000-4048-961f-9439e52a6da7->9a3c5405-1b71-41e7-a1e6-d9c2b7bf9721#91-t1, previous=(t:1, i:17), leaderCommit=11, initializing? false, entries: <empty>
2019-09-17 12:34:21,096 [grpc-default-executor-0] INFO  impl.RaftServerProxy (RaftServerProxy.java:remove(95)) - 639d7dff-6a78-4ecf-aa0a-b8a4b660182e: remove group-23F4C195A245:null
2019-09-17 12:34:21,100 [RatisPipelineUtilsThread] WARN  pipeline.RatisPipelineUtils (RatisPipelineUtils.java:destroyPipeline(66)) - Pipeline destroy failed for pipeline=PipelineID=571f8e8f-570d-4ddc-9fe4-23f4c195a245 dn=639d7dff-6a78-4ecf-aa0a-b8a4b660182e{ip: 192.168.5.130, host: pr-hdds-2136-chhj8-2666454444, networkLocation: /default-rack, certSerialId: null}
2019-09-17 12:34:21,103 [grpc-default-executor-0] INFO  impl.RaftServerProxy (RaftServerProxy.java:remove(95)) - 8dae3b80-5600-44e3-9df5-13b3719afed7: remove group-23F4C195A245:null
2019-09-17 12:34:21,105 [RatisPipelineUtilsThread] WARN  pipeline.RatisPipelineUtils (RatisPipelineUtils.java:destroyPipeline(66)) - Pipeline destroy failed for pipeline=PipelineID=571f8e8f-570d-4ddc-9fe4-23f4c195a245 dn=8dae3b80-5600-44e3-9df5-13b3719afed7{ip: 192.168.5.130, host: pr-hdds-2136-chhj8-2666454444, networkLocation: /default-rack, certSerialId: null}
2019-09-17 12:34:21,107 [grpc-default-executor-0] INFO  impl.RaftServerProxy (RaftServerProxy.java:remove(95)) - f8d8d9c4-afe8-4cc5-8788-d0697b0baa61: remove group-23F4C195A245:null
2019-09-17 12:34:21,109 [RatisPipelineUtilsThread] WARN  pipeline.RatisPipelineUtils (RatisPipelineUtils.java:destroyPipeline(66)) - Pipeline destroy failed for pipeline=PipelineID=571f8e8f-570d-4ddc-9fe4-23f4c195a245 dn=f8d8d9c4-afe8-4cc5-8788-d0697b0baa61{ip: 192.168.5.130, host: pr-hdds-2136-chhj8-2666454444, networkLocation: /default-rack, certSerialId: null}
2019-09-17 12:34:21,109 [RatisPipelineUtilsThread] ERROR pipeline.SCMPipelineManager (Scheduler.java:lambda$schedule$1(70)) - Destroy pipeline failed for pipeline:Pipeline[ Id: 571f8e8f-570d-4ddc-9fe4-23f4c195a245, Nodes: 639d7dff-6a78-4ecf-aa0a-b8a4b660182e{ip: 192.168.5.130, host: pr-hdds-2136-chhj8-2666454444, networkLocation: /default-rack, certSerialId: null}8dae3b80-5600-44e3-9df5-13b3719afed7{ip: 192.168.5.130, host: pr-hdds-2136-chhj8-2666454444, networkLocation: /default-rack, certSerialId: null}f8d8d9c4-afe8-4cc5-8788-d0697b0baa61{ip: 192.168.5.130, host: pr-hdds-2136-chhj8-2666454444, networkLocation: /default-rack, certSerialId: null}, Type:RATIS, Factor:THREE, State:CLOSED]
org.apache.hadoop.hdds.scm.pipeline.PipelineNotFoundException: PipelineID=571f8e8f-570d-4ddc-9fe4-23f4c195a245 not found
	at org.apache.hadoop.hdds.scm.pipeline.PipelineStateMap.getPipeline(PipelineStateMap.java:132)
	at org.apache.hadoop.hdds.scm.pipeline.PipelineStateMap.removePipeline(PipelineStateMap.java:322)
	at org.apache.hadoop.hdds.scm.pipeline.PipelineStateManager.removePipeline(PipelineStateManager.java:107)
	at org.apache.hadoop.hdds.scm.pipeline.SCMPipelineManager.removePipeline(SCMPipelineManager.java:423)
	at org.apache.hadoop.hdds.scm.pipeline.SCMPipelineManager.destroyPipeline(SCMPipelineManager.java:409)
	at org.apache.hadoop.hdds.scm.pipeline.SCMPipelineManager.lambda$finalizeAndDestroyPipeline$0(SCMPipelineManager.java:318)
	at org.apache.hadoop.utils.Scheduler.lambda$schedule$1(Scheduler.java:68)
	at java.util.concurrent.Executors$RunnableAdapter.call(Executors.java:511)
	at java.util.concurrent.FutureTask.run(FutureTask.java:266)
	at java.util.concurrent.ScheduledThreadPoolExecutor$ScheduledFutureTask.access$201(ScheduledThreadPoolExecutor.java:180)
	at java.util.concurrent.ScheduledThreadPoolExecutor$ScheduledFutureTask.run(ScheduledThreadPoolExecutor.java:293)
	at java.util.concurrent.ThreadPoolExecutor.runWorker(ThreadPoolExecutor.java:1149)
	at java.util.concurrent.ThreadPoolExecutor$Worker.run(ThreadPoolExecutor.java:624)
	at java.lang.Thread.run(Thread.java:748)
2019-09-17 12:34:21,905 [java.util.concurrent.ThreadPoolExecutor$Worker@7394651c[State = -1, empty queue]] WARN  server.GrpcLogAppender (GrpcLogAppender.java:timeoutAppendRequest(200)) - 4005f9e4-9000-4048-961f-9439e52a6da7@group-FAF0B6E2649D->9a3c5405-1b71-41e7-a1e6-d9c2b7bf9721-GrpcLogAppender: appendEntries Timeout, request=4005f9e4-9000-4048-961f-9439e52a6da7->9a3c5405-1b71-41e7-a1e6-d9c2b7bf9721#92-t1, previous=(t:1, i:17), leaderCommit=11, initializing? false, entries: <empty>
2019-09-17 12:34:21,905 [java.util.concurrent.ThreadPoolExecutor$Worker@628100a2[State = -1, empty queue]] WARN  server.GrpcLogAppender (GrpcLogAppender.java:timeoutAppendRequest(200)) - 4005f9e4-9000-4048-961f-9439e52a6da7@group-FAF0B6E2649D->597a450e-db00-46ca-b8ea-d9e1f9500f66-GrpcLogAppender: appendEntries Timeout, request=4005f9e4-9000-4048-961f-9439e52a6da7->597a450e-db00-46ca-b8ea-d9e1f9500f66#92-t1, previous=(t:1, i:17), leaderCommit=11, initializing? false, entries: <empty>
2019-09-17 12:34:23,089 [grpc-default-executor-9] INFO  impl.RaftServerProxy (RaftServerProxy.java:remove(95)) - 639d7dff-6a78-4ecf-aa0a-b8a4b660182e: remove group-23F4C195A245:null
2019-09-17 12:34:23,092 [RatisPipelineUtilsThread] WARN  pipeline.RatisPipelineUtils (RatisPipelineUtils.java:destroyPipeline(66)) - Pipeline destroy failed for pipeline=PipelineID=571f8e8f-570d-4ddc-9fe4-23f4c195a245 dn=639d7dff-6a78-4ecf-aa0a-b8a4b660182e{ip: 192.168.5.130, host: pr-hdds-2136-chhj8-2666454444, networkLocation: /default-rack, certSerialId: null}
2019-09-17 12:34:23,095 [grpc-default-executor-9] INFO  impl.RaftServerProxy (RaftServerProxy.java:remove(95)) - 8dae3b80-5600-44e3-9df5-13b3719afed7: remove group-23F4C195A245:null
2019-09-17 12:34:23,098 [RatisPipelineUtilsThread] WARN  pipeline.RatisPipelineUtils (RatisPipelineUtils.java:destroyPipeline(66)) - Pipeline destroy failed for pipeline=PipelineID=571f8e8f-570d-4ddc-9fe4-23f4c195a245 dn=8dae3b80-5600-44e3-9df5-13b3719afed7{ip: 192.168.5.130, host: pr-hdds-2136-chhj8-2666454444, networkLocation: /default-rack, certSerialId: null}
2019-09-17 12:34:23,100 [grpc-default-executor-9] INFO  impl.RaftServerProxy (RaftServerProxy.java:remove(95)) - f8d8d9c4-afe8-4cc5-8788-d0697b0baa61: remove group-23F4C195A245:null
2019-09-17 12:34:23,103 [RatisPipelineUtilsThread] WARN  pipeline.RatisPipelineUtils (RatisPipelineUtils.java:destroyPipeline(66)) - Pipeline destroy failed for pipeline=PipelineID=571f8e8f-570d-4ddc-9fe4-23f4c195a245 dn=f8d8d9c4-afe8-4cc5-8788-d0697b0baa61{ip: 192.168.5.130, host: pr-hdds-2136-chhj8-2666454444, networkLocation: /default-rack, certSerialId: null}
2019-09-17 12:34:23,103 [RatisPipelineUtilsThread] ERROR pipeline.SCMPipelineManager (Scheduler.java:lambda$schedule$1(70)) - Destroy pipeline failed for pipeline:Pipeline[ Id: 571f8e8f-570d-4ddc-9fe4-23f4c195a245, Nodes: 639d7dff-6a78-4ecf-aa0a-b8a4b660182e{ip: 192.168.5.130, host: pr-hdds-2136-chhj8-2666454444, networkLocation: /default-rack, certSerialId: null}8dae3b80-5600-44e3-9df5-13b3719afed7{ip: 192.168.5.130, host: pr-hdds-2136-chhj8-2666454444, networkLocation: /default-rack, certSerialId: null}f8d8d9c4-afe8-4cc5-8788-d0697b0baa61{ip: 192.168.5.130, host: pr-hdds-2136-chhj8-2666454444, networkLocation: /default-rack, certSerialId: null}, Type:RATIS, Factor:THREE, State:CLOSED]
org.apache.hadoop.hdds.scm.pipeline.PipelineNotFoundException: PipelineID=571f8e8f-570d-4ddc-9fe4-23f4c195a245 not found
	at org.apache.hadoop.hdds.scm.pipeline.PipelineStateMap.getPipeline(PipelineStateMap.java:132)
	at org.apache.hadoop.hdds.scm.pipeline.PipelineStateMap.removePipeline(PipelineStateMap.java:322)
	at org.apache.hadoop.hdds.scm.pipeline.PipelineStateManager.removePipeline(PipelineStateManager.java:107)
	at org.apache.hadoop.hdds.scm.pipeline.SCMPipelineManager.removePipeline(SCMPipelineManager.java:423)
	at org.apache.hadoop.hdds.scm.pipeline.SCMPipelineManager.destroyPipeline(SCMPipelineManager.java:409)
	at org.apache.hadoop.hdds.scm.pipeline.SCMPipelineManager.lambda$finalizeAndDestroyPipeline$0(SCMPipelineManager.java:318)
	at org.apache.hadoop.utils.Scheduler.lambda$schedule$1(Scheduler.java:68)
	at java.util.concurrent.Executors$RunnableAdapter.call(Executors.java:511)
	at java.util.concurrent.FutureTask.run(FutureTask.java:266)
	at java.util.concurrent.ScheduledThreadPoolExecutor$ScheduledFutureTask.access$201(ScheduledThreadPoolExecutor.java:180)
	at java.util.concurrent.ScheduledThreadPoolExecutor$ScheduledFutureTask.run(ScheduledThreadPoolExecutor.java:293)
	at java.util.concurrent.ThreadPoolExecutor.runWorker(ThreadPoolExecutor.java:1149)
	at java.util.concurrent.ThreadPoolExecutor$Worker.run(ThreadPoolExecutor.java:624)
	at java.lang.Thread.run(Thread.java:748)
2019-09-17 12:34:23,899 [4005f9e4-9000-4048-961f-9439e52a6da7@group-FAF0B6E2649D-SegmentedRaftLogWorker] WARN  segmented.SegmentedRaftLogWorker (SegmentedRaftLogWorker.java:getFromFuture(90)) - Timeout 0/~
org.apache.ratis.protocol.TimeoutIOException: Timeout 10s: WriteLog:12: (t:1, i:12), STATEMACHINELOGENTRY, client-CDDE5ABED77C, cid=151-writeStateMachineData
	at org.apache.ratis.util.IOUtils.getFromFuture(IOUtils.java:87)
	at org.apache.ratis.server.raftlog.segmented.SegmentedRaftLogWorker$StateMachineDataPolicy.getFromFuture(SegmentedRaftLogWorker.java:87)
	at org.apache.ratis.server.raftlog.segmented.SegmentedRaftLogWorker$WriteLog.execute(SegmentedRaftLogWorker.java:477)
	at org.apache.ratis.server.raftlog.segmented.SegmentedRaftLogWorker.run(SegmentedRaftLogWorker.java:289)
	at java.lang.Thread.run(Thread.java:748)
Caused by: java.util.concurrent.TimeoutException
	at java.util.concurrent.CompletableFuture.timedGet(CompletableFuture.java:1771)
	at java.util.concurrent.CompletableFuture.get(CompletableFuture.java:1915)
	at org.apache.ratis.util.IOUtils.getFromFuture(IOUtils.java:79)
	... 4 more
2019-09-17 12:34:23,900 [597a450e-db00-46ca-b8ea-d9e1f9500f66@group-FAF0B6E2649D-SegmentedRaftLogWorker] WARN  segmented.SegmentedRaftLogWorker (SegmentedRaftLogWorker.java:getFromFuture(90)) - Timeout 0/~
org.apache.ratis.protocol.TimeoutIOException: Timeout 10s: WriteLog:12: (t:1, i:12), STATEMACHINELOGENTRY, client-CDDE5ABED77C, cid=151-writeStateMachineData
	at org.apache.ratis.util.IOUtils.getFromFuture(IOUtils.java:87)
	at org.apache.ratis.server.raftlog.segmented.SegmentedRaftLogWorker$StateMachineDataPolicy.getFromFuture(SegmentedRaftLogWorker.java:87)
	at org.apache.ratis.server.raftlog.segmented.SegmentedRaftLogWorker$WriteLog.execute(SegmentedRaftLogWorker.java:477)
	at org.apache.ratis.server.raftlog.segmented.SegmentedRaftLogWorker.run(SegmentedRaftLogWorker.java:289)
	at java.lang.Thread.run(Thread.java:748)
Caused by: java.util.concurrent.TimeoutException
	at java.util.concurrent.CompletableFuture.timedGet(CompletableFuture.java:1771)
	at java.util.concurrent.CompletableFuture.get(CompletableFuture.java:1915)
	at org.apache.ratis.util.IOUtils.getFromFuture(IOUtils.java:79)
	... 4 more
2019-09-17 12:34:23,900 [9a3c5405-1b71-41e7-a1e6-d9c2b7bf9721@group-FAF0B6E2649D-SegmentedRaftLogWorker] WARN  segmented.SegmentedRaftLogWorker (SegmentedRaftLogWorker.java:getFromFuture(90)) - Timeout 0/~
org.apache.ratis.protocol.TimeoutIOException: Timeout 10s: WriteLog:12: (t:1, i:12), STATEMACHINELOGENTRY, client-CDDE5ABED77C, cid=151-writeStateMachineData
	at org.apache.ratis.util.IOUtils.getFromFuture(IOUtils.java:87)
	at org.apache.ratis.server.raftlog.segmented.SegmentedRaftLogWorker$StateMachineDataPolicy.getFromFuture(SegmentedRaftLogWorker.java:87)
	at org.apache.ratis.server.raftlog.segmented.SegmentedRaftLogWorker$WriteLog.execute(SegmentedRaftLogWorker.java:477)
	at org.apache.ratis.server.raftlog.segmented.SegmentedRaftLogWorker.run(SegmentedRaftLogWorker.java:289)
	at java.lang.Thread.run(Thread.java:748)
Caused by: java.util.concurrent.TimeoutException
	at java.util.concurrent.CompletableFuture.timedGet(CompletableFuture.java:1771)
	at java.util.concurrent.CompletableFuture.get(CompletableFuture.java:1915)
	at org.apache.ratis.util.IOUtils.getFromFuture(IOUtils.java:79)
	... 4 more
2019-09-17 12:34:23,973 [grpc-default-executor-0] INFO  client.GrpcClientProtocolClient (GrpcClientProtocolClient.java:onNext(264)) - client-CDDE5ABED77C->597a450e-db00-46ca-b8ea-d9e1f9500f66: receive RaftClientReply:client-CDDE5ABED77C->597a450e-db00-46ca-b8ea-d9e1f9500f66@group-FAF0B6E2649D, cid=151, FAILED org.apache.ratis.protocol.NotLeaderException: Server 597a450e-db00-46ca-b8ea-d9e1f9500f66@group-FAF0B6E2649D is not the leader 4005f9e4-9000-4048-961f-9439e52a6da7:192.168.5.130:43091, logIndex=0, commits[597a450e-db00-46ca-b8ea-d9e1f9500f66:c11, 9a3c5405-1b71-41e7-a1e6-d9c2b7bf9721:c7, 4005f9e4-9000-4048-961f-9439e52a6da7:c11]
2019-09-17 12:34:24,405 [java.util.concurrent.ThreadPoolExecutor$Worker@7394651c[State = -1, empty queue]] WARN  server.GrpcLogAppender (GrpcLogAppender.java:timeoutAppendRequest(200)) - 4005f9e4-9000-4048-961f-9439e52a6da7@group-FAF0B6E2649D->9a3c5405-1b71-41e7-a1e6-d9c2b7bf9721-GrpcLogAppender: appendEntries Timeout, request=4005f9e4-9000-4048-961f-9439e52a6da7->9a3c5405-1b71-41e7-a1e6-d9c2b7bf9721#93-t1, previous=(t:1, i:17), leaderCommit=11, initializing? false, entries: <empty>
2019-09-17 12:34:24,405 [java.util.concurrent.ThreadPoolExecutor$Worker@628100a2[State = -1, empty queue]] WARN  server.GrpcLogAppender (GrpcLogAppender.java:timeoutAppendRequest(200)) - 4005f9e4-9000-4048-961f-9439e52a6da7@group-FAF0B6E2649D->597a450e-db00-46ca-b8ea-d9e1f9500f66-GrpcLogAppender: appendEntries Timeout, request=4005f9e4-9000-4048-961f-9439e52a6da7->597a450e-db00-46ca-b8ea-d9e1f9500f66#93-t1, previous=(t:1, i:17), leaderCommit=11, initializing? false, entries: <empty>
2019-09-17 12:34:26,092 [grpc-default-executor-0] INFO  impl.RaftServerProxy (RaftServerProxy.java:remove(95)) - 639d7dff-6a78-4ecf-aa0a-b8a4b660182e: remove group-23F4C195A245:null
2019-09-17 12:34:26,097 [RatisPipelineUtilsThread] WARN  pipeline.RatisPipelineUtils (RatisPipelineUtils.java:destroyPipeline(66)) - Pipeline destroy failed for pipeline=PipelineID=571f8e8f-570d-4ddc-9fe4-23f4c195a245 dn=639d7dff-6a78-4ecf-aa0a-b8a4b660182e{ip: 192.168.5.130, host: pr-hdds-2136-chhj8-2666454444, networkLocation: /default-rack, certSerialId: null}
2019-09-17 12:34:26,099 [grpc-default-executor-0] INFO  impl.RaftServerProxy (RaftServerProxy.java:remove(95)) - 8dae3b80-5600-44e3-9df5-13b3719afed7: remove group-23F4C195A245:null
2019-09-17 12:34:26,101 [RatisPipelineUtilsThread] WARN  pipeline.RatisPipelineUtils (RatisPipelineUtils.java:destroyPipeline(66)) - Pipeline destroy failed for pipeline=PipelineID=571f8e8f-570d-4ddc-9fe4-23f4c195a245 dn=8dae3b80-5600-44e3-9df5-13b3719afed7{ip: 192.168.5.130, host: pr-hdds-2136-chhj8-2666454444, networkLocation: /default-rack, certSerialId: null}
2019-09-17 12:34:26,103 [grpc-default-executor-0] INFO  impl.RaftServerProxy (RaftServerProxy.java:remove(95)) - f8d8d9c4-afe8-4cc5-8788-d0697b0baa61: remove group-23F4C195A245:null
2019-09-17 12:34:26,105 [RatisPipelineUtilsThread] WARN  pipeline.RatisPipelineUtils (RatisPipelineUtils.java:destroyPipeline(66)) - Pipeline destroy failed for pipeline=PipelineID=571f8e8f-570d-4ddc-9fe4-23f4c195a245 dn=f8d8d9c4-afe8-4cc5-8788-d0697b0baa61{ip: 192.168.5.130, host: pr-hdds-2136-chhj8-2666454444, networkLocation: /default-rack, certSerialId: null}
2019-09-17 12:34:26,106 [RatisPipelineUtilsThread] ERROR pipeline.SCMPipelineManager (Scheduler.java:lambda$schedule$1(70)) - Destroy pipeline failed for pipeline:Pipeline[ Id: 571f8e8f-570d-4ddc-9fe4-23f4c195a245, Nodes: 639d7dff-6a78-4ecf-aa0a-b8a4b660182e{ip: 192.168.5.130, host: pr-hdds-2136-chhj8-2666454444, networkLocation: /default-rack, certSerialId: null}8dae3b80-5600-44e3-9df5-13b3719afed7{ip: 192.168.5.130, host: pr-hdds-2136-chhj8-2666454444, networkLocation: /default-rack, certSerialId: null}f8d8d9c4-afe8-4cc5-8788-d0697b0baa61{ip: 192.168.5.130, host: pr-hdds-2136-chhj8-2666454444, networkLocation: /default-rack, certSerialId: null}, Type:RATIS, Factor:THREE, State:CLOSED]
org.apache.hadoop.hdds.scm.pipeline.PipelineNotFoundException: PipelineID=571f8e8f-570d-4ddc-9fe4-23f4c195a245 not found
	at org.apache.hadoop.hdds.scm.pipeline.PipelineStateMap.getPipeline(PipelineStateMap.java:132)
	at org.apache.hadoop.hdds.scm.pipeline.PipelineStateMap.removePipeline(PipelineStateMap.java:322)
	at org.apache.hadoop.hdds.scm.pipeline.PipelineStateManager.removePipeline(PipelineStateManager.java:107)
	at org.apache.hadoop.hdds.scm.pipeline.SCMPipelineManager.removePipeline(SCMPipelineManager.java:423)
	at org.apache.hadoop.hdds.scm.pipeline.SCMPipelineManager.destroyPipeline(SCMPipelineManager.java:409)
	at org.apache.hadoop.hdds.scm.pipeline.SCMPipelineManager.lambda$finalizeAndDestroyPipeline$0(SCMPipelineManager.java:318)
	at org.apache.hadoop.utils.Scheduler.lambda$schedule$1(Scheduler.java:68)
	at java.util.concurrent.Executors$RunnableAdapter.call(Executors.java:511)
	at java.util.concurrent.FutureTask.run(FutureTask.java:266)
	at java.util.concurrent.ScheduledThreadPoolExecutor$ScheduledFutureTask.access$201(ScheduledThreadPoolExecutor.java:180)
	at java.util.concurrent.ScheduledThreadPoolExecutor$ScheduledFutureTask.run(ScheduledThreadPoolExecutor.java:293)
	at java.util.concurrent.ThreadPoolExecutor.runWorker(ThreadPoolExecutor.java:1149)
	at java.util.concurrent.ThreadPoolExecutor$Worker.run(ThreadPoolExecutor.java:624)
	at java.lang.Thread.run(Thread.java:748)
2019-09-17 12:34:26,906 [java.util.concurrent.ThreadPoolExecutor$Worker@7394651c[State = -1, empty queue]] WARN  server.GrpcLogAppender (GrpcLogAppender.java:timeoutAppendRequest(200)) - 4005f9e4-9000-4048-961f-9439e52a6da7@group-FAF0B6E2649D->9a3c5405-1b71-41e7-a1e6-d9c2b7bf9721-GrpcLogAppender: appendEntries Timeout, request=4005f9e4-9000-4048-961f-9439e52a6da7->9a3c5405-1b71-41e7-a1e6-d9c2b7bf9721#94-t1, previous=(t:1, i:17), leaderCommit=11, initializing? false, entries: <empty>
2019-09-17 12:34:26,906 [java.util.concurrent.ThreadPoolExecutor$Worker@628100a2[State = -1, empty queue]] WARN  server.GrpcLogAppender (GrpcLogAppender.java:timeoutAppendRequest(200)) - 4005f9e4-9000-4048-961f-9439e52a6da7@group-FAF0B6E2649D->597a450e-db00-46ca-b8ea-d9e1f9500f66-GrpcLogAppender: appendEntries Timeout, request=4005f9e4-9000-4048-961f-9439e52a6da7->597a450e-db00-46ca-b8ea-d9e1f9500f66#94-t1, previous=(t:1, i:17), leaderCommit=11, initializing? false, entries: <empty>
2019-09-17 12:34:28,099 [grpc-default-executor-9] INFO  impl.RaftServerProxy (RaftServerProxy.java:remove(95)) - 639d7dff-6a78-4ecf-aa0a-b8a4b660182e: remove group-23F4C195A245:null
2019-09-17 12:34:28,102 [RatisPipelineUtilsThread] WARN  pipeline.RatisPipelineUtils (RatisPipelineUtils.java:destroyPipeline(66)) - Pipeline destroy failed for pipeline=PipelineID=571f8e8f-570d-4ddc-9fe4-23f4c195a245 dn=639d7dff-6a78-4ecf-aa0a-b8a4b660182e{ip: 192.168.5.130, host: pr-hdds-2136-chhj8-2666454444, networkLocation: /default-rack, certSerialId: null}
2019-09-17 12:34:28,104 [grpc-default-executor-9] INFO  impl.RaftServerProxy (RaftServerProxy.java:remove(95)) - 8dae3b80-5600-44e3-9df5-13b3719afed7: remove group-23F4C195A245:null
2019-09-17 12:34:28,106 [RatisPipelineUtilsThread] WARN  pipeline.RatisPipelineUtils (RatisPipelineUtils.java:destroyPipeline(66)) - Pipeline destroy failed for pipeline=PipelineID=571f8e8f-570d-4ddc-9fe4-23f4c195a245 dn=8dae3b80-5600-44e3-9df5-13b3719afed7{ip: 192.168.5.130, host: pr-hdds-2136-chhj8-2666454444, networkLocation: /default-rack, certSerialId: null}
2019-09-17 12:34:28,109 [grpc-default-executor-9] INFO  impl.RaftServerProxy (RaftServerProxy.java:remove(95)) - f8d8d9c4-afe8-4cc5-8788-d0697b0baa61: remove group-23F4C195A245:null
2019-09-17 12:34:28,111 [RatisPipelineUtilsThread] WARN  pipeline.RatisPipelineUtils (RatisPipelineUtils.java:destroyPipeline(66)) - Pipeline destroy failed for pipeline=PipelineID=571f8e8f-570d-4ddc-9fe4-23f4c195a245 dn=f8d8d9c4-afe8-4cc5-8788-d0697b0baa61{ip: 192.168.5.130, host: pr-hdds-2136-chhj8-2666454444, networkLocation: /default-rack, certSerialId: null}
2019-09-17 12:34:28,111 [RatisPipelineUtilsThread] ERROR pipeline.SCMPipelineManager (Scheduler.java:lambda$schedule$1(70)) - Destroy pipeline failed for pipeline:Pipeline[ Id: 571f8e8f-570d-4ddc-9fe4-23f4c195a245, Nodes: 639d7dff-6a78-4ecf-aa0a-b8a4b660182e{ip: 192.168.5.130, host: pr-hdds-2136-chhj8-2666454444, networkLocation: /default-rack, certSerialId: null}8dae3b80-5600-44e3-9df5-13b3719afed7{ip: 192.168.5.130, host: pr-hdds-2136-chhj8-2666454444, networkLocation: /default-rack, certSerialId: null}f8d8d9c4-afe8-4cc5-8788-d0697b0baa61{ip: 192.168.5.130, host: pr-hdds-2136-chhj8-2666454444, networkLocation: /default-rack, certSerialId: null}, Type:RATIS, Factor:THREE, State:CLOSED]
org.apache.hadoop.hdds.scm.pipeline.PipelineNotFoundException: PipelineID=571f8e8f-570d-4ddc-9fe4-23f4c195a245 not found
	at org.apache.hadoop.hdds.scm.pipeline.PipelineStateMap.getPipeline(PipelineStateMap.java:132)
	at org.apache.hadoop.hdds.scm.pipeline.PipelineStateMap.removePipeline(PipelineStateMap.java:322)
	at org.apache.hadoop.hdds.scm.pipeline.PipelineStateManager.removePipeline(PipelineStateManager.java:107)
	at org.apache.hadoop.hdds.scm.pipeline.SCMPipelineManager.removePipeline(SCMPipelineManager.java:423)
	at org.apache.hadoop.hdds.scm.pipeline.SCMPipelineManager.destroyPipeline(SCMPipelineManager.java:409)
	at org.apache.hadoop.hdds.scm.pipeline.SCMPipelineManager.lambda$finalizeAndDestroyPipeline$0(SCMPipelineManager.java:318)
	at org.apache.hadoop.utils.Scheduler.lambda$schedule$1(Scheduler.java:68)
	at java.util.concurrent.Executors$RunnableAdapter.call(Executors.java:511)
	at java.util.concurrent.FutureTask.run(FutureTask.java:266)
	at java.util.concurrent.ScheduledThreadPoolExecutor$ScheduledFutureTask.access$201(ScheduledThreadPoolExecutor.java:180)
	at java.util.concurrent.ScheduledThreadPoolExecutor$ScheduledFutureTask.run(ScheduledThreadPoolExecutor.java:293)
	at java.util.concurrent.ThreadPoolExecutor.runWorker(ThreadPoolExecutor.java:1149)
	at java.util.concurrent.ThreadPoolExecutor$Worker.run(ThreadPoolExecutor.java:624)
	at java.lang.Thread.run(Thread.java:748)
2019-09-17 12:34:29,019 [grpc-default-executor-0] INFO  client.GrpcClientProtocolClient (GrpcClientProtocolClient.java:onNext(264)) - client-CDDE5ABED77C->9a3c5405-1b71-41e7-a1e6-d9c2b7bf9721: receive RaftClientReply:client-CDDE5ABED77C->9a3c5405-1b71-41e7-a1e6-d9c2b7bf9721@group-FAF0B6E2649D, cid=151, FAILED org.apache.ratis.protocol.NotLeaderException: Server 9a3c5405-1b71-41e7-a1e6-d9c2b7bf9721@group-FAF0B6E2649D is not the leader 4005f9e4-9000-4048-961f-9439e52a6da7:192.168.5.130:43091, logIndex=0, commits[9a3c5405-1b71-41e7-a1e6-d9c2b7bf9721:c11, 597a450e-db00-46ca-b8ea-d9e1f9500f66:c7, 4005f9e4-9000-4048-961f-9439e52a6da7:c11]
2019-09-17 12:34:29,406 [java.util.concurrent.ThreadPoolExecutor$Worker@7394651c[State = -1, empty queue]] WARN  server.GrpcLogAppender (GrpcLogAppender.java:timeoutAppendRequest(200)) - 4005f9e4-9000-4048-961f-9439e52a6da7@group-FAF0B6E2649D->9a3c5405-1b71-41e7-a1e6-d9c2b7bf9721-GrpcLogAppender: appendEntries Timeout, request=4005f9e4-9000-4048-961f-9439e52a6da7->9a3c5405-1b71-41e7-a1e6-d9c2b7bf9721#95-t1, previous=(t:1, i:17), leaderCommit=11, initializing? false, entries: <empty>
2019-09-17 12:34:29,406 [java.util.concurrent.ThreadPoolExecutor$Worker@628100a2[State = -1, empty queue]] WARN  server.GrpcLogAppender (GrpcLogAppender.java:timeoutAppendRequest(200)) - 4005f9e4-9000-4048-961f-9439e52a6da7@group-FAF0B6E2649D->597a450e-db00-46ca-b8ea-d9e1f9500f66-GrpcLogAppender: appendEntries Timeout, request=4005f9e4-9000-4048-961f-9439e52a6da7->597a450e-db00-46ca-b8ea-d9e1f9500f66#95-t1, previous=(t:1, i:17), leaderCommit=11, initializing? false, entries: <empty>
2019-09-17 12:34:31,092 [grpc-default-executor-0] INFO  impl.RaftServerProxy (RaftServerProxy.java:remove(95)) - 639d7dff-6a78-4ecf-aa0a-b8a4b660182e: remove group-23F4C195A245:null
2019-09-17 12:34:31,095 [RatisPipelineUtilsThread] WARN  pipeline.RatisPipelineUtils (RatisPipelineUtils.java:destroyPipeline(66)) - Pipeline destroy failed for pipeline=PipelineID=571f8e8f-570d-4ddc-9fe4-23f4c195a245 dn=639d7dff-6a78-4ecf-aa0a-b8a4b660182e{ip: 192.168.5.130, host: pr-hdds-2136-chhj8-2666454444, networkLocation: /default-rack, certSerialId: null}
2019-09-17 12:34:31,103 [grpc-default-executor-0] INFO  impl.RaftServerProxy (RaftServerProxy.java:remove(95)) - 8dae3b80-5600-44e3-9df5-13b3719afed7: remove group-23F4C195A245:null
2019-09-17 12:34:31,106 [RatisPipelineUtilsThread] WARN  pipeline.RatisPipelineUtils (RatisPipelineUtils.java:destroyPipeline(66)) - Pipeline destroy failed for pipeline=PipelineID=571f8e8f-570d-4ddc-9fe4-23f4c195a245 dn=8dae3b80-5600-44e3-9df5-13b3719afed7{ip: 192.168.5.130, host: pr-hdds-2136-chhj8-2666454444, networkLocation: /default-rack, certSerialId: null}
2019-09-17 12:34:31,110 [grpc-default-executor-0] INFO  impl.RaftServerProxy (RaftServerProxy.java:remove(95)) - f8d8d9c4-afe8-4cc5-8788-d0697b0baa61: remove group-23F4C195A245:null
2019-09-17 12:34:31,113 [RatisPipelineUtilsThread] WARN  pipeline.RatisPipelineUtils (RatisPipelineUtils.java:destroyPipeline(66)) - Pipeline destroy failed for pipeline=PipelineID=571f8e8f-570d-4ddc-9fe4-23f4c195a245 dn=f8d8d9c4-afe8-4cc5-8788-d0697b0baa61{ip: 192.168.5.130, host: pr-hdds-2136-chhj8-2666454444, networkLocation: /default-rack, certSerialId: null}
2019-09-17 12:34:31,113 [RatisPipelineUtilsThread] ERROR pipeline.SCMPipelineManager (Scheduler.java:lambda$schedule$1(70)) - Destroy pipeline failed for pipeline:Pipeline[ Id: 571f8e8f-570d-4ddc-9fe4-23f4c195a245, Nodes: 639d7dff-6a78-4ecf-aa0a-b8a4b660182e{ip: 192.168.5.130, host: pr-hdds-2136-chhj8-2666454444, networkLocation: /default-rack, certSerialId: null}8dae3b80-5600-44e3-9df5-13b3719afed7{ip: 192.168.5.130, host: pr-hdds-2136-chhj8-2666454444, networkLocation: /default-rack, certSerialId: null}f8d8d9c4-afe8-4cc5-8788-d0697b0baa61{ip: 192.168.5.130, host: pr-hdds-2136-chhj8-2666454444, networkLocation: /default-rack, certSerialId: null}, Type:RATIS, Factor:THREE, State:CLOSED]
org.apache.hadoop.hdds.scm.pipeline.PipelineNotFoundException: PipelineID=571f8e8f-570d-4ddc-9fe4-23f4c195a245 not found
	at org.apache.hadoop.hdds.scm.pipeline.PipelineStateMap.getPipeline(PipelineStateMap.java:132)
	at org.apache.hadoop.hdds.scm.pipeline.PipelineStateMap.removePipeline(PipelineStateMap.java:322)
	at org.apache.hadoop.hdds.scm.pipeline.PipelineStateManager.removePipeline(PipelineStateManager.java:107)
	at org.apache.hadoop.hdds.scm.pipeline.SCMPipelineManager.removePipeline(SCMPipelineManager.java:423)
	at org.apache.hadoop.hdds.scm.pipeline.SCMPipelineManager.destroyPipeline(SCMPipelineManager.java:409)
	at org.apache.hadoop.hdds.scm.pipeline.SCMPipelineManager.lambda$finalizeAndDestroyPipeline$0(SCMPipelineManager.java:318)
	at org.apache.hadoop.utils.Scheduler.lambda$schedule$1(Scheduler.java:68)
	at java.util.concurrent.Executors$RunnableAdapter.call(Executors.java:511)
	at java.util.concurrent.FutureTask.run(FutureTask.java:266)
	at java.util.concurrent.ScheduledThreadPoolExecutor$ScheduledFutureTask.access$201(ScheduledThreadPoolExecutor.java:180)
	at java.util.concurrent.ScheduledThreadPoolExecutor$ScheduledFutureTask.run(ScheduledThreadPoolExecutor.java:293)
	at java.util.concurrent.ThreadPoolExecutor.runWorker(ThreadPoolExecutor.java:1149)
	at java.util.concurrent.ThreadPoolExecutor$Worker.run(ThreadPoolExecutor.java:624)
	at java.lang.Thread.run(Thread.java:748)
2019-09-17 12:34:31,906 [java.util.concurrent.ThreadPoolExecutor$Worker@7394651c[State = -1, empty queue]] WARN  server.GrpcLogAppender (GrpcLogAppender.java:timeoutAppendRequest(200)) - 4005f9e4-9000-4048-961f-9439e52a6da7@group-FAF0B6E2649D->9a3c5405-1b71-41e7-a1e6-d9c2b7bf9721-GrpcLogAppender: appendEntries Timeout, request=4005f9e4-9000-4048-961f-9439e52a6da7->9a3c5405-1b71-41e7-a1e6-d9c2b7bf9721#96-t1, previous=(t:1, i:17), leaderCommit=11, initializing? false, entries: <empty>
2019-09-17 12:34:31,906 [java.util.concurrent.ThreadPoolExecutor$Worker@628100a2[State = -1, empty queue]] WARN  server.GrpcLogAppender (GrpcLogAppender.java:timeoutAppendRequest(200)) - 4005f9e4-9000-4048-961f-9439e52a6da7@group-FAF0B6E2649D->597a450e-db00-46ca-b8ea-d9e1f9500f66-GrpcLogAppender: appendEntries Timeout, request=4005f9e4-9000-4048-961f-9439e52a6da7->597a450e-db00-46ca-b8ea-d9e1f9500f66#96-t1, previous=(t:1, i:17), leaderCommit=11, initializing? false, entries: <empty>
2019-09-17 12:34:33,091 [grpc-default-executor-9] INFO  impl.RaftServerProxy (RaftServerProxy.java:remove(95)) - 639d7dff-6a78-4ecf-aa0a-b8a4b660182e: remove group-23F4C195A245:null
2019-09-17 12:34:33,093 [RatisPipelineUtilsThread] WARN  pipeline.RatisPipelineUtils (RatisPipelineUtils.java:destroyPipeline(66)) - Pipeline destroy failed for pipeline=PipelineID=571f8e8f-570d-4ddc-9fe4-23f4c195a245 dn=639d7dff-6a78-4ecf-aa0a-b8a4b660182e{ip: 192.168.5.130, host: pr-hdds-2136-chhj8-2666454444, networkLocation: /default-rack, certSerialId: null}
2019-09-17 12:34:33,095 [grpc-default-executor-9] INFO  impl.RaftServerProxy (RaftServerProxy.java:remove(95)) - 8dae3b80-5600-44e3-9df5-13b3719afed7: remove group-23F4C195A245:null
2019-09-17 12:34:33,096 [RatisPipelineUtilsThread] WARN  pipeline.RatisPipelineUtils (RatisPipelineUtils.java:destroyPipeline(66)) - Pipeline destroy failed for pipeline=PipelineID=571f8e8f-570d-4ddc-9fe4-23f4c195a245 dn=8dae3b80-5600-44e3-9df5-13b3719afed7{ip: 192.168.5.130, host: pr-hdds-2136-chhj8-2666454444, networkLocation: /default-rack, certSerialId: null}
2019-09-17 12:34:33,098 [grpc-default-executor-9] INFO  impl.RaftServerProxy (RaftServerProxy.java:remove(95)) - f8d8d9c4-afe8-4cc5-8788-d0697b0baa61: remove group-23F4C195A245:null
2019-09-17 12:34:33,100 [RatisPipelineUtilsThread] WARN  pipeline.RatisPipelineUtils (RatisPipelineUtils.java:destroyPipeline(66)) - Pipeline destroy failed for pipeline=PipelineID=571f8e8f-570d-4ddc-9fe4-23f4c195a245 dn=f8d8d9c4-afe8-4cc5-8788-d0697b0baa61{ip: 192.168.5.130, host: pr-hdds-2136-chhj8-2666454444, networkLocation: /default-rack, certSerialId: null}
2019-09-17 12:34:33,100 [RatisPipelineUtilsThread] ERROR pipeline.SCMPipelineManager (Scheduler.java:lambda$schedule$1(70)) - Destroy pipeline failed for pipeline:Pipeline[ Id: 571f8e8f-570d-4ddc-9fe4-23f4c195a245, Nodes: 639d7dff-6a78-4ecf-aa0a-b8a4b660182e{ip: 192.168.5.130, host: pr-hdds-2136-chhj8-2666454444, networkLocation: /default-rack, certSerialId: null}8dae3b80-5600-44e3-9df5-13b3719afed7{ip: 192.168.5.130, host: pr-hdds-2136-chhj8-2666454444, networkLocation: /default-rack, certSerialId: null}f8d8d9c4-afe8-4cc5-8788-d0697b0baa61{ip: 192.168.5.130, host: pr-hdds-2136-chhj8-2666454444, networkLocation: /default-rack, certSerialId: null}, Type:RATIS, Factor:THREE, State:CLOSED]
org.apache.hadoop.hdds.scm.pipeline.PipelineNotFoundException: PipelineID=571f8e8f-570d-4ddc-9fe4-23f4c195a245 not found
	at org.apache.hadoop.hdds.scm.pipeline.PipelineStateMap.getPipeline(PipelineStateMap.java:132)
	at org.apache.hadoop.hdds.scm.pipeline.PipelineStateMap.removePipeline(PipelineStateMap.java:322)
	at org.apache.hadoop.hdds.scm.pipeline.PipelineStateManager.removePipeline(PipelineStateManager.java:107)
	at org.apache.hadoop.hdds.scm.pipeline.SCMPipelineManager.removePipeline(SCMPipelineManager.java:423)
	at org.apache.hadoop.hdds.scm.pipeline.SCMPipelineManager.destroyPipeline(SCMPipelineManager.java:409)
	at org.apache.hadoop.hdds.scm.pipeline.SCMPipelineManager.lambda$finalizeAndDestroyPipeline$0(SCMPipelineManager.java:318)
	at org.apache.hadoop.utils.Scheduler.lambda$schedule$1(Scheduler.java:68)
	at java.util.concurrent.Executors$RunnableAdapter.call(Executors.java:511)
	at java.util.concurrent.FutureTask.run(FutureTask.java:266)
	at java.util.concurrent.ScheduledThreadPoolExecutor$ScheduledFutureTask.access$201(ScheduledThreadPoolExecutor.java:180)
	at java.util.concurrent.ScheduledThreadPoolExecutor$ScheduledFutureTask.run(ScheduledThreadPoolExecutor.java:293)
	at java.util.concurrent.ThreadPoolExecutor.runWorker(ThreadPoolExecutor.java:1149)
	at java.util.concurrent.ThreadPoolExecutor$Worker.run(ThreadPoolExecutor.java:624)
	at java.lang.Thread.run(Thread.java:748)
2019-09-17 12:34:33,900 [4005f9e4-9000-4048-961f-9439e52a6da7@group-FAF0B6E2649D-SegmentedRaftLogWorker] WARN  segmented.SegmentedRaftLogWorker (SegmentedRaftLogWorker.java:getFromFuture(90)) - Timeout 1/~
org.apache.ratis.protocol.TimeoutIOException: Timeout 10s: WriteLog:12: (t:1, i:12), STATEMACHINELOGENTRY, client-CDDE5ABED77C, cid=151-writeStateMachineData
	at org.apache.ratis.util.IOUtils.getFromFuture(IOUtils.java:87)
	at org.apache.ratis.server.raftlog.segmented.SegmentedRaftLogWorker$StateMachineDataPolicy.getFromFuture(SegmentedRaftLogWorker.java:87)
	at org.apache.ratis.server.raftlog.segmented.SegmentedRaftLogWorker$WriteLog.execute(SegmentedRaftLogWorker.java:477)
	at org.apache.ratis.server.raftlog.segmented.SegmentedRaftLogWorker.run(SegmentedRaftLogWorker.java:289)
	at java.lang.Thread.run(Thread.java:748)
Caused by: java.util.concurrent.TimeoutException
	at java.util.concurrent.CompletableFuture.timedGet(CompletableFuture.java:1771)
	at java.util.concurrent.CompletableFuture.get(CompletableFuture.java:1915)
	at org.apache.ratis.util.IOUtils.getFromFuture(IOUtils.java:79)
	... 4 more
2019-09-17 12:34:33,901 [9a3c5405-1b71-41e7-a1e6-d9c2b7bf9721@group-FAF0B6E2649D-SegmentedRaftLogWorker] WARN  segmented.SegmentedRaftLogWorker (SegmentedRaftLogWorker.java:getFromFuture(90)) - Timeout 1/~
org.apache.ratis.protocol.TimeoutIOException: Timeout 10s: WriteLog:12: (t:1, i:12), STATEMACHINELOGENTRY, client-CDDE5ABED77C, cid=151-writeStateMachineData
	at org.apache.ratis.util.IOUtils.getFromFuture(IOUtils.java:87)
	at org.apache.ratis.server.raftlog.segmented.SegmentedRaftLogWorker$StateMachineDataPolicy.getFromFuture(SegmentedRaftLogWorker.java:87)
	at org.apache.ratis.server.raftlog.segmented.SegmentedRaftLogWorker$WriteLog.execute(SegmentedRaftLogWorker.java:477)
	at org.apache.ratis.server.raftlog.segmented.SegmentedRaftLogWorker.run(SegmentedRaftLogWorker.java:289)
	at java.lang.Thread.run(Thread.java:748)
Caused by: java.util.concurrent.TimeoutException
	at java.util.concurrent.CompletableFuture.timedGet(CompletableFuture.java:1771)
	at java.util.concurrent.CompletableFuture.get(CompletableFuture.java:1915)
	at org.apache.ratis.util.IOUtils.getFromFuture(IOUtils.java:79)
	... 4 more
2019-09-17 12:34:33,901 [597a450e-db00-46ca-b8ea-d9e1f9500f66@group-FAF0B6E2649D-SegmentedRaftLogWorker] WARN  segmented.SegmentedRaftLogWorker (SegmentedRaftLogWorker.java:getFromFuture(90)) - Timeout 1/~
org.apache.ratis.protocol.TimeoutIOException: Timeout 10s: WriteLog:12: (t:1, i:12), STATEMACHINELOGENTRY, client-CDDE5ABED77C, cid=151-writeStateMachineData
	at org.apache.ratis.util.IOUtils.getFromFuture(IOUtils.java:87)
	at org.apache.ratis.server.raftlog.segmented.SegmentedRaftLogWorker$StateMachineDataPolicy.getFromFuture(SegmentedRaftLogWorker.java:87)
	at org.apache.ratis.server.raftlog.segmented.SegmentedRaftLogWorker$WriteLog.execute(SegmentedRaftLogWorker.java:477)
	at org.apache.ratis.server.raftlog.segmented.SegmentedRaftLogWorker.run(SegmentedRaftLogWorker.java:289)
	at java.lang.Thread.run(Thread.java:748)
Caused by: java.util.concurrent.TimeoutException
	at java.util.concurrent.CompletableFuture.timedGet(CompletableFuture.java:1771)
	at java.util.concurrent.CompletableFuture.get(CompletableFuture.java:1915)
	at org.apache.ratis.util.IOUtils.getFromFuture(IOUtils.java:79)
	... 4 more
2019-09-17 12:34:34,066 [grpc-default-executor-0] INFO  client.GrpcClientProtocolClient (GrpcClientProtocolClient.java:onNext(264)) - client-CDDE5ABED77C->597a450e-db00-46ca-b8ea-d9e1f9500f66: receive RaftClientReply:client-CDDE5ABED77C->597a450e-db00-46ca-b8ea-d9e1f9500f66@group-FAF0B6E2649D, cid=151, FAILED org.apache.ratis.protocol.NotLeaderException: Server 597a450e-db00-46ca-b8ea-d9e1f9500f66@group-FAF0B6E2649D is not the leader 4005f9e4-9000-4048-961f-9439e52a6da7:192.168.5.130:43091, logIndex=0, commits[597a450e-db00-46ca-b8ea-d9e1f9500f66:c11, 9a3c5405-1b71-41e7-a1e6-d9c2b7bf9721:c7, 4005f9e4-9000-4048-961f-9439e52a6da7:c11]
2019-09-17 12:34:34,407 [java.util.concurrent.ThreadPoolExecutor$Worker@7394651c[State = -1, empty queue]] WARN  server.GrpcLogAppender (GrpcLogAppender.java:timeoutAppendRequest(200)) - 4005f9e4-9000-4048-961f-9439e52a6da7@group-FAF0B6E2649D->9a3c5405-1b71-41e7-a1e6-d9c2b7bf9721-GrpcLogAppender: appendEntries Timeout, request=4005f9e4-9000-4048-961f-9439e52a6da7->9a3c5405-1b71-41e7-a1e6-d9c2b7bf9721#97-t1, previous=(t:1, i:17), leaderCommit=11, initializing? false, entries: <empty>
2019-09-17 12:34:34,407 [java.util.concurrent.ThreadPoolExecutor$Worker@628100a2[State = -1, empty queue]] WARN  server.GrpcLogAppender (GrpcLogAppender.java:timeoutAppendRequest(200)) - 4005f9e4-9000-4048-961f-9439e52a6da7@group-FAF0B6E2649D->597a450e-db00-46ca-b8ea-d9e1f9500f66-GrpcLogAppender: appendEntries Timeout, request=4005f9e4-9000-4048-961f-9439e52a6da7->597a450e-db00-46ca-b8ea-d9e1f9500f66#97-t1, previous=(t:1, i:17), leaderCommit=11, initializing? false, entries: <empty>
2019-09-17 12:34:36,092 [grpc-default-executor-0] INFO  impl.RaftServerProxy (RaftServerProxy.java:remove(95)) - 639d7dff-6a78-4ecf-aa0a-b8a4b660182e: remove group-23F4C195A245:null
2019-09-17 12:34:36,096 [RatisPipelineUtilsThread] WARN  pipeline.RatisPipelineUtils (RatisPipelineUtils.java:destroyPipeline(66)) - Pipeline destroy failed for pipeline=PipelineID=571f8e8f-570d-4ddc-9fe4-23f4c195a245 dn=639d7dff-6a78-4ecf-aa0a-b8a4b660182e{ip: 192.168.5.130, host: pr-hdds-2136-chhj8-2666454444, networkLocation: /default-rack, certSerialId: null}
2019-09-17 12:34:36,099 [grpc-default-executor-0] INFO  impl.RaftServerProxy (RaftServerProxy.java:remove(95)) - 8dae3b80-5600-44e3-9df5-13b3719afed7: remove group-23F4C195A245:null
2019-09-17 12:34:36,102 [RatisPipelineUtilsThread] WARN  pipeline.RatisPipelineUtils (RatisPipelineUtils.java:destroyPipeline(66)) - Pipeline destroy failed for pipeline=PipelineID=571f8e8f-570d-4ddc-9fe4-23f4c195a245 dn=8dae3b80-5600-44e3-9df5-13b3719afed7{ip: 192.168.5.130, host: pr-hdds-2136-chhj8-2666454444, networkLocation: /default-rack, certSerialId: null}
2019-09-17 12:34:36,105 [grpc-default-executor-0] INFO  impl.RaftServerProxy (RaftServerProxy.java:remove(95)) - f8d8d9c4-afe8-4cc5-8788-d0697b0baa61: remove group-23F4C195A245:null
2019-09-17 12:34:36,107 [RatisPipelineUtilsThread] WARN  pipeline.RatisPipelineUtils (RatisPipelineUtils.java:destroyPipeline(66)) - Pipeline destroy failed for pipeline=PipelineID=571f8e8f-570d-4ddc-9fe4-23f4c195a245 dn=f8d8d9c4-afe8-4cc5-8788-d0697b0baa61{ip: 192.168.5.130, host: pr-hdds-2136-chhj8-2666454444, networkLocation: /default-rack, certSerialId: null}
2019-09-17 12:34:36,108 [RatisPipelineUtilsThread] ERROR pipeline.SCMPipelineManager (Scheduler.java:lambda$schedule$1(70)) - Destroy pipeline failed for pipeline:Pipeline[ Id: 571f8e8f-570d-4ddc-9fe4-23f4c195a245, Nodes: 639d7dff-6a78-4ecf-aa0a-b8a4b660182e{ip: 192.168.5.130, host: pr-hdds-2136-chhj8-2666454444, networkLocation: /default-rack, certSerialId: null}8dae3b80-5600-44e3-9df5-13b3719afed7{ip: 192.168.5.130, host: pr-hdds-2136-chhj8-2666454444, networkLocation: /default-rack, certSerialId: null}f8d8d9c4-afe8-4cc5-8788-d0697b0baa61{ip: 192.168.5.130, host: pr-hdds-2136-chhj8-2666454444, networkLocation: /default-rack, certSerialId: null}, Type:RATIS, Factor:THREE, State:CLOSED]
org.apache.hadoop.hdds.scm.pipeline.PipelineNotFoundException: PipelineID=571f8e8f-570d-4ddc-9fe4-23f4c195a245 not found
	at org.apache.hadoop.hdds.scm.pipeline.PipelineStateMap.getPipeline(PipelineStateMap.java:132)
	at org.apache.hadoop.hdds.scm.pipeline.PipelineStateMap.removePipeline(PipelineStateMap.java:322)
	at org.apache.hadoop.hdds.scm.pipeline.PipelineStateManager.removePipeline(PipelineStateManager.java:107)
	at org.apache.hadoop.hdds.scm.pipeline.SCMPipelineManager.removePipeline(SCMPipelineManager.java:423)
	at org.apache.hadoop.hdds.scm.pipeline.SCMPipelineManager.destroyPipeline(SCMPipelineManager.java:409)
	at org.apache.hadoop.hdds.scm.pipeline.SCMPipelineManager.lambda$finalizeAndDestroyPipeline$0(SCMPipelineManager.java:318)
	at org.apache.hadoop.utils.Scheduler.lambda$schedule$1(Scheduler.java:68)
	at java.util.concurrent.Executors$RunnableAdapter.call(Executors.java:511)
	at java.util.concurrent.FutureTask.run(FutureTask.java:266)
	at java.util.concurrent.ScheduledThreadPoolExecutor$ScheduledFutureTask.access$201(ScheduledThreadPoolExecutor.java:180)
	at java.util.concurrent.ScheduledThreadPoolExecutor$ScheduledFutureTask.run(ScheduledThreadPoolExecutor.java:293)
	at java.util.concurrent.ThreadPoolExecutor.runWorker(ThreadPoolExecutor.java:1149)
	at java.util.concurrent.ThreadPoolExecutor$Worker.run(ThreadPoolExecutor.java:624)
	at java.lang.Thread.run(Thread.java:748)
2019-09-17 12:34:36,907 [java.util.concurrent.ThreadPoolExecutor$Worker@628100a2[State = -1, empty queue]] WARN  server.GrpcLogAppender (GrpcLogAppender.java:timeoutAppendRequest(200)) - 4005f9e4-9000-4048-961f-9439e52a6da7@group-FAF0B6E2649D->597a450e-db00-46ca-b8ea-d9e1f9500f66-GrpcLogAppender: appendEntries Timeout, request=4005f9e4-9000-4048-961f-9439e52a6da7->597a450e-db00-46ca-b8ea-d9e1f9500f66#98-t1, previous=(t:1, i:17), leaderCommit=11, initializing? false, entries: <empty>
2019-09-17 12:34:36,907 [java.util.concurrent.ThreadPoolExecutor$Worker@7394651c[State = -1, empty queue]] WARN  server.GrpcLogAppender (GrpcLogAppender.java:timeoutAppendRequest(200)) - 4005f9e4-9000-4048-961f-9439e52a6da7@group-FAF0B6E2649D->9a3c5405-1b71-41e7-a1e6-d9c2b7bf9721-GrpcLogAppender: appendEntries Timeout, request=4005f9e4-9000-4048-961f-9439e52a6da7->9a3c5405-1b71-41e7-a1e6-d9c2b7bf9721#98-t1, previous=(t:1, i:17), leaderCommit=11, initializing? false, entries: <empty>
2019-09-17 12:34:38,100 [grpc-default-executor-9] INFO  impl.RaftServerProxy (RaftServerProxy.java:remove(95)) - 639d7dff-6a78-4ecf-aa0a-b8a4b660182e: remove group-23F4C195A245:null
2019-09-17 12:34:38,102 [RatisPipelineUtilsThread] WARN  pipeline.RatisPipelineUtils (RatisPipelineUtils.java:destroyPipeline(66)) - Pipeline destroy failed for pipeline=PipelineID=571f8e8f-570d-4ddc-9fe4-23f4c195a245 dn=639d7dff-6a78-4ecf-aa0a-b8a4b660182e{ip: 192.168.5.130, host: pr-hdds-2136-chhj8-2666454444, networkLocation: /default-rack, certSerialId: null}
2019-09-17 12:34:38,104 [grpc-default-executor-9] INFO  impl.RaftServerProxy (RaftServerProxy.java:remove(95)) - 8dae3b80-5600-44e3-9df5-13b3719afed7: remove group-23F4C195A245:null
2019-09-17 12:34:38,106 [RatisPipelineUtilsThread] WARN  pipeline.RatisPipelineUtils (RatisPipelineUtils.java:destroyPipeline(66)) - Pipeline destroy failed for pipeline=PipelineID=571f8e8f-570d-4ddc-9fe4-23f4c195a245 dn=8dae3b80-5600-44e3-9df5-13b3719afed7{ip: 192.168.5.130, host: pr-hdds-2136-chhj8-2666454444, networkLocation: /default-rack, certSerialId: null}
2019-09-17 12:34:38,108 [grpc-default-executor-9] INFO  impl.RaftServerProxy (RaftServerProxy.java:remove(95)) - f8d8d9c4-afe8-4cc5-8788-d0697b0baa61: remove group-23F4C195A245:null
2019-09-17 12:34:38,109 [RatisPipelineUtilsThread] WARN  pipeline.RatisPipelineUtils (RatisPipelineUtils.java:destroyPipeline(66)) - Pipeline destroy failed for pipeline=PipelineID=571f8e8f-570d-4ddc-9fe4-23f4c195a245 dn=f8d8d9c4-afe8-4cc5-8788-d0697b0baa61{ip: 192.168.5.130, host: pr-hdds-2136-chhj8-2666454444, networkLocation: /default-rack, certSerialId: null}
2019-09-17 12:34:38,110 [RatisPipelineUtilsThread] ERROR pipeline.SCMPipelineManager (Scheduler.java:lambda$schedule$1(70)) - Destroy pipeline failed for pipeline:Pipeline[ Id: 571f8e8f-570d-4ddc-9fe4-23f4c195a245, Nodes: 639d7dff-6a78-4ecf-aa0a-b8a4b660182e{ip: 192.168.5.130, host: pr-hdds-2136-chhj8-2666454444, networkLocation: /default-rack, certSerialId: null}8dae3b80-5600-44e3-9df5-13b3719afed7{ip: 192.168.5.130, host: pr-hdds-2136-chhj8-2666454444, networkLocation: /default-rack, certSerialId: null}f8d8d9c4-afe8-4cc5-8788-d0697b0baa61{ip: 192.168.5.130, host: pr-hdds-2136-chhj8-2666454444, networkLocation: /default-rack, certSerialId: null}, Type:RATIS, Factor:THREE, State:CLOSED]
org.apache.hadoop.hdds.scm.pipeline.PipelineNotFoundException: PipelineID=571f8e8f-570d-4ddc-9fe4-23f4c195a245 not found
	at org.apache.hadoop.hdds.scm.pipeline.PipelineStateMap.getPipeline(PipelineStateMap.java:132)
	at org.apache.hadoop.hdds.scm.pipeline.PipelineStateMap.removePipeline(PipelineStateMap.java:322)
	at org.apache.hadoop.hdds.scm.pipeline.PipelineStateManager.removePipeline(PipelineStateManager.java:107)
	at org.apache.hadoop.hdds.scm.pipeline.SCMPipelineManager.removePipeline(SCMPipelineManager.java:423)
	at org.apache.hadoop.hdds.scm.pipeline.SCMPipelineManager.destroyPipeline(SCMPipelineManager.java:409)
	at org.apache.hadoop.hdds.scm.pipeline.SCMPipelineManager.lambda$finalizeAndDestroyPipeline$0(SCMPipelineManager.java:318)
	at org.apache.hadoop.utils.Scheduler.lambda$schedule$1(Scheduler.java:68)
	at java.util.concurrent.Executors$RunnableAdapter.call(Executors.java:511)
	at java.util.concurrent.FutureTask.run(FutureTask.java:266)
	at java.util.concurrent.ScheduledThreadPoolExecutor$ScheduledFutureTask.access$201(ScheduledThreadPoolExecutor.java:180)
	at java.util.concurrent.ScheduledThreadPoolExecutor$ScheduledFutureTask.run(ScheduledThreadPoolExecutor.java:293)
	at java.util.concurrent.ThreadPoolExecutor.runWorker(ThreadPoolExecutor.java:1149)
	at java.util.concurrent.ThreadPoolExecutor$Worker.run(ThreadPoolExecutor.java:624)
	at java.lang.Thread.run(Thread.java:748)
2019-09-17 12:34:39,105 [grpc-default-executor-9] INFO  client.GrpcClientProtocolClient (GrpcClientProtocolClient.java:onNext(264)) - client-CDDE5ABED77C->597a450e-db00-46ca-b8ea-d9e1f9500f66: receive RaftClientReply:client-CDDE5ABED77C->597a450e-db00-46ca-b8ea-d9e1f9500f66@group-FAF0B6E2649D, cid=151, FAILED org.apache.ratis.protocol.NotLeaderException: Server 597a450e-db00-46ca-b8ea-d9e1f9500f66@group-FAF0B6E2649D is not the leader 4005f9e4-9000-4048-961f-9439e52a6da7:192.168.5.130:43091, logIndex=0, commits[597a450e-db00-46ca-b8ea-d9e1f9500f66:c11, 9a3c5405-1b71-41e7-a1e6-d9c2b7bf9721:c7, 4005f9e4-9000-4048-961f-9439e52a6da7:c11]
2019-09-17 12:34:39,407 [java.util.concurrent.ThreadPoolExecutor$Worker@7394651c[State = -1, empty queue]] WARN  server.GrpcLogAppender (GrpcLogAppender.java:timeoutAppendRequest(200)) - 4005f9e4-9000-4048-961f-9439e52a6da7@group-FAF0B6E2649D->9a3c5405-1b71-41e7-a1e6-d9c2b7bf9721-GrpcLogAppender: appendEntries Timeout, request=4005f9e4-9000-4048-961f-9439e52a6da7->9a3c5405-1b71-41e7-a1e6-d9c2b7bf9721#99-t1, previous=(t:1, i:17), leaderCommit=11, initializing? false, entries: <empty>
2019-09-17 12:34:39,407 [java.util.concurrent.ThreadPoolExecutor$Worker@628100a2[State = -1, empty queue]] WARN  server.GrpcLogAppender (GrpcLogAppender.java:timeoutAppendRequest(200)) - 4005f9e4-9000-4048-961f-9439e52a6da7@group-FAF0B6E2649D->597a450e-db00-46ca-b8ea-d9e1f9500f66-GrpcLogAppender: appendEntries Timeout, request=4005f9e4-9000-4048-961f-9439e52a6da7->597a450e-db00-46ca-b8ea-d9e1f9500f66#99-t1, previous=(t:1, i:17), leaderCommit=11, initializing? false, entries: <empty>
2019-09-17 12:34:41,091 [grpc-default-executor-9] INFO  impl.RaftServerProxy (RaftServerProxy.java:remove(95)) - 639d7dff-6a78-4ecf-aa0a-b8a4b660182e: remove group-23F4C195A245:null
2019-09-17 12:34:41,094 [RatisPipelineUtilsThread] WARN  pipeline.RatisPipelineUtils (RatisPipelineUtils.java:destroyPipeline(66)) - Pipeline destroy failed for pipeline=PipelineID=571f8e8f-570d-4ddc-9fe4-23f4c195a245 dn=639d7dff-6a78-4ecf-aa0a-b8a4b660182e{ip: 192.168.5.130, host: pr-hdds-2136-chhj8-2666454444, networkLocation: /default-rack, certSerialId: null}
2019-09-17 12:34:41,097 [grpc-default-executor-9] INFO  impl.RaftServerProxy (RaftServerProxy.java:remove(95)) - 8dae3b80-5600-44e3-9df5-13b3719afed7: remove group-23F4C195A245:null
2019-09-17 12:34:41,101 [RatisPipelineUtilsThread] WARN  pipeline.RatisPipelineUtils (RatisPipelineUtils.java:destroyPipeline(66)) - Pipeline destroy failed for pipeline=PipelineID=571f8e8f-570d-4ddc-9fe4-23f4c195a245 dn=8dae3b80-5600-44e3-9df5-13b3719afed7{ip: 192.168.5.130, host: pr-hdds-2136-chhj8-2666454444, networkLocation: /default-rack, certSerialId: null}
2019-09-17 12:34:41,105 [grpc-default-executor-9] INFO  impl.RaftServerProxy (RaftServerProxy.java:remove(95)) - f8d8d9c4-afe8-4cc5-8788-d0697b0baa61: remove group-23F4C195A245:null
2019-09-17 12:34:41,108 [RatisPipelineUtilsThread] WARN  pipeline.RatisPipelineUtils (RatisPipelineUtils.java:destroyPipeline(66)) - Pipeline destroy failed for pipeline=PipelineID=571f8e8f-570d-4ddc-9fe4-23f4c195a245 dn=f8d8d9c4-afe8-4cc5-8788-d0697b0baa61{ip: 192.168.5.130, host: pr-hdds-2136-chhj8-2666454444, networkLocation: /default-rack, certSerialId: null}
2019-09-17 12:34:41,108 [RatisPipelineUtilsThread] ERROR pipeline.SCMPipelineManager (Scheduler.java:lambda$schedule$1(70)) - Destroy pipeline failed for pipeline:Pipeline[ Id: 571f8e8f-570d-4ddc-9fe4-23f4c195a245, Nodes: 639d7dff-6a78-4ecf-aa0a-b8a4b660182e{ip: 192.168.5.130, host: pr-hdds-2136-chhj8-2666454444, networkLocation: /default-rack, certSerialId: null}8dae3b80-5600-44e3-9df5-13b3719afed7{ip: 192.168.5.130, host: pr-hdds-2136-chhj8-2666454444, networkLocation: /default-rack, certSerialId: null}f8d8d9c4-afe8-4cc5-8788-d0697b0baa61{ip: 192.168.5.130, host: pr-hdds-2136-chhj8-2666454444, networkLocation: /default-rack, certSerialId: null}, Type:RATIS, Factor:THREE, State:CLOSED]
org.apache.hadoop.hdds.scm.pipeline.PipelineNotFoundException: PipelineID=571f8e8f-570d-4ddc-9fe4-23f4c195a245 not found
	at org.apache.hadoop.hdds.scm.pipeline.PipelineStateMap.getPipeline(PipelineStateMap.java:132)
	at org.apache.hadoop.hdds.scm.pipeline.PipelineStateMap.removePipeline(PipelineStateMap.java:322)
	at org.apache.hadoop.hdds.scm.pipeline.PipelineStateManager.removePipeline(PipelineStateManager.java:107)
	at org.apache.hadoop.hdds.scm.pipeline.SCMPipelineManager.removePipeline(SCMPipelineManager.java:423)
	at org.apache.hadoop.hdds.scm.pipeline.SCMPipelineManager.destroyPipeline(SCMPipelineManager.java:409)
	at org.apache.hadoop.hdds.scm.pipeline.SCMPipelineManager.lambda$finalizeAndDestroyPipeline$0(SCMPipelineManager.java:318)
	at org.apache.hadoop.utils.Scheduler.lambda$schedule$1(Scheduler.java:68)
	at java.util.concurrent.Executors$RunnableAdapter.call(Executors.java:511)
	at java.util.concurrent.FutureTask.run(FutureTask.java:266)
	at java.util.concurrent.ScheduledThreadPoolExecutor$ScheduledFutureTask.access$201(ScheduledThreadPoolExecutor.java:180)
	at java.util.concurrent.ScheduledThreadPoolExecutor$ScheduledFutureTask.run(ScheduledThreadPoolExecutor.java:293)
	at java.util.concurrent.ThreadPoolExecutor.runWorker(ThreadPoolExecutor.java:1149)
	at java.util.concurrent.ThreadPoolExecutor$Worker.run(ThreadPoolExecutor.java:624)
	at java.lang.Thread.run(Thread.java:748)
2019-09-17 12:34:41,908 [java.util.concurrent.ThreadPoolExecutor$Worker@628100a2[State = -1, empty queue]] WARN  server.GrpcLogAppender (GrpcLogAppender.java:timeoutAppendRequest(200)) - 4005f9e4-9000-4048-961f-9439e52a6da7@group-FAF0B6E2649D->597a450e-db00-46ca-b8ea-d9e1f9500f66-GrpcLogAppender: appendEntries Timeout, request=4005f9e4-9000-4048-961f-9439e52a6da7->597a450e-db00-46ca-b8ea-d9e1f9500f66#100-t1, previous=(t:1, i:17), leaderCommit=11, initializing? false, entries: <empty>
2019-09-17 12:34:41,908 [java.util.concurrent.ThreadPoolExecutor$Worker@7394651c[State = -1, empty queue]] WARN  server.GrpcLogAppender (GrpcLogAppender.java:timeoutAppendRequest(200)) - 4005f9e4-9000-4048-961f-9439e52a6da7@group-FAF0B6E2649D->9a3c5405-1b71-41e7-a1e6-d9c2b7bf9721-GrpcLogAppender: appendEntries Timeout, request=4005f9e4-9000-4048-961f-9439e52a6da7->9a3c5405-1b71-41e7-a1e6-d9c2b7bf9721#100-t1, previous=(t:1, i:17), leaderCommit=11, initializing? false, entries: <empty>
2019-09-17 12:34:43,091 [grpc-default-executor-0] INFO  impl.RaftServerProxy (RaftServerProxy.java:remove(95)) - 639d7dff-6a78-4ecf-aa0a-b8a4b660182e: remove group-23F4C195A245:null
2019-09-17 12:34:43,096 [RatisPipelineUtilsThread] WARN  pipeline.RatisPipelineUtils (RatisPipelineUtils.java:destroyPipeline(66)) - Pipeline destroy failed for pipeline=PipelineID=571f8e8f-570d-4ddc-9fe4-23f4c195a245 dn=639d7dff-6a78-4ecf-aa0a-b8a4b660182e{ip: 192.168.5.130, host: pr-hdds-2136-chhj8-2666454444, networkLocation: /default-rack, certSerialId: null}
2019-09-17 12:34:43,100 [grpc-default-executor-0] INFO  impl.RaftServerProxy (RaftServerProxy.java:remove(95)) - 8dae3b80-5600-44e3-9df5-13b3719afed7: remove group-23F4C195A245:null
2019-09-17 12:34:43,102 [RatisPipelineUtilsThread] WARN  pipeline.RatisPipelineUtils (RatisPipelineUtils.java:destroyPipeline(66)) - Pipeline destroy failed for pipeline=PipelineID=571f8e8f-570d-4ddc-9fe4-23f4c195a245 dn=8dae3b80-5600-44e3-9df5-13b3719afed7{ip: 192.168.5.130, host: pr-hdds-2136-chhj8-2666454444, networkLocation: /default-rack, certSerialId: null}
2019-09-17 12:34:43,105 [grpc-default-executor-0] INFO  impl.RaftServerProxy (RaftServerProxy.java:remove(95)) - f8d8d9c4-afe8-4cc5-8788-d0697b0baa61: remove group-23F4C195A245:null
2019-09-17 12:34:43,107 [RatisPipelineUtilsThread] WARN  pipeline.RatisPipelineUtils (RatisPipelineUtils.java:destroyPipeline(66)) - Pipeline destroy failed for pipeline=PipelineID=571f8e8f-570d-4ddc-9fe4-23f4c195a245 dn=f8d8d9c4-afe8-4cc5-8788-d0697b0baa61{ip: 192.168.5.130, host: pr-hdds-2136-chhj8-2666454444, networkLocation: /default-rack, certSerialId: null}
2019-09-17 12:34:43,107 [RatisPipelineUtilsThread] ERROR pipeline.SCMPipelineManager (Scheduler.java:lambda$schedule$1(70)) - Destroy pipeline failed for pipeline:Pipeline[ Id: 571f8e8f-570d-4ddc-9fe4-23f4c195a245, Nodes: 639d7dff-6a78-4ecf-aa0a-b8a4b660182e{ip: 192.168.5.130, host: pr-hdds-2136-chhj8-2666454444, networkLocation: /default-rack, certSerialId: null}8dae3b80-5600-44e3-9df5-13b3719afed7{ip: 192.168.5.130, host: pr-hdds-2136-chhj8-2666454444, networkLocation: /default-rack, certSerialId: null}f8d8d9c4-afe8-4cc5-8788-d0697b0baa61{ip: 192.168.5.130, host: pr-hdds-2136-chhj8-2666454444, networkLocation: /default-rack, certSerialId: null}, Type:RATIS, Factor:THREE, State:CLOSED]
org.apache.hadoop.hdds.scm.pipeline.PipelineNotFoundException: PipelineID=571f8e8f-570d-4ddc-9fe4-23f4c195a245 not found
	at org.apache.hadoop.hdds.scm.pipeline.PipelineStateMap.getPipeline(PipelineStateMap.java:132)
	at org.apache.hadoop.hdds.scm.pipeline.PipelineStateMap.removePipeline(PipelineStateMap.java:322)
	at org.apache.hadoop.hdds.scm.pipeline.PipelineStateManager.removePipeline(PipelineStateManager.java:107)
	at org.apache.hadoop.hdds.scm.pipeline.SCMPipelineManager.removePipeline(SCMPipelineManager.java:423)
	at org.apache.hadoop.hdds.scm.pipeline.SCMPipelineManager.destroyPipeline(SCMPipelineManager.java:409)
	at org.apache.hadoop.hdds.scm.pipeline.SCMPipelineManager.lambda$finalizeAndDestroyPipeline$0(SCMPipelineManager.java:318)
	at org.apache.hadoop.utils.Scheduler.lambda$schedule$1(Scheduler.java:68)
	at java.util.concurrent.Executors$RunnableAdapter.call(Executors.java:511)
	at java.util.concurrent.FutureTask.run(FutureTask.java:266)
	at java.util.concurrent.ScheduledThreadPoolExecutor$ScheduledFutureTask.access$201(ScheduledThreadPoolExecutor.java:180)
	at java.util.concurrent.ScheduledThreadPoolExecutor$ScheduledFutureTask.run(ScheduledThreadPoolExecutor.java:293)
	at java.util.concurrent.ThreadPoolExecutor.runWorker(ThreadPoolExecutor.java:1149)
	at java.util.concurrent.ThreadPoolExecutor$Worker.run(ThreadPoolExecutor.java:624)
	at java.lang.Thread.run(Thread.java:748)
2019-09-17 12:34:43,902 [4005f9e4-9000-4048-961f-9439e52a6da7@group-FAF0B6E2649D-SegmentedRaftLogWorker] WARN  segmented.SegmentedRaftLogWorker (SegmentedRaftLogWorker.java:getFromFuture(90)) - Timeout 2/~
org.apache.ratis.protocol.TimeoutIOException: Timeout 10s: WriteLog:12: (t:1, i:12), STATEMACHINELOGENTRY, client-CDDE5ABED77C, cid=151-writeStateMachineData
	at org.apache.ratis.util.IOUtils.getFromFuture(IOUtils.java:87)
	at org.apache.ratis.server.raftlog.segmented.SegmentedRaftLogWorker$StateMachineDataPolicy.getFromFuture(SegmentedRaftLogWorker.java:87)
	at org.apache.ratis.server.raftlog.segmented.SegmentedRaftLogWorker$WriteLog.execute(SegmentedRaftLogWorker.java:477)
	at org.apache.ratis.server.raftlog.segmented.SegmentedRaftLogWorker.run(SegmentedRaftLogWorker.java:289)
	at java.lang.Thread.run(Thread.java:748)
Caused by: java.util.concurrent.TimeoutException
	at java.util.concurrent.CompletableFuture.timedGet(CompletableFuture.java:1771)
	at java.util.concurrent.CompletableFuture.get(CompletableFuture.java:1915)
	at org.apache.ratis.util.IOUtils.getFromFuture(IOUtils.java:79)
	... 4 more
2019-09-17 12:34:43,902 [597a450e-db00-46ca-b8ea-d9e1f9500f66@group-FAF0B6E2649D-SegmentedRaftLogWorker] WARN  segmented.SegmentedRaftLogWorker (SegmentedRaftLogWorker.java:getFromFuture(90)) - Timeout 2/~
org.apache.ratis.protocol.TimeoutIOException: Timeout 10s: WriteLog:12: (t:1, i:12), STATEMACHINELOGENTRY, client-CDDE5ABED77C, cid=151-writeStateMachineData
	at org.apache.ratis.util.IOUtils.getFromFuture(IOUtils.java:87)
	at org.apache.ratis.server.raftlog.segmented.SegmentedRaftLogWorker$StateMachineDataPolicy.getFromFuture(SegmentedRaftLogWorker.java:87)
	at org.apache.ratis.server.raftlog.segmented.SegmentedRaftLogWorker$WriteLog.execute(SegmentedRaftLogWorker.java:477)
	at org.apache.ratis.server.raftlog.segmented.SegmentedRaftLogWorker.run(SegmentedRaftLogWorker.java:289)
	at java.lang.Thread.run(Thread.java:748)
Caused by: java.util.concurrent.TimeoutException
	at java.util.concurrent.CompletableFuture.timedGet(CompletableFuture.java:1771)
	at java.util.concurrent.CompletableFuture.get(CompletableFuture.java:1915)
	at org.apache.ratis.util.IOUtils.getFromFuture(IOUtils.java:79)
	... 4 more
2019-09-17 12:34:43,902 [9a3c5405-1b71-41e7-a1e6-d9c2b7bf9721@group-FAF0B6E2649D-SegmentedRaftLogWorker] WARN  segmented.SegmentedRaftLogWorker (SegmentedRaftLogWorker.java:getFromFuture(90)) - Timeout 2/~
org.apache.ratis.protocol.TimeoutIOException: Timeout 10s: WriteLog:12: (t:1, i:12), STATEMACHINELOGENTRY, client-CDDE5ABED77C, cid=151-writeStateMachineData
	at org.apache.ratis.util.IOUtils.getFromFuture(IOUtils.java:87)
	at org.apache.ratis.server.raftlog.segmented.SegmentedRaftLogWorker$StateMachineDataPolicy.getFromFuture(SegmentedRaftLogWorker.java:87)
	at org.apache.ratis.server.raftlog.segmented.SegmentedRaftLogWorker$WriteLog.execute(SegmentedRaftLogWorker.java:477)
	at org.apache.ratis.server.raftlog.segmented.SegmentedRaftLogWorker.run(SegmentedRaftLogWorker.java:289)
	at java.lang.Thread.run(Thread.java:748)
Caused by: java.util.concurrent.TimeoutException
	at java.util.concurrent.CompletableFuture.timedGet(CompletableFuture.java:1771)
	at java.util.concurrent.CompletableFuture.get(CompletableFuture.java:1915)
	at org.apache.ratis.util.IOUtils.getFromFuture(IOUtils.java:79)
	... 4 more
2019-09-17 12:34:44,149 [grpc-default-executor-9] INFO  client.GrpcClientProtocolClient (GrpcClientProtocolClient.java:onNext(264)) - client-CDDE5ABED77C->597a450e-db00-46ca-b8ea-d9e1f9500f66: receive RaftClientReply:client-CDDE5ABED77C->597a450e-db00-46ca-b8ea-d9e1f9500f66@group-FAF0B6E2649D, cid=151, FAILED org.apache.ratis.protocol.NotLeaderException: Server 597a450e-db00-46ca-b8ea-d9e1f9500f66@group-FAF0B6E2649D is not the leader 4005f9e4-9000-4048-961f-9439e52a6da7:192.168.5.130:43091, logIndex=0, commits[597a450e-db00-46ca-b8ea-d9e1f9500f66:c11, 9a3c5405-1b71-41e7-a1e6-d9c2b7bf9721:c7, 4005f9e4-9000-4048-961f-9439e52a6da7:c11]
2019-09-17 12:34:44,408 [java.util.concurrent.ThreadPoolExecutor$Worker@628100a2[State = -1, empty queue]] WARN  server.GrpcLogAppender (GrpcLogAppender.java:timeoutAppendRequest(200)) - 4005f9e4-9000-4048-961f-9439e52a6da7@group-FAF0B6E2649D->597a450e-db00-46ca-b8ea-d9e1f9500f66-GrpcLogAppender: appendEntries Timeout, request=4005f9e4-9000-4048-961f-9439e52a6da7->597a450e-db00-46ca-b8ea-d9e1f9500f66#101-t1, previous=(t:1, i:17), leaderCommit=11, initializing? false, entries: <empty>
2019-09-17 12:34:44,408 [java.util.concurrent.ThreadPoolExecutor$Worker@7394651c[State = -1, empty queue]] WARN  server.GrpcLogAppender (GrpcLogAppender.java:timeoutAppendRequest(200)) - 4005f9e4-9000-4048-961f-9439e52a6da7@group-FAF0B6E2649D->9a3c5405-1b71-41e7-a1e6-d9c2b7bf9721-GrpcLogAppender: appendEntries Timeout, request=4005f9e4-9000-4048-961f-9439e52a6da7->9a3c5405-1b71-41e7-a1e6-d9c2b7bf9721#101-t1, previous=(t:1, i:17), leaderCommit=11, initializing? false, entries: <empty>
2019-09-17 12:34:46,094 [grpc-default-executor-0] INFO  impl.RaftServerProxy (RaftServerProxy.java:remove(95)) - 639d7dff-6a78-4ecf-aa0a-b8a4b660182e: remove group-23F4C195A245:null
2019-09-17 12:34:46,098 [RatisPipelineUtilsThread] WARN  pipeline.RatisPipelineUtils (RatisPipelineUtils.java:destroyPipeline(66)) - Pipeline destroy failed for pipeline=PipelineID=571f8e8f-570d-4ddc-9fe4-23f4c195a245 dn=639d7dff-6a78-4ecf-aa0a-b8a4b660182e{ip: 192.168.5.130, host: pr-hdds-2136-chhj8-2666454444, networkLocation: /default-rack, certSerialId: null}
2019-09-17 12:34:46,100 [grpc-default-executor-0] INFO  impl.RaftServerProxy (RaftServerProxy.java:remove(95)) - 8dae3b80-5600-44e3-9df5-13b3719afed7: remove group-23F4C195A245:null
2019-09-17 12:34:46,103 [RatisPipelineUtilsThread] WARN  pipeline.RatisPipelineUtils (RatisPipelineUtils.java:destroyPipeline(66)) - Pipeline destroy failed for pipeline=PipelineID=571f8e8f-570d-4ddc-9fe4-23f4c195a245 dn=8dae3b80-5600-44e3-9df5-13b3719afed7{ip: 192.168.5.130, host: pr-hdds-2136-chhj8-2666454444, networkLocation: /default-rack, certSerialId: null}
2019-09-17 12:34:46,105 [grpc-default-executor-0] INFO  impl.RaftServerProxy (RaftServerProxy.java:remove(95)) - f8d8d9c4-afe8-4cc5-8788-d0697b0baa61: remove group-23F4C195A245:null
2019-09-17 12:34:46,107 [RatisPipelineUtilsThread] WARN  pipeline.RatisPipelineUtils (RatisPipelineUtils.java:destroyPipeline(66)) - Pipeline destroy failed for pipeline=PipelineID=571f8e8f-570d-4ddc-9fe4-23f4c195a245 dn=f8d8d9c4-afe8-4cc5-8788-d0697b0baa61{ip: 192.168.5.130, host: pr-hdds-2136-chhj8-2666454444, networkLocation: /default-rack, certSerialId: null}
2019-09-17 12:34:46,108 [RatisPipelineUtilsThread] ERROR pipeline.SCMPipelineManager (Scheduler.java:lambda$schedule$1(70)) - Destroy pipeline failed for pipeline:Pipeline[ Id: 571f8e8f-570d-4ddc-9fe4-23f4c195a245, Nodes: 639d7dff-6a78-4ecf-aa0a-b8a4b660182e{ip: 192.168.5.130, host: pr-hdds-2136-chhj8-2666454444, networkLocation: /default-rack, certSerialId: null}8dae3b80-5600-44e3-9df5-13b3719afed7{ip: 192.168.5.130, host: pr-hdds-2136-chhj8-2666454444, networkLocation: /default-rack, certSerialId: null}f8d8d9c4-afe8-4cc5-8788-d0697b0baa61{ip: 192.168.5.130, host: pr-hdds-2136-chhj8-2666454444, networkLocation: /default-rack, certSerialId: null}, Type:RATIS, Factor:THREE, State:CLOSED]
org.apache.hadoop.hdds.scm.pipeline.PipelineNotFoundException: PipelineID=571f8e8f-570d-4ddc-9fe4-23f4c195a245 not found
	at org.apache.hadoop.hdds.scm.pipeline.PipelineStateMap.getPipeline(PipelineStateMap.java:132)
	at org.apache.hadoop.hdds.scm.pipeline.PipelineStateMap.removePipeline(PipelineStateMap.java:322)
	at org.apache.hadoop.hdds.scm.pipeline.PipelineStateManager.removePipeline(PipelineStateManager.java:107)
	at org.apache.hadoop.hdds.scm.pipeline.SCMPipelineManager.removePipeline(SCMPipelineManager.java:423)
	at org.apache.hadoop.hdds.scm.pipeline.SCMPipelineManager.destroyPipeline(SCMPipelineManager.java:409)
	at org.apache.hadoop.hdds.scm.pipeline.SCMPipelineManager.lambda$finalizeAndDestroyPipeline$0(SCMPipelineManager.java:318)
	at org.apache.hadoop.utils.Scheduler.lambda$schedule$1(Scheduler.java:68)
	at java.util.concurrent.Executors$RunnableAdapter.call(Executors.java:511)
	at java.util.concurrent.FutureTask.run(FutureTask.java:266)
	at java.util.concurrent.ScheduledThreadPoolExecutor$ScheduledFutureTask.access$201(ScheduledThreadPoolExecutor.java:180)
	at java.util.concurrent.ScheduledThreadPoolExecutor$ScheduledFutureTask.run(ScheduledThreadPoolExecutor.java:293)
	at java.util.concurrent.ThreadPoolExecutor.runWorker(ThreadPoolExecutor.java:1149)
	at java.util.concurrent.ThreadPoolExecutor$Worker.run(ThreadPoolExecutor.java:624)
	at java.lang.Thread.run(Thread.java:748)
2019-09-17 12:34:46,908 [java.util.concurrent.ThreadPoolExecutor$Worker@7394651c[State = -1, empty queue]] WARN  server.GrpcLogAppender (GrpcLogAppender.java:timeoutAppendRequest(200)) - 4005f9e4-9000-4048-961f-9439e52a6da7@group-FAF0B6E2649D->9a3c5405-1b71-41e7-a1e6-d9c2b7bf9721-GrpcLogAppender: appendEntries Timeout, request=4005f9e4-9000-4048-961f-9439e52a6da7->9a3c5405-1b71-41e7-a1e6-d9c2b7bf9721#102-t1, previous=(t:1, i:17), leaderCommit=11, initializing? false, entries: <empty>
2019-09-17 12:34:46,908 [java.util.concurrent.ThreadPoolExecutor$Worker@628100a2[State = -1, empty queue]] WARN  server.GrpcLogAppender (GrpcLogAppender.java:timeoutAppendRequest(200)) - 4005f9e4-9000-4048-961f-9439e52a6da7@group-FAF0B6E2649D->597a450e-db00-46ca-b8ea-d9e1f9500f66-GrpcLogAppender: appendEntries Timeout, request=4005f9e4-9000-4048-961f-9439e52a6da7->597a450e-db00-46ca-b8ea-d9e1f9500f66#102-t1, previous=(t:1, i:17), leaderCommit=11, initializing? false, entries: <empty>
2019-09-17 12:34:48,093 [grpc-default-executor-0] INFO  impl.RaftServerProxy (RaftServerProxy.java:remove(95)) - 639d7dff-6a78-4ecf-aa0a-b8a4b660182e: remove group-23F4C195A245:null
2019-09-17 12:34:48,096 [RatisPipelineUtilsThread] WARN  pipeline.RatisPipelineUtils (RatisPipelineUtils.java:destroyPipeline(66)) - Pipeline destroy failed for pipeline=PipelineID=571f8e8f-570d-4ddc-9fe4-23f4c195a245 dn=639d7dff-6a78-4ecf-aa0a-b8a4b660182e{ip: 192.168.5.130, host: pr-hdds-2136-chhj8-2666454444, networkLocation: /default-rack, certSerialId: null}
2019-09-17 12:34:48,099 [grpc-default-executor-0] INFO  impl.RaftServerProxy (RaftServerProxy.java:remove(95)) - 8dae3b80-5600-44e3-9df5-13b3719afed7: remove group-23F4C195A245:null
2019-09-17 12:34:48,101 [RatisPipelineUtilsThread] WARN  pipeline.RatisPipelineUtils (RatisPipelineUtils.java:destroyPipeline(66)) - Pipeline destroy failed for pipeline=PipelineID=571f8e8f-570d-4ddc-9fe4-23f4c195a245 dn=8dae3b80-5600-44e3-9df5-13b3719afed7{ip: 192.168.5.130, host: pr-hdds-2136-chhj8-2666454444, networkLocation: /default-rack, certSerialId: null}
2019-09-17 12:34:48,104 [grpc-default-executor-0] INFO  impl.RaftServerProxy (RaftServerProxy.java:remove(95)) - f8d8d9c4-afe8-4cc5-8788-d0697b0baa61: remove group-23F4C195A245:null
2019-09-17 12:34:48,106 [RatisPipelineUtilsThread] WARN  pipeline.RatisPipelineUtils (RatisPipelineUtils.java:destroyPipeline(66)) - Pipeline destroy failed for pipeline=PipelineID=571f8e8f-570d-4ddc-9fe4-23f4c195a245 dn=f8d8d9c4-afe8-4cc5-8788-d0697b0baa61{ip: 192.168.5.130, host: pr-hdds-2136-chhj8-2666454444, networkLocation: /default-rack, certSerialId: null}
2019-09-17 12:34:48,106 [RatisPipelineUtilsThread] ERROR pipeline.SCMPipelineManager (Scheduler.java:lambda$schedule$1(70)) - Destroy pipeline failed for pipeline:Pipeline[ Id: 571f8e8f-570d-4ddc-9fe4-23f4c195a245, Nodes: 639d7dff-6a78-4ecf-aa0a-b8a4b660182e{ip: 192.168.5.130, host: pr-hdds-2136-chhj8-2666454444, networkLocation: /default-rack, certSerialId: null}8dae3b80-5600-44e3-9df5-13b3719afed7{ip: 192.168.5.130, host: pr-hdds-2136-chhj8-2666454444, networkLocation: /default-rack, certSerialId: null}f8d8d9c4-afe8-4cc5-8788-d0697b0baa61{ip: 192.168.5.130, host: pr-hdds-2136-chhj8-2666454444, networkLocation: /default-rack, certSerialId: null}, Type:RATIS, Factor:THREE, State:CLOSED]
org.apache.hadoop.hdds.scm.pipeline.PipelineNotFoundException: PipelineID=571f8e8f-570d-4ddc-9fe4-23f4c195a245 not found
	at org.apache.hadoop.hdds.scm.pipeline.PipelineStateMap.getPipeline(PipelineStateMap.java:132)
	at org.apache.hadoop.hdds.scm.pipeline.PipelineStateMap.removePipeline(PipelineStateMap.java:322)
	at org.apache.hadoop.hdds.scm.pipeline.PipelineStateManager.removePipeline(PipelineStateManager.java:107)
	at org.apache.hadoop.hdds.scm.pipeline.SCMPipelineManager.removePipeline(SCMPipelineManager.java:423)
	at org.apache.hadoop.hdds.scm.pipeline.SCMPipelineManager.destroyPipeline(SCMPipelineManager.java:409)
	at org.apache.hadoop.hdds.scm.pipeline.SCMPipelineManager.lambda$finalizeAndDestroyPipeline$0(SCMPipelineManager.java:318)
	at org.apache.hadoop.utils.Scheduler.lambda$schedule$1(Scheduler.java:68)
	at java.util.concurrent.Executors$RunnableAdapter.call(Executors.java:511)
	at java.util.concurrent.FutureTask.run(FutureTask.java:266)
	at java.util.concurrent.ScheduledThreadPoolExecutor$ScheduledFutureTask.access$201(ScheduledThreadPoolExecutor.java:180)
	at java.util.concurrent.ScheduledThreadPoolExecutor$ScheduledFutureTask.run(ScheduledThreadPoolExecutor.java:293)
	at java.util.concurrent.ThreadPoolExecutor.runWorker(ThreadPoolExecutor.java:1149)
	at java.util.concurrent.ThreadPoolExecutor$Worker.run(ThreadPoolExecutor.java:624)
	at java.lang.Thread.run(Thread.java:748)
2019-09-17 12:34:49,189 [grpc-default-executor-9] INFO  client.GrpcClientProtocolClient (GrpcClientProtocolClient.java:onNext(264)) - client-CDDE5ABED77C->597a450e-db00-46ca-b8ea-d9e1f9500f66: receive RaftClientReply:client-CDDE5ABED77C->597a450e-db00-46ca-b8ea-d9e1f9500f66@group-FAF0B6E2649D, cid=151, FAILED org.apache.ratis.protocol.NotLeaderException: Server 597a450e-db00-46ca-b8ea-d9e1f9500f66@group-FAF0B6E2649D is not the leader 4005f9e4-9000-4048-961f-9439e52a6da7:192.168.5.130:43091, logIndex=0, commits[597a450e-db00-46ca-b8ea-d9e1f9500f66:c11, 9a3c5405-1b71-41e7-a1e6-d9c2b7bf9721:c7, 4005f9e4-9000-4048-961f-9439e52a6da7:c11]
2019-09-17 12:34:49,408 [java.util.concurrent.ThreadPoolExecutor$Worker@628100a2[State = -1, empty queue]] WARN  server.GrpcLogAppender (GrpcLogAppender.java:timeoutAppendRequest(200)) - 4005f9e4-9000-4048-961f-9439e52a6da7@group-FAF0B6E2649D->597a450e-db00-46ca-b8ea-d9e1f9500f66-GrpcLogAppender: appendEntries Timeout, request=4005f9e4-9000-4048-961f-9439e52a6da7->597a450e-db00-46ca-b8ea-d9e1f9500f66#103-t1, previous=(t:1, i:17), leaderCommit=11, initializing? false, entries: <empty>
2019-09-17 12:34:49,408 [java.util.concurrent.ThreadPoolExecutor$Worker@7394651c[State = -1, empty queue]] WARN  server.GrpcLogAppender (GrpcLogAppender.java:timeoutAppendRequest(200)) - 4005f9e4-9000-4048-961f-9439e52a6da7@group-FAF0B6E2649D->9a3c5405-1b71-41e7-a1e6-d9c2b7bf9721-GrpcLogAppender: appendEntries Timeout, request=4005f9e4-9000-4048-961f-9439e52a6da7->9a3c5405-1b71-41e7-a1e6-d9c2b7bf9721#103-t1, previous=(t:1, i:17), leaderCommit=11, initializing? false, entries: <empty>
2019-09-17 12:34:51,095 [grpc-default-executor-0] INFO  impl.RaftServerProxy (RaftServerProxy.java:remove(95)) - 639d7dff-6a78-4ecf-aa0a-b8a4b660182e: remove group-23F4C195A245:null
2019-09-17 12:34:51,097 [RatisPipelineUtilsThread] WARN  pipeline.RatisPipelineUtils (RatisPipelineUtils.java:destroyPipeline(66)) - Pipeline destroy failed for pipeline=PipelineID=571f8e8f-570d-4ddc-9fe4-23f4c195a245 dn=639d7dff-6a78-4ecf-aa0a-b8a4b660182e{ip: 192.168.5.130, host: pr-hdds-2136-chhj8-2666454444, networkLocation: /default-rack, certSerialId: null}
2019-09-17 12:34:51,099 [grpc-default-executor-0] INFO  impl.RaftServerProxy (RaftServerProxy.java:remove(95)) - 8dae3b80-5600-44e3-9df5-13b3719afed7: remove group-23F4C195A245:null
2019-09-17 12:34:51,101 [RatisPipelineUtilsThread] WARN  pipeline.RatisPipelineUtils (RatisPipelineUtils.java:destroyPipeline(66)) - Pipeline destroy failed for pipeline=PipelineID=571f8e8f-570d-4ddc-9fe4-23f4c195a245 dn=8dae3b80-5600-44e3-9df5-13b3719afed7{ip: 192.168.5.130, host: pr-hdds-2136-chhj8-2666454444, networkLocation: /default-rack, certSerialId: null}
2019-09-17 12:34:51,103 [grpc-default-executor-0] INFO  impl.RaftServerProxy (RaftServerProxy.java:remove(95)) - f8d8d9c4-afe8-4cc5-8788-d0697b0baa61: remove group-23F4C195A245:null
2019-09-17 12:34:51,105 [RatisPipelineUtilsThread] WARN  pipeline.RatisPipelineUtils (RatisPipelineUtils.java:destroyPipeline(66)) - Pipeline destroy failed for pipeline=PipelineID=571f8e8f-570d-4ddc-9fe4-23f4c195a245 dn=f8d8d9c4-afe8-4cc5-8788-d0697b0baa61{ip: 192.168.5.130, host: pr-hdds-2136-chhj8-2666454444, networkLocation: /default-rack, certSerialId: null}
2019-09-17 12:34:51,105 [RatisPipelineUtilsThread] ERROR pipeline.SCMPipelineManager (Scheduler.java:lambda$schedule$1(70)) - Destroy pipeline failed for pipeline:Pipeline[ Id: 571f8e8f-570d-4ddc-9fe4-23f4c195a245, Nodes: 639d7dff-6a78-4ecf-aa0a-b8a4b660182e{ip: 192.168.5.130, host: pr-hdds-2136-chhj8-2666454444, networkLocation: /default-rack, certSerialId: null}8dae3b80-5600-44e3-9df5-13b3719afed7{ip: 192.168.5.130, host: pr-hdds-2136-chhj8-2666454444, networkLocation: /default-rack, certSerialId: null}f8d8d9c4-afe8-4cc5-8788-d0697b0baa61{ip: 192.168.5.130, host: pr-hdds-2136-chhj8-2666454444, networkLocation: /default-rack, certSerialId: null}, Type:RATIS, Factor:THREE, State:CLOSED]
org.apache.hadoop.hdds.scm.pipeline.PipelineNotFoundException: PipelineID=571f8e8f-570d-4ddc-9fe4-23f4c195a245 not found
	at org.apache.hadoop.hdds.scm.pipeline.PipelineStateMap.getPipeline(PipelineStateMap.java:132)
	at org.apache.hadoop.hdds.scm.pipeline.PipelineStateMap.removePipeline(PipelineStateMap.java:322)
	at org.apache.hadoop.hdds.scm.pipeline.PipelineStateManager.removePipeline(PipelineStateManager.java:107)
	at org.apache.hadoop.hdds.scm.pipeline.SCMPipelineManager.removePipeline(SCMPipelineManager.java:423)
	at org.apache.hadoop.hdds.scm.pipeline.SCMPipelineManager.destroyPipeline(SCMPipelineManager.java:409)
	at org.apache.hadoop.hdds.scm.pipeline.SCMPipelineManager.lambda$finalizeAndDestroyPipeline$0(SCMPipelineManager.java:318)
	at org.apache.hadoop.utils.Scheduler.lambda$schedule$1(Scheduler.java:68)
	at java.util.concurrent.Executors$RunnableAdapter.call(Executors.java:511)
	at java.util.concurrent.FutureTask.run(FutureTask.java:266)
	at java.util.concurrent.ScheduledThreadPoolExecutor$ScheduledFutureTask.access$201(ScheduledThreadPoolExecutor.java:180)
	at java.util.concurrent.ScheduledThreadPoolExecutor$ScheduledFutureTask.run(ScheduledThreadPoolExecutor.java:293)
	at java.util.concurrent.ThreadPoolExecutor.runWorker(ThreadPoolExecutor.java:1149)
	at java.util.concurrent.ThreadPoolExecutor$Worker.run(ThreadPoolExecutor.java:624)
	at java.lang.Thread.run(Thread.java:748)
2019-09-17 12:34:51,909 [java.util.concurrent.ThreadPoolExecutor$Worker@7394651c[State = -1, empty queue]] WARN  server.GrpcLogAppender (GrpcLogAppender.java:timeoutAppendRequest(200)) - 4005f9e4-9000-4048-961f-9439e52a6da7@group-FAF0B6E2649D->9a3c5405-1b71-41e7-a1e6-d9c2b7bf9721-GrpcLogAppender: appendEntries Timeout, request=4005f9e4-9000-4048-961f-9439e52a6da7->9a3c5405-1b71-41e7-a1e6-d9c2b7bf9721#104-t1, previous=(t:1, i:17), leaderCommit=11, initializing? false, entries: <empty>
2019-09-17 12:34:51,909 [java.util.concurrent.ThreadPoolExecutor$Worker@628100a2[State = -1, empty queue]] WARN  server.GrpcLogAppender (GrpcLogAppender.java:timeoutAppendRequest(200)) - 4005f9e4-9000-4048-961f-9439e52a6da7@group-FAF0B6E2649D->597a450e-db00-46ca-b8ea-d9e1f9500f66-GrpcLogAppender: appendEntries Timeout, request=4005f9e4-9000-4048-961f-9439e52a6da7->597a450e-db00-46ca-b8ea-d9e1f9500f66#104-t1, previous=(t:1, i:17), leaderCommit=11, initializing? false, entries: <empty>
2019-09-17 12:34:53,097 [grpc-default-executor-0] INFO  impl.RaftServerProxy (RaftServerProxy.java:remove(95)) - 639d7dff-6a78-4ecf-aa0a-b8a4b660182e: remove group-23F4C195A245:null
2019-09-17 12:34:53,100 [RatisPipelineUtilsThread] WARN  pipeline.RatisPipelineUtils (RatisPipelineUtils.java:destroyPipeline(66)) - Pipeline destroy failed for pipeline=PipelineID=571f8e8f-570d-4ddc-9fe4-23f4c195a245 dn=639d7dff-6a78-4ecf-aa0a-b8a4b660182e{ip: 192.168.5.130, host: pr-hdds-2136-chhj8-2666454444, networkLocation: /default-rack, certSerialId: null}
2019-09-17 12:34:53,102 [grpc-default-executor-0] INFO  impl.RaftServerProxy (RaftServerProxy.java:remove(95)) - 8dae3b80-5600-44e3-9df5-13b3719afed7: remove group-23F4C195A245:null
2019-09-17 12:34:53,104 [RatisPipelineUtilsThread] WARN  pipeline.RatisPipelineUtils (RatisPipelineUtils.java:destroyPipeline(66)) - Pipeline destroy failed for pipeline=PipelineID=571f8e8f-570d-4ddc-9fe4-23f4c195a245 dn=8dae3b80-5600-44e3-9df5-13b3719afed7{ip: 192.168.5.130, host: pr-hdds-2136-chhj8-2666454444, networkLocation: /default-rack, certSerialId: null}
2019-09-17 12:34:53,107 [grpc-default-executor-0] INFO  impl.RaftServerProxy (RaftServerProxy.java:remove(95)) - f8d8d9c4-afe8-4cc5-8788-d0697b0baa61: remove group-23F4C195A245:null
2019-09-17 12:34:53,109 [RatisPipelineUtilsThread] WARN  pipeline.RatisPipelineUtils (RatisPipelineUtils.java:destroyPipeline(66)) - Pipeline destroy failed for pipeline=PipelineID=571f8e8f-570d-4ddc-9fe4-23f4c195a245 dn=f8d8d9c4-afe8-4cc5-8788-d0697b0baa61{ip: 192.168.5.130, host: pr-hdds-2136-chhj8-2666454444, networkLocation: /default-rack, certSerialId: null}
2019-09-17 12:34:53,109 [RatisPipelineUtilsThread] ERROR pipeline.SCMPipelineManager (Scheduler.java:lambda$schedule$1(70)) - Destroy pipeline failed for pipeline:Pipeline[ Id: 571f8e8f-570d-4ddc-9fe4-23f4c195a245, Nodes: 639d7dff-6a78-4ecf-aa0a-b8a4b660182e{ip: 192.168.5.130, host: pr-hdds-2136-chhj8-2666454444, networkLocation: /default-rack, certSerialId: null}8dae3b80-5600-44e3-9df5-13b3719afed7{ip: 192.168.5.130, host: pr-hdds-2136-chhj8-2666454444, networkLocation: /default-rack, certSerialId: null}f8d8d9c4-afe8-4cc5-8788-d0697b0baa61{ip: 192.168.5.130, host: pr-hdds-2136-chhj8-2666454444, networkLocation: /default-rack, certSerialId: null}, Type:RATIS, Factor:THREE, State:CLOSED]
org.apache.hadoop.hdds.scm.pipeline.PipelineNotFoundException: PipelineID=571f8e8f-570d-4ddc-9fe4-23f4c195a245 not found
	at org.apache.hadoop.hdds.scm.pipeline.PipelineStateMap.getPipeline(PipelineStateMap.java:132)
	at org.apache.hadoop.hdds.scm.pipeline.PipelineStateMap.removePipeline(PipelineStateMap.java:322)
	at org.apache.hadoop.hdds.scm.pipeline.PipelineStateManager.removePipeline(PipelineStateManager.java:107)
	at org.apache.hadoop.hdds.scm.pipeline.SCMPipelineManager.removePipeline(SCMPipelineManager.java:423)
	at org.apache.hadoop.hdds.scm.pipeline.SCMPipelineManager.destroyPipeline(SCMPipelineManager.java:409)
	at org.apache.hadoop.hdds.scm.pipeline.SCMPipelineManager.lambda$finalizeAndDestroyPipeline$0(SCMPipelineManager.java:318)
	at org.apache.hadoop.utils.Scheduler.lambda$schedule$1(Scheduler.java:68)
	at java.util.concurrent.Executors$RunnableAdapter.call(Executors.java:511)
	at java.util.concurrent.FutureTask.run(FutureTask.java:266)
	at java.util.concurrent.ScheduledThreadPoolExecutor$ScheduledFutureTask.access$201(ScheduledThreadPoolExecutor.java:180)
	at java.util.concurrent.ScheduledThreadPoolExecutor$ScheduledFutureTask.run(ScheduledThreadPoolExecutor.java:293)
	at java.util.concurrent.ThreadPoolExecutor.runWorker(ThreadPoolExecutor.java:1149)
	at java.util.concurrent.ThreadPoolExecutor$Worker.run(ThreadPoolExecutor.java:624)
	at java.lang.Thread.run(Thread.java:748)
2019-09-17 12:34:53,902 [4005f9e4-9000-4048-961f-9439e52a6da7@group-FAF0B6E2649D-SegmentedRaftLogWorker] WARN  segmented.SegmentedRaftLogWorker (SegmentedRaftLogWorker.java:getFromFuture(90)) - Timeout 3/~
org.apache.ratis.protocol.TimeoutIOException: Timeout 10s: WriteLog:12: (t:1, i:12), STATEMACHINELOGENTRY, client-CDDE5ABED77C, cid=151-writeStateMachineData
	at org.apache.ratis.util.IOUtils.getFromFuture(IOUtils.java:87)
	at org.apache.ratis.server.raftlog.segmented.SegmentedRaftLogWorker$StateMachineDataPolicy.getFromFuture(SegmentedRaftLogWorker.java:87)
	at org.apache.ratis.server.raftlog.segmented.SegmentedRaftLogWorker$WriteLog.execute(SegmentedRaftLogWorker.java:477)
	at org.apache.ratis.server.raftlog.segmented.SegmentedRaftLogWorker.run(SegmentedRaftLogWorker.java:289)
	at java.lang.Thread.run(Thread.java:748)
Caused by: java.util.concurrent.TimeoutException
	at java.util.concurrent.CompletableFuture.timedGet(CompletableFuture.java:1771)
	at java.util.concurrent.CompletableFuture.get(CompletableFuture.java:1915)
	at org.apache.ratis.util.IOUtils.getFromFuture(IOUtils.java:79)
	... 4 more
2019-09-17 12:34:53,903 [597a450e-db00-46ca-b8ea-d9e1f9500f66@group-FAF0B6E2649D-SegmentedRaftLogWorker] WARN  segmented.SegmentedRaftLogWorker (SegmentedRaftLogWorker.java:getFromFuture(90)) - Timeout 3/~
org.apache.ratis.protocol.TimeoutIOException: Timeout 10s: WriteLog:12: (t:1, i:12), STATEMACHINELOGENTRY, client-CDDE5ABED77C, cid=151-writeStateMachineData
	at org.apache.ratis.util.IOUtils.getFromFuture(IOUtils.java:87)
	at org.apache.ratis.server.raftlog.segmented.SegmentedRaftLogWorker$StateMachineDataPolicy.getFromFuture(SegmentedRaftLogWorker.java:87)
	at org.apache.ratis.server.raftlog.segmented.SegmentedRaftLogWorker$WriteLog.execute(SegmentedRaftLogWorker.java:477)
	at org.apache.ratis.server.raftlog.segmented.SegmentedRaftLogWorker.run(SegmentedRaftLogWorker.java:289)
	at java.lang.Thread.run(Thread.java:748)
Caused by: java.util.concurrent.TimeoutException
	at java.util.concurrent.CompletableFuture.timedGet(CompletableFuture.java:1771)
	at java.util.concurrent.CompletableFuture.get(CompletableFuture.java:1915)
	at org.apache.ratis.util.IOUtils.getFromFuture(IOUtils.java:79)
	... 4 more
2019-09-17 12:34:53,903 [9a3c5405-1b71-41e7-a1e6-d9c2b7bf9721@group-FAF0B6E2649D-SegmentedRaftLogWorker] WARN  segmented.SegmentedRaftLogWorker (SegmentedRaftLogWorker.java:getFromFuture(90)) - Timeout 3/~
org.apache.ratis.protocol.TimeoutIOException: Timeout 10s: WriteLog:12: (t:1, i:12), STATEMACHINELOGENTRY, client-CDDE5ABED77C, cid=151-writeStateMachineData
	at org.apache.ratis.util.IOUtils.getFromFuture(IOUtils.java:87)
	at org.apache.ratis.server.raftlog.segmented.SegmentedRaftLogWorker$StateMachineDataPolicy.getFromFuture(SegmentedRaftLogWorker.java:87)
	at org.apache.ratis.server.raftlog.segmented.SegmentedRaftLogWorker$WriteLog.execute(SegmentedRaftLogWorker.java:477)
	at org.apache.ratis.server.raftlog.segmented.SegmentedRaftLogWorker.run(SegmentedRaftLogWorker.java:289)
	at java.lang.Thread.run(Thread.java:748)
Caused by: java.util.concurrent.TimeoutException
	at java.util.concurrent.CompletableFuture.timedGet(CompletableFuture.java:1771)
	at java.util.concurrent.CompletableFuture.get(CompletableFuture.java:1915)
	at org.apache.ratis.util.IOUtils.getFromFuture(IOUtils.java:79)
	... 4 more
2019-09-17 12:34:54,233 [grpc-default-executor-9] INFO  client.GrpcClientProtocolClient (GrpcClientProtocolClient.java:onNext(264)) - client-CDDE5ABED77C->597a450e-db00-46ca-b8ea-d9e1f9500f66: receive RaftClientReply:client-CDDE5ABED77C->597a450e-db00-46ca-b8ea-d9e1f9500f66@group-FAF0B6E2649D, cid=151, FAILED org.apache.ratis.protocol.NotLeaderException: Server 597a450e-db00-46ca-b8ea-d9e1f9500f66@group-FAF0B6E2649D is not the leader 4005f9e4-9000-4048-961f-9439e52a6da7:192.168.5.130:43091, logIndex=0, commits[597a450e-db00-46ca-b8ea-d9e1f9500f66:c11, 9a3c5405-1b71-41e7-a1e6-d9c2b7bf9721:c7, 4005f9e4-9000-4048-961f-9439e52a6da7:c11]
2019-09-17 12:34:54,409 [java.util.concurrent.ThreadPoolExecutor$Worker@628100a2[State = -1, empty queue]] WARN  server.GrpcLogAppender (GrpcLogAppender.java:timeoutAppendRequest(200)) - 4005f9e4-9000-4048-961f-9439e52a6da7@group-FAF0B6E2649D->597a450e-db00-46ca-b8ea-d9e1f9500f66-GrpcLogAppender: appendEntries Timeout, request=4005f9e4-9000-4048-961f-9439e52a6da7->597a450e-db00-46ca-b8ea-d9e1f9500f66#105-t1, previous=(t:1, i:17), leaderCommit=11, initializing? false, entries: <empty>
2019-09-17 12:34:54,409 [java.util.concurrent.ThreadPoolExecutor$Worker@7394651c[State = -1, empty queue]] WARN  server.GrpcLogAppender (GrpcLogAppender.java:timeoutAppendRequest(200)) - 4005f9e4-9000-4048-961f-9439e52a6da7@group-FAF0B6E2649D->9a3c5405-1b71-41e7-a1e6-d9c2b7bf9721-GrpcLogAppender: appendEntries Timeout, request=4005f9e4-9000-4048-961f-9439e52a6da7->9a3c5405-1b71-41e7-a1e6-d9c2b7bf9721#105-t1, previous=(t:1, i:17), leaderCommit=11, initializing? false, entries: <empty>
2019-09-17 12:34:56,096 [grpc-default-executor-0] INFO  impl.RaftServerProxy (RaftServerProxy.java:remove(95)) - 639d7dff-6a78-4ecf-aa0a-b8a4b660182e: remove group-23F4C195A245:null
2019-09-17 12:34:56,099 [RatisPipelineUtilsThread] WARN  pipeline.RatisPipelineUtils (RatisPipelineUtils.java:destroyPipeline(66)) - Pipeline destroy failed for pipeline=PipelineID=571f8e8f-570d-4ddc-9fe4-23f4c195a245 dn=639d7dff-6a78-4ecf-aa0a-b8a4b660182e{ip: 192.168.5.130, host: pr-hdds-2136-chhj8-2666454444, networkLocation: /default-rack, certSerialId: null}
2019-09-17 12:34:56,101 [grpc-default-executor-0] INFO  impl.RaftServerProxy (RaftServerProxy.java:remove(95)) - 8dae3b80-5600-44e3-9df5-13b3719afed7: remove group-23F4C195A245:null
2019-09-17 12:34:56,103 [RatisPipelineUtilsThread] WARN  pipeline.RatisPipelineUtils (RatisPipelineUtils.java:destroyPipeline(66)) - Pipeline destroy failed for pipeline=PipelineID=571f8e8f-570d-4ddc-9fe4-23f4c195a245 dn=8dae3b80-5600-44e3-9df5-13b3719afed7{ip: 192.168.5.130, host: pr-hdds-2136-chhj8-2666454444, networkLocation: /default-rack, certSerialId: null}
2019-09-17 12:34:56,106 [grpc-default-executor-0] INFO  impl.RaftServerProxy (RaftServerProxy.java:remove(95)) - f8d8d9c4-afe8-4cc5-8788-d0697b0baa61: remove group-23F4C195A245:null
2019-09-17 12:34:56,108 [RatisPipelineUtilsThread] WARN  pipeline.RatisPipelineUtils (RatisPipelineUtils.java:destroyPipeline(66)) - Pipeline destroy failed for pipeline=PipelineID=571f8e8f-570d-4ddc-9fe4-23f4c195a245 dn=f8d8d9c4-afe8-4cc5-8788-d0697b0baa61{ip: 192.168.5.130, host: pr-hdds-2136-chhj8-2666454444, networkLocation: /default-rack, certSerialId: null}
2019-09-17 12:34:56,109 [RatisPipelineUtilsThread] ERROR pipeline.SCMPipelineManager (Scheduler.java:lambda$schedule$1(70)) - Destroy pipeline failed for pipeline:Pipeline[ Id: 571f8e8f-570d-4ddc-9fe4-23f4c195a245, Nodes: 639d7dff-6a78-4ecf-aa0a-b8a4b660182e{ip: 192.168.5.130, host: pr-hdds-2136-chhj8-2666454444, networkLocation: /default-rack, certSerialId: null}8dae3b80-5600-44e3-9df5-13b3719afed7{ip: 192.168.5.130, host: pr-hdds-2136-chhj8-2666454444, networkLocation: /default-rack, certSerialId: null}f8d8d9c4-afe8-4cc5-8788-d0697b0baa61{ip: 192.168.5.130, host: pr-hdds-2136-chhj8-2666454444, networkLocation: /default-rack, certSerialId: null}, Type:RATIS, Factor:THREE, State:CLOSED]
org.apache.hadoop.hdds.scm.pipeline.PipelineNotFoundException: PipelineID=571f8e8f-570d-4ddc-9fe4-23f4c195a245 not found
	at org.apache.hadoop.hdds.scm.pipeline.PipelineStateMap.getPipeline(PipelineStateMap.java:132)
	at org.apache.hadoop.hdds.scm.pipeline.PipelineStateMap.removePipeline(PipelineStateMap.java:322)
	at org.apache.hadoop.hdds.scm.pipeline.PipelineStateManager.removePipeline(PipelineStateManager.java:107)
	at org.apache.hadoop.hdds.scm.pipeline.SCMPipelineManager.removePipeline(SCMPipelineManager.java:423)
	at org.apache.hadoop.hdds.scm.pipeline.SCMPipelineManager.destroyPipeline(SCMPipelineManager.java:409)
	at org.apache.hadoop.hdds.scm.pipeline.SCMPipelineManager.lambda$finalizeAndDestroyPipeline$0(SCMPipelineManager.java:318)
	at org.apache.hadoop.utils.Scheduler.lambda$schedule$1(Scheduler.java:68)
	at java.util.concurrent.Executors$RunnableAdapter.call(Executors.java:511)
	at java.util.concurrent.FutureTask.run(FutureTask.java:266)
	at java.util.concurrent.ScheduledThreadPoolExecutor$ScheduledFutureTask.access$201(ScheduledThreadPoolExecutor.java:180)
	at java.util.concurrent.ScheduledThreadPoolExecutor$ScheduledFutureTask.run(ScheduledThreadPoolExecutor.java:293)
	at java.util.concurrent.ThreadPoolExecutor.runWorker(ThreadPoolExecutor.java:1149)
	at java.util.concurrent.ThreadPoolExecutor$Worker.run(ThreadPoolExecutor.java:624)
	at java.lang.Thread.run(Thread.java:748)
2019-09-17 12:34:56,909 [java.util.concurrent.ThreadPoolExecutor$Worker@628100a2[State = -1, empty queue]] WARN  server.GrpcLogAppender (GrpcLogAppender.java:timeoutAppendRequest(200)) - 4005f9e4-9000-4048-961f-9439e52a6da7@group-FAF0B6E2649D->597a450e-db00-46ca-b8ea-d9e1f9500f66-GrpcLogAppender: appendEntries Timeout, request=4005f9e4-9000-4048-961f-9439e52a6da7->597a450e-db00-46ca-b8ea-d9e1f9500f66#106-t1, previous=(t:1, i:17), leaderCommit=11, initializing? false, entries: <empty>
2019-09-17 12:34:56,909 [java.util.concurrent.ThreadPoolExecutor$Worker@7394651c[State = -1, empty queue]] WARN  server.GrpcLogAppender (GrpcLogAppender.java:timeoutAppendRequest(200)) - 4005f9e4-9000-4048-961f-9439e52a6da7@group-FAF0B6E2649D->9a3c5405-1b71-41e7-a1e6-d9c2b7bf9721-GrpcLogAppender: appendEntries Timeout, request=4005f9e4-9000-4048-961f-9439e52a6da7->9a3c5405-1b71-41e7-a1e6-d9c2b7bf9721#106-t1, previous=(t:1, i:17), leaderCommit=11, initializing? false, entries: <empty>
2019-09-17 12:34:58,098 [grpc-default-executor-0] INFO  impl.RaftServerProxy (RaftServerProxy.java:remove(95)) - 639d7dff-6a78-4ecf-aa0a-b8a4b660182e: remove group-23F4C195A245:null
2019-09-17 12:34:58,101 [RatisPipelineUtilsThread] WARN  pipeline.RatisPipelineUtils (RatisPipelineUtils.java:destroyPipeline(66)) - Pipeline destroy failed for pipeline=PipelineID=571f8e8f-570d-4ddc-9fe4-23f4c195a245 dn=639d7dff-6a78-4ecf-aa0a-b8a4b660182e{ip: 192.168.5.130, host: pr-hdds-2136-chhj8-2666454444, networkLocation: /default-rack, certSerialId: null}
2019-09-17 12:34:58,104 [grpc-default-executor-0] INFO  impl.RaftServerProxy (RaftServerProxy.java:remove(95)) - 8dae3b80-5600-44e3-9df5-13b3719afed7: remove group-23F4C195A245:null
2019-09-17 12:34:58,106 [RatisPipelineUtilsThread] WARN  pipeline.RatisPipelineUtils (RatisPipelineUtils.java:destroyPipeline(66)) - Pipeline destroy failed for pipeline=PipelineID=571f8e8f-570d-4ddc-9fe4-23f4c195a245 dn=8dae3b80-5600-44e3-9df5-13b3719afed7{ip: 192.168.5.130, host: pr-hdds-2136-chhj8-2666454444, networkLocation: /default-rack, certSerialId: null}
2019-09-17 12:34:58,108 [grpc-default-executor-0] INFO  impl.RaftServerProxy (RaftServerProxy.java:remove(95)) - f8d8d9c4-afe8-4cc5-8788-d0697b0baa61: remove group-23F4C195A245:null
2019-09-17 12:34:58,110 [RatisPipelineUtilsThread] WARN  pipeline.RatisPipelineUtils (RatisPipelineUtils.java:destroyPipeline(66)) - Pipeline destroy failed for pipeline=PipelineID=571f8e8f-570d-4ddc-9fe4-23f4c195a245 dn=f8d8d9c4-afe8-4cc5-8788-d0697b0baa61{ip: 192.168.5.130, host: pr-hdds-2136-chhj8-2666454444, networkLocation: /default-rack, certSerialId: null}
2019-09-17 12:34:58,110 [RatisPipelineUtilsThread] ERROR pipeline.SCMPipelineManager (Scheduler.java:lambda$schedule$1(70)) - Destroy pipeline failed for pipeline:Pipeline[ Id: 571f8e8f-570d-4ddc-9fe4-23f4c195a245, Nodes: 639d7dff-6a78-4ecf-aa0a-b8a4b660182e{ip: 192.168.5.130, host: pr-hdds-2136-chhj8-2666454444, networkLocation: /default-rack, certSerialId: null}8dae3b80-5600-44e3-9df5-13b3719afed7{ip: 192.168.5.130, host: pr-hdds-2136-chhj8-2666454444, networkLocation: /default-rack, certSerialId: null}f8d8d9c4-afe8-4cc5-8788-d0697b0baa61{ip: 192.168.5.130, host: pr-hdds-2136-chhj8-2666454444, networkLocation: /default-rack, certSerialId: null}, Type:RATIS, Factor:THREE, State:CLOSED]
org.apache.hadoop.hdds.scm.pipeline.PipelineNotFoundException: PipelineID=571f8e8f-570d-4ddc-9fe4-23f4c195a245 not found
	at org.apache.hadoop.hdds.scm.pipeline.PipelineStateMap.getPipeline(PipelineStateMap.java:132)
	at org.apache.hadoop.hdds.scm.pipeline.PipelineStateMap.removePipeline(PipelineStateMap.java:322)
	at org.apache.hadoop.hdds.scm.pipeline.PipelineStateManager.removePipeline(PipelineStateManager.java:107)
	at org.apache.hadoop.hdds.scm.pipeline.SCMPipelineManager.removePipeline(SCMPipelineManager.java:423)
	at org.apache.hadoop.hdds.scm.pipeline.SCMPipelineManager.destroyPipeline(SCMPipelineManager.java:409)
	at org.apache.hadoop.hdds.scm.pipeline.SCMPipelineManager.lambda$finalizeAndDestroyPipeline$0(SCMPipelineManager.java:318)
	at org.apache.hadoop.utils.Scheduler.lambda$schedule$1(Scheduler.java:68)
	at java.util.concurrent.Executors$RunnableAdapter.call(Executors.java:511)
	at java.util.concurrent.FutureTask.run(FutureTask.java:266)
	at java.util.concurrent.ScheduledThreadPoolExecutor$ScheduledFutureTask.access$201(ScheduledThreadPoolExecutor.java:180)
	at java.util.concurrent.ScheduledThreadPoolExecutor$ScheduledFutureTask.run(ScheduledThreadPoolExecutor.java:293)
	at java.util.concurrent.ThreadPoolExecutor.runWorker(ThreadPoolExecutor.java:1149)
	at java.util.concurrent.ThreadPoolExecutor$Worker.run(ThreadPoolExecutor.java:624)
	at java.lang.Thread.run(Thread.java:748)
2019-09-17 12:34:59,261 [grpc-default-executor-0] INFO  client.GrpcClientProtocolClient (GrpcClientProtocolClient.java:onNext(264)) - client-CDDE5ABED77C->597a450e-db00-46ca-b8ea-d9e1f9500f66: receive RaftClientReply:client-CDDE5ABED77C->597a450e-db00-46ca-b8ea-d9e1f9500f66@group-FAF0B6E2649D, cid=151, FAILED org.apache.ratis.protocol.NotLeaderException: Server 597a450e-db00-46ca-b8ea-d9e1f9500f66@group-FAF0B6E2649D is not the leader 4005f9e4-9000-4048-961f-9439e52a6da7:192.168.5.130:43091, logIndex=0, commits[597a450e-db00-46ca-b8ea-d9e1f9500f66:c11, 9a3c5405-1b71-41e7-a1e6-d9c2b7bf9721:c7, 4005f9e4-9000-4048-961f-9439e52a6da7:c11]
2019-09-17 12:34:59,409 [java.util.concurrent.ThreadPoolExecutor$Worker@628100a2[State = -1, empty queue]] WARN  server.GrpcLogAppender (GrpcLogAppender.java:timeoutAppendRequest(200)) - 4005f9e4-9000-4048-961f-9439e52a6da7@group-FAF0B6E2649D->597a450e-db00-46ca-b8ea-d9e1f9500f66-GrpcLogAppender: appendEntries Timeout, request=4005f9e4-9000-4048-961f-9439e52a6da7->597a450e-db00-46ca-b8ea-d9e1f9500f66#107-t1, previous=(t:1, i:17), leaderCommit=11, initializing? false, entries: <empty>
2019-09-17 12:34:59,409 [java.util.concurrent.ThreadPoolExecutor$Worker@7394651c[State = -1, empty queue]] WARN  server.GrpcLogAppender (GrpcLogAppender.java:timeoutAppendRequest(200)) - 4005f9e4-9000-4048-961f-9439e52a6da7@group-FAF0B6E2649D->9a3c5405-1b71-41e7-a1e6-d9c2b7bf9721-GrpcLogAppender: appendEntries Timeout, request=4005f9e4-9000-4048-961f-9439e52a6da7->9a3c5405-1b71-41e7-a1e6-d9c2b7bf9721#107-t1, previous=(t:1, i:17), leaderCommit=11, initializing? false, entries: <empty>
2019-09-17 12:35:01,096 [grpc-default-executor-0] INFO  impl.RaftServerProxy (RaftServerProxy.java:remove(95)) - 639d7dff-6a78-4ecf-aa0a-b8a4b660182e: remove group-23F4C195A245:null
2019-09-17 12:35:01,097 [RatisPipelineUtilsThread] WARN  pipeline.RatisPipelineUtils (RatisPipelineUtils.java:destroyPipeline(66)) - Pipeline destroy failed for pipeline=PipelineID=571f8e8f-570d-4ddc-9fe4-23f4c195a245 dn=639d7dff-6a78-4ecf-aa0a-b8a4b660182e{ip: 192.168.5.130, host: pr-hdds-2136-chhj8-2666454444, networkLocation: /default-rack, certSerialId: null}
2019-09-17 12:35:01,099 [grpc-default-executor-0] INFO  impl.RaftServerProxy (RaftServerProxy.java:remove(95)) - 8dae3b80-5600-44e3-9df5-13b3719afed7: remove group-23F4C195A245:null
2019-09-17 12:35:01,101 [RatisPipelineUtilsThread] WARN  pipeline.RatisPipelineUtils (RatisPipelineUtils.java:destroyPipeline(66)) - Pipeline destroy failed for pipeline=PipelineID=571f8e8f-570d-4ddc-9fe4-23f4c195a245 dn=8dae3b80-5600-44e3-9df5-13b3719afed7{ip: 192.168.5.130, host: pr-hdds-2136-chhj8-2666454444, networkLocation: /default-rack, certSerialId: null}
2019-09-17 12:35:01,103 [grpc-default-executor-0] INFO  impl.RaftServerProxy (RaftServerProxy.java:remove(95)) - f8d8d9c4-afe8-4cc5-8788-d0697b0baa61: remove group-23F4C195A245:null
2019-09-17 12:35:01,104 [RatisPipelineUtilsThread] WARN  pipeline.RatisPipelineUtils (RatisPipelineUtils.java:destroyPipeline(66)) - Pipeline destroy failed for pipeline=PipelineID=571f8e8f-570d-4ddc-9fe4-23f4c195a245 dn=f8d8d9c4-afe8-4cc5-8788-d0697b0baa61{ip: 192.168.5.130, host: pr-hdds-2136-chhj8-2666454444, networkLocation: /default-rack, certSerialId: null}
2019-09-17 12:35:01,105 [RatisPipelineUtilsThread] ERROR pipeline.SCMPipelineManager (Scheduler.java:lambda$schedule$1(70)) - Destroy pipeline failed for pipeline:Pipeline[ Id: 571f8e8f-570d-4ddc-9fe4-23f4c195a245, Nodes: 639d7dff-6a78-4ecf-aa0a-b8a4b660182e{ip: 192.168.5.130, host: pr-hdds-2136-chhj8-2666454444, networkLocation: /default-rack, certSerialId: null}8dae3b80-5600-44e3-9df5-13b3719afed7{ip: 192.168.5.130, host: pr-hdds-2136-chhj8-2666454444, networkLocation: /default-rack, certSerialId: null}f8d8d9c4-afe8-4cc5-8788-d0697b0baa61{ip: 192.168.5.130, host: pr-hdds-2136-chhj8-2666454444, networkLocation: /default-rack, certSerialId: null}, Type:RATIS, Factor:THREE, State:CLOSED]
org.apache.hadoop.hdds.scm.pipeline.PipelineNotFoundException: PipelineID=571f8e8f-570d-4ddc-9fe4-23f4c195a245 not found
	at org.apache.hadoop.hdds.scm.pipeline.PipelineStateMap.getPipeline(PipelineStateMap.java:132)
	at org.apache.hadoop.hdds.scm.pipeline.PipelineStateMap.removePipeline(PipelineStateMap.java:322)
	at org.apache.hadoop.hdds.scm.pipeline.PipelineStateManager.removePipeline(PipelineStateManager.java:107)
	at org.apache.hadoop.hdds.scm.pipeline.SCMPipelineManager.removePipeline(SCMPipelineManager.java:423)
	at org.apache.hadoop.hdds.scm.pipeline.SCMPipelineManager.destroyPipeline(SCMPipelineManager.java:409)
	at org.apache.hadoop.hdds.scm.pipeline.SCMPipelineManager.lambda$finalizeAndDestroyPipeline$0(SCMPipelineManager.java:318)
	at org.apache.hadoop.utils.Scheduler.lambda$schedule$1(Scheduler.java:68)
	at java.util.concurrent.Executors$RunnableAdapter.call(Executors.java:511)
	at java.util.concurrent.FutureTask.run(FutureTask.java:266)
	at java.util.concurrent.ScheduledThreadPoolExecutor$ScheduledFutureTask.access$201(ScheduledThreadPoolExecutor.java:180)
	at java.util.concurrent.ScheduledThreadPoolExecutor$ScheduledFutureTask.run(ScheduledThreadPoolExecutor.java:293)
	at java.util.concurrent.ThreadPoolExecutor.runWorker(ThreadPoolExecutor.java:1149)
	at java.util.concurrent.ThreadPoolExecutor$Worker.run(ThreadPoolExecutor.java:624)
	at java.lang.Thread.run(Thread.java:748)
2019-09-17 12:35:01,910 [java.util.concurrent.ThreadPoolExecutor$Worker@628100a2[State = -1, empty queue]] WARN  server.GrpcLogAppender (GrpcLogAppender.java:timeoutAppendRequest(200)) - 4005f9e4-9000-4048-961f-9439e52a6da7@group-FAF0B6E2649D->597a450e-db00-46ca-b8ea-d9e1f9500f66-GrpcLogAppender: appendEntries Timeout, request=4005f9e4-9000-4048-961f-9439e52a6da7->597a450e-db00-46ca-b8ea-d9e1f9500f66#108-t1, previous=(t:1, i:17), leaderCommit=11, initializing? false, entries: <empty>
2019-09-17 12:35:01,910 [java.util.concurrent.ThreadPoolExecutor$Worker@7394651c[State = -1, empty queue]] WARN  server.GrpcLogAppender (GrpcLogAppender.java:timeoutAppendRequest(200)) - 4005f9e4-9000-4048-961f-9439e52a6da7@group-FAF0B6E2649D->9a3c5405-1b71-41e7-a1e6-d9c2b7bf9721-GrpcLogAppender: appendEntries Timeout, request=4005f9e4-9000-4048-961f-9439e52a6da7->9a3c5405-1b71-41e7-a1e6-d9c2b7bf9721#108-t1, previous=(t:1, i:17), leaderCommit=11, initializing? false, entries: <empty>
2019-09-17 12:35:03,097 [grpc-default-executor-9] INFO  impl.RaftServerProxy (RaftServerProxy.java:remove(95)) - 639d7dff-6a78-4ecf-aa0a-b8a4b660182e: remove group-23F4C195A245:null
2019-09-17 12:35:03,100 [RatisPipelineUtilsThread] WARN  pipeline.RatisPipelineUtils (RatisPipelineUtils.java:destroyPipeline(66)) - Pipeline destroy failed for pipeline=PipelineID=571f8e8f-570d-4ddc-9fe4-23f4c195a245 dn=639d7dff-6a78-4ecf-aa0a-b8a4b660182e{ip: 192.168.5.130, host: pr-hdds-2136-chhj8-2666454444, networkLocation: /default-rack, certSerialId: null}
2019-09-17 12:35:03,103 [grpc-default-executor-9] INFO  impl.RaftServerProxy (RaftServerProxy.java:remove(95)) - 8dae3b80-5600-44e3-9df5-13b3719afed7: remove group-23F4C195A245:null
2019-09-17 12:35:03,104 [RatisPipelineUtilsThread] WARN  pipeline.RatisPipelineUtils (RatisPipelineUtils.java:destroyPipeline(66)) - Pipeline destroy failed for pipeline=PipelineID=571f8e8f-570d-4ddc-9fe4-23f4c195a245 dn=8dae3b80-5600-44e3-9df5-13b3719afed7{ip: 192.168.5.130, host: pr-hdds-2136-chhj8-2666454444, networkLocation: /default-rack, certSerialId: null}
2019-09-17 12:35:03,107 [grpc-default-executor-9] INFO  impl.RaftServerProxy (RaftServerProxy.java:remove(95)) - f8d8d9c4-afe8-4cc5-8788-d0697b0baa61: remove group-23F4C195A245:null
2019-09-17 12:35:03,108 [RatisPipelineUtilsThread] WARN  pipeline.RatisPipelineUtils (RatisPipelineUtils.java:destroyPipeline(66)) - Pipeline destroy failed for pipeline=PipelineID=571f8e8f-570d-4ddc-9fe4-23f4c195a245 dn=f8d8d9c4-afe8-4cc5-8788-d0697b0baa61{ip: 192.168.5.130, host: pr-hdds-2136-chhj8-2666454444, networkLocation: /default-rack, certSerialId: null}
2019-09-17 12:35:03,108 [RatisPipelineUtilsThread] ERROR pipeline.SCMPipelineManager (Scheduler.java:lambda$schedule$1(70)) - Destroy pipeline failed for pipeline:Pipeline[ Id: 571f8e8f-570d-4ddc-9fe4-23f4c195a245, Nodes: 639d7dff-6a78-4ecf-aa0a-b8a4b660182e{ip: 192.168.5.130, host: pr-hdds-2136-chhj8-2666454444, networkLocation: /default-rack, certSerialId: null}8dae3b80-5600-44e3-9df5-13b3719afed7{ip: 192.168.5.130, host: pr-hdds-2136-chhj8-2666454444, networkLocation: /default-rack, certSerialId: null}f8d8d9c4-afe8-4cc5-8788-d0697b0baa61{ip: 192.168.5.130, host: pr-hdds-2136-chhj8-2666454444, networkLocation: /default-rack, certSerialId: null}, Type:RATIS, Factor:THREE, State:CLOSED]
org.apache.hadoop.hdds.scm.pipeline.PipelineNotFoundException: PipelineID=571f8e8f-570d-4ddc-9fe4-23f4c195a245 not found
	at org.apache.hadoop.hdds.scm.pipeline.PipelineStateMap.getPipeline(PipelineStateMap.java:132)
	at org.apache.hadoop.hdds.scm.pipeline.PipelineStateMap.removePipeline(PipelineStateMap.java:322)
	at org.apache.hadoop.hdds.scm.pipeline.PipelineStateManager.removePipeline(PipelineStateManager.java:107)
	at org.apache.hadoop.hdds.scm.pipeline.SCMPipelineManager.removePipeline(SCMPipelineManager.java:423)
	at org.apache.hadoop.hdds.scm.pipeline.SCMPipelineManager.destroyPipeline(SCMPipelineManager.java:409)
	at org.apache.hadoop.hdds.scm.pipeline.SCMPipelineManager.lambda$finalizeAndDestroyPipeline$0(SCMPipelineManager.java:318)
	at org.apache.hadoop.utils.Scheduler.lambda$schedule$1(Scheduler.java:68)
	at java.util.concurrent.Executors$RunnableAdapter.call(Executors.java:511)
	at java.util.concurrent.FutureTask.run(FutureTask.java:266)
	at java.util.concurrent.ScheduledThreadPoolExecutor$ScheduledFutureTask.access$201(ScheduledThreadPoolExecutor.java:180)
	at java.util.concurrent.ScheduledThreadPoolExecutor$ScheduledFutureTask.run(ScheduledThreadPoolExecutor.java:293)
	at java.util.concurrent.ThreadPoolExecutor.runWorker(ThreadPoolExecutor.java:1149)
	at java.util.concurrent.ThreadPoolExecutor$Worker.run(ThreadPoolExecutor.java:624)
	at java.lang.Thread.run(Thread.java:748)
2019-09-17 12:35:03,903 [4005f9e4-9000-4048-961f-9439e52a6da7@group-FAF0B6E2649D-SegmentedRaftLogWorker] WARN  segmented.SegmentedRaftLogWorker (SegmentedRaftLogWorker.java:getFromFuture(90)) - Timeout 4/~
org.apache.ratis.protocol.TimeoutIOException: Timeout 10s: WriteLog:12: (t:1, i:12), STATEMACHINELOGENTRY, client-CDDE5ABED77C, cid=151-writeStateMachineData
	at org.apache.ratis.util.IOUtils.getFromFuture(IOUtils.java:87)
	at org.apache.ratis.server.raftlog.segmented.SegmentedRaftLogWorker$StateMachineDataPolicy.getFromFuture(SegmentedRaftLogWorker.java:87)
	at org.apache.ratis.server.raftlog.segmented.SegmentedRaftLogWorker$WriteLog.execute(SegmentedRaftLogWorker.java:477)
	at org.apache.ratis.server.raftlog.segmented.SegmentedRaftLogWorker.run(SegmentedRaftLogWorker.java:289)
	at java.lang.Thread.run(Thread.java:748)
Caused by: java.util.concurrent.TimeoutException
	at java.util.concurrent.CompletableFuture.timedGet(CompletableFuture.java:1771)
	at java.util.concurrent.CompletableFuture.get(CompletableFuture.java:1915)
	at org.apache.ratis.util.IOUtils.getFromFuture(IOUtils.java:79)
	... 4 more
2019-09-17 12:35:03,904 [597a450e-db00-46ca-b8ea-d9e1f9500f66@group-FAF0B6E2649D-SegmentedRaftLogWorker] WARN  segmented.SegmentedRaftLogWorker (SegmentedRaftLogWorker.java:getFromFuture(90)) - Timeout 4/~
org.apache.ratis.protocol.TimeoutIOException: Timeout 10s: WriteLog:12: (t:1, i:12), STATEMACHINELOGENTRY, client-CDDE5ABED77C, cid=151-writeStateMachineData
	at org.apache.ratis.util.IOUtils.getFromFuture(IOUtils.java:87)
	at org.apache.ratis.server.raftlog.segmented.SegmentedRaftLogWorker$StateMachineDataPolicy.getFromFuture(SegmentedRaftLogWorker.java:87)
	at org.apache.ratis.server.raftlog.segmented.SegmentedRaftLogWorker$WriteLog.execute(SegmentedRaftLogWorker.java:477)
	at org.apache.ratis.server.raftlog.segmented.SegmentedRaftLogWorker.run(SegmentedRaftLogWorker.java:289)
	at java.lang.Thread.run(Thread.java:748)
Caused by: java.util.concurrent.TimeoutException
	at java.util.concurrent.CompletableFuture.timedGet(CompletableFuture.java:1771)
	at java.util.concurrent.CompletableFuture.get(CompletableFuture.java:1915)
	at org.apache.ratis.util.IOUtils.getFromFuture(IOUtils.java:79)
	... 4 more
2019-09-17 12:35:03,904 [9a3c5405-1b71-41e7-a1e6-d9c2b7bf9721@group-FAF0B6E2649D-SegmentedRaftLogWorker] WARN  segmented.SegmentedRaftLogWorker (SegmentedRaftLogWorker.java:getFromFuture(90)) - Timeout 4/~
org.apache.ratis.protocol.TimeoutIOException: Timeout 10s: WriteLog:12: (t:1, i:12), STATEMACHINELOGENTRY, client-CDDE5ABED77C, cid=151-writeStateMachineData
	at org.apache.ratis.util.IOUtils.getFromFuture(IOUtils.java:87)
	at org.apache.ratis.server.raftlog.segmented.SegmentedRaftLogWorker$StateMachineDataPolicy.getFromFuture(SegmentedRaftLogWorker.java:87)
	at org.apache.ratis.server.raftlog.segmented.SegmentedRaftLogWorker$WriteLog.execute(SegmentedRaftLogWorker.java:477)
	at org.apache.ratis.server.raftlog.segmented.SegmentedRaftLogWorker.run(SegmentedRaftLogWorker.java:289)
	at java.lang.Thread.run(Thread.java:748)
Caused by: java.util.concurrent.TimeoutException
	at java.util.concurrent.CompletableFuture.timedGet(CompletableFuture.java:1771)
	at java.util.concurrent.CompletableFuture.get(CompletableFuture.java:1915)
	at org.apache.ratis.util.IOUtils.getFromFuture(IOUtils.java:79)
	... 4 more
2019-09-17 12:35:04,289 [grpc-default-executor-0] INFO  client.GrpcClientProtocolClient (GrpcClientProtocolClient.java:onNext(264)) - client-CDDE5ABED77C->9a3c5405-1b71-41e7-a1e6-d9c2b7bf9721: receive RaftClientReply:client-CDDE5ABED77C->9a3c5405-1b71-41e7-a1e6-d9c2b7bf9721@group-FAF0B6E2649D, cid=151, FAILED org.apache.ratis.protocol.NotLeaderException: Server 9a3c5405-1b71-41e7-a1e6-d9c2b7bf9721@group-FAF0B6E2649D is not the leader 4005f9e4-9000-4048-961f-9439e52a6da7:192.168.5.130:43091, logIndex=0, commits[9a3c5405-1b71-41e7-a1e6-d9c2b7bf9721:c11, 597a450e-db00-46ca-b8ea-d9e1f9500f66:c7, 4005f9e4-9000-4048-961f-9439e52a6da7:c11]
2019-09-17 12:35:04,410 [java.util.concurrent.ThreadPoolExecutor$Worker@628100a2[State = -1, empty queue]] WARN  server.GrpcLogAppender (GrpcLogAppender.java:timeoutAppendRequest(200)) - 4005f9e4-9000-4048-961f-9439e52a6da7@group-FAF0B6E2649D->597a450e-db00-46ca-b8ea-d9e1f9500f66-GrpcLogAppender: appendEntries Timeout, request=4005f9e4-9000-4048-961f-9439e52a6da7->597a450e-db00-46ca-b8ea-d9e1f9500f66#109-t1, previous=(t:1, i:17), leaderCommit=11, initializing? false, entries: <empty>
2019-09-17 12:35:04,410 [java.util.concurrent.ThreadPoolExecutor$Worker@7394651c[State = -1, empty queue]] WARN  server.GrpcLogAppender (GrpcLogAppender.java:timeoutAppendRequest(200)) - 4005f9e4-9000-4048-961f-9439e52a6da7@group-FAF0B6E2649D->9a3c5405-1b71-41e7-a1e6-d9c2b7bf9721-GrpcLogAppender: appendEntries Timeout, request=4005f9e4-9000-4048-961f-9439e52a6da7->9a3c5405-1b71-41e7-a1e6-d9c2b7bf9721#109-t1, previous=(t:1, i:17), leaderCommit=11, initializing? false, entries: <empty>
2019-09-17 12:35:06,098 [grpc-default-executor-0] INFO  impl.RaftServerProxy (RaftServerProxy.java:remove(95)) - 639d7dff-6a78-4ecf-aa0a-b8a4b660182e: remove group-23F4C195A245:null
2019-09-17 12:35:06,100 [RatisPipelineUtilsThread] WARN  pipeline.RatisPipelineUtils (RatisPipelineUtils.java:destroyPipeline(66)) - Pipeline destroy failed for pipeline=PipelineID=571f8e8f-570d-4ddc-9fe4-23f4c195a245 dn=639d7dff-6a78-4ecf-aa0a-b8a4b660182e{ip: 192.168.5.130, host: pr-hdds-2136-chhj8-2666454444, networkLocation: /default-rack, certSerialId: null}
2019-09-17 12:35:06,103 [grpc-default-executor-0] INFO  impl.RaftServerProxy (RaftServerProxy.java:remove(95)) - 8dae3b80-5600-44e3-9df5-13b3719afed7: remove group-23F4C195A245:null
2019-09-17 12:35:06,105 [RatisPipelineUtilsThread] WARN  pipeline.RatisPipelineUtils (RatisPipelineUtils.java:destroyPipeline(66)) - Pipeline destroy failed for pipeline=PipelineID=571f8e8f-570d-4ddc-9fe4-23f4c195a245 dn=8dae3b80-5600-44e3-9df5-13b3719afed7{ip: 192.168.5.130, host: pr-hdds-2136-chhj8-2666454444, networkLocation: /default-rack, certSerialId: null}
2019-09-17 12:35:06,107 [grpc-default-executor-0] INFO  impl.RaftServerProxy (RaftServerProxy.java:remove(95)) - f8d8d9c4-afe8-4cc5-8788-d0697b0baa61: remove group-23F4C195A245:null
2019-09-17 12:35:06,109 [RatisPipelineUtilsThread] WARN  pipeline.RatisPipelineUtils (RatisPipelineUtils.java:destroyPipeline(66)) - Pipeline destroy failed for pipeline=PipelineID=571f8e8f-570d-4ddc-9fe4-23f4c195a245 dn=f8d8d9c4-afe8-4cc5-8788-d0697b0baa61{ip: 192.168.5.130, host: pr-hdds-2136-chhj8-2666454444, networkLocation: /default-rack, certSerialId: null}
2019-09-17 12:35:06,109 [RatisPipelineUtilsThread] ERROR pipeline.SCMPipelineManager (Scheduler.java:lambda$schedule$1(70)) - Destroy pipeline failed for pipeline:Pipeline[ Id: 571f8e8f-570d-4ddc-9fe4-23f4c195a245, Nodes: 639d7dff-6a78-4ecf-aa0a-b8a4b660182e{ip: 192.168.5.130, host: pr-hdds-2136-chhj8-2666454444, networkLocation: /default-rack, certSerialId: null}8dae3b80-5600-44e3-9df5-13b3719afed7{ip: 192.168.5.130, host: pr-hdds-2136-chhj8-2666454444, networkLocation: /default-rack, certSerialId: null}f8d8d9c4-afe8-4cc5-8788-d0697b0baa61{ip: 192.168.5.130, host: pr-hdds-2136-chhj8-2666454444, networkLocation: /default-rack, certSerialId: null}, Type:RATIS, Factor:THREE, State:CLOSED]
org.apache.hadoop.hdds.scm.pipeline.PipelineNotFoundException: PipelineID=571f8e8f-570d-4ddc-9fe4-23f4c195a245 not found
	at org.apache.hadoop.hdds.scm.pipeline.PipelineStateMap.getPipeline(PipelineStateMap.java:132)
	at org.apache.hadoop.hdds.scm.pipeline.PipelineStateMap.removePipeline(PipelineStateMap.java:322)
	at org.apache.hadoop.hdds.scm.pipeline.PipelineStateManager.removePipeline(PipelineStateManager.java:107)
	at org.apache.hadoop.hdds.scm.pipeline.SCMPipelineManager.removePipeline(SCMPipelineManager.java:423)
	at org.apache.hadoop.hdds.scm.pipeline.SCMPipelineManager.destroyPipeline(SCMPipelineManager.java:409)
	at org.apache.hadoop.hdds.scm.pipeline.SCMPipelineManager.lambda$finalizeAndDestroyPipeline$0(SCMPipelineManager.java:318)
	at org.apache.hadoop.utils.Scheduler.lambda$schedule$1(Scheduler.java:68)
	at java.util.concurrent.Executors$RunnableAdapter.call(Executors.java:511)
	at java.util.concurrent.FutureTask.run(FutureTask.java:266)
	at java.util.concurrent.ScheduledThreadPoolExecutor$ScheduledFutureTask.access$201(ScheduledThreadPoolExecutor.java:180)
	at java.util.concurrent.ScheduledThreadPoolExecutor$ScheduledFutureTask.run(ScheduledThreadPoolExecutor.java:293)
	at java.util.concurrent.ThreadPoolExecutor.runWorker(ThreadPoolExecutor.java:1149)
	at java.util.concurrent.ThreadPoolExecutor$Worker.run(ThreadPoolExecutor.java:624)
	at java.lang.Thread.run(Thread.java:748)
2019-09-17 12:35:06,910 [java.util.concurrent.ThreadPoolExecutor$Worker@628100a2[State = -1, empty queue]] WARN  server.GrpcLogAppender (GrpcLogAppender.java:timeoutAppendRequest(200)) - 4005f9e4-9000-4048-961f-9439e52a6da7@group-FAF0B6E2649D->597a450e-db00-46ca-b8ea-d9e1f9500f66-GrpcLogAppender: appendEntries Timeout, request=4005f9e4-9000-4048-961f-9439e52a6da7->597a450e-db00-46ca-b8ea-d9e1f9500f66#110-t1, previous=(t:1, i:17), leaderCommit=11, initializing? false, entries: <empty>
2019-09-17 12:35:06,910 [java.util.concurrent.ThreadPoolExecutor$Worker@7394651c[State = -1, empty queue]] WARN  server.GrpcLogAppender (GrpcLogAppender.java:timeoutAppendRequest(200)) - 4005f9e4-9000-4048-961f-9439e52a6da7@group-FAF0B6E2649D->9a3c5405-1b71-41e7-a1e6-d9c2b7bf9721-GrpcLogAppender: appendEntries Timeout, request=4005f9e4-9000-4048-961f-9439e52a6da7->9a3c5405-1b71-41e7-a1e6-d9c2b7bf9721#110-t1, previous=(t:1, i:17), leaderCommit=11, initializing? false, entries: <empty>
2019-09-17 12:35:08,097 [grpc-default-executor-0] INFO  impl.RaftServerProxy (RaftServerProxy.java:remove(95)) - 639d7dff-6a78-4ecf-aa0a-b8a4b660182e: remove group-23F4C195A245:null
2019-09-17 12:35:08,099 [RatisPipelineUtilsThread] WARN  pipeline.RatisPipelineUtils (RatisPipelineUtils.java:destroyPipeline(66)) - Pipeline destroy failed for pipeline=PipelineID=571f8e8f-570d-4ddc-9fe4-23f4c195a245 dn=639d7dff-6a78-4ecf-aa0a-b8a4b660182e{ip: 192.168.5.130, host: pr-hdds-2136-chhj8-2666454444, networkLocation: /default-rack, certSerialId: null}
2019-09-17 12:35:08,102 [grpc-default-executor-0] INFO  impl.RaftServerProxy (RaftServerProxy.java:remove(95)) - 8dae3b80-5600-44e3-9df5-13b3719afed7: remove group-23F4C195A245:null
2019-09-17 12:35:08,104 [RatisPipelineUtilsThread] WARN  pipeline.RatisPipelineUtils (RatisPipelineUtils.java:destroyPipeline(66)) - Pipeline destroy failed for pipeline=PipelineID=571f8e8f-570d-4ddc-9fe4-23f4c195a245 dn=8dae3b80-5600-44e3-9df5-13b3719afed7{ip: 192.168.5.130, host: pr-hdds-2136-chhj8-2666454444, networkLocation: /default-rack, certSerialId: null}
2019-09-17 12:35:08,106 [grpc-default-executor-0] INFO  impl.RaftServerProxy (RaftServerProxy.java:remove(95)) - f8d8d9c4-afe8-4cc5-8788-d0697b0baa61: remove group-23F4C195A245:null
2019-09-17 12:35:08,108 [RatisPipelineUtilsThread] WARN  pipeline.RatisPipelineUtils (RatisPipelineUtils.java:destroyPipeline(66)) - Pipeline destroy failed for pipeline=PipelineID=571f8e8f-570d-4ddc-9fe4-23f4c195a245 dn=f8d8d9c4-afe8-4cc5-8788-d0697b0baa61{ip: 192.168.5.130, host: pr-hdds-2136-chhj8-2666454444, networkLocation: /default-rack, certSerialId: null}
2019-09-17 12:35:08,108 [RatisPipelineUtilsThread] ERROR pipeline.SCMPipelineManager (Scheduler.java:lambda$schedule$1(70)) - Destroy pipeline failed for pipeline:Pipeline[ Id: 571f8e8f-570d-4ddc-9fe4-23f4c195a245, Nodes: 639d7dff-6a78-4ecf-aa0a-b8a4b660182e{ip: 192.168.5.130, host: pr-hdds-2136-chhj8-2666454444, networkLocation: /default-rack, certSerialId: null}8dae3b80-5600-44e3-9df5-13b3719afed7{ip: 192.168.5.130, host: pr-hdds-2136-chhj8-2666454444, networkLocation: /default-rack, certSerialId: null}f8d8d9c4-afe8-4cc5-8788-d0697b0baa61{ip: 192.168.5.130, host: pr-hdds-2136-chhj8-2666454444, networkLocation: /default-rack, certSerialId: null}, Type:RATIS, Factor:THREE, State:CLOSED]
org.apache.hadoop.hdds.scm.pipeline.PipelineNotFoundException: PipelineID=571f8e8f-570d-4ddc-9fe4-23f4c195a245 not found
	at org.apache.hadoop.hdds.scm.pipeline.PipelineStateMap.getPipeline(PipelineStateMap.java:132)
	at org.apache.hadoop.hdds.scm.pipeline.PipelineStateMap.removePipeline(PipelineStateMap.java:322)
	at org.apache.hadoop.hdds.scm.pipeline.PipelineStateManager.removePipeline(PipelineStateManager.java:107)
	at org.apache.hadoop.hdds.scm.pipeline.SCMPipelineManager.removePipeline(SCMPipelineManager.java:423)
	at org.apache.hadoop.hdds.scm.pipeline.SCMPipelineManager.destroyPipeline(SCMPipelineManager.java:409)
	at org.apache.hadoop.hdds.scm.pipeline.SCMPipelineManager.lambda$finalizeAndDestroyPipeline$0(SCMPipelineManager.java:318)
	at org.apache.hadoop.utils.Scheduler.lambda$schedule$1(Scheduler.java:68)
	at java.util.concurrent.Executors$RunnableAdapter.call(Executors.java:511)
	at java.util.concurrent.FutureTask.run(FutureTask.java:266)
	at java.util.concurrent.ScheduledThreadPoolExecutor$ScheduledFutureTask.access$201(ScheduledThreadPoolExecutor.java:180)
	at java.util.concurrent.ScheduledThreadPoolExecutor$ScheduledFutureTask.run(ScheduledThreadPoolExecutor.java:293)
	at java.util.concurrent.ThreadPoolExecutor.runWorker(ThreadPoolExecutor.java:1149)
	at java.util.concurrent.ThreadPoolExecutor$Worker.run(ThreadPoolExecutor.java:624)
	at java.lang.Thread.run(Thread.java:748)
2019-09-17 12:35:09,319 [grpc-default-executor-9] INFO  client.GrpcClientProtocolClient (GrpcClientProtocolClient.java:onNext(264)) - client-CDDE5ABED77C->9a3c5405-1b71-41e7-a1e6-d9c2b7bf9721: receive RaftClientReply:client-CDDE5ABED77C->9a3c5405-1b71-41e7-a1e6-d9c2b7bf9721@group-FAF0B6E2649D, cid=151, FAILED org.apache.ratis.protocol.NotLeaderException: Server 9a3c5405-1b71-41e7-a1e6-d9c2b7bf9721@group-FAF0B6E2649D is not the leader 4005f9e4-9000-4048-961f-9439e52a6da7:192.168.5.130:43091, logIndex=0, commits[9a3c5405-1b71-41e7-a1e6-d9c2b7bf9721:c11, 597a450e-db00-46ca-b8ea-d9e1f9500f66:c7, 4005f9e4-9000-4048-961f-9439e52a6da7:c11]
2019-09-17 12:35:09,411 [java.util.concurrent.ThreadPoolExecutor$Worker@7394651c[State = -1, empty queue]] WARN  server.GrpcLogAppender (GrpcLogAppender.java:timeoutAppendRequest(200)) - 4005f9e4-9000-4048-961f-9439e52a6da7@group-FAF0B6E2649D->9a3c5405-1b71-41e7-a1e6-d9c2b7bf9721-GrpcLogAppender: appendEntries Timeout, request=4005f9e4-9000-4048-961f-9439e52a6da7->9a3c5405-1b71-41e7-a1e6-d9c2b7bf9721#111-t1, previous=(t:1, i:17), leaderCommit=11, initializing? false, entries: <empty>
2019-09-17 12:35:09,411 [java.util.concurrent.ThreadPoolExecutor$Worker@628100a2[State = -1, empty queue]] WARN  server.GrpcLogAppender (GrpcLogAppender.java:timeoutAppendRequest(200)) - 4005f9e4-9000-4048-961f-9439e52a6da7@group-FAF0B6E2649D->597a450e-db00-46ca-b8ea-d9e1f9500f66-GrpcLogAppender: appendEntries Timeout, request=4005f9e4-9000-4048-961f-9439e52a6da7->597a450e-db00-46ca-b8ea-d9e1f9500f66#111-t1, previous=(t:1, i:17), leaderCommit=11, initializing? false, entries: <empty>
2019-09-17 12:35:11,100 [grpc-default-executor-9] INFO  impl.RaftServerProxy (RaftServerProxy.java:remove(95)) - 639d7dff-6a78-4ecf-aa0a-b8a4b660182e: remove group-23F4C195A245:null
2019-09-17 12:35:11,102 [RatisPipelineUtilsThread] WARN  pipeline.RatisPipelineUtils (RatisPipelineUtils.java:destroyPipeline(66)) - Pipeline destroy failed for pipeline=PipelineID=571f8e8f-570d-4ddc-9fe4-23f4c195a245 dn=639d7dff-6a78-4ecf-aa0a-b8a4b660182e{ip: 192.168.5.130, host: pr-hdds-2136-chhj8-2666454444, networkLocation: /default-rack, certSerialId: null}
2019-09-17 12:35:11,105 [grpc-default-executor-9] INFO  impl.RaftServerProxy (RaftServerProxy.java:remove(95)) - 8dae3b80-5600-44e3-9df5-13b3719afed7: remove group-23F4C195A245:null
2019-09-17 12:35:11,108 [RatisPipelineUtilsThread] WARN  pipeline.RatisPipelineUtils (RatisPipelineUtils.java:destroyPipeline(66)) - Pipeline destroy failed for pipeline=PipelineID=571f8e8f-570d-4ddc-9fe4-23f4c195a245 dn=8dae3b80-5600-44e3-9df5-13b3719afed7{ip: 192.168.5.130, host: pr-hdds-2136-chhj8-2666454444, networkLocation: /default-rack, certSerialId: null}
2019-09-17 12:35:11,110 [grpc-default-executor-9] INFO  impl.RaftServerProxy (RaftServerProxy.java:remove(95)) - f8d8d9c4-afe8-4cc5-8788-d0697b0baa61: remove group-23F4C195A245:null
2019-09-17 12:35:11,112 [RatisPipelineUtilsThread] WARN  pipeline.RatisPipelineUtils (RatisPipelineUtils.java:destroyPipeline(66)) - Pipeline destroy failed for pipeline=PipelineID=571f8e8f-570d-4ddc-9fe4-23f4c195a245 dn=f8d8d9c4-afe8-4cc5-8788-d0697b0baa61{ip: 192.168.5.130, host: pr-hdds-2136-chhj8-2666454444, networkLocation: /default-rack, certSerialId: null}
2019-09-17 12:35:11,113 [RatisPipelineUtilsThread] ERROR pipeline.SCMPipelineManager (Scheduler.java:lambda$schedule$1(70)) - Destroy pipeline failed for pipeline:Pipeline[ Id: 571f8e8f-570d-4ddc-9fe4-23f4c195a245, Nodes: 639d7dff-6a78-4ecf-aa0a-b8a4b660182e{ip: 192.168.5.130, host: pr-hdds-2136-chhj8-2666454444, networkLocation: /default-rack, certSerialId: null}8dae3b80-5600-44e3-9df5-13b3719afed7{ip: 192.168.5.130, host: pr-hdds-2136-chhj8-2666454444, networkLocation: /default-rack, certSerialId: null}f8d8d9c4-afe8-4cc5-8788-d0697b0baa61{ip: 192.168.5.130, host: pr-hdds-2136-chhj8-2666454444, networkLocation: /default-rack, certSerialId: null}, Type:RATIS, Factor:THREE, State:CLOSED]
org.apache.hadoop.hdds.scm.pipeline.PipelineNotFoundException: PipelineID=571f8e8f-570d-4ddc-9fe4-23f4c195a245 not found
	at org.apache.hadoop.hdds.scm.pipeline.PipelineStateMap.getPipeline(PipelineStateMap.java:132)
	at org.apache.hadoop.hdds.scm.pipeline.PipelineStateMap.removePipeline(PipelineStateMap.java:322)
	at org.apache.hadoop.hdds.scm.pipeline.PipelineStateManager.removePipeline(PipelineStateManager.java:107)
	at org.apache.hadoop.hdds.scm.pipeline.SCMPipelineManager.removePipeline(SCMPipelineManager.java:423)
	at org.apache.hadoop.hdds.scm.pipeline.SCMPipelineManager.destroyPipeline(SCMPipelineManager.java:409)
	at org.apache.hadoop.hdds.scm.pipeline.SCMPipelineManager.lambda$finalizeAndDestroyPipeline$0(SCMPipelineManager.java:318)
	at org.apache.hadoop.utils.Scheduler.lambda$schedule$1(Scheduler.java:68)
	at java.util.concurrent.Executors$RunnableAdapter.call(Executors.java:511)
	at java.util.concurrent.FutureTask.run(FutureTask.java:266)
	at java.util.concurrent.ScheduledThreadPoolExecutor$ScheduledFutureTask.access$201(ScheduledThreadPoolExecutor.java:180)
	at java.util.concurrent.ScheduledThreadPoolExecutor$ScheduledFutureTask.run(ScheduledThreadPoolExecutor.java:293)
	at java.util.concurrent.ThreadPoolExecutor.runWorker(ThreadPoolExecutor.java:1149)
	at java.util.concurrent.ThreadPoolExecutor$Worker.run(ThreadPoolExecutor.java:624)
	at java.lang.Thread.run(Thread.java:748)
2019-09-17 12:35:11,911 [java.util.concurrent.ThreadPoolExecutor$Worker@628100a2[State = -1, empty queue]] WARN  server.GrpcLogAppender (GrpcLogAppender.java:timeoutAppendRequest(200)) - 4005f9e4-9000-4048-961f-9439e52a6da7@group-FAF0B6E2649D->597a450e-db00-46ca-b8ea-d9e1f9500f66-GrpcLogAppender: appendEntries Timeout, request=4005f9e4-9000-4048-961f-9439e52a6da7->597a450e-db00-46ca-b8ea-d9e1f9500f66#112-t1, previous=(t:1, i:17), leaderCommit=11, initializing? false, entries: <empty>
2019-09-17 12:35:11,911 [java.util.concurrent.ThreadPoolExecutor$Worker@7394651c[State = -1, empty queue]] WARN  server.GrpcLogAppender (GrpcLogAppender.java:timeoutAppendRequest(200)) - 4005f9e4-9000-4048-961f-9439e52a6da7@group-FAF0B6E2649D->9a3c5405-1b71-41e7-a1e6-d9c2b7bf9721-GrpcLogAppender: appendEntries Timeout, request=4005f9e4-9000-4048-961f-9439e52a6da7->9a3c5405-1b71-41e7-a1e6-d9c2b7bf9721#112-t1, previous=(t:1, i:17), leaderCommit=11, initializing? false, entries: <empty>
2019-09-17 12:35:13,100 [grpc-default-executor-9] INFO  impl.RaftServerProxy (RaftServerProxy.java:remove(95)) - 639d7dff-6a78-4ecf-aa0a-b8a4b660182e: remove group-23F4C195A245:null
2019-09-17 12:35:13,103 [RatisPipelineUtilsThread] WARN  pipeline.RatisPipelineUtils (RatisPipelineUtils.java:destroyPipeline(66)) - Pipeline destroy failed for pipeline=PipelineID=571f8e8f-570d-4ddc-9fe4-23f4c195a245 dn=639d7dff-6a78-4ecf-aa0a-b8a4b660182e{ip: 192.168.5.130, host: pr-hdds-2136-chhj8-2666454444, networkLocation: /default-rack, certSerialId: null}
2019-09-17 12:35:13,105 [grpc-default-executor-9] INFO  impl.RaftServerProxy (RaftServerProxy.java:remove(95)) - 8dae3b80-5600-44e3-9df5-13b3719afed7: remove group-23F4C195A245:null
2019-09-17 12:35:13,107 [RatisPipelineUtilsThread] WARN  pipeline.RatisPipelineUtils (RatisPipelineUtils.java:destroyPipeline(66)) - Pipeline destroy failed for pipeline=PipelineID=571f8e8f-570d-4ddc-9fe4-23f4c195a245 dn=8dae3b80-5600-44e3-9df5-13b3719afed7{ip: 192.168.5.130, host: pr-hdds-2136-chhj8-2666454444, networkLocation: /default-rack, certSerialId: null}
2019-09-17 12:35:13,109 [grpc-default-executor-9] INFO  impl.RaftServerProxy (RaftServerProxy.java:remove(95)) - f8d8d9c4-afe8-4cc5-8788-d0697b0baa61: remove group-23F4C195A245:null
2019-09-17 12:35:13,111 [RatisPipelineUtilsThread] WARN  pipeline.RatisPipelineUtils (RatisPipelineUtils.java:destroyPipeline(66)) - Pipeline destroy failed for pipeline=PipelineID=571f8e8f-570d-4ddc-9fe4-23f4c195a245 dn=f8d8d9c4-afe8-4cc5-8788-d0697b0baa61{ip: 192.168.5.130, host: pr-hdds-2136-chhj8-2666454444, networkLocation: /default-rack, certSerialId: null}
2019-09-17 12:35:13,111 [RatisPipelineUtilsThread] ERROR pipeline.SCMPipelineManager (Scheduler.java:lambda$schedule$1(70)) - Destroy pipeline failed for pipeline:Pipeline[ Id: 571f8e8f-570d-4ddc-9fe4-23f4c195a245, Nodes: 639d7dff-6a78-4ecf-aa0a-b8a4b660182e{ip: 192.168.5.130, host: pr-hdds-2136-chhj8-2666454444, networkLocation: /default-rack, certSerialId: null}8dae3b80-5600-44e3-9df5-13b3719afed7{ip: 192.168.5.130, host: pr-hdds-2136-chhj8-2666454444, networkLocation: /default-rack, certSerialId: null}f8d8d9c4-afe8-4cc5-8788-d0697b0baa61{ip: 192.168.5.130, host: pr-hdds-2136-chhj8-2666454444, networkLocation: /default-rack, certSerialId: null}, Type:RATIS, Factor:THREE, State:CLOSED]
org.apache.hadoop.hdds.scm.pipeline.PipelineNotFoundException: PipelineID=571f8e8f-570d-4ddc-9fe4-23f4c195a245 not found
	at org.apache.hadoop.hdds.scm.pipeline.PipelineStateMap.getPipeline(PipelineStateMap.java:132)
	at org.apache.hadoop.hdds.scm.pipeline.PipelineStateMap.removePipeline(PipelineStateMap.java:322)
	at org.apache.hadoop.hdds.scm.pipeline.PipelineStateManager.removePipeline(PipelineStateManager.java:107)
	at org.apache.hadoop.hdds.scm.pipeline.SCMPipelineManager.removePipeline(SCMPipelineManager.java:423)
	at org.apache.hadoop.hdds.scm.pipeline.SCMPipelineManager.destroyPipeline(SCMPipelineManager.java:409)
	at org.apache.hadoop.hdds.scm.pipeline.SCMPipelineManager.lambda$finalizeAndDestroyPipeline$0(SCMPipelineManager.java:318)
	at org.apache.hadoop.utils.Scheduler.lambda$schedule$1(Scheduler.java:68)
	at java.util.concurrent.Executors$RunnableAdapter.call(Executors.java:511)
	at java.util.concurrent.FutureTask.run(FutureTask.java:266)
	at java.util.concurrent.ScheduledThreadPoolExecutor$ScheduledFutureTask.access$201(ScheduledThreadPoolExecutor.java:180)
	at java.util.concurrent.ScheduledThreadPoolExecutor$ScheduledFutureTask.run(ScheduledThreadPoolExecutor.java:293)
	at java.util.concurrent.ThreadPoolExecutor.runWorker(ThreadPoolExecutor.java:1149)
	at java.util.concurrent.ThreadPoolExecutor$Worker.run(ThreadPoolExecutor.java:624)
	at java.lang.Thread.run(Thread.java:748)
2019-09-17 12:35:13,904 [4005f9e4-9000-4048-961f-9439e52a6da7@group-FAF0B6E2649D-SegmentedRaftLogWorker] WARN  segmented.SegmentedRaftLogWorker (SegmentedRaftLogWorker.java:getFromFuture(90)) - Timeout 5/~
org.apache.ratis.protocol.TimeoutIOException: Timeout 10s: WriteLog:12: (t:1, i:12), STATEMACHINELOGENTRY, client-CDDE5ABED77C, cid=151-writeStateMachineData
	at org.apache.ratis.util.IOUtils.getFromFuture(IOUtils.java:87)
	at org.apache.ratis.server.raftlog.segmented.SegmentedRaftLogWorker$StateMachineDataPolicy.getFromFuture(SegmentedRaftLogWorker.java:87)
	at org.apache.ratis.server.raftlog.segmented.SegmentedRaftLogWorker$WriteLog.execute(SegmentedRaftLogWorker.java:477)
	at org.apache.ratis.server.raftlog.segmented.SegmentedRaftLogWorker.run(SegmentedRaftLogWorker.java:289)
	at java.lang.Thread.run(Thread.java:748)
Caused by: java.util.concurrent.TimeoutException
	at java.util.concurrent.CompletableFuture.timedGet(CompletableFuture.java:1771)
	at java.util.concurrent.CompletableFuture.get(CompletableFuture.java:1915)
	at org.apache.ratis.util.IOUtils.getFromFuture(IOUtils.java:79)
	... 4 more
2019-09-17 12:35:13,904 [597a450e-db00-46ca-b8ea-d9e1f9500f66@group-FAF0B6E2649D-SegmentedRaftLogWorker] WARN  segmented.SegmentedRaftLogWorker (SegmentedRaftLogWorker.java:getFromFuture(90)) - Timeout 5/~
org.apache.ratis.protocol.TimeoutIOException: Timeout 10s: WriteLog:12: (t:1, i:12), STATEMACHINELOGENTRY, client-CDDE5ABED77C, cid=151-writeStateMachineData
	at org.apache.ratis.util.IOUtils.getFromFuture(IOUtils.java:87)
	at org.apache.ratis.server.raftlog.segmented.SegmentedRaftLogWorker$StateMachineDataPolicy.getFromFuture(SegmentedRaftLogWorker.java:87)
	at org.apache.ratis.server.raftlog.segmented.SegmentedRaftLogWorker$WriteLog.execute(SegmentedRaftLogWorker.java:477)
	at org.apache.ratis.server.raftlog.segmented.SegmentedRaftLogWorker.run(SegmentedRaftLogWorker.java:289)
	at java.lang.Thread.run(Thread.java:748)
Caused by: java.util.concurrent.TimeoutException
	at java.util.concurrent.CompletableFuture.timedGet(CompletableFuture.java:1771)
	at java.util.concurrent.CompletableFuture.get(CompletableFuture.java:1915)
	at org.apache.ratis.util.IOUtils.getFromFuture(IOUtils.java:79)
	... 4 more
2019-09-17 12:35:13,905 [9a3c5405-1b71-41e7-a1e6-d9c2b7bf9721@group-FAF0B6E2649D-SegmentedRaftLogWorker] WARN  segmented.SegmentedRaftLogWorker (SegmentedRaftLogWorker.java:getFromFuture(90)) - Timeout 5/~
org.apache.ratis.protocol.TimeoutIOException: Timeout 10s: WriteLog:12: (t:1, i:12), STATEMACHINELOGENTRY, client-CDDE5ABED77C, cid=151-writeStateMachineData
	at org.apache.ratis.util.IOUtils.getFromFuture(IOUtils.java:87)
	at org.apache.ratis.server.raftlog.segmented.SegmentedRaftLogWorker$StateMachineDataPolicy.getFromFuture(SegmentedRaftLogWorker.java:87)
	at org.apache.ratis.server.raftlog.segmented.SegmentedRaftLogWorker$WriteLog.execute(SegmentedRaftLogWorker.java:477)
	at org.apache.ratis.server.raftlog.segmented.SegmentedRaftLogWorker.run(SegmentedRaftLogWorker.java:289)
	at java.lang.Thread.run(Thread.java:748)
Caused by: java.util.concurrent.TimeoutException
	at java.util.concurrent.CompletableFuture.timedGet(CompletableFuture.java:1771)
	at java.util.concurrent.CompletableFuture.get(CompletableFuture.java:1915)
	at org.apache.ratis.util.IOUtils.getFromFuture(IOUtils.java:79)
	... 4 more
2019-09-17 12:35:14,350 [grpc-default-executor-9] INFO  client.GrpcClientProtocolClient (GrpcClientProtocolClient.java:onNext(264)) - client-CDDE5ABED77C->597a450e-db00-46ca-b8ea-d9e1f9500f66: receive RaftClientReply:client-CDDE5ABED77C->597a450e-db00-46ca-b8ea-d9e1f9500f66@group-FAF0B6E2649D, cid=151, FAILED org.apache.ratis.protocol.NotLeaderException: Server 597a450e-db00-46ca-b8ea-d9e1f9500f66@group-FAF0B6E2649D is not the leader 4005f9e4-9000-4048-961f-9439e52a6da7:192.168.5.130:43091, logIndex=0, commits[597a450e-db00-46ca-b8ea-d9e1f9500f66:c11, 9a3c5405-1b71-41e7-a1e6-d9c2b7bf9721:c7, 4005f9e4-9000-4048-961f-9439e52a6da7:c11]
2019-09-17 12:35:14,411 [java.util.concurrent.ThreadPoolExecutor$Worker@7394651c[State = -1, empty queue]] WARN  server.GrpcLogAppender (GrpcLogAppender.java:timeoutAppendRequest(200)) - 4005f9e4-9000-4048-961f-9439e52a6da7@group-FAF0B6E2649D->9a3c5405-1b71-41e7-a1e6-d9c2b7bf9721-GrpcLogAppender: appendEntries Timeout, request=4005f9e4-9000-4048-961f-9439e52a6da7->9a3c5405-1b71-41e7-a1e6-d9c2b7bf9721#113-t1, previous=(t:1, i:17), leaderCommit=11, initializing? false, entries: <empty>
2019-09-17 12:35:14,411 [java.util.concurrent.ThreadPoolExecutor$Worker@628100a2[State = -1, empty queue]] WARN  server.GrpcLogAppender (GrpcLogAppender.java:timeoutAppendRequest(200)) - 4005f9e4-9000-4048-961f-9439e52a6da7@group-FAF0B6E2649D->597a450e-db00-46ca-b8ea-d9e1f9500f66-GrpcLogAppender: appendEntries Timeout, request=4005f9e4-9000-4048-961f-9439e52a6da7->597a450e-db00-46ca-b8ea-d9e1f9500f66#113-t1, previous=(t:1, i:17), leaderCommit=11, initializing? false, entries: <empty>
2019-09-17 12:35:16,103 [grpc-default-executor-0] INFO  impl.RaftServerProxy (RaftServerProxy.java:remove(95)) - 639d7dff-6a78-4ecf-aa0a-b8a4b660182e: remove group-23F4C195A245:null
2019-09-17 12:35:16,107 [RatisPipelineUtilsThread] WARN  pipeline.RatisPipelineUtils (RatisPipelineUtils.java:destroyPipeline(66)) - Pipeline destroy failed for pipeline=PipelineID=571f8e8f-570d-4ddc-9fe4-23f4c195a245 dn=639d7dff-6a78-4ecf-aa0a-b8a4b660182e{ip: 192.168.5.130, host: pr-hdds-2136-chhj8-2666454444, networkLocation: /default-rack, certSerialId: null}
2019-09-17 12:35:16,109 [grpc-default-executor-0] INFO  impl.RaftServerProxy (RaftServerProxy.java:remove(95)) - 8dae3b80-5600-44e3-9df5-13b3719afed7: remove group-23F4C195A245:null
2019-09-17 12:35:16,111 [RatisPipelineUtilsThread] WARN  pipeline.RatisPipelineUtils (RatisPipelineUtils.java:destroyPipeline(66)) - Pipeline destroy failed for pipeline=PipelineID=571f8e8f-570d-4ddc-9fe4-23f4c195a245 dn=8dae3b80-5600-44e3-9df5-13b3719afed7{ip: 192.168.5.130, host: pr-hdds-2136-chhj8-2666454444, networkLocation: /default-rack, certSerialId: null}
2019-09-17 12:35:16,114 [grpc-default-executor-0] INFO  impl.RaftServerProxy (RaftServerProxy.java:remove(95)) - f8d8d9c4-afe8-4cc5-8788-d0697b0baa61: remove group-23F4C195A245:null
2019-09-17 12:35:16,116 [RatisPipelineUtilsThread] WARN  pipeline.RatisPipelineUtils (RatisPipelineUtils.java:destroyPipeline(66)) - Pipeline destroy failed for pipeline=PipelineID=571f8e8f-570d-4ddc-9fe4-23f4c195a245 dn=f8d8d9c4-afe8-4cc5-8788-d0697b0baa61{ip: 192.168.5.130, host: pr-hdds-2136-chhj8-2666454444, networkLocation: /default-rack, certSerialId: null}
2019-09-17 12:35:16,116 [RatisPipelineUtilsThread] ERROR pipeline.SCMPipelineManager (Scheduler.java:lambda$schedule$1(70)) - Destroy pipeline failed for pipeline:Pipeline[ Id: 571f8e8f-570d-4ddc-9fe4-23f4c195a245, Nodes: 639d7dff-6a78-4ecf-aa0a-b8a4b660182e{ip: 192.168.5.130, host: pr-hdds-2136-chhj8-2666454444, networkLocation: /default-rack, certSerialId: null}8dae3b80-5600-44e3-9df5-13b3719afed7{ip: 192.168.5.130, host: pr-hdds-2136-chhj8-2666454444, networkLocation: /default-rack, certSerialId: null}f8d8d9c4-afe8-4cc5-8788-d0697b0baa61{ip: 192.168.5.130, host: pr-hdds-2136-chhj8-2666454444, networkLocation: /default-rack, certSerialId: null}, Type:RATIS, Factor:THREE, State:CLOSED]
org.apache.hadoop.hdds.scm.pipeline.PipelineNotFoundException: PipelineID=571f8e8f-570d-4ddc-9fe4-23f4c195a245 not found
	at org.apache.hadoop.hdds.scm.pipeline.PipelineStateMap.getPipeline(PipelineStateMap.java:132)
	at org.apache.hadoop.hdds.scm.pipeline.PipelineStateMap.removePipeline(PipelineStateMap.java:322)
	at org.apache.hadoop.hdds.scm.pipeline.PipelineStateManager.removePipeline(PipelineStateManager.java:107)
	at org.apache.hadoop.hdds.scm.pipeline.SCMPipelineManager.removePipeline(SCMPipelineManager.java:423)
	at org.apache.hadoop.hdds.scm.pipeline.SCMPipelineManager.destroyPipeline(SCMPipelineManager.java:409)
	at org.apache.hadoop.hdds.scm.pipeline.SCMPipelineManager.lambda$finalizeAndDestroyPipeline$0(SCMPipelineManager.java:318)
	at org.apache.hadoop.utils.Scheduler.lambda$schedule$1(Scheduler.java:68)
	at java.util.concurrent.Executors$RunnableAdapter.call(Executors.java:511)
	at java.util.concurrent.FutureTask.run(FutureTask.java:266)
	at java.util.concurrent.ScheduledThreadPoolExecutor$ScheduledFutureTask.access$201(ScheduledThreadPoolExecutor.java:180)
	at java.util.concurrent.ScheduledThreadPoolExecutor$ScheduledFutureTask.run(ScheduledThreadPoolExecutor.java:293)
	at java.util.concurrent.ThreadPoolExecutor.runWorker(ThreadPoolExecutor.java:1149)
	at java.util.concurrent.ThreadPoolExecutor$Worker.run(ThreadPoolExecutor.java:624)
	at java.lang.Thread.run(Thread.java:748)
2019-09-17 12:35:16,912 [java.util.concurrent.ThreadPoolExecutor$Worker@628100a2[State = -1, empty queue]] WARN  server.GrpcLogAppender (GrpcLogAppender.java:timeoutAppendRequest(200)) - 4005f9e4-9000-4048-961f-9439e52a6da7@group-FAF0B6E2649D->597a450e-db00-46ca-b8ea-d9e1f9500f66-GrpcLogAppender: appendEntries Timeout, request=4005f9e4-9000-4048-961f-9439e52a6da7->597a450e-db00-46ca-b8ea-d9e1f9500f66#114-t1, previous=(t:1, i:17), leaderCommit=11, initializing? false, entries: <empty>
2019-09-17 12:35:16,912 [java.util.concurrent.ThreadPoolExecutor$Worker@7394651c[State = -1, empty queue]] WARN  server.GrpcLogAppender (GrpcLogAppender.java:timeoutAppendRequest(200)) - 4005f9e4-9000-4048-961f-9439e52a6da7@group-FAF0B6E2649D->9a3c5405-1b71-41e7-a1e6-d9c2b7bf9721-GrpcLogAppender: appendEntries Timeout, request=4005f9e4-9000-4048-961f-9439e52a6da7->9a3c5405-1b71-41e7-a1e6-d9c2b7bf9721#114-t1, previous=(t:1, i:17), leaderCommit=11, initializing? false, entries: <empty>
2019-09-17 12:35:18,100 [grpc-default-executor-9] INFO  impl.RaftServerProxy (RaftServerProxy.java:remove(95)) - 639d7dff-6a78-4ecf-aa0a-b8a4b660182e: remove group-23F4C195A245:null
2019-09-17 12:35:18,102 [RatisPipelineUtilsThread] WARN  pipeline.RatisPipelineUtils (RatisPipelineUtils.java:destroyPipeline(66)) - Pipeline destroy failed for pipeline=PipelineID=571f8e8f-570d-4ddc-9fe4-23f4c195a245 dn=639d7dff-6a78-4ecf-aa0a-b8a4b660182e{ip: 192.168.5.130, host: pr-hdds-2136-chhj8-2666454444, networkLocation: /default-rack, certSerialId: null}
2019-09-17 12:35:18,104 [grpc-default-executor-9] INFO  impl.RaftServerProxy (RaftServerProxy.java:remove(95)) - 8dae3b80-5600-44e3-9df5-13b3719afed7: remove group-23F4C195A245:null
2019-09-17 12:35:18,106 [RatisPipelineUtilsThread] WARN  pipeline.RatisPipelineUtils (RatisPipelineUtils.java:destroyPipeline(66)) - Pipeline destroy failed for pipeline=PipelineID=571f8e8f-570d-4ddc-9fe4-23f4c195a245 dn=8dae3b80-5600-44e3-9df5-13b3719afed7{ip: 192.168.5.130, host: pr-hdds-2136-chhj8-2666454444, networkLocation: /default-rack, certSerialId: null}
2019-09-17 12:35:18,108 [grpc-default-executor-9] INFO  impl.RaftServerProxy (RaftServerProxy.java:remove(95)) - f8d8d9c4-afe8-4cc5-8788-d0697b0baa61: remove group-23F4C195A245:null
2019-09-17 12:35:18,109 [RatisPipelineUtilsThread] WARN  pipeline.RatisPipelineUtils (RatisPipelineUtils.java:destroyPipeline(66)) - Pipeline destroy failed for pipeline=PipelineID=571f8e8f-570d-4ddc-9fe4-23f4c195a245 dn=f8d8d9c4-afe8-4cc5-8788-d0697b0baa61{ip: 192.168.5.130, host: pr-hdds-2136-chhj8-2666454444, networkLocation: /default-rack, certSerialId: null}
2019-09-17 12:35:18,109 [RatisPipelineUtilsThread] ERROR pipeline.SCMPipelineManager (Scheduler.java:lambda$schedule$1(70)) - Destroy pipeline failed for pipeline:Pipeline[ Id: 571f8e8f-570d-4ddc-9fe4-23f4c195a245, Nodes: 639d7dff-6a78-4ecf-aa0a-b8a4b660182e{ip: 192.168.5.130, host: pr-hdds-2136-chhj8-2666454444, networkLocation: /default-rack, certSerialId: null}8dae3b80-5600-44e3-9df5-13b3719afed7{ip: 192.168.5.130, host: pr-hdds-2136-chhj8-2666454444, networkLocation: /default-rack, certSerialId: null}f8d8d9c4-afe8-4cc5-8788-d0697b0baa61{ip: 192.168.5.130, host: pr-hdds-2136-chhj8-2666454444, networkLocation: /default-rack, certSerialId: null}, Type:RATIS, Factor:THREE, State:CLOSED]
org.apache.hadoop.hdds.scm.pipeline.PipelineNotFoundException: PipelineID=571f8e8f-570d-4ddc-9fe4-23f4c195a245 not found
	at org.apache.hadoop.hdds.scm.pipeline.PipelineStateMap.getPipeline(PipelineStateMap.java:132)
	at org.apache.hadoop.hdds.scm.pipeline.PipelineStateMap.removePipeline(PipelineStateMap.java:322)
	at org.apache.hadoop.hdds.scm.pipeline.PipelineStateManager.removePipeline(PipelineStateManager.java:107)
	at org.apache.hadoop.hdds.scm.pipeline.SCMPipelineManager.removePipeline(SCMPipelineManager.java:423)
	at org.apache.hadoop.hdds.scm.pipeline.SCMPipelineManager.destroyPipeline(SCMPipelineManager.java:409)
	at org.apache.hadoop.hdds.scm.pipeline.SCMPipelineManager.lambda$finalizeAndDestroyPipeline$0(SCMPipelineManager.java:318)
	at org.apache.hadoop.utils.Scheduler.lambda$schedule$1(Scheduler.java:68)
	at java.util.concurrent.Executors$RunnableAdapter.call(Executors.java:511)
	at java.util.concurrent.FutureTask.run(FutureTask.java:266)
	at java.util.concurrent.ScheduledThreadPoolExecutor$ScheduledFutureTask.access$201(ScheduledThreadPoolExecutor.java:180)
	at java.util.concurrent.ScheduledThreadPoolExecutor$ScheduledFutureTask.run(ScheduledThreadPoolExecutor.java:293)
	at java.util.concurrent.ThreadPoolExecutor.runWorker(ThreadPoolExecutor.java:1149)
	at java.util.concurrent.ThreadPoolExecutor$Worker.run(ThreadPoolExecutor.java:624)
	at java.lang.Thread.run(Thread.java:748)
2019-09-17 12:35:18,124 [grpc-default-executor-9] INFO  impl.RaftServerProxy (RaftServerProxy.java:remove(95)) - 639d7dff-6a78-4ecf-aa0a-b8a4b660182e: remove group-23F4C195A245:null
2019-09-17 12:35:18,125 [RatisPipelineUtilsThread] WARN  pipeline.RatisPipelineUtils (RatisPipelineUtils.java:destroyPipeline(66)) - Pipeline destroy failed for pipeline=PipelineID=571f8e8f-570d-4ddc-9fe4-23f4c195a245 dn=639d7dff-6a78-4ecf-aa0a-b8a4b660182e{ip: 192.168.5.130, host: pr-hdds-2136-chhj8-2666454444, networkLocation: /default-rack, certSerialId: null}
2019-09-17 12:35:18,127 [grpc-default-executor-9] INFO  impl.RaftServerProxy (RaftServerProxy.java:remove(95)) - 8dae3b80-5600-44e3-9df5-13b3719afed7: remove group-23F4C195A245:null
2019-09-17 12:35:18,129 [RatisPipelineUtilsThread] WARN  pipeline.RatisPipelineUtils (RatisPipelineUtils.java:destroyPipeline(66)) - Pipeline destroy failed for pipeline=PipelineID=571f8e8f-570d-4ddc-9fe4-23f4c195a245 dn=8dae3b80-5600-44e3-9df5-13b3719afed7{ip: 192.168.5.130, host: pr-hdds-2136-chhj8-2666454444, networkLocation: /default-rack, certSerialId: null}
2019-09-17 12:35:18,131 [grpc-default-executor-9] INFO  impl.RaftServerProxy (RaftServerProxy.java:remove(95)) - f8d8d9c4-afe8-4cc5-8788-d0697b0baa61: remove group-23F4C195A245:null
2019-09-17 12:35:18,132 [RatisPipelineUtilsThread] WARN  pipeline.RatisPipelineUtils (RatisPipelineUtils.java:destroyPipeline(66)) - Pipeline destroy failed for pipeline=PipelineID=571f8e8f-570d-4ddc-9fe4-23f4c195a245 dn=f8d8d9c4-afe8-4cc5-8788-d0697b0baa61{ip: 192.168.5.130, host: pr-hdds-2136-chhj8-2666454444, networkLocation: /default-rack, certSerialId: null}
2019-09-17 12:35:18,132 [RatisPipelineUtilsThread] ERROR pipeline.SCMPipelineManager (Scheduler.java:lambda$schedule$1(70)) - Destroy pipeline failed for pipeline:Pipeline[ Id: 571f8e8f-570d-4ddc-9fe4-23f4c195a245, Nodes: 639d7dff-6a78-4ecf-aa0a-b8a4b660182e{ip: 192.168.5.130, host: pr-hdds-2136-chhj8-2666454444, networkLocation: /default-rack, certSerialId: null}8dae3b80-5600-44e3-9df5-13b3719afed7{ip: 192.168.5.130, host: pr-hdds-2136-chhj8-2666454444, networkLocation: /default-rack, certSerialId: null}f8d8d9c4-afe8-4cc5-8788-d0697b0baa61{ip: 192.168.5.130, host: pr-hdds-2136-chhj8-2666454444, networkLocation: /default-rack, certSerialId: null}, Type:RATIS, Factor:THREE, State:CLOSED]
org.apache.hadoop.hdds.scm.pipeline.PipelineNotFoundException: PipelineID=571f8e8f-570d-4ddc-9fe4-23f4c195a245 not found
	at org.apache.hadoop.hdds.scm.pipeline.PipelineStateMap.getPipeline(PipelineStateMap.java:132)
	at org.apache.hadoop.hdds.scm.pipeline.PipelineStateMap.removePipeline(PipelineStateMap.java:322)
	at org.apache.hadoop.hdds.scm.pipeline.PipelineStateManager.removePipeline(PipelineStateManager.java:107)
	at org.apache.hadoop.hdds.scm.pipeline.SCMPipelineManager.removePipeline(SCMPipelineManager.java:423)
	at org.apache.hadoop.hdds.scm.pipeline.SCMPipelineManager.destroyPipeline(SCMPipelineManager.java:409)
	at org.apache.hadoop.hdds.scm.pipeline.SCMPipelineManager.lambda$finalizeAndDestroyPipeline$0(SCMPipelineManager.java:318)
	at org.apache.hadoop.utils.Scheduler.lambda$schedule$1(Scheduler.java:68)
	at java.util.concurrent.Executors$RunnableAdapter.call(Executors.java:511)
	at java.util.concurrent.FutureTask.run(FutureTask.java:266)
	at java.util.concurrent.ScheduledThreadPoolExecutor$ScheduledFutureTask.access$201(ScheduledThreadPoolExecutor.java:180)
	at java.util.concurrent.ScheduledThreadPoolExecutor$ScheduledFutureTask.run(ScheduledThreadPoolExecutor.java:293)
	at java.util.concurrent.ThreadPoolExecutor.runWorker(ThreadPoolExecutor.java:1149)
	at java.util.concurrent.ThreadPoolExecutor$Worker.run(ThreadPoolExecutor.java:624)
	at java.lang.Thread.run(Thread.java:748)
2019-09-17 12:35:18,243 [grpc-default-executor-9] INFO  impl.RaftServerProxy (RaftServerProxy.java:remove(95)) - 639d7dff-6a78-4ecf-aa0a-b8a4b660182e: remove group-23F4C195A245:null
2019-09-17 12:35:18,245 [RatisPipelineUtilsThread] WARN  pipeline.RatisPipelineUtils (RatisPipelineUtils.java:destroyPipeline(66)) - Pipeline destroy failed for pipeline=PipelineID=571f8e8f-570d-4ddc-9fe4-23f4c195a245 dn=639d7dff-6a78-4ecf-aa0a-b8a4b660182e{ip: 192.168.5.130, host: pr-hdds-2136-chhj8-2666454444, networkLocation: /default-rack, certSerialId: null}
2019-09-17 12:35:18,247 [grpc-default-executor-9] INFO  impl.RaftServerProxy (RaftServerProxy.java:remove(95)) - 8dae3b80-5600-44e3-9df5-13b3719afed7: remove group-23F4C195A245:null
2019-09-17 12:35:18,249 [RatisPipelineUtilsThread] WARN  pipeline.RatisPipelineUtils (RatisPipelineUtils.java:destroyPipeline(66)) - Pipeline destroy failed for pipeline=PipelineID=571f8e8f-570d-4ddc-9fe4-23f4c195a245 dn=8dae3b80-5600-44e3-9df5-13b3719afed7{ip: 192.168.5.130, host: pr-hdds-2136-chhj8-2666454444, networkLocation: /default-rack, certSerialId: null}
2019-09-17 12:35:18,251 [grpc-default-executor-9] INFO  impl.RaftServerProxy (RaftServerProxy.java:remove(95)) - f8d8d9c4-afe8-4cc5-8788-d0697b0baa61: remove group-23F4C195A245:null
2019-09-17 12:35:18,253 [RatisPipelineUtilsThread] WARN  pipeline.RatisPipelineUtils (RatisPipelineUtils.java:destroyPipeline(66)) - Pipeline destroy failed for pipeline=PipelineID=571f8e8f-570d-4ddc-9fe4-23f4c195a245 dn=f8d8d9c4-afe8-4cc5-8788-d0697b0baa61{ip: 192.168.5.130, host: pr-hdds-2136-chhj8-2666454444, networkLocation: /default-rack, certSerialId: null}
2019-09-17 12:35:18,253 [RatisPipelineUtilsThread] ERROR pipeline.SCMPipelineManager (Scheduler.java:lambda$schedule$1(70)) - Destroy pipeline failed for pipeline:Pipeline[ Id: 571f8e8f-570d-4ddc-9fe4-23f4c195a245, Nodes: 639d7dff-6a78-4ecf-aa0a-b8a4b660182e{ip: 192.168.5.130, host: pr-hdds-2136-chhj8-2666454444, networkLocation: /default-rack, certSerialId: null}8dae3b80-5600-44e3-9df5-13b3719afed7{ip: 192.168.5.130, host: pr-hdds-2136-chhj8-2666454444, networkLocation: /default-rack, certSerialId: null}f8d8d9c4-afe8-4cc5-8788-d0697b0baa61{ip: 192.168.5.130, host: pr-hdds-2136-chhj8-2666454444, networkLocation: /default-rack, certSerialId: null}, Type:RATIS, Factor:THREE, State:CLOSED]
org.apache.hadoop.hdds.scm.pipeline.PipelineNotFoundException: PipelineID=571f8e8f-570d-4ddc-9fe4-23f4c195a245 not found
	at org.apache.hadoop.hdds.scm.pipeline.PipelineStateMap.getPipeline(PipelineStateMap.java:132)
	at org.apache.hadoop.hdds.scm.pipeline.PipelineStateMap.removePipeline(PipelineStateMap.java:322)
	at org.apache.hadoop.hdds.scm.pipeline.PipelineStateManager.removePipeline(PipelineStateManager.java:107)
	at org.apache.hadoop.hdds.scm.pipeline.SCMPipelineManager.removePipeline(SCMPipelineManager.java:423)
	at org.apache.hadoop.hdds.scm.pipeline.SCMPipelineManager.destroyPipeline(SCMPipelineManager.java:409)
	at org.apache.hadoop.hdds.scm.pipeline.SCMPipelineManager.lambda$finalizeAndDestroyPipeline$0(SCMPipelineManager.java:318)
	at org.apache.hadoop.utils.Scheduler.lambda$schedule$1(Scheduler.java:68)
	at java.util.concurrent.Executors$RunnableAdapter.call(Executors.java:511)
	at java.util.concurrent.FutureTask.run(FutureTask.java:266)
	at java.util.concurrent.ScheduledThreadPoolExecutor$ScheduledFutureTask.access$201(ScheduledThreadPoolExecutor.java:180)
	at java.util.concurrent.ScheduledThreadPoolExecutor$ScheduledFutureTask.run(ScheduledThreadPoolExecutor.java:293)
	at java.util.concurrent.ThreadPoolExecutor.runWorker(ThreadPoolExecutor.java:1149)
	at java.util.concurrent.ThreadPoolExecutor$Worker.run(ThreadPoolExecutor.java:624)
	at java.lang.Thread.run(Thread.java:748)
2019-09-17 12:35:18,467 [grpc-default-executor-9] INFO  impl.RaftServerProxy (RaftServerProxy.java:remove(95)) - 639d7dff-6a78-4ecf-aa0a-b8a4b660182e: remove group-23F4C195A245:null
2019-09-17 12:35:18,469 [RatisPipelineUtilsThread] WARN  pipeline.RatisPipelineUtils (RatisPipelineUtils.java:destroyPipeline(66)) - Pipeline destroy failed for pipeline=PipelineID=571f8e8f-570d-4ddc-9fe4-23f4c195a245 dn=639d7dff-6a78-4ecf-aa0a-b8a4b660182e{ip: 192.168.5.130, host: pr-hdds-2136-chhj8-2666454444, networkLocation: /default-rack, certSerialId: null}
2019-09-17 12:35:18,472 [grpc-default-executor-9] INFO  impl.RaftServerProxy (RaftServerProxy.java:remove(95)) - 8dae3b80-5600-44e3-9df5-13b3719afed7: remove group-23F4C195A245:null
2019-09-17 12:35:18,474 [RatisPipelineUtilsThread] WARN  pipeline.RatisPipelineUtils (RatisPipelineUtils.java:destroyPipeline(66)) - Pipeline destroy failed for pipeline=PipelineID=571f8e8f-570d-4ddc-9fe4-23f4c195a245 dn=8dae3b80-5600-44e3-9df5-13b3719afed7{ip: 192.168.5.130, host: pr-hdds-2136-chhj8-2666454444, networkLocation: /default-rack, certSerialId: null}
2019-09-17 12:35:18,476 [grpc-default-executor-9] INFO  impl.RaftServerProxy (RaftServerProxy.java:remove(95)) - f8d8d9c4-afe8-4cc5-8788-d0697b0baa61: remove group-23F4C195A245:null
2019-09-17 12:35:18,478 [RatisPipelineUtilsThread] WARN  pipeline.RatisPipelineUtils (RatisPipelineUtils.java:destroyPipeline(66)) - Pipeline destroy failed for pipeline=PipelineID=571f8e8f-570d-4ddc-9fe4-23f4c195a245 dn=f8d8d9c4-afe8-4cc5-8788-d0697b0baa61{ip: 192.168.5.130, host: pr-hdds-2136-chhj8-2666454444, networkLocation: /default-rack, certSerialId: null}
2019-09-17 12:35:18,478 [RatisPipelineUtilsThread] ERROR pipeline.SCMPipelineManager (Scheduler.java:lambda$schedule$1(70)) - Destroy pipeline failed for pipeline:Pipeline[ Id: 571f8e8f-570d-4ddc-9fe4-23f4c195a245, Nodes: 639d7dff-6a78-4ecf-aa0a-b8a4b660182e{ip: 192.168.5.130, host: pr-hdds-2136-chhj8-2666454444, networkLocation: /default-rack, certSerialId: null}8dae3b80-5600-44e3-9df5-13b3719afed7{ip: 192.168.5.130, host: pr-hdds-2136-chhj8-2666454444, networkLocation: /default-rack, certSerialId: null}f8d8d9c4-afe8-4cc5-8788-d0697b0baa61{ip: 192.168.5.130, host: pr-hdds-2136-chhj8-2666454444, networkLocation: /default-rack, certSerialId: null}, Type:RATIS, Factor:THREE, State:CLOSED]
org.apache.hadoop.hdds.scm.pipeline.PipelineNotFoundException: PipelineID=571f8e8f-570d-4ddc-9fe4-23f4c195a245 not found
	at org.apache.hadoop.hdds.scm.pipeline.PipelineStateMap.getPipeline(PipelineStateMap.java:132)
	at org.apache.hadoop.hdds.scm.pipeline.PipelineStateMap.removePipeline(PipelineStateMap.java:322)
	at org.apache.hadoop.hdds.scm.pipeline.PipelineStateManager.removePipeline(PipelineStateManager.java:107)
	at org.apache.hadoop.hdds.scm.pipeline.SCMPipelineManager.removePipeline(SCMPipelineManager.java:423)
	at org.apache.hadoop.hdds.scm.pipeline.SCMPipelineManager.destroyPipeline(SCMPipelineManager.java:409)
	at org.apache.hadoop.hdds.scm.pipeline.SCMPipelineManager.lambda$finalizeAndDestroyPipeline$0(SCMPipelineManager.java:318)
	at org.apache.hadoop.utils.Scheduler.lambda$schedule$1(Scheduler.java:68)
	at java.util.concurrent.Executors$RunnableAdapter.call(Executors.java:511)
	at java.util.concurrent.FutureTask.run(FutureTask.java:266)
	at java.util.concurrent.ScheduledThreadPoolExecutor$ScheduledFutureTask.access$201(ScheduledThreadPoolExecutor.java:180)
	at java.util.concurrent.ScheduledThreadPoolExecutor$ScheduledFutureTask.run(ScheduledThreadPoolExecutor.java:293)
	at java.util.concurrent.ThreadPoolExecutor.runWorker(ThreadPoolExecutor.java:1149)
	at java.util.concurrent.ThreadPoolExecutor$Worker.run(ThreadPoolExecutor.java:624)
	at java.lang.Thread.run(Thread.java:748)
2019-09-17 12:35:19,395 [grpc-default-executor-0] INFO  client.GrpcClientProtocolClient (GrpcClientProtocolClient.java:onNext(264)) - client-CDDE5ABED77C->597a450e-db00-46ca-b8ea-d9e1f9500f66: receive RaftClientReply:client-CDDE5ABED77C->597a450e-db00-46ca-b8ea-d9e1f9500f66@group-FAF0B6E2649D, cid=151, FAILED org.apache.ratis.protocol.NotLeaderException: Server 597a450e-db00-46ca-b8ea-d9e1f9500f66@group-FAF0B6E2649D is not the leader 4005f9e4-9000-4048-961f-9439e52a6da7:192.168.5.130:43091, logIndex=0, commits[597a450e-db00-46ca-b8ea-d9e1f9500f66:c11, 9a3c5405-1b71-41e7-a1e6-d9c2b7bf9721:c7, 4005f9e4-9000-4048-961f-9439e52a6da7:c11]
2019-09-17 12:35:19,412 [java.util.concurrent.ThreadPoolExecutor$Worker@7394651c[State = -1, empty queue]] WARN  server.GrpcLogAppender (GrpcLogAppender.java:timeoutAppendRequest(200)) - 4005f9e4-9000-4048-961f-9439e52a6da7@group-FAF0B6E2649D->9a3c5405-1b71-41e7-a1e6-d9c2b7bf9721-GrpcLogAppender: appendEntries Timeout, request=4005f9e4-9000-4048-961f-9439e52a6da7->9a3c5405-1b71-41e7-a1e6-d9c2b7bf9721#115-t1, previous=(t:1, i:17), leaderCommit=11, initializing? false, entries: <empty>
2019-09-17 12:35:19,412 [java.util.concurrent.ThreadPoolExecutor$Worker@628100a2[State = -1, empty queue]] WARN  server.GrpcLogAppender (GrpcLogAppender.java:timeoutAppendRequest(200)) - 4005f9e4-9000-4048-961f-9439e52a6da7@group-FAF0B6E2649D->597a450e-db00-46ca-b8ea-d9e1f9500f66-GrpcLogAppender: appendEntries Timeout, request=4005f9e4-9000-4048-961f-9439e52a6da7->597a450e-db00-46ca-b8ea-d9e1f9500f66#115-t1, previous=(t:1, i:17), leaderCommit=11, initializing? false, entries: <empty>
2019-09-17 12:35:21,912 [java.util.concurrent.ThreadPoolExecutor$Worker@7394651c[State = -1, empty queue]] WARN  server.GrpcLogAppender (GrpcLogAppender.java:timeoutAppendRequest(200)) - 4005f9e4-9000-4048-961f-9439e52a6da7@group-FAF0B6E2649D->9a3c5405-1b71-41e7-a1e6-d9c2b7bf9721-GrpcLogAppender: appendEntries Timeout, request=4005f9e4-9000-4048-961f-9439e52a6da7->9a3c5405-1b71-41e7-a1e6-d9c2b7bf9721#116-t1, previous=(t:1, i:17), leaderCommit=11, initializing? false, entries: <empty>
2019-09-17 12:35:21,912 [java.util.concurrent.ThreadPoolExecutor$Worker@628100a2[State = -1, empty queue]] WARN  server.GrpcLogAppender (GrpcLogAppender.java:timeoutAppendRequest(200)) - 4005f9e4-9000-4048-961f-9439e52a6da7@group-FAF0B6E2649D->597a450e-db00-46ca-b8ea-d9e1f9500f66-GrpcLogAppender: appendEntries Timeout, request=4005f9e4-9000-4048-961f-9439e52a6da7->597a450e-db00-46ca-b8ea-d9e1f9500f66#116-t1, previous=(t:1, i:17), leaderCommit=11, initializing? false, entries: <empty>
2019-09-17 12:35:23,905 [4005f9e4-9000-4048-961f-9439e52a6da7@group-FAF0B6E2649D-SegmentedRaftLogWorker] WARN  segmented.SegmentedRaftLogWorker (SegmentedRaftLogWorker.java:getFromFuture(90)) - Timeout 6/~
org.apache.ratis.protocol.TimeoutIOException: Timeout 10s: WriteLog:12: (t:1, i:12), STATEMACHINELOGENTRY, client-CDDE5ABED77C, cid=151-writeStateMachineData
	at org.apache.ratis.util.IOUtils.getFromFuture(IOUtils.java:87)
	at org.apache.ratis.server.raftlog.segmented.SegmentedRaftLogWorker$StateMachineDataPolicy.getFromFuture(SegmentedRaftLogWorker.java:87)
	at org.apache.ratis.server.raftlog.segmented.SegmentedRaftLogWorker$WriteLog.execute(SegmentedRaftLogWorker.java:477)
	at org.apache.ratis.server.raftlog.segmented.SegmentedRaftLogWorker.run(SegmentedRaftLogWorker.java:289)
	at java.lang.Thread.run(Thread.java:748)
Caused by: java.util.concurrent.TimeoutException
	at java.util.concurrent.CompletableFuture.timedGet(CompletableFuture.java:1771)
	at java.util.concurrent.CompletableFuture.get(CompletableFuture.java:1915)
	at org.apache.ratis.util.IOUtils.getFromFuture(IOUtils.java:79)
	... 4 more
2019-09-17 12:35:23,905 [9a3c5405-1b71-41e7-a1e6-d9c2b7bf9721@group-FAF0B6E2649D-SegmentedRaftLogWorker] WARN  segmented.SegmentedRaftLogWorker (SegmentedRaftLogWorker.java:getFromFuture(90)) - Timeout 6/~
org.apache.ratis.protocol.TimeoutIOException: Timeout 10s: WriteLog:12: (t:1, i:12), STATEMACHINELOGENTRY, client-CDDE5ABED77C, cid=151-writeStateMachineData
	at org.apache.ratis.util.IOUtils.getFromFuture(IOUtils.java:87)
	at org.apache.ratis.server.raftlog.segmented.SegmentedRaftLogWorker$StateMachineDataPolicy.getFromFuture(SegmentedRaftLogWorker.java:87)
	at org.apache.ratis.server.raftlog.segmented.SegmentedRaftLogWorker$WriteLog.execute(SegmentedRaftLogWorker.java:477)
	at org.apache.ratis.server.raftlog.segmented.SegmentedRaftLogWorker.run(SegmentedRaftLogWorker.java:289)
	at java.lang.Thread.run(Thread.java:748)
Caused by: java.util.concurrent.TimeoutException
	at java.util.concurrent.CompletableFuture.timedGet(CompletableFuture.java:1771)
	at java.util.concurrent.CompletableFuture.get(CompletableFuture.java:1915)
	at org.apache.ratis.util.IOUtils.getFromFuture(IOUtils.java:79)
	... 4 more
2019-09-17 12:35:23,905 [597a450e-db00-46ca-b8ea-d9e1f9500f66@group-FAF0B6E2649D-SegmentedRaftLogWorker] WARN  segmented.SegmentedRaftLogWorker (SegmentedRaftLogWorker.java:getFromFuture(90)) - Timeout 6/~
org.apache.ratis.protocol.TimeoutIOException: Timeout 10s: WriteLog:12: (t:1, i:12), STATEMACHINELOGENTRY, client-CDDE5ABED77C, cid=151-writeStateMachineData
	at org.apache.ratis.util.IOUtils.getFromFuture(IOUtils.java:87)
	at org.apache.ratis.server.raftlog.segmented.SegmentedRaftLogWorker$StateMachineDataPolicy.getFromFuture(SegmentedRaftLogWorker.java:87)
	at org.apache.ratis.server.raftlog.segmented.SegmentedRaftLogWorker$WriteLog.execute(SegmentedRaftLogWorker.java:477)
	at org.apache.ratis.server.raftlog.segmented.SegmentedRaftLogWorker.run(SegmentedRaftLogWorker.java:289)
	at java.lang.Thread.run(Thread.java:748)
Caused by: java.util.concurrent.TimeoutException
	at java.util.concurrent.CompletableFuture.timedGet(CompletableFuture.java:1771)
	at java.util.concurrent.CompletableFuture.get(CompletableFuture.java:1915)
	at org.apache.ratis.util.IOUtils.getFromFuture(IOUtils.java:79)
	... 4 more
2019-09-17 12:35:24,412 [java.util.concurrent.ThreadPoolExecutor$Worker@7394651c[State = -1, empty queue]] WARN  server.GrpcLogAppender (GrpcLogAppender.java:timeoutAppendRequest(200)) - 4005f9e4-9000-4048-961f-9439e52a6da7@group-FAF0B6E2649D->9a3c5405-1b71-41e7-a1e6-d9c2b7bf9721-GrpcLogAppender: appendEntries Timeout, request=4005f9e4-9000-4048-961f-9439e52a6da7->9a3c5405-1b71-41e7-a1e6-d9c2b7bf9721#117-t1, previous=(t:1, i:17), leaderCommit=11, initializing? false, entries: <empty>
2019-09-17 12:35:24,412 [java.util.concurrent.ThreadPoolExecutor$Worker@628100a2[State = -1, empty queue]] WARN  server.GrpcLogAppender (GrpcLogAppender.java:timeoutAppendRequest(200)) - 4005f9e4-9000-4048-961f-9439e52a6da7@group-FAF0B6E2649D->597a450e-db00-46ca-b8ea-d9e1f9500f66-GrpcLogAppender: appendEntries Timeout, request=4005f9e4-9000-4048-961f-9439e52a6da7->597a450e-db00-46ca-b8ea-d9e1f9500f66#117-t1, previous=(t:1, i:17), leaderCommit=11, initializing? false, entries: <empty>
2019-09-17 12:35:24,432 [grpc-default-executor-9] INFO  client.GrpcClientProtocolClient (GrpcClientProtocolClient.java:onNext(264)) - client-CDDE5ABED77C->9a3c5405-1b71-41e7-a1e6-d9c2b7bf9721: receive RaftClientReply:client-CDDE5ABED77C->9a3c5405-1b71-41e7-a1e6-d9c2b7bf9721@group-FAF0B6E2649D, cid=151, FAILED org.apache.ratis.protocol.NotLeaderException: Server 9a3c5405-1b71-41e7-a1e6-d9c2b7bf9721@group-FAF0B6E2649D is not the leader 4005f9e4-9000-4048-961f-9439e52a6da7:192.168.5.130:43091, logIndex=0, commits[9a3c5405-1b71-41e7-a1e6-d9c2b7bf9721:c11, 597a450e-db00-46ca-b8ea-d9e1f9500f66:c7, 4005f9e4-9000-4048-961f-9439e52a6da7:c11]
2019-09-17 12:35:26,926 [java.util.concurrent.ThreadPoolExecutor$Worker@628100a2[State = -1, empty queue]] WARN  server.GrpcLogAppender (GrpcLogAppender.java:timeoutAppendRequest(200)) - 4005f9e4-9000-4048-961f-9439e52a6da7@group-FAF0B6E2649D->597a450e-db00-46ca-b8ea-d9e1f9500f66-GrpcLogAppender: appendEntries Timeout, request=4005f9e4-9000-4048-961f-9439e52a6da7->597a450e-db00-46ca-b8ea-d9e1f9500f66#118-t1, previous=(t:1, i:17), leaderCommit=11, initializing? false, entries: <empty>
2019-09-17 12:35:26,926 [java.util.concurrent.ThreadPoolExecutor$Worker@7394651c[State = -1, empty queue]] WARN  server.GrpcLogAppender (GrpcLogAppender.java:timeoutAppendRequest(200)) - 4005f9e4-9000-4048-961f-9439e52a6da7@group-FAF0B6E2649D->9a3c5405-1b71-41e7-a1e6-d9c2b7bf9721-GrpcLogAppender: appendEntries Timeout, request=4005f9e4-9000-4048-961f-9439e52a6da7->9a3c5405-1b71-41e7-a1e6-d9c2b7bf9721#118-t1, previous=(t:1, i:17), leaderCommit=11, initializing? false, entries: <empty>
2019-09-17 12:35:29,426 [java.util.concurrent.ThreadPoolExecutor$Worker@7394651c[State = -1, empty queue]] WARN  server.GrpcLogAppender (GrpcLogAppender.java:timeoutAppendRequest(200)) - 4005f9e4-9000-4048-961f-9439e52a6da7@group-FAF0B6E2649D->9a3c5405-1b71-41e7-a1e6-d9c2b7bf9721-GrpcLogAppender: appendEntries Timeout, request=4005f9e4-9000-4048-961f-9439e52a6da7->9a3c5405-1b71-41e7-a1e6-d9c2b7bf9721#119-t1, previous=(t:1, i:17), leaderCommit=11, initializing? false, entries: <empty>
2019-09-17 12:35:29,426 [java.util.concurrent.ThreadPoolExecutor$Worker@628100a2[State = -1, empty queue]] WARN  server.GrpcLogAppender (GrpcLogAppender.java:timeoutAppendRequest(200)) - 4005f9e4-9000-4048-961f-9439e52a6da7@group-FAF0B6E2649D->597a450e-db00-46ca-b8ea-d9e1f9500f66-GrpcLogAppender: appendEntries Timeout, request=4005f9e4-9000-4048-961f-9439e52a6da7->597a450e-db00-46ca-b8ea-d9e1f9500f66#119-t1, previous=(t:1, i:17), leaderCommit=11, initializing? false, entries: <empty>
2019-09-17 12:35:29,485 [grpc-default-executor-0] INFO  client.GrpcClientProtocolClient (GrpcClientProtocolClient.java:onNext(264)) - client-CDDE5ABED77C->597a450e-db00-46ca-b8ea-d9e1f9500f66: receive RaftClientReply:client-CDDE5ABED77C->597a450e-db00-46ca-b8ea-d9e1f9500f66@group-FAF0B6E2649D, cid=151, FAILED org.apache.ratis.protocol.NotLeaderException: Server 597a450e-db00-46ca-b8ea-d9e1f9500f66@group-FAF0B6E2649D is not the leader 4005f9e4-9000-4048-961f-9439e52a6da7:192.168.5.130:43091, logIndex=0, commits[597a450e-db00-46ca-b8ea-d9e1f9500f66:c11, 9a3c5405-1b71-41e7-a1e6-d9c2b7bf9721:c7, 4005f9e4-9000-4048-961f-9439e52a6da7:c11]
2019-09-17 12:35:31,926 [java.util.concurrent.ThreadPoolExecutor$Worker@7394651c[State = -1, empty queue]] WARN  server.GrpcLogAppender (GrpcLogAppender.java:timeoutAppendRequest(200)) - 4005f9e4-9000-4048-961f-9439e52a6da7@group-FAF0B6E2649D->9a3c5405-1b71-41e7-a1e6-d9c2b7bf9721-GrpcLogAppender: appendEntries Timeout, request=4005f9e4-9000-4048-961f-9439e52a6da7->9a3c5405-1b71-41e7-a1e6-d9c2b7bf9721#120-t1, previous=(t:1, i:17), leaderCommit=11, initializing? false, entries: <empty>
2019-09-17 12:35:31,926 [java.util.concurrent.ThreadPoolExecutor$Worker@628100a2[State = -1, empty queue]] WARN  server.GrpcLogAppender (GrpcLogAppender.java:timeoutAppendRequest(200)) - 4005f9e4-9000-4048-961f-9439e52a6da7@group-FAF0B6E2649D->597a450e-db00-46ca-b8ea-d9e1f9500f66-GrpcLogAppender: appendEntries Timeout, request=4005f9e4-9000-4048-961f-9439e52a6da7->597a450e-db00-46ca-b8ea-d9e1f9500f66#120-t1, previous=(t:1, i:17), leaderCommit=11, initializing? false, entries: <empty>
2019-09-17 12:35:33,906 [4005f9e4-9000-4048-961f-9439e52a6da7@group-FAF0B6E2649D-SegmentedRaftLogWorker] WARN  segmented.SegmentedRaftLogWorker (SegmentedRaftLogWorker.java:getFromFuture(90)) - Timeout 7/~
org.apache.ratis.protocol.TimeoutIOException: Timeout 10s: WriteLog:12: (t:1, i:12), STATEMACHINELOGENTRY, client-CDDE5ABED77C, cid=151-writeStateMachineData
	at org.apache.ratis.util.IOUtils.getFromFuture(IOUtils.java:87)
	at org.apache.ratis.server.raftlog.segmented.SegmentedRaftLogWorker$StateMachineDataPolicy.getFromFuture(SegmentedRaftLogWorker.java:87)
	at org.apache.ratis.server.raftlog.segmented.SegmentedRaftLogWorker$WriteLog.execute(SegmentedRaftLogWorker.java:477)
	at org.apache.ratis.server.raftlog.segmented.SegmentedRaftLogWorker.run(SegmentedRaftLogWorker.java:289)
	at java.lang.Thread.run(Thread.java:748)
Caused by: java.util.concurrent.TimeoutException
	at java.util.concurrent.CompletableFuture.timedGet(CompletableFuture.java:1771)
	at java.util.concurrent.CompletableFuture.get(CompletableFuture.java:1915)
	at org.apache.ratis.util.IOUtils.getFromFuture(IOUtils.java:79)
	... 4 more
2019-09-17 12:35:33,926 [9a3c5405-1b71-41e7-a1e6-d9c2b7bf9721@group-FAF0B6E2649D-SegmentedRaftLogWorker] WARN  segmented.SegmentedRaftLogWorker (SegmentedRaftLogWorker.java:getFromFuture(90)) - Timeout 7/~
org.apache.ratis.protocol.TimeoutIOException: Timeout 10s: WriteLog:12: (t:1, i:12), STATEMACHINELOGENTRY, client-CDDE5ABED77C, cid=151-writeStateMachineData
	at org.apache.ratis.util.IOUtils.getFromFuture(IOUtils.java:87)
	at org.apache.ratis.server.raftlog.segmented.SegmentedRaftLogWorker$StateMachineDataPolicy.getFromFuture(SegmentedRaftLogWorker.java:87)
	at org.apache.ratis.server.raftlog.segmented.SegmentedRaftLogWorker$WriteLog.execute(SegmentedRaftLogWorker.java:477)
	at org.apache.ratis.server.raftlog.segmented.SegmentedRaftLogWorker.run(SegmentedRaftLogWorker.java:289)
	at java.lang.Thread.run(Thread.java:748)
Caused by: java.util.concurrent.TimeoutException
	at java.util.concurrent.CompletableFuture.timedGet(CompletableFuture.java:1771)
	at java.util.concurrent.CompletableFuture.get(CompletableFuture.java:1915)
	at org.apache.ratis.util.IOUtils.getFromFuture(IOUtils.java:79)
	... 4 more
2019-09-17 12:35:33,926 [597a450e-db00-46ca-b8ea-d9e1f9500f66@group-FAF0B6E2649D-SegmentedRaftLogWorker] WARN  segmented.SegmentedRaftLogWorker (SegmentedRaftLogWorker.java:getFromFuture(90)) - Timeout 7/~
org.apache.ratis.protocol.TimeoutIOException: Timeout 10s: WriteLog:12: (t:1, i:12), STATEMACHINELOGENTRY, client-CDDE5ABED77C, cid=151-writeStateMachineData
	at org.apache.ratis.util.IOUtils.getFromFuture(IOUtils.java:87)
	at org.apache.ratis.server.raftlog.segmented.SegmentedRaftLogWorker$StateMachineDataPolicy.getFromFuture(SegmentedRaftLogWorker.java:87)
	at org.apache.ratis.server.raftlog.segmented.SegmentedRaftLogWorker$WriteLog.execute(SegmentedRaftLogWorker.java:477)
	at org.apache.ratis.server.raftlog.segmented.SegmentedRaftLogWorker.run(SegmentedRaftLogWorker.java:289)
	at java.lang.Thread.run(Thread.java:748)
Caused by: java.util.concurrent.TimeoutException
	at java.util.concurrent.CompletableFuture.timedGet(CompletableFuture.java:1771)
	at java.util.concurrent.CompletableFuture.get(CompletableFuture.java:1915)
	at org.apache.ratis.util.IOUtils.getFromFuture(IOUtils.java:79)
	... 4 more
2019-09-17 12:35:34,427 [java.util.concurrent.ThreadPoolExecutor$Worker@628100a2[State = -1, empty queue]] WARN  server.GrpcLogAppender (GrpcLogAppender.java:timeoutAppendRequest(200)) - 4005f9e4-9000-4048-961f-9439e52a6da7@group-FAF0B6E2649D->597a450e-db00-46ca-b8ea-d9e1f9500f66-GrpcLogAppender: appendEntries Timeout, request=4005f9e4-9000-4048-961f-9439e52a6da7->597a450e-db00-46ca-b8ea-d9e1f9500f66#121-t1, previous=(t:1, i:17), leaderCommit=11, initializing? false, entries: <empty>
2019-09-17 12:35:34,427 [java.util.concurrent.ThreadPoolExecutor$Worker@7394651c[State = -1, empty queue]] WARN  server.GrpcLogAppender (GrpcLogAppender.java:timeoutAppendRequest(200)) - 4005f9e4-9000-4048-961f-9439e52a6da7@group-FAF0B6E2649D->9a3c5405-1b71-41e7-a1e6-d9c2b7bf9721-GrpcLogAppender: appendEntries Timeout, request=4005f9e4-9000-4048-961f-9439e52a6da7->9a3c5405-1b71-41e7-a1e6-d9c2b7bf9721#121-t1, previous=(t:1, i:17), leaderCommit=11, initializing? false, entries: <empty>
2019-09-17 12:35:34,532 [grpc-default-executor-9] INFO  client.GrpcClientProtocolClient (GrpcClientProtocolClient.java:onNext(264)) - client-CDDE5ABED77C->9a3c5405-1b71-41e7-a1e6-d9c2b7bf9721: receive RaftClientReply:client-CDDE5ABED77C->9a3c5405-1b71-41e7-a1e6-d9c2b7bf9721@group-FAF0B6E2649D, cid=151, FAILED org.apache.ratis.protocol.NotLeaderException: Server 9a3c5405-1b71-41e7-a1e6-d9c2b7bf9721@group-FAF0B6E2649D is not the leader 4005f9e4-9000-4048-961f-9439e52a6da7:192.168.5.130:43091, logIndex=0, commits[9a3c5405-1b71-41e7-a1e6-d9c2b7bf9721:c11, 597a450e-db00-46ca-b8ea-d9e1f9500f66:c7, 4005f9e4-9000-4048-961f-9439e52a6da7:c11]
2019-09-17 12:35:36,927 [java.util.concurrent.ThreadPoolExecutor$Worker@7394651c[State = -1, empty queue]] WARN  server.GrpcLogAppender (GrpcLogAppender.java:timeoutAppendRequest(200)) - 4005f9e4-9000-4048-961f-9439e52a6da7@group-FAF0B6E2649D->9a3c5405-1b71-41e7-a1e6-d9c2b7bf9721-GrpcLogAppender: appendEntries Timeout, request=4005f9e4-9000-4048-961f-9439e52a6da7->9a3c5405-1b71-41e7-a1e6-d9c2b7bf9721#122-t1, previous=(t:1, i:17), leaderCommit=11, initializing? false, entries: <empty>
2019-09-17 12:35:36,927 [java.util.concurrent.ThreadPoolExecutor$Worker@628100a2[State = -1, empty queue]] WARN  server.GrpcLogAppender (GrpcLogAppender.java:timeoutAppendRequest(200)) - 4005f9e4-9000-4048-961f-9439e52a6da7@group-FAF0B6E2649D->597a450e-db00-46ca-b8ea-d9e1f9500f66-GrpcLogAppender: appendEntries Timeout, request=4005f9e4-9000-4048-961f-9439e52a6da7->597a450e-db00-46ca-b8ea-d9e1f9500f66#122-t1, previous=(t:1, i:17), leaderCommit=11, initializing? false, entries: <empty>
2019-09-17 12:35:39,427 [java.util.concurrent.ThreadPoolExecutor$Worker@7394651c[State = -1, empty queue]] WARN  server.GrpcLogAppender (GrpcLogAppender.java:timeoutAppendRequest(200)) - 4005f9e4-9000-4048-961f-9439e52a6da7@group-FAF0B6E2649D->9a3c5405-1b71-41e7-a1e6-d9c2b7bf9721-GrpcLogAppender: appendEntries Timeout, request=4005f9e4-9000-4048-961f-9439e52a6da7->9a3c5405-1b71-41e7-a1e6-d9c2b7bf9721#123-t1, previous=(t:1, i:17), leaderCommit=11, initializing? false, entries: <empty>
2019-09-17 12:35:39,427 [java.util.concurrent.ThreadPoolExecutor$Worker@628100a2[State = -1, empty queue]] WARN  server.GrpcLogAppender (GrpcLogAppender.java:timeoutAppendRequest(200)) - 4005f9e4-9000-4048-961f-9439e52a6da7@group-FAF0B6E2649D->597a450e-db00-46ca-b8ea-d9e1f9500f66-GrpcLogAppender: appendEntries Timeout, request=4005f9e4-9000-4048-961f-9439e52a6da7->597a450e-db00-46ca-b8ea-d9e1f9500f66#123-t1, previous=(t:1, i:17), leaderCommit=11, initializing? false, entries: <empty>
2019-09-17 12:35:39,590 [grpc-default-executor-0] INFO  client.GrpcClientProtocolClient (GrpcClientProtocolClient.java:onNext(264)) - client-CDDE5ABED77C->9a3c5405-1b71-41e7-a1e6-d9c2b7bf9721: receive RaftClientReply:client-CDDE5ABED77C->9a3c5405-1b71-41e7-a1e6-d9c2b7bf9721@group-FAF0B6E2649D, cid=151, FAILED org.apache.ratis.protocol.NotLeaderException: Server 9a3c5405-1b71-41e7-a1e6-d9c2b7bf9721@group-FAF0B6E2649D is not the leader 4005f9e4-9000-4048-961f-9439e52a6da7:192.168.5.130:43091, logIndex=0, commits[9a3c5405-1b71-41e7-a1e6-d9c2b7bf9721:c11, 597a450e-db00-46ca-b8ea-d9e1f9500f66:c7, 4005f9e4-9000-4048-961f-9439e52a6da7:c11]
2019-09-17 12:35:41,927 [java.util.concurrent.ThreadPoolExecutor$Worker@7394651c[State = -1, empty queue]] WARN  server.GrpcLogAppender (GrpcLogAppender.java:timeoutAppendRequest(200)) - 4005f9e4-9000-4048-961f-9439e52a6da7@group-FAF0B6E2649D->9a3c5405-1b71-41e7-a1e6-d9c2b7bf9721-GrpcLogAppender: appendEntries Timeout, request=4005f9e4-9000-4048-961f-9439e52a6da7->9a3c5405-1b71-41e7-a1e6-d9c2b7bf9721#124-t1, previous=(t:1, i:17), leaderCommit=11, initializing? false, entries: <empty>
2019-09-17 12:35:41,927 [java.util.concurrent.ThreadPoolExecutor$Worker@628100a2[State = -1, empty queue]] WARN  server.GrpcLogAppender (GrpcLogAppender.java:timeoutAppendRequest(200)) - 4005f9e4-9000-4048-961f-9439e52a6da7@group-FAF0B6E2649D->597a450e-db00-46ca-b8ea-d9e1f9500f66-GrpcLogAppender: appendEntries Timeout, request=4005f9e4-9000-4048-961f-9439e52a6da7->597a450e-db00-46ca-b8ea-d9e1f9500f66#124-t1, previous=(t:1, i:17), leaderCommit=11, initializing? false, entries: <empty>
2019-09-17 12:35:43,907 [4005f9e4-9000-4048-961f-9439e52a6da7@group-FAF0B6E2649D-SegmentedRaftLogWorker] WARN  segmented.SegmentedRaftLogWorker (SegmentedRaftLogWorker.java:getFromFuture(90)) - Timeout 8/~
org.apache.ratis.protocol.TimeoutIOException: Timeout 10s: WriteLog:12: (t:1, i:12), STATEMACHINELOGENTRY, client-CDDE5ABED77C, cid=151-writeStateMachineData
	at org.apache.ratis.util.IOUtils.getFromFuture(IOUtils.java:87)
	at org.apache.ratis.server.raftlog.segmented.SegmentedRaftLogWorker$StateMachineDataPolicy.getFromFuture(SegmentedRaftLogWorker.java:87)
	at org.apache.ratis.server.raftlog.segmented.SegmentedRaftLogWorker$WriteLog.execute(SegmentedRaftLogWorker.java:477)
	at org.apache.ratis.server.raftlog.segmented.SegmentedRaftLogWorker.run(SegmentedRaftLogWorker.java:289)
	at java.lang.Thread.run(Thread.java:748)
Caused by: java.util.concurrent.TimeoutException
	at java.util.concurrent.CompletableFuture.timedGet(CompletableFuture.java:1771)
	at java.util.concurrent.CompletableFuture.get(CompletableFuture.java:1915)
	at org.apache.ratis.util.IOUtils.getFromFuture(IOUtils.java:79)
	... 4 more
2019-09-17 12:35:43,926 [9a3c5405-1b71-41e7-a1e6-d9c2b7bf9721@group-FAF0B6E2649D-SegmentedRaftLogWorker] WARN  segmented.SegmentedRaftLogWorker (SegmentedRaftLogWorker.java:getFromFuture(90)) - Timeout 8/~
org.apache.ratis.protocol.TimeoutIOException: Timeout 10s: WriteLog:12: (t:1, i:12), STATEMACHINELOGENTRY, client-CDDE5ABED77C, cid=151-writeStateMachineData
	at org.apache.ratis.util.IOUtils.getFromFuture(IOUtils.java:87)
	at org.apache.ratis.server.raftlog.segmented.SegmentedRaftLogWorker$StateMachineDataPolicy.getFromFuture(SegmentedRaftLogWorker.java:87)
	at org.apache.ratis.server.raftlog.segmented.SegmentedRaftLogWorker$WriteLog.execute(SegmentedRaftLogWorker.java:477)
	at org.apache.ratis.server.raftlog.segmented.SegmentedRaftLogWorker.run(SegmentedRaftLogWorker.java:289)
	at java.lang.Thread.run(Thread.java:748)
Caused by: java.util.concurrent.TimeoutException
	at java.util.concurrent.CompletableFuture.timedGet(CompletableFuture.java:1771)
	at java.util.concurrent.CompletableFuture.get(CompletableFuture.java:1915)
	at org.apache.ratis.util.IOUtils.getFromFuture(IOUtils.java:79)
	... 4 more
2019-09-17 12:35:43,926 [597a450e-db00-46ca-b8ea-d9e1f9500f66@group-FAF0B6E2649D-SegmentedRaftLogWorker] WARN  segmented.SegmentedRaftLogWorker (SegmentedRaftLogWorker.java:getFromFuture(90)) - Timeout 8/~
org.apache.ratis.protocol.TimeoutIOException: Timeout 10s: WriteLog:12: (t:1, i:12), STATEMACHINELOGENTRY, client-CDDE5ABED77C, cid=151-writeStateMachineData
	at org.apache.ratis.util.IOUtils.getFromFuture(IOUtils.java:87)
	at org.apache.ratis.server.raftlog.segmented.SegmentedRaftLogWorker$StateMachineDataPolicy.getFromFuture(SegmentedRaftLogWorker.java:87)
	at org.apache.ratis.server.raftlog.segmented.SegmentedRaftLogWorker$WriteLog.execute(SegmentedRaftLogWorker.java:477)
	at org.apache.ratis.server.raftlog.segmented.SegmentedRaftLogWorker.run(SegmentedRaftLogWorker.java:289)
	at java.lang.Thread.run(Thread.java:748)
Caused by: java.util.concurrent.TimeoutException
	at java.util.concurrent.CompletableFuture.timedGet(CompletableFuture.java:1771)
	at java.util.concurrent.CompletableFuture.get(CompletableFuture.java:1915)
	at org.apache.ratis.util.IOUtils.getFromFuture(IOUtils.java:79)
	... 4 more
2019-09-17 12:35:44,428 [java.util.concurrent.ThreadPoolExecutor$Worker@628100a2[State = -1, empty queue]] WARN  server.GrpcLogAppender (GrpcLogAppender.java:timeoutAppendRequest(200)) - 4005f9e4-9000-4048-961f-9439e52a6da7@group-FAF0B6E2649D->597a450e-db00-46ca-b8ea-d9e1f9500f66-GrpcLogAppender: appendEntries Timeout, request=4005f9e4-9000-4048-961f-9439e52a6da7->597a450e-db00-46ca-b8ea-d9e1f9500f66#125-t1, previous=(t:1, i:17), leaderCommit=11, initializing? false, entries: <empty>
2019-09-17 12:35:44,428 [java.util.concurrent.ThreadPoolExecutor$Worker@7394651c[State = -1, empty queue]] WARN  server.GrpcLogAppender (GrpcLogAppender.java:timeoutAppendRequest(200)) - 4005f9e4-9000-4048-961f-9439e52a6da7@group-FAF0B6E2649D->9a3c5405-1b71-41e7-a1e6-d9c2b7bf9721-GrpcLogAppender: appendEntries Timeout, request=4005f9e4-9000-4048-961f-9439e52a6da7->9a3c5405-1b71-41e7-a1e6-d9c2b7bf9721#125-t1, previous=(t:1, i:17), leaderCommit=11, initializing? false, entries: <empty>
2019-09-17 12:35:44,633 [grpc-default-executor-0] INFO  client.GrpcClientProtocolClient (GrpcClientProtocolClient.java:onNext(264)) - client-CDDE5ABED77C->597a450e-db00-46ca-b8ea-d9e1f9500f66: receive RaftClientReply:client-CDDE5ABED77C->597a450e-db00-46ca-b8ea-d9e1f9500f66@group-FAF0B6E2649D, cid=151, FAILED org.apache.ratis.protocol.NotLeaderException: Server 597a450e-db00-46ca-b8ea-d9e1f9500f66@group-FAF0B6E2649D is not the leader 4005f9e4-9000-4048-961f-9439e52a6da7:192.168.5.130:43091, logIndex=0, commits[597a450e-db00-46ca-b8ea-d9e1f9500f66:c11, 9a3c5405-1b71-41e7-a1e6-d9c2b7bf9721:c7, 4005f9e4-9000-4048-961f-9439e52a6da7:c11]
2019-09-17 12:35:46,928 [java.util.concurrent.ThreadPoolExecutor$Worker@628100a2[State = -1, empty queue]] WARN  server.GrpcLogAppender (GrpcLogAppender.java:timeoutAppendRequest(200)) - 4005f9e4-9000-4048-961f-9439e52a6da7@group-FAF0B6E2649D->597a450e-db00-46ca-b8ea-d9e1f9500f66-GrpcLogAppender: appendEntries Timeout, request=4005f9e4-9000-4048-961f-9439e52a6da7->597a450e-db00-46ca-b8ea-d9e1f9500f66#126-t1, previous=(t:1, i:17), leaderCommit=11, initializing? false, entries: <empty>
2019-09-17 12:35:46,928 [java.util.concurrent.ThreadPoolExecutor$Worker@7394651c[State = -1, empty queue]] WARN  server.GrpcLogAppender (GrpcLogAppender.java:timeoutAppendRequest(200)) - 4005f9e4-9000-4048-961f-9439e52a6da7@group-FAF0B6E2649D->9a3c5405-1b71-41e7-a1e6-d9c2b7bf9721-GrpcLogAppender: appendEntries Timeout, request=4005f9e4-9000-4048-961f-9439e52a6da7->9a3c5405-1b71-41e7-a1e6-d9c2b7bf9721#126-t1, previous=(t:1, i:17), leaderCommit=11, initializing? false, entries: <empty>
2019-09-17 12:35:49,428 [java.util.concurrent.ThreadPoolExecutor$Worker@7394651c[State = -1, empty queue]] WARN  server.GrpcLogAppender (GrpcLogAppender.java:timeoutAppendRequest(200)) - 4005f9e4-9000-4048-961f-9439e52a6da7@group-FAF0B6E2649D->9a3c5405-1b71-41e7-a1e6-d9c2b7bf9721-GrpcLogAppender: appendEntries Timeout, request=4005f9e4-9000-4048-961f-9439e52a6da7->9a3c5405-1b71-41e7-a1e6-d9c2b7bf9721#127-t1, previous=(t:1, i:17), leaderCommit=11, initializing? false, entries: <empty>
2019-09-17 12:35:49,429 [java.util.concurrent.ThreadPoolExecutor$Worker@628100a2[State = -1, empty queue]] WARN  server.GrpcLogAppender (GrpcLogAppender.java:timeoutAppendRequest(200)) - 4005f9e4-9000-4048-961f-9439e52a6da7@group-FAF0B6E2649D->597a450e-db00-46ca-b8ea-d9e1f9500f66-GrpcLogAppender: appendEntries Timeout, request=4005f9e4-9000-4048-961f-9439e52a6da7->597a450e-db00-46ca-b8ea-d9e1f9500f66#127-t1, previous=(t:1, i:17), leaderCommit=11, initializing? false, entries: <empty>
2019-09-17 12:35:49,667 [grpc-default-executor-0] INFO  client.GrpcClientProtocolClient (GrpcClientProtocolClient.java:onNext(264)) - client-CDDE5ABED77C->597a450e-db00-46ca-b8ea-d9e1f9500f66: receive RaftClientReply:client-CDDE5ABED77C->597a450e-db00-46ca-b8ea-d9e1f9500f66@group-FAF0B6E2649D, cid=151, FAILED org.apache.ratis.protocol.NotLeaderException: Server 597a450e-db00-46ca-b8ea-d9e1f9500f66@group-FAF0B6E2649D is not the leader 4005f9e4-9000-4048-961f-9439e52a6da7:192.168.5.130:43091, logIndex=0, commits[597a450e-db00-46ca-b8ea-d9e1f9500f66:c11, 9a3c5405-1b71-41e7-a1e6-d9c2b7bf9721:c7, 4005f9e4-9000-4048-961f-9439e52a6da7:c11]
2019-09-17 12:35:51,929 [java.util.concurrent.ThreadPoolExecutor$Worker@7394651c[State = -1, empty queue]] WARN  server.GrpcLogAppender (GrpcLogAppender.java:timeoutAppendRequest(200)) - 4005f9e4-9000-4048-961f-9439e52a6da7@group-FAF0B6E2649D->9a3c5405-1b71-41e7-a1e6-d9c2b7bf9721-GrpcLogAppender: appendEntries Timeout, request=4005f9e4-9000-4048-961f-9439e52a6da7->9a3c5405-1b71-41e7-a1e6-d9c2b7bf9721#128-t1, previous=(t:1, i:17), leaderCommit=11, initializing? false, entries: <empty>
2019-09-17 12:35:51,929 [java.util.concurrent.ThreadPoolExecutor$Worker@628100a2[State = -1, empty queue]] WARN  server.GrpcLogAppender (GrpcLogAppender.java:timeoutAppendRequest(200)) - 4005f9e4-9000-4048-961f-9439e52a6da7@group-FAF0B6E2649D->597a450e-db00-46ca-b8ea-d9e1f9500f66-GrpcLogAppender: appendEntries Timeout, request=4005f9e4-9000-4048-961f-9439e52a6da7->597a450e-db00-46ca-b8ea-d9e1f9500f66#128-t1, previous=(t:1, i:17), leaderCommit=11, initializing? false, entries: <empty>
2019-09-17 12:35:53,908 [4005f9e4-9000-4048-961f-9439e52a6da7@group-FAF0B6E2649D-SegmentedRaftLogWorker] WARN  segmented.SegmentedRaftLogWorker (SegmentedRaftLogWorker.java:getFromFuture(90)) - Timeout 9/~
org.apache.ratis.protocol.TimeoutIOException: Timeout 10s: WriteLog:12: (t:1, i:12), STATEMACHINELOGENTRY, client-CDDE5ABED77C, cid=151-writeStateMachineData
	at org.apache.ratis.util.IOUtils.getFromFuture(IOUtils.java:87)
	at org.apache.ratis.server.raftlog.segmented.SegmentedRaftLogWorker$StateMachineDataPolicy.getFromFuture(SegmentedRaftLogWorker.java:87)
	at org.apache.ratis.server.raftlog.segmented.SegmentedRaftLogWorker$WriteLog.execute(SegmentedRaftLogWorker.java:477)
	at org.apache.ratis.server.raftlog.segmented.SegmentedRaftLogWorker.run(SegmentedRaftLogWorker.java:289)
	at java.lang.Thread.run(Thread.java:748)
Caused by: java.util.concurrent.TimeoutException
	at java.util.concurrent.CompletableFuture.timedGet(CompletableFuture.java:1771)
	at java.util.concurrent.CompletableFuture.get(CompletableFuture.java:1915)
	at org.apache.ratis.util.IOUtils.getFromFuture(IOUtils.java:79)
	... 4 more
2019-09-17 12:35:53,926 [9a3c5405-1b71-41e7-a1e6-d9c2b7bf9721@group-FAF0B6E2649D-SegmentedRaftLogWorker] WARN  segmented.SegmentedRaftLogWorker (SegmentedRaftLogWorker.java:getFromFuture(90)) - Timeout 9/~
org.apache.ratis.protocol.TimeoutIOException: Timeout 10s: WriteLog:12: (t:1, i:12), STATEMACHINELOGENTRY, client-CDDE5ABED77C, cid=151-writeStateMachineData
	at org.apache.ratis.util.IOUtils.getFromFuture(IOUtils.java:87)
	at org.apache.ratis.server.raftlog.segmented.SegmentedRaftLogWorker$StateMachineDataPolicy.getFromFuture(SegmentedRaftLogWorker.java:87)
	at org.apache.ratis.server.raftlog.segmented.SegmentedRaftLogWorker$WriteLog.execute(SegmentedRaftLogWorker.java:477)
	at org.apache.ratis.server.raftlog.segmented.SegmentedRaftLogWorker.run(SegmentedRaftLogWorker.java:289)
	at java.lang.Thread.run(Thread.java:748)
Caused by: java.util.concurrent.TimeoutException
	at java.util.concurrent.CompletableFuture.timedGet(CompletableFuture.java:1771)
	at java.util.concurrent.CompletableFuture.get(CompletableFuture.java:1915)
	at org.apache.ratis.util.IOUtils.getFromFuture(IOUtils.java:79)
	... 4 more
2019-09-17 12:35:53,927 [597a450e-db00-46ca-b8ea-d9e1f9500f66@group-FAF0B6E2649D-SegmentedRaftLogWorker] WARN  segmented.SegmentedRaftLogWorker (SegmentedRaftLogWorker.java:getFromFuture(90)) - Timeout 9/~
org.apache.ratis.protocol.TimeoutIOException: Timeout 10s: WriteLog:12: (t:1, i:12), STATEMACHINELOGENTRY, client-CDDE5ABED77C, cid=151-writeStateMachineData
	at org.apache.ratis.util.IOUtils.getFromFuture(IOUtils.java:87)
	at org.apache.ratis.server.raftlog.segmented.SegmentedRaftLogWorker$StateMachineDataPolicy.getFromFuture(SegmentedRaftLogWorker.java:87)
	at org.apache.ratis.server.raftlog.segmented.SegmentedRaftLogWorker$WriteLog.execute(SegmentedRaftLogWorker.java:477)
	at org.apache.ratis.server.raftlog.segmented.SegmentedRaftLogWorker.run(SegmentedRaftLogWorker.java:289)
	at java.lang.Thread.run(Thread.java:748)
Caused by: java.util.concurrent.TimeoutException
	at java.util.concurrent.CompletableFuture.timedGet(CompletableFuture.java:1771)
	at java.util.concurrent.CompletableFuture.get(CompletableFuture.java:1915)
	at org.apache.ratis.util.IOUtils.getFromFuture(IOUtils.java:79)
	... 4 more
2019-09-17 12:35:54,429 [java.util.concurrent.ThreadPoolExecutor$Worker@7394651c[State = -1, empty queue]] WARN  server.GrpcLogAppender (GrpcLogAppender.java:timeoutAppendRequest(200)) - 4005f9e4-9000-4048-961f-9439e52a6da7@group-FAF0B6E2649D->9a3c5405-1b71-41e7-a1e6-d9c2b7bf9721-GrpcLogAppender: appendEntries Timeout, request=4005f9e4-9000-4048-961f-9439e52a6da7->9a3c5405-1b71-41e7-a1e6-d9c2b7bf9721#129-t1, previous=(t:1, i:17), leaderCommit=11, initializing? false, entries: <empty>
2019-09-17 12:35:54,429 [java.util.concurrent.ThreadPoolExecutor$Worker@628100a2[State = -1, empty queue]] WARN  server.GrpcLogAppender (GrpcLogAppender.java:timeoutAppendRequest(200)) - 4005f9e4-9000-4048-961f-9439e52a6da7@group-FAF0B6E2649D->597a450e-db00-46ca-b8ea-d9e1f9500f66-GrpcLogAppender: appendEntries Timeout, request=4005f9e4-9000-4048-961f-9439e52a6da7->597a450e-db00-46ca-b8ea-d9e1f9500f66#129-t1, previous=(t:1, i:17), leaderCommit=11, initializing? false, entries: <empty>
2019-09-17 12:35:54,701 [grpc-default-executor-0] INFO  client.GrpcClientProtocolClient (GrpcClientProtocolClient.java:onNext(264)) - client-CDDE5ABED77C->597a450e-db00-46ca-b8ea-d9e1f9500f66: receive RaftClientReply:client-CDDE5ABED77C->597a450e-db00-46ca-b8ea-d9e1f9500f66@group-FAF0B6E2649D, cid=151, FAILED org.apache.ratis.protocol.NotLeaderException: Server 597a450e-db00-46ca-b8ea-d9e1f9500f66@group-FAF0B6E2649D is not the leader 4005f9e4-9000-4048-961f-9439e52a6da7:192.168.5.130:43091, logIndex=0, commits[597a450e-db00-46ca-b8ea-d9e1f9500f66:c11, 9a3c5405-1b71-41e7-a1e6-d9c2b7bf9721:c7, 4005f9e4-9000-4048-961f-9439e52a6da7:c11]
2019-09-17 12:35:56,929 [java.util.concurrent.ThreadPoolExecutor$Worker@628100a2[State = -1, empty queue]] WARN  server.GrpcLogAppender (GrpcLogAppender.java:timeoutAppendRequest(200)) - 4005f9e4-9000-4048-961f-9439e52a6da7@group-FAF0B6E2649D->597a450e-db00-46ca-b8ea-d9e1f9500f66-GrpcLogAppender: appendEntries Timeout, request=4005f9e4-9000-4048-961f-9439e52a6da7->597a450e-db00-46ca-b8ea-d9e1f9500f66#130-t1, previous=(t:1, i:17), leaderCommit=11, initializing? false, entries: <empty>
2019-09-17 12:35:56,929 [java.util.concurrent.ThreadPoolExecutor$Worker@7394651c[State = -1, empty queue]] WARN  server.GrpcLogAppender (GrpcLogAppender.java:timeoutAppendRequest(200)) - 4005f9e4-9000-4048-961f-9439e52a6da7@group-FAF0B6E2649D->9a3c5405-1b71-41e7-a1e6-d9c2b7bf9721-GrpcLogAppender: appendEntries Timeout, request=4005f9e4-9000-4048-961f-9439e52a6da7->9a3c5405-1b71-41e7-a1e6-d9c2b7bf9721#130-t1, previous=(t:1, i:17), leaderCommit=11, initializing? false, entries: <empty>
2019-09-17 12:35:59,430 [java.util.concurrent.ThreadPoolExecutor$Worker@628100a2[State = -1, empty queue]] WARN  server.GrpcLogAppender (GrpcLogAppender.java:timeoutAppendRequest(200)) - 4005f9e4-9000-4048-961f-9439e52a6da7@group-FAF0B6E2649D->597a450e-db00-46ca-b8ea-d9e1f9500f66-GrpcLogAppender: appendEntries Timeout, request=4005f9e4-9000-4048-961f-9439e52a6da7->597a450e-db00-46ca-b8ea-d9e1f9500f66#131-t1, previous=(t:1, i:17), leaderCommit=11, initializing? false, entries: <empty>
2019-09-17 12:35:59,430 [java.util.concurrent.ThreadPoolExecutor$Worker@7394651c[State = -1, empty queue]] WARN  server.GrpcLogAppender (GrpcLogAppender.java:timeoutAppendRequest(200)) - 4005f9e4-9000-4048-961f-9439e52a6da7@group-FAF0B6E2649D->9a3c5405-1b71-41e7-a1e6-d9c2b7bf9721-GrpcLogAppender: appendEntries Timeout, request=4005f9e4-9000-4048-961f-9439e52a6da7->9a3c5405-1b71-41e7-a1e6-d9c2b7bf9721#131-t1, previous=(t:1, i:17), leaderCommit=11, initializing? false, entries: <empty>
2019-09-17 12:35:59,785 [grpc-default-executor-0] INFO  client.GrpcClientProtocolClient (GrpcClientProtocolClient.java:onNext(264)) - client-CDDE5ABED77C->9a3c5405-1b71-41e7-a1e6-d9c2b7bf9721: receive RaftClientReply:client-CDDE5ABED77C->9a3c5405-1b71-41e7-a1e6-d9c2b7bf9721@group-FAF0B6E2649D, cid=151, FAILED org.apache.ratis.protocol.NotLeaderException: Server 9a3c5405-1b71-41e7-a1e6-d9c2b7bf9721@group-FAF0B6E2649D is not the leader 4005f9e4-9000-4048-961f-9439e52a6da7:192.168.5.130:43091, logIndex=0, commits[9a3c5405-1b71-41e7-a1e6-d9c2b7bf9721:c11, 597a450e-db00-46ca-b8ea-d9e1f9500f66:c7, 4005f9e4-9000-4048-961f-9439e52a6da7:c11]
2019-09-17 12:36:01,930 [java.util.concurrent.ThreadPoolExecutor$Worker@7394651c[State = -1, empty queue]] WARN  server.GrpcLogAppender (GrpcLogAppender.java:timeoutAppendRequest(200)) - 4005f9e4-9000-4048-961f-9439e52a6da7@group-FAF0B6E2649D->9a3c5405-1b71-41e7-a1e6-d9c2b7bf9721-GrpcLogAppender: appendEntries Timeout, request=4005f9e4-9000-4048-961f-9439e52a6da7->9a3c5405-1b71-41e7-a1e6-d9c2b7bf9721#132-t1, previous=(t:1, i:17), leaderCommit=11, initializing? false, entries: <empty>
2019-09-17 12:36:01,930 [java.util.concurrent.ThreadPoolExecutor$Worker@628100a2[State = -1, empty queue]] WARN  server.GrpcLogAppender (GrpcLogAppender.java:timeoutAppendRequest(200)) - 4005f9e4-9000-4048-961f-9439e52a6da7@group-FAF0B6E2649D->597a450e-db00-46ca-b8ea-d9e1f9500f66-GrpcLogAppender: appendEntries Timeout, request=4005f9e4-9000-4048-961f-9439e52a6da7->597a450e-db00-46ca-b8ea-d9e1f9500f66#132-t1, previous=(t:1, i:17), leaderCommit=11, initializing? false, entries: <empty>
2019-09-17 12:36:03,909 [4005f9e4-9000-4048-961f-9439e52a6da7@group-FAF0B6E2649D-SegmentedRaftLogWorker] WARN  segmented.SegmentedRaftLogWorker (SegmentedRaftLogWorker.java:getFromFuture(90)) - Timeout 10/~
org.apache.ratis.protocol.TimeoutIOException: Timeout 10s: WriteLog:12: (t:1, i:12), STATEMACHINELOGENTRY, client-CDDE5ABED77C, cid=151-writeStateMachineData
	at org.apache.ratis.util.IOUtils.getFromFuture(IOUtils.java:87)
	at org.apache.ratis.server.raftlog.segmented.SegmentedRaftLogWorker$StateMachineDataPolicy.getFromFuture(SegmentedRaftLogWorker.java:87)
	at org.apache.ratis.server.raftlog.segmented.SegmentedRaftLogWorker$WriteLog.execute(SegmentedRaftLogWorker.java:477)
	at org.apache.ratis.server.raftlog.segmented.SegmentedRaftLogWorker.run(SegmentedRaftLogWorker.java:289)
	at java.lang.Thread.run(Thread.java:748)
Caused by: java.util.concurrent.TimeoutException
	at java.util.concurrent.CompletableFuture.timedGet(CompletableFuture.java:1771)
	at java.util.concurrent.CompletableFuture.get(CompletableFuture.java:1915)
	at org.apache.ratis.util.IOUtils.getFromFuture(IOUtils.java:79)
	... 4 more
2019-09-17 12:36:03,927 [9a3c5405-1b71-41e7-a1e6-d9c2b7bf9721@group-FAF0B6E2649D-SegmentedRaftLogWorker] WARN  segmented.SegmentedRaftLogWorker (SegmentedRaftLogWorker.java:getFromFuture(90)) - Timeout 10/~
org.apache.ratis.protocol.TimeoutIOException: Timeout 10s: WriteLog:12: (t:1, i:12), STATEMACHINELOGENTRY, client-CDDE5ABED77C, cid=151-writeStateMachineData
	at org.apache.ratis.util.IOUtils.getFromFuture(IOUtils.java:87)
	at org.apache.ratis.server.raftlog.segmented.SegmentedRaftLogWorker$StateMachineDataPolicy.getFromFuture(SegmentedRaftLogWorker.java:87)
	at org.apache.ratis.server.raftlog.segmented.SegmentedRaftLogWorker$WriteLog.execute(SegmentedRaftLogWorker.java:477)
	at org.apache.ratis.server.raftlog.segmented.SegmentedRaftLogWorker.run(SegmentedRaftLogWorker.java:289)
	at java.lang.Thread.run(Thread.java:748)
Caused by: java.util.concurrent.TimeoutException
	at java.util.concurrent.CompletableFuture.timedGet(CompletableFuture.java:1771)
	at java.util.concurrent.CompletableFuture.get(CompletableFuture.java:1915)
	at org.apache.ratis.util.IOUtils.getFromFuture(IOUtils.java:79)
	... 4 more
2019-09-17 12:36:03,927 [597a450e-db00-46ca-b8ea-d9e1f9500f66@group-FAF0B6E2649D-SegmentedRaftLogWorker] WARN  segmented.SegmentedRaftLogWorker (SegmentedRaftLogWorker.java:getFromFuture(90)) - Timeout 10/~
org.apache.ratis.protocol.TimeoutIOException: Timeout 10s: WriteLog:12: (t:1, i:12), STATEMACHINELOGENTRY, client-CDDE5ABED77C, cid=151-writeStateMachineData
	at org.apache.ratis.util.IOUtils.getFromFuture(IOUtils.java:87)
	at org.apache.ratis.server.raftlog.segmented.SegmentedRaftLogWorker$StateMachineDataPolicy.getFromFuture(SegmentedRaftLogWorker.java:87)
	at org.apache.ratis.server.raftlog.segmented.SegmentedRaftLogWorker$WriteLog.execute(SegmentedRaftLogWorker.java:477)
	at org.apache.ratis.server.raftlog.segmented.SegmentedRaftLogWorker.run(SegmentedRaftLogWorker.java:289)
	at java.lang.Thread.run(Thread.java:748)
Caused by: java.util.concurrent.TimeoutException
	at java.util.concurrent.CompletableFuture.timedGet(CompletableFuture.java:1771)
	at java.util.concurrent.CompletableFuture.get(CompletableFuture.java:1915)
	at org.apache.ratis.util.IOUtils.getFromFuture(IOUtils.java:79)
	... 4 more
2019-09-17 12:36:04,430 [java.util.concurrent.ThreadPoolExecutor$Worker@628100a2[State = -1, empty queue]] WARN  server.GrpcLogAppender (GrpcLogAppender.java:timeoutAppendRequest(200)) - 4005f9e4-9000-4048-961f-9439e52a6da7@group-FAF0B6E2649D->597a450e-db00-46ca-b8ea-d9e1f9500f66-GrpcLogAppender: appendEntries Timeout, request=4005f9e4-9000-4048-961f-9439e52a6da7->597a450e-db00-46ca-b8ea-d9e1f9500f66#133-t1, previous=(t:1, i:17), leaderCommit=11, initializing? false, entries: <empty>
2019-09-17 12:36:04,430 [java.util.concurrent.ThreadPoolExecutor$Worker@7394651c[State = -1, empty queue]] WARN  server.GrpcLogAppender (GrpcLogAppender.java:timeoutAppendRequest(200)) - 4005f9e4-9000-4048-961f-9439e52a6da7@group-FAF0B6E2649D->9a3c5405-1b71-41e7-a1e6-d9c2b7bf9721-GrpcLogAppender: appendEntries Timeout, request=4005f9e4-9000-4048-961f-9439e52a6da7->9a3c5405-1b71-41e7-a1e6-d9c2b7bf9721#133-t1, previous=(t:1, i:17), leaderCommit=11, initializing? false, entries: <empty>
2019-09-17 12:36:04,832 [grpc-default-executor-0] INFO  client.GrpcClientProtocolClient (GrpcClientProtocolClient.java:onNext(264)) - client-CDDE5ABED77C->597a450e-db00-46ca-b8ea-d9e1f9500f66: receive RaftClientReply:client-CDDE5ABED77C->597a450e-db00-46ca-b8ea-d9e1f9500f66@group-FAF0B6E2649D, cid=151, FAILED org.apache.ratis.protocol.NotLeaderException: Server 597a450e-db00-46ca-b8ea-d9e1f9500f66@group-FAF0B6E2649D is not the leader 4005f9e4-9000-4048-961f-9439e52a6da7:192.168.5.130:43091, logIndex=0, commits[597a450e-db00-46ca-b8ea-d9e1f9500f66:c11, 9a3c5405-1b71-41e7-a1e6-d9c2b7bf9721:c7, 4005f9e4-9000-4048-961f-9439e52a6da7:c11]
2019-09-17 12:36:06,931 [java.util.concurrent.ThreadPoolExecutor$Worker@628100a2[State = -1, empty queue]] WARN  server.GrpcLogAppender (GrpcLogAppender.java:timeoutAppendRequest(200)) - 4005f9e4-9000-4048-961f-9439e52a6da7@group-FAF0B6E2649D->597a450e-db00-46ca-b8ea-d9e1f9500f66-GrpcLogAppender: appendEntries Timeout, request=4005f9e4-9000-4048-961f-9439e52a6da7->597a450e-db00-46ca-b8ea-d9e1f9500f66#134-t1, previous=(t:1, i:17), leaderCommit=11, initializing? false, entries: <empty>
2019-09-17 12:36:06,931 [java.util.concurrent.ThreadPoolExecutor$Worker@7394651c[State = -1, empty queue]] WARN  server.GrpcLogAppender (GrpcLogAppender.java:timeoutAppendRequest(200)) - 4005f9e4-9000-4048-961f-9439e52a6da7@group-FAF0B6E2649D->9a3c5405-1b71-41e7-a1e6-d9c2b7bf9721-GrpcLogAppender: appendEntries Timeout, request=4005f9e4-9000-4048-961f-9439e52a6da7->9a3c5405-1b71-41e7-a1e6-d9c2b7bf9721#134-t1, previous=(t:1, i:17), leaderCommit=11, initializing? false, entries: <empty>
2019-09-17 12:36:09,431 [java.util.concurrent.ThreadPoolExecutor$Worker@7394651c[State = -1, empty queue]] WARN  server.GrpcLogAppender (GrpcLogAppender.java:timeoutAppendRequest(200)) - 4005f9e4-9000-4048-961f-9439e52a6da7@group-FAF0B6E2649D->9a3c5405-1b71-41e7-a1e6-d9c2b7bf9721-GrpcLogAppender: appendEntries Timeout, request=4005f9e4-9000-4048-961f-9439e52a6da7->9a3c5405-1b71-41e7-a1e6-d9c2b7bf9721#135-t1, previous=(t:1, i:17), leaderCommit=11, initializing? false, entries: <empty>
2019-09-17 12:36:09,431 [java.util.concurrent.ThreadPoolExecutor$Worker@628100a2[State = -1, empty queue]] WARN  server.GrpcLogAppender (GrpcLogAppender.java:timeoutAppendRequest(200)) - 4005f9e4-9000-4048-961f-9439e52a6da7@group-FAF0B6E2649D->597a450e-db00-46ca-b8ea-d9e1f9500f66-GrpcLogAppender: appendEntries Timeout, request=4005f9e4-9000-4048-961f-9439e52a6da7->597a450e-db00-46ca-b8ea-d9e1f9500f66#135-t1, previous=(t:1, i:17), leaderCommit=11, initializing? false, entries: <empty>
2019-09-17 12:36:09,878 [grpc-default-executor-0] INFO  client.GrpcClientProtocolClient (GrpcClientProtocolClient.java:onNext(264)) - client-CDDE5ABED77C->9a3c5405-1b71-41e7-a1e6-d9c2b7bf9721: receive RaftClientReply:client-CDDE5ABED77C->9a3c5405-1b71-41e7-a1e6-d9c2b7bf9721@group-FAF0B6E2649D, cid=151, FAILED org.apache.ratis.protocol.NotLeaderException: Server 9a3c5405-1b71-41e7-a1e6-d9c2b7bf9721@group-FAF0B6E2649D is not the leader 4005f9e4-9000-4048-961f-9439e52a6da7:192.168.5.130:43091, logIndex=0, commits[9a3c5405-1b71-41e7-a1e6-d9c2b7bf9721:c11, 597a450e-db00-46ca-b8ea-d9e1f9500f66:c7, 4005f9e4-9000-4048-961f-9439e52a6da7:c11]
2019-09-17 12:36:11,931 [java.util.concurrent.ThreadPoolExecutor$Worker@628100a2[State = -1, empty queue]] WARN  server.GrpcLogAppender (GrpcLogAppender.java:timeoutAppendRequest(200)) - 4005f9e4-9000-4048-961f-9439e52a6da7@group-FAF0B6E2649D->597a450e-db00-46ca-b8ea-d9e1f9500f66-GrpcLogAppender: appendEntries Timeout, request=4005f9e4-9000-4048-961f-9439e52a6da7->597a450e-db00-46ca-b8ea-d9e1f9500f66#136-t1, previous=(t:1, i:17), leaderCommit=11, initializing? false, entries: <empty>
2019-09-17 12:36:11,931 [java.util.concurrent.ThreadPoolExecutor$Worker@7394651c[State = -1, empty queue]] WARN  server.GrpcLogAppender (GrpcLogAppender.java:timeoutAppendRequest(200)) - 4005f9e4-9000-4048-961f-9439e52a6da7@group-FAF0B6E2649D->9a3c5405-1b71-41e7-a1e6-d9c2b7bf9721-GrpcLogAppender: appendEntries Timeout, request=4005f9e4-9000-4048-961f-9439e52a6da7->9a3c5405-1b71-41e7-a1e6-d9c2b7bf9721#136-t1, previous=(t:1, i:17), leaderCommit=11, initializing? false, entries: <empty>
2019-09-17 12:36:13,910 [4005f9e4-9000-4048-961f-9439e52a6da7@group-FAF0B6E2649D-SegmentedRaftLogWorker] WARN  segmented.SegmentedRaftLogWorker (SegmentedRaftLogWorker.java:getFromFuture(90)) - Timeout 11/~
org.apache.ratis.protocol.TimeoutIOException: Timeout 10s: WriteLog:12: (t:1, i:12), STATEMACHINELOGENTRY, client-CDDE5ABED77C, cid=151-writeStateMachineData
	at org.apache.ratis.util.IOUtils.getFromFuture(IOUtils.java:87)
	at org.apache.ratis.server.raftlog.segmented.SegmentedRaftLogWorker$StateMachineDataPolicy.getFromFuture(SegmentedRaftLogWorker.java:87)
	at org.apache.ratis.server.raftlog.segmented.SegmentedRaftLogWorker$WriteLog.execute(SegmentedRaftLogWorker.java:477)
	at org.apache.ratis.server.raftlog.segmented.SegmentedRaftLogWorker.run(SegmentedRaftLogWorker.java:289)
	at java.lang.Thread.run(Thread.java:748)
Caused by: java.util.concurrent.TimeoutException
	at java.util.concurrent.CompletableFuture.timedGet(CompletableFuture.java:1771)
	at java.util.concurrent.CompletableFuture.get(CompletableFuture.java:1915)
	at org.apache.ratis.util.IOUtils.getFromFuture(IOUtils.java:79)
	... 4 more
2019-09-17 12:36:13,928 [9a3c5405-1b71-41e7-a1e6-d9c2b7bf9721@group-FAF0B6E2649D-SegmentedRaftLogWorker] WARN  segmented.SegmentedRaftLogWorker (SegmentedRaftLogWorker.java:getFromFuture(90)) - Timeout 11/~
org.apache.ratis.protocol.TimeoutIOException: Timeout 10s: WriteLog:12: (t:1, i:12), STATEMACHINELOGENTRY, client-CDDE5ABED77C, cid=151-writeStateMachineData
	at org.apache.ratis.util.IOUtils.getFromFuture(IOUtils.java:87)
	at org.apache.ratis.server.raftlog.segmented.SegmentedRaftLogWorker$StateMachineDataPolicy.getFromFuture(SegmentedRaftLogWorker.java:87)
	at org.apache.ratis.server.raftlog.segmented.SegmentedRaftLogWorker$WriteLog.execute(SegmentedRaftLogWorker.java:477)
	at org.apache.ratis.server.raftlog.segmented.SegmentedRaftLogWorker.run(SegmentedRaftLogWorker.java:289)
	at java.lang.Thread.run(Thread.java:748)
Caused by: java.util.concurrent.TimeoutException
	at java.util.concurrent.CompletableFuture.timedGet(CompletableFuture.java:1771)
	at java.util.concurrent.CompletableFuture.get(CompletableFuture.java:1915)
	at org.apache.ratis.util.IOUtils.getFromFuture(IOUtils.java:79)
	... 4 more
2019-09-17 12:36:13,928 [597a450e-db00-46ca-b8ea-d9e1f9500f66@group-FAF0B6E2649D-SegmentedRaftLogWorker] WARN  segmented.SegmentedRaftLogWorker (SegmentedRaftLogWorker.java:getFromFuture(90)) - Timeout 11/~
org.apache.ratis.protocol.TimeoutIOException: Timeout 10s: WriteLog:12: (t:1, i:12), STATEMACHINELOGENTRY, client-CDDE5ABED77C, cid=151-writeStateMachineData
	at org.apache.ratis.util.IOUtils.getFromFuture(IOUtils.java:87)
	at org.apache.ratis.server.raftlog.segmented.SegmentedRaftLogWorker$StateMachineDataPolicy.getFromFuture(SegmentedRaftLogWorker.java:87)
	at org.apache.ratis.server.raftlog.segmented.SegmentedRaftLogWorker$WriteLog.execute(SegmentedRaftLogWorker.java:477)
	at org.apache.ratis.server.raftlog.segmented.SegmentedRaftLogWorker.run(SegmentedRaftLogWorker.java:289)
	at java.lang.Thread.run(Thread.java:748)
Caused by: java.util.concurrent.TimeoutException
	at java.util.concurrent.CompletableFuture.timedGet(CompletableFuture.java:1771)
	at java.util.concurrent.CompletableFuture.get(CompletableFuture.java:1915)
	at org.apache.ratis.util.IOUtils.getFromFuture(IOUtils.java:79)
	... 4 more
2019-09-17 12:36:13,932 [org.apache.ratis.server.impl.LogAppender$AppenderDaemon$$Lambda$490/985692452@790f8f58] ERROR ratis.XceiverServerRatis (XceiverServerRatis.java:triggerPipelineClose(575)) - pipeline Action CLOSE  on pipeline PipelineID=449ce985-78e6-4066-ad5b-faf0b6e2649d.Reason : 4005f9e4-9000-4048-961f-9439e52a6da7 has not seen follower/s 597a450e-db00-46ca-b8ea-d9e1f9500f66 for 120691ms 9a3c5405-1b71-41e7-a1e6-d9c2b7bf9721 for 120691ms
2019-09-17 12:36:13,932 [org.apache.ratis.server.impl.LogAppender$AppenderDaemon$$Lambda$490/985692452@68dc2c2b] ERROR ratis.XceiverServerRatis (XceiverServerRatis.java:triggerPipelineClose(575)) - pipeline Action CLOSE  on pipeline PipelineID=449ce985-78e6-4066-ad5b-faf0b6e2649d.Reason : 4005f9e4-9000-4048-961f-9439e52a6da7 has not seen follower/s 597a450e-db00-46ca-b8ea-d9e1f9500f66 for 120692ms 9a3c5405-1b71-41e7-a1e6-d9c2b7bf9721 for 120691ms
2019-09-17 12:36:14,046 [EventQueue-PipelineActionsForPipelineActionHandler] ERROR pipeline.PipelineActionHandler (PipelineActionHandler.java:onMessage(60)) - Received pipeline action CLOSE for Pipeline[ Id: 449ce985-78e6-4066-ad5b-faf0b6e2649d, Nodes: 4005f9e4-9000-4048-961f-9439e52a6da7{ip: 192.168.5.130, host: pr-hdds-2136-chhj8-2666454444, networkLocation: /default-rack, certSerialId: null}597a450e-db00-46ca-b8ea-d9e1f9500f66{ip: 192.168.5.130, host: pr-hdds-2136-chhj8-2666454444, networkLocation: /default-rack, certSerialId: null}9a3c5405-1b71-41e7-a1e6-d9c2b7bf9721{ip: 192.168.5.130, host: pr-hdds-2136-chhj8-2666454444, networkLocation: /default-rack, certSerialId: null}, Type:RATIS, Factor:THREE, State:OPEN] from datanode 4005f9e4-9000-4048-961f-9439e52a6da7{ip: 192.168.5.130, host: pr-hdds-2136-chhj8-2666454444, networkLocation: /default-rack, certSerialId: null}. Reason : 4005f9e4-9000-4048-961f-9439e52a6da7 has not seen follower/s 597a450e-db00-46ca-b8ea-d9e1f9500f66 for 120691ms 9a3c5405-1b71-41e7-a1e6-d9c2b7bf9721 for 120691ms
2019-09-17 12:36:14,047 [EventQueue-PipelineActionsForPipelineActionHandler] INFO  pipeline.SCMPipelineManager (SCMPipelineManager.java:finalizeAndDestroyPipeline(311)) - destroying pipeline:Pipeline[ Id: 449ce985-78e6-4066-ad5b-faf0b6e2649d, Nodes: 4005f9e4-9000-4048-961f-9439e52a6da7{ip: 192.168.5.130, host: pr-hdds-2136-chhj8-2666454444, networkLocation: /default-rack, certSerialId: null}597a450e-db00-46ca-b8ea-d9e1f9500f66{ip: 192.168.5.130, host: pr-hdds-2136-chhj8-2666454444, networkLocation: /default-rack, certSerialId: null}9a3c5405-1b71-41e7-a1e6-d9c2b7bf9721{ip: 192.168.5.130, host: pr-hdds-2136-chhj8-2666454444, networkLocation: /default-rack, certSerialId: null}, Type:RATIS, Factor:THREE, State:OPEN]
2019-09-17 12:36:14,047 [EventQueue-PipelineActionsForPipelineActionHandler] INFO  pipeline.PipelineStateManager (PipelineStateManager.java:finalizePipeline(123)) - Pipeline Pipeline[ Id: 449ce985-78e6-4066-ad5b-faf0b6e2649d, Nodes: 4005f9e4-9000-4048-961f-9439e52a6da7{ip: 192.168.5.130, host: pr-hdds-2136-chhj8-2666454444, networkLocation: /default-rack, certSerialId: null}597a450e-db00-46ca-b8ea-d9e1f9500f66{ip: 192.168.5.130, host: pr-hdds-2136-chhj8-2666454444, networkLocation: /default-rack, certSerialId: null}9a3c5405-1b71-41e7-a1e6-d9c2b7bf9721{ip: 192.168.5.130, host: pr-hdds-2136-chhj8-2666454444, networkLocation: /default-rack, certSerialId: null}, Type:RATIS, Factor:THREE, State:CLOSED] moved to CLOSED state
2019-09-17 12:36:14,047 [EventQueue-CloseContainerForCloseContainerEventHandler] INFO  container.CloseContainerEventHandler (CloseContainerEventHandler.java:onMessage(61)) - Close container Event triggered for container : #6
2019-09-17 12:36:14,048 [EventQueue-CloseContainerForCloseContainerEventHandler] INFO  container.CloseContainerEventHandler (CloseContainerEventHandler.java:onMessage(61)) - Close container Event triggered for container : #8
2019-09-17 12:36:14,431 [java.util.concurrent.ThreadPoolExecutor$Worker@7394651c[State = -1, empty queue]] WARN  server.GrpcLogAppender (GrpcLogAppender.java:timeoutAppendRequest(200)) - 4005f9e4-9000-4048-961f-9439e52a6da7@group-FAF0B6E2649D->9a3c5405-1b71-41e7-a1e6-d9c2b7bf9721-GrpcLogAppender: appendEntries Timeout, request=4005f9e4-9000-4048-961f-9439e52a6da7->9a3c5405-1b71-41e7-a1e6-d9c2b7bf9721#137-t1, previous=(t:1, i:17), leaderCommit=11, initializing? false, entries: <empty>
2019-09-17 12:36:14,431 [java.util.concurrent.ThreadPoolExecutor$Worker@628100a2[State = -1, empty queue]] WARN  server.GrpcLogAppender (GrpcLogAppender.java:timeoutAppendRequest(200)) - 4005f9e4-9000-4048-961f-9439e52a6da7@group-FAF0B6E2649D->597a450e-db00-46ca-b8ea-d9e1f9500f66-GrpcLogAppender: appendEntries Timeout, request=4005f9e4-9000-4048-961f-9439e52a6da7->597a450e-db00-46ca-b8ea-d9e1f9500f66#137-t1, previous=(t:1, i:17), leaderCommit=11, initializing? false, entries: <empty>
2019-09-17 12:36:14,912 [grpc-default-executor-0] INFO  client.GrpcClientProtocolClient (GrpcClientProtocolClient.java:onNext(264)) - client-CDDE5ABED77C->597a450e-db00-46ca-b8ea-d9e1f9500f66: receive RaftClientReply:client-CDDE5ABED77C->597a450e-db00-46ca-b8ea-d9e1f9500f66@group-FAF0B6E2649D, cid=151, FAILED org.apache.ratis.protocol.NotLeaderException: Server 597a450e-db00-46ca-b8ea-d9e1f9500f66@group-FAF0B6E2649D is not the leader 4005f9e4-9000-4048-961f-9439e52a6da7:192.168.5.130:43091, logIndex=0, commits[597a450e-db00-46ca-b8ea-d9e1f9500f66:c11, 9a3c5405-1b71-41e7-a1e6-d9c2b7bf9721:c7, 4005f9e4-9000-4048-961f-9439e52a6da7:c11]
2019-09-17 12:36:16,433 [org.apache.ratis.server.impl.LogAppender$AppenderDaemon$$Lambda$490/985692452@68dc2c2b] ERROR ratis.XceiverServerRatis (XceiverServerRatis.java:triggerPipelineClose(575)) - pipeline Action CLOSE  on pipeline PipelineID=449ce985-78e6-4066-ad5b-faf0b6e2649d.Reason : 4005f9e4-9000-4048-961f-9439e52a6da7 has not seen follower/s 597a450e-db00-46ca-b8ea-d9e1f9500f66 for 123192ms 9a3c5405-1b71-41e7-a1e6-d9c2b7bf9721 for 123192ms
2019-09-17 12:36:16,433 [org.apache.ratis.server.impl.LogAppender$AppenderDaemon$$Lambda$490/985692452@790f8f58] ERROR ratis.XceiverServerRatis (XceiverServerRatis.java:triggerPipelineClose(575)) - pipeline Action CLOSE  on pipeline PipelineID=449ce985-78e6-4066-ad5b-faf0b6e2649d.Reason : 4005f9e4-9000-4048-961f-9439e52a6da7 has not seen follower/s 597a450e-db00-46ca-b8ea-d9e1f9500f66 for 123192ms 9a3c5405-1b71-41e7-a1e6-d9c2b7bf9721 for 123192ms
2019-09-17 12:36:16,932 [java.util.concurrent.ThreadPoolExecutor$Worker@7394651c[State = -1, empty queue]] WARN  server.GrpcLogAppender (GrpcLogAppender.java:timeoutAppendRequest(200)) - 4005f9e4-9000-4048-961f-9439e52a6da7@group-FAF0B6E2649D->9a3c5405-1b71-41e7-a1e6-d9c2b7bf9721-GrpcLogAppender: appendEntries Timeout, request=4005f9e4-9000-4048-961f-9439e52a6da7->9a3c5405-1b71-41e7-a1e6-d9c2b7bf9721#138-t1, previous=(t:1, i:17), leaderCommit=11, initializing? false, entries: <empty>
2019-09-17 12:36:16,932 [java.util.concurrent.ThreadPoolExecutor$Worker@628100a2[State = -1, empty queue]] WARN  server.GrpcLogAppender (GrpcLogAppender.java:timeoutAppendRequest(200)) - 4005f9e4-9000-4048-961f-9439e52a6da7@group-FAF0B6E2649D->597a450e-db00-46ca-b8ea-d9e1f9500f66-GrpcLogAppender: appendEntries Timeout, request=4005f9e4-9000-4048-961f-9439e52a6da7->597a450e-db00-46ca-b8ea-d9e1f9500f66#138-t1, previous=(t:1, i:17), leaderCommit=11, initializing? false, entries: <empty>
2019-09-17 12:36:17,046 [EventQueue-PipelineActionsForPipelineActionHandler] ERROR pipeline.PipelineActionHandler (PipelineActionHandler.java:onMessage(60)) - Received pipeline action CLOSE for Pipeline[ Id: 449ce985-78e6-4066-ad5b-faf0b6e2649d, Nodes: 4005f9e4-9000-4048-961f-9439e52a6da7{ip: 192.168.5.130, host: pr-hdds-2136-chhj8-2666454444, networkLocation: /default-rack, certSerialId: null}597a450e-db00-46ca-b8ea-d9e1f9500f66{ip: 192.168.5.130, host: pr-hdds-2136-chhj8-2666454444, networkLocation: /default-rack, certSerialId: null}9a3c5405-1b71-41e7-a1e6-d9c2b7bf9721{ip: 192.168.5.130, host: pr-hdds-2136-chhj8-2666454444, networkLocation: /default-rack, certSerialId: null}, Type:RATIS, Factor:THREE, State:CLOSED] from datanode 4005f9e4-9000-4048-961f-9439e52a6da7{ip: 192.168.5.130, host: pr-hdds-2136-chhj8-2666454444, networkLocation: /default-rack, certSerialId: null}. Reason : 4005f9e4-9000-4048-961f-9439e52a6da7 has not seen follower/s 597a450e-db00-46ca-b8ea-d9e1f9500f66 for 123192ms 9a3c5405-1b71-41e7-a1e6-d9c2b7bf9721 for 123192ms
2019-09-17 12:36:17,046 [EventQueue-PipelineActionsForPipelineActionHandler] INFO  pipeline.SCMPipelineManager (SCMPipelineManager.java:finalizeAndDestroyPipeline(311)) - destroying pipeline:Pipeline[ Id: 449ce985-78e6-4066-ad5b-faf0b6e2649d, Nodes: 4005f9e4-9000-4048-961f-9439e52a6da7{ip: 192.168.5.130, host: pr-hdds-2136-chhj8-2666454444, networkLocation: /default-rack, certSerialId: null}597a450e-db00-46ca-b8ea-d9e1f9500f66{ip: 192.168.5.130, host: pr-hdds-2136-chhj8-2666454444, networkLocation: /default-rack, certSerialId: null}9a3c5405-1b71-41e7-a1e6-d9c2b7bf9721{ip: 192.168.5.130, host: pr-hdds-2136-chhj8-2666454444, networkLocation: /default-rack, certSerialId: null}, Type:RATIS, Factor:THREE, State:CLOSED]
2019-09-17 12:36:17,077 [org.apache.ratis.server.impl.LogAppender$AppenderDaemon$$Lambda$490/985692452@68dc2c2b] ERROR ratis.XceiverServerRatis (XceiverServerRatis.java:triggerPipelineClose(575)) - pipeline Action CLOSE  on pipeline PipelineID=449ce985-78e6-4066-ad5b-faf0b6e2649d.Reason : 4005f9e4-9000-4048-961f-9439e52a6da7 has not seen follower/s 597a450e-db00-46ca-b8ea-d9e1f9500f66 for 123837ms 9a3c5405-1b71-41e7-a1e6-d9c2b7bf9721 for 123836ms
2019-09-17 12:36:17,077 [org.apache.ratis.server.impl.LogAppender$AppenderDaemon$$Lambda$490/985692452@790f8f58] ERROR ratis.XceiverServerRatis (XceiverServerRatis.java:triggerPipelineClose(575)) - pipeline Action CLOSE  on pipeline PipelineID=449ce985-78e6-4066-ad5b-faf0b6e2649d.Reason : 4005f9e4-9000-4048-961f-9439e52a6da7 has not seen follower/s 597a450e-db00-46ca-b8ea-d9e1f9500f66 for 123837ms 9a3c5405-1b71-41e7-a1e6-d9c2b7bf9721 for 123836ms
2019-09-17 12:36:18,076 [EventQueue-PipelineActionsForPipelineActionHandler] ERROR pipeline.PipelineActionHandler (PipelineActionHandler.java:onMessage(60)) - Received pipeline action CLOSE for Pipeline[ Id: 449ce985-78e6-4066-ad5b-faf0b6e2649d, Nodes: 4005f9e4-9000-4048-961f-9439e52a6da7{ip: 192.168.5.130, host: pr-hdds-2136-chhj8-2666454444, networkLocation: /default-rack, certSerialId: null}597a450e-db00-46ca-b8ea-d9e1f9500f66{ip: 192.168.5.130, host: pr-hdds-2136-chhj8-2666454444, networkLocation: /default-rack, certSerialId: null}9a3c5405-1b71-41e7-a1e6-d9c2b7bf9721{ip: 192.168.5.130, host: pr-hdds-2136-chhj8-2666454444, networkLocation: /default-rack, certSerialId: null}, Type:RATIS, Factor:THREE, State:CLOSED] from datanode 4005f9e4-9000-4048-961f-9439e52a6da7{ip: 192.168.5.130, host: pr-hdds-2136-chhj8-2666454444, networkLocation: /default-rack, certSerialId: null}. Reason : 4005f9e4-9000-4048-961f-9439e52a6da7 has not seen follower/s 597a450e-db00-46ca-b8ea-d9e1f9500f66 for 123837ms 9a3c5405-1b71-41e7-a1e6-d9c2b7bf9721 for 123836ms
2019-09-17 12:36:18,077 [EventQueue-PipelineActionsForPipelineActionHandler] INFO  pipeline.SCMPipelineManager (SCMPipelineManager.java:finalizeAndDestroyPipeline(311)) - destroying pipeline:Pipeline[ Id: 449ce985-78e6-4066-ad5b-faf0b6e2649d, Nodes: 4005f9e4-9000-4048-961f-9439e52a6da7{ip: 192.168.5.130, host: pr-hdds-2136-chhj8-2666454444, networkLocation: /default-rack, certSerialId: null}597a450e-db00-46ca-b8ea-d9e1f9500f66{ip: 192.168.5.130, host: pr-hdds-2136-chhj8-2666454444, networkLocation: /default-rack, certSerialId: null}9a3c5405-1b71-41e7-a1e6-d9c2b7bf9721{ip: 192.168.5.130, host: pr-hdds-2136-chhj8-2666454444, networkLocation: /default-rack, certSerialId: null}, Type:RATIS, Factor:THREE, State:CLOSED]
2019-09-17 12:36:19,433 [java.util.concurrent.ThreadPoolExecutor$Worker@7394651c[State = -1, empty queue]] WARN  server.GrpcLogAppender (GrpcLogAppender.java:timeoutAppendRequest(200)) - 4005f9e4-9000-4048-961f-9439e52a6da7@group-FAF0B6E2649D->9a3c5405-1b71-41e7-a1e6-d9c2b7bf9721-GrpcLogAppender: appendEntries Timeout, request=4005f9e4-9000-4048-961f-9439e52a6da7->9a3c5405-1b71-41e7-a1e6-d9c2b7bf9721#139-t1, previous=(t:1, i:17), leaderCommit=11, initializing? false, entries: <empty>
2019-09-17 12:36:19,433 [java.util.concurrent.ThreadPoolExecutor$Worker@628100a2[State = -1, empty queue]] WARN  server.GrpcLogAppender (GrpcLogAppender.java:timeoutAppendRequest(200)) - 4005f9e4-9000-4048-961f-9439e52a6da7@group-FAF0B6E2649D->597a450e-db00-46ca-b8ea-d9e1f9500f66-GrpcLogAppender: appendEntries Timeout, request=4005f9e4-9000-4048-961f-9439e52a6da7->597a450e-db00-46ca-b8ea-d9e1f9500f66#139-t1, previous=(t:1, i:17), leaderCommit=11, initializing? false, entries: <empty>
2019-09-17 12:36:19,578 [org.apache.ratis.server.impl.LogAppender$AppenderDaemon$$Lambda$490/985692452@68dc2c2b] ERROR ratis.XceiverServerRatis (XceiverServerRatis.java:triggerPipelineClose(575)) - pipeline Action CLOSE  on pipeline PipelineID=449ce985-78e6-4066-ad5b-faf0b6e2649d.Reason : 4005f9e4-9000-4048-961f-9439e52a6da7 has not seen follower/s 597a450e-db00-46ca-b8ea-d9e1f9500f66 for 126338ms 9a3c5405-1b71-41e7-a1e6-d9c2b7bf9721 for 126337ms
2019-09-17 12:36:19,578 [org.apache.ratis.server.impl.LogAppender$AppenderDaemon$$Lambda$490/985692452@790f8f58] ERROR ratis.XceiverServerRatis (XceiverServerRatis.java:triggerPipelineClose(575)) - pipeline Action CLOSE  on pipeline PipelineID=449ce985-78e6-4066-ad5b-faf0b6e2649d.Reason : 4005f9e4-9000-4048-961f-9439e52a6da7 has not seen follower/s 597a450e-db00-46ca-b8ea-d9e1f9500f66 for 126338ms 9a3c5405-1b71-41e7-a1e6-d9c2b7bf9721 for 126337ms
2019-09-17 12:36:19,957 [grpc-default-executor-0] INFO  client.GrpcClientProtocolClient (GrpcClientProtocolClient.java:onNext(264)) - client-CDDE5ABED77C->597a450e-db00-46ca-b8ea-d9e1f9500f66: receive RaftClientReply:client-CDDE5ABED77C->597a450e-db00-46ca-b8ea-d9e1f9500f66@group-FAF0B6E2649D, cid=151, FAILED org.apache.ratis.protocol.NotLeaderException: Server 597a450e-db00-46ca-b8ea-d9e1f9500f66@group-FAF0B6E2649D is not the leader 4005f9e4-9000-4048-961f-9439e52a6da7:192.168.5.130:43091, logIndex=0, commits[597a450e-db00-46ca-b8ea-d9e1f9500f66:c11, 9a3c5405-1b71-41e7-a1e6-d9c2b7bf9721:c7, 4005f9e4-9000-4048-961f-9439e52a6da7:c11]
2019-09-17 12:36:20,076 [EventQueue-PipelineActionsForPipelineActionHandler] ERROR pipeline.PipelineActionHandler (PipelineActionHandler.java:onMessage(60)) - Received pipeline action CLOSE for Pipeline[ Id: 449ce985-78e6-4066-ad5b-faf0b6e2649d, Nodes: 4005f9e4-9000-4048-961f-9439e52a6da7{ip: 192.168.5.130, host: pr-hdds-2136-chhj8-2666454444, networkLocation: /default-rack, certSerialId: null}597a450e-db00-46ca-b8ea-d9e1f9500f66{ip: 192.168.5.130, host: pr-hdds-2136-chhj8-2666454444, networkLocation: /default-rack, certSerialId: null}9a3c5405-1b71-41e7-a1e6-d9c2b7bf9721{ip: 192.168.5.130, host: pr-hdds-2136-chhj8-2666454444, networkLocation: /default-rack, certSerialId: null}, Type:RATIS, Factor:THREE, State:CLOSED] from datanode 4005f9e4-9000-4048-961f-9439e52a6da7{ip: 192.168.5.130, host: pr-hdds-2136-chhj8-2666454444, networkLocation: /default-rack, certSerialId: null}. Reason : 4005f9e4-9000-4048-961f-9439e52a6da7 has not seen follower/s 597a450e-db00-46ca-b8ea-d9e1f9500f66 for 126338ms 9a3c5405-1b71-41e7-a1e6-d9c2b7bf9721 for 126337ms
2019-09-17 12:36:20,077 [EventQueue-PipelineActionsForPipelineActionHandler] INFO  pipeline.SCMPipelineManager (SCMPipelineManager.java:finalizeAndDestroyPipeline(311)) - destroying pipeline:Pipeline[ Id: 449ce985-78e6-4066-ad5b-faf0b6e2649d, Nodes: 4005f9e4-9000-4048-961f-9439e52a6da7{ip: 192.168.5.130, host: pr-hdds-2136-chhj8-2666454444, networkLocation: /default-rack, certSerialId: null}597a450e-db00-46ca-b8ea-d9e1f9500f66{ip: 192.168.5.130, host: pr-hdds-2136-chhj8-2666454444, networkLocation: /default-rack, certSerialId: null}9a3c5405-1b71-41e7-a1e6-d9c2b7bf9721{ip: 192.168.5.130, host: pr-hdds-2136-chhj8-2666454444, networkLocation: /default-rack, certSerialId: null}, Type:RATIS, Factor:THREE, State:CLOSED]
2019-09-17 12:36:20,077 [java.util.concurrent.ThreadPoolExecutor$Worker@628100a2[State = -1, empty queue]] WARN  server.GrpcLogAppender (GrpcLogAppender.java:timeoutAppendRequest(200)) - 4005f9e4-9000-4048-961f-9439e52a6da7@group-FAF0B6E2649D->597a450e-db00-46ca-b8ea-d9e1f9500f66-GrpcLogAppender: appendEntries Timeout, request=4005f9e4-9000-4048-961f-9439e52a6da7->597a450e-db00-46ca-b8ea-d9e1f9500f66#140-t1, previous=(t:1, i:17), leaderCommit=11, initializing? false, entries: size=1, first=(t:1, i:18), STATEMACHINELOGENTRY, client-7CB859E4CDA3, cid=16
2019-09-17 12:36:20,077 [java.util.concurrent.ThreadPoolExecutor$Worker@7394651c[State = -1, empty queue]] WARN  server.GrpcLogAppender (GrpcLogAppender.java:timeoutAppendRequest(200)) - 4005f9e4-9000-4048-961f-9439e52a6da7@group-FAF0B6E2649D->9a3c5405-1b71-41e7-a1e6-d9c2b7bf9721-GrpcLogAppender: appendEntries Timeout, request=4005f9e4-9000-4048-961f-9439e52a6da7->9a3c5405-1b71-41e7-a1e6-d9c2b7bf9721#140-t1, previous=(t:1, i:17), leaderCommit=11, initializing? false, entries: size=1, first=(t:1, i:18), STATEMACHINELOGENTRY, client-7CB859E4CDA3, cid=16
2019-09-17 12:36:22,078 [org.apache.ratis.server.impl.LogAppender$AppenderDaemon$$Lambda$490/985692452@68dc2c2b] ERROR ratis.XceiverServerRatis (XceiverServerRatis.java:triggerPipelineClose(575)) - pipeline Action CLOSE  on pipeline PipelineID=449ce985-78e6-4066-ad5b-faf0b6e2649d.Reason : 4005f9e4-9000-4048-961f-9439e52a6da7 has not seen follower/s 597a450e-db00-46ca-b8ea-d9e1f9500f66 for 128838ms 9a3c5405-1b71-41e7-a1e6-d9c2b7bf9721 for 128837ms
2019-09-17 12:36:22,078 [org.apache.ratis.server.impl.LogAppender$AppenderDaemon$$Lambda$490/985692452@790f8f58] ERROR ratis.XceiverServerRatis (XceiverServerRatis.java:triggerPipelineClose(575)) - pipeline Action CLOSE  on pipeline PipelineID=449ce985-78e6-4066-ad5b-faf0b6e2649d.Reason : 4005f9e4-9000-4048-961f-9439e52a6da7 has not seen follower/s 597a450e-db00-46ca-b8ea-d9e1f9500f66 for 128838ms 9a3c5405-1b71-41e7-a1e6-d9c2b7bf9721 for 128838ms
2019-09-17 12:36:22,578 [java.util.concurrent.ThreadPoolExecutor$Worker@628100a2[State = -1, empty queue]] WARN  server.GrpcLogAppender (GrpcLogAppender.java:timeoutAppendRequest(200)) - 4005f9e4-9000-4048-961f-9439e52a6da7@group-FAF0B6E2649D->597a450e-db00-46ca-b8ea-d9e1f9500f66-GrpcLogAppender: appendEntries Timeout, request=4005f9e4-9000-4048-961f-9439e52a6da7->597a450e-db00-46ca-b8ea-d9e1f9500f66#141-t1, previous=(t:1, i:18), leaderCommit=11, initializing? false, entries: <empty>
2019-09-17 12:36:22,578 [java.util.concurrent.ThreadPoolExecutor$Worker@7394651c[State = -1, empty queue]] WARN  server.GrpcLogAppender (GrpcLogAppender.java:timeoutAppendRequest(200)) - 4005f9e4-9000-4048-961f-9439e52a6da7@group-FAF0B6E2649D->9a3c5405-1b71-41e7-a1e6-d9c2b7bf9721-GrpcLogAppender: appendEntries Timeout, request=4005f9e4-9000-4048-961f-9439e52a6da7->9a3c5405-1b71-41e7-a1e6-d9c2b7bf9721#141-t1, previous=(t:1, i:18), leaderCommit=11, initializing? false, entries: <empty>
2019-09-17 12:36:23,076 [EventQueue-PipelineActionsForPipelineActionHandler] ERROR pipeline.PipelineActionHandler (PipelineActionHandler.java:onMessage(60)) - Received pipeline action CLOSE for Pipeline[ Id: 449ce985-78e6-4066-ad5b-faf0b6e2649d, Nodes: 4005f9e4-9000-4048-961f-9439e52a6da7{ip: 192.168.5.130, host: pr-hdds-2136-chhj8-2666454444, networkLocation: /default-rack, certSerialId: null}597a450e-db00-46ca-b8ea-d9e1f9500f66{ip: 192.168.5.130, host: pr-hdds-2136-chhj8-2666454444, networkLocation: /default-rack, certSerialId: null}9a3c5405-1b71-41e7-a1e6-d9c2b7bf9721{ip: 192.168.5.130, host: pr-hdds-2136-chhj8-2666454444, networkLocation: /default-rack, certSerialId: null}, Type:RATIS, Factor:THREE, State:CLOSED] from datanode 4005f9e4-9000-4048-961f-9439e52a6da7{ip: 192.168.5.130, host: pr-hdds-2136-chhj8-2666454444, networkLocation: /default-rack, certSerialId: null}. Reason : 4005f9e4-9000-4048-961f-9439e52a6da7 has not seen follower/s 597a450e-db00-46ca-b8ea-d9e1f9500f66 for 128838ms 9a3c5405-1b71-41e7-a1e6-d9c2b7bf9721 for 128837ms
2019-09-17 12:36:23,076 [EventQueue-PipelineActionsForPipelineActionHandler] INFO  pipeline.SCMPipelineManager (SCMPipelineManager.java:finalizeAndDestroyPipeline(311)) - destroying pipeline:Pipeline[ Id: 449ce985-78e6-4066-ad5b-faf0b6e2649d, Nodes: 4005f9e4-9000-4048-961f-9439e52a6da7{ip: 192.168.5.130, host: pr-hdds-2136-chhj8-2666454444, networkLocation: /default-rack, certSerialId: null}597a450e-db00-46ca-b8ea-d9e1f9500f66{ip: 192.168.5.130, host: pr-hdds-2136-chhj8-2666454444, networkLocation: /default-rack, certSerialId: null}9a3c5405-1b71-41e7-a1e6-d9c2b7bf9721{ip: 192.168.5.130, host: pr-hdds-2136-chhj8-2666454444, networkLocation: /default-rack, certSerialId: null}, Type:RATIS, Factor:THREE, State:CLOSED]
2019-09-17 12:36:23,911 [4005f9e4-9000-4048-961f-9439e52a6da7@group-FAF0B6E2649D-SegmentedRaftLogWorker] WARN  segmented.SegmentedRaftLogWorker (SegmentedRaftLogWorker.java:getFromFuture(90)) - Timeout 12/~
org.apache.ratis.protocol.TimeoutIOException: Timeout 10s: WriteLog:12: (t:1, i:12), STATEMACHINELOGENTRY, client-CDDE5ABED77C, cid=151-writeStateMachineData
	at org.apache.ratis.util.IOUtils.getFromFuture(IOUtils.java:87)
	at org.apache.ratis.server.raftlog.segmented.SegmentedRaftLogWorker$StateMachineDataPolicy.getFromFuture(SegmentedRaftLogWorker.java:87)
	at org.apache.ratis.server.raftlog.segmented.SegmentedRaftLogWorker$WriteLog.execute(SegmentedRaftLogWorker.java:477)
	at org.apache.ratis.server.raftlog.segmented.SegmentedRaftLogWorker.run(SegmentedRaftLogWorker.java:289)
	at java.lang.Thread.run(Thread.java:748)
Caused by: java.util.concurrent.TimeoutException
	at java.util.concurrent.CompletableFuture.timedGet(CompletableFuture.java:1771)
	at java.util.concurrent.CompletableFuture.get(CompletableFuture.java:1915)
	at org.apache.ratis.util.IOUtils.getFromFuture(IOUtils.java:79)
	... 4 more
2019-09-17 12:36:23,928 [9a3c5405-1b71-41e7-a1e6-d9c2b7bf9721@group-FAF0B6E2649D-SegmentedRaftLogWorker] WARN  segmented.SegmentedRaftLogWorker (SegmentedRaftLogWorker.java:getFromFuture(90)) - Timeout 12/~
org.apache.ratis.protocol.TimeoutIOException: Timeout 10s: WriteLog:12: (t:1, i:12), STATEMACHINELOGENTRY, client-CDDE5ABED77C, cid=151-writeStateMachineData
	at org.apache.ratis.util.IOUtils.getFromFuture(IOUtils.java:87)
	at org.apache.ratis.server.raftlog.segmented.SegmentedRaftLogWorker$StateMachineDataPolicy.getFromFuture(SegmentedRaftLogWorker.java:87)
	at org.apache.ratis.server.raftlog.segmented.SegmentedRaftLogWorker$WriteLog.execute(SegmentedRaftLogWorker.java:477)
	at org.apache.ratis.server.raftlog.segmented.SegmentedRaftLogWorker.run(SegmentedRaftLogWorker.java:289)
	at java.lang.Thread.run(Thread.java:748)
Caused by: java.util.concurrent.TimeoutException
	at java.util.concurrent.CompletableFuture.timedGet(CompletableFuture.java:1771)
	at java.util.concurrent.CompletableFuture.get(CompletableFuture.java:1915)
	at org.apache.ratis.util.IOUtils.getFromFuture(IOUtils.java:79)
	... 4 more
2019-09-17 12:36:23,929 [597a450e-db00-46ca-b8ea-d9e1f9500f66@group-FAF0B6E2649D-SegmentedRaftLogWorker] WARN  segmented.SegmentedRaftLogWorker (SegmentedRaftLogWorker.java:getFromFuture(90)) - Timeout 12/~
org.apache.ratis.protocol.TimeoutIOException: Timeout 10s: WriteLog:12: (t:1, i:12), STATEMACHINELOGENTRY, client-CDDE5ABED77C, cid=151-writeStateMachineData
	at org.apache.ratis.util.IOUtils.getFromFuture(IOUtils.java:87)
	at org.apache.ratis.server.raftlog.segmented.SegmentedRaftLogWorker$StateMachineDataPolicy.getFromFuture(SegmentedRaftLogWorker.java:87)
	at org.apache.ratis.server.raftlog.segmented.SegmentedRaftLogWorker$WriteLog.execute(SegmentedRaftLogWorker.java:477)
	at org.apache.ratis.server.raftlog.segmented.SegmentedRaftLogWorker.run(SegmentedRaftLogWorker.java:289)
	at java.lang.Thread.run(Thread.java:748)
Caused by: java.util.concurrent.TimeoutException
	at java.util.concurrent.CompletableFuture.timedGet(CompletableFuture.java:1771)
	at java.util.concurrent.CompletableFuture.get(CompletableFuture.java:1915)
	at org.apache.ratis.util.IOUtils.getFromFuture(IOUtils.java:79)
	... 4 more
2019-09-17 12:36:24,579 [org.apache.ratis.server.impl.LogAppender$AppenderDaemon$$Lambda$490/985692452@790f8f58] ERROR ratis.XceiverServerRatis (XceiverServerRatis.java:triggerPipelineClose(575)) - pipeline Action CLOSE  on pipeline PipelineID=449ce985-78e6-4066-ad5b-faf0b6e2649d.Reason : 4005f9e4-9000-4048-961f-9439e52a6da7 has not seen follower/s 597a450e-db00-46ca-b8ea-d9e1f9500f66 for 131339ms 9a3c5405-1b71-41e7-a1e6-d9c2b7bf9721 for 131338ms
2019-09-17 12:36:24,579 [org.apache.ratis.server.impl.LogAppender$AppenderDaemon$$Lambda$490/985692452@68dc2c2b] ERROR ratis.XceiverServerRatis (XceiverServerRatis.java:triggerPipelineClose(575)) - pipeline Action CLOSE  on pipeline PipelineID=449ce985-78e6-4066-ad5b-faf0b6e2649d.Reason : 4005f9e4-9000-4048-961f-9439e52a6da7 has not seen follower/s 597a450e-db00-46ca-b8ea-d9e1f9500f66 for 131339ms 9a3c5405-1b71-41e7-a1e6-d9c2b7bf9721 for 131338ms
2019-09-17 12:36:24,995 [grpc-default-executor-0] INFO  client.GrpcClientProtocolClient (GrpcClientProtocolClient.java:onNext(264)) - client-CDDE5ABED77C->597a450e-db00-46ca-b8ea-d9e1f9500f66: receive RaftClientReply:client-CDDE5ABED77C->597a450e-db00-46ca-b8ea-d9e1f9500f66@group-FAF0B6E2649D, cid=151, FAILED org.apache.ratis.protocol.NotLeaderException: Server 597a450e-db00-46ca-b8ea-d9e1f9500f66@group-FAF0B6E2649D is not the leader 4005f9e4-9000-4048-961f-9439e52a6da7:192.168.5.130:43091, logIndex=0, commits[597a450e-db00-46ca-b8ea-d9e1f9500f66:c11, 9a3c5405-1b71-41e7-a1e6-d9c2b7bf9721:c7, 4005f9e4-9000-4048-961f-9439e52a6da7:c11]
2019-09-17 12:36:25,076 [EventQueue-PipelineActionsForPipelineActionHandler] ERROR pipeline.PipelineActionHandler (PipelineActionHandler.java:onMessage(60)) - Received pipeline action CLOSE for Pipeline[ Id: 449ce985-78e6-4066-ad5b-faf0b6e2649d, Nodes: 4005f9e4-9000-4048-961f-9439e52a6da7{ip: 192.168.5.130, host: pr-hdds-2136-chhj8-2666454444, networkLocation: /default-rack, certSerialId: null}597a450e-db00-46ca-b8ea-d9e1f9500f66{ip: 192.168.5.130, host: pr-hdds-2136-chhj8-2666454444, networkLocation: /default-rack, certSerialId: null}9a3c5405-1b71-41e7-a1e6-d9c2b7bf9721{ip: 192.168.5.130, host: pr-hdds-2136-chhj8-2666454444, networkLocation: /default-rack, certSerialId: null}, Type:RATIS, Factor:THREE, State:CLOSED] from datanode 4005f9e4-9000-4048-961f-9439e52a6da7{ip: 192.168.5.130, host: pr-hdds-2136-chhj8-2666454444, networkLocation: /default-rack, certSerialId: null}. Reason : 4005f9e4-9000-4048-961f-9439e52a6da7 has not seen follower/s 597a450e-db00-46ca-b8ea-d9e1f9500f66 for 131339ms 9a3c5405-1b71-41e7-a1e6-d9c2b7bf9721 for 131338ms
2019-09-17 12:36:25,076 [EventQueue-PipelineActionsForPipelineActionHandler] INFO  pipeline.SCMPipelineManager (SCMPipelineManager.java:finalizeAndDestroyPipeline(311)) - destroying pipeline:Pipeline[ Id: 449ce985-78e6-4066-ad5b-faf0b6e2649d, Nodes: 4005f9e4-9000-4048-961f-9439e52a6da7{ip: 192.168.5.130, host: pr-hdds-2136-chhj8-2666454444, networkLocation: /default-rack, certSerialId: null}597a450e-db00-46ca-b8ea-d9e1f9500f66{ip: 192.168.5.130, host: pr-hdds-2136-chhj8-2666454444, networkLocation: /default-rack, certSerialId: null}9a3c5405-1b71-41e7-a1e6-d9c2b7bf9721{ip: 192.168.5.130, host: pr-hdds-2136-chhj8-2666454444, networkLocation: /default-rack, certSerialId: null}, Type:RATIS, Factor:THREE, State:CLOSED]
2019-09-17 12:36:25,078 [java.util.concurrent.ThreadPoolExecutor$Worker@628100a2[State = -1, empty queue]] WARN  server.GrpcLogAppender (GrpcLogAppender.java:timeoutAppendRequest(200)) - 4005f9e4-9000-4048-961f-9439e52a6da7@group-FAF0B6E2649D->597a450e-db00-46ca-b8ea-d9e1f9500f66-GrpcLogAppender: appendEntries Timeout, request=4005f9e4-9000-4048-961f-9439e52a6da7->597a450e-db00-46ca-b8ea-d9e1f9500f66#142-t1, previous=(t:1, i:18), leaderCommit=11, initializing? false, entries: <empty>
2019-09-17 12:36:25,078 [java.util.concurrent.ThreadPoolExecutor$Worker@7394651c[State = -1, empty queue]] WARN  server.GrpcLogAppender (GrpcLogAppender.java:timeoutAppendRequest(200)) - 4005f9e4-9000-4048-961f-9439e52a6da7@group-FAF0B6E2649D->9a3c5405-1b71-41e7-a1e6-d9c2b7bf9721-GrpcLogAppender: appendEntries Timeout, request=4005f9e4-9000-4048-961f-9439e52a6da7->9a3c5405-1b71-41e7-a1e6-d9c2b7bf9721#142-t1, previous=(t:1, i:18), leaderCommit=11, initializing? false, entries: <empty>
2019-09-17 12:36:27,081 [org.apache.ratis.server.impl.LogAppender$AppenderDaemon$$Lambda$490/985692452@790f8f58] ERROR ratis.XceiverServerRatis (XceiverServerRatis.java:triggerPipelineClose(575)) - pipeline Action CLOSE  on pipeline PipelineID=449ce985-78e6-4066-ad5b-faf0b6e2649d.Reason : 4005f9e4-9000-4048-961f-9439e52a6da7 has not seen follower/s 597a450e-db00-46ca-b8ea-d9e1f9500f66 for 133840ms 9a3c5405-1b71-41e7-a1e6-d9c2b7bf9721 for 133840ms
2019-09-17 12:36:27,081 [org.apache.ratis.server.impl.LogAppender$AppenderDaemon$$Lambda$490/985692452@68dc2c2b] ERROR ratis.XceiverServerRatis (XceiverServerRatis.java:triggerPipelineClose(575)) - pipeline Action CLOSE  on pipeline PipelineID=449ce985-78e6-4066-ad5b-faf0b6e2649d.Reason : 4005f9e4-9000-4048-961f-9439e52a6da7 has not seen follower/s 597a450e-db00-46ca-b8ea-d9e1f9500f66 for 133840ms 9a3c5405-1b71-41e7-a1e6-d9c2b7bf9721 for 133840ms
2019-09-17 12:36:27,579 [java.util.concurrent.ThreadPoolExecutor$Worker@628100a2[State = -1, empty queue]] WARN  server.GrpcLogAppender (GrpcLogAppender.java:timeoutAppendRequest(200)) - 4005f9e4-9000-4048-961f-9439e52a6da7@group-FAF0B6E2649D->597a450e-db00-46ca-b8ea-d9e1f9500f66-GrpcLogAppender: appendEntries Timeout, request=4005f9e4-9000-4048-961f-9439e52a6da7->597a450e-db00-46ca-b8ea-d9e1f9500f66#143-t1, previous=(t:1, i:18), leaderCommit=11, initializing? false, entries: <empty>
2019-09-17 12:36:27,579 [java.util.concurrent.ThreadPoolExecutor$Worker@7394651c[State = -1, empty queue]] WARN  server.GrpcLogAppender (GrpcLogAppender.java:timeoutAppendRequest(200)) - 4005f9e4-9000-4048-961f-9439e52a6da7@group-FAF0B6E2649D->9a3c5405-1b71-41e7-a1e6-d9c2b7bf9721-GrpcLogAppender: appendEntries Timeout, request=4005f9e4-9000-4048-961f-9439e52a6da7->9a3c5405-1b71-41e7-a1e6-d9c2b7bf9721#143-t1, previous=(t:1, i:18), leaderCommit=11, initializing? false, entries: <empty>
2019-09-17 12:36:28,077 [EventQueue-PipelineActionsForPipelineActionHandler] ERROR pipeline.PipelineActionHandler (PipelineActionHandler.java:onMessage(60)) - Received pipeline action CLOSE for Pipeline[ Id: 449ce985-78e6-4066-ad5b-faf0b6e2649d, Nodes: 4005f9e4-9000-4048-961f-9439e52a6da7{ip: 192.168.5.130, host: pr-hdds-2136-chhj8-2666454444, networkLocation: /default-rack, certSerialId: null}597a450e-db00-46ca-b8ea-d9e1f9500f66{ip: 192.168.5.130, host: pr-hdds-2136-chhj8-2666454444, networkLocation: /default-rack, certSerialId: null}9a3c5405-1b71-41e7-a1e6-d9c2b7bf9721{ip: 192.168.5.130, host: pr-hdds-2136-chhj8-2666454444, networkLocation: /default-rack, certSerialId: null}, Type:RATIS, Factor:THREE, State:CLOSED] from datanode 4005f9e4-9000-4048-961f-9439e52a6da7{ip: 192.168.5.130, host: pr-hdds-2136-chhj8-2666454444, networkLocation: /default-rack, certSerialId: null}. Reason : 4005f9e4-9000-4048-961f-9439e52a6da7 has not seen follower/s 597a450e-db00-46ca-b8ea-d9e1f9500f66 for 133840ms 9a3c5405-1b71-41e7-a1e6-d9c2b7bf9721 for 133840ms
2019-09-17 12:36:28,077 [EventQueue-PipelineActionsForPipelineActionHandler] INFO  pipeline.SCMPipelineManager (SCMPipelineManager.java:finalizeAndDestroyPipeline(311)) - destroying pipeline:Pipeline[ Id: 449ce985-78e6-4066-ad5b-faf0b6e2649d, Nodes: 4005f9e4-9000-4048-961f-9439e52a6da7{ip: 192.168.5.130, host: pr-hdds-2136-chhj8-2666454444, networkLocation: /default-rack, certSerialId: null}597a450e-db00-46ca-b8ea-d9e1f9500f66{ip: 192.168.5.130, host: pr-hdds-2136-chhj8-2666454444, networkLocation: /default-rack, certSerialId: null}9a3c5405-1b71-41e7-a1e6-d9c2b7bf9721{ip: 192.168.5.130, host: pr-hdds-2136-chhj8-2666454444, networkLocation: /default-rack, certSerialId: null}, Type:RATIS, Factor:THREE, State:CLOSED]
2019-09-17 12:36:29,581 [org.apache.ratis.server.impl.LogAppender$AppenderDaemon$$Lambda$490/985692452@68dc2c2b] ERROR ratis.XceiverServerRatis (XceiverServerRatis.java:triggerPipelineClose(575)) - pipeline Action CLOSE  on pipeline PipelineID=449ce985-78e6-4066-ad5b-faf0b6e2649d.Reason : 4005f9e4-9000-4048-961f-9439e52a6da7 has not seen follower/s 597a450e-db00-46ca-b8ea-d9e1f9500f66 for 136341ms 9a3c5405-1b71-41e7-a1e6-d9c2b7bf9721 for 136340ms
2019-09-17 12:36:29,582 [org.apache.ratis.server.impl.LogAppender$AppenderDaemon$$Lambda$490/985692452@790f8f58] ERROR ratis.XceiverServerRatis (XceiverServerRatis.java:triggerPipelineClose(575)) - pipeline Action CLOSE  on pipeline PipelineID=449ce985-78e6-4066-ad5b-faf0b6e2649d.Reason : 4005f9e4-9000-4048-961f-9439e52a6da7 has not seen follower/s 597a450e-db00-46ca-b8ea-d9e1f9500f66 for 136341ms 9a3c5405-1b71-41e7-a1e6-d9c2b7bf9721 for 136341ms
2019-09-17 12:36:30,034 [grpc-default-executor-10] INFO  client.GrpcClientProtocolClient (GrpcClientProtocolClient.java:onNext(264)) - client-CDDE5ABED77C->597a450e-db00-46ca-b8ea-d9e1f9500f66: receive RaftClientReply:client-CDDE5ABED77C->597a450e-db00-46ca-b8ea-d9e1f9500f66@group-FAF0B6E2649D, cid=151, FAILED org.apache.ratis.protocol.NotLeaderException: Server 597a450e-db00-46ca-b8ea-d9e1f9500f66@group-FAF0B6E2649D is not the leader 4005f9e4-9000-4048-961f-9439e52a6da7:192.168.5.130:43091, logIndex=0, commits[597a450e-db00-46ca-b8ea-d9e1f9500f66:c11, 9a3c5405-1b71-41e7-a1e6-d9c2b7bf9721:c7, 4005f9e4-9000-4048-961f-9439e52a6da7:c11]
2019-09-17 12:36:30,076 [EventQueue-PipelineActionsForPipelineActionHandler] ERROR pipeline.PipelineActionHandler (PipelineActionHandler.java:onMessage(60)) - Received pipeline action CLOSE for Pipeline[ Id: 449ce985-78e6-4066-ad5b-faf0b6e2649d, Nodes: 4005f9e4-9000-4048-961f-9439e52a6da7{ip: 192.168.5.130, host: pr-hdds-2136-chhj8-2666454444, networkLocation: /default-rack, certSerialId: null}597a450e-db00-46ca-b8ea-d9e1f9500f66{ip: 192.168.5.130, host: pr-hdds-2136-chhj8-2666454444, networkLocation: /default-rack, certSerialId: null}9a3c5405-1b71-41e7-a1e6-d9c2b7bf9721{ip: 192.168.5.130, host: pr-hdds-2136-chhj8-2666454444, networkLocation: /default-rack, certSerialId: null}, Type:RATIS, Factor:THREE, State:CLOSED] from datanode 4005f9e4-9000-4048-961f-9439e52a6da7{ip: 192.168.5.130, host: pr-hdds-2136-chhj8-2666454444, networkLocation: /default-rack, certSerialId: null}. Reason : 4005f9e4-9000-4048-961f-9439e52a6da7 has not seen follower/s 597a450e-db00-46ca-b8ea-d9e1f9500f66 for 136341ms 9a3c5405-1b71-41e7-a1e6-d9c2b7bf9721 for 136340ms
2019-09-17 12:36:30,076 [EventQueue-PipelineActionsForPipelineActionHandler] INFO  pipeline.SCMPipelineManager (SCMPipelineManager.java:finalizeAndDestroyPipeline(311)) - destroying pipeline:Pipeline[ Id: 449ce985-78e6-4066-ad5b-faf0b6e2649d, Nodes: 4005f9e4-9000-4048-961f-9439e52a6da7{ip: 192.168.5.130, host: pr-hdds-2136-chhj8-2666454444, networkLocation: /default-rack, certSerialId: null}597a450e-db00-46ca-b8ea-d9e1f9500f66{ip: 192.168.5.130, host: pr-hdds-2136-chhj8-2666454444, networkLocation: /default-rack, certSerialId: null}9a3c5405-1b71-41e7-a1e6-d9c2b7bf9721{ip: 192.168.5.130, host: pr-hdds-2136-chhj8-2666454444, networkLocation: /default-rack, certSerialId: null}, Type:RATIS, Factor:THREE, State:CLOSED]
2019-09-17 12:36:30,080 [java.util.concurrent.ThreadPoolExecutor$Worker@7394651c[State = -1, empty queue]] WARN  server.GrpcLogAppender (GrpcLogAppender.java:timeoutAppendRequest(200)) - 4005f9e4-9000-4048-961f-9439e52a6da7@group-FAF0B6E2649D->9a3c5405-1b71-41e7-a1e6-d9c2b7bf9721-GrpcLogAppender: appendEntries Timeout, request=4005f9e4-9000-4048-961f-9439e52a6da7->9a3c5405-1b71-41e7-a1e6-d9c2b7bf9721#144-t1, previous=(t:1, i:18), leaderCommit=11, initializing? false, entries: <empty>
2019-09-17 12:36:30,080 [java.util.concurrent.ThreadPoolExecutor$Worker@628100a2[State = -1, empty queue]] WARN  server.GrpcLogAppender (GrpcLogAppender.java:timeoutAppendRequest(200)) - 4005f9e4-9000-4048-961f-9439e52a6da7@group-FAF0B6E2649D->597a450e-db00-46ca-b8ea-d9e1f9500f66-GrpcLogAppender: appendEntries Timeout, request=4005f9e4-9000-4048-961f-9439e52a6da7->597a450e-db00-46ca-b8ea-d9e1f9500f66#144-t1, previous=(t:1, i:18), leaderCommit=11, initializing? false, entries: <empty>
2019-09-17 12:36:32,083 [org.apache.ratis.server.impl.LogAppender$AppenderDaemon$$Lambda$490/985692452@790f8f58] ERROR ratis.XceiverServerRatis (XceiverServerRatis.java:triggerPipelineClose(575)) - pipeline Action CLOSE  on pipeline PipelineID=449ce985-78e6-4066-ad5b-faf0b6e2649d.Reason : 4005f9e4-9000-4048-961f-9439e52a6da7 has not seen follower/s 597a450e-db00-46ca-b8ea-d9e1f9500f66 for 138842ms 9a3c5405-1b71-41e7-a1e6-d9c2b7bf9721 for 138842ms
2019-09-17 12:36:32,083 [org.apache.ratis.server.impl.LogAppender$AppenderDaemon$$Lambda$490/985692452@68dc2c2b] ERROR ratis.XceiverServerRatis (XceiverServerRatis.java:triggerPipelineClose(575)) - pipeline Action CLOSE  on pipeline PipelineID=449ce985-78e6-4066-ad5b-faf0b6e2649d.Reason : 4005f9e4-9000-4048-961f-9439e52a6da7 has not seen follower/s 597a450e-db00-46ca-b8ea-d9e1f9500f66 for 138842ms 9a3c5405-1b71-41e7-a1e6-d9c2b7bf9721 for 138842ms
2019-09-17 12:36:32,581 [java.util.concurrent.ThreadPoolExecutor$Worker@628100a2[State = -1, empty queue]] WARN  server.GrpcLogAppender (GrpcLogAppender.java:timeoutAppendRequest(200)) - 4005f9e4-9000-4048-961f-9439e52a6da7@group-FAF0B6E2649D->597a450e-db00-46ca-b8ea-d9e1f9500f66-GrpcLogAppender: appendEntries Timeout, request=4005f9e4-9000-4048-961f-9439e52a6da7->597a450e-db00-46ca-b8ea-d9e1f9500f66#145-t1, previous=(t:1, i:18), leaderCommit=11, initializing? false, entries: <empty>
2019-09-17 12:36:32,582 [java.util.concurrent.ThreadPoolExecutor$Worker@7394651c[State = -1, empty queue]] WARN  server.GrpcLogAppender (GrpcLogAppender.java:timeoutAppendRequest(200)) - 4005f9e4-9000-4048-961f-9439e52a6da7@group-FAF0B6E2649D->9a3c5405-1b71-41e7-a1e6-d9c2b7bf9721-GrpcLogAppender: appendEntries Timeout, request=4005f9e4-9000-4048-961f-9439e52a6da7->9a3c5405-1b71-41e7-a1e6-d9c2b7bf9721#145-t1, previous=(t:1, i:18), leaderCommit=11, initializing? false, entries: <empty>
2019-09-17 12:36:33,077 [EventQueue-PipelineActionsForPipelineActionHandler] ERROR pipeline.PipelineActionHandler (PipelineActionHandler.java:onMessage(60)) - Received pipeline action CLOSE for Pipeline[ Id: 449ce985-78e6-4066-ad5b-faf0b6e2649d, Nodes: 4005f9e4-9000-4048-961f-9439e52a6da7{ip: 192.168.5.130, host: pr-hdds-2136-chhj8-2666454444, networkLocation: /default-rack, certSerialId: null}597a450e-db00-46ca-b8ea-d9e1f9500f66{ip: 192.168.5.130, host: pr-hdds-2136-chhj8-2666454444, networkLocation: /default-rack, certSerialId: null}9a3c5405-1b71-41e7-a1e6-d9c2b7bf9721{ip: 192.168.5.130, host: pr-hdds-2136-chhj8-2666454444, networkLocation: /default-rack, certSerialId: null}, Type:RATIS, Factor:THREE, State:CLOSED] from datanode 4005f9e4-9000-4048-961f-9439e52a6da7{ip: 192.168.5.130, host: pr-hdds-2136-chhj8-2666454444, networkLocation: /default-rack, certSerialId: null}. Reason : 4005f9e4-9000-4048-961f-9439e52a6da7 has not seen follower/s 597a450e-db00-46ca-b8ea-d9e1f9500f66 for 138842ms 9a3c5405-1b71-41e7-a1e6-d9c2b7bf9721 for 138842ms
2019-09-17 12:36:33,077 [EventQueue-PipelineActionsForPipelineActionHandler] INFO  pipeline.SCMPipelineManager (SCMPipelineManager.java:finalizeAndDestroyPipeline(311)) - destroying pipeline:Pipeline[ Id: 449ce985-78e6-4066-ad5b-faf0b6e2649d, Nodes: 4005f9e4-9000-4048-961f-9439e52a6da7{ip: 192.168.5.130, host: pr-hdds-2136-chhj8-2666454444, networkLocation: /default-rack, certSerialId: null}597a450e-db00-46ca-b8ea-d9e1f9500f66{ip: 192.168.5.130, host: pr-hdds-2136-chhj8-2666454444, networkLocation: /default-rack, certSerialId: null}9a3c5405-1b71-41e7-a1e6-d9c2b7bf9721{ip: 192.168.5.130, host: pr-hdds-2136-chhj8-2666454444, networkLocation: /default-rack, certSerialId: null}, Type:RATIS, Factor:THREE, State:CLOSED]
2019-09-17 12:36:33,912 [4005f9e4-9000-4048-961f-9439e52a6da7@group-FAF0B6E2649D-SegmentedRaftLogWorker] WARN  segmented.SegmentedRaftLogWorker (SegmentedRaftLogWorker.java:getFromFuture(90)) - Timeout 13/~
org.apache.ratis.protocol.TimeoutIOException: Timeout 10s: WriteLog:12: (t:1, i:12), STATEMACHINELOGENTRY, client-CDDE5ABED77C, cid=151-writeStateMachineData
	at org.apache.ratis.util.IOUtils.getFromFuture(IOUtils.java:87)
	at org.apache.ratis.server.raftlog.segmented.SegmentedRaftLogWorker$StateMachineDataPolicy.getFromFuture(SegmentedRaftLogWorker.java:87)
	at org.apache.ratis.server.raftlog.segmented.SegmentedRaftLogWorker$WriteLog.execute(SegmentedRaftLogWorker.java:477)
	at org.apache.ratis.server.raftlog.segmented.SegmentedRaftLogWorker.run(SegmentedRaftLogWorker.java:289)
	at java.lang.Thread.run(Thread.java:748)
Caused by: java.util.concurrent.TimeoutException
	at java.util.concurrent.CompletableFuture.timedGet(CompletableFuture.java:1771)
	at java.util.concurrent.CompletableFuture.get(CompletableFuture.java:1915)
	at org.apache.ratis.util.IOUtils.getFromFuture(IOUtils.java:79)
	... 4 more
2019-09-17 12:36:33,929 [9a3c5405-1b71-41e7-a1e6-d9c2b7bf9721@group-FAF0B6E2649D-SegmentedRaftLogWorker] WARN  segmented.SegmentedRaftLogWorker (SegmentedRaftLogWorker.java:getFromFuture(90)) - Timeout 13/~
org.apache.ratis.protocol.TimeoutIOException: Timeout 10s: WriteLog:12: (t:1, i:12), STATEMACHINELOGENTRY, client-CDDE5ABED77C, cid=151-writeStateMachineData
	at org.apache.ratis.util.IOUtils.getFromFuture(IOUtils.java:87)
	at org.apache.ratis.server.raftlog.segmented.SegmentedRaftLogWorker$StateMachineDataPolicy.getFromFuture(SegmentedRaftLogWorker.java:87)
	at org.apache.ratis.server.raftlog.segmented.SegmentedRaftLogWorker$WriteLog.execute(SegmentedRaftLogWorker.java:477)
	at org.apache.ratis.server.raftlog.segmented.SegmentedRaftLogWorker.run(SegmentedRaftLogWorker.java:289)
	at java.lang.Thread.run(Thread.java:748)
Caused by: java.util.concurrent.TimeoutException
	at java.util.concurrent.CompletableFuture.timedGet(CompletableFuture.java:1771)
	at java.util.concurrent.CompletableFuture.get(CompletableFuture.java:1915)
	at org.apache.ratis.util.IOUtils.getFromFuture(IOUtils.java:79)
	... 4 more
2019-09-17 12:36:33,929 [597a450e-db00-46ca-b8ea-d9e1f9500f66@group-FAF0B6E2649D-SegmentedRaftLogWorker] WARN  segmented.SegmentedRaftLogWorker (SegmentedRaftLogWorker.java:getFromFuture(90)) - Timeout 13/~
org.apache.ratis.protocol.TimeoutIOException: Timeout 10s: WriteLog:12: (t:1, i:12), STATEMACHINELOGENTRY, client-CDDE5ABED77C, cid=151-writeStateMachineData
	at org.apache.ratis.util.IOUtils.getFromFuture(IOUtils.java:87)
	at org.apache.ratis.server.raftlog.segmented.SegmentedRaftLogWorker$StateMachineDataPolicy.getFromFuture(SegmentedRaftLogWorker.java:87)
	at org.apache.ratis.server.raftlog.segmented.SegmentedRaftLogWorker$WriteLog.execute(SegmentedRaftLogWorker.java:477)
	at org.apache.ratis.server.raftlog.segmented.SegmentedRaftLogWorker.run(SegmentedRaftLogWorker.java:289)
	at java.lang.Thread.run(Thread.java:748)
Caused by: java.util.concurrent.TimeoutException
	at java.util.concurrent.CompletableFuture.timedGet(CompletableFuture.java:1771)
	at java.util.concurrent.CompletableFuture.get(CompletableFuture.java:1915)
	at org.apache.ratis.util.IOUtils.getFromFuture(IOUtils.java:79)
	... 4 more
2019-09-17 12:36:34,584 [org.apache.ratis.server.impl.LogAppender$AppenderDaemon$$Lambda$490/985692452@790f8f58] ERROR ratis.XceiverServerRatis (XceiverServerRatis.java:triggerPipelineClose(575)) - pipeline Action CLOSE  on pipeline PipelineID=449ce985-78e6-4066-ad5b-faf0b6e2649d.Reason : 4005f9e4-9000-4048-961f-9439e52a6da7 has not seen follower/s 597a450e-db00-46ca-b8ea-d9e1f9500f66 for 141343ms 9a3c5405-1b71-41e7-a1e6-d9c2b7bf9721 for 141343ms
2019-09-17 12:36:34,584 [org.apache.ratis.server.impl.LogAppender$AppenderDaemon$$Lambda$490/985692452@68dc2c2b] ERROR ratis.XceiverServerRatis (XceiverServerRatis.java:triggerPipelineClose(575)) - pipeline Action CLOSE  on pipeline PipelineID=449ce985-78e6-4066-ad5b-faf0b6e2649d.Reason : 4005f9e4-9000-4048-961f-9439e52a6da7 has not seen follower/s 597a450e-db00-46ca-b8ea-d9e1f9500f66 for 141343ms 9a3c5405-1b71-41e7-a1e6-d9c2b7bf9721 for 141343ms
2019-09-17 12:36:35,076 [EventQueue-PipelineActionsForPipelineActionHandler] ERROR pipeline.PipelineActionHandler (PipelineActionHandler.java:onMessage(60)) - Received pipeline action CLOSE for Pipeline[ Id: 449ce985-78e6-4066-ad5b-faf0b6e2649d, Nodes: 4005f9e4-9000-4048-961f-9439e52a6da7{ip: 192.168.5.130, host: pr-hdds-2136-chhj8-2666454444, networkLocation: /default-rack, certSerialId: null}597a450e-db00-46ca-b8ea-d9e1f9500f66{ip: 192.168.5.130, host: pr-hdds-2136-chhj8-2666454444, networkLocation: /default-rack, certSerialId: null}9a3c5405-1b71-41e7-a1e6-d9c2b7bf9721{ip: 192.168.5.130, host: pr-hdds-2136-chhj8-2666454444, networkLocation: /default-rack, certSerialId: null}, Type:RATIS, Factor:THREE, State:CLOSED] from datanode 4005f9e4-9000-4048-961f-9439e52a6da7{ip: 192.168.5.130, host: pr-hdds-2136-chhj8-2666454444, networkLocation: /default-rack, certSerialId: null}. Reason : 4005f9e4-9000-4048-961f-9439e52a6da7 has not seen follower/s 597a450e-db00-46ca-b8ea-d9e1f9500f66 for 141343ms 9a3c5405-1b71-41e7-a1e6-d9c2b7bf9721 for 141343ms
2019-09-17 12:36:35,076 [EventQueue-PipelineActionsForPipelineActionHandler] INFO  pipeline.SCMPipelineManager (SCMPipelineManager.java:finalizeAndDestroyPipeline(311)) - destroying pipeline:Pipeline[ Id: 449ce985-78e6-4066-ad5b-faf0b6e2649d, Nodes: 4005f9e4-9000-4048-961f-9439e52a6da7{ip: 192.168.5.130, host: pr-hdds-2136-chhj8-2666454444, networkLocation: /default-rack, certSerialId: null}597a450e-db00-46ca-b8ea-d9e1f9500f66{ip: 192.168.5.130, host: pr-hdds-2136-chhj8-2666454444, networkLocation: /default-rack, certSerialId: null}9a3c5405-1b71-41e7-a1e6-d9c2b7bf9721{ip: 192.168.5.130, host: pr-hdds-2136-chhj8-2666454444, networkLocation: /default-rack, certSerialId: null}, Type:RATIS, Factor:THREE, State:CLOSED]
2019-09-17 12:36:35,076 [grpc-default-executor-10] INFO  client.GrpcClientProtocolClient (GrpcClientProtocolClient.java:onNext(264)) - client-CDDE5ABED77C->9a3c5405-1b71-41e7-a1e6-d9c2b7bf9721: receive RaftClientReply:client-CDDE5ABED77C->9a3c5405-1b71-41e7-a1e6-d9c2b7bf9721@group-FAF0B6E2649D, cid=151, FAILED org.apache.ratis.protocol.NotLeaderException: Server 9a3c5405-1b71-41e7-a1e6-d9c2b7bf9721@group-FAF0B6E2649D is not the leader 4005f9e4-9000-4048-961f-9439e52a6da7:192.168.5.130:43091, logIndex=0, commits[9a3c5405-1b71-41e7-a1e6-d9c2b7bf9721:c11, 597a450e-db00-46ca-b8ea-d9e1f9500f66:c7, 4005f9e4-9000-4048-961f-9439e52a6da7:c11]
2019-09-17 12:36:35,085 [java.util.concurrent.ThreadPoolExecutor$Worker@628100a2[State = -1, empty queue]] WARN  server.GrpcLogAppender (GrpcLogAppender.java:timeoutAppendRequest(200)) - 4005f9e4-9000-4048-961f-9439e52a6da7@group-FAF0B6E2649D->597a450e-db00-46ca-b8ea-d9e1f9500f66-GrpcLogAppender: appendEntries Timeout, request=4005f9e4-9000-4048-961f-9439e52a6da7->597a450e-db00-46ca-b8ea-d9e1f9500f66#146-t1, previous=(t:1, i:18), leaderCommit=11, initializing? false, entries: <empty>
2019-09-17 12:36:35,085 [java.util.concurrent.ThreadPoolExecutor$Worker@7394651c[State = -1, empty queue]] WARN  server.GrpcLogAppender (GrpcLogAppender.java:timeoutAppendRequest(200)) - 4005f9e4-9000-4048-961f-9439e52a6da7@group-FAF0B6E2649D->9a3c5405-1b71-41e7-a1e6-d9c2b7bf9721-GrpcLogAppender: appendEntries Timeout, request=4005f9e4-9000-4048-961f-9439e52a6da7->9a3c5405-1b71-41e7-a1e6-d9c2b7bf9721#146-t1, previous=(t:1, i:18), leaderCommit=11, initializing? false, entries: <empty>
2019-09-17 12:36:37,085 [org.apache.ratis.server.impl.LogAppender$AppenderDaemon$$Lambda$490/985692452@68dc2c2b] ERROR ratis.XceiverServerRatis (XceiverServerRatis.java:triggerPipelineClose(575)) - pipeline Action CLOSE  on pipeline PipelineID=449ce985-78e6-4066-ad5b-faf0b6e2649d.Reason : 4005f9e4-9000-4048-961f-9439e52a6da7 has not seen follower/s 597a450e-db00-46ca-b8ea-d9e1f9500f66 for 143845ms 9a3c5405-1b71-41e7-a1e6-d9c2b7bf9721 for 143844ms
2019-09-17 12:36:37,085 [org.apache.ratis.server.impl.LogAppender$AppenderDaemon$$Lambda$490/985692452@790f8f58] ERROR ratis.XceiverServerRatis (XceiverServerRatis.java:triggerPipelineClose(575)) - pipeline Action CLOSE  on pipeline PipelineID=449ce985-78e6-4066-ad5b-faf0b6e2649d.Reason : 4005f9e4-9000-4048-961f-9439e52a6da7 has not seen follower/s 597a450e-db00-46ca-b8ea-d9e1f9500f66 for 143845ms 9a3c5405-1b71-41e7-a1e6-d9c2b7bf9721 for 143844ms
2019-09-17 12:36:37,583 [java.util.concurrent.ThreadPoolExecutor$Worker@7394651c[State = -1, empty queue]] WARN  server.GrpcLogAppender (GrpcLogAppender.java:timeoutAppendRequest(200)) - 4005f9e4-9000-4048-961f-9439e52a6da7@group-FAF0B6E2649D->9a3c5405-1b71-41e7-a1e6-d9c2b7bf9721-GrpcLogAppender: appendEntries Timeout, request=4005f9e4-9000-4048-961f-9439e52a6da7->9a3c5405-1b71-41e7-a1e6-d9c2b7bf9721#147-t1, previous=(t:1, i:18), leaderCommit=11, initializing? false, entries: <empty>
2019-09-17 12:36:37,584 [java.util.concurrent.ThreadPoolExecutor$Worker@628100a2[State = -1, empty queue]] WARN  server.GrpcLogAppender (GrpcLogAppender.java:timeoutAppendRequest(200)) - 4005f9e4-9000-4048-961f-9439e52a6da7@group-FAF0B6E2649D->597a450e-db00-46ca-b8ea-d9e1f9500f66-GrpcLogAppender: appendEntries Timeout, request=4005f9e4-9000-4048-961f-9439e52a6da7->597a450e-db00-46ca-b8ea-d9e1f9500f66#147-t1, previous=(t:1, i:18), leaderCommit=11, initializing? false, entries: <empty>
2019-09-17 12:36:38,077 [EventQueue-PipelineActionsForPipelineActionHandler] ERROR pipeline.PipelineActionHandler (PipelineActionHandler.java:onMessage(60)) - Received pipeline action CLOSE for Pipeline[ Id: 449ce985-78e6-4066-ad5b-faf0b6e2649d, Nodes: 4005f9e4-9000-4048-961f-9439e52a6da7{ip: 192.168.5.130, host: pr-hdds-2136-chhj8-2666454444, networkLocation: /default-rack, certSerialId: null}597a450e-db00-46ca-b8ea-d9e1f9500f66{ip: 192.168.5.130, host: pr-hdds-2136-chhj8-2666454444, networkLocation: /default-rack, certSerialId: null}9a3c5405-1b71-41e7-a1e6-d9c2b7bf9721{ip: 192.168.5.130, host: pr-hdds-2136-chhj8-2666454444, networkLocation: /default-rack, certSerialId: null}, Type:RATIS, Factor:THREE, State:CLOSED] from datanode 4005f9e4-9000-4048-961f-9439e52a6da7{ip: 192.168.5.130, host: pr-hdds-2136-chhj8-2666454444, networkLocation: /default-rack, certSerialId: null}. Reason : 4005f9e4-9000-4048-961f-9439e52a6da7 has not seen follower/s 597a450e-db00-46ca-b8ea-d9e1f9500f66 for 143845ms 9a3c5405-1b71-41e7-a1e6-d9c2b7bf9721 for 143844ms
2019-09-17 12:36:38,078 [EventQueue-PipelineActionsForPipelineActionHandler] INFO  pipeline.SCMPipelineManager (SCMPipelineManager.java:finalizeAndDestroyPipeline(311)) - destroying pipeline:Pipeline[ Id: 449ce985-78e6-4066-ad5b-faf0b6e2649d, Nodes: 4005f9e4-9000-4048-961f-9439e52a6da7{ip: 192.168.5.130, host: pr-hdds-2136-chhj8-2666454444, networkLocation: /default-rack, certSerialId: null}597a450e-db00-46ca-b8ea-d9e1f9500f66{ip: 192.168.5.130, host: pr-hdds-2136-chhj8-2666454444, networkLocation: /default-rack, certSerialId: null}9a3c5405-1b71-41e7-a1e6-d9c2b7bf9721{ip: 192.168.5.130, host: pr-hdds-2136-chhj8-2666454444, networkLocation: /default-rack, certSerialId: null}, Type:RATIS, Factor:THREE, State:CLOSED]
2019-09-17 12:36:39,586 [org.apache.ratis.server.impl.LogAppender$AppenderDaemon$$Lambda$490/985692452@790f8f58] ERROR ratis.XceiverServerRatis (XceiverServerRatis.java:triggerPipelineClose(575)) - pipeline Action CLOSE  on pipeline PipelineID=449ce985-78e6-4066-ad5b-faf0b6e2649d.Reason : 4005f9e4-9000-4048-961f-9439e52a6da7 has not seen follower/s 597a450e-db00-46ca-b8ea-d9e1f9500f66 for 146345ms 9a3c5405-1b71-41e7-a1e6-d9c2b7bf9721 for 146345ms
2019-09-17 12:36:39,586 [org.apache.ratis.server.impl.LogAppender$AppenderDaemon$$Lambda$490/985692452@68dc2c2b] ERROR ratis.XceiverServerRatis (XceiverServerRatis.java:triggerPipelineClose(575)) - pipeline Action CLOSE  on pipeline PipelineID=449ce985-78e6-4066-ad5b-faf0b6e2649d.Reason : 4005f9e4-9000-4048-961f-9439e52a6da7 has not seen follower/s 597a450e-db00-46ca-b8ea-d9e1f9500f66 for 146345ms 9a3c5405-1b71-41e7-a1e6-d9c2b7bf9721 for 146345ms
2019-09-17 12:36:40,076 [EventQueue-PipelineActionsForPipelineActionHandler] ERROR pipeline.PipelineActionHandler (PipelineActionHandler.java:onMessage(60)) - Received pipeline action CLOSE for Pipeline[ Id: 449ce985-78e6-4066-ad5b-faf0b6e2649d, Nodes: 4005f9e4-9000-4048-961f-9439e52a6da7{ip: 192.168.5.130, host: pr-hdds-2136-chhj8-2666454444, networkLocation: /default-rack, certSerialId: null}597a450e-db00-46ca-b8ea-d9e1f9500f66{ip: 192.168.5.130, host: pr-hdds-2136-chhj8-2666454444, networkLocation: /default-rack, certSerialId: null}9a3c5405-1b71-41e7-a1e6-d9c2b7bf9721{ip: 192.168.5.130, host: pr-hdds-2136-chhj8-2666454444, networkLocation: /default-rack, certSerialId: null}, Type:RATIS, Factor:THREE, State:CLOSED] from datanode 4005f9e4-9000-4048-961f-9439e52a6da7{ip: 192.168.5.130, host: pr-hdds-2136-chhj8-2666454444, networkLocation: /default-rack, certSerialId: null}. Reason : 4005f9e4-9000-4048-961f-9439e52a6da7 has not seen follower/s 597a450e-db00-46ca-b8ea-d9e1f9500f66 for 146345ms 9a3c5405-1b71-41e7-a1e6-d9c2b7bf9721 for 146345ms
2019-09-17 12:36:40,076 [EventQueue-PipelineActionsForPipelineActionHandler] INFO  pipeline.SCMPipelineManager (SCMPipelineManager.java:finalizeAndDestroyPipeline(311)) - destroying pipeline:Pipeline[ Id: 449ce985-78e6-4066-ad5b-faf0b6e2649d, Nodes: 4005f9e4-9000-4048-961f-9439e52a6da7{ip: 192.168.5.130, host: pr-hdds-2136-chhj8-2666454444, networkLocation: /default-rack, certSerialId: null}597a450e-db00-46ca-b8ea-d9e1f9500f66{ip: 192.168.5.130, host: pr-hdds-2136-chhj8-2666454444, networkLocation: /default-rack, certSerialId: null}9a3c5405-1b71-41e7-a1e6-d9c2b7bf9721{ip: 192.168.5.130, host: pr-hdds-2136-chhj8-2666454444, networkLocation: /default-rack, certSerialId: null}, Type:RATIS, Factor:THREE, State:CLOSED]
2019-09-17 12:36:40,085 [java.util.concurrent.ThreadPoolExecutor$Worker@7394651c[State = -1, empty queue]] WARN  server.GrpcLogAppender (GrpcLogAppender.java:timeoutAppendRequest(200)) - 4005f9e4-9000-4048-961f-9439e52a6da7@group-FAF0B6E2649D->9a3c5405-1b71-41e7-a1e6-d9c2b7bf9721-GrpcLogAppender: appendEntries Timeout, request=4005f9e4-9000-4048-961f-9439e52a6da7->9a3c5405-1b71-41e7-a1e6-d9c2b7bf9721#148-t1, previous=(t:1, i:18), leaderCommit=11, initializing? false, entries: <empty>
2019-09-17 12:36:40,085 [java.util.concurrent.ThreadPoolExecutor$Worker@628100a2[State = -1, empty queue]] WARN  server.GrpcLogAppender (GrpcLogAppender.java:timeoutAppendRequest(200)) - 4005f9e4-9000-4048-961f-9439e52a6da7@group-FAF0B6E2649D->597a450e-db00-46ca-b8ea-d9e1f9500f66-GrpcLogAppender: appendEntries Timeout, request=4005f9e4-9000-4048-961f-9439e52a6da7->597a450e-db00-46ca-b8ea-d9e1f9500f66#148-t1, previous=(t:1, i:18), leaderCommit=11, initializing? false, entries: <empty>
2019-09-17 12:36:40,118 [grpc-default-executor-0] INFO  client.GrpcClientProtocolClient (GrpcClientProtocolClient.java:onNext(264)) - client-CDDE5ABED77C->9a3c5405-1b71-41e7-a1e6-d9c2b7bf9721: receive RaftClientReply:client-CDDE5ABED77C->9a3c5405-1b71-41e7-a1e6-d9c2b7bf9721@group-FAF0B6E2649D, cid=151, FAILED org.apache.ratis.protocol.NotLeaderException: Server 9a3c5405-1b71-41e7-a1e6-d9c2b7bf9721@group-FAF0B6E2649D is not the leader 4005f9e4-9000-4048-961f-9439e52a6da7:192.168.5.130:43091, logIndex=0, commits[9a3c5405-1b71-41e7-a1e6-d9c2b7bf9721:c11, 597a450e-db00-46ca-b8ea-d9e1f9500f66:c7, 4005f9e4-9000-4048-961f-9439e52a6da7:c11]
2019-09-17 12:36:42,086 [org.apache.ratis.server.impl.LogAppender$AppenderDaemon$$Lambda$490/985692452@68dc2c2b] ERROR ratis.XceiverServerRatis (XceiverServerRatis.java:triggerPipelineClose(575)) - pipeline Action CLOSE  on pipeline PipelineID=449ce985-78e6-4066-ad5b-faf0b6e2649d.Reason : 4005f9e4-9000-4048-961f-9439e52a6da7 has not seen follower/s 597a450e-db00-46ca-b8ea-d9e1f9500f66 for 148846ms 9a3c5405-1b71-41e7-a1e6-d9c2b7bf9721 for 148845ms
2019-09-17 12:36:42,086 [org.apache.ratis.server.impl.LogAppender$AppenderDaemon$$Lambda$490/985692452@790f8f58] ERROR ratis.XceiverServerRatis (XceiverServerRatis.java:triggerPipelineClose(575)) - pipeline Action CLOSE  on pipeline PipelineID=449ce985-78e6-4066-ad5b-faf0b6e2649d.Reason : 4005f9e4-9000-4048-961f-9439e52a6da7 has not seen follower/s 597a450e-db00-46ca-b8ea-d9e1f9500f66 for 148846ms 9a3c5405-1b71-41e7-a1e6-d9c2b7bf9721 for 148845ms
2019-09-17 12:36:42,586 [java.util.concurrent.ThreadPoolExecutor$Worker@7394651c[State = -1, empty queue]] WARN  server.GrpcLogAppender (GrpcLogAppender.java:timeoutAppendRequest(200)) - 4005f9e4-9000-4048-961f-9439e52a6da7@group-FAF0B6E2649D->9a3c5405-1b71-41e7-a1e6-d9c2b7bf9721-GrpcLogAppender: appendEntries Timeout, request=4005f9e4-9000-4048-961f-9439e52a6da7->9a3c5405-1b71-41e7-a1e6-d9c2b7bf9721#149-t1, previous=(t:1, i:18), leaderCommit=11, initializing? false, entries: <empty>
2019-09-17 12:36:42,586 [java.util.concurrent.ThreadPoolExecutor$Worker@628100a2[State = -1, empty queue]] WARN  server.GrpcLogAppender (GrpcLogAppender.java:timeoutAppendRequest(200)) - 4005f9e4-9000-4048-961f-9439e52a6da7@group-FAF0B6E2649D->597a450e-db00-46ca-b8ea-d9e1f9500f66-GrpcLogAppender: appendEntries Timeout, request=4005f9e4-9000-4048-961f-9439e52a6da7->597a450e-db00-46ca-b8ea-d9e1f9500f66#149-t1, previous=(t:1, i:18), leaderCommit=11, initializing? false, entries: <empty>
2019-09-17 12:36:43,076 [EventQueue-PipelineActionsForPipelineActionHandler] ERROR pipeline.PipelineActionHandler (PipelineActionHandler.java:onMessage(60)) - Received pipeline action CLOSE for Pipeline[ Id: 449ce985-78e6-4066-ad5b-faf0b6e2649d, Nodes: 4005f9e4-9000-4048-961f-9439e52a6da7{ip: 192.168.5.130, host: pr-hdds-2136-chhj8-2666454444, networkLocation: /default-rack, certSerialId: null}597a450e-db00-46ca-b8ea-d9e1f9500f66{ip: 192.168.5.130, host: pr-hdds-2136-chhj8-2666454444, networkLocation: /default-rack, certSerialId: null}9a3c5405-1b71-41e7-a1e6-d9c2b7bf9721{ip: 192.168.5.130, host: pr-hdds-2136-chhj8-2666454444, networkLocation: /default-rack, certSerialId: null}, Type:RATIS, Factor:THREE, State:CLOSED] from datanode 4005f9e4-9000-4048-961f-9439e52a6da7{ip: 192.168.5.130, host: pr-hdds-2136-chhj8-2666454444, networkLocation: /default-rack, certSerialId: null}. Reason : 4005f9e4-9000-4048-961f-9439e52a6da7 has not seen follower/s 597a450e-db00-46ca-b8ea-d9e1f9500f66 for 148846ms 9a3c5405-1b71-41e7-a1e6-d9c2b7bf9721 for 148845ms
2019-09-17 12:36:43,077 [EventQueue-PipelineActionsForPipelineActionHandler] INFO  pipeline.SCMPipelineManager (SCMPipelineManager.java:finalizeAndDestroyPipeline(311)) - destroying pipeline:Pipeline[ Id: 449ce985-78e6-4066-ad5b-faf0b6e2649d, Nodes: 4005f9e4-9000-4048-961f-9439e52a6da7{ip: 192.168.5.130, host: pr-hdds-2136-chhj8-2666454444, networkLocation: /default-rack, certSerialId: null}597a450e-db00-46ca-b8ea-d9e1f9500f66{ip: 192.168.5.130, host: pr-hdds-2136-chhj8-2666454444, networkLocation: /default-rack, certSerialId: null}9a3c5405-1b71-41e7-a1e6-d9c2b7bf9721{ip: 192.168.5.130, host: pr-hdds-2136-chhj8-2666454444, networkLocation: /default-rack, certSerialId: null}, Type:RATIS, Factor:THREE, State:CLOSED]
2019-09-17 12:36:43,914 [4005f9e4-9000-4048-961f-9439e52a6da7@group-FAF0B6E2649D-SegmentedRaftLogWorker] WARN  segmented.SegmentedRaftLogWorker (SegmentedRaftLogWorker.java:getFromFuture(90)) - Timeout 14/~
org.apache.ratis.protocol.TimeoutIOException: Timeout 10s: WriteLog:12: (t:1, i:12), STATEMACHINELOGENTRY, client-CDDE5ABED77C, cid=151-writeStateMachineData
	at org.apache.ratis.util.IOUtils.getFromFuture(IOUtils.java:87)
	at org.apache.ratis.server.raftlog.segmented.SegmentedRaftLogWorker$StateMachineDataPolicy.getFromFuture(SegmentedRaftLogWorker.java:87)
	at org.apache.ratis.server.raftlog.segmented.SegmentedRaftLogWorker$WriteLog.execute(SegmentedRaftLogWorker.java:477)
	at org.apache.ratis.server.raftlog.segmented.SegmentedRaftLogWorker.run(SegmentedRaftLogWorker.java:289)
	at java.lang.Thread.run(Thread.java:748)
Caused by: java.util.concurrent.TimeoutException
	at java.util.concurrent.CompletableFuture.timedGet(CompletableFuture.java:1771)
	at java.util.concurrent.CompletableFuture.get(CompletableFuture.java:1915)
	at org.apache.ratis.util.IOUtils.getFromFuture(IOUtils.java:79)
	... 4 more
2019-09-17 12:36:43,930 [9a3c5405-1b71-41e7-a1e6-d9c2b7bf9721@group-FAF0B6E2649D-SegmentedRaftLogWorker] WARN  segmented.SegmentedRaftLogWorker (SegmentedRaftLogWorker.java:getFromFuture(90)) - Timeout 14/~
org.apache.ratis.protocol.TimeoutIOException: Timeout 10s: WriteLog:12: (t:1, i:12), STATEMACHINELOGENTRY, client-CDDE5ABED77C, cid=151-writeStateMachineData
	at org.apache.ratis.util.IOUtils.getFromFuture(IOUtils.java:87)
	at org.apache.ratis.server.raftlog.segmented.SegmentedRaftLogWorker$StateMachineDataPolicy.getFromFuture(SegmentedRaftLogWorker.java:87)
	at org.apache.ratis.server.raftlog.segmented.SegmentedRaftLogWorker$WriteLog.execute(SegmentedRaftLogWorker.java:477)
	at org.apache.ratis.server.raftlog.segmented.SegmentedRaftLogWorker.run(SegmentedRaftLogWorker.java:289)
	at java.lang.Thread.run(Thread.java:748)
Caused by: java.util.concurrent.TimeoutException
	at java.util.concurrent.CompletableFuture.timedGet(CompletableFuture.java:1771)
	at java.util.concurrent.CompletableFuture.get(CompletableFuture.java:1915)
	at org.apache.ratis.util.IOUtils.getFromFuture(IOUtils.java:79)
	... 4 more
2019-09-17 12:36:43,930 [597a450e-db00-46ca-b8ea-d9e1f9500f66@group-FAF0B6E2649D-SegmentedRaftLogWorker] WARN  segmented.SegmentedRaftLogWorker (SegmentedRaftLogWorker.java:getFromFuture(90)) - Timeout 14/~
org.apache.ratis.protocol.TimeoutIOException: Timeout 10s: WriteLog:12: (t:1, i:12), STATEMACHINELOGENTRY, client-CDDE5ABED77C, cid=151-writeStateMachineData
	at org.apache.ratis.util.IOUtils.getFromFuture(IOUtils.java:87)
	at org.apache.ratis.server.raftlog.segmented.SegmentedRaftLogWorker$StateMachineDataPolicy.getFromFuture(SegmentedRaftLogWorker.java:87)
	at org.apache.ratis.server.raftlog.segmented.SegmentedRaftLogWorker$WriteLog.execute(SegmentedRaftLogWorker.java:477)
	at org.apache.ratis.server.raftlog.segmented.SegmentedRaftLogWorker.run(SegmentedRaftLogWorker.java:289)
	at java.lang.Thread.run(Thread.java:748)
Caused by: java.util.concurrent.TimeoutException
	at java.util.concurrent.CompletableFuture.timedGet(CompletableFuture.java:1771)
	at java.util.concurrent.CompletableFuture.get(CompletableFuture.java:1915)
	at org.apache.ratis.util.IOUtils.getFromFuture(IOUtils.java:79)
	... 4 more
2019-09-17 12:36:44,587 [org.apache.ratis.server.impl.LogAppender$AppenderDaemon$$Lambda$490/985692452@790f8f58] ERROR ratis.XceiverServerRatis (XceiverServerRatis.java:triggerPipelineClose(575)) - pipeline Action CLOSE  on pipeline PipelineID=449ce985-78e6-4066-ad5b-faf0b6e2649d.Reason : 4005f9e4-9000-4048-961f-9439e52a6da7 has not seen follower/s 597a450e-db00-46ca-b8ea-d9e1f9500f66 for 151346ms 9a3c5405-1b71-41e7-a1e6-d9c2b7bf9721 for 151346ms
2019-09-17 12:36:44,587 [org.apache.ratis.server.impl.LogAppender$AppenderDaemon$$Lambda$490/985692452@68dc2c2b] ERROR ratis.XceiverServerRatis (XceiverServerRatis.java:triggerPipelineClose(575)) - pipeline Action CLOSE  on pipeline PipelineID=449ce985-78e6-4066-ad5b-faf0b6e2649d.Reason : 4005f9e4-9000-4048-961f-9439e52a6da7 has not seen follower/s 597a450e-db00-46ca-b8ea-d9e1f9500f66 for 151347ms 9a3c5405-1b71-41e7-a1e6-d9c2b7bf9721 for 151347ms
2019-09-17 12:36:45,076 [EventQueue-PipelineActionsForPipelineActionHandler] ERROR pipeline.PipelineActionHandler (PipelineActionHandler.java:onMessage(60)) - Received pipeline action CLOSE for Pipeline[ Id: 449ce985-78e6-4066-ad5b-faf0b6e2649d, Nodes: 4005f9e4-9000-4048-961f-9439e52a6da7{ip: 192.168.5.130, host: pr-hdds-2136-chhj8-2666454444, networkLocation: /default-rack, certSerialId: null}597a450e-db00-46ca-b8ea-d9e1f9500f66{ip: 192.168.5.130, host: pr-hdds-2136-chhj8-2666454444, networkLocation: /default-rack, certSerialId: null}9a3c5405-1b71-41e7-a1e6-d9c2b7bf9721{ip: 192.168.5.130, host: pr-hdds-2136-chhj8-2666454444, networkLocation: /default-rack, certSerialId: null}, Type:RATIS, Factor:THREE, State:CLOSED] from datanode 4005f9e4-9000-4048-961f-9439e52a6da7{ip: 192.168.5.130, host: pr-hdds-2136-chhj8-2666454444, networkLocation: /default-rack, certSerialId: null}. Reason : 4005f9e4-9000-4048-961f-9439e52a6da7 has not seen follower/s 597a450e-db00-46ca-b8ea-d9e1f9500f66 for 151346ms 9a3c5405-1b71-41e7-a1e6-d9c2b7bf9721 for 151346ms
2019-09-17 12:36:45,076 [EventQueue-PipelineActionsForPipelineActionHandler] INFO  pipeline.SCMPipelineManager (SCMPipelineManager.java:finalizeAndDestroyPipeline(311)) - destroying pipeline:Pipeline[ Id: 449ce985-78e6-4066-ad5b-faf0b6e2649d, Nodes: 4005f9e4-9000-4048-961f-9439e52a6da7{ip: 192.168.5.130, host: pr-hdds-2136-chhj8-2666454444, networkLocation: /default-rack, certSerialId: null}597a450e-db00-46ca-b8ea-d9e1f9500f66{ip: 192.168.5.130, host: pr-hdds-2136-chhj8-2666454444, networkLocation: /default-rack, certSerialId: null}9a3c5405-1b71-41e7-a1e6-d9c2b7bf9721{ip: 192.168.5.130, host: pr-hdds-2136-chhj8-2666454444, networkLocation: /default-rack, certSerialId: null}, Type:RATIS, Factor:THREE, State:CLOSED]
2019-09-17 12:36:45,086 [java.util.concurrent.ThreadPoolExecutor$Worker@7394651c[State = -1, empty queue]] WARN  server.GrpcLogAppender (GrpcLogAppender.java:timeoutAppendRequest(200)) - 4005f9e4-9000-4048-961f-9439e52a6da7@group-FAF0B6E2649D->9a3c5405-1b71-41e7-a1e6-d9c2b7bf9721-GrpcLogAppender: appendEntries Timeout, request=4005f9e4-9000-4048-961f-9439e52a6da7->9a3c5405-1b71-41e7-a1e6-d9c2b7bf9721#150-t1, previous=(t:1, i:18), leaderCommit=11, initializing? false, entries: <empty>
2019-09-17 12:36:45,086 [java.util.concurrent.ThreadPoolExecutor$Worker@628100a2[State = -1, empty queue]] WARN  server.GrpcLogAppender (GrpcLogAppender.java:timeoutAppendRequest(200)) - 4005f9e4-9000-4048-961f-9439e52a6da7@group-FAF0B6E2649D->597a450e-db00-46ca-b8ea-d9e1f9500f66-GrpcLogAppender: appendEntries Timeout, request=4005f9e4-9000-4048-961f-9439e52a6da7->597a450e-db00-46ca-b8ea-d9e1f9500f66#150-t1, previous=(t:1, i:18), leaderCommit=11, initializing? false, entries: <empty>
2019-09-17 12:36:45,155 [grpc-default-executor-0] INFO  client.GrpcClientProtocolClient (GrpcClientProtocolClient.java:onNext(264)) - client-CDDE5ABED77C->9a3c5405-1b71-41e7-a1e6-d9c2b7bf9721: receive RaftClientReply:client-CDDE5ABED77C->9a3c5405-1b71-41e7-a1e6-d9c2b7bf9721@group-FAF0B6E2649D, cid=151, FAILED org.apache.ratis.protocol.NotLeaderException: Server 9a3c5405-1b71-41e7-a1e6-d9c2b7bf9721@group-FAF0B6E2649D is not the leader 4005f9e4-9000-4048-961f-9439e52a6da7:192.168.5.130:43091, logIndex=0, commits[9a3c5405-1b71-41e7-a1e6-d9c2b7bf9721:c11, 597a450e-db00-46ca-b8ea-d9e1f9500f66:c7, 4005f9e4-9000-4048-961f-9439e52a6da7:c11]
2019-09-17 12:36:47,088 [org.apache.ratis.server.impl.LogAppender$AppenderDaemon$$Lambda$490/985692452@68dc2c2b] ERROR ratis.XceiverServerRatis (XceiverServerRatis.java:triggerPipelineClose(575)) - pipeline Action CLOSE  on pipeline PipelineID=449ce985-78e6-4066-ad5b-faf0b6e2649d.Reason : 4005f9e4-9000-4048-961f-9439e52a6da7 has not seen follower/s 597a450e-db00-46ca-b8ea-d9e1f9500f66 for 153848ms 9a3c5405-1b71-41e7-a1e6-d9c2b7bf9721 for 153847ms
2019-09-17 12:36:47,088 [org.apache.ratis.server.impl.LogAppender$AppenderDaemon$$Lambda$490/985692452@790f8f58] ERROR ratis.XceiverServerRatis (XceiverServerRatis.java:triggerPipelineClose(575)) - pipeline Action CLOSE  on pipeline PipelineID=449ce985-78e6-4066-ad5b-faf0b6e2649d.Reason : 4005f9e4-9000-4048-961f-9439e52a6da7 has not seen follower/s 597a450e-db00-46ca-b8ea-d9e1f9500f66 for 153848ms 9a3c5405-1b71-41e7-a1e6-d9c2b7bf9721 for 153847ms
2019-09-17 12:36:47,587 [java.util.concurrent.ThreadPoolExecutor$Worker@7394651c[State = -1, empty queue]] WARN  server.GrpcLogAppender (GrpcLogAppender.java:timeoutAppendRequest(200)) - 4005f9e4-9000-4048-961f-9439e52a6da7@group-FAF0B6E2649D->9a3c5405-1b71-41e7-a1e6-d9c2b7bf9721-GrpcLogAppender: appendEntries Timeout, request=4005f9e4-9000-4048-961f-9439e52a6da7->9a3c5405-1b71-41e7-a1e6-d9c2b7bf9721#151-t1, previous=(t:1, i:18), leaderCommit=11, initializing? false, entries: <empty>
2019-09-17 12:36:47,587 [java.util.concurrent.ThreadPoolExecutor$Worker@628100a2[State = -1, empty queue]] WARN  server.GrpcLogAppender (GrpcLogAppender.java:timeoutAppendRequest(200)) - 4005f9e4-9000-4048-961f-9439e52a6da7@group-FAF0B6E2649D->597a450e-db00-46ca-b8ea-d9e1f9500f66-GrpcLogAppender: appendEntries Timeout, request=4005f9e4-9000-4048-961f-9439e52a6da7->597a450e-db00-46ca-b8ea-d9e1f9500f66#151-t1, previous=(t:1, i:18), leaderCommit=11, initializing? false, entries: <empty>
2019-09-17 12:36:48,077 [EventQueue-PipelineActionsForPipelineActionHandler] ERROR pipeline.PipelineActionHandler (PipelineActionHandler.java:onMessage(60)) - Received pipeline action CLOSE for Pipeline[ Id: 449ce985-78e6-4066-ad5b-faf0b6e2649d, Nodes: 4005f9e4-9000-4048-961f-9439e52a6da7{ip: 192.168.5.130, host: pr-hdds-2136-chhj8-2666454444, networkLocation: /default-rack, certSerialId: null}597a450e-db00-46ca-b8ea-d9e1f9500f66{ip: 192.168.5.130, host: pr-hdds-2136-chhj8-2666454444, networkLocation: /default-rack, certSerialId: null}9a3c5405-1b71-41e7-a1e6-d9c2b7bf9721{ip: 192.168.5.130, host: pr-hdds-2136-chhj8-2666454444, networkLocation: /default-rack, certSerialId: null}, Type:RATIS, Factor:THREE, State:CLOSED] from datanode 4005f9e4-9000-4048-961f-9439e52a6da7{ip: 192.168.5.130, host: pr-hdds-2136-chhj8-2666454444, networkLocation: /default-rack, certSerialId: null}. Reason : 4005f9e4-9000-4048-961f-9439e52a6da7 has not seen follower/s 597a450e-db00-46ca-b8ea-d9e1f9500f66 for 153848ms 9a3c5405-1b71-41e7-a1e6-d9c2b7bf9721 for 153847ms
2019-09-17 12:36:48,077 [EventQueue-PipelineActionsForPipelineActionHandler] INFO  pipeline.SCMPipelineManager (SCMPipelineManager.java:finalizeAndDestroyPipeline(311)) - destroying pipeline:Pipeline[ Id: 449ce985-78e6-4066-ad5b-faf0b6e2649d, Nodes: 4005f9e4-9000-4048-961f-9439e52a6da7{ip: 192.168.5.130, host: pr-hdds-2136-chhj8-2666454444, networkLocation: /default-rack, certSerialId: null}597a450e-db00-46ca-b8ea-d9e1f9500f66{ip: 192.168.5.130, host: pr-hdds-2136-chhj8-2666454444, networkLocation: /default-rack, certSerialId: null}9a3c5405-1b71-41e7-a1e6-d9c2b7bf9721{ip: 192.168.5.130, host: pr-hdds-2136-chhj8-2666454444, networkLocation: /default-rack, certSerialId: null}, Type:RATIS, Factor:THREE, State:CLOSED]
2019-09-17 12:36:49,589 [org.apache.ratis.server.impl.LogAppender$AppenderDaemon$$Lambda$490/985692452@790f8f58] ERROR ratis.XceiverServerRatis (XceiverServerRatis.java:triggerPipelineClose(575)) - pipeline Action CLOSE  on pipeline PipelineID=449ce985-78e6-4066-ad5b-faf0b6e2649d.Reason : 4005f9e4-9000-4048-961f-9439e52a6da7 has not seen follower/s 597a450e-db00-46ca-b8ea-d9e1f9500f66 for 156349ms 9a3c5405-1b71-41e7-a1e6-d9c2b7bf9721 for 156348ms
2019-09-17 12:36:49,589 [org.apache.ratis.server.impl.LogAppender$AppenderDaemon$$Lambda$490/985692452@68dc2c2b] ERROR ratis.XceiverServerRatis (XceiverServerRatis.java:triggerPipelineClose(575)) - pipeline Action CLOSE  on pipeline PipelineID=449ce985-78e6-4066-ad5b-faf0b6e2649d.Reason : 4005f9e4-9000-4048-961f-9439e52a6da7 has not seen follower/s 597a450e-db00-46ca-b8ea-d9e1f9500f66 for 156349ms 9a3c5405-1b71-41e7-a1e6-d9c2b7bf9721 for 156348ms
2019-09-17 12:36:50,078 [EventQueue-PipelineActionsForPipelineActionHandler] ERROR pipeline.PipelineActionHandler (PipelineActionHandler.java:onMessage(60)) - Received pipeline action CLOSE for Pipeline[ Id: 449ce985-78e6-4066-ad5b-faf0b6e2649d, Nodes: 4005f9e4-9000-4048-961f-9439e52a6da7{ip: 192.168.5.130, host: pr-hdds-2136-chhj8-2666454444, networkLocation: /default-rack, certSerialId: null}597a450e-db00-46ca-b8ea-d9e1f9500f66{ip: 192.168.5.130, host: pr-hdds-2136-chhj8-2666454444, networkLocation: /default-rack, certSerialId: null}9a3c5405-1b71-41e7-a1e6-d9c2b7bf9721{ip: 192.168.5.130, host: pr-hdds-2136-chhj8-2666454444, networkLocation: /default-rack, certSerialId: null}, Type:RATIS, Factor:THREE, State:CLOSED] from datanode 4005f9e4-9000-4048-961f-9439e52a6da7{ip: 192.168.5.130, host: pr-hdds-2136-chhj8-2666454444, networkLocation: /default-rack, certSerialId: null}. Reason : 4005f9e4-9000-4048-961f-9439e52a6da7 has not seen follower/s 597a450e-db00-46ca-b8ea-d9e1f9500f66 for 156349ms 9a3c5405-1b71-41e7-a1e6-d9c2b7bf9721 for 156348ms
2019-09-17 12:36:50,078 [EventQueue-PipelineActionsForPipelineActionHandler] INFO  pipeline.SCMPipelineManager (SCMPipelineManager.java:finalizeAndDestroyPipeline(311)) - destroying pipeline:Pipeline[ Id: 449ce985-78e6-4066-ad5b-faf0b6e2649d, Nodes: 4005f9e4-9000-4048-961f-9439e52a6da7{ip: 192.168.5.130, host: pr-hdds-2136-chhj8-2666454444, networkLocation: /default-rack, certSerialId: null}597a450e-db00-46ca-b8ea-d9e1f9500f66{ip: 192.168.5.130, host: pr-hdds-2136-chhj8-2666454444, networkLocation: /default-rack, certSerialId: null}9a3c5405-1b71-41e7-a1e6-d9c2b7bf9721{ip: 192.168.5.130, host: pr-hdds-2136-chhj8-2666454444, networkLocation: /default-rack, certSerialId: null}, Type:RATIS, Factor:THREE, State:CLOSED]
2019-09-17 12:36:50,088 [java.util.concurrent.ThreadPoolExecutor$Worker@628100a2[State = -1, empty queue]] WARN  server.GrpcLogAppender (GrpcLogAppender.java:timeoutAppendRequest(200)) - 4005f9e4-9000-4048-961f-9439e52a6da7@group-FAF0B6E2649D->597a450e-db00-46ca-b8ea-d9e1f9500f66-GrpcLogAppender: appendEntries Timeout, request=4005f9e4-9000-4048-961f-9439e52a6da7->597a450e-db00-46ca-b8ea-d9e1f9500f66#152-t1, previous=(t:1, i:18), leaderCommit=11, initializing? false, entries: <empty>
2019-09-17 12:36:50,088 [java.util.concurrent.ThreadPoolExecutor$Worker@7394651c[State = -1, empty queue]] WARN  server.GrpcLogAppender (GrpcLogAppender.java:timeoutAppendRequest(200)) - 4005f9e4-9000-4048-961f-9439e52a6da7@group-FAF0B6E2649D->9a3c5405-1b71-41e7-a1e6-d9c2b7bf9721-GrpcLogAppender: appendEntries Timeout, request=4005f9e4-9000-4048-961f-9439e52a6da7->9a3c5405-1b71-41e7-a1e6-d9c2b7bf9721#152-t1, previous=(t:1, i:18), leaderCommit=11, initializing? false, entries: <empty>
2019-09-17 12:36:50,200 [grpc-default-executor-10] INFO  client.GrpcClientProtocolClient (GrpcClientProtocolClient.java:onNext(264)) - client-CDDE5ABED77C->9a3c5405-1b71-41e7-a1e6-d9c2b7bf9721: receive RaftClientReply:client-CDDE5ABED77C->9a3c5405-1b71-41e7-a1e6-d9c2b7bf9721@group-FAF0B6E2649D, cid=151, FAILED org.apache.ratis.protocol.NotLeaderException: Server 9a3c5405-1b71-41e7-a1e6-d9c2b7bf9721@group-FAF0B6E2649D is not the leader 4005f9e4-9000-4048-961f-9439e52a6da7:192.168.5.130:43091, logIndex=0, commits[9a3c5405-1b71-41e7-a1e6-d9c2b7bf9721:c11, 597a450e-db00-46ca-b8ea-d9e1f9500f66:c7, 4005f9e4-9000-4048-961f-9439e52a6da7:c11]
2019-09-17 12:36:52,090 [org.apache.ratis.server.impl.LogAppender$AppenderDaemon$$Lambda$490/985692452@790f8f58] ERROR ratis.XceiverServerRatis (XceiverServerRatis.java:triggerPipelineClose(575)) - pipeline Action CLOSE  on pipeline PipelineID=449ce985-78e6-4066-ad5b-faf0b6e2649d.Reason : 4005f9e4-9000-4048-961f-9439e52a6da7 has not seen follower/s 597a450e-db00-46ca-b8ea-d9e1f9500f66 for 158850ms 9a3c5405-1b71-41e7-a1e6-d9c2b7bf9721 for 158849ms
2019-09-17 12:36:52,090 [org.apache.ratis.server.impl.LogAppender$AppenderDaemon$$Lambda$490/985692452@68dc2c2b] ERROR ratis.XceiverServerRatis (XceiverServerRatis.java:triggerPipelineClose(575)) - pipeline Action CLOSE  on pipeline PipelineID=449ce985-78e6-4066-ad5b-faf0b6e2649d.Reason : 4005f9e4-9000-4048-961f-9439e52a6da7 has not seen follower/s 597a450e-db00-46ca-b8ea-d9e1f9500f66 for 158850ms 9a3c5405-1b71-41e7-a1e6-d9c2b7bf9721 for 158849ms
2019-09-17 12:36:52,589 [java.util.concurrent.ThreadPoolExecutor$Worker@7394651c[State = -1, empty queue]] WARN  server.GrpcLogAppender (GrpcLogAppender.java:timeoutAppendRequest(200)) - 4005f9e4-9000-4048-961f-9439e52a6da7@group-FAF0B6E2649D->9a3c5405-1b71-41e7-a1e6-d9c2b7bf9721-GrpcLogAppender: appendEntries Timeout, request=4005f9e4-9000-4048-961f-9439e52a6da7->9a3c5405-1b71-41e7-a1e6-d9c2b7bf9721#153-t1, previous=(t:1, i:18), leaderCommit=11, initializing? false, entries: <empty>
2019-09-17 12:36:52,589 [java.util.concurrent.ThreadPoolExecutor$Worker@628100a2[State = -1, empty queue]] WARN  server.GrpcLogAppender (GrpcLogAppender.java:timeoutAppendRequest(200)) - 4005f9e4-9000-4048-961f-9439e52a6da7@group-FAF0B6E2649D->597a450e-db00-46ca-b8ea-d9e1f9500f66-GrpcLogAppender: appendEntries Timeout, request=4005f9e4-9000-4048-961f-9439e52a6da7->597a450e-db00-46ca-b8ea-d9e1f9500f66#153-t1, previous=(t:1, i:18), leaderCommit=11, initializing? false, entries: <empty>
2019-09-17 12:36:53,078 [EventQueue-PipelineActionsForPipelineActionHandler] ERROR pipeline.PipelineActionHandler (PipelineActionHandler.java:onMessage(60)) - Received pipeline action CLOSE for Pipeline[ Id: 449ce985-78e6-4066-ad5b-faf0b6e2649d, Nodes: 4005f9e4-9000-4048-961f-9439e52a6da7{ip: 192.168.5.130, host: pr-hdds-2136-chhj8-2666454444, networkLocation: /default-rack, certSerialId: null}597a450e-db00-46ca-b8ea-d9e1f9500f66{ip: 192.168.5.130, host: pr-hdds-2136-chhj8-2666454444, networkLocation: /default-rack, certSerialId: null}9a3c5405-1b71-41e7-a1e6-d9c2b7bf9721{ip: 192.168.5.130, host: pr-hdds-2136-chhj8-2666454444, networkLocation: /default-rack, certSerialId: null}, Type:RATIS, Factor:THREE, State:CLOSED] from datanode 4005f9e4-9000-4048-961f-9439e52a6da7{ip: 192.168.5.130, host: pr-hdds-2136-chhj8-2666454444, networkLocation: /default-rack, certSerialId: null}. Reason : 4005f9e4-9000-4048-961f-9439e52a6da7 has not seen follower/s 597a450e-db00-46ca-b8ea-d9e1f9500f66 for 158850ms 9a3c5405-1b71-41e7-a1e6-d9c2b7bf9721 for 158849ms
2019-09-17 12:36:53,079 [EventQueue-PipelineActionsForPipelineActionHandler] INFO  pipeline.SCMPipelineManager (SCMPipelineManager.java:finalizeAndDestroyPipeline(311)) - destroying pipeline:Pipeline[ Id: 449ce985-78e6-4066-ad5b-faf0b6e2649d, Nodes: 4005f9e4-9000-4048-961f-9439e52a6da7{ip: 192.168.5.130, host: pr-hdds-2136-chhj8-2666454444, networkLocation: /default-rack, certSerialId: null}597a450e-db00-46ca-b8ea-d9e1f9500f66{ip: 192.168.5.130, host: pr-hdds-2136-chhj8-2666454444, networkLocation: /default-rack, certSerialId: null}9a3c5405-1b71-41e7-a1e6-d9c2b7bf9721{ip: 192.168.5.130, host: pr-hdds-2136-chhj8-2666454444, networkLocation: /default-rack, certSerialId: null}, Type:RATIS, Factor:THREE, State:CLOSED]
2019-09-17 12:36:53,915 [4005f9e4-9000-4048-961f-9439e52a6da7@group-FAF0B6E2649D-SegmentedRaftLogWorker] WARN  segmented.SegmentedRaftLogWorker (SegmentedRaftLogWorker.java:getFromFuture(90)) - Timeout 15/~
org.apache.ratis.protocol.TimeoutIOException: Timeout 10s: WriteLog:12: (t:1, i:12), STATEMACHINELOGENTRY, client-CDDE5ABED77C, cid=151-writeStateMachineData
	at org.apache.ratis.util.IOUtils.getFromFuture(IOUtils.java:87)
	at org.apache.ratis.server.raftlog.segmented.SegmentedRaftLogWorker$StateMachineDataPolicy.getFromFuture(SegmentedRaftLogWorker.java:87)
	at org.apache.ratis.server.raftlog.segmented.SegmentedRaftLogWorker$WriteLog.execute(SegmentedRaftLogWorker.java:477)
	at org.apache.ratis.server.raftlog.segmented.SegmentedRaftLogWorker.run(SegmentedRaftLogWorker.java:289)
	at java.lang.Thread.run(Thread.java:748)
Caused by: java.util.concurrent.TimeoutException
	at java.util.concurrent.CompletableFuture.timedGet(CompletableFuture.java:1771)
	at java.util.concurrent.CompletableFuture.get(CompletableFuture.java:1915)
	at org.apache.ratis.util.IOUtils.getFromFuture(IOUtils.java:79)
	... 4 more
2019-09-17 12:36:53,931 [9a3c5405-1b71-41e7-a1e6-d9c2b7bf9721@group-FAF0B6E2649D-SegmentedRaftLogWorker] WARN  segmented.SegmentedRaftLogWorker (SegmentedRaftLogWorker.java:getFromFuture(90)) - Timeout 15/~
org.apache.ratis.protocol.TimeoutIOException: Timeout 10s: WriteLog:12: (t:1, i:12), STATEMACHINELOGENTRY, client-CDDE5ABED77C, cid=151-writeStateMachineData
	at org.apache.ratis.util.IOUtils.getFromFuture(IOUtils.java:87)
	at org.apache.ratis.server.raftlog.segmented.SegmentedRaftLogWorker$StateMachineDataPolicy.getFromFuture(SegmentedRaftLogWorker.java:87)
	at org.apache.ratis.server.raftlog.segmented.SegmentedRaftLogWorker$WriteLog.execute(SegmentedRaftLogWorker.java:477)
	at org.apache.ratis.server.raftlog.segmented.SegmentedRaftLogWorker.run(SegmentedRaftLogWorker.java:289)
	at java.lang.Thread.run(Thread.java:748)
Caused by: java.util.concurrent.TimeoutException
	at java.util.concurrent.CompletableFuture.timedGet(CompletableFuture.java:1771)
	at java.util.concurrent.CompletableFuture.get(CompletableFuture.java:1915)
	at org.apache.ratis.util.IOUtils.getFromFuture(IOUtils.java:79)
	... 4 more
2019-09-17 12:36:53,945 [597a450e-db00-46ca-b8ea-d9e1f9500f66@group-FAF0B6E2649D-SegmentedRaftLogWorker] WARN  segmented.SegmentedRaftLogWorker (SegmentedRaftLogWorker.java:getFromFuture(90)) - Timeout 15/~
org.apache.ratis.protocol.TimeoutIOException: Timeout 10s: WriteLog:12: (t:1, i:12), STATEMACHINELOGENTRY, client-CDDE5ABED77C, cid=151-writeStateMachineData
	at org.apache.ratis.util.IOUtils.getFromFuture(IOUtils.java:87)
	at org.apache.ratis.server.raftlog.segmented.SegmentedRaftLogWorker$StateMachineDataPolicy.getFromFuture(SegmentedRaftLogWorker.java:87)
	at org.apache.ratis.server.raftlog.segmented.SegmentedRaftLogWorker$WriteLog.execute(SegmentedRaftLogWorker.java:477)
	at org.apache.ratis.server.raftlog.segmented.SegmentedRaftLogWorker.run(SegmentedRaftLogWorker.java:289)
	at java.lang.Thread.run(Thread.java:748)
Caused by: java.util.concurrent.TimeoutException
	at java.util.concurrent.CompletableFuture.timedGet(CompletableFuture.java:1771)
	at java.util.concurrent.CompletableFuture.get(CompletableFuture.java:1915)
	at org.apache.ratis.util.IOUtils.getFromFuture(IOUtils.java:79)
	... 4 more
2019-09-17 12:36:54,591 [org.apache.ratis.server.impl.LogAppender$AppenderDaemon$$Lambda$490/985692452@790f8f58] ERROR ratis.XceiverServerRatis (XceiverServerRatis.java:triggerPipelineClose(575)) - pipeline Action CLOSE  on pipeline PipelineID=449ce985-78e6-4066-ad5b-faf0b6e2649d.Reason : 4005f9e4-9000-4048-961f-9439e52a6da7 has not seen follower/s 597a450e-db00-46ca-b8ea-d9e1f9500f66 for 161351ms 9a3c5405-1b71-41e7-a1e6-d9c2b7bf9721 for 161351ms
2019-09-17 12:36:54,591 [org.apache.ratis.server.impl.LogAppender$AppenderDaemon$$Lambda$490/985692452@68dc2c2b] ERROR ratis.XceiverServerRatis (XceiverServerRatis.java:triggerPipelineClose(575)) - pipeline Action CLOSE  on pipeline PipelineID=449ce985-78e6-4066-ad5b-faf0b6e2649d.Reason : 4005f9e4-9000-4048-961f-9439e52a6da7 has not seen follower/s 597a450e-db00-46ca-b8ea-d9e1f9500f66 for 161351ms 9a3c5405-1b71-41e7-a1e6-d9c2b7bf9721 for 161351ms
2019-09-17 12:36:55,077 [EventQueue-PipelineActionsForPipelineActionHandler] ERROR pipeline.PipelineActionHandler (PipelineActionHandler.java:onMessage(60)) - Received pipeline action CLOSE for Pipeline[ Id: 449ce985-78e6-4066-ad5b-faf0b6e2649d, Nodes: 4005f9e4-9000-4048-961f-9439e52a6da7{ip: 192.168.5.130, host: pr-hdds-2136-chhj8-2666454444, networkLocation: /default-rack, certSerialId: null}597a450e-db00-46ca-b8ea-d9e1f9500f66{ip: 192.168.5.130, host: pr-hdds-2136-chhj8-2666454444, networkLocation: /default-rack, certSerialId: null}9a3c5405-1b71-41e7-a1e6-d9c2b7bf9721{ip: 192.168.5.130, host: pr-hdds-2136-chhj8-2666454444, networkLocation: /default-rack, certSerialId: null}, Type:RATIS, Factor:THREE, State:CLOSED] from datanode 4005f9e4-9000-4048-961f-9439e52a6da7{ip: 192.168.5.130, host: pr-hdds-2136-chhj8-2666454444, networkLocation: /default-rack, certSerialId: null}. Reason : 4005f9e4-9000-4048-961f-9439e52a6da7 has not seen follower/s 597a450e-db00-46ca-b8ea-d9e1f9500f66 for 161351ms 9a3c5405-1b71-41e7-a1e6-d9c2b7bf9721 for 161351ms
2019-09-17 12:36:55,077 [EventQueue-PipelineActionsForPipelineActionHandler] INFO  pipeline.SCMPipelineManager (SCMPipelineManager.java:finalizeAndDestroyPipeline(311)) - destroying pipeline:Pipeline[ Id: 449ce985-78e6-4066-ad5b-faf0b6e2649d, Nodes: 4005f9e4-9000-4048-961f-9439e52a6da7{ip: 192.168.5.130, host: pr-hdds-2136-chhj8-2666454444, networkLocation: /default-rack, certSerialId: null}597a450e-db00-46ca-b8ea-d9e1f9500f66{ip: 192.168.5.130, host: pr-hdds-2136-chhj8-2666454444, networkLocation: /default-rack, certSerialId: null}9a3c5405-1b71-41e7-a1e6-d9c2b7bf9721{ip: 192.168.5.130, host: pr-hdds-2136-chhj8-2666454444, networkLocation: /default-rack, certSerialId: null}, Type:RATIS, Factor:THREE, State:CLOSED]
2019-09-17 12:36:55,090 [java.util.concurrent.ThreadPoolExecutor$Worker@628100a2[State = -1, empty queue]] WARN  server.GrpcLogAppender (GrpcLogAppender.java:timeoutAppendRequest(200)) - 4005f9e4-9000-4048-961f-9439e52a6da7@group-FAF0B6E2649D->597a450e-db00-46ca-b8ea-d9e1f9500f66-GrpcLogAppender: appendEntries Timeout, request=4005f9e4-9000-4048-961f-9439e52a6da7->597a450e-db00-46ca-b8ea-d9e1f9500f66#154-t1, previous=(t:1, i:18), leaderCommit=11, initializing? false, entries: <empty>
2019-09-17 12:36:55,090 [java.util.concurrent.ThreadPoolExecutor$Worker@7394651c[State = -1, empty queue]] WARN  server.GrpcLogAppender (GrpcLogAppender.java:timeoutAppendRequest(200)) - 4005f9e4-9000-4048-961f-9439e52a6da7@group-FAF0B6E2649D->9a3c5405-1b71-41e7-a1e6-d9c2b7bf9721-GrpcLogAppender: appendEntries Timeout, request=4005f9e4-9000-4048-961f-9439e52a6da7->9a3c5405-1b71-41e7-a1e6-d9c2b7bf9721#154-t1, previous=(t:1, i:18), leaderCommit=11, initializing? false, entries: <empty>
2019-09-17 12:36:55,246 [grpc-default-executor-0] INFO  client.GrpcClientProtocolClient (GrpcClientProtocolClient.java:onNext(264)) - client-CDDE5ABED77C->597a450e-db00-46ca-b8ea-d9e1f9500f66: receive RaftClientReply:client-CDDE5ABED77C->597a450e-db00-46ca-b8ea-d9e1f9500f66@group-FAF0B6E2649D, cid=151, FAILED org.apache.ratis.protocol.NotLeaderException: Server 597a450e-db00-46ca-b8ea-d9e1f9500f66@group-FAF0B6E2649D is not the leader 4005f9e4-9000-4048-961f-9439e52a6da7:192.168.5.130:43091, logIndex=0, commits[597a450e-db00-46ca-b8ea-d9e1f9500f66:c11, 9a3c5405-1b71-41e7-a1e6-d9c2b7bf9721:c7, 4005f9e4-9000-4048-961f-9439e52a6da7:c11]
2019-09-17 12:36:57,092 [org.apache.ratis.server.impl.LogAppender$AppenderDaemon$$Lambda$490/985692452@68dc2c2b] ERROR ratis.XceiverServerRatis (XceiverServerRatis.java:triggerPipelineClose(575)) - pipeline Action CLOSE  on pipeline PipelineID=449ce985-78e6-4066-ad5b-faf0b6e2649d.Reason : 4005f9e4-9000-4048-961f-9439e52a6da7 has not seen follower/s 597a450e-db00-46ca-b8ea-d9e1f9500f66 for 163851ms 9a3c5405-1b71-41e7-a1e6-d9c2b7bf9721 for 163851ms
2019-09-17 12:36:57,092 [org.apache.ratis.server.impl.LogAppender$AppenderDaemon$$Lambda$490/985692452@790f8f58] ERROR ratis.XceiverServerRatis (XceiverServerRatis.java:triggerPipelineClose(575)) - pipeline Action CLOSE  on pipeline PipelineID=449ce985-78e6-4066-ad5b-faf0b6e2649d.Reason : 4005f9e4-9000-4048-961f-9439e52a6da7 has not seen follower/s 597a450e-db00-46ca-b8ea-d9e1f9500f66 for 163852ms 9a3c5405-1b71-41e7-a1e6-d9c2b7bf9721 for 163852ms
2019-09-17 12:36:57,591 [java.util.concurrent.ThreadPoolExecutor$Worker@7394651c[State = -1, empty queue]] WARN  server.GrpcLogAppender (GrpcLogAppender.java:timeoutAppendRequest(200)) - 4005f9e4-9000-4048-961f-9439e52a6da7@group-FAF0B6E2649D->9a3c5405-1b71-41e7-a1e6-d9c2b7bf9721-GrpcLogAppender: appendEntries Timeout, request=4005f9e4-9000-4048-961f-9439e52a6da7->9a3c5405-1b71-41e7-a1e6-d9c2b7bf9721#155-t1, previous=(t:1, i:18), leaderCommit=11, initializing? false, entries: <empty>
2019-09-17 12:36:57,591 [java.util.concurrent.ThreadPoolExecutor$Worker@628100a2[State = -1, empty queue]] WARN  server.GrpcLogAppender (GrpcLogAppender.java:timeoutAppendRequest(200)) - 4005f9e4-9000-4048-961f-9439e52a6da7@group-FAF0B6E2649D->597a450e-db00-46ca-b8ea-d9e1f9500f66-GrpcLogAppender: appendEntries Timeout, request=4005f9e4-9000-4048-961f-9439e52a6da7->597a450e-db00-46ca-b8ea-d9e1f9500f66#155-t1, previous=(t:1, i:18), leaderCommit=11, initializing? false, entries: <empty>
2019-09-17 12:36:58,077 [EventQueue-PipelineActionsForPipelineActionHandler] ERROR pipeline.PipelineActionHandler (PipelineActionHandler.java:onMessage(60)) - Received pipeline action CLOSE for Pipeline[ Id: 449ce985-78e6-4066-ad5b-faf0b6e2649d, Nodes: 4005f9e4-9000-4048-961f-9439e52a6da7{ip: 192.168.5.130, host: pr-hdds-2136-chhj8-2666454444, networkLocation: /default-rack, certSerialId: null}597a450e-db00-46ca-b8ea-d9e1f9500f66{ip: 192.168.5.130, host: pr-hdds-2136-chhj8-2666454444, networkLocation: /default-rack, certSerialId: null}9a3c5405-1b71-41e7-a1e6-d9c2b7bf9721{ip: 192.168.5.130, host: pr-hdds-2136-chhj8-2666454444, networkLocation: /default-rack, certSerialId: null}, Type:RATIS, Factor:THREE, State:CLOSED] from datanode 4005f9e4-9000-4048-961f-9439e52a6da7{ip: 192.168.5.130, host: pr-hdds-2136-chhj8-2666454444, networkLocation: /default-rack, certSerialId: null}. Reason : 4005f9e4-9000-4048-961f-9439e52a6da7 has not seen follower/s 597a450e-db00-46ca-b8ea-d9e1f9500f66 for 163851ms 9a3c5405-1b71-41e7-a1e6-d9c2b7bf9721 for 163851ms
2019-09-17 12:36:58,078 [EventQueue-PipelineActionsForPipelineActionHandler] INFO  pipeline.SCMPipelineManager (SCMPipelineManager.java:finalizeAndDestroyPipeline(311)) - destroying pipeline:Pipeline[ Id: 449ce985-78e6-4066-ad5b-faf0b6e2649d, Nodes: 4005f9e4-9000-4048-961f-9439e52a6da7{ip: 192.168.5.130, host: pr-hdds-2136-chhj8-2666454444, networkLocation: /default-rack, certSerialId: null}597a450e-db00-46ca-b8ea-d9e1f9500f66{ip: 192.168.5.130, host: pr-hdds-2136-chhj8-2666454444, networkLocation: /default-rack, certSerialId: null}9a3c5405-1b71-41e7-a1e6-d9c2b7bf9721{ip: 192.168.5.130, host: pr-hdds-2136-chhj8-2666454444, networkLocation: /default-rack, certSerialId: null}, Type:RATIS, Factor:THREE, State:CLOSED]
2019-09-17 12:36:59,593 [org.apache.ratis.server.impl.LogAppender$AppenderDaemon$$Lambda$490/985692452@68dc2c2b] ERROR ratis.XceiverServerRatis (XceiverServerRatis.java:triggerPipelineClose(575)) - pipeline Action CLOSE  on pipeline PipelineID=449ce985-78e6-4066-ad5b-faf0b6e2649d.Reason : 4005f9e4-9000-4048-961f-9439e52a6da7 has not seen follower/s 597a450e-db00-46ca-b8ea-d9e1f9500f66 for 166352ms 9a3c5405-1b71-41e7-a1e6-d9c2b7bf9721 for 166352ms
2019-09-17 12:36:59,593 [org.apache.ratis.server.impl.LogAppender$AppenderDaemon$$Lambda$490/985692452@790f8f58] ERROR ratis.XceiverServerRatis (XceiverServerRatis.java:triggerPipelineClose(575)) - pipeline Action CLOSE  on pipeline PipelineID=449ce985-78e6-4066-ad5b-faf0b6e2649d.Reason : 4005f9e4-9000-4048-961f-9439e52a6da7 has not seen follower/s 597a450e-db00-46ca-b8ea-d9e1f9500f66 for 166353ms 9a3c5405-1b71-41e7-a1e6-d9c2b7bf9721 for 166352ms
2019-09-17 12:37:00,077 [EventQueue-PipelineActionsForPipelineActionHandler] ERROR pipeline.PipelineActionHandler (PipelineActionHandler.java:onMessage(60)) - Received pipeline action CLOSE for Pipeline[ Id: 449ce985-78e6-4066-ad5b-faf0b6e2649d, Nodes: 4005f9e4-9000-4048-961f-9439e52a6da7{ip: 192.168.5.130, host: pr-hdds-2136-chhj8-2666454444, networkLocation: /default-rack, certSerialId: null}597a450e-db00-46ca-b8ea-d9e1f9500f66{ip: 192.168.5.130, host: pr-hdds-2136-chhj8-2666454444, networkLocation: /default-rack, certSerialId: null}9a3c5405-1b71-41e7-a1e6-d9c2b7bf9721{ip: 192.168.5.130, host: pr-hdds-2136-chhj8-2666454444, networkLocation: /default-rack, certSerialId: null}, Type:RATIS, Factor:THREE, State:CLOSED] from datanode 4005f9e4-9000-4048-961f-9439e52a6da7{ip: 192.168.5.130, host: pr-hdds-2136-chhj8-2666454444, networkLocation: /default-rack, certSerialId: null}. Reason : 4005f9e4-9000-4048-961f-9439e52a6da7 has not seen follower/s 597a450e-db00-46ca-b8ea-d9e1f9500f66 for 166352ms 9a3c5405-1b71-41e7-a1e6-d9c2b7bf9721 for 166352ms
2019-09-17 12:37:00,077 [EventQueue-PipelineActionsForPipelineActionHandler] INFO  pipeline.SCMPipelineManager (SCMPipelineManager.java:finalizeAndDestroyPipeline(311)) - destroying pipeline:Pipeline[ Id: 449ce985-78e6-4066-ad5b-faf0b6e2649d, Nodes: 4005f9e4-9000-4048-961f-9439e52a6da7{ip: 192.168.5.130, host: pr-hdds-2136-chhj8-2666454444, networkLocation: /default-rack, certSerialId: null}597a450e-db00-46ca-b8ea-d9e1f9500f66{ip: 192.168.5.130, host: pr-hdds-2136-chhj8-2666454444, networkLocation: /default-rack, certSerialId: null}9a3c5405-1b71-41e7-a1e6-d9c2b7bf9721{ip: 192.168.5.130, host: pr-hdds-2136-chhj8-2666454444, networkLocation: /default-rack, certSerialId: null}, Type:RATIS, Factor:THREE, State:CLOSED]
2019-09-17 12:37:00,092 [java.util.concurrent.ThreadPoolExecutor$Worker@628100a2[State = -1, empty queue]] WARN  server.GrpcLogAppender (GrpcLogAppender.java:timeoutAppendRequest(200)) - 4005f9e4-9000-4048-961f-9439e52a6da7@group-FAF0B6E2649D->597a450e-db00-46ca-b8ea-d9e1f9500f66-GrpcLogAppender: appendEntries Timeout, request=4005f9e4-9000-4048-961f-9439e52a6da7->597a450e-db00-46ca-b8ea-d9e1f9500f66#156-t1, previous=(t:1, i:18), leaderCommit=11, initializing? false, entries: <empty>
2019-09-17 12:37:00,092 [java.util.concurrent.ThreadPoolExecutor$Worker@7394651c[State = -1, empty queue]] WARN  server.GrpcLogAppender (GrpcLogAppender.java:timeoutAppendRequest(200)) - 4005f9e4-9000-4048-961f-9439e52a6da7@group-FAF0B6E2649D->9a3c5405-1b71-41e7-a1e6-d9c2b7bf9721-GrpcLogAppender: appendEntries Timeout, request=4005f9e4-9000-4048-961f-9439e52a6da7->9a3c5405-1b71-41e7-a1e6-d9c2b7bf9721#156-t1, previous=(t:1, i:18), leaderCommit=11, initializing? false, entries: <empty>
2019-09-17 12:37:00,281 [grpc-default-executor-10] INFO  client.GrpcClientProtocolClient (GrpcClientProtocolClient.java:onNext(264)) - client-CDDE5ABED77C->9a3c5405-1b71-41e7-a1e6-d9c2b7bf9721: receive RaftClientReply:client-CDDE5ABED77C->9a3c5405-1b71-41e7-a1e6-d9c2b7bf9721@group-FAF0B6E2649D, cid=151, FAILED org.apache.ratis.protocol.NotLeaderException: Server 9a3c5405-1b71-41e7-a1e6-d9c2b7bf9721@group-FAF0B6E2649D is not the leader 4005f9e4-9000-4048-961f-9439e52a6da7:192.168.5.130:43091, logIndex=0, commits[9a3c5405-1b71-41e7-a1e6-d9c2b7bf9721:c11, 597a450e-db00-46ca-b8ea-d9e1f9500f66:c7, 4005f9e4-9000-4048-961f-9439e52a6da7:c11]
2019-09-17 12:37:02,094 [org.apache.ratis.server.impl.LogAppender$AppenderDaemon$$Lambda$490/985692452@790f8f58] ERROR ratis.XceiverServerRatis (XceiverServerRatis.java:triggerPipelineClose(575)) - pipeline Action CLOSE  on pipeline PipelineID=449ce985-78e6-4066-ad5b-faf0b6e2649d.Reason : 4005f9e4-9000-4048-961f-9439e52a6da7 has not seen follower/s 597a450e-db00-46ca-b8ea-d9e1f9500f66 for 168853ms 9a3c5405-1b71-41e7-a1e6-d9c2b7bf9721 for 168853ms
2019-09-17 12:37:02,094 [org.apache.ratis.server.impl.LogAppender$AppenderDaemon$$Lambda$490/985692452@68dc2c2b] ERROR ratis.XceiverServerRatis (XceiverServerRatis.java:triggerPipelineClose(575)) - pipeline Action CLOSE  on pipeline PipelineID=449ce985-78e6-4066-ad5b-faf0b6e2649d.Reason : 4005f9e4-9000-4048-961f-9439e52a6da7 has not seen follower/s 597a450e-db00-46ca-b8ea-d9e1f9500f66 for 168853ms 9a3c5405-1b71-41e7-a1e6-d9c2b7bf9721 for 168853ms
2019-09-17 12:37:02,593 [java.util.concurrent.ThreadPoolExecutor$Worker@628100a2[State = -1, empty queue]] WARN  server.GrpcLogAppender (GrpcLogAppender.java:timeoutAppendRequest(200)) - 4005f9e4-9000-4048-961f-9439e52a6da7@group-FAF0B6E2649D->597a450e-db00-46ca-b8ea-d9e1f9500f66-GrpcLogAppender: appendEntries Timeout, request=4005f9e4-9000-4048-961f-9439e52a6da7->597a450e-db00-46ca-b8ea-d9e1f9500f66#157-t1, previous=(t:1, i:18), leaderCommit=11, initializing? false, entries: <empty>
2019-09-17 12:37:02,593 [java.util.concurrent.ThreadPoolExecutor$Worker@7394651c[State = -1, empty queue]] WARN  server.GrpcLogAppender (GrpcLogAppender.java:timeoutAppendRequest(200)) - 4005f9e4-9000-4048-961f-9439e52a6da7@group-FAF0B6E2649D->9a3c5405-1b71-41e7-a1e6-d9c2b7bf9721-GrpcLogAppender: appendEntries Timeout, request=4005f9e4-9000-4048-961f-9439e52a6da7->9a3c5405-1b71-41e7-a1e6-d9c2b7bf9721#157-t1, previous=(t:1, i:18), leaderCommit=11, initializing? false, entries: <empty>
2019-09-17 12:37:03,078 [EventQueue-PipelineActionsForPipelineActionHandler] ERROR pipeline.PipelineActionHandler (PipelineActionHandler.java:onMessage(60)) - Received pipeline action CLOSE for Pipeline[ Id: 449ce985-78e6-4066-ad5b-faf0b6e2649d, Nodes: 4005f9e4-9000-4048-961f-9439e52a6da7{ip: 192.168.5.130, host: pr-hdds-2136-chhj8-2666454444, networkLocation: /default-rack, certSerialId: null}597a450e-db00-46ca-b8ea-d9e1f9500f66{ip: 192.168.5.130, host: pr-hdds-2136-chhj8-2666454444, networkLocation: /default-rack, certSerialId: null}9a3c5405-1b71-41e7-a1e6-d9c2b7bf9721{ip: 192.168.5.130, host: pr-hdds-2136-chhj8-2666454444, networkLocation: /default-rack, certSerialId: null}, Type:RATIS, Factor:THREE, State:CLOSED] from datanode 4005f9e4-9000-4048-961f-9439e52a6da7{ip: 192.168.5.130, host: pr-hdds-2136-chhj8-2666454444, networkLocation: /default-rack, certSerialId: null}. Reason : 4005f9e4-9000-4048-961f-9439e52a6da7 has not seen follower/s 597a450e-db00-46ca-b8ea-d9e1f9500f66 for 168853ms 9a3c5405-1b71-41e7-a1e6-d9c2b7bf9721 for 168853ms
2019-09-17 12:37:03,078 [EventQueue-PipelineActionsForPipelineActionHandler] INFO  pipeline.SCMPipelineManager (SCMPipelineManager.java:finalizeAndDestroyPipeline(311)) - destroying pipeline:Pipeline[ Id: 449ce985-78e6-4066-ad5b-faf0b6e2649d, Nodes: 4005f9e4-9000-4048-961f-9439e52a6da7{ip: 192.168.5.130, host: pr-hdds-2136-chhj8-2666454444, networkLocation: /default-rack, certSerialId: null}597a450e-db00-46ca-b8ea-d9e1f9500f66{ip: 192.168.5.130, host: pr-hdds-2136-chhj8-2666454444, networkLocation: /default-rack, certSerialId: null}9a3c5405-1b71-41e7-a1e6-d9c2b7bf9721{ip: 192.168.5.130, host: pr-hdds-2136-chhj8-2666454444, networkLocation: /default-rack, certSerialId: null}, Type:RATIS, Factor:THREE, State:CLOSED]
2019-09-17 12:37:03,916 [4005f9e4-9000-4048-961f-9439e52a6da7@group-FAF0B6E2649D-SegmentedRaftLogWorker] WARN  segmented.SegmentedRaftLogWorker (SegmentedRaftLogWorker.java:getFromFuture(90)) - Timeout 16/~
org.apache.ratis.protocol.TimeoutIOException: Timeout 10s: WriteLog:12: (t:1, i:12), STATEMACHINELOGENTRY, client-CDDE5ABED77C, cid=151-writeStateMachineData
	at org.apache.ratis.util.IOUtils.getFromFuture(IOUtils.java:87)
	at org.apache.ratis.server.raftlog.segmented.SegmentedRaftLogWorker$StateMachineDataPolicy.getFromFuture(SegmentedRaftLogWorker.java:87)
	at org.apache.ratis.server.raftlog.segmented.SegmentedRaftLogWorker$WriteLog.execute(SegmentedRaftLogWorker.java:477)
	at org.apache.ratis.server.raftlog.segmented.SegmentedRaftLogWorker.run(SegmentedRaftLogWorker.java:289)
	at java.lang.Thread.run(Thread.java:748)
Caused by: java.util.concurrent.TimeoutException
	at java.util.concurrent.CompletableFuture.timedGet(CompletableFuture.java:1771)
	at java.util.concurrent.CompletableFuture.get(CompletableFuture.java:1915)
	at org.apache.ratis.util.IOUtils.getFromFuture(IOUtils.java:79)
	... 4 more
2019-09-17 12:37:03,955 [9a3c5405-1b71-41e7-a1e6-d9c2b7bf9721@group-FAF0B6E2649D-SegmentedRaftLogWorker] WARN  segmented.SegmentedRaftLogWorker (SegmentedRaftLogWorker.java:getFromFuture(90)) - Timeout 16/~
org.apache.ratis.protocol.TimeoutIOException: Timeout 10s: WriteLog:12: (t:1, i:12), STATEMACHINELOGENTRY, client-CDDE5ABED77C, cid=151-writeStateMachineData
	at org.apache.ratis.util.IOUtils.getFromFuture(IOUtils.java:87)
	at org.apache.ratis.server.raftlog.segmented.SegmentedRaftLogWorker$StateMachineDataPolicy.getFromFuture(SegmentedRaftLogWorker.java:87)
	at org.apache.ratis.server.raftlog.segmented.SegmentedRaftLogWorker$WriteLog.execute(SegmentedRaftLogWorker.java:477)
	at org.apache.ratis.server.raftlog.segmented.SegmentedRaftLogWorker.run(SegmentedRaftLogWorker.java:289)
	at java.lang.Thread.run(Thread.java:748)
Caused by: java.util.concurrent.TimeoutException
	at java.util.concurrent.CompletableFuture.timedGet(CompletableFuture.java:1771)
	at java.util.concurrent.CompletableFuture.get(CompletableFuture.java:1915)
	at org.apache.ratis.util.IOUtils.getFromFuture(IOUtils.java:79)
	... 4 more
2019-09-17 12:37:03,955 [597a450e-db00-46ca-b8ea-d9e1f9500f66@group-FAF0B6E2649D-SegmentedRaftLogWorker] WARN  segmented.SegmentedRaftLogWorker (SegmentedRaftLogWorker.java:getFromFuture(90)) - Timeout 16/~
org.apache.ratis.protocol.TimeoutIOException: Timeout 10s: WriteLog:12: (t:1, i:12), STATEMACHINELOGENTRY, client-CDDE5ABED77C, cid=151-writeStateMachineData
	at org.apache.ratis.util.IOUtils.getFromFuture(IOUtils.java:87)
	at org.apache.ratis.server.raftlog.segmented.SegmentedRaftLogWorker$StateMachineDataPolicy.getFromFuture(SegmentedRaftLogWorker.java:87)
	at org.apache.ratis.server.raftlog.segmented.SegmentedRaftLogWorker$WriteLog.execute(SegmentedRaftLogWorker.java:477)
	at org.apache.ratis.server.raftlog.segmented.SegmentedRaftLogWorker.run(SegmentedRaftLogWorker.java:289)
	at java.lang.Thread.run(Thread.java:748)
Caused by: java.util.concurrent.TimeoutException
	at java.util.concurrent.CompletableFuture.timedGet(CompletableFuture.java:1771)
	at java.util.concurrent.CompletableFuture.get(CompletableFuture.java:1915)
	at org.apache.ratis.util.IOUtils.getFromFuture(IOUtils.java:79)
	... 4 more
2019-09-17 12:37:04,595 [org.apache.ratis.server.impl.LogAppender$AppenderDaemon$$Lambda$490/985692452@790f8f58] ERROR ratis.XceiverServerRatis (XceiverServerRatis.java:triggerPipelineClose(575)) - pipeline Action CLOSE  on pipeline PipelineID=449ce985-78e6-4066-ad5b-faf0b6e2649d.Reason : 4005f9e4-9000-4048-961f-9439e52a6da7 has not seen follower/s 597a450e-db00-46ca-b8ea-d9e1f9500f66 for 171354ms 9a3c5405-1b71-41e7-a1e6-d9c2b7bf9721 for 171354ms
2019-09-17 12:37:04,595 [org.apache.ratis.server.impl.LogAppender$AppenderDaemon$$Lambda$490/985692452@68dc2c2b] ERROR ratis.XceiverServerRatis (XceiverServerRatis.java:triggerPipelineClose(575)) - pipeline Action CLOSE  on pipeline PipelineID=449ce985-78e6-4066-ad5b-faf0b6e2649d.Reason : 4005f9e4-9000-4048-961f-9439e52a6da7 has not seen follower/s 597a450e-db00-46ca-b8ea-d9e1f9500f66 for 171354ms 9a3c5405-1b71-41e7-a1e6-d9c2b7bf9721 for 171354ms
2019-09-17 12:37:05,077 [EventQueue-PipelineActionsForPipelineActionHandler] ERROR pipeline.PipelineActionHandler (PipelineActionHandler.java:onMessage(60)) - Received pipeline action CLOSE for Pipeline[ Id: 449ce985-78e6-4066-ad5b-faf0b6e2649d, Nodes: 4005f9e4-9000-4048-961f-9439e52a6da7{ip: 192.168.5.130, host: pr-hdds-2136-chhj8-2666454444, networkLocation: /default-rack, certSerialId: null}597a450e-db00-46ca-b8ea-d9e1f9500f66{ip: 192.168.5.130, host: pr-hdds-2136-chhj8-2666454444, networkLocation: /default-rack, certSerialId: null}9a3c5405-1b71-41e7-a1e6-d9c2b7bf9721{ip: 192.168.5.130, host: pr-hdds-2136-chhj8-2666454444, networkLocation: /default-rack, certSerialId: null}, Type:RATIS, Factor:THREE, State:CLOSED] from datanode 4005f9e4-9000-4048-961f-9439e52a6da7{ip: 192.168.5.130, host: pr-hdds-2136-chhj8-2666454444, networkLocation: /default-rack, certSerialId: null}. Reason : 4005f9e4-9000-4048-961f-9439e52a6da7 has not seen follower/s 597a450e-db00-46ca-b8ea-d9e1f9500f66 for 171354ms 9a3c5405-1b71-41e7-a1e6-d9c2b7bf9721 for 171354ms
2019-09-17 12:37:05,078 [EventQueue-PipelineActionsForPipelineActionHandler] INFO  pipeline.SCMPipelineManager (SCMPipelineManager.java:finalizeAndDestroyPipeline(311)) - destroying pipeline:Pipeline[ Id: 449ce985-78e6-4066-ad5b-faf0b6e2649d, Nodes: 4005f9e4-9000-4048-961f-9439e52a6da7{ip: 192.168.5.130, host: pr-hdds-2136-chhj8-2666454444, networkLocation: /default-rack, certSerialId: null}597a450e-db00-46ca-b8ea-d9e1f9500f66{ip: 192.168.5.130, host: pr-hdds-2136-chhj8-2666454444, networkLocation: /default-rack, certSerialId: null}9a3c5405-1b71-41e7-a1e6-d9c2b7bf9721{ip: 192.168.5.130, host: pr-hdds-2136-chhj8-2666454444, networkLocation: /default-rack, certSerialId: null}, Type:RATIS, Factor:THREE, State:CLOSED]
2019-09-17 12:37:05,094 [java.util.concurrent.ThreadPoolExecutor$Worker@7394651c[State = -1, empty queue]] WARN  server.GrpcLogAppender (GrpcLogAppender.java:timeoutAppendRequest(200)) - 4005f9e4-9000-4048-961f-9439e52a6da7@group-FAF0B6E2649D->9a3c5405-1b71-41e7-a1e6-d9c2b7bf9721-GrpcLogAppender: appendEntries Timeout, request=4005f9e4-9000-4048-961f-9439e52a6da7->9a3c5405-1b71-41e7-a1e6-d9c2b7bf9721#158-t1, previous=(t:1, i:18), leaderCommit=11, initializing? false, entries: <empty>
2019-09-17 12:37:05,094 [java.util.concurrent.ThreadPoolExecutor$Worker@628100a2[State = -1, empty queue]] WARN  server.GrpcLogAppender (GrpcLogAppender.java:timeoutAppendRequest(200)) - 4005f9e4-9000-4048-961f-9439e52a6da7@group-FAF0B6E2649D->597a450e-db00-46ca-b8ea-d9e1f9500f66-GrpcLogAppender: appendEntries Timeout, request=4005f9e4-9000-4048-961f-9439e52a6da7->597a450e-db00-46ca-b8ea-d9e1f9500f66#158-t1, previous=(t:1, i:18), leaderCommit=11, initializing? false, entries: <empty>
2019-09-17 12:37:05,326 [grpc-default-executor-0] INFO  client.GrpcClientProtocolClient (GrpcClientProtocolClient.java:onNext(264)) - client-CDDE5ABED77C->597a450e-db00-46ca-b8ea-d9e1f9500f66: receive RaftClientReply:client-CDDE5ABED77C->597a450e-db00-46ca-b8ea-d9e1f9500f66@group-FAF0B6E2649D, cid=151, FAILED org.apache.ratis.protocol.NotLeaderException: Server 597a450e-db00-46ca-b8ea-d9e1f9500f66@group-FAF0B6E2649D is not the leader 4005f9e4-9000-4048-961f-9439e52a6da7:192.168.5.130:43091, logIndex=0, commits[597a450e-db00-46ca-b8ea-d9e1f9500f66:c11, 9a3c5405-1b71-41e7-a1e6-d9c2b7bf9721:c7, 4005f9e4-9000-4048-961f-9439e52a6da7:c11]
2019-09-17 12:37:07,096 [org.apache.ratis.server.impl.LogAppender$AppenderDaemon$$Lambda$490/985692452@68dc2c2b] ERROR ratis.XceiverServerRatis (XceiverServerRatis.java:triggerPipelineClose(575)) - pipeline Action CLOSE  on pipeline PipelineID=449ce985-78e6-4066-ad5b-faf0b6e2649d.Reason : 4005f9e4-9000-4048-961f-9439e52a6da7 has not seen follower/s 597a450e-db00-46ca-b8ea-d9e1f9500f66 for 173855ms 9a3c5405-1b71-41e7-a1e6-d9c2b7bf9721 for 173855ms
2019-09-17 12:37:07,096 [org.apache.ratis.server.impl.LogAppender$AppenderDaemon$$Lambda$490/985692452@790f8f58] ERROR ratis.XceiverServerRatis (XceiverServerRatis.java:triggerPipelineClose(575)) - pipeline Action CLOSE  on pipeline PipelineID=449ce985-78e6-4066-ad5b-faf0b6e2649d.Reason : 4005f9e4-9000-4048-961f-9439e52a6da7 has not seen follower/s 597a450e-db00-46ca-b8ea-d9e1f9500f66 for 173856ms 9a3c5405-1b71-41e7-a1e6-d9c2b7bf9721 for 173855ms
2019-09-17 12:37:07,595 [java.util.concurrent.ThreadPoolExecutor$Worker@628100a2[State = -1, empty queue]] WARN  server.GrpcLogAppender (GrpcLogAppender.java:timeoutAppendRequest(200)) - 4005f9e4-9000-4048-961f-9439e52a6da7@group-FAF0B6E2649D->597a450e-db00-46ca-b8ea-d9e1f9500f66-GrpcLogAppender: appendEntries Timeout, request=4005f9e4-9000-4048-961f-9439e52a6da7->597a450e-db00-46ca-b8ea-d9e1f9500f66#159-t1, previous=(t:1, i:18), leaderCommit=11, initializing? false, entries: <empty>
2019-09-17 12:37:07,595 [java.util.concurrent.ThreadPoolExecutor$Worker@7394651c[State = -1, empty queue]] WARN  server.GrpcLogAppender (GrpcLogAppender.java:timeoutAppendRequest(200)) - 4005f9e4-9000-4048-961f-9439e52a6da7@group-FAF0B6E2649D->9a3c5405-1b71-41e7-a1e6-d9c2b7bf9721-GrpcLogAppender: appendEntries Timeout, request=4005f9e4-9000-4048-961f-9439e52a6da7->9a3c5405-1b71-41e7-a1e6-d9c2b7bf9721#159-t1, previous=(t:1, i:18), leaderCommit=11, initializing? false, entries: <empty>
2019-09-17 12:37:08,078 [EventQueue-PipelineActionsForPipelineActionHandler] ERROR pipeline.PipelineActionHandler (PipelineActionHandler.java:onMessage(60)) - Received pipeline action CLOSE for Pipeline[ Id: 449ce985-78e6-4066-ad5b-faf0b6e2649d, Nodes: 4005f9e4-9000-4048-961f-9439e52a6da7{ip: 192.168.5.130, host: pr-hdds-2136-chhj8-2666454444, networkLocation: /default-rack, certSerialId: null}597a450e-db00-46ca-b8ea-d9e1f9500f66{ip: 192.168.5.130, host: pr-hdds-2136-chhj8-2666454444, networkLocation: /default-rack, certSerialId: null}9a3c5405-1b71-41e7-a1e6-d9c2b7bf9721{ip: 192.168.5.130, host: pr-hdds-2136-chhj8-2666454444, networkLocation: /default-rack, certSerialId: null}, Type:RATIS, Factor:THREE, State:CLOSED] from datanode 4005f9e4-9000-4048-961f-9439e52a6da7{ip: 192.168.5.130, host: pr-hdds-2136-chhj8-2666454444, networkLocation: /default-rack, certSerialId: null}. Reason : 4005f9e4-9000-4048-961f-9439e52a6da7 has not seen follower/s 597a450e-db00-46ca-b8ea-d9e1f9500f66 for 173855ms 9a3c5405-1b71-41e7-a1e6-d9c2b7bf9721 for 173855ms
2019-09-17 12:37:08,079 [EventQueue-PipelineActionsForPipelineActionHandler] INFO  pipeline.SCMPipelineManager (SCMPipelineManager.java:finalizeAndDestroyPipeline(311)) - destroying pipeline:Pipeline[ Id: 449ce985-78e6-4066-ad5b-faf0b6e2649d, Nodes: 4005f9e4-9000-4048-961f-9439e52a6da7{ip: 192.168.5.130, host: pr-hdds-2136-chhj8-2666454444, networkLocation: /default-rack, certSerialId: null}597a450e-db00-46ca-b8ea-d9e1f9500f66{ip: 192.168.5.130, host: pr-hdds-2136-chhj8-2666454444, networkLocation: /default-rack, certSerialId: null}9a3c5405-1b71-41e7-a1e6-d9c2b7bf9721{ip: 192.168.5.130, host: pr-hdds-2136-chhj8-2666454444, networkLocation: /default-rack, certSerialId: null}, Type:RATIS, Factor:THREE, State:CLOSED]
2019-09-17 12:37:09,597 [org.apache.ratis.server.impl.LogAppender$AppenderDaemon$$Lambda$490/985692452@790f8f58] ERROR ratis.XceiverServerRatis (XceiverServerRatis.java:triggerPipelineClose(575)) - pipeline Action CLOSE  on pipeline PipelineID=449ce985-78e6-4066-ad5b-faf0b6e2649d.Reason : 4005f9e4-9000-4048-961f-9439e52a6da7 has not seen follower/s 597a450e-db00-46ca-b8ea-d9e1f9500f66 for 176357ms 9a3c5405-1b71-41e7-a1e6-d9c2b7bf9721 for 176356ms
2019-09-17 12:37:09,597 [org.apache.ratis.server.impl.LogAppender$AppenderDaemon$$Lambda$490/985692452@68dc2c2b] ERROR ratis.XceiverServerRatis (XceiverServerRatis.java:triggerPipelineClose(575)) - pipeline Action CLOSE  on pipeline PipelineID=449ce985-78e6-4066-ad5b-faf0b6e2649d.Reason : 4005f9e4-9000-4048-961f-9439e52a6da7 has not seen follower/s 597a450e-db00-46ca-b8ea-d9e1f9500f66 for 176357ms 9a3c5405-1b71-41e7-a1e6-d9c2b7bf9721 for 176356ms
2019-09-17 12:37:10,077 [EventQueue-PipelineActionsForPipelineActionHandler] ERROR pipeline.PipelineActionHandler (PipelineActionHandler.java:onMessage(60)) - Received pipeline action CLOSE for Pipeline[ Id: 449ce985-78e6-4066-ad5b-faf0b6e2649d, Nodes: 4005f9e4-9000-4048-961f-9439e52a6da7{ip: 192.168.5.130, host: pr-hdds-2136-chhj8-2666454444, networkLocation: /default-rack, certSerialId: null}597a450e-db00-46ca-b8ea-d9e1f9500f66{ip: 192.168.5.130, host: pr-hdds-2136-chhj8-2666454444, networkLocation: /default-rack, certSerialId: null}9a3c5405-1b71-41e7-a1e6-d9c2b7bf9721{ip: 192.168.5.130, host: pr-hdds-2136-chhj8-2666454444, networkLocation: /default-rack, certSerialId: null}, Type:RATIS, Factor:THREE, State:CLOSED] from datanode 4005f9e4-9000-4048-961f-9439e52a6da7{ip: 192.168.5.130, host: pr-hdds-2136-chhj8-2666454444, networkLocation: /default-rack, certSerialId: null}. Reason : 4005f9e4-9000-4048-961f-9439e52a6da7 has not seen follower/s 597a450e-db00-46ca-b8ea-d9e1f9500f66 for 176357ms 9a3c5405-1b71-41e7-a1e6-d9c2b7bf9721 for 176356ms
2019-09-17 12:37:10,078 [EventQueue-PipelineActionsForPipelineActionHandler] INFO  pipeline.SCMPipelineManager (SCMPipelineManager.java:finalizeAndDestroyPipeline(311)) - destroying pipeline:Pipeline[ Id: 449ce985-78e6-4066-ad5b-faf0b6e2649d, Nodes: 4005f9e4-9000-4048-961f-9439e52a6da7{ip: 192.168.5.130, host: pr-hdds-2136-chhj8-2666454444, networkLocation: /default-rack, certSerialId: null}597a450e-db00-46ca-b8ea-d9e1f9500f66{ip: 192.168.5.130, host: pr-hdds-2136-chhj8-2666454444, networkLocation: /default-rack, certSerialId: null}9a3c5405-1b71-41e7-a1e6-d9c2b7bf9721{ip: 192.168.5.130, host: pr-hdds-2136-chhj8-2666454444, networkLocation: /default-rack, certSerialId: null}, Type:RATIS, Factor:THREE, State:CLOSED]
2019-09-17 12:37:10,099 [java.util.concurrent.ThreadPoolExecutor$Worker@628100a2[State = -1, empty queue]] WARN  server.GrpcLogAppender (GrpcLogAppender.java:timeoutAppendRequest(200)) - 4005f9e4-9000-4048-961f-9439e52a6da7@group-FAF0B6E2649D->597a450e-db00-46ca-b8ea-d9e1f9500f66-GrpcLogAppender: appendEntries Timeout, request=4005f9e4-9000-4048-961f-9439e52a6da7->597a450e-db00-46ca-b8ea-d9e1f9500f66#160-t1, previous=(t:1, i:18), leaderCommit=11, initializing? false, entries: <empty>
2019-09-17 12:37:10,099 [java.util.concurrent.ThreadPoolExecutor$Worker@7394651c[State = -1, empty queue]] WARN  server.GrpcLogAppender (GrpcLogAppender.java:timeoutAppendRequest(200)) - 4005f9e4-9000-4048-961f-9439e52a6da7@group-FAF0B6E2649D->9a3c5405-1b71-41e7-a1e6-d9c2b7bf9721-GrpcLogAppender: appendEntries Timeout, request=4005f9e4-9000-4048-961f-9439e52a6da7->9a3c5405-1b71-41e7-a1e6-d9c2b7bf9721#160-t1, previous=(t:1, i:18), leaderCommit=11, initializing? false, entries: <empty>
2019-09-17 12:37:10,401 [grpc-default-executor-0] INFO  client.GrpcClientProtocolClient (GrpcClientProtocolClient.java:onNext(264)) - client-CDDE5ABED77C->597a450e-db00-46ca-b8ea-d9e1f9500f66: receive RaftClientReply:client-CDDE5ABED77C->597a450e-db00-46ca-b8ea-d9e1f9500f66@group-FAF0B6E2649D, cid=151, FAILED org.apache.ratis.protocol.NotLeaderException: Server 597a450e-db00-46ca-b8ea-d9e1f9500f66@group-FAF0B6E2649D is not the leader 4005f9e4-9000-4048-961f-9439e52a6da7:192.168.5.130:43091, logIndex=0, commits[597a450e-db00-46ca-b8ea-d9e1f9500f66:c11, 9a3c5405-1b71-41e7-a1e6-d9c2b7bf9721:c7, 4005f9e4-9000-4048-961f-9439e52a6da7:c11]
2019-09-17 12:37:12,098 [org.apache.ratis.server.impl.LogAppender$AppenderDaemon$$Lambda$490/985692452@790f8f58] ERROR ratis.XceiverServerRatis (XceiverServerRatis.java:triggerPipelineClose(575)) - pipeline Action CLOSE  on pipeline PipelineID=449ce985-78e6-4066-ad5b-faf0b6e2649d.Reason : 4005f9e4-9000-4048-961f-9439e52a6da7 has not seen follower/s 597a450e-db00-46ca-b8ea-d9e1f9500f66 for 178857ms 9a3c5405-1b71-41e7-a1e6-d9c2b7bf9721 for 178857ms
2019-09-17 12:37:12,098 [org.apache.ratis.server.impl.LogAppender$AppenderDaemon$$Lambda$490/985692452@68dc2c2b] ERROR ratis.XceiverServerRatis (XceiverServerRatis.java:triggerPipelineClose(575)) - pipeline Action CLOSE  on pipeline PipelineID=449ce985-78e6-4066-ad5b-faf0b6e2649d.Reason : 4005f9e4-9000-4048-961f-9439e52a6da7 has not seen follower/s 597a450e-db00-46ca-b8ea-d9e1f9500f66 for 178857ms 9a3c5405-1b71-41e7-a1e6-d9c2b7bf9721 for 178857ms
2019-09-17 12:37:12,597 [java.util.concurrent.ThreadPoolExecutor$Worker@628100a2[State = -1, empty queue]] WARN  server.GrpcLogAppender (GrpcLogAppender.java:timeoutAppendRequest(200)) - 4005f9e4-9000-4048-961f-9439e52a6da7@group-FAF0B6E2649D->597a450e-db00-46ca-b8ea-d9e1f9500f66-GrpcLogAppender: appendEntries Timeout, request=4005f9e4-9000-4048-961f-9439e52a6da7->597a450e-db00-46ca-b8ea-d9e1f9500f66#161-t1, previous=(t:1, i:18), leaderCommit=11, initializing? false, entries: <empty>
2019-09-17 12:37:12,597 [java.util.concurrent.ThreadPoolExecutor$Worker@7394651c[State = -1, empty queue]] WARN  server.GrpcLogAppender (GrpcLogAppender.java:timeoutAppendRequest(200)) - 4005f9e4-9000-4048-961f-9439e52a6da7@group-FAF0B6E2649D->9a3c5405-1b71-41e7-a1e6-d9c2b7bf9721-GrpcLogAppender: appendEntries Timeout, request=4005f9e4-9000-4048-961f-9439e52a6da7->9a3c5405-1b71-41e7-a1e6-d9c2b7bf9721#161-t1, previous=(t:1, i:18), leaderCommit=11, initializing? false, entries: <empty>
2019-09-17 12:37:13,078 [EventQueue-PipelineActionsForPipelineActionHandler] ERROR pipeline.PipelineActionHandler (PipelineActionHandler.java:onMessage(60)) - Received pipeline action CLOSE for Pipeline[ Id: 449ce985-78e6-4066-ad5b-faf0b6e2649d, Nodes: 4005f9e4-9000-4048-961f-9439e52a6da7{ip: 192.168.5.130, host: pr-hdds-2136-chhj8-2666454444, networkLocation: /default-rack, certSerialId: null}597a450e-db00-46ca-b8ea-d9e1f9500f66{ip: 192.168.5.130, host: pr-hdds-2136-chhj8-2666454444, networkLocation: /default-rack, certSerialId: null}9a3c5405-1b71-41e7-a1e6-d9c2b7bf9721{ip: 192.168.5.130, host: pr-hdds-2136-chhj8-2666454444, networkLocation: /default-rack, certSerialId: null}, Type:RATIS, Factor:THREE, State:CLOSED] from datanode 4005f9e4-9000-4048-961f-9439e52a6da7{ip: 192.168.5.130, host: pr-hdds-2136-chhj8-2666454444, networkLocation: /default-rack, certSerialId: null}. Reason : 4005f9e4-9000-4048-961f-9439e52a6da7 has not seen follower/s 597a450e-db00-46ca-b8ea-d9e1f9500f66 for 178857ms 9a3c5405-1b71-41e7-a1e6-d9c2b7bf9721 for 178857ms
2019-09-17 12:37:13,078 [EventQueue-PipelineActionsForPipelineActionHandler] INFO  pipeline.SCMPipelineManager (SCMPipelineManager.java:finalizeAndDestroyPipeline(311)) - destroying pipeline:Pipeline[ Id: 449ce985-78e6-4066-ad5b-faf0b6e2649d, Nodes: 4005f9e4-9000-4048-961f-9439e52a6da7{ip: 192.168.5.130, host: pr-hdds-2136-chhj8-2666454444, networkLocation: /default-rack, certSerialId: null}597a450e-db00-46ca-b8ea-d9e1f9500f66{ip: 192.168.5.130, host: pr-hdds-2136-chhj8-2666454444, networkLocation: /default-rack, certSerialId: null}9a3c5405-1b71-41e7-a1e6-d9c2b7bf9721{ip: 192.168.5.130, host: pr-hdds-2136-chhj8-2666454444, networkLocation: /default-rack, certSerialId: null}, Type:RATIS, Factor:THREE, State:CLOSED]
2019-09-17 12:37:13,918 [4005f9e4-9000-4048-961f-9439e52a6da7@group-FAF0B6E2649D-SegmentedRaftLogWorker] WARN  segmented.SegmentedRaftLogWorker (SegmentedRaftLogWorker.java:getFromFuture(90)) - Timeout 17/~
org.apache.ratis.protocol.TimeoutIOException: Timeout 10s: WriteLog:12: (t:1, i:12), STATEMACHINELOGENTRY, client-CDDE5ABED77C, cid=151-writeStateMachineData
	at org.apache.ratis.util.IOUtils.getFromFuture(IOUtils.java:87)
	at org.apache.ratis.server.raftlog.segmented.SegmentedRaftLogWorker$StateMachineDataPolicy.getFromFuture(SegmentedRaftLogWorker.java:87)
	at org.apache.ratis.server.raftlog.segmented.SegmentedRaftLogWorker$WriteLog.execute(SegmentedRaftLogWorker.java:477)
	at org.apache.ratis.server.raftlog.segmented.SegmentedRaftLogWorker.run(SegmentedRaftLogWorker.java:289)
	at java.lang.Thread.run(Thread.java:748)
Caused by: java.util.concurrent.TimeoutException
	at java.util.concurrent.CompletableFuture.timedGet(CompletableFuture.java:1771)
	at java.util.concurrent.CompletableFuture.get(CompletableFuture.java:1915)
	at org.apache.ratis.util.IOUtils.getFromFuture(IOUtils.java:79)
	... 4 more
2019-09-17 12:37:13,955 [9a3c5405-1b71-41e7-a1e6-d9c2b7bf9721@group-FAF0B6E2649D-SegmentedRaftLogWorker] WARN  segmented.SegmentedRaftLogWorker (SegmentedRaftLogWorker.java:getFromFuture(90)) - Timeout 17/~
org.apache.ratis.protocol.TimeoutIOException: Timeout 10s: WriteLog:12: (t:1, i:12), STATEMACHINELOGENTRY, client-CDDE5ABED77C, cid=151-writeStateMachineData
	at org.apache.ratis.util.IOUtils.getFromFuture(IOUtils.java:87)
	at org.apache.ratis.server.raftlog.segmented.SegmentedRaftLogWorker$StateMachineDataPolicy.getFromFuture(SegmentedRaftLogWorker.java:87)
	at org.apache.ratis.server.raftlog.segmented.SegmentedRaftLogWorker$WriteLog.execute(SegmentedRaftLogWorker.java:477)
	at org.apache.ratis.server.raftlog.segmented.SegmentedRaftLogWorker.run(SegmentedRaftLogWorker.java:289)
	at java.lang.Thread.run(Thread.java:748)
Caused by: java.util.concurrent.TimeoutException
	at java.util.concurrent.CompletableFuture.timedGet(CompletableFuture.java:1771)
	at java.util.concurrent.CompletableFuture.get(CompletableFuture.java:1915)
	at org.apache.ratis.util.IOUtils.getFromFuture(IOUtils.java:79)
	... 4 more
2019-09-17 12:37:13,956 [597a450e-db00-46ca-b8ea-d9e1f9500f66@group-FAF0B6E2649D-SegmentedRaftLogWorker] WARN  segmented.SegmentedRaftLogWorker (SegmentedRaftLogWorker.java:getFromFuture(90)) - Timeout 17/~
org.apache.ratis.protocol.TimeoutIOException: Timeout 10s: WriteLog:12: (t:1, i:12), STATEMACHINELOGENTRY, client-CDDE5ABED77C, cid=151-writeStateMachineData
	at org.apache.ratis.util.IOUtils.getFromFuture(IOUtils.java:87)
	at org.apache.ratis.server.raftlog.segmented.SegmentedRaftLogWorker$StateMachineDataPolicy.getFromFuture(SegmentedRaftLogWorker.java:87)
	at org.apache.ratis.server.raftlog.segmented.SegmentedRaftLogWorker$WriteLog.execute(SegmentedRaftLogWorker.java:477)
	at org.apache.ratis.server.raftlog.segmented.SegmentedRaftLogWorker.run(SegmentedRaftLogWorker.java:289)
	at java.lang.Thread.run(Thread.java:748)
Caused by: java.util.concurrent.TimeoutException
	at java.util.concurrent.CompletableFuture.timedGet(CompletableFuture.java:1771)
	at java.util.concurrent.CompletableFuture.get(CompletableFuture.java:1915)
	at org.apache.ratis.util.IOUtils.getFromFuture(IOUtils.java:79)
	... 4 more
2019-09-17 12:37:14,598 [org.apache.ratis.server.impl.LogAppender$AppenderDaemon$$Lambda$490/985692452@790f8f58] ERROR ratis.XceiverServerRatis (XceiverServerRatis.java:triggerPipelineClose(575)) - pipeline Action CLOSE  on pipeline PipelineID=449ce985-78e6-4066-ad5b-faf0b6e2649d.Reason : 4005f9e4-9000-4048-961f-9439e52a6da7 has not seen follower/s 597a450e-db00-46ca-b8ea-d9e1f9500f66 for 181358ms 9a3c5405-1b71-41e7-a1e6-d9c2b7bf9721 for 181357ms
2019-09-17 12:37:14,598 [org.apache.ratis.server.impl.LogAppender$AppenderDaemon$$Lambda$490/985692452@68dc2c2b] ERROR ratis.XceiverServerRatis (XceiverServerRatis.java:triggerPipelineClose(575)) - pipeline Action CLOSE  on pipeline PipelineID=449ce985-78e6-4066-ad5b-faf0b6e2649d.Reason : 4005f9e4-9000-4048-961f-9439e52a6da7 has not seen follower/s 597a450e-db00-46ca-b8ea-d9e1f9500f66 for 181358ms 9a3c5405-1b71-41e7-a1e6-d9c2b7bf9721 for 181358ms
2019-09-17 12:37:15,078 [EventQueue-PipelineActionsForPipelineActionHandler] ERROR pipeline.PipelineActionHandler (PipelineActionHandler.java:onMessage(60)) - Received pipeline action CLOSE for Pipeline[ Id: 449ce985-78e6-4066-ad5b-faf0b6e2649d, Nodes: 4005f9e4-9000-4048-961f-9439e52a6da7{ip: 192.168.5.130, host: pr-hdds-2136-chhj8-2666454444, networkLocation: /default-rack, certSerialId: null}597a450e-db00-46ca-b8ea-d9e1f9500f66{ip: 192.168.5.130, host: pr-hdds-2136-chhj8-2666454444, networkLocation: /default-rack, certSerialId: null}9a3c5405-1b71-41e7-a1e6-d9c2b7bf9721{ip: 192.168.5.130, host: pr-hdds-2136-chhj8-2666454444, networkLocation: /default-rack, certSerialId: null}, Type:RATIS, Factor:THREE, State:CLOSED] from datanode 4005f9e4-9000-4048-961f-9439e52a6da7{ip: 192.168.5.130, host: pr-hdds-2136-chhj8-2666454444, networkLocation: /default-rack, certSerialId: null}. Reason : 4005f9e4-9000-4048-961f-9439e52a6da7 has not seen follower/s 597a450e-db00-46ca-b8ea-d9e1f9500f66 for 181358ms 9a3c5405-1b71-41e7-a1e6-d9c2b7bf9721 for 181358ms
2019-09-17 12:37:15,078 [EventQueue-PipelineActionsForPipelineActionHandler] INFO  pipeline.SCMPipelineManager (SCMPipelineManager.java:finalizeAndDestroyPipeline(311)) - destroying pipeline:Pipeline[ Id: 449ce985-78e6-4066-ad5b-faf0b6e2649d, Nodes: 4005f9e4-9000-4048-961f-9439e52a6da7{ip: 192.168.5.130, host: pr-hdds-2136-chhj8-2666454444, networkLocation: /default-rack, certSerialId: null}597a450e-db00-46ca-b8ea-d9e1f9500f66{ip: 192.168.5.130, host: pr-hdds-2136-chhj8-2666454444, networkLocation: /default-rack, certSerialId: null}9a3c5405-1b71-41e7-a1e6-d9c2b7bf9721{ip: 192.168.5.130, host: pr-hdds-2136-chhj8-2666454444, networkLocation: /default-rack, certSerialId: null}, Type:RATIS, Factor:THREE, State:CLOSED]
2019-09-17 12:37:15,098 [java.util.concurrent.ThreadPoolExecutor$Worker@628100a2[State = -1, empty queue]] WARN  server.GrpcLogAppender (GrpcLogAppender.java:timeoutAppendRequest(200)) - 4005f9e4-9000-4048-961f-9439e52a6da7@group-FAF0B6E2649D->597a450e-db00-46ca-b8ea-d9e1f9500f66-GrpcLogAppender: appendEntries Timeout, request=4005f9e4-9000-4048-961f-9439e52a6da7->597a450e-db00-46ca-b8ea-d9e1f9500f66#162-t1, previous=(t:1, i:18), leaderCommit=11, initializing? false, entries: <empty>
2019-09-17 12:37:15,098 [java.util.concurrent.ThreadPoolExecutor$Worker@7394651c[State = -1, empty queue]] WARN  server.GrpcLogAppender (GrpcLogAppender.java:timeoutAppendRequest(200)) - 4005f9e4-9000-4048-961f-9439e52a6da7@group-FAF0B6E2649D->9a3c5405-1b71-41e7-a1e6-d9c2b7bf9721-GrpcLogAppender: appendEntries Timeout, request=4005f9e4-9000-4048-961f-9439e52a6da7->9a3c5405-1b71-41e7-a1e6-d9c2b7bf9721#162-t1, previous=(t:1, i:18), leaderCommit=11, initializing? false, entries: <empty>
2019-09-17 12:37:15,443 [grpc-default-executor-10] INFO  client.GrpcClientProtocolClient (GrpcClientProtocolClient.java:onNext(264)) - client-CDDE5ABED77C->9a3c5405-1b71-41e7-a1e6-d9c2b7bf9721: receive RaftClientReply:client-CDDE5ABED77C->9a3c5405-1b71-41e7-a1e6-d9c2b7bf9721@group-FAF0B6E2649D, cid=151, FAILED org.apache.ratis.protocol.NotLeaderException: Server 9a3c5405-1b71-41e7-a1e6-d9c2b7bf9721@group-FAF0B6E2649D is not the leader 4005f9e4-9000-4048-961f-9439e52a6da7:192.168.5.130:43091, logIndex=0, commits[9a3c5405-1b71-41e7-a1e6-d9c2b7bf9721:c11, 597a450e-db00-46ca-b8ea-d9e1f9500f66:c7, 4005f9e4-9000-4048-961f-9439e52a6da7:c11]
2019-09-17 12:37:17,099 [org.apache.ratis.server.impl.LogAppender$AppenderDaemon$$Lambda$490/985692452@68dc2c2b] ERROR ratis.XceiverServerRatis (XceiverServerRatis.java:triggerPipelineClose(575)) - pipeline Action CLOSE  on pipeline PipelineID=449ce985-78e6-4066-ad5b-faf0b6e2649d.Reason : 4005f9e4-9000-4048-961f-9439e52a6da7 has not seen follower/s 597a450e-db00-46ca-b8ea-d9e1f9500f66 for 183859ms 9a3c5405-1b71-41e7-a1e6-d9c2b7bf9721 for 183858ms
2019-09-17 12:37:17,099 [org.apache.ratis.server.impl.LogAppender$AppenderDaemon$$Lambda$490/985692452@790f8f58] ERROR ratis.XceiverServerRatis (XceiverServerRatis.java:triggerPipelineClose(575)) - pipeline Action CLOSE  on pipeline PipelineID=449ce985-78e6-4066-ad5b-faf0b6e2649d.Reason : 4005f9e4-9000-4048-961f-9439e52a6da7 has not seen follower/s 597a450e-db00-46ca-b8ea-d9e1f9500f66 for 183859ms 9a3c5405-1b71-41e7-a1e6-d9c2b7bf9721 for 183858ms
2019-09-17 12:37:17,599 [java.util.concurrent.ThreadPoolExecutor$Worker@7394651c[State = -1, empty queue]] WARN  server.GrpcLogAppender (GrpcLogAppender.java:timeoutAppendRequest(200)) - 4005f9e4-9000-4048-961f-9439e52a6da7@group-FAF0B6E2649D->9a3c5405-1b71-41e7-a1e6-d9c2b7bf9721-GrpcLogAppender: appendEntries Timeout, request=4005f9e4-9000-4048-961f-9439e52a6da7->9a3c5405-1b71-41e7-a1e6-d9c2b7bf9721#163-t1, previous=(t:1, i:18), leaderCommit=11, initializing? false, entries: <empty>
2019-09-17 12:37:17,599 [java.util.concurrent.ThreadPoolExecutor$Worker@628100a2[State = -1, empty queue]] WARN  server.GrpcLogAppender (GrpcLogAppender.java:timeoutAppendRequest(200)) - 4005f9e4-9000-4048-961f-9439e52a6da7@group-FAF0B6E2649D->597a450e-db00-46ca-b8ea-d9e1f9500f66-GrpcLogAppender: appendEntries Timeout, request=4005f9e4-9000-4048-961f-9439e52a6da7->597a450e-db00-46ca-b8ea-d9e1f9500f66#163-t1, previous=(t:1, i:18), leaderCommit=11, initializing? false, entries: <empty>
2019-09-17 12:37:18,079 [EventQueue-PipelineActionsForPipelineActionHandler] ERROR pipeline.PipelineActionHandler (PipelineActionHandler.java:onMessage(60)) - Received pipeline action CLOSE for Pipeline[ Id: 449ce985-78e6-4066-ad5b-faf0b6e2649d, Nodes: 4005f9e4-9000-4048-961f-9439e52a6da7{ip: 192.168.5.130, host: pr-hdds-2136-chhj8-2666454444, networkLocation: /default-rack, certSerialId: null}597a450e-db00-46ca-b8ea-d9e1f9500f66{ip: 192.168.5.130, host: pr-hdds-2136-chhj8-2666454444, networkLocation: /default-rack, certSerialId: null}9a3c5405-1b71-41e7-a1e6-d9c2b7bf9721{ip: 192.168.5.130, host: pr-hdds-2136-chhj8-2666454444, networkLocation: /default-rack, certSerialId: null}, Type:RATIS, Factor:THREE, State:CLOSED] from datanode 4005f9e4-9000-4048-961f-9439e52a6da7{ip: 192.168.5.130, host: pr-hdds-2136-chhj8-2666454444, networkLocation: /default-rack, certSerialId: null}. Reason : 4005f9e4-9000-4048-961f-9439e52a6da7 has not seen follower/s 597a450e-db00-46ca-b8ea-d9e1f9500f66 for 183859ms 9a3c5405-1b71-41e7-a1e6-d9c2b7bf9721 for 183858ms
2019-09-17 12:37:18,080 [EventQueue-PipelineActionsForPipelineActionHandler] INFO  pipeline.SCMPipelineManager (SCMPipelineManager.java:finalizeAndDestroyPipeline(311)) - destroying pipeline:Pipeline[ Id: 449ce985-78e6-4066-ad5b-faf0b6e2649d, Nodes: 4005f9e4-9000-4048-961f-9439e52a6da7{ip: 192.168.5.130, host: pr-hdds-2136-chhj8-2666454444, networkLocation: /default-rack, certSerialId: null}597a450e-db00-46ca-b8ea-d9e1f9500f66{ip: 192.168.5.130, host: pr-hdds-2136-chhj8-2666454444, networkLocation: /default-rack, certSerialId: null}9a3c5405-1b71-41e7-a1e6-d9c2b7bf9721{ip: 192.168.5.130, host: pr-hdds-2136-chhj8-2666454444, networkLocation: /default-rack, certSerialId: null}, Type:RATIS, Factor:THREE, State:CLOSED]
2019-09-17 12:37:19,600 [org.apache.ratis.server.impl.LogAppender$AppenderDaemon$$Lambda$490/985692452@68dc2c2b] ERROR ratis.XceiverServerRatis (XceiverServerRatis.java:triggerPipelineClose(575)) - pipeline Action CLOSE  on pipeline PipelineID=449ce985-78e6-4066-ad5b-faf0b6e2649d.Reason : 4005f9e4-9000-4048-961f-9439e52a6da7 has not seen follower/s 597a450e-db00-46ca-b8ea-d9e1f9500f66 for 186360ms 9a3c5405-1b71-41e7-a1e6-d9c2b7bf9721 for 186359ms
2019-09-17 12:37:19,600 [org.apache.ratis.server.impl.LogAppender$AppenderDaemon$$Lambda$490/985692452@790f8f58] ERROR ratis.XceiverServerRatis (XceiverServerRatis.java:triggerPipelineClose(575)) - pipeline Action CLOSE  on pipeline PipelineID=449ce985-78e6-4066-ad5b-faf0b6e2649d.Reason : 4005f9e4-9000-4048-961f-9439e52a6da7 has not seen follower/s 597a450e-db00-46ca-b8ea-d9e1f9500f66 for 186360ms 9a3c5405-1b71-41e7-a1e6-d9c2b7bf9721 for 186359ms
2019-09-17 12:37:20,055 [grpc-default-executor-10] INFO  impl.RaftServerProxy (RaftServerProxy.java:remove(95)) - 4005f9e4-9000-4048-961f-9439e52a6da7: remove    LEADER 4005f9e4-9000-4048-961f-9439e52a6da7@group-FAF0B6E2649D:t1, leader=4005f9e4-9000-4048-961f-9439e52a6da7, voted=4005f9e4-9000-4048-961f-9439e52a6da7, raftlog=4005f9e4-9000-4048-961f-9439e52a6da7@group-FAF0B6E2649D-SegmentedRaftLog:OPENED:c11,f11,i18, conf=0: [597a450e-db00-46ca-b8ea-d9e1f9500f66:192.168.5.130:37203, 9a3c5405-1b71-41e7-a1e6-d9c2b7bf9721:192.168.5.130:42503, 4005f9e4-9000-4048-961f-9439e52a6da7:192.168.5.130:43091], old=null RUNNING
2019-09-17 12:37:20,055 [grpc-default-executor-10] INFO  impl.RaftServerImpl (RaftServerImpl.java:lambda$shutdown$3(251)) - 4005f9e4-9000-4048-961f-9439e52a6da7@group-FAF0B6E2649D: shutdown
2019-09-17 12:37:20,056 [grpc-default-executor-10] INFO  util.JmxRegister (JmxRegister.java:unregister(73)) - Successfully un-registered JMX Bean with object name Ratis:service=RaftServer,group=group-FAF0B6E2649D,id=4005f9e4-9000-4048-961f-9439e52a6da7
2019-09-17 12:37:20,056 [grpc-default-executor-10] INFO  impl.RoleInfo (RoleInfo.java:shutdownLeaderState(104)) - 4005f9e4-9000-4048-961f-9439e52a6da7: shutdown LeaderState
2019-09-17 12:37:20,062 [org.apache.ratis.server.impl.LogAppender$AppenderDaemon$$Lambda$490/985692452@68dc2c2b] WARN  server.GrpcLogAppender (GrpcLogAppender.java:mayWait(143)) - 4005f9e4-9000-4048-961f-9439e52a6da7@group-FAF0B6E2649D->597a450e-db00-46ca-b8ea-d9e1f9500f66-GrpcLogAppender: Wait interrupted by java.lang.InterruptedException
2019-09-17 12:37:20,062 [org.apache.ratis.server.impl.LogAppender$AppenderDaemon$$Lambda$490/985692452@790f8f58] WARN  server.GrpcLogAppender (GrpcLogAppender.java:mayWait(143)) - 4005f9e4-9000-4048-961f-9439e52a6da7@group-FAF0B6E2649D->9a3c5405-1b71-41e7-a1e6-d9c2b7bf9721-GrpcLogAppender: Wait interrupted by java.lang.InterruptedException
2019-09-17 12:37:20,062 [grpc-default-executor-10] INFO  impl.PendingRequests (PendingRequests.java:sendNotLeaderResponses(202)) - 4005f9e4-9000-4048-961f-9439e52a6da7-PendingRequests: sendNotLeaderResponses
2019-09-17 12:37:20,062 [grpc-default-executor-0] INFO  server.GrpcServerProtocolService (GrpcServerProtocolService.java:onCompleted(113)) - 597a450e-db00-46ca-b8ea-d9e1f9500f66: Completed APPEND_ENTRIES, lastRequest: 4005f9e4-9000-4048-961f-9439e52a6da7->597a450e-db00-46ca-b8ea-d9e1f9500f66#165-t1, previous=(t:1, i:18), leaderCommit=11, initializing? false, entries: <empty>
2019-09-17 12:37:20,062 [grpc-default-executor-9] INFO  server.GrpcServerProtocolService (GrpcServerProtocolService.java:onCompleted(113)) - 9a3c5405-1b71-41e7-a1e6-d9c2b7bf9721: Completed APPEND_ENTRIES, lastRequest: 4005f9e4-9000-4048-961f-9439e52a6da7->9a3c5405-1b71-41e7-a1e6-d9c2b7bf9721#165-t1, previous=(t:1, i:18), leaderCommit=11, initializing? false, entries: <empty>
2019-09-17 12:37:20,063 [grpc-default-executor-0] INFO  server.GrpcLogAppender (GrpcLogAppender.java:onCompleted(293)) - 4005f9e4-9000-4048-961f-9439e52a6da7@group-FAF0B6E2649D->597a450e-db00-46ca-b8ea-d9e1f9500f66-AppendLogResponseHandler: follower responses appendEntries COMPLETED
2019-09-17 12:37:20,063 [grpc-default-executor-9] INFO  server.GrpcLogAppender (GrpcLogAppender.java:onCompleted(293)) - 4005f9e4-9000-4048-961f-9439e52a6da7@group-FAF0B6E2649D->9a3c5405-1b71-41e7-a1e6-d9c2b7bf9721-AppendLogResponseHandler: follower responses appendEntries COMPLETED
2019-09-17 12:37:20,064 [grpc-default-executor-9] INFO  impl.FollowerInfo (FollowerInfo.java:lambda$new$0(51)) - 4005f9e4-9000-4048-961f-9439e52a6da7@group-FAF0B6E2649D->9a3c5405-1b71-41e7-a1e6-d9c2b7bf9721: nextIndex: updateUnconditionally 19 -> 12
2019-09-17 12:37:20,064 [grpc-default-executor-0] INFO  impl.FollowerInfo (FollowerInfo.java:lambda$new$0(51)) - 4005f9e4-9000-4048-961f-9439e52a6da7@group-FAF0B6E2649D->597a450e-db00-46ca-b8ea-d9e1f9500f66: nextIndex: updateUnconditionally 19 -> 12
2019-09-17 12:37:20,068 [grpc-default-executor-10] INFO  impl.StateMachineUpdater (StateMachineUpdater.java:stopAndJoin(125)) - 4005f9e4-9000-4048-961f-9439e52a6da7@group-FAF0B6E2649D-StateMachineUpdater: set stopIndex = 11
2019-09-17 12:37:20,068 [4005f9e4-9000-4048-961f-9439e52a6da7@group-FAF0B6E2649D-StateMachineUpdater] INFO  ratis.ContainerStateMachine (ContainerStateMachine.java:takeSnapshot(289)) - group-FAF0B6E2649D: Taking a snapshot at:(t:1, i:11) file /tmp/workdir/hadoop-ozone/integration-test/target/test-dir/MiniOzoneClusterImpl-d179b17f-26b4-4b11-871f-a9170d0e99dc/datanode-4/data/ratis/449ce985-78e6-4066-ad5b-faf0b6e2649d/sm/snapshot.1_11
2019-09-17 12:37:20,079 [EventQueue-PipelineActionsForPipelineActionHandler] ERROR pipeline.PipelineActionHandler (PipelineActionHandler.java:onMessage(60)) - Received pipeline action CLOSE for Pipeline[ Id: 449ce985-78e6-4066-ad5b-faf0b6e2649d, Nodes: 4005f9e4-9000-4048-961f-9439e52a6da7{ip: 192.168.5.130, host: pr-hdds-2136-chhj8-2666454444, networkLocation: /default-rack, certSerialId: null}597a450e-db00-46ca-b8ea-d9e1f9500f66{ip: 192.168.5.130, host: pr-hdds-2136-chhj8-2666454444, networkLocation: /default-rack, certSerialId: null}9a3c5405-1b71-41e7-a1e6-d9c2b7bf9721{ip: 192.168.5.130, host: pr-hdds-2136-chhj8-2666454444, networkLocation: /default-rack, certSerialId: null}, Type:RATIS, Factor:THREE, State:CLOSED] from datanode 4005f9e4-9000-4048-961f-9439e52a6da7{ip: 192.168.5.130, host: pr-hdds-2136-chhj8-2666454444, networkLocation: /default-rack, certSerialId: null}. Reason : 4005f9e4-9000-4048-961f-9439e52a6da7 has not seen follower/s 597a450e-db00-46ca-b8ea-d9e1f9500f66 for 186360ms 9a3c5405-1b71-41e7-a1e6-d9c2b7bf9721 for 186359ms
2019-09-17 12:37:20,079 [EventQueue-PipelineActionsForPipelineActionHandler] INFO  pipeline.SCMPipelineManager (SCMPipelineManager.java:finalizeAndDestroyPipeline(311)) - destroying pipeline:Pipeline[ Id: 449ce985-78e6-4066-ad5b-faf0b6e2649d, Nodes: 4005f9e4-9000-4048-961f-9439e52a6da7{ip: 192.168.5.130, host: pr-hdds-2136-chhj8-2666454444, networkLocation: /default-rack, certSerialId: null}597a450e-db00-46ca-b8ea-d9e1f9500f66{ip: 192.168.5.130, host: pr-hdds-2136-chhj8-2666454444, networkLocation: /default-rack, certSerialId: null}9a3c5405-1b71-41e7-a1e6-d9c2b7bf9721{ip: 192.168.5.130, host: pr-hdds-2136-chhj8-2666454444, networkLocation: /default-rack, certSerialId: null}, Type:RATIS, Factor:THREE, State:CLOSED]
2019-09-17 12:37:20,088 [4005f9e4-9000-4048-961f-9439e52a6da7@group-FAF0B6E2649D-StateMachineUpdater] INFO  ratis.ContainerStateMachine (ContainerStateMachine.java:takeSnapshot(300)) - group-FAF0B6E2649D: Finished taking a snapshot at:(t:1, i:11) file:/tmp/workdir/hadoop-ozone/integration-test/target/test-dir/MiniOzoneClusterImpl-d179b17f-26b4-4b11-871f-a9170d0e99dc/datanode-4/data/ratis/449ce985-78e6-4066-ad5b-faf0b6e2649d/sm/snapshot.1_11 time:19
2019-09-17 12:37:20,088 [4005f9e4-9000-4048-961f-9439e52a6da7@group-FAF0B6E2649D-StateMachineUpdater] INFO  impl.StateMachineUpdater (StateMachineUpdater.java:takeSnapshot(258)) - 4005f9e4-9000-4048-961f-9439e52a6da7@group-FAF0B6E2649D-StateMachineUpdater: Took a snapshot at index 11
2019-09-17 12:37:20,088 [4005f9e4-9000-4048-961f-9439e52a6da7@group-FAF0B6E2649D-StateMachineUpdater] INFO  impl.StateMachineUpdater (StateMachineUpdater.java:lambda$new$0(83)) - 4005f9e4-9000-4048-961f-9439e52a6da7@group-FAF0B6E2649D-StateMachineUpdater: snapshotIndex: updateIncreasingly -1 -> 11
2019-09-17 12:37:20,088 [Command processor thread] ERROR commandhandler.CloseContainerCommandHandler (CloseContainerCommandHandler.java:handle(125)) - Can't close container #8
java.io.IOException: org.apache.ratis.protocol.GroupMismatchException: 4005f9e4-9000-4048-961f-9439e52a6da7: group-FAF0B6E2649D not found.
	at org.apache.hadoop.ozone.container.common.transport.server.ratis.XceiverServerRatis.submitRequest(XceiverServerRatis.java:502)
	at org.apache.hadoop.ozone.container.common.statemachine.commandhandler.CloseContainerCommandHandler.handle(CloseContainerCommandHandler.java:102)
	at org.apache.hadoop.ozone.container.common.statemachine.commandhandler.CommandDispatcher.handle(CommandDispatcher.java:99)
	at org.apache.hadoop.ozone.container.common.statemachine.DatanodeStateMachine.lambda$initCommandHandlerThread$1(DatanodeStateMachine.java:432)
	at java.lang.Thread.run(Thread.java:748)
Caused by: java.util.concurrent.ExecutionException: org.apache.ratis.protocol.GroupMismatchException: 4005f9e4-9000-4048-961f-9439e52a6da7: group-FAF0B6E2649D not found.
	at java.util.concurrent.CompletableFuture.reportGet(CompletableFuture.java:357)
	at java.util.concurrent.CompletableFuture.get(CompletableFuture.java:1895)
	at org.apache.hadoop.ozone.container.common.transport.server.ratis.XceiverServerRatis.submitRequest(XceiverServerRatis.java:500)
	... 4 more
Caused by: org.apache.ratis.protocol.GroupMismatchException: 4005f9e4-9000-4048-961f-9439e52a6da7: group-FAF0B6E2649D not found.
	at org.apache.ratis.server.impl.RaftServerProxy$ImplMap.get(RaftServerProxy.java:122)
	at org.apache.ratis.server.impl.RaftServerProxy.getImplFuture(RaftServerProxy.java:269)
	at org.apache.ratis.server.impl.RaftServerProxy.submitRequest(RaftServerProxy.java:327)
	at org.apache.ratis.server.impl.RaftServerProxy.submitClientRequestAsync(RaftServerProxy.java:333)
	... 5 more
2019-09-17 12:37:20,088 [grpc-default-executor-10] INFO  impl.RaftServerImpl (ServerState.java:close(385)) - 4005f9e4-9000-4048-961f-9439e52a6da7@group-FAF0B6E2649D: closes. applyIndex: 11
2019-09-17 12:37:20,090 [4005f9e4-9000-4048-961f-9439e52a6da7@group-FAF0B6E2649D-SegmentedRaftLogWorker] ERROR ratis.XceiverServerRatis (XceiverServerRatis.java:triggerPipelineClose(575)) - pipeline Action CLOSE  on pipeline PipelineID=449ce985-78e6-4066-ad5b-faf0b6e2649d.Reason : WriteLog:12: (t:1, i:12), STATEMACHINELOGENTRY, client-CDDE5ABED77C, cid=151-writeStateMachineData interrupted.
2019-09-17 12:37:20,093 [grpc-default-executor-10] INFO  segmented.SegmentedRaftLogWorker (SegmentedRaftLogWorker.java:close(228)) - 4005f9e4-9000-4048-961f-9439e52a6da7@group-FAF0B6E2649D-SegmentedRaftLogWorker close()
2019-09-17 12:37:20,093 [EventQueue-PipelineActionsForPipelineActionHandler] ERROR pipeline.PipelineActionHandler (PipelineActionHandler.java:onMessage(60)) - Received pipeline action CLOSE for Pipeline[ Id: 449ce985-78e6-4066-ad5b-faf0b6e2649d, Nodes: 4005f9e4-9000-4048-961f-9439e52a6da7{ip: 192.168.5.130, host: pr-hdds-2136-chhj8-2666454444, networkLocation: /default-rack, certSerialId: null}597a450e-db00-46ca-b8ea-d9e1f9500f66{ip: 192.168.5.130, host: pr-hdds-2136-chhj8-2666454444, networkLocation: /default-rack, certSerialId: null}9a3c5405-1b71-41e7-a1e6-d9c2b7bf9721{ip: 192.168.5.130, host: pr-hdds-2136-chhj8-2666454444, networkLocation: /default-rack, certSerialId: null}, Type:RATIS, Factor:THREE, State:CLOSED] from datanode 4005f9e4-9000-4048-961f-9439e52a6da7{ip: 192.168.5.130, host: pr-hdds-2136-chhj8-2666454444, networkLocation: /default-rack, certSerialId: null}. Reason : WriteLog:12: (t:1, i:12), STATEMACHINELOGENTRY, client-CDDE5ABED77C, cid=151-writeStateMachineData interrupted.
2019-09-17 12:37:20,096 [EventQueue-PipelineActionsForPipelineActionHandler] INFO  pipeline.SCMPipelineManager (SCMPipelineManager.java:finalizeAndDestroyPipeline(311)) - destroying pipeline:Pipeline[ Id: 449ce985-78e6-4066-ad5b-faf0b6e2649d, Nodes: 4005f9e4-9000-4048-961f-9439e52a6da7{ip: 192.168.5.130, host: pr-hdds-2136-chhj8-2666454444, networkLocation: /default-rack, certSerialId: null}597a450e-db00-46ca-b8ea-d9e1f9500f66{ip: 192.168.5.130, host: pr-hdds-2136-chhj8-2666454444, networkLocation: /default-rack, certSerialId: null}9a3c5405-1b71-41e7-a1e6-d9c2b7bf9721{ip: 192.168.5.130, host: pr-hdds-2136-chhj8-2666454444, networkLocation: /default-rack, certSerialId: null}, Type:RATIS, Factor:THREE, State:CLOSED]
2019-09-17 12:37:20,110 [grpc-default-executor-10] INFO  interfaces.Container (KeyValueContainer.java:flushAndSyncDB(386)) - Container 6 is synced with bcsId 7.
2019-09-17 12:37:20,110 [grpc-default-executor-10] INFO  interfaces.Container (KeyValueContainer.java:flushAndSyncDB(386)) - Container 6 is synced with bcsId 7.
2019-09-17 12:37:20,135 [EventQueue-IncrementalContainerReportForIncrementalContainerReportHandler] INFO  container.IncrementalContainerReportHandler (AbstractContainerReportHandler.java:updateContainerState(169)) - Moving container #6 to QUASI_CLOSED state, datanode 4005f9e4-9000-4048-961f-9439e52a6da7{ip: 192.168.5.130, host: pr-hdds-2136-chhj8-2666454444, networkLocation: /default-rack, certSerialId: null} reported QUASI_CLOSED replica.
2019-09-17 12:37:20,194 [grpc-default-executor-10] INFO  interfaces.Container (KeyValueContainer.java:flushAndSyncDB(386)) - Container 8 is synced with bcsId 0.
2019-09-17 12:37:20,194 [grpc-default-executor-10] INFO  interfaces.Container (KeyValueContainer.java:flushAndSyncDB(386)) - Container 8 is synced with bcsId 0.
2019-09-17 12:37:20,200 [EventQueue-IncrementalContainerReportForIncrementalContainerReportHandler] INFO  container.IncrementalContainerReportHandler (AbstractContainerReportHandler.java:updateContainerState(169)) - Moving container #8 to QUASI_CLOSED state, datanode 4005f9e4-9000-4048-961f-9439e52a6da7{ip: 192.168.5.130, host: pr-hdds-2136-chhj8-2666454444, networkLocation: /default-rack, certSerialId: null} reported QUASI_CLOSED replica.
2019-09-17 12:37:20,204 [grpc-default-executor-10] INFO  impl.RaftServerProxy (RaftServerProxy.java:remove(95)) - 597a450e-db00-46ca-b8ea-d9e1f9500f66: remove  FOLLOWER 597a450e-db00-46ca-b8ea-d9e1f9500f66@group-FAF0B6E2649D:t1, leader=4005f9e4-9000-4048-961f-9439e52a6da7, voted=4005f9e4-9000-4048-961f-9439e52a6da7, raftlog=597a450e-db00-46ca-b8ea-d9e1f9500f66@group-FAF0B6E2649D-SegmentedRaftLog:OPENED:c11,f11,i18, conf=0: [597a450e-db00-46ca-b8ea-d9e1f9500f66:192.168.5.130:37203, 9a3c5405-1b71-41e7-a1e6-d9c2b7bf9721:192.168.5.130:42503, 4005f9e4-9000-4048-961f-9439e52a6da7:192.168.5.130:43091], old=null RUNNING
2019-09-17 12:37:20,204 [grpc-default-executor-10] INFO  impl.RaftServerImpl (RaftServerImpl.java:lambda$shutdown$3(251)) - 597a450e-db00-46ca-b8ea-d9e1f9500f66@group-FAF0B6E2649D: shutdown
2019-09-17 12:37:20,204 [grpc-default-executor-10] INFO  util.JmxRegister (JmxRegister.java:unregister(73)) - Successfully un-registered JMX Bean with object name Ratis:service=RaftServer,group=group-FAF0B6E2649D,id=597a450e-db00-46ca-b8ea-d9e1f9500f66
2019-09-17 12:37:20,204 [grpc-default-executor-10] INFO  impl.RoleInfo (RoleInfo.java:shutdownFollowerState(121)) - 597a450e-db00-46ca-b8ea-d9e1f9500f66: shutdown FollowerState
2019-09-17 12:37:20,204 [grpc-default-executor-10] INFO  impl.StateMachineUpdater (StateMachineUpdater.java:stopAndJoin(125)) - 597a450e-db00-46ca-b8ea-d9e1f9500f66@group-FAF0B6E2649D-StateMachineUpdater: set stopIndex = 11
2019-09-17 12:37:20,204 [Thread-855] INFO  impl.FollowerState (FollowerState.java:run(115)) - 597a450e-db00-46ca-b8ea-d9e1f9500f66: FollowerState was interrupted: java.lang.InterruptedException: sleep interrupted
2019-09-17 12:37:20,204 [597a450e-db00-46ca-b8ea-d9e1f9500f66@group-FAF0B6E2649D-StateMachineUpdater] INFO  ratis.ContainerStateMachine (ContainerStateMachine.java:takeSnapshot(289)) - group-FAF0B6E2649D: Taking a snapshot at:(t:1, i:7) file /tmp/workdir/hadoop-ozone/integration-test/target/test-dir/MiniOzoneClusterImpl-d179b17f-26b4-4b11-871f-a9170d0e99dc/datanode-0/data/ratis/449ce985-78e6-4066-ad5b-faf0b6e2649d/sm/snapshot.1_7
2019-09-17 12:37:20,209 [597a450e-db00-46ca-b8ea-d9e1f9500f66@group-FAF0B6E2649D-StateMachineUpdater] INFO  ratis.ContainerStateMachine (ContainerStateMachine.java:takeSnapshot(300)) - group-FAF0B6E2649D: Finished taking a snapshot at:(t:1, i:7) file:/tmp/workdir/hadoop-ozone/integration-test/target/test-dir/MiniOzoneClusterImpl-d179b17f-26b4-4b11-871f-a9170d0e99dc/datanode-0/data/ratis/449ce985-78e6-4066-ad5b-faf0b6e2649d/sm/snapshot.1_7 time:5
2019-09-17 12:37:20,209 [597a450e-db00-46ca-b8ea-d9e1f9500f66@group-FAF0B6E2649D-StateMachineUpdater] INFO  impl.StateMachineUpdater (StateMachineUpdater.java:takeSnapshot(258)) - 597a450e-db00-46ca-b8ea-d9e1f9500f66@group-FAF0B6E2649D-StateMachineUpdater: Took a snapshot at index 7
2019-09-17 12:37:20,209 [597a450e-db00-46ca-b8ea-d9e1f9500f66@group-FAF0B6E2649D-StateMachineUpdater] INFO  impl.StateMachineUpdater (StateMachineUpdater.java:lambda$new$0(83)) - 597a450e-db00-46ca-b8ea-d9e1f9500f66@group-FAF0B6E2649D-StateMachineUpdater: snapshotIndex: updateIncreasingly -1 -> 7
2019-09-17 12:37:20,210 [597a450e-db00-46ca-b8ea-d9e1f9500f66@group-FAF0B6E2649D-StateMachineUpdater] INFO  ratis.ContainerStateMachine (ContainerStateMachine.java:takeSnapshot(289)) - group-FAF0B6E2649D: Taking a snapshot at:(t:1, i:7) file /tmp/workdir/hadoop-ozone/integration-test/target/test-dir/MiniOzoneClusterImpl-d179b17f-26b4-4b11-871f-a9170d0e99dc/datanode-0/data/ratis/449ce985-78e6-4066-ad5b-faf0b6e2649d/sm/snapshot.1_7
2019-09-17 12:37:20,239 [597a450e-db00-46ca-b8ea-d9e1f9500f66@group-FAF0B6E2649D-StateMachineUpdater] INFO  ratis.ContainerStateMachine (ContainerStateMachine.java:takeSnapshot(300)) - group-FAF0B6E2649D: Finished taking a snapshot at:(t:1, i:7) file:/tmp/workdir/hadoop-ozone/integration-test/target/test-dir/MiniOzoneClusterImpl-d179b17f-26b4-4b11-871f-a9170d0e99dc/datanode-0/data/ratis/449ce985-78e6-4066-ad5b-faf0b6e2649d/sm/snapshot.1_7 time:30
2019-09-17 12:37:20,239 [597a450e-db00-46ca-b8ea-d9e1f9500f66@group-FAF0B6E2649D-StateMachineUpdater] INFO  impl.StateMachineUpdater (StateMachineUpdater.java:takeSnapshot(258)) - 597a450e-db00-46ca-b8ea-d9e1f9500f66@group-FAF0B6E2649D-StateMachineUpdater: Took a snapshot at index 7
2019-09-17 12:37:20,240 [597a450e-db00-46ca-b8ea-d9e1f9500f66@group-FAF0B6E2649D-StateMachineUpdater] INFO  impl.StateMachineUpdater (StateMachineUpdater.java:lambda$new$0(83)) - 597a450e-db00-46ca-b8ea-d9e1f9500f66@group-FAF0B6E2649D-StateMachineUpdater: snapshotIndex: updateIncreasingly 7 -> 7
2019-09-17 12:37:20,240 [grpc-default-executor-10] INFO  impl.RaftServerImpl (ServerState.java:close(385)) - 597a450e-db00-46ca-b8ea-d9e1f9500f66@group-FAF0B6E2649D: closes. applyIndex: 11
2019-09-17 12:37:20,240 [597a450e-db00-46ca-b8ea-d9e1f9500f66@group-FAF0B6E2649D-SegmentedRaftLogWorker] ERROR ratis.XceiverServerRatis (XceiverServerRatis.java:triggerPipelineClose(575)) - pipeline Action CLOSE  on pipeline PipelineID=449ce985-78e6-4066-ad5b-faf0b6e2649d.Reason : WriteLog:12: (t:1, i:12), STATEMACHINELOGENTRY, client-CDDE5ABED77C, cid=151-writeStateMachineData interrupted.
2019-09-17 12:37:20,244 [grpc-default-executor-10] INFO  segmented.SegmentedRaftLogWorker (SegmentedRaftLogWorker.java:close(228)) - 597a450e-db00-46ca-b8ea-d9e1f9500f66@group-FAF0B6E2649D-SegmentedRaftLogWorker close()
2019-09-17 12:37:20,249 [EventQueue-PipelineActionsForPipelineActionHandler] ERROR pipeline.PipelineActionHandler (PipelineActionHandler.java:onMessage(60)) - Received pipeline action CLOSE for Pipeline[ Id: 449ce985-78e6-4066-ad5b-faf0b6e2649d, Nodes: 4005f9e4-9000-4048-961f-9439e52a6da7{ip: 192.168.5.130, host: pr-hdds-2136-chhj8-2666454444, networkLocation: /default-rack, certSerialId: null}597a450e-db00-46ca-b8ea-d9e1f9500f66{ip: 192.168.5.130, host: pr-hdds-2136-chhj8-2666454444, networkLocation: /default-rack, certSerialId: null}9a3c5405-1b71-41e7-a1e6-d9c2b7bf9721{ip: 192.168.5.130, host: pr-hdds-2136-chhj8-2666454444, networkLocation: /default-rack, certSerialId: null}, Type:RATIS, Factor:THREE, State:CLOSED] from datanode 597a450e-db00-46ca-b8ea-d9e1f9500f66{ip: 192.168.5.130, host: pr-hdds-2136-chhj8-2666454444, networkLocation: /default-rack, certSerialId: null}. Reason : WriteLog:12: (t:1, i:12), STATEMACHINELOGENTRY, client-CDDE5ABED77C, cid=151-writeStateMachineData interrupted.
2019-09-17 12:37:20,249 [EventQueue-PipelineActionsForPipelineActionHandler] INFO  pipeline.SCMPipelineManager (SCMPipelineManager.java:finalizeAndDestroyPipeline(311)) - destroying pipeline:Pipeline[ Id: 449ce985-78e6-4066-ad5b-faf0b6e2649d, Nodes: 4005f9e4-9000-4048-961f-9439e52a6da7{ip: 192.168.5.130, host: pr-hdds-2136-chhj8-2666454444, networkLocation: /default-rack, certSerialId: null}597a450e-db00-46ca-b8ea-d9e1f9500f66{ip: 192.168.5.130, host: pr-hdds-2136-chhj8-2666454444, networkLocation: /default-rack, certSerialId: null}9a3c5405-1b71-41e7-a1e6-d9c2b7bf9721{ip: 192.168.5.130, host: pr-hdds-2136-chhj8-2666454444, networkLocation: /default-rack, certSerialId: null}, Type:RATIS, Factor:THREE, State:CLOSED]
2019-09-17 12:37:20,273 [grpc-default-executor-10] INFO  interfaces.Container (KeyValueContainer.java:flushAndSyncDB(386)) - Container 6 is synced with bcsId 7.
2019-09-17 12:37:20,273 [grpc-default-executor-10] INFO  interfaces.Container (KeyValueContainer.java:flushAndSyncDB(386)) - Container 6 is synced with bcsId 7.
2019-09-17 12:37:20,396 [grpc-default-executor-10] INFO  interfaces.Container (KeyValueContainer.java:flushAndSyncDB(386)) - Container 8 is synced with bcsId 0.
2019-09-17 12:37:20,397 [grpc-default-executor-10] INFO  interfaces.Container (KeyValueContainer.java:flushAndSyncDB(386)) - Container 8 is synced with bcsId 0.
2019-09-17 12:37:20,425 [grpc-default-executor-10] INFO  impl.RaftServerProxy (RaftServerProxy.java:remove(95)) - 9a3c5405-1b71-41e7-a1e6-d9c2b7bf9721: remove  FOLLOWER 9a3c5405-1b71-41e7-a1e6-d9c2b7bf9721@group-FAF0B6E2649D:t1, leader=4005f9e4-9000-4048-961f-9439e52a6da7, voted=9a3c5405-1b71-41e7-a1e6-d9c2b7bf9721, raftlog=9a3c5405-1b71-41e7-a1e6-d9c2b7bf9721@group-FAF0B6E2649D-SegmentedRaftLog:OPENED:c11,f11,i18, conf=0: [597a450e-db00-46ca-b8ea-d9e1f9500f66:192.168.5.130:37203, 9a3c5405-1b71-41e7-a1e6-d9c2b7bf9721:192.168.5.130:42503, 4005f9e4-9000-4048-961f-9439e52a6da7:192.168.5.130:43091], old=null RUNNING
2019-09-17 12:37:20,425 [grpc-default-executor-10] INFO  impl.RaftServerImpl (RaftServerImpl.java:lambda$shutdown$3(251)) - 9a3c5405-1b71-41e7-a1e6-d9c2b7bf9721@group-FAF0B6E2649D: shutdown
2019-09-17 12:37:20,425 [grpc-default-executor-10] INFO  util.JmxRegister (JmxRegister.java:unregister(73)) - Successfully un-registered JMX Bean with object name Ratis:service=RaftServer,group=group-FAF0B6E2649D,id=9a3c5405-1b71-41e7-a1e6-d9c2b7bf9721
2019-09-17 12:37:20,426 [grpc-default-executor-10] INFO  impl.RoleInfo (RoleInfo.java:shutdownFollowerState(121)) - 9a3c5405-1b71-41e7-a1e6-d9c2b7bf9721: shutdown FollowerState
2019-09-17 12:37:20,426 [grpc-default-executor-10] INFO  impl.StateMachineUpdater (StateMachineUpdater.java:stopAndJoin(125)) - 9a3c5405-1b71-41e7-a1e6-d9c2b7bf9721@group-FAF0B6E2649D-StateMachineUpdater: set stopIndex = 11
2019-09-17 12:37:20,426 [9a3c5405-1b71-41e7-a1e6-d9c2b7bf9721@group-FAF0B6E2649D-StateMachineUpdater] INFO  ratis.ContainerStateMachine (ContainerStateMachine.java:takeSnapshot(289)) - group-FAF0B6E2649D: Taking a snapshot at:(t:1, i:7) file /tmp/workdir/hadoop-ozone/integration-test/target/test-dir/MiniOzoneClusterImpl-d179b17f-26b4-4b11-871f-a9170d0e99dc/datanode-1/data/ratis/449ce985-78e6-4066-ad5b-faf0b6e2649d/sm/snapshot.1_7
2019-09-17 12:37:20,426 [Thread-856] INFO  impl.FollowerState (FollowerState.java:run(115)) - 9a3c5405-1b71-41e7-a1e6-d9c2b7bf9721: FollowerState was interrupted: java.lang.InterruptedException: sleep interrupted
2019-09-17 12:37:20,449 [9a3c5405-1b71-41e7-a1e6-d9c2b7bf9721@group-FAF0B6E2649D-StateMachineUpdater] INFO  ratis.ContainerStateMachine (ContainerStateMachine.java:takeSnapshot(300)) - group-FAF0B6E2649D: Finished taking a snapshot at:(t:1, i:7) file:/tmp/workdir/hadoop-ozone/integration-test/target/test-dir/MiniOzoneClusterImpl-d179b17f-26b4-4b11-871f-a9170d0e99dc/datanode-1/data/ratis/449ce985-78e6-4066-ad5b-faf0b6e2649d/sm/snapshot.1_7 time:22
2019-09-17 12:37:20,449 [9a3c5405-1b71-41e7-a1e6-d9c2b7bf9721@group-FAF0B6E2649D-StateMachineUpdater] INFO  impl.StateMachineUpdater (StateMachineUpdater.java:takeSnapshot(258)) - 9a3c5405-1b71-41e7-a1e6-d9c2b7bf9721@group-FAF0B6E2649D-StateMachineUpdater: Took a snapshot at index 7
2019-09-17 12:37:20,449 [9a3c5405-1b71-41e7-a1e6-d9c2b7bf9721@group-FAF0B6E2649D-StateMachineUpdater] INFO  impl.StateMachineUpdater (StateMachineUpdater.java:lambda$new$0(83)) - 9a3c5405-1b71-41e7-a1e6-d9c2b7bf9721@group-FAF0B6E2649D-StateMachineUpdater: snapshotIndex: updateIncreasingly -1 -> 7
2019-09-17 12:37:20,449 [9a3c5405-1b71-41e7-a1e6-d9c2b7bf9721@group-FAF0B6E2649D-StateMachineUpdater] INFO  ratis.ContainerStateMachine (ContainerStateMachine.java:takeSnapshot(289)) - group-FAF0B6E2649D: Taking a snapshot at:(t:1, i:7) file /tmp/workdir/hadoop-ozone/integration-test/target/test-dir/MiniOzoneClusterImpl-d179b17f-26b4-4b11-871f-a9170d0e99dc/datanode-1/data/ratis/449ce985-78e6-4066-ad5b-faf0b6e2649d/sm/snapshot.1_7
2019-09-17 12:37:20,475 [9a3c5405-1b71-41e7-a1e6-d9c2b7bf9721@group-FAF0B6E2649D-StateMachineUpdater] INFO  ratis.ContainerStateMachine (ContainerStateMachine.java:takeSnapshot(300)) - group-FAF0B6E2649D: Finished taking a snapshot at:(t:1, i:7) file:/tmp/workdir/hadoop-ozone/integration-test/target/test-dir/MiniOzoneClusterImpl-d179b17f-26b4-4b11-871f-a9170d0e99dc/datanode-1/data/ratis/449ce985-78e6-4066-ad5b-faf0b6e2649d/sm/snapshot.1_7 time:26
2019-09-17 12:37:20,475 [9a3c5405-1b71-41e7-a1e6-d9c2b7bf9721@group-FAF0B6E2649D-StateMachineUpdater] INFO  impl.StateMachineUpdater (StateMachineUpdater.java:takeSnapshot(258)) - 9a3c5405-1b71-41e7-a1e6-d9c2b7bf9721@group-FAF0B6E2649D-StateMachineUpdater: Took a snapshot at index 7
2019-09-17 12:37:20,476 [9a3c5405-1b71-41e7-a1e6-d9c2b7bf9721@group-FAF0B6E2649D-StateMachineUpdater] INFO  impl.StateMachineUpdater (StateMachineUpdater.java:lambda$new$0(83)) - 9a3c5405-1b71-41e7-a1e6-d9c2b7bf9721@group-FAF0B6E2649D-StateMachineUpdater: snapshotIndex: updateIncreasingly 7 -> 7
2019-09-17 12:37:20,476 [grpc-default-executor-10] INFO  impl.RaftServerImpl (ServerState.java:close(385)) - 9a3c5405-1b71-41e7-a1e6-d9c2b7bf9721@group-FAF0B6E2649D: closes. applyIndex: 11
2019-09-17 12:37:20,476 [9a3c5405-1b71-41e7-a1e6-d9c2b7bf9721@group-FAF0B6E2649D-SegmentedRaftLogWorker] ERROR ratis.XceiverServerRatis (XceiverServerRatis.java:triggerPipelineClose(575)) - pipeline Action CLOSE  on pipeline PipelineID=449ce985-78e6-4066-ad5b-faf0b6e2649d.Reason : WriteLog:12: (t:1, i:12), STATEMACHINELOGENTRY, client-CDDE5ABED77C, cid=151-writeStateMachineData interrupted.
2019-09-17 12:37:20,480 [grpc-default-executor-10] INFO  segmented.SegmentedRaftLogWorker (SegmentedRaftLogWorker.java:close(228)) - 9a3c5405-1b71-41e7-a1e6-d9c2b7bf9721@group-FAF0B6E2649D-SegmentedRaftLogWorker close()
2019-09-17 12:37:20,483 [EventQueue-PipelineActionsForPipelineActionHandler] ERROR pipeline.PipelineActionHandler (PipelineActionHandler.java:onMessage(60)) - Received pipeline action CLOSE for Pipeline[ Id: 449ce985-78e6-4066-ad5b-faf0b6e2649d, Nodes: 4005f9e4-9000-4048-961f-9439e52a6da7{ip: 192.168.5.130, host: pr-hdds-2136-chhj8-2666454444, networkLocation: /default-rack, certSerialId: null}597a450e-db00-46ca-b8ea-d9e1f9500f66{ip: 192.168.5.130, host: pr-hdds-2136-chhj8-2666454444, networkLocation: /default-rack, certSerialId: null}9a3c5405-1b71-41e7-a1e6-d9c2b7bf9721{ip: 192.168.5.130, host: pr-hdds-2136-chhj8-2666454444, networkLocation: /default-rack, certSerialId: null}, Type:RATIS, Factor:THREE, State:CLOSED] from datanode 9a3c5405-1b71-41e7-a1e6-d9c2b7bf9721{ip: 192.168.5.130, host: pr-hdds-2136-chhj8-2666454444, networkLocation: /default-rack, certSerialId: null}. Reason : WriteLog:12: (t:1, i:12), STATEMACHINELOGENTRY, client-CDDE5ABED77C, cid=151-writeStateMachineData interrupted.
2019-09-17 12:37:20,485 [EventQueue-PipelineActionsForPipelineActionHandler] INFO  pipeline.SCMPipelineManager (SCMPipelineManager.java:finalizeAndDestroyPipeline(311)) - destroying pipeline:Pipeline[ Id: 449ce985-78e6-4066-ad5b-faf0b6e2649d, Nodes: 4005f9e4-9000-4048-961f-9439e52a6da7{ip: 192.168.5.130, host: pr-hdds-2136-chhj8-2666454444, networkLocation: /default-rack, certSerialId: null}597a450e-db00-46ca-b8ea-d9e1f9500f66{ip: 192.168.5.130, host: pr-hdds-2136-chhj8-2666454444, networkLocation: /default-rack, certSerialId: null}9a3c5405-1b71-41e7-a1e6-d9c2b7bf9721{ip: 192.168.5.130, host: pr-hdds-2136-chhj8-2666454444, networkLocation: /default-rack, certSerialId: null}, Type:RATIS, Factor:THREE, State:CLOSED]
2019-09-17 12:37:20,488 [grpc-default-executor-10] INFO  interfaces.Container (KeyValueContainer.java:flushAndSyncDB(386)) - Container 6 is synced with bcsId 7.
2019-09-17 12:37:20,489 [grpc-default-executor-10] INFO  interfaces.Container (KeyValueContainer.java:flushAndSyncDB(386)) - Container 6 is synced with bcsId 7.
2019-09-17 12:37:20,501 [main] WARN  io.KeyOutputStream (KeyOutputStream.java:handleException(276)) - Encountered exception java.io.IOException: Unexpected Storage Container Exception: java.util.concurrent.CompletionException: java.util.concurrent.CompletionException: org.apache.ratis.protocol.GroupMismatchException: 597a450e-db00-46ca-b8ea-d9e1f9500f66: group-FAF0B6E2649D not found. on the pipeline Pipeline[ Id: 449ce985-78e6-4066-ad5b-faf0b6e2649d, Nodes: 4005f9e4-9000-4048-961f-9439e52a6da7{ip: 192.168.5.130, host: pr-hdds-2136-chhj8-2666454444, networkLocation: /default-rack, certSerialId: null}597a450e-db00-46ca-b8ea-d9e1f9500f66{ip: 192.168.5.130, host: pr-hdds-2136-chhj8-2666454444, networkLocation: /default-rack, certSerialId: null}9a3c5405-1b71-41e7-a1e6-d9c2b7bf9721{ip: 192.168.5.130, host: pr-hdds-2136-chhj8-2666454444, networkLocation: /default-rack, certSerialId: null}, Type:RATIS, Factor:THREE, State:OPEN]. The last committed block length is 0, uncommitted data length is 400 retry count 0
2019-09-17 12:37:20,593 [grpc-default-executor-10] INFO  interfaces.Container (KeyValueContainer.java:flushAndSyncDB(386)) - Container 8 is synced with bcsId 0.
2019-09-17 12:37:20,593 [grpc-default-executor-10] INFO  interfaces.Container (KeyValueContainer.java:flushAndSyncDB(386)) - Container 8 is synced with bcsId 0.
2019-09-17 12:37:20,609 [RatisPipelineUtilsThread] INFO  pipeline.PipelineStateManager (PipelineStateManager.java:removePipeline(108)) - Pipeline Pipeline[ Id: 449ce985-78e6-4066-ad5b-faf0b6e2649d, Nodes: 4005f9e4-9000-4048-961f-9439e52a6da7{ip: 192.168.5.130, host: pr-hdds-2136-chhj8-2666454444, networkLocation: /default-rack, certSerialId: null}597a450e-db00-46ca-b8ea-d9e1f9500f66{ip: 192.168.5.130, host: pr-hdds-2136-chhj8-2666454444, networkLocation: /default-rack, certSerialId: null}9a3c5405-1b71-41e7-a1e6-d9c2b7bf9721{ip: 192.168.5.130, host: pr-hdds-2136-chhj8-2666454444, networkLocation: /default-rack, certSerialId: null}, Type:RATIS, Factor:THREE, State:CLOSED] removed from db
2019-09-17 12:37:20,616 [grpc-default-executor-9] INFO  impl.RaftServerProxy (RaftServerProxy.java:addNew(89)) - 597a450e-db00-46ca-b8ea-d9e1f9500f66: addNew group-F672CC9EE82C:[597a450e-db00-46ca-b8ea-d9e1f9500f66:192.168.5.130:37203, 9a3c5405-1b71-41e7-a1e6-d9c2b7bf9721:192.168.5.130:42503, 4005f9e4-9000-4048-961f-9439e52a6da7:192.168.5.130:43091] returns group-F672CC9EE82C:java.util.concurrent.CompletableFuture@7b94fc4c[Not completed]
2019-09-17 12:37:20,616 [grpc-default-executor-10] INFO  impl.RaftServerProxy (RaftServerProxy.java:addNew(89)) - 4005f9e4-9000-4048-961f-9439e52a6da7: addNew group-F672CC9EE82C:[597a450e-db00-46ca-b8ea-d9e1f9500f66:192.168.5.130:37203, 9a3c5405-1b71-41e7-a1e6-d9c2b7bf9721:192.168.5.130:42503, 4005f9e4-9000-4048-961f-9439e52a6da7:192.168.5.130:43091] returns group-F672CC9EE82C:java.util.concurrent.CompletableFuture@fd733c0[Not completed]
2019-09-17 12:37:20,617 [grpc-default-executor-10] INFO  impl.RaftServerProxy (RaftServerProxy.java:addNew(89)) - 9a3c5405-1b71-41e7-a1e6-d9c2b7bf9721: addNew group-F672CC9EE82C:[597a450e-db00-46ca-b8ea-d9e1f9500f66:192.168.5.130:37203, 9a3c5405-1b71-41e7-a1e6-d9c2b7bf9721:192.168.5.130:42503, 4005f9e4-9000-4048-961f-9439e52a6da7:192.168.5.130:43091] returns group-F672CC9EE82C:java.util.concurrent.CompletableFuture@6905d873[Not completed]
2019-09-17 12:37:20,618 [pool-67-thread-1] INFO  impl.RaftServerImpl (RaftServerImpl.java:<init>(95)) - 4005f9e4-9000-4048-961f-9439e52a6da7: new RaftServerImpl for group-F672CC9EE82C:[597a450e-db00-46ca-b8ea-d9e1f9500f66:192.168.5.130:37203, 9a3c5405-1b71-41e7-a1e6-d9c2b7bf9721:192.168.5.130:42503, 4005f9e4-9000-4048-961f-9439e52a6da7:192.168.5.130:43091] with ContainerStateMachine:uninitialized
2019-09-17 12:37:20,618 [pool-67-thread-1] INFO  server.RaftServerConfigKeys (ConfUtils.java:logGet(43)) - raft.server.rpc.timeout.min = 5s (custom)
2019-09-17 12:37:20,618 [pool-67-thread-1] INFO  server.RaftServerConfigKeys (ConfUtils.java:logGet(43)) - raft.server.rpc.timeout.max = 5200ms (custom)
2019-09-17 12:37:20,618 [pool-67-thread-1] INFO  server.RaftServerConfigKeys (ConfUtils.java:logGet(43)) - raft.server.rpcslowness.timeout = 120s (custom)
2019-09-17 12:37:20,618 [pool-67-thread-1] INFO  server.RaftServerConfigKeys (ConfUtils.java:logGet(43)) - raft.server.sleep.deviation.threshold = 300 (default)
2019-09-17 12:37:20,619 [pool-67-thread-1] INFO  server.RaftServerConfigKeys (ConfUtils.java:logGet(43)) - raft.server.log.appender.install.snapshot.enabled = false (custom)
2019-09-17 12:37:20,619 [pool-67-thread-1] INFO  impl.RaftServerImpl (ServerState.java:<init>(103)) - 4005f9e4-9000-4048-961f-9439e52a6da7@group-F672CC9EE82C: ConfigurationManager, init=-1: [597a450e-db00-46ca-b8ea-d9e1f9500f66:192.168.5.130:37203, 9a3c5405-1b71-41e7-a1e6-d9c2b7bf9721:192.168.5.130:42503, 4005f9e4-9000-4048-961f-9439e52a6da7:192.168.5.130:43091], old=null, confs=<EMPTY_MAP>
2019-09-17 12:37:20,619 [pool-67-thread-1] INFO  server.RaftServerConfigKeys (ConfUtils.java:logGet(43)) - raft.server.storage.dir = [/tmp/workdir/hadoop-ozone/integration-test/target/test-dir/MiniOzoneClusterImpl-d179b17f-26b4-4b11-871f-a9170d0e99dc/datanode-4/data/ratis] (custom)
2019-09-17 12:37:20,619 [pool-37-thread-1] INFO  impl.RaftServerImpl (RaftServerImpl.java:<init>(95)) - 9a3c5405-1b71-41e7-a1e6-d9c2b7bf9721: new RaftServerImpl for group-F672CC9EE82C:[597a450e-db00-46ca-b8ea-d9e1f9500f66:192.168.5.130:37203, 9a3c5405-1b71-41e7-a1e6-d9c2b7bf9721:192.168.5.130:42503, 4005f9e4-9000-4048-961f-9439e52a6da7:192.168.5.130:43091] with ContainerStateMachine:uninitialized
2019-09-17 12:37:20,619 [pool-37-thread-1] INFO  server.RaftServerConfigKeys (ConfUtils.java:logGet(43)) - raft.server.rpc.timeout.min = 5s (custom)
2019-09-17 12:37:20,619 [pool-67-thread-1] INFO  storage.RaftStorageDirectory (RaftStorageDirectory.java:analyzeStorage(246)) - The storage directory /tmp/workdir/hadoop-ozone/integration-test/target/test-dir/MiniOzoneClusterImpl-d179b17f-26b4-4b11-871f-a9170d0e99dc/datanode-4/data/ratis/23db61e2-ac46-4ce2-a8f4-f672cc9ee82c does not exist. Creating ...
2019-09-17 12:37:20,619 [pool-37-thread-1] INFO  server.RaftServerConfigKeys (ConfUtils.java:logGet(43)) - raft.server.rpc.timeout.max = 5200ms (custom)
2019-09-17 12:37:20,619 [pool-37-thread-1] INFO  server.RaftServerConfigKeys (ConfUtils.java:logGet(43)) - raft.server.rpcslowness.timeout = 120s (custom)
2019-09-17 12:37:20,619 [pool-37-thread-1] INFO  server.RaftServerConfigKeys (ConfUtils.java:logGet(43)) - raft.server.sleep.deviation.threshold = 300 (default)
2019-09-17 12:37:20,620 [pool-27-thread-1] INFO  impl.RaftServerImpl (RaftServerImpl.java:<init>(95)) - 597a450e-db00-46ca-b8ea-d9e1f9500f66: new RaftServerImpl for group-F672CC9EE82C:[597a450e-db00-46ca-b8ea-d9e1f9500f66:192.168.5.130:37203, 9a3c5405-1b71-41e7-a1e6-d9c2b7bf9721:192.168.5.130:42503, 4005f9e4-9000-4048-961f-9439e52a6da7:192.168.5.130:43091] with ContainerStateMachine:uninitialized
2019-09-17 12:37:20,620 [pool-37-thread-1] INFO  server.RaftServerConfigKeys (ConfUtils.java:logGet(43)) - raft.server.log.appender.install.snapshot.enabled = false (custom)
2019-09-17 12:37:20,620 [pool-27-thread-1] INFO  server.RaftServerConfigKeys (ConfUtils.java:logGet(43)) - raft.server.rpc.timeout.min = 5s (custom)
2019-09-17 12:37:20,620 [pool-37-thread-1] INFO  impl.RaftServerImpl (ServerState.java:<init>(103)) - 9a3c5405-1b71-41e7-a1e6-d9c2b7bf9721@group-F672CC9EE82C: ConfigurationManager, init=-1: [597a450e-db00-46ca-b8ea-d9e1f9500f66:192.168.5.130:37203, 9a3c5405-1b71-41e7-a1e6-d9c2b7bf9721:192.168.5.130:42503, 4005f9e4-9000-4048-961f-9439e52a6da7:192.168.5.130:43091], old=null, confs=<EMPTY_MAP>
2019-09-17 12:37:20,620 [pool-27-thread-1] INFO  server.RaftServerConfigKeys (ConfUtils.java:logGet(43)) - raft.server.rpc.timeout.max = 5200ms (custom)
2019-09-17 12:37:20,620 [pool-37-thread-1] INFO  server.RaftServerConfigKeys (ConfUtils.java:logGet(43)) - raft.server.storage.dir = [/tmp/workdir/hadoop-ozone/integration-test/target/test-dir/MiniOzoneClusterImpl-d179b17f-26b4-4b11-871f-a9170d0e99dc/datanode-1/data/ratis] (custom)
2019-09-17 12:37:20,620 [pool-27-thread-1] INFO  server.RaftServerConfigKeys (ConfUtils.java:logGet(43)) - raft.server.rpcslowness.timeout = 120s (custom)
2019-09-17 12:37:20,620 [pool-27-thread-1] INFO  server.RaftServerConfigKeys (ConfUtils.java:logGet(43)) - raft.server.sleep.deviation.threshold = 300 (default)
2019-09-17 12:37:20,620 [pool-27-thread-1] INFO  server.RaftServerConfigKeys (ConfUtils.java:logGet(43)) - raft.server.log.appender.install.snapshot.enabled = false (custom)
2019-09-17 12:37:20,620 [pool-37-thread-1] INFO  storage.RaftStorageDirectory (RaftStorageDirectory.java:analyzeStorage(246)) - The storage directory /tmp/workdir/hadoop-ozone/integration-test/target/test-dir/MiniOzoneClusterImpl-d179b17f-26b4-4b11-871f-a9170d0e99dc/datanode-1/data/ratis/23db61e2-ac46-4ce2-a8f4-f672cc9ee82c does not exist. Creating ...
2019-09-17 12:37:20,620 [pool-27-thread-1] INFO  impl.RaftServerImpl (ServerState.java:<init>(103)) - 597a450e-db00-46ca-b8ea-d9e1f9500f66@group-F672CC9EE82C: ConfigurationManager, init=-1: [597a450e-db00-46ca-b8ea-d9e1f9500f66:192.168.5.130:37203, 9a3c5405-1b71-41e7-a1e6-d9c2b7bf9721:192.168.5.130:42503, 4005f9e4-9000-4048-961f-9439e52a6da7:192.168.5.130:43091], old=null, confs=<EMPTY_MAP>
2019-09-17 12:37:20,621 [pool-27-thread-1] INFO  server.RaftServerConfigKeys (ConfUtils.java:logGet(43)) - raft.server.storage.dir = [/tmp/workdir/hadoop-ozone/integration-test/target/test-dir/MiniOzoneClusterImpl-d179b17f-26b4-4b11-871f-a9170d0e99dc/datanode-0/data/ratis] (custom)
2019-09-17 12:37:20,621 [pool-27-thread-1] INFO  storage.RaftStorageDirectory (RaftStorageDirectory.java:analyzeStorage(246)) - The storage directory /tmp/workdir/hadoop-ozone/integration-test/target/test-dir/MiniOzoneClusterImpl-d179b17f-26b4-4b11-871f-a9170d0e99dc/datanode-0/data/ratis/23db61e2-ac46-4ce2-a8f4-f672cc9ee82c does not exist. Creating ...
2019-09-17 12:37:20,643 [pool-67-thread-1] INFO  storage.RaftStorageDirectory (RaftStorageDirectory.java:tryLock(328)) - Lock on /tmp/workdir/hadoop-ozone/integration-test/target/test-dir/MiniOzoneClusterImpl-d179b17f-26b4-4b11-871f-a9170d0e99dc/datanode-4/data/ratis/23db61e2-ac46-4ce2-a8f4-f672cc9ee82c/in_use.lock acquired by nodename 1143@pr-hdds-2136-chhj8-2666454444
2019-09-17 12:37:20,643 [pool-37-thread-1] INFO  storage.RaftStorageDirectory (RaftStorageDirectory.java:tryLock(328)) - Lock on /tmp/workdir/hadoop-ozone/integration-test/target/test-dir/MiniOzoneClusterImpl-d179b17f-26b4-4b11-871f-a9170d0e99dc/datanode-1/data/ratis/23db61e2-ac46-4ce2-a8f4-f672cc9ee82c/in_use.lock acquired by nodename 1143@pr-hdds-2136-chhj8-2666454444
2019-09-17 12:37:20,643 [pool-27-thread-1] INFO  storage.RaftStorageDirectory (RaftStorageDirectory.java:tryLock(328)) - Lock on /tmp/workdir/hadoop-ozone/integration-test/target/test-dir/MiniOzoneClusterImpl-d179b17f-26b4-4b11-871f-a9170d0e99dc/datanode-0/data/ratis/23db61e2-ac46-4ce2-a8f4-f672cc9ee82c/in_use.lock acquired by nodename 1143@pr-hdds-2136-chhj8-2666454444
2019-09-17 12:37:20,657 [pool-37-thread-1] INFO  storage.RaftStorage (RaftStorage.java:format(72)) - Storage directory /tmp/workdir/hadoop-ozone/integration-test/target/test-dir/MiniOzoneClusterImpl-d179b17f-26b4-4b11-871f-a9170d0e99dc/datanode-1/data/ratis/23db61e2-ac46-4ce2-a8f4-f672cc9ee82c has been successfully formatted.
2019-09-17 12:37:20,657 [pool-27-thread-1] INFO  storage.RaftStorage (RaftStorage.java:format(72)) - Storage directory /tmp/workdir/hadoop-ozone/integration-test/target/test-dir/MiniOzoneClusterImpl-d179b17f-26b4-4b11-871f-a9170d0e99dc/datanode-0/data/ratis/23db61e2-ac46-4ce2-a8f4-f672cc9ee82c has been successfully formatted.
2019-09-17 12:37:20,657 [pool-67-thread-1] INFO  storage.RaftStorage (RaftStorage.java:format(72)) - Storage directory /tmp/workdir/hadoop-ozone/integration-test/target/test-dir/MiniOzoneClusterImpl-d179b17f-26b4-4b11-871f-a9170d0e99dc/datanode-4/data/ratis/23db61e2-ac46-4ce2-a8f4-f672cc9ee82c has been successfully formatted.
2019-09-17 12:37:20,657 [pool-27-thread-1] INFO  ratis.ContainerStateMachine (ContainerStateMachine.java:loadSnapshot(230)) - group-F672CC9EE82C: The snapshot info is null. Setting the last applied indexto:(t:0, i:~)
2019-09-17 12:37:20,657 [pool-37-thread-1] INFO  ratis.ContainerStateMachine (ContainerStateMachine.java:loadSnapshot(230)) - group-F672CC9EE82C: The snapshot info is null. Setting the last applied indexto:(t:0, i:~)
2019-09-17 12:37:20,657 [pool-27-thread-1] INFO  server.RaftServerConfigKeys (ConfUtils.java:logGet(43)) - raft.server.notification.no-leader.timeout = 120s (custom)
2019-09-17 12:37:20,657 [pool-67-thread-1] INFO  ratis.ContainerStateMachine (ContainerStateMachine.java:loadSnapshot(230)) - group-F672CC9EE82C: The snapshot info is null. Setting the last applied indexto:(t:0, i:~)
2019-09-17 12:37:20,658 [pool-27-thread-1] INFO  server.RaftServerConfigKeys (ConfUtils.java:logGet(43)) - raft.server.log.use.memory = false (default)
2019-09-17 12:37:20,658 [pool-37-thread-1] INFO  server.RaftServerConfigKeys (ConfUtils.java:logGet(43)) - raft.server.notification.no-leader.timeout = 120s (custom)
2019-09-17 12:37:20,658 [pool-27-thread-1] INFO  server.RaftServerConfigKeys (ConfUtils.java:logGet(43)) - raft.server.log.purge.gap = 1000000 (custom)
2019-09-17 12:37:20,658 [pool-67-thread-1] INFO  server.RaftServerConfigKeys (ConfUtils.java:logGet(43)) - raft.server.notification.no-leader.timeout = 120s (custom)
2019-09-17 12:37:20,658 [pool-27-thread-1] INFO  server.RaftServerConfigKeys (ConfUtils.java:logGet(43)) - raft.server.log.appender.buffer.byte-limit = 33554432 (custom)
2019-09-17 12:37:20,658 [pool-37-thread-1] INFO  server.RaftServerConfigKeys (ConfUtils.java:logGet(43)) - raft.server.log.use.memory = false (default)
2019-09-17 12:37:20,658 [pool-27-thread-1] INFO  server.RaftServerConfigKeys (ConfUtils.java:logGet(43)) - raft.server.log.segment.size.max = 1048576 (custom)
2019-09-17 12:37:20,658 [pool-67-thread-1] INFO  server.RaftServerConfigKeys (ConfUtils.java:logGet(43)) - raft.server.log.use.memory = false (default)
2019-09-17 12:37:20,658 [pool-27-thread-1] INFO  server.RaftServerConfigKeys (ConfUtils.java:logGet(43)) - raft.server.log.segment.cache.num.max = 2 (custom)
2019-09-17 12:37:20,658 [pool-37-thread-1] INFO  server.RaftServerConfigKeys (ConfUtils.java:logGet(43)) - raft.server.log.purge.gap = 1000000 (custom)
2019-09-17 12:37:20,659 [pool-27-thread-1] INFO  segmented.SegmentedRaftLogWorker (SegmentedRaftLogWorker.java:<init>(172)) - new 597a450e-db00-46ca-b8ea-d9e1f9500f66@group-F672CC9EE82C-SegmentedRaftLogWorker for RaftStorage:Storage Directory /tmp/workdir/hadoop-ozone/integration-test/target/test-dir/MiniOzoneClusterImpl-d179b17f-26b4-4b11-871f-a9170d0e99dc/datanode-0/data/ratis/23db61e2-ac46-4ce2-a8f4-f672cc9ee82c
2019-09-17 12:37:20,658 [pool-67-thread-1] INFO  server.RaftServerConfigKeys (ConfUtils.java:logGet(43)) - raft.server.log.purge.gap = 1000000 (custom)
2019-09-17 12:37:20,659 [pool-27-thread-1] INFO  server.RaftServerConfigKeys (ConfUtils.java:logGet(43)) - raft.server.log.queue.byte-limit = 2147483647 (custom)
2019-09-17 12:37:20,659 [pool-37-thread-1] INFO  server.RaftServerConfigKeys (ConfUtils.java:logGet(43)) - raft.server.log.appender.buffer.byte-limit = 33554432 (custom)
2019-09-17 12:37:20,659 [pool-27-thread-1] INFO  server.RaftServerConfigKeys (ConfUtils.java:logGet(43)) - raft.server.log.queue.element-limit = 1024 (custom)
2019-09-17 12:37:20,659 [pool-67-thread-1] INFO  server.RaftServerConfigKeys (ConfUtils.java:logGet(43)) - raft.server.log.appender.buffer.byte-limit = 33554432 (custom)
2019-09-17 12:37:20,659 [pool-27-thread-1] INFO  server.RaftServerConfigKeys (ConfUtils.java:logGet(43)) - raft.server.log.segment.size.max = 1048576 (custom)
2019-09-17 12:37:20,659 [pool-37-thread-1] INFO  server.RaftServerConfigKeys (ConfUtils.java:logGet(43)) - raft.server.log.segment.size.max = 1048576 (custom)
2019-09-17 12:37:20,659 [pool-27-thread-1] INFO  server.RaftServerConfigKeys (ConfUtils.java:logGet(43)) - raft.server.log.preallocated.size = 16384 (custom)
2019-09-17 12:37:20,659 [pool-67-thread-1] INFO  server.RaftServerConfigKeys (ConfUtils.java:logGet(43)) - raft.server.log.segment.size.max = 1048576 (custom)
2019-09-17 12:37:20,659 [pool-27-thread-1] INFO  server.RaftServerConfigKeys (ConfUtils.java:logGet(43)) - raft.server.log.write.buffer.size = 33554432 (custom)
2019-09-17 12:37:20,659 [pool-37-thread-1] INFO  server.RaftServerConfigKeys (ConfUtils.java:logGet(43)) - raft.server.log.segment.cache.num.max = 2 (custom)
2019-09-17 12:37:20,660 [pool-27-thread-1] INFO  server.RaftServerConfigKeys (ConfUtils.java:logGet(43)) - raft.server.log.force.sync.num = 128 (default)
2019-09-17 12:37:20,660 [pool-67-thread-1] INFO  server.RaftServerConfigKeys (ConfUtils.java:logGet(43)) - raft.server.log.segment.cache.num.max = 2 (custom)
2019-09-17 12:37:20,660 [pool-27-thread-1] INFO  server.RaftServerConfigKeys (ConfUtils.java:logGet(43)) - raft.server.log.statemachine.data.sync = true (default)
2019-09-17 12:37:20,660 [pool-37-thread-1] INFO  segmented.SegmentedRaftLogWorker (SegmentedRaftLogWorker.java:<init>(172)) - new 9a3c5405-1b71-41e7-a1e6-d9c2b7bf9721@group-F672CC9EE82C-SegmentedRaftLogWorker for RaftStorage:Storage Directory /tmp/workdir/hadoop-ozone/integration-test/target/test-dir/MiniOzoneClusterImpl-d179b17f-26b4-4b11-871f-a9170d0e99dc/datanode-1/data/ratis/23db61e2-ac46-4ce2-a8f4-f672cc9ee82c
2019-09-17 12:37:20,660 [pool-27-thread-1] INFO  server.RaftServerConfigKeys (ConfUtils.java:logGet(43)) - raft.server.log.statemachine.data.sync.timeout = 10s (default)
2019-09-17 12:37:20,660 [pool-67-thread-1] INFO  segmented.SegmentedRaftLogWorker (SegmentedRaftLogWorker.java:<init>(172)) - new 4005f9e4-9000-4048-961f-9439e52a6da7@group-F672CC9EE82C-SegmentedRaftLogWorker for RaftStorage:Storage Directory /tmp/workdir/hadoop-ozone/integration-test/target/test-dir/MiniOzoneClusterImpl-d179b17f-26b4-4b11-871f-a9170d0e99dc/datanode-4/data/ratis/23db61e2-ac46-4ce2-a8f4-f672cc9ee82c
2019-09-17 12:37:20,660 [pool-27-thread-1] INFO  server.RaftServerConfigKeys (ConfUtils.java:logGet(43)) - raft.server.log.statemachine.data.sync.timeout.retry = -1 (default)
2019-09-17 12:37:20,660 [pool-37-thread-1] INFO  server.RaftServerConfigKeys (ConfUtils.java:logGet(43)) - raft.server.log.queue.byte-limit = 2147483647 (custom)
2019-09-17 12:37:20,660 [pool-27-thread-1] INFO  server.RaftServerConfigKeys (ConfUtils.java:logGet(43)) - raft.server.log.statemachine.data.caching.enabled = true (custom)
2019-09-17 12:37:20,660 [pool-67-thread-1] INFO  server.RaftServerConfigKeys (ConfUtils.java:logGet(43)) - raft.server.log.queue.byte-limit = 2147483647 (custom)
2019-09-17 12:37:20,660 [pool-37-thread-1] INFO  server.RaftServerConfigKeys (ConfUtils.java:logGet(43)) - raft.server.log.queue.element-limit = 1024 (custom)
2019-09-17 12:37:20,661 [pool-67-thread-1] INFO  server.RaftServerConfigKeys (ConfUtils.java:logGet(43)) - raft.server.log.queue.element-limit = 1024 (custom)
2019-09-17 12:37:20,661 [pool-37-thread-1] INFO  server.RaftServerConfigKeys (ConfUtils.java:logGet(43)) - raft.server.log.segment.size.max = 1048576 (custom)
2019-09-17 12:37:20,661 [pool-67-thread-1] INFO  server.RaftServerConfigKeys (ConfUtils.java:logGet(43)) - raft.server.log.segment.size.max = 1048576 (custom)
2019-09-17 12:37:20,661 [pool-37-thread-1] INFO  server.RaftServerConfigKeys (ConfUtils.java:logGet(43)) - raft.server.log.preallocated.size = 16384 (custom)
2019-09-17 12:37:20,661 [pool-27-thread-1] INFO  segmented.SegmentedRaftLogWorker (SegmentedRaftLogWorker.java:lambda$new$0(132)) - 597a450e-db00-46ca-b8ea-d9e1f9500f66@group-F672CC9EE82C-SegmentedRaftLogWorker: flushIndex: setUnconditionally 0 -> -1
2019-09-17 12:37:20,661 [pool-67-thread-1] INFO  server.RaftServerConfigKeys (ConfUtils.java:logGet(43)) - raft.server.log.preallocated.size = 16384 (custom)
2019-09-17 12:37:20,661 [pool-37-thread-1] INFO  server.RaftServerConfigKeys (ConfUtils.java:logGet(43)) - raft.server.log.write.buffer.size = 33554432 (custom)
2019-09-17 12:37:20,661 [pool-27-thread-1] INFO  server.RaftServerConfigKeys (ConfUtils.java:logGet(43)) - raft.server.snapshot.auto.trigger.enabled = true (custom)
2019-09-17 12:37:20,661 [pool-67-thread-1] INFO  server.RaftServerConfigKeys (ConfUtils.java:logGet(43)) - raft.server.log.write.buffer.size = 33554432 (custom)
2019-09-17 12:37:20,662 [pool-27-thread-1] INFO  server.RaftServerConfigKeys (ConfUtils.java:logGet(43)) - raft.server.snapshot.auto.trigger.threshold = 10000 (custom)
2019-09-17 12:37:20,661 [pool-37-thread-1] INFO  server.RaftServerConfigKeys (ConfUtils.java:logGet(43)) - raft.server.log.force.sync.num = 128 (default)
2019-09-17 12:37:20,662 [pool-27-thread-1] INFO  server.RaftServerConfigKeys (ConfUtils.java:logGet(43)) - raft.server.snapshot.retention.num.files = 5 (custom)
2019-09-17 12:37:20,662 [pool-67-thread-1] INFO  server.RaftServerConfigKeys (ConfUtils.java:logGet(43)) - raft.server.log.force.sync.num = 128 (default)
2019-09-17 12:37:20,662 [pool-27-thread-1] INFO  server.RaftServerConfigKeys (ConfUtils.java:logGet(43)) - raft.server.retrycache.expirytime = 600000ms (custom)
2019-09-17 12:37:20,662 [pool-37-thread-1] INFO  server.RaftServerConfigKeys (ConfUtils.java:logGet(43)) - raft.server.log.statemachine.data.sync = true (default)
2019-09-17 12:37:20,662 [pool-67-thread-1] INFO  server.RaftServerConfigKeys (ConfUtils.java:logGet(43)) - raft.server.log.statemachine.data.sync = true (default)
2019-09-17 12:37:20,662 [pool-37-thread-1] INFO  server.RaftServerConfigKeys (ConfUtils.java:logGet(43)) - raft.server.log.statemachine.data.sync.timeout = 10s (default)
2019-09-17 12:37:20,662 [pool-67-thread-1] INFO  server.RaftServerConfigKeys (ConfUtils.java:logGet(43)) - raft.server.log.statemachine.data.sync.timeout = 10s (default)
2019-09-17 12:37:20,662 [pool-37-thread-1] INFO  server.RaftServerConfigKeys (ConfUtils.java:logGet(43)) - raft.server.log.statemachine.data.sync.timeout.retry = -1 (default)
2019-09-17 12:37:20,662 [pool-67-thread-1] INFO  server.RaftServerConfigKeys (ConfUtils.java:logGet(43)) - raft.server.log.statemachine.data.sync.timeout.retry = -1 (default)
2019-09-17 12:37:20,663 [pool-37-thread-1] INFO  server.RaftServerConfigKeys (ConfUtils.java:logGet(43)) - raft.server.log.statemachine.data.caching.enabled = true (custom)
2019-09-17 12:37:20,663 [pool-67-thread-1] INFO  server.RaftServerConfigKeys (ConfUtils.java:logGet(43)) - raft.server.log.statemachine.data.caching.enabled = true (custom)
2019-09-17 12:37:20,663 [pool-37-thread-1] INFO  segmented.SegmentedRaftLogWorker (SegmentedRaftLogWorker.java:lambda$new$0(132)) - 9a3c5405-1b71-41e7-a1e6-d9c2b7bf9721@group-F672CC9EE82C-SegmentedRaftLogWorker: flushIndex: setUnconditionally 0 -> -1
2019-09-17 12:37:20,663 [pool-67-thread-1] INFO  segmented.SegmentedRaftLogWorker (SegmentedRaftLogWorker.java:lambda$new$0(132)) - 4005f9e4-9000-4048-961f-9439e52a6da7@group-F672CC9EE82C-SegmentedRaftLogWorker: flushIndex: setUnconditionally 0 -> -1
2019-09-17 12:37:20,663 [pool-37-thread-1] INFO  server.RaftServerConfigKeys (ConfUtils.java:logGet(43)) - raft.server.snapshot.auto.trigger.enabled = true (custom)
2019-09-17 12:37:20,663 [pool-67-thread-1] INFO  server.RaftServerConfigKeys (ConfUtils.java:logGet(43)) - raft.server.snapshot.auto.trigger.enabled = true (custom)
2019-09-17 12:37:20,663 [pool-37-thread-1] INFO  server.RaftServerConfigKeys (ConfUtils.java:logGet(43)) - raft.server.snapshot.auto.trigger.threshold = 10000 (custom)
2019-09-17 12:37:20,663 [pool-67-thread-1] INFO  server.RaftServerConfigKeys (ConfUtils.java:logGet(43)) - raft.server.snapshot.auto.trigger.threshold = 10000 (custom)
2019-09-17 12:37:20,663 [pool-37-thread-1] INFO  server.RaftServerConfigKeys (ConfUtils.java:logGet(43)) - raft.server.snapshot.retention.num.files = 5 (custom)
2019-09-17 12:37:20,664 [pool-67-thread-1] INFO  server.RaftServerConfigKeys (ConfUtils.java:logGet(43)) - raft.server.snapshot.retention.num.files = 5 (custom)
2019-09-17 12:37:20,664 [pool-37-thread-1] INFO  server.RaftServerConfigKeys (ConfUtils.java:logGet(43)) - raft.server.retrycache.expirytime = 600000ms (custom)
2019-09-17 12:37:20,664 [pool-67-thread-1] INFO  server.RaftServerConfigKeys (ConfUtils.java:logGet(43)) - raft.server.retrycache.expirytime = 600000ms (custom)
2019-09-17 12:37:20,665 [pool-27-thread-1] INFO  impl.RaftServerImpl (RaftServerImpl.java:start(185)) - 597a450e-db00-46ca-b8ea-d9e1f9500f66@group-F672CC9EE82C: start as a follower, conf=-1: [597a450e-db00-46ca-b8ea-d9e1f9500f66:192.168.5.130:37203, 9a3c5405-1b71-41e7-a1e6-d9c2b7bf9721:192.168.5.130:42503, 4005f9e4-9000-4048-961f-9439e52a6da7:192.168.5.130:43091], old=null
2019-09-17 12:37:20,665 [pool-27-thread-1] INFO  impl.RaftServerImpl (RaftServerImpl.java:setRole(174)) - 597a450e-db00-46ca-b8ea-d9e1f9500f66@group-F672CC9EE82C: changes role from      null to FOLLOWER at term 0 for startAsFollower
2019-09-17 12:37:20,665 [pool-27-thread-1] INFO  impl.RoleInfo (RoleInfo.java:updateAndGet(143)) - 597a450e-db00-46ca-b8ea-d9e1f9500f66: start FollowerState
2019-09-17 12:37:20,675 [pool-27-thread-1] INFO  util.JmxRegister (JmxRegister.java:tryRegister(44)) - Successfully registered JMX Bean with object name Ratis:service=RaftServer,group=group-F672CC9EE82C,id=597a450e-db00-46ca-b8ea-d9e1f9500f66
2019-09-17 12:37:20,683 [pool-37-thread-1] INFO  impl.RaftServerImpl (RaftServerImpl.java:start(185)) - 9a3c5405-1b71-41e7-a1e6-d9c2b7bf9721@group-F672CC9EE82C: start as a follower, conf=-1: [597a450e-db00-46ca-b8ea-d9e1f9500f66:192.168.5.130:37203, 9a3c5405-1b71-41e7-a1e6-d9c2b7bf9721:192.168.5.130:42503, 4005f9e4-9000-4048-961f-9439e52a6da7:192.168.5.130:43091], old=null
2019-09-17 12:37:20,683 [pool-67-thread-1] INFO  impl.RaftServerImpl (RaftServerImpl.java:start(185)) - 4005f9e4-9000-4048-961f-9439e52a6da7@group-F672CC9EE82C: start as a follower, conf=-1: [597a450e-db00-46ca-b8ea-d9e1f9500f66:192.168.5.130:37203, 9a3c5405-1b71-41e7-a1e6-d9c2b7bf9721:192.168.5.130:42503, 4005f9e4-9000-4048-961f-9439e52a6da7:192.168.5.130:43091], old=null
2019-09-17 12:37:20,683 [pool-37-thread-1] INFO  impl.RaftServerImpl (RaftServerImpl.java:setRole(174)) - 9a3c5405-1b71-41e7-a1e6-d9c2b7bf9721@group-F672CC9EE82C: changes role from      null to FOLLOWER at term 0 for startAsFollower
2019-09-17 12:37:20,683 [pool-67-thread-1] INFO  impl.RaftServerImpl (RaftServerImpl.java:setRole(174)) - 4005f9e4-9000-4048-961f-9439e52a6da7@group-F672CC9EE82C: changes role from      null to FOLLOWER at term 0 for startAsFollower
2019-09-17 12:37:20,683 [pool-37-thread-1] INFO  impl.RoleInfo (RoleInfo.java:updateAndGet(143)) - 9a3c5405-1b71-41e7-a1e6-d9c2b7bf9721: start FollowerState
2019-09-17 12:37:20,683 [pool-67-thread-1] INFO  impl.RoleInfo (RoleInfo.java:updateAndGet(143)) - 4005f9e4-9000-4048-961f-9439e52a6da7: start FollowerState
2019-09-17 12:37:20,683 [pool-37-thread-1] INFO  util.JmxRegister (JmxRegister.java:tryRegister(44)) - Successfully registered JMX Bean with object name Ratis:service=RaftServer,group=group-F672CC9EE82C,id=9a3c5405-1b71-41e7-a1e6-d9c2b7bf9721
2019-09-17 12:37:20,683 [pool-67-thread-1] INFO  util.JmxRegister (JmxRegister.java:tryRegister(44)) - Successfully registered JMX Bean with object name Ratis:service=RaftServer,group=group-F672CC9EE82C,id=4005f9e4-9000-4048-961f-9439e52a6da7
2019-09-17 12:37:20,685 [RatisPipelineUtilsThread] INFO  pipeline.PipelineStateManager (PipelineStateManager.java:addPipeline(56)) - Created pipeline Pipeline[ Id: 23db61e2-ac46-4ce2-a8f4-f672cc9ee82c, Nodes: 4005f9e4-9000-4048-961f-9439e52a6da7{ip: 192.168.5.130, host: pr-hdds-2136-chhj8-2666454444, networkLocation: /default-rack, certSerialId: null}597a450e-db00-46ca-b8ea-d9e1f9500f66{ip: 192.168.5.130, host: pr-hdds-2136-chhj8-2666454444, networkLocation: /default-rack, certSerialId: null}9a3c5405-1b71-41e7-a1e6-d9c2b7bf9721{ip: 192.168.5.130, host: pr-hdds-2136-chhj8-2666454444, networkLocation: /default-rack, certSerialId: null}, Type:RATIS, Factor:THREE, State:OPEN]
2019-09-17 12:37:20,713 [grpc-default-executor-9] INFO  client.GrpcClientProtocolClient (GrpcClientProtocolClient.java:onNext(264)) - client-D07D798DCEC7->639d7dff-6a78-4ecf-aa0a-b8a4b660182e: receive RaftClientReply:client-D07D798DCEC7->639d7dff-6a78-4ecf-aa0a-b8a4b660182e@group-B7719C52C799, cid=250, SUCCESS, logIndex=11, commits[639d7dff-6a78-4ecf-aa0a-b8a4b660182e:c11, 8dae3b80-5600-44e3-9df5-13b3719afed7:c10, f8d8d9c4-afe8-4cc5-8788-d0697b0baa61:c10]
2019-09-17 12:37:20,743 [grpc-default-executor-10] INFO  client.GrpcClientProtocolClient (GrpcClientProtocolClient.java:onNext(264)) - client-D07D798DCEC7->639d7dff-6a78-4ecf-aa0a-b8a4b660182e: receive RaftClientReply:client-D07D798DCEC7->639d7dff-6a78-4ecf-aa0a-b8a4b660182e@group-B7719C52C799, cid=251, SUCCESS, logIndex=13, commits[639d7dff-6a78-4ecf-aa0a-b8a4b660182e:c14, 8dae3b80-5600-44e3-9df5-13b3719afed7:c12, f8d8d9c4-afe8-4cc5-8788-d0697b0baa61:c12]
2019-09-17 12:37:20,781 [grpc-default-executor-10] INFO  client.GrpcClientProtocolClient (GrpcClientProtocolClient.java:onNext(264)) - client-D07D798DCEC7->639d7dff-6a78-4ecf-aa0a-b8a4b660182e: receive RaftClientReply:client-D07D798DCEC7->639d7dff-6a78-4ecf-aa0a-b8a4b660182e@group-B7719C52C799, cid=252, SUCCESS, logIndex=14, commits[639d7dff-6a78-4ecf-aa0a-b8a4b660182e:c20, 8dae3b80-5600-44e3-9df5-13b3719afed7:c19, f8d8d9c4-afe8-4cc5-8788-d0697b0baa61:c19]
2019-09-17 12:37:20,782 [grpc-default-executor-10] INFO  client.GrpcClientProtocolClient (GrpcClientProtocolClient.java:onNext(264)) - client-D07D798DCEC7->639d7dff-6a78-4ecf-aa0a-b8a4b660182e: receive RaftClientReply:client-D07D798DCEC7->639d7dff-6a78-4ecf-aa0a-b8a4b660182e@group-B7719C52C799, cid=253, SUCCESS, logIndex=15, commits[639d7dff-6a78-4ecf-aa0a-b8a4b660182e:c20, 8dae3b80-5600-44e3-9df5-13b3719afed7:c19, f8d8d9c4-afe8-4cc5-8788-d0697b0baa61:c19]
2019-09-17 12:37:20,782 [grpc-default-executor-10] INFO  client.GrpcClientProtocolClient (GrpcClientProtocolClient.java:onNext(264)) - client-D07D798DCEC7->639d7dff-6a78-4ecf-aa0a-b8a4b660182e: receive RaftClientReply:client-D07D798DCEC7->639d7dff-6a78-4ecf-aa0a-b8a4b660182e@group-B7719C52C799, cid=254, SUCCESS, logIndex=16, commits[639d7dff-6a78-4ecf-aa0a-b8a4b660182e:c20, 8dae3b80-5600-44e3-9df5-13b3719afed7:c19, f8d8d9c4-afe8-4cc5-8788-d0697b0baa61:c19]
2019-09-17 12:37:20,949 [grpc-default-executor-10] INFO  client.GrpcClientProtocolClient (GrpcClientProtocolClient.java:onNext(264)) - client-D07D798DCEC7->639d7dff-6a78-4ecf-aa0a-b8a4b660182e: receive RaftClientReply:client-D07D798DCEC7->639d7dff-6a78-4ecf-aa0a-b8a4b660182e@group-B7719C52C799, cid=255, SUCCESS, logIndex=17, commits[639d7dff-6a78-4ecf-aa0a-b8a4b660182e:c20, 8dae3b80-5600-44e3-9df5-13b3719afed7:c19, f8d8d9c4-afe8-4cc5-8788-d0697b0baa61:c19]
]]></system-out>
  </testcase>
</testsuite>