<?xml version="1.0" encoding="UTF-8"?>
<testsuite xmlns:xsi="http://www.w3.org/2001/XMLSchema-instance" xsi:noNamespaceSchemaLocation="https://maven.apache.org/surefire/maven-surefire-plugin/xsd/surefire-test-report.xsd" name="org.apache.hadoop.ozone.client.rpc.TestMultiBlockWritesWithDnFailures" time="155.821" tests="2" errors="1" skipped="0" failures="0">
  <properties>
    <property name="awt.toolkit" value="sun.awt.X11.XToolkit"/>
    <property name="file.encoding.pkg" value="sun.io"/>
    <property name="java.specification.version" value="1.8"/>
    <property name="sun.cpu.isalist" value=""/>
    <property name="sun.jnu.encoding" value="UTF-8"/>
    <property name="java.class.path" value="/tmp/workdir/hadoop-ozone/integration-test/target/test-classes:/tmp/workdir/hadoop-ozone/integration-test/target/classes:/home/user/.m2/repository/org/apache/hadoop/hadoop-ozone-common/0.5.0-SNAPSHOT/hadoop-ozone-common-0.5.0-SNAPSHOT.jar:/home/user/.m2/repository/org/apache/commons/commons-compress/1.4.1/commons-compress-1.4.1.jar:/home/user/.m2/repository/org/tukaani/xz/1.0/xz-1.0.jar:/home/user/.m2/repository/org/apache/hadoop/hadoop-common/3.2.0/hadoop-common-3.2.0.jar:/home/user/.m2/repository/org/apache/hadoop/hadoop-hdfs/3.2.0/hadoop-hdfs-3.2.0.jar:/home/user/.m2/repository/org/apache/hadoop/hadoop-hdfs-client/3.2.0/hadoop-hdfs-client-3.2.0.jar:/home/user/.m2/repository/com/fasterxml/jackson/core/jackson-annotations/2.9.5/jackson-annotations-2.9.5.jar:/home/user/.m2/repository/org/apache/hadoop/hadoop-hdds-common/0.5.0-SNAPSHOT/hadoop-hdds-common-0.5.0-SNAPSHOT.jar:/home/user/.m2/repository/javax/annotation/javax.annotation-api/1.2/javax.annotation-api-1.2.jar:/home/user/.m2/repository/org/apache/ratis/ratis-server/0.4.0-78e95b9-SNAPSHOT/ratis-server-0.4.0-78e95b9-SNAPSHOT.jar:/home/user/.m2/repository/org/apache/ratis/ratis-thirdparty-misc/0.2.0/ratis-thirdparty-misc-0.2.0.jar:/home/user/.m2/repository/org/apache/ratis/ratis-proto/0.4.0-78e95b9-SNAPSHOT/ratis-proto-0.4.0-78e95b9-SNAPSHOT.jar:/home/user/.m2/repository/org/apache/ratis/ratis-common/0.4.0-78e95b9-SNAPSHOT/ratis-common-0.4.0-78e95b9-SNAPSHOT.jar:/home/user/.m2/repository/org/apache/ratis/ratis-client/0.4.0-78e95b9-SNAPSHOT/ratis-client-0.4.0-78e95b9-SNAPSHOT.jar:/home/user/.m2/repository/org/apache/ratis/ratis-metrics/0.4.0-78e95b9-SNAPSHOT/ratis-metrics-0.4.0-78e95b9-SNAPSHOT.jar:/home/user/.m2/repository/com/github/joshelser/dropwizard-metrics-hadoop-metrics2-reporter/0.1.2/dropwizard-metrics-hadoop-metrics2-reporter-0.1.2.jar:/home/user/.m2/repository/io/dropwizard/metrics/metrics-jvm/3.2.5/metrics-jvm-3.2.5.jar:/home/user/.m2/repository/io/dropwizard/metrics/metrics-ganglia/3.2.5/metrics-ganglia-3.2.5.jar:/home/user/.m2/repository/info/ganglia/gmetric4j/gmetric4j/1.0.7/gmetric4j-1.0.7.jar:/home/user/.m2/repository/org/apache/ratis/ratis-netty/0.4.0-78e95b9-SNAPSHOT/ratis-netty-0.4.0-78e95b9-SNAPSHOT.jar:/home/user/.m2/repository/org/apache/ratis/ratis-grpc/0.4.0-78e95b9-SNAPSHOT/ratis-grpc-0.4.0-78e95b9-SNAPSHOT.jar:/home/user/.m2/repository/org/rocksdb/rocksdbjni/6.0.1/rocksdbjni-6.0.1.jar:/home/user/.m2/repository/org/apache/logging/log4j/log4j-api/2.11.0/log4j-api-2.11.0.jar:/home/user/.m2/repository/org/apache/logging/log4j/log4j-core/2.11.0/log4j-core-2.11.0.jar:/home/user/.m2/repository/com/lmax/disruptor/3.4.2/disruptor-3.4.2.jar:/home/user/.m2/repository/org/apache/commons/commons-pool2/2.6.0/commons-pool2-2.6.0.jar:/home/user/.m2/repository/org/bouncycastle/bcpkix-jdk15on/1.60/bcpkix-jdk15on-1.60.jar:/home/user/.m2/repository/commons-validator/commons-validator/1.6/commons-validator-1.6.jar:/home/user/.m2/repository/commons-digester/commons-digester/1.8.1/commons-digester-1.8.1.jar:/home/user/.m2/repository/io/jaegertracing/jaeger-client/0.33.1/jaeger-client-0.33.1.jar:/home/user/.m2/repository/io/jaegertracing/jaeger-thrift/0.33.1/jaeger-thrift-0.33.1.jar:/home/user/.m2/repository/org/apache/thrift/libthrift/0.11.0/libthrift-0.11.0.jar:/home/user/.m2/repository/com/squareup/okhttp3/okhttp/3.9.0/okhttp-3.9.0.jar:/home/user/.m2/repository/com/squareup/okio/okio/1.13.0/okio-1.13.0.jar:/home/user/.m2/repository/io/jaegertracing/jaeger-core/0.33.1/jaeger-core-0.33.1.jar:/home/user/.m2/repository/io/jaegertracing/jaeger-tracerresolver/0.33.1/jaeger-tracerresolver-0.33.1.jar:/home/user/.m2/repository/io/opentracing/contrib/opentracing-tracerresolver/0.1.5/opentracing-tracerresolver-0.1.5.jar:/home/user/.m2/repository/io/opentracing/opentracing-util/0.31.0/opentracing-util-0.31.0.jar:/home/user/.m2/repository/io/opentracing/opentracing-api/0.31.0/opentracing-api-0.31.0.jar:/home/user/.m2/repository/io/opentracing/opentracing-noop/0.31.0/opentracing-noop-0.31.0.jar:/home/user/.m2/repository/org/apache/hadoop/hadoop-hdds-server-framework/0.5.0-SNAPSHOT/hadoop-hdds-server-framework-0.5.0-SNAPSHOT.jar:/home/user/.m2/repository/org/apache/hadoop/hadoop-hdds-container-service/0.5.0-SNAPSHOT/hadoop-hdds-container-service-0.5.0-SNAPSHOT.jar:/home/user/.m2/repository/org/apache/hadoop/hadoop-hdds-client/0.5.0-SNAPSHOT/hadoop-hdds-client-0.5.0-SNAPSHOT.jar:/home/user/.m2/repository/org/apache/hadoop/hadoop-hdds-tools/0.5.0-SNAPSHOT/hadoop-hdds-tools-0.5.0-SNAPSHOT.jar:/home/user/.m2/repository/org/apache/hadoop/hadoop-hdds-server-scm/0.5.0-SNAPSHOT/hadoop-hdds-server-scm-0.5.0-SNAPSHOT.jar:/home/user/.m2/repository/org/apache/hadoop/hadoop-hdds-docs/0.5.0-SNAPSHOT/hadoop-hdds-docs-0.5.0-SNAPSHOT.jar:/home/user/.m2/repository/io/dropwizard/metrics/metrics-core/3.2.4/metrics-core-3.2.4.jar:/home/user/.m2/repository/org/hamcrest/hamcrest-all/1.3/hamcrest-all-1.3.jar:/home/user/.m2/repository/org/bouncycastle/bcprov-jdk15on/1.60/bcprov-jdk15on-1.60.jar:/home/user/.m2/repository/info/picocli/picocli/3.9.6/picocli-3.9.6.jar:/home/user/.m2/repository/com/google/protobuf/protobuf-java/2.5.0/protobuf-java-2.5.0.jar:/home/user/.m2/repository/com/google/guava/guava/11.0.2/guava-11.0.2.jar:/home/user/.m2/repository/org/apache/hadoop/hadoop-ozone-ozone-manager/0.5.0-SNAPSHOT/hadoop-ozone-ozone-manager-0.5.0-SNAPSHOT.jar:/home/user/.m2/repository/org/apache/hadoop/hadoop-minikdc/3.2.0/hadoop-minikdc-3.2.0.jar:/home/user/.m2/repository/commons-io/commons-io/2.5/commons-io-2.5.jar:/home/user/.m2/repository/org/apache/kerby/kerb-simplekdc/1.0.1/kerb-simplekdc-1.0.1.jar:/home/user/.m2/repository/org/apache/kerby/kerb-client/1.0.1/kerb-client-1.0.1.jar:/home/user/.m2/repository/org/apache/kerby/kerby-config/1.0.1/kerby-config-1.0.1.jar:/home/user/.m2/repository/org/apache/kerby/kerb-core/1.0.1/kerb-core-1.0.1.jar:/home/user/.m2/repository/org/apache/kerby/kerby-pkix/1.0.1/kerby-pkix-1.0.1.jar:/home/user/.m2/repository/org/apache/kerby/kerby-asn1/1.0.1/kerby-asn1-1.0.1.jar:/home/user/.m2/repository/org/apache/kerby/kerby-util/1.0.1/kerby-util-1.0.1.jar:/home/user/.m2/repository/org/apache/kerby/kerb-common/1.0.1/kerb-common-1.0.1.jar:/home/user/.m2/repository/org/apache/kerby/kerb-crypto/1.0.1/kerb-crypto-1.0.1.jar:/home/user/.m2/repository/org/apache/kerby/kerb-util/1.0.1/kerb-util-1.0.1.jar:/home/user/.m2/repository/org/apache/kerby/token-provider/1.0.1/token-provider-1.0.1.jar:/home/user/.m2/repository/org/apache/kerby/kerb-admin/1.0.1/kerb-admin-1.0.1.jar:/home/user/.m2/repository/org/apache/kerby/kerb-server/1.0.1/kerb-server-1.0.1.jar:/home/user/.m2/repository/org/apache/kerby/kerb-identity/1.0.1/kerb-identity-1.0.1.jar:/home/user/.m2/repository/org/apache/kerby/kerby-xdr/1.0.1/kerby-xdr-1.0.1.jar:/home/user/.m2/repository/org/slf4j/slf4j-log4j12/1.7.25/slf4j-log4j12-1.7.25.jar:/home/user/.m2/repository/org/apache/hadoop/hadoop-ozone-s3gateway/0.5.0-SNAPSHOT/hadoop-ozone-s3gateway-0.5.0-SNAPSHOT.jar:/home/user/.m2/repository/org/jboss/weld/servlet/weld-servlet/2.4.7.Final/weld-servlet-2.4.7.Final.jar:/home/user/.m2/repository/org/glassfish/jersey/containers/jersey-container-servlet-core/2.27/jersey-container-servlet-core-2.27.jar:/home/user/.m2/repository/org/glassfish/hk2/external/javax.inject/2.5.0-b42/javax.inject-2.5.0-b42.jar:/home/user/.m2/repository/org/glassfish/jersey/core/jersey-common/2.27/jersey-common-2.27.jar:/home/user/.m2/repository/org/glassfish/hk2/osgi-resource-locator/1.0.1/osgi-resource-locator-1.0.1.jar:/home/user/.m2/repository/javax/ws/rs/javax.ws.rs-api/2.1/javax.ws.rs-api-2.1.jar:/home/user/.m2/repository/org/glassfish/jersey/ext/cdi/jersey-cdi1x/2.27/jersey-cdi1x-2.27.jar:/home/user/.m2/repository/org/glassfish/jersey/inject/jersey-hk2/2.27/jersey-hk2-2.27.jar:/home/user/.m2/repository/org/glassfish/hk2/hk2-locator/2.5.0-b42/hk2-locator-2.5.0-b42.jar:/home/user/.m2/repository/org/javassist/javassist/3.22.0-CR2/javassist-3.22.0-CR2.jar:/home/user/.m2/repository/org/glassfish/hk2/hk2-api/2.5.0/hk2-api-2.5.0.jar:/home/user/.m2/repository/org/glassfish/hk2/external/jakarta.inject/2.5.0/jakarta.inject-2.5.0.jar:/home/user/.m2/repository/org/glassfish/hk2/hk2-utils/2.5.0/hk2-utils-2.5.0.jar:/home/user/.m2/repository/jakarta/annotation/jakarta.annotation-api/1.3.4/jakarta.annotation-api-1.3.4.jar:/home/user/.m2/repository/org/glassfish/hk2/external/aopalliance-repackaged/2.5.0/aopalliance-repackaged-2.5.0.jar:/home/user/.m2/repository/com/fasterxml/jackson/dataformat/jackson-dataformat-xml/2.9.0/jackson-dataformat-xml-2.9.0.jar:/home/user/.m2/repository/com/fasterxml/jackson/core/jackson-core/2.9.5/jackson-core-2.9.5.jar:/home/user/.m2/repository/com/fasterxml/jackson/module/jackson-module-jaxb-annotations/2.9.5/jackson-module-jaxb-annotations-2.9.5.jar:/home/user/.m2/repository/javax/enterprise/cdi-api/1.2/cdi-api-1.2.jar:/home/user/.m2/repository/javax/el/javax.el-api/3.0.0/javax.el-api-3.0.0.jar:/home/user/.m2/repository/javax/interceptor/javax.interceptor-api/1.2/javax.interceptor-api-1.2.jar:/home/user/.m2/repository/javax/inject/javax.inject/1/javax.inject-1.jar:/home/user/.m2/repository/com/sun/xml/bind/jaxb-impl/2.3.0.1/jaxb-impl-2.3.0.1.jar:/home/user/.m2/repository/com/sun/xml/bind/jaxb-core/2.3.0.1/jaxb-core-2.3.0.1.jar:/home/user/.m2/repository/javax/xml/bind/jaxb-api/2.3.0/jaxb-api-2.3.0.jar:/home/user/.m2/repository/javax/activation/activation/1.1.1/activation-1.1.1.jar:/home/user/.m2/repository/org/apache/hadoop/hadoop-ozone-csi/0.5.0-SNAPSHOT/hadoop-ozone-csi-0.5.0-SNAPSHOT.jar:/home/user/.m2/repository/com/google/protobuf/protobuf-java-util/3.5.1/protobuf-java-util-3.5.1.jar:/home/user/.m2/repository/org/apache/hadoop/hadoop-hdds-config/0.5.0-SNAPSHOT/hadoop-hdds-config-0.5.0-SNAPSHOT.jar:/home/user/.m2/repository/io/grpc/grpc-netty/1.17.1/grpc-netty-1.17.1.jar:/home/user/.m2/repository/io/grpc/grpc-core/1.17.1/grpc-core-1.17.1.jar:/home/user/.m2/repository/io/grpc/grpc-context/1.17.1/grpc-context-1.17.1.jar:/home/user/.m2/repository/com/google/errorprone/error_prone_annotations/2.2.0/error_prone_annotations-2.2.0.jar:/home/user/.m2/repository/org/codehaus/mojo/animal-sniffer-annotations/1.17/animal-sniffer-annotations-1.17.jar:/home/user/.m2/repository/io/opencensus/opencensus-api/0.17.0/opencensus-api-0.17.0.jar:/home/user/.m2/repository/io/opencensus/opencensus-contrib-grpc-metrics/0.17.0/opencensus-contrib-grpc-metrics-0.17.0.jar:/home/user/.m2/repository/io/netty/netty-codec-http2/4.1.30.Final/netty-codec-http2-4.1.30.Final.jar:/home/user/.m2/repository/io/netty/netty-codec-http/4.1.30.Final/netty-codec-http-4.1.30.Final.jar:/home/user/.m2/repository/io/netty/netty-codec/4.1.30.Final/netty-codec-4.1.30.Final.jar:/home/user/.m2/repository/io/netty/netty-handler/4.1.30.Final/netty-handler-4.1.30.Final.jar:/home/user/.m2/repository/io/netty/netty-handler-proxy/4.1.30.Final/netty-handler-proxy-4.1.30.Final.jar:/home/user/.m2/repository/io/netty/netty-codec-socks/4.1.30.Final/netty-codec-socks-4.1.30.Final.jar:/home/user/.m2/repository/io/netty/netty-transport-native-epoll/4.1.30.Final/netty-transport-native-epoll-4.1.30.Final.jar:/home/user/.m2/repository/io/netty/netty-common/4.1.30.Final/netty-common-4.1.30.Final.jar:/home/user/.m2/repository/io/netty/netty-buffer/4.1.30.Final/netty-buffer-4.1.30.Final.jar:/home/user/.m2/repository/io/netty/netty-transport/4.1.30.Final/netty-transport-4.1.30.Final.jar:/home/user/.m2/repository/io/netty/netty-resolver/4.1.30.Final/netty-resolver-4.1.30.Final.jar:/home/user/.m2/repository/io/netty/netty-transport-native-unix-common/4.1.30.Final/netty-transport-native-unix-common-4.1.30.Final.jar:/home/user/.m2/repository/io/grpc/grpc-protobuf/1.17.1/grpc-protobuf-1.17.1.jar:/home/user/.m2/repository/com/google/api/grpc/proto-google-common-protos/1.0.0/proto-google-common-protos-1.0.0.jar:/home/user/.m2/repository/io/grpc/grpc-protobuf-lite/1.17.1/grpc-protobuf-lite-1.17.1.jar:/home/user/.m2/repository/io/grpc/grpc-stub/1.17.1/grpc-stub-1.17.1.jar:/home/user/.m2/repository/org/apache/hadoop/hadoop-ozone-recon/0.5.0-SNAPSHOT/hadoop-ozone-recon-0.5.0-SNAPSHOT.jar:/home/user/.m2/repository/org/apache/hadoop/hadoop-ozone-reconcodegen/0.5.0-SNAPSHOT/hadoop-ozone-reconcodegen-0.5.0-SNAPSHOT.jar:/home/user/.m2/repository/com/google/inject/extensions/guice-multibindings/4.0/guice-multibindings-4.0.jar:/home/user/.m2/repository/com/google/inject/guice/4.0/guice-4.0.jar:/home/user/.m2/repository/aopalliance/aopalliance/1.0/aopalliance-1.0.jar:/home/user/.m2/repository/com/google/inject/extensions/guice-servlet/4.0/guice-servlet-4.0.jar:/home/user/.m2/repository/org/glassfish/jersey/containers/jersey-container-servlet/2.27/jersey-container-servlet-2.27.jar:/home/user/.m2/repository/org/glassfish/hk2/guice-bridge/2.5.0/guice-bridge-2.5.0.jar:/home/user/.m2/repository/org/glassfish/jersey/core/jersey-server/2.27/jersey-server-2.27.jar:/home/user/.m2/repository/org/glassfish/jersey/core/jersey-client/2.27/jersey-client-2.27.jar:/home/user/.m2/repository/org/glassfish/jersey/media/jersey-media-jaxb/2.27/jersey-media-jaxb-2.27.jar:/home/user/.m2/repository/javax/validation/validation-api/1.1.0.Final/validation-api-1.1.0.Final.jar:/home/user/.m2/repository/org/glassfish/jersey/media/jersey-media-json-jackson/2.27/jersey-media-json-jackson-2.27.jar:/home/user/.m2/repository/org/glassfish/jersey/ext/jersey-entity-filtering/2.27/jersey-entity-filtering-2.27.jar:/home/user/.m2/repository/com/google/inject/extensions/guice-assistedinject/4.0/guice-assistedinject-4.0.jar:/home/user/.m2/repository/org/jooq/jooq/3.11.10/jooq-3.11.10.jar:/home/user/.m2/repository/org/jooq/jooq-meta/3.11.10/jooq-meta-3.11.10.jar:/home/user/.m2/repository/org/jooq/jooq-codegen/3.11.10/jooq-codegen-3.11.10.jar:/home/user/.m2/repository/com/jolbox/bonecp/0.8.0.RELEASE/bonecp-0.8.0.RELEASE.jar:/home/user/.m2/repository/org/xerial/sqlite-jdbc/3.25.2/sqlite-jdbc-3.25.2.jar:/home/user/.m2/repository/org/springframework/spring-jdbc/5.1.3.RELEASE/spring-jdbc-5.1.3.RELEASE.jar:/home/user/.m2/repository/org/springframework/spring-beans/5.1.3.RELEASE/spring-beans-5.1.3.RELEASE.jar:/home/user/.m2/repository/org/springframework/spring-core/5.1.3.RELEASE/spring-core-5.1.3.RELEASE.jar:/home/user/.m2/repository/org/springframework/spring-jcl/5.1.3.RELEASE/spring-jcl-5.1.3.RELEASE.jar:/home/user/.m2/repository/org/springframework/spring-tx/5.1.3.RELEASE/spring-tx-5.1.3.RELEASE.jar:/home/user/.m2/repository/org/apache/hadoop/hadoop-ozone-client/0.5.0-SNAPSHOT/hadoop-ozone-client-0.5.0-SNAPSHOT.jar:/home/user/.m2/repository/commons-lang/commons-lang/2.6/commons-lang-2.6.jar:/home/user/.m2/repository/org/apache/hadoop/hadoop-ozone-ozone-manager/0.5.0-SNAPSHOT/hadoop-ozone-ozone-manager-0.5.0-SNAPSHOT-tests.jar:/home/user/.m2/repository/junit/junit/4.11/junit-4.11.jar:/home/user/.m2/repository/org/hamcrest/hamcrest-core/1.3/hamcrest-core-1.3.jar:/home/user/.m2/repository/org/openjdk/jmh/jmh-core/1.19/jmh-core-1.19.jar:/home/user/.m2/repository/net/sf/jopt-simple/jopt-simple/4.6/jopt-simple-4.6.jar:/home/user/.m2/repository/org/apache/commons/commons-math3/3.1.1/commons-math3-3.1.1.jar:/home/user/.m2/repository/org/openjdk/jmh/jmh-generator-annprocess/1.19/jmh-generator-annprocess-1.19.jar:/home/user/.m2/repository/org/mockito/mockito-all/1.8.5/mockito-all-1.8.5.jar:/home/user/.m2/repository/org/apache/hadoop/hadoop-kms/3.2.0/hadoop-kms-3.2.0.jar:/home/user/.m2/repository/org/apache/hadoop/hadoop-auth/3.2.0/hadoop-auth-3.2.0.jar:/home/user/.m2/repository/com/nimbusds/nimbus-jose-jwt/4.41.1/nimbus-jose-jwt-4.41.1.jar:/home/user/.m2/repository/com/github/stephenc/jcip/jcip-annotations/1.0-1/jcip-annotations-1.0-1.jar:/home/user/.m2/repository/net/minidev/json-smart/2.3/json-smart-2.3.jar:/home/user/.m2/repository/net/minidev/accessors-smart/1.2/accessors-smart-1.2.jar:/home/user/.m2/repository/org/ow2/asm/asm/5.0.4/asm-5.0.4.jar:/home/user/.m2/repository/org/apache/curator/curator-framework/2.12.0/curator-framework-2.12.0.jar:/home/user/.m2/repository/com/sun/jersey/jersey-core/1.19/jersey-core-1.19.jar:/home/user/.m2/repository/javax/ws/rs/jsr311-api/1.1.1/jsr311-api-1.1.1.jar:/home/user/.m2/repository/com/sun/jersey/jersey-server/1.19/jersey-server-1.19.jar:/home/user/.m2/repository/javax/servlet/javax.servlet-api/3.1.0/javax.servlet-api-3.1.0.jar:/home/user/.m2/repository/org/eclipse/jetty/jetty-server/9.3.24.v20180605/jetty-server-9.3.24.v20180605.jar:/home/user/.m2/repository/org/eclipse/jetty/jetty-http/9.3.24.v20180605/jetty-http-9.3.24.v20180605.jar:/home/user/.m2/repository/org/eclipse/jetty/jetty-io/9.3.24.v20180605/jetty-io-9.3.24.v20180605.jar:/home/user/.m2/repository/org/eclipse/jetty/jetty-webapp/9.3.24.v20180605/jetty-webapp-9.3.24.v20180605.jar:/home/user/.m2/repository/org/eclipse/jetty/jetty-xml/9.3.24.v20180605/jetty-xml-9.3.24.v20180605.jar:/home/user/.m2/repository/log4j/log4j/1.2.17/log4j-1.2.17.jar:/home/user/.m2/repository/org/slf4j/slf4j-api/1.7.25/slf4j-api-1.7.25.jar:/home/user/.m2/repository/org/slf4j/jul-to-slf4j/1.7.25/jul-to-slf4j-1.7.25.jar:/home/user/.m2/repository/org/eclipse/jetty/jetty-util/9.3.24.v20180605/jetty-util-9.3.24.v20180605.jar:/home/user/.m2/repository/com/fasterxml/jackson/core/jackson-databind/2.9.5/jackson-databind-2.9.5.jar:/home/user/.m2/repository/org/apache/hadoop/hadoop-kms/3.2.0/hadoop-kms-3.2.0-tests.jar:/home/user/.m2/repository/org/apache/hadoop/hadoop-hdds-server-scm/0.5.0-SNAPSHOT/hadoop-hdds-server-scm-0.5.0-SNAPSHOT-tests.jar:/home/user/.m2/repository/org/apache/hadoop/hadoop-hdds-container-service/0.5.0-SNAPSHOT/hadoop-hdds-container-service-0.5.0-SNAPSHOT-tests.jar:/home/user/.m2/repository/org/yaml/snakeyaml/1.16/snakeyaml-1.16.jar:/home/user/.m2/repository/org/apache/hadoop/hadoop-common/3.2.0/hadoop-common-3.2.0-tests.jar:/home/user/.m2/repository/org/apache/hadoop/hadoop-annotations/3.2.0/hadoop-annotations-3.2.0.jar:/usr/lib/jvm/java-1.8-openjdk/jre/../lib/tools.jar:/home/user/.m2/repository/commons-cli/commons-cli/1.2/commons-cli-1.2.jar:/home/user/.m2/repository/org/apache/httpcomponents/httpclient/4.5.2/httpclient-4.5.2.jar:/home/user/.m2/repository/org/apache/httpcomponents/httpcore/4.4.4/httpcore-4.4.4.jar:/home/user/.m2/repository/commons-codec/commons-codec/1.11/commons-codec-1.11.jar:/home/user/.m2/repository/commons-net/commons-net/3.6/commons-net-3.6.jar:/home/user/.m2/repository/commons-collections/commons-collections/3.2.2/commons-collections-3.2.2.jar:/home/user/.m2/repository/org/eclipse/jetty/jetty-servlet/9.3.24.v20180605/jetty-servlet-9.3.24.v20180605.jar:/home/user/.m2/repository/org/eclipse/jetty/jetty-security/9.3.24.v20180605/jetty-security-9.3.24.v20180605.jar:/home/user/.m2/repository/javax/servlet/jsp/jsp-api/2.1/jsp-api-2.1.jar:/home/user/.m2/repository/com/sun/jersey/jersey-servlet/1.19/jersey-servlet-1.19.jar:/home/user/.m2/repository/com/sun/jersey/jersey-json/1.19/jersey-json-1.19.jar:/home/user/.m2/repository/org/codehaus/jettison/jettison/1.1/jettison-1.1.jar:/home/user/.m2/repository/org/codehaus/jackson/jackson-core-asl/1.9.13/jackson-core-asl-1.9.13.jar:/home/user/.m2/repository/org/codehaus/jackson/jackson-mapper-asl/1.9.13/jackson-mapper-asl-1.9.13.jar:/home/user/.m2/repository/org/codehaus/jackson/jackson-jaxrs/1.9.13/jackson-jaxrs-1.9.13.jar:/home/user/.m2/repository/org/codehaus/jackson/jackson-xc/1.9.13/jackson-xc-1.9.13.jar:/home/user/.m2/repository/commons-logging/commons-logging/1.1.3/commons-logging-1.1.3.jar:/home/user/.m2/repository/commons-beanutils/commons-beanutils/1.9.3/commons-beanutils-1.9.3.jar:/home/user/.m2/repository/org/apache/commons/commons-configuration2/2.1.1/commons-configuration2-2.1.1.jar:/home/user/.m2/repository/org/apache/commons/commons-lang3/3.7/commons-lang3-3.7.jar:/home/user/.m2/repository/org/apache/commons/commons-text/1.4/commons-text-1.4.jar:/home/user/.m2/repository/org/apache/avro/avro/1.7.7/avro-1.7.7.jar:/home/user/.m2/repository/com/thoughtworks/paranamer/paranamer/2.3/paranamer-2.3.jar:/home/user/.m2/repository/org/xerial/snappy/snappy-java/1.0.5/snappy-java-1.0.5.jar:/home/user/.m2/repository/com/google/re2j/re2j/1.1/re2j-1.1.jar:/home/user/.m2/repository/com/google/code/gson/gson/2.2.4/gson-2.2.4.jar:/home/user/.m2/repository/com/jcraft/jsch/0.1.54/jsch-0.1.54.jar:/home/user/.m2/repository/org/apache/curator/curator-client/2.12.0/curator-client-2.12.0.jar:/home/user/.m2/repository/org/apache/curator/curator-recipes/2.12.0/curator-recipes-2.12.0.jar:/home/user/.m2/repository/com/google/code/findbugs/jsr305/3.0.0/jsr305-3.0.0.jar:/home/user/.m2/repository/org/apache/htrace/htrace-core4/4.1.0-incubating/htrace-core4-4.1.0-incubating.jar:/home/user/.m2/repository/org/apache/zookeeper/zookeeper/3.4.13/zookeeper-3.4.13.jar:/home/user/.m2/repository/org/apache/yetus/audience-annotations/0.5.0/audience-annotations-0.5.0.jar:/home/user/.m2/repository/org/codehaus/woodstox/stax2-api/3.1.4/stax2-api-3.1.4.jar:/home/user/.m2/repository/com/fasterxml/woodstox/woodstox-core/5.0.3/woodstox-core-5.0.3.jar:/home/user/.m2/repository/dnsjava/dnsjava/2.1.7/dnsjava-2.1.7.jar:/home/user/.m2/repository/org/apache/hadoop/hadoop-hdfs/3.2.0/hadoop-hdfs-3.2.0-tests.jar:/home/user/.m2/repository/org/eclipse/jetty/jetty-util-ajax/9.3.24.v20180605/jetty-util-ajax-9.3.24.v20180605.jar:/home/user/.m2/repository/commons-daemon/commons-daemon/1.0.13/commons-daemon-1.0.13.jar:/home/user/.m2/repository/io/netty/netty/3.10.5.Final/netty-3.10.5.Final.jar:/home/user/.m2/repository/io/netty/netty-all/4.0.52.Final/netty-all-4.0.52.Final.jar:/home/user/.m2/repository/org/fusesource/leveldbjni/leveldbjni-all/1.8/leveldbjni-all-1.8.jar:"/>
    <property name="java.vm.vendor" value="IcedTea"/>
    <property name="sun.arch.data.model" value="64"/>
    <property name="test.build.dir" value="/tmp/workdir/hadoop-ozone/integration-test/target/test-dir"/>
    <property name="test.cache.data" value=""/>
    <property name="java.vendor.url" value="https://icedtea.classpath.org"/>
    <property name="user.timezone" value=""/>
    <property name="java.vm.specification.version" value="1.8"/>
    <property name="os.name" value="Linux"/>
    <property name="test.build.data" value="/tmp/workdir/hadoop-ozone/integration-test/target/test-dir"/>
    <property name="user.country" value="US"/>
    <property name="sun.java.launcher" value="SUN_STANDARD"/>
    <property name="sun.boot.library.path" value="/usr/lib/jvm/java-1.8-openjdk/jre/lib/amd64"/>
    <property name="sun.java.command" value="/tmp/workdir/hadoop-ozone/integration-test/target/surefire/surefirebooter3476000695451784306.jar /tmp/workdir/hadoop-ozone/integration-test/target/surefire 2019-09-17T11-28-32_756-jvmRun1 surefire5387144707449981166tmp surefire_323446172509922381617tmp"/>
    <property name="test" value="!TestMiniChaosOzoneCluster"/>
    <property name="surefire.test.class.path" value="/tmp/workdir/hadoop-ozone/integration-test/target/test-classes:/tmp/workdir/hadoop-ozone/integration-test/target/classes:/home/user/.m2/repository/org/apache/hadoop/hadoop-ozone-common/0.5.0-SNAPSHOT/hadoop-ozone-common-0.5.0-SNAPSHOT.jar:/home/user/.m2/repository/org/apache/commons/commons-compress/1.4.1/commons-compress-1.4.1.jar:/home/user/.m2/repository/org/tukaani/xz/1.0/xz-1.0.jar:/home/user/.m2/repository/org/apache/hadoop/hadoop-common/3.2.0/hadoop-common-3.2.0.jar:/home/user/.m2/repository/org/apache/hadoop/hadoop-hdfs/3.2.0/hadoop-hdfs-3.2.0.jar:/home/user/.m2/repository/org/apache/hadoop/hadoop-hdfs-client/3.2.0/hadoop-hdfs-client-3.2.0.jar:/home/user/.m2/repository/com/fasterxml/jackson/core/jackson-annotations/2.9.5/jackson-annotations-2.9.5.jar:/home/user/.m2/repository/org/apache/hadoop/hadoop-hdds-common/0.5.0-SNAPSHOT/hadoop-hdds-common-0.5.0-SNAPSHOT.jar:/home/user/.m2/repository/javax/annotation/javax.annotation-api/1.2/javax.annotation-api-1.2.jar:/home/user/.m2/repository/org/apache/ratis/ratis-server/0.4.0-78e95b9-SNAPSHOT/ratis-server-0.4.0-78e95b9-SNAPSHOT.jar:/home/user/.m2/repository/org/apache/ratis/ratis-thirdparty-misc/0.2.0/ratis-thirdparty-misc-0.2.0.jar:/home/user/.m2/repository/org/apache/ratis/ratis-proto/0.4.0-78e95b9-SNAPSHOT/ratis-proto-0.4.0-78e95b9-SNAPSHOT.jar:/home/user/.m2/repository/org/apache/ratis/ratis-common/0.4.0-78e95b9-SNAPSHOT/ratis-common-0.4.0-78e95b9-SNAPSHOT.jar:/home/user/.m2/repository/org/apache/ratis/ratis-client/0.4.0-78e95b9-SNAPSHOT/ratis-client-0.4.0-78e95b9-SNAPSHOT.jar:/home/user/.m2/repository/org/apache/ratis/ratis-metrics/0.4.0-78e95b9-SNAPSHOT/ratis-metrics-0.4.0-78e95b9-SNAPSHOT.jar:/home/user/.m2/repository/com/github/joshelser/dropwizard-metrics-hadoop-metrics2-reporter/0.1.2/dropwizard-metrics-hadoop-metrics2-reporter-0.1.2.jar:/home/user/.m2/repository/io/dropwizard/metrics/metrics-jvm/3.2.5/metrics-jvm-3.2.5.jar:/home/user/.m2/repository/io/dropwizard/metrics/metrics-ganglia/3.2.5/metrics-ganglia-3.2.5.jar:/home/user/.m2/repository/info/ganglia/gmetric4j/gmetric4j/1.0.7/gmetric4j-1.0.7.jar:/home/user/.m2/repository/org/apache/ratis/ratis-netty/0.4.0-78e95b9-SNAPSHOT/ratis-netty-0.4.0-78e95b9-SNAPSHOT.jar:/home/user/.m2/repository/org/apache/ratis/ratis-grpc/0.4.0-78e95b9-SNAPSHOT/ratis-grpc-0.4.0-78e95b9-SNAPSHOT.jar:/home/user/.m2/repository/org/rocksdb/rocksdbjni/6.0.1/rocksdbjni-6.0.1.jar:/home/user/.m2/repository/org/apache/logging/log4j/log4j-api/2.11.0/log4j-api-2.11.0.jar:/home/user/.m2/repository/org/apache/logging/log4j/log4j-core/2.11.0/log4j-core-2.11.0.jar:/home/user/.m2/repository/com/lmax/disruptor/3.4.2/disruptor-3.4.2.jar:/home/user/.m2/repository/org/apache/commons/commons-pool2/2.6.0/commons-pool2-2.6.0.jar:/home/user/.m2/repository/org/bouncycastle/bcpkix-jdk15on/1.60/bcpkix-jdk15on-1.60.jar:/home/user/.m2/repository/commons-validator/commons-validator/1.6/commons-validator-1.6.jar:/home/user/.m2/repository/commons-digester/commons-digester/1.8.1/commons-digester-1.8.1.jar:/home/user/.m2/repository/io/jaegertracing/jaeger-client/0.33.1/jaeger-client-0.33.1.jar:/home/user/.m2/repository/io/jaegertracing/jaeger-thrift/0.33.1/jaeger-thrift-0.33.1.jar:/home/user/.m2/repository/org/apache/thrift/libthrift/0.11.0/libthrift-0.11.0.jar:/home/user/.m2/repository/com/squareup/okhttp3/okhttp/3.9.0/okhttp-3.9.0.jar:/home/user/.m2/repository/com/squareup/okio/okio/1.13.0/okio-1.13.0.jar:/home/user/.m2/repository/io/jaegertracing/jaeger-core/0.33.1/jaeger-core-0.33.1.jar:/home/user/.m2/repository/io/jaegertracing/jaeger-tracerresolver/0.33.1/jaeger-tracerresolver-0.33.1.jar:/home/user/.m2/repository/io/opentracing/contrib/opentracing-tracerresolver/0.1.5/opentracing-tracerresolver-0.1.5.jar:/home/user/.m2/repository/io/opentracing/opentracing-util/0.31.0/opentracing-util-0.31.0.jar:/home/user/.m2/repository/io/opentracing/opentracing-api/0.31.0/opentracing-api-0.31.0.jar:/home/user/.m2/repository/io/opentracing/opentracing-noop/0.31.0/opentracing-noop-0.31.0.jar:/home/user/.m2/repository/org/apache/hadoop/hadoop-hdds-server-framework/0.5.0-SNAPSHOT/hadoop-hdds-server-framework-0.5.0-SNAPSHOT.jar:/home/user/.m2/repository/org/apache/hadoop/hadoop-hdds-container-service/0.5.0-SNAPSHOT/hadoop-hdds-container-service-0.5.0-SNAPSHOT.jar:/home/user/.m2/repository/org/apache/hadoop/hadoop-hdds-client/0.5.0-SNAPSHOT/hadoop-hdds-client-0.5.0-SNAPSHOT.jar:/home/user/.m2/repository/org/apache/hadoop/hadoop-hdds-tools/0.5.0-SNAPSHOT/hadoop-hdds-tools-0.5.0-SNAPSHOT.jar:/home/user/.m2/repository/org/apache/hadoop/hadoop-hdds-server-scm/0.5.0-SNAPSHOT/hadoop-hdds-server-scm-0.5.0-SNAPSHOT.jar:/home/user/.m2/repository/org/apache/hadoop/hadoop-hdds-docs/0.5.0-SNAPSHOT/hadoop-hdds-docs-0.5.0-SNAPSHOT.jar:/home/user/.m2/repository/io/dropwizard/metrics/metrics-core/3.2.4/metrics-core-3.2.4.jar:/home/user/.m2/repository/org/hamcrest/hamcrest-all/1.3/hamcrest-all-1.3.jar:/home/user/.m2/repository/org/bouncycastle/bcprov-jdk15on/1.60/bcprov-jdk15on-1.60.jar:/home/user/.m2/repository/info/picocli/picocli/3.9.6/picocli-3.9.6.jar:/home/user/.m2/repository/com/google/protobuf/protobuf-java/2.5.0/protobuf-java-2.5.0.jar:/home/user/.m2/repository/com/google/guava/guava/11.0.2/guava-11.0.2.jar:/home/user/.m2/repository/org/apache/hadoop/hadoop-ozone-ozone-manager/0.5.0-SNAPSHOT/hadoop-ozone-ozone-manager-0.5.0-SNAPSHOT.jar:/home/user/.m2/repository/org/apache/hadoop/hadoop-minikdc/3.2.0/hadoop-minikdc-3.2.0.jar:/home/user/.m2/repository/commons-io/commons-io/2.5/commons-io-2.5.jar:/home/user/.m2/repository/org/apache/kerby/kerb-simplekdc/1.0.1/kerb-simplekdc-1.0.1.jar:/home/user/.m2/repository/org/apache/kerby/kerb-client/1.0.1/kerb-client-1.0.1.jar:/home/user/.m2/repository/org/apache/kerby/kerby-config/1.0.1/kerby-config-1.0.1.jar:/home/user/.m2/repository/org/apache/kerby/kerb-core/1.0.1/kerb-core-1.0.1.jar:/home/user/.m2/repository/org/apache/kerby/kerby-pkix/1.0.1/kerby-pkix-1.0.1.jar:/home/user/.m2/repository/org/apache/kerby/kerby-asn1/1.0.1/kerby-asn1-1.0.1.jar:/home/user/.m2/repository/org/apache/kerby/kerby-util/1.0.1/kerby-util-1.0.1.jar:/home/user/.m2/repository/org/apache/kerby/kerb-common/1.0.1/kerb-common-1.0.1.jar:/home/user/.m2/repository/org/apache/kerby/kerb-crypto/1.0.1/kerb-crypto-1.0.1.jar:/home/user/.m2/repository/org/apache/kerby/kerb-util/1.0.1/kerb-util-1.0.1.jar:/home/user/.m2/repository/org/apache/kerby/token-provider/1.0.1/token-provider-1.0.1.jar:/home/user/.m2/repository/org/apache/kerby/kerb-admin/1.0.1/kerb-admin-1.0.1.jar:/home/user/.m2/repository/org/apache/kerby/kerb-server/1.0.1/kerb-server-1.0.1.jar:/home/user/.m2/repository/org/apache/kerby/kerb-identity/1.0.1/kerb-identity-1.0.1.jar:/home/user/.m2/repository/org/apache/kerby/kerby-xdr/1.0.1/kerby-xdr-1.0.1.jar:/home/user/.m2/repository/org/slf4j/slf4j-log4j12/1.7.25/slf4j-log4j12-1.7.25.jar:/home/user/.m2/repository/org/apache/hadoop/hadoop-ozone-s3gateway/0.5.0-SNAPSHOT/hadoop-ozone-s3gateway-0.5.0-SNAPSHOT.jar:/home/user/.m2/repository/org/jboss/weld/servlet/weld-servlet/2.4.7.Final/weld-servlet-2.4.7.Final.jar:/home/user/.m2/repository/org/glassfish/jersey/containers/jersey-container-servlet-core/2.27/jersey-container-servlet-core-2.27.jar:/home/user/.m2/repository/org/glassfish/hk2/external/javax.inject/2.5.0-b42/javax.inject-2.5.0-b42.jar:/home/user/.m2/repository/org/glassfish/jersey/core/jersey-common/2.27/jersey-common-2.27.jar:/home/user/.m2/repository/org/glassfish/hk2/osgi-resource-locator/1.0.1/osgi-resource-locator-1.0.1.jar:/home/user/.m2/repository/javax/ws/rs/javax.ws.rs-api/2.1/javax.ws.rs-api-2.1.jar:/home/user/.m2/repository/org/glassfish/jersey/ext/cdi/jersey-cdi1x/2.27/jersey-cdi1x-2.27.jar:/home/user/.m2/repository/org/glassfish/jersey/inject/jersey-hk2/2.27/jersey-hk2-2.27.jar:/home/user/.m2/repository/org/glassfish/hk2/hk2-locator/2.5.0-b42/hk2-locator-2.5.0-b42.jar:/home/user/.m2/repository/org/javassist/javassist/3.22.0-CR2/javassist-3.22.0-CR2.jar:/home/user/.m2/repository/org/glassfish/hk2/hk2-api/2.5.0/hk2-api-2.5.0.jar:/home/user/.m2/repository/org/glassfish/hk2/external/jakarta.inject/2.5.0/jakarta.inject-2.5.0.jar:/home/user/.m2/repository/org/glassfish/hk2/hk2-utils/2.5.0/hk2-utils-2.5.0.jar:/home/user/.m2/repository/jakarta/annotation/jakarta.annotation-api/1.3.4/jakarta.annotation-api-1.3.4.jar:/home/user/.m2/repository/org/glassfish/hk2/external/aopalliance-repackaged/2.5.0/aopalliance-repackaged-2.5.0.jar:/home/user/.m2/repository/com/fasterxml/jackson/dataformat/jackson-dataformat-xml/2.9.0/jackson-dataformat-xml-2.9.0.jar:/home/user/.m2/repository/com/fasterxml/jackson/core/jackson-core/2.9.5/jackson-core-2.9.5.jar:/home/user/.m2/repository/com/fasterxml/jackson/module/jackson-module-jaxb-annotations/2.9.5/jackson-module-jaxb-annotations-2.9.5.jar:/home/user/.m2/repository/javax/enterprise/cdi-api/1.2/cdi-api-1.2.jar:/home/user/.m2/repository/javax/el/javax.el-api/3.0.0/javax.el-api-3.0.0.jar:/home/user/.m2/repository/javax/interceptor/javax.interceptor-api/1.2/javax.interceptor-api-1.2.jar:/home/user/.m2/repository/javax/inject/javax.inject/1/javax.inject-1.jar:/home/user/.m2/repository/com/sun/xml/bind/jaxb-impl/2.3.0.1/jaxb-impl-2.3.0.1.jar:/home/user/.m2/repository/com/sun/xml/bind/jaxb-core/2.3.0.1/jaxb-core-2.3.0.1.jar:/home/user/.m2/repository/javax/xml/bind/jaxb-api/2.3.0/jaxb-api-2.3.0.jar:/home/user/.m2/repository/javax/activation/activation/1.1.1/activation-1.1.1.jar:/home/user/.m2/repository/org/apache/hadoop/hadoop-ozone-csi/0.5.0-SNAPSHOT/hadoop-ozone-csi-0.5.0-SNAPSHOT.jar:/home/user/.m2/repository/com/google/protobuf/protobuf-java-util/3.5.1/protobuf-java-util-3.5.1.jar:/home/user/.m2/repository/org/apache/hadoop/hadoop-hdds-config/0.5.0-SNAPSHOT/hadoop-hdds-config-0.5.0-SNAPSHOT.jar:/home/user/.m2/repository/io/grpc/grpc-netty/1.17.1/grpc-netty-1.17.1.jar:/home/user/.m2/repository/io/grpc/grpc-core/1.17.1/grpc-core-1.17.1.jar:/home/user/.m2/repository/io/grpc/grpc-context/1.17.1/grpc-context-1.17.1.jar:/home/user/.m2/repository/com/google/errorprone/error_prone_annotations/2.2.0/error_prone_annotations-2.2.0.jar:/home/user/.m2/repository/org/codehaus/mojo/animal-sniffer-annotations/1.17/animal-sniffer-annotations-1.17.jar:/home/user/.m2/repository/io/opencensus/opencensus-api/0.17.0/opencensus-api-0.17.0.jar:/home/user/.m2/repository/io/opencensus/opencensus-contrib-grpc-metrics/0.17.0/opencensus-contrib-grpc-metrics-0.17.0.jar:/home/user/.m2/repository/io/netty/netty-codec-http2/4.1.30.Final/netty-codec-http2-4.1.30.Final.jar:/home/user/.m2/repository/io/netty/netty-codec-http/4.1.30.Final/netty-codec-http-4.1.30.Final.jar:/home/user/.m2/repository/io/netty/netty-codec/4.1.30.Final/netty-codec-4.1.30.Final.jar:/home/user/.m2/repository/io/netty/netty-handler/4.1.30.Final/netty-handler-4.1.30.Final.jar:/home/user/.m2/repository/io/netty/netty-handler-proxy/4.1.30.Final/netty-handler-proxy-4.1.30.Final.jar:/home/user/.m2/repository/io/netty/netty-codec-socks/4.1.30.Final/netty-codec-socks-4.1.30.Final.jar:/home/user/.m2/repository/io/netty/netty-transport-native-epoll/4.1.30.Final/netty-transport-native-epoll-4.1.30.Final.jar:/home/user/.m2/repository/io/netty/netty-common/4.1.30.Final/netty-common-4.1.30.Final.jar:/home/user/.m2/repository/io/netty/netty-buffer/4.1.30.Final/netty-buffer-4.1.30.Final.jar:/home/user/.m2/repository/io/netty/netty-transport/4.1.30.Final/netty-transport-4.1.30.Final.jar:/home/user/.m2/repository/io/netty/netty-resolver/4.1.30.Final/netty-resolver-4.1.30.Final.jar:/home/user/.m2/repository/io/netty/netty-transport-native-unix-common/4.1.30.Final/netty-transport-native-unix-common-4.1.30.Final.jar:/home/user/.m2/repository/io/grpc/grpc-protobuf/1.17.1/grpc-protobuf-1.17.1.jar:/home/user/.m2/repository/com/google/api/grpc/proto-google-common-protos/1.0.0/proto-google-common-protos-1.0.0.jar:/home/user/.m2/repository/io/grpc/grpc-protobuf-lite/1.17.1/grpc-protobuf-lite-1.17.1.jar:/home/user/.m2/repository/io/grpc/grpc-stub/1.17.1/grpc-stub-1.17.1.jar:/home/user/.m2/repository/org/apache/hadoop/hadoop-ozone-recon/0.5.0-SNAPSHOT/hadoop-ozone-recon-0.5.0-SNAPSHOT.jar:/home/user/.m2/repository/org/apache/hadoop/hadoop-ozone-reconcodegen/0.5.0-SNAPSHOT/hadoop-ozone-reconcodegen-0.5.0-SNAPSHOT.jar:/home/user/.m2/repository/com/google/inject/extensions/guice-multibindings/4.0/guice-multibindings-4.0.jar:/home/user/.m2/repository/com/google/inject/guice/4.0/guice-4.0.jar:/home/user/.m2/repository/aopalliance/aopalliance/1.0/aopalliance-1.0.jar:/home/user/.m2/repository/com/google/inject/extensions/guice-servlet/4.0/guice-servlet-4.0.jar:/home/user/.m2/repository/org/glassfish/jersey/containers/jersey-container-servlet/2.27/jersey-container-servlet-2.27.jar:/home/user/.m2/repository/org/glassfish/hk2/guice-bridge/2.5.0/guice-bridge-2.5.0.jar:/home/user/.m2/repository/org/glassfish/jersey/core/jersey-server/2.27/jersey-server-2.27.jar:/home/user/.m2/repository/org/glassfish/jersey/core/jersey-client/2.27/jersey-client-2.27.jar:/home/user/.m2/repository/org/glassfish/jersey/media/jersey-media-jaxb/2.27/jersey-media-jaxb-2.27.jar:/home/user/.m2/repository/javax/validation/validation-api/1.1.0.Final/validation-api-1.1.0.Final.jar:/home/user/.m2/repository/org/glassfish/jersey/media/jersey-media-json-jackson/2.27/jersey-media-json-jackson-2.27.jar:/home/user/.m2/repository/org/glassfish/jersey/ext/jersey-entity-filtering/2.27/jersey-entity-filtering-2.27.jar:/home/user/.m2/repository/com/google/inject/extensions/guice-assistedinject/4.0/guice-assistedinject-4.0.jar:/home/user/.m2/repository/org/jooq/jooq/3.11.10/jooq-3.11.10.jar:/home/user/.m2/repository/org/jooq/jooq-meta/3.11.10/jooq-meta-3.11.10.jar:/home/user/.m2/repository/org/jooq/jooq-codegen/3.11.10/jooq-codegen-3.11.10.jar:/home/user/.m2/repository/com/jolbox/bonecp/0.8.0.RELEASE/bonecp-0.8.0.RELEASE.jar:/home/user/.m2/repository/org/xerial/sqlite-jdbc/3.25.2/sqlite-jdbc-3.25.2.jar:/home/user/.m2/repository/org/springframework/spring-jdbc/5.1.3.RELEASE/spring-jdbc-5.1.3.RELEASE.jar:/home/user/.m2/repository/org/springframework/spring-beans/5.1.3.RELEASE/spring-beans-5.1.3.RELEASE.jar:/home/user/.m2/repository/org/springframework/spring-core/5.1.3.RELEASE/spring-core-5.1.3.RELEASE.jar:/home/user/.m2/repository/org/springframework/spring-jcl/5.1.3.RELEASE/spring-jcl-5.1.3.RELEASE.jar:/home/user/.m2/repository/org/springframework/spring-tx/5.1.3.RELEASE/spring-tx-5.1.3.RELEASE.jar:/home/user/.m2/repository/org/apache/hadoop/hadoop-ozone-client/0.5.0-SNAPSHOT/hadoop-ozone-client-0.5.0-SNAPSHOT.jar:/home/user/.m2/repository/commons-lang/commons-lang/2.6/commons-lang-2.6.jar:/home/user/.m2/repository/org/apache/hadoop/hadoop-ozone-ozone-manager/0.5.0-SNAPSHOT/hadoop-ozone-ozone-manager-0.5.0-SNAPSHOT-tests.jar:/home/user/.m2/repository/junit/junit/4.11/junit-4.11.jar:/home/user/.m2/repository/org/hamcrest/hamcrest-core/1.3/hamcrest-core-1.3.jar:/home/user/.m2/repository/org/openjdk/jmh/jmh-core/1.19/jmh-core-1.19.jar:/home/user/.m2/repository/net/sf/jopt-simple/jopt-simple/4.6/jopt-simple-4.6.jar:/home/user/.m2/repository/org/apache/commons/commons-math3/3.1.1/commons-math3-3.1.1.jar:/home/user/.m2/repository/org/openjdk/jmh/jmh-generator-annprocess/1.19/jmh-generator-annprocess-1.19.jar:/home/user/.m2/repository/org/mockito/mockito-all/1.8.5/mockito-all-1.8.5.jar:/home/user/.m2/repository/org/apache/hadoop/hadoop-kms/3.2.0/hadoop-kms-3.2.0.jar:/home/user/.m2/repository/org/apache/hadoop/hadoop-auth/3.2.0/hadoop-auth-3.2.0.jar:/home/user/.m2/repository/com/nimbusds/nimbus-jose-jwt/4.41.1/nimbus-jose-jwt-4.41.1.jar:/home/user/.m2/repository/com/github/stephenc/jcip/jcip-annotations/1.0-1/jcip-annotations-1.0-1.jar:/home/user/.m2/repository/net/minidev/json-smart/2.3/json-smart-2.3.jar:/home/user/.m2/repository/net/minidev/accessors-smart/1.2/accessors-smart-1.2.jar:/home/user/.m2/repository/org/ow2/asm/asm/5.0.4/asm-5.0.4.jar:/home/user/.m2/repository/org/apache/curator/curator-framework/2.12.0/curator-framework-2.12.0.jar:/home/user/.m2/repository/com/sun/jersey/jersey-core/1.19/jersey-core-1.19.jar:/home/user/.m2/repository/javax/ws/rs/jsr311-api/1.1.1/jsr311-api-1.1.1.jar:/home/user/.m2/repository/com/sun/jersey/jersey-server/1.19/jersey-server-1.19.jar:/home/user/.m2/repository/javax/servlet/javax.servlet-api/3.1.0/javax.servlet-api-3.1.0.jar:/home/user/.m2/repository/org/eclipse/jetty/jetty-server/9.3.24.v20180605/jetty-server-9.3.24.v20180605.jar:/home/user/.m2/repository/org/eclipse/jetty/jetty-http/9.3.24.v20180605/jetty-http-9.3.24.v20180605.jar:/home/user/.m2/repository/org/eclipse/jetty/jetty-io/9.3.24.v20180605/jetty-io-9.3.24.v20180605.jar:/home/user/.m2/repository/org/eclipse/jetty/jetty-webapp/9.3.24.v20180605/jetty-webapp-9.3.24.v20180605.jar:/home/user/.m2/repository/org/eclipse/jetty/jetty-xml/9.3.24.v20180605/jetty-xml-9.3.24.v20180605.jar:/home/user/.m2/repository/log4j/log4j/1.2.17/log4j-1.2.17.jar:/home/user/.m2/repository/org/slf4j/slf4j-api/1.7.25/slf4j-api-1.7.25.jar:/home/user/.m2/repository/org/slf4j/jul-to-slf4j/1.7.25/jul-to-slf4j-1.7.25.jar:/home/user/.m2/repository/org/eclipse/jetty/jetty-util/9.3.24.v20180605/jetty-util-9.3.24.v20180605.jar:/home/user/.m2/repository/com/fasterxml/jackson/core/jackson-databind/2.9.5/jackson-databind-2.9.5.jar:/home/user/.m2/repository/org/apache/hadoop/hadoop-kms/3.2.0/hadoop-kms-3.2.0-tests.jar:/home/user/.m2/repository/org/apache/hadoop/hadoop-hdds-server-scm/0.5.0-SNAPSHOT/hadoop-hdds-server-scm-0.5.0-SNAPSHOT-tests.jar:/home/user/.m2/repository/org/apache/hadoop/hadoop-hdds-container-service/0.5.0-SNAPSHOT/hadoop-hdds-container-service-0.5.0-SNAPSHOT-tests.jar:/home/user/.m2/repository/org/yaml/snakeyaml/1.16/snakeyaml-1.16.jar:/home/user/.m2/repository/org/apache/hadoop/hadoop-common/3.2.0/hadoop-common-3.2.0-tests.jar:/home/user/.m2/repository/org/apache/hadoop/hadoop-annotations/3.2.0/hadoop-annotations-3.2.0.jar:/usr/lib/jvm/java-1.8-openjdk/jre/../lib/tools.jar:/home/user/.m2/repository/commons-cli/commons-cli/1.2/commons-cli-1.2.jar:/home/user/.m2/repository/org/apache/httpcomponents/httpclient/4.5.2/httpclient-4.5.2.jar:/home/user/.m2/repository/org/apache/httpcomponents/httpcore/4.4.4/httpcore-4.4.4.jar:/home/user/.m2/repository/commons-codec/commons-codec/1.11/commons-codec-1.11.jar:/home/user/.m2/repository/commons-net/commons-net/3.6/commons-net-3.6.jar:/home/user/.m2/repository/commons-collections/commons-collections/3.2.2/commons-collections-3.2.2.jar:/home/user/.m2/repository/org/eclipse/jetty/jetty-servlet/9.3.24.v20180605/jetty-servlet-9.3.24.v20180605.jar:/home/user/.m2/repository/org/eclipse/jetty/jetty-security/9.3.24.v20180605/jetty-security-9.3.24.v20180605.jar:/home/user/.m2/repository/javax/servlet/jsp/jsp-api/2.1/jsp-api-2.1.jar:/home/user/.m2/repository/com/sun/jersey/jersey-servlet/1.19/jersey-servlet-1.19.jar:/home/user/.m2/repository/com/sun/jersey/jersey-json/1.19/jersey-json-1.19.jar:/home/user/.m2/repository/org/codehaus/jettison/jettison/1.1/jettison-1.1.jar:/home/user/.m2/repository/org/codehaus/jackson/jackson-core-asl/1.9.13/jackson-core-asl-1.9.13.jar:/home/user/.m2/repository/org/codehaus/jackson/jackson-mapper-asl/1.9.13/jackson-mapper-asl-1.9.13.jar:/home/user/.m2/repository/org/codehaus/jackson/jackson-jaxrs/1.9.13/jackson-jaxrs-1.9.13.jar:/home/user/.m2/repository/org/codehaus/jackson/jackson-xc/1.9.13/jackson-xc-1.9.13.jar:/home/user/.m2/repository/commons-logging/commons-logging/1.1.3/commons-logging-1.1.3.jar:/home/user/.m2/repository/commons-beanutils/commons-beanutils/1.9.3/commons-beanutils-1.9.3.jar:/home/user/.m2/repository/org/apache/commons/commons-configuration2/2.1.1/commons-configuration2-2.1.1.jar:/home/user/.m2/repository/org/apache/commons/commons-lang3/3.7/commons-lang3-3.7.jar:/home/user/.m2/repository/org/apache/commons/commons-text/1.4/commons-text-1.4.jar:/home/user/.m2/repository/org/apache/avro/avro/1.7.7/avro-1.7.7.jar:/home/user/.m2/repository/com/thoughtworks/paranamer/paranamer/2.3/paranamer-2.3.jar:/home/user/.m2/repository/org/xerial/snappy/snappy-java/1.0.5/snappy-java-1.0.5.jar:/home/user/.m2/repository/com/google/re2j/re2j/1.1/re2j-1.1.jar:/home/user/.m2/repository/com/google/code/gson/gson/2.2.4/gson-2.2.4.jar:/home/user/.m2/repository/com/jcraft/jsch/0.1.54/jsch-0.1.54.jar:/home/user/.m2/repository/org/apache/curator/curator-client/2.12.0/curator-client-2.12.0.jar:/home/user/.m2/repository/org/apache/curator/curator-recipes/2.12.0/curator-recipes-2.12.0.jar:/home/user/.m2/repository/com/google/code/findbugs/jsr305/3.0.0/jsr305-3.0.0.jar:/home/user/.m2/repository/org/apache/htrace/htrace-core4/4.1.0-incubating/htrace-core4-4.1.0-incubating.jar:/home/user/.m2/repository/org/apache/zookeeper/zookeeper/3.4.13/zookeeper-3.4.13.jar:/home/user/.m2/repository/org/apache/yetus/audience-annotations/0.5.0/audience-annotations-0.5.0.jar:/home/user/.m2/repository/org/codehaus/woodstox/stax2-api/3.1.4/stax2-api-3.1.4.jar:/home/user/.m2/repository/com/fasterxml/woodstox/woodstox-core/5.0.3/woodstox-core-5.0.3.jar:/home/user/.m2/repository/dnsjava/dnsjava/2.1.7/dnsjava-2.1.7.jar:/home/user/.m2/repository/org/apache/hadoop/hadoop-hdfs/3.2.0/hadoop-hdfs-3.2.0-tests.jar:/home/user/.m2/repository/org/eclipse/jetty/jetty-util-ajax/9.3.24.v20180605/jetty-util-ajax-9.3.24.v20180605.jar:/home/user/.m2/repository/commons-daemon/commons-daemon/1.0.13/commons-daemon-1.0.13.jar:/home/user/.m2/repository/io/netty/netty/3.10.5.Final/netty-3.10.5.Final.jar:/home/user/.m2/repository/io/netty/netty-all/4.0.52.Final/netty-all-4.0.52.Final.jar:/home/user/.m2/repository/org/fusesource/leveldbjni/leveldbjni-all/1.8/leveldbjni-all-1.8.jar:"/>
    <property name="sun.cpu.endian" value="little"/>
    <property name="user.home" value="/home/user"/>
    <property name="user.language" value="en"/>
    <property name="java.specification.vendor" value="Oracle Corporation"/>
    <property name="java.home" value="/usr/lib/jvm/java-1.8-openjdk/jre"/>
    <property name="java.security.krb5.conf" value="/tmp/workdir/hadoop-ozone/integration-test/target/test-classes/krb5.conf"/>
    <property name="basedir" value="/tmp/workdir/hadoop-ozone/integration-test"/>
    <property name="file.separator" value="/"/>
    <property name="line.separator" value="&#10;"/>
    <property name="java.vm.specification.vendor" value="Oracle Corporation"/>
    <property name="java.specification.name" value="Java Platform API Specification"/>
    <property name="java.awt.graphicsenv" value="sun.awt.X11GraphicsEnvironment"/>
    <property name="surefire.real.class.path" value="/tmp/workdir/hadoop-ozone/integration-test/target/surefire/surefirebooter3476000695451784306.jar"/>
    <property name="hadoop.log.dir" value="/tmp/workdir/hadoop-ozone/integration-test/target/log"/>
    <property name="sun.boot.class.path" value="/usr/lib/jvm/java-1.8-openjdk/jre/lib/resources.jar:/usr/lib/jvm/java-1.8-openjdk/jre/lib/rt.jar:/usr/lib/jvm/java-1.8-openjdk/jre/lib/sunrsasign.jar:/usr/lib/jvm/java-1.8-openjdk/jre/lib/jsse.jar:/usr/lib/jvm/java-1.8-openjdk/jre/lib/jce.jar:/usr/lib/jvm/java-1.8-openjdk/jre/lib/charsets.jar:/usr/lib/jvm/java-1.8-openjdk/jre/lib/jfr.jar:/usr/lib/jvm/java-1.8-openjdk/jre/classes"/>
    <property name="sun.management.compiler" value="HotSpot 64-Bit Tiered Compilers"/>
    <property name="java.runtime.version" value="1.8.0_212-b04"/>
    <property name="java.net.preferIPv4Stack" value="true"/>
    <property name="user.name" value="jenkins1000"/>
    <property name="path.separator" value=":"/>
    <property name="java.security.egd" value="file:///dev/urandom"/>
    <property name="os.version" value="3.10.0-957.12.2.el7.x86_64"/>
    <property name="java.endorsed.dirs" value="/usr/lib/jvm/java-1.8-openjdk/jre/lib/endorsed"/>
    <property name="java.runtime.name" value="OpenJDK Runtime Environment"/>
    <property name="file.encoding" value="UTF-8"/>
    <property name="java.vm.name" value="OpenJDK 64-Bit Server VM"/>
    <property name="test.build.webapps" value=""/>
    <property name="localRepository" value="/home/user/.m2/repository"/>
    <property name="java.vendor.url.bug" value="https://icedtea.classpath.org/bugzilla"/>
    <property name="java.io.tmpdir" value="/tmp"/>
    <property name="require.test.libhadoop" value=""/>
    <property name="java.version" value="1.8.0_212"/>
    <property name="user.dir" value="/tmp/workdir/hadoop-ozone/integration-test"/>
    <property name="os.arch" value="amd64"/>
    <property name="java.vm.specification.name" value="Java Virtual Machine Specification"/>
    <property name="test.build.classes" value="/tmp/workdir/hadoop-ozone/integration-test/target/test-classes"/>
    <property name="java.awt.printerjob" value="sun.print.PSPrinterJob"/>
    <property name="sun.os.patch.level" value="unknown"/>
    <property name="hadoop.tmp.dir" value="/tmp/workdir/hadoop-ozone/integration-test/target/tmp"/>
    <property name="java.library.path" value="/usr/lib/jvm/java-1.8-openjdk/jre/lib/amd64/server:/usr/lib/jvm/java-1.8-openjdk/jre/lib/amd64:/usr/lib/jvm/java-1.8-openjdk/jre/../lib/amd64:/tmp/workdir/hadoop-ozone/integration-test/target/native/target/usr/local/lib:/tmp/workdir/hadoop-ozone/integration-test/../../hadoop-common-project/hadoop-common/target/native/target/usr/local/lib:/usr/java/packages/lib/amd64:/usr/lib64:/lib64:/lib:/usr/lib"/>
    <property name="java.vm.info" value="mixed mode"/>
    <property name="java.vendor" value="IcedTea"/>
    <property name="java.vm.version" value="25.212-b04"/>
    <property name="java.ext.dirs" value="/usr/lib/jvm/java-1.8-openjdk/jre/lib/ext:/usr/java/packages/lib/ext"/>
    <property name="sun.io.unicode.encoding" value="UnicodeLittle"/>
    <property name="java.class.version" value="52.0"/>
  </properties>
  <testcase name="testMultiBlockWritesWithIntermittentDnFailures" classname="org.apache.hadoop.ozone.client.rpc.TestMultiBlockWritesWithDnFailures" time="102.226">
    <error message="Allocated 0 blocks. Requested 1 blocks" type="INTERNAL_ERROR org.apache.hadoop.ozone.om.exceptions.OMException">INTERNAL_ERROR org.apache.hadoop.ozone.om.exceptions.OMException: Allocated 0 blocks. Requested 1 blocks
	at org.apache.hadoop.ozone.om.protocolPB.OzoneManagerProtocolClientSideTranslatorPB.handleError(OzoneManagerProtocolClientSideTranslatorPB.java:726)
	at org.apache.hadoop.ozone.om.protocolPB.OzoneManagerProtocolClientSideTranslatorPB.allocateBlock(OzoneManagerProtocolClientSideTranslatorPB.java:758)
	at sun.reflect.NativeMethodAccessorImpl.invoke0(Native Method)
	at sun.reflect.NativeMethodAccessorImpl.invoke(NativeMethodAccessorImpl.java:62)
	at sun.reflect.DelegatingMethodAccessorImpl.invoke(DelegatingMethodAccessorImpl.java:43)
	at java.lang.reflect.Method.invoke(Method.java:498)
	at org.apache.hadoop.hdds.tracing.TraceAllMethod.invoke(TraceAllMethod.java:66)
	at com.sun.proxy.$Proxy36.allocateBlock(Unknown Source)
	at org.apache.hadoop.ozone.client.io.BlockOutputStreamEntryPool.allocateNewBlock(BlockOutputStreamEntryPool.java:248)
	at org.apache.hadoop.ozone.client.io.BlockOutputStreamEntryPool.allocateBlockIfNeeded(BlockOutputStreamEntryPool.java:296)
	at org.apache.hadoop.ozone.client.io.KeyOutputStream.handleWrite(KeyOutputStream.java:201)
	at org.apache.hadoop.ozone.client.io.KeyOutputStream.handleRetry(KeyOutputStream.java:376)
	at org.apache.hadoop.ozone.client.io.KeyOutputStream.handleException(KeyOutputStream.java:325)
	at org.apache.hadoop.ozone.client.io.KeyOutputStream.handleWrite(KeyOutputStream.java:231)
	at org.apache.hadoop.ozone.client.io.KeyOutputStream.write(KeyOutputStream.java:193)
	at org.apache.hadoop.ozone.client.io.OzoneOutputStream.write(OzoneOutputStream.java:49)
	at java.io.OutputStream.write(OutputStream.java:75)
	at org.apache.hadoop.ozone.client.rpc.TestMultiBlockWritesWithDnFailures.testMultiBlockWritesWithIntermittentDnFailures(TestMultiBlockWritesWithDnFailures.java:196)
	at sun.reflect.NativeMethodAccessorImpl.invoke0(Native Method)
	at sun.reflect.NativeMethodAccessorImpl.invoke(NativeMethodAccessorImpl.java:62)
	at sun.reflect.DelegatingMethodAccessorImpl.invoke(DelegatingMethodAccessorImpl.java:43)
	at java.lang.reflect.Method.invoke(Method.java:498)
	at org.junit.runners.model.FrameworkMethod$1.runReflectiveCall(FrameworkMethod.java:47)
	at org.junit.internal.runners.model.ReflectiveCallable.run(ReflectiveCallable.java:12)
	at org.junit.runners.model.FrameworkMethod.invokeExplosively(FrameworkMethod.java:44)
	at org.junit.internal.runners.statements.InvokeMethod.evaluate(InvokeMethod.java:17)
	at org.junit.internal.runners.statements.RunAfters.evaluate(RunAfters.java:27)
	at org.junit.runners.ParentRunner.runLeaf(ParentRunner.java:271)
	at org.junit.runners.BlockJUnit4ClassRunner.runChild(BlockJUnit4ClassRunner.java:70)
	at org.junit.runners.BlockJUnit4ClassRunner.runChild(BlockJUnit4ClassRunner.java:50)
	at org.junit.runners.ParentRunner$3.run(ParentRunner.java:238)
	at org.junit.runners.ParentRunner$1.schedule(ParentRunner.java:63)
	at org.junit.runners.ParentRunner.runChildren(ParentRunner.java:236)
	at org.junit.runners.ParentRunner.access$000(ParentRunner.java:53)
	at org.junit.runners.ParentRunner$2.evaluate(ParentRunner.java:229)
	at org.junit.runners.ParentRunner.run(ParentRunner.java:309)
	at org.apache.maven.surefire.junit4.JUnit4Provider.execute(JUnit4Provider.java:365)
	at org.apache.maven.surefire.junit4.JUnit4Provider.executeWithRerun(JUnit4Provider.java:273)
	at org.apache.maven.surefire.junit4.JUnit4Provider.executeTestSet(JUnit4Provider.java:238)
	at org.apache.maven.surefire.junit4.JUnit4Provider.invoke(JUnit4Provider.java:159)
	at org.apache.maven.surefire.booter.ForkedBooter.invokeProviderInSameClassLoader(ForkedBooter.java:384)
	at org.apache.maven.surefire.booter.ForkedBooter.runSuitesInProcess(ForkedBooter.java:345)
	at org.apache.maven.surefire.booter.ForkedBooter.execute(ForkedBooter.java:126)
	at org.apache.maven.surefire.booter.ForkedBooter.main(ForkedBooter.java:418)
</error>
    <system-out><![CDATA[2019-09-17 12:22:34,638 [main] WARN  server.ServerUtils (ServerUtils.java:getScmDbDir(145)) - ozone.scm.db.dirs is not configured. We recommend adding this setting. Falling back to ozone.metadata.dirs instead.
2019-09-17 12:22:34,731 [main] WARN  server.ServerUtils (ServerUtils.java:getScmDbDir(145)) - ozone.scm.db.dirs is not configured. We recommend adding this setting. Falling back to ozone.metadata.dirs instead.
2019-09-17 12:22:34,734 [main] WARN  server.ServerUtils (ServerUtils.java:getScmDbDir(145)) - ozone.scm.db.dirs is not configured. We recommend adding this setting. Falling back to ozone.metadata.dirs instead.
2019-09-17 12:22:34,750 [main] INFO  util.log (Log.java:initialized(192)) - Logging initialized @806ms
2019-09-17 12:22:34,842 [main] INFO  db.DBStoreBuilder (DBStoreBuilder.java:addTable(110)) - using custom profile for table: deletedBlocks
2019-09-17 12:22:34,842 [main] INFO  db.DBStoreBuilder (DBStoreBuilder.java:processTables(161)) - Using default column profile:DBProfile.DISK for Table:deletedBlocks
2019-09-17 12:22:34,843 [main] INFO  db.DBStoreBuilder (DBStoreBuilder.java:addTable(110)) - using custom profile for table: validCerts
2019-09-17 12:22:34,843 [main] INFO  db.DBStoreBuilder (DBStoreBuilder.java:processTables(161)) - Using default column profile:DBProfile.DISK for Table:validCerts
2019-09-17 12:22:34,843 [main] INFO  db.DBStoreBuilder (DBStoreBuilder.java:addTable(110)) - using custom profile for table: revokedCerts
2019-09-17 12:22:34,844 [main] INFO  db.DBStoreBuilder (DBStoreBuilder.java:processTables(161)) - Using default column profile:DBProfile.DISK for Table:revokedCerts
2019-09-17 12:22:34,855 [main] INFO  db.DBStoreBuilder (DBStoreBuilder.java:addTable(110)) - using custom profile for table: default
2019-09-17 12:22:34,856 [main] INFO  db.DBStoreBuilder (DBStoreBuilder.java:processTables(167)) - Using default column profile:DBProfile.DISK for Table:default
2019-09-17 12:22:34,857 [main] INFO  db.DBStoreBuilder (DBStoreBuilder.java:getDbProfile(198)) - Using default options. DBProfile.DISK
2019-09-17 12:22:35,219 [main] INFO  net.NodeSchemaLoader (NodeSchemaLoader.java:loadSchemaFromFile(125)) - Loading file from sun.misc.CompoundEnumeration@4218d6a3
2019-09-17 12:22:35,221 [main] INFO  net.NodeSchemaLoader (NodeSchemaLoader.java:loadSchema(171)) - Loading network topology layer schema file
2019-09-17 12:22:35,308 [main] INFO  node.SCMNodeManager (SCMNodeManager.java:<init>(114)) - Entering startup safe mode.
2019-09-17 12:22:35,397 [main] INFO  algorithms.ContainerPlacementPolicyFactory (ContainerPlacementPolicyFactory.java:getPolicy(57)) - Create container placement policy of type org.apache.hadoop.hdds.scm.container.placement.algorithms.SCMContainerPlacementRandom
2019-09-17 12:22:35,412 [main] WARN  server.ServerUtils (ServerUtils.java:getScmDbDir(145)) - ozone.scm.db.dirs is not configured. We recommend adding this setting. Falling back to ozone.metadata.dirs instead.
2019-09-17 12:22:35,507 [main] INFO  pipeline.SCMPipelineManager (SCMPipelineManager.java:initializePipelineState(128)) - No pipeline exists in current db
2019-09-17 12:22:35,511 [main] WARN  server.ServerUtils (ServerUtils.java:getScmDbDir(145)) - ozone.scm.db.dirs is not configured. We recommend adding this setting. Falling back to ozone.metadata.dirs instead.
2019-09-17 12:22:35,658 [main] WARN  events.EventQueue (EventQueue.java:fireEvent(183)) - No event handler registered for event TypedEvent{payloadType=SafeModeStatus, name='SafeModeStatus'}
2019-09-17 12:22:36,016 [main] INFO  ipc.CallQueueManager (CallQueueManager.java:<init>(84)) - Using callQueue: class java.util.concurrent.LinkedBlockingQueue, queueCapacity: 2000, scheduler: class org.apache.hadoop.ipc.DefaultRpcScheduler, ipcBackoff: false.
2019-09-17 12:22:36,043 [Socket Reader #1 for port 39730] INFO  ipc.Server (Server.java:run(1074)) - Starting Socket Reader #1 for port 39730
2019-09-17 12:22:36,186 [main] INFO  ipc.CallQueueManager (CallQueueManager.java:<init>(84)) - Using callQueue: class java.util.concurrent.LinkedBlockingQueue, queueCapacity: 2000, scheduler: class org.apache.hadoop.ipc.DefaultRpcScheduler, ipcBackoff: false.
2019-09-17 12:22:36,187 [Socket Reader #1 for port 46471] INFO  ipc.Server (Server.java:run(1074)) - Starting Socket Reader #1 for port 46471
2019-09-17 12:22:36,196 [main] INFO  ipc.CallQueueManager (CallQueueManager.java:<init>(84)) - Using callQueue: class java.util.concurrent.LinkedBlockingQueue, queueCapacity: 2000, scheduler: class org.apache.hadoop.ipc.DefaultRpcScheduler, ipcBackoff: false.
2019-09-17 12:22:36,197 [Socket Reader #1 for port 46707] INFO  ipc.Server (Server.java:run(1074)) - Starting Socket Reader #1 for port 46707
2019-09-17 12:22:36,218 [main] INFO  hdfs.DFSUtil (DFSUtil.java:httpServerTemplateForNNAndJN(1641)) - Starting Web-server for scm at: http://0.0.0.0:0
2019-09-17 12:22:36,371 [main] INFO  server.AuthenticationFilter (AuthenticationFilter.java:constructSecretProvider(240)) - Unable to initialize FileSignerSecretProvider, falling back to use random secrets.
2019-09-17 12:22:36,379 [main] WARN  http.HttpRequestLog (HttpRequestLog.java:getRequestLog(97)) - Jetty request log can only be enabled using Log4j
2019-09-17 12:22:36,386 [main] INFO  http.HttpServer2 (HttpServer2.java:addGlobalFilter(975)) - Added global filter 'safety' (class=org.apache.hadoop.http.HttpServer2$QuotingInputFilter)
2019-09-17 12:22:36,389 [main] INFO  http.HttpServer2 (HttpServer2.java:addFilter(948)) - Added filter static_user_filter (class=org.apache.hadoop.http.lib.StaticUserWebFilter$StaticUserFilter) to context scm
2019-09-17 12:22:36,389 [main] INFO  http.HttpServer2 (HttpServer2.java:addFilter(958)) - Added filter static_user_filter (class=org.apache.hadoop.http.lib.StaticUserWebFilter$StaticUserFilter) to context logs
2019-09-17 12:22:36,389 [main] INFO  http.HttpServer2 (HttpServer2.java:addFilter(958)) - Added filter static_user_filter (class=org.apache.hadoop.http.lib.StaticUserWebFilter$StaticUserFilter) to context static
2019-09-17 12:22:36,419 [main] INFO  server.StorageContainerManager (StorageContainerManager.java:start(763)) - StorageContainerLocationProtocol RPC server is listening at /0.0.0.0:46707
2019-09-17 12:22:36,476 [main] WARN  impl.MetricsConfig (MetricsConfig.java:loadFirst(134)) - Cannot locate configuration: tried hadoop-metrics2-storagecontainermanager.properties,hadoop-metrics2.properties
2019-09-17 12:22:36,489 [main] INFO  impl.MetricsSystemImpl (MetricsSystemImpl.java:startTimer(374)) - Scheduled Metric snapshot period at 10 second(s).
2019-09-17 12:22:36,489 [main] INFO  impl.MetricsSystemImpl (MetricsSystemImpl.java:start(191)) - StorageContainerManager metrics system started
2019-09-17 12:22:36,698 [main] INFO  server.SCMClientProtocolServer (SCMClientProtocolServer.java:start(151)) - RPC server for Client  is listening at /0.0.0.0:46707
2019-09-17 12:22:36,699 [IPC Server Responder] INFO  ipc.Server (Server.java:run(1314)) - IPC Server Responder: starting
2019-09-17 12:22:36,699 [IPC Server listener on 46707] INFO  ipc.Server (Server.java:run(1153)) - IPC Server listener on 46707: starting
2019-09-17 12:22:36,701 [main] INFO  server.StorageContainerManager (StorageContainerManager.java:start(773)) - ScmBlockLocationProtocol RPC server is listening at /0.0.0.0:46471
2019-09-17 12:22:36,703 [main] INFO  server.SCMBlockProtocolServer (SCMBlockProtocolServer.java:start(146)) - RPC server for Block Protocol is listening at /0.0.0.0:46471
2019-09-17 12:22:36,703 [IPC Server Responder] INFO  ipc.Server (Server.java:run(1314)) - IPC Server Responder: starting
2019-09-17 12:22:36,703 [IPC Server listener on 46471] INFO  ipc.Server (Server.java:run(1153)) - IPC Server listener on 46471: starting
2019-09-17 12:22:36,705 [main] INFO  server.StorageContainerManager (StorageContainerManager.java:start(777)) - ScmDatanodeProtocl RPC server is listening at /0.0.0.0:39730
2019-09-17 12:22:36,705 [main] INFO  server.SCMDatanodeProtocolServer (SCMDatanodeProtocolServer.java:start(191)) - RPC server for DataNodes is listening at /0.0.0.0:39730
2019-09-17 12:22:36,706 [IPC Server listener on 39730] INFO  ipc.Server (Server.java:run(1153)) - IPC Server listener on 39730: starting
2019-09-17 12:22:36,706 [IPC Server Responder] INFO  ipc.Server (Server.java:run(1314)) - IPC Server Responder: starting
2019-09-17 12:22:36,709 [main] INFO  http.HttpServer2 (HttpServer2.java:bindListener(1191)) - Jetty bound to port 40033
2019-09-17 12:22:36,710 [main] INFO  server.Server (Server.java:doStart(351)) - jetty-9.3.24.v20180605, build timestamp: 2018-06-05T17:11:56Z, git hash: 84205aa28f11a4f31f2a3b86d1bba2cc8ab69827
2019-09-17 12:22:36,749 [main] INFO  handler.ContextHandler (ContextHandler.java:doStart(781)) - Started o.e.j.s.ServletContextHandler@299321e2{/logs,file:///tmp/workdir/hadoop-ozone/integration-test/target/log,AVAILABLE}
2019-09-17 12:22:36,750 [main] INFO  handler.ContextHandler (ContextHandler.java:doStart(781)) - Started o.e.j.s.ServletContextHandler@64ba3208{/static,file:///tmp/workdir/hadoop-ozone/integration-test/target/test-classes/webapps/static,AVAILABLE}
2019-09-17 12:22:36,781 [main] INFO  handler.ContextHandler (ContextHandler.java:doStart(781)) - Started o.e.j.w.WebAppContext@5398edd0{/,file:///tmp/workdir/hadoop-ozone/integration-test/target/test-classes/webapps/scm/,AVAILABLE}{/scm}
2019-09-17 12:22:36,786 [main] INFO  server.AbstractConnector (AbstractConnector.java:doStart(278)) - Started ServerConnector@3f093abe{HTTP/1.1,[http/1.1]}{0.0.0.0:40033}
2019-09-17 12:22:36,787 [main] INFO  server.Server (Server.java:doStart(419)) - Started @2843ms
2019-09-17 12:22:36,789 [main] INFO  impl.MetricsSinkAdapter (MetricsSinkAdapter.java:start(204)) - Sink prometheus started
2019-09-17 12:22:36,789 [main] INFO  impl.MetricsSystemImpl (MetricsSystemImpl.java:registerSink(301)) - Registered sink prometheus
2019-09-17 12:22:36,791 [main] INFO  server.BaseHttpServer (BaseHttpServer.java:updateConnectorAddress(215)) - HTTP server of SCM is listening at http://0.0.0.0:40033
2019-09-17 12:22:36,797 [org.apache.hadoop.util.JvmPauseMonitor$Monitor@1095f122] INFO  util.JvmPauseMonitor (JvmPauseMonitor.java:run(188)) - Starting JVM pause monitor
2019-09-17 12:22:36,801 [main] WARN  server.ServerUtils (ServerUtils.java:getDBPath(222)) - ozone.om.db.dirs is not configured. We recommend adding this setting. Falling back to ozone.metadata.dirs instead.
2019-09-17 12:22:36,928 [main] WARN  server.ServerUtils (ServerUtils.java:getDBPath(222)) - ozone.om.db.dirs is not configured. We recommend adding this setting. Falling back to ozone.metadata.dirs instead.
2019-09-17 12:22:36,928 [main] WARN  server.ServerUtils (ServerUtils.java:getDBPath(222)) - ozone.om.db.dirs is not configured. We recommend adding this setting. Falling back to ozone.metadata.dirs instead.
2019-09-17 12:22:36,930 [main] INFO  om.OzoneManager (OzoneManager.java:setOMNodeDetails(649)) - OM Service ID is not set. Setting it to the default ID: omServiceIdDefault
2019-09-17 12:22:36,930 [main] INFO  om.OzoneManager (OzoneManager.java:setOMNodeDetails(655)) - OM Node ID is not set. Setting it to the OmStorage's OmID: 87bac637-4ddb-4f05-9feb-b3504244ea01
2019-09-17 12:22:36,932 [main] INFO  om.OzoneManager (OzoneManager.java:loadOMHAConfigs(606)) - Found matching OM address with OMServiceId: null, OMNodeId: null, RPC Address: localhost:0 and Ratis port: 9872
2019-09-17 12:22:37,629 [main] WARN  server.ServerUtils (ServerUtils.java:getDBPath(222)) - ozone.om.db.dirs is not configured. We recommend adding this setting. Falling back to ozone.metadata.dirs instead.
2019-09-17 12:22:37,635 [main] INFO  db.DBStoreBuilder (DBStoreBuilder.java:addTable(110)) - using custom profile for table: userTable
2019-09-17 12:22:37,635 [main] INFO  db.DBStoreBuilder (DBStoreBuilder.java:processTables(161)) - Using default column profile:DBProfile.DISK for Table:userTable
2019-09-17 12:22:37,636 [main] INFO  db.DBStoreBuilder (DBStoreBuilder.java:addTable(110)) - using custom profile for table: volumeTable
2019-09-17 12:22:37,636 [main] INFO  db.DBStoreBuilder (DBStoreBuilder.java:processTables(161)) - Using default column profile:DBProfile.DISK for Table:volumeTable
2019-09-17 12:22:37,636 [main] INFO  db.DBStoreBuilder (DBStoreBuilder.java:addTable(110)) - using custom profile for table: bucketTable
2019-09-17 12:22:37,636 [main] INFO  db.DBStoreBuilder (DBStoreBuilder.java:processTables(161)) - Using default column profile:DBProfile.DISK for Table:bucketTable
2019-09-17 12:22:37,637 [main] INFO  db.DBStoreBuilder (DBStoreBuilder.java:addTable(110)) - using custom profile for table: keyTable
2019-09-17 12:22:37,637 [main] INFO  db.DBStoreBuilder (DBStoreBuilder.java:processTables(161)) - Using default column profile:DBProfile.DISK for Table:keyTable
2019-09-17 12:22:37,637 [main] INFO  db.DBStoreBuilder (DBStoreBuilder.java:addTable(110)) - using custom profile for table: deletedTable
2019-09-17 12:22:37,637 [main] INFO  db.DBStoreBuilder (DBStoreBuilder.java:processTables(161)) - Using default column profile:DBProfile.DISK for Table:deletedTable
2019-09-17 12:22:37,638 [main] INFO  db.DBStoreBuilder (DBStoreBuilder.java:addTable(110)) - using custom profile for table: openKeyTable
2019-09-17 12:22:37,638 [main] INFO  db.DBStoreBuilder (DBStoreBuilder.java:processTables(161)) - Using default column profile:DBProfile.DISK for Table:openKeyTable
2019-09-17 12:22:37,638 [main] INFO  db.DBStoreBuilder (DBStoreBuilder.java:addTable(110)) - using custom profile for table: s3Table
2019-09-17 12:22:37,638 [main] INFO  db.DBStoreBuilder (DBStoreBuilder.java:processTables(161)) - Using default column profile:DBProfile.DISK for Table:s3Table
2019-09-17 12:22:37,639 [main] INFO  db.DBStoreBuilder (DBStoreBuilder.java:addTable(110)) - using custom profile for table: multipartInfoTable
2019-09-17 12:22:37,639 [main] INFO  db.DBStoreBuilder (DBStoreBuilder.java:processTables(161)) - Using default column profile:DBProfile.DISK for Table:multipartInfoTable
2019-09-17 12:22:37,639 [main] INFO  db.DBStoreBuilder (DBStoreBuilder.java:addTable(110)) - using custom profile for table: dTokenTable
2019-09-17 12:22:37,639 [main] INFO  db.DBStoreBuilder (DBStoreBuilder.java:processTables(161)) - Using default column profile:DBProfile.DISK for Table:dTokenTable
2019-09-17 12:22:37,640 [main] INFO  db.DBStoreBuilder (DBStoreBuilder.java:addTable(110)) - using custom profile for table: s3SecretTable
2019-09-17 12:22:37,640 [main] INFO  db.DBStoreBuilder (DBStoreBuilder.java:processTables(161)) - Using default column profile:DBProfile.DISK for Table:s3SecretTable
2019-09-17 12:22:37,640 [main] INFO  db.DBStoreBuilder (DBStoreBuilder.java:addTable(110)) - using custom profile for table: prefixTable
2019-09-17 12:22:37,640 [main] INFO  db.DBStoreBuilder (DBStoreBuilder.java:processTables(161)) - Using default column profile:DBProfile.DISK for Table:prefixTable
2019-09-17 12:22:37,641 [main] INFO  db.DBStoreBuilder (DBStoreBuilder.java:addTable(110)) - using custom profile for table: default
2019-09-17 12:22:37,641 [main] INFO  db.DBStoreBuilder (DBStoreBuilder.java:processTables(167)) - Using default column profile:DBProfile.DISK for Table:default
2019-09-17 12:22:37,641 [main] INFO  db.DBStoreBuilder (DBStoreBuilder.java:getDbProfile(198)) - Using default options. DBProfile.DISK
2019-09-17 12:22:38,471 [main] INFO  ipc.CallQueueManager (CallQueueManager.java:<init>(84)) - Using callQueue: class java.util.concurrent.LinkedBlockingQueue, queueCapacity: 2000, scheduler: class org.apache.hadoop.ipc.DefaultRpcScheduler, ipcBackoff: false.
2019-09-17 12:22:38,473 [Socket Reader #1 for port 35986] INFO  ipc.Server (Server.java:run(1074)) - Starting Socket Reader #1 for port 35986
2019-09-17 12:22:38,495 [main] INFO  om.OzoneManager (OzoneManager.java:start(1240)) - OzoneManager RPC server is listening at localhost/127.0.0.1:35986
2019-09-17 12:22:38,495 [main] INFO  impl.MetricsSystemImpl (MetricsSystemImpl.java:init(158)) - OzoneManager metrics system started (again)
2019-09-17 12:22:38,496 [IPC Server Responder] INFO  ipc.Server (Server.java:run(1314)) - IPC Server Responder: starting
2019-09-17 12:22:38,497 [IPC Server listener on 35986] INFO  ipc.Server (Server.java:run(1153)) - IPC Server listener on 35986: starting
2019-09-17 12:22:38,503 [main] INFO  hdfs.DFSUtil (DFSUtil.java:httpServerTemplateForNNAndJN(1641)) - Starting Web-server for ozoneManager at: http://0.0.0.0:0
2019-09-17 12:22:38,504 [main] INFO  server.AuthenticationFilter (AuthenticationFilter.java:constructSecretProvider(240)) - Unable to initialize FileSignerSecretProvider, falling back to use random secrets.
2019-09-17 12:22:38,505 [main] WARN  http.HttpRequestLog (HttpRequestLog.java:getRequestLog(97)) - Jetty request log can only be enabled using Log4j
2019-09-17 12:22:38,507 [main] INFO  http.HttpServer2 (HttpServer2.java:addGlobalFilter(975)) - Added global filter 'safety' (class=org.apache.hadoop.http.HttpServer2$QuotingInputFilter)
2019-09-17 12:22:38,509 [main] INFO  http.HttpServer2 (HttpServer2.java:addFilter(948)) - Added filter static_user_filter (class=org.apache.hadoop.http.lib.StaticUserWebFilter$StaticUserFilter) to context ozoneManager
2019-09-17 12:22:38,509 [main] INFO  http.HttpServer2 (HttpServer2.java:addFilter(958)) - Added filter static_user_filter (class=org.apache.hadoop.http.lib.StaticUserWebFilter$StaticUserFilter) to context logs
2019-09-17 12:22:38,509 [main] INFO  http.HttpServer2 (HttpServer2.java:addFilter(958)) - Added filter static_user_filter (class=org.apache.hadoop.http.lib.StaticUserWebFilter$StaticUserFilter) to context static
2019-09-17 12:22:38,512 [main] INFO  http.HttpServer2 (HttpServer2.java:bindListener(1191)) - Jetty bound to port 37939
2019-09-17 12:22:38,512 [main] INFO  server.Server (Server.java:doStart(351)) - jetty-9.3.24.v20180605, build timestamp: 2018-06-05T17:11:56Z, git hash: 84205aa28f11a4f31f2a3b86d1bba2cc8ab69827
2019-09-17 12:22:38,514 [main] INFO  handler.ContextHandler (ContextHandler.java:doStart(781)) - Started o.e.j.s.ServletContextHandler@74fe5966{/logs,file:///tmp/workdir/hadoop-ozone/integration-test/target/log,AVAILABLE}
2019-09-17 12:22:38,515 [main] INFO  handler.ContextHandler (ContextHandler.java:doStart(781)) - Started o.e.j.s.ServletContextHandler@677b8e13{/static,file:///tmp/workdir/hadoop-ozone/integration-test/target/test-classes/webapps/static,AVAILABLE}
2019-09-17 12:22:38,521 [main] INFO  handler.ContextHandler (ContextHandler.java:doStart(781)) - Started o.e.j.w.WebAppContext@55b8dbda{/,file:///tmp/workdir/hadoop-ozone/integration-test/target/test-classes/webapps/ozoneManager/,AVAILABLE}{/ozoneManager}
2019-09-17 12:22:38,522 [main] INFO  server.AbstractConnector (AbstractConnector.java:doStart(278)) - Started ServerConnector@3b569985{HTTP/1.1,[http/1.1]}{0.0.0.0:37939}
2019-09-17 12:22:38,522 [main] INFO  server.Server (Server.java:doStart(419)) - Started @4578ms
2019-09-17 12:22:38,524 [main] WARN  impl.MetricsSystemImpl (MetricsSystemImpl.java:register(276)) - Sink prometheus already exists!
2019-09-17 12:22:38,524 [main] INFO  server.BaseHttpServer (BaseHttpServer.java:updateConnectorAddress(215)) - HTTP server of OZONEMANAGER is listening at http://0.0.0.0:37939
2019-09-17 12:22:38,867 [main] INFO  impl.MetricsSystemImpl (MetricsSystemImpl.java:init(158)) - HddsDatanode metrics system started (again)
2019-09-17 12:22:38,918 [main] INFO  ozone.HddsDatanodeService (HddsDatanodeService.java:start(184)) - HddsDatanodeService host:pr-hdds-2136-chhj8-2666454444 ip:192.168.5.130
2019-09-17 12:22:38,954 [main] INFO  volume.HddsVolume (HddsVolume.java:<init>(176)) - Creating Volume: /tmp/workdir/hadoop-ozone/integration-test/target/test-dir/MiniOzoneClusterImpl-97cb6072-9315-4ed4-9dbe-1bfff40012a1/datanode-0/data/containers/hdds of  storage type : DISK and capacity : 1482555576320
2019-09-17 12:22:38,957 [main] INFO  volume.VolumeSet (VolumeSet.java:initializeVolumeSet(170)) - Added Volume : /tmp/workdir/hadoop-ozone/integration-test/target/test-dir/MiniOzoneClusterImpl-97cb6072-9315-4ed4-9dbe-1bfff40012a1/datanode-0/data/containers/hdds to VolumeSet
2019-09-17 12:22:38,960 [main] INFO  volume.ThrottledAsyncChecker (ThrottledAsyncChecker.java:schedule(139)) - Scheduling a check for org.apache.hadoop.ozone.container.common.volume.HddsVolume@53ac845a
2019-09-17 12:22:38,982 [main] INFO  volume.HddsVolumeChecker (HddsVolumeChecker.java:checkAllVolumes(202)) - Scheduled health check for volume org.apache.hadoop.ozone.container.common.volume.HddsVolume@53ac845a
2019-09-17 12:22:39,106 [main] INFO  impl.RaftServerProxy (ConfUtils.java:logGet(43)) - raft.rpc.type = GRPC (default)
2019-09-17 12:22:39,179 [main] INFO  grpc.GrpcFactory (GrpcFactory.java:checkPooledByteBufAllocatorUseCacheForAllThreads(45)) - PERFORMANCE WARNING: useCacheForAllThreads is true that may cause Netty to create a lot garbage objects and, as a result, trigger GC.
	It is recommended to disable useCacheForAllThreads by setting -Dorg.apache.ratis.thirdparty.io.netty.allocator.useCacheForAllThreads=false in command line.
2019-09-17 12:22:39,185 [main] INFO  grpc.GrpcConfigKeys$Server (ConfUtils.java:logGet(43)) - raft.grpc.server.port = 0 (default)
2019-09-17 12:22:39,186 [main] INFO  server.GrpcService (ConfUtils.java:logGet(43)) - raft.grpc.message.size.max = 33570816 (custom)
2019-09-17 12:22:39,187 [main] INFO  server.RaftServerConfigKeys (ConfUtils.java:logGet(43)) - raft.server.log.appender.buffer.byte-limit = 33554432 (custom)
2019-09-17 12:22:39,188 [main] INFO  server.GrpcService (ConfUtils.java:logGet(43)) - raft.grpc.flow.control.window = 1MB (=1048576) (default)
2019-09-17 12:22:39,189 [main] INFO  server.RaftServerConfigKeys (ConfUtils.java:logGet(43)) - raft.server.rpc.request.timeout = 3000ms (default)
2019-09-17 12:22:39,386 [main] INFO  server.RaftServerConfigKeys (ConfUtils.java:logGet(43)) - raft.server.storage.dir = [/tmp/workdir/hadoop-ozone/integration-test/target/test-dir/MiniOzoneClusterImpl-97cb6072-9315-4ed4-9dbe-1bfff40012a1/datanode-0/data/ratis] (custom)
2019-09-17 12:22:39,448 [main] INFO  hdfs.DFSUtil (DFSUtil.java:httpServerTemplateForNNAndJN(1641)) - Starting Web-server for hddsDatanode at: http://0.0.0.0:0
2019-09-17 12:22:39,450 [main] INFO  server.AuthenticationFilter (AuthenticationFilter.java:constructSecretProvider(240)) - Unable to initialize FileSignerSecretProvider, falling back to use random secrets.
2019-09-17 12:22:39,451 [main] WARN  http.HttpRequestLog (HttpRequestLog.java:getRequestLog(97)) - Jetty request log can only be enabled using Log4j
2019-09-17 12:22:39,453 [main] INFO  http.HttpServer2 (HttpServer2.java:addGlobalFilter(975)) - Added global filter 'safety' (class=org.apache.hadoop.http.HttpServer2$QuotingInputFilter)
2019-09-17 12:22:39,453 [main] INFO  http.HttpServer2 (HttpServer2.java:addFilter(948)) - Added filter static_user_filter (class=org.apache.hadoop.http.lib.StaticUserWebFilter$StaticUserFilter) to context hddsDatanode
2019-09-17 12:22:39,454 [main] INFO  http.HttpServer2 (HttpServer2.java:addFilter(958)) - Added filter static_user_filter (class=org.apache.hadoop.http.lib.StaticUserWebFilter$StaticUserFilter) to context logs
2019-09-17 12:22:39,454 [main] INFO  http.HttpServer2 (HttpServer2.java:addFilter(958)) - Added filter static_user_filter (class=org.apache.hadoop.http.lib.StaticUserWebFilter$StaticUserFilter) to context static
2019-09-17 12:22:39,455 [main] INFO  http.HttpServer2 (HttpServer2.java:bindListener(1191)) - Jetty bound to port 38004
2019-09-17 12:22:39,455 [main] INFO  server.Server (Server.java:doStart(351)) - jetty-9.3.24.v20180605, build timestamp: 2018-06-05T17:11:56Z, git hash: 84205aa28f11a4f31f2a3b86d1bba2cc8ab69827
2019-09-17 12:22:39,457 [main] INFO  handler.ContextHandler (ContextHandler.java:doStart(781)) - Started o.e.j.s.ServletContextHandler@6d1dcdff{/logs,file:///tmp/workdir/hadoop-ozone/integration-test/target/log,AVAILABLE}
2019-09-17 12:22:39,458 [main] INFO  handler.ContextHandler (ContextHandler.java:doStart(781)) - Started o.e.j.s.ServletContextHandler@7ff35a3f{/static,jar:file:/home/user/.m2/repository/org/apache/hadoop/hadoop-hdds-container-service/0.5.0-SNAPSHOT/hadoop-hdds-container-service-0.5.0-SNAPSHOT.jar!/webapps/static,AVAILABLE}
2019-09-17 12:22:39,492 [main] INFO  handler.ContextHandler (ContextHandler.java:doStart(781)) - Started o.e.j.w.WebAppContext@a66e580{/,file:///tmp/jetty-0.0.0.0-38004-hddsDatanode-_-any-7700813207065776229.dir/webapp/,AVAILABLE}{/hddsDatanode}
2019-09-17 12:22:39,492 [main] INFO  server.AbstractConnector (AbstractConnector.java:doStart(278)) - Started ServerConnector@5b852b49{HTTP/1.1,[http/1.1]}{0.0.0.0:38004}
2019-09-17 12:22:39,493 [main] INFO  server.Server (Server.java:doStart(419)) - Started @5549ms
2019-09-17 12:22:39,494 [main] WARN  impl.MetricsSystemImpl (MetricsSystemImpl.java:register(276)) - Sink prometheus already exists!
2019-09-17 12:22:39,495 [main] INFO  server.BaseHttpServer (BaseHttpServer.java:updateConnectorAddress(215)) - HTTP server of HDDSDATANODE is listening at http://0.0.0.0:38004
2019-09-17 12:22:39,496 [main] INFO  impl.MetricsSystemImpl (MetricsSystemImpl.java:init(158)) - HddsDatanode metrics system started (again)
2019-09-17 12:22:39,499 [main] INFO  ozone.HddsDatanodeService (HddsDatanodeService.java:start(184)) - HddsDatanodeService host:pr-hdds-2136-chhj8-2666454444 ip:192.168.5.130
2019-09-17 12:22:39,503 [org.apache.hadoop.util.JvmPauseMonitor$Monitor@205ff8dd] INFO  util.JvmPauseMonitor (JvmPauseMonitor.java:run(188)) - Starting JVM pause monitor
2019-09-17 12:22:39,507 [main] INFO  volume.HddsVolume (HddsVolume.java:<init>(176)) - Creating Volume: /tmp/workdir/hadoop-ozone/integration-test/target/test-dir/MiniOzoneClusterImpl-97cb6072-9315-4ed4-9dbe-1bfff40012a1/datanode-1/data/containers/hdds of  storage type : DISK and capacity : 1482555576320
2019-09-17 12:22:39,507 [main] INFO  volume.VolumeSet (VolumeSet.java:initializeVolumeSet(170)) - Added Volume : /tmp/workdir/hadoop-ozone/integration-test/target/test-dir/MiniOzoneClusterImpl-97cb6072-9315-4ed4-9dbe-1bfff40012a1/datanode-1/data/containers/hdds to VolumeSet
2019-09-17 12:22:39,508 [main] INFO  volume.ThrottledAsyncChecker (ThrottledAsyncChecker.java:schedule(139)) - Scheduling a check for org.apache.hadoop.ozone.container.common.volume.HddsVolume@5bc28f40
2019-09-17 12:22:39,509 [main] INFO  volume.HddsVolumeChecker (HddsVolumeChecker.java:checkAllVolumes(202)) - Scheduled health check for volume org.apache.hadoop.ozone.container.common.volume.HddsVolume@5bc28f40
2019-09-17 12:22:39,523 [main] INFO  impl.RaftServerProxy (ConfUtils.java:logGet(43)) - raft.rpc.type = GRPC (default)
2019-09-17 12:22:39,524 [main] INFO  grpc.GrpcFactory (GrpcFactory.java:checkPooledByteBufAllocatorUseCacheForAllThreads(45)) - PERFORMANCE WARNING: useCacheForAllThreads is true that may cause Netty to create a lot garbage objects and, as a result, trigger GC.
	It is recommended to disable useCacheForAllThreads by setting -Dorg.apache.ratis.thirdparty.io.netty.allocator.useCacheForAllThreads=false in command line.
2019-09-17 12:22:39,524 [main] INFO  grpc.GrpcConfigKeys$Server (ConfUtils.java:logGet(43)) - raft.grpc.server.port = 0 (default)
2019-09-17 12:22:39,524 [main] INFO  server.GrpcService (ConfUtils.java:logGet(43)) - raft.grpc.message.size.max = 33570816 (custom)
2019-09-17 12:22:39,524 [main] INFO  server.RaftServerConfigKeys (ConfUtils.java:logGet(43)) - raft.server.log.appender.buffer.byte-limit = 33554432 (custom)
2019-09-17 12:22:39,525 [main] INFO  server.GrpcService (ConfUtils.java:logGet(43)) - raft.grpc.flow.control.window = 1MB (=1048576) (default)
2019-09-17 12:22:39,525 [main] INFO  server.RaftServerConfigKeys (ConfUtils.java:logGet(43)) - raft.server.rpc.request.timeout = 3000ms (default)
2019-09-17 12:22:39,526 [main] INFO  server.RaftServerConfigKeys (ConfUtils.java:logGet(43)) - raft.server.storage.dir = [/tmp/workdir/hadoop-ozone/integration-test/target/test-dir/MiniOzoneClusterImpl-97cb6072-9315-4ed4-9dbe-1bfff40012a1/datanode-1/data/ratis] (custom)
2019-09-17 12:22:39,527 [main] INFO  hdfs.DFSUtil (DFSUtil.java:httpServerTemplateForNNAndJN(1641)) - Starting Web-server for hddsDatanode at: http://0.0.0.0:0
2019-09-17 12:22:39,528 [main] INFO  server.AuthenticationFilter (AuthenticationFilter.java:constructSecretProvider(240)) - Unable to initialize FileSignerSecretProvider, falling back to use random secrets.
2019-09-17 12:22:39,529 [main] WARN  http.HttpRequestLog (HttpRequestLog.java:getRequestLog(97)) - Jetty request log can only be enabled using Log4j
2019-09-17 12:22:39,532 [main] INFO  http.HttpServer2 (HttpServer2.java:addGlobalFilter(975)) - Added global filter 'safety' (class=org.apache.hadoop.http.HttpServer2$QuotingInputFilter)
2019-09-17 12:22:39,532 [main] INFO  http.HttpServer2 (HttpServer2.java:addFilter(948)) - Added filter static_user_filter (class=org.apache.hadoop.http.lib.StaticUserWebFilter$StaticUserFilter) to context hddsDatanode
2019-09-17 12:22:39,532 [main] INFO  http.HttpServer2 (HttpServer2.java:addFilter(958)) - Added filter static_user_filter (class=org.apache.hadoop.http.lib.StaticUserWebFilter$StaticUserFilter) to context static
2019-09-17 12:22:39,533 [main] INFO  http.HttpServer2 (HttpServer2.java:addFilter(958)) - Added filter static_user_filter (class=org.apache.hadoop.http.lib.StaticUserWebFilter$StaticUserFilter) to context logs
2019-09-17 12:22:39,533 [main] INFO  http.HttpServer2 (HttpServer2.java:bindListener(1191)) - Jetty bound to port 45841
2019-09-17 12:22:39,534 [main] INFO  server.Server (Server.java:doStart(351)) - jetty-9.3.24.v20180605, build timestamp: 2018-06-05T17:11:56Z, git hash: 84205aa28f11a4f31f2a3b86d1bba2cc8ab69827
2019-09-17 12:22:39,539 [main] INFO  handler.ContextHandler (ContextHandler.java:doStart(781)) - Started o.e.j.s.ServletContextHandler@6cd64ee8{/logs,file:///tmp/workdir/hadoop-ozone/integration-test/target/log,AVAILABLE}
2019-09-17 12:22:39,540 [main] INFO  handler.ContextHandler (ContextHandler.java:doStart(781)) - Started o.e.j.s.ServletContextHandler@2f1d0bbc{/static,jar:file:/home/user/.m2/repository/org/apache/hadoop/hadoop-hdds-container-service/0.5.0-SNAPSHOT/hadoop-hdds-container-service-0.5.0-SNAPSHOT.jar!/webapps/static,AVAILABLE}
2019-09-17 12:22:39,571 [main] INFO  handler.ContextHandler (ContextHandler.java:doStart(781)) - Started o.e.j.w.WebAppContext@59072e9d{/,file:///tmp/jetty-0.0.0.0-45841-hddsDatanode-_-any-2084421930573460676.dir/webapp/,AVAILABLE}{/hddsDatanode}
2019-09-17 12:22:39,573 [main] INFO  server.AbstractConnector (AbstractConnector.java:doStart(278)) - Started ServerConnector@58472096{HTTP/1.1,[http/1.1]}{0.0.0.0:45841}
2019-09-17 12:22:39,574 [main] INFO  server.Server (Server.java:doStart(419)) - Started @5629ms
2019-09-17 12:22:39,574 [main] WARN  impl.MetricsSystemImpl (MetricsSystemImpl.java:register(276)) - Sink prometheus already exists!
2019-09-17 12:22:39,575 [main] INFO  server.BaseHttpServer (BaseHttpServer.java:updateConnectorAddress(215)) - HTTP server of HDDSDATANODE is listening at http://0.0.0.0:45841
2019-09-17 12:22:39,575 [main] INFO  impl.MetricsSystemImpl (MetricsSystemImpl.java:init(158)) - HddsDatanode metrics system started (again)
2019-09-17 12:22:39,577 [org.apache.hadoop.util.JvmPauseMonitor$Monitor@714e4a1b] INFO  util.JvmPauseMonitor (JvmPauseMonitor.java:run(188)) - Starting JVM pause monitor
2019-09-17 12:22:39,578 [main] INFO  ozone.HddsDatanodeService (HddsDatanodeService.java:start(184)) - HddsDatanodeService host:pr-hdds-2136-chhj8-2666454444 ip:192.168.5.130
2019-09-17 12:22:39,586 [main] INFO  volume.HddsVolume (HddsVolume.java:<init>(176)) - Creating Volume: /tmp/workdir/hadoop-ozone/integration-test/target/test-dir/MiniOzoneClusterImpl-97cb6072-9315-4ed4-9dbe-1bfff40012a1/datanode-2/data/containers/hdds of  storage type : DISK and capacity : 1482555576320
2019-09-17 12:22:39,586 [main] INFO  volume.VolumeSet (VolumeSet.java:initializeVolumeSet(170)) - Added Volume : /tmp/workdir/hadoop-ozone/integration-test/target/test-dir/MiniOzoneClusterImpl-97cb6072-9315-4ed4-9dbe-1bfff40012a1/datanode-2/data/containers/hdds to VolumeSet
2019-09-17 12:22:39,587 [main] INFO  volume.ThrottledAsyncChecker (ThrottledAsyncChecker.java:schedule(139)) - Scheduling a check for org.apache.hadoop.ozone.container.common.volume.HddsVolume@6cc86152
2019-09-17 12:22:39,587 [main] INFO  volume.HddsVolumeChecker (HddsVolumeChecker.java:checkAllVolumes(202)) - Scheduled health check for volume org.apache.hadoop.ozone.container.common.volume.HddsVolume@6cc86152
2019-09-17 12:22:39,602 [main] INFO  impl.RaftServerProxy (ConfUtils.java:logGet(43)) - raft.rpc.type = GRPC (default)
2019-09-17 12:22:39,602 [main] INFO  grpc.GrpcFactory (GrpcFactory.java:checkPooledByteBufAllocatorUseCacheForAllThreads(45)) - PERFORMANCE WARNING: useCacheForAllThreads is true that may cause Netty to create a lot garbage objects and, as a result, trigger GC.
	It is recommended to disable useCacheForAllThreads by setting -Dorg.apache.ratis.thirdparty.io.netty.allocator.useCacheForAllThreads=false in command line.
2019-09-17 12:22:39,603 [main] INFO  grpc.GrpcConfigKeys$Server (ConfUtils.java:logGet(43)) - raft.grpc.server.port = 0 (default)
2019-09-17 12:22:39,603 [main] INFO  server.GrpcService (ConfUtils.java:logGet(43)) - raft.grpc.message.size.max = 33570816 (custom)
2019-09-17 12:22:39,603 [main] INFO  server.RaftServerConfigKeys (ConfUtils.java:logGet(43)) - raft.server.log.appender.buffer.byte-limit = 33554432 (custom)
2019-09-17 12:22:39,603 [main] INFO  server.GrpcService (ConfUtils.java:logGet(43)) - raft.grpc.flow.control.window = 1MB (=1048576) (default)
2019-09-17 12:22:39,604 [main] INFO  server.RaftServerConfigKeys (ConfUtils.java:logGet(43)) - raft.server.rpc.request.timeout = 3000ms (default)
2019-09-17 12:22:39,604 [main] INFO  server.RaftServerConfigKeys (ConfUtils.java:logGet(43)) - raft.server.storage.dir = [/tmp/workdir/hadoop-ozone/integration-test/target/test-dir/MiniOzoneClusterImpl-97cb6072-9315-4ed4-9dbe-1bfff40012a1/datanode-2/data/ratis] (custom)
2019-09-17 12:22:39,607 [main] INFO  hdfs.DFSUtil (DFSUtil.java:httpServerTemplateForNNAndJN(1641)) - Starting Web-server for hddsDatanode at: http://0.0.0.0:0
2019-09-17 12:22:39,608 [main] INFO  server.AuthenticationFilter (AuthenticationFilter.java:constructSecretProvider(240)) - Unable to initialize FileSignerSecretProvider, falling back to use random secrets.
2019-09-17 12:22:39,609 [main] WARN  http.HttpRequestLog (HttpRequestLog.java:getRequestLog(97)) - Jetty request log can only be enabled using Log4j
2019-09-17 12:22:39,611 [main] INFO  http.HttpServer2 (HttpServer2.java:addGlobalFilter(975)) - Added global filter 'safety' (class=org.apache.hadoop.http.HttpServer2$QuotingInputFilter)
2019-09-17 12:22:39,611 [main] INFO  http.HttpServer2 (HttpServer2.java:addFilter(948)) - Added filter static_user_filter (class=org.apache.hadoop.http.lib.StaticUserWebFilter$StaticUserFilter) to context hddsDatanode
2019-09-17 12:22:39,612 [main] INFO  http.HttpServer2 (HttpServer2.java:addFilter(958)) - Added filter static_user_filter (class=org.apache.hadoop.http.lib.StaticUserWebFilter$StaticUserFilter) to context logs
2019-09-17 12:22:39,612 [main] INFO  http.HttpServer2 (HttpServer2.java:addFilter(958)) - Added filter static_user_filter (class=org.apache.hadoop.http.lib.StaticUserWebFilter$StaticUserFilter) to context static
2019-09-17 12:22:39,612 [main] INFO  http.HttpServer2 (HttpServer2.java:bindListener(1191)) - Jetty bound to port 44716
2019-09-17 12:22:39,613 [main] INFO  server.Server (Server.java:doStart(351)) - jetty-9.3.24.v20180605, build timestamp: 2018-06-05T17:11:56Z, git hash: 84205aa28f11a4f31f2a3b86d1bba2cc8ab69827
2019-09-17 12:22:39,614 [main] INFO  handler.ContextHandler (ContextHandler.java:doStart(781)) - Started o.e.j.s.ServletContextHandler@77b919a3{/logs,file:///tmp/workdir/hadoop-ozone/integration-test/target/log,AVAILABLE}
2019-09-17 12:22:39,615 [main] INFO  handler.ContextHandler (ContextHandler.java:doStart(781)) - Started o.e.j.s.ServletContextHandler@36681447{/static,jar:file:/home/user/.m2/repository/org/apache/hadoop/hadoop-hdds-container-service/0.5.0-SNAPSHOT/hadoop-hdds-container-service-0.5.0-SNAPSHOT.jar!/webapps/static,AVAILABLE}
2019-09-17 12:22:39,627 [Datanode State Machine Thread - 0] INFO  datanode.InitDatanodeState (InitDatanodeState.java:persistContainerDatanodeDetails(140)) - DatanodeDetails is persisted to /tmp/workdir/hadoop-ozone/integration-test/target/test-dir/MiniOzoneClusterImpl-97cb6072-9315-4ed4-9dbe-1bfff40012a1/datanode-0/meta/datanode.id
2019-09-17 12:22:39,632 [Datanode State Machine Thread - 0] INFO  datanode.InitDatanodeState (InitDatanodeState.java:persistContainerDatanodeDetails(140)) - DatanodeDetails is persisted to /tmp/workdir/hadoop-ozone/integration-test/target/test-dir/MiniOzoneClusterImpl-97cb6072-9315-4ed4-9dbe-1bfff40012a1/datanode-1/meta/datanode.id
2019-09-17 12:22:39,650 [main] INFO  handler.ContextHandler (ContextHandler.java:doStart(781)) - Started o.e.j.w.WebAppContext@12e0f1cb{/,file:///tmp/jetty-0.0.0.0-44716-hddsDatanode-_-any-3531438755816872092.dir/webapp/,AVAILABLE}{/hddsDatanode}
2019-09-17 12:22:39,652 [main] INFO  server.AbstractConnector (AbstractConnector.java:doStart(278)) - Started ServerConnector@4a163575{HTTP/1.1,[http/1.1]}{0.0.0.0:44716}
2019-09-17 12:22:39,653 [main] INFO  server.Server (Server.java:doStart(419)) - Started @5709ms
2019-09-17 12:22:39,653 [main] WARN  impl.MetricsSystemImpl (MetricsSystemImpl.java:register(276)) - Sink prometheus already exists!
2019-09-17 12:22:39,654 [main] INFO  server.BaseHttpServer (BaseHttpServer.java:updateConnectorAddress(215)) - HTTP server of HDDSDATANODE is listening at http://0.0.0.0:44716
2019-09-17 12:22:39,655 [main] INFO  impl.MetricsSystemImpl (MetricsSystemImpl.java:init(158)) - HddsDatanode metrics system started (again)
2019-09-17 12:22:39,658 [org.apache.hadoop.util.JvmPauseMonitor$Monitor@65e4dc93] INFO  util.JvmPauseMonitor (JvmPauseMonitor.java:run(188)) - Starting JVM pause monitor
2019-09-17 12:22:39,658 [main] INFO  ozone.HddsDatanodeService (HddsDatanodeService.java:start(184)) - HddsDatanodeService host:pr-hdds-2136-chhj8-2666454444 ip:192.168.5.130
2019-09-17 12:22:39,660 [Datanode State Machine Thread - 0] INFO  datanode.InitDatanodeState (InitDatanodeState.java:persistContainerDatanodeDetails(140)) - DatanodeDetails is persisted to /tmp/workdir/hadoop-ozone/integration-test/target/test-dir/MiniOzoneClusterImpl-97cb6072-9315-4ed4-9dbe-1bfff40012a1/datanode-2/meta/datanode.id
2019-09-17 12:22:39,665 [main] INFO  volume.HddsVolume (HddsVolume.java:<init>(176)) - Creating Volume: /tmp/workdir/hadoop-ozone/integration-test/target/test-dir/MiniOzoneClusterImpl-97cb6072-9315-4ed4-9dbe-1bfff40012a1/datanode-3/data/containers/hdds of  storage type : DISK and capacity : 1482555576320
2019-09-17 12:22:39,666 [main] INFO  volume.VolumeSet (VolumeSet.java:initializeVolumeSet(170)) - Added Volume : /tmp/workdir/hadoop-ozone/integration-test/target/test-dir/MiniOzoneClusterImpl-97cb6072-9315-4ed4-9dbe-1bfff40012a1/datanode-3/data/containers/hdds to VolumeSet
2019-09-17 12:22:39,667 [main] INFO  volume.ThrottledAsyncChecker (ThrottledAsyncChecker.java:schedule(139)) - Scheduling a check for org.apache.hadoop.ozone.container.common.volume.HddsVolume@6540cf1d
2019-09-17 12:22:39,667 [main] INFO  volume.HddsVolumeChecker (HddsVolumeChecker.java:checkAllVolumes(202)) - Scheduled health check for volume org.apache.hadoop.ozone.container.common.volume.HddsVolume@6540cf1d
2019-09-17 12:22:39,680 [main] INFO  impl.RaftServerProxy (ConfUtils.java:logGet(43)) - raft.rpc.type = GRPC (default)
2019-09-17 12:22:39,680 [main] INFO  grpc.GrpcFactory (GrpcFactory.java:checkPooledByteBufAllocatorUseCacheForAllThreads(45)) - PERFORMANCE WARNING: useCacheForAllThreads is true that may cause Netty to create a lot garbage objects and, as a result, trigger GC.
	It is recommended to disable useCacheForAllThreads by setting -Dorg.apache.ratis.thirdparty.io.netty.allocator.useCacheForAllThreads=false in command line.
2019-09-17 12:22:39,681 [main] INFO  grpc.GrpcConfigKeys$Server (ConfUtils.java:logGet(43)) - raft.grpc.server.port = 0 (default)
2019-09-17 12:22:39,681 [main] INFO  server.GrpcService (ConfUtils.java:logGet(43)) - raft.grpc.message.size.max = 33570816 (custom)
2019-09-17 12:22:39,681 [main] INFO  server.RaftServerConfigKeys (ConfUtils.java:logGet(43)) - raft.server.log.appender.buffer.byte-limit = 33554432 (custom)
2019-09-17 12:22:39,681 [main] INFO  server.GrpcService (ConfUtils.java:logGet(43)) - raft.grpc.flow.control.window = 1MB (=1048576) (default)
2019-09-17 12:22:39,682 [main] INFO  server.RaftServerConfigKeys (ConfUtils.java:logGet(43)) - raft.server.rpc.request.timeout = 3000ms (default)
2019-09-17 12:22:39,682 [main] INFO  server.RaftServerConfigKeys (ConfUtils.java:logGet(43)) - raft.server.storage.dir = [/tmp/workdir/hadoop-ozone/integration-test/target/test-dir/MiniOzoneClusterImpl-97cb6072-9315-4ed4-9dbe-1bfff40012a1/datanode-3/data/ratis] (custom)
2019-09-17 12:22:39,684 [main] INFO  hdfs.DFSUtil (DFSUtil.java:httpServerTemplateForNNAndJN(1641)) - Starting Web-server for hddsDatanode at: http://0.0.0.0:0
2019-09-17 12:22:39,685 [main] INFO  server.AuthenticationFilter (AuthenticationFilter.java:constructSecretProvider(240)) - Unable to initialize FileSignerSecretProvider, falling back to use random secrets.
2019-09-17 12:22:39,686 [main] WARN  http.HttpRequestLog (HttpRequestLog.java:getRequestLog(97)) - Jetty request log can only be enabled using Log4j
2019-09-17 12:22:39,687 [main] INFO  http.HttpServer2 (HttpServer2.java:addGlobalFilter(975)) - Added global filter 'safety' (class=org.apache.hadoop.http.HttpServer2$QuotingInputFilter)
2019-09-17 12:22:39,688 [main] INFO  http.HttpServer2 (HttpServer2.java:addFilter(948)) - Added filter static_user_filter (class=org.apache.hadoop.http.lib.StaticUserWebFilter$StaticUserFilter) to context hddsDatanode
2019-09-17 12:22:39,688 [main] INFO  http.HttpServer2 (HttpServer2.java:addFilter(958)) - Added filter static_user_filter (class=org.apache.hadoop.http.lib.StaticUserWebFilter$StaticUserFilter) to context static
2019-09-17 12:22:39,688 [main] INFO  http.HttpServer2 (HttpServer2.java:addFilter(958)) - Added filter static_user_filter (class=org.apache.hadoop.http.lib.StaticUserWebFilter$StaticUserFilter) to context logs
2019-09-17 12:22:39,689 [main] INFO  http.HttpServer2 (HttpServer2.java:bindListener(1191)) - Jetty bound to port 40375
2019-09-17 12:22:39,689 [main] INFO  server.Server (Server.java:doStart(351)) - jetty-9.3.24.v20180605, build timestamp: 2018-06-05T17:11:56Z, git hash: 84205aa28f11a4f31f2a3b86d1bba2cc8ab69827
2019-09-17 12:22:39,695 [main] INFO  handler.ContextHandler (ContextHandler.java:doStart(781)) - Started o.e.j.s.ServletContextHandler@378cfecf{/logs,file:///tmp/workdir/hadoop-ozone/integration-test/target/log,AVAILABLE}
2019-09-17 12:22:39,696 [main] INFO  handler.ContextHandler (ContextHandler.java:doStart(781)) - Started o.e.j.s.ServletContextHandler@5e7c141d{/static,jar:file:/home/user/.m2/repository/org/apache/hadoop/hadoop-hdds-container-service/0.5.0-SNAPSHOT/hadoop-hdds-container-service-0.5.0-SNAPSHOT.jar!/webapps/static,AVAILABLE}
2019-09-17 12:22:39,727 [main] INFO  handler.ContextHandler (ContextHandler.java:doStart(781)) - Started o.e.j.w.WebAppContext@437486cd{/,file:///tmp/jetty-0.0.0.0-40375-hddsDatanode-_-any-2105535665068458637.dir/webapp/,AVAILABLE}{/hddsDatanode}
2019-09-17 12:22:39,728 [main] INFO  server.AbstractConnector (AbstractConnector.java:doStart(278)) - Started ServerConnector@15b642b9{HTTP/1.1,[http/1.1]}{0.0.0.0:40375}
2019-09-17 12:22:39,729 [main] INFO  server.Server (Server.java:doStart(419)) - Started @5785ms
2019-09-17 12:22:39,730 [main] WARN  impl.MetricsSystemImpl (MetricsSystemImpl.java:register(276)) - Sink prometheus already exists!
2019-09-17 12:22:39,731 [main] INFO  server.BaseHttpServer (BaseHttpServer.java:updateConnectorAddress(215)) - HTTP server of HDDSDATANODE is listening at http://0.0.0.0:40375
2019-09-17 12:22:39,731 [main] INFO  impl.MetricsSystemImpl (MetricsSystemImpl.java:init(158)) - HddsDatanode metrics system started (again)
2019-09-17 12:22:39,734 [org.apache.hadoop.util.JvmPauseMonitor$Monitor@32362376] INFO  util.JvmPauseMonitor (JvmPauseMonitor.java:run(188)) - Starting JVM pause monitor
2019-09-17 12:22:39,734 [main] INFO  ozone.HddsDatanodeService (HddsDatanodeService.java:start(184)) - HddsDatanodeService host:pr-hdds-2136-chhj8-2666454444 ip:192.168.5.130
2019-09-17 12:22:39,735 [Datanode State Machine Thread - 0] INFO  datanode.InitDatanodeState (InitDatanodeState.java:persistContainerDatanodeDetails(140)) - DatanodeDetails is persisted to /tmp/workdir/hadoop-ozone/integration-test/target/test-dir/MiniOzoneClusterImpl-97cb6072-9315-4ed4-9dbe-1bfff40012a1/datanode-3/meta/datanode.id
2019-09-17 12:22:39,741 [main] INFO  volume.HddsVolume (HddsVolume.java:<init>(176)) - Creating Volume: /tmp/workdir/hadoop-ozone/integration-test/target/test-dir/MiniOzoneClusterImpl-97cb6072-9315-4ed4-9dbe-1bfff40012a1/datanode-4/data/containers/hdds of  storage type : DISK and capacity : 1482555576320
2019-09-17 12:22:39,742 [main] INFO  volume.VolumeSet (VolumeSet.java:initializeVolumeSet(170)) - Added Volume : /tmp/workdir/hadoop-ozone/integration-test/target/test-dir/MiniOzoneClusterImpl-97cb6072-9315-4ed4-9dbe-1bfff40012a1/datanode-4/data/containers/hdds to VolumeSet
2019-09-17 12:22:39,742 [main] INFO  volume.ThrottledAsyncChecker (ThrottledAsyncChecker.java:schedule(139)) - Scheduling a check for org.apache.hadoop.ozone.container.common.volume.HddsVolume@748d2277
2019-09-17 12:22:39,743 [main] INFO  volume.HddsVolumeChecker (HddsVolumeChecker.java:checkAllVolumes(202)) - Scheduled health check for volume org.apache.hadoop.ozone.container.common.volume.HddsVolume@748d2277
2019-09-17 12:22:39,756 [main] INFO  impl.RaftServerProxy (ConfUtils.java:logGet(43)) - raft.rpc.type = GRPC (default)
2019-09-17 12:22:39,756 [main] INFO  grpc.GrpcFactory (GrpcFactory.java:checkPooledByteBufAllocatorUseCacheForAllThreads(45)) - PERFORMANCE WARNING: useCacheForAllThreads is true that may cause Netty to create a lot garbage objects and, as a result, trigger GC.
	It is recommended to disable useCacheForAllThreads by setting -Dorg.apache.ratis.thirdparty.io.netty.allocator.useCacheForAllThreads=false in command line.
2019-09-17 12:22:39,757 [main] INFO  grpc.GrpcConfigKeys$Server (ConfUtils.java:logGet(43)) - raft.grpc.server.port = 0 (default)
2019-09-17 12:22:39,757 [main] INFO  server.GrpcService (ConfUtils.java:logGet(43)) - raft.grpc.message.size.max = 33570816 (custom)
2019-09-17 12:22:39,757 [main] INFO  server.RaftServerConfigKeys (ConfUtils.java:logGet(43)) - raft.server.log.appender.buffer.byte-limit = 33554432 (custom)
2019-09-17 12:22:39,757 [main] INFO  server.GrpcService (ConfUtils.java:logGet(43)) - raft.grpc.flow.control.window = 1MB (=1048576) (default)
2019-09-17 12:22:39,758 [main] INFO  server.RaftServerConfigKeys (ConfUtils.java:logGet(43)) - raft.server.rpc.request.timeout = 3000ms (default)
2019-09-17 12:22:39,758 [main] INFO  server.RaftServerConfigKeys (ConfUtils.java:logGet(43)) - raft.server.storage.dir = [/tmp/workdir/hadoop-ozone/integration-test/target/test-dir/MiniOzoneClusterImpl-97cb6072-9315-4ed4-9dbe-1bfff40012a1/datanode-4/data/ratis] (custom)
2019-09-17 12:22:39,760 [main] INFO  hdfs.DFSUtil (DFSUtil.java:httpServerTemplateForNNAndJN(1641)) - Starting Web-server for hddsDatanode at: http://0.0.0.0:0
2019-09-17 12:22:39,761 [main] INFO  server.AuthenticationFilter (AuthenticationFilter.java:constructSecretProvider(240)) - Unable to initialize FileSignerSecretProvider, falling back to use random secrets.
2019-09-17 12:22:39,762 [main] WARN  http.HttpRequestLog (HttpRequestLog.java:getRequestLog(97)) - Jetty request log can only be enabled using Log4j
2019-09-17 12:22:39,764 [main] INFO  http.HttpServer2 (HttpServer2.java:addGlobalFilter(975)) - Added global filter 'safety' (class=org.apache.hadoop.http.HttpServer2$QuotingInputFilter)
2019-09-17 12:22:39,764 [main] INFO  http.HttpServer2 (HttpServer2.java:addFilter(948)) - Added filter static_user_filter (class=org.apache.hadoop.http.lib.StaticUserWebFilter$StaticUserFilter) to context hddsDatanode
2019-09-17 12:22:39,764 [main] INFO  http.HttpServer2 (HttpServer2.java:addFilter(958)) - Added filter static_user_filter (class=org.apache.hadoop.http.lib.StaticUserWebFilter$StaticUserFilter) to context static
2019-09-17 12:22:39,765 [main] INFO  http.HttpServer2 (HttpServer2.java:addFilter(958)) - Added filter static_user_filter (class=org.apache.hadoop.http.lib.StaticUserWebFilter$StaticUserFilter) to context logs
2019-09-17 12:22:39,766 [main] INFO  http.HttpServer2 (HttpServer2.java:bindListener(1191)) - Jetty bound to port 41445
2019-09-17 12:22:39,766 [main] INFO  server.Server (Server.java:doStart(351)) - jetty-9.3.24.v20180605, build timestamp: 2018-06-05T17:11:56Z, git hash: 84205aa28f11a4f31f2a3b86d1bba2cc8ab69827
2019-09-17 12:22:39,769 [main] INFO  handler.ContextHandler (ContextHandler.java:doStart(781)) - Started o.e.j.s.ServletContextHandler@6a1d3225{/logs,file:///tmp/workdir/hadoop-ozone/integration-test/target/log,AVAILABLE}
2019-09-17 12:22:39,770 [main] INFO  handler.ContextHandler (ContextHandler.java:doStart(781)) - Started o.e.j.s.ServletContextHandler@50fb33a{/static,jar:file:/home/user/.m2/repository/org/apache/hadoop/hadoop-hdds-container-service/0.5.0-SNAPSHOT/hadoop-hdds-container-service-0.5.0-SNAPSHOT.jar!/webapps/static,AVAILABLE}
2019-09-17 12:22:39,801 [main] INFO  handler.ContextHandler (ContextHandler.java:doStart(781)) - Started o.e.j.w.WebAppContext@10b1a751{/,file:///tmp/jetty-0.0.0.0-41445-hddsDatanode-_-any-6977863950120318441.dir/webapp/,AVAILABLE}{/hddsDatanode}
2019-09-17 12:22:39,802 [main] INFO  server.AbstractConnector (AbstractConnector.java:doStart(278)) - Started ServerConnector@53cf9c99{HTTP/1.1,[http/1.1]}{0.0.0.0:41445}
2019-09-17 12:22:39,804 [main] INFO  server.Server (Server.java:doStart(419)) - Started @5860ms
2019-09-17 12:22:39,804 [main] WARN  impl.MetricsSystemImpl (MetricsSystemImpl.java:register(276)) - Sink prometheus already exists!
2019-09-17 12:22:39,805 [main] INFO  server.BaseHttpServer (BaseHttpServer.java:updateConnectorAddress(215)) - HTTP server of HDDSDATANODE is listening at http://0.0.0.0:41445
2019-09-17 12:22:39,805 [main] INFO  impl.MetricsSystemImpl (MetricsSystemImpl.java:init(158)) - HddsDatanode metrics system started (again)
2019-09-17 12:22:39,808 [org.apache.hadoop.util.JvmPauseMonitor$Monitor@35d1c243] INFO  util.JvmPauseMonitor (JvmPauseMonitor.java:run(188)) - Starting JVM pause monitor
2019-09-17 12:22:39,808 [main] INFO  ozone.HddsDatanodeService (HddsDatanodeService.java:start(184)) - HddsDatanodeService host:pr-hdds-2136-chhj8-2666454444 ip:192.168.5.130
2019-09-17 12:22:39,811 [Datanode State Machine Thread - 0] INFO  datanode.InitDatanodeState (InitDatanodeState.java:persistContainerDatanodeDetails(140)) - DatanodeDetails is persisted to /tmp/workdir/hadoop-ozone/integration-test/target/test-dir/MiniOzoneClusterImpl-97cb6072-9315-4ed4-9dbe-1bfff40012a1/datanode-4/meta/datanode.id
2019-09-17 12:22:39,814 [main] INFO  volume.HddsVolume (HddsVolume.java:<init>(176)) - Creating Volume: /tmp/workdir/hadoop-ozone/integration-test/target/test-dir/MiniOzoneClusterImpl-97cb6072-9315-4ed4-9dbe-1bfff40012a1/datanode-5/data/containers/hdds of  storage type : DISK and capacity : 1482555576320
2019-09-17 12:22:39,814 [main] INFO  volume.VolumeSet (VolumeSet.java:initializeVolumeSet(170)) - Added Volume : /tmp/workdir/hadoop-ozone/integration-test/target/test-dir/MiniOzoneClusterImpl-97cb6072-9315-4ed4-9dbe-1bfff40012a1/datanode-5/data/containers/hdds to VolumeSet
2019-09-17 12:22:39,815 [main] INFO  volume.ThrottledAsyncChecker (ThrottledAsyncChecker.java:schedule(139)) - Scheduling a check for org.apache.hadoop.ozone.container.common.volume.HddsVolume@6f911326
2019-09-17 12:22:39,815 [main] INFO  volume.HddsVolumeChecker (HddsVolumeChecker.java:checkAllVolumes(202)) - Scheduled health check for volume org.apache.hadoop.ozone.container.common.volume.HddsVolume@6f911326
2019-09-17 12:22:39,832 [main] INFO  impl.RaftServerProxy (ConfUtils.java:logGet(43)) - raft.rpc.type = GRPC (default)
2019-09-17 12:22:39,832 [main] INFO  grpc.GrpcFactory (GrpcFactory.java:checkPooledByteBufAllocatorUseCacheForAllThreads(45)) - PERFORMANCE WARNING: useCacheForAllThreads is true that may cause Netty to create a lot garbage objects and, as a result, trigger GC.
	It is recommended to disable useCacheForAllThreads by setting -Dorg.apache.ratis.thirdparty.io.netty.allocator.useCacheForAllThreads=false in command line.
2019-09-17 12:22:39,832 [main] INFO  grpc.GrpcConfigKeys$Server (ConfUtils.java:logGet(43)) - raft.grpc.server.port = 0 (default)
2019-09-17 12:22:39,832 [main] INFO  server.GrpcService (ConfUtils.java:logGet(43)) - raft.grpc.message.size.max = 33570816 (custom)
2019-09-17 12:22:39,833 [main] INFO  server.RaftServerConfigKeys (ConfUtils.java:logGet(43)) - raft.server.log.appender.buffer.byte-limit = 33554432 (custom)
2019-09-17 12:22:39,833 [main] INFO  server.GrpcService (ConfUtils.java:logGet(43)) - raft.grpc.flow.control.window = 1MB (=1048576) (default)
2019-09-17 12:22:39,833 [main] INFO  server.RaftServerConfigKeys (ConfUtils.java:logGet(43)) - raft.server.rpc.request.timeout = 3000ms (default)
2019-09-17 12:22:39,834 [main] INFO  server.RaftServerConfigKeys (ConfUtils.java:logGet(43)) - raft.server.storage.dir = [/tmp/workdir/hadoop-ozone/integration-test/target/test-dir/MiniOzoneClusterImpl-97cb6072-9315-4ed4-9dbe-1bfff40012a1/datanode-5/data/ratis] (custom)
2019-09-17 12:22:39,835 [main] INFO  hdfs.DFSUtil (DFSUtil.java:httpServerTemplateForNNAndJN(1641)) - Starting Web-server for hddsDatanode at: http://0.0.0.0:0
2019-09-17 12:22:39,837 [main] INFO  server.AuthenticationFilter (AuthenticationFilter.java:constructSecretProvider(240)) - Unable to initialize FileSignerSecretProvider, falling back to use random secrets.
2019-09-17 12:22:39,837 [main] WARN  http.HttpRequestLog (HttpRequestLog.java:getRequestLog(97)) - Jetty request log can only be enabled using Log4j
2019-09-17 12:22:39,839 [main] INFO  http.HttpServer2 (HttpServer2.java:addGlobalFilter(975)) - Added global filter 'safety' (class=org.apache.hadoop.http.HttpServer2$QuotingInputFilter)
2019-09-17 12:22:39,839 [main] INFO  http.HttpServer2 (HttpServer2.java:addFilter(948)) - Added filter static_user_filter (class=org.apache.hadoop.http.lib.StaticUserWebFilter$StaticUserFilter) to context hddsDatanode
2019-09-17 12:22:39,839 [main] INFO  http.HttpServer2 (HttpServer2.java:addFilter(958)) - Added filter static_user_filter (class=org.apache.hadoop.http.lib.StaticUserWebFilter$StaticUserFilter) to context logs
2019-09-17 12:22:39,840 [main] INFO  http.HttpServer2 (HttpServer2.java:addFilter(958)) - Added filter static_user_filter (class=org.apache.hadoop.http.lib.StaticUserWebFilter$StaticUserFilter) to context static
2019-09-17 12:22:39,840 [main] INFO  http.HttpServer2 (HttpServer2.java:bindListener(1191)) - Jetty bound to port 37829
2019-09-17 12:22:39,841 [main] INFO  server.Server (Server.java:doStart(351)) - jetty-9.3.24.v20180605, build timestamp: 2018-06-05T17:11:56Z, git hash: 84205aa28f11a4f31f2a3b86d1bba2cc8ab69827
2019-09-17 12:22:39,842 [main] INFO  handler.ContextHandler (ContextHandler.java:doStart(781)) - Started o.e.j.s.ServletContextHandler@6cf0a747{/logs,file:///tmp/workdir/hadoop-ozone/integration-test/target/log,AVAILABLE}
2019-09-17 12:22:39,843 [main] INFO  handler.ContextHandler (ContextHandler.java:doStart(781)) - Started o.e.j.s.ServletContextHandler@7e53339{/static,jar:file:/home/user/.m2/repository/org/apache/hadoop/hadoop-hdds-container-service/0.5.0-SNAPSHOT/hadoop-hdds-container-service-0.5.0-SNAPSHOT.jar!/webapps/static,AVAILABLE}
2019-09-17 12:22:39,875 [main] INFO  handler.ContextHandler (ContextHandler.java:doStart(781)) - Started o.e.j.w.WebAppContext@17143b3b{/,file:///tmp/jetty-0.0.0.0-37829-hddsDatanode-_-any-2378038209308555219.dir/webapp/,AVAILABLE}{/hddsDatanode}
2019-09-17 12:22:39,877 [main] INFO  server.AbstractConnector (AbstractConnector.java:doStart(278)) - Started ServerConnector@100c8b75{HTTP/1.1,[http/1.1]}{0.0.0.0:37829}
2019-09-17 12:22:39,877 [main] INFO  server.Server (Server.java:doStart(419)) - Started @5933ms
2019-09-17 12:22:39,877 [main] WARN  impl.MetricsSystemImpl (MetricsSystemImpl.java:register(276)) - Sink prometheus already exists!
2019-09-17 12:22:39,879 [main] INFO  server.BaseHttpServer (BaseHttpServer.java:updateConnectorAddress(215)) - HTTP server of HDDSDATANODE is listening at http://0.0.0.0:37829
2019-09-17 12:22:39,879 [main] INFO  impl.MetricsSystemImpl (MetricsSystemImpl.java:init(158)) - HddsDatanode metrics system started (again)
2019-09-17 12:22:39,885 [main] INFO  ozone.HddsDatanodeService (HddsDatanodeService.java:start(184)) - HddsDatanodeService host:pr-hdds-2136-chhj8-2666454444 ip:192.168.5.130
2019-09-17 12:22:39,885 [org.apache.hadoop.util.JvmPauseMonitor$Monitor@275ba27e] INFO  util.JvmPauseMonitor (JvmPauseMonitor.java:run(188)) - Starting JVM pause monitor
2019-09-17 12:22:39,889 [Datanode State Machine Thread - 0] INFO  datanode.InitDatanodeState (InitDatanodeState.java:persistContainerDatanodeDetails(140)) - DatanodeDetails is persisted to /tmp/workdir/hadoop-ozone/integration-test/target/test-dir/MiniOzoneClusterImpl-97cb6072-9315-4ed4-9dbe-1bfff40012a1/datanode-5/meta/datanode.id
2019-09-17 12:22:39,895 [main] INFO  volume.HddsVolume (HddsVolume.java:<init>(176)) - Creating Volume: /tmp/workdir/hadoop-ozone/integration-test/target/test-dir/MiniOzoneClusterImpl-97cb6072-9315-4ed4-9dbe-1bfff40012a1/datanode-6/data/containers/hdds of  storage type : DISK and capacity : 1482555576320
2019-09-17 12:22:39,895 [main] INFO  volume.VolumeSet (VolumeSet.java:initializeVolumeSet(170)) - Added Volume : /tmp/workdir/hadoop-ozone/integration-test/target/test-dir/MiniOzoneClusterImpl-97cb6072-9315-4ed4-9dbe-1bfff40012a1/datanode-6/data/containers/hdds to VolumeSet
2019-09-17 12:22:39,895 [main] INFO  volume.ThrottledAsyncChecker (ThrottledAsyncChecker.java:schedule(139)) - Scheduling a check for org.apache.hadoop.ozone.container.common.volume.HddsVolume@7ab34619
2019-09-17 12:22:39,896 [main] INFO  volume.HddsVolumeChecker (HddsVolumeChecker.java:checkAllVolumes(202)) - Scheduled health check for volume org.apache.hadoop.ozone.container.common.volume.HddsVolume@7ab34619
2019-09-17 12:22:39,912 [main] INFO  impl.RaftServerProxy (ConfUtils.java:logGet(43)) - raft.rpc.type = GRPC (default)
2019-09-17 12:22:39,912 [main] INFO  grpc.GrpcFactory (GrpcFactory.java:checkPooledByteBufAllocatorUseCacheForAllThreads(45)) - PERFORMANCE WARNING: useCacheForAllThreads is true that may cause Netty to create a lot garbage objects and, as a result, trigger GC.
	It is recommended to disable useCacheForAllThreads by setting -Dorg.apache.ratis.thirdparty.io.netty.allocator.useCacheForAllThreads=false in command line.
2019-09-17 12:22:39,912 [main] INFO  grpc.GrpcConfigKeys$Server (ConfUtils.java:logGet(43)) - raft.grpc.server.port = 0 (default)
2019-09-17 12:22:39,912 [main] INFO  server.GrpcService (ConfUtils.java:logGet(43)) - raft.grpc.message.size.max = 33570816 (custom)
2019-09-17 12:22:39,913 [main] INFO  server.RaftServerConfigKeys (ConfUtils.java:logGet(43)) - raft.server.log.appender.buffer.byte-limit = 33554432 (custom)
2019-09-17 12:22:39,913 [main] INFO  server.GrpcService (ConfUtils.java:logGet(43)) - raft.grpc.flow.control.window = 1MB (=1048576) (default)
2019-09-17 12:22:39,913 [main] INFO  server.RaftServerConfigKeys (ConfUtils.java:logGet(43)) - raft.server.rpc.request.timeout = 3000ms (default)
2019-09-17 12:22:39,914 [main] INFO  server.RaftServerConfigKeys (ConfUtils.java:logGet(43)) - raft.server.storage.dir = [/tmp/workdir/hadoop-ozone/integration-test/target/test-dir/MiniOzoneClusterImpl-97cb6072-9315-4ed4-9dbe-1bfff40012a1/datanode-6/data/ratis] (custom)
2019-09-17 12:22:39,915 [main] INFO  hdfs.DFSUtil (DFSUtil.java:httpServerTemplateForNNAndJN(1641)) - Starting Web-server for hddsDatanode at: http://0.0.0.0:0
2019-09-17 12:22:39,916 [main] INFO  server.AuthenticationFilter (AuthenticationFilter.java:constructSecretProvider(240)) - Unable to initialize FileSignerSecretProvider, falling back to use random secrets.
2019-09-17 12:22:39,917 [main] WARN  http.HttpRequestLog (HttpRequestLog.java:getRequestLog(97)) - Jetty request log can only be enabled using Log4j
2019-09-17 12:22:39,918 [main] INFO  http.HttpServer2 (HttpServer2.java:addGlobalFilter(975)) - Added global filter 'safety' (class=org.apache.hadoop.http.HttpServer2$QuotingInputFilter)
2019-09-17 12:22:39,919 [main] INFO  http.HttpServer2 (HttpServer2.java:addFilter(948)) - Added filter static_user_filter (class=org.apache.hadoop.http.lib.StaticUserWebFilter$StaticUserFilter) to context hddsDatanode
2019-09-17 12:22:39,919 [main] INFO  http.HttpServer2 (HttpServer2.java:addFilter(958)) - Added filter static_user_filter (class=org.apache.hadoop.http.lib.StaticUserWebFilter$StaticUserFilter) to context logs
2019-09-17 12:22:39,919 [main] INFO  http.HttpServer2 (HttpServer2.java:addFilter(958)) - Added filter static_user_filter (class=org.apache.hadoop.http.lib.StaticUserWebFilter$StaticUserFilter) to context static
2019-09-17 12:22:39,920 [main] INFO  http.HttpServer2 (HttpServer2.java:bindListener(1191)) - Jetty bound to port 46300
2019-09-17 12:22:39,920 [main] INFO  server.Server (Server.java:doStart(351)) - jetty-9.3.24.v20180605, build timestamp: 2018-06-05T17:11:56Z, git hash: 84205aa28f11a4f31f2a3b86d1bba2cc8ab69827
2019-09-17 12:22:39,922 [main] INFO  handler.ContextHandler (ContextHandler.java:doStart(781)) - Started o.e.j.s.ServletContextHandler@34780cd9{/logs,file:///tmp/workdir/hadoop-ozone/integration-test/target/log,AVAILABLE}
2019-09-17 12:22:39,922 [main] INFO  handler.ContextHandler (ContextHandler.java:doStart(781)) - Started o.e.j.s.ServletContextHandler@7c8c70d6{/static,jar:file:/home/user/.m2/repository/org/apache/hadoop/hadoop-hdds-container-service/0.5.0-SNAPSHOT/hadoop-hdds-container-service-0.5.0-SNAPSHOT.jar!/webapps/static,AVAILABLE}
2019-09-17 12:22:39,960 [main] INFO  handler.ContextHandler (ContextHandler.java:doStart(781)) - Started o.e.j.w.WebAppContext@625dfff3{/,file:///tmp/jetty-0.0.0.0-46300-hddsDatanode-_-any-1967769436732772961.dir/webapp/,AVAILABLE}{/hddsDatanode}
2019-09-17 12:22:39,960 [main] INFO  server.AbstractConnector (AbstractConnector.java:doStart(278)) - Started ServerConnector@26350ea2{HTTP/1.1,[http/1.1]}{0.0.0.0:46300}
2019-09-17 12:22:39,961 [main] INFO  server.Server (Server.java:doStart(419)) - Started @6017ms
2019-09-17 12:22:39,962 [main] WARN  impl.MetricsSystemImpl (MetricsSystemImpl.java:register(276)) - Sink prometheus already exists!
2019-09-17 12:22:39,963 [main] INFO  server.BaseHttpServer (BaseHttpServer.java:updateConnectorAddress(215)) - HTTP server of HDDSDATANODE is listening at http://0.0.0.0:46300
2019-09-17 12:22:39,963 [main] INFO  impl.MetricsSystemImpl (MetricsSystemImpl.java:init(158)) - HddsDatanode metrics system started (again)
2019-09-17 12:22:39,968 [main] INFO  ozone.HddsDatanodeService (HddsDatanodeService.java:start(184)) - HddsDatanodeService host:pr-hdds-2136-chhj8-2666454444 ip:192.168.5.130
2019-09-17 12:22:39,968 [org.apache.hadoop.util.JvmPauseMonitor$Monitor@3c329a1e] INFO  util.JvmPauseMonitor (JvmPauseMonitor.java:run(188)) - Starting JVM pause monitor
2019-09-17 12:22:39,971 [Datanode State Machine Thread - 0] INFO  datanode.InitDatanodeState (InitDatanodeState.java:persistContainerDatanodeDetails(140)) - DatanodeDetails is persisted to /tmp/workdir/hadoop-ozone/integration-test/target/test-dir/MiniOzoneClusterImpl-97cb6072-9315-4ed4-9dbe-1bfff40012a1/datanode-6/meta/datanode.id
2019-09-17 12:22:39,977 [main] INFO  volume.HddsVolume (HddsVolume.java:<init>(176)) - Creating Volume: /tmp/workdir/hadoop-ozone/integration-test/target/test-dir/MiniOzoneClusterImpl-97cb6072-9315-4ed4-9dbe-1bfff40012a1/datanode-7/data/containers/hdds of  storage type : DISK and capacity : 1482555576320
2019-09-17 12:22:39,978 [main] INFO  volume.VolumeSet (VolumeSet.java:initializeVolumeSet(170)) - Added Volume : /tmp/workdir/hadoop-ozone/integration-test/target/test-dir/MiniOzoneClusterImpl-97cb6072-9315-4ed4-9dbe-1bfff40012a1/datanode-7/data/containers/hdds to VolumeSet
2019-09-17 12:22:39,978 [main] INFO  volume.ThrottledAsyncChecker (ThrottledAsyncChecker.java:schedule(139)) - Scheduling a check for org.apache.hadoop.ozone.container.common.volume.HddsVolume@3c74aa0d
2019-09-17 12:22:39,979 [main] INFO  volume.HddsVolumeChecker (HddsVolumeChecker.java:checkAllVolumes(202)) - Scheduled health check for volume org.apache.hadoop.ozone.container.common.volume.HddsVolume@3c74aa0d
2019-09-17 12:22:39,998 [main] INFO  impl.RaftServerProxy (ConfUtils.java:logGet(43)) - raft.rpc.type = GRPC (default)
2019-09-17 12:22:39,998 [main] INFO  grpc.GrpcFactory (GrpcFactory.java:checkPooledByteBufAllocatorUseCacheForAllThreads(45)) - PERFORMANCE WARNING: useCacheForAllThreads is true that may cause Netty to create a lot garbage objects and, as a result, trigger GC.
	It is recommended to disable useCacheForAllThreads by setting -Dorg.apache.ratis.thirdparty.io.netty.allocator.useCacheForAllThreads=false in command line.
2019-09-17 12:22:39,999 [main] INFO  grpc.GrpcConfigKeys$Server (ConfUtils.java:logGet(43)) - raft.grpc.server.port = 0 (default)
2019-09-17 12:22:39,999 [main] INFO  server.GrpcService (ConfUtils.java:logGet(43)) - raft.grpc.message.size.max = 33570816 (custom)
2019-09-17 12:22:39,999 [main] INFO  server.RaftServerConfigKeys (ConfUtils.java:logGet(43)) - raft.server.log.appender.buffer.byte-limit = 33554432 (custom)
2019-09-17 12:22:40,000 [main] INFO  server.GrpcService (ConfUtils.java:logGet(43)) - raft.grpc.flow.control.window = 1MB (=1048576) (default)
2019-09-17 12:22:40,000 [main] INFO  server.RaftServerConfigKeys (ConfUtils.java:logGet(43)) - raft.server.rpc.request.timeout = 3000ms (default)
2019-09-17 12:22:40,001 [main] INFO  server.RaftServerConfigKeys (ConfUtils.java:logGet(43)) - raft.server.storage.dir = [/tmp/workdir/hadoop-ozone/integration-test/target/test-dir/MiniOzoneClusterImpl-97cb6072-9315-4ed4-9dbe-1bfff40012a1/datanode-7/data/ratis] (custom)
2019-09-17 12:22:40,003 [main] INFO  hdfs.DFSUtil (DFSUtil.java:httpServerTemplateForNNAndJN(1641)) - Starting Web-server for hddsDatanode at: http://0.0.0.0:0
2019-09-17 12:22:40,004 [main] INFO  server.AuthenticationFilter (AuthenticationFilter.java:constructSecretProvider(240)) - Unable to initialize FileSignerSecretProvider, falling back to use random secrets.
2019-09-17 12:22:40,005 [main] WARN  http.HttpRequestLog (HttpRequestLog.java:getRequestLog(97)) - Jetty request log can only be enabled using Log4j
2019-09-17 12:22:40,007 [main] INFO  http.HttpServer2 (HttpServer2.java:addGlobalFilter(975)) - Added global filter 'safety' (class=org.apache.hadoop.http.HttpServer2$QuotingInputFilter)
2019-09-17 12:22:40,008 [main] INFO  http.HttpServer2 (HttpServer2.java:addFilter(948)) - Added filter static_user_filter (class=org.apache.hadoop.http.lib.StaticUserWebFilter$StaticUserFilter) to context hddsDatanode
2019-09-17 12:22:40,008 [main] INFO  http.HttpServer2 (HttpServer2.java:addFilter(958)) - Added filter static_user_filter (class=org.apache.hadoop.http.lib.StaticUserWebFilter$StaticUserFilter) to context logs
2019-09-17 12:22:40,008 [main] INFO  http.HttpServer2 (HttpServer2.java:addFilter(958)) - Added filter static_user_filter (class=org.apache.hadoop.http.lib.StaticUserWebFilter$StaticUserFilter) to context static
2019-09-17 12:22:40,009 [main] INFO  http.HttpServer2 (HttpServer2.java:bindListener(1191)) - Jetty bound to port 34499
2019-09-17 12:22:40,009 [main] INFO  server.Server (Server.java:doStart(351)) - jetty-9.3.24.v20180605, build timestamp: 2018-06-05T17:11:56Z, git hash: 84205aa28f11a4f31f2a3b86d1bba2cc8ab69827
2019-09-17 12:22:40,011 [main] INFO  handler.ContextHandler (ContextHandler.java:doStart(781)) - Started o.e.j.s.ServletContextHandler@2eeb0f9b{/logs,file:///tmp/workdir/hadoop-ozone/integration-test/target/log,AVAILABLE}
2019-09-17 12:22:40,012 [main] INFO  handler.ContextHandler (ContextHandler.java:doStart(781)) - Started o.e.j.s.ServletContextHandler@1645f294{/static,jar:file:/home/user/.m2/repository/org/apache/hadoop/hadoop-hdds-container-service/0.5.0-SNAPSHOT/hadoop-hdds-container-service-0.5.0-SNAPSHOT.jar!/webapps/static,AVAILABLE}
2019-09-17 12:22:40,052 [main] INFO  handler.ContextHandler (ContextHandler.java:doStart(781)) - Started o.e.j.w.WebAppContext@3650d4fc{/,file:///tmp/jetty-0.0.0.0-34499-hddsDatanode-_-any-5842846554183906690.dir/webapp/,AVAILABLE}{/hddsDatanode}
2019-09-17 12:22:40,052 [main] INFO  server.AbstractConnector (AbstractConnector.java:doStart(278)) - Started ServerConnector@aaa0f76{HTTP/1.1,[http/1.1]}{0.0.0.0:34499}
2019-09-17 12:22:40,054 [main] INFO  server.Server (Server.java:doStart(419)) - Started @6109ms
2019-09-17 12:22:40,054 [main] WARN  impl.MetricsSystemImpl (MetricsSystemImpl.java:register(276)) - Sink prometheus already exists!
2019-09-17 12:22:40,054 [main] INFO  server.BaseHttpServer (BaseHttpServer.java:updateConnectorAddress(215)) - HTTP server of HDDSDATANODE is listening at http://0.0.0.0:34499
2019-09-17 12:22:40,055 [main] INFO  impl.MetricsSystemImpl (MetricsSystemImpl.java:init(158)) - HddsDatanode metrics system started (again)
2019-09-17 12:22:40,059 [org.apache.hadoop.util.JvmPauseMonitor$Monitor@30b365d6] INFO  util.JvmPauseMonitor (JvmPauseMonitor.java:run(188)) - Starting JVM pause monitor
2019-09-17 12:22:40,059 [main] INFO  ozone.HddsDatanodeService (HddsDatanodeService.java:start(184)) - HddsDatanodeService host:pr-hdds-2136-chhj8-2666454444 ip:192.168.5.130
2019-09-17 12:22:40,062 [Datanode State Machine Thread - 0] INFO  datanode.InitDatanodeState (InitDatanodeState.java:persistContainerDatanodeDetails(140)) - DatanodeDetails is persisted to /tmp/workdir/hadoop-ozone/integration-test/target/test-dir/MiniOzoneClusterImpl-97cb6072-9315-4ed4-9dbe-1bfff40012a1/datanode-7/meta/datanode.id
2019-09-17 12:22:40,070 [main] INFO  volume.HddsVolume (HddsVolume.java:<init>(176)) - Creating Volume: /tmp/workdir/hadoop-ozone/integration-test/target/test-dir/MiniOzoneClusterImpl-97cb6072-9315-4ed4-9dbe-1bfff40012a1/datanode-8/data/containers/hdds of  storage type : DISK and capacity : 1482555576320
2019-09-17 12:22:40,071 [main] INFO  volume.VolumeSet (VolumeSet.java:initializeVolumeSet(170)) - Added Volume : /tmp/workdir/hadoop-ozone/integration-test/target/test-dir/MiniOzoneClusterImpl-97cb6072-9315-4ed4-9dbe-1bfff40012a1/datanode-8/data/containers/hdds to VolumeSet
2019-09-17 12:22:40,071 [main] INFO  volume.ThrottledAsyncChecker (ThrottledAsyncChecker.java:schedule(139)) - Scheduling a check for org.apache.hadoop.ozone.container.common.volume.HddsVolume@43d9f1a2
2019-09-17 12:22:40,071 [main] INFO  volume.HddsVolumeChecker (HddsVolumeChecker.java:checkAllVolumes(202)) - Scheduled health check for volume org.apache.hadoop.ozone.container.common.volume.HddsVolume@43d9f1a2
2019-09-17 12:22:40,085 [main] INFO  impl.RaftServerProxy (ConfUtils.java:logGet(43)) - raft.rpc.type = GRPC (default)
2019-09-17 12:22:40,085 [main] INFO  grpc.GrpcFactory (GrpcFactory.java:checkPooledByteBufAllocatorUseCacheForAllThreads(45)) - PERFORMANCE WARNING: useCacheForAllThreads is true that may cause Netty to create a lot garbage objects and, as a result, trigger GC.
	It is recommended to disable useCacheForAllThreads by setting -Dorg.apache.ratis.thirdparty.io.netty.allocator.useCacheForAllThreads=false in command line.
2019-09-17 12:22:40,085 [main] INFO  grpc.GrpcConfigKeys$Server (ConfUtils.java:logGet(43)) - raft.grpc.server.port = 0 (default)
2019-09-17 12:22:40,085 [main] INFO  server.GrpcService (ConfUtils.java:logGet(43)) - raft.grpc.message.size.max = 33570816 (custom)
2019-09-17 12:22:40,085 [main] INFO  server.RaftServerConfigKeys (ConfUtils.java:logGet(43)) - raft.server.log.appender.buffer.byte-limit = 33554432 (custom)
2019-09-17 12:22:40,086 [main] INFO  server.GrpcService (ConfUtils.java:logGet(43)) - raft.grpc.flow.control.window = 1MB (=1048576) (default)
2019-09-17 12:22:40,086 [main] INFO  server.RaftServerConfigKeys (ConfUtils.java:logGet(43)) - raft.server.rpc.request.timeout = 3000ms (default)
2019-09-17 12:22:40,086 [main] INFO  server.RaftServerConfigKeys (ConfUtils.java:logGet(43)) - raft.server.storage.dir = [/tmp/workdir/hadoop-ozone/integration-test/target/test-dir/MiniOzoneClusterImpl-97cb6072-9315-4ed4-9dbe-1bfff40012a1/datanode-8/data/ratis] (custom)
2019-09-17 12:22:40,088 [main] INFO  hdfs.DFSUtil (DFSUtil.java:httpServerTemplateForNNAndJN(1641)) - Starting Web-server for hddsDatanode at: http://0.0.0.0:0
2019-09-17 12:22:40,089 [main] INFO  server.AuthenticationFilter (AuthenticationFilter.java:constructSecretProvider(240)) - Unable to initialize FileSignerSecretProvider, falling back to use random secrets.
2019-09-17 12:22:40,089 [main] WARN  http.HttpRequestLog (HttpRequestLog.java:getRequestLog(97)) - Jetty request log can only be enabled using Log4j
2019-09-17 12:22:40,091 [main] INFO  http.HttpServer2 (HttpServer2.java:addGlobalFilter(975)) - Added global filter 'safety' (class=org.apache.hadoop.http.HttpServer2$QuotingInputFilter)
2019-09-17 12:22:40,091 [main] INFO  http.HttpServer2 (HttpServer2.java:addFilter(948)) - Added filter static_user_filter (class=org.apache.hadoop.http.lib.StaticUserWebFilter$StaticUserFilter) to context hddsDatanode
2019-09-17 12:22:40,091 [main] INFO  http.HttpServer2 (HttpServer2.java:addFilter(958)) - Added filter static_user_filter (class=org.apache.hadoop.http.lib.StaticUserWebFilter$StaticUserFilter) to context logs
2019-09-17 12:22:40,091 [main] INFO  http.HttpServer2 (HttpServer2.java:addFilter(958)) - Added filter static_user_filter (class=org.apache.hadoop.http.lib.StaticUserWebFilter$StaticUserFilter) to context static
2019-09-17 12:22:40,092 [main] INFO  http.HttpServer2 (HttpServer2.java:bindListener(1191)) - Jetty bound to port 34990
2019-09-17 12:22:40,092 [main] INFO  server.Server (Server.java:doStart(351)) - jetty-9.3.24.v20180605, build timestamp: 2018-06-05T17:11:56Z, git hash: 84205aa28f11a4f31f2a3b86d1bba2cc8ab69827
2019-09-17 12:22:40,094 [main] INFO  handler.ContextHandler (ContextHandler.java:doStart(781)) - Started o.e.j.s.ServletContextHandler@33425811{/logs,file:///tmp/workdir/hadoop-ozone/integration-test/target/log,AVAILABLE}
2019-09-17 12:22:40,095 [main] INFO  handler.ContextHandler (ContextHandler.java:doStart(781)) - Started o.e.j.s.ServletContextHandler@e4e1ef5{/static,jar:file:/home/user/.m2/repository/org/apache/hadoop/hadoop-hdds-container-service/0.5.0-SNAPSHOT/hadoop-hdds-container-service-0.5.0-SNAPSHOT.jar!/webapps/static,AVAILABLE}
2019-09-17 12:22:40,119 [main] INFO  handler.ContextHandler (ContextHandler.java:doStart(781)) - Started o.e.j.w.WebAppContext@12704e15{/,file:///tmp/jetty-0.0.0.0-34990-hddsDatanode-_-any-8608224228613052647.dir/webapp/,AVAILABLE}{/hddsDatanode}
2019-09-17 12:22:40,120 [main] INFO  server.AbstractConnector (AbstractConnector.java:doStart(278)) - Started ServerConnector@512575e9{HTTP/1.1,[http/1.1]}{0.0.0.0:34990}
2019-09-17 12:22:40,121 [main] INFO  server.Server (Server.java:doStart(419)) - Started @6177ms
2019-09-17 12:22:40,121 [main] WARN  impl.MetricsSystemImpl (MetricsSystemImpl.java:register(276)) - Sink prometheus already exists!
2019-09-17 12:22:40,122 [main] INFO  server.BaseHttpServer (BaseHttpServer.java:updateConnectorAddress(215)) - HTTP server of HDDSDATANODE is listening at http://0.0.0.0:34990
2019-09-17 12:22:40,122 [main] INFO  impl.MetricsSystemImpl (MetricsSystemImpl.java:init(158)) - HddsDatanode metrics system started (again)
2019-09-17 12:22:40,127 [org.apache.hadoop.util.JvmPauseMonitor$Monitor@3b49099f] INFO  util.JvmPauseMonitor (JvmPauseMonitor.java:run(188)) - Starting JVM pause monitor
2019-09-17 12:22:40,128 [main] INFO  ozone.HddsDatanodeService (HddsDatanodeService.java:start(184)) - HddsDatanodeService host:pr-hdds-2136-chhj8-2666454444 ip:192.168.5.130
2019-09-17 12:22:40,130 [Datanode State Machine Thread - 0] INFO  datanode.InitDatanodeState (InitDatanodeState.java:persistContainerDatanodeDetails(140)) - DatanodeDetails is persisted to /tmp/workdir/hadoop-ozone/integration-test/target/test-dir/MiniOzoneClusterImpl-97cb6072-9315-4ed4-9dbe-1bfff40012a1/datanode-8/meta/datanode.id
2019-09-17 12:22:40,138 [main] INFO  volume.HddsVolume (HddsVolume.java:<init>(176)) - Creating Volume: /tmp/workdir/hadoop-ozone/integration-test/target/test-dir/MiniOzoneClusterImpl-97cb6072-9315-4ed4-9dbe-1bfff40012a1/datanode-9/data/containers/hdds of  storage type : DISK and capacity : 1482555576320
2019-09-17 12:22:40,138 [main] INFO  volume.VolumeSet (VolumeSet.java:initializeVolumeSet(170)) - Added Volume : /tmp/workdir/hadoop-ozone/integration-test/target/test-dir/MiniOzoneClusterImpl-97cb6072-9315-4ed4-9dbe-1bfff40012a1/datanode-9/data/containers/hdds to VolumeSet
2019-09-17 12:22:40,138 [main] INFO  volume.ThrottledAsyncChecker (ThrottledAsyncChecker.java:schedule(139)) - Scheduling a check for org.apache.hadoop.ozone.container.common.volume.HddsVolume@67064bdc
2019-09-17 12:22:40,139 [main] INFO  volume.HddsVolumeChecker (HddsVolumeChecker.java:checkAllVolumes(202)) - Scheduled health check for volume org.apache.hadoop.ozone.container.common.volume.HddsVolume@67064bdc
2019-09-17 12:22:40,150 [main] INFO  impl.RaftServerProxy (ConfUtils.java:logGet(43)) - raft.rpc.type = GRPC (default)
2019-09-17 12:22:40,151 [main] INFO  grpc.GrpcFactory (GrpcFactory.java:checkPooledByteBufAllocatorUseCacheForAllThreads(45)) - PERFORMANCE WARNING: useCacheForAllThreads is true that may cause Netty to create a lot garbage objects and, as a result, trigger GC.
	It is recommended to disable useCacheForAllThreads by setting -Dorg.apache.ratis.thirdparty.io.netty.allocator.useCacheForAllThreads=false in command line.
2019-09-17 12:22:40,151 [main] INFO  grpc.GrpcConfigKeys$Server (ConfUtils.java:logGet(43)) - raft.grpc.server.port = 0 (default)
2019-09-17 12:22:40,151 [main] INFO  server.GrpcService (ConfUtils.java:logGet(43)) - raft.grpc.message.size.max = 33570816 (custom)
2019-09-17 12:22:40,151 [main] INFO  server.RaftServerConfigKeys (ConfUtils.java:logGet(43)) - raft.server.log.appender.buffer.byte-limit = 33554432 (custom)
2019-09-17 12:22:40,152 [main] INFO  server.GrpcService (ConfUtils.java:logGet(43)) - raft.grpc.flow.control.window = 1MB (=1048576) (default)
2019-09-17 12:22:40,152 [main] INFO  server.RaftServerConfigKeys (ConfUtils.java:logGet(43)) - raft.server.rpc.request.timeout = 3000ms (default)
2019-09-17 12:22:40,152 [main] INFO  server.RaftServerConfigKeys (ConfUtils.java:logGet(43)) - raft.server.storage.dir = [/tmp/workdir/hadoop-ozone/integration-test/target/test-dir/MiniOzoneClusterImpl-97cb6072-9315-4ed4-9dbe-1bfff40012a1/datanode-9/data/ratis] (custom)
2019-09-17 12:22:40,154 [main] INFO  hdfs.DFSUtil (DFSUtil.java:httpServerTemplateForNNAndJN(1641)) - Starting Web-server for hddsDatanode at: http://0.0.0.0:0
2019-09-17 12:22:40,155 [main] INFO  server.AuthenticationFilter (AuthenticationFilter.java:constructSecretProvider(240)) - Unable to initialize FileSignerSecretProvider, falling back to use random secrets.
2019-09-17 12:22:40,155 [main] WARN  http.HttpRequestLog (HttpRequestLog.java:getRequestLog(97)) - Jetty request log can only be enabled using Log4j
2019-09-17 12:22:40,157 [main] INFO  http.HttpServer2 (HttpServer2.java:addGlobalFilter(975)) - Added global filter 'safety' (class=org.apache.hadoop.http.HttpServer2$QuotingInputFilter)
2019-09-17 12:22:40,157 [main] INFO  http.HttpServer2 (HttpServer2.java:addFilter(948)) - Added filter static_user_filter (class=org.apache.hadoop.http.lib.StaticUserWebFilter$StaticUserFilter) to context hddsDatanode
2019-09-17 12:22:40,157 [main] INFO  http.HttpServer2 (HttpServer2.java:addFilter(958)) - Added filter static_user_filter (class=org.apache.hadoop.http.lib.StaticUserWebFilter$StaticUserFilter) to context logs
2019-09-17 12:22:40,157 [main] INFO  http.HttpServer2 (HttpServer2.java:addFilter(958)) - Added filter static_user_filter (class=org.apache.hadoop.http.lib.StaticUserWebFilter$StaticUserFilter) to context static
2019-09-17 12:22:40,158 [main] INFO  http.HttpServer2 (HttpServer2.java:bindListener(1191)) - Jetty bound to port 45661
2019-09-17 12:22:40,158 [main] INFO  server.Server (Server.java:doStart(351)) - jetty-9.3.24.v20180605, build timestamp: 2018-06-05T17:11:56Z, git hash: 84205aa28f11a4f31f2a3b86d1bba2cc8ab69827
2019-09-17 12:22:40,160 [main] INFO  handler.ContextHandler (ContextHandler.java:doStart(781)) - Started o.e.j.s.ServletContextHandler@1b7a52dd{/logs,file:///tmp/workdir/hadoop-ozone/integration-test/target/log,AVAILABLE}
2019-09-17 12:22:40,160 [main] INFO  handler.ContextHandler (ContextHandler.java:doStart(781)) - Started o.e.j.s.ServletContextHandler@5ad5be4a{/static,jar:file:/home/user/.m2/repository/org/apache/hadoop/hadoop-hdds-container-service/0.5.0-SNAPSHOT/hadoop-hdds-container-service-0.5.0-SNAPSHOT.jar!/webapps/static,AVAILABLE}
2019-09-17 12:22:40,186 [main] INFO  handler.ContextHandler (ContextHandler.java:doStart(781)) - Started o.e.j.w.WebAppContext@2c8c16c0{/,file:///tmp/jetty-0.0.0.0-45661-hddsDatanode-_-any-1093202349191555232.dir/webapp/,AVAILABLE}{/hddsDatanode}
2019-09-17 12:22:40,188 [main] INFO  server.AbstractConnector (AbstractConnector.java:doStart(278)) - Started ServerConnector@80bfa9d{HTTP/1.1,[http/1.1]}{0.0.0.0:45661}
2019-09-17 12:22:40,188 [main] INFO  server.Server (Server.java:doStart(419)) - Started @6244ms
2019-09-17 12:22:40,188 [main] WARN  impl.MetricsSystemImpl (MetricsSystemImpl.java:register(276)) - Sink prometheus already exists!
2019-09-17 12:22:40,189 [main] INFO  server.BaseHttpServer (BaseHttpServer.java:updateConnectorAddress(215)) - HTTP server of HDDSDATANODE is listening at http://0.0.0.0:45661
2019-09-17 12:22:40,194 [main] INFO  ozone.MiniOzoneClusterImpl (MiniOzoneClusterImpl.java:lambda$waitForClusterToBeReady$0(145)) - Waiting for cluster to be ready. Got 0 of 10 DN Heartbeats.
2019-09-17 12:22:40,194 [org.apache.hadoop.util.JvmPauseMonitor$Monitor@3b99ceaa] INFO  util.JvmPauseMonitor (JvmPauseMonitor.java:run(188)) - Starting JVM pause monitor
2019-09-17 12:22:40,199 [Datanode State Machine Thread - 0] INFO  datanode.InitDatanodeState (InitDatanodeState.java:persistContainerDatanodeDetails(140)) - DatanodeDetails is persisted to /tmp/workdir/hadoop-ozone/integration-test/target/test-dir/MiniOzoneClusterImpl-97cb6072-9315-4ed4-9dbe-1bfff40012a1/datanode-9/meta/datanode.id
2019-09-17 12:22:41,194 [main] INFO  ozone.MiniOzoneClusterImpl (MiniOzoneClusterImpl.java:lambda$waitForClusterToBeReady$0(145)) - Waiting for cluster to be ready. Got 0 of 10 DN Heartbeats.
2019-09-17 12:22:41,566 [Datanode State Machine Thread - 0] INFO  ozoneimpl.OzoneContainer (OzoneContainer.java:start(217)) - Attempting to start container services.
2019-09-17 12:22:41,567 [Datanode State Machine Thread - 0] INFO  ozoneimpl.OzoneContainer (OzoneContainer.java:startContainerScrub(179)) - Background container scanner has been disabled.
2019-09-17 12:22:41,567 [Datanode State Machine Thread - 0] INFO  ratis.XceiverServerRatis (XceiverServerRatis.java:start(411)) - Starting XceiverServerRatis ba884459-fbaf-490e-9b71-3c718ea82914 at port 0
2019-09-17 12:22:41,588 [Datanode State Machine Thread - 0] INFO  impl.RaftServerProxy (RaftServerProxy.java:lambda$start$3(299)) - ba884459-fbaf-490e-9b71-3c718ea82914: start RPC server
2019-09-17 12:22:41,615 [Datanode State Machine Thread - 0] INFO  ozoneimpl.OzoneContainer (OzoneContainer.java:start(217)) - Attempting to start container services.
2019-09-17 12:22:41,621 [Datanode State Machine Thread - 0] INFO  ozoneimpl.OzoneContainer (OzoneContainer.java:startContainerScrub(179)) - Background container scanner has been disabled.
2019-09-17 12:22:41,621 [Datanode State Machine Thread - 0] INFO  ratis.XceiverServerRatis (XceiverServerRatis.java:start(411)) - Starting XceiverServerRatis ed86af58-6365-40b3-a78c-ef8881f9dd1e at port 0
2019-09-17 12:22:41,632 [Datanode State Machine Thread - 0] INFO  impl.RaftServerProxy (RaftServerProxy.java:lambda$start$3(299)) - ed86af58-6365-40b3-a78c-ef8881f9dd1e: start RPC server
2019-09-17 12:22:41,692 [Datanode State Machine Thread - 0] INFO  ozoneimpl.OzoneContainer (OzoneContainer.java:start(217)) - Attempting to start container services.
2019-09-17 12:22:41,692 [Datanode State Machine Thread - 0] INFO  ozoneimpl.OzoneContainer (OzoneContainer.java:startContainerScrub(179)) - Background container scanner has been disabled.
2019-09-17 12:22:41,693 [Datanode State Machine Thread - 0] INFO  ratis.XceiverServerRatis (XceiverServerRatis.java:start(411)) - Starting XceiverServerRatis 89060399-4494-4f9b-b1c5-9635c65f7453 at port 0
2019-09-17 12:22:41,705 [Datanode State Machine Thread - 0] INFO  impl.RaftServerProxy (RaftServerProxy.java:lambda$start$3(299)) - 89060399-4494-4f9b-b1c5-9635c65f7453: start RPC server
2019-09-17 12:22:41,732 [Datanode State Machine Thread - 0] INFO  server.GrpcService (GrpcService.java:startImpl(158)) - ba884459-fbaf-490e-9b71-3c718ea82914: GrpcService started, listening on 0.0.0.0/0.0.0.0:43469
2019-09-17 12:22:41,732 [Datanode State Machine Thread - 0] INFO  server.GrpcService (GrpcService.java:startImpl(158)) - 89060399-4494-4f9b-b1c5-9635c65f7453: GrpcService started, listening on 0.0.0.0/0.0.0.0:44284
2019-09-17 12:22:41,732 [Datanode State Machine Thread - 0] INFO  server.GrpcService (GrpcService.java:startImpl(158)) - ed86af58-6365-40b3-a78c-ef8881f9dd1e: GrpcService started, listening on 0.0.0.0/0.0.0.0:38034
2019-09-17 12:22:41,733 [Datanode State Machine Thread - 0] INFO  ratis.XceiverServerRatis (XceiverServerRatis.java:start(421)) - XceiverServerRatis 89060399-4494-4f9b-b1c5-9635c65f7453 is started using port 44284
2019-09-17 12:22:41,733 [Datanode State Machine Thread - 0] INFO  ratis.XceiverServerRatis (XceiverServerRatis.java:start(421)) - XceiverServerRatis ba884459-fbaf-490e-9b71-3c718ea82914 is started using port 43469
2019-09-17 12:22:41,733 [Datanode State Machine Thread - 0] INFO  ratis.XceiverServerRatis (XceiverServerRatis.java:start(421)) - XceiverServerRatis ed86af58-6365-40b3-a78c-ef8881f9dd1e is started using port 38034
2019-09-17 12:22:41,741 [Datanode State Machine Thread - 0] INFO  server.XceiverServerGrpc (XceiverServerGrpc.java:start(163)) - XceiverServerGrpc 89060399-4494-4f9b-b1c5-9635c65f7453 is started using port 46495
2019-09-17 12:22:41,741 [Datanode State Machine Thread - 0] INFO  server.XceiverServerGrpc (XceiverServerGrpc.java:start(163)) - XceiverServerGrpc ba884459-fbaf-490e-9b71-3c718ea82914 is started using port 42514
2019-09-17 12:22:41,741 [Datanode State Machine Thread - 0] INFO  server.XceiverServerGrpc (XceiverServerGrpc.java:start(163)) - XceiverServerGrpc ed86af58-6365-40b3-a78c-ef8881f9dd1e is started using port 45662
2019-09-17 12:22:41,771 [Datanode State Machine Thread - 0] INFO  ozoneimpl.OzoneContainer (OzoneContainer.java:start(217)) - Attempting to start container services.
2019-09-17 12:22:41,771 [Datanode State Machine Thread - 0] INFO  ozoneimpl.OzoneContainer (OzoneContainer.java:startContainerScrub(179)) - Background container scanner has been disabled.
2019-09-17 12:22:41,772 [Datanode State Machine Thread - 0] INFO  ratis.XceiverServerRatis (XceiverServerRatis.java:start(411)) - Starting XceiverServerRatis 50fefd0a-f6ac-4da1-9b01-f02eab2da215 at port 0
2019-09-17 12:22:41,779 [Datanode State Machine Thread - 0] INFO  impl.RaftServerProxy (RaftServerProxy.java:lambda$start$3(299)) - 50fefd0a-f6ac-4da1-9b01-f02eab2da215: start RPC server
2019-09-17 12:22:41,782 [Datanode State Machine Thread - 0] INFO  server.GrpcService (GrpcService.java:startImpl(158)) - 50fefd0a-f6ac-4da1-9b01-f02eab2da215: GrpcService started, listening on 0.0.0.0/0.0.0.0:44878
2019-09-17 12:22:41,782 [Datanode State Machine Thread - 0] INFO  ratis.XceiverServerRatis (XceiverServerRatis.java:start(421)) - XceiverServerRatis 50fefd0a-f6ac-4da1-9b01-f02eab2da215 is started using port 44878
2019-09-17 12:22:41,785 [Datanode State Machine Thread - 0] INFO  server.XceiverServerGrpc (XceiverServerGrpc.java:start(163)) - XceiverServerGrpc 50fefd0a-f6ac-4da1-9b01-f02eab2da215 is started using port 40047
2019-09-17 12:22:41,841 [Datanode State Machine Thread - 0] INFO  ozoneimpl.OzoneContainer (OzoneContainer.java:start(217)) - Attempting to start container services.
2019-09-17 12:22:41,842 [Datanode State Machine Thread - 0] INFO  ozoneimpl.OzoneContainer (OzoneContainer.java:startContainerScrub(179)) - Background container scanner has been disabled.
2019-09-17 12:22:41,842 [Datanode State Machine Thread - 0] INFO  ratis.XceiverServerRatis (XceiverServerRatis.java:start(411)) - Starting XceiverServerRatis c072a5df-2c45-4bc3-84a6-bf78352fd232 at port 0
2019-09-17 12:22:41,849 [Datanode State Machine Thread - 0] INFO  impl.RaftServerProxy (RaftServerProxy.java:lambda$start$3(299)) - c072a5df-2c45-4bc3-84a6-bf78352fd232: start RPC server
2019-09-17 12:22:41,854 [Datanode State Machine Thread - 0] INFO  server.GrpcService (GrpcService.java:startImpl(158)) - c072a5df-2c45-4bc3-84a6-bf78352fd232: GrpcService started, listening on 0.0.0.0/0.0.0.0:39846
2019-09-17 12:22:41,855 [Datanode State Machine Thread - 0] INFO  ratis.XceiverServerRatis (XceiverServerRatis.java:start(421)) - XceiverServerRatis c072a5df-2c45-4bc3-84a6-bf78352fd232 is started using port 39846
2019-09-17 12:22:41,859 [Datanode State Machine Thread - 0] INFO  server.XceiverServerGrpc (XceiverServerGrpc.java:start(163)) - XceiverServerGrpc c072a5df-2c45-4bc3-84a6-bf78352fd232 is started using port 33010
2019-09-17 12:22:41,915 [Datanode State Machine Thread - 0] INFO  ozoneimpl.OzoneContainer (OzoneContainer.java:start(217)) - Attempting to start container services.
2019-09-17 12:22:41,915 [Datanode State Machine Thread - 0] INFO  ozoneimpl.OzoneContainer (OzoneContainer.java:startContainerScrub(179)) - Background container scanner has been disabled.
2019-09-17 12:22:41,915 [Datanode State Machine Thread - 0] INFO  ratis.XceiverServerRatis (XceiverServerRatis.java:start(411)) - Starting XceiverServerRatis a5f9b548-b989-4807-80f4-ff576b54977d at port 0
2019-09-17 12:22:41,921 [Datanode State Machine Thread - 0] INFO  impl.RaftServerProxy (RaftServerProxy.java:lambda$start$3(299)) - a5f9b548-b989-4807-80f4-ff576b54977d: start RPC server
2019-09-17 12:22:41,925 [Datanode State Machine Thread - 0] INFO  server.GrpcService (GrpcService.java:startImpl(158)) - a5f9b548-b989-4807-80f4-ff576b54977d: GrpcService started, listening on 0.0.0.0/0.0.0.0:40253
2019-09-17 12:22:41,925 [Datanode State Machine Thread - 0] INFO  ratis.XceiverServerRatis (XceiverServerRatis.java:start(421)) - XceiverServerRatis a5f9b548-b989-4807-80f4-ff576b54977d is started using port 40253
2019-09-17 12:22:41,928 [Datanode State Machine Thread - 0] INFO  server.XceiverServerGrpc (XceiverServerGrpc.java:start(163)) - XceiverServerGrpc a5f9b548-b989-4807-80f4-ff576b54977d is started using port 42476
2019-09-17 12:22:41,978 [Datanode State Machine Thread - 0] INFO  ozoneimpl.OzoneContainer (OzoneContainer.java:start(217)) - Attempting to start container services.
2019-09-17 12:22:41,979 [Datanode State Machine Thread - 0] INFO  ozoneimpl.OzoneContainer (OzoneContainer.java:startContainerScrub(179)) - Background container scanner has been disabled.
2019-09-17 12:22:41,979 [Datanode State Machine Thread - 0] INFO  ratis.XceiverServerRatis (XceiverServerRatis.java:start(411)) - Starting XceiverServerRatis ef58021b-0245-4b2a-b464-78c332d31a33 at port 0
2019-09-17 12:22:41,992 [Datanode State Machine Thread - 0] INFO  impl.RaftServerProxy (RaftServerProxy.java:lambda$start$3(299)) - ef58021b-0245-4b2a-b464-78c332d31a33: start RPC server
2019-09-17 12:22:41,998 [Datanode State Machine Thread - 0] INFO  server.GrpcService (GrpcService.java:startImpl(158)) - ef58021b-0245-4b2a-b464-78c332d31a33: GrpcService started, listening on 0.0.0.0/0.0.0.0:45449
2019-09-17 12:22:41,999 [Datanode State Machine Thread - 0] INFO  ratis.XceiverServerRatis (XceiverServerRatis.java:start(421)) - XceiverServerRatis ef58021b-0245-4b2a-b464-78c332d31a33 is started using port 45449
2019-09-17 12:22:42,002 [Datanode State Machine Thread - 0] INFO  server.XceiverServerGrpc (XceiverServerGrpc.java:start(163)) - XceiverServerGrpc ef58021b-0245-4b2a-b464-78c332d31a33 is started using port 34751
2019-09-17 12:22:42,123 [Datanode State Machine Thread - 0] INFO  ozoneimpl.OzoneContainer (OzoneContainer.java:start(217)) - Attempting to start container services.
2019-09-17 12:22:42,123 [Datanode State Machine Thread - 0] INFO  ozoneimpl.OzoneContainer (OzoneContainer.java:startContainerScrub(179)) - Background container scanner has been disabled.
2019-09-17 12:22:42,123 [Datanode State Machine Thread - 0] INFO  ratis.XceiverServerRatis (XceiverServerRatis.java:start(411)) - Starting XceiverServerRatis 7689548e-5f49-4f36-9667-e46ba21e9ae3 at port 0
2019-09-17 12:22:42,133 [Datanode State Machine Thread - 0] INFO  impl.RaftServerProxy (RaftServerProxy.java:lambda$start$3(299)) - 7689548e-5f49-4f36-9667-e46ba21e9ae3: start RPC server
2019-09-17 12:22:42,138 [Datanode State Machine Thread - 0] INFO  server.GrpcService (GrpcService.java:startImpl(158)) - 7689548e-5f49-4f36-9667-e46ba21e9ae3: GrpcService started, listening on 0.0.0.0/0.0.0.0:34520
2019-09-17 12:22:42,139 [Datanode State Machine Thread - 0] INFO  ratis.XceiverServerRatis (XceiverServerRatis.java:start(421)) - XceiverServerRatis 7689548e-5f49-4f36-9667-e46ba21e9ae3 is started using port 34520
2019-09-17 12:22:42,143 [Datanode State Machine Thread - 0] INFO  server.XceiverServerGrpc (XceiverServerGrpc.java:start(163)) - XceiverServerGrpc 7689548e-5f49-4f36-9667-e46ba21e9ae3 is started using port 45738
2019-09-17 12:22:42,165 [Datanode State Machine Thread - 0] INFO  ozoneimpl.OzoneContainer (OzoneContainer.java:start(217)) - Attempting to start container services.
2019-09-17 12:22:42,165 [Datanode State Machine Thread - 0] INFO  ozoneimpl.OzoneContainer (OzoneContainer.java:startContainerScrub(179)) - Background container scanner has been disabled.
2019-09-17 12:22:42,165 [Datanode State Machine Thread - 0] INFO  ratis.XceiverServerRatis (XceiverServerRatis.java:start(411)) - Starting XceiverServerRatis 84b9980c-7545-47f2-8f8d-7bdb4cb4587c at port 0
2019-09-17 12:22:42,172 [Datanode State Machine Thread - 0] INFO  impl.RaftServerProxy (RaftServerProxy.java:lambda$start$3(299)) - 84b9980c-7545-47f2-8f8d-7bdb4cb4587c: start RPC server
2019-09-17 12:22:42,186 [Datanode State Machine Thread - 0] INFO  server.GrpcService (GrpcService.java:startImpl(158)) - 84b9980c-7545-47f2-8f8d-7bdb4cb4587c: GrpcService started, listening on 0.0.0.0/0.0.0.0:43486
2019-09-17 12:22:42,186 [Datanode State Machine Thread - 0] INFO  ratis.XceiverServerRatis (XceiverServerRatis.java:start(421)) - XceiverServerRatis 84b9980c-7545-47f2-8f8d-7bdb4cb4587c is started using port 43486
2019-09-17 12:22:42,192 [Datanode State Machine Thread - 0] INFO  server.XceiverServerGrpc (XceiverServerGrpc.java:start(163)) - XceiverServerGrpc 84b9980c-7545-47f2-8f8d-7bdb4cb4587c is started using port 45859
2019-09-17 12:22:42,196 [main] INFO  ozone.MiniOzoneClusterImpl (MiniOzoneClusterImpl.java:lambda$waitForClusterToBeReady$0(145)) - Waiting for cluster to be ready. Got 0 of 10 DN Heartbeats.
2019-09-17 12:22:42,232 [Datanode State Machine Thread - 0] INFO  ozoneimpl.OzoneContainer (OzoneContainer.java:start(217)) - Attempting to start container services.
2019-09-17 12:22:42,232 [Datanode State Machine Thread - 0] INFO  ozoneimpl.OzoneContainer (OzoneContainer.java:startContainerScrub(179)) - Background container scanner has been disabled.
2019-09-17 12:22:42,233 [Datanode State Machine Thread - 0] INFO  ratis.XceiverServerRatis (XceiverServerRatis.java:start(411)) - Starting XceiverServerRatis 0cdf7b9a-92f5-4bda-bda9-a502d9c924f1 at port 0
2019-09-17 12:22:42,239 [Datanode State Machine Thread - 0] INFO  impl.RaftServerProxy (RaftServerProxy.java:lambda$start$3(299)) - 0cdf7b9a-92f5-4bda-bda9-a502d9c924f1: start RPC server
2019-09-17 12:22:42,244 [Datanode State Machine Thread - 0] INFO  server.GrpcService (GrpcService.java:startImpl(158)) - 0cdf7b9a-92f5-4bda-bda9-a502d9c924f1: GrpcService started, listening on 0.0.0.0/0.0.0.0:42251
2019-09-17 12:22:42,244 [Datanode State Machine Thread - 0] INFO  ratis.XceiverServerRatis (XceiverServerRatis.java:start(421)) - XceiverServerRatis 0cdf7b9a-92f5-4bda-bda9-a502d9c924f1 is started using port 42251
2019-09-17 12:22:42,261 [Datanode State Machine Thread - 0] INFO  server.XceiverServerGrpc (XceiverServerGrpc.java:start(163)) - XceiverServerGrpc 0cdf7b9a-92f5-4bda-bda9-a502d9c924f1 is started using port 33042
2019-09-17 12:22:43,197 [main] INFO  ozone.MiniOzoneClusterImpl (MiniOzoneClusterImpl.java:lambda$waitForClusterToBeReady$0(145)) - Waiting for cluster to be ready. Got 0 of 10 DN Heartbeats.
2019-09-17 12:22:43,551 [IPC Server handler 4 on 39730] INFO  net.NetworkTopology (NetworkTopologyImpl.java:add(111)) - Added a new node: /default-rack/ba884459-fbaf-490e-9b71-3c718ea82914
2019-09-17 12:22:43,552 [IPC Server handler 4 on 39730] INFO  node.SCMNodeManager (SCMNodeManager.java:register(266)) - Registered Data node : ba884459-fbaf-490e-9b71-3c718ea82914{ip: 192.168.5.130, host: pr-hdds-2136-chhj8-2666454444, networkLocation: /default-rack, certSerialId: null}
2019-09-17 12:22:43,559 [EventQueue-NodeRegistrationContainerReportForDataNodeSafeModeRule] INFO  safemode.SCMSafeModeManager (DataNodeSafeModeRule.java:process(71)) - SCM in safe mode. 1 DataNodes registered, 1 required.
2019-09-17 12:22:43,559 [EventQueue-NodeRegistrationContainerReportForDataNodeSafeModeRule] INFO  safemode.SCMSafeModeManager (SCMSafeModeManager.java:validateSafeModeExitRules(177)) - ScmSafeModeManager, all rules are successfully validated
2019-09-17 12:22:43,559 [EventQueue-NodeRegistrationContainerReportForDataNodeSafeModeRule] INFO  safemode.SCMSafeModeManager (SCMSafeModeManager.java:exitSafeMode(193)) - SCM exiting safe mode.
2019-09-17 12:22:43,584 [IPC Server handler 5 on 39730] INFO  net.NetworkTopology (NetworkTopologyImpl.java:add(111)) - Added a new node: /default-rack/ed86af58-6365-40b3-a78c-ef8881f9dd1e
2019-09-17 12:22:43,585 [IPC Server handler 5 on 39730] INFO  node.SCMNodeManager (SCMNodeManager.java:register(266)) - Registered Data node : ed86af58-6365-40b3-a78c-ef8881f9dd1e{ip: 192.168.5.130, host: pr-hdds-2136-chhj8-2666454444, networkLocation: /default-rack, certSerialId: null}
2019-09-17 12:22:43,663 [IPC Server handler 10 on 39730] INFO  net.NetworkTopology (NetworkTopologyImpl.java:add(111)) - Added a new node: /default-rack/89060399-4494-4f9b-b1c5-9635c65f7453
2019-09-17 12:22:43,664 [IPC Server handler 10 on 39730] INFO  node.SCMNodeManager (SCMNodeManager.java:register(266)) - Registered Data node : 89060399-4494-4f9b-b1c5-9635c65f7453{ip: 192.168.5.130, host: pr-hdds-2136-chhj8-2666454444, networkLocation: /default-rack, certSerialId: null}
2019-09-17 12:22:43,738 [IPC Server handler 18 on 39730] INFO  net.NetworkTopology (NetworkTopologyImpl.java:add(111)) - Added a new node: /default-rack/50fefd0a-f6ac-4da1-9b01-f02eab2da215
2019-09-17 12:22:43,739 [IPC Server handler 18 on 39730] INFO  node.SCMNodeManager (SCMNodeManager.java:register(266)) - Registered Data node : 50fefd0a-f6ac-4da1-9b01-f02eab2da215{ip: 192.168.5.130, host: pr-hdds-2136-chhj8-2666454444, networkLocation: /default-rack, certSerialId: null}
2019-09-17 12:22:43,812 [IPC Server handler 17 on 39730] INFO  net.NetworkTopology (NetworkTopologyImpl.java:add(111)) - Added a new node: /default-rack/c072a5df-2c45-4bc3-84a6-bf78352fd232
2019-09-17 12:22:43,813 [IPC Server handler 17 on 39730] INFO  node.SCMNodeManager (SCMNodeManager.java:register(266)) - Registered Data node : c072a5df-2c45-4bc3-84a6-bf78352fd232{ip: 192.168.5.130, host: pr-hdds-2136-chhj8-2666454444, networkLocation: /default-rack, certSerialId: null}
2019-09-17 12:22:43,890 [IPC Server handler 0 on 39730] INFO  net.NetworkTopology (NetworkTopologyImpl.java:add(111)) - Added a new node: /default-rack/a5f9b548-b989-4807-80f4-ff576b54977d
2019-09-17 12:22:43,890 [IPC Server handler 0 on 39730] INFO  node.SCMNodeManager (SCMNodeManager.java:register(266)) - Registered Data node : a5f9b548-b989-4807-80f4-ff576b54977d{ip: 192.168.5.130, host: pr-hdds-2136-chhj8-2666454444, networkLocation: /default-rack, certSerialId: null}
2019-09-17 12:22:43,972 [IPC Server handler 1 on 39730] INFO  net.NetworkTopology (NetworkTopologyImpl.java:add(111)) - Added a new node: /default-rack/ef58021b-0245-4b2a-b464-78c332d31a33
2019-09-17 12:22:43,972 [IPC Server handler 1 on 39730] INFO  node.SCMNodeManager (SCMNodeManager.java:register(266)) - Registered Data node : ef58021b-0245-4b2a-b464-78c332d31a33{ip: 192.168.5.130, host: pr-hdds-2136-chhj8-2666454444, networkLocation: /default-rack, certSerialId: null}
2019-09-17 12:22:44,063 [IPC Server handler 2 on 39730] INFO  net.NetworkTopology (NetworkTopologyImpl.java:add(111)) - Added a new node: /default-rack/7689548e-5f49-4f36-9667-e46ba21e9ae3
2019-09-17 12:22:44,064 [IPC Server handler 2 on 39730] INFO  node.SCMNodeManager (SCMNodeManager.java:register(266)) - Registered Data node : 7689548e-5f49-4f36-9667-e46ba21e9ae3{ip: 192.168.5.130, host: pr-hdds-2136-chhj8-2666454444, networkLocation: /default-rack, certSerialId: null}
2019-09-17 12:22:44,070 [grpc-default-executor-0] INFO  impl.RaftServerProxy (RaftServerProxy.java:addNew(89)) - ba884459-fbaf-490e-9b71-3c718ea82914: addNew group-571D84A0DC15:[ba884459-fbaf-490e-9b71-3c718ea82914:192.168.5.130:43469] returns group-571D84A0DC15:java.util.concurrent.CompletableFuture@f88cf78[Not completed]
2019-09-17 12:22:44,096 [pool-27-thread-1] INFO  impl.RaftServerImpl (RaftServerImpl.java:<init>(95)) - ba884459-fbaf-490e-9b71-3c718ea82914: new RaftServerImpl for group-571D84A0DC15:[ba884459-fbaf-490e-9b71-3c718ea82914:192.168.5.130:43469] with ContainerStateMachine:uninitialized
2019-09-17 12:22:44,097 [pool-27-thread-1] INFO  server.RaftServerConfigKeys (ConfUtils.java:logGet(43)) - raft.server.rpc.timeout.min = 1s (custom)
2019-09-17 12:22:44,100 [pool-27-thread-1] INFO  server.RaftServerConfigKeys (ConfUtils.java:logGet(43)) - raft.server.rpc.timeout.max = 1200ms (custom)
2019-09-17 12:22:44,100 [pool-27-thread-1] INFO  server.RaftServerConfigKeys (ConfUtils.java:logGet(43)) - raft.server.rpcslowness.timeout = 120s (custom)
2019-09-17 12:22:44,101 [pool-27-thread-1] INFO  server.RaftServerConfigKeys (ConfUtils.java:logGet(43)) - raft.server.sleep.deviation.threshold = 300 (default)
2019-09-17 12:22:44,102 [pool-27-thread-1] INFO  server.RaftServerConfigKeys (ConfUtils.java:logGet(43)) - raft.server.log.appender.install.snapshot.enabled = false (custom)
2019-09-17 12:22:44,110 [pool-27-thread-1] INFO  impl.RaftServerImpl (ServerState.java:<init>(103)) - ba884459-fbaf-490e-9b71-3c718ea82914@group-571D84A0DC15: ConfigurationManager, init=-1: [ba884459-fbaf-490e-9b71-3c718ea82914:192.168.5.130:43469], old=null, confs=<EMPTY_MAP>
2019-09-17 12:22:44,110 [pool-27-thread-1] INFO  server.RaftServerConfigKeys (ConfUtils.java:logGet(43)) - raft.server.storage.dir = [/tmp/workdir/hadoop-ozone/integration-test/target/test-dir/MiniOzoneClusterImpl-97cb6072-9315-4ed4-9dbe-1bfff40012a1/datanode-0/data/ratis] (custom)
2019-09-17 12:22:44,117 [pool-27-thread-1] INFO  storage.RaftStorageDirectory (RaftStorageDirectory.java:analyzeStorage(246)) - The storage directory /tmp/workdir/hadoop-ozone/integration-test/target/test-dir/MiniOzoneClusterImpl-97cb6072-9315-4ed4-9dbe-1bfff40012a1/datanode-0/data/ratis/7aa83158-15fc-4c9e-a80e-571d84a0dc15 does not exist. Creating ...
2019-09-17 12:22:44,131 [IPC Server handler 3 on 39730] INFO  net.NetworkTopology (NetworkTopologyImpl.java:add(111)) - Added a new node: /default-rack/84b9980c-7545-47f2-8f8d-7bdb4cb4587c
2019-09-17 12:22:44,131 [IPC Server handler 3 on 39730] INFO  node.SCMNodeManager (SCMNodeManager.java:register(266)) - Registered Data node : 84b9980c-7545-47f2-8f8d-7bdb4cb4587c{ip: 192.168.5.130, host: pr-hdds-2136-chhj8-2666454444, networkLocation: /default-rack, certSerialId: null}
2019-09-17 12:22:44,139 [pool-27-thread-1] INFO  storage.RaftStorageDirectory (RaftStorageDirectory.java:tryLock(328)) - Lock on /tmp/workdir/hadoop-ozone/integration-test/target/test-dir/MiniOzoneClusterImpl-97cb6072-9315-4ed4-9dbe-1bfff40012a1/datanode-0/data/ratis/7aa83158-15fc-4c9e-a80e-571d84a0dc15/in_use.lock acquired by nodename 27083@pr-hdds-2136-chhj8-2666454444
2019-09-17 12:22:44,163 [pool-27-thread-1] INFO  storage.RaftStorage (RaftStorage.java:format(72)) - Storage directory /tmp/workdir/hadoop-ozone/integration-test/target/test-dir/MiniOzoneClusterImpl-97cb6072-9315-4ed4-9dbe-1bfff40012a1/datanode-0/data/ratis/7aa83158-15fc-4c9e-a80e-571d84a0dc15 has been successfully formatted.
2019-09-17 12:22:44,167 [pool-27-thread-1] INFO  ratis.ContainerStateMachine (ContainerStateMachine.java:loadSnapshot(230)) - group-571D84A0DC15: The snapshot info is null. Setting the last applied indexto:(t:0, i:~)
2019-09-17 12:22:44,167 [pool-27-thread-1] INFO  server.RaftServerConfigKeys (ConfUtils.java:logGet(43)) - raft.server.notification.no-leader.timeout = 120s (custom)
2019-09-17 12:22:44,170 [pool-27-thread-1] INFO  server.RaftServerConfigKeys (ConfUtils.java:logGet(43)) - raft.server.log.use.memory = false (default)
2019-09-17 12:22:44,176 [pool-27-thread-1] INFO  server.RaftServerConfigKeys (ConfUtils.java:logGet(43)) - raft.server.log.purge.gap = 1000000 (custom)
2019-09-17 12:22:44,176 [pool-27-thread-1] INFO  server.RaftServerConfigKeys (ConfUtils.java:logGet(43)) - raft.server.log.appender.buffer.byte-limit = 33554432 (custom)
2019-09-17 12:22:44,178 [pool-27-thread-1] INFO  server.RaftServerConfigKeys (ConfUtils.java:logGet(43)) - raft.server.log.segment.size.max = 1048576 (custom)
2019-09-17 12:22:44,182 [pool-27-thread-1] INFO  server.RaftServerConfigKeys (ConfUtils.java:logGet(43)) - raft.server.log.segment.cache.num.max = 2 (custom)
2019-09-17 12:22:44,186 [pool-27-thread-1] INFO  segmented.SegmentedRaftLogWorker (SegmentedRaftLogWorker.java:<init>(172)) - new ba884459-fbaf-490e-9b71-3c718ea82914@group-571D84A0DC15-SegmentedRaftLogWorker for RaftStorage:Storage Directory /tmp/workdir/hadoop-ozone/integration-test/target/test-dir/MiniOzoneClusterImpl-97cb6072-9315-4ed4-9dbe-1bfff40012a1/datanode-0/data/ratis/7aa83158-15fc-4c9e-a80e-571d84a0dc15
2019-09-17 12:22:44,188 [pool-27-thread-1] INFO  impl.MetricsSystemImpl (MetricsSystemImpl.java:init(158)) - ratis metrics system started (again)
2019-09-17 12:22:44,197 [main] INFO  ozone.MiniOzoneClusterImpl (MiniOzoneClusterImpl.java:lambda$waitForClusterToBeReady$0(145)) - Waiting for cluster to be ready. Got 9 of 10 DN Heartbeats.
2019-09-17 12:22:44,211 [IPC Server handler 4 on 39730] INFO  net.NetworkTopology (NetworkTopologyImpl.java:add(111)) - Added a new node: /default-rack/0cdf7b9a-92f5-4bda-bda9-a502d9c924f1
2019-09-17 12:22:44,211 [IPC Server handler 4 on 39730] INFO  node.SCMNodeManager (SCMNodeManager.java:register(266)) - Registered Data node : 0cdf7b9a-92f5-4bda-bda9-a502d9c924f1{ip: 192.168.5.130, host: pr-hdds-2136-chhj8-2666454444, networkLocation: /default-rack, certSerialId: null}
2019-09-17 12:22:44,232 [pool-27-thread-1] INFO  server.RaftServerConfigKeys (ConfUtils.java:logGet(43)) - raft.server.log.queue.byte-limit = 2147483647 (custom)
2019-09-17 12:22:44,233 [pool-27-thread-1] INFO  server.RaftServerConfigKeys (ConfUtils.java:logGet(43)) - raft.server.log.queue.element-limit = 1024 (custom)
2019-09-17 12:22:44,235 [pool-27-thread-1] INFO  server.RaftServerConfigKeys (ConfUtils.java:logGet(43)) - raft.server.log.segment.size.max = 1048576 (custom)
2019-09-17 12:22:44,236 [pool-27-thread-1] INFO  server.RaftServerConfigKeys (ConfUtils.java:logGet(43)) - raft.server.log.preallocated.size = 16384 (custom)
2019-09-17 12:22:44,236 [pool-27-thread-1] INFO  server.RaftServerConfigKeys (ConfUtils.java:logGet(43)) - raft.server.log.write.buffer.size = 33554432 (custom)
2019-09-17 12:22:44,237 [pool-27-thread-1] INFO  server.RaftServerConfigKeys (ConfUtils.java:logGet(43)) - raft.server.log.force.sync.num = 128 (default)
2019-09-17 12:22:44,238 [pool-27-thread-1] INFO  server.RaftServerConfigKeys (ConfUtils.java:logGet(43)) - raft.server.log.statemachine.data.sync = true (default)
2019-09-17 12:22:44,238 [pool-27-thread-1] INFO  server.RaftServerConfigKeys (ConfUtils.java:logGet(43)) - raft.server.log.statemachine.data.sync.timeout = 10s (default)
2019-09-17 12:22:44,238 [pool-27-thread-1] INFO  server.RaftServerConfigKeys (ConfUtils.java:logGet(43)) - raft.server.log.statemachine.data.sync.timeout.retry = -1 (default)
2019-09-17 12:22:44,247 [pool-27-thread-1] INFO  server.RaftServerConfigKeys (ConfUtils.java:logGet(43)) - raft.server.log.statemachine.data.caching.enabled = true (custom)
2019-09-17 12:22:44,251 [pool-27-thread-1] INFO  segmented.SegmentedRaftLogWorker (SegmentedRaftLogWorker.java:lambda$new$0(132)) - ba884459-fbaf-490e-9b71-3c718ea82914@group-571D84A0DC15-SegmentedRaftLogWorker: flushIndex: setUnconditionally 0 -> -1
2019-09-17 12:22:44,255 [pool-27-thread-1] INFO  server.RaftServerConfigKeys (ConfUtils.java:logGet(43)) - raft.server.snapshot.auto.trigger.enabled = true (custom)
2019-09-17 12:22:44,256 [pool-27-thread-1] INFO  server.RaftServerConfigKeys (ConfUtils.java:logGet(43)) - raft.server.snapshot.auto.trigger.threshold = 10000 (custom)
2019-09-17 12:22:44,257 [pool-27-thread-1] INFO  server.RaftServerConfigKeys (ConfUtils.java:logGet(43)) - raft.server.snapshot.retention.num.files = 5 (custom)
2019-09-17 12:22:44,257 [pool-27-thread-1] INFO  server.RaftServerConfigKeys (ConfUtils.java:logGet(43)) - raft.server.retrycache.expirytime = 600000ms (custom)
2019-09-17 12:22:44,282 [pool-27-thread-1] INFO  impl.RaftServerImpl (RaftServerImpl.java:start(185)) - ba884459-fbaf-490e-9b71-3c718ea82914@group-571D84A0DC15: start as a follower, conf=-1: [ba884459-fbaf-490e-9b71-3c718ea82914:192.168.5.130:43469], old=null
2019-09-17 12:22:44,283 [pool-27-thread-1] INFO  impl.RaftServerImpl (RaftServerImpl.java:setRole(174)) - ba884459-fbaf-490e-9b71-3c718ea82914@group-571D84A0DC15: changes role from      null to FOLLOWER at term 0 for startAsFollower
2019-09-17 12:22:44,284 [pool-27-thread-1] INFO  impl.RoleInfo (RoleInfo.java:updateAndGet(143)) - ba884459-fbaf-490e-9b71-3c718ea82914: start FollowerState
2019-09-17 12:22:44,286 [pool-27-thread-1] INFO  util.JmxRegister (JmxRegister.java:tryRegister(44)) - Successfully registered JMX Bean with object name Ratis:service=RaftServer,group=group-571D84A0DC15,id=ba884459-fbaf-490e-9b71-3c718ea82914
2019-09-17 12:22:44,345 [RatisPipelineUtilsThread] INFO  pipeline.PipelineStateManager (PipelineStateManager.java:addPipeline(56)) - Created pipeline Pipeline[ Id: 7aa83158-15fc-4c9e-a80e-571d84a0dc15, Nodes: ba884459-fbaf-490e-9b71-3c718ea82914{ip: 192.168.5.130, host: pr-hdds-2136-chhj8-2666454444, networkLocation: /default-rack, certSerialId: null}, Type:RATIS, Factor:ONE, State:OPEN]
2019-09-17 12:22:44,367 [grpc-default-executor-0] INFO  impl.RaftServerProxy (RaftServerProxy.java:addNew(89)) - a5f9b548-b989-4807-80f4-ff576b54977d: addNew group-627844AE9390:[a5f9b548-b989-4807-80f4-ff576b54977d:192.168.5.130:40253] returns group-627844AE9390:java.util.concurrent.CompletableFuture@909059b[Not completed]
2019-09-17 12:22:44,422 [pool-77-thread-1] INFO  impl.RaftServerImpl (RaftServerImpl.java:<init>(95)) - a5f9b548-b989-4807-80f4-ff576b54977d: new RaftServerImpl for group-627844AE9390:[a5f9b548-b989-4807-80f4-ff576b54977d:192.168.5.130:40253] with ContainerStateMachine:uninitialized
2019-09-17 12:22:44,424 [pool-77-thread-1] INFO  server.RaftServerConfigKeys (ConfUtils.java:logGet(43)) - raft.server.rpc.timeout.min = 1s (custom)
2019-09-17 12:22:44,424 [pool-77-thread-1] INFO  server.RaftServerConfigKeys (ConfUtils.java:logGet(43)) - raft.server.rpc.timeout.max = 1200ms (custom)
2019-09-17 12:22:44,424 [pool-77-thread-1] INFO  server.RaftServerConfigKeys (ConfUtils.java:logGet(43)) - raft.server.rpcslowness.timeout = 120s (custom)
2019-09-17 12:22:44,424 [pool-77-thread-1] INFO  server.RaftServerConfigKeys (ConfUtils.java:logGet(43)) - raft.server.sleep.deviation.threshold = 300 (default)
2019-09-17 12:22:44,424 [pool-77-thread-1] INFO  server.RaftServerConfigKeys (ConfUtils.java:logGet(43)) - raft.server.log.appender.install.snapshot.enabled = false (custom)
2019-09-17 12:22:44,424 [pool-77-thread-1] INFO  impl.RaftServerImpl (ServerState.java:<init>(103)) - a5f9b548-b989-4807-80f4-ff576b54977d@group-627844AE9390: ConfigurationManager, init=-1: [a5f9b548-b989-4807-80f4-ff576b54977d:192.168.5.130:40253], old=null, confs=<EMPTY_MAP>
2019-09-17 12:22:44,424 [pool-77-thread-1] INFO  server.RaftServerConfigKeys (ConfUtils.java:logGet(43)) - raft.server.storage.dir = [/tmp/workdir/hadoop-ozone/integration-test/target/test-dir/MiniOzoneClusterImpl-97cb6072-9315-4ed4-9dbe-1bfff40012a1/datanode-5/data/ratis] (custom)
2019-09-17 12:22:44,425 [pool-77-thread-1] INFO  storage.RaftStorageDirectory (RaftStorageDirectory.java:analyzeStorage(246)) - The storage directory /tmp/workdir/hadoop-ozone/integration-test/target/test-dir/MiniOzoneClusterImpl-97cb6072-9315-4ed4-9dbe-1bfff40012a1/datanode-5/data/ratis/39719de4-e49c-4d3b-b5a0-627844ae9390 does not exist. Creating ...
2019-09-17 12:22:44,448 [pool-77-thread-1] INFO  storage.RaftStorageDirectory (RaftStorageDirectory.java:tryLock(328)) - Lock on /tmp/workdir/hadoop-ozone/integration-test/target/test-dir/MiniOzoneClusterImpl-97cb6072-9315-4ed4-9dbe-1bfff40012a1/datanode-5/data/ratis/39719de4-e49c-4d3b-b5a0-627844ae9390/in_use.lock acquired by nodename 27083@pr-hdds-2136-chhj8-2666454444
2019-09-17 12:22:44,470 [pool-77-thread-1] INFO  storage.RaftStorage (RaftStorage.java:format(72)) - Storage directory /tmp/workdir/hadoop-ozone/integration-test/target/test-dir/MiniOzoneClusterImpl-97cb6072-9315-4ed4-9dbe-1bfff40012a1/datanode-5/data/ratis/39719de4-e49c-4d3b-b5a0-627844ae9390 has been successfully formatted.
2019-09-17 12:22:44,473 [pool-77-thread-1] INFO  ratis.ContainerStateMachine (ContainerStateMachine.java:loadSnapshot(230)) - group-627844AE9390: The snapshot info is null. Setting the last applied indexto:(t:0, i:~)
2019-09-17 12:22:44,475 [pool-77-thread-1] INFO  server.RaftServerConfigKeys (ConfUtils.java:logGet(43)) - raft.server.notification.no-leader.timeout = 120s (custom)
2019-09-17 12:22:44,475 [pool-77-thread-1] INFO  server.RaftServerConfigKeys (ConfUtils.java:logGet(43)) - raft.server.log.use.memory = false (default)
2019-09-17 12:22:44,475 [pool-77-thread-1] INFO  server.RaftServerConfigKeys (ConfUtils.java:logGet(43)) - raft.server.log.purge.gap = 1000000 (custom)
2019-09-17 12:22:44,476 [pool-77-thread-1] INFO  server.RaftServerConfigKeys (ConfUtils.java:logGet(43)) - raft.server.log.appender.buffer.byte-limit = 33554432 (custom)
2019-09-17 12:22:44,476 [pool-77-thread-1] INFO  server.RaftServerConfigKeys (ConfUtils.java:logGet(43)) - raft.server.log.segment.size.max = 1048576 (custom)
2019-09-17 12:22:44,476 [pool-77-thread-1] INFO  server.RaftServerConfigKeys (ConfUtils.java:logGet(43)) - raft.server.log.segment.cache.num.max = 2 (custom)
2019-09-17 12:22:44,476 [pool-77-thread-1] INFO  segmented.SegmentedRaftLogWorker (SegmentedRaftLogWorker.java:<init>(172)) - new a5f9b548-b989-4807-80f4-ff576b54977d@group-627844AE9390-SegmentedRaftLogWorker for RaftStorage:Storage Directory /tmp/workdir/hadoop-ozone/integration-test/target/test-dir/MiniOzoneClusterImpl-97cb6072-9315-4ed4-9dbe-1bfff40012a1/datanode-5/data/ratis/39719de4-e49c-4d3b-b5a0-627844ae9390
2019-09-17 12:22:44,485 [pool-77-thread-1] INFO  server.RaftServerConfigKeys (ConfUtils.java:logGet(43)) - raft.server.log.queue.byte-limit = 2147483647 (custom)
2019-09-17 12:22:44,485 [pool-77-thread-1] INFO  server.RaftServerConfigKeys (ConfUtils.java:logGet(43)) - raft.server.log.queue.element-limit = 1024 (custom)
2019-09-17 12:22:44,486 [pool-77-thread-1] INFO  server.RaftServerConfigKeys (ConfUtils.java:logGet(43)) - raft.server.log.segment.size.max = 1048576 (custom)
2019-09-17 12:22:44,486 [pool-77-thread-1] INFO  server.RaftServerConfigKeys (ConfUtils.java:logGet(43)) - raft.server.log.preallocated.size = 16384 (custom)
2019-09-17 12:22:44,486 [pool-77-thread-1] INFO  server.RaftServerConfigKeys (ConfUtils.java:logGet(43)) - raft.server.log.write.buffer.size = 33554432 (custom)
2019-09-17 12:22:44,486 [pool-77-thread-1] INFO  server.RaftServerConfigKeys (ConfUtils.java:logGet(43)) - raft.server.log.force.sync.num = 128 (default)
2019-09-17 12:22:44,486 [pool-77-thread-1] INFO  server.RaftServerConfigKeys (ConfUtils.java:logGet(43)) - raft.server.log.statemachine.data.sync = true (default)
2019-09-17 12:22:44,487 [pool-77-thread-1] INFO  server.RaftServerConfigKeys (ConfUtils.java:logGet(43)) - raft.server.log.statemachine.data.sync.timeout = 10s (default)
2019-09-17 12:22:44,487 [pool-77-thread-1] INFO  server.RaftServerConfigKeys (ConfUtils.java:logGet(43)) - raft.server.log.statemachine.data.sync.timeout.retry = -1 (default)
2019-09-17 12:22:44,487 [pool-77-thread-1] INFO  server.RaftServerConfigKeys (ConfUtils.java:logGet(43)) - raft.server.log.statemachine.data.caching.enabled = true (custom)
2019-09-17 12:22:44,488 [pool-77-thread-1] INFO  segmented.SegmentedRaftLogWorker (SegmentedRaftLogWorker.java:lambda$new$0(132)) - a5f9b548-b989-4807-80f4-ff576b54977d@group-627844AE9390-SegmentedRaftLogWorker: flushIndex: setUnconditionally 0 -> -1
2019-09-17 12:22:44,488 [pool-77-thread-1] INFO  server.RaftServerConfigKeys (ConfUtils.java:logGet(43)) - raft.server.snapshot.auto.trigger.enabled = true (custom)
2019-09-17 12:22:44,488 [pool-77-thread-1] INFO  server.RaftServerConfigKeys (ConfUtils.java:logGet(43)) - raft.server.snapshot.auto.trigger.threshold = 10000 (custom)
2019-09-17 12:22:44,488 [pool-77-thread-1] INFO  server.RaftServerConfigKeys (ConfUtils.java:logGet(43)) - raft.server.snapshot.retention.num.files = 5 (custom)
2019-09-17 12:22:44,489 [pool-77-thread-1] INFO  server.RaftServerConfigKeys (ConfUtils.java:logGet(43)) - raft.server.retrycache.expirytime = 600000ms (custom)
2019-09-17 12:22:44,493 [pool-77-thread-1] INFO  impl.RaftServerImpl (RaftServerImpl.java:start(185)) - a5f9b548-b989-4807-80f4-ff576b54977d@group-627844AE9390: start as a follower, conf=-1: [a5f9b548-b989-4807-80f4-ff576b54977d:192.168.5.130:40253], old=null
2019-09-17 12:22:44,493 [pool-77-thread-1] INFO  impl.RaftServerImpl (RaftServerImpl.java:setRole(174)) - a5f9b548-b989-4807-80f4-ff576b54977d@group-627844AE9390: changes role from      null to FOLLOWER at term 0 for startAsFollower
2019-09-17 12:22:44,493 [pool-77-thread-1] INFO  impl.RoleInfo (RoleInfo.java:updateAndGet(143)) - a5f9b548-b989-4807-80f4-ff576b54977d: start FollowerState
2019-09-17 12:22:44,496 [pool-77-thread-1] INFO  util.JmxRegister (JmxRegister.java:tryRegister(44)) - Successfully registered JMX Bean with object name Ratis:service=RaftServer,group=group-627844AE9390,id=a5f9b548-b989-4807-80f4-ff576b54977d
2019-09-17 12:22:44,514 [RatisPipelineUtilsThread] INFO  pipeline.PipelineStateManager (PipelineStateManager.java:addPipeline(56)) - Created pipeline Pipeline[ Id: 39719de4-e49c-4d3b-b5a0-627844ae9390, Nodes: a5f9b548-b989-4807-80f4-ff576b54977d{ip: 192.168.5.130, host: pr-hdds-2136-chhj8-2666454444, networkLocation: /default-rack, certSerialId: null}, Type:RATIS, Factor:ONE, State:OPEN]
2019-09-17 12:22:44,538 [grpc-default-executor-0] INFO  impl.RaftServerProxy (RaftServerProxy.java:addNew(89)) - c072a5df-2c45-4bc3-84a6-bf78352fd232: addNew group-F5052944D8F3:[c072a5df-2c45-4bc3-84a6-bf78352fd232:192.168.5.130:39846] returns group-F5052944D8F3:java.util.concurrent.CompletableFuture@5cd8e2c2[Not completed]
2019-09-17 12:22:44,574 [pool-67-thread-1] INFO  impl.RaftServerImpl (RaftServerImpl.java:<init>(95)) - c072a5df-2c45-4bc3-84a6-bf78352fd232: new RaftServerImpl for group-F5052944D8F3:[c072a5df-2c45-4bc3-84a6-bf78352fd232:192.168.5.130:39846] with ContainerStateMachine:uninitialized
2019-09-17 12:22:44,575 [pool-67-thread-1] INFO  server.RaftServerConfigKeys (ConfUtils.java:logGet(43)) - raft.server.rpc.timeout.min = 1s (custom)
2019-09-17 12:22:44,575 [pool-67-thread-1] INFO  server.RaftServerConfigKeys (ConfUtils.java:logGet(43)) - raft.server.rpc.timeout.max = 1200ms (custom)
2019-09-17 12:22:44,575 [pool-67-thread-1] INFO  server.RaftServerConfigKeys (ConfUtils.java:logGet(43)) - raft.server.rpcslowness.timeout = 120s (custom)
2019-09-17 12:22:44,575 [pool-67-thread-1] INFO  server.RaftServerConfigKeys (ConfUtils.java:logGet(43)) - raft.server.sleep.deviation.threshold = 300 (default)
2019-09-17 12:22:44,575 [pool-67-thread-1] INFO  server.RaftServerConfigKeys (ConfUtils.java:logGet(43)) - raft.server.log.appender.install.snapshot.enabled = false (custom)
2019-09-17 12:22:44,575 [pool-67-thread-1] INFO  impl.RaftServerImpl (ServerState.java:<init>(103)) - c072a5df-2c45-4bc3-84a6-bf78352fd232@group-F5052944D8F3: ConfigurationManager, init=-1: [c072a5df-2c45-4bc3-84a6-bf78352fd232:192.168.5.130:39846], old=null, confs=<EMPTY_MAP>
2019-09-17 12:22:44,575 [pool-67-thread-1] INFO  server.RaftServerConfigKeys (ConfUtils.java:logGet(43)) - raft.server.storage.dir = [/tmp/workdir/hadoop-ozone/integration-test/target/test-dir/MiniOzoneClusterImpl-97cb6072-9315-4ed4-9dbe-1bfff40012a1/datanode-4/data/ratis] (custom)
2019-09-17 12:22:44,576 [pool-67-thread-1] INFO  storage.RaftStorageDirectory (RaftStorageDirectory.java:analyzeStorage(246)) - The storage directory /tmp/workdir/hadoop-ozone/integration-test/target/test-dir/MiniOzoneClusterImpl-97cb6072-9315-4ed4-9dbe-1bfff40012a1/datanode-4/data/ratis/3b2f25c0-4226-4a61-9cf6-f5052944d8f3 does not exist. Creating ...
2019-09-17 12:22:44,612 [pool-67-thread-1] INFO  storage.RaftStorageDirectory (RaftStorageDirectory.java:tryLock(328)) - Lock on /tmp/workdir/hadoop-ozone/integration-test/target/test-dir/MiniOzoneClusterImpl-97cb6072-9315-4ed4-9dbe-1bfff40012a1/datanode-4/data/ratis/3b2f25c0-4226-4a61-9cf6-f5052944d8f3/in_use.lock acquired by nodename 27083@pr-hdds-2136-chhj8-2666454444
2019-09-17 12:22:44,646 [pool-67-thread-1] INFO  storage.RaftStorage (RaftStorage.java:format(72)) - Storage directory /tmp/workdir/hadoop-ozone/integration-test/target/test-dir/MiniOzoneClusterImpl-97cb6072-9315-4ed4-9dbe-1bfff40012a1/datanode-4/data/ratis/3b2f25c0-4226-4a61-9cf6-f5052944d8f3 has been successfully formatted.
2019-09-17 12:22:44,646 [pool-67-thread-1] INFO  ratis.ContainerStateMachine (ContainerStateMachine.java:loadSnapshot(230)) - group-F5052944D8F3: The snapshot info is null. Setting the last applied indexto:(t:0, i:~)
2019-09-17 12:22:44,646 [pool-67-thread-1] INFO  server.RaftServerConfigKeys (ConfUtils.java:logGet(43)) - raft.server.notification.no-leader.timeout = 120s (custom)
2019-09-17 12:22:44,646 [pool-67-thread-1] INFO  server.RaftServerConfigKeys (ConfUtils.java:logGet(43)) - raft.server.log.use.memory = false (default)
2019-09-17 12:22:44,646 [pool-67-thread-1] INFO  server.RaftServerConfigKeys (ConfUtils.java:logGet(43)) - raft.server.log.purge.gap = 1000000 (custom)
2019-09-17 12:22:44,646 [pool-67-thread-1] INFO  server.RaftServerConfigKeys (ConfUtils.java:logGet(43)) - raft.server.log.appender.buffer.byte-limit = 33554432 (custom)
2019-09-17 12:22:44,647 [pool-67-thread-1] INFO  server.RaftServerConfigKeys (ConfUtils.java:logGet(43)) - raft.server.log.segment.size.max = 1048576 (custom)
2019-09-17 12:22:44,647 [pool-67-thread-1] INFO  server.RaftServerConfigKeys (ConfUtils.java:logGet(43)) - raft.server.log.segment.cache.num.max = 2 (custom)
2019-09-17 12:22:44,647 [pool-67-thread-1] INFO  segmented.SegmentedRaftLogWorker (SegmentedRaftLogWorker.java:<init>(172)) - new c072a5df-2c45-4bc3-84a6-bf78352fd232@group-F5052944D8F3-SegmentedRaftLogWorker for RaftStorage:Storage Directory /tmp/workdir/hadoop-ozone/integration-test/target/test-dir/MiniOzoneClusterImpl-97cb6072-9315-4ed4-9dbe-1bfff40012a1/datanode-4/data/ratis/3b2f25c0-4226-4a61-9cf6-f5052944d8f3
2019-09-17 12:22:44,684 [pool-67-thread-1] INFO  server.RaftServerConfigKeys (ConfUtils.java:logGet(43)) - raft.server.log.queue.byte-limit = 2147483647 (custom)
2019-09-17 12:22:44,685 [pool-67-thread-1] INFO  server.RaftServerConfigKeys (ConfUtils.java:logGet(43)) - raft.server.log.queue.element-limit = 1024 (custom)
2019-09-17 12:22:44,685 [pool-67-thread-1] INFO  server.RaftServerConfigKeys (ConfUtils.java:logGet(43)) - raft.server.log.segment.size.max = 1048576 (custom)
2019-09-17 12:22:44,685 [pool-67-thread-1] INFO  server.RaftServerConfigKeys (ConfUtils.java:logGet(43)) - raft.server.log.preallocated.size = 16384 (custom)
2019-09-17 12:22:44,685 [pool-67-thread-1] INFO  server.RaftServerConfigKeys (ConfUtils.java:logGet(43)) - raft.server.log.write.buffer.size = 33554432 (custom)
2019-09-17 12:22:44,685 [pool-67-thread-1] INFO  server.RaftServerConfigKeys (ConfUtils.java:logGet(43)) - raft.server.log.force.sync.num = 128 (default)
2019-09-17 12:22:44,685 [pool-67-thread-1] INFO  server.RaftServerConfigKeys (ConfUtils.java:logGet(43)) - raft.server.log.statemachine.data.sync = true (default)
2019-09-17 12:22:44,685 [pool-67-thread-1] INFO  server.RaftServerConfigKeys (ConfUtils.java:logGet(43)) - raft.server.log.statemachine.data.sync.timeout = 10s (default)
2019-09-17 12:22:44,685 [pool-67-thread-1] INFO  server.RaftServerConfigKeys (ConfUtils.java:logGet(43)) - raft.server.log.statemachine.data.sync.timeout.retry = -1 (default)
2019-09-17 12:22:44,686 [pool-67-thread-1] INFO  server.RaftServerConfigKeys (ConfUtils.java:logGet(43)) - raft.server.log.statemachine.data.caching.enabled = true (custom)
2019-09-17 12:22:44,686 [pool-67-thread-1] INFO  segmented.SegmentedRaftLogWorker (SegmentedRaftLogWorker.java:lambda$new$0(132)) - c072a5df-2c45-4bc3-84a6-bf78352fd232@group-F5052944D8F3-SegmentedRaftLogWorker: flushIndex: setUnconditionally 0 -> -1
2019-09-17 12:22:44,686 [pool-67-thread-1] INFO  server.RaftServerConfigKeys (ConfUtils.java:logGet(43)) - raft.server.snapshot.auto.trigger.enabled = true (custom)
2019-09-17 12:22:44,686 [pool-67-thread-1] INFO  server.RaftServerConfigKeys (ConfUtils.java:logGet(43)) - raft.server.snapshot.auto.trigger.threshold = 10000 (custom)
2019-09-17 12:22:44,686 [pool-67-thread-1] INFO  server.RaftServerConfigKeys (ConfUtils.java:logGet(43)) - raft.server.snapshot.retention.num.files = 5 (custom)
2019-09-17 12:22:44,687 [pool-67-thread-1] INFO  server.RaftServerConfigKeys (ConfUtils.java:logGet(43)) - raft.server.retrycache.expirytime = 600000ms (custom)
2019-09-17 12:22:44,690 [pool-67-thread-1] INFO  impl.RaftServerImpl (RaftServerImpl.java:start(185)) - c072a5df-2c45-4bc3-84a6-bf78352fd232@group-F5052944D8F3: start as a follower, conf=-1: [c072a5df-2c45-4bc3-84a6-bf78352fd232:192.168.5.130:39846], old=null
2019-09-17 12:22:44,690 [pool-67-thread-1] INFO  impl.RaftServerImpl (RaftServerImpl.java:setRole(174)) - c072a5df-2c45-4bc3-84a6-bf78352fd232@group-F5052944D8F3: changes role from      null to FOLLOWER at term 0 for startAsFollower
2019-09-17 12:22:44,690 [pool-67-thread-1] INFO  impl.RoleInfo (RoleInfo.java:updateAndGet(143)) - c072a5df-2c45-4bc3-84a6-bf78352fd232: start FollowerState
2019-09-17 12:22:44,691 [pool-67-thread-1] INFO  util.JmxRegister (JmxRegister.java:tryRegister(44)) - Successfully registered JMX Bean with object name Ratis:service=RaftServer,group=group-F5052944D8F3,id=c072a5df-2c45-4bc3-84a6-bf78352fd232
2019-09-17 12:22:44,702 [RatisPipelineUtilsThread] INFO  pipeline.PipelineStateManager (PipelineStateManager.java:addPipeline(56)) - Created pipeline Pipeline[ Id: 3b2f25c0-4226-4a61-9cf6-f5052944d8f3, Nodes: c072a5df-2c45-4bc3-84a6-bf78352fd232{ip: 192.168.5.130, host: pr-hdds-2136-chhj8-2666454444, networkLocation: /default-rack, certSerialId: null}, Type:RATIS, Factor:ONE, State:OPEN]
2019-09-17 12:22:44,724 [grpc-default-executor-0] INFO  impl.RaftServerProxy (RaftServerProxy.java:addNew(89)) - 7689548e-5f49-4f36-9667-e46ba21e9ae3: addNew group-C27889E87473:[7689548e-5f49-4f36-9667-e46ba21e9ae3:192.168.5.130:34520] returns group-C27889E87473:java.util.concurrent.CompletableFuture@4c6295b9[Not completed]
2019-09-17 12:22:44,728 [pool-97-thread-1] INFO  impl.RaftServerImpl (RaftServerImpl.java:<init>(95)) - 7689548e-5f49-4f36-9667-e46ba21e9ae3: new RaftServerImpl for group-C27889E87473:[7689548e-5f49-4f36-9667-e46ba21e9ae3:192.168.5.130:34520] with ContainerStateMachine:uninitialized
2019-09-17 12:22:44,728 [pool-97-thread-1] INFO  server.RaftServerConfigKeys (ConfUtils.java:logGet(43)) - raft.server.rpc.timeout.min = 1s (custom)
2019-09-17 12:22:44,728 [pool-97-thread-1] INFO  server.RaftServerConfigKeys (ConfUtils.java:logGet(43)) - raft.server.rpc.timeout.max = 1200ms (custom)
2019-09-17 12:22:44,728 [pool-97-thread-1] INFO  server.RaftServerConfigKeys (ConfUtils.java:logGet(43)) - raft.server.rpcslowness.timeout = 120s (custom)
2019-09-17 12:22:44,728 [pool-97-thread-1] INFO  server.RaftServerConfigKeys (ConfUtils.java:logGet(43)) - raft.server.sleep.deviation.threshold = 300 (default)
2019-09-17 12:22:44,728 [pool-97-thread-1] INFO  server.RaftServerConfigKeys (ConfUtils.java:logGet(43)) - raft.server.log.appender.install.snapshot.enabled = false (custom)
2019-09-17 12:22:44,728 [pool-97-thread-1] INFO  impl.RaftServerImpl (ServerState.java:<init>(103)) - 7689548e-5f49-4f36-9667-e46ba21e9ae3@group-C27889E87473: ConfigurationManager, init=-1: [7689548e-5f49-4f36-9667-e46ba21e9ae3:192.168.5.130:34520], old=null, confs=<EMPTY_MAP>
2019-09-17 12:22:44,728 [pool-97-thread-1] INFO  server.RaftServerConfigKeys (ConfUtils.java:logGet(43)) - raft.server.storage.dir = [/tmp/workdir/hadoop-ozone/integration-test/target/test-dir/MiniOzoneClusterImpl-97cb6072-9315-4ed4-9dbe-1bfff40012a1/datanode-7/data/ratis] (custom)
2019-09-17 12:22:44,729 [pool-97-thread-1] INFO  storage.RaftStorageDirectory (RaftStorageDirectory.java:analyzeStorage(246)) - The storage directory /tmp/workdir/hadoop-ozone/integration-test/target/test-dir/MiniOzoneClusterImpl-97cb6072-9315-4ed4-9dbe-1bfff40012a1/datanode-7/data/ratis/43739cf5-2a21-4e2b-8ece-c27889e87473 does not exist. Creating ...
2019-09-17 12:22:44,744 [pool-97-thread-1] INFO  storage.RaftStorageDirectory (RaftStorageDirectory.java:tryLock(328)) - Lock on /tmp/workdir/hadoop-ozone/integration-test/target/test-dir/MiniOzoneClusterImpl-97cb6072-9315-4ed4-9dbe-1bfff40012a1/datanode-7/data/ratis/43739cf5-2a21-4e2b-8ece-c27889e87473/in_use.lock acquired by nodename 27083@pr-hdds-2136-chhj8-2666454444
2019-09-17 12:22:44,767 [pool-97-thread-1] INFO  storage.RaftStorage (RaftStorage.java:format(72)) - Storage directory /tmp/workdir/hadoop-ozone/integration-test/target/test-dir/MiniOzoneClusterImpl-97cb6072-9315-4ed4-9dbe-1bfff40012a1/datanode-7/data/ratis/43739cf5-2a21-4e2b-8ece-c27889e87473 has been successfully formatted.
2019-09-17 12:22:44,767 [pool-97-thread-1] INFO  ratis.ContainerStateMachine (ContainerStateMachine.java:loadSnapshot(230)) - group-C27889E87473: The snapshot info is null. Setting the last applied indexto:(t:0, i:~)
2019-09-17 12:22:44,767 [pool-97-thread-1] INFO  server.RaftServerConfigKeys (ConfUtils.java:logGet(43)) - raft.server.notification.no-leader.timeout = 120s (custom)
2019-09-17 12:22:44,767 [pool-97-thread-1] INFO  server.RaftServerConfigKeys (ConfUtils.java:logGet(43)) - raft.server.log.use.memory = false (default)
2019-09-17 12:22:44,768 [pool-97-thread-1] INFO  server.RaftServerConfigKeys (ConfUtils.java:logGet(43)) - raft.server.log.purge.gap = 1000000 (custom)
2019-09-17 12:22:44,768 [pool-97-thread-1] INFO  server.RaftServerConfigKeys (ConfUtils.java:logGet(43)) - raft.server.log.appender.buffer.byte-limit = 33554432 (custom)
2019-09-17 12:22:44,768 [pool-97-thread-1] INFO  server.RaftServerConfigKeys (ConfUtils.java:logGet(43)) - raft.server.log.segment.size.max = 1048576 (custom)
2019-09-17 12:22:44,768 [pool-97-thread-1] INFO  server.RaftServerConfigKeys (ConfUtils.java:logGet(43)) - raft.server.log.segment.cache.num.max = 2 (custom)
2019-09-17 12:22:44,768 [pool-97-thread-1] INFO  segmented.SegmentedRaftLogWorker (SegmentedRaftLogWorker.java:<init>(172)) - new 7689548e-5f49-4f36-9667-e46ba21e9ae3@group-C27889E87473-SegmentedRaftLogWorker for RaftStorage:Storage Directory /tmp/workdir/hadoop-ozone/integration-test/target/test-dir/MiniOzoneClusterImpl-97cb6072-9315-4ed4-9dbe-1bfff40012a1/datanode-7/data/ratis/43739cf5-2a21-4e2b-8ece-c27889e87473
2019-09-17 12:22:44,774 [pool-97-thread-1] INFO  server.RaftServerConfigKeys (ConfUtils.java:logGet(43)) - raft.server.log.queue.byte-limit = 2147483647 (custom)
2019-09-17 12:22:44,774 [pool-97-thread-1] INFO  server.RaftServerConfigKeys (ConfUtils.java:logGet(43)) - raft.server.log.queue.element-limit = 1024 (custom)
2019-09-17 12:22:44,775 [pool-97-thread-1] INFO  server.RaftServerConfigKeys (ConfUtils.java:logGet(43)) - raft.server.log.segment.size.max = 1048576 (custom)
2019-09-17 12:22:44,775 [pool-97-thread-1] INFO  server.RaftServerConfigKeys (ConfUtils.java:logGet(43)) - raft.server.log.preallocated.size = 16384 (custom)
2019-09-17 12:22:44,775 [pool-97-thread-1] INFO  server.RaftServerConfigKeys (ConfUtils.java:logGet(43)) - raft.server.log.write.buffer.size = 33554432 (custom)
2019-09-17 12:22:44,775 [pool-97-thread-1] INFO  server.RaftServerConfigKeys (ConfUtils.java:logGet(43)) - raft.server.log.force.sync.num = 128 (default)
2019-09-17 12:22:44,775 [pool-97-thread-1] INFO  server.RaftServerConfigKeys (ConfUtils.java:logGet(43)) - raft.server.log.statemachine.data.sync = true (default)
2019-09-17 12:22:44,775 [pool-97-thread-1] INFO  server.RaftServerConfigKeys (ConfUtils.java:logGet(43)) - raft.server.log.statemachine.data.sync.timeout = 10s (default)
2019-09-17 12:22:44,776 [pool-97-thread-1] INFO  server.RaftServerConfigKeys (ConfUtils.java:logGet(43)) - raft.server.log.statemachine.data.sync.timeout.retry = -1 (default)
2019-09-17 12:22:44,776 [pool-97-thread-1] INFO  server.RaftServerConfigKeys (ConfUtils.java:logGet(43)) - raft.server.log.statemachine.data.caching.enabled = true (custom)
2019-09-17 12:22:44,776 [pool-97-thread-1] INFO  segmented.SegmentedRaftLogWorker (SegmentedRaftLogWorker.java:lambda$new$0(132)) - 7689548e-5f49-4f36-9667-e46ba21e9ae3@group-C27889E87473-SegmentedRaftLogWorker: flushIndex: setUnconditionally 0 -> -1
2019-09-17 12:22:44,777 [pool-97-thread-1] INFO  server.RaftServerConfigKeys (ConfUtils.java:logGet(43)) - raft.server.snapshot.auto.trigger.enabled = true (custom)
2019-09-17 12:22:44,777 [pool-97-thread-1] INFO  server.RaftServerConfigKeys (ConfUtils.java:logGet(43)) - raft.server.snapshot.auto.trigger.threshold = 10000 (custom)
2019-09-17 12:22:44,777 [pool-97-thread-1] INFO  server.RaftServerConfigKeys (ConfUtils.java:logGet(43)) - raft.server.snapshot.retention.num.files = 5 (custom)
2019-09-17 12:22:44,777 [pool-97-thread-1] INFO  server.RaftServerConfigKeys (ConfUtils.java:logGet(43)) - raft.server.retrycache.expirytime = 600000ms (custom)
2019-09-17 12:22:44,785 [pool-97-thread-1] INFO  impl.RaftServerImpl (RaftServerImpl.java:start(185)) - 7689548e-5f49-4f36-9667-e46ba21e9ae3@group-C27889E87473: start as a follower, conf=-1: [7689548e-5f49-4f36-9667-e46ba21e9ae3:192.168.5.130:34520], old=null
2019-09-17 12:22:44,785 [pool-97-thread-1] INFO  impl.RaftServerImpl (RaftServerImpl.java:setRole(174)) - 7689548e-5f49-4f36-9667-e46ba21e9ae3@group-C27889E87473: changes role from      null to FOLLOWER at term 0 for startAsFollower
2019-09-17 12:22:44,785 [pool-97-thread-1] INFO  impl.RoleInfo (RoleInfo.java:updateAndGet(143)) - 7689548e-5f49-4f36-9667-e46ba21e9ae3: start FollowerState
2019-09-17 12:22:44,786 [pool-97-thread-1] INFO  util.JmxRegister (JmxRegister.java:tryRegister(44)) - Successfully registered JMX Bean with object name Ratis:service=RaftServer,group=group-C27889E87473,id=7689548e-5f49-4f36-9667-e46ba21e9ae3
2019-09-17 12:22:44,809 [RatisPipelineUtilsThread] INFO  pipeline.PipelineStateManager (PipelineStateManager.java:addPipeline(56)) - Created pipeline Pipeline[ Id: 43739cf5-2a21-4e2b-8ece-c27889e87473, Nodes: 7689548e-5f49-4f36-9667-e46ba21e9ae3{ip: 192.168.5.130, host: pr-hdds-2136-chhj8-2666454444, networkLocation: /default-rack, certSerialId: null}, Type:RATIS, Factor:ONE, State:OPEN]
2019-09-17 12:22:44,827 [grpc-default-executor-0] INFO  impl.RaftServerProxy (RaftServerProxy.java:addNew(89)) - 0cdf7b9a-92f5-4bda-bda9-a502d9c924f1: addNew group-4BD842CC8C88:[0cdf7b9a-92f5-4bda-bda9-a502d9c924f1:192.168.5.130:42251] returns group-4BD842CC8C88:java.util.concurrent.CompletableFuture@224321d1[Not completed]
2019-09-17 12:22:44,833 [pool-117-thread-1] INFO  impl.RaftServerImpl (RaftServerImpl.java:<init>(95)) - 0cdf7b9a-92f5-4bda-bda9-a502d9c924f1: new RaftServerImpl for group-4BD842CC8C88:[0cdf7b9a-92f5-4bda-bda9-a502d9c924f1:192.168.5.130:42251] with ContainerStateMachine:uninitialized
2019-09-17 12:22:44,833 [pool-117-thread-1] INFO  server.RaftServerConfigKeys (ConfUtils.java:logGet(43)) - raft.server.rpc.timeout.min = 1s (custom)
2019-09-17 12:22:44,834 [pool-117-thread-1] INFO  server.RaftServerConfigKeys (ConfUtils.java:logGet(43)) - raft.server.rpc.timeout.max = 1200ms (custom)
2019-09-17 12:22:44,834 [pool-117-thread-1] INFO  server.RaftServerConfigKeys (ConfUtils.java:logGet(43)) - raft.server.rpcslowness.timeout = 120s (custom)
2019-09-17 12:22:44,834 [pool-117-thread-1] INFO  server.RaftServerConfigKeys (ConfUtils.java:logGet(43)) - raft.server.sleep.deviation.threshold = 300 (default)
2019-09-17 12:22:44,834 [pool-117-thread-1] INFO  server.RaftServerConfigKeys (ConfUtils.java:logGet(43)) - raft.server.log.appender.install.snapshot.enabled = false (custom)
2019-09-17 12:22:44,834 [pool-117-thread-1] INFO  impl.RaftServerImpl (ServerState.java:<init>(103)) - 0cdf7b9a-92f5-4bda-bda9-a502d9c924f1@group-4BD842CC8C88: ConfigurationManager, init=-1: [0cdf7b9a-92f5-4bda-bda9-a502d9c924f1:192.168.5.130:42251], old=null, confs=<EMPTY_MAP>
2019-09-17 12:22:44,835 [pool-117-thread-1] INFO  server.RaftServerConfigKeys (ConfUtils.java:logGet(43)) - raft.server.storage.dir = [/tmp/workdir/hadoop-ozone/integration-test/target/test-dir/MiniOzoneClusterImpl-97cb6072-9315-4ed4-9dbe-1bfff40012a1/datanode-9/data/ratis] (custom)
2019-09-17 12:22:44,835 [pool-117-thread-1] INFO  storage.RaftStorageDirectory (RaftStorageDirectory.java:analyzeStorage(246)) - The storage directory /tmp/workdir/hadoop-ozone/integration-test/target/test-dir/MiniOzoneClusterImpl-97cb6072-9315-4ed4-9dbe-1bfff40012a1/datanode-9/data/ratis/c9d35645-c80b-4eb1-914d-4bd842cc8c88 does not exist. Creating ...
2019-09-17 12:22:44,871 [pool-117-thread-1] INFO  storage.RaftStorageDirectory (RaftStorageDirectory.java:tryLock(328)) - Lock on /tmp/workdir/hadoop-ozone/integration-test/target/test-dir/MiniOzoneClusterImpl-97cb6072-9315-4ed4-9dbe-1bfff40012a1/datanode-9/data/ratis/c9d35645-c80b-4eb1-914d-4bd842cc8c88/in_use.lock acquired by nodename 27083@pr-hdds-2136-chhj8-2666454444
2019-09-17 12:22:44,896 [pool-117-thread-1] INFO  storage.RaftStorage (RaftStorage.java:format(72)) - Storage directory /tmp/workdir/hadoop-ozone/integration-test/target/test-dir/MiniOzoneClusterImpl-97cb6072-9315-4ed4-9dbe-1bfff40012a1/datanode-9/data/ratis/c9d35645-c80b-4eb1-914d-4bd842cc8c88 has been successfully formatted.
2019-09-17 12:22:44,897 [pool-117-thread-1] INFO  ratis.ContainerStateMachine (ContainerStateMachine.java:loadSnapshot(230)) - group-4BD842CC8C88: The snapshot info is null. Setting the last applied indexto:(t:0, i:~)
2019-09-17 12:22:44,897 [pool-117-thread-1] INFO  server.RaftServerConfigKeys (ConfUtils.java:logGet(43)) - raft.server.notification.no-leader.timeout = 120s (custom)
2019-09-17 12:22:44,897 [pool-117-thread-1] INFO  server.RaftServerConfigKeys (ConfUtils.java:logGet(43)) - raft.server.log.use.memory = false (default)
2019-09-17 12:22:44,897 [pool-117-thread-1] INFO  server.RaftServerConfigKeys (ConfUtils.java:logGet(43)) - raft.server.log.purge.gap = 1000000 (custom)
2019-09-17 12:22:44,897 [pool-117-thread-1] INFO  server.RaftServerConfigKeys (ConfUtils.java:logGet(43)) - raft.server.log.appender.buffer.byte-limit = 33554432 (custom)
2019-09-17 12:22:44,897 [pool-117-thread-1] INFO  server.RaftServerConfigKeys (ConfUtils.java:logGet(43)) - raft.server.log.segment.size.max = 1048576 (custom)
2019-09-17 12:22:44,898 [pool-117-thread-1] INFO  server.RaftServerConfigKeys (ConfUtils.java:logGet(43)) - raft.server.log.segment.cache.num.max = 2 (custom)
2019-09-17 12:22:44,898 [pool-117-thread-1] INFO  segmented.SegmentedRaftLogWorker (SegmentedRaftLogWorker.java:<init>(172)) - new 0cdf7b9a-92f5-4bda-bda9-a502d9c924f1@group-4BD842CC8C88-SegmentedRaftLogWorker for RaftStorage:Storage Directory /tmp/workdir/hadoop-ozone/integration-test/target/test-dir/MiniOzoneClusterImpl-97cb6072-9315-4ed4-9dbe-1bfff40012a1/datanode-9/data/ratis/c9d35645-c80b-4eb1-914d-4bd842cc8c88
2019-09-17 12:22:44,901 [pool-117-thread-1] INFO  server.RaftServerConfigKeys (ConfUtils.java:logGet(43)) - raft.server.log.queue.byte-limit = 2147483647 (custom)
2019-09-17 12:22:44,901 [pool-117-thread-1] INFO  server.RaftServerConfigKeys (ConfUtils.java:logGet(43)) - raft.server.log.queue.element-limit = 1024 (custom)
2019-09-17 12:22:44,901 [pool-117-thread-1] INFO  server.RaftServerConfigKeys (ConfUtils.java:logGet(43)) - raft.server.log.segment.size.max = 1048576 (custom)
2019-09-17 12:22:44,901 [pool-117-thread-1] INFO  server.RaftServerConfigKeys (ConfUtils.java:logGet(43)) - raft.server.log.preallocated.size = 16384 (custom)
2019-09-17 12:22:44,901 [pool-117-thread-1] INFO  server.RaftServerConfigKeys (ConfUtils.java:logGet(43)) - raft.server.log.write.buffer.size = 33554432 (custom)
2019-09-17 12:22:44,901 [pool-117-thread-1] INFO  server.RaftServerConfigKeys (ConfUtils.java:logGet(43)) - raft.server.log.force.sync.num = 128 (default)
2019-09-17 12:22:44,901 [pool-117-thread-1] INFO  server.RaftServerConfigKeys (ConfUtils.java:logGet(43)) - raft.server.log.statemachine.data.sync = true (default)
2019-09-17 12:22:44,902 [pool-117-thread-1] INFO  server.RaftServerConfigKeys (ConfUtils.java:logGet(43)) - raft.server.log.statemachine.data.sync.timeout = 10s (default)
2019-09-17 12:22:44,902 [pool-117-thread-1] INFO  server.RaftServerConfigKeys (ConfUtils.java:logGet(43)) - raft.server.log.statemachine.data.sync.timeout.retry = -1 (default)
2019-09-17 12:22:44,902 [pool-117-thread-1] INFO  server.RaftServerConfigKeys (ConfUtils.java:logGet(43)) - raft.server.log.statemachine.data.caching.enabled = true (custom)
2019-09-17 12:22:44,902 [pool-117-thread-1] INFO  segmented.SegmentedRaftLogWorker (SegmentedRaftLogWorker.java:lambda$new$0(132)) - 0cdf7b9a-92f5-4bda-bda9-a502d9c924f1@group-4BD842CC8C88-SegmentedRaftLogWorker: flushIndex: setUnconditionally 0 -> -1
2019-09-17 12:22:44,903 [pool-117-thread-1] INFO  server.RaftServerConfigKeys (ConfUtils.java:logGet(43)) - raft.server.snapshot.auto.trigger.enabled = true (custom)
2019-09-17 12:22:44,903 [pool-117-thread-1] INFO  server.RaftServerConfigKeys (ConfUtils.java:logGet(43)) - raft.server.snapshot.auto.trigger.threshold = 10000 (custom)
2019-09-17 12:22:44,903 [pool-117-thread-1] INFO  server.RaftServerConfigKeys (ConfUtils.java:logGet(43)) - raft.server.snapshot.retention.num.files = 5 (custom)
2019-09-17 12:22:44,903 [pool-117-thread-1] INFO  server.RaftServerConfigKeys (ConfUtils.java:logGet(43)) - raft.server.retrycache.expirytime = 600000ms (custom)
2019-09-17 12:22:44,905 [pool-117-thread-1] INFO  impl.RaftServerImpl (RaftServerImpl.java:start(185)) - 0cdf7b9a-92f5-4bda-bda9-a502d9c924f1@group-4BD842CC8C88: start as a follower, conf=-1: [0cdf7b9a-92f5-4bda-bda9-a502d9c924f1:192.168.5.130:42251], old=null
2019-09-17 12:22:44,905 [pool-117-thread-1] INFO  impl.RaftServerImpl (RaftServerImpl.java:setRole(174)) - 0cdf7b9a-92f5-4bda-bda9-a502d9c924f1@group-4BD842CC8C88: changes role from      null to FOLLOWER at term 0 for startAsFollower
2019-09-17 12:22:44,906 [pool-117-thread-1] INFO  impl.RoleInfo (RoleInfo.java:updateAndGet(143)) - 0cdf7b9a-92f5-4bda-bda9-a502d9c924f1: start FollowerState
2019-09-17 12:22:44,906 [pool-117-thread-1] INFO  util.JmxRegister (JmxRegister.java:tryRegister(44)) - Successfully registered JMX Bean with object name Ratis:service=RaftServer,group=group-4BD842CC8C88,id=0cdf7b9a-92f5-4bda-bda9-a502d9c924f1
2019-09-17 12:22:44,924 [RatisPipelineUtilsThread] INFO  pipeline.PipelineStateManager (PipelineStateManager.java:addPipeline(56)) - Created pipeline Pipeline[ Id: c9d35645-c80b-4eb1-914d-4bd842cc8c88, Nodes: 0cdf7b9a-92f5-4bda-bda9-a502d9c924f1{ip: 192.168.5.130, host: pr-hdds-2136-chhj8-2666454444, networkLocation: /default-rack, certSerialId: null}, Type:RATIS, Factor:ONE, State:OPEN]
2019-09-17 12:22:44,951 [grpc-default-executor-0] INFO  impl.RaftServerProxy (RaftServerProxy.java:addNew(89)) - ed86af58-6365-40b3-a78c-ef8881f9dd1e: addNew group-8E1E9BA5F224:[ed86af58-6365-40b3-a78c-ef8881f9dd1e:192.168.5.130:38034] returns group-8E1E9BA5F224:java.util.concurrent.CompletableFuture@49960c61[Not completed]
2019-09-17 12:22:44,964 [pool-37-thread-1] INFO  impl.RaftServerImpl (RaftServerImpl.java:<init>(95)) - ed86af58-6365-40b3-a78c-ef8881f9dd1e: new RaftServerImpl for group-8E1E9BA5F224:[ed86af58-6365-40b3-a78c-ef8881f9dd1e:192.168.5.130:38034] with ContainerStateMachine:uninitialized
2019-09-17 12:22:44,965 [pool-37-thread-1] INFO  server.RaftServerConfigKeys (ConfUtils.java:logGet(43)) - raft.server.rpc.timeout.min = 1s (custom)
2019-09-17 12:22:44,965 [pool-37-thread-1] INFO  server.RaftServerConfigKeys (ConfUtils.java:logGet(43)) - raft.server.rpc.timeout.max = 1200ms (custom)
2019-09-17 12:22:44,965 [pool-37-thread-1] INFO  server.RaftServerConfigKeys (ConfUtils.java:logGet(43)) - raft.server.rpcslowness.timeout = 120s (custom)
2019-09-17 12:22:44,966 [pool-37-thread-1] INFO  server.RaftServerConfigKeys (ConfUtils.java:logGet(43)) - raft.server.sleep.deviation.threshold = 300 (default)
2019-09-17 12:22:44,966 [pool-37-thread-1] INFO  server.RaftServerConfigKeys (ConfUtils.java:logGet(43)) - raft.server.log.appender.install.snapshot.enabled = false (custom)
2019-09-17 12:22:44,966 [pool-37-thread-1] INFO  impl.RaftServerImpl (ServerState.java:<init>(103)) - ed86af58-6365-40b3-a78c-ef8881f9dd1e@group-8E1E9BA5F224: ConfigurationManager, init=-1: [ed86af58-6365-40b3-a78c-ef8881f9dd1e:192.168.5.130:38034], old=null, confs=<EMPTY_MAP>
2019-09-17 12:22:44,966 [pool-37-thread-1] INFO  server.RaftServerConfigKeys (ConfUtils.java:logGet(43)) - raft.server.storage.dir = [/tmp/workdir/hadoop-ozone/integration-test/target/test-dir/MiniOzoneClusterImpl-97cb6072-9315-4ed4-9dbe-1bfff40012a1/datanode-1/data/ratis] (custom)
2019-09-17 12:22:44,967 [pool-37-thread-1] INFO  storage.RaftStorageDirectory (RaftStorageDirectory.java:analyzeStorage(246)) - The storage directory /tmp/workdir/hadoop-ozone/integration-test/target/test-dir/MiniOzoneClusterImpl-97cb6072-9315-4ed4-9dbe-1bfff40012a1/datanode-1/data/ratis/dca5d594-4935-46e7-80c5-8e1e9ba5f224 does not exist. Creating ...
2019-09-17 12:22:44,988 [pool-37-thread-1] INFO  storage.RaftStorageDirectory (RaftStorageDirectory.java:tryLock(328)) - Lock on /tmp/workdir/hadoop-ozone/integration-test/target/test-dir/MiniOzoneClusterImpl-97cb6072-9315-4ed4-9dbe-1bfff40012a1/datanode-1/data/ratis/dca5d594-4935-46e7-80c5-8e1e9ba5f224/in_use.lock acquired by nodename 27083@pr-hdds-2136-chhj8-2666454444
2019-09-17 12:22:45,005 [pool-37-thread-1] INFO  storage.RaftStorage (RaftStorage.java:format(72)) - Storage directory /tmp/workdir/hadoop-ozone/integration-test/target/test-dir/MiniOzoneClusterImpl-97cb6072-9315-4ed4-9dbe-1bfff40012a1/datanode-1/data/ratis/dca5d594-4935-46e7-80c5-8e1e9ba5f224 has been successfully formatted.
2019-09-17 12:22:45,006 [pool-37-thread-1] INFO  ratis.ContainerStateMachine (ContainerStateMachine.java:loadSnapshot(230)) - group-8E1E9BA5F224: The snapshot info is null. Setting the last applied indexto:(t:0, i:~)
2019-09-17 12:22:45,006 [pool-37-thread-1] INFO  server.RaftServerConfigKeys (ConfUtils.java:logGet(43)) - raft.server.notification.no-leader.timeout = 120s (custom)
2019-09-17 12:22:45,006 [pool-37-thread-1] INFO  server.RaftServerConfigKeys (ConfUtils.java:logGet(43)) - raft.server.log.use.memory = false (default)
2019-09-17 12:22:45,006 [pool-37-thread-1] INFO  server.RaftServerConfigKeys (ConfUtils.java:logGet(43)) - raft.server.log.purge.gap = 1000000 (custom)
2019-09-17 12:22:45,007 [pool-37-thread-1] INFO  server.RaftServerConfigKeys (ConfUtils.java:logGet(43)) - raft.server.log.appender.buffer.byte-limit = 33554432 (custom)
2019-09-17 12:22:45,007 [pool-37-thread-1] INFO  server.RaftServerConfigKeys (ConfUtils.java:logGet(43)) - raft.server.log.segment.size.max = 1048576 (custom)
2019-09-17 12:22:45,007 [pool-37-thread-1] INFO  server.RaftServerConfigKeys (ConfUtils.java:logGet(43)) - raft.server.log.segment.cache.num.max = 2 (custom)
2019-09-17 12:22:45,007 [pool-37-thread-1] INFO  segmented.SegmentedRaftLogWorker (SegmentedRaftLogWorker.java:<init>(172)) - new ed86af58-6365-40b3-a78c-ef8881f9dd1e@group-8E1E9BA5F224-SegmentedRaftLogWorker for RaftStorage:Storage Directory /tmp/workdir/hadoop-ozone/integration-test/target/test-dir/MiniOzoneClusterImpl-97cb6072-9315-4ed4-9dbe-1bfff40012a1/datanode-1/data/ratis/dca5d594-4935-46e7-80c5-8e1e9ba5f224
2019-09-17 12:22:45,010 [pool-37-thread-1] INFO  server.RaftServerConfigKeys (ConfUtils.java:logGet(43)) - raft.server.log.queue.byte-limit = 2147483647 (custom)
2019-09-17 12:22:45,010 [pool-37-thread-1] INFO  server.RaftServerConfigKeys (ConfUtils.java:logGet(43)) - raft.server.log.queue.element-limit = 1024 (custom)
2019-09-17 12:22:45,010 [pool-37-thread-1] INFO  server.RaftServerConfigKeys (ConfUtils.java:logGet(43)) - raft.server.log.segment.size.max = 1048576 (custom)
2019-09-17 12:22:45,011 [pool-37-thread-1] INFO  server.RaftServerConfigKeys (ConfUtils.java:logGet(43)) - raft.server.log.preallocated.size = 16384 (custom)
2019-09-17 12:22:45,011 [pool-37-thread-1] INFO  server.RaftServerConfigKeys (ConfUtils.java:logGet(43)) - raft.server.log.write.buffer.size = 33554432 (custom)
2019-09-17 12:22:45,011 [pool-37-thread-1] INFO  server.RaftServerConfigKeys (ConfUtils.java:logGet(43)) - raft.server.log.force.sync.num = 128 (default)
2019-09-17 12:22:45,011 [pool-37-thread-1] INFO  server.RaftServerConfigKeys (ConfUtils.java:logGet(43)) - raft.server.log.statemachine.data.sync = true (default)
2019-09-17 12:22:45,011 [pool-37-thread-1] INFO  server.RaftServerConfigKeys (ConfUtils.java:logGet(43)) - raft.server.log.statemachine.data.sync.timeout = 10s (default)
2019-09-17 12:22:45,011 [pool-37-thread-1] INFO  server.RaftServerConfigKeys (ConfUtils.java:logGet(43)) - raft.server.log.statemachine.data.sync.timeout.retry = -1 (default)
2019-09-17 12:22:45,012 [pool-37-thread-1] INFO  server.RaftServerConfigKeys (ConfUtils.java:logGet(43)) - raft.server.log.statemachine.data.caching.enabled = true (custom)
2019-09-17 12:22:45,012 [pool-37-thread-1] INFO  segmented.SegmentedRaftLogWorker (SegmentedRaftLogWorker.java:lambda$new$0(132)) - ed86af58-6365-40b3-a78c-ef8881f9dd1e@group-8E1E9BA5F224-SegmentedRaftLogWorker: flushIndex: setUnconditionally 0 -> -1
2019-09-17 12:22:45,012 [pool-37-thread-1] INFO  server.RaftServerConfigKeys (ConfUtils.java:logGet(43)) - raft.server.snapshot.auto.trigger.enabled = true (custom)
2019-09-17 12:22:45,012 [pool-37-thread-1] INFO  server.RaftServerConfigKeys (ConfUtils.java:logGet(43)) - raft.server.snapshot.auto.trigger.threshold = 10000 (custom)
2019-09-17 12:22:45,013 [pool-37-thread-1] INFO  server.RaftServerConfigKeys (ConfUtils.java:logGet(43)) - raft.server.snapshot.retention.num.files = 5 (custom)
2019-09-17 12:22:45,013 [pool-37-thread-1] INFO  server.RaftServerConfigKeys (ConfUtils.java:logGet(43)) - raft.server.retrycache.expirytime = 600000ms (custom)
2019-09-17 12:22:45,015 [pool-37-thread-1] INFO  impl.RaftServerImpl (RaftServerImpl.java:start(185)) - ed86af58-6365-40b3-a78c-ef8881f9dd1e@group-8E1E9BA5F224: start as a follower, conf=-1: [ed86af58-6365-40b3-a78c-ef8881f9dd1e:192.168.5.130:38034], old=null
2019-09-17 12:22:45,015 [pool-37-thread-1] INFO  impl.RaftServerImpl (RaftServerImpl.java:setRole(174)) - ed86af58-6365-40b3-a78c-ef8881f9dd1e@group-8E1E9BA5F224: changes role from      null to FOLLOWER at term 0 for startAsFollower
2019-09-17 12:22:45,016 [pool-37-thread-1] INFO  impl.RoleInfo (RoleInfo.java:updateAndGet(143)) - ed86af58-6365-40b3-a78c-ef8881f9dd1e: start FollowerState
2019-09-17 12:22:45,016 [pool-37-thread-1] INFO  util.JmxRegister (JmxRegister.java:tryRegister(44)) - Successfully registered JMX Bean with object name Ratis:service=RaftServer,group=group-8E1E9BA5F224,id=ed86af58-6365-40b3-a78c-ef8881f9dd1e
2019-09-17 12:22:45,031 [RatisPipelineUtilsThread] INFO  pipeline.PipelineStateManager (PipelineStateManager.java:addPipeline(56)) - Created pipeline Pipeline[ Id: dca5d594-4935-46e7-80c5-8e1e9ba5f224, Nodes: ed86af58-6365-40b3-a78c-ef8881f9dd1e{ip: 192.168.5.130, host: pr-hdds-2136-chhj8-2666454444, networkLocation: /default-rack, certSerialId: null}, Type:RATIS, Factor:ONE, State:OPEN]
2019-09-17 12:22:45,046 [grpc-default-executor-0] INFO  impl.RaftServerProxy (RaftServerProxy.java:addNew(89)) - ef58021b-0245-4b2a-b464-78c332d31a33: addNew group-80403BFEB108:[ef58021b-0245-4b2a-b464-78c332d31a33:192.168.5.130:45449] returns group-80403BFEB108:java.util.concurrent.CompletableFuture@71382992[Not completed]
2019-09-17 12:22:45,052 [pool-87-thread-1] INFO  impl.RaftServerImpl (RaftServerImpl.java:<init>(95)) - ef58021b-0245-4b2a-b464-78c332d31a33: new RaftServerImpl for group-80403BFEB108:[ef58021b-0245-4b2a-b464-78c332d31a33:192.168.5.130:45449] with ContainerStateMachine:uninitialized
2019-09-17 12:22:45,052 [pool-87-thread-1] INFO  server.RaftServerConfigKeys (ConfUtils.java:logGet(43)) - raft.server.rpc.timeout.min = 1s (custom)
2019-09-17 12:22:45,052 [pool-87-thread-1] INFO  server.RaftServerConfigKeys (ConfUtils.java:logGet(43)) - raft.server.rpc.timeout.max = 1200ms (custom)
2019-09-17 12:22:45,052 [pool-87-thread-1] INFO  server.RaftServerConfigKeys (ConfUtils.java:logGet(43)) - raft.server.rpcslowness.timeout = 120s (custom)
2019-09-17 12:22:45,052 [pool-87-thread-1] INFO  server.RaftServerConfigKeys (ConfUtils.java:logGet(43)) - raft.server.sleep.deviation.threshold = 300 (default)
2019-09-17 12:22:45,052 [pool-87-thread-1] INFO  server.RaftServerConfigKeys (ConfUtils.java:logGet(43)) - raft.server.log.appender.install.snapshot.enabled = false (custom)
2019-09-17 12:22:45,052 [pool-87-thread-1] INFO  impl.RaftServerImpl (ServerState.java:<init>(103)) - ef58021b-0245-4b2a-b464-78c332d31a33@group-80403BFEB108: ConfigurationManager, init=-1: [ef58021b-0245-4b2a-b464-78c332d31a33:192.168.5.130:45449], old=null, confs=<EMPTY_MAP>
2019-09-17 12:22:45,053 [pool-87-thread-1] INFO  server.RaftServerConfigKeys (ConfUtils.java:logGet(43)) - raft.server.storage.dir = [/tmp/workdir/hadoop-ozone/integration-test/target/test-dir/MiniOzoneClusterImpl-97cb6072-9315-4ed4-9dbe-1bfff40012a1/datanode-6/data/ratis] (custom)
2019-09-17 12:22:45,053 [pool-87-thread-1] INFO  storage.RaftStorageDirectory (RaftStorageDirectory.java:analyzeStorage(246)) - The storage directory /tmp/workdir/hadoop-ozone/integration-test/target/test-dir/MiniOzoneClusterImpl-97cb6072-9315-4ed4-9dbe-1bfff40012a1/datanode-6/data/ratis/f69d8ccf-9fd2-42b7-9bd6-80403bfeb108 does not exist. Creating ...
2019-09-17 12:22:45,097 [pool-87-thread-1] INFO  storage.RaftStorageDirectory (RaftStorageDirectory.java:tryLock(328)) - Lock on /tmp/workdir/hadoop-ozone/integration-test/target/test-dir/MiniOzoneClusterImpl-97cb6072-9315-4ed4-9dbe-1bfff40012a1/datanode-6/data/ratis/f69d8ccf-9fd2-42b7-9bd6-80403bfeb108/in_use.lock acquired by nodename 27083@pr-hdds-2136-chhj8-2666454444
2019-09-17 12:22:45,114 [pool-87-thread-1] INFO  storage.RaftStorage (RaftStorage.java:format(72)) - Storage directory /tmp/workdir/hadoop-ozone/integration-test/target/test-dir/MiniOzoneClusterImpl-97cb6072-9315-4ed4-9dbe-1bfff40012a1/datanode-6/data/ratis/f69d8ccf-9fd2-42b7-9bd6-80403bfeb108 has been successfully formatted.
2019-09-17 12:22:45,115 [pool-87-thread-1] INFO  ratis.ContainerStateMachine (ContainerStateMachine.java:loadSnapshot(230)) - group-80403BFEB108: The snapshot info is null. Setting the last applied indexto:(t:0, i:~)
2019-09-17 12:22:45,115 [pool-87-thread-1] INFO  server.RaftServerConfigKeys (ConfUtils.java:logGet(43)) - raft.server.notification.no-leader.timeout = 120s (custom)
2019-09-17 12:22:45,115 [pool-87-thread-1] INFO  server.RaftServerConfigKeys (ConfUtils.java:logGet(43)) - raft.server.log.use.memory = false (default)
2019-09-17 12:22:45,115 [pool-87-thread-1] INFO  server.RaftServerConfigKeys (ConfUtils.java:logGet(43)) - raft.server.log.purge.gap = 1000000 (custom)
2019-09-17 12:22:45,115 [pool-87-thread-1] INFO  server.RaftServerConfigKeys (ConfUtils.java:logGet(43)) - raft.server.log.appender.buffer.byte-limit = 33554432 (custom)
2019-09-17 12:22:45,115 [pool-87-thread-1] INFO  server.RaftServerConfigKeys (ConfUtils.java:logGet(43)) - raft.server.log.segment.size.max = 1048576 (custom)
2019-09-17 12:22:45,115 [pool-87-thread-1] INFO  server.RaftServerConfigKeys (ConfUtils.java:logGet(43)) - raft.server.log.segment.cache.num.max = 2 (custom)
2019-09-17 12:22:45,116 [pool-87-thread-1] INFO  segmented.SegmentedRaftLogWorker (SegmentedRaftLogWorker.java:<init>(172)) - new ef58021b-0245-4b2a-b464-78c332d31a33@group-80403BFEB108-SegmentedRaftLogWorker for RaftStorage:Storage Directory /tmp/workdir/hadoop-ozone/integration-test/target/test-dir/MiniOzoneClusterImpl-97cb6072-9315-4ed4-9dbe-1bfff40012a1/datanode-6/data/ratis/f69d8ccf-9fd2-42b7-9bd6-80403bfeb108
2019-09-17 12:22:45,118 [pool-87-thread-1] INFO  server.RaftServerConfigKeys (ConfUtils.java:logGet(43)) - raft.server.log.queue.byte-limit = 2147483647 (custom)
2019-09-17 12:22:45,118 [pool-87-thread-1] INFO  server.RaftServerConfigKeys (ConfUtils.java:logGet(43)) - raft.server.log.queue.element-limit = 1024 (custom)
2019-09-17 12:22:45,118 [pool-87-thread-1] INFO  server.RaftServerConfigKeys (ConfUtils.java:logGet(43)) - raft.server.log.segment.size.max = 1048576 (custom)
2019-09-17 12:22:45,118 [pool-87-thread-1] INFO  server.RaftServerConfigKeys (ConfUtils.java:logGet(43)) - raft.server.log.preallocated.size = 16384 (custom)
2019-09-17 12:22:45,118 [pool-87-thread-1] INFO  server.RaftServerConfigKeys (ConfUtils.java:logGet(43)) - raft.server.log.write.buffer.size = 33554432 (custom)
2019-09-17 12:22:45,119 [pool-87-thread-1] INFO  server.RaftServerConfigKeys (ConfUtils.java:logGet(43)) - raft.server.log.force.sync.num = 128 (default)
2019-09-17 12:22:45,119 [pool-87-thread-1] INFO  server.RaftServerConfigKeys (ConfUtils.java:logGet(43)) - raft.server.log.statemachine.data.sync = true (default)
2019-09-17 12:22:45,119 [pool-87-thread-1] INFO  server.RaftServerConfigKeys (ConfUtils.java:logGet(43)) - raft.server.log.statemachine.data.sync.timeout = 10s (default)
2019-09-17 12:22:45,119 [pool-87-thread-1] INFO  server.RaftServerConfigKeys (ConfUtils.java:logGet(43)) - raft.server.log.statemachine.data.sync.timeout.retry = -1 (default)
2019-09-17 12:22:45,119 [pool-87-thread-1] INFO  server.RaftServerConfigKeys (ConfUtils.java:logGet(43)) - raft.server.log.statemachine.data.caching.enabled = true (custom)
2019-09-17 12:22:45,119 [pool-87-thread-1] INFO  segmented.SegmentedRaftLogWorker (SegmentedRaftLogWorker.java:lambda$new$0(132)) - ef58021b-0245-4b2a-b464-78c332d31a33@group-80403BFEB108-SegmentedRaftLogWorker: flushIndex: setUnconditionally 0 -> -1
2019-09-17 12:22:45,120 [pool-87-thread-1] INFO  server.RaftServerConfigKeys (ConfUtils.java:logGet(43)) - raft.server.snapshot.auto.trigger.enabled = true (custom)
2019-09-17 12:22:45,120 [pool-87-thread-1] INFO  server.RaftServerConfigKeys (ConfUtils.java:logGet(43)) - raft.server.snapshot.auto.trigger.threshold = 10000 (custom)
2019-09-17 12:22:45,120 [pool-87-thread-1] INFO  server.RaftServerConfigKeys (ConfUtils.java:logGet(43)) - raft.server.snapshot.retention.num.files = 5 (custom)
2019-09-17 12:22:45,120 [pool-87-thread-1] INFO  server.RaftServerConfigKeys (ConfUtils.java:logGet(43)) - raft.server.retrycache.expirytime = 600000ms (custom)
2019-09-17 12:22:45,122 [pool-87-thread-1] INFO  impl.RaftServerImpl (RaftServerImpl.java:start(185)) - ef58021b-0245-4b2a-b464-78c332d31a33@group-80403BFEB108: start as a follower, conf=-1: [ef58021b-0245-4b2a-b464-78c332d31a33:192.168.5.130:45449], old=null
2019-09-17 12:22:45,122 [pool-87-thread-1] INFO  impl.RaftServerImpl (RaftServerImpl.java:setRole(174)) - ef58021b-0245-4b2a-b464-78c332d31a33@group-80403BFEB108: changes role from      null to FOLLOWER at term 0 for startAsFollower
2019-09-17 12:22:45,122 [pool-87-thread-1] INFO  impl.RoleInfo (RoleInfo.java:updateAndGet(143)) - ef58021b-0245-4b2a-b464-78c332d31a33: start FollowerState
2019-09-17 12:22:45,122 [pool-87-thread-1] INFO  util.JmxRegister (JmxRegister.java:tryRegister(44)) - Successfully registered JMX Bean with object name Ratis:service=RaftServer,group=group-80403BFEB108,id=ef58021b-0245-4b2a-b464-78c332d31a33
2019-09-17 12:22:45,146 [RatisPipelineUtilsThread] INFO  pipeline.PipelineStateManager (PipelineStateManager.java:addPipeline(56)) - Created pipeline Pipeline[ Id: f69d8ccf-9fd2-42b7-9bd6-80403bfeb108, Nodes: ef58021b-0245-4b2a-b464-78c332d31a33{ip: 192.168.5.130, host: pr-hdds-2136-chhj8-2666454444, networkLocation: /default-rack, certSerialId: null}, Type:RATIS, Factor:ONE, State:OPEN]
2019-09-17 12:22:45,162 [grpc-default-executor-0] INFO  impl.RaftServerProxy (RaftServerProxy.java:addNew(89)) - 89060399-4494-4f9b-b1c5-9635c65f7453: addNew group-0FAA62C80547:[89060399-4494-4f9b-b1c5-9635c65f7453:192.168.5.130:44284] returns group-0FAA62C80547:java.util.concurrent.CompletableFuture@52add553[Not completed]
2019-09-17 12:22:45,169 [pool-47-thread-1] INFO  impl.RaftServerImpl (RaftServerImpl.java:<init>(95)) - 89060399-4494-4f9b-b1c5-9635c65f7453: new RaftServerImpl for group-0FAA62C80547:[89060399-4494-4f9b-b1c5-9635c65f7453:192.168.5.130:44284] with ContainerStateMachine:uninitialized
2019-09-17 12:22:45,169 [pool-47-thread-1] INFO  server.RaftServerConfigKeys (ConfUtils.java:logGet(43)) - raft.server.rpc.timeout.min = 1s (custom)
2019-09-17 12:22:45,169 [pool-47-thread-1] INFO  server.RaftServerConfigKeys (ConfUtils.java:logGet(43)) - raft.server.rpc.timeout.max = 1200ms (custom)
2019-09-17 12:22:45,169 [pool-47-thread-1] INFO  server.RaftServerConfigKeys (ConfUtils.java:logGet(43)) - raft.server.rpcslowness.timeout = 120s (custom)
2019-09-17 12:22:45,170 [pool-47-thread-1] INFO  server.RaftServerConfigKeys (ConfUtils.java:logGet(43)) - raft.server.sleep.deviation.threshold = 300 (default)
2019-09-17 12:22:45,170 [pool-47-thread-1] INFO  server.RaftServerConfigKeys (ConfUtils.java:logGet(43)) - raft.server.log.appender.install.snapshot.enabled = false (custom)
2019-09-17 12:22:45,170 [pool-47-thread-1] INFO  impl.RaftServerImpl (ServerState.java:<init>(103)) - 89060399-4494-4f9b-b1c5-9635c65f7453@group-0FAA62C80547: ConfigurationManager, init=-1: [89060399-4494-4f9b-b1c5-9635c65f7453:192.168.5.130:44284], old=null, confs=<EMPTY_MAP>
2019-09-17 12:22:45,170 [pool-47-thread-1] INFO  server.RaftServerConfigKeys (ConfUtils.java:logGet(43)) - raft.server.storage.dir = [/tmp/workdir/hadoop-ozone/integration-test/target/test-dir/MiniOzoneClusterImpl-97cb6072-9315-4ed4-9dbe-1bfff40012a1/datanode-2/data/ratis] (custom)
2019-09-17 12:22:45,171 [pool-47-thread-1] INFO  storage.RaftStorageDirectory (RaftStorageDirectory.java:analyzeStorage(246)) - The storage directory /tmp/workdir/hadoop-ozone/integration-test/target/test-dir/MiniOzoneClusterImpl-97cb6072-9315-4ed4-9dbe-1bfff40012a1/datanode-2/data/ratis/464013f2-edae-451e-bff1-0faa62c80547 does not exist. Creating ...
2019-09-17 12:22:45,190 [pool-47-thread-1] INFO  storage.RaftStorageDirectory (RaftStorageDirectory.java:tryLock(328)) - Lock on /tmp/workdir/hadoop-ozone/integration-test/target/test-dir/MiniOzoneClusterImpl-97cb6072-9315-4ed4-9dbe-1bfff40012a1/datanode-2/data/ratis/464013f2-edae-451e-bff1-0faa62c80547/in_use.lock acquired by nodename 27083@pr-hdds-2136-chhj8-2666454444
2019-09-17 12:22:45,197 [main] INFO  ozone.MiniOzoneClusterImpl (MiniOzoneClusterImpl.java:lambda$waitForClusterToBeReady$0(145)) - Cluster is ready. Got 10 of 10 DN Heartbeats.
2019-09-17 12:22:45,215 [pool-47-thread-1] INFO  storage.RaftStorage (RaftStorage.java:format(72)) - Storage directory /tmp/workdir/hadoop-ozone/integration-test/target/test-dir/MiniOzoneClusterImpl-97cb6072-9315-4ed4-9dbe-1bfff40012a1/datanode-2/data/ratis/464013f2-edae-451e-bff1-0faa62c80547 has been successfully formatted.
2019-09-17 12:22:45,216 [pool-47-thread-1] INFO  ratis.ContainerStateMachine (ContainerStateMachine.java:loadSnapshot(230)) - group-0FAA62C80547: The snapshot info is null. Setting the last applied indexto:(t:0, i:~)
2019-09-17 12:22:45,216 [pool-47-thread-1] INFO  server.RaftServerConfigKeys (ConfUtils.java:logGet(43)) - raft.server.notification.no-leader.timeout = 120s (custom)
2019-09-17 12:22:45,216 [pool-47-thread-1] INFO  server.RaftServerConfigKeys (ConfUtils.java:logGet(43)) - raft.server.log.use.memory = false (default)
2019-09-17 12:22:45,216 [pool-47-thread-1] INFO  server.RaftServerConfigKeys (ConfUtils.java:logGet(43)) - raft.server.log.purge.gap = 1000000 (custom)
2019-09-17 12:22:45,216 [pool-47-thread-1] INFO  server.RaftServerConfigKeys (ConfUtils.java:logGet(43)) - raft.server.log.appender.buffer.byte-limit = 33554432 (custom)
2019-09-17 12:22:45,216 [pool-47-thread-1] INFO  server.RaftServerConfigKeys (ConfUtils.java:logGet(43)) - raft.server.log.segment.size.max = 1048576 (custom)
2019-09-17 12:22:45,216 [pool-47-thread-1] INFO  server.RaftServerConfigKeys (ConfUtils.java:logGet(43)) - raft.server.log.segment.cache.num.max = 2 (custom)
2019-09-17 12:22:45,217 [pool-47-thread-1] INFO  segmented.SegmentedRaftLogWorker (SegmentedRaftLogWorker.java:<init>(172)) - new 89060399-4494-4f9b-b1c5-9635c65f7453@group-0FAA62C80547-SegmentedRaftLogWorker for RaftStorage:Storage Directory /tmp/workdir/hadoop-ozone/integration-test/target/test-dir/MiniOzoneClusterImpl-97cb6072-9315-4ed4-9dbe-1bfff40012a1/datanode-2/data/ratis/464013f2-edae-451e-bff1-0faa62c80547
2019-09-17 12:22:45,219 [pool-47-thread-1] INFO  server.RaftServerConfigKeys (ConfUtils.java:logGet(43)) - raft.server.log.queue.byte-limit = 2147483647 (custom)
2019-09-17 12:22:45,219 [pool-47-thread-1] INFO  server.RaftServerConfigKeys (ConfUtils.java:logGet(43)) - raft.server.log.queue.element-limit = 1024 (custom)
2019-09-17 12:22:45,219 [pool-47-thread-1] INFO  server.RaftServerConfigKeys (ConfUtils.java:logGet(43)) - raft.server.log.segment.size.max = 1048576 (custom)
2019-09-17 12:22:45,219 [pool-47-thread-1] INFO  server.RaftServerConfigKeys (ConfUtils.java:logGet(43)) - raft.server.log.preallocated.size = 16384 (custom)
2019-09-17 12:22:45,220 [pool-47-thread-1] INFO  server.RaftServerConfigKeys (ConfUtils.java:logGet(43)) - raft.server.log.write.buffer.size = 33554432 (custom)
2019-09-17 12:22:45,220 [pool-47-thread-1] INFO  server.RaftServerConfigKeys (ConfUtils.java:logGet(43)) - raft.server.log.force.sync.num = 128 (default)
2019-09-17 12:22:45,220 [pool-47-thread-1] INFO  server.RaftServerConfigKeys (ConfUtils.java:logGet(43)) - raft.server.log.statemachine.data.sync = true (default)
2019-09-17 12:22:45,220 [pool-47-thread-1] INFO  server.RaftServerConfigKeys (ConfUtils.java:logGet(43)) - raft.server.log.statemachine.data.sync.timeout = 10s (default)
2019-09-17 12:22:45,220 [pool-47-thread-1] INFO  server.RaftServerConfigKeys (ConfUtils.java:logGet(43)) - raft.server.log.statemachine.data.sync.timeout.retry = -1 (default)
2019-09-17 12:22:45,220 [pool-47-thread-1] INFO  server.RaftServerConfigKeys (ConfUtils.java:logGet(43)) - raft.server.log.statemachine.data.caching.enabled = true (custom)
2019-09-17 12:22:45,221 [pool-47-thread-1] INFO  segmented.SegmentedRaftLogWorker (SegmentedRaftLogWorker.java:lambda$new$0(132)) - 89060399-4494-4f9b-b1c5-9635c65f7453@group-0FAA62C80547-SegmentedRaftLogWorker: flushIndex: setUnconditionally 0 -> -1
2019-09-17 12:22:45,221 [pool-47-thread-1] INFO  server.RaftServerConfigKeys (ConfUtils.java:logGet(43)) - raft.server.snapshot.auto.trigger.enabled = true (custom)
2019-09-17 12:22:45,221 [pool-47-thread-1] INFO  server.RaftServerConfigKeys (ConfUtils.java:logGet(43)) - raft.server.snapshot.auto.trigger.threshold = 10000 (custom)
2019-09-17 12:22:45,221 [pool-47-thread-1] INFO  server.RaftServerConfigKeys (ConfUtils.java:logGet(43)) - raft.server.snapshot.retention.num.files = 5 (custom)
2019-09-17 12:22:45,221 [pool-47-thread-1] INFO  server.RaftServerConfigKeys (ConfUtils.java:logGet(43)) - raft.server.retrycache.expirytime = 600000ms (custom)
2019-09-17 12:22:45,224 [pool-47-thread-1] INFO  impl.RaftServerImpl (RaftServerImpl.java:start(185)) - 89060399-4494-4f9b-b1c5-9635c65f7453@group-0FAA62C80547: start as a follower, conf=-1: [89060399-4494-4f9b-b1c5-9635c65f7453:192.168.5.130:44284], old=null
2019-09-17 12:22:45,224 [pool-47-thread-1] INFO  impl.RaftServerImpl (RaftServerImpl.java:setRole(174)) - 89060399-4494-4f9b-b1c5-9635c65f7453@group-0FAA62C80547: changes role from      null to FOLLOWER at term 0 for startAsFollower
2019-09-17 12:22:45,224 [pool-47-thread-1] INFO  impl.RoleInfo (RoleInfo.java:updateAndGet(143)) - 89060399-4494-4f9b-b1c5-9635c65f7453: start FollowerState
2019-09-17 12:22:45,224 [pool-47-thread-1] INFO  util.JmxRegister (JmxRegister.java:tryRegister(44)) - Successfully registered JMX Bean with object name Ratis:service=RaftServer,group=group-0FAA62C80547,id=89060399-4494-4f9b-b1c5-9635c65f7453
2019-09-17 12:22:45,236 [RatisPipelineUtilsThread] INFO  pipeline.PipelineStateManager (PipelineStateManager.java:addPipeline(56)) - Created pipeline Pipeline[ Id: 464013f2-edae-451e-bff1-0faa62c80547, Nodes: 89060399-4494-4f9b-b1c5-9635c65f7453{ip: 192.168.5.130, host: pr-hdds-2136-chhj8-2666454444, networkLocation: /default-rack, certSerialId: null}, Type:RATIS, Factor:ONE, State:OPEN]
2019-09-17 12:22:45,253 [grpc-default-executor-0] INFO  impl.RaftServerProxy (RaftServerProxy.java:addNew(89)) - 84b9980c-7545-47f2-8f8d-7bdb4cb4587c: addNew group-1C8D5B391EC8:[84b9980c-7545-47f2-8f8d-7bdb4cb4587c:192.168.5.130:43486] returns group-1C8D5B391EC8:java.util.concurrent.CompletableFuture@71ea761d[Not completed]
2019-09-17 12:22:45,258 [pool-107-thread-1] INFO  impl.RaftServerImpl (RaftServerImpl.java:<init>(95)) - 84b9980c-7545-47f2-8f8d-7bdb4cb4587c: new RaftServerImpl for group-1C8D5B391EC8:[84b9980c-7545-47f2-8f8d-7bdb4cb4587c:192.168.5.130:43486] with ContainerStateMachine:uninitialized
2019-09-17 12:22:45,258 [pool-107-thread-1] INFO  server.RaftServerConfigKeys (ConfUtils.java:logGet(43)) - raft.server.rpc.timeout.min = 1s (custom)
2019-09-17 12:22:45,258 [pool-107-thread-1] INFO  server.RaftServerConfigKeys (ConfUtils.java:logGet(43)) - raft.server.rpc.timeout.max = 1200ms (custom)
2019-09-17 12:22:45,259 [pool-107-thread-1] INFO  server.RaftServerConfigKeys (ConfUtils.java:logGet(43)) - raft.server.rpcslowness.timeout = 120s (custom)
2019-09-17 12:22:45,259 [pool-107-thread-1] INFO  server.RaftServerConfigKeys (ConfUtils.java:logGet(43)) - raft.server.sleep.deviation.threshold = 300 (default)
2019-09-17 12:22:45,259 [pool-107-thread-1] INFO  server.RaftServerConfigKeys (ConfUtils.java:logGet(43)) - raft.server.log.appender.install.snapshot.enabled = false (custom)
2019-09-17 12:22:45,259 [pool-107-thread-1] INFO  impl.RaftServerImpl (ServerState.java:<init>(103)) - 84b9980c-7545-47f2-8f8d-7bdb4cb4587c@group-1C8D5B391EC8: ConfigurationManager, init=-1: [84b9980c-7545-47f2-8f8d-7bdb4cb4587c:192.168.5.130:43486], old=null, confs=<EMPTY_MAP>
2019-09-17 12:22:45,259 [pool-107-thread-1] INFO  server.RaftServerConfigKeys (ConfUtils.java:logGet(43)) - raft.server.storage.dir = [/tmp/workdir/hadoop-ozone/integration-test/target/test-dir/MiniOzoneClusterImpl-97cb6072-9315-4ed4-9dbe-1bfff40012a1/datanode-8/data/ratis] (custom)
2019-09-17 12:22:45,260 [pool-107-thread-1] INFO  storage.RaftStorageDirectory (RaftStorageDirectory.java:analyzeStorage(246)) - The storage directory /tmp/workdir/hadoop-ozone/integration-test/target/test-dir/MiniOzoneClusterImpl-97cb6072-9315-4ed4-9dbe-1bfff40012a1/datanode-8/data/ratis/855e480e-4287-4604-85b8-1c8d5b391ec8 does not exist. Creating ...
2019-09-17 12:22:45,282 [pool-107-thread-1] INFO  storage.RaftStorageDirectory (RaftStorageDirectory.java:tryLock(328)) - Lock on /tmp/workdir/hadoop-ozone/integration-test/target/test-dir/MiniOzoneClusterImpl-97cb6072-9315-4ed4-9dbe-1bfff40012a1/datanode-8/data/ratis/855e480e-4287-4604-85b8-1c8d5b391ec8/in_use.lock acquired by nodename 27083@pr-hdds-2136-chhj8-2666454444
2019-09-17 12:22:45,324 [pool-107-thread-1] INFO  storage.RaftStorage (RaftStorage.java:format(72)) - Storage directory /tmp/workdir/hadoop-ozone/integration-test/target/test-dir/MiniOzoneClusterImpl-97cb6072-9315-4ed4-9dbe-1bfff40012a1/datanode-8/data/ratis/855e480e-4287-4604-85b8-1c8d5b391ec8 has been successfully formatted.
2019-09-17 12:22:45,325 [pool-107-thread-1] INFO  ratis.ContainerStateMachine (ContainerStateMachine.java:loadSnapshot(230)) - group-1C8D5B391EC8: The snapshot info is null. Setting the last applied indexto:(t:0, i:~)
2019-09-17 12:22:45,325 [pool-107-thread-1] INFO  server.RaftServerConfigKeys (ConfUtils.java:logGet(43)) - raft.server.notification.no-leader.timeout = 120s (custom)
2019-09-17 12:22:45,325 [pool-107-thread-1] INFO  server.RaftServerConfigKeys (ConfUtils.java:logGet(43)) - raft.server.log.use.memory = false (default)
2019-09-17 12:22:45,325 [pool-107-thread-1] INFO  server.RaftServerConfigKeys (ConfUtils.java:logGet(43)) - raft.server.log.purge.gap = 1000000 (custom)
2019-09-17 12:22:45,380 [pool-107-thread-1] INFO  server.RaftServerConfigKeys (ConfUtils.java:logGet(43)) - raft.server.log.appender.buffer.byte-limit = 33554432 (custom)
2019-09-17 12:22:45,386 [pool-107-thread-1] INFO  server.RaftServerConfigKeys (ConfUtils.java:logGet(43)) - raft.server.log.segment.size.max = 1048576 (custom)
2019-09-17 12:22:45,387 [pool-107-thread-1] INFO  server.RaftServerConfigKeys (ConfUtils.java:logGet(43)) - raft.server.log.segment.cache.num.max = 2 (custom)
2019-09-17 12:22:45,387 [pool-107-thread-1] INFO  segmented.SegmentedRaftLogWorker (SegmentedRaftLogWorker.java:<init>(172)) - new 84b9980c-7545-47f2-8f8d-7bdb4cb4587c@group-1C8D5B391EC8-SegmentedRaftLogWorker for RaftStorage:Storage Directory /tmp/workdir/hadoop-ozone/integration-test/target/test-dir/MiniOzoneClusterImpl-97cb6072-9315-4ed4-9dbe-1bfff40012a1/datanode-8/data/ratis/855e480e-4287-4604-85b8-1c8d5b391ec8
2019-09-17 12:22:45,389 [pool-107-thread-1] INFO  server.RaftServerConfigKeys (ConfUtils.java:logGet(43)) - raft.server.log.queue.byte-limit = 2147483647 (custom)
2019-09-17 12:22:45,389 [pool-107-thread-1] INFO  server.RaftServerConfigKeys (ConfUtils.java:logGet(43)) - raft.server.log.queue.element-limit = 1024 (custom)
2019-09-17 12:22:45,389 [pool-107-thread-1] INFO  server.RaftServerConfigKeys (ConfUtils.java:logGet(43)) - raft.server.log.segment.size.max = 1048576 (custom)
2019-09-17 12:22:45,390 [pool-107-thread-1] INFO  server.RaftServerConfigKeys (ConfUtils.java:logGet(43)) - raft.server.log.preallocated.size = 16384 (custom)
2019-09-17 12:22:45,390 [pool-107-thread-1] INFO  server.RaftServerConfigKeys (ConfUtils.java:logGet(43)) - raft.server.log.write.buffer.size = 33554432 (custom)
2019-09-17 12:22:45,390 [pool-107-thread-1] INFO  server.RaftServerConfigKeys (ConfUtils.java:logGet(43)) - raft.server.log.force.sync.num = 128 (default)
2019-09-17 12:22:45,390 [pool-107-thread-1] INFO  server.RaftServerConfigKeys (ConfUtils.java:logGet(43)) - raft.server.log.statemachine.data.sync = true (default)
2019-09-17 12:22:45,390 [pool-107-thread-1] INFO  server.RaftServerConfigKeys (ConfUtils.java:logGet(43)) - raft.server.log.statemachine.data.sync.timeout = 10s (default)
2019-09-17 12:22:45,390 [pool-107-thread-1] INFO  server.RaftServerConfigKeys (ConfUtils.java:logGet(43)) - raft.server.log.statemachine.data.sync.timeout.retry = -1 (default)
2019-09-17 12:22:45,391 [pool-107-thread-1] INFO  server.RaftServerConfigKeys (ConfUtils.java:logGet(43)) - raft.server.log.statemachine.data.caching.enabled = true (custom)
2019-09-17 12:22:45,391 [pool-107-thread-1] INFO  segmented.SegmentedRaftLogWorker (SegmentedRaftLogWorker.java:lambda$new$0(132)) - 84b9980c-7545-47f2-8f8d-7bdb4cb4587c@group-1C8D5B391EC8-SegmentedRaftLogWorker: flushIndex: setUnconditionally 0 -> -1
2019-09-17 12:22:45,391 [pool-107-thread-1] INFO  server.RaftServerConfigKeys (ConfUtils.java:logGet(43)) - raft.server.snapshot.auto.trigger.enabled = true (custom)
2019-09-17 12:22:45,391 [pool-107-thread-1] INFO  server.RaftServerConfigKeys (ConfUtils.java:logGet(43)) - raft.server.snapshot.auto.trigger.threshold = 10000 (custom)
2019-09-17 12:22:45,391 [pool-107-thread-1] INFO  server.RaftServerConfigKeys (ConfUtils.java:logGet(43)) - raft.server.snapshot.retention.num.files = 5 (custom)
2019-09-17 12:22:45,394 [pool-107-thread-1] INFO  server.RaftServerConfigKeys (ConfUtils.java:logGet(43)) - raft.server.retrycache.expirytime = 600000ms (custom)
2019-09-17 12:22:45,453 [Thread-285] INFO  impl.FollowerState (FollowerState.java:run(106)) - ba884459-fbaf-490e-9b71-3c718ea82914:group-571D84A0DC15 changes to CANDIDATE, lastRpcTime:1169, electionTimeout:1164ms
2019-09-17 12:22:45,455 [pool-107-thread-1] INFO  impl.RaftServerImpl (RaftServerImpl.java:start(185)) - 84b9980c-7545-47f2-8f8d-7bdb4cb4587c@group-1C8D5B391EC8: start as a follower, conf=-1: [84b9980c-7545-47f2-8f8d-7bdb4cb4587c:192.168.5.130:43486], old=null
2019-09-17 12:22:45,456 [pool-107-thread-1] INFO  impl.RaftServerImpl (RaftServerImpl.java:setRole(174)) - 84b9980c-7545-47f2-8f8d-7bdb4cb4587c@group-1C8D5B391EC8: changes role from      null to FOLLOWER at term 0 for startAsFollower
2019-09-17 12:22:45,456 [pool-107-thread-1] INFO  impl.RoleInfo (RoleInfo.java:updateAndGet(143)) - 84b9980c-7545-47f2-8f8d-7bdb4cb4587c: start FollowerState
2019-09-17 12:22:45,456 [Thread-285] INFO  impl.RoleInfo (RoleInfo.java:shutdownFollowerState(121)) - ba884459-fbaf-490e-9b71-3c718ea82914: shutdown FollowerState
2019-09-17 12:22:45,456 [Thread-285] INFO  impl.RaftServerImpl (RaftServerImpl.java:setRole(174)) - ba884459-fbaf-490e-9b71-3c718ea82914@group-571D84A0DC15: changes role from  FOLLOWER to CANDIDATE at term 0 for changeToCandidate
2019-09-17 12:22:45,456 [pool-107-thread-1] INFO  util.JmxRegister (JmxRegister.java:tryRegister(44)) - Successfully registered JMX Bean with object name Ratis:service=RaftServer,group=group-1C8D5B391EC8,id=84b9980c-7545-47f2-8f8d-7bdb4cb4587c
2019-09-17 12:22:45,463 [Thread-285] INFO  impl.RoleInfo (RoleInfo.java:updateAndGet(143)) - ba884459-fbaf-490e-9b71-3c718ea82914: start LeaderElection
2019-09-17 12:22:45,475 [RatisPipelineUtilsThread] INFO  pipeline.PipelineStateManager (PipelineStateManager.java:addPipeline(56)) - Created pipeline Pipeline[ Id: 855e480e-4287-4604-85b8-1c8d5b391ec8, Nodes: 84b9980c-7545-47f2-8f8d-7bdb4cb4587c{ip: 192.168.5.130, host: pr-hdds-2136-chhj8-2666454444, networkLocation: /default-rack, certSerialId: null}, Type:RATIS, Factor:ONE, State:OPEN]
2019-09-17 12:22:45,491 [ba884459-fbaf-490e-9b71-3c718ea82914@group-571D84A0DC15:LeaderElection1] INFO  impl.LeaderElection (LeaderElection.java:askForVotes(182)) - ba884459-fbaf-490e-9b71-3c718ea82914@group-571D84A0DC15:LeaderElection1: begin an election at term 1 for -1: [ba884459-fbaf-490e-9b71-3c718ea82914:192.168.5.130:43469], old=null
2019-09-17 12:22:45,493 [ba884459-fbaf-490e-9b71-3c718ea82914@group-571D84A0DC15:LeaderElection1] INFO  impl.RoleInfo (RoleInfo.java:shutdownLeaderElection(134)) - ba884459-fbaf-490e-9b71-3c718ea82914: shutdown LeaderElection
2019-09-17 12:22:45,493 [ba884459-fbaf-490e-9b71-3c718ea82914@group-571D84A0DC15:LeaderElection1] INFO  impl.RaftServerImpl (RaftServerImpl.java:setRole(174)) - ba884459-fbaf-490e-9b71-3c718ea82914@group-571D84A0DC15: changes role from CANDIDATE to LEADER at term 1 for changeToLeader
2019-09-17 12:22:45,493 [ba884459-fbaf-490e-9b71-3c718ea82914@group-571D84A0DC15:LeaderElection1] INFO  impl.RaftServerImpl (ServerState.java:setLeader(253)) - ba884459-fbaf-490e-9b71-3c718ea82914@group-571D84A0DC15: change Leader from null to ba884459-fbaf-490e-9b71-3c718ea82914 at term 1 for becomeLeader, leader elected after 1325ms
2019-09-17 12:22:45,500 [grpc-default-executor-0] INFO  impl.RaftServerProxy (RaftServerProxy.java:addNew(89)) - 50fefd0a-f6ac-4da1-9b01-f02eab2da215: addNew group-83B50BF1519D:[50fefd0a-f6ac-4da1-9b01-f02eab2da215:192.168.5.130:44878] returns group-83B50BF1519D:java.util.concurrent.CompletableFuture@1f75dbf[Not completed]
2019-09-17 12:22:45,509 [ba884459-fbaf-490e-9b71-3c718ea82914@group-571D84A0DC15:LeaderElection1] INFO  server.RaftServerConfigKeys (ConfUtils.java:logGet(43)) - raft.server.staging.catchup.gap = 1000 (default)
2019-09-17 12:22:45,512 [ba884459-fbaf-490e-9b71-3c718ea82914@group-571D84A0DC15:LeaderElection1] INFO  server.RaftServerConfigKeys (ConfUtils.java:logGet(43)) - raft.server.rpc.sleep.time = 25ms (default)
2019-09-17 12:22:45,513 [pool-57-thread-1] INFO  impl.RaftServerImpl (RaftServerImpl.java:<init>(95)) - 50fefd0a-f6ac-4da1-9b01-f02eab2da215: new RaftServerImpl for group-83B50BF1519D:[50fefd0a-f6ac-4da1-9b01-f02eab2da215:192.168.5.130:44878] with ContainerStateMachine:uninitialized
2019-09-17 12:22:45,513 [pool-57-thread-1] INFO  server.RaftServerConfigKeys (ConfUtils.java:logGet(43)) - raft.server.rpc.timeout.min = 1s (custom)
2019-09-17 12:22:45,513 [pool-57-thread-1] INFO  server.RaftServerConfigKeys (ConfUtils.java:logGet(43)) - raft.server.rpc.timeout.max = 1200ms (custom)
2019-09-17 12:22:45,514 [pool-57-thread-1] INFO  server.RaftServerConfigKeys (ConfUtils.java:logGet(43)) - raft.server.rpcslowness.timeout = 120s (custom)
2019-09-17 12:22:45,514 [pool-57-thread-1] INFO  server.RaftServerConfigKeys (ConfUtils.java:logGet(43)) - raft.server.sleep.deviation.threshold = 300 (default)
2019-09-17 12:22:45,516 [pool-57-thread-1] INFO  server.RaftServerConfigKeys (ConfUtils.java:logGet(43)) - raft.server.log.appender.install.snapshot.enabled = false (custom)
2019-09-17 12:22:45,516 [pool-57-thread-1] INFO  impl.RaftServerImpl (ServerState.java:<init>(103)) - 50fefd0a-f6ac-4da1-9b01-f02eab2da215@group-83B50BF1519D: ConfigurationManager, init=-1: [50fefd0a-f6ac-4da1-9b01-f02eab2da215:192.168.5.130:44878], old=null, confs=<EMPTY_MAP>
2019-09-17 12:22:45,516 [ba884459-fbaf-490e-9b71-3c718ea82914@group-571D84A0DC15:LeaderElection1] INFO  server.RaftServerConfigKeys (ConfUtils.java:logGet(43)) - raft.server.write.element-limit = 4096 (default)
2019-09-17 12:22:45,516 [pool-57-thread-1] INFO  server.RaftServerConfigKeys (ConfUtils.java:logGet(43)) - raft.server.storage.dir = [/tmp/workdir/hadoop-ozone/integration-test/target/test-dir/MiniOzoneClusterImpl-97cb6072-9315-4ed4-9dbe-1bfff40012a1/datanode-3/data/ratis] (custom)
2019-09-17 12:22:45,517 [pool-57-thread-1] INFO  storage.RaftStorageDirectory (RaftStorageDirectory.java:analyzeStorage(246)) - The storage directory /tmp/workdir/hadoop-ozone/integration-test/target/test-dir/MiniOzoneClusterImpl-97cb6072-9315-4ed4-9dbe-1bfff40012a1/datanode-3/data/ratis/e822305f-478a-405a-8f83-83b50bf1519d does not exist. Creating ...
2019-09-17 12:22:45,519 [ba884459-fbaf-490e-9b71-3c718ea82914@group-571D84A0DC15:LeaderElection1] INFO  server.RaftServerConfigKeys (ConfUtils.java:logGet(43)) - raft.server.watch.timeout = 10s (default)
2019-09-17 12:22:45,519 [ba884459-fbaf-490e-9b71-3c718ea82914@group-571D84A0DC15:LeaderElection1] INFO  server.RaftServerConfigKeys (ConfUtils.java:logGet(43)) - raft.server.watch.timeout.denomination = 1s (default)
2019-09-17 12:22:45,520 [ba884459-fbaf-490e-9b71-3c718ea82914@group-571D84A0DC15:LeaderElection1] INFO  server.RaftServerConfigKeys (ConfUtils.java:logGet(43)) - raft.server.watch.element-limit = 65536 (default)
2019-09-17 12:22:45,531 [ba884459-fbaf-490e-9b71-3c718ea82914@group-571D84A0DC15:LeaderElection1] INFO  impl.RoleInfo (RoleInfo.java:updateAndGet(143)) - ba884459-fbaf-490e-9b71-3c718ea82914: start LeaderState
2019-09-17 12:22:45,533 [pool-57-thread-1] INFO  storage.RaftStorageDirectory (RaftStorageDirectory.java:tryLock(328)) - Lock on /tmp/workdir/hadoop-ozone/integration-test/target/test-dir/MiniOzoneClusterImpl-97cb6072-9315-4ed4-9dbe-1bfff40012a1/datanode-3/data/ratis/e822305f-478a-405a-8f83-83b50bf1519d/in_use.lock acquired by nodename 27083@pr-hdds-2136-chhj8-2666454444
2019-09-17 12:22:45,550 [ba884459-fbaf-490e-9b71-3c718ea82914@group-571D84A0DC15:LeaderElection1] INFO  segmented.SegmentedRaftLogWorker (SegmentedRaftLogWorker.java:startLogSegment(380)) - ba884459-fbaf-490e-9b71-3c718ea82914@group-571D84A0DC15-SegmentedRaftLogWorker: Starting segment from index:0
2019-09-17 12:22:45,560 [ba884459-fbaf-490e-9b71-3c718ea82914@group-571D84A0DC15:LeaderElection1] INFO  impl.RaftServerImpl (ServerState.java:setRaftConf(354)) - ba884459-fbaf-490e-9b71-3c718ea82914@group-571D84A0DC15: set configuration 0: [ba884459-fbaf-490e-9b71-3c718ea82914:192.168.5.130:43469], old=null at 0
2019-09-17 12:22:45,563 [Thread-288] INFO  impl.FollowerState (FollowerState.java:run(106)) - a5f9b548-b989-4807-80f4-ff576b54977d:group-627844AE9390 changes to CANDIDATE, lastRpcTime:1070, electionTimeout:1067ms
2019-09-17 12:22:45,566 [Thread-288] INFO  impl.RoleInfo (RoleInfo.java:shutdownFollowerState(121)) - a5f9b548-b989-4807-80f4-ff576b54977d: shutdown FollowerState
2019-09-17 12:22:45,566 [Thread-288] INFO  impl.RaftServerImpl (RaftServerImpl.java:setRole(174)) - a5f9b548-b989-4807-80f4-ff576b54977d@group-627844AE9390: changes role from  FOLLOWER to CANDIDATE at term 0 for changeToCandidate
2019-09-17 12:22:45,566 [Thread-288] INFO  impl.RoleInfo (RoleInfo.java:updateAndGet(143)) - a5f9b548-b989-4807-80f4-ff576b54977d: start LeaderElection
2019-09-17 12:22:45,576 [pool-57-thread-1] INFO  storage.RaftStorage (RaftStorage.java:format(72)) - Storage directory /tmp/workdir/hadoop-ozone/integration-test/target/test-dir/MiniOzoneClusterImpl-97cb6072-9315-4ed4-9dbe-1bfff40012a1/datanode-3/data/ratis/e822305f-478a-405a-8f83-83b50bf1519d has been successfully formatted.
2019-09-17 12:22:45,576 [pool-57-thread-1] INFO  ratis.ContainerStateMachine (ContainerStateMachine.java:loadSnapshot(230)) - group-83B50BF1519D: The snapshot info is null. Setting the last applied indexto:(t:0, i:~)
2019-09-17 12:22:45,576 [pool-57-thread-1] INFO  server.RaftServerConfigKeys (ConfUtils.java:logGet(43)) - raft.server.notification.no-leader.timeout = 120s (custom)
2019-09-17 12:22:45,576 [pool-57-thread-1] INFO  server.RaftServerConfigKeys (ConfUtils.java:logGet(43)) - raft.server.log.use.memory = false (default)
2019-09-17 12:22:45,576 [pool-57-thread-1] INFO  server.RaftServerConfigKeys (ConfUtils.java:logGet(43)) - raft.server.log.purge.gap = 1000000 (custom)
2019-09-17 12:22:45,577 [pool-57-thread-1] INFO  server.RaftServerConfigKeys (ConfUtils.java:logGet(43)) - raft.server.log.appender.buffer.byte-limit = 33554432 (custom)
2019-09-17 12:22:45,577 [pool-57-thread-1] INFO  server.RaftServerConfigKeys (ConfUtils.java:logGet(43)) - raft.server.log.segment.size.max = 1048576 (custom)
2019-09-17 12:22:45,577 [pool-57-thread-1] INFO  server.RaftServerConfigKeys (ConfUtils.java:logGet(43)) - raft.server.log.segment.cache.num.max = 2 (custom)
2019-09-17 12:22:45,577 [pool-57-thread-1] INFO  segmented.SegmentedRaftLogWorker (SegmentedRaftLogWorker.java:<init>(172)) - new 50fefd0a-f6ac-4da1-9b01-f02eab2da215@group-83B50BF1519D-SegmentedRaftLogWorker for RaftStorage:Storage Directory /tmp/workdir/hadoop-ozone/integration-test/target/test-dir/MiniOzoneClusterImpl-97cb6072-9315-4ed4-9dbe-1bfff40012a1/datanode-3/data/ratis/e822305f-478a-405a-8f83-83b50bf1519d
2019-09-17 12:22:45,579 [pool-57-thread-1] INFO  server.RaftServerConfigKeys (ConfUtils.java:logGet(43)) - raft.server.log.queue.byte-limit = 2147483647 (custom)
2019-09-17 12:22:45,582 [pool-57-thread-1] INFO  server.RaftServerConfigKeys (ConfUtils.java:logGet(43)) - raft.server.log.queue.element-limit = 1024 (custom)
2019-09-17 12:22:45,582 [pool-57-thread-1] INFO  server.RaftServerConfigKeys (ConfUtils.java:logGet(43)) - raft.server.log.segment.size.max = 1048576 (custom)
2019-09-17 12:22:45,582 [pool-57-thread-1] INFO  server.RaftServerConfigKeys (ConfUtils.java:logGet(43)) - raft.server.log.preallocated.size = 16384 (custom)
2019-09-17 12:22:45,583 [pool-57-thread-1] INFO  server.RaftServerConfigKeys (ConfUtils.java:logGet(43)) - raft.server.log.write.buffer.size = 33554432 (custom)
2019-09-17 12:22:45,583 [pool-57-thread-1] INFO  server.RaftServerConfigKeys (ConfUtils.java:logGet(43)) - raft.server.log.force.sync.num = 128 (default)
2019-09-17 12:22:45,583 [pool-57-thread-1] INFO  server.RaftServerConfigKeys (ConfUtils.java:logGet(43)) - raft.server.log.statemachine.data.sync = true (default)
2019-09-17 12:22:45,583 [pool-57-thread-1] INFO  server.RaftServerConfigKeys (ConfUtils.java:logGet(43)) - raft.server.log.statemachine.data.sync.timeout = 10s (default)
2019-09-17 12:22:45,583 [pool-57-thread-1] INFO  server.RaftServerConfigKeys (ConfUtils.java:logGet(43)) - raft.server.log.statemachine.data.sync.timeout.retry = -1 (default)
2019-09-17 12:22:45,584 [pool-57-thread-1] INFO  server.RaftServerConfigKeys (ConfUtils.java:logGet(43)) - raft.server.log.statemachine.data.caching.enabled = true (custom)
2019-09-17 12:22:45,584 [pool-57-thread-1] INFO  segmented.SegmentedRaftLogWorker (SegmentedRaftLogWorker.java:lambda$new$0(132)) - 50fefd0a-f6ac-4da1-9b01-f02eab2da215@group-83B50BF1519D-SegmentedRaftLogWorker: flushIndex: setUnconditionally 0 -> -1
2019-09-17 12:22:45,585 [pool-57-thread-1] INFO  server.RaftServerConfigKeys (ConfUtils.java:logGet(43)) - raft.server.snapshot.auto.trigger.enabled = true (custom)
2019-09-17 12:22:45,585 [pool-57-thread-1] INFO  server.RaftServerConfigKeys (ConfUtils.java:logGet(43)) - raft.server.snapshot.auto.trigger.threshold = 10000 (custom)
2019-09-17 12:22:45,585 [pool-57-thread-1] INFO  server.RaftServerConfigKeys (ConfUtils.java:logGet(43)) - raft.server.snapshot.retention.num.files = 5 (custom)
2019-09-17 12:22:45,585 [pool-57-thread-1] INFO  server.RaftServerConfigKeys (ConfUtils.java:logGet(43)) - raft.server.retrycache.expirytime = 600000ms (custom)
2019-09-17 12:22:45,589 [pool-57-thread-1] INFO  impl.RaftServerImpl (RaftServerImpl.java:start(185)) - 50fefd0a-f6ac-4da1-9b01-f02eab2da215@group-83B50BF1519D: start as a follower, conf=-1: [50fefd0a-f6ac-4da1-9b01-f02eab2da215:192.168.5.130:44878], old=null
2019-09-17 12:22:45,589 [pool-57-thread-1] INFO  impl.RaftServerImpl (RaftServerImpl.java:setRole(174)) - 50fefd0a-f6ac-4da1-9b01-f02eab2da215@group-83B50BF1519D: changes role from      null to FOLLOWER at term 0 for startAsFollower
2019-09-17 12:22:45,589 [pool-57-thread-1] INFO  impl.RoleInfo (RoleInfo.java:updateAndGet(143)) - 50fefd0a-f6ac-4da1-9b01-f02eab2da215: start FollowerState
2019-09-17 12:22:45,589 [pool-57-thread-1] INFO  util.JmxRegister (JmxRegister.java:tryRegister(44)) - Successfully registered JMX Bean with object name Ratis:service=RaftServer,group=group-83B50BF1519D,id=50fefd0a-f6ac-4da1-9b01-f02eab2da215
2019-09-17 12:22:45,597 [a5f9b548-b989-4807-80f4-ff576b54977d@group-627844AE9390:LeaderElection2] INFO  impl.LeaderElection (LeaderElection.java:askForVotes(182)) - a5f9b548-b989-4807-80f4-ff576b54977d@group-627844AE9390:LeaderElection2: begin an election at term 1 for -1: [a5f9b548-b989-4807-80f4-ff576b54977d:192.168.5.130:40253], old=null
2019-09-17 12:22:45,600 [a5f9b548-b989-4807-80f4-ff576b54977d@group-627844AE9390:LeaderElection2] INFO  impl.RoleInfo (RoleInfo.java:shutdownLeaderElection(134)) - a5f9b548-b989-4807-80f4-ff576b54977d: shutdown LeaderElection
2019-09-17 12:22:45,602 [a5f9b548-b989-4807-80f4-ff576b54977d@group-627844AE9390:LeaderElection2] INFO  impl.RaftServerImpl (RaftServerImpl.java:setRole(174)) - a5f9b548-b989-4807-80f4-ff576b54977d@group-627844AE9390: changes role from CANDIDATE to LEADER at term 1 for changeToLeader
2019-09-17 12:22:45,602 [a5f9b548-b989-4807-80f4-ff576b54977d@group-627844AE9390:LeaderElection2] INFO  impl.RaftServerImpl (ServerState.java:setLeader(253)) - a5f9b548-b989-4807-80f4-ff576b54977d@group-627844AE9390: change Leader from null to a5f9b548-b989-4807-80f4-ff576b54977d at term 1 for becomeLeader, leader elected after 1127ms
2019-09-17 12:22:45,602 [a5f9b548-b989-4807-80f4-ff576b54977d@group-627844AE9390:LeaderElection2] INFO  server.RaftServerConfigKeys (ConfUtils.java:logGet(43)) - raft.server.staging.catchup.gap = 1000 (default)
2019-09-17 12:22:45,603 [a5f9b548-b989-4807-80f4-ff576b54977d@group-627844AE9390:LeaderElection2] INFO  server.RaftServerConfigKeys (ConfUtils.java:logGet(43)) - raft.server.rpc.sleep.time = 25ms (default)
2019-09-17 12:22:45,605 [a5f9b548-b989-4807-80f4-ff576b54977d@group-627844AE9390:LeaderElection2] INFO  server.RaftServerConfigKeys (ConfUtils.java:logGet(43)) - raft.server.write.element-limit = 4096 (default)
2019-09-17 12:22:45,607 [a5f9b548-b989-4807-80f4-ff576b54977d@group-627844AE9390:LeaderElection2] INFO  server.RaftServerConfigKeys (ConfUtils.java:logGet(43)) - raft.server.watch.timeout = 10s (default)
2019-09-17 12:22:45,608 [a5f9b548-b989-4807-80f4-ff576b54977d@group-627844AE9390:LeaderElection2] INFO  server.RaftServerConfigKeys (ConfUtils.java:logGet(43)) - raft.server.watch.timeout.denomination = 1s (default)
2019-09-17 12:22:45,608 [a5f9b548-b989-4807-80f4-ff576b54977d@group-627844AE9390:LeaderElection2] INFO  server.RaftServerConfigKeys (ConfUtils.java:logGet(43)) - raft.server.watch.element-limit = 65536 (default)
2019-09-17 12:22:45,608 [RatisPipelineUtilsThread] INFO  pipeline.PipelineStateManager (PipelineStateManager.java:addPipeline(56)) - Created pipeline Pipeline[ Id: e822305f-478a-405a-8f83-83b50bf1519d, Nodes: 50fefd0a-f6ac-4da1-9b01-f02eab2da215{ip: 192.168.5.130, host: pr-hdds-2136-chhj8-2666454444, networkLocation: /default-rack, certSerialId: null}, Type:RATIS, Factor:ONE, State:OPEN]
2019-09-17 12:22:45,610 [a5f9b548-b989-4807-80f4-ff576b54977d@group-627844AE9390:LeaderElection2] INFO  impl.RoleInfo (RoleInfo.java:updateAndGet(143)) - a5f9b548-b989-4807-80f4-ff576b54977d: start LeaderState
2019-09-17 12:22:45,611 [a5f9b548-b989-4807-80f4-ff576b54977d@group-627844AE9390:LeaderElection2] INFO  segmented.SegmentedRaftLogWorker (SegmentedRaftLogWorker.java:startLogSegment(380)) - a5f9b548-b989-4807-80f4-ff576b54977d@group-627844AE9390-SegmentedRaftLogWorker: Starting segment from index:0
2019-09-17 12:22:45,614 [a5f9b548-b989-4807-80f4-ff576b54977d@group-627844AE9390:LeaderElection2] INFO  impl.RaftServerImpl (ServerState.java:setRaftConf(354)) - a5f9b548-b989-4807-80f4-ff576b54977d@group-627844AE9390: set configuration 0: [a5f9b548-b989-4807-80f4-ff576b54977d:192.168.5.130:40253], old=null at 0
2019-09-17 12:22:45,659 [grpc-default-executor-2] INFO  impl.RaftServerProxy (RaftServerProxy.java:addNew(89)) - a5f9b548-b989-4807-80f4-ff576b54977d: addNew group-C0075F260562:[7689548e-5f49-4f36-9667-e46ba21e9ae3:192.168.5.130:34520, c072a5df-2c45-4bc3-84a6-bf78352fd232:192.168.5.130:39846, a5f9b548-b989-4807-80f4-ff576b54977d:192.168.5.130:40253] returns group-C0075F260562:java.util.concurrent.CompletableFuture@7e7c61c1[Not completed]
2019-09-17 12:22:45,659 [grpc-default-executor-1] INFO  impl.RaftServerProxy (RaftServerProxy.java:addNew(89)) - 7689548e-5f49-4f36-9667-e46ba21e9ae3: addNew group-C0075F260562:[7689548e-5f49-4f36-9667-e46ba21e9ae3:192.168.5.130:34520, c072a5df-2c45-4bc3-84a6-bf78352fd232:192.168.5.130:39846, a5f9b548-b989-4807-80f4-ff576b54977d:192.168.5.130:40253] returns group-C0075F260562:java.util.concurrent.CompletableFuture@70999d65[Not completed]
2019-09-17 12:22:45,662 [grpc-default-executor-2] INFO  impl.RaftServerProxy (RaftServerProxy.java:addNew(89)) - c072a5df-2c45-4bc3-84a6-bf78352fd232: addNew group-C0075F260562:[7689548e-5f49-4f36-9667-e46ba21e9ae3:192.168.5.130:34520, c072a5df-2c45-4bc3-84a6-bf78352fd232:192.168.5.130:39846, a5f9b548-b989-4807-80f4-ff576b54977d:192.168.5.130:40253] returns group-C0075F260562:java.util.concurrent.CompletableFuture@3b7ee06a[Not completed]
2019-09-17 12:22:45,662 [pool-77-thread-1] INFO  impl.RaftServerImpl (RaftServerImpl.java:<init>(95)) - a5f9b548-b989-4807-80f4-ff576b54977d: new RaftServerImpl for group-C0075F260562:[7689548e-5f49-4f36-9667-e46ba21e9ae3:192.168.5.130:34520, c072a5df-2c45-4bc3-84a6-bf78352fd232:192.168.5.130:39846, a5f9b548-b989-4807-80f4-ff576b54977d:192.168.5.130:40253] with ContainerStateMachine:uninitialized
2019-09-17 12:22:45,662 [pool-77-thread-1] INFO  server.RaftServerConfigKeys (ConfUtils.java:logGet(43)) - raft.server.rpc.timeout.min = 1s (custom)
2019-09-17 12:22:45,662 [pool-77-thread-1] INFO  server.RaftServerConfigKeys (ConfUtils.java:logGet(43)) - raft.server.rpc.timeout.max = 1200ms (custom)
2019-09-17 12:22:45,662 [pool-77-thread-1] INFO  server.RaftServerConfigKeys (ConfUtils.java:logGet(43)) - raft.server.rpcslowness.timeout = 120s (custom)
2019-09-17 12:22:45,663 [pool-77-thread-1] INFO  server.RaftServerConfigKeys (ConfUtils.java:logGet(43)) - raft.server.sleep.deviation.threshold = 300 (default)
2019-09-17 12:22:45,663 [pool-77-thread-1] INFO  server.RaftServerConfigKeys (ConfUtils.java:logGet(43)) - raft.server.log.appender.install.snapshot.enabled = false (custom)
2019-09-17 12:22:45,663 [pool-77-thread-1] INFO  impl.RaftServerImpl (ServerState.java:<init>(103)) - a5f9b548-b989-4807-80f4-ff576b54977d@group-C0075F260562: ConfigurationManager, init=-1: [7689548e-5f49-4f36-9667-e46ba21e9ae3:192.168.5.130:34520, c072a5df-2c45-4bc3-84a6-bf78352fd232:192.168.5.130:39846, a5f9b548-b989-4807-80f4-ff576b54977d:192.168.5.130:40253], old=null, confs=<EMPTY_MAP>
2019-09-17 12:22:45,663 [pool-97-thread-1] INFO  impl.RaftServerImpl (RaftServerImpl.java:<init>(95)) - 7689548e-5f49-4f36-9667-e46ba21e9ae3: new RaftServerImpl for group-C0075F260562:[7689548e-5f49-4f36-9667-e46ba21e9ae3:192.168.5.130:34520, c072a5df-2c45-4bc3-84a6-bf78352fd232:192.168.5.130:39846, a5f9b548-b989-4807-80f4-ff576b54977d:192.168.5.130:40253] with ContainerStateMachine:uninitialized
2019-09-17 12:22:45,663 [pool-77-thread-1] INFO  server.RaftServerConfigKeys (ConfUtils.java:logGet(43)) - raft.server.storage.dir = [/tmp/workdir/hadoop-ozone/integration-test/target/test-dir/MiniOzoneClusterImpl-97cb6072-9315-4ed4-9dbe-1bfff40012a1/datanode-5/data/ratis] (custom)
2019-09-17 12:22:45,663 [pool-97-thread-1] INFO  server.RaftServerConfigKeys (ConfUtils.java:logGet(43)) - raft.server.rpc.timeout.min = 1s (custom)
2019-09-17 12:22:45,663 [pool-97-thread-1] INFO  server.RaftServerConfigKeys (ConfUtils.java:logGet(43)) - raft.server.rpc.timeout.max = 1200ms (custom)
2019-09-17 12:22:45,663 [pool-77-thread-1] INFO  storage.RaftStorageDirectory (RaftStorageDirectory.java:analyzeStorage(246)) - The storage directory /tmp/workdir/hadoop-ozone/integration-test/target/test-dir/MiniOzoneClusterImpl-97cb6072-9315-4ed4-9dbe-1bfff40012a1/datanode-5/data/ratis/1bb58af4-98e7-4f4e-94d5-c0075f260562 does not exist. Creating ...
2019-09-17 12:22:45,663 [pool-97-thread-1] INFO  server.RaftServerConfigKeys (ConfUtils.java:logGet(43)) - raft.server.rpcslowness.timeout = 120s (custom)
2019-09-17 12:22:45,663 [pool-67-thread-1] INFO  impl.RaftServerImpl (RaftServerImpl.java:<init>(95)) - c072a5df-2c45-4bc3-84a6-bf78352fd232: new RaftServerImpl for group-C0075F260562:[7689548e-5f49-4f36-9667-e46ba21e9ae3:192.168.5.130:34520, c072a5df-2c45-4bc3-84a6-bf78352fd232:192.168.5.130:39846, a5f9b548-b989-4807-80f4-ff576b54977d:192.168.5.130:40253] with ContainerStateMachine:uninitialized
2019-09-17 12:22:45,663 [pool-97-thread-1] INFO  server.RaftServerConfigKeys (ConfUtils.java:logGet(43)) - raft.server.sleep.deviation.threshold = 300 (default)
2019-09-17 12:22:45,664 [pool-67-thread-1] INFO  server.RaftServerConfigKeys (ConfUtils.java:logGet(43)) - raft.server.rpc.timeout.min = 1s (custom)
2019-09-17 12:22:45,664 [pool-97-thread-1] INFO  server.RaftServerConfigKeys (ConfUtils.java:logGet(43)) - raft.server.log.appender.install.snapshot.enabled = false (custom)
2019-09-17 12:22:45,664 [pool-67-thread-1] INFO  server.RaftServerConfigKeys (ConfUtils.java:logGet(43)) - raft.server.rpc.timeout.max = 1200ms (custom)
2019-09-17 12:22:45,664 [pool-97-thread-1] INFO  impl.RaftServerImpl (ServerState.java:<init>(103)) - 7689548e-5f49-4f36-9667-e46ba21e9ae3@group-C0075F260562: ConfigurationManager, init=-1: [7689548e-5f49-4f36-9667-e46ba21e9ae3:192.168.5.130:34520, c072a5df-2c45-4bc3-84a6-bf78352fd232:192.168.5.130:39846, a5f9b548-b989-4807-80f4-ff576b54977d:192.168.5.130:40253], old=null, confs=<EMPTY_MAP>
2019-09-17 12:22:45,664 [pool-67-thread-1] INFO  server.RaftServerConfigKeys (ConfUtils.java:logGet(43)) - raft.server.rpcslowness.timeout = 120s (custom)
2019-09-17 12:22:45,664 [pool-67-thread-1] INFO  server.RaftServerConfigKeys (ConfUtils.java:logGet(43)) - raft.server.sleep.deviation.threshold = 300 (default)
2019-09-17 12:22:45,664 [pool-97-thread-1] INFO  server.RaftServerConfigKeys (ConfUtils.java:logGet(43)) - raft.server.storage.dir = [/tmp/workdir/hadoop-ozone/integration-test/target/test-dir/MiniOzoneClusterImpl-97cb6072-9315-4ed4-9dbe-1bfff40012a1/datanode-7/data/ratis] (custom)
2019-09-17 12:22:45,664 [pool-67-thread-1] INFO  server.RaftServerConfigKeys (ConfUtils.java:logGet(43)) - raft.server.log.appender.install.snapshot.enabled = false (custom)
2019-09-17 12:22:45,664 [pool-67-thread-1] INFO  impl.RaftServerImpl (ServerState.java:<init>(103)) - c072a5df-2c45-4bc3-84a6-bf78352fd232@group-C0075F260562: ConfigurationManager, init=-1: [7689548e-5f49-4f36-9667-e46ba21e9ae3:192.168.5.130:34520, c072a5df-2c45-4bc3-84a6-bf78352fd232:192.168.5.130:39846, a5f9b548-b989-4807-80f4-ff576b54977d:192.168.5.130:40253], old=null, confs=<EMPTY_MAP>
2019-09-17 12:22:45,665 [pool-97-thread-1] INFO  storage.RaftStorageDirectory (RaftStorageDirectory.java:analyzeStorage(246)) - The storage directory /tmp/workdir/hadoop-ozone/integration-test/target/test-dir/MiniOzoneClusterImpl-97cb6072-9315-4ed4-9dbe-1bfff40012a1/datanode-7/data/ratis/1bb58af4-98e7-4f4e-94d5-c0075f260562 does not exist. Creating ...
2019-09-17 12:22:45,665 [pool-67-thread-1] INFO  server.RaftServerConfigKeys (ConfUtils.java:logGet(43)) - raft.server.storage.dir = [/tmp/workdir/hadoop-ozone/integration-test/target/test-dir/MiniOzoneClusterImpl-97cb6072-9315-4ed4-9dbe-1bfff40012a1/datanode-4/data/ratis] (custom)
2019-09-17 12:22:45,665 [pool-67-thread-1] INFO  storage.RaftStorageDirectory (RaftStorageDirectory.java:analyzeStorage(246)) - The storage directory /tmp/workdir/hadoop-ozone/integration-test/target/test-dir/MiniOzoneClusterImpl-97cb6072-9315-4ed4-9dbe-1bfff40012a1/datanode-4/data/ratis/1bb58af4-98e7-4f4e-94d5-c0075f260562 does not exist. Creating ...
2019-09-17 12:22:45,685 [pool-67-thread-1] INFO  storage.RaftStorageDirectory (RaftStorageDirectory.java:tryLock(328)) - Lock on /tmp/workdir/hadoop-ozone/integration-test/target/test-dir/MiniOzoneClusterImpl-97cb6072-9315-4ed4-9dbe-1bfff40012a1/datanode-4/data/ratis/1bb58af4-98e7-4f4e-94d5-c0075f260562/in_use.lock acquired by nodename 27083@pr-hdds-2136-chhj8-2666454444
2019-09-17 12:22:45,685 [pool-77-thread-1] INFO  storage.RaftStorageDirectory (RaftStorageDirectory.java:tryLock(328)) - Lock on /tmp/workdir/hadoop-ozone/integration-test/target/test-dir/MiniOzoneClusterImpl-97cb6072-9315-4ed4-9dbe-1bfff40012a1/datanode-5/data/ratis/1bb58af4-98e7-4f4e-94d5-c0075f260562/in_use.lock acquired by nodename 27083@pr-hdds-2136-chhj8-2666454444
2019-09-17 12:22:45,685 [pool-97-thread-1] INFO  storage.RaftStorageDirectory (RaftStorageDirectory.java:tryLock(328)) - Lock on /tmp/workdir/hadoop-ozone/integration-test/target/test-dir/MiniOzoneClusterImpl-97cb6072-9315-4ed4-9dbe-1bfff40012a1/datanode-7/data/ratis/1bb58af4-98e7-4f4e-94d5-c0075f260562/in_use.lock acquired by nodename 27083@pr-hdds-2136-chhj8-2666454444
2019-09-17 12:22:45,699 [Thread-291] INFO  impl.FollowerState (FollowerState.java:run(106)) - c072a5df-2c45-4bc3-84a6-bf78352fd232:group-F5052944D8F3 changes to CANDIDATE, lastRpcTime:1008, electionTimeout:1008ms
2019-09-17 12:22:45,699 [Thread-291] INFO  impl.RoleInfo (RoleInfo.java:shutdownFollowerState(121)) - c072a5df-2c45-4bc3-84a6-bf78352fd232: shutdown FollowerState
2019-09-17 12:22:45,699 [Thread-291] INFO  impl.RaftServerImpl (RaftServerImpl.java:setRole(174)) - c072a5df-2c45-4bc3-84a6-bf78352fd232@group-F5052944D8F3: changes role from  FOLLOWER to CANDIDATE at term 0 for changeToCandidate
2019-09-17 12:22:45,699 [Thread-291] INFO  impl.RoleInfo (RoleInfo.java:updateAndGet(143)) - c072a5df-2c45-4bc3-84a6-bf78352fd232: start LeaderElection
2019-09-17 12:22:45,704 [pool-97-thread-1] INFO  storage.RaftStorage (RaftStorage.java:format(72)) - Storage directory /tmp/workdir/hadoop-ozone/integration-test/target/test-dir/MiniOzoneClusterImpl-97cb6072-9315-4ed4-9dbe-1bfff40012a1/datanode-7/data/ratis/1bb58af4-98e7-4f4e-94d5-c0075f260562 has been successfully formatted.
2019-09-17 12:22:45,704 [pool-77-thread-1] INFO  storage.RaftStorage (RaftStorage.java:format(72)) - Storage directory /tmp/workdir/hadoop-ozone/integration-test/target/test-dir/MiniOzoneClusterImpl-97cb6072-9315-4ed4-9dbe-1bfff40012a1/datanode-5/data/ratis/1bb58af4-98e7-4f4e-94d5-c0075f260562 has been successfully formatted.
2019-09-17 12:22:45,704 [pool-67-thread-1] INFO  storage.RaftStorage (RaftStorage.java:format(72)) - Storage directory /tmp/workdir/hadoop-ozone/integration-test/target/test-dir/MiniOzoneClusterImpl-97cb6072-9315-4ed4-9dbe-1bfff40012a1/datanode-4/data/ratis/1bb58af4-98e7-4f4e-94d5-c0075f260562 has been successfully formatted.
2019-09-17 12:22:45,704 [pool-97-thread-1] INFO  ratis.ContainerStateMachine (ContainerStateMachine.java:loadSnapshot(230)) - group-C0075F260562: The snapshot info is null. Setting the last applied indexto:(t:0, i:~)
2019-09-17 12:22:45,705 [pool-67-thread-1] INFO  ratis.ContainerStateMachine (ContainerStateMachine.java:loadSnapshot(230)) - group-C0075F260562: The snapshot info is null. Setting the last applied indexto:(t:0, i:~)
2019-09-17 12:22:45,705 [pool-77-thread-1] INFO  ratis.ContainerStateMachine (ContainerStateMachine.java:loadSnapshot(230)) - group-C0075F260562: The snapshot info is null. Setting the last applied indexto:(t:0, i:~)
2019-09-17 12:22:45,705 [pool-67-thread-1] INFO  server.RaftServerConfigKeys (ConfUtils.java:logGet(43)) - raft.server.notification.no-leader.timeout = 120s (custom)
2019-09-17 12:22:45,705 [pool-97-thread-1] INFO  server.RaftServerConfigKeys (ConfUtils.java:logGet(43)) - raft.server.notification.no-leader.timeout = 120s (custom)
2019-09-17 12:22:45,705 [pool-67-thread-1] INFO  server.RaftServerConfigKeys (ConfUtils.java:logGet(43)) - raft.server.log.use.memory = false (default)
2019-09-17 12:22:45,705 [pool-77-thread-1] INFO  server.RaftServerConfigKeys (ConfUtils.java:logGet(43)) - raft.server.notification.no-leader.timeout = 120s (custom)
2019-09-17 12:22:45,705 [pool-67-thread-1] INFO  server.RaftServerConfigKeys (ConfUtils.java:logGet(43)) - raft.server.log.purge.gap = 1000000 (custom)
2019-09-17 12:22:45,705 [pool-97-thread-1] INFO  server.RaftServerConfigKeys (ConfUtils.java:logGet(43)) - raft.server.log.use.memory = false (default)
2019-09-17 12:22:45,705 [pool-67-thread-1] INFO  server.RaftServerConfigKeys (ConfUtils.java:logGet(43)) - raft.server.log.appender.buffer.byte-limit = 33554432 (custom)
2019-09-17 12:22:45,705 [pool-77-thread-1] INFO  server.RaftServerConfigKeys (ConfUtils.java:logGet(43)) - raft.server.log.use.memory = false (default)
2019-09-17 12:22:45,706 [pool-67-thread-1] INFO  server.RaftServerConfigKeys (ConfUtils.java:logGet(43)) - raft.server.log.segment.size.max = 1048576 (custom)
2019-09-17 12:22:45,706 [pool-97-thread-1] INFO  server.RaftServerConfigKeys (ConfUtils.java:logGet(43)) - raft.server.log.purge.gap = 1000000 (custom)
2019-09-17 12:22:45,706 [pool-67-thread-1] INFO  server.RaftServerConfigKeys (ConfUtils.java:logGet(43)) - raft.server.log.segment.cache.num.max = 2 (custom)
2019-09-17 12:22:45,706 [pool-77-thread-1] INFO  server.RaftServerConfigKeys (ConfUtils.java:logGet(43)) - raft.server.log.purge.gap = 1000000 (custom)
2019-09-17 12:22:45,706 [pool-67-thread-1] INFO  segmented.SegmentedRaftLogWorker (SegmentedRaftLogWorker.java:<init>(172)) - new c072a5df-2c45-4bc3-84a6-bf78352fd232@group-C0075F260562-SegmentedRaftLogWorker for RaftStorage:Storage Directory /tmp/workdir/hadoop-ozone/integration-test/target/test-dir/MiniOzoneClusterImpl-97cb6072-9315-4ed4-9dbe-1bfff40012a1/datanode-4/data/ratis/1bb58af4-98e7-4f4e-94d5-c0075f260562
2019-09-17 12:22:45,706 [pool-97-thread-1] INFO  server.RaftServerConfigKeys (ConfUtils.java:logGet(43)) - raft.server.log.appender.buffer.byte-limit = 33554432 (custom)
2019-09-17 12:22:45,706 [pool-67-thread-1] INFO  server.RaftServerConfigKeys (ConfUtils.java:logGet(43)) - raft.server.log.queue.byte-limit = 2147483647 (custom)
2019-09-17 12:22:45,706 [pool-77-thread-1] INFO  server.RaftServerConfigKeys (ConfUtils.java:logGet(43)) - raft.server.log.appender.buffer.byte-limit = 33554432 (custom)
2019-09-17 12:22:45,707 [pool-67-thread-1] INFO  server.RaftServerConfigKeys (ConfUtils.java:logGet(43)) - raft.server.log.queue.element-limit = 1024 (custom)
2019-09-17 12:22:45,706 [pool-97-thread-1] INFO  server.RaftServerConfigKeys (ConfUtils.java:logGet(43)) - raft.server.log.segment.size.max = 1048576 (custom)
2019-09-17 12:22:45,707 [pool-67-thread-1] INFO  server.RaftServerConfigKeys (ConfUtils.java:logGet(43)) - raft.server.log.segment.size.max = 1048576 (custom)
2019-09-17 12:22:45,707 [pool-77-thread-1] INFO  server.RaftServerConfigKeys (ConfUtils.java:logGet(43)) - raft.server.log.segment.size.max = 1048576 (custom)
2019-09-17 12:22:45,707 [pool-67-thread-1] INFO  server.RaftServerConfigKeys (ConfUtils.java:logGet(43)) - raft.server.log.preallocated.size = 16384 (custom)
2019-09-17 12:22:45,707 [pool-97-thread-1] INFO  server.RaftServerConfigKeys (ConfUtils.java:logGet(43)) - raft.server.log.segment.cache.num.max = 2 (custom)
2019-09-17 12:22:45,707 [pool-67-thread-1] INFO  server.RaftServerConfigKeys (ConfUtils.java:logGet(43)) - raft.server.log.write.buffer.size = 33554432 (custom)
2019-09-17 12:22:45,707 [pool-77-thread-1] INFO  server.RaftServerConfigKeys (ConfUtils.java:logGet(43)) - raft.server.log.segment.cache.num.max = 2 (custom)
2019-09-17 12:22:45,707 [pool-67-thread-1] INFO  server.RaftServerConfigKeys (ConfUtils.java:logGet(43)) - raft.server.log.force.sync.num = 128 (default)
2019-09-17 12:22:45,707 [pool-97-thread-1] INFO  segmented.SegmentedRaftLogWorker (SegmentedRaftLogWorker.java:<init>(172)) - new 7689548e-5f49-4f36-9667-e46ba21e9ae3@group-C0075F260562-SegmentedRaftLogWorker for RaftStorage:Storage Directory /tmp/workdir/hadoop-ozone/integration-test/target/test-dir/MiniOzoneClusterImpl-97cb6072-9315-4ed4-9dbe-1bfff40012a1/datanode-7/data/ratis/1bb58af4-98e7-4f4e-94d5-c0075f260562
2019-09-17 12:22:45,708 [pool-67-thread-1] INFO  server.RaftServerConfigKeys (ConfUtils.java:logGet(43)) - raft.server.log.statemachine.data.sync = true (default)
2019-09-17 12:22:45,708 [pool-77-thread-1] INFO  segmented.SegmentedRaftLogWorker (SegmentedRaftLogWorker.java:<init>(172)) - new a5f9b548-b989-4807-80f4-ff576b54977d@group-C0075F260562-SegmentedRaftLogWorker for RaftStorage:Storage Directory /tmp/workdir/hadoop-ozone/integration-test/target/test-dir/MiniOzoneClusterImpl-97cb6072-9315-4ed4-9dbe-1bfff40012a1/datanode-5/data/ratis/1bb58af4-98e7-4f4e-94d5-c0075f260562
2019-09-17 12:22:45,708 [pool-67-thread-1] INFO  server.RaftServerConfigKeys (ConfUtils.java:logGet(43)) - raft.server.log.statemachine.data.sync.timeout = 10s (default)
2019-09-17 12:22:45,708 [pool-97-thread-1] INFO  server.RaftServerConfigKeys (ConfUtils.java:logGet(43)) - raft.server.log.queue.byte-limit = 2147483647 (custom)
2019-09-17 12:22:45,708 [pool-67-thread-1] INFO  server.RaftServerConfigKeys (ConfUtils.java:logGet(43)) - raft.server.log.statemachine.data.sync.timeout.retry = -1 (default)
2019-09-17 12:22:45,708 [pool-77-thread-1] INFO  server.RaftServerConfigKeys (ConfUtils.java:logGet(43)) - raft.server.log.queue.byte-limit = 2147483647 (custom)
2019-09-17 12:22:45,708 [pool-67-thread-1] INFO  server.RaftServerConfigKeys (ConfUtils.java:logGet(43)) - raft.server.log.statemachine.data.caching.enabled = true (custom)
2019-09-17 12:22:45,708 [pool-97-thread-1] INFO  server.RaftServerConfigKeys (ConfUtils.java:logGet(43)) - raft.server.log.queue.element-limit = 1024 (custom)
2019-09-17 12:22:45,709 [pool-77-thread-1] INFO  server.RaftServerConfigKeys (ConfUtils.java:logGet(43)) - raft.server.log.queue.element-limit = 1024 (custom)
2019-09-17 12:22:45,709 [pool-97-thread-1] INFO  server.RaftServerConfigKeys (ConfUtils.java:logGet(43)) - raft.server.log.segment.size.max = 1048576 (custom)
2019-09-17 12:22:45,709 [pool-67-thread-1] INFO  segmented.SegmentedRaftLogWorker (SegmentedRaftLogWorker.java:lambda$new$0(132)) - c072a5df-2c45-4bc3-84a6-bf78352fd232@group-C0075F260562-SegmentedRaftLogWorker: flushIndex: setUnconditionally 0 -> -1
2019-09-17 12:22:45,709 [pool-97-thread-1] INFO  server.RaftServerConfigKeys (ConfUtils.java:logGet(43)) - raft.server.log.preallocated.size = 16384 (custom)
2019-09-17 12:22:45,709 [pool-77-thread-1] INFO  server.RaftServerConfigKeys (ConfUtils.java:logGet(43)) - raft.server.log.segment.size.max = 1048576 (custom)
2019-09-17 12:22:45,709 [pool-97-thread-1] INFO  server.RaftServerConfigKeys (ConfUtils.java:logGet(43)) - raft.server.log.write.buffer.size = 33554432 (custom)
2019-09-17 12:22:45,709 [pool-67-thread-1] INFO  server.RaftServerConfigKeys (ConfUtils.java:logGet(43)) - raft.server.snapshot.auto.trigger.enabled = true (custom)
2019-09-17 12:22:45,709 [pool-97-thread-1] INFO  server.RaftServerConfigKeys (ConfUtils.java:logGet(43)) - raft.server.log.force.sync.num = 128 (default)
2019-09-17 12:22:45,709 [pool-77-thread-1] INFO  server.RaftServerConfigKeys (ConfUtils.java:logGet(43)) - raft.server.log.preallocated.size = 16384 (custom)
2019-09-17 12:22:45,710 [pool-97-thread-1] INFO  server.RaftServerConfigKeys (ConfUtils.java:logGet(43)) - raft.server.log.statemachine.data.sync = true (default)
2019-09-17 12:22:45,709 [pool-67-thread-1] INFO  server.RaftServerConfigKeys (ConfUtils.java:logGet(43)) - raft.server.snapshot.auto.trigger.threshold = 10000 (custom)
2019-09-17 12:22:45,710 [pool-97-thread-1] INFO  server.RaftServerConfigKeys (ConfUtils.java:logGet(43)) - raft.server.log.statemachine.data.sync.timeout = 10s (default)
2019-09-17 12:22:45,710 [pool-77-thread-1] INFO  server.RaftServerConfigKeys (ConfUtils.java:logGet(43)) - raft.server.log.write.buffer.size = 33554432 (custom)
2019-09-17 12:22:45,710 [pool-97-thread-1] INFO  server.RaftServerConfigKeys (ConfUtils.java:logGet(43)) - raft.server.log.statemachine.data.sync.timeout.retry = -1 (default)
2019-09-17 12:22:45,710 [pool-67-thread-1] INFO  server.RaftServerConfigKeys (ConfUtils.java:logGet(43)) - raft.server.snapshot.retention.num.files = 5 (custom)
2019-09-17 12:22:45,710 [pool-97-thread-1] INFO  server.RaftServerConfigKeys (ConfUtils.java:logGet(43)) - raft.server.log.statemachine.data.caching.enabled = true (custom)
2019-09-17 12:22:45,710 [pool-77-thread-1] INFO  server.RaftServerConfigKeys (ConfUtils.java:logGet(43)) - raft.server.log.force.sync.num = 128 (default)
2019-09-17 12:22:45,710 [pool-67-thread-1] INFO  server.RaftServerConfigKeys (ConfUtils.java:logGet(43)) - raft.server.retrycache.expirytime = 600000ms (custom)
2019-09-17 12:22:45,711 [pool-77-thread-1] INFO  server.RaftServerConfigKeys (ConfUtils.java:logGet(43)) - raft.server.log.statemachine.data.sync = true (default)
2019-09-17 12:22:45,711 [pool-77-thread-1] INFO  server.RaftServerConfigKeys (ConfUtils.java:logGet(43)) - raft.server.log.statemachine.data.sync.timeout = 10s (default)
2019-09-17 12:22:45,711 [pool-77-thread-1] INFO  server.RaftServerConfigKeys (ConfUtils.java:logGet(43)) - raft.server.log.statemachine.data.sync.timeout.retry = -1 (default)
2019-09-17 12:22:45,711 [pool-77-thread-1] INFO  server.RaftServerConfigKeys (ConfUtils.java:logGet(43)) - raft.server.log.statemachine.data.caching.enabled = true (custom)
2019-09-17 12:22:45,713 [pool-67-thread-1] INFO  impl.RaftServerImpl (RaftServerImpl.java:start(185)) - c072a5df-2c45-4bc3-84a6-bf78352fd232@group-C0075F260562: start as a follower, conf=-1: [7689548e-5f49-4f36-9667-e46ba21e9ae3:192.168.5.130:34520, c072a5df-2c45-4bc3-84a6-bf78352fd232:192.168.5.130:39846, a5f9b548-b989-4807-80f4-ff576b54977d:192.168.5.130:40253], old=null
2019-09-17 12:22:45,713 [pool-67-thread-1] INFO  impl.RaftServerImpl (RaftServerImpl.java:setRole(174)) - c072a5df-2c45-4bc3-84a6-bf78352fd232@group-C0075F260562: changes role from      null to FOLLOWER at term 0 for startAsFollower
2019-09-17 12:22:45,713 [pool-67-thread-1] INFO  impl.RoleInfo (RoleInfo.java:updateAndGet(143)) - c072a5df-2c45-4bc3-84a6-bf78352fd232: start FollowerState
2019-09-17 12:22:45,713 [pool-67-thread-1] INFO  util.JmxRegister (JmxRegister.java:tryRegister(44)) - Successfully registered JMX Bean with object name Ratis:service=RaftServer,group=group-C0075F260562,id=c072a5df-2c45-4bc3-84a6-bf78352fd232
2019-09-17 12:22:45,720 [pool-97-thread-1] INFO  segmented.SegmentedRaftLogWorker (SegmentedRaftLogWorker.java:lambda$new$0(132)) - 7689548e-5f49-4f36-9667-e46ba21e9ae3@group-C0075F260562-SegmentedRaftLogWorker: flushIndex: setUnconditionally 0 -> -1
2019-09-17 12:22:45,720 [pool-77-thread-1] INFO  segmented.SegmentedRaftLogWorker (SegmentedRaftLogWorker.java:lambda$new$0(132)) - a5f9b548-b989-4807-80f4-ff576b54977d@group-C0075F260562-SegmentedRaftLogWorker: flushIndex: setUnconditionally 0 -> -1
2019-09-17 12:22:45,722 [pool-97-thread-1] INFO  server.RaftServerConfigKeys (ConfUtils.java:logGet(43)) - raft.server.snapshot.auto.trigger.enabled = true (custom)
2019-09-17 12:22:45,724 [pool-77-thread-1] INFO  server.RaftServerConfigKeys (ConfUtils.java:logGet(43)) - raft.server.snapshot.auto.trigger.enabled = true (custom)
2019-09-17 12:22:45,724 [pool-97-thread-1] INFO  server.RaftServerConfigKeys (ConfUtils.java:logGet(43)) - raft.server.snapshot.auto.trigger.threshold = 10000 (custom)
2019-09-17 12:22:45,726 [pool-77-thread-1] INFO  server.RaftServerConfigKeys (ConfUtils.java:logGet(43)) - raft.server.snapshot.auto.trigger.threshold = 10000 (custom)
2019-09-17 12:22:45,727 [pool-97-thread-1] INFO  server.RaftServerConfigKeys (ConfUtils.java:logGet(43)) - raft.server.snapshot.retention.num.files = 5 (custom)
2019-09-17 12:22:45,729 [pool-77-thread-1] INFO  server.RaftServerConfigKeys (ConfUtils.java:logGet(43)) - raft.server.snapshot.retention.num.files = 5 (custom)
2019-09-17 12:22:45,729 [c072a5df-2c45-4bc3-84a6-bf78352fd232@group-F5052944D8F3:LeaderElection3] INFO  impl.LeaderElection (LeaderElection.java:askForVotes(182)) - c072a5df-2c45-4bc3-84a6-bf78352fd232@group-F5052944D8F3:LeaderElection3: begin an election at term 1 for -1: [c072a5df-2c45-4bc3-84a6-bf78352fd232:192.168.5.130:39846], old=null
2019-09-17 12:22:45,729 [pool-97-thread-1] INFO  server.RaftServerConfigKeys (ConfUtils.java:logGet(43)) - raft.server.retrycache.expirytime = 600000ms (custom)
2019-09-17 12:22:45,730 [pool-77-thread-1] INFO  server.RaftServerConfigKeys (ConfUtils.java:logGet(43)) - raft.server.retrycache.expirytime = 600000ms (custom)
2019-09-17 12:22:45,730 [c072a5df-2c45-4bc3-84a6-bf78352fd232@group-F5052944D8F3:LeaderElection3] INFO  impl.RoleInfo (RoleInfo.java:shutdownLeaderElection(134)) - c072a5df-2c45-4bc3-84a6-bf78352fd232: shutdown LeaderElection
2019-09-17 12:22:45,730 [c072a5df-2c45-4bc3-84a6-bf78352fd232@group-F5052944D8F3:LeaderElection3] INFO  impl.RaftServerImpl (RaftServerImpl.java:setRole(174)) - c072a5df-2c45-4bc3-84a6-bf78352fd232@group-F5052944D8F3: changes role from CANDIDATE to LEADER at term 1 for changeToLeader
2019-09-17 12:22:45,730 [c072a5df-2c45-4bc3-84a6-bf78352fd232@group-F5052944D8F3:LeaderElection3] INFO  impl.RaftServerImpl (ServerState.java:setLeader(253)) - c072a5df-2c45-4bc3-84a6-bf78352fd232@group-F5052944D8F3: change Leader from null to c072a5df-2c45-4bc3-84a6-bf78352fd232 at term 1 for becomeLeader, leader elected after 1084ms
2019-09-17 12:22:45,730 [c072a5df-2c45-4bc3-84a6-bf78352fd232@group-F5052944D8F3:LeaderElection3] INFO  server.RaftServerConfigKeys (ConfUtils.java:logGet(43)) - raft.server.staging.catchup.gap = 1000 (default)
2019-09-17 12:22:45,730 [c072a5df-2c45-4bc3-84a6-bf78352fd232@group-F5052944D8F3:LeaderElection3] INFO  server.RaftServerConfigKeys (ConfUtils.java:logGet(43)) - raft.server.rpc.sleep.time = 25ms (default)
2019-09-17 12:22:45,730 [c072a5df-2c45-4bc3-84a6-bf78352fd232@group-F5052944D8F3:LeaderElection3] INFO  server.RaftServerConfigKeys (ConfUtils.java:logGet(43)) - raft.server.write.element-limit = 4096 (default)
2019-09-17 12:22:45,730 [c072a5df-2c45-4bc3-84a6-bf78352fd232@group-F5052944D8F3:LeaderElection3] INFO  server.RaftServerConfigKeys (ConfUtils.java:logGet(43)) - raft.server.watch.timeout = 10s (default)
2019-09-17 12:22:45,731 [c072a5df-2c45-4bc3-84a6-bf78352fd232@group-F5052944D8F3:LeaderElection3] INFO  server.RaftServerConfigKeys (ConfUtils.java:logGet(43)) - raft.server.watch.timeout.denomination = 1s (default)
2019-09-17 12:22:45,731 [c072a5df-2c45-4bc3-84a6-bf78352fd232@group-F5052944D8F3:LeaderElection3] INFO  server.RaftServerConfigKeys (ConfUtils.java:logGet(43)) - raft.server.watch.element-limit = 65536 (default)
2019-09-17 12:22:45,736 [pool-97-thread-1] INFO  impl.RaftServerImpl (RaftServerImpl.java:start(185)) - 7689548e-5f49-4f36-9667-e46ba21e9ae3@group-C0075F260562: start as a follower, conf=-1: [7689548e-5f49-4f36-9667-e46ba21e9ae3:192.168.5.130:34520, c072a5df-2c45-4bc3-84a6-bf78352fd232:192.168.5.130:39846, a5f9b548-b989-4807-80f4-ff576b54977d:192.168.5.130:40253], old=null
2019-09-17 12:22:45,736 [pool-97-thread-1] INFO  impl.RaftServerImpl (RaftServerImpl.java:setRole(174)) - 7689548e-5f49-4f36-9667-e46ba21e9ae3@group-C0075F260562: changes role from      null to FOLLOWER at term 0 for startAsFollower
2019-09-17 12:22:45,736 [pool-97-thread-1] INFO  impl.RoleInfo (RoleInfo.java:updateAndGet(143)) - 7689548e-5f49-4f36-9667-e46ba21e9ae3: start FollowerState
2019-09-17 12:22:45,736 [c072a5df-2c45-4bc3-84a6-bf78352fd232@group-F5052944D8F3:LeaderElection3] INFO  impl.RoleInfo (RoleInfo.java:updateAndGet(143)) - c072a5df-2c45-4bc3-84a6-bf78352fd232: start LeaderState
2019-09-17 12:22:45,736 [pool-77-thread-1] INFO  impl.RaftServerImpl (RaftServerImpl.java:start(185)) - a5f9b548-b989-4807-80f4-ff576b54977d@group-C0075F260562: start as a follower, conf=-1: [7689548e-5f49-4f36-9667-e46ba21e9ae3:192.168.5.130:34520, c072a5df-2c45-4bc3-84a6-bf78352fd232:192.168.5.130:39846, a5f9b548-b989-4807-80f4-ff576b54977d:192.168.5.130:40253], old=null
2019-09-17 12:22:45,737 [c072a5df-2c45-4bc3-84a6-bf78352fd232@group-F5052944D8F3:LeaderElection3] INFO  segmented.SegmentedRaftLogWorker (SegmentedRaftLogWorker.java:startLogSegment(380)) - c072a5df-2c45-4bc3-84a6-bf78352fd232@group-F5052944D8F3-SegmentedRaftLogWorker: Starting segment from index:0
2019-09-17 12:22:45,737 [pool-97-thread-1] INFO  util.JmxRegister (JmxRegister.java:tryRegister(44)) - Successfully registered JMX Bean with object name Ratis:service=RaftServer,group=group-C0075F260562,id=7689548e-5f49-4f36-9667-e46ba21e9ae3
2019-09-17 12:22:45,737 [pool-77-thread-1] INFO  impl.RaftServerImpl (RaftServerImpl.java:setRole(174)) - a5f9b548-b989-4807-80f4-ff576b54977d@group-C0075F260562: changes role from      null to FOLLOWER at term 0 for startAsFollower
2019-09-17 12:22:45,737 [pool-77-thread-1] INFO  impl.RoleInfo (RoleInfo.java:updateAndGet(143)) - a5f9b548-b989-4807-80f4-ff576b54977d: start FollowerState
2019-09-17 12:22:45,737 [c072a5df-2c45-4bc3-84a6-bf78352fd232@group-F5052944D8F3:LeaderElection3] INFO  impl.RaftServerImpl (ServerState.java:setRaftConf(354)) - c072a5df-2c45-4bc3-84a6-bf78352fd232@group-F5052944D8F3: set configuration 0: [c072a5df-2c45-4bc3-84a6-bf78352fd232:192.168.5.130:39846], old=null at 0
2019-09-17 12:22:45,739 [pool-77-thread-1] INFO  util.JmxRegister (JmxRegister.java:tryRegister(44)) - Successfully registered JMX Bean with object name Ratis:service=RaftServer,group=group-C0075F260562,id=a5f9b548-b989-4807-80f4-ff576b54977d
2019-09-17 12:22:45,755 [RatisPipelineUtilsThread] INFO  pipeline.PipelineStateManager (PipelineStateManager.java:addPipeline(56)) - Created pipeline Pipeline[ Id: 1bb58af4-98e7-4f4e-94d5-c0075f260562, Nodes: a5f9b548-b989-4807-80f4-ff576b54977d{ip: 192.168.5.130, host: pr-hdds-2136-chhj8-2666454444, networkLocation: /default-rack, certSerialId: null}c072a5df-2c45-4bc3-84a6-bf78352fd232{ip: 192.168.5.130, host: pr-hdds-2136-chhj8-2666454444, networkLocation: /default-rack, certSerialId: null}7689548e-5f49-4f36-9667-e46ba21e9ae3{ip: 192.168.5.130, host: pr-hdds-2136-chhj8-2666454444, networkLocation: /default-rack, certSerialId: null}, Type:RATIS, Factor:THREE, State:OPEN]
2019-09-17 12:22:45,778 [grpc-default-executor-0] INFO  impl.RaftServerProxy (RaftServerProxy.java:addNew(89)) - ed86af58-6365-40b3-a78c-ef8881f9dd1e: addNew group-97FAE486DEE6:[ed86af58-6365-40b3-a78c-ef8881f9dd1e:192.168.5.130:38034, 0cdf7b9a-92f5-4bda-bda9-a502d9c924f1:192.168.5.130:42251, ef58021b-0245-4b2a-b464-78c332d31a33:192.168.5.130:45449] returns group-97FAE486DEE6:java.util.concurrent.CompletableFuture@79858969[Not completed]
2019-09-17 12:22:45,780 [grpc-default-executor-1] INFO  impl.RaftServerProxy (RaftServerProxy.java:addNew(89)) - 0cdf7b9a-92f5-4bda-bda9-a502d9c924f1: addNew group-97FAE486DEE6:[ed86af58-6365-40b3-a78c-ef8881f9dd1e:192.168.5.130:38034, 0cdf7b9a-92f5-4bda-bda9-a502d9c924f1:192.168.5.130:42251, ef58021b-0245-4b2a-b464-78c332d31a33:192.168.5.130:45449] returns group-97FAE486DEE6:java.util.concurrent.CompletableFuture@403f94ea[Not completed]
2019-09-17 12:22:45,782 [grpc-default-executor-0] INFO  impl.RaftServerProxy (RaftServerProxy.java:addNew(89)) - ef58021b-0245-4b2a-b464-78c332d31a33: addNew group-97FAE486DEE6:[ed86af58-6365-40b3-a78c-ef8881f9dd1e:192.168.5.130:38034, 0cdf7b9a-92f5-4bda-bda9-a502d9c924f1:192.168.5.130:42251, ef58021b-0245-4b2a-b464-78c332d31a33:192.168.5.130:45449] returns group-97FAE486DEE6:java.util.concurrent.CompletableFuture@464d96b1[Not completed]
2019-09-17 12:22:45,783 [pool-37-thread-1] INFO  impl.RaftServerImpl (RaftServerImpl.java:<init>(95)) - ed86af58-6365-40b3-a78c-ef8881f9dd1e: new RaftServerImpl for group-97FAE486DEE6:[ed86af58-6365-40b3-a78c-ef8881f9dd1e:192.168.5.130:38034, 0cdf7b9a-92f5-4bda-bda9-a502d9c924f1:192.168.5.130:42251, ef58021b-0245-4b2a-b464-78c332d31a33:192.168.5.130:45449] with ContainerStateMachine:uninitialized
2019-09-17 12:22:45,783 [pool-37-thread-1] INFO  server.RaftServerConfigKeys (ConfUtils.java:logGet(43)) - raft.server.rpc.timeout.min = 1s (custom)
2019-09-17 12:22:45,783 [pool-37-thread-1] INFO  server.RaftServerConfigKeys (ConfUtils.java:logGet(43)) - raft.server.rpc.timeout.max = 1200ms (custom)
2019-09-17 12:22:45,783 [pool-37-thread-1] INFO  server.RaftServerConfigKeys (ConfUtils.java:logGet(43)) - raft.server.rpcslowness.timeout = 120s (custom)
2019-09-17 12:22:45,783 [pool-37-thread-1] INFO  server.RaftServerConfigKeys (ConfUtils.java:logGet(43)) - raft.server.sleep.deviation.threshold = 300 (default)
2019-09-17 12:22:45,783 [pool-37-thread-1] INFO  server.RaftServerConfigKeys (ConfUtils.java:logGet(43)) - raft.server.log.appender.install.snapshot.enabled = false (custom)
2019-09-17 12:22:45,783 [pool-37-thread-1] INFO  impl.RaftServerImpl (ServerState.java:<init>(103)) - ed86af58-6365-40b3-a78c-ef8881f9dd1e@group-97FAE486DEE6: ConfigurationManager, init=-1: [ed86af58-6365-40b3-a78c-ef8881f9dd1e:192.168.5.130:38034, 0cdf7b9a-92f5-4bda-bda9-a502d9c924f1:192.168.5.130:42251, ef58021b-0245-4b2a-b464-78c332d31a33:192.168.5.130:45449], old=null, confs=<EMPTY_MAP>
2019-09-17 12:22:45,784 [pool-37-thread-1] INFO  server.RaftServerConfigKeys (ConfUtils.java:logGet(43)) - raft.server.storage.dir = [/tmp/workdir/hadoop-ozone/integration-test/target/test-dir/MiniOzoneClusterImpl-97cb6072-9315-4ed4-9dbe-1bfff40012a1/datanode-1/data/ratis] (custom)
2019-09-17 12:22:45,784 [pool-37-thread-1] INFO  storage.RaftStorageDirectory (RaftStorageDirectory.java:analyzeStorage(246)) - The storage directory /tmp/workdir/hadoop-ozone/integration-test/target/test-dir/MiniOzoneClusterImpl-97cb6072-9315-4ed4-9dbe-1bfff40012a1/datanode-1/data/ratis/9b5a26d8-4bf8-4066-8c9b-97fae486dee6 does not exist. Creating ...
2019-09-17 12:22:45,784 [pool-117-thread-1] INFO  impl.RaftServerImpl (RaftServerImpl.java:<init>(95)) - 0cdf7b9a-92f5-4bda-bda9-a502d9c924f1: new RaftServerImpl for group-97FAE486DEE6:[ed86af58-6365-40b3-a78c-ef8881f9dd1e:192.168.5.130:38034, 0cdf7b9a-92f5-4bda-bda9-a502d9c924f1:192.168.5.130:42251, ef58021b-0245-4b2a-b464-78c332d31a33:192.168.5.130:45449] with ContainerStateMachine:uninitialized
2019-09-17 12:22:45,784 [pool-117-thread-1] INFO  server.RaftServerConfigKeys (ConfUtils.java:logGet(43)) - raft.server.rpc.timeout.min = 1s (custom)
2019-09-17 12:22:45,784 [pool-87-thread-1] INFO  impl.RaftServerImpl (RaftServerImpl.java:<init>(95)) - ef58021b-0245-4b2a-b464-78c332d31a33: new RaftServerImpl for group-97FAE486DEE6:[ed86af58-6365-40b3-a78c-ef8881f9dd1e:192.168.5.130:38034, 0cdf7b9a-92f5-4bda-bda9-a502d9c924f1:192.168.5.130:42251, ef58021b-0245-4b2a-b464-78c332d31a33:192.168.5.130:45449] with ContainerStateMachine:uninitialized
2019-09-17 12:22:45,784 [pool-117-thread-1] INFO  server.RaftServerConfigKeys (ConfUtils.java:logGet(43)) - raft.server.rpc.timeout.max = 1200ms (custom)
2019-09-17 12:22:45,784 [pool-87-thread-1] INFO  server.RaftServerConfigKeys (ConfUtils.java:logGet(43)) - raft.server.rpc.timeout.min = 1s (custom)
2019-09-17 12:22:45,785 [pool-117-thread-1] INFO  server.RaftServerConfigKeys (ConfUtils.java:logGet(43)) - raft.server.rpcslowness.timeout = 120s (custom)
2019-09-17 12:22:45,785 [pool-87-thread-1] INFO  server.RaftServerConfigKeys (ConfUtils.java:logGet(43)) - raft.server.rpc.timeout.max = 1200ms (custom)
2019-09-17 12:22:45,785 [pool-117-thread-1] INFO  server.RaftServerConfigKeys (ConfUtils.java:logGet(43)) - raft.server.sleep.deviation.threshold = 300 (default)
2019-09-17 12:22:45,785 [pool-87-thread-1] INFO  server.RaftServerConfigKeys (ConfUtils.java:logGet(43)) - raft.server.rpcslowness.timeout = 120s (custom)
2019-09-17 12:22:45,785 [pool-117-thread-1] INFO  server.RaftServerConfigKeys (ConfUtils.java:logGet(43)) - raft.server.log.appender.install.snapshot.enabled = false (custom)
2019-09-17 12:22:45,785 [pool-87-thread-1] INFO  server.RaftServerConfigKeys (ConfUtils.java:logGet(43)) - raft.server.sleep.deviation.threshold = 300 (default)
2019-09-17 12:22:45,785 [pool-117-thread-1] INFO  impl.RaftServerImpl (ServerState.java:<init>(103)) - 0cdf7b9a-92f5-4bda-bda9-a502d9c924f1@group-97FAE486DEE6: ConfigurationManager, init=-1: [ed86af58-6365-40b3-a78c-ef8881f9dd1e:192.168.5.130:38034, 0cdf7b9a-92f5-4bda-bda9-a502d9c924f1:192.168.5.130:42251, ef58021b-0245-4b2a-b464-78c332d31a33:192.168.5.130:45449], old=null, confs=<EMPTY_MAP>
2019-09-17 12:22:45,785 [pool-87-thread-1] INFO  server.RaftServerConfigKeys (ConfUtils.java:logGet(43)) - raft.server.log.appender.install.snapshot.enabled = false (custom)
2019-09-17 12:22:45,786 [pool-87-thread-1] INFO  impl.RaftServerImpl (ServerState.java:<init>(103)) - ef58021b-0245-4b2a-b464-78c332d31a33@group-97FAE486DEE6: ConfigurationManager, init=-1: [ed86af58-6365-40b3-a78c-ef8881f9dd1e:192.168.5.130:38034, 0cdf7b9a-92f5-4bda-bda9-a502d9c924f1:192.168.5.130:42251, ef58021b-0245-4b2a-b464-78c332d31a33:192.168.5.130:45449], old=null, confs=<EMPTY_MAP>
2019-09-17 12:22:45,786 [pool-117-thread-1] INFO  server.RaftServerConfigKeys (ConfUtils.java:logGet(43)) - raft.server.storage.dir = [/tmp/workdir/hadoop-ozone/integration-test/target/test-dir/MiniOzoneClusterImpl-97cb6072-9315-4ed4-9dbe-1bfff40012a1/datanode-9/data/ratis] (custom)
2019-09-17 12:22:45,786 [pool-87-thread-1] INFO  server.RaftServerConfigKeys (ConfUtils.java:logGet(43)) - raft.server.storage.dir = [/tmp/workdir/hadoop-ozone/integration-test/target/test-dir/MiniOzoneClusterImpl-97cb6072-9315-4ed4-9dbe-1bfff40012a1/datanode-6/data/ratis] (custom)
2019-09-17 12:22:45,786 [pool-87-thread-1] INFO  storage.RaftStorageDirectory (RaftStorageDirectory.java:analyzeStorage(246)) - The storage directory /tmp/workdir/hadoop-ozone/integration-test/target/test-dir/MiniOzoneClusterImpl-97cb6072-9315-4ed4-9dbe-1bfff40012a1/datanode-6/data/ratis/9b5a26d8-4bf8-4066-8c9b-97fae486dee6 does not exist. Creating ...
2019-09-17 12:22:45,786 [pool-117-thread-1] INFO  storage.RaftStorageDirectory (RaftStorageDirectory.java:analyzeStorage(246)) - The storage directory /tmp/workdir/hadoop-ozone/integration-test/target/test-dir/MiniOzoneClusterImpl-97cb6072-9315-4ed4-9dbe-1bfff40012a1/datanode-9/data/ratis/9b5a26d8-4bf8-4066-8c9b-97fae486dee6 does not exist. Creating ...
2019-09-17 12:22:45,829 [pool-87-thread-1] INFO  storage.RaftStorageDirectory (RaftStorageDirectory.java:tryLock(328)) - Lock on /tmp/workdir/hadoop-ozone/integration-test/target/test-dir/MiniOzoneClusterImpl-97cb6072-9315-4ed4-9dbe-1bfff40012a1/datanode-6/data/ratis/9b5a26d8-4bf8-4066-8c9b-97fae486dee6/in_use.lock acquired by nodename 27083@pr-hdds-2136-chhj8-2666454444
2019-09-17 12:22:45,829 [pool-117-thread-1] INFO  storage.RaftStorageDirectory (RaftStorageDirectory.java:tryLock(328)) - Lock on /tmp/workdir/hadoop-ozone/integration-test/target/test-dir/MiniOzoneClusterImpl-97cb6072-9315-4ed4-9dbe-1bfff40012a1/datanode-9/data/ratis/9b5a26d8-4bf8-4066-8c9b-97fae486dee6/in_use.lock acquired by nodename 27083@pr-hdds-2136-chhj8-2666454444
2019-09-17 12:22:45,829 [pool-37-thread-1] INFO  storage.RaftStorageDirectory (RaftStorageDirectory.java:tryLock(328)) - Lock on /tmp/workdir/hadoop-ozone/integration-test/target/test-dir/MiniOzoneClusterImpl-97cb6072-9315-4ed4-9dbe-1bfff40012a1/datanode-1/data/ratis/9b5a26d8-4bf8-4066-8c9b-97fae486dee6/in_use.lock acquired by nodename 27083@pr-hdds-2136-chhj8-2666454444
2019-09-17 12:22:45,864 [pool-87-thread-1] INFO  storage.RaftStorage (RaftStorage.java:format(72)) - Storage directory /tmp/workdir/hadoop-ozone/integration-test/target/test-dir/MiniOzoneClusterImpl-97cb6072-9315-4ed4-9dbe-1bfff40012a1/datanode-6/data/ratis/9b5a26d8-4bf8-4066-8c9b-97fae486dee6 has been successfully formatted.
2019-09-17 12:22:45,864 [pool-117-thread-1] INFO  storage.RaftStorage (RaftStorage.java:format(72)) - Storage directory /tmp/workdir/hadoop-ozone/integration-test/target/test-dir/MiniOzoneClusterImpl-97cb6072-9315-4ed4-9dbe-1bfff40012a1/datanode-9/data/ratis/9b5a26d8-4bf8-4066-8c9b-97fae486dee6 has been successfully formatted.
2019-09-17 12:22:45,864 [pool-37-thread-1] INFO  storage.RaftStorage (RaftStorage.java:format(72)) - Storage directory /tmp/workdir/hadoop-ozone/integration-test/target/test-dir/MiniOzoneClusterImpl-97cb6072-9315-4ed4-9dbe-1bfff40012a1/datanode-1/data/ratis/9b5a26d8-4bf8-4066-8c9b-97fae486dee6 has been successfully formatted.
2019-09-17 12:22:45,864 [pool-87-thread-1] INFO  ratis.ContainerStateMachine (ContainerStateMachine.java:loadSnapshot(230)) - group-97FAE486DEE6: The snapshot info is null. Setting the last applied indexto:(t:0, i:~)
2019-09-17 12:22:45,865 [pool-37-thread-1] INFO  ratis.ContainerStateMachine (ContainerStateMachine.java:loadSnapshot(230)) - group-97FAE486DEE6: The snapshot info is null. Setting the last applied indexto:(t:0, i:~)
2019-09-17 12:22:45,865 [pool-87-thread-1] INFO  server.RaftServerConfigKeys (ConfUtils.java:logGet(43)) - raft.server.notification.no-leader.timeout = 120s (custom)
2019-09-17 12:22:45,865 [pool-117-thread-1] INFO  ratis.ContainerStateMachine (ContainerStateMachine.java:loadSnapshot(230)) - group-97FAE486DEE6: The snapshot info is null. Setting the last applied indexto:(t:0, i:~)
2019-09-17 12:22:45,865 [pool-87-thread-1] INFO  server.RaftServerConfigKeys (ConfUtils.java:logGet(43)) - raft.server.log.use.memory = false (default)
2019-09-17 12:22:45,865 [pool-117-thread-1] INFO  server.RaftServerConfigKeys (ConfUtils.java:logGet(43)) - raft.server.notification.no-leader.timeout = 120s (custom)
2019-09-17 12:22:45,865 [pool-37-thread-1] INFO  server.RaftServerConfigKeys (ConfUtils.java:logGet(43)) - raft.server.notification.no-leader.timeout = 120s (custom)
2019-09-17 12:22:45,865 [pool-117-thread-1] INFO  server.RaftServerConfigKeys (ConfUtils.java:logGet(43)) - raft.server.log.use.memory = false (default)
2019-09-17 12:22:45,865 [pool-87-thread-1] INFO  server.RaftServerConfigKeys (ConfUtils.java:logGet(43)) - raft.server.log.purge.gap = 1000000 (custom)
2019-09-17 12:22:45,866 [pool-117-thread-1] INFO  server.RaftServerConfigKeys (ConfUtils.java:logGet(43)) - raft.server.log.purge.gap = 1000000 (custom)
2019-09-17 12:22:45,865 [pool-37-thread-1] INFO  server.RaftServerConfigKeys (ConfUtils.java:logGet(43)) - raft.server.log.use.memory = false (default)
2019-09-17 12:22:45,866 [pool-117-thread-1] INFO  server.RaftServerConfigKeys (ConfUtils.java:logGet(43)) - raft.server.log.appender.buffer.byte-limit = 33554432 (custom)
2019-09-17 12:22:45,866 [pool-87-thread-1] INFO  server.RaftServerConfigKeys (ConfUtils.java:logGet(43)) - raft.server.log.appender.buffer.byte-limit = 33554432 (custom)
2019-09-17 12:22:45,866 [pool-117-thread-1] INFO  server.RaftServerConfigKeys (ConfUtils.java:logGet(43)) - raft.server.log.segment.size.max = 1048576 (custom)
2019-09-17 12:22:45,866 [pool-37-thread-1] INFO  server.RaftServerConfigKeys (ConfUtils.java:logGet(43)) - raft.server.log.purge.gap = 1000000 (custom)
2019-09-17 12:22:45,866 [pool-117-thread-1] INFO  server.RaftServerConfigKeys (ConfUtils.java:logGet(43)) - raft.server.log.segment.cache.num.max = 2 (custom)
2019-09-17 12:22:45,866 [pool-87-thread-1] INFO  server.RaftServerConfigKeys (ConfUtils.java:logGet(43)) - raft.server.log.segment.size.max = 1048576 (custom)
2019-09-17 12:22:45,867 [pool-117-thread-1] INFO  segmented.SegmentedRaftLogWorker (SegmentedRaftLogWorker.java:<init>(172)) - new 0cdf7b9a-92f5-4bda-bda9-a502d9c924f1@group-97FAE486DEE6-SegmentedRaftLogWorker for RaftStorage:Storage Directory /tmp/workdir/hadoop-ozone/integration-test/target/test-dir/MiniOzoneClusterImpl-97cb6072-9315-4ed4-9dbe-1bfff40012a1/datanode-9/data/ratis/9b5a26d8-4bf8-4066-8c9b-97fae486dee6
2019-09-17 12:22:45,866 [pool-37-thread-1] INFO  server.RaftServerConfigKeys (ConfUtils.java:logGet(43)) - raft.server.log.appender.buffer.byte-limit = 33554432 (custom)
2019-09-17 12:22:45,867 [pool-117-thread-1] INFO  server.RaftServerConfigKeys (ConfUtils.java:logGet(43)) - raft.server.log.queue.byte-limit = 2147483647 (custom)
2019-09-17 12:22:45,867 [pool-87-thread-1] INFO  server.RaftServerConfigKeys (ConfUtils.java:logGet(43)) - raft.server.log.segment.cache.num.max = 2 (custom)
2019-09-17 12:22:45,867 [pool-117-thread-1] INFO  server.RaftServerConfigKeys (ConfUtils.java:logGet(43)) - raft.server.log.queue.element-limit = 1024 (custom)
2019-09-17 12:22:45,867 [pool-37-thread-1] INFO  server.RaftServerConfigKeys (ConfUtils.java:logGet(43)) - raft.server.log.segment.size.max = 1048576 (custom)
2019-09-17 12:22:45,867 [pool-117-thread-1] INFO  server.RaftServerConfigKeys (ConfUtils.java:logGet(43)) - raft.server.log.segment.size.max = 1048576 (custom)
2019-09-17 12:22:45,867 [pool-87-thread-1] INFO  segmented.SegmentedRaftLogWorker (SegmentedRaftLogWorker.java:<init>(172)) - new ef58021b-0245-4b2a-b464-78c332d31a33@group-97FAE486DEE6-SegmentedRaftLogWorker for RaftStorage:Storage Directory /tmp/workdir/hadoop-ozone/integration-test/target/test-dir/MiniOzoneClusterImpl-97cb6072-9315-4ed4-9dbe-1bfff40012a1/datanode-6/data/ratis/9b5a26d8-4bf8-4066-8c9b-97fae486dee6
2019-09-17 12:22:45,868 [pool-117-thread-1] INFO  server.RaftServerConfigKeys (ConfUtils.java:logGet(43)) - raft.server.log.preallocated.size = 16384 (custom)
2019-09-17 12:22:45,868 [pool-37-thread-1] INFO  server.RaftServerConfigKeys (ConfUtils.java:logGet(43)) - raft.server.log.segment.cache.num.max = 2 (custom)
2019-09-17 12:22:45,868 [pool-117-thread-1] INFO  server.RaftServerConfigKeys (ConfUtils.java:logGet(43)) - raft.server.log.write.buffer.size = 33554432 (custom)
2019-09-17 12:22:45,868 [pool-87-thread-1] INFO  server.RaftServerConfigKeys (ConfUtils.java:logGet(43)) - raft.server.log.queue.byte-limit = 2147483647 (custom)
2019-09-17 12:22:45,868 [pool-117-thread-1] INFO  server.RaftServerConfigKeys (ConfUtils.java:logGet(43)) - raft.server.log.force.sync.num = 128 (default)
2019-09-17 12:22:45,868 [pool-37-thread-1] INFO  segmented.SegmentedRaftLogWorker (SegmentedRaftLogWorker.java:<init>(172)) - new ed86af58-6365-40b3-a78c-ef8881f9dd1e@group-97FAE486DEE6-SegmentedRaftLogWorker for RaftStorage:Storage Directory /tmp/workdir/hadoop-ozone/integration-test/target/test-dir/MiniOzoneClusterImpl-97cb6072-9315-4ed4-9dbe-1bfff40012a1/datanode-1/data/ratis/9b5a26d8-4bf8-4066-8c9b-97fae486dee6
2019-09-17 12:22:45,868 [pool-117-thread-1] INFO  server.RaftServerConfigKeys (ConfUtils.java:logGet(43)) - raft.server.log.statemachine.data.sync = true (default)
2019-09-17 12:22:45,868 [pool-87-thread-1] INFO  server.RaftServerConfigKeys (ConfUtils.java:logGet(43)) - raft.server.log.queue.element-limit = 1024 (custom)
2019-09-17 12:22:45,869 [pool-117-thread-1] INFO  server.RaftServerConfigKeys (ConfUtils.java:logGet(43)) - raft.server.log.statemachine.data.sync.timeout = 10s (default)
2019-09-17 12:22:45,868 [pool-37-thread-1] INFO  server.RaftServerConfigKeys (ConfUtils.java:logGet(43)) - raft.server.log.queue.byte-limit = 2147483647 (custom)
2019-09-17 12:22:45,869 [pool-117-thread-1] INFO  server.RaftServerConfigKeys (ConfUtils.java:logGet(43)) - raft.server.log.statemachine.data.sync.timeout.retry = -1 (default)
2019-09-17 12:22:45,869 [pool-87-thread-1] INFO  server.RaftServerConfigKeys (ConfUtils.java:logGet(43)) - raft.server.log.segment.size.max = 1048576 (custom)
2019-09-17 12:22:45,869 [pool-37-thread-1] INFO  server.RaftServerConfigKeys (ConfUtils.java:logGet(43)) - raft.server.log.queue.element-limit = 1024 (custom)
2019-09-17 12:22:45,869 [pool-117-thread-1] INFO  server.RaftServerConfigKeys (ConfUtils.java:logGet(43)) - raft.server.log.statemachine.data.caching.enabled = true (custom)
2019-09-17 12:22:45,870 [pool-117-thread-1] INFO  segmented.SegmentedRaftLogWorker (SegmentedRaftLogWorker.java:lambda$new$0(132)) - 0cdf7b9a-92f5-4bda-bda9-a502d9c924f1@group-97FAE486DEE6-SegmentedRaftLogWorker: flushIndex: setUnconditionally 0 -> -1
2019-09-17 12:22:45,870 [pool-117-thread-1] INFO  server.RaftServerConfigKeys (ConfUtils.java:logGet(43)) - raft.server.snapshot.auto.trigger.enabled = true (custom)
2019-09-17 12:22:45,870 [pool-117-thread-1] INFO  server.RaftServerConfigKeys (ConfUtils.java:logGet(43)) - raft.server.snapshot.auto.trigger.threshold = 10000 (custom)
2019-09-17 12:22:45,870 [pool-117-thread-1] INFO  server.RaftServerConfigKeys (ConfUtils.java:logGet(43)) - raft.server.snapshot.retention.num.files = 5 (custom)
2019-09-17 12:22:45,869 [pool-87-thread-1] INFO  server.RaftServerConfigKeys (ConfUtils.java:logGet(43)) - raft.server.log.preallocated.size = 16384 (custom)
2019-09-17 12:22:45,870 [pool-117-thread-1] INFO  server.RaftServerConfigKeys (ConfUtils.java:logGet(43)) - raft.server.retrycache.expirytime = 600000ms (custom)
2019-09-17 12:22:45,869 [pool-37-thread-1] INFO  server.RaftServerConfigKeys (ConfUtils.java:logGet(43)) - raft.server.log.segment.size.max = 1048576 (custom)
2019-09-17 12:22:45,871 [pool-87-thread-1] INFO  server.RaftServerConfigKeys (ConfUtils.java:logGet(43)) - raft.server.log.write.buffer.size = 33554432 (custom)
2019-09-17 12:22:45,871 [pool-37-thread-1] INFO  server.RaftServerConfigKeys (ConfUtils.java:logGet(43)) - raft.server.log.preallocated.size = 16384 (custom)
2019-09-17 12:22:45,871 [pool-87-thread-1] INFO  server.RaftServerConfigKeys (ConfUtils.java:logGet(43)) - raft.server.log.force.sync.num = 128 (default)
2019-09-17 12:22:45,871 [pool-37-thread-1] INFO  server.RaftServerConfigKeys (ConfUtils.java:logGet(43)) - raft.server.log.write.buffer.size = 33554432 (custom)
2019-09-17 12:22:45,871 [pool-87-thread-1] INFO  server.RaftServerConfigKeys (ConfUtils.java:logGet(43)) - raft.server.log.statemachine.data.sync = true (default)
2019-09-17 12:22:45,871 [pool-37-thread-1] INFO  server.RaftServerConfigKeys (ConfUtils.java:logGet(43)) - raft.server.log.force.sync.num = 128 (default)
2019-09-17 12:22:45,871 [pool-87-thread-1] INFO  server.RaftServerConfigKeys (ConfUtils.java:logGet(43)) - raft.server.log.statemachine.data.sync.timeout = 10s (default)
2019-09-17 12:22:45,872 [pool-37-thread-1] INFO  server.RaftServerConfigKeys (ConfUtils.java:logGet(43)) - raft.server.log.statemachine.data.sync = true (default)
2019-09-17 12:22:45,872 [pool-87-thread-1] INFO  server.RaftServerConfigKeys (ConfUtils.java:logGet(43)) - raft.server.log.statemachine.data.sync.timeout.retry = -1 (default)
2019-09-17 12:22:45,872 [pool-37-thread-1] INFO  server.RaftServerConfigKeys (ConfUtils.java:logGet(43)) - raft.server.log.statemachine.data.sync.timeout = 10s (default)
2019-09-17 12:22:45,872 [pool-87-thread-1] INFO  server.RaftServerConfigKeys (ConfUtils.java:logGet(43)) - raft.server.log.statemachine.data.caching.enabled = true (custom)
2019-09-17 12:22:45,872 [pool-37-thread-1] INFO  server.RaftServerConfigKeys (ConfUtils.java:logGet(43)) - raft.server.log.statemachine.data.sync.timeout.retry = -1 (default)
2019-09-17 12:22:45,872 [pool-37-thread-1] INFO  server.RaftServerConfigKeys (ConfUtils.java:logGet(43)) - raft.server.log.statemachine.data.caching.enabled = true (custom)
2019-09-17 12:22:45,872 [pool-87-thread-1] INFO  segmented.SegmentedRaftLogWorker (SegmentedRaftLogWorker.java:lambda$new$0(132)) - ef58021b-0245-4b2a-b464-78c332d31a33@group-97FAE486DEE6-SegmentedRaftLogWorker: flushIndex: setUnconditionally 0 -> -1
2019-09-17 12:22:45,872 [ba884459-fbaf-490e-9b71-3c718ea82914@group-571D84A0DC15-SegmentedRaftLogWorker] INFO  segmented.SegmentedRaftLogWorker (SegmentedRaftLogWorker.java:execute(569)) - ba884459-fbaf-490e-9b71-3c718ea82914@group-571D84A0DC15-SegmentedRaftLogWorker: created new log segment /tmp/workdir/hadoop-ozone/integration-test/target/test-dir/MiniOzoneClusterImpl-97cb6072-9315-4ed4-9dbe-1bfff40012a1/datanode-0/data/ratis/7aa83158-15fc-4c9e-a80e-571d84a0dc15/current/log_inprogress_0
2019-09-17 12:22:45,873 [pool-87-thread-1] INFO  server.RaftServerConfigKeys (ConfUtils.java:logGet(43)) - raft.server.snapshot.auto.trigger.enabled = true (custom)
2019-09-17 12:22:45,873 [pool-87-thread-1] INFO  server.RaftServerConfigKeys (ConfUtils.java:logGet(43)) - raft.server.snapshot.auto.trigger.threshold = 10000 (custom)
2019-09-17 12:22:45,873 [pool-87-thread-1] INFO  server.RaftServerConfigKeys (ConfUtils.java:logGet(43)) - raft.server.snapshot.retention.num.files = 5 (custom)
2019-09-17 12:22:45,873 [pool-87-thread-1] INFO  server.RaftServerConfigKeys (ConfUtils.java:logGet(43)) - raft.server.retrycache.expirytime = 600000ms (custom)
2019-09-17 12:22:45,873 [pool-117-thread-1] INFO  impl.RaftServerImpl (RaftServerImpl.java:start(185)) - 0cdf7b9a-92f5-4bda-bda9-a502d9c924f1@group-97FAE486DEE6: start as a follower, conf=-1: [ed86af58-6365-40b3-a78c-ef8881f9dd1e:192.168.5.130:38034, 0cdf7b9a-92f5-4bda-bda9-a502d9c924f1:192.168.5.130:42251, ef58021b-0245-4b2a-b464-78c332d31a33:192.168.5.130:45449], old=null
2019-09-17 12:22:45,873 [pool-117-thread-1] INFO  impl.RaftServerImpl (RaftServerImpl.java:setRole(174)) - 0cdf7b9a-92f5-4bda-bda9-a502d9c924f1@group-97FAE486DEE6: changes role from      null to FOLLOWER at term 0 for startAsFollower
2019-09-17 12:22:45,874 [pool-117-thread-1] INFO  impl.RoleInfo (RoleInfo.java:updateAndGet(143)) - 0cdf7b9a-92f5-4bda-bda9-a502d9c924f1: start FollowerState
2019-09-17 12:22:45,874 [pool-117-thread-1] INFO  util.JmxRegister (JmxRegister.java:tryRegister(44)) - Successfully registered JMX Bean with object name Ratis:service=RaftServer,group=group-97FAE486DEE6,id=0cdf7b9a-92f5-4bda-bda9-a502d9c924f1
2019-09-17 12:22:45,880 [pool-87-thread-1] INFO  impl.RaftServerImpl (RaftServerImpl.java:start(185)) - ef58021b-0245-4b2a-b464-78c332d31a33@group-97FAE486DEE6: start as a follower, conf=-1: [ed86af58-6365-40b3-a78c-ef8881f9dd1e:192.168.5.130:38034, 0cdf7b9a-92f5-4bda-bda9-a502d9c924f1:192.168.5.130:42251, ef58021b-0245-4b2a-b464-78c332d31a33:192.168.5.130:45449], old=null
2019-09-17 12:22:45,880 [pool-87-thread-1] INFO  impl.RaftServerImpl (RaftServerImpl.java:setRole(174)) - ef58021b-0245-4b2a-b464-78c332d31a33@group-97FAE486DEE6: changes role from      null to FOLLOWER at term 0 for startAsFollower
2019-09-17 12:22:45,880 [pool-87-thread-1] INFO  impl.RoleInfo (RoleInfo.java:updateAndGet(143)) - ef58021b-0245-4b2a-b464-78c332d31a33: start FollowerState
2019-09-17 12:22:45,880 [pool-87-thread-1] INFO  util.JmxRegister (JmxRegister.java:tryRegister(44)) - Successfully registered JMX Bean with object name Ratis:service=RaftServer,group=group-97FAE486DEE6,id=ef58021b-0245-4b2a-b464-78c332d31a33
2019-09-17 12:22:45,881 [pool-37-thread-1] INFO  segmented.SegmentedRaftLogWorker (SegmentedRaftLogWorker.java:lambda$new$0(132)) - ed86af58-6365-40b3-a78c-ef8881f9dd1e@group-97FAE486DEE6-SegmentedRaftLogWorker: flushIndex: setUnconditionally 0 -> -1
2019-09-17 12:22:45,884 [pool-37-thread-1] INFO  server.RaftServerConfigKeys (ConfUtils.java:logGet(43)) - raft.server.snapshot.auto.trigger.enabled = true (custom)
2019-09-17 12:22:45,884 [pool-37-thread-1] INFO  server.RaftServerConfigKeys (ConfUtils.java:logGet(43)) - raft.server.snapshot.auto.trigger.threshold = 10000 (custom)
2019-09-17 12:22:45,884 [pool-37-thread-1] INFO  server.RaftServerConfigKeys (ConfUtils.java:logGet(43)) - raft.server.snapshot.retention.num.files = 5 (custom)
2019-09-17 12:22:45,884 [pool-37-thread-1] INFO  server.RaftServerConfigKeys (ConfUtils.java:logGet(43)) - raft.server.retrycache.expirytime = 600000ms (custom)
2019-09-17 12:22:45,894 [a5f9b548-b989-4807-80f4-ff576b54977d@group-627844AE9390-SegmentedRaftLogWorker] INFO  segmented.SegmentedRaftLogWorker (SegmentedRaftLogWorker.java:execute(569)) - a5f9b548-b989-4807-80f4-ff576b54977d@group-627844AE9390-SegmentedRaftLogWorker: created new log segment /tmp/workdir/hadoop-ozone/integration-test/target/test-dir/MiniOzoneClusterImpl-97cb6072-9315-4ed4-9dbe-1bfff40012a1/datanode-5/data/ratis/39719de4-e49c-4d3b-b5a0-627844ae9390/current/log_inprogress_0
2019-09-17 12:22:45,894 [c072a5df-2c45-4bc3-84a6-bf78352fd232@group-F5052944D8F3-SegmentedRaftLogWorker] INFO  segmented.SegmentedRaftLogWorker (SegmentedRaftLogWorker.java:execute(569)) - c072a5df-2c45-4bc3-84a6-bf78352fd232@group-F5052944D8F3-SegmentedRaftLogWorker: created new log segment /tmp/workdir/hadoop-ozone/integration-test/target/test-dir/MiniOzoneClusterImpl-97cb6072-9315-4ed4-9dbe-1bfff40012a1/datanode-4/data/ratis/3b2f25c0-4226-4a61-9cf6-f5052944d8f3/current/log_inprogress_0
2019-09-17 12:22:45,900 [pool-37-thread-1] INFO  impl.RaftServerImpl (RaftServerImpl.java:start(185)) - ed86af58-6365-40b3-a78c-ef8881f9dd1e@group-97FAE486DEE6: start as a follower, conf=-1: [ed86af58-6365-40b3-a78c-ef8881f9dd1e:192.168.5.130:38034, 0cdf7b9a-92f5-4bda-bda9-a502d9c924f1:192.168.5.130:42251, ef58021b-0245-4b2a-b464-78c332d31a33:192.168.5.130:45449], old=null
2019-09-17 12:22:45,900 [pool-37-thread-1] INFO  impl.RaftServerImpl (RaftServerImpl.java:setRole(174)) - ed86af58-6365-40b3-a78c-ef8881f9dd1e@group-97FAE486DEE6: changes role from      null to FOLLOWER at term 0 for startAsFollower
2019-09-17 12:22:45,900 [pool-37-thread-1] INFO  impl.RoleInfo (RoleInfo.java:updateAndGet(143)) - ed86af58-6365-40b3-a78c-ef8881f9dd1e: start FollowerState
2019-09-17 12:22:45,900 [pool-37-thread-1] INFO  util.JmxRegister (JmxRegister.java:tryRegister(44)) - Successfully registered JMX Bean with object name Ratis:service=RaftServer,group=group-97FAE486DEE6,id=ed86af58-6365-40b3-a78c-ef8881f9dd1e
2019-09-17 12:22:45,905 [RatisPipelineUtilsThread] INFO  pipeline.PipelineStateManager (PipelineStateManager.java:addPipeline(56)) - Created pipeline Pipeline[ Id: 9b5a26d8-4bf8-4066-8c9b-97fae486dee6, Nodes: 0cdf7b9a-92f5-4bda-bda9-a502d9c924f1{ip: 192.168.5.130, host: pr-hdds-2136-chhj8-2666454444, networkLocation: /default-rack, certSerialId: null}ed86af58-6365-40b3-a78c-ef8881f9dd1e{ip: 192.168.5.130, host: pr-hdds-2136-chhj8-2666454444, networkLocation: /default-rack, certSerialId: null}ef58021b-0245-4b2a-b464-78c332d31a33{ip: 192.168.5.130, host: pr-hdds-2136-chhj8-2666454444, networkLocation: /default-rack, certSerialId: null}, Type:RATIS, Factor:THREE, State:OPEN]
2019-09-17 12:22:45,936 [grpc-default-executor-1] INFO  impl.RaftServerProxy (RaftServerProxy.java:addNew(89)) - ba884459-fbaf-490e-9b71-3c718ea82914: addNew group-5D4E048AB16A:[89060399-4494-4f9b-b1c5-9635c65f7453:192.168.5.130:44284, 84b9980c-7545-47f2-8f8d-7bdb4cb4587c:192.168.5.130:43486, ba884459-fbaf-490e-9b71-3c718ea82914:192.168.5.130:43469] returns group-5D4E048AB16A:java.util.concurrent.CompletableFuture@382a9bd7[Not completed]
2019-09-17 12:22:45,938 [grpc-default-executor-0] INFO  impl.RaftServerProxy (RaftServerProxy.java:addNew(89)) - 89060399-4494-4f9b-b1c5-9635c65f7453: addNew group-5D4E048AB16A:[89060399-4494-4f9b-b1c5-9635c65f7453:192.168.5.130:44284, 84b9980c-7545-47f2-8f8d-7bdb4cb4587c:192.168.5.130:43486, ba884459-fbaf-490e-9b71-3c718ea82914:192.168.5.130:43469] returns group-5D4E048AB16A:java.util.concurrent.CompletableFuture@70bf998f[Not completed]
2019-09-17 12:22:45,940 [grpc-default-executor-2] INFO  impl.RaftServerProxy (RaftServerProxy.java:addNew(89)) - 84b9980c-7545-47f2-8f8d-7bdb4cb4587c: addNew group-5D4E048AB16A:[89060399-4494-4f9b-b1c5-9635c65f7453:192.168.5.130:44284, 84b9980c-7545-47f2-8f8d-7bdb4cb4587c:192.168.5.130:43486, ba884459-fbaf-490e-9b71-3c718ea82914:192.168.5.130:43469] returns group-5D4E048AB16A:java.util.concurrent.CompletableFuture@5b511f25[Not completed]
2019-09-17 12:22:45,940 [pool-27-thread-1] INFO  impl.RaftServerImpl (RaftServerImpl.java:<init>(95)) - ba884459-fbaf-490e-9b71-3c718ea82914: new RaftServerImpl for group-5D4E048AB16A:[89060399-4494-4f9b-b1c5-9635c65f7453:192.168.5.130:44284, 84b9980c-7545-47f2-8f8d-7bdb4cb4587c:192.168.5.130:43486, ba884459-fbaf-490e-9b71-3c718ea82914:192.168.5.130:43469] with ContainerStateMachine:uninitialized
2019-09-17 12:22:45,941 [pool-27-thread-1] INFO  server.RaftServerConfigKeys (ConfUtils.java:logGet(43)) - raft.server.rpc.timeout.min = 1s (custom)
2019-09-17 12:22:45,941 [pool-27-thread-1] INFO  server.RaftServerConfigKeys (ConfUtils.java:logGet(43)) - raft.server.rpc.timeout.max = 1200ms (custom)
2019-09-17 12:22:45,941 [pool-27-thread-1] INFO  server.RaftServerConfigKeys (ConfUtils.java:logGet(43)) - raft.server.rpcslowness.timeout = 120s (custom)
2019-09-17 12:22:45,941 [pool-107-thread-1] INFO  impl.RaftServerImpl (RaftServerImpl.java:<init>(95)) - 84b9980c-7545-47f2-8f8d-7bdb4cb4587c: new RaftServerImpl for group-5D4E048AB16A:[89060399-4494-4f9b-b1c5-9635c65f7453:192.168.5.130:44284, 84b9980c-7545-47f2-8f8d-7bdb4cb4587c:192.168.5.130:43486, ba884459-fbaf-490e-9b71-3c718ea82914:192.168.5.130:43469] with ContainerStateMachine:uninitialized
2019-09-17 12:22:45,941 [pool-27-thread-1] INFO  server.RaftServerConfigKeys (ConfUtils.java:logGet(43)) - raft.server.sleep.deviation.threshold = 300 (default)
2019-09-17 12:22:45,941 [pool-107-thread-1] INFO  server.RaftServerConfigKeys (ConfUtils.java:logGet(43)) - raft.server.rpc.timeout.min = 1s (custom)
2019-09-17 12:22:45,941 [pool-27-thread-1] INFO  server.RaftServerConfigKeys (ConfUtils.java:logGet(43)) - raft.server.log.appender.install.snapshot.enabled = false (custom)
2019-09-17 12:22:45,941 [pool-107-thread-1] INFO  server.RaftServerConfigKeys (ConfUtils.java:logGet(43)) - raft.server.rpc.timeout.max = 1200ms (custom)
2019-09-17 12:22:45,941 [pool-27-thread-1] INFO  impl.RaftServerImpl (ServerState.java:<init>(103)) - ba884459-fbaf-490e-9b71-3c718ea82914@group-5D4E048AB16A: ConfigurationManager, init=-1: [89060399-4494-4f9b-b1c5-9635c65f7453:192.168.5.130:44284, 84b9980c-7545-47f2-8f8d-7bdb4cb4587c:192.168.5.130:43486, ba884459-fbaf-490e-9b71-3c718ea82914:192.168.5.130:43469], old=null, confs=<EMPTY_MAP>
2019-09-17 12:22:45,941 [pool-107-thread-1] INFO  server.RaftServerConfigKeys (ConfUtils.java:logGet(43)) - raft.server.rpcslowness.timeout = 120s (custom)
2019-09-17 12:22:45,942 [pool-47-thread-1] INFO  impl.RaftServerImpl (RaftServerImpl.java:<init>(95)) - 89060399-4494-4f9b-b1c5-9635c65f7453: new RaftServerImpl for group-5D4E048AB16A:[89060399-4494-4f9b-b1c5-9635c65f7453:192.168.5.130:44284, 84b9980c-7545-47f2-8f8d-7bdb4cb4587c:192.168.5.130:43486, ba884459-fbaf-490e-9b71-3c718ea82914:192.168.5.130:43469] with ContainerStateMachine:uninitialized
2019-09-17 12:22:45,942 [pool-27-thread-1] INFO  server.RaftServerConfigKeys (ConfUtils.java:logGet(43)) - raft.server.storage.dir = [/tmp/workdir/hadoop-ozone/integration-test/target/test-dir/MiniOzoneClusterImpl-97cb6072-9315-4ed4-9dbe-1bfff40012a1/datanode-0/data/ratis] (custom)
2019-09-17 12:22:45,942 [pool-107-thread-1] INFO  server.RaftServerConfigKeys (ConfUtils.java:logGet(43)) - raft.server.sleep.deviation.threshold = 300 (default)
2019-09-17 12:22:45,942 [pool-47-thread-1] INFO  server.RaftServerConfigKeys (ConfUtils.java:logGet(43)) - raft.server.rpc.timeout.min = 1s (custom)
2019-09-17 12:22:45,942 [pool-107-thread-1] INFO  server.RaftServerConfigKeys (ConfUtils.java:logGet(43)) - raft.server.log.appender.install.snapshot.enabled = false (custom)
2019-09-17 12:22:45,942 [pool-47-thread-1] INFO  server.RaftServerConfigKeys (ConfUtils.java:logGet(43)) - raft.server.rpc.timeout.max = 1200ms (custom)
2019-09-17 12:22:45,942 [pool-27-thread-1] INFO  storage.RaftStorageDirectory (RaftStorageDirectory.java:analyzeStorage(246)) - The storage directory /tmp/workdir/hadoop-ozone/integration-test/target/test-dir/MiniOzoneClusterImpl-97cb6072-9315-4ed4-9dbe-1bfff40012a1/datanode-0/data/ratis/ee2470e8-a619-46fb-ab4b-5d4e048ab16a does not exist. Creating ...
2019-09-17 12:22:45,942 [pool-47-thread-1] INFO  server.RaftServerConfigKeys (ConfUtils.java:logGet(43)) - raft.server.rpcslowness.timeout = 120s (custom)
2019-09-17 12:22:45,942 [pool-107-thread-1] INFO  impl.RaftServerImpl (ServerState.java:<init>(103)) - 84b9980c-7545-47f2-8f8d-7bdb4cb4587c@group-5D4E048AB16A: ConfigurationManager, init=-1: [89060399-4494-4f9b-b1c5-9635c65f7453:192.168.5.130:44284, 84b9980c-7545-47f2-8f8d-7bdb4cb4587c:192.168.5.130:43486, ba884459-fbaf-490e-9b71-3c718ea82914:192.168.5.130:43469], old=null, confs=<EMPTY_MAP>
2019-09-17 12:22:45,942 [pool-47-thread-1] INFO  server.RaftServerConfigKeys (ConfUtils.java:logGet(43)) - raft.server.sleep.deviation.threshold = 300 (default)
2019-09-17 12:22:45,943 [pool-107-thread-1] INFO  server.RaftServerConfigKeys (ConfUtils.java:logGet(43)) - raft.server.storage.dir = [/tmp/workdir/hadoop-ozone/integration-test/target/test-dir/MiniOzoneClusterImpl-97cb6072-9315-4ed4-9dbe-1bfff40012a1/datanode-8/data/ratis] (custom)
2019-09-17 12:22:45,943 [pool-47-thread-1] INFO  server.RaftServerConfigKeys (ConfUtils.java:logGet(43)) - raft.server.log.appender.install.snapshot.enabled = false (custom)
2019-09-17 12:22:45,943 [pool-47-thread-1] INFO  impl.RaftServerImpl (ServerState.java:<init>(103)) - 89060399-4494-4f9b-b1c5-9635c65f7453@group-5D4E048AB16A: ConfigurationManager, init=-1: [89060399-4494-4f9b-b1c5-9635c65f7453:192.168.5.130:44284, 84b9980c-7545-47f2-8f8d-7bdb4cb4587c:192.168.5.130:43486, ba884459-fbaf-490e-9b71-3c718ea82914:192.168.5.130:43469], old=null, confs=<EMPTY_MAP>
2019-09-17 12:22:45,943 [pool-107-thread-1] INFO  storage.RaftStorageDirectory (RaftStorageDirectory.java:analyzeStorage(246)) - The storage directory /tmp/workdir/hadoop-ozone/integration-test/target/test-dir/MiniOzoneClusterImpl-97cb6072-9315-4ed4-9dbe-1bfff40012a1/datanode-8/data/ratis/ee2470e8-a619-46fb-ab4b-5d4e048ab16a does not exist. Creating ...
2019-09-17 12:22:45,943 [pool-47-thread-1] INFO  server.RaftServerConfigKeys (ConfUtils.java:logGet(43)) - raft.server.storage.dir = [/tmp/workdir/hadoop-ozone/integration-test/target/test-dir/MiniOzoneClusterImpl-97cb6072-9315-4ed4-9dbe-1bfff40012a1/datanode-2/data/ratis] (custom)
2019-09-17 12:22:45,943 [pool-47-thread-1] INFO  storage.RaftStorageDirectory (RaftStorageDirectory.java:analyzeStorage(246)) - The storage directory /tmp/workdir/hadoop-ozone/integration-test/target/test-dir/MiniOzoneClusterImpl-97cb6072-9315-4ed4-9dbe-1bfff40012a1/datanode-2/data/ratis/ee2470e8-a619-46fb-ab4b-5d4e048ab16a does not exist. Creating ...
2019-09-17 12:22:45,965 [pool-107-thread-1] INFO  storage.RaftStorageDirectory (RaftStorageDirectory.java:tryLock(328)) - Lock on /tmp/workdir/hadoop-ozone/integration-test/target/test-dir/MiniOzoneClusterImpl-97cb6072-9315-4ed4-9dbe-1bfff40012a1/datanode-8/data/ratis/ee2470e8-a619-46fb-ab4b-5d4e048ab16a/in_use.lock acquired by nodename 27083@pr-hdds-2136-chhj8-2666454444
2019-09-17 12:22:45,965 [Thread-294] INFO  impl.FollowerState (FollowerState.java:run(106)) - 7689548e-5f49-4f36-9667-e46ba21e9ae3:group-C27889E87473 changes to CANDIDATE, lastRpcTime:1178, electionTimeout:1177ms
2019-09-17 12:22:45,965 [pool-27-thread-1] INFO  storage.RaftStorageDirectory (RaftStorageDirectory.java:tryLock(328)) - Lock on /tmp/workdir/hadoop-ozone/integration-test/target/test-dir/MiniOzoneClusterImpl-97cb6072-9315-4ed4-9dbe-1bfff40012a1/datanode-0/data/ratis/ee2470e8-a619-46fb-ab4b-5d4e048ab16a/in_use.lock acquired by nodename 27083@pr-hdds-2136-chhj8-2666454444
2019-09-17 12:22:45,965 [pool-47-thread-1] INFO  storage.RaftStorageDirectory (RaftStorageDirectory.java:tryLock(328)) - Lock on /tmp/workdir/hadoop-ozone/integration-test/target/test-dir/MiniOzoneClusterImpl-97cb6072-9315-4ed4-9dbe-1bfff40012a1/datanode-2/data/ratis/ee2470e8-a619-46fb-ab4b-5d4e048ab16a/in_use.lock acquired by nodename 27083@pr-hdds-2136-chhj8-2666454444
2019-09-17 12:22:45,966 [Thread-294] INFO  impl.RoleInfo (RoleInfo.java:shutdownFollowerState(121)) - 7689548e-5f49-4f36-9667-e46ba21e9ae3: shutdown FollowerState
2019-09-17 12:22:45,966 [Thread-294] INFO  impl.RaftServerImpl (RaftServerImpl.java:setRole(174)) - 7689548e-5f49-4f36-9667-e46ba21e9ae3@group-C27889E87473: changes role from  FOLLOWER to CANDIDATE at term 0 for changeToCandidate
2019-09-17 12:22:45,967 [Thread-294] INFO  impl.RoleInfo (RoleInfo.java:updateAndGet(143)) - 7689548e-5f49-4f36-9667-e46ba21e9ae3: start LeaderElection
2019-09-17 12:22:45,991 [pool-47-thread-1] INFO  storage.RaftStorage (RaftStorage.java:format(72)) - Storage directory /tmp/workdir/hadoop-ozone/integration-test/target/test-dir/MiniOzoneClusterImpl-97cb6072-9315-4ed4-9dbe-1bfff40012a1/datanode-2/data/ratis/ee2470e8-a619-46fb-ab4b-5d4e048ab16a has been successfully formatted.
2019-09-17 12:22:45,991 [pool-27-thread-1] INFO  storage.RaftStorage (RaftStorage.java:format(72)) - Storage directory /tmp/workdir/hadoop-ozone/integration-test/target/test-dir/MiniOzoneClusterImpl-97cb6072-9315-4ed4-9dbe-1bfff40012a1/datanode-0/data/ratis/ee2470e8-a619-46fb-ab4b-5d4e048ab16a has been successfully formatted.
2019-09-17 12:22:45,991 [7689548e-5f49-4f36-9667-e46ba21e9ae3@group-C27889E87473:LeaderElection4] INFO  impl.LeaderElection (LeaderElection.java:askForVotes(182)) - 7689548e-5f49-4f36-9667-e46ba21e9ae3@group-C27889E87473:LeaderElection4: begin an election at term 1 for -1: [7689548e-5f49-4f36-9667-e46ba21e9ae3:192.168.5.130:34520], old=null
2019-09-17 12:22:45,991 [pool-107-thread-1] INFO  storage.RaftStorage (RaftStorage.java:format(72)) - Storage directory /tmp/workdir/hadoop-ozone/integration-test/target/test-dir/MiniOzoneClusterImpl-97cb6072-9315-4ed4-9dbe-1bfff40012a1/datanode-8/data/ratis/ee2470e8-a619-46fb-ab4b-5d4e048ab16a has been successfully formatted.
2019-09-17 12:22:45,992 [7689548e-5f49-4f36-9667-e46ba21e9ae3@group-C27889E87473:LeaderElection4] INFO  impl.RoleInfo (RoleInfo.java:shutdownLeaderElection(134)) - 7689548e-5f49-4f36-9667-e46ba21e9ae3: shutdown LeaderElection
2019-09-17 12:22:45,992 [pool-107-thread-1] INFO  ratis.ContainerStateMachine (ContainerStateMachine.java:loadSnapshot(230)) - group-5D4E048AB16A: The snapshot info is null. Setting the last applied indexto:(t:0, i:~)
2019-09-17 12:22:45,992 [pool-27-thread-1] INFO  ratis.ContainerStateMachine (ContainerStateMachine.java:loadSnapshot(230)) - group-5D4E048AB16A: The snapshot info is null. Setting the last applied indexto:(t:0, i:~)
2019-09-17 12:22:45,991 [pool-47-thread-1] INFO  ratis.ContainerStateMachine (ContainerStateMachine.java:loadSnapshot(230)) - group-5D4E048AB16A: The snapshot info is null. Setting the last applied indexto:(t:0, i:~)
2019-09-17 12:22:45,992 [pool-27-thread-1] INFO  server.RaftServerConfigKeys (ConfUtils.java:logGet(43)) - raft.server.notification.no-leader.timeout = 120s (custom)
2019-09-17 12:22:45,992 [pool-107-thread-1] INFO  server.RaftServerConfigKeys (ConfUtils.java:logGet(43)) - raft.server.notification.no-leader.timeout = 120s (custom)
2019-09-17 12:22:45,992 [7689548e-5f49-4f36-9667-e46ba21e9ae3@group-C27889E87473:LeaderElection4] INFO  impl.RaftServerImpl (RaftServerImpl.java:setRole(174)) - 7689548e-5f49-4f36-9667-e46ba21e9ae3@group-C27889E87473: changes role from CANDIDATE to LEADER at term 1 for changeToLeader
2019-09-17 12:22:45,992 [pool-107-thread-1] INFO  server.RaftServerConfigKeys (ConfUtils.java:logGet(43)) - raft.server.log.use.memory = false (default)
2019-09-17 12:22:45,992 [pool-27-thread-1] INFO  server.RaftServerConfigKeys (ConfUtils.java:logGet(43)) - raft.server.log.use.memory = false (default)
2019-09-17 12:22:45,992 [pool-47-thread-1] INFO  server.RaftServerConfigKeys (ConfUtils.java:logGet(43)) - raft.server.notification.no-leader.timeout = 120s (custom)
2019-09-17 12:22:45,993 [pool-27-thread-1] INFO  server.RaftServerConfigKeys (ConfUtils.java:logGet(43)) - raft.server.log.purge.gap = 1000000 (custom)
2019-09-17 12:22:45,993 [pool-107-thread-1] INFO  server.RaftServerConfigKeys (ConfUtils.java:logGet(43)) - raft.server.log.purge.gap = 1000000 (custom)
2019-09-17 12:22:45,993 [7689548e-5f49-4f36-9667-e46ba21e9ae3@group-C27889E87473:LeaderElection4] INFO  impl.RaftServerImpl (ServerState.java:setLeader(253)) - 7689548e-5f49-4f36-9667-e46ba21e9ae3@group-C27889E87473: change Leader from null to 7689548e-5f49-4f36-9667-e46ba21e9ae3 at term 1 for becomeLeader, leader elected after 1225ms
2019-09-17 12:22:45,993 [pool-107-thread-1] INFO  server.RaftServerConfigKeys (ConfUtils.java:logGet(43)) - raft.server.log.appender.buffer.byte-limit = 33554432 (custom)
2019-09-17 12:22:45,993 [pool-27-thread-1] INFO  server.RaftServerConfigKeys (ConfUtils.java:logGet(43)) - raft.server.log.appender.buffer.byte-limit = 33554432 (custom)
2019-09-17 12:22:45,993 [pool-47-thread-1] INFO  server.RaftServerConfigKeys (ConfUtils.java:logGet(43)) - raft.server.log.use.memory = false (default)
2019-09-17 12:22:45,994 [pool-27-thread-1] INFO  server.RaftServerConfigKeys (ConfUtils.java:logGet(43)) - raft.server.log.segment.size.max = 1048576 (custom)
2019-09-17 12:22:45,994 [pool-107-thread-1] INFO  server.RaftServerConfigKeys (ConfUtils.java:logGet(43)) - raft.server.log.segment.size.max = 1048576 (custom)
2019-09-17 12:22:45,993 [7689548e-5f49-4f36-9667-e46ba21e9ae3@group-C27889E87473:LeaderElection4] INFO  server.RaftServerConfigKeys (ConfUtils.java:logGet(43)) - raft.server.staging.catchup.gap = 1000 (default)
2019-09-17 12:22:45,994 [pool-107-thread-1] INFO  server.RaftServerConfigKeys (ConfUtils.java:logGet(43)) - raft.server.log.segment.cache.num.max = 2 (custom)
2019-09-17 12:22:45,994 [pool-27-thread-1] INFO  server.RaftServerConfigKeys (ConfUtils.java:logGet(43)) - raft.server.log.segment.cache.num.max = 2 (custom)
2019-09-17 12:22:45,995 [pool-27-thread-1] INFO  segmented.SegmentedRaftLogWorker (SegmentedRaftLogWorker.java:<init>(172)) - new ba884459-fbaf-490e-9b71-3c718ea82914@group-5D4E048AB16A-SegmentedRaftLogWorker for RaftStorage:Storage Directory /tmp/workdir/hadoop-ozone/integration-test/target/test-dir/MiniOzoneClusterImpl-97cb6072-9315-4ed4-9dbe-1bfff40012a1/datanode-0/data/ratis/ee2470e8-a619-46fb-ab4b-5d4e048ab16a
2019-09-17 12:22:45,994 [pool-47-thread-1] INFO  server.RaftServerConfigKeys (ConfUtils.java:logGet(43)) - raft.server.log.purge.gap = 1000000 (custom)
2019-09-17 12:22:45,995 [pool-27-thread-1] INFO  server.RaftServerConfigKeys (ConfUtils.java:logGet(43)) - raft.server.log.queue.byte-limit = 2147483647 (custom)
2019-09-17 12:22:45,994 [pool-107-thread-1] INFO  segmented.SegmentedRaftLogWorker (SegmentedRaftLogWorker.java:<init>(172)) - new 84b9980c-7545-47f2-8f8d-7bdb4cb4587c@group-5D4E048AB16A-SegmentedRaftLogWorker for RaftStorage:Storage Directory /tmp/workdir/hadoop-ozone/integration-test/target/test-dir/MiniOzoneClusterImpl-97cb6072-9315-4ed4-9dbe-1bfff40012a1/datanode-8/data/ratis/ee2470e8-a619-46fb-ab4b-5d4e048ab16a
2019-09-17 12:22:45,994 [7689548e-5f49-4f36-9667-e46ba21e9ae3@group-C27889E87473:LeaderElection4] INFO  server.RaftServerConfigKeys (ConfUtils.java:logGet(43)) - raft.server.rpc.sleep.time = 25ms (default)
2019-09-17 12:22:45,995 [pool-107-thread-1] INFO  server.RaftServerConfigKeys (ConfUtils.java:logGet(43)) - raft.server.log.queue.byte-limit = 2147483647 (custom)
2019-09-17 12:22:45,995 [pool-27-thread-1] INFO  server.RaftServerConfigKeys (ConfUtils.java:logGet(43)) - raft.server.log.queue.element-limit = 1024 (custom)
2019-09-17 12:22:45,995 [pool-47-thread-1] INFO  server.RaftServerConfigKeys (ConfUtils.java:logGet(43)) - raft.server.log.appender.buffer.byte-limit = 33554432 (custom)
2019-09-17 12:22:45,996 [pool-27-thread-1] INFO  server.RaftServerConfigKeys (ConfUtils.java:logGet(43)) - raft.server.log.segment.size.max = 1048576 (custom)
2019-09-17 12:22:45,996 [pool-107-thread-1] INFO  server.RaftServerConfigKeys (ConfUtils.java:logGet(43)) - raft.server.log.queue.element-limit = 1024 (custom)
2019-09-17 12:22:45,995 [7689548e-5f49-4f36-9667-e46ba21e9ae3@group-C27889E87473:LeaderElection4] INFO  server.RaftServerConfigKeys (ConfUtils.java:logGet(43)) - raft.server.write.element-limit = 4096 (default)
2019-09-17 12:22:45,996 [pool-107-thread-1] INFO  server.RaftServerConfigKeys (ConfUtils.java:logGet(43)) - raft.server.log.segment.size.max = 1048576 (custom)
2019-09-17 12:22:45,996 [pool-27-thread-1] INFO  server.RaftServerConfigKeys (ConfUtils.java:logGet(43)) - raft.server.log.preallocated.size = 16384 (custom)
2019-09-17 12:22:45,996 [pool-47-thread-1] INFO  server.RaftServerConfigKeys (ConfUtils.java:logGet(43)) - raft.server.log.segment.size.max = 1048576 (custom)
2019-09-17 12:22:45,997 [pool-27-thread-1] INFO  server.RaftServerConfigKeys (ConfUtils.java:logGet(43)) - raft.server.log.write.buffer.size = 33554432 (custom)
2019-09-17 12:22:45,996 [pool-107-thread-1] INFO  server.RaftServerConfigKeys (ConfUtils.java:logGet(43)) - raft.server.log.preallocated.size = 16384 (custom)
2019-09-17 12:22:45,996 [7689548e-5f49-4f36-9667-e46ba21e9ae3@group-C27889E87473:LeaderElection4] INFO  server.RaftServerConfigKeys (ConfUtils.java:logGet(43)) - raft.server.watch.timeout = 10s (default)
2019-09-17 12:22:45,997 [pool-107-thread-1] INFO  server.RaftServerConfigKeys (ConfUtils.java:logGet(43)) - raft.server.log.write.buffer.size = 33554432 (custom)
2019-09-17 12:22:45,997 [pool-27-thread-1] INFO  server.RaftServerConfigKeys (ConfUtils.java:logGet(43)) - raft.server.log.force.sync.num = 128 (default)
2019-09-17 12:22:45,997 [pool-47-thread-1] INFO  server.RaftServerConfigKeys (ConfUtils.java:logGet(43)) - raft.server.log.segment.cache.num.max = 2 (custom)
2019-09-17 12:22:45,998 [pool-27-thread-1] INFO  server.RaftServerConfigKeys (ConfUtils.java:logGet(43)) - raft.server.log.statemachine.data.sync = true (default)
2019-09-17 12:22:45,997 [pool-107-thread-1] INFO  server.RaftServerConfigKeys (ConfUtils.java:logGet(43)) - raft.server.log.force.sync.num = 128 (default)
2019-09-17 12:22:45,997 [7689548e-5f49-4f36-9667-e46ba21e9ae3@group-C27889E87473:LeaderElection4] INFO  server.RaftServerConfigKeys (ConfUtils.java:logGet(43)) - raft.server.watch.timeout.denomination = 1s (default)
2019-09-17 12:22:45,998 [pool-107-thread-1] INFO  server.RaftServerConfigKeys (ConfUtils.java:logGet(43)) - raft.server.log.statemachine.data.sync = true (default)
2019-09-17 12:22:45,999 [pool-107-thread-1] INFO  server.RaftServerConfigKeys (ConfUtils.java:logGet(43)) - raft.server.log.statemachine.data.sync.timeout = 10s (default)
2019-09-17 12:22:45,998 [pool-27-thread-1] INFO  server.RaftServerConfigKeys (ConfUtils.java:logGet(43)) - raft.server.log.statemachine.data.sync.timeout = 10s (default)
2019-09-17 12:22:45,998 [pool-47-thread-1] INFO  segmented.SegmentedRaftLogWorker (SegmentedRaftLogWorker.java:<init>(172)) - new 89060399-4494-4f9b-b1c5-9635c65f7453@group-5D4E048AB16A-SegmentedRaftLogWorker for RaftStorage:Storage Directory /tmp/workdir/hadoop-ozone/integration-test/target/test-dir/MiniOzoneClusterImpl-97cb6072-9315-4ed4-9dbe-1bfff40012a1/datanode-2/data/ratis/ee2470e8-a619-46fb-ab4b-5d4e048ab16a
2019-09-17 12:22:45,999 [pool-27-thread-1] INFO  server.RaftServerConfigKeys (ConfUtils.java:logGet(43)) - raft.server.log.statemachine.data.sync.timeout.retry = -1 (default)
2019-09-17 12:22:45,999 [pool-107-thread-1] INFO  server.RaftServerConfigKeys (ConfUtils.java:logGet(43)) - raft.server.log.statemachine.data.sync.timeout.retry = -1 (default)
2019-09-17 12:22:45,998 [7689548e-5f49-4f36-9667-e46ba21e9ae3@group-C27889E87473:LeaderElection4] INFO  server.RaftServerConfigKeys (ConfUtils.java:logGet(43)) - raft.server.watch.element-limit = 65536 (default)
2019-09-17 12:22:45,999 [pool-107-thread-1] INFO  server.RaftServerConfigKeys (ConfUtils.java:logGet(43)) - raft.server.log.statemachine.data.caching.enabled = true (custom)
2019-09-17 12:22:45,999 [pool-27-thread-1] INFO  server.RaftServerConfigKeys (ConfUtils.java:logGet(43)) - raft.server.log.statemachine.data.caching.enabled = true (custom)
2019-09-17 12:22:46,000 [pool-107-thread-1] INFO  segmented.SegmentedRaftLogWorker (SegmentedRaftLogWorker.java:lambda$new$0(132)) - 84b9980c-7545-47f2-8f8d-7bdb4cb4587c@group-5D4E048AB16A-SegmentedRaftLogWorker: flushIndex: setUnconditionally 0 -> -1
2019-09-17 12:22:45,999 [pool-47-thread-1] INFO  server.RaftServerConfigKeys (ConfUtils.java:logGet(43)) - raft.server.log.queue.byte-limit = 2147483647 (custom)
2019-09-17 12:22:46,000 [pool-107-thread-1] INFO  server.RaftServerConfigKeys (ConfUtils.java:logGet(43)) - raft.server.snapshot.auto.trigger.enabled = true (custom)
2019-09-17 12:22:46,000 [pool-27-thread-1] INFO  segmented.SegmentedRaftLogWorker (SegmentedRaftLogWorker.java:lambda$new$0(132)) - ba884459-fbaf-490e-9b71-3c718ea82914@group-5D4E048AB16A-SegmentedRaftLogWorker: flushIndex: setUnconditionally 0 -> -1
2019-09-17 12:22:46,001 [pool-107-thread-1] INFO  server.RaftServerConfigKeys (ConfUtils.java:logGet(43)) - raft.server.snapshot.auto.trigger.threshold = 10000 (custom)
2019-09-17 12:22:46,000 [pool-47-thread-1] INFO  server.RaftServerConfigKeys (ConfUtils.java:logGet(43)) - raft.server.log.queue.element-limit = 1024 (custom)
2019-09-17 12:22:46,001 [pool-27-thread-1] INFO  server.RaftServerConfigKeys (ConfUtils.java:logGet(43)) - raft.server.snapshot.auto.trigger.enabled = true (custom)
2019-09-17 12:22:46,001 [pool-107-thread-1] INFO  server.RaftServerConfigKeys (ConfUtils.java:logGet(43)) - raft.server.snapshot.retention.num.files = 5 (custom)
2019-09-17 12:22:46,001 [pool-27-thread-1] INFO  server.RaftServerConfigKeys (ConfUtils.java:logGet(43)) - raft.server.snapshot.auto.trigger.threshold = 10000 (custom)
2019-09-17 12:22:46,001 [pool-47-thread-1] INFO  server.RaftServerConfigKeys (ConfUtils.java:logGet(43)) - raft.server.log.segment.size.max = 1048576 (custom)
2019-09-17 12:22:46,002 [pool-27-thread-1] INFO  server.RaftServerConfigKeys (ConfUtils.java:logGet(43)) - raft.server.snapshot.retention.num.files = 5 (custom)
2019-09-17 12:22:46,001 [pool-107-thread-1] INFO  server.RaftServerConfigKeys (ConfUtils.java:logGet(43)) - raft.server.retrycache.expirytime = 600000ms (custom)
2019-09-17 12:22:46,002 [pool-47-thread-1] INFO  server.RaftServerConfigKeys (ConfUtils.java:logGet(43)) - raft.server.log.preallocated.size = 16384 (custom)
2019-09-17 12:22:46,002 [pool-27-thread-1] INFO  server.RaftServerConfigKeys (ConfUtils.java:logGet(43)) - raft.server.retrycache.expirytime = 600000ms (custom)
2019-09-17 12:22:46,002 [7689548e-5f49-4f36-9667-e46ba21e9ae3@group-C27889E87473:LeaderElection4] INFO  impl.RoleInfo (RoleInfo.java:updateAndGet(143)) - 7689548e-5f49-4f36-9667-e46ba21e9ae3: start LeaderState
2019-09-17 12:22:46,002 [pool-47-thread-1] INFO  server.RaftServerConfigKeys (ConfUtils.java:logGet(43)) - raft.server.log.write.buffer.size = 33554432 (custom)
2019-09-17 12:22:46,003 [7689548e-5f49-4f36-9667-e46ba21e9ae3@group-C27889E87473:LeaderElection4] INFO  segmented.SegmentedRaftLogWorker (SegmentedRaftLogWorker.java:startLogSegment(380)) - 7689548e-5f49-4f36-9667-e46ba21e9ae3@group-C27889E87473-SegmentedRaftLogWorker: Starting segment from index:0
2019-09-17 12:22:46,003 [pool-47-thread-1] INFO  server.RaftServerConfigKeys (ConfUtils.java:logGet(43)) - raft.server.log.force.sync.num = 128 (default)
2019-09-17 12:22:46,003 [pool-47-thread-1] INFO  server.RaftServerConfigKeys (ConfUtils.java:logGet(43)) - raft.server.log.statemachine.data.sync = true (default)
2019-09-17 12:22:46,003 [7689548e-5f49-4f36-9667-e46ba21e9ae3@group-C27889E87473:LeaderElection4] INFO  impl.RaftServerImpl (ServerState.java:setRaftConf(354)) - 7689548e-5f49-4f36-9667-e46ba21e9ae3@group-C27889E87473: set configuration 0: [7689548e-5f49-4f36-9667-e46ba21e9ae3:192.168.5.130:34520], old=null at 0
2019-09-17 12:22:46,003 [pool-47-thread-1] INFO  server.RaftServerConfigKeys (ConfUtils.java:logGet(43)) - raft.server.log.statemachine.data.sync.timeout = 10s (default)
2019-09-17 12:22:46,033 [pool-47-thread-1] INFO  server.RaftServerConfigKeys (ConfUtils.java:logGet(43)) - raft.server.log.statemachine.data.sync.timeout.retry = -1 (default)
2019-09-17 12:22:46,046 [pool-47-thread-1] INFO  server.RaftServerConfigKeys (ConfUtils.java:logGet(43)) - raft.server.log.statemachine.data.caching.enabled = true (custom)
2019-09-17 12:22:46,047 [pool-47-thread-1] INFO  segmented.SegmentedRaftLogWorker (SegmentedRaftLogWorker.java:lambda$new$0(132)) - 89060399-4494-4f9b-b1c5-9635c65f7453@group-5D4E048AB16A-SegmentedRaftLogWorker: flushIndex: setUnconditionally 0 -> -1
2019-09-17 12:22:46,047 [pool-107-thread-1] INFO  impl.RaftServerImpl (RaftServerImpl.java:start(185)) - 84b9980c-7545-47f2-8f8d-7bdb4cb4587c@group-5D4E048AB16A: start as a follower, conf=-1: [89060399-4494-4f9b-b1c5-9635c65f7453:192.168.5.130:44284, 84b9980c-7545-47f2-8f8d-7bdb4cb4587c:192.168.5.130:43486, ba884459-fbaf-490e-9b71-3c718ea82914:192.168.5.130:43469], old=null
2019-09-17 12:22:46,047 [pool-47-thread-1] INFO  server.RaftServerConfigKeys (ConfUtils.java:logGet(43)) - raft.server.snapshot.auto.trigger.enabled = true (custom)
2019-09-17 12:22:46,047 [pool-107-thread-1] INFO  impl.RaftServerImpl (RaftServerImpl.java:setRole(174)) - 84b9980c-7545-47f2-8f8d-7bdb4cb4587c@group-5D4E048AB16A: changes role from      null to FOLLOWER at term 0 for startAsFollower
2019-09-17 12:22:46,047 [pool-47-thread-1] INFO  server.RaftServerConfigKeys (ConfUtils.java:logGet(43)) - raft.server.snapshot.auto.trigger.threshold = 10000 (custom)
2019-09-17 12:22:46,047 [pool-47-thread-1] INFO  server.RaftServerConfigKeys (ConfUtils.java:logGet(43)) - raft.server.snapshot.retention.num.files = 5 (custom)
2019-09-17 12:22:46,047 [pool-107-thread-1] INFO  impl.RoleInfo (RoleInfo.java:updateAndGet(143)) - 84b9980c-7545-47f2-8f8d-7bdb4cb4587c: start FollowerState
2019-09-17 12:22:46,047 [pool-47-thread-1] INFO  server.RaftServerConfigKeys (ConfUtils.java:logGet(43)) - raft.server.retrycache.expirytime = 600000ms (custom)
2019-09-17 12:22:46,048 [pool-107-thread-1] INFO  util.JmxRegister (JmxRegister.java:tryRegister(44)) - Successfully registered JMX Bean with object name Ratis:service=RaftServer,group=group-5D4E048AB16A,id=84b9980c-7545-47f2-8f8d-7bdb4cb4587c
2019-09-17 12:22:46,048 [pool-27-thread-1] INFO  impl.RaftServerImpl (RaftServerImpl.java:start(185)) - ba884459-fbaf-490e-9b71-3c718ea82914@group-5D4E048AB16A: start as a follower, conf=-1: [89060399-4494-4f9b-b1c5-9635c65f7453:192.168.5.130:44284, 84b9980c-7545-47f2-8f8d-7bdb4cb4587c:192.168.5.130:43486, ba884459-fbaf-490e-9b71-3c718ea82914:192.168.5.130:43469], old=null
2019-09-17 12:22:46,048 [pool-27-thread-1] INFO  impl.RaftServerImpl (RaftServerImpl.java:setRole(174)) - ba884459-fbaf-490e-9b71-3c718ea82914@group-5D4E048AB16A: changes role from      null to FOLLOWER at term 0 for startAsFollower
2019-09-17 12:22:46,048 [pool-27-thread-1] INFO  impl.RoleInfo (RoleInfo.java:updateAndGet(143)) - ba884459-fbaf-490e-9b71-3c718ea82914: start FollowerState
2019-09-17 12:22:46,049 [pool-27-thread-1] INFO  util.JmxRegister (JmxRegister.java:tryRegister(44)) - Successfully registered JMX Bean with object name Ratis:service=RaftServer,group=group-5D4E048AB16A,id=ba884459-fbaf-490e-9b71-3c718ea82914
2019-09-17 12:22:46,049 [pool-47-thread-1] INFO  impl.RaftServerImpl (RaftServerImpl.java:start(185)) - 89060399-4494-4f9b-b1c5-9635c65f7453@group-5D4E048AB16A: start as a follower, conf=-1: [89060399-4494-4f9b-b1c5-9635c65f7453:192.168.5.130:44284, 84b9980c-7545-47f2-8f8d-7bdb4cb4587c:192.168.5.130:43486, ba884459-fbaf-490e-9b71-3c718ea82914:192.168.5.130:43469], old=null
2019-09-17 12:22:46,049 [pool-47-thread-1] INFO  impl.RaftServerImpl (RaftServerImpl.java:setRole(174)) - 89060399-4494-4f9b-b1c5-9635c65f7453@group-5D4E048AB16A: changes role from      null to FOLLOWER at term 0 for startAsFollower
2019-09-17 12:22:46,050 [pool-47-thread-1] INFO  impl.RoleInfo (RoleInfo.java:updateAndGet(143)) - 89060399-4494-4f9b-b1c5-9635c65f7453: start FollowerState
2019-09-17 12:22:46,050 [pool-47-thread-1] INFO  util.JmxRegister (JmxRegister.java:tryRegister(44)) - Successfully registered JMX Bean with object name Ratis:service=RaftServer,group=group-5D4E048AB16A,id=89060399-4494-4f9b-b1c5-9635c65f7453
2019-09-17 12:22:46,060 [RatisPipelineUtilsThread] INFO  pipeline.PipelineStateManager (PipelineStateManager.java:addPipeline(56)) - Created pipeline Pipeline[ Id: ee2470e8-a619-46fb-ab4b-5d4e048ab16a, Nodes: ba884459-fbaf-490e-9b71-3c718ea82914{ip: 192.168.5.130, host: pr-hdds-2136-chhj8-2666454444, networkLocation: /default-rack, certSerialId: null}89060399-4494-4f9b-b1c5-9635c65f7453{ip: 192.168.5.130, host: pr-hdds-2136-chhj8-2666454444, networkLocation: /default-rack, certSerialId: null}84b9980c-7545-47f2-8f8d-7bdb4cb4587c{ip: 192.168.5.130, host: pr-hdds-2136-chhj8-2666454444, networkLocation: /default-rack, certSerialId: null}, Type:RATIS, Factor:THREE, State:OPEN]
2019-09-17 12:22:46,060 [main] INFO  rpc.RpcClient (RpcClient.java:createVolume(302)) - Creating Volume: datanodefailurehandlingtest, with jenkins1000 as owner.
2019-09-17 12:22:46,068 [Thread-297] INFO  impl.FollowerState (FollowerState.java:run(106)) - 0cdf7b9a-92f5-4bda-bda9-a502d9c924f1:group-4BD842CC8C88 changes to CANDIDATE, lastRpcTime:1162, electionTimeout:1162ms
2019-09-17 12:22:46,070 [Thread-297] INFO  impl.RoleInfo (RoleInfo.java:shutdownFollowerState(121)) - 0cdf7b9a-92f5-4bda-bda9-a502d9c924f1: shutdown FollowerState
2019-09-17 12:22:46,071 [Thread-297] INFO  impl.RaftServerImpl (RaftServerImpl.java:setRole(174)) - 0cdf7b9a-92f5-4bda-bda9-a502d9c924f1@group-4BD842CC8C88: changes role from  FOLLOWER to CANDIDATE at term 0 for changeToCandidate
2019-09-17 12:22:46,073 [Thread-297] INFO  impl.RoleInfo (RoleInfo.java:updateAndGet(143)) - 0cdf7b9a-92f5-4bda-bda9-a502d9c924f1: start LeaderElection
2019-09-17 12:22:46,075 [7689548e-5f49-4f36-9667-e46ba21e9ae3@group-C27889E87473-SegmentedRaftLogWorker] INFO  segmented.SegmentedRaftLogWorker (SegmentedRaftLogWorker.java:execute(569)) - 7689548e-5f49-4f36-9667-e46ba21e9ae3@group-C27889E87473-SegmentedRaftLogWorker: created new log segment /tmp/workdir/hadoop-ozone/integration-test/target/test-dir/MiniOzoneClusterImpl-97cb6072-9315-4ed4-9dbe-1bfff40012a1/datanode-7/data/ratis/43739cf5-2a21-4e2b-8ece-c27889e87473/current/log_inprogress_0
2019-09-17 12:22:46,087 [Thread-300] INFO  impl.FollowerState (FollowerState.java:run(106)) - ed86af58-6365-40b3-a78c-ef8881f9dd1e:group-8E1E9BA5F224 changes to CANDIDATE, lastRpcTime:1071, electionTimeout:1066ms
2019-09-17 12:22:46,087 [Thread-300] INFO  impl.RoleInfo (RoleInfo.java:shutdownFollowerState(121)) - ed86af58-6365-40b3-a78c-ef8881f9dd1e: shutdown FollowerState
2019-09-17 12:22:46,087 [Thread-300] INFO  impl.RaftServerImpl (RaftServerImpl.java:setRole(174)) - ed86af58-6365-40b3-a78c-ef8881f9dd1e@group-8E1E9BA5F224: changes role from  FOLLOWER to CANDIDATE at term 0 for changeToCandidate
2019-09-17 12:22:46,087 [Thread-300] INFO  impl.RoleInfo (RoleInfo.java:updateAndGet(143)) - ed86af58-6365-40b3-a78c-ef8881f9dd1e: start LeaderElection
2019-09-17 12:22:46,142 [0cdf7b9a-92f5-4bda-bda9-a502d9c924f1@group-4BD842CC8C88:LeaderElection5] INFO  impl.LeaderElection (LeaderElection.java:askForVotes(182)) - 0cdf7b9a-92f5-4bda-bda9-a502d9c924f1@group-4BD842CC8C88:LeaderElection5: begin an election at term 1 for -1: [0cdf7b9a-92f5-4bda-bda9-a502d9c924f1:192.168.5.130:42251], old=null
2019-09-17 12:22:46,142 [ed86af58-6365-40b3-a78c-ef8881f9dd1e@group-8E1E9BA5F224:LeaderElection6] INFO  impl.LeaderElection (LeaderElection.java:askForVotes(182)) - ed86af58-6365-40b3-a78c-ef8881f9dd1e@group-8E1E9BA5F224:LeaderElection6: begin an election at term 1 for -1: [ed86af58-6365-40b3-a78c-ef8881f9dd1e:192.168.5.130:38034], old=null
2019-09-17 12:22:46,142 [0cdf7b9a-92f5-4bda-bda9-a502d9c924f1@group-4BD842CC8C88:LeaderElection5] INFO  impl.RoleInfo (RoleInfo.java:shutdownLeaderElection(134)) - 0cdf7b9a-92f5-4bda-bda9-a502d9c924f1: shutdown LeaderElection
2019-09-17 12:22:46,142 [ed86af58-6365-40b3-a78c-ef8881f9dd1e@group-8E1E9BA5F224:LeaderElection6] INFO  impl.RoleInfo (RoleInfo.java:shutdownLeaderElection(134)) - ed86af58-6365-40b3-a78c-ef8881f9dd1e: shutdown LeaderElection
2019-09-17 12:22:46,142 [0cdf7b9a-92f5-4bda-bda9-a502d9c924f1@group-4BD842CC8C88:LeaderElection5] INFO  impl.RaftServerImpl (RaftServerImpl.java:setRole(174)) - 0cdf7b9a-92f5-4bda-bda9-a502d9c924f1@group-4BD842CC8C88: changes role from CANDIDATE to LEADER at term 1 for changeToLeader
2019-09-17 12:22:46,143 [ed86af58-6365-40b3-a78c-ef8881f9dd1e@group-8E1E9BA5F224:LeaderElection6] INFO  impl.RaftServerImpl (RaftServerImpl.java:setRole(174)) - ed86af58-6365-40b3-a78c-ef8881f9dd1e@group-8E1E9BA5F224: changes role from CANDIDATE to LEADER at term 1 for changeToLeader
2019-09-17 12:22:46,143 [0cdf7b9a-92f5-4bda-bda9-a502d9c924f1@group-4BD842CC8C88:LeaderElection5] INFO  impl.RaftServerImpl (ServerState.java:setLeader(253)) - 0cdf7b9a-92f5-4bda-bda9-a502d9c924f1@group-4BD842CC8C88: change Leader from null to 0cdf7b9a-92f5-4bda-bda9-a502d9c924f1 at term 1 for becomeLeader, leader elected after 1245ms
2019-09-17 12:22:46,143 [ed86af58-6365-40b3-a78c-ef8881f9dd1e@group-8E1E9BA5F224:LeaderElection6] INFO  impl.RaftServerImpl (ServerState.java:setLeader(253)) - ed86af58-6365-40b3-a78c-ef8881f9dd1e@group-8E1E9BA5F224: change Leader from null to ed86af58-6365-40b3-a78c-ef8881f9dd1e at term 1 for becomeLeader, leader elected after 1136ms
2019-09-17 12:22:46,143 [0cdf7b9a-92f5-4bda-bda9-a502d9c924f1@group-4BD842CC8C88:LeaderElection5] INFO  server.RaftServerConfigKeys (ConfUtils.java:logGet(43)) - raft.server.staging.catchup.gap = 1000 (default)
2019-09-17 12:22:46,143 [ed86af58-6365-40b3-a78c-ef8881f9dd1e@group-8E1E9BA5F224:LeaderElection6] INFO  server.RaftServerConfigKeys (ConfUtils.java:logGet(43)) - raft.server.staging.catchup.gap = 1000 (default)
2019-09-17 12:22:46,143 [0cdf7b9a-92f5-4bda-bda9-a502d9c924f1@group-4BD842CC8C88:LeaderElection5] INFO  server.RaftServerConfigKeys (ConfUtils.java:logGet(43)) - raft.server.rpc.sleep.time = 25ms (default)
2019-09-17 12:22:46,143 [ed86af58-6365-40b3-a78c-ef8881f9dd1e@group-8E1E9BA5F224:LeaderElection6] INFO  server.RaftServerConfigKeys (ConfUtils.java:logGet(43)) - raft.server.rpc.sleep.time = 25ms (default)
2019-09-17 12:22:46,143 [0cdf7b9a-92f5-4bda-bda9-a502d9c924f1@group-4BD842CC8C88:LeaderElection5] INFO  server.RaftServerConfigKeys (ConfUtils.java:logGet(43)) - raft.server.write.element-limit = 4096 (default)
2019-09-17 12:22:46,144 [ed86af58-6365-40b3-a78c-ef8881f9dd1e@group-8E1E9BA5F224:LeaderElection6] INFO  server.RaftServerConfigKeys (ConfUtils.java:logGet(43)) - raft.server.write.element-limit = 4096 (default)
2019-09-17 12:22:46,144 [0cdf7b9a-92f5-4bda-bda9-a502d9c924f1@group-4BD842CC8C88:LeaderElection5] INFO  server.RaftServerConfigKeys (ConfUtils.java:logGet(43)) - raft.server.watch.timeout = 10s (default)
2019-09-17 12:22:46,144 [ed86af58-6365-40b3-a78c-ef8881f9dd1e@group-8E1E9BA5F224:LeaderElection6] INFO  server.RaftServerConfigKeys (ConfUtils.java:logGet(43)) - raft.server.watch.timeout = 10s (default)
2019-09-17 12:22:46,144 [0cdf7b9a-92f5-4bda-bda9-a502d9c924f1@group-4BD842CC8C88:LeaderElection5] INFO  server.RaftServerConfigKeys (ConfUtils.java:logGet(43)) - raft.server.watch.timeout.denomination = 1s (default)
2019-09-17 12:22:46,144 [ed86af58-6365-40b3-a78c-ef8881f9dd1e@group-8E1E9BA5F224:LeaderElection6] INFO  server.RaftServerConfigKeys (ConfUtils.java:logGet(43)) - raft.server.watch.timeout.denomination = 1s (default)
2019-09-17 12:22:46,144 [0cdf7b9a-92f5-4bda-bda9-a502d9c924f1@group-4BD842CC8C88:LeaderElection5] INFO  server.RaftServerConfigKeys (ConfUtils.java:logGet(43)) - raft.server.watch.element-limit = 65536 (default)
2019-09-17 12:22:46,144 [ed86af58-6365-40b3-a78c-ef8881f9dd1e@group-8E1E9BA5F224:LeaderElection6] INFO  server.RaftServerConfigKeys (ConfUtils.java:logGet(43)) - raft.server.watch.element-limit = 65536 (default)
2019-09-17 12:22:46,147 [0cdf7b9a-92f5-4bda-bda9-a502d9c924f1@group-4BD842CC8C88:LeaderElection5] INFO  impl.RoleInfo (RoleInfo.java:updateAndGet(143)) - 0cdf7b9a-92f5-4bda-bda9-a502d9c924f1: start LeaderState
2019-09-17 12:22:46,147 [0cdf7b9a-92f5-4bda-bda9-a502d9c924f1@group-4BD842CC8C88:LeaderElection5] INFO  segmented.SegmentedRaftLogWorker (SegmentedRaftLogWorker.java:startLogSegment(380)) - 0cdf7b9a-92f5-4bda-bda9-a502d9c924f1@group-4BD842CC8C88-SegmentedRaftLogWorker: Starting segment from index:0
2019-09-17 12:22:46,147 [ed86af58-6365-40b3-a78c-ef8881f9dd1e@group-8E1E9BA5F224:LeaderElection6] INFO  impl.RoleInfo (RoleInfo.java:updateAndGet(143)) - ed86af58-6365-40b3-a78c-ef8881f9dd1e: start LeaderState
2019-09-17 12:22:46,148 [ed86af58-6365-40b3-a78c-ef8881f9dd1e@group-8E1E9BA5F224:LeaderElection6] INFO  segmented.SegmentedRaftLogWorker (SegmentedRaftLogWorker.java:startLogSegment(380)) - ed86af58-6365-40b3-a78c-ef8881f9dd1e@group-8E1E9BA5F224-SegmentedRaftLogWorker: Starting segment from index:0
2019-09-17 12:22:46,148 [0cdf7b9a-92f5-4bda-bda9-a502d9c924f1@group-4BD842CC8C88:LeaderElection5] INFO  impl.RaftServerImpl (ServerState.java:setRaftConf(354)) - 0cdf7b9a-92f5-4bda-bda9-a502d9c924f1@group-4BD842CC8C88: set configuration 0: [0cdf7b9a-92f5-4bda-bda9-a502d9c924f1:192.168.5.130:42251], old=null at 0
2019-09-17 12:22:46,179 [ed86af58-6365-40b3-a78c-ef8881f9dd1e@group-8E1E9BA5F224:LeaderElection6] INFO  impl.RaftServerImpl (ServerState.java:setRaftConf(354)) - ed86af58-6365-40b3-a78c-ef8881f9dd1e@group-8E1E9BA5F224: set configuration 0: [ed86af58-6365-40b3-a78c-ef8881f9dd1e:192.168.5.130:38034], old=null at 0
2019-09-17 12:22:46,217 [0cdf7b9a-92f5-4bda-bda9-a502d9c924f1@group-4BD842CC8C88-SegmentedRaftLogWorker] INFO  segmented.SegmentedRaftLogWorker (SegmentedRaftLogWorker.java:execute(569)) - 0cdf7b9a-92f5-4bda-bda9-a502d9c924f1@group-4BD842CC8C88-SegmentedRaftLogWorker: created new log segment /tmp/workdir/hadoop-ozone/integration-test/target/test-dir/MiniOzoneClusterImpl-97cb6072-9315-4ed4-9dbe-1bfff40012a1/datanode-9/data/ratis/c9d35645-c80b-4eb1-914d-4bd842cc8c88/current/log_inprogress_0
2019-09-17 12:22:46,554 [ed86af58-6365-40b3-a78c-ef8881f9dd1e@group-8E1E9BA5F224-SegmentedRaftLogWorker] INFO  segmented.SegmentedRaftLogWorker (SegmentedRaftLogWorker.java:execute(569)) - ed86af58-6365-40b3-a78c-ef8881f9dd1e@group-8E1E9BA5F224-SegmentedRaftLogWorker: created new log segment /tmp/workdir/hadoop-ozone/integration-test/target/test-dir/MiniOzoneClusterImpl-97cb6072-9315-4ed4-9dbe-1bfff40012a1/datanode-1/data/ratis/dca5d594-4935-46e7-80c5-8e1e9ba5f224/current/log_inprogress_0
2019-09-17 12:22:46,554 [Thread-309] INFO  impl.FollowerState (FollowerState.java:run(106)) - 84b9980c-7545-47f2-8f8d-7bdb4cb4587c:group-1C8D5B391EC8 changes to CANDIDATE, lastRpcTime:1096, electionTimeout:1017ms
2019-09-17 12:22:46,554 [Thread-306] INFO  impl.FollowerState (FollowerState.java:run(106)) - 89060399-4494-4f9b-b1c5-9635c65f7453:group-0FAA62C80547 changes to CANDIDATE, lastRpcTime:1329, electionTimeout:1194ms
2019-09-17 12:22:46,554 [Thread-303] INFO  impl.FollowerState (FollowerState.java:run(106)) - ef58021b-0245-4b2a-b464-78c332d31a33:group-80403BFEB108 changes to CANDIDATE, lastRpcTime:1431, electionTimeout:1158ms
2019-09-17 12:22:46,555 [Thread-309] INFO  impl.RoleInfo (RoleInfo.java:shutdownFollowerState(121)) - 84b9980c-7545-47f2-8f8d-7bdb4cb4587c: shutdown FollowerState
2019-09-17 12:22:46,555 [Thread-303] INFO  impl.RoleInfo (RoleInfo.java:shutdownFollowerState(121)) - ef58021b-0245-4b2a-b464-78c332d31a33: shutdown FollowerState
2019-09-17 12:22:46,555 [Thread-306] INFO  impl.RoleInfo (RoleInfo.java:shutdownFollowerState(121)) - 89060399-4494-4f9b-b1c5-9635c65f7453: shutdown FollowerState
2019-09-17 12:22:46,558 [Thread-306] INFO  impl.RaftServerImpl (RaftServerImpl.java:setRole(174)) - 89060399-4494-4f9b-b1c5-9635c65f7453@group-0FAA62C80547: changes role from  FOLLOWER to CANDIDATE at term 0 for changeToCandidate
2019-09-17 12:22:46,558 [Thread-309] INFO  impl.RaftServerImpl (RaftServerImpl.java:setRole(174)) - 84b9980c-7545-47f2-8f8d-7bdb4cb4587c@group-1C8D5B391EC8: changes role from  FOLLOWER to CANDIDATE at term 0 for changeToCandidate
2019-09-17 12:22:46,558 [Thread-303] INFO  impl.RaftServerImpl (RaftServerImpl.java:setRole(174)) - ef58021b-0245-4b2a-b464-78c332d31a33@group-80403BFEB108: changes role from  FOLLOWER to CANDIDATE at term 0 for changeToCandidate
2019-09-17 12:22:46,558 [Thread-306] INFO  impl.RoleInfo (RoleInfo.java:updateAndGet(143)) - 89060399-4494-4f9b-b1c5-9635c65f7453: start LeaderElection
2019-09-17 12:22:46,558 [Thread-309] INFO  impl.RoleInfo (RoleInfo.java:updateAndGet(143)) - 84b9980c-7545-47f2-8f8d-7bdb4cb4587c: start LeaderElection
2019-09-17 12:22:46,558 [Thread-303] INFO  impl.RoleInfo (RoleInfo.java:updateAndGet(143)) - ef58021b-0245-4b2a-b464-78c332d31a33: start LeaderElection
2019-09-17 12:22:46,632 [ef58021b-0245-4b2a-b464-78c332d31a33@group-80403BFEB108:LeaderElection9] INFO  impl.LeaderElection (LeaderElection.java:askForVotes(182)) - ef58021b-0245-4b2a-b464-78c332d31a33@group-80403BFEB108:LeaderElection9: begin an election at term 1 for -1: [ef58021b-0245-4b2a-b464-78c332d31a33:192.168.5.130:45449], old=null
2019-09-17 12:22:46,632 [84b9980c-7545-47f2-8f8d-7bdb4cb4587c@group-1C8D5B391EC8:LeaderElection8] INFO  impl.LeaderElection (LeaderElection.java:askForVotes(182)) - 84b9980c-7545-47f2-8f8d-7bdb4cb4587c@group-1C8D5B391EC8:LeaderElection8: begin an election at term 1 for -1: [84b9980c-7545-47f2-8f8d-7bdb4cb4587c:192.168.5.130:43486], old=null
2019-09-17 12:22:46,632 [ef58021b-0245-4b2a-b464-78c332d31a33@group-80403BFEB108:LeaderElection9] INFO  impl.RoleInfo (RoleInfo.java:shutdownLeaderElection(134)) - ef58021b-0245-4b2a-b464-78c332d31a33: shutdown LeaderElection
2019-09-17 12:22:46,632 [89060399-4494-4f9b-b1c5-9635c65f7453@group-0FAA62C80547:LeaderElection7] INFO  impl.LeaderElection (LeaderElection.java:askForVotes(182)) - 89060399-4494-4f9b-b1c5-9635c65f7453@group-0FAA62C80547:LeaderElection7: begin an election at term 1 for -1: [89060399-4494-4f9b-b1c5-9635c65f7453:192.168.5.130:44284], old=null
2019-09-17 12:22:46,632 [ef58021b-0245-4b2a-b464-78c332d31a33@group-80403BFEB108:LeaderElection9] INFO  impl.RaftServerImpl (RaftServerImpl.java:setRole(174)) - ef58021b-0245-4b2a-b464-78c332d31a33@group-80403BFEB108: changes role from CANDIDATE to LEADER at term 1 for changeToLeader
2019-09-17 12:22:46,632 [84b9980c-7545-47f2-8f8d-7bdb4cb4587c@group-1C8D5B391EC8:LeaderElection8] INFO  impl.RoleInfo (RoleInfo.java:shutdownLeaderElection(134)) - 84b9980c-7545-47f2-8f8d-7bdb4cb4587c: shutdown LeaderElection
2019-09-17 12:22:46,632 [ef58021b-0245-4b2a-b464-78c332d31a33@group-80403BFEB108:LeaderElection9] INFO  impl.RaftServerImpl (ServerState.java:setLeader(253)) - ef58021b-0245-4b2a-b464-78c332d31a33@group-80403BFEB108: change Leader from null to ef58021b-0245-4b2a-b464-78c332d31a33 at term 1 for becomeLeader, leader elected after 1517ms
2019-09-17 12:22:46,633 [84b9980c-7545-47f2-8f8d-7bdb4cb4587c@group-1C8D5B391EC8:LeaderElection8] INFO  impl.RaftServerImpl (RaftServerImpl.java:setRole(174)) - 84b9980c-7545-47f2-8f8d-7bdb4cb4587c@group-1C8D5B391EC8: changes role from CANDIDATE to LEADER at term 1 for changeToLeader
2019-09-17 12:22:46,632 [89060399-4494-4f9b-b1c5-9635c65f7453@group-0FAA62C80547:LeaderElection7] INFO  impl.RoleInfo (RoleInfo.java:shutdownLeaderElection(134)) - 89060399-4494-4f9b-b1c5-9635c65f7453: shutdown LeaderElection
2019-09-17 12:22:46,633 [84b9980c-7545-47f2-8f8d-7bdb4cb4587c@group-1C8D5B391EC8:LeaderElection8] INFO  impl.RaftServerImpl (ServerState.java:setLeader(253)) - 84b9980c-7545-47f2-8f8d-7bdb4cb4587c@group-1C8D5B391EC8: change Leader from null to 84b9980c-7545-47f2-8f8d-7bdb4cb4587c at term 1 for becomeLeader, leader elected after 1307ms
2019-09-17 12:22:46,633 [ef58021b-0245-4b2a-b464-78c332d31a33@group-80403BFEB108:LeaderElection9] INFO  server.RaftServerConfigKeys (ConfUtils.java:logGet(43)) - raft.server.staging.catchup.gap = 1000 (default)
2019-09-17 12:22:46,633 [84b9980c-7545-47f2-8f8d-7bdb4cb4587c@group-1C8D5B391EC8:LeaderElection8] INFO  server.RaftServerConfigKeys (ConfUtils.java:logGet(43)) - raft.server.staging.catchup.gap = 1000 (default)
2019-09-17 12:22:46,633 [89060399-4494-4f9b-b1c5-9635c65f7453@group-0FAA62C80547:LeaderElection7] INFO  impl.RaftServerImpl (RaftServerImpl.java:setRole(174)) - 89060399-4494-4f9b-b1c5-9635c65f7453@group-0FAA62C80547: changes role from CANDIDATE to LEADER at term 1 for changeToLeader
2019-09-17 12:22:46,633 [84b9980c-7545-47f2-8f8d-7bdb4cb4587c@group-1C8D5B391EC8:LeaderElection8] INFO  server.RaftServerConfigKeys (ConfUtils.java:logGet(43)) - raft.server.rpc.sleep.time = 25ms (default)
2019-09-17 12:22:46,633 [ef58021b-0245-4b2a-b464-78c332d31a33@group-80403BFEB108:LeaderElection9] INFO  server.RaftServerConfigKeys (ConfUtils.java:logGet(43)) - raft.server.rpc.sleep.time = 25ms (default)
2019-09-17 12:22:46,634 [89060399-4494-4f9b-b1c5-9635c65f7453@group-0FAA62C80547:LeaderElection7] INFO  impl.RaftServerImpl (ServerState.java:setLeader(253)) - 89060399-4494-4f9b-b1c5-9635c65f7453@group-0FAA62C80547: change Leader from null to 89060399-4494-4f9b-b1c5-9635c65f7453 at term 1 for becomeLeader, leader elected after 1417ms
2019-09-17 12:22:46,634 [89060399-4494-4f9b-b1c5-9635c65f7453@group-0FAA62C80547:LeaderElection7] INFO  server.RaftServerConfigKeys (ConfUtils.java:logGet(43)) - raft.server.staging.catchup.gap = 1000 (default)
2019-09-17 12:22:46,634 [89060399-4494-4f9b-b1c5-9635c65f7453@group-0FAA62C80547:LeaderElection7] INFO  server.RaftServerConfigKeys (ConfUtils.java:logGet(43)) - raft.server.rpc.sleep.time = 25ms (default)
2019-09-17 12:22:46,656 [89060399-4494-4f9b-b1c5-9635c65f7453@group-0FAA62C80547:LeaderElection7] INFO  server.RaftServerConfigKeys (ConfUtils.java:logGet(43)) - raft.server.write.element-limit = 4096 (default)
2019-09-17 12:22:46,657 [84b9980c-7545-47f2-8f8d-7bdb4cb4587c@group-1C8D5B391EC8:LeaderElection8] INFO  server.RaftServerConfigKeys (ConfUtils.java:logGet(43)) - raft.server.write.element-limit = 4096 (default)
2019-09-17 12:22:46,657 [89060399-4494-4f9b-b1c5-9635c65f7453@group-0FAA62C80547:LeaderElection7] INFO  server.RaftServerConfigKeys (ConfUtils.java:logGet(43)) - raft.server.watch.timeout = 10s (default)
2019-09-17 12:22:46,657 [ef58021b-0245-4b2a-b464-78c332d31a33@group-80403BFEB108:LeaderElection9] INFO  server.RaftServerConfigKeys (ConfUtils.java:logGet(43)) - raft.server.write.element-limit = 4096 (default)
2019-09-17 12:22:46,657 [89060399-4494-4f9b-b1c5-9635c65f7453@group-0FAA62C80547:LeaderElection7] INFO  server.RaftServerConfigKeys (ConfUtils.java:logGet(43)) - raft.server.watch.timeout.denomination = 1s (default)
2019-09-17 12:22:46,657 [84b9980c-7545-47f2-8f8d-7bdb4cb4587c@group-1C8D5B391EC8:LeaderElection8] INFO  server.RaftServerConfigKeys (ConfUtils.java:logGet(43)) - raft.server.watch.timeout = 10s (default)
2019-09-17 12:22:46,657 [89060399-4494-4f9b-b1c5-9635c65f7453@group-0FAA62C80547:LeaderElection7] INFO  server.RaftServerConfigKeys (ConfUtils.java:logGet(43)) - raft.server.watch.element-limit = 65536 (default)
2019-09-17 12:22:46,657 [ef58021b-0245-4b2a-b464-78c332d31a33@group-80403BFEB108:LeaderElection9] INFO  server.RaftServerConfigKeys (ConfUtils.java:logGet(43)) - raft.server.watch.timeout = 10s (default)
2019-09-17 12:22:46,657 [84b9980c-7545-47f2-8f8d-7bdb4cb4587c@group-1C8D5B391EC8:LeaderElection8] INFO  server.RaftServerConfigKeys (ConfUtils.java:logGet(43)) - raft.server.watch.timeout.denomination = 1s (default)
2019-09-17 12:22:46,658 [ef58021b-0245-4b2a-b464-78c332d31a33@group-80403BFEB108:LeaderElection9] INFO  server.RaftServerConfigKeys (ConfUtils.java:logGet(43)) - raft.server.watch.timeout.denomination = 1s (default)
2019-09-17 12:22:46,658 [84b9980c-7545-47f2-8f8d-7bdb4cb4587c@group-1C8D5B391EC8:LeaderElection8] INFO  server.RaftServerConfigKeys (ConfUtils.java:logGet(43)) - raft.server.watch.element-limit = 65536 (default)
2019-09-17 12:22:46,658 [ef58021b-0245-4b2a-b464-78c332d31a33@group-80403BFEB108:LeaderElection9] INFO  server.RaftServerConfigKeys (ConfUtils.java:logGet(43)) - raft.server.watch.element-limit = 65536 (default)
2019-09-17 12:22:46,658 [IPC Server handler 4 on 35986] INFO  volume.OMVolumeCreateRequest (OMVolumeCreateRequest.java:validateAndUpdateCache(189)) - created volume:datanodefailurehandlingtest for user:jenkins1000
2019-09-17 12:22:46,741 [Thread-315] INFO  impl.FollowerState (FollowerState.java:run(106)) - 50fefd0a-f6ac-4da1-9b01-f02eab2da215:group-83B50BF1519D changes to CANDIDATE, lastRpcTime:1151, electionTimeout:1138ms
2019-09-17 12:22:46,741 [Thread-315] INFO  impl.RoleInfo (RoleInfo.java:shutdownFollowerState(121)) - 50fefd0a-f6ac-4da1-9b01-f02eab2da215: shutdown FollowerState
2019-09-17 12:22:46,741 [Thread-315] INFO  impl.RaftServerImpl (RaftServerImpl.java:setRole(174)) - 50fefd0a-f6ac-4da1-9b01-f02eab2da215@group-83B50BF1519D: changes role from  FOLLOWER to CANDIDATE at term 0 for changeToCandidate
2019-09-17 12:22:46,749 [Thread-321] INFO  impl.FollowerState (FollowerState.java:run(106)) - c072a5df-2c45-4bc3-84a6-bf78352fd232:group-C0075F260562 changes to CANDIDATE, lastRpcTime:1036, electionTimeout:1036ms
2019-09-17 12:22:46,750 [Thread-321] INFO  impl.RoleInfo (RoleInfo.java:shutdownFollowerState(121)) - c072a5df-2c45-4bc3-84a6-bf78352fd232: shutdown FollowerState
2019-09-17 12:22:46,750 [Thread-321] INFO  impl.RaftServerImpl (RaftServerImpl.java:setRole(174)) - c072a5df-2c45-4bc3-84a6-bf78352fd232@group-C0075F260562: changes role from  FOLLOWER to CANDIDATE at term 0 for changeToCandidate
2019-09-17 12:22:46,754 [Thread-326] INFO  impl.FollowerState (FollowerState.java:run(106)) - 7689548e-5f49-4f36-9667-e46ba21e9ae3:group-C0075F260562 changes to CANDIDATE, lastRpcTime:1017, electionTimeout:1017ms
2019-09-17 12:22:46,754 [Thread-326] INFO  impl.RoleInfo (RoleInfo.java:shutdownFollowerState(121)) - 7689548e-5f49-4f36-9667-e46ba21e9ae3: shutdown FollowerState
2019-09-17 12:22:46,754 [Thread-326] INFO  impl.RaftServerImpl (RaftServerImpl.java:setRole(174)) - 7689548e-5f49-4f36-9667-e46ba21e9ae3@group-C0075F260562: changes role from  FOLLOWER to CANDIDATE at term 0 for changeToCandidate
2019-09-17 12:22:46,768 [Thread-326] INFO  impl.RoleInfo (RoleInfo.java:updateAndGet(143)) - 7689548e-5f49-4f36-9667-e46ba21e9ae3: start LeaderElection
2019-09-17 12:22:46,768 [Thread-321] INFO  impl.RoleInfo (RoleInfo.java:updateAndGet(143)) - c072a5df-2c45-4bc3-84a6-bf78352fd232: start LeaderElection
2019-09-17 12:22:46,768 [Thread-315] INFO  impl.RoleInfo (RoleInfo.java:updateAndGet(143)) - 50fefd0a-f6ac-4da1-9b01-f02eab2da215: start LeaderElection
2019-09-17 12:22:46,776 [Thread-327] INFO  impl.FollowerState (FollowerState.java:run(106)) - a5f9b548-b989-4807-80f4-ff576b54977d:group-C0075F260562 changes to CANDIDATE, lastRpcTime:1038, electionTimeout:1035ms
2019-09-17 12:22:46,779 [Thread-327] INFO  impl.RoleInfo (RoleInfo.java:shutdownFollowerState(121)) - a5f9b548-b989-4807-80f4-ff576b54977d: shutdown FollowerState
2019-09-17 12:22:46,779 [Thread-327] INFO  impl.RaftServerImpl (RaftServerImpl.java:setRole(174)) - a5f9b548-b989-4807-80f4-ff576b54977d@group-C0075F260562: changes role from  FOLLOWER to CANDIDATE at term 0 for changeToCandidate
2019-09-17 12:22:46,782 [Thread-327] INFO  impl.RoleInfo (RoleInfo.java:updateAndGet(143)) - a5f9b548-b989-4807-80f4-ff576b54977d: start LeaderElection
2019-09-17 12:22:46,800 [main] INFO  rpc.RpcClient (RpcClient.java:createBucket(441)) - Creating Bucket: datanodefailurehandlingtest/datanodefailurehandlingtest, with Versioning false and Storage Type set to DISK and Encryption set to false 
2019-09-17 12:22:46,836 [a5f9b548-b989-4807-80f4-ff576b54977d@group-C0075F260562:LeaderElection13] INFO  impl.LeaderElection (LeaderElection.java:askForVotes(182)) - a5f9b548-b989-4807-80f4-ff576b54977d@group-C0075F260562:LeaderElection13: begin an election at term 1 for -1: [7689548e-5f49-4f36-9667-e46ba21e9ae3:192.168.5.130:34520, c072a5df-2c45-4bc3-84a6-bf78352fd232:192.168.5.130:39846, a5f9b548-b989-4807-80f4-ff576b54977d:192.168.5.130:40253], old=null
2019-09-17 12:22:46,846 [c072a5df-2c45-4bc3-84a6-bf78352fd232@group-C0075F260562:LeaderElection11] INFO  impl.LeaderElection (LeaderElection.java:askForVotes(182)) - c072a5df-2c45-4bc3-84a6-bf78352fd232@group-C0075F260562:LeaderElection11: begin an election at term 1 for -1: [7689548e-5f49-4f36-9667-e46ba21e9ae3:192.168.5.130:34520, c072a5df-2c45-4bc3-84a6-bf78352fd232:192.168.5.130:39846, a5f9b548-b989-4807-80f4-ff576b54977d:192.168.5.130:40253], old=null
2019-09-17 12:22:46,846 [50fefd0a-f6ac-4da1-9b01-f02eab2da215@group-83B50BF1519D:LeaderElection10] INFO  impl.LeaderElection (LeaderElection.java:askForVotes(182)) - 50fefd0a-f6ac-4da1-9b01-f02eab2da215@group-83B50BF1519D:LeaderElection10: begin an election at term 1 for -1: [50fefd0a-f6ac-4da1-9b01-f02eab2da215:192.168.5.130:44878], old=null
2019-09-17 12:22:46,845 [7689548e-5f49-4f36-9667-e46ba21e9ae3@group-C0075F260562:LeaderElection12] INFO  impl.LeaderElection (LeaderElection.java:askForVotes(182)) - 7689548e-5f49-4f36-9667-e46ba21e9ae3@group-C0075F260562:LeaderElection12: begin an election at term 1 for -1: [7689548e-5f49-4f36-9667-e46ba21e9ae3:192.168.5.130:34520, c072a5df-2c45-4bc3-84a6-bf78352fd232:192.168.5.130:39846, a5f9b548-b989-4807-80f4-ff576b54977d:192.168.5.130:40253], old=null
2019-09-17 12:22:46,846 [50fefd0a-f6ac-4da1-9b01-f02eab2da215@group-83B50BF1519D:LeaderElection10] INFO  impl.RoleInfo (RoleInfo.java:shutdownLeaderElection(134)) - 50fefd0a-f6ac-4da1-9b01-f02eab2da215: shutdown LeaderElection
2019-09-17 12:22:46,846 [50fefd0a-f6ac-4da1-9b01-f02eab2da215@group-83B50BF1519D:LeaderElection10] INFO  impl.RaftServerImpl (RaftServerImpl.java:setRole(174)) - 50fefd0a-f6ac-4da1-9b01-f02eab2da215@group-83B50BF1519D: changes role from CANDIDATE to LEADER at term 1 for changeToLeader
2019-09-17 12:22:46,847 [50fefd0a-f6ac-4da1-9b01-f02eab2da215@group-83B50BF1519D:LeaderElection10] INFO  impl.RaftServerImpl (ServerState.java:setLeader(253)) - 50fefd0a-f6ac-4da1-9b01-f02eab2da215@group-83B50BF1519D: change Leader from null to 50fefd0a-f6ac-4da1-9b01-f02eab2da215 at term 1 for becomeLeader, leader elected after 1270ms
2019-09-17 12:22:46,847 [50fefd0a-f6ac-4da1-9b01-f02eab2da215@group-83B50BF1519D:LeaderElection10] INFO  server.RaftServerConfigKeys (ConfUtils.java:logGet(43)) - raft.server.staging.catchup.gap = 1000 (default)
2019-09-17 12:22:46,847 [50fefd0a-f6ac-4da1-9b01-f02eab2da215@group-83B50BF1519D:LeaderElection10] INFO  server.RaftServerConfigKeys (ConfUtils.java:logGet(43)) - raft.server.rpc.sleep.time = 25ms (default)
2019-09-17 12:22:46,847 [50fefd0a-f6ac-4da1-9b01-f02eab2da215@group-83B50BF1519D:LeaderElection10] INFO  server.RaftServerConfigKeys (ConfUtils.java:logGet(43)) - raft.server.write.element-limit = 4096 (default)
2019-09-17 12:22:46,847 [50fefd0a-f6ac-4da1-9b01-f02eab2da215@group-83B50BF1519D:LeaderElection10] INFO  server.RaftServerConfigKeys (ConfUtils.java:logGet(43)) - raft.server.watch.timeout = 10s (default)
2019-09-17 12:22:46,848 [50fefd0a-f6ac-4da1-9b01-f02eab2da215@group-83B50BF1519D:LeaderElection10] INFO  server.RaftServerConfigKeys (ConfUtils.java:logGet(43)) - raft.server.watch.timeout.denomination = 1s (default)
2019-09-17 12:22:46,851 [50fefd0a-f6ac-4da1-9b01-f02eab2da215@group-83B50BF1519D:LeaderElection10] INFO  server.RaftServerConfigKeys (ConfUtils.java:logGet(43)) - raft.server.watch.element-limit = 65536 (default)
2019-09-17 12:22:46,883 [Thread-334] INFO  impl.FollowerState (FollowerState.java:run(106)) - ef58021b-0245-4b2a-b464-78c332d31a33:group-97FAE486DEE6 changes to CANDIDATE, lastRpcTime:1002, electionTimeout:1002ms
2019-09-17 12:22:46,883 [Thread-334] INFO  impl.RoleInfo (RoleInfo.java:shutdownFollowerState(121)) - ef58021b-0245-4b2a-b464-78c332d31a33: shutdown FollowerState
2019-09-17 12:22:46,883 [Thread-334] INFO  impl.RaftServerImpl (RaftServerImpl.java:setRole(174)) - ef58021b-0245-4b2a-b464-78c332d31a33@group-97FAE486DEE6: changes role from  FOLLOWER to CANDIDATE at term 0 for changeToCandidate
2019-09-17 12:22:46,883 [Thread-334] INFO  impl.RoleInfo (RoleInfo.java:updateAndGet(143)) - ef58021b-0245-4b2a-b464-78c332d31a33: start LeaderElection
2019-09-17 12:22:46,906 [ef58021b-0245-4b2a-b464-78c332d31a33@group-97FAE486DEE6:LeaderElection14] INFO  impl.LeaderElection (LeaderElection.java:askForVotes(182)) - ef58021b-0245-4b2a-b464-78c332d31a33@group-97FAE486DEE6:LeaderElection14: begin an election at term 1 for -1: [ed86af58-6365-40b3-a78c-ef8881f9dd1e:192.168.5.130:38034, 0cdf7b9a-92f5-4bda-bda9-a502d9c924f1:192.168.5.130:42251, ef58021b-0245-4b2a-b464-78c332d31a33:192.168.5.130:45449], old=null
2019-09-17 12:22:46,946 [Thread-337] INFO  impl.FollowerState (FollowerState.java:run(106)) - ed86af58-6365-40b3-a78c-ef8881f9dd1e:group-97FAE486DEE6 changes to CANDIDATE, lastRpcTime:1046, electionTimeout:1045ms
2019-09-17 12:22:46,949 [Thread-337] INFO  impl.RoleInfo (RoleInfo.java:shutdownFollowerState(121)) - ed86af58-6365-40b3-a78c-ef8881f9dd1e: shutdown FollowerState
2019-09-17 12:22:46,949 [Thread-337] INFO  impl.RaftServerImpl (RaftServerImpl.java:setRole(174)) - ed86af58-6365-40b3-a78c-ef8881f9dd1e@group-97FAE486DEE6: changes role from  FOLLOWER to CANDIDATE at term 0 for changeToCandidate
2019-09-17 12:22:46,950 [Thread-337] INFO  impl.RoleInfo (RoleInfo.java:updateAndGet(143)) - ed86af58-6365-40b3-a78c-ef8881f9dd1e: start LeaderElection
2019-09-17 12:22:46,972 [ed86af58-6365-40b3-a78c-ef8881f9dd1e@group-97FAE486DEE6:LeaderElection15] INFO  impl.LeaderElection (LeaderElection.java:askForVotes(182)) - ed86af58-6365-40b3-a78c-ef8881f9dd1e@group-97FAE486DEE6:LeaderElection15: begin an election at term 1 for -1: [ed86af58-6365-40b3-a78c-ef8881f9dd1e:192.168.5.130:38034, 0cdf7b9a-92f5-4bda-bda9-a502d9c924f1:192.168.5.130:42251, ef58021b-0245-4b2a-b464-78c332d31a33:192.168.5.130:45449], old=null
2019-09-17 12:22:47,002 [Thread-332] INFO  impl.FollowerState (FollowerState.java:run(106)) - 0cdf7b9a-92f5-4bda-bda9-a502d9c924f1:group-97FAE486DEE6 changes to CANDIDATE, lastRpcTime:1128, electionTimeout:1126ms
2019-09-17 12:22:47,002 [Thread-332] INFO  impl.RoleInfo (RoleInfo.java:shutdownFollowerState(121)) - 0cdf7b9a-92f5-4bda-bda9-a502d9c924f1: shutdown FollowerState
2019-09-17 12:22:47,002 [Thread-332] INFO  impl.RaftServerImpl (RaftServerImpl.java:setRole(174)) - 0cdf7b9a-92f5-4bda-bda9-a502d9c924f1@group-97FAE486DEE6: changes role from  FOLLOWER to CANDIDATE at term 0 for changeToCandidate
2019-09-17 12:22:47,004 [Thread-332] INFO  impl.RoleInfo (RoleInfo.java:updateAndGet(143)) - 0cdf7b9a-92f5-4bda-bda9-a502d9c924f1: start LeaderElection
2019-09-17 12:22:47,048 [c072a5df-2c45-4bc3-84a6-bf78352fd232@group-C0075F260562:LeaderElection11] INFO  impl.LeaderElection (LeaderElection.java:logAndReturn(56)) - c072a5df-2c45-4bc3-84a6-bf78352fd232@group-C0075F260562:LeaderElection11: Election REJECTED; received 2 response(s) [c072a5df-2c45-4bc3-84a6-bf78352fd232<-7689548e-5f49-4f36-9667-e46ba21e9ae3#0:FAIL-t1, c072a5df-2c45-4bc3-84a6-bf78352fd232<-a5f9b548-b989-4807-80f4-ff576b54977d#0:FAIL-t1] and 0 exception(s); c072a5df-2c45-4bc3-84a6-bf78352fd232@group-C0075F260562:t1, leader=null, voted=c072a5df-2c45-4bc3-84a6-bf78352fd232, raftlog=c072a5df-2c45-4bc3-84a6-bf78352fd232@group-C0075F260562-SegmentedRaftLog:OPENED:c-1,f-1,i0, conf=-1: [7689548e-5f49-4f36-9667-e46ba21e9ae3:192.168.5.130:34520, c072a5df-2c45-4bc3-84a6-bf78352fd232:192.168.5.130:39846, a5f9b548-b989-4807-80f4-ff576b54977d:192.168.5.130:40253], old=null
2019-09-17 12:22:47,049 [7689548e-5f49-4f36-9667-e46ba21e9ae3@group-C0075F260562:LeaderElection12] INFO  impl.LeaderElection (LeaderElection.java:logAndReturn(56)) - 7689548e-5f49-4f36-9667-e46ba21e9ae3@group-C0075F260562:LeaderElection12: Election REJECTED; received 2 response(s) [7689548e-5f49-4f36-9667-e46ba21e9ae3<-c072a5df-2c45-4bc3-84a6-bf78352fd232#0:FAIL-t1, 7689548e-5f49-4f36-9667-e46ba21e9ae3<-a5f9b548-b989-4807-80f4-ff576b54977d#0:FAIL-t1] and 0 exception(s); 7689548e-5f49-4f36-9667-e46ba21e9ae3@group-C0075F260562:t1, leader=null, voted=7689548e-5f49-4f36-9667-e46ba21e9ae3, raftlog=7689548e-5f49-4f36-9667-e46ba21e9ae3@group-C0075F260562-SegmentedRaftLog:OPENED:c-1,f-1,i0, conf=-1: [7689548e-5f49-4f36-9667-e46ba21e9ae3:192.168.5.130:34520, c072a5df-2c45-4bc3-84a6-bf78352fd232:192.168.5.130:39846, a5f9b548-b989-4807-80f4-ff576b54977d:192.168.5.130:40253], old=null
2019-09-17 12:22:47,053 [0cdf7b9a-92f5-4bda-bda9-a502d9c924f1@group-97FAE486DEE6:LeaderElection16] INFO  impl.LeaderElection (LeaderElection.java:askForVotes(182)) - 0cdf7b9a-92f5-4bda-bda9-a502d9c924f1@group-97FAE486DEE6:LeaderElection16: begin an election at term 1 for -1: [ed86af58-6365-40b3-a78c-ef8881f9dd1e:192.168.5.130:38034, 0cdf7b9a-92f5-4bda-bda9-a502d9c924f1:192.168.5.130:42251, ef58021b-0245-4b2a-b464-78c332d31a33:192.168.5.130:45449], old=null
2019-09-17 12:22:47,070 [a5f9b548-b989-4807-80f4-ff576b54977d@group-C0075F260562:LeaderElection13] INFO  impl.LeaderElection (LeaderElection.java:logAndReturn(56)) - a5f9b548-b989-4807-80f4-ff576b54977d@group-C0075F260562:LeaderElection13: Election REJECTED; received 2 response(s) [a5f9b548-b989-4807-80f4-ff576b54977d<-7689548e-5f49-4f36-9667-e46ba21e9ae3#0:FAIL-t1, a5f9b548-b989-4807-80f4-ff576b54977d<-c072a5df-2c45-4bc3-84a6-bf78352fd232#0:FAIL-t1] and 0 exception(s); a5f9b548-b989-4807-80f4-ff576b54977d@group-C0075F260562:t1, leader=null, voted=a5f9b548-b989-4807-80f4-ff576b54977d, raftlog=a5f9b548-b989-4807-80f4-ff576b54977d@group-C0075F260562-SegmentedRaftLog:OPENED:c-1,f-1,i0, conf=-1: [7689548e-5f49-4f36-9667-e46ba21e9ae3:192.168.5.130:34520, c072a5df-2c45-4bc3-84a6-bf78352fd232:192.168.5.130:39846, a5f9b548-b989-4807-80f4-ff576b54977d:192.168.5.130:40253], old=null
2019-09-17 12:22:47,077 [7689548e-5f49-4f36-9667-e46ba21e9ae3@group-C0075F260562:LeaderElection12] INFO  impl.RaftServerImpl (RaftServerImpl.java:setRole(174)) - 7689548e-5f49-4f36-9667-e46ba21e9ae3@group-C0075F260562: changes role from CANDIDATE to FOLLOWER at term 1 for DISCOVERED_A_NEW_TERM
2019-09-17 12:22:47,060 [Thread-345] INFO  impl.FollowerState (FollowerState.java:run(106)) - 84b9980c-7545-47f2-8f8d-7bdb4cb4587c:group-5D4E048AB16A changes to CANDIDATE, lastRpcTime:1012, electionTimeout:1012ms
2019-09-17 12:22:47,077 [7689548e-5f49-4f36-9667-e46ba21e9ae3@group-C0075F260562:LeaderElection12] INFO  impl.RoleInfo (RoleInfo.java:shutdownLeaderElection(134)) - 7689548e-5f49-4f36-9667-e46ba21e9ae3: shutdown LeaderElection
2019-09-17 12:22:47,077 [a5f9b548-b989-4807-80f4-ff576b54977d@group-C0075F260562:LeaderElection13] INFO  impl.RaftServerImpl (RaftServerImpl.java:setRole(174)) - a5f9b548-b989-4807-80f4-ff576b54977d@group-C0075F260562: changes role from CANDIDATE to FOLLOWER at term 1 for DISCOVERED_A_NEW_TERM
2019-09-17 12:22:47,080 [a5f9b548-b989-4807-80f4-ff576b54977d@group-C0075F260562:LeaderElection13] INFO  impl.RoleInfo (RoleInfo.java:shutdownLeaderElection(134)) - a5f9b548-b989-4807-80f4-ff576b54977d: shutdown LeaderElection
2019-09-17 12:22:47,081 [7689548e-5f49-4f36-9667-e46ba21e9ae3@group-C0075F260562:LeaderElection12] INFO  impl.RoleInfo (RoleInfo.java:updateAndGet(143)) - 7689548e-5f49-4f36-9667-e46ba21e9ae3: start FollowerState
2019-09-17 12:22:47,077 [c072a5df-2c45-4bc3-84a6-bf78352fd232@group-C0075F260562:LeaderElection11] INFO  impl.RaftServerImpl (RaftServerImpl.java:setRole(174)) - c072a5df-2c45-4bc3-84a6-bf78352fd232@group-C0075F260562: changes role from CANDIDATE to FOLLOWER at term 1 for DISCOVERED_A_NEW_TERM
2019-09-17 12:22:47,081 [a5f9b548-b989-4807-80f4-ff576b54977d@group-C0075F260562:LeaderElection13] INFO  impl.RoleInfo (RoleInfo.java:updateAndGet(143)) - a5f9b548-b989-4807-80f4-ff576b54977d: start FollowerState
2019-09-17 12:22:47,080 [Thread-345] INFO  impl.RoleInfo (RoleInfo.java:shutdownFollowerState(121)) - 84b9980c-7545-47f2-8f8d-7bdb4cb4587c: shutdown FollowerState
2019-09-17 12:22:47,083 [c072a5df-2c45-4bc3-84a6-bf78352fd232@group-C0075F260562:LeaderElection11] INFO  impl.RoleInfo (RoleInfo.java:shutdownLeaderElection(134)) - c072a5df-2c45-4bc3-84a6-bf78352fd232: shutdown LeaderElection
2019-09-17 12:22:47,085 [Thread-345] INFO  impl.RaftServerImpl (RaftServerImpl.java:setRole(174)) - 84b9980c-7545-47f2-8f8d-7bdb4cb4587c@group-5D4E048AB16A: changes role from  FOLLOWER to CANDIDATE at term 0 for changeToCandidate
2019-09-17 12:22:47,088 [ef58021b-0245-4b2a-b464-78c332d31a33@group-97FAE486DEE6:LeaderElection14] INFO  impl.LeaderElection (LeaderElection.java:logAndReturn(56)) - ef58021b-0245-4b2a-b464-78c332d31a33@group-97FAE486DEE6:LeaderElection14: Election REJECTED; received 2 response(s) [ef58021b-0245-4b2a-b464-78c332d31a33<-ed86af58-6365-40b3-a78c-ef8881f9dd1e#0:FAIL-t1, ef58021b-0245-4b2a-b464-78c332d31a33<-0cdf7b9a-92f5-4bda-bda9-a502d9c924f1#0:FAIL-t1] and 0 exception(s); ef58021b-0245-4b2a-b464-78c332d31a33@group-97FAE486DEE6:t1, leader=null, voted=ef58021b-0245-4b2a-b464-78c332d31a33, raftlog=ef58021b-0245-4b2a-b464-78c332d31a33@group-97FAE486DEE6-SegmentedRaftLog:OPENED:c-1,f-1,i0, conf=-1: [ed86af58-6365-40b3-a78c-ef8881f9dd1e:192.168.5.130:38034, 0cdf7b9a-92f5-4bda-bda9-a502d9c924f1:192.168.5.130:42251, ef58021b-0245-4b2a-b464-78c332d31a33:192.168.5.130:45449], old=null
2019-09-17 12:22:47,086 [c072a5df-2c45-4bc3-84a6-bf78352fd232@group-C0075F260562:LeaderElection11] INFO  impl.RoleInfo (RoleInfo.java:updateAndGet(143)) - c072a5df-2c45-4bc3-84a6-bf78352fd232: start FollowerState
2019-09-17 12:22:47,088 [ef58021b-0245-4b2a-b464-78c332d31a33@group-97FAE486DEE6:LeaderElection14] INFO  impl.RaftServerImpl (RaftServerImpl.java:setRole(174)) - ef58021b-0245-4b2a-b464-78c332d31a33@group-97FAE486DEE6: changes role from CANDIDATE to FOLLOWER at term 1 for DISCOVERED_A_NEW_TERM
2019-09-17 12:22:47,090 [ef58021b-0245-4b2a-b464-78c332d31a33@group-97FAE486DEE6:LeaderElection14] INFO  impl.RoleInfo (RoleInfo.java:shutdownLeaderElection(134)) - ef58021b-0245-4b2a-b464-78c332d31a33: shutdown LeaderElection
2019-09-17 12:22:47,088 [Thread-345] INFO  impl.RoleInfo (RoleInfo.java:updateAndGet(143)) - 84b9980c-7545-47f2-8f8d-7bdb4cb4587c: start LeaderElection
2019-09-17 12:22:47,094 [ef58021b-0245-4b2a-b464-78c332d31a33@group-97FAE486DEE6:LeaderElection14] INFO  impl.RoleInfo (RoleInfo.java:updateAndGet(143)) - ef58021b-0245-4b2a-b464-78c332d31a33: start FollowerState
2019-09-17 12:22:47,094 [ed86af58-6365-40b3-a78c-ef8881f9dd1e@group-97FAE486DEE6:LeaderElection15] INFO  impl.LeaderElection (LeaderElection.java:logAndReturn(56)) - ed86af58-6365-40b3-a78c-ef8881f9dd1e@group-97FAE486DEE6:LeaderElection15: Election REJECTED; received 2 response(s) [ed86af58-6365-40b3-a78c-ef8881f9dd1e<-ef58021b-0245-4b2a-b464-78c332d31a33#0:FAIL-t1, ed86af58-6365-40b3-a78c-ef8881f9dd1e<-0cdf7b9a-92f5-4bda-bda9-a502d9c924f1#0:FAIL-t1] and 0 exception(s); ed86af58-6365-40b3-a78c-ef8881f9dd1e@group-97FAE486DEE6:t1, leader=null, voted=ed86af58-6365-40b3-a78c-ef8881f9dd1e, raftlog=ed86af58-6365-40b3-a78c-ef8881f9dd1e@group-97FAE486DEE6-SegmentedRaftLog:OPENED:c-1,f-1,i0, conf=-1: [ed86af58-6365-40b3-a78c-ef8881f9dd1e:192.168.5.130:38034, 0cdf7b9a-92f5-4bda-bda9-a502d9c924f1:192.168.5.130:42251, ef58021b-0245-4b2a-b464-78c332d31a33:192.168.5.130:45449], old=null
2019-09-17 12:22:47,094 [ed86af58-6365-40b3-a78c-ef8881f9dd1e@group-97FAE486DEE6:LeaderElection15] INFO  impl.RaftServerImpl (RaftServerImpl.java:setRole(174)) - ed86af58-6365-40b3-a78c-ef8881f9dd1e@group-97FAE486DEE6: changes role from CANDIDATE to FOLLOWER at term 1 for DISCOVERED_A_NEW_TERM
2019-09-17 12:22:47,121 [ed86af58-6365-40b3-a78c-ef8881f9dd1e@group-97FAE486DEE6:LeaderElection15] INFO  impl.RoleInfo (RoleInfo.java:shutdownLeaderElection(134)) - ed86af58-6365-40b3-a78c-ef8881f9dd1e: shutdown LeaderElection
2019-09-17 12:22:47,128 [ed86af58-6365-40b3-a78c-ef8881f9dd1e@group-97FAE486DEE6:LeaderElection15] INFO  impl.RoleInfo (RoleInfo.java:updateAndGet(143)) - ed86af58-6365-40b3-a78c-ef8881f9dd1e: start FollowerState
2019-09-17 12:22:47,147 [84b9980c-7545-47f2-8f8d-7bdb4cb4587c@group-5D4E048AB16A:LeaderElection17] INFO  impl.LeaderElection (LeaderElection.java:askForVotes(182)) - 84b9980c-7545-47f2-8f8d-7bdb4cb4587c@group-5D4E048AB16A:LeaderElection17: begin an election at term 1 for -1: [89060399-4494-4f9b-b1c5-9635c65f7453:192.168.5.130:44284, 84b9980c-7545-47f2-8f8d-7bdb4cb4587c:192.168.5.130:43486, ba884459-fbaf-490e-9b71-3c718ea82914:192.168.5.130:43469], old=null
2019-09-17 12:22:47,162 [Thread-348] INFO  impl.FollowerState (FollowerState.java:run(106)) - ba884459-fbaf-490e-9b71-3c718ea82914:group-5D4E048AB16A changes to CANDIDATE, lastRpcTime:1113, electionTimeout:1113ms
2019-09-17 12:22:47,162 [Thread-348] INFO  impl.RoleInfo (RoleInfo.java:shutdownFollowerState(121)) - ba884459-fbaf-490e-9b71-3c718ea82914: shutdown FollowerState
2019-09-17 12:22:47,162 [Thread-348] INFO  impl.RaftServerImpl (RaftServerImpl.java:setRole(174)) - ba884459-fbaf-490e-9b71-3c718ea82914@group-5D4E048AB16A: changes role from  FOLLOWER to CANDIDATE at term 0 for changeToCandidate
2019-09-17 12:22:47,170 [Thread-348] INFO  impl.RoleInfo (RoleInfo.java:updateAndGet(143)) - ba884459-fbaf-490e-9b71-3c718ea82914: start LeaderElection
2019-09-17 12:22:47,176 [0cdf7b9a-92f5-4bda-bda9-a502d9c924f1@group-97FAE486DEE6:LeaderElection16] INFO  impl.LeaderElection (LeaderElection.java:logAndReturn(56)) - 0cdf7b9a-92f5-4bda-bda9-a502d9c924f1@group-97FAE486DEE6:LeaderElection16: Election REJECTED; received 2 response(s) [0cdf7b9a-92f5-4bda-bda9-a502d9c924f1<-ed86af58-6365-40b3-a78c-ef8881f9dd1e#0:FAIL-t1, 0cdf7b9a-92f5-4bda-bda9-a502d9c924f1<-ef58021b-0245-4b2a-b464-78c332d31a33#0:FAIL-t1] and 0 exception(s); 0cdf7b9a-92f5-4bda-bda9-a502d9c924f1@group-97FAE486DEE6:t1, leader=null, voted=0cdf7b9a-92f5-4bda-bda9-a502d9c924f1, raftlog=0cdf7b9a-92f5-4bda-bda9-a502d9c924f1@group-97FAE486DEE6-SegmentedRaftLog:OPENED:c-1,f-1,i0, conf=-1: [ed86af58-6365-40b3-a78c-ef8881f9dd1e:192.168.5.130:38034, 0cdf7b9a-92f5-4bda-bda9-a502d9c924f1:192.168.5.130:42251, ef58021b-0245-4b2a-b464-78c332d31a33:192.168.5.130:45449], old=null
2019-09-17 12:22:47,176 [0cdf7b9a-92f5-4bda-bda9-a502d9c924f1@group-97FAE486DEE6:LeaderElection16] INFO  impl.RaftServerImpl (RaftServerImpl.java:setRole(174)) - 0cdf7b9a-92f5-4bda-bda9-a502d9c924f1@group-97FAE486DEE6: changes role from CANDIDATE to FOLLOWER at term 1 for DISCOVERED_A_NEW_TERM
2019-09-17 12:22:47,177 [0cdf7b9a-92f5-4bda-bda9-a502d9c924f1@group-97FAE486DEE6:LeaderElection16] INFO  impl.RoleInfo (RoleInfo.java:shutdownLeaderElection(134)) - 0cdf7b9a-92f5-4bda-bda9-a502d9c924f1: shutdown LeaderElection
2019-09-17 12:22:47,182 [0cdf7b9a-92f5-4bda-bda9-a502d9c924f1@group-97FAE486DEE6:LeaderElection16] INFO  impl.RoleInfo (RoleInfo.java:updateAndGet(143)) - 0cdf7b9a-92f5-4bda-bda9-a502d9c924f1: start FollowerState
2019-09-17 12:22:47,184 [Thread-350] INFO  impl.FollowerState (FollowerState.java:run(106)) - 89060399-4494-4f9b-b1c5-9635c65f7453:group-5D4E048AB16A changes to CANDIDATE, lastRpcTime:1134, electionTimeout:1133ms
2019-09-17 12:22:47,186 [Thread-350] INFO  impl.RoleInfo (RoleInfo.java:shutdownFollowerState(121)) - 89060399-4494-4f9b-b1c5-9635c65f7453: shutdown FollowerState
2019-09-17 12:22:47,193 [Thread-350] INFO  impl.RaftServerImpl (RaftServerImpl.java:setRole(174)) - 89060399-4494-4f9b-b1c5-9635c65f7453@group-5D4E048AB16A: changes role from  FOLLOWER to CANDIDATE at term 0 for changeToCandidate
2019-09-17 12:22:47,193 [ba884459-fbaf-490e-9b71-3c718ea82914@group-5D4E048AB16A:LeaderElection18] INFO  impl.LeaderElection (LeaderElection.java:askForVotes(182)) - ba884459-fbaf-490e-9b71-3c718ea82914@group-5D4E048AB16A:LeaderElection18: begin an election at term 1 for -1: [89060399-4494-4f9b-b1c5-9635c65f7453:192.168.5.130:44284, 84b9980c-7545-47f2-8f8d-7bdb4cb4587c:192.168.5.130:43486, ba884459-fbaf-490e-9b71-3c718ea82914:192.168.5.130:43469], old=null
2019-09-17 12:22:47,193 [Thread-350] INFO  impl.RoleInfo (RoleInfo.java:updateAndGet(143)) - 89060399-4494-4f9b-b1c5-9635c65f7453: start LeaderElection
2019-09-17 12:22:47,220 [89060399-4494-4f9b-b1c5-9635c65f7453@group-5D4E048AB16A:LeaderElection19] INFO  impl.LeaderElection (LeaderElection.java:askForVotes(182)) - 89060399-4494-4f9b-b1c5-9635c65f7453@group-5D4E048AB16A:LeaderElection19: begin an election at term 1 for -1: [89060399-4494-4f9b-b1c5-9635c65f7453:192.168.5.130:44284, 84b9980c-7545-47f2-8f8d-7bdb4cb4587c:192.168.5.130:43486, ba884459-fbaf-490e-9b71-3c718ea82914:192.168.5.130:43469], old=null
2019-09-17 12:22:47,233 [84b9980c-7545-47f2-8f8d-7bdb4cb4587c@group-5D4E048AB16A:LeaderElection17] INFO  impl.LeaderElection (LeaderElection.java:logAndReturn(56)) - 84b9980c-7545-47f2-8f8d-7bdb4cb4587c@group-5D4E048AB16A:LeaderElection17: Election REJECTED; received 2 response(s) [84b9980c-7545-47f2-8f8d-7bdb4cb4587c<-89060399-4494-4f9b-b1c5-9635c65f7453#0:FAIL-t1, 84b9980c-7545-47f2-8f8d-7bdb4cb4587c<-ba884459-fbaf-490e-9b71-3c718ea82914#0:FAIL-t1] and 0 exception(s); 84b9980c-7545-47f2-8f8d-7bdb4cb4587c@group-5D4E048AB16A:t1, leader=null, voted=84b9980c-7545-47f2-8f8d-7bdb4cb4587c, raftlog=84b9980c-7545-47f2-8f8d-7bdb4cb4587c@group-5D4E048AB16A-SegmentedRaftLog:OPENED:c-1,f-1,i0, conf=-1: [89060399-4494-4f9b-b1c5-9635c65f7453:192.168.5.130:44284, 84b9980c-7545-47f2-8f8d-7bdb4cb4587c:192.168.5.130:43486, ba884459-fbaf-490e-9b71-3c718ea82914:192.168.5.130:43469], old=null
2019-09-17 12:22:47,234 [84b9980c-7545-47f2-8f8d-7bdb4cb4587c@group-5D4E048AB16A:LeaderElection17] INFO  impl.RaftServerImpl (RaftServerImpl.java:setRole(174)) - 84b9980c-7545-47f2-8f8d-7bdb4cb4587c@group-5D4E048AB16A: changes role from CANDIDATE to FOLLOWER at term 1 for DISCOVERED_A_NEW_TERM
2019-09-17 12:22:47,242 [84b9980c-7545-47f2-8f8d-7bdb4cb4587c@group-5D4E048AB16A:LeaderElection17] INFO  impl.RoleInfo (RoleInfo.java:shutdownLeaderElection(134)) - 84b9980c-7545-47f2-8f8d-7bdb4cb4587c: shutdown LeaderElection
2019-09-17 12:22:47,242 [84b9980c-7545-47f2-8f8d-7bdb4cb4587c@group-5D4E048AB16A:LeaderElection17] INFO  impl.RoleInfo (RoleInfo.java:updateAndGet(143)) - 84b9980c-7545-47f2-8f8d-7bdb4cb4587c: start FollowerState
2019-09-17 12:22:47,249 [ba884459-fbaf-490e-9b71-3c718ea82914@group-5D4E048AB16A:LeaderElection18] INFO  impl.LeaderElection (LeaderElection.java:logAndReturn(56)) - ba884459-fbaf-490e-9b71-3c718ea82914@group-5D4E048AB16A:LeaderElection18: Election REJECTED; received 2 response(s) [ba884459-fbaf-490e-9b71-3c718ea82914<-89060399-4494-4f9b-b1c5-9635c65f7453#0:FAIL-t1, ba884459-fbaf-490e-9b71-3c718ea82914<-84b9980c-7545-47f2-8f8d-7bdb4cb4587c#0:FAIL-t1] and 0 exception(s); ba884459-fbaf-490e-9b71-3c718ea82914@group-5D4E048AB16A:t1, leader=null, voted=ba884459-fbaf-490e-9b71-3c718ea82914, raftlog=ba884459-fbaf-490e-9b71-3c718ea82914@group-5D4E048AB16A-SegmentedRaftLog:OPENED:c-1,f-1,i0, conf=-1: [89060399-4494-4f9b-b1c5-9635c65f7453:192.168.5.130:44284, 84b9980c-7545-47f2-8f8d-7bdb4cb4587c:192.168.5.130:43486, ba884459-fbaf-490e-9b71-3c718ea82914:192.168.5.130:43469], old=null
2019-09-17 12:22:47,254 [ba884459-fbaf-490e-9b71-3c718ea82914@group-5D4E048AB16A:LeaderElection18] INFO  impl.RaftServerImpl (RaftServerImpl.java:setRole(174)) - ba884459-fbaf-490e-9b71-3c718ea82914@group-5D4E048AB16A: changes role from CANDIDATE to FOLLOWER at term 1 for DISCOVERED_A_NEW_TERM
2019-09-17 12:22:47,256 [ba884459-fbaf-490e-9b71-3c718ea82914@group-5D4E048AB16A:LeaderElection18] INFO  impl.RoleInfo (RoleInfo.java:shutdownLeaderElection(134)) - ba884459-fbaf-490e-9b71-3c718ea82914: shutdown LeaderElection
2019-09-17 12:22:47,257 [ba884459-fbaf-490e-9b71-3c718ea82914@group-5D4E048AB16A:LeaderElection18] INFO  impl.RoleInfo (RoleInfo.java:updateAndGet(143)) - ba884459-fbaf-490e-9b71-3c718ea82914: start FollowerState
2019-09-17 12:22:47,257 [Thread-283] INFO  container.ReplicationManager (ReplicationManager.java:start(162)) - Starting Replication Monitor Thread.
2019-09-17 12:22:47,265 [ReplicationMonitor] INFO  container.ReplicationManager (ReplicationManager.java:run(225)) - Replication Monitor Thread took 3 milliseconds for processing 5 containers.
2019-09-17 12:22:47,266 [50fefd0a-f6ac-4da1-9b01-f02eab2da215@group-83B50BF1519D:LeaderElection10] INFO  impl.RoleInfo (RoleInfo.java:updateAndGet(143)) - 50fefd0a-f6ac-4da1-9b01-f02eab2da215: start LeaderState
2019-09-17 12:22:47,268 [50fefd0a-f6ac-4da1-9b01-f02eab2da215@group-83B50BF1519D:LeaderElection10] INFO  segmented.SegmentedRaftLogWorker (SegmentedRaftLogWorker.java:startLogSegment(380)) - 50fefd0a-f6ac-4da1-9b01-f02eab2da215@group-83B50BF1519D-SegmentedRaftLogWorker: Starting segment from index:0
2019-09-17 12:22:47,268 [89060399-4494-4f9b-b1c5-9635c65f7453@group-5D4E048AB16A:LeaderElection19] INFO  impl.LeaderElection (LeaderElection.java:logAndReturn(56)) - 89060399-4494-4f9b-b1c5-9635c65f7453@group-5D4E048AB16A:LeaderElection19: Election REJECTED; received 2 response(s) [89060399-4494-4f9b-b1c5-9635c65f7453<-84b9980c-7545-47f2-8f8d-7bdb4cb4587c#0:FAIL-t1, 89060399-4494-4f9b-b1c5-9635c65f7453<-ba884459-fbaf-490e-9b71-3c718ea82914#0:FAIL-t1] and 0 exception(s); 89060399-4494-4f9b-b1c5-9635c65f7453@group-5D4E048AB16A:t1, leader=null, voted=89060399-4494-4f9b-b1c5-9635c65f7453, raftlog=89060399-4494-4f9b-b1c5-9635c65f7453@group-5D4E048AB16A-SegmentedRaftLog:OPENED:c-1,f-1,i0, conf=-1: [89060399-4494-4f9b-b1c5-9635c65f7453:192.168.5.130:44284, 84b9980c-7545-47f2-8f8d-7bdb4cb4587c:192.168.5.130:43486, ba884459-fbaf-490e-9b71-3c718ea82914:192.168.5.130:43469], old=null
2019-09-17 12:22:47,268 [ef58021b-0245-4b2a-b464-78c332d31a33@group-80403BFEB108:LeaderElection9] INFO  impl.RoleInfo (RoleInfo.java:updateAndGet(143)) - ef58021b-0245-4b2a-b464-78c332d31a33: start LeaderState
2019-09-17 12:22:47,268 [89060399-4494-4f9b-b1c5-9635c65f7453@group-5D4E048AB16A:LeaderElection19] INFO  impl.RaftServerImpl (RaftServerImpl.java:setRole(174)) - 89060399-4494-4f9b-b1c5-9635c65f7453@group-5D4E048AB16A: changes role from CANDIDATE to FOLLOWER at term 1 for DISCOVERED_A_NEW_TERM
2019-09-17 12:22:47,296 [89060399-4494-4f9b-b1c5-9635c65f7453@group-0FAA62C80547:LeaderElection7] INFO  impl.RoleInfo (RoleInfo.java:updateAndGet(143)) - 89060399-4494-4f9b-b1c5-9635c65f7453: start LeaderState
2019-09-17 12:22:47,296 [ef58021b-0245-4b2a-b464-78c332d31a33@group-80403BFEB108:LeaderElection9] INFO  segmented.SegmentedRaftLogWorker (SegmentedRaftLogWorker.java:startLogSegment(380)) - ef58021b-0245-4b2a-b464-78c332d31a33@group-80403BFEB108-SegmentedRaftLogWorker: Starting segment from index:0
2019-09-17 12:22:47,294 [50fefd0a-f6ac-4da1-9b01-f02eab2da215@group-83B50BF1519D:LeaderElection10] INFO  impl.RaftServerImpl (ServerState.java:setRaftConf(354)) - 50fefd0a-f6ac-4da1-9b01-f02eab2da215@group-83B50BF1519D: set configuration 0: [50fefd0a-f6ac-4da1-9b01-f02eab2da215:192.168.5.130:44878], old=null at 0
2019-09-17 12:22:47,296 [89060399-4494-4f9b-b1c5-9635c65f7453@group-0FAA62C80547:LeaderElection7] INFO  segmented.SegmentedRaftLogWorker (SegmentedRaftLogWorker.java:startLogSegment(380)) - 89060399-4494-4f9b-b1c5-9635c65f7453@group-0FAA62C80547-SegmentedRaftLogWorker: Starting segment from index:0
2019-09-17 12:22:47,296 [89060399-4494-4f9b-b1c5-9635c65f7453@group-5D4E048AB16A:LeaderElection19] INFO  impl.RoleInfo (RoleInfo.java:shutdownLeaderElection(134)) - 89060399-4494-4f9b-b1c5-9635c65f7453: shutdown LeaderElection
2019-09-17 12:22:47,296 [84b9980c-7545-47f2-8f8d-7bdb4cb4587c@group-1C8D5B391EC8:LeaderElection8] INFO  impl.RoleInfo (RoleInfo.java:updateAndGet(143)) - 84b9980c-7545-47f2-8f8d-7bdb4cb4587c: start LeaderState
2019-09-17 12:22:47,296 [ef58021b-0245-4b2a-b464-78c332d31a33@group-80403BFEB108:LeaderElection9] INFO  impl.RaftServerImpl (ServerState.java:setRaftConf(354)) - ef58021b-0245-4b2a-b464-78c332d31a33@group-80403BFEB108: set configuration 0: [ef58021b-0245-4b2a-b464-78c332d31a33:192.168.5.130:45449], old=null at 0
2019-09-17 12:22:47,297 [84b9980c-7545-47f2-8f8d-7bdb4cb4587c@group-1C8D5B391EC8:LeaderElection8] INFO  segmented.SegmentedRaftLogWorker (SegmentedRaftLogWorker.java:startLogSegment(380)) - 84b9980c-7545-47f2-8f8d-7bdb4cb4587c@group-1C8D5B391EC8-SegmentedRaftLogWorker: Starting segment from index:0
2019-09-17 12:22:47,297 [89060399-4494-4f9b-b1c5-9635c65f7453@group-0FAA62C80547:LeaderElection7] INFO  impl.RaftServerImpl (ServerState.java:setRaftConf(354)) - 89060399-4494-4f9b-b1c5-9635c65f7453@group-0FAA62C80547: set configuration 0: [89060399-4494-4f9b-b1c5-9635c65f7453:192.168.5.130:44284], old=null at 0
2019-09-17 12:22:47,297 [89060399-4494-4f9b-b1c5-9635c65f7453@group-5D4E048AB16A:LeaderElection19] INFO  impl.RoleInfo (RoleInfo.java:updateAndGet(143)) - 89060399-4494-4f9b-b1c5-9635c65f7453: start FollowerState
2019-09-17 12:22:47,297 [84b9980c-7545-47f2-8f8d-7bdb4cb4587c@group-1C8D5B391EC8:LeaderElection8] INFO  impl.RaftServerImpl (ServerState.java:setRaftConf(354)) - 84b9980c-7545-47f2-8f8d-7bdb4cb4587c@group-1C8D5B391EC8: set configuration 0: [84b9980c-7545-47f2-8f8d-7bdb4cb4587c:192.168.5.130:43486], old=null at 0
2019-09-17 12:22:47,338 [50fefd0a-f6ac-4da1-9b01-f02eab2da215@group-83B50BF1519D-SegmentedRaftLogWorker] INFO  segmented.SegmentedRaftLogWorker (SegmentedRaftLogWorker.java:execute(569)) - 50fefd0a-f6ac-4da1-9b01-f02eab2da215@group-83B50BF1519D-SegmentedRaftLogWorker: created new log segment /tmp/workdir/hadoop-ozone/integration-test/target/test-dir/MiniOzoneClusterImpl-97cb6072-9315-4ed4-9dbe-1bfff40012a1/datanode-3/data/ratis/e822305f-478a-405a-8f83-83b50bf1519d/current/log_inprogress_0
2019-09-17 12:22:47,377 [ef58021b-0245-4b2a-b464-78c332d31a33@group-80403BFEB108-SegmentedRaftLogWorker] INFO  segmented.SegmentedRaftLogWorker (SegmentedRaftLogWorker.java:execute(569)) - ef58021b-0245-4b2a-b464-78c332d31a33@group-80403BFEB108-SegmentedRaftLogWorker: created new log segment /tmp/workdir/hadoop-ozone/integration-test/target/test-dir/MiniOzoneClusterImpl-97cb6072-9315-4ed4-9dbe-1bfff40012a1/datanode-6/data/ratis/f69d8ccf-9fd2-42b7-9bd6-80403bfeb108/current/log_inprogress_0
2019-09-17 12:22:47,377 [84b9980c-7545-47f2-8f8d-7bdb4cb4587c@group-1C8D5B391EC8-SegmentedRaftLogWorker] INFO  segmented.SegmentedRaftLogWorker (SegmentedRaftLogWorker.java:execute(569)) - 84b9980c-7545-47f2-8f8d-7bdb4cb4587c@group-1C8D5B391EC8-SegmentedRaftLogWorker: created new log segment /tmp/workdir/hadoop-ozone/integration-test/target/test-dir/MiniOzoneClusterImpl-97cb6072-9315-4ed4-9dbe-1bfff40012a1/datanode-8/data/ratis/855e480e-4287-4604-85b8-1c8d5b391ec8/current/log_inprogress_0
2019-09-17 12:22:47,377 [89060399-4494-4f9b-b1c5-9635c65f7453@group-0FAA62C80547-SegmentedRaftLogWorker] INFO  segmented.SegmentedRaftLogWorker (SegmentedRaftLogWorker.java:execute(569)) - 89060399-4494-4f9b-b1c5-9635c65f7453@group-0FAA62C80547-SegmentedRaftLogWorker: created new log segment /tmp/workdir/hadoop-ozone/integration-test/target/test-dir/MiniOzoneClusterImpl-97cb6072-9315-4ed4-9dbe-1bfff40012a1/datanode-2/data/ratis/464013f2-edae-451e-bff1-0faa62c80547/current/log_inprogress_0
2019-09-17 12:22:47,444 [main] INFO  impl.MetricsSystemImpl (MetricsSystemImpl.java:init(158)) - XceiverClientMetrics metrics system started (again)
2019-09-17 12:22:47,573 [grpc-default-executor-1] INFO  client.GrpcClientProtocolClient (GrpcClientProtocolClient.java:onNext(264)) - client-1EFD8CA80DAA->0cdf7b9a-92f5-4bda-bda9-a502d9c924f1: receive RaftClientReply:client-1EFD8CA80DAA->0cdf7b9a-92f5-4bda-bda9-a502d9c924f1@group-97FAE486DEE6, cid=19, FAILED org.apache.ratis.protocol.NotLeaderException: Server 0cdf7b9a-92f5-4bda-bda9-a502d9c924f1@group-97FAE486DEE6 is not the leader, logIndex=0, commits[0cdf7b9a-92f5-4bda-bda9-a502d9c924f1:c-1]
2019-09-17 12:22:48,088 [Thread-382] INFO  impl.FollowerState (FollowerState.java:run(106)) - 7689548e-5f49-4f36-9667-e46ba21e9ae3:group-C0075F260562 changes to CANDIDATE, lastRpcTime:1007, electionTimeout:1005ms
2019-09-17 12:22:48,088 [Thread-383] INFO  impl.FollowerState (FollowerState.java:run(106)) - a5f9b548-b989-4807-80f4-ff576b54977d:group-C0075F260562 changes to CANDIDATE, lastRpcTime:1007, electionTimeout:1003ms
2019-09-17 12:22:48,088 [Thread-382] INFO  impl.RoleInfo (RoleInfo.java:shutdownFollowerState(121)) - 7689548e-5f49-4f36-9667-e46ba21e9ae3: shutdown FollowerState
2019-09-17 12:22:48,088 [Thread-383] INFO  impl.RoleInfo (RoleInfo.java:shutdownFollowerState(121)) - a5f9b548-b989-4807-80f4-ff576b54977d: shutdown FollowerState
2019-09-17 12:22:48,088 [Thread-382] INFO  impl.RaftServerImpl (RaftServerImpl.java:setRole(174)) - 7689548e-5f49-4f36-9667-e46ba21e9ae3@group-C0075F260562: changes role from  FOLLOWER to CANDIDATE at term 1 for changeToCandidate
2019-09-17 12:22:48,088 [Thread-383] INFO  impl.RaftServerImpl (RaftServerImpl.java:setRole(174)) - a5f9b548-b989-4807-80f4-ff576b54977d@group-C0075F260562: changes role from  FOLLOWER to CANDIDATE at term 1 for changeToCandidate
2019-09-17 12:22:48,089 [Thread-382] INFO  impl.RoleInfo (RoleInfo.java:updateAndGet(143)) - 7689548e-5f49-4f36-9667-e46ba21e9ae3: start LeaderElection
2019-09-17 12:22:48,089 [Thread-383] INFO  impl.RoleInfo (RoleInfo.java:updateAndGet(143)) - a5f9b548-b989-4807-80f4-ff576b54977d: start LeaderElection
2019-09-17 12:22:48,124 [7689548e-5f49-4f36-9667-e46ba21e9ae3@group-C0075F260562:LeaderElection20] INFO  impl.LeaderElection (LeaderElection.java:askForVotes(182)) - 7689548e-5f49-4f36-9667-e46ba21e9ae3@group-C0075F260562:LeaderElection20: begin an election at term 2 for -1: [7689548e-5f49-4f36-9667-e46ba21e9ae3:192.168.5.130:34520, c072a5df-2c45-4bc3-84a6-bf78352fd232:192.168.5.130:39846, a5f9b548-b989-4807-80f4-ff576b54977d:192.168.5.130:40253], old=null
2019-09-17 12:22:48,124 [a5f9b548-b989-4807-80f4-ff576b54977d@group-C0075F260562:LeaderElection21] INFO  impl.LeaderElection (LeaderElection.java:askForVotes(182)) - a5f9b548-b989-4807-80f4-ff576b54977d@group-C0075F260562:LeaderElection21: begin an election at term 2 for -1: [7689548e-5f49-4f36-9667-e46ba21e9ae3:192.168.5.130:34520, c072a5df-2c45-4bc3-84a6-bf78352fd232:192.168.5.130:39846, a5f9b548-b989-4807-80f4-ff576b54977d:192.168.5.130:40253], old=null
2019-09-17 12:22:48,144 [grpc-default-executor-6] INFO  impl.RaftServerImpl (RaftServerImpl.java:setRole(174)) - c072a5df-2c45-4bc3-84a6-bf78352fd232@group-C0075F260562: changes role from  FOLLOWER to FOLLOWER at term 2 for recognizeCandidate:7689548e-5f49-4f36-9667-e46ba21e9ae3
2019-09-17 12:22:48,144 [grpc-default-executor-6] INFO  impl.RoleInfo (RoleInfo.java:shutdownFollowerState(121)) - c072a5df-2c45-4bc3-84a6-bf78352fd232: shutdown FollowerState
2019-09-17 12:22:48,144 [grpc-default-executor-6] INFO  impl.RoleInfo (RoleInfo.java:updateAndGet(143)) - c072a5df-2c45-4bc3-84a6-bf78352fd232: start FollowerState
2019-09-17 12:22:48,144 [Thread-384] INFO  impl.FollowerState (FollowerState.java:run(115)) - c072a5df-2c45-4bc3-84a6-bf78352fd232: FollowerState was interrupted: java.lang.InterruptedException: sleep interrupted
2019-09-17 12:22:48,185 [a5f9b548-b989-4807-80f4-ff576b54977d@group-C0075F260562:LeaderElection21] INFO  impl.LeaderElection (LeaderElection.java:logAndReturn(56)) - a5f9b548-b989-4807-80f4-ff576b54977d@group-C0075F260562:LeaderElection21: Election REJECTED; received 2 response(s) [a5f9b548-b989-4807-80f4-ff576b54977d<-7689548e-5f49-4f36-9667-e46ba21e9ae3#0:FAIL-t2, a5f9b548-b989-4807-80f4-ff576b54977d<-c072a5df-2c45-4bc3-84a6-bf78352fd232#0:FAIL-t2] and 0 exception(s); a5f9b548-b989-4807-80f4-ff576b54977d@group-C0075F260562:t2, leader=null, voted=a5f9b548-b989-4807-80f4-ff576b54977d, raftlog=a5f9b548-b989-4807-80f4-ff576b54977d@group-C0075F260562-SegmentedRaftLog:OPENED:c-1,f-1,i0, conf=-1: [7689548e-5f49-4f36-9667-e46ba21e9ae3:192.168.5.130:34520, c072a5df-2c45-4bc3-84a6-bf78352fd232:192.168.5.130:39846, a5f9b548-b989-4807-80f4-ff576b54977d:192.168.5.130:40253], old=null
2019-09-17 12:22:48,185 [7689548e-5f49-4f36-9667-e46ba21e9ae3@group-C0075F260562:LeaderElection20] INFO  impl.LeaderElection (LeaderElection.java:logAndReturn(56)) - 7689548e-5f49-4f36-9667-e46ba21e9ae3@group-C0075F260562:LeaderElection20: Election PASSED; received 2 response(s) [7689548e-5f49-4f36-9667-e46ba21e9ae3<-c072a5df-2c45-4bc3-84a6-bf78352fd232#0:OK-t2, 7689548e-5f49-4f36-9667-e46ba21e9ae3<-a5f9b548-b989-4807-80f4-ff576b54977d#0:FAIL-t2] and 0 exception(s); 7689548e-5f49-4f36-9667-e46ba21e9ae3@group-C0075F260562:t2, leader=null, voted=7689548e-5f49-4f36-9667-e46ba21e9ae3, raftlog=7689548e-5f49-4f36-9667-e46ba21e9ae3@group-C0075F260562-SegmentedRaftLog:OPENED:c-1,f-1,i0, conf=-1: [7689548e-5f49-4f36-9667-e46ba21e9ae3:192.168.5.130:34520, c072a5df-2c45-4bc3-84a6-bf78352fd232:192.168.5.130:39846, a5f9b548-b989-4807-80f4-ff576b54977d:192.168.5.130:40253], old=null
2019-09-17 12:22:48,185 [a5f9b548-b989-4807-80f4-ff576b54977d@group-C0075F260562:LeaderElection21] INFO  impl.RaftServerImpl (RaftServerImpl.java:setRole(174)) - a5f9b548-b989-4807-80f4-ff576b54977d@group-C0075F260562: changes role from CANDIDATE to FOLLOWER at term 2 for DISCOVERED_A_NEW_TERM
2019-09-17 12:22:48,191 [7689548e-5f49-4f36-9667-e46ba21e9ae3@group-C0075F260562:LeaderElection20] INFO  impl.RoleInfo (RoleInfo.java:shutdownLeaderElection(134)) - 7689548e-5f49-4f36-9667-e46ba21e9ae3: shutdown LeaderElection
2019-09-17 12:22:48,196 [a5f9b548-b989-4807-80f4-ff576b54977d@group-C0075F260562:LeaderElection21] INFO  impl.RoleInfo (RoleInfo.java:shutdownLeaderElection(134)) - a5f9b548-b989-4807-80f4-ff576b54977d: shutdown LeaderElection
2019-09-17 12:22:48,196 [7689548e-5f49-4f36-9667-e46ba21e9ae3@group-C0075F260562:LeaderElection20] INFO  impl.RaftServerImpl (RaftServerImpl.java:setRole(174)) - 7689548e-5f49-4f36-9667-e46ba21e9ae3@group-C0075F260562: changes role from CANDIDATE to LEADER at term 2 for changeToLeader
2019-09-17 12:22:48,196 [a5f9b548-b989-4807-80f4-ff576b54977d@group-C0075F260562:LeaderElection21] INFO  impl.RoleInfo (RoleInfo.java:updateAndGet(143)) - a5f9b548-b989-4807-80f4-ff576b54977d: start FollowerState
2019-09-17 12:22:48,197 [7689548e-5f49-4f36-9667-e46ba21e9ae3@group-C0075F260562:LeaderElection20] INFO  impl.RaftServerImpl (ServerState.java:setLeader(253)) - 7689548e-5f49-4f36-9667-e46ba21e9ae3@group-C0075F260562: change Leader from null to 7689548e-5f49-4f36-9667-e46ba21e9ae3 at term 2 for becomeLeader, leader elected after 2491ms
2019-09-17 12:22:48,199 [7689548e-5f49-4f36-9667-e46ba21e9ae3@group-C0075F260562:LeaderElection20] INFO  server.RaftServerConfigKeys (ConfUtils.java:logGet(43)) - raft.server.staging.catchup.gap = 1000 (default)
2019-09-17 12:22:48,199 [7689548e-5f49-4f36-9667-e46ba21e9ae3@group-C0075F260562:LeaderElection20] INFO  server.RaftServerConfigKeys (ConfUtils.java:logGet(43)) - raft.server.rpc.sleep.time = 25ms (default)
2019-09-17 12:22:48,199 [7689548e-5f49-4f36-9667-e46ba21e9ae3@group-C0075F260562:LeaderElection20] INFO  server.RaftServerConfigKeys (ConfUtils.java:logGet(43)) - raft.server.write.element-limit = 4096 (default)
2019-09-17 12:22:48,199 [7689548e-5f49-4f36-9667-e46ba21e9ae3@group-C0075F260562:LeaderElection20] INFO  server.RaftServerConfigKeys (ConfUtils.java:logGet(43)) - raft.server.watch.timeout = 10s (default)
2019-09-17 12:22:48,200 [7689548e-5f49-4f36-9667-e46ba21e9ae3@group-C0075F260562:LeaderElection20] INFO  server.RaftServerConfigKeys (ConfUtils.java:logGet(43)) - raft.server.watch.timeout.denomination = 1s (default)
2019-09-17 12:22:48,200 [7689548e-5f49-4f36-9667-e46ba21e9ae3@group-C0075F260562:LeaderElection20] INFO  server.RaftServerConfigKeys (ConfUtils.java:logGet(43)) - raft.server.watch.element-limit = 65536 (default)
2019-09-17 12:22:48,206 [7689548e-5f49-4f36-9667-e46ba21e9ae3@group-C0075F260562:LeaderElection20] INFO  server.RaftServerConfigKeys (ConfUtils.java:logGet(43)) - raft.server.log.appender.snapshot.chunk.size.max = 16MB (=16777216) (default)
2019-09-17 12:22:48,206 [7689548e-5f49-4f36-9667-e46ba21e9ae3@group-C0075F260562:LeaderElection20] INFO  server.RaftServerConfigKeys (ConfUtils.java:logGet(43)) - raft.server.log.appender.buffer.byte-limit = 33554432 (custom)
2019-09-17 12:22:48,207 [7689548e-5f49-4f36-9667-e46ba21e9ae3@group-C0075F260562:LeaderElection20] INFO  server.RaftServerConfigKeys (ConfUtils.java:logGet(43)) - raft.server.log.appender.buffer.element-limit = 1 (custom)
2019-09-17 12:22:48,212 [7689548e-5f49-4f36-9667-e46ba21e9ae3@group-C0075F260562:LeaderElection20] INFO  grpc.GrpcConfigKeys$Server (ConfUtils.java:logGet(43)) - raft.grpc.server.leader.outstanding.appends.max = 128 (default)
2019-09-17 12:22:48,220 [7689548e-5f49-4f36-9667-e46ba21e9ae3@group-C0075F260562:LeaderElection20] INFO  server.RaftServerConfigKeys (ConfUtils.java:logGet(43)) - raft.server.rpc.request.timeout = 3000ms (default)
2019-09-17 12:22:48,220 [7689548e-5f49-4f36-9667-e46ba21e9ae3@group-C0075F260562:LeaderElection20] INFO  server.RaftServerConfigKeys (ConfUtils.java:logGet(43)) - raft.server.log.appender.install.snapshot.enabled = false (custom)
2019-09-17 12:22:48,221 [7689548e-5f49-4f36-9667-e46ba21e9ae3@group-C0075F260562:LeaderElection20] INFO  server.RaftServerConfigKeys (ConfUtils.java:logGet(43)) - raft.server.log.appender.snapshot.chunk.size.max = 16MB (=16777216) (default)
2019-09-17 12:22:48,222 [7689548e-5f49-4f36-9667-e46ba21e9ae3@group-C0075F260562:LeaderElection20] INFO  server.RaftServerConfigKeys (ConfUtils.java:logGet(43)) - raft.server.log.appender.buffer.byte-limit = 33554432 (custom)
2019-09-17 12:22:48,222 [7689548e-5f49-4f36-9667-e46ba21e9ae3@group-C0075F260562:LeaderElection20] INFO  server.RaftServerConfigKeys (ConfUtils.java:logGet(43)) - raft.server.log.appender.buffer.element-limit = 1 (custom)
2019-09-17 12:22:48,222 [7689548e-5f49-4f36-9667-e46ba21e9ae3@group-C0075F260562:LeaderElection20] INFO  grpc.GrpcConfigKeys$Server (ConfUtils.java:logGet(43)) - raft.grpc.server.leader.outstanding.appends.max = 128 (default)
2019-09-17 12:22:48,222 [7689548e-5f49-4f36-9667-e46ba21e9ae3@group-C0075F260562:LeaderElection20] INFO  server.RaftServerConfigKeys (ConfUtils.java:logGet(43)) - raft.server.rpc.request.timeout = 3000ms (default)
2019-09-17 12:22:48,223 [7689548e-5f49-4f36-9667-e46ba21e9ae3@group-C0075F260562:LeaderElection20] INFO  server.RaftServerConfigKeys (ConfUtils.java:logGet(43)) - raft.server.log.appender.install.snapshot.enabled = false (custom)
2019-09-17 12:22:48,224 [7689548e-5f49-4f36-9667-e46ba21e9ae3@group-C0075F260562:LeaderElection20] INFO  impl.RoleInfo (RoleInfo.java:updateAndGet(143)) - 7689548e-5f49-4f36-9667-e46ba21e9ae3: start LeaderState
2019-09-17 12:22:48,225 [7689548e-5f49-4f36-9667-e46ba21e9ae3@group-C0075F260562:LeaderElection20] INFO  segmented.SegmentedRaftLogWorker (SegmentedRaftLogWorker.java:startLogSegment(380)) - 7689548e-5f49-4f36-9667-e46ba21e9ae3@group-C0075F260562-SegmentedRaftLogWorker: Starting segment from index:0
2019-09-17 12:22:48,226 [7689548e-5f49-4f36-9667-e46ba21e9ae3@group-C0075F260562:LeaderElection20] INFO  impl.RaftServerImpl (ServerState.java:setRaftConf(354)) - 7689548e-5f49-4f36-9667-e46ba21e9ae3@group-C0075F260562: set configuration 0: [7689548e-5f49-4f36-9667-e46ba21e9ae3:192.168.5.130:34520, c072a5df-2c45-4bc3-84a6-bf78352fd232:192.168.5.130:39846, a5f9b548-b989-4807-80f4-ff576b54977d:192.168.5.130:40253], old=null at 0
2019-09-17 12:22:48,261 [Thread-387] INFO  impl.FollowerState (FollowerState.java:run(106)) - ed86af58-6365-40b3-a78c-ef8881f9dd1e:group-97FAE486DEE6 changes to CANDIDATE, lastRpcTime:1133, electionTimeout:1133ms
2019-09-17 12:22:48,261 [Thread-387] INFO  impl.RoleInfo (RoleInfo.java:shutdownFollowerState(121)) - ed86af58-6365-40b3-a78c-ef8881f9dd1e: shutdown FollowerState
2019-09-17 12:22:48,261 [Thread-387] INFO  impl.RaftServerImpl (RaftServerImpl.java:setRole(174)) - ed86af58-6365-40b3-a78c-ef8881f9dd1e@group-97FAE486DEE6: changes role from  FOLLOWER to CANDIDATE at term 1 for changeToCandidate
2019-09-17 12:22:48,262 [Thread-387] INFO  impl.RoleInfo (RoleInfo.java:updateAndGet(143)) - ed86af58-6365-40b3-a78c-ef8881f9dd1e: start LeaderElection
2019-09-17 12:22:48,264 [Thread-391] INFO  impl.FollowerState (FollowerState.java:run(106)) - 0cdf7b9a-92f5-4bda-bda9-a502d9c924f1:group-97FAE486DEE6 changes to CANDIDATE, lastRpcTime:1081, electionTimeout:1078ms
2019-09-17 12:22:48,264 [Thread-391] INFO  impl.RoleInfo (RoleInfo.java:shutdownFollowerState(121)) - 0cdf7b9a-92f5-4bda-bda9-a502d9c924f1: shutdown FollowerState
2019-09-17 12:22:48,264 [Thread-391] INFO  impl.RaftServerImpl (RaftServerImpl.java:setRole(174)) - 0cdf7b9a-92f5-4bda-bda9-a502d9c924f1@group-97FAE486DEE6: changes role from  FOLLOWER to CANDIDATE at term 1 for changeToCandidate
2019-09-17 12:22:48,264 [Thread-391] INFO  impl.RoleInfo (RoleInfo.java:updateAndGet(143)) - 0cdf7b9a-92f5-4bda-bda9-a502d9c924f1: start LeaderElection
2019-09-17 12:22:48,267 [7689548e-5f49-4f36-9667-e46ba21e9ae3@group-C0075F260562-SegmentedRaftLogWorker] INFO  segmented.SegmentedRaftLogWorker (SegmentedRaftLogWorker.java:execute(569)) - 7689548e-5f49-4f36-9667-e46ba21e9ae3@group-C0075F260562-SegmentedRaftLogWorker: created new log segment /tmp/workdir/hadoop-ozone/integration-test/target/test-dir/MiniOzoneClusterImpl-97cb6072-9315-4ed4-9dbe-1bfff40012a1/datanode-7/data/ratis/1bb58af4-98e7-4f4e-94d5-c0075f260562/current/log_inprogress_0
2019-09-17 12:22:48,272 [grpc-default-executor-6] INFO  impl.RaftServerImpl (ServerState.java:setLeader(253)) - a5f9b548-b989-4807-80f4-ff576b54977d@group-C0075F260562: change Leader from null to 7689548e-5f49-4f36-9667-e46ba21e9ae3 at term 2 for appendEntries, leader elected after 2566ms
2019-09-17 12:22:48,272 [grpc-default-executor-3] INFO  impl.RaftServerImpl (ServerState.java:setLeader(253)) - c072a5df-2c45-4bc3-84a6-bf78352fd232@group-C0075F260562: change Leader from null to 7689548e-5f49-4f36-9667-e46ba21e9ae3 at term 2 for appendEntries, leader elected after 2567ms
2019-09-17 12:22:48,284 [ed86af58-6365-40b3-a78c-ef8881f9dd1e@group-97FAE486DEE6:LeaderElection22] INFO  impl.LeaderElection (LeaderElection.java:askForVotes(182)) - ed86af58-6365-40b3-a78c-ef8881f9dd1e@group-97FAE486DEE6:LeaderElection22: begin an election at term 2 for -1: [ed86af58-6365-40b3-a78c-ef8881f9dd1e:192.168.5.130:38034, 0cdf7b9a-92f5-4bda-bda9-a502d9c924f1:192.168.5.130:42251, ef58021b-0245-4b2a-b464-78c332d31a33:192.168.5.130:45449], old=null
2019-09-17 12:22:48,284 [0cdf7b9a-92f5-4bda-bda9-a502d9c924f1@group-97FAE486DEE6:LeaderElection23] INFO  impl.LeaderElection (LeaderElection.java:askForVotes(182)) - 0cdf7b9a-92f5-4bda-bda9-a502d9c924f1@group-97FAE486DEE6:LeaderElection23: begin an election at term 2 for -1: [ed86af58-6365-40b3-a78c-ef8881f9dd1e:192.168.5.130:38034, 0cdf7b9a-92f5-4bda-bda9-a502d9c924f1:192.168.5.130:42251, ef58021b-0245-4b2a-b464-78c332d31a33:192.168.5.130:45449], old=null
2019-09-17 12:22:48,285 [Thread-397] INFO  impl.FollowerState (FollowerState.java:run(106)) - 84b9980c-7545-47f2-8f8d-7bdb4cb4587c:group-5D4E048AB16A changes to CANDIDATE, lastRpcTime:1042, electionTimeout:1040ms
2019-09-17 12:22:48,285 [Thread-397] INFO  impl.RoleInfo (RoleInfo.java:shutdownFollowerState(121)) - 84b9980c-7545-47f2-8f8d-7bdb4cb4587c: shutdown FollowerState
2019-09-17 12:22:48,285 [Thread-397] INFO  impl.RaftServerImpl (RaftServerImpl.java:setRole(174)) - 84b9980c-7545-47f2-8f8d-7bdb4cb4587c@group-5D4E048AB16A: changes role from  FOLLOWER to CANDIDATE at term 1 for changeToCandidate
2019-09-17 12:22:48,285 [Thread-397] INFO  impl.RoleInfo (RoleInfo.java:updateAndGet(143)) - 84b9980c-7545-47f2-8f8d-7bdb4cb4587c: start LeaderElection
2019-09-17 12:22:48,287 [grpc-default-executor-5] INFO  impl.RaftServerImpl (RaftServerImpl.java:setRole(174)) - ef58021b-0245-4b2a-b464-78c332d31a33@group-97FAE486DEE6: changes role from  FOLLOWER to FOLLOWER at term 2 for recognizeCandidate:ed86af58-6365-40b3-a78c-ef8881f9dd1e
2019-09-17 12:22:48,287 [grpc-default-executor-5] INFO  impl.RoleInfo (RoleInfo.java:shutdownFollowerState(121)) - ef58021b-0245-4b2a-b464-78c332d31a33: shutdown FollowerState
2019-09-17 12:22:48,287 [grpc-default-executor-5] INFO  impl.RoleInfo (RoleInfo.java:updateAndGet(143)) - ef58021b-0245-4b2a-b464-78c332d31a33: start FollowerState
2019-09-17 12:22:48,287 [Thread-386] INFO  impl.FollowerState (FollowerState.java:run(115)) - ef58021b-0245-4b2a-b464-78c332d31a33: FollowerState was interrupted: java.lang.InterruptedException: sleep interrupted
2019-09-17 12:22:48,300 [grpc-default-executor-1] INFO  impl.RaftServerImpl (ServerState.java:setRaftConf(354)) - c072a5df-2c45-4bc3-84a6-bf78352fd232@group-C0075F260562: set configuration 0: [7689548e-5f49-4f36-9667-e46ba21e9ae3:192.168.5.130:34520, c072a5df-2c45-4bc3-84a6-bf78352fd232:192.168.5.130:39846, a5f9b548-b989-4807-80f4-ff576b54977d:192.168.5.130:40253], old=null at 0
2019-09-17 12:22:48,300 [grpc-default-executor-3] INFO  impl.RaftServerImpl (ServerState.java:setRaftConf(354)) - a5f9b548-b989-4807-80f4-ff576b54977d@group-C0075F260562: set configuration 0: [7689548e-5f49-4f36-9667-e46ba21e9ae3:192.168.5.130:34520, c072a5df-2c45-4bc3-84a6-bf78352fd232:192.168.5.130:39846, a5f9b548-b989-4807-80f4-ff576b54977d:192.168.5.130:40253], old=null at 0
2019-09-17 12:22:48,300 [grpc-default-executor-1] INFO  segmented.SegmentedRaftLogWorker (SegmentedRaftLogWorker.java:startLogSegment(380)) - c072a5df-2c45-4bc3-84a6-bf78352fd232@group-C0075F260562-SegmentedRaftLogWorker: Starting segment from index:0
2019-09-17 12:22:48,301 [grpc-default-executor-3] INFO  segmented.SegmentedRaftLogWorker (SegmentedRaftLogWorker.java:startLogSegment(380)) - a5f9b548-b989-4807-80f4-ff576b54977d@group-C0075F260562-SegmentedRaftLogWorker: Starting segment from index:0
2019-09-17 12:22:48,301 [84b9980c-7545-47f2-8f8d-7bdb4cb4587c@group-5D4E048AB16A:LeaderElection24] INFO  impl.LeaderElection (LeaderElection.java:askForVotes(182)) - 84b9980c-7545-47f2-8f8d-7bdb4cb4587c@group-5D4E048AB16A:LeaderElection24: begin an election at term 2 for -1: [89060399-4494-4f9b-b1c5-9635c65f7453:192.168.5.130:44284, 84b9980c-7545-47f2-8f8d-7bdb4cb4587c:192.168.5.130:43486, ba884459-fbaf-490e-9b71-3c718ea82914:192.168.5.130:43469], old=null
2019-09-17 12:22:48,303 [0cdf7b9a-92f5-4bda-bda9-a502d9c924f1@group-97FAE486DEE6:LeaderElection23] INFO  impl.LeaderElection (LeaderElection.java:logAndReturn(56)) - 0cdf7b9a-92f5-4bda-bda9-a502d9c924f1@group-97FAE486DEE6:LeaderElection23: Election REJECTED; received 2 response(s) [0cdf7b9a-92f5-4bda-bda9-a502d9c924f1<-ed86af58-6365-40b3-a78c-ef8881f9dd1e#0:FAIL-t2, 0cdf7b9a-92f5-4bda-bda9-a502d9c924f1<-ef58021b-0245-4b2a-b464-78c332d31a33#0:FAIL-t2] and 0 exception(s); 0cdf7b9a-92f5-4bda-bda9-a502d9c924f1@group-97FAE486DEE6:t2, leader=null, voted=0cdf7b9a-92f5-4bda-bda9-a502d9c924f1, raftlog=0cdf7b9a-92f5-4bda-bda9-a502d9c924f1@group-97FAE486DEE6-SegmentedRaftLog:OPENED:c-1,f-1,i0, conf=-1: [ed86af58-6365-40b3-a78c-ef8881f9dd1e:192.168.5.130:38034, 0cdf7b9a-92f5-4bda-bda9-a502d9c924f1:192.168.5.130:42251, ef58021b-0245-4b2a-b464-78c332d31a33:192.168.5.130:45449], old=null
2019-09-17 12:22:48,303 [ed86af58-6365-40b3-a78c-ef8881f9dd1e@group-97FAE486DEE6:LeaderElection22] INFO  impl.LeaderElection (LeaderElection.java:logAndReturn(56)) - ed86af58-6365-40b3-a78c-ef8881f9dd1e@group-97FAE486DEE6:LeaderElection22: Election PASSED; received 2 response(s) [ed86af58-6365-40b3-a78c-ef8881f9dd1e<-0cdf7b9a-92f5-4bda-bda9-a502d9c924f1#0:FAIL-t2, ed86af58-6365-40b3-a78c-ef8881f9dd1e<-ef58021b-0245-4b2a-b464-78c332d31a33#0:OK-t2] and 0 exception(s); ed86af58-6365-40b3-a78c-ef8881f9dd1e@group-97FAE486DEE6:t2, leader=null, voted=ed86af58-6365-40b3-a78c-ef8881f9dd1e, raftlog=ed86af58-6365-40b3-a78c-ef8881f9dd1e@group-97FAE486DEE6-SegmentedRaftLog:OPENED:c-1,f-1,i0, conf=-1: [ed86af58-6365-40b3-a78c-ef8881f9dd1e:192.168.5.130:38034, 0cdf7b9a-92f5-4bda-bda9-a502d9c924f1:192.168.5.130:42251, ef58021b-0245-4b2a-b464-78c332d31a33:192.168.5.130:45449], old=null
2019-09-17 12:22:48,303 [0cdf7b9a-92f5-4bda-bda9-a502d9c924f1@group-97FAE486DEE6:LeaderElection23] INFO  impl.RaftServerImpl (RaftServerImpl.java:setRole(174)) - 0cdf7b9a-92f5-4bda-bda9-a502d9c924f1@group-97FAE486DEE6: changes role from CANDIDATE to FOLLOWER at term 2 for DISCOVERED_A_NEW_TERM
2019-09-17 12:22:48,330 [ed86af58-6365-40b3-a78c-ef8881f9dd1e@group-97FAE486DEE6:LeaderElection22] INFO  impl.RoleInfo (RoleInfo.java:shutdownLeaderElection(134)) - ed86af58-6365-40b3-a78c-ef8881f9dd1e: shutdown LeaderElection
2019-09-17 12:22:48,333 [0cdf7b9a-92f5-4bda-bda9-a502d9c924f1@group-97FAE486DEE6:LeaderElection23] INFO  impl.RoleInfo (RoleInfo.java:shutdownLeaderElection(134)) - 0cdf7b9a-92f5-4bda-bda9-a502d9c924f1: shutdown LeaderElection
2019-09-17 12:22:48,334 [ed86af58-6365-40b3-a78c-ef8881f9dd1e@group-97FAE486DEE6:LeaderElection22] INFO  impl.RaftServerImpl (RaftServerImpl.java:setRole(174)) - ed86af58-6365-40b3-a78c-ef8881f9dd1e@group-97FAE486DEE6: changes role from CANDIDATE to LEADER at term 2 for changeToLeader
2019-09-17 12:22:48,335 [ed86af58-6365-40b3-a78c-ef8881f9dd1e@group-97FAE486DEE6:LeaderElection22] INFO  impl.RaftServerImpl (ServerState.java:setLeader(253)) - ed86af58-6365-40b3-a78c-ef8881f9dd1e@group-97FAE486DEE6: change Leader from null to ed86af58-6365-40b3-a78c-ef8881f9dd1e at term 2 for becomeLeader, leader elected after 2469ms
2019-09-17 12:22:48,335 [0cdf7b9a-92f5-4bda-bda9-a502d9c924f1@group-97FAE486DEE6:LeaderElection23] INFO  impl.RoleInfo (RoleInfo.java:updateAndGet(143)) - 0cdf7b9a-92f5-4bda-bda9-a502d9c924f1: start FollowerState
2019-09-17 12:22:48,335 [ed86af58-6365-40b3-a78c-ef8881f9dd1e@group-97FAE486DEE6:LeaderElection22] INFO  server.RaftServerConfigKeys (ConfUtils.java:logGet(43)) - raft.server.staging.catchup.gap = 1000 (default)
2019-09-17 12:22:48,335 [grpc-default-executor-6] INFO  impl.RaftServerImpl (RaftServerImpl.java:setRole(174)) - 89060399-4494-4f9b-b1c5-9635c65f7453@group-5D4E048AB16A: changes role from  FOLLOWER to FOLLOWER at term 2 for recognizeCandidate:84b9980c-7545-47f2-8f8d-7bdb4cb4587c
2019-09-17 12:22:48,342 [ed86af58-6365-40b3-a78c-ef8881f9dd1e@group-97FAE486DEE6:LeaderElection22] INFO  server.RaftServerConfigKeys (ConfUtils.java:logGet(43)) - raft.server.rpc.sleep.time = 25ms (default)
2019-09-17 12:22:48,342 [grpc-default-executor-5] INFO  impl.RaftServerImpl (RaftServerImpl.java:setRole(174)) - ba884459-fbaf-490e-9b71-3c718ea82914@group-5D4E048AB16A: changes role from  FOLLOWER to FOLLOWER at term 2 for recognizeCandidate:84b9980c-7545-47f2-8f8d-7bdb4cb4587c
2019-09-17 12:22:48,342 [ed86af58-6365-40b3-a78c-ef8881f9dd1e@group-97FAE486DEE6:LeaderElection22] INFO  server.RaftServerConfigKeys (ConfUtils.java:logGet(43)) - raft.server.write.element-limit = 4096 (default)
2019-09-17 12:22:48,342 [grpc-default-executor-6] INFO  impl.RoleInfo (RoleInfo.java:shutdownFollowerState(121)) - 89060399-4494-4f9b-b1c5-9635c65f7453: shutdown FollowerState
2019-09-17 12:22:48,342 [ed86af58-6365-40b3-a78c-ef8881f9dd1e@group-97FAE486DEE6:LeaderElection22] INFO  server.RaftServerConfigKeys (ConfUtils.java:logGet(43)) - raft.server.watch.timeout = 10s (default)
2019-09-17 12:22:48,343 [Thread-400] INFO  impl.FollowerState (FollowerState.java:run(115)) - 89060399-4494-4f9b-b1c5-9635c65f7453: FollowerState was interrupted: java.lang.InterruptedException: sleep interrupted
2019-09-17 12:22:48,342 [grpc-default-executor-5] INFO  impl.RoleInfo (RoleInfo.java:shutdownFollowerState(121)) - ba884459-fbaf-490e-9b71-3c718ea82914: shutdown FollowerState
2019-09-17 12:22:48,343 [ed86af58-6365-40b3-a78c-ef8881f9dd1e@group-97FAE486DEE6:LeaderElection22] INFO  server.RaftServerConfigKeys (ConfUtils.java:logGet(43)) - raft.server.watch.timeout.denomination = 1s (default)
2019-09-17 12:22:48,343 [ed86af58-6365-40b3-a78c-ef8881f9dd1e@group-97FAE486DEE6:LeaderElection22] INFO  server.RaftServerConfigKeys (ConfUtils.java:logGet(43)) - raft.server.watch.element-limit = 65536 (default)
2019-09-17 12:22:48,343 [grpc-default-executor-6] INFO  impl.RoleInfo (RoleInfo.java:updateAndGet(143)) - 89060399-4494-4f9b-b1c5-9635c65f7453: start FollowerState
2019-09-17 12:22:48,343 [grpc-default-executor-5] INFO  impl.RoleInfo (RoleInfo.java:updateAndGet(143)) - ba884459-fbaf-490e-9b71-3c718ea82914: start FollowerState
2019-09-17 12:22:48,343 [Thread-398] INFO  impl.FollowerState (FollowerState.java:run(115)) - ba884459-fbaf-490e-9b71-3c718ea82914: FollowerState was interrupted: java.lang.InterruptedException: sleep interrupted
2019-09-17 12:22:48,345 [ed86af58-6365-40b3-a78c-ef8881f9dd1e@group-97FAE486DEE6:LeaderElection22] INFO  server.RaftServerConfigKeys (ConfUtils.java:logGet(43)) - raft.server.log.appender.snapshot.chunk.size.max = 16MB (=16777216) (default)
2019-09-17 12:22:48,345 [ed86af58-6365-40b3-a78c-ef8881f9dd1e@group-97FAE486DEE6:LeaderElection22] INFO  server.RaftServerConfigKeys (ConfUtils.java:logGet(43)) - raft.server.log.appender.buffer.byte-limit = 33554432 (custom)
2019-09-17 12:22:48,345 [ed86af58-6365-40b3-a78c-ef8881f9dd1e@group-97FAE486DEE6:LeaderElection22] INFO  server.RaftServerConfigKeys (ConfUtils.java:logGet(43)) - raft.server.log.appender.buffer.element-limit = 1 (custom)
2019-09-17 12:22:48,345 [ed86af58-6365-40b3-a78c-ef8881f9dd1e@group-97FAE486DEE6:LeaderElection22] INFO  grpc.GrpcConfigKeys$Server (ConfUtils.java:logGet(43)) - raft.grpc.server.leader.outstanding.appends.max = 128 (default)
2019-09-17 12:22:48,348 [ed86af58-6365-40b3-a78c-ef8881f9dd1e@group-97FAE486DEE6:LeaderElection22] INFO  server.RaftServerConfigKeys (ConfUtils.java:logGet(43)) - raft.server.rpc.request.timeout = 3000ms (default)
2019-09-17 12:22:48,348 [ed86af58-6365-40b3-a78c-ef8881f9dd1e@group-97FAE486DEE6:LeaderElection22] INFO  server.RaftServerConfigKeys (ConfUtils.java:logGet(43)) - raft.server.log.appender.install.snapshot.enabled = false (custom)
2019-09-17 12:22:48,348 [ed86af58-6365-40b3-a78c-ef8881f9dd1e@group-97FAE486DEE6:LeaderElection22] INFO  server.RaftServerConfigKeys (ConfUtils.java:logGet(43)) - raft.server.log.appender.snapshot.chunk.size.max = 16MB (=16777216) (default)
2019-09-17 12:22:48,348 [ed86af58-6365-40b3-a78c-ef8881f9dd1e@group-97FAE486DEE6:LeaderElection22] INFO  server.RaftServerConfigKeys (ConfUtils.java:logGet(43)) - raft.server.log.appender.buffer.byte-limit = 33554432 (custom)
2019-09-17 12:22:48,348 [ed86af58-6365-40b3-a78c-ef8881f9dd1e@group-97FAE486DEE6:LeaderElection22] INFO  server.RaftServerConfigKeys (ConfUtils.java:logGet(43)) - raft.server.log.appender.buffer.element-limit = 1 (custom)
2019-09-17 12:22:48,348 [ed86af58-6365-40b3-a78c-ef8881f9dd1e@group-97FAE486DEE6:LeaderElection22] INFO  grpc.GrpcConfigKeys$Server (ConfUtils.java:logGet(43)) - raft.grpc.server.leader.outstanding.appends.max = 128 (default)
2019-09-17 12:22:48,349 [ed86af58-6365-40b3-a78c-ef8881f9dd1e@group-97FAE486DEE6:LeaderElection22] INFO  server.RaftServerConfigKeys (ConfUtils.java:logGet(43)) - raft.server.rpc.request.timeout = 3000ms (default)
2019-09-17 12:22:48,349 [ed86af58-6365-40b3-a78c-ef8881f9dd1e@group-97FAE486DEE6:LeaderElection22] INFO  server.RaftServerConfigKeys (ConfUtils.java:logGet(43)) - raft.server.log.appender.install.snapshot.enabled = false (custom)
2019-09-17 12:22:48,349 [ed86af58-6365-40b3-a78c-ef8881f9dd1e@group-97FAE486DEE6:LeaderElection22] INFO  impl.RoleInfo (RoleInfo.java:updateAndGet(143)) - ed86af58-6365-40b3-a78c-ef8881f9dd1e: start LeaderState
2019-09-17 12:22:48,349 [ed86af58-6365-40b3-a78c-ef8881f9dd1e@group-97FAE486DEE6:LeaderElection22] INFO  segmented.SegmentedRaftLogWorker (SegmentedRaftLogWorker.java:startLogSegment(380)) - ed86af58-6365-40b3-a78c-ef8881f9dd1e@group-97FAE486DEE6-SegmentedRaftLogWorker: Starting segment from index:0
2019-09-17 12:22:48,350 [ed86af58-6365-40b3-a78c-ef8881f9dd1e@group-97FAE486DEE6:LeaderElection22] INFO  impl.RaftServerImpl (ServerState.java:setRaftConf(354)) - ed86af58-6365-40b3-a78c-ef8881f9dd1e@group-97FAE486DEE6: set configuration 0: [ed86af58-6365-40b3-a78c-ef8881f9dd1e:192.168.5.130:38034, 0cdf7b9a-92f5-4bda-bda9-a502d9c924f1:192.168.5.130:42251, ef58021b-0245-4b2a-b464-78c332d31a33:192.168.5.130:45449], old=null at 0
2019-09-17 12:22:48,378 [c072a5df-2c45-4bc3-84a6-bf78352fd232@group-C0075F260562-SegmentedRaftLogWorker] INFO  segmented.SegmentedRaftLogWorker (SegmentedRaftLogWorker.java:execute(569)) - c072a5df-2c45-4bc3-84a6-bf78352fd232@group-C0075F260562-SegmentedRaftLogWorker: created new log segment /tmp/workdir/hadoop-ozone/integration-test/target/test-dir/MiniOzoneClusterImpl-97cb6072-9315-4ed4-9dbe-1bfff40012a1/datanode-4/data/ratis/1bb58af4-98e7-4f4e-94d5-c0075f260562/current/log_inprogress_0
2019-09-17 12:22:48,378 [a5f9b548-b989-4807-80f4-ff576b54977d@group-C0075F260562-SegmentedRaftLogWorker] INFO  segmented.SegmentedRaftLogWorker (SegmentedRaftLogWorker.java:execute(569)) - a5f9b548-b989-4807-80f4-ff576b54977d@group-C0075F260562-SegmentedRaftLogWorker: created new log segment /tmp/workdir/hadoop-ozone/integration-test/target/test-dir/MiniOzoneClusterImpl-97cb6072-9315-4ed4-9dbe-1bfff40012a1/datanode-5/data/ratis/1bb58af4-98e7-4f4e-94d5-c0075f260562/current/log_inprogress_0
2019-09-17 12:22:48,379 [84b9980c-7545-47f2-8f8d-7bdb4cb4587c@group-5D4E048AB16A:LeaderElection24] INFO  impl.LeaderElection (LeaderElection.java:logAndReturn(56)) - 84b9980c-7545-47f2-8f8d-7bdb4cb4587c@group-5D4E048AB16A:LeaderElection24: Election PASSED; received 1 response(s) [84b9980c-7545-47f2-8f8d-7bdb4cb4587c<-ba884459-fbaf-490e-9b71-3c718ea82914#0:OK-t2] and 0 exception(s); 84b9980c-7545-47f2-8f8d-7bdb4cb4587c@group-5D4E048AB16A:t2, leader=null, voted=84b9980c-7545-47f2-8f8d-7bdb4cb4587c, raftlog=84b9980c-7545-47f2-8f8d-7bdb4cb4587c@group-5D4E048AB16A-SegmentedRaftLog:OPENED:c-1,f-1,i0, conf=-1: [89060399-4494-4f9b-b1c5-9635c65f7453:192.168.5.130:44284, 84b9980c-7545-47f2-8f8d-7bdb4cb4587c:192.168.5.130:43486, ba884459-fbaf-490e-9b71-3c718ea82914:192.168.5.130:43469], old=null
2019-09-17 12:22:48,380 [84b9980c-7545-47f2-8f8d-7bdb4cb4587c@group-5D4E048AB16A:LeaderElection24] INFO  impl.RoleInfo (RoleInfo.java:shutdownLeaderElection(134)) - 84b9980c-7545-47f2-8f8d-7bdb4cb4587c: shutdown LeaderElection
2019-09-17 12:22:48,380 [84b9980c-7545-47f2-8f8d-7bdb4cb4587c@group-5D4E048AB16A:LeaderElection24] INFO  impl.RaftServerImpl (RaftServerImpl.java:setRole(174)) - 84b9980c-7545-47f2-8f8d-7bdb4cb4587c@group-5D4E048AB16A: changes role from CANDIDATE to LEADER at term 2 for changeToLeader
2019-09-17 12:22:48,380 [grpc-default-executor-6] INFO  impl.RaftServerImpl (ServerState.java:setLeader(253)) - 0cdf7b9a-92f5-4bda-bda9-a502d9c924f1@group-97FAE486DEE6: change Leader from null to ed86af58-6365-40b3-a78c-ef8881f9dd1e at term 2 for appendEntries, leader elected after 2514ms
2019-09-17 12:22:48,380 [84b9980c-7545-47f2-8f8d-7bdb4cb4587c@group-5D4E048AB16A:LeaderElection24] INFO  impl.RaftServerImpl (ServerState.java:setLeader(253)) - 84b9980c-7545-47f2-8f8d-7bdb4cb4587c@group-5D4E048AB16A: change Leader from null to 84b9980c-7545-47f2-8f8d-7bdb4cb4587c at term 2 for becomeLeader, leader elected after 2388ms
2019-09-17 12:22:48,382 [grpc-default-executor-5] INFO  impl.RaftServerImpl (ServerState.java:setLeader(253)) - ef58021b-0245-4b2a-b464-78c332d31a33@group-97FAE486DEE6: change Leader from null to ed86af58-6365-40b3-a78c-ef8881f9dd1e at term 2 for appendEntries, leader elected after 2517ms
2019-09-17 12:22:48,382 [84b9980c-7545-47f2-8f8d-7bdb4cb4587c@group-5D4E048AB16A:LeaderElection24] INFO  server.RaftServerConfigKeys (ConfUtils.java:logGet(43)) - raft.server.staging.catchup.gap = 1000 (default)
2019-09-17 12:22:48,384 [84b9980c-7545-47f2-8f8d-7bdb4cb4587c@group-5D4E048AB16A:LeaderElection24] INFO  server.RaftServerConfigKeys (ConfUtils.java:logGet(43)) - raft.server.rpc.sleep.time = 25ms (default)
2019-09-17 12:22:48,385 [84b9980c-7545-47f2-8f8d-7bdb4cb4587c@group-5D4E048AB16A:LeaderElection24] INFO  server.RaftServerConfigKeys (ConfUtils.java:logGet(43)) - raft.server.write.element-limit = 4096 (default)
2019-09-17 12:22:48,385 [84b9980c-7545-47f2-8f8d-7bdb4cb4587c@group-5D4E048AB16A:LeaderElection24] INFO  server.RaftServerConfigKeys (ConfUtils.java:logGet(43)) - raft.server.watch.timeout = 10s (default)
2019-09-17 12:22:48,385 [84b9980c-7545-47f2-8f8d-7bdb4cb4587c@group-5D4E048AB16A:LeaderElection24] INFO  server.RaftServerConfigKeys (ConfUtils.java:logGet(43)) - raft.server.watch.timeout.denomination = 1s (default)
2019-09-17 12:22:48,385 [84b9980c-7545-47f2-8f8d-7bdb4cb4587c@group-5D4E048AB16A:LeaderElection24] INFO  server.RaftServerConfigKeys (ConfUtils.java:logGet(43)) - raft.server.watch.element-limit = 65536 (default)
2019-09-17 12:22:48,386 [grpc-default-executor-6] INFO  impl.RaftServerImpl (ServerState.java:setRaftConf(354)) - 0cdf7b9a-92f5-4bda-bda9-a502d9c924f1@group-97FAE486DEE6: set configuration 0: [ed86af58-6365-40b3-a78c-ef8881f9dd1e:192.168.5.130:38034, 0cdf7b9a-92f5-4bda-bda9-a502d9c924f1:192.168.5.130:42251, ef58021b-0245-4b2a-b464-78c332d31a33:192.168.5.130:45449], old=null at 0
2019-09-17 12:22:48,387 [grpc-default-executor-6] INFO  segmented.SegmentedRaftLogWorker (SegmentedRaftLogWorker.java:startLogSegment(380)) - 0cdf7b9a-92f5-4bda-bda9-a502d9c924f1@group-97FAE486DEE6-SegmentedRaftLogWorker: Starting segment from index:0
2019-09-17 12:22:48,388 [grpc-default-executor-6] INFO  impl.RaftServerImpl (ServerState.java:setRaftConf(354)) - ef58021b-0245-4b2a-b464-78c332d31a33@group-97FAE486DEE6: set configuration 0: [ed86af58-6365-40b3-a78c-ef8881f9dd1e:192.168.5.130:38034, 0cdf7b9a-92f5-4bda-bda9-a502d9c924f1:192.168.5.130:42251, ef58021b-0245-4b2a-b464-78c332d31a33:192.168.5.130:45449], old=null at 0
2019-09-17 12:22:48,388 [84b9980c-7545-47f2-8f8d-7bdb4cb4587c@group-5D4E048AB16A:LeaderElection24] INFO  server.RaftServerConfigKeys (ConfUtils.java:logGet(43)) - raft.server.log.appender.snapshot.chunk.size.max = 16MB (=16777216) (default)
2019-09-17 12:22:48,388 [grpc-default-executor-6] INFO  segmented.SegmentedRaftLogWorker (SegmentedRaftLogWorker.java:startLogSegment(380)) - ef58021b-0245-4b2a-b464-78c332d31a33@group-97FAE486DEE6-SegmentedRaftLogWorker: Starting segment from index:0
2019-09-17 12:22:48,389 [84b9980c-7545-47f2-8f8d-7bdb4cb4587c@group-5D4E048AB16A:LeaderElection24] INFO  server.RaftServerConfigKeys (ConfUtils.java:logGet(43)) - raft.server.log.appender.buffer.byte-limit = 33554432 (custom)
2019-09-17 12:22:48,389 [84b9980c-7545-47f2-8f8d-7bdb4cb4587c@group-5D4E048AB16A:LeaderElection24] INFO  server.RaftServerConfigKeys (ConfUtils.java:logGet(43)) - raft.server.log.appender.buffer.element-limit = 1 (custom)
2019-09-17 12:22:48,389 [84b9980c-7545-47f2-8f8d-7bdb4cb4587c@group-5D4E048AB16A:LeaderElection24] INFO  grpc.GrpcConfigKeys$Server (ConfUtils.java:logGet(43)) - raft.grpc.server.leader.outstanding.appends.max = 128 (default)
2019-09-17 12:22:48,390 [84b9980c-7545-47f2-8f8d-7bdb4cb4587c@group-5D4E048AB16A:LeaderElection24] INFO  server.RaftServerConfigKeys (ConfUtils.java:logGet(43)) - raft.server.rpc.request.timeout = 3000ms (default)
2019-09-17 12:22:48,390 [84b9980c-7545-47f2-8f8d-7bdb4cb4587c@group-5D4E048AB16A:LeaderElection24] INFO  server.RaftServerConfigKeys (ConfUtils.java:logGet(43)) - raft.server.log.appender.install.snapshot.enabled = false (custom)
2019-09-17 12:22:48,390 [84b9980c-7545-47f2-8f8d-7bdb4cb4587c@group-5D4E048AB16A:LeaderElection24] INFO  server.RaftServerConfigKeys (ConfUtils.java:logGet(43)) - raft.server.log.appender.snapshot.chunk.size.max = 16MB (=16777216) (default)
2019-09-17 12:22:48,390 [84b9980c-7545-47f2-8f8d-7bdb4cb4587c@group-5D4E048AB16A:LeaderElection24] INFO  server.RaftServerConfigKeys (ConfUtils.java:logGet(43)) - raft.server.log.appender.buffer.byte-limit = 33554432 (custom)
2019-09-17 12:22:48,391 [84b9980c-7545-47f2-8f8d-7bdb4cb4587c@group-5D4E048AB16A:LeaderElection24] INFO  server.RaftServerConfigKeys (ConfUtils.java:logGet(43)) - raft.server.log.appender.buffer.element-limit = 1 (custom)
2019-09-17 12:22:48,391 [84b9980c-7545-47f2-8f8d-7bdb4cb4587c@group-5D4E048AB16A:LeaderElection24] INFO  grpc.GrpcConfigKeys$Server (ConfUtils.java:logGet(43)) - raft.grpc.server.leader.outstanding.appends.max = 128 (default)
2019-09-17 12:22:48,391 [84b9980c-7545-47f2-8f8d-7bdb4cb4587c@group-5D4E048AB16A:LeaderElection24] INFO  server.RaftServerConfigKeys (ConfUtils.java:logGet(43)) - raft.server.rpc.request.timeout = 3000ms (default)
2019-09-17 12:22:48,391 [84b9980c-7545-47f2-8f8d-7bdb4cb4587c@group-5D4E048AB16A:LeaderElection24] INFO  server.RaftServerConfigKeys (ConfUtils.java:logGet(43)) - raft.server.log.appender.install.snapshot.enabled = false (custom)
2019-09-17 12:22:48,392 [84b9980c-7545-47f2-8f8d-7bdb4cb4587c@group-5D4E048AB16A:LeaderElection24] INFO  impl.RoleInfo (RoleInfo.java:updateAndGet(143)) - 84b9980c-7545-47f2-8f8d-7bdb4cb4587c: start LeaderState
2019-09-17 12:22:48,392 [84b9980c-7545-47f2-8f8d-7bdb4cb4587c@group-5D4E048AB16A:LeaderElection24] INFO  segmented.SegmentedRaftLogWorker (SegmentedRaftLogWorker.java:startLogSegment(380)) - 84b9980c-7545-47f2-8f8d-7bdb4cb4587c@group-5D4E048AB16A-SegmentedRaftLogWorker: Starting segment from index:0
2019-09-17 12:22:48,393 [84b9980c-7545-47f2-8f8d-7bdb4cb4587c@group-5D4E048AB16A:LeaderElection24] INFO  impl.RaftServerImpl (ServerState.java:setRaftConf(354)) - 84b9980c-7545-47f2-8f8d-7bdb4cb4587c@group-5D4E048AB16A: set configuration 0: [89060399-4494-4f9b-b1c5-9635c65f7453:192.168.5.130:44284, 84b9980c-7545-47f2-8f8d-7bdb4cb4587c:192.168.5.130:43486, ba884459-fbaf-490e-9b71-3c718ea82914:192.168.5.130:43469], old=null at 0
2019-09-17 12:22:48,395 [ed86af58-6365-40b3-a78c-ef8881f9dd1e@group-97FAE486DEE6-SegmentedRaftLogWorker] INFO  segmented.SegmentedRaftLogWorker (SegmentedRaftLogWorker.java:execute(569)) - ed86af58-6365-40b3-a78c-ef8881f9dd1e@group-97FAE486DEE6-SegmentedRaftLogWorker: created new log segment /tmp/workdir/hadoop-ozone/integration-test/target/test-dir/MiniOzoneClusterImpl-97cb6072-9315-4ed4-9dbe-1bfff40012a1/datanode-1/data/ratis/9b5a26d8-4bf8-4066-8c9b-97fae486dee6/current/log_inprogress_0
2019-09-17 12:22:48,395 [grpc-default-executor-6] INFO  impl.RaftServerImpl (ServerState.java:setLeader(253)) - 89060399-4494-4f9b-b1c5-9635c65f7453@group-5D4E048AB16A: change Leader from null to 84b9980c-7545-47f2-8f8d-7bdb4cb4587c at term 2 for appendEntries, leader elected after 2402ms
2019-09-17 12:22:48,395 [grpc-default-executor-1] INFO  impl.RaftServerImpl (ServerState.java:setLeader(253)) - ba884459-fbaf-490e-9b71-3c718ea82914@group-5D4E048AB16A: change Leader from null to 84b9980c-7545-47f2-8f8d-7bdb4cb4587c at term 2 for appendEntries, leader elected after 2402ms
2019-09-17 12:22:48,398 [grpc-default-executor-6] INFO  impl.RaftServerImpl (ServerState.java:setRaftConf(354)) - 89060399-4494-4f9b-b1c5-9635c65f7453@group-5D4E048AB16A: set configuration 0: [89060399-4494-4f9b-b1c5-9635c65f7453:192.168.5.130:44284, 84b9980c-7545-47f2-8f8d-7bdb4cb4587c:192.168.5.130:43486, ba884459-fbaf-490e-9b71-3c718ea82914:192.168.5.130:43469], old=null at 0
2019-09-17 12:22:48,399 [grpc-default-executor-6] INFO  segmented.SegmentedRaftLogWorker (SegmentedRaftLogWorker.java:startLogSegment(380)) - 89060399-4494-4f9b-b1c5-9635c65f7453@group-5D4E048AB16A-SegmentedRaftLogWorker: Starting segment from index:0
2019-09-17 12:22:48,399 [grpc-default-executor-1] INFO  impl.RaftServerImpl (ServerState.java:setRaftConf(354)) - ba884459-fbaf-490e-9b71-3c718ea82914@group-5D4E048AB16A: set configuration 0: [89060399-4494-4f9b-b1c5-9635c65f7453:192.168.5.130:44284, 84b9980c-7545-47f2-8f8d-7bdb4cb4587c:192.168.5.130:43486, ba884459-fbaf-490e-9b71-3c718ea82914:192.168.5.130:43469], old=null at 0
2019-09-17 12:22:48,399 [grpc-default-executor-1] INFO  segmented.SegmentedRaftLogWorker (SegmentedRaftLogWorker.java:startLogSegment(380)) - ba884459-fbaf-490e-9b71-3c718ea82914@group-5D4E048AB16A-SegmentedRaftLogWorker: Starting segment from index:0
2019-09-17 12:22:48,454 [0cdf7b9a-92f5-4bda-bda9-a502d9c924f1@group-97FAE486DEE6-SegmentedRaftLogWorker] INFO  segmented.SegmentedRaftLogWorker (SegmentedRaftLogWorker.java:execute(569)) - 0cdf7b9a-92f5-4bda-bda9-a502d9c924f1@group-97FAE486DEE6-SegmentedRaftLogWorker: created new log segment /tmp/workdir/hadoop-ozone/integration-test/target/test-dir/MiniOzoneClusterImpl-97cb6072-9315-4ed4-9dbe-1bfff40012a1/datanode-9/data/ratis/9b5a26d8-4bf8-4066-8c9b-97fae486dee6/current/log_inprogress_0
2019-09-17 12:22:48,454 [84b9980c-7545-47f2-8f8d-7bdb4cb4587c@group-5D4E048AB16A-SegmentedRaftLogWorker] INFO  segmented.SegmentedRaftLogWorker (SegmentedRaftLogWorker.java:execute(569)) - 84b9980c-7545-47f2-8f8d-7bdb4cb4587c@group-5D4E048AB16A-SegmentedRaftLogWorker: created new log segment /tmp/workdir/hadoop-ozone/integration-test/target/test-dir/MiniOzoneClusterImpl-97cb6072-9315-4ed4-9dbe-1bfff40012a1/datanode-8/data/ratis/ee2470e8-a619-46fb-ab4b-5d4e048ab16a/current/log_inprogress_0
2019-09-17 12:22:48,454 [ba884459-fbaf-490e-9b71-3c718ea82914@group-5D4E048AB16A-SegmentedRaftLogWorker] INFO  segmented.SegmentedRaftLogWorker (SegmentedRaftLogWorker.java:execute(569)) - ba884459-fbaf-490e-9b71-3c718ea82914@group-5D4E048AB16A-SegmentedRaftLogWorker: created new log segment /tmp/workdir/hadoop-ozone/integration-test/target/test-dir/MiniOzoneClusterImpl-97cb6072-9315-4ed4-9dbe-1bfff40012a1/datanode-0/data/ratis/ee2470e8-a619-46fb-ab4b-5d4e048ab16a/current/log_inprogress_0
2019-09-17 12:22:48,454 [89060399-4494-4f9b-b1c5-9635c65f7453@group-5D4E048AB16A-SegmentedRaftLogWorker] INFO  segmented.SegmentedRaftLogWorker (SegmentedRaftLogWorker.java:execute(569)) - 89060399-4494-4f9b-b1c5-9635c65f7453@group-5D4E048AB16A-SegmentedRaftLogWorker: created new log segment /tmp/workdir/hadoop-ozone/integration-test/target/test-dir/MiniOzoneClusterImpl-97cb6072-9315-4ed4-9dbe-1bfff40012a1/datanode-2/data/ratis/ee2470e8-a619-46fb-ab4b-5d4e048ab16a/current/log_inprogress_0
2019-09-17 12:22:48,454 [ef58021b-0245-4b2a-b464-78c332d31a33@group-97FAE486DEE6-SegmentedRaftLogWorker] INFO  segmented.SegmentedRaftLogWorker (SegmentedRaftLogWorker.java:execute(569)) - ef58021b-0245-4b2a-b464-78c332d31a33@group-97FAE486DEE6-SegmentedRaftLogWorker: created new log segment /tmp/workdir/hadoop-ozone/integration-test/target/test-dir/MiniOzoneClusterImpl-97cb6072-9315-4ed4-9dbe-1bfff40012a1/datanode-6/data/ratis/9b5a26d8-4bf8-4066-8c9b-97fae486dee6/current/log_inprogress_0
2019-09-17 12:22:48,640 [grpc-default-executor-1] INFO  client.GrpcClientProtocolClient (GrpcClientProtocolClient.java:onNext(264)) - client-1EFD8CA80DAA->ef58021b-0245-4b2a-b464-78c332d31a33: receive RaftClientReply:client-1EFD8CA80DAA->ef58021b-0245-4b2a-b464-78c332d31a33@group-97FAE486DEE6, cid=19, FAILED org.apache.ratis.protocol.NotLeaderException: Server ef58021b-0245-4b2a-b464-78c332d31a33@group-97FAE486DEE6 is not the leader ed86af58-6365-40b3-a78c-ef8881f9dd1e:192.168.5.130:38034, logIndex=0, commits[ef58021b-0245-4b2a-b464-78c332d31a33:c-1, ed86af58-6365-40b3-a78c-ef8881f9dd1e:c-1, 0cdf7b9a-92f5-4bda-bda9-a502d9c924f1:c-1]
2019-09-17 12:22:49,018 [grpc-default-executor-6] INFO  client.GrpcClientProtocolClient (GrpcClientProtocolClient.java:onNext(264)) - client-1EFD8CA80DAA->ed86af58-6365-40b3-a78c-ef8881f9dd1e: receive RaftClientReply:client-1EFD8CA80DAA->ed86af58-6365-40b3-a78c-ef8881f9dd1e@group-97FAE486DEE6, cid=19, SUCCESS, logIndex=1, commits[ed86af58-6365-40b3-a78c-ef8881f9dd1e:c1, 0cdf7b9a-92f5-4bda-bda9-a502d9c924f1:c0, ef58021b-0245-4b2a-b464-78c332d31a33:c0]
2019-09-17 12:22:49,221 [grpc-default-executor-6] INFO  client.GrpcClientProtocolClient (GrpcClientProtocolClient.java:onNext(264)) - client-1EFD8CA80DAA->ed86af58-6365-40b3-a78c-ef8881f9dd1e: receive RaftClientReply:client-1EFD8CA80DAA->ed86af58-6365-40b3-a78c-ef8881f9dd1e@group-97FAE486DEE6, cid=20, SUCCESS, logIndex=3, commits[ed86af58-6365-40b3-a78c-ef8881f9dd1e:c8, 0cdf7b9a-92f5-4bda-bda9-a502d9c924f1:c5, ef58021b-0245-4b2a-b464-78c332d31a33:c5]
2019-09-17 12:22:49,224 [grpc-default-executor-6] INFO  client.GrpcClientProtocolClient (GrpcClientProtocolClient.java:onNext(264)) - client-1EFD8CA80DAA->ed86af58-6365-40b3-a78c-ef8881f9dd1e: receive RaftClientReply:client-1EFD8CA80DAA->ed86af58-6365-40b3-a78c-ef8881f9dd1e@group-97FAE486DEE6, cid=21, SUCCESS, logIndex=4, commits[ed86af58-6365-40b3-a78c-ef8881f9dd1e:c8, 0cdf7b9a-92f5-4bda-bda9-a502d9c924f1:c5, ef58021b-0245-4b2a-b464-78c332d31a33:c5]
2019-09-17 12:22:49,365 [grpc-default-executor-6] INFO  client.GrpcClientProtocolClient (GrpcClientProtocolClient.java:onNext(264)) - client-1EFD8CA80DAA->ed86af58-6365-40b3-a78c-ef8881f9dd1e: receive RaftClientReply:client-1EFD8CA80DAA->ed86af58-6365-40b3-a78c-ef8881f9dd1e@group-97FAE486DEE6, cid=22, SUCCESS, logIndex=5, commits[ed86af58-6365-40b3-a78c-ef8881f9dd1e:c8, 0cdf7b9a-92f5-4bda-bda9-a502d9c924f1:c5, ef58021b-0245-4b2a-b464-78c332d31a33:c5]
2019-09-17 12:22:49,425 [grpc-default-executor-1] INFO  client.GrpcClientProtocolClient (GrpcClientProtocolClient.java:onNext(264)) - client-1EFD8CA80DAA->ed86af58-6365-40b3-a78c-ef8881f9dd1e: receive RaftClientReply:client-1EFD8CA80DAA->ed86af58-6365-40b3-a78c-ef8881f9dd1e@group-97FAE486DEE6, cid=23, SUCCESS, logIndex=9, commits[ed86af58-6365-40b3-a78c-ef8881f9dd1e:c10, 0cdf7b9a-92f5-4bda-bda9-a502d9c924f1:c8, ef58021b-0245-4b2a-b464-78c332d31a33:c8]
2019-09-17 12:22:49,431 [grpc-default-executor-1] INFO  client.GrpcClientProtocolClient (GrpcClientProtocolClient.java:onNext(264)) - client-1EFD8CA80DAA->ed86af58-6365-40b3-a78c-ef8881f9dd1e: receive RaftClientReply:client-1EFD8CA80DAA->ed86af58-6365-40b3-a78c-ef8881f9dd1e@group-97FAE486DEE6, cid=24, SUCCESS, logIndex=10, commits[ed86af58-6365-40b3-a78c-ef8881f9dd1e:c10, 0cdf7b9a-92f5-4bda-bda9-a502d9c924f1:c8, ef58021b-0245-4b2a-b464-78c332d31a33:c8]
2019-09-17 12:22:49,436 [grpc-default-executor-5] INFO  client.GrpcClientProtocolClient (GrpcClientProtocolClient.java:onNext(264)) - client-1EFD8CA80DAA->ed86af58-6365-40b3-a78c-ef8881f9dd1e: receive RaftClientReply:client-1EFD8CA80DAA->ed86af58-6365-40b3-a78c-ef8881f9dd1e@group-97FAE486DEE6, cid=25, SUCCESS, logIndex=11, commits[ed86af58-6365-40b3-a78c-ef8881f9dd1e:c12, 0cdf7b9a-92f5-4bda-bda9-a502d9c924f1:c10, ef58021b-0245-4b2a-b464-78c332d31a33:c8]
2019-09-17 12:22:49,439 [grpc-default-executor-5] INFO  client.GrpcClientProtocolClient (GrpcClientProtocolClient.java:onNext(264)) - client-1EFD8CA80DAA->ed86af58-6365-40b3-a78c-ef8881f9dd1e: receive RaftClientReply:client-1EFD8CA80DAA->ed86af58-6365-40b3-a78c-ef8881f9dd1e@group-97FAE486DEE6, cid=26, SUCCESS, logIndex=12, commits[ed86af58-6365-40b3-a78c-ef8881f9dd1e:c14, 0cdf7b9a-92f5-4bda-bda9-a502d9c924f1:c10, ef58021b-0245-4b2a-b464-78c332d31a33:c10]
2019-09-17 12:22:49,465 [grpc-default-executor-3] INFO  client.GrpcClientProtocolClient (GrpcClientProtocolClient.java:onNext(264)) - client-1EFD8CA80DAA->ed86af58-6365-40b3-a78c-ef8881f9dd1e: receive RaftClientReply:client-1EFD8CA80DAA->ed86af58-6365-40b3-a78c-ef8881f9dd1e@group-97FAE486DEE6, cid=27, SUCCESS, logIndex=0, commits[ed86af58-6365-40b3-a78c-ef8881f9dd1e:c16, 0cdf7b9a-92f5-4bda-bda9-a502d9c924f1:c12, ef58021b-0245-4b2a-b464-78c332d31a33:c12]
2019-09-17 12:22:49,490 [grpc-default-executor-3] INFO  client.GrpcClientProtocolClient (GrpcClientProtocolClient.java:onNext(264)) - client-0F6212053E58->a5f9b548-b989-4807-80f4-ff576b54977d: receive RaftClientReply:client-0F6212053E58->a5f9b548-b989-4807-80f4-ff576b54977d@group-C0075F260562, cid=28, FAILED org.apache.ratis.protocol.NotLeaderException: Server a5f9b548-b989-4807-80f4-ff576b54977d@group-C0075F260562 is not the leader 7689548e-5f49-4f36-9667-e46ba21e9ae3:192.168.5.130:34520, logIndex=0, commits[a5f9b548-b989-4807-80f4-ff576b54977d:c0, 7689548e-5f49-4f36-9667-e46ba21e9ae3:c0, c072a5df-2c45-4bc3-84a6-bf78352fd232:c0]
2019-09-17 12:22:49,873 [grpc-default-executor-5] INFO  client.GrpcClientProtocolClient (GrpcClientProtocolClient.java:onNext(264)) - client-0F6212053E58->7689548e-5f49-4f36-9667-e46ba21e9ae3: receive RaftClientReply:client-0F6212053E58->7689548e-5f49-4f36-9667-e46ba21e9ae3@group-C0075F260562, cid=28, SUCCESS, logIndex=1, commits[7689548e-5f49-4f36-9667-e46ba21e9ae3:c1, c072a5df-2c45-4bc3-84a6-bf78352fd232:c0, a5f9b548-b989-4807-80f4-ff576b54977d:c0]
2019-09-17 12:22:50,020 [grpc-default-executor-5] INFO  client.GrpcClientProtocolClient (GrpcClientProtocolClient.java:onNext(264)) - client-0F6212053E58->7689548e-5f49-4f36-9667-e46ba21e9ae3: receive RaftClientReply:client-0F6212053E58->7689548e-5f49-4f36-9667-e46ba21e9ae3@group-C0075F260562, cid=29, SUCCESS, logIndex=3, commits[7689548e-5f49-4f36-9667-e46ba21e9ae3:c8, c072a5df-2c45-4bc3-84a6-bf78352fd232:c5, a5f9b548-b989-4807-80f4-ff576b54977d:c5]
2019-09-17 12:22:50,024 [grpc-default-executor-5] INFO  client.GrpcClientProtocolClient (GrpcClientProtocolClient.java:onNext(264)) - client-0F6212053E58->7689548e-5f49-4f36-9667-e46ba21e9ae3: receive RaftClientReply:client-0F6212053E58->7689548e-5f49-4f36-9667-e46ba21e9ae3@group-C0075F260562, cid=30, SUCCESS, logIndex=4, commits[7689548e-5f49-4f36-9667-e46ba21e9ae3:c8, c072a5df-2c45-4bc3-84a6-bf78352fd232:c5, a5f9b548-b989-4807-80f4-ff576b54977d:c5]
2019-09-17 12:22:50,219 [grpc-default-executor-5] INFO  client.GrpcClientProtocolClient (GrpcClientProtocolClient.java:onNext(264)) - client-0F6212053E58->7689548e-5f49-4f36-9667-e46ba21e9ae3: receive RaftClientReply:client-0F6212053E58->7689548e-5f49-4f36-9667-e46ba21e9ae3@group-C0075F260562, cid=31, SUCCESS, logIndex=5, commits[7689548e-5f49-4f36-9667-e46ba21e9ae3:c8, c072a5df-2c45-4bc3-84a6-bf78352fd232:c5, a5f9b548-b989-4807-80f4-ff576b54977d:c5]
2019-09-17 12:22:50,268 [grpc-default-executor-3] INFO  client.GrpcClientProtocolClient (GrpcClientProtocolClient.java:onNext(264)) - client-0F6212053E58->7689548e-5f49-4f36-9667-e46ba21e9ae3: receive RaftClientReply:client-0F6212053E58->7689548e-5f49-4f36-9667-e46ba21e9ae3@group-C0075F260562, cid=32, SUCCESS, logIndex=9, commits[7689548e-5f49-4f36-9667-e46ba21e9ae3:c10, c072a5df-2c45-4bc3-84a6-bf78352fd232:c8, a5f9b548-b989-4807-80f4-ff576b54977d:c5]
2019-09-17 12:22:50,272 [grpc-default-executor-3] INFO  client.GrpcClientProtocolClient (GrpcClientProtocolClient.java:onNext(264)) - client-0F6212053E58->7689548e-5f49-4f36-9667-e46ba21e9ae3: receive RaftClientReply:client-0F6212053E58->7689548e-5f49-4f36-9667-e46ba21e9ae3@group-C0075F260562, cid=33, SUCCESS, logIndex=10, commits[7689548e-5f49-4f36-9667-e46ba21e9ae3:c10, c072a5df-2c45-4bc3-84a6-bf78352fd232:c8, a5f9b548-b989-4807-80f4-ff576b54977d:c5]
2019-09-17 12:22:50,281 [grpc-default-executor-1] INFO  client.GrpcClientProtocolClient (GrpcClientProtocolClient.java:onNext(264)) - client-0F6212053E58->7689548e-5f49-4f36-9667-e46ba21e9ae3: receive RaftClientReply:client-0F6212053E58->7689548e-5f49-4f36-9667-e46ba21e9ae3@group-C0075F260562, cid=34, SUCCESS, logIndex=11, commits[7689548e-5f49-4f36-9667-e46ba21e9ae3:c12, c072a5df-2c45-4bc3-84a6-bf78352fd232:c8, a5f9b548-b989-4807-80f4-ff576b54977d:c8]
2019-09-17 12:22:50,289 [grpc-default-executor-5] INFO  client.GrpcClientProtocolClient (GrpcClientProtocolClient.java:onNext(264)) - client-0F6212053E58->7689548e-5f49-4f36-9667-e46ba21e9ae3: receive RaftClientReply:client-0F6212053E58->7689548e-5f49-4f36-9667-e46ba21e9ae3@group-C0075F260562, cid=35, SUCCESS, logIndex=12, commits[7689548e-5f49-4f36-9667-e46ba21e9ae3:c12, c072a5df-2c45-4bc3-84a6-bf78352fd232:c8, a5f9b548-b989-4807-80f4-ff576b54977d:c8]
2019-09-17 12:22:50,306 [grpc-default-executor-1] INFO  client.GrpcClientProtocolClient (GrpcClientProtocolClient.java:onNext(264)) - client-0F6212053E58->7689548e-5f49-4f36-9667-e46ba21e9ae3: receive RaftClientReply:client-0F6212053E58->7689548e-5f49-4f36-9667-e46ba21e9ae3@group-C0075F260562, cid=36, SUCCESS, logIndex=0, commits[7689548e-5f49-4f36-9667-e46ba21e9ae3:c16, c072a5df-2c45-4bc3-84a6-bf78352fd232:c12, a5f9b548-b989-4807-80f4-ff576b54977d:c12]
2019-09-17 12:22:50,309 [grpc-default-executor-1] INFO  client.GrpcClientProtocolClient (GrpcClientProtocolClient.java:onNext(264)) - client-0F6212053E58->7689548e-5f49-4f36-9667-e46ba21e9ae3: receive RaftClientReply:client-0F6212053E58->7689548e-5f49-4f36-9667-e46ba21e9ae3@group-C0075F260562, cid=37, SUCCESS, logIndex=0, commits[7689548e-5f49-4f36-9667-e46ba21e9ae3:c16, c072a5df-2c45-4bc3-84a6-bf78352fd232:c12, a5f9b548-b989-4807-80f4-ff576b54977d:c12]
2019-09-17 12:22:53,320 [java.util.concurrent.ThreadPoolExecutor$Worker@17044d63[State = -1, empty queue]] WARN  server.GrpcLogAppender (GrpcLogAppender.java:timeoutAppendRequest(200)) - 7689548e-5f49-4f36-9667-e46ba21e9ae3@group-C0075F260562->a5f9b548-b989-4807-80f4-ff576b54977d-GrpcLogAppender: appendEntries Timeout, request=7689548e-5f49-4f36-9667-e46ba21e9ae3->a5f9b548-b989-4807-80f4-ff576b54977d#20-t2, previous=(t:2, i:16), leaderCommit=16, initializing? false, entries: size=1, first=(t:2, i:17), STATEMACHINELOGENTRY, client-0F6212053E58, cid=38
2019-09-17 12:22:53,321 [java.util.concurrent.ThreadPoolExecutor$Worker@17044d63[State = -1, empty queue]] WARN  server.GrpcLogAppender (GrpcLogAppender.java:timeoutAppendRequest(200)) - 7689548e-5f49-4f36-9667-e46ba21e9ae3@group-C0075F260562->a5f9b548-b989-4807-80f4-ff576b54977d-GrpcLogAppender: appendEntries Timeout, request=7689548e-5f49-4f36-9667-e46ba21e9ae3->a5f9b548-b989-4807-80f4-ff576b54977d#21-t2, previous=(t:2, i:17), leaderCommit=16, initializing? false, entries: size=1, first=(t:2, i:18), STATEMACHINELOGENTRY, client-0F6212053E58, cid=39
2019-09-17 12:22:53,325 [java.util.concurrent.ThreadPoolExecutor$Worker@17044d63[State = -1, empty queue]] WARN  server.GrpcLogAppender (GrpcLogAppender.java:timeoutAppendRequest(200)) - 7689548e-5f49-4f36-9667-e46ba21e9ae3@group-C0075F260562->a5f9b548-b989-4807-80f4-ff576b54977d-GrpcLogAppender: appendEntries Timeout, request=7689548e-5f49-4f36-9667-e46ba21e9ae3->a5f9b548-b989-4807-80f4-ff576b54977d#22-t2, previous=(t:2, i:18), leaderCommit=16, initializing? false, entries: size=1, first=(t:2, i:19), STATEMACHINELOGENTRY, client-0F6212053E58, cid=40
2019-09-17 12:22:53,325 [java.util.concurrent.ThreadPoolExecutor$Worker@17044d63[State = -1, empty queue]] WARN  server.GrpcLogAppender (GrpcLogAppender.java:timeoutAppendRequest(200)) - 7689548e-5f49-4f36-9667-e46ba21e9ae3@group-C0075F260562->a5f9b548-b989-4807-80f4-ff576b54977d-GrpcLogAppender: appendEntries Timeout, request=7689548e-5f49-4f36-9667-e46ba21e9ae3->a5f9b548-b989-4807-80f4-ff576b54977d#23-t2, previous=(t:2, i:19), leaderCommit=16, initializing? false, entries: size=1, first=(t:2, i:20), STATEMACHINELOGENTRY, client-0F6212053E58, cid=41
2019-09-17 12:22:53,827 [java.util.concurrent.ThreadPoolExecutor$Worker@17044d63[State = -1, empty queue]] WARN  server.GrpcLogAppender (GrpcLogAppender.java:timeoutAppendRequest(200)) - 7689548e-5f49-4f36-9667-e46ba21e9ae3@group-C0075F260562->a5f9b548-b989-4807-80f4-ff576b54977d-GrpcLogAppender: appendEntries Timeout, request=7689548e-5f49-4f36-9667-e46ba21e9ae3->a5f9b548-b989-4807-80f4-ff576b54977d#24-t2, previous=(t:2, i:20), leaderCommit=16, initializing? false, entries: <empty>
2019-09-17 12:22:54,327 [java.util.concurrent.ThreadPoolExecutor$Worker@17044d63[State = -1, empty queue]] WARN  server.GrpcLogAppender (GrpcLogAppender.java:timeoutAppendRequest(200)) - 7689548e-5f49-4f36-9667-e46ba21e9ae3@group-C0075F260562->a5f9b548-b989-4807-80f4-ff576b54977d-GrpcLogAppender: appendEntries Timeout, request=7689548e-5f49-4f36-9667-e46ba21e9ae3->a5f9b548-b989-4807-80f4-ff576b54977d#25-t2, previous=(t:2, i:20), leaderCommit=16, initializing? false, entries: <empty>
2019-09-17 12:22:54,828 [java.util.concurrent.ThreadPoolExecutor$Worker@17044d63[State = -1, empty queue]] WARN  server.GrpcLogAppender (GrpcLogAppender.java:timeoutAppendRequest(200)) - 7689548e-5f49-4f36-9667-e46ba21e9ae3@group-C0075F260562->a5f9b548-b989-4807-80f4-ff576b54977d-GrpcLogAppender: appendEntries Timeout, request=7689548e-5f49-4f36-9667-e46ba21e9ae3->a5f9b548-b989-4807-80f4-ff576b54977d#26-t2, previous=(t:2, i:20), leaderCommit=16, initializing? false, entries: <empty>
2019-09-17 12:22:55,329 [java.util.concurrent.ThreadPoolExecutor$Worker@17044d63[State = -1, empty queue]] WARN  server.GrpcLogAppender (GrpcLogAppender.java:timeoutAppendRequest(200)) - 7689548e-5f49-4f36-9667-e46ba21e9ae3@group-C0075F260562->a5f9b548-b989-4807-80f4-ff576b54977d-GrpcLogAppender: appendEntries Timeout, request=7689548e-5f49-4f36-9667-e46ba21e9ae3->a5f9b548-b989-4807-80f4-ff576b54977d#27-t2, previous=(t:2, i:20), leaderCommit=16, initializing? false, entries: <empty>
2019-09-17 12:22:55,382 [grpc-default-executor-5] INFO  client.GrpcClientProtocolClient (GrpcClientProtocolClient.java:onNext(264)) - client-0F6212053E58->a5f9b548-b989-4807-80f4-ff576b54977d: receive RaftClientReply:client-0F6212053E58->a5f9b548-b989-4807-80f4-ff576b54977d@group-C0075F260562, cid=38, FAILED org.apache.ratis.protocol.NotLeaderException: Server a5f9b548-b989-4807-80f4-ff576b54977d@group-C0075F260562 is not the leader 7689548e-5f49-4f36-9667-e46ba21e9ae3:192.168.5.130:34520, logIndex=0, commits[a5f9b548-b989-4807-80f4-ff576b54977d:c16, 7689548e-5f49-4f36-9667-e46ba21e9ae3:c16, c072a5df-2c45-4bc3-84a6-bf78352fd232:c16]
2019-09-17 12:22:55,829 [java.util.concurrent.ThreadPoolExecutor$Worker@17044d63[State = -1, empty queue]] WARN  server.GrpcLogAppender (GrpcLogAppender.java:timeoutAppendRequest(200)) - 7689548e-5f49-4f36-9667-e46ba21e9ae3@group-C0075F260562->a5f9b548-b989-4807-80f4-ff576b54977d-GrpcLogAppender: appendEntries Timeout, request=7689548e-5f49-4f36-9667-e46ba21e9ae3->a5f9b548-b989-4807-80f4-ff576b54977d#28-t2, previous=(t:2, i:20), leaderCommit=16, initializing? false, entries: <empty>
2019-09-17 12:22:56,330 [java.util.concurrent.ThreadPoolExecutor$Worker@17044d63[State = -1, empty queue]] WARN  server.GrpcLogAppender (GrpcLogAppender.java:timeoutAppendRequest(200)) - 7689548e-5f49-4f36-9667-e46ba21e9ae3@group-C0075F260562->a5f9b548-b989-4807-80f4-ff576b54977d-GrpcLogAppender: appendEntries Timeout, request=7689548e-5f49-4f36-9667-e46ba21e9ae3->a5f9b548-b989-4807-80f4-ff576b54977d#29-t2, previous=(t:2, i:20), leaderCommit=16, initializing? false, entries: <empty>
2019-09-17 12:22:56,831 [java.util.concurrent.ThreadPoolExecutor$Worker@17044d63[State = -1, empty queue]] WARN  server.GrpcLogAppender (GrpcLogAppender.java:timeoutAppendRequest(200)) - 7689548e-5f49-4f36-9667-e46ba21e9ae3@group-C0075F260562->a5f9b548-b989-4807-80f4-ff576b54977d-GrpcLogAppender: appendEntries Timeout, request=7689548e-5f49-4f36-9667-e46ba21e9ae3->a5f9b548-b989-4807-80f4-ff576b54977d#30-t2, previous=(t:2, i:20), leaderCommit=16, initializing? false, entries: <empty>
2019-09-17 12:22:57,331 [java.util.concurrent.ThreadPoolExecutor$Worker@17044d63[State = -1, empty queue]] WARN  server.GrpcLogAppender (GrpcLogAppender.java:timeoutAppendRequest(200)) - 7689548e-5f49-4f36-9667-e46ba21e9ae3@group-C0075F260562->a5f9b548-b989-4807-80f4-ff576b54977d-GrpcLogAppender: appendEntries Timeout, request=7689548e-5f49-4f36-9667-e46ba21e9ae3->a5f9b548-b989-4807-80f4-ff576b54977d#31-t2, previous=(t:2, i:20), leaderCommit=16, initializing? false, entries: <empty>
2019-09-17 12:22:57,832 [java.util.concurrent.ThreadPoolExecutor$Worker@17044d63[State = -1, empty queue]] WARN  server.GrpcLogAppender (GrpcLogAppender.java:timeoutAppendRequest(200)) - 7689548e-5f49-4f36-9667-e46ba21e9ae3@group-C0075F260562->a5f9b548-b989-4807-80f4-ff576b54977d-GrpcLogAppender: appendEntries Timeout, request=7689548e-5f49-4f36-9667-e46ba21e9ae3->a5f9b548-b989-4807-80f4-ff576b54977d#32-t2, previous=(t:2, i:20), leaderCommit=16, initializing? false, entries: <empty>
2019-09-17 12:22:58,332 [java.util.concurrent.ThreadPoolExecutor$Worker@17044d63[State = -1, empty queue]] WARN  server.GrpcLogAppender (GrpcLogAppender.java:timeoutAppendRequest(200)) - 7689548e-5f49-4f36-9667-e46ba21e9ae3@group-C0075F260562->a5f9b548-b989-4807-80f4-ff576b54977d-GrpcLogAppender: appendEntries Timeout, request=7689548e-5f49-4f36-9667-e46ba21e9ae3->a5f9b548-b989-4807-80f4-ff576b54977d#33-t2, previous=(t:2, i:20), leaderCommit=16, initializing? false, entries: <empty>
2019-09-17 12:22:58,833 [java.util.concurrent.ThreadPoolExecutor$Worker@17044d63[State = -1, empty queue]] WARN  server.GrpcLogAppender (GrpcLogAppender.java:timeoutAppendRequest(200)) - 7689548e-5f49-4f36-9667-e46ba21e9ae3@group-C0075F260562->a5f9b548-b989-4807-80f4-ff576b54977d-GrpcLogAppender: appendEntries Timeout, request=7689548e-5f49-4f36-9667-e46ba21e9ae3->a5f9b548-b989-4807-80f4-ff576b54977d#34-t2, previous=(t:2, i:20), leaderCommit=16, initializing? false, entries: <empty>
2019-09-17 12:22:59,334 [java.util.concurrent.ThreadPoolExecutor$Worker@17044d63[State = -1, empty queue]] WARN  server.GrpcLogAppender (GrpcLogAppender.java:timeoutAppendRequest(200)) - 7689548e-5f49-4f36-9667-e46ba21e9ae3@group-C0075F260562->a5f9b548-b989-4807-80f4-ff576b54977d-GrpcLogAppender: appendEntries Timeout, request=7689548e-5f49-4f36-9667-e46ba21e9ae3->a5f9b548-b989-4807-80f4-ff576b54977d#35-t2, previous=(t:2, i:20), leaderCommit=16, initializing? false, entries: <empty>
2019-09-17 12:22:59,835 [java.util.concurrent.ThreadPoolExecutor$Worker@17044d63[State = -1, empty queue]] WARN  server.GrpcLogAppender (GrpcLogAppender.java:timeoutAppendRequest(200)) - 7689548e-5f49-4f36-9667-e46ba21e9ae3@group-C0075F260562->a5f9b548-b989-4807-80f4-ff576b54977d-GrpcLogAppender: appendEntries Timeout, request=7689548e-5f49-4f36-9667-e46ba21e9ae3->a5f9b548-b989-4807-80f4-ff576b54977d#36-t2, previous=(t:2, i:20), leaderCommit=16, initializing? false, entries: <empty>
2019-09-17 12:23:00,335 [java.util.concurrent.ThreadPoolExecutor$Worker@17044d63[State = -1, empty queue]] WARN  server.GrpcLogAppender (GrpcLogAppender.java:timeoutAppendRequest(200)) - 7689548e-5f49-4f36-9667-e46ba21e9ae3@group-C0075F260562->a5f9b548-b989-4807-80f4-ff576b54977d-GrpcLogAppender: appendEntries Timeout, request=7689548e-5f49-4f36-9667-e46ba21e9ae3->a5f9b548-b989-4807-80f4-ff576b54977d#37-t2, previous=(t:2, i:20), leaderCommit=16, initializing? false, entries: <empty>
2019-09-17 12:23:00,337 [a5f9b548-b989-4807-80f4-ff576b54977d@group-C0075F260562-SegmentedRaftLogWorker] WARN  segmented.SegmentedRaftLogWorker (SegmentedRaftLogWorker.java:getFromFuture(90)) - Timeout 0/~
org.apache.ratis.protocol.TimeoutIOException: Timeout 10s: WriteLog:17: (t:2, i:17), STATEMACHINELOGENTRY, client-0F6212053E58, cid=38-writeStateMachineData
	at org.apache.ratis.util.IOUtils.getFromFuture(IOUtils.java:87)
	at org.apache.ratis.server.raftlog.segmented.SegmentedRaftLogWorker$StateMachineDataPolicy.getFromFuture(SegmentedRaftLogWorker.java:87)
	at org.apache.ratis.server.raftlog.segmented.SegmentedRaftLogWorker$WriteLog.execute(SegmentedRaftLogWorker.java:477)
	at org.apache.ratis.server.raftlog.segmented.SegmentedRaftLogWorker.run(SegmentedRaftLogWorker.java:289)
	at java.lang.Thread.run(Thread.java:748)
Caused by: java.util.concurrent.TimeoutException
	at java.util.concurrent.CompletableFuture.timedGet(CompletableFuture.java:1771)
	at java.util.concurrent.CompletableFuture.get(CompletableFuture.java:1915)
	at org.apache.ratis.util.IOUtils.getFromFuture(IOUtils.java:79)
	... 4 more
2019-09-17 12:23:00,476 [grpc-default-executor-1] INFO  client.GrpcClientProtocolClient (GrpcClientProtocolClient.java:onNext(264)) - client-0F6212053E58->c072a5df-2c45-4bc3-84a6-bf78352fd232: receive RaftClientReply:client-0F6212053E58->c072a5df-2c45-4bc3-84a6-bf78352fd232@group-C0075F260562, cid=38, FAILED org.apache.ratis.protocol.NotLeaderException: Server c072a5df-2c45-4bc3-84a6-bf78352fd232@group-C0075F260562 is not the leader 7689548e-5f49-4f36-9667-e46ba21e9ae3:192.168.5.130:34520, logIndex=0, commits[c072a5df-2c45-4bc3-84a6-bf78352fd232:c16, 7689548e-5f49-4f36-9667-e46ba21e9ae3:c16, a5f9b548-b989-4807-80f4-ff576b54977d:c12]
2019-09-17 12:23:00,523 [7689548e-5f49-4f36-9667-e46ba21e9ae3@group-C0075F260562-SegmentedRaftLogWorker] WARN  segmented.SegmentedRaftLogWorker (SegmentedRaftLogWorker.java:getFromFuture(90)) - Timeout 0/~
org.apache.ratis.protocol.TimeoutIOException: Timeout 10s: WriteLog:19: (t:2, i:19), STATEMACHINELOGENTRY, client-0F6212053E58, cid=40-writeStateMachineData
	at org.apache.ratis.util.IOUtils.getFromFuture(IOUtils.java:87)
	at org.apache.ratis.server.raftlog.segmented.SegmentedRaftLogWorker$StateMachineDataPolicy.getFromFuture(SegmentedRaftLogWorker.java:87)
	at org.apache.ratis.server.raftlog.segmented.SegmentedRaftLogWorker$WriteLog.execute(SegmentedRaftLogWorker.java:477)
	at org.apache.ratis.server.raftlog.segmented.SegmentedRaftLogWorker.run(SegmentedRaftLogWorker.java:289)
	at java.lang.Thread.run(Thread.java:748)
Caused by: java.util.concurrent.TimeoutException
	at java.util.concurrent.CompletableFuture.timedGet(CompletableFuture.java:1771)
	at java.util.concurrent.CompletableFuture.get(CompletableFuture.java:1915)
	at org.apache.ratis.util.IOUtils.getFromFuture(IOUtils.java:79)
	... 4 more
2019-09-17 12:23:00,837 [java.util.concurrent.ThreadPoolExecutor$Worker@17044d63[State = -1, empty queue]] WARN  server.GrpcLogAppender (GrpcLogAppender.java:timeoutAppendRequest(200)) - 7689548e-5f49-4f36-9667-e46ba21e9ae3@group-C0075F260562->a5f9b548-b989-4807-80f4-ff576b54977d-GrpcLogAppender: appendEntries Timeout, request=7689548e-5f49-4f36-9667-e46ba21e9ae3->a5f9b548-b989-4807-80f4-ff576b54977d#38-t2, previous=(t:2, i:20), leaderCommit=16, initializing? false, entries: <empty>
2019-09-17 12:23:01,337 [java.util.concurrent.ThreadPoolExecutor$Worker@17044d63[State = -1, empty queue]] WARN  server.GrpcLogAppender (GrpcLogAppender.java:timeoutAppendRequest(200)) - 7689548e-5f49-4f36-9667-e46ba21e9ae3@group-C0075F260562->a5f9b548-b989-4807-80f4-ff576b54977d-GrpcLogAppender: appendEntries Timeout, request=7689548e-5f49-4f36-9667-e46ba21e9ae3->a5f9b548-b989-4807-80f4-ff576b54977d#39-t2, previous=(t:2, i:20), leaderCommit=16, initializing? false, entries: <empty>
2019-09-17 12:23:01,837 [java.util.concurrent.ThreadPoolExecutor$Worker@17044d63[State = -1, empty queue]] WARN  server.GrpcLogAppender (GrpcLogAppender.java:timeoutAppendRequest(200)) - 7689548e-5f49-4f36-9667-e46ba21e9ae3@group-C0075F260562->a5f9b548-b989-4807-80f4-ff576b54977d-GrpcLogAppender: appendEntries Timeout, request=7689548e-5f49-4f36-9667-e46ba21e9ae3->a5f9b548-b989-4807-80f4-ff576b54977d#40-t2, previous=(t:2, i:20), leaderCommit=16, initializing? false, entries: <empty>
2019-09-17 12:23:02,337 [java.util.concurrent.ThreadPoolExecutor$Worker@17044d63[State = -1, empty queue]] WARN  server.GrpcLogAppender (GrpcLogAppender.java:timeoutAppendRequest(200)) - 7689548e-5f49-4f36-9667-e46ba21e9ae3@group-C0075F260562->a5f9b548-b989-4807-80f4-ff576b54977d-GrpcLogAppender: appendEntries Timeout, request=7689548e-5f49-4f36-9667-e46ba21e9ae3->a5f9b548-b989-4807-80f4-ff576b54977d#41-t2, previous=(t:2, i:20), leaderCommit=16, initializing? false, entries: <empty>
2019-09-17 12:23:02,838 [java.util.concurrent.ThreadPoolExecutor$Worker@17044d63[State = -1, empty queue]] WARN  server.GrpcLogAppender (GrpcLogAppender.java:timeoutAppendRequest(200)) - 7689548e-5f49-4f36-9667-e46ba21e9ae3@group-C0075F260562->a5f9b548-b989-4807-80f4-ff576b54977d-GrpcLogAppender: appendEntries Timeout, request=7689548e-5f49-4f36-9667-e46ba21e9ae3->a5f9b548-b989-4807-80f4-ff576b54977d#42-t2, previous=(t:2, i:20), leaderCommit=16, initializing? false, entries: <empty>
2019-09-17 12:23:03,342 [java.util.concurrent.ThreadPoolExecutor$Worker@17044d63[State = -1, empty queue]] WARN  server.GrpcLogAppender (GrpcLogAppender.java:timeoutAppendRequest(200)) - 7689548e-5f49-4f36-9667-e46ba21e9ae3@group-C0075F260562->a5f9b548-b989-4807-80f4-ff576b54977d-GrpcLogAppender: appendEntries Timeout, request=7689548e-5f49-4f36-9667-e46ba21e9ae3->a5f9b548-b989-4807-80f4-ff576b54977d#43-t2, previous=(t:2, i:20), leaderCommit=16, initializing? false, entries: <empty>
2019-09-17 12:23:03,847 [java.util.concurrent.ThreadPoolExecutor$Worker@17044d63[State = -1, empty queue]] WARN  server.GrpcLogAppender (GrpcLogAppender.java:timeoutAppendRequest(200)) - 7689548e-5f49-4f36-9667-e46ba21e9ae3@group-C0075F260562->a5f9b548-b989-4807-80f4-ff576b54977d-GrpcLogAppender: appendEntries Timeout, request=7689548e-5f49-4f36-9667-e46ba21e9ae3->a5f9b548-b989-4807-80f4-ff576b54977d#44-t2, previous=(t:2, i:20), leaderCommit=16, initializing? false, entries: <empty>
2019-09-17 12:23:04,345 [java.util.concurrent.ThreadPoolExecutor$Worker@17044d63[State = -1, empty queue]] WARN  server.GrpcLogAppender (GrpcLogAppender.java:timeoutAppendRequest(200)) - 7689548e-5f49-4f36-9667-e46ba21e9ae3@group-C0075F260562->a5f9b548-b989-4807-80f4-ff576b54977d-GrpcLogAppender: appendEntries Timeout, request=7689548e-5f49-4f36-9667-e46ba21e9ae3->a5f9b548-b989-4807-80f4-ff576b54977d#45-t2, previous=(t:2, i:20), leaderCommit=16, initializing? false, entries: <empty>
2019-09-17 12:23:04,846 [java.util.concurrent.ThreadPoolExecutor$Worker@17044d63[State = -1, empty queue]] WARN  server.GrpcLogAppender (GrpcLogAppender.java:timeoutAppendRequest(200)) - 7689548e-5f49-4f36-9667-e46ba21e9ae3@group-C0075F260562->a5f9b548-b989-4807-80f4-ff576b54977d-GrpcLogAppender: appendEntries Timeout, request=7689548e-5f49-4f36-9667-e46ba21e9ae3->a5f9b548-b989-4807-80f4-ff576b54977d#46-t2, previous=(t:2, i:20), leaderCommit=16, initializing? false, entries: <empty>
2019-09-17 12:23:05,346 [java.util.concurrent.ThreadPoolExecutor$Worker@17044d63[State = -1, empty queue]] WARN  server.GrpcLogAppender (GrpcLogAppender.java:timeoutAppendRequest(200)) - 7689548e-5f49-4f36-9667-e46ba21e9ae3@group-C0075F260562->a5f9b548-b989-4807-80f4-ff576b54977d-GrpcLogAppender: appendEntries Timeout, request=7689548e-5f49-4f36-9667-e46ba21e9ae3->a5f9b548-b989-4807-80f4-ff576b54977d#47-t2, previous=(t:2, i:20), leaderCommit=16, initializing? false, entries: <empty>
2019-09-17 12:23:05,542 [grpc-default-executor-1] INFO  client.GrpcClientProtocolClient (GrpcClientProtocolClient.java:onNext(264)) - client-0F6212053E58->c072a5df-2c45-4bc3-84a6-bf78352fd232: receive RaftClientReply:client-0F6212053E58->c072a5df-2c45-4bc3-84a6-bf78352fd232@group-C0075F260562, cid=38, FAILED org.apache.ratis.protocol.NotLeaderException: Server c072a5df-2c45-4bc3-84a6-bf78352fd232@group-C0075F260562 is not the leader 7689548e-5f49-4f36-9667-e46ba21e9ae3:192.168.5.130:34520, logIndex=0, commits[c072a5df-2c45-4bc3-84a6-bf78352fd232:c16, 7689548e-5f49-4f36-9667-e46ba21e9ae3:c16, a5f9b548-b989-4807-80f4-ff576b54977d:c12]
2019-09-17 12:23:05,846 [java.util.concurrent.ThreadPoolExecutor$Worker@17044d63[State = -1, empty queue]] WARN  server.GrpcLogAppender (GrpcLogAppender.java:timeoutAppendRequest(200)) - 7689548e-5f49-4f36-9667-e46ba21e9ae3@group-C0075F260562->a5f9b548-b989-4807-80f4-ff576b54977d-GrpcLogAppender: appendEntries Timeout, request=7689548e-5f49-4f36-9667-e46ba21e9ae3->a5f9b548-b989-4807-80f4-ff576b54977d#48-t2, previous=(t:2, i:20), leaderCommit=16, initializing? false, entries: <empty>
2019-09-17 12:23:06,347 [java.util.concurrent.ThreadPoolExecutor$Worker@17044d63[State = -1, empty queue]] WARN  server.GrpcLogAppender (GrpcLogAppender.java:timeoutAppendRequest(200)) - 7689548e-5f49-4f36-9667-e46ba21e9ae3@group-C0075F260562->a5f9b548-b989-4807-80f4-ff576b54977d-GrpcLogAppender: appendEntries Timeout, request=7689548e-5f49-4f36-9667-e46ba21e9ae3->a5f9b548-b989-4807-80f4-ff576b54977d#49-t2, previous=(t:2, i:20), leaderCommit=16, initializing? false, entries: <empty>
2019-09-17 12:23:06,849 [java.util.concurrent.ThreadPoolExecutor$Worker@17044d63[State = -1, empty queue]] WARN  server.GrpcLogAppender (GrpcLogAppender.java:timeoutAppendRequest(200)) - 7689548e-5f49-4f36-9667-e46ba21e9ae3@group-C0075F260562->a5f9b548-b989-4807-80f4-ff576b54977d-GrpcLogAppender: appendEntries Timeout, request=7689548e-5f49-4f36-9667-e46ba21e9ae3->a5f9b548-b989-4807-80f4-ff576b54977d#50-t2, previous=(t:2, i:20), leaderCommit=16, initializing? false, entries: <empty>
2019-09-17 12:23:07,349 [java.util.concurrent.ThreadPoolExecutor$Worker@17044d63[State = -1, empty queue]] WARN  server.GrpcLogAppender (GrpcLogAppender.java:timeoutAppendRequest(200)) - 7689548e-5f49-4f36-9667-e46ba21e9ae3@group-C0075F260562->a5f9b548-b989-4807-80f4-ff576b54977d-GrpcLogAppender: appendEntries Timeout, request=7689548e-5f49-4f36-9667-e46ba21e9ae3->a5f9b548-b989-4807-80f4-ff576b54977d#51-t2, previous=(t:2, i:20), leaderCommit=16, initializing? false, entries: <empty>
2019-09-17 12:23:07,852 [java.util.concurrent.ThreadPoolExecutor$Worker@17044d63[State = -1, empty queue]] WARN  server.GrpcLogAppender (GrpcLogAppender.java:timeoutAppendRequest(200)) - 7689548e-5f49-4f36-9667-e46ba21e9ae3@group-C0075F260562->a5f9b548-b989-4807-80f4-ff576b54977d-GrpcLogAppender: appendEntries Timeout, request=7689548e-5f49-4f36-9667-e46ba21e9ae3->a5f9b548-b989-4807-80f4-ff576b54977d#52-t2, previous=(t:2, i:20), leaderCommit=16, initializing? false, entries: <empty>
2019-09-17 12:23:08,352 [java.util.concurrent.ThreadPoolExecutor$Worker@17044d63[State = -1, empty queue]] WARN  server.GrpcLogAppender (GrpcLogAppender.java:timeoutAppendRequest(200)) - 7689548e-5f49-4f36-9667-e46ba21e9ae3@group-C0075F260562->a5f9b548-b989-4807-80f4-ff576b54977d-GrpcLogAppender: appendEntries Timeout, request=7689548e-5f49-4f36-9667-e46ba21e9ae3->a5f9b548-b989-4807-80f4-ff576b54977d#53-t2, previous=(t:2, i:20), leaderCommit=16, initializing? false, entries: <empty>
2019-09-17 12:23:08,757 [main] WARN  io.KeyOutputStream (KeyOutputStream.java:handleException(276)) - Encountered exception java.io.IOException: Unexpected Storage Container Exception: java.util.concurrent.CompletionException: java.util.concurrent.CompletionException: org.apache.ratis.protocol.RaftRetryFailureException: Failed RaftClientRequest:client-0F6212053E58->7689548e-5f49-4f36-9667-e46ba21e9ae3@group-C0075F260562, cid=38, seq=9*, RW, org.apache.hadoop.hdds.scm.XceiverClientRatis$$Lambda$443/1403539444@285918a2 for 10 attempts with RetryLimited(maxAttempts=10, sleepTime=1000ms) on the pipeline Pipeline[ Id: 1bb58af4-98e7-4f4e-94d5-c0075f260562, Nodes: a5f9b548-b989-4807-80f4-ff576b54977d{ip: 192.168.5.130, host: pr-hdds-2136-chhj8-2666454444, networkLocation: /default-rack, certSerialId: null}c072a5df-2c45-4bc3-84a6-bf78352fd232{ip: 192.168.5.130, host: pr-hdds-2136-chhj8-2666454444, networkLocation: /default-rack, certSerialId: null}7689548e-5f49-4f36-9667-e46ba21e9ae3{ip: 192.168.5.130, host: pr-hdds-2136-chhj8-2666454444, networkLocation: /default-rack, certSerialId: null}, Type:RATIS, Factor:THREE, State:OPEN]. The last committed block length is 0, uncommitted data length is 2097152 retry count 0
2019-09-17 12:23:08,784 [grpc-default-executor-1] INFO  client.GrpcClientProtocolClient (GrpcClientProtocolClient.java:onNext(264)) - client-78E47205FAC6->ba884459-fbaf-490e-9b71-3c718ea82914: receive RaftClientReply:client-78E47205FAC6->ba884459-fbaf-490e-9b71-3c718ea82914@group-5D4E048AB16A, cid=42, FAILED org.apache.ratis.protocol.NotLeaderException: Server ba884459-fbaf-490e-9b71-3c718ea82914@group-5D4E048AB16A is not the leader 84b9980c-7545-47f2-8f8d-7bdb4cb4587c:192.168.5.130:43486, logIndex=0, commits[ba884459-fbaf-490e-9b71-3c718ea82914:c0, 89060399-4494-4f9b-b1c5-9635c65f7453:c0, 84b9980c-7545-47f2-8f8d-7bdb4cb4587c:c0]
2019-09-17 12:23:08,853 [java.util.concurrent.ThreadPoolExecutor$Worker@17044d63[State = -1, empty queue]] WARN  server.GrpcLogAppender (GrpcLogAppender.java:timeoutAppendRequest(200)) - 7689548e-5f49-4f36-9667-e46ba21e9ae3@group-C0075F260562->a5f9b548-b989-4807-80f4-ff576b54977d-GrpcLogAppender: appendEntries Timeout, request=7689548e-5f49-4f36-9667-e46ba21e9ae3->a5f9b548-b989-4807-80f4-ff576b54977d#54-t2, previous=(t:2, i:20), leaderCommit=16, initializing? false, entries: <empty>
2019-09-17 12:23:09,106 [grpc-default-executor-3] INFO  client.GrpcClientProtocolClient (GrpcClientProtocolClient.java:onNext(264)) - client-78E47205FAC6->84b9980c-7545-47f2-8f8d-7bdb4cb4587c: receive RaftClientReply:client-78E47205FAC6->84b9980c-7545-47f2-8f8d-7bdb4cb4587c@group-5D4E048AB16A, cid=42, SUCCESS, logIndex=1, commits[84b9980c-7545-47f2-8f8d-7bdb4cb4587c:c1, 89060399-4494-4f9b-b1c5-9635c65f7453:c0, ba884459-fbaf-490e-9b71-3c718ea82914:c0]
2019-09-17 12:23:09,210 [grpc-default-executor-3] INFO  client.GrpcClientProtocolClient (GrpcClientProtocolClient.java:onNext(264)) - client-78E47205FAC6->84b9980c-7545-47f2-8f8d-7bdb4cb4587c: receive RaftClientReply:client-78E47205FAC6->84b9980c-7545-47f2-8f8d-7bdb4cb4587c@group-5D4E048AB16A, cid=43, SUCCESS, logIndex=3, commits[84b9980c-7545-47f2-8f8d-7bdb4cb4587c:c8, 89060399-4494-4f9b-b1c5-9635c65f7453:c6, ba884459-fbaf-490e-9b71-3c718ea82914:c6]
2019-09-17 12:23:09,210 [grpc-default-executor-3] INFO  client.GrpcClientProtocolClient (GrpcClientProtocolClient.java:onNext(264)) - client-78E47205FAC6->84b9980c-7545-47f2-8f8d-7bdb4cb4587c: receive RaftClientReply:client-78E47205FAC6->84b9980c-7545-47f2-8f8d-7bdb4cb4587c@group-5D4E048AB16A, cid=44, SUCCESS, logIndex=4, commits[84b9980c-7545-47f2-8f8d-7bdb4cb4587c:c8, 89060399-4494-4f9b-b1c5-9635c65f7453:c6, ba884459-fbaf-490e-9b71-3c718ea82914:c6]
2019-09-17 12:23:09,353 [java.util.concurrent.ThreadPoolExecutor$Worker@17044d63[State = -1, empty queue]] WARN  server.GrpcLogAppender (GrpcLogAppender.java:timeoutAppendRequest(200)) - 7689548e-5f49-4f36-9667-e46ba21e9ae3@group-C0075F260562->a5f9b548-b989-4807-80f4-ff576b54977d-GrpcLogAppender: appendEntries Timeout, request=7689548e-5f49-4f36-9667-e46ba21e9ae3->a5f9b548-b989-4807-80f4-ff576b54977d#55-t2, previous=(t:2, i:20), leaderCommit=16, initializing? false, entries: <empty>
2019-09-17 12:23:09,358 [grpc-default-executor-1] INFO  client.GrpcClientProtocolClient (GrpcClientProtocolClient.java:onNext(264)) - client-78E47205FAC6->84b9980c-7545-47f2-8f8d-7bdb4cb4587c: receive RaftClientReply:client-78E47205FAC6->84b9980c-7545-47f2-8f8d-7bdb4cb4587c@group-5D4E048AB16A, cid=45, SUCCESS, logIndex=6, commits[84b9980c-7545-47f2-8f8d-7bdb4cb4587c:c8, 89060399-4494-4f9b-b1c5-9635c65f7453:c6, ba884459-fbaf-490e-9b71-3c718ea82914:c6]
2019-09-17 12:23:09,853 [java.util.concurrent.ThreadPoolExecutor$Worker@17044d63[State = -1, empty queue]] WARN  server.GrpcLogAppender (GrpcLogAppender.java:timeoutAppendRequest(200)) - 7689548e-5f49-4f36-9667-e46ba21e9ae3@group-C0075F260562->a5f9b548-b989-4807-80f4-ff576b54977d-GrpcLogAppender: appendEntries Timeout, request=7689548e-5f49-4f36-9667-e46ba21e9ae3->a5f9b548-b989-4807-80f4-ff576b54977d#56-t2, previous=(t:2, i:20), leaderCommit=16, initializing? false, entries: <empty>
2019-09-17 12:23:09,949 [Datanode State Machine Thread - 0] INFO  statemachine.DatanodeStateMachine (DatanodeStateMachine.java:lambda$startDaemon$0(350)) - Ozone container server started.
2019-09-17 12:23:10,344 [a5f9b548-b989-4807-80f4-ff576b54977d@group-C0075F260562-SegmentedRaftLogWorker] WARN  segmented.SegmentedRaftLogWorker (SegmentedRaftLogWorker.java:getFromFuture(90)) - Timeout 1/~
org.apache.ratis.protocol.TimeoutIOException: Timeout 10s: WriteLog:17: (t:2, i:17), STATEMACHINELOGENTRY, client-0F6212053E58, cid=38-writeStateMachineData
	at org.apache.ratis.util.IOUtils.getFromFuture(IOUtils.java:87)
	at org.apache.ratis.server.raftlog.segmented.SegmentedRaftLogWorker$StateMachineDataPolicy.getFromFuture(SegmentedRaftLogWorker.java:87)
	at org.apache.ratis.server.raftlog.segmented.SegmentedRaftLogWorker$WriteLog.execute(SegmentedRaftLogWorker.java:477)
	at org.apache.ratis.server.raftlog.segmented.SegmentedRaftLogWorker.run(SegmentedRaftLogWorker.java:289)
	at java.lang.Thread.run(Thread.java:748)
Caused by: java.util.concurrent.TimeoutException
	at java.util.concurrent.CompletableFuture.timedGet(CompletableFuture.java:1771)
	at java.util.concurrent.CompletableFuture.get(CompletableFuture.java:1915)
	at org.apache.ratis.util.IOUtils.getFromFuture(IOUtils.java:79)
	... 4 more
2019-09-17 12:23:10,354 [java.util.concurrent.ThreadPoolExecutor$Worker@17044d63[State = -1, empty queue]] WARN  server.GrpcLogAppender (GrpcLogAppender.java:timeoutAppendRequest(200)) - 7689548e-5f49-4f36-9667-e46ba21e9ae3@group-C0075F260562->a5f9b548-b989-4807-80f4-ff576b54977d-GrpcLogAppender: appendEntries Timeout, request=7689548e-5f49-4f36-9667-e46ba21e9ae3->a5f9b548-b989-4807-80f4-ff576b54977d#57-t2, previous=(t:2, i:20), leaderCommit=16, initializing? false, entries: <empty>
2019-09-17 12:23:10,524 [7689548e-5f49-4f36-9667-e46ba21e9ae3@group-C0075F260562-SegmentedRaftLogWorker] WARN  segmented.SegmentedRaftLogWorker (SegmentedRaftLogWorker.java:getFromFuture(90)) - Timeout 1/~
org.apache.ratis.protocol.TimeoutIOException: Timeout 10s: WriteLog:19: (t:2, i:19), STATEMACHINELOGENTRY, client-0F6212053E58, cid=40-writeStateMachineData
	at org.apache.ratis.util.IOUtils.getFromFuture(IOUtils.java:87)
	at org.apache.ratis.server.raftlog.segmented.SegmentedRaftLogWorker$StateMachineDataPolicy.getFromFuture(SegmentedRaftLogWorker.java:87)
	at org.apache.ratis.server.raftlog.segmented.SegmentedRaftLogWorker$WriteLog.execute(SegmentedRaftLogWorker.java:477)
	at org.apache.ratis.server.raftlog.segmented.SegmentedRaftLogWorker.run(SegmentedRaftLogWorker.java:289)
	at java.lang.Thread.run(Thread.java:748)
Caused by: java.util.concurrent.TimeoutException
	at java.util.concurrent.CompletableFuture.timedGet(CompletableFuture.java:1771)
	at java.util.concurrent.CompletableFuture.get(CompletableFuture.java:1915)
	at org.apache.ratis.util.IOUtils.getFromFuture(IOUtils.java:79)
	... 4 more
2019-09-17 12:23:10,854 [java.util.concurrent.ThreadPoolExecutor$Worker@17044d63[State = -1, empty queue]] WARN  server.GrpcLogAppender (GrpcLogAppender.java:timeoutAppendRequest(200)) - 7689548e-5f49-4f36-9667-e46ba21e9ae3@group-C0075F260562->a5f9b548-b989-4807-80f4-ff576b54977d-GrpcLogAppender: appendEntries Timeout, request=7689548e-5f49-4f36-9667-e46ba21e9ae3->a5f9b548-b989-4807-80f4-ff576b54977d#58-t2, previous=(t:2, i:20), leaderCommit=16, initializing? false, entries: <empty>
2019-09-17 12:23:11,355 [java.util.concurrent.ThreadPoolExecutor$Worker@17044d63[State = -1, empty queue]] WARN  server.GrpcLogAppender (GrpcLogAppender.java:timeoutAppendRequest(200)) - 7689548e-5f49-4f36-9667-e46ba21e9ae3@group-C0075F260562->a5f9b548-b989-4807-80f4-ff576b54977d-GrpcLogAppender: appendEntries Timeout, request=7689548e-5f49-4f36-9667-e46ba21e9ae3->a5f9b548-b989-4807-80f4-ff576b54977d#59-t2, previous=(t:2, i:20), leaderCommit=16, initializing? false, entries: <empty>
2019-09-17 12:23:11,857 [java.util.concurrent.ThreadPoolExecutor$Worker@17044d63[State = -1, empty queue]] WARN  server.GrpcLogAppender (GrpcLogAppender.java:timeoutAppendRequest(200)) - 7689548e-5f49-4f36-9667-e46ba21e9ae3@group-C0075F260562->a5f9b548-b989-4807-80f4-ff576b54977d-GrpcLogAppender: appendEntries Timeout, request=7689548e-5f49-4f36-9667-e46ba21e9ae3->a5f9b548-b989-4807-80f4-ff576b54977d#60-t2, previous=(t:2, i:20), leaderCommit=16, initializing? false, entries: <empty>
2019-09-17 12:23:12,357 [java.util.concurrent.ThreadPoolExecutor$Worker@17044d63[State = -1, empty queue]] WARN  server.GrpcLogAppender (GrpcLogAppender.java:timeoutAppendRequest(200)) - 7689548e-5f49-4f36-9667-e46ba21e9ae3@group-C0075F260562->a5f9b548-b989-4807-80f4-ff576b54977d-GrpcLogAppender: appendEntries Timeout, request=7689548e-5f49-4f36-9667-e46ba21e9ae3->a5f9b548-b989-4807-80f4-ff576b54977d#61-t2, previous=(t:2, i:20), leaderCommit=16, initializing? false, entries: <empty>
2019-09-17 12:23:12,858 [java.util.concurrent.ThreadPoolExecutor$Worker@17044d63[State = -1, empty queue]] WARN  server.GrpcLogAppender (GrpcLogAppender.java:timeoutAppendRequest(200)) - 7689548e-5f49-4f36-9667-e46ba21e9ae3@group-C0075F260562->a5f9b548-b989-4807-80f4-ff576b54977d-GrpcLogAppender: appendEntries Timeout, request=7689548e-5f49-4f36-9667-e46ba21e9ae3->a5f9b548-b989-4807-80f4-ff576b54977d#62-t2, previous=(t:2, i:20), leaderCommit=16, initializing? false, entries: <empty>
2019-09-17 12:23:13,358 [java.util.concurrent.ThreadPoolExecutor$Worker@17044d63[State = -1, empty queue]] WARN  server.GrpcLogAppender (GrpcLogAppender.java:timeoutAppendRequest(200)) - 7689548e-5f49-4f36-9667-e46ba21e9ae3@group-C0075F260562->a5f9b548-b989-4807-80f4-ff576b54977d-GrpcLogAppender: appendEntries Timeout, request=7689548e-5f49-4f36-9667-e46ba21e9ae3->a5f9b548-b989-4807-80f4-ff576b54977d#63-t2, previous=(t:2, i:20), leaderCommit=16, initializing? false, entries: <empty>
2019-09-17 12:23:13,858 [java.util.concurrent.ThreadPoolExecutor$Worker@17044d63[State = -1, empty queue]] WARN  server.GrpcLogAppender (GrpcLogAppender.java:timeoutAppendRequest(200)) - 7689548e-5f49-4f36-9667-e46ba21e9ae3@group-C0075F260562->a5f9b548-b989-4807-80f4-ff576b54977d-GrpcLogAppender: appendEntries Timeout, request=7689548e-5f49-4f36-9667-e46ba21e9ae3->a5f9b548-b989-4807-80f4-ff576b54977d#64-t2, previous=(t:2, i:20), leaderCommit=16, initializing? false, entries: <empty>
2019-09-17 12:23:14,359 [java.util.concurrent.ThreadPoolExecutor$Worker@17044d63[State = -1, empty queue]] WARN  server.GrpcLogAppender (GrpcLogAppender.java:timeoutAppendRequest(200)) - 7689548e-5f49-4f36-9667-e46ba21e9ae3@group-C0075F260562->a5f9b548-b989-4807-80f4-ff576b54977d-GrpcLogAppender: appendEntries Timeout, request=7689548e-5f49-4f36-9667-e46ba21e9ae3->a5f9b548-b989-4807-80f4-ff576b54977d#65-t2, previous=(t:2, i:20), leaderCommit=16, initializing? false, entries: <empty>
2019-09-17 12:23:14,362 [main] INFO  ozoneimpl.OzoneContainer (OzoneContainer.java:stop(231)) - Attempting to stop container services.
2019-09-17 12:23:14,365 [main] INFO  impl.RaftServerProxy (RaftServerProxy.java:lambda$close$4(314)) - 0cdf7b9a-92f5-4bda-bda9-a502d9c924f1: close
2019-09-17 12:23:14,367 [main] INFO  impl.RaftServerImpl (RaftServerImpl.java:lambda$shutdown$3(251)) - 0cdf7b9a-92f5-4bda-bda9-a502d9c924f1@group-4BD842CC8C88: shutdown
2019-09-17 12:23:14,367 [main] INFO  util.JmxRegister (JmxRegister.java:unregister(73)) - Successfully un-registered JMX Bean with object name Ratis:service=RaftServer,group=group-4BD842CC8C88,id=0cdf7b9a-92f5-4bda-bda9-a502d9c924f1
2019-09-17 12:23:14,368 [main] INFO  impl.RoleInfo (RoleInfo.java:shutdownLeaderState(104)) - 0cdf7b9a-92f5-4bda-bda9-a502d9c924f1: shutdown LeaderState
2019-09-17 12:23:14,368 [main] INFO  impl.PendingRequests (PendingRequests.java:sendNotLeaderResponses(202)) - 0cdf7b9a-92f5-4bda-bda9-a502d9c924f1-PendingRequests: sendNotLeaderResponses
2019-09-17 12:23:14,370 [main] INFO  impl.StateMachineUpdater (StateMachineUpdater.java:stopAndJoin(125)) - 0cdf7b9a-92f5-4bda-bda9-a502d9c924f1@group-4BD842CC8C88-StateMachineUpdater: set stopIndex = 0
2019-09-17 12:23:14,371 [main] INFO  impl.RaftServerImpl (ServerState.java:close(385)) - 0cdf7b9a-92f5-4bda-bda9-a502d9c924f1@group-4BD842CC8C88: closes. applyIndex: 0
2019-09-17 12:23:14,372 [0cdf7b9a-92f5-4bda-bda9-a502d9c924f1@group-4BD842CC8C88-SegmentedRaftLogWorker] INFO  segmented.SegmentedRaftLogWorker (SegmentedRaftLogWorker.java:run(313)) - 0cdf7b9a-92f5-4bda-bda9-a502d9c924f1@group-4BD842CC8C88-SegmentedRaftLogWorker was interrupted, exiting. There are 0 tasks remaining in the queue.
2019-09-17 12:23:14,376 [main] INFO  segmented.SegmentedRaftLogWorker (SegmentedRaftLogWorker.java:close(228)) - 0cdf7b9a-92f5-4bda-bda9-a502d9c924f1@group-4BD842CC8C88-SegmentedRaftLogWorker close()
2019-09-17 12:23:14,379 [main] INFO  impl.RaftServerImpl (RaftServerImpl.java:lambda$shutdown$3(251)) - 0cdf7b9a-92f5-4bda-bda9-a502d9c924f1@group-97FAE486DEE6: shutdown
2019-09-17 12:23:14,379 [main] INFO  util.JmxRegister (JmxRegister.java:unregister(73)) - Successfully un-registered JMX Bean with object name Ratis:service=RaftServer,group=group-97FAE486DEE6,id=0cdf7b9a-92f5-4bda-bda9-a502d9c924f1
2019-09-17 12:23:14,380 [main] INFO  impl.RoleInfo (RoleInfo.java:shutdownFollowerState(121)) - 0cdf7b9a-92f5-4bda-bda9-a502d9c924f1: shutdown FollowerState
2019-09-17 12:23:14,380 [main] INFO  impl.StateMachineUpdater (StateMachineUpdater.java:stopAndJoin(125)) - 0cdf7b9a-92f5-4bda-bda9-a502d9c924f1@group-97FAE486DEE6-StateMachineUpdater: set stopIndex = 16
2019-09-17 12:23:14,380 [Thread-429] INFO  impl.FollowerState (FollowerState.java:run(115)) - 0cdf7b9a-92f5-4bda-bda9-a502d9c924f1: FollowerState was interrupted: java.lang.InterruptedException: sleep interrupted
2019-09-17 12:23:14,380 [0cdf7b9a-92f5-4bda-bda9-a502d9c924f1@group-97FAE486DEE6-StateMachineUpdater] INFO  ratis.ContainerStateMachine (ContainerStateMachine.java:takeSnapshot(289)) - group-97FAE486DEE6: Taking a snapshot at:(t:2, i:12) file /tmp/workdir/hadoop-ozone/integration-test/target/test-dir/MiniOzoneClusterImpl-97cb6072-9315-4ed4-9dbe-1bfff40012a1/datanode-9/data/ratis/9b5a26d8-4bf8-4066-8c9b-97fae486dee6/sm/snapshot.2_12
2019-09-17 12:23:14,431 [0cdf7b9a-92f5-4bda-bda9-a502d9c924f1@group-97FAE486DEE6-StateMachineUpdater] INFO  ratis.ContainerStateMachine (ContainerStateMachine.java:takeSnapshot(300)) - group-97FAE486DEE6: Finished taking a snapshot at:(t:2, i:12) file:/tmp/workdir/hadoop-ozone/integration-test/target/test-dir/MiniOzoneClusterImpl-97cb6072-9315-4ed4-9dbe-1bfff40012a1/datanode-9/data/ratis/9b5a26d8-4bf8-4066-8c9b-97fae486dee6/sm/snapshot.2_12 time:51
2019-09-17 12:23:14,437 [0cdf7b9a-92f5-4bda-bda9-a502d9c924f1@group-97FAE486DEE6-StateMachineUpdater] INFO  impl.StateMachineUpdater (StateMachineUpdater.java:takeSnapshot(258)) - 0cdf7b9a-92f5-4bda-bda9-a502d9c924f1@group-97FAE486DEE6-StateMachineUpdater: Took a snapshot at index 12
2019-09-17 12:23:14,439 [0cdf7b9a-92f5-4bda-bda9-a502d9c924f1@group-97FAE486DEE6-StateMachineUpdater] INFO  impl.StateMachineUpdater (StateMachineUpdater.java:lambda$new$0(83)) - 0cdf7b9a-92f5-4bda-bda9-a502d9c924f1@group-97FAE486DEE6-StateMachineUpdater: snapshotIndex: updateIncreasingly -1 -> 12
2019-09-17 12:23:14,446 [0cdf7b9a-92f5-4bda-bda9-a502d9c924f1@group-97FAE486DEE6-StateMachineUpdater] INFO  ratis.ContainerStateMachine (ContainerStateMachine.java:takeSnapshot(289)) - group-97FAE486DEE6: Taking a snapshot at:(t:2, i:12) file /tmp/workdir/hadoop-ozone/integration-test/target/test-dir/MiniOzoneClusterImpl-97cb6072-9315-4ed4-9dbe-1bfff40012a1/datanode-9/data/ratis/9b5a26d8-4bf8-4066-8c9b-97fae486dee6/sm/snapshot.2_12
2019-09-17 12:23:14,465 [0cdf7b9a-92f5-4bda-bda9-a502d9c924f1@group-97FAE486DEE6-StateMachineUpdater] INFO  ratis.ContainerStateMachine (ContainerStateMachine.java:takeSnapshot(300)) - group-97FAE486DEE6: Finished taking a snapshot at:(t:2, i:12) file:/tmp/workdir/hadoop-ozone/integration-test/target/test-dir/MiniOzoneClusterImpl-97cb6072-9315-4ed4-9dbe-1bfff40012a1/datanode-9/data/ratis/9b5a26d8-4bf8-4066-8c9b-97fae486dee6/sm/snapshot.2_12 time:18
2019-09-17 12:23:14,465 [0cdf7b9a-92f5-4bda-bda9-a502d9c924f1@group-97FAE486DEE6-StateMachineUpdater] INFO  impl.StateMachineUpdater (StateMachineUpdater.java:takeSnapshot(258)) - 0cdf7b9a-92f5-4bda-bda9-a502d9c924f1@group-97FAE486DEE6-StateMachineUpdater: Took a snapshot at index 12
2019-09-17 12:23:14,465 [0cdf7b9a-92f5-4bda-bda9-a502d9c924f1@group-97FAE486DEE6-StateMachineUpdater] INFO  impl.StateMachineUpdater (StateMachineUpdater.java:lambda$new$0(83)) - 0cdf7b9a-92f5-4bda-bda9-a502d9c924f1@group-97FAE486DEE6-StateMachineUpdater: snapshotIndex: updateIncreasingly 12 -> 12
2019-09-17 12:23:14,465 [main] INFO  impl.RaftServerImpl (ServerState.java:close(385)) - 0cdf7b9a-92f5-4bda-bda9-a502d9c924f1@group-97FAE486DEE6: closes. applyIndex: 16
2019-09-17 12:23:14,466 [0cdf7b9a-92f5-4bda-bda9-a502d9c924f1@group-97FAE486DEE6-SegmentedRaftLogWorker] INFO  segmented.SegmentedRaftLogWorker (SegmentedRaftLogWorker.java:run(313)) - 0cdf7b9a-92f5-4bda-bda9-a502d9c924f1@group-97FAE486DEE6-SegmentedRaftLogWorker was interrupted, exiting. There are 0 tasks remaining in the queue.
2019-09-17 12:23:14,468 [main] INFO  segmented.SegmentedRaftLogWorker (SegmentedRaftLogWorker.java:close(228)) - 0cdf7b9a-92f5-4bda-bda9-a502d9c924f1@group-97FAE486DEE6-SegmentedRaftLogWorker close()
2019-09-17 12:23:14,475 [main] INFO  server.GrpcService (GrpcService.java:closeImpl(164)) - 0cdf7b9a-92f5-4bda-bda9-a502d9c924f1: shutdown server with port 42251 now
2019-09-17 12:23:14,486 [main] INFO  server.GrpcService (GrpcService.java:closeImpl(172)) - 0cdf7b9a-92f5-4bda-bda9-a502d9c924f1: shutdown server with port 42251 successfully
2019-09-17 12:23:14,487 [grpc-default-executor-3] WARN  server.GrpcServerProtocolService (LogUtils.java:warn(134)) - 0cdf7b9a-92f5-4bda-bda9-a502d9c924f1: installSnapshot onError, lastRequest: ed86af58-6365-40b3-a78c-ef8881f9dd1e->0cdf7b9a-92f5-4bda-bda9-a502d9c924f1#66-t2, previous=(t:2, i:16), leaderCommit=16, initializing? false, entries: <empty>: org.apache.ratis.thirdparty.io.grpc.StatusRuntimeException: CANCELLED: cancelled before receiving half close
2019-09-17 12:23:14,488 [grpc-default-executor-5] WARN  server.GrpcLogAppender (LogUtils.java:warn(134)) - ed86af58-6365-40b3-a78c-ef8881f9dd1e@group-97FAE486DEE6->0cdf7b9a-92f5-4bda-bda9-a502d9c924f1-AppendLogResponseHandler: Failed appendEntries: org.apache.ratis.thirdparty.io.grpc.StatusRuntimeException: CANCELLED: HTTP/2 error code: CANCEL
Received Rst Stream
2019-09-17 12:23:14,496 [grpc-default-executor-5] INFO  impl.FollowerInfo (FollowerInfo.java:lambda$new$0(51)) - ed86af58-6365-40b3-a78c-ef8881f9dd1e@group-97FAE486DEE6->0cdf7b9a-92f5-4bda-bda9-a502d9c924f1: nextIndex: updateUnconditionally 17 -> 16
2019-09-17 12:23:14,505 [refreshUsed-/tmp/workdir/hadoop-ozone/integration-test/target/test-dir/MiniOzoneClusterImpl-97cb6072-9315-4ed4-9dbe-1bfff40012a1/datanode-9/data/containers] WARN  fs.CachingGetSpaceUsed (CachingGetSpaceUsed.java:run(183)) - Thread Interrupted waiting to refresh disk information: sleep interrupted
2019-09-17 12:23:14,522 [main] INFO  utils.BackgroundService (BackgroundService.java:shutdown(148)) - Shutting down service BlockDeletingService
2019-09-17 12:23:14,532 [main] INFO  statemachine.DatanodeStateMachine (DatanodeStateMachine.java:stopDaemon(395)) - Ozone container server stopped.
2019-09-17 12:23:14,538 [main] INFO  handler.ContextHandler (ContextHandler.java:doStop(910)) - Stopped o.e.j.w.WebAppContext@2c8c16c0{/,null,UNAVAILABLE}{/hddsDatanode}
2019-09-17 12:23:14,544 [main] INFO  server.AbstractConnector (AbstractConnector.java:doStop(318)) - Stopped ServerConnector@80bfa9d{HTTP/1.1,[http/1.1]}{0.0.0.0:0}
2019-09-17 12:23:14,544 [main] INFO  handler.ContextHandler (ContextHandler.java:doStop(910)) - Stopped o.e.j.s.ServletContextHandler@5ad5be4a{/static,jar:file:/home/user/.m2/repository/org/apache/hadoop/hadoop-hdds-container-service/0.5.0-SNAPSHOT/hadoop-hdds-container-service-0.5.0-SNAPSHOT.jar!/webapps/static,UNAVAILABLE}
2019-09-17 12:23:14,544 [main] INFO  handler.ContextHandler (ContextHandler.java:doStop(910)) - Stopped o.e.j.s.ServletContextHandler@1b7a52dd{/logs,file:///tmp/workdir/hadoop-ozone/integration-test/target/log,UNAVAILABLE}
2019-09-17 12:23:14,598 [grpc-default-executor-3] INFO  client.GrpcClientProtocolClient (GrpcClientProtocolClient.java:onNext(264)) - client-78E47205FAC6->84b9980c-7545-47f2-8f8d-7bdb4cb4587c: receive RaftClientReply:client-78E47205FAC6->84b9980c-7545-47f2-8f8d-7bdb4cb4587c@group-5D4E048AB16A, cid=46, SUCCESS, logIndex=9, commits[84b9980c-7545-47f2-8f8d-7bdb4cb4587c:c12, 89060399-4494-4f9b-b1c5-9635c65f7453:c8, ba884459-fbaf-490e-9b71-3c718ea82914:c8]
2019-09-17 12:23:14,600 [grpc-default-executor-3] INFO  client.GrpcClientProtocolClient (GrpcClientProtocolClient.java:onNext(264)) - client-78E47205FAC6->84b9980c-7545-47f2-8f8d-7bdb4cb4587c: receive RaftClientReply:client-78E47205FAC6->84b9980c-7545-47f2-8f8d-7bdb4cb4587c@group-5D4E048AB16A, cid=47, SUCCESS, logIndex=10, commits[84b9980c-7545-47f2-8f8d-7bdb4cb4587c:c12, 89060399-4494-4f9b-b1c5-9635c65f7453:c8, ba884459-fbaf-490e-9b71-3c718ea82914:c8]
2019-09-17 12:23:14,600 [grpc-default-executor-3] INFO  client.GrpcClientProtocolClient (GrpcClientProtocolClient.java:onNext(264)) - client-78E47205FAC6->84b9980c-7545-47f2-8f8d-7bdb4cb4587c: receive RaftClientReply:client-78E47205FAC6->84b9980c-7545-47f2-8f8d-7bdb4cb4587c@group-5D4E048AB16A, cid=48, SUCCESS, logIndex=11, commits[84b9980c-7545-47f2-8f8d-7bdb4cb4587c:c12, 89060399-4494-4f9b-b1c5-9635c65f7453:c8, ba884459-fbaf-490e-9b71-3c718ea82914:c8]
2019-09-17 12:23:14,601 [grpc-default-executor-3] INFO  client.GrpcClientProtocolClient (GrpcClientProtocolClient.java:onNext(264)) - client-78E47205FAC6->84b9980c-7545-47f2-8f8d-7bdb4cb4587c: receive RaftClientReply:client-78E47205FAC6->84b9980c-7545-47f2-8f8d-7bdb4cb4587c@group-5D4E048AB16A, cid=49, SUCCESS, logIndex=12, commits[84b9980c-7545-47f2-8f8d-7bdb4cb4587c:c12, 89060399-4494-4f9b-b1c5-9635c65f7453:c8, ba884459-fbaf-490e-9b71-3c718ea82914:c8]
2019-09-17 12:23:14,614 [grpc-default-executor-3] INFO  client.GrpcClientProtocolClient (GrpcClientProtocolClient.java:onNext(264)) - client-78E47205FAC6->84b9980c-7545-47f2-8f8d-7bdb4cb4587c: receive RaftClientReply:client-78E47205FAC6->84b9980c-7545-47f2-8f8d-7bdb4cb4587c@group-5D4E048AB16A, cid=50, SUCCESS, logIndex=0, commits[84b9980c-7545-47f2-8f8d-7bdb4cb4587c:c14, 89060399-4494-4f9b-b1c5-9635c65f7453:c12, ba884459-fbaf-490e-9b71-3c718ea82914:c12]
2019-09-17 12:23:14,617 [grpc-default-executor-3] INFO  client.GrpcClientProtocolClient (GrpcClientProtocolClient.java:onNext(264)) - client-78E47205FAC6->84b9980c-7545-47f2-8f8d-7bdb4cb4587c: receive RaftClientReply:client-78E47205FAC6->84b9980c-7545-47f2-8f8d-7bdb4cb4587c@group-5D4E048AB16A, cid=51, SUCCESS, logIndex=0, commits[84b9980c-7545-47f2-8f8d-7bdb4cb4587c:c14, 89060399-4494-4f9b-b1c5-9635c65f7453:c12, ba884459-fbaf-490e-9b71-3c718ea82914:c12]
2019-09-17 12:23:14,770 [grpc-default-executor-5] WARN  server.GrpcLogAppender (LogUtils.java:warn(134)) - ed86af58-6365-40b3-a78c-ef8881f9dd1e@group-97FAE486DEE6->0cdf7b9a-92f5-4bda-bda9-a502d9c924f1-AppendLogResponseHandler: Failed appendEntries: org.apache.ratis.thirdparty.io.grpc.StatusRuntimeException: UNAVAILABLE: io exception
2019-09-17 12:23:14,773 [grpc-default-executor-5] INFO  impl.FollowerInfo (FollowerInfo.java:lambda$new$0(51)) - ed86af58-6365-40b3-a78c-ef8881f9dd1e@group-97FAE486DEE6->0cdf7b9a-92f5-4bda-bda9-a502d9c924f1: nextIndex: updateUnconditionally 16 -> 15
2019-09-17 12:23:14,859 [java.util.concurrent.ThreadPoolExecutor$Worker@17044d63[State = -1, empty queue]] WARN  server.GrpcLogAppender (GrpcLogAppender.java:timeoutAppendRequest(200)) - 7689548e-5f49-4f36-9667-e46ba21e9ae3@group-C0075F260562->a5f9b548-b989-4807-80f4-ff576b54977d-GrpcLogAppender: appendEntries Timeout, request=7689548e-5f49-4f36-9667-e46ba21e9ae3->a5f9b548-b989-4807-80f4-ff576b54977d#66-t2, previous=(t:2, i:20), leaderCommit=16, initializing? false, entries: <empty>
2019-09-17 12:23:15,270 [grpc-default-executor-5] WARN  server.GrpcLogAppender (LogUtils.java:warn(134)) - ed86af58-6365-40b3-a78c-ef8881f9dd1e@group-97FAE486DEE6->0cdf7b9a-92f5-4bda-bda9-a502d9c924f1-AppendLogResponseHandler: Failed appendEntries: org.apache.ratis.thirdparty.io.grpc.StatusRuntimeException: UNAVAILABLE: io exception
2019-09-17 12:23:15,274 [grpc-default-executor-5] INFO  impl.FollowerInfo (FollowerInfo.java:lambda$new$0(51)) - ed86af58-6365-40b3-a78c-ef8881f9dd1e@group-97FAE486DEE6->0cdf7b9a-92f5-4bda-bda9-a502d9c924f1: nextIndex: updateUnconditionally 15 -> 14
2019-09-17 12:23:15,363 [java.util.concurrent.ThreadPoolExecutor$Worker@17044d63[State = -1, empty queue]] WARN  server.GrpcLogAppender (GrpcLogAppender.java:timeoutAppendRequest(200)) - 7689548e-5f49-4f36-9667-e46ba21e9ae3@group-C0075F260562->a5f9b548-b989-4807-80f4-ff576b54977d-GrpcLogAppender: appendEntries Timeout, request=7689548e-5f49-4f36-9667-e46ba21e9ae3->a5f9b548-b989-4807-80f4-ff576b54977d#67-t2, previous=(t:2, i:20), leaderCommit=16, initializing? false, entries: <empty>
2019-09-17 12:23:15,703 [grpc-default-executor-5] INFO  client.GrpcClientProtocolClient (GrpcClientProtocolClient.java:onNext(264)) - client-241B9C7C1C46->ef58021b-0245-4b2a-b464-78c332d31a33: receive RaftClientReply:client-241B9C7C1C46->ef58021b-0245-4b2a-b464-78c332d31a33@group-97FAE486DEE6, cid=52, FAILED org.apache.ratis.protocol.NotLeaderException: Server ef58021b-0245-4b2a-b464-78c332d31a33@group-97FAE486DEE6 is not the leader ed86af58-6365-40b3-a78c-ef8881f9dd1e:192.168.5.130:38034, logIndex=0, commits[ef58021b-0245-4b2a-b464-78c332d31a33:c16, ed86af58-6365-40b3-a78c-ef8881f9dd1e:c16, 0cdf7b9a-92f5-4bda-bda9-a502d9c924f1:c16]
2019-09-17 12:23:15,727 [grpc-default-executor-3] WARN  server.GrpcLogAppender (LogUtils.java:warn(134)) - ed86af58-6365-40b3-a78c-ef8881f9dd1e@group-97FAE486DEE6->0cdf7b9a-92f5-4bda-bda9-a502d9c924f1-AppendLogResponseHandler: Failed appendEntries: org.apache.ratis.thirdparty.io.grpc.StatusRuntimeException: UNAVAILABLE: io exception
2019-09-17 12:23:15,738 [grpc-default-executor-3] INFO  impl.FollowerInfo (FollowerInfo.java:lambda$new$0(51)) - ed86af58-6365-40b3-a78c-ef8881f9dd1e@group-97FAE486DEE6->0cdf7b9a-92f5-4bda-bda9-a502d9c924f1: nextIndex: updateUnconditionally 15 -> 14
2019-09-17 12:23:15,860 [java.util.concurrent.ThreadPoolExecutor$Worker@17044d63[State = -1, empty queue]] WARN  server.GrpcLogAppender (GrpcLogAppender.java:timeoutAppendRequest(200)) - 7689548e-5f49-4f36-9667-e46ba21e9ae3@group-C0075F260562->a5f9b548-b989-4807-80f4-ff576b54977d-GrpcLogAppender: appendEntries Timeout, request=7689548e-5f49-4f36-9667-e46ba21e9ae3->a5f9b548-b989-4807-80f4-ff576b54977d#68-t2, previous=(t:2, i:20), leaderCommit=16, initializing? false, entries: <empty>
2019-09-17 12:23:15,910 [grpc-default-executor-5] INFO  client.GrpcClientProtocolClient (GrpcClientProtocolClient.java:onNext(264)) - client-241B9C7C1C46->ed86af58-6365-40b3-a78c-ef8881f9dd1e: receive RaftClientReply:client-241B9C7C1C46->ed86af58-6365-40b3-a78c-ef8881f9dd1e@group-97FAE486DEE6, cid=52, SUCCESS, logIndex=17, commits[ed86af58-6365-40b3-a78c-ef8881f9dd1e:c17, 0cdf7b9a-92f5-4bda-bda9-a502d9c924f1:c16, ef58021b-0245-4b2a-b464-78c332d31a33:c16]
2019-09-17 12:23:15,910 [grpc-default-executor-6] WARN  server.GrpcLogAppender (LogUtils.java:warn(134)) - ed86af58-6365-40b3-a78c-ef8881f9dd1e@group-97FAE486DEE6->0cdf7b9a-92f5-4bda-bda9-a502d9c924f1-AppendLogResponseHandler: Failed appendEntries: org.apache.ratis.thirdparty.io.grpc.StatusRuntimeException: UNAVAILABLE: io exception
2019-09-17 12:23:15,914 [grpc-default-executor-6] INFO  impl.FollowerInfo (FollowerInfo.java:lambda$new$0(51)) - ed86af58-6365-40b3-a78c-ef8881f9dd1e@group-97FAE486DEE6->0cdf7b9a-92f5-4bda-bda9-a502d9c924f1: nextIndex: updateUnconditionally 15 -> 14
2019-09-17 12:23:15,925 [grpc-default-executor-1] WARN  server.GrpcLogAppender (LogUtils.java:warn(134)) - ed86af58-6365-40b3-a78c-ef8881f9dd1e@group-97FAE486DEE6->0cdf7b9a-92f5-4bda-bda9-a502d9c924f1-AppendLogResponseHandler: Failed appendEntries: org.apache.ratis.thirdparty.io.grpc.StatusRuntimeException: UNAVAILABLE: io exception
2019-09-17 12:23:15,928 [grpc-default-executor-1] INFO  impl.FollowerInfo (FollowerInfo.java:lambda$new$0(51)) - ed86af58-6365-40b3-a78c-ef8881f9dd1e@group-97FAE486DEE6->0cdf7b9a-92f5-4bda-bda9-a502d9c924f1: nextIndex: updateUnconditionally 15 -> 14
2019-09-17 12:23:15,932 [grpc-default-executor-6] WARN  server.GrpcLogAppender (LogUtils.java:warn(134)) - ed86af58-6365-40b3-a78c-ef8881f9dd1e@group-97FAE486DEE6->0cdf7b9a-92f5-4bda-bda9-a502d9c924f1-AppendLogResponseHandler: Failed appendEntries: org.apache.ratis.thirdparty.io.grpc.StatusRuntimeException: UNAVAILABLE: io exception
2019-09-17 12:23:15,935 [grpc-default-executor-6] INFO  impl.FollowerInfo (FollowerInfo.java:lambda$new$0(51)) - ed86af58-6365-40b3-a78c-ef8881f9dd1e@group-97FAE486DEE6->0cdf7b9a-92f5-4bda-bda9-a502d9c924f1: nextIndex: updateUnconditionally 15 -> 14
2019-09-17 12:23:15,946 [grpc-default-executor-5] WARN  server.GrpcLogAppender (LogUtils.java:warn(134)) - ed86af58-6365-40b3-a78c-ef8881f9dd1e@group-97FAE486DEE6->0cdf7b9a-92f5-4bda-bda9-a502d9c924f1-AppendLogResponseHandler: Failed appendEntries: org.apache.ratis.thirdparty.io.grpc.StatusRuntimeException: UNAVAILABLE: io exception
2019-09-17 12:23:15,949 [grpc-default-executor-5] INFO  impl.FollowerInfo (FollowerInfo.java:lambda$new$0(51)) - ed86af58-6365-40b3-a78c-ef8881f9dd1e@group-97FAE486DEE6->0cdf7b9a-92f5-4bda-bda9-a502d9c924f1: nextIndex: updateUnconditionally 15 -> 14
2019-09-17 12:23:15,955 [grpc-default-executor-6] WARN  server.GrpcLogAppender (LogUtils.java:warn(134)) - ed86af58-6365-40b3-a78c-ef8881f9dd1e@group-97FAE486DEE6->0cdf7b9a-92f5-4bda-bda9-a502d9c924f1-AppendLogResponseHandler: Failed appendEntries: org.apache.ratis.thirdparty.io.grpc.StatusRuntimeException: UNAVAILABLE: io exception
2019-09-17 12:23:15,958 [grpc-default-executor-6] INFO  impl.FollowerInfo (FollowerInfo.java:lambda$new$0(51)) - ed86af58-6365-40b3-a78c-ef8881f9dd1e@group-97FAE486DEE6->0cdf7b9a-92f5-4bda-bda9-a502d9c924f1: nextIndex: updateUnconditionally 15 -> 14
2019-09-17 12:23:16,101 [grpc-default-executor-6] INFO  client.GrpcClientProtocolClient (GrpcClientProtocolClient.java:onNext(264)) - client-241B9C7C1C46->ed86af58-6365-40b3-a78c-ef8881f9dd1e: receive RaftClientReply:client-241B9C7C1C46->ed86af58-6365-40b3-a78c-ef8881f9dd1e@group-97FAE486DEE6, cid=53, SUCCESS, logIndex=19, commits[ed86af58-6365-40b3-a78c-ef8881f9dd1e:c24, 0cdf7b9a-92f5-4bda-bda9-a502d9c924f1:c16, ef58021b-0245-4b2a-b464-78c332d31a33:c21]
2019-09-17 12:23:16,101 [grpc-default-executor-6] INFO  client.GrpcClientProtocolClient (GrpcClientProtocolClient.java:onNext(264)) - client-241B9C7C1C46->ed86af58-6365-40b3-a78c-ef8881f9dd1e: receive RaftClientReply:client-241B9C7C1C46->ed86af58-6365-40b3-a78c-ef8881f9dd1e@group-97FAE486DEE6, cid=54, SUCCESS, logIndex=20, commits[ed86af58-6365-40b3-a78c-ef8881f9dd1e:c24, 0cdf7b9a-92f5-4bda-bda9-a502d9c924f1:c16, ef58021b-0245-4b2a-b464-78c332d31a33:c21]
2019-09-17 12:23:16,169 [grpc-default-executor-5] INFO  client.GrpcClientProtocolClient (GrpcClientProtocolClient.java:onNext(264)) - client-241B9C7C1C46->ed86af58-6365-40b3-a78c-ef8881f9dd1e: receive RaftClientReply:client-241B9C7C1C46->ed86af58-6365-40b3-a78c-ef8881f9dd1e@group-97FAE486DEE6, cid=55, SUCCESS, logIndex=21, commits[ed86af58-6365-40b3-a78c-ef8881f9dd1e:c24, 0cdf7b9a-92f5-4bda-bda9-a502d9c924f1:c16, ef58021b-0245-4b2a-b464-78c332d31a33:c21]
2019-09-17 12:23:16,360 [java.util.concurrent.ThreadPoolExecutor$Worker@17044d63[State = -1, empty queue]] WARN  server.GrpcLogAppender (GrpcLogAppender.java:timeoutAppendRequest(200)) - 7689548e-5f49-4f36-9667-e46ba21e9ae3@group-C0075F260562->a5f9b548-b989-4807-80f4-ff576b54977d-GrpcLogAppender: appendEntries Timeout, request=7689548e-5f49-4f36-9667-e46ba21e9ae3->a5f9b548-b989-4807-80f4-ff576b54977d#69-t2, previous=(t:2, i:20), leaderCommit=16, initializing? false, entries: <empty>
2019-09-17 12:23:16,458 [grpc-default-executor-1] WARN  server.GrpcLogAppender (LogUtils.java:warn(134)) - ed86af58-6365-40b3-a78c-ef8881f9dd1e@group-97FAE486DEE6->0cdf7b9a-92f5-4bda-bda9-a502d9c924f1-AppendLogResponseHandler: Failed appendEntries: org.apache.ratis.thirdparty.io.grpc.StatusRuntimeException: UNAVAILABLE: io exception
2019-09-17 12:23:16,463 [grpc-default-executor-1] INFO  impl.FollowerInfo (FollowerInfo.java:lambda$new$0(51)) - ed86af58-6365-40b3-a78c-ef8881f9dd1e@group-97FAE486DEE6->0cdf7b9a-92f5-4bda-bda9-a502d9c924f1: nextIndex: updateUnconditionally 14 -> 13
2019-09-17 12:23:16,861 [java.util.concurrent.ThreadPoolExecutor$Worker@17044d63[State = -1, empty queue]] WARN  server.GrpcLogAppender (GrpcLogAppender.java:timeoutAppendRequest(200)) - 7689548e-5f49-4f36-9667-e46ba21e9ae3@group-C0075F260562->a5f9b548-b989-4807-80f4-ff576b54977d-GrpcLogAppender: appendEntries Timeout, request=7689548e-5f49-4f36-9667-e46ba21e9ae3->a5f9b548-b989-4807-80f4-ff576b54977d#70-t2, previous=(t:2, i:20), leaderCommit=16, initializing? false, entries: <empty>
2019-09-17 12:23:16,959 [grpc-default-executor-5] WARN  server.GrpcLogAppender (LogUtils.java:warn(134)) - ed86af58-6365-40b3-a78c-ef8881f9dd1e@group-97FAE486DEE6->0cdf7b9a-92f5-4bda-bda9-a502d9c924f1-AppendLogResponseHandler: Failed appendEntries: org.apache.ratis.thirdparty.io.grpc.StatusRuntimeException: UNAVAILABLE: io exception
2019-09-17 12:23:16,964 [grpc-default-executor-5] INFO  impl.FollowerInfo (FollowerInfo.java:lambda$new$0(51)) - ed86af58-6365-40b3-a78c-ef8881f9dd1e@group-97FAE486DEE6->0cdf7b9a-92f5-4bda-bda9-a502d9c924f1: nextIndex: updateUnconditionally 13 -> 12
2019-09-17 12:23:17,361 [java.util.concurrent.ThreadPoolExecutor$Worker@17044d63[State = -1, empty queue]] WARN  server.GrpcLogAppender (GrpcLogAppender.java:timeoutAppendRequest(200)) - 7689548e-5f49-4f36-9667-e46ba21e9ae3@group-C0075F260562->a5f9b548-b989-4807-80f4-ff576b54977d-GrpcLogAppender: appendEntries Timeout, request=7689548e-5f49-4f36-9667-e46ba21e9ae3->a5f9b548-b989-4807-80f4-ff576b54977d#71-t2, previous=(t:2, i:20), leaderCommit=16, initializing? false, entries: <empty>
2019-09-17 12:23:17,460 [grpc-default-executor-6] WARN  server.GrpcLogAppender (LogUtils.java:warn(134)) - ed86af58-6365-40b3-a78c-ef8881f9dd1e@group-97FAE486DEE6->0cdf7b9a-92f5-4bda-bda9-a502d9c924f1-AppendLogResponseHandler: Failed appendEntries: org.apache.ratis.thirdparty.io.grpc.StatusRuntimeException: UNAVAILABLE: io exception
2019-09-17 12:23:17,464 [grpc-default-executor-6] INFO  impl.FollowerInfo (FollowerInfo.java:lambda$new$0(51)) - ed86af58-6365-40b3-a78c-ef8881f9dd1e@group-97FAE486DEE6->0cdf7b9a-92f5-4bda-bda9-a502d9c924f1: nextIndex: updateUnconditionally 12 -> 11
2019-09-17 12:23:17,861 [java.util.concurrent.ThreadPoolExecutor$Worker@17044d63[State = -1, empty queue]] WARN  server.GrpcLogAppender (GrpcLogAppender.java:timeoutAppendRequest(200)) - 7689548e-5f49-4f36-9667-e46ba21e9ae3@group-C0075F260562->a5f9b548-b989-4807-80f4-ff576b54977d-GrpcLogAppender: appendEntries Timeout, request=7689548e-5f49-4f36-9667-e46ba21e9ae3->a5f9b548-b989-4807-80f4-ff576b54977d#72-t2, previous=(t:2, i:20), leaderCommit=16, initializing? false, entries: <empty>
2019-09-17 12:23:17,961 [grpc-default-executor-5] WARN  server.GrpcLogAppender (LogUtils.java:warn(134)) - ed86af58-6365-40b3-a78c-ef8881f9dd1e@group-97FAE486DEE6->0cdf7b9a-92f5-4bda-bda9-a502d9c924f1-AppendLogResponseHandler: Failed appendEntries: org.apache.ratis.thirdparty.io.grpc.StatusRuntimeException: UNAVAILABLE: io exception
2019-09-17 12:23:17,965 [grpc-default-executor-5] INFO  impl.FollowerInfo (FollowerInfo.java:lambda$new$0(51)) - ed86af58-6365-40b3-a78c-ef8881f9dd1e@group-97FAE486DEE6->0cdf7b9a-92f5-4bda-bda9-a502d9c924f1: nextIndex: updateUnconditionally 11 -> 10
2019-09-17 12:23:18,363 [java.util.concurrent.ThreadPoolExecutor$Worker@17044d63[State = -1, empty queue]] WARN  server.GrpcLogAppender (GrpcLogAppender.java:timeoutAppendRequest(200)) - 7689548e-5f49-4f36-9667-e46ba21e9ae3@group-C0075F260562->a5f9b548-b989-4807-80f4-ff576b54977d-GrpcLogAppender: appendEntries Timeout, request=7689548e-5f49-4f36-9667-e46ba21e9ae3->a5f9b548-b989-4807-80f4-ff576b54977d#73-t2, previous=(t:2, i:20), leaderCommit=16, initializing? false, entries: <empty>
2019-09-17 12:23:18,464 [grpc-default-executor-6] WARN  server.GrpcLogAppender (LogUtils.java:warn(134)) - ed86af58-6365-40b3-a78c-ef8881f9dd1e@group-97FAE486DEE6->0cdf7b9a-92f5-4bda-bda9-a502d9c924f1-AppendLogResponseHandler: Failed appendEntries: org.apache.ratis.thirdparty.io.grpc.StatusRuntimeException: UNAVAILABLE: io exception
2019-09-17 12:23:18,474 [grpc-default-executor-6] INFO  impl.FollowerInfo (FollowerInfo.java:lambda$new$0(51)) - ed86af58-6365-40b3-a78c-ef8881f9dd1e@group-97FAE486DEE6->0cdf7b9a-92f5-4bda-bda9-a502d9c924f1: nextIndex: updateUnconditionally 10 -> 9
2019-09-17 12:23:18,864 [java.util.concurrent.ThreadPoolExecutor$Worker@17044d63[State = -1, empty queue]] WARN  server.GrpcLogAppender (GrpcLogAppender.java:timeoutAppendRequest(200)) - 7689548e-5f49-4f36-9667-e46ba21e9ae3@group-C0075F260562->a5f9b548-b989-4807-80f4-ff576b54977d-GrpcLogAppender: appendEntries Timeout, request=7689548e-5f49-4f36-9667-e46ba21e9ae3->a5f9b548-b989-4807-80f4-ff576b54977d#74-t2, previous=(t:2, i:20), leaderCommit=16, initializing? false, entries: <empty>
2019-09-17 12:23:18,964 [grpc-default-executor-5] WARN  server.GrpcLogAppender (LogUtils.java:warn(134)) - ed86af58-6365-40b3-a78c-ef8881f9dd1e@group-97FAE486DEE6->0cdf7b9a-92f5-4bda-bda9-a502d9c924f1-AppendLogResponseHandler: Failed appendEntries: org.apache.ratis.thirdparty.io.grpc.StatusRuntimeException: UNAVAILABLE: io exception
2019-09-17 12:23:18,970 [grpc-default-executor-5] INFO  impl.FollowerInfo (FollowerInfo.java:lambda$new$0(51)) - ed86af58-6365-40b3-a78c-ef8881f9dd1e@group-97FAE486DEE6->0cdf7b9a-92f5-4bda-bda9-a502d9c924f1: nextIndex: updateUnconditionally 9 -> 8
2019-09-17 12:23:19,364 [java.util.concurrent.ThreadPoolExecutor$Worker@17044d63[State = -1, empty queue]] WARN  server.GrpcLogAppender (GrpcLogAppender.java:timeoutAppendRequest(200)) - 7689548e-5f49-4f36-9667-e46ba21e9ae3@group-C0075F260562->a5f9b548-b989-4807-80f4-ff576b54977d-GrpcLogAppender: appendEntries Timeout, request=7689548e-5f49-4f36-9667-e46ba21e9ae3->a5f9b548-b989-4807-80f4-ff576b54977d#75-t2, previous=(t:2, i:20), leaderCommit=16, initializing? false, entries: <empty>
2019-09-17 12:23:19,468 [grpc-default-executor-6] WARN  server.GrpcLogAppender (LogUtils.java:warn(134)) - ed86af58-6365-40b3-a78c-ef8881f9dd1e@group-97FAE486DEE6->0cdf7b9a-92f5-4bda-bda9-a502d9c924f1-AppendLogResponseHandler: Failed appendEntries: org.apache.ratis.thirdparty.io.grpc.StatusRuntimeException: UNAVAILABLE: io exception
2019-09-17 12:23:19,475 [grpc-default-executor-6] INFO  impl.FollowerInfo (FollowerInfo.java:lambda$new$0(51)) - ed86af58-6365-40b3-a78c-ef8881f9dd1e@group-97FAE486DEE6->0cdf7b9a-92f5-4bda-bda9-a502d9c924f1: nextIndex: updateUnconditionally 8 -> 7
2019-09-17 12:23:19,864 [java.util.concurrent.ThreadPoolExecutor$Worker@17044d63[State = -1, empty queue]] WARN  server.GrpcLogAppender (GrpcLogAppender.java:timeoutAppendRequest(200)) - 7689548e-5f49-4f36-9667-e46ba21e9ae3@group-C0075F260562->a5f9b548-b989-4807-80f4-ff576b54977d-GrpcLogAppender: appendEntries Timeout, request=7689548e-5f49-4f36-9667-e46ba21e9ae3->a5f9b548-b989-4807-80f4-ff576b54977d#76-t2, previous=(t:2, i:20), leaderCommit=16, initializing? false, entries: <empty>
2019-09-17 12:23:19,969 [grpc-default-executor-1] WARN  server.GrpcLogAppender (LogUtils.java:warn(134)) - ed86af58-6365-40b3-a78c-ef8881f9dd1e@group-97FAE486DEE6->0cdf7b9a-92f5-4bda-bda9-a502d9c924f1-AppendLogResponseHandler: Failed appendEntries: org.apache.ratis.thirdparty.io.grpc.StatusRuntimeException: UNAVAILABLE: io exception
2019-09-17 12:23:19,973 [grpc-default-executor-1] INFO  impl.FollowerInfo (FollowerInfo.java:lambda$new$0(51)) - ed86af58-6365-40b3-a78c-ef8881f9dd1e@group-97FAE486DEE6->0cdf7b9a-92f5-4bda-bda9-a502d9c924f1: nextIndex: updateUnconditionally 7 -> 6
2019-09-17 12:23:20,345 [a5f9b548-b989-4807-80f4-ff576b54977d@group-C0075F260562-SegmentedRaftLogWorker] WARN  segmented.SegmentedRaftLogWorker (SegmentedRaftLogWorker.java:getFromFuture(90)) - Timeout 2/~
org.apache.ratis.protocol.TimeoutIOException: Timeout 10s: WriteLog:17: (t:2, i:17), STATEMACHINELOGENTRY, client-0F6212053E58, cid=38-writeStateMachineData
	at org.apache.ratis.util.IOUtils.getFromFuture(IOUtils.java:87)
	at org.apache.ratis.server.raftlog.segmented.SegmentedRaftLogWorker$StateMachineDataPolicy.getFromFuture(SegmentedRaftLogWorker.java:87)
	at org.apache.ratis.server.raftlog.segmented.SegmentedRaftLogWorker$WriteLog.execute(SegmentedRaftLogWorker.java:477)
	at org.apache.ratis.server.raftlog.segmented.SegmentedRaftLogWorker.run(SegmentedRaftLogWorker.java:289)
	at java.lang.Thread.run(Thread.java:748)
Caused by: java.util.concurrent.TimeoutException
	at java.util.concurrent.CompletableFuture.timedGet(CompletableFuture.java:1771)
	at java.util.concurrent.CompletableFuture.get(CompletableFuture.java:1915)
	at org.apache.ratis.util.IOUtils.getFromFuture(IOUtils.java:79)
	... 4 more
2019-09-17 12:23:20,364 [java.util.concurrent.ThreadPoolExecutor$Worker@17044d63[State = -1, empty queue]] WARN  server.GrpcLogAppender (GrpcLogAppender.java:timeoutAppendRequest(200)) - 7689548e-5f49-4f36-9667-e46ba21e9ae3@group-C0075F260562->a5f9b548-b989-4807-80f4-ff576b54977d-GrpcLogAppender: appendEntries Timeout, request=7689548e-5f49-4f36-9667-e46ba21e9ae3->a5f9b548-b989-4807-80f4-ff576b54977d#77-t2, previous=(t:2, i:20), leaderCommit=16, initializing? false, entries: <empty>
2019-09-17 12:23:20,469 [grpc-default-executor-6] WARN  server.GrpcLogAppender (LogUtils.java:warn(134)) - ed86af58-6365-40b3-a78c-ef8881f9dd1e@group-97FAE486DEE6->0cdf7b9a-92f5-4bda-bda9-a502d9c924f1-AppendLogResponseHandler: Failed appendEntries: org.apache.ratis.thirdparty.io.grpc.StatusRuntimeException: UNAVAILABLE: io exception
2019-09-17 12:23:20,473 [grpc-default-executor-6] INFO  impl.FollowerInfo (FollowerInfo.java:lambda$new$0(51)) - ed86af58-6365-40b3-a78c-ef8881f9dd1e@group-97FAE486DEE6->0cdf7b9a-92f5-4bda-bda9-a502d9c924f1: nextIndex: updateUnconditionally 6 -> 5
2019-09-17 12:23:20,525 [7689548e-5f49-4f36-9667-e46ba21e9ae3@group-C0075F260562-SegmentedRaftLogWorker] WARN  segmented.SegmentedRaftLogWorker (SegmentedRaftLogWorker.java:getFromFuture(90)) - Timeout 2/~
org.apache.ratis.protocol.TimeoutIOException: Timeout 10s: WriteLog:19: (t:2, i:19), STATEMACHINELOGENTRY, client-0F6212053E58, cid=40-writeStateMachineData
	at org.apache.ratis.util.IOUtils.getFromFuture(IOUtils.java:87)
	at org.apache.ratis.server.raftlog.segmented.SegmentedRaftLogWorker$StateMachineDataPolicy.getFromFuture(SegmentedRaftLogWorker.java:87)
	at org.apache.ratis.server.raftlog.segmented.SegmentedRaftLogWorker$WriteLog.execute(SegmentedRaftLogWorker.java:477)
	at org.apache.ratis.server.raftlog.segmented.SegmentedRaftLogWorker.run(SegmentedRaftLogWorker.java:289)
	at java.lang.Thread.run(Thread.java:748)
Caused by: java.util.concurrent.TimeoutException
	at java.util.concurrent.CompletableFuture.timedGet(CompletableFuture.java:1771)
	at java.util.concurrent.CompletableFuture.get(CompletableFuture.java:1915)
	at org.apache.ratis.util.IOUtils.getFromFuture(IOUtils.java:79)
	... 4 more
2019-09-17 12:23:20,865 [java.util.concurrent.ThreadPoolExecutor$Worker@17044d63[State = -1, empty queue]] WARN  server.GrpcLogAppender (GrpcLogAppender.java:timeoutAppendRequest(200)) - 7689548e-5f49-4f36-9667-e46ba21e9ae3@group-C0075F260562->a5f9b548-b989-4807-80f4-ff576b54977d-GrpcLogAppender: appendEntries Timeout, request=7689548e-5f49-4f36-9667-e46ba21e9ae3->a5f9b548-b989-4807-80f4-ff576b54977d#78-t2, previous=(t:2, i:20), leaderCommit=16, initializing? false, entries: <empty>
2019-09-17 12:23:20,970 [grpc-default-executor-5] WARN  server.GrpcLogAppender (LogUtils.java:warn(134)) - ed86af58-6365-40b3-a78c-ef8881f9dd1e@group-97FAE486DEE6->0cdf7b9a-92f5-4bda-bda9-a502d9c924f1-AppendLogResponseHandler: Failed appendEntries: org.apache.ratis.thirdparty.io.grpc.StatusRuntimeException: UNAVAILABLE: io exception
2019-09-17 12:23:20,978 [grpc-default-executor-5] INFO  impl.FollowerInfo (FollowerInfo.java:lambda$new$0(51)) - ed86af58-6365-40b3-a78c-ef8881f9dd1e@group-97FAE486DEE6->0cdf7b9a-92f5-4bda-bda9-a502d9c924f1: nextIndex: updateUnconditionally 5 -> 4
2019-09-17 12:23:21,171 [main] WARN  scm.XceiverClientRatis (XceiverClientRatis.java:watchForCommit(262)) - 3 way commit failed on pipeline Pipeline[ Id: 9b5a26d8-4bf8-4066-8c9b-97fae486dee6, Nodes: 0cdf7b9a-92f5-4bda-bda9-a502d9c924f1{ip: 192.168.5.130, host: pr-hdds-2136-chhj8-2666454444, networkLocation: /default-rack, certSerialId: null}ed86af58-6365-40b3-a78c-ef8881f9dd1e{ip: 192.168.5.130, host: pr-hdds-2136-chhj8-2666454444, networkLocation: /default-rack, certSerialId: null}ef58021b-0245-4b2a-b464-78c332d31a33{ip: 192.168.5.130, host: pr-hdds-2136-chhj8-2666454444, networkLocation: /default-rack, certSerialId: null}, Type:RATIS, Factor:THREE, State:OPEN]
java.util.concurrent.TimeoutException
	at java.util.concurrent.CompletableFuture.timedGet(CompletableFuture.java:1771)
	at java.util.concurrent.CompletableFuture.get(CompletableFuture.java:1915)
	at org.apache.hadoop.hdds.scm.XceiverClientRatis.watchForCommit(XceiverClientRatis.java:259)
	at org.apache.hadoop.hdds.scm.storage.CommitWatcher.watchForCommit(CommitWatcher.java:194)
	at org.apache.hadoop.hdds.scm.storage.CommitWatcher.watchOnFirstIndex(CommitWatcher.java:135)
	at org.apache.hadoop.hdds.scm.storage.BlockOutputStream.watchForCommit(BlockOutputStream.java:347)
	at org.apache.hadoop.hdds.scm.storage.BlockOutputStream.handleFullBuffer(BlockOutputStream.java:324)
	at org.apache.hadoop.hdds.scm.storage.BlockOutputStream.write(BlockOutputStream.java:251)
	at org.apache.hadoop.ozone.client.io.BlockOutputStreamEntry.write(BlockOutputStreamEntry.java:129)
	at org.apache.hadoop.ozone.client.io.KeyOutputStream.handleWrite(KeyOutputStream.java:211)
	at org.apache.hadoop.ozone.client.io.KeyOutputStream.write(KeyOutputStream.java:193)
	at org.apache.hadoop.ozone.client.io.OzoneOutputStream.write(OzoneOutputStream.java:49)
	at java.io.OutputStream.write(OutputStream.java:75)
	at org.apache.hadoop.ozone.client.rpc.TestMultiBlockWritesWithDnFailures.testMultiBlockWritesWithIntermittentDnFailures(TestMultiBlockWritesWithDnFailures.java:192)
	at sun.reflect.NativeMethodAccessorImpl.invoke0(Native Method)
	at sun.reflect.NativeMethodAccessorImpl.invoke(NativeMethodAccessorImpl.java:62)
	at sun.reflect.DelegatingMethodAccessorImpl.invoke(DelegatingMethodAccessorImpl.java:43)
	at java.lang.reflect.Method.invoke(Method.java:498)
	at org.junit.runners.model.FrameworkMethod$1.runReflectiveCall(FrameworkMethod.java:47)
	at org.junit.internal.runners.model.ReflectiveCallable.run(ReflectiveCallable.java:12)
	at org.junit.runners.model.FrameworkMethod.invokeExplosively(FrameworkMethod.java:44)
	at org.junit.internal.runners.statements.InvokeMethod.evaluate(InvokeMethod.java:17)
	at org.junit.internal.runners.statements.RunAfters.evaluate(RunAfters.java:27)
	at org.junit.runners.ParentRunner.runLeaf(ParentRunner.java:271)
	at org.junit.runners.BlockJUnit4ClassRunner.runChild(BlockJUnit4ClassRunner.java:70)
	at org.junit.runners.BlockJUnit4ClassRunner.runChild(BlockJUnit4ClassRunner.java:50)
	at org.junit.runners.ParentRunner$3.run(ParentRunner.java:238)
	at org.junit.runners.ParentRunner$1.schedule(ParentRunner.java:63)
	at org.junit.runners.ParentRunner.runChildren(ParentRunner.java:236)
	at org.junit.runners.ParentRunner.access$000(ParentRunner.java:53)
	at org.junit.runners.ParentRunner$2.evaluate(ParentRunner.java:229)
	at org.junit.runners.ParentRunner.run(ParentRunner.java:309)
	at org.apache.maven.surefire.junit4.JUnit4Provider.execute(JUnit4Provider.java:365)
	at org.apache.maven.surefire.junit4.JUnit4Provider.executeWithRerun(JUnit4Provider.java:273)
	at org.apache.maven.surefire.junit4.JUnit4Provider.executeTestSet(JUnit4Provider.java:238)
	at org.apache.maven.surefire.junit4.JUnit4Provider.invoke(JUnit4Provider.java:159)
	at org.apache.maven.surefire.booter.ForkedBooter.invokeProviderInSameClassLoader(ForkedBooter.java:384)
	at org.apache.maven.surefire.booter.ForkedBooter.runSuitesInProcess(ForkedBooter.java:345)
	at org.apache.maven.surefire.booter.ForkedBooter.execute(ForkedBooter.java:126)
	at org.apache.maven.surefire.booter.ForkedBooter.main(ForkedBooter.java:418)
2019-09-17 12:23:21,174 [grpc-default-executor-5] INFO  client.GrpcClientProtocolClient (GrpcClientProtocolClient.java:onNext(264)) - client-241B9C7C1C46->ed86af58-6365-40b3-a78c-ef8881f9dd1e: receive RaftClientReply:client-241B9C7C1C46->ed86af58-6365-40b3-a78c-ef8881f9dd1e@group-97FAE486DEE6, cid=57, SUCCESS, logIndex=0, commits[ed86af58-6365-40b3-a78c-ef8881f9dd1e:c24, 0cdf7b9a-92f5-4bda-bda9-a502d9c924f1:c16, ef58021b-0245-4b2a-b464-78c332d31a33:c24]
2019-09-17 12:23:21,180 [main] INFO  scm.XceiverClientRatis (XceiverClientRatis.java:lambda$watchForCommit$7(280)) - Could not commit index 19 on pipeline Pipeline[ Id: 9b5a26d8-4bf8-4066-8c9b-97fae486dee6, Nodes: 0cdf7b9a-92f5-4bda-bda9-a502d9c924f1{ip: 192.168.5.130, host: pr-hdds-2136-chhj8-2666454444, networkLocation: /default-rack, certSerialId: null}ed86af58-6365-40b3-a78c-ef8881f9dd1e{ip: 192.168.5.130, host: pr-hdds-2136-chhj8-2666454444, networkLocation: /default-rack, certSerialId: null}ef58021b-0245-4b2a-b464-78c332d31a33{ip: 192.168.5.130, host: pr-hdds-2136-chhj8-2666454444, networkLocation: /default-rack, certSerialId: null}, Type:RATIS, Factor:THREE, State:OPEN] to all the nodes. Server 0cdf7b9a-92f5-4bda-bda9-a502d9c924f1 has failed. Committed by majority.
2019-09-17 12:23:21,183 [main] WARN  storage.BlockOutputStream (BlockOutputStream.java:watchForCommit(353)) - Failed to commit BlockId conID: 6 locID: 102807830177251335 bcsId: 21 on Pipeline[ Id: 9b5a26d8-4bf8-4066-8c9b-97fae486dee6, Nodes: 0cdf7b9a-92f5-4bda-bda9-a502d9c924f1{ip: 192.168.5.130, host: pr-hdds-2136-chhj8-2666454444, networkLocation: /default-rack, certSerialId: null}ed86af58-6365-40b3-a78c-ef8881f9dd1e{ip: 192.168.5.130, host: pr-hdds-2136-chhj8-2666454444, networkLocation: /default-rack, certSerialId: null}ef58021b-0245-4b2a-b464-78c332d31a33{ip: 192.168.5.130, host: pr-hdds-2136-chhj8-2666454444, networkLocation: /default-rack, certSerialId: null}, Type:RATIS, Factor:THREE, State:OPEN]. Failed nodes: [0cdf7b9a-92f5-4bda-bda9-a502d9c924f1{ip: null, host: null, networkLocation: /default-rack, certSerialId: null}]
2019-09-17 12:23:21,255 [grpc-default-executor-1] WARN  server.GrpcLogAppender (LogUtils.java:warn(134)) - ed86af58-6365-40b3-a78c-ef8881f9dd1e@group-97FAE486DEE6->0cdf7b9a-92f5-4bda-bda9-a502d9c924f1-AppendLogResponseHandler: Failed appendEntries: org.apache.ratis.thirdparty.io.grpc.StatusRuntimeException: UNAVAILABLE: io exception
2019-09-17 12:23:21,259 [grpc-default-executor-1] INFO  impl.FollowerInfo (FollowerInfo.java:lambda$new$0(51)) - ed86af58-6365-40b3-a78c-ef8881f9dd1e@group-97FAE486DEE6->0cdf7b9a-92f5-4bda-bda9-a502d9c924f1: nextIndex: updateUnconditionally 5 -> 4
2019-09-17 12:23:21,260 [grpc-default-executor-1] INFO  client.GrpcClientProtocolClient (GrpcClientProtocolClient.java:onNext(264)) - client-241B9C7C1C46->ed86af58-6365-40b3-a78c-ef8881f9dd1e: receive RaftClientReply:client-241B9C7C1C46->ed86af58-6365-40b3-a78c-ef8881f9dd1e@group-97FAE486DEE6, cid=58, SUCCESS, logIndex=25, commits[ed86af58-6365-40b3-a78c-ef8881f9dd1e:c26, 0cdf7b9a-92f5-4bda-bda9-a502d9c924f1:c16, ef58021b-0245-4b2a-b464-78c332d31a33:c24]
2019-09-17 12:23:21,261 [grpc-default-executor-5] INFO  client.GrpcClientProtocolClient (GrpcClientProtocolClient.java:onNext(264)) - client-241B9C7C1C46->ed86af58-6365-40b3-a78c-ef8881f9dd1e: receive RaftClientReply:client-241B9C7C1C46->ed86af58-6365-40b3-a78c-ef8881f9dd1e@group-97FAE486DEE6, cid=59, SUCCESS, logIndex=26, commits[ed86af58-6365-40b3-a78c-ef8881f9dd1e:c26, 0cdf7b9a-92f5-4bda-bda9-a502d9c924f1:c16, ef58021b-0245-4b2a-b464-78c332d31a33:c24]
2019-09-17 12:23:21,265 [grpc-default-executor-6] WARN  server.GrpcLogAppender (LogUtils.java:warn(134)) - ed86af58-6365-40b3-a78c-ef8881f9dd1e@group-97FAE486DEE6->0cdf7b9a-92f5-4bda-bda9-a502d9c924f1-AppendLogResponseHandler: Failed appendEntries: org.apache.ratis.thirdparty.io.grpc.StatusRuntimeException: UNAVAILABLE: io exception
2019-09-17 12:23:21,267 [grpc-default-executor-6] INFO  impl.FollowerInfo (FollowerInfo.java:lambda$new$0(51)) - ed86af58-6365-40b3-a78c-ef8881f9dd1e@group-97FAE486DEE6->0cdf7b9a-92f5-4bda-bda9-a502d9c924f1: nextIndex: updateUnconditionally 5 -> 4
2019-09-17 12:23:21,365 [java.util.concurrent.ThreadPoolExecutor$Worker@17044d63[State = -1, empty queue]] WARN  server.GrpcLogAppender (GrpcLogAppender.java:timeoutAppendRequest(200)) - 7689548e-5f49-4f36-9667-e46ba21e9ae3@group-C0075F260562->a5f9b548-b989-4807-80f4-ff576b54977d-GrpcLogAppender: appendEntries Timeout, request=7689548e-5f49-4f36-9667-e46ba21e9ae3->a5f9b548-b989-4807-80f4-ff576b54977d#79-t2, previous=(t:2, i:20), leaderCommit=16, initializing? false, entries: <empty>
2019-09-17 12:23:21,766 [grpc-default-executor-5] WARN  server.GrpcLogAppender (LogUtils.java:warn(134)) - ed86af58-6365-40b3-a78c-ef8881f9dd1e@group-97FAE486DEE6->0cdf7b9a-92f5-4bda-bda9-a502d9c924f1-AppendLogResponseHandler: Failed appendEntries: org.apache.ratis.thirdparty.io.grpc.StatusRuntimeException: UNAVAILABLE: io exception
2019-09-17 12:23:21,770 [grpc-default-executor-5] INFO  impl.FollowerInfo (FollowerInfo.java:lambda$new$0(51)) - ed86af58-6365-40b3-a78c-ef8881f9dd1e@group-97FAE486DEE6->0cdf7b9a-92f5-4bda-bda9-a502d9c924f1: nextIndex: updateUnconditionally 4 -> 3
2019-09-17 12:23:21,865 [java.util.concurrent.ThreadPoolExecutor$Worker@17044d63[State = -1, empty queue]] WARN  server.GrpcLogAppender (GrpcLogAppender.java:timeoutAppendRequest(200)) - 7689548e-5f49-4f36-9667-e46ba21e9ae3@group-C0075F260562->a5f9b548-b989-4807-80f4-ff576b54977d-GrpcLogAppender: appendEntries Timeout, request=7689548e-5f49-4f36-9667-e46ba21e9ae3->a5f9b548-b989-4807-80f4-ff576b54977d#80-t2, previous=(t:2, i:20), leaderCommit=16, initializing? false, entries: <empty>
2019-09-17 12:23:21,885 [Datanode State Machine Thread - 0] INFO  statemachine.DatanodeStateMachine (DatanodeStateMachine.java:lambda$startDaemon$0(350)) - Ozone container server started.
2019-09-17 12:23:22,267 [grpc-default-executor-1] WARN  server.GrpcLogAppender (LogUtils.java:warn(134)) - ed86af58-6365-40b3-a78c-ef8881f9dd1e@group-97FAE486DEE6->0cdf7b9a-92f5-4bda-bda9-a502d9c924f1-AppendLogResponseHandler: Failed appendEntries: org.apache.ratis.thirdparty.io.grpc.StatusRuntimeException: UNAVAILABLE: io exception
2019-09-17 12:23:22,271 [grpc-default-executor-1] INFO  impl.FollowerInfo (FollowerInfo.java:lambda$new$0(51)) - ed86af58-6365-40b3-a78c-ef8881f9dd1e@group-97FAE486DEE6->0cdf7b9a-92f5-4bda-bda9-a502d9c924f1: nextIndex: updateUnconditionally 3 -> 2
2019-09-17 12:23:22,366 [java.util.concurrent.ThreadPoolExecutor$Worker@17044d63[State = -1, empty queue]] WARN  server.GrpcLogAppender (GrpcLogAppender.java:timeoutAppendRequest(200)) - 7689548e-5f49-4f36-9667-e46ba21e9ae3@group-C0075F260562->a5f9b548-b989-4807-80f4-ff576b54977d-GrpcLogAppender: appendEntries Timeout, request=7689548e-5f49-4f36-9667-e46ba21e9ae3->a5f9b548-b989-4807-80f4-ff576b54977d#81-t2, previous=(t:2, i:20), leaderCommit=16, initializing? false, entries: <empty>
2019-09-17 12:23:22,768 [grpc-default-executor-5] WARN  server.GrpcLogAppender (LogUtils.java:warn(134)) - ed86af58-6365-40b3-a78c-ef8881f9dd1e@group-97FAE486DEE6->0cdf7b9a-92f5-4bda-bda9-a502d9c924f1-AppendLogResponseHandler: Failed appendEntries: org.apache.ratis.thirdparty.io.grpc.StatusRuntimeException: UNAVAILABLE: io exception
2019-09-17 12:23:22,779 [grpc-default-executor-5] INFO  impl.FollowerInfo (FollowerInfo.java:lambda$new$0(51)) - ed86af58-6365-40b3-a78c-ef8881f9dd1e@group-97FAE486DEE6->0cdf7b9a-92f5-4bda-bda9-a502d9c924f1: nextIndex: updateUnconditionally 2 -> 1
2019-09-17 12:23:22,866 [java.util.concurrent.ThreadPoolExecutor$Worker@17044d63[State = -1, empty queue]] WARN  server.GrpcLogAppender (GrpcLogAppender.java:timeoutAppendRequest(200)) - 7689548e-5f49-4f36-9667-e46ba21e9ae3@group-C0075F260562->a5f9b548-b989-4807-80f4-ff576b54977d-GrpcLogAppender: appendEntries Timeout, request=7689548e-5f49-4f36-9667-e46ba21e9ae3->a5f9b548-b989-4807-80f4-ff576b54977d#82-t2, previous=(t:2, i:20), leaderCommit=16, initializing? false, entries: <empty>
2019-09-17 12:23:23,270 [grpc-default-executor-6] WARN  server.GrpcLogAppender (LogUtils.java:warn(134)) - ed86af58-6365-40b3-a78c-ef8881f9dd1e@group-97FAE486DEE6->0cdf7b9a-92f5-4bda-bda9-a502d9c924f1-AppendLogResponseHandler: Failed appendEntries: org.apache.ratis.thirdparty.io.grpc.StatusRuntimeException: UNAVAILABLE: io exception
2019-09-17 12:23:23,271 [grpc-default-executor-6] INFO  impl.FollowerInfo (FollowerInfo.java:lambda$new$0(51)) - ed86af58-6365-40b3-a78c-ef8881f9dd1e@group-97FAE486DEE6->0cdf7b9a-92f5-4bda-bda9-a502d9c924f1: nextIndex: updateUnconditionally 1 -> 0
2019-09-17 12:23:23,366 [java.util.concurrent.ThreadPoolExecutor$Worker@17044d63[State = -1, empty queue]] WARN  server.GrpcLogAppender (GrpcLogAppender.java:timeoutAppendRequest(200)) - 7689548e-5f49-4f36-9667-e46ba21e9ae3@group-C0075F260562->a5f9b548-b989-4807-80f4-ff576b54977d-GrpcLogAppender: appendEntries Timeout, request=7689548e-5f49-4f36-9667-e46ba21e9ae3->a5f9b548-b989-4807-80f4-ff576b54977d#83-t2, previous=(t:2, i:20), leaderCommit=16, initializing? false, entries: <empty>
2019-09-17 12:23:23,772 [grpc-default-executor-5] WARN  server.GrpcLogAppender (LogUtils.java:warn(134)) - ed86af58-6365-40b3-a78c-ef8881f9dd1e@group-97FAE486DEE6->0cdf7b9a-92f5-4bda-bda9-a502d9c924f1-AppendLogResponseHandler: Failed appendEntries: org.apache.ratis.thirdparty.io.grpc.StatusRuntimeException: UNAVAILABLE: io exception
2019-09-17 12:23:23,773 [grpc-default-executor-5] INFO  impl.FollowerInfo (FollowerInfo.java:lambda$new$0(51)) - ed86af58-6365-40b3-a78c-ef8881f9dd1e@group-97FAE486DEE6->0cdf7b9a-92f5-4bda-bda9-a502d9c924f1: nextIndex: updateUnconditionally 0 -> 0
2019-09-17 12:23:23,867 [java.util.concurrent.ThreadPoolExecutor$Worker@17044d63[State = -1, empty queue]] WARN  server.GrpcLogAppender (GrpcLogAppender.java:timeoutAppendRequest(200)) - 7689548e-5f49-4f36-9667-e46ba21e9ae3@group-C0075F260562->a5f9b548-b989-4807-80f4-ff576b54977d-GrpcLogAppender: appendEntries Timeout, request=7689548e-5f49-4f36-9667-e46ba21e9ae3->a5f9b548-b989-4807-80f4-ff576b54977d#84-t2, previous=(t:2, i:20), leaderCommit=16, initializing? false, entries: <empty>
2019-09-17 12:23:24,278 [grpc-default-executor-1] WARN  server.GrpcLogAppender (LogUtils.java:warn(134)) - ed86af58-6365-40b3-a78c-ef8881f9dd1e@group-97FAE486DEE6->0cdf7b9a-92f5-4bda-bda9-a502d9c924f1-AppendLogResponseHandler: Failed appendEntries: org.apache.ratis.thirdparty.io.grpc.StatusRuntimeException: UNAVAILABLE: io exception
2019-09-17 12:23:24,279 [grpc-default-executor-1] INFO  impl.FollowerInfo (FollowerInfo.java:lambda$new$0(51)) - ed86af58-6365-40b3-a78c-ef8881f9dd1e@group-97FAE486DEE6->0cdf7b9a-92f5-4bda-bda9-a502d9c924f1: nextIndex: updateUnconditionally 0 -> 0
2019-09-17 12:23:24,367 [java.util.concurrent.ThreadPoolExecutor$Worker@17044d63[State = -1, empty queue]] WARN  server.GrpcLogAppender (GrpcLogAppender.java:timeoutAppendRequest(200)) - 7689548e-5f49-4f36-9667-e46ba21e9ae3@group-C0075F260562->a5f9b548-b989-4807-80f4-ff576b54977d-GrpcLogAppender: appendEntries Timeout, request=7689548e-5f49-4f36-9667-e46ba21e9ae3->a5f9b548-b989-4807-80f4-ff576b54977d#85-t2, previous=(t:2, i:20), leaderCommit=16, initializing? false, entries: <empty>
2019-09-17 12:23:24,779 [grpc-default-executor-6] WARN  server.GrpcLogAppender (LogUtils.java:warn(134)) - ed86af58-6365-40b3-a78c-ef8881f9dd1e@group-97FAE486DEE6->0cdf7b9a-92f5-4bda-bda9-a502d9c924f1-AppendLogResponseHandler: Failed appendEntries: org.apache.ratis.thirdparty.io.grpc.StatusRuntimeException: UNAVAILABLE: io exception
2019-09-17 12:23:24,779 [grpc-default-executor-6] INFO  impl.FollowerInfo (FollowerInfo.java:lambda$new$0(51)) - ed86af58-6365-40b3-a78c-ef8881f9dd1e@group-97FAE486DEE6->0cdf7b9a-92f5-4bda-bda9-a502d9c924f1: nextIndex: updateUnconditionally 0 -> 0
2019-09-17 12:23:24,867 [java.util.concurrent.ThreadPoolExecutor$Worker@17044d63[State = -1, empty queue]] WARN  server.GrpcLogAppender (GrpcLogAppender.java:timeoutAppendRequest(200)) - 7689548e-5f49-4f36-9667-e46ba21e9ae3@group-C0075F260562->a5f9b548-b989-4807-80f4-ff576b54977d-GrpcLogAppender: appendEntries Timeout, request=7689548e-5f49-4f36-9667-e46ba21e9ae3->a5f9b548-b989-4807-80f4-ff576b54977d#86-t2, previous=(t:2, i:20), leaderCommit=16, initializing? false, entries: <empty>
2019-09-17 12:23:25,281 [grpc-default-executor-1] WARN  server.GrpcLogAppender (LogUtils.java:warn(134)) - ed86af58-6365-40b3-a78c-ef8881f9dd1e@group-97FAE486DEE6->0cdf7b9a-92f5-4bda-bda9-a502d9c924f1-AppendLogResponseHandler: Failed appendEntries: org.apache.ratis.thirdparty.io.grpc.StatusRuntimeException: UNAVAILABLE: io exception
2019-09-17 12:23:25,282 [grpc-default-executor-1] INFO  impl.FollowerInfo (FollowerInfo.java:lambda$new$0(51)) - ed86af58-6365-40b3-a78c-ef8881f9dd1e@group-97FAE486DEE6->0cdf7b9a-92f5-4bda-bda9-a502d9c924f1: nextIndex: updateUnconditionally 0 -> 0
2019-09-17 12:23:25,367 [java.util.concurrent.ThreadPoolExecutor$Worker@17044d63[State = -1, empty queue]] WARN  server.GrpcLogAppender (GrpcLogAppender.java:timeoutAppendRequest(200)) - 7689548e-5f49-4f36-9667-e46ba21e9ae3@group-C0075F260562->a5f9b548-b989-4807-80f4-ff576b54977d-GrpcLogAppender: appendEntries Timeout, request=7689548e-5f49-4f36-9667-e46ba21e9ae3->a5f9b548-b989-4807-80f4-ff576b54977d#87-t2, previous=(t:2, i:20), leaderCommit=16, initializing? false, entries: <empty>
2019-09-17 12:23:25,782 [grpc-default-executor-6] WARN  server.GrpcLogAppender (LogUtils.java:warn(134)) - ed86af58-6365-40b3-a78c-ef8881f9dd1e@group-97FAE486DEE6->0cdf7b9a-92f5-4bda-bda9-a502d9c924f1-AppendLogResponseHandler: Failed appendEntries: org.apache.ratis.thirdparty.io.grpc.StatusRuntimeException: UNAVAILABLE: io exception
2019-09-17 12:23:25,783 [grpc-default-executor-6] INFO  impl.FollowerInfo (FollowerInfo.java:lambda$new$0(51)) - ed86af58-6365-40b3-a78c-ef8881f9dd1e@group-97FAE486DEE6->0cdf7b9a-92f5-4bda-bda9-a502d9c924f1: nextIndex: updateUnconditionally 0 -> 0
2019-09-17 12:23:25,868 [java.util.concurrent.ThreadPoolExecutor$Worker@17044d63[State = -1, empty queue]] WARN  server.GrpcLogAppender (GrpcLogAppender.java:timeoutAppendRequest(200)) - 7689548e-5f49-4f36-9667-e46ba21e9ae3@group-C0075F260562->a5f9b548-b989-4807-80f4-ff576b54977d-GrpcLogAppender: appendEntries Timeout, request=7689548e-5f49-4f36-9667-e46ba21e9ae3->a5f9b548-b989-4807-80f4-ff576b54977d#88-t2, previous=(t:2, i:20), leaderCommit=16, initializing? false, entries: <empty>
2019-09-17 12:23:26,265 [main] INFO  ozoneimpl.OzoneContainer (OzoneContainer.java:stop(231)) - Attempting to stop container services.
2019-09-17 12:23:26,265 [main] INFO  impl.RaftServerProxy (RaftServerProxy.java:lambda$close$4(314)) - ed86af58-6365-40b3-a78c-ef8881f9dd1e: close
2019-09-17 12:23:26,266 [main] INFO  impl.RaftServerImpl (RaftServerImpl.java:lambda$shutdown$3(251)) - ed86af58-6365-40b3-a78c-ef8881f9dd1e@group-8E1E9BA5F224: shutdown
2019-09-17 12:23:26,266 [main] INFO  util.JmxRegister (JmxRegister.java:unregister(73)) - Successfully un-registered JMX Bean with object name Ratis:service=RaftServer,group=group-8E1E9BA5F224,id=ed86af58-6365-40b3-a78c-ef8881f9dd1e
2019-09-17 12:23:26,267 [main] INFO  impl.RoleInfo (RoleInfo.java:shutdownLeaderState(104)) - ed86af58-6365-40b3-a78c-ef8881f9dd1e: shutdown LeaderState
2019-09-17 12:23:26,267 [main] INFO  impl.PendingRequests (PendingRequests.java:sendNotLeaderResponses(202)) - ed86af58-6365-40b3-a78c-ef8881f9dd1e-PendingRequests: sendNotLeaderResponses
2019-09-17 12:23:26,268 [main] INFO  impl.StateMachineUpdater (StateMachineUpdater.java:stopAndJoin(125)) - ed86af58-6365-40b3-a78c-ef8881f9dd1e@group-8E1E9BA5F224-StateMachineUpdater: set stopIndex = 0
2019-09-17 12:23:26,268 [main] INFO  impl.RaftServerImpl (ServerState.java:close(385)) - ed86af58-6365-40b3-a78c-ef8881f9dd1e@group-8E1E9BA5F224: closes. applyIndex: 0
2019-09-17 12:23:26,269 [ed86af58-6365-40b3-a78c-ef8881f9dd1e@group-8E1E9BA5F224-SegmentedRaftLogWorker] INFO  segmented.SegmentedRaftLogWorker (SegmentedRaftLogWorker.java:run(313)) - ed86af58-6365-40b3-a78c-ef8881f9dd1e@group-8E1E9BA5F224-SegmentedRaftLogWorker was interrupted, exiting. There are 0 tasks remaining in the queue.
2019-09-17 12:23:26,273 [main] INFO  segmented.SegmentedRaftLogWorker (SegmentedRaftLogWorker.java:close(228)) - ed86af58-6365-40b3-a78c-ef8881f9dd1e@group-8E1E9BA5F224-SegmentedRaftLogWorker close()
2019-09-17 12:23:26,276 [main] INFO  impl.RaftServerImpl (RaftServerImpl.java:lambda$shutdown$3(251)) - ed86af58-6365-40b3-a78c-ef8881f9dd1e@group-97FAE486DEE6: shutdown
2019-09-17 12:23:26,276 [main] INFO  util.JmxRegister (JmxRegister.java:unregister(73)) - Successfully un-registered JMX Bean with object name Ratis:service=RaftServer,group=group-97FAE486DEE6,id=ed86af58-6365-40b3-a78c-ef8881f9dd1e
2019-09-17 12:23:26,277 [main] INFO  impl.RoleInfo (RoleInfo.java:shutdownLeaderState(104)) - ed86af58-6365-40b3-a78c-ef8881f9dd1e: shutdown LeaderState
2019-09-17 12:23:26,280 [main] INFO  impl.PendingRequests (PendingRequests.java:sendNotLeaderResponses(202)) - ed86af58-6365-40b3-a78c-ef8881f9dd1e-PendingRequests: sendNotLeaderResponses
2019-09-17 12:23:26,280 [org.apache.ratis.server.impl.LogAppender$AppenderDaemon$$Lambda$514/1130408274@73458f8] WARN  server.GrpcLogAppender (GrpcLogAppender.java:mayWait(143)) - ed86af58-6365-40b3-a78c-ef8881f9dd1e@group-97FAE486DEE6->0cdf7b9a-92f5-4bda-bda9-a502d9c924f1-GrpcLogAppender: Wait interrupted by java.lang.InterruptedException
2019-09-17 12:23:26,280 [org.apache.ratis.server.impl.LogAppender$AppenderDaemon$$Lambda$514/1130408274@3aea5e41] WARN  server.GrpcLogAppender (GrpcLogAppender.java:mayWait(143)) - ed86af58-6365-40b3-a78c-ef8881f9dd1e@group-97FAE486DEE6->ef58021b-0245-4b2a-b464-78c332d31a33-GrpcLogAppender: Wait interrupted by java.lang.InterruptedException
2019-09-17 12:23:26,284 [main] INFO  impl.StateMachineUpdater (StateMachineUpdater.java:stopAndJoin(125)) - ed86af58-6365-40b3-a78c-ef8881f9dd1e@group-97FAE486DEE6-StateMachineUpdater: set stopIndex = 27
2019-09-17 12:23:26,284 [Thread-1054] INFO  client.GrpcClientProtocolService (GrpcClientProtocolService.java:lambda$processClientRequest$0(278)) - Failed RaftClientRequest:client-241B9C7C1C46->ed86af58-6365-40b3-a78c-ef8881f9dd1e@group-97FAE486DEE6, cid=56, seq=0, Watch-ALL_COMMITTED(19), Message:<EMPTY>, reply=RaftClientReply:client-241B9C7C1C46->ed86af58-6365-40b3-a78c-ef8881f9dd1e@group-97FAE486DEE6, cid=56, FAILED org.apache.ratis.protocol.NotLeaderException: Server ed86af58-6365-40b3-a78c-ef8881f9dd1e@group-97FAE486DEE6 is not the leader, logIndex=0, commits[ed86af58-6365-40b3-a78c-ef8881f9dd1e:c27]
2019-09-17 12:23:26,284 [Thread-1056] INFO  client.GrpcClientProtocolService (GrpcClientProtocolService.java:lambda$processClientRequest$0(278)) - Failed RaftClientRequest:client-241B9C7C1C46->ed86af58-6365-40b3-a78c-ef8881f9dd1e@group-97FAE486DEE6, cid=56, seq=0, Watch-ALL_COMMITTED(19), Message:<EMPTY>, reply=RaftClientReply:client-241B9C7C1C46->ed86af58-6365-40b3-a78c-ef8881f9dd1e@group-97FAE486DEE6, cid=56, FAILED org.apache.ratis.protocol.NotLeaderException: Server ed86af58-6365-40b3-a78c-ef8881f9dd1e@group-97FAE486DEE6 is not the leader, logIndex=0, commits[ed86af58-6365-40b3-a78c-ef8881f9dd1e:c27]
2019-09-17 12:23:26,284 [Thread-1055] INFO  client.GrpcClientProtocolService (GrpcClientProtocolService.java:lambda$processClientRequest$0(278)) - Failed RaftClientRequest:client-241B9C7C1C46->ed86af58-6365-40b3-a78c-ef8881f9dd1e@group-97FAE486DEE6, cid=56, seq=0, Watch-ALL_COMMITTED(19), Message:<EMPTY>, reply=RaftClientReply:client-241B9C7C1C46->ed86af58-6365-40b3-a78c-ef8881f9dd1e@group-97FAE486DEE6, cid=56, FAILED org.apache.ratis.protocol.NotLeaderException: Server ed86af58-6365-40b3-a78c-ef8881f9dd1e@group-97FAE486DEE6 is not the leader, logIndex=0, commits[ed86af58-6365-40b3-a78c-ef8881f9dd1e:c27]
2019-09-17 12:23:26,286 [ed86af58-6365-40b3-a78c-ef8881f9dd1e@group-97FAE486DEE6-StateMachineUpdater] INFO  ratis.ContainerStateMachine (ContainerStateMachine.java:takeSnapshot(289)) - group-97FAE486DEE6: Taking a snapshot at:(t:2, i:26) file /tmp/workdir/hadoop-ozone/integration-test/target/test-dir/MiniOzoneClusterImpl-97cb6072-9315-4ed4-9dbe-1bfff40012a1/datanode-1/data/ratis/9b5a26d8-4bf8-4066-8c9b-97fae486dee6/sm/snapshot.2_26
2019-09-17 12:23:26,291 [grpc-default-executor-1] INFO  server.GrpcServerProtocolService (GrpcServerProtocolService.java:onCompleted(113)) - ef58021b-0245-4b2a-b464-78c332d31a33: Completed APPEND_ENTRIES, lastRequest: ed86af58-6365-40b3-a78c-ef8881f9dd1e->ef58021b-0245-4b2a-b464-78c332d31a33#98-t2, previous=(t:2, i:27), leaderCommit=27, initializing? false, entries: <empty>
2019-09-17 12:23:26,296 [grpc-default-executor-1] INFO  client.GrpcClientProtocolClient (GrpcClientProtocolClient.java:onNext(264)) - client-241B9C7C1C46->ed86af58-6365-40b3-a78c-ef8881f9dd1e: receive RaftClientReply:client-241B9C7C1C46->ed86af58-6365-40b3-a78c-ef8881f9dd1e@group-97FAE486DEE6, cid=56, FAILED org.apache.ratis.protocol.NotLeaderException: Server ed86af58-6365-40b3-a78c-ef8881f9dd1e@group-97FAE486DEE6 is not the leader, logIndex=0, commits[ed86af58-6365-40b3-a78c-ef8881f9dd1e:c27]
2019-09-17 12:23:26,296 [grpc-default-executor-6] INFO  server.GrpcLogAppender (GrpcLogAppender.java:onCompleted(293)) - ed86af58-6365-40b3-a78c-ef8881f9dd1e@group-97FAE486DEE6->ef58021b-0245-4b2a-b464-78c332d31a33-AppendLogResponseHandler: follower responses appendEntries COMPLETED
2019-09-17 12:23:26,296 [grpc-default-executor-1] INFO  client.GrpcClientProtocolClient (GrpcClientProtocolClient.java:onNext(264)) - client-241B9C7C1C46->ed86af58-6365-40b3-a78c-ef8881f9dd1e: receive RaftClientReply:client-241B9C7C1C46->ed86af58-6365-40b3-a78c-ef8881f9dd1e@group-97FAE486DEE6, cid=56, FAILED org.apache.ratis.protocol.NotLeaderException: Server ed86af58-6365-40b3-a78c-ef8881f9dd1e@group-97FAE486DEE6 is not the leader, logIndex=0, commits[ed86af58-6365-40b3-a78c-ef8881f9dd1e:c27]
2019-09-17 12:23:26,297 [grpc-default-executor-1] INFO  client.GrpcClientProtocolClient (GrpcClientProtocolClient.java:onNext(264)) - client-241B9C7C1C46->ed86af58-6365-40b3-a78c-ef8881f9dd1e: receive RaftClientReply:client-241B9C7C1C46->ed86af58-6365-40b3-a78c-ef8881f9dd1e@group-97FAE486DEE6, cid=56, FAILED org.apache.ratis.protocol.NotLeaderException: Server ed86af58-6365-40b3-a78c-ef8881f9dd1e@group-97FAE486DEE6 is not the leader, logIndex=0, commits[ed86af58-6365-40b3-a78c-ef8881f9dd1e:c27]
2019-09-17 12:23:26,297 [grpc-default-executor-6] INFO  impl.FollowerInfo (FollowerInfo.java:lambda$new$0(51)) - ed86af58-6365-40b3-a78c-ef8881f9dd1e@group-97FAE486DEE6->ef58021b-0245-4b2a-b464-78c332d31a33: nextIndex: updateUnconditionally 28 -> 27
2019-09-17 12:23:26,310 [ed86af58-6365-40b3-a78c-ef8881f9dd1e@group-97FAE486DEE6-StateMachineUpdater] INFO  ratis.ContainerStateMachine (ContainerStateMachine.java:takeSnapshot(300)) - group-97FAE486DEE6: Finished taking a snapshot at:(t:2, i:26) file:/tmp/workdir/hadoop-ozone/integration-test/target/test-dir/MiniOzoneClusterImpl-97cb6072-9315-4ed4-9dbe-1bfff40012a1/datanode-1/data/ratis/9b5a26d8-4bf8-4066-8c9b-97fae486dee6/sm/snapshot.2_26 time:24
2019-09-17 12:23:26,311 [ed86af58-6365-40b3-a78c-ef8881f9dd1e@group-97FAE486DEE6-StateMachineUpdater] INFO  impl.StateMachineUpdater (StateMachineUpdater.java:takeSnapshot(258)) - ed86af58-6365-40b3-a78c-ef8881f9dd1e@group-97FAE486DEE6-StateMachineUpdater: Took a snapshot at index 26
2019-09-17 12:23:26,311 [ed86af58-6365-40b3-a78c-ef8881f9dd1e@group-97FAE486DEE6-StateMachineUpdater] INFO  impl.StateMachineUpdater (StateMachineUpdater.java:lambda$new$0(83)) - ed86af58-6365-40b3-a78c-ef8881f9dd1e@group-97FAE486DEE6-StateMachineUpdater: snapshotIndex: updateIncreasingly -1 -> 26
2019-09-17 12:23:26,311 [ed86af58-6365-40b3-a78c-ef8881f9dd1e@group-97FAE486DEE6-StateMachineUpdater] INFO  ratis.ContainerStateMachine (ContainerStateMachine.java:takeSnapshot(289)) - group-97FAE486DEE6: Taking a snapshot at:(t:2, i:26) file /tmp/workdir/hadoop-ozone/integration-test/target/test-dir/MiniOzoneClusterImpl-97cb6072-9315-4ed4-9dbe-1bfff40012a1/datanode-1/data/ratis/9b5a26d8-4bf8-4066-8c9b-97fae486dee6/sm/snapshot.2_26
2019-09-17 12:23:26,337 [ed86af58-6365-40b3-a78c-ef8881f9dd1e@group-97FAE486DEE6-StateMachineUpdater] INFO  ratis.ContainerStateMachine (ContainerStateMachine.java:takeSnapshot(300)) - group-97FAE486DEE6: Finished taking a snapshot at:(t:2, i:26) file:/tmp/workdir/hadoop-ozone/integration-test/target/test-dir/MiniOzoneClusterImpl-97cb6072-9315-4ed4-9dbe-1bfff40012a1/datanode-1/data/ratis/9b5a26d8-4bf8-4066-8c9b-97fae486dee6/sm/snapshot.2_26 time:26
2019-09-17 12:23:26,338 [ed86af58-6365-40b3-a78c-ef8881f9dd1e@group-97FAE486DEE6-StateMachineUpdater] INFO  impl.StateMachineUpdater (StateMachineUpdater.java:takeSnapshot(258)) - ed86af58-6365-40b3-a78c-ef8881f9dd1e@group-97FAE486DEE6-StateMachineUpdater: Took a snapshot at index 26
2019-09-17 12:23:26,338 [ed86af58-6365-40b3-a78c-ef8881f9dd1e@group-97FAE486DEE6-StateMachineUpdater] INFO  impl.StateMachineUpdater (StateMachineUpdater.java:lambda$new$0(83)) - ed86af58-6365-40b3-a78c-ef8881f9dd1e@group-97FAE486DEE6-StateMachineUpdater: snapshotIndex: updateIncreasingly 26 -> 26
2019-09-17 12:23:26,338 [main] INFO  impl.RaftServerImpl (ServerState.java:close(385)) - ed86af58-6365-40b3-a78c-ef8881f9dd1e@group-97FAE486DEE6: closes. applyIndex: 27
2019-09-17 12:23:26,339 [ed86af58-6365-40b3-a78c-ef8881f9dd1e@group-97FAE486DEE6-SegmentedRaftLogWorker] INFO  segmented.SegmentedRaftLogWorker (SegmentedRaftLogWorker.java:run(313)) - ed86af58-6365-40b3-a78c-ef8881f9dd1e@group-97FAE486DEE6-SegmentedRaftLogWorker was interrupted, exiting. There are 0 tasks remaining in the queue.
2019-09-17 12:23:26,342 [main] INFO  segmented.SegmentedRaftLogWorker (SegmentedRaftLogWorker.java:close(228)) - ed86af58-6365-40b3-a78c-ef8881f9dd1e@group-97FAE486DEE6-SegmentedRaftLogWorker close()
2019-09-17 12:23:26,348 [main] INFO  server.GrpcService (GrpcService.java:closeImpl(164)) - ed86af58-6365-40b3-a78c-ef8881f9dd1e: shutdown server with port 38034 now
2019-09-17 12:23:26,349 [main] INFO  server.GrpcService (GrpcService.java:closeImpl(172)) - ed86af58-6365-40b3-a78c-ef8881f9dd1e: shutdown server with port 38034 successfully
2019-09-17 12:23:26,358 [refreshUsed-/tmp/workdir/hadoop-ozone/integration-test/target/test-dir/MiniOzoneClusterImpl-97cb6072-9315-4ed4-9dbe-1bfff40012a1/datanode-1/data/containers] WARN  fs.CachingGetSpaceUsed (CachingGetSpaceUsed.java:run(183)) - Thread Interrupted waiting to refresh disk information: sleep interrupted
2019-09-17 12:23:26,368 [java.util.concurrent.ThreadPoolExecutor$Worker@17044d63[State = -1, empty queue]] WARN  server.GrpcLogAppender (GrpcLogAppender.java:timeoutAppendRequest(200)) - 7689548e-5f49-4f36-9667-e46ba21e9ae3@group-C0075F260562->a5f9b548-b989-4807-80f4-ff576b54977d-GrpcLogAppender: appendEntries Timeout, request=7689548e-5f49-4f36-9667-e46ba21e9ae3->a5f9b548-b989-4807-80f4-ff576b54977d#89-t2, previous=(t:2, i:20), leaderCommit=16, initializing? false, entries: <empty>
2019-09-17 12:23:26,375 [main] INFO  utils.BackgroundService (BackgroundService.java:shutdown(148)) - Shutting down service BlockDeletingService
2019-09-17 12:23:26,383 [main] INFO  statemachine.DatanodeStateMachine (DatanodeStateMachine.java:stopDaemon(395)) - Ozone container server stopped.
2019-09-17 12:23:26,384 [main] INFO  handler.ContextHandler (ContextHandler.java:doStop(910)) - Stopped o.e.j.w.WebAppContext@59072e9d{/,null,UNAVAILABLE}{/hddsDatanode}
2019-09-17 12:23:26,385 [main] INFO  server.AbstractConnector (AbstractConnector.java:doStop(318)) - Stopped ServerConnector@58472096{HTTP/1.1,[http/1.1]}{0.0.0.0:0}
2019-09-17 12:23:26,385 [main] INFO  handler.ContextHandler (ContextHandler.java:doStop(910)) - Stopped o.e.j.s.ServletContextHandler@2f1d0bbc{/static,jar:file:/home/user/.m2/repository/org/apache/hadoop/hadoop-hdds-container-service/0.5.0-SNAPSHOT/hadoop-hdds-container-service-0.5.0-SNAPSHOT.jar!/webapps/static,UNAVAILABLE}
2019-09-17 12:23:26,386 [main] INFO  handler.ContextHandler (ContextHandler.java:doStop(910)) - Stopped o.e.j.s.ServletContextHandler@6cd64ee8{/logs,file:///tmp/workdir/hadoop-ozone/integration-test/target/log,UNAVAILABLE}
2019-09-17 12:23:26,868 [java.util.concurrent.ThreadPoolExecutor$Worker@17044d63[State = -1, empty queue]] WARN  server.GrpcLogAppender (GrpcLogAppender.java:timeoutAppendRequest(200)) - 7689548e-5f49-4f36-9667-e46ba21e9ae3@group-C0075F260562->a5f9b548-b989-4807-80f4-ff576b54977d-GrpcLogAppender: appendEntries Timeout, request=7689548e-5f49-4f36-9667-e46ba21e9ae3->a5f9b548-b989-4807-80f4-ff576b54977d#90-t2, previous=(t:2, i:20), leaderCommit=16, initializing? false, entries: <empty>
2019-09-17 12:23:26,992 [Thread-426] INFO  impl.FollowerState (FollowerState.java:run(106)) - ef58021b-0245-4b2a-b464-78c332d31a33:group-97FAE486DEE6 changes to CANDIDATE, lastRpcTime:1209, electionTimeout:1021ms
2019-09-17 12:23:26,993 [Thread-426] INFO  impl.RoleInfo (RoleInfo.java:shutdownFollowerState(121)) - ef58021b-0245-4b2a-b464-78c332d31a33: shutdown FollowerState
2019-09-17 12:23:26,993 [Thread-426] INFO  impl.RaftServerImpl (RaftServerImpl.java:setRole(174)) - ef58021b-0245-4b2a-b464-78c332d31a33@group-97FAE486DEE6: changes role from  FOLLOWER to CANDIDATE at term 2 for changeToCandidate
2019-09-17 12:23:26,993 [Thread-426] INFO  impl.RoleInfo (RoleInfo.java:updateAndGet(143)) - ef58021b-0245-4b2a-b464-78c332d31a33: start LeaderElection
2019-09-17 12:23:27,004 [ef58021b-0245-4b2a-b464-78c332d31a33@group-97FAE486DEE6:LeaderElection25] INFO  impl.RaftServerImpl (ServerState.java:setLeader(253)) - ef58021b-0245-4b2a-b464-78c332d31a33@group-97FAE486DEE6: change Leader from ed86af58-6365-40b3-a78c-ef8881f9dd1e to null at term 2 for initElection
2019-09-17 12:23:27,028 [ef58021b-0245-4b2a-b464-78c332d31a33@group-97FAE486DEE6:LeaderElection25] INFO  impl.LeaderElection (LeaderElection.java:askForVotes(182)) - ef58021b-0245-4b2a-b464-78c332d31a33@group-97FAE486DEE6:LeaderElection25: begin an election at term 3 for 0: [ed86af58-6365-40b3-a78c-ef8881f9dd1e:192.168.5.130:38034, 0cdf7b9a-92f5-4bda-bda9-a502d9c924f1:192.168.5.130:42251, ef58021b-0245-4b2a-b464-78c332d31a33:192.168.5.130:45449], old=null
2019-09-17 12:23:27,035 [ef58021b-0245-4b2a-b464-78c332d31a33@group-97FAE486DEE6:LeaderElection25] INFO  impl.LeaderElection (LogUtils.java:infoOrTrace(149)) - ef58021b-0245-4b2a-b464-78c332d31a33@group-97FAE486DEE6:LeaderElection25 got exception when requesting votes: {}
java.util.concurrent.ExecutionException: org.apache.ratis.thirdparty.io.grpc.StatusRuntimeException: UNAVAILABLE: io exception
	at java.util.concurrent.FutureTask.report(FutureTask.java:122)
	at java.util.concurrent.FutureTask.get(FutureTask.java:192)
	at org.apache.ratis.server.impl.LeaderElection.waitForResults(LeaderElection.java:263)
	at org.apache.ratis.server.impl.LeaderElection.askForVotes(LeaderElection.java:201)
	at org.apache.ratis.server.impl.LeaderElection.run(LeaderElection.java:133)
	at java.lang.Thread.run(Thread.java:748)
Caused by: org.apache.ratis.thirdparty.io.grpc.StatusRuntimeException: UNAVAILABLE: io exception
	at org.apache.ratis.thirdparty.io.grpc.stub.ClientCalls.toStatusRuntimeException(ClientCalls.java:233)
	at org.apache.ratis.thirdparty.io.grpc.stub.ClientCalls.getUnchecked(ClientCalls.java:214)
	at org.apache.ratis.thirdparty.io.grpc.stub.ClientCalls.blockingUnaryCall(ClientCalls.java:139)
	at org.apache.ratis.proto.grpc.RaftServerProtocolServiceGrpc$RaftServerProtocolServiceBlockingStub.requestVote(RaftServerProtocolServiceGrpc.java:265)
	at org.apache.ratis.grpc.server.GrpcServerProtocolClient.requestVote(GrpcServerProtocolClient.java:90)
	at org.apache.ratis.grpc.server.GrpcService.requestVote(GrpcService.java:204)
	at org.apache.ratis.server.impl.LeaderElection.lambda$submitRequests$1(LeaderElection.java:238)
	at java.util.concurrent.FutureTask.run(FutureTask.java:266)
	at java.util.concurrent.Executors$RunnableAdapter.call(Executors.java:511)
	at java.util.concurrent.FutureTask.run(FutureTask.java:266)
	at java.util.concurrent.ThreadPoolExecutor.runWorker(ThreadPoolExecutor.java:1149)
	at java.util.concurrent.ThreadPoolExecutor$Worker.run(ThreadPoolExecutor.java:624)
	... 1 more
Caused by: org.apache.ratis.thirdparty.io.netty.channel.AbstractChannel$AnnotatedConnectException: Connection refused: /192.168.5.130:42251
	at sun.nio.ch.SocketChannelImpl.checkConnect(Native Method)
	at sun.nio.ch.SocketChannelImpl.finishConnect(SocketChannelImpl.java:717)
	at org.apache.ratis.thirdparty.io.netty.channel.socket.nio.NioSocketChannel.doFinishConnect(NioSocketChannel.java:327)
	at org.apache.ratis.thirdparty.io.netty.channel.nio.AbstractNioChannel$AbstractNioUnsafe.finishConnect(AbstractNioChannel.java:340)
	at org.apache.ratis.thirdparty.io.netty.channel.nio.NioEventLoop.processSelectedKey(NioEventLoop.java:632)
	at org.apache.ratis.thirdparty.io.netty.channel.nio.NioEventLoop.processSelectedKeysOptimized(NioEventLoop.java:579)
	at org.apache.ratis.thirdparty.io.netty.channel.nio.NioEventLoop.processSelectedKeys(NioEventLoop.java:496)
	at org.apache.ratis.thirdparty.io.netty.channel.nio.NioEventLoop.run(NioEventLoop.java:458)
	at org.apache.ratis.thirdparty.io.netty.util.concurrent.SingleThreadEventExecutor$5.run(SingleThreadEventExecutor.java:897)
	at org.apache.ratis.thirdparty.io.netty.util.concurrent.FastThreadLocalRunnable.run(FastThreadLocalRunnable.java:30)
	... 1 more
Caused by: java.net.ConnectException: Connection refused
	... 11 more
2019-09-17 12:23:27,038 [ef58021b-0245-4b2a-b464-78c332d31a33@group-97FAE486DEE6:LeaderElection25] INFO  impl.LeaderElection (LogUtils.java:infoOrTrace(149)) - ef58021b-0245-4b2a-b464-78c332d31a33@group-97FAE486DEE6:LeaderElection25 got exception when requesting votes: {}
java.util.concurrent.ExecutionException: org.apache.ratis.thirdparty.io.grpc.StatusRuntimeException: UNAVAILABLE: io exception
	at java.util.concurrent.FutureTask.report(FutureTask.java:122)
	at java.util.concurrent.FutureTask.get(FutureTask.java:192)
	at org.apache.ratis.server.impl.LeaderElection.waitForResults(LeaderElection.java:263)
	at org.apache.ratis.server.impl.LeaderElection.askForVotes(LeaderElection.java:201)
	at org.apache.ratis.server.impl.LeaderElection.run(LeaderElection.java:133)
	at java.lang.Thread.run(Thread.java:748)
Caused by: org.apache.ratis.thirdparty.io.grpc.StatusRuntimeException: UNAVAILABLE: io exception
	at org.apache.ratis.thirdparty.io.grpc.stub.ClientCalls.toStatusRuntimeException(ClientCalls.java:233)
	at org.apache.ratis.thirdparty.io.grpc.stub.ClientCalls.getUnchecked(ClientCalls.java:214)
	at org.apache.ratis.thirdparty.io.grpc.stub.ClientCalls.blockingUnaryCall(ClientCalls.java:139)
	at org.apache.ratis.proto.grpc.RaftServerProtocolServiceGrpc$RaftServerProtocolServiceBlockingStub.requestVote(RaftServerProtocolServiceGrpc.java:265)
	at org.apache.ratis.grpc.server.GrpcServerProtocolClient.requestVote(GrpcServerProtocolClient.java:90)
	at org.apache.ratis.grpc.server.GrpcService.requestVote(GrpcService.java:204)
	at org.apache.ratis.server.impl.LeaderElection.lambda$submitRequests$1(LeaderElection.java:238)
	at java.util.concurrent.FutureTask.run(FutureTask.java:266)
	at java.util.concurrent.Executors$RunnableAdapter.call(Executors.java:511)
	at java.util.concurrent.FutureTask.run(FutureTask.java:266)
	at java.util.concurrent.ThreadPoolExecutor.runWorker(ThreadPoolExecutor.java:1149)
	at java.util.concurrent.ThreadPoolExecutor$Worker.run(ThreadPoolExecutor.java:624)
	... 1 more
Caused by: org.apache.ratis.thirdparty.io.netty.channel.AbstractChannel$AnnotatedConnectException: Connection refused: /192.168.5.130:38034
	at sun.nio.ch.SocketChannelImpl.checkConnect(Native Method)
	at sun.nio.ch.SocketChannelImpl.finishConnect(SocketChannelImpl.java:717)
	at org.apache.ratis.thirdparty.io.netty.channel.socket.nio.NioSocketChannel.doFinishConnect(NioSocketChannel.java:327)
	at org.apache.ratis.thirdparty.io.netty.channel.nio.AbstractNioChannel$AbstractNioUnsafe.finishConnect(AbstractNioChannel.java:340)
	at org.apache.ratis.thirdparty.io.netty.channel.nio.NioEventLoop.processSelectedKey(NioEventLoop.java:632)
	at org.apache.ratis.thirdparty.io.netty.channel.nio.NioEventLoop.processSelectedKeysOptimized(NioEventLoop.java:579)
	at org.apache.ratis.thirdparty.io.netty.channel.nio.NioEventLoop.processSelectedKeys(NioEventLoop.java:496)
	at org.apache.ratis.thirdparty.io.netty.channel.nio.NioEventLoop.run(NioEventLoop.java:458)
	at org.apache.ratis.thirdparty.io.netty.util.concurrent.SingleThreadEventExecutor$5.run(SingleThreadEventExecutor.java:897)
	at org.apache.ratis.thirdparty.io.netty.util.concurrent.FastThreadLocalRunnable.run(FastThreadLocalRunnable.java:30)
	... 1 more
Caused by: java.net.ConnectException: Connection refused
	... 11 more
2019-09-17 12:23:27,040 [ef58021b-0245-4b2a-b464-78c332d31a33@group-97FAE486DEE6:LeaderElection25] INFO  impl.LeaderElection (LeaderElection.java:logAndReturn(56)) - ef58021b-0245-4b2a-b464-78c332d31a33@group-97FAE486DEE6:LeaderElection25: Election REJECTED; received 0 response(s) [] and 2 exception(s); ef58021b-0245-4b2a-b464-78c332d31a33@group-97FAE486DEE6:t3, leader=null, voted=ef58021b-0245-4b2a-b464-78c332d31a33, raftlog=ef58021b-0245-4b2a-b464-78c332d31a33@group-97FAE486DEE6-SegmentedRaftLog:OPENED:c27,f27,i27, conf=0: [ed86af58-6365-40b3-a78c-ef8881f9dd1e:192.168.5.130:38034, 0cdf7b9a-92f5-4bda-bda9-a502d9c924f1:192.168.5.130:42251, ef58021b-0245-4b2a-b464-78c332d31a33:192.168.5.130:45449], old=null
2019-09-17 12:23:27,040 [ef58021b-0245-4b2a-b464-78c332d31a33@group-97FAE486DEE6:LeaderElection25] INFO  impl.LeaderElection (LogUtils.java:infoOrTrace(149)) -   Exception 0: {}
java.util.concurrent.ExecutionException: org.apache.ratis.thirdparty.io.grpc.StatusRuntimeException: UNAVAILABLE: io exception
	at java.util.concurrent.FutureTask.report(FutureTask.java:122)
	at java.util.concurrent.FutureTask.get(FutureTask.java:192)
	at org.apache.ratis.server.impl.LeaderElection.waitForResults(LeaderElection.java:263)
	at org.apache.ratis.server.impl.LeaderElection.askForVotes(LeaderElection.java:201)
	at org.apache.ratis.server.impl.LeaderElection.run(LeaderElection.java:133)
	at java.lang.Thread.run(Thread.java:748)
Caused by: org.apache.ratis.thirdparty.io.grpc.StatusRuntimeException: UNAVAILABLE: io exception
	at org.apache.ratis.thirdparty.io.grpc.stub.ClientCalls.toStatusRuntimeException(ClientCalls.java:233)
	at org.apache.ratis.thirdparty.io.grpc.stub.ClientCalls.getUnchecked(ClientCalls.java:214)
	at org.apache.ratis.thirdparty.io.grpc.stub.ClientCalls.blockingUnaryCall(ClientCalls.java:139)
	at org.apache.ratis.proto.grpc.RaftServerProtocolServiceGrpc$RaftServerProtocolServiceBlockingStub.requestVote(RaftServerProtocolServiceGrpc.java:265)
	at org.apache.ratis.grpc.server.GrpcServerProtocolClient.requestVote(GrpcServerProtocolClient.java:90)
	at org.apache.ratis.grpc.server.GrpcService.requestVote(GrpcService.java:204)
	at org.apache.ratis.server.impl.LeaderElection.lambda$submitRequests$1(LeaderElection.java:238)
	at java.util.concurrent.FutureTask.run(FutureTask.java:266)
	at java.util.concurrent.Executors$RunnableAdapter.call(Executors.java:511)
	at java.util.concurrent.FutureTask.run(FutureTask.java:266)
	at java.util.concurrent.ThreadPoolExecutor.runWorker(ThreadPoolExecutor.java:1149)
	at java.util.concurrent.ThreadPoolExecutor$Worker.run(ThreadPoolExecutor.java:624)
	... 1 more
Caused by: org.apache.ratis.thirdparty.io.netty.channel.AbstractChannel$AnnotatedConnectException: Connection refused: /192.168.5.130:42251
	at sun.nio.ch.SocketChannelImpl.checkConnect(Native Method)
	at sun.nio.ch.SocketChannelImpl.finishConnect(SocketChannelImpl.java:717)
	at org.apache.ratis.thirdparty.io.netty.channel.socket.nio.NioSocketChannel.doFinishConnect(NioSocketChannel.java:327)
	at org.apache.ratis.thirdparty.io.netty.channel.nio.AbstractNioChannel$AbstractNioUnsafe.finishConnect(AbstractNioChannel.java:340)
	at org.apache.ratis.thirdparty.io.netty.channel.nio.NioEventLoop.processSelectedKey(NioEventLoop.java:632)
	at org.apache.ratis.thirdparty.io.netty.channel.nio.NioEventLoop.processSelectedKeysOptimized(NioEventLoop.java:579)
	at org.apache.ratis.thirdparty.io.netty.channel.nio.NioEventLoop.processSelectedKeys(NioEventLoop.java:496)
	at org.apache.ratis.thirdparty.io.netty.channel.nio.NioEventLoop.run(NioEventLoop.java:458)
	at org.apache.ratis.thirdparty.io.netty.util.concurrent.SingleThreadEventExecutor$5.run(SingleThreadEventExecutor.java:897)
	at org.apache.ratis.thirdparty.io.netty.util.concurrent.FastThreadLocalRunnable.run(FastThreadLocalRunnable.java:30)
	... 1 more
Caused by: java.net.ConnectException: Connection refused
	... 11 more
2019-09-17 12:23:27,040 [ef58021b-0245-4b2a-b464-78c332d31a33@group-97FAE486DEE6:LeaderElection25] INFO  impl.LeaderElection (LogUtils.java:infoOrTrace(149)) -   Exception 1: {}
java.util.concurrent.ExecutionException: org.apache.ratis.thirdparty.io.grpc.StatusRuntimeException: UNAVAILABLE: io exception
	at java.util.concurrent.FutureTask.report(FutureTask.java:122)
	at java.util.concurrent.FutureTask.get(FutureTask.java:192)
	at org.apache.ratis.server.impl.LeaderElection.waitForResults(LeaderElection.java:263)
	at org.apache.ratis.server.impl.LeaderElection.askForVotes(LeaderElection.java:201)
	at org.apache.ratis.server.impl.LeaderElection.run(LeaderElection.java:133)
	at java.lang.Thread.run(Thread.java:748)
Caused by: org.apache.ratis.thirdparty.io.grpc.StatusRuntimeException: UNAVAILABLE: io exception
	at org.apache.ratis.thirdparty.io.grpc.stub.ClientCalls.toStatusRuntimeException(ClientCalls.java:233)
	at org.apache.ratis.thirdparty.io.grpc.stub.ClientCalls.getUnchecked(ClientCalls.java:214)
	at org.apache.ratis.thirdparty.io.grpc.stub.ClientCalls.blockingUnaryCall(ClientCalls.java:139)
	at org.apache.ratis.proto.grpc.RaftServerProtocolServiceGrpc$RaftServerProtocolServiceBlockingStub.requestVote(RaftServerProtocolServiceGrpc.java:265)
	at org.apache.ratis.grpc.server.GrpcServerProtocolClient.requestVote(GrpcServerProtocolClient.java:90)
	at org.apache.ratis.grpc.server.GrpcService.requestVote(GrpcService.java:204)
	at org.apache.ratis.server.impl.LeaderElection.lambda$submitRequests$1(LeaderElection.java:238)
	at java.util.concurrent.FutureTask.run(FutureTask.java:266)
	at java.util.concurrent.Executors$RunnableAdapter.call(Executors.java:511)
	at java.util.concurrent.FutureTask.run(FutureTask.java:266)
	at java.util.concurrent.ThreadPoolExecutor.runWorker(ThreadPoolExecutor.java:1149)
	at java.util.concurrent.ThreadPoolExecutor$Worker.run(ThreadPoolExecutor.java:624)
	... 1 more
Caused by: org.apache.ratis.thirdparty.io.netty.channel.AbstractChannel$AnnotatedConnectException: Connection refused: /192.168.5.130:38034
	at sun.nio.ch.SocketChannelImpl.checkConnect(Native Method)
	at sun.nio.ch.SocketChannelImpl.finishConnect(SocketChannelImpl.java:717)
	at org.apache.ratis.thirdparty.io.netty.channel.socket.nio.NioSocketChannel.doFinishConnect(NioSocketChannel.java:327)
	at org.apache.ratis.thirdparty.io.netty.channel.nio.AbstractNioChannel$AbstractNioUnsafe.finishConnect(AbstractNioChannel.java:340)
	at org.apache.ratis.thirdparty.io.netty.channel.nio.NioEventLoop.processSelectedKey(NioEventLoop.java:632)
	at org.apache.ratis.thirdparty.io.netty.channel.nio.NioEventLoop.processSelectedKeysOptimized(NioEventLoop.java:579)
	at org.apache.ratis.thirdparty.io.netty.channel.nio.NioEventLoop.processSelectedKeys(NioEventLoop.java:496)
	at org.apache.ratis.thirdparty.io.netty.channel.nio.NioEventLoop.run(NioEventLoop.java:458)
	at org.apache.ratis.thirdparty.io.netty.util.concurrent.SingleThreadEventExecutor$5.run(SingleThreadEventExecutor.java:897)
	at org.apache.ratis.thirdparty.io.netty.util.concurrent.FastThreadLocalRunnable.run(FastThreadLocalRunnable.java:30)
	... 1 more
Caused by: java.net.ConnectException: Connection refused
	... 11 more
2019-09-17 12:23:27,041 [ef58021b-0245-4b2a-b464-78c332d31a33@group-97FAE486DEE6:LeaderElection25] INFO  impl.RaftServerImpl (RaftServerImpl.java:setRole(174)) - ef58021b-0245-4b2a-b464-78c332d31a33@group-97FAE486DEE6: changes role from CANDIDATE to FOLLOWER at term 3 for DISCOVERED_A_NEW_TERM
2019-09-17 12:23:27,041 [ef58021b-0245-4b2a-b464-78c332d31a33@group-97FAE486DEE6:LeaderElection25] INFO  impl.RoleInfo (RoleInfo.java:shutdownLeaderElection(134)) - ef58021b-0245-4b2a-b464-78c332d31a33: shutdown LeaderElection
2019-09-17 12:23:27,041 [ef58021b-0245-4b2a-b464-78c332d31a33@group-97FAE486DEE6:LeaderElection25] INFO  impl.RoleInfo (RoleInfo.java:updateAndGet(143)) - ef58021b-0245-4b2a-b464-78c332d31a33: start FollowerState
2019-09-17 12:23:27,302 [Thread-1071] INFO  client.GrpcClientProtocolService (GrpcClientProtocolService.java:lambda$processClientRequest$0(278)) - Failed RaftClientRequest:client-241B9C7C1C46->ef58021b-0245-4b2a-b464-78c332d31a33@group-97FAE486DEE6, cid=56, seq=0, Watch-ALL_COMMITTED(19), Message:<EMPTY>, reply=RaftClientReply:client-241B9C7C1C46->ef58021b-0245-4b2a-b464-78c332d31a33@group-97FAE486DEE6, cid=56, FAILED org.apache.ratis.protocol.NotLeaderException: Server ef58021b-0245-4b2a-b464-78c332d31a33@group-97FAE486DEE6 is not the leader, logIndex=0, commits[ef58021b-0245-4b2a-b464-78c332d31a33:c27, ed86af58-6365-40b3-a78c-ef8881f9dd1e:c27, 0cdf7b9a-92f5-4bda-bda9-a502d9c924f1:c16]
2019-09-17 12:23:27,308 [grpc-default-executor-1] INFO  client.GrpcClientProtocolClient (GrpcClientProtocolClient.java:onNext(264)) - client-241B9C7C1C46->ef58021b-0245-4b2a-b464-78c332d31a33: receive RaftClientReply:client-241B9C7C1C46->ef58021b-0245-4b2a-b464-78c332d31a33@group-97FAE486DEE6, cid=56, FAILED org.apache.ratis.protocol.NotLeaderException: Server ef58021b-0245-4b2a-b464-78c332d31a33@group-97FAE486DEE6 is not the leader, logIndex=0, commits[ef58021b-0245-4b2a-b464-78c332d31a33:c27, ed86af58-6365-40b3-a78c-ef8881f9dd1e:c27, 0cdf7b9a-92f5-4bda-bda9-a502d9c924f1:c16]
2019-09-17 12:23:27,369 [java.util.concurrent.ThreadPoolExecutor$Worker@17044d63[State = -1, empty queue]] WARN  server.GrpcLogAppender (GrpcLogAppender.java:timeoutAppendRequest(200)) - 7689548e-5f49-4f36-9667-e46ba21e9ae3@group-C0075F260562->a5f9b548-b989-4807-80f4-ff576b54977d-GrpcLogAppender: appendEntries Timeout, request=7689548e-5f49-4f36-9667-e46ba21e9ae3->a5f9b548-b989-4807-80f4-ff576b54977d#91-t2, previous=(t:2, i:20), leaderCommit=16, initializing? false, entries: <empty>
2019-09-17 12:23:27,869 [java.util.concurrent.ThreadPoolExecutor$Worker@17044d63[State = -1, empty queue]] WARN  server.GrpcLogAppender (GrpcLogAppender.java:timeoutAppendRequest(200)) - 7689548e-5f49-4f36-9667-e46ba21e9ae3@group-C0075F260562->a5f9b548-b989-4807-80f4-ff576b54977d-GrpcLogAppender: appendEntries Timeout, request=7689548e-5f49-4f36-9667-e46ba21e9ae3->a5f9b548-b989-4807-80f4-ff576b54977d#92-t2, previous=(t:2, i:20), leaderCommit=16, initializing? false, entries: <empty>
2019-09-17 12:23:28,054 [Thread-1068] INFO  impl.FollowerState (FollowerState.java:run(106)) - ef58021b-0245-4b2a-b464-78c332d31a33:group-97FAE486DEE6 changes to CANDIDATE, lastRpcTime:1013, electionTimeout:1013ms
2019-09-17 12:23:28,058 [Thread-1068] INFO  impl.RoleInfo (RoleInfo.java:shutdownFollowerState(121)) - ef58021b-0245-4b2a-b464-78c332d31a33: shutdown FollowerState
2019-09-17 12:23:28,058 [Thread-1068] INFO  impl.RaftServerImpl (RaftServerImpl.java:setRole(174)) - ef58021b-0245-4b2a-b464-78c332d31a33@group-97FAE486DEE6: changes role from  FOLLOWER to CANDIDATE at term 3 for changeToCandidate
2019-09-17 12:23:28,058 [Thread-1068] INFO  impl.RoleInfo (RoleInfo.java:updateAndGet(143)) - ef58021b-0245-4b2a-b464-78c332d31a33: start LeaderElection
2019-09-17 12:23:28,097 [ef58021b-0245-4b2a-b464-78c332d31a33@group-97FAE486DEE6:LeaderElection26] INFO  impl.LeaderElection (LeaderElection.java:askForVotes(182)) - ef58021b-0245-4b2a-b464-78c332d31a33@group-97FAE486DEE6:LeaderElection26: begin an election at term 4 for 0: [ed86af58-6365-40b3-a78c-ef8881f9dd1e:192.168.5.130:38034, 0cdf7b9a-92f5-4bda-bda9-a502d9c924f1:192.168.5.130:42251, ef58021b-0245-4b2a-b464-78c332d31a33:192.168.5.130:45449], old=null
2019-09-17 12:23:28,098 [ef58021b-0245-4b2a-b464-78c332d31a33@group-97FAE486DEE6:LeaderElection26] INFO  impl.LeaderElection (LogUtils.java:infoOrTrace(149)) - ef58021b-0245-4b2a-b464-78c332d31a33@group-97FAE486DEE6:LeaderElection26 got exception when requesting votes: {}
java.util.concurrent.ExecutionException: org.apache.ratis.thirdparty.io.grpc.StatusRuntimeException: UNAVAILABLE: io exception
	at java.util.concurrent.FutureTask.report(FutureTask.java:122)
	at java.util.concurrent.FutureTask.get(FutureTask.java:192)
	at org.apache.ratis.server.impl.LeaderElection.waitForResults(LeaderElection.java:263)
	at org.apache.ratis.server.impl.LeaderElection.askForVotes(LeaderElection.java:201)
	at org.apache.ratis.server.impl.LeaderElection.run(LeaderElection.java:133)
	at java.lang.Thread.run(Thread.java:748)
Caused by: org.apache.ratis.thirdparty.io.grpc.StatusRuntimeException: UNAVAILABLE: io exception
	at org.apache.ratis.thirdparty.io.grpc.stub.ClientCalls.toStatusRuntimeException(ClientCalls.java:233)
	at org.apache.ratis.thirdparty.io.grpc.stub.ClientCalls.getUnchecked(ClientCalls.java:214)
	at org.apache.ratis.thirdparty.io.grpc.stub.ClientCalls.blockingUnaryCall(ClientCalls.java:139)
	at org.apache.ratis.proto.grpc.RaftServerProtocolServiceGrpc$RaftServerProtocolServiceBlockingStub.requestVote(RaftServerProtocolServiceGrpc.java:265)
	at org.apache.ratis.grpc.server.GrpcServerProtocolClient.requestVote(GrpcServerProtocolClient.java:90)
	at org.apache.ratis.grpc.server.GrpcService.requestVote(GrpcService.java:204)
	at org.apache.ratis.server.impl.LeaderElection.lambda$submitRequests$1(LeaderElection.java:238)
	at java.util.concurrent.FutureTask.run(FutureTask.java:266)
	at java.util.concurrent.Executors$RunnableAdapter.call(Executors.java:511)
	at java.util.concurrent.FutureTask.run(FutureTask.java:266)
	at java.util.concurrent.ThreadPoolExecutor.runWorker(ThreadPoolExecutor.java:1149)
	at java.util.concurrent.ThreadPoolExecutor$Worker.run(ThreadPoolExecutor.java:624)
	... 1 more
Caused by: org.apache.ratis.thirdparty.io.netty.channel.AbstractChannel$AnnotatedConnectException: Connection refused: /192.168.5.130:38034
	at sun.nio.ch.SocketChannelImpl.checkConnect(Native Method)
	at sun.nio.ch.SocketChannelImpl.finishConnect(SocketChannelImpl.java:717)
	at org.apache.ratis.thirdparty.io.netty.channel.socket.nio.NioSocketChannel.doFinishConnect(NioSocketChannel.java:327)
	at org.apache.ratis.thirdparty.io.netty.channel.nio.AbstractNioChannel$AbstractNioUnsafe.finishConnect(AbstractNioChannel.java:340)
	at org.apache.ratis.thirdparty.io.netty.channel.nio.NioEventLoop.processSelectedKey(NioEventLoop.java:632)
	at org.apache.ratis.thirdparty.io.netty.channel.nio.NioEventLoop.processSelectedKeysOptimized(NioEventLoop.java:579)
	at org.apache.ratis.thirdparty.io.netty.channel.nio.NioEventLoop.processSelectedKeys(NioEventLoop.java:496)
	at org.apache.ratis.thirdparty.io.netty.channel.nio.NioEventLoop.run(NioEventLoop.java:458)
	at org.apache.ratis.thirdparty.io.netty.util.concurrent.SingleThreadEventExecutor$5.run(SingleThreadEventExecutor.java:897)
	at org.apache.ratis.thirdparty.io.netty.util.concurrent.FastThreadLocalRunnable.run(FastThreadLocalRunnable.java:30)
	... 1 more
Caused by: java.net.ConnectException: Connection refused
	... 11 more
2019-09-17 12:23:28,103 [ef58021b-0245-4b2a-b464-78c332d31a33@group-97FAE486DEE6:LeaderElection26] INFO  impl.LeaderElection (LogUtils.java:infoOrTrace(149)) - ef58021b-0245-4b2a-b464-78c332d31a33@group-97FAE486DEE6:LeaderElection26 got exception when requesting votes: {}
java.util.concurrent.ExecutionException: org.apache.ratis.thirdparty.io.grpc.StatusRuntimeException: UNAVAILABLE: io exception
	at java.util.concurrent.FutureTask.report(FutureTask.java:122)
	at java.util.concurrent.FutureTask.get(FutureTask.java:192)
	at org.apache.ratis.server.impl.LeaderElection.waitForResults(LeaderElection.java:263)
	at org.apache.ratis.server.impl.LeaderElection.askForVotes(LeaderElection.java:201)
	at org.apache.ratis.server.impl.LeaderElection.run(LeaderElection.java:133)
	at java.lang.Thread.run(Thread.java:748)
Caused by: org.apache.ratis.thirdparty.io.grpc.StatusRuntimeException: UNAVAILABLE: io exception
	at org.apache.ratis.thirdparty.io.grpc.stub.ClientCalls.toStatusRuntimeException(ClientCalls.java:233)
	at org.apache.ratis.thirdparty.io.grpc.stub.ClientCalls.getUnchecked(ClientCalls.java:214)
	at org.apache.ratis.thirdparty.io.grpc.stub.ClientCalls.blockingUnaryCall(ClientCalls.java:139)
	at org.apache.ratis.proto.grpc.RaftServerProtocolServiceGrpc$RaftServerProtocolServiceBlockingStub.requestVote(RaftServerProtocolServiceGrpc.java:265)
	at org.apache.ratis.grpc.server.GrpcServerProtocolClient.requestVote(GrpcServerProtocolClient.java:90)
	at org.apache.ratis.grpc.server.GrpcService.requestVote(GrpcService.java:204)
	at org.apache.ratis.server.impl.LeaderElection.lambda$submitRequests$1(LeaderElection.java:238)
	at java.util.concurrent.FutureTask.run(FutureTask.java:266)
	at java.util.concurrent.Executors$RunnableAdapter.call(Executors.java:511)
	at java.util.concurrent.FutureTask.run(FutureTask.java:266)
	at java.util.concurrent.ThreadPoolExecutor.runWorker(ThreadPoolExecutor.java:1149)
	at java.util.concurrent.ThreadPoolExecutor$Worker.run(ThreadPoolExecutor.java:624)
	... 1 more
Caused by: org.apache.ratis.thirdparty.io.netty.channel.AbstractChannel$AnnotatedConnectException: Connection refused: /192.168.5.130:42251
	at sun.nio.ch.SocketChannelImpl.checkConnect(Native Method)
	at sun.nio.ch.SocketChannelImpl.finishConnect(SocketChannelImpl.java:717)
	at org.apache.ratis.thirdparty.io.netty.channel.socket.nio.NioSocketChannel.doFinishConnect(NioSocketChannel.java:327)
	at org.apache.ratis.thirdparty.io.netty.channel.nio.AbstractNioChannel$AbstractNioUnsafe.finishConnect(AbstractNioChannel.java:340)
	at org.apache.ratis.thirdparty.io.netty.channel.nio.NioEventLoop.processSelectedKey(NioEventLoop.java:632)
	at org.apache.ratis.thirdparty.io.netty.channel.nio.NioEventLoop.processSelectedKeysOptimized(NioEventLoop.java:579)
	at org.apache.ratis.thirdparty.io.netty.channel.nio.NioEventLoop.processSelectedKeys(NioEventLoop.java:496)
	at org.apache.ratis.thirdparty.io.netty.channel.nio.NioEventLoop.run(NioEventLoop.java:458)
	at org.apache.ratis.thirdparty.io.netty.util.concurrent.SingleThreadEventExecutor$5.run(SingleThreadEventExecutor.java:897)
	at org.apache.ratis.thirdparty.io.netty.util.concurrent.FastThreadLocalRunnable.run(FastThreadLocalRunnable.java:30)
	... 1 more
Caused by: java.net.ConnectException: Connection refused
	... 11 more
2019-09-17 12:23:28,107 [ef58021b-0245-4b2a-b464-78c332d31a33@group-97FAE486DEE6:LeaderElection26] INFO  impl.LeaderElection (LeaderElection.java:logAndReturn(56)) - ef58021b-0245-4b2a-b464-78c332d31a33@group-97FAE486DEE6:LeaderElection26: Election REJECTED; received 0 response(s) [] and 2 exception(s); ef58021b-0245-4b2a-b464-78c332d31a33@group-97FAE486DEE6:t4, leader=null, voted=ef58021b-0245-4b2a-b464-78c332d31a33, raftlog=ef58021b-0245-4b2a-b464-78c332d31a33@group-97FAE486DEE6-SegmentedRaftLog:OPENED:c27,f27,i27, conf=0: [ed86af58-6365-40b3-a78c-ef8881f9dd1e:192.168.5.130:38034, 0cdf7b9a-92f5-4bda-bda9-a502d9c924f1:192.168.5.130:42251, ef58021b-0245-4b2a-b464-78c332d31a33:192.168.5.130:45449], old=null
2019-09-17 12:23:28,107 [ef58021b-0245-4b2a-b464-78c332d31a33@group-97FAE486DEE6:LeaderElection26] INFO  impl.LeaderElection (LogUtils.java:infoOrTrace(149)) -   Exception 0: {}
java.util.concurrent.ExecutionException: org.apache.ratis.thirdparty.io.grpc.StatusRuntimeException: UNAVAILABLE: io exception
	at java.util.concurrent.FutureTask.report(FutureTask.java:122)
	at java.util.concurrent.FutureTask.get(FutureTask.java:192)
	at org.apache.ratis.server.impl.LeaderElection.waitForResults(LeaderElection.java:263)
	at org.apache.ratis.server.impl.LeaderElection.askForVotes(LeaderElection.java:201)
	at org.apache.ratis.server.impl.LeaderElection.run(LeaderElection.java:133)
	at java.lang.Thread.run(Thread.java:748)
Caused by: org.apache.ratis.thirdparty.io.grpc.StatusRuntimeException: UNAVAILABLE: io exception
	at org.apache.ratis.thirdparty.io.grpc.stub.ClientCalls.toStatusRuntimeException(ClientCalls.java:233)
	at org.apache.ratis.thirdparty.io.grpc.stub.ClientCalls.getUnchecked(ClientCalls.java:214)
	at org.apache.ratis.thirdparty.io.grpc.stub.ClientCalls.blockingUnaryCall(ClientCalls.java:139)
	at org.apache.ratis.proto.grpc.RaftServerProtocolServiceGrpc$RaftServerProtocolServiceBlockingStub.requestVote(RaftServerProtocolServiceGrpc.java:265)
	at org.apache.ratis.grpc.server.GrpcServerProtocolClient.requestVote(GrpcServerProtocolClient.java:90)
	at org.apache.ratis.grpc.server.GrpcService.requestVote(GrpcService.java:204)
	at org.apache.ratis.server.impl.LeaderElection.lambda$submitRequests$1(LeaderElection.java:238)
	at java.util.concurrent.FutureTask.run(FutureTask.java:266)
	at java.util.concurrent.Executors$RunnableAdapter.call(Executors.java:511)
	at java.util.concurrent.FutureTask.run(FutureTask.java:266)
	at java.util.concurrent.ThreadPoolExecutor.runWorker(ThreadPoolExecutor.java:1149)
	at java.util.concurrent.ThreadPoolExecutor$Worker.run(ThreadPoolExecutor.java:624)
	... 1 more
Caused by: org.apache.ratis.thirdparty.io.netty.channel.AbstractChannel$AnnotatedConnectException: Connection refused: /192.168.5.130:38034
	at sun.nio.ch.SocketChannelImpl.checkConnect(Native Method)
	at sun.nio.ch.SocketChannelImpl.finishConnect(SocketChannelImpl.java:717)
	at org.apache.ratis.thirdparty.io.netty.channel.socket.nio.NioSocketChannel.doFinishConnect(NioSocketChannel.java:327)
	at org.apache.ratis.thirdparty.io.netty.channel.nio.AbstractNioChannel$AbstractNioUnsafe.finishConnect(AbstractNioChannel.java:340)
	at org.apache.ratis.thirdparty.io.netty.channel.nio.NioEventLoop.processSelectedKey(NioEventLoop.java:632)
	at org.apache.ratis.thirdparty.io.netty.channel.nio.NioEventLoop.processSelectedKeysOptimized(NioEventLoop.java:579)
	at org.apache.ratis.thirdparty.io.netty.channel.nio.NioEventLoop.processSelectedKeys(NioEventLoop.java:496)
	at org.apache.ratis.thirdparty.io.netty.channel.nio.NioEventLoop.run(NioEventLoop.java:458)
	at org.apache.ratis.thirdparty.io.netty.util.concurrent.SingleThreadEventExecutor$5.run(SingleThreadEventExecutor.java:897)
	at org.apache.ratis.thirdparty.io.netty.util.concurrent.FastThreadLocalRunnable.run(FastThreadLocalRunnable.java:30)
	... 1 more
Caused by: java.net.ConnectException: Connection refused
	... 11 more
2019-09-17 12:23:28,108 [ef58021b-0245-4b2a-b464-78c332d31a33@group-97FAE486DEE6:LeaderElection26] INFO  impl.LeaderElection (LogUtils.java:infoOrTrace(149)) -   Exception 1: {}
java.util.concurrent.ExecutionException: org.apache.ratis.thirdparty.io.grpc.StatusRuntimeException: UNAVAILABLE: io exception
	at java.util.concurrent.FutureTask.report(FutureTask.java:122)
	at java.util.concurrent.FutureTask.get(FutureTask.java:192)
	at org.apache.ratis.server.impl.LeaderElection.waitForResults(LeaderElection.java:263)
	at org.apache.ratis.server.impl.LeaderElection.askForVotes(LeaderElection.java:201)
	at org.apache.ratis.server.impl.LeaderElection.run(LeaderElection.java:133)
	at java.lang.Thread.run(Thread.java:748)
Caused by: org.apache.ratis.thirdparty.io.grpc.StatusRuntimeException: UNAVAILABLE: io exception
	at org.apache.ratis.thirdparty.io.grpc.stub.ClientCalls.toStatusRuntimeException(ClientCalls.java:233)
	at org.apache.ratis.thirdparty.io.grpc.stub.ClientCalls.getUnchecked(ClientCalls.java:214)
	at org.apache.ratis.thirdparty.io.grpc.stub.ClientCalls.blockingUnaryCall(ClientCalls.java:139)
	at org.apache.ratis.proto.grpc.RaftServerProtocolServiceGrpc$RaftServerProtocolServiceBlockingStub.requestVote(RaftServerProtocolServiceGrpc.java:265)
	at org.apache.ratis.grpc.server.GrpcServerProtocolClient.requestVote(GrpcServerProtocolClient.java:90)
	at org.apache.ratis.grpc.server.GrpcService.requestVote(GrpcService.java:204)
	at org.apache.ratis.server.impl.LeaderElection.lambda$submitRequests$1(LeaderElection.java:238)
	at java.util.concurrent.FutureTask.run(FutureTask.java:266)
	at java.util.concurrent.Executors$RunnableAdapter.call(Executors.java:511)
	at java.util.concurrent.FutureTask.run(FutureTask.java:266)
	at java.util.concurrent.ThreadPoolExecutor.runWorker(ThreadPoolExecutor.java:1149)
	at java.util.concurrent.ThreadPoolExecutor$Worker.run(ThreadPoolExecutor.java:624)
	... 1 more
Caused by: org.apache.ratis.thirdparty.io.netty.channel.AbstractChannel$AnnotatedConnectException: Connection refused: /192.168.5.130:42251
	at sun.nio.ch.SocketChannelImpl.checkConnect(Native Method)
	at sun.nio.ch.SocketChannelImpl.finishConnect(SocketChannelImpl.java:717)
	at org.apache.ratis.thirdparty.io.netty.channel.socket.nio.NioSocketChannel.doFinishConnect(NioSocketChannel.java:327)
	at org.apache.ratis.thirdparty.io.netty.channel.nio.AbstractNioChannel$AbstractNioUnsafe.finishConnect(AbstractNioChannel.java:340)
	at org.apache.ratis.thirdparty.io.netty.channel.nio.NioEventLoop.processSelectedKey(NioEventLoop.java:632)
	at org.apache.ratis.thirdparty.io.netty.channel.nio.NioEventLoop.processSelectedKeysOptimized(NioEventLoop.java:579)
	at org.apache.ratis.thirdparty.io.netty.channel.nio.NioEventLoop.processSelectedKeys(NioEventLoop.java:496)
	at org.apache.ratis.thirdparty.io.netty.channel.nio.NioEventLoop.run(NioEventLoop.java:458)
	at org.apache.ratis.thirdparty.io.netty.util.concurrent.SingleThreadEventExecutor$5.run(SingleThreadEventExecutor.java:897)
	at org.apache.ratis.thirdparty.io.netty.util.concurrent.FastThreadLocalRunnable.run(FastThreadLocalRunnable.java:30)
	... 1 more
Caused by: java.net.ConnectException: Connection refused
	... 11 more
2019-09-17 12:23:28,112 [ef58021b-0245-4b2a-b464-78c332d31a33@group-97FAE486DEE6:LeaderElection26] INFO  impl.RaftServerImpl (RaftServerImpl.java:setRole(174)) - ef58021b-0245-4b2a-b464-78c332d31a33@group-97FAE486DEE6: changes role from CANDIDATE to FOLLOWER at term 4 for DISCOVERED_A_NEW_TERM
2019-09-17 12:23:28,112 [ef58021b-0245-4b2a-b464-78c332d31a33@group-97FAE486DEE6:LeaderElection26] INFO  impl.RoleInfo (RoleInfo.java:shutdownLeaderElection(134)) - ef58021b-0245-4b2a-b464-78c332d31a33: shutdown LeaderElection
2019-09-17 12:23:28,112 [ef58021b-0245-4b2a-b464-78c332d31a33@group-97FAE486DEE6:LeaderElection26] INFO  impl.RoleInfo (RoleInfo.java:updateAndGet(143)) - ef58021b-0245-4b2a-b464-78c332d31a33: start FollowerState
2019-09-17 12:23:28,337 [Thread-1087] INFO  client.GrpcClientProtocolService (GrpcClientProtocolService.java:lambda$processClientRequest$0(278)) - Failed RaftClientRequest:client-241B9C7C1C46->ef58021b-0245-4b2a-b464-78c332d31a33@group-97FAE486DEE6, cid=56, seq=0, Watch-ALL_COMMITTED(19), Message:<EMPTY>, reply=RaftClientReply:client-241B9C7C1C46->ef58021b-0245-4b2a-b464-78c332d31a33@group-97FAE486DEE6, cid=56, FAILED org.apache.ratis.protocol.NotLeaderException: Server ef58021b-0245-4b2a-b464-78c332d31a33@group-97FAE486DEE6 is not the leader, logIndex=0, commits[ef58021b-0245-4b2a-b464-78c332d31a33:c27, ed86af58-6365-40b3-a78c-ef8881f9dd1e:c27, 0cdf7b9a-92f5-4bda-bda9-a502d9c924f1:c16]
2019-09-17 12:23:28,344 [grpc-default-executor-6] INFO  client.GrpcClientProtocolClient (GrpcClientProtocolClient.java:onNext(264)) - client-241B9C7C1C46->ef58021b-0245-4b2a-b464-78c332d31a33: receive RaftClientReply:client-241B9C7C1C46->ef58021b-0245-4b2a-b464-78c332d31a33@group-97FAE486DEE6, cid=56, FAILED org.apache.ratis.protocol.NotLeaderException: Server ef58021b-0245-4b2a-b464-78c332d31a33@group-97FAE486DEE6 is not the leader, logIndex=0, commits[ef58021b-0245-4b2a-b464-78c332d31a33:c27, ed86af58-6365-40b3-a78c-ef8881f9dd1e:c27, 0cdf7b9a-92f5-4bda-bda9-a502d9c924f1:c16]
2019-09-17 12:23:28,369 [java.util.concurrent.ThreadPoolExecutor$Worker@17044d63[State = -1, empty queue]] WARN  server.GrpcLogAppender (GrpcLogAppender.java:timeoutAppendRequest(200)) - 7689548e-5f49-4f36-9667-e46ba21e9ae3@group-C0075F260562->a5f9b548-b989-4807-80f4-ff576b54977d-GrpcLogAppender: appendEntries Timeout, request=7689548e-5f49-4f36-9667-e46ba21e9ae3->a5f9b548-b989-4807-80f4-ff576b54977d#93-t2, previous=(t:2, i:20), leaderCommit=16, initializing? false, entries: <empty>
2019-09-17 12:23:28,870 [java.util.concurrent.ThreadPoolExecutor$Worker@17044d63[State = -1, empty queue]] WARN  server.GrpcLogAppender (GrpcLogAppender.java:timeoutAppendRequest(200)) - 7689548e-5f49-4f36-9667-e46ba21e9ae3@group-C0075F260562->a5f9b548-b989-4807-80f4-ff576b54977d-GrpcLogAppender: appendEntries Timeout, request=7689548e-5f49-4f36-9667-e46ba21e9ae3->a5f9b548-b989-4807-80f4-ff576b54977d#94-t2, previous=(t:2, i:20), leaderCommit=16, initializing? false, entries: <empty>
2019-09-17 12:23:29,210 [Thread-1082] INFO  impl.FollowerState (FollowerState.java:run(106)) - ef58021b-0245-4b2a-b464-78c332d31a33:group-97FAE486DEE6 changes to CANDIDATE, lastRpcTime:1097, electionTimeout:1097ms
2019-09-17 12:23:29,213 [Thread-1082] INFO  impl.RoleInfo (RoleInfo.java:shutdownFollowerState(121)) - ef58021b-0245-4b2a-b464-78c332d31a33: shutdown FollowerState
2019-09-17 12:23:29,213 [Thread-1082] INFO  impl.RaftServerImpl (RaftServerImpl.java:setRole(174)) - ef58021b-0245-4b2a-b464-78c332d31a33@group-97FAE486DEE6: changes role from  FOLLOWER to CANDIDATE at term 4 for changeToCandidate
2019-09-17 12:23:29,213 [Thread-1082] INFO  impl.RoleInfo (RoleInfo.java:updateAndGet(143)) - ef58021b-0245-4b2a-b464-78c332d31a33: start LeaderElection
2019-09-17 12:23:29,246 [ef58021b-0245-4b2a-b464-78c332d31a33@group-97FAE486DEE6:LeaderElection27] INFO  impl.LeaderElection (LeaderElection.java:askForVotes(182)) - ef58021b-0245-4b2a-b464-78c332d31a33@group-97FAE486DEE6:LeaderElection27: begin an election at term 5 for 0: [ed86af58-6365-40b3-a78c-ef8881f9dd1e:192.168.5.130:38034, 0cdf7b9a-92f5-4bda-bda9-a502d9c924f1:192.168.5.130:42251, ef58021b-0245-4b2a-b464-78c332d31a33:192.168.5.130:45449], old=null
2019-09-17 12:23:29,247 [ef58021b-0245-4b2a-b464-78c332d31a33@group-97FAE486DEE6:LeaderElection27] INFO  impl.LeaderElection (LogUtils.java:infoOrTrace(149)) - ef58021b-0245-4b2a-b464-78c332d31a33@group-97FAE486DEE6:LeaderElection27 got exception when requesting votes: {}
java.util.concurrent.ExecutionException: org.apache.ratis.thirdparty.io.grpc.StatusRuntimeException: UNAVAILABLE: io exception
	at java.util.concurrent.FutureTask.report(FutureTask.java:122)
	at java.util.concurrent.FutureTask.get(FutureTask.java:192)
	at org.apache.ratis.server.impl.LeaderElection.waitForResults(LeaderElection.java:263)
	at org.apache.ratis.server.impl.LeaderElection.askForVotes(LeaderElection.java:201)
	at org.apache.ratis.server.impl.LeaderElection.run(LeaderElection.java:133)
	at java.lang.Thread.run(Thread.java:748)
Caused by: org.apache.ratis.thirdparty.io.grpc.StatusRuntimeException: UNAVAILABLE: io exception
	at org.apache.ratis.thirdparty.io.grpc.stub.ClientCalls.toStatusRuntimeException(ClientCalls.java:233)
	at org.apache.ratis.thirdparty.io.grpc.stub.ClientCalls.getUnchecked(ClientCalls.java:214)
	at org.apache.ratis.thirdparty.io.grpc.stub.ClientCalls.blockingUnaryCall(ClientCalls.java:139)
	at org.apache.ratis.proto.grpc.RaftServerProtocolServiceGrpc$RaftServerProtocolServiceBlockingStub.requestVote(RaftServerProtocolServiceGrpc.java:265)
	at org.apache.ratis.grpc.server.GrpcServerProtocolClient.requestVote(GrpcServerProtocolClient.java:90)
	at org.apache.ratis.grpc.server.GrpcService.requestVote(GrpcService.java:204)
	at org.apache.ratis.server.impl.LeaderElection.lambda$submitRequests$1(LeaderElection.java:238)
	at java.util.concurrent.FutureTask.run(FutureTask.java:266)
	at java.util.concurrent.Executors$RunnableAdapter.call(Executors.java:511)
	at java.util.concurrent.FutureTask.run(FutureTask.java:266)
	at java.util.concurrent.ThreadPoolExecutor.runWorker(ThreadPoolExecutor.java:1149)
	at java.util.concurrent.ThreadPoolExecutor$Worker.run(ThreadPoolExecutor.java:624)
	... 1 more
Caused by: org.apache.ratis.thirdparty.io.netty.channel.AbstractChannel$AnnotatedConnectException: Connection refused: /192.168.5.130:38034
	at sun.nio.ch.SocketChannelImpl.checkConnect(Native Method)
	at sun.nio.ch.SocketChannelImpl.finishConnect(SocketChannelImpl.java:717)
	at org.apache.ratis.thirdparty.io.netty.channel.socket.nio.NioSocketChannel.doFinishConnect(NioSocketChannel.java:327)
	at org.apache.ratis.thirdparty.io.netty.channel.nio.AbstractNioChannel$AbstractNioUnsafe.finishConnect(AbstractNioChannel.java:340)
	at org.apache.ratis.thirdparty.io.netty.channel.nio.NioEventLoop.processSelectedKey(NioEventLoop.java:632)
	at org.apache.ratis.thirdparty.io.netty.channel.nio.NioEventLoop.processSelectedKeysOptimized(NioEventLoop.java:579)
	at org.apache.ratis.thirdparty.io.netty.channel.nio.NioEventLoop.processSelectedKeys(NioEventLoop.java:496)
	at org.apache.ratis.thirdparty.io.netty.channel.nio.NioEventLoop.run(NioEventLoop.java:458)
	at org.apache.ratis.thirdparty.io.netty.util.concurrent.SingleThreadEventExecutor$5.run(SingleThreadEventExecutor.java:897)
	at org.apache.ratis.thirdparty.io.netty.util.concurrent.FastThreadLocalRunnable.run(FastThreadLocalRunnable.java:30)
	... 1 more
Caused by: java.net.ConnectException: Connection refused
	... 11 more
2019-09-17 12:23:29,250 [ef58021b-0245-4b2a-b464-78c332d31a33@group-97FAE486DEE6:LeaderElection27] INFO  impl.LeaderElection (LogUtils.java:infoOrTrace(149)) - ef58021b-0245-4b2a-b464-78c332d31a33@group-97FAE486DEE6:LeaderElection27 got exception when requesting votes: {}
java.util.concurrent.ExecutionException: org.apache.ratis.thirdparty.io.grpc.StatusRuntimeException: UNAVAILABLE: io exception
	at java.util.concurrent.FutureTask.report(FutureTask.java:122)
	at java.util.concurrent.FutureTask.get(FutureTask.java:192)
	at org.apache.ratis.server.impl.LeaderElection.waitForResults(LeaderElection.java:263)
	at org.apache.ratis.server.impl.LeaderElection.askForVotes(LeaderElection.java:201)
	at org.apache.ratis.server.impl.LeaderElection.run(LeaderElection.java:133)
	at java.lang.Thread.run(Thread.java:748)
Caused by: org.apache.ratis.thirdparty.io.grpc.StatusRuntimeException: UNAVAILABLE: io exception
	at org.apache.ratis.thirdparty.io.grpc.stub.ClientCalls.toStatusRuntimeException(ClientCalls.java:233)
	at org.apache.ratis.thirdparty.io.grpc.stub.ClientCalls.getUnchecked(ClientCalls.java:214)
	at org.apache.ratis.thirdparty.io.grpc.stub.ClientCalls.blockingUnaryCall(ClientCalls.java:139)
	at org.apache.ratis.proto.grpc.RaftServerProtocolServiceGrpc$RaftServerProtocolServiceBlockingStub.requestVote(RaftServerProtocolServiceGrpc.java:265)
	at org.apache.ratis.grpc.server.GrpcServerProtocolClient.requestVote(GrpcServerProtocolClient.java:90)
	at org.apache.ratis.grpc.server.GrpcService.requestVote(GrpcService.java:204)
	at org.apache.ratis.server.impl.LeaderElection.lambda$submitRequests$1(LeaderElection.java:238)
	at java.util.concurrent.FutureTask.run(FutureTask.java:266)
	at java.util.concurrent.Executors$RunnableAdapter.call(Executors.java:511)
	at java.util.concurrent.FutureTask.run(FutureTask.java:266)
	at java.util.concurrent.ThreadPoolExecutor.runWorker(ThreadPoolExecutor.java:1149)
	at java.util.concurrent.ThreadPoolExecutor$Worker.run(ThreadPoolExecutor.java:624)
	... 1 more
Caused by: org.apache.ratis.thirdparty.io.netty.channel.AbstractChannel$AnnotatedConnectException: Connection refused: /192.168.5.130:42251
	at sun.nio.ch.SocketChannelImpl.checkConnect(Native Method)
	at sun.nio.ch.SocketChannelImpl.finishConnect(SocketChannelImpl.java:717)
	at org.apache.ratis.thirdparty.io.netty.channel.socket.nio.NioSocketChannel.doFinishConnect(NioSocketChannel.java:327)
	at org.apache.ratis.thirdparty.io.netty.channel.nio.AbstractNioChannel$AbstractNioUnsafe.finishConnect(AbstractNioChannel.java:340)
	at org.apache.ratis.thirdparty.io.netty.channel.nio.NioEventLoop.processSelectedKey(NioEventLoop.java:632)
	at org.apache.ratis.thirdparty.io.netty.channel.nio.NioEventLoop.processSelectedKeysOptimized(NioEventLoop.java:579)
	at org.apache.ratis.thirdparty.io.netty.channel.nio.NioEventLoop.processSelectedKeys(NioEventLoop.java:496)
	at org.apache.ratis.thirdparty.io.netty.channel.nio.NioEventLoop.run(NioEventLoop.java:458)
	at org.apache.ratis.thirdparty.io.netty.util.concurrent.SingleThreadEventExecutor$5.run(SingleThreadEventExecutor.java:897)
	at org.apache.ratis.thirdparty.io.netty.util.concurrent.FastThreadLocalRunnable.run(FastThreadLocalRunnable.java:30)
	... 1 more
Caused by: java.net.ConnectException: Connection refused
	... 11 more
2019-09-17 12:23:29,252 [ef58021b-0245-4b2a-b464-78c332d31a33@group-97FAE486DEE6:LeaderElection27] INFO  impl.LeaderElection (LeaderElection.java:logAndReturn(56)) - ef58021b-0245-4b2a-b464-78c332d31a33@group-97FAE486DEE6:LeaderElection27: Election REJECTED; received 0 response(s) [] and 2 exception(s); ef58021b-0245-4b2a-b464-78c332d31a33@group-97FAE486DEE6:t5, leader=null, voted=ef58021b-0245-4b2a-b464-78c332d31a33, raftlog=ef58021b-0245-4b2a-b464-78c332d31a33@group-97FAE486DEE6-SegmentedRaftLog:OPENED:c27,f27,i27, conf=0: [ed86af58-6365-40b3-a78c-ef8881f9dd1e:192.168.5.130:38034, 0cdf7b9a-92f5-4bda-bda9-a502d9c924f1:192.168.5.130:42251, ef58021b-0245-4b2a-b464-78c332d31a33:192.168.5.130:45449], old=null
2019-09-17 12:23:29,252 [ef58021b-0245-4b2a-b464-78c332d31a33@group-97FAE486DEE6:LeaderElection27] INFO  impl.LeaderElection (LogUtils.java:infoOrTrace(149)) -   Exception 0: {}
java.util.concurrent.ExecutionException: org.apache.ratis.thirdparty.io.grpc.StatusRuntimeException: UNAVAILABLE: io exception
	at java.util.concurrent.FutureTask.report(FutureTask.java:122)
	at java.util.concurrent.FutureTask.get(FutureTask.java:192)
	at org.apache.ratis.server.impl.LeaderElection.waitForResults(LeaderElection.java:263)
	at org.apache.ratis.server.impl.LeaderElection.askForVotes(LeaderElection.java:201)
	at org.apache.ratis.server.impl.LeaderElection.run(LeaderElection.java:133)
	at java.lang.Thread.run(Thread.java:748)
Caused by: org.apache.ratis.thirdparty.io.grpc.StatusRuntimeException: UNAVAILABLE: io exception
	at org.apache.ratis.thirdparty.io.grpc.stub.ClientCalls.toStatusRuntimeException(ClientCalls.java:233)
	at org.apache.ratis.thirdparty.io.grpc.stub.ClientCalls.getUnchecked(ClientCalls.java:214)
	at org.apache.ratis.thirdparty.io.grpc.stub.ClientCalls.blockingUnaryCall(ClientCalls.java:139)
	at org.apache.ratis.proto.grpc.RaftServerProtocolServiceGrpc$RaftServerProtocolServiceBlockingStub.requestVote(RaftServerProtocolServiceGrpc.java:265)
	at org.apache.ratis.grpc.server.GrpcServerProtocolClient.requestVote(GrpcServerProtocolClient.java:90)
	at org.apache.ratis.grpc.server.GrpcService.requestVote(GrpcService.java:204)
	at org.apache.ratis.server.impl.LeaderElection.lambda$submitRequests$1(LeaderElection.java:238)
	at java.util.concurrent.FutureTask.run(FutureTask.java:266)
	at java.util.concurrent.Executors$RunnableAdapter.call(Executors.java:511)
	at java.util.concurrent.FutureTask.run(FutureTask.java:266)
	at java.util.concurrent.ThreadPoolExecutor.runWorker(ThreadPoolExecutor.java:1149)
	at java.util.concurrent.ThreadPoolExecutor$Worker.run(ThreadPoolExecutor.java:624)
	... 1 more
Caused by: org.apache.ratis.thirdparty.io.netty.channel.AbstractChannel$AnnotatedConnectException: Connection refused: /192.168.5.130:38034
	at sun.nio.ch.SocketChannelImpl.checkConnect(Native Method)
	at sun.nio.ch.SocketChannelImpl.finishConnect(SocketChannelImpl.java:717)
	at org.apache.ratis.thirdparty.io.netty.channel.socket.nio.NioSocketChannel.doFinishConnect(NioSocketChannel.java:327)
	at org.apache.ratis.thirdparty.io.netty.channel.nio.AbstractNioChannel$AbstractNioUnsafe.finishConnect(AbstractNioChannel.java:340)
	at org.apache.ratis.thirdparty.io.netty.channel.nio.NioEventLoop.processSelectedKey(NioEventLoop.java:632)
	at org.apache.ratis.thirdparty.io.netty.channel.nio.NioEventLoop.processSelectedKeysOptimized(NioEventLoop.java:579)
	at org.apache.ratis.thirdparty.io.netty.channel.nio.NioEventLoop.processSelectedKeys(NioEventLoop.java:496)
	at org.apache.ratis.thirdparty.io.netty.channel.nio.NioEventLoop.run(NioEventLoop.java:458)
	at org.apache.ratis.thirdparty.io.netty.util.concurrent.SingleThreadEventExecutor$5.run(SingleThreadEventExecutor.java:897)
	at org.apache.ratis.thirdparty.io.netty.util.concurrent.FastThreadLocalRunnable.run(FastThreadLocalRunnable.java:30)
	... 1 more
Caused by: java.net.ConnectException: Connection refused
	... 11 more
2019-09-17 12:23:29,252 [ef58021b-0245-4b2a-b464-78c332d31a33@group-97FAE486DEE6:LeaderElection27] INFO  impl.LeaderElection (LogUtils.java:infoOrTrace(149)) -   Exception 1: {}
java.util.concurrent.ExecutionException: org.apache.ratis.thirdparty.io.grpc.StatusRuntimeException: UNAVAILABLE: io exception
	at java.util.concurrent.FutureTask.report(FutureTask.java:122)
	at java.util.concurrent.FutureTask.get(FutureTask.java:192)
	at org.apache.ratis.server.impl.LeaderElection.waitForResults(LeaderElection.java:263)
	at org.apache.ratis.server.impl.LeaderElection.askForVotes(LeaderElection.java:201)
	at org.apache.ratis.server.impl.LeaderElection.run(LeaderElection.java:133)
	at java.lang.Thread.run(Thread.java:748)
Caused by: org.apache.ratis.thirdparty.io.grpc.StatusRuntimeException: UNAVAILABLE: io exception
	at org.apache.ratis.thirdparty.io.grpc.stub.ClientCalls.toStatusRuntimeException(ClientCalls.java:233)
	at org.apache.ratis.thirdparty.io.grpc.stub.ClientCalls.getUnchecked(ClientCalls.java:214)
	at org.apache.ratis.thirdparty.io.grpc.stub.ClientCalls.blockingUnaryCall(ClientCalls.java:139)
	at org.apache.ratis.proto.grpc.RaftServerProtocolServiceGrpc$RaftServerProtocolServiceBlockingStub.requestVote(RaftServerProtocolServiceGrpc.java:265)
	at org.apache.ratis.grpc.server.GrpcServerProtocolClient.requestVote(GrpcServerProtocolClient.java:90)
	at org.apache.ratis.grpc.server.GrpcService.requestVote(GrpcService.java:204)
	at org.apache.ratis.server.impl.LeaderElection.lambda$submitRequests$1(LeaderElection.java:238)
	at java.util.concurrent.FutureTask.run(FutureTask.java:266)
	at java.util.concurrent.Executors$RunnableAdapter.call(Executors.java:511)
	at java.util.concurrent.FutureTask.run(FutureTask.java:266)
	at java.util.concurrent.ThreadPoolExecutor.runWorker(ThreadPoolExecutor.java:1149)
	at java.util.concurrent.ThreadPoolExecutor$Worker.run(ThreadPoolExecutor.java:624)
	... 1 more
Caused by: org.apache.ratis.thirdparty.io.netty.channel.AbstractChannel$AnnotatedConnectException: Connection refused: /192.168.5.130:42251
	at sun.nio.ch.SocketChannelImpl.checkConnect(Native Method)
	at sun.nio.ch.SocketChannelImpl.finishConnect(SocketChannelImpl.java:717)
	at org.apache.ratis.thirdparty.io.netty.channel.socket.nio.NioSocketChannel.doFinishConnect(NioSocketChannel.java:327)
	at org.apache.ratis.thirdparty.io.netty.channel.nio.AbstractNioChannel$AbstractNioUnsafe.finishConnect(AbstractNioChannel.java:340)
	at org.apache.ratis.thirdparty.io.netty.channel.nio.NioEventLoop.processSelectedKey(NioEventLoop.java:632)
	at org.apache.ratis.thirdparty.io.netty.channel.nio.NioEventLoop.processSelectedKeysOptimized(NioEventLoop.java:579)
	at org.apache.ratis.thirdparty.io.netty.channel.nio.NioEventLoop.processSelectedKeys(NioEventLoop.java:496)
	at org.apache.ratis.thirdparty.io.netty.channel.nio.NioEventLoop.run(NioEventLoop.java:458)
	at org.apache.ratis.thirdparty.io.netty.util.concurrent.SingleThreadEventExecutor$5.run(SingleThreadEventExecutor.java:897)
	at org.apache.ratis.thirdparty.io.netty.util.concurrent.FastThreadLocalRunnable.run(FastThreadLocalRunnable.java:30)
	... 1 more
Caused by: java.net.ConnectException: Connection refused
	... 11 more
2019-09-17 12:23:29,253 [ef58021b-0245-4b2a-b464-78c332d31a33@group-97FAE486DEE6:LeaderElection27] INFO  impl.RaftServerImpl (RaftServerImpl.java:setRole(174)) - ef58021b-0245-4b2a-b464-78c332d31a33@group-97FAE486DEE6: changes role from CANDIDATE to FOLLOWER at term 5 for DISCOVERED_A_NEW_TERM
2019-09-17 12:23:29,253 [ef58021b-0245-4b2a-b464-78c332d31a33@group-97FAE486DEE6:LeaderElection27] INFO  impl.RoleInfo (RoleInfo.java:shutdownLeaderElection(134)) - ef58021b-0245-4b2a-b464-78c332d31a33: shutdown LeaderElection
2019-09-17 12:23:29,253 [ef58021b-0245-4b2a-b464-78c332d31a33@group-97FAE486DEE6:LeaderElection27] INFO  impl.RoleInfo (RoleInfo.java:updateAndGet(143)) - ef58021b-0245-4b2a-b464-78c332d31a33: start FollowerState
2019-09-17 12:23:29,356 [Thread-1104] INFO  client.GrpcClientProtocolService (GrpcClientProtocolService.java:lambda$processClientRequest$0(278)) - Failed RaftClientRequest:client-241B9C7C1C46->ef58021b-0245-4b2a-b464-78c332d31a33@group-97FAE486DEE6, cid=56, seq=0, Watch-ALL_COMMITTED(19), Message:<EMPTY>, reply=RaftClientReply:client-241B9C7C1C46->ef58021b-0245-4b2a-b464-78c332d31a33@group-97FAE486DEE6, cid=56, FAILED org.apache.ratis.protocol.NotLeaderException: Server ef58021b-0245-4b2a-b464-78c332d31a33@group-97FAE486DEE6 is not the leader, logIndex=0, commits[ef58021b-0245-4b2a-b464-78c332d31a33:c27, ed86af58-6365-40b3-a78c-ef8881f9dd1e:c27, 0cdf7b9a-92f5-4bda-bda9-a502d9c924f1:c16]
2019-09-17 12:23:29,360 [grpc-default-executor-3] INFO  client.GrpcClientProtocolClient (GrpcClientProtocolClient.java:onNext(264)) - client-241B9C7C1C46->ef58021b-0245-4b2a-b464-78c332d31a33: receive RaftClientReply:client-241B9C7C1C46->ef58021b-0245-4b2a-b464-78c332d31a33@group-97FAE486DEE6, cid=56, FAILED org.apache.ratis.protocol.NotLeaderException: Server ef58021b-0245-4b2a-b464-78c332d31a33@group-97FAE486DEE6 is not the leader, logIndex=0, commits[ef58021b-0245-4b2a-b464-78c332d31a33:c27, ed86af58-6365-40b3-a78c-ef8881f9dd1e:c27, 0cdf7b9a-92f5-4bda-bda9-a502d9c924f1:c16]
2019-09-17 12:23:29,370 [java.util.concurrent.ThreadPoolExecutor$Worker@17044d63[State = -1, empty queue]] WARN  server.GrpcLogAppender (GrpcLogAppender.java:timeoutAppendRequest(200)) - 7689548e-5f49-4f36-9667-e46ba21e9ae3@group-C0075F260562->a5f9b548-b989-4807-80f4-ff576b54977d-GrpcLogAppender: appendEntries Timeout, request=7689548e-5f49-4f36-9667-e46ba21e9ae3->a5f9b548-b989-4807-80f4-ff576b54977d#95-t2, previous=(t:2, i:20), leaderCommit=16, initializing? false, entries: <empty>
2019-09-17 12:23:29,870 [java.util.concurrent.ThreadPoolExecutor$Worker@17044d63[State = -1, empty queue]] WARN  server.GrpcLogAppender (GrpcLogAppender.java:timeoutAppendRequest(200)) - 7689548e-5f49-4f36-9667-e46ba21e9ae3@group-C0075F260562->a5f9b548-b989-4807-80f4-ff576b54977d-GrpcLogAppender: appendEntries Timeout, request=7689548e-5f49-4f36-9667-e46ba21e9ae3->a5f9b548-b989-4807-80f4-ff576b54977d#96-t2, previous=(t:2, i:20), leaderCommit=16, initializing? false, entries: <empty>
2019-09-17 12:23:30,317 [Thread-1100] INFO  impl.FollowerState (FollowerState.java:run(106)) - ef58021b-0245-4b2a-b464-78c332d31a33:group-97FAE486DEE6 changes to CANDIDATE, lastRpcTime:1064, electionTimeout:1064ms
2019-09-17 12:23:30,321 [Thread-1100] INFO  impl.RoleInfo (RoleInfo.java:shutdownFollowerState(121)) - ef58021b-0245-4b2a-b464-78c332d31a33: shutdown FollowerState
2019-09-17 12:23:30,321 [Thread-1100] INFO  impl.RaftServerImpl (RaftServerImpl.java:setRole(174)) - ef58021b-0245-4b2a-b464-78c332d31a33@group-97FAE486DEE6: changes role from  FOLLOWER to CANDIDATE at term 5 for changeToCandidate
2019-09-17 12:23:30,321 [Thread-1100] INFO  impl.RoleInfo (RoleInfo.java:updateAndGet(143)) - ef58021b-0245-4b2a-b464-78c332d31a33: start LeaderElection
2019-09-17 12:23:30,340 [ef58021b-0245-4b2a-b464-78c332d31a33@group-97FAE486DEE6:LeaderElection28] INFO  impl.LeaderElection (LeaderElection.java:askForVotes(182)) - ef58021b-0245-4b2a-b464-78c332d31a33@group-97FAE486DEE6:LeaderElection28: begin an election at term 6 for 0: [ed86af58-6365-40b3-a78c-ef8881f9dd1e:192.168.5.130:38034, 0cdf7b9a-92f5-4bda-bda9-a502d9c924f1:192.168.5.130:42251, ef58021b-0245-4b2a-b464-78c332d31a33:192.168.5.130:45449], old=null
2019-09-17 12:23:30,341 [ef58021b-0245-4b2a-b464-78c332d31a33@group-97FAE486DEE6:LeaderElection28] INFO  impl.LeaderElection (LogUtils.java:infoOrTrace(149)) - ef58021b-0245-4b2a-b464-78c332d31a33@group-97FAE486DEE6:LeaderElection28 got exception when requesting votes: {}
java.util.concurrent.ExecutionException: org.apache.ratis.thirdparty.io.grpc.StatusRuntimeException: UNAVAILABLE: io exception
	at java.util.concurrent.FutureTask.report(FutureTask.java:122)
	at java.util.concurrent.FutureTask.get(FutureTask.java:192)
	at org.apache.ratis.server.impl.LeaderElection.waitForResults(LeaderElection.java:263)
	at org.apache.ratis.server.impl.LeaderElection.askForVotes(LeaderElection.java:201)
	at org.apache.ratis.server.impl.LeaderElection.run(LeaderElection.java:133)
	at java.lang.Thread.run(Thread.java:748)
Caused by: org.apache.ratis.thirdparty.io.grpc.StatusRuntimeException: UNAVAILABLE: io exception
	at org.apache.ratis.thirdparty.io.grpc.stub.ClientCalls.toStatusRuntimeException(ClientCalls.java:233)
	at org.apache.ratis.thirdparty.io.grpc.stub.ClientCalls.getUnchecked(ClientCalls.java:214)
	at org.apache.ratis.thirdparty.io.grpc.stub.ClientCalls.blockingUnaryCall(ClientCalls.java:139)
	at org.apache.ratis.proto.grpc.RaftServerProtocolServiceGrpc$RaftServerProtocolServiceBlockingStub.requestVote(RaftServerProtocolServiceGrpc.java:265)
	at org.apache.ratis.grpc.server.GrpcServerProtocolClient.requestVote(GrpcServerProtocolClient.java:90)
	at org.apache.ratis.grpc.server.GrpcService.requestVote(GrpcService.java:204)
	at org.apache.ratis.server.impl.LeaderElection.lambda$submitRequests$1(LeaderElection.java:238)
	at java.util.concurrent.FutureTask.run(FutureTask.java:266)
	at java.util.concurrent.Executors$RunnableAdapter.call(Executors.java:511)
	at java.util.concurrent.FutureTask.run(FutureTask.java:266)
	at java.util.concurrent.ThreadPoolExecutor.runWorker(ThreadPoolExecutor.java:1149)
	at java.util.concurrent.ThreadPoolExecutor$Worker.run(ThreadPoolExecutor.java:624)
	... 1 more
Caused by: org.apache.ratis.thirdparty.io.netty.channel.AbstractChannel$AnnotatedConnectException: Connection refused: /192.168.5.130:38034
	at sun.nio.ch.SocketChannelImpl.checkConnect(Native Method)
	at sun.nio.ch.SocketChannelImpl.finishConnect(SocketChannelImpl.java:717)
	at org.apache.ratis.thirdparty.io.netty.channel.socket.nio.NioSocketChannel.doFinishConnect(NioSocketChannel.java:327)
	at org.apache.ratis.thirdparty.io.netty.channel.nio.AbstractNioChannel$AbstractNioUnsafe.finishConnect(AbstractNioChannel.java:340)
	at org.apache.ratis.thirdparty.io.netty.channel.nio.NioEventLoop.processSelectedKey(NioEventLoop.java:632)
	at org.apache.ratis.thirdparty.io.netty.channel.nio.NioEventLoop.processSelectedKeysOptimized(NioEventLoop.java:579)
	at org.apache.ratis.thirdparty.io.netty.channel.nio.NioEventLoop.processSelectedKeys(NioEventLoop.java:496)
	at org.apache.ratis.thirdparty.io.netty.channel.nio.NioEventLoop.run(NioEventLoop.java:458)
	at org.apache.ratis.thirdparty.io.netty.util.concurrent.SingleThreadEventExecutor$5.run(SingleThreadEventExecutor.java:897)
	at org.apache.ratis.thirdparty.io.netty.util.concurrent.FastThreadLocalRunnable.run(FastThreadLocalRunnable.java:30)
	... 1 more
Caused by: java.net.ConnectException: Connection refused
	... 11 more
2019-09-17 12:23:30,345 [ef58021b-0245-4b2a-b464-78c332d31a33@group-97FAE486DEE6:LeaderElection28] INFO  impl.LeaderElection (LogUtils.java:infoOrTrace(149)) - ef58021b-0245-4b2a-b464-78c332d31a33@group-97FAE486DEE6:LeaderElection28 got exception when requesting votes: {}
java.util.concurrent.ExecutionException: org.apache.ratis.thirdparty.io.grpc.StatusRuntimeException: UNAVAILABLE: io exception
	at java.util.concurrent.FutureTask.report(FutureTask.java:122)
	at java.util.concurrent.FutureTask.get(FutureTask.java:192)
	at org.apache.ratis.server.impl.LeaderElection.waitForResults(LeaderElection.java:263)
	at org.apache.ratis.server.impl.LeaderElection.askForVotes(LeaderElection.java:201)
	at org.apache.ratis.server.impl.LeaderElection.run(LeaderElection.java:133)
	at java.lang.Thread.run(Thread.java:748)
Caused by: org.apache.ratis.thirdparty.io.grpc.StatusRuntimeException: UNAVAILABLE: io exception
	at org.apache.ratis.thirdparty.io.grpc.stub.ClientCalls.toStatusRuntimeException(ClientCalls.java:233)
	at org.apache.ratis.thirdparty.io.grpc.stub.ClientCalls.getUnchecked(ClientCalls.java:214)
	at org.apache.ratis.thirdparty.io.grpc.stub.ClientCalls.blockingUnaryCall(ClientCalls.java:139)
	at org.apache.ratis.proto.grpc.RaftServerProtocolServiceGrpc$RaftServerProtocolServiceBlockingStub.requestVote(RaftServerProtocolServiceGrpc.java:265)
	at org.apache.ratis.grpc.server.GrpcServerProtocolClient.requestVote(GrpcServerProtocolClient.java:90)
	at org.apache.ratis.grpc.server.GrpcService.requestVote(GrpcService.java:204)
	at org.apache.ratis.server.impl.LeaderElection.lambda$submitRequests$1(LeaderElection.java:238)
	at java.util.concurrent.FutureTask.run(FutureTask.java:266)
	at java.util.concurrent.Executors$RunnableAdapter.call(Executors.java:511)
	at java.util.concurrent.FutureTask.run(FutureTask.java:266)
	at java.util.concurrent.ThreadPoolExecutor.runWorker(ThreadPoolExecutor.java:1149)
	at java.util.concurrent.ThreadPoolExecutor$Worker.run(ThreadPoolExecutor.java:624)
	... 1 more
Caused by: org.apache.ratis.thirdparty.io.netty.channel.AbstractChannel$AnnotatedConnectException: Connection refused: /192.168.5.130:42251
	at sun.nio.ch.SocketChannelImpl.checkConnect(Native Method)
	at sun.nio.ch.SocketChannelImpl.finishConnect(SocketChannelImpl.java:717)
	at org.apache.ratis.thirdparty.io.netty.channel.socket.nio.NioSocketChannel.doFinishConnect(NioSocketChannel.java:327)
	at org.apache.ratis.thirdparty.io.netty.channel.nio.AbstractNioChannel$AbstractNioUnsafe.finishConnect(AbstractNioChannel.java:340)
	at org.apache.ratis.thirdparty.io.netty.channel.nio.NioEventLoop.processSelectedKey(NioEventLoop.java:632)
	at org.apache.ratis.thirdparty.io.netty.channel.nio.NioEventLoop.processSelectedKeysOptimized(NioEventLoop.java:579)
	at org.apache.ratis.thirdparty.io.netty.channel.nio.NioEventLoop.processSelectedKeys(NioEventLoop.java:496)
	at org.apache.ratis.thirdparty.io.netty.channel.nio.NioEventLoop.run(NioEventLoop.java:458)
	at org.apache.ratis.thirdparty.io.netty.util.concurrent.SingleThreadEventExecutor$5.run(SingleThreadEventExecutor.java:897)
	at org.apache.ratis.thirdparty.io.netty.util.concurrent.FastThreadLocalRunnable.run(FastThreadLocalRunnable.java:30)
	... 1 more
Caused by: java.net.ConnectException: Connection refused
	... 11 more
2019-09-17 12:23:30,348 [a5f9b548-b989-4807-80f4-ff576b54977d@group-C0075F260562-SegmentedRaftLogWorker] WARN  segmented.SegmentedRaftLogWorker (SegmentedRaftLogWorker.java:getFromFuture(90)) - Timeout 3/~
org.apache.ratis.protocol.TimeoutIOException: Timeout 10s: WriteLog:17: (t:2, i:17), STATEMACHINELOGENTRY, client-0F6212053E58, cid=38-writeStateMachineData
	at org.apache.ratis.util.IOUtils.getFromFuture(IOUtils.java:87)
	at org.apache.ratis.server.raftlog.segmented.SegmentedRaftLogWorker$StateMachineDataPolicy.getFromFuture(SegmentedRaftLogWorker.java:87)
	at org.apache.ratis.server.raftlog.segmented.SegmentedRaftLogWorker$WriteLog.execute(SegmentedRaftLogWorker.java:477)
	at org.apache.ratis.server.raftlog.segmented.SegmentedRaftLogWorker.run(SegmentedRaftLogWorker.java:289)
	at java.lang.Thread.run(Thread.java:748)
Caused by: java.util.concurrent.TimeoutException
	at java.util.concurrent.CompletableFuture.timedGet(CompletableFuture.java:1771)
	at java.util.concurrent.CompletableFuture.get(CompletableFuture.java:1915)
	at org.apache.ratis.util.IOUtils.getFromFuture(IOUtils.java:79)
	... 4 more
2019-09-17 12:23:30,348 [ef58021b-0245-4b2a-b464-78c332d31a33@group-97FAE486DEE6:LeaderElection28] INFO  impl.LeaderElection (LeaderElection.java:logAndReturn(56)) - ef58021b-0245-4b2a-b464-78c332d31a33@group-97FAE486DEE6:LeaderElection28: Election REJECTED; received 0 response(s) [] and 2 exception(s); ef58021b-0245-4b2a-b464-78c332d31a33@group-97FAE486DEE6:t6, leader=null, voted=ef58021b-0245-4b2a-b464-78c332d31a33, raftlog=ef58021b-0245-4b2a-b464-78c332d31a33@group-97FAE486DEE6-SegmentedRaftLog:OPENED:c27,f27,i27, conf=0: [ed86af58-6365-40b3-a78c-ef8881f9dd1e:192.168.5.130:38034, 0cdf7b9a-92f5-4bda-bda9-a502d9c924f1:192.168.5.130:42251, ef58021b-0245-4b2a-b464-78c332d31a33:192.168.5.130:45449], old=null
2019-09-17 12:23:30,349 [ef58021b-0245-4b2a-b464-78c332d31a33@group-97FAE486DEE6:LeaderElection28] INFO  impl.LeaderElection (LogUtils.java:infoOrTrace(149)) -   Exception 0: {}
java.util.concurrent.ExecutionException: org.apache.ratis.thirdparty.io.grpc.StatusRuntimeException: UNAVAILABLE: io exception
	at java.util.concurrent.FutureTask.report(FutureTask.java:122)
	at java.util.concurrent.FutureTask.get(FutureTask.java:192)
	at org.apache.ratis.server.impl.LeaderElection.waitForResults(LeaderElection.java:263)
	at org.apache.ratis.server.impl.LeaderElection.askForVotes(LeaderElection.java:201)
	at org.apache.ratis.server.impl.LeaderElection.run(LeaderElection.java:133)
	at java.lang.Thread.run(Thread.java:748)
Caused by: org.apache.ratis.thirdparty.io.grpc.StatusRuntimeException: UNAVAILABLE: io exception
	at org.apache.ratis.thirdparty.io.grpc.stub.ClientCalls.toStatusRuntimeException(ClientCalls.java:233)
	at org.apache.ratis.thirdparty.io.grpc.stub.ClientCalls.getUnchecked(ClientCalls.java:214)
	at org.apache.ratis.thirdparty.io.grpc.stub.ClientCalls.blockingUnaryCall(ClientCalls.java:139)
	at org.apache.ratis.proto.grpc.RaftServerProtocolServiceGrpc$RaftServerProtocolServiceBlockingStub.requestVote(RaftServerProtocolServiceGrpc.java:265)
	at org.apache.ratis.grpc.server.GrpcServerProtocolClient.requestVote(GrpcServerProtocolClient.java:90)
	at org.apache.ratis.grpc.server.GrpcService.requestVote(GrpcService.java:204)
	at org.apache.ratis.server.impl.LeaderElection.lambda$submitRequests$1(LeaderElection.java:238)
	at java.util.concurrent.FutureTask.run(FutureTask.java:266)
	at java.util.concurrent.Executors$RunnableAdapter.call(Executors.java:511)
	at java.util.concurrent.FutureTask.run(FutureTask.java:266)
	at java.util.concurrent.ThreadPoolExecutor.runWorker(ThreadPoolExecutor.java:1149)
	at java.util.concurrent.ThreadPoolExecutor$Worker.run(ThreadPoolExecutor.java:624)
	... 1 more
Caused by: org.apache.ratis.thirdparty.io.netty.channel.AbstractChannel$AnnotatedConnectException: Connection refused: /192.168.5.130:38034
	at sun.nio.ch.SocketChannelImpl.checkConnect(Native Method)
	at sun.nio.ch.SocketChannelImpl.finishConnect(SocketChannelImpl.java:717)
	at org.apache.ratis.thirdparty.io.netty.channel.socket.nio.NioSocketChannel.doFinishConnect(NioSocketChannel.java:327)
	at org.apache.ratis.thirdparty.io.netty.channel.nio.AbstractNioChannel$AbstractNioUnsafe.finishConnect(AbstractNioChannel.java:340)
	at org.apache.ratis.thirdparty.io.netty.channel.nio.NioEventLoop.processSelectedKey(NioEventLoop.java:632)
	at org.apache.ratis.thirdparty.io.netty.channel.nio.NioEventLoop.processSelectedKeysOptimized(NioEventLoop.java:579)
	at org.apache.ratis.thirdparty.io.netty.channel.nio.NioEventLoop.processSelectedKeys(NioEventLoop.java:496)
	at org.apache.ratis.thirdparty.io.netty.channel.nio.NioEventLoop.run(NioEventLoop.java:458)
	at org.apache.ratis.thirdparty.io.netty.util.concurrent.SingleThreadEventExecutor$5.run(SingleThreadEventExecutor.java:897)
	at org.apache.ratis.thirdparty.io.netty.util.concurrent.FastThreadLocalRunnable.run(FastThreadLocalRunnable.java:30)
	... 1 more
Caused by: java.net.ConnectException: Connection refused
	... 11 more
2019-09-17 12:23:30,349 [ef58021b-0245-4b2a-b464-78c332d31a33@group-97FAE486DEE6:LeaderElection28] INFO  impl.LeaderElection (LogUtils.java:infoOrTrace(149)) -   Exception 1: {}
java.util.concurrent.ExecutionException: org.apache.ratis.thirdparty.io.grpc.StatusRuntimeException: UNAVAILABLE: io exception
	at java.util.concurrent.FutureTask.report(FutureTask.java:122)
	at java.util.concurrent.FutureTask.get(FutureTask.java:192)
	at org.apache.ratis.server.impl.LeaderElection.waitForResults(LeaderElection.java:263)
	at org.apache.ratis.server.impl.LeaderElection.askForVotes(LeaderElection.java:201)
	at org.apache.ratis.server.impl.LeaderElection.run(LeaderElection.java:133)
	at java.lang.Thread.run(Thread.java:748)
Caused by: org.apache.ratis.thirdparty.io.grpc.StatusRuntimeException: UNAVAILABLE: io exception
	at org.apache.ratis.thirdparty.io.grpc.stub.ClientCalls.toStatusRuntimeException(ClientCalls.java:233)
	at org.apache.ratis.thirdparty.io.grpc.stub.ClientCalls.getUnchecked(ClientCalls.java:214)
	at org.apache.ratis.thirdparty.io.grpc.stub.ClientCalls.blockingUnaryCall(ClientCalls.java:139)
	at org.apache.ratis.proto.grpc.RaftServerProtocolServiceGrpc$RaftServerProtocolServiceBlockingStub.requestVote(RaftServerProtocolServiceGrpc.java:265)
	at org.apache.ratis.grpc.server.GrpcServerProtocolClient.requestVote(GrpcServerProtocolClient.java:90)
	at org.apache.ratis.grpc.server.GrpcService.requestVote(GrpcService.java:204)
	at org.apache.ratis.server.impl.LeaderElection.lambda$submitRequests$1(LeaderElection.java:238)
	at java.util.concurrent.FutureTask.run(FutureTask.java:266)
	at java.util.concurrent.Executors$RunnableAdapter.call(Executors.java:511)
	at java.util.concurrent.FutureTask.run(FutureTask.java:266)
	at java.util.concurrent.ThreadPoolExecutor.runWorker(ThreadPoolExecutor.java:1149)
	at java.util.concurrent.ThreadPoolExecutor$Worker.run(ThreadPoolExecutor.java:624)
	... 1 more
Caused by: org.apache.ratis.thirdparty.io.netty.channel.AbstractChannel$AnnotatedConnectException: Connection refused: /192.168.5.130:42251
	at sun.nio.ch.SocketChannelImpl.checkConnect(Native Method)
	at sun.nio.ch.SocketChannelImpl.finishConnect(SocketChannelImpl.java:717)
	at org.apache.ratis.thirdparty.io.netty.channel.socket.nio.NioSocketChannel.doFinishConnect(NioSocketChannel.java:327)
	at org.apache.ratis.thirdparty.io.netty.channel.nio.AbstractNioChannel$AbstractNioUnsafe.finishConnect(AbstractNioChannel.java:340)
	at org.apache.ratis.thirdparty.io.netty.channel.nio.NioEventLoop.processSelectedKey(NioEventLoop.java:632)
	at org.apache.ratis.thirdparty.io.netty.channel.nio.NioEventLoop.processSelectedKeysOptimized(NioEventLoop.java:579)
	at org.apache.ratis.thirdparty.io.netty.channel.nio.NioEventLoop.processSelectedKeys(NioEventLoop.java:496)
	at org.apache.ratis.thirdparty.io.netty.channel.nio.NioEventLoop.run(NioEventLoop.java:458)
	at org.apache.ratis.thirdparty.io.netty.util.concurrent.SingleThreadEventExecutor$5.run(SingleThreadEventExecutor.java:897)
	at org.apache.ratis.thirdparty.io.netty.util.concurrent.FastThreadLocalRunnable.run(FastThreadLocalRunnable.java:30)
	... 1 more
Caused by: java.net.ConnectException: Connection refused
	... 11 more
2019-09-17 12:23:30,350 [ef58021b-0245-4b2a-b464-78c332d31a33@group-97FAE486DEE6:LeaderElection28] INFO  impl.RaftServerImpl (RaftServerImpl.java:setRole(174)) - ef58021b-0245-4b2a-b464-78c332d31a33@group-97FAE486DEE6: changes role from CANDIDATE to FOLLOWER at term 6 for DISCOVERED_A_NEW_TERM
2019-09-17 12:23:30,350 [ef58021b-0245-4b2a-b464-78c332d31a33@group-97FAE486DEE6:LeaderElection28] INFO  impl.RoleInfo (RoleInfo.java:shutdownLeaderElection(134)) - ef58021b-0245-4b2a-b464-78c332d31a33: shutdown LeaderElection
2019-09-17 12:23:30,353 [ef58021b-0245-4b2a-b464-78c332d31a33@group-97FAE486DEE6:LeaderElection28] INFO  impl.RoleInfo (RoleInfo.java:updateAndGet(143)) - ef58021b-0245-4b2a-b464-78c332d31a33: start FollowerState
2019-09-17 12:23:30,391 [java.util.concurrent.ThreadPoolExecutor$Worker@17044d63[State = -1, empty queue]] WARN  server.GrpcLogAppender (GrpcLogAppender.java:timeoutAppendRequest(200)) - 7689548e-5f49-4f36-9667-e46ba21e9ae3@group-C0075F260562->a5f9b548-b989-4807-80f4-ff576b54977d-GrpcLogAppender: appendEntries Timeout, request=7689548e-5f49-4f36-9667-e46ba21e9ae3->a5f9b548-b989-4807-80f4-ff576b54977d#97-t2, previous=(t:2, i:20), leaderCommit=16, initializing? false, entries: <empty>
2019-09-17 12:23:30,526 [7689548e-5f49-4f36-9667-e46ba21e9ae3@group-C0075F260562-SegmentedRaftLogWorker] WARN  segmented.SegmentedRaftLogWorker (SegmentedRaftLogWorker.java:getFromFuture(90)) - Timeout 3/~
org.apache.ratis.protocol.TimeoutIOException: Timeout 10s: WriteLog:19: (t:2, i:19), STATEMACHINELOGENTRY, client-0F6212053E58, cid=40-writeStateMachineData
	at org.apache.ratis.util.IOUtils.getFromFuture(IOUtils.java:87)
	at org.apache.ratis.server.raftlog.segmented.SegmentedRaftLogWorker$StateMachineDataPolicy.getFromFuture(SegmentedRaftLogWorker.java:87)
	at org.apache.ratis.server.raftlog.segmented.SegmentedRaftLogWorker$WriteLog.execute(SegmentedRaftLogWorker.java:477)
	at org.apache.ratis.server.raftlog.segmented.SegmentedRaftLogWorker.run(SegmentedRaftLogWorker.java:289)
	at java.lang.Thread.run(Thread.java:748)
Caused by: java.util.concurrent.TimeoutException
	at java.util.concurrent.CompletableFuture.timedGet(CompletableFuture.java:1771)
	at java.util.concurrent.CompletableFuture.get(CompletableFuture.java:1915)
	at org.apache.ratis.util.IOUtils.getFromFuture(IOUtils.java:79)
	... 4 more
2019-09-17 12:23:30,872 [java.util.concurrent.ThreadPoolExecutor$Worker@17044d63[State = -1, empty queue]] WARN  server.GrpcLogAppender (GrpcLogAppender.java:timeoutAppendRequest(200)) - 7689548e-5f49-4f36-9667-e46ba21e9ae3@group-C0075F260562->a5f9b548-b989-4807-80f4-ff576b54977d-GrpcLogAppender: appendEntries Timeout, request=7689548e-5f49-4f36-9667-e46ba21e9ae3->a5f9b548-b989-4807-80f4-ff576b54977d#98-t2, previous=(t:2, i:20), leaderCommit=16, initializing? false, entries: <empty>
2019-09-17 12:23:31,372 [java.util.concurrent.ThreadPoolExecutor$Worker@17044d63[State = -1, empty queue]] WARN  server.GrpcLogAppender (GrpcLogAppender.java:timeoutAppendRequest(200)) - 7689548e-5f49-4f36-9667-e46ba21e9ae3@group-C0075F260562->a5f9b548-b989-4807-80f4-ff576b54977d-GrpcLogAppender: appendEntries Timeout, request=7689548e-5f49-4f36-9667-e46ba21e9ae3->a5f9b548-b989-4807-80f4-ff576b54977d#99-t2, previous=(t:2, i:20), leaderCommit=16, initializing? false, entries: <empty>
2019-09-17 12:23:31,373 [grpc-default-executor-3] INFO  client.GrpcClientProtocolClient (GrpcClientProtocolClient.java:onNext(264)) - client-241B9C7C1C46->ef58021b-0245-4b2a-b464-78c332d31a33: receive RaftClientReply:client-241B9C7C1C46->ef58021b-0245-4b2a-b464-78c332d31a33@group-97FAE486DEE6, cid=60, FAILED org.apache.ratis.protocol.NotLeaderException: Server ef58021b-0245-4b2a-b464-78c332d31a33@group-97FAE486DEE6 is not the leader, logIndex=0, commits[ef58021b-0245-4b2a-b464-78c332d31a33:c27, ed86af58-6365-40b3-a78c-ef8881f9dd1e:c27, 0cdf7b9a-92f5-4bda-bda9-a502d9c924f1:c16]
2019-09-17 12:23:31,417 [Thread-1117] INFO  impl.FollowerState (FollowerState.java:run(106)) - ef58021b-0245-4b2a-b464-78c332d31a33:group-97FAE486DEE6 changes to CANDIDATE, lastRpcTime:1064, electionTimeout:1059ms
2019-09-17 12:23:31,417 [Thread-1117] INFO  impl.RoleInfo (RoleInfo.java:shutdownFollowerState(121)) - ef58021b-0245-4b2a-b464-78c332d31a33: shutdown FollowerState
2019-09-17 12:23:31,418 [Thread-1117] INFO  impl.RaftServerImpl (RaftServerImpl.java:setRole(174)) - ef58021b-0245-4b2a-b464-78c332d31a33@group-97FAE486DEE6: changes role from  FOLLOWER to CANDIDATE at term 6 for changeToCandidate
2019-09-17 12:23:31,418 [Thread-1117] INFO  impl.RoleInfo (RoleInfo.java:updateAndGet(143)) - ef58021b-0245-4b2a-b464-78c332d31a33: start LeaderElection
2019-09-17 12:23:31,446 [ef58021b-0245-4b2a-b464-78c332d31a33@group-97FAE486DEE6:LeaderElection29] INFO  impl.LeaderElection (LeaderElection.java:askForVotes(182)) - ef58021b-0245-4b2a-b464-78c332d31a33@group-97FAE486DEE6:LeaderElection29: begin an election at term 7 for 0: [ed86af58-6365-40b3-a78c-ef8881f9dd1e:192.168.5.130:38034, 0cdf7b9a-92f5-4bda-bda9-a502d9c924f1:192.168.5.130:42251, ef58021b-0245-4b2a-b464-78c332d31a33:192.168.5.130:45449], old=null
2019-09-17 12:23:31,450 [ef58021b-0245-4b2a-b464-78c332d31a33@group-97FAE486DEE6:LeaderElection29] INFO  impl.LeaderElection (LogUtils.java:infoOrTrace(149)) - ef58021b-0245-4b2a-b464-78c332d31a33@group-97FAE486DEE6:LeaderElection29 got exception when requesting votes: {}
java.util.concurrent.ExecutionException: org.apache.ratis.thirdparty.io.grpc.StatusRuntimeException: UNAVAILABLE: io exception
	at java.util.concurrent.FutureTask.report(FutureTask.java:122)
	at java.util.concurrent.FutureTask.get(FutureTask.java:192)
	at org.apache.ratis.server.impl.LeaderElection.waitForResults(LeaderElection.java:263)
	at org.apache.ratis.server.impl.LeaderElection.askForVotes(LeaderElection.java:201)
	at org.apache.ratis.server.impl.LeaderElection.run(LeaderElection.java:133)
	at java.lang.Thread.run(Thread.java:748)
Caused by: org.apache.ratis.thirdparty.io.grpc.StatusRuntimeException: UNAVAILABLE: io exception
	at org.apache.ratis.thirdparty.io.grpc.stub.ClientCalls.toStatusRuntimeException(ClientCalls.java:233)
	at org.apache.ratis.thirdparty.io.grpc.stub.ClientCalls.getUnchecked(ClientCalls.java:214)
	at org.apache.ratis.thirdparty.io.grpc.stub.ClientCalls.blockingUnaryCall(ClientCalls.java:139)
	at org.apache.ratis.proto.grpc.RaftServerProtocolServiceGrpc$RaftServerProtocolServiceBlockingStub.requestVote(RaftServerProtocolServiceGrpc.java:265)
	at org.apache.ratis.grpc.server.GrpcServerProtocolClient.requestVote(GrpcServerProtocolClient.java:90)
	at org.apache.ratis.grpc.server.GrpcService.requestVote(GrpcService.java:204)
	at org.apache.ratis.server.impl.LeaderElection.lambda$submitRequests$1(LeaderElection.java:238)
	at java.util.concurrent.FutureTask.run(FutureTask.java:266)
	at java.util.concurrent.Executors$RunnableAdapter.call(Executors.java:511)
	at java.util.concurrent.FutureTask.run(FutureTask.java:266)
	at java.util.concurrent.ThreadPoolExecutor.runWorker(ThreadPoolExecutor.java:1149)
	at java.util.concurrent.ThreadPoolExecutor$Worker.run(ThreadPoolExecutor.java:624)
	... 1 more
Caused by: org.apache.ratis.thirdparty.io.netty.channel.AbstractChannel$AnnotatedConnectException: Connection refused: /192.168.5.130:42251
	at sun.nio.ch.SocketChannelImpl.checkConnect(Native Method)
	at sun.nio.ch.SocketChannelImpl.finishConnect(SocketChannelImpl.java:717)
	at org.apache.ratis.thirdparty.io.netty.channel.socket.nio.NioSocketChannel.doFinishConnect(NioSocketChannel.java:327)
	at org.apache.ratis.thirdparty.io.netty.channel.nio.AbstractNioChannel$AbstractNioUnsafe.finishConnect(AbstractNioChannel.java:340)
	at org.apache.ratis.thirdparty.io.netty.channel.nio.NioEventLoop.processSelectedKey(NioEventLoop.java:632)
	at org.apache.ratis.thirdparty.io.netty.channel.nio.NioEventLoop.processSelectedKeysOptimized(NioEventLoop.java:579)
	at org.apache.ratis.thirdparty.io.netty.channel.nio.NioEventLoop.processSelectedKeys(NioEventLoop.java:496)
	at org.apache.ratis.thirdparty.io.netty.channel.nio.NioEventLoop.run(NioEventLoop.java:458)
	at org.apache.ratis.thirdparty.io.netty.util.concurrent.SingleThreadEventExecutor$5.run(SingleThreadEventExecutor.java:897)
	at org.apache.ratis.thirdparty.io.netty.util.concurrent.FastThreadLocalRunnable.run(FastThreadLocalRunnable.java:30)
	... 1 more
Caused by: java.net.ConnectException: Connection refused
	... 11 more
2019-09-17 12:23:31,453 [ef58021b-0245-4b2a-b464-78c332d31a33@group-97FAE486DEE6:LeaderElection29] INFO  impl.LeaderElection (LogUtils.java:infoOrTrace(149)) - ef58021b-0245-4b2a-b464-78c332d31a33@group-97FAE486DEE6:LeaderElection29 got exception when requesting votes: {}
java.util.concurrent.ExecutionException: org.apache.ratis.thirdparty.io.grpc.StatusRuntimeException: UNAVAILABLE: io exception
	at java.util.concurrent.FutureTask.report(FutureTask.java:122)
	at java.util.concurrent.FutureTask.get(FutureTask.java:192)
	at org.apache.ratis.server.impl.LeaderElection.waitForResults(LeaderElection.java:263)
	at org.apache.ratis.server.impl.LeaderElection.askForVotes(LeaderElection.java:201)
	at org.apache.ratis.server.impl.LeaderElection.run(LeaderElection.java:133)
	at java.lang.Thread.run(Thread.java:748)
Caused by: org.apache.ratis.thirdparty.io.grpc.StatusRuntimeException: UNAVAILABLE: io exception
	at org.apache.ratis.thirdparty.io.grpc.stub.ClientCalls.toStatusRuntimeException(ClientCalls.java:233)
	at org.apache.ratis.thirdparty.io.grpc.stub.ClientCalls.getUnchecked(ClientCalls.java:214)
	at org.apache.ratis.thirdparty.io.grpc.stub.ClientCalls.blockingUnaryCall(ClientCalls.java:139)
	at org.apache.ratis.proto.grpc.RaftServerProtocolServiceGrpc$RaftServerProtocolServiceBlockingStub.requestVote(RaftServerProtocolServiceGrpc.java:265)
	at org.apache.ratis.grpc.server.GrpcServerProtocolClient.requestVote(GrpcServerProtocolClient.java:90)
	at org.apache.ratis.grpc.server.GrpcService.requestVote(GrpcService.java:204)
	at org.apache.ratis.server.impl.LeaderElection.lambda$submitRequests$1(LeaderElection.java:238)
	at java.util.concurrent.FutureTask.run(FutureTask.java:266)
	at java.util.concurrent.Executors$RunnableAdapter.call(Executors.java:511)
	at java.util.concurrent.FutureTask.run(FutureTask.java:266)
	at java.util.concurrent.ThreadPoolExecutor.runWorker(ThreadPoolExecutor.java:1149)
	at java.util.concurrent.ThreadPoolExecutor$Worker.run(ThreadPoolExecutor.java:624)
	... 1 more
Caused by: org.apache.ratis.thirdparty.io.netty.channel.AbstractChannel$AnnotatedConnectException: Connection refused: /192.168.5.130:38034
	at sun.nio.ch.SocketChannelImpl.checkConnect(Native Method)
	at sun.nio.ch.SocketChannelImpl.finishConnect(SocketChannelImpl.java:717)
	at org.apache.ratis.thirdparty.io.netty.channel.socket.nio.NioSocketChannel.doFinishConnect(NioSocketChannel.java:327)
	at org.apache.ratis.thirdparty.io.netty.channel.nio.AbstractNioChannel$AbstractNioUnsafe.finishConnect(AbstractNioChannel.java:340)
	at org.apache.ratis.thirdparty.io.netty.channel.nio.NioEventLoop.processSelectedKey(NioEventLoop.java:632)
	at org.apache.ratis.thirdparty.io.netty.channel.nio.NioEventLoop.processSelectedKeysOptimized(NioEventLoop.java:579)
	at org.apache.ratis.thirdparty.io.netty.channel.nio.NioEventLoop.processSelectedKeys(NioEventLoop.java:496)
	at org.apache.ratis.thirdparty.io.netty.channel.nio.NioEventLoop.run(NioEventLoop.java:458)
	at org.apache.ratis.thirdparty.io.netty.util.concurrent.SingleThreadEventExecutor$5.run(SingleThreadEventExecutor.java:897)
	at org.apache.ratis.thirdparty.io.netty.util.concurrent.FastThreadLocalRunnable.run(FastThreadLocalRunnable.java:30)
	... 1 more
Caused by: java.net.ConnectException: Connection refused
	... 11 more
2019-09-17 12:23:31,456 [ef58021b-0245-4b2a-b464-78c332d31a33@group-97FAE486DEE6:LeaderElection29] INFO  impl.LeaderElection (LeaderElection.java:logAndReturn(56)) - ef58021b-0245-4b2a-b464-78c332d31a33@group-97FAE486DEE6:LeaderElection29: Election REJECTED; received 0 response(s) [] and 2 exception(s); ef58021b-0245-4b2a-b464-78c332d31a33@group-97FAE486DEE6:t7, leader=null, voted=ef58021b-0245-4b2a-b464-78c332d31a33, raftlog=ef58021b-0245-4b2a-b464-78c332d31a33@group-97FAE486DEE6-SegmentedRaftLog:OPENED:c27,f27,i27, conf=0: [ed86af58-6365-40b3-a78c-ef8881f9dd1e:192.168.5.130:38034, 0cdf7b9a-92f5-4bda-bda9-a502d9c924f1:192.168.5.130:42251, ef58021b-0245-4b2a-b464-78c332d31a33:192.168.5.130:45449], old=null
2019-09-17 12:23:31,457 [ef58021b-0245-4b2a-b464-78c332d31a33@group-97FAE486DEE6:LeaderElection29] INFO  impl.LeaderElection (LogUtils.java:infoOrTrace(149)) -   Exception 0: {}
java.util.concurrent.ExecutionException: org.apache.ratis.thirdparty.io.grpc.StatusRuntimeException: UNAVAILABLE: io exception
	at java.util.concurrent.FutureTask.report(FutureTask.java:122)
	at java.util.concurrent.FutureTask.get(FutureTask.java:192)
	at org.apache.ratis.server.impl.LeaderElection.waitForResults(LeaderElection.java:263)
	at org.apache.ratis.server.impl.LeaderElection.askForVotes(LeaderElection.java:201)
	at org.apache.ratis.server.impl.LeaderElection.run(LeaderElection.java:133)
	at java.lang.Thread.run(Thread.java:748)
Caused by: org.apache.ratis.thirdparty.io.grpc.StatusRuntimeException: UNAVAILABLE: io exception
	at org.apache.ratis.thirdparty.io.grpc.stub.ClientCalls.toStatusRuntimeException(ClientCalls.java:233)
	at org.apache.ratis.thirdparty.io.grpc.stub.ClientCalls.getUnchecked(ClientCalls.java:214)
	at org.apache.ratis.thirdparty.io.grpc.stub.ClientCalls.blockingUnaryCall(ClientCalls.java:139)
	at org.apache.ratis.proto.grpc.RaftServerProtocolServiceGrpc$RaftServerProtocolServiceBlockingStub.requestVote(RaftServerProtocolServiceGrpc.java:265)
	at org.apache.ratis.grpc.server.GrpcServerProtocolClient.requestVote(GrpcServerProtocolClient.java:90)
	at org.apache.ratis.grpc.server.GrpcService.requestVote(GrpcService.java:204)
	at org.apache.ratis.server.impl.LeaderElection.lambda$submitRequests$1(LeaderElection.java:238)
	at java.util.concurrent.FutureTask.run(FutureTask.java:266)
	at java.util.concurrent.Executors$RunnableAdapter.call(Executors.java:511)
	at java.util.concurrent.FutureTask.run(FutureTask.java:266)
	at java.util.concurrent.ThreadPoolExecutor.runWorker(ThreadPoolExecutor.java:1149)
	at java.util.concurrent.ThreadPoolExecutor$Worker.run(ThreadPoolExecutor.java:624)
	... 1 more
Caused by: org.apache.ratis.thirdparty.io.netty.channel.AbstractChannel$AnnotatedConnectException: Connection refused: /192.168.5.130:42251
	at sun.nio.ch.SocketChannelImpl.checkConnect(Native Method)
	at sun.nio.ch.SocketChannelImpl.finishConnect(SocketChannelImpl.java:717)
	at org.apache.ratis.thirdparty.io.netty.channel.socket.nio.NioSocketChannel.doFinishConnect(NioSocketChannel.java:327)
	at org.apache.ratis.thirdparty.io.netty.channel.nio.AbstractNioChannel$AbstractNioUnsafe.finishConnect(AbstractNioChannel.java:340)
	at org.apache.ratis.thirdparty.io.netty.channel.nio.NioEventLoop.processSelectedKey(NioEventLoop.java:632)
	at org.apache.ratis.thirdparty.io.netty.channel.nio.NioEventLoop.processSelectedKeysOptimized(NioEventLoop.java:579)
	at org.apache.ratis.thirdparty.io.netty.channel.nio.NioEventLoop.processSelectedKeys(NioEventLoop.java:496)
	at org.apache.ratis.thirdparty.io.netty.channel.nio.NioEventLoop.run(NioEventLoop.java:458)
	at org.apache.ratis.thirdparty.io.netty.util.concurrent.SingleThreadEventExecutor$5.run(SingleThreadEventExecutor.java:897)
	at org.apache.ratis.thirdparty.io.netty.util.concurrent.FastThreadLocalRunnable.run(FastThreadLocalRunnable.java:30)
	... 1 more
Caused by: java.net.ConnectException: Connection refused
	... 11 more
2019-09-17 12:23:31,457 [ef58021b-0245-4b2a-b464-78c332d31a33@group-97FAE486DEE6:LeaderElection29] INFO  impl.LeaderElection (LogUtils.java:infoOrTrace(149)) -   Exception 1: {}
java.util.concurrent.ExecutionException: org.apache.ratis.thirdparty.io.grpc.StatusRuntimeException: UNAVAILABLE: io exception
	at java.util.concurrent.FutureTask.report(FutureTask.java:122)
	at java.util.concurrent.FutureTask.get(FutureTask.java:192)
	at org.apache.ratis.server.impl.LeaderElection.waitForResults(LeaderElection.java:263)
	at org.apache.ratis.server.impl.LeaderElection.askForVotes(LeaderElection.java:201)
	at org.apache.ratis.server.impl.LeaderElection.run(LeaderElection.java:133)
	at java.lang.Thread.run(Thread.java:748)
Caused by: org.apache.ratis.thirdparty.io.grpc.StatusRuntimeException: UNAVAILABLE: io exception
	at org.apache.ratis.thirdparty.io.grpc.stub.ClientCalls.toStatusRuntimeException(ClientCalls.java:233)
	at org.apache.ratis.thirdparty.io.grpc.stub.ClientCalls.getUnchecked(ClientCalls.java:214)
	at org.apache.ratis.thirdparty.io.grpc.stub.ClientCalls.blockingUnaryCall(ClientCalls.java:139)
	at org.apache.ratis.proto.grpc.RaftServerProtocolServiceGrpc$RaftServerProtocolServiceBlockingStub.requestVote(RaftServerProtocolServiceGrpc.java:265)
	at org.apache.ratis.grpc.server.GrpcServerProtocolClient.requestVote(GrpcServerProtocolClient.java:90)
	at org.apache.ratis.grpc.server.GrpcService.requestVote(GrpcService.java:204)
	at org.apache.ratis.server.impl.LeaderElection.lambda$submitRequests$1(LeaderElection.java:238)
	at java.util.concurrent.FutureTask.run(FutureTask.java:266)
	at java.util.concurrent.Executors$RunnableAdapter.call(Executors.java:511)
	at java.util.concurrent.FutureTask.run(FutureTask.java:266)
	at java.util.concurrent.ThreadPoolExecutor.runWorker(ThreadPoolExecutor.java:1149)
	at java.util.concurrent.ThreadPoolExecutor$Worker.run(ThreadPoolExecutor.java:624)
	... 1 more
Caused by: org.apache.ratis.thirdparty.io.netty.channel.AbstractChannel$AnnotatedConnectException: Connection refused: /192.168.5.130:38034
	at sun.nio.ch.SocketChannelImpl.checkConnect(Native Method)
	at sun.nio.ch.SocketChannelImpl.finishConnect(SocketChannelImpl.java:717)
	at org.apache.ratis.thirdparty.io.netty.channel.socket.nio.NioSocketChannel.doFinishConnect(NioSocketChannel.java:327)
	at org.apache.ratis.thirdparty.io.netty.channel.nio.AbstractNioChannel$AbstractNioUnsafe.finishConnect(AbstractNioChannel.java:340)
	at org.apache.ratis.thirdparty.io.netty.channel.nio.NioEventLoop.processSelectedKey(NioEventLoop.java:632)
	at org.apache.ratis.thirdparty.io.netty.channel.nio.NioEventLoop.processSelectedKeysOptimized(NioEventLoop.java:579)
	at org.apache.ratis.thirdparty.io.netty.channel.nio.NioEventLoop.processSelectedKeys(NioEventLoop.java:496)
	at org.apache.ratis.thirdparty.io.netty.channel.nio.NioEventLoop.run(NioEventLoop.java:458)
	at org.apache.ratis.thirdparty.io.netty.util.concurrent.SingleThreadEventExecutor$5.run(SingleThreadEventExecutor.java:897)
	at org.apache.ratis.thirdparty.io.netty.util.concurrent.FastThreadLocalRunnable.run(FastThreadLocalRunnable.java:30)
	... 1 more
Caused by: java.net.ConnectException: Connection refused
	... 11 more
2019-09-17 12:23:31,457 [ef58021b-0245-4b2a-b464-78c332d31a33@group-97FAE486DEE6:LeaderElection29] INFO  impl.RaftServerImpl (RaftServerImpl.java:setRole(174)) - ef58021b-0245-4b2a-b464-78c332d31a33@group-97FAE486DEE6: changes role from CANDIDATE to FOLLOWER at term 7 for DISCOVERED_A_NEW_TERM
2019-09-17 12:23:31,458 [ef58021b-0245-4b2a-b464-78c332d31a33@group-97FAE486DEE6:LeaderElection29] INFO  impl.RoleInfo (RoleInfo.java:shutdownLeaderElection(134)) - ef58021b-0245-4b2a-b464-78c332d31a33: shutdown LeaderElection
2019-09-17 12:23:31,458 [ef58021b-0245-4b2a-b464-78c332d31a33@group-97FAE486DEE6:LeaderElection29] INFO  impl.RoleInfo (RoleInfo.java:updateAndGet(143)) - ef58021b-0245-4b2a-b464-78c332d31a33: start FollowerState
2019-09-17 12:23:31,873 [java.util.concurrent.ThreadPoolExecutor$Worker@17044d63[State = -1, empty queue]] WARN  server.GrpcLogAppender (GrpcLogAppender.java:timeoutAppendRequest(200)) - 7689548e-5f49-4f36-9667-e46ba21e9ae3@group-C0075F260562->a5f9b548-b989-4807-80f4-ff576b54977d-GrpcLogAppender: appendEntries Timeout, request=7689548e-5f49-4f36-9667-e46ba21e9ae3->a5f9b548-b989-4807-80f4-ff576b54977d#100-t2, previous=(t:2, i:20), leaderCommit=16, initializing? false, entries: <empty>
2019-09-17 12:23:32,373 [java.util.concurrent.ThreadPoolExecutor$Worker@17044d63[State = -1, empty queue]] WARN  server.GrpcLogAppender (GrpcLogAppender.java:timeoutAppendRequest(200)) - 7689548e-5f49-4f36-9667-e46ba21e9ae3@group-C0075F260562->a5f9b548-b989-4807-80f4-ff576b54977d-GrpcLogAppender: appendEntries Timeout, request=7689548e-5f49-4f36-9667-e46ba21e9ae3->a5f9b548-b989-4807-80f4-ff576b54977d#101-t2, previous=(t:2, i:20), leaderCommit=16, initializing? false, entries: <empty>
2019-09-17 12:23:32,399 [grpc-default-executor-1] INFO  client.GrpcClientProtocolClient (GrpcClientProtocolClient.java:onNext(264)) - client-241B9C7C1C46->ef58021b-0245-4b2a-b464-78c332d31a33: receive RaftClientReply:client-241B9C7C1C46->ef58021b-0245-4b2a-b464-78c332d31a33@group-97FAE486DEE6, cid=60, FAILED org.apache.ratis.protocol.NotLeaderException: Server ef58021b-0245-4b2a-b464-78c332d31a33@group-97FAE486DEE6 is not the leader, logIndex=0, commits[ef58021b-0245-4b2a-b464-78c332d31a33:c27, ed86af58-6365-40b3-a78c-ef8881f9dd1e:c27, 0cdf7b9a-92f5-4bda-bda9-a502d9c924f1:c16]
2019-09-17 12:23:32,593 [Thread-1137] INFO  impl.FollowerState (FollowerState.java:run(106)) - ef58021b-0245-4b2a-b464-78c332d31a33:group-97FAE486DEE6 changes to CANDIDATE, lastRpcTime:1135, electionTimeout:1135ms
2019-09-17 12:23:32,594 [Thread-1137] INFO  impl.RoleInfo (RoleInfo.java:shutdownFollowerState(121)) - ef58021b-0245-4b2a-b464-78c332d31a33: shutdown FollowerState
2019-09-17 12:23:32,594 [Thread-1137] INFO  impl.RaftServerImpl (RaftServerImpl.java:setRole(174)) - ef58021b-0245-4b2a-b464-78c332d31a33@group-97FAE486DEE6: changes role from  FOLLOWER to CANDIDATE at term 7 for changeToCandidate
2019-09-17 12:23:32,594 [Thread-1137] INFO  impl.RoleInfo (RoleInfo.java:updateAndGet(143)) - ef58021b-0245-4b2a-b464-78c332d31a33: start LeaderElection
2019-09-17 12:23:32,619 [ef58021b-0245-4b2a-b464-78c332d31a33@group-97FAE486DEE6:LeaderElection30] INFO  impl.LeaderElection (LeaderElection.java:askForVotes(182)) - ef58021b-0245-4b2a-b464-78c332d31a33@group-97FAE486DEE6:LeaderElection30: begin an election at term 8 for 0: [ed86af58-6365-40b3-a78c-ef8881f9dd1e:192.168.5.130:38034, 0cdf7b9a-92f5-4bda-bda9-a502d9c924f1:192.168.5.130:42251, ef58021b-0245-4b2a-b464-78c332d31a33:192.168.5.130:45449], old=null
2019-09-17 12:23:32,622 [ef58021b-0245-4b2a-b464-78c332d31a33@group-97FAE486DEE6:LeaderElection30] INFO  impl.LeaderElection (LogUtils.java:infoOrTrace(149)) - ef58021b-0245-4b2a-b464-78c332d31a33@group-97FAE486DEE6:LeaderElection30 got exception when requesting votes: {}
java.util.concurrent.ExecutionException: org.apache.ratis.thirdparty.io.grpc.StatusRuntimeException: UNAVAILABLE: io exception
	at java.util.concurrent.FutureTask.report(FutureTask.java:122)
	at java.util.concurrent.FutureTask.get(FutureTask.java:192)
	at org.apache.ratis.server.impl.LeaderElection.waitForResults(LeaderElection.java:263)
	at org.apache.ratis.server.impl.LeaderElection.askForVotes(LeaderElection.java:201)
	at org.apache.ratis.server.impl.LeaderElection.run(LeaderElection.java:133)
	at java.lang.Thread.run(Thread.java:748)
Caused by: org.apache.ratis.thirdparty.io.grpc.StatusRuntimeException: UNAVAILABLE: io exception
	at org.apache.ratis.thirdparty.io.grpc.stub.ClientCalls.toStatusRuntimeException(ClientCalls.java:233)
	at org.apache.ratis.thirdparty.io.grpc.stub.ClientCalls.getUnchecked(ClientCalls.java:214)
	at org.apache.ratis.thirdparty.io.grpc.stub.ClientCalls.blockingUnaryCall(ClientCalls.java:139)
	at org.apache.ratis.proto.grpc.RaftServerProtocolServiceGrpc$RaftServerProtocolServiceBlockingStub.requestVote(RaftServerProtocolServiceGrpc.java:265)
	at org.apache.ratis.grpc.server.GrpcServerProtocolClient.requestVote(GrpcServerProtocolClient.java:90)
	at org.apache.ratis.grpc.server.GrpcService.requestVote(GrpcService.java:204)
	at org.apache.ratis.server.impl.LeaderElection.lambda$submitRequests$1(LeaderElection.java:238)
	at java.util.concurrent.FutureTask.run(FutureTask.java:266)
	at java.util.concurrent.Executors$RunnableAdapter.call(Executors.java:511)
	at java.util.concurrent.FutureTask.run(FutureTask.java:266)
	at java.util.concurrent.ThreadPoolExecutor.runWorker(ThreadPoolExecutor.java:1149)
	at java.util.concurrent.ThreadPoolExecutor$Worker.run(ThreadPoolExecutor.java:624)
	... 1 more
Caused by: org.apache.ratis.thirdparty.io.netty.channel.AbstractChannel$AnnotatedConnectException: Connection refused: /192.168.5.130:38034
	at sun.nio.ch.SocketChannelImpl.checkConnect(Native Method)
	at sun.nio.ch.SocketChannelImpl.finishConnect(SocketChannelImpl.java:717)
	at org.apache.ratis.thirdparty.io.netty.channel.socket.nio.NioSocketChannel.doFinishConnect(NioSocketChannel.java:327)
	at org.apache.ratis.thirdparty.io.netty.channel.nio.AbstractNioChannel$AbstractNioUnsafe.finishConnect(AbstractNioChannel.java:340)
	at org.apache.ratis.thirdparty.io.netty.channel.nio.NioEventLoop.processSelectedKey(NioEventLoop.java:632)
	at org.apache.ratis.thirdparty.io.netty.channel.nio.NioEventLoop.processSelectedKeysOptimized(NioEventLoop.java:579)
	at org.apache.ratis.thirdparty.io.netty.channel.nio.NioEventLoop.processSelectedKeys(NioEventLoop.java:496)
	at org.apache.ratis.thirdparty.io.netty.channel.nio.NioEventLoop.run(NioEventLoop.java:458)
	at org.apache.ratis.thirdparty.io.netty.util.concurrent.SingleThreadEventExecutor$5.run(SingleThreadEventExecutor.java:897)
	at org.apache.ratis.thirdparty.io.netty.util.concurrent.FastThreadLocalRunnable.run(FastThreadLocalRunnable.java:30)
	... 1 more
Caused by: java.net.ConnectException: Connection refused
	... 11 more
2019-09-17 12:23:32,625 [ef58021b-0245-4b2a-b464-78c332d31a33@group-97FAE486DEE6:LeaderElection30] INFO  impl.LeaderElection (LogUtils.java:infoOrTrace(149)) - ef58021b-0245-4b2a-b464-78c332d31a33@group-97FAE486DEE6:LeaderElection30 got exception when requesting votes: {}
java.util.concurrent.ExecutionException: org.apache.ratis.thirdparty.io.grpc.StatusRuntimeException: UNAVAILABLE: io exception
	at java.util.concurrent.FutureTask.report(FutureTask.java:122)
	at java.util.concurrent.FutureTask.get(FutureTask.java:192)
	at org.apache.ratis.server.impl.LeaderElection.waitForResults(LeaderElection.java:263)
	at org.apache.ratis.server.impl.LeaderElection.askForVotes(LeaderElection.java:201)
	at org.apache.ratis.server.impl.LeaderElection.run(LeaderElection.java:133)
	at java.lang.Thread.run(Thread.java:748)
Caused by: org.apache.ratis.thirdparty.io.grpc.StatusRuntimeException: UNAVAILABLE: io exception
	at org.apache.ratis.thirdparty.io.grpc.stub.ClientCalls.toStatusRuntimeException(ClientCalls.java:233)
	at org.apache.ratis.thirdparty.io.grpc.stub.ClientCalls.getUnchecked(ClientCalls.java:214)
	at org.apache.ratis.thirdparty.io.grpc.stub.ClientCalls.blockingUnaryCall(ClientCalls.java:139)
	at org.apache.ratis.proto.grpc.RaftServerProtocolServiceGrpc$RaftServerProtocolServiceBlockingStub.requestVote(RaftServerProtocolServiceGrpc.java:265)
	at org.apache.ratis.grpc.server.GrpcServerProtocolClient.requestVote(GrpcServerProtocolClient.java:90)
	at org.apache.ratis.grpc.server.GrpcService.requestVote(GrpcService.java:204)
	at org.apache.ratis.server.impl.LeaderElection.lambda$submitRequests$1(LeaderElection.java:238)
	at java.util.concurrent.FutureTask.run(FutureTask.java:266)
	at java.util.concurrent.Executors$RunnableAdapter.call(Executors.java:511)
	at java.util.concurrent.FutureTask.run(FutureTask.java:266)
	at java.util.concurrent.ThreadPoolExecutor.runWorker(ThreadPoolExecutor.java:1149)
	at java.util.concurrent.ThreadPoolExecutor$Worker.run(ThreadPoolExecutor.java:624)
	... 1 more
Caused by: org.apache.ratis.thirdparty.io.netty.channel.AbstractChannel$AnnotatedConnectException: Connection refused: /192.168.5.130:42251
	at sun.nio.ch.SocketChannelImpl.checkConnect(Native Method)
	at sun.nio.ch.SocketChannelImpl.finishConnect(SocketChannelImpl.java:717)
	at org.apache.ratis.thirdparty.io.netty.channel.socket.nio.NioSocketChannel.doFinishConnect(NioSocketChannel.java:327)
	at org.apache.ratis.thirdparty.io.netty.channel.nio.AbstractNioChannel$AbstractNioUnsafe.finishConnect(AbstractNioChannel.java:340)
	at org.apache.ratis.thirdparty.io.netty.channel.nio.NioEventLoop.processSelectedKey(NioEventLoop.java:632)
	at org.apache.ratis.thirdparty.io.netty.channel.nio.NioEventLoop.processSelectedKeysOptimized(NioEventLoop.java:579)
	at org.apache.ratis.thirdparty.io.netty.channel.nio.NioEventLoop.processSelectedKeys(NioEventLoop.java:496)
	at org.apache.ratis.thirdparty.io.netty.channel.nio.NioEventLoop.run(NioEventLoop.java:458)
	at org.apache.ratis.thirdparty.io.netty.util.concurrent.SingleThreadEventExecutor$5.run(SingleThreadEventExecutor.java:897)
	at org.apache.ratis.thirdparty.io.netty.util.concurrent.FastThreadLocalRunnable.run(FastThreadLocalRunnable.java:30)
	... 1 more
Caused by: java.net.ConnectException: Connection refused
	... 11 more
2019-09-17 12:23:32,627 [ef58021b-0245-4b2a-b464-78c332d31a33@group-97FAE486DEE6:LeaderElection30] INFO  impl.LeaderElection (LeaderElection.java:logAndReturn(56)) - ef58021b-0245-4b2a-b464-78c332d31a33@group-97FAE486DEE6:LeaderElection30: Election REJECTED; received 0 response(s) [] and 2 exception(s); ef58021b-0245-4b2a-b464-78c332d31a33@group-97FAE486DEE6:t8, leader=null, voted=ef58021b-0245-4b2a-b464-78c332d31a33, raftlog=ef58021b-0245-4b2a-b464-78c332d31a33@group-97FAE486DEE6-SegmentedRaftLog:OPENED:c27,f27,i27, conf=0: [ed86af58-6365-40b3-a78c-ef8881f9dd1e:192.168.5.130:38034, 0cdf7b9a-92f5-4bda-bda9-a502d9c924f1:192.168.5.130:42251, ef58021b-0245-4b2a-b464-78c332d31a33:192.168.5.130:45449], old=null
2019-09-17 12:23:32,627 [ef58021b-0245-4b2a-b464-78c332d31a33@group-97FAE486DEE6:LeaderElection30] INFO  impl.LeaderElection (LogUtils.java:infoOrTrace(149)) -   Exception 0: {}
java.util.concurrent.ExecutionException: org.apache.ratis.thirdparty.io.grpc.StatusRuntimeException: UNAVAILABLE: io exception
	at java.util.concurrent.FutureTask.report(FutureTask.java:122)
	at java.util.concurrent.FutureTask.get(FutureTask.java:192)
	at org.apache.ratis.server.impl.LeaderElection.waitForResults(LeaderElection.java:263)
	at org.apache.ratis.server.impl.LeaderElection.askForVotes(LeaderElection.java:201)
	at org.apache.ratis.server.impl.LeaderElection.run(LeaderElection.java:133)
	at java.lang.Thread.run(Thread.java:748)
Caused by: org.apache.ratis.thirdparty.io.grpc.StatusRuntimeException: UNAVAILABLE: io exception
	at org.apache.ratis.thirdparty.io.grpc.stub.ClientCalls.toStatusRuntimeException(ClientCalls.java:233)
	at org.apache.ratis.thirdparty.io.grpc.stub.ClientCalls.getUnchecked(ClientCalls.java:214)
	at org.apache.ratis.thirdparty.io.grpc.stub.ClientCalls.blockingUnaryCall(ClientCalls.java:139)
	at org.apache.ratis.proto.grpc.RaftServerProtocolServiceGrpc$RaftServerProtocolServiceBlockingStub.requestVote(RaftServerProtocolServiceGrpc.java:265)
	at org.apache.ratis.grpc.server.GrpcServerProtocolClient.requestVote(GrpcServerProtocolClient.java:90)
	at org.apache.ratis.grpc.server.GrpcService.requestVote(GrpcService.java:204)
	at org.apache.ratis.server.impl.LeaderElection.lambda$submitRequests$1(LeaderElection.java:238)
	at java.util.concurrent.FutureTask.run(FutureTask.java:266)
	at java.util.concurrent.Executors$RunnableAdapter.call(Executors.java:511)
	at java.util.concurrent.FutureTask.run(FutureTask.java:266)
	at java.util.concurrent.ThreadPoolExecutor.runWorker(ThreadPoolExecutor.java:1149)
	at java.util.concurrent.ThreadPoolExecutor$Worker.run(ThreadPoolExecutor.java:624)
	... 1 more
Caused by: org.apache.ratis.thirdparty.io.netty.channel.AbstractChannel$AnnotatedConnectException: Connection refused: /192.168.5.130:38034
	at sun.nio.ch.SocketChannelImpl.checkConnect(Native Method)
	at sun.nio.ch.SocketChannelImpl.finishConnect(SocketChannelImpl.java:717)
	at org.apache.ratis.thirdparty.io.netty.channel.socket.nio.NioSocketChannel.doFinishConnect(NioSocketChannel.java:327)
	at org.apache.ratis.thirdparty.io.netty.channel.nio.AbstractNioChannel$AbstractNioUnsafe.finishConnect(AbstractNioChannel.java:340)
	at org.apache.ratis.thirdparty.io.netty.channel.nio.NioEventLoop.processSelectedKey(NioEventLoop.java:632)
	at org.apache.ratis.thirdparty.io.netty.channel.nio.NioEventLoop.processSelectedKeysOptimized(NioEventLoop.java:579)
	at org.apache.ratis.thirdparty.io.netty.channel.nio.NioEventLoop.processSelectedKeys(NioEventLoop.java:496)
	at org.apache.ratis.thirdparty.io.netty.channel.nio.NioEventLoop.run(NioEventLoop.java:458)
	at org.apache.ratis.thirdparty.io.netty.util.concurrent.SingleThreadEventExecutor$5.run(SingleThreadEventExecutor.java:897)
	at org.apache.ratis.thirdparty.io.netty.util.concurrent.FastThreadLocalRunnable.run(FastThreadLocalRunnable.java:30)
	... 1 more
Caused by: java.net.ConnectException: Connection refused
	... 11 more
2019-09-17 12:23:32,627 [ef58021b-0245-4b2a-b464-78c332d31a33@group-97FAE486DEE6:LeaderElection30] INFO  impl.LeaderElection (LogUtils.java:infoOrTrace(149)) -   Exception 1: {}
java.util.concurrent.ExecutionException: org.apache.ratis.thirdparty.io.grpc.StatusRuntimeException: UNAVAILABLE: io exception
	at java.util.concurrent.FutureTask.report(FutureTask.java:122)
	at java.util.concurrent.FutureTask.get(FutureTask.java:192)
	at org.apache.ratis.server.impl.LeaderElection.waitForResults(LeaderElection.java:263)
	at org.apache.ratis.server.impl.LeaderElection.askForVotes(LeaderElection.java:201)
	at org.apache.ratis.server.impl.LeaderElection.run(LeaderElection.java:133)
	at java.lang.Thread.run(Thread.java:748)
Caused by: org.apache.ratis.thirdparty.io.grpc.StatusRuntimeException: UNAVAILABLE: io exception
	at org.apache.ratis.thirdparty.io.grpc.stub.ClientCalls.toStatusRuntimeException(ClientCalls.java:233)
	at org.apache.ratis.thirdparty.io.grpc.stub.ClientCalls.getUnchecked(ClientCalls.java:214)
	at org.apache.ratis.thirdparty.io.grpc.stub.ClientCalls.blockingUnaryCall(ClientCalls.java:139)
	at org.apache.ratis.proto.grpc.RaftServerProtocolServiceGrpc$RaftServerProtocolServiceBlockingStub.requestVote(RaftServerProtocolServiceGrpc.java:265)
	at org.apache.ratis.grpc.server.GrpcServerProtocolClient.requestVote(GrpcServerProtocolClient.java:90)
	at org.apache.ratis.grpc.server.GrpcService.requestVote(GrpcService.java:204)
	at org.apache.ratis.server.impl.LeaderElection.lambda$submitRequests$1(LeaderElection.java:238)
	at java.util.concurrent.FutureTask.run(FutureTask.java:266)
	at java.util.concurrent.Executors$RunnableAdapter.call(Executors.java:511)
	at java.util.concurrent.FutureTask.run(FutureTask.java:266)
	at java.util.concurrent.ThreadPoolExecutor.runWorker(ThreadPoolExecutor.java:1149)
	at java.util.concurrent.ThreadPoolExecutor$Worker.run(ThreadPoolExecutor.java:624)
	... 1 more
Caused by: org.apache.ratis.thirdparty.io.netty.channel.AbstractChannel$AnnotatedConnectException: Connection refused: /192.168.5.130:42251
	at sun.nio.ch.SocketChannelImpl.checkConnect(Native Method)
	at sun.nio.ch.SocketChannelImpl.finishConnect(SocketChannelImpl.java:717)
	at org.apache.ratis.thirdparty.io.netty.channel.socket.nio.NioSocketChannel.doFinishConnect(NioSocketChannel.java:327)
	at org.apache.ratis.thirdparty.io.netty.channel.nio.AbstractNioChannel$AbstractNioUnsafe.finishConnect(AbstractNioChannel.java:340)
	at org.apache.ratis.thirdparty.io.netty.channel.nio.NioEventLoop.processSelectedKey(NioEventLoop.java:632)
	at org.apache.ratis.thirdparty.io.netty.channel.nio.NioEventLoop.processSelectedKeysOptimized(NioEventLoop.java:579)
	at org.apache.ratis.thirdparty.io.netty.channel.nio.NioEventLoop.processSelectedKeys(NioEventLoop.java:496)
	at org.apache.ratis.thirdparty.io.netty.channel.nio.NioEventLoop.run(NioEventLoop.java:458)
	at org.apache.ratis.thirdparty.io.netty.util.concurrent.SingleThreadEventExecutor$5.run(SingleThreadEventExecutor.java:897)
	at org.apache.ratis.thirdparty.io.netty.util.concurrent.FastThreadLocalRunnable.run(FastThreadLocalRunnable.java:30)
	... 1 more
Caused by: java.net.ConnectException: Connection refused
	... 11 more
2019-09-17 12:23:32,628 [ef58021b-0245-4b2a-b464-78c332d31a33@group-97FAE486DEE6:LeaderElection30] INFO  impl.RaftServerImpl (RaftServerImpl.java:setRole(174)) - ef58021b-0245-4b2a-b464-78c332d31a33@group-97FAE486DEE6: changes role from CANDIDATE to FOLLOWER at term 8 for DISCOVERED_A_NEW_TERM
2019-09-17 12:23:32,628 [ef58021b-0245-4b2a-b464-78c332d31a33@group-97FAE486DEE6:LeaderElection30] INFO  impl.RoleInfo (RoleInfo.java:shutdownLeaderElection(134)) - ef58021b-0245-4b2a-b464-78c332d31a33: shutdown LeaderElection
2019-09-17 12:23:32,628 [ef58021b-0245-4b2a-b464-78c332d31a33@group-97FAE486DEE6:LeaderElection30] INFO  impl.RoleInfo (RoleInfo.java:updateAndGet(143)) - ef58021b-0245-4b2a-b464-78c332d31a33: start FollowerState
2019-09-17 12:23:32,873 [java.util.concurrent.ThreadPoolExecutor$Worker@17044d63[State = -1, empty queue]] WARN  server.GrpcLogAppender (GrpcLogAppender.java:timeoutAppendRequest(200)) - 7689548e-5f49-4f36-9667-e46ba21e9ae3@group-C0075F260562->a5f9b548-b989-4807-80f4-ff576b54977d-GrpcLogAppender: appendEntries Timeout, request=7689548e-5f49-4f36-9667-e46ba21e9ae3->a5f9b548-b989-4807-80f4-ff576b54977d#102-t2, previous=(t:2, i:20), leaderCommit=16, initializing? false, entries: <empty>
2019-09-17 12:23:33,394 [java.util.concurrent.ThreadPoolExecutor$Worker@17044d63[State = -1, empty queue]] WARN  server.GrpcLogAppender (GrpcLogAppender.java:timeoutAppendRequest(200)) - 7689548e-5f49-4f36-9667-e46ba21e9ae3@group-C0075F260562->a5f9b548-b989-4807-80f4-ff576b54977d-GrpcLogAppender: appendEntries Timeout, request=7689548e-5f49-4f36-9667-e46ba21e9ae3->a5f9b548-b989-4807-80f4-ff576b54977d#103-t2, previous=(t:2, i:20), leaderCommit=16, initializing? false, entries: <empty>
2019-09-17 12:23:33,420 [grpc-default-executor-3] INFO  client.GrpcClientProtocolClient (GrpcClientProtocolClient.java:onNext(264)) - client-241B9C7C1C46->ef58021b-0245-4b2a-b464-78c332d31a33: receive RaftClientReply:client-241B9C7C1C46->ef58021b-0245-4b2a-b464-78c332d31a33@group-97FAE486DEE6, cid=60, FAILED org.apache.ratis.protocol.NotLeaderException: Server ef58021b-0245-4b2a-b464-78c332d31a33@group-97FAE486DEE6 is not the leader, logIndex=0, commits[ef58021b-0245-4b2a-b464-78c332d31a33:c27, ed86af58-6365-40b3-a78c-ef8881f9dd1e:c27, 0cdf7b9a-92f5-4bda-bda9-a502d9c924f1:c16]
2019-09-17 12:23:33,424 [Thread-1164] INFO  client.GrpcClientProtocolService (GrpcClientProtocolService.java:lambda$processClientRequest$0(278)) - Failed RaftClientRequest:client-241B9C7C1C46->ef58021b-0245-4b2a-b464-78c332d31a33@group-97FAE486DEE6, cid=56, seq=0, Watch-ALL_COMMITTED(19), Message:<EMPTY>, reply=RaftClientReply:client-241B9C7C1C46->ef58021b-0245-4b2a-b464-78c332d31a33@group-97FAE486DEE6, cid=56, FAILED org.apache.ratis.protocol.NotLeaderException: Server ef58021b-0245-4b2a-b464-78c332d31a33@group-97FAE486DEE6 is not the leader, logIndex=0, commits[ef58021b-0245-4b2a-b464-78c332d31a33:c27, ed86af58-6365-40b3-a78c-ef8881f9dd1e:c27, 0cdf7b9a-92f5-4bda-bda9-a502d9c924f1:c16]
2019-09-17 12:23:33,700 [Thread-1153] INFO  impl.FollowerState (FollowerState.java:run(106)) - ef58021b-0245-4b2a-b464-78c332d31a33:group-97FAE486DEE6 changes to CANDIDATE, lastRpcTime:1071, electionTimeout:1071ms
2019-09-17 12:23:33,703 [Thread-1153] INFO  impl.RoleInfo (RoleInfo.java:shutdownFollowerState(121)) - ef58021b-0245-4b2a-b464-78c332d31a33: shutdown FollowerState
2019-09-17 12:23:33,704 [Thread-1153] INFO  impl.RaftServerImpl (RaftServerImpl.java:setRole(174)) - ef58021b-0245-4b2a-b464-78c332d31a33@group-97FAE486DEE6: changes role from  FOLLOWER to CANDIDATE at term 8 for changeToCandidate
2019-09-17 12:23:33,704 [Thread-1153] INFO  impl.RoleInfo (RoleInfo.java:updateAndGet(143)) - ef58021b-0245-4b2a-b464-78c332d31a33: start LeaderElection
2019-09-17 12:23:33,739 [ef58021b-0245-4b2a-b464-78c332d31a33@group-97FAE486DEE6:LeaderElection31] INFO  impl.LeaderElection (LeaderElection.java:askForVotes(182)) - ef58021b-0245-4b2a-b464-78c332d31a33@group-97FAE486DEE6:LeaderElection31: begin an election at term 9 for 0: [ed86af58-6365-40b3-a78c-ef8881f9dd1e:192.168.5.130:38034, 0cdf7b9a-92f5-4bda-bda9-a502d9c924f1:192.168.5.130:42251, ef58021b-0245-4b2a-b464-78c332d31a33:192.168.5.130:45449], old=null
2019-09-17 12:23:33,743 [ef58021b-0245-4b2a-b464-78c332d31a33@group-97FAE486DEE6:LeaderElection31] INFO  impl.LeaderElection (LogUtils.java:infoOrTrace(149)) - ef58021b-0245-4b2a-b464-78c332d31a33@group-97FAE486DEE6:LeaderElection31 got exception when requesting votes: {}
java.util.concurrent.ExecutionException: org.apache.ratis.thirdparty.io.grpc.StatusRuntimeException: UNAVAILABLE: io exception
	at java.util.concurrent.FutureTask.report(FutureTask.java:122)
	at java.util.concurrent.FutureTask.get(FutureTask.java:192)
	at org.apache.ratis.server.impl.LeaderElection.waitForResults(LeaderElection.java:263)
	at org.apache.ratis.server.impl.LeaderElection.askForVotes(LeaderElection.java:201)
	at org.apache.ratis.server.impl.LeaderElection.run(LeaderElection.java:133)
	at java.lang.Thread.run(Thread.java:748)
Caused by: org.apache.ratis.thirdparty.io.grpc.StatusRuntimeException: UNAVAILABLE: io exception
	at org.apache.ratis.thirdparty.io.grpc.stub.ClientCalls.toStatusRuntimeException(ClientCalls.java:233)
	at org.apache.ratis.thirdparty.io.grpc.stub.ClientCalls.getUnchecked(ClientCalls.java:214)
	at org.apache.ratis.thirdparty.io.grpc.stub.ClientCalls.blockingUnaryCall(ClientCalls.java:139)
	at org.apache.ratis.proto.grpc.RaftServerProtocolServiceGrpc$RaftServerProtocolServiceBlockingStub.requestVote(RaftServerProtocolServiceGrpc.java:265)
	at org.apache.ratis.grpc.server.GrpcServerProtocolClient.requestVote(GrpcServerProtocolClient.java:90)
	at org.apache.ratis.grpc.server.GrpcService.requestVote(GrpcService.java:204)
	at org.apache.ratis.server.impl.LeaderElection.lambda$submitRequests$1(LeaderElection.java:238)
	at java.util.concurrent.FutureTask.run(FutureTask.java:266)
	at java.util.concurrent.Executors$RunnableAdapter.call(Executors.java:511)
	at java.util.concurrent.FutureTask.run(FutureTask.java:266)
	at java.util.concurrent.ThreadPoolExecutor.runWorker(ThreadPoolExecutor.java:1149)
	at java.util.concurrent.ThreadPoolExecutor$Worker.run(ThreadPoolExecutor.java:624)
	... 1 more
Caused by: org.apache.ratis.thirdparty.io.netty.channel.AbstractChannel$AnnotatedConnectException: Connection refused: /192.168.5.130:38034
	at sun.nio.ch.SocketChannelImpl.checkConnect(Native Method)
	at sun.nio.ch.SocketChannelImpl.finishConnect(SocketChannelImpl.java:717)
	at org.apache.ratis.thirdparty.io.netty.channel.socket.nio.NioSocketChannel.doFinishConnect(NioSocketChannel.java:327)
	at org.apache.ratis.thirdparty.io.netty.channel.nio.AbstractNioChannel$AbstractNioUnsafe.finishConnect(AbstractNioChannel.java:340)
	at org.apache.ratis.thirdparty.io.netty.channel.nio.NioEventLoop.processSelectedKey(NioEventLoop.java:632)
	at org.apache.ratis.thirdparty.io.netty.channel.nio.NioEventLoop.processSelectedKeysOptimized(NioEventLoop.java:579)
	at org.apache.ratis.thirdparty.io.netty.channel.nio.NioEventLoop.processSelectedKeys(NioEventLoop.java:496)
	at org.apache.ratis.thirdparty.io.netty.channel.nio.NioEventLoop.run(NioEventLoop.java:458)
	at org.apache.ratis.thirdparty.io.netty.util.concurrent.SingleThreadEventExecutor$5.run(SingleThreadEventExecutor.java:897)
	at org.apache.ratis.thirdparty.io.netty.util.concurrent.FastThreadLocalRunnable.run(FastThreadLocalRunnable.java:30)
	... 1 more
Caused by: java.net.ConnectException: Connection refused
	... 11 more
2019-09-17 12:23:33,747 [ef58021b-0245-4b2a-b464-78c332d31a33@group-97FAE486DEE6:LeaderElection31] INFO  impl.LeaderElection (LogUtils.java:infoOrTrace(149)) - ef58021b-0245-4b2a-b464-78c332d31a33@group-97FAE486DEE6:LeaderElection31 got exception when requesting votes: {}
java.util.concurrent.ExecutionException: org.apache.ratis.thirdparty.io.grpc.StatusRuntimeException: UNAVAILABLE: io exception
	at java.util.concurrent.FutureTask.report(FutureTask.java:122)
	at java.util.concurrent.FutureTask.get(FutureTask.java:192)
	at org.apache.ratis.server.impl.LeaderElection.waitForResults(LeaderElection.java:263)
	at org.apache.ratis.server.impl.LeaderElection.askForVotes(LeaderElection.java:201)
	at org.apache.ratis.server.impl.LeaderElection.run(LeaderElection.java:133)
	at java.lang.Thread.run(Thread.java:748)
Caused by: org.apache.ratis.thirdparty.io.grpc.StatusRuntimeException: UNAVAILABLE: io exception
	at org.apache.ratis.thirdparty.io.grpc.stub.ClientCalls.toStatusRuntimeException(ClientCalls.java:233)
	at org.apache.ratis.thirdparty.io.grpc.stub.ClientCalls.getUnchecked(ClientCalls.java:214)
	at org.apache.ratis.thirdparty.io.grpc.stub.ClientCalls.blockingUnaryCall(ClientCalls.java:139)
	at org.apache.ratis.proto.grpc.RaftServerProtocolServiceGrpc$RaftServerProtocolServiceBlockingStub.requestVote(RaftServerProtocolServiceGrpc.java:265)
	at org.apache.ratis.grpc.server.GrpcServerProtocolClient.requestVote(GrpcServerProtocolClient.java:90)
	at org.apache.ratis.grpc.server.GrpcService.requestVote(GrpcService.java:204)
	at org.apache.ratis.server.impl.LeaderElection.lambda$submitRequests$1(LeaderElection.java:238)
	at java.util.concurrent.FutureTask.run(FutureTask.java:266)
	at java.util.concurrent.Executors$RunnableAdapter.call(Executors.java:511)
	at java.util.concurrent.FutureTask.run(FutureTask.java:266)
	at java.util.concurrent.ThreadPoolExecutor.runWorker(ThreadPoolExecutor.java:1149)
	at java.util.concurrent.ThreadPoolExecutor$Worker.run(ThreadPoolExecutor.java:624)
	... 1 more
Caused by: org.apache.ratis.thirdparty.io.netty.channel.AbstractChannel$AnnotatedConnectException: Connection refused: /192.168.5.130:42251
	at sun.nio.ch.SocketChannelImpl.checkConnect(Native Method)
	at sun.nio.ch.SocketChannelImpl.finishConnect(SocketChannelImpl.java:717)
	at org.apache.ratis.thirdparty.io.netty.channel.socket.nio.NioSocketChannel.doFinishConnect(NioSocketChannel.java:327)
	at org.apache.ratis.thirdparty.io.netty.channel.nio.AbstractNioChannel$AbstractNioUnsafe.finishConnect(AbstractNioChannel.java:340)
	at org.apache.ratis.thirdparty.io.netty.channel.nio.NioEventLoop.processSelectedKey(NioEventLoop.java:632)
	at org.apache.ratis.thirdparty.io.netty.channel.nio.NioEventLoop.processSelectedKeysOptimized(NioEventLoop.java:579)
	at org.apache.ratis.thirdparty.io.netty.channel.nio.NioEventLoop.processSelectedKeys(NioEventLoop.java:496)
	at org.apache.ratis.thirdparty.io.netty.channel.nio.NioEventLoop.run(NioEventLoop.java:458)
	at org.apache.ratis.thirdparty.io.netty.util.concurrent.SingleThreadEventExecutor$5.run(SingleThreadEventExecutor.java:897)
	at org.apache.ratis.thirdparty.io.netty.util.concurrent.FastThreadLocalRunnable.run(FastThreadLocalRunnable.java:30)
	... 1 more
Caused by: java.net.ConnectException: Connection refused
	... 11 more
2019-09-17 12:23:33,750 [ef58021b-0245-4b2a-b464-78c332d31a33@group-97FAE486DEE6:LeaderElection31] INFO  impl.LeaderElection (LeaderElection.java:logAndReturn(56)) - ef58021b-0245-4b2a-b464-78c332d31a33@group-97FAE486DEE6:LeaderElection31: Election REJECTED; received 0 response(s) [] and 2 exception(s); ef58021b-0245-4b2a-b464-78c332d31a33@group-97FAE486DEE6:t9, leader=null, voted=ef58021b-0245-4b2a-b464-78c332d31a33, raftlog=ef58021b-0245-4b2a-b464-78c332d31a33@group-97FAE486DEE6-SegmentedRaftLog:OPENED:c27,f27,i27, conf=0: [ed86af58-6365-40b3-a78c-ef8881f9dd1e:192.168.5.130:38034, 0cdf7b9a-92f5-4bda-bda9-a502d9c924f1:192.168.5.130:42251, ef58021b-0245-4b2a-b464-78c332d31a33:192.168.5.130:45449], old=null
2019-09-17 12:23:33,750 [ef58021b-0245-4b2a-b464-78c332d31a33@group-97FAE486DEE6:LeaderElection31] INFO  impl.LeaderElection (LogUtils.java:infoOrTrace(149)) -   Exception 0: {}
java.util.concurrent.ExecutionException: org.apache.ratis.thirdparty.io.grpc.StatusRuntimeException: UNAVAILABLE: io exception
	at java.util.concurrent.FutureTask.report(FutureTask.java:122)
	at java.util.concurrent.FutureTask.get(FutureTask.java:192)
	at org.apache.ratis.server.impl.LeaderElection.waitForResults(LeaderElection.java:263)
	at org.apache.ratis.server.impl.LeaderElection.askForVotes(LeaderElection.java:201)
	at org.apache.ratis.server.impl.LeaderElection.run(LeaderElection.java:133)
	at java.lang.Thread.run(Thread.java:748)
Caused by: org.apache.ratis.thirdparty.io.grpc.StatusRuntimeException: UNAVAILABLE: io exception
	at org.apache.ratis.thirdparty.io.grpc.stub.ClientCalls.toStatusRuntimeException(ClientCalls.java:233)
	at org.apache.ratis.thirdparty.io.grpc.stub.ClientCalls.getUnchecked(ClientCalls.java:214)
	at org.apache.ratis.thirdparty.io.grpc.stub.ClientCalls.blockingUnaryCall(ClientCalls.java:139)
	at org.apache.ratis.proto.grpc.RaftServerProtocolServiceGrpc$RaftServerProtocolServiceBlockingStub.requestVote(RaftServerProtocolServiceGrpc.java:265)
	at org.apache.ratis.grpc.server.GrpcServerProtocolClient.requestVote(GrpcServerProtocolClient.java:90)
	at org.apache.ratis.grpc.server.GrpcService.requestVote(GrpcService.java:204)
	at org.apache.ratis.server.impl.LeaderElection.lambda$submitRequests$1(LeaderElection.java:238)
	at java.util.concurrent.FutureTask.run(FutureTask.java:266)
	at java.util.concurrent.Executors$RunnableAdapter.call(Executors.java:511)
	at java.util.concurrent.FutureTask.run(FutureTask.java:266)
	at java.util.concurrent.ThreadPoolExecutor.runWorker(ThreadPoolExecutor.java:1149)
	at java.util.concurrent.ThreadPoolExecutor$Worker.run(ThreadPoolExecutor.java:624)
	... 1 more
Caused by: org.apache.ratis.thirdparty.io.netty.channel.AbstractChannel$AnnotatedConnectException: Connection refused: /192.168.5.130:38034
	at sun.nio.ch.SocketChannelImpl.checkConnect(Native Method)
	at sun.nio.ch.SocketChannelImpl.finishConnect(SocketChannelImpl.java:717)
	at org.apache.ratis.thirdparty.io.netty.channel.socket.nio.NioSocketChannel.doFinishConnect(NioSocketChannel.java:327)
	at org.apache.ratis.thirdparty.io.netty.channel.nio.AbstractNioChannel$AbstractNioUnsafe.finishConnect(AbstractNioChannel.java:340)
	at org.apache.ratis.thirdparty.io.netty.channel.nio.NioEventLoop.processSelectedKey(NioEventLoop.java:632)
	at org.apache.ratis.thirdparty.io.netty.channel.nio.NioEventLoop.processSelectedKeysOptimized(NioEventLoop.java:579)
	at org.apache.ratis.thirdparty.io.netty.channel.nio.NioEventLoop.processSelectedKeys(NioEventLoop.java:496)
	at org.apache.ratis.thirdparty.io.netty.channel.nio.NioEventLoop.run(NioEventLoop.java:458)
	at org.apache.ratis.thirdparty.io.netty.util.concurrent.SingleThreadEventExecutor$5.run(SingleThreadEventExecutor.java:897)
	at org.apache.ratis.thirdparty.io.netty.util.concurrent.FastThreadLocalRunnable.run(FastThreadLocalRunnable.java:30)
	... 1 more
Caused by: java.net.ConnectException: Connection refused
	... 11 more
2019-09-17 12:23:33,751 [ef58021b-0245-4b2a-b464-78c332d31a33@group-97FAE486DEE6:LeaderElection31] INFO  impl.LeaderElection (LogUtils.java:infoOrTrace(149)) -   Exception 1: {}
java.util.concurrent.ExecutionException: org.apache.ratis.thirdparty.io.grpc.StatusRuntimeException: UNAVAILABLE: io exception
	at java.util.concurrent.FutureTask.report(FutureTask.java:122)
	at java.util.concurrent.FutureTask.get(FutureTask.java:192)
	at org.apache.ratis.server.impl.LeaderElection.waitForResults(LeaderElection.java:263)
	at org.apache.ratis.server.impl.LeaderElection.askForVotes(LeaderElection.java:201)
	at org.apache.ratis.server.impl.LeaderElection.run(LeaderElection.java:133)
	at java.lang.Thread.run(Thread.java:748)
Caused by: org.apache.ratis.thirdparty.io.grpc.StatusRuntimeException: UNAVAILABLE: io exception
	at org.apache.ratis.thirdparty.io.grpc.stub.ClientCalls.toStatusRuntimeException(ClientCalls.java:233)
	at org.apache.ratis.thirdparty.io.grpc.stub.ClientCalls.getUnchecked(ClientCalls.java:214)
	at org.apache.ratis.thirdparty.io.grpc.stub.ClientCalls.blockingUnaryCall(ClientCalls.java:139)
	at org.apache.ratis.proto.grpc.RaftServerProtocolServiceGrpc$RaftServerProtocolServiceBlockingStub.requestVote(RaftServerProtocolServiceGrpc.java:265)
	at org.apache.ratis.grpc.server.GrpcServerProtocolClient.requestVote(GrpcServerProtocolClient.java:90)
	at org.apache.ratis.grpc.server.GrpcService.requestVote(GrpcService.java:204)
	at org.apache.ratis.server.impl.LeaderElection.lambda$submitRequests$1(LeaderElection.java:238)
	at java.util.concurrent.FutureTask.run(FutureTask.java:266)
	at java.util.concurrent.Executors$RunnableAdapter.call(Executors.java:511)
	at java.util.concurrent.FutureTask.run(FutureTask.java:266)
	at java.util.concurrent.ThreadPoolExecutor.runWorker(ThreadPoolExecutor.java:1149)
	at java.util.concurrent.ThreadPoolExecutor$Worker.run(ThreadPoolExecutor.java:624)
	... 1 more
Caused by: org.apache.ratis.thirdparty.io.netty.channel.AbstractChannel$AnnotatedConnectException: Connection refused: /192.168.5.130:42251
	at sun.nio.ch.SocketChannelImpl.checkConnect(Native Method)
	at sun.nio.ch.SocketChannelImpl.finishConnect(SocketChannelImpl.java:717)
	at org.apache.ratis.thirdparty.io.netty.channel.socket.nio.NioSocketChannel.doFinishConnect(NioSocketChannel.java:327)
	at org.apache.ratis.thirdparty.io.netty.channel.nio.AbstractNioChannel$AbstractNioUnsafe.finishConnect(AbstractNioChannel.java:340)
	at org.apache.ratis.thirdparty.io.netty.channel.nio.NioEventLoop.processSelectedKey(NioEventLoop.java:632)
	at org.apache.ratis.thirdparty.io.netty.channel.nio.NioEventLoop.processSelectedKeysOptimized(NioEventLoop.java:579)
	at org.apache.ratis.thirdparty.io.netty.channel.nio.NioEventLoop.processSelectedKeys(NioEventLoop.java:496)
	at org.apache.ratis.thirdparty.io.netty.channel.nio.NioEventLoop.run(NioEventLoop.java:458)
	at org.apache.ratis.thirdparty.io.netty.util.concurrent.SingleThreadEventExecutor$5.run(SingleThreadEventExecutor.java:897)
	at org.apache.ratis.thirdparty.io.netty.util.concurrent.FastThreadLocalRunnable.run(FastThreadLocalRunnable.java:30)
	... 1 more
Caused by: java.net.ConnectException: Connection refused
	... 11 more
2019-09-17 12:23:33,752 [ef58021b-0245-4b2a-b464-78c332d31a33@group-97FAE486DEE6:LeaderElection31] INFO  impl.RaftServerImpl (RaftServerImpl.java:setRole(174)) - ef58021b-0245-4b2a-b464-78c332d31a33@group-97FAE486DEE6: changes role from CANDIDATE to FOLLOWER at term 9 for DISCOVERED_A_NEW_TERM
2019-09-17 12:23:33,752 [ef58021b-0245-4b2a-b464-78c332d31a33@group-97FAE486DEE6:LeaderElection31] INFO  impl.RoleInfo (RoleInfo.java:shutdownLeaderElection(134)) - ef58021b-0245-4b2a-b464-78c332d31a33: shutdown LeaderElection
2019-09-17 12:23:33,752 [ef58021b-0245-4b2a-b464-78c332d31a33@group-97FAE486DEE6:LeaderElection31] INFO  impl.RoleInfo (RoleInfo.java:updateAndGet(143)) - ef58021b-0245-4b2a-b464-78c332d31a33: start FollowerState
2019-09-17 12:23:33,894 [java.util.concurrent.ThreadPoolExecutor$Worker@17044d63[State = -1, empty queue]] WARN  server.GrpcLogAppender (GrpcLogAppender.java:timeoutAppendRequest(200)) - 7689548e-5f49-4f36-9667-e46ba21e9ae3@group-C0075F260562->a5f9b548-b989-4807-80f4-ff576b54977d-GrpcLogAppender: appendEntries Timeout, request=7689548e-5f49-4f36-9667-e46ba21e9ae3->a5f9b548-b989-4807-80f4-ff576b54977d#104-t2, previous=(t:2, i:20), leaderCommit=16, initializing? false, entries: <empty>
2019-09-17 12:23:34,394 [java.util.concurrent.ThreadPoolExecutor$Worker@17044d63[State = -1, empty queue]] WARN  server.GrpcLogAppender (GrpcLogAppender.java:timeoutAppendRequest(200)) - 7689548e-5f49-4f36-9667-e46ba21e9ae3@group-C0075F260562->a5f9b548-b989-4807-80f4-ff576b54977d-GrpcLogAppender: appendEntries Timeout, request=7689548e-5f49-4f36-9667-e46ba21e9ae3->a5f9b548-b989-4807-80f4-ff576b54977d#105-t2, previous=(t:2, i:20), leaderCommit=16, initializing? false, entries: <empty>
2019-09-17 12:23:34,884 [Thread-1171] INFO  impl.FollowerState (FollowerState.java:run(106)) - ef58021b-0245-4b2a-b464-78c332d31a33:group-97FAE486DEE6 changes to CANDIDATE, lastRpcTime:1131, electionTimeout:1131ms
2019-09-17 12:23:34,884 [Thread-1171] INFO  impl.RoleInfo (RoleInfo.java:shutdownFollowerState(121)) - ef58021b-0245-4b2a-b464-78c332d31a33: shutdown FollowerState
2019-09-17 12:23:34,885 [Thread-1171] INFO  impl.RaftServerImpl (RaftServerImpl.java:setRole(174)) - ef58021b-0245-4b2a-b464-78c332d31a33@group-97FAE486DEE6: changes role from  FOLLOWER to CANDIDATE at term 9 for changeToCandidate
2019-09-17 12:23:34,885 [Thread-1171] INFO  impl.RoleInfo (RoleInfo.java:updateAndGet(143)) - ef58021b-0245-4b2a-b464-78c332d31a33: start LeaderElection
2019-09-17 12:23:34,894 [java.util.concurrent.ThreadPoolExecutor$Worker@17044d63[State = -1, empty queue]] WARN  server.GrpcLogAppender (GrpcLogAppender.java:timeoutAppendRequest(200)) - 7689548e-5f49-4f36-9667-e46ba21e9ae3@group-C0075F260562->a5f9b548-b989-4807-80f4-ff576b54977d-GrpcLogAppender: appendEntries Timeout, request=7689548e-5f49-4f36-9667-e46ba21e9ae3->a5f9b548-b989-4807-80f4-ff576b54977d#106-t2, previous=(t:2, i:20), leaderCommit=16, initializing? false, entries: <empty>
2019-09-17 12:23:34,924 [ef58021b-0245-4b2a-b464-78c332d31a33@group-97FAE486DEE6:LeaderElection32] INFO  impl.LeaderElection (LeaderElection.java:askForVotes(182)) - ef58021b-0245-4b2a-b464-78c332d31a33@group-97FAE486DEE6:LeaderElection32: begin an election at term 10 for 0: [ed86af58-6365-40b3-a78c-ef8881f9dd1e:192.168.5.130:38034, 0cdf7b9a-92f5-4bda-bda9-a502d9c924f1:192.168.5.130:42251, ef58021b-0245-4b2a-b464-78c332d31a33:192.168.5.130:45449], old=null
2019-09-17 12:23:34,926 [ef58021b-0245-4b2a-b464-78c332d31a33@group-97FAE486DEE6:LeaderElection32] INFO  impl.LeaderElection (LogUtils.java:infoOrTrace(149)) - ef58021b-0245-4b2a-b464-78c332d31a33@group-97FAE486DEE6:LeaderElection32 got exception when requesting votes: {}
java.util.concurrent.ExecutionException: org.apache.ratis.thirdparty.io.grpc.StatusRuntimeException: UNAVAILABLE: io exception
	at java.util.concurrent.FutureTask.report(FutureTask.java:122)
	at java.util.concurrent.FutureTask.get(FutureTask.java:192)
	at org.apache.ratis.server.impl.LeaderElection.waitForResults(LeaderElection.java:263)
	at org.apache.ratis.server.impl.LeaderElection.askForVotes(LeaderElection.java:201)
	at org.apache.ratis.server.impl.LeaderElection.run(LeaderElection.java:133)
	at java.lang.Thread.run(Thread.java:748)
Caused by: org.apache.ratis.thirdparty.io.grpc.StatusRuntimeException: UNAVAILABLE: io exception
	at org.apache.ratis.thirdparty.io.grpc.stub.ClientCalls.toStatusRuntimeException(ClientCalls.java:233)
	at org.apache.ratis.thirdparty.io.grpc.stub.ClientCalls.getUnchecked(ClientCalls.java:214)
	at org.apache.ratis.thirdparty.io.grpc.stub.ClientCalls.blockingUnaryCall(ClientCalls.java:139)
	at org.apache.ratis.proto.grpc.RaftServerProtocolServiceGrpc$RaftServerProtocolServiceBlockingStub.requestVote(RaftServerProtocolServiceGrpc.java:265)
	at org.apache.ratis.grpc.server.GrpcServerProtocolClient.requestVote(GrpcServerProtocolClient.java:90)
	at org.apache.ratis.grpc.server.GrpcService.requestVote(GrpcService.java:204)
	at org.apache.ratis.server.impl.LeaderElection.lambda$submitRequests$1(LeaderElection.java:238)
	at java.util.concurrent.FutureTask.run(FutureTask.java:266)
	at java.util.concurrent.Executors$RunnableAdapter.call(Executors.java:511)
	at java.util.concurrent.FutureTask.run(FutureTask.java:266)
	at java.util.concurrent.ThreadPoolExecutor.runWorker(ThreadPoolExecutor.java:1149)
	at java.util.concurrent.ThreadPoolExecutor$Worker.run(ThreadPoolExecutor.java:624)
	... 1 more
Caused by: org.apache.ratis.thirdparty.io.netty.channel.AbstractChannel$AnnotatedConnectException: Connection refused: /192.168.5.130:38034
	at sun.nio.ch.SocketChannelImpl.checkConnect(Native Method)
	at sun.nio.ch.SocketChannelImpl.finishConnect(SocketChannelImpl.java:717)
	at org.apache.ratis.thirdparty.io.netty.channel.socket.nio.NioSocketChannel.doFinishConnect(NioSocketChannel.java:327)
	at org.apache.ratis.thirdparty.io.netty.channel.nio.AbstractNioChannel$AbstractNioUnsafe.finishConnect(AbstractNioChannel.java:340)
	at org.apache.ratis.thirdparty.io.netty.channel.nio.NioEventLoop.processSelectedKey(NioEventLoop.java:632)
	at org.apache.ratis.thirdparty.io.netty.channel.nio.NioEventLoop.processSelectedKeysOptimized(NioEventLoop.java:579)
	at org.apache.ratis.thirdparty.io.netty.channel.nio.NioEventLoop.processSelectedKeys(NioEventLoop.java:496)
	at org.apache.ratis.thirdparty.io.netty.channel.nio.NioEventLoop.run(NioEventLoop.java:458)
	at org.apache.ratis.thirdparty.io.netty.util.concurrent.SingleThreadEventExecutor$5.run(SingleThreadEventExecutor.java:897)
	at org.apache.ratis.thirdparty.io.netty.util.concurrent.FastThreadLocalRunnable.run(FastThreadLocalRunnable.java:30)
	... 1 more
Caused by: java.net.ConnectException: Connection refused
	... 11 more
2019-09-17 12:23:34,930 [ef58021b-0245-4b2a-b464-78c332d31a33@group-97FAE486DEE6:LeaderElection32] INFO  impl.LeaderElection (LogUtils.java:infoOrTrace(149)) - ef58021b-0245-4b2a-b464-78c332d31a33@group-97FAE486DEE6:LeaderElection32 got exception when requesting votes: {}
java.util.concurrent.ExecutionException: org.apache.ratis.thirdparty.io.grpc.StatusRuntimeException: UNAVAILABLE: io exception
	at java.util.concurrent.FutureTask.report(FutureTask.java:122)
	at java.util.concurrent.FutureTask.get(FutureTask.java:192)
	at org.apache.ratis.server.impl.LeaderElection.waitForResults(LeaderElection.java:263)
	at org.apache.ratis.server.impl.LeaderElection.askForVotes(LeaderElection.java:201)
	at org.apache.ratis.server.impl.LeaderElection.run(LeaderElection.java:133)
	at java.lang.Thread.run(Thread.java:748)
Caused by: org.apache.ratis.thirdparty.io.grpc.StatusRuntimeException: UNAVAILABLE: io exception
	at org.apache.ratis.thirdparty.io.grpc.stub.ClientCalls.toStatusRuntimeException(ClientCalls.java:233)
	at org.apache.ratis.thirdparty.io.grpc.stub.ClientCalls.getUnchecked(ClientCalls.java:214)
	at org.apache.ratis.thirdparty.io.grpc.stub.ClientCalls.blockingUnaryCall(ClientCalls.java:139)
	at org.apache.ratis.proto.grpc.RaftServerProtocolServiceGrpc$RaftServerProtocolServiceBlockingStub.requestVote(RaftServerProtocolServiceGrpc.java:265)
	at org.apache.ratis.grpc.server.GrpcServerProtocolClient.requestVote(GrpcServerProtocolClient.java:90)
	at org.apache.ratis.grpc.server.GrpcService.requestVote(GrpcService.java:204)
	at org.apache.ratis.server.impl.LeaderElection.lambda$submitRequests$1(LeaderElection.java:238)
	at java.util.concurrent.FutureTask.run(FutureTask.java:266)
	at java.util.concurrent.Executors$RunnableAdapter.call(Executors.java:511)
	at java.util.concurrent.FutureTask.run(FutureTask.java:266)
	at java.util.concurrent.ThreadPoolExecutor.runWorker(ThreadPoolExecutor.java:1149)
	at java.util.concurrent.ThreadPoolExecutor$Worker.run(ThreadPoolExecutor.java:624)
	... 1 more
Caused by: org.apache.ratis.thirdparty.io.netty.channel.AbstractChannel$AnnotatedConnectException: Connection refused: /192.168.5.130:42251
	at sun.nio.ch.SocketChannelImpl.checkConnect(Native Method)
	at sun.nio.ch.SocketChannelImpl.finishConnect(SocketChannelImpl.java:717)
	at org.apache.ratis.thirdparty.io.netty.channel.socket.nio.NioSocketChannel.doFinishConnect(NioSocketChannel.java:327)
	at org.apache.ratis.thirdparty.io.netty.channel.nio.AbstractNioChannel$AbstractNioUnsafe.finishConnect(AbstractNioChannel.java:340)
	at org.apache.ratis.thirdparty.io.netty.channel.nio.NioEventLoop.processSelectedKey(NioEventLoop.java:632)
	at org.apache.ratis.thirdparty.io.netty.channel.nio.NioEventLoop.processSelectedKeysOptimized(NioEventLoop.java:579)
	at org.apache.ratis.thirdparty.io.netty.channel.nio.NioEventLoop.processSelectedKeys(NioEventLoop.java:496)
	at org.apache.ratis.thirdparty.io.netty.channel.nio.NioEventLoop.run(NioEventLoop.java:458)
	at org.apache.ratis.thirdparty.io.netty.util.concurrent.SingleThreadEventExecutor$5.run(SingleThreadEventExecutor.java:897)
	at org.apache.ratis.thirdparty.io.netty.util.concurrent.FastThreadLocalRunnable.run(FastThreadLocalRunnable.java:30)
	... 1 more
Caused by: java.net.ConnectException: Connection refused
	... 11 more
2019-09-17 12:23:34,932 [ef58021b-0245-4b2a-b464-78c332d31a33@group-97FAE486DEE6:LeaderElection32] INFO  impl.LeaderElection (LeaderElection.java:logAndReturn(56)) - ef58021b-0245-4b2a-b464-78c332d31a33@group-97FAE486DEE6:LeaderElection32: Election REJECTED; received 0 response(s) [] and 2 exception(s); ef58021b-0245-4b2a-b464-78c332d31a33@group-97FAE486DEE6:t10, leader=null, voted=ef58021b-0245-4b2a-b464-78c332d31a33, raftlog=ef58021b-0245-4b2a-b464-78c332d31a33@group-97FAE486DEE6-SegmentedRaftLog:OPENED:c27,f27,i27, conf=0: [ed86af58-6365-40b3-a78c-ef8881f9dd1e:192.168.5.130:38034, 0cdf7b9a-92f5-4bda-bda9-a502d9c924f1:192.168.5.130:42251, ef58021b-0245-4b2a-b464-78c332d31a33:192.168.5.130:45449], old=null
2019-09-17 12:23:34,933 [ef58021b-0245-4b2a-b464-78c332d31a33@group-97FAE486DEE6:LeaderElection32] INFO  impl.LeaderElection (LogUtils.java:infoOrTrace(149)) -   Exception 0: {}
java.util.concurrent.ExecutionException: org.apache.ratis.thirdparty.io.grpc.StatusRuntimeException: UNAVAILABLE: io exception
	at java.util.concurrent.FutureTask.report(FutureTask.java:122)
	at java.util.concurrent.FutureTask.get(FutureTask.java:192)
	at org.apache.ratis.server.impl.LeaderElection.waitForResults(LeaderElection.java:263)
	at org.apache.ratis.server.impl.LeaderElection.askForVotes(LeaderElection.java:201)
	at org.apache.ratis.server.impl.LeaderElection.run(LeaderElection.java:133)
	at java.lang.Thread.run(Thread.java:748)
Caused by: org.apache.ratis.thirdparty.io.grpc.StatusRuntimeException: UNAVAILABLE: io exception
	at org.apache.ratis.thirdparty.io.grpc.stub.ClientCalls.toStatusRuntimeException(ClientCalls.java:233)
	at org.apache.ratis.thirdparty.io.grpc.stub.ClientCalls.getUnchecked(ClientCalls.java:214)
	at org.apache.ratis.thirdparty.io.grpc.stub.ClientCalls.blockingUnaryCall(ClientCalls.java:139)
	at org.apache.ratis.proto.grpc.RaftServerProtocolServiceGrpc$RaftServerProtocolServiceBlockingStub.requestVote(RaftServerProtocolServiceGrpc.java:265)
	at org.apache.ratis.grpc.server.GrpcServerProtocolClient.requestVote(GrpcServerProtocolClient.java:90)
	at org.apache.ratis.grpc.server.GrpcService.requestVote(GrpcService.java:204)
	at org.apache.ratis.server.impl.LeaderElection.lambda$submitRequests$1(LeaderElection.java:238)
	at java.util.concurrent.FutureTask.run(FutureTask.java:266)
	at java.util.concurrent.Executors$RunnableAdapter.call(Executors.java:511)
	at java.util.concurrent.FutureTask.run(FutureTask.java:266)
	at java.util.concurrent.ThreadPoolExecutor.runWorker(ThreadPoolExecutor.java:1149)
	at java.util.concurrent.ThreadPoolExecutor$Worker.run(ThreadPoolExecutor.java:624)
	... 1 more
Caused by: org.apache.ratis.thirdparty.io.netty.channel.AbstractChannel$AnnotatedConnectException: Connection refused: /192.168.5.130:38034
	at sun.nio.ch.SocketChannelImpl.checkConnect(Native Method)
	at sun.nio.ch.SocketChannelImpl.finishConnect(SocketChannelImpl.java:717)
	at org.apache.ratis.thirdparty.io.netty.channel.socket.nio.NioSocketChannel.doFinishConnect(NioSocketChannel.java:327)
	at org.apache.ratis.thirdparty.io.netty.channel.nio.AbstractNioChannel$AbstractNioUnsafe.finishConnect(AbstractNioChannel.java:340)
	at org.apache.ratis.thirdparty.io.netty.channel.nio.NioEventLoop.processSelectedKey(NioEventLoop.java:632)
	at org.apache.ratis.thirdparty.io.netty.channel.nio.NioEventLoop.processSelectedKeysOptimized(NioEventLoop.java:579)
	at org.apache.ratis.thirdparty.io.netty.channel.nio.NioEventLoop.processSelectedKeys(NioEventLoop.java:496)
	at org.apache.ratis.thirdparty.io.netty.channel.nio.NioEventLoop.run(NioEventLoop.java:458)
	at org.apache.ratis.thirdparty.io.netty.util.concurrent.SingleThreadEventExecutor$5.run(SingleThreadEventExecutor.java:897)
	at org.apache.ratis.thirdparty.io.netty.util.concurrent.FastThreadLocalRunnable.run(FastThreadLocalRunnable.java:30)
	... 1 more
Caused by: java.net.ConnectException: Connection refused
	... 11 more
2019-09-17 12:23:34,933 [ef58021b-0245-4b2a-b464-78c332d31a33@group-97FAE486DEE6:LeaderElection32] INFO  impl.LeaderElection (LogUtils.java:infoOrTrace(149)) -   Exception 1: {}
java.util.concurrent.ExecutionException: org.apache.ratis.thirdparty.io.grpc.StatusRuntimeException: UNAVAILABLE: io exception
	at java.util.concurrent.FutureTask.report(FutureTask.java:122)
	at java.util.concurrent.FutureTask.get(FutureTask.java:192)
	at org.apache.ratis.server.impl.LeaderElection.waitForResults(LeaderElection.java:263)
	at org.apache.ratis.server.impl.LeaderElection.askForVotes(LeaderElection.java:201)
	at org.apache.ratis.server.impl.LeaderElection.run(LeaderElection.java:133)
	at java.lang.Thread.run(Thread.java:748)
Caused by: org.apache.ratis.thirdparty.io.grpc.StatusRuntimeException: UNAVAILABLE: io exception
	at org.apache.ratis.thirdparty.io.grpc.stub.ClientCalls.toStatusRuntimeException(ClientCalls.java:233)
	at org.apache.ratis.thirdparty.io.grpc.stub.ClientCalls.getUnchecked(ClientCalls.java:214)
	at org.apache.ratis.thirdparty.io.grpc.stub.ClientCalls.blockingUnaryCall(ClientCalls.java:139)
	at org.apache.ratis.proto.grpc.RaftServerProtocolServiceGrpc$RaftServerProtocolServiceBlockingStub.requestVote(RaftServerProtocolServiceGrpc.java:265)
	at org.apache.ratis.grpc.server.GrpcServerProtocolClient.requestVote(GrpcServerProtocolClient.java:90)
	at org.apache.ratis.grpc.server.GrpcService.requestVote(GrpcService.java:204)
	at org.apache.ratis.server.impl.LeaderElection.lambda$submitRequests$1(LeaderElection.java:238)
	at java.util.concurrent.FutureTask.run(FutureTask.java:266)
	at java.util.concurrent.Executors$RunnableAdapter.call(Executors.java:511)
	at java.util.concurrent.FutureTask.run(FutureTask.java:266)
	at java.util.concurrent.ThreadPoolExecutor.runWorker(ThreadPoolExecutor.java:1149)
	at java.util.concurrent.ThreadPoolExecutor$Worker.run(ThreadPoolExecutor.java:624)
	... 1 more
Caused by: org.apache.ratis.thirdparty.io.netty.channel.AbstractChannel$AnnotatedConnectException: Connection refused: /192.168.5.130:42251
	at sun.nio.ch.SocketChannelImpl.checkConnect(Native Method)
	at sun.nio.ch.SocketChannelImpl.finishConnect(SocketChannelImpl.java:717)
	at org.apache.ratis.thirdparty.io.netty.channel.socket.nio.NioSocketChannel.doFinishConnect(NioSocketChannel.java:327)
	at org.apache.ratis.thirdparty.io.netty.channel.nio.AbstractNioChannel$AbstractNioUnsafe.finishConnect(AbstractNioChannel.java:340)
	at org.apache.ratis.thirdparty.io.netty.channel.nio.NioEventLoop.processSelectedKey(NioEventLoop.java:632)
	at org.apache.ratis.thirdparty.io.netty.channel.nio.NioEventLoop.processSelectedKeysOptimized(NioEventLoop.java:579)
	at org.apache.ratis.thirdparty.io.netty.channel.nio.NioEventLoop.processSelectedKeys(NioEventLoop.java:496)
	at org.apache.ratis.thirdparty.io.netty.channel.nio.NioEventLoop.run(NioEventLoop.java:458)
	at org.apache.ratis.thirdparty.io.netty.util.concurrent.SingleThreadEventExecutor$5.run(SingleThreadEventExecutor.java:897)
	at org.apache.ratis.thirdparty.io.netty.util.concurrent.FastThreadLocalRunnable.run(FastThreadLocalRunnable.java:30)
	... 1 more
Caused by: java.net.ConnectException: Connection refused
	... 11 more
2019-09-17 12:23:34,933 [ef58021b-0245-4b2a-b464-78c332d31a33@group-97FAE486DEE6:LeaderElection32] INFO  impl.RaftServerImpl (RaftServerImpl.java:setRole(174)) - ef58021b-0245-4b2a-b464-78c332d31a33@group-97FAE486DEE6: changes role from CANDIDATE to FOLLOWER at term 10 for DISCOVERED_A_NEW_TERM
2019-09-17 12:23:34,933 [ef58021b-0245-4b2a-b464-78c332d31a33@group-97FAE486DEE6:LeaderElection32] INFO  impl.RoleInfo (RoleInfo.java:shutdownLeaderElection(134)) - ef58021b-0245-4b2a-b464-78c332d31a33: shutdown LeaderElection
2019-09-17 12:23:34,934 [ef58021b-0245-4b2a-b464-78c332d31a33@group-97FAE486DEE6:LeaderElection32] INFO  impl.RoleInfo (RoleInfo.java:updateAndGet(143)) - ef58021b-0245-4b2a-b464-78c332d31a33: start FollowerState
2019-09-17 12:23:35,398 [java.util.concurrent.ThreadPoolExecutor$Worker@17044d63[State = -1, empty queue]] WARN  server.GrpcLogAppender (GrpcLogAppender.java:timeoutAppendRequest(200)) - 7689548e-5f49-4f36-9667-e46ba21e9ae3@group-C0075F260562->a5f9b548-b989-4807-80f4-ff576b54977d-GrpcLogAppender: appendEntries Timeout, request=7689548e-5f49-4f36-9667-e46ba21e9ae3->a5f9b548-b989-4807-80f4-ff576b54977d#107-t2, previous=(t:2, i:20), leaderCommit=16, initializing? false, entries: <empty>
2019-09-17 12:23:35,480 [grpc-default-executor-5] INFO  client.GrpcClientProtocolClient (GrpcClientProtocolClient.java:onNext(264)) - client-241B9C7C1C46->ef58021b-0245-4b2a-b464-78c332d31a33: receive RaftClientReply:client-241B9C7C1C46->ef58021b-0245-4b2a-b464-78c332d31a33@group-97FAE486DEE6, cid=60, FAILED org.apache.ratis.protocol.NotLeaderException: Server ef58021b-0245-4b2a-b464-78c332d31a33@group-97FAE486DEE6 is not the leader, logIndex=0, commits[ef58021b-0245-4b2a-b464-78c332d31a33:c27, ed86af58-6365-40b3-a78c-ef8881f9dd1e:c27, 0cdf7b9a-92f5-4bda-bda9-a502d9c924f1:c16]
2019-09-17 12:23:35,899 [java.util.concurrent.ThreadPoolExecutor$Worker@17044d63[State = -1, empty queue]] WARN  server.GrpcLogAppender (GrpcLogAppender.java:timeoutAppendRequest(200)) - 7689548e-5f49-4f36-9667-e46ba21e9ae3@group-C0075F260562->a5f9b548-b989-4807-80f4-ff576b54977d-GrpcLogAppender: appendEntries Timeout, request=7689548e-5f49-4f36-9667-e46ba21e9ae3->a5f9b548-b989-4807-80f4-ff576b54977d#108-t2, previous=(t:2, i:20), leaderCommit=16, initializing? false, entries: <empty>
2019-09-17 12:23:36,060 [Thread-1186] INFO  impl.FollowerState (FollowerState.java:run(106)) - ef58021b-0245-4b2a-b464-78c332d31a33:group-97FAE486DEE6 changes to CANDIDATE, lastRpcTime:1126, electionTimeout:1126ms
2019-09-17 12:23:36,064 [Thread-1186] INFO  impl.RoleInfo (RoleInfo.java:shutdownFollowerState(121)) - ef58021b-0245-4b2a-b464-78c332d31a33: shutdown FollowerState
2019-09-17 12:23:36,064 [Thread-1186] INFO  impl.RaftServerImpl (RaftServerImpl.java:setRole(174)) - ef58021b-0245-4b2a-b464-78c332d31a33@group-97FAE486DEE6: changes role from  FOLLOWER to CANDIDATE at term 10 for changeToCandidate
2019-09-17 12:23:36,064 [Thread-1186] INFO  impl.RoleInfo (RoleInfo.java:updateAndGet(143)) - ef58021b-0245-4b2a-b464-78c332d31a33: start LeaderElection
2019-09-17 12:23:36,092 [ef58021b-0245-4b2a-b464-78c332d31a33@group-97FAE486DEE6:LeaderElection33] INFO  impl.LeaderElection (LeaderElection.java:askForVotes(182)) - ef58021b-0245-4b2a-b464-78c332d31a33@group-97FAE486DEE6:LeaderElection33: begin an election at term 11 for 0: [ed86af58-6365-40b3-a78c-ef8881f9dd1e:192.168.5.130:38034, 0cdf7b9a-92f5-4bda-bda9-a502d9c924f1:192.168.5.130:42251, ef58021b-0245-4b2a-b464-78c332d31a33:192.168.5.130:45449], old=null
2019-09-17 12:23:36,093 [ef58021b-0245-4b2a-b464-78c332d31a33@group-97FAE486DEE6:LeaderElection33] INFO  impl.LeaderElection (LogUtils.java:infoOrTrace(149)) - ef58021b-0245-4b2a-b464-78c332d31a33@group-97FAE486DEE6:LeaderElection33 got exception when requesting votes: {}
java.util.concurrent.ExecutionException: org.apache.ratis.thirdparty.io.grpc.StatusRuntimeException: UNAVAILABLE: io exception
	at java.util.concurrent.FutureTask.report(FutureTask.java:122)
	at java.util.concurrent.FutureTask.get(FutureTask.java:192)
	at org.apache.ratis.server.impl.LeaderElection.waitForResults(LeaderElection.java:263)
	at org.apache.ratis.server.impl.LeaderElection.askForVotes(LeaderElection.java:201)
	at org.apache.ratis.server.impl.LeaderElection.run(LeaderElection.java:133)
	at java.lang.Thread.run(Thread.java:748)
Caused by: org.apache.ratis.thirdparty.io.grpc.StatusRuntimeException: UNAVAILABLE: io exception
	at org.apache.ratis.thirdparty.io.grpc.stub.ClientCalls.toStatusRuntimeException(ClientCalls.java:233)
	at org.apache.ratis.thirdparty.io.grpc.stub.ClientCalls.getUnchecked(ClientCalls.java:214)
	at org.apache.ratis.thirdparty.io.grpc.stub.ClientCalls.blockingUnaryCall(ClientCalls.java:139)
	at org.apache.ratis.proto.grpc.RaftServerProtocolServiceGrpc$RaftServerProtocolServiceBlockingStub.requestVote(RaftServerProtocolServiceGrpc.java:265)
	at org.apache.ratis.grpc.server.GrpcServerProtocolClient.requestVote(GrpcServerProtocolClient.java:90)
	at org.apache.ratis.grpc.server.GrpcService.requestVote(GrpcService.java:204)
	at org.apache.ratis.server.impl.LeaderElection.lambda$submitRequests$1(LeaderElection.java:238)
	at java.util.concurrent.FutureTask.run(FutureTask.java:266)
	at java.util.concurrent.Executors$RunnableAdapter.call(Executors.java:511)
	at java.util.concurrent.FutureTask.run(FutureTask.java:266)
	at java.util.concurrent.ThreadPoolExecutor.runWorker(ThreadPoolExecutor.java:1149)
	at java.util.concurrent.ThreadPoolExecutor$Worker.run(ThreadPoolExecutor.java:624)
	... 1 more
Caused by: org.apache.ratis.thirdparty.io.netty.channel.AbstractChannel$AnnotatedConnectException: Connection refused: /192.168.5.130:38034
	at sun.nio.ch.SocketChannelImpl.checkConnect(Native Method)
	at sun.nio.ch.SocketChannelImpl.finishConnect(SocketChannelImpl.java:717)
	at org.apache.ratis.thirdparty.io.netty.channel.socket.nio.NioSocketChannel.doFinishConnect(NioSocketChannel.java:327)
	at org.apache.ratis.thirdparty.io.netty.channel.nio.AbstractNioChannel$AbstractNioUnsafe.finishConnect(AbstractNioChannel.java:340)
	at org.apache.ratis.thirdparty.io.netty.channel.nio.NioEventLoop.processSelectedKey(NioEventLoop.java:632)
	at org.apache.ratis.thirdparty.io.netty.channel.nio.NioEventLoop.processSelectedKeysOptimized(NioEventLoop.java:579)
	at org.apache.ratis.thirdparty.io.netty.channel.nio.NioEventLoop.processSelectedKeys(NioEventLoop.java:496)
	at org.apache.ratis.thirdparty.io.netty.channel.nio.NioEventLoop.run(NioEventLoop.java:458)
	at org.apache.ratis.thirdparty.io.netty.util.concurrent.SingleThreadEventExecutor$5.run(SingleThreadEventExecutor.java:897)
	at org.apache.ratis.thirdparty.io.netty.util.concurrent.FastThreadLocalRunnable.run(FastThreadLocalRunnable.java:30)
	... 1 more
Caused by: java.net.ConnectException: Connection refused
	... 11 more
2019-09-17 12:23:36,096 [ef58021b-0245-4b2a-b464-78c332d31a33@group-97FAE486DEE6:LeaderElection33] INFO  impl.LeaderElection (LogUtils.java:infoOrTrace(149)) - ef58021b-0245-4b2a-b464-78c332d31a33@group-97FAE486DEE6:LeaderElection33 got exception when requesting votes: {}
java.util.concurrent.ExecutionException: org.apache.ratis.thirdparty.io.grpc.StatusRuntimeException: UNAVAILABLE: io exception
	at java.util.concurrent.FutureTask.report(FutureTask.java:122)
	at java.util.concurrent.FutureTask.get(FutureTask.java:192)
	at org.apache.ratis.server.impl.LeaderElection.waitForResults(LeaderElection.java:263)
	at org.apache.ratis.server.impl.LeaderElection.askForVotes(LeaderElection.java:201)
	at org.apache.ratis.server.impl.LeaderElection.run(LeaderElection.java:133)
	at java.lang.Thread.run(Thread.java:748)
Caused by: org.apache.ratis.thirdparty.io.grpc.StatusRuntimeException: UNAVAILABLE: io exception
	at org.apache.ratis.thirdparty.io.grpc.stub.ClientCalls.toStatusRuntimeException(ClientCalls.java:233)
	at org.apache.ratis.thirdparty.io.grpc.stub.ClientCalls.getUnchecked(ClientCalls.java:214)
	at org.apache.ratis.thirdparty.io.grpc.stub.ClientCalls.blockingUnaryCall(ClientCalls.java:139)
	at org.apache.ratis.proto.grpc.RaftServerProtocolServiceGrpc$RaftServerProtocolServiceBlockingStub.requestVote(RaftServerProtocolServiceGrpc.java:265)
	at org.apache.ratis.grpc.server.GrpcServerProtocolClient.requestVote(GrpcServerProtocolClient.java:90)
	at org.apache.ratis.grpc.server.GrpcService.requestVote(GrpcService.java:204)
	at org.apache.ratis.server.impl.LeaderElection.lambda$submitRequests$1(LeaderElection.java:238)
	at java.util.concurrent.FutureTask.run(FutureTask.java:266)
	at java.util.concurrent.Executors$RunnableAdapter.call(Executors.java:511)
	at java.util.concurrent.FutureTask.run(FutureTask.java:266)
	at java.util.concurrent.ThreadPoolExecutor.runWorker(ThreadPoolExecutor.java:1149)
	at java.util.concurrent.ThreadPoolExecutor$Worker.run(ThreadPoolExecutor.java:624)
	... 1 more
Caused by: org.apache.ratis.thirdparty.io.netty.channel.AbstractChannel$AnnotatedConnectException: Connection refused: /192.168.5.130:42251
	at sun.nio.ch.SocketChannelImpl.checkConnect(Native Method)
	at sun.nio.ch.SocketChannelImpl.finishConnect(SocketChannelImpl.java:717)
	at org.apache.ratis.thirdparty.io.netty.channel.socket.nio.NioSocketChannel.doFinishConnect(NioSocketChannel.java:327)
	at org.apache.ratis.thirdparty.io.netty.channel.nio.AbstractNioChannel$AbstractNioUnsafe.finishConnect(AbstractNioChannel.java:340)
	at org.apache.ratis.thirdparty.io.netty.channel.nio.NioEventLoop.processSelectedKey(NioEventLoop.java:632)
	at org.apache.ratis.thirdparty.io.netty.channel.nio.NioEventLoop.processSelectedKeysOptimized(NioEventLoop.java:579)
	at org.apache.ratis.thirdparty.io.netty.channel.nio.NioEventLoop.processSelectedKeys(NioEventLoop.java:496)
	at org.apache.ratis.thirdparty.io.netty.channel.nio.NioEventLoop.run(NioEventLoop.java:458)
	at org.apache.ratis.thirdparty.io.netty.util.concurrent.SingleThreadEventExecutor$5.run(SingleThreadEventExecutor.java:897)
	at org.apache.ratis.thirdparty.io.netty.util.concurrent.FastThreadLocalRunnable.run(FastThreadLocalRunnable.java:30)
	... 1 more
Caused by: java.net.ConnectException: Connection refused
	... 11 more
2019-09-17 12:23:36,098 [ef58021b-0245-4b2a-b464-78c332d31a33@group-97FAE486DEE6:LeaderElection33] INFO  impl.LeaderElection (LeaderElection.java:logAndReturn(56)) - ef58021b-0245-4b2a-b464-78c332d31a33@group-97FAE486DEE6:LeaderElection33: Election REJECTED; received 0 response(s) [] and 2 exception(s); ef58021b-0245-4b2a-b464-78c332d31a33@group-97FAE486DEE6:t11, leader=null, voted=ef58021b-0245-4b2a-b464-78c332d31a33, raftlog=ef58021b-0245-4b2a-b464-78c332d31a33@group-97FAE486DEE6-SegmentedRaftLog:OPENED:c27,f27,i27, conf=0: [ed86af58-6365-40b3-a78c-ef8881f9dd1e:192.168.5.130:38034, 0cdf7b9a-92f5-4bda-bda9-a502d9c924f1:192.168.5.130:42251, ef58021b-0245-4b2a-b464-78c332d31a33:192.168.5.130:45449], old=null
2019-09-17 12:23:36,099 [ef58021b-0245-4b2a-b464-78c332d31a33@group-97FAE486DEE6:LeaderElection33] INFO  impl.LeaderElection (LogUtils.java:infoOrTrace(149)) -   Exception 0: {}
java.util.concurrent.ExecutionException: org.apache.ratis.thirdparty.io.grpc.StatusRuntimeException: UNAVAILABLE: io exception
	at java.util.concurrent.FutureTask.report(FutureTask.java:122)
	at java.util.concurrent.FutureTask.get(FutureTask.java:192)
	at org.apache.ratis.server.impl.LeaderElection.waitForResults(LeaderElection.java:263)
	at org.apache.ratis.server.impl.LeaderElection.askForVotes(LeaderElection.java:201)
	at org.apache.ratis.server.impl.LeaderElection.run(LeaderElection.java:133)
	at java.lang.Thread.run(Thread.java:748)
Caused by: org.apache.ratis.thirdparty.io.grpc.StatusRuntimeException: UNAVAILABLE: io exception
	at org.apache.ratis.thirdparty.io.grpc.stub.ClientCalls.toStatusRuntimeException(ClientCalls.java:233)
	at org.apache.ratis.thirdparty.io.grpc.stub.ClientCalls.getUnchecked(ClientCalls.java:214)
	at org.apache.ratis.thirdparty.io.grpc.stub.ClientCalls.blockingUnaryCall(ClientCalls.java:139)
	at org.apache.ratis.proto.grpc.RaftServerProtocolServiceGrpc$RaftServerProtocolServiceBlockingStub.requestVote(RaftServerProtocolServiceGrpc.java:265)
	at org.apache.ratis.grpc.server.GrpcServerProtocolClient.requestVote(GrpcServerProtocolClient.java:90)
	at org.apache.ratis.grpc.server.GrpcService.requestVote(GrpcService.java:204)
	at org.apache.ratis.server.impl.LeaderElection.lambda$submitRequests$1(LeaderElection.java:238)
	at java.util.concurrent.FutureTask.run(FutureTask.java:266)
	at java.util.concurrent.Executors$RunnableAdapter.call(Executors.java:511)
	at java.util.concurrent.FutureTask.run(FutureTask.java:266)
	at java.util.concurrent.ThreadPoolExecutor.runWorker(ThreadPoolExecutor.java:1149)
	at java.util.concurrent.ThreadPoolExecutor$Worker.run(ThreadPoolExecutor.java:624)
	... 1 more
Caused by: org.apache.ratis.thirdparty.io.netty.channel.AbstractChannel$AnnotatedConnectException: Connection refused: /192.168.5.130:38034
	at sun.nio.ch.SocketChannelImpl.checkConnect(Native Method)
	at sun.nio.ch.SocketChannelImpl.finishConnect(SocketChannelImpl.java:717)
	at org.apache.ratis.thirdparty.io.netty.channel.socket.nio.NioSocketChannel.doFinishConnect(NioSocketChannel.java:327)
	at org.apache.ratis.thirdparty.io.netty.channel.nio.AbstractNioChannel$AbstractNioUnsafe.finishConnect(AbstractNioChannel.java:340)
	at org.apache.ratis.thirdparty.io.netty.channel.nio.NioEventLoop.processSelectedKey(NioEventLoop.java:632)
	at org.apache.ratis.thirdparty.io.netty.channel.nio.NioEventLoop.processSelectedKeysOptimized(NioEventLoop.java:579)
	at org.apache.ratis.thirdparty.io.netty.channel.nio.NioEventLoop.processSelectedKeys(NioEventLoop.java:496)
	at org.apache.ratis.thirdparty.io.netty.channel.nio.NioEventLoop.run(NioEventLoop.java:458)
	at org.apache.ratis.thirdparty.io.netty.util.concurrent.SingleThreadEventExecutor$5.run(SingleThreadEventExecutor.java:897)
	at org.apache.ratis.thirdparty.io.netty.util.concurrent.FastThreadLocalRunnable.run(FastThreadLocalRunnable.java:30)
	... 1 more
Caused by: java.net.ConnectException: Connection refused
	... 11 more
2019-09-17 12:23:36,099 [ef58021b-0245-4b2a-b464-78c332d31a33@group-97FAE486DEE6:LeaderElection33] INFO  impl.LeaderElection (LogUtils.java:infoOrTrace(149)) -   Exception 1: {}
java.util.concurrent.ExecutionException: org.apache.ratis.thirdparty.io.grpc.StatusRuntimeException: UNAVAILABLE: io exception
	at java.util.concurrent.FutureTask.report(FutureTask.java:122)
	at java.util.concurrent.FutureTask.get(FutureTask.java:192)
	at org.apache.ratis.server.impl.LeaderElection.waitForResults(LeaderElection.java:263)
	at org.apache.ratis.server.impl.LeaderElection.askForVotes(LeaderElection.java:201)
	at org.apache.ratis.server.impl.LeaderElection.run(LeaderElection.java:133)
	at java.lang.Thread.run(Thread.java:748)
Caused by: org.apache.ratis.thirdparty.io.grpc.StatusRuntimeException: UNAVAILABLE: io exception
	at org.apache.ratis.thirdparty.io.grpc.stub.ClientCalls.toStatusRuntimeException(ClientCalls.java:233)
	at org.apache.ratis.thirdparty.io.grpc.stub.ClientCalls.getUnchecked(ClientCalls.java:214)
	at org.apache.ratis.thirdparty.io.grpc.stub.ClientCalls.blockingUnaryCall(ClientCalls.java:139)
	at org.apache.ratis.proto.grpc.RaftServerProtocolServiceGrpc$RaftServerProtocolServiceBlockingStub.requestVote(RaftServerProtocolServiceGrpc.java:265)
	at org.apache.ratis.grpc.server.GrpcServerProtocolClient.requestVote(GrpcServerProtocolClient.java:90)
	at org.apache.ratis.grpc.server.GrpcService.requestVote(GrpcService.java:204)
	at org.apache.ratis.server.impl.LeaderElection.lambda$submitRequests$1(LeaderElection.java:238)
	at java.util.concurrent.FutureTask.run(FutureTask.java:266)
	at java.util.concurrent.Executors$RunnableAdapter.call(Executors.java:511)
	at java.util.concurrent.FutureTask.run(FutureTask.java:266)
	at java.util.concurrent.ThreadPoolExecutor.runWorker(ThreadPoolExecutor.java:1149)
	at java.util.concurrent.ThreadPoolExecutor$Worker.run(ThreadPoolExecutor.java:624)
	... 1 more
Caused by: org.apache.ratis.thirdparty.io.netty.channel.AbstractChannel$AnnotatedConnectException: Connection refused: /192.168.5.130:42251
	at sun.nio.ch.SocketChannelImpl.checkConnect(Native Method)
	at sun.nio.ch.SocketChannelImpl.finishConnect(SocketChannelImpl.java:717)
	at org.apache.ratis.thirdparty.io.netty.channel.socket.nio.NioSocketChannel.doFinishConnect(NioSocketChannel.java:327)
	at org.apache.ratis.thirdparty.io.netty.channel.nio.AbstractNioChannel$AbstractNioUnsafe.finishConnect(AbstractNioChannel.java:340)
	at org.apache.ratis.thirdparty.io.netty.channel.nio.NioEventLoop.processSelectedKey(NioEventLoop.java:632)
	at org.apache.ratis.thirdparty.io.netty.channel.nio.NioEventLoop.processSelectedKeysOptimized(NioEventLoop.java:579)
	at org.apache.ratis.thirdparty.io.netty.channel.nio.NioEventLoop.processSelectedKeys(NioEventLoop.java:496)
	at org.apache.ratis.thirdparty.io.netty.channel.nio.NioEventLoop.run(NioEventLoop.java:458)
	at org.apache.ratis.thirdparty.io.netty.util.concurrent.SingleThreadEventExecutor$5.run(SingleThreadEventExecutor.java:897)
	at org.apache.ratis.thirdparty.io.netty.util.concurrent.FastThreadLocalRunnable.run(FastThreadLocalRunnable.java:30)
	... 1 more
Caused by: java.net.ConnectException: Connection refused
	... 11 more
2019-09-17 12:23:36,099 [ef58021b-0245-4b2a-b464-78c332d31a33@group-97FAE486DEE6:LeaderElection33] INFO  impl.RaftServerImpl (RaftServerImpl.java:setRole(174)) - ef58021b-0245-4b2a-b464-78c332d31a33@group-97FAE486DEE6: changes role from CANDIDATE to FOLLOWER at term 11 for DISCOVERED_A_NEW_TERM
2019-09-17 12:23:36,100 [ef58021b-0245-4b2a-b464-78c332d31a33@group-97FAE486DEE6:LeaderElection33] INFO  impl.RoleInfo (RoleInfo.java:shutdownLeaderElection(134)) - ef58021b-0245-4b2a-b464-78c332d31a33: shutdown LeaderElection
2019-09-17 12:23:36,100 [ef58021b-0245-4b2a-b464-78c332d31a33@group-97FAE486DEE6:LeaderElection33] INFO  impl.RoleInfo (RoleInfo.java:updateAndGet(143)) - ef58021b-0245-4b2a-b464-78c332d31a33: start FollowerState
2019-09-17 12:23:36,399 [java.util.concurrent.ThreadPoolExecutor$Worker@17044d63[State = -1, empty queue]] WARN  server.GrpcLogAppender (GrpcLogAppender.java:timeoutAppendRequest(200)) - 7689548e-5f49-4f36-9667-e46ba21e9ae3@group-C0075F260562->a5f9b548-b989-4807-80f4-ff576b54977d-GrpcLogAppender: appendEntries Timeout, request=7689548e-5f49-4f36-9667-e46ba21e9ae3->a5f9b548-b989-4807-80f4-ff576b54977d#109-t2, previous=(t:2, i:20), leaderCommit=16, initializing? false, entries: <empty>
2019-09-17 12:23:36,502 [main] WARN  io.KeyOutputStream (KeyOutputStream.java:handleException(276)) - Encountered exception java.io.IOException: Unexpected Storage Container Exception: java.util.concurrent.CompletionException: java.util.concurrent.CompletionException: org.apache.ratis.protocol.RaftRetryFailureException: Failed RaftClientRequest:client-241B9C7C1C46->ed86af58-6365-40b3-a78c-ef8881f9dd1e@group-97FAE486DEE6, cid=60, seq=7*, RW, org.apache.hadoop.hdds.scm.XceiverClientRatis$$Lambda$443/1403539444@6173a7ac for 10 attempts with RetryLimited(maxAttempts=10, sleepTime=1000ms) on the pipeline Pipeline[ Id: 9b5a26d8-4bf8-4066-8c9b-97fae486dee6, Nodes: 0cdf7b9a-92f5-4bda-bda9-a502d9c924f1{ip: 192.168.5.130, host: pr-hdds-2136-chhj8-2666454444, networkLocation: /default-rack, certSerialId: null}ed86af58-6365-40b3-a78c-ef8881f9dd1e{ip: 192.168.5.130, host: pr-hdds-2136-chhj8-2666454444, networkLocation: /default-rack, certSerialId: null}ef58021b-0245-4b2a-b464-78c332d31a33{ip: 192.168.5.130, host: pr-hdds-2136-chhj8-2666454444, networkLocation: /default-rack, certSerialId: null}, Type:RATIS, Factor:THREE, State:OPEN]. The last committed block length is 2097152, uncommitted data length is 2097152 retry count 0
2019-09-17 12:23:36,608 [grpc-default-executor-3] INFO  client.GrpcClientProtocolClient (GrpcClientProtocolClient.java:onNext(264)) - client-9303C3D922F8->ba884459-fbaf-490e-9b71-3c718ea82914: receive RaftClientReply:client-9303C3D922F8->ba884459-fbaf-490e-9b71-3c718ea82914@group-5D4E048AB16A, cid=62, FAILED org.apache.ratis.protocol.NotLeaderException: Server ba884459-fbaf-490e-9b71-3c718ea82914@group-5D4E048AB16A is not the leader 84b9980c-7545-47f2-8f8d-7bdb4cb4587c:192.168.5.130:43486, logIndex=0, commits[ba884459-fbaf-490e-9b71-3c718ea82914:c14, 89060399-4494-4f9b-b1c5-9635c65f7453:c14, 84b9980c-7545-47f2-8f8d-7bdb4cb4587c:c14]
2019-09-17 12:23:36,899 [java.util.concurrent.ThreadPoolExecutor$Worker@17044d63[State = -1, empty queue]] WARN  server.GrpcLogAppender (GrpcLogAppender.java:timeoutAppendRequest(200)) - 7689548e-5f49-4f36-9667-e46ba21e9ae3@group-C0075F260562->a5f9b548-b989-4807-80f4-ff576b54977d-GrpcLogAppender: appendEntries Timeout, request=7689548e-5f49-4f36-9667-e46ba21e9ae3->a5f9b548-b989-4807-80f4-ff576b54977d#110-t2, previous=(t:2, i:20), leaderCommit=16, initializing? false, entries: <empty>
2019-09-17 12:23:37,148 [grpc-default-executor-3] INFO  client.GrpcClientProtocolClient (GrpcClientProtocolClient.java:onNext(264)) - client-9303C3D922F8->84b9980c-7545-47f2-8f8d-7bdb4cb4587c: receive RaftClientReply:client-9303C3D922F8->84b9980c-7545-47f2-8f8d-7bdb4cb4587c@group-5D4E048AB16A, cid=62, SUCCESS, logIndex=15, commits[84b9980c-7545-47f2-8f8d-7bdb4cb4587c:c15, 89060399-4494-4f9b-b1c5-9635c65f7453:c14, ba884459-fbaf-490e-9b71-3c718ea82914:c14]
2019-09-17 12:23:37,294 [Thread-1200] INFO  impl.FollowerState (FollowerState.java:run(106)) - ef58021b-0245-4b2a-b464-78c332d31a33:group-97FAE486DEE6 changes to CANDIDATE, lastRpcTime:1194, electionTimeout:1194ms
2019-09-17 12:23:37,295 [Thread-1200] INFO  impl.RoleInfo (RoleInfo.java:shutdownFollowerState(121)) - ef58021b-0245-4b2a-b464-78c332d31a33: shutdown FollowerState
2019-09-17 12:23:37,295 [Thread-1200] INFO  impl.RaftServerImpl (RaftServerImpl.java:setRole(174)) - ef58021b-0245-4b2a-b464-78c332d31a33@group-97FAE486DEE6: changes role from  FOLLOWER to CANDIDATE at term 11 for changeToCandidate
2019-09-17 12:23:37,295 [Thread-1200] INFO  impl.RoleInfo (RoleInfo.java:updateAndGet(143)) - ef58021b-0245-4b2a-b464-78c332d31a33: start LeaderElection
2019-09-17 12:23:37,316 [ef58021b-0245-4b2a-b464-78c332d31a33@group-97FAE486DEE6:LeaderElection34] INFO  impl.LeaderElection (LeaderElection.java:askForVotes(182)) - ef58021b-0245-4b2a-b464-78c332d31a33@group-97FAE486DEE6:LeaderElection34: begin an election at term 12 for 0: [ed86af58-6365-40b3-a78c-ef8881f9dd1e:192.168.5.130:38034, 0cdf7b9a-92f5-4bda-bda9-a502d9c924f1:192.168.5.130:42251, ef58021b-0245-4b2a-b464-78c332d31a33:192.168.5.130:45449], old=null
2019-09-17 12:23:37,317 [ef58021b-0245-4b2a-b464-78c332d31a33@group-97FAE486DEE6:LeaderElection34] INFO  impl.LeaderElection (LogUtils.java:infoOrTrace(149)) - ef58021b-0245-4b2a-b464-78c332d31a33@group-97FAE486DEE6:LeaderElection34 got exception when requesting votes: {}
java.util.concurrent.ExecutionException: org.apache.ratis.thirdparty.io.grpc.StatusRuntimeException: UNAVAILABLE: io exception
	at java.util.concurrent.FutureTask.report(FutureTask.java:122)
	at java.util.concurrent.FutureTask.get(FutureTask.java:192)
	at org.apache.ratis.server.impl.LeaderElection.waitForResults(LeaderElection.java:263)
	at org.apache.ratis.server.impl.LeaderElection.askForVotes(LeaderElection.java:201)
	at org.apache.ratis.server.impl.LeaderElection.run(LeaderElection.java:133)
	at java.lang.Thread.run(Thread.java:748)
Caused by: org.apache.ratis.thirdparty.io.grpc.StatusRuntimeException: UNAVAILABLE: io exception
	at org.apache.ratis.thirdparty.io.grpc.stub.ClientCalls.toStatusRuntimeException(ClientCalls.java:233)
	at org.apache.ratis.thirdparty.io.grpc.stub.ClientCalls.getUnchecked(ClientCalls.java:214)
	at org.apache.ratis.thirdparty.io.grpc.stub.ClientCalls.blockingUnaryCall(ClientCalls.java:139)
	at org.apache.ratis.proto.grpc.RaftServerProtocolServiceGrpc$RaftServerProtocolServiceBlockingStub.requestVote(RaftServerProtocolServiceGrpc.java:265)
	at org.apache.ratis.grpc.server.GrpcServerProtocolClient.requestVote(GrpcServerProtocolClient.java:90)
	at org.apache.ratis.grpc.server.GrpcService.requestVote(GrpcService.java:204)
	at org.apache.ratis.server.impl.LeaderElection.lambda$submitRequests$1(LeaderElection.java:238)
	at java.util.concurrent.FutureTask.run(FutureTask.java:266)
	at java.util.concurrent.Executors$RunnableAdapter.call(Executors.java:511)
	at java.util.concurrent.FutureTask.run(FutureTask.java:266)
	at java.util.concurrent.ThreadPoolExecutor.runWorker(ThreadPoolExecutor.java:1149)
	at java.util.concurrent.ThreadPoolExecutor$Worker.run(ThreadPoolExecutor.java:624)
	... 1 more
Caused by: org.apache.ratis.thirdparty.io.netty.channel.AbstractChannel$AnnotatedConnectException: Connection refused: /192.168.5.130:42251
	at sun.nio.ch.SocketChannelImpl.checkConnect(Native Method)
	at sun.nio.ch.SocketChannelImpl.finishConnect(SocketChannelImpl.java:717)
	at org.apache.ratis.thirdparty.io.netty.channel.socket.nio.NioSocketChannel.doFinishConnect(NioSocketChannel.java:327)
	at org.apache.ratis.thirdparty.io.netty.channel.nio.AbstractNioChannel$AbstractNioUnsafe.finishConnect(AbstractNioChannel.java:340)
	at org.apache.ratis.thirdparty.io.netty.channel.nio.NioEventLoop.processSelectedKey(NioEventLoop.java:632)
	at org.apache.ratis.thirdparty.io.netty.channel.nio.NioEventLoop.processSelectedKeysOptimized(NioEventLoop.java:579)
	at org.apache.ratis.thirdparty.io.netty.channel.nio.NioEventLoop.processSelectedKeys(NioEventLoop.java:496)
	at org.apache.ratis.thirdparty.io.netty.channel.nio.NioEventLoop.run(NioEventLoop.java:458)
	at org.apache.ratis.thirdparty.io.netty.util.concurrent.SingleThreadEventExecutor$5.run(SingleThreadEventExecutor.java:897)
	at org.apache.ratis.thirdparty.io.netty.util.concurrent.FastThreadLocalRunnable.run(FastThreadLocalRunnable.java:30)
	... 1 more
Caused by: java.net.ConnectException: Connection refused
	... 11 more
2019-09-17 12:23:37,330 [ef58021b-0245-4b2a-b464-78c332d31a33@group-97FAE486DEE6:LeaderElection34] INFO  impl.LeaderElection (LogUtils.java:infoOrTrace(149)) - ef58021b-0245-4b2a-b464-78c332d31a33@group-97FAE486DEE6:LeaderElection34 got exception when requesting votes: {}
java.util.concurrent.ExecutionException: org.apache.ratis.thirdparty.io.grpc.StatusRuntimeException: UNAVAILABLE: io exception
	at java.util.concurrent.FutureTask.report(FutureTask.java:122)
	at java.util.concurrent.FutureTask.get(FutureTask.java:192)
	at org.apache.ratis.server.impl.LeaderElection.waitForResults(LeaderElection.java:263)
	at org.apache.ratis.server.impl.LeaderElection.askForVotes(LeaderElection.java:201)
	at org.apache.ratis.server.impl.LeaderElection.run(LeaderElection.java:133)
	at java.lang.Thread.run(Thread.java:748)
Caused by: org.apache.ratis.thirdparty.io.grpc.StatusRuntimeException: UNAVAILABLE: io exception
	at org.apache.ratis.thirdparty.io.grpc.stub.ClientCalls.toStatusRuntimeException(ClientCalls.java:233)
	at org.apache.ratis.thirdparty.io.grpc.stub.ClientCalls.getUnchecked(ClientCalls.java:214)
	at org.apache.ratis.thirdparty.io.grpc.stub.ClientCalls.blockingUnaryCall(ClientCalls.java:139)
	at org.apache.ratis.proto.grpc.RaftServerProtocolServiceGrpc$RaftServerProtocolServiceBlockingStub.requestVote(RaftServerProtocolServiceGrpc.java:265)
	at org.apache.ratis.grpc.server.GrpcServerProtocolClient.requestVote(GrpcServerProtocolClient.java:90)
	at org.apache.ratis.grpc.server.GrpcService.requestVote(GrpcService.java:204)
	at org.apache.ratis.server.impl.LeaderElection.lambda$submitRequests$1(LeaderElection.java:238)
	at java.util.concurrent.FutureTask.run(FutureTask.java:266)
	at java.util.concurrent.Executors$RunnableAdapter.call(Executors.java:511)
	at java.util.concurrent.FutureTask.run(FutureTask.java:266)
	at java.util.concurrent.ThreadPoolExecutor.runWorker(ThreadPoolExecutor.java:1149)
	at java.util.concurrent.ThreadPoolExecutor$Worker.run(ThreadPoolExecutor.java:624)
	... 1 more
Caused by: org.apache.ratis.thirdparty.io.netty.channel.AbstractChannel$AnnotatedConnectException: Connection refused: /192.168.5.130:38034
	at sun.nio.ch.SocketChannelImpl.checkConnect(Native Method)
	at sun.nio.ch.SocketChannelImpl.finishConnect(SocketChannelImpl.java:717)
	at org.apache.ratis.thirdparty.io.netty.channel.socket.nio.NioSocketChannel.doFinishConnect(NioSocketChannel.java:327)
	at org.apache.ratis.thirdparty.io.netty.channel.nio.AbstractNioChannel$AbstractNioUnsafe.finishConnect(AbstractNioChannel.java:340)
	at org.apache.ratis.thirdparty.io.netty.channel.nio.NioEventLoop.processSelectedKey(NioEventLoop.java:632)
	at org.apache.ratis.thirdparty.io.netty.channel.nio.NioEventLoop.processSelectedKeysOptimized(NioEventLoop.java:579)
	at org.apache.ratis.thirdparty.io.netty.channel.nio.NioEventLoop.processSelectedKeys(NioEventLoop.java:496)
	at org.apache.ratis.thirdparty.io.netty.channel.nio.NioEventLoop.run(NioEventLoop.java:458)
	at org.apache.ratis.thirdparty.io.netty.util.concurrent.SingleThreadEventExecutor$5.run(SingleThreadEventExecutor.java:897)
	at org.apache.ratis.thirdparty.io.netty.util.concurrent.FastThreadLocalRunnable.run(FastThreadLocalRunnable.java:30)
	... 1 more
Caused by: java.net.ConnectException: Connection refused
	... 11 more
2019-09-17 12:23:37,340 [ef58021b-0245-4b2a-b464-78c332d31a33@group-97FAE486DEE6:LeaderElection34] INFO  impl.LeaderElection (LeaderElection.java:logAndReturn(56)) - ef58021b-0245-4b2a-b464-78c332d31a33@group-97FAE486DEE6:LeaderElection34: Election REJECTED; received 0 response(s) [] and 2 exception(s); ef58021b-0245-4b2a-b464-78c332d31a33@group-97FAE486DEE6:t12, leader=null, voted=ef58021b-0245-4b2a-b464-78c332d31a33, raftlog=ef58021b-0245-4b2a-b464-78c332d31a33@group-97FAE486DEE6-SegmentedRaftLog:OPENED:c27,f27,i27, conf=0: [ed86af58-6365-40b3-a78c-ef8881f9dd1e:192.168.5.130:38034, 0cdf7b9a-92f5-4bda-bda9-a502d9c924f1:192.168.5.130:42251, ef58021b-0245-4b2a-b464-78c332d31a33:192.168.5.130:45449], old=null
2019-09-17 12:23:37,340 [ef58021b-0245-4b2a-b464-78c332d31a33@group-97FAE486DEE6:LeaderElection34] INFO  impl.LeaderElection (LogUtils.java:infoOrTrace(149)) -   Exception 0: {}
java.util.concurrent.ExecutionException: org.apache.ratis.thirdparty.io.grpc.StatusRuntimeException: UNAVAILABLE: io exception
	at java.util.concurrent.FutureTask.report(FutureTask.java:122)
	at java.util.concurrent.FutureTask.get(FutureTask.java:192)
	at org.apache.ratis.server.impl.LeaderElection.waitForResults(LeaderElection.java:263)
	at org.apache.ratis.server.impl.LeaderElection.askForVotes(LeaderElection.java:201)
	at org.apache.ratis.server.impl.LeaderElection.run(LeaderElection.java:133)
	at java.lang.Thread.run(Thread.java:748)
Caused by: org.apache.ratis.thirdparty.io.grpc.StatusRuntimeException: UNAVAILABLE: io exception
	at org.apache.ratis.thirdparty.io.grpc.stub.ClientCalls.toStatusRuntimeException(ClientCalls.java:233)
	at org.apache.ratis.thirdparty.io.grpc.stub.ClientCalls.getUnchecked(ClientCalls.java:214)
	at org.apache.ratis.thirdparty.io.grpc.stub.ClientCalls.blockingUnaryCall(ClientCalls.java:139)
	at org.apache.ratis.proto.grpc.RaftServerProtocolServiceGrpc$RaftServerProtocolServiceBlockingStub.requestVote(RaftServerProtocolServiceGrpc.java:265)
	at org.apache.ratis.grpc.server.GrpcServerProtocolClient.requestVote(GrpcServerProtocolClient.java:90)
	at org.apache.ratis.grpc.server.GrpcService.requestVote(GrpcService.java:204)
	at org.apache.ratis.server.impl.LeaderElection.lambda$submitRequests$1(LeaderElection.java:238)
	at java.util.concurrent.FutureTask.run(FutureTask.java:266)
	at java.util.concurrent.Executors$RunnableAdapter.call(Executors.java:511)
	at java.util.concurrent.FutureTask.run(FutureTask.java:266)
	at java.util.concurrent.ThreadPoolExecutor.runWorker(ThreadPoolExecutor.java:1149)
	at java.util.concurrent.ThreadPoolExecutor$Worker.run(ThreadPoolExecutor.java:624)
	... 1 more
Caused by: org.apache.ratis.thirdparty.io.netty.channel.AbstractChannel$AnnotatedConnectException: Connection refused: /192.168.5.130:42251
	at sun.nio.ch.SocketChannelImpl.checkConnect(Native Method)
	at sun.nio.ch.SocketChannelImpl.finishConnect(SocketChannelImpl.java:717)
	at org.apache.ratis.thirdparty.io.netty.channel.socket.nio.NioSocketChannel.doFinishConnect(NioSocketChannel.java:327)
	at org.apache.ratis.thirdparty.io.netty.channel.nio.AbstractNioChannel$AbstractNioUnsafe.finishConnect(AbstractNioChannel.java:340)
	at org.apache.ratis.thirdparty.io.netty.channel.nio.NioEventLoop.processSelectedKey(NioEventLoop.java:632)
	at org.apache.ratis.thirdparty.io.netty.channel.nio.NioEventLoop.processSelectedKeysOptimized(NioEventLoop.java:579)
	at org.apache.ratis.thirdparty.io.netty.channel.nio.NioEventLoop.processSelectedKeys(NioEventLoop.java:496)
	at org.apache.ratis.thirdparty.io.netty.channel.nio.NioEventLoop.run(NioEventLoop.java:458)
	at org.apache.ratis.thirdparty.io.netty.util.concurrent.SingleThreadEventExecutor$5.run(SingleThreadEventExecutor.java:897)
	at org.apache.ratis.thirdparty.io.netty.util.concurrent.FastThreadLocalRunnable.run(FastThreadLocalRunnable.java:30)
	... 1 more
Caused by: java.net.ConnectException: Connection refused
	... 11 more
2019-09-17 12:23:37,344 [ef58021b-0245-4b2a-b464-78c332d31a33@group-97FAE486DEE6:LeaderElection34] INFO  impl.LeaderElection (LogUtils.java:infoOrTrace(149)) -   Exception 1: {}
java.util.concurrent.ExecutionException: org.apache.ratis.thirdparty.io.grpc.StatusRuntimeException: UNAVAILABLE: io exception
	at java.util.concurrent.FutureTask.report(FutureTask.java:122)
	at java.util.concurrent.FutureTask.get(FutureTask.java:192)
	at org.apache.ratis.server.impl.LeaderElection.waitForResults(LeaderElection.java:263)
	at org.apache.ratis.server.impl.LeaderElection.askForVotes(LeaderElection.java:201)
	at org.apache.ratis.server.impl.LeaderElection.run(LeaderElection.java:133)
	at java.lang.Thread.run(Thread.java:748)
Caused by: org.apache.ratis.thirdparty.io.grpc.StatusRuntimeException: UNAVAILABLE: io exception
	at org.apache.ratis.thirdparty.io.grpc.stub.ClientCalls.toStatusRuntimeException(ClientCalls.java:233)
	at org.apache.ratis.thirdparty.io.grpc.stub.ClientCalls.getUnchecked(ClientCalls.java:214)
	at org.apache.ratis.thirdparty.io.grpc.stub.ClientCalls.blockingUnaryCall(ClientCalls.java:139)
	at org.apache.ratis.proto.grpc.RaftServerProtocolServiceGrpc$RaftServerProtocolServiceBlockingStub.requestVote(RaftServerProtocolServiceGrpc.java:265)
	at org.apache.ratis.grpc.server.GrpcServerProtocolClient.requestVote(GrpcServerProtocolClient.java:90)
	at org.apache.ratis.grpc.server.GrpcService.requestVote(GrpcService.java:204)
	at org.apache.ratis.server.impl.LeaderElection.lambda$submitRequests$1(LeaderElection.java:238)
	at java.util.concurrent.FutureTask.run(FutureTask.java:266)
	at java.util.concurrent.Executors$RunnableAdapter.call(Executors.java:511)
	at java.util.concurrent.FutureTask.run(FutureTask.java:266)
	at java.util.concurrent.ThreadPoolExecutor.runWorker(ThreadPoolExecutor.java:1149)
	at java.util.concurrent.ThreadPoolExecutor$Worker.run(ThreadPoolExecutor.java:624)
	... 1 more
Caused by: org.apache.ratis.thirdparty.io.netty.channel.AbstractChannel$AnnotatedConnectException: Connection refused: /192.168.5.130:38034
	at sun.nio.ch.SocketChannelImpl.checkConnect(Native Method)
	at sun.nio.ch.SocketChannelImpl.finishConnect(SocketChannelImpl.java:717)
	at org.apache.ratis.thirdparty.io.netty.channel.socket.nio.NioSocketChannel.doFinishConnect(NioSocketChannel.java:327)
	at org.apache.ratis.thirdparty.io.netty.channel.nio.AbstractNioChannel$AbstractNioUnsafe.finishConnect(AbstractNioChannel.java:340)
	at org.apache.ratis.thirdparty.io.netty.channel.nio.NioEventLoop.processSelectedKey(NioEventLoop.java:632)
	at org.apache.ratis.thirdparty.io.netty.channel.nio.NioEventLoop.processSelectedKeysOptimized(NioEventLoop.java:579)
	at org.apache.ratis.thirdparty.io.netty.channel.nio.NioEventLoop.processSelectedKeys(NioEventLoop.java:496)
	at org.apache.ratis.thirdparty.io.netty.channel.nio.NioEventLoop.run(NioEventLoop.java:458)
	at org.apache.ratis.thirdparty.io.netty.util.concurrent.SingleThreadEventExecutor$5.run(SingleThreadEventExecutor.java:897)
	at org.apache.ratis.thirdparty.io.netty.util.concurrent.FastThreadLocalRunnable.run(FastThreadLocalRunnable.java:30)
	... 1 more
Caused by: java.net.ConnectException: Connection refused
	... 11 more
2019-09-17 12:23:37,344 [ef58021b-0245-4b2a-b464-78c332d31a33@group-97FAE486DEE6:LeaderElection34] INFO  impl.RaftServerImpl (RaftServerImpl.java:setRole(174)) - ef58021b-0245-4b2a-b464-78c332d31a33@group-97FAE486DEE6: changes role from CANDIDATE to FOLLOWER at term 12 for DISCOVERED_A_NEW_TERM
2019-09-17 12:23:37,344 [ef58021b-0245-4b2a-b464-78c332d31a33@group-97FAE486DEE6:LeaderElection34] INFO  impl.RoleInfo (RoleInfo.java:shutdownLeaderElection(134)) - ef58021b-0245-4b2a-b464-78c332d31a33: shutdown LeaderElection
2019-09-17 12:23:37,344 [ef58021b-0245-4b2a-b464-78c332d31a33@group-97FAE486DEE6:LeaderElection34] INFO  impl.RoleInfo (RoleInfo.java:updateAndGet(143)) - ef58021b-0245-4b2a-b464-78c332d31a33: start FollowerState
2019-09-17 12:23:37,345 [grpc-default-executor-5] INFO  client.GrpcClientProtocolClient (GrpcClientProtocolClient.java:onNext(264)) - client-9303C3D922F8->84b9980c-7545-47f2-8f8d-7bdb4cb4587c: receive RaftClientReply:client-9303C3D922F8->84b9980c-7545-47f2-8f8d-7bdb4cb4587c@group-5D4E048AB16A, cid=63, SUCCESS, logIndex=17, commits[84b9980c-7545-47f2-8f8d-7bdb4cb4587c:c22, 89060399-4494-4f9b-b1c5-9635c65f7453:c19, ba884459-fbaf-490e-9b71-3c718ea82914:c19]
2019-09-17 12:23:37,351 [grpc-default-executor-5] INFO  client.GrpcClientProtocolClient (GrpcClientProtocolClient.java:onNext(264)) - client-9303C3D922F8->84b9980c-7545-47f2-8f8d-7bdb4cb4587c: receive RaftClientReply:client-9303C3D922F8->84b9980c-7545-47f2-8f8d-7bdb4cb4587c@group-5D4E048AB16A, cid=64, SUCCESS, logIndex=18, commits[84b9980c-7545-47f2-8f8d-7bdb4cb4587c:c22, 89060399-4494-4f9b-b1c5-9635c65f7453:c19, ba884459-fbaf-490e-9b71-3c718ea82914:c19]
2019-09-17 12:23:37,399 [java.util.concurrent.ThreadPoolExecutor$Worker@17044d63[State = -1, empty queue]] WARN  server.GrpcLogAppender (GrpcLogAppender.java:timeoutAppendRequest(200)) - 7689548e-5f49-4f36-9667-e46ba21e9ae3@group-C0075F260562->a5f9b548-b989-4807-80f4-ff576b54977d-GrpcLogAppender: appendEntries Timeout, request=7689548e-5f49-4f36-9667-e46ba21e9ae3->a5f9b548-b989-4807-80f4-ff576b54977d#111-t2, previous=(t:2, i:20), leaderCommit=16, initializing? false, entries: <empty>
2019-09-17 12:23:37,462 [grpc-default-executor-5] INFO  client.GrpcClientProtocolClient (GrpcClientProtocolClient.java:onNext(264)) - client-9303C3D922F8->84b9980c-7545-47f2-8f8d-7bdb4cb4587c: receive RaftClientReply:client-9303C3D922F8->84b9980c-7545-47f2-8f8d-7bdb4cb4587c@group-5D4E048AB16A, cid=65, SUCCESS, logIndex=19, commits[84b9980c-7545-47f2-8f8d-7bdb4cb4587c:c22, 89060399-4494-4f9b-b1c5-9635c65f7453:c19, ba884459-fbaf-490e-9b71-3c718ea82914:c19]
2019-09-17 12:23:37,512 [grpc-default-executor-6] INFO  client.GrpcClientProtocolClient (GrpcClientProtocolClient.java:onNext(264)) - client-9303C3D922F8->84b9980c-7545-47f2-8f8d-7bdb4cb4587c: receive RaftClientReply:client-9303C3D922F8->84b9980c-7545-47f2-8f8d-7bdb4cb4587c@group-5D4E048AB16A, cid=66, SUCCESS, logIndex=23, commits[84b9980c-7545-47f2-8f8d-7bdb4cb4587c:c26, 89060399-4494-4f9b-b1c5-9635c65f7453:c22, ba884459-fbaf-490e-9b71-3c718ea82914:c22]
2019-09-17 12:23:37,513 [grpc-default-executor-6] INFO  client.GrpcClientProtocolClient (GrpcClientProtocolClient.java:onNext(264)) - client-9303C3D922F8->84b9980c-7545-47f2-8f8d-7bdb4cb4587c: receive RaftClientReply:client-9303C3D922F8->84b9980c-7545-47f2-8f8d-7bdb4cb4587c@group-5D4E048AB16A, cid=67, SUCCESS, logIndex=24, commits[84b9980c-7545-47f2-8f8d-7bdb4cb4587c:c26, 89060399-4494-4f9b-b1c5-9635c65f7453:c22, ba884459-fbaf-490e-9b71-3c718ea82914:c22]
2019-09-17 12:23:37,514 [grpc-default-executor-6] INFO  client.GrpcClientProtocolClient (GrpcClientProtocolClient.java:onNext(264)) - client-9303C3D922F8->84b9980c-7545-47f2-8f8d-7bdb4cb4587c: receive RaftClientReply:client-9303C3D922F8->84b9980c-7545-47f2-8f8d-7bdb4cb4587c@group-5D4E048AB16A, cid=68, SUCCESS, logIndex=25, commits[84b9980c-7545-47f2-8f8d-7bdb4cb4587c:c26, 89060399-4494-4f9b-b1c5-9635c65f7453:c22, ba884459-fbaf-490e-9b71-3c718ea82914:c22]
2019-09-17 12:23:37,515 [grpc-default-executor-6] INFO  client.GrpcClientProtocolClient (GrpcClientProtocolClient.java:onNext(264)) - client-9303C3D922F8->84b9980c-7545-47f2-8f8d-7bdb4cb4587c: receive RaftClientReply:client-9303C3D922F8->84b9980c-7545-47f2-8f8d-7bdb4cb4587c@group-5D4E048AB16A, cid=69, SUCCESS, logIndex=26, commits[84b9980c-7545-47f2-8f8d-7bdb4cb4587c:c26, 89060399-4494-4f9b-b1c5-9635c65f7453:c22, ba884459-fbaf-490e-9b71-3c718ea82914:c22]
2019-09-17 12:23:37,522 [grpc-default-executor-6] INFO  client.GrpcClientProtocolClient (GrpcClientProtocolClient.java:onNext(264)) - client-9303C3D922F8->84b9980c-7545-47f2-8f8d-7bdb4cb4587c: receive RaftClientReply:client-9303C3D922F8->84b9980c-7545-47f2-8f8d-7bdb4cb4587c@group-5D4E048AB16A, cid=70, SUCCESS, logIndex=0, commits[84b9980c-7545-47f2-8f8d-7bdb4cb4587c:c28, 89060399-4494-4f9b-b1c5-9635c65f7453:c25, ba884459-fbaf-490e-9b71-3c718ea82914:c25]
2019-09-17 12:23:37,524 [grpc-default-executor-6] INFO  client.GrpcClientProtocolClient (GrpcClientProtocolClient.java:onNext(264)) - client-9303C3D922F8->84b9980c-7545-47f2-8f8d-7bdb4cb4587c: receive RaftClientReply:client-9303C3D922F8->84b9980c-7545-47f2-8f8d-7bdb4cb4587c@group-5D4E048AB16A, cid=71, SUCCESS, logIndex=0, commits[84b9980c-7545-47f2-8f8d-7bdb4cb4587c:c29, 89060399-4494-4f9b-b1c5-9635c65f7453:c26, ba884459-fbaf-490e-9b71-3c718ea82914:c26]
2019-09-17 12:23:37,900 [java.util.concurrent.ThreadPoolExecutor$Worker@17044d63[State = -1, empty queue]] WARN  server.GrpcLogAppender (GrpcLogAppender.java:timeoutAppendRequest(200)) - 7689548e-5f49-4f36-9667-e46ba21e9ae3@group-C0075F260562->a5f9b548-b989-4807-80f4-ff576b54977d-GrpcLogAppender: appendEntries Timeout, request=7689548e-5f49-4f36-9667-e46ba21e9ae3->a5f9b548-b989-4807-80f4-ff576b54977d#112-t2, previous=(t:2, i:20), leaderCommit=16, initializing? false, entries: <empty>
2019-09-17 12:23:38,405 [java.util.concurrent.ThreadPoolExecutor$Worker@17044d63[State = -1, empty queue]] WARN  server.GrpcLogAppender (GrpcLogAppender.java:timeoutAppendRequest(200)) - 7689548e-5f49-4f36-9667-e46ba21e9ae3@group-C0075F260562->a5f9b548-b989-4807-80f4-ff576b54977d-GrpcLogAppender: appendEntries Timeout, request=7689548e-5f49-4f36-9667-e46ba21e9ae3->a5f9b548-b989-4807-80f4-ff576b54977d#113-t2, previous=(t:2, i:20), leaderCommit=16, initializing? false, entries: <empty>
2019-09-17 12:23:38,436 [Thread-1240] INFO  impl.FollowerState (FollowerState.java:run(106)) - ef58021b-0245-4b2a-b464-78c332d31a33:group-97FAE486DEE6 changes to CANDIDATE, lastRpcTime:1091, electionTimeout:1089ms
2019-09-17 12:23:38,436 [Thread-1240] INFO  impl.RoleInfo (RoleInfo.java:shutdownFollowerState(121)) - ef58021b-0245-4b2a-b464-78c332d31a33: shutdown FollowerState
2019-09-17 12:23:38,436 [Thread-1240] INFO  impl.RaftServerImpl (RaftServerImpl.java:setRole(174)) - ef58021b-0245-4b2a-b464-78c332d31a33@group-97FAE486DEE6: changes role from  FOLLOWER to CANDIDATE at term 12 for changeToCandidate
2019-09-17 12:23:38,437 [Thread-1240] INFO  impl.RoleInfo (RoleInfo.java:updateAndGet(143)) - ef58021b-0245-4b2a-b464-78c332d31a33: start LeaderElection
2019-09-17 12:23:38,465 [ef58021b-0245-4b2a-b464-78c332d31a33@group-97FAE486DEE6:LeaderElection35] INFO  impl.LeaderElection (LeaderElection.java:askForVotes(182)) - ef58021b-0245-4b2a-b464-78c332d31a33@group-97FAE486DEE6:LeaderElection35: begin an election at term 13 for 0: [ed86af58-6365-40b3-a78c-ef8881f9dd1e:192.168.5.130:38034, 0cdf7b9a-92f5-4bda-bda9-a502d9c924f1:192.168.5.130:42251, ef58021b-0245-4b2a-b464-78c332d31a33:192.168.5.130:45449], old=null
2019-09-17 12:23:38,465 [ef58021b-0245-4b2a-b464-78c332d31a33@group-97FAE486DEE6:LeaderElection35] INFO  impl.LeaderElection (LogUtils.java:infoOrTrace(149)) - ef58021b-0245-4b2a-b464-78c332d31a33@group-97FAE486DEE6:LeaderElection35 got exception when requesting votes: {}
java.util.concurrent.ExecutionException: org.apache.ratis.thirdparty.io.grpc.StatusRuntimeException: UNAVAILABLE: io exception
	at java.util.concurrent.FutureTask.report(FutureTask.java:122)
	at java.util.concurrent.FutureTask.get(FutureTask.java:192)
	at org.apache.ratis.server.impl.LeaderElection.waitForResults(LeaderElection.java:263)
	at org.apache.ratis.server.impl.LeaderElection.askForVotes(LeaderElection.java:201)
	at org.apache.ratis.server.impl.LeaderElection.run(LeaderElection.java:133)
	at java.lang.Thread.run(Thread.java:748)
Caused by: org.apache.ratis.thirdparty.io.grpc.StatusRuntimeException: UNAVAILABLE: io exception
	at org.apache.ratis.thirdparty.io.grpc.stub.ClientCalls.toStatusRuntimeException(ClientCalls.java:233)
	at org.apache.ratis.thirdparty.io.grpc.stub.ClientCalls.getUnchecked(ClientCalls.java:214)
	at org.apache.ratis.thirdparty.io.grpc.stub.ClientCalls.blockingUnaryCall(ClientCalls.java:139)
	at org.apache.ratis.proto.grpc.RaftServerProtocolServiceGrpc$RaftServerProtocolServiceBlockingStub.requestVote(RaftServerProtocolServiceGrpc.java:265)
	at org.apache.ratis.grpc.server.GrpcServerProtocolClient.requestVote(GrpcServerProtocolClient.java:90)
	at org.apache.ratis.grpc.server.GrpcService.requestVote(GrpcService.java:204)
	at org.apache.ratis.server.impl.LeaderElection.lambda$submitRequests$1(LeaderElection.java:238)
	at java.util.concurrent.FutureTask.run(FutureTask.java:266)
	at java.util.concurrent.Executors$RunnableAdapter.call(Executors.java:511)
	at java.util.concurrent.FutureTask.run(FutureTask.java:266)
	at java.util.concurrent.ThreadPoolExecutor.runWorker(ThreadPoolExecutor.java:1149)
	at java.util.concurrent.ThreadPoolExecutor$Worker.run(ThreadPoolExecutor.java:624)
	... 1 more
Caused by: org.apache.ratis.thirdparty.io.netty.channel.AbstractChannel$AnnotatedConnectException: Connection refused: /192.168.5.130:38034
	at sun.nio.ch.SocketChannelImpl.checkConnect(Native Method)
	at sun.nio.ch.SocketChannelImpl.finishConnect(SocketChannelImpl.java:717)
	at org.apache.ratis.thirdparty.io.netty.channel.socket.nio.NioSocketChannel.doFinishConnect(NioSocketChannel.java:327)
	at org.apache.ratis.thirdparty.io.netty.channel.nio.AbstractNioChannel$AbstractNioUnsafe.finishConnect(AbstractNioChannel.java:340)
	at org.apache.ratis.thirdparty.io.netty.channel.nio.NioEventLoop.processSelectedKey(NioEventLoop.java:632)
	at org.apache.ratis.thirdparty.io.netty.channel.nio.NioEventLoop.processSelectedKeysOptimized(NioEventLoop.java:579)
	at org.apache.ratis.thirdparty.io.netty.channel.nio.NioEventLoop.processSelectedKeys(NioEventLoop.java:496)
	at org.apache.ratis.thirdparty.io.netty.channel.nio.NioEventLoop.run(NioEventLoop.java:458)
	at org.apache.ratis.thirdparty.io.netty.util.concurrent.SingleThreadEventExecutor$5.run(SingleThreadEventExecutor.java:897)
	at org.apache.ratis.thirdparty.io.netty.util.concurrent.FastThreadLocalRunnable.run(FastThreadLocalRunnable.java:30)
	... 1 more
Caused by: java.net.ConnectException: Connection refused
	... 11 more
2019-09-17 12:23:38,469 [ef58021b-0245-4b2a-b464-78c332d31a33@group-97FAE486DEE6:LeaderElection35] INFO  impl.LeaderElection (LogUtils.java:infoOrTrace(149)) - ef58021b-0245-4b2a-b464-78c332d31a33@group-97FAE486DEE6:LeaderElection35 got exception when requesting votes: {}
java.util.concurrent.ExecutionException: org.apache.ratis.thirdparty.io.grpc.StatusRuntimeException: UNAVAILABLE: io exception
	at java.util.concurrent.FutureTask.report(FutureTask.java:122)
	at java.util.concurrent.FutureTask.get(FutureTask.java:192)
	at org.apache.ratis.server.impl.LeaderElection.waitForResults(LeaderElection.java:263)
	at org.apache.ratis.server.impl.LeaderElection.askForVotes(LeaderElection.java:201)
	at org.apache.ratis.server.impl.LeaderElection.run(LeaderElection.java:133)
	at java.lang.Thread.run(Thread.java:748)
Caused by: org.apache.ratis.thirdparty.io.grpc.StatusRuntimeException: UNAVAILABLE: io exception
	at org.apache.ratis.thirdparty.io.grpc.stub.ClientCalls.toStatusRuntimeException(ClientCalls.java:233)
	at org.apache.ratis.thirdparty.io.grpc.stub.ClientCalls.getUnchecked(ClientCalls.java:214)
	at org.apache.ratis.thirdparty.io.grpc.stub.ClientCalls.blockingUnaryCall(ClientCalls.java:139)
	at org.apache.ratis.proto.grpc.RaftServerProtocolServiceGrpc$RaftServerProtocolServiceBlockingStub.requestVote(RaftServerProtocolServiceGrpc.java:265)
	at org.apache.ratis.grpc.server.GrpcServerProtocolClient.requestVote(GrpcServerProtocolClient.java:90)
	at org.apache.ratis.grpc.server.GrpcService.requestVote(GrpcService.java:204)
	at org.apache.ratis.server.impl.LeaderElection.lambda$submitRequests$1(LeaderElection.java:238)
	at java.util.concurrent.FutureTask.run(FutureTask.java:266)
	at java.util.concurrent.Executors$RunnableAdapter.call(Executors.java:511)
	at java.util.concurrent.FutureTask.run(FutureTask.java:266)
	at java.util.concurrent.ThreadPoolExecutor.runWorker(ThreadPoolExecutor.java:1149)
	at java.util.concurrent.ThreadPoolExecutor$Worker.run(ThreadPoolExecutor.java:624)
	... 1 more
Caused by: org.apache.ratis.thirdparty.io.netty.channel.AbstractChannel$AnnotatedConnectException: Connection refused: /192.168.5.130:42251
	at sun.nio.ch.SocketChannelImpl.checkConnect(Native Method)
	at sun.nio.ch.SocketChannelImpl.finishConnect(SocketChannelImpl.java:717)
	at org.apache.ratis.thirdparty.io.netty.channel.socket.nio.NioSocketChannel.doFinishConnect(NioSocketChannel.java:327)
	at org.apache.ratis.thirdparty.io.netty.channel.nio.AbstractNioChannel$AbstractNioUnsafe.finishConnect(AbstractNioChannel.java:340)
	at org.apache.ratis.thirdparty.io.netty.channel.nio.NioEventLoop.processSelectedKey(NioEventLoop.java:632)
	at org.apache.ratis.thirdparty.io.netty.channel.nio.NioEventLoop.processSelectedKeysOptimized(NioEventLoop.java:579)
	at org.apache.ratis.thirdparty.io.netty.channel.nio.NioEventLoop.processSelectedKeys(NioEventLoop.java:496)
	at org.apache.ratis.thirdparty.io.netty.channel.nio.NioEventLoop.run(NioEventLoop.java:458)
	at org.apache.ratis.thirdparty.io.netty.util.concurrent.SingleThreadEventExecutor$5.run(SingleThreadEventExecutor.java:897)
	at org.apache.ratis.thirdparty.io.netty.util.concurrent.FastThreadLocalRunnable.run(FastThreadLocalRunnable.java:30)
	... 1 more
Caused by: java.net.ConnectException: Connection refused
	... 11 more
2019-09-17 12:23:38,471 [ef58021b-0245-4b2a-b464-78c332d31a33@group-97FAE486DEE6:LeaderElection35] INFO  impl.LeaderElection (LeaderElection.java:logAndReturn(56)) - ef58021b-0245-4b2a-b464-78c332d31a33@group-97FAE486DEE6:LeaderElection35: Election REJECTED; received 0 response(s) [] and 2 exception(s); ef58021b-0245-4b2a-b464-78c332d31a33@group-97FAE486DEE6:t13, leader=null, voted=ef58021b-0245-4b2a-b464-78c332d31a33, raftlog=ef58021b-0245-4b2a-b464-78c332d31a33@group-97FAE486DEE6-SegmentedRaftLog:OPENED:c27,f27,i27, conf=0: [ed86af58-6365-40b3-a78c-ef8881f9dd1e:192.168.5.130:38034, 0cdf7b9a-92f5-4bda-bda9-a502d9c924f1:192.168.5.130:42251, ef58021b-0245-4b2a-b464-78c332d31a33:192.168.5.130:45449], old=null
2019-09-17 12:23:38,471 [ef58021b-0245-4b2a-b464-78c332d31a33@group-97FAE486DEE6:LeaderElection35] INFO  impl.LeaderElection (LogUtils.java:infoOrTrace(149)) -   Exception 0: {}
java.util.concurrent.ExecutionException: org.apache.ratis.thirdparty.io.grpc.StatusRuntimeException: UNAVAILABLE: io exception
	at java.util.concurrent.FutureTask.report(FutureTask.java:122)
	at java.util.concurrent.FutureTask.get(FutureTask.java:192)
	at org.apache.ratis.server.impl.LeaderElection.waitForResults(LeaderElection.java:263)
	at org.apache.ratis.server.impl.LeaderElection.askForVotes(LeaderElection.java:201)
	at org.apache.ratis.server.impl.LeaderElection.run(LeaderElection.java:133)
	at java.lang.Thread.run(Thread.java:748)
Caused by: org.apache.ratis.thirdparty.io.grpc.StatusRuntimeException: UNAVAILABLE: io exception
	at org.apache.ratis.thirdparty.io.grpc.stub.ClientCalls.toStatusRuntimeException(ClientCalls.java:233)
	at org.apache.ratis.thirdparty.io.grpc.stub.ClientCalls.getUnchecked(ClientCalls.java:214)
	at org.apache.ratis.thirdparty.io.grpc.stub.ClientCalls.blockingUnaryCall(ClientCalls.java:139)
	at org.apache.ratis.proto.grpc.RaftServerProtocolServiceGrpc$RaftServerProtocolServiceBlockingStub.requestVote(RaftServerProtocolServiceGrpc.java:265)
	at org.apache.ratis.grpc.server.GrpcServerProtocolClient.requestVote(GrpcServerProtocolClient.java:90)
	at org.apache.ratis.grpc.server.GrpcService.requestVote(GrpcService.java:204)
	at org.apache.ratis.server.impl.LeaderElection.lambda$submitRequests$1(LeaderElection.java:238)
	at java.util.concurrent.FutureTask.run(FutureTask.java:266)
	at java.util.concurrent.Executors$RunnableAdapter.call(Executors.java:511)
	at java.util.concurrent.FutureTask.run(FutureTask.java:266)
	at java.util.concurrent.ThreadPoolExecutor.runWorker(ThreadPoolExecutor.java:1149)
	at java.util.concurrent.ThreadPoolExecutor$Worker.run(ThreadPoolExecutor.java:624)
	... 1 more
Caused by: org.apache.ratis.thirdparty.io.netty.channel.AbstractChannel$AnnotatedConnectException: Connection refused: /192.168.5.130:38034
	at sun.nio.ch.SocketChannelImpl.checkConnect(Native Method)
	at sun.nio.ch.SocketChannelImpl.finishConnect(SocketChannelImpl.java:717)
	at org.apache.ratis.thirdparty.io.netty.channel.socket.nio.NioSocketChannel.doFinishConnect(NioSocketChannel.java:327)
	at org.apache.ratis.thirdparty.io.netty.channel.nio.AbstractNioChannel$AbstractNioUnsafe.finishConnect(AbstractNioChannel.java:340)
	at org.apache.ratis.thirdparty.io.netty.channel.nio.NioEventLoop.processSelectedKey(NioEventLoop.java:632)
	at org.apache.ratis.thirdparty.io.netty.channel.nio.NioEventLoop.processSelectedKeysOptimized(NioEventLoop.java:579)
	at org.apache.ratis.thirdparty.io.netty.channel.nio.NioEventLoop.processSelectedKeys(NioEventLoop.java:496)
	at org.apache.ratis.thirdparty.io.netty.channel.nio.NioEventLoop.run(NioEventLoop.java:458)
	at org.apache.ratis.thirdparty.io.netty.util.concurrent.SingleThreadEventExecutor$5.run(SingleThreadEventExecutor.java:897)
	at org.apache.ratis.thirdparty.io.netty.util.concurrent.FastThreadLocalRunnable.run(FastThreadLocalRunnable.java:30)
	... 1 more
Caused by: java.net.ConnectException: Connection refused
	... 11 more
2019-09-17 12:23:38,472 [ef58021b-0245-4b2a-b464-78c332d31a33@group-97FAE486DEE6:LeaderElection35] INFO  impl.LeaderElection (LogUtils.java:infoOrTrace(149)) -   Exception 1: {}
java.util.concurrent.ExecutionException: org.apache.ratis.thirdparty.io.grpc.StatusRuntimeException: UNAVAILABLE: io exception
	at java.util.concurrent.FutureTask.report(FutureTask.java:122)
	at java.util.concurrent.FutureTask.get(FutureTask.java:192)
	at org.apache.ratis.server.impl.LeaderElection.waitForResults(LeaderElection.java:263)
	at org.apache.ratis.server.impl.LeaderElection.askForVotes(LeaderElection.java:201)
	at org.apache.ratis.server.impl.LeaderElection.run(LeaderElection.java:133)
	at java.lang.Thread.run(Thread.java:748)
Caused by: org.apache.ratis.thirdparty.io.grpc.StatusRuntimeException: UNAVAILABLE: io exception
	at org.apache.ratis.thirdparty.io.grpc.stub.ClientCalls.toStatusRuntimeException(ClientCalls.java:233)
	at org.apache.ratis.thirdparty.io.grpc.stub.ClientCalls.getUnchecked(ClientCalls.java:214)
	at org.apache.ratis.thirdparty.io.grpc.stub.ClientCalls.blockingUnaryCall(ClientCalls.java:139)
	at org.apache.ratis.proto.grpc.RaftServerProtocolServiceGrpc$RaftServerProtocolServiceBlockingStub.requestVote(RaftServerProtocolServiceGrpc.java:265)
	at org.apache.ratis.grpc.server.GrpcServerProtocolClient.requestVote(GrpcServerProtocolClient.java:90)
	at org.apache.ratis.grpc.server.GrpcService.requestVote(GrpcService.java:204)
	at org.apache.ratis.server.impl.LeaderElection.lambda$submitRequests$1(LeaderElection.java:238)
	at java.util.concurrent.FutureTask.run(FutureTask.java:266)
	at java.util.concurrent.Executors$RunnableAdapter.call(Executors.java:511)
	at java.util.concurrent.FutureTask.run(FutureTask.java:266)
	at java.util.concurrent.ThreadPoolExecutor.runWorker(ThreadPoolExecutor.java:1149)
	at java.util.concurrent.ThreadPoolExecutor$Worker.run(ThreadPoolExecutor.java:624)
	... 1 more
Caused by: org.apache.ratis.thirdparty.io.netty.channel.AbstractChannel$AnnotatedConnectException: Connection refused: /192.168.5.130:42251
	at sun.nio.ch.SocketChannelImpl.checkConnect(Native Method)
	at sun.nio.ch.SocketChannelImpl.finishConnect(SocketChannelImpl.java:717)
	at org.apache.ratis.thirdparty.io.netty.channel.socket.nio.NioSocketChannel.doFinishConnect(NioSocketChannel.java:327)
	at org.apache.ratis.thirdparty.io.netty.channel.nio.AbstractNioChannel$AbstractNioUnsafe.finishConnect(AbstractNioChannel.java:340)
	at org.apache.ratis.thirdparty.io.netty.channel.nio.NioEventLoop.processSelectedKey(NioEventLoop.java:632)
	at org.apache.ratis.thirdparty.io.netty.channel.nio.NioEventLoop.processSelectedKeysOptimized(NioEventLoop.java:579)
	at org.apache.ratis.thirdparty.io.netty.channel.nio.NioEventLoop.processSelectedKeys(NioEventLoop.java:496)
	at org.apache.ratis.thirdparty.io.netty.channel.nio.NioEventLoop.run(NioEventLoop.java:458)
	at org.apache.ratis.thirdparty.io.netty.util.concurrent.SingleThreadEventExecutor$5.run(SingleThreadEventExecutor.java:897)
	at org.apache.ratis.thirdparty.io.netty.util.concurrent.FastThreadLocalRunnable.run(FastThreadLocalRunnable.java:30)
	... 1 more
Caused by: java.net.ConnectException: Connection refused
	... 11 more
2019-09-17 12:23:38,472 [ef58021b-0245-4b2a-b464-78c332d31a33@group-97FAE486DEE6:LeaderElection35] INFO  impl.RaftServerImpl (RaftServerImpl.java:setRole(174)) - ef58021b-0245-4b2a-b464-78c332d31a33@group-97FAE486DEE6: changes role from CANDIDATE to FOLLOWER at term 13 for DISCOVERED_A_NEW_TERM
2019-09-17 12:23:38,472 [ef58021b-0245-4b2a-b464-78c332d31a33@group-97FAE486DEE6:LeaderElection35] INFO  impl.RoleInfo (RoleInfo.java:shutdownLeaderElection(134)) - ef58021b-0245-4b2a-b464-78c332d31a33: shutdown LeaderElection
2019-09-17 12:23:38,472 [ef58021b-0245-4b2a-b464-78c332d31a33@group-97FAE486DEE6:LeaderElection35] INFO  impl.RoleInfo (RoleInfo.java:updateAndGet(143)) - ef58021b-0245-4b2a-b464-78c332d31a33: start FollowerState
2019-09-17 12:23:38,905 [java.util.concurrent.ThreadPoolExecutor$Worker@17044d63[State = -1, empty queue]] WARN  server.GrpcLogAppender (GrpcLogAppender.java:timeoutAppendRequest(200)) - 7689548e-5f49-4f36-9667-e46ba21e9ae3@group-C0075F260562->a5f9b548-b989-4807-80f4-ff576b54977d-GrpcLogAppender: appendEntries Timeout, request=7689548e-5f49-4f36-9667-e46ba21e9ae3->a5f9b548-b989-4807-80f4-ff576b54977d#114-t2, previous=(t:2, i:20), leaderCommit=16, initializing? false, entries: <empty>
2019-09-17 12:23:39,405 [java.util.concurrent.ThreadPoolExecutor$Worker@17044d63[State = -1, empty queue]] WARN  server.GrpcLogAppender (GrpcLogAppender.java:timeoutAppendRequest(200)) - 7689548e-5f49-4f36-9667-e46ba21e9ae3@group-C0075F260562->a5f9b548-b989-4807-80f4-ff576b54977d-GrpcLogAppender: appendEntries Timeout, request=7689548e-5f49-4f36-9667-e46ba21e9ae3->a5f9b548-b989-4807-80f4-ff576b54977d#115-t2, previous=(t:2, i:20), leaderCommit=16, initializing? false, entries: <empty>
2019-09-17 12:23:39,563 [Thread-1280] INFO  impl.FollowerState (FollowerState.java:run(106)) - ef58021b-0245-4b2a-b464-78c332d31a33:group-97FAE486DEE6 changes to CANDIDATE, lastRpcTime:1090, electionTimeout:1090ms
2019-09-17 12:23:39,563 [Thread-1280] INFO  impl.RoleInfo (RoleInfo.java:shutdownFollowerState(121)) - ef58021b-0245-4b2a-b464-78c332d31a33: shutdown FollowerState
2019-09-17 12:23:39,563 [Thread-1280] INFO  impl.RaftServerImpl (RaftServerImpl.java:setRole(174)) - ef58021b-0245-4b2a-b464-78c332d31a33@group-97FAE486DEE6: changes role from  FOLLOWER to CANDIDATE at term 13 for changeToCandidate
2019-09-17 12:23:39,564 [Thread-1280] INFO  impl.RoleInfo (RoleInfo.java:updateAndGet(143)) - ef58021b-0245-4b2a-b464-78c332d31a33: start LeaderElection
2019-09-17 12:23:39,610 [ef58021b-0245-4b2a-b464-78c332d31a33@group-97FAE486DEE6:LeaderElection36] INFO  impl.LeaderElection (LeaderElection.java:askForVotes(182)) - ef58021b-0245-4b2a-b464-78c332d31a33@group-97FAE486DEE6:LeaderElection36: begin an election at term 14 for 0: [ed86af58-6365-40b3-a78c-ef8881f9dd1e:192.168.5.130:38034, 0cdf7b9a-92f5-4bda-bda9-a502d9c924f1:192.168.5.130:42251, ef58021b-0245-4b2a-b464-78c332d31a33:192.168.5.130:45449], old=null
2019-09-17 12:23:39,611 [ef58021b-0245-4b2a-b464-78c332d31a33@group-97FAE486DEE6:LeaderElection36] INFO  impl.LeaderElection (LogUtils.java:infoOrTrace(149)) - ef58021b-0245-4b2a-b464-78c332d31a33@group-97FAE486DEE6:LeaderElection36 got exception when requesting votes: {}
java.util.concurrent.ExecutionException: org.apache.ratis.thirdparty.io.grpc.StatusRuntimeException: UNAVAILABLE: io exception
	at java.util.concurrent.FutureTask.report(FutureTask.java:122)
	at java.util.concurrent.FutureTask.get(FutureTask.java:192)
	at org.apache.ratis.server.impl.LeaderElection.waitForResults(LeaderElection.java:263)
	at org.apache.ratis.server.impl.LeaderElection.askForVotes(LeaderElection.java:201)
	at org.apache.ratis.server.impl.LeaderElection.run(LeaderElection.java:133)
	at java.lang.Thread.run(Thread.java:748)
Caused by: org.apache.ratis.thirdparty.io.grpc.StatusRuntimeException: UNAVAILABLE: io exception
	at org.apache.ratis.thirdparty.io.grpc.stub.ClientCalls.toStatusRuntimeException(ClientCalls.java:233)
	at org.apache.ratis.thirdparty.io.grpc.stub.ClientCalls.getUnchecked(ClientCalls.java:214)
	at org.apache.ratis.thirdparty.io.grpc.stub.ClientCalls.blockingUnaryCall(ClientCalls.java:139)
	at org.apache.ratis.proto.grpc.RaftServerProtocolServiceGrpc$RaftServerProtocolServiceBlockingStub.requestVote(RaftServerProtocolServiceGrpc.java:265)
	at org.apache.ratis.grpc.server.GrpcServerProtocolClient.requestVote(GrpcServerProtocolClient.java:90)
	at org.apache.ratis.grpc.server.GrpcService.requestVote(GrpcService.java:204)
	at org.apache.ratis.server.impl.LeaderElection.lambda$submitRequests$1(LeaderElection.java:238)
	at java.util.concurrent.FutureTask.run(FutureTask.java:266)
	at java.util.concurrent.Executors$RunnableAdapter.call(Executors.java:511)
	at java.util.concurrent.FutureTask.run(FutureTask.java:266)
	at java.util.concurrent.ThreadPoolExecutor.runWorker(ThreadPoolExecutor.java:1149)
	at java.util.concurrent.ThreadPoolExecutor$Worker.run(ThreadPoolExecutor.java:624)
	... 1 more
Caused by: org.apache.ratis.thirdparty.io.netty.channel.AbstractChannel$AnnotatedConnectException: Connection refused: /192.168.5.130:38034
	at sun.nio.ch.SocketChannelImpl.checkConnect(Native Method)
	at sun.nio.ch.SocketChannelImpl.finishConnect(SocketChannelImpl.java:717)
	at org.apache.ratis.thirdparty.io.netty.channel.socket.nio.NioSocketChannel.doFinishConnect(NioSocketChannel.java:327)
	at org.apache.ratis.thirdparty.io.netty.channel.nio.AbstractNioChannel$AbstractNioUnsafe.finishConnect(AbstractNioChannel.java:340)
	at org.apache.ratis.thirdparty.io.netty.channel.nio.NioEventLoop.processSelectedKey(NioEventLoop.java:632)
	at org.apache.ratis.thirdparty.io.netty.channel.nio.NioEventLoop.processSelectedKeysOptimized(NioEventLoop.java:579)
	at org.apache.ratis.thirdparty.io.netty.channel.nio.NioEventLoop.processSelectedKeys(NioEventLoop.java:496)
	at org.apache.ratis.thirdparty.io.netty.channel.nio.NioEventLoop.run(NioEventLoop.java:458)
	at org.apache.ratis.thirdparty.io.netty.util.concurrent.SingleThreadEventExecutor$5.run(SingleThreadEventExecutor.java:897)
	at org.apache.ratis.thirdparty.io.netty.util.concurrent.FastThreadLocalRunnable.run(FastThreadLocalRunnable.java:30)
	... 1 more
Caused by: java.net.ConnectException: Connection refused
	... 11 more
2019-09-17 12:23:39,615 [ef58021b-0245-4b2a-b464-78c332d31a33@group-97FAE486DEE6:LeaderElection36] INFO  impl.LeaderElection (LogUtils.java:infoOrTrace(149)) - ef58021b-0245-4b2a-b464-78c332d31a33@group-97FAE486DEE6:LeaderElection36 got exception when requesting votes: {}
java.util.concurrent.ExecutionException: org.apache.ratis.thirdparty.io.grpc.StatusRuntimeException: UNAVAILABLE: io exception
	at java.util.concurrent.FutureTask.report(FutureTask.java:122)
	at java.util.concurrent.FutureTask.get(FutureTask.java:192)
	at org.apache.ratis.server.impl.LeaderElection.waitForResults(LeaderElection.java:263)
	at org.apache.ratis.server.impl.LeaderElection.askForVotes(LeaderElection.java:201)
	at org.apache.ratis.server.impl.LeaderElection.run(LeaderElection.java:133)
	at java.lang.Thread.run(Thread.java:748)
Caused by: org.apache.ratis.thirdparty.io.grpc.StatusRuntimeException: UNAVAILABLE: io exception
	at org.apache.ratis.thirdparty.io.grpc.stub.ClientCalls.toStatusRuntimeException(ClientCalls.java:233)
	at org.apache.ratis.thirdparty.io.grpc.stub.ClientCalls.getUnchecked(ClientCalls.java:214)
	at org.apache.ratis.thirdparty.io.grpc.stub.ClientCalls.blockingUnaryCall(ClientCalls.java:139)
	at org.apache.ratis.proto.grpc.RaftServerProtocolServiceGrpc$RaftServerProtocolServiceBlockingStub.requestVote(RaftServerProtocolServiceGrpc.java:265)
	at org.apache.ratis.grpc.server.GrpcServerProtocolClient.requestVote(GrpcServerProtocolClient.java:90)
	at org.apache.ratis.grpc.server.GrpcService.requestVote(GrpcService.java:204)
	at org.apache.ratis.server.impl.LeaderElection.lambda$submitRequests$1(LeaderElection.java:238)
	at java.util.concurrent.FutureTask.run(FutureTask.java:266)
	at java.util.concurrent.Executors$RunnableAdapter.call(Executors.java:511)
	at java.util.concurrent.FutureTask.run(FutureTask.java:266)
	at java.util.concurrent.ThreadPoolExecutor.runWorker(ThreadPoolExecutor.java:1149)
	at java.util.concurrent.ThreadPoolExecutor$Worker.run(ThreadPoolExecutor.java:624)
	... 1 more
Caused by: org.apache.ratis.thirdparty.io.netty.channel.AbstractChannel$AnnotatedConnectException: Connection refused: /192.168.5.130:42251
	at sun.nio.ch.SocketChannelImpl.checkConnect(Native Method)
	at sun.nio.ch.SocketChannelImpl.finishConnect(SocketChannelImpl.java:717)
	at org.apache.ratis.thirdparty.io.netty.channel.socket.nio.NioSocketChannel.doFinishConnect(NioSocketChannel.java:327)
	at org.apache.ratis.thirdparty.io.netty.channel.nio.AbstractNioChannel$AbstractNioUnsafe.finishConnect(AbstractNioChannel.java:340)
	at org.apache.ratis.thirdparty.io.netty.channel.nio.NioEventLoop.processSelectedKey(NioEventLoop.java:632)
	at org.apache.ratis.thirdparty.io.netty.channel.nio.NioEventLoop.processSelectedKeysOptimized(NioEventLoop.java:579)
	at org.apache.ratis.thirdparty.io.netty.channel.nio.NioEventLoop.processSelectedKeys(NioEventLoop.java:496)
	at org.apache.ratis.thirdparty.io.netty.channel.nio.NioEventLoop.run(NioEventLoop.java:458)
	at org.apache.ratis.thirdparty.io.netty.util.concurrent.SingleThreadEventExecutor$5.run(SingleThreadEventExecutor.java:897)
	at org.apache.ratis.thirdparty.io.netty.util.concurrent.FastThreadLocalRunnable.run(FastThreadLocalRunnable.java:30)
	... 1 more
Caused by: java.net.ConnectException: Connection refused
	... 11 more
2019-09-17 12:23:39,617 [ef58021b-0245-4b2a-b464-78c332d31a33@group-97FAE486DEE6:LeaderElection36] INFO  impl.LeaderElection (LeaderElection.java:logAndReturn(56)) - ef58021b-0245-4b2a-b464-78c332d31a33@group-97FAE486DEE6:LeaderElection36: Election REJECTED; received 0 response(s) [] and 2 exception(s); ef58021b-0245-4b2a-b464-78c332d31a33@group-97FAE486DEE6:t14, leader=null, voted=ef58021b-0245-4b2a-b464-78c332d31a33, raftlog=ef58021b-0245-4b2a-b464-78c332d31a33@group-97FAE486DEE6-SegmentedRaftLog:OPENED:c27,f27,i27, conf=0: [ed86af58-6365-40b3-a78c-ef8881f9dd1e:192.168.5.130:38034, 0cdf7b9a-92f5-4bda-bda9-a502d9c924f1:192.168.5.130:42251, ef58021b-0245-4b2a-b464-78c332d31a33:192.168.5.130:45449], old=null
2019-09-17 12:23:39,618 [ef58021b-0245-4b2a-b464-78c332d31a33@group-97FAE486DEE6:LeaderElection36] INFO  impl.LeaderElection (LogUtils.java:infoOrTrace(149)) -   Exception 0: {}
java.util.concurrent.ExecutionException: org.apache.ratis.thirdparty.io.grpc.StatusRuntimeException: UNAVAILABLE: io exception
	at java.util.concurrent.FutureTask.report(FutureTask.java:122)
	at java.util.concurrent.FutureTask.get(FutureTask.java:192)
	at org.apache.ratis.server.impl.LeaderElection.waitForResults(LeaderElection.java:263)
	at org.apache.ratis.server.impl.LeaderElection.askForVotes(LeaderElection.java:201)
	at org.apache.ratis.server.impl.LeaderElection.run(LeaderElection.java:133)
	at java.lang.Thread.run(Thread.java:748)
Caused by: org.apache.ratis.thirdparty.io.grpc.StatusRuntimeException: UNAVAILABLE: io exception
	at org.apache.ratis.thirdparty.io.grpc.stub.ClientCalls.toStatusRuntimeException(ClientCalls.java:233)
	at org.apache.ratis.thirdparty.io.grpc.stub.ClientCalls.getUnchecked(ClientCalls.java:214)
	at org.apache.ratis.thirdparty.io.grpc.stub.ClientCalls.blockingUnaryCall(ClientCalls.java:139)
	at org.apache.ratis.proto.grpc.RaftServerProtocolServiceGrpc$RaftServerProtocolServiceBlockingStub.requestVote(RaftServerProtocolServiceGrpc.java:265)
	at org.apache.ratis.grpc.server.GrpcServerProtocolClient.requestVote(GrpcServerProtocolClient.java:90)
	at org.apache.ratis.grpc.server.GrpcService.requestVote(GrpcService.java:204)
	at org.apache.ratis.server.impl.LeaderElection.lambda$submitRequests$1(LeaderElection.java:238)
	at java.util.concurrent.FutureTask.run(FutureTask.java:266)
	at java.util.concurrent.Executors$RunnableAdapter.call(Executors.java:511)
	at java.util.concurrent.FutureTask.run(FutureTask.java:266)
	at java.util.concurrent.ThreadPoolExecutor.runWorker(ThreadPoolExecutor.java:1149)
	at java.util.concurrent.ThreadPoolExecutor$Worker.run(ThreadPoolExecutor.java:624)
	... 1 more
Caused by: org.apache.ratis.thirdparty.io.netty.channel.AbstractChannel$AnnotatedConnectException: Connection refused: /192.168.5.130:38034
	at sun.nio.ch.SocketChannelImpl.checkConnect(Native Method)
	at sun.nio.ch.SocketChannelImpl.finishConnect(SocketChannelImpl.java:717)
	at org.apache.ratis.thirdparty.io.netty.channel.socket.nio.NioSocketChannel.doFinishConnect(NioSocketChannel.java:327)
	at org.apache.ratis.thirdparty.io.netty.channel.nio.AbstractNioChannel$AbstractNioUnsafe.finishConnect(AbstractNioChannel.java:340)
	at org.apache.ratis.thirdparty.io.netty.channel.nio.NioEventLoop.processSelectedKey(NioEventLoop.java:632)
	at org.apache.ratis.thirdparty.io.netty.channel.nio.NioEventLoop.processSelectedKeysOptimized(NioEventLoop.java:579)
	at org.apache.ratis.thirdparty.io.netty.channel.nio.NioEventLoop.processSelectedKeys(NioEventLoop.java:496)
	at org.apache.ratis.thirdparty.io.netty.channel.nio.NioEventLoop.run(NioEventLoop.java:458)
	at org.apache.ratis.thirdparty.io.netty.util.concurrent.SingleThreadEventExecutor$5.run(SingleThreadEventExecutor.java:897)
	at org.apache.ratis.thirdparty.io.netty.util.concurrent.FastThreadLocalRunnable.run(FastThreadLocalRunnable.java:30)
	... 1 more
Caused by: java.net.ConnectException: Connection refused
	... 11 more
2019-09-17 12:23:39,618 [ef58021b-0245-4b2a-b464-78c332d31a33@group-97FAE486DEE6:LeaderElection36] INFO  impl.LeaderElection (LogUtils.java:infoOrTrace(149)) -   Exception 1: {}
java.util.concurrent.ExecutionException: org.apache.ratis.thirdparty.io.grpc.StatusRuntimeException: UNAVAILABLE: io exception
	at java.util.concurrent.FutureTask.report(FutureTask.java:122)
	at java.util.concurrent.FutureTask.get(FutureTask.java:192)
	at org.apache.ratis.server.impl.LeaderElection.waitForResults(LeaderElection.java:263)
	at org.apache.ratis.server.impl.LeaderElection.askForVotes(LeaderElection.java:201)
	at org.apache.ratis.server.impl.LeaderElection.run(LeaderElection.java:133)
	at java.lang.Thread.run(Thread.java:748)
Caused by: org.apache.ratis.thirdparty.io.grpc.StatusRuntimeException: UNAVAILABLE: io exception
	at org.apache.ratis.thirdparty.io.grpc.stub.ClientCalls.toStatusRuntimeException(ClientCalls.java:233)
	at org.apache.ratis.thirdparty.io.grpc.stub.ClientCalls.getUnchecked(ClientCalls.java:214)
	at org.apache.ratis.thirdparty.io.grpc.stub.ClientCalls.blockingUnaryCall(ClientCalls.java:139)
	at org.apache.ratis.proto.grpc.RaftServerProtocolServiceGrpc$RaftServerProtocolServiceBlockingStub.requestVote(RaftServerProtocolServiceGrpc.java:265)
	at org.apache.ratis.grpc.server.GrpcServerProtocolClient.requestVote(GrpcServerProtocolClient.java:90)
	at org.apache.ratis.grpc.server.GrpcService.requestVote(GrpcService.java:204)
	at org.apache.ratis.server.impl.LeaderElection.lambda$submitRequests$1(LeaderElection.java:238)
	at java.util.concurrent.FutureTask.run(FutureTask.java:266)
	at java.util.concurrent.Executors$RunnableAdapter.call(Executors.java:511)
	at java.util.concurrent.FutureTask.run(FutureTask.java:266)
	at java.util.concurrent.ThreadPoolExecutor.runWorker(ThreadPoolExecutor.java:1149)
	at java.util.concurrent.ThreadPoolExecutor$Worker.run(ThreadPoolExecutor.java:624)
	... 1 more
Caused by: org.apache.ratis.thirdparty.io.netty.channel.AbstractChannel$AnnotatedConnectException: Connection refused: /192.168.5.130:42251
	at sun.nio.ch.SocketChannelImpl.checkConnect(Native Method)
	at sun.nio.ch.SocketChannelImpl.finishConnect(SocketChannelImpl.java:717)
	at org.apache.ratis.thirdparty.io.netty.channel.socket.nio.NioSocketChannel.doFinishConnect(NioSocketChannel.java:327)
	at org.apache.ratis.thirdparty.io.netty.channel.nio.AbstractNioChannel$AbstractNioUnsafe.finishConnect(AbstractNioChannel.java:340)
	at org.apache.ratis.thirdparty.io.netty.channel.nio.NioEventLoop.processSelectedKey(NioEventLoop.java:632)
	at org.apache.ratis.thirdparty.io.netty.channel.nio.NioEventLoop.processSelectedKeysOptimized(NioEventLoop.java:579)
	at org.apache.ratis.thirdparty.io.netty.channel.nio.NioEventLoop.processSelectedKeys(NioEventLoop.java:496)
	at org.apache.ratis.thirdparty.io.netty.channel.nio.NioEventLoop.run(NioEventLoop.java:458)
	at org.apache.ratis.thirdparty.io.netty.util.concurrent.SingleThreadEventExecutor$5.run(SingleThreadEventExecutor.java:897)
	at org.apache.ratis.thirdparty.io.netty.util.concurrent.FastThreadLocalRunnable.run(FastThreadLocalRunnable.java:30)
	... 1 more
Caused by: java.net.ConnectException: Connection refused
	... 11 more
2019-09-17 12:23:39,618 [ef58021b-0245-4b2a-b464-78c332d31a33@group-97FAE486DEE6:LeaderElection36] INFO  impl.RaftServerImpl (RaftServerImpl.java:setRole(174)) - ef58021b-0245-4b2a-b464-78c332d31a33@group-97FAE486DEE6: changes role from CANDIDATE to FOLLOWER at term 14 for DISCOVERED_A_NEW_TERM
2019-09-17 12:23:39,618 [ef58021b-0245-4b2a-b464-78c332d31a33@group-97FAE486DEE6:LeaderElection36] INFO  impl.RoleInfo (RoleInfo.java:shutdownLeaderElection(134)) - ef58021b-0245-4b2a-b464-78c332d31a33: shutdown LeaderElection
2019-09-17 12:23:39,619 [ef58021b-0245-4b2a-b464-78c332d31a33@group-97FAE486DEE6:LeaderElection36] INFO  impl.RoleInfo (RoleInfo.java:updateAndGet(143)) - ef58021b-0245-4b2a-b464-78c332d31a33: start FollowerState
2019-09-17 12:23:39,905 [java.util.concurrent.ThreadPoolExecutor$Worker@17044d63[State = -1, empty queue]] WARN  server.GrpcLogAppender (GrpcLogAppender.java:timeoutAppendRequest(200)) - 7689548e-5f49-4f36-9667-e46ba21e9ae3@group-C0075F260562->a5f9b548-b989-4807-80f4-ff576b54977d-GrpcLogAppender: appendEntries Timeout, request=7689548e-5f49-4f36-9667-e46ba21e9ae3->a5f9b548-b989-4807-80f4-ff576b54977d#116-t2, previous=(t:2, i:20), leaderCommit=16, initializing? false, entries: <empty>
2019-09-17 12:23:40,349 [a5f9b548-b989-4807-80f4-ff576b54977d@group-C0075F260562-SegmentedRaftLogWorker] WARN  segmented.SegmentedRaftLogWorker (SegmentedRaftLogWorker.java:getFromFuture(90)) - Timeout 4/~
org.apache.ratis.protocol.TimeoutIOException: Timeout 10s: WriteLog:17: (t:2, i:17), STATEMACHINELOGENTRY, client-0F6212053E58, cid=38-writeStateMachineData
	at org.apache.ratis.util.IOUtils.getFromFuture(IOUtils.java:87)
	at org.apache.ratis.server.raftlog.segmented.SegmentedRaftLogWorker$StateMachineDataPolicy.getFromFuture(SegmentedRaftLogWorker.java:87)
	at org.apache.ratis.server.raftlog.segmented.SegmentedRaftLogWorker$WriteLog.execute(SegmentedRaftLogWorker.java:477)
	at org.apache.ratis.server.raftlog.segmented.SegmentedRaftLogWorker.run(SegmentedRaftLogWorker.java:289)
	at java.lang.Thread.run(Thread.java:748)
Caused by: java.util.concurrent.TimeoutException
	at java.util.concurrent.CompletableFuture.timedGet(CompletableFuture.java:1771)
	at java.util.concurrent.CompletableFuture.get(CompletableFuture.java:1915)
	at org.apache.ratis.util.IOUtils.getFromFuture(IOUtils.java:79)
	... 4 more
2019-09-17 12:23:40,406 [java.util.concurrent.ThreadPoolExecutor$Worker@17044d63[State = -1, empty queue]] WARN  server.GrpcLogAppender (GrpcLogAppender.java:timeoutAppendRequest(200)) - 7689548e-5f49-4f36-9667-e46ba21e9ae3@group-C0075F260562->a5f9b548-b989-4807-80f4-ff576b54977d-GrpcLogAppender: appendEntries Timeout, request=7689548e-5f49-4f36-9667-e46ba21e9ae3->a5f9b548-b989-4807-80f4-ff576b54977d#117-t2, previous=(t:2, i:20), leaderCommit=16, initializing? false, entries: <empty>
2019-09-17 12:23:40,527 [7689548e-5f49-4f36-9667-e46ba21e9ae3@group-C0075F260562-SegmentedRaftLogWorker] WARN  segmented.SegmentedRaftLogWorker (SegmentedRaftLogWorker.java:getFromFuture(90)) - Timeout 4/~
org.apache.ratis.protocol.TimeoutIOException: Timeout 10s: WriteLog:19: (t:2, i:19), STATEMACHINELOGENTRY, client-0F6212053E58, cid=40-writeStateMachineData
	at org.apache.ratis.util.IOUtils.getFromFuture(IOUtils.java:87)
	at org.apache.ratis.server.raftlog.segmented.SegmentedRaftLogWorker$StateMachineDataPolicy.getFromFuture(SegmentedRaftLogWorker.java:87)
	at org.apache.ratis.server.raftlog.segmented.SegmentedRaftLogWorker$WriteLog.execute(SegmentedRaftLogWorker.java:477)
	at org.apache.ratis.server.raftlog.segmented.SegmentedRaftLogWorker.run(SegmentedRaftLogWorker.java:289)
	at java.lang.Thread.run(Thread.java:748)
Caused by: java.util.concurrent.TimeoutException
	at java.util.concurrent.CompletableFuture.timedGet(CompletableFuture.java:1771)
	at java.util.concurrent.CompletableFuture.get(CompletableFuture.java:1915)
	at org.apache.ratis.util.IOUtils.getFromFuture(IOUtils.java:79)
	... 4 more
2019-09-17 12:23:40,544 [java.util.concurrent.ThreadPoolExecutor$Worker@4758ecc9[State = -1, empty queue]] WARN  server.GrpcLogAppender (GrpcLogAppender.java:timeoutAppendRequest(200)) - 84b9980c-7545-47f2-8f8d-7bdb4cb4587c@group-5D4E048AB16A->ba884459-fbaf-490e-9b71-3c718ea82914-GrpcLogAppender: appendEntries Timeout, request=84b9980c-7545-47f2-8f8d-7bdb4cb4587c->ba884459-fbaf-490e-9b71-3c718ea82914#125-t2, previous=(t:2, i:29), leaderCommit=29, initializing? false, entries: size=1, first=(t:2, i:30), STATEMACHINELOGENTRY, client-9303C3D922F8, cid=72
2019-09-17 12:23:40,545 [java.util.concurrent.ThreadPoolExecutor$Worker@4758ecc9[State = -1, empty queue]] WARN  server.GrpcLogAppender (GrpcLogAppender.java:timeoutAppendRequest(200)) - 84b9980c-7545-47f2-8f8d-7bdb4cb4587c@group-5D4E048AB16A->ba884459-fbaf-490e-9b71-3c718ea82914-GrpcLogAppender: appendEntries Timeout, request=84b9980c-7545-47f2-8f8d-7bdb4cb4587c->ba884459-fbaf-490e-9b71-3c718ea82914#126-t2, previous=(t:2, i:30), leaderCommit=29, initializing? false, entries: size=1, first=(t:2, i:31), STATEMACHINELOGENTRY, client-9303C3D922F8, cid=73
2019-09-17 12:23:40,549 [java.util.concurrent.ThreadPoolExecutor$Worker@4758ecc9[State = -1, empty queue]] WARN  server.GrpcLogAppender (GrpcLogAppender.java:timeoutAppendRequest(200)) - 84b9980c-7545-47f2-8f8d-7bdb4cb4587c@group-5D4E048AB16A->ba884459-fbaf-490e-9b71-3c718ea82914-GrpcLogAppender: appendEntries Timeout, request=84b9980c-7545-47f2-8f8d-7bdb4cb4587c->ba884459-fbaf-490e-9b71-3c718ea82914#127-t2, previous=(t:2, i:31), leaderCommit=29, initializing? false, entries: size=1, first=(t:2, i:32), STATEMACHINELOGENTRY, client-9303C3D922F8, cid=74
2019-09-17 12:23:40,549 [java.util.concurrent.ThreadPoolExecutor$Worker@4758ecc9[State = -1, empty queue]] WARN  server.GrpcLogAppender (GrpcLogAppender.java:timeoutAppendRequest(200)) - 84b9980c-7545-47f2-8f8d-7bdb4cb4587c@group-5D4E048AB16A->ba884459-fbaf-490e-9b71-3c718ea82914-GrpcLogAppender: appendEntries Timeout, request=84b9980c-7545-47f2-8f8d-7bdb4cb4587c->ba884459-fbaf-490e-9b71-3c718ea82914#128-t2, previous=(t:2, i:32), leaderCommit=29, initializing? false, entries: size=1, first=(t:2, i:33), STATEMACHINELOGENTRY, client-9303C3D922F8, cid=75
2019-09-17 12:23:40,810 [Thread-1293] INFO  impl.FollowerState (FollowerState.java:run(106)) - ef58021b-0245-4b2a-b464-78c332d31a33:group-97FAE486DEE6 changes to CANDIDATE, lastRpcTime:1191, electionTimeout:1191ms
2019-09-17 12:23:40,818 [Thread-1293] INFO  impl.RoleInfo (RoleInfo.java:shutdownFollowerState(121)) - ef58021b-0245-4b2a-b464-78c332d31a33: shutdown FollowerState
2019-09-17 12:23:40,818 [Thread-1293] INFO  impl.RaftServerImpl (RaftServerImpl.java:setRole(174)) - ef58021b-0245-4b2a-b464-78c332d31a33@group-97FAE486DEE6: changes role from  FOLLOWER to CANDIDATE at term 14 for changeToCandidate
2019-09-17 12:23:40,818 [Thread-1293] INFO  impl.RoleInfo (RoleInfo.java:updateAndGet(143)) - ef58021b-0245-4b2a-b464-78c332d31a33: start LeaderElection
2019-09-17 12:23:40,847 [ef58021b-0245-4b2a-b464-78c332d31a33@group-97FAE486DEE6:LeaderElection37] INFO  impl.LeaderElection (LeaderElection.java:askForVotes(182)) - ef58021b-0245-4b2a-b464-78c332d31a33@group-97FAE486DEE6:LeaderElection37: begin an election at term 15 for 0: [ed86af58-6365-40b3-a78c-ef8881f9dd1e:192.168.5.130:38034, 0cdf7b9a-92f5-4bda-bda9-a502d9c924f1:192.168.5.130:42251, ef58021b-0245-4b2a-b464-78c332d31a33:192.168.5.130:45449], old=null
2019-09-17 12:23:40,852 [ef58021b-0245-4b2a-b464-78c332d31a33@group-97FAE486DEE6:LeaderElection37] INFO  impl.LeaderElection (LogUtils.java:infoOrTrace(149)) - ef58021b-0245-4b2a-b464-78c332d31a33@group-97FAE486DEE6:LeaderElection37 got exception when requesting votes: {}
java.util.concurrent.ExecutionException: org.apache.ratis.thirdparty.io.grpc.StatusRuntimeException: UNAVAILABLE: io exception
	at java.util.concurrent.FutureTask.report(FutureTask.java:122)
	at java.util.concurrent.FutureTask.get(FutureTask.java:192)
	at org.apache.ratis.server.impl.LeaderElection.waitForResults(LeaderElection.java:263)
	at org.apache.ratis.server.impl.LeaderElection.askForVotes(LeaderElection.java:201)
	at org.apache.ratis.server.impl.LeaderElection.run(LeaderElection.java:133)
	at java.lang.Thread.run(Thread.java:748)
Caused by: org.apache.ratis.thirdparty.io.grpc.StatusRuntimeException: UNAVAILABLE: io exception
	at org.apache.ratis.thirdparty.io.grpc.stub.ClientCalls.toStatusRuntimeException(ClientCalls.java:233)
	at org.apache.ratis.thirdparty.io.grpc.stub.ClientCalls.getUnchecked(ClientCalls.java:214)
	at org.apache.ratis.thirdparty.io.grpc.stub.ClientCalls.blockingUnaryCall(ClientCalls.java:139)
	at org.apache.ratis.proto.grpc.RaftServerProtocolServiceGrpc$RaftServerProtocolServiceBlockingStub.requestVote(RaftServerProtocolServiceGrpc.java:265)
	at org.apache.ratis.grpc.server.GrpcServerProtocolClient.requestVote(GrpcServerProtocolClient.java:90)
	at org.apache.ratis.grpc.server.GrpcService.requestVote(GrpcService.java:204)
	at org.apache.ratis.server.impl.LeaderElection.lambda$submitRequests$1(LeaderElection.java:238)
	at java.util.concurrent.FutureTask.run(FutureTask.java:266)
	at java.util.concurrent.Executors$RunnableAdapter.call(Executors.java:511)
	at java.util.concurrent.FutureTask.run(FutureTask.java:266)
	at java.util.concurrent.ThreadPoolExecutor.runWorker(ThreadPoolExecutor.java:1149)
	at java.util.concurrent.ThreadPoolExecutor$Worker.run(ThreadPoolExecutor.java:624)
	... 1 more
Caused by: org.apache.ratis.thirdparty.io.netty.channel.AbstractChannel$AnnotatedConnectException: Connection refused: /192.168.5.130:38034
	at sun.nio.ch.SocketChannelImpl.checkConnect(Native Method)
	at sun.nio.ch.SocketChannelImpl.finishConnect(SocketChannelImpl.java:717)
	at org.apache.ratis.thirdparty.io.netty.channel.socket.nio.NioSocketChannel.doFinishConnect(NioSocketChannel.java:327)
	at org.apache.ratis.thirdparty.io.netty.channel.nio.AbstractNioChannel$AbstractNioUnsafe.finishConnect(AbstractNioChannel.java:340)
	at org.apache.ratis.thirdparty.io.netty.channel.nio.NioEventLoop.processSelectedKey(NioEventLoop.java:632)
	at org.apache.ratis.thirdparty.io.netty.channel.nio.NioEventLoop.processSelectedKeysOptimized(NioEventLoop.java:579)
	at org.apache.ratis.thirdparty.io.netty.channel.nio.NioEventLoop.processSelectedKeys(NioEventLoop.java:496)
	at org.apache.ratis.thirdparty.io.netty.channel.nio.NioEventLoop.run(NioEventLoop.java:458)
	at org.apache.ratis.thirdparty.io.netty.util.concurrent.SingleThreadEventExecutor$5.run(SingleThreadEventExecutor.java:897)
	at org.apache.ratis.thirdparty.io.netty.util.concurrent.FastThreadLocalRunnable.run(FastThreadLocalRunnable.java:30)
	... 1 more
Caused by: java.net.ConnectException: Connection refused
	... 11 more
2019-09-17 12:23:40,856 [ef58021b-0245-4b2a-b464-78c332d31a33@group-97FAE486DEE6:LeaderElection37] INFO  impl.LeaderElection (LogUtils.java:infoOrTrace(149)) - ef58021b-0245-4b2a-b464-78c332d31a33@group-97FAE486DEE6:LeaderElection37 got exception when requesting votes: {}
java.util.concurrent.ExecutionException: org.apache.ratis.thirdparty.io.grpc.StatusRuntimeException: UNAVAILABLE: io exception
	at java.util.concurrent.FutureTask.report(FutureTask.java:122)
	at java.util.concurrent.FutureTask.get(FutureTask.java:192)
	at org.apache.ratis.server.impl.LeaderElection.waitForResults(LeaderElection.java:263)
	at org.apache.ratis.server.impl.LeaderElection.askForVotes(LeaderElection.java:201)
	at org.apache.ratis.server.impl.LeaderElection.run(LeaderElection.java:133)
	at java.lang.Thread.run(Thread.java:748)
Caused by: org.apache.ratis.thirdparty.io.grpc.StatusRuntimeException: UNAVAILABLE: io exception
	at org.apache.ratis.thirdparty.io.grpc.stub.ClientCalls.toStatusRuntimeException(ClientCalls.java:233)
	at org.apache.ratis.thirdparty.io.grpc.stub.ClientCalls.getUnchecked(ClientCalls.java:214)
	at org.apache.ratis.thirdparty.io.grpc.stub.ClientCalls.blockingUnaryCall(ClientCalls.java:139)
	at org.apache.ratis.proto.grpc.RaftServerProtocolServiceGrpc$RaftServerProtocolServiceBlockingStub.requestVote(RaftServerProtocolServiceGrpc.java:265)
	at org.apache.ratis.grpc.server.GrpcServerProtocolClient.requestVote(GrpcServerProtocolClient.java:90)
	at org.apache.ratis.grpc.server.GrpcService.requestVote(GrpcService.java:204)
	at org.apache.ratis.server.impl.LeaderElection.lambda$submitRequests$1(LeaderElection.java:238)
	at java.util.concurrent.FutureTask.run(FutureTask.java:266)
	at java.util.concurrent.Executors$RunnableAdapter.call(Executors.java:511)
	at java.util.concurrent.FutureTask.run(FutureTask.java:266)
	at java.util.concurrent.ThreadPoolExecutor.runWorker(ThreadPoolExecutor.java:1149)
	at java.util.concurrent.ThreadPoolExecutor$Worker.run(ThreadPoolExecutor.java:624)
	... 1 more
Caused by: org.apache.ratis.thirdparty.io.netty.channel.AbstractChannel$AnnotatedConnectException: Connection refused: /192.168.5.130:42251
	at sun.nio.ch.SocketChannelImpl.checkConnect(Native Method)
	at sun.nio.ch.SocketChannelImpl.finishConnect(SocketChannelImpl.java:717)
	at org.apache.ratis.thirdparty.io.netty.channel.socket.nio.NioSocketChannel.doFinishConnect(NioSocketChannel.java:327)
	at org.apache.ratis.thirdparty.io.netty.channel.nio.AbstractNioChannel$AbstractNioUnsafe.finishConnect(AbstractNioChannel.java:340)
	at org.apache.ratis.thirdparty.io.netty.channel.nio.NioEventLoop.processSelectedKey(NioEventLoop.java:632)
	at org.apache.ratis.thirdparty.io.netty.channel.nio.NioEventLoop.processSelectedKeysOptimized(NioEventLoop.java:579)
	at org.apache.ratis.thirdparty.io.netty.channel.nio.NioEventLoop.processSelectedKeys(NioEventLoop.java:496)
	at org.apache.ratis.thirdparty.io.netty.channel.nio.NioEventLoop.run(NioEventLoop.java:458)
	at org.apache.ratis.thirdparty.io.netty.util.concurrent.SingleThreadEventExecutor$5.run(SingleThreadEventExecutor.java:897)
	at org.apache.ratis.thirdparty.io.netty.util.concurrent.FastThreadLocalRunnable.run(FastThreadLocalRunnable.java:30)
	... 1 more
Caused by: java.net.ConnectException: Connection refused
	... 11 more
2019-09-17 12:23:40,859 [ef58021b-0245-4b2a-b464-78c332d31a33@group-97FAE486DEE6:LeaderElection37] INFO  impl.LeaderElection (LeaderElection.java:logAndReturn(56)) - ef58021b-0245-4b2a-b464-78c332d31a33@group-97FAE486DEE6:LeaderElection37: Election REJECTED; received 0 response(s) [] and 2 exception(s); ef58021b-0245-4b2a-b464-78c332d31a33@group-97FAE486DEE6:t15, leader=null, voted=ef58021b-0245-4b2a-b464-78c332d31a33, raftlog=ef58021b-0245-4b2a-b464-78c332d31a33@group-97FAE486DEE6-SegmentedRaftLog:OPENED:c27,f27,i27, conf=0: [ed86af58-6365-40b3-a78c-ef8881f9dd1e:192.168.5.130:38034, 0cdf7b9a-92f5-4bda-bda9-a502d9c924f1:192.168.5.130:42251, ef58021b-0245-4b2a-b464-78c332d31a33:192.168.5.130:45449], old=null
2019-09-17 12:23:40,859 [ef58021b-0245-4b2a-b464-78c332d31a33@group-97FAE486DEE6:LeaderElection37] INFO  impl.LeaderElection (LogUtils.java:infoOrTrace(149)) -   Exception 0: {}
java.util.concurrent.ExecutionException: org.apache.ratis.thirdparty.io.grpc.StatusRuntimeException: UNAVAILABLE: io exception
	at java.util.concurrent.FutureTask.report(FutureTask.java:122)
	at java.util.concurrent.FutureTask.get(FutureTask.java:192)
	at org.apache.ratis.server.impl.LeaderElection.waitForResults(LeaderElection.java:263)
	at org.apache.ratis.server.impl.LeaderElection.askForVotes(LeaderElection.java:201)
	at org.apache.ratis.server.impl.LeaderElection.run(LeaderElection.java:133)
	at java.lang.Thread.run(Thread.java:748)
Caused by: org.apache.ratis.thirdparty.io.grpc.StatusRuntimeException: UNAVAILABLE: io exception
	at org.apache.ratis.thirdparty.io.grpc.stub.ClientCalls.toStatusRuntimeException(ClientCalls.java:233)
	at org.apache.ratis.thirdparty.io.grpc.stub.ClientCalls.getUnchecked(ClientCalls.java:214)
	at org.apache.ratis.thirdparty.io.grpc.stub.ClientCalls.blockingUnaryCall(ClientCalls.java:139)
	at org.apache.ratis.proto.grpc.RaftServerProtocolServiceGrpc$RaftServerProtocolServiceBlockingStub.requestVote(RaftServerProtocolServiceGrpc.java:265)
	at org.apache.ratis.grpc.server.GrpcServerProtocolClient.requestVote(GrpcServerProtocolClient.java:90)
	at org.apache.ratis.grpc.server.GrpcService.requestVote(GrpcService.java:204)
	at org.apache.ratis.server.impl.LeaderElection.lambda$submitRequests$1(LeaderElection.java:238)
	at java.util.concurrent.FutureTask.run(FutureTask.java:266)
	at java.util.concurrent.Executors$RunnableAdapter.call(Executors.java:511)
	at java.util.concurrent.FutureTask.run(FutureTask.java:266)
	at java.util.concurrent.ThreadPoolExecutor.runWorker(ThreadPoolExecutor.java:1149)
	at java.util.concurrent.ThreadPoolExecutor$Worker.run(ThreadPoolExecutor.java:624)
	... 1 more
Caused by: org.apache.ratis.thirdparty.io.netty.channel.AbstractChannel$AnnotatedConnectException: Connection refused: /192.168.5.130:38034
	at sun.nio.ch.SocketChannelImpl.checkConnect(Native Method)
	at sun.nio.ch.SocketChannelImpl.finishConnect(SocketChannelImpl.java:717)
	at org.apache.ratis.thirdparty.io.netty.channel.socket.nio.NioSocketChannel.doFinishConnect(NioSocketChannel.java:327)
	at org.apache.ratis.thirdparty.io.netty.channel.nio.AbstractNioChannel$AbstractNioUnsafe.finishConnect(AbstractNioChannel.java:340)
	at org.apache.ratis.thirdparty.io.netty.channel.nio.NioEventLoop.processSelectedKey(NioEventLoop.java:632)
	at org.apache.ratis.thirdparty.io.netty.channel.nio.NioEventLoop.processSelectedKeysOptimized(NioEventLoop.java:579)
	at org.apache.ratis.thirdparty.io.netty.channel.nio.NioEventLoop.processSelectedKeys(NioEventLoop.java:496)
	at org.apache.ratis.thirdparty.io.netty.channel.nio.NioEventLoop.run(NioEventLoop.java:458)
	at org.apache.ratis.thirdparty.io.netty.util.concurrent.SingleThreadEventExecutor$5.run(SingleThreadEventExecutor.java:897)
	at org.apache.ratis.thirdparty.io.netty.util.concurrent.FastThreadLocalRunnable.run(FastThreadLocalRunnable.java:30)
	... 1 more
Caused by: java.net.ConnectException: Connection refused
	... 11 more
2019-09-17 12:23:40,860 [ef58021b-0245-4b2a-b464-78c332d31a33@group-97FAE486DEE6:LeaderElection37] INFO  impl.LeaderElection (LogUtils.java:infoOrTrace(149)) -   Exception 1: {}
java.util.concurrent.ExecutionException: org.apache.ratis.thirdparty.io.grpc.StatusRuntimeException: UNAVAILABLE: io exception
	at java.util.concurrent.FutureTask.report(FutureTask.java:122)
	at java.util.concurrent.FutureTask.get(FutureTask.java:192)
	at org.apache.ratis.server.impl.LeaderElection.waitForResults(LeaderElection.java:263)
	at org.apache.ratis.server.impl.LeaderElection.askForVotes(LeaderElection.java:201)
	at org.apache.ratis.server.impl.LeaderElection.run(LeaderElection.java:133)
	at java.lang.Thread.run(Thread.java:748)
Caused by: org.apache.ratis.thirdparty.io.grpc.StatusRuntimeException: UNAVAILABLE: io exception
	at org.apache.ratis.thirdparty.io.grpc.stub.ClientCalls.toStatusRuntimeException(ClientCalls.java:233)
	at org.apache.ratis.thirdparty.io.grpc.stub.ClientCalls.getUnchecked(ClientCalls.java:214)
	at org.apache.ratis.thirdparty.io.grpc.stub.ClientCalls.blockingUnaryCall(ClientCalls.java:139)
	at org.apache.ratis.proto.grpc.RaftServerProtocolServiceGrpc$RaftServerProtocolServiceBlockingStub.requestVote(RaftServerProtocolServiceGrpc.java:265)
	at org.apache.ratis.grpc.server.GrpcServerProtocolClient.requestVote(GrpcServerProtocolClient.java:90)
	at org.apache.ratis.grpc.server.GrpcService.requestVote(GrpcService.java:204)
	at org.apache.ratis.server.impl.LeaderElection.lambda$submitRequests$1(LeaderElection.java:238)
	at java.util.concurrent.FutureTask.run(FutureTask.java:266)
	at java.util.concurrent.Executors$RunnableAdapter.call(Executors.java:511)
	at java.util.concurrent.FutureTask.run(FutureTask.java:266)
	at java.util.concurrent.ThreadPoolExecutor.runWorker(ThreadPoolExecutor.java:1149)
	at java.util.concurrent.ThreadPoolExecutor$Worker.run(ThreadPoolExecutor.java:624)
	... 1 more
Caused by: org.apache.ratis.thirdparty.io.netty.channel.AbstractChannel$AnnotatedConnectException: Connection refused: /192.168.5.130:42251
	at sun.nio.ch.SocketChannelImpl.checkConnect(Native Method)
	at sun.nio.ch.SocketChannelImpl.finishConnect(SocketChannelImpl.java:717)
	at org.apache.ratis.thirdparty.io.netty.channel.socket.nio.NioSocketChannel.doFinishConnect(NioSocketChannel.java:327)
	at org.apache.ratis.thirdparty.io.netty.channel.nio.AbstractNioChannel$AbstractNioUnsafe.finishConnect(AbstractNioChannel.java:340)
	at org.apache.ratis.thirdparty.io.netty.channel.nio.NioEventLoop.processSelectedKey(NioEventLoop.java:632)
	at org.apache.ratis.thirdparty.io.netty.channel.nio.NioEventLoop.processSelectedKeysOptimized(NioEventLoop.java:579)
	at org.apache.ratis.thirdparty.io.netty.channel.nio.NioEventLoop.processSelectedKeys(NioEventLoop.java:496)
	at org.apache.ratis.thirdparty.io.netty.channel.nio.NioEventLoop.run(NioEventLoop.java:458)
	at org.apache.ratis.thirdparty.io.netty.util.concurrent.SingleThreadEventExecutor$5.run(SingleThreadEventExecutor.java:897)
	at org.apache.ratis.thirdparty.io.netty.util.concurrent.FastThreadLocalRunnable.run(FastThreadLocalRunnable.java:30)
	... 1 more
Caused by: java.net.ConnectException: Connection refused
	... 11 more
2019-09-17 12:23:40,860 [ef58021b-0245-4b2a-b464-78c332d31a33@group-97FAE486DEE6:LeaderElection37] INFO  impl.RaftServerImpl (RaftServerImpl.java:setRole(174)) - ef58021b-0245-4b2a-b464-78c332d31a33@group-97FAE486DEE6: changes role from CANDIDATE to FOLLOWER at term 15 for DISCOVERED_A_NEW_TERM
2019-09-17 12:23:40,860 [ef58021b-0245-4b2a-b464-78c332d31a33@group-97FAE486DEE6:LeaderElection37] INFO  impl.RoleInfo (RoleInfo.java:shutdownLeaderElection(134)) - ef58021b-0245-4b2a-b464-78c332d31a33: shutdown LeaderElection
2019-09-17 12:23:40,860 [ef58021b-0245-4b2a-b464-78c332d31a33@group-97FAE486DEE6:LeaderElection37] INFO  impl.RoleInfo (RoleInfo.java:updateAndGet(143)) - ef58021b-0245-4b2a-b464-78c332d31a33: start FollowerState
2019-09-17 12:23:40,906 [java.util.concurrent.ThreadPoolExecutor$Worker@17044d63[State = -1, empty queue]] WARN  server.GrpcLogAppender (GrpcLogAppender.java:timeoutAppendRequest(200)) - 7689548e-5f49-4f36-9667-e46ba21e9ae3@group-C0075F260562->a5f9b548-b989-4807-80f4-ff576b54977d-GrpcLogAppender: appendEntries Timeout, request=7689548e-5f49-4f36-9667-e46ba21e9ae3->a5f9b548-b989-4807-80f4-ff576b54977d#118-t2, previous=(t:2, i:20), leaderCommit=16, initializing? false, entries: <empty>
2019-09-17 12:23:41,049 [java.util.concurrent.ThreadPoolExecutor$Worker@4758ecc9[State = -1, empty queue]] WARN  server.GrpcLogAppender (GrpcLogAppender.java:timeoutAppendRequest(200)) - 84b9980c-7545-47f2-8f8d-7bdb4cb4587c@group-5D4E048AB16A->ba884459-fbaf-490e-9b71-3c718ea82914-GrpcLogAppender: appendEntries Timeout, request=84b9980c-7545-47f2-8f8d-7bdb4cb4587c->ba884459-fbaf-490e-9b71-3c718ea82914#129-t2, previous=(t:2, i:33), leaderCommit=29, initializing? false, entries: <empty>
2019-09-17 12:23:41,406 [java.util.concurrent.ThreadPoolExecutor$Worker@17044d63[State = -1, empty queue]] WARN  server.GrpcLogAppender (GrpcLogAppender.java:timeoutAppendRequest(200)) - 7689548e-5f49-4f36-9667-e46ba21e9ae3@group-C0075F260562->a5f9b548-b989-4807-80f4-ff576b54977d-GrpcLogAppender: appendEntries Timeout, request=7689548e-5f49-4f36-9667-e46ba21e9ae3->a5f9b548-b989-4807-80f4-ff576b54977d#119-t2, previous=(t:2, i:20), leaderCommit=16, initializing? false, entries: <empty>
2019-09-17 12:23:41,553 [java.util.concurrent.ThreadPoolExecutor$Worker@4758ecc9[State = -1, empty queue]] WARN  server.GrpcLogAppender (GrpcLogAppender.java:timeoutAppendRequest(200)) - 84b9980c-7545-47f2-8f8d-7bdb4cb4587c@group-5D4E048AB16A->ba884459-fbaf-490e-9b71-3c718ea82914-GrpcLogAppender: appendEntries Timeout, request=84b9980c-7545-47f2-8f8d-7bdb4cb4587c->ba884459-fbaf-490e-9b71-3c718ea82914#130-t2, previous=(t:2, i:33), leaderCommit=29, initializing? false, entries: <empty>
2019-09-17 12:23:41,908 [java.util.concurrent.ThreadPoolExecutor$Worker@17044d63[State = -1, empty queue]] WARN  server.GrpcLogAppender (GrpcLogAppender.java:timeoutAppendRequest(200)) - 7689548e-5f49-4f36-9667-e46ba21e9ae3@group-C0075F260562->a5f9b548-b989-4807-80f4-ff576b54977d-GrpcLogAppender: appendEntries Timeout, request=7689548e-5f49-4f36-9667-e46ba21e9ae3->a5f9b548-b989-4807-80f4-ff576b54977d#120-t2, previous=(t:2, i:20), leaderCommit=16, initializing? false, entries: <empty>
2019-09-17 12:23:41,981 [Thread-1307] INFO  impl.FollowerState (FollowerState.java:run(106)) - ef58021b-0245-4b2a-b464-78c332d31a33:group-97FAE486DEE6 changes to CANDIDATE, lastRpcTime:1120, electionTimeout:1120ms
2019-09-17 12:23:41,981 [Thread-1307] INFO  impl.RoleInfo (RoleInfo.java:shutdownFollowerState(121)) - ef58021b-0245-4b2a-b464-78c332d31a33: shutdown FollowerState
2019-09-17 12:23:41,981 [Thread-1307] INFO  impl.RaftServerImpl (RaftServerImpl.java:setRole(174)) - ef58021b-0245-4b2a-b464-78c332d31a33@group-97FAE486DEE6: changes role from  FOLLOWER to CANDIDATE at term 15 for changeToCandidate
2019-09-17 12:23:41,981 [Thread-1307] INFO  impl.RoleInfo (RoleInfo.java:updateAndGet(143)) - ef58021b-0245-4b2a-b464-78c332d31a33: start LeaderElection
2019-09-17 12:23:42,050 [java.util.concurrent.ThreadPoolExecutor$Worker@4758ecc9[State = -1, empty queue]] WARN  server.GrpcLogAppender (GrpcLogAppender.java:timeoutAppendRequest(200)) - 84b9980c-7545-47f2-8f8d-7bdb4cb4587c@group-5D4E048AB16A->ba884459-fbaf-490e-9b71-3c718ea82914-GrpcLogAppender: appendEntries Timeout, request=84b9980c-7545-47f2-8f8d-7bdb4cb4587c->ba884459-fbaf-490e-9b71-3c718ea82914#131-t2, previous=(t:2, i:33), leaderCommit=29, initializing? false, entries: <empty>
2019-09-17 12:23:42,216 [ef58021b-0245-4b2a-b464-78c332d31a33@group-97FAE486DEE6:LeaderElection38] INFO  impl.LeaderElection (LeaderElection.java:askForVotes(182)) - ef58021b-0245-4b2a-b464-78c332d31a33@group-97FAE486DEE6:LeaderElection38: begin an election at term 16 for 0: [ed86af58-6365-40b3-a78c-ef8881f9dd1e:192.168.5.130:38034, 0cdf7b9a-92f5-4bda-bda9-a502d9c924f1:192.168.5.130:42251, ef58021b-0245-4b2a-b464-78c332d31a33:192.168.5.130:45449], old=null
2019-09-17 12:23:42,217 [ef58021b-0245-4b2a-b464-78c332d31a33@group-97FAE486DEE6:LeaderElection38] INFO  impl.LeaderElection (LogUtils.java:infoOrTrace(149)) - ef58021b-0245-4b2a-b464-78c332d31a33@group-97FAE486DEE6:LeaderElection38 got exception when requesting votes: {}
java.util.concurrent.ExecutionException: org.apache.ratis.thirdparty.io.grpc.StatusRuntimeException: UNAVAILABLE: io exception
	at java.util.concurrent.FutureTask.report(FutureTask.java:122)
	at java.util.concurrent.FutureTask.get(FutureTask.java:192)
	at org.apache.ratis.server.impl.LeaderElection.waitForResults(LeaderElection.java:263)
	at org.apache.ratis.server.impl.LeaderElection.askForVotes(LeaderElection.java:201)
	at org.apache.ratis.server.impl.LeaderElection.run(LeaderElection.java:133)
	at java.lang.Thread.run(Thread.java:748)
Caused by: org.apache.ratis.thirdparty.io.grpc.StatusRuntimeException: UNAVAILABLE: io exception
	at org.apache.ratis.thirdparty.io.grpc.stub.ClientCalls.toStatusRuntimeException(ClientCalls.java:233)
	at org.apache.ratis.thirdparty.io.grpc.stub.ClientCalls.getUnchecked(ClientCalls.java:214)
	at org.apache.ratis.thirdparty.io.grpc.stub.ClientCalls.blockingUnaryCall(ClientCalls.java:139)
	at org.apache.ratis.proto.grpc.RaftServerProtocolServiceGrpc$RaftServerProtocolServiceBlockingStub.requestVote(RaftServerProtocolServiceGrpc.java:265)
	at org.apache.ratis.grpc.server.GrpcServerProtocolClient.requestVote(GrpcServerProtocolClient.java:90)
	at org.apache.ratis.grpc.server.GrpcService.requestVote(GrpcService.java:204)
	at org.apache.ratis.server.impl.LeaderElection.lambda$submitRequests$1(LeaderElection.java:238)
	at java.util.concurrent.FutureTask.run(FutureTask.java:266)
	at java.util.concurrent.Executors$RunnableAdapter.call(Executors.java:511)
	at java.util.concurrent.FutureTask.run(FutureTask.java:266)
	at java.util.concurrent.ThreadPoolExecutor.runWorker(ThreadPoolExecutor.java:1149)
	at java.util.concurrent.ThreadPoolExecutor$Worker.run(ThreadPoolExecutor.java:624)
	... 1 more
Caused by: org.apache.ratis.thirdparty.io.netty.channel.AbstractChannel$AnnotatedConnectException: Connection refused: /192.168.5.130:42251
	at sun.nio.ch.SocketChannelImpl.checkConnect(Native Method)
	at sun.nio.ch.SocketChannelImpl.finishConnect(SocketChannelImpl.java:717)
	at org.apache.ratis.thirdparty.io.netty.channel.socket.nio.NioSocketChannel.doFinishConnect(NioSocketChannel.java:327)
	at org.apache.ratis.thirdparty.io.netty.channel.nio.AbstractNioChannel$AbstractNioUnsafe.finishConnect(AbstractNioChannel.java:340)
	at org.apache.ratis.thirdparty.io.netty.channel.nio.NioEventLoop.processSelectedKey(NioEventLoop.java:632)
	at org.apache.ratis.thirdparty.io.netty.channel.nio.NioEventLoop.processSelectedKeysOptimized(NioEventLoop.java:579)
	at org.apache.ratis.thirdparty.io.netty.channel.nio.NioEventLoop.processSelectedKeys(NioEventLoop.java:496)
	at org.apache.ratis.thirdparty.io.netty.channel.nio.NioEventLoop.run(NioEventLoop.java:458)
	at org.apache.ratis.thirdparty.io.netty.util.concurrent.SingleThreadEventExecutor$5.run(SingleThreadEventExecutor.java:897)
	at org.apache.ratis.thirdparty.io.netty.util.concurrent.FastThreadLocalRunnable.run(FastThreadLocalRunnable.java:30)
	... 1 more
Caused by: java.net.ConnectException: Connection refused
	... 11 more
2019-09-17 12:23:42,221 [ef58021b-0245-4b2a-b464-78c332d31a33@group-97FAE486DEE6:LeaderElection38] INFO  impl.LeaderElection (LogUtils.java:infoOrTrace(149)) - ef58021b-0245-4b2a-b464-78c332d31a33@group-97FAE486DEE6:LeaderElection38 got exception when requesting votes: {}
java.util.concurrent.ExecutionException: org.apache.ratis.thirdparty.io.grpc.StatusRuntimeException: UNAVAILABLE: io exception
	at java.util.concurrent.FutureTask.report(FutureTask.java:122)
	at java.util.concurrent.FutureTask.get(FutureTask.java:192)
	at org.apache.ratis.server.impl.LeaderElection.waitForResults(LeaderElection.java:263)
	at org.apache.ratis.server.impl.LeaderElection.askForVotes(LeaderElection.java:201)
	at org.apache.ratis.server.impl.LeaderElection.run(LeaderElection.java:133)
	at java.lang.Thread.run(Thread.java:748)
Caused by: org.apache.ratis.thirdparty.io.grpc.StatusRuntimeException: UNAVAILABLE: io exception
	at org.apache.ratis.thirdparty.io.grpc.stub.ClientCalls.toStatusRuntimeException(ClientCalls.java:233)
	at org.apache.ratis.thirdparty.io.grpc.stub.ClientCalls.getUnchecked(ClientCalls.java:214)
	at org.apache.ratis.thirdparty.io.grpc.stub.ClientCalls.blockingUnaryCall(ClientCalls.java:139)
	at org.apache.ratis.proto.grpc.RaftServerProtocolServiceGrpc$RaftServerProtocolServiceBlockingStub.requestVote(RaftServerProtocolServiceGrpc.java:265)
	at org.apache.ratis.grpc.server.GrpcServerProtocolClient.requestVote(GrpcServerProtocolClient.java:90)
	at org.apache.ratis.grpc.server.GrpcService.requestVote(GrpcService.java:204)
	at org.apache.ratis.server.impl.LeaderElection.lambda$submitRequests$1(LeaderElection.java:238)
	at java.util.concurrent.FutureTask.run(FutureTask.java:266)
	at java.util.concurrent.Executors$RunnableAdapter.call(Executors.java:511)
	at java.util.concurrent.FutureTask.run(FutureTask.java:266)
	at java.util.concurrent.ThreadPoolExecutor.runWorker(ThreadPoolExecutor.java:1149)
	at java.util.concurrent.ThreadPoolExecutor$Worker.run(ThreadPoolExecutor.java:624)
	... 1 more
Caused by: org.apache.ratis.thirdparty.io.netty.channel.AbstractChannel$AnnotatedConnectException: Connection refused: /192.168.5.130:38034
	at sun.nio.ch.SocketChannelImpl.checkConnect(Native Method)
	at sun.nio.ch.SocketChannelImpl.finishConnect(SocketChannelImpl.java:717)
	at org.apache.ratis.thirdparty.io.netty.channel.socket.nio.NioSocketChannel.doFinishConnect(NioSocketChannel.java:327)
	at org.apache.ratis.thirdparty.io.netty.channel.nio.AbstractNioChannel$AbstractNioUnsafe.finishConnect(AbstractNioChannel.java:340)
	at org.apache.ratis.thirdparty.io.netty.channel.nio.NioEventLoop.processSelectedKey(NioEventLoop.java:632)
	at org.apache.ratis.thirdparty.io.netty.channel.nio.NioEventLoop.processSelectedKeysOptimized(NioEventLoop.java:579)
	at org.apache.ratis.thirdparty.io.netty.channel.nio.NioEventLoop.processSelectedKeys(NioEventLoop.java:496)
	at org.apache.ratis.thirdparty.io.netty.channel.nio.NioEventLoop.run(NioEventLoop.java:458)
	at org.apache.ratis.thirdparty.io.netty.util.concurrent.SingleThreadEventExecutor$5.run(SingleThreadEventExecutor.java:897)
	at org.apache.ratis.thirdparty.io.netty.util.concurrent.FastThreadLocalRunnable.run(FastThreadLocalRunnable.java:30)
	... 1 more
Caused by: java.net.ConnectException: Connection refused
	... 11 more
2019-09-17 12:23:42,223 [ef58021b-0245-4b2a-b464-78c332d31a33@group-97FAE486DEE6:LeaderElection38] INFO  impl.LeaderElection (LeaderElection.java:logAndReturn(56)) - ef58021b-0245-4b2a-b464-78c332d31a33@group-97FAE486DEE6:LeaderElection38: Election REJECTED; received 0 response(s) [] and 2 exception(s); ef58021b-0245-4b2a-b464-78c332d31a33@group-97FAE486DEE6:t16, leader=null, voted=ef58021b-0245-4b2a-b464-78c332d31a33, raftlog=ef58021b-0245-4b2a-b464-78c332d31a33@group-97FAE486DEE6-SegmentedRaftLog:OPENED:c27,f27,i27, conf=0: [ed86af58-6365-40b3-a78c-ef8881f9dd1e:192.168.5.130:38034, 0cdf7b9a-92f5-4bda-bda9-a502d9c924f1:192.168.5.130:42251, ef58021b-0245-4b2a-b464-78c332d31a33:192.168.5.130:45449], old=null
2019-09-17 12:23:42,223 [ef58021b-0245-4b2a-b464-78c332d31a33@group-97FAE486DEE6:LeaderElection38] INFO  impl.LeaderElection (LogUtils.java:infoOrTrace(149)) -   Exception 0: {}
java.util.concurrent.ExecutionException: org.apache.ratis.thirdparty.io.grpc.StatusRuntimeException: UNAVAILABLE: io exception
	at java.util.concurrent.FutureTask.report(FutureTask.java:122)
	at java.util.concurrent.FutureTask.get(FutureTask.java:192)
	at org.apache.ratis.server.impl.LeaderElection.waitForResults(LeaderElection.java:263)
	at org.apache.ratis.server.impl.LeaderElection.askForVotes(LeaderElection.java:201)
	at org.apache.ratis.server.impl.LeaderElection.run(LeaderElection.java:133)
	at java.lang.Thread.run(Thread.java:748)
Caused by: org.apache.ratis.thirdparty.io.grpc.StatusRuntimeException: UNAVAILABLE: io exception
	at org.apache.ratis.thirdparty.io.grpc.stub.ClientCalls.toStatusRuntimeException(ClientCalls.java:233)
	at org.apache.ratis.thirdparty.io.grpc.stub.ClientCalls.getUnchecked(ClientCalls.java:214)
	at org.apache.ratis.thirdparty.io.grpc.stub.ClientCalls.blockingUnaryCall(ClientCalls.java:139)
	at org.apache.ratis.proto.grpc.RaftServerProtocolServiceGrpc$RaftServerProtocolServiceBlockingStub.requestVote(RaftServerProtocolServiceGrpc.java:265)
	at org.apache.ratis.grpc.server.GrpcServerProtocolClient.requestVote(GrpcServerProtocolClient.java:90)
	at org.apache.ratis.grpc.server.GrpcService.requestVote(GrpcService.java:204)
	at org.apache.ratis.server.impl.LeaderElection.lambda$submitRequests$1(LeaderElection.java:238)
	at java.util.concurrent.FutureTask.run(FutureTask.java:266)
	at java.util.concurrent.Executors$RunnableAdapter.call(Executors.java:511)
	at java.util.concurrent.FutureTask.run(FutureTask.java:266)
	at java.util.concurrent.ThreadPoolExecutor.runWorker(ThreadPoolExecutor.java:1149)
	at java.util.concurrent.ThreadPoolExecutor$Worker.run(ThreadPoolExecutor.java:624)
	... 1 more
Caused by: org.apache.ratis.thirdparty.io.netty.channel.AbstractChannel$AnnotatedConnectException: Connection refused: /192.168.5.130:42251
	at sun.nio.ch.SocketChannelImpl.checkConnect(Native Method)
	at sun.nio.ch.SocketChannelImpl.finishConnect(SocketChannelImpl.java:717)
	at org.apache.ratis.thirdparty.io.netty.channel.socket.nio.NioSocketChannel.doFinishConnect(NioSocketChannel.java:327)
	at org.apache.ratis.thirdparty.io.netty.channel.nio.AbstractNioChannel$AbstractNioUnsafe.finishConnect(AbstractNioChannel.java:340)
	at org.apache.ratis.thirdparty.io.netty.channel.nio.NioEventLoop.processSelectedKey(NioEventLoop.java:632)
	at org.apache.ratis.thirdparty.io.netty.channel.nio.NioEventLoop.processSelectedKeysOptimized(NioEventLoop.java:579)
	at org.apache.ratis.thirdparty.io.netty.channel.nio.NioEventLoop.processSelectedKeys(NioEventLoop.java:496)
	at org.apache.ratis.thirdparty.io.netty.channel.nio.NioEventLoop.run(NioEventLoop.java:458)
	at org.apache.ratis.thirdparty.io.netty.util.concurrent.SingleThreadEventExecutor$5.run(SingleThreadEventExecutor.java:897)
	at org.apache.ratis.thirdparty.io.netty.util.concurrent.FastThreadLocalRunnable.run(FastThreadLocalRunnable.java:30)
	... 1 more
Caused by: java.net.ConnectException: Connection refused
	... 11 more
2019-09-17 12:23:42,224 [ef58021b-0245-4b2a-b464-78c332d31a33@group-97FAE486DEE6:LeaderElection38] INFO  impl.LeaderElection (LogUtils.java:infoOrTrace(149)) -   Exception 1: {}
java.util.concurrent.ExecutionException: org.apache.ratis.thirdparty.io.grpc.StatusRuntimeException: UNAVAILABLE: io exception
	at java.util.concurrent.FutureTask.report(FutureTask.java:122)
	at java.util.concurrent.FutureTask.get(FutureTask.java:192)
	at org.apache.ratis.server.impl.LeaderElection.waitForResults(LeaderElection.java:263)
	at org.apache.ratis.server.impl.LeaderElection.askForVotes(LeaderElection.java:201)
	at org.apache.ratis.server.impl.LeaderElection.run(LeaderElection.java:133)
	at java.lang.Thread.run(Thread.java:748)
Caused by: org.apache.ratis.thirdparty.io.grpc.StatusRuntimeException: UNAVAILABLE: io exception
	at org.apache.ratis.thirdparty.io.grpc.stub.ClientCalls.toStatusRuntimeException(ClientCalls.java:233)
	at org.apache.ratis.thirdparty.io.grpc.stub.ClientCalls.getUnchecked(ClientCalls.java:214)
	at org.apache.ratis.thirdparty.io.grpc.stub.ClientCalls.blockingUnaryCall(ClientCalls.java:139)
	at org.apache.ratis.proto.grpc.RaftServerProtocolServiceGrpc$RaftServerProtocolServiceBlockingStub.requestVote(RaftServerProtocolServiceGrpc.java:265)
	at org.apache.ratis.grpc.server.GrpcServerProtocolClient.requestVote(GrpcServerProtocolClient.java:90)
	at org.apache.ratis.grpc.server.GrpcService.requestVote(GrpcService.java:204)
	at org.apache.ratis.server.impl.LeaderElection.lambda$submitRequests$1(LeaderElection.java:238)
	at java.util.concurrent.FutureTask.run(FutureTask.java:266)
	at java.util.concurrent.Executors$RunnableAdapter.call(Executors.java:511)
	at java.util.concurrent.FutureTask.run(FutureTask.java:266)
	at java.util.concurrent.ThreadPoolExecutor.runWorker(ThreadPoolExecutor.java:1149)
	at java.util.concurrent.ThreadPoolExecutor$Worker.run(ThreadPoolExecutor.java:624)
	... 1 more
Caused by: org.apache.ratis.thirdparty.io.netty.channel.AbstractChannel$AnnotatedConnectException: Connection refused: /192.168.5.130:38034
	at sun.nio.ch.SocketChannelImpl.checkConnect(Native Method)
	at sun.nio.ch.SocketChannelImpl.finishConnect(SocketChannelImpl.java:717)
	at org.apache.ratis.thirdparty.io.netty.channel.socket.nio.NioSocketChannel.doFinishConnect(NioSocketChannel.java:327)
	at org.apache.ratis.thirdparty.io.netty.channel.nio.AbstractNioChannel$AbstractNioUnsafe.finishConnect(AbstractNioChannel.java:340)
	at org.apache.ratis.thirdparty.io.netty.channel.nio.NioEventLoop.processSelectedKey(NioEventLoop.java:632)
	at org.apache.ratis.thirdparty.io.netty.channel.nio.NioEventLoop.processSelectedKeysOptimized(NioEventLoop.java:579)
	at org.apache.ratis.thirdparty.io.netty.channel.nio.NioEventLoop.processSelectedKeys(NioEventLoop.java:496)
	at org.apache.ratis.thirdparty.io.netty.channel.nio.NioEventLoop.run(NioEventLoop.java:458)
	at org.apache.ratis.thirdparty.io.netty.util.concurrent.SingleThreadEventExecutor$5.run(SingleThreadEventExecutor.java:897)
	at org.apache.ratis.thirdparty.io.netty.util.concurrent.FastThreadLocalRunnable.run(FastThreadLocalRunnable.java:30)
	... 1 more
Caused by: java.net.ConnectException: Connection refused
	... 11 more
2019-09-17 12:23:42,224 [ef58021b-0245-4b2a-b464-78c332d31a33@group-97FAE486DEE6:LeaderElection38] INFO  impl.RaftServerImpl (RaftServerImpl.java:setRole(174)) - ef58021b-0245-4b2a-b464-78c332d31a33@group-97FAE486DEE6: changes role from CANDIDATE to FOLLOWER at term 16 for DISCOVERED_A_NEW_TERM
2019-09-17 12:23:42,224 [ef58021b-0245-4b2a-b464-78c332d31a33@group-97FAE486DEE6:LeaderElection38] INFO  impl.RoleInfo (RoleInfo.java:shutdownLeaderElection(134)) - ef58021b-0245-4b2a-b464-78c332d31a33: shutdown LeaderElection
2019-09-17 12:23:42,224 [ef58021b-0245-4b2a-b464-78c332d31a33@group-97FAE486DEE6:LeaderElection38] INFO  impl.RoleInfo (RoleInfo.java:updateAndGet(143)) - ef58021b-0245-4b2a-b464-78c332d31a33: start FollowerState
2019-09-17 12:23:42,408 [java.util.concurrent.ThreadPoolExecutor$Worker@17044d63[State = -1, empty queue]] WARN  server.GrpcLogAppender (GrpcLogAppender.java:timeoutAppendRequest(200)) - 7689548e-5f49-4f36-9667-e46ba21e9ae3@group-C0075F260562->a5f9b548-b989-4807-80f4-ff576b54977d-GrpcLogAppender: appendEntries Timeout, request=7689548e-5f49-4f36-9667-e46ba21e9ae3->a5f9b548-b989-4807-80f4-ff576b54977d#121-t2, previous=(t:2, i:20), leaderCommit=16, initializing? false, entries: <empty>
2019-09-17 12:23:42,550 [java.util.concurrent.ThreadPoolExecutor$Worker@4758ecc9[State = -1, empty queue]] WARN  server.GrpcLogAppender (GrpcLogAppender.java:timeoutAppendRequest(200)) - 84b9980c-7545-47f2-8f8d-7bdb4cb4587c@group-5D4E048AB16A->ba884459-fbaf-490e-9b71-3c718ea82914-GrpcLogAppender: appendEntries Timeout, request=84b9980c-7545-47f2-8f8d-7bdb4cb4587c->ba884459-fbaf-490e-9b71-3c718ea82914#132-t2, previous=(t:2, i:33), leaderCommit=29, initializing? false, entries: <empty>
2019-09-17 12:23:42,563 [grpc-default-executor-5] INFO  client.GrpcClientProtocolClient (GrpcClientProtocolClient.java:onNext(264)) - client-9303C3D922F8->89060399-4494-4f9b-b1c5-9635c65f7453: receive RaftClientReply:client-9303C3D922F8->89060399-4494-4f9b-b1c5-9635c65f7453@group-5D4E048AB16A, cid=72, FAILED org.apache.ratis.protocol.NotLeaderException: Server 89060399-4494-4f9b-b1c5-9635c65f7453@group-5D4E048AB16A is not the leader 84b9980c-7545-47f2-8f8d-7bdb4cb4587c:192.168.5.130:43486, logIndex=0, commits[89060399-4494-4f9b-b1c5-9635c65f7453:c29, 84b9980c-7545-47f2-8f8d-7bdb4cb4587c:c29, ba884459-fbaf-490e-9b71-3c718ea82914:c26]
2019-09-17 12:23:42,909 [java.util.concurrent.ThreadPoolExecutor$Worker@17044d63[State = -1, empty queue]] WARN  server.GrpcLogAppender (GrpcLogAppender.java:timeoutAppendRequest(200)) - 7689548e-5f49-4f36-9667-e46ba21e9ae3@group-C0075F260562->a5f9b548-b989-4807-80f4-ff576b54977d-GrpcLogAppender: appendEntries Timeout, request=7689548e-5f49-4f36-9667-e46ba21e9ae3->a5f9b548-b989-4807-80f4-ff576b54977d#122-t2, previous=(t:2, i:20), leaderCommit=16, initializing? false, entries: <empty>
2019-09-17 12:23:43,050 [java.util.concurrent.ThreadPoolExecutor$Worker@4758ecc9[State = -1, empty queue]] WARN  server.GrpcLogAppender (GrpcLogAppender.java:timeoutAppendRequest(200)) - 84b9980c-7545-47f2-8f8d-7bdb4cb4587c@group-5D4E048AB16A->ba884459-fbaf-490e-9b71-3c718ea82914-GrpcLogAppender: appendEntries Timeout, request=84b9980c-7545-47f2-8f8d-7bdb4cb4587c->ba884459-fbaf-490e-9b71-3c718ea82914#133-t2, previous=(t:2, i:33), leaderCommit=29, initializing? false, entries: <empty>
2019-09-17 12:23:43,382 [Thread-1330] INFO  impl.FollowerState (FollowerState.java:run(106)) - ef58021b-0245-4b2a-b464-78c332d31a33:group-97FAE486DEE6 changes to CANDIDATE, lastRpcTime:1157, electionTimeout:1157ms
2019-09-17 12:23:43,382 [Thread-1330] INFO  impl.RoleInfo (RoleInfo.java:shutdownFollowerState(121)) - ef58021b-0245-4b2a-b464-78c332d31a33: shutdown FollowerState
2019-09-17 12:23:43,382 [Thread-1330] INFO  impl.RaftServerImpl (RaftServerImpl.java:setRole(174)) - ef58021b-0245-4b2a-b464-78c332d31a33@group-97FAE486DEE6: changes role from  FOLLOWER to CANDIDATE at term 16 for changeToCandidate
2019-09-17 12:23:43,382 [Thread-1330] INFO  impl.RoleInfo (RoleInfo.java:updateAndGet(143)) - ef58021b-0245-4b2a-b464-78c332d31a33: start LeaderElection
2019-09-17 12:23:43,409 [java.util.concurrent.ThreadPoolExecutor$Worker@17044d63[State = -1, empty queue]] WARN  server.GrpcLogAppender (GrpcLogAppender.java:timeoutAppendRequest(200)) - 7689548e-5f49-4f36-9667-e46ba21e9ae3@group-C0075F260562->a5f9b548-b989-4807-80f4-ff576b54977d-GrpcLogAppender: appendEntries Timeout, request=7689548e-5f49-4f36-9667-e46ba21e9ae3->a5f9b548-b989-4807-80f4-ff576b54977d#123-t2, previous=(t:2, i:20), leaderCommit=16, initializing? false, entries: <empty>
2019-09-17 12:23:43,428 [ef58021b-0245-4b2a-b464-78c332d31a33@group-97FAE486DEE6:LeaderElection39] INFO  impl.LeaderElection (LeaderElection.java:askForVotes(182)) - ef58021b-0245-4b2a-b464-78c332d31a33@group-97FAE486DEE6:LeaderElection39: begin an election at term 17 for 0: [ed86af58-6365-40b3-a78c-ef8881f9dd1e:192.168.5.130:38034, 0cdf7b9a-92f5-4bda-bda9-a502d9c924f1:192.168.5.130:42251, ef58021b-0245-4b2a-b464-78c332d31a33:192.168.5.130:45449], old=null
2019-09-17 12:23:43,429 [ef58021b-0245-4b2a-b464-78c332d31a33@group-97FAE486DEE6:LeaderElection39] INFO  impl.LeaderElection (LogUtils.java:infoOrTrace(149)) - ef58021b-0245-4b2a-b464-78c332d31a33@group-97FAE486DEE6:LeaderElection39 got exception when requesting votes: {}
java.util.concurrent.ExecutionException: org.apache.ratis.thirdparty.io.grpc.StatusRuntimeException: UNAVAILABLE: io exception
	at java.util.concurrent.FutureTask.report(FutureTask.java:122)
	at java.util.concurrent.FutureTask.get(FutureTask.java:192)
	at org.apache.ratis.server.impl.LeaderElection.waitForResults(LeaderElection.java:263)
	at org.apache.ratis.server.impl.LeaderElection.askForVotes(LeaderElection.java:201)
	at org.apache.ratis.server.impl.LeaderElection.run(LeaderElection.java:133)
	at java.lang.Thread.run(Thread.java:748)
Caused by: org.apache.ratis.thirdparty.io.grpc.StatusRuntimeException: UNAVAILABLE: io exception
	at org.apache.ratis.thirdparty.io.grpc.stub.ClientCalls.toStatusRuntimeException(ClientCalls.java:233)
	at org.apache.ratis.thirdparty.io.grpc.stub.ClientCalls.getUnchecked(ClientCalls.java:214)
	at org.apache.ratis.thirdparty.io.grpc.stub.ClientCalls.blockingUnaryCall(ClientCalls.java:139)
	at org.apache.ratis.proto.grpc.RaftServerProtocolServiceGrpc$RaftServerProtocolServiceBlockingStub.requestVote(RaftServerProtocolServiceGrpc.java:265)
	at org.apache.ratis.grpc.server.GrpcServerProtocolClient.requestVote(GrpcServerProtocolClient.java:90)
	at org.apache.ratis.grpc.server.GrpcService.requestVote(GrpcService.java:204)
	at org.apache.ratis.server.impl.LeaderElection.lambda$submitRequests$1(LeaderElection.java:238)
	at java.util.concurrent.FutureTask.run(FutureTask.java:266)
	at java.util.concurrent.Executors$RunnableAdapter.call(Executors.java:511)
	at java.util.concurrent.FutureTask.run(FutureTask.java:266)
	at java.util.concurrent.ThreadPoolExecutor.runWorker(ThreadPoolExecutor.java:1149)
	at java.util.concurrent.ThreadPoolExecutor$Worker.run(ThreadPoolExecutor.java:624)
	... 1 more
Caused by: org.apache.ratis.thirdparty.io.netty.channel.AbstractChannel$AnnotatedConnectException: Connection refused: /192.168.5.130:38034
	at sun.nio.ch.SocketChannelImpl.checkConnect(Native Method)
	at sun.nio.ch.SocketChannelImpl.finishConnect(SocketChannelImpl.java:717)
	at org.apache.ratis.thirdparty.io.netty.channel.socket.nio.NioSocketChannel.doFinishConnect(NioSocketChannel.java:327)
	at org.apache.ratis.thirdparty.io.netty.channel.nio.AbstractNioChannel$AbstractNioUnsafe.finishConnect(AbstractNioChannel.java:340)
	at org.apache.ratis.thirdparty.io.netty.channel.nio.NioEventLoop.processSelectedKey(NioEventLoop.java:632)
	at org.apache.ratis.thirdparty.io.netty.channel.nio.NioEventLoop.processSelectedKeysOptimized(NioEventLoop.java:579)
	at org.apache.ratis.thirdparty.io.netty.channel.nio.NioEventLoop.processSelectedKeys(NioEventLoop.java:496)
	at org.apache.ratis.thirdparty.io.netty.channel.nio.NioEventLoop.run(NioEventLoop.java:458)
	at org.apache.ratis.thirdparty.io.netty.util.concurrent.SingleThreadEventExecutor$5.run(SingleThreadEventExecutor.java:897)
	at org.apache.ratis.thirdparty.io.netty.util.concurrent.FastThreadLocalRunnable.run(FastThreadLocalRunnable.java:30)
	... 1 more
Caused by: java.net.ConnectException: Connection refused
	... 11 more
2019-09-17 12:23:43,433 [ef58021b-0245-4b2a-b464-78c332d31a33@group-97FAE486DEE6:LeaderElection39] INFO  impl.LeaderElection (LogUtils.java:infoOrTrace(149)) - ef58021b-0245-4b2a-b464-78c332d31a33@group-97FAE486DEE6:LeaderElection39 got exception when requesting votes: {}
java.util.concurrent.ExecutionException: org.apache.ratis.thirdparty.io.grpc.StatusRuntimeException: UNAVAILABLE: io exception
	at java.util.concurrent.FutureTask.report(FutureTask.java:122)
	at java.util.concurrent.FutureTask.get(FutureTask.java:192)
	at org.apache.ratis.server.impl.LeaderElection.waitForResults(LeaderElection.java:263)
	at org.apache.ratis.server.impl.LeaderElection.askForVotes(LeaderElection.java:201)
	at org.apache.ratis.server.impl.LeaderElection.run(LeaderElection.java:133)
	at java.lang.Thread.run(Thread.java:748)
Caused by: org.apache.ratis.thirdparty.io.grpc.StatusRuntimeException: UNAVAILABLE: io exception
	at org.apache.ratis.thirdparty.io.grpc.stub.ClientCalls.toStatusRuntimeException(ClientCalls.java:233)
	at org.apache.ratis.thirdparty.io.grpc.stub.ClientCalls.getUnchecked(ClientCalls.java:214)
	at org.apache.ratis.thirdparty.io.grpc.stub.ClientCalls.blockingUnaryCall(ClientCalls.java:139)
	at org.apache.ratis.proto.grpc.RaftServerProtocolServiceGrpc$RaftServerProtocolServiceBlockingStub.requestVote(RaftServerProtocolServiceGrpc.java:265)
	at org.apache.ratis.grpc.server.GrpcServerProtocolClient.requestVote(GrpcServerProtocolClient.java:90)
	at org.apache.ratis.grpc.server.GrpcService.requestVote(GrpcService.java:204)
	at org.apache.ratis.server.impl.LeaderElection.lambda$submitRequests$1(LeaderElection.java:238)
	at java.util.concurrent.FutureTask.run(FutureTask.java:266)
	at java.util.concurrent.Executors$RunnableAdapter.call(Executors.java:511)
	at java.util.concurrent.FutureTask.run(FutureTask.java:266)
	at java.util.concurrent.ThreadPoolExecutor.runWorker(ThreadPoolExecutor.java:1149)
	at java.util.concurrent.ThreadPoolExecutor$Worker.run(ThreadPoolExecutor.java:624)
	... 1 more
Caused by: org.apache.ratis.thirdparty.io.netty.channel.AbstractChannel$AnnotatedConnectException: Connection refused: /192.168.5.130:42251
	at sun.nio.ch.SocketChannelImpl.checkConnect(Native Method)
	at sun.nio.ch.SocketChannelImpl.finishConnect(SocketChannelImpl.java:717)
	at org.apache.ratis.thirdparty.io.netty.channel.socket.nio.NioSocketChannel.doFinishConnect(NioSocketChannel.java:327)
	at org.apache.ratis.thirdparty.io.netty.channel.nio.AbstractNioChannel$AbstractNioUnsafe.finishConnect(AbstractNioChannel.java:340)
	at org.apache.ratis.thirdparty.io.netty.channel.nio.NioEventLoop.processSelectedKey(NioEventLoop.java:632)
	at org.apache.ratis.thirdparty.io.netty.channel.nio.NioEventLoop.processSelectedKeysOptimized(NioEventLoop.java:579)
	at org.apache.ratis.thirdparty.io.netty.channel.nio.NioEventLoop.processSelectedKeys(NioEventLoop.java:496)
	at org.apache.ratis.thirdparty.io.netty.channel.nio.NioEventLoop.run(NioEventLoop.java:458)
	at org.apache.ratis.thirdparty.io.netty.util.concurrent.SingleThreadEventExecutor$5.run(SingleThreadEventExecutor.java:897)
	at org.apache.ratis.thirdparty.io.netty.util.concurrent.FastThreadLocalRunnable.run(FastThreadLocalRunnable.java:30)
	... 1 more
Caused by: java.net.ConnectException: Connection refused
	... 11 more
2019-09-17 12:23:43,436 [ef58021b-0245-4b2a-b464-78c332d31a33@group-97FAE486DEE6:LeaderElection39] INFO  impl.LeaderElection (LeaderElection.java:logAndReturn(56)) - ef58021b-0245-4b2a-b464-78c332d31a33@group-97FAE486DEE6:LeaderElection39: Election REJECTED; received 0 response(s) [] and 2 exception(s); ef58021b-0245-4b2a-b464-78c332d31a33@group-97FAE486DEE6:t17, leader=null, voted=ef58021b-0245-4b2a-b464-78c332d31a33, raftlog=ef58021b-0245-4b2a-b464-78c332d31a33@group-97FAE486DEE6-SegmentedRaftLog:OPENED:c27,f27,i27, conf=0: [ed86af58-6365-40b3-a78c-ef8881f9dd1e:192.168.5.130:38034, 0cdf7b9a-92f5-4bda-bda9-a502d9c924f1:192.168.5.130:42251, ef58021b-0245-4b2a-b464-78c332d31a33:192.168.5.130:45449], old=null
2019-09-17 12:23:43,436 [ef58021b-0245-4b2a-b464-78c332d31a33@group-97FAE486DEE6:LeaderElection39] INFO  impl.LeaderElection (LogUtils.java:infoOrTrace(149)) -   Exception 0: {}
java.util.concurrent.ExecutionException: org.apache.ratis.thirdparty.io.grpc.StatusRuntimeException: UNAVAILABLE: io exception
	at java.util.concurrent.FutureTask.report(FutureTask.java:122)
	at java.util.concurrent.FutureTask.get(FutureTask.java:192)
	at org.apache.ratis.server.impl.LeaderElection.waitForResults(LeaderElection.java:263)
	at org.apache.ratis.server.impl.LeaderElection.askForVotes(LeaderElection.java:201)
	at org.apache.ratis.server.impl.LeaderElection.run(LeaderElection.java:133)
	at java.lang.Thread.run(Thread.java:748)
Caused by: org.apache.ratis.thirdparty.io.grpc.StatusRuntimeException: UNAVAILABLE: io exception
	at org.apache.ratis.thirdparty.io.grpc.stub.ClientCalls.toStatusRuntimeException(ClientCalls.java:233)
	at org.apache.ratis.thirdparty.io.grpc.stub.ClientCalls.getUnchecked(ClientCalls.java:214)
	at org.apache.ratis.thirdparty.io.grpc.stub.ClientCalls.blockingUnaryCall(ClientCalls.java:139)
	at org.apache.ratis.proto.grpc.RaftServerProtocolServiceGrpc$RaftServerProtocolServiceBlockingStub.requestVote(RaftServerProtocolServiceGrpc.java:265)
	at org.apache.ratis.grpc.server.GrpcServerProtocolClient.requestVote(GrpcServerProtocolClient.java:90)
	at org.apache.ratis.grpc.server.GrpcService.requestVote(GrpcService.java:204)
	at org.apache.ratis.server.impl.LeaderElection.lambda$submitRequests$1(LeaderElection.java:238)
	at java.util.concurrent.FutureTask.run(FutureTask.java:266)
	at java.util.concurrent.Executors$RunnableAdapter.call(Executors.java:511)
	at java.util.concurrent.FutureTask.run(FutureTask.java:266)
	at java.util.concurrent.ThreadPoolExecutor.runWorker(ThreadPoolExecutor.java:1149)
	at java.util.concurrent.ThreadPoolExecutor$Worker.run(ThreadPoolExecutor.java:624)
	... 1 more
Caused by: org.apache.ratis.thirdparty.io.netty.channel.AbstractChannel$AnnotatedConnectException: Connection refused: /192.168.5.130:38034
	at sun.nio.ch.SocketChannelImpl.checkConnect(Native Method)
	at sun.nio.ch.SocketChannelImpl.finishConnect(SocketChannelImpl.java:717)
	at org.apache.ratis.thirdparty.io.netty.channel.socket.nio.NioSocketChannel.doFinishConnect(NioSocketChannel.java:327)
	at org.apache.ratis.thirdparty.io.netty.channel.nio.AbstractNioChannel$AbstractNioUnsafe.finishConnect(AbstractNioChannel.java:340)
	at org.apache.ratis.thirdparty.io.netty.channel.nio.NioEventLoop.processSelectedKey(NioEventLoop.java:632)
	at org.apache.ratis.thirdparty.io.netty.channel.nio.NioEventLoop.processSelectedKeysOptimized(NioEventLoop.java:579)
	at org.apache.ratis.thirdparty.io.netty.channel.nio.NioEventLoop.processSelectedKeys(NioEventLoop.java:496)
	at org.apache.ratis.thirdparty.io.netty.channel.nio.NioEventLoop.run(NioEventLoop.java:458)
	at org.apache.ratis.thirdparty.io.netty.util.concurrent.SingleThreadEventExecutor$5.run(SingleThreadEventExecutor.java:897)
	at org.apache.ratis.thirdparty.io.netty.util.concurrent.FastThreadLocalRunnable.run(FastThreadLocalRunnable.java:30)
	... 1 more
Caused by: java.net.ConnectException: Connection refused
	... 11 more
2019-09-17 12:23:43,436 [ef58021b-0245-4b2a-b464-78c332d31a33@group-97FAE486DEE6:LeaderElection39] INFO  impl.LeaderElection (LogUtils.java:infoOrTrace(149)) -   Exception 1: {}
java.util.concurrent.ExecutionException: org.apache.ratis.thirdparty.io.grpc.StatusRuntimeException: UNAVAILABLE: io exception
	at java.util.concurrent.FutureTask.report(FutureTask.java:122)
	at java.util.concurrent.FutureTask.get(FutureTask.java:192)
	at org.apache.ratis.server.impl.LeaderElection.waitForResults(LeaderElection.java:263)
	at org.apache.ratis.server.impl.LeaderElection.askForVotes(LeaderElection.java:201)
	at org.apache.ratis.server.impl.LeaderElection.run(LeaderElection.java:133)
	at java.lang.Thread.run(Thread.java:748)
Caused by: org.apache.ratis.thirdparty.io.grpc.StatusRuntimeException: UNAVAILABLE: io exception
	at org.apache.ratis.thirdparty.io.grpc.stub.ClientCalls.toStatusRuntimeException(ClientCalls.java:233)
	at org.apache.ratis.thirdparty.io.grpc.stub.ClientCalls.getUnchecked(ClientCalls.java:214)
	at org.apache.ratis.thirdparty.io.grpc.stub.ClientCalls.blockingUnaryCall(ClientCalls.java:139)
	at org.apache.ratis.proto.grpc.RaftServerProtocolServiceGrpc$RaftServerProtocolServiceBlockingStub.requestVote(RaftServerProtocolServiceGrpc.java:265)
	at org.apache.ratis.grpc.server.GrpcServerProtocolClient.requestVote(GrpcServerProtocolClient.java:90)
	at org.apache.ratis.grpc.server.GrpcService.requestVote(GrpcService.java:204)
	at org.apache.ratis.server.impl.LeaderElection.lambda$submitRequests$1(LeaderElection.java:238)
	at java.util.concurrent.FutureTask.run(FutureTask.java:266)
	at java.util.concurrent.Executors$RunnableAdapter.call(Executors.java:511)
	at java.util.concurrent.FutureTask.run(FutureTask.java:266)
	at java.util.concurrent.ThreadPoolExecutor.runWorker(ThreadPoolExecutor.java:1149)
	at java.util.concurrent.ThreadPoolExecutor$Worker.run(ThreadPoolExecutor.java:624)
	... 1 more
Caused by: org.apache.ratis.thirdparty.io.netty.channel.AbstractChannel$AnnotatedConnectException: Connection refused: /192.168.5.130:42251
	at sun.nio.ch.SocketChannelImpl.checkConnect(Native Method)
	at sun.nio.ch.SocketChannelImpl.finishConnect(SocketChannelImpl.java:717)
	at org.apache.ratis.thirdparty.io.netty.channel.socket.nio.NioSocketChannel.doFinishConnect(NioSocketChannel.java:327)
	at org.apache.ratis.thirdparty.io.netty.channel.nio.AbstractNioChannel$AbstractNioUnsafe.finishConnect(AbstractNioChannel.java:340)
	at org.apache.ratis.thirdparty.io.netty.channel.nio.NioEventLoop.processSelectedKey(NioEventLoop.java:632)
	at org.apache.ratis.thirdparty.io.netty.channel.nio.NioEventLoop.processSelectedKeysOptimized(NioEventLoop.java:579)
	at org.apache.ratis.thirdparty.io.netty.channel.nio.NioEventLoop.processSelectedKeys(NioEventLoop.java:496)
	at org.apache.ratis.thirdparty.io.netty.channel.nio.NioEventLoop.run(NioEventLoop.java:458)
	at org.apache.ratis.thirdparty.io.netty.util.concurrent.SingleThreadEventExecutor$5.run(SingleThreadEventExecutor.java:897)
	at org.apache.ratis.thirdparty.io.netty.util.concurrent.FastThreadLocalRunnable.run(FastThreadLocalRunnable.java:30)
	... 1 more
Caused by: java.net.ConnectException: Connection refused
	... 11 more
2019-09-17 12:23:43,437 [ef58021b-0245-4b2a-b464-78c332d31a33@group-97FAE486DEE6:LeaderElection39] INFO  impl.RaftServerImpl (RaftServerImpl.java:setRole(174)) - ef58021b-0245-4b2a-b464-78c332d31a33@group-97FAE486DEE6: changes role from CANDIDATE to FOLLOWER at term 17 for DISCOVERED_A_NEW_TERM
2019-09-17 12:23:43,437 [ef58021b-0245-4b2a-b464-78c332d31a33@group-97FAE486DEE6:LeaderElection39] INFO  impl.RoleInfo (RoleInfo.java:shutdownLeaderElection(134)) - ef58021b-0245-4b2a-b464-78c332d31a33: shutdown LeaderElection
2019-09-17 12:23:43,437 [ef58021b-0245-4b2a-b464-78c332d31a33@group-97FAE486DEE6:LeaderElection39] INFO  impl.RoleInfo (RoleInfo.java:updateAndGet(143)) - ef58021b-0245-4b2a-b464-78c332d31a33: start FollowerState
2019-09-17 12:23:43,551 [java.util.concurrent.ThreadPoolExecutor$Worker@4758ecc9[State = -1, empty queue]] WARN  server.GrpcLogAppender (GrpcLogAppender.java:timeoutAppendRequest(200)) - 84b9980c-7545-47f2-8f8d-7bdb4cb4587c@group-5D4E048AB16A->ba884459-fbaf-490e-9b71-3c718ea82914-GrpcLogAppender: appendEntries Timeout, request=84b9980c-7545-47f2-8f8d-7bdb4cb4587c->ba884459-fbaf-490e-9b71-3c718ea82914#134-t2, previous=(t:2, i:33), leaderCommit=29, initializing? false, entries: <empty>
2019-09-17 12:23:43,909 [java.util.concurrent.ThreadPoolExecutor$Worker@17044d63[State = -1, empty queue]] WARN  server.GrpcLogAppender (GrpcLogAppender.java:timeoutAppendRequest(200)) - 7689548e-5f49-4f36-9667-e46ba21e9ae3@group-C0075F260562->a5f9b548-b989-4807-80f4-ff576b54977d-GrpcLogAppender: appendEntries Timeout, request=7689548e-5f49-4f36-9667-e46ba21e9ae3->a5f9b548-b989-4807-80f4-ff576b54977d#124-t2, previous=(t:2, i:20), leaderCommit=16, initializing? false, entries: <empty>
2019-09-17 12:23:44,051 [java.util.concurrent.ThreadPoolExecutor$Worker@4758ecc9[State = -1, empty queue]] WARN  server.GrpcLogAppender (GrpcLogAppender.java:timeoutAppendRequest(200)) - 84b9980c-7545-47f2-8f8d-7bdb4cb4587c@group-5D4E048AB16A->ba884459-fbaf-490e-9b71-3c718ea82914-GrpcLogAppender: appendEntries Timeout, request=84b9980c-7545-47f2-8f8d-7bdb4cb4587c->ba884459-fbaf-490e-9b71-3c718ea82914#135-t2, previous=(t:2, i:33), leaderCommit=29, initializing? false, entries: <empty>
2019-09-17 12:23:44,410 [java.util.concurrent.ThreadPoolExecutor$Worker@17044d63[State = -1, empty queue]] WARN  server.GrpcLogAppender (GrpcLogAppender.java:timeoutAppendRequest(200)) - 7689548e-5f49-4f36-9667-e46ba21e9ae3@group-C0075F260562->a5f9b548-b989-4807-80f4-ff576b54977d-GrpcLogAppender: appendEntries Timeout, request=7689548e-5f49-4f36-9667-e46ba21e9ae3->a5f9b548-b989-4807-80f4-ff576b54977d#125-t2, previous=(t:2, i:20), leaderCommit=16, initializing? false, entries: <empty>
2019-09-17 12:23:44,553 [java.util.concurrent.ThreadPoolExecutor$Worker@4758ecc9[State = -1, empty queue]] WARN  server.GrpcLogAppender (GrpcLogAppender.java:timeoutAppendRequest(200)) - 84b9980c-7545-47f2-8f8d-7bdb4cb4587c@group-5D4E048AB16A->ba884459-fbaf-490e-9b71-3c718ea82914-GrpcLogAppender: appendEntries Timeout, request=84b9980c-7545-47f2-8f8d-7bdb4cb4587c->ba884459-fbaf-490e-9b71-3c718ea82914#136-t2, previous=(t:2, i:33), leaderCommit=29, initializing? false, entries: <empty>
2019-09-17 12:23:44,627 [Thread-1348] INFO  impl.FollowerState (FollowerState.java:run(106)) - ef58021b-0245-4b2a-b464-78c332d31a33:group-97FAE486DEE6 changes to CANDIDATE, lastRpcTime:1189, electionTimeout:1189ms
2019-09-17 12:23:44,627 [Thread-1348] INFO  impl.RoleInfo (RoleInfo.java:shutdownFollowerState(121)) - ef58021b-0245-4b2a-b464-78c332d31a33: shutdown FollowerState
2019-09-17 12:23:44,627 [Thread-1348] INFO  impl.RaftServerImpl (RaftServerImpl.java:setRole(174)) - ef58021b-0245-4b2a-b464-78c332d31a33@group-97FAE486DEE6: changes role from  FOLLOWER to CANDIDATE at term 17 for changeToCandidate
2019-09-17 12:23:44,628 [Thread-1348] INFO  impl.RoleInfo (RoleInfo.java:updateAndGet(143)) - ef58021b-0245-4b2a-b464-78c332d31a33: start LeaderElection
2019-09-17 12:23:44,665 [ef58021b-0245-4b2a-b464-78c332d31a33@group-97FAE486DEE6:LeaderElection40] INFO  impl.LeaderElection (LeaderElection.java:askForVotes(182)) - ef58021b-0245-4b2a-b464-78c332d31a33@group-97FAE486DEE6:LeaderElection40: begin an election at term 18 for 0: [ed86af58-6365-40b3-a78c-ef8881f9dd1e:192.168.5.130:38034, 0cdf7b9a-92f5-4bda-bda9-a502d9c924f1:192.168.5.130:42251, ef58021b-0245-4b2a-b464-78c332d31a33:192.168.5.130:45449], old=null
2019-09-17 12:23:44,666 [ef58021b-0245-4b2a-b464-78c332d31a33@group-97FAE486DEE6:LeaderElection40] INFO  impl.LeaderElection (LogUtils.java:infoOrTrace(149)) - ef58021b-0245-4b2a-b464-78c332d31a33@group-97FAE486DEE6:LeaderElection40 got exception when requesting votes: {}
java.util.concurrent.ExecutionException: org.apache.ratis.thirdparty.io.grpc.StatusRuntimeException: UNAVAILABLE: io exception
	at java.util.concurrent.FutureTask.report(FutureTask.java:122)
	at java.util.concurrent.FutureTask.get(FutureTask.java:192)
	at org.apache.ratis.server.impl.LeaderElection.waitForResults(LeaderElection.java:263)
	at org.apache.ratis.server.impl.LeaderElection.askForVotes(LeaderElection.java:201)
	at org.apache.ratis.server.impl.LeaderElection.run(LeaderElection.java:133)
	at java.lang.Thread.run(Thread.java:748)
Caused by: org.apache.ratis.thirdparty.io.grpc.StatusRuntimeException: UNAVAILABLE: io exception
	at org.apache.ratis.thirdparty.io.grpc.stub.ClientCalls.toStatusRuntimeException(ClientCalls.java:233)
	at org.apache.ratis.thirdparty.io.grpc.stub.ClientCalls.getUnchecked(ClientCalls.java:214)
	at org.apache.ratis.thirdparty.io.grpc.stub.ClientCalls.blockingUnaryCall(ClientCalls.java:139)
	at org.apache.ratis.proto.grpc.RaftServerProtocolServiceGrpc$RaftServerProtocolServiceBlockingStub.requestVote(RaftServerProtocolServiceGrpc.java:265)
	at org.apache.ratis.grpc.server.GrpcServerProtocolClient.requestVote(GrpcServerProtocolClient.java:90)
	at org.apache.ratis.grpc.server.GrpcService.requestVote(GrpcService.java:204)
	at org.apache.ratis.server.impl.LeaderElection.lambda$submitRequests$1(LeaderElection.java:238)
	at java.util.concurrent.FutureTask.run(FutureTask.java:266)
	at java.util.concurrent.Executors$RunnableAdapter.call(Executors.java:511)
	at java.util.concurrent.FutureTask.run(FutureTask.java:266)
	at java.util.concurrent.ThreadPoolExecutor.runWorker(ThreadPoolExecutor.java:1149)
	at java.util.concurrent.ThreadPoolExecutor$Worker.run(ThreadPoolExecutor.java:624)
	... 1 more
Caused by: org.apache.ratis.thirdparty.io.netty.channel.AbstractChannel$AnnotatedConnectException: Connection refused: /192.168.5.130:38034
	at sun.nio.ch.SocketChannelImpl.checkConnect(Native Method)
	at sun.nio.ch.SocketChannelImpl.finishConnect(SocketChannelImpl.java:717)
	at org.apache.ratis.thirdparty.io.netty.channel.socket.nio.NioSocketChannel.doFinishConnect(NioSocketChannel.java:327)
	at org.apache.ratis.thirdparty.io.netty.channel.nio.AbstractNioChannel$AbstractNioUnsafe.finishConnect(AbstractNioChannel.java:340)
	at org.apache.ratis.thirdparty.io.netty.channel.nio.NioEventLoop.processSelectedKey(NioEventLoop.java:632)
	at org.apache.ratis.thirdparty.io.netty.channel.nio.NioEventLoop.processSelectedKeysOptimized(NioEventLoop.java:579)
	at org.apache.ratis.thirdparty.io.netty.channel.nio.NioEventLoop.processSelectedKeys(NioEventLoop.java:496)
	at org.apache.ratis.thirdparty.io.netty.channel.nio.NioEventLoop.run(NioEventLoop.java:458)
	at org.apache.ratis.thirdparty.io.netty.util.concurrent.SingleThreadEventExecutor$5.run(SingleThreadEventExecutor.java:897)
	at org.apache.ratis.thirdparty.io.netty.util.concurrent.FastThreadLocalRunnable.run(FastThreadLocalRunnable.java:30)
	... 1 more
Caused by: java.net.ConnectException: Connection refused
	... 11 more
2019-09-17 12:23:44,671 [ef58021b-0245-4b2a-b464-78c332d31a33@group-97FAE486DEE6:LeaderElection40] INFO  impl.LeaderElection (LogUtils.java:infoOrTrace(149)) - ef58021b-0245-4b2a-b464-78c332d31a33@group-97FAE486DEE6:LeaderElection40 got exception when requesting votes: {}
java.util.concurrent.ExecutionException: org.apache.ratis.thirdparty.io.grpc.StatusRuntimeException: UNAVAILABLE: io exception
	at java.util.concurrent.FutureTask.report(FutureTask.java:122)
	at java.util.concurrent.FutureTask.get(FutureTask.java:192)
	at org.apache.ratis.server.impl.LeaderElection.waitForResults(LeaderElection.java:263)
	at org.apache.ratis.server.impl.LeaderElection.askForVotes(LeaderElection.java:201)
	at org.apache.ratis.server.impl.LeaderElection.run(LeaderElection.java:133)
	at java.lang.Thread.run(Thread.java:748)
Caused by: org.apache.ratis.thirdparty.io.grpc.StatusRuntimeException: UNAVAILABLE: io exception
	at org.apache.ratis.thirdparty.io.grpc.stub.ClientCalls.toStatusRuntimeException(ClientCalls.java:233)
	at org.apache.ratis.thirdparty.io.grpc.stub.ClientCalls.getUnchecked(ClientCalls.java:214)
	at org.apache.ratis.thirdparty.io.grpc.stub.ClientCalls.blockingUnaryCall(ClientCalls.java:139)
	at org.apache.ratis.proto.grpc.RaftServerProtocolServiceGrpc$RaftServerProtocolServiceBlockingStub.requestVote(RaftServerProtocolServiceGrpc.java:265)
	at org.apache.ratis.grpc.server.GrpcServerProtocolClient.requestVote(GrpcServerProtocolClient.java:90)
	at org.apache.ratis.grpc.server.GrpcService.requestVote(GrpcService.java:204)
	at org.apache.ratis.server.impl.LeaderElection.lambda$submitRequests$1(LeaderElection.java:238)
	at java.util.concurrent.FutureTask.run(FutureTask.java:266)
	at java.util.concurrent.Executors$RunnableAdapter.call(Executors.java:511)
	at java.util.concurrent.FutureTask.run(FutureTask.java:266)
	at java.util.concurrent.ThreadPoolExecutor.runWorker(ThreadPoolExecutor.java:1149)
	at java.util.concurrent.ThreadPoolExecutor$Worker.run(ThreadPoolExecutor.java:624)
	... 1 more
Caused by: org.apache.ratis.thirdparty.io.netty.channel.AbstractChannel$AnnotatedConnectException: Connection refused: /192.168.5.130:42251
	at sun.nio.ch.SocketChannelImpl.checkConnect(Native Method)
	at sun.nio.ch.SocketChannelImpl.finishConnect(SocketChannelImpl.java:717)
	at org.apache.ratis.thirdparty.io.netty.channel.socket.nio.NioSocketChannel.doFinishConnect(NioSocketChannel.java:327)
	at org.apache.ratis.thirdparty.io.netty.channel.nio.AbstractNioChannel$AbstractNioUnsafe.finishConnect(AbstractNioChannel.java:340)
	at org.apache.ratis.thirdparty.io.netty.channel.nio.NioEventLoop.processSelectedKey(NioEventLoop.java:632)
	at org.apache.ratis.thirdparty.io.netty.channel.nio.NioEventLoop.processSelectedKeysOptimized(NioEventLoop.java:579)
	at org.apache.ratis.thirdparty.io.netty.channel.nio.NioEventLoop.processSelectedKeys(NioEventLoop.java:496)
	at org.apache.ratis.thirdparty.io.netty.channel.nio.NioEventLoop.run(NioEventLoop.java:458)
	at org.apache.ratis.thirdparty.io.netty.util.concurrent.SingleThreadEventExecutor$5.run(SingleThreadEventExecutor.java:897)
	at org.apache.ratis.thirdparty.io.netty.util.concurrent.FastThreadLocalRunnable.run(FastThreadLocalRunnable.java:30)
	... 1 more
Caused by: java.net.ConnectException: Connection refused
	... 11 more
2019-09-17 12:23:44,675 [ef58021b-0245-4b2a-b464-78c332d31a33@group-97FAE486DEE6:LeaderElection40] INFO  impl.LeaderElection (LeaderElection.java:logAndReturn(56)) - ef58021b-0245-4b2a-b464-78c332d31a33@group-97FAE486DEE6:LeaderElection40: Election REJECTED; received 0 response(s) [] and 2 exception(s); ef58021b-0245-4b2a-b464-78c332d31a33@group-97FAE486DEE6:t18, leader=null, voted=ef58021b-0245-4b2a-b464-78c332d31a33, raftlog=ef58021b-0245-4b2a-b464-78c332d31a33@group-97FAE486DEE6-SegmentedRaftLog:OPENED:c27,f27,i27, conf=0: [ed86af58-6365-40b3-a78c-ef8881f9dd1e:192.168.5.130:38034, 0cdf7b9a-92f5-4bda-bda9-a502d9c924f1:192.168.5.130:42251, ef58021b-0245-4b2a-b464-78c332d31a33:192.168.5.130:45449], old=null
2019-09-17 12:23:44,675 [ef58021b-0245-4b2a-b464-78c332d31a33@group-97FAE486DEE6:LeaderElection40] INFO  impl.LeaderElection (LogUtils.java:infoOrTrace(149)) -   Exception 0: {}
java.util.concurrent.ExecutionException: org.apache.ratis.thirdparty.io.grpc.StatusRuntimeException: UNAVAILABLE: io exception
	at java.util.concurrent.FutureTask.report(FutureTask.java:122)
	at java.util.concurrent.FutureTask.get(FutureTask.java:192)
	at org.apache.ratis.server.impl.LeaderElection.waitForResults(LeaderElection.java:263)
	at org.apache.ratis.server.impl.LeaderElection.askForVotes(LeaderElection.java:201)
	at org.apache.ratis.server.impl.LeaderElection.run(LeaderElection.java:133)
	at java.lang.Thread.run(Thread.java:748)
Caused by: org.apache.ratis.thirdparty.io.grpc.StatusRuntimeException: UNAVAILABLE: io exception
	at org.apache.ratis.thirdparty.io.grpc.stub.ClientCalls.toStatusRuntimeException(ClientCalls.java:233)
	at org.apache.ratis.thirdparty.io.grpc.stub.ClientCalls.getUnchecked(ClientCalls.java:214)
	at org.apache.ratis.thirdparty.io.grpc.stub.ClientCalls.blockingUnaryCall(ClientCalls.java:139)
	at org.apache.ratis.proto.grpc.RaftServerProtocolServiceGrpc$RaftServerProtocolServiceBlockingStub.requestVote(RaftServerProtocolServiceGrpc.java:265)
	at org.apache.ratis.grpc.server.GrpcServerProtocolClient.requestVote(GrpcServerProtocolClient.java:90)
	at org.apache.ratis.grpc.server.GrpcService.requestVote(GrpcService.java:204)
	at org.apache.ratis.server.impl.LeaderElection.lambda$submitRequests$1(LeaderElection.java:238)
	at java.util.concurrent.FutureTask.run(FutureTask.java:266)
	at java.util.concurrent.Executors$RunnableAdapter.call(Executors.java:511)
	at java.util.concurrent.FutureTask.run(FutureTask.java:266)
	at java.util.concurrent.ThreadPoolExecutor.runWorker(ThreadPoolExecutor.java:1149)
	at java.util.concurrent.ThreadPoolExecutor$Worker.run(ThreadPoolExecutor.java:624)
	... 1 more
Caused by: org.apache.ratis.thirdparty.io.netty.channel.AbstractChannel$AnnotatedConnectException: Connection refused: /192.168.5.130:38034
	at sun.nio.ch.SocketChannelImpl.checkConnect(Native Method)
	at sun.nio.ch.SocketChannelImpl.finishConnect(SocketChannelImpl.java:717)
	at org.apache.ratis.thirdparty.io.netty.channel.socket.nio.NioSocketChannel.doFinishConnect(NioSocketChannel.java:327)
	at org.apache.ratis.thirdparty.io.netty.channel.nio.AbstractNioChannel$AbstractNioUnsafe.finishConnect(AbstractNioChannel.java:340)
	at org.apache.ratis.thirdparty.io.netty.channel.nio.NioEventLoop.processSelectedKey(NioEventLoop.java:632)
	at org.apache.ratis.thirdparty.io.netty.channel.nio.NioEventLoop.processSelectedKeysOptimized(NioEventLoop.java:579)
	at org.apache.ratis.thirdparty.io.netty.channel.nio.NioEventLoop.processSelectedKeys(NioEventLoop.java:496)
	at org.apache.ratis.thirdparty.io.netty.channel.nio.NioEventLoop.run(NioEventLoop.java:458)
	at org.apache.ratis.thirdparty.io.netty.util.concurrent.SingleThreadEventExecutor$5.run(SingleThreadEventExecutor.java:897)
	at org.apache.ratis.thirdparty.io.netty.util.concurrent.FastThreadLocalRunnable.run(FastThreadLocalRunnable.java:30)
	... 1 more
Caused by: java.net.ConnectException: Connection refused
	... 11 more
2019-09-17 12:23:44,675 [ef58021b-0245-4b2a-b464-78c332d31a33@group-97FAE486DEE6:LeaderElection40] INFO  impl.LeaderElection (LogUtils.java:infoOrTrace(149)) -   Exception 1: {}
java.util.concurrent.ExecutionException: org.apache.ratis.thirdparty.io.grpc.StatusRuntimeException: UNAVAILABLE: io exception
	at java.util.concurrent.FutureTask.report(FutureTask.java:122)
	at java.util.concurrent.FutureTask.get(FutureTask.java:192)
	at org.apache.ratis.server.impl.LeaderElection.waitForResults(LeaderElection.java:263)
	at org.apache.ratis.server.impl.LeaderElection.askForVotes(LeaderElection.java:201)
	at org.apache.ratis.server.impl.LeaderElection.run(LeaderElection.java:133)
	at java.lang.Thread.run(Thread.java:748)
Caused by: org.apache.ratis.thirdparty.io.grpc.StatusRuntimeException: UNAVAILABLE: io exception
	at org.apache.ratis.thirdparty.io.grpc.stub.ClientCalls.toStatusRuntimeException(ClientCalls.java:233)
	at org.apache.ratis.thirdparty.io.grpc.stub.ClientCalls.getUnchecked(ClientCalls.java:214)
	at org.apache.ratis.thirdparty.io.grpc.stub.ClientCalls.blockingUnaryCall(ClientCalls.java:139)
	at org.apache.ratis.proto.grpc.RaftServerProtocolServiceGrpc$RaftServerProtocolServiceBlockingStub.requestVote(RaftServerProtocolServiceGrpc.java:265)
	at org.apache.ratis.grpc.server.GrpcServerProtocolClient.requestVote(GrpcServerProtocolClient.java:90)
	at org.apache.ratis.grpc.server.GrpcService.requestVote(GrpcService.java:204)
	at org.apache.ratis.server.impl.LeaderElection.lambda$submitRequests$1(LeaderElection.java:238)
	at java.util.concurrent.FutureTask.run(FutureTask.java:266)
	at java.util.concurrent.Executors$RunnableAdapter.call(Executors.java:511)
	at java.util.concurrent.FutureTask.run(FutureTask.java:266)
	at java.util.concurrent.ThreadPoolExecutor.runWorker(ThreadPoolExecutor.java:1149)
	at java.util.concurrent.ThreadPoolExecutor$Worker.run(ThreadPoolExecutor.java:624)
	... 1 more
Caused by: org.apache.ratis.thirdparty.io.netty.channel.AbstractChannel$AnnotatedConnectException: Connection refused: /192.168.5.130:42251
	at sun.nio.ch.SocketChannelImpl.checkConnect(Native Method)
	at sun.nio.ch.SocketChannelImpl.finishConnect(SocketChannelImpl.java:717)
	at org.apache.ratis.thirdparty.io.netty.channel.socket.nio.NioSocketChannel.doFinishConnect(NioSocketChannel.java:327)
	at org.apache.ratis.thirdparty.io.netty.channel.nio.AbstractNioChannel$AbstractNioUnsafe.finishConnect(AbstractNioChannel.java:340)
	at org.apache.ratis.thirdparty.io.netty.channel.nio.NioEventLoop.processSelectedKey(NioEventLoop.java:632)
	at org.apache.ratis.thirdparty.io.netty.channel.nio.NioEventLoop.processSelectedKeysOptimized(NioEventLoop.java:579)
	at org.apache.ratis.thirdparty.io.netty.channel.nio.NioEventLoop.processSelectedKeys(NioEventLoop.java:496)
	at org.apache.ratis.thirdparty.io.netty.channel.nio.NioEventLoop.run(NioEventLoop.java:458)
	at org.apache.ratis.thirdparty.io.netty.util.concurrent.SingleThreadEventExecutor$5.run(SingleThreadEventExecutor.java:897)
	at org.apache.ratis.thirdparty.io.netty.util.concurrent.FastThreadLocalRunnable.run(FastThreadLocalRunnable.java:30)
	... 1 more
Caused by: java.net.ConnectException: Connection refused
	... 11 more
2019-09-17 12:23:44,676 [ef58021b-0245-4b2a-b464-78c332d31a33@group-97FAE486DEE6:LeaderElection40] INFO  impl.RaftServerImpl (RaftServerImpl.java:setRole(174)) - ef58021b-0245-4b2a-b464-78c332d31a33@group-97FAE486DEE6: changes role from CANDIDATE to FOLLOWER at term 18 for DISCOVERED_A_NEW_TERM
2019-09-17 12:23:44,676 [ef58021b-0245-4b2a-b464-78c332d31a33@group-97FAE486DEE6:LeaderElection40] INFO  impl.RoleInfo (RoleInfo.java:shutdownLeaderElection(134)) - ef58021b-0245-4b2a-b464-78c332d31a33: shutdown LeaderElection
2019-09-17 12:23:44,676 [ef58021b-0245-4b2a-b464-78c332d31a33@group-97FAE486DEE6:LeaderElection40] INFO  impl.RoleInfo (RoleInfo.java:updateAndGet(143)) - ef58021b-0245-4b2a-b464-78c332d31a33: start FollowerState
2019-09-17 12:23:44,910 [java.util.concurrent.ThreadPoolExecutor$Worker@17044d63[State = -1, empty queue]] WARN  server.GrpcLogAppender (GrpcLogAppender.java:timeoutAppendRequest(200)) - 7689548e-5f49-4f36-9667-e46ba21e9ae3@group-C0075F260562->a5f9b548-b989-4807-80f4-ff576b54977d-GrpcLogAppender: appendEntries Timeout, request=7689548e-5f49-4f36-9667-e46ba21e9ae3->a5f9b548-b989-4807-80f4-ff576b54977d#126-t2, previous=(t:2, i:20), leaderCommit=16, initializing? false, entries: <empty>
2019-09-17 12:23:45,053 [java.util.concurrent.ThreadPoolExecutor$Worker@4758ecc9[State = -1, empty queue]] WARN  server.GrpcLogAppender (GrpcLogAppender.java:timeoutAppendRequest(200)) - 84b9980c-7545-47f2-8f8d-7bdb4cb4587c@group-5D4E048AB16A->ba884459-fbaf-490e-9b71-3c718ea82914-GrpcLogAppender: appendEntries Timeout, request=84b9980c-7545-47f2-8f8d-7bdb4cb4587c->ba884459-fbaf-490e-9b71-3c718ea82914#137-t2, previous=(t:2, i:33), leaderCommit=29, initializing? false, entries: <empty>
2019-09-17 12:23:45,412 [java.util.concurrent.ThreadPoolExecutor$Worker@17044d63[State = -1, empty queue]] WARN  server.GrpcLogAppender (GrpcLogAppender.java:timeoutAppendRequest(200)) - 7689548e-5f49-4f36-9667-e46ba21e9ae3@group-C0075F260562->a5f9b548-b989-4807-80f4-ff576b54977d-GrpcLogAppender: appendEntries Timeout, request=7689548e-5f49-4f36-9667-e46ba21e9ae3->a5f9b548-b989-4807-80f4-ff576b54977d#127-t2, previous=(t:2, i:20), leaderCommit=16, initializing? false, entries: <empty>
2019-09-17 12:23:45,553 [java.util.concurrent.ThreadPoolExecutor$Worker@4758ecc9[State = -1, empty queue]] WARN  server.GrpcLogAppender (GrpcLogAppender.java:timeoutAppendRequest(200)) - 84b9980c-7545-47f2-8f8d-7bdb4cb4587c@group-5D4E048AB16A->ba884459-fbaf-490e-9b71-3c718ea82914-GrpcLogAppender: appendEntries Timeout, request=84b9980c-7545-47f2-8f8d-7bdb4cb4587c->ba884459-fbaf-490e-9b71-3c718ea82914#138-t2, previous=(t:2, i:33), leaderCommit=29, initializing? false, entries: <empty>
2019-09-17 12:23:45,699 [Thread-1361] INFO  impl.FollowerState (FollowerState.java:run(106)) - ef58021b-0245-4b2a-b464-78c332d31a33:group-97FAE486DEE6 changes to CANDIDATE, lastRpcTime:1022, electionTimeout:1022ms
2019-09-17 12:23:45,699 [Thread-1361] INFO  impl.RoleInfo (RoleInfo.java:shutdownFollowerState(121)) - ef58021b-0245-4b2a-b464-78c332d31a33: shutdown FollowerState
2019-09-17 12:23:45,699 [Thread-1361] INFO  impl.RaftServerImpl (RaftServerImpl.java:setRole(174)) - ef58021b-0245-4b2a-b464-78c332d31a33@group-97FAE486DEE6: changes role from  FOLLOWER to CANDIDATE at term 18 for changeToCandidate
2019-09-17 12:23:45,700 [Thread-1361] INFO  impl.RoleInfo (RoleInfo.java:updateAndGet(143)) - ef58021b-0245-4b2a-b464-78c332d31a33: start LeaderElection
2019-09-17 12:23:45,731 [ef58021b-0245-4b2a-b464-78c332d31a33@group-97FAE486DEE6:LeaderElection41] INFO  impl.LeaderElection (LeaderElection.java:askForVotes(182)) - ef58021b-0245-4b2a-b464-78c332d31a33@group-97FAE486DEE6:LeaderElection41: begin an election at term 19 for 0: [ed86af58-6365-40b3-a78c-ef8881f9dd1e:192.168.5.130:38034, 0cdf7b9a-92f5-4bda-bda9-a502d9c924f1:192.168.5.130:42251, ef58021b-0245-4b2a-b464-78c332d31a33:192.168.5.130:45449], old=null
2019-09-17 12:23:45,733 [ef58021b-0245-4b2a-b464-78c332d31a33@group-97FAE486DEE6:LeaderElection41] INFO  impl.LeaderElection (LogUtils.java:infoOrTrace(149)) - ef58021b-0245-4b2a-b464-78c332d31a33@group-97FAE486DEE6:LeaderElection41 got exception when requesting votes: {}
java.util.concurrent.ExecutionException: org.apache.ratis.thirdparty.io.grpc.StatusRuntimeException: UNAVAILABLE: io exception
	at java.util.concurrent.FutureTask.report(FutureTask.java:122)
	at java.util.concurrent.FutureTask.get(FutureTask.java:192)
	at org.apache.ratis.server.impl.LeaderElection.waitForResults(LeaderElection.java:263)
	at org.apache.ratis.server.impl.LeaderElection.askForVotes(LeaderElection.java:201)
	at org.apache.ratis.server.impl.LeaderElection.run(LeaderElection.java:133)
	at java.lang.Thread.run(Thread.java:748)
Caused by: org.apache.ratis.thirdparty.io.grpc.StatusRuntimeException: UNAVAILABLE: io exception
	at org.apache.ratis.thirdparty.io.grpc.stub.ClientCalls.toStatusRuntimeException(ClientCalls.java:233)
	at org.apache.ratis.thirdparty.io.grpc.stub.ClientCalls.getUnchecked(ClientCalls.java:214)
	at org.apache.ratis.thirdparty.io.grpc.stub.ClientCalls.blockingUnaryCall(ClientCalls.java:139)
	at org.apache.ratis.proto.grpc.RaftServerProtocolServiceGrpc$RaftServerProtocolServiceBlockingStub.requestVote(RaftServerProtocolServiceGrpc.java:265)
	at org.apache.ratis.grpc.server.GrpcServerProtocolClient.requestVote(GrpcServerProtocolClient.java:90)
	at org.apache.ratis.grpc.server.GrpcService.requestVote(GrpcService.java:204)
	at org.apache.ratis.server.impl.LeaderElection.lambda$submitRequests$1(LeaderElection.java:238)
	at java.util.concurrent.FutureTask.run(FutureTask.java:266)
	at java.util.concurrent.Executors$RunnableAdapter.call(Executors.java:511)
	at java.util.concurrent.FutureTask.run(FutureTask.java:266)
	at java.util.concurrent.ThreadPoolExecutor.runWorker(ThreadPoolExecutor.java:1149)
	at java.util.concurrent.ThreadPoolExecutor$Worker.run(ThreadPoolExecutor.java:624)
	... 1 more
Caused by: org.apache.ratis.thirdparty.io.netty.channel.AbstractChannel$AnnotatedConnectException: Connection refused: /192.168.5.130:38034
	at sun.nio.ch.SocketChannelImpl.checkConnect(Native Method)
	at sun.nio.ch.SocketChannelImpl.finishConnect(SocketChannelImpl.java:717)
	at org.apache.ratis.thirdparty.io.netty.channel.socket.nio.NioSocketChannel.doFinishConnect(NioSocketChannel.java:327)
	at org.apache.ratis.thirdparty.io.netty.channel.nio.AbstractNioChannel$AbstractNioUnsafe.finishConnect(AbstractNioChannel.java:340)
	at org.apache.ratis.thirdparty.io.netty.channel.nio.NioEventLoop.processSelectedKey(NioEventLoop.java:632)
	at org.apache.ratis.thirdparty.io.netty.channel.nio.NioEventLoop.processSelectedKeysOptimized(NioEventLoop.java:579)
	at org.apache.ratis.thirdparty.io.netty.channel.nio.NioEventLoop.processSelectedKeys(NioEventLoop.java:496)
	at org.apache.ratis.thirdparty.io.netty.channel.nio.NioEventLoop.run(NioEventLoop.java:458)
	at org.apache.ratis.thirdparty.io.netty.util.concurrent.SingleThreadEventExecutor$5.run(SingleThreadEventExecutor.java:897)
	at org.apache.ratis.thirdparty.io.netty.util.concurrent.FastThreadLocalRunnable.run(FastThreadLocalRunnable.java:30)
	... 1 more
Caused by: java.net.ConnectException: Connection refused
	... 11 more
2019-09-17 12:23:45,736 [ef58021b-0245-4b2a-b464-78c332d31a33@group-97FAE486DEE6:LeaderElection41] INFO  impl.LeaderElection (LogUtils.java:infoOrTrace(149)) - ef58021b-0245-4b2a-b464-78c332d31a33@group-97FAE486DEE6:LeaderElection41 got exception when requesting votes: {}
java.util.concurrent.ExecutionException: org.apache.ratis.thirdparty.io.grpc.StatusRuntimeException: UNAVAILABLE: io exception
	at java.util.concurrent.FutureTask.report(FutureTask.java:122)
	at java.util.concurrent.FutureTask.get(FutureTask.java:192)
	at org.apache.ratis.server.impl.LeaderElection.waitForResults(LeaderElection.java:263)
	at org.apache.ratis.server.impl.LeaderElection.askForVotes(LeaderElection.java:201)
	at org.apache.ratis.server.impl.LeaderElection.run(LeaderElection.java:133)
	at java.lang.Thread.run(Thread.java:748)
Caused by: org.apache.ratis.thirdparty.io.grpc.StatusRuntimeException: UNAVAILABLE: io exception
	at org.apache.ratis.thirdparty.io.grpc.stub.ClientCalls.toStatusRuntimeException(ClientCalls.java:233)
	at org.apache.ratis.thirdparty.io.grpc.stub.ClientCalls.getUnchecked(ClientCalls.java:214)
	at org.apache.ratis.thirdparty.io.grpc.stub.ClientCalls.blockingUnaryCall(ClientCalls.java:139)
	at org.apache.ratis.proto.grpc.RaftServerProtocolServiceGrpc$RaftServerProtocolServiceBlockingStub.requestVote(RaftServerProtocolServiceGrpc.java:265)
	at org.apache.ratis.grpc.server.GrpcServerProtocolClient.requestVote(GrpcServerProtocolClient.java:90)
	at org.apache.ratis.grpc.server.GrpcService.requestVote(GrpcService.java:204)
	at org.apache.ratis.server.impl.LeaderElection.lambda$submitRequests$1(LeaderElection.java:238)
	at java.util.concurrent.FutureTask.run(FutureTask.java:266)
	at java.util.concurrent.Executors$RunnableAdapter.call(Executors.java:511)
	at java.util.concurrent.FutureTask.run(FutureTask.java:266)
	at java.util.concurrent.ThreadPoolExecutor.runWorker(ThreadPoolExecutor.java:1149)
	at java.util.concurrent.ThreadPoolExecutor$Worker.run(ThreadPoolExecutor.java:624)
	... 1 more
Caused by: org.apache.ratis.thirdparty.io.netty.channel.AbstractChannel$AnnotatedConnectException: Connection refused: /192.168.5.130:42251
	at sun.nio.ch.SocketChannelImpl.checkConnect(Native Method)
	at sun.nio.ch.SocketChannelImpl.finishConnect(SocketChannelImpl.java:717)
	at org.apache.ratis.thirdparty.io.netty.channel.socket.nio.NioSocketChannel.doFinishConnect(NioSocketChannel.java:327)
	at org.apache.ratis.thirdparty.io.netty.channel.nio.AbstractNioChannel$AbstractNioUnsafe.finishConnect(AbstractNioChannel.java:340)
	at org.apache.ratis.thirdparty.io.netty.channel.nio.NioEventLoop.processSelectedKey(NioEventLoop.java:632)
	at org.apache.ratis.thirdparty.io.netty.channel.nio.NioEventLoop.processSelectedKeysOptimized(NioEventLoop.java:579)
	at org.apache.ratis.thirdparty.io.netty.channel.nio.NioEventLoop.processSelectedKeys(NioEventLoop.java:496)
	at org.apache.ratis.thirdparty.io.netty.channel.nio.NioEventLoop.run(NioEventLoop.java:458)
	at org.apache.ratis.thirdparty.io.netty.util.concurrent.SingleThreadEventExecutor$5.run(SingleThreadEventExecutor.java:897)
	at org.apache.ratis.thirdparty.io.netty.util.concurrent.FastThreadLocalRunnable.run(FastThreadLocalRunnable.java:30)
	... 1 more
Caused by: java.net.ConnectException: Connection refused
	... 11 more
2019-09-17 12:23:45,739 [ef58021b-0245-4b2a-b464-78c332d31a33@group-97FAE486DEE6:LeaderElection41] INFO  impl.LeaderElection (LeaderElection.java:logAndReturn(56)) - ef58021b-0245-4b2a-b464-78c332d31a33@group-97FAE486DEE6:LeaderElection41: Election REJECTED; received 0 response(s) [] and 2 exception(s); ef58021b-0245-4b2a-b464-78c332d31a33@group-97FAE486DEE6:t19, leader=null, voted=ef58021b-0245-4b2a-b464-78c332d31a33, raftlog=ef58021b-0245-4b2a-b464-78c332d31a33@group-97FAE486DEE6-SegmentedRaftLog:OPENED:c27,f27,i27, conf=0: [ed86af58-6365-40b3-a78c-ef8881f9dd1e:192.168.5.130:38034, 0cdf7b9a-92f5-4bda-bda9-a502d9c924f1:192.168.5.130:42251, ef58021b-0245-4b2a-b464-78c332d31a33:192.168.5.130:45449], old=null
2019-09-17 12:23:45,739 [ef58021b-0245-4b2a-b464-78c332d31a33@group-97FAE486DEE6:LeaderElection41] INFO  impl.LeaderElection (LogUtils.java:infoOrTrace(149)) -   Exception 0: {}
java.util.concurrent.ExecutionException: org.apache.ratis.thirdparty.io.grpc.StatusRuntimeException: UNAVAILABLE: io exception
	at java.util.concurrent.FutureTask.report(FutureTask.java:122)
	at java.util.concurrent.FutureTask.get(FutureTask.java:192)
	at org.apache.ratis.server.impl.LeaderElection.waitForResults(LeaderElection.java:263)
	at org.apache.ratis.server.impl.LeaderElection.askForVotes(LeaderElection.java:201)
	at org.apache.ratis.server.impl.LeaderElection.run(LeaderElection.java:133)
	at java.lang.Thread.run(Thread.java:748)
Caused by: org.apache.ratis.thirdparty.io.grpc.StatusRuntimeException: UNAVAILABLE: io exception
	at org.apache.ratis.thirdparty.io.grpc.stub.ClientCalls.toStatusRuntimeException(ClientCalls.java:233)
	at org.apache.ratis.thirdparty.io.grpc.stub.ClientCalls.getUnchecked(ClientCalls.java:214)
	at org.apache.ratis.thirdparty.io.grpc.stub.ClientCalls.blockingUnaryCall(ClientCalls.java:139)
	at org.apache.ratis.proto.grpc.RaftServerProtocolServiceGrpc$RaftServerProtocolServiceBlockingStub.requestVote(RaftServerProtocolServiceGrpc.java:265)
	at org.apache.ratis.grpc.server.GrpcServerProtocolClient.requestVote(GrpcServerProtocolClient.java:90)
	at org.apache.ratis.grpc.server.GrpcService.requestVote(GrpcService.java:204)
	at org.apache.ratis.server.impl.LeaderElection.lambda$submitRequests$1(LeaderElection.java:238)
	at java.util.concurrent.FutureTask.run(FutureTask.java:266)
	at java.util.concurrent.Executors$RunnableAdapter.call(Executors.java:511)
	at java.util.concurrent.FutureTask.run(FutureTask.java:266)
	at java.util.concurrent.ThreadPoolExecutor.runWorker(ThreadPoolExecutor.java:1149)
	at java.util.concurrent.ThreadPoolExecutor$Worker.run(ThreadPoolExecutor.java:624)
	... 1 more
Caused by: org.apache.ratis.thirdparty.io.netty.channel.AbstractChannel$AnnotatedConnectException: Connection refused: /192.168.5.130:38034
	at sun.nio.ch.SocketChannelImpl.checkConnect(Native Method)
	at sun.nio.ch.SocketChannelImpl.finishConnect(SocketChannelImpl.java:717)
	at org.apache.ratis.thirdparty.io.netty.channel.socket.nio.NioSocketChannel.doFinishConnect(NioSocketChannel.java:327)
	at org.apache.ratis.thirdparty.io.netty.channel.nio.AbstractNioChannel$AbstractNioUnsafe.finishConnect(AbstractNioChannel.java:340)
	at org.apache.ratis.thirdparty.io.netty.channel.nio.NioEventLoop.processSelectedKey(NioEventLoop.java:632)
	at org.apache.ratis.thirdparty.io.netty.channel.nio.NioEventLoop.processSelectedKeysOptimized(NioEventLoop.java:579)
	at org.apache.ratis.thirdparty.io.netty.channel.nio.NioEventLoop.processSelectedKeys(NioEventLoop.java:496)
	at org.apache.ratis.thirdparty.io.netty.channel.nio.NioEventLoop.run(NioEventLoop.java:458)
	at org.apache.ratis.thirdparty.io.netty.util.concurrent.SingleThreadEventExecutor$5.run(SingleThreadEventExecutor.java:897)
	at org.apache.ratis.thirdparty.io.netty.util.concurrent.FastThreadLocalRunnable.run(FastThreadLocalRunnable.java:30)
	... 1 more
Caused by: java.net.ConnectException: Connection refused
	... 11 more
2019-09-17 12:23:45,739 [ef58021b-0245-4b2a-b464-78c332d31a33@group-97FAE486DEE6:LeaderElection41] INFO  impl.LeaderElection (LogUtils.java:infoOrTrace(149)) -   Exception 1: {}
java.util.concurrent.ExecutionException: org.apache.ratis.thirdparty.io.grpc.StatusRuntimeException: UNAVAILABLE: io exception
	at java.util.concurrent.FutureTask.report(FutureTask.java:122)
	at java.util.concurrent.FutureTask.get(FutureTask.java:192)
	at org.apache.ratis.server.impl.LeaderElection.waitForResults(LeaderElection.java:263)
	at org.apache.ratis.server.impl.LeaderElection.askForVotes(LeaderElection.java:201)
	at org.apache.ratis.server.impl.LeaderElection.run(LeaderElection.java:133)
	at java.lang.Thread.run(Thread.java:748)
Caused by: org.apache.ratis.thirdparty.io.grpc.StatusRuntimeException: UNAVAILABLE: io exception
	at org.apache.ratis.thirdparty.io.grpc.stub.ClientCalls.toStatusRuntimeException(ClientCalls.java:233)
	at org.apache.ratis.thirdparty.io.grpc.stub.ClientCalls.getUnchecked(ClientCalls.java:214)
	at org.apache.ratis.thirdparty.io.grpc.stub.ClientCalls.blockingUnaryCall(ClientCalls.java:139)
	at org.apache.ratis.proto.grpc.RaftServerProtocolServiceGrpc$RaftServerProtocolServiceBlockingStub.requestVote(RaftServerProtocolServiceGrpc.java:265)
	at org.apache.ratis.grpc.server.GrpcServerProtocolClient.requestVote(GrpcServerProtocolClient.java:90)
	at org.apache.ratis.grpc.server.GrpcService.requestVote(GrpcService.java:204)
	at org.apache.ratis.server.impl.LeaderElection.lambda$submitRequests$1(LeaderElection.java:238)
	at java.util.concurrent.FutureTask.run(FutureTask.java:266)
	at java.util.concurrent.Executors$RunnableAdapter.call(Executors.java:511)
	at java.util.concurrent.FutureTask.run(FutureTask.java:266)
	at java.util.concurrent.ThreadPoolExecutor.runWorker(ThreadPoolExecutor.java:1149)
	at java.util.concurrent.ThreadPoolExecutor$Worker.run(ThreadPoolExecutor.java:624)
	... 1 more
Caused by: org.apache.ratis.thirdparty.io.netty.channel.AbstractChannel$AnnotatedConnectException: Connection refused: /192.168.5.130:42251
	at sun.nio.ch.SocketChannelImpl.checkConnect(Native Method)
	at sun.nio.ch.SocketChannelImpl.finishConnect(SocketChannelImpl.java:717)
	at org.apache.ratis.thirdparty.io.netty.channel.socket.nio.NioSocketChannel.doFinishConnect(NioSocketChannel.java:327)
	at org.apache.ratis.thirdparty.io.netty.channel.nio.AbstractNioChannel$AbstractNioUnsafe.finishConnect(AbstractNioChannel.java:340)
	at org.apache.ratis.thirdparty.io.netty.channel.nio.NioEventLoop.processSelectedKey(NioEventLoop.java:632)
	at org.apache.ratis.thirdparty.io.netty.channel.nio.NioEventLoop.processSelectedKeysOptimized(NioEventLoop.java:579)
	at org.apache.ratis.thirdparty.io.netty.channel.nio.NioEventLoop.processSelectedKeys(NioEventLoop.java:496)
	at org.apache.ratis.thirdparty.io.netty.channel.nio.NioEventLoop.run(NioEventLoop.java:458)
	at org.apache.ratis.thirdparty.io.netty.util.concurrent.SingleThreadEventExecutor$5.run(SingleThreadEventExecutor.java:897)
	at org.apache.ratis.thirdparty.io.netty.util.concurrent.FastThreadLocalRunnable.run(FastThreadLocalRunnable.java:30)
	... 1 more
Caused by: java.net.ConnectException: Connection refused
	... 11 more
2019-09-17 12:23:45,740 [ef58021b-0245-4b2a-b464-78c332d31a33@group-97FAE486DEE6:LeaderElection41] INFO  impl.RaftServerImpl (RaftServerImpl.java:setRole(174)) - ef58021b-0245-4b2a-b464-78c332d31a33@group-97FAE486DEE6: changes role from CANDIDATE to FOLLOWER at term 19 for DISCOVERED_A_NEW_TERM
2019-09-17 12:23:45,740 [ef58021b-0245-4b2a-b464-78c332d31a33@group-97FAE486DEE6:LeaderElection41] INFO  impl.RoleInfo (RoleInfo.java:shutdownLeaderElection(134)) - ef58021b-0245-4b2a-b464-78c332d31a33: shutdown LeaderElection
2019-09-17 12:23:45,740 [ef58021b-0245-4b2a-b464-78c332d31a33@group-97FAE486DEE6:LeaderElection41] INFO  impl.RoleInfo (RoleInfo.java:updateAndGet(143)) - ef58021b-0245-4b2a-b464-78c332d31a33: start FollowerState
2019-09-17 12:23:45,912 [java.util.concurrent.ThreadPoolExecutor$Worker@17044d63[State = -1, empty queue]] WARN  server.GrpcLogAppender (GrpcLogAppender.java:timeoutAppendRequest(200)) - 7689548e-5f49-4f36-9667-e46ba21e9ae3@group-C0075F260562->a5f9b548-b989-4807-80f4-ff576b54977d-GrpcLogAppender: appendEntries Timeout, request=7689548e-5f49-4f36-9667-e46ba21e9ae3->a5f9b548-b989-4807-80f4-ff576b54977d#128-t2, previous=(t:2, i:20), leaderCommit=16, initializing? false, entries: <empty>
2019-09-17 12:23:46,054 [java.util.concurrent.ThreadPoolExecutor$Worker@4758ecc9[State = -1, empty queue]] WARN  server.GrpcLogAppender (GrpcLogAppender.java:timeoutAppendRequest(200)) - 84b9980c-7545-47f2-8f8d-7bdb4cb4587c@group-5D4E048AB16A->ba884459-fbaf-490e-9b71-3c718ea82914-GrpcLogAppender: appendEntries Timeout, request=84b9980c-7545-47f2-8f8d-7bdb4cb4587c->ba884459-fbaf-490e-9b71-3c718ea82914#139-t2, previous=(t:2, i:33), leaderCommit=29, initializing? false, entries: <empty>
2019-09-17 12:23:46,413 [java.util.concurrent.ThreadPoolExecutor$Worker@17044d63[State = -1, empty queue]] WARN  server.GrpcLogAppender (GrpcLogAppender.java:timeoutAppendRequest(200)) - 7689548e-5f49-4f36-9667-e46ba21e9ae3@group-C0075F260562->a5f9b548-b989-4807-80f4-ff576b54977d-GrpcLogAppender: appendEntries Timeout, request=7689548e-5f49-4f36-9667-e46ba21e9ae3->a5f9b548-b989-4807-80f4-ff576b54977d#129-t2, previous=(t:2, i:20), leaderCommit=16, initializing? false, entries: <empty>
2019-09-17 12:23:46,554 [java.util.concurrent.ThreadPoolExecutor$Worker@4758ecc9[State = -1, empty queue]] WARN  server.GrpcLogAppender (GrpcLogAppender.java:timeoutAppendRequest(200)) - 84b9980c-7545-47f2-8f8d-7bdb4cb4587c@group-5D4E048AB16A->ba884459-fbaf-490e-9b71-3c718ea82914-GrpcLogAppender: appendEntries Timeout, request=84b9980c-7545-47f2-8f8d-7bdb4cb4587c->ba884459-fbaf-490e-9b71-3c718ea82914#140-t2, previous=(t:2, i:33), leaderCommit=29, initializing? false, entries: <empty>
2019-09-17 12:23:46,763 [Thread-1373] INFO  impl.FollowerState (FollowerState.java:run(106)) - ef58021b-0245-4b2a-b464-78c332d31a33:group-97FAE486DEE6 changes to CANDIDATE, lastRpcTime:1022, electionTimeout:1022ms
2019-09-17 12:23:46,763 [Thread-1373] INFO  impl.RoleInfo (RoleInfo.java:shutdownFollowerState(121)) - ef58021b-0245-4b2a-b464-78c332d31a33: shutdown FollowerState
2019-09-17 12:23:46,763 [Thread-1373] INFO  impl.RaftServerImpl (RaftServerImpl.java:setRole(174)) - ef58021b-0245-4b2a-b464-78c332d31a33@group-97FAE486DEE6: changes role from  FOLLOWER to CANDIDATE at term 19 for changeToCandidate
2019-09-17 12:23:46,763 [Thread-1373] INFO  impl.RoleInfo (RoleInfo.java:updateAndGet(143)) - ef58021b-0245-4b2a-b464-78c332d31a33: start LeaderElection
2019-09-17 12:23:46,790 [ef58021b-0245-4b2a-b464-78c332d31a33@group-97FAE486DEE6:LeaderElection42] INFO  impl.LeaderElection (LeaderElection.java:askForVotes(182)) - ef58021b-0245-4b2a-b464-78c332d31a33@group-97FAE486DEE6:LeaderElection42: begin an election at term 20 for 0: [ed86af58-6365-40b3-a78c-ef8881f9dd1e:192.168.5.130:38034, 0cdf7b9a-92f5-4bda-bda9-a502d9c924f1:192.168.5.130:42251, ef58021b-0245-4b2a-b464-78c332d31a33:192.168.5.130:45449], old=null
2019-09-17 12:23:46,791 [ef58021b-0245-4b2a-b464-78c332d31a33@group-97FAE486DEE6:LeaderElection42] INFO  impl.LeaderElection (LogUtils.java:infoOrTrace(149)) - ef58021b-0245-4b2a-b464-78c332d31a33@group-97FAE486DEE6:LeaderElection42 got exception when requesting votes: {}
java.util.concurrent.ExecutionException: org.apache.ratis.thirdparty.io.grpc.StatusRuntimeException: UNAVAILABLE: io exception
	at java.util.concurrent.FutureTask.report(FutureTask.java:122)
	at java.util.concurrent.FutureTask.get(FutureTask.java:192)
	at org.apache.ratis.server.impl.LeaderElection.waitForResults(LeaderElection.java:263)
	at org.apache.ratis.server.impl.LeaderElection.askForVotes(LeaderElection.java:201)
	at org.apache.ratis.server.impl.LeaderElection.run(LeaderElection.java:133)
	at java.lang.Thread.run(Thread.java:748)
Caused by: org.apache.ratis.thirdparty.io.grpc.StatusRuntimeException: UNAVAILABLE: io exception
	at org.apache.ratis.thirdparty.io.grpc.stub.ClientCalls.toStatusRuntimeException(ClientCalls.java:233)
	at org.apache.ratis.thirdparty.io.grpc.stub.ClientCalls.getUnchecked(ClientCalls.java:214)
	at org.apache.ratis.thirdparty.io.grpc.stub.ClientCalls.blockingUnaryCall(ClientCalls.java:139)
	at org.apache.ratis.proto.grpc.RaftServerProtocolServiceGrpc$RaftServerProtocolServiceBlockingStub.requestVote(RaftServerProtocolServiceGrpc.java:265)
	at org.apache.ratis.grpc.server.GrpcServerProtocolClient.requestVote(GrpcServerProtocolClient.java:90)
	at org.apache.ratis.grpc.server.GrpcService.requestVote(GrpcService.java:204)
	at org.apache.ratis.server.impl.LeaderElection.lambda$submitRequests$1(LeaderElection.java:238)
	at java.util.concurrent.FutureTask.run(FutureTask.java:266)
	at java.util.concurrent.Executors$RunnableAdapter.call(Executors.java:511)
	at java.util.concurrent.FutureTask.run(FutureTask.java:266)
	at java.util.concurrent.ThreadPoolExecutor.runWorker(ThreadPoolExecutor.java:1149)
	at java.util.concurrent.ThreadPoolExecutor$Worker.run(ThreadPoolExecutor.java:624)
	... 1 more
Caused by: org.apache.ratis.thirdparty.io.netty.channel.AbstractChannel$AnnotatedConnectException: Connection refused: /192.168.5.130:38034
	at sun.nio.ch.SocketChannelImpl.checkConnect(Native Method)
	at sun.nio.ch.SocketChannelImpl.finishConnect(SocketChannelImpl.java:717)
	at org.apache.ratis.thirdparty.io.netty.channel.socket.nio.NioSocketChannel.doFinishConnect(NioSocketChannel.java:327)
	at org.apache.ratis.thirdparty.io.netty.channel.nio.AbstractNioChannel$AbstractNioUnsafe.finishConnect(AbstractNioChannel.java:340)
	at org.apache.ratis.thirdparty.io.netty.channel.nio.NioEventLoop.processSelectedKey(NioEventLoop.java:632)
	at org.apache.ratis.thirdparty.io.netty.channel.nio.NioEventLoop.processSelectedKeysOptimized(NioEventLoop.java:579)
	at org.apache.ratis.thirdparty.io.netty.channel.nio.NioEventLoop.processSelectedKeys(NioEventLoop.java:496)
	at org.apache.ratis.thirdparty.io.netty.channel.nio.NioEventLoop.run(NioEventLoop.java:458)
	at org.apache.ratis.thirdparty.io.netty.util.concurrent.SingleThreadEventExecutor$5.run(SingleThreadEventExecutor.java:897)
	at org.apache.ratis.thirdparty.io.netty.util.concurrent.FastThreadLocalRunnable.run(FastThreadLocalRunnable.java:30)
	... 1 more
Caused by: java.net.ConnectException: Connection refused
	... 11 more
2019-09-17 12:23:46,795 [ef58021b-0245-4b2a-b464-78c332d31a33@group-97FAE486DEE6:LeaderElection42] INFO  impl.LeaderElection (LogUtils.java:infoOrTrace(149)) - ef58021b-0245-4b2a-b464-78c332d31a33@group-97FAE486DEE6:LeaderElection42 got exception when requesting votes: {}
java.util.concurrent.ExecutionException: org.apache.ratis.thirdparty.io.grpc.StatusRuntimeException: UNAVAILABLE: io exception
	at java.util.concurrent.FutureTask.report(FutureTask.java:122)
	at java.util.concurrent.FutureTask.get(FutureTask.java:192)
	at org.apache.ratis.server.impl.LeaderElection.waitForResults(LeaderElection.java:263)
	at org.apache.ratis.server.impl.LeaderElection.askForVotes(LeaderElection.java:201)
	at org.apache.ratis.server.impl.LeaderElection.run(LeaderElection.java:133)
	at java.lang.Thread.run(Thread.java:748)
Caused by: org.apache.ratis.thirdparty.io.grpc.StatusRuntimeException: UNAVAILABLE: io exception
	at org.apache.ratis.thirdparty.io.grpc.stub.ClientCalls.toStatusRuntimeException(ClientCalls.java:233)
	at org.apache.ratis.thirdparty.io.grpc.stub.ClientCalls.getUnchecked(ClientCalls.java:214)
	at org.apache.ratis.thirdparty.io.grpc.stub.ClientCalls.blockingUnaryCall(ClientCalls.java:139)
	at org.apache.ratis.proto.grpc.RaftServerProtocolServiceGrpc$RaftServerProtocolServiceBlockingStub.requestVote(RaftServerProtocolServiceGrpc.java:265)
	at org.apache.ratis.grpc.server.GrpcServerProtocolClient.requestVote(GrpcServerProtocolClient.java:90)
	at org.apache.ratis.grpc.server.GrpcService.requestVote(GrpcService.java:204)
	at org.apache.ratis.server.impl.LeaderElection.lambda$submitRequests$1(LeaderElection.java:238)
	at java.util.concurrent.FutureTask.run(FutureTask.java:266)
	at java.util.concurrent.Executors$RunnableAdapter.call(Executors.java:511)
	at java.util.concurrent.FutureTask.run(FutureTask.java:266)
	at java.util.concurrent.ThreadPoolExecutor.runWorker(ThreadPoolExecutor.java:1149)
	at java.util.concurrent.ThreadPoolExecutor$Worker.run(ThreadPoolExecutor.java:624)
	... 1 more
Caused by: org.apache.ratis.thirdparty.io.netty.channel.AbstractChannel$AnnotatedConnectException: Connection refused: /192.168.5.130:42251
	at sun.nio.ch.SocketChannelImpl.checkConnect(Native Method)
	at sun.nio.ch.SocketChannelImpl.finishConnect(SocketChannelImpl.java:717)
	at org.apache.ratis.thirdparty.io.netty.channel.socket.nio.NioSocketChannel.doFinishConnect(NioSocketChannel.java:327)
	at org.apache.ratis.thirdparty.io.netty.channel.nio.AbstractNioChannel$AbstractNioUnsafe.finishConnect(AbstractNioChannel.java:340)
	at org.apache.ratis.thirdparty.io.netty.channel.nio.NioEventLoop.processSelectedKey(NioEventLoop.java:632)
	at org.apache.ratis.thirdparty.io.netty.channel.nio.NioEventLoop.processSelectedKeysOptimized(NioEventLoop.java:579)
	at org.apache.ratis.thirdparty.io.netty.channel.nio.NioEventLoop.processSelectedKeys(NioEventLoop.java:496)
	at org.apache.ratis.thirdparty.io.netty.channel.nio.NioEventLoop.run(NioEventLoop.java:458)
	at org.apache.ratis.thirdparty.io.netty.util.concurrent.SingleThreadEventExecutor$5.run(SingleThreadEventExecutor.java:897)
	at org.apache.ratis.thirdparty.io.netty.util.concurrent.FastThreadLocalRunnable.run(FastThreadLocalRunnable.java:30)
	... 1 more
Caused by: java.net.ConnectException: Connection refused
	... 11 more
2019-09-17 12:23:46,798 [ef58021b-0245-4b2a-b464-78c332d31a33@group-97FAE486DEE6:LeaderElection42] INFO  impl.LeaderElection (LeaderElection.java:logAndReturn(56)) - ef58021b-0245-4b2a-b464-78c332d31a33@group-97FAE486DEE6:LeaderElection42: Election REJECTED; received 0 response(s) [] and 2 exception(s); ef58021b-0245-4b2a-b464-78c332d31a33@group-97FAE486DEE6:t20, leader=null, voted=ef58021b-0245-4b2a-b464-78c332d31a33, raftlog=ef58021b-0245-4b2a-b464-78c332d31a33@group-97FAE486DEE6-SegmentedRaftLog:OPENED:c27,f27,i27, conf=0: [ed86af58-6365-40b3-a78c-ef8881f9dd1e:192.168.5.130:38034, 0cdf7b9a-92f5-4bda-bda9-a502d9c924f1:192.168.5.130:42251, ef58021b-0245-4b2a-b464-78c332d31a33:192.168.5.130:45449], old=null
2019-09-17 12:23:46,798 [ef58021b-0245-4b2a-b464-78c332d31a33@group-97FAE486DEE6:LeaderElection42] INFO  impl.LeaderElection (LogUtils.java:infoOrTrace(149)) -   Exception 0: {}
java.util.concurrent.ExecutionException: org.apache.ratis.thirdparty.io.grpc.StatusRuntimeException: UNAVAILABLE: io exception
	at java.util.concurrent.FutureTask.report(FutureTask.java:122)
	at java.util.concurrent.FutureTask.get(FutureTask.java:192)
	at org.apache.ratis.server.impl.LeaderElection.waitForResults(LeaderElection.java:263)
	at org.apache.ratis.server.impl.LeaderElection.askForVotes(LeaderElection.java:201)
	at org.apache.ratis.server.impl.LeaderElection.run(LeaderElection.java:133)
	at java.lang.Thread.run(Thread.java:748)
Caused by: org.apache.ratis.thirdparty.io.grpc.StatusRuntimeException: UNAVAILABLE: io exception
	at org.apache.ratis.thirdparty.io.grpc.stub.ClientCalls.toStatusRuntimeException(ClientCalls.java:233)
	at org.apache.ratis.thirdparty.io.grpc.stub.ClientCalls.getUnchecked(ClientCalls.java:214)
	at org.apache.ratis.thirdparty.io.grpc.stub.ClientCalls.blockingUnaryCall(ClientCalls.java:139)
	at org.apache.ratis.proto.grpc.RaftServerProtocolServiceGrpc$RaftServerProtocolServiceBlockingStub.requestVote(RaftServerProtocolServiceGrpc.java:265)
	at org.apache.ratis.grpc.server.GrpcServerProtocolClient.requestVote(GrpcServerProtocolClient.java:90)
	at org.apache.ratis.grpc.server.GrpcService.requestVote(GrpcService.java:204)
	at org.apache.ratis.server.impl.LeaderElection.lambda$submitRequests$1(LeaderElection.java:238)
	at java.util.concurrent.FutureTask.run(FutureTask.java:266)
	at java.util.concurrent.Executors$RunnableAdapter.call(Executors.java:511)
	at java.util.concurrent.FutureTask.run(FutureTask.java:266)
	at java.util.concurrent.ThreadPoolExecutor.runWorker(ThreadPoolExecutor.java:1149)
	at java.util.concurrent.ThreadPoolExecutor$Worker.run(ThreadPoolExecutor.java:624)
	... 1 more
Caused by: org.apache.ratis.thirdparty.io.netty.channel.AbstractChannel$AnnotatedConnectException: Connection refused: /192.168.5.130:38034
	at sun.nio.ch.SocketChannelImpl.checkConnect(Native Method)
	at sun.nio.ch.SocketChannelImpl.finishConnect(SocketChannelImpl.java:717)
	at org.apache.ratis.thirdparty.io.netty.channel.socket.nio.NioSocketChannel.doFinishConnect(NioSocketChannel.java:327)
	at org.apache.ratis.thirdparty.io.netty.channel.nio.AbstractNioChannel$AbstractNioUnsafe.finishConnect(AbstractNioChannel.java:340)
	at org.apache.ratis.thirdparty.io.netty.channel.nio.NioEventLoop.processSelectedKey(NioEventLoop.java:632)
	at org.apache.ratis.thirdparty.io.netty.channel.nio.NioEventLoop.processSelectedKeysOptimized(NioEventLoop.java:579)
	at org.apache.ratis.thirdparty.io.netty.channel.nio.NioEventLoop.processSelectedKeys(NioEventLoop.java:496)
	at org.apache.ratis.thirdparty.io.netty.channel.nio.NioEventLoop.run(NioEventLoop.java:458)
	at org.apache.ratis.thirdparty.io.netty.util.concurrent.SingleThreadEventExecutor$5.run(SingleThreadEventExecutor.java:897)
	at org.apache.ratis.thirdparty.io.netty.util.concurrent.FastThreadLocalRunnable.run(FastThreadLocalRunnable.java:30)
	... 1 more
Caused by: java.net.ConnectException: Connection refused
	... 11 more
2019-09-17 12:23:46,798 [ef58021b-0245-4b2a-b464-78c332d31a33@group-97FAE486DEE6:LeaderElection42] INFO  impl.LeaderElection (LogUtils.java:infoOrTrace(149)) -   Exception 1: {}
java.util.concurrent.ExecutionException: org.apache.ratis.thirdparty.io.grpc.StatusRuntimeException: UNAVAILABLE: io exception
	at java.util.concurrent.FutureTask.report(FutureTask.java:122)
	at java.util.concurrent.FutureTask.get(FutureTask.java:192)
	at org.apache.ratis.server.impl.LeaderElection.waitForResults(LeaderElection.java:263)
	at org.apache.ratis.server.impl.LeaderElection.askForVotes(LeaderElection.java:201)
	at org.apache.ratis.server.impl.LeaderElection.run(LeaderElection.java:133)
	at java.lang.Thread.run(Thread.java:748)
Caused by: org.apache.ratis.thirdparty.io.grpc.StatusRuntimeException: UNAVAILABLE: io exception
	at org.apache.ratis.thirdparty.io.grpc.stub.ClientCalls.toStatusRuntimeException(ClientCalls.java:233)
	at org.apache.ratis.thirdparty.io.grpc.stub.ClientCalls.getUnchecked(ClientCalls.java:214)
	at org.apache.ratis.thirdparty.io.grpc.stub.ClientCalls.blockingUnaryCall(ClientCalls.java:139)
	at org.apache.ratis.proto.grpc.RaftServerProtocolServiceGrpc$RaftServerProtocolServiceBlockingStub.requestVote(RaftServerProtocolServiceGrpc.java:265)
	at org.apache.ratis.grpc.server.GrpcServerProtocolClient.requestVote(GrpcServerProtocolClient.java:90)
	at org.apache.ratis.grpc.server.GrpcService.requestVote(GrpcService.java:204)
	at org.apache.ratis.server.impl.LeaderElection.lambda$submitRequests$1(LeaderElection.java:238)
	at java.util.concurrent.FutureTask.run(FutureTask.java:266)
	at java.util.concurrent.Executors$RunnableAdapter.call(Executors.java:511)
	at java.util.concurrent.FutureTask.run(FutureTask.java:266)
	at java.util.concurrent.ThreadPoolExecutor.runWorker(ThreadPoolExecutor.java:1149)
	at java.util.concurrent.ThreadPoolExecutor$Worker.run(ThreadPoolExecutor.java:624)
	... 1 more
Caused by: org.apache.ratis.thirdparty.io.netty.channel.AbstractChannel$AnnotatedConnectException: Connection refused: /192.168.5.130:42251
	at sun.nio.ch.SocketChannelImpl.checkConnect(Native Method)
	at sun.nio.ch.SocketChannelImpl.finishConnect(SocketChannelImpl.java:717)
	at org.apache.ratis.thirdparty.io.netty.channel.socket.nio.NioSocketChannel.doFinishConnect(NioSocketChannel.java:327)
	at org.apache.ratis.thirdparty.io.netty.channel.nio.AbstractNioChannel$AbstractNioUnsafe.finishConnect(AbstractNioChannel.java:340)
	at org.apache.ratis.thirdparty.io.netty.channel.nio.NioEventLoop.processSelectedKey(NioEventLoop.java:632)
	at org.apache.ratis.thirdparty.io.netty.channel.nio.NioEventLoop.processSelectedKeysOptimized(NioEventLoop.java:579)
	at org.apache.ratis.thirdparty.io.netty.channel.nio.NioEventLoop.processSelectedKeys(NioEventLoop.java:496)
	at org.apache.ratis.thirdparty.io.netty.channel.nio.NioEventLoop.run(NioEventLoop.java:458)
	at org.apache.ratis.thirdparty.io.netty.util.concurrent.SingleThreadEventExecutor$5.run(SingleThreadEventExecutor.java:897)
	at org.apache.ratis.thirdparty.io.netty.util.concurrent.FastThreadLocalRunnable.run(FastThreadLocalRunnable.java:30)
	... 1 more
Caused by: java.net.ConnectException: Connection refused
	... 11 more
2019-09-17 12:23:46,798 [ef58021b-0245-4b2a-b464-78c332d31a33@group-97FAE486DEE6:LeaderElection42] INFO  impl.RaftServerImpl (RaftServerImpl.java:setRole(174)) - ef58021b-0245-4b2a-b464-78c332d31a33@group-97FAE486DEE6: changes role from CANDIDATE to FOLLOWER at term 20 for DISCOVERED_A_NEW_TERM
2019-09-17 12:23:46,798 [ef58021b-0245-4b2a-b464-78c332d31a33@group-97FAE486DEE6:LeaderElection42] INFO  impl.RoleInfo (RoleInfo.java:shutdownLeaderElection(134)) - ef58021b-0245-4b2a-b464-78c332d31a33: shutdown LeaderElection
2019-09-17 12:23:46,799 [ef58021b-0245-4b2a-b464-78c332d31a33@group-97FAE486DEE6:LeaderElection42] INFO  impl.RoleInfo (RoleInfo.java:updateAndGet(143)) - ef58021b-0245-4b2a-b464-78c332d31a33: start FollowerState
2019-09-17 12:23:46,913 [java.util.concurrent.ThreadPoolExecutor$Worker@17044d63[State = -1, empty queue]] WARN  server.GrpcLogAppender (GrpcLogAppender.java:timeoutAppendRequest(200)) - 7689548e-5f49-4f36-9667-e46ba21e9ae3@group-C0075F260562->a5f9b548-b989-4807-80f4-ff576b54977d-GrpcLogAppender: appendEntries Timeout, request=7689548e-5f49-4f36-9667-e46ba21e9ae3->a5f9b548-b989-4807-80f4-ff576b54977d#130-t2, previous=(t:2, i:20), leaderCommit=16, initializing? false, entries: <empty>
2019-09-17 12:23:47,055 [java.util.concurrent.ThreadPoolExecutor$Worker@4758ecc9[State = -1, empty queue]] WARN  server.GrpcLogAppender (GrpcLogAppender.java:timeoutAppendRequest(200)) - 84b9980c-7545-47f2-8f8d-7bdb4cb4587c@group-5D4E048AB16A->ba884459-fbaf-490e-9b71-3c718ea82914-GrpcLogAppender: appendEntries Timeout, request=84b9980c-7545-47f2-8f8d-7bdb4cb4587c->ba884459-fbaf-490e-9b71-3c718ea82914#141-t2, previous=(t:2, i:33), leaderCommit=29, initializing? false, entries: <empty>
2019-09-17 12:23:47,413 [java.util.concurrent.ThreadPoolExecutor$Worker@17044d63[State = -1, empty queue]] WARN  server.GrpcLogAppender (GrpcLogAppender.java:timeoutAppendRequest(200)) - 7689548e-5f49-4f36-9667-e46ba21e9ae3@group-C0075F260562->a5f9b548-b989-4807-80f4-ff576b54977d-GrpcLogAppender: appendEntries Timeout, request=7689548e-5f49-4f36-9667-e46ba21e9ae3->a5f9b548-b989-4807-80f4-ff576b54977d#131-t2, previous=(t:2, i:20), leaderCommit=16, initializing? false, entries: <empty>
2019-09-17 12:23:47,544 [84b9980c-7545-47f2-8f8d-7bdb4cb4587c@group-5D4E048AB16A-SegmentedRaftLogWorker] WARN  segmented.SegmentedRaftLogWorker (SegmentedRaftLogWorker.java:getFromFuture(90)) - Timeout 0/~
org.apache.ratis.protocol.TimeoutIOException: Timeout 10s: WriteLog:30: (t:2, i:30), STATEMACHINELOGENTRY, client-9303C3D922F8, cid=72-writeStateMachineData
	at org.apache.ratis.util.IOUtils.getFromFuture(IOUtils.java:87)
	at org.apache.ratis.server.raftlog.segmented.SegmentedRaftLogWorker$StateMachineDataPolicy.getFromFuture(SegmentedRaftLogWorker.java:87)
	at org.apache.ratis.server.raftlog.segmented.SegmentedRaftLogWorker$WriteLog.execute(SegmentedRaftLogWorker.java:477)
	at org.apache.ratis.server.raftlog.segmented.SegmentedRaftLogWorker.run(SegmentedRaftLogWorker.java:289)
	at java.lang.Thread.run(Thread.java:748)
Caused by: java.util.concurrent.TimeoutException
	at java.util.concurrent.CompletableFuture.timedGet(CompletableFuture.java:1771)
	at java.util.concurrent.CompletableFuture.get(CompletableFuture.java:1915)
	at org.apache.ratis.util.IOUtils.getFromFuture(IOUtils.java:79)
	... 4 more
2019-09-17 12:23:47,547 [ba884459-fbaf-490e-9b71-3c718ea82914@group-5D4E048AB16A-SegmentedRaftLogWorker] WARN  segmented.SegmentedRaftLogWorker (SegmentedRaftLogWorker.java:getFromFuture(90)) - Timeout 0/~
org.apache.ratis.protocol.TimeoutIOException: Timeout 10s: WriteLog:30: (t:2, i:30), STATEMACHINELOGENTRY, client-9303C3D922F8, cid=72-writeStateMachineData
	at org.apache.ratis.util.IOUtils.getFromFuture(IOUtils.java:87)
	at org.apache.ratis.server.raftlog.segmented.SegmentedRaftLogWorker$StateMachineDataPolicy.getFromFuture(SegmentedRaftLogWorker.java:87)
	at org.apache.ratis.server.raftlog.segmented.SegmentedRaftLogWorker$WriteLog.execute(SegmentedRaftLogWorker.java:477)
	at org.apache.ratis.server.raftlog.segmented.SegmentedRaftLogWorker.run(SegmentedRaftLogWorker.java:289)
	at java.lang.Thread.run(Thread.java:748)
Caused by: java.util.concurrent.TimeoutException
	at java.util.concurrent.CompletableFuture.timedGet(CompletableFuture.java:1771)
	at java.util.concurrent.CompletableFuture.get(CompletableFuture.java:1915)
	at org.apache.ratis.util.IOUtils.getFromFuture(IOUtils.java:79)
	... 4 more
2019-09-17 12:23:47,558 [java.util.concurrent.ThreadPoolExecutor$Worker@4758ecc9[State = -1, empty queue]] WARN  server.GrpcLogAppender (GrpcLogAppender.java:timeoutAppendRequest(200)) - 84b9980c-7545-47f2-8f8d-7bdb4cb4587c@group-5D4E048AB16A->ba884459-fbaf-490e-9b71-3c718ea82914-GrpcLogAppender: appendEntries Timeout, request=84b9980c-7545-47f2-8f8d-7bdb4cb4587c->ba884459-fbaf-490e-9b71-3c718ea82914#142-t2, previous=(t:2, i:33), leaderCommit=29, initializing? false, entries: <empty>
2019-09-17 12:23:47,621 [grpc-default-executor-1] INFO  client.GrpcClientProtocolClient (GrpcClientProtocolClient.java:onNext(264)) - client-9303C3D922F8->89060399-4494-4f9b-b1c5-9635c65f7453: receive RaftClientReply:client-9303C3D922F8->89060399-4494-4f9b-b1c5-9635c65f7453@group-5D4E048AB16A, cid=72, FAILED org.apache.ratis.protocol.NotLeaderException: Server 89060399-4494-4f9b-b1c5-9635c65f7453@group-5D4E048AB16A is not the leader 84b9980c-7545-47f2-8f8d-7bdb4cb4587c:192.168.5.130:43486, logIndex=0, commits[89060399-4494-4f9b-b1c5-9635c65f7453:c29, 84b9980c-7545-47f2-8f8d-7bdb4cb4587c:c29, ba884459-fbaf-490e-9b71-3c718ea82914:c26]
2019-09-17 12:23:47,817 [Thread-1385] INFO  impl.FollowerState (FollowerState.java:run(106)) - ef58021b-0245-4b2a-b464-78c332d31a33:group-97FAE486DEE6 changes to CANDIDATE, lastRpcTime:1018, electionTimeout:1018ms
2019-09-17 12:23:47,817 [Thread-1385] INFO  impl.RoleInfo (RoleInfo.java:shutdownFollowerState(121)) - ef58021b-0245-4b2a-b464-78c332d31a33: shutdown FollowerState
2019-09-17 12:23:47,817 [Thread-1385] INFO  impl.RaftServerImpl (RaftServerImpl.java:setRole(174)) - ef58021b-0245-4b2a-b464-78c332d31a33@group-97FAE486DEE6: changes role from  FOLLOWER to CANDIDATE at term 20 for changeToCandidate
2019-09-17 12:23:47,817 [Thread-1385] INFO  impl.RoleInfo (RoleInfo.java:updateAndGet(143)) - ef58021b-0245-4b2a-b464-78c332d31a33: start LeaderElection
2019-09-17 12:23:47,847 [ef58021b-0245-4b2a-b464-78c332d31a33@group-97FAE486DEE6:LeaderElection43] INFO  impl.LeaderElection (LeaderElection.java:askForVotes(182)) - ef58021b-0245-4b2a-b464-78c332d31a33@group-97FAE486DEE6:LeaderElection43: begin an election at term 21 for 0: [ed86af58-6365-40b3-a78c-ef8881f9dd1e:192.168.5.130:38034, 0cdf7b9a-92f5-4bda-bda9-a502d9c924f1:192.168.5.130:42251, ef58021b-0245-4b2a-b464-78c332d31a33:192.168.5.130:45449], old=null
2019-09-17 12:23:47,848 [ef58021b-0245-4b2a-b464-78c332d31a33@group-97FAE486DEE6:LeaderElection43] INFO  impl.LeaderElection (LogUtils.java:infoOrTrace(149)) - ef58021b-0245-4b2a-b464-78c332d31a33@group-97FAE486DEE6:LeaderElection43 got exception when requesting votes: {}
java.util.concurrent.ExecutionException: org.apache.ratis.thirdparty.io.grpc.StatusRuntimeException: UNAVAILABLE: io exception
	at java.util.concurrent.FutureTask.report(FutureTask.java:122)
	at java.util.concurrent.FutureTask.get(FutureTask.java:192)
	at org.apache.ratis.server.impl.LeaderElection.waitForResults(LeaderElection.java:263)
	at org.apache.ratis.server.impl.LeaderElection.askForVotes(LeaderElection.java:201)
	at org.apache.ratis.server.impl.LeaderElection.run(LeaderElection.java:133)
	at java.lang.Thread.run(Thread.java:748)
Caused by: org.apache.ratis.thirdparty.io.grpc.StatusRuntimeException: UNAVAILABLE: io exception
	at org.apache.ratis.thirdparty.io.grpc.stub.ClientCalls.toStatusRuntimeException(ClientCalls.java:233)
	at org.apache.ratis.thirdparty.io.grpc.stub.ClientCalls.getUnchecked(ClientCalls.java:214)
	at org.apache.ratis.thirdparty.io.grpc.stub.ClientCalls.blockingUnaryCall(ClientCalls.java:139)
	at org.apache.ratis.proto.grpc.RaftServerProtocolServiceGrpc$RaftServerProtocolServiceBlockingStub.requestVote(RaftServerProtocolServiceGrpc.java:265)
	at org.apache.ratis.grpc.server.GrpcServerProtocolClient.requestVote(GrpcServerProtocolClient.java:90)
	at org.apache.ratis.grpc.server.GrpcService.requestVote(GrpcService.java:204)
	at org.apache.ratis.server.impl.LeaderElection.lambda$submitRequests$1(LeaderElection.java:238)
	at java.util.concurrent.FutureTask.run(FutureTask.java:266)
	at java.util.concurrent.Executors$RunnableAdapter.call(Executors.java:511)
	at java.util.concurrent.FutureTask.run(FutureTask.java:266)
	at java.util.concurrent.ThreadPoolExecutor.runWorker(ThreadPoolExecutor.java:1149)
	at java.util.concurrent.ThreadPoolExecutor$Worker.run(ThreadPoolExecutor.java:624)
	... 1 more
Caused by: org.apache.ratis.thirdparty.io.netty.channel.AbstractChannel$AnnotatedConnectException: Connection refused: /192.168.5.130:38034
	at sun.nio.ch.SocketChannelImpl.checkConnect(Native Method)
	at sun.nio.ch.SocketChannelImpl.finishConnect(SocketChannelImpl.java:717)
	at org.apache.ratis.thirdparty.io.netty.channel.socket.nio.NioSocketChannel.doFinishConnect(NioSocketChannel.java:327)
	at org.apache.ratis.thirdparty.io.netty.channel.nio.AbstractNioChannel$AbstractNioUnsafe.finishConnect(AbstractNioChannel.java:340)
	at org.apache.ratis.thirdparty.io.netty.channel.nio.NioEventLoop.processSelectedKey(NioEventLoop.java:632)
	at org.apache.ratis.thirdparty.io.netty.channel.nio.NioEventLoop.processSelectedKeysOptimized(NioEventLoop.java:579)
	at org.apache.ratis.thirdparty.io.netty.channel.nio.NioEventLoop.processSelectedKeys(NioEventLoop.java:496)
	at org.apache.ratis.thirdparty.io.netty.channel.nio.NioEventLoop.run(NioEventLoop.java:458)
	at org.apache.ratis.thirdparty.io.netty.util.concurrent.SingleThreadEventExecutor$5.run(SingleThreadEventExecutor.java:897)
	at org.apache.ratis.thirdparty.io.netty.util.concurrent.FastThreadLocalRunnable.run(FastThreadLocalRunnable.java:30)
	... 1 more
Caused by: java.net.ConnectException: Connection refused
	... 11 more
2019-09-17 12:23:47,851 [ef58021b-0245-4b2a-b464-78c332d31a33@group-97FAE486DEE6:LeaderElection43] INFO  impl.LeaderElection (LogUtils.java:infoOrTrace(149)) - ef58021b-0245-4b2a-b464-78c332d31a33@group-97FAE486DEE6:LeaderElection43 got exception when requesting votes: {}
java.util.concurrent.ExecutionException: org.apache.ratis.thirdparty.io.grpc.StatusRuntimeException: UNAVAILABLE: io exception
	at java.util.concurrent.FutureTask.report(FutureTask.java:122)
	at java.util.concurrent.FutureTask.get(FutureTask.java:192)
	at org.apache.ratis.server.impl.LeaderElection.waitForResults(LeaderElection.java:263)
	at org.apache.ratis.server.impl.LeaderElection.askForVotes(LeaderElection.java:201)
	at org.apache.ratis.server.impl.LeaderElection.run(LeaderElection.java:133)
	at java.lang.Thread.run(Thread.java:748)
Caused by: org.apache.ratis.thirdparty.io.grpc.StatusRuntimeException: UNAVAILABLE: io exception
	at org.apache.ratis.thirdparty.io.grpc.stub.ClientCalls.toStatusRuntimeException(ClientCalls.java:233)
	at org.apache.ratis.thirdparty.io.grpc.stub.ClientCalls.getUnchecked(ClientCalls.java:214)
	at org.apache.ratis.thirdparty.io.grpc.stub.ClientCalls.blockingUnaryCall(ClientCalls.java:139)
	at org.apache.ratis.proto.grpc.RaftServerProtocolServiceGrpc$RaftServerProtocolServiceBlockingStub.requestVote(RaftServerProtocolServiceGrpc.java:265)
	at org.apache.ratis.grpc.server.GrpcServerProtocolClient.requestVote(GrpcServerProtocolClient.java:90)
	at org.apache.ratis.grpc.server.GrpcService.requestVote(GrpcService.java:204)
	at org.apache.ratis.server.impl.LeaderElection.lambda$submitRequests$1(LeaderElection.java:238)
	at java.util.concurrent.FutureTask.run(FutureTask.java:266)
	at java.util.concurrent.Executors$RunnableAdapter.call(Executors.java:511)
	at java.util.concurrent.FutureTask.run(FutureTask.java:266)
	at java.util.concurrent.ThreadPoolExecutor.runWorker(ThreadPoolExecutor.java:1149)
	at java.util.concurrent.ThreadPoolExecutor$Worker.run(ThreadPoolExecutor.java:624)
	... 1 more
Caused by: org.apache.ratis.thirdparty.io.netty.channel.AbstractChannel$AnnotatedConnectException: Connection refused: /192.168.5.130:42251
	at sun.nio.ch.SocketChannelImpl.checkConnect(Native Method)
	at sun.nio.ch.SocketChannelImpl.finishConnect(SocketChannelImpl.java:717)
	at org.apache.ratis.thirdparty.io.netty.channel.socket.nio.NioSocketChannel.doFinishConnect(NioSocketChannel.java:327)
	at org.apache.ratis.thirdparty.io.netty.channel.nio.AbstractNioChannel$AbstractNioUnsafe.finishConnect(AbstractNioChannel.java:340)
	at org.apache.ratis.thirdparty.io.netty.channel.nio.NioEventLoop.processSelectedKey(NioEventLoop.java:632)
	at org.apache.ratis.thirdparty.io.netty.channel.nio.NioEventLoop.processSelectedKeysOptimized(NioEventLoop.java:579)
	at org.apache.ratis.thirdparty.io.netty.channel.nio.NioEventLoop.processSelectedKeys(NioEventLoop.java:496)
	at org.apache.ratis.thirdparty.io.netty.channel.nio.NioEventLoop.run(NioEventLoop.java:458)
	at org.apache.ratis.thirdparty.io.netty.util.concurrent.SingleThreadEventExecutor$5.run(SingleThreadEventExecutor.java:897)
	at org.apache.ratis.thirdparty.io.netty.util.concurrent.FastThreadLocalRunnable.run(FastThreadLocalRunnable.java:30)
	... 1 more
Caused by: java.net.ConnectException: Connection refused
	... 11 more
2019-09-17 12:23:47,854 [ef58021b-0245-4b2a-b464-78c332d31a33@group-97FAE486DEE6:LeaderElection43] INFO  impl.LeaderElection (LeaderElection.java:logAndReturn(56)) - ef58021b-0245-4b2a-b464-78c332d31a33@group-97FAE486DEE6:LeaderElection43: Election REJECTED; received 0 response(s) [] and 2 exception(s); ef58021b-0245-4b2a-b464-78c332d31a33@group-97FAE486DEE6:t21, leader=null, voted=ef58021b-0245-4b2a-b464-78c332d31a33, raftlog=ef58021b-0245-4b2a-b464-78c332d31a33@group-97FAE486DEE6-SegmentedRaftLog:OPENED:c27,f27,i27, conf=0: [ed86af58-6365-40b3-a78c-ef8881f9dd1e:192.168.5.130:38034, 0cdf7b9a-92f5-4bda-bda9-a502d9c924f1:192.168.5.130:42251, ef58021b-0245-4b2a-b464-78c332d31a33:192.168.5.130:45449], old=null
2019-09-17 12:23:47,854 [ef58021b-0245-4b2a-b464-78c332d31a33@group-97FAE486DEE6:LeaderElection43] INFO  impl.LeaderElection (LogUtils.java:infoOrTrace(149)) -   Exception 0: {}
java.util.concurrent.ExecutionException: org.apache.ratis.thirdparty.io.grpc.StatusRuntimeException: UNAVAILABLE: io exception
	at java.util.concurrent.FutureTask.report(FutureTask.java:122)
	at java.util.concurrent.FutureTask.get(FutureTask.java:192)
	at org.apache.ratis.server.impl.LeaderElection.waitForResults(LeaderElection.java:263)
	at org.apache.ratis.server.impl.LeaderElection.askForVotes(LeaderElection.java:201)
	at org.apache.ratis.server.impl.LeaderElection.run(LeaderElection.java:133)
	at java.lang.Thread.run(Thread.java:748)
Caused by: org.apache.ratis.thirdparty.io.grpc.StatusRuntimeException: UNAVAILABLE: io exception
	at org.apache.ratis.thirdparty.io.grpc.stub.ClientCalls.toStatusRuntimeException(ClientCalls.java:233)
	at org.apache.ratis.thirdparty.io.grpc.stub.ClientCalls.getUnchecked(ClientCalls.java:214)
	at org.apache.ratis.thirdparty.io.grpc.stub.ClientCalls.blockingUnaryCall(ClientCalls.java:139)
	at org.apache.ratis.proto.grpc.RaftServerProtocolServiceGrpc$RaftServerProtocolServiceBlockingStub.requestVote(RaftServerProtocolServiceGrpc.java:265)
	at org.apache.ratis.grpc.server.GrpcServerProtocolClient.requestVote(GrpcServerProtocolClient.java:90)
	at org.apache.ratis.grpc.server.GrpcService.requestVote(GrpcService.java:204)
	at org.apache.ratis.server.impl.LeaderElection.lambda$submitRequests$1(LeaderElection.java:238)
	at java.util.concurrent.FutureTask.run(FutureTask.java:266)
	at java.util.concurrent.Executors$RunnableAdapter.call(Executors.java:511)
	at java.util.concurrent.FutureTask.run(FutureTask.java:266)
	at java.util.concurrent.ThreadPoolExecutor.runWorker(ThreadPoolExecutor.java:1149)
	at java.util.concurrent.ThreadPoolExecutor$Worker.run(ThreadPoolExecutor.java:624)
	... 1 more
Caused by: org.apache.ratis.thirdparty.io.netty.channel.AbstractChannel$AnnotatedConnectException: Connection refused: /192.168.5.130:38034
	at sun.nio.ch.SocketChannelImpl.checkConnect(Native Method)
	at sun.nio.ch.SocketChannelImpl.finishConnect(SocketChannelImpl.java:717)
	at org.apache.ratis.thirdparty.io.netty.channel.socket.nio.NioSocketChannel.doFinishConnect(NioSocketChannel.java:327)
	at org.apache.ratis.thirdparty.io.netty.channel.nio.AbstractNioChannel$AbstractNioUnsafe.finishConnect(AbstractNioChannel.java:340)
	at org.apache.ratis.thirdparty.io.netty.channel.nio.NioEventLoop.processSelectedKey(NioEventLoop.java:632)
	at org.apache.ratis.thirdparty.io.netty.channel.nio.NioEventLoop.processSelectedKeysOptimized(NioEventLoop.java:579)
	at org.apache.ratis.thirdparty.io.netty.channel.nio.NioEventLoop.processSelectedKeys(NioEventLoop.java:496)
	at org.apache.ratis.thirdparty.io.netty.channel.nio.NioEventLoop.run(NioEventLoop.java:458)
	at org.apache.ratis.thirdparty.io.netty.util.concurrent.SingleThreadEventExecutor$5.run(SingleThreadEventExecutor.java:897)
	at org.apache.ratis.thirdparty.io.netty.util.concurrent.FastThreadLocalRunnable.run(FastThreadLocalRunnable.java:30)
	... 1 more
Caused by: java.net.ConnectException: Connection refused
	... 11 more
2019-09-17 12:23:47,854 [ef58021b-0245-4b2a-b464-78c332d31a33@group-97FAE486DEE6:LeaderElection43] INFO  impl.LeaderElection (LogUtils.java:infoOrTrace(149)) -   Exception 1: {}
java.util.concurrent.ExecutionException: org.apache.ratis.thirdparty.io.grpc.StatusRuntimeException: UNAVAILABLE: io exception
	at java.util.concurrent.FutureTask.report(FutureTask.java:122)
	at java.util.concurrent.FutureTask.get(FutureTask.java:192)
	at org.apache.ratis.server.impl.LeaderElection.waitForResults(LeaderElection.java:263)
	at org.apache.ratis.server.impl.LeaderElection.askForVotes(LeaderElection.java:201)
	at org.apache.ratis.server.impl.LeaderElection.run(LeaderElection.java:133)
	at java.lang.Thread.run(Thread.java:748)
Caused by: org.apache.ratis.thirdparty.io.grpc.StatusRuntimeException: UNAVAILABLE: io exception
	at org.apache.ratis.thirdparty.io.grpc.stub.ClientCalls.toStatusRuntimeException(ClientCalls.java:233)
	at org.apache.ratis.thirdparty.io.grpc.stub.ClientCalls.getUnchecked(ClientCalls.java:214)
	at org.apache.ratis.thirdparty.io.grpc.stub.ClientCalls.blockingUnaryCall(ClientCalls.java:139)
	at org.apache.ratis.proto.grpc.RaftServerProtocolServiceGrpc$RaftServerProtocolServiceBlockingStub.requestVote(RaftServerProtocolServiceGrpc.java:265)
	at org.apache.ratis.grpc.server.GrpcServerProtocolClient.requestVote(GrpcServerProtocolClient.java:90)
	at org.apache.ratis.grpc.server.GrpcService.requestVote(GrpcService.java:204)
	at org.apache.ratis.server.impl.LeaderElection.lambda$submitRequests$1(LeaderElection.java:238)
	at java.util.concurrent.FutureTask.run(FutureTask.java:266)
	at java.util.concurrent.Executors$RunnableAdapter.call(Executors.java:511)
	at java.util.concurrent.FutureTask.run(FutureTask.java:266)
	at java.util.concurrent.ThreadPoolExecutor.runWorker(ThreadPoolExecutor.java:1149)
	at java.util.concurrent.ThreadPoolExecutor$Worker.run(ThreadPoolExecutor.java:624)
	... 1 more
Caused by: org.apache.ratis.thirdparty.io.netty.channel.AbstractChannel$AnnotatedConnectException: Connection refused: /192.168.5.130:42251
	at sun.nio.ch.SocketChannelImpl.checkConnect(Native Method)
	at sun.nio.ch.SocketChannelImpl.finishConnect(SocketChannelImpl.java:717)
	at org.apache.ratis.thirdparty.io.netty.channel.socket.nio.NioSocketChannel.doFinishConnect(NioSocketChannel.java:327)
	at org.apache.ratis.thirdparty.io.netty.channel.nio.AbstractNioChannel$AbstractNioUnsafe.finishConnect(AbstractNioChannel.java:340)
	at org.apache.ratis.thirdparty.io.netty.channel.nio.NioEventLoop.processSelectedKey(NioEventLoop.java:632)
	at org.apache.ratis.thirdparty.io.netty.channel.nio.NioEventLoop.processSelectedKeysOptimized(NioEventLoop.java:579)
	at org.apache.ratis.thirdparty.io.netty.channel.nio.NioEventLoop.processSelectedKeys(NioEventLoop.java:496)
	at org.apache.ratis.thirdparty.io.netty.channel.nio.NioEventLoop.run(NioEventLoop.java:458)
	at org.apache.ratis.thirdparty.io.netty.util.concurrent.SingleThreadEventExecutor$5.run(SingleThreadEventExecutor.java:897)
	at org.apache.ratis.thirdparty.io.netty.util.concurrent.FastThreadLocalRunnable.run(FastThreadLocalRunnable.java:30)
	... 1 more
Caused by: java.net.ConnectException: Connection refused
	... 11 more
2019-09-17 12:23:47,855 [ef58021b-0245-4b2a-b464-78c332d31a33@group-97FAE486DEE6:LeaderElection43] INFO  impl.RaftServerImpl (RaftServerImpl.java:setRole(174)) - ef58021b-0245-4b2a-b464-78c332d31a33@group-97FAE486DEE6: changes role from CANDIDATE to FOLLOWER at term 21 for DISCOVERED_A_NEW_TERM
2019-09-17 12:23:47,855 [ef58021b-0245-4b2a-b464-78c332d31a33@group-97FAE486DEE6:LeaderElection43] INFO  impl.RoleInfo (RoleInfo.java:shutdownLeaderElection(134)) - ef58021b-0245-4b2a-b464-78c332d31a33: shutdown LeaderElection
2019-09-17 12:23:47,855 [ef58021b-0245-4b2a-b464-78c332d31a33@group-97FAE486DEE6:LeaderElection43] INFO  impl.RoleInfo (RoleInfo.java:updateAndGet(143)) - ef58021b-0245-4b2a-b464-78c332d31a33: start FollowerState
2019-09-17 12:23:47,913 [java.util.concurrent.ThreadPoolExecutor$Worker@17044d63[State = -1, empty queue]] WARN  server.GrpcLogAppender (GrpcLogAppender.java:timeoutAppendRequest(200)) - 7689548e-5f49-4f36-9667-e46ba21e9ae3@group-C0075F260562->a5f9b548-b989-4807-80f4-ff576b54977d-GrpcLogAppender: appendEntries Timeout, request=7689548e-5f49-4f36-9667-e46ba21e9ae3->a5f9b548-b989-4807-80f4-ff576b54977d#132-t2, previous=(t:2, i:20), leaderCommit=16, initializing? false, entries: <empty>
2019-09-17 12:23:48,058 [java.util.concurrent.ThreadPoolExecutor$Worker@4758ecc9[State = -1, empty queue]] WARN  server.GrpcLogAppender (GrpcLogAppender.java:timeoutAppendRequest(200)) - 84b9980c-7545-47f2-8f8d-7bdb4cb4587c@group-5D4E048AB16A->ba884459-fbaf-490e-9b71-3c718ea82914-GrpcLogAppender: appendEntries Timeout, request=84b9980c-7545-47f2-8f8d-7bdb4cb4587c->ba884459-fbaf-490e-9b71-3c718ea82914#143-t2, previous=(t:2, i:33), leaderCommit=29, initializing? false, entries: <empty>
2019-09-17 12:23:48,414 [java.util.concurrent.ThreadPoolExecutor$Worker@17044d63[State = -1, empty queue]] WARN  server.GrpcLogAppender (GrpcLogAppender.java:timeoutAppendRequest(200)) - 7689548e-5f49-4f36-9667-e46ba21e9ae3@group-C0075F260562->a5f9b548-b989-4807-80f4-ff576b54977d-GrpcLogAppender: appendEntries Timeout, request=7689548e-5f49-4f36-9667-e46ba21e9ae3->a5f9b548-b989-4807-80f4-ff576b54977d#133-t2, previous=(t:2, i:20), leaderCommit=16, initializing? false, entries: <empty>
2019-09-17 12:23:48,559 [java.util.concurrent.ThreadPoolExecutor$Worker@4758ecc9[State = -1, empty queue]] WARN  server.GrpcLogAppender (GrpcLogAppender.java:timeoutAppendRequest(200)) - 84b9980c-7545-47f2-8f8d-7bdb4cb4587c@group-5D4E048AB16A->ba884459-fbaf-490e-9b71-3c718ea82914-GrpcLogAppender: appendEntries Timeout, request=84b9980c-7545-47f2-8f8d-7bdb4cb4587c->ba884459-fbaf-490e-9b71-3c718ea82914#144-t2, previous=(t:2, i:33), leaderCommit=29, initializing? false, entries: <empty>
2019-09-17 12:23:48,860 [Thread-1400] INFO  impl.FollowerState (FollowerState.java:run(106)) - ef58021b-0245-4b2a-b464-78c332d31a33:group-97FAE486DEE6 changes to CANDIDATE, lastRpcTime:1005, electionTimeout:1005ms
2019-09-17 12:23:48,861 [Thread-1400] INFO  impl.RoleInfo (RoleInfo.java:shutdownFollowerState(121)) - ef58021b-0245-4b2a-b464-78c332d31a33: shutdown FollowerState
2019-09-17 12:23:48,861 [Thread-1400] INFO  impl.RaftServerImpl (RaftServerImpl.java:setRole(174)) - ef58021b-0245-4b2a-b464-78c332d31a33@group-97FAE486DEE6: changes role from  FOLLOWER to CANDIDATE at term 21 for changeToCandidate
2019-09-17 12:23:48,861 [Thread-1400] INFO  impl.RoleInfo (RoleInfo.java:updateAndGet(143)) - ef58021b-0245-4b2a-b464-78c332d31a33: start LeaderElection
2019-09-17 12:23:48,930 [java.util.concurrent.ThreadPoolExecutor$Worker@17044d63[State = -1, empty queue]] WARN  server.GrpcLogAppender (GrpcLogAppender.java:timeoutAppendRequest(200)) - 7689548e-5f49-4f36-9667-e46ba21e9ae3@group-C0075F260562->a5f9b548-b989-4807-80f4-ff576b54977d-GrpcLogAppender: appendEntries Timeout, request=7689548e-5f49-4f36-9667-e46ba21e9ae3->a5f9b548-b989-4807-80f4-ff576b54977d#134-t2, previous=(t:2, i:20), leaderCommit=16, initializing? false, entries: <empty>
2019-09-17 12:23:48,937 [ef58021b-0245-4b2a-b464-78c332d31a33@group-97FAE486DEE6:LeaderElection44] INFO  impl.LeaderElection (LeaderElection.java:askForVotes(182)) - ef58021b-0245-4b2a-b464-78c332d31a33@group-97FAE486DEE6:LeaderElection44: begin an election at term 22 for 0: [ed86af58-6365-40b3-a78c-ef8881f9dd1e:192.168.5.130:38034, 0cdf7b9a-92f5-4bda-bda9-a502d9c924f1:192.168.5.130:42251, ef58021b-0245-4b2a-b464-78c332d31a33:192.168.5.130:45449], old=null
2019-09-17 12:23:48,938 [ef58021b-0245-4b2a-b464-78c332d31a33@group-97FAE486DEE6:LeaderElection44] INFO  impl.LeaderElection (LogUtils.java:infoOrTrace(149)) - ef58021b-0245-4b2a-b464-78c332d31a33@group-97FAE486DEE6:LeaderElection44 got exception when requesting votes: {}
java.util.concurrent.ExecutionException: org.apache.ratis.thirdparty.io.grpc.StatusRuntimeException: UNAVAILABLE: io exception
	at java.util.concurrent.FutureTask.report(FutureTask.java:122)
	at java.util.concurrent.FutureTask.get(FutureTask.java:192)
	at org.apache.ratis.server.impl.LeaderElection.waitForResults(LeaderElection.java:263)
	at org.apache.ratis.server.impl.LeaderElection.askForVotes(LeaderElection.java:201)
	at org.apache.ratis.server.impl.LeaderElection.run(LeaderElection.java:133)
	at java.lang.Thread.run(Thread.java:748)
Caused by: org.apache.ratis.thirdparty.io.grpc.StatusRuntimeException: UNAVAILABLE: io exception
	at org.apache.ratis.thirdparty.io.grpc.stub.ClientCalls.toStatusRuntimeException(ClientCalls.java:233)
	at org.apache.ratis.thirdparty.io.grpc.stub.ClientCalls.getUnchecked(ClientCalls.java:214)
	at org.apache.ratis.thirdparty.io.grpc.stub.ClientCalls.blockingUnaryCall(ClientCalls.java:139)
	at org.apache.ratis.proto.grpc.RaftServerProtocolServiceGrpc$RaftServerProtocolServiceBlockingStub.requestVote(RaftServerProtocolServiceGrpc.java:265)
	at org.apache.ratis.grpc.server.GrpcServerProtocolClient.requestVote(GrpcServerProtocolClient.java:90)
	at org.apache.ratis.grpc.server.GrpcService.requestVote(GrpcService.java:204)
	at org.apache.ratis.server.impl.LeaderElection.lambda$submitRequests$1(LeaderElection.java:238)
	at java.util.concurrent.FutureTask.run(FutureTask.java:266)
	at java.util.concurrent.Executors$RunnableAdapter.call(Executors.java:511)
	at java.util.concurrent.FutureTask.run(FutureTask.java:266)
	at java.util.concurrent.ThreadPoolExecutor.runWorker(ThreadPoolExecutor.java:1149)
	at java.util.concurrent.ThreadPoolExecutor$Worker.run(ThreadPoolExecutor.java:624)
	... 1 more
Caused by: org.apache.ratis.thirdparty.io.netty.channel.AbstractChannel$AnnotatedConnectException: Connection refused: /192.168.5.130:38034
	at sun.nio.ch.SocketChannelImpl.checkConnect(Native Method)
	at sun.nio.ch.SocketChannelImpl.finishConnect(SocketChannelImpl.java:717)
	at org.apache.ratis.thirdparty.io.netty.channel.socket.nio.NioSocketChannel.doFinishConnect(NioSocketChannel.java:327)
	at org.apache.ratis.thirdparty.io.netty.channel.nio.AbstractNioChannel$AbstractNioUnsafe.finishConnect(AbstractNioChannel.java:340)
	at org.apache.ratis.thirdparty.io.netty.channel.nio.NioEventLoop.processSelectedKey(NioEventLoop.java:632)
	at org.apache.ratis.thirdparty.io.netty.channel.nio.NioEventLoop.processSelectedKeysOptimized(NioEventLoop.java:579)
	at org.apache.ratis.thirdparty.io.netty.channel.nio.NioEventLoop.processSelectedKeys(NioEventLoop.java:496)
	at org.apache.ratis.thirdparty.io.netty.channel.nio.NioEventLoop.run(NioEventLoop.java:458)
	at org.apache.ratis.thirdparty.io.netty.util.concurrent.SingleThreadEventExecutor$5.run(SingleThreadEventExecutor.java:897)
	at org.apache.ratis.thirdparty.io.netty.util.concurrent.FastThreadLocalRunnable.run(FastThreadLocalRunnable.java:30)
	... 1 more
Caused by: java.net.ConnectException: Connection refused
	... 11 more
2019-09-17 12:23:48,941 [ef58021b-0245-4b2a-b464-78c332d31a33@group-97FAE486DEE6:LeaderElection44] INFO  impl.LeaderElection (LogUtils.java:infoOrTrace(149)) - ef58021b-0245-4b2a-b464-78c332d31a33@group-97FAE486DEE6:LeaderElection44 got exception when requesting votes: {}
java.util.concurrent.ExecutionException: org.apache.ratis.thirdparty.io.grpc.StatusRuntimeException: UNAVAILABLE: io exception
	at java.util.concurrent.FutureTask.report(FutureTask.java:122)
	at java.util.concurrent.FutureTask.get(FutureTask.java:192)
	at org.apache.ratis.server.impl.LeaderElection.waitForResults(LeaderElection.java:263)
	at org.apache.ratis.server.impl.LeaderElection.askForVotes(LeaderElection.java:201)
	at org.apache.ratis.server.impl.LeaderElection.run(LeaderElection.java:133)
	at java.lang.Thread.run(Thread.java:748)
Caused by: org.apache.ratis.thirdparty.io.grpc.StatusRuntimeException: UNAVAILABLE: io exception
	at org.apache.ratis.thirdparty.io.grpc.stub.ClientCalls.toStatusRuntimeException(ClientCalls.java:233)
	at org.apache.ratis.thirdparty.io.grpc.stub.ClientCalls.getUnchecked(ClientCalls.java:214)
	at org.apache.ratis.thirdparty.io.grpc.stub.ClientCalls.blockingUnaryCall(ClientCalls.java:139)
	at org.apache.ratis.proto.grpc.RaftServerProtocolServiceGrpc$RaftServerProtocolServiceBlockingStub.requestVote(RaftServerProtocolServiceGrpc.java:265)
	at org.apache.ratis.grpc.server.GrpcServerProtocolClient.requestVote(GrpcServerProtocolClient.java:90)
	at org.apache.ratis.grpc.server.GrpcService.requestVote(GrpcService.java:204)
	at org.apache.ratis.server.impl.LeaderElection.lambda$submitRequests$1(LeaderElection.java:238)
	at java.util.concurrent.FutureTask.run(FutureTask.java:266)
	at java.util.concurrent.Executors$RunnableAdapter.call(Executors.java:511)
	at java.util.concurrent.FutureTask.run(FutureTask.java:266)
	at java.util.concurrent.ThreadPoolExecutor.runWorker(ThreadPoolExecutor.java:1149)
	at java.util.concurrent.ThreadPoolExecutor$Worker.run(ThreadPoolExecutor.java:624)
	... 1 more
Caused by: org.apache.ratis.thirdparty.io.netty.channel.AbstractChannel$AnnotatedConnectException: Connection refused: /192.168.5.130:42251
	at sun.nio.ch.SocketChannelImpl.checkConnect(Native Method)
	at sun.nio.ch.SocketChannelImpl.finishConnect(SocketChannelImpl.java:717)
	at org.apache.ratis.thirdparty.io.netty.channel.socket.nio.NioSocketChannel.doFinishConnect(NioSocketChannel.java:327)
	at org.apache.ratis.thirdparty.io.netty.channel.nio.AbstractNioChannel$AbstractNioUnsafe.finishConnect(AbstractNioChannel.java:340)
	at org.apache.ratis.thirdparty.io.netty.channel.nio.NioEventLoop.processSelectedKey(NioEventLoop.java:632)
	at org.apache.ratis.thirdparty.io.netty.channel.nio.NioEventLoop.processSelectedKeysOptimized(NioEventLoop.java:579)
	at org.apache.ratis.thirdparty.io.netty.channel.nio.NioEventLoop.processSelectedKeys(NioEventLoop.java:496)
	at org.apache.ratis.thirdparty.io.netty.channel.nio.NioEventLoop.run(NioEventLoop.java:458)
	at org.apache.ratis.thirdparty.io.netty.util.concurrent.SingleThreadEventExecutor$5.run(SingleThreadEventExecutor.java:897)
	at org.apache.ratis.thirdparty.io.netty.util.concurrent.FastThreadLocalRunnable.run(FastThreadLocalRunnable.java:30)
	... 1 more
Caused by: java.net.ConnectException: Connection refused
	... 11 more
2019-09-17 12:23:48,955 [ef58021b-0245-4b2a-b464-78c332d31a33@group-97FAE486DEE6:LeaderElection44] INFO  impl.LeaderElection (LeaderElection.java:logAndReturn(56)) - ef58021b-0245-4b2a-b464-78c332d31a33@group-97FAE486DEE6:LeaderElection44: Election REJECTED; received 0 response(s) [] and 2 exception(s); ef58021b-0245-4b2a-b464-78c332d31a33@group-97FAE486DEE6:t22, leader=null, voted=ef58021b-0245-4b2a-b464-78c332d31a33, raftlog=ef58021b-0245-4b2a-b464-78c332d31a33@group-97FAE486DEE6-SegmentedRaftLog:OPENED:c27,f27,i27, conf=0: [ed86af58-6365-40b3-a78c-ef8881f9dd1e:192.168.5.130:38034, 0cdf7b9a-92f5-4bda-bda9-a502d9c924f1:192.168.5.130:42251, ef58021b-0245-4b2a-b464-78c332d31a33:192.168.5.130:45449], old=null
2019-09-17 12:23:48,955 [ef58021b-0245-4b2a-b464-78c332d31a33@group-97FAE486DEE6:LeaderElection44] INFO  impl.LeaderElection (LogUtils.java:infoOrTrace(149)) -   Exception 0: {}
java.util.concurrent.ExecutionException: org.apache.ratis.thirdparty.io.grpc.StatusRuntimeException: UNAVAILABLE: io exception
	at java.util.concurrent.FutureTask.report(FutureTask.java:122)
	at java.util.concurrent.FutureTask.get(FutureTask.java:192)
	at org.apache.ratis.server.impl.LeaderElection.waitForResults(LeaderElection.java:263)
	at org.apache.ratis.server.impl.LeaderElection.askForVotes(LeaderElection.java:201)
	at org.apache.ratis.server.impl.LeaderElection.run(LeaderElection.java:133)
	at java.lang.Thread.run(Thread.java:748)
Caused by: org.apache.ratis.thirdparty.io.grpc.StatusRuntimeException: UNAVAILABLE: io exception
	at org.apache.ratis.thirdparty.io.grpc.stub.ClientCalls.toStatusRuntimeException(ClientCalls.java:233)
	at org.apache.ratis.thirdparty.io.grpc.stub.ClientCalls.getUnchecked(ClientCalls.java:214)
	at org.apache.ratis.thirdparty.io.grpc.stub.ClientCalls.blockingUnaryCall(ClientCalls.java:139)
	at org.apache.ratis.proto.grpc.RaftServerProtocolServiceGrpc$RaftServerProtocolServiceBlockingStub.requestVote(RaftServerProtocolServiceGrpc.java:265)
	at org.apache.ratis.grpc.server.GrpcServerProtocolClient.requestVote(GrpcServerProtocolClient.java:90)
	at org.apache.ratis.grpc.server.GrpcService.requestVote(GrpcService.java:204)
	at org.apache.ratis.server.impl.LeaderElection.lambda$submitRequests$1(LeaderElection.java:238)
	at java.util.concurrent.FutureTask.run(FutureTask.java:266)
	at java.util.concurrent.Executors$RunnableAdapter.call(Executors.java:511)
	at java.util.concurrent.FutureTask.run(FutureTask.java:266)
	at java.util.concurrent.ThreadPoolExecutor.runWorker(ThreadPoolExecutor.java:1149)
	at java.util.concurrent.ThreadPoolExecutor$Worker.run(ThreadPoolExecutor.java:624)
	... 1 more
Caused by: org.apache.ratis.thirdparty.io.netty.channel.AbstractChannel$AnnotatedConnectException: Connection refused: /192.168.5.130:38034
	at sun.nio.ch.SocketChannelImpl.checkConnect(Native Method)
	at sun.nio.ch.SocketChannelImpl.finishConnect(SocketChannelImpl.java:717)
	at org.apache.ratis.thirdparty.io.netty.channel.socket.nio.NioSocketChannel.doFinishConnect(NioSocketChannel.java:327)
	at org.apache.ratis.thirdparty.io.netty.channel.nio.AbstractNioChannel$AbstractNioUnsafe.finishConnect(AbstractNioChannel.java:340)
	at org.apache.ratis.thirdparty.io.netty.channel.nio.NioEventLoop.processSelectedKey(NioEventLoop.java:632)
	at org.apache.ratis.thirdparty.io.netty.channel.nio.NioEventLoop.processSelectedKeysOptimized(NioEventLoop.java:579)
	at org.apache.ratis.thirdparty.io.netty.channel.nio.NioEventLoop.processSelectedKeys(NioEventLoop.java:496)
	at org.apache.ratis.thirdparty.io.netty.channel.nio.NioEventLoop.run(NioEventLoop.java:458)
	at org.apache.ratis.thirdparty.io.netty.util.concurrent.SingleThreadEventExecutor$5.run(SingleThreadEventExecutor.java:897)
	at org.apache.ratis.thirdparty.io.netty.util.concurrent.FastThreadLocalRunnable.run(FastThreadLocalRunnable.java:30)
	... 1 more
Caused by: java.net.ConnectException: Connection refused
	... 11 more
2019-09-17 12:23:48,956 [ef58021b-0245-4b2a-b464-78c332d31a33@group-97FAE486DEE6:LeaderElection44] INFO  impl.LeaderElection (LogUtils.java:infoOrTrace(149)) -   Exception 1: {}
java.util.concurrent.ExecutionException: org.apache.ratis.thirdparty.io.grpc.StatusRuntimeException: UNAVAILABLE: io exception
	at java.util.concurrent.FutureTask.report(FutureTask.java:122)
	at java.util.concurrent.FutureTask.get(FutureTask.java:192)
	at org.apache.ratis.server.impl.LeaderElection.waitForResults(LeaderElection.java:263)
	at org.apache.ratis.server.impl.LeaderElection.askForVotes(LeaderElection.java:201)
	at org.apache.ratis.server.impl.LeaderElection.run(LeaderElection.java:133)
	at java.lang.Thread.run(Thread.java:748)
Caused by: org.apache.ratis.thirdparty.io.grpc.StatusRuntimeException: UNAVAILABLE: io exception
	at org.apache.ratis.thirdparty.io.grpc.stub.ClientCalls.toStatusRuntimeException(ClientCalls.java:233)
	at org.apache.ratis.thirdparty.io.grpc.stub.ClientCalls.getUnchecked(ClientCalls.java:214)
	at org.apache.ratis.thirdparty.io.grpc.stub.ClientCalls.blockingUnaryCall(ClientCalls.java:139)
	at org.apache.ratis.proto.grpc.RaftServerProtocolServiceGrpc$RaftServerProtocolServiceBlockingStub.requestVote(RaftServerProtocolServiceGrpc.java:265)
	at org.apache.ratis.grpc.server.GrpcServerProtocolClient.requestVote(GrpcServerProtocolClient.java:90)
	at org.apache.ratis.grpc.server.GrpcService.requestVote(GrpcService.java:204)
	at org.apache.ratis.server.impl.LeaderElection.lambda$submitRequests$1(LeaderElection.java:238)
	at java.util.concurrent.FutureTask.run(FutureTask.java:266)
	at java.util.concurrent.Executors$RunnableAdapter.call(Executors.java:511)
	at java.util.concurrent.FutureTask.run(FutureTask.java:266)
	at java.util.concurrent.ThreadPoolExecutor.runWorker(ThreadPoolExecutor.java:1149)
	at java.util.concurrent.ThreadPoolExecutor$Worker.run(ThreadPoolExecutor.java:624)
	... 1 more
Caused by: org.apache.ratis.thirdparty.io.netty.channel.AbstractChannel$AnnotatedConnectException: Connection refused: /192.168.5.130:42251
	at sun.nio.ch.SocketChannelImpl.checkConnect(Native Method)
	at sun.nio.ch.SocketChannelImpl.finishConnect(SocketChannelImpl.java:717)
	at org.apache.ratis.thirdparty.io.netty.channel.socket.nio.NioSocketChannel.doFinishConnect(NioSocketChannel.java:327)
	at org.apache.ratis.thirdparty.io.netty.channel.nio.AbstractNioChannel$AbstractNioUnsafe.finishConnect(AbstractNioChannel.java:340)
	at org.apache.ratis.thirdparty.io.netty.channel.nio.NioEventLoop.processSelectedKey(NioEventLoop.java:632)
	at org.apache.ratis.thirdparty.io.netty.channel.nio.NioEventLoop.processSelectedKeysOptimized(NioEventLoop.java:579)
	at org.apache.ratis.thirdparty.io.netty.channel.nio.NioEventLoop.processSelectedKeys(NioEventLoop.java:496)
	at org.apache.ratis.thirdparty.io.netty.channel.nio.NioEventLoop.run(NioEventLoop.java:458)
	at org.apache.ratis.thirdparty.io.netty.util.concurrent.SingleThreadEventExecutor$5.run(SingleThreadEventExecutor.java:897)
	at org.apache.ratis.thirdparty.io.netty.util.concurrent.FastThreadLocalRunnable.run(FastThreadLocalRunnable.java:30)
	... 1 more
Caused by: java.net.ConnectException: Connection refused
	... 11 more
2019-09-17 12:23:48,956 [ef58021b-0245-4b2a-b464-78c332d31a33@group-97FAE486DEE6:LeaderElection44] INFO  impl.RaftServerImpl (RaftServerImpl.java:setRole(174)) - ef58021b-0245-4b2a-b464-78c332d31a33@group-97FAE486DEE6: changes role from CANDIDATE to FOLLOWER at term 22 for DISCOVERED_A_NEW_TERM
2019-09-17 12:23:48,956 [ef58021b-0245-4b2a-b464-78c332d31a33@group-97FAE486DEE6:LeaderElection44] INFO  impl.RoleInfo (RoleInfo.java:shutdownLeaderElection(134)) - ef58021b-0245-4b2a-b464-78c332d31a33: shutdown LeaderElection
2019-09-17 12:23:48,956 [ef58021b-0245-4b2a-b464-78c332d31a33@group-97FAE486DEE6:LeaderElection44] INFO  impl.RoleInfo (RoleInfo.java:updateAndGet(143)) - ef58021b-0245-4b2a-b464-78c332d31a33: start FollowerState
2019-09-17 12:23:49,059 [java.util.concurrent.ThreadPoolExecutor$Worker@4758ecc9[State = -1, empty queue]] WARN  server.GrpcLogAppender (GrpcLogAppender.java:timeoutAppendRequest(200)) - 84b9980c-7545-47f2-8f8d-7bdb4cb4587c@group-5D4E048AB16A->ba884459-fbaf-490e-9b71-3c718ea82914-GrpcLogAppender: appendEntries Timeout, request=84b9980c-7545-47f2-8f8d-7bdb4cb4587c->ba884459-fbaf-490e-9b71-3c718ea82914#145-t2, previous=(t:2, i:33), leaderCommit=29, initializing? false, entries: <empty>
2019-09-17 12:23:49,430 [java.util.concurrent.ThreadPoolExecutor$Worker@17044d63[State = -1, empty queue]] WARN  server.GrpcLogAppender (GrpcLogAppender.java:timeoutAppendRequest(200)) - 7689548e-5f49-4f36-9667-e46ba21e9ae3@group-C0075F260562->a5f9b548-b989-4807-80f4-ff576b54977d-GrpcLogAppender: appendEntries Timeout, request=7689548e-5f49-4f36-9667-e46ba21e9ae3->a5f9b548-b989-4807-80f4-ff576b54977d#135-t2, previous=(t:2, i:20), leaderCommit=16, initializing? false, entries: <empty>
2019-09-17 12:23:49,559 [java.util.concurrent.ThreadPoolExecutor$Worker@4758ecc9[State = -1, empty queue]] WARN  server.GrpcLogAppender (GrpcLogAppender.java:timeoutAppendRequest(200)) - 84b9980c-7545-47f2-8f8d-7bdb4cb4587c@group-5D4E048AB16A->ba884459-fbaf-490e-9b71-3c718ea82914-GrpcLogAppender: appendEntries Timeout, request=84b9980c-7545-47f2-8f8d-7bdb4cb4587c->ba884459-fbaf-490e-9b71-3c718ea82914#146-t2, previous=(t:2, i:33), leaderCommit=29, initializing? false, entries: <empty>
2019-09-17 12:23:49,931 [java.util.concurrent.ThreadPoolExecutor$Worker@17044d63[State = -1, empty queue]] WARN  server.GrpcLogAppender (GrpcLogAppender.java:timeoutAppendRequest(200)) - 7689548e-5f49-4f36-9667-e46ba21e9ae3@group-C0075F260562->a5f9b548-b989-4807-80f4-ff576b54977d-GrpcLogAppender: appendEntries Timeout, request=7689548e-5f49-4f36-9667-e46ba21e9ae3->a5f9b548-b989-4807-80f4-ff576b54977d#136-t2, previous=(t:2, i:20), leaderCommit=16, initializing? false, entries: <empty>
2019-09-17 12:23:50,035 [Thread-1415] INFO  impl.FollowerState (FollowerState.java:run(106)) - ef58021b-0245-4b2a-b464-78c332d31a33:group-97FAE486DEE6 changes to CANDIDATE, lastRpcTime:1078, electionTimeout:1078ms
2019-09-17 12:23:50,035 [Thread-1415] INFO  impl.RoleInfo (RoleInfo.java:shutdownFollowerState(121)) - ef58021b-0245-4b2a-b464-78c332d31a33: shutdown FollowerState
2019-09-17 12:23:50,035 [Thread-1415] INFO  impl.RaftServerImpl (RaftServerImpl.java:setRole(174)) - ef58021b-0245-4b2a-b464-78c332d31a33@group-97FAE486DEE6: changes role from  FOLLOWER to CANDIDATE at term 22 for changeToCandidate
2019-09-17 12:23:50,035 [Thread-1415] INFO  impl.RoleInfo (RoleInfo.java:updateAndGet(143)) - ef58021b-0245-4b2a-b464-78c332d31a33: start LeaderElection
2019-09-17 12:23:50,060 [java.util.concurrent.ThreadPoolExecutor$Worker@4758ecc9[State = -1, empty queue]] WARN  server.GrpcLogAppender (GrpcLogAppender.java:timeoutAppendRequest(200)) - 84b9980c-7545-47f2-8f8d-7bdb4cb4587c@group-5D4E048AB16A->ba884459-fbaf-490e-9b71-3c718ea82914-GrpcLogAppender: appendEntries Timeout, request=84b9980c-7545-47f2-8f8d-7bdb4cb4587c->ba884459-fbaf-490e-9b71-3c718ea82914#147-t2, previous=(t:2, i:33), leaderCommit=29, initializing? false, entries: <empty>
2019-09-17 12:23:50,289 [ef58021b-0245-4b2a-b464-78c332d31a33@group-97FAE486DEE6:LeaderElection45] INFO  impl.LeaderElection (LeaderElection.java:askForVotes(182)) - ef58021b-0245-4b2a-b464-78c332d31a33@group-97FAE486DEE6:LeaderElection45: begin an election at term 23 for 0: [ed86af58-6365-40b3-a78c-ef8881f9dd1e:192.168.5.130:38034, 0cdf7b9a-92f5-4bda-bda9-a502d9c924f1:192.168.5.130:42251, ef58021b-0245-4b2a-b464-78c332d31a33:192.168.5.130:45449], old=null
2019-09-17 12:23:50,290 [ef58021b-0245-4b2a-b464-78c332d31a33@group-97FAE486DEE6:LeaderElection45] INFO  impl.LeaderElection (LogUtils.java:infoOrTrace(149)) - ef58021b-0245-4b2a-b464-78c332d31a33@group-97FAE486DEE6:LeaderElection45 got exception when requesting votes: {}
java.util.concurrent.ExecutionException: org.apache.ratis.thirdparty.io.grpc.StatusRuntimeException: UNAVAILABLE: io exception
	at java.util.concurrent.FutureTask.report(FutureTask.java:122)
	at java.util.concurrent.FutureTask.get(FutureTask.java:192)
	at org.apache.ratis.server.impl.LeaderElection.waitForResults(LeaderElection.java:263)
	at org.apache.ratis.server.impl.LeaderElection.askForVotes(LeaderElection.java:201)
	at org.apache.ratis.server.impl.LeaderElection.run(LeaderElection.java:133)
	at java.lang.Thread.run(Thread.java:748)
Caused by: org.apache.ratis.thirdparty.io.grpc.StatusRuntimeException: UNAVAILABLE: io exception
	at org.apache.ratis.thirdparty.io.grpc.stub.ClientCalls.toStatusRuntimeException(ClientCalls.java:233)
	at org.apache.ratis.thirdparty.io.grpc.stub.ClientCalls.getUnchecked(ClientCalls.java:214)
	at org.apache.ratis.thirdparty.io.grpc.stub.ClientCalls.blockingUnaryCall(ClientCalls.java:139)
	at org.apache.ratis.proto.grpc.RaftServerProtocolServiceGrpc$RaftServerProtocolServiceBlockingStub.requestVote(RaftServerProtocolServiceGrpc.java:265)
	at org.apache.ratis.grpc.server.GrpcServerProtocolClient.requestVote(GrpcServerProtocolClient.java:90)
	at org.apache.ratis.grpc.server.GrpcService.requestVote(GrpcService.java:204)
	at org.apache.ratis.server.impl.LeaderElection.lambda$submitRequests$1(LeaderElection.java:238)
	at java.util.concurrent.FutureTask.run(FutureTask.java:266)
	at java.util.concurrent.Executors$RunnableAdapter.call(Executors.java:511)
	at java.util.concurrent.FutureTask.run(FutureTask.java:266)
	at java.util.concurrent.ThreadPoolExecutor.runWorker(ThreadPoolExecutor.java:1149)
	at java.util.concurrent.ThreadPoolExecutor$Worker.run(ThreadPoolExecutor.java:624)
	... 1 more
Caused by: org.apache.ratis.thirdparty.io.netty.channel.AbstractChannel$AnnotatedConnectException: Connection refused: /192.168.5.130:42251
	at sun.nio.ch.SocketChannelImpl.checkConnect(Native Method)
	at sun.nio.ch.SocketChannelImpl.finishConnect(SocketChannelImpl.java:717)
	at org.apache.ratis.thirdparty.io.netty.channel.socket.nio.NioSocketChannel.doFinishConnect(NioSocketChannel.java:327)
	at org.apache.ratis.thirdparty.io.netty.channel.nio.AbstractNioChannel$AbstractNioUnsafe.finishConnect(AbstractNioChannel.java:340)
	at org.apache.ratis.thirdparty.io.netty.channel.nio.NioEventLoop.processSelectedKey(NioEventLoop.java:632)
	at org.apache.ratis.thirdparty.io.netty.channel.nio.NioEventLoop.processSelectedKeysOptimized(NioEventLoop.java:579)
	at org.apache.ratis.thirdparty.io.netty.channel.nio.NioEventLoop.processSelectedKeys(NioEventLoop.java:496)
	at org.apache.ratis.thirdparty.io.netty.channel.nio.NioEventLoop.run(NioEventLoop.java:458)
	at org.apache.ratis.thirdparty.io.netty.util.concurrent.SingleThreadEventExecutor$5.run(SingleThreadEventExecutor.java:897)
	at org.apache.ratis.thirdparty.io.netty.util.concurrent.FastThreadLocalRunnable.run(FastThreadLocalRunnable.java:30)
	... 1 more
Caused by: java.net.ConnectException: Connection refused
	... 11 more
2019-09-17 12:23:50,291 [ef58021b-0245-4b2a-b464-78c332d31a33@group-97FAE486DEE6:LeaderElection45] INFO  impl.LeaderElection (LogUtils.java:infoOrTrace(149)) - ef58021b-0245-4b2a-b464-78c332d31a33@group-97FAE486DEE6:LeaderElection45 got exception when requesting votes: {}
java.util.concurrent.ExecutionException: org.apache.ratis.thirdparty.io.grpc.StatusRuntimeException: UNAVAILABLE: io exception
	at java.util.concurrent.FutureTask.report(FutureTask.java:122)
	at java.util.concurrent.FutureTask.get(FutureTask.java:192)
	at org.apache.ratis.server.impl.LeaderElection.waitForResults(LeaderElection.java:263)
	at org.apache.ratis.server.impl.LeaderElection.askForVotes(LeaderElection.java:201)
	at org.apache.ratis.server.impl.LeaderElection.run(LeaderElection.java:133)
	at java.lang.Thread.run(Thread.java:748)
Caused by: org.apache.ratis.thirdparty.io.grpc.StatusRuntimeException: UNAVAILABLE: io exception
	at org.apache.ratis.thirdparty.io.grpc.stub.ClientCalls.toStatusRuntimeException(ClientCalls.java:233)
	at org.apache.ratis.thirdparty.io.grpc.stub.ClientCalls.getUnchecked(ClientCalls.java:214)
	at org.apache.ratis.thirdparty.io.grpc.stub.ClientCalls.blockingUnaryCall(ClientCalls.java:139)
	at org.apache.ratis.proto.grpc.RaftServerProtocolServiceGrpc$RaftServerProtocolServiceBlockingStub.requestVote(RaftServerProtocolServiceGrpc.java:265)
	at org.apache.ratis.grpc.server.GrpcServerProtocolClient.requestVote(GrpcServerProtocolClient.java:90)
	at org.apache.ratis.grpc.server.GrpcService.requestVote(GrpcService.java:204)
	at org.apache.ratis.server.impl.LeaderElection.lambda$submitRequests$1(LeaderElection.java:238)
	at java.util.concurrent.FutureTask.run(FutureTask.java:266)
	at java.util.concurrent.Executors$RunnableAdapter.call(Executors.java:511)
	at java.util.concurrent.FutureTask.run(FutureTask.java:266)
	at java.util.concurrent.ThreadPoolExecutor.runWorker(ThreadPoolExecutor.java:1149)
	at java.util.concurrent.ThreadPoolExecutor$Worker.run(ThreadPoolExecutor.java:624)
	... 1 more
Caused by: org.apache.ratis.thirdparty.io.netty.channel.AbstractChannel$AnnotatedConnectException: Connection refused: /192.168.5.130:38034
	at sun.nio.ch.SocketChannelImpl.checkConnect(Native Method)
	at sun.nio.ch.SocketChannelImpl.finishConnect(SocketChannelImpl.java:717)
	at org.apache.ratis.thirdparty.io.netty.channel.socket.nio.NioSocketChannel.doFinishConnect(NioSocketChannel.java:327)
	at org.apache.ratis.thirdparty.io.netty.channel.nio.AbstractNioChannel$AbstractNioUnsafe.finishConnect(AbstractNioChannel.java:340)
	at org.apache.ratis.thirdparty.io.netty.channel.nio.NioEventLoop.processSelectedKey(NioEventLoop.java:632)
	at org.apache.ratis.thirdparty.io.netty.channel.nio.NioEventLoop.processSelectedKeysOptimized(NioEventLoop.java:579)
	at org.apache.ratis.thirdparty.io.netty.channel.nio.NioEventLoop.processSelectedKeys(NioEventLoop.java:496)
	at org.apache.ratis.thirdparty.io.netty.channel.nio.NioEventLoop.run(NioEventLoop.java:458)
	at org.apache.ratis.thirdparty.io.netty.util.concurrent.SingleThreadEventExecutor$5.run(SingleThreadEventExecutor.java:897)
	at org.apache.ratis.thirdparty.io.netty.util.concurrent.FastThreadLocalRunnable.run(FastThreadLocalRunnable.java:30)
	... 1 more
Caused by: java.net.ConnectException: Connection refused
	... 11 more
2019-09-17 12:23:50,292 [ef58021b-0245-4b2a-b464-78c332d31a33@group-97FAE486DEE6:LeaderElection45] INFO  impl.LeaderElection (LeaderElection.java:logAndReturn(56)) - ef58021b-0245-4b2a-b464-78c332d31a33@group-97FAE486DEE6:LeaderElection45: Election REJECTED; received 0 response(s) [] and 2 exception(s); ef58021b-0245-4b2a-b464-78c332d31a33@group-97FAE486DEE6:t23, leader=null, voted=ef58021b-0245-4b2a-b464-78c332d31a33, raftlog=ef58021b-0245-4b2a-b464-78c332d31a33@group-97FAE486DEE6-SegmentedRaftLog:OPENED:c27,f27,i27, conf=0: [ed86af58-6365-40b3-a78c-ef8881f9dd1e:192.168.5.130:38034, 0cdf7b9a-92f5-4bda-bda9-a502d9c924f1:192.168.5.130:42251, ef58021b-0245-4b2a-b464-78c332d31a33:192.168.5.130:45449], old=null
2019-09-17 12:23:50,292 [ef58021b-0245-4b2a-b464-78c332d31a33@group-97FAE486DEE6:LeaderElection45] INFO  impl.LeaderElection (LogUtils.java:infoOrTrace(149)) -   Exception 0: {}
java.util.concurrent.ExecutionException: org.apache.ratis.thirdparty.io.grpc.StatusRuntimeException: UNAVAILABLE: io exception
	at java.util.concurrent.FutureTask.report(FutureTask.java:122)
	at java.util.concurrent.FutureTask.get(FutureTask.java:192)
	at org.apache.ratis.server.impl.LeaderElection.waitForResults(LeaderElection.java:263)
	at org.apache.ratis.server.impl.LeaderElection.askForVotes(LeaderElection.java:201)
	at org.apache.ratis.server.impl.LeaderElection.run(LeaderElection.java:133)
	at java.lang.Thread.run(Thread.java:748)
Caused by: org.apache.ratis.thirdparty.io.grpc.StatusRuntimeException: UNAVAILABLE: io exception
	at org.apache.ratis.thirdparty.io.grpc.stub.ClientCalls.toStatusRuntimeException(ClientCalls.java:233)
	at org.apache.ratis.thirdparty.io.grpc.stub.ClientCalls.getUnchecked(ClientCalls.java:214)
	at org.apache.ratis.thirdparty.io.grpc.stub.ClientCalls.blockingUnaryCall(ClientCalls.java:139)
	at org.apache.ratis.proto.grpc.RaftServerProtocolServiceGrpc$RaftServerProtocolServiceBlockingStub.requestVote(RaftServerProtocolServiceGrpc.java:265)
	at org.apache.ratis.grpc.server.GrpcServerProtocolClient.requestVote(GrpcServerProtocolClient.java:90)
	at org.apache.ratis.grpc.server.GrpcService.requestVote(GrpcService.java:204)
	at org.apache.ratis.server.impl.LeaderElection.lambda$submitRequests$1(LeaderElection.java:238)
	at java.util.concurrent.FutureTask.run(FutureTask.java:266)
	at java.util.concurrent.Executors$RunnableAdapter.call(Executors.java:511)
	at java.util.concurrent.FutureTask.run(FutureTask.java:266)
	at java.util.concurrent.ThreadPoolExecutor.runWorker(ThreadPoolExecutor.java:1149)
	at java.util.concurrent.ThreadPoolExecutor$Worker.run(ThreadPoolExecutor.java:624)
	... 1 more
Caused by: org.apache.ratis.thirdparty.io.netty.channel.AbstractChannel$AnnotatedConnectException: Connection refused: /192.168.5.130:42251
	at sun.nio.ch.SocketChannelImpl.checkConnect(Native Method)
	at sun.nio.ch.SocketChannelImpl.finishConnect(SocketChannelImpl.java:717)
	at org.apache.ratis.thirdparty.io.netty.channel.socket.nio.NioSocketChannel.doFinishConnect(NioSocketChannel.java:327)
	at org.apache.ratis.thirdparty.io.netty.channel.nio.AbstractNioChannel$AbstractNioUnsafe.finishConnect(AbstractNioChannel.java:340)
	at org.apache.ratis.thirdparty.io.netty.channel.nio.NioEventLoop.processSelectedKey(NioEventLoop.java:632)
	at org.apache.ratis.thirdparty.io.netty.channel.nio.NioEventLoop.processSelectedKeysOptimized(NioEventLoop.java:579)
	at org.apache.ratis.thirdparty.io.netty.channel.nio.NioEventLoop.processSelectedKeys(NioEventLoop.java:496)
	at org.apache.ratis.thirdparty.io.netty.channel.nio.NioEventLoop.run(NioEventLoop.java:458)
	at org.apache.ratis.thirdparty.io.netty.util.concurrent.SingleThreadEventExecutor$5.run(SingleThreadEventExecutor.java:897)
	at org.apache.ratis.thirdparty.io.netty.util.concurrent.FastThreadLocalRunnable.run(FastThreadLocalRunnable.java:30)
	... 1 more
Caused by: java.net.ConnectException: Connection refused
	... 11 more
2019-09-17 12:23:50,293 [ef58021b-0245-4b2a-b464-78c332d31a33@group-97FAE486DEE6:LeaderElection45] INFO  impl.LeaderElection (LogUtils.java:infoOrTrace(149)) -   Exception 1: {}
java.util.concurrent.ExecutionException: org.apache.ratis.thirdparty.io.grpc.StatusRuntimeException: UNAVAILABLE: io exception
	at java.util.concurrent.FutureTask.report(FutureTask.java:122)
	at java.util.concurrent.FutureTask.get(FutureTask.java:192)
	at org.apache.ratis.server.impl.LeaderElection.waitForResults(LeaderElection.java:263)
	at org.apache.ratis.server.impl.LeaderElection.askForVotes(LeaderElection.java:201)
	at org.apache.ratis.server.impl.LeaderElection.run(LeaderElection.java:133)
	at java.lang.Thread.run(Thread.java:748)
Caused by: org.apache.ratis.thirdparty.io.grpc.StatusRuntimeException: UNAVAILABLE: io exception
	at org.apache.ratis.thirdparty.io.grpc.stub.ClientCalls.toStatusRuntimeException(ClientCalls.java:233)
	at org.apache.ratis.thirdparty.io.grpc.stub.ClientCalls.getUnchecked(ClientCalls.java:214)
	at org.apache.ratis.thirdparty.io.grpc.stub.ClientCalls.blockingUnaryCall(ClientCalls.java:139)
	at org.apache.ratis.proto.grpc.RaftServerProtocolServiceGrpc$RaftServerProtocolServiceBlockingStub.requestVote(RaftServerProtocolServiceGrpc.java:265)
	at org.apache.ratis.grpc.server.GrpcServerProtocolClient.requestVote(GrpcServerProtocolClient.java:90)
	at org.apache.ratis.grpc.server.GrpcService.requestVote(GrpcService.java:204)
	at org.apache.ratis.server.impl.LeaderElection.lambda$submitRequests$1(LeaderElection.java:238)
	at java.util.concurrent.FutureTask.run(FutureTask.java:266)
	at java.util.concurrent.Executors$RunnableAdapter.call(Executors.java:511)
	at java.util.concurrent.FutureTask.run(FutureTask.java:266)
	at java.util.concurrent.ThreadPoolExecutor.runWorker(ThreadPoolExecutor.java:1149)
	at java.util.concurrent.ThreadPoolExecutor$Worker.run(ThreadPoolExecutor.java:624)
	... 1 more
Caused by: org.apache.ratis.thirdparty.io.netty.channel.AbstractChannel$AnnotatedConnectException: Connection refused: /192.168.5.130:38034
	at sun.nio.ch.SocketChannelImpl.checkConnect(Native Method)
	at sun.nio.ch.SocketChannelImpl.finishConnect(SocketChannelImpl.java:717)
	at org.apache.ratis.thirdparty.io.netty.channel.socket.nio.NioSocketChannel.doFinishConnect(NioSocketChannel.java:327)
	at org.apache.ratis.thirdparty.io.netty.channel.nio.AbstractNioChannel$AbstractNioUnsafe.finishConnect(AbstractNioChannel.java:340)
	at org.apache.ratis.thirdparty.io.netty.channel.nio.NioEventLoop.processSelectedKey(NioEventLoop.java:632)
	at org.apache.ratis.thirdparty.io.netty.channel.nio.NioEventLoop.processSelectedKeysOptimized(NioEventLoop.java:579)
	at org.apache.ratis.thirdparty.io.netty.channel.nio.NioEventLoop.processSelectedKeys(NioEventLoop.java:496)
	at org.apache.ratis.thirdparty.io.netty.channel.nio.NioEventLoop.run(NioEventLoop.java:458)
	at org.apache.ratis.thirdparty.io.netty.util.concurrent.SingleThreadEventExecutor$5.run(SingleThreadEventExecutor.java:897)
	at org.apache.ratis.thirdparty.io.netty.util.concurrent.FastThreadLocalRunnable.run(FastThreadLocalRunnable.java:30)
	... 1 more
Caused by: java.net.ConnectException: Connection refused
	... 11 more
2019-09-17 12:23:50,293 [ef58021b-0245-4b2a-b464-78c332d31a33@group-97FAE486DEE6:LeaderElection45] INFO  impl.RaftServerImpl (RaftServerImpl.java:setRole(174)) - ef58021b-0245-4b2a-b464-78c332d31a33@group-97FAE486DEE6: changes role from CANDIDATE to FOLLOWER at term 23 for DISCOVERED_A_NEW_TERM
2019-09-17 12:23:50,293 [ef58021b-0245-4b2a-b464-78c332d31a33@group-97FAE486DEE6:LeaderElection45] INFO  impl.RoleInfo (RoleInfo.java:shutdownLeaderElection(134)) - ef58021b-0245-4b2a-b464-78c332d31a33: shutdown LeaderElection
2019-09-17 12:23:50,293 [ef58021b-0245-4b2a-b464-78c332d31a33@group-97FAE486DEE6:LeaderElection45] INFO  impl.RoleInfo (RoleInfo.java:updateAndGet(143)) - ef58021b-0245-4b2a-b464-78c332d31a33: start FollowerState
2019-09-17 12:23:50,350 [a5f9b548-b989-4807-80f4-ff576b54977d@group-C0075F260562-SegmentedRaftLogWorker] WARN  segmented.SegmentedRaftLogWorker (SegmentedRaftLogWorker.java:getFromFuture(90)) - Timeout 5/~
org.apache.ratis.protocol.TimeoutIOException: Timeout 10s: WriteLog:17: (t:2, i:17), STATEMACHINELOGENTRY, client-0F6212053E58, cid=38-writeStateMachineData
	at org.apache.ratis.util.IOUtils.getFromFuture(IOUtils.java:87)
	at org.apache.ratis.server.raftlog.segmented.SegmentedRaftLogWorker$StateMachineDataPolicy.getFromFuture(SegmentedRaftLogWorker.java:87)
	at org.apache.ratis.server.raftlog.segmented.SegmentedRaftLogWorker$WriteLog.execute(SegmentedRaftLogWorker.java:477)
	at org.apache.ratis.server.raftlog.segmented.SegmentedRaftLogWorker.run(SegmentedRaftLogWorker.java:289)
	at java.lang.Thread.run(Thread.java:748)
Caused by: java.util.concurrent.TimeoutException
	at java.util.concurrent.CompletableFuture.timedGet(CompletableFuture.java:1771)
	at java.util.concurrent.CompletableFuture.get(CompletableFuture.java:1915)
	at org.apache.ratis.util.IOUtils.getFromFuture(IOUtils.java:79)
	... 4 more
2019-09-17 12:23:50,431 [java.util.concurrent.ThreadPoolExecutor$Worker@17044d63[State = -1, empty queue]] WARN  server.GrpcLogAppender (GrpcLogAppender.java:timeoutAppendRequest(200)) - 7689548e-5f49-4f36-9667-e46ba21e9ae3@group-C0075F260562->a5f9b548-b989-4807-80f4-ff576b54977d-GrpcLogAppender: appendEntries Timeout, request=7689548e-5f49-4f36-9667-e46ba21e9ae3->a5f9b548-b989-4807-80f4-ff576b54977d#137-t2, previous=(t:2, i:20), leaderCommit=16, initializing? false, entries: <empty>
2019-09-17 12:23:50,527 [7689548e-5f49-4f36-9667-e46ba21e9ae3@group-C0075F260562-SegmentedRaftLogWorker] WARN  segmented.SegmentedRaftLogWorker (SegmentedRaftLogWorker.java:getFromFuture(90)) - Timeout 5/~
org.apache.ratis.protocol.TimeoutIOException: Timeout 10s: WriteLog:19: (t:2, i:19), STATEMACHINELOGENTRY, client-0F6212053E58, cid=40-writeStateMachineData
	at org.apache.ratis.util.IOUtils.getFromFuture(IOUtils.java:87)
	at org.apache.ratis.server.raftlog.segmented.SegmentedRaftLogWorker$StateMachineDataPolicy.getFromFuture(SegmentedRaftLogWorker.java:87)
	at org.apache.ratis.server.raftlog.segmented.SegmentedRaftLogWorker$WriteLog.execute(SegmentedRaftLogWorker.java:477)
	at org.apache.ratis.server.raftlog.segmented.SegmentedRaftLogWorker.run(SegmentedRaftLogWorker.java:289)
	at java.lang.Thread.run(Thread.java:748)
Caused by: java.util.concurrent.TimeoutException
	at java.util.concurrent.CompletableFuture.timedGet(CompletableFuture.java:1771)
	at java.util.concurrent.CompletableFuture.get(CompletableFuture.java:1915)
	at org.apache.ratis.util.IOUtils.getFromFuture(IOUtils.java:79)
	... 4 more
2019-09-17 12:23:50,560 [java.util.concurrent.ThreadPoolExecutor$Worker@4758ecc9[State = -1, empty queue]] WARN  server.GrpcLogAppender (GrpcLogAppender.java:timeoutAppendRequest(200)) - 84b9980c-7545-47f2-8f8d-7bdb4cb4587c@group-5D4E048AB16A->ba884459-fbaf-490e-9b71-3c718ea82914-GrpcLogAppender: appendEntries Timeout, request=84b9980c-7545-47f2-8f8d-7bdb4cb4587c->ba884459-fbaf-490e-9b71-3c718ea82914#148-t2, previous=(t:2, i:33), leaderCommit=29, initializing? false, entries: <empty>
2019-09-17 12:23:50,931 [java.util.concurrent.ThreadPoolExecutor$Worker@17044d63[State = -1, empty queue]] WARN  server.GrpcLogAppender (GrpcLogAppender.java:timeoutAppendRequest(200)) - 7689548e-5f49-4f36-9667-e46ba21e9ae3@group-C0075F260562->a5f9b548-b989-4807-80f4-ff576b54977d-GrpcLogAppender: appendEntries Timeout, request=7689548e-5f49-4f36-9667-e46ba21e9ae3->a5f9b548-b989-4807-80f4-ff576b54977d#138-t2, previous=(t:2, i:20), leaderCommit=16, initializing? false, entries: <empty>
2019-09-17 12:23:51,060 [java.util.concurrent.ThreadPoolExecutor$Worker@4758ecc9[State = -1, empty queue]] WARN  server.GrpcLogAppender (GrpcLogAppender.java:timeoutAppendRequest(200)) - 84b9980c-7545-47f2-8f8d-7bdb4cb4587c@group-5D4E048AB16A->ba884459-fbaf-490e-9b71-3c718ea82914-GrpcLogAppender: appendEntries Timeout, request=84b9980c-7545-47f2-8f8d-7bdb4cb4587c->ba884459-fbaf-490e-9b71-3c718ea82914#149-t2, previous=(t:2, i:33), leaderCommit=29, initializing? false, entries: <empty>
2019-09-17 12:23:51,294 [Thread-1428] INFO  impl.FollowerState (FollowerState.java:run(106)) - ef58021b-0245-4b2a-b464-78c332d31a33:group-97FAE486DEE6 changes to CANDIDATE, lastRpcTime:1000, electionTimeout:1000ms
2019-09-17 12:23:51,294 [Thread-1428] INFO  impl.RoleInfo (RoleInfo.java:shutdownFollowerState(121)) - ef58021b-0245-4b2a-b464-78c332d31a33: shutdown FollowerState
2019-09-17 12:23:51,294 [Thread-1428] INFO  impl.RaftServerImpl (RaftServerImpl.java:setRole(174)) - ef58021b-0245-4b2a-b464-78c332d31a33@group-97FAE486DEE6: changes role from  FOLLOWER to CANDIDATE at term 23 for changeToCandidate
2019-09-17 12:23:51,295 [Thread-1428] INFO  impl.RoleInfo (RoleInfo.java:updateAndGet(143)) - ef58021b-0245-4b2a-b464-78c332d31a33: start LeaderElection
2019-09-17 12:23:51,323 [ef58021b-0245-4b2a-b464-78c332d31a33@group-97FAE486DEE6:LeaderElection46] INFO  impl.LeaderElection (LeaderElection.java:askForVotes(182)) - ef58021b-0245-4b2a-b464-78c332d31a33@group-97FAE486DEE6:LeaderElection46: begin an election at term 24 for 0: [ed86af58-6365-40b3-a78c-ef8881f9dd1e:192.168.5.130:38034, 0cdf7b9a-92f5-4bda-bda9-a502d9c924f1:192.168.5.130:42251, ef58021b-0245-4b2a-b464-78c332d31a33:192.168.5.130:45449], old=null
2019-09-17 12:23:51,325 [ef58021b-0245-4b2a-b464-78c332d31a33@group-97FAE486DEE6:LeaderElection46] INFO  impl.LeaderElection (LogUtils.java:infoOrTrace(149)) - ef58021b-0245-4b2a-b464-78c332d31a33@group-97FAE486DEE6:LeaderElection46 got exception when requesting votes: {}
java.util.concurrent.ExecutionException: org.apache.ratis.thirdparty.io.grpc.StatusRuntimeException: UNAVAILABLE: io exception
	at java.util.concurrent.FutureTask.report(FutureTask.java:122)
	at java.util.concurrent.FutureTask.get(FutureTask.java:192)
	at org.apache.ratis.server.impl.LeaderElection.waitForResults(LeaderElection.java:263)
	at org.apache.ratis.server.impl.LeaderElection.askForVotes(LeaderElection.java:201)
	at org.apache.ratis.server.impl.LeaderElection.run(LeaderElection.java:133)
	at java.lang.Thread.run(Thread.java:748)
Caused by: org.apache.ratis.thirdparty.io.grpc.StatusRuntimeException: UNAVAILABLE: io exception
	at org.apache.ratis.thirdparty.io.grpc.stub.ClientCalls.toStatusRuntimeException(ClientCalls.java:233)
	at org.apache.ratis.thirdparty.io.grpc.stub.ClientCalls.getUnchecked(ClientCalls.java:214)
	at org.apache.ratis.thirdparty.io.grpc.stub.ClientCalls.blockingUnaryCall(ClientCalls.java:139)
	at org.apache.ratis.proto.grpc.RaftServerProtocolServiceGrpc$RaftServerProtocolServiceBlockingStub.requestVote(RaftServerProtocolServiceGrpc.java:265)
	at org.apache.ratis.grpc.server.GrpcServerProtocolClient.requestVote(GrpcServerProtocolClient.java:90)
	at org.apache.ratis.grpc.server.GrpcService.requestVote(GrpcService.java:204)
	at org.apache.ratis.server.impl.LeaderElection.lambda$submitRequests$1(LeaderElection.java:238)
	at java.util.concurrent.FutureTask.run(FutureTask.java:266)
	at java.util.concurrent.Executors$RunnableAdapter.call(Executors.java:511)
	at java.util.concurrent.FutureTask.run(FutureTask.java:266)
	at java.util.concurrent.ThreadPoolExecutor.runWorker(ThreadPoolExecutor.java:1149)
	at java.util.concurrent.ThreadPoolExecutor$Worker.run(ThreadPoolExecutor.java:624)
	... 1 more
Caused by: org.apache.ratis.thirdparty.io.netty.channel.AbstractChannel$AnnotatedConnectException: Connection refused: /192.168.5.130:42251
	at sun.nio.ch.SocketChannelImpl.checkConnect(Native Method)
	at sun.nio.ch.SocketChannelImpl.finishConnect(SocketChannelImpl.java:717)
	at org.apache.ratis.thirdparty.io.netty.channel.socket.nio.NioSocketChannel.doFinishConnect(NioSocketChannel.java:327)
	at org.apache.ratis.thirdparty.io.netty.channel.nio.AbstractNioChannel$AbstractNioUnsafe.finishConnect(AbstractNioChannel.java:340)
	at org.apache.ratis.thirdparty.io.netty.channel.nio.NioEventLoop.processSelectedKey(NioEventLoop.java:632)
	at org.apache.ratis.thirdparty.io.netty.channel.nio.NioEventLoop.processSelectedKeysOptimized(NioEventLoop.java:579)
	at org.apache.ratis.thirdparty.io.netty.channel.nio.NioEventLoop.processSelectedKeys(NioEventLoop.java:496)
	at org.apache.ratis.thirdparty.io.netty.channel.nio.NioEventLoop.run(NioEventLoop.java:458)
	at org.apache.ratis.thirdparty.io.netty.util.concurrent.SingleThreadEventExecutor$5.run(SingleThreadEventExecutor.java:897)
	at org.apache.ratis.thirdparty.io.netty.util.concurrent.FastThreadLocalRunnable.run(FastThreadLocalRunnable.java:30)
	... 1 more
Caused by: java.net.ConnectException: Connection refused
	... 11 more
2019-09-17 12:23:51,326 [ef58021b-0245-4b2a-b464-78c332d31a33@group-97FAE486DEE6:LeaderElection46] INFO  impl.LeaderElection (LogUtils.java:infoOrTrace(149)) - ef58021b-0245-4b2a-b464-78c332d31a33@group-97FAE486DEE6:LeaderElection46 got exception when requesting votes: {}
java.util.concurrent.ExecutionException: org.apache.ratis.thirdparty.io.grpc.StatusRuntimeException: UNAVAILABLE: io exception
	at java.util.concurrent.FutureTask.report(FutureTask.java:122)
	at java.util.concurrent.FutureTask.get(FutureTask.java:192)
	at org.apache.ratis.server.impl.LeaderElection.waitForResults(LeaderElection.java:263)
	at org.apache.ratis.server.impl.LeaderElection.askForVotes(LeaderElection.java:201)
	at org.apache.ratis.server.impl.LeaderElection.run(LeaderElection.java:133)
	at java.lang.Thread.run(Thread.java:748)
Caused by: org.apache.ratis.thirdparty.io.grpc.StatusRuntimeException: UNAVAILABLE: io exception
	at org.apache.ratis.thirdparty.io.grpc.stub.ClientCalls.toStatusRuntimeException(ClientCalls.java:233)
	at org.apache.ratis.thirdparty.io.grpc.stub.ClientCalls.getUnchecked(ClientCalls.java:214)
	at org.apache.ratis.thirdparty.io.grpc.stub.ClientCalls.blockingUnaryCall(ClientCalls.java:139)
	at org.apache.ratis.proto.grpc.RaftServerProtocolServiceGrpc$RaftServerProtocolServiceBlockingStub.requestVote(RaftServerProtocolServiceGrpc.java:265)
	at org.apache.ratis.grpc.server.GrpcServerProtocolClient.requestVote(GrpcServerProtocolClient.java:90)
	at org.apache.ratis.grpc.server.GrpcService.requestVote(GrpcService.java:204)
	at org.apache.ratis.server.impl.LeaderElection.lambda$submitRequests$1(LeaderElection.java:238)
	at java.util.concurrent.FutureTask.run(FutureTask.java:266)
	at java.util.concurrent.Executors$RunnableAdapter.call(Executors.java:511)
	at java.util.concurrent.FutureTask.run(FutureTask.java:266)
	at java.util.concurrent.ThreadPoolExecutor.runWorker(ThreadPoolExecutor.java:1149)
	at java.util.concurrent.ThreadPoolExecutor$Worker.run(ThreadPoolExecutor.java:624)
	... 1 more
Caused by: org.apache.ratis.thirdparty.io.netty.channel.AbstractChannel$AnnotatedConnectException: Connection refused: /192.168.5.130:38034
	at sun.nio.ch.SocketChannelImpl.checkConnect(Native Method)
	at sun.nio.ch.SocketChannelImpl.finishConnect(SocketChannelImpl.java:717)
	at org.apache.ratis.thirdparty.io.netty.channel.socket.nio.NioSocketChannel.doFinishConnect(NioSocketChannel.java:327)
	at org.apache.ratis.thirdparty.io.netty.channel.nio.AbstractNioChannel$AbstractNioUnsafe.finishConnect(AbstractNioChannel.java:340)
	at org.apache.ratis.thirdparty.io.netty.channel.nio.NioEventLoop.processSelectedKey(NioEventLoop.java:632)
	at org.apache.ratis.thirdparty.io.netty.channel.nio.NioEventLoop.processSelectedKeysOptimized(NioEventLoop.java:579)
	at org.apache.ratis.thirdparty.io.netty.channel.nio.NioEventLoop.processSelectedKeys(NioEventLoop.java:496)
	at org.apache.ratis.thirdparty.io.netty.channel.nio.NioEventLoop.run(NioEventLoop.java:458)
	at org.apache.ratis.thirdparty.io.netty.util.concurrent.SingleThreadEventExecutor$5.run(SingleThreadEventExecutor.java:897)
	at org.apache.ratis.thirdparty.io.netty.util.concurrent.FastThreadLocalRunnable.run(FastThreadLocalRunnable.java:30)
	... 1 more
Caused by: java.net.ConnectException: Connection refused
	... 11 more
2019-09-17 12:23:51,327 [ef58021b-0245-4b2a-b464-78c332d31a33@group-97FAE486DEE6:LeaderElection46] INFO  impl.LeaderElection (LeaderElection.java:logAndReturn(56)) - ef58021b-0245-4b2a-b464-78c332d31a33@group-97FAE486DEE6:LeaderElection46: Election REJECTED; received 0 response(s) [] and 2 exception(s); ef58021b-0245-4b2a-b464-78c332d31a33@group-97FAE486DEE6:t24, leader=null, voted=ef58021b-0245-4b2a-b464-78c332d31a33, raftlog=ef58021b-0245-4b2a-b464-78c332d31a33@group-97FAE486DEE6-SegmentedRaftLog:OPENED:c27,f27,i27, conf=0: [ed86af58-6365-40b3-a78c-ef8881f9dd1e:192.168.5.130:38034, 0cdf7b9a-92f5-4bda-bda9-a502d9c924f1:192.168.5.130:42251, ef58021b-0245-4b2a-b464-78c332d31a33:192.168.5.130:45449], old=null
2019-09-17 12:23:51,327 [ef58021b-0245-4b2a-b464-78c332d31a33@group-97FAE486DEE6:LeaderElection46] INFO  impl.LeaderElection (LogUtils.java:infoOrTrace(149)) -   Exception 0: {}
java.util.concurrent.ExecutionException: org.apache.ratis.thirdparty.io.grpc.StatusRuntimeException: UNAVAILABLE: io exception
	at java.util.concurrent.FutureTask.report(FutureTask.java:122)
	at java.util.concurrent.FutureTask.get(FutureTask.java:192)
	at org.apache.ratis.server.impl.LeaderElection.waitForResults(LeaderElection.java:263)
	at org.apache.ratis.server.impl.LeaderElection.askForVotes(LeaderElection.java:201)
	at org.apache.ratis.server.impl.LeaderElection.run(LeaderElection.java:133)
	at java.lang.Thread.run(Thread.java:748)
Caused by: org.apache.ratis.thirdparty.io.grpc.StatusRuntimeException: UNAVAILABLE: io exception
	at org.apache.ratis.thirdparty.io.grpc.stub.ClientCalls.toStatusRuntimeException(ClientCalls.java:233)
	at org.apache.ratis.thirdparty.io.grpc.stub.ClientCalls.getUnchecked(ClientCalls.java:214)
	at org.apache.ratis.thirdparty.io.grpc.stub.ClientCalls.blockingUnaryCall(ClientCalls.java:139)
	at org.apache.ratis.proto.grpc.RaftServerProtocolServiceGrpc$RaftServerProtocolServiceBlockingStub.requestVote(RaftServerProtocolServiceGrpc.java:265)
	at org.apache.ratis.grpc.server.GrpcServerProtocolClient.requestVote(GrpcServerProtocolClient.java:90)
	at org.apache.ratis.grpc.server.GrpcService.requestVote(GrpcService.java:204)
	at org.apache.ratis.server.impl.LeaderElection.lambda$submitRequests$1(LeaderElection.java:238)
	at java.util.concurrent.FutureTask.run(FutureTask.java:266)
	at java.util.concurrent.Executors$RunnableAdapter.call(Executors.java:511)
	at java.util.concurrent.FutureTask.run(FutureTask.java:266)
	at java.util.concurrent.ThreadPoolExecutor.runWorker(ThreadPoolExecutor.java:1149)
	at java.util.concurrent.ThreadPoolExecutor$Worker.run(ThreadPoolExecutor.java:624)
	... 1 more
Caused by: org.apache.ratis.thirdparty.io.netty.channel.AbstractChannel$AnnotatedConnectException: Connection refused: /192.168.5.130:42251
	at sun.nio.ch.SocketChannelImpl.checkConnect(Native Method)
	at sun.nio.ch.SocketChannelImpl.finishConnect(SocketChannelImpl.java:717)
	at org.apache.ratis.thirdparty.io.netty.channel.socket.nio.NioSocketChannel.doFinishConnect(NioSocketChannel.java:327)
	at org.apache.ratis.thirdparty.io.netty.channel.nio.AbstractNioChannel$AbstractNioUnsafe.finishConnect(AbstractNioChannel.java:340)
	at org.apache.ratis.thirdparty.io.netty.channel.nio.NioEventLoop.processSelectedKey(NioEventLoop.java:632)
	at org.apache.ratis.thirdparty.io.netty.channel.nio.NioEventLoop.processSelectedKeysOptimized(NioEventLoop.java:579)
	at org.apache.ratis.thirdparty.io.netty.channel.nio.NioEventLoop.processSelectedKeys(NioEventLoop.java:496)
	at org.apache.ratis.thirdparty.io.netty.channel.nio.NioEventLoop.run(NioEventLoop.java:458)
	at org.apache.ratis.thirdparty.io.netty.util.concurrent.SingleThreadEventExecutor$5.run(SingleThreadEventExecutor.java:897)
	at org.apache.ratis.thirdparty.io.netty.util.concurrent.FastThreadLocalRunnable.run(FastThreadLocalRunnable.java:30)
	... 1 more
Caused by: java.net.ConnectException: Connection refused
	... 11 more
2019-09-17 12:23:51,327 [ef58021b-0245-4b2a-b464-78c332d31a33@group-97FAE486DEE6:LeaderElection46] INFO  impl.LeaderElection (LogUtils.java:infoOrTrace(149)) -   Exception 1: {}
java.util.concurrent.ExecutionException: org.apache.ratis.thirdparty.io.grpc.StatusRuntimeException: UNAVAILABLE: io exception
	at java.util.concurrent.FutureTask.report(FutureTask.java:122)
	at java.util.concurrent.FutureTask.get(FutureTask.java:192)
	at org.apache.ratis.server.impl.LeaderElection.waitForResults(LeaderElection.java:263)
	at org.apache.ratis.server.impl.LeaderElection.askForVotes(LeaderElection.java:201)
	at org.apache.ratis.server.impl.LeaderElection.run(LeaderElection.java:133)
	at java.lang.Thread.run(Thread.java:748)
Caused by: org.apache.ratis.thirdparty.io.grpc.StatusRuntimeException: UNAVAILABLE: io exception
	at org.apache.ratis.thirdparty.io.grpc.stub.ClientCalls.toStatusRuntimeException(ClientCalls.java:233)
	at org.apache.ratis.thirdparty.io.grpc.stub.ClientCalls.getUnchecked(ClientCalls.java:214)
	at org.apache.ratis.thirdparty.io.grpc.stub.ClientCalls.blockingUnaryCall(ClientCalls.java:139)
	at org.apache.ratis.proto.grpc.RaftServerProtocolServiceGrpc$RaftServerProtocolServiceBlockingStub.requestVote(RaftServerProtocolServiceGrpc.java:265)
	at org.apache.ratis.grpc.server.GrpcServerProtocolClient.requestVote(GrpcServerProtocolClient.java:90)
	at org.apache.ratis.grpc.server.GrpcService.requestVote(GrpcService.java:204)
	at org.apache.ratis.server.impl.LeaderElection.lambda$submitRequests$1(LeaderElection.java:238)
	at java.util.concurrent.FutureTask.run(FutureTask.java:266)
	at java.util.concurrent.Executors$RunnableAdapter.call(Executors.java:511)
	at java.util.concurrent.FutureTask.run(FutureTask.java:266)
	at java.util.concurrent.ThreadPoolExecutor.runWorker(ThreadPoolExecutor.java:1149)
	at java.util.concurrent.ThreadPoolExecutor$Worker.run(ThreadPoolExecutor.java:624)
	... 1 more
Caused by: org.apache.ratis.thirdparty.io.netty.channel.AbstractChannel$AnnotatedConnectException: Connection refused: /192.168.5.130:38034
	at sun.nio.ch.SocketChannelImpl.checkConnect(Native Method)
	at sun.nio.ch.SocketChannelImpl.finishConnect(SocketChannelImpl.java:717)
	at org.apache.ratis.thirdparty.io.netty.channel.socket.nio.NioSocketChannel.doFinishConnect(NioSocketChannel.java:327)
	at org.apache.ratis.thirdparty.io.netty.channel.nio.AbstractNioChannel$AbstractNioUnsafe.finishConnect(AbstractNioChannel.java:340)
	at org.apache.ratis.thirdparty.io.netty.channel.nio.NioEventLoop.processSelectedKey(NioEventLoop.java:632)
	at org.apache.ratis.thirdparty.io.netty.channel.nio.NioEventLoop.processSelectedKeysOptimized(NioEventLoop.java:579)
	at org.apache.ratis.thirdparty.io.netty.channel.nio.NioEventLoop.processSelectedKeys(NioEventLoop.java:496)
	at org.apache.ratis.thirdparty.io.netty.channel.nio.NioEventLoop.run(NioEventLoop.java:458)
	at org.apache.ratis.thirdparty.io.netty.util.concurrent.SingleThreadEventExecutor$5.run(SingleThreadEventExecutor.java:897)
	at org.apache.ratis.thirdparty.io.netty.util.concurrent.FastThreadLocalRunnable.run(FastThreadLocalRunnable.java:30)
	... 1 more
Caused by: java.net.ConnectException: Connection refused
	... 11 more
2019-09-17 12:23:51,328 [ef58021b-0245-4b2a-b464-78c332d31a33@group-97FAE486DEE6:LeaderElection46] INFO  impl.RaftServerImpl (RaftServerImpl.java:setRole(174)) - ef58021b-0245-4b2a-b464-78c332d31a33@group-97FAE486DEE6: changes role from CANDIDATE to FOLLOWER at term 24 for DISCOVERED_A_NEW_TERM
2019-09-17 12:23:51,328 [ef58021b-0245-4b2a-b464-78c332d31a33@group-97FAE486DEE6:LeaderElection46] INFO  impl.RoleInfo (RoleInfo.java:shutdownLeaderElection(134)) - ef58021b-0245-4b2a-b464-78c332d31a33: shutdown LeaderElection
2019-09-17 12:23:51,329 [ef58021b-0245-4b2a-b464-78c332d31a33@group-97FAE486DEE6:LeaderElection46] INFO  impl.RoleInfo (RoleInfo.java:updateAndGet(143)) - ef58021b-0245-4b2a-b464-78c332d31a33: start FollowerState
2019-09-17 12:23:51,432 [java.util.concurrent.ThreadPoolExecutor$Worker@17044d63[State = -1, empty queue]] WARN  server.GrpcLogAppender (GrpcLogAppender.java:timeoutAppendRequest(200)) - 7689548e-5f49-4f36-9667-e46ba21e9ae3@group-C0075F260562->a5f9b548-b989-4807-80f4-ff576b54977d-GrpcLogAppender: appendEntries Timeout, request=7689548e-5f49-4f36-9667-e46ba21e9ae3->a5f9b548-b989-4807-80f4-ff576b54977d#139-t2, previous=(t:2, i:20), leaderCommit=16, initializing? false, entries: <empty>
2019-09-17 12:23:51,560 [java.util.concurrent.ThreadPoolExecutor$Worker@4758ecc9[State = -1, empty queue]] WARN  server.GrpcLogAppender (GrpcLogAppender.java:timeoutAppendRequest(200)) - 84b9980c-7545-47f2-8f8d-7bdb4cb4587c@group-5D4E048AB16A->ba884459-fbaf-490e-9b71-3c718ea82914-GrpcLogAppender: appendEntries Timeout, request=84b9980c-7545-47f2-8f8d-7bdb4cb4587c->ba884459-fbaf-490e-9b71-3c718ea82914#150-t2, previous=(t:2, i:33), leaderCommit=29, initializing? false, entries: <empty>
2019-09-17 12:23:51,932 [java.util.concurrent.ThreadPoolExecutor$Worker@17044d63[State = -1, empty queue]] WARN  server.GrpcLogAppender (GrpcLogAppender.java:timeoutAppendRequest(200)) - 7689548e-5f49-4f36-9667-e46ba21e9ae3@group-C0075F260562->a5f9b548-b989-4807-80f4-ff576b54977d-GrpcLogAppender: appendEntries Timeout, request=7689548e-5f49-4f36-9667-e46ba21e9ae3->a5f9b548-b989-4807-80f4-ff576b54977d#140-t2, previous=(t:2, i:20), leaderCommit=16, initializing? false, entries: <empty>
2019-09-17 12:23:52,061 [java.util.concurrent.ThreadPoolExecutor$Worker@4758ecc9[State = -1, empty queue]] WARN  server.GrpcLogAppender (GrpcLogAppender.java:timeoutAppendRequest(200)) - 84b9980c-7545-47f2-8f8d-7bdb4cb4587c@group-5D4E048AB16A->ba884459-fbaf-490e-9b71-3c718ea82914-GrpcLogAppender: appendEntries Timeout, request=84b9980c-7545-47f2-8f8d-7bdb4cb4587c->ba884459-fbaf-490e-9b71-3c718ea82914#151-t2, previous=(t:2, i:33), leaderCommit=29, initializing? false, entries: <empty>
2019-09-17 12:23:52,432 [java.util.concurrent.ThreadPoolExecutor$Worker@17044d63[State = -1, empty queue]] WARN  server.GrpcLogAppender (GrpcLogAppender.java:timeoutAppendRequest(200)) - 7689548e-5f49-4f36-9667-e46ba21e9ae3@group-C0075F260562->a5f9b548-b989-4807-80f4-ff576b54977d-GrpcLogAppender: appendEntries Timeout, request=7689548e-5f49-4f36-9667-e46ba21e9ae3->a5f9b548-b989-4807-80f4-ff576b54977d#141-t2, previous=(t:2, i:20), leaderCommit=16, initializing? false, entries: <empty>
2019-09-17 12:23:52,449 [Thread-1440] INFO  impl.FollowerState (FollowerState.java:run(106)) - ef58021b-0245-4b2a-b464-78c332d31a33:group-97FAE486DEE6 changes to CANDIDATE, lastRpcTime:1120, electionTimeout:1120ms
2019-09-17 12:23:52,449 [Thread-1440] INFO  impl.RoleInfo (RoleInfo.java:shutdownFollowerState(121)) - ef58021b-0245-4b2a-b464-78c332d31a33: shutdown FollowerState
2019-09-17 12:23:52,450 [Thread-1440] INFO  impl.RaftServerImpl (RaftServerImpl.java:setRole(174)) - ef58021b-0245-4b2a-b464-78c332d31a33@group-97FAE486DEE6: changes role from  FOLLOWER to CANDIDATE at term 24 for changeToCandidate
2019-09-17 12:23:52,450 [Thread-1440] INFO  impl.RoleInfo (RoleInfo.java:updateAndGet(143)) - ef58021b-0245-4b2a-b464-78c332d31a33: start LeaderElection
2019-09-17 12:23:52,491 [ef58021b-0245-4b2a-b464-78c332d31a33@group-97FAE486DEE6:LeaderElection47] INFO  impl.LeaderElection (LeaderElection.java:askForVotes(182)) - ef58021b-0245-4b2a-b464-78c332d31a33@group-97FAE486DEE6:LeaderElection47: begin an election at term 25 for 0: [ed86af58-6365-40b3-a78c-ef8881f9dd1e:192.168.5.130:38034, 0cdf7b9a-92f5-4bda-bda9-a502d9c924f1:192.168.5.130:42251, ef58021b-0245-4b2a-b464-78c332d31a33:192.168.5.130:45449], old=null
2019-09-17 12:23:52,493 [ef58021b-0245-4b2a-b464-78c332d31a33@group-97FAE486DEE6:LeaderElection47] INFO  impl.LeaderElection (LogUtils.java:infoOrTrace(149)) - ef58021b-0245-4b2a-b464-78c332d31a33@group-97FAE486DEE6:LeaderElection47 got exception when requesting votes: {}
java.util.concurrent.ExecutionException: org.apache.ratis.thirdparty.io.grpc.StatusRuntimeException: UNAVAILABLE: io exception
	at java.util.concurrent.FutureTask.report(FutureTask.java:122)
	at java.util.concurrent.FutureTask.get(FutureTask.java:192)
	at org.apache.ratis.server.impl.LeaderElection.waitForResults(LeaderElection.java:263)
	at org.apache.ratis.server.impl.LeaderElection.askForVotes(LeaderElection.java:201)
	at org.apache.ratis.server.impl.LeaderElection.run(LeaderElection.java:133)
	at java.lang.Thread.run(Thread.java:748)
Caused by: org.apache.ratis.thirdparty.io.grpc.StatusRuntimeException: UNAVAILABLE: io exception
	at org.apache.ratis.thirdparty.io.grpc.stub.ClientCalls.toStatusRuntimeException(ClientCalls.java:233)
	at org.apache.ratis.thirdparty.io.grpc.stub.ClientCalls.getUnchecked(ClientCalls.java:214)
	at org.apache.ratis.thirdparty.io.grpc.stub.ClientCalls.blockingUnaryCall(ClientCalls.java:139)
	at org.apache.ratis.proto.grpc.RaftServerProtocolServiceGrpc$RaftServerProtocolServiceBlockingStub.requestVote(RaftServerProtocolServiceGrpc.java:265)
	at org.apache.ratis.grpc.server.GrpcServerProtocolClient.requestVote(GrpcServerProtocolClient.java:90)
	at org.apache.ratis.grpc.server.GrpcService.requestVote(GrpcService.java:204)
	at org.apache.ratis.server.impl.LeaderElection.lambda$submitRequests$1(LeaderElection.java:238)
	at java.util.concurrent.FutureTask.run(FutureTask.java:266)
	at java.util.concurrent.Executors$RunnableAdapter.call(Executors.java:511)
	at java.util.concurrent.FutureTask.run(FutureTask.java:266)
	at java.util.concurrent.ThreadPoolExecutor.runWorker(ThreadPoolExecutor.java:1149)
	at java.util.concurrent.ThreadPoolExecutor$Worker.run(ThreadPoolExecutor.java:624)
	... 1 more
Caused by: org.apache.ratis.thirdparty.io.netty.channel.AbstractChannel$AnnotatedConnectException: Connection refused: /192.168.5.130:38034
	at sun.nio.ch.SocketChannelImpl.checkConnect(Native Method)
	at sun.nio.ch.SocketChannelImpl.finishConnect(SocketChannelImpl.java:717)
	at org.apache.ratis.thirdparty.io.netty.channel.socket.nio.NioSocketChannel.doFinishConnect(NioSocketChannel.java:327)
	at org.apache.ratis.thirdparty.io.netty.channel.nio.AbstractNioChannel$AbstractNioUnsafe.finishConnect(AbstractNioChannel.java:340)
	at org.apache.ratis.thirdparty.io.netty.channel.nio.NioEventLoop.processSelectedKey(NioEventLoop.java:632)
	at org.apache.ratis.thirdparty.io.netty.channel.nio.NioEventLoop.processSelectedKeysOptimized(NioEventLoop.java:579)
	at org.apache.ratis.thirdparty.io.netty.channel.nio.NioEventLoop.processSelectedKeys(NioEventLoop.java:496)
	at org.apache.ratis.thirdparty.io.netty.channel.nio.NioEventLoop.run(NioEventLoop.java:458)
	at org.apache.ratis.thirdparty.io.netty.util.concurrent.SingleThreadEventExecutor$5.run(SingleThreadEventExecutor.java:897)
	at org.apache.ratis.thirdparty.io.netty.util.concurrent.FastThreadLocalRunnable.run(FastThreadLocalRunnable.java:30)
	... 1 more
Caused by: java.net.ConnectException: Connection refused
	... 11 more
2019-09-17 12:23:52,494 [ef58021b-0245-4b2a-b464-78c332d31a33@group-97FAE486DEE6:LeaderElection47] INFO  impl.LeaderElection (LogUtils.java:infoOrTrace(149)) - ef58021b-0245-4b2a-b464-78c332d31a33@group-97FAE486DEE6:LeaderElection47 got exception when requesting votes: {}
java.util.concurrent.ExecutionException: org.apache.ratis.thirdparty.io.grpc.StatusRuntimeException: UNAVAILABLE: io exception
	at java.util.concurrent.FutureTask.report(FutureTask.java:122)
	at java.util.concurrent.FutureTask.get(FutureTask.java:192)
	at org.apache.ratis.server.impl.LeaderElection.waitForResults(LeaderElection.java:263)
	at org.apache.ratis.server.impl.LeaderElection.askForVotes(LeaderElection.java:201)
	at org.apache.ratis.server.impl.LeaderElection.run(LeaderElection.java:133)
	at java.lang.Thread.run(Thread.java:748)
Caused by: org.apache.ratis.thirdparty.io.grpc.StatusRuntimeException: UNAVAILABLE: io exception
	at org.apache.ratis.thirdparty.io.grpc.stub.ClientCalls.toStatusRuntimeException(ClientCalls.java:233)
	at org.apache.ratis.thirdparty.io.grpc.stub.ClientCalls.getUnchecked(ClientCalls.java:214)
	at org.apache.ratis.thirdparty.io.grpc.stub.ClientCalls.blockingUnaryCall(ClientCalls.java:139)
	at org.apache.ratis.proto.grpc.RaftServerProtocolServiceGrpc$RaftServerProtocolServiceBlockingStub.requestVote(RaftServerProtocolServiceGrpc.java:265)
	at org.apache.ratis.grpc.server.GrpcServerProtocolClient.requestVote(GrpcServerProtocolClient.java:90)
	at org.apache.ratis.grpc.server.GrpcService.requestVote(GrpcService.java:204)
	at org.apache.ratis.server.impl.LeaderElection.lambda$submitRequests$1(LeaderElection.java:238)
	at java.util.concurrent.FutureTask.run(FutureTask.java:266)
	at java.util.concurrent.Executors$RunnableAdapter.call(Executors.java:511)
	at java.util.concurrent.FutureTask.run(FutureTask.java:266)
	at java.util.concurrent.ThreadPoolExecutor.runWorker(ThreadPoolExecutor.java:1149)
	at java.util.concurrent.ThreadPoolExecutor$Worker.run(ThreadPoolExecutor.java:624)
	... 1 more
Caused by: org.apache.ratis.thirdparty.io.netty.channel.AbstractChannel$AnnotatedConnectException: Connection refused: /192.168.5.130:42251
	at sun.nio.ch.SocketChannelImpl.checkConnect(Native Method)
	at sun.nio.ch.SocketChannelImpl.finishConnect(SocketChannelImpl.java:717)
	at org.apache.ratis.thirdparty.io.netty.channel.socket.nio.NioSocketChannel.doFinishConnect(NioSocketChannel.java:327)
	at org.apache.ratis.thirdparty.io.netty.channel.nio.AbstractNioChannel$AbstractNioUnsafe.finishConnect(AbstractNioChannel.java:340)
	at org.apache.ratis.thirdparty.io.netty.channel.nio.NioEventLoop.processSelectedKey(NioEventLoop.java:632)
	at org.apache.ratis.thirdparty.io.netty.channel.nio.NioEventLoop.processSelectedKeysOptimized(NioEventLoop.java:579)
	at org.apache.ratis.thirdparty.io.netty.channel.nio.NioEventLoop.processSelectedKeys(NioEventLoop.java:496)
	at org.apache.ratis.thirdparty.io.netty.channel.nio.NioEventLoop.run(NioEventLoop.java:458)
	at org.apache.ratis.thirdparty.io.netty.util.concurrent.SingleThreadEventExecutor$5.run(SingleThreadEventExecutor.java:897)
	at org.apache.ratis.thirdparty.io.netty.util.concurrent.FastThreadLocalRunnable.run(FastThreadLocalRunnable.java:30)
	... 1 more
Caused by: java.net.ConnectException: Connection refused
	... 11 more
2019-09-17 12:23:52,495 [ef58021b-0245-4b2a-b464-78c332d31a33@group-97FAE486DEE6:LeaderElection47] INFO  impl.LeaderElection (LeaderElection.java:logAndReturn(56)) - ef58021b-0245-4b2a-b464-78c332d31a33@group-97FAE486DEE6:LeaderElection47: Election REJECTED; received 0 response(s) [] and 2 exception(s); ef58021b-0245-4b2a-b464-78c332d31a33@group-97FAE486DEE6:t25, leader=null, voted=ef58021b-0245-4b2a-b464-78c332d31a33, raftlog=ef58021b-0245-4b2a-b464-78c332d31a33@group-97FAE486DEE6-SegmentedRaftLog:OPENED:c27,f27,i27, conf=0: [ed86af58-6365-40b3-a78c-ef8881f9dd1e:192.168.5.130:38034, 0cdf7b9a-92f5-4bda-bda9-a502d9c924f1:192.168.5.130:42251, ef58021b-0245-4b2a-b464-78c332d31a33:192.168.5.130:45449], old=null
2019-09-17 12:23:52,495 [ef58021b-0245-4b2a-b464-78c332d31a33@group-97FAE486DEE6:LeaderElection47] INFO  impl.LeaderElection (LogUtils.java:infoOrTrace(149)) -   Exception 0: {}
java.util.concurrent.ExecutionException: org.apache.ratis.thirdparty.io.grpc.StatusRuntimeException: UNAVAILABLE: io exception
	at java.util.concurrent.FutureTask.report(FutureTask.java:122)
	at java.util.concurrent.FutureTask.get(FutureTask.java:192)
	at org.apache.ratis.server.impl.LeaderElection.waitForResults(LeaderElection.java:263)
	at org.apache.ratis.server.impl.LeaderElection.askForVotes(LeaderElection.java:201)
	at org.apache.ratis.server.impl.LeaderElection.run(LeaderElection.java:133)
	at java.lang.Thread.run(Thread.java:748)
Caused by: org.apache.ratis.thirdparty.io.grpc.StatusRuntimeException: UNAVAILABLE: io exception
	at org.apache.ratis.thirdparty.io.grpc.stub.ClientCalls.toStatusRuntimeException(ClientCalls.java:233)
	at org.apache.ratis.thirdparty.io.grpc.stub.ClientCalls.getUnchecked(ClientCalls.java:214)
	at org.apache.ratis.thirdparty.io.grpc.stub.ClientCalls.blockingUnaryCall(ClientCalls.java:139)
	at org.apache.ratis.proto.grpc.RaftServerProtocolServiceGrpc$RaftServerProtocolServiceBlockingStub.requestVote(RaftServerProtocolServiceGrpc.java:265)
	at org.apache.ratis.grpc.server.GrpcServerProtocolClient.requestVote(GrpcServerProtocolClient.java:90)
	at org.apache.ratis.grpc.server.GrpcService.requestVote(GrpcService.java:204)
	at org.apache.ratis.server.impl.LeaderElection.lambda$submitRequests$1(LeaderElection.java:238)
	at java.util.concurrent.FutureTask.run(FutureTask.java:266)
	at java.util.concurrent.Executors$RunnableAdapter.call(Executors.java:511)
	at java.util.concurrent.FutureTask.run(FutureTask.java:266)
	at java.util.concurrent.ThreadPoolExecutor.runWorker(ThreadPoolExecutor.java:1149)
	at java.util.concurrent.ThreadPoolExecutor$Worker.run(ThreadPoolExecutor.java:624)
	... 1 more
Caused by: org.apache.ratis.thirdparty.io.netty.channel.AbstractChannel$AnnotatedConnectException: Connection refused: /192.168.5.130:38034
	at sun.nio.ch.SocketChannelImpl.checkConnect(Native Method)
	at sun.nio.ch.SocketChannelImpl.finishConnect(SocketChannelImpl.java:717)
	at org.apache.ratis.thirdparty.io.netty.channel.socket.nio.NioSocketChannel.doFinishConnect(NioSocketChannel.java:327)
	at org.apache.ratis.thirdparty.io.netty.channel.nio.AbstractNioChannel$AbstractNioUnsafe.finishConnect(AbstractNioChannel.java:340)
	at org.apache.ratis.thirdparty.io.netty.channel.nio.NioEventLoop.processSelectedKey(NioEventLoop.java:632)
	at org.apache.ratis.thirdparty.io.netty.channel.nio.NioEventLoop.processSelectedKeysOptimized(NioEventLoop.java:579)
	at org.apache.ratis.thirdparty.io.netty.channel.nio.NioEventLoop.processSelectedKeys(NioEventLoop.java:496)
	at org.apache.ratis.thirdparty.io.netty.channel.nio.NioEventLoop.run(NioEventLoop.java:458)
	at org.apache.ratis.thirdparty.io.netty.util.concurrent.SingleThreadEventExecutor$5.run(SingleThreadEventExecutor.java:897)
	at org.apache.ratis.thirdparty.io.netty.util.concurrent.FastThreadLocalRunnable.run(FastThreadLocalRunnable.java:30)
	... 1 more
Caused by: java.net.ConnectException: Connection refused
	... 11 more
2019-09-17 12:23:52,496 [ef58021b-0245-4b2a-b464-78c332d31a33@group-97FAE486DEE6:LeaderElection47] INFO  impl.LeaderElection (LogUtils.java:infoOrTrace(149)) -   Exception 1: {}
java.util.concurrent.ExecutionException: org.apache.ratis.thirdparty.io.grpc.StatusRuntimeException: UNAVAILABLE: io exception
	at java.util.concurrent.FutureTask.report(FutureTask.java:122)
	at java.util.concurrent.FutureTask.get(FutureTask.java:192)
	at org.apache.ratis.server.impl.LeaderElection.waitForResults(LeaderElection.java:263)
	at org.apache.ratis.server.impl.LeaderElection.askForVotes(LeaderElection.java:201)
	at org.apache.ratis.server.impl.LeaderElection.run(LeaderElection.java:133)
	at java.lang.Thread.run(Thread.java:748)
Caused by: org.apache.ratis.thirdparty.io.grpc.StatusRuntimeException: UNAVAILABLE: io exception
	at org.apache.ratis.thirdparty.io.grpc.stub.ClientCalls.toStatusRuntimeException(ClientCalls.java:233)
	at org.apache.ratis.thirdparty.io.grpc.stub.ClientCalls.getUnchecked(ClientCalls.java:214)
	at org.apache.ratis.thirdparty.io.grpc.stub.ClientCalls.blockingUnaryCall(ClientCalls.java:139)
	at org.apache.ratis.proto.grpc.RaftServerProtocolServiceGrpc$RaftServerProtocolServiceBlockingStub.requestVote(RaftServerProtocolServiceGrpc.java:265)
	at org.apache.ratis.grpc.server.GrpcServerProtocolClient.requestVote(GrpcServerProtocolClient.java:90)
	at org.apache.ratis.grpc.server.GrpcService.requestVote(GrpcService.java:204)
	at org.apache.ratis.server.impl.LeaderElection.lambda$submitRequests$1(LeaderElection.java:238)
	at java.util.concurrent.FutureTask.run(FutureTask.java:266)
	at java.util.concurrent.Executors$RunnableAdapter.call(Executors.java:511)
	at java.util.concurrent.FutureTask.run(FutureTask.java:266)
	at java.util.concurrent.ThreadPoolExecutor.runWorker(ThreadPoolExecutor.java:1149)
	at java.util.concurrent.ThreadPoolExecutor$Worker.run(ThreadPoolExecutor.java:624)
	... 1 more
Caused by: org.apache.ratis.thirdparty.io.netty.channel.AbstractChannel$AnnotatedConnectException: Connection refused: /192.168.5.130:42251
	at sun.nio.ch.SocketChannelImpl.checkConnect(Native Method)
	at sun.nio.ch.SocketChannelImpl.finishConnect(SocketChannelImpl.java:717)
	at org.apache.ratis.thirdparty.io.netty.channel.socket.nio.NioSocketChannel.doFinishConnect(NioSocketChannel.java:327)
	at org.apache.ratis.thirdparty.io.netty.channel.nio.AbstractNioChannel$AbstractNioUnsafe.finishConnect(AbstractNioChannel.java:340)
	at org.apache.ratis.thirdparty.io.netty.channel.nio.NioEventLoop.processSelectedKey(NioEventLoop.java:632)
	at org.apache.ratis.thirdparty.io.netty.channel.nio.NioEventLoop.processSelectedKeysOptimized(NioEventLoop.java:579)
	at org.apache.ratis.thirdparty.io.netty.channel.nio.NioEventLoop.processSelectedKeys(NioEventLoop.java:496)
	at org.apache.ratis.thirdparty.io.netty.channel.nio.NioEventLoop.run(NioEventLoop.java:458)
	at org.apache.ratis.thirdparty.io.netty.util.concurrent.SingleThreadEventExecutor$5.run(SingleThreadEventExecutor.java:897)
	at org.apache.ratis.thirdparty.io.netty.util.concurrent.FastThreadLocalRunnable.run(FastThreadLocalRunnable.java:30)
	... 1 more
Caused by: java.net.ConnectException: Connection refused
	... 11 more
2019-09-17 12:23:52,496 [ef58021b-0245-4b2a-b464-78c332d31a33@group-97FAE486DEE6:LeaderElection47] INFO  impl.RaftServerImpl (RaftServerImpl.java:setRole(174)) - ef58021b-0245-4b2a-b464-78c332d31a33@group-97FAE486DEE6: changes role from CANDIDATE to FOLLOWER at term 25 for DISCOVERED_A_NEW_TERM
2019-09-17 12:23:52,496 [ef58021b-0245-4b2a-b464-78c332d31a33@group-97FAE486DEE6:LeaderElection47] INFO  impl.RoleInfo (RoleInfo.java:shutdownLeaderElection(134)) - ef58021b-0245-4b2a-b464-78c332d31a33: shutdown LeaderElection
2019-09-17 12:23:52,496 [ef58021b-0245-4b2a-b464-78c332d31a33@group-97FAE486DEE6:LeaderElection47] INFO  impl.RoleInfo (RoleInfo.java:updateAndGet(143)) - ef58021b-0245-4b2a-b464-78c332d31a33: start FollowerState
2019-09-17 12:23:52,561 [java.util.concurrent.ThreadPoolExecutor$Worker@4758ecc9[State = -1, empty queue]] WARN  server.GrpcLogAppender (GrpcLogAppender.java:timeoutAppendRequest(200)) - 84b9980c-7545-47f2-8f8d-7bdb4cb4587c@group-5D4E048AB16A->ba884459-fbaf-490e-9b71-3c718ea82914-GrpcLogAppender: appendEntries Timeout, request=84b9980c-7545-47f2-8f8d-7bdb4cb4587c->ba884459-fbaf-490e-9b71-3c718ea82914#152-t2, previous=(t:2, i:33), leaderCommit=29, initializing? false, entries: <empty>
2019-09-17 12:23:52,657 [grpc-default-executor-5] INFO  client.GrpcClientProtocolClient (GrpcClientProtocolClient.java:onNext(264)) - client-9303C3D922F8->89060399-4494-4f9b-b1c5-9635c65f7453: receive RaftClientReply:client-9303C3D922F8->89060399-4494-4f9b-b1c5-9635c65f7453@group-5D4E048AB16A, cid=72, FAILED org.apache.ratis.protocol.NotLeaderException: Server 89060399-4494-4f9b-b1c5-9635c65f7453@group-5D4E048AB16A is not the leader 84b9980c-7545-47f2-8f8d-7bdb4cb4587c:192.168.5.130:43486, logIndex=0, commits[89060399-4494-4f9b-b1c5-9635c65f7453:c29, 84b9980c-7545-47f2-8f8d-7bdb4cb4587c:c29, ba884459-fbaf-490e-9b71-3c718ea82914:c26]
2019-09-17 12:23:52,932 [java.util.concurrent.ThreadPoolExecutor$Worker@17044d63[State = -1, empty queue]] WARN  server.GrpcLogAppender (GrpcLogAppender.java:timeoutAppendRequest(200)) - 7689548e-5f49-4f36-9667-e46ba21e9ae3@group-C0075F260562->a5f9b548-b989-4807-80f4-ff576b54977d-GrpcLogAppender: appendEntries Timeout, request=7689548e-5f49-4f36-9667-e46ba21e9ae3->a5f9b548-b989-4807-80f4-ff576b54977d#142-t2, previous=(t:2, i:20), leaderCommit=16, initializing? false, entries: <empty>
2019-09-17 12:23:53,061 [java.util.concurrent.ThreadPoolExecutor$Worker@4758ecc9[State = -1, empty queue]] WARN  server.GrpcLogAppender (GrpcLogAppender.java:timeoutAppendRequest(200)) - 84b9980c-7545-47f2-8f8d-7bdb4cb4587c@group-5D4E048AB16A->ba884459-fbaf-490e-9b71-3c718ea82914-GrpcLogAppender: appendEntries Timeout, request=84b9980c-7545-47f2-8f8d-7bdb4cb4587c->ba884459-fbaf-490e-9b71-3c718ea82914#153-t2, previous=(t:2, i:33), leaderCommit=29, initializing? false, entries: <empty>
2019-09-17 12:23:53,433 [java.util.concurrent.ThreadPoolExecutor$Worker@17044d63[State = -1, empty queue]] WARN  server.GrpcLogAppender (GrpcLogAppender.java:timeoutAppendRequest(200)) - 7689548e-5f49-4f36-9667-e46ba21e9ae3@group-C0075F260562->a5f9b548-b989-4807-80f4-ff576b54977d-GrpcLogAppender: appendEntries Timeout, request=7689548e-5f49-4f36-9667-e46ba21e9ae3->a5f9b548-b989-4807-80f4-ff576b54977d#143-t2, previous=(t:2, i:20), leaderCommit=16, initializing? false, entries: <empty>
2019-09-17 12:23:53,561 [java.util.concurrent.ThreadPoolExecutor$Worker@4758ecc9[State = -1, empty queue]] WARN  server.GrpcLogAppender (GrpcLogAppender.java:timeoutAppendRequest(200)) - 84b9980c-7545-47f2-8f8d-7bdb4cb4587c@group-5D4E048AB16A->ba884459-fbaf-490e-9b71-3c718ea82914-GrpcLogAppender: appendEntries Timeout, request=84b9980c-7545-47f2-8f8d-7bdb4cb4587c->ba884459-fbaf-490e-9b71-3c718ea82914#154-t2, previous=(t:2, i:33), leaderCommit=29, initializing? false, entries: <empty>
2019-09-17 12:23:53,678 [Thread-1455] INFO  impl.FollowerState (FollowerState.java:run(106)) - ef58021b-0245-4b2a-b464-78c332d31a33:group-97FAE486DEE6 changes to CANDIDATE, lastRpcTime:1181, electionTimeout:1181ms
2019-09-17 12:23:53,678 [Thread-1455] INFO  impl.RoleInfo (RoleInfo.java:shutdownFollowerState(121)) - ef58021b-0245-4b2a-b464-78c332d31a33: shutdown FollowerState
2019-09-17 12:23:53,678 [Thread-1455] INFO  impl.RaftServerImpl (RaftServerImpl.java:setRole(174)) - ef58021b-0245-4b2a-b464-78c332d31a33@group-97FAE486DEE6: changes role from  FOLLOWER to CANDIDATE at term 25 for changeToCandidate
2019-09-17 12:23:53,678 [Thread-1455] INFO  impl.RoleInfo (RoleInfo.java:updateAndGet(143)) - ef58021b-0245-4b2a-b464-78c332d31a33: start LeaderElection
2019-09-17 12:23:53,713 [ef58021b-0245-4b2a-b464-78c332d31a33@group-97FAE486DEE6:LeaderElection48] INFO  impl.LeaderElection (LeaderElection.java:askForVotes(182)) - ef58021b-0245-4b2a-b464-78c332d31a33@group-97FAE486DEE6:LeaderElection48: begin an election at term 26 for 0: [ed86af58-6365-40b3-a78c-ef8881f9dd1e:192.168.5.130:38034, 0cdf7b9a-92f5-4bda-bda9-a502d9c924f1:192.168.5.130:42251, ef58021b-0245-4b2a-b464-78c332d31a33:192.168.5.130:45449], old=null
2019-09-17 12:23:53,714 [ef58021b-0245-4b2a-b464-78c332d31a33@group-97FAE486DEE6:LeaderElection48] INFO  impl.LeaderElection (LogUtils.java:infoOrTrace(149)) - ef58021b-0245-4b2a-b464-78c332d31a33@group-97FAE486DEE6:LeaderElection48 got exception when requesting votes: {}
java.util.concurrent.ExecutionException: org.apache.ratis.thirdparty.io.grpc.StatusRuntimeException: UNAVAILABLE: io exception
	at java.util.concurrent.FutureTask.report(FutureTask.java:122)
	at java.util.concurrent.FutureTask.get(FutureTask.java:192)
	at org.apache.ratis.server.impl.LeaderElection.waitForResults(LeaderElection.java:263)
	at org.apache.ratis.server.impl.LeaderElection.askForVotes(LeaderElection.java:201)
	at org.apache.ratis.server.impl.LeaderElection.run(LeaderElection.java:133)
	at java.lang.Thread.run(Thread.java:748)
Caused by: org.apache.ratis.thirdparty.io.grpc.StatusRuntimeException: UNAVAILABLE: io exception
	at org.apache.ratis.thirdparty.io.grpc.stub.ClientCalls.toStatusRuntimeException(ClientCalls.java:233)
	at org.apache.ratis.thirdparty.io.grpc.stub.ClientCalls.getUnchecked(ClientCalls.java:214)
	at org.apache.ratis.thirdparty.io.grpc.stub.ClientCalls.blockingUnaryCall(ClientCalls.java:139)
	at org.apache.ratis.proto.grpc.RaftServerProtocolServiceGrpc$RaftServerProtocolServiceBlockingStub.requestVote(RaftServerProtocolServiceGrpc.java:265)
	at org.apache.ratis.grpc.server.GrpcServerProtocolClient.requestVote(GrpcServerProtocolClient.java:90)
	at org.apache.ratis.grpc.server.GrpcService.requestVote(GrpcService.java:204)
	at org.apache.ratis.server.impl.LeaderElection.lambda$submitRequests$1(LeaderElection.java:238)
	at java.util.concurrent.FutureTask.run(FutureTask.java:266)
	at java.util.concurrent.Executors$RunnableAdapter.call(Executors.java:511)
	at java.util.concurrent.FutureTask.run(FutureTask.java:266)
	at java.util.concurrent.ThreadPoolExecutor.runWorker(ThreadPoolExecutor.java:1149)
	at java.util.concurrent.ThreadPoolExecutor$Worker.run(ThreadPoolExecutor.java:624)
	... 1 more
Caused by: org.apache.ratis.thirdparty.io.netty.channel.AbstractChannel$AnnotatedConnectException: Connection refused: /192.168.5.130:38034
	at sun.nio.ch.SocketChannelImpl.checkConnect(Native Method)
	at sun.nio.ch.SocketChannelImpl.finishConnect(SocketChannelImpl.java:717)
	at org.apache.ratis.thirdparty.io.netty.channel.socket.nio.NioSocketChannel.doFinishConnect(NioSocketChannel.java:327)
	at org.apache.ratis.thirdparty.io.netty.channel.nio.AbstractNioChannel$AbstractNioUnsafe.finishConnect(AbstractNioChannel.java:340)
	at org.apache.ratis.thirdparty.io.netty.channel.nio.NioEventLoop.processSelectedKey(NioEventLoop.java:632)
	at org.apache.ratis.thirdparty.io.netty.channel.nio.NioEventLoop.processSelectedKeysOptimized(NioEventLoop.java:579)
	at org.apache.ratis.thirdparty.io.netty.channel.nio.NioEventLoop.processSelectedKeys(NioEventLoop.java:496)
	at org.apache.ratis.thirdparty.io.netty.channel.nio.NioEventLoop.run(NioEventLoop.java:458)
	at org.apache.ratis.thirdparty.io.netty.util.concurrent.SingleThreadEventExecutor$5.run(SingleThreadEventExecutor.java:897)
	at org.apache.ratis.thirdparty.io.netty.util.concurrent.FastThreadLocalRunnable.run(FastThreadLocalRunnable.java:30)
	... 1 more
Caused by: java.net.ConnectException: Connection refused
	... 11 more
2019-09-17 12:23:53,715 [ef58021b-0245-4b2a-b464-78c332d31a33@group-97FAE486DEE6:LeaderElection48] INFO  impl.LeaderElection (LogUtils.java:infoOrTrace(149)) - ef58021b-0245-4b2a-b464-78c332d31a33@group-97FAE486DEE6:LeaderElection48 got exception when requesting votes: {}
java.util.concurrent.ExecutionException: org.apache.ratis.thirdparty.io.grpc.StatusRuntimeException: UNAVAILABLE: io exception
	at java.util.concurrent.FutureTask.report(FutureTask.java:122)
	at java.util.concurrent.FutureTask.get(FutureTask.java:192)
	at org.apache.ratis.server.impl.LeaderElection.waitForResults(LeaderElection.java:263)
	at org.apache.ratis.server.impl.LeaderElection.askForVotes(LeaderElection.java:201)
	at org.apache.ratis.server.impl.LeaderElection.run(LeaderElection.java:133)
	at java.lang.Thread.run(Thread.java:748)
Caused by: org.apache.ratis.thirdparty.io.grpc.StatusRuntimeException: UNAVAILABLE: io exception
	at org.apache.ratis.thirdparty.io.grpc.stub.ClientCalls.toStatusRuntimeException(ClientCalls.java:233)
	at org.apache.ratis.thirdparty.io.grpc.stub.ClientCalls.getUnchecked(ClientCalls.java:214)
	at org.apache.ratis.thirdparty.io.grpc.stub.ClientCalls.blockingUnaryCall(ClientCalls.java:139)
	at org.apache.ratis.proto.grpc.RaftServerProtocolServiceGrpc$RaftServerProtocolServiceBlockingStub.requestVote(RaftServerProtocolServiceGrpc.java:265)
	at org.apache.ratis.grpc.server.GrpcServerProtocolClient.requestVote(GrpcServerProtocolClient.java:90)
	at org.apache.ratis.grpc.server.GrpcService.requestVote(GrpcService.java:204)
	at org.apache.ratis.server.impl.LeaderElection.lambda$submitRequests$1(LeaderElection.java:238)
	at java.util.concurrent.FutureTask.run(FutureTask.java:266)
	at java.util.concurrent.Executors$RunnableAdapter.call(Executors.java:511)
	at java.util.concurrent.FutureTask.run(FutureTask.java:266)
	at java.util.concurrent.ThreadPoolExecutor.runWorker(ThreadPoolExecutor.java:1149)
	at java.util.concurrent.ThreadPoolExecutor$Worker.run(ThreadPoolExecutor.java:624)
	... 1 more
Caused by: org.apache.ratis.thirdparty.io.netty.channel.AbstractChannel$AnnotatedConnectException: Connection refused: /192.168.5.130:42251
	at sun.nio.ch.SocketChannelImpl.checkConnect(Native Method)
	at sun.nio.ch.SocketChannelImpl.finishConnect(SocketChannelImpl.java:717)
	at org.apache.ratis.thirdparty.io.netty.channel.socket.nio.NioSocketChannel.doFinishConnect(NioSocketChannel.java:327)
	at org.apache.ratis.thirdparty.io.netty.channel.nio.AbstractNioChannel$AbstractNioUnsafe.finishConnect(AbstractNioChannel.java:340)
	at org.apache.ratis.thirdparty.io.netty.channel.nio.NioEventLoop.processSelectedKey(NioEventLoop.java:632)
	at org.apache.ratis.thirdparty.io.netty.channel.nio.NioEventLoop.processSelectedKeysOptimized(NioEventLoop.java:579)
	at org.apache.ratis.thirdparty.io.netty.channel.nio.NioEventLoop.processSelectedKeys(NioEventLoop.java:496)
	at org.apache.ratis.thirdparty.io.netty.channel.nio.NioEventLoop.run(NioEventLoop.java:458)
	at org.apache.ratis.thirdparty.io.netty.util.concurrent.SingleThreadEventExecutor$5.run(SingleThreadEventExecutor.java:897)
	at org.apache.ratis.thirdparty.io.netty.util.concurrent.FastThreadLocalRunnable.run(FastThreadLocalRunnable.java:30)
	... 1 more
Caused by: java.net.ConnectException: Connection refused
	... 11 more
2019-09-17 12:23:53,715 [ef58021b-0245-4b2a-b464-78c332d31a33@group-97FAE486DEE6:LeaderElection48] INFO  impl.LeaderElection (LeaderElection.java:logAndReturn(56)) - ef58021b-0245-4b2a-b464-78c332d31a33@group-97FAE486DEE6:LeaderElection48: Election REJECTED; received 0 response(s) [] and 2 exception(s); ef58021b-0245-4b2a-b464-78c332d31a33@group-97FAE486DEE6:t26, leader=null, voted=ef58021b-0245-4b2a-b464-78c332d31a33, raftlog=ef58021b-0245-4b2a-b464-78c332d31a33@group-97FAE486DEE6-SegmentedRaftLog:OPENED:c27,f27,i27, conf=0: [ed86af58-6365-40b3-a78c-ef8881f9dd1e:192.168.5.130:38034, 0cdf7b9a-92f5-4bda-bda9-a502d9c924f1:192.168.5.130:42251, ef58021b-0245-4b2a-b464-78c332d31a33:192.168.5.130:45449], old=null
2019-09-17 12:23:53,716 [ef58021b-0245-4b2a-b464-78c332d31a33@group-97FAE486DEE6:LeaderElection48] INFO  impl.LeaderElection (LogUtils.java:infoOrTrace(149)) -   Exception 0: {}
java.util.concurrent.ExecutionException: org.apache.ratis.thirdparty.io.grpc.StatusRuntimeException: UNAVAILABLE: io exception
	at java.util.concurrent.FutureTask.report(FutureTask.java:122)
	at java.util.concurrent.FutureTask.get(FutureTask.java:192)
	at org.apache.ratis.server.impl.LeaderElection.waitForResults(LeaderElection.java:263)
	at org.apache.ratis.server.impl.LeaderElection.askForVotes(LeaderElection.java:201)
	at org.apache.ratis.server.impl.LeaderElection.run(LeaderElection.java:133)
	at java.lang.Thread.run(Thread.java:748)
Caused by: org.apache.ratis.thirdparty.io.grpc.StatusRuntimeException: UNAVAILABLE: io exception
	at org.apache.ratis.thirdparty.io.grpc.stub.ClientCalls.toStatusRuntimeException(ClientCalls.java:233)
	at org.apache.ratis.thirdparty.io.grpc.stub.ClientCalls.getUnchecked(ClientCalls.java:214)
	at org.apache.ratis.thirdparty.io.grpc.stub.ClientCalls.blockingUnaryCall(ClientCalls.java:139)
	at org.apache.ratis.proto.grpc.RaftServerProtocolServiceGrpc$RaftServerProtocolServiceBlockingStub.requestVote(RaftServerProtocolServiceGrpc.java:265)
	at org.apache.ratis.grpc.server.GrpcServerProtocolClient.requestVote(GrpcServerProtocolClient.java:90)
	at org.apache.ratis.grpc.server.GrpcService.requestVote(GrpcService.java:204)
	at org.apache.ratis.server.impl.LeaderElection.lambda$submitRequests$1(LeaderElection.java:238)
	at java.util.concurrent.FutureTask.run(FutureTask.java:266)
	at java.util.concurrent.Executors$RunnableAdapter.call(Executors.java:511)
	at java.util.concurrent.FutureTask.run(FutureTask.java:266)
	at java.util.concurrent.ThreadPoolExecutor.runWorker(ThreadPoolExecutor.java:1149)
	at java.util.concurrent.ThreadPoolExecutor$Worker.run(ThreadPoolExecutor.java:624)
	... 1 more
Caused by: org.apache.ratis.thirdparty.io.netty.channel.AbstractChannel$AnnotatedConnectException: Connection refused: /192.168.5.130:38034
	at sun.nio.ch.SocketChannelImpl.checkConnect(Native Method)
	at sun.nio.ch.SocketChannelImpl.finishConnect(SocketChannelImpl.java:717)
	at org.apache.ratis.thirdparty.io.netty.channel.socket.nio.NioSocketChannel.doFinishConnect(NioSocketChannel.java:327)
	at org.apache.ratis.thirdparty.io.netty.channel.nio.AbstractNioChannel$AbstractNioUnsafe.finishConnect(AbstractNioChannel.java:340)
	at org.apache.ratis.thirdparty.io.netty.channel.nio.NioEventLoop.processSelectedKey(NioEventLoop.java:632)
	at org.apache.ratis.thirdparty.io.netty.channel.nio.NioEventLoop.processSelectedKeysOptimized(NioEventLoop.java:579)
	at org.apache.ratis.thirdparty.io.netty.channel.nio.NioEventLoop.processSelectedKeys(NioEventLoop.java:496)
	at org.apache.ratis.thirdparty.io.netty.channel.nio.NioEventLoop.run(NioEventLoop.java:458)
	at org.apache.ratis.thirdparty.io.netty.util.concurrent.SingleThreadEventExecutor$5.run(SingleThreadEventExecutor.java:897)
	at org.apache.ratis.thirdparty.io.netty.util.concurrent.FastThreadLocalRunnable.run(FastThreadLocalRunnable.java:30)
	... 1 more
Caused by: java.net.ConnectException: Connection refused
	... 11 more
2019-09-17 12:23:53,716 [ef58021b-0245-4b2a-b464-78c332d31a33@group-97FAE486DEE6:LeaderElection48] INFO  impl.LeaderElection (LogUtils.java:infoOrTrace(149)) -   Exception 1: {}
java.util.concurrent.ExecutionException: org.apache.ratis.thirdparty.io.grpc.StatusRuntimeException: UNAVAILABLE: io exception
	at java.util.concurrent.FutureTask.report(FutureTask.java:122)
	at java.util.concurrent.FutureTask.get(FutureTask.java:192)
	at org.apache.ratis.server.impl.LeaderElection.waitForResults(LeaderElection.java:263)
	at org.apache.ratis.server.impl.LeaderElection.askForVotes(LeaderElection.java:201)
	at org.apache.ratis.server.impl.LeaderElection.run(LeaderElection.java:133)
	at java.lang.Thread.run(Thread.java:748)
Caused by: org.apache.ratis.thirdparty.io.grpc.StatusRuntimeException: UNAVAILABLE: io exception
	at org.apache.ratis.thirdparty.io.grpc.stub.ClientCalls.toStatusRuntimeException(ClientCalls.java:233)
	at org.apache.ratis.thirdparty.io.grpc.stub.ClientCalls.getUnchecked(ClientCalls.java:214)
	at org.apache.ratis.thirdparty.io.grpc.stub.ClientCalls.blockingUnaryCall(ClientCalls.java:139)
	at org.apache.ratis.proto.grpc.RaftServerProtocolServiceGrpc$RaftServerProtocolServiceBlockingStub.requestVote(RaftServerProtocolServiceGrpc.java:265)
	at org.apache.ratis.grpc.server.GrpcServerProtocolClient.requestVote(GrpcServerProtocolClient.java:90)
	at org.apache.ratis.grpc.server.GrpcService.requestVote(GrpcService.java:204)
	at org.apache.ratis.server.impl.LeaderElection.lambda$submitRequests$1(LeaderElection.java:238)
	at java.util.concurrent.FutureTask.run(FutureTask.java:266)
	at java.util.concurrent.Executors$RunnableAdapter.call(Executors.java:511)
	at java.util.concurrent.FutureTask.run(FutureTask.java:266)
	at java.util.concurrent.ThreadPoolExecutor.runWorker(ThreadPoolExecutor.java:1149)
	at java.util.concurrent.ThreadPoolExecutor$Worker.run(ThreadPoolExecutor.java:624)
	... 1 more
Caused by: org.apache.ratis.thirdparty.io.netty.channel.AbstractChannel$AnnotatedConnectException: Connection refused: /192.168.5.130:42251
	at sun.nio.ch.SocketChannelImpl.checkConnect(Native Method)
	at sun.nio.ch.SocketChannelImpl.finishConnect(SocketChannelImpl.java:717)
	at org.apache.ratis.thirdparty.io.netty.channel.socket.nio.NioSocketChannel.doFinishConnect(NioSocketChannel.java:327)
	at org.apache.ratis.thirdparty.io.netty.channel.nio.AbstractNioChannel$AbstractNioUnsafe.finishConnect(AbstractNioChannel.java:340)
	at org.apache.ratis.thirdparty.io.netty.channel.nio.NioEventLoop.processSelectedKey(NioEventLoop.java:632)
	at org.apache.ratis.thirdparty.io.netty.channel.nio.NioEventLoop.processSelectedKeysOptimized(NioEventLoop.java:579)
	at org.apache.ratis.thirdparty.io.netty.channel.nio.NioEventLoop.processSelectedKeys(NioEventLoop.java:496)
	at org.apache.ratis.thirdparty.io.netty.channel.nio.NioEventLoop.run(NioEventLoop.java:458)
	at org.apache.ratis.thirdparty.io.netty.util.concurrent.SingleThreadEventExecutor$5.run(SingleThreadEventExecutor.java:897)
	at org.apache.ratis.thirdparty.io.netty.util.concurrent.FastThreadLocalRunnable.run(FastThreadLocalRunnable.java:30)
	... 1 more
Caused by: java.net.ConnectException: Connection refused
	... 11 more
2019-09-17 12:23:53,717 [ef58021b-0245-4b2a-b464-78c332d31a33@group-97FAE486DEE6:LeaderElection48] INFO  impl.RaftServerImpl (RaftServerImpl.java:setRole(174)) - ef58021b-0245-4b2a-b464-78c332d31a33@group-97FAE486DEE6: changes role from CANDIDATE to FOLLOWER at term 26 for DISCOVERED_A_NEW_TERM
2019-09-17 12:23:53,717 [ef58021b-0245-4b2a-b464-78c332d31a33@group-97FAE486DEE6:LeaderElection48] INFO  impl.RoleInfo (RoleInfo.java:shutdownLeaderElection(134)) - ef58021b-0245-4b2a-b464-78c332d31a33: shutdown LeaderElection
2019-09-17 12:23:53,717 [ef58021b-0245-4b2a-b464-78c332d31a33@group-97FAE486DEE6:LeaderElection48] INFO  impl.RoleInfo (RoleInfo.java:updateAndGet(143)) - ef58021b-0245-4b2a-b464-78c332d31a33: start FollowerState
2019-09-17 12:23:53,933 [java.util.concurrent.ThreadPoolExecutor$Worker@17044d63[State = -1, empty queue]] WARN  server.GrpcLogAppender (GrpcLogAppender.java:timeoutAppendRequest(200)) - 7689548e-5f49-4f36-9667-e46ba21e9ae3@group-C0075F260562->a5f9b548-b989-4807-80f4-ff576b54977d-GrpcLogAppender: appendEntries Timeout, request=7689548e-5f49-4f36-9667-e46ba21e9ae3->a5f9b548-b989-4807-80f4-ff576b54977d#144-t2, previous=(t:2, i:20), leaderCommit=16, initializing? false, entries: <empty>
2019-09-17 12:23:54,062 [java.util.concurrent.ThreadPoolExecutor$Worker@4758ecc9[State = -1, empty queue]] WARN  server.GrpcLogAppender (GrpcLogAppender.java:timeoutAppendRequest(200)) - 84b9980c-7545-47f2-8f8d-7bdb4cb4587c@group-5D4E048AB16A->ba884459-fbaf-490e-9b71-3c718ea82914-GrpcLogAppender: appendEntries Timeout, request=84b9980c-7545-47f2-8f8d-7bdb4cb4587c->ba884459-fbaf-490e-9b71-3c718ea82914#155-t2, previous=(t:2, i:33), leaderCommit=29, initializing? false, entries: <empty>
2019-09-17 12:23:54,433 [java.util.concurrent.ThreadPoolExecutor$Worker@17044d63[State = -1, empty queue]] WARN  server.GrpcLogAppender (GrpcLogAppender.java:timeoutAppendRequest(200)) - 7689548e-5f49-4f36-9667-e46ba21e9ae3@group-C0075F260562->a5f9b548-b989-4807-80f4-ff576b54977d-GrpcLogAppender: appendEntries Timeout, request=7689548e-5f49-4f36-9667-e46ba21e9ae3->a5f9b548-b989-4807-80f4-ff576b54977d#145-t2, previous=(t:2, i:20), leaderCommit=16, initializing? false, entries: <empty>
2019-09-17 12:23:54,562 [java.util.concurrent.ThreadPoolExecutor$Worker@4758ecc9[State = -1, empty queue]] WARN  server.GrpcLogAppender (GrpcLogAppender.java:timeoutAppendRequest(200)) - 84b9980c-7545-47f2-8f8d-7bdb4cb4587c@group-5D4E048AB16A->ba884459-fbaf-490e-9b71-3c718ea82914-GrpcLogAppender: appendEntries Timeout, request=84b9980c-7545-47f2-8f8d-7bdb4cb4587c->ba884459-fbaf-490e-9b71-3c718ea82914#156-t2, previous=(t:2, i:33), leaderCommit=29, initializing? false, entries: <empty>
2019-09-17 12:23:54,863 [Thread-1471] INFO  impl.FollowerState (FollowerState.java:run(106)) - ef58021b-0245-4b2a-b464-78c332d31a33:group-97FAE486DEE6 changes to CANDIDATE, lastRpcTime:1145, electionTimeout:1145ms
2019-09-17 12:23:54,863 [Thread-1471] INFO  impl.RoleInfo (RoleInfo.java:shutdownFollowerState(121)) - ef58021b-0245-4b2a-b464-78c332d31a33: shutdown FollowerState
2019-09-17 12:23:54,863 [Thread-1471] INFO  impl.RaftServerImpl (RaftServerImpl.java:setRole(174)) - ef58021b-0245-4b2a-b464-78c332d31a33@group-97FAE486DEE6: changes role from  FOLLOWER to CANDIDATE at term 26 for changeToCandidate
2019-09-17 12:23:54,863 [Thread-1471] INFO  impl.RoleInfo (RoleInfo.java:updateAndGet(143)) - ef58021b-0245-4b2a-b464-78c332d31a33: start LeaderElection
2019-09-17 12:23:54,882 [ef58021b-0245-4b2a-b464-78c332d31a33@group-97FAE486DEE6:LeaderElection49] INFO  impl.LeaderElection (LeaderElection.java:askForVotes(182)) - ef58021b-0245-4b2a-b464-78c332d31a33@group-97FAE486DEE6:LeaderElection49: begin an election at term 27 for 0: [ed86af58-6365-40b3-a78c-ef8881f9dd1e:192.168.5.130:38034, 0cdf7b9a-92f5-4bda-bda9-a502d9c924f1:192.168.5.130:42251, ef58021b-0245-4b2a-b464-78c332d31a33:192.168.5.130:45449], old=null
2019-09-17 12:23:54,883 [ef58021b-0245-4b2a-b464-78c332d31a33@group-97FAE486DEE6:LeaderElection49] INFO  impl.LeaderElection (LogUtils.java:infoOrTrace(149)) - ef58021b-0245-4b2a-b464-78c332d31a33@group-97FAE486DEE6:LeaderElection49 got exception when requesting votes: {}
java.util.concurrent.ExecutionException: org.apache.ratis.thirdparty.io.grpc.StatusRuntimeException: UNAVAILABLE: io exception
	at java.util.concurrent.FutureTask.report(FutureTask.java:122)
	at java.util.concurrent.FutureTask.get(FutureTask.java:192)
	at org.apache.ratis.server.impl.LeaderElection.waitForResults(LeaderElection.java:263)
	at org.apache.ratis.server.impl.LeaderElection.askForVotes(LeaderElection.java:201)
	at org.apache.ratis.server.impl.LeaderElection.run(LeaderElection.java:133)
	at java.lang.Thread.run(Thread.java:748)
Caused by: org.apache.ratis.thirdparty.io.grpc.StatusRuntimeException: UNAVAILABLE: io exception
	at org.apache.ratis.thirdparty.io.grpc.stub.ClientCalls.toStatusRuntimeException(ClientCalls.java:233)
	at org.apache.ratis.thirdparty.io.grpc.stub.ClientCalls.getUnchecked(ClientCalls.java:214)
	at org.apache.ratis.thirdparty.io.grpc.stub.ClientCalls.blockingUnaryCall(ClientCalls.java:139)
	at org.apache.ratis.proto.grpc.RaftServerProtocolServiceGrpc$RaftServerProtocolServiceBlockingStub.requestVote(RaftServerProtocolServiceGrpc.java:265)
	at org.apache.ratis.grpc.server.GrpcServerProtocolClient.requestVote(GrpcServerProtocolClient.java:90)
	at org.apache.ratis.grpc.server.GrpcService.requestVote(GrpcService.java:204)
	at org.apache.ratis.server.impl.LeaderElection.lambda$submitRequests$1(LeaderElection.java:238)
	at java.util.concurrent.FutureTask.run(FutureTask.java:266)
	at java.util.concurrent.Executors$RunnableAdapter.call(Executors.java:511)
	at java.util.concurrent.FutureTask.run(FutureTask.java:266)
	at java.util.concurrent.ThreadPoolExecutor.runWorker(ThreadPoolExecutor.java:1149)
	at java.util.concurrent.ThreadPoolExecutor$Worker.run(ThreadPoolExecutor.java:624)
	... 1 more
Caused by: org.apache.ratis.thirdparty.io.netty.channel.AbstractChannel$AnnotatedConnectException: Connection refused: /192.168.5.130:42251
	at sun.nio.ch.SocketChannelImpl.checkConnect(Native Method)
	at sun.nio.ch.SocketChannelImpl.finishConnect(SocketChannelImpl.java:717)
	at org.apache.ratis.thirdparty.io.netty.channel.socket.nio.NioSocketChannel.doFinishConnect(NioSocketChannel.java:327)
	at org.apache.ratis.thirdparty.io.netty.channel.nio.AbstractNioChannel$AbstractNioUnsafe.finishConnect(AbstractNioChannel.java:340)
	at org.apache.ratis.thirdparty.io.netty.channel.nio.NioEventLoop.processSelectedKey(NioEventLoop.java:632)
	at org.apache.ratis.thirdparty.io.netty.channel.nio.NioEventLoop.processSelectedKeysOptimized(NioEventLoop.java:579)
	at org.apache.ratis.thirdparty.io.netty.channel.nio.NioEventLoop.processSelectedKeys(NioEventLoop.java:496)
	at org.apache.ratis.thirdparty.io.netty.channel.nio.NioEventLoop.run(NioEventLoop.java:458)
	at org.apache.ratis.thirdparty.io.netty.util.concurrent.SingleThreadEventExecutor$5.run(SingleThreadEventExecutor.java:897)
	at org.apache.ratis.thirdparty.io.netty.util.concurrent.FastThreadLocalRunnable.run(FastThreadLocalRunnable.java:30)
	... 1 more
Caused by: java.net.ConnectException: Connection refused
	... 11 more
2019-09-17 12:23:54,884 [ef58021b-0245-4b2a-b464-78c332d31a33@group-97FAE486DEE6:LeaderElection49] INFO  impl.LeaderElection (LogUtils.java:infoOrTrace(149)) - ef58021b-0245-4b2a-b464-78c332d31a33@group-97FAE486DEE6:LeaderElection49 got exception when requesting votes: {}
java.util.concurrent.ExecutionException: org.apache.ratis.thirdparty.io.grpc.StatusRuntimeException: UNAVAILABLE: io exception
	at java.util.concurrent.FutureTask.report(FutureTask.java:122)
	at java.util.concurrent.FutureTask.get(FutureTask.java:192)
	at org.apache.ratis.server.impl.LeaderElection.waitForResults(LeaderElection.java:263)
	at org.apache.ratis.server.impl.LeaderElection.askForVotes(LeaderElection.java:201)
	at org.apache.ratis.server.impl.LeaderElection.run(LeaderElection.java:133)
	at java.lang.Thread.run(Thread.java:748)
Caused by: org.apache.ratis.thirdparty.io.grpc.StatusRuntimeException: UNAVAILABLE: io exception
	at org.apache.ratis.thirdparty.io.grpc.stub.ClientCalls.toStatusRuntimeException(ClientCalls.java:233)
	at org.apache.ratis.thirdparty.io.grpc.stub.ClientCalls.getUnchecked(ClientCalls.java:214)
	at org.apache.ratis.thirdparty.io.grpc.stub.ClientCalls.blockingUnaryCall(ClientCalls.java:139)
	at org.apache.ratis.proto.grpc.RaftServerProtocolServiceGrpc$RaftServerProtocolServiceBlockingStub.requestVote(RaftServerProtocolServiceGrpc.java:265)
	at org.apache.ratis.grpc.server.GrpcServerProtocolClient.requestVote(GrpcServerProtocolClient.java:90)
	at org.apache.ratis.grpc.server.GrpcService.requestVote(GrpcService.java:204)
	at org.apache.ratis.server.impl.LeaderElection.lambda$submitRequests$1(LeaderElection.java:238)
	at java.util.concurrent.FutureTask.run(FutureTask.java:266)
	at java.util.concurrent.Executors$RunnableAdapter.call(Executors.java:511)
	at java.util.concurrent.FutureTask.run(FutureTask.java:266)
	at java.util.concurrent.ThreadPoolExecutor.runWorker(ThreadPoolExecutor.java:1149)
	at java.util.concurrent.ThreadPoolExecutor$Worker.run(ThreadPoolExecutor.java:624)
	... 1 more
Caused by: org.apache.ratis.thirdparty.io.netty.channel.AbstractChannel$AnnotatedConnectException: Connection refused: /192.168.5.130:38034
	at sun.nio.ch.SocketChannelImpl.checkConnect(Native Method)
	at sun.nio.ch.SocketChannelImpl.finishConnect(SocketChannelImpl.java:717)
	at org.apache.ratis.thirdparty.io.netty.channel.socket.nio.NioSocketChannel.doFinishConnect(NioSocketChannel.java:327)
	at org.apache.ratis.thirdparty.io.netty.channel.nio.AbstractNioChannel$AbstractNioUnsafe.finishConnect(AbstractNioChannel.java:340)
	at org.apache.ratis.thirdparty.io.netty.channel.nio.NioEventLoop.processSelectedKey(NioEventLoop.java:632)
	at org.apache.ratis.thirdparty.io.netty.channel.nio.NioEventLoop.processSelectedKeysOptimized(NioEventLoop.java:579)
	at org.apache.ratis.thirdparty.io.netty.channel.nio.NioEventLoop.processSelectedKeys(NioEventLoop.java:496)
	at org.apache.ratis.thirdparty.io.netty.channel.nio.NioEventLoop.run(NioEventLoop.java:458)
	at org.apache.ratis.thirdparty.io.netty.util.concurrent.SingleThreadEventExecutor$5.run(SingleThreadEventExecutor.java:897)
	at org.apache.ratis.thirdparty.io.netty.util.concurrent.FastThreadLocalRunnable.run(FastThreadLocalRunnable.java:30)
	... 1 more
Caused by: java.net.ConnectException: Connection refused
	... 11 more
2019-09-17 12:23:54,884 [ef58021b-0245-4b2a-b464-78c332d31a33@group-97FAE486DEE6:LeaderElection49] INFO  impl.LeaderElection (LeaderElection.java:logAndReturn(56)) - ef58021b-0245-4b2a-b464-78c332d31a33@group-97FAE486DEE6:LeaderElection49: Election REJECTED; received 0 response(s) [] and 2 exception(s); ef58021b-0245-4b2a-b464-78c332d31a33@group-97FAE486DEE6:t27, leader=null, voted=ef58021b-0245-4b2a-b464-78c332d31a33, raftlog=ef58021b-0245-4b2a-b464-78c332d31a33@group-97FAE486DEE6-SegmentedRaftLog:OPENED:c27,f27,i27, conf=0: [ed86af58-6365-40b3-a78c-ef8881f9dd1e:192.168.5.130:38034, 0cdf7b9a-92f5-4bda-bda9-a502d9c924f1:192.168.5.130:42251, ef58021b-0245-4b2a-b464-78c332d31a33:192.168.5.130:45449], old=null
2019-09-17 12:23:54,884 [ef58021b-0245-4b2a-b464-78c332d31a33@group-97FAE486DEE6:LeaderElection49] INFO  impl.LeaderElection (LogUtils.java:infoOrTrace(149)) -   Exception 0: {}
java.util.concurrent.ExecutionException: org.apache.ratis.thirdparty.io.grpc.StatusRuntimeException: UNAVAILABLE: io exception
	at java.util.concurrent.FutureTask.report(FutureTask.java:122)
	at java.util.concurrent.FutureTask.get(FutureTask.java:192)
	at org.apache.ratis.server.impl.LeaderElection.waitForResults(LeaderElection.java:263)
	at org.apache.ratis.server.impl.LeaderElection.askForVotes(LeaderElection.java:201)
	at org.apache.ratis.server.impl.LeaderElection.run(LeaderElection.java:133)
	at java.lang.Thread.run(Thread.java:748)
Caused by: org.apache.ratis.thirdparty.io.grpc.StatusRuntimeException: UNAVAILABLE: io exception
	at org.apache.ratis.thirdparty.io.grpc.stub.ClientCalls.toStatusRuntimeException(ClientCalls.java:233)
	at org.apache.ratis.thirdparty.io.grpc.stub.ClientCalls.getUnchecked(ClientCalls.java:214)
	at org.apache.ratis.thirdparty.io.grpc.stub.ClientCalls.blockingUnaryCall(ClientCalls.java:139)
	at org.apache.ratis.proto.grpc.RaftServerProtocolServiceGrpc$RaftServerProtocolServiceBlockingStub.requestVote(RaftServerProtocolServiceGrpc.java:265)
	at org.apache.ratis.grpc.server.GrpcServerProtocolClient.requestVote(GrpcServerProtocolClient.java:90)
	at org.apache.ratis.grpc.server.GrpcService.requestVote(GrpcService.java:204)
	at org.apache.ratis.server.impl.LeaderElection.lambda$submitRequests$1(LeaderElection.java:238)
	at java.util.concurrent.FutureTask.run(FutureTask.java:266)
	at java.util.concurrent.Executors$RunnableAdapter.call(Executors.java:511)
	at java.util.concurrent.FutureTask.run(FutureTask.java:266)
	at java.util.concurrent.ThreadPoolExecutor.runWorker(ThreadPoolExecutor.java:1149)
	at java.util.concurrent.ThreadPoolExecutor$Worker.run(ThreadPoolExecutor.java:624)
	... 1 more
Caused by: org.apache.ratis.thirdparty.io.netty.channel.AbstractChannel$AnnotatedConnectException: Connection refused: /192.168.5.130:42251
	at sun.nio.ch.SocketChannelImpl.checkConnect(Native Method)
	at sun.nio.ch.SocketChannelImpl.finishConnect(SocketChannelImpl.java:717)
	at org.apache.ratis.thirdparty.io.netty.channel.socket.nio.NioSocketChannel.doFinishConnect(NioSocketChannel.java:327)
	at org.apache.ratis.thirdparty.io.netty.channel.nio.AbstractNioChannel$AbstractNioUnsafe.finishConnect(AbstractNioChannel.java:340)
	at org.apache.ratis.thirdparty.io.netty.channel.nio.NioEventLoop.processSelectedKey(NioEventLoop.java:632)
	at org.apache.ratis.thirdparty.io.netty.channel.nio.NioEventLoop.processSelectedKeysOptimized(NioEventLoop.java:579)
	at org.apache.ratis.thirdparty.io.netty.channel.nio.NioEventLoop.processSelectedKeys(NioEventLoop.java:496)
	at org.apache.ratis.thirdparty.io.netty.channel.nio.NioEventLoop.run(NioEventLoop.java:458)
	at org.apache.ratis.thirdparty.io.netty.util.concurrent.SingleThreadEventExecutor$5.run(SingleThreadEventExecutor.java:897)
	at org.apache.ratis.thirdparty.io.netty.util.concurrent.FastThreadLocalRunnable.run(FastThreadLocalRunnable.java:30)
	... 1 more
Caused by: java.net.ConnectException: Connection refused
	... 11 more
2019-09-17 12:23:54,884 [ef58021b-0245-4b2a-b464-78c332d31a33@group-97FAE486DEE6:LeaderElection49] INFO  impl.LeaderElection (LogUtils.java:infoOrTrace(149)) -   Exception 1: {}
java.util.concurrent.ExecutionException: org.apache.ratis.thirdparty.io.grpc.StatusRuntimeException: UNAVAILABLE: io exception
	at java.util.concurrent.FutureTask.report(FutureTask.java:122)
	at java.util.concurrent.FutureTask.get(FutureTask.java:192)
	at org.apache.ratis.server.impl.LeaderElection.waitForResults(LeaderElection.java:263)
	at org.apache.ratis.server.impl.LeaderElection.askForVotes(LeaderElection.java:201)
	at org.apache.ratis.server.impl.LeaderElection.run(LeaderElection.java:133)
	at java.lang.Thread.run(Thread.java:748)
Caused by: org.apache.ratis.thirdparty.io.grpc.StatusRuntimeException: UNAVAILABLE: io exception
	at org.apache.ratis.thirdparty.io.grpc.stub.ClientCalls.toStatusRuntimeException(ClientCalls.java:233)
	at org.apache.ratis.thirdparty.io.grpc.stub.ClientCalls.getUnchecked(ClientCalls.java:214)
	at org.apache.ratis.thirdparty.io.grpc.stub.ClientCalls.blockingUnaryCall(ClientCalls.java:139)
	at org.apache.ratis.proto.grpc.RaftServerProtocolServiceGrpc$RaftServerProtocolServiceBlockingStub.requestVote(RaftServerProtocolServiceGrpc.java:265)
	at org.apache.ratis.grpc.server.GrpcServerProtocolClient.requestVote(GrpcServerProtocolClient.java:90)
	at org.apache.ratis.grpc.server.GrpcService.requestVote(GrpcService.java:204)
	at org.apache.ratis.server.impl.LeaderElection.lambda$submitRequests$1(LeaderElection.java:238)
	at java.util.concurrent.FutureTask.run(FutureTask.java:266)
	at java.util.concurrent.Executors$RunnableAdapter.call(Executors.java:511)
	at java.util.concurrent.FutureTask.run(FutureTask.java:266)
	at java.util.concurrent.ThreadPoolExecutor.runWorker(ThreadPoolExecutor.java:1149)
	at java.util.concurrent.ThreadPoolExecutor$Worker.run(ThreadPoolExecutor.java:624)
	... 1 more
Caused by: org.apache.ratis.thirdparty.io.netty.channel.AbstractChannel$AnnotatedConnectException: Connection refused: /192.168.5.130:38034
	at sun.nio.ch.SocketChannelImpl.checkConnect(Native Method)
	at sun.nio.ch.SocketChannelImpl.finishConnect(SocketChannelImpl.java:717)
	at org.apache.ratis.thirdparty.io.netty.channel.socket.nio.NioSocketChannel.doFinishConnect(NioSocketChannel.java:327)
	at org.apache.ratis.thirdparty.io.netty.channel.nio.AbstractNioChannel$AbstractNioUnsafe.finishConnect(AbstractNioChannel.java:340)
	at org.apache.ratis.thirdparty.io.netty.channel.nio.NioEventLoop.processSelectedKey(NioEventLoop.java:632)
	at org.apache.ratis.thirdparty.io.netty.channel.nio.NioEventLoop.processSelectedKeysOptimized(NioEventLoop.java:579)
	at org.apache.ratis.thirdparty.io.netty.channel.nio.NioEventLoop.processSelectedKeys(NioEventLoop.java:496)
	at org.apache.ratis.thirdparty.io.netty.channel.nio.NioEventLoop.run(NioEventLoop.java:458)
	at org.apache.ratis.thirdparty.io.netty.util.concurrent.SingleThreadEventExecutor$5.run(SingleThreadEventExecutor.java:897)
	at org.apache.ratis.thirdparty.io.netty.util.concurrent.FastThreadLocalRunnable.run(FastThreadLocalRunnable.java:30)
	... 1 more
Caused by: java.net.ConnectException: Connection refused
	... 11 more
2019-09-17 12:23:54,885 [ef58021b-0245-4b2a-b464-78c332d31a33@group-97FAE486DEE6:LeaderElection49] INFO  impl.RaftServerImpl (RaftServerImpl.java:setRole(174)) - ef58021b-0245-4b2a-b464-78c332d31a33@group-97FAE486DEE6: changes role from CANDIDATE to FOLLOWER at term 27 for DISCOVERED_A_NEW_TERM
2019-09-17 12:23:54,885 [ef58021b-0245-4b2a-b464-78c332d31a33@group-97FAE486DEE6:LeaderElection49] INFO  impl.RoleInfo (RoleInfo.java:shutdownLeaderElection(134)) - ef58021b-0245-4b2a-b464-78c332d31a33: shutdown LeaderElection
2019-09-17 12:23:54,885 [ef58021b-0245-4b2a-b464-78c332d31a33@group-97FAE486DEE6:LeaderElection49] INFO  impl.RoleInfo (RoleInfo.java:updateAndGet(143)) - ef58021b-0245-4b2a-b464-78c332d31a33: start FollowerState
2019-09-17 12:23:54,933 [java.util.concurrent.ThreadPoolExecutor$Worker@17044d63[State = -1, empty queue]] WARN  server.GrpcLogAppender (GrpcLogAppender.java:timeoutAppendRequest(200)) - 7689548e-5f49-4f36-9667-e46ba21e9ae3@group-C0075F260562->a5f9b548-b989-4807-80f4-ff576b54977d-GrpcLogAppender: appendEntries Timeout, request=7689548e-5f49-4f36-9667-e46ba21e9ae3->a5f9b548-b989-4807-80f4-ff576b54977d#146-t2, previous=(t:2, i:20), leaderCommit=16, initializing? false, entries: <empty>
2019-09-17 12:23:55,063 [java.util.concurrent.ThreadPoolExecutor$Worker@4758ecc9[State = -1, empty queue]] WARN  server.GrpcLogAppender (GrpcLogAppender.java:timeoutAppendRequest(200)) - 84b9980c-7545-47f2-8f8d-7bdb4cb4587c@group-5D4E048AB16A->ba884459-fbaf-490e-9b71-3c718ea82914-GrpcLogAppender: appendEntries Timeout, request=84b9980c-7545-47f2-8f8d-7bdb4cb4587c->ba884459-fbaf-490e-9b71-3c718ea82914#157-t2, previous=(t:2, i:33), leaderCommit=29, initializing? false, entries: <empty>
2019-09-17 12:23:55,434 [java.util.concurrent.ThreadPoolExecutor$Worker@17044d63[State = -1, empty queue]] WARN  server.GrpcLogAppender (GrpcLogAppender.java:timeoutAppendRequest(200)) - 7689548e-5f49-4f36-9667-e46ba21e9ae3@group-C0075F260562->a5f9b548-b989-4807-80f4-ff576b54977d-GrpcLogAppender: appendEntries Timeout, request=7689548e-5f49-4f36-9667-e46ba21e9ae3->a5f9b548-b989-4807-80f4-ff576b54977d#147-t2, previous=(t:2, i:20), leaderCommit=16, initializing? false, entries: <empty>
2019-09-17 12:23:55,563 [java.util.concurrent.ThreadPoolExecutor$Worker@4758ecc9[State = -1, empty queue]] WARN  server.GrpcLogAppender (GrpcLogAppender.java:timeoutAppendRequest(200)) - 84b9980c-7545-47f2-8f8d-7bdb4cb4587c@group-5D4E048AB16A->ba884459-fbaf-490e-9b71-3c718ea82914-GrpcLogAppender: appendEntries Timeout, request=84b9980c-7545-47f2-8f8d-7bdb4cb4587c->ba884459-fbaf-490e-9b71-3c718ea82914#158-t2, previous=(t:2, i:33), leaderCommit=29, initializing? false, entries: <empty>
2019-09-17 12:23:55,678 [main] WARN  io.KeyOutputStream (KeyOutputStream.java:handleException(276)) - Encountered exception java.io.IOException: Unexpected Storage Container Exception: java.util.concurrent.CompletionException: java.util.concurrent.CompletionException: org.apache.ratis.protocol.RaftRetryFailureException: Failed RaftClientRequest:client-9303C3D922F8->84b9980c-7545-47f2-8f8d-7bdb4cb4587c@group-5D4E048AB16A, cid=72, seq=9*, RW, org.apache.hadoop.hdds.scm.XceiverClientRatis$$Lambda$443/1403539444@74f30060 for 10 attempts with RetryLimited(maxAttempts=10, sleepTime=1000ms) on the pipeline Pipeline[ Id: ee2470e8-a619-46fb-ab4b-5d4e048ab16a, Nodes: ba884459-fbaf-490e-9b71-3c718ea82914{ip: 192.168.5.130, host: pr-hdds-2136-chhj8-2666454444, networkLocation: /default-rack, certSerialId: null}89060399-4494-4f9b-b1c5-9635c65f7453{ip: 192.168.5.130, host: pr-hdds-2136-chhj8-2666454444, networkLocation: /default-rack, certSerialId: null}84b9980c-7545-47f2-8f8d-7bdb4cb4587c{ip: 192.168.5.130, host: pr-hdds-2136-chhj8-2666454444, networkLocation: /default-rack, certSerialId: null}, Type:RATIS, Factor:THREE, State:OPEN]. The last committed block length is 0, uncommitted data length is 2097152 retry count 0
2019-09-17 12:23:55,716 [IPC Server handler 13 on 46471] WARN  block.BlockManagerImpl (BlockManagerImpl.java:allocateBlock(192)) - Pipeline creation failed for type:RATIS factor:THREE. Retrying get pipelines call once.
org.apache.hadoop.hdds.scm.pipeline.InsufficientDatanodesException: Cannot create pipeline of factor 3 using 1 nodes.
	at org.apache.hadoop.hdds.scm.pipeline.RatisPipelineProvider.create(RatisPipelineProvider.java:152)
	at org.apache.hadoop.hdds.scm.pipeline.PipelineFactory.create(PipelineFactory.java:57)
	at org.apache.hadoop.hdds.scm.pipeline.SCMPipelineManager.createPipeline(SCMPipelineManager.java:151)
	at org.apache.hadoop.hdds.scm.block.BlockManagerImpl.allocateBlock(BlockManagerImpl.java:190)
	at org.apache.hadoop.hdds.scm.server.SCMBlockProtocolServer.allocateBlock(SCMBlockProtocolServer.java:182)
	at org.apache.hadoop.ozone.protocolPB.ScmBlockLocationProtocolServerSideTranslatorPB.allocateScmBlock(ScmBlockLocationProtocolServerSideTranslatorPB.java:183)
	at org.apache.hadoop.ozone.protocolPB.ScmBlockLocationProtocolServerSideTranslatorPB.processMessage(ScmBlockLocationProtocolServerSideTranslatorPB.java:141)
	at org.apache.hadoop.ozone.protocolPB.ScmBlockLocationProtocolServerSideTranslatorPB.send(ScmBlockLocationProtocolServerSideTranslatorPB.java:116)
	at org.apache.hadoop.hdds.protocol.proto.ScmBlockLocationProtocolProtos$ScmBlockLocationProtocolService$2.callBlockingMethod(ScmBlockLocationProtocolProtos.java:13157)
	at org.apache.hadoop.ipc.ProtobufRpcEngine$Server$ProtoBufRpcInvoker.call(ProtobufRpcEngine.java:524)
	at org.apache.hadoop.ipc.RPC$Server.call(RPC.java:1025)
	at org.apache.hadoop.ipc.Server$RpcCall.run(Server.java:876)
	at org.apache.hadoop.ipc.Server$RpcCall.run(Server.java:822)
	at java.security.AccessController.doPrivileged(Native Method)
	at javax.security.auth.Subject.doAs(Subject.java:422)
	at org.apache.hadoop.security.UserGroupInformation.doAs(UserGroupInformation.java:1730)
	at org.apache.hadoop.ipc.Server$Handler.run(Server.java:2682)
2019-09-17 12:23:55,721 [IPC Server handler 13 on 46471] INFO  block.BlockManagerImpl (BlockManagerImpl.java:allocateBlock(198)) - Could not find available pipeline of type:RATIS and factor:THREE even after retrying
2019-09-17 12:23:55,721 [IPC Server handler 13 on 46471] ERROR block.BlockManagerImpl (BlockManagerImpl.java:allocateBlock(222)) - Unable to allocate a block for the size: 4194304, type: RATIS, factor: THREE
2019-09-17 12:23:55,728 [main] ERROR io.BlockOutputStreamEntryPool (BlockOutputStreamEntryPool.java:allocateBlockIfNeeded(299)) - Try to allocate more blocks for write failed, already allocated 0 blocks for this write.
INTERNAL_ERROR org.apache.hadoop.ozone.om.exceptions.OMException: Allocated 0 blocks. Requested 1 blocks
	at org.apache.hadoop.ozone.om.protocolPB.OzoneManagerProtocolClientSideTranslatorPB.handleError(OzoneManagerProtocolClientSideTranslatorPB.java:726)
	at org.apache.hadoop.ozone.om.protocolPB.OzoneManagerProtocolClientSideTranslatorPB.allocateBlock(OzoneManagerProtocolClientSideTranslatorPB.java:758)
	at sun.reflect.NativeMethodAccessorImpl.invoke0(Native Method)
	at sun.reflect.NativeMethodAccessorImpl.invoke(NativeMethodAccessorImpl.java:62)
	at sun.reflect.DelegatingMethodAccessorImpl.invoke(DelegatingMethodAccessorImpl.java:43)
	at java.lang.reflect.Method.invoke(Method.java:498)
	at org.apache.hadoop.hdds.tracing.TraceAllMethod.invoke(TraceAllMethod.java:66)
	at com.sun.proxy.$Proxy36.allocateBlock(Unknown Source)
	at org.apache.hadoop.ozone.client.io.BlockOutputStreamEntryPool.allocateNewBlock(BlockOutputStreamEntryPool.java:248)
	at org.apache.hadoop.ozone.client.io.BlockOutputStreamEntryPool.allocateBlockIfNeeded(BlockOutputStreamEntryPool.java:296)
	at org.apache.hadoop.ozone.client.io.KeyOutputStream.handleWrite(KeyOutputStream.java:201)
	at org.apache.hadoop.ozone.client.io.KeyOutputStream.handleRetry(KeyOutputStream.java:376)
	at org.apache.hadoop.ozone.client.io.KeyOutputStream.handleException(KeyOutputStream.java:325)
	at org.apache.hadoop.ozone.client.io.KeyOutputStream.handleWrite(KeyOutputStream.java:231)
	at org.apache.hadoop.ozone.client.io.KeyOutputStream.write(KeyOutputStream.java:193)
	at org.apache.hadoop.ozone.client.io.OzoneOutputStream.write(OzoneOutputStream.java:49)
	at java.io.OutputStream.write(OutputStream.java:75)
	at org.apache.hadoop.ozone.client.rpc.TestMultiBlockWritesWithDnFailures.testMultiBlockWritesWithIntermittentDnFailures(TestMultiBlockWritesWithDnFailures.java:196)
	at sun.reflect.NativeMethodAccessorImpl.invoke0(Native Method)
	at sun.reflect.NativeMethodAccessorImpl.invoke(NativeMethodAccessorImpl.java:62)
	at sun.reflect.DelegatingMethodAccessorImpl.invoke(DelegatingMethodAccessorImpl.java:43)
	at java.lang.reflect.Method.invoke(Method.java:498)
	at org.junit.runners.model.FrameworkMethod$1.runReflectiveCall(FrameworkMethod.java:47)
	at org.junit.internal.runners.model.ReflectiveCallable.run(ReflectiveCallable.java:12)
	at org.junit.runners.model.FrameworkMethod.invokeExplosively(FrameworkMethod.java:44)
	at org.junit.internal.runners.statements.InvokeMethod.evaluate(InvokeMethod.java:17)
	at org.junit.internal.runners.statements.RunAfters.evaluate(RunAfters.java:27)
	at org.junit.runners.ParentRunner.runLeaf(ParentRunner.java:271)
	at org.junit.runners.BlockJUnit4ClassRunner.runChild(BlockJUnit4ClassRunner.java:70)
	at org.junit.runners.BlockJUnit4ClassRunner.runChild(BlockJUnit4ClassRunner.java:50)
	at org.junit.runners.ParentRunner$3.run(ParentRunner.java:238)
	at org.junit.runners.ParentRunner$1.schedule(ParentRunner.java:63)
	at org.junit.runners.ParentRunner.runChildren(ParentRunner.java:236)
	at org.junit.runners.ParentRunner.access$000(ParentRunner.java:53)
	at org.junit.runners.ParentRunner$2.evaluate(ParentRunner.java:229)
	at org.junit.runners.ParentRunner.run(ParentRunner.java:309)
	at org.apache.maven.surefire.junit4.JUnit4Provider.execute(JUnit4Provider.java:365)
	at org.apache.maven.surefire.junit4.JUnit4Provider.executeWithRerun(JUnit4Provider.java:273)
	at org.apache.maven.surefire.junit4.JUnit4Provider.executeTestSet(JUnit4Provider.java:238)
	at org.apache.maven.surefire.junit4.JUnit4Provider.invoke(JUnit4Provider.java:159)
	at org.apache.maven.surefire.booter.ForkedBooter.invokeProviderInSameClassLoader(ForkedBooter.java:384)
	at org.apache.maven.surefire.booter.ForkedBooter.runSuitesInProcess(ForkedBooter.java:345)
	at org.apache.maven.surefire.booter.ForkedBooter.execute(ForkedBooter.java:126)
	at org.apache.maven.surefire.booter.ForkedBooter.main(ForkedBooter.java:418)
2019-09-17 12:23:55,730 [main] INFO  ozone.MiniOzoneClusterImpl (MiniOzoneClusterImpl.java:shutdown(312)) - Shutting down the Mini Ozone Cluster
2019-09-17 12:23:55,731 [main] INFO  ozone.MiniOzoneClusterImpl (MiniOzoneClusterImpl.java:stop(327)) - Stopping the Mini Ozone Cluster
2019-09-17 12:23:55,731 [main] INFO  ozone.MiniOzoneClusterImpl (MiniOzoneClusterImpl.java:stop(329)) - Stopping the OzoneManager
2019-09-17 12:23:55,731 [main] INFO  ipc.Server (Server.java:stop(3082)) - Stopping server on 35986
2019-09-17 12:23:55,747 [IPC Server listener on 35986] INFO  ipc.Server (Server.java:run(1185)) - Stopping IPC Server listener on 35986
2019-09-17 12:23:55,747 [main] INFO  ratis.OzoneManagerDoubleBuffer (OzoneManagerDoubleBuffer.java:stop(248)) - Stopping OMDoubleBuffer flush thread
2019-09-17 12:23:55,756 [IPC Server Responder] INFO  ipc.Server (Server.java:run(1319)) - Stopping IPC Server Responder
2019-09-17 12:23:55,763 [OMDoubleBufferFlushThread] INFO  ratis.OzoneManagerDoubleBuffer (OzoneManagerDoubleBuffer.java:flushTransactions(191)) - OMDoubleBuffer flush thread OMDoubleBufferFlushThread is interrupted and will exit. OMDoubleBufferFlushThread
2019-09-17 12:23:55,776 [main] INFO  utils.BackgroundService (BackgroundService.java:shutdown(148)) - Shutting down service KeyDeletingService
2019-09-17 12:23:55,799 [main] INFO  handler.ContextHandler (ContextHandler.java:doStop(910)) - Stopped o.e.j.w.WebAppContext@55b8dbda{/,null,UNAVAILABLE}{/ozoneManager}
2019-09-17 12:23:55,799 [main] INFO  server.AbstractConnector (AbstractConnector.java:doStop(318)) - Stopped ServerConnector@3b569985{HTTP/1.1,[http/1.1]}{0.0.0.0:0}
2019-09-17 12:23:55,800 [main] INFO  handler.ContextHandler (ContextHandler.java:doStop(910)) - Stopped o.e.j.s.ServletContextHandler@677b8e13{/static,file:///tmp/workdir/hadoop-ozone/integration-test/target/test-classes/webapps/static,UNAVAILABLE}
2019-09-17 12:23:55,800 [main] INFO  handler.ContextHandler (ContextHandler.java:doStop(910)) - Stopped o.e.j.s.ServletContextHandler@74fe5966{/logs,file:///tmp/workdir/hadoop-ozone/integration-test/target/log,UNAVAILABLE}
2019-09-17 12:23:55,804 [main] INFO  ozone.MiniOzoneClusterImpl (MiniOzoneClusterImpl.java:stop(335)) - Shutting the HddsDatanodes
2019-09-17 12:23:55,826 [Datanode State Machine Thread - 0] INFO  statemachine.DatanodeStateMachine (DatanodeStateMachine.java:lambda$startDaemon$0(350)) - Ozone container server started.
2019-09-17 12:23:56,115 [java.util.concurrent.ThreadPoolExecutor$Worker@4758ecc9[State = -1, empty queue]] WARN  server.GrpcLogAppender (GrpcLogAppender.java:timeoutAppendRequest(200)) - 84b9980c-7545-47f2-8f8d-7bdb4cb4587c@group-5D4E048AB16A->ba884459-fbaf-490e-9b71-3c718ea82914-GrpcLogAppender: appendEntries Timeout, request=84b9980c-7545-47f2-8f8d-7bdb4cb4587c->ba884459-fbaf-490e-9b71-3c718ea82914#159-t2, previous=(t:2, i:33), leaderCommit=29, initializing? false, entries: <empty>
2019-09-17 12:23:56,116 [Thread-1483] INFO  impl.FollowerState (FollowerState.java:run(106)) - ef58021b-0245-4b2a-b464-78c332d31a33:group-97FAE486DEE6 changes to CANDIDATE, lastRpcTime:1230, electionTimeout:1123ms
2019-09-17 12:23:56,116 [java.util.concurrent.ThreadPoolExecutor$Worker@17044d63[State = -1, empty queue]] WARN  server.GrpcLogAppender (GrpcLogAppender.java:timeoutAppendRequest(200)) - 7689548e-5f49-4f36-9667-e46ba21e9ae3@group-C0075F260562->a5f9b548-b989-4807-80f4-ff576b54977d-GrpcLogAppender: appendEntries Timeout, request=7689548e-5f49-4f36-9667-e46ba21e9ae3->a5f9b548-b989-4807-80f4-ff576b54977d#148-t2, previous=(t:2, i:20), leaderCommit=16, initializing? false, entries: <empty>
2019-09-17 12:23:56,128 [Thread-1483] INFO  impl.RoleInfo (RoleInfo.java:shutdownFollowerState(121)) - ef58021b-0245-4b2a-b464-78c332d31a33: shutdown FollowerState
2019-09-17 12:23:56,131 [Thread-1483] INFO  impl.RaftServerImpl (RaftServerImpl.java:setRole(174)) - ef58021b-0245-4b2a-b464-78c332d31a33@group-97FAE486DEE6: changes role from  FOLLOWER to CANDIDATE at term 27 for changeToCandidate
2019-09-17 12:23:56,133 [Thread-1483] INFO  impl.RoleInfo (RoleInfo.java:updateAndGet(143)) - ef58021b-0245-4b2a-b464-78c332d31a33: start LeaderElection
2019-09-17 12:23:56,159 [ef58021b-0245-4b2a-b464-78c332d31a33@group-97FAE486DEE6:LeaderElection50] INFO  impl.LeaderElection (LeaderElection.java:askForVotes(182)) - ef58021b-0245-4b2a-b464-78c332d31a33@group-97FAE486DEE6:LeaderElection50: begin an election at term 28 for 0: [ed86af58-6365-40b3-a78c-ef8881f9dd1e:192.168.5.130:38034, 0cdf7b9a-92f5-4bda-bda9-a502d9c924f1:192.168.5.130:42251, ef58021b-0245-4b2a-b464-78c332d31a33:192.168.5.130:45449], old=null
2019-09-17 12:23:56,161 [ef58021b-0245-4b2a-b464-78c332d31a33@group-97FAE486DEE6:LeaderElection50] INFO  impl.LeaderElection (LogUtils.java:infoOrTrace(149)) - ef58021b-0245-4b2a-b464-78c332d31a33@group-97FAE486DEE6:LeaderElection50 got exception when requesting votes: {}
java.util.concurrent.ExecutionException: org.apache.ratis.thirdparty.io.grpc.StatusRuntimeException: UNAVAILABLE: io exception
	at java.util.concurrent.FutureTask.report(FutureTask.java:122)
	at java.util.concurrent.FutureTask.get(FutureTask.java:192)
	at org.apache.ratis.server.impl.LeaderElection.waitForResults(LeaderElection.java:263)
	at org.apache.ratis.server.impl.LeaderElection.askForVotes(LeaderElection.java:201)
	at org.apache.ratis.server.impl.LeaderElection.run(LeaderElection.java:133)
	at java.lang.Thread.run(Thread.java:748)
Caused by: org.apache.ratis.thirdparty.io.grpc.StatusRuntimeException: UNAVAILABLE: io exception
	at org.apache.ratis.thirdparty.io.grpc.stub.ClientCalls.toStatusRuntimeException(ClientCalls.java:233)
	at org.apache.ratis.thirdparty.io.grpc.stub.ClientCalls.getUnchecked(ClientCalls.java:214)
	at org.apache.ratis.thirdparty.io.grpc.stub.ClientCalls.blockingUnaryCall(ClientCalls.java:139)
	at org.apache.ratis.proto.grpc.RaftServerProtocolServiceGrpc$RaftServerProtocolServiceBlockingStub.requestVote(RaftServerProtocolServiceGrpc.java:265)
	at org.apache.ratis.grpc.server.GrpcServerProtocolClient.requestVote(GrpcServerProtocolClient.java:90)
	at org.apache.ratis.grpc.server.GrpcService.requestVote(GrpcService.java:204)
	at org.apache.ratis.server.impl.LeaderElection.lambda$submitRequests$1(LeaderElection.java:238)
	at java.util.concurrent.FutureTask.run(FutureTask.java:266)
	at java.util.concurrent.Executors$RunnableAdapter.call(Executors.java:511)
	at java.util.concurrent.FutureTask.run(FutureTask.java:266)
	at java.util.concurrent.ThreadPoolExecutor.runWorker(ThreadPoolExecutor.java:1149)
	at java.util.concurrent.ThreadPoolExecutor$Worker.run(ThreadPoolExecutor.java:624)
	... 1 more
Caused by: org.apache.ratis.thirdparty.io.netty.channel.AbstractChannel$AnnotatedConnectException: Connection refused: /192.168.5.130:42251
	at sun.nio.ch.SocketChannelImpl.checkConnect(Native Method)
	at sun.nio.ch.SocketChannelImpl.finishConnect(SocketChannelImpl.java:717)
	at org.apache.ratis.thirdparty.io.netty.channel.socket.nio.NioSocketChannel.doFinishConnect(NioSocketChannel.java:327)
	at org.apache.ratis.thirdparty.io.netty.channel.nio.AbstractNioChannel$AbstractNioUnsafe.finishConnect(AbstractNioChannel.java:340)
	at org.apache.ratis.thirdparty.io.netty.channel.nio.NioEventLoop.processSelectedKey(NioEventLoop.java:632)
	at org.apache.ratis.thirdparty.io.netty.channel.nio.NioEventLoop.processSelectedKeysOptimized(NioEventLoop.java:579)
	at org.apache.ratis.thirdparty.io.netty.channel.nio.NioEventLoop.processSelectedKeys(NioEventLoop.java:496)
	at org.apache.ratis.thirdparty.io.netty.channel.nio.NioEventLoop.run(NioEventLoop.java:458)
	at org.apache.ratis.thirdparty.io.netty.util.concurrent.SingleThreadEventExecutor$5.run(SingleThreadEventExecutor.java:897)
	at org.apache.ratis.thirdparty.io.netty.util.concurrent.FastThreadLocalRunnable.run(FastThreadLocalRunnable.java:30)
	... 1 more
Caused by: java.net.ConnectException: Connection refused
	... 11 more
2019-09-17 12:23:56,161 [ef58021b-0245-4b2a-b464-78c332d31a33@group-97FAE486DEE6:LeaderElection50] INFO  impl.LeaderElection (LogUtils.java:infoOrTrace(149)) - ef58021b-0245-4b2a-b464-78c332d31a33@group-97FAE486DEE6:LeaderElection50 got exception when requesting votes: {}
java.util.concurrent.ExecutionException: org.apache.ratis.thirdparty.io.grpc.StatusRuntimeException: UNAVAILABLE: io exception
	at java.util.concurrent.FutureTask.report(FutureTask.java:122)
	at java.util.concurrent.FutureTask.get(FutureTask.java:192)
	at org.apache.ratis.server.impl.LeaderElection.waitForResults(LeaderElection.java:263)
	at org.apache.ratis.server.impl.LeaderElection.askForVotes(LeaderElection.java:201)
	at org.apache.ratis.server.impl.LeaderElection.run(LeaderElection.java:133)
	at java.lang.Thread.run(Thread.java:748)
Caused by: org.apache.ratis.thirdparty.io.grpc.StatusRuntimeException: UNAVAILABLE: io exception
	at org.apache.ratis.thirdparty.io.grpc.stub.ClientCalls.toStatusRuntimeException(ClientCalls.java:233)
	at org.apache.ratis.thirdparty.io.grpc.stub.ClientCalls.getUnchecked(ClientCalls.java:214)
	at org.apache.ratis.thirdparty.io.grpc.stub.ClientCalls.blockingUnaryCall(ClientCalls.java:139)
	at org.apache.ratis.proto.grpc.RaftServerProtocolServiceGrpc$RaftServerProtocolServiceBlockingStub.requestVote(RaftServerProtocolServiceGrpc.java:265)
	at org.apache.ratis.grpc.server.GrpcServerProtocolClient.requestVote(GrpcServerProtocolClient.java:90)
	at org.apache.ratis.grpc.server.GrpcService.requestVote(GrpcService.java:204)
	at org.apache.ratis.server.impl.LeaderElection.lambda$submitRequests$1(LeaderElection.java:238)
	at java.util.concurrent.FutureTask.run(FutureTask.java:266)
	at java.util.concurrent.Executors$RunnableAdapter.call(Executors.java:511)
	at java.util.concurrent.FutureTask.run(FutureTask.java:266)
	at java.util.concurrent.ThreadPoolExecutor.runWorker(ThreadPoolExecutor.java:1149)
	at java.util.concurrent.ThreadPoolExecutor$Worker.run(ThreadPoolExecutor.java:624)
	... 1 more
Caused by: org.apache.ratis.thirdparty.io.netty.channel.AbstractChannel$AnnotatedConnectException: Connection refused: /192.168.5.130:38034
	at sun.nio.ch.SocketChannelImpl.checkConnect(Native Method)
	at sun.nio.ch.SocketChannelImpl.finishConnect(SocketChannelImpl.java:717)
	at org.apache.ratis.thirdparty.io.netty.channel.socket.nio.NioSocketChannel.doFinishConnect(NioSocketChannel.java:327)
	at org.apache.ratis.thirdparty.io.netty.channel.nio.AbstractNioChannel$AbstractNioUnsafe.finishConnect(AbstractNioChannel.java:340)
	at org.apache.ratis.thirdparty.io.netty.channel.nio.NioEventLoop.processSelectedKey(NioEventLoop.java:632)
	at org.apache.ratis.thirdparty.io.netty.channel.nio.NioEventLoop.processSelectedKeysOptimized(NioEventLoop.java:579)
	at org.apache.ratis.thirdparty.io.netty.channel.nio.NioEventLoop.processSelectedKeys(NioEventLoop.java:496)
	at org.apache.ratis.thirdparty.io.netty.channel.nio.NioEventLoop.run(NioEventLoop.java:458)
	at org.apache.ratis.thirdparty.io.netty.util.concurrent.SingleThreadEventExecutor$5.run(SingleThreadEventExecutor.java:897)
	at org.apache.ratis.thirdparty.io.netty.util.concurrent.FastThreadLocalRunnable.run(FastThreadLocalRunnable.java:30)
	... 1 more
Caused by: java.net.ConnectException: Connection refused
	... 11 more
2019-09-17 12:23:56,161 [ef58021b-0245-4b2a-b464-78c332d31a33@group-97FAE486DEE6:LeaderElection50] INFO  impl.LeaderElection (LeaderElection.java:logAndReturn(56)) - ef58021b-0245-4b2a-b464-78c332d31a33@group-97FAE486DEE6:LeaderElection50: Election REJECTED; received 0 response(s) [] and 2 exception(s); ef58021b-0245-4b2a-b464-78c332d31a33@group-97FAE486DEE6:t28, leader=null, voted=ef58021b-0245-4b2a-b464-78c332d31a33, raftlog=ef58021b-0245-4b2a-b464-78c332d31a33@group-97FAE486DEE6-SegmentedRaftLog:OPENED:c27,f27,i27, conf=0: [ed86af58-6365-40b3-a78c-ef8881f9dd1e:192.168.5.130:38034, 0cdf7b9a-92f5-4bda-bda9-a502d9c924f1:192.168.5.130:42251, ef58021b-0245-4b2a-b464-78c332d31a33:192.168.5.130:45449], old=null
2019-09-17 12:23:56,162 [ef58021b-0245-4b2a-b464-78c332d31a33@group-97FAE486DEE6:LeaderElection50] INFO  impl.LeaderElection (LogUtils.java:infoOrTrace(149)) -   Exception 0: {}
java.util.concurrent.ExecutionException: org.apache.ratis.thirdparty.io.grpc.StatusRuntimeException: UNAVAILABLE: io exception
	at java.util.concurrent.FutureTask.report(FutureTask.java:122)
	at java.util.concurrent.FutureTask.get(FutureTask.java:192)
	at org.apache.ratis.server.impl.LeaderElection.waitForResults(LeaderElection.java:263)
	at org.apache.ratis.server.impl.LeaderElection.askForVotes(LeaderElection.java:201)
	at org.apache.ratis.server.impl.LeaderElection.run(LeaderElection.java:133)
	at java.lang.Thread.run(Thread.java:748)
Caused by: org.apache.ratis.thirdparty.io.grpc.StatusRuntimeException: UNAVAILABLE: io exception
	at org.apache.ratis.thirdparty.io.grpc.stub.ClientCalls.toStatusRuntimeException(ClientCalls.java:233)
	at org.apache.ratis.thirdparty.io.grpc.stub.ClientCalls.getUnchecked(ClientCalls.java:214)
	at org.apache.ratis.thirdparty.io.grpc.stub.ClientCalls.blockingUnaryCall(ClientCalls.java:139)
	at org.apache.ratis.proto.grpc.RaftServerProtocolServiceGrpc$RaftServerProtocolServiceBlockingStub.requestVote(RaftServerProtocolServiceGrpc.java:265)
	at org.apache.ratis.grpc.server.GrpcServerProtocolClient.requestVote(GrpcServerProtocolClient.java:90)
	at org.apache.ratis.grpc.server.GrpcService.requestVote(GrpcService.java:204)
	at org.apache.ratis.server.impl.LeaderElection.lambda$submitRequests$1(LeaderElection.java:238)
	at java.util.concurrent.FutureTask.run(FutureTask.java:266)
	at java.util.concurrent.Executors$RunnableAdapter.call(Executors.java:511)
	at java.util.concurrent.FutureTask.run(FutureTask.java:266)
	at java.util.concurrent.ThreadPoolExecutor.runWorker(ThreadPoolExecutor.java:1149)
	at java.util.concurrent.ThreadPoolExecutor$Worker.run(ThreadPoolExecutor.java:624)
	... 1 more
Caused by: org.apache.ratis.thirdparty.io.netty.channel.AbstractChannel$AnnotatedConnectException: Connection refused: /192.168.5.130:42251
	at sun.nio.ch.SocketChannelImpl.checkConnect(Native Method)
	at sun.nio.ch.SocketChannelImpl.finishConnect(SocketChannelImpl.java:717)
	at org.apache.ratis.thirdparty.io.netty.channel.socket.nio.NioSocketChannel.doFinishConnect(NioSocketChannel.java:327)
	at org.apache.ratis.thirdparty.io.netty.channel.nio.AbstractNioChannel$AbstractNioUnsafe.finishConnect(AbstractNioChannel.java:340)
	at org.apache.ratis.thirdparty.io.netty.channel.nio.NioEventLoop.processSelectedKey(NioEventLoop.java:632)
	at org.apache.ratis.thirdparty.io.netty.channel.nio.NioEventLoop.processSelectedKeysOptimized(NioEventLoop.java:579)
	at org.apache.ratis.thirdparty.io.netty.channel.nio.NioEventLoop.processSelectedKeys(NioEventLoop.java:496)
	at org.apache.ratis.thirdparty.io.netty.channel.nio.NioEventLoop.run(NioEventLoop.java:458)
	at org.apache.ratis.thirdparty.io.netty.util.concurrent.SingleThreadEventExecutor$5.run(SingleThreadEventExecutor.java:897)
	at org.apache.ratis.thirdparty.io.netty.util.concurrent.FastThreadLocalRunnable.run(FastThreadLocalRunnable.java:30)
	... 1 more
Caused by: java.net.ConnectException: Connection refused
	... 11 more
2019-09-17 12:23:56,162 [ef58021b-0245-4b2a-b464-78c332d31a33@group-97FAE486DEE6:LeaderElection50] INFO  impl.LeaderElection (LogUtils.java:infoOrTrace(149)) -   Exception 1: {}
java.util.concurrent.ExecutionException: org.apache.ratis.thirdparty.io.grpc.StatusRuntimeException: UNAVAILABLE: io exception
	at java.util.concurrent.FutureTask.report(FutureTask.java:122)
	at java.util.concurrent.FutureTask.get(FutureTask.java:192)
	at org.apache.ratis.server.impl.LeaderElection.waitForResults(LeaderElection.java:263)
	at org.apache.ratis.server.impl.LeaderElection.askForVotes(LeaderElection.java:201)
	at org.apache.ratis.server.impl.LeaderElection.run(LeaderElection.java:133)
	at java.lang.Thread.run(Thread.java:748)
Caused by: org.apache.ratis.thirdparty.io.grpc.StatusRuntimeException: UNAVAILABLE: io exception
	at org.apache.ratis.thirdparty.io.grpc.stub.ClientCalls.toStatusRuntimeException(ClientCalls.java:233)
	at org.apache.ratis.thirdparty.io.grpc.stub.ClientCalls.getUnchecked(ClientCalls.java:214)
	at org.apache.ratis.thirdparty.io.grpc.stub.ClientCalls.blockingUnaryCall(ClientCalls.java:139)
	at org.apache.ratis.proto.grpc.RaftServerProtocolServiceGrpc$RaftServerProtocolServiceBlockingStub.requestVote(RaftServerProtocolServiceGrpc.java:265)
	at org.apache.ratis.grpc.server.GrpcServerProtocolClient.requestVote(GrpcServerProtocolClient.java:90)
	at org.apache.ratis.grpc.server.GrpcService.requestVote(GrpcService.java:204)
	at org.apache.ratis.server.impl.LeaderElection.lambda$submitRequests$1(LeaderElection.java:238)
	at java.util.concurrent.FutureTask.run(FutureTask.java:266)
	at java.util.concurrent.Executors$RunnableAdapter.call(Executors.java:511)
	at java.util.concurrent.FutureTask.run(FutureTask.java:266)
	at java.util.concurrent.ThreadPoolExecutor.runWorker(ThreadPoolExecutor.java:1149)
	at java.util.concurrent.ThreadPoolExecutor$Worker.run(ThreadPoolExecutor.java:624)
	... 1 more
Caused by: org.apache.ratis.thirdparty.io.netty.channel.AbstractChannel$AnnotatedConnectException: Connection refused: /192.168.5.130:38034
	at sun.nio.ch.SocketChannelImpl.checkConnect(Native Method)
	at sun.nio.ch.SocketChannelImpl.finishConnect(SocketChannelImpl.java:717)
	at org.apache.ratis.thirdparty.io.netty.channel.socket.nio.NioSocketChannel.doFinishConnect(NioSocketChannel.java:327)
	at org.apache.ratis.thirdparty.io.netty.channel.nio.AbstractNioChannel$AbstractNioUnsafe.finishConnect(AbstractNioChannel.java:340)
	at org.apache.ratis.thirdparty.io.netty.channel.nio.NioEventLoop.processSelectedKey(NioEventLoop.java:632)
	at org.apache.ratis.thirdparty.io.netty.channel.nio.NioEventLoop.processSelectedKeysOptimized(NioEventLoop.java:579)
	at org.apache.ratis.thirdparty.io.netty.channel.nio.NioEventLoop.processSelectedKeys(NioEventLoop.java:496)
	at org.apache.ratis.thirdparty.io.netty.channel.nio.NioEventLoop.run(NioEventLoop.java:458)
	at org.apache.ratis.thirdparty.io.netty.util.concurrent.SingleThreadEventExecutor$5.run(SingleThreadEventExecutor.java:897)
	at org.apache.ratis.thirdparty.io.netty.util.concurrent.FastThreadLocalRunnable.run(FastThreadLocalRunnable.java:30)
	... 1 more
Caused by: java.net.ConnectException: Connection refused
	... 11 more
2019-09-17 12:23:56,162 [ef58021b-0245-4b2a-b464-78c332d31a33@group-97FAE486DEE6:LeaderElection50] INFO  impl.RaftServerImpl (RaftServerImpl.java:setRole(174)) - ef58021b-0245-4b2a-b464-78c332d31a33@group-97FAE486DEE6: changes role from CANDIDATE to FOLLOWER at term 28 for DISCOVERED_A_NEW_TERM
2019-09-17 12:23:56,162 [ef58021b-0245-4b2a-b464-78c332d31a33@group-97FAE486DEE6:LeaderElection50] INFO  impl.RoleInfo (RoleInfo.java:shutdownLeaderElection(134)) - ef58021b-0245-4b2a-b464-78c332d31a33: shutdown LeaderElection
2019-09-17 12:23:56,163 [ef58021b-0245-4b2a-b464-78c332d31a33@group-97FAE486DEE6:LeaderElection50] INFO  impl.RoleInfo (RoleInfo.java:updateAndGet(143)) - ef58021b-0245-4b2a-b464-78c332d31a33: start FollowerState
2019-09-17 12:23:56,434 [java.util.concurrent.ThreadPoolExecutor$Worker@17044d63[State = -1, empty queue]] WARN  server.GrpcLogAppender (GrpcLogAppender.java:timeoutAppendRequest(200)) - 7689548e-5f49-4f36-9667-e46ba21e9ae3@group-C0075F260562->a5f9b548-b989-4807-80f4-ff576b54977d-GrpcLogAppender: appendEntries Timeout, request=7689548e-5f49-4f36-9667-e46ba21e9ae3->a5f9b548-b989-4807-80f4-ff576b54977d#149-t2, previous=(t:2, i:20), leaderCommit=16, initializing? false, entries: <empty>
2019-09-17 12:23:56,563 [java.util.concurrent.ThreadPoolExecutor$Worker@4758ecc9[State = -1, empty queue]] WARN  server.GrpcLogAppender (GrpcLogAppender.java:timeoutAppendRequest(200)) - 84b9980c-7545-47f2-8f8d-7bdb4cb4587c@group-5D4E048AB16A->ba884459-fbaf-490e-9b71-3c718ea82914-GrpcLogAppender: appendEntries Timeout, request=84b9980c-7545-47f2-8f8d-7bdb4cb4587c->ba884459-fbaf-490e-9b71-3c718ea82914#160-t2, previous=(t:2, i:33), leaderCommit=29, initializing? false, entries: <empty>
2019-09-17 12:23:56,749 [Datanode State Machine Thread - 0] INFO  statemachine.DatanodeStateMachine (DatanodeStateMachine.java:lambda$startDaemon$0(350)) - Ozone container server started.
2019-09-17 12:23:56,934 [java.util.concurrent.ThreadPoolExecutor$Worker@17044d63[State = -1, empty queue]] WARN  server.GrpcLogAppender (GrpcLogAppender.java:timeoutAppendRequest(200)) - 7689548e-5f49-4f36-9667-e46ba21e9ae3@group-C0075F260562->a5f9b548-b989-4807-80f4-ff576b54977d-GrpcLogAppender: appendEntries Timeout, request=7689548e-5f49-4f36-9667-e46ba21e9ae3->a5f9b548-b989-4807-80f4-ff576b54977d#150-t2, previous=(t:2, i:20), leaderCommit=16, initializing? false, entries: <empty>
2019-09-17 12:23:57,063 [java.util.concurrent.ThreadPoolExecutor$Worker@4758ecc9[State = -1, empty queue]] WARN  server.GrpcLogAppender (GrpcLogAppender.java:timeoutAppendRequest(200)) - 84b9980c-7545-47f2-8f8d-7bdb4cb4587c@group-5D4E048AB16A->ba884459-fbaf-490e-9b71-3c718ea82914-GrpcLogAppender: appendEntries Timeout, request=84b9980c-7545-47f2-8f8d-7bdb4cb4587c->ba884459-fbaf-490e-9b71-3c718ea82914#161-t2, previous=(t:2, i:33), leaderCommit=29, initializing? false, entries: <empty>
2019-09-17 12:23:57,231 [Thread-1501] INFO  impl.FollowerState (FollowerState.java:run(106)) - ef58021b-0245-4b2a-b464-78c332d31a33:group-97FAE486DEE6 changes to CANDIDATE, lastRpcTime:1068, electionTimeout:1068ms
2019-09-17 12:23:57,231 [Thread-1501] INFO  impl.RoleInfo (RoleInfo.java:shutdownFollowerState(121)) - ef58021b-0245-4b2a-b464-78c332d31a33: shutdown FollowerState
2019-09-17 12:23:57,231 [Thread-1501] INFO  impl.RaftServerImpl (RaftServerImpl.java:setRole(174)) - ef58021b-0245-4b2a-b464-78c332d31a33@group-97FAE486DEE6: changes role from  FOLLOWER to CANDIDATE at term 28 for changeToCandidate
2019-09-17 12:23:57,231 [Thread-1501] INFO  impl.RoleInfo (RoleInfo.java:updateAndGet(143)) - ef58021b-0245-4b2a-b464-78c332d31a33: start LeaderElection
2019-09-17 12:23:57,426 [ef58021b-0245-4b2a-b464-78c332d31a33@group-97FAE486DEE6:LeaderElection51] INFO  impl.LeaderElection (LeaderElection.java:askForVotes(182)) - ef58021b-0245-4b2a-b464-78c332d31a33@group-97FAE486DEE6:LeaderElection51: begin an election at term 29 for 0: [ed86af58-6365-40b3-a78c-ef8881f9dd1e:192.168.5.130:38034, 0cdf7b9a-92f5-4bda-bda9-a502d9c924f1:192.168.5.130:42251, ef58021b-0245-4b2a-b464-78c332d31a33:192.168.5.130:45449], old=null
2019-09-17 12:23:57,427 [ef58021b-0245-4b2a-b464-78c332d31a33@group-97FAE486DEE6:LeaderElection51] INFO  impl.LeaderElection (LogUtils.java:infoOrTrace(149)) - ef58021b-0245-4b2a-b464-78c332d31a33@group-97FAE486DEE6:LeaderElection51 got exception when requesting votes: {}
java.util.concurrent.ExecutionException: org.apache.ratis.thirdparty.io.grpc.StatusRuntimeException: UNAVAILABLE: io exception
	at java.util.concurrent.FutureTask.report(FutureTask.java:122)
	at java.util.concurrent.FutureTask.get(FutureTask.java:192)
	at org.apache.ratis.server.impl.LeaderElection.waitForResults(LeaderElection.java:263)
	at org.apache.ratis.server.impl.LeaderElection.askForVotes(LeaderElection.java:201)
	at org.apache.ratis.server.impl.LeaderElection.run(LeaderElection.java:133)
	at java.lang.Thread.run(Thread.java:748)
Caused by: org.apache.ratis.thirdparty.io.grpc.StatusRuntimeException: UNAVAILABLE: io exception
	at org.apache.ratis.thirdparty.io.grpc.stub.ClientCalls.toStatusRuntimeException(ClientCalls.java:233)
	at org.apache.ratis.thirdparty.io.grpc.stub.ClientCalls.getUnchecked(ClientCalls.java:214)
	at org.apache.ratis.thirdparty.io.grpc.stub.ClientCalls.blockingUnaryCall(ClientCalls.java:139)
	at org.apache.ratis.proto.grpc.RaftServerProtocolServiceGrpc$RaftServerProtocolServiceBlockingStub.requestVote(RaftServerProtocolServiceGrpc.java:265)
	at org.apache.ratis.grpc.server.GrpcServerProtocolClient.requestVote(GrpcServerProtocolClient.java:90)
	at org.apache.ratis.grpc.server.GrpcService.requestVote(GrpcService.java:204)
	at org.apache.ratis.server.impl.LeaderElection.lambda$submitRequests$1(LeaderElection.java:238)
	at java.util.concurrent.FutureTask.run(FutureTask.java:266)
	at java.util.concurrent.Executors$RunnableAdapter.call(Executors.java:511)
	at java.util.concurrent.FutureTask.run(FutureTask.java:266)
	at java.util.concurrent.ThreadPoolExecutor.runWorker(ThreadPoolExecutor.java:1149)
	at java.util.concurrent.ThreadPoolExecutor$Worker.run(ThreadPoolExecutor.java:624)
	... 1 more
Caused by: org.apache.ratis.thirdparty.io.netty.channel.AbstractChannel$AnnotatedConnectException: Connection refused: /192.168.5.130:38034
	at sun.nio.ch.SocketChannelImpl.checkConnect(Native Method)
	at sun.nio.ch.SocketChannelImpl.finishConnect(SocketChannelImpl.java:717)
	at org.apache.ratis.thirdparty.io.netty.channel.socket.nio.NioSocketChannel.doFinishConnect(NioSocketChannel.java:327)
	at org.apache.ratis.thirdparty.io.netty.channel.nio.AbstractNioChannel$AbstractNioUnsafe.finishConnect(AbstractNioChannel.java:340)
	at org.apache.ratis.thirdparty.io.netty.channel.nio.NioEventLoop.processSelectedKey(NioEventLoop.java:632)
	at org.apache.ratis.thirdparty.io.netty.channel.nio.NioEventLoop.processSelectedKeysOptimized(NioEventLoop.java:579)
	at org.apache.ratis.thirdparty.io.netty.channel.nio.NioEventLoop.processSelectedKeys(NioEventLoop.java:496)
	at org.apache.ratis.thirdparty.io.netty.channel.nio.NioEventLoop.run(NioEventLoop.java:458)
	at org.apache.ratis.thirdparty.io.netty.util.concurrent.SingleThreadEventExecutor$5.run(SingleThreadEventExecutor.java:897)
	at org.apache.ratis.thirdparty.io.netty.util.concurrent.FastThreadLocalRunnable.run(FastThreadLocalRunnable.java:30)
	... 1 more
Caused by: java.net.ConnectException: Connection refused
	... 11 more
2019-09-17 12:23:57,428 [ef58021b-0245-4b2a-b464-78c332d31a33@group-97FAE486DEE6:LeaderElection51] INFO  impl.LeaderElection (LogUtils.java:infoOrTrace(149)) - ef58021b-0245-4b2a-b464-78c332d31a33@group-97FAE486DEE6:LeaderElection51 got exception when requesting votes: {}
java.util.concurrent.ExecutionException: org.apache.ratis.thirdparty.io.grpc.StatusRuntimeException: UNAVAILABLE: io exception
	at java.util.concurrent.FutureTask.report(FutureTask.java:122)
	at java.util.concurrent.FutureTask.get(FutureTask.java:192)
	at org.apache.ratis.server.impl.LeaderElection.waitForResults(LeaderElection.java:263)
	at org.apache.ratis.server.impl.LeaderElection.askForVotes(LeaderElection.java:201)
	at org.apache.ratis.server.impl.LeaderElection.run(LeaderElection.java:133)
	at java.lang.Thread.run(Thread.java:748)
Caused by: org.apache.ratis.thirdparty.io.grpc.StatusRuntimeException: UNAVAILABLE: io exception
	at org.apache.ratis.thirdparty.io.grpc.stub.ClientCalls.toStatusRuntimeException(ClientCalls.java:233)
	at org.apache.ratis.thirdparty.io.grpc.stub.ClientCalls.getUnchecked(ClientCalls.java:214)
	at org.apache.ratis.thirdparty.io.grpc.stub.ClientCalls.blockingUnaryCall(ClientCalls.java:139)
	at org.apache.ratis.proto.grpc.RaftServerProtocolServiceGrpc$RaftServerProtocolServiceBlockingStub.requestVote(RaftServerProtocolServiceGrpc.java:265)
	at org.apache.ratis.grpc.server.GrpcServerProtocolClient.requestVote(GrpcServerProtocolClient.java:90)
	at org.apache.ratis.grpc.server.GrpcService.requestVote(GrpcService.java:204)
	at org.apache.ratis.server.impl.LeaderElection.lambda$submitRequests$1(LeaderElection.java:238)
	at java.util.concurrent.FutureTask.run(FutureTask.java:266)
	at java.util.concurrent.Executors$RunnableAdapter.call(Executors.java:511)
	at java.util.concurrent.FutureTask.run(FutureTask.java:266)
	at java.util.concurrent.ThreadPoolExecutor.runWorker(ThreadPoolExecutor.java:1149)
	at java.util.concurrent.ThreadPoolExecutor$Worker.run(ThreadPoolExecutor.java:624)
	... 1 more
Caused by: org.apache.ratis.thirdparty.io.netty.channel.AbstractChannel$AnnotatedConnectException: Connection refused: /192.168.5.130:42251
	at sun.nio.ch.SocketChannelImpl.checkConnect(Native Method)
	at sun.nio.ch.SocketChannelImpl.finishConnect(SocketChannelImpl.java:717)
	at org.apache.ratis.thirdparty.io.netty.channel.socket.nio.NioSocketChannel.doFinishConnect(NioSocketChannel.java:327)
	at org.apache.ratis.thirdparty.io.netty.channel.nio.AbstractNioChannel$AbstractNioUnsafe.finishConnect(AbstractNioChannel.java:340)
	at org.apache.ratis.thirdparty.io.netty.channel.nio.NioEventLoop.processSelectedKey(NioEventLoop.java:632)
	at org.apache.ratis.thirdparty.io.netty.channel.nio.NioEventLoop.processSelectedKeysOptimized(NioEventLoop.java:579)
	at org.apache.ratis.thirdparty.io.netty.channel.nio.NioEventLoop.processSelectedKeys(NioEventLoop.java:496)
	at org.apache.ratis.thirdparty.io.netty.channel.nio.NioEventLoop.run(NioEventLoop.java:458)
	at org.apache.ratis.thirdparty.io.netty.util.concurrent.SingleThreadEventExecutor$5.run(SingleThreadEventExecutor.java:897)
	at org.apache.ratis.thirdparty.io.netty.util.concurrent.FastThreadLocalRunnable.run(FastThreadLocalRunnable.java:30)
	... 1 more
Caused by: java.net.ConnectException: Connection refused
	... 11 more
2019-09-17 12:23:57,428 [ef58021b-0245-4b2a-b464-78c332d31a33@group-97FAE486DEE6:LeaderElection51] INFO  impl.LeaderElection (LeaderElection.java:logAndReturn(56)) - ef58021b-0245-4b2a-b464-78c332d31a33@group-97FAE486DEE6:LeaderElection51: Election REJECTED; received 0 response(s) [] and 2 exception(s); ef58021b-0245-4b2a-b464-78c332d31a33@group-97FAE486DEE6:t29, leader=null, voted=ef58021b-0245-4b2a-b464-78c332d31a33, raftlog=ef58021b-0245-4b2a-b464-78c332d31a33@group-97FAE486DEE6-SegmentedRaftLog:OPENED:c27,f27,i27, conf=0: [ed86af58-6365-40b3-a78c-ef8881f9dd1e:192.168.5.130:38034, 0cdf7b9a-92f5-4bda-bda9-a502d9c924f1:192.168.5.130:42251, ef58021b-0245-4b2a-b464-78c332d31a33:192.168.5.130:45449], old=null
2019-09-17 12:23:57,428 [ef58021b-0245-4b2a-b464-78c332d31a33@group-97FAE486DEE6:LeaderElection51] INFO  impl.LeaderElection (LogUtils.java:infoOrTrace(149)) -   Exception 0: {}
java.util.concurrent.ExecutionException: org.apache.ratis.thirdparty.io.grpc.StatusRuntimeException: UNAVAILABLE: io exception
	at java.util.concurrent.FutureTask.report(FutureTask.java:122)
	at java.util.concurrent.FutureTask.get(FutureTask.java:192)
	at org.apache.ratis.server.impl.LeaderElection.waitForResults(LeaderElection.java:263)
	at org.apache.ratis.server.impl.LeaderElection.askForVotes(LeaderElection.java:201)
	at org.apache.ratis.server.impl.LeaderElection.run(LeaderElection.java:133)
	at java.lang.Thread.run(Thread.java:748)
Caused by: org.apache.ratis.thirdparty.io.grpc.StatusRuntimeException: UNAVAILABLE: io exception
	at org.apache.ratis.thirdparty.io.grpc.stub.ClientCalls.toStatusRuntimeException(ClientCalls.java:233)
	at org.apache.ratis.thirdparty.io.grpc.stub.ClientCalls.getUnchecked(ClientCalls.java:214)
	at org.apache.ratis.thirdparty.io.grpc.stub.ClientCalls.blockingUnaryCall(ClientCalls.java:139)
	at org.apache.ratis.proto.grpc.RaftServerProtocolServiceGrpc$RaftServerProtocolServiceBlockingStub.requestVote(RaftServerProtocolServiceGrpc.java:265)
	at org.apache.ratis.grpc.server.GrpcServerProtocolClient.requestVote(GrpcServerProtocolClient.java:90)
	at org.apache.ratis.grpc.server.GrpcService.requestVote(GrpcService.java:204)
	at org.apache.ratis.server.impl.LeaderElection.lambda$submitRequests$1(LeaderElection.java:238)
	at java.util.concurrent.FutureTask.run(FutureTask.java:266)
	at java.util.concurrent.Executors$RunnableAdapter.call(Executors.java:511)
	at java.util.concurrent.FutureTask.run(FutureTask.java:266)
	at java.util.concurrent.ThreadPoolExecutor.runWorker(ThreadPoolExecutor.java:1149)
	at java.util.concurrent.ThreadPoolExecutor$Worker.run(ThreadPoolExecutor.java:624)
	... 1 more
Caused by: org.apache.ratis.thirdparty.io.netty.channel.AbstractChannel$AnnotatedConnectException: Connection refused: /192.168.5.130:38034
	at sun.nio.ch.SocketChannelImpl.checkConnect(Native Method)
	at sun.nio.ch.SocketChannelImpl.finishConnect(SocketChannelImpl.java:717)
	at org.apache.ratis.thirdparty.io.netty.channel.socket.nio.NioSocketChannel.doFinishConnect(NioSocketChannel.java:327)
	at org.apache.ratis.thirdparty.io.netty.channel.nio.AbstractNioChannel$AbstractNioUnsafe.finishConnect(AbstractNioChannel.java:340)
	at org.apache.ratis.thirdparty.io.netty.channel.nio.NioEventLoop.processSelectedKey(NioEventLoop.java:632)
	at org.apache.ratis.thirdparty.io.netty.channel.nio.NioEventLoop.processSelectedKeysOptimized(NioEventLoop.java:579)
	at org.apache.ratis.thirdparty.io.netty.channel.nio.NioEventLoop.processSelectedKeys(NioEventLoop.java:496)
	at org.apache.ratis.thirdparty.io.netty.channel.nio.NioEventLoop.run(NioEventLoop.java:458)
	at org.apache.ratis.thirdparty.io.netty.util.concurrent.SingleThreadEventExecutor$5.run(SingleThreadEventExecutor.java:897)
	at org.apache.ratis.thirdparty.io.netty.util.concurrent.FastThreadLocalRunnable.run(FastThreadLocalRunnable.java:30)
	... 1 more
Caused by: java.net.ConnectException: Connection refused
	... 11 more
2019-09-17 12:23:57,428 [ef58021b-0245-4b2a-b464-78c332d31a33@group-97FAE486DEE6:LeaderElection51] INFO  impl.LeaderElection (LogUtils.java:infoOrTrace(149)) -   Exception 1: {}
java.util.concurrent.ExecutionException: org.apache.ratis.thirdparty.io.grpc.StatusRuntimeException: UNAVAILABLE: io exception
	at java.util.concurrent.FutureTask.report(FutureTask.java:122)
	at java.util.concurrent.FutureTask.get(FutureTask.java:192)
	at org.apache.ratis.server.impl.LeaderElection.waitForResults(LeaderElection.java:263)
	at org.apache.ratis.server.impl.LeaderElection.askForVotes(LeaderElection.java:201)
	at org.apache.ratis.server.impl.LeaderElection.run(LeaderElection.java:133)
	at java.lang.Thread.run(Thread.java:748)
Caused by: org.apache.ratis.thirdparty.io.grpc.StatusRuntimeException: UNAVAILABLE: io exception
	at org.apache.ratis.thirdparty.io.grpc.stub.ClientCalls.toStatusRuntimeException(ClientCalls.java:233)
	at org.apache.ratis.thirdparty.io.grpc.stub.ClientCalls.getUnchecked(ClientCalls.java:214)
	at org.apache.ratis.thirdparty.io.grpc.stub.ClientCalls.blockingUnaryCall(ClientCalls.java:139)
	at org.apache.ratis.proto.grpc.RaftServerProtocolServiceGrpc$RaftServerProtocolServiceBlockingStub.requestVote(RaftServerProtocolServiceGrpc.java:265)
	at org.apache.ratis.grpc.server.GrpcServerProtocolClient.requestVote(GrpcServerProtocolClient.java:90)
	at org.apache.ratis.grpc.server.GrpcService.requestVote(GrpcService.java:204)
	at org.apache.ratis.server.impl.LeaderElection.lambda$submitRequests$1(LeaderElection.java:238)
	at java.util.concurrent.FutureTask.run(FutureTask.java:266)
	at java.util.concurrent.Executors$RunnableAdapter.call(Executors.java:511)
	at java.util.concurrent.FutureTask.run(FutureTask.java:266)
	at java.util.concurrent.ThreadPoolExecutor.runWorker(ThreadPoolExecutor.java:1149)
	at java.util.concurrent.ThreadPoolExecutor$Worker.run(ThreadPoolExecutor.java:624)
	... 1 more
Caused by: org.apache.ratis.thirdparty.io.netty.channel.AbstractChannel$AnnotatedConnectException: Connection refused: /192.168.5.130:42251
	at sun.nio.ch.SocketChannelImpl.checkConnect(Native Method)
	at sun.nio.ch.SocketChannelImpl.finishConnect(SocketChannelImpl.java:717)
	at org.apache.ratis.thirdparty.io.netty.channel.socket.nio.NioSocketChannel.doFinishConnect(NioSocketChannel.java:327)
	at org.apache.ratis.thirdparty.io.netty.channel.nio.AbstractNioChannel$AbstractNioUnsafe.finishConnect(AbstractNioChannel.java:340)
	at org.apache.ratis.thirdparty.io.netty.channel.nio.NioEventLoop.processSelectedKey(NioEventLoop.java:632)
	at org.apache.ratis.thirdparty.io.netty.channel.nio.NioEventLoop.processSelectedKeysOptimized(NioEventLoop.java:579)
	at org.apache.ratis.thirdparty.io.netty.channel.nio.NioEventLoop.processSelectedKeys(NioEventLoop.java:496)
	at org.apache.ratis.thirdparty.io.netty.channel.nio.NioEventLoop.run(NioEventLoop.java:458)
	at org.apache.ratis.thirdparty.io.netty.util.concurrent.SingleThreadEventExecutor$5.run(SingleThreadEventExecutor.java:897)
	at org.apache.ratis.thirdparty.io.netty.util.concurrent.FastThreadLocalRunnable.run(FastThreadLocalRunnable.java:30)
	... 1 more
Caused by: java.net.ConnectException: Connection refused
	... 11 more
2019-09-17 12:23:57,429 [ef58021b-0245-4b2a-b464-78c332d31a33@group-97FAE486DEE6:LeaderElection51] INFO  impl.RaftServerImpl (RaftServerImpl.java:setRole(174)) - ef58021b-0245-4b2a-b464-78c332d31a33@group-97FAE486DEE6: changes role from CANDIDATE to FOLLOWER at term 29 for DISCOVERED_A_NEW_TERM
2019-09-17 12:23:57,429 [ef58021b-0245-4b2a-b464-78c332d31a33@group-97FAE486DEE6:LeaderElection51] INFO  impl.RoleInfo (RoleInfo.java:shutdownLeaderElection(134)) - ef58021b-0245-4b2a-b464-78c332d31a33: shutdown LeaderElection
2019-09-17 12:23:57,429 [ef58021b-0245-4b2a-b464-78c332d31a33@group-97FAE486DEE6:LeaderElection51] INFO  impl.RoleInfo (RoleInfo.java:updateAndGet(143)) - ef58021b-0245-4b2a-b464-78c332d31a33: start FollowerState
2019-09-17 12:23:57,435 [java.util.concurrent.ThreadPoolExecutor$Worker@17044d63[State = -1, empty queue]] WARN  server.GrpcLogAppender (GrpcLogAppender.java:timeoutAppendRequest(200)) - 7689548e-5f49-4f36-9667-e46ba21e9ae3@group-C0075F260562->a5f9b548-b989-4807-80f4-ff576b54977d-GrpcLogAppender: appendEntries Timeout, request=7689548e-5f49-4f36-9667-e46ba21e9ae3->a5f9b548-b989-4807-80f4-ff576b54977d#151-t2, previous=(t:2, i:20), leaderCommit=16, initializing? false, entries: <empty>
2019-09-17 12:23:57,544 [84b9980c-7545-47f2-8f8d-7bdb4cb4587c@group-5D4E048AB16A-SegmentedRaftLogWorker] WARN  segmented.SegmentedRaftLogWorker (SegmentedRaftLogWorker.java:getFromFuture(90)) - Timeout 1/~
org.apache.ratis.protocol.TimeoutIOException: Timeout 10s: WriteLog:30: (t:2, i:30), STATEMACHINELOGENTRY, client-9303C3D922F8, cid=72-writeStateMachineData
	at org.apache.ratis.util.IOUtils.getFromFuture(IOUtils.java:87)
	at org.apache.ratis.server.raftlog.segmented.SegmentedRaftLogWorker$StateMachineDataPolicy.getFromFuture(SegmentedRaftLogWorker.java:87)
	at org.apache.ratis.server.raftlog.segmented.SegmentedRaftLogWorker$WriteLog.execute(SegmentedRaftLogWorker.java:477)
	at org.apache.ratis.server.raftlog.segmented.SegmentedRaftLogWorker.run(SegmentedRaftLogWorker.java:289)
	at java.lang.Thread.run(Thread.java:748)
Caused by: java.util.concurrent.TimeoutException
	at java.util.concurrent.CompletableFuture.timedGet(CompletableFuture.java:1771)
	at java.util.concurrent.CompletableFuture.get(CompletableFuture.java:1915)
	at org.apache.ratis.util.IOUtils.getFromFuture(IOUtils.java:79)
	... 4 more
2019-09-17 12:23:57,548 [ba884459-fbaf-490e-9b71-3c718ea82914@group-5D4E048AB16A-SegmentedRaftLogWorker] WARN  segmented.SegmentedRaftLogWorker (SegmentedRaftLogWorker.java:getFromFuture(90)) - Timeout 1/~
org.apache.ratis.protocol.TimeoutIOException: Timeout 10s: WriteLog:30: (t:2, i:30), STATEMACHINELOGENTRY, client-9303C3D922F8, cid=72-writeStateMachineData
	at org.apache.ratis.util.IOUtils.getFromFuture(IOUtils.java:87)
	at org.apache.ratis.server.raftlog.segmented.SegmentedRaftLogWorker$StateMachineDataPolicy.getFromFuture(SegmentedRaftLogWorker.java:87)
	at org.apache.ratis.server.raftlog.segmented.SegmentedRaftLogWorker$WriteLog.execute(SegmentedRaftLogWorker.java:477)
	at org.apache.ratis.server.raftlog.segmented.SegmentedRaftLogWorker.run(SegmentedRaftLogWorker.java:289)
	at java.lang.Thread.run(Thread.java:748)
Caused by: java.util.concurrent.TimeoutException
	at java.util.concurrent.CompletableFuture.timedGet(CompletableFuture.java:1771)
	at java.util.concurrent.CompletableFuture.get(CompletableFuture.java:1915)
	at org.apache.ratis.util.IOUtils.getFromFuture(IOUtils.java:79)
	... 4 more
2019-09-17 12:23:57,564 [java.util.concurrent.ThreadPoolExecutor$Worker@4758ecc9[State = -1, empty queue]] WARN  server.GrpcLogAppender (GrpcLogAppender.java:timeoutAppendRequest(200)) - 84b9980c-7545-47f2-8f8d-7bdb4cb4587c@group-5D4E048AB16A->ba884459-fbaf-490e-9b71-3c718ea82914-GrpcLogAppender: appendEntries Timeout, request=84b9980c-7545-47f2-8f8d-7bdb4cb4587c->ba884459-fbaf-490e-9b71-3c718ea82914#162-t2, previous=(t:2, i:33), leaderCommit=29, initializing? false, entries: <empty>
2019-09-17 12:23:57,935 [java.util.concurrent.ThreadPoolExecutor$Worker@17044d63[State = -1, empty queue]] WARN  server.GrpcLogAppender (GrpcLogAppender.java:timeoutAppendRequest(200)) - 7689548e-5f49-4f36-9667-e46ba21e9ae3@group-C0075F260562->a5f9b548-b989-4807-80f4-ff576b54977d-GrpcLogAppender: appendEntries Timeout, request=7689548e-5f49-4f36-9667-e46ba21e9ae3->a5f9b548-b989-4807-80f4-ff576b54977d#152-t2, previous=(t:2, i:20), leaderCommit=16, initializing? false, entries: <empty>
2019-09-17 12:23:58,064 [java.util.concurrent.ThreadPoolExecutor$Worker@4758ecc9[State = -1, empty queue]] WARN  server.GrpcLogAppender (GrpcLogAppender.java:timeoutAppendRequest(200)) - 84b9980c-7545-47f2-8f8d-7bdb4cb4587c@group-5D4E048AB16A->ba884459-fbaf-490e-9b71-3c718ea82914-GrpcLogAppender: appendEntries Timeout, request=84b9980c-7545-47f2-8f8d-7bdb4cb4587c->ba884459-fbaf-490e-9b71-3c718ea82914#163-t2, previous=(t:2, i:33), leaderCommit=29, initializing? false, entries: <empty>
2019-09-17 12:23:58,435 [java.util.concurrent.ThreadPoolExecutor$Worker@17044d63[State = -1, empty queue]] WARN  server.GrpcLogAppender (GrpcLogAppender.java:timeoutAppendRequest(200)) - 7689548e-5f49-4f36-9667-e46ba21e9ae3@group-C0075F260562->a5f9b548-b989-4807-80f4-ff576b54977d-GrpcLogAppender: appendEntries Timeout, request=7689548e-5f49-4f36-9667-e46ba21e9ae3->a5f9b548-b989-4807-80f4-ff576b54977d#153-t2, previous=(t:2, i:20), leaderCommit=16, initializing? false, entries: <empty>
2019-09-17 12:23:58,447 [Thread-1513] INFO  impl.FollowerState (FollowerState.java:run(106)) - ef58021b-0245-4b2a-b464-78c332d31a33:group-97FAE486DEE6 changes to CANDIDATE, lastRpcTime:1017, electionTimeout:1017ms
2019-09-17 12:23:58,447 [Thread-1513] INFO  impl.RoleInfo (RoleInfo.java:shutdownFollowerState(121)) - ef58021b-0245-4b2a-b464-78c332d31a33: shutdown FollowerState
2019-09-17 12:23:58,447 [Thread-1513] INFO  impl.RaftServerImpl (RaftServerImpl.java:setRole(174)) - ef58021b-0245-4b2a-b464-78c332d31a33@group-97FAE486DEE6: changes role from  FOLLOWER to CANDIDATE at term 29 for changeToCandidate
2019-09-17 12:23:58,447 [Thread-1513] INFO  impl.RoleInfo (RoleInfo.java:updateAndGet(143)) - ef58021b-0245-4b2a-b464-78c332d31a33: start LeaderElection
2019-09-17 12:23:58,461 [ef58021b-0245-4b2a-b464-78c332d31a33@group-97FAE486DEE6:LeaderElection52] INFO  impl.LeaderElection (LeaderElection.java:askForVotes(182)) - ef58021b-0245-4b2a-b464-78c332d31a33@group-97FAE486DEE6:LeaderElection52: begin an election at term 30 for 0: [ed86af58-6365-40b3-a78c-ef8881f9dd1e:192.168.5.130:38034, 0cdf7b9a-92f5-4bda-bda9-a502d9c924f1:192.168.5.130:42251, ef58021b-0245-4b2a-b464-78c332d31a33:192.168.5.130:45449], old=null
2019-09-17 12:23:58,462 [ef58021b-0245-4b2a-b464-78c332d31a33@group-97FAE486DEE6:LeaderElection52] INFO  impl.LeaderElection (LogUtils.java:infoOrTrace(149)) - ef58021b-0245-4b2a-b464-78c332d31a33@group-97FAE486DEE6:LeaderElection52 got exception when requesting votes: {}
java.util.concurrent.ExecutionException: org.apache.ratis.thirdparty.io.grpc.StatusRuntimeException: UNAVAILABLE: io exception
	at java.util.concurrent.FutureTask.report(FutureTask.java:122)
	at java.util.concurrent.FutureTask.get(FutureTask.java:192)
	at org.apache.ratis.server.impl.LeaderElection.waitForResults(LeaderElection.java:263)
	at org.apache.ratis.server.impl.LeaderElection.askForVotes(LeaderElection.java:201)
	at org.apache.ratis.server.impl.LeaderElection.run(LeaderElection.java:133)
	at java.lang.Thread.run(Thread.java:748)
Caused by: org.apache.ratis.thirdparty.io.grpc.StatusRuntimeException: UNAVAILABLE: io exception
	at org.apache.ratis.thirdparty.io.grpc.stub.ClientCalls.toStatusRuntimeException(ClientCalls.java:233)
	at org.apache.ratis.thirdparty.io.grpc.stub.ClientCalls.getUnchecked(ClientCalls.java:214)
	at org.apache.ratis.thirdparty.io.grpc.stub.ClientCalls.blockingUnaryCall(ClientCalls.java:139)
	at org.apache.ratis.proto.grpc.RaftServerProtocolServiceGrpc$RaftServerProtocolServiceBlockingStub.requestVote(RaftServerProtocolServiceGrpc.java:265)
	at org.apache.ratis.grpc.server.GrpcServerProtocolClient.requestVote(GrpcServerProtocolClient.java:90)
	at org.apache.ratis.grpc.server.GrpcService.requestVote(GrpcService.java:204)
	at org.apache.ratis.server.impl.LeaderElection.lambda$submitRequests$1(LeaderElection.java:238)
	at java.util.concurrent.FutureTask.run(FutureTask.java:266)
	at java.util.concurrent.Executors$RunnableAdapter.call(Executors.java:511)
	at java.util.concurrent.FutureTask.run(FutureTask.java:266)
	at java.util.concurrent.ThreadPoolExecutor.runWorker(ThreadPoolExecutor.java:1149)
	at java.util.concurrent.ThreadPoolExecutor$Worker.run(ThreadPoolExecutor.java:624)
	... 1 more
Caused by: org.apache.ratis.thirdparty.io.netty.channel.AbstractChannel$AnnotatedConnectException: Connection refused: /192.168.5.130:42251
	at sun.nio.ch.SocketChannelImpl.checkConnect(Native Method)
	at sun.nio.ch.SocketChannelImpl.finishConnect(SocketChannelImpl.java:717)
	at org.apache.ratis.thirdparty.io.netty.channel.socket.nio.NioSocketChannel.doFinishConnect(NioSocketChannel.java:327)
	at org.apache.ratis.thirdparty.io.netty.channel.nio.AbstractNioChannel$AbstractNioUnsafe.finishConnect(AbstractNioChannel.java:340)
	at org.apache.ratis.thirdparty.io.netty.channel.nio.NioEventLoop.processSelectedKey(NioEventLoop.java:632)
	at org.apache.ratis.thirdparty.io.netty.channel.nio.NioEventLoop.processSelectedKeysOptimized(NioEventLoop.java:579)
	at org.apache.ratis.thirdparty.io.netty.channel.nio.NioEventLoop.processSelectedKeys(NioEventLoop.java:496)
	at org.apache.ratis.thirdparty.io.netty.channel.nio.NioEventLoop.run(NioEventLoop.java:458)
	at org.apache.ratis.thirdparty.io.netty.util.concurrent.SingleThreadEventExecutor$5.run(SingleThreadEventExecutor.java:897)
	at org.apache.ratis.thirdparty.io.netty.util.concurrent.FastThreadLocalRunnable.run(FastThreadLocalRunnable.java:30)
	... 1 more
Caused by: java.net.ConnectException: Connection refused
	... 11 more
2019-09-17 12:23:58,463 [ef58021b-0245-4b2a-b464-78c332d31a33@group-97FAE486DEE6:LeaderElection52] INFO  impl.LeaderElection (LogUtils.java:infoOrTrace(149)) - ef58021b-0245-4b2a-b464-78c332d31a33@group-97FAE486DEE6:LeaderElection52 got exception when requesting votes: {}
java.util.concurrent.ExecutionException: org.apache.ratis.thirdparty.io.grpc.StatusRuntimeException: UNAVAILABLE: io exception
	at java.util.concurrent.FutureTask.report(FutureTask.java:122)
	at java.util.concurrent.FutureTask.get(FutureTask.java:192)
	at org.apache.ratis.server.impl.LeaderElection.waitForResults(LeaderElection.java:263)
	at org.apache.ratis.server.impl.LeaderElection.askForVotes(LeaderElection.java:201)
	at org.apache.ratis.server.impl.LeaderElection.run(LeaderElection.java:133)
	at java.lang.Thread.run(Thread.java:748)
Caused by: org.apache.ratis.thirdparty.io.grpc.StatusRuntimeException: UNAVAILABLE: io exception
	at org.apache.ratis.thirdparty.io.grpc.stub.ClientCalls.toStatusRuntimeException(ClientCalls.java:233)
	at org.apache.ratis.thirdparty.io.grpc.stub.ClientCalls.getUnchecked(ClientCalls.java:214)
	at org.apache.ratis.thirdparty.io.grpc.stub.ClientCalls.blockingUnaryCall(ClientCalls.java:139)
	at org.apache.ratis.proto.grpc.RaftServerProtocolServiceGrpc$RaftServerProtocolServiceBlockingStub.requestVote(RaftServerProtocolServiceGrpc.java:265)
	at org.apache.ratis.grpc.server.GrpcServerProtocolClient.requestVote(GrpcServerProtocolClient.java:90)
	at org.apache.ratis.grpc.server.GrpcService.requestVote(GrpcService.java:204)
	at org.apache.ratis.server.impl.LeaderElection.lambda$submitRequests$1(LeaderElection.java:238)
	at java.util.concurrent.FutureTask.run(FutureTask.java:266)
	at java.util.concurrent.Executors$RunnableAdapter.call(Executors.java:511)
	at java.util.concurrent.FutureTask.run(FutureTask.java:266)
	at java.util.concurrent.ThreadPoolExecutor.runWorker(ThreadPoolExecutor.java:1149)
	at java.util.concurrent.ThreadPoolExecutor$Worker.run(ThreadPoolExecutor.java:624)
	... 1 more
Caused by: org.apache.ratis.thirdparty.io.netty.channel.AbstractChannel$AnnotatedConnectException: Connection refused: /192.168.5.130:38034
	at sun.nio.ch.SocketChannelImpl.checkConnect(Native Method)
	at sun.nio.ch.SocketChannelImpl.finishConnect(SocketChannelImpl.java:717)
	at org.apache.ratis.thirdparty.io.netty.channel.socket.nio.NioSocketChannel.doFinishConnect(NioSocketChannel.java:327)
	at org.apache.ratis.thirdparty.io.netty.channel.nio.AbstractNioChannel$AbstractNioUnsafe.finishConnect(AbstractNioChannel.java:340)
	at org.apache.ratis.thirdparty.io.netty.channel.nio.NioEventLoop.processSelectedKey(NioEventLoop.java:632)
	at org.apache.ratis.thirdparty.io.netty.channel.nio.NioEventLoop.processSelectedKeysOptimized(NioEventLoop.java:579)
	at org.apache.ratis.thirdparty.io.netty.channel.nio.NioEventLoop.processSelectedKeys(NioEventLoop.java:496)
	at org.apache.ratis.thirdparty.io.netty.channel.nio.NioEventLoop.run(NioEventLoop.java:458)
	at org.apache.ratis.thirdparty.io.netty.util.concurrent.SingleThreadEventExecutor$5.run(SingleThreadEventExecutor.java:897)
	at org.apache.ratis.thirdparty.io.netty.util.concurrent.FastThreadLocalRunnable.run(FastThreadLocalRunnable.java:30)
	... 1 more
Caused by: java.net.ConnectException: Connection refused
	... 11 more
2019-09-17 12:23:58,463 [ef58021b-0245-4b2a-b464-78c332d31a33@group-97FAE486DEE6:LeaderElection52] INFO  impl.LeaderElection (LeaderElection.java:logAndReturn(56)) - ef58021b-0245-4b2a-b464-78c332d31a33@group-97FAE486DEE6:LeaderElection52: Election REJECTED; received 0 response(s) [] and 2 exception(s); ef58021b-0245-4b2a-b464-78c332d31a33@group-97FAE486DEE6:t30, leader=null, voted=ef58021b-0245-4b2a-b464-78c332d31a33, raftlog=ef58021b-0245-4b2a-b464-78c332d31a33@group-97FAE486DEE6-SegmentedRaftLog:OPENED:c27,f27,i27, conf=0: [ed86af58-6365-40b3-a78c-ef8881f9dd1e:192.168.5.130:38034, 0cdf7b9a-92f5-4bda-bda9-a502d9c924f1:192.168.5.130:42251, ef58021b-0245-4b2a-b464-78c332d31a33:192.168.5.130:45449], old=null
2019-09-17 12:23:58,463 [ef58021b-0245-4b2a-b464-78c332d31a33@group-97FAE486DEE6:LeaderElection52] INFO  impl.LeaderElection (LogUtils.java:infoOrTrace(149)) -   Exception 0: {}
java.util.concurrent.ExecutionException: org.apache.ratis.thirdparty.io.grpc.StatusRuntimeException: UNAVAILABLE: io exception
	at java.util.concurrent.FutureTask.report(FutureTask.java:122)
	at java.util.concurrent.FutureTask.get(FutureTask.java:192)
	at org.apache.ratis.server.impl.LeaderElection.waitForResults(LeaderElection.java:263)
	at org.apache.ratis.server.impl.LeaderElection.askForVotes(LeaderElection.java:201)
	at org.apache.ratis.server.impl.LeaderElection.run(LeaderElection.java:133)
	at java.lang.Thread.run(Thread.java:748)
Caused by: org.apache.ratis.thirdparty.io.grpc.StatusRuntimeException: UNAVAILABLE: io exception
	at org.apache.ratis.thirdparty.io.grpc.stub.ClientCalls.toStatusRuntimeException(ClientCalls.java:233)
	at org.apache.ratis.thirdparty.io.grpc.stub.ClientCalls.getUnchecked(ClientCalls.java:214)
	at org.apache.ratis.thirdparty.io.grpc.stub.ClientCalls.blockingUnaryCall(ClientCalls.java:139)
	at org.apache.ratis.proto.grpc.RaftServerProtocolServiceGrpc$RaftServerProtocolServiceBlockingStub.requestVote(RaftServerProtocolServiceGrpc.java:265)
	at org.apache.ratis.grpc.server.GrpcServerProtocolClient.requestVote(GrpcServerProtocolClient.java:90)
	at org.apache.ratis.grpc.server.GrpcService.requestVote(GrpcService.java:204)
	at org.apache.ratis.server.impl.LeaderElection.lambda$submitRequests$1(LeaderElection.java:238)
	at java.util.concurrent.FutureTask.run(FutureTask.java:266)
	at java.util.concurrent.Executors$RunnableAdapter.call(Executors.java:511)
	at java.util.concurrent.FutureTask.run(FutureTask.java:266)
	at java.util.concurrent.ThreadPoolExecutor.runWorker(ThreadPoolExecutor.java:1149)
	at java.util.concurrent.ThreadPoolExecutor$Worker.run(ThreadPoolExecutor.java:624)
	... 1 more
Caused by: org.apache.ratis.thirdparty.io.netty.channel.AbstractChannel$AnnotatedConnectException: Connection refused: /192.168.5.130:42251
	at sun.nio.ch.SocketChannelImpl.checkConnect(Native Method)
	at sun.nio.ch.SocketChannelImpl.finishConnect(SocketChannelImpl.java:717)
	at org.apache.ratis.thirdparty.io.netty.channel.socket.nio.NioSocketChannel.doFinishConnect(NioSocketChannel.java:327)
	at org.apache.ratis.thirdparty.io.netty.channel.nio.AbstractNioChannel$AbstractNioUnsafe.finishConnect(AbstractNioChannel.java:340)
	at org.apache.ratis.thirdparty.io.netty.channel.nio.NioEventLoop.processSelectedKey(NioEventLoop.java:632)
	at org.apache.ratis.thirdparty.io.netty.channel.nio.NioEventLoop.processSelectedKeysOptimized(NioEventLoop.java:579)
	at org.apache.ratis.thirdparty.io.netty.channel.nio.NioEventLoop.processSelectedKeys(NioEventLoop.java:496)
	at org.apache.ratis.thirdparty.io.netty.channel.nio.NioEventLoop.run(NioEventLoop.java:458)
	at org.apache.ratis.thirdparty.io.netty.util.concurrent.SingleThreadEventExecutor$5.run(SingleThreadEventExecutor.java:897)
	at org.apache.ratis.thirdparty.io.netty.util.concurrent.FastThreadLocalRunnable.run(FastThreadLocalRunnable.java:30)
	... 1 more
Caused by: java.net.ConnectException: Connection refused
	... 11 more
2019-09-17 12:23:58,464 [ef58021b-0245-4b2a-b464-78c332d31a33@group-97FAE486DEE6:LeaderElection52] INFO  impl.LeaderElection (LogUtils.java:infoOrTrace(149)) -   Exception 1: {}
java.util.concurrent.ExecutionException: org.apache.ratis.thirdparty.io.grpc.StatusRuntimeException: UNAVAILABLE: io exception
	at java.util.concurrent.FutureTask.report(FutureTask.java:122)
	at java.util.concurrent.FutureTask.get(FutureTask.java:192)
	at org.apache.ratis.server.impl.LeaderElection.waitForResults(LeaderElection.java:263)
	at org.apache.ratis.server.impl.LeaderElection.askForVotes(LeaderElection.java:201)
	at org.apache.ratis.server.impl.LeaderElection.run(LeaderElection.java:133)
	at java.lang.Thread.run(Thread.java:748)
Caused by: org.apache.ratis.thirdparty.io.grpc.StatusRuntimeException: UNAVAILABLE: io exception
	at org.apache.ratis.thirdparty.io.grpc.stub.ClientCalls.toStatusRuntimeException(ClientCalls.java:233)
	at org.apache.ratis.thirdparty.io.grpc.stub.ClientCalls.getUnchecked(ClientCalls.java:214)
	at org.apache.ratis.thirdparty.io.grpc.stub.ClientCalls.blockingUnaryCall(ClientCalls.java:139)
	at org.apache.ratis.proto.grpc.RaftServerProtocolServiceGrpc$RaftServerProtocolServiceBlockingStub.requestVote(RaftServerProtocolServiceGrpc.java:265)
	at org.apache.ratis.grpc.server.GrpcServerProtocolClient.requestVote(GrpcServerProtocolClient.java:90)
	at org.apache.ratis.grpc.server.GrpcService.requestVote(GrpcService.java:204)
	at org.apache.ratis.server.impl.LeaderElection.lambda$submitRequests$1(LeaderElection.java:238)
	at java.util.concurrent.FutureTask.run(FutureTask.java:266)
	at java.util.concurrent.Executors$RunnableAdapter.call(Executors.java:511)
	at java.util.concurrent.FutureTask.run(FutureTask.java:266)
	at java.util.concurrent.ThreadPoolExecutor.runWorker(ThreadPoolExecutor.java:1149)
	at java.util.concurrent.ThreadPoolExecutor$Worker.run(ThreadPoolExecutor.java:624)
	... 1 more
Caused by: org.apache.ratis.thirdparty.io.netty.channel.AbstractChannel$AnnotatedConnectException: Connection refused: /192.168.5.130:38034
	at sun.nio.ch.SocketChannelImpl.checkConnect(Native Method)
	at sun.nio.ch.SocketChannelImpl.finishConnect(SocketChannelImpl.java:717)
	at org.apache.ratis.thirdparty.io.netty.channel.socket.nio.NioSocketChannel.doFinishConnect(NioSocketChannel.java:327)
	at org.apache.ratis.thirdparty.io.netty.channel.nio.AbstractNioChannel$AbstractNioUnsafe.finishConnect(AbstractNioChannel.java:340)
	at org.apache.ratis.thirdparty.io.netty.channel.nio.NioEventLoop.processSelectedKey(NioEventLoop.java:632)
	at org.apache.ratis.thirdparty.io.netty.channel.nio.NioEventLoop.processSelectedKeysOptimized(NioEventLoop.java:579)
	at org.apache.ratis.thirdparty.io.netty.channel.nio.NioEventLoop.processSelectedKeys(NioEventLoop.java:496)
	at org.apache.ratis.thirdparty.io.netty.channel.nio.NioEventLoop.run(NioEventLoop.java:458)
	at org.apache.ratis.thirdparty.io.netty.util.concurrent.SingleThreadEventExecutor$5.run(SingleThreadEventExecutor.java:897)
	at org.apache.ratis.thirdparty.io.netty.util.concurrent.FastThreadLocalRunnable.run(FastThreadLocalRunnable.java:30)
	... 1 more
Caused by: java.net.ConnectException: Connection refused
	... 11 more
2019-09-17 12:23:58,464 [ef58021b-0245-4b2a-b464-78c332d31a33@group-97FAE486DEE6:LeaderElection52] INFO  impl.RaftServerImpl (RaftServerImpl.java:setRole(174)) - ef58021b-0245-4b2a-b464-78c332d31a33@group-97FAE486DEE6: changes role from CANDIDATE to FOLLOWER at term 30 for DISCOVERED_A_NEW_TERM
2019-09-17 12:23:58,464 [ef58021b-0245-4b2a-b464-78c332d31a33@group-97FAE486DEE6:LeaderElection52] INFO  impl.RoleInfo (RoleInfo.java:shutdownLeaderElection(134)) - ef58021b-0245-4b2a-b464-78c332d31a33: shutdown LeaderElection
2019-09-17 12:23:58,464 [ef58021b-0245-4b2a-b464-78c332d31a33@group-97FAE486DEE6:LeaderElection52] INFO  impl.RoleInfo (RoleInfo.java:updateAndGet(143)) - ef58021b-0245-4b2a-b464-78c332d31a33: start FollowerState
2019-09-17 12:23:58,564 [java.util.concurrent.ThreadPoolExecutor$Worker@4758ecc9[State = -1, empty queue]] WARN  server.GrpcLogAppender (GrpcLogAppender.java:timeoutAppendRequest(200)) - 84b9980c-7545-47f2-8f8d-7bdb4cb4587c@group-5D4E048AB16A->ba884459-fbaf-490e-9b71-3c718ea82914-GrpcLogAppender: appendEntries Timeout, request=84b9980c-7545-47f2-8f8d-7bdb4cb4587c->ba884459-fbaf-490e-9b71-3c718ea82914#164-t2, previous=(t:2, i:33), leaderCommit=29, initializing? false, entries: <empty>
2019-09-17 12:23:59,115 [java.util.concurrent.ThreadPoolExecutor$Worker@4758ecc9[State = -1, empty queue]] WARN  server.GrpcLogAppender (GrpcLogAppender.java:timeoutAppendRequest(200)) - 84b9980c-7545-47f2-8f8d-7bdb4cb4587c@group-5D4E048AB16A->ba884459-fbaf-490e-9b71-3c718ea82914-GrpcLogAppender: appendEntries Timeout, request=84b9980c-7545-47f2-8f8d-7bdb4cb4587c->ba884459-fbaf-490e-9b71-3c718ea82914#165-t2, previous=(t:2, i:33), leaderCommit=29, initializing? false, entries: <empty>
2019-09-17 12:23:59,116 [java.util.concurrent.ThreadPoolExecutor$Worker@17044d63[State = -1, empty queue]] WARN  server.GrpcLogAppender (GrpcLogAppender.java:timeoutAppendRequest(200)) - 7689548e-5f49-4f36-9667-e46ba21e9ae3@group-C0075F260562->a5f9b548-b989-4807-80f4-ff576b54977d-GrpcLogAppender: appendEntries Timeout, request=7689548e-5f49-4f36-9667-e46ba21e9ae3->a5f9b548-b989-4807-80f4-ff576b54977d#154-t2, previous=(t:2, i:20), leaderCommit=16, initializing? false, entries: <empty>
2019-09-17 12:23:59,570 [Thread-1525] INFO  impl.FollowerState (FollowerState.java:run(106)) - ef58021b-0245-4b2a-b464-78c332d31a33:group-97FAE486DEE6 changes to CANDIDATE, lastRpcTime:1105, electionTimeout:1105ms
2019-09-17 12:23:59,570 [Thread-1525] INFO  impl.RoleInfo (RoleInfo.java:shutdownFollowerState(121)) - ef58021b-0245-4b2a-b464-78c332d31a33: shutdown FollowerState
2019-09-17 12:23:59,570 [Thread-1525] INFO  impl.RaftServerImpl (RaftServerImpl.java:setRole(174)) - ef58021b-0245-4b2a-b464-78c332d31a33@group-97FAE486DEE6: changes role from  FOLLOWER to CANDIDATE at term 30 for changeToCandidate
2019-09-17 12:23:59,571 [Thread-1525] INFO  impl.RoleInfo (RoleInfo.java:updateAndGet(143)) - ef58021b-0245-4b2a-b464-78c332d31a33: start LeaderElection
2019-09-17 12:23:59,599 [ef58021b-0245-4b2a-b464-78c332d31a33@group-97FAE486DEE6:LeaderElection53] INFO  impl.LeaderElection (LeaderElection.java:askForVotes(182)) - ef58021b-0245-4b2a-b464-78c332d31a33@group-97FAE486DEE6:LeaderElection53: begin an election at term 31 for 0: [ed86af58-6365-40b3-a78c-ef8881f9dd1e:192.168.5.130:38034, 0cdf7b9a-92f5-4bda-bda9-a502d9c924f1:192.168.5.130:42251, ef58021b-0245-4b2a-b464-78c332d31a33:192.168.5.130:45449], old=null
2019-09-17 12:23:59,601 [ef58021b-0245-4b2a-b464-78c332d31a33@group-97FAE486DEE6:LeaderElection53] INFO  impl.LeaderElection (LogUtils.java:infoOrTrace(149)) - ef58021b-0245-4b2a-b464-78c332d31a33@group-97FAE486DEE6:LeaderElection53 got exception when requesting votes: {}
java.util.concurrent.ExecutionException: org.apache.ratis.thirdparty.io.grpc.StatusRuntimeException: UNAVAILABLE: io exception
	at java.util.concurrent.FutureTask.report(FutureTask.java:122)
	at java.util.concurrent.FutureTask.get(FutureTask.java:192)
	at org.apache.ratis.server.impl.LeaderElection.waitForResults(LeaderElection.java:263)
	at org.apache.ratis.server.impl.LeaderElection.askForVotes(LeaderElection.java:201)
	at org.apache.ratis.server.impl.LeaderElection.run(LeaderElection.java:133)
	at java.lang.Thread.run(Thread.java:748)
Caused by: org.apache.ratis.thirdparty.io.grpc.StatusRuntimeException: UNAVAILABLE: io exception
	at org.apache.ratis.thirdparty.io.grpc.stub.ClientCalls.toStatusRuntimeException(ClientCalls.java:233)
	at org.apache.ratis.thirdparty.io.grpc.stub.ClientCalls.getUnchecked(ClientCalls.java:214)
	at org.apache.ratis.thirdparty.io.grpc.stub.ClientCalls.blockingUnaryCall(ClientCalls.java:139)
	at org.apache.ratis.proto.grpc.RaftServerProtocolServiceGrpc$RaftServerProtocolServiceBlockingStub.requestVote(RaftServerProtocolServiceGrpc.java:265)
	at org.apache.ratis.grpc.server.GrpcServerProtocolClient.requestVote(GrpcServerProtocolClient.java:90)
	at org.apache.ratis.grpc.server.GrpcService.requestVote(GrpcService.java:204)
	at org.apache.ratis.server.impl.LeaderElection.lambda$submitRequests$1(LeaderElection.java:238)
	at java.util.concurrent.FutureTask.run(FutureTask.java:266)
	at java.util.concurrent.Executors$RunnableAdapter.call(Executors.java:511)
	at java.util.concurrent.FutureTask.run(FutureTask.java:266)
	at java.util.concurrent.ThreadPoolExecutor.runWorker(ThreadPoolExecutor.java:1149)
	at java.util.concurrent.ThreadPoolExecutor$Worker.run(ThreadPoolExecutor.java:624)
	... 1 more
Caused by: org.apache.ratis.thirdparty.io.netty.channel.AbstractChannel$AnnotatedConnectException: Connection refused: /192.168.5.130:38034
	at sun.nio.ch.SocketChannelImpl.checkConnect(Native Method)
	at sun.nio.ch.SocketChannelImpl.finishConnect(SocketChannelImpl.java:717)
	at org.apache.ratis.thirdparty.io.netty.channel.socket.nio.NioSocketChannel.doFinishConnect(NioSocketChannel.java:327)
	at org.apache.ratis.thirdparty.io.netty.channel.nio.AbstractNioChannel$AbstractNioUnsafe.finishConnect(AbstractNioChannel.java:340)
	at org.apache.ratis.thirdparty.io.netty.channel.nio.NioEventLoop.processSelectedKey(NioEventLoop.java:632)
	at org.apache.ratis.thirdparty.io.netty.channel.nio.NioEventLoop.processSelectedKeysOptimized(NioEventLoop.java:579)
	at org.apache.ratis.thirdparty.io.netty.channel.nio.NioEventLoop.processSelectedKeys(NioEventLoop.java:496)
	at org.apache.ratis.thirdparty.io.netty.channel.nio.NioEventLoop.run(NioEventLoop.java:458)
	at org.apache.ratis.thirdparty.io.netty.util.concurrent.SingleThreadEventExecutor$5.run(SingleThreadEventExecutor.java:897)
	at org.apache.ratis.thirdparty.io.netty.util.concurrent.FastThreadLocalRunnable.run(FastThreadLocalRunnable.java:30)
	... 1 more
Caused by: java.net.ConnectException: Connection refused
	... 11 more
2019-09-17 12:23:59,602 [ef58021b-0245-4b2a-b464-78c332d31a33@group-97FAE486DEE6:LeaderElection53] INFO  impl.LeaderElection (LogUtils.java:infoOrTrace(149)) - ef58021b-0245-4b2a-b464-78c332d31a33@group-97FAE486DEE6:LeaderElection53 got exception when requesting votes: {}
java.util.concurrent.ExecutionException: org.apache.ratis.thirdparty.io.grpc.StatusRuntimeException: UNAVAILABLE: io exception
	at java.util.concurrent.FutureTask.report(FutureTask.java:122)
	at java.util.concurrent.FutureTask.get(FutureTask.java:192)
	at org.apache.ratis.server.impl.LeaderElection.waitForResults(LeaderElection.java:263)
	at org.apache.ratis.server.impl.LeaderElection.askForVotes(LeaderElection.java:201)
	at org.apache.ratis.server.impl.LeaderElection.run(LeaderElection.java:133)
	at java.lang.Thread.run(Thread.java:748)
Caused by: org.apache.ratis.thirdparty.io.grpc.StatusRuntimeException: UNAVAILABLE: io exception
	at org.apache.ratis.thirdparty.io.grpc.stub.ClientCalls.toStatusRuntimeException(ClientCalls.java:233)
	at org.apache.ratis.thirdparty.io.grpc.stub.ClientCalls.getUnchecked(ClientCalls.java:214)
	at org.apache.ratis.thirdparty.io.grpc.stub.ClientCalls.blockingUnaryCall(ClientCalls.java:139)
	at org.apache.ratis.proto.grpc.RaftServerProtocolServiceGrpc$RaftServerProtocolServiceBlockingStub.requestVote(RaftServerProtocolServiceGrpc.java:265)
	at org.apache.ratis.grpc.server.GrpcServerProtocolClient.requestVote(GrpcServerProtocolClient.java:90)
	at org.apache.ratis.grpc.server.GrpcService.requestVote(GrpcService.java:204)
	at org.apache.ratis.server.impl.LeaderElection.lambda$submitRequests$1(LeaderElection.java:238)
	at java.util.concurrent.FutureTask.run(FutureTask.java:266)
	at java.util.concurrent.Executors$RunnableAdapter.call(Executors.java:511)
	at java.util.concurrent.FutureTask.run(FutureTask.java:266)
	at java.util.concurrent.ThreadPoolExecutor.runWorker(ThreadPoolExecutor.java:1149)
	at java.util.concurrent.ThreadPoolExecutor$Worker.run(ThreadPoolExecutor.java:624)
	... 1 more
Caused by: org.apache.ratis.thirdparty.io.netty.channel.AbstractChannel$AnnotatedConnectException: Connection refused: /192.168.5.130:42251
	at sun.nio.ch.SocketChannelImpl.checkConnect(Native Method)
	at sun.nio.ch.SocketChannelImpl.finishConnect(SocketChannelImpl.java:717)
	at org.apache.ratis.thirdparty.io.netty.channel.socket.nio.NioSocketChannel.doFinishConnect(NioSocketChannel.java:327)
	at org.apache.ratis.thirdparty.io.netty.channel.nio.AbstractNioChannel$AbstractNioUnsafe.finishConnect(AbstractNioChannel.java:340)
	at org.apache.ratis.thirdparty.io.netty.channel.nio.NioEventLoop.processSelectedKey(NioEventLoop.java:632)
	at org.apache.ratis.thirdparty.io.netty.channel.nio.NioEventLoop.processSelectedKeysOptimized(NioEventLoop.java:579)
	at org.apache.ratis.thirdparty.io.netty.channel.nio.NioEventLoop.processSelectedKeys(NioEventLoop.java:496)
	at org.apache.ratis.thirdparty.io.netty.channel.nio.NioEventLoop.run(NioEventLoop.java:458)
	at org.apache.ratis.thirdparty.io.netty.util.concurrent.SingleThreadEventExecutor$5.run(SingleThreadEventExecutor.java:897)
	at org.apache.ratis.thirdparty.io.netty.util.concurrent.FastThreadLocalRunnable.run(FastThreadLocalRunnable.java:30)
	... 1 more
Caused by: java.net.ConnectException: Connection refused
	... 11 more
2019-09-17 12:23:59,603 [ef58021b-0245-4b2a-b464-78c332d31a33@group-97FAE486DEE6:LeaderElection53] INFO  impl.LeaderElection (LeaderElection.java:logAndReturn(56)) - ef58021b-0245-4b2a-b464-78c332d31a33@group-97FAE486DEE6:LeaderElection53: Election REJECTED; received 0 response(s) [] and 2 exception(s); ef58021b-0245-4b2a-b464-78c332d31a33@group-97FAE486DEE6:t31, leader=null, voted=ef58021b-0245-4b2a-b464-78c332d31a33, raftlog=ef58021b-0245-4b2a-b464-78c332d31a33@group-97FAE486DEE6-SegmentedRaftLog:OPENED:c27,f27,i27, conf=0: [ed86af58-6365-40b3-a78c-ef8881f9dd1e:192.168.5.130:38034, 0cdf7b9a-92f5-4bda-bda9-a502d9c924f1:192.168.5.130:42251, ef58021b-0245-4b2a-b464-78c332d31a33:192.168.5.130:45449], old=null
2019-09-17 12:23:59,603 [ef58021b-0245-4b2a-b464-78c332d31a33@group-97FAE486DEE6:LeaderElection53] INFO  impl.LeaderElection (LogUtils.java:infoOrTrace(149)) -   Exception 0: {}
java.util.concurrent.ExecutionException: org.apache.ratis.thirdparty.io.grpc.StatusRuntimeException: UNAVAILABLE: io exception
	at java.util.concurrent.FutureTask.report(FutureTask.java:122)
	at java.util.concurrent.FutureTask.get(FutureTask.java:192)
	at org.apache.ratis.server.impl.LeaderElection.waitForResults(LeaderElection.java:263)
	at org.apache.ratis.server.impl.LeaderElection.askForVotes(LeaderElection.java:201)
	at org.apache.ratis.server.impl.LeaderElection.run(LeaderElection.java:133)
	at java.lang.Thread.run(Thread.java:748)
Caused by: org.apache.ratis.thirdparty.io.grpc.StatusRuntimeException: UNAVAILABLE: io exception
	at org.apache.ratis.thirdparty.io.grpc.stub.ClientCalls.toStatusRuntimeException(ClientCalls.java:233)
	at org.apache.ratis.thirdparty.io.grpc.stub.ClientCalls.getUnchecked(ClientCalls.java:214)
	at org.apache.ratis.thirdparty.io.grpc.stub.ClientCalls.blockingUnaryCall(ClientCalls.java:139)
	at org.apache.ratis.proto.grpc.RaftServerProtocolServiceGrpc$RaftServerProtocolServiceBlockingStub.requestVote(RaftServerProtocolServiceGrpc.java:265)
	at org.apache.ratis.grpc.server.GrpcServerProtocolClient.requestVote(GrpcServerProtocolClient.java:90)
	at org.apache.ratis.grpc.server.GrpcService.requestVote(GrpcService.java:204)
	at org.apache.ratis.server.impl.LeaderElection.lambda$submitRequests$1(LeaderElection.java:238)
	at java.util.concurrent.FutureTask.run(FutureTask.java:266)
	at java.util.concurrent.Executors$RunnableAdapter.call(Executors.java:511)
	at java.util.concurrent.FutureTask.run(FutureTask.java:266)
	at java.util.concurrent.ThreadPoolExecutor.runWorker(ThreadPoolExecutor.java:1149)
	at java.util.concurrent.ThreadPoolExecutor$Worker.run(ThreadPoolExecutor.java:624)
	... 1 more
Caused by: org.apache.ratis.thirdparty.io.netty.channel.AbstractChannel$AnnotatedConnectException: Connection refused: /192.168.5.130:38034
	at sun.nio.ch.SocketChannelImpl.checkConnect(Native Method)
	at sun.nio.ch.SocketChannelImpl.finishConnect(SocketChannelImpl.java:717)
	at org.apache.ratis.thirdparty.io.netty.channel.socket.nio.NioSocketChannel.doFinishConnect(NioSocketChannel.java:327)
	at org.apache.ratis.thirdparty.io.netty.channel.nio.AbstractNioChannel$AbstractNioUnsafe.finishConnect(AbstractNioChannel.java:340)
	at org.apache.ratis.thirdparty.io.netty.channel.nio.NioEventLoop.processSelectedKey(NioEventLoop.java:632)
	at org.apache.ratis.thirdparty.io.netty.channel.nio.NioEventLoop.processSelectedKeysOptimized(NioEventLoop.java:579)
	at org.apache.ratis.thirdparty.io.netty.channel.nio.NioEventLoop.processSelectedKeys(NioEventLoop.java:496)
	at org.apache.ratis.thirdparty.io.netty.channel.nio.NioEventLoop.run(NioEventLoop.java:458)
	at org.apache.ratis.thirdparty.io.netty.util.concurrent.SingleThreadEventExecutor$5.run(SingleThreadEventExecutor.java:897)
	at org.apache.ratis.thirdparty.io.netty.util.concurrent.FastThreadLocalRunnable.run(FastThreadLocalRunnable.java:30)
	... 1 more
Caused by: java.net.ConnectException: Connection refused
	... 11 more
2019-09-17 12:23:59,603 [ef58021b-0245-4b2a-b464-78c332d31a33@group-97FAE486DEE6:LeaderElection53] INFO  impl.LeaderElection (LogUtils.java:infoOrTrace(149)) -   Exception 1: {}
java.util.concurrent.ExecutionException: org.apache.ratis.thirdparty.io.grpc.StatusRuntimeException: UNAVAILABLE: io exception
	at java.util.concurrent.FutureTask.report(FutureTask.java:122)
	at java.util.concurrent.FutureTask.get(FutureTask.java:192)
	at org.apache.ratis.server.impl.LeaderElection.waitForResults(LeaderElection.java:263)
	at org.apache.ratis.server.impl.LeaderElection.askForVotes(LeaderElection.java:201)
	at org.apache.ratis.server.impl.LeaderElection.run(LeaderElection.java:133)
	at java.lang.Thread.run(Thread.java:748)
Caused by: org.apache.ratis.thirdparty.io.grpc.StatusRuntimeException: UNAVAILABLE: io exception
	at org.apache.ratis.thirdparty.io.grpc.stub.ClientCalls.toStatusRuntimeException(ClientCalls.java:233)
	at org.apache.ratis.thirdparty.io.grpc.stub.ClientCalls.getUnchecked(ClientCalls.java:214)
	at org.apache.ratis.thirdparty.io.grpc.stub.ClientCalls.blockingUnaryCall(ClientCalls.java:139)
	at org.apache.ratis.proto.grpc.RaftServerProtocolServiceGrpc$RaftServerProtocolServiceBlockingStub.requestVote(RaftServerProtocolServiceGrpc.java:265)
	at org.apache.ratis.grpc.server.GrpcServerProtocolClient.requestVote(GrpcServerProtocolClient.java:90)
	at org.apache.ratis.grpc.server.GrpcService.requestVote(GrpcService.java:204)
	at org.apache.ratis.server.impl.LeaderElection.lambda$submitRequests$1(LeaderElection.java:238)
	at java.util.concurrent.FutureTask.run(FutureTask.java:266)
	at java.util.concurrent.Executors$RunnableAdapter.call(Executors.java:511)
	at java.util.concurrent.FutureTask.run(FutureTask.java:266)
	at java.util.concurrent.ThreadPoolExecutor.runWorker(ThreadPoolExecutor.java:1149)
	at java.util.concurrent.ThreadPoolExecutor$Worker.run(ThreadPoolExecutor.java:624)
	... 1 more
Caused by: org.apache.ratis.thirdparty.io.netty.channel.AbstractChannel$AnnotatedConnectException: Connection refused: /192.168.5.130:42251
	at sun.nio.ch.SocketChannelImpl.checkConnect(Native Method)
	at sun.nio.ch.SocketChannelImpl.finishConnect(SocketChannelImpl.java:717)
	at org.apache.ratis.thirdparty.io.netty.channel.socket.nio.NioSocketChannel.doFinishConnect(NioSocketChannel.java:327)
	at org.apache.ratis.thirdparty.io.netty.channel.nio.AbstractNioChannel$AbstractNioUnsafe.finishConnect(AbstractNioChannel.java:340)
	at org.apache.ratis.thirdparty.io.netty.channel.nio.NioEventLoop.processSelectedKey(NioEventLoop.java:632)
	at org.apache.ratis.thirdparty.io.netty.channel.nio.NioEventLoop.processSelectedKeysOptimized(NioEventLoop.java:579)
	at org.apache.ratis.thirdparty.io.netty.channel.nio.NioEventLoop.processSelectedKeys(NioEventLoop.java:496)
	at org.apache.ratis.thirdparty.io.netty.channel.nio.NioEventLoop.run(NioEventLoop.java:458)
	at org.apache.ratis.thirdparty.io.netty.util.concurrent.SingleThreadEventExecutor$5.run(SingleThreadEventExecutor.java:897)
	at org.apache.ratis.thirdparty.io.netty.util.concurrent.FastThreadLocalRunnable.run(FastThreadLocalRunnable.java:30)
	... 1 more
Caused by: java.net.ConnectException: Connection refused
	... 11 more
2019-09-17 12:23:59,604 [ef58021b-0245-4b2a-b464-78c332d31a33@group-97FAE486DEE6:LeaderElection53] INFO  impl.RaftServerImpl (RaftServerImpl.java:setRole(174)) - ef58021b-0245-4b2a-b464-78c332d31a33@group-97FAE486DEE6: changes role from CANDIDATE to FOLLOWER at term 31 for DISCOVERED_A_NEW_TERM
2019-09-17 12:23:59,604 [ef58021b-0245-4b2a-b464-78c332d31a33@group-97FAE486DEE6:LeaderElection53] INFO  impl.RoleInfo (RoleInfo.java:shutdownLeaderElection(134)) - ef58021b-0245-4b2a-b464-78c332d31a33: shutdown LeaderElection
2019-09-17 12:23:59,604 [ef58021b-0245-4b2a-b464-78c332d31a33@group-97FAE486DEE6:LeaderElection53] INFO  impl.RoleInfo (RoleInfo.java:updateAndGet(143)) - ef58021b-0245-4b2a-b464-78c332d31a33: start FollowerState
2019-09-17 12:23:59,615 [java.util.concurrent.ThreadPoolExecutor$Worker@4758ecc9[State = -1, empty queue]] WARN  server.GrpcLogAppender (GrpcLogAppender.java:timeoutAppendRequest(200)) - 84b9980c-7545-47f2-8f8d-7bdb4cb4587c@group-5D4E048AB16A->ba884459-fbaf-490e-9b71-3c718ea82914-GrpcLogAppender: appendEntries Timeout, request=84b9980c-7545-47f2-8f8d-7bdb4cb4587c->ba884459-fbaf-490e-9b71-3c718ea82914#166-t2, previous=(t:2, i:33), leaderCommit=29, initializing? false, entries: <empty>
2019-09-17 12:23:59,616 [java.util.concurrent.ThreadPoolExecutor$Worker@17044d63[State = -1, empty queue]] WARN  server.GrpcLogAppender (GrpcLogAppender.java:timeoutAppendRequest(200)) - 7689548e-5f49-4f36-9667-e46ba21e9ae3@group-C0075F260562->a5f9b548-b989-4807-80f4-ff576b54977d-GrpcLogAppender: appendEntries Timeout, request=7689548e-5f49-4f36-9667-e46ba21e9ae3->a5f9b548-b989-4807-80f4-ff576b54977d#155-t2, previous=(t:2, i:20), leaderCommit=16, initializing? false, entries: <empty>
2019-09-17 12:24:00,116 [java.util.concurrent.ThreadPoolExecutor$Worker@4758ecc9[State = -1, empty queue]] WARN  server.GrpcLogAppender (GrpcLogAppender.java:timeoutAppendRequest(200)) - 84b9980c-7545-47f2-8f8d-7bdb4cb4587c@group-5D4E048AB16A->ba884459-fbaf-490e-9b71-3c718ea82914-GrpcLogAppender: appendEntries Timeout, request=84b9980c-7545-47f2-8f8d-7bdb4cb4587c->ba884459-fbaf-490e-9b71-3c718ea82914#167-t2, previous=(t:2, i:33), leaderCommit=29, initializing? false, entries: <empty>
2019-09-17 12:24:00,116 [java.util.concurrent.ThreadPoolExecutor$Worker@17044d63[State = -1, empty queue]] WARN  server.GrpcLogAppender (GrpcLogAppender.java:timeoutAppendRequest(200)) - 7689548e-5f49-4f36-9667-e46ba21e9ae3@group-C0075F260562->a5f9b548-b989-4807-80f4-ff576b54977d-GrpcLogAppender: appendEntries Timeout, request=7689548e-5f49-4f36-9667-e46ba21e9ae3->a5f9b548-b989-4807-80f4-ff576b54977d#156-t2, previous=(t:2, i:20), leaderCommit=16, initializing? false, entries: <empty>
2019-09-17 12:24:00,351 [a5f9b548-b989-4807-80f4-ff576b54977d@group-C0075F260562-SegmentedRaftLogWorker] WARN  segmented.SegmentedRaftLogWorker (SegmentedRaftLogWorker.java:getFromFuture(90)) - Timeout 6/~
org.apache.ratis.protocol.TimeoutIOException: Timeout 10s: WriteLog:17: (t:2, i:17), STATEMACHINELOGENTRY, client-0F6212053E58, cid=38-writeStateMachineData
	at org.apache.ratis.util.IOUtils.getFromFuture(IOUtils.java:87)
	at org.apache.ratis.server.raftlog.segmented.SegmentedRaftLogWorker$StateMachineDataPolicy.getFromFuture(SegmentedRaftLogWorker.java:87)
	at org.apache.ratis.server.raftlog.segmented.SegmentedRaftLogWorker$WriteLog.execute(SegmentedRaftLogWorker.java:477)
	at org.apache.ratis.server.raftlog.segmented.SegmentedRaftLogWorker.run(SegmentedRaftLogWorker.java:289)
	at java.lang.Thread.run(Thread.java:748)
Caused by: java.util.concurrent.TimeoutException
	at java.util.concurrent.CompletableFuture.timedGet(CompletableFuture.java:1771)
	at java.util.concurrent.CompletableFuture.get(CompletableFuture.java:1915)
	at org.apache.ratis.util.IOUtils.getFromFuture(IOUtils.java:79)
	... 4 more
2019-09-17 12:24:00,528 [7689548e-5f49-4f36-9667-e46ba21e9ae3@group-C0075F260562-SegmentedRaftLogWorker] WARN  segmented.SegmentedRaftLogWorker (SegmentedRaftLogWorker.java:getFromFuture(90)) - Timeout 6/~
org.apache.ratis.protocol.TimeoutIOException: Timeout 10s: WriteLog:19: (t:2, i:19), STATEMACHINELOGENTRY, client-0F6212053E58, cid=40-writeStateMachineData
	at org.apache.ratis.util.IOUtils.getFromFuture(IOUtils.java:87)
	at org.apache.ratis.server.raftlog.segmented.SegmentedRaftLogWorker$StateMachineDataPolicy.getFromFuture(SegmentedRaftLogWorker.java:87)
	at org.apache.ratis.server.raftlog.segmented.SegmentedRaftLogWorker$WriteLog.execute(SegmentedRaftLogWorker.java:477)
	at org.apache.ratis.server.raftlog.segmented.SegmentedRaftLogWorker.run(SegmentedRaftLogWorker.java:289)
	at java.lang.Thread.run(Thread.java:748)
Caused by: java.util.concurrent.TimeoutException
	at java.util.concurrent.CompletableFuture.timedGet(CompletableFuture.java:1771)
	at java.util.concurrent.CompletableFuture.get(CompletableFuture.java:1915)
	at org.apache.ratis.util.IOUtils.getFromFuture(IOUtils.java:79)
	... 4 more
2019-09-17 12:24:00,616 [java.util.concurrent.ThreadPoolExecutor$Worker@4758ecc9[State = -1, empty queue]] WARN  server.GrpcLogAppender (GrpcLogAppender.java:timeoutAppendRequest(200)) - 84b9980c-7545-47f2-8f8d-7bdb4cb4587c@group-5D4E048AB16A->ba884459-fbaf-490e-9b71-3c718ea82914-GrpcLogAppender: appendEntries Timeout, request=84b9980c-7545-47f2-8f8d-7bdb4cb4587c->ba884459-fbaf-490e-9b71-3c718ea82914#168-t2, previous=(t:2, i:33), leaderCommit=29, initializing? false, entries: <empty>
2019-09-17 12:24:00,617 [java.util.concurrent.ThreadPoolExecutor$Worker@17044d63[State = -1, empty queue]] WARN  server.GrpcLogAppender (GrpcLogAppender.java:timeoutAppendRequest(200)) - 7689548e-5f49-4f36-9667-e46ba21e9ae3@group-C0075F260562->a5f9b548-b989-4807-80f4-ff576b54977d-GrpcLogAppender: appendEntries Timeout, request=7689548e-5f49-4f36-9667-e46ba21e9ae3->a5f9b548-b989-4807-80f4-ff576b54977d#157-t2, previous=(t:2, i:20), leaderCommit=16, initializing? false, entries: <empty>
2019-09-17 12:24:00,799 [Thread-1537] INFO  impl.FollowerState (FollowerState.java:run(106)) - ef58021b-0245-4b2a-b464-78c332d31a33:group-97FAE486DEE6 changes to CANDIDATE, lastRpcTime:1194, electionTimeout:1194ms
2019-09-17 12:24:00,799 [Thread-1537] INFO  impl.RoleInfo (RoleInfo.java:shutdownFollowerState(121)) - ef58021b-0245-4b2a-b464-78c332d31a33: shutdown FollowerState
2019-09-17 12:24:00,799 [Thread-1537] INFO  impl.RaftServerImpl (RaftServerImpl.java:setRole(174)) - ef58021b-0245-4b2a-b464-78c332d31a33@group-97FAE486DEE6: changes role from  FOLLOWER to CANDIDATE at term 31 for changeToCandidate
2019-09-17 12:24:00,800 [Thread-1537] INFO  impl.RoleInfo (RoleInfo.java:updateAndGet(143)) - ef58021b-0245-4b2a-b464-78c332d31a33: start LeaderElection
2019-09-17 12:24:00,806 [main] INFO  ozoneimpl.OzoneContainer (OzoneContainer.java:stop(231)) - Attempting to stop container services.
2019-09-17 12:24:00,806 [ForkJoinPool.commonPool-worker-1] INFO  ozoneimpl.OzoneContainer (OzoneContainer.java:stop(231)) - Attempting to stop container services.
2019-09-17 12:24:00,807 [main] INFO  impl.RaftServerProxy (RaftServerProxy.java:lambda$close$4(314)) - a5f9b548-b989-4807-80f4-ff576b54977d: close
2019-09-17 12:24:00,807 [ForkJoinPool.commonPool-worker-1] INFO  impl.RaftServerProxy (RaftServerProxy.java:lambda$close$4(314)) - 89060399-4494-4f9b-b1c5-9635c65f7453: close
2019-09-17 12:24:00,808 [main] INFO  impl.RaftServerImpl (RaftServerImpl.java:lambda$shutdown$3(251)) - a5f9b548-b989-4807-80f4-ff576b54977d@group-627844AE9390: shutdown
2019-09-17 12:24:00,808 [ForkJoinPool.commonPool-worker-1] INFO  impl.RaftServerImpl (RaftServerImpl.java:lambda$shutdown$3(251)) - 89060399-4494-4f9b-b1c5-9635c65f7453@group-0FAA62C80547: shutdown
2019-09-17 12:24:00,808 [main] INFO  util.JmxRegister (JmxRegister.java:unregister(73)) - Successfully un-registered JMX Bean with object name Ratis:service=RaftServer,group=group-627844AE9390,id=a5f9b548-b989-4807-80f4-ff576b54977d
2019-09-17 12:24:00,809 [ForkJoinPool.commonPool-worker-1] INFO  util.JmxRegister (JmxRegister.java:unregister(73)) - Successfully un-registered JMX Bean with object name Ratis:service=RaftServer,group=group-0FAA62C80547,id=89060399-4494-4f9b-b1c5-9635c65f7453
2019-09-17 12:24:00,809 [main] INFO  impl.RoleInfo (RoleInfo.java:shutdownLeaderState(104)) - a5f9b548-b989-4807-80f4-ff576b54977d: shutdown LeaderState
2019-09-17 12:24:00,809 [ForkJoinPool.commonPool-worker-1] INFO  impl.RoleInfo (RoleInfo.java:shutdownLeaderState(104)) - 89060399-4494-4f9b-b1c5-9635c65f7453: shutdown LeaderState
2019-09-17 12:24:00,810 [main] INFO  impl.PendingRequests (PendingRequests.java:sendNotLeaderResponses(202)) - a5f9b548-b989-4807-80f4-ff576b54977d-PendingRequests: sendNotLeaderResponses
2019-09-17 12:24:00,810 [ForkJoinPool.commonPool-worker-1] INFO  impl.PendingRequests (PendingRequests.java:sendNotLeaderResponses(202)) - 89060399-4494-4f9b-b1c5-9635c65f7453-PendingRequests: sendNotLeaderResponses
2019-09-17 12:24:00,813 [main] INFO  impl.StateMachineUpdater (StateMachineUpdater.java:stopAndJoin(125)) - a5f9b548-b989-4807-80f4-ff576b54977d@group-627844AE9390-StateMachineUpdater: set stopIndex = 0
2019-09-17 12:24:00,813 [ForkJoinPool.commonPool-worker-1] INFO  impl.StateMachineUpdater (StateMachineUpdater.java:stopAndJoin(125)) - 89060399-4494-4f9b-b1c5-9635c65f7453@group-0FAA62C80547-StateMachineUpdater: set stopIndex = 0
2019-09-17 12:24:00,813 [main] INFO  impl.RaftServerImpl (ServerState.java:close(385)) - a5f9b548-b989-4807-80f4-ff576b54977d@group-627844AE9390: closes. applyIndex: 0
2019-09-17 12:24:00,814 [ForkJoinPool.commonPool-worker-1] INFO  impl.RaftServerImpl (ServerState.java:close(385)) - 89060399-4494-4f9b-b1c5-9635c65f7453@group-0FAA62C80547: closes. applyIndex: 0
2019-09-17 12:24:00,814 [a5f9b548-b989-4807-80f4-ff576b54977d@group-627844AE9390-SegmentedRaftLogWorker] INFO  segmented.SegmentedRaftLogWorker (SegmentedRaftLogWorker.java:run(313)) - a5f9b548-b989-4807-80f4-ff576b54977d@group-627844AE9390-SegmentedRaftLogWorker was interrupted, exiting. There are 0 tasks remaining in the queue.
2019-09-17 12:24:00,814 [89060399-4494-4f9b-b1c5-9635c65f7453@group-0FAA62C80547-SegmentedRaftLogWorker] INFO  segmented.SegmentedRaftLogWorker (SegmentedRaftLogWorker.java:run(313)) - 89060399-4494-4f9b-b1c5-9635c65f7453@group-0FAA62C80547-SegmentedRaftLogWorker was interrupted, exiting. There are 0 tasks remaining in the queue.
2019-09-17 12:24:00,816 [main] INFO  segmented.SegmentedRaftLogWorker (SegmentedRaftLogWorker.java:close(228)) - a5f9b548-b989-4807-80f4-ff576b54977d@group-627844AE9390-SegmentedRaftLogWorker close()
2019-09-17 12:24:00,819 [ForkJoinPool.commonPool-worker-1] INFO  segmented.SegmentedRaftLogWorker (SegmentedRaftLogWorker.java:close(228)) - 89060399-4494-4f9b-b1c5-9635c65f7453@group-0FAA62C80547-SegmentedRaftLogWorker close()
2019-09-17 12:24:00,823 [main] INFO  impl.RaftServerImpl (RaftServerImpl.java:lambda$shutdown$3(251)) - a5f9b548-b989-4807-80f4-ff576b54977d@group-C0075F260562: shutdown
2019-09-17 12:24:00,827 [ForkJoinPool.commonPool-worker-1] INFO  impl.RaftServerImpl (RaftServerImpl.java:lambda$shutdown$3(251)) - 89060399-4494-4f9b-b1c5-9635c65f7453@group-5D4E048AB16A: shutdown
2019-09-17 12:24:00,827 [main] INFO  util.JmxRegister (JmxRegister.java:unregister(73)) - Successfully un-registered JMX Bean with object name Ratis:service=RaftServer,group=group-C0075F260562,id=a5f9b548-b989-4807-80f4-ff576b54977d
2019-09-17 12:24:00,827 [ForkJoinPool.commonPool-worker-1] INFO  util.JmxRegister (JmxRegister.java:unregister(73)) - Successfully un-registered JMX Bean with object name Ratis:service=RaftServer,group=group-5D4E048AB16A,id=89060399-4494-4f9b-b1c5-9635c65f7453
2019-09-17 12:24:00,828 [main] INFO  impl.RoleInfo (RoleInfo.java:shutdownFollowerState(121)) - a5f9b548-b989-4807-80f4-ff576b54977d: shutdown FollowerState
2019-09-17 12:24:00,828 [ForkJoinPool.commonPool-worker-1] INFO  impl.RoleInfo (RoleInfo.java:shutdownFollowerState(121)) - 89060399-4494-4f9b-b1c5-9635c65f7453: shutdown FollowerState
2019-09-17 12:24:00,828 [Thread-411] INFO  impl.FollowerState (FollowerState.java:run(115)) - a5f9b548-b989-4807-80f4-ff576b54977d: FollowerState was interrupted: java.lang.InterruptedException: sleep interrupted
2019-09-17 12:24:00,828 [main] INFO  impl.StateMachineUpdater (StateMachineUpdater.java:stopAndJoin(125)) - a5f9b548-b989-4807-80f4-ff576b54977d@group-C0075F260562-StateMachineUpdater: set stopIndex = 16
2019-09-17 12:24:00,828 [Thread-431] INFO  impl.FollowerState (FollowerState.java:run(115)) - 89060399-4494-4f9b-b1c5-9635c65f7453: FollowerState was interrupted: java.lang.InterruptedException: sleep interrupted
2019-09-17 12:24:00,828 [89060399-4494-4f9b-b1c5-9635c65f7453@group-5D4E048AB16A-StateMachineUpdater] INFO  ratis.ContainerStateMachine (ContainerStateMachine.java:takeSnapshot(289)) - group-5D4E048AB16A: Taking a snapshot at:(t:2, i:26) file /tmp/workdir/hadoop-ozone/integration-test/target/test-dir/MiniOzoneClusterImpl-97cb6072-9315-4ed4-9dbe-1bfff40012a1/datanode-2/data/ratis/ee2470e8-a619-46fb-ab4b-5d4e048ab16a/sm/snapshot.2_26
2019-09-17 12:24:00,828 [a5f9b548-b989-4807-80f4-ff576b54977d@group-C0075F260562-StateMachineUpdater] INFO  ratis.ContainerStateMachine (ContainerStateMachine.java:takeSnapshot(289)) - group-C0075F260562: Taking a snapshot at:(t:2, i:12) file /tmp/workdir/hadoop-ozone/integration-test/target/test-dir/MiniOzoneClusterImpl-97cb6072-9315-4ed4-9dbe-1bfff40012a1/datanode-5/data/ratis/1bb58af4-98e7-4f4e-94d5-c0075f260562/sm/snapshot.2_12
2019-09-17 12:24:00,828 [ForkJoinPool.commonPool-worker-1] INFO  impl.StateMachineUpdater (StateMachineUpdater.java:stopAndJoin(125)) - 89060399-4494-4f9b-b1c5-9635c65f7453@group-5D4E048AB16A-StateMachineUpdater: set stopIndex = 29
2019-09-17 12:24:00,838 [ef58021b-0245-4b2a-b464-78c332d31a33@group-97FAE486DEE6:LeaderElection54] INFO  impl.LeaderElection (LeaderElection.java:askForVotes(182)) - ef58021b-0245-4b2a-b464-78c332d31a33@group-97FAE486DEE6:LeaderElection54: begin an election at term 32 for 0: [ed86af58-6365-40b3-a78c-ef8881f9dd1e:192.168.5.130:38034, 0cdf7b9a-92f5-4bda-bda9-a502d9c924f1:192.168.5.130:42251, ef58021b-0245-4b2a-b464-78c332d31a33:192.168.5.130:45449], old=null
2019-09-17 12:24:00,839 [ef58021b-0245-4b2a-b464-78c332d31a33@group-97FAE486DEE6:LeaderElection54] INFO  impl.LeaderElection (LogUtils.java:infoOrTrace(149)) - ef58021b-0245-4b2a-b464-78c332d31a33@group-97FAE486DEE6:LeaderElection54 got exception when requesting votes: {}
java.util.concurrent.ExecutionException: org.apache.ratis.thirdparty.io.grpc.StatusRuntimeException: UNAVAILABLE: io exception
	at java.util.concurrent.FutureTask.report(FutureTask.java:122)
	at java.util.concurrent.FutureTask.get(FutureTask.java:192)
	at org.apache.ratis.server.impl.LeaderElection.waitForResults(LeaderElection.java:263)
	at org.apache.ratis.server.impl.LeaderElection.askForVotes(LeaderElection.java:201)
	at org.apache.ratis.server.impl.LeaderElection.run(LeaderElection.java:133)
	at java.lang.Thread.run(Thread.java:748)
Caused by: org.apache.ratis.thirdparty.io.grpc.StatusRuntimeException: UNAVAILABLE: io exception
	at org.apache.ratis.thirdparty.io.grpc.stub.ClientCalls.toStatusRuntimeException(ClientCalls.java:233)
	at org.apache.ratis.thirdparty.io.grpc.stub.ClientCalls.getUnchecked(ClientCalls.java:214)
	at org.apache.ratis.thirdparty.io.grpc.stub.ClientCalls.blockingUnaryCall(ClientCalls.java:139)
	at org.apache.ratis.proto.grpc.RaftServerProtocolServiceGrpc$RaftServerProtocolServiceBlockingStub.requestVote(RaftServerProtocolServiceGrpc.java:265)
	at org.apache.ratis.grpc.server.GrpcServerProtocolClient.requestVote(GrpcServerProtocolClient.java:90)
	at org.apache.ratis.grpc.server.GrpcService.requestVote(GrpcService.java:204)
	at org.apache.ratis.server.impl.LeaderElection.lambda$submitRequests$1(LeaderElection.java:238)
	at java.util.concurrent.FutureTask.run(FutureTask.java:266)
	at java.util.concurrent.Executors$RunnableAdapter.call(Executors.java:511)
	at java.util.concurrent.FutureTask.run(FutureTask.java:266)
	at java.util.concurrent.ThreadPoolExecutor.runWorker(ThreadPoolExecutor.java:1149)
	at java.util.concurrent.ThreadPoolExecutor$Worker.run(ThreadPoolExecutor.java:624)
	... 1 more
Caused by: org.apache.ratis.thirdparty.io.netty.channel.AbstractChannel$AnnotatedConnectException: Connection refused: /192.168.5.130:38034
	at sun.nio.ch.SocketChannelImpl.checkConnect(Native Method)
	at sun.nio.ch.SocketChannelImpl.finishConnect(SocketChannelImpl.java:717)
	at org.apache.ratis.thirdparty.io.netty.channel.socket.nio.NioSocketChannel.doFinishConnect(NioSocketChannel.java:327)
	at org.apache.ratis.thirdparty.io.netty.channel.nio.AbstractNioChannel$AbstractNioUnsafe.finishConnect(AbstractNioChannel.java:340)
	at org.apache.ratis.thirdparty.io.netty.channel.nio.NioEventLoop.processSelectedKey(NioEventLoop.java:632)
	at org.apache.ratis.thirdparty.io.netty.channel.nio.NioEventLoop.processSelectedKeysOptimized(NioEventLoop.java:579)
	at org.apache.ratis.thirdparty.io.netty.channel.nio.NioEventLoop.processSelectedKeys(NioEventLoop.java:496)
	at org.apache.ratis.thirdparty.io.netty.channel.nio.NioEventLoop.run(NioEventLoop.java:458)
	at org.apache.ratis.thirdparty.io.netty.util.concurrent.SingleThreadEventExecutor$5.run(SingleThreadEventExecutor.java:897)
	at org.apache.ratis.thirdparty.io.netty.util.concurrent.FastThreadLocalRunnable.run(FastThreadLocalRunnable.java:30)
	... 1 more
Caused by: java.net.ConnectException: Connection refused
	... 11 more
2019-09-17 12:24:00,839 [ef58021b-0245-4b2a-b464-78c332d31a33@group-97FAE486DEE6:LeaderElection54] INFO  impl.LeaderElection (LogUtils.java:infoOrTrace(149)) - ef58021b-0245-4b2a-b464-78c332d31a33@group-97FAE486DEE6:LeaderElection54 got exception when requesting votes: {}
java.util.concurrent.ExecutionException: org.apache.ratis.thirdparty.io.grpc.StatusRuntimeException: UNAVAILABLE: io exception
	at java.util.concurrent.FutureTask.report(FutureTask.java:122)
	at java.util.concurrent.FutureTask.get(FutureTask.java:192)
	at org.apache.ratis.server.impl.LeaderElection.waitForResults(LeaderElection.java:263)
	at org.apache.ratis.server.impl.LeaderElection.askForVotes(LeaderElection.java:201)
	at org.apache.ratis.server.impl.LeaderElection.run(LeaderElection.java:133)
	at java.lang.Thread.run(Thread.java:748)
Caused by: org.apache.ratis.thirdparty.io.grpc.StatusRuntimeException: UNAVAILABLE: io exception
	at org.apache.ratis.thirdparty.io.grpc.stub.ClientCalls.toStatusRuntimeException(ClientCalls.java:233)
	at org.apache.ratis.thirdparty.io.grpc.stub.ClientCalls.getUnchecked(ClientCalls.java:214)
	at org.apache.ratis.thirdparty.io.grpc.stub.ClientCalls.blockingUnaryCall(ClientCalls.java:139)
	at org.apache.ratis.proto.grpc.RaftServerProtocolServiceGrpc$RaftServerProtocolServiceBlockingStub.requestVote(RaftServerProtocolServiceGrpc.java:265)
	at org.apache.ratis.grpc.server.GrpcServerProtocolClient.requestVote(GrpcServerProtocolClient.java:90)
	at org.apache.ratis.grpc.server.GrpcService.requestVote(GrpcService.java:204)
	at org.apache.ratis.server.impl.LeaderElection.lambda$submitRequests$1(LeaderElection.java:238)
	at java.util.concurrent.FutureTask.run(FutureTask.java:266)
	at java.util.concurrent.Executors$RunnableAdapter.call(Executors.java:511)
	at java.util.concurrent.FutureTask.run(FutureTask.java:266)
	at java.util.concurrent.ThreadPoolExecutor.runWorker(ThreadPoolExecutor.java:1149)
	at java.util.concurrent.ThreadPoolExecutor$Worker.run(ThreadPoolExecutor.java:624)
	... 1 more
Caused by: org.apache.ratis.thirdparty.io.netty.channel.AbstractChannel$AnnotatedConnectException: Connection refused: /192.168.5.130:42251
	at sun.nio.ch.SocketChannelImpl.checkConnect(Native Method)
	at sun.nio.ch.SocketChannelImpl.finishConnect(SocketChannelImpl.java:717)
	at org.apache.ratis.thirdparty.io.netty.channel.socket.nio.NioSocketChannel.doFinishConnect(NioSocketChannel.java:327)
	at org.apache.ratis.thirdparty.io.netty.channel.nio.AbstractNioChannel$AbstractNioUnsafe.finishConnect(AbstractNioChannel.java:340)
	at org.apache.ratis.thirdparty.io.netty.channel.nio.NioEventLoop.processSelectedKey(NioEventLoop.java:632)
	at org.apache.ratis.thirdparty.io.netty.channel.nio.NioEventLoop.processSelectedKeysOptimized(NioEventLoop.java:579)
	at org.apache.ratis.thirdparty.io.netty.channel.nio.NioEventLoop.processSelectedKeys(NioEventLoop.java:496)
	at org.apache.ratis.thirdparty.io.netty.channel.nio.NioEventLoop.run(NioEventLoop.java:458)
	at org.apache.ratis.thirdparty.io.netty.util.concurrent.SingleThreadEventExecutor$5.run(SingleThreadEventExecutor.java:897)
	at org.apache.ratis.thirdparty.io.netty.util.concurrent.FastThreadLocalRunnable.run(FastThreadLocalRunnable.java:30)
	... 1 more
Caused by: java.net.ConnectException: Connection refused
	... 11 more
2019-09-17 12:24:00,840 [ef58021b-0245-4b2a-b464-78c332d31a33@group-97FAE486DEE6:LeaderElection54] INFO  impl.LeaderElection (LeaderElection.java:logAndReturn(56)) - ef58021b-0245-4b2a-b464-78c332d31a33@group-97FAE486DEE6:LeaderElection54: Election REJECTED; received 0 response(s) [] and 2 exception(s); ef58021b-0245-4b2a-b464-78c332d31a33@group-97FAE486DEE6:t32, leader=null, voted=ef58021b-0245-4b2a-b464-78c332d31a33, raftlog=ef58021b-0245-4b2a-b464-78c332d31a33@group-97FAE486DEE6-SegmentedRaftLog:OPENED:c27,f27,i27, conf=0: [ed86af58-6365-40b3-a78c-ef8881f9dd1e:192.168.5.130:38034, 0cdf7b9a-92f5-4bda-bda9-a502d9c924f1:192.168.5.130:42251, ef58021b-0245-4b2a-b464-78c332d31a33:192.168.5.130:45449], old=null
2019-09-17 12:24:00,840 [ef58021b-0245-4b2a-b464-78c332d31a33@group-97FAE486DEE6:LeaderElection54] INFO  impl.LeaderElection (LogUtils.java:infoOrTrace(149)) -   Exception 0: {}
java.util.concurrent.ExecutionException: org.apache.ratis.thirdparty.io.grpc.StatusRuntimeException: UNAVAILABLE: io exception
	at java.util.concurrent.FutureTask.report(FutureTask.java:122)
	at java.util.concurrent.FutureTask.get(FutureTask.java:192)
	at org.apache.ratis.server.impl.LeaderElection.waitForResults(LeaderElection.java:263)
	at org.apache.ratis.server.impl.LeaderElection.askForVotes(LeaderElection.java:201)
	at org.apache.ratis.server.impl.LeaderElection.run(LeaderElection.java:133)
	at java.lang.Thread.run(Thread.java:748)
Caused by: org.apache.ratis.thirdparty.io.grpc.StatusRuntimeException: UNAVAILABLE: io exception
	at org.apache.ratis.thirdparty.io.grpc.stub.ClientCalls.toStatusRuntimeException(ClientCalls.java:233)
	at org.apache.ratis.thirdparty.io.grpc.stub.ClientCalls.getUnchecked(ClientCalls.java:214)
	at org.apache.ratis.thirdparty.io.grpc.stub.ClientCalls.blockingUnaryCall(ClientCalls.java:139)
	at org.apache.ratis.proto.grpc.RaftServerProtocolServiceGrpc$RaftServerProtocolServiceBlockingStub.requestVote(RaftServerProtocolServiceGrpc.java:265)
	at org.apache.ratis.grpc.server.GrpcServerProtocolClient.requestVote(GrpcServerProtocolClient.java:90)
	at org.apache.ratis.grpc.server.GrpcService.requestVote(GrpcService.java:204)
	at org.apache.ratis.server.impl.LeaderElection.lambda$submitRequests$1(LeaderElection.java:238)
	at java.util.concurrent.FutureTask.run(FutureTask.java:266)
	at java.util.concurrent.Executors$RunnableAdapter.call(Executors.java:511)
	at java.util.concurrent.FutureTask.run(FutureTask.java:266)
	at java.util.concurrent.ThreadPoolExecutor.runWorker(ThreadPoolExecutor.java:1149)
	at java.util.concurrent.ThreadPoolExecutor$Worker.run(ThreadPoolExecutor.java:624)
	... 1 more
Caused by: org.apache.ratis.thirdparty.io.netty.channel.AbstractChannel$AnnotatedConnectException: Connection refused: /192.168.5.130:38034
	at sun.nio.ch.SocketChannelImpl.checkConnect(Native Method)
	at sun.nio.ch.SocketChannelImpl.finishConnect(SocketChannelImpl.java:717)
	at org.apache.ratis.thirdparty.io.netty.channel.socket.nio.NioSocketChannel.doFinishConnect(NioSocketChannel.java:327)
	at org.apache.ratis.thirdparty.io.netty.channel.nio.AbstractNioChannel$AbstractNioUnsafe.finishConnect(AbstractNioChannel.java:340)
	at org.apache.ratis.thirdparty.io.netty.channel.nio.NioEventLoop.processSelectedKey(NioEventLoop.java:632)
	at org.apache.ratis.thirdparty.io.netty.channel.nio.NioEventLoop.processSelectedKeysOptimized(NioEventLoop.java:579)
	at org.apache.ratis.thirdparty.io.netty.channel.nio.NioEventLoop.processSelectedKeys(NioEventLoop.java:496)
	at org.apache.ratis.thirdparty.io.netty.channel.nio.NioEventLoop.run(NioEventLoop.java:458)
	at org.apache.ratis.thirdparty.io.netty.util.concurrent.SingleThreadEventExecutor$5.run(SingleThreadEventExecutor.java:897)
	at org.apache.ratis.thirdparty.io.netty.util.concurrent.FastThreadLocalRunnable.run(FastThreadLocalRunnable.java:30)
	... 1 more
Caused by: java.net.ConnectException: Connection refused
	... 11 more
2019-09-17 12:24:00,841 [ef58021b-0245-4b2a-b464-78c332d31a33@group-97FAE486DEE6:LeaderElection54] INFO  impl.LeaderElection (LogUtils.java:infoOrTrace(149)) -   Exception 1: {}
java.util.concurrent.ExecutionException: org.apache.ratis.thirdparty.io.grpc.StatusRuntimeException: UNAVAILABLE: io exception
	at java.util.concurrent.FutureTask.report(FutureTask.java:122)
	at java.util.concurrent.FutureTask.get(FutureTask.java:192)
	at org.apache.ratis.server.impl.LeaderElection.waitForResults(LeaderElection.java:263)
	at org.apache.ratis.server.impl.LeaderElection.askForVotes(LeaderElection.java:201)
	at org.apache.ratis.server.impl.LeaderElection.run(LeaderElection.java:133)
	at java.lang.Thread.run(Thread.java:748)
Caused by: org.apache.ratis.thirdparty.io.grpc.StatusRuntimeException: UNAVAILABLE: io exception
	at org.apache.ratis.thirdparty.io.grpc.stub.ClientCalls.toStatusRuntimeException(ClientCalls.java:233)
	at org.apache.ratis.thirdparty.io.grpc.stub.ClientCalls.getUnchecked(ClientCalls.java:214)
	at org.apache.ratis.thirdparty.io.grpc.stub.ClientCalls.blockingUnaryCall(ClientCalls.java:139)
	at org.apache.ratis.proto.grpc.RaftServerProtocolServiceGrpc$RaftServerProtocolServiceBlockingStub.requestVote(RaftServerProtocolServiceGrpc.java:265)
	at org.apache.ratis.grpc.server.GrpcServerProtocolClient.requestVote(GrpcServerProtocolClient.java:90)
	at org.apache.ratis.grpc.server.GrpcService.requestVote(GrpcService.java:204)
	at org.apache.ratis.server.impl.LeaderElection.lambda$submitRequests$1(LeaderElection.java:238)
	at java.util.concurrent.FutureTask.run(FutureTask.java:266)
	at java.util.concurrent.Executors$RunnableAdapter.call(Executors.java:511)
	at java.util.concurrent.FutureTask.run(FutureTask.java:266)
	at java.util.concurrent.ThreadPoolExecutor.runWorker(ThreadPoolExecutor.java:1149)
	at java.util.concurrent.ThreadPoolExecutor$Worker.run(ThreadPoolExecutor.java:624)
	... 1 more
Caused by: org.apache.ratis.thirdparty.io.netty.channel.AbstractChannel$AnnotatedConnectException: Connection refused: /192.168.5.130:42251
	at sun.nio.ch.SocketChannelImpl.checkConnect(Native Method)
	at sun.nio.ch.SocketChannelImpl.finishConnect(SocketChannelImpl.java:717)
	at org.apache.ratis.thirdparty.io.netty.channel.socket.nio.NioSocketChannel.doFinishConnect(NioSocketChannel.java:327)
	at org.apache.ratis.thirdparty.io.netty.channel.nio.AbstractNioChannel$AbstractNioUnsafe.finishConnect(AbstractNioChannel.java:340)
	at org.apache.ratis.thirdparty.io.netty.channel.nio.NioEventLoop.processSelectedKey(NioEventLoop.java:632)
	at org.apache.ratis.thirdparty.io.netty.channel.nio.NioEventLoop.processSelectedKeysOptimized(NioEventLoop.java:579)
	at org.apache.ratis.thirdparty.io.netty.channel.nio.NioEventLoop.processSelectedKeys(NioEventLoop.java:496)
	at org.apache.ratis.thirdparty.io.netty.channel.nio.NioEventLoop.run(NioEventLoop.java:458)
	at org.apache.ratis.thirdparty.io.netty.util.concurrent.SingleThreadEventExecutor$5.run(SingleThreadEventExecutor.java:897)
	at org.apache.ratis.thirdparty.io.netty.util.concurrent.FastThreadLocalRunnable.run(FastThreadLocalRunnable.java:30)
	... 1 more
Caused by: java.net.ConnectException: Connection refused
	... 11 more
2019-09-17 12:24:00,841 [ef58021b-0245-4b2a-b464-78c332d31a33@group-97FAE486DEE6:LeaderElection54] INFO  impl.RaftServerImpl (RaftServerImpl.java:setRole(174)) - ef58021b-0245-4b2a-b464-78c332d31a33@group-97FAE486DEE6: changes role from CANDIDATE to FOLLOWER at term 32 for DISCOVERED_A_NEW_TERM
2019-09-17 12:24:00,841 [ef58021b-0245-4b2a-b464-78c332d31a33@group-97FAE486DEE6:LeaderElection54] INFO  impl.RoleInfo (RoleInfo.java:shutdownLeaderElection(134)) - ef58021b-0245-4b2a-b464-78c332d31a33: shutdown LeaderElection
2019-09-17 12:24:00,841 [ef58021b-0245-4b2a-b464-78c332d31a33@group-97FAE486DEE6:LeaderElection54] INFO  impl.RoleInfo (RoleInfo.java:updateAndGet(143)) - ef58021b-0245-4b2a-b464-78c332d31a33: start FollowerState
2019-09-17 12:24:00,922 [89060399-4494-4f9b-b1c5-9635c65f7453@group-5D4E048AB16A-StateMachineUpdater] INFO  ratis.ContainerStateMachine (ContainerStateMachine.java:takeSnapshot(300)) - group-5D4E048AB16A: Finished taking a snapshot at:(t:2, i:26) file:/tmp/workdir/hadoop-ozone/integration-test/target/test-dir/MiniOzoneClusterImpl-97cb6072-9315-4ed4-9dbe-1bfff40012a1/datanode-2/data/ratis/ee2470e8-a619-46fb-ab4b-5d4e048ab16a/sm/snapshot.2_26 time:94
2019-09-17 12:24:00,922 [a5f9b548-b989-4807-80f4-ff576b54977d@group-C0075F260562-StateMachineUpdater] INFO  ratis.ContainerStateMachine (ContainerStateMachine.java:takeSnapshot(300)) - group-C0075F260562: Finished taking a snapshot at:(t:2, i:12) file:/tmp/workdir/hadoop-ozone/integration-test/target/test-dir/MiniOzoneClusterImpl-97cb6072-9315-4ed4-9dbe-1bfff40012a1/datanode-5/data/ratis/1bb58af4-98e7-4f4e-94d5-c0075f260562/sm/snapshot.2_12 time:94
2019-09-17 12:24:00,923 [89060399-4494-4f9b-b1c5-9635c65f7453@group-5D4E048AB16A-StateMachineUpdater] INFO  impl.StateMachineUpdater (StateMachineUpdater.java:takeSnapshot(258)) - 89060399-4494-4f9b-b1c5-9635c65f7453@group-5D4E048AB16A-StateMachineUpdater: Took a snapshot at index 26
2019-09-17 12:24:00,923 [89060399-4494-4f9b-b1c5-9635c65f7453@group-5D4E048AB16A-StateMachineUpdater] INFO  impl.StateMachineUpdater (StateMachineUpdater.java:lambda$new$0(83)) - 89060399-4494-4f9b-b1c5-9635c65f7453@group-5D4E048AB16A-StateMachineUpdater: snapshotIndex: updateIncreasingly -1 -> 26
2019-09-17 12:24:00,923 [a5f9b548-b989-4807-80f4-ff576b54977d@group-C0075F260562-StateMachineUpdater] INFO  impl.StateMachineUpdater (StateMachineUpdater.java:takeSnapshot(258)) - a5f9b548-b989-4807-80f4-ff576b54977d@group-C0075F260562-StateMachineUpdater: Took a snapshot at index 12
2019-09-17 12:24:00,923 [a5f9b548-b989-4807-80f4-ff576b54977d@group-C0075F260562-StateMachineUpdater] INFO  impl.StateMachineUpdater (StateMachineUpdater.java:lambda$new$0(83)) - a5f9b548-b989-4807-80f4-ff576b54977d@group-C0075F260562-StateMachineUpdater: snapshotIndex: updateIncreasingly -1 -> 12
2019-09-17 12:24:00,923 [89060399-4494-4f9b-b1c5-9635c65f7453@group-5D4E048AB16A-StateMachineUpdater] INFO  ratis.ContainerStateMachine (ContainerStateMachine.java:takeSnapshot(289)) - group-5D4E048AB16A: Taking a snapshot at:(t:2, i:26) file /tmp/workdir/hadoop-ozone/integration-test/target/test-dir/MiniOzoneClusterImpl-97cb6072-9315-4ed4-9dbe-1bfff40012a1/datanode-2/data/ratis/ee2470e8-a619-46fb-ab4b-5d4e048ab16a/sm/snapshot.2_26
2019-09-17 12:24:00,923 [a5f9b548-b989-4807-80f4-ff576b54977d@group-C0075F260562-StateMachineUpdater] INFO  ratis.ContainerStateMachine (ContainerStateMachine.java:takeSnapshot(289)) - group-C0075F260562: Taking a snapshot at:(t:2, i:12) file /tmp/workdir/hadoop-ozone/integration-test/target/test-dir/MiniOzoneClusterImpl-97cb6072-9315-4ed4-9dbe-1bfff40012a1/datanode-5/data/ratis/1bb58af4-98e7-4f4e-94d5-c0075f260562/sm/snapshot.2_12
2019-09-17 12:24:00,960 [89060399-4494-4f9b-b1c5-9635c65f7453@group-5D4E048AB16A-StateMachineUpdater] INFO  ratis.ContainerStateMachine (ContainerStateMachine.java:takeSnapshot(300)) - group-5D4E048AB16A: Finished taking a snapshot at:(t:2, i:26) file:/tmp/workdir/hadoop-ozone/integration-test/target/test-dir/MiniOzoneClusterImpl-97cb6072-9315-4ed4-9dbe-1bfff40012a1/datanode-2/data/ratis/ee2470e8-a619-46fb-ab4b-5d4e048ab16a/sm/snapshot.2_26 time:37
2019-09-17 12:24:00,960 [a5f9b548-b989-4807-80f4-ff576b54977d@group-C0075F260562-StateMachineUpdater] INFO  ratis.ContainerStateMachine (ContainerStateMachine.java:takeSnapshot(300)) - group-C0075F260562: Finished taking a snapshot at:(t:2, i:12) file:/tmp/workdir/hadoop-ozone/integration-test/target/test-dir/MiniOzoneClusterImpl-97cb6072-9315-4ed4-9dbe-1bfff40012a1/datanode-5/data/ratis/1bb58af4-98e7-4f4e-94d5-c0075f260562/sm/snapshot.2_12 time:37
2019-09-17 12:24:00,961 [89060399-4494-4f9b-b1c5-9635c65f7453@group-5D4E048AB16A-StateMachineUpdater] INFO  impl.StateMachineUpdater (StateMachineUpdater.java:takeSnapshot(258)) - 89060399-4494-4f9b-b1c5-9635c65f7453@group-5D4E048AB16A-StateMachineUpdater: Took a snapshot at index 26
2019-09-17 12:24:00,961 [89060399-4494-4f9b-b1c5-9635c65f7453@group-5D4E048AB16A-StateMachineUpdater] INFO  impl.StateMachineUpdater (StateMachineUpdater.java:lambda$new$0(83)) - 89060399-4494-4f9b-b1c5-9635c65f7453@group-5D4E048AB16A-StateMachineUpdater: snapshotIndex: updateIncreasingly 26 -> 26
2019-09-17 12:24:00,961 [a5f9b548-b989-4807-80f4-ff576b54977d@group-C0075F260562-StateMachineUpdater] INFO  impl.StateMachineUpdater (StateMachineUpdater.java:takeSnapshot(258)) - a5f9b548-b989-4807-80f4-ff576b54977d@group-C0075F260562-StateMachineUpdater: Took a snapshot at index 12
2019-09-17 12:24:00,961 [a5f9b548-b989-4807-80f4-ff576b54977d@group-C0075F260562-StateMachineUpdater] INFO  impl.StateMachineUpdater (StateMachineUpdater.java:lambda$new$0(83)) - a5f9b548-b989-4807-80f4-ff576b54977d@group-C0075F260562-StateMachineUpdater: snapshotIndex: updateIncreasingly 12 -> 12
2019-09-17 12:24:00,961 [ForkJoinPool.commonPool-worker-1] INFO  impl.RaftServerImpl (ServerState.java:close(385)) - 89060399-4494-4f9b-b1c5-9635c65f7453@group-5D4E048AB16A: closes. applyIndex: 29
2019-09-17 12:24:00,961 [main] INFO  impl.RaftServerImpl (ServerState.java:close(385)) - a5f9b548-b989-4807-80f4-ff576b54977d@group-C0075F260562: closes. applyIndex: 16
2019-09-17 12:24:00,962 [89060399-4494-4f9b-b1c5-9635c65f7453@group-5D4E048AB16A-SegmentedRaftLogWorker] INFO  segmented.SegmentedRaftLogWorker (SegmentedRaftLogWorker.java:run(313)) - 89060399-4494-4f9b-b1c5-9635c65f7453@group-5D4E048AB16A-SegmentedRaftLogWorker was interrupted, exiting. There are 0 tasks remaining in the queue.
2019-09-17 12:24:00,965 [ForkJoinPool.commonPool-worker-1] INFO  segmented.SegmentedRaftLogWorker (SegmentedRaftLogWorker.java:close(228)) - 89060399-4494-4f9b-b1c5-9635c65f7453@group-5D4E048AB16A-SegmentedRaftLogWorker close()
2019-09-17 12:24:00,969 [ForkJoinPool.commonPool-worker-1] INFO  server.GrpcService (GrpcService.java:closeImpl(164)) - 89060399-4494-4f9b-b1c5-9635c65f7453: shutdown server with port 44284 now
2019-09-17 12:24:00,971 [ForkJoinPool.commonPool-worker-1] INFO  server.GrpcService (GrpcService.java:closeImpl(172)) - 89060399-4494-4f9b-b1c5-9635c65f7453: shutdown server with port 44284 successfully
2019-09-17 12:24:00,971 [grpc-default-executor-1] WARN  server.GrpcServerProtocolService (LogUtils.java:warn(134)) - 89060399-4494-4f9b-b1c5-9635c65f7453: installSnapshot onError, lastRequest: 84b9980c-7545-47f2-8f8d-7bdb4cb4587c->89060399-4494-4f9b-b1c5-9635c65f7453#173-t2, previous=(t:2, i:33), leaderCommit=29, initializing? false, entries: <empty>: org.apache.ratis.thirdparty.io.grpc.StatusRuntimeException: CANCELLED: cancelled before receiving half close
2019-09-17 12:24:00,971 [grpc-default-executor-5] WARN  server.GrpcLogAppender (LogUtils.java:warn(134)) - 84b9980c-7545-47f2-8f8d-7bdb4cb4587c@group-5D4E048AB16A->89060399-4494-4f9b-b1c5-9635c65f7453-AppendLogResponseHandler: Failed appendEntries: org.apache.ratis.thirdparty.io.grpc.StatusRuntimeException: CANCELLED: HTTP/2 error code: CANCEL
Received Rst Stream
2019-09-17 12:24:00,974 [grpc-default-executor-5] INFO  impl.FollowerInfo (FollowerInfo.java:lambda$new$0(51)) - 84b9980c-7545-47f2-8f8d-7bdb4cb4587c@group-5D4E048AB16A->89060399-4494-4f9b-b1c5-9635c65f7453: nextIndex: updateUnconditionally 34 -> 33
2019-09-17 12:24:00,974 [refreshUsed-/tmp/workdir/hadoop-ozone/integration-test/target/test-dir/MiniOzoneClusterImpl-97cb6072-9315-4ed4-9dbe-1bfff40012a1/datanode-2/data/containers] WARN  fs.CachingGetSpaceUsed (CachingGetSpaceUsed.java:run(183)) - Thread Interrupted waiting to refresh disk information: sleep interrupted
2019-09-17 12:24:00,991 [a5f9b548-b989-4807-80f4-ff576b54977d@group-C0075F260562-SegmentedRaftLogWorker] ERROR ratis.XceiverServerRatis (XceiverServerRatis.java:triggerPipelineClose(575)) - pipeline Action CLOSE  on pipeline PipelineID=1bb58af4-98e7-4f4e-94d5-c0075f260562.Reason : WriteLog:17: (t:2, i:17), STATEMACHINELOGENTRY, client-0F6212053E58, cid=38-writeStateMachineData interrupted.
2019-09-17 12:24:00,994 [main] INFO  segmented.SegmentedRaftLogWorker (SegmentedRaftLogWorker.java:close(228)) - a5f9b548-b989-4807-80f4-ff576b54977d@group-C0075F260562-SegmentedRaftLogWorker close()
2019-09-17 12:24:00,998 [main] INFO  server.GrpcService (GrpcService.java:closeImpl(164)) - a5f9b548-b989-4807-80f4-ff576b54977d: shutdown server with port 40253 now
2019-09-17 12:24:00,999 [main] INFO  server.GrpcService (GrpcService.java:closeImpl(172)) - a5f9b548-b989-4807-80f4-ff576b54977d: shutdown server with port 40253 successfully
2019-09-17 12:24:01,000 [grpc-default-executor-5] WARN  server.GrpcServerProtocolService (LogUtils.java:warn(134)) - a5f9b548-b989-4807-80f4-ff576b54977d: installSnapshot onError, lastRequest: 7689548e-5f49-4f36-9667-e46ba21e9ae3->a5f9b548-b989-4807-80f4-ff576b54977d#163-t2, previous=(t:2, i:20), leaderCommit=16, initializing? false, entries: <empty>: org.apache.ratis.thirdparty.io.grpc.StatusRuntimeException: CANCELLED: cancelled before receiving half close
2019-09-17 12:24:01,001 [grpc-default-executor-1] WARN  server.GrpcLogAppender (LogUtils.java:warn(134)) - 7689548e-5f49-4f36-9667-e46ba21e9ae3@group-C0075F260562->a5f9b548-b989-4807-80f4-ff576b54977d-AppendLogResponseHandler: Failed appendEntries: org.apache.ratis.thirdparty.io.grpc.StatusRuntimeException: CANCELLED: HTTP/2 error code: CANCEL
Received Rst Stream
2019-09-17 12:24:01,001 [grpc-default-executor-1] INFO  impl.FollowerInfo (FollowerInfo.java:lambda$new$0(51)) - 7689548e-5f49-4f36-9667-e46ba21e9ae3@group-C0075F260562->a5f9b548-b989-4807-80f4-ff576b54977d: nextIndex: updateUnconditionally 21 -> 17
2019-09-17 12:24:01,001 [refreshUsed-/tmp/workdir/hadoop-ozone/integration-test/target/test-dir/MiniOzoneClusterImpl-97cb6072-9315-4ed4-9dbe-1bfff40012a1/datanode-5/data/containers] WARN  fs.CachingGetSpaceUsed (CachingGetSpaceUsed.java:run(183)) - Thread Interrupted waiting to refresh disk information: sleep interrupted
2019-09-17 12:24:01,004 [ForkJoinPool.commonPool-worker-1] INFO  utils.BackgroundService (BackgroundService.java:shutdown(148)) - Shutting down service BlockDeletingService
2019-09-17 12:24:01,010 [ForkJoinPool.commonPool-worker-1] INFO  statemachine.DatanodeStateMachine (DatanodeStateMachine.java:stopDaemon(395)) - Ozone container server stopped.
2019-09-17 12:24:01,018 [ForkJoinPool.commonPool-worker-1] INFO  handler.ContextHandler (ContextHandler.java:doStop(910)) - Stopped o.e.j.w.WebAppContext@12e0f1cb{/,null,UNAVAILABLE}{/hddsDatanode}
2019-09-17 12:24:01,019 [ForkJoinPool.commonPool-worker-1] INFO  server.AbstractConnector (AbstractConnector.java:doStop(318)) - Stopped ServerConnector@4a163575{HTTP/1.1,[http/1.1]}{0.0.0.0:0}
2019-09-17 12:24:01,020 [ForkJoinPool.commonPool-worker-1] INFO  handler.ContextHandler (ContextHandler.java:doStop(910)) - Stopped o.e.j.s.ServletContextHandler@36681447{/static,jar:file:/home/user/.m2/repository/org/apache/hadoop/hadoop-hdds-container-service/0.5.0-SNAPSHOT/hadoop-hdds-container-service-0.5.0-SNAPSHOT.jar!/webapps/static,UNAVAILABLE}
2019-09-17 12:24:01,022 [ForkJoinPool.commonPool-worker-1] INFO  handler.ContextHandler (ContextHandler.java:doStop(910)) - Stopped o.e.j.s.ServletContextHandler@77b919a3{/logs,file:///tmp/workdir/hadoop-ozone/integration-test/target/log,UNAVAILABLE}
2019-09-17 12:24:01,032 [main] INFO  utils.BackgroundService (BackgroundService.java:shutdown(148)) - Shutting down service BlockDeletingService
2019-09-17 12:24:01,036 [main] INFO  statemachine.DatanodeStateMachine (DatanodeStateMachine.java:stopDaemon(395)) - Ozone container server stopped.
2019-09-17 12:24:01,037 [main] INFO  handler.ContextHandler (ContextHandler.java:doStop(910)) - Stopped o.e.j.w.WebAppContext@17143b3b{/,null,UNAVAILABLE}{/hddsDatanode}
2019-09-17 12:24:01,038 [main] INFO  server.AbstractConnector (AbstractConnector.java:doStop(318)) - Stopped ServerConnector@100c8b75{HTTP/1.1,[http/1.1]}{0.0.0.0:0}
2019-09-17 12:24:01,038 [main] INFO  handler.ContextHandler (ContextHandler.java:doStop(910)) - Stopped o.e.j.s.ServletContextHandler@7e53339{/static,jar:file:/home/user/.m2/repository/org/apache/hadoop/hadoop-hdds-container-service/0.5.0-SNAPSHOT/hadoop-hdds-container-service-0.5.0-SNAPSHOT.jar!/webapps/static,UNAVAILABLE}
2019-09-17 12:24:01,038 [main] INFO  handler.ContextHandler (ContextHandler.java:doStop(910)) - Stopped o.e.j.s.ServletContextHandler@6cf0a747{/logs,file:///tmp/workdir/hadoop-ozone/integration-test/target/log,UNAVAILABLE}
2019-09-17 12:24:01,116 [java.util.concurrent.ThreadPoolExecutor$Worker@4758ecc9[State = -1, empty queue]] WARN  server.GrpcLogAppender (GrpcLogAppender.java:timeoutAppendRequest(200)) - 84b9980c-7545-47f2-8f8d-7bdb4cb4587c@group-5D4E048AB16A->ba884459-fbaf-490e-9b71-3c718ea82914-GrpcLogAppender: appendEntries Timeout, request=84b9980c-7545-47f2-8f8d-7bdb4cb4587c->ba884459-fbaf-490e-9b71-3c718ea82914#169-t2, previous=(t:2, i:33), leaderCommit=29, initializing? false, entries: <empty>
2019-09-17 12:24:01,122 [grpc-default-executor-6] WARN  server.GrpcLogAppender (LogUtils.java:warn(134)) - 7689548e-5f49-4f36-9667-e46ba21e9ae3@group-C0075F260562->a5f9b548-b989-4807-80f4-ff576b54977d-AppendLogResponseHandler: Failed appendEntries: org.apache.ratis.thirdparty.io.grpc.StatusRuntimeException: UNAVAILABLE: io exception
2019-09-17 12:24:01,123 [grpc-default-executor-6] INFO  impl.FollowerInfo (FollowerInfo.java:lambda$new$0(51)) - 7689548e-5f49-4f36-9667-e46ba21e9ae3@group-C0075F260562->a5f9b548-b989-4807-80f4-ff576b54977d: nextIndex: updateUnconditionally 17 -> 16
2019-09-17 12:24:01,142 [grpc-default-executor-6] WARN  server.GrpcLogAppender (LogUtils.java:warn(134)) - 84b9980c-7545-47f2-8f8d-7bdb4cb4587c@group-5D4E048AB16A->89060399-4494-4f9b-b1c5-9635c65f7453-AppendLogResponseHandler: Failed appendEntries: org.apache.ratis.thirdparty.io.grpc.StatusRuntimeException: UNAVAILABLE: io exception
2019-09-17 12:24:01,143 [grpc-default-executor-6] INFO  impl.FollowerInfo (FollowerInfo.java:lambda$new$0(51)) - 84b9980c-7545-47f2-8f8d-7bdb4cb4587c@group-5D4E048AB16A->89060399-4494-4f9b-b1c5-9635c65f7453: nextIndex: updateUnconditionally 33 -> 32
2019-09-17 12:24:01,617 [java.util.concurrent.ThreadPoolExecutor$Worker@4758ecc9[State = -1, empty queue]] WARN  server.GrpcLogAppender (GrpcLogAppender.java:timeoutAppendRequest(200)) - 84b9980c-7545-47f2-8f8d-7bdb4cb4587c@group-5D4E048AB16A->ba884459-fbaf-490e-9b71-3c718ea82914-GrpcLogAppender: appendEntries Timeout, request=84b9980c-7545-47f2-8f8d-7bdb4cb4587c->ba884459-fbaf-490e-9b71-3c718ea82914#170-t2, previous=(t:2, i:33), leaderCommit=29, initializing? false, entries: <empty>
2019-09-17 12:24:01,622 [grpc-default-executor-5] WARN  server.GrpcLogAppender (LogUtils.java:warn(134)) - 7689548e-5f49-4f36-9667-e46ba21e9ae3@group-C0075F260562->a5f9b548-b989-4807-80f4-ff576b54977d-AppendLogResponseHandler: Failed appendEntries: org.apache.ratis.thirdparty.io.grpc.StatusRuntimeException: UNAVAILABLE: io exception
2019-09-17 12:24:01,623 [grpc-default-executor-5] INFO  impl.FollowerInfo (FollowerInfo.java:lambda$new$0(51)) - 7689548e-5f49-4f36-9667-e46ba21e9ae3@group-C0075F260562->a5f9b548-b989-4807-80f4-ff576b54977d: nextIndex: updateUnconditionally 16 -> 15
2019-09-17 12:24:01,643 [grpc-default-executor-1] WARN  server.GrpcLogAppender (LogUtils.java:warn(134)) - 84b9980c-7545-47f2-8f8d-7bdb4cb4587c@group-5D4E048AB16A->89060399-4494-4f9b-b1c5-9635c65f7453-AppendLogResponseHandler: Failed appendEntries: org.apache.ratis.thirdparty.io.grpc.StatusRuntimeException: UNAVAILABLE: io exception
2019-09-17 12:24:01,644 [grpc-default-executor-1] INFO  impl.FollowerInfo (FollowerInfo.java:lambda$new$0(51)) - 84b9980c-7545-47f2-8f8d-7bdb4cb4587c@group-5D4E048AB16A->89060399-4494-4f9b-b1c5-9635c65f7453: nextIndex: updateUnconditionally 32 -> 31
2019-09-17 12:24:01,749 [Datanode State Machine Thread - 0] INFO  statemachine.DatanodeStateMachine (DatanodeStateMachine.java:lambda$startDaemon$0(350)) - Ozone container server started.
2019-09-17 12:24:01,894 [Datanode State Machine Thread - 0] INFO  statemachine.DatanodeStateMachine (DatanodeStateMachine.java:lambda$startDaemon$0(350)) - Ozone container server started.
2019-09-17 12:24:01,933 [Thread-1553] INFO  impl.FollowerState (FollowerState.java:run(106)) - ef58021b-0245-4b2a-b464-78c332d31a33:group-97FAE486DEE6 changes to CANDIDATE, lastRpcTime:1091, electionTimeout:1091ms
2019-09-17 12:24:01,933 [Thread-1553] INFO  impl.RoleInfo (RoleInfo.java:shutdownFollowerState(121)) - ef58021b-0245-4b2a-b464-78c332d31a33: shutdown FollowerState
2019-09-17 12:24:01,933 [Thread-1553] INFO  impl.RaftServerImpl (RaftServerImpl.java:setRole(174)) - ef58021b-0245-4b2a-b464-78c332d31a33@group-97FAE486DEE6: changes role from  FOLLOWER to CANDIDATE at term 32 for changeToCandidate
2019-09-17 12:24:01,933 [Thread-1553] INFO  impl.RoleInfo (RoleInfo.java:updateAndGet(143)) - ef58021b-0245-4b2a-b464-78c332d31a33: start LeaderElection
2019-09-17 12:24:01,964 [ef58021b-0245-4b2a-b464-78c332d31a33@group-97FAE486DEE6:LeaderElection55] INFO  impl.LeaderElection (LeaderElection.java:askForVotes(182)) - ef58021b-0245-4b2a-b464-78c332d31a33@group-97FAE486DEE6:LeaderElection55: begin an election at term 33 for 0: [ed86af58-6365-40b3-a78c-ef8881f9dd1e:192.168.5.130:38034, 0cdf7b9a-92f5-4bda-bda9-a502d9c924f1:192.168.5.130:42251, ef58021b-0245-4b2a-b464-78c332d31a33:192.168.5.130:45449], old=null
2019-09-17 12:24:01,965 [ef58021b-0245-4b2a-b464-78c332d31a33@group-97FAE486DEE6:LeaderElection55] INFO  impl.LeaderElection (LogUtils.java:infoOrTrace(149)) - ef58021b-0245-4b2a-b464-78c332d31a33@group-97FAE486DEE6:LeaderElection55 got exception when requesting votes: {}
java.util.concurrent.ExecutionException: org.apache.ratis.thirdparty.io.grpc.StatusRuntimeException: UNAVAILABLE: io exception
	at java.util.concurrent.FutureTask.report(FutureTask.java:122)
	at java.util.concurrent.FutureTask.get(FutureTask.java:192)
	at org.apache.ratis.server.impl.LeaderElection.waitForResults(LeaderElection.java:263)
	at org.apache.ratis.server.impl.LeaderElection.askForVotes(LeaderElection.java:201)
	at org.apache.ratis.server.impl.LeaderElection.run(LeaderElection.java:133)
	at java.lang.Thread.run(Thread.java:748)
Caused by: org.apache.ratis.thirdparty.io.grpc.StatusRuntimeException: UNAVAILABLE: io exception
	at org.apache.ratis.thirdparty.io.grpc.stub.ClientCalls.toStatusRuntimeException(ClientCalls.java:233)
	at org.apache.ratis.thirdparty.io.grpc.stub.ClientCalls.getUnchecked(ClientCalls.java:214)
	at org.apache.ratis.thirdparty.io.grpc.stub.ClientCalls.blockingUnaryCall(ClientCalls.java:139)
	at org.apache.ratis.proto.grpc.RaftServerProtocolServiceGrpc$RaftServerProtocolServiceBlockingStub.requestVote(RaftServerProtocolServiceGrpc.java:265)
	at org.apache.ratis.grpc.server.GrpcServerProtocolClient.requestVote(GrpcServerProtocolClient.java:90)
	at org.apache.ratis.grpc.server.GrpcService.requestVote(GrpcService.java:204)
	at org.apache.ratis.server.impl.LeaderElection.lambda$submitRequests$1(LeaderElection.java:238)
	at java.util.concurrent.FutureTask.run(FutureTask.java:266)
	at java.util.concurrent.Executors$RunnableAdapter.call(Executors.java:511)
	at java.util.concurrent.FutureTask.run(FutureTask.java:266)
	at java.util.concurrent.ThreadPoolExecutor.runWorker(ThreadPoolExecutor.java:1149)
	at java.util.concurrent.ThreadPoolExecutor$Worker.run(ThreadPoolExecutor.java:624)
	... 1 more
Caused by: org.apache.ratis.thirdparty.io.netty.channel.AbstractChannel$AnnotatedConnectException: Connection refused: /192.168.5.130:38034
	at sun.nio.ch.SocketChannelImpl.checkConnect(Native Method)
	at sun.nio.ch.SocketChannelImpl.finishConnect(SocketChannelImpl.java:717)
	at org.apache.ratis.thirdparty.io.netty.channel.socket.nio.NioSocketChannel.doFinishConnect(NioSocketChannel.java:327)
	at org.apache.ratis.thirdparty.io.netty.channel.nio.AbstractNioChannel$AbstractNioUnsafe.finishConnect(AbstractNioChannel.java:340)
	at org.apache.ratis.thirdparty.io.netty.channel.nio.NioEventLoop.processSelectedKey(NioEventLoop.java:632)
	at org.apache.ratis.thirdparty.io.netty.channel.nio.NioEventLoop.processSelectedKeysOptimized(NioEventLoop.java:579)
	at org.apache.ratis.thirdparty.io.netty.channel.nio.NioEventLoop.processSelectedKeys(NioEventLoop.java:496)
	at org.apache.ratis.thirdparty.io.netty.channel.nio.NioEventLoop.run(NioEventLoop.java:458)
	at org.apache.ratis.thirdparty.io.netty.util.concurrent.SingleThreadEventExecutor$5.run(SingleThreadEventExecutor.java:897)
	at org.apache.ratis.thirdparty.io.netty.util.concurrent.FastThreadLocalRunnable.run(FastThreadLocalRunnable.java:30)
	... 1 more
Caused by: java.net.ConnectException: Connection refused
	... 11 more
2019-09-17 12:24:01,966 [ef58021b-0245-4b2a-b464-78c332d31a33@group-97FAE486DEE6:LeaderElection55] INFO  impl.LeaderElection (LogUtils.java:infoOrTrace(149)) - ef58021b-0245-4b2a-b464-78c332d31a33@group-97FAE486DEE6:LeaderElection55 got exception when requesting votes: {}
java.util.concurrent.ExecutionException: org.apache.ratis.thirdparty.io.grpc.StatusRuntimeException: UNAVAILABLE: io exception
	at java.util.concurrent.FutureTask.report(FutureTask.java:122)
	at java.util.concurrent.FutureTask.get(FutureTask.java:192)
	at org.apache.ratis.server.impl.LeaderElection.waitForResults(LeaderElection.java:263)
	at org.apache.ratis.server.impl.LeaderElection.askForVotes(LeaderElection.java:201)
	at org.apache.ratis.server.impl.LeaderElection.run(LeaderElection.java:133)
	at java.lang.Thread.run(Thread.java:748)
Caused by: org.apache.ratis.thirdparty.io.grpc.StatusRuntimeException: UNAVAILABLE: io exception
	at org.apache.ratis.thirdparty.io.grpc.stub.ClientCalls.toStatusRuntimeException(ClientCalls.java:233)
	at org.apache.ratis.thirdparty.io.grpc.stub.ClientCalls.getUnchecked(ClientCalls.java:214)
	at org.apache.ratis.thirdparty.io.grpc.stub.ClientCalls.blockingUnaryCall(ClientCalls.java:139)
	at org.apache.ratis.proto.grpc.RaftServerProtocolServiceGrpc$RaftServerProtocolServiceBlockingStub.requestVote(RaftServerProtocolServiceGrpc.java:265)
	at org.apache.ratis.grpc.server.GrpcServerProtocolClient.requestVote(GrpcServerProtocolClient.java:90)
	at org.apache.ratis.grpc.server.GrpcService.requestVote(GrpcService.java:204)
	at org.apache.ratis.server.impl.LeaderElection.lambda$submitRequests$1(LeaderElection.java:238)
	at java.util.concurrent.FutureTask.run(FutureTask.java:266)
	at java.util.concurrent.Executors$RunnableAdapter.call(Executors.java:511)
	at java.util.concurrent.FutureTask.run(FutureTask.java:266)
	at java.util.concurrent.ThreadPoolExecutor.runWorker(ThreadPoolExecutor.java:1149)
	at java.util.concurrent.ThreadPoolExecutor$Worker.run(ThreadPoolExecutor.java:624)
	... 1 more
Caused by: org.apache.ratis.thirdparty.io.netty.channel.AbstractChannel$AnnotatedConnectException: Connection refused: /192.168.5.130:42251
	at sun.nio.ch.SocketChannelImpl.checkConnect(Native Method)
	at sun.nio.ch.SocketChannelImpl.finishConnect(SocketChannelImpl.java:717)
	at org.apache.ratis.thirdparty.io.netty.channel.socket.nio.NioSocketChannel.doFinishConnect(NioSocketChannel.java:327)
	at org.apache.ratis.thirdparty.io.netty.channel.nio.AbstractNioChannel$AbstractNioUnsafe.finishConnect(AbstractNioChannel.java:340)
	at org.apache.ratis.thirdparty.io.netty.channel.nio.NioEventLoop.processSelectedKey(NioEventLoop.java:632)
	at org.apache.ratis.thirdparty.io.netty.channel.nio.NioEventLoop.processSelectedKeysOptimized(NioEventLoop.java:579)
	at org.apache.ratis.thirdparty.io.netty.channel.nio.NioEventLoop.processSelectedKeys(NioEventLoop.java:496)
	at org.apache.ratis.thirdparty.io.netty.channel.nio.NioEventLoop.run(NioEventLoop.java:458)
	at org.apache.ratis.thirdparty.io.netty.util.concurrent.SingleThreadEventExecutor$5.run(SingleThreadEventExecutor.java:897)
	at org.apache.ratis.thirdparty.io.netty.util.concurrent.FastThreadLocalRunnable.run(FastThreadLocalRunnable.java:30)
	... 1 more
Caused by: java.net.ConnectException: Connection refused
	... 11 more
2019-09-17 12:24:01,966 [ef58021b-0245-4b2a-b464-78c332d31a33@group-97FAE486DEE6:LeaderElection55] INFO  impl.LeaderElection (LeaderElection.java:logAndReturn(56)) - ef58021b-0245-4b2a-b464-78c332d31a33@group-97FAE486DEE6:LeaderElection55: Election REJECTED; received 0 response(s) [] and 2 exception(s); ef58021b-0245-4b2a-b464-78c332d31a33@group-97FAE486DEE6:t33, leader=null, voted=ef58021b-0245-4b2a-b464-78c332d31a33, raftlog=ef58021b-0245-4b2a-b464-78c332d31a33@group-97FAE486DEE6-SegmentedRaftLog:OPENED:c27,f27,i27, conf=0: [ed86af58-6365-40b3-a78c-ef8881f9dd1e:192.168.5.130:38034, 0cdf7b9a-92f5-4bda-bda9-a502d9c924f1:192.168.5.130:42251, ef58021b-0245-4b2a-b464-78c332d31a33:192.168.5.130:45449], old=null
2019-09-17 12:24:01,967 [ef58021b-0245-4b2a-b464-78c332d31a33@group-97FAE486DEE6:LeaderElection55] INFO  impl.LeaderElection (LogUtils.java:infoOrTrace(149)) -   Exception 0: {}
java.util.concurrent.ExecutionException: org.apache.ratis.thirdparty.io.grpc.StatusRuntimeException: UNAVAILABLE: io exception
	at java.util.concurrent.FutureTask.report(FutureTask.java:122)
	at java.util.concurrent.FutureTask.get(FutureTask.java:192)
	at org.apache.ratis.server.impl.LeaderElection.waitForResults(LeaderElection.java:263)
	at org.apache.ratis.server.impl.LeaderElection.askForVotes(LeaderElection.java:201)
	at org.apache.ratis.server.impl.LeaderElection.run(LeaderElection.java:133)
	at java.lang.Thread.run(Thread.java:748)
Caused by: org.apache.ratis.thirdparty.io.grpc.StatusRuntimeException: UNAVAILABLE: io exception
	at org.apache.ratis.thirdparty.io.grpc.stub.ClientCalls.toStatusRuntimeException(ClientCalls.java:233)
	at org.apache.ratis.thirdparty.io.grpc.stub.ClientCalls.getUnchecked(ClientCalls.java:214)
	at org.apache.ratis.thirdparty.io.grpc.stub.ClientCalls.blockingUnaryCall(ClientCalls.java:139)
	at org.apache.ratis.proto.grpc.RaftServerProtocolServiceGrpc$RaftServerProtocolServiceBlockingStub.requestVote(RaftServerProtocolServiceGrpc.java:265)
	at org.apache.ratis.grpc.server.GrpcServerProtocolClient.requestVote(GrpcServerProtocolClient.java:90)
	at org.apache.ratis.grpc.server.GrpcService.requestVote(GrpcService.java:204)
	at org.apache.ratis.server.impl.LeaderElection.lambda$submitRequests$1(LeaderElection.java:238)
	at java.util.concurrent.FutureTask.run(FutureTask.java:266)
	at java.util.concurrent.Executors$RunnableAdapter.call(Executors.java:511)
	at java.util.concurrent.FutureTask.run(FutureTask.java:266)
	at java.util.concurrent.ThreadPoolExecutor.runWorker(ThreadPoolExecutor.java:1149)
	at java.util.concurrent.ThreadPoolExecutor$Worker.run(ThreadPoolExecutor.java:624)
	... 1 more
Caused by: org.apache.ratis.thirdparty.io.netty.channel.AbstractChannel$AnnotatedConnectException: Connection refused: /192.168.5.130:38034
	at sun.nio.ch.SocketChannelImpl.checkConnect(Native Method)
	at sun.nio.ch.SocketChannelImpl.finishConnect(SocketChannelImpl.java:717)
	at org.apache.ratis.thirdparty.io.netty.channel.socket.nio.NioSocketChannel.doFinishConnect(NioSocketChannel.java:327)
	at org.apache.ratis.thirdparty.io.netty.channel.nio.AbstractNioChannel$AbstractNioUnsafe.finishConnect(AbstractNioChannel.java:340)
	at org.apache.ratis.thirdparty.io.netty.channel.nio.NioEventLoop.processSelectedKey(NioEventLoop.java:632)
	at org.apache.ratis.thirdparty.io.netty.channel.nio.NioEventLoop.processSelectedKeysOptimized(NioEventLoop.java:579)
	at org.apache.ratis.thirdparty.io.netty.channel.nio.NioEventLoop.processSelectedKeys(NioEventLoop.java:496)
	at org.apache.ratis.thirdparty.io.netty.channel.nio.NioEventLoop.run(NioEventLoop.java:458)
	at org.apache.ratis.thirdparty.io.netty.util.concurrent.SingleThreadEventExecutor$5.run(SingleThreadEventExecutor.java:897)
	at org.apache.ratis.thirdparty.io.netty.util.concurrent.FastThreadLocalRunnable.run(FastThreadLocalRunnable.java:30)
	... 1 more
Caused by: java.net.ConnectException: Connection refused
	... 11 more
2019-09-17 12:24:01,967 [ef58021b-0245-4b2a-b464-78c332d31a33@group-97FAE486DEE6:LeaderElection55] INFO  impl.LeaderElection (LogUtils.java:infoOrTrace(149)) -   Exception 1: {}
java.util.concurrent.ExecutionException: org.apache.ratis.thirdparty.io.grpc.StatusRuntimeException: UNAVAILABLE: io exception
	at java.util.concurrent.FutureTask.report(FutureTask.java:122)
	at java.util.concurrent.FutureTask.get(FutureTask.java:192)
	at org.apache.ratis.server.impl.LeaderElection.waitForResults(LeaderElection.java:263)
	at org.apache.ratis.server.impl.LeaderElection.askForVotes(LeaderElection.java:201)
	at org.apache.ratis.server.impl.LeaderElection.run(LeaderElection.java:133)
	at java.lang.Thread.run(Thread.java:748)
Caused by: org.apache.ratis.thirdparty.io.grpc.StatusRuntimeException: UNAVAILABLE: io exception
	at org.apache.ratis.thirdparty.io.grpc.stub.ClientCalls.toStatusRuntimeException(ClientCalls.java:233)
	at org.apache.ratis.thirdparty.io.grpc.stub.ClientCalls.getUnchecked(ClientCalls.java:214)
	at org.apache.ratis.thirdparty.io.grpc.stub.ClientCalls.blockingUnaryCall(ClientCalls.java:139)
	at org.apache.ratis.proto.grpc.RaftServerProtocolServiceGrpc$RaftServerProtocolServiceBlockingStub.requestVote(RaftServerProtocolServiceGrpc.java:265)
	at org.apache.ratis.grpc.server.GrpcServerProtocolClient.requestVote(GrpcServerProtocolClient.java:90)
	at org.apache.ratis.grpc.server.GrpcService.requestVote(GrpcService.java:204)
	at org.apache.ratis.server.impl.LeaderElection.lambda$submitRequests$1(LeaderElection.java:238)
	at java.util.concurrent.FutureTask.run(FutureTask.java:266)
	at java.util.concurrent.Executors$RunnableAdapter.call(Executors.java:511)
	at java.util.concurrent.FutureTask.run(FutureTask.java:266)
	at java.util.concurrent.ThreadPoolExecutor.runWorker(ThreadPoolExecutor.java:1149)
	at java.util.concurrent.ThreadPoolExecutor$Worker.run(ThreadPoolExecutor.java:624)
	... 1 more
Caused by: org.apache.ratis.thirdparty.io.netty.channel.AbstractChannel$AnnotatedConnectException: Connection refused: /192.168.5.130:42251
	at sun.nio.ch.SocketChannelImpl.checkConnect(Native Method)
	at sun.nio.ch.SocketChannelImpl.finishConnect(SocketChannelImpl.java:717)
	at org.apache.ratis.thirdparty.io.netty.channel.socket.nio.NioSocketChannel.doFinishConnect(NioSocketChannel.java:327)
	at org.apache.ratis.thirdparty.io.netty.channel.nio.AbstractNioChannel$AbstractNioUnsafe.finishConnect(AbstractNioChannel.java:340)
	at org.apache.ratis.thirdparty.io.netty.channel.nio.NioEventLoop.processSelectedKey(NioEventLoop.java:632)
	at org.apache.ratis.thirdparty.io.netty.channel.nio.NioEventLoop.processSelectedKeysOptimized(NioEventLoop.java:579)
	at org.apache.ratis.thirdparty.io.netty.channel.nio.NioEventLoop.processSelectedKeys(NioEventLoop.java:496)
	at org.apache.ratis.thirdparty.io.netty.channel.nio.NioEventLoop.run(NioEventLoop.java:458)
	at org.apache.ratis.thirdparty.io.netty.util.concurrent.SingleThreadEventExecutor$5.run(SingleThreadEventExecutor.java:897)
	at org.apache.ratis.thirdparty.io.netty.util.concurrent.FastThreadLocalRunnable.run(FastThreadLocalRunnable.java:30)
	... 1 more
Caused by: java.net.ConnectException: Connection refused
	... 11 more
2019-09-17 12:24:01,967 [ef58021b-0245-4b2a-b464-78c332d31a33@group-97FAE486DEE6:LeaderElection55] INFO  impl.RaftServerImpl (RaftServerImpl.java:setRole(174)) - ef58021b-0245-4b2a-b464-78c332d31a33@group-97FAE486DEE6: changes role from CANDIDATE to FOLLOWER at term 33 for DISCOVERED_A_NEW_TERM
2019-09-17 12:24:01,967 [ef58021b-0245-4b2a-b464-78c332d31a33@group-97FAE486DEE6:LeaderElection55] INFO  impl.RoleInfo (RoleInfo.java:shutdownLeaderElection(134)) - ef58021b-0245-4b2a-b464-78c332d31a33: shutdown LeaderElection
2019-09-17 12:24:01,968 [ef58021b-0245-4b2a-b464-78c332d31a33@group-97FAE486DEE6:LeaderElection55] INFO  impl.RoleInfo (RoleInfo.java:updateAndGet(143)) - ef58021b-0245-4b2a-b464-78c332d31a33: start FollowerState
2019-09-17 12:24:02,118 [java.util.concurrent.ThreadPoolExecutor$Worker@4758ecc9[State = -1, empty queue]] WARN  server.GrpcLogAppender (GrpcLogAppender.java:timeoutAppendRequest(200)) - 84b9980c-7545-47f2-8f8d-7bdb4cb4587c@group-5D4E048AB16A->ba884459-fbaf-490e-9b71-3c718ea82914-GrpcLogAppender: appendEntries Timeout, request=84b9980c-7545-47f2-8f8d-7bdb4cb4587c->ba884459-fbaf-490e-9b71-3c718ea82914#171-t2, previous=(t:2, i:33), leaderCommit=29, initializing? false, entries: <empty>
2019-09-17 12:24:02,123 [grpc-default-executor-1] WARN  server.GrpcLogAppender (LogUtils.java:warn(134)) - 7689548e-5f49-4f36-9667-e46ba21e9ae3@group-C0075F260562->a5f9b548-b989-4807-80f4-ff576b54977d-AppendLogResponseHandler: Failed appendEntries: org.apache.ratis.thirdparty.io.grpc.StatusRuntimeException: UNAVAILABLE: io exception
2019-09-17 12:24:02,124 [grpc-default-executor-1] INFO  impl.FollowerInfo (FollowerInfo.java:lambda$new$0(51)) - 7689548e-5f49-4f36-9667-e46ba21e9ae3@group-C0075F260562->a5f9b548-b989-4807-80f4-ff576b54977d: nextIndex: updateUnconditionally 15 -> 14
2019-09-17 12:24:02,143 [grpc-default-executor-6] WARN  server.GrpcLogAppender (LogUtils.java:warn(134)) - 84b9980c-7545-47f2-8f8d-7bdb4cb4587c@group-5D4E048AB16A->89060399-4494-4f9b-b1c5-9635c65f7453-AppendLogResponseHandler: Failed appendEntries: org.apache.ratis.thirdparty.io.grpc.StatusRuntimeException: UNAVAILABLE: io exception
2019-09-17 12:24:02,144 [grpc-default-executor-6] INFO  impl.FollowerInfo (FollowerInfo.java:lambda$new$0(51)) - 84b9980c-7545-47f2-8f8d-7bdb4cb4587c@group-5D4E048AB16A->89060399-4494-4f9b-b1c5-9635c65f7453: nextIndex: updateUnconditionally 31 -> 30
2019-09-17 12:24:02,618 [java.util.concurrent.ThreadPoolExecutor$Worker@4758ecc9[State = -1, empty queue]] WARN  server.GrpcLogAppender (GrpcLogAppender.java:timeoutAppendRequest(200)) - 84b9980c-7545-47f2-8f8d-7bdb4cb4587c@group-5D4E048AB16A->ba884459-fbaf-490e-9b71-3c718ea82914-GrpcLogAppender: appendEntries Timeout, request=84b9980c-7545-47f2-8f8d-7bdb4cb4587c->ba884459-fbaf-490e-9b71-3c718ea82914#172-t2, previous=(t:2, i:33), leaderCommit=29, initializing? false, entries: <empty>
2019-09-17 12:24:02,624 [grpc-default-executor-5] WARN  server.GrpcLogAppender (LogUtils.java:warn(134)) - 7689548e-5f49-4f36-9667-e46ba21e9ae3@group-C0075F260562->a5f9b548-b989-4807-80f4-ff576b54977d-AppendLogResponseHandler: Failed appendEntries: org.apache.ratis.thirdparty.io.grpc.StatusRuntimeException: UNAVAILABLE: io exception
2019-09-17 12:24:02,625 [grpc-default-executor-5] INFO  impl.FollowerInfo (FollowerInfo.java:lambda$new$0(51)) - 7689548e-5f49-4f36-9667-e46ba21e9ae3@group-C0075F260562->a5f9b548-b989-4807-80f4-ff576b54977d: nextIndex: updateUnconditionally 14 -> 13
2019-09-17 12:24:02,644 [grpc-default-executor-1] WARN  server.GrpcLogAppender (LogUtils.java:warn(134)) - 84b9980c-7545-47f2-8f8d-7bdb4cb4587c@group-5D4E048AB16A->89060399-4494-4f9b-b1c5-9635c65f7453-AppendLogResponseHandler: Failed appendEntries: org.apache.ratis.thirdparty.io.grpc.StatusRuntimeException: UNAVAILABLE: io exception
2019-09-17 12:24:02,644 [grpc-default-executor-1] INFO  impl.FollowerInfo (FollowerInfo.java:lambda$new$0(51)) - 84b9980c-7545-47f2-8f8d-7bdb4cb4587c@group-5D4E048AB16A->89060399-4494-4f9b-b1c5-9635c65f7453: nextIndex: updateUnconditionally 30 -> 29
2019-09-17 12:24:02,981 [Thread-1562] INFO  impl.FollowerState (FollowerState.java:run(106)) - ef58021b-0245-4b2a-b464-78c332d31a33:group-97FAE486DEE6 changes to CANDIDATE, lastRpcTime:1013, electionTimeout:1013ms
2019-09-17 12:24:02,981 [Thread-1562] INFO  impl.RoleInfo (RoleInfo.java:shutdownFollowerState(121)) - ef58021b-0245-4b2a-b464-78c332d31a33: shutdown FollowerState
2019-09-17 12:24:02,981 [Thread-1562] INFO  impl.RaftServerImpl (RaftServerImpl.java:setRole(174)) - ef58021b-0245-4b2a-b464-78c332d31a33@group-97FAE486DEE6: changes role from  FOLLOWER to CANDIDATE at term 33 for changeToCandidate
2019-09-17 12:24:02,982 [Thread-1562] INFO  impl.RoleInfo (RoleInfo.java:updateAndGet(143)) - ef58021b-0245-4b2a-b464-78c332d31a33: start LeaderElection
2019-09-17 12:24:03,118 [java.util.concurrent.ThreadPoolExecutor$Worker@4758ecc9[State = -1, empty queue]] WARN  server.GrpcLogAppender (GrpcLogAppender.java:timeoutAppendRequest(200)) - 84b9980c-7545-47f2-8f8d-7bdb4cb4587c@group-5D4E048AB16A->ba884459-fbaf-490e-9b71-3c718ea82914-GrpcLogAppender: appendEntries Timeout, request=84b9980c-7545-47f2-8f8d-7bdb4cb4587c->ba884459-fbaf-490e-9b71-3c718ea82914#173-t2, previous=(t:2, i:33), leaderCommit=29, initializing? false, entries: <empty>
2019-09-17 12:24:03,125 [grpc-default-executor-6] WARN  server.GrpcLogAppender (LogUtils.java:warn(134)) - 7689548e-5f49-4f36-9667-e46ba21e9ae3@group-C0075F260562->a5f9b548-b989-4807-80f4-ff576b54977d-AppendLogResponseHandler: Failed appendEntries: org.apache.ratis.thirdparty.io.grpc.StatusRuntimeException: UNAVAILABLE: io exception
2019-09-17 12:24:03,125 [grpc-default-executor-6] INFO  impl.FollowerInfo (FollowerInfo.java:lambda$new$0(51)) - 7689548e-5f49-4f36-9667-e46ba21e9ae3@group-C0075F260562->a5f9b548-b989-4807-80f4-ff576b54977d: nextIndex: updateUnconditionally 13 -> 12
2019-09-17 12:24:03,145 [grpc-default-executor-5] WARN  server.GrpcLogAppender (LogUtils.java:warn(134)) - 84b9980c-7545-47f2-8f8d-7bdb4cb4587c@group-5D4E048AB16A->89060399-4494-4f9b-b1c5-9635c65f7453-AppendLogResponseHandler: Failed appendEntries: org.apache.ratis.thirdparty.io.grpc.StatusRuntimeException: UNAVAILABLE: io exception
2019-09-17 12:24:03,146 [grpc-default-executor-5] INFO  impl.FollowerInfo (FollowerInfo.java:lambda$new$0(51)) - 84b9980c-7545-47f2-8f8d-7bdb4cb4587c@group-5D4E048AB16A->89060399-4494-4f9b-b1c5-9635c65f7453: nextIndex: updateUnconditionally 29 -> 28
2019-09-17 12:24:03,209 [ef58021b-0245-4b2a-b464-78c332d31a33@group-97FAE486DEE6:LeaderElection56] INFO  impl.LeaderElection (LeaderElection.java:askForVotes(182)) - ef58021b-0245-4b2a-b464-78c332d31a33@group-97FAE486DEE6:LeaderElection56: begin an election at term 34 for 0: [ed86af58-6365-40b3-a78c-ef8881f9dd1e:192.168.5.130:38034, 0cdf7b9a-92f5-4bda-bda9-a502d9c924f1:192.168.5.130:42251, ef58021b-0245-4b2a-b464-78c332d31a33:192.168.5.130:45449], old=null
2019-09-17 12:24:03,210 [ef58021b-0245-4b2a-b464-78c332d31a33@group-97FAE486DEE6:LeaderElection56] INFO  impl.LeaderElection (LogUtils.java:infoOrTrace(149)) - ef58021b-0245-4b2a-b464-78c332d31a33@group-97FAE486DEE6:LeaderElection56 got exception when requesting votes: {}
java.util.concurrent.ExecutionException: org.apache.ratis.thirdparty.io.grpc.StatusRuntimeException: UNAVAILABLE: io exception
	at java.util.concurrent.FutureTask.report(FutureTask.java:122)
	at java.util.concurrent.FutureTask.get(FutureTask.java:192)
	at org.apache.ratis.server.impl.LeaderElection.waitForResults(LeaderElection.java:263)
	at org.apache.ratis.server.impl.LeaderElection.askForVotes(LeaderElection.java:201)
	at org.apache.ratis.server.impl.LeaderElection.run(LeaderElection.java:133)
	at java.lang.Thread.run(Thread.java:748)
Caused by: org.apache.ratis.thirdparty.io.grpc.StatusRuntimeException: UNAVAILABLE: io exception
	at org.apache.ratis.thirdparty.io.grpc.stub.ClientCalls.toStatusRuntimeException(ClientCalls.java:233)
	at org.apache.ratis.thirdparty.io.grpc.stub.ClientCalls.getUnchecked(ClientCalls.java:214)
	at org.apache.ratis.thirdparty.io.grpc.stub.ClientCalls.blockingUnaryCall(ClientCalls.java:139)
	at org.apache.ratis.proto.grpc.RaftServerProtocolServiceGrpc$RaftServerProtocolServiceBlockingStub.requestVote(RaftServerProtocolServiceGrpc.java:265)
	at org.apache.ratis.grpc.server.GrpcServerProtocolClient.requestVote(GrpcServerProtocolClient.java:90)
	at org.apache.ratis.grpc.server.GrpcService.requestVote(GrpcService.java:204)
	at org.apache.ratis.server.impl.LeaderElection.lambda$submitRequests$1(LeaderElection.java:238)
	at java.util.concurrent.FutureTask.run(FutureTask.java:266)
	at java.util.concurrent.Executors$RunnableAdapter.call(Executors.java:511)
	at java.util.concurrent.FutureTask.run(FutureTask.java:266)
	at java.util.concurrent.ThreadPoolExecutor.runWorker(ThreadPoolExecutor.java:1149)
	at java.util.concurrent.ThreadPoolExecutor$Worker.run(ThreadPoolExecutor.java:624)
	... 1 more
Caused by: org.apache.ratis.thirdparty.io.netty.channel.AbstractChannel$AnnotatedConnectException: Connection refused: /192.168.5.130:38034
	at sun.nio.ch.SocketChannelImpl.checkConnect(Native Method)
	at sun.nio.ch.SocketChannelImpl.finishConnect(SocketChannelImpl.java:717)
	at org.apache.ratis.thirdparty.io.netty.channel.socket.nio.NioSocketChannel.doFinishConnect(NioSocketChannel.java:327)
	at org.apache.ratis.thirdparty.io.netty.channel.nio.AbstractNioChannel$AbstractNioUnsafe.finishConnect(AbstractNioChannel.java:340)
	at org.apache.ratis.thirdparty.io.netty.channel.nio.NioEventLoop.processSelectedKey(NioEventLoop.java:632)
	at org.apache.ratis.thirdparty.io.netty.channel.nio.NioEventLoop.processSelectedKeysOptimized(NioEventLoop.java:579)
	at org.apache.ratis.thirdparty.io.netty.channel.nio.NioEventLoop.processSelectedKeys(NioEventLoop.java:496)
	at org.apache.ratis.thirdparty.io.netty.channel.nio.NioEventLoop.run(NioEventLoop.java:458)
	at org.apache.ratis.thirdparty.io.netty.util.concurrent.SingleThreadEventExecutor$5.run(SingleThreadEventExecutor.java:897)
	at org.apache.ratis.thirdparty.io.netty.util.concurrent.FastThreadLocalRunnable.run(FastThreadLocalRunnable.java:30)
	... 1 more
Caused by: java.net.ConnectException: Connection refused
	... 11 more
2019-09-17 12:24:03,211 [ef58021b-0245-4b2a-b464-78c332d31a33@group-97FAE486DEE6:LeaderElection56] INFO  impl.LeaderElection (LogUtils.java:infoOrTrace(149)) - ef58021b-0245-4b2a-b464-78c332d31a33@group-97FAE486DEE6:LeaderElection56 got exception when requesting votes: {}
java.util.concurrent.ExecutionException: org.apache.ratis.thirdparty.io.grpc.StatusRuntimeException: UNAVAILABLE: io exception
	at java.util.concurrent.FutureTask.report(FutureTask.java:122)
	at java.util.concurrent.FutureTask.get(FutureTask.java:192)
	at org.apache.ratis.server.impl.LeaderElection.waitForResults(LeaderElection.java:263)
	at org.apache.ratis.server.impl.LeaderElection.askForVotes(LeaderElection.java:201)
	at org.apache.ratis.server.impl.LeaderElection.run(LeaderElection.java:133)
	at java.lang.Thread.run(Thread.java:748)
Caused by: org.apache.ratis.thirdparty.io.grpc.StatusRuntimeException: UNAVAILABLE: io exception
	at org.apache.ratis.thirdparty.io.grpc.stub.ClientCalls.toStatusRuntimeException(ClientCalls.java:233)
	at org.apache.ratis.thirdparty.io.grpc.stub.ClientCalls.getUnchecked(ClientCalls.java:214)
	at org.apache.ratis.thirdparty.io.grpc.stub.ClientCalls.blockingUnaryCall(ClientCalls.java:139)
	at org.apache.ratis.proto.grpc.RaftServerProtocolServiceGrpc$RaftServerProtocolServiceBlockingStub.requestVote(RaftServerProtocolServiceGrpc.java:265)
	at org.apache.ratis.grpc.server.GrpcServerProtocolClient.requestVote(GrpcServerProtocolClient.java:90)
	at org.apache.ratis.grpc.server.GrpcService.requestVote(GrpcService.java:204)
	at org.apache.ratis.server.impl.LeaderElection.lambda$submitRequests$1(LeaderElection.java:238)
	at java.util.concurrent.FutureTask.run(FutureTask.java:266)
	at java.util.concurrent.Executors$RunnableAdapter.call(Executors.java:511)
	at java.util.concurrent.FutureTask.run(FutureTask.java:266)
	at java.util.concurrent.ThreadPoolExecutor.runWorker(ThreadPoolExecutor.java:1149)
	at java.util.concurrent.ThreadPoolExecutor$Worker.run(ThreadPoolExecutor.java:624)
	... 1 more
Caused by: org.apache.ratis.thirdparty.io.netty.channel.AbstractChannel$AnnotatedConnectException: Connection refused: /192.168.5.130:42251
	at sun.nio.ch.SocketChannelImpl.checkConnect(Native Method)
	at sun.nio.ch.SocketChannelImpl.finishConnect(SocketChannelImpl.java:717)
	at org.apache.ratis.thirdparty.io.netty.channel.socket.nio.NioSocketChannel.doFinishConnect(NioSocketChannel.java:327)
	at org.apache.ratis.thirdparty.io.netty.channel.nio.AbstractNioChannel$AbstractNioUnsafe.finishConnect(AbstractNioChannel.java:340)
	at org.apache.ratis.thirdparty.io.netty.channel.nio.NioEventLoop.processSelectedKey(NioEventLoop.java:632)
	at org.apache.ratis.thirdparty.io.netty.channel.nio.NioEventLoop.processSelectedKeysOptimized(NioEventLoop.java:579)
	at org.apache.ratis.thirdparty.io.netty.channel.nio.NioEventLoop.processSelectedKeys(NioEventLoop.java:496)
	at org.apache.ratis.thirdparty.io.netty.channel.nio.NioEventLoop.run(NioEventLoop.java:458)
	at org.apache.ratis.thirdparty.io.netty.util.concurrent.SingleThreadEventExecutor$5.run(SingleThreadEventExecutor.java:897)
	at org.apache.ratis.thirdparty.io.netty.util.concurrent.FastThreadLocalRunnable.run(FastThreadLocalRunnable.java:30)
	... 1 more
Caused by: java.net.ConnectException: Connection refused
	... 11 more
2019-09-17 12:24:03,211 [ef58021b-0245-4b2a-b464-78c332d31a33@group-97FAE486DEE6:LeaderElection56] INFO  impl.LeaderElection (LeaderElection.java:logAndReturn(56)) - ef58021b-0245-4b2a-b464-78c332d31a33@group-97FAE486DEE6:LeaderElection56: Election REJECTED; received 0 response(s) [] and 2 exception(s); ef58021b-0245-4b2a-b464-78c332d31a33@group-97FAE486DEE6:t34, leader=null, voted=ef58021b-0245-4b2a-b464-78c332d31a33, raftlog=ef58021b-0245-4b2a-b464-78c332d31a33@group-97FAE486DEE6-SegmentedRaftLog:OPENED:c27,f27,i27, conf=0: [ed86af58-6365-40b3-a78c-ef8881f9dd1e:192.168.5.130:38034, 0cdf7b9a-92f5-4bda-bda9-a502d9c924f1:192.168.5.130:42251, ef58021b-0245-4b2a-b464-78c332d31a33:192.168.5.130:45449], old=null
2019-09-17 12:24:03,211 [ef58021b-0245-4b2a-b464-78c332d31a33@group-97FAE486DEE6:LeaderElection56] INFO  impl.LeaderElection (LogUtils.java:infoOrTrace(149)) -   Exception 0: {}
java.util.concurrent.ExecutionException: org.apache.ratis.thirdparty.io.grpc.StatusRuntimeException: UNAVAILABLE: io exception
	at java.util.concurrent.FutureTask.report(FutureTask.java:122)
	at java.util.concurrent.FutureTask.get(FutureTask.java:192)
	at org.apache.ratis.server.impl.LeaderElection.waitForResults(LeaderElection.java:263)
	at org.apache.ratis.server.impl.LeaderElection.askForVotes(LeaderElection.java:201)
	at org.apache.ratis.server.impl.LeaderElection.run(LeaderElection.java:133)
	at java.lang.Thread.run(Thread.java:748)
Caused by: org.apache.ratis.thirdparty.io.grpc.StatusRuntimeException: UNAVAILABLE: io exception
	at org.apache.ratis.thirdparty.io.grpc.stub.ClientCalls.toStatusRuntimeException(ClientCalls.java:233)
	at org.apache.ratis.thirdparty.io.grpc.stub.ClientCalls.getUnchecked(ClientCalls.java:214)
	at org.apache.ratis.thirdparty.io.grpc.stub.ClientCalls.blockingUnaryCall(ClientCalls.java:139)
	at org.apache.ratis.proto.grpc.RaftServerProtocolServiceGrpc$RaftServerProtocolServiceBlockingStub.requestVote(RaftServerProtocolServiceGrpc.java:265)
	at org.apache.ratis.grpc.server.GrpcServerProtocolClient.requestVote(GrpcServerProtocolClient.java:90)
	at org.apache.ratis.grpc.server.GrpcService.requestVote(GrpcService.java:204)
	at org.apache.ratis.server.impl.LeaderElection.lambda$submitRequests$1(LeaderElection.java:238)
	at java.util.concurrent.FutureTask.run(FutureTask.java:266)
	at java.util.concurrent.Executors$RunnableAdapter.call(Executors.java:511)
	at java.util.concurrent.FutureTask.run(FutureTask.java:266)
	at java.util.concurrent.ThreadPoolExecutor.runWorker(ThreadPoolExecutor.java:1149)
	at java.util.concurrent.ThreadPoolExecutor$Worker.run(ThreadPoolExecutor.java:624)
	... 1 more
Caused by: org.apache.ratis.thirdparty.io.netty.channel.AbstractChannel$AnnotatedConnectException: Connection refused: /192.168.5.130:38034
	at sun.nio.ch.SocketChannelImpl.checkConnect(Native Method)
	at sun.nio.ch.SocketChannelImpl.finishConnect(SocketChannelImpl.java:717)
	at org.apache.ratis.thirdparty.io.netty.channel.socket.nio.NioSocketChannel.doFinishConnect(NioSocketChannel.java:327)
	at org.apache.ratis.thirdparty.io.netty.channel.nio.AbstractNioChannel$AbstractNioUnsafe.finishConnect(AbstractNioChannel.java:340)
	at org.apache.ratis.thirdparty.io.netty.channel.nio.NioEventLoop.processSelectedKey(NioEventLoop.java:632)
	at org.apache.ratis.thirdparty.io.netty.channel.nio.NioEventLoop.processSelectedKeysOptimized(NioEventLoop.java:579)
	at org.apache.ratis.thirdparty.io.netty.channel.nio.NioEventLoop.processSelectedKeys(NioEventLoop.java:496)
	at org.apache.ratis.thirdparty.io.netty.channel.nio.NioEventLoop.run(NioEventLoop.java:458)
	at org.apache.ratis.thirdparty.io.netty.util.concurrent.SingleThreadEventExecutor$5.run(SingleThreadEventExecutor.java:897)
	at org.apache.ratis.thirdparty.io.netty.util.concurrent.FastThreadLocalRunnable.run(FastThreadLocalRunnable.java:30)
	... 1 more
Caused by: java.net.ConnectException: Connection refused
	... 11 more
2019-09-17 12:24:03,212 [ef58021b-0245-4b2a-b464-78c332d31a33@group-97FAE486DEE6:LeaderElection56] INFO  impl.LeaderElection (LogUtils.java:infoOrTrace(149)) -   Exception 1: {}
java.util.concurrent.ExecutionException: org.apache.ratis.thirdparty.io.grpc.StatusRuntimeException: UNAVAILABLE: io exception
	at java.util.concurrent.FutureTask.report(FutureTask.java:122)
	at java.util.concurrent.FutureTask.get(FutureTask.java:192)
	at org.apache.ratis.server.impl.LeaderElection.waitForResults(LeaderElection.java:263)
	at org.apache.ratis.server.impl.LeaderElection.askForVotes(LeaderElection.java:201)
	at org.apache.ratis.server.impl.LeaderElection.run(LeaderElection.java:133)
	at java.lang.Thread.run(Thread.java:748)
Caused by: org.apache.ratis.thirdparty.io.grpc.StatusRuntimeException: UNAVAILABLE: io exception
	at org.apache.ratis.thirdparty.io.grpc.stub.ClientCalls.toStatusRuntimeException(ClientCalls.java:233)
	at org.apache.ratis.thirdparty.io.grpc.stub.ClientCalls.getUnchecked(ClientCalls.java:214)
	at org.apache.ratis.thirdparty.io.grpc.stub.ClientCalls.blockingUnaryCall(ClientCalls.java:139)
	at org.apache.ratis.proto.grpc.RaftServerProtocolServiceGrpc$RaftServerProtocolServiceBlockingStub.requestVote(RaftServerProtocolServiceGrpc.java:265)
	at org.apache.ratis.grpc.server.GrpcServerProtocolClient.requestVote(GrpcServerProtocolClient.java:90)
	at org.apache.ratis.grpc.server.GrpcService.requestVote(GrpcService.java:204)
	at org.apache.ratis.server.impl.LeaderElection.lambda$submitRequests$1(LeaderElection.java:238)
	at java.util.concurrent.FutureTask.run(FutureTask.java:266)
	at java.util.concurrent.Executors$RunnableAdapter.call(Executors.java:511)
	at java.util.concurrent.FutureTask.run(FutureTask.java:266)
	at java.util.concurrent.ThreadPoolExecutor.runWorker(ThreadPoolExecutor.java:1149)
	at java.util.concurrent.ThreadPoolExecutor$Worker.run(ThreadPoolExecutor.java:624)
	... 1 more
Caused by: org.apache.ratis.thirdparty.io.netty.channel.AbstractChannel$AnnotatedConnectException: Connection refused: /192.168.5.130:42251
	at sun.nio.ch.SocketChannelImpl.checkConnect(Native Method)
	at sun.nio.ch.SocketChannelImpl.finishConnect(SocketChannelImpl.java:717)
	at org.apache.ratis.thirdparty.io.netty.channel.socket.nio.NioSocketChannel.doFinishConnect(NioSocketChannel.java:327)
	at org.apache.ratis.thirdparty.io.netty.channel.nio.AbstractNioChannel$AbstractNioUnsafe.finishConnect(AbstractNioChannel.java:340)
	at org.apache.ratis.thirdparty.io.netty.channel.nio.NioEventLoop.processSelectedKey(NioEventLoop.java:632)
	at org.apache.ratis.thirdparty.io.netty.channel.nio.NioEventLoop.processSelectedKeysOptimized(NioEventLoop.java:579)
	at org.apache.ratis.thirdparty.io.netty.channel.nio.NioEventLoop.processSelectedKeys(NioEventLoop.java:496)
	at org.apache.ratis.thirdparty.io.netty.channel.nio.NioEventLoop.run(NioEventLoop.java:458)
	at org.apache.ratis.thirdparty.io.netty.util.concurrent.SingleThreadEventExecutor$5.run(SingleThreadEventExecutor.java:897)
	at org.apache.ratis.thirdparty.io.netty.util.concurrent.FastThreadLocalRunnable.run(FastThreadLocalRunnable.java:30)
	... 1 more
Caused by: java.net.ConnectException: Connection refused
	... 11 more
2019-09-17 12:24:03,212 [ef58021b-0245-4b2a-b464-78c332d31a33@group-97FAE486DEE6:LeaderElection56] INFO  impl.RaftServerImpl (RaftServerImpl.java:setRole(174)) - ef58021b-0245-4b2a-b464-78c332d31a33@group-97FAE486DEE6: changes role from CANDIDATE to FOLLOWER at term 34 for DISCOVERED_A_NEW_TERM
2019-09-17 12:24:03,212 [ef58021b-0245-4b2a-b464-78c332d31a33@group-97FAE486DEE6:LeaderElection56] INFO  impl.RoleInfo (RoleInfo.java:shutdownLeaderElection(134)) - ef58021b-0245-4b2a-b464-78c332d31a33: shutdown LeaderElection
2019-09-17 12:24:03,212 [ef58021b-0245-4b2a-b464-78c332d31a33@group-97FAE486DEE6:LeaderElection56] INFO  impl.RoleInfo (RoleInfo.java:updateAndGet(143)) - ef58021b-0245-4b2a-b464-78c332d31a33: start FollowerState
2019-09-17 12:24:03,619 [java.util.concurrent.ThreadPoolExecutor$Worker@4758ecc9[State = -1, empty queue]] WARN  server.GrpcLogAppender (GrpcLogAppender.java:timeoutAppendRequest(200)) - 84b9980c-7545-47f2-8f8d-7bdb4cb4587c@group-5D4E048AB16A->ba884459-fbaf-490e-9b71-3c718ea82914-GrpcLogAppender: appendEntries Timeout, request=84b9980c-7545-47f2-8f8d-7bdb4cb4587c->ba884459-fbaf-490e-9b71-3c718ea82914#174-t2, previous=(t:2, i:33), leaderCommit=29, initializing? false, entries: <empty>
2019-09-17 12:24:03,627 [grpc-default-executor-5] WARN  server.GrpcLogAppender (LogUtils.java:warn(134)) - 7689548e-5f49-4f36-9667-e46ba21e9ae3@group-C0075F260562->a5f9b548-b989-4807-80f4-ff576b54977d-AppendLogResponseHandler: Failed appendEntries: org.apache.ratis.thirdparty.io.grpc.StatusRuntimeException: UNAVAILABLE: io exception
2019-09-17 12:24:03,627 [grpc-default-executor-5] INFO  impl.FollowerInfo (FollowerInfo.java:lambda$new$0(51)) - 7689548e-5f49-4f36-9667-e46ba21e9ae3@group-C0075F260562->a5f9b548-b989-4807-80f4-ff576b54977d: nextIndex: updateUnconditionally 12 -> 11
2019-09-17 12:24:03,645 [grpc-default-executor-6] WARN  server.GrpcLogAppender (LogUtils.java:warn(134)) - 84b9980c-7545-47f2-8f8d-7bdb4cb4587c@group-5D4E048AB16A->89060399-4494-4f9b-b1c5-9635c65f7453-AppendLogResponseHandler: Failed appendEntries: org.apache.ratis.thirdparty.io.grpc.StatusRuntimeException: UNAVAILABLE: io exception
2019-09-17 12:24:03,645 [grpc-default-executor-6] INFO  impl.FollowerInfo (FollowerInfo.java:lambda$new$0(51)) - 84b9980c-7545-47f2-8f8d-7bdb4cb4587c@group-5D4E048AB16A->89060399-4494-4f9b-b1c5-9635c65f7453: nextIndex: updateUnconditionally 28 -> 27
2019-09-17 12:24:04,119 [java.util.concurrent.ThreadPoolExecutor$Worker@4758ecc9[State = -1, empty queue]] WARN  server.GrpcLogAppender (GrpcLogAppender.java:timeoutAppendRequest(200)) - 84b9980c-7545-47f2-8f8d-7bdb4cb4587c@group-5D4E048AB16A->ba884459-fbaf-490e-9b71-3c718ea82914-GrpcLogAppender: appendEntries Timeout, request=84b9980c-7545-47f2-8f8d-7bdb4cb4587c->ba884459-fbaf-490e-9b71-3c718ea82914#175-t2, previous=(t:2, i:33), leaderCommit=29, initializing? false, entries: <empty>
2019-09-17 12:24:04,126 [grpc-default-executor-1] WARN  server.GrpcLogAppender (LogUtils.java:warn(134)) - 7689548e-5f49-4f36-9667-e46ba21e9ae3@group-C0075F260562->a5f9b548-b989-4807-80f4-ff576b54977d-AppendLogResponseHandler: Failed appendEntries: org.apache.ratis.thirdparty.io.grpc.StatusRuntimeException: UNAVAILABLE: io exception
2019-09-17 12:24:04,127 [grpc-default-executor-1] INFO  impl.FollowerInfo (FollowerInfo.java:lambda$new$0(51)) - 7689548e-5f49-4f36-9667-e46ba21e9ae3@group-C0075F260562->a5f9b548-b989-4807-80f4-ff576b54977d: nextIndex: updateUnconditionally 11 -> 10
2019-09-17 12:24:04,146 [grpc-default-executor-5] WARN  server.GrpcLogAppender (LogUtils.java:warn(134)) - 84b9980c-7545-47f2-8f8d-7bdb4cb4587c@group-5D4E048AB16A->89060399-4494-4f9b-b1c5-9635c65f7453-AppendLogResponseHandler: Failed appendEntries: org.apache.ratis.thirdparty.io.grpc.StatusRuntimeException: UNAVAILABLE: io exception
2019-09-17 12:24:04,146 [grpc-default-executor-5] INFO  impl.FollowerInfo (FollowerInfo.java:lambda$new$0(51)) - 84b9980c-7545-47f2-8f8d-7bdb4cb4587c@group-5D4E048AB16A->89060399-4494-4f9b-b1c5-9635c65f7453: nextIndex: updateUnconditionally 27 -> 26
2019-09-17 12:24:04,277 [Thread-1572] INFO  impl.FollowerState (FollowerState.java:run(106)) - ef58021b-0245-4b2a-b464-78c332d31a33:group-97FAE486DEE6 changes to CANDIDATE, lastRpcTime:1064, electionTimeout:1064ms
2019-09-17 12:24:04,277 [Thread-1572] INFO  impl.RoleInfo (RoleInfo.java:shutdownFollowerState(121)) - ef58021b-0245-4b2a-b464-78c332d31a33: shutdown FollowerState
2019-09-17 12:24:04,277 [Thread-1572] INFO  impl.RaftServerImpl (RaftServerImpl.java:setRole(174)) - ef58021b-0245-4b2a-b464-78c332d31a33@group-97FAE486DEE6: changes role from  FOLLOWER to CANDIDATE at term 34 for changeToCandidate
2019-09-17 12:24:04,277 [Thread-1572] INFO  impl.RoleInfo (RoleInfo.java:updateAndGet(143)) - ef58021b-0245-4b2a-b464-78c332d31a33: start LeaderElection
2019-09-17 12:24:04,322 [ef58021b-0245-4b2a-b464-78c332d31a33@group-97FAE486DEE6:LeaderElection57] INFO  impl.LeaderElection (LeaderElection.java:askForVotes(182)) - ef58021b-0245-4b2a-b464-78c332d31a33@group-97FAE486DEE6:LeaderElection57: begin an election at term 35 for 0: [ed86af58-6365-40b3-a78c-ef8881f9dd1e:192.168.5.130:38034, 0cdf7b9a-92f5-4bda-bda9-a502d9c924f1:192.168.5.130:42251, ef58021b-0245-4b2a-b464-78c332d31a33:192.168.5.130:45449], old=null
2019-09-17 12:24:04,323 [ef58021b-0245-4b2a-b464-78c332d31a33@group-97FAE486DEE6:LeaderElection57] INFO  impl.LeaderElection (LogUtils.java:infoOrTrace(149)) - ef58021b-0245-4b2a-b464-78c332d31a33@group-97FAE486DEE6:LeaderElection57 got exception when requesting votes: {}
java.util.concurrent.ExecutionException: org.apache.ratis.thirdparty.io.grpc.StatusRuntimeException: UNAVAILABLE: io exception
	at java.util.concurrent.FutureTask.report(FutureTask.java:122)
	at java.util.concurrent.FutureTask.get(FutureTask.java:192)
	at org.apache.ratis.server.impl.LeaderElection.waitForResults(LeaderElection.java:263)
	at org.apache.ratis.server.impl.LeaderElection.askForVotes(LeaderElection.java:201)
	at org.apache.ratis.server.impl.LeaderElection.run(LeaderElection.java:133)
	at java.lang.Thread.run(Thread.java:748)
Caused by: org.apache.ratis.thirdparty.io.grpc.StatusRuntimeException: UNAVAILABLE: io exception
	at org.apache.ratis.thirdparty.io.grpc.stub.ClientCalls.toStatusRuntimeException(ClientCalls.java:233)
	at org.apache.ratis.thirdparty.io.grpc.stub.ClientCalls.getUnchecked(ClientCalls.java:214)
	at org.apache.ratis.thirdparty.io.grpc.stub.ClientCalls.blockingUnaryCall(ClientCalls.java:139)
	at org.apache.ratis.proto.grpc.RaftServerProtocolServiceGrpc$RaftServerProtocolServiceBlockingStub.requestVote(RaftServerProtocolServiceGrpc.java:265)
	at org.apache.ratis.grpc.server.GrpcServerProtocolClient.requestVote(GrpcServerProtocolClient.java:90)
	at org.apache.ratis.grpc.server.GrpcService.requestVote(GrpcService.java:204)
	at org.apache.ratis.server.impl.LeaderElection.lambda$submitRequests$1(LeaderElection.java:238)
	at java.util.concurrent.FutureTask.run(FutureTask.java:266)
	at java.util.concurrent.Executors$RunnableAdapter.call(Executors.java:511)
	at java.util.concurrent.FutureTask.run(FutureTask.java:266)
	at java.util.concurrent.ThreadPoolExecutor.runWorker(ThreadPoolExecutor.java:1149)
	at java.util.concurrent.ThreadPoolExecutor$Worker.run(ThreadPoolExecutor.java:624)
	... 1 more
Caused by: org.apache.ratis.thirdparty.io.netty.channel.AbstractChannel$AnnotatedConnectException: Connection refused: /192.168.5.130:38034
	at sun.nio.ch.SocketChannelImpl.checkConnect(Native Method)
	at sun.nio.ch.SocketChannelImpl.finishConnect(SocketChannelImpl.java:717)
	at org.apache.ratis.thirdparty.io.netty.channel.socket.nio.NioSocketChannel.doFinishConnect(NioSocketChannel.java:327)
	at org.apache.ratis.thirdparty.io.netty.channel.nio.AbstractNioChannel$AbstractNioUnsafe.finishConnect(AbstractNioChannel.java:340)
	at org.apache.ratis.thirdparty.io.netty.channel.nio.NioEventLoop.processSelectedKey(NioEventLoop.java:632)
	at org.apache.ratis.thirdparty.io.netty.channel.nio.NioEventLoop.processSelectedKeysOptimized(NioEventLoop.java:579)
	at org.apache.ratis.thirdparty.io.netty.channel.nio.NioEventLoop.processSelectedKeys(NioEventLoop.java:496)
	at org.apache.ratis.thirdparty.io.netty.channel.nio.NioEventLoop.run(NioEventLoop.java:458)
	at org.apache.ratis.thirdparty.io.netty.util.concurrent.SingleThreadEventExecutor$5.run(SingleThreadEventExecutor.java:897)
	at org.apache.ratis.thirdparty.io.netty.util.concurrent.FastThreadLocalRunnable.run(FastThreadLocalRunnable.java:30)
	... 1 more
Caused by: java.net.ConnectException: Connection refused
	... 11 more
2019-09-17 12:24:04,323 [ef58021b-0245-4b2a-b464-78c332d31a33@group-97FAE486DEE6:LeaderElection57] INFO  impl.LeaderElection (LogUtils.java:infoOrTrace(149)) - ef58021b-0245-4b2a-b464-78c332d31a33@group-97FAE486DEE6:LeaderElection57 got exception when requesting votes: {}
java.util.concurrent.ExecutionException: org.apache.ratis.thirdparty.io.grpc.StatusRuntimeException: UNAVAILABLE: io exception
	at java.util.concurrent.FutureTask.report(FutureTask.java:122)
	at java.util.concurrent.FutureTask.get(FutureTask.java:192)
	at org.apache.ratis.server.impl.LeaderElection.waitForResults(LeaderElection.java:263)
	at org.apache.ratis.server.impl.LeaderElection.askForVotes(LeaderElection.java:201)
	at org.apache.ratis.server.impl.LeaderElection.run(LeaderElection.java:133)
	at java.lang.Thread.run(Thread.java:748)
Caused by: org.apache.ratis.thirdparty.io.grpc.StatusRuntimeException: UNAVAILABLE: io exception
	at org.apache.ratis.thirdparty.io.grpc.stub.ClientCalls.toStatusRuntimeException(ClientCalls.java:233)
	at org.apache.ratis.thirdparty.io.grpc.stub.ClientCalls.getUnchecked(ClientCalls.java:214)
	at org.apache.ratis.thirdparty.io.grpc.stub.ClientCalls.blockingUnaryCall(ClientCalls.java:139)
	at org.apache.ratis.proto.grpc.RaftServerProtocolServiceGrpc$RaftServerProtocolServiceBlockingStub.requestVote(RaftServerProtocolServiceGrpc.java:265)
	at org.apache.ratis.grpc.server.GrpcServerProtocolClient.requestVote(GrpcServerProtocolClient.java:90)
	at org.apache.ratis.grpc.server.GrpcService.requestVote(GrpcService.java:204)
	at org.apache.ratis.server.impl.LeaderElection.lambda$submitRequests$1(LeaderElection.java:238)
	at java.util.concurrent.FutureTask.run(FutureTask.java:266)
	at java.util.concurrent.Executors$RunnableAdapter.call(Executors.java:511)
	at java.util.concurrent.FutureTask.run(FutureTask.java:266)
	at java.util.concurrent.ThreadPoolExecutor.runWorker(ThreadPoolExecutor.java:1149)
	at java.util.concurrent.ThreadPoolExecutor$Worker.run(ThreadPoolExecutor.java:624)
	... 1 more
Caused by: org.apache.ratis.thirdparty.io.netty.channel.AbstractChannel$AnnotatedConnectException: Connection refused: /192.168.5.130:42251
	at sun.nio.ch.SocketChannelImpl.checkConnect(Native Method)
	at sun.nio.ch.SocketChannelImpl.finishConnect(SocketChannelImpl.java:717)
	at org.apache.ratis.thirdparty.io.netty.channel.socket.nio.NioSocketChannel.doFinishConnect(NioSocketChannel.java:327)
	at org.apache.ratis.thirdparty.io.netty.channel.nio.AbstractNioChannel$AbstractNioUnsafe.finishConnect(AbstractNioChannel.java:340)
	at org.apache.ratis.thirdparty.io.netty.channel.nio.NioEventLoop.processSelectedKey(NioEventLoop.java:632)
	at org.apache.ratis.thirdparty.io.netty.channel.nio.NioEventLoop.processSelectedKeysOptimized(NioEventLoop.java:579)
	at org.apache.ratis.thirdparty.io.netty.channel.nio.NioEventLoop.processSelectedKeys(NioEventLoop.java:496)
	at org.apache.ratis.thirdparty.io.netty.channel.nio.NioEventLoop.run(NioEventLoop.java:458)
	at org.apache.ratis.thirdparty.io.netty.util.concurrent.SingleThreadEventExecutor$5.run(SingleThreadEventExecutor.java:897)
	at org.apache.ratis.thirdparty.io.netty.util.concurrent.FastThreadLocalRunnable.run(FastThreadLocalRunnable.java:30)
	... 1 more
Caused by: java.net.ConnectException: Connection refused
	... 11 more
2019-09-17 12:24:04,324 [ef58021b-0245-4b2a-b464-78c332d31a33@group-97FAE486DEE6:LeaderElection57] INFO  impl.LeaderElection (LeaderElection.java:logAndReturn(56)) - ef58021b-0245-4b2a-b464-78c332d31a33@group-97FAE486DEE6:LeaderElection57: Election REJECTED; received 0 response(s) [] and 2 exception(s); ef58021b-0245-4b2a-b464-78c332d31a33@group-97FAE486DEE6:t35, leader=null, voted=ef58021b-0245-4b2a-b464-78c332d31a33, raftlog=ef58021b-0245-4b2a-b464-78c332d31a33@group-97FAE486DEE6-SegmentedRaftLog:OPENED:c27,f27,i27, conf=0: [ed86af58-6365-40b3-a78c-ef8881f9dd1e:192.168.5.130:38034, 0cdf7b9a-92f5-4bda-bda9-a502d9c924f1:192.168.5.130:42251, ef58021b-0245-4b2a-b464-78c332d31a33:192.168.5.130:45449], old=null
2019-09-17 12:24:04,324 [ef58021b-0245-4b2a-b464-78c332d31a33@group-97FAE486DEE6:LeaderElection57] INFO  impl.LeaderElection (LogUtils.java:infoOrTrace(149)) -   Exception 0: {}
java.util.concurrent.ExecutionException: org.apache.ratis.thirdparty.io.grpc.StatusRuntimeException: UNAVAILABLE: io exception
	at java.util.concurrent.FutureTask.report(FutureTask.java:122)
	at java.util.concurrent.FutureTask.get(FutureTask.java:192)
	at org.apache.ratis.server.impl.LeaderElection.waitForResults(LeaderElection.java:263)
	at org.apache.ratis.server.impl.LeaderElection.askForVotes(LeaderElection.java:201)
	at org.apache.ratis.server.impl.LeaderElection.run(LeaderElection.java:133)
	at java.lang.Thread.run(Thread.java:748)
Caused by: org.apache.ratis.thirdparty.io.grpc.StatusRuntimeException: UNAVAILABLE: io exception
	at org.apache.ratis.thirdparty.io.grpc.stub.ClientCalls.toStatusRuntimeException(ClientCalls.java:233)
	at org.apache.ratis.thirdparty.io.grpc.stub.ClientCalls.getUnchecked(ClientCalls.java:214)
	at org.apache.ratis.thirdparty.io.grpc.stub.ClientCalls.blockingUnaryCall(ClientCalls.java:139)
	at org.apache.ratis.proto.grpc.RaftServerProtocolServiceGrpc$RaftServerProtocolServiceBlockingStub.requestVote(RaftServerProtocolServiceGrpc.java:265)
	at org.apache.ratis.grpc.server.GrpcServerProtocolClient.requestVote(GrpcServerProtocolClient.java:90)
	at org.apache.ratis.grpc.server.GrpcService.requestVote(GrpcService.java:204)
	at org.apache.ratis.server.impl.LeaderElection.lambda$submitRequests$1(LeaderElection.java:238)
	at java.util.concurrent.FutureTask.run(FutureTask.java:266)
	at java.util.concurrent.Executors$RunnableAdapter.call(Executors.java:511)
	at java.util.concurrent.FutureTask.run(FutureTask.java:266)
	at java.util.concurrent.ThreadPoolExecutor.runWorker(ThreadPoolExecutor.java:1149)
	at java.util.concurrent.ThreadPoolExecutor$Worker.run(ThreadPoolExecutor.java:624)
	... 1 more
Caused by: org.apache.ratis.thirdparty.io.netty.channel.AbstractChannel$AnnotatedConnectException: Connection refused: /192.168.5.130:38034
	at sun.nio.ch.SocketChannelImpl.checkConnect(Native Method)
	at sun.nio.ch.SocketChannelImpl.finishConnect(SocketChannelImpl.java:717)
	at org.apache.ratis.thirdparty.io.netty.channel.socket.nio.NioSocketChannel.doFinishConnect(NioSocketChannel.java:327)
	at org.apache.ratis.thirdparty.io.netty.channel.nio.AbstractNioChannel$AbstractNioUnsafe.finishConnect(AbstractNioChannel.java:340)
	at org.apache.ratis.thirdparty.io.netty.channel.nio.NioEventLoop.processSelectedKey(NioEventLoop.java:632)
	at org.apache.ratis.thirdparty.io.netty.channel.nio.NioEventLoop.processSelectedKeysOptimized(NioEventLoop.java:579)
	at org.apache.ratis.thirdparty.io.netty.channel.nio.NioEventLoop.processSelectedKeys(NioEventLoop.java:496)
	at org.apache.ratis.thirdparty.io.netty.channel.nio.NioEventLoop.run(NioEventLoop.java:458)
	at org.apache.ratis.thirdparty.io.netty.util.concurrent.SingleThreadEventExecutor$5.run(SingleThreadEventExecutor.java:897)
	at org.apache.ratis.thirdparty.io.netty.util.concurrent.FastThreadLocalRunnable.run(FastThreadLocalRunnable.java:30)
	... 1 more
Caused by: java.net.ConnectException: Connection refused
	... 11 more
2019-09-17 12:24:04,324 [ef58021b-0245-4b2a-b464-78c332d31a33@group-97FAE486DEE6:LeaderElection57] INFO  impl.LeaderElection (LogUtils.java:infoOrTrace(149)) -   Exception 1: {}
java.util.concurrent.ExecutionException: org.apache.ratis.thirdparty.io.grpc.StatusRuntimeException: UNAVAILABLE: io exception
	at java.util.concurrent.FutureTask.report(FutureTask.java:122)
	at java.util.concurrent.FutureTask.get(FutureTask.java:192)
	at org.apache.ratis.server.impl.LeaderElection.waitForResults(LeaderElection.java:263)
	at org.apache.ratis.server.impl.LeaderElection.askForVotes(LeaderElection.java:201)
	at org.apache.ratis.server.impl.LeaderElection.run(LeaderElection.java:133)
	at java.lang.Thread.run(Thread.java:748)
Caused by: org.apache.ratis.thirdparty.io.grpc.StatusRuntimeException: UNAVAILABLE: io exception
	at org.apache.ratis.thirdparty.io.grpc.stub.ClientCalls.toStatusRuntimeException(ClientCalls.java:233)
	at org.apache.ratis.thirdparty.io.grpc.stub.ClientCalls.getUnchecked(ClientCalls.java:214)
	at org.apache.ratis.thirdparty.io.grpc.stub.ClientCalls.blockingUnaryCall(ClientCalls.java:139)
	at org.apache.ratis.proto.grpc.RaftServerProtocolServiceGrpc$RaftServerProtocolServiceBlockingStub.requestVote(RaftServerProtocolServiceGrpc.java:265)
	at org.apache.ratis.grpc.server.GrpcServerProtocolClient.requestVote(GrpcServerProtocolClient.java:90)
	at org.apache.ratis.grpc.server.GrpcService.requestVote(GrpcService.java:204)
	at org.apache.ratis.server.impl.LeaderElection.lambda$submitRequests$1(LeaderElection.java:238)
	at java.util.concurrent.FutureTask.run(FutureTask.java:266)
	at java.util.concurrent.Executors$RunnableAdapter.call(Executors.java:511)
	at java.util.concurrent.FutureTask.run(FutureTask.java:266)
	at java.util.concurrent.ThreadPoolExecutor.runWorker(ThreadPoolExecutor.java:1149)
	at java.util.concurrent.ThreadPoolExecutor$Worker.run(ThreadPoolExecutor.java:624)
	... 1 more
Caused by: org.apache.ratis.thirdparty.io.netty.channel.AbstractChannel$AnnotatedConnectException: Connection refused: /192.168.5.130:42251
	at sun.nio.ch.SocketChannelImpl.checkConnect(Native Method)
	at sun.nio.ch.SocketChannelImpl.finishConnect(SocketChannelImpl.java:717)
	at org.apache.ratis.thirdparty.io.netty.channel.socket.nio.NioSocketChannel.doFinishConnect(NioSocketChannel.java:327)
	at org.apache.ratis.thirdparty.io.netty.channel.nio.AbstractNioChannel$AbstractNioUnsafe.finishConnect(AbstractNioChannel.java:340)
	at org.apache.ratis.thirdparty.io.netty.channel.nio.NioEventLoop.processSelectedKey(NioEventLoop.java:632)
	at org.apache.ratis.thirdparty.io.netty.channel.nio.NioEventLoop.processSelectedKeysOptimized(NioEventLoop.java:579)
	at org.apache.ratis.thirdparty.io.netty.channel.nio.NioEventLoop.processSelectedKeys(NioEventLoop.java:496)
	at org.apache.ratis.thirdparty.io.netty.channel.nio.NioEventLoop.run(NioEventLoop.java:458)
	at org.apache.ratis.thirdparty.io.netty.util.concurrent.SingleThreadEventExecutor$5.run(SingleThreadEventExecutor.java:897)
	at org.apache.ratis.thirdparty.io.netty.util.concurrent.FastThreadLocalRunnable.run(FastThreadLocalRunnable.java:30)
	... 1 more
Caused by: java.net.ConnectException: Connection refused
	... 11 more
2019-09-17 12:24:04,324 [ef58021b-0245-4b2a-b464-78c332d31a33@group-97FAE486DEE6:LeaderElection57] INFO  impl.RaftServerImpl (RaftServerImpl.java:setRole(174)) - ef58021b-0245-4b2a-b464-78c332d31a33@group-97FAE486DEE6: changes role from CANDIDATE to FOLLOWER at term 35 for DISCOVERED_A_NEW_TERM
2019-09-17 12:24:04,325 [ef58021b-0245-4b2a-b464-78c332d31a33@group-97FAE486DEE6:LeaderElection57] INFO  impl.RoleInfo (RoleInfo.java:shutdownLeaderElection(134)) - ef58021b-0245-4b2a-b464-78c332d31a33: shutdown LeaderElection
2019-09-17 12:24:04,325 [ef58021b-0245-4b2a-b464-78c332d31a33@group-97FAE486DEE6:LeaderElection57] INFO  impl.RoleInfo (RoleInfo.java:updateAndGet(143)) - ef58021b-0245-4b2a-b464-78c332d31a33: start FollowerState
2019-09-17 12:24:04,619 [java.util.concurrent.ThreadPoolExecutor$Worker@4758ecc9[State = -1, empty queue]] WARN  server.GrpcLogAppender (GrpcLogAppender.java:timeoutAppendRequest(200)) - 84b9980c-7545-47f2-8f8d-7bdb4cb4587c@group-5D4E048AB16A->ba884459-fbaf-490e-9b71-3c718ea82914-GrpcLogAppender: appendEntries Timeout, request=84b9980c-7545-47f2-8f8d-7bdb4cb4587c->ba884459-fbaf-490e-9b71-3c718ea82914#176-t2, previous=(t:2, i:33), leaderCommit=29, initializing? false, entries: <empty>
2019-09-17 12:24:04,627 [grpc-default-executor-5] WARN  server.GrpcLogAppender (LogUtils.java:warn(134)) - 7689548e-5f49-4f36-9667-e46ba21e9ae3@group-C0075F260562->a5f9b548-b989-4807-80f4-ff576b54977d-AppendLogResponseHandler: Failed appendEntries: org.apache.ratis.thirdparty.io.grpc.StatusRuntimeException: UNAVAILABLE: io exception
2019-09-17 12:24:04,628 [grpc-default-executor-5] INFO  impl.FollowerInfo (FollowerInfo.java:lambda$new$0(51)) - 7689548e-5f49-4f36-9667-e46ba21e9ae3@group-C0075F260562->a5f9b548-b989-4807-80f4-ff576b54977d: nextIndex: updateUnconditionally 10 -> 9
2019-09-17 12:24:04,647 [grpc-default-executor-6] WARN  server.GrpcLogAppender (LogUtils.java:warn(134)) - 84b9980c-7545-47f2-8f8d-7bdb4cb4587c@group-5D4E048AB16A->89060399-4494-4f9b-b1c5-9635c65f7453-AppendLogResponseHandler: Failed appendEntries: org.apache.ratis.thirdparty.io.grpc.StatusRuntimeException: UNAVAILABLE: io exception
2019-09-17 12:24:04,647 [grpc-default-executor-6] INFO  impl.FollowerInfo (FollowerInfo.java:lambda$new$0(51)) - 84b9980c-7545-47f2-8f8d-7bdb4cb4587c@group-5D4E048AB16A->89060399-4494-4f9b-b1c5-9635c65f7453: nextIndex: updateUnconditionally 26 -> 25
2019-09-17 12:24:05,120 [java.util.concurrent.ThreadPoolExecutor$Worker@4758ecc9[State = -1, empty queue]] WARN  server.GrpcLogAppender (GrpcLogAppender.java:timeoutAppendRequest(200)) - 84b9980c-7545-47f2-8f8d-7bdb4cb4587c@group-5D4E048AB16A->ba884459-fbaf-490e-9b71-3c718ea82914-GrpcLogAppender: appendEntries Timeout, request=84b9980c-7545-47f2-8f8d-7bdb4cb4587c->ba884459-fbaf-490e-9b71-3c718ea82914#177-t2, previous=(t:2, i:33), leaderCommit=29, initializing? false, entries: <empty>
2019-09-17 12:24:05,129 [grpc-default-executor-1] WARN  server.GrpcLogAppender (LogUtils.java:warn(134)) - 7689548e-5f49-4f36-9667-e46ba21e9ae3@group-C0075F260562->a5f9b548-b989-4807-80f4-ff576b54977d-AppendLogResponseHandler: Failed appendEntries: org.apache.ratis.thirdparty.io.grpc.StatusRuntimeException: UNAVAILABLE: io exception
2019-09-17 12:24:05,130 [grpc-default-executor-1] INFO  impl.FollowerInfo (FollowerInfo.java:lambda$new$0(51)) - 7689548e-5f49-4f36-9667-e46ba21e9ae3@group-C0075F260562->a5f9b548-b989-4807-80f4-ff576b54977d: nextIndex: updateUnconditionally 9 -> 8
2019-09-17 12:24:05,147 [grpc-default-executor-1] WARN  server.GrpcLogAppender (LogUtils.java:warn(134)) - 84b9980c-7545-47f2-8f8d-7bdb4cb4587c@group-5D4E048AB16A->89060399-4494-4f9b-b1c5-9635c65f7453-AppendLogResponseHandler: Failed appendEntries: org.apache.ratis.thirdparty.io.grpc.StatusRuntimeException: UNAVAILABLE: io exception
2019-09-17 12:24:05,148 [grpc-default-executor-1] INFO  impl.FollowerInfo (FollowerInfo.java:lambda$new$0(51)) - 84b9980c-7545-47f2-8f8d-7bdb4cb4587c@group-5D4E048AB16A->89060399-4494-4f9b-b1c5-9635c65f7453: nextIndex: updateUnconditionally 25 -> 24
2019-09-17 12:24:05,467 [Thread-1580] INFO  impl.FollowerState (FollowerState.java:run(106)) - ef58021b-0245-4b2a-b464-78c332d31a33:group-97FAE486DEE6 changes to CANDIDATE, lastRpcTime:1142, electionTimeout:1142ms
2019-09-17 12:24:05,468 [Thread-1580] INFO  impl.RoleInfo (RoleInfo.java:shutdownFollowerState(121)) - ef58021b-0245-4b2a-b464-78c332d31a33: shutdown FollowerState
2019-09-17 12:24:05,468 [Thread-1580] INFO  impl.RaftServerImpl (RaftServerImpl.java:setRole(174)) - ef58021b-0245-4b2a-b464-78c332d31a33@group-97FAE486DEE6: changes role from  FOLLOWER to CANDIDATE at term 35 for changeToCandidate
2019-09-17 12:24:05,468 [Thread-1580] INFO  impl.RoleInfo (RoleInfo.java:updateAndGet(143)) - ef58021b-0245-4b2a-b464-78c332d31a33: start LeaderElection
2019-09-17 12:24:05,502 [ef58021b-0245-4b2a-b464-78c332d31a33@group-97FAE486DEE6:LeaderElection58] INFO  impl.LeaderElection (LeaderElection.java:askForVotes(182)) - ef58021b-0245-4b2a-b464-78c332d31a33@group-97FAE486DEE6:LeaderElection58: begin an election at term 36 for 0: [ed86af58-6365-40b3-a78c-ef8881f9dd1e:192.168.5.130:38034, 0cdf7b9a-92f5-4bda-bda9-a502d9c924f1:192.168.5.130:42251, ef58021b-0245-4b2a-b464-78c332d31a33:192.168.5.130:45449], old=null
2019-09-17 12:24:05,503 [ef58021b-0245-4b2a-b464-78c332d31a33@group-97FAE486DEE6:LeaderElection58] INFO  impl.LeaderElection (LogUtils.java:infoOrTrace(149)) - ef58021b-0245-4b2a-b464-78c332d31a33@group-97FAE486DEE6:LeaderElection58 got exception when requesting votes: {}
java.util.concurrent.ExecutionException: org.apache.ratis.thirdparty.io.grpc.StatusRuntimeException: UNAVAILABLE: io exception
	at java.util.concurrent.FutureTask.report(FutureTask.java:122)
	at java.util.concurrent.FutureTask.get(FutureTask.java:192)
	at org.apache.ratis.server.impl.LeaderElection.waitForResults(LeaderElection.java:263)
	at org.apache.ratis.server.impl.LeaderElection.askForVotes(LeaderElection.java:201)
	at org.apache.ratis.server.impl.LeaderElection.run(LeaderElection.java:133)
	at java.lang.Thread.run(Thread.java:748)
Caused by: org.apache.ratis.thirdparty.io.grpc.StatusRuntimeException: UNAVAILABLE: io exception
	at org.apache.ratis.thirdparty.io.grpc.stub.ClientCalls.toStatusRuntimeException(ClientCalls.java:233)
	at org.apache.ratis.thirdparty.io.grpc.stub.ClientCalls.getUnchecked(ClientCalls.java:214)
	at org.apache.ratis.thirdparty.io.grpc.stub.ClientCalls.blockingUnaryCall(ClientCalls.java:139)
	at org.apache.ratis.proto.grpc.RaftServerProtocolServiceGrpc$RaftServerProtocolServiceBlockingStub.requestVote(RaftServerProtocolServiceGrpc.java:265)
	at org.apache.ratis.grpc.server.GrpcServerProtocolClient.requestVote(GrpcServerProtocolClient.java:90)
	at org.apache.ratis.grpc.server.GrpcService.requestVote(GrpcService.java:204)
	at org.apache.ratis.server.impl.LeaderElection.lambda$submitRequests$1(LeaderElection.java:238)
	at java.util.concurrent.FutureTask.run(FutureTask.java:266)
	at java.util.concurrent.Executors$RunnableAdapter.call(Executors.java:511)
	at java.util.concurrent.FutureTask.run(FutureTask.java:266)
	at java.util.concurrent.ThreadPoolExecutor.runWorker(ThreadPoolExecutor.java:1149)
	at java.util.concurrent.ThreadPoolExecutor$Worker.run(ThreadPoolExecutor.java:624)
	... 1 more
Caused by: org.apache.ratis.thirdparty.io.netty.channel.AbstractChannel$AnnotatedConnectException: Connection refused: /192.168.5.130:38034
	at sun.nio.ch.SocketChannelImpl.checkConnect(Native Method)
	at sun.nio.ch.SocketChannelImpl.finishConnect(SocketChannelImpl.java:717)
	at org.apache.ratis.thirdparty.io.netty.channel.socket.nio.NioSocketChannel.doFinishConnect(NioSocketChannel.java:327)
	at org.apache.ratis.thirdparty.io.netty.channel.nio.AbstractNioChannel$AbstractNioUnsafe.finishConnect(AbstractNioChannel.java:340)
	at org.apache.ratis.thirdparty.io.netty.channel.nio.NioEventLoop.processSelectedKey(NioEventLoop.java:632)
	at org.apache.ratis.thirdparty.io.netty.channel.nio.NioEventLoop.processSelectedKeysOptimized(NioEventLoop.java:579)
	at org.apache.ratis.thirdparty.io.netty.channel.nio.NioEventLoop.processSelectedKeys(NioEventLoop.java:496)
	at org.apache.ratis.thirdparty.io.netty.channel.nio.NioEventLoop.run(NioEventLoop.java:458)
	at org.apache.ratis.thirdparty.io.netty.util.concurrent.SingleThreadEventExecutor$5.run(SingleThreadEventExecutor.java:897)
	at org.apache.ratis.thirdparty.io.netty.util.concurrent.FastThreadLocalRunnable.run(FastThreadLocalRunnable.java:30)
	... 1 more
Caused by: java.net.ConnectException: Connection refused
	... 11 more
2019-09-17 12:24:05,504 [ef58021b-0245-4b2a-b464-78c332d31a33@group-97FAE486DEE6:LeaderElection58] INFO  impl.LeaderElection (LogUtils.java:infoOrTrace(149)) - ef58021b-0245-4b2a-b464-78c332d31a33@group-97FAE486DEE6:LeaderElection58 got exception when requesting votes: {}
java.util.concurrent.ExecutionException: org.apache.ratis.thirdparty.io.grpc.StatusRuntimeException: UNAVAILABLE: io exception
	at java.util.concurrent.FutureTask.report(FutureTask.java:122)
	at java.util.concurrent.FutureTask.get(FutureTask.java:192)
	at org.apache.ratis.server.impl.LeaderElection.waitForResults(LeaderElection.java:263)
	at org.apache.ratis.server.impl.LeaderElection.askForVotes(LeaderElection.java:201)
	at org.apache.ratis.server.impl.LeaderElection.run(LeaderElection.java:133)
	at java.lang.Thread.run(Thread.java:748)
Caused by: org.apache.ratis.thirdparty.io.grpc.StatusRuntimeException: UNAVAILABLE: io exception
	at org.apache.ratis.thirdparty.io.grpc.stub.ClientCalls.toStatusRuntimeException(ClientCalls.java:233)
	at org.apache.ratis.thirdparty.io.grpc.stub.ClientCalls.getUnchecked(ClientCalls.java:214)
	at org.apache.ratis.thirdparty.io.grpc.stub.ClientCalls.blockingUnaryCall(ClientCalls.java:139)
	at org.apache.ratis.proto.grpc.RaftServerProtocolServiceGrpc$RaftServerProtocolServiceBlockingStub.requestVote(RaftServerProtocolServiceGrpc.java:265)
	at org.apache.ratis.grpc.server.GrpcServerProtocolClient.requestVote(GrpcServerProtocolClient.java:90)
	at org.apache.ratis.grpc.server.GrpcService.requestVote(GrpcService.java:204)
	at org.apache.ratis.server.impl.LeaderElection.lambda$submitRequests$1(LeaderElection.java:238)
	at java.util.concurrent.FutureTask.run(FutureTask.java:266)
	at java.util.concurrent.Executors$RunnableAdapter.call(Executors.java:511)
	at java.util.concurrent.FutureTask.run(FutureTask.java:266)
	at java.util.concurrent.ThreadPoolExecutor.runWorker(ThreadPoolExecutor.java:1149)
	at java.util.concurrent.ThreadPoolExecutor$Worker.run(ThreadPoolExecutor.java:624)
	... 1 more
Caused by: org.apache.ratis.thirdparty.io.netty.channel.AbstractChannel$AnnotatedConnectException: Connection refused: /192.168.5.130:42251
	at sun.nio.ch.SocketChannelImpl.checkConnect(Native Method)
	at sun.nio.ch.SocketChannelImpl.finishConnect(SocketChannelImpl.java:717)
	at org.apache.ratis.thirdparty.io.netty.channel.socket.nio.NioSocketChannel.doFinishConnect(NioSocketChannel.java:327)
	at org.apache.ratis.thirdparty.io.netty.channel.nio.AbstractNioChannel$AbstractNioUnsafe.finishConnect(AbstractNioChannel.java:340)
	at org.apache.ratis.thirdparty.io.netty.channel.nio.NioEventLoop.processSelectedKey(NioEventLoop.java:632)
	at org.apache.ratis.thirdparty.io.netty.channel.nio.NioEventLoop.processSelectedKeysOptimized(NioEventLoop.java:579)
	at org.apache.ratis.thirdparty.io.netty.channel.nio.NioEventLoop.processSelectedKeys(NioEventLoop.java:496)
	at org.apache.ratis.thirdparty.io.netty.channel.nio.NioEventLoop.run(NioEventLoop.java:458)
	at org.apache.ratis.thirdparty.io.netty.util.concurrent.SingleThreadEventExecutor$5.run(SingleThreadEventExecutor.java:897)
	at org.apache.ratis.thirdparty.io.netty.util.concurrent.FastThreadLocalRunnable.run(FastThreadLocalRunnable.java:30)
	... 1 more
Caused by: java.net.ConnectException: Connection refused
	... 11 more
2019-09-17 12:24:05,505 [ef58021b-0245-4b2a-b464-78c332d31a33@group-97FAE486DEE6:LeaderElection58] INFO  impl.LeaderElection (LeaderElection.java:logAndReturn(56)) - ef58021b-0245-4b2a-b464-78c332d31a33@group-97FAE486DEE6:LeaderElection58: Election REJECTED; received 0 response(s) [] and 2 exception(s); ef58021b-0245-4b2a-b464-78c332d31a33@group-97FAE486DEE6:t36, leader=null, voted=ef58021b-0245-4b2a-b464-78c332d31a33, raftlog=ef58021b-0245-4b2a-b464-78c332d31a33@group-97FAE486DEE6-SegmentedRaftLog:OPENED:c27,f27,i27, conf=0: [ed86af58-6365-40b3-a78c-ef8881f9dd1e:192.168.5.130:38034, 0cdf7b9a-92f5-4bda-bda9-a502d9c924f1:192.168.5.130:42251, ef58021b-0245-4b2a-b464-78c332d31a33:192.168.5.130:45449], old=null
2019-09-17 12:24:05,505 [ef58021b-0245-4b2a-b464-78c332d31a33@group-97FAE486DEE6:LeaderElection58] INFO  impl.LeaderElection (LogUtils.java:infoOrTrace(149)) -   Exception 0: {}
java.util.concurrent.ExecutionException: org.apache.ratis.thirdparty.io.grpc.StatusRuntimeException: UNAVAILABLE: io exception
	at java.util.concurrent.FutureTask.report(FutureTask.java:122)
	at java.util.concurrent.FutureTask.get(FutureTask.java:192)
	at org.apache.ratis.server.impl.LeaderElection.waitForResults(LeaderElection.java:263)
	at org.apache.ratis.server.impl.LeaderElection.askForVotes(LeaderElection.java:201)
	at org.apache.ratis.server.impl.LeaderElection.run(LeaderElection.java:133)
	at java.lang.Thread.run(Thread.java:748)
Caused by: org.apache.ratis.thirdparty.io.grpc.StatusRuntimeException: UNAVAILABLE: io exception
	at org.apache.ratis.thirdparty.io.grpc.stub.ClientCalls.toStatusRuntimeException(ClientCalls.java:233)
	at org.apache.ratis.thirdparty.io.grpc.stub.ClientCalls.getUnchecked(ClientCalls.java:214)
	at org.apache.ratis.thirdparty.io.grpc.stub.ClientCalls.blockingUnaryCall(ClientCalls.java:139)
	at org.apache.ratis.proto.grpc.RaftServerProtocolServiceGrpc$RaftServerProtocolServiceBlockingStub.requestVote(RaftServerProtocolServiceGrpc.java:265)
	at org.apache.ratis.grpc.server.GrpcServerProtocolClient.requestVote(GrpcServerProtocolClient.java:90)
	at org.apache.ratis.grpc.server.GrpcService.requestVote(GrpcService.java:204)
	at org.apache.ratis.server.impl.LeaderElection.lambda$submitRequests$1(LeaderElection.java:238)
	at java.util.concurrent.FutureTask.run(FutureTask.java:266)
	at java.util.concurrent.Executors$RunnableAdapter.call(Executors.java:511)
	at java.util.concurrent.FutureTask.run(FutureTask.java:266)
	at java.util.concurrent.ThreadPoolExecutor.runWorker(ThreadPoolExecutor.java:1149)
	at java.util.concurrent.ThreadPoolExecutor$Worker.run(ThreadPoolExecutor.java:624)
	... 1 more
Caused by: org.apache.ratis.thirdparty.io.netty.channel.AbstractChannel$AnnotatedConnectException: Connection refused: /192.168.5.130:38034
	at sun.nio.ch.SocketChannelImpl.checkConnect(Native Method)
	at sun.nio.ch.SocketChannelImpl.finishConnect(SocketChannelImpl.java:717)
	at org.apache.ratis.thirdparty.io.netty.channel.socket.nio.NioSocketChannel.doFinishConnect(NioSocketChannel.java:327)
	at org.apache.ratis.thirdparty.io.netty.channel.nio.AbstractNioChannel$AbstractNioUnsafe.finishConnect(AbstractNioChannel.java:340)
	at org.apache.ratis.thirdparty.io.netty.channel.nio.NioEventLoop.processSelectedKey(NioEventLoop.java:632)
	at org.apache.ratis.thirdparty.io.netty.channel.nio.NioEventLoop.processSelectedKeysOptimized(NioEventLoop.java:579)
	at org.apache.ratis.thirdparty.io.netty.channel.nio.NioEventLoop.processSelectedKeys(NioEventLoop.java:496)
	at org.apache.ratis.thirdparty.io.netty.channel.nio.NioEventLoop.run(NioEventLoop.java:458)
	at org.apache.ratis.thirdparty.io.netty.util.concurrent.SingleThreadEventExecutor$5.run(SingleThreadEventExecutor.java:897)
	at org.apache.ratis.thirdparty.io.netty.util.concurrent.FastThreadLocalRunnable.run(FastThreadLocalRunnable.java:30)
	... 1 more
Caused by: java.net.ConnectException: Connection refused
	... 11 more
2019-09-17 12:24:05,505 [ef58021b-0245-4b2a-b464-78c332d31a33@group-97FAE486DEE6:LeaderElection58] INFO  impl.LeaderElection (LogUtils.java:infoOrTrace(149)) -   Exception 1: {}
java.util.concurrent.ExecutionException: org.apache.ratis.thirdparty.io.grpc.StatusRuntimeException: UNAVAILABLE: io exception
	at java.util.concurrent.FutureTask.report(FutureTask.java:122)
	at java.util.concurrent.FutureTask.get(FutureTask.java:192)
	at org.apache.ratis.server.impl.LeaderElection.waitForResults(LeaderElection.java:263)
	at org.apache.ratis.server.impl.LeaderElection.askForVotes(LeaderElection.java:201)
	at org.apache.ratis.server.impl.LeaderElection.run(LeaderElection.java:133)
	at java.lang.Thread.run(Thread.java:748)
Caused by: org.apache.ratis.thirdparty.io.grpc.StatusRuntimeException: UNAVAILABLE: io exception
	at org.apache.ratis.thirdparty.io.grpc.stub.ClientCalls.toStatusRuntimeException(ClientCalls.java:233)
	at org.apache.ratis.thirdparty.io.grpc.stub.ClientCalls.getUnchecked(ClientCalls.java:214)
	at org.apache.ratis.thirdparty.io.grpc.stub.ClientCalls.blockingUnaryCall(ClientCalls.java:139)
	at org.apache.ratis.proto.grpc.RaftServerProtocolServiceGrpc$RaftServerProtocolServiceBlockingStub.requestVote(RaftServerProtocolServiceGrpc.java:265)
	at org.apache.ratis.grpc.server.GrpcServerProtocolClient.requestVote(GrpcServerProtocolClient.java:90)
	at org.apache.ratis.grpc.server.GrpcService.requestVote(GrpcService.java:204)
	at org.apache.ratis.server.impl.LeaderElection.lambda$submitRequests$1(LeaderElection.java:238)
	at java.util.concurrent.FutureTask.run(FutureTask.java:266)
	at java.util.concurrent.Executors$RunnableAdapter.call(Executors.java:511)
	at java.util.concurrent.FutureTask.run(FutureTask.java:266)
	at java.util.concurrent.ThreadPoolExecutor.runWorker(ThreadPoolExecutor.java:1149)
	at java.util.concurrent.ThreadPoolExecutor$Worker.run(ThreadPoolExecutor.java:624)
	... 1 more
Caused by: org.apache.ratis.thirdparty.io.netty.channel.AbstractChannel$AnnotatedConnectException: Connection refused: /192.168.5.130:42251
	at sun.nio.ch.SocketChannelImpl.checkConnect(Native Method)
	at sun.nio.ch.SocketChannelImpl.finishConnect(SocketChannelImpl.java:717)
	at org.apache.ratis.thirdparty.io.netty.channel.socket.nio.NioSocketChannel.doFinishConnect(NioSocketChannel.java:327)
	at org.apache.ratis.thirdparty.io.netty.channel.nio.AbstractNioChannel$AbstractNioUnsafe.finishConnect(AbstractNioChannel.java:340)
	at org.apache.ratis.thirdparty.io.netty.channel.nio.NioEventLoop.processSelectedKey(NioEventLoop.java:632)
	at org.apache.ratis.thirdparty.io.netty.channel.nio.NioEventLoop.processSelectedKeysOptimized(NioEventLoop.java:579)
	at org.apache.ratis.thirdparty.io.netty.channel.nio.NioEventLoop.processSelectedKeys(NioEventLoop.java:496)
	at org.apache.ratis.thirdparty.io.netty.channel.nio.NioEventLoop.run(NioEventLoop.java:458)
	at org.apache.ratis.thirdparty.io.netty.util.concurrent.SingleThreadEventExecutor$5.run(SingleThreadEventExecutor.java:897)
	at org.apache.ratis.thirdparty.io.netty.util.concurrent.FastThreadLocalRunnable.run(FastThreadLocalRunnable.java:30)
	... 1 more
Caused by: java.net.ConnectException: Connection refused
	... 11 more
2019-09-17 12:24:05,506 [ef58021b-0245-4b2a-b464-78c332d31a33@group-97FAE486DEE6:LeaderElection58] INFO  impl.RaftServerImpl (RaftServerImpl.java:setRole(174)) - ef58021b-0245-4b2a-b464-78c332d31a33@group-97FAE486DEE6: changes role from CANDIDATE to FOLLOWER at term 36 for DISCOVERED_A_NEW_TERM
2019-09-17 12:24:05,506 [ef58021b-0245-4b2a-b464-78c332d31a33@group-97FAE486DEE6:LeaderElection58] INFO  impl.RoleInfo (RoleInfo.java:shutdownLeaderElection(134)) - ef58021b-0245-4b2a-b464-78c332d31a33: shutdown LeaderElection
2019-09-17 12:24:05,506 [ef58021b-0245-4b2a-b464-78c332d31a33@group-97FAE486DEE6:LeaderElection58] INFO  impl.RoleInfo (RoleInfo.java:updateAndGet(143)) - ef58021b-0245-4b2a-b464-78c332d31a33: start FollowerState
2019-09-17 12:24:05,620 [java.util.concurrent.ThreadPoolExecutor$Worker@4758ecc9[State = -1, empty queue]] WARN  server.GrpcLogAppender (GrpcLogAppender.java:timeoutAppendRequest(200)) - 84b9980c-7545-47f2-8f8d-7bdb4cb4587c@group-5D4E048AB16A->ba884459-fbaf-490e-9b71-3c718ea82914-GrpcLogAppender: appendEntries Timeout, request=84b9980c-7545-47f2-8f8d-7bdb4cb4587c->ba884459-fbaf-490e-9b71-3c718ea82914#178-t2, previous=(t:2, i:33), leaderCommit=29, initializing? false, entries: <empty>
2019-09-17 12:24:05,630 [grpc-default-executor-5] WARN  server.GrpcLogAppender (LogUtils.java:warn(134)) - 7689548e-5f49-4f36-9667-e46ba21e9ae3@group-C0075F260562->a5f9b548-b989-4807-80f4-ff576b54977d-AppendLogResponseHandler: Failed appendEntries: org.apache.ratis.thirdparty.io.grpc.StatusRuntimeException: UNAVAILABLE: io exception
2019-09-17 12:24:05,631 [grpc-default-executor-5] INFO  impl.FollowerInfo (FollowerInfo.java:lambda$new$0(51)) - 7689548e-5f49-4f36-9667-e46ba21e9ae3@group-C0075F260562->a5f9b548-b989-4807-80f4-ff576b54977d: nextIndex: updateUnconditionally 8 -> 7
2019-09-17 12:24:05,648 [grpc-default-executor-5] WARN  server.GrpcLogAppender (LogUtils.java:warn(134)) - 84b9980c-7545-47f2-8f8d-7bdb4cb4587c@group-5D4E048AB16A->89060399-4494-4f9b-b1c5-9635c65f7453-AppendLogResponseHandler: Failed appendEntries: org.apache.ratis.thirdparty.io.grpc.StatusRuntimeException: UNAVAILABLE: io exception
2019-09-17 12:24:05,648 [grpc-default-executor-5] INFO  impl.FollowerInfo (FollowerInfo.java:lambda$new$0(51)) - 84b9980c-7545-47f2-8f8d-7bdb4cb4587c@group-5D4E048AB16A->89060399-4494-4f9b-b1c5-9635c65f7453: nextIndex: updateUnconditionally 24 -> 23
2019-09-17 12:24:06,024 [ForkJoinPool.commonPool-worker-1] INFO  ozoneimpl.OzoneContainer (OzoneContainer.java:stop(231)) - Attempting to stop container services.
2019-09-17 12:24:06,025 [ForkJoinPool.commonPool-worker-1] INFO  impl.RaftServerProxy (RaftServerProxy.java:lambda$close$4(314)) - 50fefd0a-f6ac-4da1-9b01-f02eab2da215: close
2019-09-17 12:24:06,026 [ForkJoinPool.commonPool-worker-1] INFO  impl.RaftServerImpl (RaftServerImpl.java:lambda$shutdown$3(251)) - 50fefd0a-f6ac-4da1-9b01-f02eab2da215@group-83B50BF1519D: shutdown
2019-09-17 12:24:06,026 [ForkJoinPool.commonPool-worker-1] INFO  util.JmxRegister (JmxRegister.java:unregister(73)) - Successfully un-registered JMX Bean with object name Ratis:service=RaftServer,group=group-83B50BF1519D,id=50fefd0a-f6ac-4da1-9b01-f02eab2da215
2019-09-17 12:24:06,027 [ForkJoinPool.commonPool-worker-1] INFO  impl.RoleInfo (RoleInfo.java:shutdownLeaderState(104)) - 50fefd0a-f6ac-4da1-9b01-f02eab2da215: shutdown LeaderState
2019-09-17 12:24:06,027 [ForkJoinPool.commonPool-worker-1] INFO  impl.PendingRequests (PendingRequests.java:sendNotLeaderResponses(202)) - 50fefd0a-f6ac-4da1-9b01-f02eab2da215-PendingRequests: sendNotLeaderResponses
2019-09-17 12:24:06,028 [ForkJoinPool.commonPool-worker-1] INFO  impl.StateMachineUpdater (StateMachineUpdater.java:stopAndJoin(125)) - 50fefd0a-f6ac-4da1-9b01-f02eab2da215@group-83B50BF1519D-StateMachineUpdater: set stopIndex = 0
2019-09-17 12:24:06,029 [ForkJoinPool.commonPool-worker-1] INFO  impl.RaftServerImpl (ServerState.java:close(385)) - 50fefd0a-f6ac-4da1-9b01-f02eab2da215@group-83B50BF1519D: closes. applyIndex: 0
2019-09-17 12:24:06,029 [50fefd0a-f6ac-4da1-9b01-f02eab2da215@group-83B50BF1519D-SegmentedRaftLogWorker] INFO  segmented.SegmentedRaftLogWorker (SegmentedRaftLogWorker.java:run(313)) - 50fefd0a-f6ac-4da1-9b01-f02eab2da215@group-83B50BF1519D-SegmentedRaftLogWorker was interrupted, exiting. There are 0 tasks remaining in the queue.
2019-09-17 12:24:06,033 [ForkJoinPool.commonPool-worker-1] INFO  segmented.SegmentedRaftLogWorker (SegmentedRaftLogWorker.java:close(228)) - 50fefd0a-f6ac-4da1-9b01-f02eab2da215@group-83B50BF1519D-SegmentedRaftLogWorker close()
2019-09-17 12:24:06,037 [ForkJoinPool.commonPool-worker-1] INFO  server.GrpcService (GrpcService.java:closeImpl(164)) - 50fefd0a-f6ac-4da1-9b01-f02eab2da215: shutdown server with port 44878 now
2019-09-17 12:24:06,039 [ForkJoinPool.commonPool-worker-1] INFO  server.GrpcService (GrpcService.java:closeImpl(172)) - 50fefd0a-f6ac-4da1-9b01-f02eab2da215: shutdown server with port 44878 successfully
2019-09-17 12:24:06,039 [main] INFO  ozoneimpl.OzoneContainer (OzoneContainer.java:stop(231)) - Attempting to stop container services.
2019-09-17 12:24:06,040 [main] INFO  impl.RaftServerProxy (RaftServerProxy.java:lambda$close$4(314)) - ef58021b-0245-4b2a-b464-78c332d31a33: close
2019-09-17 12:24:06,041 [main] INFO  impl.RaftServerImpl (RaftServerImpl.java:lambda$shutdown$3(251)) - ef58021b-0245-4b2a-b464-78c332d31a33@group-80403BFEB108: shutdown
2019-09-17 12:24:06,041 [main] INFO  util.JmxRegister (JmxRegister.java:unregister(73)) - Successfully un-registered JMX Bean with object name Ratis:service=RaftServer,group=group-80403BFEB108,id=ef58021b-0245-4b2a-b464-78c332d31a33
2019-09-17 12:24:06,041 [main] INFO  impl.RoleInfo (RoleInfo.java:shutdownLeaderState(104)) - ef58021b-0245-4b2a-b464-78c332d31a33: shutdown LeaderState
2019-09-17 12:24:06,042 [main] INFO  impl.PendingRequests (PendingRequests.java:sendNotLeaderResponses(202)) - ef58021b-0245-4b2a-b464-78c332d31a33-PendingRequests: sendNotLeaderResponses
2019-09-17 12:24:06,042 [main] INFO  impl.StateMachineUpdater (StateMachineUpdater.java:stopAndJoin(125)) - ef58021b-0245-4b2a-b464-78c332d31a33@group-80403BFEB108-StateMachineUpdater: set stopIndex = 0
2019-09-17 12:24:06,042 [main] INFO  impl.RaftServerImpl (ServerState.java:close(385)) - ef58021b-0245-4b2a-b464-78c332d31a33@group-80403BFEB108: closes. applyIndex: 0
2019-09-17 12:24:06,043 [ef58021b-0245-4b2a-b464-78c332d31a33@group-80403BFEB108-SegmentedRaftLogWorker] INFO  segmented.SegmentedRaftLogWorker (SegmentedRaftLogWorker.java:run(313)) - ef58021b-0245-4b2a-b464-78c332d31a33@group-80403BFEB108-SegmentedRaftLogWorker was interrupted, exiting. There are 0 tasks remaining in the queue.
2019-09-17 12:24:06,045 [main] INFO  segmented.SegmentedRaftLogWorker (SegmentedRaftLogWorker.java:close(228)) - ef58021b-0245-4b2a-b464-78c332d31a33@group-80403BFEB108-SegmentedRaftLogWorker close()
2019-09-17 12:24:06,045 [refreshUsed-/tmp/workdir/hadoop-ozone/integration-test/target/test-dir/MiniOzoneClusterImpl-97cb6072-9315-4ed4-9dbe-1bfff40012a1/datanode-3/data/containers] WARN  fs.CachingGetSpaceUsed (CachingGetSpaceUsed.java:run(183)) - Thread Interrupted waiting to refresh disk information: sleep interrupted
2019-09-17 12:24:06,055 [main] INFO  impl.RaftServerImpl (RaftServerImpl.java:lambda$shutdown$3(251)) - ef58021b-0245-4b2a-b464-78c332d31a33@group-97FAE486DEE6: shutdown
2019-09-17 12:24:06,057 [main] INFO  util.JmxRegister (JmxRegister.java:unregister(73)) - Successfully un-registered JMX Bean with object name Ratis:service=RaftServer,group=group-97FAE486DEE6,id=ef58021b-0245-4b2a-b464-78c332d31a33
2019-09-17 12:24:06,057 [main] INFO  impl.RoleInfo (RoleInfo.java:shutdownFollowerState(121)) - ef58021b-0245-4b2a-b464-78c332d31a33: shutdown FollowerState
2019-09-17 12:24:06,057 [main] INFO  impl.StateMachineUpdater (StateMachineUpdater.java:stopAndJoin(125)) - ef58021b-0245-4b2a-b464-78c332d31a33@group-97FAE486DEE6-StateMachineUpdater: set stopIndex = 27
2019-09-17 12:24:06,057 [ef58021b-0245-4b2a-b464-78c332d31a33@group-97FAE486DEE6-StateMachineUpdater] INFO  ratis.ContainerStateMachine (ContainerStateMachine.java:takeSnapshot(289)) - group-97FAE486DEE6: Taking a snapshot at:(t:2, i:26) file /tmp/workdir/hadoop-ozone/integration-test/target/test-dir/MiniOzoneClusterImpl-97cb6072-9315-4ed4-9dbe-1bfff40012a1/datanode-6/data/ratis/9b5a26d8-4bf8-4066-8c9b-97fae486dee6/sm/snapshot.2_26
2019-09-17 12:24:06,057 [Thread-1588] INFO  impl.FollowerState (FollowerState.java:run(115)) - ef58021b-0245-4b2a-b464-78c332d31a33: FollowerState was interrupted: java.lang.InterruptedException: sleep interrupted
2019-09-17 12:24:06,075 [ForkJoinPool.commonPool-worker-1] INFO  utils.BackgroundService (BackgroundService.java:shutdown(148)) - Shutting down service BlockDeletingService
2019-09-17 12:24:06,080 [ForkJoinPool.commonPool-worker-1] INFO  statemachine.DatanodeStateMachine (DatanodeStateMachine.java:stopDaemon(395)) - Ozone container server stopped.
2019-09-17 12:24:06,086 [ForkJoinPool.commonPool-worker-1] INFO  handler.ContextHandler (ContextHandler.java:doStop(910)) - Stopped o.e.j.w.WebAppContext@437486cd{/,null,UNAVAILABLE}{/hddsDatanode}
2019-09-17 12:24:06,087 [ForkJoinPool.commonPool-worker-1] INFO  server.AbstractConnector (AbstractConnector.java:doStop(318)) - Stopped ServerConnector@15b642b9{HTTP/1.1,[http/1.1]}{0.0.0.0:0}
2019-09-17 12:24:06,089 [ForkJoinPool.commonPool-worker-1] INFO  handler.ContextHandler (ContextHandler.java:doStop(910)) - Stopped o.e.j.s.ServletContextHandler@5e7c141d{/static,jar:file:/home/user/.m2/repository/org/apache/hadoop/hadoop-hdds-container-service/0.5.0-SNAPSHOT/hadoop-hdds-container-service-0.5.0-SNAPSHOT.jar!/webapps/static,UNAVAILABLE}
2019-09-17 12:24:06,090 [ForkJoinPool.commonPool-worker-1] INFO  handler.ContextHandler (ContextHandler.java:doStop(910)) - Stopped o.e.j.s.ServletContextHandler@378cfecf{/logs,file:///tmp/workdir/hadoop-ozone/integration-test/target/log,UNAVAILABLE}
2019-09-17 12:24:06,101 [ef58021b-0245-4b2a-b464-78c332d31a33@group-97FAE486DEE6-StateMachineUpdater] INFO  ratis.ContainerStateMachine (ContainerStateMachine.java:takeSnapshot(300)) - group-97FAE486DEE6: Finished taking a snapshot at:(t:2, i:26) file:/tmp/workdir/hadoop-ozone/integration-test/target/test-dir/MiniOzoneClusterImpl-97cb6072-9315-4ed4-9dbe-1bfff40012a1/datanode-6/data/ratis/9b5a26d8-4bf8-4066-8c9b-97fae486dee6/sm/snapshot.2_26 time:44
2019-09-17 12:24:06,101 [ef58021b-0245-4b2a-b464-78c332d31a33@group-97FAE486DEE6-StateMachineUpdater] INFO  impl.StateMachineUpdater (StateMachineUpdater.java:takeSnapshot(258)) - ef58021b-0245-4b2a-b464-78c332d31a33@group-97FAE486DEE6-StateMachineUpdater: Took a snapshot at index 26
2019-09-17 12:24:06,101 [ef58021b-0245-4b2a-b464-78c332d31a33@group-97FAE486DEE6-StateMachineUpdater] INFO  impl.StateMachineUpdater (StateMachineUpdater.java:lambda$new$0(83)) - ef58021b-0245-4b2a-b464-78c332d31a33@group-97FAE486DEE6-StateMachineUpdater: snapshotIndex: updateIncreasingly -1 -> 26
2019-09-17 12:24:06,102 [ef58021b-0245-4b2a-b464-78c332d31a33@group-97FAE486DEE6-StateMachineUpdater] INFO  ratis.ContainerStateMachine (ContainerStateMachine.java:takeSnapshot(289)) - group-97FAE486DEE6: Taking a snapshot at:(t:2, i:26) file /tmp/workdir/hadoop-ozone/integration-test/target/test-dir/MiniOzoneClusterImpl-97cb6072-9315-4ed4-9dbe-1bfff40012a1/datanode-6/data/ratis/9b5a26d8-4bf8-4066-8c9b-97fae486dee6/sm/snapshot.2_26
2019-09-17 12:24:06,120 [java.util.concurrent.ThreadPoolExecutor$Worker@4758ecc9[State = -1, empty queue]] WARN  server.GrpcLogAppender (GrpcLogAppender.java:timeoutAppendRequest(200)) - 84b9980c-7545-47f2-8f8d-7bdb4cb4587c@group-5D4E048AB16A->ba884459-fbaf-490e-9b71-3c718ea82914-GrpcLogAppender: appendEntries Timeout, request=84b9980c-7545-47f2-8f8d-7bdb4cb4587c->ba884459-fbaf-490e-9b71-3c718ea82914#179-t2, previous=(t:2, i:33), leaderCommit=29, initializing? false, entries: <empty>
2019-09-17 12:24:06,130 [grpc-default-executor-6] WARN  server.GrpcLogAppender (LogUtils.java:warn(134)) - 7689548e-5f49-4f36-9667-e46ba21e9ae3@group-C0075F260562->a5f9b548-b989-4807-80f4-ff576b54977d-AppendLogResponseHandler: Failed appendEntries: org.apache.ratis.thirdparty.io.grpc.StatusRuntimeException: UNAVAILABLE: io exception
2019-09-17 12:24:06,130 [grpc-default-executor-6] INFO  impl.FollowerInfo (FollowerInfo.java:lambda$new$0(51)) - 7689548e-5f49-4f36-9667-e46ba21e9ae3@group-C0075F260562->a5f9b548-b989-4807-80f4-ff576b54977d: nextIndex: updateUnconditionally 7 -> 6
2019-09-17 12:24:06,135 [ef58021b-0245-4b2a-b464-78c332d31a33@group-97FAE486DEE6-StateMachineUpdater] INFO  ratis.ContainerStateMachine (ContainerStateMachine.java:takeSnapshot(300)) - group-97FAE486DEE6: Finished taking a snapshot at:(t:2, i:26) file:/tmp/workdir/hadoop-ozone/integration-test/target/test-dir/MiniOzoneClusterImpl-97cb6072-9315-4ed4-9dbe-1bfff40012a1/datanode-6/data/ratis/9b5a26d8-4bf8-4066-8c9b-97fae486dee6/sm/snapshot.2_26 time:33
2019-09-17 12:24:06,135 [ef58021b-0245-4b2a-b464-78c332d31a33@group-97FAE486DEE6-StateMachineUpdater] INFO  impl.StateMachineUpdater (StateMachineUpdater.java:takeSnapshot(258)) - ef58021b-0245-4b2a-b464-78c332d31a33@group-97FAE486DEE6-StateMachineUpdater: Took a snapshot at index 26
2019-09-17 12:24:06,135 [ef58021b-0245-4b2a-b464-78c332d31a33@group-97FAE486DEE6-StateMachineUpdater] INFO  impl.StateMachineUpdater (StateMachineUpdater.java:lambda$new$0(83)) - ef58021b-0245-4b2a-b464-78c332d31a33@group-97FAE486DEE6-StateMachineUpdater: snapshotIndex: updateIncreasingly 26 -> 26
2019-09-17 12:24:06,135 [main] INFO  impl.RaftServerImpl (ServerState.java:close(385)) - ef58021b-0245-4b2a-b464-78c332d31a33@group-97FAE486DEE6: closes. applyIndex: 27
2019-09-17 12:24:06,136 [ef58021b-0245-4b2a-b464-78c332d31a33@group-97FAE486DEE6-SegmentedRaftLogWorker] INFO  segmented.SegmentedRaftLogWorker (SegmentedRaftLogWorker.java:run(313)) - ef58021b-0245-4b2a-b464-78c332d31a33@group-97FAE486DEE6-SegmentedRaftLogWorker was interrupted, exiting. There are 0 tasks remaining in the queue.
2019-09-17 12:24:06,136 [main] INFO  segmented.SegmentedRaftLogWorker (SegmentedRaftLogWorker.java:close(228)) - ef58021b-0245-4b2a-b464-78c332d31a33@group-97FAE486DEE6-SegmentedRaftLogWorker close()
2019-09-17 12:24:06,138 [main] INFO  server.GrpcService (GrpcService.java:closeImpl(164)) - ef58021b-0245-4b2a-b464-78c332d31a33: shutdown server with port 45449 now
2019-09-17 12:24:06,139 [main] INFO  server.GrpcService (GrpcService.java:closeImpl(172)) - ef58021b-0245-4b2a-b464-78c332d31a33: shutdown server with port 45449 successfully
2019-09-17 12:24:06,140 [refreshUsed-/tmp/workdir/hadoop-ozone/integration-test/target/test-dir/MiniOzoneClusterImpl-97cb6072-9315-4ed4-9dbe-1bfff40012a1/datanode-6/data/containers] WARN  fs.CachingGetSpaceUsed (CachingGetSpaceUsed.java:run(183)) - Thread Interrupted waiting to refresh disk information: sleep interrupted
2019-09-17 12:24:06,148 [grpc-default-executor-1] WARN  server.GrpcLogAppender (LogUtils.java:warn(134)) - 84b9980c-7545-47f2-8f8d-7bdb4cb4587c@group-5D4E048AB16A->89060399-4494-4f9b-b1c5-9635c65f7453-AppendLogResponseHandler: Failed appendEntries: org.apache.ratis.thirdparty.io.grpc.StatusRuntimeException: UNAVAILABLE: io exception
2019-09-17 12:24:06,148 [grpc-default-executor-1] INFO  impl.FollowerInfo (FollowerInfo.java:lambda$new$0(51)) - 84b9980c-7545-47f2-8f8d-7bdb4cb4587c@group-5D4E048AB16A->89060399-4494-4f9b-b1c5-9635c65f7453: nextIndex: updateUnconditionally 23 -> 22
2019-09-17 12:24:06,153 [main] INFO  utils.BackgroundService (BackgroundService.java:shutdown(148)) - Shutting down service BlockDeletingService
2019-09-17 12:24:06,158 [main] INFO  statemachine.DatanodeStateMachine (DatanodeStateMachine.java:stopDaemon(395)) - Ozone container server stopped.
2019-09-17 12:24:06,158 [main] INFO  handler.ContextHandler (ContextHandler.java:doStop(910)) - Stopped o.e.j.w.WebAppContext@625dfff3{/,null,UNAVAILABLE}{/hddsDatanode}
2019-09-17 12:24:06,159 [main] INFO  server.AbstractConnector (AbstractConnector.java:doStop(318)) - Stopped ServerConnector@26350ea2{HTTP/1.1,[http/1.1]}{0.0.0.0:0}
2019-09-17 12:24:06,159 [main] INFO  handler.ContextHandler (ContextHandler.java:doStop(910)) - Stopped o.e.j.s.ServletContextHandler@7c8c70d6{/static,jar:file:/home/user/.m2/repository/org/apache/hadoop/hadoop-hdds-container-service/0.5.0-SNAPSHOT/hadoop-hdds-container-service-0.5.0-SNAPSHOT.jar!/webapps/static,UNAVAILABLE}
2019-09-17 12:24:06,160 [main] INFO  handler.ContextHandler (ContextHandler.java:doStop(910)) - Stopped o.e.j.s.ServletContextHandler@34780cd9{/logs,file:///tmp/workdir/hadoop-ozone/integration-test/target/log,UNAVAILABLE}
2019-09-17 12:24:06,621 [java.util.concurrent.ThreadPoolExecutor$Worker@4758ecc9[State = -1, empty queue]] WARN  server.GrpcLogAppender (GrpcLogAppender.java:timeoutAppendRequest(200)) - 84b9980c-7545-47f2-8f8d-7bdb4cb4587c@group-5D4E048AB16A->ba884459-fbaf-490e-9b71-3c718ea82914-GrpcLogAppender: appendEntries Timeout, request=84b9980c-7545-47f2-8f8d-7bdb4cb4587c->ba884459-fbaf-490e-9b71-3c718ea82914#180-t2, previous=(t:2, i:33), leaderCommit=29, initializing? false, entries: <empty>
2019-09-17 12:24:06,631 [grpc-default-executor-5] WARN  server.GrpcLogAppender (LogUtils.java:warn(134)) - 7689548e-5f49-4f36-9667-e46ba21e9ae3@group-C0075F260562->a5f9b548-b989-4807-80f4-ff576b54977d-AppendLogResponseHandler: Failed appendEntries: org.apache.ratis.thirdparty.io.grpc.StatusRuntimeException: UNAVAILABLE: io exception
2019-09-17 12:24:06,632 [grpc-default-executor-5] INFO  impl.FollowerInfo (FollowerInfo.java:lambda$new$0(51)) - 7689548e-5f49-4f36-9667-e46ba21e9ae3@group-C0075F260562->a5f9b548-b989-4807-80f4-ff576b54977d: nextIndex: updateUnconditionally 6 -> 5
2019-09-17 12:24:06,649 [grpc-default-executor-1] WARN  server.GrpcLogAppender (LogUtils.java:warn(134)) - 84b9980c-7545-47f2-8f8d-7bdb4cb4587c@group-5D4E048AB16A->89060399-4494-4f9b-b1c5-9635c65f7453-AppendLogResponseHandler: Failed appendEntries: org.apache.ratis.thirdparty.io.grpc.StatusRuntimeException: UNAVAILABLE: io exception
2019-09-17 12:24:06,649 [grpc-default-executor-1] INFO  impl.FollowerInfo (FollowerInfo.java:lambda$new$0(51)) - 84b9980c-7545-47f2-8f8d-7bdb4cb4587c@group-5D4E048AB16A->89060399-4494-4f9b-b1c5-9635c65f7453: nextIndex: updateUnconditionally 22 -> 21
2019-09-17 12:24:06,734 [Datanode State Machine Thread - 0] INFO  statemachine.DatanodeStateMachine (DatanodeStateMachine.java:lambda$startDaemon$0(350)) - Ozone container server started.
2019-09-17 12:24:06,748 [Datanode State Machine Thread - 0] INFO  statemachine.DatanodeStateMachine (DatanodeStateMachine.java:lambda$startDaemon$0(350)) - Ozone container server started.
2019-09-17 12:24:07,121 [java.util.concurrent.ThreadPoolExecutor$Worker@4758ecc9[State = -1, empty queue]] WARN  server.GrpcLogAppender (GrpcLogAppender.java:timeoutAppendRequest(200)) - 84b9980c-7545-47f2-8f8d-7bdb4cb4587c@group-5D4E048AB16A->ba884459-fbaf-490e-9b71-3c718ea82914-GrpcLogAppender: appendEntries Timeout, request=84b9980c-7545-47f2-8f8d-7bdb4cb4587c->ba884459-fbaf-490e-9b71-3c718ea82914#181-t2, previous=(t:2, i:33), leaderCommit=29, initializing? false, entries: <empty>
2019-09-17 12:24:07,133 [grpc-default-executor-6] WARN  server.GrpcLogAppender (LogUtils.java:warn(134)) - 7689548e-5f49-4f36-9667-e46ba21e9ae3@group-C0075F260562->a5f9b548-b989-4807-80f4-ff576b54977d-AppendLogResponseHandler: Failed appendEntries: org.apache.ratis.thirdparty.io.grpc.StatusRuntimeException: UNAVAILABLE: io exception
2019-09-17 12:24:07,133 [grpc-default-executor-6] INFO  impl.FollowerInfo (FollowerInfo.java:lambda$new$0(51)) - 7689548e-5f49-4f36-9667-e46ba21e9ae3@group-C0075F260562->a5f9b548-b989-4807-80f4-ff576b54977d: nextIndex: updateUnconditionally 5 -> 4
2019-09-17 12:24:07,150 [grpc-default-executor-5] WARN  server.GrpcLogAppender (LogUtils.java:warn(134)) - 84b9980c-7545-47f2-8f8d-7bdb4cb4587c@group-5D4E048AB16A->89060399-4494-4f9b-b1c5-9635c65f7453-AppendLogResponseHandler: Failed appendEntries: org.apache.ratis.thirdparty.io.grpc.StatusRuntimeException: UNAVAILABLE: io exception
2019-09-17 12:24:07,150 [grpc-default-executor-5] INFO  impl.FollowerInfo (FollowerInfo.java:lambda$new$0(51)) - 84b9980c-7545-47f2-8f8d-7bdb4cb4587c@group-5D4E048AB16A->89060399-4494-4f9b-b1c5-9635c65f7453: nextIndex: updateUnconditionally 21 -> 20
2019-09-17 12:24:07,545 [84b9980c-7545-47f2-8f8d-7bdb4cb4587c@group-5D4E048AB16A-SegmentedRaftLogWorker] WARN  segmented.SegmentedRaftLogWorker (SegmentedRaftLogWorker.java:getFromFuture(90)) - Timeout 2/~
org.apache.ratis.protocol.TimeoutIOException: Timeout 10s: WriteLog:30: (t:2, i:30), STATEMACHINELOGENTRY, client-9303C3D922F8, cid=72-writeStateMachineData
	at org.apache.ratis.util.IOUtils.getFromFuture(IOUtils.java:87)
	at org.apache.ratis.server.raftlog.segmented.SegmentedRaftLogWorker$StateMachineDataPolicy.getFromFuture(SegmentedRaftLogWorker.java:87)
	at org.apache.ratis.server.raftlog.segmented.SegmentedRaftLogWorker$WriteLog.execute(SegmentedRaftLogWorker.java:477)
	at org.apache.ratis.server.raftlog.segmented.SegmentedRaftLogWorker.run(SegmentedRaftLogWorker.java:289)
	at java.lang.Thread.run(Thread.java:748)
Caused by: java.util.concurrent.TimeoutException
	at java.util.concurrent.CompletableFuture.timedGet(CompletableFuture.java:1771)
	at java.util.concurrent.CompletableFuture.get(CompletableFuture.java:1915)
	at org.apache.ratis.util.IOUtils.getFromFuture(IOUtils.java:79)
	... 4 more
2019-09-17 12:24:07,562 [ba884459-fbaf-490e-9b71-3c718ea82914@group-5D4E048AB16A-SegmentedRaftLogWorker] WARN  segmented.SegmentedRaftLogWorker (SegmentedRaftLogWorker.java:getFromFuture(90)) - Timeout 2/~
org.apache.ratis.protocol.TimeoutIOException: Timeout 10s: WriteLog:30: (t:2, i:30), STATEMACHINELOGENTRY, client-9303C3D922F8, cid=72-writeStateMachineData
	at org.apache.ratis.util.IOUtils.getFromFuture(IOUtils.java:87)
	at org.apache.ratis.server.raftlog.segmented.SegmentedRaftLogWorker$StateMachineDataPolicy.getFromFuture(SegmentedRaftLogWorker.java:87)
	at org.apache.ratis.server.raftlog.segmented.SegmentedRaftLogWorker$WriteLog.execute(SegmentedRaftLogWorker.java:477)
	at org.apache.ratis.server.raftlog.segmented.SegmentedRaftLogWorker.run(SegmentedRaftLogWorker.java:289)
	at java.lang.Thread.run(Thread.java:748)
Caused by: java.util.concurrent.TimeoutException
	at java.util.concurrent.CompletableFuture.timedGet(CompletableFuture.java:1771)
	at java.util.concurrent.CompletableFuture.get(CompletableFuture.java:1915)
	at org.apache.ratis.util.IOUtils.getFromFuture(IOUtils.java:79)
	... 4 more
2019-09-17 12:24:07,621 [java.util.concurrent.ThreadPoolExecutor$Worker@4758ecc9[State = -1, empty queue]] WARN  server.GrpcLogAppender (GrpcLogAppender.java:timeoutAppendRequest(200)) - 84b9980c-7545-47f2-8f8d-7bdb4cb4587c@group-5D4E048AB16A->ba884459-fbaf-490e-9b71-3c718ea82914-GrpcLogAppender: appendEntries Timeout, request=84b9980c-7545-47f2-8f8d-7bdb4cb4587c->ba884459-fbaf-490e-9b71-3c718ea82914#182-t2, previous=(t:2, i:33), leaderCommit=29, initializing? false, entries: <empty>
2019-09-17 12:24:07,635 [grpc-default-executor-5] WARN  server.GrpcLogAppender (LogUtils.java:warn(134)) - 7689548e-5f49-4f36-9667-e46ba21e9ae3@group-C0075F260562->a5f9b548-b989-4807-80f4-ff576b54977d-AppendLogResponseHandler: Failed appendEntries: org.apache.ratis.thirdparty.io.grpc.StatusRuntimeException: UNAVAILABLE: io exception
2019-09-17 12:24:07,635 [grpc-default-executor-5] INFO  impl.FollowerInfo (FollowerInfo.java:lambda$new$0(51)) - 7689548e-5f49-4f36-9667-e46ba21e9ae3@group-C0075F260562->a5f9b548-b989-4807-80f4-ff576b54977d: nextIndex: updateUnconditionally 4 -> 3
2019-09-17 12:24:07,650 [grpc-default-executor-1] WARN  server.GrpcLogAppender (LogUtils.java:warn(134)) - 84b9980c-7545-47f2-8f8d-7bdb4cb4587c@group-5D4E048AB16A->89060399-4494-4f9b-b1c5-9635c65f7453-AppendLogResponseHandler: Failed appendEntries: org.apache.ratis.thirdparty.io.grpc.StatusRuntimeException: UNAVAILABLE: io exception
2019-09-17 12:24:07,650 [grpc-default-executor-1] INFO  impl.FollowerInfo (FollowerInfo.java:lambda$new$0(51)) - 84b9980c-7545-47f2-8f8d-7bdb4cb4587c@group-5D4E048AB16A->89060399-4494-4f9b-b1c5-9635c65f7453: nextIndex: updateUnconditionally 20 -> 19
2019-09-17 12:24:08,122 [java.util.concurrent.ThreadPoolExecutor$Worker@4758ecc9[State = -1, empty queue]] WARN  server.GrpcLogAppender (GrpcLogAppender.java:timeoutAppendRequest(200)) - 84b9980c-7545-47f2-8f8d-7bdb4cb4587c@group-5D4E048AB16A->ba884459-fbaf-490e-9b71-3c718ea82914-GrpcLogAppender: appendEntries Timeout, request=84b9980c-7545-47f2-8f8d-7bdb4cb4587c->ba884459-fbaf-490e-9b71-3c718ea82914#183-t2, previous=(t:2, i:33), leaderCommit=29, initializing? false, entries: <empty>
2019-09-17 12:24:08,135 [grpc-default-executor-6] WARN  server.GrpcLogAppender (LogUtils.java:warn(134)) - 7689548e-5f49-4f36-9667-e46ba21e9ae3@group-C0075F260562->a5f9b548-b989-4807-80f4-ff576b54977d-AppendLogResponseHandler: Failed appendEntries: org.apache.ratis.thirdparty.io.grpc.StatusRuntimeException: UNAVAILABLE: io exception
2019-09-17 12:24:08,135 [grpc-default-executor-6] INFO  impl.FollowerInfo (FollowerInfo.java:lambda$new$0(51)) - 7689548e-5f49-4f36-9667-e46ba21e9ae3@group-C0075F260562->a5f9b548-b989-4807-80f4-ff576b54977d: nextIndex: updateUnconditionally 3 -> 2
2019-09-17 12:24:08,151 [grpc-default-executor-5] WARN  server.GrpcLogAppender (LogUtils.java:warn(134)) - 84b9980c-7545-47f2-8f8d-7bdb4cb4587c@group-5D4E048AB16A->89060399-4494-4f9b-b1c5-9635c65f7453-AppendLogResponseHandler: Failed appendEntries: org.apache.ratis.thirdparty.io.grpc.StatusRuntimeException: UNAVAILABLE: io exception
2019-09-17 12:24:08,152 [grpc-default-executor-5] INFO  impl.FollowerInfo (FollowerInfo.java:lambda$new$0(51)) - 84b9980c-7545-47f2-8f8d-7bdb4cb4587c@group-5D4E048AB16A->89060399-4494-4f9b-b1c5-9635c65f7453: nextIndex: updateUnconditionally 19 -> 18
2019-09-17 12:24:08,622 [java.util.concurrent.ThreadPoolExecutor$Worker@4758ecc9[State = -1, empty queue]] WARN  server.GrpcLogAppender (GrpcLogAppender.java:timeoutAppendRequest(200)) - 84b9980c-7545-47f2-8f8d-7bdb4cb4587c@group-5D4E048AB16A->ba884459-fbaf-490e-9b71-3c718ea82914-GrpcLogAppender: appendEntries Timeout, request=84b9980c-7545-47f2-8f8d-7bdb4cb4587c->ba884459-fbaf-490e-9b71-3c718ea82914#184-t2, previous=(t:2, i:33), leaderCommit=29, initializing? false, entries: <empty>
2019-09-17 12:24:08,635 [grpc-default-executor-1] WARN  server.GrpcLogAppender (LogUtils.java:warn(134)) - 7689548e-5f49-4f36-9667-e46ba21e9ae3@group-C0075F260562->a5f9b548-b989-4807-80f4-ff576b54977d-AppendLogResponseHandler: Failed appendEntries: org.apache.ratis.thirdparty.io.grpc.StatusRuntimeException: UNAVAILABLE: io exception
2019-09-17 12:24:08,636 [grpc-default-executor-1] INFO  impl.FollowerInfo (FollowerInfo.java:lambda$new$0(51)) - 7689548e-5f49-4f36-9667-e46ba21e9ae3@group-C0075F260562->a5f9b548-b989-4807-80f4-ff576b54977d: nextIndex: updateUnconditionally 2 -> 1
2019-09-17 12:24:08,651 [grpc-default-executor-6] WARN  server.GrpcLogAppender (LogUtils.java:warn(134)) - 84b9980c-7545-47f2-8f8d-7bdb4cb4587c@group-5D4E048AB16A->89060399-4494-4f9b-b1c5-9635c65f7453-AppendLogResponseHandler: Failed appendEntries: org.apache.ratis.thirdparty.io.grpc.StatusRuntimeException: UNAVAILABLE: io exception
2019-09-17 12:24:08,651 [grpc-default-executor-6] INFO  impl.FollowerInfo (FollowerInfo.java:lambda$new$0(51)) - 84b9980c-7545-47f2-8f8d-7bdb4cb4587c@group-5D4E048AB16A->89060399-4494-4f9b-b1c5-9635c65f7453: nextIndex: updateUnconditionally 18 -> 17
2019-09-17 12:24:09,123 [java.util.concurrent.ThreadPoolExecutor$Worker@4758ecc9[State = -1, empty queue]] WARN  server.GrpcLogAppender (GrpcLogAppender.java:timeoutAppendRequest(200)) - 84b9980c-7545-47f2-8f8d-7bdb4cb4587c@group-5D4E048AB16A->ba884459-fbaf-490e-9b71-3c718ea82914-GrpcLogAppender: appendEntries Timeout, request=84b9980c-7545-47f2-8f8d-7bdb4cb4587c->ba884459-fbaf-490e-9b71-3c718ea82914#185-t2, previous=(t:2, i:33), leaderCommit=29, initializing? false, entries: <empty>
2019-09-17 12:24:09,137 [grpc-default-executor-5] WARN  server.GrpcLogAppender (LogUtils.java:warn(134)) - 7689548e-5f49-4f36-9667-e46ba21e9ae3@group-C0075F260562->a5f9b548-b989-4807-80f4-ff576b54977d-AppendLogResponseHandler: Failed appendEntries: org.apache.ratis.thirdparty.io.grpc.StatusRuntimeException: UNAVAILABLE: io exception
2019-09-17 12:24:09,137 [grpc-default-executor-5] INFO  impl.FollowerInfo (FollowerInfo.java:lambda$new$0(51)) - 7689548e-5f49-4f36-9667-e46ba21e9ae3@group-C0075F260562->a5f9b548-b989-4807-80f4-ff576b54977d: nextIndex: updateUnconditionally 1 -> 0
2019-09-17 12:24:09,152 [grpc-default-executor-1] WARN  server.GrpcLogAppender (LogUtils.java:warn(134)) - 84b9980c-7545-47f2-8f8d-7bdb4cb4587c@group-5D4E048AB16A->89060399-4494-4f9b-b1c5-9635c65f7453-AppendLogResponseHandler: Failed appendEntries: org.apache.ratis.thirdparty.io.grpc.StatusRuntimeException: UNAVAILABLE: io exception
2019-09-17 12:24:09,153 [grpc-default-executor-1] INFO  impl.FollowerInfo (FollowerInfo.java:lambda$new$0(51)) - 84b9980c-7545-47f2-8f8d-7bdb4cb4587c@group-5D4E048AB16A->89060399-4494-4f9b-b1c5-9635c65f7453: nextIndex: updateUnconditionally 17 -> 16
2019-09-17 12:24:09,623 [java.util.concurrent.ThreadPoolExecutor$Worker@4758ecc9[State = -1, empty queue]] WARN  server.GrpcLogAppender (GrpcLogAppender.java:timeoutAppendRequest(200)) - 84b9980c-7545-47f2-8f8d-7bdb4cb4587c@group-5D4E048AB16A->ba884459-fbaf-490e-9b71-3c718ea82914-GrpcLogAppender: appendEntries Timeout, request=84b9980c-7545-47f2-8f8d-7bdb4cb4587c->ba884459-fbaf-490e-9b71-3c718ea82914#186-t2, previous=(t:2, i:33), leaderCommit=29, initializing? false, entries: <empty>
2019-09-17 12:24:09,638 [grpc-default-executor-6] WARN  server.GrpcLogAppender (LogUtils.java:warn(134)) - 7689548e-5f49-4f36-9667-e46ba21e9ae3@group-C0075F260562->a5f9b548-b989-4807-80f4-ff576b54977d-AppendLogResponseHandler: Failed appendEntries: org.apache.ratis.thirdparty.io.grpc.StatusRuntimeException: UNAVAILABLE: io exception
2019-09-17 12:24:09,638 [grpc-default-executor-6] INFO  impl.FollowerInfo (FollowerInfo.java:lambda$new$0(51)) - 7689548e-5f49-4f36-9667-e46ba21e9ae3@group-C0075F260562->a5f9b548-b989-4807-80f4-ff576b54977d: nextIndex: updateUnconditionally 0 -> 0
2019-09-17 12:24:09,653 [grpc-default-executor-5] WARN  server.GrpcLogAppender (LogUtils.java:warn(134)) - 84b9980c-7545-47f2-8f8d-7bdb4cb4587c@group-5D4E048AB16A->89060399-4494-4f9b-b1c5-9635c65f7453-AppendLogResponseHandler: Failed appendEntries: org.apache.ratis.thirdparty.io.grpc.StatusRuntimeException: UNAVAILABLE: io exception
2019-09-17 12:24:09,653 [grpc-default-executor-5] INFO  impl.FollowerInfo (FollowerInfo.java:lambda$new$0(51)) - 84b9980c-7545-47f2-8f8d-7bdb4cb4587c@group-5D4E048AB16A->89060399-4494-4f9b-b1c5-9635c65f7453: nextIndex: updateUnconditionally 16 -> 15
2019-09-17 12:24:10,124 [java.util.concurrent.ThreadPoolExecutor$Worker@4758ecc9[State = -1, empty queue]] WARN  server.GrpcLogAppender (GrpcLogAppender.java:timeoutAppendRequest(200)) - 84b9980c-7545-47f2-8f8d-7bdb4cb4587c@group-5D4E048AB16A->ba884459-fbaf-490e-9b71-3c718ea82914-GrpcLogAppender: appendEntries Timeout, request=84b9980c-7545-47f2-8f8d-7bdb4cb4587c->ba884459-fbaf-490e-9b71-3c718ea82914#187-t2, previous=(t:2, i:33), leaderCommit=29, initializing? false, entries: <empty>
2019-09-17 12:24:10,139 [grpc-default-executor-1] WARN  server.GrpcLogAppender (LogUtils.java:warn(134)) - 7689548e-5f49-4f36-9667-e46ba21e9ae3@group-C0075F260562->a5f9b548-b989-4807-80f4-ff576b54977d-AppendLogResponseHandler: Failed appendEntries: org.apache.ratis.thirdparty.io.grpc.StatusRuntimeException: UNAVAILABLE: io exception
2019-09-17 12:24:10,139 [grpc-default-executor-1] INFO  impl.FollowerInfo (FollowerInfo.java:lambda$new$0(51)) - 7689548e-5f49-4f36-9667-e46ba21e9ae3@group-C0075F260562->a5f9b548-b989-4807-80f4-ff576b54977d: nextIndex: updateUnconditionally 0 -> 0
2019-09-17 12:24:10,153 [grpc-default-executor-6] WARN  server.GrpcLogAppender (LogUtils.java:warn(134)) - 84b9980c-7545-47f2-8f8d-7bdb4cb4587c@group-5D4E048AB16A->89060399-4494-4f9b-b1c5-9635c65f7453-AppendLogResponseHandler: Failed appendEntries: org.apache.ratis.thirdparty.io.grpc.StatusRuntimeException: UNAVAILABLE: io exception
2019-09-17 12:24:10,153 [grpc-default-executor-6] INFO  impl.FollowerInfo (FollowerInfo.java:lambda$new$0(51)) - 84b9980c-7545-47f2-8f8d-7bdb4cb4587c@group-5D4E048AB16A->89060399-4494-4f9b-b1c5-9635c65f7453: nextIndex: updateUnconditionally 15 -> 14
2019-09-17 12:24:10,547 [7689548e-5f49-4f36-9667-e46ba21e9ae3@group-C0075F260562-SegmentedRaftLogWorker] WARN  segmented.SegmentedRaftLogWorker (SegmentedRaftLogWorker.java:getFromFuture(90)) - Timeout 7/~
org.apache.ratis.protocol.TimeoutIOException: Timeout 10s: WriteLog:19: (t:2, i:19), STATEMACHINELOGENTRY, client-0F6212053E58, cid=40-writeStateMachineData
	at org.apache.ratis.util.IOUtils.getFromFuture(IOUtils.java:87)
	at org.apache.ratis.server.raftlog.segmented.SegmentedRaftLogWorker$StateMachineDataPolicy.getFromFuture(SegmentedRaftLogWorker.java:87)
	at org.apache.ratis.server.raftlog.segmented.SegmentedRaftLogWorker$WriteLog.execute(SegmentedRaftLogWorker.java:477)
	at org.apache.ratis.server.raftlog.segmented.SegmentedRaftLogWorker.run(SegmentedRaftLogWorker.java:289)
	at java.lang.Thread.run(Thread.java:748)
Caused by: java.util.concurrent.TimeoutException
	at java.util.concurrent.CompletableFuture.timedGet(CompletableFuture.java:1771)
	at java.util.concurrent.CompletableFuture.get(CompletableFuture.java:1915)
	at org.apache.ratis.util.IOUtils.getFromFuture(IOUtils.java:79)
	... 4 more
2019-09-17 12:24:10,624 [java.util.concurrent.ThreadPoolExecutor$Worker@4758ecc9[State = -1, empty queue]] WARN  server.GrpcLogAppender (GrpcLogAppender.java:timeoutAppendRequest(200)) - 84b9980c-7545-47f2-8f8d-7bdb4cb4587c@group-5D4E048AB16A->ba884459-fbaf-490e-9b71-3c718ea82914-GrpcLogAppender: appendEntries Timeout, request=84b9980c-7545-47f2-8f8d-7bdb4cb4587c->ba884459-fbaf-490e-9b71-3c718ea82914#188-t2, previous=(t:2, i:33), leaderCommit=29, initializing? false, entries: <empty>
2019-09-17 12:24:10,639 [grpc-default-executor-5] WARN  server.GrpcLogAppender (LogUtils.java:warn(134)) - 7689548e-5f49-4f36-9667-e46ba21e9ae3@group-C0075F260562->a5f9b548-b989-4807-80f4-ff576b54977d-AppendLogResponseHandler: Failed appendEntries: org.apache.ratis.thirdparty.io.grpc.StatusRuntimeException: UNAVAILABLE: io exception
2019-09-17 12:24:10,639 [grpc-default-executor-5] INFO  impl.FollowerInfo (FollowerInfo.java:lambda$new$0(51)) - 7689548e-5f49-4f36-9667-e46ba21e9ae3@group-C0075F260562->a5f9b548-b989-4807-80f4-ff576b54977d: nextIndex: updateUnconditionally 0 -> 0
2019-09-17 12:24:10,654 [grpc-default-executor-1] WARN  server.GrpcLogAppender (LogUtils.java:warn(134)) - 84b9980c-7545-47f2-8f8d-7bdb4cb4587c@group-5D4E048AB16A->89060399-4494-4f9b-b1c5-9635c65f7453-AppendLogResponseHandler: Failed appendEntries: org.apache.ratis.thirdparty.io.grpc.StatusRuntimeException: UNAVAILABLE: io exception
2019-09-17 12:24:10,654 [grpc-default-executor-1] INFO  impl.FollowerInfo (FollowerInfo.java:lambda$new$0(51)) - 84b9980c-7545-47f2-8f8d-7bdb4cb4587c@group-5D4E048AB16A->89060399-4494-4f9b-b1c5-9635c65f7453: nextIndex: updateUnconditionally 14 -> 13
2019-09-17 12:24:11,092 [ForkJoinPool.commonPool-worker-1] INFO  ozoneimpl.OzoneContainer (OzoneContainer.java:stop(231)) - Attempting to stop container services.
2019-09-17 12:24:11,093 [ForkJoinPool.commonPool-worker-1] INFO  impl.RaftServerProxy (RaftServerProxy.java:lambda$close$4(314)) - c072a5df-2c45-4bc3-84a6-bf78352fd232: close
2019-09-17 12:24:11,093 [ForkJoinPool.commonPool-worker-1] INFO  impl.RaftServerImpl (RaftServerImpl.java:lambda$shutdown$3(251)) - c072a5df-2c45-4bc3-84a6-bf78352fd232@group-F5052944D8F3: shutdown
2019-09-17 12:24:11,093 [ForkJoinPool.commonPool-worker-1] INFO  util.JmxRegister (JmxRegister.java:unregister(73)) - Successfully un-registered JMX Bean with object name Ratis:service=RaftServer,group=group-F5052944D8F3,id=c072a5df-2c45-4bc3-84a6-bf78352fd232
2019-09-17 12:24:11,094 [ForkJoinPool.commonPool-worker-1] INFO  impl.RoleInfo (RoleInfo.java:shutdownLeaderState(104)) - c072a5df-2c45-4bc3-84a6-bf78352fd232: shutdown LeaderState
2019-09-17 12:24:11,094 [ForkJoinPool.commonPool-worker-1] INFO  impl.PendingRequests (PendingRequests.java:sendNotLeaderResponses(202)) - c072a5df-2c45-4bc3-84a6-bf78352fd232-PendingRequests: sendNotLeaderResponses
2019-09-17 12:24:11,095 [ForkJoinPool.commonPool-worker-1] INFO  impl.StateMachineUpdater (StateMachineUpdater.java:stopAndJoin(125)) - c072a5df-2c45-4bc3-84a6-bf78352fd232@group-F5052944D8F3-StateMachineUpdater: set stopIndex = 0
2019-09-17 12:24:11,095 [ForkJoinPool.commonPool-worker-1] INFO  impl.RaftServerImpl (ServerState.java:close(385)) - c072a5df-2c45-4bc3-84a6-bf78352fd232@group-F5052944D8F3: closes. applyIndex: 0
2019-09-17 12:24:11,095 [c072a5df-2c45-4bc3-84a6-bf78352fd232@group-F5052944D8F3-SegmentedRaftLogWorker] INFO  segmented.SegmentedRaftLogWorker (SegmentedRaftLogWorker.java:run(313)) - c072a5df-2c45-4bc3-84a6-bf78352fd232@group-F5052944D8F3-SegmentedRaftLogWorker was interrupted, exiting. There are 0 tasks remaining in the queue.
2019-09-17 12:24:11,096 [ForkJoinPool.commonPool-worker-1] INFO  segmented.SegmentedRaftLogWorker (SegmentedRaftLogWorker.java:close(228)) - c072a5df-2c45-4bc3-84a6-bf78352fd232@group-F5052944D8F3-SegmentedRaftLogWorker close()
2019-09-17 12:24:11,098 [ForkJoinPool.commonPool-worker-1] INFO  impl.RaftServerImpl (RaftServerImpl.java:lambda$shutdown$3(251)) - c072a5df-2c45-4bc3-84a6-bf78352fd232@group-C0075F260562: shutdown
2019-09-17 12:24:11,099 [ForkJoinPool.commonPool-worker-1] INFO  util.JmxRegister (JmxRegister.java:unregister(73)) - Successfully un-registered JMX Bean with object name Ratis:service=RaftServer,group=group-C0075F260562,id=c072a5df-2c45-4bc3-84a6-bf78352fd232
2019-09-17 12:24:11,099 [ForkJoinPool.commonPool-worker-1] INFO  impl.RoleInfo (RoleInfo.java:shutdownFollowerState(121)) - c072a5df-2c45-4bc3-84a6-bf78352fd232: shutdown FollowerState
2019-09-17 12:24:11,099 [ForkJoinPool.commonPool-worker-1] INFO  impl.StateMachineUpdater (StateMachineUpdater.java:stopAndJoin(125)) - c072a5df-2c45-4bc3-84a6-bf78352fd232@group-C0075F260562-StateMachineUpdater: set stopIndex = 16
2019-09-17 12:24:11,100 [c072a5df-2c45-4bc3-84a6-bf78352fd232@group-C0075F260562-StateMachineUpdater] INFO  ratis.ContainerStateMachine (ContainerStateMachine.java:takeSnapshot(289)) - group-C0075F260562: Taking a snapshot at:(t:2, i:12) file /tmp/workdir/hadoop-ozone/integration-test/target/test-dir/MiniOzoneClusterImpl-97cb6072-9315-4ed4-9dbe-1bfff40012a1/datanode-4/data/ratis/1bb58af4-98e7-4f4e-94d5-c0075f260562/sm/snapshot.2_12
2019-09-17 12:24:11,100 [Thread-410] INFO  impl.FollowerState (FollowerState.java:run(115)) - c072a5df-2c45-4bc3-84a6-bf78352fd232: FollowerState was interrupted: java.lang.InterruptedException: sleep interrupted
2019-09-17 12:24:11,122 [c072a5df-2c45-4bc3-84a6-bf78352fd232@group-C0075F260562-StateMachineUpdater] INFO  ratis.ContainerStateMachine (ContainerStateMachine.java:takeSnapshot(300)) - group-C0075F260562: Finished taking a snapshot at:(t:2, i:12) file:/tmp/workdir/hadoop-ozone/integration-test/target/test-dir/MiniOzoneClusterImpl-97cb6072-9315-4ed4-9dbe-1bfff40012a1/datanode-4/data/ratis/1bb58af4-98e7-4f4e-94d5-c0075f260562/sm/snapshot.2_12 time:23
2019-09-17 12:24:11,122 [c072a5df-2c45-4bc3-84a6-bf78352fd232@group-C0075F260562-StateMachineUpdater] INFO  impl.StateMachineUpdater (StateMachineUpdater.java:takeSnapshot(258)) - c072a5df-2c45-4bc3-84a6-bf78352fd232@group-C0075F260562-StateMachineUpdater: Took a snapshot at index 12
2019-09-17 12:24:11,122 [c072a5df-2c45-4bc3-84a6-bf78352fd232@group-C0075F260562-StateMachineUpdater] INFO  impl.StateMachineUpdater (StateMachineUpdater.java:lambda$new$0(83)) - c072a5df-2c45-4bc3-84a6-bf78352fd232@group-C0075F260562-StateMachineUpdater: snapshotIndex: updateIncreasingly -1 -> 12
2019-09-17 12:24:11,123 [c072a5df-2c45-4bc3-84a6-bf78352fd232@group-C0075F260562-StateMachineUpdater] INFO  ratis.ContainerStateMachine (ContainerStateMachine.java:takeSnapshot(289)) - group-C0075F260562: Taking a snapshot at:(t:2, i:12) file /tmp/workdir/hadoop-ozone/integration-test/target/test-dir/MiniOzoneClusterImpl-97cb6072-9315-4ed4-9dbe-1bfff40012a1/datanode-4/data/ratis/1bb58af4-98e7-4f4e-94d5-c0075f260562/sm/snapshot.2_12
2019-09-17 12:24:11,125 [java.util.concurrent.ThreadPoolExecutor$Worker@4758ecc9[State = -1, empty queue]] WARN  server.GrpcLogAppender (GrpcLogAppender.java:timeoutAppendRequest(200)) - 84b9980c-7545-47f2-8f8d-7bdb4cb4587c@group-5D4E048AB16A->ba884459-fbaf-490e-9b71-3c718ea82914-GrpcLogAppender: appendEntries Timeout, request=84b9980c-7545-47f2-8f8d-7bdb4cb4587c->ba884459-fbaf-490e-9b71-3c718ea82914#189-t2, previous=(t:2, i:33), leaderCommit=29, initializing? false, entries: <empty>
2019-09-17 12:24:11,140 [grpc-default-executor-6] WARN  server.GrpcLogAppender (LogUtils.java:warn(134)) - 7689548e-5f49-4f36-9667-e46ba21e9ae3@group-C0075F260562->a5f9b548-b989-4807-80f4-ff576b54977d-AppendLogResponseHandler: Failed appendEntries: org.apache.ratis.thirdparty.io.grpc.StatusRuntimeException: UNAVAILABLE: io exception
2019-09-17 12:24:11,140 [grpc-default-executor-6] INFO  impl.FollowerInfo (FollowerInfo.java:lambda$new$0(51)) - 7689548e-5f49-4f36-9667-e46ba21e9ae3@group-C0075F260562->a5f9b548-b989-4807-80f4-ff576b54977d: nextIndex: updateUnconditionally 0 -> 0
2019-09-17 12:24:11,143 [c072a5df-2c45-4bc3-84a6-bf78352fd232@group-C0075F260562-StateMachineUpdater] INFO  ratis.ContainerStateMachine (ContainerStateMachine.java:takeSnapshot(300)) - group-C0075F260562: Finished taking a snapshot at:(t:2, i:12) file:/tmp/workdir/hadoop-ozone/integration-test/target/test-dir/MiniOzoneClusterImpl-97cb6072-9315-4ed4-9dbe-1bfff40012a1/datanode-4/data/ratis/1bb58af4-98e7-4f4e-94d5-c0075f260562/sm/snapshot.2_12 time:20
2019-09-17 12:24:11,144 [c072a5df-2c45-4bc3-84a6-bf78352fd232@group-C0075F260562-StateMachineUpdater] INFO  impl.StateMachineUpdater (StateMachineUpdater.java:takeSnapshot(258)) - c072a5df-2c45-4bc3-84a6-bf78352fd232@group-C0075F260562-StateMachineUpdater: Took a snapshot at index 12
2019-09-17 12:24:11,144 [c072a5df-2c45-4bc3-84a6-bf78352fd232@group-C0075F260562-StateMachineUpdater] INFO  impl.StateMachineUpdater (StateMachineUpdater.java:lambda$new$0(83)) - c072a5df-2c45-4bc3-84a6-bf78352fd232@group-C0075F260562-StateMachineUpdater: snapshotIndex: updateIncreasingly 12 -> 12
2019-09-17 12:24:11,144 [ForkJoinPool.commonPool-worker-1] INFO  impl.RaftServerImpl (ServerState.java:close(385)) - c072a5df-2c45-4bc3-84a6-bf78352fd232@group-C0075F260562: closes. applyIndex: 16
2019-09-17 12:24:11,145 [c072a5df-2c45-4bc3-84a6-bf78352fd232@group-C0075F260562-SegmentedRaftLogWorker] INFO  segmented.SegmentedRaftLogWorker (SegmentedRaftLogWorker.java:run(313)) - c072a5df-2c45-4bc3-84a6-bf78352fd232@group-C0075F260562-SegmentedRaftLogWorker was interrupted, exiting. There are 0 tasks remaining in the queue.
2019-09-17 12:24:11,145 [ForkJoinPool.commonPool-worker-1] INFO  segmented.SegmentedRaftLogWorker (SegmentedRaftLogWorker.java:close(228)) - c072a5df-2c45-4bc3-84a6-bf78352fd232@group-C0075F260562-SegmentedRaftLogWorker close()
2019-09-17 12:24:11,149 [ForkJoinPool.commonPool-worker-1] INFO  server.GrpcService (GrpcService.java:closeImpl(164)) - c072a5df-2c45-4bc3-84a6-bf78352fd232: shutdown server with port 39846 now
2019-09-17 12:24:11,152 [grpc-default-executor-5] WARN  server.GrpcLogAppender (LogUtils.java:warn(134)) - 7689548e-5f49-4f36-9667-e46ba21e9ae3@group-C0075F260562->c072a5df-2c45-4bc3-84a6-bf78352fd232-AppendLogResponseHandler: Failed appendEntries: org.apache.ratis.thirdparty.io.grpc.StatusRuntimeException: CANCELLED: HTTP/2 error code: CANCEL
Received Rst Stream
2019-09-17 12:24:11,152 [grpc-default-executor-5] INFO  impl.FollowerInfo (FollowerInfo.java:lambda$new$0(51)) - 7689548e-5f49-4f36-9667-e46ba21e9ae3@group-C0075F260562->c072a5df-2c45-4bc3-84a6-bf78352fd232: nextIndex: updateUnconditionally 21 -> 20
2019-09-17 12:24:11,153 [ForkJoinPool.commonPool-worker-1] INFO  server.GrpcService (GrpcService.java:closeImpl(172)) - c072a5df-2c45-4bc3-84a6-bf78352fd232: shutdown server with port 39846 successfully
2019-09-17 12:24:11,154 [grpc-default-executor-1] WARN  server.GrpcServerProtocolService (LogUtils.java:warn(134)) - c072a5df-2c45-4bc3-84a6-bf78352fd232: installSnapshot onError, lastRequest: 7689548e-5f49-4f36-9667-e46ba21e9ae3->c072a5df-2c45-4bc3-84a6-bf78352fd232#182-t2, previous=(t:2, i:20), leaderCommit=16, initializing? false, entries: <empty>: org.apache.ratis.thirdparty.io.grpc.StatusRuntimeException: CANCELLED: cancelled before receiving half close
2019-09-17 12:24:11,154 [grpc-default-executor-3] WARN  server.GrpcLogAppender (LogUtils.java:warn(134)) - 84b9980c-7545-47f2-8f8d-7bdb4cb4587c@group-5D4E048AB16A->89060399-4494-4f9b-b1c5-9635c65f7453-AppendLogResponseHandler: Failed appendEntries: org.apache.ratis.thirdparty.io.grpc.StatusRuntimeException: UNAVAILABLE: io exception
2019-09-17 12:24:11,155 [grpc-default-executor-3] INFO  impl.FollowerInfo (FollowerInfo.java:lambda$new$0(51)) - 84b9980c-7545-47f2-8f8d-7bdb4cb4587c@group-5D4E048AB16A->89060399-4494-4f9b-b1c5-9635c65f7453: nextIndex: updateUnconditionally 13 -> 12
2019-09-17 12:24:11,159 [refreshUsed-/tmp/workdir/hadoop-ozone/integration-test/target/test-dir/MiniOzoneClusterImpl-97cb6072-9315-4ed4-9dbe-1bfff40012a1/datanode-4/data/containers] WARN  fs.CachingGetSpaceUsed (CachingGetSpaceUsed.java:run(183)) - Thread Interrupted waiting to refresh disk information: sleep interrupted
2019-09-17 12:24:11,161 [main] INFO  ozoneimpl.OzoneContainer (OzoneContainer.java:stop(231)) - Attempting to stop container services.
2019-09-17 12:24:11,165 [main] INFO  impl.RaftServerProxy (RaftServerProxy.java:lambda$close$4(314)) - 84b9980c-7545-47f2-8f8d-7bdb4cb4587c: close
2019-09-17 12:24:11,165 [main] INFO  impl.RaftServerImpl (RaftServerImpl.java:lambda$shutdown$3(251)) - 84b9980c-7545-47f2-8f8d-7bdb4cb4587c@group-1C8D5B391EC8: shutdown
2019-09-17 12:24:11,166 [main] INFO  util.JmxRegister (JmxRegister.java:unregister(73)) - Successfully un-registered JMX Bean with object name Ratis:service=RaftServer,group=group-1C8D5B391EC8,id=84b9980c-7545-47f2-8f8d-7bdb4cb4587c
2019-09-17 12:24:11,166 [main] INFO  impl.RoleInfo (RoleInfo.java:shutdownLeaderState(104)) - 84b9980c-7545-47f2-8f8d-7bdb4cb4587c: shutdown LeaderState
2019-09-17 12:24:11,167 [main] INFO  impl.PendingRequests (PendingRequests.java:sendNotLeaderResponses(202)) - 84b9980c-7545-47f2-8f8d-7bdb4cb4587c-PendingRequests: sendNotLeaderResponses
2019-09-17 12:24:11,168 [main] INFO  impl.StateMachineUpdater (StateMachineUpdater.java:stopAndJoin(125)) - 84b9980c-7545-47f2-8f8d-7bdb4cb4587c@group-1C8D5B391EC8-StateMachineUpdater: set stopIndex = 0
2019-09-17 12:24:11,168 [main] INFO  impl.RaftServerImpl (ServerState.java:close(385)) - 84b9980c-7545-47f2-8f8d-7bdb4cb4587c@group-1C8D5B391EC8: closes. applyIndex: 0
2019-09-17 12:24:11,169 [84b9980c-7545-47f2-8f8d-7bdb4cb4587c@group-1C8D5B391EC8-SegmentedRaftLogWorker] INFO  segmented.SegmentedRaftLogWorker (SegmentedRaftLogWorker.java:run(313)) - 84b9980c-7545-47f2-8f8d-7bdb4cb4587c@group-1C8D5B391EC8-SegmentedRaftLogWorker was interrupted, exiting. There are 0 tasks remaining in the queue.
2019-09-17 12:24:11,169 [main] INFO  segmented.SegmentedRaftLogWorker (SegmentedRaftLogWorker.java:close(228)) - 84b9980c-7545-47f2-8f8d-7bdb4cb4587c@group-1C8D5B391EC8-SegmentedRaftLogWorker close()
2019-09-17 12:24:11,175 [main] INFO  impl.RaftServerImpl (RaftServerImpl.java:lambda$shutdown$3(251)) - 84b9980c-7545-47f2-8f8d-7bdb4cb4587c@group-5D4E048AB16A: shutdown
2019-09-17 12:24:11,175 [main] INFO  util.JmxRegister (JmxRegister.java:unregister(73)) - Successfully un-registered JMX Bean with object name Ratis:service=RaftServer,group=group-5D4E048AB16A,id=84b9980c-7545-47f2-8f8d-7bdb4cb4587c
2019-09-17 12:24:11,175 [main] INFO  impl.RoleInfo (RoleInfo.java:shutdownLeaderState(104)) - 84b9980c-7545-47f2-8f8d-7bdb4cb4587c: shutdown LeaderState
2019-09-17 12:24:11,178 [main] INFO  impl.PendingRequests (PendingRequests.java:sendNotLeaderResponses(202)) - 84b9980c-7545-47f2-8f8d-7bdb4cb4587c-PendingRequests: sendNotLeaderResponses
2019-09-17 12:24:11,178 [org.apache.ratis.server.impl.LogAppender$AppenderDaemon$$Lambda$514/1130408274@29db334f] WARN  server.GrpcLogAppender (GrpcLogAppender.java:mayWait(143)) - 84b9980c-7545-47f2-8f8d-7bdb4cb4587c@group-5D4E048AB16A->ba884459-fbaf-490e-9b71-3c718ea82914-GrpcLogAppender: Wait interrupted by java.lang.InterruptedException
2019-09-17 12:24:11,178 [org.apache.ratis.server.impl.LogAppender$AppenderDaemon$$Lambda$514/1130408274@12963ca3] WARN  server.GrpcLogAppender (GrpcLogAppender.java:mayWait(143)) - 84b9980c-7545-47f2-8f8d-7bdb4cb4587c@group-5D4E048AB16A->89060399-4494-4f9b-b1c5-9635c65f7453-GrpcLogAppender: Wait interrupted by java.lang.InterruptedException
2019-09-17 12:24:11,179 [grpc-default-executor-1] INFO  server.GrpcServerProtocolService (GrpcServerProtocolService.java:onCompleted(113)) - ba884459-fbaf-490e-9b71-3c718ea82914: Completed APPEND_ENTRIES, lastRequest: 84b9980c-7545-47f2-8f8d-7bdb4cb4587c->ba884459-fbaf-490e-9b71-3c718ea82914#195-t2, previous=(t:2, i:33), leaderCommit=29, initializing? false, entries: <empty>
2019-09-17 12:24:11,183 [main] INFO  impl.StateMachineUpdater (StateMachineUpdater.java:stopAndJoin(125)) - 84b9980c-7545-47f2-8f8d-7bdb4cb4587c@group-5D4E048AB16A-StateMachineUpdater: set stopIndex = 29
2019-09-17 12:24:11,183 [84b9980c-7545-47f2-8f8d-7bdb4cb4587c@group-5D4E048AB16A-StateMachineUpdater] INFO  ratis.ContainerStateMachine (ContainerStateMachine.java:takeSnapshot(289)) - group-5D4E048AB16A: Taking a snapshot at:(t:2, i:26) file /tmp/workdir/hadoop-ozone/integration-test/target/test-dir/MiniOzoneClusterImpl-97cb6072-9315-4ed4-9dbe-1bfff40012a1/datanode-8/data/ratis/ee2470e8-a619-46fb-ab4b-5d4e048ab16a/sm/snapshot.2_26
2019-09-17 12:24:11,190 [grpc-default-executor-1] INFO  server.GrpcLogAppender (GrpcLogAppender.java:onCompleted(293)) - 84b9980c-7545-47f2-8f8d-7bdb4cb4587c@group-5D4E048AB16A->ba884459-fbaf-490e-9b71-3c718ea82914-AppendLogResponseHandler: follower responses appendEntries COMPLETED
2019-09-17 12:24:11,191 [grpc-default-executor-1] INFO  impl.FollowerInfo (FollowerInfo.java:lambda$new$0(51)) - 84b9980c-7545-47f2-8f8d-7bdb4cb4587c@group-5D4E048AB16A->ba884459-fbaf-490e-9b71-3c718ea82914: nextIndex: updateUnconditionally 34 -> 30
2019-09-17 12:24:11,192 [grpc-default-executor-5] WARN  server.GrpcLogAppender (LogUtils.java:warn(134)) - 7689548e-5f49-4f36-9667-e46ba21e9ae3@group-C0075F260562->c072a5df-2c45-4bc3-84a6-bf78352fd232-AppendLogResponseHandler: Failed appendEntries: org.apache.ratis.thirdparty.io.grpc.StatusRuntimeException: UNAVAILABLE: io exception
2019-09-17 12:24:11,192 [grpc-default-executor-5] INFO  impl.FollowerInfo (FollowerInfo.java:lambda$new$0(51)) - 7689548e-5f49-4f36-9667-e46ba21e9ae3@group-C0075F260562->c072a5df-2c45-4bc3-84a6-bf78352fd232: nextIndex: updateUnconditionally 20 -> 19
2019-09-17 12:24:11,195 [ForkJoinPool.commonPool-worker-1] INFO  utils.BackgroundService (BackgroundService.java:shutdown(148)) - Shutting down service BlockDeletingService
2019-09-17 12:24:11,198 [ForkJoinPool.commonPool-worker-1] INFO  statemachine.DatanodeStateMachine (DatanodeStateMachine.java:stopDaemon(395)) - Ozone container server stopped.
2019-09-17 12:24:11,202 [ForkJoinPool.commonPool-worker-1] INFO  handler.ContextHandler (ContextHandler.java:doStop(910)) - Stopped o.e.j.w.WebAppContext@10b1a751{/,null,UNAVAILABLE}{/hddsDatanode}
2019-09-17 12:24:11,203 [ForkJoinPool.commonPool-worker-1] INFO  server.AbstractConnector (AbstractConnector.java:doStop(318)) - Stopped ServerConnector@53cf9c99{HTTP/1.1,[http/1.1]}{0.0.0.0:0}
2019-09-17 12:24:11,204 [ForkJoinPool.commonPool-worker-1] INFO  handler.ContextHandler (ContextHandler.java:doStop(910)) - Stopped o.e.j.s.ServletContextHandler@50fb33a{/static,jar:file:/home/user/.m2/repository/org/apache/hadoop/hadoop-hdds-container-service/0.5.0-SNAPSHOT/hadoop-hdds-container-service-0.5.0-SNAPSHOT.jar!/webapps/static,UNAVAILABLE}
2019-09-17 12:24:11,205 [ForkJoinPool.commonPool-worker-1] INFO  handler.ContextHandler (ContextHandler.java:doStop(910)) - Stopped o.e.j.s.ServletContextHandler@6a1d3225{/logs,file:///tmp/workdir/hadoop-ozone/integration-test/target/log,UNAVAILABLE}
2019-09-17 12:24:11,211 [84b9980c-7545-47f2-8f8d-7bdb4cb4587c@group-5D4E048AB16A-StateMachineUpdater] INFO  ratis.ContainerStateMachine (ContainerStateMachine.java:takeSnapshot(300)) - group-5D4E048AB16A: Finished taking a snapshot at:(t:2, i:26) file:/tmp/workdir/hadoop-ozone/integration-test/target/test-dir/MiniOzoneClusterImpl-97cb6072-9315-4ed4-9dbe-1bfff40012a1/datanode-8/data/ratis/ee2470e8-a619-46fb-ab4b-5d4e048ab16a/sm/snapshot.2_26 time:27
2019-09-17 12:24:11,211 [84b9980c-7545-47f2-8f8d-7bdb4cb4587c@group-5D4E048AB16A-StateMachineUpdater] INFO  impl.StateMachineUpdater (StateMachineUpdater.java:takeSnapshot(258)) - 84b9980c-7545-47f2-8f8d-7bdb4cb4587c@group-5D4E048AB16A-StateMachineUpdater: Took a snapshot at index 26
2019-09-17 12:24:11,211 [84b9980c-7545-47f2-8f8d-7bdb4cb4587c@group-5D4E048AB16A-StateMachineUpdater] INFO  impl.StateMachineUpdater (StateMachineUpdater.java:lambda$new$0(83)) - 84b9980c-7545-47f2-8f8d-7bdb4cb4587c@group-5D4E048AB16A-StateMachineUpdater: snapshotIndex: updateIncreasingly -1 -> 26
2019-09-17 12:24:11,211 [84b9980c-7545-47f2-8f8d-7bdb4cb4587c@group-5D4E048AB16A-StateMachineUpdater] INFO  ratis.ContainerStateMachine (ContainerStateMachine.java:takeSnapshot(289)) - group-5D4E048AB16A: Taking a snapshot at:(t:2, i:26) file /tmp/workdir/hadoop-ozone/integration-test/target/test-dir/MiniOzoneClusterImpl-97cb6072-9315-4ed4-9dbe-1bfff40012a1/datanode-8/data/ratis/ee2470e8-a619-46fb-ab4b-5d4e048ab16a/sm/snapshot.2_26
2019-09-17 12:24:11,229 [84b9980c-7545-47f2-8f8d-7bdb4cb4587c@group-5D4E048AB16A-StateMachineUpdater] INFO  ratis.ContainerStateMachine (ContainerStateMachine.java:takeSnapshot(300)) - group-5D4E048AB16A: Finished taking a snapshot at:(t:2, i:26) file:/tmp/workdir/hadoop-ozone/integration-test/target/test-dir/MiniOzoneClusterImpl-97cb6072-9315-4ed4-9dbe-1bfff40012a1/datanode-8/data/ratis/ee2470e8-a619-46fb-ab4b-5d4e048ab16a/sm/snapshot.2_26 time:18
2019-09-17 12:24:11,229 [84b9980c-7545-47f2-8f8d-7bdb4cb4587c@group-5D4E048AB16A-StateMachineUpdater] INFO  impl.StateMachineUpdater (StateMachineUpdater.java:takeSnapshot(258)) - 84b9980c-7545-47f2-8f8d-7bdb4cb4587c@group-5D4E048AB16A-StateMachineUpdater: Took a snapshot at index 26
2019-09-17 12:24:11,230 [84b9980c-7545-47f2-8f8d-7bdb4cb4587c@group-5D4E048AB16A-StateMachineUpdater] INFO  impl.StateMachineUpdater (StateMachineUpdater.java:lambda$new$0(83)) - 84b9980c-7545-47f2-8f8d-7bdb4cb4587c@group-5D4E048AB16A-StateMachineUpdater: snapshotIndex: updateIncreasingly 26 -> 26
2019-09-17 12:24:11,230 [main] INFO  impl.RaftServerImpl (ServerState.java:close(385)) - 84b9980c-7545-47f2-8f8d-7bdb4cb4587c@group-5D4E048AB16A: closes. applyIndex: 29
2019-09-17 12:24:11,231 [84b9980c-7545-47f2-8f8d-7bdb4cb4587c@group-5D4E048AB16A-SegmentedRaftLogWorker] ERROR ratis.XceiverServerRatis (XceiverServerRatis.java:triggerPipelineClose(575)) - pipeline Action CLOSE  on pipeline PipelineID=ee2470e8-a619-46fb-ab4b-5d4e048ab16a.Reason : WriteLog:30: (t:2, i:30), STATEMACHINELOGENTRY, client-9303C3D922F8, cid=72-writeStateMachineData interrupted.
2019-09-17 12:24:11,232 [main] INFO  segmented.SegmentedRaftLogWorker (SegmentedRaftLogWorker.java:close(228)) - 84b9980c-7545-47f2-8f8d-7bdb4cb4587c@group-5D4E048AB16A-SegmentedRaftLogWorker close()
2019-09-17 12:24:11,233 [main] INFO  server.GrpcService (GrpcService.java:closeImpl(164)) - 84b9980c-7545-47f2-8f8d-7bdb4cb4587c: shutdown server with port 43486 now
2019-09-17 12:24:11,233 [main] INFO  server.GrpcService (GrpcService.java:closeImpl(172)) - 84b9980c-7545-47f2-8f8d-7bdb4cb4587c: shutdown server with port 43486 successfully
2019-09-17 12:24:11,235 [refreshUsed-/tmp/workdir/hadoop-ozone/integration-test/target/test-dir/MiniOzoneClusterImpl-97cb6072-9315-4ed4-9dbe-1bfff40012a1/datanode-8/data/containers] WARN  fs.CachingGetSpaceUsed (CachingGetSpaceUsed.java:run(183)) - Thread Interrupted waiting to refresh disk information: sleep interrupted
2019-09-17 12:24:11,250 [main] INFO  utils.BackgroundService (BackgroundService.java:shutdown(148)) - Shutting down service BlockDeletingService
2019-09-17 12:24:11,253 [main] INFO  statemachine.DatanodeStateMachine (DatanodeStateMachine.java:stopDaemon(395)) - Ozone container server stopped.
2019-09-17 12:24:11,255 [main] INFO  handler.ContextHandler (ContextHandler.java:doStop(910)) - Stopped o.e.j.w.WebAppContext@12704e15{/,null,UNAVAILABLE}{/hddsDatanode}
2019-09-17 12:24:11,255 [main] INFO  server.AbstractConnector (AbstractConnector.java:doStop(318)) - Stopped ServerConnector@512575e9{HTTP/1.1,[http/1.1]}{0.0.0.0:0}
2019-09-17 12:24:11,256 [main] INFO  handler.ContextHandler (ContextHandler.java:doStop(910)) - Stopped o.e.j.s.ServletContextHandler@e4e1ef5{/static,jar:file:/home/user/.m2/repository/org/apache/hadoop/hadoop-hdds-container-service/0.5.0-SNAPSHOT/hadoop-hdds-container-service-0.5.0-SNAPSHOT.jar!/webapps/static,UNAVAILABLE}
2019-09-17 12:24:11,256 [main] INFO  handler.ContextHandler (ContextHandler.java:doStop(910)) - Stopped o.e.j.s.ServletContextHandler@33425811{/logs,file:///tmp/workdir/hadoop-ozone/integration-test/target/log,UNAVAILABLE}
2019-09-17 12:24:11,547 [Datanode State Machine Thread - 0] INFO  statemachine.DatanodeStateMachine (DatanodeStateMachine.java:lambda$startDaemon$0(350)) - Ozone container server started.
2019-09-17 12:24:11,641 [grpc-default-executor-1] WARN  server.GrpcLogAppender (LogUtils.java:warn(134)) - 7689548e-5f49-4f36-9667-e46ba21e9ae3@group-C0075F260562->a5f9b548-b989-4807-80f4-ff576b54977d-AppendLogResponseHandler: Failed appendEntries: org.apache.ratis.thirdparty.io.grpc.StatusRuntimeException: UNAVAILABLE: io exception
2019-09-17 12:24:11,641 [grpc-default-executor-1] INFO  impl.FollowerInfo (FollowerInfo.java:lambda$new$0(51)) - 7689548e-5f49-4f36-9667-e46ba21e9ae3@group-C0075F260562->a5f9b548-b989-4807-80f4-ff576b54977d: nextIndex: updateUnconditionally 0 -> 0
2019-09-17 12:24:11,693 [grpc-default-executor-5] WARN  server.GrpcLogAppender (LogUtils.java:warn(134)) - 7689548e-5f49-4f36-9667-e46ba21e9ae3@group-C0075F260562->c072a5df-2c45-4bc3-84a6-bf78352fd232-AppendLogResponseHandler: Failed appendEntries: org.apache.ratis.thirdparty.io.grpc.StatusRuntimeException: UNAVAILABLE: io exception
2019-09-17 12:24:11,693 [grpc-default-executor-5] INFO  impl.FollowerInfo (FollowerInfo.java:lambda$new$0(51)) - 7689548e-5f49-4f36-9667-e46ba21e9ae3@group-C0075F260562->c072a5df-2c45-4bc3-84a6-bf78352fd232: nextIndex: updateUnconditionally 19 -> 18
2019-09-17 12:24:11,828 [Datanode State Machine Thread - 0] INFO  statemachine.DatanodeStateMachine (DatanodeStateMachine.java:lambda$startDaemon$0(350)) - Ozone container server started.
2019-09-17 12:24:12,141 [grpc-default-executor-5] WARN  server.GrpcLogAppender (LogUtils.java:warn(134)) - 7689548e-5f49-4f36-9667-e46ba21e9ae3@group-C0075F260562->a5f9b548-b989-4807-80f4-ff576b54977d-AppendLogResponseHandler: Failed appendEntries: org.apache.ratis.thirdparty.io.grpc.StatusRuntimeException: UNAVAILABLE: io exception
2019-09-17 12:24:12,141 [grpc-default-executor-5] INFO  impl.FollowerInfo (FollowerInfo.java:lambda$new$0(51)) - 7689548e-5f49-4f36-9667-e46ba21e9ae3@group-C0075F260562->a5f9b548-b989-4807-80f4-ff576b54977d: nextIndex: updateUnconditionally 0 -> 0
2019-09-17 12:24:12,193 [grpc-default-executor-5] WARN  server.GrpcLogAppender (LogUtils.java:warn(134)) - 7689548e-5f49-4f36-9667-e46ba21e9ae3@group-C0075F260562->c072a5df-2c45-4bc3-84a6-bf78352fd232-AppendLogResponseHandler: Failed appendEntries: org.apache.ratis.thirdparty.io.grpc.StatusRuntimeException: UNAVAILABLE: io exception
2019-09-17 12:24:12,194 [grpc-default-executor-5] INFO  impl.FollowerInfo (FollowerInfo.java:lambda$new$0(51)) - 7689548e-5f49-4f36-9667-e46ba21e9ae3@group-C0075F260562->c072a5df-2c45-4bc3-84a6-bf78352fd232: nextIndex: updateUnconditionally 18 -> 17
2019-09-17 12:24:12,641 [grpc-default-executor-3] WARN  server.GrpcLogAppender (LogUtils.java:warn(134)) - 7689548e-5f49-4f36-9667-e46ba21e9ae3@group-C0075F260562->a5f9b548-b989-4807-80f4-ff576b54977d-AppendLogResponseHandler: Failed appendEntries: org.apache.ratis.thirdparty.io.grpc.StatusRuntimeException: UNAVAILABLE: io exception
2019-09-17 12:24:12,642 [grpc-default-executor-3] INFO  impl.FollowerInfo (FollowerInfo.java:lambda$new$0(51)) - 7689548e-5f49-4f36-9667-e46ba21e9ae3@group-C0075F260562->a5f9b548-b989-4807-80f4-ff576b54977d: nextIndex: updateUnconditionally 0 -> 0
2019-09-17 12:24:12,694 [grpc-default-executor-1] WARN  server.GrpcLogAppender (LogUtils.java:warn(134)) - 7689548e-5f49-4f36-9667-e46ba21e9ae3@group-C0075F260562->c072a5df-2c45-4bc3-84a6-bf78352fd232-AppendLogResponseHandler: Failed appendEntries: org.apache.ratis.thirdparty.io.grpc.StatusRuntimeException: UNAVAILABLE: io exception
2019-09-17 12:24:12,694 [grpc-default-executor-1] INFO  impl.FollowerInfo (FollowerInfo.java:lambda$new$0(51)) - 7689548e-5f49-4f36-9667-e46ba21e9ae3@group-C0075F260562->c072a5df-2c45-4bc3-84a6-bf78352fd232: nextIndex: updateUnconditionally 17 -> 16
2019-09-17 12:24:13,142 [grpc-default-executor-5] WARN  server.GrpcLogAppender (LogUtils.java:warn(134)) - 7689548e-5f49-4f36-9667-e46ba21e9ae3@group-C0075F260562->a5f9b548-b989-4807-80f4-ff576b54977d-AppendLogResponseHandler: Failed appendEntries: org.apache.ratis.thirdparty.io.grpc.StatusRuntimeException: UNAVAILABLE: io exception
2019-09-17 12:24:13,143 [grpc-default-executor-5] INFO  impl.FollowerInfo (FollowerInfo.java:lambda$new$0(51)) - 7689548e-5f49-4f36-9667-e46ba21e9ae3@group-C0075F260562->a5f9b548-b989-4807-80f4-ff576b54977d: nextIndex: updateUnconditionally 0 -> 0
2019-09-17 12:24:13,195 [grpc-default-executor-3] WARN  server.GrpcLogAppender (LogUtils.java:warn(134)) - 7689548e-5f49-4f36-9667-e46ba21e9ae3@group-C0075F260562->c072a5df-2c45-4bc3-84a6-bf78352fd232-AppendLogResponseHandler: Failed appendEntries: org.apache.ratis.thirdparty.io.grpc.StatusRuntimeException: UNAVAILABLE: io exception
2019-09-17 12:24:13,195 [grpc-default-executor-3] INFO  impl.FollowerInfo (FollowerInfo.java:lambda$new$0(51)) - 7689548e-5f49-4f36-9667-e46ba21e9ae3@group-C0075F260562->c072a5df-2c45-4bc3-84a6-bf78352fd232: nextIndex: updateUnconditionally 16 -> 15
2019-09-17 12:24:13,644 [grpc-default-executor-1] WARN  server.GrpcLogAppender (LogUtils.java:warn(134)) - 7689548e-5f49-4f36-9667-e46ba21e9ae3@group-C0075F260562->a5f9b548-b989-4807-80f4-ff576b54977d-AppendLogResponseHandler: Failed appendEntries: org.apache.ratis.thirdparty.io.grpc.StatusRuntimeException: UNAVAILABLE: io exception
2019-09-17 12:24:13,645 [grpc-default-executor-1] INFO  impl.FollowerInfo (FollowerInfo.java:lambda$new$0(51)) - 7689548e-5f49-4f36-9667-e46ba21e9ae3@group-C0075F260562->a5f9b548-b989-4807-80f4-ff576b54977d: nextIndex: updateUnconditionally 0 -> 0
2019-09-17 12:24:13,695 [grpc-default-executor-5] WARN  server.GrpcLogAppender (LogUtils.java:warn(134)) - 7689548e-5f49-4f36-9667-e46ba21e9ae3@group-C0075F260562->c072a5df-2c45-4bc3-84a6-bf78352fd232-AppendLogResponseHandler: Failed appendEntries: org.apache.ratis.thirdparty.io.grpc.StatusRuntimeException: UNAVAILABLE: io exception
2019-09-17 12:24:13,696 [grpc-default-executor-5] INFO  impl.FollowerInfo (FollowerInfo.java:lambda$new$0(51)) - 7689548e-5f49-4f36-9667-e46ba21e9ae3@group-C0075F260562->c072a5df-2c45-4bc3-84a6-bf78352fd232: nextIndex: updateUnconditionally 15 -> 14
2019-09-17 12:24:14,147 [grpc-default-executor-3] WARN  server.GrpcLogAppender (LogUtils.java:warn(134)) - 7689548e-5f49-4f36-9667-e46ba21e9ae3@group-C0075F260562->a5f9b548-b989-4807-80f4-ff576b54977d-AppendLogResponseHandler: Failed appendEntries: org.apache.ratis.thirdparty.io.grpc.StatusRuntimeException: UNAVAILABLE: io exception
2019-09-17 12:24:14,148 [grpc-default-executor-3] INFO  impl.FollowerInfo (FollowerInfo.java:lambda$new$0(51)) - 7689548e-5f49-4f36-9667-e46ba21e9ae3@group-C0075F260562->a5f9b548-b989-4807-80f4-ff576b54977d: nextIndex: updateUnconditionally 0 -> 0
2019-09-17 12:24:14,196 [grpc-default-executor-1] WARN  server.GrpcLogAppender (LogUtils.java:warn(134)) - 7689548e-5f49-4f36-9667-e46ba21e9ae3@group-C0075F260562->c072a5df-2c45-4bc3-84a6-bf78352fd232-AppendLogResponseHandler: Failed appendEntries: org.apache.ratis.thirdparty.io.grpc.StatusRuntimeException: UNAVAILABLE: io exception
2019-09-17 12:24:14,196 [grpc-default-executor-1] INFO  impl.FollowerInfo (FollowerInfo.java:lambda$new$0(51)) - 7689548e-5f49-4f36-9667-e46ba21e9ae3@group-C0075F260562->c072a5df-2c45-4bc3-84a6-bf78352fd232: nextIndex: updateUnconditionally 14 -> 13
2019-09-17 12:24:14,647 [grpc-default-executor-5] WARN  server.GrpcLogAppender (LogUtils.java:warn(134)) - 7689548e-5f49-4f36-9667-e46ba21e9ae3@group-C0075F260562->a5f9b548-b989-4807-80f4-ff576b54977d-AppendLogResponseHandler: Failed appendEntries: org.apache.ratis.thirdparty.io.grpc.StatusRuntimeException: UNAVAILABLE: io exception
2019-09-17 12:24:14,648 [grpc-default-executor-5] INFO  impl.FollowerInfo (FollowerInfo.java:lambda$new$0(51)) - 7689548e-5f49-4f36-9667-e46ba21e9ae3@group-C0075F260562->a5f9b548-b989-4807-80f4-ff576b54977d: nextIndex: updateUnconditionally 0 -> 0
2019-09-17 12:24:14,697 [grpc-default-executor-3] WARN  server.GrpcLogAppender (LogUtils.java:warn(134)) - 7689548e-5f49-4f36-9667-e46ba21e9ae3@group-C0075F260562->c072a5df-2c45-4bc3-84a6-bf78352fd232-AppendLogResponseHandler: Failed appendEntries: org.apache.ratis.thirdparty.io.grpc.StatusRuntimeException: UNAVAILABLE: io exception
2019-09-17 12:24:14,697 [grpc-default-executor-3] INFO  impl.FollowerInfo (FollowerInfo.java:lambda$new$0(51)) - 7689548e-5f49-4f36-9667-e46ba21e9ae3@group-C0075F260562->c072a5df-2c45-4bc3-84a6-bf78352fd232: nextIndex: updateUnconditionally 13 -> 12
2019-09-17 12:24:15,147 [grpc-default-executor-5] WARN  server.GrpcLogAppender (LogUtils.java:warn(134)) - 7689548e-5f49-4f36-9667-e46ba21e9ae3@group-C0075F260562->a5f9b548-b989-4807-80f4-ff576b54977d-AppendLogResponseHandler: Failed appendEntries: org.apache.ratis.thirdparty.io.grpc.StatusRuntimeException: UNAVAILABLE: io exception
2019-09-17 12:24:15,147 [grpc-default-executor-5] INFO  impl.FollowerInfo (FollowerInfo.java:lambda$new$0(51)) - 7689548e-5f49-4f36-9667-e46ba21e9ae3@group-C0075F260562->a5f9b548-b989-4807-80f4-ff576b54977d: nextIndex: updateUnconditionally 0 -> 0
2019-09-17 12:24:15,198 [grpc-default-executor-1] WARN  server.GrpcLogAppender (LogUtils.java:warn(134)) - 7689548e-5f49-4f36-9667-e46ba21e9ae3@group-C0075F260562->c072a5df-2c45-4bc3-84a6-bf78352fd232-AppendLogResponseHandler: Failed appendEntries: org.apache.ratis.thirdparty.io.grpc.StatusRuntimeException: UNAVAILABLE: io exception
2019-09-17 12:24:15,198 [grpc-default-executor-1] INFO  impl.FollowerInfo (FollowerInfo.java:lambda$new$0(51)) - 7689548e-5f49-4f36-9667-e46ba21e9ae3@group-C0075F260562->c072a5df-2c45-4bc3-84a6-bf78352fd232: nextIndex: updateUnconditionally 12 -> 11
2019-09-17 12:24:15,648 [grpc-default-executor-3] WARN  server.GrpcLogAppender (LogUtils.java:warn(134)) - 7689548e-5f49-4f36-9667-e46ba21e9ae3@group-C0075F260562->a5f9b548-b989-4807-80f4-ff576b54977d-AppendLogResponseHandler: Failed appendEntries: org.apache.ratis.thirdparty.io.grpc.StatusRuntimeException: UNAVAILABLE: io exception
2019-09-17 12:24:15,648 [grpc-default-executor-3] INFO  impl.FollowerInfo (FollowerInfo.java:lambda$new$0(51)) - 7689548e-5f49-4f36-9667-e46ba21e9ae3@group-C0075F260562->a5f9b548-b989-4807-80f4-ff576b54977d: nextIndex: updateUnconditionally 0 -> 0
2019-09-17 12:24:15,698 [grpc-default-executor-3] WARN  server.GrpcLogAppender (LogUtils.java:warn(134)) - 7689548e-5f49-4f36-9667-e46ba21e9ae3@group-C0075F260562->c072a5df-2c45-4bc3-84a6-bf78352fd232-AppendLogResponseHandler: Failed appendEntries: org.apache.ratis.thirdparty.io.grpc.StatusRuntimeException: UNAVAILABLE: io exception
2019-09-17 12:24:15,698 [grpc-default-executor-3] INFO  impl.FollowerInfo (FollowerInfo.java:lambda$new$0(51)) - 7689548e-5f49-4f36-9667-e46ba21e9ae3@group-C0075F260562->c072a5df-2c45-4bc3-84a6-bf78352fd232: nextIndex: updateUnconditionally 11 -> 10
2019-09-17 12:24:16,149 [grpc-default-executor-1] WARN  server.GrpcLogAppender (LogUtils.java:warn(134)) - 7689548e-5f49-4f36-9667-e46ba21e9ae3@group-C0075F260562->a5f9b548-b989-4807-80f4-ff576b54977d-AppendLogResponseHandler: Failed appendEntries: org.apache.ratis.thirdparty.io.grpc.StatusRuntimeException: UNAVAILABLE: io exception
2019-09-17 12:24:16,149 [grpc-default-executor-1] INFO  impl.FollowerInfo (FollowerInfo.java:lambda$new$0(51)) - 7689548e-5f49-4f36-9667-e46ba21e9ae3@group-C0075F260562->a5f9b548-b989-4807-80f4-ff576b54977d: nextIndex: updateUnconditionally 0 -> 0
2019-09-17 12:24:16,199 [grpc-default-executor-5] WARN  server.GrpcLogAppender (LogUtils.java:warn(134)) - 7689548e-5f49-4f36-9667-e46ba21e9ae3@group-C0075F260562->c072a5df-2c45-4bc3-84a6-bf78352fd232-AppendLogResponseHandler: Failed appendEntries: org.apache.ratis.thirdparty.io.grpc.StatusRuntimeException: UNAVAILABLE: io exception
2019-09-17 12:24:16,199 [grpc-default-executor-5] INFO  impl.FollowerInfo (FollowerInfo.java:lambda$new$0(51)) - 7689548e-5f49-4f36-9667-e46ba21e9ae3@group-C0075F260562->c072a5df-2c45-4bc3-84a6-bf78352fd232: nextIndex: updateUnconditionally 10 -> 9
2019-09-17 12:24:16,206 [ForkJoinPool.commonPool-worker-1] INFO  ozoneimpl.OzoneContainer (OzoneContainer.java:stop(231)) - Attempting to stop container services.
2019-09-17 12:24:16,207 [ForkJoinPool.commonPool-worker-1] INFO  impl.RaftServerProxy (RaftServerProxy.java:lambda$close$4(314)) - ba884459-fbaf-490e-9b71-3c718ea82914: close
2019-09-17 12:24:16,207 [ForkJoinPool.commonPool-worker-1] INFO  impl.RaftServerImpl (RaftServerImpl.java:lambda$shutdown$3(251)) - ba884459-fbaf-490e-9b71-3c718ea82914@group-571D84A0DC15: shutdown
2019-09-17 12:24:16,207 [ForkJoinPool.commonPool-worker-1] INFO  util.JmxRegister (JmxRegister.java:unregister(73)) - Successfully un-registered JMX Bean with object name Ratis:service=RaftServer,group=group-571D84A0DC15,id=ba884459-fbaf-490e-9b71-3c718ea82914
2019-09-17 12:24:16,208 [ForkJoinPool.commonPool-worker-1] INFO  impl.RoleInfo (RoleInfo.java:shutdownLeaderState(104)) - ba884459-fbaf-490e-9b71-3c718ea82914: shutdown LeaderState
2019-09-17 12:24:16,208 [ForkJoinPool.commonPool-worker-1] INFO  impl.PendingRequests (PendingRequests.java:sendNotLeaderResponses(202)) - ba884459-fbaf-490e-9b71-3c718ea82914-PendingRequests: sendNotLeaderResponses
2019-09-17 12:24:16,208 [ForkJoinPool.commonPool-worker-1] INFO  impl.StateMachineUpdater (StateMachineUpdater.java:stopAndJoin(125)) - ba884459-fbaf-490e-9b71-3c718ea82914@group-571D84A0DC15-StateMachineUpdater: set stopIndex = 0
2019-09-17 12:24:16,209 [ForkJoinPool.commonPool-worker-1] INFO  impl.RaftServerImpl (ServerState.java:close(385)) - ba884459-fbaf-490e-9b71-3c718ea82914@group-571D84A0DC15: closes. applyIndex: 0
2019-09-17 12:24:16,209 [ba884459-fbaf-490e-9b71-3c718ea82914@group-571D84A0DC15-SegmentedRaftLogWorker] INFO  segmented.SegmentedRaftLogWorker (SegmentedRaftLogWorker.java:run(313)) - ba884459-fbaf-490e-9b71-3c718ea82914@group-571D84A0DC15-SegmentedRaftLogWorker was interrupted, exiting. There are 0 tasks remaining in the queue.
2019-09-17 12:24:16,210 [ForkJoinPool.commonPool-worker-1] INFO  segmented.SegmentedRaftLogWorker (SegmentedRaftLogWorker.java:close(228)) - ba884459-fbaf-490e-9b71-3c718ea82914@group-571D84A0DC15-SegmentedRaftLogWorker close()
2019-09-17 12:24:16,211 [ForkJoinPool.commonPool-worker-1] INFO  impl.RaftServerImpl (RaftServerImpl.java:lambda$shutdown$3(251)) - ba884459-fbaf-490e-9b71-3c718ea82914@group-5D4E048AB16A: shutdown
2019-09-17 12:24:16,212 [ForkJoinPool.commonPool-worker-1] INFO  util.JmxRegister (JmxRegister.java:unregister(73)) - Successfully un-registered JMX Bean with object name Ratis:service=RaftServer,group=group-5D4E048AB16A,id=ba884459-fbaf-490e-9b71-3c718ea82914
2019-09-17 12:24:16,212 [ForkJoinPool.commonPool-worker-1] INFO  impl.RoleInfo (RoleInfo.java:shutdownFollowerState(121)) - ba884459-fbaf-490e-9b71-3c718ea82914: shutdown FollowerState
2019-09-17 12:24:16,212 [ForkJoinPool.commonPool-worker-1] INFO  impl.StateMachineUpdater (StateMachineUpdater.java:stopAndJoin(125)) - ba884459-fbaf-490e-9b71-3c718ea82914@group-5D4E048AB16A-StateMachineUpdater: set stopIndex = 29
2019-09-17 12:24:16,212 [ba884459-fbaf-490e-9b71-3c718ea82914@group-5D4E048AB16A-StateMachineUpdater] INFO  ratis.ContainerStateMachine (ContainerStateMachine.java:takeSnapshot(289)) - group-5D4E048AB16A: Taking a snapshot at:(t:2, i:26) file /tmp/workdir/hadoop-ozone/integration-test/target/test-dir/MiniOzoneClusterImpl-97cb6072-9315-4ed4-9dbe-1bfff40012a1/datanode-0/data/ratis/ee2470e8-a619-46fb-ab4b-5d4e048ab16a/sm/snapshot.2_26
2019-09-17 12:24:16,212 [Thread-432] INFO  impl.FollowerState (FollowerState.java:run(115)) - ba884459-fbaf-490e-9b71-3c718ea82914: FollowerState was interrupted: java.lang.InterruptedException: sleep interrupted
2019-09-17 12:24:16,225 [ba884459-fbaf-490e-9b71-3c718ea82914@group-5D4E048AB16A-StateMachineUpdater] INFO  ratis.ContainerStateMachine (ContainerStateMachine.java:takeSnapshot(300)) - group-5D4E048AB16A: Finished taking a snapshot at:(t:2, i:26) file:/tmp/workdir/hadoop-ozone/integration-test/target/test-dir/MiniOzoneClusterImpl-97cb6072-9315-4ed4-9dbe-1bfff40012a1/datanode-0/data/ratis/ee2470e8-a619-46fb-ab4b-5d4e048ab16a/sm/snapshot.2_26 time:13
2019-09-17 12:24:16,225 [ba884459-fbaf-490e-9b71-3c718ea82914@group-5D4E048AB16A-StateMachineUpdater] INFO  impl.StateMachineUpdater (StateMachineUpdater.java:takeSnapshot(258)) - ba884459-fbaf-490e-9b71-3c718ea82914@group-5D4E048AB16A-StateMachineUpdater: Took a snapshot at index 26
2019-09-17 12:24:16,225 [ba884459-fbaf-490e-9b71-3c718ea82914@group-5D4E048AB16A-StateMachineUpdater] INFO  impl.StateMachineUpdater (StateMachineUpdater.java:lambda$new$0(83)) - ba884459-fbaf-490e-9b71-3c718ea82914@group-5D4E048AB16A-StateMachineUpdater: snapshotIndex: updateIncreasingly -1 -> 26
2019-09-17 12:24:16,226 [ba884459-fbaf-490e-9b71-3c718ea82914@group-5D4E048AB16A-StateMachineUpdater] INFO  ratis.ContainerStateMachine (ContainerStateMachine.java:takeSnapshot(289)) - group-5D4E048AB16A: Taking a snapshot at:(t:2, i:26) file /tmp/workdir/hadoop-ozone/integration-test/target/test-dir/MiniOzoneClusterImpl-97cb6072-9315-4ed4-9dbe-1bfff40012a1/datanode-0/data/ratis/ee2470e8-a619-46fb-ab4b-5d4e048ab16a/sm/snapshot.2_26
2019-09-17 12:24:16,248 [ba884459-fbaf-490e-9b71-3c718ea82914@group-5D4E048AB16A-StateMachineUpdater] INFO  ratis.ContainerStateMachine (ContainerStateMachine.java:takeSnapshot(300)) - group-5D4E048AB16A: Finished taking a snapshot at:(t:2, i:26) file:/tmp/workdir/hadoop-ozone/integration-test/target/test-dir/MiniOzoneClusterImpl-97cb6072-9315-4ed4-9dbe-1bfff40012a1/datanode-0/data/ratis/ee2470e8-a619-46fb-ab4b-5d4e048ab16a/sm/snapshot.2_26 time:23
2019-09-17 12:24:16,248 [ba884459-fbaf-490e-9b71-3c718ea82914@group-5D4E048AB16A-StateMachineUpdater] INFO  impl.StateMachineUpdater (StateMachineUpdater.java:takeSnapshot(258)) - ba884459-fbaf-490e-9b71-3c718ea82914@group-5D4E048AB16A-StateMachineUpdater: Took a snapshot at index 26
2019-09-17 12:24:16,248 [ba884459-fbaf-490e-9b71-3c718ea82914@group-5D4E048AB16A-StateMachineUpdater] INFO  impl.StateMachineUpdater (StateMachineUpdater.java:lambda$new$0(83)) - ba884459-fbaf-490e-9b71-3c718ea82914@group-5D4E048AB16A-StateMachineUpdater: snapshotIndex: updateIncreasingly 26 -> 26
2019-09-17 12:24:16,248 [ForkJoinPool.commonPool-worker-1] INFO  impl.RaftServerImpl (ServerState.java:close(385)) - ba884459-fbaf-490e-9b71-3c718ea82914@group-5D4E048AB16A: closes. applyIndex: 29
2019-09-17 12:24:16,250 [ba884459-fbaf-490e-9b71-3c718ea82914@group-5D4E048AB16A-SegmentedRaftLogWorker] ERROR ratis.XceiverServerRatis (XceiverServerRatis.java:triggerPipelineClose(575)) - pipeline Action CLOSE  on pipeline PipelineID=ee2470e8-a619-46fb-ab4b-5d4e048ab16a.Reason : WriteLog:30: (t:2, i:30), STATEMACHINELOGENTRY, client-9303C3D922F8, cid=72-writeStateMachineData interrupted.
2019-09-17 12:24:16,251 [ForkJoinPool.commonPool-worker-1] INFO  segmented.SegmentedRaftLogWorker (SegmentedRaftLogWorker.java:close(228)) - ba884459-fbaf-490e-9b71-3c718ea82914@group-5D4E048AB16A-SegmentedRaftLogWorker close()
2019-09-17 12:24:16,252 [ForkJoinPool.commonPool-worker-1] INFO  server.GrpcService (GrpcService.java:closeImpl(164)) - ba884459-fbaf-490e-9b71-3c718ea82914: shutdown server with port 43469 now
2019-09-17 12:24:16,253 [ForkJoinPool.commonPool-worker-1] INFO  server.GrpcService (GrpcService.java:closeImpl(172)) - ba884459-fbaf-490e-9b71-3c718ea82914: shutdown server with port 43469 successfully
2019-09-17 12:24:16,256 [refreshUsed-/tmp/workdir/hadoop-ozone/integration-test/target/test-dir/MiniOzoneClusterImpl-97cb6072-9315-4ed4-9dbe-1bfff40012a1/datanode-0/data/containers] WARN  fs.CachingGetSpaceUsed (CachingGetSpaceUsed.java:run(183)) - Thread Interrupted waiting to refresh disk information: sleep interrupted
2019-09-17 12:24:16,258 [main] INFO  ozoneimpl.OzoneContainer (OzoneContainer.java:stop(231)) - Attempting to stop container services.
2019-09-17 12:24:16,259 [main] INFO  impl.RaftServerProxy (RaftServerProxy.java:lambda$close$4(314)) - 7689548e-5f49-4f36-9667-e46ba21e9ae3: close
2019-09-17 12:24:16,259 [main] INFO  impl.RaftServerImpl (RaftServerImpl.java:lambda$shutdown$3(251)) - 7689548e-5f49-4f36-9667-e46ba21e9ae3@group-C27889E87473: shutdown
2019-09-17 12:24:16,259 [main] INFO  util.JmxRegister (JmxRegister.java:unregister(73)) - Successfully un-registered JMX Bean with object name Ratis:service=RaftServer,group=group-C27889E87473,id=7689548e-5f49-4f36-9667-e46ba21e9ae3
2019-09-17 12:24:16,259 [main] INFO  impl.RoleInfo (RoleInfo.java:shutdownLeaderState(104)) - 7689548e-5f49-4f36-9667-e46ba21e9ae3: shutdown LeaderState
2019-09-17 12:24:16,260 [main] INFO  impl.PendingRequests (PendingRequests.java:sendNotLeaderResponses(202)) - 7689548e-5f49-4f36-9667-e46ba21e9ae3-PendingRequests: sendNotLeaderResponses
2019-09-17 12:24:16,260 [main] INFO  impl.StateMachineUpdater (StateMachineUpdater.java:stopAndJoin(125)) - 7689548e-5f49-4f36-9667-e46ba21e9ae3@group-C27889E87473-StateMachineUpdater: set stopIndex = 0
2019-09-17 12:24:16,260 [main] INFO  impl.RaftServerImpl (ServerState.java:close(385)) - 7689548e-5f49-4f36-9667-e46ba21e9ae3@group-C27889E87473: closes. applyIndex: 0
2019-09-17 12:24:16,261 [7689548e-5f49-4f36-9667-e46ba21e9ae3@group-C27889E87473-SegmentedRaftLogWorker] INFO  segmented.SegmentedRaftLogWorker (SegmentedRaftLogWorker.java:run(313)) - 7689548e-5f49-4f36-9667-e46ba21e9ae3@group-C27889E87473-SegmentedRaftLogWorker was interrupted, exiting. There are 0 tasks remaining in the queue.
2019-09-17 12:24:16,261 [main] INFO  segmented.SegmentedRaftLogWorker (SegmentedRaftLogWorker.java:close(228)) - 7689548e-5f49-4f36-9667-e46ba21e9ae3@group-C27889E87473-SegmentedRaftLogWorker close()
2019-09-17 12:24:16,262 [main] INFO  impl.RaftServerImpl (RaftServerImpl.java:lambda$shutdown$3(251)) - 7689548e-5f49-4f36-9667-e46ba21e9ae3@group-C0075F260562: shutdown
2019-09-17 12:24:16,262 [main] INFO  util.JmxRegister (JmxRegister.java:unregister(73)) - Successfully un-registered JMX Bean with object name Ratis:service=RaftServer,group=group-C0075F260562,id=7689548e-5f49-4f36-9667-e46ba21e9ae3
2019-09-17 12:24:16,262 [main] INFO  impl.RoleInfo (RoleInfo.java:shutdownLeaderState(104)) - 7689548e-5f49-4f36-9667-e46ba21e9ae3: shutdown LeaderState
2019-09-17 12:24:16,264 [main] INFO  impl.PendingRequests (PendingRequests.java:sendNotLeaderResponses(202)) - 7689548e-5f49-4f36-9667-e46ba21e9ae3-PendingRequests: sendNotLeaderResponses
2019-09-17 12:24:16,264 [org.apache.ratis.server.impl.LogAppender$AppenderDaemon$$Lambda$514/1130408274@4bed526d] WARN  server.GrpcLogAppender (GrpcLogAppender.java:mayWait(143)) - 7689548e-5f49-4f36-9667-e46ba21e9ae3@group-C0075F260562->a5f9b548-b989-4807-80f4-ff576b54977d-GrpcLogAppender: Wait interrupted by java.lang.InterruptedException
2019-09-17 12:24:16,264 [org.apache.ratis.server.impl.LogAppender$AppenderDaemon$$Lambda$514/1130408274@1919d7a7] WARN  server.GrpcLogAppender (GrpcLogAppender.java:mayWait(143)) - 7689548e-5f49-4f36-9667-e46ba21e9ae3@group-C0075F260562->c072a5df-2c45-4bc3-84a6-bf78352fd232-GrpcLogAppender: Wait interrupted by java.lang.InterruptedException
2019-09-17 12:24:16,266 [main] INFO  impl.StateMachineUpdater (StateMachineUpdater.java:stopAndJoin(125)) - 7689548e-5f49-4f36-9667-e46ba21e9ae3@group-C0075F260562-StateMachineUpdater: set stopIndex = 16
2019-09-17 12:24:16,266 [7689548e-5f49-4f36-9667-e46ba21e9ae3@group-C0075F260562-StateMachineUpdater] INFO  ratis.ContainerStateMachine (ContainerStateMachine.java:takeSnapshot(289)) - group-C0075F260562: Taking a snapshot at:(t:2, i:12) file /tmp/workdir/hadoop-ozone/integration-test/target/test-dir/MiniOzoneClusterImpl-97cb6072-9315-4ed4-9dbe-1bfff40012a1/datanode-7/data/ratis/1bb58af4-98e7-4f4e-94d5-c0075f260562/sm/snapshot.2_12
2019-09-17 12:24:16,273 [ForkJoinPool.commonPool-worker-1] INFO  utils.BackgroundService (BackgroundService.java:shutdown(148)) - Shutting down service BlockDeletingService
2019-09-17 12:24:16,275 [ForkJoinPool.commonPool-worker-1] INFO  statemachine.DatanodeStateMachine (DatanodeStateMachine.java:stopDaemon(395)) - Ozone container server stopped.
2019-09-17 12:24:16,279 [ForkJoinPool.commonPool-worker-1] INFO  handler.ContextHandler (ContextHandler.java:doStop(910)) - Stopped o.e.j.w.WebAppContext@a66e580{/,null,UNAVAILABLE}{/hddsDatanode}
2019-09-17 12:24:16,279 [ForkJoinPool.commonPool-worker-1] INFO  server.AbstractConnector (AbstractConnector.java:doStop(318)) - Stopped ServerConnector@5b852b49{HTTP/1.1,[http/1.1]}{0.0.0.0:0}
2019-09-17 12:24:16,280 [ForkJoinPool.commonPool-worker-1] INFO  handler.ContextHandler (ContextHandler.java:doStop(910)) - Stopped o.e.j.s.ServletContextHandler@7ff35a3f{/static,jar:file:/home/user/.m2/repository/org/apache/hadoop/hadoop-hdds-container-service/0.5.0-SNAPSHOT/hadoop-hdds-container-service-0.5.0-SNAPSHOT.jar!/webapps/static,UNAVAILABLE}
2019-09-17 12:24:16,281 [ForkJoinPool.commonPool-worker-1] INFO  handler.ContextHandler (ContextHandler.java:doStop(910)) - Stopped o.e.j.s.ServletContextHandler@6d1dcdff{/logs,file:///tmp/workdir/hadoop-ozone/integration-test/target/log,UNAVAILABLE}
2019-09-17 12:24:16,290 [7689548e-5f49-4f36-9667-e46ba21e9ae3@group-C0075F260562-StateMachineUpdater] INFO  ratis.ContainerStateMachine (ContainerStateMachine.java:takeSnapshot(300)) - group-C0075F260562: Finished taking a snapshot at:(t:2, i:12) file:/tmp/workdir/hadoop-ozone/integration-test/target/test-dir/MiniOzoneClusterImpl-97cb6072-9315-4ed4-9dbe-1bfff40012a1/datanode-7/data/ratis/1bb58af4-98e7-4f4e-94d5-c0075f260562/sm/snapshot.2_12 time:24
2019-09-17 12:24:16,290 [7689548e-5f49-4f36-9667-e46ba21e9ae3@group-C0075F260562-StateMachineUpdater] INFO  impl.StateMachineUpdater (StateMachineUpdater.java:takeSnapshot(258)) - 7689548e-5f49-4f36-9667-e46ba21e9ae3@group-C0075F260562-StateMachineUpdater: Took a snapshot at index 12
2019-09-17 12:24:16,290 [7689548e-5f49-4f36-9667-e46ba21e9ae3@group-C0075F260562-StateMachineUpdater] INFO  impl.StateMachineUpdater (StateMachineUpdater.java:lambda$new$0(83)) - 7689548e-5f49-4f36-9667-e46ba21e9ae3@group-C0075F260562-StateMachineUpdater: snapshotIndex: updateIncreasingly -1 -> 12
2019-09-17 12:24:16,291 [7689548e-5f49-4f36-9667-e46ba21e9ae3@group-C0075F260562-StateMachineUpdater] INFO  ratis.ContainerStateMachine (ContainerStateMachine.java:takeSnapshot(289)) - group-C0075F260562: Taking a snapshot at:(t:2, i:12) file /tmp/workdir/hadoop-ozone/integration-test/target/test-dir/MiniOzoneClusterImpl-97cb6072-9315-4ed4-9dbe-1bfff40012a1/datanode-7/data/ratis/1bb58af4-98e7-4f4e-94d5-c0075f260562/sm/snapshot.2_12
2019-09-17 12:24:16,315 [7689548e-5f49-4f36-9667-e46ba21e9ae3@group-C0075F260562-StateMachineUpdater] INFO  ratis.ContainerStateMachine (ContainerStateMachine.java:takeSnapshot(300)) - group-C0075F260562: Finished taking a snapshot at:(t:2, i:12) file:/tmp/workdir/hadoop-ozone/integration-test/target/test-dir/MiniOzoneClusterImpl-97cb6072-9315-4ed4-9dbe-1bfff40012a1/datanode-7/data/ratis/1bb58af4-98e7-4f4e-94d5-c0075f260562/sm/snapshot.2_12 time:25
2019-09-17 12:24:16,315 [7689548e-5f49-4f36-9667-e46ba21e9ae3@group-C0075F260562-StateMachineUpdater] INFO  impl.StateMachineUpdater (StateMachineUpdater.java:takeSnapshot(258)) - 7689548e-5f49-4f36-9667-e46ba21e9ae3@group-C0075F260562-StateMachineUpdater: Took a snapshot at index 12
2019-09-17 12:24:16,316 [7689548e-5f49-4f36-9667-e46ba21e9ae3@group-C0075F260562-StateMachineUpdater] INFO  impl.StateMachineUpdater (StateMachineUpdater.java:lambda$new$0(83)) - 7689548e-5f49-4f36-9667-e46ba21e9ae3@group-C0075F260562-StateMachineUpdater: snapshotIndex: updateIncreasingly 12 -> 12
2019-09-17 12:24:16,316 [main] INFO  impl.RaftServerImpl (ServerState.java:close(385)) - 7689548e-5f49-4f36-9667-e46ba21e9ae3@group-C0075F260562: closes. applyIndex: 16
2019-09-17 12:24:16,317 [7689548e-5f49-4f36-9667-e46ba21e9ae3@group-C0075F260562-SegmentedRaftLogWorker] ERROR ratis.XceiverServerRatis (XceiverServerRatis.java:triggerPipelineClose(575)) - pipeline Action CLOSE  on pipeline PipelineID=1bb58af4-98e7-4f4e-94d5-c0075f260562.Reason : WriteLog:19: (t:2, i:19), STATEMACHINELOGENTRY, client-0F6212053E58, cid=40-writeStateMachineData interrupted.
2019-09-17 12:24:16,333 [main] INFO  segmented.SegmentedRaftLogWorker (SegmentedRaftLogWorker.java:close(228)) - 7689548e-5f49-4f36-9667-e46ba21e9ae3@group-C0075F260562-SegmentedRaftLogWorker close()
2019-09-17 12:24:16,335 [main] INFO  server.GrpcService (GrpcService.java:closeImpl(164)) - 7689548e-5f49-4f36-9667-e46ba21e9ae3: shutdown server with port 34520 now
2019-09-17 12:24:16,335 [main] INFO  server.GrpcService (GrpcService.java:closeImpl(172)) - 7689548e-5f49-4f36-9667-e46ba21e9ae3: shutdown server with port 34520 successfully
2019-09-17 12:24:16,336 [refreshUsed-/tmp/workdir/hadoop-ozone/integration-test/target/test-dir/MiniOzoneClusterImpl-97cb6072-9315-4ed4-9dbe-1bfff40012a1/datanode-7/data/containers] WARN  fs.CachingGetSpaceUsed (CachingGetSpaceUsed.java:run(183)) - Thread Interrupted waiting to refresh disk information: sleep interrupted
2019-09-17 12:24:16,349 [main] INFO  utils.BackgroundService (BackgroundService.java:shutdown(148)) - Shutting down service BlockDeletingService
2019-09-17 12:24:16,352 [main] INFO  statemachine.DatanodeStateMachine (DatanodeStateMachine.java:stopDaemon(395)) - Ozone container server stopped.
2019-09-17 12:24:16,353 [main] INFO  handler.ContextHandler (ContextHandler.java:doStop(910)) - Stopped o.e.j.w.WebAppContext@3650d4fc{/,null,UNAVAILABLE}{/hddsDatanode}
2019-09-17 12:24:16,353 [main] INFO  server.AbstractConnector (AbstractConnector.java:doStop(318)) - Stopped ServerConnector@aaa0f76{HTTP/1.1,[http/1.1]}{0.0.0.0:0}
2019-09-17 12:24:16,354 [main] INFO  handler.ContextHandler (ContextHandler.java:doStop(910)) - Stopped o.e.j.s.ServletContextHandler@1645f294{/static,jar:file:/home/user/.m2/repository/org/apache/hadoop/hadoop-hdds-container-service/0.5.0-SNAPSHOT/hadoop-hdds-container-service-0.5.0-SNAPSHOT.jar!/webapps/static,UNAVAILABLE}
2019-09-17 12:24:16,354 [main] INFO  handler.ContextHandler (ContextHandler.java:doStop(910)) - Stopped o.e.j.s.ServletContextHandler@2eeb0f9b{/logs,file:///tmp/workdir/hadoop-ozone/integration-test/target/log,UNAVAILABLE}
2019-09-17 12:24:16,355 [main] INFO  ozone.MiniOzoneClusterImpl (MiniOzoneClusterImpl.java:stop(344)) - Stopping the StorageContainerManager
2019-09-17 12:24:16,355 [main] INFO  server.StorageContainerManager (StorageContainerManager.java:stop(801)) - Stopping Replication Manager Service.
2019-09-17 12:24:16,355 [main] INFO  container.ReplicationManager (ReplicationManager.java:stop(203)) - Stopping Replication Monitor Thread.
2019-09-17 12:24:16,355 [main] INFO  server.StorageContainerManager (StorageContainerManager.java:stop(808)) - Stopping Lease Manager of the command watchers
2019-09-17 12:24:16,356 [main] INFO  server.StorageContainerManager (StorageContainerManager.java:stop(815)) - Stopping datanode service RPC server
2019-09-17 12:24:16,356 [main] INFO  server.SCMDatanodeProtocolServer (SCMDatanodeProtocolServer.java:stop(367)) - Stopping the RPC server for DataNodes
2019-09-17 12:24:16,356 [main] INFO  ipc.Server (Server.java:stop(3082)) - Stopping server on 39730
2019-09-17 12:24:16,357 [IPC Server listener on 39730] INFO  ipc.Server (Server.java:run(1185)) - Stopping IPC Server listener on 39730
2019-09-17 12:24:16,357 [IPC Server Responder] INFO  ipc.Server (Server.java:run(1319)) - Stopping IPC Server Responder
2019-09-17 12:24:16,443 [SCM Heartbeat Processing Thread - 0] WARN  node.NodeStateManager (NodeStateManager.java:scheduleNextHealthCheck(646)) - Current Thread is interrupted, shutting down HB processing thread for Node Manager.
2019-09-17 12:24:16,443 [main] INFO  server.StorageContainerManager (StorageContainerManager.java:stop(823)) - Stopping block service RPC server
2019-09-17 12:24:16,444 [main] INFO  server.SCMBlockProtocolServer (SCMBlockProtocolServer.java:stop(155)) - Stopping the RPC server for Block Protocol
2019-09-17 12:24:16,444 [main] INFO  ipc.Server (Server.java:stop(3082)) - Stopping server on 46471
2019-09-17 12:24:16,445 [IPC Server listener on 46471] INFO  ipc.Server (Server.java:run(1185)) - Stopping IPC Server listener on 46471
2019-09-17 12:24:16,445 [main] INFO  server.StorageContainerManager (StorageContainerManager.java:stop(830)) - Stopping the StorageContainerLocationProtocol RPC server
2019-09-17 12:24:16,445 [IPC Server Responder] INFO  ipc.Server (Server.java:run(1319)) - Stopping IPC Server Responder
2019-09-17 12:24:16,446 [main] INFO  server.SCMClientProtocolServer (SCMClientProtocolServer.java:stop(159)) - Stopping the RPC server for Client Protocol
2019-09-17 12:24:16,446 [main] INFO  ipc.Server (Server.java:stop(3082)) - Stopping server on 46707
2019-09-17 12:24:16,447 [IPC Server listener on 46707] INFO  ipc.Server (Server.java:run(1185)) - Stopping IPC Server listener on 46707
2019-09-17 12:24:16,447 [main] INFO  server.StorageContainerManager (StorageContainerManager.java:stop(837)) - Stopping Storage Container Manager HTTP server.
2019-09-17 12:24:16,447 [IPC Server Responder] INFO  ipc.Server (Server.java:run(1319)) - Stopping IPC Server Responder
2019-09-17 12:24:16,448 [main] INFO  handler.ContextHandler (ContextHandler.java:doStop(910)) - Stopped o.e.j.w.WebAppContext@5398edd0{/,null,UNAVAILABLE}{/scm}
2019-09-17 12:24:16,448 [main] INFO  server.AbstractConnector (AbstractConnector.java:doStop(318)) - Stopped ServerConnector@3f093abe{HTTP/1.1,[http/1.1]}{0.0.0.0:0}
2019-09-17 12:24:16,448 [main] INFO  handler.ContextHandler (ContextHandler.java:doStop(910)) - Stopped o.e.j.s.ServletContextHandler@64ba3208{/static,file:///tmp/workdir/hadoop-ozone/integration-test/target/test-classes/webapps/static,UNAVAILABLE}
2019-09-17 12:24:16,449 [main] INFO  handler.ContextHandler (ContextHandler.java:doStop(910)) - Stopped o.e.j.s.ServletContextHandler@299321e2{/logs,file:///tmp/workdir/hadoop-ozone/integration-test/target/log,UNAVAILABLE}
2019-09-17 12:24:16,449 [main] INFO  server.StorageContainerManager (StorageContainerManager.java:stop(848)) - Stopping Block Manager Service.
2019-09-17 12:24:16,450 [main] INFO  utils.BackgroundService (BackgroundService.java:shutdown(148)) - Shutting down service SCMBlockDeletingService
2019-09-17 12:24:16,450 [main] INFO  utils.BackgroundService (BackgroundService.java:shutdown(148)) - Shutting down service SCMBlockDeletingService
2019-09-17 12:24:16,450 [main] INFO  server.StorageContainerManager (StorageContainerManager.java:stop(870)) - Stopping SCM Event Queue.
2019-09-17 12:24:16,456 [main] INFO  impl.MetricsSystemImpl (MetricsSystemImpl.java:stop(210)) - Stopping XceiverClientMetrics metrics system...
2019-09-17 12:24:16,464 [prometheus] INFO  impl.MetricsSinkAdapter (MetricsSinkAdapter.java:publishMetricsFromQueue(141)) - prometheus thread interrupted.
2019-09-17 12:24:16,464 [main] INFO  impl.MetricsSystemImpl (MetricsSystemImpl.java:stop(216)) - XceiverClientMetrics metrics system stopped.
]]></system-out>
    <system-err><![CDATA[ERROR StatusLogger No Log4j 2 configuration file found. Using default configuration (logging only errors to the console), or user programmatically provided configurations. Set system property 'log4j2.debug' to show Log4j 2 internal initialization logging. See https://logging.apache.org/log4j/2.x/manual/configuration.html for instructions on how to configure Log4j 2
Sep 17, 2019 12:23:14 PM org.apache.ratis.thirdparty.io.grpc.internal.SerializingExecutor run
SEVERE: Exception while executing runnable org.apache.ratis.thirdparty.io.grpc.internal.ServerImpl$JumpToApplicationThreadServerStreamListener$1Closed@52a8f50c
org.apache.ratis.thirdparty.io.grpc.StatusRuntimeException: CANCELLED: call already cancelled
	at org.apache.ratis.thirdparty.io.grpc.Status.asRuntimeException(Status.java:517)
	at org.apache.ratis.thirdparty.io.grpc.stub.ServerCalls$ServerCallStreamObserverImpl.onCompleted(ServerCalls.java:356)
	at org.apache.ratis.grpc.server.GrpcServerProtocolService$ServerRequestStreamObserver.onError(GrpcServerProtocolService.java:121)
	at org.apache.ratis.thirdparty.io.grpc.stub.ServerCalls$StreamingServerCallHandler$StreamingServerCallListener.onCancel(ServerCalls.java:269)
	at org.apache.ratis.thirdparty.io.grpc.internal.ServerCallImpl$ServerStreamListenerImpl.closed(ServerCallImpl.java:293)
	at org.apache.ratis.thirdparty.io.grpc.internal.ServerImpl$JumpToApplicationThreadServerStreamListener$1Closed.runInContext(ServerImpl.java:741)
	at org.apache.ratis.thirdparty.io.grpc.internal.ContextRunnable.run(ContextRunnable.java:37)
	at org.apache.ratis.thirdparty.io.grpc.internal.SerializingExecutor.run(SerializingExecutor.java:123)
	at java.util.concurrent.ThreadPoolExecutor.runWorker(ThreadPoolExecutor.java:1149)
	at java.util.concurrent.ThreadPoolExecutor$Worker.run(ThreadPoolExecutor.java:624)
	at java.lang.Thread.run(Thread.java:748)

Sep 17, 2019 12:24:00 PM org.apache.ratis.thirdparty.io.grpc.internal.SerializingExecutor run
SEVERE: Exception while executing runnable org.apache.ratis.thirdparty.io.grpc.internal.ServerImpl$JumpToApplicationThreadServerStreamListener$1Closed@66edacd8
org.apache.ratis.thirdparty.io.grpc.StatusRuntimeException: CANCELLED: call already cancelled
	at org.apache.ratis.thirdparty.io.grpc.Status.asRuntimeException(Status.java:517)
	at org.apache.ratis.thirdparty.io.grpc.stub.ServerCalls$ServerCallStreamObserverImpl.onCompleted(ServerCalls.java:356)
	at org.apache.ratis.grpc.server.GrpcServerProtocolService$ServerRequestStreamObserver.onError(GrpcServerProtocolService.java:121)
	at org.apache.ratis.thirdparty.io.grpc.stub.ServerCalls$StreamingServerCallHandler$StreamingServerCallListener.onCancel(ServerCalls.java:269)
	at org.apache.ratis.thirdparty.io.grpc.internal.ServerCallImpl$ServerStreamListenerImpl.closed(ServerCallImpl.java:293)
	at org.apache.ratis.thirdparty.io.grpc.internal.ServerImpl$JumpToApplicationThreadServerStreamListener$1Closed.runInContext(ServerImpl.java:741)
	at org.apache.ratis.thirdparty.io.grpc.internal.ContextRunnable.run(ContextRunnable.java:37)
	at org.apache.ratis.thirdparty.io.grpc.internal.SerializingExecutor.run(SerializingExecutor.java:123)
	at java.util.concurrent.ThreadPoolExecutor.runWorker(ThreadPoolExecutor.java:1149)
	at java.util.concurrent.ThreadPoolExecutor$Worker.run(ThreadPoolExecutor.java:624)
	at java.lang.Thread.run(Thread.java:748)

Sep 17, 2019 12:24:01 PM org.apache.ratis.thirdparty.io.grpc.internal.SerializingExecutor run
SEVERE: Exception while executing runnable org.apache.ratis.thirdparty.io.grpc.internal.ServerImpl$JumpToApplicationThreadServerStreamListener$1Closed@81c4bcf
org.apache.ratis.thirdparty.io.grpc.StatusRuntimeException: CANCELLED: call already cancelled
	at org.apache.ratis.thirdparty.io.grpc.Status.asRuntimeException(Status.java:517)
	at org.apache.ratis.thirdparty.io.grpc.stub.ServerCalls$ServerCallStreamObserverImpl.onCompleted(ServerCalls.java:356)
	at org.apache.ratis.grpc.server.GrpcServerProtocolService$ServerRequestStreamObserver.onError(GrpcServerProtocolService.java:121)
	at org.apache.ratis.thirdparty.io.grpc.stub.ServerCalls$StreamingServerCallHandler$StreamingServerCallListener.onCancel(ServerCalls.java:269)
	at org.apache.ratis.thirdparty.io.grpc.internal.ServerCallImpl$ServerStreamListenerImpl.closed(ServerCallImpl.java:293)
	at org.apache.ratis.thirdparty.io.grpc.internal.ServerImpl$JumpToApplicationThreadServerStreamListener$1Closed.runInContext(ServerImpl.java:741)
	at org.apache.ratis.thirdparty.io.grpc.internal.ContextRunnable.run(ContextRunnable.java:37)
	at org.apache.ratis.thirdparty.io.grpc.internal.SerializingExecutor.run(SerializingExecutor.java:123)
	at java.util.concurrent.ThreadPoolExecutor.runWorker(ThreadPoolExecutor.java:1149)
	at java.util.concurrent.ThreadPoolExecutor$Worker.run(ThreadPoolExecutor.java:624)
	at java.lang.Thread.run(Thread.java:748)

Sep 17, 2019 12:24:11 PM org.apache.ratis.thirdparty.io.grpc.internal.SerializingExecutor run
SEVERE: Exception while executing runnable org.apache.ratis.thirdparty.io.grpc.internal.ServerImpl$JumpToApplicationThreadServerStreamListener$1Closed@592fd473
org.apache.ratis.thirdparty.io.grpc.StatusRuntimeException: CANCELLED: call already cancelled
	at org.apache.ratis.thirdparty.io.grpc.Status.asRuntimeException(Status.java:517)
	at org.apache.ratis.thirdparty.io.grpc.stub.ServerCalls$ServerCallStreamObserverImpl.onCompleted(ServerCalls.java:356)
	at org.apache.ratis.grpc.server.GrpcServerProtocolService$ServerRequestStreamObserver.onError(GrpcServerProtocolService.java:121)
	at org.apache.ratis.thirdparty.io.grpc.stub.ServerCalls$StreamingServerCallHandler$StreamingServerCallListener.onCancel(ServerCalls.java:269)
	at org.apache.ratis.thirdparty.io.grpc.internal.ServerCallImpl$ServerStreamListenerImpl.closed(ServerCallImpl.java:293)
	at org.apache.ratis.thirdparty.io.grpc.internal.ServerImpl$JumpToApplicationThreadServerStreamListener$1Closed.runInContext(ServerImpl.java:741)
	at org.apache.ratis.thirdparty.io.grpc.internal.ContextRunnable.run(ContextRunnable.java:37)
	at org.apache.ratis.thirdparty.io.grpc.internal.SerializingExecutor.run(SerializingExecutor.java:123)
	at java.util.concurrent.ThreadPoolExecutor.runWorker(ThreadPoolExecutor.java:1149)
	at java.util.concurrent.ThreadPoolExecutor$Worker.run(ThreadPoolExecutor.java:624)
	at java.lang.Thread.run(Thread.java:748)

]]></system-err>
  </testcase>
  <testcase name="testMultiBlockWritesWithDnFailures" classname="org.apache.hadoop.ozone.client.rpc.TestMultiBlockWritesWithDnFailures" time="53.532"/>
</testsuite>