<?xml version="1.0" encoding="UTF-8"?>
<testsuite xmlns:xsi="http://www.w3.org/2001/XMLSchema-instance" xsi:noNamespaceSchemaLocation="https://maven.apache.org/surefire/maven-surefire-plugin/xsd/surefire-test-report.xsd" name="org.apache.hadoop.ozone.freon.TestRandomKeyGenerator" time="120.948" tests="5" errors="1" skipped="0" failures="0">
  <properties>
    <property name="awt.toolkit" value="sun.awt.X11.XToolkit"/>
    <property name="file.encoding.pkg" value="sun.io"/>
    <property name="java.specification.version" value="1.8"/>
    <property name="sun.cpu.isalist" value=""/>
    <property name="sun.jnu.encoding" value="UTF-8"/>
    <property name="java.class.path" value="/tmp/workdir/hadoop-ozone/tools/target/test-classes:/tmp/workdir/hadoop-ozone/tools/target/classes:/tmp/workdir/hadoop-ozone/ozone-manager/target/classes:/tmp/workdir/hadoop-hdds/docs/target/classes:/home/user/.m2/repository/org/bouncycastle/bcprov-jdk15on/1.60/bcprov-jdk15on-1.60.jar:/tmp/workdir/hadoop-ozone/common/target/classes:/home/user/.m2/repository/org/apache/commons/commons-compress/1.4.1/commons-compress-1.4.1.jar:/home/user/.m2/repository/org/tukaani/xz/1.0/xz-1.0.jar:/home/user/.m2/repository/org/apache/hadoop/hadoop-hdfs-client/3.2.0/hadoop-hdfs-client-3.2.0.jar:/home/user/.m2/repository/com/fasterxml/jackson/core/jackson-annotations/2.9.5/jackson-annotations-2.9.5.jar:/tmp/workdir/hadoop-hdds/common/target/classes:/tmp/workdir/hadoop-hdds/config/target/classes:/home/user/.m2/repository/javax/annotation/javax.annotation-api/1.2/javax.annotation-api-1.2.jar:/home/user/.m2/repository/org/apache/ratis/ratis-server/0.4.0-2337318-SNAPSHOT/ratis-server-0.4.0-2337318-SNAPSHOT.jar:/home/user/.m2/repository/org/apache/ratis/ratis-thirdparty-misc/0.2.0/ratis-thirdparty-misc-0.2.0.jar:/home/user/.m2/repository/org/apache/ratis/ratis-proto/0.4.0-2337318-SNAPSHOT/ratis-proto-0.4.0-2337318-SNAPSHOT.jar:/home/user/.m2/repository/org/apache/ratis/ratis-common/0.4.0-2337318-SNAPSHOT/ratis-common-0.4.0-2337318-SNAPSHOT.jar:/home/user/.m2/repository/org/apache/ratis/ratis-client/0.4.0-2337318-SNAPSHOT/ratis-client-0.4.0-2337318-SNAPSHOT.jar:/home/user/.m2/repository/org/apache/ratis/ratis-metrics/0.4.0-2337318-SNAPSHOT/ratis-metrics-0.4.0-2337318-SNAPSHOT.jar:/home/user/.m2/repository/org/apache/ratis/ratis-netty/0.4.0-2337318-SNAPSHOT/ratis-netty-0.4.0-2337318-SNAPSHOT.jar:/home/user/.m2/repository/org/apache/ratis/ratis-grpc/0.4.0-2337318-SNAPSHOT/ratis-grpc-0.4.0-2337318-SNAPSHOT.jar:/home/user/.m2/repository/org/rocksdb/rocksdbjni/6.0.1/rocksdbjni-6.0.1.jar:/home/user/.m2/repository/org/apache/logging/log4j/log4j-api/2.11.0/log4j-api-2.11.0.jar:/home/user/.m2/repository/org/apache/logging/log4j/log4j-core/2.11.0/log4j-core-2.11.0.jar:/home/user/.m2/repository/com/lmax/disruptor/3.4.2/disruptor-3.4.2.jar:/home/user/.m2/repository/org/apache/commons/commons-pool2/2.6.0/commons-pool2-2.6.0.jar:/home/user/.m2/repository/org/bouncycastle/bcpkix-jdk15on/1.60/bcpkix-jdk15on-1.60.jar:/home/user/.m2/repository/commons-validator/commons-validator/1.6/commons-validator-1.6.jar:/home/user/.m2/repository/commons-digester/commons-digester/1.8.1/commons-digester-1.8.1.jar:/home/user/.m2/repository/io/jaegertracing/jaeger-client/0.33.1/jaeger-client-0.33.1.jar:/home/user/.m2/repository/io/jaegertracing/jaeger-thrift/0.33.1/jaeger-thrift-0.33.1.jar:/home/user/.m2/repository/org/apache/thrift/libthrift/0.11.0/libthrift-0.11.0.jar:/home/user/.m2/repository/com/squareup/okhttp3/okhttp/3.9.0/okhttp-3.9.0.jar:/home/user/.m2/repository/com/squareup/okio/okio/1.13.0/okio-1.13.0.jar:/home/user/.m2/repository/io/jaegertracing/jaeger-core/0.33.1/jaeger-core-0.33.1.jar:/home/user/.m2/repository/io/jaegertracing/jaeger-tracerresolver/0.33.1/jaeger-tracerresolver-0.33.1.jar:/home/user/.m2/repository/io/opentracing/contrib/opentracing-tracerresolver/0.1.5/opentracing-tracerresolver-0.1.5.jar:/home/user/.m2/repository/io/opentracing/opentracing-util/0.31.0/opentracing-util-0.31.0.jar:/home/user/.m2/repository/io/opentracing/opentracing-api/0.31.0/opentracing-api-0.31.0.jar:/home/user/.m2/repository/io/opentracing/opentracing-noop/0.31.0/opentracing-noop-0.31.0.jar:/home/user/.m2/repository/org/yaml/snakeyaml/1.16/snakeyaml-1.16.jar:/tmp/workdir/hadoop-hdds/container-service/target/classes:/tmp/workdir/hadoop-hdds/client/target/classes:/tmp/workdir/hadoop-hdds/tools/target/classes:/home/user/.m2/repository/org/xerial/sqlite-jdbc/3.25.2/sqlite-jdbc-3.25.2.jar:/tmp/workdir/hadoop-hdds/server-scm/target/classes:/home/user/.m2/repository/org/hamcrest/hamcrest-all/1.3/hamcrest-all-1.3.jar:/home/user/.m2/repository/info/picocli/picocli/3.9.6/picocli-3.9.6.jar:/home/user/.m2/repository/com/google/protobuf/protobuf-java/2.5.0/protobuf-java-2.5.0.jar:/home/user/.m2/repository/com/google/guava/guava/11.0.2/guava-11.0.2.jar:/tmp/workdir/hadoop-ozone/client/target/classes:/home/user/.m2/repository/org/apache/hadoop/hadoop-ozone-filesystem/0.5.0-SNAPSHOT/hadoop-ozone-filesystem-0.5.0-SNAPSHOT.jar:/tmp/workdir/hadoop-hdds/framework/target/classes:/home/user/.m2/repository/org/apache/hadoop/hadoop-common/3.2.0/hadoop-common-3.2.0.jar:/home/user/.m2/repository/org/apache/hadoop/hadoop-annotations/3.2.0/hadoop-annotations-3.2.0.jar:/usr/lib/jvm/java-1.8-openjdk/jre/../lib/tools.jar:/home/user/.m2/repository/commons-cli/commons-cli/1.2/commons-cli-1.2.jar:/home/user/.m2/repository/org/apache/commons/commons-math3/3.1.1/commons-math3-3.1.1.jar:/home/user/.m2/repository/org/apache/httpcomponents/httpclient/4.5.2/httpclient-4.5.2.jar:/home/user/.m2/repository/org/apache/httpcomponents/httpcore/4.4.4/httpcore-4.4.4.jar:/home/user/.m2/repository/commons-codec/commons-codec/1.11/commons-codec-1.11.jar:/home/user/.m2/repository/commons-io/commons-io/2.5/commons-io-2.5.jar:/home/user/.m2/repository/commons-net/commons-net/3.6/commons-net-3.6.jar:/home/user/.m2/repository/commons-collections/commons-collections/3.2.2/commons-collections-3.2.2.jar:/home/user/.m2/repository/javax/servlet/javax.servlet-api/3.1.0/javax.servlet-api-3.1.0.jar:/home/user/.m2/repository/org/eclipse/jetty/jetty-server/9.3.24.v20180605/jetty-server-9.3.24.v20180605.jar:/home/user/.m2/repository/org/eclipse/jetty/jetty-http/9.3.24.v20180605/jetty-http-9.3.24.v20180605.jar:/home/user/.m2/repository/org/eclipse/jetty/jetty-io/9.3.24.v20180605/jetty-io-9.3.24.v20180605.jar:/home/user/.m2/repository/org/eclipse/jetty/jetty-util/9.3.24.v20180605/jetty-util-9.3.24.v20180605.jar:/home/user/.m2/repository/org/eclipse/jetty/jetty-servlet/9.3.24.v20180605/jetty-servlet-9.3.24.v20180605.jar:/home/user/.m2/repository/org/eclipse/jetty/jetty-security/9.3.24.v20180605/jetty-security-9.3.24.v20180605.jar:/home/user/.m2/repository/org/eclipse/jetty/jetty-webapp/9.3.24.v20180605/jetty-webapp-9.3.24.v20180605.jar:/home/user/.m2/repository/org/eclipse/jetty/jetty-xml/9.3.24.v20180605/jetty-xml-9.3.24.v20180605.jar:/home/user/.m2/repository/javax/servlet/jsp/jsp-api/2.1/jsp-api-2.1.jar:/home/user/.m2/repository/com/sun/jersey/jersey-core/1.19/jersey-core-1.19.jar:/home/user/.m2/repository/javax/ws/rs/jsr311-api/1.1.1/jsr311-api-1.1.1.jar:/home/user/.m2/repository/com/sun/jersey/jersey-servlet/1.19/jersey-servlet-1.19.jar:/home/user/.m2/repository/com/sun/jersey/jersey-json/1.19/jersey-json-1.19.jar:/home/user/.m2/repository/org/codehaus/jettison/jettison/1.1/jettison-1.1.jar:/home/user/.m2/repository/com/sun/xml/bind/jaxb-impl/2.3.0.1/jaxb-impl-2.3.0.1.jar:/home/user/.m2/repository/org/codehaus/jackson/jackson-core-asl/1.9.13/jackson-core-asl-1.9.13.jar:/home/user/.m2/repository/org/codehaus/jackson/jackson-mapper-asl/1.9.13/jackson-mapper-asl-1.9.13.jar:/home/user/.m2/repository/org/codehaus/jackson/jackson-jaxrs/1.9.13/jackson-jaxrs-1.9.13.jar:/home/user/.m2/repository/org/codehaus/jackson/jackson-xc/1.9.13/jackson-xc-1.9.13.jar:/home/user/.m2/repository/com/sun/jersey/jersey-server/1.19/jersey-server-1.19.jar:/home/user/.m2/repository/commons-logging/commons-logging/1.1.3/commons-logging-1.1.3.jar:/home/user/.m2/repository/log4j/log4j/1.2.17/log4j-1.2.17.jar:/home/user/.m2/repository/commons-beanutils/commons-beanutils/1.9.3/commons-beanutils-1.9.3.jar:/home/user/.m2/repository/org/apache/commons/commons-configuration2/2.1.1/commons-configuration2-2.1.1.jar:/home/user/.m2/repository/org/apache/commons/commons-lang3/3.7/commons-lang3-3.7.jar:/home/user/.m2/repository/org/apache/commons/commons-text/1.4/commons-text-1.4.jar:/home/user/.m2/repository/org/slf4j/slf4j-api/1.7.25/slf4j-api-1.7.25.jar:/home/user/.m2/repository/org/slf4j/slf4j-log4j12/1.7.25/slf4j-log4j12-1.7.25.jar:/home/user/.m2/repository/org/apache/avro/avro/1.7.7/avro-1.7.7.jar:/home/user/.m2/repository/com/thoughtworks/paranamer/paranamer/2.3/paranamer-2.3.jar:/home/user/.m2/repository/org/xerial/snappy/snappy-java/1.0.5/snappy-java-1.0.5.jar:/home/user/.m2/repository/com/google/re2j/re2j/1.1/re2j-1.1.jar:/home/user/.m2/repository/com/google/code/gson/gson/2.2.4/gson-2.2.4.jar:/home/user/.m2/repository/org/apache/hadoop/hadoop-auth/3.2.0/hadoop-auth-3.2.0.jar:/home/user/.m2/repository/com/nimbusds/nimbus-jose-jwt/4.41.1/nimbus-jose-jwt-4.41.1.jar:/home/user/.m2/repository/com/github/stephenc/jcip/jcip-annotations/1.0-1/jcip-annotations-1.0-1.jar:/home/user/.m2/repository/net/minidev/json-smart/2.3/json-smart-2.3.jar:/home/user/.m2/repository/net/minidev/accessors-smart/1.2/accessors-smart-1.2.jar:/home/user/.m2/repository/org/apache/curator/curator-framework/2.12.0/curator-framework-2.12.0.jar:/home/user/.m2/repository/com/jcraft/jsch/0.1.54/jsch-0.1.54.jar:/home/user/.m2/repository/org/apache/curator/curator-client/2.12.0/curator-client-2.12.0.jar:/home/user/.m2/repository/org/apache/curator/curator-recipes/2.12.0/curator-recipes-2.12.0.jar:/home/user/.m2/repository/com/google/code/findbugs/jsr305/3.0.0/jsr305-3.0.0.jar:/home/user/.m2/repository/org/apache/htrace/htrace-core4/4.1.0-incubating/htrace-core4-4.1.0-incubating.jar:/home/user/.m2/repository/org/apache/zookeeper/zookeeper/3.4.13/zookeeper-3.4.13.jar:/home/user/.m2/repository/org/apache/yetus/audience-annotations/0.5.0/audience-annotations-0.5.0.jar:/home/user/.m2/repository/org/apache/kerby/kerb-simplekdc/1.0.1/kerb-simplekdc-1.0.1.jar:/home/user/.m2/repository/org/apache/kerby/kerb-client/1.0.1/kerb-client-1.0.1.jar:/home/user/.m2/repository/org/apache/kerby/kerby-config/1.0.1/kerby-config-1.0.1.jar:/home/user/.m2/repository/org/apache/kerby/kerb-core/1.0.1/kerb-core-1.0.1.jar:/home/user/.m2/repository/org/apache/kerby/kerby-pkix/1.0.1/kerby-pkix-1.0.1.jar:/home/user/.m2/repository/org/apache/kerby/kerby-asn1/1.0.1/kerby-asn1-1.0.1.jar:/home/user/.m2/repository/org/apache/kerby/kerby-util/1.0.1/kerby-util-1.0.1.jar:/home/user/.m2/repository/org/apache/kerby/kerb-common/1.0.1/kerb-common-1.0.1.jar:/home/user/.m2/repository/org/apache/kerby/kerb-crypto/1.0.1/kerb-crypto-1.0.1.jar:/home/user/.m2/repository/org/apache/kerby/kerb-util/1.0.1/kerb-util-1.0.1.jar:/home/user/.m2/repository/org/apache/kerby/token-provider/1.0.1/token-provider-1.0.1.jar:/home/user/.m2/repository/org/apache/kerby/kerb-admin/1.0.1/kerb-admin-1.0.1.jar:/home/user/.m2/repository/org/apache/kerby/kerb-server/1.0.1/kerb-server-1.0.1.jar:/home/user/.m2/repository/org/apache/kerby/kerb-identity/1.0.1/kerb-identity-1.0.1.jar:/home/user/.m2/repository/org/apache/kerby/kerby-xdr/1.0.1/kerby-xdr-1.0.1.jar:/home/user/.m2/repository/com/fasterxml/jackson/core/jackson-databind/2.9.5/jackson-databind-2.9.5.jar:/home/user/.m2/repository/com/fasterxml/jackson/core/jackson-core/2.9.5/jackson-core-2.9.5.jar:/home/user/.m2/repository/org/codehaus/woodstox/stax2-api/3.1.4/stax2-api-3.1.4.jar:/home/user/.m2/repository/com/fasterxml/woodstox/woodstox-core/5.0.3/woodstox-core-5.0.3.jar:/home/user/.m2/repository/dnsjava/dnsjava/2.1.7/dnsjava-2.1.7.jar:/home/user/.m2/repository/org/apache/hadoop/hadoop-hdfs/3.2.0/hadoop-hdfs-3.2.0.jar:/home/user/.m2/repository/org/eclipse/jetty/jetty-util-ajax/9.3.24.v20180605/jetty-util-ajax-9.3.24.v20180605.jar:/home/user/.m2/repository/commons-daemon/commons-daemon/1.0.13/commons-daemon-1.0.13.jar:/home/user/.m2/repository/io/netty/netty/3.10.5.Final/netty-3.10.5.Final.jar:/home/user/.m2/repository/io/netty/netty-all/4.0.52.Final/netty-all-4.0.52.Final.jar:/home/user/.m2/repository/org/fusesource/leveldbjni/leveldbjni-all/1.8/leveldbjni-all-1.8.jar:/home/user/.m2/repository/com/sun/xml/bind/jaxb-core/2.3.0.1/jaxb-core-2.3.0.1.jar:/home/user/.m2/repository/javax/xml/bind/jaxb-api/2.3.0/jaxb-api-2.3.0.jar:/home/user/.m2/repository/javax/activation/activation/1.1.1/activation-1.1.1.jar:/home/user/.m2/repository/io/dropwizard/metrics/metrics-core/3.2.4/metrics-core-3.2.4.jar:/home/user/.m2/repository/org/openjdk/jmh/jmh-core/1.19/jmh-core-1.19.jar:/home/user/.m2/repository/net/sf/jopt-simple/jopt-simple/4.6/jopt-simple-4.6.jar:/home/user/.m2/repository/org/openjdk/jmh/jmh-generator-annprocess/1.19/jmh-generator-annprocess-1.19.jar:/home/user/.m2/repository/com/google/code/findbugs/findbugs/3.0.1/findbugs-3.0.1.jar:/home/user/.m2/repository/net/jcip/jcip-annotations/1.0/jcip-annotations-1.0.jar:/home/user/.m2/repository/com/google/code/findbugs/bcel-findbugs/6.0/bcel-findbugs-6.0.jar:/home/user/.m2/repository/com/google/code/findbugs/jFormatString/2.0.1/jFormatString-2.0.1.jar:/home/user/.m2/repository/dom4j/dom4j/1.6.1/dom4j-1.6.1.jar:/home/user/.m2/repository/xml-apis/xml-apis/1.0.b2/xml-apis-1.0.b2.jar:/home/user/.m2/repository/org/ow2/asm/asm-debug-all/5.0.2/asm-debug-all-5.0.2.jar:/home/user/.m2/repository/org/ow2/asm/asm-commons/5.0.2/asm-commons-5.0.2.jar:/home/user/.m2/repository/org/ow2/asm/asm-tree/5.0.2/asm-tree-5.0.2.jar:/home/user/.m2/repository/org/ow2/asm/asm/5.0.4/asm-5.0.4.jar:/home/user/.m2/repository/commons-lang/commons-lang/2.6/commons-lang-2.6.jar:/home/user/.m2/repository/com/apple/AppleJavaExtensions/1.4/AppleJavaExtensions-1.4.jar:/home/user/.m2/repository/jaxen/jaxen/1.1.6/jaxen-1.1.6.jar:/home/user/.m2/repository/junit/junit/4.11/junit-4.11.jar:/home/user/.m2/repository/org/hamcrest/hamcrest-core/1.3/hamcrest-core-1.3.jar:/home/user/.m2/repository/org/apache/hadoop/hadoop-common/3.2.0/hadoop-common-3.2.0-tests.jar:/home/user/.m2/repository/org/apache/hadoop/hadoop-ozone-integration-test/0.5.0-SNAPSHOT/hadoop-ozone-integration-test-0.5.0-SNAPSHOT-tests.jar:/tmp/workdir/hadoop-ozone/objectstore-service/target/classes:/tmp/workdir/hadoop-ozone/s3gateway/target/classes:/home/user/.m2/repository/org/jboss/weld/servlet/weld-servlet/2.4.7.Final/weld-servlet-2.4.7.Final.jar:/home/user/.m2/repository/org/glassfish/jersey/containers/jersey-container-servlet-core/2.27/jersey-container-servlet-core-2.27.jar:/home/user/.m2/repository/org/glassfish/hk2/external/javax.inject/2.5.0-b42/javax.inject-2.5.0-b42.jar:/home/user/.m2/repository/org/glassfish/jersey/core/jersey-common/2.27/jersey-common-2.27.jar:/home/user/.m2/repository/org/glassfish/hk2/osgi-resource-locator/1.0.1/osgi-resource-locator-1.0.1.jar:/home/user/.m2/repository/javax/ws/rs/javax.ws.rs-api/2.1/javax.ws.rs-api-2.1.jar:/home/user/.m2/repository/org/glassfish/jersey/ext/cdi/jersey-cdi1x/2.27/jersey-cdi1x-2.27.jar:/home/user/.m2/repository/org/glassfish/jersey/inject/jersey-hk2/2.27/jersey-hk2-2.27.jar:/home/user/.m2/repository/org/glassfish/hk2/hk2-locator/2.5.0-b42/hk2-locator-2.5.0-b42.jar:/home/user/.m2/repository/org/javassist/javassist/3.22.0-CR2/javassist-3.22.0-CR2.jar:/home/user/.m2/repository/org/glassfish/hk2/hk2-api/2.5.0/hk2-api-2.5.0.jar:/home/user/.m2/repository/org/glassfish/hk2/external/jakarta.inject/2.5.0/jakarta.inject-2.5.0.jar:/home/user/.m2/repository/org/glassfish/hk2/hk2-utils/2.5.0/hk2-utils-2.5.0.jar:/home/user/.m2/repository/jakarta/annotation/jakarta.annotation-api/1.3.4/jakarta.annotation-api-1.3.4.jar:/home/user/.m2/repository/org/glassfish/hk2/external/aopalliance-repackaged/2.5.0/aopalliance-repackaged-2.5.0.jar:/home/user/.m2/repository/com/fasterxml/jackson/dataformat/jackson-dataformat-xml/2.9.0/jackson-dataformat-xml-2.9.0.jar:/home/user/.m2/repository/com/fasterxml/jackson/module/jackson-module-jaxb-annotations/2.9.5/jackson-module-jaxb-annotations-2.9.5.jar:/home/user/.m2/repository/javax/enterprise/cdi-api/1.2/cdi-api-1.2.jar:/home/user/.m2/repository/javax/el/javax.el-api/3.0.0/javax.el-api-3.0.0.jar:/home/user/.m2/repository/javax/interceptor/javax.interceptor-api/1.2/javax.interceptor-api-1.2.jar:/home/user/.m2/repository/javax/inject/javax.inject/1/javax.inject-1.jar:/tmp/workdir/hadoop-ozone/csi/target/classes:/home/user/.m2/repository/com/google/protobuf/protobuf-java-util/3.5.1/protobuf-java-util-3.5.1.jar:/home/user/.m2/repository/io/grpc/grpc-netty/1.17.1/grpc-netty-1.17.1.jar:/home/user/.m2/repository/io/grpc/grpc-core/1.17.1/grpc-core-1.17.1.jar:/home/user/.m2/repository/io/grpc/grpc-context/1.17.1/grpc-context-1.17.1.jar:/home/user/.m2/repository/com/google/errorprone/error_prone_annotations/2.2.0/error_prone_annotations-2.2.0.jar:/home/user/.m2/repository/org/codehaus/mojo/animal-sniffer-annotations/1.17/animal-sniffer-annotations-1.17.jar:/home/user/.m2/repository/io/opencensus/opencensus-api/0.17.0/opencensus-api-0.17.0.jar:/home/user/.m2/repository/io/opencensus/opencensus-contrib-grpc-metrics/0.17.0/opencensus-contrib-grpc-metrics-0.17.0.jar:/home/user/.m2/repository/io/netty/netty-codec-http2/4.1.30.Final/netty-codec-http2-4.1.30.Final.jar:/home/user/.m2/repository/io/netty/netty-codec-http/4.1.30.Final/netty-codec-http-4.1.30.Final.jar:/home/user/.m2/repository/io/netty/netty-codec/4.1.30.Final/netty-codec-4.1.30.Final.jar:/home/user/.m2/repository/io/netty/netty-handler/4.1.30.Final/netty-handler-4.1.30.Final.jar:/home/user/.m2/repository/io/netty/netty-handler-proxy/4.1.30.Final/netty-handler-proxy-4.1.30.Final.jar:/home/user/.m2/repository/io/netty/netty-codec-socks/4.1.30.Final/netty-codec-socks-4.1.30.Final.jar:/home/user/.m2/repository/io/netty/netty-transport-native-epoll/4.1.30.Final/netty-transport-native-epoll-4.1.30.Final.jar:/home/user/.m2/repository/io/netty/netty-common/4.1.30.Final/netty-common-4.1.30.Final.jar:/home/user/.m2/repository/io/netty/netty-buffer/4.1.30.Final/netty-buffer-4.1.30.Final.jar:/home/user/.m2/repository/io/netty/netty-transport/4.1.30.Final/netty-transport-4.1.30.Final.jar:/home/user/.m2/repository/io/netty/netty-resolver/4.1.30.Final/netty-resolver-4.1.30.Final.jar:/home/user/.m2/repository/io/netty/netty-transport-native-unix-common/4.1.30.Final/netty-transport-native-unix-common-4.1.30.Final.jar:/home/user/.m2/repository/io/grpc/grpc-protobuf/1.17.1/grpc-protobuf-1.17.1.jar:/home/user/.m2/repository/com/google/api/grpc/proto-google-common-protos/1.0.0/proto-google-common-protos-1.0.0.jar:/home/user/.m2/repository/io/grpc/grpc-protobuf-lite/1.17.1/grpc-protobuf-lite-1.17.1.jar:/home/user/.m2/repository/io/grpc/grpc-stub/1.17.1/grpc-stub-1.17.1.jar:/tmp/workdir/hadoop-ozone/ozone-recon/target/classes:/tmp/workdir/hadoop-ozone/ozone-recon-codegen/target/classes:/home/user/.m2/repository/com/google/inject/extensions/guice-multibindings/4.0/guice-multibindings-4.0.jar:/home/user/.m2/repository/com/google/inject/guice/4.0/guice-4.0.jar:/home/user/.m2/repository/aopalliance/aopalliance/1.0/aopalliance-1.0.jar:/home/user/.m2/repository/com/google/inject/extensions/guice-servlet/4.0/guice-servlet-4.0.jar:/home/user/.m2/repository/org/glassfish/jersey/containers/jersey-container-servlet/2.27/jersey-container-servlet-2.27.jar:/home/user/.m2/repository/org/glassfish/hk2/guice-bridge/2.5.0/guice-bridge-2.5.0.jar:/home/user/.m2/repository/org/glassfish/jersey/core/jersey-server/2.27/jersey-server-2.27.jar:/home/user/.m2/repository/org/glassfish/jersey/core/jersey-client/2.27/jersey-client-2.27.jar:/home/user/.m2/repository/org/glassfish/jersey/media/jersey-media-jaxb/2.27/jersey-media-jaxb-2.27.jar:/home/user/.m2/repository/javax/validation/validation-api/1.1.0.Final/validation-api-1.1.0.Final.jar:/home/user/.m2/repository/org/glassfish/jersey/media/jersey-media-json-jackson/2.27/jersey-media-json-jackson-2.27.jar:/home/user/.m2/repository/org/glassfish/jersey/ext/jersey-entity-filtering/2.27/jersey-entity-filtering-2.27.jar:/home/user/.m2/repository/com/google/inject/extensions/guice-assistedinject/4.0/guice-assistedinject-4.0.jar:/home/user/.m2/repository/org/jooq/jooq/3.11.10/jooq-3.11.10.jar:/home/user/.m2/repository/org/jooq/jooq-meta/3.11.10/jooq-meta-3.11.10.jar:/home/user/.m2/repository/org/jooq/jooq-codegen/3.11.10/jooq-codegen-3.11.10.jar:/home/user/.m2/repository/com/jolbox/bonecp/0.8.0.RELEASE/bonecp-0.8.0.RELEASE.jar:/home/user/.m2/repository/org/springframework/spring-jdbc/5.1.3.RELEASE/spring-jdbc-5.1.3.RELEASE.jar:/home/user/.m2/repository/org/springframework/spring-beans/5.1.3.RELEASE/spring-beans-5.1.3.RELEASE.jar:/home/user/.m2/repository/org/springframework/spring-core/5.1.3.RELEASE/spring-core-5.1.3.RELEASE.jar:/home/user/.m2/repository/org/springframework/spring-jcl/5.1.3.RELEASE/spring-jcl-5.1.3.RELEASE.jar:/home/user/.m2/repository/org/springframework/spring-tx/5.1.3.RELEASE/spring-tx-5.1.3.RELEASE.jar:/home/user/.m2/repository/org/mockito/mockito-core/2.15.0/mockito-core-2.15.0.jar:/home/user/.m2/repository/net/bytebuddy/byte-buddy/1.7.9/byte-buddy-1.7.9.jar:/home/user/.m2/repository/net/bytebuddy/byte-buddy-agent/1.7.9/byte-buddy-agent-1.7.9.jar:/home/user/.m2/repository/org/objenesis/objenesis/1.0/objenesis-1.0.jar:"/>
    <property name="java.vm.vendor" value="IcedTea"/>
    <property name="sun.arch.data.model" value="64"/>
    <property name="test.build.dir" value="/tmp/workdir/hadoop-ozone/tools/target/test-dir"/>
    <property name="test.cache.data" value=""/>
    <property name="java.vendor.url" value="https://icedtea.classpath.org"/>
    <property name="user.timezone" value=""/>
    <property name="java.vm.specification.version" value="1.8"/>
    <property name="os.name" value="Linux"/>
    <property name="test.build.data" value="/tmp/workdir/hadoop-ozone/tools/target/test-dir"/>
    <property name="user.country" value="US"/>
    <property name="sun.java.launcher" value="SUN_STANDARD"/>
    <property name="sun.boot.library.path" value="/usr/lib/jvm/java-1.8-openjdk/jre/lib/amd64"/>
    <property name="sun.java.command" value="/tmp/workdir/hadoop-ozone/tools/target/surefire/surefirebooter3952498990858276146.jar /tmp/workdir/hadoop-ozone/tools/target/surefire 2019-07-10T03-27-14_536-jvmRun1 surefire8886812842761698862tmp surefire_1027105323331834761743tmp"/>
    <property name="surefire.test.class.path" value="/tmp/workdir/hadoop-ozone/tools/target/test-classes:/tmp/workdir/hadoop-ozone/tools/target/classes:/tmp/workdir/hadoop-ozone/ozone-manager/target/classes:/tmp/workdir/hadoop-hdds/docs/target/classes:/home/user/.m2/repository/org/bouncycastle/bcprov-jdk15on/1.60/bcprov-jdk15on-1.60.jar:/tmp/workdir/hadoop-ozone/common/target/classes:/home/user/.m2/repository/org/apache/commons/commons-compress/1.4.1/commons-compress-1.4.1.jar:/home/user/.m2/repository/org/tukaani/xz/1.0/xz-1.0.jar:/home/user/.m2/repository/org/apache/hadoop/hadoop-hdfs-client/3.2.0/hadoop-hdfs-client-3.2.0.jar:/home/user/.m2/repository/com/fasterxml/jackson/core/jackson-annotations/2.9.5/jackson-annotations-2.9.5.jar:/tmp/workdir/hadoop-hdds/common/target/classes:/tmp/workdir/hadoop-hdds/config/target/classes:/home/user/.m2/repository/javax/annotation/javax.annotation-api/1.2/javax.annotation-api-1.2.jar:/home/user/.m2/repository/org/apache/ratis/ratis-server/0.4.0-2337318-SNAPSHOT/ratis-server-0.4.0-2337318-SNAPSHOT.jar:/home/user/.m2/repository/org/apache/ratis/ratis-thirdparty-misc/0.2.0/ratis-thirdparty-misc-0.2.0.jar:/home/user/.m2/repository/org/apache/ratis/ratis-proto/0.4.0-2337318-SNAPSHOT/ratis-proto-0.4.0-2337318-SNAPSHOT.jar:/home/user/.m2/repository/org/apache/ratis/ratis-common/0.4.0-2337318-SNAPSHOT/ratis-common-0.4.0-2337318-SNAPSHOT.jar:/home/user/.m2/repository/org/apache/ratis/ratis-client/0.4.0-2337318-SNAPSHOT/ratis-client-0.4.0-2337318-SNAPSHOT.jar:/home/user/.m2/repository/org/apache/ratis/ratis-metrics/0.4.0-2337318-SNAPSHOT/ratis-metrics-0.4.0-2337318-SNAPSHOT.jar:/home/user/.m2/repository/org/apache/ratis/ratis-netty/0.4.0-2337318-SNAPSHOT/ratis-netty-0.4.0-2337318-SNAPSHOT.jar:/home/user/.m2/repository/org/apache/ratis/ratis-grpc/0.4.0-2337318-SNAPSHOT/ratis-grpc-0.4.0-2337318-SNAPSHOT.jar:/home/user/.m2/repository/org/rocksdb/rocksdbjni/6.0.1/rocksdbjni-6.0.1.jar:/home/user/.m2/repository/org/apache/logging/log4j/log4j-api/2.11.0/log4j-api-2.11.0.jar:/home/user/.m2/repository/org/apache/logging/log4j/log4j-core/2.11.0/log4j-core-2.11.0.jar:/home/user/.m2/repository/com/lmax/disruptor/3.4.2/disruptor-3.4.2.jar:/home/user/.m2/repository/org/apache/commons/commons-pool2/2.6.0/commons-pool2-2.6.0.jar:/home/user/.m2/repository/org/bouncycastle/bcpkix-jdk15on/1.60/bcpkix-jdk15on-1.60.jar:/home/user/.m2/repository/commons-validator/commons-validator/1.6/commons-validator-1.6.jar:/home/user/.m2/repository/commons-digester/commons-digester/1.8.1/commons-digester-1.8.1.jar:/home/user/.m2/repository/io/jaegertracing/jaeger-client/0.33.1/jaeger-client-0.33.1.jar:/home/user/.m2/repository/io/jaegertracing/jaeger-thrift/0.33.1/jaeger-thrift-0.33.1.jar:/home/user/.m2/repository/org/apache/thrift/libthrift/0.11.0/libthrift-0.11.0.jar:/home/user/.m2/repository/com/squareup/okhttp3/okhttp/3.9.0/okhttp-3.9.0.jar:/home/user/.m2/repository/com/squareup/okio/okio/1.13.0/okio-1.13.0.jar:/home/user/.m2/repository/io/jaegertracing/jaeger-core/0.33.1/jaeger-core-0.33.1.jar:/home/user/.m2/repository/io/jaegertracing/jaeger-tracerresolver/0.33.1/jaeger-tracerresolver-0.33.1.jar:/home/user/.m2/repository/io/opentracing/contrib/opentracing-tracerresolver/0.1.5/opentracing-tracerresolver-0.1.5.jar:/home/user/.m2/repository/io/opentracing/opentracing-util/0.31.0/opentracing-util-0.31.0.jar:/home/user/.m2/repository/io/opentracing/opentracing-api/0.31.0/opentracing-api-0.31.0.jar:/home/user/.m2/repository/io/opentracing/opentracing-noop/0.31.0/opentracing-noop-0.31.0.jar:/home/user/.m2/repository/org/yaml/snakeyaml/1.16/snakeyaml-1.16.jar:/tmp/workdir/hadoop-hdds/container-service/target/classes:/tmp/workdir/hadoop-hdds/client/target/classes:/tmp/workdir/hadoop-hdds/tools/target/classes:/home/user/.m2/repository/org/xerial/sqlite-jdbc/3.25.2/sqlite-jdbc-3.25.2.jar:/tmp/workdir/hadoop-hdds/server-scm/target/classes:/home/user/.m2/repository/org/hamcrest/hamcrest-all/1.3/hamcrest-all-1.3.jar:/home/user/.m2/repository/info/picocli/picocli/3.9.6/picocli-3.9.6.jar:/home/user/.m2/repository/com/google/protobuf/protobuf-java/2.5.0/protobuf-java-2.5.0.jar:/home/user/.m2/repository/com/google/guava/guava/11.0.2/guava-11.0.2.jar:/tmp/workdir/hadoop-ozone/client/target/classes:/home/user/.m2/repository/org/apache/hadoop/hadoop-ozone-filesystem/0.5.0-SNAPSHOT/hadoop-ozone-filesystem-0.5.0-SNAPSHOT.jar:/tmp/workdir/hadoop-hdds/framework/target/classes:/home/user/.m2/repository/org/apache/hadoop/hadoop-common/3.2.0/hadoop-common-3.2.0.jar:/home/user/.m2/repository/org/apache/hadoop/hadoop-annotations/3.2.0/hadoop-annotations-3.2.0.jar:/usr/lib/jvm/java-1.8-openjdk/jre/../lib/tools.jar:/home/user/.m2/repository/commons-cli/commons-cli/1.2/commons-cli-1.2.jar:/home/user/.m2/repository/org/apache/commons/commons-math3/3.1.1/commons-math3-3.1.1.jar:/home/user/.m2/repository/org/apache/httpcomponents/httpclient/4.5.2/httpclient-4.5.2.jar:/home/user/.m2/repository/org/apache/httpcomponents/httpcore/4.4.4/httpcore-4.4.4.jar:/home/user/.m2/repository/commons-codec/commons-codec/1.11/commons-codec-1.11.jar:/home/user/.m2/repository/commons-io/commons-io/2.5/commons-io-2.5.jar:/home/user/.m2/repository/commons-net/commons-net/3.6/commons-net-3.6.jar:/home/user/.m2/repository/commons-collections/commons-collections/3.2.2/commons-collections-3.2.2.jar:/home/user/.m2/repository/javax/servlet/javax.servlet-api/3.1.0/javax.servlet-api-3.1.0.jar:/home/user/.m2/repository/org/eclipse/jetty/jetty-server/9.3.24.v20180605/jetty-server-9.3.24.v20180605.jar:/home/user/.m2/repository/org/eclipse/jetty/jetty-http/9.3.24.v20180605/jetty-http-9.3.24.v20180605.jar:/home/user/.m2/repository/org/eclipse/jetty/jetty-io/9.3.24.v20180605/jetty-io-9.3.24.v20180605.jar:/home/user/.m2/repository/org/eclipse/jetty/jetty-util/9.3.24.v20180605/jetty-util-9.3.24.v20180605.jar:/home/user/.m2/repository/org/eclipse/jetty/jetty-servlet/9.3.24.v20180605/jetty-servlet-9.3.24.v20180605.jar:/home/user/.m2/repository/org/eclipse/jetty/jetty-security/9.3.24.v20180605/jetty-security-9.3.24.v20180605.jar:/home/user/.m2/repository/org/eclipse/jetty/jetty-webapp/9.3.24.v20180605/jetty-webapp-9.3.24.v20180605.jar:/home/user/.m2/repository/org/eclipse/jetty/jetty-xml/9.3.24.v20180605/jetty-xml-9.3.24.v20180605.jar:/home/user/.m2/repository/javax/servlet/jsp/jsp-api/2.1/jsp-api-2.1.jar:/home/user/.m2/repository/com/sun/jersey/jersey-core/1.19/jersey-core-1.19.jar:/home/user/.m2/repository/javax/ws/rs/jsr311-api/1.1.1/jsr311-api-1.1.1.jar:/home/user/.m2/repository/com/sun/jersey/jersey-servlet/1.19/jersey-servlet-1.19.jar:/home/user/.m2/repository/com/sun/jersey/jersey-json/1.19/jersey-json-1.19.jar:/home/user/.m2/repository/org/codehaus/jettison/jettison/1.1/jettison-1.1.jar:/home/user/.m2/repository/com/sun/xml/bind/jaxb-impl/2.3.0.1/jaxb-impl-2.3.0.1.jar:/home/user/.m2/repository/org/codehaus/jackson/jackson-core-asl/1.9.13/jackson-core-asl-1.9.13.jar:/home/user/.m2/repository/org/codehaus/jackson/jackson-mapper-asl/1.9.13/jackson-mapper-asl-1.9.13.jar:/home/user/.m2/repository/org/codehaus/jackson/jackson-jaxrs/1.9.13/jackson-jaxrs-1.9.13.jar:/home/user/.m2/repository/org/codehaus/jackson/jackson-xc/1.9.13/jackson-xc-1.9.13.jar:/home/user/.m2/repository/com/sun/jersey/jersey-server/1.19/jersey-server-1.19.jar:/home/user/.m2/repository/commons-logging/commons-logging/1.1.3/commons-logging-1.1.3.jar:/home/user/.m2/repository/log4j/log4j/1.2.17/log4j-1.2.17.jar:/home/user/.m2/repository/commons-beanutils/commons-beanutils/1.9.3/commons-beanutils-1.9.3.jar:/home/user/.m2/repository/org/apache/commons/commons-configuration2/2.1.1/commons-configuration2-2.1.1.jar:/home/user/.m2/repository/org/apache/commons/commons-lang3/3.7/commons-lang3-3.7.jar:/home/user/.m2/repository/org/apache/commons/commons-text/1.4/commons-text-1.4.jar:/home/user/.m2/repository/org/slf4j/slf4j-api/1.7.25/slf4j-api-1.7.25.jar:/home/user/.m2/repository/org/slf4j/slf4j-log4j12/1.7.25/slf4j-log4j12-1.7.25.jar:/home/user/.m2/repository/org/apache/avro/avro/1.7.7/avro-1.7.7.jar:/home/user/.m2/repository/com/thoughtworks/paranamer/paranamer/2.3/paranamer-2.3.jar:/home/user/.m2/repository/org/xerial/snappy/snappy-java/1.0.5/snappy-java-1.0.5.jar:/home/user/.m2/repository/com/google/re2j/re2j/1.1/re2j-1.1.jar:/home/user/.m2/repository/com/google/code/gson/gson/2.2.4/gson-2.2.4.jar:/home/user/.m2/repository/org/apache/hadoop/hadoop-auth/3.2.0/hadoop-auth-3.2.0.jar:/home/user/.m2/repository/com/nimbusds/nimbus-jose-jwt/4.41.1/nimbus-jose-jwt-4.41.1.jar:/home/user/.m2/repository/com/github/stephenc/jcip/jcip-annotations/1.0-1/jcip-annotations-1.0-1.jar:/home/user/.m2/repository/net/minidev/json-smart/2.3/json-smart-2.3.jar:/home/user/.m2/repository/net/minidev/accessors-smart/1.2/accessors-smart-1.2.jar:/home/user/.m2/repository/org/apache/curator/curator-framework/2.12.0/curator-framework-2.12.0.jar:/home/user/.m2/repository/com/jcraft/jsch/0.1.54/jsch-0.1.54.jar:/home/user/.m2/repository/org/apache/curator/curator-client/2.12.0/curator-client-2.12.0.jar:/home/user/.m2/repository/org/apache/curator/curator-recipes/2.12.0/curator-recipes-2.12.0.jar:/home/user/.m2/repository/com/google/code/findbugs/jsr305/3.0.0/jsr305-3.0.0.jar:/home/user/.m2/repository/org/apache/htrace/htrace-core4/4.1.0-incubating/htrace-core4-4.1.0-incubating.jar:/home/user/.m2/repository/org/apache/zookeeper/zookeeper/3.4.13/zookeeper-3.4.13.jar:/home/user/.m2/repository/org/apache/yetus/audience-annotations/0.5.0/audience-annotations-0.5.0.jar:/home/user/.m2/repository/org/apache/kerby/kerb-simplekdc/1.0.1/kerb-simplekdc-1.0.1.jar:/home/user/.m2/repository/org/apache/kerby/kerb-client/1.0.1/kerb-client-1.0.1.jar:/home/user/.m2/repository/org/apache/kerby/kerby-config/1.0.1/kerby-config-1.0.1.jar:/home/user/.m2/repository/org/apache/kerby/kerb-core/1.0.1/kerb-core-1.0.1.jar:/home/user/.m2/repository/org/apache/kerby/kerby-pkix/1.0.1/kerby-pkix-1.0.1.jar:/home/user/.m2/repository/org/apache/kerby/kerby-asn1/1.0.1/kerby-asn1-1.0.1.jar:/home/user/.m2/repository/org/apache/kerby/kerby-util/1.0.1/kerby-util-1.0.1.jar:/home/user/.m2/repository/org/apache/kerby/kerb-common/1.0.1/kerb-common-1.0.1.jar:/home/user/.m2/repository/org/apache/kerby/kerb-crypto/1.0.1/kerb-crypto-1.0.1.jar:/home/user/.m2/repository/org/apache/kerby/kerb-util/1.0.1/kerb-util-1.0.1.jar:/home/user/.m2/repository/org/apache/kerby/token-provider/1.0.1/token-provider-1.0.1.jar:/home/user/.m2/repository/org/apache/kerby/kerb-admin/1.0.1/kerb-admin-1.0.1.jar:/home/user/.m2/repository/org/apache/kerby/kerb-server/1.0.1/kerb-server-1.0.1.jar:/home/user/.m2/repository/org/apache/kerby/kerb-identity/1.0.1/kerb-identity-1.0.1.jar:/home/user/.m2/repository/org/apache/kerby/kerby-xdr/1.0.1/kerby-xdr-1.0.1.jar:/home/user/.m2/repository/com/fasterxml/jackson/core/jackson-databind/2.9.5/jackson-databind-2.9.5.jar:/home/user/.m2/repository/com/fasterxml/jackson/core/jackson-core/2.9.5/jackson-core-2.9.5.jar:/home/user/.m2/repository/org/codehaus/woodstox/stax2-api/3.1.4/stax2-api-3.1.4.jar:/home/user/.m2/repository/com/fasterxml/woodstox/woodstox-core/5.0.3/woodstox-core-5.0.3.jar:/home/user/.m2/repository/dnsjava/dnsjava/2.1.7/dnsjava-2.1.7.jar:/home/user/.m2/repository/org/apache/hadoop/hadoop-hdfs/3.2.0/hadoop-hdfs-3.2.0.jar:/home/user/.m2/repository/org/eclipse/jetty/jetty-util-ajax/9.3.24.v20180605/jetty-util-ajax-9.3.24.v20180605.jar:/home/user/.m2/repository/commons-daemon/commons-daemon/1.0.13/commons-daemon-1.0.13.jar:/home/user/.m2/repository/io/netty/netty/3.10.5.Final/netty-3.10.5.Final.jar:/home/user/.m2/repository/io/netty/netty-all/4.0.52.Final/netty-all-4.0.52.Final.jar:/home/user/.m2/repository/org/fusesource/leveldbjni/leveldbjni-all/1.8/leveldbjni-all-1.8.jar:/home/user/.m2/repository/com/sun/xml/bind/jaxb-core/2.3.0.1/jaxb-core-2.3.0.1.jar:/home/user/.m2/repository/javax/xml/bind/jaxb-api/2.3.0/jaxb-api-2.3.0.jar:/home/user/.m2/repository/javax/activation/activation/1.1.1/activation-1.1.1.jar:/home/user/.m2/repository/io/dropwizard/metrics/metrics-core/3.2.4/metrics-core-3.2.4.jar:/home/user/.m2/repository/org/openjdk/jmh/jmh-core/1.19/jmh-core-1.19.jar:/home/user/.m2/repository/net/sf/jopt-simple/jopt-simple/4.6/jopt-simple-4.6.jar:/home/user/.m2/repository/org/openjdk/jmh/jmh-generator-annprocess/1.19/jmh-generator-annprocess-1.19.jar:/home/user/.m2/repository/com/google/code/findbugs/findbugs/3.0.1/findbugs-3.0.1.jar:/home/user/.m2/repository/net/jcip/jcip-annotations/1.0/jcip-annotations-1.0.jar:/home/user/.m2/repository/com/google/code/findbugs/bcel-findbugs/6.0/bcel-findbugs-6.0.jar:/home/user/.m2/repository/com/google/code/findbugs/jFormatString/2.0.1/jFormatString-2.0.1.jar:/home/user/.m2/repository/dom4j/dom4j/1.6.1/dom4j-1.6.1.jar:/home/user/.m2/repository/xml-apis/xml-apis/1.0.b2/xml-apis-1.0.b2.jar:/home/user/.m2/repository/org/ow2/asm/asm-debug-all/5.0.2/asm-debug-all-5.0.2.jar:/home/user/.m2/repository/org/ow2/asm/asm-commons/5.0.2/asm-commons-5.0.2.jar:/home/user/.m2/repository/org/ow2/asm/asm-tree/5.0.2/asm-tree-5.0.2.jar:/home/user/.m2/repository/org/ow2/asm/asm/5.0.4/asm-5.0.4.jar:/home/user/.m2/repository/commons-lang/commons-lang/2.6/commons-lang-2.6.jar:/home/user/.m2/repository/com/apple/AppleJavaExtensions/1.4/AppleJavaExtensions-1.4.jar:/home/user/.m2/repository/jaxen/jaxen/1.1.6/jaxen-1.1.6.jar:/home/user/.m2/repository/junit/junit/4.11/junit-4.11.jar:/home/user/.m2/repository/org/hamcrest/hamcrest-core/1.3/hamcrest-core-1.3.jar:/home/user/.m2/repository/org/apache/hadoop/hadoop-common/3.2.0/hadoop-common-3.2.0-tests.jar:/home/user/.m2/repository/org/apache/hadoop/hadoop-ozone-integration-test/0.5.0-SNAPSHOT/hadoop-ozone-integration-test-0.5.0-SNAPSHOT-tests.jar:/tmp/workdir/hadoop-ozone/objectstore-service/target/classes:/tmp/workdir/hadoop-ozone/s3gateway/target/classes:/home/user/.m2/repository/org/jboss/weld/servlet/weld-servlet/2.4.7.Final/weld-servlet-2.4.7.Final.jar:/home/user/.m2/repository/org/glassfish/jersey/containers/jersey-container-servlet-core/2.27/jersey-container-servlet-core-2.27.jar:/home/user/.m2/repository/org/glassfish/hk2/external/javax.inject/2.5.0-b42/javax.inject-2.5.0-b42.jar:/home/user/.m2/repository/org/glassfish/jersey/core/jersey-common/2.27/jersey-common-2.27.jar:/home/user/.m2/repository/org/glassfish/hk2/osgi-resource-locator/1.0.1/osgi-resource-locator-1.0.1.jar:/home/user/.m2/repository/javax/ws/rs/javax.ws.rs-api/2.1/javax.ws.rs-api-2.1.jar:/home/user/.m2/repository/org/glassfish/jersey/ext/cdi/jersey-cdi1x/2.27/jersey-cdi1x-2.27.jar:/home/user/.m2/repository/org/glassfish/jersey/inject/jersey-hk2/2.27/jersey-hk2-2.27.jar:/home/user/.m2/repository/org/glassfish/hk2/hk2-locator/2.5.0-b42/hk2-locator-2.5.0-b42.jar:/home/user/.m2/repository/org/javassist/javassist/3.22.0-CR2/javassist-3.22.0-CR2.jar:/home/user/.m2/repository/org/glassfish/hk2/hk2-api/2.5.0/hk2-api-2.5.0.jar:/home/user/.m2/repository/org/glassfish/hk2/external/jakarta.inject/2.5.0/jakarta.inject-2.5.0.jar:/home/user/.m2/repository/org/glassfish/hk2/hk2-utils/2.5.0/hk2-utils-2.5.0.jar:/home/user/.m2/repository/jakarta/annotation/jakarta.annotation-api/1.3.4/jakarta.annotation-api-1.3.4.jar:/home/user/.m2/repository/org/glassfish/hk2/external/aopalliance-repackaged/2.5.0/aopalliance-repackaged-2.5.0.jar:/home/user/.m2/repository/com/fasterxml/jackson/dataformat/jackson-dataformat-xml/2.9.0/jackson-dataformat-xml-2.9.0.jar:/home/user/.m2/repository/com/fasterxml/jackson/module/jackson-module-jaxb-annotations/2.9.5/jackson-module-jaxb-annotations-2.9.5.jar:/home/user/.m2/repository/javax/enterprise/cdi-api/1.2/cdi-api-1.2.jar:/home/user/.m2/repository/javax/el/javax.el-api/3.0.0/javax.el-api-3.0.0.jar:/home/user/.m2/repository/javax/interceptor/javax.interceptor-api/1.2/javax.interceptor-api-1.2.jar:/home/user/.m2/repository/javax/inject/javax.inject/1/javax.inject-1.jar:/tmp/workdir/hadoop-ozone/csi/target/classes:/home/user/.m2/repository/com/google/protobuf/protobuf-java-util/3.5.1/protobuf-java-util-3.5.1.jar:/home/user/.m2/repository/io/grpc/grpc-netty/1.17.1/grpc-netty-1.17.1.jar:/home/user/.m2/repository/io/grpc/grpc-core/1.17.1/grpc-core-1.17.1.jar:/home/user/.m2/repository/io/grpc/grpc-context/1.17.1/grpc-context-1.17.1.jar:/home/user/.m2/repository/com/google/errorprone/error_prone_annotations/2.2.0/error_prone_annotations-2.2.0.jar:/home/user/.m2/repository/org/codehaus/mojo/animal-sniffer-annotations/1.17/animal-sniffer-annotations-1.17.jar:/home/user/.m2/repository/io/opencensus/opencensus-api/0.17.0/opencensus-api-0.17.0.jar:/home/user/.m2/repository/io/opencensus/opencensus-contrib-grpc-metrics/0.17.0/opencensus-contrib-grpc-metrics-0.17.0.jar:/home/user/.m2/repository/io/netty/netty-codec-http2/4.1.30.Final/netty-codec-http2-4.1.30.Final.jar:/home/user/.m2/repository/io/netty/netty-codec-http/4.1.30.Final/netty-codec-http-4.1.30.Final.jar:/home/user/.m2/repository/io/netty/netty-codec/4.1.30.Final/netty-codec-4.1.30.Final.jar:/home/user/.m2/repository/io/netty/netty-handler/4.1.30.Final/netty-handler-4.1.30.Final.jar:/home/user/.m2/repository/io/netty/netty-handler-proxy/4.1.30.Final/netty-handler-proxy-4.1.30.Final.jar:/home/user/.m2/repository/io/netty/netty-codec-socks/4.1.30.Final/netty-codec-socks-4.1.30.Final.jar:/home/user/.m2/repository/io/netty/netty-transport-native-epoll/4.1.30.Final/netty-transport-native-epoll-4.1.30.Final.jar:/home/user/.m2/repository/io/netty/netty-common/4.1.30.Final/netty-common-4.1.30.Final.jar:/home/user/.m2/repository/io/netty/netty-buffer/4.1.30.Final/netty-buffer-4.1.30.Final.jar:/home/user/.m2/repository/io/netty/netty-transport/4.1.30.Final/netty-transport-4.1.30.Final.jar:/home/user/.m2/repository/io/netty/netty-resolver/4.1.30.Final/netty-resolver-4.1.30.Final.jar:/home/user/.m2/repository/io/netty/netty-transport-native-unix-common/4.1.30.Final/netty-transport-native-unix-common-4.1.30.Final.jar:/home/user/.m2/repository/io/grpc/grpc-protobuf/1.17.1/grpc-protobuf-1.17.1.jar:/home/user/.m2/repository/com/google/api/grpc/proto-google-common-protos/1.0.0/proto-google-common-protos-1.0.0.jar:/home/user/.m2/repository/io/grpc/grpc-protobuf-lite/1.17.1/grpc-protobuf-lite-1.17.1.jar:/home/user/.m2/repository/io/grpc/grpc-stub/1.17.1/grpc-stub-1.17.1.jar:/tmp/workdir/hadoop-ozone/ozone-recon/target/classes:/tmp/workdir/hadoop-ozone/ozone-recon-codegen/target/classes:/home/user/.m2/repository/com/google/inject/extensions/guice-multibindings/4.0/guice-multibindings-4.0.jar:/home/user/.m2/repository/com/google/inject/guice/4.0/guice-4.0.jar:/home/user/.m2/repository/aopalliance/aopalliance/1.0/aopalliance-1.0.jar:/home/user/.m2/repository/com/google/inject/extensions/guice-servlet/4.0/guice-servlet-4.0.jar:/home/user/.m2/repository/org/glassfish/jersey/containers/jersey-container-servlet/2.27/jersey-container-servlet-2.27.jar:/home/user/.m2/repository/org/glassfish/hk2/guice-bridge/2.5.0/guice-bridge-2.5.0.jar:/home/user/.m2/repository/org/glassfish/jersey/core/jersey-server/2.27/jersey-server-2.27.jar:/home/user/.m2/repository/org/glassfish/jersey/core/jersey-client/2.27/jersey-client-2.27.jar:/home/user/.m2/repository/org/glassfish/jersey/media/jersey-media-jaxb/2.27/jersey-media-jaxb-2.27.jar:/home/user/.m2/repository/javax/validation/validation-api/1.1.0.Final/validation-api-1.1.0.Final.jar:/home/user/.m2/repository/org/glassfish/jersey/media/jersey-media-json-jackson/2.27/jersey-media-json-jackson-2.27.jar:/home/user/.m2/repository/org/glassfish/jersey/ext/jersey-entity-filtering/2.27/jersey-entity-filtering-2.27.jar:/home/user/.m2/repository/com/google/inject/extensions/guice-assistedinject/4.0/guice-assistedinject-4.0.jar:/home/user/.m2/repository/org/jooq/jooq/3.11.10/jooq-3.11.10.jar:/home/user/.m2/repository/org/jooq/jooq-meta/3.11.10/jooq-meta-3.11.10.jar:/home/user/.m2/repository/org/jooq/jooq-codegen/3.11.10/jooq-codegen-3.11.10.jar:/home/user/.m2/repository/com/jolbox/bonecp/0.8.0.RELEASE/bonecp-0.8.0.RELEASE.jar:/home/user/.m2/repository/org/springframework/spring-jdbc/5.1.3.RELEASE/spring-jdbc-5.1.3.RELEASE.jar:/home/user/.m2/repository/org/springframework/spring-beans/5.1.3.RELEASE/spring-beans-5.1.3.RELEASE.jar:/home/user/.m2/repository/org/springframework/spring-core/5.1.3.RELEASE/spring-core-5.1.3.RELEASE.jar:/home/user/.m2/repository/org/springframework/spring-jcl/5.1.3.RELEASE/spring-jcl-5.1.3.RELEASE.jar:/home/user/.m2/repository/org/springframework/spring-tx/5.1.3.RELEASE/spring-tx-5.1.3.RELEASE.jar:/home/user/.m2/repository/org/mockito/mockito-core/2.15.0/mockito-core-2.15.0.jar:/home/user/.m2/repository/net/bytebuddy/byte-buddy/1.7.9/byte-buddy-1.7.9.jar:/home/user/.m2/repository/net/bytebuddy/byte-buddy-agent/1.7.9/byte-buddy-agent-1.7.9.jar:/home/user/.m2/repository/org/objenesis/objenesis/1.0/objenesis-1.0.jar:"/>
    <property name="sun.cpu.endian" value="little"/>
    <property name="user.home" value="/home/user"/>
    <property name="user.language" value="en"/>
    <property name="java.specification.vendor" value="Oracle Corporation"/>
    <property name="java.home" value="/usr/lib/jvm/java-1.8-openjdk/jre"/>
    <property name="java.security.krb5.conf" value="/tmp/workdir/hadoop-ozone/tools/target/test-classes/krb5.conf"/>
    <property name="basedir" value="/tmp/workdir/hadoop-ozone/tools"/>
    <property name="file.separator" value="/"/>
    <property name="line.separator" value="&#10;"/>
    <property name="java.vm.specification.vendor" value="Oracle Corporation"/>
    <property name="java.specification.name" value="Java Platform API Specification"/>
    <property name="java.awt.graphicsenv" value="sun.awt.X11GraphicsEnvironment"/>
    <property name="surefire.real.class.path" value="/tmp/workdir/hadoop-ozone/tools/target/surefire/surefirebooter3952498990858276146.jar"/>
    <property name="hadoop.log.dir" value="/tmp/workdir/hadoop-ozone/tools/target/log"/>
    <property name="sun.boot.class.path" value="/usr/lib/jvm/java-1.8-openjdk/jre/lib/resources.jar:/usr/lib/jvm/java-1.8-openjdk/jre/lib/rt.jar:/usr/lib/jvm/java-1.8-openjdk/jre/lib/sunrsasign.jar:/usr/lib/jvm/java-1.8-openjdk/jre/lib/jsse.jar:/usr/lib/jvm/java-1.8-openjdk/jre/lib/jce.jar:/usr/lib/jvm/java-1.8-openjdk/jre/lib/charsets.jar:/usr/lib/jvm/java-1.8-openjdk/jre/lib/jfr.jar:/usr/lib/jvm/java-1.8-openjdk/jre/classes"/>
    <property name="sun.management.compiler" value="HotSpot 64-Bit Tiered Compilers"/>
    <property name="java.runtime.version" value="1.8.0_212-b04"/>
    <property name="java.net.preferIPv4Stack" value="true"/>
    <property name="user.name" value="jenkins1000"/>
    <property name="path.separator" value=":"/>
    <property name="java.security.egd" value="file:///dev/urandom"/>
    <property name="os.version" value="3.10.0-957.12.2.el7.x86_64"/>
    <property name="java.endorsed.dirs" value="/usr/lib/jvm/java-1.8-openjdk/jre/lib/endorsed"/>
    <property name="java.runtime.name" value="OpenJDK Runtime Environment"/>
    <property name="file.encoding" value="UTF-8"/>
    <property name="java.vm.name" value="OpenJDK 64-Bit Server VM"/>
    <property name="test.build.webapps" value=""/>
    <property name="localRepository" value="/home/user/.m2/repository"/>
    <property name="java.vendor.url.bug" value="https://icedtea.classpath.org/bugzilla"/>
    <property name="java.io.tmpdir" value="/tmp"/>
    <property name="require.test.libhadoop" value=""/>
    <property name="java.version" value="1.8.0_212"/>
    <property name="user.dir" value="/tmp/workdir/hadoop-ozone/tools"/>
    <property name="os.arch" value="amd64"/>
    <property name="java.vm.specification.name" value="Java Virtual Machine Specification"/>
    <property name="test.build.classes" value="/tmp/workdir/hadoop-ozone/tools/target/test-classes"/>
    <property name="java.awt.printerjob" value="sun.print.PSPrinterJob"/>
    <property name="sun.os.patch.level" value="unknown"/>
    <property name="hadoop.tmp.dir" value="/tmp/workdir/hadoop-ozone/tools/target/tmp"/>
    <property name="java.library.path" value="/usr/lib/jvm/java-1.8-openjdk/jre/lib/amd64/server:/usr/lib/jvm/java-1.8-openjdk/jre/lib/amd64:/usr/lib/jvm/java-1.8-openjdk/jre/../lib/amd64:/tmp/workdir/hadoop-ozone/tools/target/native/target/usr/local/lib:/tmp/workdir/hadoop-ozone/tools/../../hadoop-common-project/hadoop-common/target/native/target/usr/local/lib:/usr/java/packages/lib/amd64:/usr/lib64:/lib64:/lib:/usr/lib"/>
    <property name="java.vm.info" value="mixed mode"/>
    <property name="java.vendor" value="IcedTea"/>
    <property name="java.vm.version" value="25.212-b04"/>
    <property name="java.ext.dirs" value="/usr/lib/jvm/java-1.8-openjdk/jre/lib/ext:/usr/java/packages/lib/ext"/>
    <property name="sun.io.unicode.encoding" value="UnicodeLittle"/>
    <property name="java.class.version" value="52.0"/>
  </properties>
  <testcase name="ratisTest3" classname="org.apache.hadoop.ozone.freon.TestRandomKeyGenerator" time="10.357"/>
  <testcase name="testThreadPoolSize" classname="org.apache.hadoop.ozone.freon.TestRandomKeyGenerator" time="5.03"/>
  <testcase name="defaultTest" classname="org.apache.hadoop.ozone.freon.TestRandomKeyGenerator" time="5.024"/>
  <testcase name="bigFileThan2GB" classname="org.apache.hadoop.ozone.freon.TestRandomKeyGenerator" time="67.159">
    <error message="Allocated 0 blocks. Requested 1 blocks" type="INTERNAL_ERROR org.apache.hadoop.ozone.om.exceptions.OMException">INTERNAL_ERROR org.apache.hadoop.ozone.om.exceptions.OMException: Allocated 0 blocks. Requested 1 blocks
	at org.apache.hadoop.ozone.om.protocolPB.OzoneManagerProtocolClientSideTranslatorPB.handleError(OzoneManagerProtocolClientSideTranslatorPB.java:720)
	at org.apache.hadoop.ozone.om.protocolPB.OzoneManagerProtocolClientSideTranslatorPB.allocateBlock(OzoneManagerProtocolClientSideTranslatorPB.java:752)
	at org.apache.hadoop.ozone.client.io.BlockOutputStreamEntryPool.allocateNewBlock(BlockOutputStreamEntryPool.java:248)
	at org.apache.hadoop.ozone.client.io.BlockOutputStreamEntryPool.allocateBlockIfNeeded(BlockOutputStreamEntryPool.java:296)
	at org.apache.hadoop.ozone.client.io.KeyOutputStream.handleWrite(KeyOutputStream.java:201)
	at org.apache.hadoop.ozone.client.io.KeyOutputStream.write(KeyOutputStream.java:193)
	at org.apache.hadoop.ozone.client.io.OzoneOutputStream.write(OzoneOutputStream.java:49)
	at org.apache.hadoop.ozone.freon.RandomKeyGenerator$KeyProcessor.run(RandomKeyGenerator.java:693)
	at java.util.concurrent.Executors$RunnableAdapter.call(Executors.java:511)
	at java.util.concurrent.FutureTask.run(FutureTask.java:266)
	at java.util.concurrent.ThreadPoolExecutor.runWorker(ThreadPoolExecutor.java:1149)
	at java.util.concurrent.ThreadPoolExecutor$Worker.run(ThreadPoolExecutor.java:624)
	at java.lang.Thread.run(Thread.java:748)
</error>
    <system-out><![CDATA[2019-07-10 03:37:11,346 WARN  client.GrpcClientProtocolService (LogUtils.java:warn(134)) - 8-UnorderedRequestStreamObserver8: onError: org.apache.ratis.thirdparty.io.grpc.StatusRuntimeException: CANCELLED: cancelled before receiving half close
2019-07-10 03:37:17,555 INFO  freon.RandomKeyGenerator (RandomKeyGenerator.java:call(262)) - Number of Threads: 1
2019-07-10 03:37:17,555 INFO  freon.RandomKeyGenerator (RandomKeyGenerator.java:call(267)) - Number of Volumes: 1.
2019-07-10 03:37:17,556 INFO  freon.RandomKeyGenerator (RandomKeyGenerator.java:call(268)) - Number of Buckets per Volume: 1.
2019-07-10 03:37:17,556 INFO  freon.RandomKeyGenerator (RandomKeyGenerator.java:call(269)) - Number of Keys per Bucket: 1.
2019-07-10 03:37:17,556 INFO  freon.RandomKeyGenerator (RandomKeyGenerator.java:call(270)) - Key size: 2147483657 bytes
2019-07-10 03:37:17,556 INFO  freon.RandomKeyGenerator (RandomKeyGenerator.java:call(271)) - Buffer size: 4096 bytes
2019-07-10 03:37:17,557 INFO  rpc.RpcClient (RpcClient.java:createVolume(289)) - Creating Volume: vol-0-01560, with jenkins1000 as owner.
2019-07-10 03:37:17,557 INFO  freon.RandomKeyGenerator (RandomKeyGenerator.java:call(286)) - Data validation is enabled.
2019-07-10 03:37:17,557 INFO  freon.RandomKeyGenerator (RandomKeyGenerator.java:call(299)) - Starting progress bar Thread.

 0.00% |█                                                                                                    |  0/1 Time: 0:00:002019-07-10 03:37:17,567 INFO  rpc.RpcClient (RpcClient.java:createBucket(426)) - Creating Bucket: vol-0-01560/bucket-0-02411, with Versioning false and Storage Type set to DISK and Encryption set to false 
2019-07-10 03:37:17,668 INFO  client.GrpcClientProtocolClient (GrpcClientProtocolClient.java:onNext(255)) - client-8BD909272E8D->bd7b7fea-2a7b-4c3f-852f-c014e42bfcb7: receive RaftClientReply:client-8BD909272E8D->bd7b7fea-2a7b-4c3f-852f-c014e42bfcb7@group-EE6C16B6C358, cid=600, FAILED org.apache.ratis.protocol.NotLeaderException: Server bd7b7fea-2a7b-4c3f-852f-c014e42bfcb7 is not the leader (63cacea9-0392-4939-ad39-80c4c73dd84b:192.168.69.112:35254). Request must be sent to leader., logIndex=0, commits[bd7b7fea-2a7b-4c3f-852f-c014e42bfcb7:c721, 3b4aa678-22a6-4ae2-9c6a-0e71cdb9d6d0:c721, 63cacea9-0392-4939-ad39-80c4c73dd84b:c721]
2019-07-10 03:37:17,717 INFO  client.GrpcClientProtocolClient (GrpcClientProtocolClient.java:onNext(255)) - client-8BD909272E8D->63cacea9-0392-4939-ad39-80c4c73dd84b: receive RaftClientReply:client-8BD909272E8D->63cacea9-0392-4939-ad39-80c4c73dd84b@group-EE6C16B6C358, cid=600, SUCCESS, logIndex=722, commits[63cacea9-0392-4939-ad39-80c4c73dd84b:c722, bd7b7fea-2a7b-4c3f-852f-c014e42bfcb7:c721, 3b4aa678-22a6-4ae2-9c6a-0e71cdb9d6d0:c721]
2019-07-10 03:37:17,729 INFO  client.GrpcClientProtocolClient (GrpcClientProtocolClient.java:onNext(255)) - client-8BD909272E8D->63cacea9-0392-4939-ad39-80c4c73dd84b: receive RaftClientReply:client-8BD909272E8D->63cacea9-0392-4939-ad39-80c4c73dd84b@group-EE6C16B6C358, cid=601, SUCCESS, logIndex=724, commits[63cacea9-0392-4939-ad39-80c4c73dd84b:c724, bd7b7fea-2a7b-4c3f-852f-c014e42bfcb7:c722, 3b4aa678-22a6-4ae2-9c6a-0e71cdb9d6d0:c722]
2019-07-10 03:37:17,757 INFO  client.GrpcClientProtocolClient (GrpcClientProtocolClient.java:onNext(255)) - client-8BD909272E8D->63cacea9-0392-4939-ad39-80c4c73dd84b: receive RaftClientReply:client-8BD909272E8D->63cacea9-0392-4939-ad39-80c4c73dd84b@group-EE6C16B6C358, cid=602, SUCCESS, logIndex=726, commits[63cacea9-0392-4939-ad39-80c4c73dd84b:c727, bd7b7fea-2a7b-4c3f-852f-c014e42bfcb7:c722, 3b4aa678-22a6-4ae2-9c6a-0e71cdb9d6d0:c724]
2019-07-10 03:37:17,758 INFO  client.GrpcClientProtocolClient (GrpcClientProtocolClient.java:onNext(255)) - client-8BD909272E8D->63cacea9-0392-4939-ad39-80c4c73dd84b: receive RaftClientReply:client-8BD909272E8D->63cacea9-0392-4939-ad39-80c4c73dd84b@group-EE6C16B6C358, cid=603, SUCCESS, logIndex=727, commits[63cacea9-0392-4939-ad39-80c4c73dd84b:c727, bd7b7fea-2a7b-4c3f-852f-c014e42bfcb7:c724, 3b4aa678-22a6-4ae2-9c6a-0e71cdb9d6d0:c724]
2019-07-10 03:37:17,784 INFO  client.GrpcClientProtocolClient (GrpcClientProtocolClient.java:onNext(255)) - client-8BD909272E8D->63cacea9-0392-4939-ad39-80c4c73dd84b: receive RaftClientReply:client-8BD909272E8D->63cacea9-0392-4939-ad39-80c4c73dd84b@group-EE6C16B6C358, cid=604, SUCCESS, logIndex=730, commits[63cacea9-0392-4939-ad39-80c4c73dd84b:c731, bd7b7fea-2a7b-4c3f-852f-c014e42bfcb7:c729, 3b4aa678-22a6-4ae2-9c6a-0e71cdb9d6d0:c729]
2019-07-10 03:37:17,785 INFO  client.GrpcClientProtocolClient (GrpcClientProtocolClient.java:onNext(255)) - client-8BD909272E8D->63cacea9-0392-4939-ad39-80c4c73dd84b: receive RaftClientReply:client-8BD909272E8D->63cacea9-0392-4939-ad39-80c4c73dd84b@group-EE6C16B6C358, cid=605, SUCCESS, logIndex=731, commits[63cacea9-0392-4939-ad39-80c4c73dd84b:c731, bd7b7fea-2a7b-4c3f-852f-c014e42bfcb7:c729, 3b4aa678-22a6-4ae2-9c6a-0e71cdb9d6d0:c729]
2019-07-10 03:37:18,049 INFO  client.GrpcClientProtocolClient (GrpcClientProtocolClient.java:onNext(255)) - client-8BD909272E8D->63cacea9-0392-4939-ad39-80c4c73dd84b: receive RaftClientReply:client-8BD909272E8D->63cacea9-0392-4939-ad39-80c4c73dd84b@group-EE6C16B6C358, cid=606, SUCCESS, logIndex=734, commits[63cacea9-0392-4939-ad39-80c4c73dd84b:c735, bd7b7fea-2a7b-4c3f-852f-c014e42bfcb7:c732, 3b4aa678-22a6-4ae2-9c6a-0e71cdb9d6d0:c732]
2019-07-10 03:37:18,049 INFO  client.GrpcClientProtocolClient (GrpcClientProtocolClient.java:onNext(255)) - client-8BD909272E8D->63cacea9-0392-4939-ad39-80c4c73dd84b: receive RaftClientReply:client-8BD909272E8D->63cacea9-0392-4939-ad39-80c4c73dd84b@group-EE6C16B6C358, cid=607, SUCCESS, logIndex=735, commits[63cacea9-0392-4939-ad39-80c4c73dd84b:c735, bd7b7fea-2a7b-4c3f-852f-c014e42bfcb7:c732, 3b4aa678-22a6-4ae2-9c6a-0e71cdb9d6d0:c732]
2019-07-10 03:37:18,064 INFO  client.GrpcClientProtocolClient (GrpcClientProtocolClient.java:onNext(255)) - client-8BD909272E8D->63cacea9-0392-4939-ad39-80c4c73dd84b: receive RaftClientReply:client-8BD909272E8D->63cacea9-0392-4939-ad39-80c4c73dd84b@group-EE6C16B6C358, cid=608, SUCCESS, logIndex=0, commits[63cacea9-0392-4939-ad39-80c4c73dd84b:c736, bd7b7fea-2a7b-4c3f-852f-c014e42bfcb7:c735, 3b4aa678-22a6-4ae2-9c6a-0e71cdb9d6d0:c735]
2019-07-10 03:37:18,089 INFO  client.GrpcClientProtocolClient (GrpcClientProtocolClient.java:onNext(255)) - client-8BD909272E8D->63cacea9-0392-4939-ad39-80c4c73dd84b: receive RaftClientReply:client-8BD909272E8D->63cacea9-0392-4939-ad39-80c4c73dd84b@group-EE6C16B6C358, cid=609, SUCCESS, logIndex=738, commits[63cacea9-0392-4939-ad39-80c4c73dd84b:c739, bd7b7fea-2a7b-4c3f-852f-c014e42bfcb7:c737, 3b4aa678-22a6-4ae2-9c6a-0e71cdb9d6d0:c737]
2019-07-10 03:37:18,090 INFO  client.GrpcClientProtocolClient (GrpcClientProtocolClient.java:onNext(255)) - client-8BD909272E8D->63cacea9-0392-4939-ad39-80c4c73dd84b: receive RaftClientReply:client-8BD909272E8D->63cacea9-0392-4939-ad39-80c4c73dd84b@group-EE6C16B6C358, cid=610, SUCCESS, logIndex=739, commits[63cacea9-0392-4939-ad39-80c4c73dd84b:c741, bd7b7fea-2a7b-4c3f-852f-c014e42bfcb7:c737, 3b4aa678-22a6-4ae2-9c6a-0e71cdb9d6d0:c737]
2019-07-10 03:37:18,090 INFO  client.GrpcClientProtocolClient (GrpcClientProtocolClient.java:onNext(255)) - client-8BD909272E8D->63cacea9-0392-4939-ad39-80c4c73dd84b: receive RaftClientReply:client-8BD909272E8D->63cacea9-0392-4939-ad39-80c4c73dd84b@group-EE6C16B6C358, cid=611, SUCCESS, logIndex=740, commits[63cacea9-0392-4939-ad39-80c4c73dd84b:c741, bd7b7fea-2a7b-4c3f-852f-c014e42bfcb7:c737, 3b4aa678-22a6-4ae2-9c6a-0e71cdb9d6d0:c737]
2019-07-10 03:37:18,091 INFO  client.GrpcClientProtocolClient (GrpcClientProtocolClient.java:onNext(255)) - client-8BD909272E8D->63cacea9-0392-4939-ad39-80c4c73dd84b: receive RaftClientReply:client-8BD909272E8D->63cacea9-0392-4939-ad39-80c4c73dd84b@group-EE6C16B6C358, cid=612, SUCCESS, logIndex=741, commits[63cacea9-0392-4939-ad39-80c4c73dd84b:c742, bd7b7fea-2a7b-4c3f-852f-c014e42bfcb7:c739, 3b4aa678-22a6-4ae2-9c6a-0e71cdb9d6d0:c739]
2019-07-10 03:37:18,115 INFO  client.GrpcClientProtocolClient (GrpcClientProtocolClient.java:onNext(255)) - client-8BD909272E8D->63cacea9-0392-4939-ad39-80c4c73dd84b: receive RaftClientReply:client-8BD909272E8D->63cacea9-0392-4939-ad39-80c4c73dd84b@group-EE6C16B6C358, cid=613, SUCCESS, logIndex=746, commits[63cacea9-0392-4939-ad39-80c4c73dd84b:c747, bd7b7fea-2a7b-4c3f-852f-c014e42bfcb7:c745, 3b4aa678-22a6-4ae2-9c6a-0e71cdb9d6d0:c745]
2019-07-10 03:37:18,115 INFO  client.GrpcClientProtocolClient (GrpcClientProtocolClient.java:onNext(255)) - client-8BD909272E8D->63cacea9-0392-4939-ad39-80c4c73dd84b: receive RaftClientReply:client-8BD909272E8D->63cacea9-0392-4939-ad39-80c4c73dd84b@group-EE6C16B6C358, cid=614, SUCCESS, logIndex=747, commits[63cacea9-0392-4939-ad39-80c4c73dd84b:c747, bd7b7fea-2a7b-4c3f-852f-c014e42bfcb7:c745, 3b4aa678-22a6-4ae2-9c6a-0e71cdb9d6d0:c745]
2019-07-10 03:37:18,142 INFO  client.GrpcClientProtocolClient (GrpcClientProtocolClient.java:onNext(255)) - client-8BD909272E8D->63cacea9-0392-4939-ad39-80c4c73dd84b: receive RaftClientReply:client-8BD909272E8D->63cacea9-0392-4939-ad39-80c4c73dd84b@group-EE6C16B6C358, cid=615, SUCCESS, logIndex=750, commits[63cacea9-0392-4939-ad39-80c4c73dd84b:c751, bd7b7fea-2a7b-4c3f-852f-c014e42bfcb7:c747, 3b4aa678-22a6-4ae2-9c6a-0e71cdb9d6d0:c747]
2019-07-10 03:37:18,143 INFO  client.GrpcClientProtocolClient (GrpcClientProtocolClient.java:onNext(255)) - client-8BD909272E8D->63cacea9-0392-4939-ad39-80c4c73dd84b: receive RaftClientReply:client-8BD909272E8D->63cacea9-0392-4939-ad39-80c4c73dd84b@group-EE6C16B6C358, cid=616, SUCCESS, logIndex=751, commits[63cacea9-0392-4939-ad39-80c4c73dd84b:c751, bd7b7fea-2a7b-4c3f-852f-c014e42bfcb7:c747, 3b4aa678-22a6-4ae2-9c6a-0e71cdb9d6d0:c747]
2019-07-10 03:37:18,154 INFO  client.GrpcClientProtocolClient (GrpcClientProtocolClient.java:onNext(255)) - client-8BD909272E8D->63cacea9-0392-4939-ad39-80c4c73dd84b: receive RaftClientReply:client-8BD909272E8D->63cacea9-0392-4939-ad39-80c4c73dd84b@group-EE6C16B6C358, cid=617, SUCCESS, logIndex=0, commits[63cacea9-0392-4939-ad39-80c4c73dd84b:c752, bd7b7fea-2a7b-4c3f-852f-c014e42bfcb7:c751, 3b4aa678-22a6-4ae2-9c6a-0e71cdb9d6d0:c751]
2019-07-10 03:37:18,178 INFO  client.GrpcClientProtocolClient (GrpcClientProtocolClient.java:onNext(255)) - client-8BD909272E8D->63cacea9-0392-4939-ad39-80c4c73dd84b: receive RaftClientReply:client-8BD909272E8D->63cacea9-0392-4939-ad39-80c4c73dd84b@group-EE6C16B6C358, cid=618, SUCCESS, logIndex=754, commits[63cacea9-0392-4939-ad39-80c4c73dd84b:c755, bd7b7fea-2a7b-4c3f-852f-c014e42bfcb7:c753, 3b4aa678-22a6-4ae2-9c6a-0e71cdb9d6d0:c753]
2019-07-10 03:37:18,178 INFO  client.GrpcClientProtocolClient (GrpcClientProtocolClient.java:onNext(255)) - client-8BD909272E8D->63cacea9-0392-4939-ad39-80c4c73dd84b: receive RaftClientReply:client-8BD909272E8D->63cacea9-0392-4939-ad39-80c4c73dd84b@group-EE6C16B6C358, cid=619, SUCCESS, logIndex=755, commits[63cacea9-0392-4939-ad39-80c4c73dd84b:c757, bd7b7fea-2a7b-4c3f-852f-c014e42bfcb7:c753, 3b4aa678-22a6-4ae2-9c6a-0e71cdb9d6d0:c753]
2019-07-10 03:37:18,179 INFO  client.GrpcClientProtocolClient (GrpcClientProtocolClient.java:onNext(255)) - client-8BD909272E8D->63cacea9-0392-4939-ad39-80c4c73dd84b: receive RaftClientReply:client-8BD909272E8D->63cacea9-0392-4939-ad39-80c4c73dd84b@group-EE6C16B6C358, cid=620, SUCCESS, logIndex=756, commits[63cacea9-0392-4939-ad39-80c4c73dd84b:c757, bd7b7fea-2a7b-4c3f-852f-c014e42bfcb7:c753, 3b4aa678-22a6-4ae2-9c6a-0e71cdb9d6d0:c753]
2019-07-10 03:37:18,179 INFO  client.GrpcClientProtocolClient (GrpcClientProtocolClient.java:onNext(255)) - client-8BD909272E8D->63cacea9-0392-4939-ad39-80c4c73dd84b: receive RaftClientReply:client-8BD909272E8D->63cacea9-0392-4939-ad39-80c4c73dd84b@group-EE6C16B6C358, cid=621, SUCCESS, logIndex=757, commits[63cacea9-0392-4939-ad39-80c4c73dd84b:c757, bd7b7fea-2a7b-4c3f-852f-c014e42bfcb7:c753, 3b4aa678-22a6-4ae2-9c6a-0e71cdb9d6d0:c753]
2019-07-10 03:37:18,181 INFO  client.GrpcClientProtocolClient (GrpcClientProtocolClient.java:onNext(255)) - client-8BD909272E8D->63cacea9-0392-4939-ad39-80c4c73dd84b: receive RaftClientReply:client-8BD909272E8D->63cacea9-0392-4939-ad39-80c4c73dd84b@group-EE6C16B6C358, cid=622, SUCCESS, logIndex=0, commits[63cacea9-0392-4939-ad39-80c4c73dd84b:c759, bd7b7fea-2a7b-4c3f-852f-c014e42bfcb7:c755, 3b4aa678-22a6-4ae2-9c6a-0e71cdb9d6d0:c755]
2019-07-10 03:37:18,206 INFO  client.GrpcClientProtocolClient (GrpcClientProtocolClient.java:onNext(255)) - client-8BD909272E8D->63cacea9-0392-4939-ad39-80c4c73dd84b: receive RaftClientReply:client-8BD909272E8D->63cacea9-0392-4939-ad39-80c4c73dd84b@group-EE6C16B6C358, cid=623, SUCCESS, logIndex=762, commits[63cacea9-0392-4939-ad39-80c4c73dd84b:c763, bd7b7fea-2a7b-4c3f-852f-c014e42bfcb7:c761, 3b4aa678-22a6-4ae2-9c6a-0e71cdb9d6d0:c761]
2019-07-10 03:37:18,207 INFO  client.GrpcClientProtocolClient (GrpcClientProtocolClient.java:onNext(255)) - client-8BD909272E8D->63cacea9-0392-4939-ad39-80c4c73dd84b: receive RaftClientReply:client-8BD909272E8D->63cacea9-0392-4939-ad39-80c4c73dd84b@group-EE6C16B6C358, cid=624, SUCCESS, logIndex=763, commits[63cacea9-0392-4939-ad39-80c4c73dd84b:c763, bd7b7fea-2a7b-4c3f-852f-c014e42bfcb7:c761, 3b4aa678-22a6-4ae2-9c6a-0e71cdb9d6d0:c761]
2019-07-10 03:37:18,245 INFO  client.GrpcClientProtocolClient (GrpcClientProtocolClient.java:onNext(255)) - client-8BD909272E8D->63cacea9-0392-4939-ad39-80c4c73dd84b: receive RaftClientReply:client-8BD909272E8D->63cacea9-0392-4939-ad39-80c4c73dd84b@group-EE6C16B6C358, cid=625, SUCCESS, logIndex=766, commits[63cacea9-0392-4939-ad39-80c4c73dd84b:c767, bd7b7fea-2a7b-4c3f-852f-c014e42bfcb7:c763, 3b4aa678-22a6-4ae2-9c6a-0e71cdb9d6d0:c763]
2019-07-10 03:37:18,246 INFO  client.GrpcClientProtocolClient (GrpcClientProtocolClient.java:onNext(255)) - client-8BD909272E8D->63cacea9-0392-4939-ad39-80c4c73dd84b: receive RaftClientReply:client-8BD909272E8D->63cacea9-0392-4939-ad39-80c4c73dd84b@group-EE6C16B6C358, cid=626, SUCCESS, logIndex=767, commits[63cacea9-0392-4939-ad39-80c4c73dd84b:c767, bd7b7fea-2a7b-4c3f-852f-c014e42bfcb7:c763, 3b4aa678-22a6-4ae2-9c6a-0e71cdb9d6d0:c763]
2019-07-10 03:37:18,253 INFO  client.GrpcClientProtocolClient (GrpcClientProtocolClient.java:onNext(255)) - client-8BD909272E8D->63cacea9-0392-4939-ad39-80c4c73dd84b: receive RaftClientReply:client-8BD909272E8D->63cacea9-0392-4939-ad39-80c4c73dd84b@group-EE6C16B6C358, cid=627, SUCCESS, logIndex=0, commits[63cacea9-0392-4939-ad39-80c4c73dd84b:c768, bd7b7fea-2a7b-4c3f-852f-c014e42bfcb7:c767, 3b4aa678-22a6-4ae2-9c6a-0e71cdb9d6d0:c767]
2019-07-10 03:37:18,276 INFO  client.GrpcClientProtocolClient (GrpcClientProtocolClient.java:onNext(255)) - client-8BD909272E8D->63cacea9-0392-4939-ad39-80c4c73dd84b: receive RaftClientReply:client-8BD909272E8D->63cacea9-0392-4939-ad39-80c4c73dd84b@group-EE6C16B6C358, cid=628, SUCCESS, logIndex=769, commits[63cacea9-0392-4939-ad39-80c4c73dd84b:c770, bd7b7fea-2a7b-4c3f-852f-c014e42bfcb7:c768, 3b4aa678-22a6-4ae2-9c6a-0e71cdb9d6d0:c768]
2019-07-10 03:37:18,277 INFO  client.GrpcClientProtocolClient (GrpcClientProtocolClient.java:onNext(255)) - client-8BD909272E8D->63cacea9-0392-4939-ad39-80c4c73dd84b: receive RaftClientReply:client-8BD909272E8D->63cacea9-0392-4939-ad39-80c4c73dd84b@group-EE6C16B6C358, cid=629, SUCCESS, logIndex=770, commits[63cacea9-0392-4939-ad39-80c4c73dd84b:c772, bd7b7fea-2a7b-4c3f-852f-c014e42bfcb7:c768, 3b4aa678-22a6-4ae2-9c6a-0e71cdb9d6d0:c768]
2019-07-10 03:37:18,277 INFO  client.GrpcClientProtocolClient (GrpcClientProtocolClient.java:onNext(255)) - client-8BD909272E8D->63cacea9-0392-4939-ad39-80c4c73dd84b: receive RaftClientReply:client-8BD909272E8D->63cacea9-0392-4939-ad39-80c4c73dd84b@group-EE6C16B6C358, cid=630, SUCCESS, logIndex=771, commits[63cacea9-0392-4939-ad39-80c4c73dd84b:c772, bd7b7fea-2a7b-4c3f-852f-c014e42bfcb7:c768, 3b4aa678-22a6-4ae2-9c6a-0e71cdb9d6d0:c768]
2019-07-10 03:37:18,277 INFO  client.GrpcClientProtocolClient (GrpcClientProtocolClient.java:onNext(255)) - client-8BD909272E8D->63cacea9-0392-4939-ad39-80c4c73dd84b: receive RaftClientReply:client-8BD909272E8D->63cacea9-0392-4939-ad39-80c4c73dd84b@group-EE6C16B6C358, cid=631, SUCCESS, logIndex=772, commits[63cacea9-0392-4939-ad39-80c4c73dd84b:c773, bd7b7fea-2a7b-4c3f-852f-c014e42bfcb7:c769, 3b4aa678-22a6-4ae2-9c6a-0e71cdb9d6d0:c770]
2019-07-10 03:37:18,279 INFO  client.GrpcClientProtocolClient (GrpcClientProtocolClient.java:onNext(255)) - client-8BD909272E8D->63cacea9-0392-4939-ad39-80c4c73dd84b: receive RaftClientReply:client-8BD909272E8D->63cacea9-0392-4939-ad39-80c4c73dd84b@group-EE6C16B6C358, cid=632, SUCCESS, logIndex=0, commits[63cacea9-0392-4939-ad39-80c4c73dd84b:c774, bd7b7fea-2a7b-4c3f-852f-c014e42bfcb7:c770, 3b4aa678-22a6-4ae2-9c6a-0e71cdb9d6d0:c770]
2019-07-10 03:37:18,302 INFO  client.GrpcClientProtocolClient (GrpcClientProtocolClient.java:onNext(255)) - client-8BD909272E8D->63cacea9-0392-4939-ad39-80c4c73dd84b: receive RaftClientReply:client-8BD909272E8D->63cacea9-0392-4939-ad39-80c4c73dd84b@group-EE6C16B6C358, cid=633, SUCCESS, logIndex=777, commits[63cacea9-0392-4939-ad39-80c4c73dd84b:c778, bd7b7fea-2a7b-4c3f-852f-c014e42bfcb7:c776, 3b4aa678-22a6-4ae2-9c6a-0e71cdb9d6d0:c776]
2019-07-10 03:37:18,302 INFO  client.GrpcClientProtocolClient (GrpcClientProtocolClient.java:onNext(255)) - client-8BD909272E8D->63cacea9-0392-4939-ad39-80c4c73dd84b: receive RaftClientReply:client-8BD909272E8D->63cacea9-0392-4939-ad39-80c4c73dd84b@group-EE6C16B6C358, cid=634, SUCCESS, logIndex=778, commits[63cacea9-0392-4939-ad39-80c4c73dd84b:c778, bd7b7fea-2a7b-4c3f-852f-c014e42bfcb7:c776, 3b4aa678-22a6-4ae2-9c6a-0e71cdb9d6d0:c776]
2019-07-10 03:37:18,326 INFO  client.GrpcClientProtocolClient (GrpcClientProtocolClient.java:onNext(255)) - client-8BD909272E8D->63cacea9-0392-4939-ad39-80c4c73dd84b: receive RaftClientReply:client-8BD909272E8D->63cacea9-0392-4939-ad39-80c4c73dd84b@group-EE6C16B6C358, cid=635, SUCCESS, logIndex=780, commits[63cacea9-0392-4939-ad39-80c4c73dd84b:c781, bd7b7fea-2a7b-4c3f-852f-c014e42bfcb7:c778, 3b4aa678-22a6-4ae2-9c6a-0e71cdb9d6d0:c778]
2019-07-10 03:37:18,326 INFO  client.GrpcClientProtocolClient (GrpcClientProtocolClient.java:onNext(255)) - client-8BD909272E8D->63cacea9-0392-4939-ad39-80c4c73dd84b: receive RaftClientReply:client-8BD909272E8D->63cacea9-0392-4939-ad39-80c4c73dd84b@group-EE6C16B6C358, cid=636, SUCCESS, logIndex=781, commits[63cacea9-0392-4939-ad39-80c4c73dd84b:c781, bd7b7fea-2a7b-4c3f-852f-c014e42bfcb7:c778, 3b4aa678-22a6-4ae2-9c6a-0e71cdb9d6d0:c778]
2019-07-10 03:37:18,339 INFO  client.GrpcClientProtocolClient (GrpcClientProtocolClient.java:onNext(255)) - client-8BD909272E8D->63cacea9-0392-4939-ad39-80c4c73dd84b: receive RaftClientReply:client-8BD909272E8D->63cacea9-0392-4939-ad39-80c4c73dd84b@group-EE6C16B6C358, cid=637, SUCCESS, logIndex=0, commits[63cacea9-0392-4939-ad39-80c4c73dd84b:c783, bd7b7fea-2a7b-4c3f-852f-c014e42bfcb7:c781, 3b4aa678-22a6-4ae2-9c6a-0e71cdb9d6d0:c781]
2019-07-10 03:37:18,360 INFO  client.GrpcClientProtocolClient (GrpcClientProtocolClient.java:onNext(255)) - client-8BD909272E8D->63cacea9-0392-4939-ad39-80c4c73dd84b: receive RaftClientReply:client-8BD909272E8D->63cacea9-0392-4939-ad39-80c4c73dd84b@group-EE6C16B6C358, cid=638, SUCCESS, logIndex=784, commits[63cacea9-0392-4939-ad39-80c4c73dd84b:c787, bd7b7fea-2a7b-4c3f-852f-c014e42bfcb7:c783, 3b4aa678-22a6-4ae2-9c6a-0e71cdb9d6d0:c781]
2019-07-10 03:37:18,361 INFO  client.GrpcClientProtocolClient (GrpcClientProtocolClient.java:onNext(255)) - client-8BD909272E8D->63cacea9-0392-4939-ad39-80c4c73dd84b: receive RaftClientReply:client-8BD909272E8D->63cacea9-0392-4939-ad39-80c4c73dd84b@group-EE6C16B6C358, cid=639, SUCCESS, logIndex=785, commits[63cacea9-0392-4939-ad39-80c4c73dd84b:c787, bd7b7fea-2a7b-4c3f-852f-c014e42bfcb7:c783, 3b4aa678-22a6-4ae2-9c6a-0e71cdb9d6d0:c783]
2019-07-10 03:37:18,362 INFO  client.GrpcClientProtocolClient (GrpcClientProtocolClient.java:onNext(255)) - client-8BD909272E8D->63cacea9-0392-4939-ad39-80c4c73dd84b: receive RaftClientReply:client-8BD909272E8D->63cacea9-0392-4939-ad39-80c4c73dd84b@group-EE6C16B6C358, cid=640, SUCCESS, logIndex=786, commits[63cacea9-0392-4939-ad39-80c4c73dd84b:c787, bd7b7fea-2a7b-4c3f-852f-c014e42bfcb7:c783, 3b4aa678-22a6-4ae2-9c6a-0e71cdb9d6d0:c783]
2019-07-10 03:37:18,362 INFO  client.GrpcClientProtocolClient (GrpcClientProtocolClient.java:onNext(255)) - client-8BD909272E8D->63cacea9-0392-4939-ad39-80c4c73dd84b: receive RaftClientReply:client-8BD909272E8D->63cacea9-0392-4939-ad39-80c4c73dd84b@group-EE6C16B6C358, cid=641, SUCCESS, logIndex=787, commits[63cacea9-0392-4939-ad39-80c4c73dd84b:c788, bd7b7fea-2a7b-4c3f-852f-c014e42bfcb7:c784, 3b4aa678-22a6-4ae2-9c6a-0e71cdb9d6d0:c783]
2019-07-10 03:37:18,363 INFO  client.GrpcClientProtocolClient (GrpcClientProtocolClient.java:onNext(255)) - client-8BD909272E8D->63cacea9-0392-4939-ad39-80c4c73dd84b: receive RaftClientReply:client-8BD909272E8D->63cacea9-0392-4939-ad39-80c4c73dd84b@group-EE6C16B6C358, cid=642, SUCCESS, logIndex=0, commits[63cacea9-0392-4939-ad39-80c4c73dd84b:c790, bd7b7fea-2a7b-4c3f-852f-c014e42bfcb7:c787, 3b4aa678-22a6-4ae2-9c6a-0e71cdb9d6d0:c787]
2019-07-10 03:37:18,388 INFO  client.GrpcClientProtocolClient (GrpcClientProtocolClient.java:onNext(255)) - client-8BD909272E8D->63cacea9-0392-4939-ad39-80c4c73dd84b: receive RaftClientReply:client-8BD909272E8D->63cacea9-0392-4939-ad39-80c4c73dd84b@group-EE6C16B6C358, cid=643, SUCCESS, logIndex=791, commits[63cacea9-0392-4939-ad39-80c4c73dd84b:c792, bd7b7fea-2a7b-4c3f-852f-c014e42bfcb7:c790, 3b4aa678-22a6-4ae2-9c6a-0e71cdb9d6d0:c790]
2019-07-10 03:37:18,388 INFO  client.GrpcClientProtocolClient (GrpcClientProtocolClient.java:onNext(255)) - client-8BD909272E8D->63cacea9-0392-4939-ad39-80c4c73dd84b: receive RaftClientReply:client-8BD909272E8D->63cacea9-0392-4939-ad39-80c4c73dd84b@group-EE6C16B6C358, cid=644, SUCCESS, logIndex=792, commits[63cacea9-0392-4939-ad39-80c4c73dd84b:c792, bd7b7fea-2a7b-4c3f-852f-c014e42bfcb7:c790, 3b4aa678-22a6-4ae2-9c6a-0e71cdb9d6d0:c790]
2019-07-10 03:37:18,415 INFO  client.GrpcClientProtocolClient (GrpcClientProtocolClient.java:onNext(255)) - client-8BD909272E8D->63cacea9-0392-4939-ad39-80c4c73dd84b: receive RaftClientReply:client-8BD909272E8D->63cacea9-0392-4939-ad39-80c4c73dd84b@group-EE6C16B6C358, cid=645, SUCCESS, logIndex=795, commits[63cacea9-0392-4939-ad39-80c4c73dd84b:c796, bd7b7fea-2a7b-4c3f-852f-c014e42bfcb7:c792, 3b4aa678-22a6-4ae2-9c6a-0e71cdb9d6d0:c792]
2019-07-10 03:37:18,416 INFO  client.GrpcClientProtocolClient (GrpcClientProtocolClient.java:onNext(255)) - client-8BD909272E8D->63cacea9-0392-4939-ad39-80c4c73dd84b: receive RaftClientReply:client-8BD909272E8D->63cacea9-0392-4939-ad39-80c4c73dd84b@group-EE6C16B6C358, cid=646, SUCCESS, logIndex=796, commits[63cacea9-0392-4939-ad39-80c4c73dd84b:c796, bd7b7fea-2a7b-4c3f-852f-c014e42bfcb7:c792, 3b4aa678-22a6-4ae2-9c6a-0e71cdb9d6d0:c792]
2019-07-10 03:37:18,418 INFO  client.GrpcClientProtocolClient (GrpcClientProtocolClient.java:onNext(255)) - client-8BD909272E8D->63cacea9-0392-4939-ad39-80c4c73dd84b: receive RaftClientReply:client-8BD909272E8D->63cacea9-0392-4939-ad39-80c4c73dd84b@group-EE6C16B6C358, cid=647, SUCCESS, logIndex=0, commits[63cacea9-0392-4939-ad39-80c4c73dd84b:c797, bd7b7fea-2a7b-4c3f-852f-c014e42bfcb7:c796, 3b4aa678-22a6-4ae2-9c6a-0e71cdb9d6d0:c796]
2019-07-10 03:37:18,442 INFO  client.GrpcClientProtocolClient (GrpcClientProtocolClient.java:onNext(255)) - client-8BD909272E8D->63cacea9-0392-4939-ad39-80c4c73dd84b: receive RaftClientReply:client-8BD909272E8D->63cacea9-0392-4939-ad39-80c4c73dd84b@group-EE6C16B6C358, cid=648, SUCCESS, logIndex=799, commits[63cacea9-0392-4939-ad39-80c4c73dd84b:c800, bd7b7fea-2a7b-4c3f-852f-c014e42bfcb7:c798, 3b4aa678-22a6-4ae2-9c6a-0e71cdb9d6d0:c798]
2019-07-10 03:37:18,442 INFO  client.GrpcClientProtocolClient (GrpcClientProtocolClient.java:onNext(255)) - client-8BD909272E8D->63cacea9-0392-4939-ad39-80c4c73dd84b: receive RaftClientReply:client-8BD909272E8D->63cacea9-0392-4939-ad39-80c4c73dd84b@group-EE6C16B6C358, cid=649, SUCCESS, logIndex=800, commits[63cacea9-0392-4939-ad39-80c4c73dd84b:c802, bd7b7fea-2a7b-4c3f-852f-c014e42bfcb7:c798, 3b4aa678-22a6-4ae2-9c6a-0e71cdb9d6d0:c798]
2019-07-10 03:37:18,443 INFO  client.GrpcClientProtocolClient (GrpcClientProtocolClient.java:onNext(255)) - client-8BD909272E8D->63cacea9-0392-4939-ad39-80c4c73dd84b: receive RaftClientReply:client-8BD909272E8D->63cacea9-0392-4939-ad39-80c4c73dd84b@group-EE6C16B6C358, cid=650, SUCCESS, logIndex=801, commits[63cacea9-0392-4939-ad39-80c4c73dd84b:c802, bd7b7fea-2a7b-4c3f-852f-c014e42bfcb7:c798, 3b4aa678-22a6-4ae2-9c6a-0e71cdb9d6d0:c798]
2019-07-10 03:37:18,443 INFO  client.GrpcClientProtocolClient (GrpcClientProtocolClient.java:onNext(255)) - client-8BD909272E8D->63cacea9-0392-4939-ad39-80c4c73dd84b: receive RaftClientReply:client-8BD909272E8D->63cacea9-0392-4939-ad39-80c4c73dd84b@group-EE6C16B6C358, cid=651, SUCCESS, logIndex=802, commits[63cacea9-0392-4939-ad39-80c4c73dd84b:c802, bd7b7fea-2a7b-4c3f-852f-c014e42bfcb7:c798, 3b4aa678-22a6-4ae2-9c6a-0e71cdb9d6d0:c798]
2019-07-10 03:37:18,445 INFO  client.GrpcClientProtocolClient (GrpcClientProtocolClient.java:onNext(255)) - client-8BD909272E8D->63cacea9-0392-4939-ad39-80c4c73dd84b: receive RaftClientReply:client-8BD909272E8D->63cacea9-0392-4939-ad39-80c4c73dd84b@group-EE6C16B6C358, cid=652, SUCCESS, logIndex=0, commits[63cacea9-0392-4939-ad39-80c4c73dd84b:c806, bd7b7fea-2a7b-4c3f-852f-c014e42bfcb7:c800, 3b4aa678-22a6-4ae2-9c6a-0e71cdb9d6d0:c802]
2019-07-10 03:37:18,468 INFO  client.GrpcClientProtocolClient (GrpcClientProtocolClient.java:onNext(255)) - client-8BD909272E8D->63cacea9-0392-4939-ad39-80c4c73dd84b: receive RaftClientReply:client-8BD909272E8D->63cacea9-0392-4939-ad39-80c4c73dd84b@group-EE6C16B6C358, cid=653, SUCCESS, logIndex=807, commits[63cacea9-0392-4939-ad39-80c4c73dd84b:c808, bd7b7fea-2a7b-4c3f-852f-c014e42bfcb7:c806, 3b4aa678-22a6-4ae2-9c6a-0e71cdb9d6d0:c806]
2019-07-10 03:37:18,469 INFO  client.GrpcClientProtocolClient (GrpcClientProtocolClient.java:onNext(255)) - client-8BD909272E8D->63cacea9-0392-4939-ad39-80c4c73dd84b: receive RaftClientReply:client-8BD909272E8D->63cacea9-0392-4939-ad39-80c4c73dd84b@group-EE6C16B6C358, cid=654, SUCCESS, logIndex=808, commits[63cacea9-0392-4939-ad39-80c4c73dd84b:c808, bd7b7fea-2a7b-4c3f-852f-c014e42bfcb7:c806, 3b4aa678-22a6-4ae2-9c6a-0e71cdb9d6d0:c806]
2019-07-10 03:37:18,502 INFO  client.GrpcClientProtocolClient (GrpcClientProtocolClient.java:onNext(255)) - client-8BD909272E8D->63cacea9-0392-4939-ad39-80c4c73dd84b: receive RaftClientReply:client-8BD909272E8D->63cacea9-0392-4939-ad39-80c4c73dd84b@group-EE6C16B6C358, cid=655, SUCCESS, logIndex=811, commits[63cacea9-0392-4939-ad39-80c4c73dd84b:c812, bd7b7fea-2a7b-4c3f-852f-c014e42bfcb7:c808, 3b4aa678-22a6-4ae2-9c6a-0e71cdb9d6d0:c808]
2019-07-10 03:37:18,502 INFO  client.GrpcClientProtocolClient (GrpcClientProtocolClient.java:onNext(255)) - client-8BD909272E8D->63cacea9-0392-4939-ad39-80c4c73dd84b: receive RaftClientReply:client-8BD909272E8D->63cacea9-0392-4939-ad39-80c4c73dd84b@group-EE6C16B6C358, cid=656, SUCCESS, logIndex=812, commits[63cacea9-0392-4939-ad39-80c4c73dd84b:c812, bd7b7fea-2a7b-4c3f-852f-c014e42bfcb7:c808, 3b4aa678-22a6-4ae2-9c6a-0e71cdb9d6d0:c808]
2019-07-10 03:37:18,504 INFO  client.GrpcClientProtocolClient (GrpcClientProtocolClient.java:onNext(255)) - client-8BD909272E8D->63cacea9-0392-4939-ad39-80c4c73dd84b: receive RaftClientReply:client-8BD909272E8D->63cacea9-0392-4939-ad39-80c4c73dd84b@group-EE6C16B6C358, cid=657, SUCCESS, logIndex=0, commits[63cacea9-0392-4939-ad39-80c4c73dd84b:c813, bd7b7fea-2a7b-4c3f-852f-c014e42bfcb7:c812, 3b4aa678-22a6-4ae2-9c6a-0e71cdb9d6d0:c812]
2019-07-10 03:37:18,528 INFO  client.GrpcClientProtocolClient (GrpcClientProtocolClient.java:onNext(255)) - client-8BD909272E8D->63cacea9-0392-4939-ad39-80c4c73dd84b: receive RaftClientReply:client-8BD909272E8D->63cacea9-0392-4939-ad39-80c4c73dd84b@group-EE6C16B6C358, cid=658, SUCCESS, logIndex=815, commits[63cacea9-0392-4939-ad39-80c4c73dd84b:c816, bd7b7fea-2a7b-4c3f-852f-c014e42bfcb7:c814, 3b4aa678-22a6-4ae2-9c6a-0e71cdb9d6d0:c814]
2019-07-10 03:37:18,529 INFO  client.GrpcClientProtocolClient (GrpcClientProtocolClient.java:onNext(255)) - client-8BD909272E8D->63cacea9-0392-4939-ad39-80c4c73dd84b: receive RaftClientReply:client-8BD909272E8D->63cacea9-0392-4939-ad39-80c4c73dd84b@group-EE6C16B6C358, cid=659, SUCCESS, logIndex=816, commits[63cacea9-0392-4939-ad39-80c4c73dd84b:c818, bd7b7fea-2a7b-4c3f-852f-c014e42bfcb7:c814, 3b4aa678-22a6-4ae2-9c6a-0e71cdb9d6d0:c814]
2019-07-10 03:37:18,529 INFO  client.GrpcClientProtocolClient (GrpcClientProtocolClient.java:onNext(255)) - client-8BD909272E8D->63cacea9-0392-4939-ad39-80c4c73dd84b: receive RaftClientReply:client-8BD909272E8D->63cacea9-0392-4939-ad39-80c4c73dd84b@group-EE6C16B6C358, cid=660, SUCCESS, logIndex=817, commits[63cacea9-0392-4939-ad39-80c4c73dd84b:c818, bd7b7fea-2a7b-4c3f-852f-c014e42bfcb7:c814, 3b4aa678-22a6-4ae2-9c6a-0e71cdb9d6d0:c814]
2019-07-10 03:37:18,529 INFO  client.GrpcClientProtocolClient (GrpcClientProtocolClient.java:onNext(255)) - client-8BD909272E8D->63cacea9-0392-4939-ad39-80c4c73dd84b: receive RaftClientReply:client-8BD909272E8D->63cacea9-0392-4939-ad39-80c4c73dd84b@group-EE6C16B6C358, cid=661, SUCCESS, logIndex=818, commits[63cacea9-0392-4939-ad39-80c4c73dd84b:c818, bd7b7fea-2a7b-4c3f-852f-c014e42bfcb7:c814, 3b4aa678-22a6-4ae2-9c6a-0e71cdb9d6d0:c814]
2019-07-10 03:37:18,539 INFO  client.GrpcClientProtocolClient (GrpcClientProtocolClient.java:onNext(255)) - client-8BD909272E8D->63cacea9-0392-4939-ad39-80c4c73dd84b: receive RaftClientReply:client-8BD909272E8D->63cacea9-0392-4939-ad39-80c4c73dd84b@group-EE6C16B6C358, cid=662, SUCCESS, logIndex=0, commits[63cacea9-0392-4939-ad39-80c4c73dd84b:c819, bd7b7fea-2a7b-4c3f-852f-c014e42bfcb7:c816, 3b4aa678-22a6-4ae2-9c6a-0e71cdb9d6d0:c816]
 0.00% |█                                                                                                    |  0/1 Time: 0:00:012019-07-10 03:37:18,562 INFO  client.GrpcClientProtocolClient (GrpcClientProtocolClient.java:onNext(255)) - client-8BD909272E8D->63cacea9-0392-4939-ad39-80c4c73dd84b: receive RaftClientReply:client-8BD909272E8D->63cacea9-0392-4939-ad39-80c4c73dd84b@group-EE6C16B6C358, cid=663, SUCCESS, logIndex=823, commits[63cacea9-0392-4939-ad39-80c4c73dd84b:c824, bd7b7fea-2a7b-4c3f-852f-c014e42bfcb7:c822, 3b4aa678-22a6-4ae2-9c6a-0e71cdb9d6d0:c822]
2019-07-10 03:37:18,562 INFO  client.GrpcClientProtocolClient (GrpcClientProtocolClient.java:onNext(255)) - client-8BD909272E8D->63cacea9-0392-4939-ad39-80c4c73dd84b: receive RaftClientReply:client-8BD909272E8D->63cacea9-0392-4939-ad39-80c4c73dd84b@group-EE6C16B6C358, cid=664, SUCCESS, logIndex=824, commits[63cacea9-0392-4939-ad39-80c4c73dd84b:c824, bd7b7fea-2a7b-4c3f-852f-c014e42bfcb7:c822, 3b4aa678-22a6-4ae2-9c6a-0e71cdb9d6d0:c822]
2019-07-10 03:37:18,589 INFO  client.GrpcClientProtocolClient (GrpcClientProtocolClient.java:onNext(255)) - client-8BD909272E8D->63cacea9-0392-4939-ad39-80c4c73dd84b: receive RaftClientReply:client-8BD909272E8D->63cacea9-0392-4939-ad39-80c4c73dd84b@group-EE6C16B6C358, cid=665, SUCCESS, logIndex=827, commits[63cacea9-0392-4939-ad39-80c4c73dd84b:c828, bd7b7fea-2a7b-4c3f-852f-c014e42bfcb7:c824, 3b4aa678-22a6-4ae2-9c6a-0e71cdb9d6d0:c824]
2019-07-10 03:37:18,590 INFO  client.GrpcClientProtocolClient (GrpcClientProtocolClient.java:onNext(255)) - client-8BD909272E8D->63cacea9-0392-4939-ad39-80c4c73dd84b: receive RaftClientReply:client-8BD909272E8D->63cacea9-0392-4939-ad39-80c4c73dd84b@group-EE6C16B6C358, cid=666, SUCCESS, logIndex=828, commits[63cacea9-0392-4939-ad39-80c4c73dd84b:c828, bd7b7fea-2a7b-4c3f-852f-c014e42bfcb7:c824, 3b4aa678-22a6-4ae2-9c6a-0e71cdb9d6d0:c824]
2019-07-10 03:37:18,601 INFO  client.GrpcClientProtocolClient (GrpcClientProtocolClient.java:onNext(255)) - client-8BD909272E8D->63cacea9-0392-4939-ad39-80c4c73dd84b: receive RaftClientReply:client-8BD909272E8D->63cacea9-0392-4939-ad39-80c4c73dd84b@group-EE6C16B6C358, cid=667, SUCCESS, logIndex=0, commits[63cacea9-0392-4939-ad39-80c4c73dd84b:c829, bd7b7fea-2a7b-4c3f-852f-c014e42bfcb7:c828, 3b4aa678-22a6-4ae2-9c6a-0e71cdb9d6d0:c828]
2019-07-10 03:37:18,623 INFO  client.GrpcClientProtocolClient (GrpcClientProtocolClient.java:onNext(255)) - client-8BD909272E8D->63cacea9-0392-4939-ad39-80c4c73dd84b: receive RaftClientReply:client-8BD909272E8D->63cacea9-0392-4939-ad39-80c4c73dd84b@group-EE6C16B6C358, cid=668, SUCCESS, logIndex=831, commits[63cacea9-0392-4939-ad39-80c4c73dd84b:c832, bd7b7fea-2a7b-4c3f-852f-c014e42bfcb7:c830, 3b4aa678-22a6-4ae2-9c6a-0e71cdb9d6d0:c830]
2019-07-10 03:37:18,624 INFO  client.GrpcClientProtocolClient (GrpcClientProtocolClient.java:onNext(255)) - client-8BD909272E8D->63cacea9-0392-4939-ad39-80c4c73dd84b: receive RaftClientReply:client-8BD909272E8D->63cacea9-0392-4939-ad39-80c4c73dd84b@group-EE6C16B6C358, cid=669, SUCCESS, logIndex=832, commits[63cacea9-0392-4939-ad39-80c4c73dd84b:c834, bd7b7fea-2a7b-4c3f-852f-c014e42bfcb7:c830, 3b4aa678-22a6-4ae2-9c6a-0e71cdb9d6d0:c830]
2019-07-10 03:37:18,624 INFO  client.GrpcClientProtocolClient (GrpcClientProtocolClient.java:onNext(255)) - client-8BD909272E8D->63cacea9-0392-4939-ad39-80c4c73dd84b: receive RaftClientReply:client-8BD909272E8D->63cacea9-0392-4939-ad39-80c4c73dd84b@group-EE6C16B6C358, cid=670, SUCCESS, logIndex=833, commits[63cacea9-0392-4939-ad39-80c4c73dd84b:c834, bd7b7fea-2a7b-4c3f-852f-c014e42bfcb7:c830, 3b4aa678-22a6-4ae2-9c6a-0e71cdb9d6d0:c830]
2019-07-10 03:37:18,625 INFO  client.GrpcClientProtocolClient (GrpcClientProtocolClient.java:onNext(255)) - client-8BD909272E8D->63cacea9-0392-4939-ad39-80c4c73dd84b: receive RaftClientReply:client-8BD909272E8D->63cacea9-0392-4939-ad39-80c4c73dd84b@group-EE6C16B6C358, cid=671, SUCCESS, logIndex=834, commits[63cacea9-0392-4939-ad39-80c4c73dd84b:c834, bd7b7fea-2a7b-4c3f-852f-c014e42bfcb7:c830, 3b4aa678-22a6-4ae2-9c6a-0e71cdb9d6d0:c830]
2019-07-10 03:37:18,626 INFO  client.GrpcClientProtocolClient (GrpcClientProtocolClient.java:onNext(255)) - client-8BD909272E8D->63cacea9-0392-4939-ad39-80c4c73dd84b: receive RaftClientReply:client-8BD909272E8D->63cacea9-0392-4939-ad39-80c4c73dd84b@group-EE6C16B6C358, cid=672, SUCCESS, logIndex=0, commits[63cacea9-0392-4939-ad39-80c4c73dd84b:c838, bd7b7fea-2a7b-4c3f-852f-c014e42bfcb7:c832, 3b4aa678-22a6-4ae2-9c6a-0e71cdb9d6d0:c834]
2019-07-10 03:37:18,647 INFO  client.GrpcClientProtocolClient (GrpcClientProtocolClient.java:onNext(255)) - client-8BD909272E8D->63cacea9-0392-4939-ad39-80c4c73dd84b: receive RaftClientReply:client-8BD909272E8D->63cacea9-0392-4939-ad39-80c4c73dd84b@group-EE6C16B6C358, cid=673, SUCCESS, logIndex=839, commits[63cacea9-0392-4939-ad39-80c4c73dd84b:c840, bd7b7fea-2a7b-4c3f-852f-c014e42bfcb7:c838, 3b4aa678-22a6-4ae2-9c6a-0e71cdb9d6d0:c838]
2019-07-10 03:37:18,648 INFO  client.GrpcClientProtocolClient (GrpcClientProtocolClient.java:onNext(255)) - client-8BD909272E8D->63cacea9-0392-4939-ad39-80c4c73dd84b: receive RaftClientReply:client-8BD909272E8D->63cacea9-0392-4939-ad39-80c4c73dd84b@group-EE6C16B6C358, cid=674, SUCCESS, logIndex=840, commits[63cacea9-0392-4939-ad39-80c4c73dd84b:c840, bd7b7fea-2a7b-4c3f-852f-c014e42bfcb7:c838, 3b4aa678-22a6-4ae2-9c6a-0e71cdb9d6d0:c838]
2019-07-10 03:37:18,677 INFO  client.GrpcClientProtocolClient (GrpcClientProtocolClient.java:onNext(255)) - client-8BD909272E8D->63cacea9-0392-4939-ad39-80c4c73dd84b: receive RaftClientReply:client-8BD909272E8D->63cacea9-0392-4939-ad39-80c4c73dd84b@group-EE6C16B6C358, cid=675, SUCCESS, logIndex=843, commits[63cacea9-0392-4939-ad39-80c4c73dd84b:c844, bd7b7fea-2a7b-4c3f-852f-c014e42bfcb7:c840, 3b4aa678-22a6-4ae2-9c6a-0e71cdb9d6d0:c840]
2019-07-10 03:37:18,678 INFO  client.GrpcClientProtocolClient (GrpcClientProtocolClient.java:onNext(255)) - client-8BD909272E8D->63cacea9-0392-4939-ad39-80c4c73dd84b: receive RaftClientReply:client-8BD909272E8D->63cacea9-0392-4939-ad39-80c4c73dd84b@group-EE6C16B6C358, cid=676, SUCCESS, logIndex=844, commits[63cacea9-0392-4939-ad39-80c4c73dd84b:c844, bd7b7fea-2a7b-4c3f-852f-c014e42bfcb7:c840, 3b4aa678-22a6-4ae2-9c6a-0e71cdb9d6d0:c840]
2019-07-10 03:37:18,690 INFO  client.GrpcClientProtocolClient (GrpcClientProtocolClient.java:onNext(255)) - client-8BD909272E8D->63cacea9-0392-4939-ad39-80c4c73dd84b: receive RaftClientReply:client-8BD909272E8D->63cacea9-0392-4939-ad39-80c4c73dd84b@group-EE6C16B6C358, cid=677, SUCCESS, logIndex=0, commits[63cacea9-0392-4939-ad39-80c4c73dd84b:c846, bd7b7fea-2a7b-4c3f-852f-c014e42bfcb7:c844, 3b4aa678-22a6-4ae2-9c6a-0e71cdb9d6d0:c844]
2019-07-10 03:37:18,712 INFO  client.GrpcClientProtocolClient (GrpcClientProtocolClient.java:onNext(255)) - client-8BD909272E8D->63cacea9-0392-4939-ad39-80c4c73dd84b: receive RaftClientReply:client-8BD909272E8D->63cacea9-0392-4939-ad39-80c4c73dd84b@group-EE6C16B6C358, cid=678, SUCCESS, logIndex=847, commits[63cacea9-0392-4939-ad39-80c4c73dd84b:c848, bd7b7fea-2a7b-4c3f-852f-c014e42bfcb7:c846, 3b4aa678-22a6-4ae2-9c6a-0e71cdb9d6d0:c846]
2019-07-10 03:37:18,713 INFO  client.GrpcClientProtocolClient (GrpcClientProtocolClient.java:onNext(255)) - client-8BD909272E8D->63cacea9-0392-4939-ad39-80c4c73dd84b: receive RaftClientReply:client-8BD909272E8D->63cacea9-0392-4939-ad39-80c4c73dd84b@group-EE6C16B6C358, cid=679, SUCCESS, logIndex=848, commits[63cacea9-0392-4939-ad39-80c4c73dd84b:c850, bd7b7fea-2a7b-4c3f-852f-c014e42bfcb7:c846, 3b4aa678-22a6-4ae2-9c6a-0e71cdb9d6d0:c846]
2019-07-10 03:37:18,713 INFO  client.GrpcClientProtocolClient (GrpcClientProtocolClient.java:onNext(255)) - client-8BD909272E8D->63cacea9-0392-4939-ad39-80c4c73dd84b: receive RaftClientReply:client-8BD909272E8D->63cacea9-0392-4939-ad39-80c4c73dd84b@group-EE6C16B6C358, cid=680, SUCCESS, logIndex=849, commits[63cacea9-0392-4939-ad39-80c4c73dd84b:c850, bd7b7fea-2a7b-4c3f-852f-c014e42bfcb7:c846, 3b4aa678-22a6-4ae2-9c6a-0e71cdb9d6d0:c846]
2019-07-10 03:37:18,714 INFO  client.GrpcClientProtocolClient (GrpcClientProtocolClient.java:onNext(255)) - client-8BD909272E8D->63cacea9-0392-4939-ad39-80c4c73dd84b: receive RaftClientReply:client-8BD909272E8D->63cacea9-0392-4939-ad39-80c4c73dd84b@group-EE6C16B6C358, cid=681, SUCCESS, logIndex=850, commits[63cacea9-0392-4939-ad39-80c4c73dd84b:c852, bd7b7fea-2a7b-4c3f-852f-c014e42bfcb7:c846, 3b4aa678-22a6-4ae2-9c6a-0e71cdb9d6d0:c848]
2019-07-10 03:37:18,716 INFO  client.GrpcClientProtocolClient (GrpcClientProtocolClient.java:onNext(255)) - client-8BD909272E8D->63cacea9-0392-4939-ad39-80c4c73dd84b: receive RaftClientReply:client-8BD909272E8D->63cacea9-0392-4939-ad39-80c4c73dd84b@group-EE6C16B6C358, cid=682, SUCCESS, logIndex=0, commits[63cacea9-0392-4939-ad39-80c4c73dd84b:c854, bd7b7fea-2a7b-4c3f-852f-c014e42bfcb7:c850, 3b4aa678-22a6-4ae2-9c6a-0e71cdb9d6d0:c850]
2019-07-10 03:37:18,748 INFO  client.GrpcClientProtocolClient (GrpcClientProtocolClient.java:onNext(255)) - client-8BD909272E8D->63cacea9-0392-4939-ad39-80c4c73dd84b: receive RaftClientReply:client-8BD909272E8D->63cacea9-0392-4939-ad39-80c4c73dd84b@group-EE6C16B6C358, cid=683, SUCCESS, logIndex=855, commits[63cacea9-0392-4939-ad39-80c4c73dd84b:c856, bd7b7fea-2a7b-4c3f-852f-c014e42bfcb7:c854, 3b4aa678-22a6-4ae2-9c6a-0e71cdb9d6d0:c854]
2019-07-10 03:37:18,749 INFO  client.GrpcClientProtocolClient (GrpcClientProtocolClient.java:onNext(255)) - client-8BD909272E8D->63cacea9-0392-4939-ad39-80c4c73dd84b: receive RaftClientReply:client-8BD909272E8D->63cacea9-0392-4939-ad39-80c4c73dd84b@group-EE6C16B6C358, cid=684, SUCCESS, logIndex=856, commits[63cacea9-0392-4939-ad39-80c4c73dd84b:c856, bd7b7fea-2a7b-4c3f-852f-c014e42bfcb7:c854, 3b4aa678-22a6-4ae2-9c6a-0e71cdb9d6d0:c854]
2019-07-10 03:37:18,873 INFO  client.GrpcClientProtocolClient (GrpcClientProtocolClient.java:onNext(255)) - client-8BD909272E8D->63cacea9-0392-4939-ad39-80c4c73dd84b: receive RaftClientReply:client-8BD909272E8D->63cacea9-0392-4939-ad39-80c4c73dd84b@group-EE6C16B6C358, cid=685, SUCCESS, logIndex=859, commits[63cacea9-0392-4939-ad39-80c4c73dd84b:c860, bd7b7fea-2a7b-4c3f-852f-c014e42bfcb7:c856, 3b4aa678-22a6-4ae2-9c6a-0e71cdb9d6d0:c856]
2019-07-10 03:37:18,874 INFO  client.GrpcClientProtocolClient (GrpcClientProtocolClient.java:onNext(255)) - client-8BD909272E8D->63cacea9-0392-4939-ad39-80c4c73dd84b: receive RaftClientReply:client-8BD909272E8D->63cacea9-0392-4939-ad39-80c4c73dd84b@group-EE6C16B6C358, cid=686, SUCCESS, logIndex=860, commits[63cacea9-0392-4939-ad39-80c4c73dd84b:c860, bd7b7fea-2a7b-4c3f-852f-c014e42bfcb7:c856, 3b4aa678-22a6-4ae2-9c6a-0e71cdb9d6d0:c856]
2019-07-10 03:37:18,885 INFO  client.GrpcClientProtocolClient (GrpcClientProtocolClient.java:onNext(255)) - client-8BD909272E8D->63cacea9-0392-4939-ad39-80c4c73dd84b: receive RaftClientReply:client-8BD909272E8D->63cacea9-0392-4939-ad39-80c4c73dd84b@group-EE6C16B6C358, cid=687, SUCCESS, logIndex=0, commits[63cacea9-0392-4939-ad39-80c4c73dd84b:c861, bd7b7fea-2a7b-4c3f-852f-c014e42bfcb7:c860, 3b4aa678-22a6-4ae2-9c6a-0e71cdb9d6d0:c860]
2019-07-10 03:37:18,910 INFO  client.GrpcClientProtocolClient (GrpcClientProtocolClient.java:onNext(255)) - client-8BD909272E8D->63cacea9-0392-4939-ad39-80c4c73dd84b: receive RaftClientReply:client-8BD909272E8D->63cacea9-0392-4939-ad39-80c4c73dd84b@group-EE6C16B6C358, cid=688, SUCCESS, logIndex=863, commits[63cacea9-0392-4939-ad39-80c4c73dd84b:c864, bd7b7fea-2a7b-4c3f-852f-c014e42bfcb7:c862, 3b4aa678-22a6-4ae2-9c6a-0e71cdb9d6d0:c862]
2019-07-10 03:37:18,911 INFO  client.GrpcClientProtocolClient (GrpcClientProtocolClient.java:onNext(255)) - client-8BD909272E8D->63cacea9-0392-4939-ad39-80c4c73dd84b: receive RaftClientReply:client-8BD909272E8D->63cacea9-0392-4939-ad39-80c4c73dd84b@group-EE6C16B6C358, cid=689, SUCCESS, logIndex=864, commits[63cacea9-0392-4939-ad39-80c4c73dd84b:c866, bd7b7fea-2a7b-4c3f-852f-c014e42bfcb7:c862, 3b4aa678-22a6-4ae2-9c6a-0e71cdb9d6d0:c862]
2019-07-10 03:37:18,911 INFO  client.GrpcClientProtocolClient (GrpcClientProtocolClient.java:onNext(255)) - client-8BD909272E8D->63cacea9-0392-4939-ad39-80c4c73dd84b: receive RaftClientReply:client-8BD909272E8D->63cacea9-0392-4939-ad39-80c4c73dd84b@group-EE6C16B6C358, cid=690, SUCCESS, logIndex=865, commits[63cacea9-0392-4939-ad39-80c4c73dd84b:c866, bd7b7fea-2a7b-4c3f-852f-c014e42bfcb7:c862, 3b4aa678-22a6-4ae2-9c6a-0e71cdb9d6d0:c862]
2019-07-10 03:37:18,911 INFO  client.GrpcClientProtocolClient (GrpcClientProtocolClient.java:onNext(255)) - client-8BD909272E8D->63cacea9-0392-4939-ad39-80c4c73dd84b: receive RaftClientReply:client-8BD909272E8D->63cacea9-0392-4939-ad39-80c4c73dd84b@group-EE6C16B6C358, cid=691, SUCCESS, logIndex=866, commits[63cacea9-0392-4939-ad39-80c4c73dd84b:c866, bd7b7fea-2a7b-4c3f-852f-c014e42bfcb7:c862, 3b4aa678-22a6-4ae2-9c6a-0e71cdb9d6d0:c862]
2019-07-10 03:37:18,913 INFO  client.GrpcClientProtocolClient (GrpcClientProtocolClient.java:onNext(255)) - client-8BD909272E8D->63cacea9-0392-4939-ad39-80c4c73dd84b: receive RaftClientReply:client-8BD909272E8D->63cacea9-0392-4939-ad39-80c4c73dd84b@group-EE6C16B6C358, cid=692, SUCCESS, logIndex=0, commits[63cacea9-0392-4939-ad39-80c4c73dd84b:c868, bd7b7fea-2a7b-4c3f-852f-c014e42bfcb7:c864, 3b4aa678-22a6-4ae2-9c6a-0e71cdb9d6d0:c866]
2019-07-10 03:37:18,937 INFO  client.GrpcClientProtocolClient (GrpcClientProtocolClient.java:onNext(255)) - client-8BD909272E8D->63cacea9-0392-4939-ad39-80c4c73dd84b: receive RaftClientReply:client-8BD909272E8D->63cacea9-0392-4939-ad39-80c4c73dd84b@group-EE6C16B6C358, cid=693, SUCCESS, logIndex=871, commits[63cacea9-0392-4939-ad39-80c4c73dd84b:c871, bd7b7fea-2a7b-4c3f-852f-c014e42bfcb7:c870, 3b4aa678-22a6-4ae2-9c6a-0e71cdb9d6d0:c870]
2019-07-10 03:37:18,937 INFO  client.GrpcClientProtocolClient (GrpcClientProtocolClient.java:onNext(255)) - client-8BD909272E8D->63cacea9-0392-4939-ad39-80c4c73dd84b: receive RaftClientReply:client-8BD909272E8D->63cacea9-0392-4939-ad39-80c4c73dd84b@group-EE6C16B6C358, cid=694, SUCCESS, logIndex=872, commits[63cacea9-0392-4939-ad39-80c4c73dd84b:c872, bd7b7fea-2a7b-4c3f-852f-c014e42bfcb7:c870, 3b4aa678-22a6-4ae2-9c6a-0e71cdb9d6d0:c870]
2019-07-10 03:37:18,963 INFO  client.GrpcClientProtocolClient (GrpcClientProtocolClient.java:onNext(255)) - client-8BD909272E8D->63cacea9-0392-4939-ad39-80c4c73dd84b: receive RaftClientReply:client-8BD909272E8D->63cacea9-0392-4939-ad39-80c4c73dd84b@group-EE6C16B6C358, cid=695, SUCCESS, logIndex=875, commits[63cacea9-0392-4939-ad39-80c4c73dd84b:c876, bd7b7fea-2a7b-4c3f-852f-c014e42bfcb7:c872, 3b4aa678-22a6-4ae2-9c6a-0e71cdb9d6d0:c872]
2019-07-10 03:37:18,964 INFO  client.GrpcClientProtocolClient (GrpcClientProtocolClient.java:onNext(255)) - client-8BD909272E8D->63cacea9-0392-4939-ad39-80c4c73dd84b: receive RaftClientReply:client-8BD909272E8D->63cacea9-0392-4939-ad39-80c4c73dd84b@group-EE6C16B6C358, cid=696, SUCCESS, logIndex=876, commits[63cacea9-0392-4939-ad39-80c4c73dd84b:c876, bd7b7fea-2a7b-4c3f-852f-c014e42bfcb7:c872, 3b4aa678-22a6-4ae2-9c6a-0e71cdb9d6d0:c872]
2019-07-10 03:37:18,976 INFO  client.GrpcClientProtocolClient (GrpcClientProtocolClient.java:onNext(255)) - client-8BD909272E8D->63cacea9-0392-4939-ad39-80c4c73dd84b: receive RaftClientReply:client-8BD909272E8D->63cacea9-0392-4939-ad39-80c4c73dd84b@group-EE6C16B6C358, cid=697, SUCCESS, logIndex=0, commits[63cacea9-0392-4939-ad39-80c4c73dd84b:c877, bd7b7fea-2a7b-4c3f-852f-c014e42bfcb7:c876, 3b4aa678-22a6-4ae2-9c6a-0e71cdb9d6d0:c876]
2019-07-10 03:37:19,006 INFO  client.GrpcClientProtocolClient (GrpcClientProtocolClient.java:onNext(255)) - client-8BD909272E8D->63cacea9-0392-4939-ad39-80c4c73dd84b: receive RaftClientReply:client-8BD909272E8D->63cacea9-0392-4939-ad39-80c4c73dd84b@group-EE6C16B6C358, cid=698, SUCCESS, logIndex=879, commits[63cacea9-0392-4939-ad39-80c4c73dd84b:c881, bd7b7fea-2a7b-4c3f-852f-c014e42bfcb7:c877, 3b4aa678-22a6-4ae2-9c6a-0e71cdb9d6d0:c877]
2019-07-10 03:37:19,007 INFO  client.GrpcClientProtocolClient (GrpcClientProtocolClient.java:onNext(255)) - client-8BD909272E8D->63cacea9-0392-4939-ad39-80c4c73dd84b: receive RaftClientReply:client-8BD909272E8D->63cacea9-0392-4939-ad39-80c4c73dd84b@group-EE6C16B6C358, cid=699, SUCCESS, logIndex=880, commits[63cacea9-0392-4939-ad39-80c4c73dd84b:c882, bd7b7fea-2a7b-4c3f-852f-c014e42bfcb7:c877, 3b4aa678-22a6-4ae2-9c6a-0e71cdb9d6d0:c877]
2019-07-10 03:37:19,007 INFO  client.GrpcClientProtocolClient (GrpcClientProtocolClient.java:onNext(255)) - client-8BD909272E8D->63cacea9-0392-4939-ad39-80c4c73dd84b: receive RaftClientReply:client-8BD909272E8D->63cacea9-0392-4939-ad39-80c4c73dd84b@group-EE6C16B6C358, cid=700, SUCCESS, logIndex=881, commits[63cacea9-0392-4939-ad39-80c4c73dd84b:c882, bd7b7fea-2a7b-4c3f-852f-c014e42bfcb7:c877, 3b4aa678-22a6-4ae2-9c6a-0e71cdb9d6d0:c877]
2019-07-10 03:37:19,007 INFO  client.GrpcClientProtocolClient (GrpcClientProtocolClient.java:onNext(255)) - client-8BD909272E8D->63cacea9-0392-4939-ad39-80c4c73dd84b: receive RaftClientReply:client-8BD909272E8D->63cacea9-0392-4939-ad39-80c4c73dd84b@group-EE6C16B6C358, cid=701, SUCCESS, logIndex=882, commits[63cacea9-0392-4939-ad39-80c4c73dd84b:c882, bd7b7fea-2a7b-4c3f-852f-c014e42bfcb7:c877, 3b4aa678-22a6-4ae2-9c6a-0e71cdb9d6d0:c877]
2019-07-10 03:37:19,018 INFO  client.GrpcClientProtocolClient (GrpcClientProtocolClient.java:onNext(255)) - client-8BD909272E8D->63cacea9-0392-4939-ad39-80c4c73dd84b: receive RaftClientReply:client-8BD909272E8D->63cacea9-0392-4939-ad39-80c4c73dd84b@group-EE6C16B6C358, cid=702, SUCCESS, logIndex=0, commits[63cacea9-0392-4939-ad39-80c4c73dd84b:c886, bd7b7fea-2a7b-4c3f-852f-c014e42bfcb7:c882, 3b4aa678-22a6-4ae2-9c6a-0e71cdb9d6d0:c880]
2019-07-10 03:37:19,043 INFO  client.GrpcClientProtocolClient (GrpcClientProtocolClient.java:onNext(255)) - client-8BD909272E8D->63cacea9-0392-4939-ad39-80c4c73dd84b: receive RaftClientReply:client-8BD909272E8D->63cacea9-0392-4939-ad39-80c4c73dd84b@group-EE6C16B6C358, cid=703, SUCCESS, logIndex=887, commits[63cacea9-0392-4939-ad39-80c4c73dd84b:c888, bd7b7fea-2a7b-4c3f-852f-c014e42bfcb7:c886, 3b4aa678-22a6-4ae2-9c6a-0e71cdb9d6d0:c886]
2019-07-10 03:37:19,044 INFO  client.GrpcClientProtocolClient (GrpcClientProtocolClient.java:onNext(255)) - client-8BD909272E8D->63cacea9-0392-4939-ad39-80c4c73dd84b: receive RaftClientReply:client-8BD909272E8D->63cacea9-0392-4939-ad39-80c4c73dd84b@group-EE6C16B6C358, cid=704, SUCCESS, logIndex=888, commits[63cacea9-0392-4939-ad39-80c4c73dd84b:c888, bd7b7fea-2a7b-4c3f-852f-c014e42bfcb7:c886, 3b4aa678-22a6-4ae2-9c6a-0e71cdb9d6d0:c886]
2019-07-10 03:37:19,071 INFO  client.GrpcClientProtocolClient (GrpcClientProtocolClient.java:onNext(255)) - client-8BD909272E8D->63cacea9-0392-4939-ad39-80c4c73dd84b: receive RaftClientReply:client-8BD909272E8D->63cacea9-0392-4939-ad39-80c4c73dd84b@group-EE6C16B6C358, cid=705, SUCCESS, logIndex=891, commits[63cacea9-0392-4939-ad39-80c4c73dd84b:c892, bd7b7fea-2a7b-4c3f-852f-c014e42bfcb7:c888, 3b4aa678-22a6-4ae2-9c6a-0e71cdb9d6d0:c888]
2019-07-10 03:37:19,071 INFO  client.GrpcClientProtocolClient (GrpcClientProtocolClient.java:onNext(255)) - client-8BD909272E8D->63cacea9-0392-4939-ad39-80c4c73dd84b: receive RaftClientReply:client-8BD909272E8D->63cacea9-0392-4939-ad39-80c4c73dd84b@group-EE6C16B6C358, cid=706, SUCCESS, logIndex=892, commits[63cacea9-0392-4939-ad39-80c4c73dd84b:c892, bd7b7fea-2a7b-4c3f-852f-c014e42bfcb7:c888, 3b4aa678-22a6-4ae2-9c6a-0e71cdb9d6d0:c888]
2019-07-10 03:37:19,082 INFO  client.GrpcClientProtocolClient (GrpcClientProtocolClient.java:onNext(255)) - client-8BD909272E8D->63cacea9-0392-4939-ad39-80c4c73dd84b: receive RaftClientReply:client-8BD909272E8D->63cacea9-0392-4939-ad39-80c4c73dd84b@group-EE6C16B6C358, cid=707, SUCCESS, logIndex=0, commits[63cacea9-0392-4939-ad39-80c4c73dd84b:c893, bd7b7fea-2a7b-4c3f-852f-c014e42bfcb7:c892, 3b4aa678-22a6-4ae2-9c6a-0e71cdb9d6d0:c892]
2019-07-10 03:37:19,107 INFO  client.GrpcClientProtocolClient (GrpcClientProtocolClient.java:onNext(255)) - client-8BD909272E8D->63cacea9-0392-4939-ad39-80c4c73dd84b: receive RaftClientReply:client-8BD909272E8D->63cacea9-0392-4939-ad39-80c4c73dd84b@group-EE6C16B6C358, cid=708, SUCCESS, logIndex=895, commits[63cacea9-0392-4939-ad39-80c4c73dd84b:c896, bd7b7fea-2a7b-4c3f-852f-c014e42bfcb7:c894, 3b4aa678-22a6-4ae2-9c6a-0e71cdb9d6d0:c894]
2019-07-10 03:37:19,108 INFO  client.GrpcClientProtocolClient (GrpcClientProtocolClient.java:onNext(255)) - client-8BD909272E8D->63cacea9-0392-4939-ad39-80c4c73dd84b: receive RaftClientReply:client-8BD909272E8D->63cacea9-0392-4939-ad39-80c4c73dd84b@group-EE6C16B6C358, cid=709, SUCCESS, logIndex=896, commits[63cacea9-0392-4939-ad39-80c4c73dd84b:c896, bd7b7fea-2a7b-4c3f-852f-c014e42bfcb7:c894, 3b4aa678-22a6-4ae2-9c6a-0e71cdb9d6d0:c894]
2019-07-10 03:37:19,108 INFO  client.GrpcClientProtocolClient (GrpcClientProtocolClient.java:onNext(255)) - client-8BD909272E8D->63cacea9-0392-4939-ad39-80c4c73dd84b: receive RaftClientReply:client-8BD909272E8D->63cacea9-0392-4939-ad39-80c4c73dd84b@group-EE6C16B6C358, cid=710, SUCCESS, logIndex=897, commits[63cacea9-0392-4939-ad39-80c4c73dd84b:c898, bd7b7fea-2a7b-4c3f-852f-c014e42bfcb7:c894, 3b4aa678-22a6-4ae2-9c6a-0e71cdb9d6d0:c894]
2019-07-10 03:37:19,109 INFO  client.GrpcClientProtocolClient (GrpcClientProtocolClient.java:onNext(255)) - client-8BD909272E8D->63cacea9-0392-4939-ad39-80c4c73dd84b: receive RaftClientReply:client-8BD909272E8D->63cacea9-0392-4939-ad39-80c4c73dd84b@group-EE6C16B6C358, cid=711, SUCCESS, logIndex=898, commits[63cacea9-0392-4939-ad39-80c4c73dd84b:c898, bd7b7fea-2a7b-4c3f-852f-c014e42bfcb7:c894, 3b4aa678-22a6-4ae2-9c6a-0e71cdb9d6d0:c894]
2019-07-10 03:37:19,110 INFO  client.GrpcClientProtocolClient (GrpcClientProtocolClient.java:onNext(255)) - client-8BD909272E8D->63cacea9-0392-4939-ad39-80c4c73dd84b: receive RaftClientReply:client-8BD909272E8D->63cacea9-0392-4939-ad39-80c4c73dd84b@group-EE6C16B6C358, cid=712, SUCCESS, logIndex=0, commits[63cacea9-0392-4939-ad39-80c4c73dd84b:c900, bd7b7fea-2a7b-4c3f-852f-c014e42bfcb7:c896, 3b4aa678-22a6-4ae2-9c6a-0e71cdb9d6d0:c896]
2019-07-10 03:37:19,132 INFO  client.GrpcClientProtocolClient (GrpcClientProtocolClient.java:onNext(255)) - client-8BD909272E8D->63cacea9-0392-4939-ad39-80c4c73dd84b: receive RaftClientReply:client-8BD909272E8D->63cacea9-0392-4939-ad39-80c4c73dd84b@group-EE6C16B6C358, cid=713, SUCCESS, logIndex=902, commits[63cacea9-0392-4939-ad39-80c4c73dd84b:c903, bd7b7fea-2a7b-4c3f-852f-c014e42bfcb7:c901, 3b4aa678-22a6-4ae2-9c6a-0e71cdb9d6d0:c901]
2019-07-10 03:37:19,133 INFO  client.GrpcClientProtocolClient (GrpcClientProtocolClient.java:onNext(255)) - client-8BD909272E8D->63cacea9-0392-4939-ad39-80c4c73dd84b: receive RaftClientReply:client-8BD909272E8D->63cacea9-0392-4939-ad39-80c4c73dd84b@group-EE6C16B6C358, cid=714, SUCCESS, logIndex=903, commits[63cacea9-0392-4939-ad39-80c4c73dd84b:c903, bd7b7fea-2a7b-4c3f-852f-c014e42bfcb7:c901, 3b4aa678-22a6-4ae2-9c6a-0e71cdb9d6d0:c901]
2019-07-10 03:37:19,159 INFO  client.GrpcClientProtocolClient (GrpcClientProtocolClient.java:onNext(255)) - client-8BD909272E8D->63cacea9-0392-4939-ad39-80c4c73dd84b: receive RaftClientReply:client-8BD909272E8D->63cacea9-0392-4939-ad39-80c4c73dd84b@group-EE6C16B6C358, cid=715, SUCCESS, logIndex=906, commits[63cacea9-0392-4939-ad39-80c4c73dd84b:c907, bd7b7fea-2a7b-4c3f-852f-c014e42bfcb7:c903, 3b4aa678-22a6-4ae2-9c6a-0e71cdb9d6d0:c903]
2019-07-10 03:37:19,160 INFO  client.GrpcClientProtocolClient (GrpcClientProtocolClient.java:onNext(255)) - client-8BD909272E8D->63cacea9-0392-4939-ad39-80c4c73dd84b: receive RaftClientReply:client-8BD909272E8D->63cacea9-0392-4939-ad39-80c4c73dd84b@group-EE6C16B6C358, cid=716, SUCCESS, logIndex=907, commits[63cacea9-0392-4939-ad39-80c4c73dd84b:c907, bd7b7fea-2a7b-4c3f-852f-c014e42bfcb7:c903, 3b4aa678-22a6-4ae2-9c6a-0e71cdb9d6d0:c903]
2019-07-10 03:37:19,162 INFO  client.GrpcClientProtocolClient (GrpcClientProtocolClient.java:onNext(255)) - client-8BD909272E8D->63cacea9-0392-4939-ad39-80c4c73dd84b: receive RaftClientReply:client-8BD909272E8D->63cacea9-0392-4939-ad39-80c4c73dd84b@group-EE6C16B6C358, cid=717, SUCCESS, logIndex=0, commits[63cacea9-0392-4939-ad39-80c4c73dd84b:c908, bd7b7fea-2a7b-4c3f-852f-c014e42bfcb7:c907, 3b4aa678-22a6-4ae2-9c6a-0e71cdb9d6d0:c907]
2019-07-10 03:37:19,187 INFO  client.GrpcClientProtocolClient (GrpcClientProtocolClient.java:onNext(255)) - client-8BD909272E8D->63cacea9-0392-4939-ad39-80c4c73dd84b: receive RaftClientReply:client-8BD909272E8D->63cacea9-0392-4939-ad39-80c4c73dd84b@group-EE6C16B6C358, cid=718, SUCCESS, logIndex=910, commits[63cacea9-0392-4939-ad39-80c4c73dd84b:c911, bd7b7fea-2a7b-4c3f-852f-c014e42bfcb7:c909, 3b4aa678-22a6-4ae2-9c6a-0e71cdb9d6d0:c909]
2019-07-10 03:37:19,188 INFO  client.GrpcClientProtocolClient (GrpcClientProtocolClient.java:onNext(255)) - client-8BD909272E8D->63cacea9-0392-4939-ad39-80c4c73dd84b: receive RaftClientReply:client-8BD909272E8D->63cacea9-0392-4939-ad39-80c4c73dd84b@group-EE6C16B6C358, cid=719, SUCCESS, logIndex=911, commits[63cacea9-0392-4939-ad39-80c4c73dd84b:c911, bd7b7fea-2a7b-4c3f-852f-c014e42bfcb7:c909, 3b4aa678-22a6-4ae2-9c6a-0e71cdb9d6d0:c909]
2019-07-10 03:37:19,188 INFO  client.GrpcClientProtocolClient (GrpcClientProtocolClient.java:onNext(255)) - client-8BD909272E8D->63cacea9-0392-4939-ad39-80c4c73dd84b: receive RaftClientReply:client-8BD909272E8D->63cacea9-0392-4939-ad39-80c4c73dd84b@group-EE6C16B6C358, cid=720, SUCCESS, logIndex=912, commits[63cacea9-0392-4939-ad39-80c4c73dd84b:c913, bd7b7fea-2a7b-4c3f-852f-c014e42bfcb7:c909, 3b4aa678-22a6-4ae2-9c6a-0e71cdb9d6d0:c909]
2019-07-10 03:37:19,189 INFO  client.GrpcClientProtocolClient (GrpcClientProtocolClient.java:onNext(255)) - client-8BD909272E8D->63cacea9-0392-4939-ad39-80c4c73dd84b: receive RaftClientReply:client-8BD909272E8D->63cacea9-0392-4939-ad39-80c4c73dd84b@group-EE6C16B6C358, cid=721, SUCCESS, logIndex=913, commits[63cacea9-0392-4939-ad39-80c4c73dd84b:c913, bd7b7fea-2a7b-4c3f-852f-c014e42bfcb7:c909, 3b4aa678-22a6-4ae2-9c6a-0e71cdb9d6d0:c909]
2019-07-10 03:37:19,190 INFO  client.GrpcClientProtocolClient (GrpcClientProtocolClient.java:onNext(255)) - client-8BD909272E8D->63cacea9-0392-4939-ad39-80c4c73dd84b: receive RaftClientReply:client-8BD909272E8D->63cacea9-0392-4939-ad39-80c4c73dd84b@group-EE6C16B6C358, cid=722, SUCCESS, logIndex=0, commits[63cacea9-0392-4939-ad39-80c4c73dd84b:c916, bd7b7fea-2a7b-4c3f-852f-c014e42bfcb7:c911, 3b4aa678-22a6-4ae2-9c6a-0e71cdb9d6d0:c913]
2019-07-10 03:37:19,213 INFO  client.GrpcClientProtocolClient (GrpcClientProtocolClient.java:onNext(255)) - client-8BD909272E8D->63cacea9-0392-4939-ad39-80c4c73dd84b: receive RaftClientReply:client-8BD909272E8D->63cacea9-0392-4939-ad39-80c4c73dd84b@group-EE6C16B6C358, cid=723, SUCCESS, logIndex=917, commits[63cacea9-0392-4939-ad39-80c4c73dd84b:c918, bd7b7fea-2a7b-4c3f-852f-c014e42bfcb7:c916, 3b4aa678-22a6-4ae2-9c6a-0e71cdb9d6d0:c916]
2019-07-10 03:37:19,214 INFO  client.GrpcClientProtocolClient (GrpcClientProtocolClient.java:onNext(255)) - client-8BD909272E8D->63cacea9-0392-4939-ad39-80c4c73dd84b: receive RaftClientReply:client-8BD909272E8D->63cacea9-0392-4939-ad39-80c4c73dd84b@group-EE6C16B6C358, cid=724, SUCCESS, logIndex=918, commits[63cacea9-0392-4939-ad39-80c4c73dd84b:c918, bd7b7fea-2a7b-4c3f-852f-c014e42bfcb7:c916, 3b4aa678-22a6-4ae2-9c6a-0e71cdb9d6d0:c916]
2019-07-10 03:37:19,250 INFO  client.GrpcClientProtocolClient (GrpcClientProtocolClient.java:onNext(255)) - client-8BD909272E8D->63cacea9-0392-4939-ad39-80c4c73dd84b: receive RaftClientReply:client-8BD909272E8D->63cacea9-0392-4939-ad39-80c4c73dd84b@group-EE6C16B6C358, cid=725, SUCCESS, logIndex=921, commits[63cacea9-0392-4939-ad39-80c4c73dd84b:c922, bd7b7fea-2a7b-4c3f-852f-c014e42bfcb7:c918, 3b4aa678-22a6-4ae2-9c6a-0e71cdb9d6d0:c918]
2019-07-10 03:37:19,250 INFO  client.GrpcClientProtocolClient (GrpcClientProtocolClient.java:onNext(255)) - client-8BD909272E8D->63cacea9-0392-4939-ad39-80c4c73dd84b: receive RaftClientReply:client-8BD909272E8D->63cacea9-0392-4939-ad39-80c4c73dd84b@group-EE6C16B6C358, cid=726, SUCCESS, logIndex=922, commits[63cacea9-0392-4939-ad39-80c4c73dd84b:c922, bd7b7fea-2a7b-4c3f-852f-c014e42bfcb7:c918, 3b4aa678-22a6-4ae2-9c6a-0e71cdb9d6d0:c918]
2019-07-10 03:37:19,262 INFO  client.GrpcClientProtocolClient (GrpcClientProtocolClient.java:onNext(255)) - client-8BD909272E8D->63cacea9-0392-4939-ad39-80c4c73dd84b: receive RaftClientReply:client-8BD909272E8D->63cacea9-0392-4939-ad39-80c4c73dd84b@group-EE6C16B6C358, cid=727, SUCCESS, logIndex=0, commits[63cacea9-0392-4939-ad39-80c4c73dd84b:c924, bd7b7fea-2a7b-4c3f-852f-c014e42bfcb7:c922, 3b4aa678-22a6-4ae2-9c6a-0e71cdb9d6d0:c922]
2019-07-10 03:37:19,288 INFO  client.GrpcClientProtocolClient (GrpcClientProtocolClient.java:onNext(255)) - client-8BD909272E8D->63cacea9-0392-4939-ad39-80c4c73dd84b: receive RaftClientReply:client-8BD909272E8D->63cacea9-0392-4939-ad39-80c4c73dd84b@group-EE6C16B6C358, cid=728, SUCCESS, logIndex=925, commits[63cacea9-0392-4939-ad39-80c4c73dd84b:c926, bd7b7fea-2a7b-4c3f-852f-c014e42bfcb7:c924, 3b4aa678-22a6-4ae2-9c6a-0e71cdb9d6d0:c924]
2019-07-10 03:37:19,289 INFO  client.GrpcClientProtocolClient (GrpcClientProtocolClient.java:onNext(255)) - client-8BD909272E8D->63cacea9-0392-4939-ad39-80c4c73dd84b: receive RaftClientReply:client-8BD909272E8D->63cacea9-0392-4939-ad39-80c4c73dd84b@group-EE6C16B6C358, cid=729, SUCCESS, logIndex=926, commits[63cacea9-0392-4939-ad39-80c4c73dd84b:c926, bd7b7fea-2a7b-4c3f-852f-c014e42bfcb7:c924, 3b4aa678-22a6-4ae2-9c6a-0e71cdb9d6d0:c924]
2019-07-10 03:37:19,290 INFO  client.GrpcClientProtocolClient (GrpcClientProtocolClient.java:onNext(255)) - client-8BD909272E8D->63cacea9-0392-4939-ad39-80c4c73dd84b: receive RaftClientReply:client-8BD909272E8D->63cacea9-0392-4939-ad39-80c4c73dd84b@group-EE6C16B6C358, cid=730, SUCCESS, logIndex=927, commits[63cacea9-0392-4939-ad39-80c4c73dd84b:c928, bd7b7fea-2a7b-4c3f-852f-c014e42bfcb7:c924, 3b4aa678-22a6-4ae2-9c6a-0e71cdb9d6d0:c924]
2019-07-10 03:37:19,290 INFO  client.GrpcClientProtocolClient (GrpcClientProtocolClient.java:onNext(255)) - client-8BD909272E8D->63cacea9-0392-4939-ad39-80c4c73dd84b: receive RaftClientReply:client-8BD909272E8D->63cacea9-0392-4939-ad39-80c4c73dd84b@group-EE6C16B6C358, cid=731, SUCCESS, logIndex=928, commits[63cacea9-0392-4939-ad39-80c4c73dd84b:c928, bd7b7fea-2a7b-4c3f-852f-c014e42bfcb7:c924, 3b4aa678-22a6-4ae2-9c6a-0e71cdb9d6d0:c924]
2019-07-10 03:37:19,292 INFO  client.GrpcClientProtocolClient (GrpcClientProtocolClient.java:onNext(255)) - client-8BD909272E8D->63cacea9-0392-4939-ad39-80c4c73dd84b: receive RaftClientReply:client-8BD909272E8D->63cacea9-0392-4939-ad39-80c4c73dd84b@group-EE6C16B6C358, cid=732, SUCCESS, logIndex=0, commits[63cacea9-0392-4939-ad39-80c4c73dd84b:c930, bd7b7fea-2a7b-4c3f-852f-c014e42bfcb7:c926, 3b4aa678-22a6-4ae2-9c6a-0e71cdb9d6d0:c926]
2019-07-10 03:37:19,314 INFO  client.GrpcClientProtocolClient (GrpcClientProtocolClient.java:onNext(255)) - client-8BD909272E8D->63cacea9-0392-4939-ad39-80c4c73dd84b: receive RaftClientReply:client-8BD909272E8D->63cacea9-0392-4939-ad39-80c4c73dd84b@group-EE6C16B6C358, cid=733, SUCCESS, logIndex=933, commits[63cacea9-0392-4939-ad39-80c4c73dd84b:c934, bd7b7fea-2a7b-4c3f-852f-c014e42bfcb7:c932, 3b4aa678-22a6-4ae2-9c6a-0e71cdb9d6d0:c932]
2019-07-10 03:37:19,315 INFO  client.GrpcClientProtocolClient (GrpcClientProtocolClient.java:onNext(255)) - client-8BD909272E8D->63cacea9-0392-4939-ad39-80c4c73dd84b: receive RaftClientReply:client-8BD909272E8D->63cacea9-0392-4939-ad39-80c4c73dd84b@group-EE6C16B6C358, cid=734, SUCCESS, logIndex=934, commits[63cacea9-0392-4939-ad39-80c4c73dd84b:c934, bd7b7fea-2a7b-4c3f-852f-c014e42bfcb7:c932, 3b4aa678-22a6-4ae2-9c6a-0e71cdb9d6d0:c932]
2019-07-10 03:37:19,341 INFO  client.GrpcClientProtocolClient (GrpcClientProtocolClient.java:onNext(255)) - client-8BD909272E8D->63cacea9-0392-4939-ad39-80c4c73dd84b: receive RaftClientReply:client-8BD909272E8D->63cacea9-0392-4939-ad39-80c4c73dd84b@group-EE6C16B6C358, cid=735, SUCCESS, logIndex=937, commits[63cacea9-0392-4939-ad39-80c4c73dd84b:c938, bd7b7fea-2a7b-4c3f-852f-c014e42bfcb7:c934, 3b4aa678-22a6-4ae2-9c6a-0e71cdb9d6d0:c934]
2019-07-10 03:37:19,342 INFO  client.GrpcClientProtocolClient (GrpcClientProtocolClient.java:onNext(255)) - client-8BD909272E8D->63cacea9-0392-4939-ad39-80c4c73dd84b: receive RaftClientReply:client-8BD909272E8D->63cacea9-0392-4939-ad39-80c4c73dd84b@group-EE6C16B6C358, cid=736, SUCCESS, logIndex=938, commits[63cacea9-0392-4939-ad39-80c4c73dd84b:c938, bd7b7fea-2a7b-4c3f-852f-c014e42bfcb7:c934, 3b4aa678-22a6-4ae2-9c6a-0e71cdb9d6d0:c934]
2019-07-10 03:37:19,344 INFO  client.GrpcClientProtocolClient (GrpcClientProtocolClient.java:onNext(255)) - client-8BD909272E8D->63cacea9-0392-4939-ad39-80c4c73dd84b: receive RaftClientReply:client-8BD909272E8D->63cacea9-0392-4939-ad39-80c4c73dd84b@group-EE6C16B6C358, cid=737, SUCCESS, logIndex=0, commits[63cacea9-0392-4939-ad39-80c4c73dd84b:c940, bd7b7fea-2a7b-4c3f-852f-c014e42bfcb7:c938, 3b4aa678-22a6-4ae2-9c6a-0e71cdb9d6d0:c938]
2019-07-10 03:37:19,367 INFO  client.GrpcClientProtocolClient (GrpcClientProtocolClient.java:onNext(255)) - client-8BD909272E8D->63cacea9-0392-4939-ad39-80c4c73dd84b: receive RaftClientReply:client-8BD909272E8D->63cacea9-0392-4939-ad39-80c4c73dd84b@group-EE6C16B6C358, cid=738, SUCCESS, logIndex=941, commits[63cacea9-0392-4939-ad39-80c4c73dd84b:c942, bd7b7fea-2a7b-4c3f-852f-c014e42bfcb7:c940, 3b4aa678-22a6-4ae2-9c6a-0e71cdb9d6d0:c940]
2019-07-10 03:37:19,368 INFO  client.GrpcClientProtocolClient (GrpcClientProtocolClient.java:onNext(255)) - client-8BD909272E8D->63cacea9-0392-4939-ad39-80c4c73dd84b: receive RaftClientReply:client-8BD909272E8D->63cacea9-0392-4939-ad39-80c4c73dd84b@group-EE6C16B6C358, cid=739, SUCCESS, logIndex=942, commits[63cacea9-0392-4939-ad39-80c4c73dd84b:c944, bd7b7fea-2a7b-4c3f-852f-c014e42bfcb7:c940, 3b4aa678-22a6-4ae2-9c6a-0e71cdb9d6d0:c940]
2019-07-10 03:37:19,368 INFO  client.GrpcClientProtocolClient (GrpcClientProtocolClient.java:onNext(255)) - client-8BD909272E8D->63cacea9-0392-4939-ad39-80c4c73dd84b: receive RaftClientReply:client-8BD909272E8D->63cacea9-0392-4939-ad39-80c4c73dd84b@group-EE6C16B6C358, cid=740, SUCCESS, logIndex=943, commits[63cacea9-0392-4939-ad39-80c4c73dd84b:c944, bd7b7fea-2a7b-4c3f-852f-c014e42bfcb7:c940, 3b4aa678-22a6-4ae2-9c6a-0e71cdb9d6d0:c940]
2019-07-10 03:37:19,368 INFO  client.GrpcClientProtocolClient (GrpcClientProtocolClient.java:onNext(255)) - client-8BD909272E8D->63cacea9-0392-4939-ad39-80c4c73dd84b: receive RaftClientReply:client-8BD909272E8D->63cacea9-0392-4939-ad39-80c4c73dd84b@group-EE6C16B6C358, cid=741, SUCCESS, logIndex=944, commits[63cacea9-0392-4939-ad39-80c4c73dd84b:c944, bd7b7fea-2a7b-4c3f-852f-c014e42bfcb7:c940, 3b4aa678-22a6-4ae2-9c6a-0e71cdb9d6d0:c940]
2019-07-10 03:37:19,370 INFO  client.GrpcClientProtocolClient (GrpcClientProtocolClient.java:onNext(255)) - client-8BD909272E8D->63cacea9-0392-4939-ad39-80c4c73dd84b: receive RaftClientReply:client-8BD909272E8D->63cacea9-0392-4939-ad39-80c4c73dd84b@group-EE6C16B6C358, cid=742, SUCCESS, logIndex=0, commits[63cacea9-0392-4939-ad39-80c4c73dd84b:c948, bd7b7fea-2a7b-4c3f-852f-c014e42bfcb7:c944, 3b4aa678-22a6-4ae2-9c6a-0e71cdb9d6d0:c942]
2019-07-10 03:37:19,392 INFO  client.GrpcClientProtocolClient (GrpcClientProtocolClient.java:onNext(255)) - client-8BD909272E8D->63cacea9-0392-4939-ad39-80c4c73dd84b: receive RaftClientReply:client-8BD909272E8D->63cacea9-0392-4939-ad39-80c4c73dd84b@group-EE6C16B6C358, cid=743, SUCCESS, logIndex=949, commits[63cacea9-0392-4939-ad39-80c4c73dd84b:c950, bd7b7fea-2a7b-4c3f-852f-c014e42bfcb7:c948, 3b4aa678-22a6-4ae2-9c6a-0e71cdb9d6d0:c948]
2019-07-10 03:37:19,392 INFO  client.GrpcClientProtocolClient (GrpcClientProtocolClient.java:onNext(255)) - client-8BD909272E8D->63cacea9-0392-4939-ad39-80c4c73dd84b: receive RaftClientReply:client-8BD909272E8D->63cacea9-0392-4939-ad39-80c4c73dd84b@group-EE6C16B6C358, cid=744, SUCCESS, logIndex=950, commits[63cacea9-0392-4939-ad39-80c4c73dd84b:c950, bd7b7fea-2a7b-4c3f-852f-c014e42bfcb7:c948, 3b4aa678-22a6-4ae2-9c6a-0e71cdb9d6d0:c948]
2019-07-10 03:37:19,417 INFO  client.GrpcClientProtocolClient (GrpcClientProtocolClient.java:onNext(255)) - client-8BD909272E8D->63cacea9-0392-4939-ad39-80c4c73dd84b: receive RaftClientReply:client-8BD909272E8D->63cacea9-0392-4939-ad39-80c4c73dd84b@group-EE6C16B6C358, cid=745, SUCCESS, logIndex=953, commits[63cacea9-0392-4939-ad39-80c4c73dd84b:c954, bd7b7fea-2a7b-4c3f-852f-c014e42bfcb7:c950, 3b4aa678-22a6-4ae2-9c6a-0e71cdb9d6d0:c950]
2019-07-10 03:37:19,417 INFO  client.GrpcClientProtocolClient (GrpcClientProtocolClient.java:onNext(255)) - client-8BD909272E8D->63cacea9-0392-4939-ad39-80c4c73dd84b: receive RaftClientReply:client-8BD909272E8D->63cacea9-0392-4939-ad39-80c4c73dd84b@group-EE6C16B6C358, cid=746, SUCCESS, logIndex=954, commits[63cacea9-0392-4939-ad39-80c4c73dd84b:c954, bd7b7fea-2a7b-4c3f-852f-c014e42bfcb7:c950, 3b4aa678-22a6-4ae2-9c6a-0e71cdb9d6d0:c950]
2019-07-10 03:37:19,419 INFO  client.GrpcClientProtocolClient (GrpcClientProtocolClient.java:onNext(255)) - client-8BD909272E8D->63cacea9-0392-4939-ad39-80c4c73dd84b: receive RaftClientReply:client-8BD909272E8D->63cacea9-0392-4939-ad39-80c4c73dd84b@group-EE6C16B6C358, cid=747, SUCCESS, logIndex=0, commits[63cacea9-0392-4939-ad39-80c4c73dd84b:c955, bd7b7fea-2a7b-4c3f-852f-c014e42bfcb7:c954, 3b4aa678-22a6-4ae2-9c6a-0e71cdb9d6d0:c954]
2019-07-10 03:37:19,441 INFO  client.GrpcClientProtocolClient (GrpcClientProtocolClient.java:onNext(255)) - client-8BD909272E8D->63cacea9-0392-4939-ad39-80c4c73dd84b: receive RaftClientReply:client-8BD909272E8D->63cacea9-0392-4939-ad39-80c4c73dd84b@group-EE6C16B6C358, cid=748, SUCCESS, logIndex=957, commits[63cacea9-0392-4939-ad39-80c4c73dd84b:c958, bd7b7fea-2a7b-4c3f-852f-c014e42bfcb7:c956, 3b4aa678-22a6-4ae2-9c6a-0e71cdb9d6d0:c956]
2019-07-10 03:37:19,442 INFO  client.GrpcClientProtocolClient (GrpcClientProtocolClient.java:onNext(255)) - client-8BD909272E8D->63cacea9-0392-4939-ad39-80c4c73dd84b: receive RaftClientReply:client-8BD909272E8D->63cacea9-0392-4939-ad39-80c4c73dd84b@group-EE6C16B6C358, cid=749, SUCCESS, logIndex=958, commits[63cacea9-0392-4939-ad39-80c4c73dd84b:c958, bd7b7fea-2a7b-4c3f-852f-c014e42bfcb7:c956, 3b4aa678-22a6-4ae2-9c6a-0e71cdb9d6d0:c956]
2019-07-10 03:37:19,442 INFO  client.GrpcClientProtocolClient (GrpcClientProtocolClient.java:onNext(255)) - client-8BD909272E8D->63cacea9-0392-4939-ad39-80c4c73dd84b: receive RaftClientReply:client-8BD909272E8D->63cacea9-0392-4939-ad39-80c4c73dd84b@group-EE6C16B6C358, cid=750, SUCCESS, logIndex=959, commits[63cacea9-0392-4939-ad39-80c4c73dd84b:c959, bd7b7fea-2a7b-4c3f-852f-c014e42bfcb7:c956, 3b4aa678-22a6-4ae2-9c6a-0e71cdb9d6d0:c956]
2019-07-10 03:37:19,443 INFO  client.GrpcClientProtocolClient (GrpcClientProtocolClient.java:onNext(255)) - client-8BD909272E8D->63cacea9-0392-4939-ad39-80c4c73dd84b: receive RaftClientReply:client-8BD909272E8D->63cacea9-0392-4939-ad39-80c4c73dd84b@group-EE6C16B6C358, cid=751, SUCCESS, logIndex=960, commits[63cacea9-0392-4939-ad39-80c4c73dd84b:c960, bd7b7fea-2a7b-4c3f-852f-c014e42bfcb7:c956, 3b4aa678-22a6-4ae2-9c6a-0e71cdb9d6d0:c956]
2019-07-10 03:37:19,444 INFO  client.GrpcClientProtocolClient (GrpcClientProtocolClient.java:onNext(255)) - client-8BD909272E8D->63cacea9-0392-4939-ad39-80c4c73dd84b: receive RaftClientReply:client-8BD909272E8D->63cacea9-0392-4939-ad39-80c4c73dd84b@group-EE6C16B6C358, cid=752, SUCCESS, logIndex=0, commits[63cacea9-0392-4939-ad39-80c4c73dd84b:c964, bd7b7fea-2a7b-4c3f-852f-c014e42bfcb7:c958, 3b4aa678-22a6-4ae2-9c6a-0e71cdb9d6d0:c960]
2019-07-10 03:37:19,464 INFO  client.GrpcClientProtocolClient (GrpcClientProtocolClient.java:onNext(255)) - client-8BD909272E8D->63cacea9-0392-4939-ad39-80c4c73dd84b: receive RaftClientReply:client-8BD909272E8D->63cacea9-0392-4939-ad39-80c4c73dd84b@group-EE6C16B6C358, cid=753, SUCCESS, logIndex=965, commits[63cacea9-0392-4939-ad39-80c4c73dd84b:c966, bd7b7fea-2a7b-4c3f-852f-c014e42bfcb7:c964, 3b4aa678-22a6-4ae2-9c6a-0e71cdb9d6d0:c964]
2019-07-10 03:37:19,464 INFO  client.GrpcClientProtocolClient (GrpcClientProtocolClient.java:onNext(255)) - client-8BD909272E8D->63cacea9-0392-4939-ad39-80c4c73dd84b: receive RaftClientReply:client-8BD909272E8D->63cacea9-0392-4939-ad39-80c4c73dd84b@group-EE6C16B6C358, cid=754, SUCCESS, logIndex=966, commits[63cacea9-0392-4939-ad39-80c4c73dd84b:c966, bd7b7fea-2a7b-4c3f-852f-c014e42bfcb7:c964, 3b4aa678-22a6-4ae2-9c6a-0e71cdb9d6d0:c964]
2019-07-10 03:37:19,477 INFO  client.GrpcClientProtocolClient (GrpcClientProtocolClient.java:onNext(255)) - client-8BD909272E8D->63cacea9-0392-4939-ad39-80c4c73dd84b: receive RaftClientReply:client-8BD909272E8D->63cacea9-0392-4939-ad39-80c4c73dd84b@group-EE6C16B6C358, cid=755, SUCCESS, logIndex=969, commits[63cacea9-0392-4939-ad39-80c4c73dd84b:c970, bd7b7fea-2a7b-4c3f-852f-c014e42bfcb7:c966, 3b4aa678-22a6-4ae2-9c6a-0e71cdb9d6d0:c966]
2019-07-10 03:37:19,477 INFO  client.GrpcClientProtocolClient (GrpcClientProtocolClient.java:onNext(255)) - client-8BD909272E8D->63cacea9-0392-4939-ad39-80c4c73dd84b: receive RaftClientReply:client-8BD909272E8D->63cacea9-0392-4939-ad39-80c4c73dd84b@group-EE6C16B6C358, cid=756, SUCCESS, logIndex=970, commits[63cacea9-0392-4939-ad39-80c4c73dd84b:c970, bd7b7fea-2a7b-4c3f-852f-c014e42bfcb7:c966, 3b4aa678-22a6-4ae2-9c6a-0e71cdb9d6d0:c966]
2019-07-10 03:37:19,480 INFO  client.GrpcClientProtocolClient (GrpcClientProtocolClient.java:onNext(255)) - client-8BD909272E8D->63cacea9-0392-4939-ad39-80c4c73dd84b: receive RaftClientReply:client-8BD909272E8D->63cacea9-0392-4939-ad39-80c4c73dd84b@group-EE6C16B6C358, cid=757, SUCCESS, logIndex=0, commits[63cacea9-0392-4939-ad39-80c4c73dd84b:c971, bd7b7fea-2a7b-4c3f-852f-c014e42bfcb7:c970, 3b4aa678-22a6-4ae2-9c6a-0e71cdb9d6d0:c970]
2019-07-10 03:37:19,500 INFO  client.GrpcClientProtocolClient (GrpcClientProtocolClient.java:onNext(255)) - client-8BD909272E8D->63cacea9-0392-4939-ad39-80c4c73dd84b: receive RaftClientReply:client-8BD909272E8D->63cacea9-0392-4939-ad39-80c4c73dd84b@group-EE6C16B6C358, cid=758, SUCCESS, logIndex=973, commits[63cacea9-0392-4939-ad39-80c4c73dd84b:c974, bd7b7fea-2a7b-4c3f-852f-c014e42bfcb7:c972, 3b4aa678-22a6-4ae2-9c6a-0e71cdb9d6d0:c972]
2019-07-10 03:37:19,501 INFO  client.GrpcClientProtocolClient (GrpcClientProtocolClient.java:onNext(255)) - client-8BD909272E8D->63cacea9-0392-4939-ad39-80c4c73dd84b: receive RaftClientReply:client-8BD909272E8D->63cacea9-0392-4939-ad39-80c4c73dd84b@group-EE6C16B6C358, cid=759, SUCCESS, logIndex=974, commits[63cacea9-0392-4939-ad39-80c4c73dd84b:c976, bd7b7fea-2a7b-4c3f-852f-c014e42bfcb7:c972, 3b4aa678-22a6-4ae2-9c6a-0e71cdb9d6d0:c972]
2019-07-10 03:37:19,501 INFO  client.GrpcClientProtocolClient (GrpcClientProtocolClient.java:onNext(255)) - client-8BD909272E8D->63cacea9-0392-4939-ad39-80c4c73dd84b: receive RaftClientReply:client-8BD909272E8D->63cacea9-0392-4939-ad39-80c4c73dd84b@group-EE6C16B6C358, cid=760, SUCCESS, logIndex=975, commits[63cacea9-0392-4939-ad39-80c4c73dd84b:c976, bd7b7fea-2a7b-4c3f-852f-c014e42bfcb7:c972, 3b4aa678-22a6-4ae2-9c6a-0e71cdb9d6d0:c972]
2019-07-10 03:37:19,502 INFO  client.GrpcClientProtocolClient (GrpcClientProtocolClient.java:onNext(255)) - client-8BD909272E8D->63cacea9-0392-4939-ad39-80c4c73dd84b: receive RaftClientReply:client-8BD909272E8D->63cacea9-0392-4939-ad39-80c4c73dd84b@group-EE6C16B6C358, cid=761, SUCCESS, logIndex=976, commits[63cacea9-0392-4939-ad39-80c4c73dd84b:c977, bd7b7fea-2a7b-4c3f-852f-c014e42bfcb7:c972, 3b4aa678-22a6-4ae2-9c6a-0e71cdb9d6d0:c974]
2019-07-10 03:37:19,503 INFO  client.GrpcClientProtocolClient (GrpcClientProtocolClient.java:onNext(255)) - client-8BD909272E8D->63cacea9-0392-4939-ad39-80c4c73dd84b: receive RaftClientReply:client-8BD909272E8D->63cacea9-0392-4939-ad39-80c4c73dd84b@group-EE6C16B6C358, cid=762, SUCCESS, logIndex=0, commits[63cacea9-0392-4939-ad39-80c4c73dd84b:c980, bd7b7fea-2a7b-4c3f-852f-c014e42bfcb7:c975, 3b4aa678-22a6-4ae2-9c6a-0e71cdb9d6d0:c976]
2019-07-10 03:37:19,515 INFO  client.GrpcClientProtocolClient (GrpcClientProtocolClient.java:onNext(255)) - client-8BD909272E8D->63cacea9-0392-4939-ad39-80c4c73dd84b: receive RaftClientReply:client-8BD909272E8D->63cacea9-0392-4939-ad39-80c4c73dd84b@group-EE6C16B6C358, cid=763, SUCCESS, logIndex=981, commits[63cacea9-0392-4939-ad39-80c4c73dd84b:c982, bd7b7fea-2a7b-4c3f-852f-c014e42bfcb7:c976, 3b4aa678-22a6-4ae2-9c6a-0e71cdb9d6d0:c980]
2019-07-10 03:37:19,516 INFO  client.GrpcClientProtocolClient (GrpcClientProtocolClient.java:onNext(255)) - client-8BD909272E8D->63cacea9-0392-4939-ad39-80c4c73dd84b: receive RaftClientReply:client-8BD909272E8D->63cacea9-0392-4939-ad39-80c4c73dd84b@group-EE6C16B6C358, cid=764, SUCCESS, logIndex=982, commits[63cacea9-0392-4939-ad39-80c4c73dd84b:c982, bd7b7fea-2a7b-4c3f-852f-c014e42bfcb7:c976, 3b4aa678-22a6-4ae2-9c6a-0e71cdb9d6d0:c980]
2019-07-10 03:37:19,535 INFO  client.GrpcClientProtocolClient (GrpcClientProtocolClient.java:onNext(255)) - client-8BD909272E8D->63cacea9-0392-4939-ad39-80c4c73dd84b: receive RaftClientReply:client-8BD909272E8D->63cacea9-0392-4939-ad39-80c4c73dd84b@group-EE6C16B6C358, cid=765, SUCCESS, logIndex=985, commits[63cacea9-0392-4939-ad39-80c4c73dd84b:c986, bd7b7fea-2a7b-4c3f-852f-c014e42bfcb7:c984, 3b4aa678-22a6-4ae2-9c6a-0e71cdb9d6d0:c984]
2019-07-10 03:37:19,536 INFO  client.GrpcClientProtocolClient (GrpcClientProtocolClient.java:onNext(255)) - client-8BD909272E8D->63cacea9-0392-4939-ad39-80c4c73dd84b: receive RaftClientReply:client-8BD909272E8D->63cacea9-0392-4939-ad39-80c4c73dd84b@group-EE6C16B6C358, cid=766, SUCCESS, logIndex=986, commits[63cacea9-0392-4939-ad39-80c4c73dd84b:c986, bd7b7fea-2a7b-4c3f-852f-c014e42bfcb7:c984, 3b4aa678-22a6-4ae2-9c6a-0e71cdb9d6d0:c984]
2019-07-10 03:37:19,548 INFO  client.GrpcClientProtocolClient (GrpcClientProtocolClient.java:onNext(255)) - client-8BD909272E8D->63cacea9-0392-4939-ad39-80c4c73dd84b: receive RaftClientReply:client-8BD909272E8D->63cacea9-0392-4939-ad39-80c4c73dd84b@group-EE6C16B6C358, cid=767, SUCCESS, logIndex=0, commits[63cacea9-0392-4939-ad39-80c4c73dd84b:c988, bd7b7fea-2a7b-4c3f-852f-c014e42bfcb7:c986, 3b4aa678-22a6-4ae2-9c6a-0e71cdb9d6d0:c986]
 0.00% |█                                                                                                    |  0/1 Time: 0:00:022019-07-10 03:37:19,668 INFO  client.GrpcClientProtocolClient (GrpcClientProtocolClient.java:onNext(255)) - client-8BD909272E8D->63cacea9-0392-4939-ad39-80c4c73dd84b: receive RaftClientReply:client-8BD909272E8D->63cacea9-0392-4939-ad39-80c4c73dd84b@group-EE6C16B6C358, cid=768, SUCCESS, logIndex=989, commits[63cacea9-0392-4939-ad39-80c4c73dd84b:c990, bd7b7fea-2a7b-4c3f-852f-c014e42bfcb7:c988, 3b4aa678-22a6-4ae2-9c6a-0e71cdb9d6d0:c988]
2019-07-10 03:37:19,669 INFO  client.GrpcClientProtocolClient (GrpcClientProtocolClient.java:onNext(255)) - client-8BD909272E8D->63cacea9-0392-4939-ad39-80c4c73dd84b: receive RaftClientReply:client-8BD909272E8D->63cacea9-0392-4939-ad39-80c4c73dd84b@group-EE6C16B6C358, cid=769, SUCCESS, logIndex=990, commits[63cacea9-0392-4939-ad39-80c4c73dd84b:c990, bd7b7fea-2a7b-4c3f-852f-c014e42bfcb7:c988, 3b4aa678-22a6-4ae2-9c6a-0e71cdb9d6d0:c988]
2019-07-10 03:37:19,670 INFO  client.GrpcClientProtocolClient (GrpcClientProtocolClient.java:onNext(255)) - client-8BD909272E8D->63cacea9-0392-4939-ad39-80c4c73dd84b: receive RaftClientReply:client-8BD909272E8D->63cacea9-0392-4939-ad39-80c4c73dd84b@group-EE6C16B6C358, cid=770, SUCCESS, logIndex=991, commits[63cacea9-0392-4939-ad39-80c4c73dd84b:c992, bd7b7fea-2a7b-4c3f-852f-c014e42bfcb7:c988, 3b4aa678-22a6-4ae2-9c6a-0e71cdb9d6d0:c988]
2019-07-10 03:37:19,670 INFO  client.GrpcClientProtocolClient (GrpcClientProtocolClient.java:onNext(255)) - client-8BD909272E8D->63cacea9-0392-4939-ad39-80c4c73dd84b: receive RaftClientReply:client-8BD909272E8D->63cacea9-0392-4939-ad39-80c4c73dd84b@group-EE6C16B6C358, cid=771, SUCCESS, logIndex=992, commits[63cacea9-0392-4939-ad39-80c4c73dd84b:c992, bd7b7fea-2a7b-4c3f-852f-c014e42bfcb7:c988, 3b4aa678-22a6-4ae2-9c6a-0e71cdb9d6d0:c988]
2019-07-10 03:37:19,672 INFO  client.GrpcClientProtocolClient (GrpcClientProtocolClient.java:onNext(255)) - client-8BD909272E8D->63cacea9-0392-4939-ad39-80c4c73dd84b: receive RaftClientReply:client-8BD909272E8D->63cacea9-0392-4939-ad39-80c4c73dd84b@group-EE6C16B6C358, cid=772, SUCCESS, logIndex=0, commits[63cacea9-0392-4939-ad39-80c4c73dd84b:c996, bd7b7fea-2a7b-4c3f-852f-c014e42bfcb7:c992, 3b4aa678-22a6-4ae2-9c6a-0e71cdb9d6d0:c992]
2019-07-10 03:37:19,694 INFO  client.GrpcClientProtocolClient (GrpcClientProtocolClient.java:onNext(255)) - client-8BD909272E8D->63cacea9-0392-4939-ad39-80c4c73dd84b: receive RaftClientReply:client-8BD909272E8D->63cacea9-0392-4939-ad39-80c4c73dd84b@group-EE6C16B6C358, cid=773, SUCCESS, logIndex=997, commits[63cacea9-0392-4939-ad39-80c4c73dd84b:c998, bd7b7fea-2a7b-4c3f-852f-c014e42bfcb7:c996, 3b4aa678-22a6-4ae2-9c6a-0e71cdb9d6d0:c996]
2019-07-10 03:37:19,695 INFO  client.GrpcClientProtocolClient (GrpcClientProtocolClient.java:onNext(255)) - client-8BD909272E8D->63cacea9-0392-4939-ad39-80c4c73dd84b: receive RaftClientReply:client-8BD909272E8D->63cacea9-0392-4939-ad39-80c4c73dd84b@group-EE6C16B6C358, cid=774, SUCCESS, logIndex=998, commits[63cacea9-0392-4939-ad39-80c4c73dd84b:c998, bd7b7fea-2a7b-4c3f-852f-c014e42bfcb7:c996, 3b4aa678-22a6-4ae2-9c6a-0e71cdb9d6d0:c996]
2019-07-10 03:37:19,720 INFO  client.GrpcClientProtocolClient (GrpcClientProtocolClient.java:onNext(255)) - client-8BD909272E8D->63cacea9-0392-4939-ad39-80c4c73dd84b: receive RaftClientReply:client-8BD909272E8D->63cacea9-0392-4939-ad39-80c4c73dd84b@group-EE6C16B6C358, cid=775, SUCCESS, logIndex=1001, commits[63cacea9-0392-4939-ad39-80c4c73dd84b:c1002, bd7b7fea-2a7b-4c3f-852f-c014e42bfcb7:c998, 3b4aa678-22a6-4ae2-9c6a-0e71cdb9d6d0:c998]
2019-07-10 03:37:19,721 INFO  client.GrpcClientProtocolClient (GrpcClientProtocolClient.java:onNext(255)) - client-8BD909272E8D->63cacea9-0392-4939-ad39-80c4c73dd84b: receive RaftClientReply:client-8BD909272E8D->63cacea9-0392-4939-ad39-80c4c73dd84b@group-EE6C16B6C358, cid=776, SUCCESS, logIndex=1002, commits[63cacea9-0392-4939-ad39-80c4c73dd84b:c1002, bd7b7fea-2a7b-4c3f-852f-c014e42bfcb7:c998, 3b4aa678-22a6-4ae2-9c6a-0e71cdb9d6d0:c998]
2019-07-10 03:37:19,733 INFO  client.GrpcClientProtocolClient (GrpcClientProtocolClient.java:onNext(255)) - client-8BD909272E8D->63cacea9-0392-4939-ad39-80c4c73dd84b: receive RaftClientReply:client-8BD909272E8D->63cacea9-0392-4939-ad39-80c4c73dd84b@group-EE6C16B6C358, cid=777, SUCCESS, logIndex=0, commits[63cacea9-0392-4939-ad39-80c4c73dd84b:c1003, bd7b7fea-2a7b-4c3f-852f-c014e42bfcb7:c1002, 3b4aa678-22a6-4ae2-9c6a-0e71cdb9d6d0:c1002]
2019-07-10 03:37:19,758 INFO  client.GrpcClientProtocolClient (GrpcClientProtocolClient.java:onNext(255)) - client-8BD909272E8D->63cacea9-0392-4939-ad39-80c4c73dd84b: receive RaftClientReply:client-8BD909272E8D->63cacea9-0392-4939-ad39-80c4c73dd84b@group-EE6C16B6C358, cid=778, SUCCESS, logIndex=1005, commits[63cacea9-0392-4939-ad39-80c4c73dd84b:c1006, bd7b7fea-2a7b-4c3f-852f-c014e42bfcb7:c1004, 3b4aa678-22a6-4ae2-9c6a-0e71cdb9d6d0:c1004]
2019-07-10 03:37:19,759 INFO  client.GrpcClientProtocolClient (GrpcClientProtocolClient.java:onNext(255)) - client-8BD909272E8D->63cacea9-0392-4939-ad39-80c4c73dd84b: receive RaftClientReply:client-8BD909272E8D->63cacea9-0392-4939-ad39-80c4c73dd84b@group-EE6C16B6C358, cid=779, SUCCESS, logIndex=1006, commits[63cacea9-0392-4939-ad39-80c4c73dd84b:c1006, bd7b7fea-2a7b-4c3f-852f-c014e42bfcb7:c1004, 3b4aa678-22a6-4ae2-9c6a-0e71cdb9d6d0:c1004]
2019-07-10 03:37:19,766 INFO  client.GrpcClientProtocolClient (GrpcClientProtocolClient.java:onNext(255)) - client-8BD909272E8D->63cacea9-0392-4939-ad39-80c4c73dd84b: receive RaftClientReply:client-8BD909272E8D->63cacea9-0392-4939-ad39-80c4c73dd84b@group-EE6C16B6C358, cid=780, SUCCESS, logIndex=1007, commits[63cacea9-0392-4939-ad39-80c4c73dd84b:c1009, bd7b7fea-2a7b-4c3f-852f-c014e42bfcb7:c1004, 3b4aa678-22a6-4ae2-9c6a-0e71cdb9d6d0:c1005]
2019-07-10 03:37:19,766 INFO  client.GrpcClientProtocolClient (GrpcClientProtocolClient.java:onNext(255)) - client-8BD909272E8D->63cacea9-0392-4939-ad39-80c4c73dd84b: receive RaftClientReply:client-8BD909272E8D->63cacea9-0392-4939-ad39-80c4c73dd84b@group-EE6C16B6C358, cid=781, SUCCESS, logIndex=1008, commits[63cacea9-0392-4939-ad39-80c4c73dd84b:c1010, bd7b7fea-2a7b-4c3f-852f-c014e42bfcb7:c1005, 3b4aa678-22a6-4ae2-9c6a-0e71cdb9d6d0:c1006]
2019-07-10 03:37:19,768 INFO  client.GrpcClientProtocolClient (GrpcClientProtocolClient.java:onNext(255)) - client-8BD909272E8D->63cacea9-0392-4939-ad39-80c4c73dd84b: receive RaftClientReply:client-8BD909272E8D->63cacea9-0392-4939-ad39-80c4c73dd84b@group-EE6C16B6C358, cid=782, SUCCESS, logIndex=0, commits[63cacea9-0392-4939-ad39-80c4c73dd84b:c1010, bd7b7fea-2a7b-4c3f-852f-c014e42bfcb7:c1006, 3b4aa678-22a6-4ae2-9c6a-0e71cdb9d6d0:c1006]
2019-07-10 03:37:19,790 INFO  client.GrpcClientProtocolClient (GrpcClientProtocolClient.java:onNext(255)) - client-8BD909272E8D->63cacea9-0392-4939-ad39-80c4c73dd84b: receive RaftClientReply:client-8BD909272E8D->63cacea9-0392-4939-ad39-80c4c73dd84b@group-EE6C16B6C358, cid=783, SUCCESS, logIndex=1013, commits[63cacea9-0392-4939-ad39-80c4c73dd84b:c1014, bd7b7fea-2a7b-4c3f-852f-c014e42bfcb7:c1012, 3b4aa678-22a6-4ae2-9c6a-0e71cdb9d6d0:c1012]
2019-07-10 03:37:19,790 INFO  client.GrpcClientProtocolClient (GrpcClientProtocolClient.java:onNext(255)) - client-8BD909272E8D->63cacea9-0392-4939-ad39-80c4c73dd84b: receive RaftClientReply:client-8BD909272E8D->63cacea9-0392-4939-ad39-80c4c73dd84b@group-EE6C16B6C358, cid=784, SUCCESS, logIndex=1014, commits[63cacea9-0392-4939-ad39-80c4c73dd84b:c1014, bd7b7fea-2a7b-4c3f-852f-c014e42bfcb7:c1012, 3b4aa678-22a6-4ae2-9c6a-0e71cdb9d6d0:c1012]
2019-07-10 03:37:19,814 INFO  client.GrpcClientProtocolClient (GrpcClientProtocolClient.java:onNext(255)) - client-8BD909272E8D->63cacea9-0392-4939-ad39-80c4c73dd84b: receive RaftClientReply:client-8BD909272E8D->63cacea9-0392-4939-ad39-80c4c73dd84b@group-EE6C16B6C358, cid=785, SUCCESS, logIndex=1017, commits[63cacea9-0392-4939-ad39-80c4c73dd84b:c1018, bd7b7fea-2a7b-4c3f-852f-c014e42bfcb7:c1014, 3b4aa678-22a6-4ae2-9c6a-0e71cdb9d6d0:c1013]
2019-07-10 03:37:19,815 INFO  client.GrpcClientProtocolClient (GrpcClientProtocolClient.java:onNext(255)) - client-8BD909272E8D->63cacea9-0392-4939-ad39-80c4c73dd84b: receive RaftClientReply:client-8BD909272E8D->63cacea9-0392-4939-ad39-80c4c73dd84b@group-EE6C16B6C358, cid=786, SUCCESS, logIndex=1018, commits[63cacea9-0392-4939-ad39-80c4c73dd84b:c1018, bd7b7fea-2a7b-4c3f-852f-c014e42bfcb7:c1014, 3b4aa678-22a6-4ae2-9c6a-0e71cdb9d6d0:c1014]
2019-07-10 03:37:19,818 INFO  client.GrpcClientProtocolClient (GrpcClientProtocolClient.java:onNext(255)) - client-8BD909272E8D->63cacea9-0392-4939-ad39-80c4c73dd84b: receive RaftClientReply:client-8BD909272E8D->63cacea9-0392-4939-ad39-80c4c73dd84b@group-EE6C16B6C358, cid=787, SUCCESS, logIndex=0, commits[63cacea9-0392-4939-ad39-80c4c73dd84b:c1020, bd7b7fea-2a7b-4c3f-852f-c014e42bfcb7:c1018, 3b4aa678-22a6-4ae2-9c6a-0e71cdb9d6d0:c1018]
2019-07-10 03:37:19,840 INFO  client.GrpcClientProtocolClient (GrpcClientProtocolClient.java:onNext(255)) - client-8BD909272E8D->63cacea9-0392-4939-ad39-80c4c73dd84b: receive RaftClientReply:client-8BD909272E8D->63cacea9-0392-4939-ad39-80c4c73dd84b@group-EE6C16B6C358, cid=788, SUCCESS, logIndex=1021, commits[63cacea9-0392-4939-ad39-80c4c73dd84b:c1022, bd7b7fea-2a7b-4c3f-852f-c014e42bfcb7:c1018, 3b4aa678-22a6-4ae2-9c6a-0e71cdb9d6d0:c1020]
2019-07-10 03:37:19,840 INFO  client.GrpcClientProtocolClient (GrpcClientProtocolClient.java:onNext(255)) - client-8BD909272E8D->63cacea9-0392-4939-ad39-80c4c73dd84b: receive RaftClientReply:client-8BD909272E8D->63cacea9-0392-4939-ad39-80c4c73dd84b@group-EE6C16B6C358, cid=789, SUCCESS, logIndex=1022, commits[63cacea9-0392-4939-ad39-80c4c73dd84b:c1022, bd7b7fea-2a7b-4c3f-852f-c014e42bfcb7:c1020, 3b4aa678-22a6-4ae2-9c6a-0e71cdb9d6d0:c1020]
2019-07-10 03:37:19,841 INFO  client.GrpcClientProtocolClient (GrpcClientProtocolClient.java:onNext(255)) - client-8BD909272E8D->63cacea9-0392-4939-ad39-80c4c73dd84b: receive RaftClientReply:client-8BD909272E8D->63cacea9-0392-4939-ad39-80c4c73dd84b@group-EE6C16B6C358, cid=790, SUCCESS, logIndex=1023, commits[63cacea9-0392-4939-ad39-80c4c73dd84b:c1024, bd7b7fea-2a7b-4c3f-852f-c014e42bfcb7:c1020, 3b4aa678-22a6-4ae2-9c6a-0e71cdb9d6d0:c1020]
2019-07-10 03:37:19,841 INFO  client.GrpcClientProtocolClient (GrpcClientProtocolClient.java:onNext(255)) - client-8BD909272E8D->63cacea9-0392-4939-ad39-80c4c73dd84b: receive RaftClientReply:client-8BD909272E8D->63cacea9-0392-4939-ad39-80c4c73dd84b@group-EE6C16B6C358, cid=791, SUCCESS, logIndex=1024, commits[63cacea9-0392-4939-ad39-80c4c73dd84b:c1024, bd7b7fea-2a7b-4c3f-852f-c014e42bfcb7:c1020, 3b4aa678-22a6-4ae2-9c6a-0e71cdb9d6d0:c1020]
2019-07-10 03:37:19,843 INFO  client.GrpcClientProtocolClient (GrpcClientProtocolClient.java:onNext(255)) - client-8BD909272E8D->63cacea9-0392-4939-ad39-80c4c73dd84b: receive RaftClientReply:client-8BD909272E8D->63cacea9-0392-4939-ad39-80c4c73dd84b@group-EE6C16B6C358, cid=792, SUCCESS, logIndex=0, commits[63cacea9-0392-4939-ad39-80c4c73dd84b:c1026, bd7b7fea-2a7b-4c3f-852f-c014e42bfcb7:c1022, 3b4aa678-22a6-4ae2-9c6a-0e71cdb9d6d0:c1024]
2019-07-10 03:37:19,866 INFO  client.GrpcClientProtocolClient (GrpcClientProtocolClient.java:onNext(255)) - client-8BD909272E8D->63cacea9-0392-4939-ad39-80c4c73dd84b: receive RaftClientReply:client-8BD909272E8D->63cacea9-0392-4939-ad39-80c4c73dd84b@group-EE6C16B6C358, cid=793, SUCCESS, logIndex=1029, commits[63cacea9-0392-4939-ad39-80c4c73dd84b:c1030, bd7b7fea-2a7b-4c3f-852f-c014e42bfcb7:c1028, 3b4aa678-22a6-4ae2-9c6a-0e71cdb9d6d0:c1028]
2019-07-10 03:37:19,866 INFO  client.GrpcClientProtocolClient (GrpcClientProtocolClient.java:onNext(255)) - client-8BD909272E8D->63cacea9-0392-4939-ad39-80c4c73dd84b: receive RaftClientReply:client-8BD909272E8D->63cacea9-0392-4939-ad39-80c4c73dd84b@group-EE6C16B6C358, cid=794, SUCCESS, logIndex=1030, commits[63cacea9-0392-4939-ad39-80c4c73dd84b:c1030, bd7b7fea-2a7b-4c3f-852f-c014e42bfcb7:c1028, 3b4aa678-22a6-4ae2-9c6a-0e71cdb9d6d0:c1028]
2019-07-10 03:37:19,893 INFO  client.GrpcClientProtocolClient (GrpcClientProtocolClient.java:onNext(255)) - client-8BD909272E8D->63cacea9-0392-4939-ad39-80c4c73dd84b: receive RaftClientReply:client-8BD909272E8D->63cacea9-0392-4939-ad39-80c4c73dd84b@group-EE6C16B6C358, cid=795, SUCCESS, logIndex=1033, commits[63cacea9-0392-4939-ad39-80c4c73dd84b:c1034, bd7b7fea-2a7b-4c3f-852f-c014e42bfcb7:c1030, 3b4aa678-22a6-4ae2-9c6a-0e71cdb9d6d0:c1030]
2019-07-10 03:37:19,894 INFO  client.GrpcClientProtocolClient (GrpcClientProtocolClient.java:onNext(255)) - client-8BD909272E8D->63cacea9-0392-4939-ad39-80c4c73dd84b: receive RaftClientReply:client-8BD909272E8D->63cacea9-0392-4939-ad39-80c4c73dd84b@group-EE6C16B6C358, cid=796, SUCCESS, logIndex=1034, commits[63cacea9-0392-4939-ad39-80c4c73dd84b:c1034, bd7b7fea-2a7b-4c3f-852f-c014e42bfcb7:c1030, 3b4aa678-22a6-4ae2-9c6a-0e71cdb9d6d0:c1030]
2019-07-10 03:37:19,904 INFO  client.GrpcClientProtocolClient (GrpcClientProtocolClient.java:onNext(255)) - client-8BD909272E8D->63cacea9-0392-4939-ad39-80c4c73dd84b: receive RaftClientReply:client-8BD909272E8D->63cacea9-0392-4939-ad39-80c4c73dd84b@group-EE6C16B6C358, cid=797, SUCCESS, logIndex=0, commits[63cacea9-0392-4939-ad39-80c4c73dd84b:c1035, bd7b7fea-2a7b-4c3f-852f-c014e42bfcb7:c1034, 3b4aa678-22a6-4ae2-9c6a-0e71cdb9d6d0:c1034]
2019-07-10 03:37:19,926 INFO  client.GrpcClientProtocolClient (GrpcClientProtocolClient.java:onNext(255)) - client-8BD909272E8D->63cacea9-0392-4939-ad39-80c4c73dd84b: receive RaftClientReply:client-8BD909272E8D->63cacea9-0392-4939-ad39-80c4c73dd84b@group-EE6C16B6C358, cid=798, SUCCESS, logIndex=1037, commits[63cacea9-0392-4939-ad39-80c4c73dd84b:c1038, bd7b7fea-2a7b-4c3f-852f-c014e42bfcb7:c1036, 3b4aa678-22a6-4ae2-9c6a-0e71cdb9d6d0:c1036]
2019-07-10 03:37:19,927 INFO  client.GrpcClientProtocolClient (GrpcClientProtocolClient.java:onNext(255)) - client-8BD909272E8D->63cacea9-0392-4939-ad39-80c4c73dd84b: receive RaftClientReply:client-8BD909272E8D->63cacea9-0392-4939-ad39-80c4c73dd84b@group-EE6C16B6C358, cid=799, SUCCESS, logIndex=1038, commits[63cacea9-0392-4939-ad39-80c4c73dd84b:c1040, bd7b7fea-2a7b-4c3f-852f-c014e42bfcb7:c1036, 3b4aa678-22a6-4ae2-9c6a-0e71cdb9d6d0:c1036]
2019-07-10 03:37:19,927 INFO  client.GrpcClientProtocolClient (GrpcClientProtocolClient.java:onNext(255)) - client-8BD909272E8D->63cacea9-0392-4939-ad39-80c4c73dd84b: receive RaftClientReply:client-8BD909272E8D->63cacea9-0392-4939-ad39-80c4c73dd84b@group-EE6C16B6C358, cid=800, SUCCESS, logIndex=1039, commits[63cacea9-0392-4939-ad39-80c4c73dd84b:c1040, bd7b7fea-2a7b-4c3f-852f-c014e42bfcb7:c1036, 3b4aa678-22a6-4ae2-9c6a-0e71cdb9d6d0:c1036]
2019-07-10 03:37:19,928 INFO  client.GrpcClientProtocolClient (GrpcClientProtocolClient.java:onNext(255)) - client-8BD909272E8D->63cacea9-0392-4939-ad39-80c4c73dd84b: receive RaftClientReply:client-8BD909272E8D->63cacea9-0392-4939-ad39-80c4c73dd84b@group-EE6C16B6C358, cid=801, SUCCESS, logIndex=1040, commits[63cacea9-0392-4939-ad39-80c4c73dd84b:c1040, bd7b7fea-2a7b-4c3f-852f-c014e42bfcb7:c1036, 3b4aa678-22a6-4ae2-9c6a-0e71cdb9d6d0:c1036]
2019-07-10 03:37:19,929 INFO  client.GrpcClientProtocolClient (GrpcClientProtocolClient.java:onNext(255)) - client-8BD909272E8D->63cacea9-0392-4939-ad39-80c4c73dd84b: receive RaftClientReply:client-8BD909272E8D->63cacea9-0392-4939-ad39-80c4c73dd84b@group-EE6C16B6C358, cid=802, SUCCESS, logIndex=0, commits[63cacea9-0392-4939-ad39-80c4c73dd84b:c1043, bd7b7fea-2a7b-4c3f-852f-c014e42bfcb7:c1040, 3b4aa678-22a6-4ae2-9c6a-0e71cdb9d6d0:c1040]
2019-07-10 03:37:19,950 INFO  client.GrpcClientProtocolClient (GrpcClientProtocolClient.java:onNext(255)) - client-8BD909272E8D->63cacea9-0392-4939-ad39-80c4c73dd84b: receive RaftClientReply:client-8BD909272E8D->63cacea9-0392-4939-ad39-80c4c73dd84b@group-EE6C16B6C358, cid=803, SUCCESS, logIndex=1044, commits[63cacea9-0392-4939-ad39-80c4c73dd84b:c1045, bd7b7fea-2a7b-4c3f-852f-c014e42bfcb7:c1043, 3b4aa678-22a6-4ae2-9c6a-0e71cdb9d6d0:c1043]
2019-07-10 03:37:19,951 INFO  client.GrpcClientProtocolClient (GrpcClientProtocolClient.java:onNext(255)) - client-8BD909272E8D->63cacea9-0392-4939-ad39-80c4c73dd84b: receive RaftClientReply:client-8BD909272E8D->63cacea9-0392-4939-ad39-80c4c73dd84b@group-EE6C16B6C358, cid=804, SUCCESS, logIndex=1045, commits[63cacea9-0392-4939-ad39-80c4c73dd84b:c1045, bd7b7fea-2a7b-4c3f-852f-c014e42bfcb7:c1043, 3b4aa678-22a6-4ae2-9c6a-0e71cdb9d6d0:c1043]
2019-07-10 03:37:19,978 INFO  client.GrpcClientProtocolClient (GrpcClientProtocolClient.java:onNext(255)) - client-8BD909272E8D->63cacea9-0392-4939-ad39-80c4c73dd84b: receive RaftClientReply:client-8BD909272E8D->63cacea9-0392-4939-ad39-80c4c73dd84b@group-EE6C16B6C358, cid=805, SUCCESS, logIndex=1048, commits[63cacea9-0392-4939-ad39-80c4c73dd84b:c1049, bd7b7fea-2a7b-4c3f-852f-c014e42bfcb7:c1045, 3b4aa678-22a6-4ae2-9c6a-0e71cdb9d6d0:c1045]
2019-07-10 03:37:19,979 INFO  client.GrpcClientProtocolClient (GrpcClientProtocolClient.java:onNext(255)) - client-8BD909272E8D->63cacea9-0392-4939-ad39-80c4c73dd84b: receive RaftClientReply:client-8BD909272E8D->63cacea9-0392-4939-ad39-80c4c73dd84b@group-EE6C16B6C358, cid=806, SUCCESS, logIndex=1049, commits[63cacea9-0392-4939-ad39-80c4c73dd84b:c1049, bd7b7fea-2a7b-4c3f-852f-c014e42bfcb7:c1045, 3b4aa678-22a6-4ae2-9c6a-0e71cdb9d6d0:c1045]
2019-07-10 03:37:19,980 INFO  client.GrpcClientProtocolClient (GrpcClientProtocolClient.java:onNext(255)) - client-8BD909272E8D->63cacea9-0392-4939-ad39-80c4c73dd84b: receive RaftClientReply:client-8BD909272E8D->63cacea9-0392-4939-ad39-80c4c73dd84b@group-EE6C16B6C358, cid=807, SUCCESS, logIndex=0, commits[63cacea9-0392-4939-ad39-80c4c73dd84b:c1051, bd7b7fea-2a7b-4c3f-852f-c014e42bfcb7:c1049, 3b4aa678-22a6-4ae2-9c6a-0e71cdb9d6d0:c1049]
2019-07-10 03:37:20,016 INFO  client.GrpcClientProtocolClient (GrpcClientProtocolClient.java:onNext(255)) - client-8BD909272E8D->63cacea9-0392-4939-ad39-80c4c73dd84b: receive RaftClientReply:client-8BD909272E8D->63cacea9-0392-4939-ad39-80c4c73dd84b@group-EE6C16B6C358, cid=808, SUCCESS, logIndex=1052, commits[63cacea9-0392-4939-ad39-80c4c73dd84b:c1053, bd7b7fea-2a7b-4c3f-852f-c014e42bfcb7:c1051, 3b4aa678-22a6-4ae2-9c6a-0e71cdb9d6d0:c1051]
2019-07-10 03:37:20,016 INFO  client.GrpcClientProtocolClient (GrpcClientProtocolClient.java:onNext(255)) - client-8BD909272E8D->63cacea9-0392-4939-ad39-80c4c73dd84b: receive RaftClientReply:client-8BD909272E8D->63cacea9-0392-4939-ad39-80c4c73dd84b@group-EE6C16B6C358, cid=809, SUCCESS, logIndex=1053, commits[63cacea9-0392-4939-ad39-80c4c73dd84b:c1053, bd7b7fea-2a7b-4c3f-852f-c014e42bfcb7:c1051, 3b4aa678-22a6-4ae2-9c6a-0e71cdb9d6d0:c1051]
2019-07-10 03:37:20,017 INFO  client.GrpcClientProtocolClient (GrpcClientProtocolClient.java:onNext(255)) - client-8BD909272E8D->63cacea9-0392-4939-ad39-80c4c73dd84b: receive RaftClientReply:client-8BD909272E8D->63cacea9-0392-4939-ad39-80c4c73dd84b@group-EE6C16B6C358, cid=810, SUCCESS, logIndex=1054, commits[63cacea9-0392-4939-ad39-80c4c73dd84b:c1054, bd7b7fea-2a7b-4c3f-852f-c014e42bfcb7:c1051, 3b4aa678-22a6-4ae2-9c6a-0e71cdb9d6d0:c1051]
2019-07-10 03:37:20,017 INFO  client.GrpcClientProtocolClient (GrpcClientProtocolClient.java:onNext(255)) - client-8BD909272E8D->63cacea9-0392-4939-ad39-80c4c73dd84b: receive RaftClientReply:client-8BD909272E8D->63cacea9-0392-4939-ad39-80c4c73dd84b@group-EE6C16B6C358, cid=811, SUCCESS, logIndex=1055, commits[63cacea9-0392-4939-ad39-80c4c73dd84b:c1055, bd7b7fea-2a7b-4c3f-852f-c014e42bfcb7:c1051, 3b4aa678-22a6-4ae2-9c6a-0e71cdb9d6d0:c1051]
2019-07-10 03:37:20,019 INFO  client.GrpcClientProtocolClient (GrpcClientProtocolClient.java:onNext(255)) - client-8BD909272E8D->63cacea9-0392-4939-ad39-80c4c73dd84b: receive RaftClientReply:client-8BD909272E8D->63cacea9-0392-4939-ad39-80c4c73dd84b@group-EE6C16B6C358, cid=812, SUCCESS, logIndex=0, commits[63cacea9-0392-4939-ad39-80c4c73dd84b:c1057, bd7b7fea-2a7b-4c3f-852f-c014e42bfcb7:c1053, 3b4aa678-22a6-4ae2-9c6a-0e71cdb9d6d0:c1053]
2019-07-10 03:37:20,033 INFO  client.GrpcClientProtocolClient (GrpcClientProtocolClient.java:onNext(255)) - client-8BD909272E8D->63cacea9-0392-4939-ad39-80c4c73dd84b: receive RaftClientReply:client-8BD909272E8D->63cacea9-0392-4939-ad39-80c4c73dd84b@group-EE6C16B6C358, cid=813, SUCCESS, logIndex=1060, commits[63cacea9-0392-4939-ad39-80c4c73dd84b:c1061, bd7b7fea-2a7b-4c3f-852f-c014e42bfcb7:c1055, 3b4aa678-22a6-4ae2-9c6a-0e71cdb9d6d0:c1059]
2019-07-10 03:37:20,034 INFO  client.GrpcClientProtocolClient (GrpcClientProtocolClient.java:onNext(255)) - client-8BD909272E8D->63cacea9-0392-4939-ad39-80c4c73dd84b: receive RaftClientReply:client-8BD909272E8D->63cacea9-0392-4939-ad39-80c4c73dd84b@group-EE6C16B6C358, cid=814, SUCCESS, logIndex=1061, commits[63cacea9-0392-4939-ad39-80c4c73dd84b:c1061, bd7b7fea-2a7b-4c3f-852f-c014e42bfcb7:c1055, 3b4aa678-22a6-4ae2-9c6a-0e71cdb9d6d0:c1059]
2019-07-10 03:37:20,060 INFO  client.GrpcClientProtocolClient (GrpcClientProtocolClient.java:onNext(255)) - client-8BD909272E8D->63cacea9-0392-4939-ad39-80c4c73dd84b: receive RaftClientReply:client-8BD909272E8D->63cacea9-0392-4939-ad39-80c4c73dd84b@group-EE6C16B6C358, cid=815, SUCCESS, logIndex=1064, commits[63cacea9-0392-4939-ad39-80c4c73dd84b:c1065, bd7b7fea-2a7b-4c3f-852f-c014e42bfcb7:c1061, 3b4aa678-22a6-4ae2-9c6a-0e71cdb9d6d0:c1061]
2019-07-10 03:37:20,060 INFO  client.GrpcClientProtocolClient (GrpcClientProtocolClient.java:onNext(255)) - client-8BD909272E8D->63cacea9-0392-4939-ad39-80c4c73dd84b: receive RaftClientReply:client-8BD909272E8D->63cacea9-0392-4939-ad39-80c4c73dd84b@group-EE6C16B6C358, cid=816, SUCCESS, logIndex=1065, commits[63cacea9-0392-4939-ad39-80c4c73dd84b:c1065, bd7b7fea-2a7b-4c3f-852f-c014e42bfcb7:c1061, 3b4aa678-22a6-4ae2-9c6a-0e71cdb9d6d0:c1061]
2019-07-10 03:37:20,063 INFO  client.GrpcClientProtocolClient (GrpcClientProtocolClient.java:onNext(255)) - client-8BD909272E8D->63cacea9-0392-4939-ad39-80c4c73dd84b: receive RaftClientReply:client-8BD909272E8D->63cacea9-0392-4939-ad39-80c4c73dd84b@group-EE6C16B6C358, cid=817, SUCCESS, logIndex=0, commits[63cacea9-0392-4939-ad39-80c4c73dd84b:c1067, bd7b7fea-2a7b-4c3f-852f-c014e42bfcb7:c1065, 3b4aa678-22a6-4ae2-9c6a-0e71cdb9d6d0:c1065]
2019-07-10 03:37:20,084 INFO  client.GrpcClientProtocolClient (GrpcClientProtocolClient.java:onNext(255)) - client-8BD909272E8D->63cacea9-0392-4939-ad39-80c4c73dd84b: receive RaftClientReply:client-8BD909272E8D->63cacea9-0392-4939-ad39-80c4c73dd84b@group-EE6C16B6C358, cid=818, SUCCESS, logIndex=1068, commits[63cacea9-0392-4939-ad39-80c4c73dd84b:c1069, bd7b7fea-2a7b-4c3f-852f-c014e42bfcb7:c1067, 3b4aa678-22a6-4ae2-9c6a-0e71cdb9d6d0:c1067]
2019-07-10 03:37:20,085 INFO  client.GrpcClientProtocolClient (GrpcClientProtocolClient.java:onNext(255)) - client-8BD909272E8D->63cacea9-0392-4939-ad39-80c4c73dd84b: receive RaftClientReply:client-8BD909272E8D->63cacea9-0392-4939-ad39-80c4c73dd84b@group-EE6C16B6C358, cid=819, SUCCESS, logIndex=1069, commits[63cacea9-0392-4939-ad39-80c4c73dd84b:c1069, bd7b7fea-2a7b-4c3f-852f-c014e42bfcb7:c1067, 3b4aa678-22a6-4ae2-9c6a-0e71cdb9d6d0:c1067]
2019-07-10 03:37:20,085 INFO  client.GrpcClientProtocolClient (GrpcClientProtocolClient.java:onNext(255)) - client-8BD909272E8D->63cacea9-0392-4939-ad39-80c4c73dd84b: receive RaftClientReply:client-8BD909272E8D->63cacea9-0392-4939-ad39-80c4c73dd84b@group-EE6C16B6C358, cid=820, SUCCESS, logIndex=1070, commits[63cacea9-0392-4939-ad39-80c4c73dd84b:c1071, bd7b7fea-2a7b-4c3f-852f-c014e42bfcb7:c1067, 3b4aa678-22a6-4ae2-9c6a-0e71cdb9d6d0:c1067]
2019-07-10 03:37:20,086 INFO  client.GrpcClientProtocolClient (GrpcClientProtocolClient.java:onNext(255)) - client-8BD909272E8D->63cacea9-0392-4939-ad39-80c4c73dd84b: receive RaftClientReply:client-8BD909272E8D->63cacea9-0392-4939-ad39-80c4c73dd84b@group-EE6C16B6C358, cid=821, SUCCESS, logIndex=1071, commits[63cacea9-0392-4939-ad39-80c4c73dd84b:c1071, bd7b7fea-2a7b-4c3f-852f-c014e42bfcb7:c1067, 3b4aa678-22a6-4ae2-9c6a-0e71cdb9d6d0:c1067]
2019-07-10 03:37:20,090 INFO  client.GrpcClientProtocolClient (GrpcClientProtocolClient.java:onNext(255)) - client-8BD909272E8D->63cacea9-0392-4939-ad39-80c4c73dd84b: receive RaftClientReply:client-8BD909272E8D->63cacea9-0392-4939-ad39-80c4c73dd84b@group-EE6C16B6C358, cid=822, SUCCESS, logIndex=0, commits[63cacea9-0392-4939-ad39-80c4c73dd84b:c1075, bd7b7fea-2a7b-4c3f-852f-c014e42bfcb7:c1069, 3b4aa678-22a6-4ae2-9c6a-0e71cdb9d6d0:c1071]
2019-07-10 03:37:20,110 INFO  client.GrpcClientProtocolClient (GrpcClientProtocolClient.java:onNext(255)) - client-8BD909272E8D->63cacea9-0392-4939-ad39-80c4c73dd84b: receive RaftClientReply:client-8BD909272E8D->63cacea9-0392-4939-ad39-80c4c73dd84b@group-EE6C16B6C358, cid=823, SUCCESS, logIndex=1076, commits[63cacea9-0392-4939-ad39-80c4c73dd84b:c1077, bd7b7fea-2a7b-4c3f-852f-c014e42bfcb7:c1075, 3b4aa678-22a6-4ae2-9c6a-0e71cdb9d6d0:c1075]
2019-07-10 03:37:20,110 INFO  client.GrpcClientProtocolClient (GrpcClientProtocolClient.java:onNext(255)) - client-8BD909272E8D->63cacea9-0392-4939-ad39-80c4c73dd84b: receive RaftClientReply:client-8BD909272E8D->63cacea9-0392-4939-ad39-80c4c73dd84b@group-EE6C16B6C358, cid=824, SUCCESS, logIndex=1077, commits[63cacea9-0392-4939-ad39-80c4c73dd84b:c1077, bd7b7fea-2a7b-4c3f-852f-c014e42bfcb7:c1075, 3b4aa678-22a6-4ae2-9c6a-0e71cdb9d6d0:c1075]
2019-07-10 03:37:20,123 INFO  client.GrpcClientProtocolClient (GrpcClientProtocolClient.java:onNext(255)) - client-8BD909272E8D->63cacea9-0392-4939-ad39-80c4c73dd84b: receive RaftClientReply:client-8BD909272E8D->63cacea9-0392-4939-ad39-80c4c73dd84b@group-EE6C16B6C358, cid=825, SUCCESS, logIndex=1080, commits[63cacea9-0392-4939-ad39-80c4c73dd84b:c1080, bd7b7fea-2a7b-4c3f-852f-c014e42bfcb7:c1077, 3b4aa678-22a6-4ae2-9c6a-0e71cdb9d6d0:c1077]
2019-07-10 03:37:20,124 INFO  client.GrpcClientProtocolClient (GrpcClientProtocolClient.java:onNext(255)) - client-8BD909272E8D->63cacea9-0392-4939-ad39-80c4c73dd84b: receive RaftClientReply:client-8BD909272E8D->63cacea9-0392-4939-ad39-80c4c73dd84b@group-EE6C16B6C358, cid=826, SUCCESS, logIndex=1081, commits[63cacea9-0392-4939-ad39-80c4c73dd84b:c1081, bd7b7fea-2a7b-4c3f-852f-c014e42bfcb7:c1077, 3b4aa678-22a6-4ae2-9c6a-0e71cdb9d6d0:c1077]
2019-07-10 03:37:20,137 INFO  client.GrpcClientProtocolClient (GrpcClientProtocolClient.java:onNext(255)) - client-8BD909272E8D->63cacea9-0392-4939-ad39-80c4c73dd84b: receive RaftClientReply:client-8BD909272E8D->63cacea9-0392-4939-ad39-80c4c73dd84b@group-EE6C16B6C358, cid=827, SUCCESS, logIndex=0, commits[63cacea9-0392-4939-ad39-80c4c73dd84b:c1083, bd7b7fea-2a7b-4c3f-852f-c014e42bfcb7:c1081, 3b4aa678-22a6-4ae2-9c6a-0e71cdb9d6d0:c1081]
2019-07-10 03:37:20,160 INFO  client.GrpcClientProtocolClient (GrpcClientProtocolClient.java:onNext(255)) - client-8BD909272E8D->63cacea9-0392-4939-ad39-80c4c73dd84b: receive RaftClientReply:client-8BD909272E8D->63cacea9-0392-4939-ad39-80c4c73dd84b@group-EE6C16B6C358, cid=828, SUCCESS, logIndex=1084, commits[63cacea9-0392-4939-ad39-80c4c73dd84b:c1085, bd7b7fea-2a7b-4c3f-852f-c014e42bfcb7:c1083, 3b4aa678-22a6-4ae2-9c6a-0e71cdb9d6d0:c1083]
2019-07-10 03:37:20,160 INFO  client.GrpcClientProtocolClient (GrpcClientProtocolClient.java:onNext(255)) - client-8BD909272E8D->63cacea9-0392-4939-ad39-80c4c73dd84b: receive RaftClientReply:client-8BD909272E8D->63cacea9-0392-4939-ad39-80c4c73dd84b@group-EE6C16B6C358, cid=829, SUCCESS, logIndex=1085, commits[63cacea9-0392-4939-ad39-80c4c73dd84b:c1085, bd7b7fea-2a7b-4c3f-852f-c014e42bfcb7:c1083, 3b4aa678-22a6-4ae2-9c6a-0e71cdb9d6d0:c1083]
2019-07-10 03:37:20,161 INFO  client.GrpcClientProtocolClient (GrpcClientProtocolClient.java:onNext(255)) - client-8BD909272E8D->63cacea9-0392-4939-ad39-80c4c73dd84b: receive RaftClientReply:client-8BD909272E8D->63cacea9-0392-4939-ad39-80c4c73dd84b@group-EE6C16B6C358, cid=830, SUCCESS, logIndex=1086, commits[63cacea9-0392-4939-ad39-80c4c73dd84b:c1087, bd7b7fea-2a7b-4c3f-852f-c014e42bfcb7:c1083, 3b4aa678-22a6-4ae2-9c6a-0e71cdb9d6d0:c1083]
2019-07-10 03:37:20,162 INFO  client.GrpcClientProtocolClient (GrpcClientProtocolClient.java:onNext(255)) - client-8BD909272E8D->63cacea9-0392-4939-ad39-80c4c73dd84b: receive RaftClientReply:client-8BD909272E8D->63cacea9-0392-4939-ad39-80c4c73dd84b@group-EE6C16B6C358, cid=831, SUCCESS, logIndex=1087, commits[63cacea9-0392-4939-ad39-80c4c73dd84b:c1087, bd7b7fea-2a7b-4c3f-852f-c014e42bfcb7:c1083, 3b4aa678-22a6-4ae2-9c6a-0e71cdb9d6d0:c1083]
2019-07-10 03:37:20,164 INFO  client.GrpcClientProtocolClient (GrpcClientProtocolClient.java:onNext(255)) - client-8BD909272E8D->63cacea9-0392-4939-ad39-80c4c73dd84b: receive RaftClientReply:client-8BD909272E8D->63cacea9-0392-4939-ad39-80c4c73dd84b@group-EE6C16B6C358, cid=832, SUCCESS, logIndex=0, commits[63cacea9-0392-4939-ad39-80c4c73dd84b:c1089, bd7b7fea-2a7b-4c3f-852f-c014e42bfcb7:c1085, 3b4aa678-22a6-4ae2-9c6a-0e71cdb9d6d0:c1085]
2019-07-10 03:37:20,187 INFO  client.GrpcClientProtocolClient (GrpcClientProtocolClient.java:onNext(255)) - client-8BD909272E8D->63cacea9-0392-4939-ad39-80c4c73dd84b: receive RaftClientReply:client-8BD909272E8D->63cacea9-0392-4939-ad39-80c4c73dd84b@group-EE6C16B6C358, cid=833, SUCCESS, logIndex=1092, commits[63cacea9-0392-4939-ad39-80c4c73dd84b:c1093, bd7b7fea-2a7b-4c3f-852f-c014e42bfcb7:c1087, 3b4aa678-22a6-4ae2-9c6a-0e71cdb9d6d0:c1091]
2019-07-10 03:37:20,187 INFO  client.GrpcClientProtocolClient (GrpcClientProtocolClient.java:onNext(255)) - client-8BD909272E8D->63cacea9-0392-4939-ad39-80c4c73dd84b: receive RaftClientReply:client-8BD909272E8D->63cacea9-0392-4939-ad39-80c4c73dd84b@group-EE6C16B6C358, cid=834, SUCCESS, logIndex=1093, commits[63cacea9-0392-4939-ad39-80c4c73dd84b:c1093, bd7b7fea-2a7b-4c3f-852f-c014e42bfcb7:c1091, 3b4aa678-22a6-4ae2-9c6a-0e71cdb9d6d0:c1091]
2019-07-10 03:37:20,211 INFO  client.GrpcClientProtocolClient (GrpcClientProtocolClient.java:onNext(255)) - client-8BD909272E8D->63cacea9-0392-4939-ad39-80c4c73dd84b: receive RaftClientReply:client-8BD909272E8D->63cacea9-0392-4939-ad39-80c4c73dd84b@group-EE6C16B6C358, cid=835, SUCCESS, logIndex=1095, commits[63cacea9-0392-4939-ad39-80c4c73dd84b:c1096, bd7b7fea-2a7b-4c3f-852f-c014e42bfcb7:c1093, 3b4aa678-22a6-4ae2-9c6a-0e71cdb9d6d0:c1093]
2019-07-10 03:37:20,212 INFO  client.GrpcClientProtocolClient (GrpcClientProtocolClient.java:onNext(255)) - client-8BD909272E8D->63cacea9-0392-4939-ad39-80c4c73dd84b: receive RaftClientReply:client-8BD909272E8D->63cacea9-0392-4939-ad39-80c4c73dd84b@group-EE6C16B6C358, cid=836, SUCCESS, logIndex=1096, commits[63cacea9-0392-4939-ad39-80c4c73dd84b:c1096, bd7b7fea-2a7b-4c3f-852f-c014e42bfcb7:c1093, 3b4aa678-22a6-4ae2-9c6a-0e71cdb9d6d0:c1093]
2019-07-10 03:37:20,213 INFO  client.GrpcClientProtocolClient (GrpcClientProtocolClient.java:onNext(255)) - client-8BD909272E8D->63cacea9-0392-4939-ad39-80c4c73dd84b: receive RaftClientReply:client-8BD909272E8D->63cacea9-0392-4939-ad39-80c4c73dd84b@group-EE6C16B6C358, cid=837, SUCCESS, logIndex=0, commits[63cacea9-0392-4939-ad39-80c4c73dd84b:c1098, bd7b7fea-2a7b-4c3f-852f-c014e42bfcb7:c1096, 3b4aa678-22a6-4ae2-9c6a-0e71cdb9d6d0:c1096]
2019-07-10 03:37:20,344 INFO  client.GrpcClientProtocolClient (GrpcClientProtocolClient.java:onNext(255)) - client-8BD909272E8D->63cacea9-0392-4939-ad39-80c4c73dd84b: receive RaftClientReply:client-8BD909272E8D->63cacea9-0392-4939-ad39-80c4c73dd84b@group-EE6C16B6C358, cid=838, SUCCESS, logIndex=1099, commits[63cacea9-0392-4939-ad39-80c4c73dd84b:c1100, bd7b7fea-2a7b-4c3f-852f-c014e42bfcb7:c1098, 3b4aa678-22a6-4ae2-9c6a-0e71cdb9d6d0:c1098]
2019-07-10 03:37:20,345 INFO  client.GrpcClientProtocolClient (GrpcClientProtocolClient.java:onNext(255)) - client-8BD909272E8D->63cacea9-0392-4939-ad39-80c4c73dd84b: receive RaftClientReply:client-8BD909272E8D->63cacea9-0392-4939-ad39-80c4c73dd84b@group-EE6C16B6C358, cid=839, SUCCESS, logIndex=1100, commits[63cacea9-0392-4939-ad39-80c4c73dd84b:c1101, bd7b7fea-2a7b-4c3f-852f-c014e42bfcb7:c1098, 3b4aa678-22a6-4ae2-9c6a-0e71cdb9d6d0:c1098]
2019-07-10 03:37:20,345 INFO  client.GrpcClientProtocolClient (GrpcClientProtocolClient.java:onNext(255)) - client-8BD909272E8D->63cacea9-0392-4939-ad39-80c4c73dd84b: receive RaftClientReply:client-8BD909272E8D->63cacea9-0392-4939-ad39-80c4c73dd84b@group-EE6C16B6C358, cid=840, SUCCESS, logIndex=1101, commits[63cacea9-0392-4939-ad39-80c4c73dd84b:c1102, bd7b7fea-2a7b-4c3f-852f-c014e42bfcb7:c1098, 3b4aa678-22a6-4ae2-9c6a-0e71cdb9d6d0:c1098]
2019-07-10 03:37:20,346 INFO  client.GrpcClientProtocolClient (GrpcClientProtocolClient.java:onNext(255)) - client-8BD909272E8D->63cacea9-0392-4939-ad39-80c4c73dd84b: receive RaftClientReply:client-8BD909272E8D->63cacea9-0392-4939-ad39-80c4c73dd84b@group-EE6C16B6C358, cid=841, SUCCESS, logIndex=1102, commits[63cacea9-0392-4939-ad39-80c4c73dd84b:c1102, bd7b7fea-2a7b-4c3f-852f-c014e42bfcb7:c1098, 3b4aa678-22a6-4ae2-9c6a-0e71cdb9d6d0:c1098]
2019-07-10 03:37:20,356 INFO  client.GrpcClientProtocolClient (GrpcClientProtocolClient.java:onNext(255)) - client-8BD909272E8D->63cacea9-0392-4939-ad39-80c4c73dd84b: receive RaftClientReply:client-8BD909272E8D->63cacea9-0392-4939-ad39-80c4c73dd84b@group-EE6C16B6C358, cid=842, SUCCESS, logIndex=0, commits[63cacea9-0392-4939-ad39-80c4c73dd84b:c1104, bd7b7fea-2a7b-4c3f-852f-c014e42bfcb7:c1100, 3b4aa678-22a6-4ae2-9c6a-0e71cdb9d6d0:c1100]
2019-07-10 03:37:20,379 INFO  client.GrpcClientProtocolClient (GrpcClientProtocolClient.java:onNext(255)) - client-8BD909272E8D->63cacea9-0392-4939-ad39-80c4c73dd84b: receive RaftClientReply:client-8BD909272E8D->63cacea9-0392-4939-ad39-80c4c73dd84b@group-EE6C16B6C358, cid=843, SUCCESS, logIndex=1107, commits[63cacea9-0392-4939-ad39-80c4c73dd84b:c1108, bd7b7fea-2a7b-4c3f-852f-c014e42bfcb7:c1106, 3b4aa678-22a6-4ae2-9c6a-0e71cdb9d6d0:c1106]
2019-07-10 03:37:20,380 INFO  client.GrpcClientProtocolClient (GrpcClientProtocolClient.java:onNext(255)) - client-8BD909272E8D->63cacea9-0392-4939-ad39-80c4c73dd84b: receive RaftClientReply:client-8BD909272E8D->63cacea9-0392-4939-ad39-80c4c73dd84b@group-EE6C16B6C358, cid=844, SUCCESS, logIndex=1108, commits[63cacea9-0392-4939-ad39-80c4c73dd84b:c1108, bd7b7fea-2a7b-4c3f-852f-c014e42bfcb7:c1106, 3b4aa678-22a6-4ae2-9c6a-0e71cdb9d6d0:c1106]
2019-07-10 03:37:20,407 INFO  client.GrpcClientProtocolClient (GrpcClientProtocolClient.java:onNext(255)) - client-8BD909272E8D->63cacea9-0392-4939-ad39-80c4c73dd84b: receive RaftClientReply:client-8BD909272E8D->63cacea9-0392-4939-ad39-80c4c73dd84b@group-EE6C16B6C358, cid=845, SUCCESS, logIndex=1111, commits[63cacea9-0392-4939-ad39-80c4c73dd84b:c1112, bd7b7fea-2a7b-4c3f-852f-c014e42bfcb7:c1108, 3b4aa678-22a6-4ae2-9c6a-0e71cdb9d6d0:c1108]
2019-07-10 03:37:20,407 INFO  client.GrpcClientProtocolClient (GrpcClientProtocolClient.java:onNext(255)) - client-8BD909272E8D->63cacea9-0392-4939-ad39-80c4c73dd84b: receive RaftClientReply:client-8BD909272E8D->63cacea9-0392-4939-ad39-80c4c73dd84b@group-EE6C16B6C358, cid=846, SUCCESS, logIndex=1112, commits[63cacea9-0392-4939-ad39-80c4c73dd84b:c1112, bd7b7fea-2a7b-4c3f-852f-c014e42bfcb7:c1108, 3b4aa678-22a6-4ae2-9c6a-0e71cdb9d6d0:c1108]
2019-07-10 03:37:20,419 INFO  client.GrpcClientProtocolClient (GrpcClientProtocolClient.java:onNext(255)) - client-8BD909272E8D->63cacea9-0392-4939-ad39-80c4c73dd84b: receive RaftClientReply:client-8BD909272E8D->63cacea9-0392-4939-ad39-80c4c73dd84b@group-EE6C16B6C358, cid=847, SUCCESS, logIndex=0, commits[63cacea9-0392-4939-ad39-80c4c73dd84b:c1113, bd7b7fea-2a7b-4c3f-852f-c014e42bfcb7:c1112, 3b4aa678-22a6-4ae2-9c6a-0e71cdb9d6d0:c1112]
2019-07-10 03:37:20,442 INFO  client.GrpcClientProtocolClient (GrpcClientProtocolClient.java:onNext(255)) - client-8BD909272E8D->63cacea9-0392-4939-ad39-80c4c73dd84b: receive RaftClientReply:client-8BD909272E8D->63cacea9-0392-4939-ad39-80c4c73dd84b@group-EE6C16B6C358, cid=848, SUCCESS, logIndex=1115, commits[63cacea9-0392-4939-ad39-80c4c73dd84b:c1115, bd7b7fea-2a7b-4c3f-852f-c014e42bfcb7:c1114, 3b4aa678-22a6-4ae2-9c6a-0e71cdb9d6d0:c1114]
2019-07-10 03:37:20,443 INFO  client.GrpcClientProtocolClient (GrpcClientProtocolClient.java:onNext(255)) - client-8BD909272E8D->63cacea9-0392-4939-ad39-80c4c73dd84b: receive RaftClientReply:client-8BD909272E8D->63cacea9-0392-4939-ad39-80c4c73dd84b@group-EE6C16B6C358, cid=849, SUCCESS, logIndex=1116, commits[63cacea9-0392-4939-ad39-80c4c73dd84b:c1116, bd7b7fea-2a7b-4c3f-852f-c014e42bfcb7:c1114, 3b4aa678-22a6-4ae2-9c6a-0e71cdb9d6d0:c1114]
2019-07-10 03:37:20,443 INFO  client.GrpcClientProtocolClient (GrpcClientProtocolClient.java:onNext(255)) - client-8BD909272E8D->63cacea9-0392-4939-ad39-80c4c73dd84b: receive RaftClientReply:client-8BD909272E8D->63cacea9-0392-4939-ad39-80c4c73dd84b@group-EE6C16B6C358, cid=850, SUCCESS, logIndex=1117, commits[63cacea9-0392-4939-ad39-80c4c73dd84b:c1118, bd7b7fea-2a7b-4c3f-852f-c014e42bfcb7:c1114, 3b4aa678-22a6-4ae2-9c6a-0e71cdb9d6d0:c1114]
2019-07-10 03:37:20,444 INFO  client.GrpcClientProtocolClient (GrpcClientProtocolClient.java:onNext(255)) - client-8BD909272E8D->63cacea9-0392-4939-ad39-80c4c73dd84b: receive RaftClientReply:client-8BD909272E8D->63cacea9-0392-4939-ad39-80c4c73dd84b@group-EE6C16B6C358, cid=851, SUCCESS, logIndex=1118, commits[63cacea9-0392-4939-ad39-80c4c73dd84b:c1118, bd7b7fea-2a7b-4c3f-852f-c014e42bfcb7:c1114, 3b4aa678-22a6-4ae2-9c6a-0e71cdb9d6d0:c1114]
2019-07-10 03:37:20,445 INFO  client.GrpcClientProtocolClient (GrpcClientProtocolClient.java:onNext(255)) - client-8BD909272E8D->63cacea9-0392-4939-ad39-80c4c73dd84b: receive RaftClientReply:client-8BD909272E8D->63cacea9-0392-4939-ad39-80c4c73dd84b@group-EE6C16B6C358, cid=852, SUCCESS, logIndex=0, commits[63cacea9-0392-4939-ad39-80c4c73dd84b:c1120, bd7b7fea-2a7b-4c3f-852f-c014e42bfcb7:c1116, 3b4aa678-22a6-4ae2-9c6a-0e71cdb9d6d0:c1116]
2019-07-10 03:37:20,468 INFO  client.GrpcClientProtocolClient (GrpcClientProtocolClient.java:onNext(255)) - client-8BD909272E8D->63cacea9-0392-4939-ad39-80c4c73dd84b: receive RaftClientReply:client-8BD909272E8D->63cacea9-0392-4939-ad39-80c4c73dd84b@group-EE6C16B6C358, cid=853, SUCCESS, logIndex=1123, commits[63cacea9-0392-4939-ad39-80c4c73dd84b:c1124, bd7b7fea-2a7b-4c3f-852f-c014e42bfcb7:c1122, 3b4aa678-22a6-4ae2-9c6a-0e71cdb9d6d0:c1122]
2019-07-10 03:37:20,468 INFO  client.GrpcClientProtocolClient (GrpcClientProtocolClient.java:onNext(255)) - client-8BD909272E8D->63cacea9-0392-4939-ad39-80c4c73dd84b: receive RaftClientReply:client-8BD909272E8D->63cacea9-0392-4939-ad39-80c4c73dd84b@group-EE6C16B6C358, cid=854, SUCCESS, logIndex=1124, commits[63cacea9-0392-4939-ad39-80c4c73dd84b:c1124, bd7b7fea-2a7b-4c3f-852f-c014e42bfcb7:c1122, 3b4aa678-22a6-4ae2-9c6a-0e71cdb9d6d0:c1122]
2019-07-10 03:37:20,494 INFO  client.GrpcClientProtocolClient (GrpcClientProtocolClient.java:onNext(255)) - client-8BD909272E8D->63cacea9-0392-4939-ad39-80c4c73dd84b: receive RaftClientReply:client-8BD909272E8D->63cacea9-0392-4939-ad39-80c4c73dd84b@group-EE6C16B6C358, cid=855, SUCCESS, logIndex=1127, commits[63cacea9-0392-4939-ad39-80c4c73dd84b:c1128, bd7b7fea-2a7b-4c3f-852f-c014e42bfcb7:c1124, 3b4aa678-22a6-4ae2-9c6a-0e71cdb9d6d0:c1124]
2019-07-10 03:37:20,495 INFO  client.GrpcClientProtocolClient (GrpcClientProtocolClient.java:onNext(255)) - client-8BD909272E8D->63cacea9-0392-4939-ad39-80c4c73dd84b: receive RaftClientReply:client-8BD909272E8D->63cacea9-0392-4939-ad39-80c4c73dd84b@group-EE6C16B6C358, cid=856, SUCCESS, logIndex=1128, commits[63cacea9-0392-4939-ad39-80c4c73dd84b:c1128, bd7b7fea-2a7b-4c3f-852f-c014e42bfcb7:c1124, 3b4aa678-22a6-4ae2-9c6a-0e71cdb9d6d0:c1124]
2019-07-10 03:37:20,497 INFO  client.GrpcClientProtocolClient (GrpcClientProtocolClient.java:onNext(255)) - client-8BD909272E8D->63cacea9-0392-4939-ad39-80c4c73dd84b: receive RaftClientReply:client-8BD909272E8D->63cacea9-0392-4939-ad39-80c4c73dd84b@group-EE6C16B6C358, cid=857, SUCCESS, logIndex=0, commits[63cacea9-0392-4939-ad39-80c4c73dd84b:c1129, bd7b7fea-2a7b-4c3f-852f-c014e42bfcb7:c1128, 3b4aa678-22a6-4ae2-9c6a-0e71cdb9d6d0:c1128]
2019-07-10 03:37:20,524 INFO  client.GrpcClientProtocolClient (GrpcClientProtocolClient.java:onNext(255)) - client-8BD909272E8D->63cacea9-0392-4939-ad39-80c4c73dd84b: receive RaftClientReply:client-8BD909272E8D->63cacea9-0392-4939-ad39-80c4c73dd84b@group-EE6C16B6C358, cid=858, SUCCESS, logIndex=1131, commits[63cacea9-0392-4939-ad39-80c4c73dd84b:c1132, bd7b7fea-2a7b-4c3f-852f-c014e42bfcb7:c1130, 3b4aa678-22a6-4ae2-9c6a-0e71cdb9d6d0:c1129]
2019-07-10 03:37:20,525 INFO  client.GrpcClientProtocolClient (GrpcClientProtocolClient.java:onNext(255)) - client-8BD909272E8D->63cacea9-0392-4939-ad39-80c4c73dd84b: receive RaftClientReply:client-8BD909272E8D->63cacea9-0392-4939-ad39-80c4c73dd84b@group-EE6C16B6C358, cid=859, SUCCESS, logIndex=1132, commits[63cacea9-0392-4939-ad39-80c4c73dd84b:c1134, bd7b7fea-2a7b-4c3f-852f-c014e42bfcb7:c1130, 3b4aa678-22a6-4ae2-9c6a-0e71cdb9d6d0:c1130]
2019-07-10 03:37:20,526 INFO  client.GrpcClientProtocolClient (GrpcClientProtocolClient.java:onNext(255)) - client-8BD909272E8D->63cacea9-0392-4939-ad39-80c4c73dd84b: receive RaftClientReply:client-8BD909272E8D->63cacea9-0392-4939-ad39-80c4c73dd84b@group-EE6C16B6C358, cid=860, SUCCESS, logIndex=1133, commits[63cacea9-0392-4939-ad39-80c4c73dd84b:c1134, bd7b7fea-2a7b-4c3f-852f-c014e42bfcb7:c1130, 3b4aa678-22a6-4ae2-9c6a-0e71cdb9d6d0:c1130]
2019-07-10 03:37:20,526 INFO  client.GrpcClientProtocolClient (GrpcClientProtocolClient.java:onNext(255)) - client-8BD909272E8D->63cacea9-0392-4939-ad39-80c4c73dd84b: receive RaftClientReply:client-8BD909272E8D->63cacea9-0392-4939-ad39-80c4c73dd84b@group-EE6C16B6C358, cid=861, SUCCESS, logIndex=1134, commits[63cacea9-0392-4939-ad39-80c4c73dd84b:c1134, bd7b7fea-2a7b-4c3f-852f-c014e42bfcb7:c1130, 3b4aa678-22a6-4ae2-9c6a-0e71cdb9d6d0:c1130]
2019-07-10 03:37:20,530 INFO  client.GrpcClientProtocolClient (GrpcClientProtocolClient.java:onNext(255)) - client-8BD909272E8D->63cacea9-0392-4939-ad39-80c4c73dd84b: receive RaftClientReply:client-8BD909272E8D->63cacea9-0392-4939-ad39-80c4c73dd84b@group-EE6C16B6C358, cid=862, SUCCESS, logIndex=0, commits[63cacea9-0392-4939-ad39-80c4c73dd84b:c1137, bd7b7fea-2a7b-4c3f-852f-c014e42bfcb7:c1132, 3b4aa678-22a6-4ae2-9c6a-0e71cdb9d6d0:c1134]
2019-07-10 03:37:20,546 INFO  client.GrpcClientProtocolClient (GrpcClientProtocolClient.java:onNext(255)) - client-8BD909272E8D->63cacea9-0392-4939-ad39-80c4c73dd84b: receive RaftClientReply:client-8BD909272E8D->63cacea9-0392-4939-ad39-80c4c73dd84b@group-EE6C16B6C358, cid=863, SUCCESS, logIndex=1138, commits[63cacea9-0392-4939-ad39-80c4c73dd84b:c1139, bd7b7fea-2a7b-4c3f-852f-c014e42bfcb7:c1134, 3b4aa678-22a6-4ae2-9c6a-0e71cdb9d6d0:c1137]
2019-07-10 03:37:20,546 INFO  client.GrpcClientProtocolClient (GrpcClientProtocolClient.java:onNext(255)) - client-8BD909272E8D->63cacea9-0392-4939-ad39-80c4c73dd84b: receive RaftClientReply:client-8BD909272E8D->63cacea9-0392-4939-ad39-80c4c73dd84b@group-EE6C16B6C358, cid=864, SUCCESS, logIndex=1139, commits[63cacea9-0392-4939-ad39-80c4c73dd84b:c1139, bd7b7fea-2a7b-4c3f-852f-c014e42bfcb7:c1137, 3b4aa678-22a6-4ae2-9c6a-0e71cdb9d6d0:c1137]
2019-07-10 03:37:20,570 INFO  client.GrpcClientProtocolClient (GrpcClientProtocolClient.java:onNext(255)) - client-8BD909272E8D->63cacea9-0392-4939-ad39-80c4c73dd84b: receive RaftClientReply:client-8BD909272E8D->63cacea9-0392-4939-ad39-80c4c73dd84b@group-EE6C16B6C358, cid=865, SUCCESS, logIndex=1142, commits[63cacea9-0392-4939-ad39-80c4c73dd84b:c1143, bd7b7fea-2a7b-4c3f-852f-c014e42bfcb7:c1141, 3b4aa678-22a6-4ae2-9c6a-0e71cdb9d6d0:c1141]
2019-07-10 03:37:20,570 INFO  client.GrpcClientProtocolClient (GrpcClientProtocolClient.java:onNext(255)) - client-8BD909272E8D->63cacea9-0392-4939-ad39-80c4c73dd84b: receive RaftClientReply:client-8BD909272E8D->63cacea9-0392-4939-ad39-80c4c73dd84b@group-EE6C16B6C358, cid=866, SUCCESS, logIndex=1143, commits[63cacea9-0392-4939-ad39-80c4c73dd84b:c1143, bd7b7fea-2a7b-4c3f-852f-c014e42bfcb7:c1141, 3b4aa678-22a6-4ae2-9c6a-0e71cdb9d6d0:c1141]
2019-07-10 03:37:20,582 INFO  client.GrpcClientProtocolClient (GrpcClientProtocolClient.java:onNext(255)) - client-8BD909272E8D->63cacea9-0392-4939-ad39-80c4c73dd84b: receive RaftClientReply:client-8BD909272E8D->63cacea9-0392-4939-ad39-80c4c73dd84b@group-EE6C16B6C358, cid=867, SUCCESS, logIndex=0, commits[63cacea9-0392-4939-ad39-80c4c73dd84b:c1145, bd7b7fea-2a7b-4c3f-852f-c014e42bfcb7:c1143, 3b4aa678-22a6-4ae2-9c6a-0e71cdb9d6d0:c1143]
2019-07-10 03:37:20,604 INFO  client.GrpcClientProtocolClient (GrpcClientProtocolClient.java:onNext(255)) - client-8BD909272E8D->63cacea9-0392-4939-ad39-80c4c73dd84b: receive RaftClientReply:client-8BD909272E8D->63cacea9-0392-4939-ad39-80c4c73dd84b@group-EE6C16B6C358, cid=868, SUCCESS, logIndex=1146, commits[63cacea9-0392-4939-ad39-80c4c73dd84b:c1147, bd7b7fea-2a7b-4c3f-852f-c014e42bfcb7:c1145, 3b4aa678-22a6-4ae2-9c6a-0e71cdb9d6d0:c1145]
2019-07-10 03:37:20,605 INFO  client.GrpcClientProtocolClient (GrpcClientProtocolClient.java:onNext(255)) - client-8BD909272E8D->63cacea9-0392-4939-ad39-80c4c73dd84b: receive RaftClientReply:client-8BD909272E8D->63cacea9-0392-4939-ad39-80c4c73dd84b@group-EE6C16B6C358, cid=869, SUCCESS, logIndex=1147, commits[63cacea9-0392-4939-ad39-80c4c73dd84b:c1147, bd7b7fea-2a7b-4c3f-852f-c014e42bfcb7:c1145, 3b4aa678-22a6-4ae2-9c6a-0e71cdb9d6d0:c1145]
2019-07-10 03:37:20,606 INFO  client.GrpcClientProtocolClient (GrpcClientProtocolClient.java:onNext(255)) - client-8BD909272E8D->63cacea9-0392-4939-ad39-80c4c73dd84b: receive RaftClientReply:client-8BD909272E8D->63cacea9-0392-4939-ad39-80c4c73dd84b@group-EE6C16B6C358, cid=870, SUCCESS, logIndex=1148, commits[63cacea9-0392-4939-ad39-80c4c73dd84b:c1149, bd7b7fea-2a7b-4c3f-852f-c014e42bfcb7:c1145, 3b4aa678-22a6-4ae2-9c6a-0e71cdb9d6d0:c1145]
2019-07-10 03:37:20,606 INFO  client.GrpcClientProtocolClient (GrpcClientProtocolClient.java:onNext(255)) - client-8BD909272E8D->63cacea9-0392-4939-ad39-80c4c73dd84b: receive RaftClientReply:client-8BD909272E8D->63cacea9-0392-4939-ad39-80c4c73dd84b@group-EE6C16B6C358, cid=871, SUCCESS, logIndex=1149, commits[63cacea9-0392-4939-ad39-80c4c73dd84b:c1149, bd7b7fea-2a7b-4c3f-852f-c014e42bfcb7:c1145, 3b4aa678-22a6-4ae2-9c6a-0e71cdb9d6d0:c1145]
2019-07-10 03:37:20,608 INFO  client.GrpcClientProtocolClient (GrpcClientProtocolClient.java:onNext(255)) - client-8BD909272E8D->63cacea9-0392-4939-ad39-80c4c73dd84b: receive RaftClientReply:client-8BD909272E8D->63cacea9-0392-4939-ad39-80c4c73dd84b@group-EE6C16B6C358, cid=872, SUCCESS, logIndex=0, commits[63cacea9-0392-4939-ad39-80c4c73dd84b:c1151, bd7b7fea-2a7b-4c3f-852f-c014e42bfcb7:c1147, 3b4aa678-22a6-4ae2-9c6a-0e71cdb9d6d0:c1147]
2019-07-10 03:37:20,630 INFO  client.GrpcClientProtocolClient (GrpcClientProtocolClient.java:onNext(255)) - client-8BD909272E8D->63cacea9-0392-4939-ad39-80c4c73dd84b: receive RaftClientReply:client-8BD909272E8D->63cacea9-0392-4939-ad39-80c4c73dd84b@group-EE6C16B6C358, cid=873, SUCCESS, logIndex=1154, commits[63cacea9-0392-4939-ad39-80c4c73dd84b:c1155, bd7b7fea-2a7b-4c3f-852f-c014e42bfcb7:c1153, 3b4aa678-22a6-4ae2-9c6a-0e71cdb9d6d0:c1153]
2019-07-10 03:37:20,630 INFO  client.GrpcClientProtocolClient (GrpcClientProtocolClient.java:onNext(255)) - client-8BD909272E8D->63cacea9-0392-4939-ad39-80c4c73dd84b: receive RaftClientReply:client-8BD909272E8D->63cacea9-0392-4939-ad39-80c4c73dd84b@group-EE6C16B6C358, cid=874, SUCCESS, logIndex=1155, commits[63cacea9-0392-4939-ad39-80c4c73dd84b:c1155, bd7b7fea-2a7b-4c3f-852f-c014e42bfcb7:c1153, 3b4aa678-22a6-4ae2-9c6a-0e71cdb9d6d0:c1153]
 0.00% |█                                                                                                    |  0/1 Time: 0:00:032019-07-10 03:37:20,666 INFO  client.GrpcClientProtocolClient (GrpcClientProtocolClient.java:onNext(255)) - client-8BD909272E8D->63cacea9-0392-4939-ad39-80c4c73dd84b: receive RaftClientReply:client-8BD909272E8D->63cacea9-0392-4939-ad39-80c4c73dd84b@group-EE6C16B6C358, cid=875, SUCCESS, logIndex=1158, commits[63cacea9-0392-4939-ad39-80c4c73dd84b:c1159, bd7b7fea-2a7b-4c3f-852f-c014e42bfcb7:c1155, 3b4aa678-22a6-4ae2-9c6a-0e71cdb9d6d0:c1155]
2019-07-10 03:37:20,666 INFO  client.GrpcClientProtocolClient (GrpcClientProtocolClient.java:onNext(255)) - client-8BD909272E8D->63cacea9-0392-4939-ad39-80c4c73dd84b: receive RaftClientReply:client-8BD909272E8D->63cacea9-0392-4939-ad39-80c4c73dd84b@group-EE6C16B6C358, cid=876, SUCCESS, logIndex=1159, commits[63cacea9-0392-4939-ad39-80c4c73dd84b:c1159, bd7b7fea-2a7b-4c3f-852f-c014e42bfcb7:c1155, 3b4aa678-22a6-4ae2-9c6a-0e71cdb9d6d0:c1155]
2019-07-10 03:37:20,677 INFO  client.GrpcClientProtocolClient (GrpcClientProtocolClient.java:onNext(255)) - client-8BD909272E8D->63cacea9-0392-4939-ad39-80c4c73dd84b: receive RaftClientReply:client-8BD909272E8D->63cacea9-0392-4939-ad39-80c4c73dd84b@group-EE6C16B6C358, cid=877, SUCCESS, logIndex=0, commits[63cacea9-0392-4939-ad39-80c4c73dd84b:c1160, bd7b7fea-2a7b-4c3f-852f-c014e42bfcb7:c1159, 3b4aa678-22a6-4ae2-9c6a-0e71cdb9d6d0:c1159]
2019-07-10 03:37:20,703 INFO  client.GrpcClientProtocolClient (GrpcClientProtocolClient.java:onNext(255)) - client-8BD909272E8D->63cacea9-0392-4939-ad39-80c4c73dd84b: receive RaftClientReply:client-8BD909272E8D->63cacea9-0392-4939-ad39-80c4c73dd84b@group-EE6C16B6C358, cid=878, SUCCESS, logIndex=1162, commits[63cacea9-0392-4939-ad39-80c4c73dd84b:c1163, bd7b7fea-2a7b-4c3f-852f-c014e42bfcb7:c1161, 3b4aa678-22a6-4ae2-9c6a-0e71cdb9d6d0:c1161]
2019-07-10 03:37:20,704 INFO  client.GrpcClientProtocolClient (GrpcClientProtocolClient.java:onNext(255)) - client-8BD909272E8D->63cacea9-0392-4939-ad39-80c4c73dd84b: receive RaftClientReply:client-8BD909272E8D->63cacea9-0392-4939-ad39-80c4c73dd84b@group-EE6C16B6C358, cid=879, SUCCESS, logIndex=1163, commits[63cacea9-0392-4939-ad39-80c4c73dd84b:c1165, bd7b7fea-2a7b-4c3f-852f-c014e42bfcb7:c1161, 3b4aa678-22a6-4ae2-9c6a-0e71cdb9d6d0:c1161]
2019-07-10 03:37:20,704 INFO  client.GrpcClientProtocolClient (GrpcClientProtocolClient.java:onNext(255)) - client-8BD909272E8D->63cacea9-0392-4939-ad39-80c4c73dd84b: receive RaftClientReply:client-8BD909272E8D->63cacea9-0392-4939-ad39-80c4c73dd84b@group-EE6C16B6C358, cid=880, SUCCESS, logIndex=1164, commits[63cacea9-0392-4939-ad39-80c4c73dd84b:c1165, bd7b7fea-2a7b-4c3f-852f-c014e42bfcb7:c1161, 3b4aa678-22a6-4ae2-9c6a-0e71cdb9d6d0:c1161]
2019-07-10 03:37:20,704 INFO  client.GrpcClientProtocolClient (GrpcClientProtocolClient.java:onNext(255)) - client-8BD909272E8D->63cacea9-0392-4939-ad39-80c4c73dd84b: receive RaftClientReply:client-8BD909272E8D->63cacea9-0392-4939-ad39-80c4c73dd84b@group-EE6C16B6C358, cid=881, SUCCESS, logIndex=1165, commits[63cacea9-0392-4939-ad39-80c4c73dd84b:c1165, bd7b7fea-2a7b-4c3f-852f-c014e42bfcb7:c1161, 3b4aa678-22a6-4ae2-9c6a-0e71cdb9d6d0:c1161]
2019-07-10 03:37:20,706 INFO  client.GrpcClientProtocolClient (GrpcClientProtocolClient.java:onNext(255)) - client-8BD909272E8D->63cacea9-0392-4939-ad39-80c4c73dd84b: receive RaftClientReply:client-8BD909272E8D->63cacea9-0392-4939-ad39-80c4c73dd84b@group-EE6C16B6C358, cid=882, SUCCESS, logIndex=0, commits[63cacea9-0392-4939-ad39-80c4c73dd84b:c1166, bd7b7fea-2a7b-4c3f-852f-c014e42bfcb7:c1163, 3b4aa678-22a6-4ae2-9c6a-0e71cdb9d6d0:c1163]
2019-07-10 03:37:20,724 INFO  client.GrpcClientProtocolClient (GrpcClientProtocolClient.java:onNext(255)) - client-8BD909272E8D->63cacea9-0392-4939-ad39-80c4c73dd84b: receive RaftClientReply:client-8BD909272E8D->63cacea9-0392-4939-ad39-80c4c73dd84b@group-EE6C16B6C358, cid=883, SUCCESS, logIndex=1170, commits[63cacea9-0392-4939-ad39-80c4c73dd84b:c1170, bd7b7fea-2a7b-4c3f-852f-c014e42bfcb7:c1166, 3b4aa678-22a6-4ae2-9c6a-0e71cdb9d6d0:c1166]
2019-07-10 03:37:20,725 INFO  client.GrpcClientProtocolClient (GrpcClientProtocolClient.java:onNext(255)) - client-8BD909272E8D->63cacea9-0392-4939-ad39-80c4c73dd84b: receive RaftClientReply:client-8BD909272E8D->63cacea9-0392-4939-ad39-80c4c73dd84b@group-EE6C16B6C358, cid=884, SUCCESS, logIndex=1171, commits[63cacea9-0392-4939-ad39-80c4c73dd84b:c1171, bd7b7fea-2a7b-4c3f-852f-c014e42bfcb7:c1166, 3b4aa678-22a6-4ae2-9c6a-0e71cdb9d6d0:c1166]
2019-07-10 03:37:20,749 INFO  client.GrpcClientProtocolClient (GrpcClientProtocolClient.java:onNext(255)) - client-8BD909272E8D->63cacea9-0392-4939-ad39-80c4c73dd84b: receive RaftClientReply:client-8BD909272E8D->63cacea9-0392-4939-ad39-80c4c73dd84b@group-EE6C16B6C358, cid=885, SUCCESS, logIndex=1174, commits[63cacea9-0392-4939-ad39-80c4c73dd84b:c1175, bd7b7fea-2a7b-4c3f-852f-c014e42bfcb7:c1171, 3b4aa678-22a6-4ae2-9c6a-0e71cdb9d6d0:c1171]
2019-07-10 03:37:20,749 INFO  client.GrpcClientProtocolClient (GrpcClientProtocolClient.java:onNext(255)) - client-8BD909272E8D->63cacea9-0392-4939-ad39-80c4c73dd84b: receive RaftClientReply:client-8BD909272E8D->63cacea9-0392-4939-ad39-80c4c73dd84b@group-EE6C16B6C358, cid=886, SUCCESS, logIndex=1175, commits[63cacea9-0392-4939-ad39-80c4c73dd84b:c1175, bd7b7fea-2a7b-4c3f-852f-c014e42bfcb7:c1171, 3b4aa678-22a6-4ae2-9c6a-0e71cdb9d6d0:c1171]
2019-07-10 03:37:20,764 INFO  client.GrpcClientProtocolClient (GrpcClientProtocolClient.java:onNext(255)) - client-8BD909272E8D->63cacea9-0392-4939-ad39-80c4c73dd84b: receive RaftClientReply:client-8BD909272E8D->63cacea9-0392-4939-ad39-80c4c73dd84b@group-EE6C16B6C358, cid=887, SUCCESS, logIndex=0, commits[63cacea9-0392-4939-ad39-80c4c73dd84b:c1177, bd7b7fea-2a7b-4c3f-852f-c014e42bfcb7:c1175, 3b4aa678-22a6-4ae2-9c6a-0e71cdb9d6d0:c1175]
2019-07-10 03:37:20,787 INFO  client.GrpcClientProtocolClient (GrpcClientProtocolClient.java:onNext(255)) - client-8BD909272E8D->63cacea9-0392-4939-ad39-80c4c73dd84b: receive RaftClientReply:client-8BD909272E8D->63cacea9-0392-4939-ad39-80c4c73dd84b@group-EE6C16B6C358, cid=888, SUCCESS, logIndex=1178, commits[63cacea9-0392-4939-ad39-80c4c73dd84b:c1179, bd7b7fea-2a7b-4c3f-852f-c014e42bfcb7:c1177, 3b4aa678-22a6-4ae2-9c6a-0e71cdb9d6d0:c1177]
2019-07-10 03:37:20,787 INFO  client.GrpcClientProtocolClient (GrpcClientProtocolClient.java:onNext(255)) - client-8BD909272E8D->63cacea9-0392-4939-ad39-80c4c73dd84b: receive RaftClientReply:client-8BD909272E8D->63cacea9-0392-4939-ad39-80c4c73dd84b@group-EE6C16B6C358, cid=889, SUCCESS, logIndex=1179, commits[63cacea9-0392-4939-ad39-80c4c73dd84b:c1181, bd7b7fea-2a7b-4c3f-852f-c014e42bfcb7:c1177, 3b4aa678-22a6-4ae2-9c6a-0e71cdb9d6d0:c1177]
2019-07-10 03:37:20,788 INFO  client.GrpcClientProtocolClient (GrpcClientProtocolClient.java:onNext(255)) - client-8BD909272E8D->63cacea9-0392-4939-ad39-80c4c73dd84b: receive RaftClientReply:client-8BD909272E8D->63cacea9-0392-4939-ad39-80c4c73dd84b@group-EE6C16B6C358, cid=890, SUCCESS, logIndex=1180, commits[63cacea9-0392-4939-ad39-80c4c73dd84b:c1181, bd7b7fea-2a7b-4c3f-852f-c014e42bfcb7:c1177, 3b4aa678-22a6-4ae2-9c6a-0e71cdb9d6d0:c1177]
2019-07-10 03:37:20,788 INFO  client.GrpcClientProtocolClient (GrpcClientProtocolClient.java:onNext(255)) - client-8BD909272E8D->63cacea9-0392-4939-ad39-80c4c73dd84b: receive RaftClientReply:client-8BD909272E8D->63cacea9-0392-4939-ad39-80c4c73dd84b@group-EE6C16B6C358, cid=891, SUCCESS, logIndex=1181, commits[63cacea9-0392-4939-ad39-80c4c73dd84b:c1181, bd7b7fea-2a7b-4c3f-852f-c014e42bfcb7:c1177, 3b4aa678-22a6-4ae2-9c6a-0e71cdb9d6d0:c1177]
2019-07-10 03:37:20,801 INFO  client.GrpcClientProtocolClient (GrpcClientProtocolClient.java:onNext(255)) - client-8BD909272E8D->63cacea9-0392-4939-ad39-80c4c73dd84b: receive RaftClientReply:client-8BD909272E8D->63cacea9-0392-4939-ad39-80c4c73dd84b@group-EE6C16B6C358, cid=892, SUCCESS, logIndex=0, commits[63cacea9-0392-4939-ad39-80c4c73dd84b:c1182, bd7b7fea-2a7b-4c3f-852f-c014e42bfcb7:c1179, 3b4aa678-22a6-4ae2-9c6a-0e71cdb9d6d0:c1179]
2019-07-10 03:37:20,830 INFO  client.GrpcClientProtocolClient (GrpcClientProtocolClient.java:onNext(255)) - client-8BD909272E8D->63cacea9-0392-4939-ad39-80c4c73dd84b: receive RaftClientReply:client-8BD909272E8D->63cacea9-0392-4939-ad39-80c4c73dd84b@group-EE6C16B6C358, cid=893, SUCCESS, logIndex=1186, commits[63cacea9-0392-4939-ad39-80c4c73dd84b:c1187, bd7b7fea-2a7b-4c3f-852f-c014e42bfcb7:c1185, 3b4aa678-22a6-4ae2-9c6a-0e71cdb9d6d0:c1185]
2019-07-10 03:37:20,830 INFO  client.GrpcClientProtocolClient (GrpcClientProtocolClient.java:onNext(255)) - client-8BD909272E8D->63cacea9-0392-4939-ad39-80c4c73dd84b: receive RaftClientReply:client-8BD909272E8D->63cacea9-0392-4939-ad39-80c4c73dd84b@group-EE6C16B6C358, cid=894, SUCCESS, logIndex=1187, commits[63cacea9-0392-4939-ad39-80c4c73dd84b:c1187, bd7b7fea-2a7b-4c3f-852f-c014e42bfcb7:c1185, 3b4aa678-22a6-4ae2-9c6a-0e71cdb9d6d0:c1185]
2019-07-10 03:37:20,856 INFO  client.GrpcClientProtocolClient (GrpcClientProtocolClient.java:onNext(255)) - client-8BD909272E8D->63cacea9-0392-4939-ad39-80c4c73dd84b: receive RaftClientReply:client-8BD909272E8D->63cacea9-0392-4939-ad39-80c4c73dd84b@group-EE6C16B6C358, cid=895, SUCCESS, logIndex=1190, commits[63cacea9-0392-4939-ad39-80c4c73dd84b:c1191, bd7b7fea-2a7b-4c3f-852f-c014e42bfcb7:c1187, 3b4aa678-22a6-4ae2-9c6a-0e71cdb9d6d0:c1187]
2019-07-10 03:37:20,856 INFO  client.GrpcClientProtocolClient (GrpcClientProtocolClient.java:onNext(255)) - client-8BD909272E8D->63cacea9-0392-4939-ad39-80c4c73dd84b: receive RaftClientReply:client-8BD909272E8D->63cacea9-0392-4939-ad39-80c4c73dd84b@group-EE6C16B6C358, cid=896, SUCCESS, logIndex=1191, commits[63cacea9-0392-4939-ad39-80c4c73dd84b:c1191, bd7b7fea-2a7b-4c3f-852f-c014e42bfcb7:c1187, 3b4aa678-22a6-4ae2-9c6a-0e71cdb9d6d0:c1187]
2019-07-10 03:37:20,868 INFO  client.GrpcClientProtocolClient (GrpcClientProtocolClient.java:onNext(255)) - client-8BD909272E8D->63cacea9-0392-4939-ad39-80c4c73dd84b: receive RaftClientReply:client-8BD909272E8D->63cacea9-0392-4939-ad39-80c4c73dd84b@group-EE6C16B6C358, cid=897, SUCCESS, logIndex=0, commits[63cacea9-0392-4939-ad39-80c4c73dd84b:c1192, bd7b7fea-2a7b-4c3f-852f-c014e42bfcb7:c1191, 3b4aa678-22a6-4ae2-9c6a-0e71cdb9d6d0:c1191]
2019-07-10 03:37:20,891 INFO  client.GrpcClientProtocolClient (GrpcClientProtocolClient.java:onNext(255)) - client-8BD909272E8D->63cacea9-0392-4939-ad39-80c4c73dd84b: receive RaftClientReply:client-8BD909272E8D->63cacea9-0392-4939-ad39-80c4c73dd84b@group-EE6C16B6C358, cid=898, SUCCESS, logIndex=1194, commits[63cacea9-0392-4939-ad39-80c4c73dd84b:c1194, bd7b7fea-2a7b-4c3f-852f-c014e42bfcb7:c1193, 3b4aa678-22a6-4ae2-9c6a-0e71cdb9d6d0:c1193]
2019-07-10 03:37:20,892 INFO  client.GrpcClientProtocolClient (GrpcClientProtocolClient.java:onNext(255)) - client-8BD909272E8D->63cacea9-0392-4939-ad39-80c4c73dd84b: receive RaftClientReply:client-8BD909272E8D->63cacea9-0392-4939-ad39-80c4c73dd84b@group-EE6C16B6C358, cid=899, SUCCESS, logIndex=1195, commits[63cacea9-0392-4939-ad39-80c4c73dd84b:c1197, bd7b7fea-2a7b-4c3f-852f-c014e42bfcb7:c1193, 3b4aa678-22a6-4ae2-9c6a-0e71cdb9d6d0:c1193]
2019-07-10 03:37:20,893 INFO  client.GrpcClientProtocolClient (GrpcClientProtocolClient.java:onNext(255)) - client-8BD909272E8D->63cacea9-0392-4939-ad39-80c4c73dd84b: receive RaftClientReply:client-8BD909272E8D->63cacea9-0392-4939-ad39-80c4c73dd84b@group-EE6C16B6C358, cid=900, SUCCESS, logIndex=1196, commits[63cacea9-0392-4939-ad39-80c4c73dd84b:c1197, bd7b7fea-2a7b-4c3f-852f-c014e42bfcb7:c1193, 3b4aa678-22a6-4ae2-9c6a-0e71cdb9d6d0:c1193]
2019-07-10 03:37:20,893 INFO  client.GrpcClientProtocolClient (GrpcClientProtocolClient.java:onNext(255)) - client-8BD909272E8D->63cacea9-0392-4939-ad39-80c4c73dd84b: receive RaftClientReply:client-8BD909272E8D->63cacea9-0392-4939-ad39-80c4c73dd84b@group-EE6C16B6C358, cid=901, SUCCESS, logIndex=1197, commits[63cacea9-0392-4939-ad39-80c4c73dd84b:c1197, bd7b7fea-2a7b-4c3f-852f-c014e42bfcb7:c1193, 3b4aa678-22a6-4ae2-9c6a-0e71cdb9d6d0:c1193]
2019-07-10 03:37:20,895 INFO  client.GrpcClientProtocolClient (GrpcClientProtocolClient.java:onNext(255)) - client-8BD909272E8D->63cacea9-0392-4939-ad39-80c4c73dd84b: receive RaftClientReply:client-8BD909272E8D->63cacea9-0392-4939-ad39-80c4c73dd84b@group-EE6C16B6C358, cid=902, SUCCESS, logIndex=0, commits[63cacea9-0392-4939-ad39-80c4c73dd84b:c1199, bd7b7fea-2a7b-4c3f-852f-c014e42bfcb7:c1197, 3b4aa678-22a6-4ae2-9c6a-0e71cdb9d6d0:c1197]
2019-07-10 03:37:20,915 INFO  client.GrpcClientProtocolClient (GrpcClientProtocolClient.java:onNext(255)) - client-8BD909272E8D->63cacea9-0392-4939-ad39-80c4c73dd84b: receive RaftClientReply:client-8BD909272E8D->63cacea9-0392-4939-ad39-80c4c73dd84b@group-EE6C16B6C358, cid=903, SUCCESS, logIndex=1200, commits[63cacea9-0392-4939-ad39-80c4c73dd84b:c1201, bd7b7fea-2a7b-4c3f-852f-c014e42bfcb7:c1199, 3b4aa678-22a6-4ae2-9c6a-0e71cdb9d6d0:c1199]
2019-07-10 03:37:20,916 INFO  client.GrpcClientProtocolClient (GrpcClientProtocolClient.java:onNext(255)) - client-8BD909272E8D->63cacea9-0392-4939-ad39-80c4c73dd84b: receive RaftClientReply:client-8BD909272E8D->63cacea9-0392-4939-ad39-80c4c73dd84b@group-EE6C16B6C358, cid=904, SUCCESS, logIndex=1201, commits[63cacea9-0392-4939-ad39-80c4c73dd84b:c1201, bd7b7fea-2a7b-4c3f-852f-c014e42bfcb7:c1199, 3b4aa678-22a6-4ae2-9c6a-0e71cdb9d6d0:c1199]
2019-07-10 03:37:20,940 INFO  client.GrpcClientProtocolClient (GrpcClientProtocolClient.java:onNext(255)) - client-8BD909272E8D->63cacea9-0392-4939-ad39-80c4c73dd84b: receive RaftClientReply:client-8BD909272E8D->63cacea9-0392-4939-ad39-80c4c73dd84b@group-EE6C16B6C358, cid=905, SUCCESS, logIndex=1204, commits[63cacea9-0392-4939-ad39-80c4c73dd84b:c1205, bd7b7fea-2a7b-4c3f-852f-c014e42bfcb7:c1201, 3b4aa678-22a6-4ae2-9c6a-0e71cdb9d6d0:c1201]
2019-07-10 03:37:20,941 INFO  client.GrpcClientProtocolClient (GrpcClientProtocolClient.java:onNext(255)) - client-8BD909272E8D->63cacea9-0392-4939-ad39-80c4c73dd84b: receive RaftClientReply:client-8BD909272E8D->63cacea9-0392-4939-ad39-80c4c73dd84b@group-EE6C16B6C358, cid=906, SUCCESS, logIndex=1205, commits[63cacea9-0392-4939-ad39-80c4c73dd84b:c1205, bd7b7fea-2a7b-4c3f-852f-c014e42bfcb7:c1201, 3b4aa678-22a6-4ae2-9c6a-0e71cdb9d6d0:c1201]
2019-07-10 03:37:20,952 INFO  client.GrpcClientProtocolClient (GrpcClientProtocolClient.java:onNext(255)) - client-8BD909272E8D->63cacea9-0392-4939-ad39-80c4c73dd84b: receive RaftClientReply:client-8BD909272E8D->63cacea9-0392-4939-ad39-80c4c73dd84b@group-EE6C16B6C358, cid=907, SUCCESS, logIndex=0, commits[63cacea9-0392-4939-ad39-80c4c73dd84b:c1206, bd7b7fea-2a7b-4c3f-852f-c014e42bfcb7:c1205, 3b4aa678-22a6-4ae2-9c6a-0e71cdb9d6d0:c1205]
2019-07-10 03:37:21,112 INFO  client.GrpcClientProtocolClient (GrpcClientProtocolClient.java:onNext(255)) - client-8BD909272E8D->63cacea9-0392-4939-ad39-80c4c73dd84b: receive RaftClientReply:client-8BD909272E8D->63cacea9-0392-4939-ad39-80c4c73dd84b@group-EE6C16B6C358, cid=908, SUCCESS, logIndex=1208, commits[63cacea9-0392-4939-ad39-80c4c73dd84b:c1211, bd7b7fea-2a7b-4c3f-852f-c014e42bfcb7:c1207, 3b4aa678-22a6-4ae2-9c6a-0e71cdb9d6d0:c1207]
2019-07-10 03:37:21,113 INFO  client.GrpcClientProtocolClient (GrpcClientProtocolClient.java:onNext(255)) - client-8BD909272E8D->63cacea9-0392-4939-ad39-80c4c73dd84b: receive RaftClientReply:client-8BD909272E8D->63cacea9-0392-4939-ad39-80c4c73dd84b@group-EE6C16B6C358, cid=909, SUCCESS, logIndex=1209, commits[63cacea9-0392-4939-ad39-80c4c73dd84b:c1211, bd7b7fea-2a7b-4c3f-852f-c014e42bfcb7:c1207, 3b4aa678-22a6-4ae2-9c6a-0e71cdb9d6d0:c1207]
2019-07-10 03:37:21,114 INFO  client.GrpcClientProtocolClient (GrpcClientProtocolClient.java:onNext(255)) - client-8BD909272E8D->63cacea9-0392-4939-ad39-80c4c73dd84b: receive RaftClientReply:client-8BD909272E8D->63cacea9-0392-4939-ad39-80c4c73dd84b@group-EE6C16B6C358, cid=910, SUCCESS, logIndex=1210, commits[63cacea9-0392-4939-ad39-80c4c73dd84b:c1211, bd7b7fea-2a7b-4c3f-852f-c014e42bfcb7:c1207, 3b4aa678-22a6-4ae2-9c6a-0e71cdb9d6d0:c1207]
2019-07-10 03:37:21,114 INFO  client.GrpcClientProtocolClient (GrpcClientProtocolClient.java:onNext(255)) - client-8BD909272E8D->63cacea9-0392-4939-ad39-80c4c73dd84b: receive RaftClientReply:client-8BD909272E8D->63cacea9-0392-4939-ad39-80c4c73dd84b@group-EE6C16B6C358, cid=911, SUCCESS, logIndex=1211, commits[63cacea9-0392-4939-ad39-80c4c73dd84b:c1212, bd7b7fea-2a7b-4c3f-852f-c014e42bfcb7:c1207, 3b4aa678-22a6-4ae2-9c6a-0e71cdb9d6d0:c1208]
2019-07-10 03:37:21,117 INFO  client.GrpcClientProtocolClient (GrpcClientProtocolClient.java:onNext(255)) - client-8BD909272E8D->63cacea9-0392-4939-ad39-80c4c73dd84b: receive RaftClientReply:client-8BD909272E8D->63cacea9-0392-4939-ad39-80c4c73dd84b@group-EE6C16B6C358, cid=912, SUCCESS, logIndex=0, commits[63cacea9-0392-4939-ad39-80c4c73dd84b:c1215, bd7b7fea-2a7b-4c3f-852f-c014e42bfcb7:c1211, 3b4aa678-22a6-4ae2-9c6a-0e71cdb9d6d0:c1211]
2019-07-10 03:37:21,141 INFO  client.GrpcClientProtocolClient (GrpcClientProtocolClient.java:onNext(255)) - client-8BD909272E8D->63cacea9-0392-4939-ad39-80c4c73dd84b: receive RaftClientReply:client-8BD909272E8D->63cacea9-0392-4939-ad39-80c4c73dd84b@group-EE6C16B6C358, cid=913, SUCCESS, logIndex=1216, commits[63cacea9-0392-4939-ad39-80c4c73dd84b:c1217, bd7b7fea-2a7b-4c3f-852f-c014e42bfcb7:c1215, 3b4aa678-22a6-4ae2-9c6a-0e71cdb9d6d0:c1215]
2019-07-10 03:37:21,142 INFO  client.GrpcClientProtocolClient (GrpcClientProtocolClient.java:onNext(255)) - client-8BD909272E8D->63cacea9-0392-4939-ad39-80c4c73dd84b: receive RaftClientReply:client-8BD909272E8D->63cacea9-0392-4939-ad39-80c4c73dd84b@group-EE6C16B6C358, cid=914, SUCCESS, logIndex=1217, commits[63cacea9-0392-4939-ad39-80c4c73dd84b:c1217, bd7b7fea-2a7b-4c3f-852f-c014e42bfcb7:c1215, 3b4aa678-22a6-4ae2-9c6a-0e71cdb9d6d0:c1215]
2019-07-10 03:37:21,170 INFO  client.GrpcClientProtocolClient (GrpcClientProtocolClient.java:onNext(255)) - client-8BD909272E8D->63cacea9-0392-4939-ad39-80c4c73dd84b: receive RaftClientReply:client-8BD909272E8D->63cacea9-0392-4939-ad39-80c4c73dd84b@group-EE6C16B6C358, cid=915, SUCCESS, logIndex=1220, commits[63cacea9-0392-4939-ad39-80c4c73dd84b:c1221, bd7b7fea-2a7b-4c3f-852f-c014e42bfcb7:c1217, 3b4aa678-22a6-4ae2-9c6a-0e71cdb9d6d0:c1217]
2019-07-10 03:37:21,170 INFO  client.GrpcClientProtocolClient (GrpcClientProtocolClient.java:onNext(255)) - client-8BD909272E8D->63cacea9-0392-4939-ad39-80c4c73dd84b: receive RaftClientReply:client-8BD909272E8D->63cacea9-0392-4939-ad39-80c4c73dd84b@group-EE6C16B6C358, cid=916, SUCCESS, logIndex=1221, commits[63cacea9-0392-4939-ad39-80c4c73dd84b:c1221, bd7b7fea-2a7b-4c3f-852f-c014e42bfcb7:c1217, 3b4aa678-22a6-4ae2-9c6a-0e71cdb9d6d0:c1217]
2019-07-10 03:37:21,181 INFO  client.GrpcClientProtocolClient (GrpcClientProtocolClient.java:onNext(255)) - client-8BD909272E8D->63cacea9-0392-4939-ad39-80c4c73dd84b: receive RaftClientReply:client-8BD909272E8D->63cacea9-0392-4939-ad39-80c4c73dd84b@group-EE6C16B6C358, cid=917, SUCCESS, logIndex=0, commits[63cacea9-0392-4939-ad39-80c4c73dd84b:c1222, bd7b7fea-2a7b-4c3f-852f-c014e42bfcb7:c1221, 3b4aa678-22a6-4ae2-9c6a-0e71cdb9d6d0:c1221]
2019-07-10 03:37:21,205 INFO  client.GrpcClientProtocolClient (GrpcClientProtocolClient.java:onNext(255)) - client-8BD909272E8D->63cacea9-0392-4939-ad39-80c4c73dd84b: receive RaftClientReply:client-8BD909272E8D->63cacea9-0392-4939-ad39-80c4c73dd84b@group-EE6C16B6C358, cid=918, SUCCESS, logIndex=1224, commits[63cacea9-0392-4939-ad39-80c4c73dd84b:c1225, bd7b7fea-2a7b-4c3f-852f-c014e42bfcb7:c1223, 3b4aa678-22a6-4ae2-9c6a-0e71cdb9d6d0:c1223]
2019-07-10 03:37:21,206 INFO  client.GrpcClientProtocolClient (GrpcClientProtocolClient.java:onNext(255)) - client-8BD909272E8D->63cacea9-0392-4939-ad39-80c4c73dd84b: receive RaftClientReply:client-8BD909272E8D->63cacea9-0392-4939-ad39-80c4c73dd84b@group-EE6C16B6C358, cid=919, SUCCESS, logIndex=1225, commits[63cacea9-0392-4939-ad39-80c4c73dd84b:c1227, bd7b7fea-2a7b-4c3f-852f-c014e42bfcb7:c1223, 3b4aa678-22a6-4ae2-9c6a-0e71cdb9d6d0:c1223]
2019-07-10 03:37:21,206 INFO  client.GrpcClientProtocolClient (GrpcClientProtocolClient.java:onNext(255)) - client-8BD909272E8D->63cacea9-0392-4939-ad39-80c4c73dd84b: receive RaftClientReply:client-8BD909272E8D->63cacea9-0392-4939-ad39-80c4c73dd84b@group-EE6C16B6C358, cid=920, SUCCESS, logIndex=1226, commits[63cacea9-0392-4939-ad39-80c4c73dd84b:c1227, bd7b7fea-2a7b-4c3f-852f-c014e42bfcb7:c1223, 3b4aa678-22a6-4ae2-9c6a-0e71cdb9d6d0:c1223]
2019-07-10 03:37:21,207 INFO  client.GrpcClientProtocolClient (GrpcClientProtocolClient.java:onNext(255)) - client-8BD909272E8D->63cacea9-0392-4939-ad39-80c4c73dd84b: receive RaftClientReply:client-8BD909272E8D->63cacea9-0392-4939-ad39-80c4c73dd84b@group-EE6C16B6C358, cid=921, SUCCESS, logIndex=1227, commits[63cacea9-0392-4939-ad39-80c4c73dd84b:c1228, bd7b7fea-2a7b-4c3f-852f-c014e42bfcb7:c1223, 3b4aa678-22a6-4ae2-9c6a-0e71cdb9d6d0:c1224]
2019-07-10 03:37:21,208 INFO  client.GrpcClientProtocolClient (GrpcClientProtocolClient.java:onNext(255)) - client-8BD909272E8D->63cacea9-0392-4939-ad39-80c4c73dd84b: receive RaftClientReply:client-8BD909272E8D->63cacea9-0392-4939-ad39-80c4c73dd84b@group-EE6C16B6C358, cid=922, SUCCESS, logIndex=0, commits[63cacea9-0392-4939-ad39-80c4c73dd84b:c1230, bd7b7fea-2a7b-4c3f-852f-c014e42bfcb7:c1227, 3b4aa678-22a6-4ae2-9c6a-0e71cdb9d6d0:c1227]
2019-07-10 03:37:21,233 INFO  client.GrpcClientProtocolClient (GrpcClientProtocolClient.java:onNext(255)) - client-8BD909272E8D->63cacea9-0392-4939-ad39-80c4c73dd84b: receive RaftClientReply:client-8BD909272E8D->63cacea9-0392-4939-ad39-80c4c73dd84b@group-EE6C16B6C358, cid=923, SUCCESS, logIndex=1231, commits[63cacea9-0392-4939-ad39-80c4c73dd84b:c1232, bd7b7fea-2a7b-4c3f-852f-c014e42bfcb7:c1230, 3b4aa678-22a6-4ae2-9c6a-0e71cdb9d6d0:c1230]
2019-07-10 03:37:21,234 INFO  client.GrpcClientProtocolClient (GrpcClientProtocolClient.java:onNext(255)) - client-8BD909272E8D->63cacea9-0392-4939-ad39-80c4c73dd84b: receive RaftClientReply:client-8BD909272E8D->63cacea9-0392-4939-ad39-80c4c73dd84b@group-EE6C16B6C358, cid=924, SUCCESS, logIndex=1232, commits[63cacea9-0392-4939-ad39-80c4c73dd84b:c1232, bd7b7fea-2a7b-4c3f-852f-c014e42bfcb7:c1230, 3b4aa678-22a6-4ae2-9c6a-0e71cdb9d6d0:c1230]
2019-07-10 03:37:21,258 INFO  client.GrpcClientProtocolClient (GrpcClientProtocolClient.java:onNext(255)) - client-8BD909272E8D->63cacea9-0392-4939-ad39-80c4c73dd84b: receive RaftClientReply:client-8BD909272E8D->63cacea9-0392-4939-ad39-80c4c73dd84b@group-EE6C16B6C358, cid=925, SUCCESS, logIndex=1235, commits[63cacea9-0392-4939-ad39-80c4c73dd84b:c1236, bd7b7fea-2a7b-4c3f-852f-c014e42bfcb7:c1232, 3b4aa678-22a6-4ae2-9c6a-0e71cdb9d6d0:c1232]
2019-07-10 03:37:21,259 INFO  client.GrpcClientProtocolClient (GrpcClientProtocolClient.java:onNext(255)) - client-8BD909272E8D->63cacea9-0392-4939-ad39-80c4c73dd84b: receive RaftClientReply:client-8BD909272E8D->63cacea9-0392-4939-ad39-80c4c73dd84b@group-EE6C16B6C358, cid=926, SUCCESS, logIndex=1236, commits[63cacea9-0392-4939-ad39-80c4c73dd84b:c1236, bd7b7fea-2a7b-4c3f-852f-c014e42bfcb7:c1232, 3b4aa678-22a6-4ae2-9c6a-0e71cdb9d6d0:c1232]
2019-07-10 03:37:21,261 INFO  client.GrpcClientProtocolClient (GrpcClientProtocolClient.java:onNext(255)) - client-8BD909272E8D->63cacea9-0392-4939-ad39-80c4c73dd84b: receive RaftClientReply:client-8BD909272E8D->63cacea9-0392-4939-ad39-80c4c73dd84b@group-EE6C16B6C358, cid=927, SUCCESS, logIndex=0, commits[63cacea9-0392-4939-ad39-80c4c73dd84b:c1238, bd7b7fea-2a7b-4c3f-852f-c014e42bfcb7:c1236, 3b4aa678-22a6-4ae2-9c6a-0e71cdb9d6d0:c1236]
2019-07-10 03:37:21,285 INFO  client.GrpcClientProtocolClient (GrpcClientProtocolClient.java:onNext(255)) - client-8BD909272E8D->63cacea9-0392-4939-ad39-80c4c73dd84b: receive RaftClientReply:client-8BD909272E8D->63cacea9-0392-4939-ad39-80c4c73dd84b@group-EE6C16B6C358, cid=928, SUCCESS, logIndex=1239, commits[63cacea9-0392-4939-ad39-80c4c73dd84b:c1240, bd7b7fea-2a7b-4c3f-852f-c014e42bfcb7:c1238, 3b4aa678-22a6-4ae2-9c6a-0e71cdb9d6d0:c1238]
2019-07-10 03:37:21,285 INFO  client.GrpcClientProtocolClient (GrpcClientProtocolClient.java:onNext(255)) - client-8BD909272E8D->63cacea9-0392-4939-ad39-80c4c73dd84b: receive RaftClientReply:client-8BD909272E8D->63cacea9-0392-4939-ad39-80c4c73dd84b@group-EE6C16B6C358, cid=929, SUCCESS, logIndex=1240, commits[63cacea9-0392-4939-ad39-80c4c73dd84b:c1242, bd7b7fea-2a7b-4c3f-852f-c014e42bfcb7:c1238, 3b4aa678-22a6-4ae2-9c6a-0e71cdb9d6d0:c1238]
2019-07-10 03:37:21,286 INFO  client.GrpcClientProtocolClient (GrpcClientProtocolClient.java:onNext(255)) - client-8BD909272E8D->63cacea9-0392-4939-ad39-80c4c73dd84b: receive RaftClientReply:client-8BD909272E8D->63cacea9-0392-4939-ad39-80c4c73dd84b@group-EE6C16B6C358, cid=930, SUCCESS, logIndex=1241, commits[63cacea9-0392-4939-ad39-80c4c73dd84b:c1242, bd7b7fea-2a7b-4c3f-852f-c014e42bfcb7:c1238, 3b4aa678-22a6-4ae2-9c6a-0e71cdb9d6d0:c1238]
2019-07-10 03:37:21,286 INFO  client.GrpcClientProtocolClient (GrpcClientProtocolClient.java:onNext(255)) - client-8BD909272E8D->63cacea9-0392-4939-ad39-80c4c73dd84b: receive RaftClientReply:client-8BD909272E8D->63cacea9-0392-4939-ad39-80c4c73dd84b@group-EE6C16B6C358, cid=931, SUCCESS, logIndex=1242, commits[63cacea9-0392-4939-ad39-80c4c73dd84b:c1242, bd7b7fea-2a7b-4c3f-852f-c014e42bfcb7:c1238, 3b4aa678-22a6-4ae2-9c6a-0e71cdb9d6d0:c1238]
2019-07-10 03:37:21,299 INFO  client.GrpcClientProtocolClient (GrpcClientProtocolClient.java:onNext(255)) - client-8BD909272E8D->63cacea9-0392-4939-ad39-80c4c73dd84b: receive RaftClientReply:client-8BD909272E8D->63cacea9-0392-4939-ad39-80c4c73dd84b@group-EE6C16B6C358, cid=932, SUCCESS, logIndex=0, commits[63cacea9-0392-4939-ad39-80c4c73dd84b:c1246, bd7b7fea-2a7b-4c3f-852f-c014e42bfcb7:c1242, 3b4aa678-22a6-4ae2-9c6a-0e71cdb9d6d0:c1240]
2019-07-10 03:37:21,320 INFO  client.GrpcClientProtocolClient (GrpcClientProtocolClient.java:onNext(255)) - client-8BD909272E8D->63cacea9-0392-4939-ad39-80c4c73dd84b: receive RaftClientReply:client-8BD909272E8D->63cacea9-0392-4939-ad39-80c4c73dd84b@group-EE6C16B6C358, cid=933, SUCCESS, logIndex=1247, commits[63cacea9-0392-4939-ad39-80c4c73dd84b:c1248, bd7b7fea-2a7b-4c3f-852f-c014e42bfcb7:c1246, 3b4aa678-22a6-4ae2-9c6a-0e71cdb9d6d0:c1246]
2019-07-10 03:37:21,321 INFO  client.GrpcClientProtocolClient (GrpcClientProtocolClient.java:onNext(255)) - client-8BD909272E8D->63cacea9-0392-4939-ad39-80c4c73dd84b: receive RaftClientReply:client-8BD909272E8D->63cacea9-0392-4939-ad39-80c4c73dd84b@group-EE6C16B6C358, cid=934, SUCCESS, logIndex=1248, commits[63cacea9-0392-4939-ad39-80c4c73dd84b:c1248, bd7b7fea-2a7b-4c3f-852f-c014e42bfcb7:c1246, 3b4aa678-22a6-4ae2-9c6a-0e71cdb9d6d0:c1246]
2019-07-10 03:37:21,338 INFO  client.GrpcClientProtocolClient (GrpcClientProtocolClient.java:onNext(255)) - client-8BD909272E8D->63cacea9-0392-4939-ad39-80c4c73dd84b: receive RaftClientReply:client-8BD909272E8D->63cacea9-0392-4939-ad39-80c4c73dd84b@group-EE6C16B6C358, cid=935, SUCCESS, logIndex=1251, commits[63cacea9-0392-4939-ad39-80c4c73dd84b:c1252, bd7b7fea-2a7b-4c3f-852f-c014e42bfcb7:c1248, 3b4aa678-22a6-4ae2-9c6a-0e71cdb9d6d0:c1248]
2019-07-10 03:37:21,339 INFO  client.GrpcClientProtocolClient (GrpcClientProtocolClient.java:onNext(255)) - client-8BD909272E8D->63cacea9-0392-4939-ad39-80c4c73dd84b: receive RaftClientReply:client-8BD909272E8D->63cacea9-0392-4939-ad39-80c4c73dd84b@group-EE6C16B6C358, cid=936, SUCCESS, logIndex=1252, commits[63cacea9-0392-4939-ad39-80c4c73dd84b:c1252, bd7b7fea-2a7b-4c3f-852f-c014e42bfcb7:c1248, 3b4aa678-22a6-4ae2-9c6a-0e71cdb9d6d0:c1248]
2019-07-10 03:37:21,341 INFO  client.GrpcClientProtocolClient (GrpcClientProtocolClient.java:onNext(255)) - client-8BD909272E8D->63cacea9-0392-4939-ad39-80c4c73dd84b: receive RaftClientReply:client-8BD909272E8D->63cacea9-0392-4939-ad39-80c4c73dd84b@group-EE6C16B6C358, cid=937, SUCCESS, logIndex=0, commits[63cacea9-0392-4939-ad39-80c4c73dd84b:c1254, bd7b7fea-2a7b-4c3f-852f-c014e42bfcb7:c1252, 3b4aa678-22a6-4ae2-9c6a-0e71cdb9d6d0:c1252]
2019-07-10 03:37:21,361 INFO  client.GrpcClientProtocolClient (GrpcClientProtocolClient.java:onNext(255)) - client-8BD909272E8D->63cacea9-0392-4939-ad39-80c4c73dd84b: receive RaftClientReply:client-8BD909272E8D->63cacea9-0392-4939-ad39-80c4c73dd84b@group-EE6C16B6C358, cid=938, SUCCESS, logIndex=1255, commits[63cacea9-0392-4939-ad39-80c4c73dd84b:c1256, bd7b7fea-2a7b-4c3f-852f-c014e42bfcb7:c1254, 3b4aa678-22a6-4ae2-9c6a-0e71cdb9d6d0:c1252]
2019-07-10 03:37:21,362 INFO  client.GrpcClientProtocolClient (GrpcClientProtocolClient.java:onNext(255)) - client-8BD909272E8D->63cacea9-0392-4939-ad39-80c4c73dd84b: receive RaftClientReply:client-8BD909272E8D->63cacea9-0392-4939-ad39-80c4c73dd84b@group-EE6C16B6C358, cid=939, SUCCESS, logIndex=1256, commits[63cacea9-0392-4939-ad39-80c4c73dd84b:c1257, bd7b7fea-2a7b-4c3f-852f-c014e42bfcb7:c1254, 3b4aa678-22a6-4ae2-9c6a-0e71cdb9d6d0:c1254]
2019-07-10 03:37:21,362 INFO  client.GrpcClientProtocolClient (GrpcClientProtocolClient.java:onNext(255)) - client-8BD909272E8D->63cacea9-0392-4939-ad39-80c4c73dd84b: receive RaftClientReply:client-8BD909272E8D->63cacea9-0392-4939-ad39-80c4c73dd84b@group-EE6C16B6C358, cid=940, SUCCESS, logIndex=1257, commits[63cacea9-0392-4939-ad39-80c4c73dd84b:c1258, bd7b7fea-2a7b-4c3f-852f-c014e42bfcb7:c1254, 3b4aa678-22a6-4ae2-9c6a-0e71cdb9d6d0:c1254]
2019-07-10 03:37:21,362 INFO  client.GrpcClientProtocolClient (GrpcClientProtocolClient.java:onNext(255)) - client-8BD909272E8D->63cacea9-0392-4939-ad39-80c4c73dd84b: receive RaftClientReply:client-8BD909272E8D->63cacea9-0392-4939-ad39-80c4c73dd84b@group-EE6C16B6C358, cid=941, SUCCESS, logIndex=1258, commits[63cacea9-0392-4939-ad39-80c4c73dd84b:c1258, bd7b7fea-2a7b-4c3f-852f-c014e42bfcb7:c1254, 3b4aa678-22a6-4ae2-9c6a-0e71cdb9d6d0:c1254]
2019-07-10 03:37:21,364 INFO  client.GrpcClientProtocolClient (GrpcClientProtocolClient.java:onNext(255)) - client-8BD909272E8D->63cacea9-0392-4939-ad39-80c4c73dd84b: receive RaftClientReply:client-8BD909272E8D->63cacea9-0392-4939-ad39-80c4c73dd84b@group-EE6C16B6C358, cid=942, SUCCESS, logIndex=0, commits[63cacea9-0392-4939-ad39-80c4c73dd84b:c1259, bd7b7fea-2a7b-4c3f-852f-c014e42bfcb7:c1256, 3b4aa678-22a6-4ae2-9c6a-0e71cdb9d6d0:c1256]
2019-07-10 03:37:21,389 INFO  client.GrpcClientProtocolClient (GrpcClientProtocolClient.java:onNext(255)) - client-8BD909272E8D->63cacea9-0392-4939-ad39-80c4c73dd84b: receive RaftClientReply:client-8BD909272E8D->63cacea9-0392-4939-ad39-80c4c73dd84b@group-EE6C16B6C358, cid=943, SUCCESS, logIndex=1263, commits[63cacea9-0392-4939-ad39-80c4c73dd84b:c1264, bd7b7fea-2a7b-4c3f-852f-c014e42bfcb7:c1258, 3b4aa678-22a6-4ae2-9c6a-0e71cdb9d6d0:c1262]
2019-07-10 03:37:21,390 INFO  client.GrpcClientProtocolClient (GrpcClientProtocolClient.java:onNext(255)) - client-8BD909272E8D->63cacea9-0392-4939-ad39-80c4c73dd84b: receive RaftClientReply:client-8BD909272E8D->63cacea9-0392-4939-ad39-80c4c73dd84b@group-EE6C16B6C358, cid=944, SUCCESS, logIndex=1264, commits[63cacea9-0392-4939-ad39-80c4c73dd84b:c1264, bd7b7fea-2a7b-4c3f-852f-c014e42bfcb7:c1262, 3b4aa678-22a6-4ae2-9c6a-0e71cdb9d6d0:c1262]
2019-07-10 03:37:21,416 INFO  client.GrpcClientProtocolClient (GrpcClientProtocolClient.java:onNext(255)) - client-8BD909272E8D->63cacea9-0392-4939-ad39-80c4c73dd84b: receive RaftClientReply:client-8BD909272E8D->63cacea9-0392-4939-ad39-80c4c73dd84b@group-EE6C16B6C358, cid=945, SUCCESS, logIndex=1267, commits[63cacea9-0392-4939-ad39-80c4c73dd84b:c1268, bd7b7fea-2a7b-4c3f-852f-c014e42bfcb7:c1264, 3b4aa678-22a6-4ae2-9c6a-0e71cdb9d6d0:c1264]
2019-07-10 03:37:21,416 INFO  client.GrpcClientProtocolClient (GrpcClientProtocolClient.java:onNext(255)) - client-8BD909272E8D->63cacea9-0392-4939-ad39-80c4c73dd84b: receive RaftClientReply:client-8BD909272E8D->63cacea9-0392-4939-ad39-80c4c73dd84b@group-EE6C16B6C358, cid=946, SUCCESS, logIndex=1268, commits[63cacea9-0392-4939-ad39-80c4c73dd84b:c1268, bd7b7fea-2a7b-4c3f-852f-c014e42bfcb7:c1264, 3b4aa678-22a6-4ae2-9c6a-0e71cdb9d6d0:c1264]
2019-07-10 03:37:21,418 INFO  client.GrpcClientProtocolClient (GrpcClientProtocolClient.java:onNext(255)) - client-8BD909272E8D->63cacea9-0392-4939-ad39-80c4c73dd84b: receive RaftClientReply:client-8BD909272E8D->63cacea9-0392-4939-ad39-80c4c73dd84b@group-EE6C16B6C358, cid=947, SUCCESS, logIndex=0, commits[63cacea9-0392-4939-ad39-80c4c73dd84b:c1270, bd7b7fea-2a7b-4c3f-852f-c014e42bfcb7:c1268, 3b4aa678-22a6-4ae2-9c6a-0e71cdb9d6d0:c1268]
2019-07-10 03:37:21,439 INFO  client.GrpcClientProtocolClient (GrpcClientProtocolClient.java:onNext(255)) - client-8BD909272E8D->63cacea9-0392-4939-ad39-80c4c73dd84b: receive RaftClientReply:client-8BD909272E8D->63cacea9-0392-4939-ad39-80c4c73dd84b@group-EE6C16B6C358, cid=948, SUCCESS, logIndex=1271, commits[63cacea9-0392-4939-ad39-80c4c73dd84b:c1272, bd7b7fea-2a7b-4c3f-852f-c014e42bfcb7:c1270, 3b4aa678-22a6-4ae2-9c6a-0e71cdb9d6d0:c1270]
2019-07-10 03:37:21,439 INFO  client.GrpcClientProtocolClient (GrpcClientProtocolClient.java:onNext(255)) - client-8BD909272E8D->63cacea9-0392-4939-ad39-80c4c73dd84b: receive RaftClientReply:client-8BD909272E8D->63cacea9-0392-4939-ad39-80c4c73dd84b@group-EE6C16B6C358, cid=949, SUCCESS, logIndex=1272, commits[63cacea9-0392-4939-ad39-80c4c73dd84b:c1272, bd7b7fea-2a7b-4c3f-852f-c014e42bfcb7:c1270, 3b4aa678-22a6-4ae2-9c6a-0e71cdb9d6d0:c1270]
2019-07-10 03:37:21,450 INFO  client.GrpcClientProtocolClient (GrpcClientProtocolClient.java:onNext(255)) - client-8BD909272E8D->63cacea9-0392-4939-ad39-80c4c73dd84b: receive RaftClientReply:client-8BD909272E8D->63cacea9-0392-4939-ad39-80c4c73dd84b@group-EE6C16B6C358, cid=950, SUCCESS, logIndex=1273, commits[63cacea9-0392-4939-ad39-80c4c73dd84b:c1274, bd7b7fea-2a7b-4c3f-852f-c014e42bfcb7:c1270, 3b4aa678-22a6-4ae2-9c6a-0e71cdb9d6d0:c1270]
2019-07-10 03:37:21,451 INFO  client.GrpcClientProtocolClient (GrpcClientProtocolClient.java:onNext(255)) - client-8BD909272E8D->63cacea9-0392-4939-ad39-80c4c73dd84b: receive RaftClientReply:client-8BD909272E8D->63cacea9-0392-4939-ad39-80c4c73dd84b@group-EE6C16B6C358, cid=951, SUCCESS, logIndex=1274, commits[63cacea9-0392-4939-ad39-80c4c73dd84b:c1275, bd7b7fea-2a7b-4c3f-852f-c014e42bfcb7:c1270, 3b4aa678-22a6-4ae2-9c6a-0e71cdb9d6d0:c1272]
2019-07-10 03:37:21,453 INFO  client.GrpcClientProtocolClient (GrpcClientProtocolClient.java:onNext(255)) - client-8BD909272E8D->63cacea9-0392-4939-ad39-80c4c73dd84b: receive RaftClientReply:client-8BD909272E8D->63cacea9-0392-4939-ad39-80c4c73dd84b@group-EE6C16B6C358, cid=952, SUCCESS, logIndex=0, commits[63cacea9-0392-4939-ad39-80c4c73dd84b:c1276, bd7b7fea-2a7b-4c3f-852f-c014e42bfcb7:c1272, 3b4aa678-22a6-4ae2-9c6a-0e71cdb9d6d0:c1272]
2019-07-10 03:37:21,477 INFO  client.GrpcClientProtocolClient (GrpcClientProtocolClient.java:onNext(255)) - client-8BD909272E8D->63cacea9-0392-4939-ad39-80c4c73dd84b: receive RaftClientReply:client-8BD909272E8D->63cacea9-0392-4939-ad39-80c4c73dd84b@group-EE6C16B6C358, cid=953, SUCCESS, logIndex=1279, commits[63cacea9-0392-4939-ad39-80c4c73dd84b:c1280, bd7b7fea-2a7b-4c3f-852f-c014e42bfcb7:c1276, 3b4aa678-22a6-4ae2-9c6a-0e71cdb9d6d0:c1274]
2019-07-10 03:37:21,478 INFO  client.GrpcClientProtocolClient (GrpcClientProtocolClient.java:onNext(255)) - client-8BD909272E8D->63cacea9-0392-4939-ad39-80c4c73dd84b: receive RaftClientReply:client-8BD909272E8D->63cacea9-0392-4939-ad39-80c4c73dd84b@group-EE6C16B6C358, cid=954, SUCCESS, logIndex=1280, commits[63cacea9-0392-4939-ad39-80c4c73dd84b:c1280, bd7b7fea-2a7b-4c3f-852f-c014e42bfcb7:c1276, 3b4aa678-22a6-4ae2-9c6a-0e71cdb9d6d0:c1276]
2019-07-10 03:37:21,497 INFO  client.GrpcClientProtocolClient (GrpcClientProtocolClient.java:onNext(255)) - client-8BD909272E8D->63cacea9-0392-4939-ad39-80c4c73dd84b: receive RaftClientReply:client-8BD909272E8D->63cacea9-0392-4939-ad39-80c4c73dd84b@group-EE6C16B6C358, cid=955, SUCCESS, logIndex=1282, commits[63cacea9-0392-4939-ad39-80c4c73dd84b:c1283, bd7b7fea-2a7b-4c3f-852f-c014e42bfcb7:c1281, 3b4aa678-22a6-4ae2-9c6a-0e71cdb9d6d0:c1281]
2019-07-10 03:37:21,498 INFO  client.GrpcClientProtocolClient (GrpcClientProtocolClient.java:onNext(255)) - client-8BD909272E8D->63cacea9-0392-4939-ad39-80c4c73dd84b: receive RaftClientReply:client-8BD909272E8D->63cacea9-0392-4939-ad39-80c4c73dd84b@group-EE6C16B6C358, cid=956, SUCCESS, logIndex=1283, commits[63cacea9-0392-4939-ad39-80c4c73dd84b:c1283, bd7b7fea-2a7b-4c3f-852f-c014e42bfcb7:c1281, 3b4aa678-22a6-4ae2-9c6a-0e71cdb9d6d0:c1281]
2019-07-10 03:37:21,512 INFO  client.GrpcClientProtocolClient (GrpcClientProtocolClient.java:onNext(255)) - client-8BD909272E8D->63cacea9-0392-4939-ad39-80c4c73dd84b: receive RaftClientReply:client-8BD909272E8D->63cacea9-0392-4939-ad39-80c4c73dd84b@group-EE6C16B6C358, cid=957, SUCCESS, logIndex=0, commits[63cacea9-0392-4939-ad39-80c4c73dd84b:c1284, bd7b7fea-2a7b-4c3f-852f-c014e42bfcb7:c1283, 3b4aa678-22a6-4ae2-9c6a-0e71cdb9d6d0:c1283]
2019-07-10 03:37:21,533 INFO  client.GrpcClientProtocolClient (GrpcClientProtocolClient.java:onNext(255)) - client-8BD909272E8D->63cacea9-0392-4939-ad39-80c4c73dd84b: receive RaftClientReply:client-8BD909272E8D->63cacea9-0392-4939-ad39-80c4c73dd84b@group-EE6C16B6C358, cid=958, SUCCESS, logIndex=1286, commits[63cacea9-0392-4939-ad39-80c4c73dd84b:c1287, bd7b7fea-2a7b-4c3f-852f-c014e42bfcb7:c1285, 3b4aa678-22a6-4ae2-9c6a-0e71cdb9d6d0:c1285]
2019-07-10 03:37:21,533 INFO  client.GrpcClientProtocolClient (GrpcClientProtocolClient.java:onNext(255)) - client-8BD909272E8D->63cacea9-0392-4939-ad39-80c4c73dd84b: receive RaftClientReply:client-8BD909272E8D->63cacea9-0392-4939-ad39-80c4c73dd84b@group-EE6C16B6C358, cid=959, SUCCESS, logIndex=1287, commits[63cacea9-0392-4939-ad39-80c4c73dd84b:c1287, bd7b7fea-2a7b-4c3f-852f-c014e42bfcb7:c1285, 3b4aa678-22a6-4ae2-9c6a-0e71cdb9d6d0:c1285]
2019-07-10 03:37:21,534 INFO  client.GrpcClientProtocolClient (GrpcClientProtocolClient.java:onNext(255)) - client-8BD909272E8D->63cacea9-0392-4939-ad39-80c4c73dd84b: receive RaftClientReply:client-8BD909272E8D->63cacea9-0392-4939-ad39-80c4c73dd84b@group-EE6C16B6C358, cid=960, SUCCESS, logIndex=1288, commits[63cacea9-0392-4939-ad39-80c4c73dd84b:c1289, bd7b7fea-2a7b-4c3f-852f-c014e42bfcb7:c1285, 3b4aa678-22a6-4ae2-9c6a-0e71cdb9d6d0:c1285]
2019-07-10 03:37:21,534 INFO  client.GrpcClientProtocolClient (GrpcClientProtocolClient.java:onNext(255)) - client-8BD909272E8D->63cacea9-0392-4939-ad39-80c4c73dd84b: receive RaftClientReply:client-8BD909272E8D->63cacea9-0392-4939-ad39-80c4c73dd84b@group-EE6C16B6C358, cid=961, SUCCESS, logIndex=1289, commits[63cacea9-0392-4939-ad39-80c4c73dd84b:c1289, bd7b7fea-2a7b-4c3f-852f-c014e42bfcb7:c1285, 3b4aa678-22a6-4ae2-9c6a-0e71cdb9d6d0:c1285]
2019-07-10 03:37:21,548 INFO  client.GrpcClientProtocolClient (GrpcClientProtocolClient.java:onNext(255)) - client-8BD909272E8D->63cacea9-0392-4939-ad39-80c4c73dd84b: receive RaftClientReply:client-8BD909272E8D->63cacea9-0392-4939-ad39-80c4c73dd84b@group-EE6C16B6C358, cid=962, SUCCESS, logIndex=0, commits[63cacea9-0392-4939-ad39-80c4c73dd84b:c1291, bd7b7fea-2a7b-4c3f-852f-c014e42bfcb7:c1287, 3b4aa678-22a6-4ae2-9c6a-0e71cdb9d6d0:c1287]
2019-07-10 03:37:21,563 INFO  client.GrpcClientProtocolClient (GrpcClientProtocolClient.java:onNext(255)) - client-8BD909272E8D->63cacea9-0392-4939-ad39-80c4c73dd84b: receive RaftClientReply:client-8BD909272E8D->63cacea9-0392-4939-ad39-80c4c73dd84b@group-EE6C16B6C358, cid=963, SUCCESS, logIndex=1294, commits[63cacea9-0392-4939-ad39-80c4c73dd84b:c1295, bd7b7fea-2a7b-4c3f-852f-c014e42bfcb7:c1293, 3b4aa678-22a6-4ae2-9c6a-0e71cdb9d6d0:c1293]
2019-07-10 03:37:21,563 INFO  client.GrpcClientProtocolClient (GrpcClientProtocolClient.java:onNext(255)) - client-8BD909272E8D->63cacea9-0392-4939-ad39-80c4c73dd84b: receive RaftClientReply:client-8BD909272E8D->63cacea9-0392-4939-ad39-80c4c73dd84b@group-EE6C16B6C358, cid=964, SUCCESS, logIndex=1295, commits[63cacea9-0392-4939-ad39-80c4c73dd84b:c1295, bd7b7fea-2a7b-4c3f-852f-c014e42bfcb7:c1293, 3b4aa678-22a6-4ae2-9c6a-0e71cdb9d6d0:c1293]
2019-07-10 03:37:21,577 INFO  client.GrpcClientProtocolClient (GrpcClientProtocolClient.java:onNext(255)) - client-8BD909272E8D->63cacea9-0392-4939-ad39-80c4c73dd84b: receive RaftClientReply:client-8BD909272E8D->63cacea9-0392-4939-ad39-80c4c73dd84b@group-EE6C16B6C358, cid=965, SUCCESS, logIndex=1298, commits[63cacea9-0392-4939-ad39-80c4c73dd84b:c1299, bd7b7fea-2a7b-4c3f-852f-c014e42bfcb7:c1295, 3b4aa678-22a6-4ae2-9c6a-0e71cdb9d6d0:c1297]
2019-07-10 03:37:21,578 INFO  client.GrpcClientProtocolClient (GrpcClientProtocolClient.java:onNext(255)) - client-8BD909272E8D->63cacea9-0392-4939-ad39-80c4c73dd84b: receive RaftClientReply:client-8BD909272E8D->63cacea9-0392-4939-ad39-80c4c73dd84b@group-EE6C16B6C358, cid=966, SUCCESS, logIndex=1299, commits[63cacea9-0392-4939-ad39-80c4c73dd84b:c1299, bd7b7fea-2a7b-4c3f-852f-c014e42bfcb7:c1297, 3b4aa678-22a6-4ae2-9c6a-0e71cdb9d6d0:c1297]
2019-07-10 03:37:21,579 INFO  client.GrpcClientProtocolClient (GrpcClientProtocolClient.java:onNext(255)) - client-8BD909272E8D->63cacea9-0392-4939-ad39-80c4c73dd84b: receive RaftClientReply:client-8BD909272E8D->63cacea9-0392-4939-ad39-80c4c73dd84b@group-EE6C16B6C358, cid=967, SUCCESS, logIndex=0, commits[63cacea9-0392-4939-ad39-80c4c73dd84b:c1300, bd7b7fea-2a7b-4c3f-852f-c014e42bfcb7:c1299, 3b4aa678-22a6-4ae2-9c6a-0e71cdb9d6d0:c1299]
2019-07-10 03:37:21,593 INFO  client.GrpcClientProtocolClient (GrpcClientProtocolClient.java:onNext(255)) - client-8BD909272E8D->63cacea9-0392-4939-ad39-80c4c73dd84b: receive RaftClientReply:client-8BD909272E8D->63cacea9-0392-4939-ad39-80c4c73dd84b@group-EE6C16B6C358, cid=968, SUCCESS, logIndex=1302, commits[63cacea9-0392-4939-ad39-80c4c73dd84b:c1303, bd7b7fea-2a7b-4c3f-852f-c014e42bfcb7:c1299, 3b4aa678-22a6-4ae2-9c6a-0e71cdb9d6d0:c1301]
2019-07-10 03:37:21,594 INFO  client.GrpcClientProtocolClient (GrpcClientProtocolClient.java:onNext(255)) - client-8BD909272E8D->63cacea9-0392-4939-ad39-80c4c73dd84b: receive RaftClientReply:client-8BD909272E8D->63cacea9-0392-4939-ad39-80c4c73dd84b@group-EE6C16B6C358, cid=969, SUCCESS, logIndex=1303, commits[63cacea9-0392-4939-ad39-80c4c73dd84b:c1303, bd7b7fea-2a7b-4c3f-852f-c014e42bfcb7:c1299, 3b4aa678-22a6-4ae2-9c6a-0e71cdb9d6d0:c1301]
2019-07-10 03:37:21,596 INFO  client.GrpcClientProtocolClient (GrpcClientProtocolClient.java:onNext(255)) - client-8BD909272E8D->63cacea9-0392-4939-ad39-80c4c73dd84b: receive RaftClientReply:client-8BD909272E8D->63cacea9-0392-4939-ad39-80c4c73dd84b@group-EE6C16B6C358, cid=970, SUCCESS, logIndex=1304, commits[63cacea9-0392-4939-ad39-80c4c73dd84b:c1305, bd7b7fea-2a7b-4c3f-852f-c014e42bfcb7:c1301, 3b4aa678-22a6-4ae2-9c6a-0e71cdb9d6d0:c1301]
2019-07-10 03:37:21,596 INFO  client.GrpcClientProtocolClient (GrpcClientProtocolClient.java:onNext(255)) - client-8BD909272E8D->63cacea9-0392-4939-ad39-80c4c73dd84b: receive RaftClientReply:client-8BD909272E8D->63cacea9-0392-4939-ad39-80c4c73dd84b@group-EE6C16B6C358, cid=971, SUCCESS, logIndex=1305, commits[63cacea9-0392-4939-ad39-80c4c73dd84b:c1307, bd7b7fea-2a7b-4c3f-852f-c014e42bfcb7:c1301, 3b4aa678-22a6-4ae2-9c6a-0e71cdb9d6d0:c1303]
2019-07-10 03:37:21,597 INFO  client.GrpcClientProtocolClient (GrpcClientProtocolClient.java:onNext(255)) - client-8BD909272E8D->63cacea9-0392-4939-ad39-80c4c73dd84b: receive RaftClientReply:client-8BD909272E8D->63cacea9-0392-4939-ad39-80c4c73dd84b@group-EE6C16B6C358, cid=972, SUCCESS, logIndex=0, commits[63cacea9-0392-4939-ad39-80c4c73dd84b:c1307, bd7b7fea-2a7b-4c3f-852f-c014e42bfcb7:c1303, 3b4aa678-22a6-4ae2-9c6a-0e71cdb9d6d0:c1303]
2019-07-10 03:37:21,636 INFO  client.GrpcClientProtocolClient (GrpcClientProtocolClient.java:onNext(255)) - client-8BD909272E8D->63cacea9-0392-4939-ad39-80c4c73dd84b: receive RaftClientReply:client-8BD909272E8D->63cacea9-0392-4939-ad39-80c4c73dd84b@group-EE6C16B6C358, cid=973, SUCCESS, logIndex=1310, commits[63cacea9-0392-4939-ad39-80c4c73dd84b:c1311, bd7b7fea-2a7b-4c3f-852f-c014e42bfcb7:c1309, 3b4aa678-22a6-4ae2-9c6a-0e71cdb9d6d0:c1309]
2019-07-10 03:37:21,637 INFO  client.GrpcClientProtocolClient (GrpcClientProtocolClient.java:onNext(255)) - client-8BD909272E8D->63cacea9-0392-4939-ad39-80c4c73dd84b: receive RaftClientReply:client-8BD909272E8D->63cacea9-0392-4939-ad39-80c4c73dd84b@group-EE6C16B6C358, cid=974, SUCCESS, logIndex=1311, commits[63cacea9-0392-4939-ad39-80c4c73dd84b:c1311, bd7b7fea-2a7b-4c3f-852f-c014e42bfcb7:c1309, 3b4aa678-22a6-4ae2-9c6a-0e71cdb9d6d0:c1309]
 0.00% |█                                                                                                    |  0/1 Time: 0:00:042019-07-10 03:37:21,653 INFO  client.GrpcClientProtocolClient (GrpcClientProtocolClient.java:onNext(255)) - client-8BD909272E8D->63cacea9-0392-4939-ad39-80c4c73dd84b: receive RaftClientReply:client-8BD909272E8D->63cacea9-0392-4939-ad39-80c4c73dd84b@group-EE6C16B6C358, cid=975, SUCCESS, logIndex=1314, commits[63cacea9-0392-4939-ad39-80c4c73dd84b:c1315, bd7b7fea-2a7b-4c3f-852f-c014e42bfcb7:c1311, 3b4aa678-22a6-4ae2-9c6a-0e71cdb9d6d0:c1311]
2019-07-10 03:37:21,653 INFO  client.GrpcClientProtocolClient (GrpcClientProtocolClient.java:onNext(255)) - client-8BD909272E8D->63cacea9-0392-4939-ad39-80c4c73dd84b: receive RaftClientReply:client-8BD909272E8D->63cacea9-0392-4939-ad39-80c4c73dd84b@group-EE6C16B6C358, cid=976, SUCCESS, logIndex=1315, commits[63cacea9-0392-4939-ad39-80c4c73dd84b:c1315, bd7b7fea-2a7b-4c3f-852f-c014e42bfcb7:c1311, 3b4aa678-22a6-4ae2-9c6a-0e71cdb9d6d0:c1311]
2019-07-10 03:37:21,655 INFO  client.GrpcClientProtocolClient (GrpcClientProtocolClient.java:onNext(255)) - client-8BD909272E8D->63cacea9-0392-4939-ad39-80c4c73dd84b: receive RaftClientReply:client-8BD909272E8D->63cacea9-0392-4939-ad39-80c4c73dd84b@group-EE6C16B6C358, cid=977, SUCCESS, logIndex=0, commits[63cacea9-0392-4939-ad39-80c4c73dd84b:c1316, bd7b7fea-2a7b-4c3f-852f-c014e42bfcb7:c1315, 3b4aa678-22a6-4ae2-9c6a-0e71cdb9d6d0:c1315]
2019-07-10 03:37:21,789 INFO  client.GrpcClientProtocolClient (GrpcClientProtocolClient.java:onNext(255)) - client-8BD909272E8D->63cacea9-0392-4939-ad39-80c4c73dd84b: receive RaftClientReply:client-8BD909272E8D->63cacea9-0392-4939-ad39-80c4c73dd84b@group-EE6C16B6C358, cid=978, SUCCESS, logIndex=1318, commits[63cacea9-0392-4939-ad39-80c4c73dd84b:c1319, bd7b7fea-2a7b-4c3f-852f-c014e42bfcb7:c1317, 3b4aa678-22a6-4ae2-9c6a-0e71cdb9d6d0:c1317]
2019-07-10 03:37:21,790 INFO  client.GrpcClientProtocolClient (GrpcClientProtocolClient.java:onNext(255)) - client-8BD909272E8D->63cacea9-0392-4939-ad39-80c4c73dd84b: receive RaftClientReply:client-8BD909272E8D->63cacea9-0392-4939-ad39-80c4c73dd84b@group-EE6C16B6C358, cid=979, SUCCESS, logIndex=1319, commits[63cacea9-0392-4939-ad39-80c4c73dd84b:c1320, bd7b7fea-2a7b-4c3f-852f-c014e42bfcb7:c1317, 3b4aa678-22a6-4ae2-9c6a-0e71cdb9d6d0:c1317]
2019-07-10 03:37:21,790 INFO  client.GrpcClientProtocolClient (GrpcClientProtocolClient.java:onNext(255)) - client-8BD909272E8D->63cacea9-0392-4939-ad39-80c4c73dd84b: receive RaftClientReply:client-8BD909272E8D->63cacea9-0392-4939-ad39-80c4c73dd84b@group-EE6C16B6C358, cid=980, SUCCESS, logIndex=1320, commits[63cacea9-0392-4939-ad39-80c4c73dd84b:c1321, bd7b7fea-2a7b-4c3f-852f-c014e42bfcb7:c1317, 3b4aa678-22a6-4ae2-9c6a-0e71cdb9d6d0:c1317]
2019-07-10 03:37:21,791 INFO  client.GrpcClientProtocolClient (GrpcClientProtocolClient.java:onNext(255)) - client-8BD909272E8D->63cacea9-0392-4939-ad39-80c4c73dd84b: receive RaftClientReply:client-8BD909272E8D->63cacea9-0392-4939-ad39-80c4c73dd84b@group-EE6C16B6C358, cid=981, SUCCESS, logIndex=1321, commits[63cacea9-0392-4939-ad39-80c4c73dd84b:c1321, bd7b7fea-2a7b-4c3f-852f-c014e42bfcb7:c1317, 3b4aa678-22a6-4ae2-9c6a-0e71cdb9d6d0:c1317]
2019-07-10 03:37:21,792 INFO  client.GrpcClientProtocolClient (GrpcClientProtocolClient.java:onNext(255)) - client-8BD909272E8D->63cacea9-0392-4939-ad39-80c4c73dd84b: receive RaftClientReply:client-8BD909272E8D->63cacea9-0392-4939-ad39-80c4c73dd84b@group-EE6C16B6C358, cid=982, SUCCESS, logIndex=0, commits[63cacea9-0392-4939-ad39-80c4c73dd84b:c1325, bd7b7fea-2a7b-4c3f-852f-c014e42bfcb7:c1321, 3b4aa678-22a6-4ae2-9c6a-0e71cdb9d6d0:c1321]
2019-07-10 03:37:21,816 INFO  client.GrpcClientProtocolClient (GrpcClientProtocolClient.java:onNext(255)) - client-8BD909272E8D->63cacea9-0392-4939-ad39-80c4c73dd84b: receive RaftClientReply:client-8BD909272E8D->63cacea9-0392-4939-ad39-80c4c73dd84b@group-EE6C16B6C358, cid=983, SUCCESS, logIndex=1326, commits[63cacea9-0392-4939-ad39-80c4c73dd84b:c1327, bd7b7fea-2a7b-4c3f-852f-c014e42bfcb7:c1325, 3b4aa678-22a6-4ae2-9c6a-0e71cdb9d6d0:c1325]
2019-07-10 03:37:21,817 INFO  client.GrpcClientProtocolClient (GrpcClientProtocolClient.java:onNext(255)) - client-8BD909272E8D->63cacea9-0392-4939-ad39-80c4c73dd84b: receive RaftClientReply:client-8BD909272E8D->63cacea9-0392-4939-ad39-80c4c73dd84b@group-EE6C16B6C358, cid=984, SUCCESS, logIndex=1327, commits[63cacea9-0392-4939-ad39-80c4c73dd84b:c1327, bd7b7fea-2a7b-4c3f-852f-c014e42bfcb7:c1325, 3b4aa678-22a6-4ae2-9c6a-0e71cdb9d6d0:c1325]
2019-07-10 03:37:21,844 INFO  client.GrpcClientProtocolClient (GrpcClientProtocolClient.java:onNext(255)) - client-8BD909272E8D->63cacea9-0392-4939-ad39-80c4c73dd84b: receive RaftClientReply:client-8BD909272E8D->63cacea9-0392-4939-ad39-80c4c73dd84b@group-EE6C16B6C358, cid=985, SUCCESS, logIndex=1330, commits[63cacea9-0392-4939-ad39-80c4c73dd84b:c1331, bd7b7fea-2a7b-4c3f-852f-c014e42bfcb7:c1327, 3b4aa678-22a6-4ae2-9c6a-0e71cdb9d6d0:c1327]
2019-07-10 03:37:21,845 INFO  client.GrpcClientProtocolClient (GrpcClientProtocolClient.java:onNext(255)) - client-8BD909272E8D->63cacea9-0392-4939-ad39-80c4c73dd84b: receive RaftClientReply:client-8BD909272E8D->63cacea9-0392-4939-ad39-80c4c73dd84b@group-EE6C16B6C358, cid=986, SUCCESS, logIndex=1331, commits[63cacea9-0392-4939-ad39-80c4c73dd84b:c1331, bd7b7fea-2a7b-4c3f-852f-c014e42bfcb7:c1327, 3b4aa678-22a6-4ae2-9c6a-0e71cdb9d6d0:c1327]
2019-07-10 03:37:21,856 INFO  client.GrpcClientProtocolClient (GrpcClientProtocolClient.java:onNext(255)) - client-8BD909272E8D->63cacea9-0392-4939-ad39-80c4c73dd84b: receive RaftClientReply:client-8BD909272E8D->63cacea9-0392-4939-ad39-80c4c73dd84b@group-EE6C16B6C358, cid=987, SUCCESS, logIndex=0, commits[63cacea9-0392-4939-ad39-80c4c73dd84b:c1331, bd7b7fea-2a7b-4c3f-852f-c014e42bfcb7:c1331, 3b4aa678-22a6-4ae2-9c6a-0e71cdb9d6d0:c1331]
2019-07-10 03:37:21,903 INFO  client.GrpcClientProtocolClient (GrpcClientProtocolClient.java:onNext(255)) - client-8BD909272E8D->63cacea9-0392-4939-ad39-80c4c73dd84b: receive RaftClientReply:client-8BD909272E8D->63cacea9-0392-4939-ad39-80c4c73dd84b@group-EE6C16B6C358, cid=988, SUCCESS, logIndex=1334, commits[63cacea9-0392-4939-ad39-80c4c73dd84b:c1335, bd7b7fea-2a7b-4c3f-852f-c014e42bfcb7:c1333, 3b4aa678-22a6-4ae2-9c6a-0e71cdb9d6d0:c1333]
2019-07-10 03:37:21,904 INFO  client.GrpcClientProtocolClient (GrpcClientProtocolClient.java:onNext(255)) - client-8BD909272E8D->63cacea9-0392-4939-ad39-80c4c73dd84b: receive RaftClientReply:client-8BD909272E8D->63cacea9-0392-4939-ad39-80c4c73dd84b@group-EE6C16B6C358, cid=989, SUCCESS, logIndex=1335, commits[63cacea9-0392-4939-ad39-80c4c73dd84b:c1335, bd7b7fea-2a7b-4c3f-852f-c014e42bfcb7:c1333, 3b4aa678-22a6-4ae2-9c6a-0e71cdb9d6d0:c1333]
2019-07-10 03:37:21,904 INFO  client.GrpcClientProtocolClient (GrpcClientProtocolClient.java:onNext(255)) - client-8BD909272E8D->63cacea9-0392-4939-ad39-80c4c73dd84b: receive RaftClientReply:client-8BD909272E8D->63cacea9-0392-4939-ad39-80c4c73dd84b@group-EE6C16B6C358, cid=990, SUCCESS, logIndex=1336, commits[63cacea9-0392-4939-ad39-80c4c73dd84b:c1337, bd7b7fea-2a7b-4c3f-852f-c014e42bfcb7:c1333, 3b4aa678-22a6-4ae2-9c6a-0e71cdb9d6d0:c1333]
2019-07-10 03:37:21,905 INFO  client.GrpcClientProtocolClient (GrpcClientProtocolClient.java:onNext(255)) - client-8BD909272E8D->63cacea9-0392-4939-ad39-80c4c73dd84b: receive RaftClientReply:client-8BD909272E8D->63cacea9-0392-4939-ad39-80c4c73dd84b@group-EE6C16B6C358, cid=991, SUCCESS, logIndex=1337, commits[63cacea9-0392-4939-ad39-80c4c73dd84b:c1337, bd7b7fea-2a7b-4c3f-852f-c014e42bfcb7:c1333, 3b4aa678-22a6-4ae2-9c6a-0e71cdb9d6d0:c1333]
2019-07-10 03:37:21,916 INFO  client.GrpcClientProtocolClient (GrpcClientProtocolClient.java:onNext(255)) - client-8BD909272E8D->63cacea9-0392-4939-ad39-80c4c73dd84b: receive RaftClientReply:client-8BD909272E8D->63cacea9-0392-4939-ad39-80c4c73dd84b@group-EE6C16B6C358, cid=992, SUCCESS, logIndex=0, commits[63cacea9-0392-4939-ad39-80c4c73dd84b:c1339, bd7b7fea-2a7b-4c3f-852f-c014e42bfcb7:c1335, 3b4aa678-22a6-4ae2-9c6a-0e71cdb9d6d0:c1335]
2019-07-10 03:37:21,940 INFO  client.GrpcClientProtocolClient (GrpcClientProtocolClient.java:onNext(255)) - client-8BD909272E8D->63cacea9-0392-4939-ad39-80c4c73dd84b: receive RaftClientReply:client-8BD909272E8D->63cacea9-0392-4939-ad39-80c4c73dd84b@group-EE6C16B6C358, cid=993, SUCCESS, logIndex=1341, commits[63cacea9-0392-4939-ad39-80c4c73dd84b:c1342, bd7b7fea-2a7b-4c3f-852f-c014e42bfcb7:c1340, 3b4aa678-22a6-4ae2-9c6a-0e71cdb9d6d0:c1340]
2019-07-10 03:37:21,940 INFO  client.GrpcClientProtocolClient (GrpcClientProtocolClient.java:onNext(255)) - client-8BD909272E8D->63cacea9-0392-4939-ad39-80c4c73dd84b: receive RaftClientReply:client-8BD909272E8D->63cacea9-0392-4939-ad39-80c4c73dd84b@group-EE6C16B6C358, cid=994, SUCCESS, logIndex=1342, commits[63cacea9-0392-4939-ad39-80c4c73dd84b:c1342, bd7b7fea-2a7b-4c3f-852f-c014e42bfcb7:c1340, 3b4aa678-22a6-4ae2-9c6a-0e71cdb9d6d0:c1340]
2019-07-10 03:37:21,966 INFO  client.GrpcClientProtocolClient (GrpcClientProtocolClient.java:onNext(255)) - client-8BD909272E8D->63cacea9-0392-4939-ad39-80c4c73dd84b: receive RaftClientReply:client-8BD909272E8D->63cacea9-0392-4939-ad39-80c4c73dd84b@group-EE6C16B6C358, cid=995, SUCCESS, logIndex=1345, commits[63cacea9-0392-4939-ad39-80c4c73dd84b:c1346, bd7b7fea-2a7b-4c3f-852f-c014e42bfcb7:c1342, 3b4aa678-22a6-4ae2-9c6a-0e71cdb9d6d0:c1342]
2019-07-10 03:37:21,966 INFO  client.GrpcClientProtocolClient (GrpcClientProtocolClient.java:onNext(255)) - client-8BD909272E8D->63cacea9-0392-4939-ad39-80c4c73dd84b: receive RaftClientReply:client-8BD909272E8D->63cacea9-0392-4939-ad39-80c4c73dd84b@group-EE6C16B6C358, cid=996, SUCCESS, logIndex=1346, commits[63cacea9-0392-4939-ad39-80c4c73dd84b:c1346, bd7b7fea-2a7b-4c3f-852f-c014e42bfcb7:c1342, 3b4aa678-22a6-4ae2-9c6a-0e71cdb9d6d0:c1342]
2019-07-10 03:37:21,977 INFO  client.GrpcClientProtocolClient (GrpcClientProtocolClient.java:onNext(255)) - client-8BD909272E8D->63cacea9-0392-4939-ad39-80c4c73dd84b: receive RaftClientReply:client-8BD909272E8D->63cacea9-0392-4939-ad39-80c4c73dd84b@group-EE6C16B6C358, cid=997, SUCCESS, logIndex=0, commits[63cacea9-0392-4939-ad39-80c4c73dd84b:c1347, bd7b7fea-2a7b-4c3f-852f-c014e42bfcb7:c1346, 3b4aa678-22a6-4ae2-9c6a-0e71cdb9d6d0:c1346]
2019-07-10 03:37:22,001 INFO  client.GrpcClientProtocolClient (GrpcClientProtocolClient.java:onNext(255)) - client-8BD909272E8D->63cacea9-0392-4939-ad39-80c4c73dd84b: receive RaftClientReply:client-8BD909272E8D->63cacea9-0392-4939-ad39-80c4c73dd84b@group-EE6C16B6C358, cid=998, SUCCESS, logIndex=1349, commits[63cacea9-0392-4939-ad39-80c4c73dd84b:c1350, bd7b7fea-2a7b-4c3f-852f-c014e42bfcb7:c1348, 3b4aa678-22a6-4ae2-9c6a-0e71cdb9d6d0:c1348]
2019-07-10 03:37:22,002 INFO  client.GrpcClientProtocolClient (GrpcClientProtocolClient.java:onNext(255)) - client-8BD909272E8D->63cacea9-0392-4939-ad39-80c4c73dd84b: receive RaftClientReply:client-8BD909272E8D->63cacea9-0392-4939-ad39-80c4c73dd84b@group-EE6C16B6C358, cid=999, SUCCESS, logIndex=1350, commits[63cacea9-0392-4939-ad39-80c4c73dd84b:c1350, bd7b7fea-2a7b-4c3f-852f-c014e42bfcb7:c1348, 3b4aa678-22a6-4ae2-9c6a-0e71cdb9d6d0:c1348]
2019-07-10 03:37:22,012 INFO  client.GrpcClientProtocolClient (GrpcClientProtocolClient.java:onNext(255)) - client-8BD909272E8D->63cacea9-0392-4939-ad39-80c4c73dd84b: receive RaftClientReply:client-8BD909272E8D->63cacea9-0392-4939-ad39-80c4c73dd84b@group-EE6C16B6C358, cid=1000, SUCCESS, logIndex=1351, commits[63cacea9-0392-4939-ad39-80c4c73dd84b:c1352, bd7b7fea-2a7b-4c3f-852f-c014e42bfcb7:c1348, 3b4aa678-22a6-4ae2-9c6a-0e71cdb9d6d0:c1348]
2019-07-10 03:37:22,012 INFO  client.GrpcClientProtocolClient (GrpcClientProtocolClient.java:onNext(255)) - client-8BD909272E8D->63cacea9-0392-4939-ad39-80c4c73dd84b: receive RaftClientReply:client-8BD909272E8D->63cacea9-0392-4939-ad39-80c4c73dd84b@group-EE6C16B6C358, cid=1001, SUCCESS, logIndex=1352, commits[63cacea9-0392-4939-ad39-80c4c73dd84b:c1352, bd7b7fea-2a7b-4c3f-852f-c014e42bfcb7:c1348, 3b4aa678-22a6-4ae2-9c6a-0e71cdb9d6d0:c1349]
2019-07-10 03:37:22,015 INFO  client.GrpcClientProtocolClient (GrpcClientProtocolClient.java:onNext(255)) - client-8BD909272E8D->63cacea9-0392-4939-ad39-80c4c73dd84b: receive RaftClientReply:client-8BD909272E8D->63cacea9-0392-4939-ad39-80c4c73dd84b@group-EE6C16B6C358, cid=1002, SUCCESS, logIndex=0, commits[63cacea9-0392-4939-ad39-80c4c73dd84b:c1354, bd7b7fea-2a7b-4c3f-852f-c014e42bfcb7:c1350, 3b4aa678-22a6-4ae2-9c6a-0e71cdb9d6d0:c1350]
2019-07-10 03:37:22,039 INFO  client.GrpcClientProtocolClient (GrpcClientProtocolClient.java:onNext(255)) - client-8BD909272E8D->63cacea9-0392-4939-ad39-80c4c73dd84b: receive RaftClientReply:client-8BD909272E8D->63cacea9-0392-4939-ad39-80c4c73dd84b@group-EE6C16B6C358, cid=1003, SUCCESS, logIndex=1357, commits[63cacea9-0392-4939-ad39-80c4c73dd84b:c1358, bd7b7fea-2a7b-4c3f-852f-c014e42bfcb7:c1354, 3b4aa678-22a6-4ae2-9c6a-0e71cdb9d6d0:c1352]
2019-07-10 03:37:22,039 INFO  client.GrpcClientProtocolClient (GrpcClientProtocolClient.java:onNext(255)) - client-8BD909272E8D->63cacea9-0392-4939-ad39-80c4c73dd84b: receive RaftClientReply:client-8BD909272E8D->63cacea9-0392-4939-ad39-80c4c73dd84b@group-EE6C16B6C358, cid=1004, SUCCESS, logIndex=1358, commits[63cacea9-0392-4939-ad39-80c4c73dd84b:c1358, bd7b7fea-2a7b-4c3f-852f-c014e42bfcb7:c1354, 3b4aa678-22a6-4ae2-9c6a-0e71cdb9d6d0:c1354]
2019-07-10 03:37:22,067 INFO  client.GrpcClientProtocolClient (GrpcClientProtocolClient.java:onNext(255)) - client-8BD909272E8D->63cacea9-0392-4939-ad39-80c4c73dd84b: receive RaftClientReply:client-8BD909272E8D->63cacea9-0392-4939-ad39-80c4c73dd84b@group-EE6C16B6C358, cid=1005, SUCCESS, logIndex=1361, commits[63cacea9-0392-4939-ad39-80c4c73dd84b:c1362, bd7b7fea-2a7b-4c3f-852f-c014e42bfcb7:c1359, 3b4aa678-22a6-4ae2-9c6a-0e71cdb9d6d0:c1358]
2019-07-10 03:37:22,068 INFO  client.GrpcClientProtocolClient (GrpcClientProtocolClient.java:onNext(255)) - client-8BD909272E8D->63cacea9-0392-4939-ad39-80c4c73dd84b: receive RaftClientReply:client-8BD909272E8D->63cacea9-0392-4939-ad39-80c4c73dd84b@group-EE6C16B6C358, cid=1006, SUCCESS, logIndex=1362, commits[63cacea9-0392-4939-ad39-80c4c73dd84b:c1362, bd7b7fea-2a7b-4c3f-852f-c014e42bfcb7:c1359, 3b4aa678-22a6-4ae2-9c6a-0e71cdb9d6d0:c1359]
2019-07-10 03:37:22,069 INFO  client.GrpcClientProtocolClient (GrpcClientProtocolClient.java:onNext(255)) - client-8BD909272E8D->63cacea9-0392-4939-ad39-80c4c73dd84b: receive RaftClientReply:client-8BD909272E8D->63cacea9-0392-4939-ad39-80c4c73dd84b@group-EE6C16B6C358, cid=1007, SUCCESS, logIndex=0, commits[63cacea9-0392-4939-ad39-80c4c73dd84b:c1363, bd7b7fea-2a7b-4c3f-852f-c014e42bfcb7:c1362, 3b4aa678-22a6-4ae2-9c6a-0e71cdb9d6d0:c1362]
2019-07-10 03:37:22,093 INFO  client.GrpcClientProtocolClient (GrpcClientProtocolClient.java:onNext(255)) - client-8BD909272E8D->63cacea9-0392-4939-ad39-80c4c73dd84b: receive RaftClientReply:client-8BD909272E8D->63cacea9-0392-4939-ad39-80c4c73dd84b@group-EE6C16B6C358, cid=1008, SUCCESS, logIndex=1365, commits[63cacea9-0392-4939-ad39-80c4c73dd84b:c1366, bd7b7fea-2a7b-4c3f-852f-c014e42bfcb7:c1364, 3b4aa678-22a6-4ae2-9c6a-0e71cdb9d6d0:c1364]
2019-07-10 03:37:22,094 INFO  client.GrpcClientProtocolClient (GrpcClientProtocolClient.java:onNext(255)) - client-8BD909272E8D->63cacea9-0392-4939-ad39-80c4c73dd84b: receive RaftClientReply:client-8BD909272E8D->63cacea9-0392-4939-ad39-80c4c73dd84b@group-EE6C16B6C358, cid=1009, SUCCESS, logIndex=1366, commits[63cacea9-0392-4939-ad39-80c4c73dd84b:c1366, bd7b7fea-2a7b-4c3f-852f-c014e42bfcb7:c1364, 3b4aa678-22a6-4ae2-9c6a-0e71cdb9d6d0:c1364]
2019-07-10 03:37:22,105 INFO  client.GrpcClientProtocolClient (GrpcClientProtocolClient.java:onNext(255)) - client-8BD909272E8D->63cacea9-0392-4939-ad39-80c4c73dd84b: receive RaftClientReply:client-8BD909272E8D->63cacea9-0392-4939-ad39-80c4c73dd84b@group-EE6C16B6C358, cid=1010, SUCCESS, logIndex=1367, commits[63cacea9-0392-4939-ad39-80c4c73dd84b:c1368, bd7b7fea-2a7b-4c3f-852f-c014e42bfcb7:c1364, 3b4aa678-22a6-4ae2-9c6a-0e71cdb9d6d0:c1364]
2019-07-10 03:37:22,105 INFO  client.GrpcClientProtocolClient (GrpcClientProtocolClient.java:onNext(255)) - client-8BD909272E8D->63cacea9-0392-4939-ad39-80c4c73dd84b: receive RaftClientReply:client-8BD909272E8D->63cacea9-0392-4939-ad39-80c4c73dd84b@group-EE6C16B6C358, cid=1011, SUCCESS, logIndex=1368, commits[63cacea9-0392-4939-ad39-80c4c73dd84b:c1368, bd7b7fea-2a7b-4c3f-852f-c014e42bfcb7:c1364, 3b4aa678-22a6-4ae2-9c6a-0e71cdb9d6d0:c1364]
2019-07-10 03:37:22,108 INFO  client.GrpcClientProtocolClient (GrpcClientProtocolClient.java:onNext(255)) - client-8BD909272E8D->63cacea9-0392-4939-ad39-80c4c73dd84b: receive RaftClientReply:client-8BD909272E8D->63cacea9-0392-4939-ad39-80c4c73dd84b@group-EE6C16B6C358, cid=1012, SUCCESS, logIndex=0, commits[63cacea9-0392-4939-ad39-80c4c73dd84b:c1370, bd7b7fea-2a7b-4c3f-852f-c014e42bfcb7:c1366, 3b4aa678-22a6-4ae2-9c6a-0e71cdb9d6d0:c1366]
2019-07-10 03:37:22,136 INFO  client.GrpcClientProtocolClient (GrpcClientProtocolClient.java:onNext(255)) - client-8BD909272E8D->63cacea9-0392-4939-ad39-80c4c73dd84b: receive RaftClientReply:client-8BD909272E8D->63cacea9-0392-4939-ad39-80c4c73dd84b@group-EE6C16B6C358, cid=1013, SUCCESS, logIndex=1373, commits[63cacea9-0392-4939-ad39-80c4c73dd84b:c1374, bd7b7fea-2a7b-4c3f-852f-c014e42bfcb7:c1372, 3b4aa678-22a6-4ae2-9c6a-0e71cdb9d6d0:c1372]
2019-07-10 03:37:22,137 INFO  client.GrpcClientProtocolClient (GrpcClientProtocolClient.java:onNext(255)) - client-8BD909272E8D->63cacea9-0392-4939-ad39-80c4c73dd84b: receive RaftClientReply:client-8BD909272E8D->63cacea9-0392-4939-ad39-80c4c73dd84b@group-EE6C16B6C358, cid=1014, SUCCESS, logIndex=1374, commits[63cacea9-0392-4939-ad39-80c4c73dd84b:c1374, bd7b7fea-2a7b-4c3f-852f-c014e42bfcb7:c1372, 3b4aa678-22a6-4ae2-9c6a-0e71cdb9d6d0:c1372]
2019-07-10 03:37:22,159 INFO  client.GrpcClientProtocolClient (GrpcClientProtocolClient.java:onNext(255)) - client-8BD909272E8D->63cacea9-0392-4939-ad39-80c4c73dd84b: receive RaftClientReply:client-8BD909272E8D->63cacea9-0392-4939-ad39-80c4c73dd84b@group-EE6C16B6C358, cid=1015, SUCCESS, logIndex=1377, commits[63cacea9-0392-4939-ad39-80c4c73dd84b:c1378, bd7b7fea-2a7b-4c3f-852f-c014e42bfcb7:c1374, 3b4aa678-22a6-4ae2-9c6a-0e71cdb9d6d0:c1375]
2019-07-10 03:37:22,159 INFO  client.GrpcClientProtocolClient (GrpcClientProtocolClient.java:onNext(255)) - client-8BD909272E8D->63cacea9-0392-4939-ad39-80c4c73dd84b: receive RaftClientReply:client-8BD909272E8D->63cacea9-0392-4939-ad39-80c4c73dd84b@group-EE6C16B6C358, cid=1016, SUCCESS, logIndex=1378, commits[63cacea9-0392-4939-ad39-80c4c73dd84b:c1378, bd7b7fea-2a7b-4c3f-852f-c014e42bfcb7:c1375, 3b4aa678-22a6-4ae2-9c6a-0e71cdb9d6d0:c1375]
2019-07-10 03:37:22,173 INFO  client.GrpcClientProtocolClient (GrpcClientProtocolClient.java:onNext(255)) - client-8BD909272E8D->63cacea9-0392-4939-ad39-80c4c73dd84b: receive RaftClientReply:client-8BD909272E8D->63cacea9-0392-4939-ad39-80c4c73dd84b@group-EE6C16B6C358, cid=1017, SUCCESS, logIndex=0, commits[63cacea9-0392-4939-ad39-80c4c73dd84b:c1380, bd7b7fea-2a7b-4c3f-852f-c014e42bfcb7:c1378, 3b4aa678-22a6-4ae2-9c6a-0e71cdb9d6d0:c1378]
2019-07-10 03:37:22,195 INFO  client.GrpcClientProtocolClient (GrpcClientProtocolClient.java:onNext(255)) - client-8BD909272E8D->63cacea9-0392-4939-ad39-80c4c73dd84b: receive RaftClientReply:client-8BD909272E8D->63cacea9-0392-4939-ad39-80c4c73dd84b@group-EE6C16B6C358, cid=1018, SUCCESS, logIndex=1381, commits[63cacea9-0392-4939-ad39-80c4c73dd84b:c1382, bd7b7fea-2a7b-4c3f-852f-c014e42bfcb7:c1380, 3b4aa678-22a6-4ae2-9c6a-0e71cdb9d6d0:c1380]
2019-07-10 03:37:22,196 INFO  client.GrpcClientProtocolClient (GrpcClientProtocolClient.java:onNext(255)) - client-8BD909272E8D->63cacea9-0392-4939-ad39-80c4c73dd84b: receive RaftClientReply:client-8BD909272E8D->63cacea9-0392-4939-ad39-80c4c73dd84b@group-EE6C16B6C358, cid=1019, SUCCESS, logIndex=1382, commits[63cacea9-0392-4939-ad39-80c4c73dd84b:c1382, bd7b7fea-2a7b-4c3f-852f-c014e42bfcb7:c1380, 3b4aa678-22a6-4ae2-9c6a-0e71cdb9d6d0:c1380]
2019-07-10 03:37:22,196 INFO  client.GrpcClientProtocolClient (GrpcClientProtocolClient.java:onNext(255)) - client-8BD909272E8D->63cacea9-0392-4939-ad39-80c4c73dd84b: receive RaftClientReply:client-8BD909272E8D->63cacea9-0392-4939-ad39-80c4c73dd84b@group-EE6C16B6C358, cid=1020, SUCCESS, logIndex=1383, commits[63cacea9-0392-4939-ad39-80c4c73dd84b:c1384, bd7b7fea-2a7b-4c3f-852f-c014e42bfcb7:c1380, 3b4aa678-22a6-4ae2-9c6a-0e71cdb9d6d0:c1380]
2019-07-10 03:37:22,197 INFO  client.GrpcClientProtocolClient (GrpcClientProtocolClient.java:onNext(255)) - client-8BD909272E8D->63cacea9-0392-4939-ad39-80c4c73dd84b: receive RaftClientReply:client-8BD909272E8D->63cacea9-0392-4939-ad39-80c4c73dd84b@group-EE6C16B6C358, cid=1021, SUCCESS, logIndex=1384, commits[63cacea9-0392-4939-ad39-80c4c73dd84b:c1384, bd7b7fea-2a7b-4c3f-852f-c014e42bfcb7:c1380, 3b4aa678-22a6-4ae2-9c6a-0e71cdb9d6d0:c1380]
2019-07-10 03:37:22,210 INFO  client.GrpcClientProtocolClient (GrpcClientProtocolClient.java:onNext(255)) - client-8BD909272E8D->63cacea9-0392-4939-ad39-80c4c73dd84b: receive RaftClientReply:client-8BD909272E8D->63cacea9-0392-4939-ad39-80c4c73dd84b@group-EE6C16B6C358, cid=1022, SUCCESS, logIndex=0, commits[63cacea9-0392-4939-ad39-80c4c73dd84b:c1386, bd7b7fea-2a7b-4c3f-852f-c014e42bfcb7:c1382, 3b4aa678-22a6-4ae2-9c6a-0e71cdb9d6d0:c1382]
2019-07-10 03:37:22,230 INFO  client.GrpcClientProtocolClient (GrpcClientProtocolClient.java:onNext(255)) - client-8BD909272E8D->63cacea9-0392-4939-ad39-80c4c73dd84b: receive RaftClientReply:client-8BD909272E8D->63cacea9-0392-4939-ad39-80c4c73dd84b@group-EE6C16B6C358, cid=1023, SUCCESS, logIndex=1389, commits[63cacea9-0392-4939-ad39-80c4c73dd84b:c1390, bd7b7fea-2a7b-4c3f-852f-c014e42bfcb7:c1388, 3b4aa678-22a6-4ae2-9c6a-0e71cdb9d6d0:c1388]
2019-07-10 03:37:22,230 INFO  client.GrpcClientProtocolClient (GrpcClientProtocolClient.java:onNext(255)) - client-8BD909272E8D->63cacea9-0392-4939-ad39-80c4c73dd84b: receive RaftClientReply:client-8BD909272E8D->63cacea9-0392-4939-ad39-80c4c73dd84b@group-EE6C16B6C358, cid=1024, SUCCESS, logIndex=1390, commits[63cacea9-0392-4939-ad39-80c4c73dd84b:c1390, bd7b7fea-2a7b-4c3f-852f-c014e42bfcb7:c1388, 3b4aa678-22a6-4ae2-9c6a-0e71cdb9d6d0:c1388]
2019-07-10 03:37:22,244 INFO  client.GrpcClientProtocolClient (GrpcClientProtocolClient.java:onNext(255)) - client-8BD909272E8D->63cacea9-0392-4939-ad39-80c4c73dd84b: receive RaftClientReply:client-8BD909272E8D->63cacea9-0392-4939-ad39-80c4c73dd84b@group-EE6C16B6C358, cid=1025, SUCCESS, logIndex=1393, commits[63cacea9-0392-4939-ad39-80c4c73dd84b:c1394, bd7b7fea-2a7b-4c3f-852f-c014e42bfcb7:c1390, 3b4aa678-22a6-4ae2-9c6a-0e71cdb9d6d0:c1389]
2019-07-10 03:37:22,244 INFO  client.GrpcClientProtocolClient (GrpcClientProtocolClient.java:onNext(255)) - client-8BD909272E8D->63cacea9-0392-4939-ad39-80c4c73dd84b: receive RaftClientReply:client-8BD909272E8D->63cacea9-0392-4939-ad39-80c4c73dd84b@group-EE6C16B6C358, cid=1026, SUCCESS, logIndex=1394, commits[63cacea9-0392-4939-ad39-80c4c73dd84b:c1394, bd7b7fea-2a7b-4c3f-852f-c014e42bfcb7:c1390, 3b4aa678-22a6-4ae2-9c6a-0e71cdb9d6d0:c1390]
2019-07-10 03:37:22,247 INFO  client.GrpcClientProtocolClient (GrpcClientProtocolClient.java:onNext(255)) - client-8BD909272E8D->63cacea9-0392-4939-ad39-80c4c73dd84b: receive RaftClientReply:client-8BD909272E8D->63cacea9-0392-4939-ad39-80c4c73dd84b@group-EE6C16B6C358, cid=1027, SUCCESS, logIndex=0, commits[63cacea9-0392-4939-ad39-80c4c73dd84b:c1395, bd7b7fea-2a7b-4c3f-852f-c014e42bfcb7:c1394, 3b4aa678-22a6-4ae2-9c6a-0e71cdb9d6d0:c1394]
2019-07-10 03:37:22,268 INFO  client.GrpcClientProtocolClient (GrpcClientProtocolClient.java:onNext(255)) - client-8BD909272E8D->63cacea9-0392-4939-ad39-80c4c73dd84b: receive RaftClientReply:client-8BD909272E8D->63cacea9-0392-4939-ad39-80c4c73dd84b@group-EE6C16B6C358, cid=1028, SUCCESS, logIndex=1396, commits[63cacea9-0392-4939-ad39-80c4c73dd84b:c1397, bd7b7fea-2a7b-4c3f-852f-c014e42bfcb7:c1395, 3b4aa678-22a6-4ae2-9c6a-0e71cdb9d6d0:c1395]
2019-07-10 03:37:22,269 INFO  client.GrpcClientProtocolClient (GrpcClientProtocolClient.java:onNext(255)) - client-8BD909272E8D->63cacea9-0392-4939-ad39-80c4c73dd84b: receive RaftClientReply:client-8BD909272E8D->63cacea9-0392-4939-ad39-80c4c73dd84b@group-EE6C16B6C358, cid=1029, SUCCESS, logIndex=1397, commits[63cacea9-0392-4939-ad39-80c4c73dd84b:c1397, bd7b7fea-2a7b-4c3f-852f-c014e42bfcb7:c1395, 3b4aa678-22a6-4ae2-9c6a-0e71cdb9d6d0:c1395]
2019-07-10 03:37:22,269 INFO  client.GrpcClientProtocolClient (GrpcClientProtocolClient.java:onNext(255)) - client-8BD909272E8D->63cacea9-0392-4939-ad39-80c4c73dd84b: receive RaftClientReply:client-8BD909272E8D->63cacea9-0392-4939-ad39-80c4c73dd84b@group-EE6C16B6C358, cid=1030, SUCCESS, logIndex=1398, commits[63cacea9-0392-4939-ad39-80c4c73dd84b:c1399, bd7b7fea-2a7b-4c3f-852f-c014e42bfcb7:c1395, 3b4aa678-22a6-4ae2-9c6a-0e71cdb9d6d0:c1395]
2019-07-10 03:37:22,270 INFO  client.GrpcClientProtocolClient (GrpcClientProtocolClient.java:onNext(255)) - client-8BD909272E8D->63cacea9-0392-4939-ad39-80c4c73dd84b: receive RaftClientReply:client-8BD909272E8D->63cacea9-0392-4939-ad39-80c4c73dd84b@group-EE6C16B6C358, cid=1031, SUCCESS, logIndex=1399, commits[63cacea9-0392-4939-ad39-80c4c73dd84b:c1399, bd7b7fea-2a7b-4c3f-852f-c014e42bfcb7:c1395, 3b4aa678-22a6-4ae2-9c6a-0e71cdb9d6d0:c1395]
2019-07-10 03:37:22,283 INFO  client.GrpcClientProtocolClient (GrpcClientProtocolClient.java:onNext(255)) - client-8BD909272E8D->63cacea9-0392-4939-ad39-80c4c73dd84b: receive RaftClientReply:client-8BD909272E8D->63cacea9-0392-4939-ad39-80c4c73dd84b@group-EE6C16B6C358, cid=1032, SUCCESS, logIndex=0, commits[63cacea9-0392-4939-ad39-80c4c73dd84b:c1401, bd7b7fea-2a7b-4c3f-852f-c014e42bfcb7:c1397, 3b4aa678-22a6-4ae2-9c6a-0e71cdb9d6d0:c1397]
2019-07-10 03:37:22,303 INFO  client.GrpcClientProtocolClient (GrpcClientProtocolClient.java:onNext(255)) - client-8BD909272E8D->63cacea9-0392-4939-ad39-80c4c73dd84b: receive RaftClientReply:client-8BD909272E8D->63cacea9-0392-4939-ad39-80c4c73dd84b@group-EE6C16B6C358, cid=1033, SUCCESS, logIndex=1404, commits[63cacea9-0392-4939-ad39-80c4c73dd84b:c1404, bd7b7fea-2a7b-4c3f-852f-c014e42bfcb7:c1403, 3b4aa678-22a6-4ae2-9c6a-0e71cdb9d6d0:c1403]
2019-07-10 03:37:22,304 INFO  client.GrpcClientProtocolClient (GrpcClientProtocolClient.java:onNext(255)) - client-8BD909272E8D->63cacea9-0392-4939-ad39-80c4c73dd84b: receive RaftClientReply:client-8BD909272E8D->63cacea9-0392-4939-ad39-80c4c73dd84b@group-EE6C16B6C358, cid=1034, SUCCESS, logIndex=1405, commits[63cacea9-0392-4939-ad39-80c4c73dd84b:c1405, bd7b7fea-2a7b-4c3f-852f-c014e42bfcb7:c1403, 3b4aa678-22a6-4ae2-9c6a-0e71cdb9d6d0:c1403]
2019-07-10 03:37:22,330 INFO  client.GrpcClientProtocolClient (GrpcClientProtocolClient.java:onNext(255)) - client-8BD909272E8D->63cacea9-0392-4939-ad39-80c4c73dd84b: receive RaftClientReply:client-8BD909272E8D->63cacea9-0392-4939-ad39-80c4c73dd84b@group-EE6C16B6C358, cid=1035, SUCCESS, logIndex=1408, commits[63cacea9-0392-4939-ad39-80c4c73dd84b:c1409, bd7b7fea-2a7b-4c3f-852f-c014e42bfcb7:c1405, 3b4aa678-22a6-4ae2-9c6a-0e71cdb9d6d0:c1405]
2019-07-10 03:37:22,330 INFO  client.GrpcClientProtocolClient (GrpcClientProtocolClient.java:onNext(255)) - client-8BD909272E8D->63cacea9-0392-4939-ad39-80c4c73dd84b: receive RaftClientReply:client-8BD909272E8D->63cacea9-0392-4939-ad39-80c4c73dd84b@group-EE6C16B6C358, cid=1036, SUCCESS, logIndex=1409, commits[63cacea9-0392-4939-ad39-80c4c73dd84b:c1409, bd7b7fea-2a7b-4c3f-852f-c014e42bfcb7:c1405, 3b4aa678-22a6-4ae2-9c6a-0e71cdb9d6d0:c1405]
2019-07-10 03:37:22,333 INFO  client.GrpcClientProtocolClient (GrpcClientProtocolClient.java:onNext(255)) - client-8BD909272E8D->63cacea9-0392-4939-ad39-80c4c73dd84b: receive RaftClientReply:client-8BD909272E8D->63cacea9-0392-4939-ad39-80c4c73dd84b@group-EE6C16B6C358, cid=1037, SUCCESS, logIndex=0, commits[63cacea9-0392-4939-ad39-80c4c73dd84b:c1411, bd7b7fea-2a7b-4c3f-852f-c014e42bfcb7:c1409, 3b4aa678-22a6-4ae2-9c6a-0e71cdb9d6d0:c1409]
2019-07-10 03:37:22,349 INFO  client.GrpcClientProtocolClient (GrpcClientProtocolClient.java:onNext(255)) - client-8BD909272E8D->63cacea9-0392-4939-ad39-80c4c73dd84b: receive RaftClientReply:client-8BD909272E8D->63cacea9-0392-4939-ad39-80c4c73dd84b@group-EE6C16B6C358, cid=1038, SUCCESS, logIndex=1412, commits[63cacea9-0392-4939-ad39-80c4c73dd84b:c1413, bd7b7fea-2a7b-4c3f-852f-c014e42bfcb7:c1411, 3b4aa678-22a6-4ae2-9c6a-0e71cdb9d6d0:c1411]
2019-07-10 03:37:22,349 INFO  client.GrpcClientProtocolClient (GrpcClientProtocolClient.java:onNext(255)) - client-8BD909272E8D->63cacea9-0392-4939-ad39-80c4c73dd84b: receive RaftClientReply:client-8BD909272E8D->63cacea9-0392-4939-ad39-80c4c73dd84b@group-EE6C16B6C358, cid=1039, SUCCESS, logIndex=1413, commits[63cacea9-0392-4939-ad39-80c4c73dd84b:c1413, bd7b7fea-2a7b-4c3f-852f-c014e42bfcb7:c1411, 3b4aa678-22a6-4ae2-9c6a-0e71cdb9d6d0:c1411]
2019-07-10 03:37:22,354 INFO  client.GrpcClientProtocolClient (GrpcClientProtocolClient.java:onNext(255)) - client-8BD909272E8D->63cacea9-0392-4939-ad39-80c4c73dd84b: receive RaftClientReply:client-8BD909272E8D->63cacea9-0392-4939-ad39-80c4c73dd84b@group-EE6C16B6C358, cid=1040, SUCCESS, logIndex=1414, commits[63cacea9-0392-4939-ad39-80c4c73dd84b:c1415, bd7b7fea-2a7b-4c3f-852f-c014e42bfcb7:c1411, 3b4aa678-22a6-4ae2-9c6a-0e71cdb9d6d0:c1411]
2019-07-10 03:37:22,354 INFO  client.GrpcClientProtocolClient (GrpcClientProtocolClient.java:onNext(255)) - client-8BD909272E8D->63cacea9-0392-4939-ad39-80c4c73dd84b: receive RaftClientReply:client-8BD909272E8D->63cacea9-0392-4939-ad39-80c4c73dd84b@group-EE6C16B6C358, cid=1041, SUCCESS, logIndex=1415, commits[63cacea9-0392-4939-ad39-80c4c73dd84b:c1417, bd7b7fea-2a7b-4c3f-852f-c014e42bfcb7:c1413, 3b4aa678-22a6-4ae2-9c6a-0e71cdb9d6d0:c1413]
2019-07-10 03:37:22,378 INFO  client.GrpcClientProtocolClient (GrpcClientProtocolClient.java:onNext(255)) - client-8BD909272E8D->63cacea9-0392-4939-ad39-80c4c73dd84b: receive RaftClientReply:client-8BD909272E8D->63cacea9-0392-4939-ad39-80c4c73dd84b@group-EE6C16B6C358, cid=1042, SUCCESS, logIndex=1420, commits[63cacea9-0392-4939-ad39-80c4c73dd84b:c1421, bd7b7fea-2a7b-4c3f-852f-c014e42bfcb7:c1419, 3b4aa678-22a6-4ae2-9c6a-0e71cdb9d6d0:c1419]
2019-07-10 03:37:22,379 INFO  client.GrpcClientProtocolClient (GrpcClientProtocolClient.java:onNext(255)) - client-8BD909272E8D->63cacea9-0392-4939-ad39-80c4c73dd84b: receive RaftClientReply:client-8BD909272E8D->63cacea9-0392-4939-ad39-80c4c73dd84b@group-EE6C16B6C358, cid=1043, SUCCESS, logIndex=1421, commits[63cacea9-0392-4939-ad39-80c4c73dd84b:c1421, bd7b7fea-2a7b-4c3f-852f-c014e42bfcb7:c1419, 3b4aa678-22a6-4ae2-9c6a-0e71cdb9d6d0:c1419]
2019-07-10 03:37:22,392 INFO  client.GrpcClientProtocolClient (GrpcClientProtocolClient.java:onNext(255)) - client-8BD909272E8D->63cacea9-0392-4939-ad39-80c4c73dd84b: receive RaftClientReply:client-8BD909272E8D->63cacea9-0392-4939-ad39-80c4c73dd84b@group-EE6C16B6C358, cid=1044, SUCCESS, logIndex=1424, commits[63cacea9-0392-4939-ad39-80c4c73dd84b:c1425, bd7b7fea-2a7b-4c3f-852f-c014e42bfcb7:c1420, 3b4aa678-22a6-4ae2-9c6a-0e71cdb9d6d0:c1421]
2019-07-10 03:37:22,393 INFO  client.GrpcClientProtocolClient (GrpcClientProtocolClient.java:onNext(255)) - client-8BD909272E8D->63cacea9-0392-4939-ad39-80c4c73dd84b: receive RaftClientReply:client-8BD909272E8D->63cacea9-0392-4939-ad39-80c4c73dd84b@group-EE6C16B6C358, cid=1045, SUCCESS, logIndex=1425, commits[63cacea9-0392-4939-ad39-80c4c73dd84b:c1425, bd7b7fea-2a7b-4c3f-852f-c014e42bfcb7:c1421, 3b4aa678-22a6-4ae2-9c6a-0e71cdb9d6d0:c1421]
2019-07-10 03:37:22,394 INFO  client.GrpcClientProtocolClient (GrpcClientProtocolClient.java:onNext(255)) - client-8BD909272E8D->63cacea9-0392-4939-ad39-80c4c73dd84b: receive RaftClientReply:client-8BD909272E8D->63cacea9-0392-4939-ad39-80c4c73dd84b@group-EE6C16B6C358, cid=1046, SUCCESS, logIndex=0, commits[63cacea9-0392-4939-ad39-80c4c73dd84b:c1426, bd7b7fea-2a7b-4c3f-852f-c014e42bfcb7:c1425, 3b4aa678-22a6-4ae2-9c6a-0e71cdb9d6d0:c1425]
2019-07-10 03:37:22,532 INFO  client.GrpcClientProtocolClient (GrpcClientProtocolClient.java:onNext(255)) - client-8BD909272E8D->63cacea9-0392-4939-ad39-80c4c73dd84b: receive RaftClientReply:client-8BD909272E8D->63cacea9-0392-4939-ad39-80c4c73dd84b@group-EE6C16B6C358, cid=1047, SUCCESS, logIndex=1428, commits[63cacea9-0392-4939-ad39-80c4c73dd84b:c1430, bd7b7fea-2a7b-4c3f-852f-c014e42bfcb7:c1427, 3b4aa678-22a6-4ae2-9c6a-0e71cdb9d6d0:c1427]
2019-07-10 03:37:22,533 INFO  client.GrpcClientProtocolClient (GrpcClientProtocolClient.java:onNext(255)) - client-8BD909272E8D->63cacea9-0392-4939-ad39-80c4c73dd84b: receive RaftClientReply:client-8BD909272E8D->63cacea9-0392-4939-ad39-80c4c73dd84b@group-EE6C16B6C358, cid=1048, SUCCESS, logIndex=1429, commits[63cacea9-0392-4939-ad39-80c4c73dd84b:c1431, bd7b7fea-2a7b-4c3f-852f-c014e42bfcb7:c1427, 3b4aa678-22a6-4ae2-9c6a-0e71cdb9d6d0:c1427]
2019-07-10 03:37:22,533 INFO  client.GrpcClientProtocolClient (GrpcClientProtocolClient.java:onNext(255)) - client-8BD909272E8D->63cacea9-0392-4939-ad39-80c4c73dd84b: receive RaftClientReply:client-8BD909272E8D->63cacea9-0392-4939-ad39-80c4c73dd84b@group-EE6C16B6C358, cid=1049, SUCCESS, logIndex=1430, commits[63cacea9-0392-4939-ad39-80c4c73dd84b:c1431, bd7b7fea-2a7b-4c3f-852f-c014e42bfcb7:c1427, 3b4aa678-22a6-4ae2-9c6a-0e71cdb9d6d0:c1427]
2019-07-10 03:37:22,534 INFO  client.GrpcClientProtocolClient (GrpcClientProtocolClient.java:onNext(255)) - client-8BD909272E8D->63cacea9-0392-4939-ad39-80c4c73dd84b: receive RaftClientReply:client-8BD909272E8D->63cacea9-0392-4939-ad39-80c4c73dd84b@group-EE6C16B6C358, cid=1050, SUCCESS, logIndex=1431, commits[63cacea9-0392-4939-ad39-80c4c73dd84b:c1431, bd7b7fea-2a7b-4c3f-852f-c014e42bfcb7:c1427, 3b4aa678-22a6-4ae2-9c6a-0e71cdb9d6d0:c1427]
2019-07-10 03:37:22,536 INFO  client.GrpcClientProtocolClient (GrpcClientProtocolClient.java:onNext(255)) - client-8BD909272E8D->63cacea9-0392-4939-ad39-80c4c73dd84b: receive RaftClientReply:client-8BD909272E8D->63cacea9-0392-4939-ad39-80c4c73dd84b@group-EE6C16B6C358, cid=1051, SUCCESS, logIndex=0, commits[63cacea9-0392-4939-ad39-80c4c73dd84b:c1432, bd7b7fea-2a7b-4c3f-852f-c014e42bfcb7:c1429, 3b4aa678-22a6-4ae2-9c6a-0e71cdb9d6d0:c1429]
2019-07-10 03:37:22,563 INFO  client.GrpcClientProtocolClient (GrpcClientProtocolClient.java:onNext(255)) - client-8BD909272E8D->63cacea9-0392-4939-ad39-80c4c73dd84b: receive RaftClientReply:client-8BD909272E8D->63cacea9-0392-4939-ad39-80c4c73dd84b@group-EE6C16B6C358, cid=1052, SUCCESS, logIndex=1436, commits[63cacea9-0392-4939-ad39-80c4c73dd84b:c1437, bd7b7fea-2a7b-4c3f-852f-c014e42bfcb7:c1432, 3b4aa678-22a6-4ae2-9c6a-0e71cdb9d6d0:c1432]
2019-07-10 03:37:22,564 INFO  client.GrpcClientProtocolClient (GrpcClientProtocolClient.java:onNext(255)) - client-8BD909272E8D->63cacea9-0392-4939-ad39-80c4c73dd84b: receive RaftClientReply:client-8BD909272E8D->63cacea9-0392-4939-ad39-80c4c73dd84b@group-EE6C16B6C358, cid=1053, SUCCESS, logIndex=1437, commits[63cacea9-0392-4939-ad39-80c4c73dd84b:c1437, bd7b7fea-2a7b-4c3f-852f-c014e42bfcb7:c1432, 3b4aa678-22a6-4ae2-9c6a-0e71cdb9d6d0:c1432]
2019-07-10 03:37:22,589 INFO  client.GrpcClientProtocolClient (GrpcClientProtocolClient.java:onNext(255)) - client-8BD909272E8D->63cacea9-0392-4939-ad39-80c4c73dd84b: receive RaftClientReply:client-8BD909272E8D->63cacea9-0392-4939-ad39-80c4c73dd84b@group-EE6C16B6C358, cid=1054, SUCCESS, logIndex=1440, commits[63cacea9-0392-4939-ad39-80c4c73dd84b:c1441, bd7b7fea-2a7b-4c3f-852f-c014e42bfcb7:c1437, 3b4aa678-22a6-4ae2-9c6a-0e71cdb9d6d0:c1437]
2019-07-10 03:37:22,590 INFO  client.GrpcClientProtocolClient (GrpcClientProtocolClient.java:onNext(255)) - client-8BD909272E8D->63cacea9-0392-4939-ad39-80c4c73dd84b: receive RaftClientReply:client-8BD909272E8D->63cacea9-0392-4939-ad39-80c4c73dd84b@group-EE6C16B6C358, cid=1055, SUCCESS, logIndex=1441, commits[63cacea9-0392-4939-ad39-80c4c73dd84b:c1441, bd7b7fea-2a7b-4c3f-852f-c014e42bfcb7:c1437, 3b4aa678-22a6-4ae2-9c6a-0e71cdb9d6d0:c1437]
2019-07-10 03:37:22,591 INFO  client.GrpcClientProtocolClient (GrpcClientProtocolClient.java:onNext(255)) - client-8BD909272E8D->63cacea9-0392-4939-ad39-80c4c73dd84b: receive RaftClientReply:client-8BD909272E8D->63cacea9-0392-4939-ad39-80c4c73dd84b@group-EE6C16B6C358, cid=1056, SUCCESS, logIndex=0, commits[63cacea9-0392-4939-ad39-80c4c73dd84b:c1443, bd7b7fea-2a7b-4c3f-852f-c014e42bfcb7:c1441, 3b4aa678-22a6-4ae2-9c6a-0e71cdb9d6d0:c1441]
2019-07-10 03:37:22,618 INFO  client.GrpcClientProtocolClient (GrpcClientProtocolClient.java:onNext(255)) - client-8BD909272E8D->63cacea9-0392-4939-ad39-80c4c73dd84b: receive RaftClientReply:client-8BD909272E8D->63cacea9-0392-4939-ad39-80c4c73dd84b@group-EE6C16B6C358, cid=1057, SUCCESS, logIndex=1444, commits[63cacea9-0392-4939-ad39-80c4c73dd84b:c1445, bd7b7fea-2a7b-4c3f-852f-c014e42bfcb7:c1443, 3b4aa678-22a6-4ae2-9c6a-0e71cdb9d6d0:c1443]
2019-07-10 03:37:22,619 INFO  client.GrpcClientProtocolClient (GrpcClientProtocolClient.java:onNext(255)) - client-8BD909272E8D->63cacea9-0392-4939-ad39-80c4c73dd84b: receive RaftClientReply:client-8BD909272E8D->63cacea9-0392-4939-ad39-80c4c73dd84b@group-EE6C16B6C358, cid=1058, SUCCESS, logIndex=1445, commits[63cacea9-0392-4939-ad39-80c4c73dd84b:c1447, bd7b7fea-2a7b-4c3f-852f-c014e42bfcb7:c1443, 3b4aa678-22a6-4ae2-9c6a-0e71cdb9d6d0:c1443]
2019-07-10 03:37:22,619 INFO  client.GrpcClientProtocolClient (GrpcClientProtocolClient.java:onNext(255)) - client-8BD909272E8D->63cacea9-0392-4939-ad39-80c4c73dd84b: receive RaftClientReply:client-8BD909272E8D->63cacea9-0392-4939-ad39-80c4c73dd84b@group-EE6C16B6C358, cid=1059, SUCCESS, logIndex=1446, commits[63cacea9-0392-4939-ad39-80c4c73dd84b:c1447, bd7b7fea-2a7b-4c3f-852f-c014e42bfcb7:c1443, 3b4aa678-22a6-4ae2-9c6a-0e71cdb9d6d0:c1443]
2019-07-10 03:37:22,619 INFO  client.GrpcClientProtocolClient (GrpcClientProtocolClient.java:onNext(255)) - client-8BD909272E8D->63cacea9-0392-4939-ad39-80c4c73dd84b: receive RaftClientReply:client-8BD909272E8D->63cacea9-0392-4939-ad39-80c4c73dd84b@group-EE6C16B6C358, cid=1060, SUCCESS, logIndex=1447, commits[63cacea9-0392-4939-ad39-80c4c73dd84b:c1447, bd7b7fea-2a7b-4c3f-852f-c014e42bfcb7:c1443, 3b4aa678-22a6-4ae2-9c6a-0e71cdb9d6d0:c1443]
2019-07-10 03:37:22,637 INFO  client.GrpcClientProtocolClient (GrpcClientProtocolClient.java:onNext(255)) - client-8BD909272E8D->63cacea9-0392-4939-ad39-80c4c73dd84b: receive RaftClientReply:client-8BD909272E8D->63cacea9-0392-4939-ad39-80c4c73dd84b@group-EE6C16B6C358, cid=1061, SUCCESS, logIndex=0, commits[63cacea9-0392-4939-ad39-80c4c73dd84b:c1448, bd7b7fea-2a7b-4c3f-852f-c014e42bfcb7:c1445, 3b4aa678-22a6-4ae2-9c6a-0e71cdb9d6d0:c1445]
 0.00% |█                                                                                                    |  0/1 Time: 0:00:052019-07-10 03:37:22,657 INFO  client.GrpcClientProtocolClient (GrpcClientProtocolClient.java:onNext(255)) - client-8BD909272E8D->63cacea9-0392-4939-ad39-80c4c73dd84b: receive RaftClientReply:client-8BD909272E8D->63cacea9-0392-4939-ad39-80c4c73dd84b@group-EE6C16B6C358, cid=1062, SUCCESS, logIndex=1451, commits[63cacea9-0392-4939-ad39-80c4c73dd84b:c1452, bd7b7fea-2a7b-4c3f-852f-c014e42bfcb7:c1450, 3b4aa678-22a6-4ae2-9c6a-0e71cdb9d6d0:c1450]
2019-07-10 03:37:22,658 INFO  client.GrpcClientProtocolClient (GrpcClientProtocolClient.java:onNext(255)) - client-8BD909272E8D->63cacea9-0392-4939-ad39-80c4c73dd84b: receive RaftClientReply:client-8BD909272E8D->63cacea9-0392-4939-ad39-80c4c73dd84b@group-EE6C16B6C358, cid=1063, SUCCESS, logIndex=1452, commits[63cacea9-0392-4939-ad39-80c4c73dd84b:c1452, bd7b7fea-2a7b-4c3f-852f-c014e42bfcb7:c1450, 3b4aa678-22a6-4ae2-9c6a-0e71cdb9d6d0:c1450]
2019-07-10 03:37:22,671 INFO  client.GrpcClientProtocolClient (GrpcClientProtocolClient.java:onNext(255)) - client-8BD909272E8D->63cacea9-0392-4939-ad39-80c4c73dd84b: receive RaftClientReply:client-8BD909272E8D->63cacea9-0392-4939-ad39-80c4c73dd84b@group-EE6C16B6C358, cid=1064, SUCCESS, logIndex=1455, commits[63cacea9-0392-4939-ad39-80c4c73dd84b:c1456, bd7b7fea-2a7b-4c3f-852f-c014e42bfcb7:c1452, 3b4aa678-22a6-4ae2-9c6a-0e71cdb9d6d0:c1452]
2019-07-10 03:37:22,671 INFO  client.GrpcClientProtocolClient (GrpcClientProtocolClient.java:onNext(255)) - client-8BD909272E8D->63cacea9-0392-4939-ad39-80c4c73dd84b: receive RaftClientReply:client-8BD909272E8D->63cacea9-0392-4939-ad39-80c4c73dd84b@group-EE6C16B6C358, cid=1065, SUCCESS, logIndex=1456, commits[63cacea9-0392-4939-ad39-80c4c73dd84b:c1456, bd7b7fea-2a7b-4c3f-852f-c014e42bfcb7:c1452, 3b4aa678-22a6-4ae2-9c6a-0e71cdb9d6d0:c1452]
2019-07-10 03:37:22,685 INFO  client.GrpcClientProtocolClient (GrpcClientProtocolClient.java:onNext(255)) - client-8BD909272E8D->63cacea9-0392-4939-ad39-80c4c73dd84b: receive RaftClientReply:client-8BD909272E8D->63cacea9-0392-4939-ad39-80c4c73dd84b@group-EE6C16B6C358, cid=1066, SUCCESS, logIndex=0, commits[63cacea9-0392-4939-ad39-80c4c73dd84b:c1458, bd7b7fea-2a7b-4c3f-852f-c014e42bfcb7:c1456, 3b4aa678-22a6-4ae2-9c6a-0e71cdb9d6d0:c1456]
2019-07-10 03:37:22,706 INFO  client.GrpcClientProtocolClient (GrpcClientProtocolClient.java:onNext(255)) - client-8BD909272E8D->63cacea9-0392-4939-ad39-80c4c73dd84b: receive RaftClientReply:client-8BD909272E8D->63cacea9-0392-4939-ad39-80c4c73dd84b@group-EE6C16B6C358, cid=1067, SUCCESS, logIndex=1459, commits[63cacea9-0392-4939-ad39-80c4c73dd84b:c1460, bd7b7fea-2a7b-4c3f-852f-c014e42bfcb7:c1458, 3b4aa678-22a6-4ae2-9c6a-0e71cdb9d6d0:c1458]
2019-07-10 03:37:22,707 INFO  client.GrpcClientProtocolClient (GrpcClientProtocolClient.java:onNext(255)) - client-8BD909272E8D->63cacea9-0392-4939-ad39-80c4c73dd84b: receive RaftClientReply:client-8BD909272E8D->63cacea9-0392-4939-ad39-80c4c73dd84b@group-EE6C16B6C358, cid=1068, SUCCESS, logIndex=1460, commits[63cacea9-0392-4939-ad39-80c4c73dd84b:c1462, bd7b7fea-2a7b-4c3f-852f-c014e42bfcb7:c1458, 3b4aa678-22a6-4ae2-9c6a-0e71cdb9d6d0:c1458]
2019-07-10 03:37:22,707 INFO  client.GrpcClientProtocolClient (GrpcClientProtocolClient.java:onNext(255)) - client-8BD909272E8D->63cacea9-0392-4939-ad39-80c4c73dd84b: receive RaftClientReply:client-8BD909272E8D->63cacea9-0392-4939-ad39-80c4c73dd84b@group-EE6C16B6C358, cid=1069, SUCCESS, logIndex=1461, commits[63cacea9-0392-4939-ad39-80c4c73dd84b:c1462, bd7b7fea-2a7b-4c3f-852f-c014e42bfcb7:c1458, 3b4aa678-22a6-4ae2-9c6a-0e71cdb9d6d0:c1458]
2019-07-10 03:37:22,707 INFO  client.GrpcClientProtocolClient (GrpcClientProtocolClient.java:onNext(255)) - client-8BD909272E8D->63cacea9-0392-4939-ad39-80c4c73dd84b: receive RaftClientReply:client-8BD909272E8D->63cacea9-0392-4939-ad39-80c4c73dd84b@group-EE6C16B6C358, cid=1070, SUCCESS, logIndex=1462, commits[63cacea9-0392-4939-ad39-80c4c73dd84b:c1462, bd7b7fea-2a7b-4c3f-852f-c014e42bfcb7:c1458, 3b4aa678-22a6-4ae2-9c6a-0e71cdb9d6d0:c1458]
2019-07-10 03:37:22,722 INFO  client.GrpcClientProtocolClient (GrpcClientProtocolClient.java:onNext(255)) - client-8BD909272E8D->63cacea9-0392-4939-ad39-80c4c73dd84b: receive RaftClientReply:client-8BD909272E8D->63cacea9-0392-4939-ad39-80c4c73dd84b@group-EE6C16B6C358, cid=1071, SUCCESS, logIndex=0, commits[63cacea9-0392-4939-ad39-80c4c73dd84b:c1463, bd7b7fea-2a7b-4c3f-852f-c014e42bfcb7:c1460, 3b4aa678-22a6-4ae2-9c6a-0e71cdb9d6d0:c1460]
2019-07-10 03:37:22,734 INFO  client.GrpcClientProtocolClient (GrpcClientProtocolClient.java:onNext(255)) - client-8BD909272E8D->63cacea9-0392-4939-ad39-80c4c73dd84b: receive RaftClientReply:client-8BD909272E8D->63cacea9-0392-4939-ad39-80c4c73dd84b@group-EE6C16B6C358, cid=1072, SUCCESS, logIndex=1467, commits[63cacea9-0392-4939-ad39-80c4c73dd84b:c1468, bd7b7fea-2a7b-4c3f-852f-c014e42bfcb7:c1466, 3b4aa678-22a6-4ae2-9c6a-0e71cdb9d6d0:c1462]
2019-07-10 03:37:22,735 INFO  client.GrpcClientProtocolClient (GrpcClientProtocolClient.java:onNext(255)) - client-8BD909272E8D->63cacea9-0392-4939-ad39-80c4c73dd84b: receive RaftClientReply:client-8BD909272E8D->63cacea9-0392-4939-ad39-80c4c73dd84b@group-EE6C16B6C358, cid=1073, SUCCESS, logIndex=1468, commits[63cacea9-0392-4939-ad39-80c4c73dd84b:c1468, bd7b7fea-2a7b-4c3f-852f-c014e42bfcb7:c1466, 3b4aa678-22a6-4ae2-9c6a-0e71cdb9d6d0:c1466]
2019-07-10 03:37:22,752 INFO  client.GrpcClientProtocolClient (GrpcClientProtocolClient.java:onNext(255)) - client-8BD909272E8D->63cacea9-0392-4939-ad39-80c4c73dd84b: receive RaftClientReply:client-8BD909272E8D->63cacea9-0392-4939-ad39-80c4c73dd84b@group-EE6C16B6C358, cid=1074, SUCCESS, logIndex=1471, commits[63cacea9-0392-4939-ad39-80c4c73dd84b:c1472, bd7b7fea-2a7b-4c3f-852f-c014e42bfcb7:c1469, 3b4aa678-22a6-4ae2-9c6a-0e71cdb9d6d0:c1469]
2019-07-10 03:37:22,752 INFO  client.GrpcClientProtocolClient (GrpcClientProtocolClient.java:onNext(255)) - client-8BD909272E8D->63cacea9-0392-4939-ad39-80c4c73dd84b: receive RaftClientReply:client-8BD909272E8D->63cacea9-0392-4939-ad39-80c4c73dd84b@group-EE6C16B6C358, cid=1075, SUCCESS, logIndex=1472, commits[63cacea9-0392-4939-ad39-80c4c73dd84b:c1472, bd7b7fea-2a7b-4c3f-852f-c014e42bfcb7:c1469, 3b4aa678-22a6-4ae2-9c6a-0e71cdb9d6d0:c1469]
2019-07-10 03:37:22,766 INFO  client.GrpcClientProtocolClient (GrpcClientProtocolClient.java:onNext(255)) - client-8BD909272E8D->63cacea9-0392-4939-ad39-80c4c73dd84b: receive RaftClientReply:client-8BD909272E8D->63cacea9-0392-4939-ad39-80c4c73dd84b@group-EE6C16B6C358, cid=1076, SUCCESS, logIndex=0, commits[63cacea9-0392-4939-ad39-80c4c73dd84b:c1474, bd7b7fea-2a7b-4c3f-852f-c014e42bfcb7:c1472, 3b4aa678-22a6-4ae2-9c6a-0e71cdb9d6d0:c1472]
2019-07-10 03:37:22,785 INFO  client.GrpcClientProtocolClient (GrpcClientProtocolClient.java:onNext(255)) - client-8BD909272E8D->63cacea9-0392-4939-ad39-80c4c73dd84b: receive RaftClientReply:client-8BD909272E8D->63cacea9-0392-4939-ad39-80c4c73dd84b@group-EE6C16B6C358, cid=1077, SUCCESS, logIndex=1475, commits[63cacea9-0392-4939-ad39-80c4c73dd84b:c1476, bd7b7fea-2a7b-4c3f-852f-c014e42bfcb7:c1474, 3b4aa678-22a6-4ae2-9c6a-0e71cdb9d6d0:c1474]
2019-07-10 03:37:22,786 INFO  client.GrpcClientProtocolClient (GrpcClientProtocolClient.java:onNext(255)) - client-8BD909272E8D->63cacea9-0392-4939-ad39-80c4c73dd84b: receive RaftClientReply:client-8BD909272E8D->63cacea9-0392-4939-ad39-80c4c73dd84b@group-EE6C16B6C358, cid=1078, SUCCESS, logIndex=1476, commits[63cacea9-0392-4939-ad39-80c4c73dd84b:c1476, bd7b7fea-2a7b-4c3f-852f-c014e42bfcb7:c1474, 3b4aa678-22a6-4ae2-9c6a-0e71cdb9d6d0:c1474]
2019-07-10 03:37:22,786 INFO  client.GrpcClientProtocolClient (GrpcClientProtocolClient.java:onNext(255)) - client-8BD909272E8D->63cacea9-0392-4939-ad39-80c4c73dd84b: receive RaftClientReply:client-8BD909272E8D->63cacea9-0392-4939-ad39-80c4c73dd84b@group-EE6C16B6C358, cid=1079, SUCCESS, logIndex=1477, commits[63cacea9-0392-4939-ad39-80c4c73dd84b:c1478, bd7b7fea-2a7b-4c3f-852f-c014e42bfcb7:c1474, 3b4aa678-22a6-4ae2-9c6a-0e71cdb9d6d0:c1474]
2019-07-10 03:37:22,787 INFO  client.GrpcClientProtocolClient (GrpcClientProtocolClient.java:onNext(255)) - client-8BD909272E8D->63cacea9-0392-4939-ad39-80c4c73dd84b: receive RaftClientReply:client-8BD909272E8D->63cacea9-0392-4939-ad39-80c4c73dd84b@group-EE6C16B6C358, cid=1080, SUCCESS, logIndex=1478, commits[63cacea9-0392-4939-ad39-80c4c73dd84b:c1478, bd7b7fea-2a7b-4c3f-852f-c014e42bfcb7:c1474, 3b4aa678-22a6-4ae2-9c6a-0e71cdb9d6d0:c1474]
2019-07-10 03:37:22,799 INFO  client.GrpcClientProtocolClient (GrpcClientProtocolClient.java:onNext(255)) - client-8BD909272E8D->63cacea9-0392-4939-ad39-80c4c73dd84b: receive RaftClientReply:client-8BD909272E8D->63cacea9-0392-4939-ad39-80c4c73dd84b@group-EE6C16B6C358, cid=1081, SUCCESS, logIndex=0, commits[63cacea9-0392-4939-ad39-80c4c73dd84b:c1480, bd7b7fea-2a7b-4c3f-852f-c014e42bfcb7:c1476, 3b4aa678-22a6-4ae2-9c6a-0e71cdb9d6d0:c1476]
2019-07-10 03:37:22,819 INFO  client.GrpcClientProtocolClient (GrpcClientProtocolClient.java:onNext(255)) - client-8BD909272E8D->63cacea9-0392-4939-ad39-80c4c73dd84b: receive RaftClientReply:client-8BD909272E8D->63cacea9-0392-4939-ad39-80c4c73dd84b@group-EE6C16B6C358, cid=1082, SUCCESS, logIndex=1483, commits[63cacea9-0392-4939-ad39-80c4c73dd84b:c1484, bd7b7fea-2a7b-4c3f-852f-c014e42bfcb7:c1482, 3b4aa678-22a6-4ae2-9c6a-0e71cdb9d6d0:c1482]
2019-07-10 03:37:22,819 INFO  client.GrpcClientProtocolClient (GrpcClientProtocolClient.java:onNext(255)) - client-8BD909272E8D->63cacea9-0392-4939-ad39-80c4c73dd84b: receive RaftClientReply:client-8BD909272E8D->63cacea9-0392-4939-ad39-80c4c73dd84b@group-EE6C16B6C358, cid=1083, SUCCESS, logIndex=1484, commits[63cacea9-0392-4939-ad39-80c4c73dd84b:c1484, bd7b7fea-2a7b-4c3f-852f-c014e42bfcb7:c1482, 3b4aa678-22a6-4ae2-9c6a-0e71cdb9d6d0:c1482]
2019-07-10 03:37:22,834 INFO  client.GrpcClientProtocolClient (GrpcClientProtocolClient.java:onNext(255)) - client-8BD909272E8D->63cacea9-0392-4939-ad39-80c4c73dd84b: receive RaftClientReply:client-8BD909272E8D->63cacea9-0392-4939-ad39-80c4c73dd84b@group-EE6C16B6C358, cid=1084, SUCCESS, logIndex=1487, commits[63cacea9-0392-4939-ad39-80c4c73dd84b:c1488, bd7b7fea-2a7b-4c3f-852f-c014e42bfcb7:c1484, 3b4aa678-22a6-4ae2-9c6a-0e71cdb9d6d0:c1484]
2019-07-10 03:37:22,834 INFO  client.GrpcClientProtocolClient (GrpcClientProtocolClient.java:onNext(255)) - client-8BD909272E8D->63cacea9-0392-4939-ad39-80c4c73dd84b: receive RaftClientReply:client-8BD909272E8D->63cacea9-0392-4939-ad39-80c4c73dd84b@group-EE6C16B6C358, cid=1085, SUCCESS, logIndex=1488, commits[63cacea9-0392-4939-ad39-80c4c73dd84b:c1488, bd7b7fea-2a7b-4c3f-852f-c014e42bfcb7:c1484, 3b4aa678-22a6-4ae2-9c6a-0e71cdb9d6d0:c1484]
2019-07-10 03:37:22,839 INFO  client.GrpcClientProtocolClient (GrpcClientProtocolClient.java:onNext(255)) - client-8BD909272E8D->63cacea9-0392-4939-ad39-80c4c73dd84b: receive RaftClientReply:client-8BD909272E8D->63cacea9-0392-4939-ad39-80c4c73dd84b@group-EE6C16B6C358, cid=1086, SUCCESS, logIndex=0, commits[63cacea9-0392-4939-ad39-80c4c73dd84b:c1490, bd7b7fea-2a7b-4c3f-852f-c014e42bfcb7:c1488, 3b4aa678-22a6-4ae2-9c6a-0e71cdb9d6d0:c1488]
2019-07-10 03:37:22,851 INFO  client.GrpcClientProtocolClient (GrpcClientProtocolClient.java:onNext(255)) - client-8BD909272E8D->63cacea9-0392-4939-ad39-80c4c73dd84b: receive RaftClientReply:client-8BD909272E8D->63cacea9-0392-4939-ad39-80c4c73dd84b@group-EE6C16B6C358, cid=1087, SUCCESS, logIndex=1491, commits[63cacea9-0392-4939-ad39-80c4c73dd84b:c1492, bd7b7fea-2a7b-4c3f-852f-c014e42bfcb7:c1488, 3b4aa678-22a6-4ae2-9c6a-0e71cdb9d6d0:c1490]
2019-07-10 03:37:22,852 INFO  client.GrpcClientProtocolClient (GrpcClientProtocolClient.java:onNext(255)) - client-8BD909272E8D->63cacea9-0392-4939-ad39-80c4c73dd84b: receive RaftClientReply:client-8BD909272E8D->63cacea9-0392-4939-ad39-80c4c73dd84b@group-EE6C16B6C358, cid=1088, SUCCESS, logIndex=1492, commits[63cacea9-0392-4939-ad39-80c4c73dd84b:c1492, bd7b7fea-2a7b-4c3f-852f-c014e42bfcb7:c1490, 3b4aa678-22a6-4ae2-9c6a-0e71cdb9d6d0:c1490]
2019-07-10 03:37:22,856 INFO  client.GrpcClientProtocolClient (GrpcClientProtocolClient.java:onNext(255)) - client-8BD909272E8D->63cacea9-0392-4939-ad39-80c4c73dd84b: receive RaftClientReply:client-8BD909272E8D->63cacea9-0392-4939-ad39-80c4c73dd84b@group-EE6C16B6C358, cid=1089, SUCCESS, logIndex=1493, commits[63cacea9-0392-4939-ad39-80c4c73dd84b:c1494, bd7b7fea-2a7b-4c3f-852f-c014e42bfcb7:c1490, 3b4aa678-22a6-4ae2-9c6a-0e71cdb9d6d0:c1492]
2019-07-10 03:37:22,856 INFO  client.GrpcClientProtocolClient (GrpcClientProtocolClient.java:onNext(255)) - client-8BD909272E8D->63cacea9-0392-4939-ad39-80c4c73dd84b: receive RaftClientReply:client-8BD909272E8D->63cacea9-0392-4939-ad39-80c4c73dd84b@group-EE6C16B6C358, cid=1090, SUCCESS, logIndex=1494, commits[63cacea9-0392-4939-ad39-80c4c73dd84b:c1495, bd7b7fea-2a7b-4c3f-852f-c014e42bfcb7:c1492, 3b4aa678-22a6-4ae2-9c6a-0e71cdb9d6d0:c1492]
2019-07-10 03:37:22,872 INFO  client.GrpcClientProtocolClient (GrpcClientProtocolClient.java:onNext(255)) - client-8BD909272E8D->63cacea9-0392-4939-ad39-80c4c73dd84b: receive RaftClientReply:client-8BD909272E8D->63cacea9-0392-4939-ad39-80c4c73dd84b@group-EE6C16B6C358, cid=1091, SUCCESS, logIndex=1499, commits[63cacea9-0392-4939-ad39-80c4c73dd84b:c1500, bd7b7fea-2a7b-4c3f-852f-c014e42bfcb7:c1498, 3b4aa678-22a6-4ae2-9c6a-0e71cdb9d6d0:c1498]
2019-07-10 03:37:22,872 INFO  client.GrpcClientProtocolClient (GrpcClientProtocolClient.java:onNext(255)) - client-8BD909272E8D->63cacea9-0392-4939-ad39-80c4c73dd84b: receive RaftClientReply:client-8BD909272E8D->63cacea9-0392-4939-ad39-80c4c73dd84b@group-EE6C16B6C358, cid=1092, SUCCESS, logIndex=1500, commits[63cacea9-0392-4939-ad39-80c4c73dd84b:c1500, bd7b7fea-2a7b-4c3f-852f-c014e42bfcb7:c1498, 3b4aa678-22a6-4ae2-9c6a-0e71cdb9d6d0:c1498]
2019-07-10 03:37:22,901 INFO  client.GrpcClientProtocolClient (GrpcClientProtocolClient.java:onNext(255)) - client-8BD909272E8D->63cacea9-0392-4939-ad39-80c4c73dd84b: receive RaftClientReply:client-8BD909272E8D->63cacea9-0392-4939-ad39-80c4c73dd84b@group-EE6C16B6C358, cid=1093, SUCCESS, logIndex=1503, commits[63cacea9-0392-4939-ad39-80c4c73dd84b:c1504, bd7b7fea-2a7b-4c3f-852f-c014e42bfcb7:c1501, 3b4aa678-22a6-4ae2-9c6a-0e71cdb9d6d0:c1501]
2019-07-10 03:37:22,902 INFO  client.GrpcClientProtocolClient (GrpcClientProtocolClient.java:onNext(255)) - client-8BD909272E8D->63cacea9-0392-4939-ad39-80c4c73dd84b: receive RaftClientReply:client-8BD909272E8D->63cacea9-0392-4939-ad39-80c4c73dd84b@group-EE6C16B6C358, cid=1094, SUCCESS, logIndex=1504, commits[63cacea9-0392-4939-ad39-80c4c73dd84b:c1504, bd7b7fea-2a7b-4c3f-852f-c014e42bfcb7:c1501, 3b4aa678-22a6-4ae2-9c6a-0e71cdb9d6d0:c1501]
2019-07-10 03:37:22,913 INFO  client.GrpcClientProtocolClient (GrpcClientProtocolClient.java:onNext(255)) - client-8BD909272E8D->63cacea9-0392-4939-ad39-80c4c73dd84b: receive RaftClientReply:client-8BD909272E8D->63cacea9-0392-4939-ad39-80c4c73dd84b@group-EE6C16B6C358, cid=1095, SUCCESS, logIndex=0, commits[63cacea9-0392-4939-ad39-80c4c73dd84b:c1505, bd7b7fea-2a7b-4c3f-852f-c014e42bfcb7:c1504, 3b4aa678-22a6-4ae2-9c6a-0e71cdb9d6d0:c1504]
2019-07-10 03:37:22,933 INFO  client.GrpcClientProtocolClient (GrpcClientProtocolClient.java:onNext(255)) - client-8BD909272E8D->63cacea9-0392-4939-ad39-80c4c73dd84b: receive RaftClientReply:client-8BD909272E8D->63cacea9-0392-4939-ad39-80c4c73dd84b@group-EE6C16B6C358, cid=1096, SUCCESS, logIndex=1507, commits[63cacea9-0392-4939-ad39-80c4c73dd84b:c1508, bd7b7fea-2a7b-4c3f-852f-c014e42bfcb7:c1506, 3b4aa678-22a6-4ae2-9c6a-0e71cdb9d6d0:c1506]
2019-07-10 03:37:22,934 INFO  client.GrpcClientProtocolClient (GrpcClientProtocolClient.java:onNext(255)) - client-8BD909272E8D->63cacea9-0392-4939-ad39-80c4c73dd84b: receive RaftClientReply:client-8BD909272E8D->63cacea9-0392-4939-ad39-80c4c73dd84b@group-EE6C16B6C358, cid=1097, SUCCESS, logIndex=1508, commits[63cacea9-0392-4939-ad39-80c4c73dd84b:c1510, bd7b7fea-2a7b-4c3f-852f-c014e42bfcb7:c1506, 3b4aa678-22a6-4ae2-9c6a-0e71cdb9d6d0:c1506]
2019-07-10 03:37:22,934 INFO  client.GrpcClientProtocolClient (GrpcClientProtocolClient.java:onNext(255)) - client-8BD909272E8D->63cacea9-0392-4939-ad39-80c4c73dd84b: receive RaftClientReply:client-8BD909272E8D->63cacea9-0392-4939-ad39-80c4c73dd84b@group-EE6C16B6C358, cid=1098, SUCCESS, logIndex=1509, commits[63cacea9-0392-4939-ad39-80c4c73dd84b:c1510, bd7b7fea-2a7b-4c3f-852f-c014e42bfcb7:c1506, 3b4aa678-22a6-4ae2-9c6a-0e71cdb9d6d0:c1506]
2019-07-10 03:37:22,934 INFO  client.GrpcClientProtocolClient (GrpcClientProtocolClient.java:onNext(255)) - client-8BD909272E8D->63cacea9-0392-4939-ad39-80c4c73dd84b: receive RaftClientReply:client-8BD909272E8D->63cacea9-0392-4939-ad39-80c4c73dd84b@group-EE6C16B6C358, cid=1099, SUCCESS, logIndex=1510, commits[63cacea9-0392-4939-ad39-80c4c73dd84b:c1510, bd7b7fea-2a7b-4c3f-852f-c014e42bfcb7:c1506, 3b4aa678-22a6-4ae2-9c6a-0e71cdb9d6d0:c1506]
2019-07-10 03:37:22,946 INFO  client.GrpcClientProtocolClient (GrpcClientProtocolClient.java:onNext(255)) - client-8BD909272E8D->63cacea9-0392-4939-ad39-80c4c73dd84b: receive RaftClientReply:client-8BD909272E8D->63cacea9-0392-4939-ad39-80c4c73dd84b@group-EE6C16B6C358, cid=1100, SUCCESS, logIndex=0, commits[63cacea9-0392-4939-ad39-80c4c73dd84b:c1513, bd7b7fea-2a7b-4c3f-852f-c014e42bfcb7:c1509, 3b4aa678-22a6-4ae2-9c6a-0e71cdb9d6d0:c1508]
2019-07-10 03:37:22,966 INFO  client.GrpcClientProtocolClient (GrpcClientProtocolClient.java:onNext(255)) - client-8BD909272E8D->63cacea9-0392-4939-ad39-80c4c73dd84b: receive RaftClientReply:client-8BD909272E8D->63cacea9-0392-4939-ad39-80c4c73dd84b@group-EE6C16B6C358, cid=1101, SUCCESS, logIndex=1515, commits[63cacea9-0392-4939-ad39-80c4c73dd84b:c1516, bd7b7fea-2a7b-4c3f-852f-c014e42bfcb7:c1514, 3b4aa678-22a6-4ae2-9c6a-0e71cdb9d6d0:c1514]
2019-07-10 03:37:22,967 INFO  client.GrpcClientProtocolClient (GrpcClientProtocolClient.java:onNext(255)) - client-8BD909272E8D->63cacea9-0392-4939-ad39-80c4c73dd84b: receive RaftClientReply:client-8BD909272E8D->63cacea9-0392-4939-ad39-80c4c73dd84b@group-EE6C16B6C358, cid=1102, SUCCESS, logIndex=1516, commits[63cacea9-0392-4939-ad39-80c4c73dd84b:c1516, bd7b7fea-2a7b-4c3f-852f-c014e42bfcb7:c1514, 3b4aa678-22a6-4ae2-9c6a-0e71cdb9d6d0:c1514]
2019-07-10 03:37:22,980 INFO  client.GrpcClientProtocolClient (GrpcClientProtocolClient.java:onNext(255)) - client-8BD909272E8D->63cacea9-0392-4939-ad39-80c4c73dd84b: receive RaftClientReply:client-8BD909272E8D->63cacea9-0392-4939-ad39-80c4c73dd84b@group-EE6C16B6C358, cid=1103, SUCCESS, logIndex=1519, commits[63cacea9-0392-4939-ad39-80c4c73dd84b:c1519, bd7b7fea-2a7b-4c3f-852f-c014e42bfcb7:c1516, 3b4aa678-22a6-4ae2-9c6a-0e71cdb9d6d0:c1516]
2019-07-10 03:37:22,980 INFO  client.GrpcClientProtocolClient (GrpcClientProtocolClient.java:onNext(255)) - client-8BD909272E8D->63cacea9-0392-4939-ad39-80c4c73dd84b: receive RaftClientReply:client-8BD909272E8D->63cacea9-0392-4939-ad39-80c4c73dd84b@group-EE6C16B6C358, cid=1104, SUCCESS, logIndex=1520, commits[63cacea9-0392-4939-ad39-80c4c73dd84b:c1520, bd7b7fea-2a7b-4c3f-852f-c014e42bfcb7:c1516, 3b4aa678-22a6-4ae2-9c6a-0e71cdb9d6d0:c1516]
2019-07-10 03:37:22,994 INFO  client.GrpcClientProtocolClient (GrpcClientProtocolClient.java:onNext(255)) - client-8BD909272E8D->63cacea9-0392-4939-ad39-80c4c73dd84b: receive RaftClientReply:client-8BD909272E8D->63cacea9-0392-4939-ad39-80c4c73dd84b@group-EE6C16B6C358, cid=1105, SUCCESS, logIndex=0, commits[63cacea9-0392-4939-ad39-80c4c73dd84b:c1522, bd7b7fea-2a7b-4c3f-852f-c014e42bfcb7:c1520, 3b4aa678-22a6-4ae2-9c6a-0e71cdb9d6d0:c1520]
2019-07-10 03:37:23,014 INFO  client.GrpcClientProtocolClient (GrpcClientProtocolClient.java:onNext(255)) - client-8BD909272E8D->63cacea9-0392-4939-ad39-80c4c73dd84b: receive RaftClientReply:client-8BD909272E8D->63cacea9-0392-4939-ad39-80c4c73dd84b@group-EE6C16B6C358, cid=1106, SUCCESS, logIndex=1523, commits[63cacea9-0392-4939-ad39-80c4c73dd84b:c1524, bd7b7fea-2a7b-4c3f-852f-c014e42bfcb7:c1522, 3b4aa678-22a6-4ae2-9c6a-0e71cdb9d6d0:c1522]
2019-07-10 03:37:23,014 INFO  client.GrpcClientProtocolClient (GrpcClientProtocolClient.java:onNext(255)) - client-8BD909272E8D->63cacea9-0392-4939-ad39-80c4c73dd84b: receive RaftClientReply:client-8BD909272E8D->63cacea9-0392-4939-ad39-80c4c73dd84b@group-EE6C16B6C358, cid=1107, SUCCESS, logIndex=1524, commits[63cacea9-0392-4939-ad39-80c4c73dd84b:c1524, bd7b7fea-2a7b-4c3f-852f-c014e42bfcb7:c1522, 3b4aa678-22a6-4ae2-9c6a-0e71cdb9d6d0:c1522]
2019-07-10 03:37:23,025 INFO  client.GrpcClientProtocolClient (GrpcClientProtocolClient.java:onNext(255)) - client-8BD909272E8D->63cacea9-0392-4939-ad39-80c4c73dd84b: receive RaftClientReply:client-8BD909272E8D->63cacea9-0392-4939-ad39-80c4c73dd84b@group-EE6C16B6C358, cid=1108, SUCCESS, logIndex=1525, commits[63cacea9-0392-4939-ad39-80c4c73dd84b:c1526, bd7b7fea-2a7b-4c3f-852f-c014e42bfcb7:c1522, 3b4aa678-22a6-4ae2-9c6a-0e71cdb9d6d0:c1522]
2019-07-10 03:37:23,025 INFO  client.GrpcClientProtocolClient (GrpcClientProtocolClient.java:onNext(255)) - client-8BD909272E8D->63cacea9-0392-4939-ad39-80c4c73dd84b: receive RaftClientReply:client-8BD909272E8D->63cacea9-0392-4939-ad39-80c4c73dd84b@group-EE6C16B6C358, cid=1109, SUCCESS, logIndex=1526, commits[63cacea9-0392-4939-ad39-80c4c73dd84b:c1526, bd7b7fea-2a7b-4c3f-852f-c014e42bfcb7:c1522, 3b4aa678-22a6-4ae2-9c6a-0e71cdb9d6d0:c1522]
2019-07-10 03:37:23,028 INFO  client.GrpcClientProtocolClient (GrpcClientProtocolClient.java:onNext(255)) - client-8BD909272E8D->63cacea9-0392-4939-ad39-80c4c73dd84b: receive RaftClientReply:client-8BD909272E8D->63cacea9-0392-4939-ad39-80c4c73dd84b@group-EE6C16B6C358, cid=1110, SUCCESS, logIndex=0, commits[63cacea9-0392-4939-ad39-80c4c73dd84b:c1528, bd7b7fea-2a7b-4c3f-852f-c014e42bfcb7:c1524, 3b4aa678-22a6-4ae2-9c6a-0e71cdb9d6d0:c1524]
2019-07-10 03:37:23,040 INFO  client.GrpcClientProtocolClient (GrpcClientProtocolClient.java:onNext(255)) - client-8BD909272E8D->63cacea9-0392-4939-ad39-80c4c73dd84b: receive RaftClientReply:client-8BD909272E8D->63cacea9-0392-4939-ad39-80c4c73dd84b@group-EE6C16B6C358, cid=1111, SUCCESS, logIndex=1531, commits[63cacea9-0392-4939-ad39-80c4c73dd84b:c1532, bd7b7fea-2a7b-4c3f-852f-c014e42bfcb7:c1526, 3b4aa678-22a6-4ae2-9c6a-0e71cdb9d6d0:c1530]
2019-07-10 03:37:23,041 INFO  client.GrpcClientProtocolClient (GrpcClientProtocolClient.java:onNext(255)) - client-8BD909272E8D->63cacea9-0392-4939-ad39-80c4c73dd84b: receive RaftClientReply:client-8BD909272E8D->63cacea9-0392-4939-ad39-80c4c73dd84b@group-EE6C16B6C358, cid=1112, SUCCESS, logIndex=1532, commits[63cacea9-0392-4939-ad39-80c4c73dd84b:c1532, bd7b7fea-2a7b-4c3f-852f-c014e42bfcb7:c1530, 3b4aa678-22a6-4ae2-9c6a-0e71cdb9d6d0:c1530]
2019-07-10 03:37:23,054 INFO  client.GrpcClientProtocolClient (GrpcClientProtocolClient.java:onNext(255)) - client-8BD909272E8D->63cacea9-0392-4939-ad39-80c4c73dd84b: receive RaftClientReply:client-8BD909272E8D->63cacea9-0392-4939-ad39-80c4c73dd84b@group-EE6C16B6C358, cid=1113, SUCCESS, logIndex=1535, commits[63cacea9-0392-4939-ad39-80c4c73dd84b:c1536, bd7b7fea-2a7b-4c3f-852f-c014e42bfcb7:c1532, 3b4aa678-22a6-4ae2-9c6a-0e71cdb9d6d0:c1532]
2019-07-10 03:37:23,055 INFO  client.GrpcClientProtocolClient (GrpcClientProtocolClient.java:onNext(255)) - client-8BD909272E8D->63cacea9-0392-4939-ad39-80c4c73dd84b: receive RaftClientReply:client-8BD909272E8D->63cacea9-0392-4939-ad39-80c4c73dd84b@group-EE6C16B6C358, cid=1114, SUCCESS, logIndex=1536, commits[63cacea9-0392-4939-ad39-80c4c73dd84b:c1536, bd7b7fea-2a7b-4c3f-852f-c014e42bfcb7:c1532, 3b4aa678-22a6-4ae2-9c6a-0e71cdb9d6d0:c1532]
2019-07-10 03:37:23,069 INFO  client.GrpcClientProtocolClient (GrpcClientProtocolClient.java:onNext(255)) - client-8BD909272E8D->63cacea9-0392-4939-ad39-80c4c73dd84b: receive RaftClientReply:client-8BD909272E8D->63cacea9-0392-4939-ad39-80c4c73dd84b@group-EE6C16B6C358, cid=1115, SUCCESS, logIndex=0, commits[63cacea9-0392-4939-ad39-80c4c73dd84b:c1538, bd7b7fea-2a7b-4c3f-852f-c014e42bfcb7:c1536, 3b4aa678-22a6-4ae2-9c6a-0e71cdb9d6d0:c1536]
2019-07-10 03:37:23,170 INFO  client.GrpcClientProtocolClient (GrpcClientProtocolClient.java:onNext(255)) - client-8BD909272E8D->63cacea9-0392-4939-ad39-80c4c73dd84b: receive RaftClientReply:client-8BD909272E8D->63cacea9-0392-4939-ad39-80c4c73dd84b@group-EE6C16B6C358, cid=1116, SUCCESS, logIndex=1539, commits[63cacea9-0392-4939-ad39-80c4c73dd84b:c1540, bd7b7fea-2a7b-4c3f-852f-c014e42bfcb7:c1538, 3b4aa678-22a6-4ae2-9c6a-0e71cdb9d6d0:c1538]
2019-07-10 03:37:23,170 INFO  client.GrpcClientProtocolClient (GrpcClientProtocolClient.java:onNext(255)) - client-8BD909272E8D->63cacea9-0392-4939-ad39-80c4c73dd84b: receive RaftClientReply:client-8BD909272E8D->63cacea9-0392-4939-ad39-80c4c73dd84b@group-EE6C16B6C358, cid=1117, SUCCESS, logIndex=1540, commits[63cacea9-0392-4939-ad39-80c4c73dd84b:c1540, bd7b7fea-2a7b-4c3f-852f-c014e42bfcb7:c1538, 3b4aa678-22a6-4ae2-9c6a-0e71cdb9d6d0:c1538]
2019-07-10 03:37:23,181 INFO  client.GrpcClientProtocolClient (GrpcClientProtocolClient.java:onNext(255)) - client-8BD909272E8D->63cacea9-0392-4939-ad39-80c4c73dd84b: receive RaftClientReply:client-8BD909272E8D->63cacea9-0392-4939-ad39-80c4c73dd84b@group-EE6C16B6C358, cid=1118, SUCCESS, logIndex=1541, commits[63cacea9-0392-4939-ad39-80c4c73dd84b:c1542, bd7b7fea-2a7b-4c3f-852f-c014e42bfcb7:c1538, 3b4aa678-22a6-4ae2-9c6a-0e71cdb9d6d0:c1538]
2019-07-10 03:37:23,181 INFO  client.GrpcClientProtocolClient (GrpcClientProtocolClient.java:onNext(255)) - client-8BD909272E8D->63cacea9-0392-4939-ad39-80c4c73dd84b: receive RaftClientReply:client-8BD909272E8D->63cacea9-0392-4939-ad39-80c4c73dd84b@group-EE6C16B6C358, cid=1119, SUCCESS, logIndex=1542, commits[63cacea9-0392-4939-ad39-80c4c73dd84b:c1542, bd7b7fea-2a7b-4c3f-852f-c014e42bfcb7:c1538, 3b4aa678-22a6-4ae2-9c6a-0e71cdb9d6d0:c1538]
2019-07-10 03:37:23,184 INFO  client.GrpcClientProtocolClient (GrpcClientProtocolClient.java:onNext(255)) - client-8BD909272E8D->63cacea9-0392-4939-ad39-80c4c73dd84b: receive RaftClientReply:client-8BD909272E8D->63cacea9-0392-4939-ad39-80c4c73dd84b@group-EE6C16B6C358, cid=1120, SUCCESS, logIndex=0, commits[63cacea9-0392-4939-ad39-80c4c73dd84b:c1544, bd7b7fea-2a7b-4c3f-852f-c014e42bfcb7:c1540, 3b4aa678-22a6-4ae2-9c6a-0e71cdb9d6d0:c1540]
2019-07-10 03:37:23,196 INFO  client.GrpcClientProtocolClient (GrpcClientProtocolClient.java:onNext(255)) - client-8BD909272E8D->63cacea9-0392-4939-ad39-80c4c73dd84b: receive RaftClientReply:client-8BD909272E8D->63cacea9-0392-4939-ad39-80c4c73dd84b@group-EE6C16B6C358, cid=1121, SUCCESS, logIndex=1547, commits[63cacea9-0392-4939-ad39-80c4c73dd84b:c1548, bd7b7fea-2a7b-4c3f-852f-c014e42bfcb7:c1542, 3b4aa678-22a6-4ae2-9c6a-0e71cdb9d6d0:c1544]
2019-07-10 03:37:23,197 INFO  client.GrpcClientProtocolClient (GrpcClientProtocolClient.java:onNext(255)) - client-8BD909272E8D->63cacea9-0392-4939-ad39-80c4c73dd84b: receive RaftClientReply:client-8BD909272E8D->63cacea9-0392-4939-ad39-80c4c73dd84b@group-EE6C16B6C358, cid=1122, SUCCESS, logIndex=1548, commits[63cacea9-0392-4939-ad39-80c4c73dd84b:c1548, bd7b7fea-2a7b-4c3f-852f-c014e42bfcb7:c1544, 3b4aa678-22a6-4ae2-9c6a-0e71cdb9d6d0:c1544]
2019-07-10 03:37:23,217 INFO  client.GrpcClientProtocolClient (GrpcClientProtocolClient.java:onNext(255)) - client-8BD909272E8D->63cacea9-0392-4939-ad39-80c4c73dd84b: receive RaftClientReply:client-8BD909272E8D->63cacea9-0392-4939-ad39-80c4c73dd84b@group-EE6C16B6C358, cid=1123, SUCCESS, logIndex=1551, commits[63cacea9-0392-4939-ad39-80c4c73dd84b:c1552, bd7b7fea-2a7b-4c3f-852f-c014e42bfcb7:c1550, 3b4aa678-22a6-4ae2-9c6a-0e71cdb9d6d0:c1550]
2019-07-10 03:37:23,217 INFO  client.GrpcClientProtocolClient (GrpcClientProtocolClient.java:onNext(255)) - client-8BD909272E8D->63cacea9-0392-4939-ad39-80c4c73dd84b: receive RaftClientReply:client-8BD909272E8D->63cacea9-0392-4939-ad39-80c4c73dd84b@group-EE6C16B6C358, cid=1124, SUCCESS, logIndex=1552, commits[63cacea9-0392-4939-ad39-80c4c73dd84b:c1552, bd7b7fea-2a7b-4c3f-852f-c014e42bfcb7:c1550, 3b4aa678-22a6-4ae2-9c6a-0e71cdb9d6d0:c1550]
2019-07-10 03:37:23,230 INFO  client.GrpcClientProtocolClient (GrpcClientProtocolClient.java:onNext(255)) - client-8BD909272E8D->63cacea9-0392-4939-ad39-80c4c73dd84b: receive RaftClientReply:client-8BD909272E8D->63cacea9-0392-4939-ad39-80c4c73dd84b@group-EE6C16B6C358, cid=1125, SUCCESS, logIndex=0, commits[63cacea9-0392-4939-ad39-80c4c73dd84b:c1554, bd7b7fea-2a7b-4c3f-852f-c014e42bfcb7:c1552, 3b4aa678-22a6-4ae2-9c6a-0e71cdb9d6d0:c1552]
2019-07-10 03:37:23,249 INFO  client.GrpcClientProtocolClient (GrpcClientProtocolClient.java:onNext(255)) - client-8BD909272E8D->63cacea9-0392-4939-ad39-80c4c73dd84b: receive RaftClientReply:client-8BD909272E8D->63cacea9-0392-4939-ad39-80c4c73dd84b@group-EE6C16B6C358, cid=1126, SUCCESS, logIndex=1555, commits[63cacea9-0392-4939-ad39-80c4c73dd84b:c1556, bd7b7fea-2a7b-4c3f-852f-c014e42bfcb7:c1554, 3b4aa678-22a6-4ae2-9c6a-0e71cdb9d6d0:c1554]
2019-07-10 03:37:23,250 INFO  client.GrpcClientProtocolClient (GrpcClientProtocolClient.java:onNext(255)) - client-8BD909272E8D->63cacea9-0392-4939-ad39-80c4c73dd84b: receive RaftClientReply:client-8BD909272E8D->63cacea9-0392-4939-ad39-80c4c73dd84b@group-EE6C16B6C358, cid=1127, SUCCESS, logIndex=1556, commits[63cacea9-0392-4939-ad39-80c4c73dd84b:c1556, bd7b7fea-2a7b-4c3f-852f-c014e42bfcb7:c1554, 3b4aa678-22a6-4ae2-9c6a-0e71cdb9d6d0:c1554]
2019-07-10 03:37:23,250 INFO  client.GrpcClientProtocolClient (GrpcClientProtocolClient.java:onNext(255)) - client-8BD909272E8D->63cacea9-0392-4939-ad39-80c4c73dd84b: receive RaftClientReply:client-8BD909272E8D->63cacea9-0392-4939-ad39-80c4c73dd84b@group-EE6C16B6C358, cid=1128, SUCCESS, logIndex=1557, commits[63cacea9-0392-4939-ad39-80c4c73dd84b:c1558, bd7b7fea-2a7b-4c3f-852f-c014e42bfcb7:c1554, 3b4aa678-22a6-4ae2-9c6a-0e71cdb9d6d0:c1554]
2019-07-10 03:37:23,251 INFO  client.GrpcClientProtocolClient (GrpcClientProtocolClient.java:onNext(255)) - client-8BD909272E8D->63cacea9-0392-4939-ad39-80c4c73dd84b: receive RaftClientReply:client-8BD909272E8D->63cacea9-0392-4939-ad39-80c4c73dd84b@group-EE6C16B6C358, cid=1129, SUCCESS, logIndex=1558, commits[63cacea9-0392-4939-ad39-80c4c73dd84b:c1558, bd7b7fea-2a7b-4c3f-852f-c014e42bfcb7:c1554, 3b4aa678-22a6-4ae2-9c6a-0e71cdb9d6d0:c1554]
2019-07-10 03:37:23,253 INFO  client.GrpcClientProtocolClient (GrpcClientProtocolClient.java:onNext(255)) - client-8BD909272E8D->63cacea9-0392-4939-ad39-80c4c73dd84b: receive RaftClientReply:client-8BD909272E8D->63cacea9-0392-4939-ad39-80c4c73dd84b@group-EE6C16B6C358, cid=1130, SUCCESS, logIndex=0, commits[63cacea9-0392-4939-ad39-80c4c73dd84b:c1560, bd7b7fea-2a7b-4c3f-852f-c014e42bfcb7:c1556, 3b4aa678-22a6-4ae2-9c6a-0e71cdb9d6d0:c1556]
2019-07-10 03:37:23,268 INFO  client.GrpcClientProtocolClient (GrpcClientProtocolClient.java:onNext(255)) - client-8BD909272E8D->63cacea9-0392-4939-ad39-80c4c73dd84b: receive RaftClientReply:client-8BD909272E8D->63cacea9-0392-4939-ad39-80c4c73dd84b@group-EE6C16B6C358, cid=1131, SUCCESS, logIndex=1563, commits[63cacea9-0392-4939-ad39-80c4c73dd84b:c1564, bd7b7fea-2a7b-4c3f-852f-c014e42bfcb7:c1558, 3b4aa678-22a6-4ae2-9c6a-0e71cdb9d6d0:c1561]
2019-07-10 03:37:23,268 INFO  client.GrpcClientProtocolClient (GrpcClientProtocolClient.java:onNext(255)) - client-8BD909272E8D->63cacea9-0392-4939-ad39-80c4c73dd84b: receive RaftClientReply:client-8BD909272E8D->63cacea9-0392-4939-ad39-80c4c73dd84b@group-EE6C16B6C358, cid=1132, SUCCESS, logIndex=1564, commits[63cacea9-0392-4939-ad39-80c4c73dd84b:c1564, bd7b7fea-2a7b-4c3f-852f-c014e42bfcb7:c1561, 3b4aa678-22a6-4ae2-9c6a-0e71cdb9d6d0:c1561]
2019-07-10 03:37:23,281 INFO  client.GrpcClientProtocolClient (GrpcClientProtocolClient.java:onNext(255)) - client-8BD909272E8D->63cacea9-0392-4939-ad39-80c4c73dd84b: receive RaftClientReply:client-8BD909272E8D->63cacea9-0392-4939-ad39-80c4c73dd84b@group-EE6C16B6C358, cid=1133, SUCCESS, logIndex=1566, commits[63cacea9-0392-4939-ad39-80c4c73dd84b:c1567, bd7b7fea-2a7b-4c3f-852f-c014e42bfcb7:c1564, 3b4aa678-22a6-4ae2-9c6a-0e71cdb9d6d0:c1564]
2019-07-10 03:37:23,281 INFO  client.GrpcClientProtocolClient (GrpcClientProtocolClient.java:onNext(255)) - client-8BD909272E8D->63cacea9-0392-4939-ad39-80c4c73dd84b: receive RaftClientReply:client-8BD909272E8D->63cacea9-0392-4939-ad39-80c4c73dd84b@group-EE6C16B6C358, cid=1134, SUCCESS, logIndex=1567, commits[63cacea9-0392-4939-ad39-80c4c73dd84b:c1567, bd7b7fea-2a7b-4c3f-852f-c014e42bfcb7:c1564, 3b4aa678-22a6-4ae2-9c6a-0e71cdb9d6d0:c1564]
2019-07-10 03:37:23,292 INFO  client.GrpcClientProtocolClient (GrpcClientProtocolClient.java:onNext(255)) - client-8BD909272E8D->63cacea9-0392-4939-ad39-80c4c73dd84b: receive RaftClientReply:client-8BD909272E8D->63cacea9-0392-4939-ad39-80c4c73dd84b@group-EE6C16B6C358, cid=1135, SUCCESS, logIndex=0, commits[63cacea9-0392-4939-ad39-80c4c73dd84b:c1568, bd7b7fea-2a7b-4c3f-852f-c014e42bfcb7:c1567, 3b4aa678-22a6-4ae2-9c6a-0e71cdb9d6d0:c1567]
2019-07-10 03:37:23,313 INFO  client.GrpcClientProtocolClient (GrpcClientProtocolClient.java:onNext(255)) - client-8BD909272E8D->63cacea9-0392-4939-ad39-80c4c73dd84b: receive RaftClientReply:client-8BD909272E8D->63cacea9-0392-4939-ad39-80c4c73dd84b@group-EE6C16B6C358, cid=1136, SUCCESS, logIndex=1570, commits[63cacea9-0392-4939-ad39-80c4c73dd84b:c1572, bd7b7fea-2a7b-4c3f-852f-c014e42bfcb7:c1569, 3b4aa678-22a6-4ae2-9c6a-0e71cdb9d6d0:c1569]
2019-07-10 03:37:23,313 INFO  client.GrpcClientProtocolClient (GrpcClientProtocolClient.java:onNext(255)) - client-8BD909272E8D->63cacea9-0392-4939-ad39-80c4c73dd84b: receive RaftClientReply:client-8BD909272E8D->63cacea9-0392-4939-ad39-80c4c73dd84b@group-EE6C16B6C358, cid=1137, SUCCESS, logIndex=1571, commits[63cacea9-0392-4939-ad39-80c4c73dd84b:c1573, bd7b7fea-2a7b-4c3f-852f-c014e42bfcb7:c1569, 3b4aa678-22a6-4ae2-9c6a-0e71cdb9d6d0:c1569]
2019-07-10 03:37:23,314 INFO  client.GrpcClientProtocolClient (GrpcClientProtocolClient.java:onNext(255)) - client-8BD909272E8D->63cacea9-0392-4939-ad39-80c4c73dd84b: receive RaftClientReply:client-8BD909272E8D->63cacea9-0392-4939-ad39-80c4c73dd84b@group-EE6C16B6C358, cid=1138, SUCCESS, logIndex=1572, commits[63cacea9-0392-4939-ad39-80c4c73dd84b:c1573, bd7b7fea-2a7b-4c3f-852f-c014e42bfcb7:c1569, 3b4aa678-22a6-4ae2-9c6a-0e71cdb9d6d0:c1569]
2019-07-10 03:37:23,314 INFO  client.GrpcClientProtocolClient (GrpcClientProtocolClient.java:onNext(255)) - client-8BD909272E8D->63cacea9-0392-4939-ad39-80c4c73dd84b: receive RaftClientReply:client-8BD909272E8D->63cacea9-0392-4939-ad39-80c4c73dd84b@group-EE6C16B6C358, cid=1139, SUCCESS, logIndex=1573, commits[63cacea9-0392-4939-ad39-80c4c73dd84b:c1574, bd7b7fea-2a7b-4c3f-852f-c014e42bfcb7:c1571, 3b4aa678-22a6-4ae2-9c6a-0e71cdb9d6d0:c1569]
2019-07-10 03:37:23,315 INFO  client.GrpcClientProtocolClient (GrpcClientProtocolClient.java:onNext(255)) - client-8BD909272E8D->63cacea9-0392-4939-ad39-80c4c73dd84b: receive RaftClientReply:client-8BD909272E8D->63cacea9-0392-4939-ad39-80c4c73dd84b@group-EE6C16B6C358, cid=1140, SUCCESS, logIndex=0, commits[63cacea9-0392-4939-ad39-80c4c73dd84b:c1574, bd7b7fea-2a7b-4c3f-852f-c014e42bfcb7:c1571, 3b4aa678-22a6-4ae2-9c6a-0e71cdb9d6d0:c1572]
2019-07-10 03:37:23,331 INFO  client.GrpcClientProtocolClient (GrpcClientProtocolClient.java:onNext(255)) - client-8BD909272E8D->63cacea9-0392-4939-ad39-80c4c73dd84b: receive RaftClientReply:client-8BD909272E8D->63cacea9-0392-4939-ad39-80c4c73dd84b@group-EE6C16B6C358, cid=1141, SUCCESS, logIndex=1578, commits[63cacea9-0392-4939-ad39-80c4c73dd84b:c1579, bd7b7fea-2a7b-4c3f-852f-c014e42bfcb7:c1577, 3b4aa678-22a6-4ae2-9c6a-0e71cdb9d6d0:c1577]
2019-07-10 03:37:23,332 INFO  client.GrpcClientProtocolClient (GrpcClientProtocolClient.java:onNext(255)) - client-8BD909272E8D->63cacea9-0392-4939-ad39-80c4c73dd84b: receive RaftClientReply:client-8BD909272E8D->63cacea9-0392-4939-ad39-80c4c73dd84b@group-EE6C16B6C358, cid=1142, SUCCESS, logIndex=1579, commits[63cacea9-0392-4939-ad39-80c4c73dd84b:c1579, bd7b7fea-2a7b-4c3f-852f-c014e42bfcb7:c1577, 3b4aa678-22a6-4ae2-9c6a-0e71cdb9d6d0:c1577]
2019-07-10 03:37:23,346 INFO  client.GrpcClientProtocolClient (GrpcClientProtocolClient.java:onNext(255)) - client-8BD909272E8D->63cacea9-0392-4939-ad39-80c4c73dd84b: receive RaftClientReply:client-8BD909272E8D->63cacea9-0392-4939-ad39-80c4c73dd84b@group-EE6C16B6C358, cid=1143, SUCCESS, logIndex=1582, commits[63cacea9-0392-4939-ad39-80c4c73dd84b:c1583, bd7b7fea-2a7b-4c3f-852f-c014e42bfcb7:c1579, 3b4aa678-22a6-4ae2-9c6a-0e71cdb9d6d0:c1579]
2019-07-10 03:37:23,347 INFO  client.GrpcClientProtocolClient (GrpcClientProtocolClient.java:onNext(255)) - client-8BD909272E8D->63cacea9-0392-4939-ad39-80c4c73dd84b: receive RaftClientReply:client-8BD909272E8D->63cacea9-0392-4939-ad39-80c4c73dd84b@group-EE6C16B6C358, cid=1144, SUCCESS, logIndex=1583, commits[63cacea9-0392-4939-ad39-80c4c73dd84b:c1583, bd7b7fea-2a7b-4c3f-852f-c014e42bfcb7:c1579, 3b4aa678-22a6-4ae2-9c6a-0e71cdb9d6d0:c1579]
2019-07-10 03:37:23,349 INFO  client.GrpcClientProtocolClient (GrpcClientProtocolClient.java:onNext(255)) - client-8BD909272E8D->63cacea9-0392-4939-ad39-80c4c73dd84b: receive RaftClientReply:client-8BD909272E8D->63cacea9-0392-4939-ad39-80c4c73dd84b@group-EE6C16B6C358, cid=1145, SUCCESS, logIndex=0, commits[63cacea9-0392-4939-ad39-80c4c73dd84b:c1584, bd7b7fea-2a7b-4c3f-852f-c014e42bfcb7:c1583, 3b4aa678-22a6-4ae2-9c6a-0e71cdb9d6d0:c1583]
2019-07-10 03:37:23,361 INFO  client.GrpcClientProtocolClient (GrpcClientProtocolClient.java:onNext(255)) - client-8BD909272E8D->63cacea9-0392-4939-ad39-80c4c73dd84b: receive RaftClientReply:client-8BD909272E8D->63cacea9-0392-4939-ad39-80c4c73dd84b@group-EE6C16B6C358, cid=1146, SUCCESS, logIndex=1586, commits[63cacea9-0392-4939-ad39-80c4c73dd84b:c1587, bd7b7fea-2a7b-4c3f-852f-c014e42bfcb7:c1583, 3b4aa678-22a6-4ae2-9c6a-0e71cdb9d6d0:c1585]
2019-07-10 03:37:23,361 INFO  client.GrpcClientProtocolClient (GrpcClientProtocolClient.java:onNext(255)) - client-8BD909272E8D->63cacea9-0392-4939-ad39-80c4c73dd84b: receive RaftClientReply:client-8BD909272E8D->63cacea9-0392-4939-ad39-80c4c73dd84b@group-EE6C16B6C358, cid=1147, SUCCESS, logIndex=1587, commits[63cacea9-0392-4939-ad39-80c4c73dd84b:c1587, bd7b7fea-2a7b-4c3f-852f-c014e42bfcb7:c1583, 3b4aa678-22a6-4ae2-9c6a-0e71cdb9d6d0:c1585]
2019-07-10 03:37:23,363 INFO  client.GrpcClientProtocolClient (GrpcClientProtocolClient.java:onNext(255)) - client-8BD909272E8D->63cacea9-0392-4939-ad39-80c4c73dd84b: receive RaftClientReply:client-8BD909272E8D->63cacea9-0392-4939-ad39-80c4c73dd84b@group-EE6C16B6C358, cid=1148, SUCCESS, logIndex=1588, commits[63cacea9-0392-4939-ad39-80c4c73dd84b:c1588, bd7b7fea-2a7b-4c3f-852f-c014e42bfcb7:c1583, 3b4aa678-22a6-4ae2-9c6a-0e71cdb9d6d0:c1585]
2019-07-10 03:37:23,363 INFO  client.GrpcClientProtocolClient (GrpcClientProtocolClient.java:onNext(255)) - client-8BD909272E8D->63cacea9-0392-4939-ad39-80c4c73dd84b: receive RaftClientReply:client-8BD909272E8D->63cacea9-0392-4939-ad39-80c4c73dd84b@group-EE6C16B6C358, cid=1149, SUCCESS, logIndex=1589, commits[63cacea9-0392-4939-ad39-80c4c73dd84b:c1591, bd7b7fea-2a7b-4c3f-852f-c014e42bfcb7:c1585, 3b4aa678-22a6-4ae2-9c6a-0e71cdb9d6d0:c1587]
2019-07-10 03:37:23,364 INFO  client.GrpcClientProtocolClient (GrpcClientProtocolClient.java:onNext(255)) - client-8BD909272E8D->63cacea9-0392-4939-ad39-80c4c73dd84b: receive RaftClientReply:client-8BD909272E8D->63cacea9-0392-4939-ad39-80c4c73dd84b@group-EE6C16B6C358, cid=1150, SUCCESS, logIndex=0, commits[63cacea9-0392-4939-ad39-80c4c73dd84b:c1592, bd7b7fea-2a7b-4c3f-852f-c014e42bfcb7:c1587, 3b4aa678-22a6-4ae2-9c6a-0e71cdb9d6d0:c1588]
2019-07-10 03:37:23,375 INFO  client.GrpcClientProtocolClient (GrpcClientProtocolClient.java:onNext(255)) - client-8BD909272E8D->63cacea9-0392-4939-ad39-80c4c73dd84b: receive RaftClientReply:client-8BD909272E8D->63cacea9-0392-4939-ad39-80c4c73dd84b@group-EE6C16B6C358, cid=1151, SUCCESS, logIndex=1593, commits[63cacea9-0392-4939-ad39-80c4c73dd84b:c1594, bd7b7fea-2a7b-4c3f-852f-c014e42bfcb7:c1592, 3b4aa678-22a6-4ae2-9c6a-0e71cdb9d6d0:c1588]
2019-07-10 03:37:23,375 INFO  client.GrpcClientProtocolClient (GrpcClientProtocolClient.java:onNext(255)) - client-8BD909272E8D->63cacea9-0392-4939-ad39-80c4c73dd84b: receive RaftClientReply:client-8BD909272E8D->63cacea9-0392-4939-ad39-80c4c73dd84b@group-EE6C16B6C358, cid=1152, SUCCESS, logIndex=1594, commits[63cacea9-0392-4939-ad39-80c4c73dd84b:c1594, bd7b7fea-2a7b-4c3f-852f-c014e42bfcb7:c1592, 3b4aa678-22a6-4ae2-9c6a-0e71cdb9d6d0:c1588]
2019-07-10 03:37:23,376 INFO  client.GrpcClientProtocolClient (GrpcClientProtocolClient.java:onNext(255)) - client-8BD909272E8D->63cacea9-0392-4939-ad39-80c4c73dd84b: receive RaftClientReply:client-8BD909272E8D->63cacea9-0392-4939-ad39-80c4c73dd84b@group-EE6C16B6C358, cid=1153, SUCCESS, logIndex=0, commits[63cacea9-0392-4939-ad39-80c4c73dd84b:c1595, bd7b7fea-2a7b-4c3f-852f-c014e42bfcb7:c1594, 3b4aa678-22a6-4ae2-9c6a-0e71cdb9d6d0:c1592]
2019-07-10 03:37:23,388 INFO  client.GrpcClientProtocolClient (GrpcClientProtocolClient.java:onNext(255)) - client-8BD909272E8D->63cacea9-0392-4939-ad39-80c4c73dd84b: receive RaftClientReply:client-8BD909272E8D->63cacea9-0392-4939-ad39-80c4c73dd84b@group-EE6C16B6C358, cid=1154, SUCCESS, logIndex=1597, commits[63cacea9-0392-4939-ad39-80c4c73dd84b:c1598, bd7b7fea-2a7b-4c3f-852f-c014e42bfcb7:c1594, 3b4aa678-22a6-4ae2-9c6a-0e71cdb9d6d0:c1596]
2019-07-10 03:37:23,389 INFO  client.GrpcClientProtocolClient (GrpcClientProtocolClient.java:onNext(255)) - client-8BD909272E8D->63cacea9-0392-4939-ad39-80c4c73dd84b: receive RaftClientReply:client-8BD909272E8D->63cacea9-0392-4939-ad39-80c4c73dd84b@group-EE6C16B6C358, cid=1155, SUCCESS, logIndex=1598, commits[63cacea9-0392-4939-ad39-80c4c73dd84b:c1598, bd7b7fea-2a7b-4c3f-852f-c014e42bfcb7:c1596, 3b4aa678-22a6-4ae2-9c6a-0e71cdb9d6d0:c1596]
2019-07-10 03:37:23,393 INFO  client.GrpcClientProtocolClient (GrpcClientProtocolClient.java:onNext(255)) - client-8BD909272E8D->63cacea9-0392-4939-ad39-80c4c73dd84b: receive RaftClientReply:client-8BD909272E8D->63cacea9-0392-4939-ad39-80c4c73dd84b@group-EE6C16B6C358, cid=1156, SUCCESS, logIndex=0, commits[63cacea9-0392-4939-ad39-80c4c73dd84b:c1599, bd7b7fea-2a7b-4c3f-852f-c014e42bfcb7:c1598, 3b4aa678-22a6-4ae2-9c6a-0e71cdb9d6d0:c1598]
2019-07-10 03:37:23,420 INFO  client.GrpcClientProtocolClient (GrpcClientProtocolClient.java:onNext(255)) - client-8BD909272E8D->63cacea9-0392-4939-ad39-80c4c73dd84b: receive RaftClientReply:client-8BD909272E8D->63cacea9-0392-4939-ad39-80c4c73dd84b@group-EE6C16B6C358, cid=1157, SUCCESS, logIndex=1601, commits[63cacea9-0392-4939-ad39-80c4c73dd84b:c1602, bd7b7fea-2a7b-4c3f-852f-c014e42bfcb7:c1600, 3b4aa678-22a6-4ae2-9c6a-0e71cdb9d6d0:c1600]
2019-07-10 03:37:23,420 INFO  client.GrpcClientProtocolClient (GrpcClientProtocolClient.java:onNext(255)) - client-8BD909272E8D->63cacea9-0392-4939-ad39-80c4c73dd84b: receive RaftClientReply:client-8BD909272E8D->63cacea9-0392-4939-ad39-80c4c73dd84b@group-EE6C16B6C358, cid=1158, SUCCESS, logIndex=1602, commits[63cacea9-0392-4939-ad39-80c4c73dd84b:c1603, bd7b7fea-2a7b-4c3f-852f-c014e42bfcb7:c1600, 3b4aa678-22a6-4ae2-9c6a-0e71cdb9d6d0:c1600]
2019-07-10 03:37:23,421 INFO  client.GrpcClientProtocolClient (GrpcClientProtocolClient.java:onNext(255)) - client-8BD909272E8D->63cacea9-0392-4939-ad39-80c4c73dd84b: receive RaftClientReply:client-8BD909272E8D->63cacea9-0392-4939-ad39-80c4c73dd84b@group-EE6C16B6C358, cid=1159, SUCCESS, logIndex=1603, commits[63cacea9-0392-4939-ad39-80c4c73dd84b:c1604, bd7b7fea-2a7b-4c3f-852f-c014e42bfcb7:c1600, 3b4aa678-22a6-4ae2-9c6a-0e71cdb9d6d0:c1600]
2019-07-10 03:37:23,422 INFO  client.GrpcClientProtocolClient (GrpcClientProtocolClient.java:onNext(255)) - client-8BD909272E8D->63cacea9-0392-4939-ad39-80c4c73dd84b: receive RaftClientReply:client-8BD909272E8D->63cacea9-0392-4939-ad39-80c4c73dd84b@group-EE6C16B6C358, cid=1160, SUCCESS, logIndex=1604, commits[63cacea9-0392-4939-ad39-80c4c73dd84b:c1606, bd7b7fea-2a7b-4c3f-852f-c014e42bfcb7:c1600, 3b4aa678-22a6-4ae2-9c6a-0e71cdb9d6d0:c1602]
2019-07-10 03:37:23,426 INFO  client.GrpcClientProtocolClient (GrpcClientProtocolClient.java:onNext(255)) - client-8BD909272E8D->63cacea9-0392-4939-ad39-80c4c73dd84b: receive RaftClientReply:client-8BD909272E8D->63cacea9-0392-4939-ad39-80c4c73dd84b@group-EE6C16B6C358, cid=1161, SUCCESS, logIndex=0, commits[63cacea9-0392-4939-ad39-80c4c73dd84b:c1606, bd7b7fea-2a7b-4c3f-852f-c014e42bfcb7:c1602, 3b4aa678-22a6-4ae2-9c6a-0e71cdb9d6d0:c1602]
2019-07-10 03:37:23,449 INFO  client.GrpcClientProtocolClient (GrpcClientProtocolClient.java:onNext(255)) - client-8BD909272E8D->63cacea9-0392-4939-ad39-80c4c73dd84b: receive RaftClientReply:client-8BD909272E8D->63cacea9-0392-4939-ad39-80c4c73dd84b@group-EE6C16B6C358, cid=1162, SUCCESS, logIndex=1609, commits[63cacea9-0392-4939-ad39-80c4c73dd84b:c1610, bd7b7fea-2a7b-4c3f-852f-c014e42bfcb7:c1608, 3b4aa678-22a6-4ae2-9c6a-0e71cdb9d6d0:c1608]
2019-07-10 03:37:23,449 INFO  client.GrpcClientProtocolClient (GrpcClientProtocolClient.java:onNext(255)) - client-8BD909272E8D->63cacea9-0392-4939-ad39-80c4c73dd84b: receive RaftClientReply:client-8BD909272E8D->63cacea9-0392-4939-ad39-80c4c73dd84b@group-EE6C16B6C358, cid=1163, SUCCESS, logIndex=1610, commits[63cacea9-0392-4939-ad39-80c4c73dd84b:c1610, bd7b7fea-2a7b-4c3f-852f-c014e42bfcb7:c1608, 3b4aa678-22a6-4ae2-9c6a-0e71cdb9d6d0:c1608]
2019-07-10 03:37:23,463 INFO  client.GrpcClientProtocolClient (GrpcClientProtocolClient.java:onNext(255)) - client-8BD909272E8D->63cacea9-0392-4939-ad39-80c4c73dd84b: receive RaftClientReply:client-8BD909272E8D->63cacea9-0392-4939-ad39-80c4c73dd84b@group-EE6C16B6C358, cid=1164, SUCCESS, logIndex=1613, commits[63cacea9-0392-4939-ad39-80c4c73dd84b:c1614, bd7b7fea-2a7b-4c3f-852f-c014e42bfcb7:c1610, 3b4aa678-22a6-4ae2-9c6a-0e71cdb9d6d0:c1610]
2019-07-10 03:37:23,464 INFO  client.GrpcClientProtocolClient (GrpcClientProtocolClient.java:onNext(255)) - client-8BD909272E8D->63cacea9-0392-4939-ad39-80c4c73dd84b: receive RaftClientReply:client-8BD909272E8D->63cacea9-0392-4939-ad39-80c4c73dd84b@group-EE6C16B6C358, cid=1165, SUCCESS, logIndex=1614, commits[63cacea9-0392-4939-ad39-80c4c73dd84b:c1614, bd7b7fea-2a7b-4c3f-852f-c014e42bfcb7:c1610, 3b4aa678-22a6-4ae2-9c6a-0e71cdb9d6d0:c1610]
2019-07-10 03:37:23,478 INFO  client.GrpcClientProtocolClient (GrpcClientProtocolClient.java:onNext(255)) - client-8BD909272E8D->63cacea9-0392-4939-ad39-80c4c73dd84b: receive RaftClientReply:client-8BD909272E8D->63cacea9-0392-4939-ad39-80c4c73dd84b@group-EE6C16B6C358, cid=1166, SUCCESS, logIndex=0, commits[63cacea9-0392-4939-ad39-80c4c73dd84b:c1616, bd7b7fea-2a7b-4c3f-852f-c014e42bfcb7:c1614, 3b4aa678-22a6-4ae2-9c6a-0e71cdb9d6d0:c1614]
2019-07-10 03:37:23,500 INFO  client.GrpcClientProtocolClient (GrpcClientProtocolClient.java:onNext(255)) - client-8BD909272E8D->63cacea9-0392-4939-ad39-80c4c73dd84b: receive RaftClientReply:client-8BD909272E8D->63cacea9-0392-4939-ad39-80c4c73dd84b@group-EE6C16B6C358, cid=1167, SUCCESS, logIndex=1617, commits[63cacea9-0392-4939-ad39-80c4c73dd84b:c1619, bd7b7fea-2a7b-4c3f-852f-c014e42bfcb7:c1616, 3b4aa678-22a6-4ae2-9c6a-0e71cdb9d6d0:c1616]
2019-07-10 03:37:23,500 INFO  client.GrpcClientProtocolClient (GrpcClientProtocolClient.java:onNext(255)) - client-8BD909272E8D->63cacea9-0392-4939-ad39-80c4c73dd84b: receive RaftClientReply:client-8BD909272E8D->63cacea9-0392-4939-ad39-80c4c73dd84b@group-EE6C16B6C358, cid=1168, SUCCESS, logIndex=1618, commits[63cacea9-0392-4939-ad39-80c4c73dd84b:c1620, bd7b7fea-2a7b-4c3f-852f-c014e42bfcb7:c1616, 3b4aa678-22a6-4ae2-9c6a-0e71cdb9d6d0:c1616]
2019-07-10 03:37:23,501 INFO  client.GrpcClientProtocolClient (GrpcClientProtocolClient.java:onNext(255)) - client-8BD909272E8D->63cacea9-0392-4939-ad39-80c4c73dd84b: receive RaftClientReply:client-8BD909272E8D->63cacea9-0392-4939-ad39-80c4c73dd84b@group-EE6C16B6C358, cid=1169, SUCCESS, logIndex=1619, commits[63cacea9-0392-4939-ad39-80c4c73dd84b:c1620, bd7b7fea-2a7b-4c3f-852f-c014e42bfcb7:c1616, 3b4aa678-22a6-4ae2-9c6a-0e71cdb9d6d0:c1616]
2019-07-10 03:37:23,501 INFO  client.GrpcClientProtocolClient (GrpcClientProtocolClient.java:onNext(255)) - client-8BD909272E8D->63cacea9-0392-4939-ad39-80c4c73dd84b: receive RaftClientReply:client-8BD909272E8D->63cacea9-0392-4939-ad39-80c4c73dd84b@group-EE6C16B6C358, cid=1170, SUCCESS, logIndex=1620, commits[63cacea9-0392-4939-ad39-80c4c73dd84b:c1620, bd7b7fea-2a7b-4c3f-852f-c014e42bfcb7:c1616, 3b4aa678-22a6-4ae2-9c6a-0e71cdb9d6d0:c1616]
2019-07-10 03:37:23,504 INFO  client.GrpcClientProtocolClient (GrpcClientProtocolClient.java:onNext(255)) - client-8BD909272E8D->63cacea9-0392-4939-ad39-80c4c73dd84b: receive RaftClientReply:client-8BD909272E8D->63cacea9-0392-4939-ad39-80c4c73dd84b@group-EE6C16B6C358, cid=1171, SUCCESS, logIndex=0, commits[63cacea9-0392-4939-ad39-80c4c73dd84b:c1622, bd7b7fea-2a7b-4c3f-852f-c014e42bfcb7:c1618, 3b4aa678-22a6-4ae2-9c6a-0e71cdb9d6d0:c1619]
2019-07-10 03:37:23,524 INFO  client.GrpcClientProtocolClient (GrpcClientProtocolClient.java:onNext(255)) - client-8BD909272E8D->63cacea9-0392-4939-ad39-80c4c73dd84b: receive RaftClientReply:client-8BD909272E8D->63cacea9-0392-4939-ad39-80c4c73dd84b@group-EE6C16B6C358, cid=1172, SUCCESS, logIndex=1625, commits[63cacea9-0392-4939-ad39-80c4c73dd84b:c1626, bd7b7fea-2a7b-4c3f-852f-c014e42bfcb7:c1624, 3b4aa678-22a6-4ae2-9c6a-0e71cdb9d6d0:c1624]
2019-07-10 03:37:23,525 INFO  client.GrpcClientProtocolClient (GrpcClientProtocolClient.java:onNext(255)) - client-8BD909272E8D->63cacea9-0392-4939-ad39-80c4c73dd84b: receive RaftClientReply:client-8BD909272E8D->63cacea9-0392-4939-ad39-80c4c73dd84b@group-EE6C16B6C358, cid=1173, SUCCESS, logIndex=1626, commits[63cacea9-0392-4939-ad39-80c4c73dd84b:c1626, bd7b7fea-2a7b-4c3f-852f-c014e42bfcb7:c1624, 3b4aa678-22a6-4ae2-9c6a-0e71cdb9d6d0:c1624]
2019-07-10 03:37:23,547 INFO  client.GrpcClientProtocolClient (GrpcClientProtocolClient.java:onNext(255)) - client-8BD909272E8D->63cacea9-0392-4939-ad39-80c4c73dd84b: receive RaftClientReply:client-8BD909272E8D->63cacea9-0392-4939-ad39-80c4c73dd84b@group-EE6C16B6C358, cid=1174, SUCCESS, logIndex=1629, commits[63cacea9-0392-4939-ad39-80c4c73dd84b:c1630, bd7b7fea-2a7b-4c3f-852f-c014e42bfcb7:c1626, 3b4aa678-22a6-4ae2-9c6a-0e71cdb9d6d0:c1626]
2019-07-10 03:37:23,548 INFO  client.GrpcClientProtocolClient (GrpcClientProtocolClient.java:onNext(255)) - client-8BD909272E8D->63cacea9-0392-4939-ad39-80c4c73dd84b: receive RaftClientReply:client-8BD909272E8D->63cacea9-0392-4939-ad39-80c4c73dd84b@group-EE6C16B6C358, cid=1175, SUCCESS, logIndex=1630, commits[63cacea9-0392-4939-ad39-80c4c73dd84b:c1630, bd7b7fea-2a7b-4c3f-852f-c014e42bfcb7:c1626, 3b4aa678-22a6-4ae2-9c6a-0e71cdb9d6d0:c1626]
2019-07-10 03:37:23,562 INFO  client.GrpcClientProtocolClient (GrpcClientProtocolClient.java:onNext(255)) - client-8BD909272E8D->63cacea9-0392-4939-ad39-80c4c73dd84b: receive RaftClientReply:client-8BD909272E8D->63cacea9-0392-4939-ad39-80c4c73dd84b@group-EE6C16B6C358, cid=1176, SUCCESS, logIndex=0, commits[63cacea9-0392-4939-ad39-80c4c73dd84b:c1631, bd7b7fea-2a7b-4c3f-852f-c014e42bfcb7:c1630, 3b4aa678-22a6-4ae2-9c6a-0e71cdb9d6d0:c1630]
2019-07-10 03:37:23,581 INFO  client.GrpcClientProtocolClient (GrpcClientProtocolClient.java:onNext(255)) - client-8BD909272E8D->63cacea9-0392-4939-ad39-80c4c73dd84b: receive RaftClientReply:client-8BD909272E8D->63cacea9-0392-4939-ad39-80c4c73dd84b@group-EE6C16B6C358, cid=1177, SUCCESS, logIndex=1633, commits[63cacea9-0392-4939-ad39-80c4c73dd84b:c1634, bd7b7fea-2a7b-4c3f-852f-c014e42bfcb7:c1632, 3b4aa678-22a6-4ae2-9c6a-0e71cdb9d6d0:c1632]
2019-07-10 03:37:23,582 INFO  client.GrpcClientProtocolClient (GrpcClientProtocolClient.java:onNext(255)) - client-8BD909272E8D->63cacea9-0392-4939-ad39-80c4c73dd84b: receive RaftClientReply:client-8BD909272E8D->63cacea9-0392-4939-ad39-80c4c73dd84b@group-EE6C16B6C358, cid=1178, SUCCESS, logIndex=1634, commits[63cacea9-0392-4939-ad39-80c4c73dd84b:c1635, bd7b7fea-2a7b-4c3f-852f-c014e42bfcb7:c1632, 3b4aa678-22a6-4ae2-9c6a-0e71cdb9d6d0:c1632]
2019-07-10 03:37:23,582 INFO  client.GrpcClientProtocolClient (GrpcClientProtocolClient.java:onNext(255)) - client-8BD909272E8D->63cacea9-0392-4939-ad39-80c4c73dd84b: receive RaftClientReply:client-8BD909272E8D->63cacea9-0392-4939-ad39-80c4c73dd84b@group-EE6C16B6C358, cid=1179, SUCCESS, logIndex=1635, commits[63cacea9-0392-4939-ad39-80c4c73dd84b:c1636, bd7b7fea-2a7b-4c3f-852f-c014e42bfcb7:c1632, 3b4aa678-22a6-4ae2-9c6a-0e71cdb9d6d0:c1632]
2019-07-10 03:37:23,582 INFO  client.GrpcClientProtocolClient (GrpcClientProtocolClient.java:onNext(255)) - client-8BD909272E8D->63cacea9-0392-4939-ad39-80c4c73dd84b: receive RaftClientReply:client-8BD909272E8D->63cacea9-0392-4939-ad39-80c4c73dd84b@group-EE6C16B6C358, cid=1180, SUCCESS, logIndex=1636, commits[63cacea9-0392-4939-ad39-80c4c73dd84b:c1636, bd7b7fea-2a7b-4c3f-852f-c014e42bfcb7:c1632, 3b4aa678-22a6-4ae2-9c6a-0e71cdb9d6d0:c1632]
2019-07-10 03:37:23,585 INFO  client.GrpcClientProtocolClient (GrpcClientProtocolClient.java:onNext(255)) - client-8BD909272E8D->63cacea9-0392-4939-ad39-80c4c73dd84b: receive RaftClientReply:client-8BD909272E8D->63cacea9-0392-4939-ad39-80c4c73dd84b@group-EE6C16B6C358, cid=1181, SUCCESS, logIndex=0, commits[63cacea9-0392-4939-ad39-80c4c73dd84b:c1638, bd7b7fea-2a7b-4c3f-852f-c014e42bfcb7:c1634, 3b4aa678-22a6-4ae2-9c6a-0e71cdb9d6d0:c1634]
2019-07-10 03:37:23,597 INFO  client.GrpcClientProtocolClient (GrpcClientProtocolClient.java:onNext(255)) - client-8BD909272E8D->63cacea9-0392-4939-ad39-80c4c73dd84b: receive RaftClientReply:client-8BD909272E8D->63cacea9-0392-4939-ad39-80c4c73dd84b@group-EE6C16B6C358, cid=1182, SUCCESS, logIndex=1641, commits[63cacea9-0392-4939-ad39-80c4c73dd84b:c1642, bd7b7fea-2a7b-4c3f-852f-c014e42bfcb7:c1636, 3b4aa678-22a6-4ae2-9c6a-0e71cdb9d6d0:c1639]
2019-07-10 03:37:23,597 INFO  client.GrpcClientProtocolClient (GrpcClientProtocolClient.java:onNext(255)) - client-8BD909272E8D->63cacea9-0392-4939-ad39-80c4c73dd84b: receive RaftClientReply:client-8BD909272E8D->63cacea9-0392-4939-ad39-80c4c73dd84b@group-EE6C16B6C358, cid=1183, SUCCESS, logIndex=1642, commits[63cacea9-0392-4939-ad39-80c4c73dd84b:c1642, bd7b7fea-2a7b-4c3f-852f-c014e42bfcb7:c1639, 3b4aa678-22a6-4ae2-9c6a-0e71cdb9d6d0:c1639]
2019-07-10 03:37:23,615 INFO  client.GrpcClientProtocolClient (GrpcClientProtocolClient.java:onNext(255)) - client-8BD909272E8D->63cacea9-0392-4939-ad39-80c4c73dd84b: receive RaftClientReply:client-8BD909272E8D->63cacea9-0392-4939-ad39-80c4c73dd84b@group-EE6C16B6C358, cid=1184, SUCCESS, logIndex=1645, commits[63cacea9-0392-4939-ad39-80c4c73dd84b:c1645, bd7b7fea-2a7b-4c3f-852f-c014e42bfcb7:c1642, 3b4aa678-22a6-4ae2-9c6a-0e71cdb9d6d0:c1643]
2019-07-10 03:37:23,615 INFO  client.GrpcClientProtocolClient (GrpcClientProtocolClient.java:onNext(255)) - client-8BD909272E8D->63cacea9-0392-4939-ad39-80c4c73dd84b: receive RaftClientReply:client-8BD909272E8D->63cacea9-0392-4939-ad39-80c4c73dd84b@group-EE6C16B6C358, cid=1185, SUCCESS, logIndex=1646, commits[63cacea9-0392-4939-ad39-80c4c73dd84b:c1646, bd7b7fea-2a7b-4c3f-852f-c014e42bfcb7:c1643, 3b4aa678-22a6-4ae2-9c6a-0e71cdb9d6d0:c1643]
2019-07-10 03:37:23,630 INFO  client.GrpcClientProtocolClient (GrpcClientProtocolClient.java:onNext(255)) - client-8BD909272E8D->63cacea9-0392-4939-ad39-80c4c73dd84b: receive RaftClientReply:client-8BD909272E8D->63cacea9-0392-4939-ad39-80c4c73dd84b@group-EE6C16B6C358, cid=1186, SUCCESS, logIndex=0, commits[63cacea9-0392-4939-ad39-80c4c73dd84b:c1648, bd7b7fea-2a7b-4c3f-852f-c014e42bfcb7:c1646, 3b4aa678-22a6-4ae2-9c6a-0e71cdb9d6d0:c1646]
2019-07-10 03:37:23,649 INFO  client.GrpcClientProtocolClient (GrpcClientProtocolClient.java:onNext(255)) - client-8BD909272E8D->63cacea9-0392-4939-ad39-80c4c73dd84b: receive RaftClientReply:client-8BD909272E8D->63cacea9-0392-4939-ad39-80c4c73dd84b@group-EE6C16B6C358, cid=1187, SUCCESS, logIndex=1649, commits[63cacea9-0392-4939-ad39-80c4c73dd84b:c1650, bd7b7fea-2a7b-4c3f-852f-c014e42bfcb7:c1648, 3b4aa678-22a6-4ae2-9c6a-0e71cdb9d6d0:c1648]
 0.00% |█                                                                                                    |  0/1 Time: 0:00:062019-07-10 03:37:23,649 INFO  client.GrpcClientProtocolClient (GrpcClientProtocolClient.java:onNext(255)) - client-8BD909272E8D->63cacea9-0392-4939-ad39-80c4c73dd84b: receive RaftClientReply:client-8BD909272E8D->63cacea9-0392-4939-ad39-80c4c73dd84b@group-EE6C16B6C358, cid=1188, SUCCESS, logIndex=1650, commits[63cacea9-0392-4939-ad39-80c4c73dd84b:c1652, bd7b7fea-2a7b-4c3f-852f-c014e42bfcb7:c1648, 3b4aa678-22a6-4ae2-9c6a-0e71cdb9d6d0:c1648]
2019-07-10 03:37:23,724 INFO  client.GrpcClientProtocolClient (GrpcClientProtocolClient.java:onNext(255)) - client-8BD909272E8D->63cacea9-0392-4939-ad39-80c4c73dd84b: receive RaftClientReply:client-8BD909272E8D->63cacea9-0392-4939-ad39-80c4c73dd84b@group-EE6C16B6C358, cid=1189, SUCCESS, logIndex=1651, commits[63cacea9-0392-4939-ad39-80c4c73dd84b:c1652, bd7b7fea-2a7b-4c3f-852f-c014e42bfcb7:c1648, 3b4aa678-22a6-4ae2-9c6a-0e71cdb9d6d0:c1648]
2019-07-10 03:37:23,725 INFO  client.GrpcClientProtocolClient (GrpcClientProtocolClient.java:onNext(255)) - client-8BD909272E8D->63cacea9-0392-4939-ad39-80c4c73dd84b: receive RaftClientReply:client-8BD909272E8D->63cacea9-0392-4939-ad39-80c4c73dd84b@group-EE6C16B6C358, cid=1190, SUCCESS, logIndex=1652, commits[63cacea9-0392-4939-ad39-80c4c73dd84b:c1652, bd7b7fea-2a7b-4c3f-852f-c014e42bfcb7:c1648, 3b4aa678-22a6-4ae2-9c6a-0e71cdb9d6d0:c1648]
2019-07-10 03:37:23,737 INFO  client.GrpcClientProtocolClient (GrpcClientProtocolClient.java:onNext(255)) - client-8BD909272E8D->63cacea9-0392-4939-ad39-80c4c73dd84b: receive RaftClientReply:client-8BD909272E8D->63cacea9-0392-4939-ad39-80c4c73dd84b@group-EE6C16B6C358, cid=1191, SUCCESS, logIndex=0, commits[63cacea9-0392-4939-ad39-80c4c73dd84b:c1655, bd7b7fea-2a7b-4c3f-852f-c014e42bfcb7:c1650, 3b4aa678-22a6-4ae2-9c6a-0e71cdb9d6d0:c1652]
2019-07-10 03:37:23,757 INFO  client.GrpcClientProtocolClient (GrpcClientProtocolClient.java:onNext(255)) - client-8BD909272E8D->63cacea9-0392-4939-ad39-80c4c73dd84b: receive RaftClientReply:client-8BD909272E8D->63cacea9-0392-4939-ad39-80c4c73dd84b@group-EE6C16B6C358, cid=1192, SUCCESS, logIndex=1656, commits[63cacea9-0392-4939-ad39-80c4c73dd84b:c1657, bd7b7fea-2a7b-4c3f-852f-c014e42bfcb7:c1655, 3b4aa678-22a6-4ae2-9c6a-0e71cdb9d6d0:c1655]
2019-07-10 03:37:23,758 INFO  client.GrpcClientProtocolClient (GrpcClientProtocolClient.java:onNext(255)) - client-8BD909272E8D->63cacea9-0392-4939-ad39-80c4c73dd84b: receive RaftClientReply:client-8BD909272E8D->63cacea9-0392-4939-ad39-80c4c73dd84b@group-EE6C16B6C358, cid=1193, SUCCESS, logIndex=1657, commits[63cacea9-0392-4939-ad39-80c4c73dd84b:c1657, bd7b7fea-2a7b-4c3f-852f-c014e42bfcb7:c1655, 3b4aa678-22a6-4ae2-9c6a-0e71cdb9d6d0:c1655]
2019-07-10 03:37:23,782 INFO  client.GrpcClientProtocolClient (GrpcClientProtocolClient.java:onNext(255)) - client-8BD909272E8D->63cacea9-0392-4939-ad39-80c4c73dd84b: receive RaftClientReply:client-8BD909272E8D->63cacea9-0392-4939-ad39-80c4c73dd84b@group-EE6C16B6C358, cid=1194, SUCCESS, logIndex=1660, commits[63cacea9-0392-4939-ad39-80c4c73dd84b:c1661, bd7b7fea-2a7b-4c3f-852f-c014e42bfcb7:c1657, 3b4aa678-22a6-4ae2-9c6a-0e71cdb9d6d0:c1657]
2019-07-10 03:37:23,783 INFO  client.GrpcClientProtocolClient (GrpcClientProtocolClient.java:onNext(255)) - client-8BD909272E8D->63cacea9-0392-4939-ad39-80c4c73dd84b: receive RaftClientReply:client-8BD909272E8D->63cacea9-0392-4939-ad39-80c4c73dd84b@group-EE6C16B6C358, cid=1195, SUCCESS, logIndex=1661, commits[63cacea9-0392-4939-ad39-80c4c73dd84b:c1661, bd7b7fea-2a7b-4c3f-852f-c014e42bfcb7:c1657, 3b4aa678-22a6-4ae2-9c6a-0e71cdb9d6d0:c1657]
2019-07-10 03:37:23,795 INFO  client.GrpcClientProtocolClient (GrpcClientProtocolClient.java:onNext(255)) - client-8BD909272E8D->63cacea9-0392-4939-ad39-80c4c73dd84b: receive RaftClientReply:client-8BD909272E8D->63cacea9-0392-4939-ad39-80c4c73dd84b@group-EE6C16B6C358, cid=1196, SUCCESS, logIndex=0, commits[63cacea9-0392-4939-ad39-80c4c73dd84b:c1661, bd7b7fea-2a7b-4c3f-852f-c014e42bfcb7:c1661, 3b4aa678-22a6-4ae2-9c6a-0e71cdb9d6d0:c1661]
2019-07-10 03:37:23,816 INFO  client.GrpcClientProtocolClient (GrpcClientProtocolClient.java:onNext(255)) - client-8BD909272E8D->63cacea9-0392-4939-ad39-80c4c73dd84b: receive RaftClientReply:client-8BD909272E8D->63cacea9-0392-4939-ad39-80c4c73dd84b@group-EE6C16B6C358, cid=1197, SUCCESS, logIndex=1664, commits[63cacea9-0392-4939-ad39-80c4c73dd84b:c1665, bd7b7fea-2a7b-4c3f-852f-c014e42bfcb7:c1663, 3b4aa678-22a6-4ae2-9c6a-0e71cdb9d6d0:c1663]
2019-07-10 03:37:23,816 INFO  client.GrpcClientProtocolClient (GrpcClientProtocolClient.java:onNext(255)) - client-8BD909272E8D->63cacea9-0392-4939-ad39-80c4c73dd84b: receive RaftClientReply:client-8BD909272E8D->63cacea9-0392-4939-ad39-80c4c73dd84b@group-EE6C16B6C358, cid=1198, SUCCESS, logIndex=1665, commits[63cacea9-0392-4939-ad39-80c4c73dd84b:c1665, bd7b7fea-2a7b-4c3f-852f-c014e42bfcb7:c1663, 3b4aa678-22a6-4ae2-9c6a-0e71cdb9d6d0:c1663]
2019-07-10 03:37:23,817 INFO  client.GrpcClientProtocolClient (GrpcClientProtocolClient.java:onNext(255)) - client-8BD909272E8D->63cacea9-0392-4939-ad39-80c4c73dd84b: receive RaftClientReply:client-8BD909272E8D->63cacea9-0392-4939-ad39-80c4c73dd84b@group-EE6C16B6C358, cid=1199, SUCCESS, logIndex=1666, commits[63cacea9-0392-4939-ad39-80c4c73dd84b:c1667, bd7b7fea-2a7b-4c3f-852f-c014e42bfcb7:c1663, 3b4aa678-22a6-4ae2-9c6a-0e71cdb9d6d0:c1663]
2019-07-10 03:37:23,817 INFO  client.GrpcClientProtocolClient (GrpcClientProtocolClient.java:onNext(255)) - client-8BD909272E8D->63cacea9-0392-4939-ad39-80c4c73dd84b: receive RaftClientReply:client-8BD909272E8D->63cacea9-0392-4939-ad39-80c4c73dd84b@group-EE6C16B6C358, cid=1200, SUCCESS, logIndex=1667, commits[63cacea9-0392-4939-ad39-80c4c73dd84b:c1667, bd7b7fea-2a7b-4c3f-852f-c014e42bfcb7:c1663, 3b4aa678-22a6-4ae2-9c6a-0e71cdb9d6d0:c1663]
2019-07-10 03:37:23,832 INFO  client.GrpcClientProtocolClient (GrpcClientProtocolClient.java:onNext(255)) - client-8BD909272E8D->63cacea9-0392-4939-ad39-80c4c73dd84b: receive RaftClientReply:client-8BD909272E8D->63cacea9-0392-4939-ad39-80c4c73dd84b@group-EE6C16B6C358, cid=1201, SUCCESS, logIndex=0, commits[63cacea9-0392-4939-ad39-80c4c73dd84b:c1669, bd7b7fea-2a7b-4c3f-852f-c014e42bfcb7:c1665, 3b4aa678-22a6-4ae2-9c6a-0e71cdb9d6d0:c1665]
2019-07-10 03:37:23,845 INFO  client.GrpcClientProtocolClient (GrpcClientProtocolClient.java:onNext(255)) - client-8BD909272E8D->63cacea9-0392-4939-ad39-80c4c73dd84b: receive RaftClientReply:client-8BD909272E8D->63cacea9-0392-4939-ad39-80c4c73dd84b@group-EE6C16B6C358, cid=1202, SUCCESS, logIndex=1672, commits[63cacea9-0392-4939-ad39-80c4c73dd84b:c1673, bd7b7fea-2a7b-4c3f-852f-c014e42bfcb7:c1667, 3b4aa678-22a6-4ae2-9c6a-0e71cdb9d6d0:c1671]
2019-07-10 03:37:23,845 INFO  client.GrpcClientProtocolClient (GrpcClientProtocolClient.java:onNext(255)) - client-8BD909272E8D->63cacea9-0392-4939-ad39-80c4c73dd84b: receive RaftClientReply:client-8BD909272E8D->63cacea9-0392-4939-ad39-80c4c73dd84b@group-EE6C16B6C358, cid=1203, SUCCESS, logIndex=1673, commits[63cacea9-0392-4939-ad39-80c4c73dd84b:c1673, bd7b7fea-2a7b-4c3f-852f-c014e42bfcb7:c1671, 3b4aa678-22a6-4ae2-9c6a-0e71cdb9d6d0:c1671]
2019-07-10 03:37:23,858 INFO  client.GrpcClientProtocolClient (GrpcClientProtocolClient.java:onNext(255)) - client-8BD909272E8D->63cacea9-0392-4939-ad39-80c4c73dd84b: receive RaftClientReply:client-8BD909272E8D->63cacea9-0392-4939-ad39-80c4c73dd84b@group-EE6C16B6C358, cid=1204, SUCCESS, logIndex=1676, commits[63cacea9-0392-4939-ad39-80c4c73dd84b:c1677, bd7b7fea-2a7b-4c3f-852f-c014e42bfcb7:c1673, 3b4aa678-22a6-4ae2-9c6a-0e71cdb9d6d0:c1673]
2019-07-10 03:37:23,859 INFO  client.GrpcClientProtocolClient (GrpcClientProtocolClient.java:onNext(255)) - client-8BD909272E8D->63cacea9-0392-4939-ad39-80c4c73dd84b: receive RaftClientReply:client-8BD909272E8D->63cacea9-0392-4939-ad39-80c4c73dd84b@group-EE6C16B6C358, cid=1205, SUCCESS, logIndex=1677, commits[63cacea9-0392-4939-ad39-80c4c73dd84b:c1677, bd7b7fea-2a7b-4c3f-852f-c014e42bfcb7:c1673, 3b4aa678-22a6-4ae2-9c6a-0e71cdb9d6d0:c1673]
2019-07-10 03:37:23,873 INFO  client.GrpcClientProtocolClient (GrpcClientProtocolClient.java:onNext(255)) - client-8BD909272E8D->63cacea9-0392-4939-ad39-80c4c73dd84b: receive RaftClientReply:client-8BD909272E8D->63cacea9-0392-4939-ad39-80c4c73dd84b@group-EE6C16B6C358, cid=1206, SUCCESS, logIndex=0, commits[63cacea9-0392-4939-ad39-80c4c73dd84b:c1678, bd7b7fea-2a7b-4c3f-852f-c014e42bfcb7:c1677, 3b4aa678-22a6-4ae2-9c6a-0e71cdb9d6d0:c1677]
2019-07-10 03:37:23,894 INFO  client.GrpcClientProtocolClient (GrpcClientProtocolClient.java:onNext(255)) - client-8BD909272E8D->63cacea9-0392-4939-ad39-80c4c73dd84b: receive RaftClientReply:client-8BD909272E8D->63cacea9-0392-4939-ad39-80c4c73dd84b@group-EE6C16B6C358, cid=1207, SUCCESS, logIndex=1680, commits[63cacea9-0392-4939-ad39-80c4c73dd84b:c1681, bd7b7fea-2a7b-4c3f-852f-c014e42bfcb7:c1679, 3b4aa678-22a6-4ae2-9c6a-0e71cdb9d6d0:c1679]
2019-07-10 03:37:23,895 INFO  client.GrpcClientProtocolClient (GrpcClientProtocolClient.java:onNext(255)) - client-8BD909272E8D->63cacea9-0392-4939-ad39-80c4c73dd84b: receive RaftClientReply:client-8BD909272E8D->63cacea9-0392-4939-ad39-80c4c73dd84b@group-EE6C16B6C358, cid=1208, SUCCESS, logIndex=1681, commits[63cacea9-0392-4939-ad39-80c4c73dd84b:c1681, bd7b7fea-2a7b-4c3f-852f-c014e42bfcb7:c1679, 3b4aa678-22a6-4ae2-9c6a-0e71cdb9d6d0:c1679]
2019-07-10 03:37:23,895 INFO  client.GrpcClientProtocolClient (GrpcClientProtocolClient.java:onNext(255)) - client-8BD909272E8D->63cacea9-0392-4939-ad39-80c4c73dd84b: receive RaftClientReply:client-8BD909272E8D->63cacea9-0392-4939-ad39-80c4c73dd84b@group-EE6C16B6C358, cid=1209, SUCCESS, logIndex=1682, commits[63cacea9-0392-4939-ad39-80c4c73dd84b:c1683, bd7b7fea-2a7b-4c3f-852f-c014e42bfcb7:c1679, 3b4aa678-22a6-4ae2-9c6a-0e71cdb9d6d0:c1679]
2019-07-10 03:37:23,896 INFO  client.GrpcClientProtocolClient (GrpcClientProtocolClient.java:onNext(255)) - client-8BD909272E8D->63cacea9-0392-4939-ad39-80c4c73dd84b: receive RaftClientReply:client-8BD909272E8D->63cacea9-0392-4939-ad39-80c4c73dd84b@group-EE6C16B6C358, cid=1210, SUCCESS, logIndex=1683, commits[63cacea9-0392-4939-ad39-80c4c73dd84b:c1683, bd7b7fea-2a7b-4c3f-852f-c014e42bfcb7:c1679, 3b4aa678-22a6-4ae2-9c6a-0e71cdb9d6d0:c1679]
2019-07-10 03:37:23,909 INFO  client.GrpcClientProtocolClient (GrpcClientProtocolClient.java:onNext(255)) - client-8BD909272E8D->63cacea9-0392-4939-ad39-80c4c73dd84b: receive RaftClientReply:client-8BD909272E8D->63cacea9-0392-4939-ad39-80c4c73dd84b@group-EE6C16B6C358, cid=1211, SUCCESS, logIndex=0, commits[63cacea9-0392-4939-ad39-80c4c73dd84b:c1685, bd7b7fea-2a7b-4c3f-852f-c014e42bfcb7:c1681, 3b4aa678-22a6-4ae2-9c6a-0e71cdb9d6d0:c1681]
2019-07-10 03:37:23,937 INFO  client.GrpcClientProtocolClient (GrpcClientProtocolClient.java:onNext(255)) - client-8BD909272E8D->63cacea9-0392-4939-ad39-80c4c73dd84b: receive RaftClientReply:client-8BD909272E8D->63cacea9-0392-4939-ad39-80c4c73dd84b@group-EE6C16B6C358, cid=1212, SUCCESS, logIndex=1688, commits[63cacea9-0392-4939-ad39-80c4c73dd84b:c1689, bd7b7fea-2a7b-4c3f-852f-c014e42bfcb7:c1687, 3b4aa678-22a6-4ae2-9c6a-0e71cdb9d6d0:c1687]
2019-07-10 03:37:23,938 INFO  client.GrpcClientProtocolClient (GrpcClientProtocolClient.java:onNext(255)) - client-8BD909272E8D->63cacea9-0392-4939-ad39-80c4c73dd84b: receive RaftClientReply:client-8BD909272E8D->63cacea9-0392-4939-ad39-80c4c73dd84b@group-EE6C16B6C358, cid=1213, SUCCESS, logIndex=1689, commits[63cacea9-0392-4939-ad39-80c4c73dd84b:c1689, bd7b7fea-2a7b-4c3f-852f-c014e42bfcb7:c1687, 3b4aa678-22a6-4ae2-9c6a-0e71cdb9d6d0:c1687]
2019-07-10 03:37:23,952 INFO  client.GrpcClientProtocolClient (GrpcClientProtocolClient.java:onNext(255)) - client-8BD909272E8D->63cacea9-0392-4939-ad39-80c4c73dd84b: receive RaftClientReply:client-8BD909272E8D->63cacea9-0392-4939-ad39-80c4c73dd84b@group-EE6C16B6C358, cid=1214, SUCCESS, logIndex=1692, commits[63cacea9-0392-4939-ad39-80c4c73dd84b:c1693, bd7b7fea-2a7b-4c3f-852f-c014e42bfcb7:c1689, 3b4aa678-22a6-4ae2-9c6a-0e71cdb9d6d0:c1689]
2019-07-10 03:37:23,953 INFO  client.GrpcClientProtocolClient (GrpcClientProtocolClient.java:onNext(255)) - client-8BD909272E8D->63cacea9-0392-4939-ad39-80c4c73dd84b: receive RaftClientReply:client-8BD909272E8D->63cacea9-0392-4939-ad39-80c4c73dd84b@group-EE6C16B6C358, cid=1215, SUCCESS, logIndex=1693, commits[63cacea9-0392-4939-ad39-80c4c73dd84b:c1693, bd7b7fea-2a7b-4c3f-852f-c014e42bfcb7:c1689, 3b4aa678-22a6-4ae2-9c6a-0e71cdb9d6d0:c1689]
2019-07-10 03:37:23,971 INFO  client.GrpcClientProtocolClient (GrpcClientProtocolClient.java:onNext(255)) - client-8BD909272E8D->63cacea9-0392-4939-ad39-80c4c73dd84b: receive RaftClientReply:client-8BD909272E8D->63cacea9-0392-4939-ad39-80c4c73dd84b@group-EE6C16B6C358, cid=1216, SUCCESS, logIndex=0, commits[63cacea9-0392-4939-ad39-80c4c73dd84b:c1694, bd7b7fea-2a7b-4c3f-852f-c014e42bfcb7:c1693, 3b4aa678-22a6-4ae2-9c6a-0e71cdb9d6d0:c1693]
2019-07-10 03:37:23,991 INFO  client.GrpcClientProtocolClient (GrpcClientProtocolClient.java:onNext(255)) - client-8BD909272E8D->63cacea9-0392-4939-ad39-80c4c73dd84b: receive RaftClientReply:client-8BD909272E8D->63cacea9-0392-4939-ad39-80c4c73dd84b@group-EE6C16B6C358, cid=1217, SUCCESS, logIndex=1696, commits[63cacea9-0392-4939-ad39-80c4c73dd84b:c1698, bd7b7fea-2a7b-4c3f-852f-c014e42bfcb7:c1695, 3b4aa678-22a6-4ae2-9c6a-0e71cdb9d6d0:c1695]
2019-07-10 03:37:23,992 INFO  client.GrpcClientProtocolClient (GrpcClientProtocolClient.java:onNext(255)) - client-8BD909272E8D->63cacea9-0392-4939-ad39-80c4c73dd84b: receive RaftClientReply:client-8BD909272E8D->63cacea9-0392-4939-ad39-80c4c73dd84b@group-EE6C16B6C358, cid=1218, SUCCESS, logIndex=1697, commits[63cacea9-0392-4939-ad39-80c4c73dd84b:c1699, bd7b7fea-2a7b-4c3f-852f-c014e42bfcb7:c1695, 3b4aa678-22a6-4ae2-9c6a-0e71cdb9d6d0:c1695]
2019-07-10 03:37:23,992 INFO  client.GrpcClientProtocolClient (GrpcClientProtocolClient.java:onNext(255)) - client-8BD909272E8D->63cacea9-0392-4939-ad39-80c4c73dd84b: receive RaftClientReply:client-8BD909272E8D->63cacea9-0392-4939-ad39-80c4c73dd84b@group-EE6C16B6C358, cid=1219, SUCCESS, logIndex=1698, commits[63cacea9-0392-4939-ad39-80c4c73dd84b:c1699, bd7b7fea-2a7b-4c3f-852f-c014e42bfcb7:c1695, 3b4aa678-22a6-4ae2-9c6a-0e71cdb9d6d0:c1695]
2019-07-10 03:37:23,993 INFO  client.GrpcClientProtocolClient (GrpcClientProtocolClient.java:onNext(255)) - client-8BD909272E8D->63cacea9-0392-4939-ad39-80c4c73dd84b: receive RaftClientReply:client-8BD909272E8D->63cacea9-0392-4939-ad39-80c4c73dd84b@group-EE6C16B6C358, cid=1220, SUCCESS, logIndex=1699, commits[63cacea9-0392-4939-ad39-80c4c73dd84b:c1699, bd7b7fea-2a7b-4c3f-852f-c014e42bfcb7:c1695, 3b4aa678-22a6-4ae2-9c6a-0e71cdb9d6d0:c1695]
2019-07-10 03:37:24,006 INFO  client.GrpcClientProtocolClient (GrpcClientProtocolClient.java:onNext(255)) - client-8BD909272E8D->63cacea9-0392-4939-ad39-80c4c73dd84b: receive RaftClientReply:client-8BD909272E8D->63cacea9-0392-4939-ad39-80c4c73dd84b@group-EE6C16B6C358, cid=1221, SUCCESS, logIndex=0, commits[63cacea9-0392-4939-ad39-80c4c73dd84b:c1703, bd7b7fea-2a7b-4c3f-852f-c014e42bfcb7:c1699, 3b4aa678-22a6-4ae2-9c6a-0e71cdb9d6d0:c1697]
2019-07-10 03:37:24,025 INFO  client.GrpcClientProtocolClient (GrpcClientProtocolClient.java:onNext(255)) - client-8BD909272E8D->63cacea9-0392-4939-ad39-80c4c73dd84b: receive RaftClientReply:client-8BD909272E8D->63cacea9-0392-4939-ad39-80c4c73dd84b@group-EE6C16B6C358, cid=1222, SUCCESS, logIndex=1704, commits[63cacea9-0392-4939-ad39-80c4c73dd84b:c1705, bd7b7fea-2a7b-4c3f-852f-c014e42bfcb7:c1703, 3b4aa678-22a6-4ae2-9c6a-0e71cdb9d6d0:c1703]
2019-07-10 03:37:24,026 INFO  client.GrpcClientProtocolClient (GrpcClientProtocolClient.java:onNext(255)) - client-8BD909272E8D->63cacea9-0392-4939-ad39-80c4c73dd84b: receive RaftClientReply:client-8BD909272E8D->63cacea9-0392-4939-ad39-80c4c73dd84b@group-EE6C16B6C358, cid=1223, SUCCESS, logIndex=1705, commits[63cacea9-0392-4939-ad39-80c4c73dd84b:c1705, bd7b7fea-2a7b-4c3f-852f-c014e42bfcb7:c1703, 3b4aa678-22a6-4ae2-9c6a-0e71cdb9d6d0:c1703]
2019-07-10 03:37:24,041 INFO  client.GrpcClientProtocolClient (GrpcClientProtocolClient.java:onNext(255)) - client-8BD909272E8D->63cacea9-0392-4939-ad39-80c4c73dd84b: receive RaftClientReply:client-8BD909272E8D->63cacea9-0392-4939-ad39-80c4c73dd84b@group-EE6C16B6C358, cid=1224, SUCCESS, logIndex=1708, commits[63cacea9-0392-4939-ad39-80c4c73dd84b:c1708, bd7b7fea-2a7b-4c3f-852f-c014e42bfcb7:c1705, 3b4aa678-22a6-4ae2-9c6a-0e71cdb9d6d0:c1705]
2019-07-10 03:37:24,041 INFO  client.GrpcClientProtocolClient (GrpcClientProtocolClient.java:onNext(255)) - client-8BD909272E8D->63cacea9-0392-4939-ad39-80c4c73dd84b: receive RaftClientReply:client-8BD909272E8D->63cacea9-0392-4939-ad39-80c4c73dd84b@group-EE6C16B6C358, cid=1225, SUCCESS, logIndex=1709, commits[63cacea9-0392-4939-ad39-80c4c73dd84b:c1709, bd7b7fea-2a7b-4c3f-852f-c014e42bfcb7:c1705, 3b4aa678-22a6-4ae2-9c6a-0e71cdb9d6d0:c1705]
2019-07-10 03:37:24,055 INFO  client.GrpcClientProtocolClient (GrpcClientProtocolClient.java:onNext(255)) - client-8BD909272E8D->63cacea9-0392-4939-ad39-80c4c73dd84b: receive RaftClientReply:client-8BD909272E8D->63cacea9-0392-4939-ad39-80c4c73dd84b@group-EE6C16B6C358, cid=1226, SUCCESS, logIndex=0, commits[63cacea9-0392-4939-ad39-80c4c73dd84b:c1711, bd7b7fea-2a7b-4c3f-852f-c014e42bfcb7:c1709, 3b4aa678-22a6-4ae2-9c6a-0e71cdb9d6d0:c1709]
2019-07-10 03:37:24,076 INFO  client.GrpcClientProtocolClient (GrpcClientProtocolClient.java:onNext(255)) - client-8BD909272E8D->63cacea9-0392-4939-ad39-80c4c73dd84b: receive RaftClientReply:client-8BD909272E8D->63cacea9-0392-4939-ad39-80c4c73dd84b@group-EE6C16B6C358, cid=1227, SUCCESS, logIndex=1712, commits[63cacea9-0392-4939-ad39-80c4c73dd84b:c1714, bd7b7fea-2a7b-4c3f-852f-c014e42bfcb7:c1711, 3b4aa678-22a6-4ae2-9c6a-0e71cdb9d6d0:c1711]
2019-07-10 03:37:24,076 INFO  client.GrpcClientProtocolClient (GrpcClientProtocolClient.java:onNext(255)) - client-8BD909272E8D->63cacea9-0392-4939-ad39-80c4c73dd84b: receive RaftClientReply:client-8BD909272E8D->63cacea9-0392-4939-ad39-80c4c73dd84b@group-EE6C16B6C358, cid=1228, SUCCESS, logIndex=1713, commits[63cacea9-0392-4939-ad39-80c4c73dd84b:c1715, bd7b7fea-2a7b-4c3f-852f-c014e42bfcb7:c1711, 3b4aa678-22a6-4ae2-9c6a-0e71cdb9d6d0:c1711]
2019-07-10 03:37:24,077 INFO  client.GrpcClientProtocolClient (GrpcClientProtocolClient.java:onNext(255)) - client-8BD909272E8D->63cacea9-0392-4939-ad39-80c4c73dd84b: receive RaftClientReply:client-8BD909272E8D->63cacea9-0392-4939-ad39-80c4c73dd84b@group-EE6C16B6C358, cid=1229, SUCCESS, logIndex=1714, commits[63cacea9-0392-4939-ad39-80c4c73dd84b:c1715, bd7b7fea-2a7b-4c3f-852f-c014e42bfcb7:c1711, 3b4aa678-22a6-4ae2-9c6a-0e71cdb9d6d0:c1711]
2019-07-10 03:37:24,077 INFO  client.GrpcClientProtocolClient (GrpcClientProtocolClient.java:onNext(255)) - client-8BD909272E8D->63cacea9-0392-4939-ad39-80c4c73dd84b: receive RaftClientReply:client-8BD909272E8D->63cacea9-0392-4939-ad39-80c4c73dd84b@group-EE6C16B6C358, cid=1230, SUCCESS, logIndex=1715, commits[63cacea9-0392-4939-ad39-80c4c73dd84b:c1715, bd7b7fea-2a7b-4c3f-852f-c014e42bfcb7:c1711, 3b4aa678-22a6-4ae2-9c6a-0e71cdb9d6d0:c1711]
2019-07-10 03:37:24,090 INFO  client.GrpcClientProtocolClient (GrpcClientProtocolClient.java:onNext(255)) - client-8BD909272E8D->63cacea9-0392-4939-ad39-80c4c73dd84b: receive RaftClientReply:client-8BD909272E8D->63cacea9-0392-4939-ad39-80c4c73dd84b@group-EE6C16B6C358, cid=1231, SUCCESS, logIndex=0, commits[63cacea9-0392-4939-ad39-80c4c73dd84b:c1719, bd7b7fea-2a7b-4c3f-852f-c014e42bfcb7:c1715, 3b4aa678-22a6-4ae2-9c6a-0e71cdb9d6d0:c1713]
2019-07-10 03:37:24,110 INFO  client.GrpcClientProtocolClient (GrpcClientProtocolClient.java:onNext(255)) - client-8BD909272E8D->63cacea9-0392-4939-ad39-80c4c73dd84b: receive RaftClientReply:client-8BD909272E8D->63cacea9-0392-4939-ad39-80c4c73dd84b@group-EE6C16B6C358, cid=1232, SUCCESS, logIndex=1720, commits[63cacea9-0392-4939-ad39-80c4c73dd84b:c1721, bd7b7fea-2a7b-4c3f-852f-c014e42bfcb7:c1719, 3b4aa678-22a6-4ae2-9c6a-0e71cdb9d6d0:c1719]
2019-07-10 03:37:24,110 INFO  client.GrpcClientProtocolClient (GrpcClientProtocolClient.java:onNext(255)) - client-8BD909272E8D->63cacea9-0392-4939-ad39-80c4c73dd84b: receive RaftClientReply:client-8BD909272E8D->63cacea9-0392-4939-ad39-80c4c73dd84b@group-EE6C16B6C358, cid=1233, SUCCESS, logIndex=1721, commits[63cacea9-0392-4939-ad39-80c4c73dd84b:c1721, bd7b7fea-2a7b-4c3f-852f-c014e42bfcb7:c1719, 3b4aa678-22a6-4ae2-9c6a-0e71cdb9d6d0:c1719]
2019-07-10 03:37:24,123 INFO  client.GrpcClientProtocolClient (GrpcClientProtocolClient.java:onNext(255)) - client-8BD909272E8D->63cacea9-0392-4939-ad39-80c4c73dd84b: receive RaftClientReply:client-8BD909272E8D->63cacea9-0392-4939-ad39-80c4c73dd84b@group-EE6C16B6C358, cid=1234, SUCCESS, logIndex=1724, commits[63cacea9-0392-4939-ad39-80c4c73dd84b:c1725, bd7b7fea-2a7b-4c3f-852f-c014e42bfcb7:c1720, 3b4aa678-22a6-4ae2-9c6a-0e71cdb9d6d0:c1721]
2019-07-10 03:37:24,124 INFO  client.GrpcClientProtocolClient (GrpcClientProtocolClient.java:onNext(255)) - client-8BD909272E8D->63cacea9-0392-4939-ad39-80c4c73dd84b: receive RaftClientReply:client-8BD909272E8D->63cacea9-0392-4939-ad39-80c4c73dd84b@group-EE6C16B6C358, cid=1235, SUCCESS, logIndex=1725, commits[63cacea9-0392-4939-ad39-80c4c73dd84b:c1725, bd7b7fea-2a7b-4c3f-852f-c014e42bfcb7:c1721, 3b4aa678-22a6-4ae2-9c6a-0e71cdb9d6d0:c1721]
2019-07-10 03:37:24,137 INFO  client.GrpcClientProtocolClient (GrpcClientProtocolClient.java:onNext(255)) - client-8BD909272E8D->63cacea9-0392-4939-ad39-80c4c73dd84b: receive RaftClientReply:client-8BD909272E8D->63cacea9-0392-4939-ad39-80c4c73dd84b@group-EE6C16B6C358, cid=1236, SUCCESS, logIndex=0, commits[63cacea9-0392-4939-ad39-80c4c73dd84b:c1727, bd7b7fea-2a7b-4c3f-852f-c014e42bfcb7:c1725, 3b4aa678-22a6-4ae2-9c6a-0e71cdb9d6d0:c1725]
2019-07-10 03:37:24,178 INFO  client.GrpcClientProtocolClient (GrpcClientProtocolClient.java:onNext(255)) - client-8BD909272E8D->63cacea9-0392-4939-ad39-80c4c73dd84b: receive RaftClientReply:client-8BD909272E8D->63cacea9-0392-4939-ad39-80c4c73dd84b@group-EE6C16B6C358, cid=1237, SUCCESS, logIndex=1728, commits[63cacea9-0392-4939-ad39-80c4c73dd84b:c1729, bd7b7fea-2a7b-4c3f-852f-c014e42bfcb7:c1727, 3b4aa678-22a6-4ae2-9c6a-0e71cdb9d6d0:c1727]
2019-07-10 03:37:24,179 INFO  client.GrpcClientProtocolClient (GrpcClientProtocolClient.java:onNext(255)) - client-8BD909272E8D->63cacea9-0392-4939-ad39-80c4c73dd84b: receive RaftClientReply:client-8BD909272E8D->63cacea9-0392-4939-ad39-80c4c73dd84b@group-EE6C16B6C358, cid=1238, SUCCESS, logIndex=1729, commits[63cacea9-0392-4939-ad39-80c4c73dd84b:c1731, bd7b7fea-2a7b-4c3f-852f-c014e42bfcb7:c1727, 3b4aa678-22a6-4ae2-9c6a-0e71cdb9d6d0:c1727]
2019-07-10 03:37:24,179 INFO  client.GrpcClientProtocolClient (GrpcClientProtocolClient.java:onNext(255)) - client-8BD909272E8D->63cacea9-0392-4939-ad39-80c4c73dd84b: receive RaftClientReply:client-8BD909272E8D->63cacea9-0392-4939-ad39-80c4c73dd84b@group-EE6C16B6C358, cid=1239, SUCCESS, logIndex=1730, commits[63cacea9-0392-4939-ad39-80c4c73dd84b:c1731, bd7b7fea-2a7b-4c3f-852f-c014e42bfcb7:c1727, 3b4aa678-22a6-4ae2-9c6a-0e71cdb9d6d0:c1727]
2019-07-10 03:37:24,179 INFO  client.GrpcClientProtocolClient (GrpcClientProtocolClient.java:onNext(255)) - client-8BD909272E8D->63cacea9-0392-4939-ad39-80c4c73dd84b: receive RaftClientReply:client-8BD909272E8D->63cacea9-0392-4939-ad39-80c4c73dd84b@group-EE6C16B6C358, cid=1240, SUCCESS, logIndex=1731, commits[63cacea9-0392-4939-ad39-80c4c73dd84b:c1731, bd7b7fea-2a7b-4c3f-852f-c014e42bfcb7:c1727, 3b4aa678-22a6-4ae2-9c6a-0e71cdb9d6d0:c1727]
2019-07-10 03:37:24,181 INFO  client.GrpcClientProtocolClient (GrpcClientProtocolClient.java:onNext(255)) - client-8BD909272E8D->63cacea9-0392-4939-ad39-80c4c73dd84b: receive RaftClientReply:client-8BD909272E8D->63cacea9-0392-4939-ad39-80c4c73dd84b@group-EE6C16B6C358, cid=1241, SUCCESS, logIndex=0, commits[63cacea9-0392-4939-ad39-80c4c73dd84b:c1734, bd7b7fea-2a7b-4c3f-852f-c014e42bfcb7:c1729, 3b4aa678-22a6-4ae2-9c6a-0e71cdb9d6d0:c1731]
2019-07-10 03:37:24,205 INFO  client.GrpcClientProtocolClient (GrpcClientProtocolClient.java:onNext(255)) - client-8BD909272E8D->63cacea9-0392-4939-ad39-80c4c73dd84b: receive RaftClientReply:client-8BD909272E8D->63cacea9-0392-4939-ad39-80c4c73dd84b@group-EE6C16B6C358, cid=1242, SUCCESS, logIndex=1736, commits[63cacea9-0392-4939-ad39-80c4c73dd84b:c1737, bd7b7fea-2a7b-4c3f-852f-c014e42bfcb7:c1735, 3b4aa678-22a6-4ae2-9c6a-0e71cdb9d6d0:c1735]
2019-07-10 03:37:24,206 INFO  client.GrpcClientProtocolClient (GrpcClientProtocolClient.java:onNext(255)) - client-8BD909272E8D->63cacea9-0392-4939-ad39-80c4c73dd84b: receive RaftClientReply:client-8BD909272E8D->63cacea9-0392-4939-ad39-80c4c73dd84b@group-EE6C16B6C358, cid=1243, SUCCESS, logIndex=1737, commits[63cacea9-0392-4939-ad39-80c4c73dd84b:c1737, bd7b7fea-2a7b-4c3f-852f-c014e42bfcb7:c1735, 3b4aa678-22a6-4ae2-9c6a-0e71cdb9d6d0:c1735]
2019-07-10 03:37:24,227 INFO  client.GrpcClientProtocolClient (GrpcClientProtocolClient.java:onNext(255)) - client-8BD909272E8D->63cacea9-0392-4939-ad39-80c4c73dd84b: receive RaftClientReply:client-8BD909272E8D->63cacea9-0392-4939-ad39-80c4c73dd84b@group-EE6C16B6C358, cid=1244, SUCCESS, logIndex=1740, commits[63cacea9-0392-4939-ad39-80c4c73dd84b:c1741, bd7b7fea-2a7b-4c3f-852f-c014e42bfcb7:c1739, 3b4aa678-22a6-4ae2-9c6a-0e71cdb9d6d0:c1739]
2019-07-10 03:37:24,228 INFO  client.GrpcClientProtocolClient (GrpcClientProtocolClient.java:onNext(255)) - client-8BD909272E8D->63cacea9-0392-4939-ad39-80c4c73dd84b: receive RaftClientReply:client-8BD909272E8D->63cacea9-0392-4939-ad39-80c4c73dd84b@group-EE6C16B6C358, cid=1245, SUCCESS, logIndex=1741, commits[63cacea9-0392-4939-ad39-80c4c73dd84b:c1741, bd7b7fea-2a7b-4c3f-852f-c014e42bfcb7:c1739, 3b4aa678-22a6-4ae2-9c6a-0e71cdb9d6d0:c1739]
2019-07-10 03:37:24,239 INFO  client.GrpcClientProtocolClient (GrpcClientProtocolClient.java:onNext(255)) - client-8BD909272E8D->63cacea9-0392-4939-ad39-80c4c73dd84b: receive RaftClientReply:client-8BD909272E8D->63cacea9-0392-4939-ad39-80c4c73dd84b@group-EE6C16B6C358, cid=1246, SUCCESS, logIndex=0, commits[63cacea9-0392-4939-ad39-80c4c73dd84b:c1742, bd7b7fea-2a7b-4c3f-852f-c014e42bfcb7:c1741, 3b4aa678-22a6-4ae2-9c6a-0e71cdb9d6d0:c1741]
2019-07-10 03:37:24,287 INFO  client.GrpcClientProtocolClient (GrpcClientProtocolClient.java:onNext(255)) - client-8BD909272E8D->63cacea9-0392-4939-ad39-80c4c73dd84b: receive RaftClientReply:client-8BD909272E8D->63cacea9-0392-4939-ad39-80c4c73dd84b@group-EE6C16B6C358, cid=1247, SUCCESS, logIndex=1744, commits[63cacea9-0392-4939-ad39-80c4c73dd84b:c1747, bd7b7fea-2a7b-4c3f-852f-c014e42bfcb7:c1743, 3b4aa678-22a6-4ae2-9c6a-0e71cdb9d6d0:c1743]
2019-07-10 03:37:24,288 INFO  client.GrpcClientProtocolClient (GrpcClientProtocolClient.java:onNext(255)) - client-8BD909272E8D->63cacea9-0392-4939-ad39-80c4c73dd84b: receive RaftClientReply:client-8BD909272E8D->63cacea9-0392-4939-ad39-80c4c73dd84b@group-EE6C16B6C358, cid=1248, SUCCESS, logIndex=1745, commits[63cacea9-0392-4939-ad39-80c4c73dd84b:c1747, bd7b7fea-2a7b-4c3f-852f-c014e42bfcb7:c1743, 3b4aa678-22a6-4ae2-9c6a-0e71cdb9d6d0:c1743]
2019-07-10 03:37:24,288 INFO  client.GrpcClientProtocolClient (GrpcClientProtocolClient.java:onNext(255)) - client-8BD909272E8D->63cacea9-0392-4939-ad39-80c4c73dd84b: receive RaftClientReply:client-8BD909272E8D->63cacea9-0392-4939-ad39-80c4c73dd84b@group-EE6C16B6C358, cid=1249, SUCCESS, logIndex=1746, commits[63cacea9-0392-4939-ad39-80c4c73dd84b:c1747, bd7b7fea-2a7b-4c3f-852f-c014e42bfcb7:c1743, 3b4aa678-22a6-4ae2-9c6a-0e71cdb9d6d0:c1743]
2019-07-10 03:37:24,288 INFO  client.GrpcClientProtocolClient (GrpcClientProtocolClient.java:onNext(255)) - client-8BD909272E8D->63cacea9-0392-4939-ad39-80c4c73dd84b: receive RaftClientReply:client-8BD909272E8D->63cacea9-0392-4939-ad39-80c4c73dd84b@group-EE6C16B6C358, cid=1250, SUCCESS, logIndex=1747, commits[63cacea9-0392-4939-ad39-80c4c73dd84b:c1747, bd7b7fea-2a7b-4c3f-852f-c014e42bfcb7:c1743, 3b4aa678-22a6-4ae2-9c6a-0e71cdb9d6d0:c1744]
2019-07-10 03:37:24,290 INFO  client.GrpcClientProtocolClient (GrpcClientProtocolClient.java:onNext(255)) - client-8BD909272E8D->63cacea9-0392-4939-ad39-80c4c73dd84b: receive RaftClientReply:client-8BD909272E8D->63cacea9-0392-4939-ad39-80c4c73dd84b@group-EE6C16B6C358, cid=1251, SUCCESS, logIndex=0, commits[63cacea9-0392-4939-ad39-80c4c73dd84b:c1749, bd7b7fea-2a7b-4c3f-852f-c014e42bfcb7:c1745, 3b4aa678-22a6-4ae2-9c6a-0e71cdb9d6d0:c1745]
2019-07-10 03:37:24,311 INFO  client.GrpcClientProtocolClient (GrpcClientProtocolClient.java:onNext(255)) - client-8BD909272E8D->63cacea9-0392-4939-ad39-80c4c73dd84b: receive RaftClientReply:client-8BD909272E8D->63cacea9-0392-4939-ad39-80c4c73dd84b@group-EE6C16B6C358, cid=1252, SUCCESS, logIndex=1752, commits[63cacea9-0392-4939-ad39-80c4c73dd84b:c1753, bd7b7fea-2a7b-4c3f-852f-c014e42bfcb7:c1751, 3b4aa678-22a6-4ae2-9c6a-0e71cdb9d6d0:c1751]
2019-07-10 03:37:24,311 INFO  client.GrpcClientProtocolClient (GrpcClientProtocolClient.java:onNext(255)) - client-8BD909272E8D->63cacea9-0392-4939-ad39-80c4c73dd84b: receive RaftClientReply:client-8BD909272E8D->63cacea9-0392-4939-ad39-80c4c73dd84b@group-EE6C16B6C358, cid=1253, SUCCESS, logIndex=1753, commits[63cacea9-0392-4939-ad39-80c4c73dd84b:c1753, bd7b7fea-2a7b-4c3f-852f-c014e42bfcb7:c1751, 3b4aa678-22a6-4ae2-9c6a-0e71cdb9d6d0:c1751]
2019-07-10 03:37:24,325 INFO  client.GrpcClientProtocolClient (GrpcClientProtocolClient.java:onNext(255)) - client-8BD909272E8D->63cacea9-0392-4939-ad39-80c4c73dd84b: receive RaftClientReply:client-8BD909272E8D->63cacea9-0392-4939-ad39-80c4c73dd84b@group-EE6C16B6C358, cid=1254, SUCCESS, logIndex=1756, commits[63cacea9-0392-4939-ad39-80c4c73dd84b:c1757, bd7b7fea-2a7b-4c3f-852f-c014e42bfcb7:c1753, 3b4aa678-22a6-4ae2-9c6a-0e71cdb9d6d0:c1753]
2019-07-10 03:37:24,326 INFO  client.GrpcClientProtocolClient (GrpcClientProtocolClient.java:onNext(255)) - client-8BD909272E8D->63cacea9-0392-4939-ad39-80c4c73dd84b: receive RaftClientReply:client-8BD909272E8D->63cacea9-0392-4939-ad39-80c4c73dd84b@group-EE6C16B6C358, cid=1255, SUCCESS, logIndex=1757, commits[63cacea9-0392-4939-ad39-80c4c73dd84b:c1757, bd7b7fea-2a7b-4c3f-852f-c014e42bfcb7:c1753, 3b4aa678-22a6-4ae2-9c6a-0e71cdb9d6d0:c1753]
2019-07-10 03:37:24,340 INFO  client.GrpcClientProtocolClient (GrpcClientProtocolClient.java:onNext(255)) - client-8BD909272E8D->63cacea9-0392-4939-ad39-80c4c73dd84b: receive RaftClientReply:client-8BD909272E8D->63cacea9-0392-4939-ad39-80c4c73dd84b@group-EE6C16B6C358, cid=1256, SUCCESS, logIndex=0, commits[63cacea9-0392-4939-ad39-80c4c73dd84b:c1759, bd7b7fea-2a7b-4c3f-852f-c014e42bfcb7:c1757, 3b4aa678-22a6-4ae2-9c6a-0e71cdb9d6d0:c1757]
2019-07-10 03:37:24,367 INFO  client.GrpcClientProtocolClient (GrpcClientProtocolClient.java:onNext(255)) - client-8BD909272E8D->63cacea9-0392-4939-ad39-80c4c73dd84b: receive RaftClientReply:client-8BD909272E8D->63cacea9-0392-4939-ad39-80c4c73dd84b@group-EE6C16B6C358, cid=1257, SUCCESS, logIndex=1760, commits[63cacea9-0392-4939-ad39-80c4c73dd84b:c1762, bd7b7fea-2a7b-4c3f-852f-c014e42bfcb7:c1759, 3b4aa678-22a6-4ae2-9c6a-0e71cdb9d6d0:c1759]
2019-07-10 03:37:24,450 INFO  client.GrpcClientProtocolClient (GrpcClientProtocolClient.java:onNext(255)) - client-8BD909272E8D->63cacea9-0392-4939-ad39-80c4c73dd84b: receive RaftClientReply:client-8BD909272E8D->63cacea9-0392-4939-ad39-80c4c73dd84b@group-EE6C16B6C358, cid=1258, SUCCESS, logIndex=1761, commits[63cacea9-0392-4939-ad39-80c4c73dd84b:c1763, bd7b7fea-2a7b-4c3f-852f-c014e42bfcb7:c1759, 3b4aa678-22a6-4ae2-9c6a-0e71cdb9d6d0:c1759]
2019-07-10 03:37:24,451 INFO  client.GrpcClientProtocolClient (GrpcClientProtocolClient.java:onNext(255)) - client-8BD909272E8D->63cacea9-0392-4939-ad39-80c4c73dd84b: receive RaftClientReply:client-8BD909272E8D->63cacea9-0392-4939-ad39-80c4c73dd84b@group-EE6C16B6C358, cid=1259, SUCCESS, logIndex=1762, commits[63cacea9-0392-4939-ad39-80c4c73dd84b:c1764, bd7b7fea-2a7b-4c3f-852f-c014e42bfcb7:c1759, 3b4aa678-22a6-4ae2-9c6a-0e71cdb9d6d0:c1760]
2019-07-10 03:37:24,451 INFO  client.GrpcClientProtocolClient (GrpcClientProtocolClient.java:onNext(255)) - client-8BD909272E8D->63cacea9-0392-4939-ad39-80c4c73dd84b: receive RaftClientReply:client-8BD909272E8D->63cacea9-0392-4939-ad39-80c4c73dd84b@group-EE6C16B6C358, cid=1260, SUCCESS, logIndex=1763, commits[63cacea9-0392-4939-ad39-80c4c73dd84b:c1766, bd7b7fea-2a7b-4c3f-852f-c014e42bfcb7:c1759, 3b4aa678-22a6-4ae2-9c6a-0e71cdb9d6d0:c1763]
2019-07-10 03:37:24,470 INFO  client.GrpcClientProtocolClient (GrpcClientProtocolClient.java:onNext(255)) - client-8BD909272E8D->63cacea9-0392-4939-ad39-80c4c73dd84b: receive RaftClientReply:client-8BD909272E8D->63cacea9-0392-4939-ad39-80c4c73dd84b@group-EE6C16B6C358, cid=1261, SUCCESS, logIndex=0, commits[63cacea9-0392-4939-ad39-80c4c73dd84b:c1767, bd7b7fea-2a7b-4c3f-852f-c014e42bfcb7:c1761, 3b4aa678-22a6-4ae2-9c6a-0e71cdb9d6d0:c1763]
2019-07-10 03:37:24,491 INFO  client.GrpcClientProtocolClient (GrpcClientProtocolClient.java:onNext(255)) - client-8BD909272E8D->63cacea9-0392-4939-ad39-80c4c73dd84b: receive RaftClientReply:client-8BD909272E8D->63cacea9-0392-4939-ad39-80c4c73dd84b@group-EE6C16B6C358, cid=1262, SUCCESS, logIndex=1768, commits[63cacea9-0392-4939-ad39-80c4c73dd84b:c1769, bd7b7fea-2a7b-4c3f-852f-c014e42bfcb7:c1767, 3b4aa678-22a6-4ae2-9c6a-0e71cdb9d6d0:c1767]
2019-07-10 03:37:24,492 INFO  client.GrpcClientProtocolClient (GrpcClientProtocolClient.java:onNext(255)) - client-8BD909272E8D->63cacea9-0392-4939-ad39-80c4c73dd84b: receive RaftClientReply:client-8BD909272E8D->63cacea9-0392-4939-ad39-80c4c73dd84b@group-EE6C16B6C358, cid=1263, SUCCESS, logIndex=1769, commits[63cacea9-0392-4939-ad39-80c4c73dd84b:c1769, bd7b7fea-2a7b-4c3f-852f-c014e42bfcb7:c1767, 3b4aa678-22a6-4ae2-9c6a-0e71cdb9d6d0:c1767]
2019-07-10 03:37:24,516 INFO  client.GrpcClientProtocolClient (GrpcClientProtocolClient.java:onNext(255)) - client-8BD909272E8D->63cacea9-0392-4939-ad39-80c4c73dd84b: receive RaftClientReply:client-8BD909272E8D->63cacea9-0392-4939-ad39-80c4c73dd84b@group-EE6C16B6C358, cid=1264, SUCCESS, logIndex=1772, commits[63cacea9-0392-4939-ad39-80c4c73dd84b:c1773, bd7b7fea-2a7b-4c3f-852f-c014e42bfcb7:c1768, 3b4aa678-22a6-4ae2-9c6a-0e71cdb9d6d0:c1769]
2019-07-10 03:37:24,516 INFO  client.GrpcClientProtocolClient (GrpcClientProtocolClient.java:onNext(255)) - client-8BD909272E8D->63cacea9-0392-4939-ad39-80c4c73dd84b: receive RaftClientReply:client-8BD909272E8D->63cacea9-0392-4939-ad39-80c4c73dd84b@group-EE6C16B6C358, cid=1265, SUCCESS, logIndex=1773, commits[63cacea9-0392-4939-ad39-80c4c73dd84b:c1773, bd7b7fea-2a7b-4c3f-852f-c014e42bfcb7:c1769, 3b4aa678-22a6-4ae2-9c6a-0e71cdb9d6d0:c1769]
2019-07-10 03:37:24,533 INFO  client.GrpcClientProtocolClient (GrpcClientProtocolClient.java:onNext(255)) - client-8BD909272E8D->63cacea9-0392-4939-ad39-80c4c73dd84b: receive RaftClientReply:client-8BD909272E8D->63cacea9-0392-4939-ad39-80c4c73dd84b@group-EE6C16B6C358, cid=1266, SUCCESS, logIndex=0, commits[63cacea9-0392-4939-ad39-80c4c73dd84b:c1775, bd7b7fea-2a7b-4c3f-852f-c014e42bfcb7:c1773, 3b4aa678-22a6-4ae2-9c6a-0e71cdb9d6d0:c1773]
2019-07-10 03:37:24,562 INFO  client.GrpcClientProtocolClient (GrpcClientProtocolClient.java:onNext(255)) - client-8BD909272E8D->63cacea9-0392-4939-ad39-80c4c73dd84b: receive RaftClientReply:client-8BD909272E8D->63cacea9-0392-4939-ad39-80c4c73dd84b@group-EE6C16B6C358, cid=1267, SUCCESS, logIndex=1776, commits[63cacea9-0392-4939-ad39-80c4c73dd84b:c1777, bd7b7fea-2a7b-4c3f-852f-c014e42bfcb7:c1775, 3b4aa678-22a6-4ae2-9c6a-0e71cdb9d6d0:c1775]
2019-07-10 03:37:24,562 INFO  client.GrpcClientProtocolClient (GrpcClientProtocolClient.java:onNext(255)) - client-8BD909272E8D->63cacea9-0392-4939-ad39-80c4c73dd84b: receive RaftClientReply:client-8BD909272E8D->63cacea9-0392-4939-ad39-80c4c73dd84b@group-EE6C16B6C358, cid=1268, SUCCESS, logIndex=1777, commits[63cacea9-0392-4939-ad39-80c4c73dd84b:c1777, bd7b7fea-2a7b-4c3f-852f-c014e42bfcb7:c1775, 3b4aa678-22a6-4ae2-9c6a-0e71cdb9d6d0:c1775]
2019-07-10 03:37:24,562 INFO  client.GrpcClientProtocolClient (GrpcClientProtocolClient.java:onNext(255)) - client-8BD909272E8D->63cacea9-0392-4939-ad39-80c4c73dd84b: receive RaftClientReply:client-8BD909272E8D->63cacea9-0392-4939-ad39-80c4c73dd84b@group-EE6C16B6C358, cid=1269, SUCCESS, logIndex=1778, commits[63cacea9-0392-4939-ad39-80c4c73dd84b:c1779, bd7b7fea-2a7b-4c3f-852f-c014e42bfcb7:c1775, 3b4aa678-22a6-4ae2-9c6a-0e71cdb9d6d0:c1775]
2019-07-10 03:37:24,563 INFO  client.GrpcClientProtocolClient (GrpcClientProtocolClient.java:onNext(255)) - client-8BD909272E8D->63cacea9-0392-4939-ad39-80c4c73dd84b: receive RaftClientReply:client-8BD909272E8D->63cacea9-0392-4939-ad39-80c4c73dd84b@group-EE6C16B6C358, cid=1270, SUCCESS, logIndex=1779, commits[63cacea9-0392-4939-ad39-80c4c73dd84b:c1779, bd7b7fea-2a7b-4c3f-852f-c014e42bfcb7:c1775, 3b4aa678-22a6-4ae2-9c6a-0e71cdb9d6d0:c1775]
2019-07-10 03:37:24,576 INFO  client.GrpcClientProtocolClient (GrpcClientProtocolClient.java:onNext(255)) - client-8BD909272E8D->63cacea9-0392-4939-ad39-80c4c73dd84b: receive RaftClientReply:client-8BD909272E8D->63cacea9-0392-4939-ad39-80c4c73dd84b@group-EE6C16B6C358, cid=1271, SUCCESS, logIndex=0, commits[63cacea9-0392-4939-ad39-80c4c73dd84b:c1781, bd7b7fea-2a7b-4c3f-852f-c014e42bfcb7:c1777, 3b4aa678-22a6-4ae2-9c6a-0e71cdb9d6d0:c1777]
2019-07-10 03:37:24,596 INFO  client.GrpcClientProtocolClient (GrpcClientProtocolClient.java:onNext(255)) - client-8BD909272E8D->63cacea9-0392-4939-ad39-80c4c73dd84b: receive RaftClientReply:client-8BD909272E8D->63cacea9-0392-4939-ad39-80c4c73dd84b@group-EE6C16B6C358, cid=1272, SUCCESS, logIndex=1784, commits[63cacea9-0392-4939-ad39-80c4c73dd84b:c1785, bd7b7fea-2a7b-4c3f-852f-c014e42bfcb7:c1783, 3b4aa678-22a6-4ae2-9c6a-0e71cdb9d6d0:c1783]
2019-07-10 03:37:24,597 INFO  client.GrpcClientProtocolClient (GrpcClientProtocolClient.java:onNext(255)) - client-8BD909272E8D->63cacea9-0392-4939-ad39-80c4c73dd84b: receive RaftClientReply:client-8BD909272E8D->63cacea9-0392-4939-ad39-80c4c73dd84b@group-EE6C16B6C358, cid=1273, SUCCESS, logIndex=1785, commits[63cacea9-0392-4939-ad39-80c4c73dd84b:c1785, bd7b7fea-2a7b-4c3f-852f-c014e42bfcb7:c1783, 3b4aa678-22a6-4ae2-9c6a-0e71cdb9d6d0:c1783]
2019-07-10 03:37:24,621 INFO  client.GrpcClientProtocolClient (GrpcClientProtocolClient.java:onNext(255)) - client-8BD909272E8D->63cacea9-0392-4939-ad39-80c4c73dd84b: receive RaftClientReply:client-8BD909272E8D->63cacea9-0392-4939-ad39-80c4c73dd84b@group-EE6C16B6C358, cid=1274, SUCCESS, logIndex=1788, commits[63cacea9-0392-4939-ad39-80c4c73dd84b:c1789, bd7b7fea-2a7b-4c3f-852f-c014e42bfcb7:c1785, 3b4aa678-22a6-4ae2-9c6a-0e71cdb9d6d0:c1785]
2019-07-10 03:37:24,621 INFO  client.GrpcClientProtocolClient (GrpcClientProtocolClient.java:onNext(255)) - client-8BD909272E8D->63cacea9-0392-4939-ad39-80c4c73dd84b: receive RaftClientReply:client-8BD909272E8D->63cacea9-0392-4939-ad39-80c4c73dd84b@group-EE6C16B6C358, cid=1275, SUCCESS, logIndex=1789, commits[63cacea9-0392-4939-ad39-80c4c73dd84b:c1789, bd7b7fea-2a7b-4c3f-852f-c014e42bfcb7:c1785, 3b4aa678-22a6-4ae2-9c6a-0e71cdb9d6d0:c1785]
2019-07-10 03:37:24,624 INFO  client.GrpcClientProtocolClient (GrpcClientProtocolClient.java:onNext(255)) - client-8BD909272E8D->63cacea9-0392-4939-ad39-80c4c73dd84b: receive RaftClientReply:client-8BD909272E8D->63cacea9-0392-4939-ad39-80c4c73dd84b@group-EE6C16B6C358, cid=1276, SUCCESS, logIndex=0, commits[63cacea9-0392-4939-ad39-80c4c73dd84b:c1790, bd7b7fea-2a7b-4c3f-852f-c014e42bfcb7:c1789, 3b4aa678-22a6-4ae2-9c6a-0e71cdb9d6d0:c1789]
2019-07-10 03:37:24,656 INFO  client.GrpcClientProtocolClient (GrpcClientProtocolClient.java:onNext(255)) - client-8BD909272E8D->63cacea9-0392-4939-ad39-80c4c73dd84b: receive RaftClientReply:client-8BD909272E8D->63cacea9-0392-4939-ad39-80c4c73dd84b@group-EE6C16B6C358, cid=1277, SUCCESS, logIndex=1792, commits[63cacea9-0392-4939-ad39-80c4c73dd84b:c1793, bd7b7fea-2a7b-4c3f-852f-c014e42bfcb7:c1791, 3b4aa678-22a6-4ae2-9c6a-0e71cdb9d6d0:c1791]
2019-07-10 03:37:24,656 INFO  client.GrpcClientProtocolClient (GrpcClientProtocolClient.java:onNext(255)) - client-8BD909272E8D->63cacea9-0392-4939-ad39-80c4c73dd84b: receive RaftClientReply:client-8BD909272E8D->63cacea9-0392-4939-ad39-80c4c73dd84b@group-EE6C16B6C358, cid=1278, SUCCESS, logIndex=1793, commits[63cacea9-0392-4939-ad39-80c4c73dd84b:c1794, bd7b7fea-2a7b-4c3f-852f-c014e42bfcb7:c1791, 3b4aa678-22a6-4ae2-9c6a-0e71cdb9d6d0:c1791]
2019-07-10 03:37:24,657 INFO  client.GrpcClientProtocolClient (GrpcClientProtocolClient.java:onNext(255)) - client-8BD909272E8D->63cacea9-0392-4939-ad39-80c4c73dd84b: receive RaftClientReply:client-8BD909272E8D->63cacea9-0392-4939-ad39-80c4c73dd84b@group-EE6C16B6C358, cid=1279, SUCCESS, logIndex=1794, commits[63cacea9-0392-4939-ad39-80c4c73dd84b:c1795, bd7b7fea-2a7b-4c3f-852f-c014e42bfcb7:c1791, 3b4aa678-22a6-4ae2-9c6a-0e71cdb9d6d0:c1791]
2019-07-10 03:37:24,657 INFO  client.GrpcClientProtocolClient (GrpcClientProtocolClient.java:onNext(255)) - client-8BD909272E8D->63cacea9-0392-4939-ad39-80c4c73dd84b: receive RaftClientReply:client-8BD909272E8D->63cacea9-0392-4939-ad39-80c4c73dd84b@group-EE6C16B6C358, cid=1280, SUCCESS, logIndex=1795, commits[63cacea9-0392-4939-ad39-80c4c73dd84b:c1795, bd7b7fea-2a7b-4c3f-852f-c014e42bfcb7:c1791, 3b4aa678-22a6-4ae2-9c6a-0e71cdb9d6d0:c1791]
2019-07-10 03:37:24,660 INFO  client.GrpcClientProtocolClient (GrpcClientProtocolClient.java:onNext(255)) - client-8BD909272E8D->63cacea9-0392-4939-ad39-80c4c73dd84b: receive RaftClientReply:client-8BD909272E8D->63cacea9-0392-4939-ad39-80c4c73dd84b@group-EE6C16B6C358, cid=1281, SUCCESS, logIndex=0, commits[63cacea9-0392-4939-ad39-80c4c73dd84b:c1797, bd7b7fea-2a7b-4c3f-852f-c014e42bfcb7:c1793, 3b4aa678-22a6-4ae2-9c6a-0e71cdb9d6d0:c1793]
2019-07-10 03:37:24,672 INFO  client.GrpcClientProtocolClient (GrpcClientProtocolClient.java:onNext(255)) - client-8BD909272E8D->63cacea9-0392-4939-ad39-80c4c73dd84b: receive RaftClientReply:client-8BD909272E8D->63cacea9-0392-4939-ad39-80c4c73dd84b@group-EE6C16B6C358, cid=1282, SUCCESS, logIndex=1800, commits[63cacea9-0392-4939-ad39-80c4c73dd84b:c1801, bd7b7fea-2a7b-4c3f-852f-c014e42bfcb7:c1799, 3b4aa678-22a6-4ae2-9c6a-0e71cdb9d6d0:c1799]
2019-07-10 03:37:24,673 INFO  client.GrpcClientProtocolClient (GrpcClientProtocolClient.java:onNext(255)) - client-8BD909272E8D->63cacea9-0392-4939-ad39-80c4c73dd84b: receive RaftClientReply:client-8BD909272E8D->63cacea9-0392-4939-ad39-80c4c73dd84b@group-EE6C16B6C358, cid=1283, SUCCESS, logIndex=1801, commits[63cacea9-0392-4939-ad39-80c4c73dd84b:c1801, bd7b7fea-2a7b-4c3f-852f-c014e42bfcb7:c1799, 3b4aa678-22a6-4ae2-9c6a-0e71cdb9d6d0:c1799]
2019-07-10 03:37:24,684 INFO  client.GrpcClientProtocolClient (GrpcClientProtocolClient.java:onNext(255)) - client-8BD909272E8D->63cacea9-0392-4939-ad39-80c4c73dd84b: receive RaftClientReply:client-8BD909272E8D->63cacea9-0392-4939-ad39-80c4c73dd84b@group-EE6C16B6C358, cid=1284, SUCCESS, logIndex=1804, commits[63cacea9-0392-4939-ad39-80c4c73dd84b:c1805, bd7b7fea-2a7b-4c3f-852f-c014e42bfcb7:c1803, 3b4aa678-22a6-4ae2-9c6a-0e71cdb9d6d0:c1801]
2019-07-10 03:37:24,685 INFO  client.GrpcClientProtocolClient (GrpcClientProtocolClient.java:onNext(255)) - client-8BD909272E8D->63cacea9-0392-4939-ad39-80c4c73dd84b: receive RaftClientReply:client-8BD909272E8D->63cacea9-0392-4939-ad39-80c4c73dd84b@group-EE6C16B6C358, cid=1285, SUCCESS, logIndex=1805, commits[63cacea9-0392-4939-ad39-80c4c73dd84b:c1805, bd7b7fea-2a7b-4c3f-852f-c014e42bfcb7:c1803, 3b4aa678-22a6-4ae2-9c6a-0e71cdb9d6d0:c1803]
2019-07-10 03:37:24,687 INFO  client.GrpcClientProtocolClient (GrpcClientProtocolClient.java:onNext(255)) - client-8BD909272E8D->63cacea9-0392-4939-ad39-80c4c73dd84b: receive RaftClientReply:client-8BD909272E8D->63cacea9-0392-4939-ad39-80c4c73dd84b@group-EE6C16B6C358, cid=1286, SUCCESS, logIndex=0, commits[63cacea9-0392-4939-ad39-80c4c73dd84b:c1806, bd7b7fea-2a7b-4c3f-852f-c014e42bfcb7:c1805, 3b4aa678-22a6-4ae2-9c6a-0e71cdb9d6d0:c1805]
2019-07-10 03:37:24,720 INFO  client.GrpcClientProtocolClient (GrpcClientProtocolClient.java:onNext(255)) - client-8BD909272E8D->63cacea9-0392-4939-ad39-80c4c73dd84b: receive RaftClientReply:client-8BD909272E8D->63cacea9-0392-4939-ad39-80c4c73dd84b@group-EE6C16B6C358, cid=1287, SUCCESS, logIndex=1808, commits[63cacea9-0392-4939-ad39-80c4c73dd84b:c1809, bd7b7fea-2a7b-4c3f-852f-c014e42bfcb7:c1807, 3b4aa678-22a6-4ae2-9c6a-0e71cdb9d6d0:c1807]
2019-07-10 03:37:24,721 INFO  client.GrpcClientProtocolClient (GrpcClientProtocolClient.java:onNext(255)) - client-8BD909272E8D->63cacea9-0392-4939-ad39-80c4c73dd84b: receive RaftClientReply:client-8BD909272E8D->63cacea9-0392-4939-ad39-80c4c73dd84b@group-EE6C16B6C358, cid=1288, SUCCESS, logIndex=1809, commits[63cacea9-0392-4939-ad39-80c4c73dd84b:c1809, bd7b7fea-2a7b-4c3f-852f-c014e42bfcb7:c1807, 3b4aa678-22a6-4ae2-9c6a-0e71cdb9d6d0:c1807]
2019-07-10 03:37:24,723 INFO  client.GrpcClientProtocolClient (GrpcClientProtocolClient.java:onNext(255)) - client-8BD909272E8D->63cacea9-0392-4939-ad39-80c4c73dd84b: receive RaftClientReply:client-8BD909272E8D->63cacea9-0392-4939-ad39-80c4c73dd84b@group-EE6C16B6C358, cid=1289, SUCCESS, logIndex=1810, commits[63cacea9-0392-4939-ad39-80c4c73dd84b:c1811, bd7b7fea-2a7b-4c3f-852f-c014e42bfcb7:c1807, 3b4aa678-22a6-4ae2-9c6a-0e71cdb9d6d0:c1807]
2019-07-10 03:37:24,723 INFO  client.GrpcClientProtocolClient (GrpcClientProtocolClient.java:onNext(255)) - client-8BD909272E8D->63cacea9-0392-4939-ad39-80c4c73dd84b: receive RaftClientReply:client-8BD909272E8D->63cacea9-0392-4939-ad39-80c4c73dd84b@group-EE6C16B6C358, cid=1290, SUCCESS, logIndex=1811, commits[63cacea9-0392-4939-ad39-80c4c73dd84b:c1811, bd7b7fea-2a7b-4c3f-852f-c014e42bfcb7:c1807, 3b4aa678-22a6-4ae2-9c6a-0e71cdb9d6d0:c1807]
 0.00% |█                                                                                                    |  0/1 Time: 0:00:072019-07-10 03:37:24,734 INFO  client.GrpcClientProtocolClient (GrpcClientProtocolClient.java:onNext(255)) - client-8BD909272E8D->63cacea9-0392-4939-ad39-80c4c73dd84b: receive RaftClientReply:client-8BD909272E8D->63cacea9-0392-4939-ad39-80c4c73dd84b@group-EE6C16B6C358, cid=1291, SUCCESS, logIndex=0, commits[63cacea9-0392-4939-ad39-80c4c73dd84b:c1813, bd7b7fea-2a7b-4c3f-852f-c014e42bfcb7:c1809, 3b4aa678-22a6-4ae2-9c6a-0e71cdb9d6d0:c1809]
2019-07-10 03:37:24,753 INFO  client.GrpcClientProtocolClient (GrpcClientProtocolClient.java:onNext(255)) - client-8BD909272E8D->63cacea9-0392-4939-ad39-80c4c73dd84b: receive RaftClientReply:client-8BD909272E8D->63cacea9-0392-4939-ad39-80c4c73dd84b@group-EE6C16B6C358, cid=1292, SUCCESS, logIndex=1815, commits[63cacea9-0392-4939-ad39-80c4c73dd84b:c1816, bd7b7fea-2a7b-4c3f-852f-c014e42bfcb7:c1814, 3b4aa678-22a6-4ae2-9c6a-0e71cdb9d6d0:c1814]
2019-07-10 03:37:24,753 INFO  client.GrpcClientProtocolClient (GrpcClientProtocolClient.java:onNext(255)) - client-8BD909272E8D->63cacea9-0392-4939-ad39-80c4c73dd84b: receive RaftClientReply:client-8BD909272E8D->63cacea9-0392-4939-ad39-80c4c73dd84b@group-EE6C16B6C358, cid=1293, SUCCESS, logIndex=1816, commits[63cacea9-0392-4939-ad39-80c4c73dd84b:c1816, bd7b7fea-2a7b-4c3f-852f-c014e42bfcb7:c1814, 3b4aa678-22a6-4ae2-9c6a-0e71cdb9d6d0:c1814]
2019-07-10 03:37:24,766 INFO  client.GrpcClientProtocolClient (GrpcClientProtocolClient.java:onNext(255)) - client-8BD909272E8D->63cacea9-0392-4939-ad39-80c4c73dd84b: receive RaftClientReply:client-8BD909272E8D->63cacea9-0392-4939-ad39-80c4c73dd84b@group-EE6C16B6C358, cid=1294, SUCCESS, logIndex=1819, commits[63cacea9-0392-4939-ad39-80c4c73dd84b:c1819, bd7b7fea-2a7b-4c3f-852f-c014e42bfcb7:c1816, 3b4aa678-22a6-4ae2-9c6a-0e71cdb9d6d0:c1816]
2019-07-10 03:37:24,766 INFO  client.GrpcClientProtocolClient (GrpcClientProtocolClient.java:onNext(255)) - client-8BD909272E8D->63cacea9-0392-4939-ad39-80c4c73dd84b: receive RaftClientReply:client-8BD909272E8D->63cacea9-0392-4939-ad39-80c4c73dd84b@group-EE6C16B6C358, cid=1295, SUCCESS, logIndex=1820, commits[63cacea9-0392-4939-ad39-80c4c73dd84b:c1820, bd7b7fea-2a7b-4c3f-852f-c014e42bfcb7:c1816, 3b4aa678-22a6-4ae2-9c6a-0e71cdb9d6d0:c1816]
2019-07-10 03:37:24,780 INFO  client.GrpcClientProtocolClient (GrpcClientProtocolClient.java:onNext(255)) - client-8BD909272E8D->63cacea9-0392-4939-ad39-80c4c73dd84b: receive RaftClientReply:client-8BD909272E8D->63cacea9-0392-4939-ad39-80c4c73dd84b@group-EE6C16B6C358, cid=1296, SUCCESS, logIndex=0, commits[63cacea9-0392-4939-ad39-80c4c73dd84b:c1822, bd7b7fea-2a7b-4c3f-852f-c014e42bfcb7:c1820, 3b4aa678-22a6-4ae2-9c6a-0e71cdb9d6d0:c1820]
2019-07-10 03:37:24,808 INFO  client.GrpcClientProtocolClient (GrpcClientProtocolClient.java:onNext(255)) - client-8BD909272E8D->63cacea9-0392-4939-ad39-80c4c73dd84b: receive RaftClientReply:client-8BD909272E8D->63cacea9-0392-4939-ad39-80c4c73dd84b@group-EE6C16B6C358, cid=1297, SUCCESS, logIndex=1823, commits[63cacea9-0392-4939-ad39-80c4c73dd84b:c1824, bd7b7fea-2a7b-4c3f-852f-c014e42bfcb7:c1820, 3b4aa678-22a6-4ae2-9c6a-0e71cdb9d6d0:c1822]
2019-07-10 03:37:24,808 INFO  client.GrpcClientProtocolClient (GrpcClientProtocolClient.java:onNext(255)) - client-8BD909272E8D->63cacea9-0392-4939-ad39-80c4c73dd84b: receive RaftClientReply:client-8BD909272E8D->63cacea9-0392-4939-ad39-80c4c73dd84b@group-EE6C16B6C358, cid=1298, SUCCESS, logIndex=1824, commits[63cacea9-0392-4939-ad39-80c4c73dd84b:c1824, bd7b7fea-2a7b-4c3f-852f-c014e42bfcb7:c1820, 3b4aa678-22a6-4ae2-9c6a-0e71cdb9d6d0:c1822]
2019-07-10 03:37:24,820 INFO  client.GrpcClientProtocolClient (GrpcClientProtocolClient.java:onNext(255)) - client-8BD909272E8D->63cacea9-0392-4939-ad39-80c4c73dd84b: receive RaftClientReply:client-8BD909272E8D->63cacea9-0392-4939-ad39-80c4c73dd84b@group-EE6C16B6C358, cid=1299, SUCCESS, logIndex=1825, commits[63cacea9-0392-4939-ad39-80c4c73dd84b:c1826, bd7b7fea-2a7b-4c3f-852f-c014e42bfcb7:c1822, 3b4aa678-22a6-4ae2-9c6a-0e71cdb9d6d0:c1822]
2019-07-10 03:37:24,821 INFO  client.GrpcClientProtocolClient (GrpcClientProtocolClient.java:onNext(255)) - client-8BD909272E8D->63cacea9-0392-4939-ad39-80c4c73dd84b: receive RaftClientReply:client-8BD909272E8D->63cacea9-0392-4939-ad39-80c4c73dd84b@group-EE6C16B6C358, cid=1300, SUCCESS, logIndex=1826, commits[63cacea9-0392-4939-ad39-80c4c73dd84b:c1826, bd7b7fea-2a7b-4c3f-852f-c014e42bfcb7:c1822, 3b4aa678-22a6-4ae2-9c6a-0e71cdb9d6d0:c1822]
2019-07-10 03:37:24,824 INFO  client.GrpcClientProtocolClient (GrpcClientProtocolClient.java:onNext(255)) - client-8BD909272E8D->63cacea9-0392-4939-ad39-80c4c73dd84b: receive RaftClientReply:client-8BD909272E8D->63cacea9-0392-4939-ad39-80c4c73dd84b@group-EE6C16B6C358, cid=1301, SUCCESS, logIndex=0, commits[63cacea9-0392-4939-ad39-80c4c73dd84b:c1828, bd7b7fea-2a7b-4c3f-852f-c014e42bfcb7:c1824, 3b4aa678-22a6-4ae2-9c6a-0e71cdb9d6d0:c1824]
2019-07-10 03:37:24,836 INFO  client.GrpcClientProtocolClient (GrpcClientProtocolClient.java:onNext(255)) - client-8BD909272E8D->63cacea9-0392-4939-ad39-80c4c73dd84b: receive RaftClientReply:client-8BD909272E8D->63cacea9-0392-4939-ad39-80c4c73dd84b@group-EE6C16B6C358, cid=1302, SUCCESS, logIndex=1831, commits[63cacea9-0392-4939-ad39-80c4c73dd84b:c1832, bd7b7fea-2a7b-4c3f-852f-c014e42bfcb7:c1828, 3b4aa678-22a6-4ae2-9c6a-0e71cdb9d6d0:c1826]
2019-07-10 03:37:24,836 INFO  client.GrpcClientProtocolClient (GrpcClientProtocolClient.java:onNext(255)) - client-8BD909272E8D->63cacea9-0392-4939-ad39-80c4c73dd84b: receive RaftClientReply:client-8BD909272E8D->63cacea9-0392-4939-ad39-80c4c73dd84b@group-EE6C16B6C358, cid=1303, SUCCESS, logIndex=1832, commits[63cacea9-0392-4939-ad39-80c4c73dd84b:c1832, bd7b7fea-2a7b-4c3f-852f-c014e42bfcb7:c1828, 3b4aa678-22a6-4ae2-9c6a-0e71cdb9d6d0:c1828]
2019-07-10 03:37:24,856 INFO  client.GrpcClientProtocolClient (GrpcClientProtocolClient.java:onNext(255)) - client-8BD909272E8D->63cacea9-0392-4939-ad39-80c4c73dd84b: receive RaftClientReply:client-8BD909272E8D->63cacea9-0392-4939-ad39-80c4c73dd84b@group-EE6C16B6C358, cid=1304, SUCCESS, logIndex=1835, commits[63cacea9-0392-4939-ad39-80c4c73dd84b:c1836, bd7b7fea-2a7b-4c3f-852f-c014e42bfcb7:c1834, 3b4aa678-22a6-4ae2-9c6a-0e71cdb9d6d0:c1834]
2019-07-10 03:37:24,857 INFO  client.GrpcClientProtocolClient (GrpcClientProtocolClient.java:onNext(255)) - client-8BD909272E8D->63cacea9-0392-4939-ad39-80c4c73dd84b: receive RaftClientReply:client-8BD909272E8D->63cacea9-0392-4939-ad39-80c4c73dd84b@group-EE6C16B6C358, cid=1305, SUCCESS, logIndex=1836, commits[63cacea9-0392-4939-ad39-80c4c73dd84b:c1836, bd7b7fea-2a7b-4c3f-852f-c014e42bfcb7:c1834, 3b4aa678-22a6-4ae2-9c6a-0e71cdb9d6d0:c1834]
2019-07-10 03:37:24,883 INFO  client.GrpcClientProtocolClient (GrpcClientProtocolClient.java:onNext(255)) - client-8BD909272E8D->63cacea9-0392-4939-ad39-80c4c73dd84b: receive RaftClientReply:client-8BD909272E8D->63cacea9-0392-4939-ad39-80c4c73dd84b@group-EE6C16B6C358, cid=1306, SUCCESS, logIndex=0, commits[63cacea9-0392-4939-ad39-80c4c73dd84b:c1838, bd7b7fea-2a7b-4c3f-852f-c014e42bfcb7:c1836, 3b4aa678-22a6-4ae2-9c6a-0e71cdb9d6d0:c1836]
2019-07-10 03:37:24,913 INFO  client.GrpcClientProtocolClient (GrpcClientProtocolClient.java:onNext(255)) - client-8BD909272E8D->63cacea9-0392-4939-ad39-80c4c73dd84b: receive RaftClientReply:client-8BD909272E8D->63cacea9-0392-4939-ad39-80c4c73dd84b@group-EE6C16B6C358, cid=1307, SUCCESS, logIndex=1839, commits[63cacea9-0392-4939-ad39-80c4c73dd84b:c1840, bd7b7fea-2a7b-4c3f-852f-c014e42bfcb7:c1838, 3b4aa678-22a6-4ae2-9c6a-0e71cdb9d6d0:c1838]
2019-07-10 03:37:24,914 INFO  client.GrpcClientProtocolClient (GrpcClientProtocolClient.java:onNext(255)) - client-8BD909272E8D->63cacea9-0392-4939-ad39-80c4c73dd84b: receive RaftClientReply:client-8BD909272E8D->63cacea9-0392-4939-ad39-80c4c73dd84b@group-EE6C16B6C358, cid=1308, SUCCESS, logIndex=1840, commits[63cacea9-0392-4939-ad39-80c4c73dd84b:c1841, bd7b7fea-2a7b-4c3f-852f-c014e42bfcb7:c1838, 3b4aa678-22a6-4ae2-9c6a-0e71cdb9d6d0:c1838]
2019-07-10 03:37:24,914 INFO  client.GrpcClientProtocolClient (GrpcClientProtocolClient.java:onNext(255)) - client-8BD909272E8D->63cacea9-0392-4939-ad39-80c4c73dd84b: receive RaftClientReply:client-8BD909272E8D->63cacea9-0392-4939-ad39-80c4c73dd84b@group-EE6C16B6C358, cid=1309, SUCCESS, logIndex=1841, commits[63cacea9-0392-4939-ad39-80c4c73dd84b:c1842, bd7b7fea-2a7b-4c3f-852f-c014e42bfcb7:c1838, 3b4aa678-22a6-4ae2-9c6a-0e71cdb9d6d0:c1838]
2019-07-10 03:37:24,915 INFO  client.GrpcClientProtocolClient (GrpcClientProtocolClient.java:onNext(255)) - client-8BD909272E8D->63cacea9-0392-4939-ad39-80c4c73dd84b: receive RaftClientReply:client-8BD909272E8D->63cacea9-0392-4939-ad39-80c4c73dd84b@group-EE6C16B6C358, cid=1310, SUCCESS, logIndex=1842, commits[63cacea9-0392-4939-ad39-80c4c73dd84b:c1842, bd7b7fea-2a7b-4c3f-852f-c014e42bfcb7:c1838, 3b4aa678-22a6-4ae2-9c6a-0e71cdb9d6d0:c1838]
2019-07-10 03:37:24,919 INFO  client.GrpcClientProtocolClient (GrpcClientProtocolClient.java:onNext(255)) - client-8BD909272E8D->63cacea9-0392-4939-ad39-80c4c73dd84b: receive RaftClientReply:client-8BD909272E8D->63cacea9-0392-4939-ad39-80c4c73dd84b@group-EE6C16B6C358, cid=1311, SUCCESS, logIndex=0, commits[63cacea9-0392-4939-ad39-80c4c73dd84b:c1845, bd7b7fea-2a7b-4c3f-852f-c014e42bfcb7:c1840, 3b4aa678-22a6-4ae2-9c6a-0e71cdb9d6d0:c1841]
2019-07-10 03:37:24,932 INFO  client.GrpcClientProtocolClient (GrpcClientProtocolClient.java:onNext(255)) - client-8BD909272E8D->63cacea9-0392-4939-ad39-80c4c73dd84b: receive RaftClientReply:client-8BD909272E8D->63cacea9-0392-4939-ad39-80c4c73dd84b@group-EE6C16B6C358, cid=1312, SUCCESS, logIndex=1847, commits[63cacea9-0392-4939-ad39-80c4c73dd84b:c1848, bd7b7fea-2a7b-4c3f-852f-c014e42bfcb7:c1842, 3b4aa678-22a6-4ae2-9c6a-0e71cdb9d6d0:c1846]
2019-07-10 03:37:24,932 INFO  client.GrpcClientProtocolClient (GrpcClientProtocolClient.java:onNext(255)) - client-8BD909272E8D->63cacea9-0392-4939-ad39-80c4c73dd84b: receive RaftClientReply:client-8BD909272E8D->63cacea9-0392-4939-ad39-80c4c73dd84b@group-EE6C16B6C358, cid=1313, SUCCESS, logIndex=1848, commits[63cacea9-0392-4939-ad39-80c4c73dd84b:c1848, bd7b7fea-2a7b-4c3f-852f-c014e42bfcb7:c1846, 3b4aa678-22a6-4ae2-9c6a-0e71cdb9d6d0:c1846]
2019-07-10 03:37:24,962 INFO  client.GrpcClientProtocolClient (GrpcClientProtocolClient.java:onNext(255)) - client-8BD909272E8D->63cacea9-0392-4939-ad39-80c4c73dd84b: receive RaftClientReply:client-8BD909272E8D->63cacea9-0392-4939-ad39-80c4c73dd84b@group-EE6C16B6C358, cid=1314, SUCCESS, logIndex=1851, commits[63cacea9-0392-4939-ad39-80c4c73dd84b:c1852, bd7b7fea-2a7b-4c3f-852f-c014e42bfcb7:c1850, 3b4aa678-22a6-4ae2-9c6a-0e71cdb9d6d0:c1848]
2019-07-10 03:37:24,963 INFO  client.GrpcClientProtocolClient (GrpcClientProtocolClient.java:onNext(255)) - client-8BD909272E8D->63cacea9-0392-4939-ad39-80c4c73dd84b: receive RaftClientReply:client-8BD909272E8D->63cacea9-0392-4939-ad39-80c4c73dd84b@group-EE6C16B6C358, cid=1315, SUCCESS, logIndex=1852, commits[63cacea9-0392-4939-ad39-80c4c73dd84b:c1852, bd7b7fea-2a7b-4c3f-852f-c014e42bfcb7:c1850, 3b4aa678-22a6-4ae2-9c6a-0e71cdb9d6d0:c1850]
2019-07-10 03:37:24,964 INFO  client.GrpcClientProtocolClient (GrpcClientProtocolClient.java:onNext(255)) - client-8BD909272E8D->63cacea9-0392-4939-ad39-80c4c73dd84b: receive RaftClientReply:client-8BD909272E8D->63cacea9-0392-4939-ad39-80c4c73dd84b@group-EE6C16B6C358, cid=1316, SUCCESS, logIndex=0, commits[63cacea9-0392-4939-ad39-80c4c73dd84b:c1853, bd7b7fea-2a7b-4c3f-852f-c014e42bfcb7:c1852, 3b4aa678-22a6-4ae2-9c6a-0e71cdb9d6d0:c1852]
2019-07-10 03:37:24,993 INFO  client.GrpcClientProtocolClient (GrpcClientProtocolClient.java:onNext(255)) - client-8BD909272E8D->63cacea9-0392-4939-ad39-80c4c73dd84b: receive RaftClientReply:client-8BD909272E8D->63cacea9-0392-4939-ad39-80c4c73dd84b@group-EE6C16B6C358, cid=1317, SUCCESS, logIndex=1855, commits[63cacea9-0392-4939-ad39-80c4c73dd84b:c1856, bd7b7fea-2a7b-4c3f-852f-c014e42bfcb7:c1854, 3b4aa678-22a6-4ae2-9c6a-0e71cdb9d6d0:c1854]
2019-07-10 03:37:24,993 INFO  client.GrpcClientProtocolClient (GrpcClientProtocolClient.java:onNext(255)) - client-8BD909272E8D->63cacea9-0392-4939-ad39-80c4c73dd84b: receive RaftClientReply:client-8BD909272E8D->63cacea9-0392-4939-ad39-80c4c73dd84b@group-EE6C16B6C358, cid=1318, SUCCESS, logIndex=1856, commits[63cacea9-0392-4939-ad39-80c4c73dd84b:c1857, bd7b7fea-2a7b-4c3f-852f-c014e42bfcb7:c1854, 3b4aa678-22a6-4ae2-9c6a-0e71cdb9d6d0:c1854]
2019-07-10 03:37:24,993 INFO  client.GrpcClientProtocolClient (GrpcClientProtocolClient.java:onNext(255)) - client-8BD909272E8D->63cacea9-0392-4939-ad39-80c4c73dd84b: receive RaftClientReply:client-8BD909272E8D->63cacea9-0392-4939-ad39-80c4c73dd84b@group-EE6C16B6C358, cid=1319, SUCCESS, logIndex=1857, commits[63cacea9-0392-4939-ad39-80c4c73dd84b:c1858, bd7b7fea-2a7b-4c3f-852f-c014e42bfcb7:c1854, 3b4aa678-22a6-4ae2-9c6a-0e71cdb9d6d0:c1854]
2019-07-10 03:37:24,994 INFO  client.GrpcClientProtocolClient (GrpcClientProtocolClient.java:onNext(255)) - client-8BD909272E8D->63cacea9-0392-4939-ad39-80c4c73dd84b: receive RaftClientReply:client-8BD909272E8D->63cacea9-0392-4939-ad39-80c4c73dd84b@group-EE6C16B6C358, cid=1320, SUCCESS, logIndex=1858, commits[63cacea9-0392-4939-ad39-80c4c73dd84b:c1858, bd7b7fea-2a7b-4c3f-852f-c014e42bfcb7:c1854, 3b4aa678-22a6-4ae2-9c6a-0e71cdb9d6d0:c1854]
2019-07-10 03:37:25,007 INFO  client.GrpcClientProtocolClient (GrpcClientProtocolClient.java:onNext(255)) - client-8BD909272E8D->63cacea9-0392-4939-ad39-80c4c73dd84b: receive RaftClientReply:client-8BD909272E8D->63cacea9-0392-4939-ad39-80c4c73dd84b@group-EE6C16B6C358, cid=1321, SUCCESS, logIndex=0, commits[63cacea9-0392-4939-ad39-80c4c73dd84b:c1860, bd7b7fea-2a7b-4c3f-852f-c014e42bfcb7:c1856, 3b4aa678-22a6-4ae2-9c6a-0e71cdb9d6d0:c1856]
2019-07-10 03:37:25,028 INFO  client.GrpcClientProtocolClient (GrpcClientProtocolClient.java:onNext(255)) - client-8BD909272E8D->63cacea9-0392-4939-ad39-80c4c73dd84b: receive RaftClientReply:client-8BD909272E8D->63cacea9-0392-4939-ad39-80c4c73dd84b@group-EE6C16B6C358, cid=1322, SUCCESS, logIndex=1863, commits[63cacea9-0392-4939-ad39-80c4c73dd84b:c1864, bd7b7fea-2a7b-4c3f-852f-c014e42bfcb7:c1862, 3b4aa678-22a6-4ae2-9c6a-0e71cdb9d6d0:c1862]
2019-07-10 03:37:25,028 INFO  client.GrpcClientProtocolClient (GrpcClientProtocolClient.java:onNext(255)) - client-8BD909272E8D->63cacea9-0392-4939-ad39-80c4c73dd84b: receive RaftClientReply:client-8BD909272E8D->63cacea9-0392-4939-ad39-80c4c73dd84b@group-EE6C16B6C358, cid=1323, SUCCESS, logIndex=1864, commits[63cacea9-0392-4939-ad39-80c4c73dd84b:c1864, bd7b7fea-2a7b-4c3f-852f-c014e42bfcb7:c1862, 3b4aa678-22a6-4ae2-9c6a-0e71cdb9d6d0:c1862]
2019-07-10 03:37:25,041 INFO  client.GrpcClientProtocolClient (GrpcClientProtocolClient.java:onNext(255)) - client-8BD909272E8D->63cacea9-0392-4939-ad39-80c4c73dd84b: receive RaftClientReply:client-8BD909272E8D->63cacea9-0392-4939-ad39-80c4c73dd84b@group-EE6C16B6C358, cid=1324, SUCCESS, logIndex=1867, commits[63cacea9-0392-4939-ad39-80c4c73dd84b:c1868, bd7b7fea-2a7b-4c3f-852f-c014e42bfcb7:c1864, 3b4aa678-22a6-4ae2-9c6a-0e71cdb9d6d0:c1863]
2019-07-10 03:37:25,041 INFO  client.GrpcClientProtocolClient (GrpcClientProtocolClient.java:onNext(255)) - client-8BD909272E8D->63cacea9-0392-4939-ad39-80c4c73dd84b: receive RaftClientReply:client-8BD909272E8D->63cacea9-0392-4939-ad39-80c4c73dd84b@group-EE6C16B6C358, cid=1325, SUCCESS, logIndex=1868, commits[63cacea9-0392-4939-ad39-80c4c73dd84b:c1868, bd7b7fea-2a7b-4c3f-852f-c014e42bfcb7:c1864, 3b4aa678-22a6-4ae2-9c6a-0e71cdb9d6d0:c1864]
2019-07-10 03:37:25,046 INFO  client.GrpcClientProtocolClient (GrpcClientProtocolClient.java:onNext(255)) - client-8BD909272E8D->63cacea9-0392-4939-ad39-80c4c73dd84b: receive RaftClientReply:client-8BD909272E8D->63cacea9-0392-4939-ad39-80c4c73dd84b@group-EE6C16B6C358, cid=1326, SUCCESS, logIndex=0, commits[63cacea9-0392-4939-ad39-80c4c73dd84b:c1869, bd7b7fea-2a7b-4c3f-852f-c014e42bfcb7:c1868, 3b4aa678-22a6-4ae2-9c6a-0e71cdb9d6d0:c1868]
2019-07-10 03:37:25,175 INFO  client.GrpcClientProtocolClient (GrpcClientProtocolClient.java:onNext(255)) - client-8BD909272E8D->63cacea9-0392-4939-ad39-80c4c73dd84b: receive RaftClientReply:client-8BD909272E8D->63cacea9-0392-4939-ad39-80c4c73dd84b@group-EE6C16B6C358, cid=1327, SUCCESS, logIndex=1871, commits[63cacea9-0392-4939-ad39-80c4c73dd84b:c1872, bd7b7fea-2a7b-4c3f-852f-c014e42bfcb7:c1870, 3b4aa678-22a6-4ae2-9c6a-0e71cdb9d6d0:c1870]
2019-07-10 03:37:25,176 INFO  client.GrpcClientProtocolClient (GrpcClientProtocolClient.java:onNext(255)) - client-8BD909272E8D->63cacea9-0392-4939-ad39-80c4c73dd84b: receive RaftClientReply:client-8BD909272E8D->63cacea9-0392-4939-ad39-80c4c73dd84b@group-EE6C16B6C358, cid=1328, SUCCESS, logIndex=1872, commits[63cacea9-0392-4939-ad39-80c4c73dd84b:c1872, bd7b7fea-2a7b-4c3f-852f-c014e42bfcb7:c1870, 3b4aa678-22a6-4ae2-9c6a-0e71cdb9d6d0:c1870]
2019-07-10 03:37:25,186 INFO  client.GrpcClientProtocolClient (GrpcClientProtocolClient.java:onNext(255)) - client-8BD909272E8D->63cacea9-0392-4939-ad39-80c4c73dd84b: receive RaftClientReply:client-8BD909272E8D->63cacea9-0392-4939-ad39-80c4c73dd84b@group-EE6C16B6C358, cid=1329, SUCCESS, logIndex=1873, commits[63cacea9-0392-4939-ad39-80c4c73dd84b:c1874, bd7b7fea-2a7b-4c3f-852f-c014e42bfcb7:c1870, 3b4aa678-22a6-4ae2-9c6a-0e71cdb9d6d0:c1870]
2019-07-10 03:37:25,186 INFO  client.GrpcClientProtocolClient (GrpcClientProtocolClient.java:onNext(255)) - client-8BD909272E8D->63cacea9-0392-4939-ad39-80c4c73dd84b: receive RaftClientReply:client-8BD909272E8D->63cacea9-0392-4939-ad39-80c4c73dd84b@group-EE6C16B6C358, cid=1330, SUCCESS, logIndex=1874, commits[63cacea9-0392-4939-ad39-80c4c73dd84b:c1874, bd7b7fea-2a7b-4c3f-852f-c014e42bfcb7:c1870, 3b4aa678-22a6-4ae2-9c6a-0e71cdb9d6d0:c1870]
2019-07-10 03:37:25,188 INFO  client.GrpcClientProtocolClient (GrpcClientProtocolClient.java:onNext(255)) - client-8BD909272E8D->63cacea9-0392-4939-ad39-80c4c73dd84b: receive RaftClientReply:client-8BD909272E8D->63cacea9-0392-4939-ad39-80c4c73dd84b@group-EE6C16B6C358, cid=1331, SUCCESS, logIndex=0, commits[63cacea9-0392-4939-ad39-80c4c73dd84b:c1876, bd7b7fea-2a7b-4c3f-852f-c014e42bfcb7:c1872, 3b4aa678-22a6-4ae2-9c6a-0e71cdb9d6d0:c1872]
2019-07-10 03:37:25,209 INFO  client.GrpcClientProtocolClient (GrpcClientProtocolClient.java:onNext(255)) - client-8BD909272E8D->63cacea9-0392-4939-ad39-80c4c73dd84b: receive RaftClientReply:client-8BD909272E8D->63cacea9-0392-4939-ad39-80c4c73dd84b@group-EE6C16B6C358, cid=1332, SUCCESS, logIndex=1879, commits[63cacea9-0392-4939-ad39-80c4c73dd84b:c1880, bd7b7fea-2a7b-4c3f-852f-c014e42bfcb7:c1878, 3b4aa678-22a6-4ae2-9c6a-0e71cdb9d6d0:c1878]
2019-07-10 03:37:25,209 INFO  client.GrpcClientProtocolClient (GrpcClientProtocolClient.java:onNext(255)) - client-8BD909272E8D->63cacea9-0392-4939-ad39-80c4c73dd84b: receive RaftClientReply:client-8BD909272E8D->63cacea9-0392-4939-ad39-80c4c73dd84b@group-EE6C16B6C358, cid=1333, SUCCESS, logIndex=1880, commits[63cacea9-0392-4939-ad39-80c4c73dd84b:c1880, bd7b7fea-2a7b-4c3f-852f-c014e42bfcb7:c1878, 3b4aa678-22a6-4ae2-9c6a-0e71cdb9d6d0:c1878]
2019-07-10 03:37:25,232 INFO  client.GrpcClientProtocolClient (GrpcClientProtocolClient.java:onNext(255)) - client-8BD909272E8D->63cacea9-0392-4939-ad39-80c4c73dd84b: receive RaftClientReply:client-8BD909272E8D->63cacea9-0392-4939-ad39-80c4c73dd84b@group-EE6C16B6C358, cid=1334, SUCCESS, logIndex=1883, commits[63cacea9-0392-4939-ad39-80c4c73dd84b:c1883, bd7b7fea-2a7b-4c3f-852f-c014e42bfcb7:c1880, 3b4aa678-22a6-4ae2-9c6a-0e71cdb9d6d0:c1880]
2019-07-10 03:37:25,232 INFO  client.GrpcClientProtocolClient (GrpcClientProtocolClient.java:onNext(255)) - client-8BD909272E8D->63cacea9-0392-4939-ad39-80c4c73dd84b: receive RaftClientReply:client-8BD909272E8D->63cacea9-0392-4939-ad39-80c4c73dd84b@group-EE6C16B6C358, cid=1335, SUCCESS, logIndex=1884, commits[63cacea9-0392-4939-ad39-80c4c73dd84b:c1884, bd7b7fea-2a7b-4c3f-852f-c014e42bfcb7:c1880, 3b4aa678-22a6-4ae2-9c6a-0e71cdb9d6d0:c1880]
2019-07-10 03:37:25,239 INFO  client.GrpcClientProtocolClient (GrpcClientProtocolClient.java:onNext(255)) - client-8BD909272E8D->63cacea9-0392-4939-ad39-80c4c73dd84b: receive RaftClientReply:client-8BD909272E8D->63cacea9-0392-4939-ad39-80c4c73dd84b@group-EE6C16B6C358, cid=1336, SUCCESS, logIndex=0, commits[63cacea9-0392-4939-ad39-80c4c73dd84b:c1886, bd7b7fea-2a7b-4c3f-852f-c014e42bfcb7:c1884, 3b4aa678-22a6-4ae2-9c6a-0e71cdb9d6d0:c1884]
2019-07-10 03:37:25,268 INFO  client.GrpcClientProtocolClient (GrpcClientProtocolClient.java:onNext(255)) - client-8BD909272E8D->63cacea9-0392-4939-ad39-80c4c73dd84b: receive RaftClientReply:client-8BD909272E8D->63cacea9-0392-4939-ad39-80c4c73dd84b@group-EE6C16B6C358, cid=1337, SUCCESS, logIndex=1887, commits[63cacea9-0392-4939-ad39-80c4c73dd84b:c1888, bd7b7fea-2a7b-4c3f-852f-c014e42bfcb7:c1886, 3b4aa678-22a6-4ae2-9c6a-0e71cdb9d6d0:c1886]
2019-07-10 03:37:25,268 INFO  client.GrpcClientProtocolClient (GrpcClientProtocolClient.java:onNext(255)) - client-8BD909272E8D->63cacea9-0392-4939-ad39-80c4c73dd84b: receive RaftClientReply:client-8BD909272E8D->63cacea9-0392-4939-ad39-80c4c73dd84b@group-EE6C16B6C358, cid=1338, SUCCESS, logIndex=1888, commits[63cacea9-0392-4939-ad39-80c4c73dd84b:c1889, bd7b7fea-2a7b-4c3f-852f-c014e42bfcb7:c1886, 3b4aa678-22a6-4ae2-9c6a-0e71cdb9d6d0:c1886]
2019-07-10 03:37:25,268 INFO  client.GrpcClientProtocolClient (GrpcClientProtocolClient.java:onNext(255)) - client-8BD909272E8D->63cacea9-0392-4939-ad39-80c4c73dd84b: receive RaftClientReply:client-8BD909272E8D->63cacea9-0392-4939-ad39-80c4c73dd84b@group-EE6C16B6C358, cid=1339, SUCCESS, logIndex=1889, commits[63cacea9-0392-4939-ad39-80c4c73dd84b:c1890, bd7b7fea-2a7b-4c3f-852f-c014e42bfcb7:c1886, 3b4aa678-22a6-4ae2-9c6a-0e71cdb9d6d0:c1886]
2019-07-10 03:37:25,269 INFO  client.GrpcClientProtocolClient (GrpcClientProtocolClient.java:onNext(255)) - client-8BD909272E8D->63cacea9-0392-4939-ad39-80c4c73dd84b: receive RaftClientReply:client-8BD909272E8D->63cacea9-0392-4939-ad39-80c4c73dd84b@group-EE6C16B6C358, cid=1340, SUCCESS, logIndex=1890, commits[63cacea9-0392-4939-ad39-80c4c73dd84b:c1890, bd7b7fea-2a7b-4c3f-852f-c014e42bfcb7:c1886, 3b4aa678-22a6-4ae2-9c6a-0e71cdb9d6d0:c1886]
2019-07-10 03:37:25,282 INFO  client.GrpcClientProtocolClient (GrpcClientProtocolClient.java:onNext(255)) - client-8BD909272E8D->63cacea9-0392-4939-ad39-80c4c73dd84b: receive RaftClientReply:client-8BD909272E8D->63cacea9-0392-4939-ad39-80c4c73dd84b@group-EE6C16B6C358, cid=1341, SUCCESS, logIndex=0, commits[63cacea9-0392-4939-ad39-80c4c73dd84b:c1892, bd7b7fea-2a7b-4c3f-852f-c014e42bfcb7:c1888, 3b4aa678-22a6-4ae2-9c6a-0e71cdb9d6d0:c1888]
2019-07-10 03:37:25,302 INFO  client.GrpcClientProtocolClient (GrpcClientProtocolClient.java:onNext(255)) - client-8BD909272E8D->63cacea9-0392-4939-ad39-80c4c73dd84b: receive RaftClientReply:client-8BD909272E8D->63cacea9-0392-4939-ad39-80c4c73dd84b@group-EE6C16B6C358, cid=1342, SUCCESS, logIndex=1895, commits[63cacea9-0392-4939-ad39-80c4c73dd84b:c1896, bd7b7fea-2a7b-4c3f-852f-c014e42bfcb7:c1894, 3b4aa678-22a6-4ae2-9c6a-0e71cdb9d6d0:c1894]
2019-07-10 03:37:25,302 INFO  client.GrpcClientProtocolClient (GrpcClientProtocolClient.java:onNext(255)) - client-8BD909272E8D->63cacea9-0392-4939-ad39-80c4c73dd84b: receive RaftClientReply:client-8BD909272E8D->63cacea9-0392-4939-ad39-80c4c73dd84b@group-EE6C16B6C358, cid=1343, SUCCESS, logIndex=1896, commits[63cacea9-0392-4939-ad39-80c4c73dd84b:c1896, bd7b7fea-2a7b-4c3f-852f-c014e42bfcb7:c1894, 3b4aa678-22a6-4ae2-9c6a-0e71cdb9d6d0:c1894]
2019-07-10 03:37:25,317 INFO  client.GrpcClientProtocolClient (GrpcClientProtocolClient.java:onNext(255)) - client-8BD909272E8D->63cacea9-0392-4939-ad39-80c4c73dd84b: receive RaftClientReply:client-8BD909272E8D->63cacea9-0392-4939-ad39-80c4c73dd84b@group-EE6C16B6C358, cid=1344, SUCCESS, logIndex=1899, commits[63cacea9-0392-4939-ad39-80c4c73dd84b:c1900, bd7b7fea-2a7b-4c3f-852f-c014e42bfcb7:c1896, 3b4aa678-22a6-4ae2-9c6a-0e71cdb9d6d0:c1896]
2019-07-10 03:37:25,317 INFO  client.GrpcClientProtocolClient (GrpcClientProtocolClient.java:onNext(255)) - client-8BD909272E8D->63cacea9-0392-4939-ad39-80c4c73dd84b: receive RaftClientReply:client-8BD909272E8D->63cacea9-0392-4939-ad39-80c4c73dd84b@group-EE6C16B6C358, cid=1345, SUCCESS, logIndex=1900, commits[63cacea9-0392-4939-ad39-80c4c73dd84b:c1900, bd7b7fea-2a7b-4c3f-852f-c014e42bfcb7:c1896, 3b4aa678-22a6-4ae2-9c6a-0e71cdb9d6d0:c1896]
2019-07-10 03:37:25,330 INFO  client.GrpcClientProtocolClient (GrpcClientProtocolClient.java:onNext(255)) - client-8BD909272E8D->63cacea9-0392-4939-ad39-80c4c73dd84b: receive RaftClientReply:client-8BD909272E8D->63cacea9-0392-4939-ad39-80c4c73dd84b@group-EE6C16B6C358, cid=1346, SUCCESS, logIndex=0, commits[63cacea9-0392-4939-ad39-80c4c73dd84b:c1902, bd7b7fea-2a7b-4c3f-852f-c014e42bfcb7:c1900, 3b4aa678-22a6-4ae2-9c6a-0e71cdb9d6d0:c1900]
2019-07-10 03:37:25,358 INFO  client.GrpcClientProtocolClient (GrpcClientProtocolClient.java:onNext(255)) - client-8BD909272E8D->63cacea9-0392-4939-ad39-80c4c73dd84b: receive RaftClientReply:client-8BD909272E8D->63cacea9-0392-4939-ad39-80c4c73dd84b@group-EE6C16B6C358, cid=1347, SUCCESS, logIndex=1903, commits[63cacea9-0392-4939-ad39-80c4c73dd84b:c1905, bd7b7fea-2a7b-4c3f-852f-c014e42bfcb7:c1902, 3b4aa678-22a6-4ae2-9c6a-0e71cdb9d6d0:c1902]
2019-07-10 03:37:25,360 INFO  client.GrpcClientProtocolClient (GrpcClientProtocolClient.java:onNext(255)) - client-8BD909272E8D->63cacea9-0392-4939-ad39-80c4c73dd84b: receive RaftClientReply:client-8BD909272E8D->63cacea9-0392-4939-ad39-80c4c73dd84b@group-EE6C16B6C358, cid=1348, SUCCESS, logIndex=1904, commits[63cacea9-0392-4939-ad39-80c4c73dd84b:c1906, bd7b7fea-2a7b-4c3f-852f-c014e42bfcb7:c1902, 3b4aa678-22a6-4ae2-9c6a-0e71cdb9d6d0:c1902]
2019-07-10 03:37:25,361 INFO  client.GrpcClientProtocolClient (GrpcClientProtocolClient.java:onNext(255)) - client-8BD909272E8D->63cacea9-0392-4939-ad39-80c4c73dd84b: receive RaftClientReply:client-8BD909272E8D->63cacea9-0392-4939-ad39-80c4c73dd84b@group-EE6C16B6C358, cid=1349, SUCCESS, logIndex=1905, commits[63cacea9-0392-4939-ad39-80c4c73dd84b:c1906, bd7b7fea-2a7b-4c3f-852f-c014e42bfcb7:c1902, 3b4aa678-22a6-4ae2-9c6a-0e71cdb9d6d0:c1902]
2019-07-10 03:37:25,361 INFO  client.GrpcClientProtocolClient (GrpcClientProtocolClient.java:onNext(255)) - client-8BD909272E8D->63cacea9-0392-4939-ad39-80c4c73dd84b: receive RaftClientReply:client-8BD909272E8D->63cacea9-0392-4939-ad39-80c4c73dd84b@group-EE6C16B6C358, cid=1350, SUCCESS, logIndex=1906, commits[63cacea9-0392-4939-ad39-80c4c73dd84b:c1906, bd7b7fea-2a7b-4c3f-852f-c014e42bfcb7:c1902, 3b4aa678-22a6-4ae2-9c6a-0e71cdb9d6d0:c1902]
2019-07-10 03:37:25,376 INFO  client.GrpcClientProtocolClient (GrpcClientProtocolClient.java:onNext(255)) - client-8BD909272E8D->63cacea9-0392-4939-ad39-80c4c73dd84b: receive RaftClientReply:client-8BD909272E8D->63cacea9-0392-4939-ad39-80c4c73dd84b@group-EE6C16B6C358, cid=1351, SUCCESS, logIndex=0, commits[63cacea9-0392-4939-ad39-80c4c73dd84b:c1910, bd7b7fea-2a7b-4c3f-852f-c014e42bfcb7:c1904, 3b4aa678-22a6-4ae2-9c6a-0e71cdb9d6d0:c1906]
2019-07-10 03:37:25,395 INFO  client.GrpcClientProtocolClient (GrpcClientProtocolClient.java:onNext(255)) - client-8BD909272E8D->63cacea9-0392-4939-ad39-80c4c73dd84b: receive RaftClientReply:client-8BD909272E8D->63cacea9-0392-4939-ad39-80c4c73dd84b@group-EE6C16B6C358, cid=1352, SUCCESS, logIndex=1911, commits[63cacea9-0392-4939-ad39-80c4c73dd84b:c1912, bd7b7fea-2a7b-4c3f-852f-c014e42bfcb7:c1910, 3b4aa678-22a6-4ae2-9c6a-0e71cdb9d6d0:c1910]
2019-07-10 03:37:25,395 INFO  client.GrpcClientProtocolClient (GrpcClientProtocolClient.java:onNext(255)) - client-8BD909272E8D->63cacea9-0392-4939-ad39-80c4c73dd84b: receive RaftClientReply:client-8BD909272E8D->63cacea9-0392-4939-ad39-80c4c73dd84b@group-EE6C16B6C358, cid=1353, SUCCESS, logIndex=1912, commits[63cacea9-0392-4939-ad39-80c4c73dd84b:c1912, bd7b7fea-2a7b-4c3f-852f-c014e42bfcb7:c1910, 3b4aa678-22a6-4ae2-9c6a-0e71cdb9d6d0:c1910]
2019-07-10 03:37:25,409 INFO  client.GrpcClientProtocolClient (GrpcClientProtocolClient.java:onNext(255)) - client-8BD909272E8D->63cacea9-0392-4939-ad39-80c4c73dd84b: receive RaftClientReply:client-8BD909272E8D->63cacea9-0392-4939-ad39-80c4c73dd84b@group-EE6C16B6C358, cid=1354, SUCCESS, logIndex=1915, commits[63cacea9-0392-4939-ad39-80c4c73dd84b:c1916, bd7b7fea-2a7b-4c3f-852f-c014e42bfcb7:c1912, 3b4aa678-22a6-4ae2-9c6a-0e71cdb9d6d0:c1912]
2019-07-10 03:37:25,410 INFO  client.GrpcClientProtocolClient (GrpcClientProtocolClient.java:onNext(255)) - client-8BD909272E8D->63cacea9-0392-4939-ad39-80c4c73dd84b: receive RaftClientReply:client-8BD909272E8D->63cacea9-0392-4939-ad39-80c4c73dd84b@group-EE6C16B6C358, cid=1355, SUCCESS, logIndex=1916, commits[63cacea9-0392-4939-ad39-80c4c73dd84b:c1916, bd7b7fea-2a7b-4c3f-852f-c014e42bfcb7:c1912, 3b4aa678-22a6-4ae2-9c6a-0e71cdb9d6d0:c1912]
2019-07-10 03:37:25,424 INFO  client.GrpcClientProtocolClient (GrpcClientProtocolClient.java:onNext(255)) - client-8BD909272E8D->63cacea9-0392-4939-ad39-80c4c73dd84b: receive RaftClientReply:client-8BD909272E8D->63cacea9-0392-4939-ad39-80c4c73dd84b@group-EE6C16B6C358, cid=1356, SUCCESS, logIndex=0, commits[63cacea9-0392-4939-ad39-80c4c73dd84b:c1918, bd7b7fea-2a7b-4c3f-852f-c014e42bfcb7:c1916, 3b4aa678-22a6-4ae2-9c6a-0e71cdb9d6d0:c1916]
2019-07-10 03:37:25,450 INFO  client.GrpcClientProtocolClient (GrpcClientProtocolClient.java:onNext(255)) - client-8BD909272E8D->63cacea9-0392-4939-ad39-80c4c73dd84b: receive RaftClientReply:client-8BD909272E8D->63cacea9-0392-4939-ad39-80c4c73dd84b@group-EE6C16B6C358, cid=1357, SUCCESS, logIndex=1919, commits[63cacea9-0392-4939-ad39-80c4c73dd84b:c1921, bd7b7fea-2a7b-4c3f-852f-c014e42bfcb7:c1918, 3b4aa678-22a6-4ae2-9c6a-0e71cdb9d6d0:c1918]
2019-07-10 03:37:25,450 INFO  client.GrpcClientProtocolClient (GrpcClientProtocolClient.java:onNext(255)) - client-8BD909272E8D->63cacea9-0392-4939-ad39-80c4c73dd84b: receive RaftClientReply:client-8BD909272E8D->63cacea9-0392-4939-ad39-80c4c73dd84b@group-EE6C16B6C358, cid=1358, SUCCESS, logIndex=1920, commits[63cacea9-0392-4939-ad39-80c4c73dd84b:c1922, bd7b7fea-2a7b-4c3f-852f-c014e42bfcb7:c1918, 3b4aa678-22a6-4ae2-9c6a-0e71cdb9d6d0:c1918]
2019-07-10 03:37:25,451 INFO  client.GrpcClientProtocolClient (GrpcClientProtocolClient.java:onNext(255)) - client-8BD909272E8D->63cacea9-0392-4939-ad39-80c4c73dd84b: receive RaftClientReply:client-8BD909272E8D->63cacea9-0392-4939-ad39-80c4c73dd84b@group-EE6C16B6C358, cid=1359, SUCCESS, logIndex=1921, commits[63cacea9-0392-4939-ad39-80c4c73dd84b:c1922, bd7b7fea-2a7b-4c3f-852f-c014e42bfcb7:c1918, 3b4aa678-22a6-4ae2-9c6a-0e71cdb9d6d0:c1918]
2019-07-10 03:37:25,451 INFO  client.GrpcClientProtocolClient (GrpcClientProtocolClient.java:onNext(255)) - client-8BD909272E8D->63cacea9-0392-4939-ad39-80c4c73dd84b: receive RaftClientReply:client-8BD909272E8D->63cacea9-0392-4939-ad39-80c4c73dd84b@group-EE6C16B6C358, cid=1360, SUCCESS, logIndex=1922, commits[63cacea9-0392-4939-ad39-80c4c73dd84b:c1922, bd7b7fea-2a7b-4c3f-852f-c014e42bfcb7:c1918, 3b4aa678-22a6-4ae2-9c6a-0e71cdb9d6d0:c1918]
2019-07-10 03:37:25,455 INFO  client.GrpcClientProtocolClient (GrpcClientProtocolClient.java:onNext(255)) - client-8BD909272E8D->63cacea9-0392-4939-ad39-80c4c73dd84b: receive RaftClientReply:client-8BD909272E8D->63cacea9-0392-4939-ad39-80c4c73dd84b@group-EE6C16B6C358, cid=1361, SUCCESS, logIndex=0, commits[63cacea9-0392-4939-ad39-80c4c73dd84b:c1926, bd7b7fea-2a7b-4c3f-852f-c014e42bfcb7:c1922, 3b4aa678-22a6-4ae2-9c6a-0e71cdb9d6d0:c1920]
2019-07-10 03:37:25,477 INFO  client.GrpcClientProtocolClient (GrpcClientProtocolClient.java:onNext(255)) - client-8BD909272E8D->63cacea9-0392-4939-ad39-80c4c73dd84b: receive RaftClientReply:client-8BD909272E8D->63cacea9-0392-4939-ad39-80c4c73dd84b@group-EE6C16B6C358, cid=1362, SUCCESS, logIndex=1927, commits[63cacea9-0392-4939-ad39-80c4c73dd84b:c1928, bd7b7fea-2a7b-4c3f-852f-c014e42bfcb7:c1926, 3b4aa678-22a6-4ae2-9c6a-0e71cdb9d6d0:c1926]
2019-07-10 03:37:25,478 INFO  client.GrpcClientProtocolClient (GrpcClientProtocolClient.java:onNext(255)) - client-8BD909272E8D->63cacea9-0392-4939-ad39-80c4c73dd84b: receive RaftClientReply:client-8BD909272E8D->63cacea9-0392-4939-ad39-80c4c73dd84b@group-EE6C16B6C358, cid=1363, SUCCESS, logIndex=1928, commits[63cacea9-0392-4939-ad39-80c4c73dd84b:c1928, bd7b7fea-2a7b-4c3f-852f-c014e42bfcb7:c1926, 3b4aa678-22a6-4ae2-9c6a-0e71cdb9d6d0:c1926]
2019-07-10 03:37:25,490 INFO  client.GrpcClientProtocolClient (GrpcClientProtocolClient.java:onNext(255)) - client-8BD909272E8D->63cacea9-0392-4939-ad39-80c4c73dd84b: receive RaftClientReply:client-8BD909272E8D->63cacea9-0392-4939-ad39-80c4c73dd84b@group-EE6C16B6C358, cid=1364, SUCCESS, logIndex=1931, commits[63cacea9-0392-4939-ad39-80c4c73dd84b:c1931, bd7b7fea-2a7b-4c3f-852f-c014e42bfcb7:c1928, 3b4aa678-22a6-4ae2-9c6a-0e71cdb9d6d0:c1928]
2019-07-10 03:37:25,491 INFO  client.GrpcClientProtocolClient (GrpcClientProtocolClient.java:onNext(255)) - client-8BD909272E8D->63cacea9-0392-4939-ad39-80c4c73dd84b: receive RaftClientReply:client-8BD909272E8D->63cacea9-0392-4939-ad39-80c4c73dd84b@group-EE6C16B6C358, cid=1365, SUCCESS, logIndex=1932, commits[63cacea9-0392-4939-ad39-80c4c73dd84b:c1932, bd7b7fea-2a7b-4c3f-852f-c014e42bfcb7:c1928, 3b4aa678-22a6-4ae2-9c6a-0e71cdb9d6d0:c1928]
2019-07-10 03:37:25,505 INFO  client.GrpcClientProtocolClient (GrpcClientProtocolClient.java:onNext(255)) - client-8BD909272E8D->63cacea9-0392-4939-ad39-80c4c73dd84b: receive RaftClientReply:client-8BD909272E8D->63cacea9-0392-4939-ad39-80c4c73dd84b@group-EE6C16B6C358, cid=1366, SUCCESS, logIndex=0, commits[63cacea9-0392-4939-ad39-80c4c73dd84b:c1934, bd7b7fea-2a7b-4c3f-852f-c014e42bfcb7:c1932, 3b4aa678-22a6-4ae2-9c6a-0e71cdb9d6d0:c1932]
2019-07-10 03:37:25,531 INFO  client.GrpcClientProtocolClient (GrpcClientProtocolClient.java:onNext(255)) - client-8BD909272E8D->63cacea9-0392-4939-ad39-80c4c73dd84b: receive RaftClientReply:client-8BD909272E8D->63cacea9-0392-4939-ad39-80c4c73dd84b@group-EE6C16B6C358, cid=1367, SUCCESS, logIndex=1935, commits[63cacea9-0392-4939-ad39-80c4c73dd84b:c1935, bd7b7fea-2a7b-4c3f-852f-c014e42bfcb7:c1934, 3b4aa678-22a6-4ae2-9c6a-0e71cdb9d6d0:c1934]
2019-07-10 03:37:25,532 INFO  client.GrpcClientProtocolClient (GrpcClientProtocolClient.java:onNext(255)) - client-8BD909272E8D->63cacea9-0392-4939-ad39-80c4c73dd84b: receive RaftClientReply:client-8BD909272E8D->63cacea9-0392-4939-ad39-80c4c73dd84b@group-EE6C16B6C358, cid=1368, SUCCESS, logIndex=1936, commits[63cacea9-0392-4939-ad39-80c4c73dd84b:c1938, bd7b7fea-2a7b-4c3f-852f-c014e42bfcb7:c1934, 3b4aa678-22a6-4ae2-9c6a-0e71cdb9d6d0:c1934]
2019-07-10 03:37:25,532 INFO  client.GrpcClientProtocolClient (GrpcClientProtocolClient.java:onNext(255)) - client-8BD909272E8D->63cacea9-0392-4939-ad39-80c4c73dd84b: receive RaftClientReply:client-8BD909272E8D->63cacea9-0392-4939-ad39-80c4c73dd84b@group-EE6C16B6C358, cid=1369, SUCCESS, logIndex=1937, commits[63cacea9-0392-4939-ad39-80c4c73dd84b:c1938, bd7b7fea-2a7b-4c3f-852f-c014e42bfcb7:c1934, 3b4aa678-22a6-4ae2-9c6a-0e71cdb9d6d0:c1934]
2019-07-10 03:37:25,532 INFO  client.GrpcClientProtocolClient (GrpcClientProtocolClient.java:onNext(255)) - client-8BD909272E8D->63cacea9-0392-4939-ad39-80c4c73dd84b: receive RaftClientReply:client-8BD909272E8D->63cacea9-0392-4939-ad39-80c4c73dd84b@group-EE6C16B6C358, cid=1370, SUCCESS, logIndex=1938, commits[63cacea9-0392-4939-ad39-80c4c73dd84b:c1938, bd7b7fea-2a7b-4c3f-852f-c014e42bfcb7:c1934, 3b4aa678-22a6-4ae2-9c6a-0e71cdb9d6d0:c1934]
2019-07-10 03:37:25,546 INFO  client.GrpcClientProtocolClient (GrpcClientProtocolClient.java:onNext(255)) - client-8BD909272E8D->63cacea9-0392-4939-ad39-80c4c73dd84b: receive RaftClientReply:client-8BD909272E8D->63cacea9-0392-4939-ad39-80c4c73dd84b@group-EE6C16B6C358, cid=1371, SUCCESS, logIndex=0, commits[63cacea9-0392-4939-ad39-80c4c73dd84b:c1942, bd7b7fea-2a7b-4c3f-852f-c014e42bfcb7:c1938, 3b4aa678-22a6-4ae2-9c6a-0e71cdb9d6d0:c1936]
2019-07-10 03:37:25,565 INFO  client.GrpcClientProtocolClient (GrpcClientProtocolClient.java:onNext(255)) - client-8BD909272E8D->63cacea9-0392-4939-ad39-80c4c73dd84b: receive RaftClientReply:client-8BD909272E8D->63cacea9-0392-4939-ad39-80c4c73dd84b@group-EE6C16B6C358, cid=1372, SUCCESS, logIndex=1943, commits[63cacea9-0392-4939-ad39-80c4c73dd84b:c1944, bd7b7fea-2a7b-4c3f-852f-c014e42bfcb7:c1942, 3b4aa678-22a6-4ae2-9c6a-0e71cdb9d6d0:c1942]
2019-07-10 03:37:25,565 INFO  client.GrpcClientProtocolClient (GrpcClientProtocolClient.java:onNext(255)) - client-8BD909272E8D->63cacea9-0392-4939-ad39-80c4c73dd84b: receive RaftClientReply:client-8BD909272E8D->63cacea9-0392-4939-ad39-80c4c73dd84b@group-EE6C16B6C358, cid=1373, SUCCESS, logIndex=1944, commits[63cacea9-0392-4939-ad39-80c4c73dd84b:c1944, bd7b7fea-2a7b-4c3f-852f-c014e42bfcb7:c1942, 3b4aa678-22a6-4ae2-9c6a-0e71cdb9d6d0:c1942]
2019-07-10 03:37:25,580 INFO  client.GrpcClientProtocolClient (GrpcClientProtocolClient.java:onNext(255)) - client-8BD909272E8D->63cacea9-0392-4939-ad39-80c4c73dd84b: receive RaftClientReply:client-8BD909272E8D->63cacea9-0392-4939-ad39-80c4c73dd84b@group-EE6C16B6C358, cid=1374, SUCCESS, logIndex=1947, commits[63cacea9-0392-4939-ad39-80c4c73dd84b:c1948, bd7b7fea-2a7b-4c3f-852f-c014e42bfcb7:c1944, 3b4aa678-22a6-4ae2-9c6a-0e71cdb9d6d0:c1944]
2019-07-10 03:37:25,580 INFO  client.GrpcClientProtocolClient (GrpcClientProtocolClient.java:onNext(255)) - client-8BD909272E8D->63cacea9-0392-4939-ad39-80c4c73dd84b: receive RaftClientReply:client-8BD909272E8D->63cacea9-0392-4939-ad39-80c4c73dd84b@group-EE6C16B6C358, cid=1375, SUCCESS, logIndex=1948, commits[63cacea9-0392-4939-ad39-80c4c73dd84b:c1948, bd7b7fea-2a7b-4c3f-852f-c014e42bfcb7:c1944, 3b4aa678-22a6-4ae2-9c6a-0e71cdb9d6d0:c1944]
2019-07-10 03:37:25,594 INFO  client.GrpcClientProtocolClient (GrpcClientProtocolClient.java:onNext(255)) - client-8BD909272E8D->63cacea9-0392-4939-ad39-80c4c73dd84b: receive RaftClientReply:client-8BD909272E8D->63cacea9-0392-4939-ad39-80c4c73dd84b@group-EE6C16B6C358, cid=1376, SUCCESS, logIndex=0, commits[63cacea9-0392-4939-ad39-80c4c73dd84b:c1950, bd7b7fea-2a7b-4c3f-852f-c014e42bfcb7:c1948, 3b4aa678-22a6-4ae2-9c6a-0e71cdb9d6d0:c1948]
2019-07-10 03:37:25,622 INFO  client.GrpcClientProtocolClient (GrpcClientProtocolClient.java:onNext(255)) - client-8BD909272E8D->63cacea9-0392-4939-ad39-80c4c73dd84b: receive RaftClientReply:client-8BD909272E8D->63cacea9-0392-4939-ad39-80c4c73dd84b@group-EE6C16B6C358, cid=1377, SUCCESS, logIndex=1951, commits[63cacea9-0392-4939-ad39-80c4c73dd84b:c1952, bd7b7fea-2a7b-4c3f-852f-c014e42bfcb7:c1950, 3b4aa678-22a6-4ae2-9c6a-0e71cdb9d6d0:c1950]
2019-07-10 03:37:25,623 INFO  client.GrpcClientProtocolClient (GrpcClientProtocolClient.java:onNext(255)) - client-8BD909272E8D->63cacea9-0392-4939-ad39-80c4c73dd84b: receive RaftClientReply:client-8BD909272E8D->63cacea9-0392-4939-ad39-80c4c73dd84b@group-EE6C16B6C358, cid=1378, SUCCESS, logIndex=1952, commits[63cacea9-0392-4939-ad39-80c4c73dd84b:c1954, bd7b7fea-2a7b-4c3f-852f-c014e42bfcb7:c1950, 3b4aa678-22a6-4ae2-9c6a-0e71cdb9d6d0:c1950]
2019-07-10 03:37:25,623 INFO  client.GrpcClientProtocolClient (GrpcClientProtocolClient.java:onNext(255)) - client-8BD909272E8D->63cacea9-0392-4939-ad39-80c4c73dd84b: receive RaftClientReply:client-8BD909272E8D->63cacea9-0392-4939-ad39-80c4c73dd84b@group-EE6C16B6C358, cid=1379, SUCCESS, logIndex=1953, commits[63cacea9-0392-4939-ad39-80c4c73dd84b:c1954, bd7b7fea-2a7b-4c3f-852f-c014e42bfcb7:c1950, 3b4aa678-22a6-4ae2-9c6a-0e71cdb9d6d0:c1950]
2019-07-10 03:37:25,623 INFO  client.GrpcClientProtocolClient (GrpcClientProtocolClient.java:onNext(255)) - client-8BD909272E8D->63cacea9-0392-4939-ad39-80c4c73dd84b: receive RaftClientReply:client-8BD909272E8D->63cacea9-0392-4939-ad39-80c4c73dd84b@group-EE6C16B6C358, cid=1380, SUCCESS, logIndex=1954, commits[63cacea9-0392-4939-ad39-80c4c73dd84b:c1955, bd7b7fea-2a7b-4c3f-852f-c014e42bfcb7:c1950, 3b4aa678-22a6-4ae2-9c6a-0e71cdb9d6d0:c1951]
2019-07-10 03:37:25,637 INFO  client.GrpcClientProtocolClient (GrpcClientProtocolClient.java:onNext(255)) - client-8BD909272E8D->63cacea9-0392-4939-ad39-80c4c73dd84b: receive RaftClientReply:client-8BD909272E8D->63cacea9-0392-4939-ad39-80c4c73dd84b@group-EE6C16B6C358, cid=1381, SUCCESS, logIndex=0, commits[63cacea9-0392-4939-ad39-80c4c73dd84b:c1956, bd7b7fea-2a7b-4c3f-852f-c014e42bfcb7:c1952, 3b4aa678-22a6-4ae2-9c6a-0e71cdb9d6d0:c1952]
2019-07-10 03:37:25,666 INFO  client.GrpcClientProtocolClient (GrpcClientProtocolClient.java:onNext(255)) - client-8BD909272E8D->63cacea9-0392-4939-ad39-80c4c73dd84b: receive RaftClientReply:client-8BD909272E8D->63cacea9-0392-4939-ad39-80c4c73dd84b@group-EE6C16B6C358, cid=1382, SUCCESS, logIndex=1958, commits[63cacea9-0392-4939-ad39-80c4c73dd84b:c1959, bd7b7fea-2a7b-4c3f-852f-c014e42bfcb7:c1957, 3b4aa678-22a6-4ae2-9c6a-0e71cdb9d6d0:c1957]
2019-07-10 03:37:25,667 INFO  client.GrpcClientProtocolClient (GrpcClientProtocolClient.java:onNext(255)) - client-8BD909272E8D->63cacea9-0392-4939-ad39-80c4c73dd84b: receive RaftClientReply:client-8BD909272E8D->63cacea9-0392-4939-ad39-80c4c73dd84b@group-EE6C16B6C358, cid=1383, SUCCESS, logIndex=1959, commits[63cacea9-0392-4939-ad39-80c4c73dd84b:c1959, bd7b7fea-2a7b-4c3f-852f-c014e42bfcb7:c1957, 3b4aa678-22a6-4ae2-9c6a-0e71cdb9d6d0:c1957]
2019-07-10 03:37:25,692 INFO  client.GrpcClientProtocolClient (GrpcClientProtocolClient.java:onNext(255)) - client-8BD909272E8D->63cacea9-0392-4939-ad39-80c4c73dd84b: receive RaftClientReply:client-8BD909272E8D->63cacea9-0392-4939-ad39-80c4c73dd84b@group-EE6C16B6C358, cid=1384, SUCCESS, logIndex=1962, commits[63cacea9-0392-4939-ad39-80c4c73dd84b:c1963, bd7b7fea-2a7b-4c3f-852f-c014e42bfcb7:c1959, 3b4aa678-22a6-4ae2-9c6a-0e71cdb9d6d0:c1959]
2019-07-10 03:37:25,692 INFO  client.GrpcClientProtocolClient (GrpcClientProtocolClient.java:onNext(255)) - client-8BD909272E8D->63cacea9-0392-4939-ad39-80c4c73dd84b: receive RaftClientReply:client-8BD909272E8D->63cacea9-0392-4939-ad39-80c4c73dd84b@group-EE6C16B6C358, cid=1385, SUCCESS, logIndex=1963, commits[63cacea9-0392-4939-ad39-80c4c73dd84b:c1963, bd7b7fea-2a7b-4c3f-852f-c014e42bfcb7:c1959, 3b4aa678-22a6-4ae2-9c6a-0e71cdb9d6d0:c1959]
2019-07-10 03:37:25,708 INFO  client.GrpcClientProtocolClient (GrpcClientProtocolClient.java:onNext(255)) - client-8BD909272E8D->63cacea9-0392-4939-ad39-80c4c73dd84b: receive RaftClientReply:client-8BD909272E8D->63cacea9-0392-4939-ad39-80c4c73dd84b@group-EE6C16B6C358, cid=1386, SUCCESS, logIndex=0, commits[63cacea9-0392-4939-ad39-80c4c73dd84b:c1965, bd7b7fea-2a7b-4c3f-852f-c014e42bfcb7:c1963, 3b4aa678-22a6-4ae2-9c6a-0e71cdb9d6d0:c1963]
 0.00% |█                                                                                                    |  0/1 Time: 0:00:082019-07-10 03:37:25,737 INFO  client.GrpcClientProtocolClient (GrpcClientProtocolClient.java:onNext(255)) - client-8BD909272E8D->63cacea9-0392-4939-ad39-80c4c73dd84b: receive RaftClientReply:client-8BD909272E8D->63cacea9-0392-4939-ad39-80c4c73dd84b@group-EE6C16B6C358, cid=1387, SUCCESS, logIndex=1966, commits[63cacea9-0392-4939-ad39-80c4c73dd84b:c1967, bd7b7fea-2a7b-4c3f-852f-c014e42bfcb7:c1965, 3b4aa678-22a6-4ae2-9c6a-0e71cdb9d6d0:c1965]
2019-07-10 03:37:25,738 INFO  client.GrpcClientProtocolClient (GrpcClientProtocolClient.java:onNext(255)) - client-8BD909272E8D->63cacea9-0392-4939-ad39-80c4c73dd84b: receive RaftClientReply:client-8BD909272E8D->63cacea9-0392-4939-ad39-80c4c73dd84b@group-EE6C16B6C358, cid=1388, SUCCESS, logIndex=1967, commits[63cacea9-0392-4939-ad39-80c4c73dd84b:c1967, bd7b7fea-2a7b-4c3f-852f-c014e42bfcb7:c1965, 3b4aa678-22a6-4ae2-9c6a-0e71cdb9d6d0:c1965]
2019-07-10 03:37:25,738 INFO  client.GrpcClientProtocolClient (GrpcClientProtocolClient.java:onNext(255)) - client-8BD909272E8D->63cacea9-0392-4939-ad39-80c4c73dd84b: receive RaftClientReply:client-8BD909272E8D->63cacea9-0392-4939-ad39-80c4c73dd84b@group-EE6C16B6C358, cid=1389, SUCCESS, logIndex=1968, commits[63cacea9-0392-4939-ad39-80c4c73dd84b:c1969, bd7b7fea-2a7b-4c3f-852f-c014e42bfcb7:c1965, 3b4aa678-22a6-4ae2-9c6a-0e71cdb9d6d0:c1965]
2019-07-10 03:37:25,739 INFO  client.GrpcClientProtocolClient (GrpcClientProtocolClient.java:onNext(255)) - client-8BD909272E8D->63cacea9-0392-4939-ad39-80c4c73dd84b: receive RaftClientReply:client-8BD909272E8D->63cacea9-0392-4939-ad39-80c4c73dd84b@group-EE6C16B6C358, cid=1390, SUCCESS, logIndex=1969, commits[63cacea9-0392-4939-ad39-80c4c73dd84b:c1969, bd7b7fea-2a7b-4c3f-852f-c014e42bfcb7:c1965, 3b4aa678-22a6-4ae2-9c6a-0e71cdb9d6d0:c1965]
2019-07-10 03:37:25,741 INFO  client.GrpcClientProtocolClient (GrpcClientProtocolClient.java:onNext(255)) - client-8BD909272E8D->63cacea9-0392-4939-ad39-80c4c73dd84b: receive RaftClientReply:client-8BD909272E8D->63cacea9-0392-4939-ad39-80c4c73dd84b@group-EE6C16B6C358, cid=1391, SUCCESS, logIndex=0, commits[63cacea9-0392-4939-ad39-80c4c73dd84b:c1971, bd7b7fea-2a7b-4c3f-852f-c014e42bfcb7:c1967, 3b4aa678-22a6-4ae2-9c6a-0e71cdb9d6d0:c1967]
2019-07-10 03:37:25,761 INFO  client.GrpcClientProtocolClient (GrpcClientProtocolClient.java:onNext(255)) - client-8BD909272E8D->63cacea9-0392-4939-ad39-80c4c73dd84b: receive RaftClientReply:client-8BD909272E8D->63cacea9-0392-4939-ad39-80c4c73dd84b@group-EE6C16B6C358, cid=1392, SUCCESS, logIndex=1974, commits[63cacea9-0392-4939-ad39-80c4c73dd84b:c1975, bd7b7fea-2a7b-4c3f-852f-c014e42bfcb7:c1973, 3b4aa678-22a6-4ae2-9c6a-0e71cdb9d6d0:c1973]
2019-07-10 03:37:25,761 INFO  client.GrpcClientProtocolClient (GrpcClientProtocolClient.java:onNext(255)) - client-8BD909272E8D->63cacea9-0392-4939-ad39-80c4c73dd84b: receive RaftClientReply:client-8BD909272E8D->63cacea9-0392-4939-ad39-80c4c73dd84b@group-EE6C16B6C358, cid=1393, SUCCESS, logIndex=1975, commits[63cacea9-0392-4939-ad39-80c4c73dd84b:c1975, bd7b7fea-2a7b-4c3f-852f-c014e42bfcb7:c1973, 3b4aa678-22a6-4ae2-9c6a-0e71cdb9d6d0:c1973]
2019-07-10 03:37:25,775 INFO  client.GrpcClientProtocolClient (GrpcClientProtocolClient.java:onNext(255)) - client-8BD909272E8D->63cacea9-0392-4939-ad39-80c4c73dd84b: receive RaftClientReply:client-8BD909272E8D->63cacea9-0392-4939-ad39-80c4c73dd84b@group-EE6C16B6C358, cid=1394, SUCCESS, logIndex=1978, commits[63cacea9-0392-4939-ad39-80c4c73dd84b:c1978, bd7b7fea-2a7b-4c3f-852f-c014e42bfcb7:c1975, 3b4aa678-22a6-4ae2-9c6a-0e71cdb9d6d0:c1975]
2019-07-10 03:37:25,776 INFO  client.GrpcClientProtocolClient (GrpcClientProtocolClient.java:onNext(255)) - client-8BD909272E8D->63cacea9-0392-4939-ad39-80c4c73dd84b: receive RaftClientReply:client-8BD909272E8D->63cacea9-0392-4939-ad39-80c4c73dd84b@group-EE6C16B6C358, cid=1395, SUCCESS, logIndex=1979, commits[63cacea9-0392-4939-ad39-80c4c73dd84b:c1979, bd7b7fea-2a7b-4c3f-852f-c014e42bfcb7:c1975, 3b4aa678-22a6-4ae2-9c6a-0e71cdb9d6d0:c1975]
2019-07-10 03:37:25,790 INFO  client.GrpcClientProtocolClient (GrpcClientProtocolClient.java:onNext(255)) - client-8BD909272E8D->63cacea9-0392-4939-ad39-80c4c73dd84b: receive RaftClientReply:client-8BD909272E8D->63cacea9-0392-4939-ad39-80c4c73dd84b@group-EE6C16B6C358, cid=1396, SUCCESS, logIndex=0, commits[63cacea9-0392-4939-ad39-80c4c73dd84b:c1980, bd7b7fea-2a7b-4c3f-852f-c014e42bfcb7:c1979, 3b4aa678-22a6-4ae2-9c6a-0e71cdb9d6d0:c1979]
2019-07-10 03:37:25,921 INFO  client.GrpcClientProtocolClient (GrpcClientProtocolClient.java:onNext(255)) - client-8BD909272E8D->63cacea9-0392-4939-ad39-80c4c73dd84b: receive RaftClientReply:client-8BD909272E8D->63cacea9-0392-4939-ad39-80c4c73dd84b@group-EE6C16B6C358, cid=1397, SUCCESS, logIndex=1982, commits[63cacea9-0392-4939-ad39-80c4c73dd84b:c1982, bd7b7fea-2a7b-4c3f-852f-c014e42bfcb7:c1981, 3b4aa678-22a6-4ae2-9c6a-0e71cdb9d6d0:c1981]
2019-07-10 03:37:25,923 INFO  client.GrpcClientProtocolClient (GrpcClientProtocolClient.java:onNext(255)) - client-8BD909272E8D->63cacea9-0392-4939-ad39-80c4c73dd84b: receive RaftClientReply:client-8BD909272E8D->63cacea9-0392-4939-ad39-80c4c73dd84b@group-EE6C16B6C358, cid=1398, SUCCESS, logIndex=1983, commits[63cacea9-0392-4939-ad39-80c4c73dd84b:c1983, bd7b7fea-2a7b-4c3f-852f-c014e42bfcb7:c1981, 3b4aa678-22a6-4ae2-9c6a-0e71cdb9d6d0:c1981]
2019-07-10 03:37:25,930 INFO  client.GrpcClientProtocolClient (GrpcClientProtocolClient.java:onNext(255)) - client-8BD909272E8D->63cacea9-0392-4939-ad39-80c4c73dd84b: receive RaftClientReply:client-8BD909272E8D->63cacea9-0392-4939-ad39-80c4c73dd84b@group-EE6C16B6C358, cid=1399, SUCCESS, logIndex=1984, commits[63cacea9-0392-4939-ad39-80c4c73dd84b:c1984, bd7b7fea-2a7b-4c3f-852f-c014e42bfcb7:c1981, 3b4aa678-22a6-4ae2-9c6a-0e71cdb9d6d0:c1981]
2019-07-10 03:37:25,933 INFO  client.GrpcClientProtocolClient (GrpcClientProtocolClient.java:onNext(255)) - client-8BD909272E8D->63cacea9-0392-4939-ad39-80c4c73dd84b: receive RaftClientReply:client-8BD909272E8D->63cacea9-0392-4939-ad39-80c4c73dd84b@group-EE6C16B6C358, cid=1400, SUCCESS, logIndex=1985, commits[63cacea9-0392-4939-ad39-80c4c73dd84b:c1985, bd7b7fea-2a7b-4c3f-852f-c014e42bfcb7:c1981, 3b4aa678-22a6-4ae2-9c6a-0e71cdb9d6d0:c1981]
2019-07-10 03:37:25,940 INFO  client.GrpcClientProtocolClient (GrpcClientProtocolClient.java:onNext(255)) - client-8BD909272E8D->63cacea9-0392-4939-ad39-80c4c73dd84b: receive RaftClientReply:client-8BD909272E8D->63cacea9-0392-4939-ad39-80c4c73dd84b@group-EE6C16B6C358, cid=1401, SUCCESS, logIndex=0, commits[63cacea9-0392-4939-ad39-80c4c73dd84b:c1987, bd7b7fea-2a7b-4c3f-852f-c014e42bfcb7:c1983, 3b4aa678-22a6-4ae2-9c6a-0e71cdb9d6d0:c1983]
2019-07-10 03:37:25,962 INFO  client.GrpcClientProtocolClient (GrpcClientProtocolClient.java:onNext(255)) - client-8BD909272E8D->63cacea9-0392-4939-ad39-80c4c73dd84b: receive RaftClientReply:client-8BD909272E8D->63cacea9-0392-4939-ad39-80c4c73dd84b@group-EE6C16B6C358, cid=1402, SUCCESS, logIndex=1990, commits[63cacea9-0392-4939-ad39-80c4c73dd84b:c1991, bd7b7fea-2a7b-4c3f-852f-c014e42bfcb7:c1989, 3b4aa678-22a6-4ae2-9c6a-0e71cdb9d6d0:c1989]
2019-07-10 03:37:25,963 INFO  client.GrpcClientProtocolClient (GrpcClientProtocolClient.java:onNext(255)) - client-8BD909272E8D->63cacea9-0392-4939-ad39-80c4c73dd84b: receive RaftClientReply:client-8BD909272E8D->63cacea9-0392-4939-ad39-80c4c73dd84b@group-EE6C16B6C358, cid=1403, SUCCESS, logIndex=1991, commits[63cacea9-0392-4939-ad39-80c4c73dd84b:c1991, bd7b7fea-2a7b-4c3f-852f-c014e42bfcb7:c1989, 3b4aa678-22a6-4ae2-9c6a-0e71cdb9d6d0:c1989]
2019-07-10 03:37:25,982 INFO  client.GrpcClientProtocolClient (GrpcClientProtocolClient.java:onNext(255)) - client-8BD909272E8D->63cacea9-0392-4939-ad39-80c4c73dd84b: receive RaftClientReply:client-8BD909272E8D->63cacea9-0392-4939-ad39-80c4c73dd84b@group-EE6C16B6C358, cid=1404, SUCCESS, logIndex=1994, commits[63cacea9-0392-4939-ad39-80c4c73dd84b:c1995, bd7b7fea-2a7b-4c3f-852f-c014e42bfcb7:c1990, 3b4aa678-22a6-4ae2-9c6a-0e71cdb9d6d0:c1991]
2019-07-10 03:37:25,982 INFO  client.GrpcClientProtocolClient (GrpcClientProtocolClient.java:onNext(255)) - client-8BD909272E8D->63cacea9-0392-4939-ad39-80c4c73dd84b: receive RaftClientReply:client-8BD909272E8D->63cacea9-0392-4939-ad39-80c4c73dd84b@group-EE6C16B6C358, cid=1405, SUCCESS, logIndex=1995, commits[63cacea9-0392-4939-ad39-80c4c73dd84b:c1995, bd7b7fea-2a7b-4c3f-852f-c014e42bfcb7:c1991, 3b4aa678-22a6-4ae2-9c6a-0e71cdb9d6d0:c1991]
2019-07-10 03:37:25,994 INFO  client.GrpcClientProtocolClient (GrpcClientProtocolClient.java:onNext(255)) - client-8BD909272E8D->63cacea9-0392-4939-ad39-80c4c73dd84b: receive RaftClientReply:client-8BD909272E8D->63cacea9-0392-4939-ad39-80c4c73dd84b@group-EE6C16B6C358, cid=1406, SUCCESS, logIndex=0, commits[63cacea9-0392-4939-ad39-80c4c73dd84b:c1996, bd7b7fea-2a7b-4c3f-852f-c014e42bfcb7:c1995, 3b4aa678-22a6-4ae2-9c6a-0e71cdb9d6d0:c1995]
2019-07-10 03:37:26,025 INFO  client.GrpcClientProtocolClient (GrpcClientProtocolClient.java:onNext(255)) - client-8BD909272E8D->63cacea9-0392-4939-ad39-80c4c73dd84b: receive RaftClientReply:client-8BD909272E8D->63cacea9-0392-4939-ad39-80c4c73dd84b@group-EE6C16B6C358, cid=1407, SUCCESS, logIndex=1997, commits[63cacea9-0392-4939-ad39-80c4c73dd84b:c2000, bd7b7fea-2a7b-4c3f-852f-c014e42bfcb7:c1996, 3b4aa678-22a6-4ae2-9c6a-0e71cdb9d6d0:c1996]
2019-07-10 03:37:26,027 INFO  client.GrpcClientProtocolClient (GrpcClientProtocolClient.java:onNext(255)) - client-8BD909272E8D->63cacea9-0392-4939-ad39-80c4c73dd84b: receive RaftClientReply:client-8BD909272E8D->63cacea9-0392-4939-ad39-80c4c73dd84b@group-EE6C16B6C358, cid=1408, SUCCESS, logIndex=1998, commits[63cacea9-0392-4939-ad39-80c4c73dd84b:c2000, bd7b7fea-2a7b-4c3f-852f-c014e42bfcb7:c1996, 3b4aa678-22a6-4ae2-9c6a-0e71cdb9d6d0:c1996]
2019-07-10 03:37:26,027 INFO  client.GrpcClientProtocolClient (GrpcClientProtocolClient.java:onNext(255)) - client-8BD909272E8D->63cacea9-0392-4939-ad39-80c4c73dd84b: receive RaftClientReply:client-8BD909272E8D->63cacea9-0392-4939-ad39-80c4c73dd84b@group-EE6C16B6C358, cid=1409, SUCCESS, logIndex=1999, commits[63cacea9-0392-4939-ad39-80c4c73dd84b:c2000, bd7b7fea-2a7b-4c3f-852f-c014e42bfcb7:c1996, 3b4aa678-22a6-4ae2-9c6a-0e71cdb9d6d0:c1996]
2019-07-10 03:37:26,027 INFO  client.GrpcClientProtocolClient (GrpcClientProtocolClient.java:onNext(255)) - client-8BD909272E8D->63cacea9-0392-4939-ad39-80c4c73dd84b: receive RaftClientReply:client-8BD909272E8D->63cacea9-0392-4939-ad39-80c4c73dd84b@group-EE6C16B6C358, cid=1410, SUCCESS, logIndex=2000, commits[63cacea9-0392-4939-ad39-80c4c73dd84b:c2000, bd7b7fea-2a7b-4c3f-852f-c014e42bfcb7:c1996, 3b4aa678-22a6-4ae2-9c6a-0e71cdb9d6d0:c1996]
2019-07-10 03:37:26,037 INFO  client.GrpcClientProtocolClient (GrpcClientProtocolClient.java:onNext(255)) - client-8BD909272E8D->63cacea9-0392-4939-ad39-80c4c73dd84b: receive RaftClientReply:client-8BD909272E8D->63cacea9-0392-4939-ad39-80c4c73dd84b@group-EE6C16B6C358, cid=1411, SUCCESS, logIndex=0, commits[63cacea9-0392-4939-ad39-80c4c73dd84b:c2001, bd7b7fea-2a7b-4c3f-852f-c014e42bfcb7:c1999, 3b4aa678-22a6-4ae2-9c6a-0e71cdb9d6d0:c1999]
2019-07-10 03:37:26,056 INFO  client.GrpcClientProtocolClient (GrpcClientProtocolClient.java:onNext(255)) - client-8BD909272E8D->63cacea9-0392-4939-ad39-80c4c73dd84b: receive RaftClientReply:client-8BD909272E8D->63cacea9-0392-4939-ad39-80c4c73dd84b@group-EE6C16B6C358, cid=1412, SUCCESS, logIndex=2004, commits[63cacea9-0392-4939-ad39-80c4c73dd84b:c2005, bd7b7fea-2a7b-4c3f-852f-c014e42bfcb7:c2003, 3b4aa678-22a6-4ae2-9c6a-0e71cdb9d6d0:c2003]
2019-07-10 03:37:26,057 INFO  client.GrpcClientProtocolClient (GrpcClientProtocolClient.java:onNext(255)) - client-8BD909272E8D->63cacea9-0392-4939-ad39-80c4c73dd84b: receive RaftClientReply:client-8BD909272E8D->63cacea9-0392-4939-ad39-80c4c73dd84b@group-EE6C16B6C358, cid=1413, SUCCESS, logIndex=2005, commits[63cacea9-0392-4939-ad39-80c4c73dd84b:c2005, bd7b7fea-2a7b-4c3f-852f-c014e42bfcb7:c2003, 3b4aa678-22a6-4ae2-9c6a-0e71cdb9d6d0:c2003]
2019-07-10 03:37:26,070 INFO  client.GrpcClientProtocolClient (GrpcClientProtocolClient.java:onNext(255)) - client-8BD909272E8D->63cacea9-0392-4939-ad39-80c4c73dd84b: receive RaftClientReply:client-8BD909272E8D->63cacea9-0392-4939-ad39-80c4c73dd84b@group-EE6C16B6C358, cid=1414, SUCCESS, logIndex=2008, commits[63cacea9-0392-4939-ad39-80c4c73dd84b:c2009, bd7b7fea-2a7b-4c3f-852f-c014e42bfcb7:c2005, 3b4aa678-22a6-4ae2-9c6a-0e71cdb9d6d0:c2005]
2019-07-10 03:37:26,071 INFO  client.GrpcClientProtocolClient (GrpcClientProtocolClient.java:onNext(255)) - client-8BD909272E8D->63cacea9-0392-4939-ad39-80c4c73dd84b: receive RaftClientReply:client-8BD909272E8D->63cacea9-0392-4939-ad39-80c4c73dd84b@group-EE6C16B6C358, cid=1415, SUCCESS, logIndex=2009, commits[63cacea9-0392-4939-ad39-80c4c73dd84b:c2009, bd7b7fea-2a7b-4c3f-852f-c014e42bfcb7:c2005, 3b4aa678-22a6-4ae2-9c6a-0e71cdb9d6d0:c2005]
2019-07-10 03:37:26,085 INFO  client.GrpcClientProtocolClient (GrpcClientProtocolClient.java:onNext(255)) - client-8BD909272E8D->63cacea9-0392-4939-ad39-80c4c73dd84b: receive RaftClientReply:client-8BD909272E8D->63cacea9-0392-4939-ad39-80c4c73dd84b@group-EE6C16B6C358, cid=1416, SUCCESS, logIndex=0, commits[63cacea9-0392-4939-ad39-80c4c73dd84b:c2011, bd7b7fea-2a7b-4c3f-852f-c014e42bfcb7:c2009, 3b4aa678-22a6-4ae2-9c6a-0e71cdb9d6d0:c2009]
2019-07-10 03:37:26,112 INFO  client.GrpcClientProtocolClient (GrpcClientProtocolClient.java:onNext(255)) - client-8BD909272E8D->63cacea9-0392-4939-ad39-80c4c73dd84b: receive RaftClientReply:client-8BD909272E8D->63cacea9-0392-4939-ad39-80c4c73dd84b@group-EE6C16B6C358, cid=1417, SUCCESS, logIndex=2012, commits[63cacea9-0392-4939-ad39-80c4c73dd84b:c2013, bd7b7fea-2a7b-4c3f-852f-c014e42bfcb7:c2011, 3b4aa678-22a6-4ae2-9c6a-0e71cdb9d6d0:c2011]
2019-07-10 03:37:26,113 INFO  client.GrpcClientProtocolClient (GrpcClientProtocolClient.java:onNext(255)) - client-8BD909272E8D->63cacea9-0392-4939-ad39-80c4c73dd84b: receive RaftClientReply:client-8BD909272E8D->63cacea9-0392-4939-ad39-80c4c73dd84b@group-EE6C16B6C358, cid=1418, SUCCESS, logIndex=2013, commits[63cacea9-0392-4939-ad39-80c4c73dd84b:c2013, bd7b7fea-2a7b-4c3f-852f-c014e42bfcb7:c2011, 3b4aa678-22a6-4ae2-9c6a-0e71cdb9d6d0:c2011]
2019-07-10 03:37:26,113 INFO  client.GrpcClientProtocolClient (GrpcClientProtocolClient.java:onNext(255)) - client-8BD909272E8D->63cacea9-0392-4939-ad39-80c4c73dd84b: receive RaftClientReply:client-8BD909272E8D->63cacea9-0392-4939-ad39-80c4c73dd84b@group-EE6C16B6C358, cid=1419, SUCCESS, logIndex=2014, commits[63cacea9-0392-4939-ad39-80c4c73dd84b:c2015, bd7b7fea-2a7b-4c3f-852f-c014e42bfcb7:c2011, 3b4aa678-22a6-4ae2-9c6a-0e71cdb9d6d0:c2011]
2019-07-10 03:37:26,113 INFO  client.GrpcClientProtocolClient (GrpcClientProtocolClient.java:onNext(255)) - client-8BD909272E8D->63cacea9-0392-4939-ad39-80c4c73dd84b: receive RaftClientReply:client-8BD909272E8D->63cacea9-0392-4939-ad39-80c4c73dd84b@group-EE6C16B6C358, cid=1420, SUCCESS, logIndex=2015, commits[63cacea9-0392-4939-ad39-80c4c73dd84b:c2015, bd7b7fea-2a7b-4c3f-852f-c014e42bfcb7:c2011, 3b4aa678-22a6-4ae2-9c6a-0e71cdb9d6d0:c2011]
2019-07-10 03:37:26,126 INFO  client.GrpcClientProtocolClient (GrpcClientProtocolClient.java:onNext(255)) - client-8BD909272E8D->63cacea9-0392-4939-ad39-80c4c73dd84b: receive RaftClientReply:client-8BD909272E8D->63cacea9-0392-4939-ad39-80c4c73dd84b@group-EE6C16B6C358, cid=1421, SUCCESS, logIndex=0, commits[63cacea9-0392-4939-ad39-80c4c73dd84b:c2017, bd7b7fea-2a7b-4c3f-852f-c014e42bfcb7:c2013, 3b4aa678-22a6-4ae2-9c6a-0e71cdb9d6d0:c2013]
2019-07-10 03:37:26,145 INFO  client.GrpcClientProtocolClient (GrpcClientProtocolClient.java:onNext(255)) - client-8BD909272E8D->63cacea9-0392-4939-ad39-80c4c73dd84b: receive RaftClientReply:client-8BD909272E8D->63cacea9-0392-4939-ad39-80c4c73dd84b@group-EE6C16B6C358, cid=1422, SUCCESS, logIndex=2020, commits[63cacea9-0392-4939-ad39-80c4c73dd84b:c2021, bd7b7fea-2a7b-4c3f-852f-c014e42bfcb7:c2019, 3b4aa678-22a6-4ae2-9c6a-0e71cdb9d6d0:c2019]
2019-07-10 03:37:26,145 INFO  client.GrpcClientProtocolClient (GrpcClientProtocolClient.java:onNext(255)) - client-8BD909272E8D->63cacea9-0392-4939-ad39-80c4c73dd84b: receive RaftClientReply:client-8BD909272E8D->63cacea9-0392-4939-ad39-80c4c73dd84b@group-EE6C16B6C358, cid=1423, SUCCESS, logIndex=2021, commits[63cacea9-0392-4939-ad39-80c4c73dd84b:c2021, bd7b7fea-2a7b-4c3f-852f-c014e42bfcb7:c2019, 3b4aa678-22a6-4ae2-9c6a-0e71cdb9d6d0:c2019]
2019-07-10 03:37:26,160 INFO  client.GrpcClientProtocolClient (GrpcClientProtocolClient.java:onNext(255)) - client-8BD909272E8D->63cacea9-0392-4939-ad39-80c4c73dd84b: receive RaftClientReply:client-8BD909272E8D->63cacea9-0392-4939-ad39-80c4c73dd84b@group-EE6C16B6C358, cid=1424, SUCCESS, logIndex=2024, commits[63cacea9-0392-4939-ad39-80c4c73dd84b:c2025, bd7b7fea-2a7b-4c3f-852f-c014e42bfcb7:c2021, 3b4aa678-22a6-4ae2-9c6a-0e71cdb9d6d0:c2021]
2019-07-10 03:37:26,161 INFO  client.GrpcClientProtocolClient (GrpcClientProtocolClient.java:onNext(255)) - client-8BD909272E8D->63cacea9-0392-4939-ad39-80c4c73dd84b: receive RaftClientReply:client-8BD909272E8D->63cacea9-0392-4939-ad39-80c4c73dd84b@group-EE6C16B6C358, cid=1425, SUCCESS, logIndex=2025, commits[63cacea9-0392-4939-ad39-80c4c73dd84b:c2025, bd7b7fea-2a7b-4c3f-852f-c014e42bfcb7:c2021, 3b4aa678-22a6-4ae2-9c6a-0e71cdb9d6d0:c2021]
2019-07-10 03:37:26,186 INFO  client.GrpcClientProtocolClient (GrpcClientProtocolClient.java:onNext(255)) - client-8BD909272E8D->63cacea9-0392-4939-ad39-80c4c73dd84b: receive RaftClientReply:client-8BD909272E8D->63cacea9-0392-4939-ad39-80c4c73dd84b@group-EE6C16B6C358, cid=1426, SUCCESS, logIndex=0, commits[63cacea9-0392-4939-ad39-80c4c73dd84b:c2027, bd7b7fea-2a7b-4c3f-852f-c014e42bfcb7:c2025, 3b4aa678-22a6-4ae2-9c6a-0e71cdb9d6d0:c2025]
2019-07-10 03:37:26,206 INFO  client.GrpcClientProtocolClient (GrpcClientProtocolClient.java:onNext(255)) - client-8BD909272E8D->63cacea9-0392-4939-ad39-80c4c73dd84b: receive RaftClientReply:client-8BD909272E8D->63cacea9-0392-4939-ad39-80c4c73dd84b@group-EE6C16B6C358, cid=1427, SUCCESS, logIndex=2028, commits[63cacea9-0392-4939-ad39-80c4c73dd84b:c2031, bd7b7fea-2a7b-4c3f-852f-c014e42bfcb7:c2025, 3b4aa678-22a6-4ae2-9c6a-0e71cdb9d6d0:c2027]
2019-07-10 03:37:26,207 INFO  client.GrpcClientProtocolClient (GrpcClientProtocolClient.java:onNext(255)) - client-8BD909272E8D->63cacea9-0392-4939-ad39-80c4c73dd84b: receive RaftClientReply:client-8BD909272E8D->63cacea9-0392-4939-ad39-80c4c73dd84b@group-EE6C16B6C358, cid=1428, SUCCESS, logIndex=2029, commits[63cacea9-0392-4939-ad39-80c4c73dd84b:c2031, bd7b7fea-2a7b-4c3f-852f-c014e42bfcb7:c2027, 3b4aa678-22a6-4ae2-9c6a-0e71cdb9d6d0:c2027]
2019-07-10 03:37:26,208 INFO  client.GrpcClientProtocolClient (GrpcClientProtocolClient.java:onNext(255)) - client-8BD909272E8D->63cacea9-0392-4939-ad39-80c4c73dd84b: receive RaftClientReply:client-8BD909272E8D->63cacea9-0392-4939-ad39-80c4c73dd84b@group-EE6C16B6C358, cid=1429, SUCCESS, logIndex=2030, commits[63cacea9-0392-4939-ad39-80c4c73dd84b:c2031, bd7b7fea-2a7b-4c3f-852f-c014e42bfcb7:c2027, 3b4aa678-22a6-4ae2-9c6a-0e71cdb9d6d0:c2027]
2019-07-10 03:37:26,208 INFO  client.GrpcClientProtocolClient (GrpcClientProtocolClient.java:onNext(255)) - client-8BD909272E8D->63cacea9-0392-4939-ad39-80c4c73dd84b: receive RaftClientReply:client-8BD909272E8D->63cacea9-0392-4939-ad39-80c4c73dd84b@group-EE6C16B6C358, cid=1430, SUCCESS, logIndex=2031, commits[63cacea9-0392-4939-ad39-80c4c73dd84b:c2032, bd7b7fea-2a7b-4c3f-852f-c014e42bfcb7:c2027, 3b4aa678-22a6-4ae2-9c6a-0e71cdb9d6d0:c2029]
2019-07-10 03:37:26,209 INFO  client.GrpcClientProtocolClient (GrpcClientProtocolClient.java:onNext(255)) - client-8BD909272E8D->63cacea9-0392-4939-ad39-80c4c73dd84b: receive RaftClientReply:client-8BD909272E8D->63cacea9-0392-4939-ad39-80c4c73dd84b@group-EE6C16B6C358, cid=1431, SUCCESS, logIndex=0, commits[63cacea9-0392-4939-ad39-80c4c73dd84b:c2035, bd7b7fea-2a7b-4c3f-852f-c014e42bfcb7:c2031, 3b4aa678-22a6-4ae2-9c6a-0e71cdb9d6d0:c2031]
2019-07-10 03:37:26,238 INFO  client.GrpcClientProtocolClient (GrpcClientProtocolClient.java:onNext(255)) - client-8BD909272E8D->63cacea9-0392-4939-ad39-80c4c73dd84b: receive RaftClientReply:client-8BD909272E8D->63cacea9-0392-4939-ad39-80c4c73dd84b@group-EE6C16B6C358, cid=1432, SUCCESS, logIndex=2036, commits[63cacea9-0392-4939-ad39-80c4c73dd84b:c2037, bd7b7fea-2a7b-4c3f-852f-c014e42bfcb7:c2035, 3b4aa678-22a6-4ae2-9c6a-0e71cdb9d6d0:c2035]
2019-07-10 03:37:26,239 INFO  client.GrpcClientProtocolClient (GrpcClientProtocolClient.java:onNext(255)) - client-8BD909272E8D->63cacea9-0392-4939-ad39-80c4c73dd84b: receive RaftClientReply:client-8BD909272E8D->63cacea9-0392-4939-ad39-80c4c73dd84b@group-EE6C16B6C358, cid=1433, SUCCESS, logIndex=2037, commits[63cacea9-0392-4939-ad39-80c4c73dd84b:c2037, bd7b7fea-2a7b-4c3f-852f-c014e42bfcb7:c2035, 3b4aa678-22a6-4ae2-9c6a-0e71cdb9d6d0:c2035]
2019-07-10 03:37:26,264 INFO  client.GrpcClientProtocolClient (GrpcClientProtocolClient.java:onNext(255)) - client-8BD909272E8D->63cacea9-0392-4939-ad39-80c4c73dd84b: receive RaftClientReply:client-8BD909272E8D->63cacea9-0392-4939-ad39-80c4c73dd84b@group-EE6C16B6C358, cid=1434, SUCCESS, logIndex=2040, commits[63cacea9-0392-4939-ad39-80c4c73dd84b:c2041, bd7b7fea-2a7b-4c3f-852f-c014e42bfcb7:c2037, 3b4aa678-22a6-4ae2-9c6a-0e71cdb9d6d0:c2037]
2019-07-10 03:37:26,264 INFO  client.GrpcClientProtocolClient (GrpcClientProtocolClient.java:onNext(255)) - client-8BD909272E8D->63cacea9-0392-4939-ad39-80c4c73dd84b: receive RaftClientReply:client-8BD909272E8D->63cacea9-0392-4939-ad39-80c4c73dd84b@group-EE6C16B6C358, cid=1435, SUCCESS, logIndex=2041, commits[63cacea9-0392-4939-ad39-80c4c73dd84b:c2041, bd7b7fea-2a7b-4c3f-852f-c014e42bfcb7:c2037, 3b4aa678-22a6-4ae2-9c6a-0e71cdb9d6d0:c2037]
2019-07-10 03:37:26,274 INFO  client.GrpcClientProtocolClient (GrpcClientProtocolClient.java:onNext(255)) - client-8BD909272E8D->63cacea9-0392-4939-ad39-80c4c73dd84b: receive RaftClientReply:client-8BD909272E8D->63cacea9-0392-4939-ad39-80c4c73dd84b@group-EE6C16B6C358, cid=1436, SUCCESS, logIndex=0, commits[63cacea9-0392-4939-ad39-80c4c73dd84b:c2042, bd7b7fea-2a7b-4c3f-852f-c014e42bfcb7:c2041, 3b4aa678-22a6-4ae2-9c6a-0e71cdb9d6d0:c2041]
2019-07-10 03:37:26,303 INFO  client.GrpcClientProtocolClient (GrpcClientProtocolClient.java:onNext(255)) - client-8BD909272E8D->63cacea9-0392-4939-ad39-80c4c73dd84b: receive RaftClientReply:client-8BD909272E8D->63cacea9-0392-4939-ad39-80c4c73dd84b@group-EE6C16B6C358, cid=1437, SUCCESS, logIndex=2044, commits[63cacea9-0392-4939-ad39-80c4c73dd84b:c2045, bd7b7fea-2a7b-4c3f-852f-c014e42bfcb7:c2043, 3b4aa678-22a6-4ae2-9c6a-0e71cdb9d6d0:c2043]
2019-07-10 03:37:26,304 INFO  client.GrpcClientProtocolClient (GrpcClientProtocolClient.java:onNext(255)) - client-8BD909272E8D->63cacea9-0392-4939-ad39-80c4c73dd84b: receive RaftClientReply:client-8BD909272E8D->63cacea9-0392-4939-ad39-80c4c73dd84b@group-EE6C16B6C358, cid=1438, SUCCESS, logIndex=2045, commits[63cacea9-0392-4939-ad39-80c4c73dd84b:c2046, bd7b7fea-2a7b-4c3f-852f-c014e42bfcb7:c2043, 3b4aa678-22a6-4ae2-9c6a-0e71cdb9d6d0:c2043]
2019-07-10 03:37:26,304 INFO  client.GrpcClientProtocolClient (GrpcClientProtocolClient.java:onNext(255)) - client-8BD909272E8D->63cacea9-0392-4939-ad39-80c4c73dd84b: receive RaftClientReply:client-8BD909272E8D->63cacea9-0392-4939-ad39-80c4c73dd84b@group-EE6C16B6C358, cid=1439, SUCCESS, logIndex=2046, commits[63cacea9-0392-4939-ad39-80c4c73dd84b:c2046, bd7b7fea-2a7b-4c3f-852f-c014e42bfcb7:c2043, 3b4aa678-22a6-4ae2-9c6a-0e71cdb9d6d0:c2043]
2019-07-10 03:37:26,304 INFO  client.GrpcClientProtocolClient (GrpcClientProtocolClient.java:onNext(255)) - client-8BD909272E8D->63cacea9-0392-4939-ad39-80c4c73dd84b: receive RaftClientReply:client-8BD909272E8D->63cacea9-0392-4939-ad39-80c4c73dd84b@group-EE6C16B6C358, cid=1440, SUCCESS, logIndex=2047, commits[63cacea9-0392-4939-ad39-80c4c73dd84b:c2047, bd7b7fea-2a7b-4c3f-852f-c014e42bfcb7:c2043, 3b4aa678-22a6-4ae2-9c6a-0e71cdb9d6d0:c2043]
2019-07-10 03:37:26,317 INFO  client.GrpcClientProtocolClient (GrpcClientProtocolClient.java:onNext(255)) - client-8BD909272E8D->63cacea9-0392-4939-ad39-80c4c73dd84b: receive RaftClientReply:client-8BD909272E8D->63cacea9-0392-4939-ad39-80c4c73dd84b@group-EE6C16B6C358, cid=1441, SUCCESS, logIndex=0, commits[63cacea9-0392-4939-ad39-80c4c73dd84b:c2049, bd7b7fea-2a7b-4c3f-852f-c014e42bfcb7:c2045, 3b4aa678-22a6-4ae2-9c6a-0e71cdb9d6d0:c2045]
2019-07-10 03:37:26,339 INFO  client.GrpcClientProtocolClient (GrpcClientProtocolClient.java:onNext(255)) - client-8BD909272E8D->63cacea9-0392-4939-ad39-80c4c73dd84b: receive RaftClientReply:client-8BD909272E8D->63cacea9-0392-4939-ad39-80c4c73dd84b@group-EE6C16B6C358, cid=1442, SUCCESS, logIndex=2052, commits[63cacea9-0392-4939-ad39-80c4c73dd84b:c2053, bd7b7fea-2a7b-4c3f-852f-c014e42bfcb7:c2051, 3b4aa678-22a6-4ae2-9c6a-0e71cdb9d6d0:c2051]
2019-07-10 03:37:26,339 INFO  client.GrpcClientProtocolClient (GrpcClientProtocolClient.java:onNext(255)) - client-8BD909272E8D->63cacea9-0392-4939-ad39-80c4c73dd84b: receive RaftClientReply:client-8BD909272E8D->63cacea9-0392-4939-ad39-80c4c73dd84b@group-EE6C16B6C358, cid=1443, SUCCESS, logIndex=2053, commits[63cacea9-0392-4939-ad39-80c4c73dd84b:c2053, bd7b7fea-2a7b-4c3f-852f-c014e42bfcb7:c2051, 3b4aa678-22a6-4ae2-9c6a-0e71cdb9d6d0:c2051]
2019-07-10 03:37:26,352 INFO  client.GrpcClientProtocolClient (GrpcClientProtocolClient.java:onNext(255)) - client-8BD909272E8D->63cacea9-0392-4939-ad39-80c4c73dd84b: receive RaftClientReply:client-8BD909272E8D->63cacea9-0392-4939-ad39-80c4c73dd84b@group-EE6C16B6C358, cid=1444, SUCCESS, logIndex=2056, commits[63cacea9-0392-4939-ad39-80c4c73dd84b:c2057, bd7b7fea-2a7b-4c3f-852f-c014e42bfcb7:c2052, 3b4aa678-22a6-4ae2-9c6a-0e71cdb9d6d0:c2053]
2019-07-10 03:37:26,353 INFO  client.GrpcClientProtocolClient (GrpcClientProtocolClient.java:onNext(255)) - client-8BD909272E8D->63cacea9-0392-4939-ad39-80c4c73dd84b: receive RaftClientReply:client-8BD909272E8D->63cacea9-0392-4939-ad39-80c4c73dd84b@group-EE6C16B6C358, cid=1445, SUCCESS, logIndex=2057, commits[63cacea9-0392-4939-ad39-80c4c73dd84b:c2057, bd7b7fea-2a7b-4c3f-852f-c014e42bfcb7:c2053, 3b4aa678-22a6-4ae2-9c6a-0e71cdb9d6d0:c2053]
2019-07-10 03:37:26,354 INFO  client.GrpcClientProtocolClient (GrpcClientProtocolClient.java:onNext(255)) - client-8BD909272E8D->63cacea9-0392-4939-ad39-80c4c73dd84b: receive RaftClientReply:client-8BD909272E8D->63cacea9-0392-4939-ad39-80c4c73dd84b@group-EE6C16B6C358, cid=1446, SUCCESS, logIndex=0, commits[63cacea9-0392-4939-ad39-80c4c73dd84b:c2058, bd7b7fea-2a7b-4c3f-852f-c014e42bfcb7:c2057, 3b4aa678-22a6-4ae2-9c6a-0e71cdb9d6d0:c2057]
2019-07-10 03:37:26,383 INFO  client.GrpcClientProtocolClient (GrpcClientProtocolClient.java:onNext(255)) - client-8BD909272E8D->63cacea9-0392-4939-ad39-80c4c73dd84b: receive RaftClientReply:client-8BD909272E8D->63cacea9-0392-4939-ad39-80c4c73dd84b@group-EE6C16B6C358, cid=1447, SUCCESS, logIndex=2060, commits[63cacea9-0392-4939-ad39-80c4c73dd84b:c2061, bd7b7fea-2a7b-4c3f-852f-c014e42bfcb7:c2059, 3b4aa678-22a6-4ae2-9c6a-0e71cdb9d6d0:c2059]
2019-07-10 03:37:26,383 INFO  client.GrpcClientProtocolClient (GrpcClientProtocolClient.java:onNext(255)) - client-8BD909272E8D->63cacea9-0392-4939-ad39-80c4c73dd84b: receive RaftClientReply:client-8BD909272E8D->63cacea9-0392-4939-ad39-80c4c73dd84b@group-EE6C16B6C358, cid=1448, SUCCESS, logIndex=2061, commits[63cacea9-0392-4939-ad39-80c4c73dd84b:c2061, bd7b7fea-2a7b-4c3f-852f-c014e42bfcb7:c2059, 3b4aa678-22a6-4ae2-9c6a-0e71cdb9d6d0:c2059]
2019-07-10 03:37:26,384 INFO  client.GrpcClientProtocolClient (GrpcClientProtocolClient.java:onNext(255)) - client-8BD909272E8D->63cacea9-0392-4939-ad39-80c4c73dd84b: receive RaftClientReply:client-8BD909272E8D->63cacea9-0392-4939-ad39-80c4c73dd84b@group-EE6C16B6C358, cid=1449, SUCCESS, logIndex=2062, commits[63cacea9-0392-4939-ad39-80c4c73dd84b:c2063, bd7b7fea-2a7b-4c3f-852f-c014e42bfcb7:c2059, 3b4aa678-22a6-4ae2-9c6a-0e71cdb9d6d0:c2059]
2019-07-10 03:37:26,384 INFO  client.GrpcClientProtocolClient (GrpcClientProtocolClient.java:onNext(255)) - client-8BD909272E8D->63cacea9-0392-4939-ad39-80c4c73dd84b: receive RaftClientReply:client-8BD909272E8D->63cacea9-0392-4939-ad39-80c4c73dd84b@group-EE6C16B6C358, cid=1450, SUCCESS, logIndex=2063, commits[63cacea9-0392-4939-ad39-80c4c73dd84b:c2063, bd7b7fea-2a7b-4c3f-852f-c014e42bfcb7:c2059, 3b4aa678-22a6-4ae2-9c6a-0e71cdb9d6d0:c2059]
2019-07-10 03:37:26,398 INFO  client.GrpcClientProtocolClient (GrpcClientProtocolClient.java:onNext(255)) - client-8BD909272E8D->63cacea9-0392-4939-ad39-80c4c73dd84b: receive RaftClientReply:client-8BD909272E8D->63cacea9-0392-4939-ad39-80c4c73dd84b@group-EE6C16B6C358, cid=1451, SUCCESS, logIndex=0, commits[63cacea9-0392-4939-ad39-80c4c73dd84b:c2065, bd7b7fea-2a7b-4c3f-852f-c014e42bfcb7:c2061, 3b4aa678-22a6-4ae2-9c6a-0e71cdb9d6d0:c2061]
2019-07-10 03:37:26,420 INFO  client.GrpcClientProtocolClient (GrpcClientProtocolClient.java:onNext(255)) - client-8BD909272E8D->63cacea9-0392-4939-ad39-80c4c73dd84b: receive RaftClientReply:client-8BD909272E8D->63cacea9-0392-4939-ad39-80c4c73dd84b@group-EE6C16B6C358, cid=1452, SUCCESS, logIndex=2068, commits[63cacea9-0392-4939-ad39-80c4c73dd84b:c2069, bd7b7fea-2a7b-4c3f-852f-c014e42bfcb7:c2067, 3b4aa678-22a6-4ae2-9c6a-0e71cdb9d6d0:c2067]
2019-07-10 03:37:26,421 INFO  client.GrpcClientProtocolClient (GrpcClientProtocolClient.java:onNext(255)) - client-8BD909272E8D->63cacea9-0392-4939-ad39-80c4c73dd84b: receive RaftClientReply:client-8BD909272E8D->63cacea9-0392-4939-ad39-80c4c73dd84b@group-EE6C16B6C358, cid=1453, SUCCESS, logIndex=2069, commits[63cacea9-0392-4939-ad39-80c4c73dd84b:c2069, bd7b7fea-2a7b-4c3f-852f-c014e42bfcb7:c2067, 3b4aa678-22a6-4ae2-9c6a-0e71cdb9d6d0:c2067]
2019-07-10 03:37:26,437 INFO  client.GrpcClientProtocolClient (GrpcClientProtocolClient.java:onNext(255)) - client-8BD909272E8D->63cacea9-0392-4939-ad39-80c4c73dd84b: receive RaftClientReply:client-8BD909272E8D->63cacea9-0392-4939-ad39-80c4c73dd84b@group-EE6C16B6C358, cid=1454, SUCCESS, logIndex=2072, commits[63cacea9-0392-4939-ad39-80c4c73dd84b:c2072, bd7b7fea-2a7b-4c3f-852f-c014e42bfcb7:c2069, 3b4aa678-22a6-4ae2-9c6a-0e71cdb9d6d0:c2069]
2019-07-10 03:37:26,437 INFO  client.GrpcClientProtocolClient (GrpcClientProtocolClient.java:onNext(255)) - client-8BD909272E8D->63cacea9-0392-4939-ad39-80c4c73dd84b: receive RaftClientReply:client-8BD909272E8D->63cacea9-0392-4939-ad39-80c4c73dd84b@group-EE6C16B6C358, cid=1455, SUCCESS, logIndex=2073, commits[63cacea9-0392-4939-ad39-80c4c73dd84b:c2073, bd7b7fea-2a7b-4c3f-852f-c014e42bfcb7:c2069, 3b4aa678-22a6-4ae2-9c6a-0e71cdb9d6d0:c2069]
2019-07-10 03:37:26,451 INFO  client.GrpcClientProtocolClient (GrpcClientProtocolClient.java:onNext(255)) - client-8BD909272E8D->63cacea9-0392-4939-ad39-80c4c73dd84b: receive RaftClientReply:client-8BD909272E8D->63cacea9-0392-4939-ad39-80c4c73dd84b@group-EE6C16B6C358, cid=1456, SUCCESS, logIndex=0, commits[63cacea9-0392-4939-ad39-80c4c73dd84b:c2075, bd7b7fea-2a7b-4c3f-852f-c014e42bfcb7:c2073, 3b4aa678-22a6-4ae2-9c6a-0e71cdb9d6d0:c2073]
2019-07-10 03:37:26,478 INFO  client.GrpcClientProtocolClient (GrpcClientProtocolClient.java:onNext(255)) - client-8BD909272E8D->63cacea9-0392-4939-ad39-80c4c73dd84b: receive RaftClientReply:client-8BD909272E8D->63cacea9-0392-4939-ad39-80c4c73dd84b@group-EE6C16B6C358, cid=1457, SUCCESS, logIndex=2076, commits[63cacea9-0392-4939-ad39-80c4c73dd84b:c2077, bd7b7fea-2a7b-4c3f-852f-c014e42bfcb7:c2075, 3b4aa678-22a6-4ae2-9c6a-0e71cdb9d6d0:c2075]
2019-07-10 03:37:26,479 INFO  client.GrpcClientProtocolClient (GrpcClientProtocolClient.java:onNext(255)) - client-8BD909272E8D->63cacea9-0392-4939-ad39-80c4c73dd84b: receive RaftClientReply:client-8BD909272E8D->63cacea9-0392-4939-ad39-80c4c73dd84b@group-EE6C16B6C358, cid=1458, SUCCESS, logIndex=2077, commits[63cacea9-0392-4939-ad39-80c4c73dd84b:c2079, bd7b7fea-2a7b-4c3f-852f-c014e42bfcb7:c2075, 3b4aa678-22a6-4ae2-9c6a-0e71cdb9d6d0:c2075]
2019-07-10 03:37:26,479 INFO  client.GrpcClientProtocolClient (GrpcClientProtocolClient.java:onNext(255)) - client-8BD909272E8D->63cacea9-0392-4939-ad39-80c4c73dd84b: receive RaftClientReply:client-8BD909272E8D->63cacea9-0392-4939-ad39-80c4c73dd84b@group-EE6C16B6C358, cid=1459, SUCCESS, logIndex=2078, commits[63cacea9-0392-4939-ad39-80c4c73dd84b:c2079, bd7b7fea-2a7b-4c3f-852f-c014e42bfcb7:c2075, 3b4aa678-22a6-4ae2-9c6a-0e71cdb9d6d0:c2075]
2019-07-10 03:37:26,480 INFO  client.GrpcClientProtocolClient (GrpcClientProtocolClient.java:onNext(255)) - client-8BD909272E8D->63cacea9-0392-4939-ad39-80c4c73dd84b: receive RaftClientReply:client-8BD909272E8D->63cacea9-0392-4939-ad39-80c4c73dd84b@group-EE6C16B6C358, cid=1460, SUCCESS, logIndex=2079, commits[63cacea9-0392-4939-ad39-80c4c73dd84b:c2079, bd7b7fea-2a7b-4c3f-852f-c014e42bfcb7:c2075, 3b4aa678-22a6-4ae2-9c6a-0e71cdb9d6d0:c2075]
2019-07-10 03:37:26,493 INFO  client.GrpcClientProtocolClient (GrpcClientProtocolClient.java:onNext(255)) - client-8BD909272E8D->63cacea9-0392-4939-ad39-80c4c73dd84b: receive RaftClientReply:client-8BD909272E8D->63cacea9-0392-4939-ad39-80c4c73dd84b@group-EE6C16B6C358, cid=1461, SUCCESS, logIndex=0, commits[63cacea9-0392-4939-ad39-80c4c73dd84b:c2081, bd7b7fea-2a7b-4c3f-852f-c014e42bfcb7:c2077, 3b4aa678-22a6-4ae2-9c6a-0e71cdb9d6d0:c2077]
2019-07-10 03:37:26,530 INFO  client.GrpcClientProtocolClient (GrpcClientProtocolClient.java:onNext(255)) - client-8BD909272E8D->63cacea9-0392-4939-ad39-80c4c73dd84b: receive RaftClientReply:client-8BD909272E8D->63cacea9-0392-4939-ad39-80c4c73dd84b@group-EE6C16B6C358, cid=1462, SUCCESS, logIndex=2083, commits[63cacea9-0392-4939-ad39-80c4c73dd84b:c2084, bd7b7fea-2a7b-4c3f-852f-c014e42bfcb7:c2082, 3b4aa678-22a6-4ae2-9c6a-0e71cdb9d6d0:c2082]
2019-07-10 03:37:26,530 INFO  client.GrpcClientProtocolClient (GrpcClientProtocolClient.java:onNext(255)) - client-8BD909272E8D->63cacea9-0392-4939-ad39-80c4c73dd84b: receive RaftClientReply:client-8BD909272E8D->63cacea9-0392-4939-ad39-80c4c73dd84b@group-EE6C16B6C358, cid=1463, SUCCESS, logIndex=2084, commits[63cacea9-0392-4939-ad39-80c4c73dd84b:c2084, bd7b7fea-2a7b-4c3f-852f-c014e42bfcb7:c2082, 3b4aa678-22a6-4ae2-9c6a-0e71cdb9d6d0:c2082]
2019-07-10 03:37:26,555 INFO  client.GrpcClientProtocolClient (GrpcClientProtocolClient.java:onNext(255)) - client-8BD909272E8D->63cacea9-0392-4939-ad39-80c4c73dd84b: receive RaftClientReply:client-8BD909272E8D->63cacea9-0392-4939-ad39-80c4c73dd84b@group-EE6C16B6C358, cid=1464, SUCCESS, logIndex=2087, commits[63cacea9-0392-4939-ad39-80c4c73dd84b:c2088, bd7b7fea-2a7b-4c3f-852f-c014e42bfcb7:c2084, 3b4aa678-22a6-4ae2-9c6a-0e71cdb9d6d0:c2084]
2019-07-10 03:37:26,555 INFO  client.GrpcClientProtocolClient (GrpcClientProtocolClient.java:onNext(255)) - client-8BD909272E8D->63cacea9-0392-4939-ad39-80c4c73dd84b: receive RaftClientReply:client-8BD909272E8D->63cacea9-0392-4939-ad39-80c4c73dd84b@group-EE6C16B6C358, cid=1465, SUCCESS, logIndex=2088, commits[63cacea9-0392-4939-ad39-80c4c73dd84b:c2088, bd7b7fea-2a7b-4c3f-852f-c014e42bfcb7:c2084, 3b4aa678-22a6-4ae2-9c6a-0e71cdb9d6d0:c2084]
2019-07-10 03:37:26,569 INFO  client.GrpcClientProtocolClient (GrpcClientProtocolClient.java:onNext(255)) - client-8BD909272E8D->63cacea9-0392-4939-ad39-80c4c73dd84b: receive RaftClientReply:client-8BD909272E8D->63cacea9-0392-4939-ad39-80c4c73dd84b@group-EE6C16B6C358, cid=1466, SUCCESS, logIndex=0, commits[63cacea9-0392-4939-ad39-80c4c73dd84b:c2089, bd7b7fea-2a7b-4c3f-852f-c014e42bfcb7:c2088, 3b4aa678-22a6-4ae2-9c6a-0e71cdb9d6d0:c2088]
2019-07-10 03:37:26,707 INFO  client.GrpcClientProtocolClient (GrpcClientProtocolClient.java:onNext(255)) - client-8BD909272E8D->63cacea9-0392-4939-ad39-80c4c73dd84b: receive RaftClientReply:client-8BD909272E8D->63cacea9-0392-4939-ad39-80c4c73dd84b@group-EE6C16B6C358, cid=1467, SUCCESS, logIndex=2091, commits[63cacea9-0392-4939-ad39-80c4c73dd84b:c2092, bd7b7fea-2a7b-4c3f-852f-c014e42bfcb7:c2090, 3b4aa678-22a6-4ae2-9c6a-0e71cdb9d6d0:c2090]
2019-07-10 03:37:26,708 INFO  client.GrpcClientProtocolClient (GrpcClientProtocolClient.java:onNext(255)) - client-8BD909272E8D->63cacea9-0392-4939-ad39-80c4c73dd84b: receive RaftClientReply:client-8BD909272E8D->63cacea9-0392-4939-ad39-80c4c73dd84b@group-EE6C16B6C358, cid=1468, SUCCESS, logIndex=2092, commits[63cacea9-0392-4939-ad39-80c4c73dd84b:c2093, bd7b7fea-2a7b-4c3f-852f-c014e42bfcb7:c2090, 3b4aa678-22a6-4ae2-9c6a-0e71cdb9d6d0:c2090]
2019-07-10 03:37:26,708 INFO  client.GrpcClientProtocolClient (GrpcClientProtocolClient.java:onNext(255)) - client-8BD909272E8D->63cacea9-0392-4939-ad39-80c4c73dd84b: receive RaftClientReply:client-8BD909272E8D->63cacea9-0392-4939-ad39-80c4c73dd84b@group-EE6C16B6C358, cid=1469, SUCCESS, logIndex=2093, commits[63cacea9-0392-4939-ad39-80c4c73dd84b:c2094, bd7b7fea-2a7b-4c3f-852f-c014e42bfcb7:c2090, 3b4aa678-22a6-4ae2-9c6a-0e71cdb9d6d0:c2090]
2019-07-10 03:37:26,708 INFO  client.GrpcClientProtocolClient (GrpcClientProtocolClient.java:onNext(255)) - client-8BD909272E8D->63cacea9-0392-4939-ad39-80c4c73dd84b: receive RaftClientReply:client-8BD909272E8D->63cacea9-0392-4939-ad39-80c4c73dd84b@group-EE6C16B6C358, cid=1470, SUCCESS, logIndex=2094, commits[63cacea9-0392-4939-ad39-80c4c73dd84b:c2094, bd7b7fea-2a7b-4c3f-852f-c014e42bfcb7:c2090, 3b4aa678-22a6-4ae2-9c6a-0e71cdb9d6d0:c2090]
2019-07-10 03:37:26,710 INFO  client.GrpcClientProtocolClient (GrpcClientProtocolClient.java:onNext(255)) - client-8BD909272E8D->63cacea9-0392-4939-ad39-80c4c73dd84b: receive RaftClientReply:client-8BD909272E8D->63cacea9-0392-4939-ad39-80c4c73dd84b@group-EE6C16B6C358, cid=1471, SUCCESS, logIndex=0, commits[63cacea9-0392-4939-ad39-80c4c73dd84b:c2098, bd7b7fea-2a7b-4c3f-852f-c014e42bfcb7:c2093, 3b4aa678-22a6-4ae2-9c6a-0e71cdb9d6d0:c2094]
 0.00% |█                                                                                                    |  0/1 Time: 0:00:092019-07-10 03:37:26,732 INFO  client.GrpcClientProtocolClient (GrpcClientProtocolClient.java:onNext(255)) - client-8BD909272E8D->63cacea9-0392-4939-ad39-80c4c73dd84b: receive RaftClientReply:client-8BD909272E8D->63cacea9-0392-4939-ad39-80c4c73dd84b@group-EE6C16B6C358, cid=1472, SUCCESS, logIndex=2099, commits[63cacea9-0392-4939-ad39-80c4c73dd84b:c2100, bd7b7fea-2a7b-4c3f-852f-c014e42bfcb7:c2098, 3b4aa678-22a6-4ae2-9c6a-0e71cdb9d6d0:c2098]
2019-07-10 03:37:26,732 INFO  client.GrpcClientProtocolClient (GrpcClientProtocolClient.java:onNext(255)) - client-8BD909272E8D->63cacea9-0392-4939-ad39-80c4c73dd84b: receive RaftClientReply:client-8BD909272E8D->63cacea9-0392-4939-ad39-80c4c73dd84b@group-EE6C16B6C358, cid=1473, SUCCESS, logIndex=2100, commits[63cacea9-0392-4939-ad39-80c4c73dd84b:c2100, bd7b7fea-2a7b-4c3f-852f-c014e42bfcb7:c2098, 3b4aa678-22a6-4ae2-9c6a-0e71cdb9d6d0:c2098]
2019-07-10 03:37:26,756 INFO  client.GrpcClientProtocolClient (GrpcClientProtocolClient.java:onNext(255)) - client-8BD909272E8D->63cacea9-0392-4939-ad39-80c4c73dd84b: receive RaftClientReply:client-8BD909272E8D->63cacea9-0392-4939-ad39-80c4c73dd84b@group-EE6C16B6C358, cid=1474, SUCCESS, logIndex=2103, commits[63cacea9-0392-4939-ad39-80c4c73dd84b:c2104, bd7b7fea-2a7b-4c3f-852f-c014e42bfcb7:c2100, 3b4aa678-22a6-4ae2-9c6a-0e71cdb9d6d0:c2100]
2019-07-10 03:37:26,756 INFO  client.GrpcClientProtocolClient (GrpcClientProtocolClient.java:onNext(255)) - client-8BD909272E8D->63cacea9-0392-4939-ad39-80c4c73dd84b: receive RaftClientReply:client-8BD909272E8D->63cacea9-0392-4939-ad39-80c4c73dd84b@group-EE6C16B6C358, cid=1475, SUCCESS, logIndex=2104, commits[63cacea9-0392-4939-ad39-80c4c73dd84b:c2104, bd7b7fea-2a7b-4c3f-852f-c014e42bfcb7:c2100, 3b4aa678-22a6-4ae2-9c6a-0e71cdb9d6d0:c2100]
2019-07-10 03:37:26,768 INFO  client.GrpcClientProtocolClient (GrpcClientProtocolClient.java:onNext(255)) - client-8BD909272E8D->63cacea9-0392-4939-ad39-80c4c73dd84b: receive RaftClientReply:client-8BD909272E8D->63cacea9-0392-4939-ad39-80c4c73dd84b@group-EE6C16B6C358, cid=1476, SUCCESS, logIndex=0, commits[63cacea9-0392-4939-ad39-80c4c73dd84b:c2105, bd7b7fea-2a7b-4c3f-852f-c014e42bfcb7:c2104, 3b4aa678-22a6-4ae2-9c6a-0e71cdb9d6d0:c2104]
2019-07-10 03:37:26,795 INFO  client.GrpcClientProtocolClient (GrpcClientProtocolClient.java:onNext(255)) - client-8BD909272E8D->63cacea9-0392-4939-ad39-80c4c73dd84b: receive RaftClientReply:client-8BD909272E8D->63cacea9-0392-4939-ad39-80c4c73dd84b@group-EE6C16B6C358, cid=1477, SUCCESS, logIndex=2106, commits[63cacea9-0392-4939-ad39-80c4c73dd84b:c2108, bd7b7fea-2a7b-4c3f-852f-c014e42bfcb7:c2105, 3b4aa678-22a6-4ae2-9c6a-0e71cdb9d6d0:c2105]
2019-07-10 03:37:26,796 INFO  client.GrpcClientProtocolClient (GrpcClientProtocolClient.java:onNext(255)) - client-8BD909272E8D->63cacea9-0392-4939-ad39-80c4c73dd84b: receive RaftClientReply:client-8BD909272E8D->63cacea9-0392-4939-ad39-80c4c73dd84b@group-EE6C16B6C358, cid=1478, SUCCESS, logIndex=2107, commits[63cacea9-0392-4939-ad39-80c4c73dd84b:c2109, bd7b7fea-2a7b-4c3f-852f-c014e42bfcb7:c2105, 3b4aa678-22a6-4ae2-9c6a-0e71cdb9d6d0:c2105]
2019-07-10 03:37:26,796 INFO  client.GrpcClientProtocolClient (GrpcClientProtocolClient.java:onNext(255)) - client-8BD909272E8D->63cacea9-0392-4939-ad39-80c4c73dd84b: receive RaftClientReply:client-8BD909272E8D->63cacea9-0392-4939-ad39-80c4c73dd84b@group-EE6C16B6C358, cid=1479, SUCCESS, logIndex=2108, commits[63cacea9-0392-4939-ad39-80c4c73dd84b:c2109, bd7b7fea-2a7b-4c3f-852f-c014e42bfcb7:c2105, 3b4aa678-22a6-4ae2-9c6a-0e71cdb9d6d0:c2105]
2019-07-10 03:37:26,797 INFO  client.GrpcClientProtocolClient (GrpcClientProtocolClient.java:onNext(255)) - client-8BD909272E8D->63cacea9-0392-4939-ad39-80c4c73dd84b: receive RaftClientReply:client-8BD909272E8D->63cacea9-0392-4939-ad39-80c4c73dd84b@group-EE6C16B6C358, cid=1480, SUCCESS, logIndex=2109, commits[63cacea9-0392-4939-ad39-80c4c73dd84b:c2109, bd7b7fea-2a7b-4c3f-852f-c014e42bfcb7:c2105, 3b4aa678-22a6-4ae2-9c6a-0e71cdb9d6d0:c2105]
2019-07-10 03:37:26,799 INFO  client.GrpcClientProtocolClient (GrpcClientProtocolClient.java:onNext(255)) - client-8BD909272E8D->63cacea9-0392-4939-ad39-80c4c73dd84b: receive RaftClientReply:client-8BD909272E8D->63cacea9-0392-4939-ad39-80c4c73dd84b@group-EE6C16B6C358, cid=1481, SUCCESS, logIndex=0, commits[63cacea9-0392-4939-ad39-80c4c73dd84b:c2113, bd7b7fea-2a7b-4c3f-852f-c014e42bfcb7:c2107, 3b4aa678-22a6-4ae2-9c6a-0e71cdb9d6d0:c2109]
2019-07-10 03:37:26,818 INFO  client.GrpcClientProtocolClient (GrpcClientProtocolClient.java:onNext(255)) - client-8BD909272E8D->63cacea9-0392-4939-ad39-80c4c73dd84b: receive RaftClientReply:client-8BD909272E8D->63cacea9-0392-4939-ad39-80c4c73dd84b@group-EE6C16B6C358, cid=1482, SUCCESS, logIndex=2114, commits[63cacea9-0392-4939-ad39-80c4c73dd84b:c2114, bd7b7fea-2a7b-4c3f-852f-c014e42bfcb7:c2113, 3b4aa678-22a6-4ae2-9c6a-0e71cdb9d6d0:c2113]
2019-07-10 03:37:26,819 INFO  client.GrpcClientProtocolClient (GrpcClientProtocolClient.java:onNext(255)) - client-8BD909272E8D->63cacea9-0392-4939-ad39-80c4c73dd84b: receive RaftClientReply:client-8BD909272E8D->63cacea9-0392-4939-ad39-80c4c73dd84b@group-EE6C16B6C358, cid=1483, SUCCESS, logIndex=2115, commits[63cacea9-0392-4939-ad39-80c4c73dd84b:c2115, bd7b7fea-2a7b-4c3f-852f-c014e42bfcb7:c2113, 3b4aa678-22a6-4ae2-9c6a-0e71cdb9d6d0:c2113]
2019-07-10 03:37:26,834 INFO  client.GrpcClientProtocolClient (GrpcClientProtocolClient.java:onNext(255)) - client-8BD909272E8D->63cacea9-0392-4939-ad39-80c4c73dd84b: receive RaftClientReply:client-8BD909272E8D->63cacea9-0392-4939-ad39-80c4c73dd84b@group-EE6C16B6C358, cid=1484, SUCCESS, logIndex=2118, commits[63cacea9-0392-4939-ad39-80c4c73dd84b:c2119, bd7b7fea-2a7b-4c3f-852f-c014e42bfcb7:c2115, 3b4aa678-22a6-4ae2-9c6a-0e71cdb9d6d0:c2115]
2019-07-10 03:37:26,834 INFO  client.GrpcClientProtocolClient (GrpcClientProtocolClient.java:onNext(255)) - client-8BD909272E8D->63cacea9-0392-4939-ad39-80c4c73dd84b: receive RaftClientReply:client-8BD909272E8D->63cacea9-0392-4939-ad39-80c4c73dd84b@group-EE6C16B6C358, cid=1485, SUCCESS, logIndex=2119, commits[63cacea9-0392-4939-ad39-80c4c73dd84b:c2119, bd7b7fea-2a7b-4c3f-852f-c014e42bfcb7:c2115, 3b4aa678-22a6-4ae2-9c6a-0e71cdb9d6d0:c2115]
2019-07-10 03:37:26,847 INFO  client.GrpcClientProtocolClient (GrpcClientProtocolClient.java:onNext(255)) - client-8BD909272E8D->63cacea9-0392-4939-ad39-80c4c73dd84b: receive RaftClientReply:client-8BD909272E8D->63cacea9-0392-4939-ad39-80c4c73dd84b@group-EE6C16B6C358, cid=1486, SUCCESS, logIndex=0, commits[63cacea9-0392-4939-ad39-80c4c73dd84b:c2121, bd7b7fea-2a7b-4c3f-852f-c014e42bfcb7:c2119, 3b4aa678-22a6-4ae2-9c6a-0e71cdb9d6d0:c2119]
2019-07-10 03:37:26,877 INFO  client.GrpcClientProtocolClient (GrpcClientProtocolClient.java:onNext(255)) - client-8BD909272E8D->63cacea9-0392-4939-ad39-80c4c73dd84b: receive RaftClientReply:client-8BD909272E8D->63cacea9-0392-4939-ad39-80c4c73dd84b@group-EE6C16B6C358, cid=1487, SUCCESS, logIndex=2122, commits[63cacea9-0392-4939-ad39-80c4c73dd84b:c2123, bd7b7fea-2a7b-4c3f-852f-c014e42bfcb7:c2121, 3b4aa678-22a6-4ae2-9c6a-0e71cdb9d6d0:c2121]
2019-07-10 03:37:26,878 INFO  client.GrpcClientProtocolClient (GrpcClientProtocolClient.java:onNext(255)) - client-8BD909272E8D->63cacea9-0392-4939-ad39-80c4c73dd84b: receive RaftClientReply:client-8BD909272E8D->63cacea9-0392-4939-ad39-80c4c73dd84b@group-EE6C16B6C358, cid=1488, SUCCESS, logIndex=2123, commits[63cacea9-0392-4939-ad39-80c4c73dd84b:c2125, bd7b7fea-2a7b-4c3f-852f-c014e42bfcb7:c2121, 3b4aa678-22a6-4ae2-9c6a-0e71cdb9d6d0:c2121]
2019-07-10 03:37:26,878 INFO  client.GrpcClientProtocolClient (GrpcClientProtocolClient.java:onNext(255)) - client-8BD909272E8D->63cacea9-0392-4939-ad39-80c4c73dd84b: receive RaftClientReply:client-8BD909272E8D->63cacea9-0392-4939-ad39-80c4c73dd84b@group-EE6C16B6C358, cid=1489, SUCCESS, logIndex=2124, commits[63cacea9-0392-4939-ad39-80c4c73dd84b:c2125, bd7b7fea-2a7b-4c3f-852f-c014e42bfcb7:c2121, 3b4aa678-22a6-4ae2-9c6a-0e71cdb9d6d0:c2121]
2019-07-10 03:37:26,878 INFO  client.GrpcClientProtocolClient (GrpcClientProtocolClient.java:onNext(255)) - client-8BD909272E8D->63cacea9-0392-4939-ad39-80c4c73dd84b: receive RaftClientReply:client-8BD909272E8D->63cacea9-0392-4939-ad39-80c4c73dd84b@group-EE6C16B6C358, cid=1490, SUCCESS, logIndex=2125, commits[63cacea9-0392-4939-ad39-80c4c73dd84b:c2125, bd7b7fea-2a7b-4c3f-852f-c014e42bfcb7:c2121, 3b4aa678-22a6-4ae2-9c6a-0e71cdb9d6d0:c2121]
2019-07-10 03:37:26,891 INFO  client.GrpcClientProtocolClient (GrpcClientProtocolClient.java:onNext(255)) - client-8BD909272E8D->63cacea9-0392-4939-ad39-80c4c73dd84b: receive RaftClientReply:client-8BD909272E8D->63cacea9-0392-4939-ad39-80c4c73dd84b@group-EE6C16B6C358, cid=1491, SUCCESS, logIndex=0, commits[63cacea9-0392-4939-ad39-80c4c73dd84b:c2126, bd7b7fea-2a7b-4c3f-852f-c014e42bfcb7:c2123, 3b4aa678-22a6-4ae2-9c6a-0e71cdb9d6d0:c2123]
2019-07-10 03:37:26,910 INFO  client.GrpcClientProtocolClient (GrpcClientProtocolClient.java:onNext(255)) - client-8BD909272E8D->63cacea9-0392-4939-ad39-80c4c73dd84b: receive RaftClientReply:client-8BD909272E8D->63cacea9-0392-4939-ad39-80c4c73dd84b@group-EE6C16B6C358, cid=1492, SUCCESS, logIndex=2129, commits[63cacea9-0392-4939-ad39-80c4c73dd84b:c2130, bd7b7fea-2a7b-4c3f-852f-c014e42bfcb7:c2128, 3b4aa678-22a6-4ae2-9c6a-0e71cdb9d6d0:c2128]
2019-07-10 03:37:26,911 INFO  client.GrpcClientProtocolClient (GrpcClientProtocolClient.java:onNext(255)) - client-8BD909272E8D->63cacea9-0392-4939-ad39-80c4c73dd84b: receive RaftClientReply:client-8BD909272E8D->63cacea9-0392-4939-ad39-80c4c73dd84b@group-EE6C16B6C358, cid=1493, SUCCESS, logIndex=2130, commits[63cacea9-0392-4939-ad39-80c4c73dd84b:c2130, bd7b7fea-2a7b-4c3f-852f-c014e42bfcb7:c2128, 3b4aa678-22a6-4ae2-9c6a-0e71cdb9d6d0:c2128]
2019-07-10 03:37:26,924 INFO  client.GrpcClientProtocolClient (GrpcClientProtocolClient.java:onNext(255)) - client-8BD909272E8D->63cacea9-0392-4939-ad39-80c4c73dd84b: receive RaftClientReply:client-8BD909272E8D->63cacea9-0392-4939-ad39-80c4c73dd84b@group-EE6C16B6C358, cid=1494, SUCCESS, logIndex=2133, commits[63cacea9-0392-4939-ad39-80c4c73dd84b:c2134, bd7b7fea-2a7b-4c3f-852f-c014e42bfcb7:c2130, 3b4aa678-22a6-4ae2-9c6a-0e71cdb9d6d0:c2130]
2019-07-10 03:37:26,925 INFO  client.GrpcClientProtocolClient (GrpcClientProtocolClient.java:onNext(255)) - client-8BD909272E8D->63cacea9-0392-4939-ad39-80c4c73dd84b: receive RaftClientReply:client-8BD909272E8D->63cacea9-0392-4939-ad39-80c4c73dd84b@group-EE6C16B6C358, cid=1495, SUCCESS, logIndex=2134, commits[63cacea9-0392-4939-ad39-80c4c73dd84b:c2134, bd7b7fea-2a7b-4c3f-852f-c014e42bfcb7:c2130, 3b4aa678-22a6-4ae2-9c6a-0e71cdb9d6d0:c2130]
2019-07-10 03:37:26,939 INFO  client.GrpcClientProtocolClient (GrpcClientProtocolClient.java:onNext(255)) - client-8BD909272E8D->63cacea9-0392-4939-ad39-80c4c73dd84b: receive RaftClientReply:client-8BD909272E8D->63cacea9-0392-4939-ad39-80c4c73dd84b@group-EE6C16B6C358, cid=1496, SUCCESS, logIndex=0, commits[63cacea9-0392-4939-ad39-80c4c73dd84b:c2136, bd7b7fea-2a7b-4c3f-852f-c014e42bfcb7:c2134, 3b4aa678-22a6-4ae2-9c6a-0e71cdb9d6d0:c2134]
2019-07-10 03:37:26,966 INFO  client.GrpcClientProtocolClient (GrpcClientProtocolClient.java:onNext(255)) - client-8BD909272E8D->63cacea9-0392-4939-ad39-80c4c73dd84b: receive RaftClientReply:client-8BD909272E8D->63cacea9-0392-4939-ad39-80c4c73dd84b@group-EE6C16B6C358, cid=1497, SUCCESS, logIndex=2137, commits[63cacea9-0392-4939-ad39-80c4c73dd84b:c2138, bd7b7fea-2a7b-4c3f-852f-c014e42bfcb7:c2136, 3b4aa678-22a6-4ae2-9c6a-0e71cdb9d6d0:c2136]
2019-07-10 03:37:26,966 INFO  client.GrpcClientProtocolClient (GrpcClientProtocolClient.java:onNext(255)) - client-8BD909272E8D->63cacea9-0392-4939-ad39-80c4c73dd84b: receive RaftClientReply:client-8BD909272E8D->63cacea9-0392-4939-ad39-80c4c73dd84b@group-EE6C16B6C358, cid=1498, SUCCESS, logIndex=2138, commits[63cacea9-0392-4939-ad39-80c4c73dd84b:c2140, bd7b7fea-2a7b-4c3f-852f-c014e42bfcb7:c2136, 3b4aa678-22a6-4ae2-9c6a-0e71cdb9d6d0:c2136]
2019-07-10 03:37:26,967 INFO  client.GrpcClientProtocolClient (GrpcClientProtocolClient.java:onNext(255)) - client-8BD909272E8D->63cacea9-0392-4939-ad39-80c4c73dd84b: receive RaftClientReply:client-8BD909272E8D->63cacea9-0392-4939-ad39-80c4c73dd84b@group-EE6C16B6C358, cid=1499, SUCCESS, logIndex=2139, commits[63cacea9-0392-4939-ad39-80c4c73dd84b:c2140, bd7b7fea-2a7b-4c3f-852f-c014e42bfcb7:c2136, 3b4aa678-22a6-4ae2-9c6a-0e71cdb9d6d0:c2136]
2019-07-10 03:37:26,967 INFO  client.GrpcClientProtocolClient (GrpcClientProtocolClient.java:onNext(255)) - client-8BD909272E8D->63cacea9-0392-4939-ad39-80c4c73dd84b: receive RaftClientReply:client-8BD909272E8D->63cacea9-0392-4939-ad39-80c4c73dd84b@group-EE6C16B6C358, cid=1500, SUCCESS, logIndex=2140, commits[63cacea9-0392-4939-ad39-80c4c73dd84b:c2140, bd7b7fea-2a7b-4c3f-852f-c014e42bfcb7:c2136, 3b4aa678-22a6-4ae2-9c6a-0e71cdb9d6d0:c2136]
2019-07-10 03:37:26,969 INFO  client.GrpcClientProtocolClient (GrpcClientProtocolClient.java:onNext(255)) - client-8BD909272E8D->63cacea9-0392-4939-ad39-80c4c73dd84b: receive RaftClientReply:client-8BD909272E8D->63cacea9-0392-4939-ad39-80c4c73dd84b@group-EE6C16B6C358, cid=1501, SUCCESS, logIndex=0, commits[63cacea9-0392-4939-ad39-80c4c73dd84b:c2141, bd7b7fea-2a7b-4c3f-852f-c014e42bfcb7:c2138, 3b4aa678-22a6-4ae2-9c6a-0e71cdb9d6d0:c2138]
2019-07-10 03:37:26,983 INFO  client.GrpcClientProtocolClient (GrpcClientProtocolClient.java:onNext(255)) - client-8BD909272E8D->63cacea9-0392-4939-ad39-80c4c73dd84b: receive RaftClientReply:client-8BD909272E8D->63cacea9-0392-4939-ad39-80c4c73dd84b@group-EE6C16B6C358, cid=1502, SUCCESS, logIndex=2145, commits[63cacea9-0392-4939-ad39-80c4c73dd84b:c2146, bd7b7fea-2a7b-4c3f-852f-c014e42bfcb7:c2144, 3b4aa678-22a6-4ae2-9c6a-0e71cdb9d6d0:c2144]
2019-07-10 03:37:26,983 INFO  client.GrpcClientProtocolClient (GrpcClientProtocolClient.java:onNext(255)) - client-8BD909272E8D->63cacea9-0392-4939-ad39-80c4c73dd84b: receive RaftClientReply:client-8BD909272E8D->63cacea9-0392-4939-ad39-80c4c73dd84b@group-EE6C16B6C358, cid=1503, SUCCESS, logIndex=2146, commits[63cacea9-0392-4939-ad39-80c4c73dd84b:c2146, bd7b7fea-2a7b-4c3f-852f-c014e42bfcb7:c2144, 3b4aa678-22a6-4ae2-9c6a-0e71cdb9d6d0:c2144]
2019-07-10 03:37:27,012 INFO  client.GrpcClientProtocolClient (GrpcClientProtocolClient.java:onNext(255)) - client-8BD909272E8D->63cacea9-0392-4939-ad39-80c4c73dd84b: receive RaftClientReply:client-8BD909272E8D->63cacea9-0392-4939-ad39-80c4c73dd84b@group-EE6C16B6C358, cid=1504, SUCCESS, logIndex=2149, commits[63cacea9-0392-4939-ad39-80c4c73dd84b:c2150, bd7b7fea-2a7b-4c3f-852f-c014e42bfcb7:c2148, 3b4aa678-22a6-4ae2-9c6a-0e71cdb9d6d0:c2148]
2019-07-10 03:37:27,013 INFO  client.GrpcClientProtocolClient (GrpcClientProtocolClient.java:onNext(255)) - client-8BD909272E8D->63cacea9-0392-4939-ad39-80c4c73dd84b: receive RaftClientReply:client-8BD909272E8D->63cacea9-0392-4939-ad39-80c4c73dd84b@group-EE6C16B6C358, cid=1505, SUCCESS, logIndex=2150, commits[63cacea9-0392-4939-ad39-80c4c73dd84b:c2150, bd7b7fea-2a7b-4c3f-852f-c014e42bfcb7:c2148, 3b4aa678-22a6-4ae2-9c6a-0e71cdb9d6d0:c2148]
2019-07-10 03:37:27,022 INFO  client.GrpcClientProtocolClient (GrpcClientProtocolClient.java:onNext(255)) - client-8BD909272E8D->63cacea9-0392-4939-ad39-80c4c73dd84b: receive RaftClientReply:client-8BD909272E8D->63cacea9-0392-4939-ad39-80c4c73dd84b@group-EE6C16B6C358, cid=1506, SUCCESS, logIndex=0, commits[63cacea9-0392-4939-ad39-80c4c73dd84b:c2152, bd7b7fea-2a7b-4c3f-852f-c014e42bfcb7:c2150, 3b4aa678-22a6-4ae2-9c6a-0e71cdb9d6d0:c2150]
2019-07-10 03:37:27,068 INFO  client.GrpcClientProtocolClient (GrpcClientProtocolClient.java:onNext(255)) - client-8BD909272E8D->63cacea9-0392-4939-ad39-80c4c73dd84b: receive RaftClientReply:client-8BD909272E8D->63cacea9-0392-4939-ad39-80c4c73dd84b@group-EE6C16B6C358, cid=1507, SUCCESS, logIndex=2153, commits[63cacea9-0392-4939-ad39-80c4c73dd84b:c2154, bd7b7fea-2a7b-4c3f-852f-c014e42bfcb7:c2152, 3b4aa678-22a6-4ae2-9c6a-0e71cdb9d6d0:c2152]
2019-07-10 03:37:27,068 INFO  client.GrpcClientProtocolClient (GrpcClientProtocolClient.java:onNext(255)) - client-8BD909272E8D->63cacea9-0392-4939-ad39-80c4c73dd84b: receive RaftClientReply:client-8BD909272E8D->63cacea9-0392-4939-ad39-80c4c73dd84b@group-EE6C16B6C358, cid=1508, SUCCESS, logIndex=2154, commits[63cacea9-0392-4939-ad39-80c4c73dd84b:c2154, bd7b7fea-2a7b-4c3f-852f-c014e42bfcb7:c2152, 3b4aa678-22a6-4ae2-9c6a-0e71cdb9d6d0:c2152]
2019-07-10 03:37:27,069 INFO  client.GrpcClientProtocolClient (GrpcClientProtocolClient.java:onNext(255)) - client-8BD909272E8D->63cacea9-0392-4939-ad39-80c4c73dd84b: receive RaftClientReply:client-8BD909272E8D->63cacea9-0392-4939-ad39-80c4c73dd84b@group-EE6C16B6C358, cid=1509, SUCCESS, logIndex=2155, commits[63cacea9-0392-4939-ad39-80c4c73dd84b:c2156, bd7b7fea-2a7b-4c3f-852f-c014e42bfcb7:c2152, 3b4aa678-22a6-4ae2-9c6a-0e71cdb9d6d0:c2152]
2019-07-10 03:37:27,069 INFO  client.GrpcClientProtocolClient (GrpcClientProtocolClient.java:onNext(255)) - client-8BD909272E8D->63cacea9-0392-4939-ad39-80c4c73dd84b: receive RaftClientReply:client-8BD909272E8D->63cacea9-0392-4939-ad39-80c4c73dd84b@group-EE6C16B6C358, cid=1510, SUCCESS, logIndex=2156, commits[63cacea9-0392-4939-ad39-80c4c73dd84b:c2156, bd7b7fea-2a7b-4c3f-852f-c014e42bfcb7:c2152, 3b4aa678-22a6-4ae2-9c6a-0e71cdb9d6d0:c2152]
2019-07-10 03:37:27,082 INFO  client.GrpcClientProtocolClient (GrpcClientProtocolClient.java:onNext(255)) - client-8BD909272E8D->63cacea9-0392-4939-ad39-80c4c73dd84b: receive RaftClientReply:client-8BD909272E8D->63cacea9-0392-4939-ad39-80c4c73dd84b@group-EE6C16B6C358, cid=1511, SUCCESS, logIndex=0, commits[63cacea9-0392-4939-ad39-80c4c73dd84b:c2158, bd7b7fea-2a7b-4c3f-852f-c014e42bfcb7:c2154, 3b4aa678-22a6-4ae2-9c6a-0e71cdb9d6d0:c2154]
2019-07-10 03:37:27,103 INFO  client.GrpcClientProtocolClient (GrpcClientProtocolClient.java:onNext(255)) - client-8BD909272E8D->63cacea9-0392-4939-ad39-80c4c73dd84b: receive RaftClientReply:client-8BD909272E8D->63cacea9-0392-4939-ad39-80c4c73dd84b@group-EE6C16B6C358, cid=1512, SUCCESS, logIndex=2161, commits[63cacea9-0392-4939-ad39-80c4c73dd84b:c2162, bd7b7fea-2a7b-4c3f-852f-c014e42bfcb7:c2160, 3b4aa678-22a6-4ae2-9c6a-0e71cdb9d6d0:c2160]
2019-07-10 03:37:27,104 INFO  client.GrpcClientProtocolClient (GrpcClientProtocolClient.java:onNext(255)) - client-8BD909272E8D->63cacea9-0392-4939-ad39-80c4c73dd84b: receive RaftClientReply:client-8BD909272E8D->63cacea9-0392-4939-ad39-80c4c73dd84b@group-EE6C16B6C358, cid=1513, SUCCESS, logIndex=2162, commits[63cacea9-0392-4939-ad39-80c4c73dd84b:c2162, bd7b7fea-2a7b-4c3f-852f-c014e42bfcb7:c2160, 3b4aa678-22a6-4ae2-9c6a-0e71cdb9d6d0:c2160]
2019-07-10 03:37:27,116 INFO  client.GrpcClientProtocolClient (GrpcClientProtocolClient.java:onNext(255)) - client-8BD909272E8D->63cacea9-0392-4939-ad39-80c4c73dd84b: receive RaftClientReply:client-8BD909272E8D->63cacea9-0392-4939-ad39-80c4c73dd84b@group-EE6C16B6C358, cid=1514, SUCCESS, logIndex=2165, commits[63cacea9-0392-4939-ad39-80c4c73dd84b:c2166, bd7b7fea-2a7b-4c3f-852f-c014e42bfcb7:c2162, 3b4aa678-22a6-4ae2-9c6a-0e71cdb9d6d0:c2161]
2019-07-10 03:37:27,117 INFO  client.GrpcClientProtocolClient (GrpcClientProtocolClient.java:onNext(255)) - client-8BD909272E8D->63cacea9-0392-4939-ad39-80c4c73dd84b: receive RaftClientReply:client-8BD909272E8D->63cacea9-0392-4939-ad39-80c4c73dd84b@group-EE6C16B6C358, cid=1515, SUCCESS, logIndex=2166, commits[63cacea9-0392-4939-ad39-80c4c73dd84b:c2166, bd7b7fea-2a7b-4c3f-852f-c014e42bfcb7:c2162, 3b4aa678-22a6-4ae2-9c6a-0e71cdb9d6d0:c2162]
2019-07-10 03:37:27,129 INFO  client.GrpcClientProtocolClient (GrpcClientProtocolClient.java:onNext(255)) - client-8BD909272E8D->63cacea9-0392-4939-ad39-80c4c73dd84b: receive RaftClientReply:client-8BD909272E8D->63cacea9-0392-4939-ad39-80c4c73dd84b@group-EE6C16B6C358, cid=1516, SUCCESS, logIndex=0, commits[63cacea9-0392-4939-ad39-80c4c73dd84b:c2167, bd7b7fea-2a7b-4c3f-852f-c014e42bfcb7:c2166, 3b4aa678-22a6-4ae2-9c6a-0e71cdb9d6d0:c2166]
2019-07-10 03:37:27,188 INFO  client.GrpcClientProtocolClient (GrpcClientProtocolClient.java:onNext(255)) - client-8BD909272E8D->63cacea9-0392-4939-ad39-80c4c73dd84b: receive RaftClientReply:client-8BD909272E8D->63cacea9-0392-4939-ad39-80c4c73dd84b@group-EE6C16B6C358, cid=1517, SUCCESS, logIndex=2169, commits[63cacea9-0392-4939-ad39-80c4c73dd84b:c2170, bd7b7fea-2a7b-4c3f-852f-c014e42bfcb7:c2168, 3b4aa678-22a6-4ae2-9c6a-0e71cdb9d6d0:c2168]
2019-07-10 03:37:27,188 INFO  client.GrpcClientProtocolClient (GrpcClientProtocolClient.java:onNext(255)) - client-8BD909272E8D->63cacea9-0392-4939-ad39-80c4c73dd84b: receive RaftClientReply:client-8BD909272E8D->63cacea9-0392-4939-ad39-80c4c73dd84b@group-EE6C16B6C358, cid=1518, SUCCESS, logIndex=2170, commits[63cacea9-0392-4939-ad39-80c4c73dd84b:c2172, bd7b7fea-2a7b-4c3f-852f-c014e42bfcb7:c2168, 3b4aa678-22a6-4ae2-9c6a-0e71cdb9d6d0:c2168]
2019-07-10 03:37:27,189 INFO  client.GrpcClientProtocolClient (GrpcClientProtocolClient.java:onNext(255)) - client-8BD909272E8D->63cacea9-0392-4939-ad39-80c4c73dd84b: receive RaftClientReply:client-8BD909272E8D->63cacea9-0392-4939-ad39-80c4c73dd84b@group-EE6C16B6C358, cid=1519, SUCCESS, logIndex=2171, commits[63cacea9-0392-4939-ad39-80c4c73dd84b:c2172, bd7b7fea-2a7b-4c3f-852f-c014e42bfcb7:c2168, 3b4aa678-22a6-4ae2-9c6a-0e71cdb9d6d0:c2168]
2019-07-10 03:37:27,189 INFO  client.GrpcClientProtocolClient (GrpcClientProtocolClient.java:onNext(255)) - client-8BD909272E8D->63cacea9-0392-4939-ad39-80c4c73dd84b: receive RaftClientReply:client-8BD909272E8D->63cacea9-0392-4939-ad39-80c4c73dd84b@group-EE6C16B6C358, cid=1520, SUCCESS, logIndex=2172, commits[63cacea9-0392-4939-ad39-80c4c73dd84b:c2172, bd7b7fea-2a7b-4c3f-852f-c014e42bfcb7:c2168, 3b4aa678-22a6-4ae2-9c6a-0e71cdb9d6d0:c2168]
2019-07-10 03:37:27,192 INFO  client.GrpcClientProtocolClient (GrpcClientProtocolClient.java:onNext(255)) - client-8BD909272E8D->63cacea9-0392-4939-ad39-80c4c73dd84b: receive RaftClientReply:client-8BD909272E8D->63cacea9-0392-4939-ad39-80c4c73dd84b@group-EE6C16B6C358, cid=1521, SUCCESS, logIndex=0, commits[63cacea9-0392-4939-ad39-80c4c73dd84b:c2173, bd7b7fea-2a7b-4c3f-852f-c014e42bfcb7:c2170, 3b4aa678-22a6-4ae2-9c6a-0e71cdb9d6d0:c2170]
2019-07-10 03:37:27,208 INFO  client.GrpcClientProtocolClient (GrpcClientProtocolClient.java:onNext(255)) - client-8BD909272E8D->63cacea9-0392-4939-ad39-80c4c73dd84b: receive RaftClientReply:client-8BD909272E8D->63cacea9-0392-4939-ad39-80c4c73dd84b@group-EE6C16B6C358, cid=1522, SUCCESS, logIndex=2176, commits[63cacea9-0392-4939-ad39-80c4c73dd84b:c2177, bd7b7fea-2a7b-4c3f-852f-c014e42bfcb7:c2172, 3b4aa678-22a6-4ae2-9c6a-0e71cdb9d6d0:c2175]
2019-07-10 03:37:27,208 INFO  client.GrpcClientProtocolClient (GrpcClientProtocolClient.java:onNext(255)) - client-8BD909272E8D->63cacea9-0392-4939-ad39-80c4c73dd84b: receive RaftClientReply:client-8BD909272E8D->63cacea9-0392-4939-ad39-80c4c73dd84b@group-EE6C16B6C358, cid=1523, SUCCESS, logIndex=2177, commits[63cacea9-0392-4939-ad39-80c4c73dd84b:c2177, bd7b7fea-2a7b-4c3f-852f-c014e42bfcb7:c2175, 3b4aa678-22a6-4ae2-9c6a-0e71cdb9d6d0:c2175]
2019-07-10 03:37:27,222 INFO  client.GrpcClientProtocolClient (GrpcClientProtocolClient.java:onNext(255)) - client-8BD909272E8D->63cacea9-0392-4939-ad39-80c4c73dd84b: receive RaftClientReply:client-8BD909272E8D->63cacea9-0392-4939-ad39-80c4c73dd84b@group-EE6C16B6C358, cid=1524, SUCCESS, logIndex=2180, commits[63cacea9-0392-4939-ad39-80c4c73dd84b:c2181, bd7b7fea-2a7b-4c3f-852f-c014e42bfcb7:c2179, 3b4aa678-22a6-4ae2-9c6a-0e71cdb9d6d0:c2179]
2019-07-10 03:37:27,223 INFO  client.GrpcClientProtocolClient (GrpcClientProtocolClient.java:onNext(255)) - client-8BD909272E8D->63cacea9-0392-4939-ad39-80c4c73dd84b: receive RaftClientReply:client-8BD909272E8D->63cacea9-0392-4939-ad39-80c4c73dd84b@group-EE6C16B6C358, cid=1525, SUCCESS, logIndex=2181, commits[63cacea9-0392-4939-ad39-80c4c73dd84b:c2181, bd7b7fea-2a7b-4c3f-852f-c014e42bfcb7:c2179, 3b4aa678-22a6-4ae2-9c6a-0e71cdb9d6d0:c2179]
2019-07-10 03:37:27,229 INFO  client.GrpcClientProtocolClient (GrpcClientProtocolClient.java:onNext(255)) - client-8BD909272E8D->63cacea9-0392-4939-ad39-80c4c73dd84b: receive RaftClientReply:client-8BD909272E8D->63cacea9-0392-4939-ad39-80c4c73dd84b@group-EE6C16B6C358, cid=1526, SUCCESS, logIndex=0, commits[63cacea9-0392-4939-ad39-80c4c73dd84b:c2183, bd7b7fea-2a7b-4c3f-852f-c014e42bfcb7:c2181, 3b4aa678-22a6-4ae2-9c6a-0e71cdb9d6d0:c2181]
2019-07-10 03:37:27,268 INFO  client.GrpcClientProtocolClient (GrpcClientProtocolClient.java:onNext(255)) - client-8BD909272E8D->63cacea9-0392-4939-ad39-80c4c73dd84b: receive RaftClientReply:client-8BD909272E8D->63cacea9-0392-4939-ad39-80c4c73dd84b@group-EE6C16B6C358, cid=1527, SUCCESS, logIndex=2184, commits[63cacea9-0392-4939-ad39-80c4c73dd84b:c2185, bd7b7fea-2a7b-4c3f-852f-c014e42bfcb7:c2183, 3b4aa678-22a6-4ae2-9c6a-0e71cdb9d6d0:c2183]
2019-07-10 03:37:27,269 INFO  client.GrpcClientProtocolClient (GrpcClientProtocolClient.java:onNext(255)) - client-8BD909272E8D->63cacea9-0392-4939-ad39-80c4c73dd84b: receive RaftClientReply:client-8BD909272E8D->63cacea9-0392-4939-ad39-80c4c73dd84b@group-EE6C16B6C358, cid=1528, SUCCESS, logIndex=2185, commits[63cacea9-0392-4939-ad39-80c4c73dd84b:c2185, bd7b7fea-2a7b-4c3f-852f-c014e42bfcb7:c2183, 3b4aa678-22a6-4ae2-9c6a-0e71cdb9d6d0:c2183]
2019-07-10 03:37:27,270 INFO  client.GrpcClientProtocolClient (GrpcClientProtocolClient.java:onNext(255)) - client-8BD909272E8D->63cacea9-0392-4939-ad39-80c4c73dd84b: receive RaftClientReply:client-8BD909272E8D->63cacea9-0392-4939-ad39-80c4c73dd84b@group-EE6C16B6C358, cid=1529, SUCCESS, logIndex=2186, commits[63cacea9-0392-4939-ad39-80c4c73dd84b:c2186, bd7b7fea-2a7b-4c3f-852f-c014e42bfcb7:c2183, 3b4aa678-22a6-4ae2-9c6a-0e71cdb9d6d0:c2183]
2019-07-10 03:37:27,270 INFO  client.GrpcClientProtocolClient (GrpcClientProtocolClient.java:onNext(255)) - client-8BD909272E8D->63cacea9-0392-4939-ad39-80c4c73dd84b: receive RaftClientReply:client-8BD909272E8D->63cacea9-0392-4939-ad39-80c4c73dd84b@group-EE6C16B6C358, cid=1530, SUCCESS, logIndex=2187, commits[63cacea9-0392-4939-ad39-80c4c73dd84b:c2187, bd7b7fea-2a7b-4c3f-852f-c014e42bfcb7:c2183, 3b4aa678-22a6-4ae2-9c6a-0e71cdb9d6d0:c2183]
2019-07-10 03:37:27,271 INFO  client.GrpcClientProtocolClient (GrpcClientProtocolClient.java:onNext(255)) - client-8BD909272E8D->63cacea9-0392-4939-ad39-80c4c73dd84b: receive RaftClientReply:client-8BD909272E8D->63cacea9-0392-4939-ad39-80c4c73dd84b@group-EE6C16B6C358, cid=1531, SUCCESS, logIndex=0, commits[63cacea9-0392-4939-ad39-80c4c73dd84b:c2189, bd7b7fea-2a7b-4c3f-852f-c014e42bfcb7:c2185, 3b4aa678-22a6-4ae2-9c6a-0e71cdb9d6d0:c2185]
2019-07-10 03:37:27,284 INFO  client.GrpcClientProtocolClient (GrpcClientProtocolClient.java:onNext(255)) - client-8BD909272E8D->63cacea9-0392-4939-ad39-80c4c73dd84b: receive RaftClientReply:client-8BD909272E8D->63cacea9-0392-4939-ad39-80c4c73dd84b@group-EE6C16B6C358, cid=1532, SUCCESS, logIndex=2192, commits[63cacea9-0392-4939-ad39-80c4c73dd84b:c2193, bd7b7fea-2a7b-4c3f-852f-c014e42bfcb7:c2187, 3b4aa678-22a6-4ae2-9c6a-0e71cdb9d6d0:c2190]
2019-07-10 03:37:27,285 INFO  client.GrpcClientProtocolClient (GrpcClientProtocolClient.java:onNext(255)) - client-8BD909272E8D->63cacea9-0392-4939-ad39-80c4c73dd84b: receive RaftClientReply:client-8BD909272E8D->63cacea9-0392-4939-ad39-80c4c73dd84b@group-EE6C16B6C358, cid=1533, SUCCESS, logIndex=2193, commits[63cacea9-0392-4939-ad39-80c4c73dd84b:c2193, bd7b7fea-2a7b-4c3f-852f-c014e42bfcb7:c2187, 3b4aa678-22a6-4ae2-9c6a-0e71cdb9d6d0:c2190]
2019-07-10 03:37:27,306 INFO  client.GrpcClientProtocolClient (GrpcClientProtocolClient.java:onNext(255)) - client-8BD909272E8D->63cacea9-0392-4939-ad39-80c4c73dd84b: receive RaftClientReply:client-8BD909272E8D->63cacea9-0392-4939-ad39-80c4c73dd84b@group-EE6C16B6C358, cid=1534, SUCCESS, logIndex=2196, commits[63cacea9-0392-4939-ad39-80c4c73dd84b:c2197, bd7b7fea-2a7b-4c3f-852f-c014e42bfcb7:c2195, 3b4aa678-22a6-4ae2-9c6a-0e71cdb9d6d0:c2195]
2019-07-10 03:37:27,306 INFO  client.GrpcClientProtocolClient (GrpcClientProtocolClient.java:onNext(255)) - client-8BD909272E8D->63cacea9-0392-4939-ad39-80c4c73dd84b: receive RaftClientReply:client-8BD909272E8D->63cacea9-0392-4939-ad39-80c4c73dd84b@group-EE6C16B6C358, cid=1535, SUCCESS, logIndex=2197, commits[63cacea9-0392-4939-ad39-80c4c73dd84b:c2197, bd7b7fea-2a7b-4c3f-852f-c014e42bfcb7:c2195, 3b4aa678-22a6-4ae2-9c6a-0e71cdb9d6d0:c2195]
2019-07-10 03:37:27,422 INFO  client.GrpcClientProtocolClient (GrpcClientProtocolClient.java:onNext(255)) - client-8BD909272E8D->63cacea9-0392-4939-ad39-80c4c73dd84b: receive RaftClientReply:client-8BD909272E8D->63cacea9-0392-4939-ad39-80c4c73dd84b@group-EE6C16B6C358, cid=1536, SUCCESS, logIndex=0, commits[63cacea9-0392-4939-ad39-80c4c73dd84b:c2199, bd7b7fea-2a7b-4c3f-852f-c014e42bfcb7:c2197, 3b4aa678-22a6-4ae2-9c6a-0e71cdb9d6d0:c2197]
2019-07-10 03:37:27,458 INFO  client.GrpcClientProtocolClient (GrpcClientProtocolClient.java:onNext(255)) - client-8BD909272E8D->63cacea9-0392-4939-ad39-80c4c73dd84b: receive RaftClientReply:client-8BD909272E8D->63cacea9-0392-4939-ad39-80c4c73dd84b@group-EE6C16B6C358, cid=1537, SUCCESS, logIndex=2200, commits[63cacea9-0392-4939-ad39-80c4c73dd84b:c2203, bd7b7fea-2a7b-4c3f-852f-c014e42bfcb7:c2199, 3b4aa678-22a6-4ae2-9c6a-0e71cdb9d6d0:c2199]
2019-07-10 03:37:27,459 INFO  client.GrpcClientProtocolClient (GrpcClientProtocolClient.java:onNext(255)) - client-8BD909272E8D->63cacea9-0392-4939-ad39-80c4c73dd84b: receive RaftClientReply:client-8BD909272E8D->63cacea9-0392-4939-ad39-80c4c73dd84b@group-EE6C16B6C358, cid=1538, SUCCESS, logIndex=2201, commits[63cacea9-0392-4939-ad39-80c4c73dd84b:c2203, bd7b7fea-2a7b-4c3f-852f-c014e42bfcb7:c2199, 3b4aa678-22a6-4ae2-9c6a-0e71cdb9d6d0:c2199]
2019-07-10 03:37:27,459 INFO  client.GrpcClientProtocolClient (GrpcClientProtocolClient.java:onNext(255)) - client-8BD909272E8D->63cacea9-0392-4939-ad39-80c4c73dd84b: receive RaftClientReply:client-8BD909272E8D->63cacea9-0392-4939-ad39-80c4c73dd84b@group-EE6C16B6C358, cid=1539, SUCCESS, logIndex=2202, commits[63cacea9-0392-4939-ad39-80c4c73dd84b:c2203, bd7b7fea-2a7b-4c3f-852f-c014e42bfcb7:c2199, 3b4aa678-22a6-4ae2-9c6a-0e71cdb9d6d0:c2199]
2019-07-10 03:37:27,460 INFO  client.GrpcClientProtocolClient (GrpcClientProtocolClient.java:onNext(255)) - client-8BD909272E8D->63cacea9-0392-4939-ad39-80c4c73dd84b: receive RaftClientReply:client-8BD909272E8D->63cacea9-0392-4939-ad39-80c4c73dd84b@group-EE6C16B6C358, cid=1540, SUCCESS, logIndex=2203, commits[63cacea9-0392-4939-ad39-80c4c73dd84b:c2203, bd7b7fea-2a7b-4c3f-852f-c014e42bfcb7:c2199, 3b4aa678-22a6-4ae2-9c6a-0e71cdb9d6d0:c2199]
2019-07-10 03:37:27,470 INFO  client.GrpcClientProtocolClient (GrpcClientProtocolClient.java:onNext(255)) - client-8BD909272E8D->63cacea9-0392-4939-ad39-80c4c73dd84b: receive RaftClientReply:client-8BD909272E8D->63cacea9-0392-4939-ad39-80c4c73dd84b@group-EE6C16B6C358, cid=1541, SUCCESS, logIndex=0, commits[63cacea9-0392-4939-ad39-80c4c73dd84b:c2204, bd7b7fea-2a7b-4c3f-852f-c014e42bfcb7:c2201, 3b4aa678-22a6-4ae2-9c6a-0e71cdb9d6d0:c2201]
2019-07-10 03:37:27,493 INFO  client.GrpcClientProtocolClient (GrpcClientProtocolClient.java:onNext(255)) - client-8BD909272E8D->63cacea9-0392-4939-ad39-80c4c73dd84b: receive RaftClientReply:client-8BD909272E8D->63cacea9-0392-4939-ad39-80c4c73dd84b@group-EE6C16B6C358, cid=1542, SUCCESS, logIndex=2208, commits[63cacea9-0392-4939-ad39-80c4c73dd84b:c2209, bd7b7fea-2a7b-4c3f-852f-c014e42bfcb7:c2207, 3b4aa678-22a6-4ae2-9c6a-0e71cdb9d6d0:c2207]
2019-07-10 03:37:27,493 INFO  client.GrpcClientProtocolClient (GrpcClientProtocolClient.java:onNext(255)) - client-8BD909272E8D->63cacea9-0392-4939-ad39-80c4c73dd84b: receive RaftClientReply:client-8BD909272E8D->63cacea9-0392-4939-ad39-80c4c73dd84b@group-EE6C16B6C358, cid=1543, SUCCESS, logIndex=2209, commits[63cacea9-0392-4939-ad39-80c4c73dd84b:c2209, bd7b7fea-2a7b-4c3f-852f-c014e42bfcb7:c2207, 3b4aa678-22a6-4ae2-9c6a-0e71cdb9d6d0:c2207]
2019-07-10 03:37:27,521 INFO  client.GrpcClientProtocolClient (GrpcClientProtocolClient.java:onNext(255)) - client-8BD909272E8D->63cacea9-0392-4939-ad39-80c4c73dd84b: receive RaftClientReply:client-8BD909272E8D->63cacea9-0392-4939-ad39-80c4c73dd84b@group-EE6C16B6C358, cid=1544, SUCCESS, logIndex=2212, commits[63cacea9-0392-4939-ad39-80c4c73dd84b:c2213, bd7b7fea-2a7b-4c3f-852f-c014e42bfcb7:c2209, 3b4aa678-22a6-4ae2-9c6a-0e71cdb9d6d0:c2208]
2019-07-10 03:37:27,522 INFO  client.GrpcClientProtocolClient (GrpcClientProtocolClient.java:onNext(255)) - client-8BD909272E8D->63cacea9-0392-4939-ad39-80c4c73dd84b: receive RaftClientReply:client-8BD909272E8D->63cacea9-0392-4939-ad39-80c4c73dd84b@group-EE6C16B6C358, cid=1545, SUCCESS, logIndex=2213, commits[63cacea9-0392-4939-ad39-80c4c73dd84b:c2213, bd7b7fea-2a7b-4c3f-852f-c014e42bfcb7:c2209, 3b4aa678-22a6-4ae2-9c6a-0e71cdb9d6d0:c2209]
2019-07-10 03:37:27,524 INFO  client.GrpcClientProtocolClient (GrpcClientProtocolClient.java:onNext(255)) - client-8BD909272E8D->63cacea9-0392-4939-ad39-80c4c73dd84b: receive RaftClientReply:client-8BD909272E8D->63cacea9-0392-4939-ad39-80c4c73dd84b@group-EE6C16B6C358, cid=1546, SUCCESS, logIndex=0, commits[63cacea9-0392-4939-ad39-80c4c73dd84b:c2214, bd7b7fea-2a7b-4c3f-852f-c014e42bfcb7:c2213, 3b4aa678-22a6-4ae2-9c6a-0e71cdb9d6d0:c2213]
2019-07-10 03:37:27,554 INFO  client.GrpcClientProtocolClient (GrpcClientProtocolClient.java:onNext(255)) - client-8BD909272E8D->63cacea9-0392-4939-ad39-80c4c73dd84b: receive RaftClientReply:client-8BD909272E8D->63cacea9-0392-4939-ad39-80c4c73dd84b@group-EE6C16B6C358, cid=1547, SUCCESS, logIndex=2216, commits[63cacea9-0392-4939-ad39-80c4c73dd84b:c2217, bd7b7fea-2a7b-4c3f-852f-c014e42bfcb7:c2215, 3b4aa678-22a6-4ae2-9c6a-0e71cdb9d6d0:c2215]
2019-07-10 03:37:27,555 INFO  client.GrpcClientProtocolClient (GrpcClientProtocolClient.java:onNext(255)) - client-8BD909272E8D->63cacea9-0392-4939-ad39-80c4c73dd84b: receive RaftClientReply:client-8BD909272E8D->63cacea9-0392-4939-ad39-80c4c73dd84b@group-EE6C16B6C358, cid=1548, SUCCESS, logIndex=2217, commits[63cacea9-0392-4939-ad39-80c4c73dd84b:c2218, bd7b7fea-2a7b-4c3f-852f-c014e42bfcb7:c2215, 3b4aa678-22a6-4ae2-9c6a-0e71cdb9d6d0:c2215]
2019-07-10 03:37:27,555 INFO  client.GrpcClientProtocolClient (GrpcClientProtocolClient.java:onNext(255)) - client-8BD909272E8D->63cacea9-0392-4939-ad39-80c4c73dd84b: receive RaftClientReply:client-8BD909272E8D->63cacea9-0392-4939-ad39-80c4c73dd84b@group-EE6C16B6C358, cid=1549, SUCCESS, logIndex=2218, commits[63cacea9-0392-4939-ad39-80c4c73dd84b:c2219, bd7b7fea-2a7b-4c3f-852f-c014e42bfcb7:c2215, 3b4aa678-22a6-4ae2-9c6a-0e71cdb9d6d0:c2215]
2019-07-10 03:37:27,556 INFO  client.GrpcClientProtocolClient (GrpcClientProtocolClient.java:onNext(255)) - client-8BD909272E8D->63cacea9-0392-4939-ad39-80c4c73dd84b: receive RaftClientReply:client-8BD909272E8D->63cacea9-0392-4939-ad39-80c4c73dd84b@group-EE6C16B6C358, cid=1550, SUCCESS, logIndex=2219, commits[63cacea9-0392-4939-ad39-80c4c73dd84b:c2219, bd7b7fea-2a7b-4c3f-852f-c014e42bfcb7:c2215, 3b4aa678-22a6-4ae2-9c6a-0e71cdb9d6d0:c2215]
2019-07-10 03:37:27,569 INFO  client.GrpcClientProtocolClient (GrpcClientProtocolClient.java:onNext(255)) - client-8BD909272E8D->63cacea9-0392-4939-ad39-80c4c73dd84b: receive RaftClientReply:client-8BD909272E8D->63cacea9-0392-4939-ad39-80c4c73dd84b@group-EE6C16B6C358, cid=1551, SUCCESS, logIndex=0, commits[63cacea9-0392-4939-ad39-80c4c73dd84b:c2221, bd7b7fea-2a7b-4c3f-852f-c014e42bfcb7:c2217, 3b4aa678-22a6-4ae2-9c6a-0e71cdb9d6d0:c2217]
2019-07-10 03:37:27,590 INFO  client.GrpcClientProtocolClient (GrpcClientProtocolClient.java:onNext(255)) - client-8BD909272E8D->63cacea9-0392-4939-ad39-80c4c73dd84b: receive RaftClientReply:client-8BD909272E8D->63cacea9-0392-4939-ad39-80c4c73dd84b@group-EE6C16B6C358, cid=1552, SUCCESS, logIndex=2224, commits[63cacea9-0392-4939-ad39-80c4c73dd84b:c2225, bd7b7fea-2a7b-4c3f-852f-c014e42bfcb7:c2223, 3b4aa678-22a6-4ae2-9c6a-0e71cdb9d6d0:c2223]
2019-07-10 03:37:27,590 INFO  client.GrpcClientProtocolClient (GrpcClientProtocolClient.java:onNext(255)) - client-8BD909272E8D->63cacea9-0392-4939-ad39-80c4c73dd84b: receive RaftClientReply:client-8BD909272E8D->63cacea9-0392-4939-ad39-80c4c73dd84b@group-EE6C16B6C358, cid=1553, SUCCESS, logIndex=2225, commits[63cacea9-0392-4939-ad39-80c4c73dd84b:c2225, bd7b7fea-2a7b-4c3f-852f-c014e42bfcb7:c2223, 3b4aa678-22a6-4ae2-9c6a-0e71cdb9d6d0:c2223]
2019-07-10 03:37:27,615 INFO  client.GrpcClientProtocolClient (GrpcClientProtocolClient.java:onNext(255)) - client-8BD909272E8D->63cacea9-0392-4939-ad39-80c4c73dd84b: receive RaftClientReply:client-8BD909272E8D->63cacea9-0392-4939-ad39-80c4c73dd84b@group-EE6C16B6C358, cid=1554, SUCCESS, logIndex=2228, commits[63cacea9-0392-4939-ad39-80c4c73dd84b:c2229, bd7b7fea-2a7b-4c3f-852f-c014e42bfcb7:c2225, 3b4aa678-22a6-4ae2-9c6a-0e71cdb9d6d0:c2224]
2019-07-10 03:37:27,616 INFO  client.GrpcClientProtocolClient (GrpcClientProtocolClient.java:onNext(255)) - client-8BD909272E8D->63cacea9-0392-4939-ad39-80c4c73dd84b: receive RaftClientReply:client-8BD909272E8D->63cacea9-0392-4939-ad39-80c4c73dd84b@group-EE6C16B6C358, cid=1555, SUCCESS, logIndex=2229, commits[63cacea9-0392-4939-ad39-80c4c73dd84b:c2229, bd7b7fea-2a7b-4c3f-852f-c014e42bfcb7:c2225, 3b4aa678-22a6-4ae2-9c6a-0e71cdb9d6d0:c2225]
2019-07-10 03:37:27,618 INFO  client.GrpcClientProtocolClient (GrpcClientProtocolClient.java:onNext(255)) - client-8BD909272E8D->63cacea9-0392-4939-ad39-80c4c73dd84b: receive RaftClientReply:client-8BD909272E8D->63cacea9-0392-4939-ad39-80c4c73dd84b@group-EE6C16B6C358, cid=1556, SUCCESS, logIndex=0, commits[63cacea9-0392-4939-ad39-80c4c73dd84b:c2231, bd7b7fea-2a7b-4c3f-852f-c014e42bfcb7:c2229, 3b4aa678-22a6-4ae2-9c6a-0e71cdb9d6d0:c2229]
2019-07-10 03:37:27,658 INFO  client.GrpcClientProtocolClient (GrpcClientProtocolClient.java:onNext(255)) - client-8BD909272E8D->63cacea9-0392-4939-ad39-80c4c73dd84b: receive RaftClientReply:client-8BD909272E8D->63cacea9-0392-4939-ad39-80c4c73dd84b@group-EE6C16B6C358, cid=1557, SUCCESS, logIndex=2232, commits[63cacea9-0392-4939-ad39-80c4c73dd84b:c2233, bd7b7fea-2a7b-4c3f-852f-c014e42bfcb7:c2231, 3b4aa678-22a6-4ae2-9c6a-0e71cdb9d6d0:c2229]
2019-07-10 03:37:27,659 INFO  client.GrpcClientProtocolClient (GrpcClientProtocolClient.java:onNext(255)) - client-8BD909272E8D->63cacea9-0392-4939-ad39-80c4c73dd84b: receive RaftClientReply:client-8BD909272E8D->63cacea9-0392-4939-ad39-80c4c73dd84b@group-EE6C16B6C358, cid=1558, SUCCESS, logIndex=2233, commits[63cacea9-0392-4939-ad39-80c4c73dd84b:c2233, bd7b7fea-2a7b-4c3f-852f-c014e42bfcb7:c2231, 3b4aa678-22a6-4ae2-9c6a-0e71cdb9d6d0:c2229]
2019-07-10 03:37:27,662 INFO  client.GrpcClientProtocolClient (GrpcClientProtocolClient.java:onNext(255)) - client-8BD909272E8D->63cacea9-0392-4939-ad39-80c4c73dd84b: receive RaftClientReply:client-8BD909272E8D->63cacea9-0392-4939-ad39-80c4c73dd84b@group-EE6C16B6C358, cid=1559, SUCCESS, logIndex=2234, commits[63cacea9-0392-4939-ad39-80c4c73dd84b:c2235, bd7b7fea-2a7b-4c3f-852f-c014e42bfcb7:c2233, 3b4aa678-22a6-4ae2-9c6a-0e71cdb9d6d0:c2231]
2019-07-10 03:37:27,662 INFO  client.GrpcClientProtocolClient (GrpcClientProtocolClient.java:onNext(255)) - client-8BD909272E8D->63cacea9-0392-4939-ad39-80c4c73dd84b: receive RaftClientReply:client-8BD909272E8D->63cacea9-0392-4939-ad39-80c4c73dd84b@group-EE6C16B6C358, cid=1560, SUCCESS, logIndex=2235, commits[63cacea9-0392-4939-ad39-80c4c73dd84b:c2237, bd7b7fea-2a7b-4c3f-852f-c014e42bfcb7:c2233, 3b4aa678-22a6-4ae2-9c6a-0e71cdb9d6d0:c2233]
2019-07-10 03:37:27,683 INFO  client.GrpcClientProtocolClient (GrpcClientProtocolClient.java:onNext(255)) - client-8BD909272E8D->63cacea9-0392-4939-ad39-80c4c73dd84b: receive RaftClientReply:client-8BD909272E8D->63cacea9-0392-4939-ad39-80c4c73dd84b@group-EE6C16B6C358, cid=1561, SUCCESS, logIndex=2239, commits[63cacea9-0392-4939-ad39-80c4c73dd84b:c2240, bd7b7fea-2a7b-4c3f-852f-c014e42bfcb7:c2238, 3b4aa678-22a6-4ae2-9c6a-0e71cdb9d6d0:c2238]
2019-07-10 03:37:27,683 INFO  client.GrpcClientProtocolClient (GrpcClientProtocolClient.java:onNext(255)) - client-8BD909272E8D->63cacea9-0392-4939-ad39-80c4c73dd84b: receive RaftClientReply:client-8BD909272E8D->63cacea9-0392-4939-ad39-80c4c73dd84b@group-EE6C16B6C358, cid=1562, SUCCESS, logIndex=2240, commits[63cacea9-0392-4939-ad39-80c4c73dd84b:c2240, bd7b7fea-2a7b-4c3f-852f-c014e42bfcb7:c2238, 3b4aa678-22a6-4ae2-9c6a-0e71cdb9d6d0:c2238]
2019-07-10 03:37:27,696 INFO  client.GrpcClientProtocolClient (GrpcClientProtocolClient.java:onNext(255)) - client-8BD909272E8D->63cacea9-0392-4939-ad39-80c4c73dd84b: receive RaftClientReply:client-8BD909272E8D->63cacea9-0392-4939-ad39-80c4c73dd84b@group-EE6C16B6C358, cid=1563, SUCCESS, logIndex=2243, commits[63cacea9-0392-4939-ad39-80c4c73dd84b:c2244, bd7b7fea-2a7b-4c3f-852f-c014e42bfcb7:c2239, 3b4aa678-22a6-4ae2-9c6a-0e71cdb9d6d0:c2240]
2019-07-10 03:37:27,697 INFO  client.GrpcClientProtocolClient (GrpcClientProtocolClient.java:onNext(255)) - client-8BD909272E8D->63cacea9-0392-4939-ad39-80c4c73dd84b: receive RaftClientReply:client-8BD909272E8D->63cacea9-0392-4939-ad39-80c4c73dd84b@group-EE6C16B6C358, cid=1564, SUCCESS, logIndex=2244, commits[63cacea9-0392-4939-ad39-80c4c73dd84b:c2244, bd7b7fea-2a7b-4c3f-852f-c014e42bfcb7:c2240, 3b4aa678-22a6-4ae2-9c6a-0e71cdb9d6d0:c2240]
2019-07-10 03:37:27,699 INFO  client.GrpcClientProtocolClient (GrpcClientProtocolClient.java:onNext(255)) - client-8BD909272E8D->63cacea9-0392-4939-ad39-80c4c73dd84b: receive RaftClientReply:client-8BD909272E8D->63cacea9-0392-4939-ad39-80c4c73dd84b@group-EE6C16B6C358, cid=1565, SUCCESS, logIndex=0, commits[63cacea9-0392-4939-ad39-80c4c73dd84b:c2246, bd7b7fea-2a7b-4c3f-852f-c014e42bfcb7:c2244, 3b4aa678-22a6-4ae2-9c6a-0e71cdb9d6d0:c2244]
 0.00% |█                                                                                                    |  0/1 Time: 0:00:102019-07-10 03:37:27,730 INFO  client.GrpcClientProtocolClient (GrpcClientProtocolClient.java:onNext(255)) - client-8BD909272E8D->63cacea9-0392-4939-ad39-80c4c73dd84b: receive RaftClientReply:client-8BD909272E8D->63cacea9-0392-4939-ad39-80c4c73dd84b@group-EE6C16B6C358, cid=1566, SUCCESS, logIndex=2247, commits[63cacea9-0392-4939-ad39-80c4c73dd84b:c2248, bd7b7fea-2a7b-4c3f-852f-c014e42bfcb7:c2246, 3b4aa678-22a6-4ae2-9c6a-0e71cdb9d6d0:c2246]
2019-07-10 03:37:27,730 INFO  client.GrpcClientProtocolClient (GrpcClientProtocolClient.java:onNext(255)) - client-8BD909272E8D->63cacea9-0392-4939-ad39-80c4c73dd84b: receive RaftClientReply:client-8BD909272E8D->63cacea9-0392-4939-ad39-80c4c73dd84b@group-EE6C16B6C358, cid=1567, SUCCESS, logIndex=2248, commits[63cacea9-0392-4939-ad39-80c4c73dd84b:c2248, bd7b7fea-2a7b-4c3f-852f-c014e42bfcb7:c2246, 3b4aa678-22a6-4ae2-9c6a-0e71cdb9d6d0:c2246]
2019-07-10 03:37:27,731 INFO  client.GrpcClientProtocolClient (GrpcClientProtocolClient.java:onNext(255)) - client-8BD909272E8D->63cacea9-0392-4939-ad39-80c4c73dd84b: receive RaftClientReply:client-8BD909272E8D->63cacea9-0392-4939-ad39-80c4c73dd84b@group-EE6C16B6C358, cid=1568, SUCCESS, logIndex=2249, commits[63cacea9-0392-4939-ad39-80c4c73dd84b:c2250, bd7b7fea-2a7b-4c3f-852f-c014e42bfcb7:c2246, 3b4aa678-22a6-4ae2-9c6a-0e71cdb9d6d0:c2246]
2019-07-10 03:37:27,731 INFO  client.GrpcClientProtocolClient (GrpcClientProtocolClient.java:onNext(255)) - client-8BD909272E8D->63cacea9-0392-4939-ad39-80c4c73dd84b: receive RaftClientReply:client-8BD909272E8D->63cacea9-0392-4939-ad39-80c4c73dd84b@group-EE6C16B6C358, cid=1569, SUCCESS, logIndex=2250, commits[63cacea9-0392-4939-ad39-80c4c73dd84b:c2250, bd7b7fea-2a7b-4c3f-852f-c014e42bfcb7:c2246, 3b4aa678-22a6-4ae2-9c6a-0e71cdb9d6d0:c2246]
2019-07-10 03:37:27,743 INFO  client.GrpcClientProtocolClient (GrpcClientProtocolClient.java:onNext(255)) - client-8BD909272E8D->63cacea9-0392-4939-ad39-80c4c73dd84b: receive RaftClientReply:client-8BD909272E8D->63cacea9-0392-4939-ad39-80c4c73dd84b@group-EE6C16B6C358, cid=1570, SUCCESS, logIndex=0, commits[63cacea9-0392-4939-ad39-80c4c73dd84b:c2252, bd7b7fea-2a7b-4c3f-852f-c014e42bfcb7:c2248, 3b4aa678-22a6-4ae2-9c6a-0e71cdb9d6d0:c2248]
2019-07-10 03:37:27,779 INFO  client.GrpcClientProtocolClient (GrpcClientProtocolClient.java:onNext(255)) - client-8BD909272E8D->63cacea9-0392-4939-ad39-80c4c73dd84b: receive RaftClientReply:client-8BD909272E8D->63cacea9-0392-4939-ad39-80c4c73dd84b@group-EE6C16B6C358, cid=1571, SUCCESS, logIndex=2255, commits[63cacea9-0392-4939-ad39-80c4c73dd84b:c2256, bd7b7fea-2a7b-4c3f-852f-c014e42bfcb7:c2254, 3b4aa678-22a6-4ae2-9c6a-0e71cdb9d6d0:c2254]
2019-07-10 03:37:27,780 INFO  client.GrpcClientProtocolClient (GrpcClientProtocolClient.java:onNext(255)) - client-8BD909272E8D->63cacea9-0392-4939-ad39-80c4c73dd84b: receive RaftClientReply:client-8BD909272E8D->63cacea9-0392-4939-ad39-80c4c73dd84b@group-EE6C16B6C358, cid=1572, SUCCESS, logIndex=2256, commits[63cacea9-0392-4939-ad39-80c4c73dd84b:c2256, bd7b7fea-2a7b-4c3f-852f-c014e42bfcb7:c2254, 3b4aa678-22a6-4ae2-9c6a-0e71cdb9d6d0:c2254]
2019-07-10 03:37:27,805 INFO  client.GrpcClientProtocolClient (GrpcClientProtocolClient.java:onNext(255)) - client-8BD909272E8D->63cacea9-0392-4939-ad39-80c4c73dd84b: receive RaftClientReply:client-8BD909272E8D->63cacea9-0392-4939-ad39-80c4c73dd84b@group-EE6C16B6C358, cid=1573, SUCCESS, logIndex=2258, commits[63cacea9-0392-4939-ad39-80c4c73dd84b:c2259, bd7b7fea-2a7b-4c3f-852f-c014e42bfcb7:c2256, 3b4aa678-22a6-4ae2-9c6a-0e71cdb9d6d0:c2256]
2019-07-10 03:37:27,805 INFO  client.GrpcClientProtocolClient (GrpcClientProtocolClient.java:onNext(255)) - client-8BD909272E8D->63cacea9-0392-4939-ad39-80c4c73dd84b: receive RaftClientReply:client-8BD909272E8D->63cacea9-0392-4939-ad39-80c4c73dd84b@group-EE6C16B6C358, cid=1574, SUCCESS, logIndex=2259, commits[63cacea9-0392-4939-ad39-80c4c73dd84b:c2259, bd7b7fea-2a7b-4c3f-852f-c014e42bfcb7:c2256, 3b4aa678-22a6-4ae2-9c6a-0e71cdb9d6d0:c2256]
2019-07-10 03:37:27,820 INFO  client.GrpcClientProtocolClient (GrpcClientProtocolClient.java:onNext(255)) - client-8BD909272E8D->63cacea9-0392-4939-ad39-80c4c73dd84b: receive RaftClientReply:client-8BD909272E8D->63cacea9-0392-4939-ad39-80c4c73dd84b@group-EE6C16B6C358, cid=1575, SUCCESS, logIndex=0, commits[63cacea9-0392-4939-ad39-80c4c73dd84b:c2261, bd7b7fea-2a7b-4c3f-852f-c014e42bfcb7:c2259, 3b4aa678-22a6-4ae2-9c6a-0e71cdb9d6d0:c2259]
2019-07-10 03:37:27,847 INFO  client.GrpcClientProtocolClient (GrpcClientProtocolClient.java:onNext(255)) - client-8BD909272E8D->63cacea9-0392-4939-ad39-80c4c73dd84b: receive RaftClientReply:client-8BD909272E8D->63cacea9-0392-4939-ad39-80c4c73dd84b@group-EE6C16B6C358, cid=1576, SUCCESS, logIndex=2262, commits[63cacea9-0392-4939-ad39-80c4c73dd84b:c2265, bd7b7fea-2a7b-4c3f-852f-c014e42bfcb7:c2259, 3b4aa678-22a6-4ae2-9c6a-0e71cdb9d6d0:c2261]
2019-07-10 03:37:27,847 INFO  client.GrpcClientProtocolClient (GrpcClientProtocolClient.java:onNext(255)) - client-8BD909272E8D->63cacea9-0392-4939-ad39-80c4c73dd84b: receive RaftClientReply:client-8BD909272E8D->63cacea9-0392-4939-ad39-80c4c73dd84b@group-EE6C16B6C358, cid=1577, SUCCESS, logIndex=2263, commits[63cacea9-0392-4939-ad39-80c4c73dd84b:c2265, bd7b7fea-2a7b-4c3f-852f-c014e42bfcb7:c2261, 3b4aa678-22a6-4ae2-9c6a-0e71cdb9d6d0:c2261]
2019-07-10 03:37:27,848 INFO  client.GrpcClientProtocolClient (GrpcClientProtocolClient.java:onNext(255)) - client-8BD909272E8D->63cacea9-0392-4939-ad39-80c4c73dd84b: receive RaftClientReply:client-8BD909272E8D->63cacea9-0392-4939-ad39-80c4c73dd84b@group-EE6C16B6C358, cid=1578, SUCCESS, logIndex=2264, commits[63cacea9-0392-4939-ad39-80c4c73dd84b:c2265, bd7b7fea-2a7b-4c3f-852f-c014e42bfcb7:c2261, 3b4aa678-22a6-4ae2-9c6a-0e71cdb9d6d0:c2261]
2019-07-10 03:37:27,848 INFO  client.GrpcClientProtocolClient (GrpcClientProtocolClient.java:onNext(255)) - client-8BD909272E8D->63cacea9-0392-4939-ad39-80c4c73dd84b: receive RaftClientReply:client-8BD909272E8D->63cacea9-0392-4939-ad39-80c4c73dd84b@group-EE6C16B6C358, cid=1579, SUCCESS, logIndex=2265, commits[63cacea9-0392-4939-ad39-80c4c73dd84b:c2265, bd7b7fea-2a7b-4c3f-852f-c014e42bfcb7:c2261, 3b4aa678-22a6-4ae2-9c6a-0e71cdb9d6d0:c2261]
2019-07-10 03:37:27,862 INFO  client.GrpcClientProtocolClient (GrpcClientProtocolClient.java:onNext(255)) - client-8BD909272E8D->63cacea9-0392-4939-ad39-80c4c73dd84b: receive RaftClientReply:client-8BD909272E8D->63cacea9-0392-4939-ad39-80c4c73dd84b@group-EE6C16B6C358, cid=1580, SUCCESS, logIndex=0, commits[63cacea9-0392-4939-ad39-80c4c73dd84b:c2267, bd7b7fea-2a7b-4c3f-852f-c014e42bfcb7:c2263, 3b4aa678-22a6-4ae2-9c6a-0e71cdb9d6d0:c2263]
2019-07-10 03:37:27,883 INFO  client.GrpcClientProtocolClient (GrpcClientProtocolClient.java:onNext(255)) - client-8BD909272E8D->63cacea9-0392-4939-ad39-80c4c73dd84b: receive RaftClientReply:client-8BD909272E8D->63cacea9-0392-4939-ad39-80c4c73dd84b@group-EE6C16B6C358, cid=1581, SUCCESS, logIndex=2269, commits[63cacea9-0392-4939-ad39-80c4c73dd84b:c2270, bd7b7fea-2a7b-4c3f-852f-c014e42bfcb7:c2268, 3b4aa678-22a6-4ae2-9c6a-0e71cdb9d6d0:c2268]
2019-07-10 03:37:27,883 INFO  client.GrpcClientProtocolClient (GrpcClientProtocolClient.java:onNext(255)) - client-8BD909272E8D->63cacea9-0392-4939-ad39-80c4c73dd84b: receive RaftClientReply:client-8BD909272E8D->63cacea9-0392-4939-ad39-80c4c73dd84b@group-EE6C16B6C358, cid=1582, SUCCESS, logIndex=2270, commits[63cacea9-0392-4939-ad39-80c4c73dd84b:c2270, bd7b7fea-2a7b-4c3f-852f-c014e42bfcb7:c2268, 3b4aa678-22a6-4ae2-9c6a-0e71cdb9d6d0:c2268]
2019-07-10 03:37:27,896 INFO  client.GrpcClientProtocolClient (GrpcClientProtocolClient.java:onNext(255)) - client-8BD909272E8D->63cacea9-0392-4939-ad39-80c4c73dd84b: receive RaftClientReply:client-8BD909272E8D->63cacea9-0392-4939-ad39-80c4c73dd84b@group-EE6C16B6C358, cid=1583, SUCCESS, logIndex=2273, commits[63cacea9-0392-4939-ad39-80c4c73dd84b:c2274, bd7b7fea-2a7b-4c3f-852f-c014e42bfcb7:c2270, 3b4aa678-22a6-4ae2-9c6a-0e71cdb9d6d0:c2270]
2019-07-10 03:37:27,896 INFO  client.GrpcClientProtocolClient (GrpcClientProtocolClient.java:onNext(255)) - client-8BD909272E8D->63cacea9-0392-4939-ad39-80c4c73dd84b: receive RaftClientReply:client-8BD909272E8D->63cacea9-0392-4939-ad39-80c4c73dd84b@group-EE6C16B6C358, cid=1584, SUCCESS, logIndex=2274, commits[63cacea9-0392-4939-ad39-80c4c73dd84b:c2274, bd7b7fea-2a7b-4c3f-852f-c014e42bfcb7:c2270, 3b4aa678-22a6-4ae2-9c6a-0e71cdb9d6d0:c2270]
2019-07-10 03:37:27,910 INFO  client.GrpcClientProtocolClient (GrpcClientProtocolClient.java:onNext(255)) - client-8BD909272E8D->63cacea9-0392-4939-ad39-80c4c73dd84b: receive RaftClientReply:client-8BD909272E8D->63cacea9-0392-4939-ad39-80c4c73dd84b@group-EE6C16B6C358, cid=1585, SUCCESS, logIndex=0, commits[63cacea9-0392-4939-ad39-80c4c73dd84b:c2276, bd7b7fea-2a7b-4c3f-852f-c014e42bfcb7:c2274, 3b4aa678-22a6-4ae2-9c6a-0e71cdb9d6d0:c2274]
2019-07-10 03:37:27,938 INFO  client.GrpcClientProtocolClient (GrpcClientProtocolClient.java:onNext(255)) - client-8BD909272E8D->63cacea9-0392-4939-ad39-80c4c73dd84b: receive RaftClientReply:client-8BD909272E8D->63cacea9-0392-4939-ad39-80c4c73dd84b@group-EE6C16B6C358, cid=1586, SUCCESS, logIndex=2277, commits[63cacea9-0392-4939-ad39-80c4c73dd84b:c2278, bd7b7fea-2a7b-4c3f-852f-c014e42bfcb7:c2276, 3b4aa678-22a6-4ae2-9c6a-0e71cdb9d6d0:c2276]
2019-07-10 03:37:27,939 INFO  client.GrpcClientProtocolClient (GrpcClientProtocolClient.java:onNext(255)) - client-8BD909272E8D->63cacea9-0392-4939-ad39-80c4c73dd84b: receive RaftClientReply:client-8BD909272E8D->63cacea9-0392-4939-ad39-80c4c73dd84b@group-EE6C16B6C358, cid=1587, SUCCESS, logIndex=2278, commits[63cacea9-0392-4939-ad39-80c4c73dd84b:c2280, bd7b7fea-2a7b-4c3f-852f-c014e42bfcb7:c2276, 3b4aa678-22a6-4ae2-9c6a-0e71cdb9d6d0:c2276]
2019-07-10 03:37:27,939 INFO  client.GrpcClientProtocolClient (GrpcClientProtocolClient.java:onNext(255)) - client-8BD909272E8D->63cacea9-0392-4939-ad39-80c4c73dd84b: receive RaftClientReply:client-8BD909272E8D->63cacea9-0392-4939-ad39-80c4c73dd84b@group-EE6C16B6C358, cid=1588, SUCCESS, logIndex=2279, commits[63cacea9-0392-4939-ad39-80c4c73dd84b:c2280, bd7b7fea-2a7b-4c3f-852f-c014e42bfcb7:c2276, 3b4aa678-22a6-4ae2-9c6a-0e71cdb9d6d0:c2276]
2019-07-10 03:37:27,939 INFO  client.GrpcClientProtocolClient (GrpcClientProtocolClient.java:onNext(255)) - client-8BD909272E8D->63cacea9-0392-4939-ad39-80c4c73dd84b: receive RaftClientReply:client-8BD909272E8D->63cacea9-0392-4939-ad39-80c4c73dd84b@group-EE6C16B6C358, cid=1589, SUCCESS, logIndex=2280, commits[63cacea9-0392-4939-ad39-80c4c73dd84b:c2280, bd7b7fea-2a7b-4c3f-852f-c014e42bfcb7:c2276, 3b4aa678-22a6-4ae2-9c6a-0e71cdb9d6d0:c2276]
2019-07-10 03:37:27,941 INFO  client.GrpcClientProtocolClient (GrpcClientProtocolClient.java:onNext(255)) - client-8BD909272E8D->63cacea9-0392-4939-ad39-80c4c73dd84b: receive RaftClientReply:client-8BD909272E8D->63cacea9-0392-4939-ad39-80c4c73dd84b@group-EE6C16B6C358, cid=1590, SUCCESS, logIndex=0, commits[63cacea9-0392-4939-ad39-80c4c73dd84b:c2281, bd7b7fea-2a7b-4c3f-852f-c014e42bfcb7:c2278, 3b4aa678-22a6-4ae2-9c6a-0e71cdb9d6d0:c2278]
2019-07-10 03:37:27,960 INFO  client.GrpcClientProtocolClient (GrpcClientProtocolClient.java:onNext(255)) - client-8BD909272E8D->63cacea9-0392-4939-ad39-80c4c73dd84b: receive RaftClientReply:client-8BD909272E8D->63cacea9-0392-4939-ad39-80c4c73dd84b@group-EE6C16B6C358, cid=1591, SUCCESS, logIndex=2284, commits[63cacea9-0392-4939-ad39-80c4c73dd84b:c2285, bd7b7fea-2a7b-4c3f-852f-c014e42bfcb7:c2283, 3b4aa678-22a6-4ae2-9c6a-0e71cdb9d6d0:c2283]
2019-07-10 03:37:27,960 INFO  client.GrpcClientProtocolClient (GrpcClientProtocolClient.java:onNext(255)) - client-8BD909272E8D->63cacea9-0392-4939-ad39-80c4c73dd84b: receive RaftClientReply:client-8BD909272E8D->63cacea9-0392-4939-ad39-80c4c73dd84b@group-EE6C16B6C358, cid=1592, SUCCESS, logIndex=2285, commits[63cacea9-0392-4939-ad39-80c4c73dd84b:c2285, bd7b7fea-2a7b-4c3f-852f-c014e42bfcb7:c2283, 3b4aa678-22a6-4ae2-9c6a-0e71cdb9d6d0:c2283]
2019-07-10 03:37:27,974 INFO  client.GrpcClientProtocolClient (GrpcClientProtocolClient.java:onNext(255)) - client-8BD909272E8D->63cacea9-0392-4939-ad39-80c4c73dd84b: receive RaftClientReply:client-8BD909272E8D->63cacea9-0392-4939-ad39-80c4c73dd84b@group-EE6C16B6C358, cid=1593, SUCCESS, logIndex=2288, commits[63cacea9-0392-4939-ad39-80c4c73dd84b:c2288, bd7b7fea-2a7b-4c3f-852f-c014e42bfcb7:c2285, 3b4aa678-22a6-4ae2-9c6a-0e71cdb9d6d0:c2285]
2019-07-10 03:37:27,975 INFO  client.GrpcClientProtocolClient (GrpcClientProtocolClient.java:onNext(255)) - client-8BD909272E8D->63cacea9-0392-4939-ad39-80c4c73dd84b: receive RaftClientReply:client-8BD909272E8D->63cacea9-0392-4939-ad39-80c4c73dd84b@group-EE6C16B6C358, cid=1594, SUCCESS, logIndex=2289, commits[63cacea9-0392-4939-ad39-80c4c73dd84b:c2289, bd7b7fea-2a7b-4c3f-852f-c014e42bfcb7:c2285, 3b4aa678-22a6-4ae2-9c6a-0e71cdb9d6d0:c2285]
2019-07-10 03:37:27,988 INFO  client.GrpcClientProtocolClient (GrpcClientProtocolClient.java:onNext(255)) - client-8BD909272E8D->63cacea9-0392-4939-ad39-80c4c73dd84b: receive RaftClientReply:client-8BD909272E8D->63cacea9-0392-4939-ad39-80c4c73dd84b@group-EE6C16B6C358, cid=1595, SUCCESS, logIndex=0, commits[63cacea9-0392-4939-ad39-80c4c73dd84b:c2291, bd7b7fea-2a7b-4c3f-852f-c014e42bfcb7:c2289, 3b4aa678-22a6-4ae2-9c6a-0e71cdb9d6d0:c2289]
2019-07-10 03:37:28,014 INFO  client.GrpcClientProtocolClient (GrpcClientProtocolClient.java:onNext(255)) - client-8BD909272E8D->63cacea9-0392-4939-ad39-80c4c73dd84b: receive RaftClientReply:client-8BD909272E8D->63cacea9-0392-4939-ad39-80c4c73dd84b@group-EE6C16B6C358, cid=1596, SUCCESS, logIndex=2292, commits[63cacea9-0392-4939-ad39-80c4c73dd84b:c2295, bd7b7fea-2a7b-4c3f-852f-c014e42bfcb7:c2291, 3b4aa678-22a6-4ae2-9c6a-0e71cdb9d6d0:c2291]
2019-07-10 03:37:28,015 INFO  client.GrpcClientProtocolClient (GrpcClientProtocolClient.java:onNext(255)) - client-8BD909272E8D->63cacea9-0392-4939-ad39-80c4c73dd84b: receive RaftClientReply:client-8BD909272E8D->63cacea9-0392-4939-ad39-80c4c73dd84b@group-EE6C16B6C358, cid=1597, SUCCESS, logIndex=2293, commits[63cacea9-0392-4939-ad39-80c4c73dd84b:c2295, bd7b7fea-2a7b-4c3f-852f-c014e42bfcb7:c2291, 3b4aa678-22a6-4ae2-9c6a-0e71cdb9d6d0:c2291]
2019-07-10 03:37:28,015 INFO  client.GrpcClientProtocolClient (GrpcClientProtocolClient.java:onNext(255)) - client-8BD909272E8D->63cacea9-0392-4939-ad39-80c4c73dd84b: receive RaftClientReply:client-8BD909272E8D->63cacea9-0392-4939-ad39-80c4c73dd84b@group-EE6C16B6C358, cid=1598, SUCCESS, logIndex=2294, commits[63cacea9-0392-4939-ad39-80c4c73dd84b:c2295, bd7b7fea-2a7b-4c3f-852f-c014e42bfcb7:c2291, 3b4aa678-22a6-4ae2-9c6a-0e71cdb9d6d0:c2291]
2019-07-10 03:37:28,015 INFO  client.GrpcClientProtocolClient (GrpcClientProtocolClient.java:onNext(255)) - client-8BD909272E8D->63cacea9-0392-4939-ad39-80c4c73dd84b: receive RaftClientReply:client-8BD909272E8D->63cacea9-0392-4939-ad39-80c4c73dd84b@group-EE6C16B6C358, cid=1599, SUCCESS, logIndex=2295, commits[63cacea9-0392-4939-ad39-80c4c73dd84b:c2295, bd7b7fea-2a7b-4c3f-852f-c014e42bfcb7:c2291, 3b4aa678-22a6-4ae2-9c6a-0e71cdb9d6d0:c2291]
2019-07-10 03:37:28,027 INFO  client.GrpcClientProtocolClient (GrpcClientProtocolClient.java:onNext(255)) - client-8BD909272E8D->63cacea9-0392-4939-ad39-80c4c73dd84b: receive RaftClientReply:client-8BD909272E8D->63cacea9-0392-4939-ad39-80c4c73dd84b@group-EE6C16B6C358, cid=1600, SUCCESS, logIndex=0, commits[63cacea9-0392-4939-ad39-80c4c73dd84b:c2296, bd7b7fea-2a7b-4c3f-852f-c014e42bfcb7:c2294, 3b4aa678-22a6-4ae2-9c6a-0e71cdb9d6d0:c2294]
2019-07-10 03:37:28,046 INFO  client.GrpcClientProtocolClient (GrpcClientProtocolClient.java:onNext(255)) - client-8BD909272E8D->63cacea9-0392-4939-ad39-80c4c73dd84b: receive RaftClientReply:client-8BD909272E8D->63cacea9-0392-4939-ad39-80c4c73dd84b@group-EE6C16B6C358, cid=1601, SUCCESS, logIndex=2299, commits[63cacea9-0392-4939-ad39-80c4c73dd84b:c2300, bd7b7fea-2a7b-4c3f-852f-c014e42bfcb7:c2298, 3b4aa678-22a6-4ae2-9c6a-0e71cdb9d6d0:c2298]
2019-07-10 03:37:28,046 INFO  client.GrpcClientProtocolClient (GrpcClientProtocolClient.java:onNext(255)) - client-8BD909272E8D->63cacea9-0392-4939-ad39-80c4c73dd84b: receive RaftClientReply:client-8BD909272E8D->63cacea9-0392-4939-ad39-80c4c73dd84b@group-EE6C16B6C358, cid=1602, SUCCESS, logIndex=2300, commits[63cacea9-0392-4939-ad39-80c4c73dd84b:c2300, bd7b7fea-2a7b-4c3f-852f-c014e42bfcb7:c2298, 3b4aa678-22a6-4ae2-9c6a-0e71cdb9d6d0:c2298]
2019-07-10 03:37:28,157 INFO  client.GrpcClientProtocolClient (GrpcClientProtocolClient.java:onNext(255)) - client-8BD909272E8D->63cacea9-0392-4939-ad39-80c4c73dd84b: receive RaftClientReply:client-8BD909272E8D->63cacea9-0392-4939-ad39-80c4c73dd84b@group-EE6C16B6C358, cid=1603, SUCCESS, logIndex=2303, commits[63cacea9-0392-4939-ad39-80c4c73dd84b:c2304, bd7b7fea-2a7b-4c3f-852f-c014e42bfcb7:c2302, 3b4aa678-22a6-4ae2-9c6a-0e71cdb9d6d0:c2302]
2019-07-10 03:37:28,157 INFO  client.GrpcClientProtocolClient (GrpcClientProtocolClient.java:onNext(255)) - client-8BD909272E8D->63cacea9-0392-4939-ad39-80c4c73dd84b: receive RaftClientReply:client-8BD909272E8D->63cacea9-0392-4939-ad39-80c4c73dd84b@group-EE6C16B6C358, cid=1604, SUCCESS, logIndex=2304, commits[63cacea9-0392-4939-ad39-80c4c73dd84b:c2304, bd7b7fea-2a7b-4c3f-852f-c014e42bfcb7:c2302, 3b4aa678-22a6-4ae2-9c6a-0e71cdb9d6d0:c2302]
2019-07-10 03:37:28,168 INFO  client.GrpcClientProtocolClient (GrpcClientProtocolClient.java:onNext(255)) - client-8BD909272E8D->63cacea9-0392-4939-ad39-80c4c73dd84b: receive RaftClientReply:client-8BD909272E8D->63cacea9-0392-4939-ad39-80c4c73dd84b@group-EE6C16B6C358, cid=1605, SUCCESS, logIndex=0, commits[63cacea9-0392-4939-ad39-80c4c73dd84b:c2305, bd7b7fea-2a7b-4c3f-852f-c014e42bfcb7:c2304, 3b4aa678-22a6-4ae2-9c6a-0e71cdb9d6d0:c2304]
2019-07-10 03:37:28,197 INFO  client.GrpcClientProtocolClient (GrpcClientProtocolClient.java:onNext(255)) - client-8BD909272E8D->63cacea9-0392-4939-ad39-80c4c73dd84b: receive RaftClientReply:client-8BD909272E8D->63cacea9-0392-4939-ad39-80c4c73dd84b@group-EE6C16B6C358, cid=1606, SUCCESS, logIndex=2307, commits[63cacea9-0392-4939-ad39-80c4c73dd84b:c2308, bd7b7fea-2a7b-4c3f-852f-c014e42bfcb7:c2306, 3b4aa678-22a6-4ae2-9c6a-0e71cdb9d6d0:c2306]
2019-07-10 03:37:28,197 INFO  client.GrpcClientProtocolClient (GrpcClientProtocolClient.java:onNext(255)) - client-8BD909272E8D->63cacea9-0392-4939-ad39-80c4c73dd84b: receive RaftClientReply:client-8BD909272E8D->63cacea9-0392-4939-ad39-80c4c73dd84b@group-EE6C16B6C358, cid=1607, SUCCESS, logIndex=2308, commits[63cacea9-0392-4939-ad39-80c4c73dd84b:c2310, bd7b7fea-2a7b-4c3f-852f-c014e42bfcb7:c2306, 3b4aa678-22a6-4ae2-9c6a-0e71cdb9d6d0:c2306]
2019-07-10 03:37:28,197 INFO  client.GrpcClientProtocolClient (GrpcClientProtocolClient.java:onNext(255)) - client-8BD909272E8D->63cacea9-0392-4939-ad39-80c4c73dd84b: receive RaftClientReply:client-8BD909272E8D->63cacea9-0392-4939-ad39-80c4c73dd84b@group-EE6C16B6C358, cid=1608, SUCCESS, logIndex=2309, commits[63cacea9-0392-4939-ad39-80c4c73dd84b:c2310, bd7b7fea-2a7b-4c3f-852f-c014e42bfcb7:c2306, 3b4aa678-22a6-4ae2-9c6a-0e71cdb9d6d0:c2306]
2019-07-10 03:37:28,198 INFO  client.GrpcClientProtocolClient (GrpcClientProtocolClient.java:onNext(255)) - client-8BD909272E8D->63cacea9-0392-4939-ad39-80c4c73dd84b: receive RaftClientReply:client-8BD909272E8D->63cacea9-0392-4939-ad39-80c4c73dd84b@group-EE6C16B6C358, cid=1609, SUCCESS, logIndex=2310, commits[63cacea9-0392-4939-ad39-80c4c73dd84b:c2310, bd7b7fea-2a7b-4c3f-852f-c014e42bfcb7:c2306, 3b4aa678-22a6-4ae2-9c6a-0e71cdb9d6d0:c2306]
2019-07-10 03:37:28,203 INFO  client.GrpcClientProtocolClient (GrpcClientProtocolClient.java:onNext(255)) - client-8BD909272E8D->63cacea9-0392-4939-ad39-80c4c73dd84b: receive RaftClientReply:client-8BD909272E8D->63cacea9-0392-4939-ad39-80c4c73dd84b@group-EE6C16B6C358, cid=1610, SUCCESS, logIndex=0, commits[63cacea9-0392-4939-ad39-80c4c73dd84b:c2312, bd7b7fea-2a7b-4c3f-852f-c014e42bfcb7:c2308, 3b4aa678-22a6-4ae2-9c6a-0e71cdb9d6d0:c2308]
2019-07-10 03:37:28,222 INFO  client.GrpcClientProtocolClient (GrpcClientProtocolClient.java:onNext(255)) - client-8BD909272E8D->63cacea9-0392-4939-ad39-80c4c73dd84b: receive RaftClientReply:client-8BD909272E8D->63cacea9-0392-4939-ad39-80c4c73dd84b@group-EE6C16B6C358, cid=1611, SUCCESS, logIndex=2315, commits[63cacea9-0392-4939-ad39-80c4c73dd84b:c2316, bd7b7fea-2a7b-4c3f-852f-c014e42bfcb7:c2314, 3b4aa678-22a6-4ae2-9c6a-0e71cdb9d6d0:c2314]
2019-07-10 03:37:28,222 INFO  client.GrpcClientProtocolClient (GrpcClientProtocolClient.java:onNext(255)) - client-8BD909272E8D->63cacea9-0392-4939-ad39-80c4c73dd84b: receive RaftClientReply:client-8BD909272E8D->63cacea9-0392-4939-ad39-80c4c73dd84b@group-EE6C16B6C358, cid=1612, SUCCESS, logIndex=2316, commits[63cacea9-0392-4939-ad39-80c4c73dd84b:c2316, bd7b7fea-2a7b-4c3f-852f-c014e42bfcb7:c2314, 3b4aa678-22a6-4ae2-9c6a-0e71cdb9d6d0:c2314]
2019-07-10 03:37:28,235 INFO  client.GrpcClientProtocolClient (GrpcClientProtocolClient.java:onNext(255)) - client-8BD909272E8D->63cacea9-0392-4939-ad39-80c4c73dd84b: receive RaftClientReply:client-8BD909272E8D->63cacea9-0392-4939-ad39-80c4c73dd84b@group-EE6C16B6C358, cid=1613, SUCCESS, logIndex=2319, commits[63cacea9-0392-4939-ad39-80c4c73dd84b:c2319, bd7b7fea-2a7b-4c3f-852f-c014e42bfcb7:c2316, 3b4aa678-22a6-4ae2-9c6a-0e71cdb9d6d0:c2316]
2019-07-10 03:37:28,235 INFO  client.GrpcClientProtocolClient (GrpcClientProtocolClient.java:onNext(255)) - client-8BD909272E8D->63cacea9-0392-4939-ad39-80c4c73dd84b: receive RaftClientReply:client-8BD909272E8D->63cacea9-0392-4939-ad39-80c4c73dd84b@group-EE6C16B6C358, cid=1614, SUCCESS, logIndex=2320, commits[63cacea9-0392-4939-ad39-80c4c73dd84b:c2320, bd7b7fea-2a7b-4c3f-852f-c014e42bfcb7:c2316, 3b4aa678-22a6-4ae2-9c6a-0e71cdb9d6d0:c2316]
2019-07-10 03:37:28,248 INFO  client.GrpcClientProtocolClient (GrpcClientProtocolClient.java:onNext(255)) - client-8BD909272E8D->63cacea9-0392-4939-ad39-80c4c73dd84b: receive RaftClientReply:client-8BD909272E8D->63cacea9-0392-4939-ad39-80c4c73dd84b@group-EE6C16B6C358, cid=1615, SUCCESS, logIndex=0, commits[63cacea9-0392-4939-ad39-80c4c73dd84b:c2322, bd7b7fea-2a7b-4c3f-852f-c014e42bfcb7:c2320, 3b4aa678-22a6-4ae2-9c6a-0e71cdb9d6d0:c2320]
2019-07-10 03:37:28,275 INFO  client.GrpcClientProtocolClient (GrpcClientProtocolClient.java:onNext(255)) - client-8BD909272E8D->63cacea9-0392-4939-ad39-80c4c73dd84b: receive RaftClientReply:client-8BD909272E8D->63cacea9-0392-4939-ad39-80c4c73dd84b@group-EE6C16B6C358, cid=1616, SUCCESS, logIndex=2323, commits[63cacea9-0392-4939-ad39-80c4c73dd84b:c2324, bd7b7fea-2a7b-4c3f-852f-c014e42bfcb7:c2322, 3b4aa678-22a6-4ae2-9c6a-0e71cdb9d6d0:c2322]
2019-07-10 03:37:28,276 INFO  client.GrpcClientProtocolClient (GrpcClientProtocolClient.java:onNext(255)) - client-8BD909272E8D->63cacea9-0392-4939-ad39-80c4c73dd84b: receive RaftClientReply:client-8BD909272E8D->63cacea9-0392-4939-ad39-80c4c73dd84b@group-EE6C16B6C358, cid=1617, SUCCESS, logIndex=2324, commits[63cacea9-0392-4939-ad39-80c4c73dd84b:c2326, bd7b7fea-2a7b-4c3f-852f-c014e42bfcb7:c2322, 3b4aa678-22a6-4ae2-9c6a-0e71cdb9d6d0:c2322]
2019-07-10 03:37:28,276 INFO  client.GrpcClientProtocolClient (GrpcClientProtocolClient.java:onNext(255)) - client-8BD909272E8D->63cacea9-0392-4939-ad39-80c4c73dd84b: receive RaftClientReply:client-8BD909272E8D->63cacea9-0392-4939-ad39-80c4c73dd84b@group-EE6C16B6C358, cid=1618, SUCCESS, logIndex=2325, commits[63cacea9-0392-4939-ad39-80c4c73dd84b:c2326, bd7b7fea-2a7b-4c3f-852f-c014e42bfcb7:c2322, 3b4aa678-22a6-4ae2-9c6a-0e71cdb9d6d0:c2322]
2019-07-10 03:37:28,276 INFO  client.GrpcClientProtocolClient (GrpcClientProtocolClient.java:onNext(255)) - client-8BD909272E8D->63cacea9-0392-4939-ad39-80c4c73dd84b: receive RaftClientReply:client-8BD909272E8D->63cacea9-0392-4939-ad39-80c4c73dd84b@group-EE6C16B6C358, cid=1619, SUCCESS, logIndex=2326, commits[63cacea9-0392-4939-ad39-80c4c73dd84b:c2326, bd7b7fea-2a7b-4c3f-852f-c014e42bfcb7:c2322, 3b4aa678-22a6-4ae2-9c6a-0e71cdb9d6d0:c2322]
2019-07-10 03:37:28,289 INFO  client.GrpcClientProtocolClient (GrpcClientProtocolClient.java:onNext(255)) - client-8BD909272E8D->63cacea9-0392-4939-ad39-80c4c73dd84b: receive RaftClientReply:client-8BD909272E8D->63cacea9-0392-4939-ad39-80c4c73dd84b@group-EE6C16B6C358, cid=1620, SUCCESS, logIndex=0, commits[63cacea9-0392-4939-ad39-80c4c73dd84b:c2329, bd7b7fea-2a7b-4c3f-852f-c014e42bfcb7:c2324, 3b4aa678-22a6-4ae2-9c6a-0e71cdb9d6d0:c2326]
2019-07-10 03:37:28,310 INFO  client.GrpcClientProtocolClient (GrpcClientProtocolClient.java:onNext(255)) - client-8BD909272E8D->63cacea9-0392-4939-ad39-80c4c73dd84b: receive RaftClientReply:client-8BD909272E8D->63cacea9-0392-4939-ad39-80c4c73dd84b@group-EE6C16B6C358, cid=1621, SUCCESS, logIndex=2330, commits[63cacea9-0392-4939-ad39-80c4c73dd84b:c2331, bd7b7fea-2a7b-4c3f-852f-c014e42bfcb7:c2329, 3b4aa678-22a6-4ae2-9c6a-0e71cdb9d6d0:c2329]
2019-07-10 03:37:28,310 INFO  client.GrpcClientProtocolClient (GrpcClientProtocolClient.java:onNext(255)) - client-8BD909272E8D->63cacea9-0392-4939-ad39-80c4c73dd84b: receive RaftClientReply:client-8BD909272E8D->63cacea9-0392-4939-ad39-80c4c73dd84b@group-EE6C16B6C358, cid=1622, SUCCESS, logIndex=2331, commits[63cacea9-0392-4939-ad39-80c4c73dd84b:c2331, bd7b7fea-2a7b-4c3f-852f-c014e42bfcb7:c2329, 3b4aa678-22a6-4ae2-9c6a-0e71cdb9d6d0:c2329]
2019-07-10 03:37:28,323 INFO  client.GrpcClientProtocolClient (GrpcClientProtocolClient.java:onNext(255)) - client-8BD909272E8D->63cacea9-0392-4939-ad39-80c4c73dd84b: receive RaftClientReply:client-8BD909272E8D->63cacea9-0392-4939-ad39-80c4c73dd84b@group-EE6C16B6C358, cid=1623, SUCCESS, logIndex=2334, commits[63cacea9-0392-4939-ad39-80c4c73dd84b:c2335, bd7b7fea-2a7b-4c3f-852f-c014e42bfcb7:c2331, 3b4aa678-22a6-4ae2-9c6a-0e71cdb9d6d0:c2331]
2019-07-10 03:37:28,323 INFO  client.GrpcClientProtocolClient (GrpcClientProtocolClient.java:onNext(255)) - client-8BD909272E8D->63cacea9-0392-4939-ad39-80c4c73dd84b: receive RaftClientReply:client-8BD909272E8D->63cacea9-0392-4939-ad39-80c4c73dd84b@group-EE6C16B6C358, cid=1624, SUCCESS, logIndex=2335, commits[63cacea9-0392-4939-ad39-80c4c73dd84b:c2335, bd7b7fea-2a7b-4c3f-852f-c014e42bfcb7:c2331, 3b4aa678-22a6-4ae2-9c6a-0e71cdb9d6d0:c2331]
2019-07-10 03:37:28,338 INFO  client.GrpcClientProtocolClient (GrpcClientProtocolClient.java:onNext(255)) - client-8BD909272E8D->63cacea9-0392-4939-ad39-80c4c73dd84b: receive RaftClientReply:client-8BD909272E8D->63cacea9-0392-4939-ad39-80c4c73dd84b@group-EE6C16B6C358, cid=1625, SUCCESS, logIndex=0, commits[63cacea9-0392-4939-ad39-80c4c73dd84b:c2336, bd7b7fea-2a7b-4c3f-852f-c014e42bfcb7:c2335, 3b4aa678-22a6-4ae2-9c6a-0e71cdb9d6d0:c2335]
2019-07-10 03:37:28,383 INFO  client.GrpcClientProtocolClient (GrpcClientProtocolClient.java:onNext(255)) - client-8BD909272E8D->63cacea9-0392-4939-ad39-80c4c73dd84b: receive RaftClientReply:client-8BD909272E8D->63cacea9-0392-4939-ad39-80c4c73dd84b@group-EE6C16B6C358, cid=1626, SUCCESS, logIndex=2338, commits[63cacea9-0392-4939-ad39-80c4c73dd84b:c2339, bd7b7fea-2a7b-4c3f-852f-c014e42bfcb7:c2337, 3b4aa678-22a6-4ae2-9c6a-0e71cdb9d6d0:c2337]
2019-07-10 03:37:28,384 INFO  client.GrpcClientProtocolClient (GrpcClientProtocolClient.java:onNext(255)) - client-8BD909272E8D->63cacea9-0392-4939-ad39-80c4c73dd84b: receive RaftClientReply:client-8BD909272E8D->63cacea9-0392-4939-ad39-80c4c73dd84b@group-EE6C16B6C358, cid=1627, SUCCESS, logIndex=2339, commits[63cacea9-0392-4939-ad39-80c4c73dd84b:c2339, bd7b7fea-2a7b-4c3f-852f-c014e42bfcb7:c2337, 3b4aa678-22a6-4ae2-9c6a-0e71cdb9d6d0:c2337]
2019-07-10 03:37:28,384 INFO  client.GrpcClientProtocolClient (GrpcClientProtocolClient.java:onNext(255)) - client-8BD909272E8D->63cacea9-0392-4939-ad39-80c4c73dd84b: receive RaftClientReply:client-8BD909272E8D->63cacea9-0392-4939-ad39-80c4c73dd84b@group-EE6C16B6C358, cid=1628, SUCCESS, logIndex=2340, commits[63cacea9-0392-4939-ad39-80c4c73dd84b:c2341, bd7b7fea-2a7b-4c3f-852f-c014e42bfcb7:c2337, 3b4aa678-22a6-4ae2-9c6a-0e71cdb9d6d0:c2337]
2019-07-10 03:37:28,385 INFO  client.GrpcClientProtocolClient (GrpcClientProtocolClient.java:onNext(255)) - client-8BD909272E8D->63cacea9-0392-4939-ad39-80c4c73dd84b: receive RaftClientReply:client-8BD909272E8D->63cacea9-0392-4939-ad39-80c4c73dd84b@group-EE6C16B6C358, cid=1629, SUCCESS, logIndex=2341, commits[63cacea9-0392-4939-ad39-80c4c73dd84b:c2341, bd7b7fea-2a7b-4c3f-852f-c014e42bfcb7:c2337, 3b4aa678-22a6-4ae2-9c6a-0e71cdb9d6d0:c2337]
2019-07-10 03:37:28,386 INFO  client.GrpcClientProtocolClient (GrpcClientProtocolClient.java:onNext(255)) - client-8BD909272E8D->63cacea9-0392-4939-ad39-80c4c73dd84b: receive RaftClientReply:client-8BD909272E8D->63cacea9-0392-4939-ad39-80c4c73dd84b@group-EE6C16B6C358, cid=1630, SUCCESS, logIndex=0, commits[63cacea9-0392-4939-ad39-80c4c73dd84b:c2343, bd7b7fea-2a7b-4c3f-852f-c014e42bfcb7:c2339, 3b4aa678-22a6-4ae2-9c6a-0e71cdb9d6d0:c2339]
2019-07-10 03:37:28,407 INFO  client.GrpcClientProtocolClient (GrpcClientProtocolClient.java:onNext(255)) - client-8BD909272E8D->63cacea9-0392-4939-ad39-80c4c73dd84b: receive RaftClientReply:client-8BD909272E8D->63cacea9-0392-4939-ad39-80c4c73dd84b@group-EE6C16B6C358, cid=1631, SUCCESS, logIndex=2346, commits[63cacea9-0392-4939-ad39-80c4c73dd84b:c2347, bd7b7fea-2a7b-4c3f-852f-c014e42bfcb7:c2345, 3b4aa678-22a6-4ae2-9c6a-0e71cdb9d6d0:c2345]
2019-07-10 03:37:28,408 INFO  client.GrpcClientProtocolClient (GrpcClientProtocolClient.java:onNext(255)) - client-8BD909272E8D->63cacea9-0392-4939-ad39-80c4c73dd84b: receive RaftClientReply:client-8BD909272E8D->63cacea9-0392-4939-ad39-80c4c73dd84b@group-EE6C16B6C358, cid=1632, SUCCESS, logIndex=2347, commits[63cacea9-0392-4939-ad39-80c4c73dd84b:c2347, bd7b7fea-2a7b-4c3f-852f-c014e42bfcb7:c2345, 3b4aa678-22a6-4ae2-9c6a-0e71cdb9d6d0:c2345]
2019-07-10 03:37:28,432 INFO  client.GrpcClientProtocolClient (GrpcClientProtocolClient.java:onNext(255)) - client-8BD909272E8D->63cacea9-0392-4939-ad39-80c4c73dd84b: receive RaftClientReply:client-8BD909272E8D->63cacea9-0392-4939-ad39-80c4c73dd84b@group-EE6C16B6C358, cid=1633, SUCCESS, logIndex=2350, commits[63cacea9-0392-4939-ad39-80c4c73dd84b:c2351, bd7b7fea-2a7b-4c3f-852f-c014e42bfcb7:c2347, 3b4aa678-22a6-4ae2-9c6a-0e71cdb9d6d0:c2347]
2019-07-10 03:37:28,432 INFO  client.GrpcClientProtocolClient (GrpcClientProtocolClient.java:onNext(255)) - client-8BD909272E8D->63cacea9-0392-4939-ad39-80c4c73dd84b: receive RaftClientReply:client-8BD909272E8D->63cacea9-0392-4939-ad39-80c4c73dd84b@group-EE6C16B6C358, cid=1634, SUCCESS, logIndex=2351, commits[63cacea9-0392-4939-ad39-80c4c73dd84b:c2351, bd7b7fea-2a7b-4c3f-852f-c014e42bfcb7:c2347, 3b4aa678-22a6-4ae2-9c6a-0e71cdb9d6d0:c2347]
2019-07-10 03:37:28,434 INFO  client.GrpcClientProtocolClient (GrpcClientProtocolClient.java:onNext(255)) - client-8BD909272E8D->63cacea9-0392-4939-ad39-80c4c73dd84b: receive RaftClientReply:client-8BD909272E8D->63cacea9-0392-4939-ad39-80c4c73dd84b@group-EE6C16B6C358, cid=1635, SUCCESS, logIndex=0, commits[63cacea9-0392-4939-ad39-80c4c73dd84b:c2353, bd7b7fea-2a7b-4c3f-852f-c014e42bfcb7:c2351, 3b4aa678-22a6-4ae2-9c6a-0e71cdb9d6d0:c2351]
2019-07-10 03:37:28,465 INFO  client.GrpcClientProtocolClient (GrpcClientProtocolClient.java:onNext(255)) - client-8BD909272E8D->63cacea9-0392-4939-ad39-80c4c73dd84b: receive RaftClientReply:client-8BD909272E8D->63cacea9-0392-4939-ad39-80c4c73dd84b@group-EE6C16B6C358, cid=1636, SUCCESS, logIndex=2354, commits[63cacea9-0392-4939-ad39-80c4c73dd84b:c2356, bd7b7fea-2a7b-4c3f-852f-c014e42bfcb7:c2353, 3b4aa678-22a6-4ae2-9c6a-0e71cdb9d6d0:c2353]
2019-07-10 03:37:28,466 INFO  client.GrpcClientProtocolClient (GrpcClientProtocolClient.java:onNext(255)) - client-8BD909272E8D->63cacea9-0392-4939-ad39-80c4c73dd84b: receive RaftClientReply:client-8BD909272E8D->63cacea9-0392-4939-ad39-80c4c73dd84b@group-EE6C16B6C358, cid=1637, SUCCESS, logIndex=2355, commits[63cacea9-0392-4939-ad39-80c4c73dd84b:c2357, bd7b7fea-2a7b-4c3f-852f-c014e42bfcb7:c2353, 3b4aa678-22a6-4ae2-9c6a-0e71cdb9d6d0:c2353]
2019-07-10 03:37:28,466 INFO  client.GrpcClientProtocolClient (GrpcClientProtocolClient.java:onNext(255)) - client-8BD909272E8D->63cacea9-0392-4939-ad39-80c4c73dd84b: receive RaftClientReply:client-8BD909272E8D->63cacea9-0392-4939-ad39-80c4c73dd84b@group-EE6C16B6C358, cid=1638, SUCCESS, logIndex=2356, commits[63cacea9-0392-4939-ad39-80c4c73dd84b:c2357, bd7b7fea-2a7b-4c3f-852f-c014e42bfcb7:c2353, 3b4aa678-22a6-4ae2-9c6a-0e71cdb9d6d0:c2353]
2019-07-10 03:37:28,467 INFO  client.GrpcClientProtocolClient (GrpcClientProtocolClient.java:onNext(255)) - client-8BD909272E8D->63cacea9-0392-4939-ad39-80c4c73dd84b: receive RaftClientReply:client-8BD909272E8D->63cacea9-0392-4939-ad39-80c4c73dd84b@group-EE6C16B6C358, cid=1639, SUCCESS, logIndex=2357, commits[63cacea9-0392-4939-ad39-80c4c73dd84b:c2357, bd7b7fea-2a7b-4c3f-852f-c014e42bfcb7:c2353, 3b4aa678-22a6-4ae2-9c6a-0e71cdb9d6d0:c2353]
2019-07-10 03:37:28,468 INFO  client.GrpcClientProtocolClient (GrpcClientProtocolClient.java:onNext(255)) - client-8BD909272E8D->63cacea9-0392-4939-ad39-80c4c73dd84b: receive RaftClientReply:client-8BD909272E8D->63cacea9-0392-4939-ad39-80c4c73dd84b@group-EE6C16B6C358, cid=1640, SUCCESS, logIndex=0, commits[63cacea9-0392-4939-ad39-80c4c73dd84b:c2361, bd7b7fea-2a7b-4c3f-852f-c014e42bfcb7:c2355, 3b4aa678-22a6-4ae2-9c6a-0e71cdb9d6d0:c2357]
2019-07-10 03:37:28,488 INFO  client.GrpcClientProtocolClient (GrpcClientProtocolClient.java:onNext(255)) - client-8BD909272E8D->63cacea9-0392-4939-ad39-80c4c73dd84b: receive RaftClientReply:client-8BD909272E8D->63cacea9-0392-4939-ad39-80c4c73dd84b@group-EE6C16B6C358, cid=1641, SUCCESS, logIndex=2362, commits[63cacea9-0392-4939-ad39-80c4c73dd84b:c2363, bd7b7fea-2a7b-4c3f-852f-c014e42bfcb7:c2361, 3b4aa678-22a6-4ae2-9c6a-0e71cdb9d6d0:c2361]
2019-07-10 03:37:28,489 INFO  client.GrpcClientProtocolClient (GrpcClientProtocolClient.java:onNext(255)) - client-8BD909272E8D->63cacea9-0392-4939-ad39-80c4c73dd84b: receive RaftClientReply:client-8BD909272E8D->63cacea9-0392-4939-ad39-80c4c73dd84b@group-EE6C16B6C358, cid=1642, SUCCESS, logIndex=2363, commits[63cacea9-0392-4939-ad39-80c4c73dd84b:c2363, bd7b7fea-2a7b-4c3f-852f-c014e42bfcb7:c2361, 3b4aa678-22a6-4ae2-9c6a-0e71cdb9d6d0:c2361]
2019-07-10 03:37:28,502 INFO  client.GrpcClientProtocolClient (GrpcClientProtocolClient.java:onNext(255)) - client-8BD909272E8D->63cacea9-0392-4939-ad39-80c4c73dd84b: receive RaftClientReply:client-8BD909272E8D->63cacea9-0392-4939-ad39-80c4c73dd84b@group-EE6C16B6C358, cid=1643, SUCCESS, logIndex=2366, commits[63cacea9-0392-4939-ad39-80c4c73dd84b:c2367, bd7b7fea-2a7b-4c3f-852f-c014e42bfcb7:c2363, 3b4aa678-22a6-4ae2-9c6a-0e71cdb9d6d0:c2362]
2019-07-10 03:37:28,502 INFO  client.GrpcClientProtocolClient (GrpcClientProtocolClient.java:onNext(255)) - client-8BD909272E8D->63cacea9-0392-4939-ad39-80c4c73dd84b: receive RaftClientReply:client-8BD909272E8D->63cacea9-0392-4939-ad39-80c4c73dd84b@group-EE6C16B6C358, cid=1644, SUCCESS, logIndex=2367, commits[63cacea9-0392-4939-ad39-80c4c73dd84b:c2367, bd7b7fea-2a7b-4c3f-852f-c014e42bfcb7:c2363, 3b4aa678-22a6-4ae2-9c6a-0e71cdb9d6d0:c2363]
2019-07-10 03:37:28,503 INFO  client.GrpcClientProtocolClient (GrpcClientProtocolClient.java:onNext(255)) - client-8BD909272E8D->63cacea9-0392-4939-ad39-80c4c73dd84b: receive RaftClientReply:client-8BD909272E8D->63cacea9-0392-4939-ad39-80c4c73dd84b@group-EE6C16B6C358, cid=1645, SUCCESS, logIndex=0, commits[63cacea9-0392-4939-ad39-80c4c73dd84b:c2368, bd7b7fea-2a7b-4c3f-852f-c014e42bfcb7:c2367, 3b4aa678-22a6-4ae2-9c6a-0e71cdb9d6d0:c2367]
2019-07-10 03:37:28,529 INFO  client.GrpcClientProtocolClient (GrpcClientProtocolClient.java:onNext(255)) - client-8BD909272E8D->63cacea9-0392-4939-ad39-80c4c73dd84b: receive RaftClientReply:client-8BD909272E8D->63cacea9-0392-4939-ad39-80c4c73dd84b@group-EE6C16B6C358, cid=1646, SUCCESS, logIndex=2370, commits[63cacea9-0392-4939-ad39-80c4c73dd84b:c2371, bd7b7fea-2a7b-4c3f-852f-c014e42bfcb7:c2369, 3b4aa678-22a6-4ae2-9c6a-0e71cdb9d6d0:c2369]
2019-07-10 03:37:28,530 INFO  client.GrpcClientProtocolClient (GrpcClientProtocolClient.java:onNext(255)) - client-8BD909272E8D->63cacea9-0392-4939-ad39-80c4c73dd84b: receive RaftClientReply:client-8BD909272E8D->63cacea9-0392-4939-ad39-80c4c73dd84b@group-EE6C16B6C358, cid=1647, SUCCESS, logIndex=2371, commits[63cacea9-0392-4939-ad39-80c4c73dd84b:c2371, bd7b7fea-2a7b-4c3f-852f-c014e42bfcb7:c2369, 3b4aa678-22a6-4ae2-9c6a-0e71cdb9d6d0:c2369]
2019-07-10 03:37:28,530 INFO  client.GrpcClientProtocolClient (GrpcClientProtocolClient.java:onNext(255)) - client-8BD909272E8D->63cacea9-0392-4939-ad39-80c4c73dd84b: receive RaftClientReply:client-8BD909272E8D->63cacea9-0392-4939-ad39-80c4c73dd84b@group-EE6C16B6C358, cid=1648, SUCCESS, logIndex=2372, commits[63cacea9-0392-4939-ad39-80c4c73dd84b:c2373, bd7b7fea-2a7b-4c3f-852f-c014e42bfcb7:c2369, 3b4aa678-22a6-4ae2-9c6a-0e71cdb9d6d0:c2369]
2019-07-10 03:37:28,530 INFO  client.GrpcClientProtocolClient (GrpcClientProtocolClient.java:onNext(255)) - client-8BD909272E8D->63cacea9-0392-4939-ad39-80c4c73dd84b: receive RaftClientReply:client-8BD909272E8D->63cacea9-0392-4939-ad39-80c4c73dd84b@group-EE6C16B6C358, cid=1649, SUCCESS, logIndex=2373, commits[63cacea9-0392-4939-ad39-80c4c73dd84b:c2373, bd7b7fea-2a7b-4c3f-852f-c014e42bfcb7:c2369, 3b4aa678-22a6-4ae2-9c6a-0e71cdb9d6d0:c2369]
2019-07-10 03:37:28,532 INFO  client.GrpcClientProtocolClient (GrpcClientProtocolClient.java:onNext(255)) - client-8BD909272E8D->63cacea9-0392-4939-ad39-80c4c73dd84b: receive RaftClientReply:client-8BD909272E8D->63cacea9-0392-4939-ad39-80c4c73dd84b@group-EE6C16B6C358, cid=1650, SUCCESS, logIndex=0, commits[63cacea9-0392-4939-ad39-80c4c73dd84b:c2375, bd7b7fea-2a7b-4c3f-852f-c014e42bfcb7:c2371, 3b4aa678-22a6-4ae2-9c6a-0e71cdb9d6d0:c2371]
2019-07-10 03:37:28,550 INFO  client.GrpcClientProtocolClient (GrpcClientProtocolClient.java:onNext(255)) - client-8BD909272E8D->63cacea9-0392-4939-ad39-80c4c73dd84b: receive RaftClientReply:client-8BD909272E8D->63cacea9-0392-4939-ad39-80c4c73dd84b@group-EE6C16B6C358, cid=1651, SUCCESS, logIndex=2378, commits[63cacea9-0392-4939-ad39-80c4c73dd84b:c2379, bd7b7fea-2a7b-4c3f-852f-c014e42bfcb7:c2377, 3b4aa678-22a6-4ae2-9c6a-0e71cdb9d6d0:c2377]
2019-07-10 03:37:28,550 INFO  client.GrpcClientProtocolClient (GrpcClientProtocolClient.java:onNext(255)) - client-8BD909272E8D->63cacea9-0392-4939-ad39-80c4c73dd84b: receive RaftClientReply:client-8BD909272E8D->63cacea9-0392-4939-ad39-80c4c73dd84b@group-EE6C16B6C358, cid=1652, SUCCESS, logIndex=2379, commits[63cacea9-0392-4939-ad39-80c4c73dd84b:c2379, bd7b7fea-2a7b-4c3f-852f-c014e42bfcb7:c2377, 3b4aa678-22a6-4ae2-9c6a-0e71cdb9d6d0:c2377]
2019-07-10 03:37:28,564 INFO  client.GrpcClientProtocolClient (GrpcClientProtocolClient.java:onNext(255)) - client-8BD909272E8D->63cacea9-0392-4939-ad39-80c4c73dd84b: receive RaftClientReply:client-8BD909272E8D->63cacea9-0392-4939-ad39-80c4c73dd84b@group-EE6C16B6C358, cid=1653, SUCCESS, logIndex=2382, commits[63cacea9-0392-4939-ad39-80c4c73dd84b:c2383, bd7b7fea-2a7b-4c3f-852f-c014e42bfcb7:c2379, 3b4aa678-22a6-4ae2-9c6a-0e71cdb9d6d0:c2379]
2019-07-10 03:37:28,565 INFO  client.GrpcClientProtocolClient (GrpcClientProtocolClient.java:onNext(255)) - client-8BD909272E8D->63cacea9-0392-4939-ad39-80c4c73dd84b: receive RaftClientReply:client-8BD909272E8D->63cacea9-0392-4939-ad39-80c4c73dd84b@group-EE6C16B6C358, cid=1654, SUCCESS, logIndex=2383, commits[63cacea9-0392-4939-ad39-80c4c73dd84b:c2383, bd7b7fea-2a7b-4c3f-852f-c014e42bfcb7:c2379, 3b4aa678-22a6-4ae2-9c6a-0e71cdb9d6d0:c2379]
2019-07-10 03:37:28,579 INFO  client.GrpcClientProtocolClient (GrpcClientProtocolClient.java:onNext(255)) - client-8BD909272E8D->63cacea9-0392-4939-ad39-80c4c73dd84b: receive RaftClientReply:client-8BD909272E8D->63cacea9-0392-4939-ad39-80c4c73dd84b@group-EE6C16B6C358, cid=1655, SUCCESS, logIndex=0, commits[63cacea9-0392-4939-ad39-80c4c73dd84b:c2385, bd7b7fea-2a7b-4c3f-852f-c014e42bfcb7:c2383, 3b4aa678-22a6-4ae2-9c6a-0e71cdb9d6d0:c2383]
2019-07-10 03:37:28,612 INFO  client.GrpcClientProtocolClient (GrpcClientProtocolClient.java:onNext(255)) - client-8BD909272E8D->63cacea9-0392-4939-ad39-80c4c73dd84b: receive RaftClientReply:client-8BD909272E8D->63cacea9-0392-4939-ad39-80c4c73dd84b@group-EE6C16B6C358, cid=1656, SUCCESS, logIndex=2386, commits[63cacea9-0392-4939-ad39-80c4c73dd84b:c2389, bd7b7fea-2a7b-4c3f-852f-c014e42bfcb7:c2385, 3b4aa678-22a6-4ae2-9c6a-0e71cdb9d6d0:c2385]
2019-07-10 03:37:28,613 INFO  client.GrpcClientProtocolClient (GrpcClientProtocolClient.java:onNext(255)) - client-8BD909272E8D->63cacea9-0392-4939-ad39-80c4c73dd84b: receive RaftClientReply:client-8BD909272E8D->63cacea9-0392-4939-ad39-80c4c73dd84b@group-EE6C16B6C358, cid=1657, SUCCESS, logIndex=2387, commits[63cacea9-0392-4939-ad39-80c4c73dd84b:c2389, bd7b7fea-2a7b-4c3f-852f-c014e42bfcb7:c2385, 3b4aa678-22a6-4ae2-9c6a-0e71cdb9d6d0:c2385]
2019-07-10 03:37:28,614 INFO  client.GrpcClientProtocolClient (GrpcClientProtocolClient.java:onNext(255)) - client-8BD909272E8D->63cacea9-0392-4939-ad39-80c4c73dd84b: receive RaftClientReply:client-8BD909272E8D->63cacea9-0392-4939-ad39-80c4c73dd84b@group-EE6C16B6C358, cid=1658, SUCCESS, logIndex=2388, commits[63cacea9-0392-4939-ad39-80c4c73dd84b:c2389, bd7b7fea-2a7b-4c3f-852f-c014e42bfcb7:c2385, 3b4aa678-22a6-4ae2-9c6a-0e71cdb9d6d0:c2385]
2019-07-10 03:37:28,614 INFO  client.GrpcClientProtocolClient (GrpcClientProtocolClient.java:onNext(255)) - client-8BD909272E8D->63cacea9-0392-4939-ad39-80c4c73dd84b: receive RaftClientReply:client-8BD909272E8D->63cacea9-0392-4939-ad39-80c4c73dd84b@group-EE6C16B6C358, cid=1659, SUCCESS, logIndex=2389, commits[63cacea9-0392-4939-ad39-80c4c73dd84b:c2389, bd7b7fea-2a7b-4c3f-852f-c014e42bfcb7:c2385, 3b4aa678-22a6-4ae2-9c6a-0e71cdb9d6d0:c2385]
2019-07-10 03:37:28,635 INFO  client.GrpcClientProtocolClient (GrpcClientProtocolClient.java:onNext(255)) - client-8BD909272E8D->63cacea9-0392-4939-ad39-80c4c73dd84b: receive RaftClientReply:client-8BD909272E8D->63cacea9-0392-4939-ad39-80c4c73dd84b@group-EE6C16B6C358, cid=1660, SUCCESS, logIndex=0, commits[63cacea9-0392-4939-ad39-80c4c73dd84b:c2390, bd7b7fea-2a7b-4c3f-852f-c014e42bfcb7:c2389, 3b4aa678-22a6-4ae2-9c6a-0e71cdb9d6d0:c2389]
2019-07-10 03:37:28,674 INFO  client.GrpcClientProtocolClient (GrpcClientProtocolClient.java:onNext(255)) - client-8BD909272E8D->63cacea9-0392-4939-ad39-80c4c73dd84b: receive RaftClientReply:client-8BD909272E8D->63cacea9-0392-4939-ad39-80c4c73dd84b@group-EE6C16B6C358, cid=1661, SUCCESS, logIndex=2392, commits[63cacea9-0392-4939-ad39-80c4c73dd84b:c2393, bd7b7fea-2a7b-4c3f-852f-c014e42bfcb7:c2391, 3b4aa678-22a6-4ae2-9c6a-0e71cdb9d6d0:c2391]
2019-07-10 03:37:28,674 INFO  client.GrpcClientProtocolClient (GrpcClientProtocolClient.java:onNext(255)) - client-8BD909272E8D->63cacea9-0392-4939-ad39-80c4c73dd84b: receive RaftClientReply:client-8BD909272E8D->63cacea9-0392-4939-ad39-80c4c73dd84b@group-EE6C16B6C358, cid=1662, SUCCESS, logIndex=2393, commits[63cacea9-0392-4939-ad39-80c4c73dd84b:c2393, bd7b7fea-2a7b-4c3f-852f-c014e42bfcb7:c2391, 3b4aa678-22a6-4ae2-9c6a-0e71cdb9d6d0:c2391]
2019-07-10 03:37:28,698 INFO  client.GrpcClientProtocolClient (GrpcClientProtocolClient.java:onNext(255)) - client-8BD909272E8D->63cacea9-0392-4939-ad39-80c4c73dd84b: receive RaftClientReply:client-8BD909272E8D->63cacea9-0392-4939-ad39-80c4c73dd84b@group-EE6C16B6C358, cid=1663, SUCCESS, logIndex=2396, commits[63cacea9-0392-4939-ad39-80c4c73dd84b:c2397, bd7b7fea-2a7b-4c3f-852f-c014e42bfcb7:c2393, 3b4aa678-22a6-4ae2-9c6a-0e71cdb9d6d0:c2393]
2019-07-10 03:37:28,699 INFO  client.GrpcClientProtocolClient (GrpcClientProtocolClient.java:onNext(255)) - client-8BD909272E8D->63cacea9-0392-4939-ad39-80c4c73dd84b: receive RaftClientReply:client-8BD909272E8D->63cacea9-0392-4939-ad39-80c4c73dd84b@group-EE6C16B6C358, cid=1664, SUCCESS, logIndex=2397, commits[63cacea9-0392-4939-ad39-80c4c73dd84b:c2397, bd7b7fea-2a7b-4c3f-852f-c014e42bfcb7:c2393, 3b4aa678-22a6-4ae2-9c6a-0e71cdb9d6d0:c2393]
2019-07-10 03:37:28,710 INFO  client.GrpcClientProtocolClient (GrpcClientProtocolClient.java:onNext(255)) - client-8BD909272E8D->63cacea9-0392-4939-ad39-80c4c73dd84b: receive RaftClientReply:client-8BD909272E8D->63cacea9-0392-4939-ad39-80c4c73dd84b@group-EE6C16B6C358, cid=1665, SUCCESS, logIndex=0, commits[63cacea9-0392-4939-ad39-80c4c73dd84b:c2398, bd7b7fea-2a7b-4c3f-852f-c014e42bfcb7:c2397, 3b4aa678-22a6-4ae2-9c6a-0e71cdb9d6d0:c2397]
 0.00% |█                                                                                                    |  0/1 Time: 0:00:112019-07-10 03:37:28,746 INFO  client.GrpcClientProtocolClient (GrpcClientProtocolClient.java:onNext(255)) - client-8BD909272E8D->63cacea9-0392-4939-ad39-80c4c73dd84b: receive RaftClientReply:client-8BD909272E8D->63cacea9-0392-4939-ad39-80c4c73dd84b@group-EE6C16B6C358, cid=1666, SUCCESS, logIndex=2400, commits[63cacea9-0392-4939-ad39-80c4c73dd84b:c2401, bd7b7fea-2a7b-4c3f-852f-c014e42bfcb7:c2399, 3b4aa678-22a6-4ae2-9c6a-0e71cdb9d6d0:c2399]
2019-07-10 03:37:28,747 INFO  client.GrpcClientProtocolClient (GrpcClientProtocolClient.java:onNext(255)) - client-8BD909272E8D->63cacea9-0392-4939-ad39-80c4c73dd84b: receive RaftClientReply:client-8BD909272E8D->63cacea9-0392-4939-ad39-80c4c73dd84b@group-EE6C16B6C358, cid=1667, SUCCESS, logIndex=2401, commits[63cacea9-0392-4939-ad39-80c4c73dd84b:c2401, bd7b7fea-2a7b-4c3f-852f-c014e42bfcb7:c2399, 3b4aa678-22a6-4ae2-9c6a-0e71cdb9d6d0:c2399]
2019-07-10 03:37:28,747 INFO  client.GrpcClientProtocolClient (GrpcClientProtocolClient.java:onNext(255)) - client-8BD909272E8D->63cacea9-0392-4939-ad39-80c4c73dd84b: receive RaftClientReply:client-8BD909272E8D->63cacea9-0392-4939-ad39-80c4c73dd84b@group-EE6C16B6C358, cid=1668, SUCCESS, logIndex=2402, commits[63cacea9-0392-4939-ad39-80c4c73dd84b:c2403, bd7b7fea-2a7b-4c3f-852f-c014e42bfcb7:c2399, 3b4aa678-22a6-4ae2-9c6a-0e71cdb9d6d0:c2399]
2019-07-10 03:37:28,748 INFO  client.GrpcClientProtocolClient (GrpcClientProtocolClient.java:onNext(255)) - client-8BD909272E8D->63cacea9-0392-4939-ad39-80c4c73dd84b: receive RaftClientReply:client-8BD909272E8D->63cacea9-0392-4939-ad39-80c4c73dd84b@group-EE6C16B6C358, cid=1669, SUCCESS, logIndex=2403, commits[63cacea9-0392-4939-ad39-80c4c73dd84b:c2403, bd7b7fea-2a7b-4c3f-852f-c014e42bfcb7:c2399, 3b4aa678-22a6-4ae2-9c6a-0e71cdb9d6d0:c2399]
2019-07-10 03:37:28,760 INFO  client.GrpcClientProtocolClient (GrpcClientProtocolClient.java:onNext(255)) - client-8BD909272E8D->63cacea9-0392-4939-ad39-80c4c73dd84b: receive RaftClientReply:client-8BD909272E8D->63cacea9-0392-4939-ad39-80c4c73dd84b@group-EE6C16B6C358, cid=1670, SUCCESS, logIndex=0, commits[63cacea9-0392-4939-ad39-80c4c73dd84b:c2405, bd7b7fea-2a7b-4c3f-852f-c014e42bfcb7:c2401, 3b4aa678-22a6-4ae2-9c6a-0e71cdb9d6d0:c2401]
2019-07-10 03:37:28,904 INFO  client.GrpcClientProtocolClient (GrpcClientProtocolClient.java:onNext(255)) - client-8BD909272E8D->63cacea9-0392-4939-ad39-80c4c73dd84b: receive RaftClientReply:client-8BD909272E8D->63cacea9-0392-4939-ad39-80c4c73dd84b@group-EE6C16B6C358, cid=1671, SUCCESS, logIndex=2408, commits[63cacea9-0392-4939-ad39-80c4c73dd84b:c2409, bd7b7fea-2a7b-4c3f-852f-c014e42bfcb7:c2407, 3b4aa678-22a6-4ae2-9c6a-0e71cdb9d6d0:c2407]
2019-07-10 03:37:28,904 INFO  client.GrpcClientProtocolClient (GrpcClientProtocolClient.java:onNext(255)) - client-8BD909272E8D->63cacea9-0392-4939-ad39-80c4c73dd84b: receive RaftClientReply:client-8BD909272E8D->63cacea9-0392-4939-ad39-80c4c73dd84b@group-EE6C16B6C358, cid=1672, SUCCESS, logIndex=2409, commits[63cacea9-0392-4939-ad39-80c4c73dd84b:c2409, bd7b7fea-2a7b-4c3f-852f-c014e42bfcb7:c2407, 3b4aa678-22a6-4ae2-9c6a-0e71cdb9d6d0:c2407]
2019-07-10 03:37:28,922 INFO  client.GrpcClientProtocolClient (GrpcClientProtocolClient.java:onNext(255)) - client-8BD909272E8D->63cacea9-0392-4939-ad39-80c4c73dd84b: receive RaftClientReply:client-8BD909272E8D->63cacea9-0392-4939-ad39-80c4c73dd84b@group-EE6C16B6C358, cid=1673, SUCCESS, logIndex=2412, commits[63cacea9-0392-4939-ad39-80c4c73dd84b:c2413, bd7b7fea-2a7b-4c3f-852f-c014e42bfcb7:c2409, 3b4aa678-22a6-4ae2-9c6a-0e71cdb9d6d0:c2408]
2019-07-10 03:37:28,922 INFO  client.GrpcClientProtocolClient (GrpcClientProtocolClient.java:onNext(255)) - client-8BD909272E8D->63cacea9-0392-4939-ad39-80c4c73dd84b: receive RaftClientReply:client-8BD909272E8D->63cacea9-0392-4939-ad39-80c4c73dd84b@group-EE6C16B6C358, cid=1674, SUCCESS, logIndex=2413, commits[63cacea9-0392-4939-ad39-80c4c73dd84b:c2413, bd7b7fea-2a7b-4c3f-852f-c014e42bfcb7:c2409, 3b4aa678-22a6-4ae2-9c6a-0e71cdb9d6d0:c2408]
2019-07-10 03:37:28,932 INFO  client.GrpcClientProtocolClient (GrpcClientProtocolClient.java:onNext(255)) - client-8BD909272E8D->63cacea9-0392-4939-ad39-80c4c73dd84b: receive RaftClientReply:client-8BD909272E8D->63cacea9-0392-4939-ad39-80c4c73dd84b@group-EE6C16B6C358, cid=1675, SUCCESS, logIndex=0, commits[63cacea9-0392-4939-ad39-80c4c73dd84b:c2413, bd7b7fea-2a7b-4c3f-852f-c014e42bfcb7:c2409, 3b4aa678-22a6-4ae2-9c6a-0e71cdb9d6d0:c2409]
2019-07-10 03:37:28,935 INFO  client.GrpcClientProtocolClient (GrpcClientProtocolClient.java:onNext(255)) - client-8BD909272E8D->63cacea9-0392-4939-ad39-80c4c73dd84b: receive RaftClientReply:client-8BD909272E8D->63cacea9-0392-4939-ad39-80c4c73dd84b@group-EE6C16B6C358, cid=1676, SUCCESS, logIndex=0, commits[63cacea9-0392-4939-ad39-80c4c73dd84b:c2415, bd7b7fea-2a7b-4c3f-852f-c014e42bfcb7:c2413, 3b4aa678-22a6-4ae2-9c6a-0e71cdb9d6d0:c2413]
2019-07-10 03:37:28,967 INFO  client.GrpcClientProtocolClient (GrpcClientProtocolClient.java:onNext(255)) - client-8BD909272E8D->63cacea9-0392-4939-ad39-80c4c73dd84b: receive RaftClientReply:client-8BD909272E8D->63cacea9-0392-4939-ad39-80c4c73dd84b@group-EE6C16B6C358, cid=1677, SUCCESS, logIndex=2416, commits[63cacea9-0392-4939-ad39-80c4c73dd84b:c2417, bd7b7fea-2a7b-4c3f-852f-c014e42bfcb7:c2415, 3b4aa678-22a6-4ae2-9c6a-0e71cdb9d6d0:c2415]
2019-07-10 03:37:28,968 INFO  client.GrpcClientProtocolClient (GrpcClientProtocolClient.java:onNext(255)) - client-8BD909272E8D->63cacea9-0392-4939-ad39-80c4c73dd84b: receive RaftClientReply:client-8BD909272E8D->63cacea9-0392-4939-ad39-80c4c73dd84b@group-EE6C16B6C358, cid=1678, SUCCESS, logIndex=2417, commits[63cacea9-0392-4939-ad39-80c4c73dd84b:c2419, bd7b7fea-2a7b-4c3f-852f-c014e42bfcb7:c2415, 3b4aa678-22a6-4ae2-9c6a-0e71cdb9d6d0:c2415]
2019-07-10 03:37:28,968 INFO  client.GrpcClientProtocolClient (GrpcClientProtocolClient.java:onNext(255)) - client-8BD909272E8D->63cacea9-0392-4939-ad39-80c4c73dd84b: receive RaftClientReply:client-8BD909272E8D->63cacea9-0392-4939-ad39-80c4c73dd84b@group-EE6C16B6C358, cid=1679, SUCCESS, logIndex=2418, commits[63cacea9-0392-4939-ad39-80c4c73dd84b:c2419, bd7b7fea-2a7b-4c3f-852f-c014e42bfcb7:c2415, 3b4aa678-22a6-4ae2-9c6a-0e71cdb9d6d0:c2415]
2019-07-10 03:37:28,969 INFO  client.GrpcClientProtocolClient (GrpcClientProtocolClient.java:onNext(255)) - client-8BD909272E8D->63cacea9-0392-4939-ad39-80c4c73dd84b: receive RaftClientReply:client-8BD909272E8D->63cacea9-0392-4939-ad39-80c4c73dd84b@group-EE6C16B6C358, cid=1680, SUCCESS, logIndex=2419, commits[63cacea9-0392-4939-ad39-80c4c73dd84b:c2419, bd7b7fea-2a7b-4c3f-852f-c014e42bfcb7:c2415, 3b4aa678-22a6-4ae2-9c6a-0e71cdb9d6d0:c2415]
2019-07-10 03:37:28,982 INFO  client.GrpcClientProtocolClient (GrpcClientProtocolClient.java:onNext(255)) - client-8BD909272E8D->63cacea9-0392-4939-ad39-80c4c73dd84b: receive RaftClientReply:client-8BD909272E8D->63cacea9-0392-4939-ad39-80c4c73dd84b@group-EE6C16B6C358, cid=1681, SUCCESS, logIndex=0, commits[63cacea9-0392-4939-ad39-80c4c73dd84b:c2421, bd7b7fea-2a7b-4c3f-852f-c014e42bfcb7:c2417, 3b4aa678-22a6-4ae2-9c6a-0e71cdb9d6d0:c2417]
2019-07-10 03:37:29,006 INFO  client.GrpcClientProtocolClient (GrpcClientProtocolClient.java:onNext(255)) - client-8BD909272E8D->63cacea9-0392-4939-ad39-80c4c73dd84b: receive RaftClientReply:client-8BD909272E8D->63cacea9-0392-4939-ad39-80c4c73dd84b@group-EE6C16B6C358, cid=1682, SUCCESS, logIndex=2424, commits[63cacea9-0392-4939-ad39-80c4c73dd84b:c2425, bd7b7fea-2a7b-4c3f-852f-c014e42bfcb7:c2423, 3b4aa678-22a6-4ae2-9c6a-0e71cdb9d6d0:c2423]
2019-07-10 03:37:29,007 INFO  client.GrpcClientProtocolClient (GrpcClientProtocolClient.java:onNext(255)) - client-8BD909272E8D->63cacea9-0392-4939-ad39-80c4c73dd84b: receive RaftClientReply:client-8BD909272E8D->63cacea9-0392-4939-ad39-80c4c73dd84b@group-EE6C16B6C358, cid=1683, SUCCESS, logIndex=2425, commits[63cacea9-0392-4939-ad39-80c4c73dd84b:c2425, bd7b7fea-2a7b-4c3f-852f-c014e42bfcb7:c2423, 3b4aa678-22a6-4ae2-9c6a-0e71cdb9d6d0:c2423]
2019-07-10 03:37:29,034 INFO  client.GrpcClientProtocolClient (GrpcClientProtocolClient.java:onNext(255)) - client-8BD909272E8D->63cacea9-0392-4939-ad39-80c4c73dd84b: receive RaftClientReply:client-8BD909272E8D->63cacea9-0392-4939-ad39-80c4c73dd84b@group-EE6C16B6C358, cid=1684, SUCCESS, logIndex=2428, commits[63cacea9-0392-4939-ad39-80c4c73dd84b:c2429, bd7b7fea-2a7b-4c3f-852f-c014e42bfcb7:c2425, 3b4aa678-22a6-4ae2-9c6a-0e71cdb9d6d0:c2425]
2019-07-10 03:37:29,034 INFO  client.GrpcClientProtocolClient (GrpcClientProtocolClient.java:onNext(255)) - client-8BD909272E8D->63cacea9-0392-4939-ad39-80c4c73dd84b: receive RaftClientReply:client-8BD909272E8D->63cacea9-0392-4939-ad39-80c4c73dd84b@group-EE6C16B6C358, cid=1685, SUCCESS, logIndex=2429, commits[63cacea9-0392-4939-ad39-80c4c73dd84b:c2429, bd7b7fea-2a7b-4c3f-852f-c014e42bfcb7:c2425, 3b4aa678-22a6-4ae2-9c6a-0e71cdb9d6d0:c2425]
2019-07-10 03:37:29,047 INFO  client.GrpcClientProtocolClient (GrpcClientProtocolClient.java:onNext(255)) - client-8BD909272E8D->63cacea9-0392-4939-ad39-80c4c73dd84b: receive RaftClientReply:client-8BD909272E8D->63cacea9-0392-4939-ad39-80c4c73dd84b@group-EE6C16B6C358, cid=1686, SUCCESS, logIndex=0, commits[63cacea9-0392-4939-ad39-80c4c73dd84b:c2430, bd7b7fea-2a7b-4c3f-852f-c014e42bfcb7:c2429, 3b4aa678-22a6-4ae2-9c6a-0e71cdb9d6d0:c2429]
2019-07-10 03:37:29,079 INFO  client.GrpcClientProtocolClient (GrpcClientProtocolClient.java:onNext(255)) - client-8BD909272E8D->63cacea9-0392-4939-ad39-80c4c73dd84b: receive RaftClientReply:client-8BD909272E8D->63cacea9-0392-4939-ad39-80c4c73dd84b@group-EE6C16B6C358, cid=1687, SUCCESS, logIndex=2432, commits[63cacea9-0392-4939-ad39-80c4c73dd84b:c2433, bd7b7fea-2a7b-4c3f-852f-c014e42bfcb7:c2431, 3b4aa678-22a6-4ae2-9c6a-0e71cdb9d6d0:c2431]
2019-07-10 03:37:29,080 INFO  client.GrpcClientProtocolClient (GrpcClientProtocolClient.java:onNext(255)) - client-8BD909272E8D->63cacea9-0392-4939-ad39-80c4c73dd84b: receive RaftClientReply:client-8BD909272E8D->63cacea9-0392-4939-ad39-80c4c73dd84b@group-EE6C16B6C358, cid=1688, SUCCESS, logIndex=2433, commits[63cacea9-0392-4939-ad39-80c4c73dd84b:c2435, bd7b7fea-2a7b-4c3f-852f-c014e42bfcb7:c2431, 3b4aa678-22a6-4ae2-9c6a-0e71cdb9d6d0:c2431]
2019-07-10 03:37:29,080 INFO  client.GrpcClientProtocolClient (GrpcClientProtocolClient.java:onNext(255)) - client-8BD909272E8D->63cacea9-0392-4939-ad39-80c4c73dd84b: receive RaftClientReply:client-8BD909272E8D->63cacea9-0392-4939-ad39-80c4c73dd84b@group-EE6C16B6C358, cid=1689, SUCCESS, logIndex=2434, commits[63cacea9-0392-4939-ad39-80c4c73dd84b:c2435, bd7b7fea-2a7b-4c3f-852f-c014e42bfcb7:c2431, 3b4aa678-22a6-4ae2-9c6a-0e71cdb9d6d0:c2431]
2019-07-10 03:37:29,080 INFO  client.GrpcClientProtocolClient (GrpcClientProtocolClient.java:onNext(255)) - client-8BD909272E8D->63cacea9-0392-4939-ad39-80c4c73dd84b: receive RaftClientReply:client-8BD909272E8D->63cacea9-0392-4939-ad39-80c4c73dd84b@group-EE6C16B6C358, cid=1690, SUCCESS, logIndex=2435, commits[63cacea9-0392-4939-ad39-80c4c73dd84b:c2435, bd7b7fea-2a7b-4c3f-852f-c014e42bfcb7:c2431, 3b4aa678-22a6-4ae2-9c6a-0e71cdb9d6d0:c2433]
2019-07-10 03:37:29,082 INFO  client.GrpcClientProtocolClient (GrpcClientProtocolClient.java:onNext(255)) - client-8BD909272E8D->63cacea9-0392-4939-ad39-80c4c73dd84b: receive RaftClientReply:client-8BD909272E8D->63cacea9-0392-4939-ad39-80c4c73dd84b@group-EE6C16B6C358, cid=1691, SUCCESS, logIndex=0, commits[63cacea9-0392-4939-ad39-80c4c73dd84b:c2437, bd7b7fea-2a7b-4c3f-852f-c014e42bfcb7:c2433, 3b4aa678-22a6-4ae2-9c6a-0e71cdb9d6d0:c2433]
2019-07-10 03:37:29,106 INFO  client.GrpcClientProtocolClient (GrpcClientProtocolClient.java:onNext(255)) - client-8BD909272E8D->63cacea9-0392-4939-ad39-80c4c73dd84b: receive RaftClientReply:client-8BD909272E8D->63cacea9-0392-4939-ad39-80c4c73dd84b@group-EE6C16B6C358, cid=1692, SUCCESS, logIndex=2440, commits[63cacea9-0392-4939-ad39-80c4c73dd84b:c2441, bd7b7fea-2a7b-4c3f-852f-c014e42bfcb7:c2435, 3b4aa678-22a6-4ae2-9c6a-0e71cdb9d6d0:c2438]
2019-07-10 03:37:29,107 INFO  client.GrpcClientProtocolClient (GrpcClientProtocolClient.java:onNext(255)) - client-8BD909272E8D->63cacea9-0392-4939-ad39-80c4c73dd84b: receive RaftClientReply:client-8BD909272E8D->63cacea9-0392-4939-ad39-80c4c73dd84b@group-EE6C16B6C358, cid=1693, SUCCESS, logIndex=2441, commits[63cacea9-0392-4939-ad39-80c4c73dd84b:c2441, bd7b7fea-2a7b-4c3f-852f-c014e42bfcb7:c2438, 3b4aa678-22a6-4ae2-9c6a-0e71cdb9d6d0:c2438]
2019-07-10 03:37:29,123 INFO  client.GrpcClientProtocolClient (GrpcClientProtocolClient.java:onNext(255)) - client-8BD909272E8D->63cacea9-0392-4939-ad39-80c4c73dd84b: receive RaftClientReply:client-8BD909272E8D->63cacea9-0392-4939-ad39-80c4c73dd84b@group-EE6C16B6C358, cid=1694, SUCCESS, logIndex=2444, commits[63cacea9-0392-4939-ad39-80c4c73dd84b:c2445, bd7b7fea-2a7b-4c3f-852f-c014e42bfcb7:c2441, 3b4aa678-22a6-4ae2-9c6a-0e71cdb9d6d0:c2442]
2019-07-10 03:37:29,123 INFO  client.GrpcClientProtocolClient (GrpcClientProtocolClient.java:onNext(255)) - client-8BD909272E8D->63cacea9-0392-4939-ad39-80c4c73dd84b: receive RaftClientReply:client-8BD909272E8D->63cacea9-0392-4939-ad39-80c4c73dd84b@group-EE6C16B6C358, cid=1695, SUCCESS, logIndex=2445, commits[63cacea9-0392-4939-ad39-80c4c73dd84b:c2445, bd7b7fea-2a7b-4c3f-852f-c014e42bfcb7:c2442, 3b4aa678-22a6-4ae2-9c6a-0e71cdb9d6d0:c2442]
2019-07-10 03:37:29,125 INFO  client.GrpcClientProtocolClient (GrpcClientProtocolClient.java:onNext(255)) - client-8BD909272E8D->63cacea9-0392-4939-ad39-80c4c73dd84b: receive RaftClientReply:client-8BD909272E8D->63cacea9-0392-4939-ad39-80c4c73dd84b@group-EE6C16B6C358, cid=1696, SUCCESS, logIndex=0, commits[63cacea9-0392-4939-ad39-80c4c73dd84b:c2446, bd7b7fea-2a7b-4c3f-852f-c014e42bfcb7:c2445, 3b4aa678-22a6-4ae2-9c6a-0e71cdb9d6d0:c2445]
2019-07-10 03:37:29,153 INFO  client.GrpcClientProtocolClient (GrpcClientProtocolClient.java:onNext(255)) - client-8BD909272E8D->63cacea9-0392-4939-ad39-80c4c73dd84b: receive RaftClientReply:client-8BD909272E8D->63cacea9-0392-4939-ad39-80c4c73dd84b@group-EE6C16B6C358, cid=1697, SUCCESS, logIndex=2448, commits[63cacea9-0392-4939-ad39-80c4c73dd84b:c2449, bd7b7fea-2a7b-4c3f-852f-c014e42bfcb7:c2447, 3b4aa678-22a6-4ae2-9c6a-0e71cdb9d6d0:c2447]
2019-07-10 03:37:29,154 INFO  client.GrpcClientProtocolClient (GrpcClientProtocolClient.java:onNext(255)) - client-8BD909272E8D->63cacea9-0392-4939-ad39-80c4c73dd84b: receive RaftClientReply:client-8BD909272E8D->63cacea9-0392-4939-ad39-80c4c73dd84b@group-EE6C16B6C358, cid=1698, SUCCESS, logIndex=2449, commits[63cacea9-0392-4939-ad39-80c4c73dd84b:c2449, bd7b7fea-2a7b-4c3f-852f-c014e42bfcb7:c2447, 3b4aa678-22a6-4ae2-9c6a-0e71cdb9d6d0:c2447]
2019-07-10 03:37:29,155 INFO  client.GrpcClientProtocolClient (GrpcClientProtocolClient.java:onNext(255)) - client-8BD909272E8D->63cacea9-0392-4939-ad39-80c4c73dd84b: receive RaftClientReply:client-8BD909272E8D->63cacea9-0392-4939-ad39-80c4c73dd84b@group-EE6C16B6C358, cid=1699, SUCCESS, logIndex=2450, commits[63cacea9-0392-4939-ad39-80c4c73dd84b:c2451, bd7b7fea-2a7b-4c3f-852f-c014e42bfcb7:c2447, 3b4aa678-22a6-4ae2-9c6a-0e71cdb9d6d0:c2447]
2019-07-10 03:37:29,155 INFO  client.GrpcClientProtocolClient (GrpcClientProtocolClient.java:onNext(255)) - client-8BD909272E8D->63cacea9-0392-4939-ad39-80c4c73dd84b: receive RaftClientReply:client-8BD909272E8D->63cacea9-0392-4939-ad39-80c4c73dd84b@group-EE6C16B6C358, cid=1700, SUCCESS, logIndex=2451, commits[63cacea9-0392-4939-ad39-80c4c73dd84b:c2451, bd7b7fea-2a7b-4c3f-852f-c014e42bfcb7:c2447, 3b4aa678-22a6-4ae2-9c6a-0e71cdb9d6d0:c2447]
2019-07-10 03:37:29,156 INFO  client.GrpcClientProtocolClient (GrpcClientProtocolClient.java:onNext(255)) - client-8BD909272E8D->63cacea9-0392-4939-ad39-80c4c73dd84b: receive RaftClientReply:client-8BD909272E8D->63cacea9-0392-4939-ad39-80c4c73dd84b@group-EE6C16B6C358, cid=1701, SUCCESS, logIndex=0, commits[63cacea9-0392-4939-ad39-80c4c73dd84b:c2453, bd7b7fea-2a7b-4c3f-852f-c014e42bfcb7:c2449, 3b4aa678-22a6-4ae2-9c6a-0e71cdb9d6d0:c2449]
2019-07-10 03:37:29,180 INFO  client.GrpcClientProtocolClient (GrpcClientProtocolClient.java:onNext(255)) - client-8BD909272E8D->63cacea9-0392-4939-ad39-80c4c73dd84b: receive RaftClientReply:client-8BD909272E8D->63cacea9-0392-4939-ad39-80c4c73dd84b@group-EE6C16B6C358, cid=1702, SUCCESS, logIndex=2456, commits[63cacea9-0392-4939-ad39-80c4c73dd84b:c2457, bd7b7fea-2a7b-4c3f-852f-c014e42bfcb7:c2455, 3b4aa678-22a6-4ae2-9c6a-0e71cdb9d6d0:c2455]
2019-07-10 03:37:29,180 INFO  client.GrpcClientProtocolClient (GrpcClientProtocolClient.java:onNext(255)) - client-8BD909272E8D->63cacea9-0392-4939-ad39-80c4c73dd84b: receive RaftClientReply:client-8BD909272E8D->63cacea9-0392-4939-ad39-80c4c73dd84b@group-EE6C16B6C358, cid=1703, SUCCESS, logIndex=2457, commits[63cacea9-0392-4939-ad39-80c4c73dd84b:c2457, bd7b7fea-2a7b-4c3f-852f-c014e42bfcb7:c2455, 3b4aa678-22a6-4ae2-9c6a-0e71cdb9d6d0:c2455]
2019-07-10 03:37:29,203 INFO  client.GrpcClientProtocolClient (GrpcClientProtocolClient.java:onNext(255)) - client-8BD909272E8D->63cacea9-0392-4939-ad39-80c4c73dd84b: receive RaftClientReply:client-8BD909272E8D->63cacea9-0392-4939-ad39-80c4c73dd84b@group-EE6C16B6C358, cid=1704, SUCCESS, logIndex=2460, commits[63cacea9-0392-4939-ad39-80c4c73dd84b:c2461, bd7b7fea-2a7b-4c3f-852f-c014e42bfcb7:c2457, 3b4aa678-22a6-4ae2-9c6a-0e71cdb9d6d0:c2457]
2019-07-10 03:37:29,203 INFO  client.GrpcClientProtocolClient (GrpcClientProtocolClient.java:onNext(255)) - client-8BD909272E8D->63cacea9-0392-4939-ad39-80c4c73dd84b: receive RaftClientReply:client-8BD909272E8D->63cacea9-0392-4939-ad39-80c4c73dd84b@group-EE6C16B6C358, cid=1705, SUCCESS, logIndex=2461, commits[63cacea9-0392-4939-ad39-80c4c73dd84b:c2461, bd7b7fea-2a7b-4c3f-852f-c014e42bfcb7:c2457, 3b4aa678-22a6-4ae2-9c6a-0e71cdb9d6d0:c2457]
2019-07-10 03:37:29,205 INFO  client.GrpcClientProtocolClient (GrpcClientProtocolClient.java:onNext(255)) - client-8BD909272E8D->63cacea9-0392-4939-ad39-80c4c73dd84b: receive RaftClientReply:client-8BD909272E8D->63cacea9-0392-4939-ad39-80c4c73dd84b@group-EE6C16B6C358, cid=1706, SUCCESS, logIndex=0, commits[63cacea9-0392-4939-ad39-80c4c73dd84b:c2462, bd7b7fea-2a7b-4c3f-852f-c014e42bfcb7:c2461, 3b4aa678-22a6-4ae2-9c6a-0e71cdb9d6d0:c2461]
2019-07-10 03:37:29,236 INFO  client.GrpcClientProtocolClient (GrpcClientProtocolClient.java:onNext(255)) - client-8BD909272E8D->63cacea9-0392-4939-ad39-80c4c73dd84b: receive RaftClientReply:client-8BD909272E8D->63cacea9-0392-4939-ad39-80c4c73dd84b@group-EE6C16B6C358, cid=1707, SUCCESS, logIndex=2464, commits[63cacea9-0392-4939-ad39-80c4c73dd84b:c2465, bd7b7fea-2a7b-4c3f-852f-c014e42bfcb7:c2463, 3b4aa678-22a6-4ae2-9c6a-0e71cdb9d6d0:c2463]
2019-07-10 03:37:29,237 INFO  client.GrpcClientProtocolClient (GrpcClientProtocolClient.java:onNext(255)) - client-8BD909272E8D->63cacea9-0392-4939-ad39-80c4c73dd84b: receive RaftClientReply:client-8BD909272E8D->63cacea9-0392-4939-ad39-80c4c73dd84b@group-EE6C16B6C358, cid=1708, SUCCESS, logIndex=2465, commits[63cacea9-0392-4939-ad39-80c4c73dd84b:c2466, bd7b7fea-2a7b-4c3f-852f-c014e42bfcb7:c2463, 3b4aa678-22a6-4ae2-9c6a-0e71cdb9d6d0:c2463]
2019-07-10 03:37:29,237 INFO  client.GrpcClientProtocolClient (GrpcClientProtocolClient.java:onNext(255)) - client-8BD909272E8D->63cacea9-0392-4939-ad39-80c4c73dd84b: receive RaftClientReply:client-8BD909272E8D->63cacea9-0392-4939-ad39-80c4c73dd84b@group-EE6C16B6C358, cid=1709, SUCCESS, logIndex=2466, commits[63cacea9-0392-4939-ad39-80c4c73dd84b:c2467, bd7b7fea-2a7b-4c3f-852f-c014e42bfcb7:c2463, 3b4aa678-22a6-4ae2-9c6a-0e71cdb9d6d0:c2463]
2019-07-10 03:37:29,238 INFO  client.GrpcClientProtocolClient (GrpcClientProtocolClient.java:onNext(255)) - client-8BD909272E8D->63cacea9-0392-4939-ad39-80c4c73dd84b: receive RaftClientReply:client-8BD909272E8D->63cacea9-0392-4939-ad39-80c4c73dd84b@group-EE6C16B6C358, cid=1710, SUCCESS, logIndex=2467, commits[63cacea9-0392-4939-ad39-80c4c73dd84b:c2467, bd7b7fea-2a7b-4c3f-852f-c014e42bfcb7:c2463, 3b4aa678-22a6-4ae2-9c6a-0e71cdb9d6d0:c2463]
2019-07-10 03:37:29,247 INFO  client.GrpcClientProtocolClient (GrpcClientProtocolClient.java:onNext(255)) - client-8BD909272E8D->63cacea9-0392-4939-ad39-80c4c73dd84b: receive RaftClientReply:client-8BD909272E8D->63cacea9-0392-4939-ad39-80c4c73dd84b@group-EE6C16B6C358, cid=1711, SUCCESS, logIndex=0, commits[63cacea9-0392-4939-ad39-80c4c73dd84b:c2468, bd7b7fea-2a7b-4c3f-852f-c014e42bfcb7:c2465, 3b4aa678-22a6-4ae2-9c6a-0e71cdb9d6d0:c2465]
2019-07-10 03:37:29,259 INFO  client.GrpcClientProtocolClient (GrpcClientProtocolClient.java:onNext(255)) - client-8BD909272E8D->63cacea9-0392-4939-ad39-80c4c73dd84b: receive RaftClientReply:client-8BD909272E8D->63cacea9-0392-4939-ad39-80c4c73dd84b@group-EE6C16B6C358, cid=1712, SUCCESS, logIndex=2472, commits[63cacea9-0392-4939-ad39-80c4c73dd84b:c2473, bd7b7fea-2a7b-4c3f-852f-c014e42bfcb7:c2467, 3b4aa678-22a6-4ae2-9c6a-0e71cdb9d6d0:c2469]
2019-07-10 03:37:29,259 INFO  client.GrpcClientProtocolClient (GrpcClientProtocolClient.java:onNext(255)) - client-8BD909272E8D->63cacea9-0392-4939-ad39-80c4c73dd84b: receive RaftClientReply:client-8BD909272E8D->63cacea9-0392-4939-ad39-80c4c73dd84b@group-EE6C16B6C358, cid=1713, SUCCESS, logIndex=2473, commits[63cacea9-0392-4939-ad39-80c4c73dd84b:c2473, bd7b7fea-2a7b-4c3f-852f-c014e42bfcb7:c2469, 3b4aa678-22a6-4ae2-9c6a-0e71cdb9d6d0:c2469]
2019-07-10 03:37:29,281 INFO  client.GrpcClientProtocolClient (GrpcClientProtocolClient.java:onNext(255)) - client-8BD909272E8D->63cacea9-0392-4939-ad39-80c4c73dd84b: receive RaftClientReply:client-8BD909272E8D->63cacea9-0392-4939-ad39-80c4c73dd84b@group-EE6C16B6C358, cid=1714, SUCCESS, logIndex=2476, commits[63cacea9-0392-4939-ad39-80c4c73dd84b:c2477, bd7b7fea-2a7b-4c3f-852f-c014e42bfcb7:c2475, 3b4aa678-22a6-4ae2-9c6a-0e71cdb9d6d0:c2475]
2019-07-10 03:37:29,282 INFO  client.GrpcClientProtocolClient (GrpcClientProtocolClient.java:onNext(255)) - client-8BD909272E8D->63cacea9-0392-4939-ad39-80c4c73dd84b: receive RaftClientReply:client-8BD909272E8D->63cacea9-0392-4939-ad39-80c4c73dd84b@group-EE6C16B6C358, cid=1715, SUCCESS, logIndex=2477, commits[63cacea9-0392-4939-ad39-80c4c73dd84b:c2477, bd7b7fea-2a7b-4c3f-852f-c014e42bfcb7:c2475, 3b4aa678-22a6-4ae2-9c6a-0e71cdb9d6d0:c2475]
2019-07-10 03:37:29,293 INFO  client.GrpcClientProtocolClient (GrpcClientProtocolClient.java:onNext(255)) - client-8BD909272E8D->63cacea9-0392-4939-ad39-80c4c73dd84b: receive RaftClientReply:client-8BD909272E8D->63cacea9-0392-4939-ad39-80c4c73dd84b@group-EE6C16B6C358, cid=1716, SUCCESS, logIndex=0, commits[63cacea9-0392-4939-ad39-80c4c73dd84b:c2477, bd7b7fea-2a7b-4c3f-852f-c014e42bfcb7:c2477, 3b4aa678-22a6-4ae2-9c6a-0e71cdb9d6d0:c2477]
2019-07-10 03:37:29,323 INFO  client.GrpcClientProtocolClient (GrpcClientProtocolClient.java:onNext(255)) - client-8BD909272E8D->63cacea9-0392-4939-ad39-80c4c73dd84b: receive RaftClientReply:client-8BD909272E8D->63cacea9-0392-4939-ad39-80c4c73dd84b@group-EE6C16B6C358, cid=1717, SUCCESS, logIndex=2480, commits[63cacea9-0392-4939-ad39-80c4c73dd84b:c2481, bd7b7fea-2a7b-4c3f-852f-c014e42bfcb7:c2479, 3b4aa678-22a6-4ae2-9c6a-0e71cdb9d6d0:c2479]
2019-07-10 03:37:29,323 INFO  client.GrpcClientProtocolClient (GrpcClientProtocolClient.java:onNext(255)) - client-8BD909272E8D->63cacea9-0392-4939-ad39-80c4c73dd84b: receive RaftClientReply:client-8BD909272E8D->63cacea9-0392-4939-ad39-80c4c73dd84b@group-EE6C16B6C358, cid=1718, SUCCESS, logIndex=2481, commits[63cacea9-0392-4939-ad39-80c4c73dd84b:c2481, bd7b7fea-2a7b-4c3f-852f-c014e42bfcb7:c2479, 3b4aa678-22a6-4ae2-9c6a-0e71cdb9d6d0:c2479]
2019-07-10 03:37:29,324 INFO  client.GrpcClientProtocolClient (GrpcClientProtocolClient.java:onNext(255)) - client-8BD909272E8D->63cacea9-0392-4939-ad39-80c4c73dd84b: receive RaftClientReply:client-8BD909272E8D->63cacea9-0392-4939-ad39-80c4c73dd84b@group-EE6C16B6C358, cid=1719, SUCCESS, logIndex=2482, commits[63cacea9-0392-4939-ad39-80c4c73dd84b:c2483, bd7b7fea-2a7b-4c3f-852f-c014e42bfcb7:c2479, 3b4aa678-22a6-4ae2-9c6a-0e71cdb9d6d0:c2479]
2019-07-10 03:37:29,324 INFO  client.GrpcClientProtocolClient (GrpcClientProtocolClient.java:onNext(255)) - client-8BD909272E8D->63cacea9-0392-4939-ad39-80c4c73dd84b: receive RaftClientReply:client-8BD909272E8D->63cacea9-0392-4939-ad39-80c4c73dd84b@group-EE6C16B6C358, cid=1720, SUCCESS, logIndex=2483, commits[63cacea9-0392-4939-ad39-80c4c73dd84b:c2483, bd7b7fea-2a7b-4c3f-852f-c014e42bfcb7:c2479, 3b4aa678-22a6-4ae2-9c6a-0e71cdb9d6d0:c2479]
2019-07-10 03:37:29,325 INFO  client.GrpcClientProtocolClient (GrpcClientProtocolClient.java:onNext(255)) - client-8BD909272E8D->63cacea9-0392-4939-ad39-80c4c73dd84b: receive RaftClientReply:client-8BD909272E8D->63cacea9-0392-4939-ad39-80c4c73dd84b@group-EE6C16B6C358, cid=1721, SUCCESS, logIndex=0, commits[63cacea9-0392-4939-ad39-80c4c73dd84b:c2485, bd7b7fea-2a7b-4c3f-852f-c014e42bfcb7:c2481, 3b4aa678-22a6-4ae2-9c6a-0e71cdb9d6d0:c2481]
2019-07-10 03:37:29,346 INFO  client.GrpcClientProtocolClient (GrpcClientProtocolClient.java:onNext(255)) - client-8BD909272E8D->63cacea9-0392-4939-ad39-80c4c73dd84b: receive RaftClientReply:client-8BD909272E8D->63cacea9-0392-4939-ad39-80c4c73dd84b@group-EE6C16B6C358, cid=1722, SUCCESS, logIndex=2488, commits[63cacea9-0392-4939-ad39-80c4c73dd84b:c2489, bd7b7fea-2a7b-4c3f-852f-c014e42bfcb7:c2487, 3b4aa678-22a6-4ae2-9c6a-0e71cdb9d6d0:c2487]
2019-07-10 03:37:29,346 INFO  client.GrpcClientProtocolClient (GrpcClientProtocolClient.java:onNext(255)) - client-8BD909272E8D->63cacea9-0392-4939-ad39-80c4c73dd84b: receive RaftClientReply:client-8BD909272E8D->63cacea9-0392-4939-ad39-80c4c73dd84b@group-EE6C16B6C358, cid=1723, SUCCESS, logIndex=2489, commits[63cacea9-0392-4939-ad39-80c4c73dd84b:c2489, bd7b7fea-2a7b-4c3f-852f-c014e42bfcb7:c2487, 3b4aa678-22a6-4ae2-9c6a-0e71cdb9d6d0:c2487]
2019-07-10 03:37:29,359 INFO  client.GrpcClientProtocolClient (GrpcClientProtocolClient.java:onNext(255)) - client-8BD909272E8D->63cacea9-0392-4939-ad39-80c4c73dd84b: receive RaftClientReply:client-8BD909272E8D->63cacea9-0392-4939-ad39-80c4c73dd84b@group-EE6C16B6C358, cid=1724, SUCCESS, logIndex=2492, commits[63cacea9-0392-4939-ad39-80c4c73dd84b:c2493, bd7b7fea-2a7b-4c3f-852f-c014e42bfcb7:c2489, 3b4aa678-22a6-4ae2-9c6a-0e71cdb9d6d0:c2489]
2019-07-10 03:37:29,360 INFO  client.GrpcClientProtocolClient (GrpcClientProtocolClient.java:onNext(255)) - client-8BD909272E8D->63cacea9-0392-4939-ad39-80c4c73dd84b: receive RaftClientReply:client-8BD909272E8D->63cacea9-0392-4939-ad39-80c4c73dd84b@group-EE6C16B6C358, cid=1725, SUCCESS, logIndex=2493, commits[63cacea9-0392-4939-ad39-80c4c73dd84b:c2493, bd7b7fea-2a7b-4c3f-852f-c014e42bfcb7:c2489, 3b4aa678-22a6-4ae2-9c6a-0e71cdb9d6d0:c2489]
2019-07-10 03:37:29,372 INFO  client.GrpcClientProtocolClient (GrpcClientProtocolClient.java:onNext(255)) - client-8BD909272E8D->63cacea9-0392-4939-ad39-80c4c73dd84b: receive RaftClientReply:client-8BD909272E8D->63cacea9-0392-4939-ad39-80c4c73dd84b@group-EE6C16B6C358, cid=1726, SUCCESS, logIndex=0, commits[63cacea9-0392-4939-ad39-80c4c73dd84b:c2495, bd7b7fea-2a7b-4c3f-852f-c014e42bfcb7:c2493, 3b4aa678-22a6-4ae2-9c6a-0e71cdb9d6d0:c2493]
2019-07-10 03:37:29,400 INFO  client.GrpcClientProtocolClient (GrpcClientProtocolClient.java:onNext(255)) - client-8BD909272E8D->63cacea9-0392-4939-ad39-80c4c73dd84b: receive RaftClientReply:client-8BD909272E8D->63cacea9-0392-4939-ad39-80c4c73dd84b@group-EE6C16B6C358, cid=1727, SUCCESS, logIndex=2496, commits[63cacea9-0392-4939-ad39-80c4c73dd84b:c2497, bd7b7fea-2a7b-4c3f-852f-c014e42bfcb7:c2493, 3b4aa678-22a6-4ae2-9c6a-0e71cdb9d6d0:c2495]
2019-07-10 03:37:29,401 INFO  client.GrpcClientProtocolClient (GrpcClientProtocolClient.java:onNext(255)) - client-8BD909272E8D->63cacea9-0392-4939-ad39-80c4c73dd84b: receive RaftClientReply:client-8BD909272E8D->63cacea9-0392-4939-ad39-80c4c73dd84b@group-EE6C16B6C358, cid=1728, SUCCESS, logIndex=2497, commits[63cacea9-0392-4939-ad39-80c4c73dd84b:c2497, bd7b7fea-2a7b-4c3f-852f-c014e42bfcb7:c2495, 3b4aa678-22a6-4ae2-9c6a-0e71cdb9d6d0:c2495]
2019-07-10 03:37:29,402 INFO  client.GrpcClientProtocolClient (GrpcClientProtocolClient.java:onNext(255)) - client-8BD909272E8D->63cacea9-0392-4939-ad39-80c4c73dd84b: receive RaftClientReply:client-8BD909272E8D->63cacea9-0392-4939-ad39-80c4c73dd84b@group-EE6C16B6C358, cid=1729, SUCCESS, logIndex=2498, commits[63cacea9-0392-4939-ad39-80c4c73dd84b:c2498, bd7b7fea-2a7b-4c3f-852f-c014e42bfcb7:c2495, 3b4aa678-22a6-4ae2-9c6a-0e71cdb9d6d0:c2495]
2019-07-10 03:37:29,402 INFO  client.GrpcClientProtocolClient (GrpcClientProtocolClient.java:onNext(255)) - client-8BD909272E8D->63cacea9-0392-4939-ad39-80c4c73dd84b: receive RaftClientReply:client-8BD909272E8D->63cacea9-0392-4939-ad39-80c4c73dd84b@group-EE6C16B6C358, cid=1730, SUCCESS, logIndex=2499, commits[63cacea9-0392-4939-ad39-80c4c73dd84b:c2499, bd7b7fea-2a7b-4c3f-852f-c014e42bfcb7:c2495, 3b4aa678-22a6-4ae2-9c6a-0e71cdb9d6d0:c2495]
2019-07-10 03:37:29,404 INFO  client.GrpcClientProtocolClient (GrpcClientProtocolClient.java:onNext(255)) - client-8BD909272E8D->63cacea9-0392-4939-ad39-80c4c73dd84b: receive RaftClientReply:client-8BD909272E8D->63cacea9-0392-4939-ad39-80c4c73dd84b@group-EE6C16B6C358, cid=1731, SUCCESS, logIndex=0, commits[63cacea9-0392-4939-ad39-80c4c73dd84b:c2501, bd7b7fea-2a7b-4c3f-852f-c014e42bfcb7:c2497, 3b4aa678-22a6-4ae2-9c6a-0e71cdb9d6d0:c2497]
2019-07-10 03:37:29,431 INFO  client.GrpcClientProtocolClient (GrpcClientProtocolClient.java:onNext(255)) - client-8BD909272E8D->63cacea9-0392-4939-ad39-80c4c73dd84b: receive RaftClientReply:client-8BD909272E8D->63cacea9-0392-4939-ad39-80c4c73dd84b@group-EE6C16B6C358, cid=1732, SUCCESS, logIndex=2504, commits[63cacea9-0392-4939-ad39-80c4c73dd84b:c2505, bd7b7fea-2a7b-4c3f-852f-c014e42bfcb7:c2503, 3b4aa678-22a6-4ae2-9c6a-0e71cdb9d6d0:c2503]
2019-07-10 03:37:29,432 INFO  client.GrpcClientProtocolClient (GrpcClientProtocolClient.java:onNext(255)) - client-8BD909272E8D->63cacea9-0392-4939-ad39-80c4c73dd84b: receive RaftClientReply:client-8BD909272E8D->63cacea9-0392-4939-ad39-80c4c73dd84b@group-EE6C16B6C358, cid=1733, SUCCESS, logIndex=2505, commits[63cacea9-0392-4939-ad39-80c4c73dd84b:c2505, bd7b7fea-2a7b-4c3f-852f-c014e42bfcb7:c2503, 3b4aa678-22a6-4ae2-9c6a-0e71cdb9d6d0:c2503]
2019-07-10 03:37:29,445 INFO  client.GrpcClientProtocolClient (GrpcClientProtocolClient.java:onNext(255)) - client-8BD909272E8D->63cacea9-0392-4939-ad39-80c4c73dd84b: receive RaftClientReply:client-8BD909272E8D->63cacea9-0392-4939-ad39-80c4c73dd84b@group-EE6C16B6C358, cid=1734, SUCCESS, logIndex=2508, commits[63cacea9-0392-4939-ad39-80c4c73dd84b:c2508, bd7b7fea-2a7b-4c3f-852f-c014e42bfcb7:c2505, 3b4aa678-22a6-4ae2-9c6a-0e71cdb9d6d0:c2505]
2019-07-10 03:37:29,445 INFO  client.GrpcClientProtocolClient (GrpcClientProtocolClient.java:onNext(255)) - client-8BD909272E8D->63cacea9-0392-4939-ad39-80c4c73dd84b: receive RaftClientReply:client-8BD909272E8D->63cacea9-0392-4939-ad39-80c4c73dd84b@group-EE6C16B6C358, cid=1735, SUCCESS, logIndex=2509, commits[63cacea9-0392-4939-ad39-80c4c73dd84b:c2509, bd7b7fea-2a7b-4c3f-852f-c014e42bfcb7:c2505, 3b4aa678-22a6-4ae2-9c6a-0e71cdb9d6d0:c2505]
2019-07-10 03:37:29,457 INFO  client.GrpcClientProtocolClient (GrpcClientProtocolClient.java:onNext(255)) - client-8BD909272E8D->63cacea9-0392-4939-ad39-80c4c73dd84b: receive RaftClientReply:client-8BD909272E8D->63cacea9-0392-4939-ad39-80c4c73dd84b@group-EE6C16B6C358, cid=1736, SUCCESS, logIndex=0, commits[63cacea9-0392-4939-ad39-80c4c73dd84b:c2511, bd7b7fea-2a7b-4c3f-852f-c014e42bfcb7:c2509, 3b4aa678-22a6-4ae2-9c6a-0e71cdb9d6d0:c2509]
2019-07-10 03:37:29,483 INFO  client.GrpcClientProtocolClient (GrpcClientProtocolClient.java:onNext(255)) - client-8BD909272E8D->63cacea9-0392-4939-ad39-80c4c73dd84b: receive RaftClientReply:client-8BD909272E8D->63cacea9-0392-4939-ad39-80c4c73dd84b@group-EE6C16B6C358, cid=1737, SUCCESS, logIndex=2512, commits[63cacea9-0392-4939-ad39-80c4c73dd84b:c2513, bd7b7fea-2a7b-4c3f-852f-c014e42bfcb7:c2511, 3b4aa678-22a6-4ae2-9c6a-0e71cdb9d6d0:c2511]
2019-07-10 03:37:29,586 INFO  client.GrpcClientProtocolClient (GrpcClientProtocolClient.java:onNext(255)) - client-8BD909272E8D->63cacea9-0392-4939-ad39-80c4c73dd84b: receive RaftClientReply:client-8BD909272E8D->63cacea9-0392-4939-ad39-80c4c73dd84b@group-EE6C16B6C358, cid=1738, SUCCESS, logIndex=2513, commits[63cacea9-0392-4939-ad39-80c4c73dd84b:c2513, bd7b7fea-2a7b-4c3f-852f-c014e42bfcb7:c2511, 3b4aa678-22a6-4ae2-9c6a-0e71cdb9d6d0:c2511]
2019-07-10 03:37:29,591 INFO  client.GrpcClientProtocolClient (GrpcClientProtocolClient.java:onNext(255)) - client-8BD909272E8D->63cacea9-0392-4939-ad39-80c4c73dd84b: receive RaftClientReply:client-8BD909272E8D->63cacea9-0392-4939-ad39-80c4c73dd84b@group-EE6C16B6C358, cid=1739, SUCCESS, logIndex=2514, commits[63cacea9-0392-4939-ad39-80c4c73dd84b:c2515, bd7b7fea-2a7b-4c3f-852f-c014e42bfcb7:c2511, 3b4aa678-22a6-4ae2-9c6a-0e71cdb9d6d0:c2511]
2019-07-10 03:37:29,594 INFO  client.GrpcClientProtocolClient (GrpcClientProtocolClient.java:onNext(255)) - client-8BD909272E8D->63cacea9-0392-4939-ad39-80c4c73dd84b: receive RaftClientReply:client-8BD909272E8D->63cacea9-0392-4939-ad39-80c4c73dd84b@group-EE6C16B6C358, cid=1740, SUCCESS, logIndex=2515, commits[63cacea9-0392-4939-ad39-80c4c73dd84b:c2515, bd7b7fea-2a7b-4c3f-852f-c014e42bfcb7:c2511, 3b4aa678-22a6-4ae2-9c6a-0e71cdb9d6d0:c2512]
2019-07-10 03:37:29,597 INFO  client.GrpcClientProtocolClient (GrpcClientProtocolClient.java:onNext(255)) - client-8BD909272E8D->63cacea9-0392-4939-ad39-80c4c73dd84b: receive RaftClientReply:client-8BD909272E8D->63cacea9-0392-4939-ad39-80c4c73dd84b@group-EE6C16B6C358, cid=1741, SUCCESS, logIndex=0, commits[63cacea9-0392-4939-ad39-80c4c73dd84b:c2519, bd7b7fea-2a7b-4c3f-852f-c014e42bfcb7:c2513, 3b4aa678-22a6-4ae2-9c6a-0e71cdb9d6d0:c2515]
2019-07-10 03:37:29,619 INFO  client.GrpcClientProtocolClient (GrpcClientProtocolClient.java:onNext(255)) - client-8BD909272E8D->63cacea9-0392-4939-ad39-80c4c73dd84b: receive RaftClientReply:client-8BD909272E8D->63cacea9-0392-4939-ad39-80c4c73dd84b@group-EE6C16B6C358, cid=1742, SUCCESS, logIndex=2520, commits[63cacea9-0392-4939-ad39-80c4c73dd84b:c2521, bd7b7fea-2a7b-4c3f-852f-c014e42bfcb7:c2519, 3b4aa678-22a6-4ae2-9c6a-0e71cdb9d6d0:c2519]
2019-07-10 03:37:29,620 INFO  client.GrpcClientProtocolClient (GrpcClientProtocolClient.java:onNext(255)) - client-8BD909272E8D->63cacea9-0392-4939-ad39-80c4c73dd84b: receive RaftClientReply:client-8BD909272E8D->63cacea9-0392-4939-ad39-80c4c73dd84b@group-EE6C16B6C358, cid=1743, SUCCESS, logIndex=2521, commits[63cacea9-0392-4939-ad39-80c4c73dd84b:c2521, bd7b7fea-2a7b-4c3f-852f-c014e42bfcb7:c2519, 3b4aa678-22a6-4ae2-9c6a-0e71cdb9d6d0:c2519]
2019-07-10 03:37:29,645 INFO  client.GrpcClientProtocolClient (GrpcClientProtocolClient.java:onNext(255)) - client-8BD909272E8D->63cacea9-0392-4939-ad39-80c4c73dd84b: receive RaftClientReply:client-8BD909272E8D->63cacea9-0392-4939-ad39-80c4c73dd84b@group-EE6C16B6C358, cid=1744, SUCCESS, logIndex=2524, commits[63cacea9-0392-4939-ad39-80c4c73dd84b:c2525, bd7b7fea-2a7b-4c3f-852f-c014e42bfcb7:c2520, 3b4aa678-22a6-4ae2-9c6a-0e71cdb9d6d0:c2521]
2019-07-10 03:37:29,645 INFO  client.GrpcClientProtocolClient (GrpcClientProtocolClient.java:onNext(255)) - client-8BD909272E8D->63cacea9-0392-4939-ad39-80c4c73dd84b: receive RaftClientReply:client-8BD909272E8D->63cacea9-0392-4939-ad39-80c4c73dd84b@group-EE6C16B6C358, cid=1745, SUCCESS, logIndex=2525, commits[63cacea9-0392-4939-ad39-80c4c73dd84b:c2525, bd7b7fea-2a7b-4c3f-852f-c014e42bfcb7:c2521, 3b4aa678-22a6-4ae2-9c6a-0e71cdb9d6d0:c2521]
2019-07-10 03:37:29,648 INFO  client.GrpcClientProtocolClient (GrpcClientProtocolClient.java:onNext(255)) - client-8BD909272E8D->63cacea9-0392-4939-ad39-80c4c73dd84b: receive RaftClientReply:client-8BD909272E8D->63cacea9-0392-4939-ad39-80c4c73dd84b@group-EE6C16B6C358, cid=1746, SUCCESS, logIndex=0, commits[63cacea9-0392-4939-ad39-80c4c73dd84b:c2527, bd7b7fea-2a7b-4c3f-852f-c014e42bfcb7:c2525, 3b4aa678-22a6-4ae2-9c6a-0e71cdb9d6d0:c2525]
2019-07-10 03:37:29,679 INFO  client.GrpcClientProtocolClient (GrpcClientProtocolClient.java:onNext(255)) - client-8BD909272E8D->63cacea9-0392-4939-ad39-80c4c73dd84b: receive RaftClientReply:client-8BD909272E8D->63cacea9-0392-4939-ad39-80c4c73dd84b@group-EE6C16B6C358, cid=1747, SUCCESS, logIndex=2528, commits[63cacea9-0392-4939-ad39-80c4c73dd84b:c2529, bd7b7fea-2a7b-4c3f-852f-c014e42bfcb7:c2527, 3b4aa678-22a6-4ae2-9c6a-0e71cdb9d6d0:c2527]
2019-07-10 03:37:29,680 INFO  client.GrpcClientProtocolClient (GrpcClientProtocolClient.java:onNext(255)) - client-8BD909272E8D->63cacea9-0392-4939-ad39-80c4c73dd84b: receive RaftClientReply:client-8BD909272E8D->63cacea9-0392-4939-ad39-80c4c73dd84b@group-EE6C16B6C358, cid=1748, SUCCESS, logIndex=2529, commits[63cacea9-0392-4939-ad39-80c4c73dd84b:c2531, bd7b7fea-2a7b-4c3f-852f-c014e42bfcb7:c2527, 3b4aa678-22a6-4ae2-9c6a-0e71cdb9d6d0:c2527]
2019-07-10 03:37:29,680 INFO  client.GrpcClientProtocolClient (GrpcClientProtocolClient.java:onNext(255)) - client-8BD909272E8D->63cacea9-0392-4939-ad39-80c4c73dd84b: receive RaftClientReply:client-8BD909272E8D->63cacea9-0392-4939-ad39-80c4c73dd84b@group-EE6C16B6C358, cid=1749, SUCCESS, logIndex=2530, commits[63cacea9-0392-4939-ad39-80c4c73dd84b:c2531, bd7b7fea-2a7b-4c3f-852f-c014e42bfcb7:c2527, 3b4aa678-22a6-4ae2-9c6a-0e71cdb9d6d0:c2527]
2019-07-10 03:37:29,680 INFO  client.GrpcClientProtocolClient (GrpcClientProtocolClient.java:onNext(255)) - client-8BD909272E8D->63cacea9-0392-4939-ad39-80c4c73dd84b: receive RaftClientReply:client-8BD909272E8D->63cacea9-0392-4939-ad39-80c4c73dd84b@group-EE6C16B6C358, cid=1750, SUCCESS, logIndex=2531, commits[63cacea9-0392-4939-ad39-80c4c73dd84b:c2531, bd7b7fea-2a7b-4c3f-852f-c014e42bfcb7:c2528, 3b4aa678-22a6-4ae2-9c6a-0e71cdb9d6d0:c2527]
2019-07-10 03:37:29,682 INFO  client.GrpcClientProtocolClient (GrpcClientProtocolClient.java:onNext(255)) - client-8BD909272E8D->63cacea9-0392-4939-ad39-80c4c73dd84b: receive RaftClientReply:client-8BD909272E8D->63cacea9-0392-4939-ad39-80c4c73dd84b@group-EE6C16B6C358, cid=1751, SUCCESS, logIndex=0, commits[63cacea9-0392-4939-ad39-80c4c73dd84b:c2535, bd7b7fea-2a7b-4c3f-852f-c014e42bfcb7:c2531, 3b4aa678-22a6-4ae2-9c6a-0e71cdb9d6d0:c2530]
2019-07-10 03:37:29,705 INFO  client.GrpcClientProtocolClient (GrpcClientProtocolClient.java:onNext(255)) - client-8BD909272E8D->63cacea9-0392-4939-ad39-80c4c73dd84b: receive RaftClientReply:client-8BD909272E8D->63cacea9-0392-4939-ad39-80c4c73dd84b@group-EE6C16B6C358, cid=1752, SUCCESS, logIndex=2536, commits[63cacea9-0392-4939-ad39-80c4c73dd84b:c2537, bd7b7fea-2a7b-4c3f-852f-c014e42bfcb7:c2535, 3b4aa678-22a6-4ae2-9c6a-0e71cdb9d6d0:c2535]
2019-07-10 03:37:29,706 INFO  client.GrpcClientProtocolClient (GrpcClientProtocolClient.java:onNext(255)) - client-8BD909272E8D->63cacea9-0392-4939-ad39-80c4c73dd84b: receive RaftClientReply:client-8BD909272E8D->63cacea9-0392-4939-ad39-80c4c73dd84b@group-EE6C16B6C358, cid=1753, SUCCESS, logIndex=2537, commits[63cacea9-0392-4939-ad39-80c4c73dd84b:c2537, bd7b7fea-2a7b-4c3f-852f-c014e42bfcb7:c2535, 3b4aa678-22a6-4ae2-9c6a-0e71cdb9d6d0:c2535]
 0.00% |█                                                                                                    |  0/1 Time: 0:00:122019-07-10 03:37:29,730 INFO  client.GrpcClientProtocolClient (GrpcClientProtocolClient.java:onNext(255)) - client-8BD909272E8D->63cacea9-0392-4939-ad39-80c4c73dd84b: receive RaftClientReply:client-8BD909272E8D->63cacea9-0392-4939-ad39-80c4c73dd84b@group-EE6C16B6C358, cid=1754, SUCCESS, logIndex=2540, commits[63cacea9-0392-4939-ad39-80c4c73dd84b:c2541, bd7b7fea-2a7b-4c3f-852f-c014e42bfcb7:c2537, 3b4aa678-22a6-4ae2-9c6a-0e71cdb9d6d0:c2537]
2019-07-10 03:37:29,731 INFO  client.GrpcClientProtocolClient (GrpcClientProtocolClient.java:onNext(255)) - client-8BD909272E8D->63cacea9-0392-4939-ad39-80c4c73dd84b: receive RaftClientReply:client-8BD909272E8D->63cacea9-0392-4939-ad39-80c4c73dd84b@group-EE6C16B6C358, cid=1755, SUCCESS, logIndex=2541, commits[63cacea9-0392-4939-ad39-80c4c73dd84b:c2541, bd7b7fea-2a7b-4c3f-852f-c014e42bfcb7:c2537, 3b4aa678-22a6-4ae2-9c6a-0e71cdb9d6d0:c2537]
2019-07-10 03:37:29,732 INFO  client.GrpcClientProtocolClient (GrpcClientProtocolClient.java:onNext(255)) - client-8BD909272E8D->63cacea9-0392-4939-ad39-80c4c73dd84b: receive RaftClientReply:client-8BD909272E8D->63cacea9-0392-4939-ad39-80c4c73dd84b@group-EE6C16B6C358, cid=1756, SUCCESS, logIndex=0, commits[63cacea9-0392-4939-ad39-80c4c73dd84b:c2542, bd7b7fea-2a7b-4c3f-852f-c014e42bfcb7:c2541, 3b4aa678-22a6-4ae2-9c6a-0e71cdb9d6d0:c2541]
2019-07-10 03:37:29,761 INFO  client.GrpcClientProtocolClient (GrpcClientProtocolClient.java:onNext(255)) - client-8BD909272E8D->63cacea9-0392-4939-ad39-80c4c73dd84b: receive RaftClientReply:client-8BD909272E8D->63cacea9-0392-4939-ad39-80c4c73dd84b@group-EE6C16B6C358, cid=1757, SUCCESS, logIndex=2544, commits[63cacea9-0392-4939-ad39-80c4c73dd84b:c2546, bd7b7fea-2a7b-4c3f-852f-c014e42bfcb7:c2543, 3b4aa678-22a6-4ae2-9c6a-0e71cdb9d6d0:c2543]
2019-07-10 03:37:29,762 INFO  client.GrpcClientProtocolClient (GrpcClientProtocolClient.java:onNext(255)) - client-8BD909272E8D->63cacea9-0392-4939-ad39-80c4c73dd84b: receive RaftClientReply:client-8BD909272E8D->63cacea9-0392-4939-ad39-80c4c73dd84b@group-EE6C16B6C358, cid=1758, SUCCESS, logIndex=2545, commits[63cacea9-0392-4939-ad39-80c4c73dd84b:c2547, bd7b7fea-2a7b-4c3f-852f-c014e42bfcb7:c2543, 3b4aa678-22a6-4ae2-9c6a-0e71cdb9d6d0:c2543]
2019-07-10 03:37:29,762 INFO  client.GrpcClientProtocolClient (GrpcClientProtocolClient.java:onNext(255)) - client-8BD909272E8D->63cacea9-0392-4939-ad39-80c4c73dd84b: receive RaftClientReply:client-8BD909272E8D->63cacea9-0392-4939-ad39-80c4c73dd84b@group-EE6C16B6C358, cid=1759, SUCCESS, logIndex=2546, commits[63cacea9-0392-4939-ad39-80c4c73dd84b:c2547, bd7b7fea-2a7b-4c3f-852f-c014e42bfcb7:c2543, 3b4aa678-22a6-4ae2-9c6a-0e71cdb9d6d0:c2543]
2019-07-10 03:37:29,763 INFO  client.GrpcClientProtocolClient (GrpcClientProtocolClient.java:onNext(255)) - client-8BD909272E8D->63cacea9-0392-4939-ad39-80c4c73dd84b: receive RaftClientReply:client-8BD909272E8D->63cacea9-0392-4939-ad39-80c4c73dd84b@group-EE6C16B6C358, cid=1760, SUCCESS, logIndex=2547, commits[63cacea9-0392-4939-ad39-80c4c73dd84b:c2547, bd7b7fea-2a7b-4c3f-852f-c014e42bfcb7:c2543, 3b4aa678-22a6-4ae2-9c6a-0e71cdb9d6d0:c2543]
2019-07-10 03:37:29,765 INFO  client.GrpcClientProtocolClient (GrpcClientProtocolClient.java:onNext(255)) - client-8BD909272E8D->63cacea9-0392-4939-ad39-80c4c73dd84b: receive RaftClientReply:client-8BD909272E8D->63cacea9-0392-4939-ad39-80c4c73dd84b@group-EE6C16B6C358, cid=1761, SUCCESS, logIndex=0, commits[63cacea9-0392-4939-ad39-80c4c73dd84b:c2549, bd7b7fea-2a7b-4c3f-852f-c014e42bfcb7:c2545, 3b4aa678-22a6-4ae2-9c6a-0e71cdb9d6d0:c2545]
2019-07-10 03:37:29,784 INFO  client.GrpcClientProtocolClient (GrpcClientProtocolClient.java:onNext(255)) - client-8BD909272E8D->63cacea9-0392-4939-ad39-80c4c73dd84b: receive RaftClientReply:client-8BD909272E8D->63cacea9-0392-4939-ad39-80c4c73dd84b@group-EE6C16B6C358, cid=1762, SUCCESS, logIndex=2552, commits[63cacea9-0392-4939-ad39-80c4c73dd84b:c2553, bd7b7fea-2a7b-4c3f-852f-c014e42bfcb7:c2551, 3b4aa678-22a6-4ae2-9c6a-0e71cdb9d6d0:c2551]
2019-07-10 03:37:29,784 INFO  client.GrpcClientProtocolClient (GrpcClientProtocolClient.java:onNext(255)) - client-8BD909272E8D->63cacea9-0392-4939-ad39-80c4c73dd84b: receive RaftClientReply:client-8BD909272E8D->63cacea9-0392-4939-ad39-80c4c73dd84b@group-EE6C16B6C358, cid=1763, SUCCESS, logIndex=2553, commits[63cacea9-0392-4939-ad39-80c4c73dd84b:c2553, bd7b7fea-2a7b-4c3f-852f-c014e42bfcb7:c2551, 3b4aa678-22a6-4ae2-9c6a-0e71cdb9d6d0:c2551]
2019-07-10 03:37:29,798 INFO  client.GrpcClientProtocolClient (GrpcClientProtocolClient.java:onNext(255)) - client-8BD909272E8D->63cacea9-0392-4939-ad39-80c4c73dd84b: receive RaftClientReply:client-8BD909272E8D->63cacea9-0392-4939-ad39-80c4c73dd84b@group-EE6C16B6C358, cid=1764, SUCCESS, logIndex=2556, commits[63cacea9-0392-4939-ad39-80c4c73dd84b:c2557, bd7b7fea-2a7b-4c3f-852f-c014e42bfcb7:c2553, 3b4aa678-22a6-4ae2-9c6a-0e71cdb9d6d0:c2553]
2019-07-10 03:37:29,798 INFO  client.GrpcClientProtocolClient (GrpcClientProtocolClient.java:onNext(255)) - client-8BD909272E8D->63cacea9-0392-4939-ad39-80c4c73dd84b: receive RaftClientReply:client-8BD909272E8D->63cacea9-0392-4939-ad39-80c4c73dd84b@group-EE6C16B6C358, cid=1765, SUCCESS, logIndex=2557, commits[63cacea9-0392-4939-ad39-80c4c73dd84b:c2557, bd7b7fea-2a7b-4c3f-852f-c014e42bfcb7:c2553, 3b4aa678-22a6-4ae2-9c6a-0e71cdb9d6d0:c2553]
2019-07-10 03:37:29,814 INFO  client.GrpcClientProtocolClient (GrpcClientProtocolClient.java:onNext(255)) - client-8BD909272E8D->63cacea9-0392-4939-ad39-80c4c73dd84b: receive RaftClientReply:client-8BD909272E8D->63cacea9-0392-4939-ad39-80c4c73dd84b@group-EE6C16B6C358, cid=1766, SUCCESS, logIndex=0, commits[63cacea9-0392-4939-ad39-80c4c73dd84b:c2559, bd7b7fea-2a7b-4c3f-852f-c014e42bfcb7:c2557, 3b4aa678-22a6-4ae2-9c6a-0e71cdb9d6d0:c2557]
2019-07-10 03:37:29,842 INFO  client.GrpcClientProtocolClient (GrpcClientProtocolClient.java:onNext(255)) - client-8BD909272E8D->63cacea9-0392-4939-ad39-80c4c73dd84b: receive RaftClientReply:client-8BD909272E8D->63cacea9-0392-4939-ad39-80c4c73dd84b@group-EE6C16B6C358, cid=1767, SUCCESS, logIndex=2560, commits[63cacea9-0392-4939-ad39-80c4c73dd84b:c2561, bd7b7fea-2a7b-4c3f-852f-c014e42bfcb7:c2559, 3b4aa678-22a6-4ae2-9c6a-0e71cdb9d6d0:c2559]
2019-07-10 03:37:29,843 INFO  client.GrpcClientProtocolClient (GrpcClientProtocolClient.java:onNext(255)) - client-8BD909272E8D->63cacea9-0392-4939-ad39-80c4c73dd84b: receive RaftClientReply:client-8BD909272E8D->63cacea9-0392-4939-ad39-80c4c73dd84b@group-EE6C16B6C358, cid=1768, SUCCESS, logIndex=2561, commits[63cacea9-0392-4939-ad39-80c4c73dd84b:c2561, bd7b7fea-2a7b-4c3f-852f-c014e42bfcb7:c2559, 3b4aa678-22a6-4ae2-9c6a-0e71cdb9d6d0:c2559]
2019-07-10 03:37:29,843 INFO  client.GrpcClientProtocolClient (GrpcClientProtocolClient.java:onNext(255)) - client-8BD909272E8D->63cacea9-0392-4939-ad39-80c4c73dd84b: receive RaftClientReply:client-8BD909272E8D->63cacea9-0392-4939-ad39-80c4c73dd84b@group-EE6C16B6C358, cid=1769, SUCCESS, logIndex=2562, commits[63cacea9-0392-4939-ad39-80c4c73dd84b:c2563, bd7b7fea-2a7b-4c3f-852f-c014e42bfcb7:c2559, 3b4aa678-22a6-4ae2-9c6a-0e71cdb9d6d0:c2559]
2019-07-10 03:37:29,844 INFO  client.GrpcClientProtocolClient (GrpcClientProtocolClient.java:onNext(255)) - client-8BD909272E8D->63cacea9-0392-4939-ad39-80c4c73dd84b: receive RaftClientReply:client-8BD909272E8D->63cacea9-0392-4939-ad39-80c4c73dd84b@group-EE6C16B6C358, cid=1770, SUCCESS, logIndex=2563, commits[63cacea9-0392-4939-ad39-80c4c73dd84b:c2563, bd7b7fea-2a7b-4c3f-852f-c014e42bfcb7:c2559, 3b4aa678-22a6-4ae2-9c6a-0e71cdb9d6d0:c2559]
2019-07-10 03:37:29,845 INFO  client.GrpcClientProtocolClient (GrpcClientProtocolClient.java:onNext(255)) - client-8BD909272E8D->63cacea9-0392-4939-ad39-80c4c73dd84b: receive RaftClientReply:client-8BD909272E8D->63cacea9-0392-4939-ad39-80c4c73dd84b@group-EE6C16B6C358, cid=1771, SUCCESS, logIndex=0, commits[63cacea9-0392-4939-ad39-80c4c73dd84b:c2565, bd7b7fea-2a7b-4c3f-852f-c014e42bfcb7:c2561, 3b4aa678-22a6-4ae2-9c6a-0e71cdb9d6d0:c2561]
2019-07-10 03:37:29,866 INFO  client.GrpcClientProtocolClient (GrpcClientProtocolClient.java:onNext(255)) - client-8BD909272E8D->63cacea9-0392-4939-ad39-80c4c73dd84b: receive RaftClientReply:client-8BD909272E8D->63cacea9-0392-4939-ad39-80c4c73dd84b@group-EE6C16B6C358, cid=1772, SUCCESS, logIndex=2568, commits[63cacea9-0392-4939-ad39-80c4c73dd84b:c2569, bd7b7fea-2a7b-4c3f-852f-c014e42bfcb7:c2567, 3b4aa678-22a6-4ae2-9c6a-0e71cdb9d6d0:c2567]
2019-07-10 03:37:29,866 INFO  client.GrpcClientProtocolClient (GrpcClientProtocolClient.java:onNext(255)) - client-8BD909272E8D->63cacea9-0392-4939-ad39-80c4c73dd84b: receive RaftClientReply:client-8BD909272E8D->63cacea9-0392-4939-ad39-80c4c73dd84b@group-EE6C16B6C358, cid=1773, SUCCESS, logIndex=2569, commits[63cacea9-0392-4939-ad39-80c4c73dd84b:c2569, bd7b7fea-2a7b-4c3f-852f-c014e42bfcb7:c2567, 3b4aa678-22a6-4ae2-9c6a-0e71cdb9d6d0:c2567]
2019-07-10 03:37:29,881 INFO  client.GrpcClientProtocolClient (GrpcClientProtocolClient.java:onNext(255)) - client-8BD909272E8D->63cacea9-0392-4939-ad39-80c4c73dd84b: receive RaftClientReply:client-8BD909272E8D->63cacea9-0392-4939-ad39-80c4c73dd84b@group-EE6C16B6C358, cid=1774, SUCCESS, logIndex=2572, commits[63cacea9-0392-4939-ad39-80c4c73dd84b:c2573, bd7b7fea-2a7b-4c3f-852f-c014e42bfcb7:c2569, 3b4aa678-22a6-4ae2-9c6a-0e71cdb9d6d0:c2569]
2019-07-10 03:37:29,881 INFO  client.GrpcClientProtocolClient (GrpcClientProtocolClient.java:onNext(255)) - client-8BD909272E8D->63cacea9-0392-4939-ad39-80c4c73dd84b: receive RaftClientReply:client-8BD909272E8D->63cacea9-0392-4939-ad39-80c4c73dd84b@group-EE6C16B6C358, cid=1775, SUCCESS, logIndex=2573, commits[63cacea9-0392-4939-ad39-80c4c73dd84b:c2573, bd7b7fea-2a7b-4c3f-852f-c014e42bfcb7:c2569, 3b4aa678-22a6-4ae2-9c6a-0e71cdb9d6d0:c2569]
2019-07-10 03:37:29,894 INFO  client.GrpcClientProtocolClient (GrpcClientProtocolClient.java:onNext(255)) - client-8BD909272E8D->63cacea9-0392-4939-ad39-80c4c73dd84b: receive RaftClientReply:client-8BD909272E8D->63cacea9-0392-4939-ad39-80c4c73dd84b@group-EE6C16B6C358, cid=1776, SUCCESS, logIndex=0, commits[63cacea9-0392-4939-ad39-80c4c73dd84b:c2575, bd7b7fea-2a7b-4c3f-852f-c014e42bfcb7:c2573, 3b4aa678-22a6-4ae2-9c6a-0e71cdb9d6d0:c2573]
2019-07-10 03:37:29,923 INFO  client.GrpcClientProtocolClient (GrpcClientProtocolClient.java:onNext(255)) - client-8BD909272E8D->63cacea9-0392-4939-ad39-80c4c73dd84b: receive RaftClientReply:client-8BD909272E8D->63cacea9-0392-4939-ad39-80c4c73dd84b@group-EE6C16B6C358, cid=1777, SUCCESS, logIndex=2576, commits[63cacea9-0392-4939-ad39-80c4c73dd84b:c2577, bd7b7fea-2a7b-4c3f-852f-c014e42bfcb7:c2575, 3b4aa678-22a6-4ae2-9c6a-0e71cdb9d6d0:c2575]
2019-07-10 03:37:29,924 INFO  client.GrpcClientProtocolClient (GrpcClientProtocolClient.java:onNext(255)) - client-8BD909272E8D->63cacea9-0392-4939-ad39-80c4c73dd84b: receive RaftClientReply:client-8BD909272E8D->63cacea9-0392-4939-ad39-80c4c73dd84b@group-EE6C16B6C358, cid=1778, SUCCESS, logIndex=2577, commits[63cacea9-0392-4939-ad39-80c4c73dd84b:c2577, bd7b7fea-2a7b-4c3f-852f-c014e42bfcb7:c2575, 3b4aa678-22a6-4ae2-9c6a-0e71cdb9d6d0:c2575]
2019-07-10 03:37:29,924 INFO  client.GrpcClientProtocolClient (GrpcClientProtocolClient.java:onNext(255)) - client-8BD909272E8D->63cacea9-0392-4939-ad39-80c4c73dd84b: receive RaftClientReply:client-8BD909272E8D->63cacea9-0392-4939-ad39-80c4c73dd84b@group-EE6C16B6C358, cid=1779, SUCCESS, logIndex=2578, commits[63cacea9-0392-4939-ad39-80c4c73dd84b:c2579, bd7b7fea-2a7b-4c3f-852f-c014e42bfcb7:c2575, 3b4aa678-22a6-4ae2-9c6a-0e71cdb9d6d0:c2575]
2019-07-10 03:37:29,925 INFO  client.GrpcClientProtocolClient (GrpcClientProtocolClient.java:onNext(255)) - client-8BD909272E8D->63cacea9-0392-4939-ad39-80c4c73dd84b: receive RaftClientReply:client-8BD909272E8D->63cacea9-0392-4939-ad39-80c4c73dd84b@group-EE6C16B6C358, cid=1780, SUCCESS, logIndex=2579, commits[63cacea9-0392-4939-ad39-80c4c73dd84b:c2579, bd7b7fea-2a7b-4c3f-852f-c014e42bfcb7:c2575, 3b4aa678-22a6-4ae2-9c6a-0e71cdb9d6d0:c2575]
2019-07-10 03:37:29,926 INFO  client.GrpcClientProtocolClient (GrpcClientProtocolClient.java:onNext(255)) - client-8BD909272E8D->63cacea9-0392-4939-ad39-80c4c73dd84b: receive RaftClientReply:client-8BD909272E8D->63cacea9-0392-4939-ad39-80c4c73dd84b@group-EE6C16B6C358, cid=1781, SUCCESS, logIndex=0, commits[63cacea9-0392-4939-ad39-80c4c73dd84b:c2583, bd7b7fea-2a7b-4c3f-852f-c014e42bfcb7:c2577, 3b4aa678-22a6-4ae2-9c6a-0e71cdb9d6d0:c2579]
2019-07-10 03:37:29,952 INFO  client.GrpcClientProtocolClient (GrpcClientProtocolClient.java:onNext(255)) - client-8BD909272E8D->63cacea9-0392-4939-ad39-80c4c73dd84b: receive RaftClientReply:client-8BD909272E8D->63cacea9-0392-4939-ad39-80c4c73dd84b@group-EE6C16B6C358, cid=1782, SUCCESS, logIndex=2584, commits[63cacea9-0392-4939-ad39-80c4c73dd84b:c2585, bd7b7fea-2a7b-4c3f-852f-c014e42bfcb7:c2583, 3b4aa678-22a6-4ae2-9c6a-0e71cdb9d6d0:c2583]
2019-07-10 03:37:29,952 INFO  client.GrpcClientProtocolClient (GrpcClientProtocolClient.java:onNext(255)) - client-8BD909272E8D->63cacea9-0392-4939-ad39-80c4c73dd84b: receive RaftClientReply:client-8BD909272E8D->63cacea9-0392-4939-ad39-80c4c73dd84b@group-EE6C16B6C358, cid=1783, SUCCESS, logIndex=2585, commits[63cacea9-0392-4939-ad39-80c4c73dd84b:c2585, bd7b7fea-2a7b-4c3f-852f-c014e42bfcb7:c2583, 3b4aa678-22a6-4ae2-9c6a-0e71cdb9d6d0:c2583]
2019-07-10 03:37:29,965 INFO  client.GrpcClientProtocolClient (GrpcClientProtocolClient.java:onNext(255)) - client-8BD909272E8D->63cacea9-0392-4939-ad39-80c4c73dd84b: receive RaftClientReply:client-8BD909272E8D->63cacea9-0392-4939-ad39-80c4c73dd84b@group-EE6C16B6C358, cid=1784, SUCCESS, logIndex=2588, commits[63cacea9-0392-4939-ad39-80c4c73dd84b:c2589, bd7b7fea-2a7b-4c3f-852f-c014e42bfcb7:c2585, 3b4aa678-22a6-4ae2-9c6a-0e71cdb9d6d0:c2585]
2019-07-10 03:37:29,965 INFO  client.GrpcClientProtocolClient (GrpcClientProtocolClient.java:onNext(255)) - client-8BD909272E8D->63cacea9-0392-4939-ad39-80c4c73dd84b: receive RaftClientReply:client-8BD909272E8D->63cacea9-0392-4939-ad39-80c4c73dd84b@group-EE6C16B6C358, cid=1785, SUCCESS, logIndex=2589, commits[63cacea9-0392-4939-ad39-80c4c73dd84b:c2589, bd7b7fea-2a7b-4c3f-852f-c014e42bfcb7:c2585, 3b4aa678-22a6-4ae2-9c6a-0e71cdb9d6d0:c2585]
2019-07-10 03:37:29,966 INFO  client.GrpcClientProtocolClient (GrpcClientProtocolClient.java:onNext(255)) - client-8BD909272E8D->63cacea9-0392-4939-ad39-80c4c73dd84b: receive RaftClientReply:client-8BD909272E8D->63cacea9-0392-4939-ad39-80c4c73dd84b@group-EE6C16B6C358, cid=1786, SUCCESS, logIndex=0, commits[63cacea9-0392-4939-ad39-80c4c73dd84b:c2590, bd7b7fea-2a7b-4c3f-852f-c014e42bfcb7:c2589, 3b4aa678-22a6-4ae2-9c6a-0e71cdb9d6d0:c2589]
2019-07-10 03:37:29,995 INFO  client.GrpcClientProtocolClient (GrpcClientProtocolClient.java:onNext(255)) - client-8BD909272E8D->63cacea9-0392-4939-ad39-80c4c73dd84b: receive RaftClientReply:client-8BD909272E8D->63cacea9-0392-4939-ad39-80c4c73dd84b@group-EE6C16B6C358, cid=1787, SUCCESS, logIndex=2591, commits[63cacea9-0392-4939-ad39-80c4c73dd84b:c2592, bd7b7fea-2a7b-4c3f-852f-c014e42bfcb7:c2590, 3b4aa678-22a6-4ae2-9c6a-0e71cdb9d6d0:c2590]
2019-07-10 03:37:29,996 INFO  client.GrpcClientProtocolClient (GrpcClientProtocolClient.java:onNext(255)) - client-8BD909272E8D->63cacea9-0392-4939-ad39-80c4c73dd84b: receive RaftClientReply:client-8BD909272E8D->63cacea9-0392-4939-ad39-80c4c73dd84b@group-EE6C16B6C358, cid=1788, SUCCESS, logIndex=2592, commits[63cacea9-0392-4939-ad39-80c4c73dd84b:c2594, bd7b7fea-2a7b-4c3f-852f-c014e42bfcb7:c2590, 3b4aa678-22a6-4ae2-9c6a-0e71cdb9d6d0:c2590]
2019-07-10 03:37:29,996 INFO  client.GrpcClientProtocolClient (GrpcClientProtocolClient.java:onNext(255)) - client-8BD909272E8D->63cacea9-0392-4939-ad39-80c4c73dd84b: receive RaftClientReply:client-8BD909272E8D->63cacea9-0392-4939-ad39-80c4c73dd84b@group-EE6C16B6C358, cid=1789, SUCCESS, logIndex=2593, commits[63cacea9-0392-4939-ad39-80c4c73dd84b:c2594, bd7b7fea-2a7b-4c3f-852f-c014e42bfcb7:c2590, 3b4aa678-22a6-4ae2-9c6a-0e71cdb9d6d0:c2590]
2019-07-10 03:37:29,997 INFO  client.GrpcClientProtocolClient (GrpcClientProtocolClient.java:onNext(255)) - client-8BD909272E8D->63cacea9-0392-4939-ad39-80c4c73dd84b: receive RaftClientReply:client-8BD909272E8D->63cacea9-0392-4939-ad39-80c4c73dd84b@group-EE6C16B6C358, cid=1790, SUCCESS, logIndex=2594, commits[63cacea9-0392-4939-ad39-80c4c73dd84b:c2594, bd7b7fea-2a7b-4c3f-852f-c014e42bfcb7:c2590, 3b4aa678-22a6-4ae2-9c6a-0e71cdb9d6d0:c2590]
2019-07-10 03:37:29,998 INFO  client.GrpcClientProtocolClient (GrpcClientProtocolClient.java:onNext(255)) - client-8BD909272E8D->63cacea9-0392-4939-ad39-80c4c73dd84b: receive RaftClientReply:client-8BD909272E8D->63cacea9-0392-4939-ad39-80c4c73dd84b@group-EE6C16B6C358, cid=1791, SUCCESS, logIndex=0, commits[63cacea9-0392-4939-ad39-80c4c73dd84b:c2596, bd7b7fea-2a7b-4c3f-852f-c014e42bfcb7:c2592, 3b4aa678-22a6-4ae2-9c6a-0e71cdb9d6d0:c2592]
2019-07-10 03:37:30,018 INFO  client.GrpcClientProtocolClient (GrpcClientProtocolClient.java:onNext(255)) - client-8BD909272E8D->63cacea9-0392-4939-ad39-80c4c73dd84b: receive RaftClientReply:client-8BD909272E8D->63cacea9-0392-4939-ad39-80c4c73dd84b@group-EE6C16B6C358, cid=1792, SUCCESS, logIndex=2599, commits[63cacea9-0392-4939-ad39-80c4c73dd84b:c2600, bd7b7fea-2a7b-4c3f-852f-c014e42bfcb7:c2598, 3b4aa678-22a6-4ae2-9c6a-0e71cdb9d6d0:c2598]
2019-07-10 03:37:30,018 INFO  client.GrpcClientProtocolClient (GrpcClientProtocolClient.java:onNext(255)) - client-8BD909272E8D->63cacea9-0392-4939-ad39-80c4c73dd84b: receive RaftClientReply:client-8BD909272E8D->63cacea9-0392-4939-ad39-80c4c73dd84b@group-EE6C16B6C358, cid=1793, SUCCESS, logIndex=2600, commits[63cacea9-0392-4939-ad39-80c4c73dd84b:c2600, bd7b7fea-2a7b-4c3f-852f-c014e42bfcb7:c2598, 3b4aa678-22a6-4ae2-9c6a-0e71cdb9d6d0:c2598]
2019-07-10 03:37:30,032 INFO  client.GrpcClientProtocolClient (GrpcClientProtocolClient.java:onNext(255)) - client-8BD909272E8D->63cacea9-0392-4939-ad39-80c4c73dd84b: receive RaftClientReply:client-8BD909272E8D->63cacea9-0392-4939-ad39-80c4c73dd84b@group-EE6C16B6C358, cid=1794, SUCCESS, logIndex=2603, commits[63cacea9-0392-4939-ad39-80c4c73dd84b:c2604, bd7b7fea-2a7b-4c3f-852f-c014e42bfcb7:c2600, 3b4aa678-22a6-4ae2-9c6a-0e71cdb9d6d0:c2600]
2019-07-10 03:37:30,032 INFO  client.GrpcClientProtocolClient (GrpcClientProtocolClient.java:onNext(255)) - client-8BD909272E8D->63cacea9-0392-4939-ad39-80c4c73dd84b: receive RaftClientReply:client-8BD909272E8D->63cacea9-0392-4939-ad39-80c4c73dd84b@group-EE6C16B6C358, cid=1795, SUCCESS, logIndex=2604, commits[63cacea9-0392-4939-ad39-80c4c73dd84b:c2604, bd7b7fea-2a7b-4c3f-852f-c014e42bfcb7:c2600, 3b4aa678-22a6-4ae2-9c6a-0e71cdb9d6d0:c2600]
2019-07-10 03:37:30,046 INFO  client.GrpcClientProtocolClient (GrpcClientProtocolClient.java:onNext(255)) - client-8BD909272E8D->63cacea9-0392-4939-ad39-80c4c73dd84b: receive RaftClientReply:client-8BD909272E8D->63cacea9-0392-4939-ad39-80c4c73dd84b@group-EE6C16B6C358, cid=1796, SUCCESS, logIndex=0, commits[63cacea9-0392-4939-ad39-80c4c73dd84b:c2606, bd7b7fea-2a7b-4c3f-852f-c014e42bfcb7:c2604, 3b4aa678-22a6-4ae2-9c6a-0e71cdb9d6d0:c2604]
2019-07-10 03:37:30,074 INFO  client.GrpcClientProtocolClient (GrpcClientProtocolClient.java:onNext(255)) - client-8BD909272E8D->63cacea9-0392-4939-ad39-80c4c73dd84b: receive RaftClientReply:client-8BD909272E8D->63cacea9-0392-4939-ad39-80c4c73dd84b@group-EE6C16B6C358, cid=1797, SUCCESS, logIndex=2607, commits[63cacea9-0392-4939-ad39-80c4c73dd84b:c2608, bd7b7fea-2a7b-4c3f-852f-c014e42bfcb7:c2606, 3b4aa678-22a6-4ae2-9c6a-0e71cdb9d6d0:c2606]
2019-07-10 03:37:30,074 INFO  client.GrpcClientProtocolClient (GrpcClientProtocolClient.java:onNext(255)) - client-8BD909272E8D->63cacea9-0392-4939-ad39-80c4c73dd84b: receive RaftClientReply:client-8BD909272E8D->63cacea9-0392-4939-ad39-80c4c73dd84b@group-EE6C16B6C358, cid=1798, SUCCESS, logIndex=2608, commits[63cacea9-0392-4939-ad39-80c4c73dd84b:c2608, bd7b7fea-2a7b-4c3f-852f-c014e42bfcb7:c2606, 3b4aa678-22a6-4ae2-9c6a-0e71cdb9d6d0:c2606]
2019-07-10 03:37:30,075 INFO  client.GrpcClientProtocolClient (GrpcClientProtocolClient.java:onNext(255)) - client-8BD909272E8D->63cacea9-0392-4939-ad39-80c4c73dd84b: receive RaftClientReply:client-8BD909272E8D->63cacea9-0392-4939-ad39-80c4c73dd84b@group-EE6C16B6C358, cid=1799, SUCCESS, logIndex=2609, commits[63cacea9-0392-4939-ad39-80c4c73dd84b:c2610, bd7b7fea-2a7b-4c3f-852f-c014e42bfcb7:c2606, 3b4aa678-22a6-4ae2-9c6a-0e71cdb9d6d0:c2606]
2019-07-10 03:37:30,076 INFO  client.GrpcClientProtocolClient (GrpcClientProtocolClient.java:onNext(255)) - client-8BD909272E8D->63cacea9-0392-4939-ad39-80c4c73dd84b: receive RaftClientReply:client-8BD909272E8D->63cacea9-0392-4939-ad39-80c4c73dd84b@group-EE6C16B6C358, cid=1800, SUCCESS, logIndex=2610, commits[63cacea9-0392-4939-ad39-80c4c73dd84b:c2610, bd7b7fea-2a7b-4c3f-852f-c014e42bfcb7:c2606, 3b4aa678-22a6-4ae2-9c6a-0e71cdb9d6d0:c2606]
2019-07-10 03:37:30,078 INFO  client.GrpcClientProtocolClient (GrpcClientProtocolClient.java:onNext(255)) - client-8BD909272E8D->63cacea9-0392-4939-ad39-80c4c73dd84b: receive RaftClientReply:client-8BD909272E8D->63cacea9-0392-4939-ad39-80c4c73dd84b@group-EE6C16B6C358, cid=1801, SUCCESS, logIndex=0, commits[63cacea9-0392-4939-ad39-80c4c73dd84b:c2612, bd7b7fea-2a7b-4c3f-852f-c014e42bfcb7:c2608, 3b4aa678-22a6-4ae2-9c6a-0e71cdb9d6d0:c2608]
2019-07-10 03:37:30,097 INFO  client.GrpcClientProtocolClient (GrpcClientProtocolClient.java:onNext(255)) - client-8BD909272E8D->63cacea9-0392-4939-ad39-80c4c73dd84b: receive RaftClientReply:client-8BD909272E8D->63cacea9-0392-4939-ad39-80c4c73dd84b@group-EE6C16B6C358, cid=1802, SUCCESS, logIndex=2615, commits[63cacea9-0392-4939-ad39-80c4c73dd84b:c2616, bd7b7fea-2a7b-4c3f-852f-c014e42bfcb7:c2614, 3b4aa678-22a6-4ae2-9c6a-0e71cdb9d6d0:c2614]
2019-07-10 03:37:30,097 INFO  client.GrpcClientProtocolClient (GrpcClientProtocolClient.java:onNext(255)) - client-8BD909272E8D->63cacea9-0392-4939-ad39-80c4c73dd84b: receive RaftClientReply:client-8BD909272E8D->63cacea9-0392-4939-ad39-80c4c73dd84b@group-EE6C16B6C358, cid=1803, SUCCESS, logIndex=2616, commits[63cacea9-0392-4939-ad39-80c4c73dd84b:c2616, bd7b7fea-2a7b-4c3f-852f-c014e42bfcb7:c2614, 3b4aa678-22a6-4ae2-9c6a-0e71cdb9d6d0:c2614]
2019-07-10 03:37:30,110 INFO  client.GrpcClientProtocolClient (GrpcClientProtocolClient.java:onNext(255)) - client-8BD909272E8D->63cacea9-0392-4939-ad39-80c4c73dd84b: receive RaftClientReply:client-8BD909272E8D->63cacea9-0392-4939-ad39-80c4c73dd84b@group-EE6C16B6C358, cid=1804, SUCCESS, logIndex=2619, commits[63cacea9-0392-4939-ad39-80c4c73dd84b:c2620, bd7b7fea-2a7b-4c3f-852f-c014e42bfcb7:c2616, 3b4aa678-22a6-4ae2-9c6a-0e71cdb9d6d0:c2616]
2019-07-10 03:37:30,110 INFO  client.GrpcClientProtocolClient (GrpcClientProtocolClient.java:onNext(255)) - client-8BD909272E8D->63cacea9-0392-4939-ad39-80c4c73dd84b: receive RaftClientReply:client-8BD909272E8D->63cacea9-0392-4939-ad39-80c4c73dd84b@group-EE6C16B6C358, cid=1805, SUCCESS, logIndex=2620, commits[63cacea9-0392-4939-ad39-80c4c73dd84b:c2620, bd7b7fea-2a7b-4c3f-852f-c014e42bfcb7:c2616, 3b4aa678-22a6-4ae2-9c6a-0e71cdb9d6d0:c2616]
2019-07-10 03:37:30,122 INFO  client.GrpcClientProtocolClient (GrpcClientProtocolClient.java:onNext(255)) - client-8BD909272E8D->63cacea9-0392-4939-ad39-80c4c73dd84b: receive RaftClientReply:client-8BD909272E8D->63cacea9-0392-4939-ad39-80c4c73dd84b@group-EE6C16B6C358, cid=1806, SUCCESS, logIndex=0, commits[63cacea9-0392-4939-ad39-80c4c73dd84b:c2622, bd7b7fea-2a7b-4c3f-852f-c014e42bfcb7:c2620, 3b4aa678-22a6-4ae2-9c6a-0e71cdb9d6d0:c2620]
2019-07-10 03:37:30,246 INFO  client.GrpcClientProtocolClient (GrpcClientProtocolClient.java:onNext(255)) - client-8BD909272E8D->63cacea9-0392-4939-ad39-80c4c73dd84b: receive RaftClientReply:client-8BD909272E8D->63cacea9-0392-4939-ad39-80c4c73dd84b@group-EE6C16B6C358, cid=1807, SUCCESS, logIndex=2623, commits[63cacea9-0392-4939-ad39-80c4c73dd84b:c2624, bd7b7fea-2a7b-4c3f-852f-c014e42bfcb7:c2622, 3b4aa678-22a6-4ae2-9c6a-0e71cdb9d6d0:c2622]
2019-07-10 03:37:30,247 INFO  client.GrpcClientProtocolClient (GrpcClientProtocolClient.java:onNext(255)) - client-8BD909272E8D->63cacea9-0392-4939-ad39-80c4c73dd84b: receive RaftClientReply:client-8BD909272E8D->63cacea9-0392-4939-ad39-80c4c73dd84b@group-EE6C16B6C358, cid=1808, SUCCESS, logIndex=2624, commits[63cacea9-0392-4939-ad39-80c4c73dd84b:c2626, bd7b7fea-2a7b-4c3f-852f-c014e42bfcb7:c2622, 3b4aa678-22a6-4ae2-9c6a-0e71cdb9d6d0:c2622]
2019-07-10 03:37:30,247 INFO  client.GrpcClientProtocolClient (GrpcClientProtocolClient.java:onNext(255)) - client-8BD909272E8D->63cacea9-0392-4939-ad39-80c4c73dd84b: receive RaftClientReply:client-8BD909272E8D->63cacea9-0392-4939-ad39-80c4c73dd84b@group-EE6C16B6C358, cid=1809, SUCCESS, logIndex=2625, commits[63cacea9-0392-4939-ad39-80c4c73dd84b:c2626, bd7b7fea-2a7b-4c3f-852f-c014e42bfcb7:c2622, 3b4aa678-22a6-4ae2-9c6a-0e71cdb9d6d0:c2622]
2019-07-10 03:37:30,248 INFO  client.GrpcClientProtocolClient (GrpcClientProtocolClient.java:onNext(255)) - client-8BD909272E8D->63cacea9-0392-4939-ad39-80c4c73dd84b: receive RaftClientReply:client-8BD909272E8D->63cacea9-0392-4939-ad39-80c4c73dd84b@group-EE6C16B6C358, cid=1810, SUCCESS, logIndex=2626, commits[63cacea9-0392-4939-ad39-80c4c73dd84b:c2626, bd7b7fea-2a7b-4c3f-852f-c014e42bfcb7:c2622, 3b4aa678-22a6-4ae2-9c6a-0e71cdb9d6d0:c2622]
2019-07-10 03:37:30,249 INFO  client.GrpcClientProtocolClient (GrpcClientProtocolClient.java:onNext(255)) - client-8BD909272E8D->63cacea9-0392-4939-ad39-80c4c73dd84b: receive RaftClientReply:client-8BD909272E8D->63cacea9-0392-4939-ad39-80c4c73dd84b@group-EE6C16B6C358, cid=1811, SUCCESS, logIndex=0, commits[63cacea9-0392-4939-ad39-80c4c73dd84b:c2628, bd7b7fea-2a7b-4c3f-852f-c014e42bfcb7:c2624, 3b4aa678-22a6-4ae2-9c6a-0e71cdb9d6d0:c2624]
2019-07-10 03:37:30,272 INFO  client.GrpcClientProtocolClient (GrpcClientProtocolClient.java:onNext(255)) - client-8BD909272E8D->63cacea9-0392-4939-ad39-80c4c73dd84b: receive RaftClientReply:client-8BD909272E8D->63cacea9-0392-4939-ad39-80c4c73dd84b@group-EE6C16B6C358, cid=1812, SUCCESS, logIndex=2631, commits[63cacea9-0392-4939-ad39-80c4c73dd84b:c2632, bd7b7fea-2a7b-4c3f-852f-c014e42bfcb7:c2630, 3b4aa678-22a6-4ae2-9c6a-0e71cdb9d6d0:c2630]
2019-07-10 03:37:30,273 INFO  client.GrpcClientProtocolClient (GrpcClientProtocolClient.java:onNext(255)) - client-8BD909272E8D->63cacea9-0392-4939-ad39-80c4c73dd84b: receive RaftClientReply:client-8BD909272E8D->63cacea9-0392-4939-ad39-80c4c73dd84b@group-EE6C16B6C358, cid=1813, SUCCESS, logIndex=2632, commits[63cacea9-0392-4939-ad39-80c4c73dd84b:c2632, bd7b7fea-2a7b-4c3f-852f-c014e42bfcb7:c2630, 3b4aa678-22a6-4ae2-9c6a-0e71cdb9d6d0:c2630]
2019-07-10 03:37:30,297 INFO  client.GrpcClientProtocolClient (GrpcClientProtocolClient.java:onNext(255)) - client-8BD909272E8D->63cacea9-0392-4939-ad39-80c4c73dd84b: receive RaftClientReply:client-8BD909272E8D->63cacea9-0392-4939-ad39-80c4c73dd84b@group-EE6C16B6C358, cid=1814, SUCCESS, logIndex=2635, commits[63cacea9-0392-4939-ad39-80c4c73dd84b:c2636, bd7b7fea-2a7b-4c3f-852f-c014e42bfcb7:c2632, 3b4aa678-22a6-4ae2-9c6a-0e71cdb9d6d0:c2632]
2019-07-10 03:37:30,297 INFO  client.GrpcClientProtocolClient (GrpcClientProtocolClient.java:onNext(255)) - client-8BD909272E8D->63cacea9-0392-4939-ad39-80c4c73dd84b: receive RaftClientReply:client-8BD909272E8D->63cacea9-0392-4939-ad39-80c4c73dd84b@group-EE6C16B6C358, cid=1815, SUCCESS, logIndex=2636, commits[63cacea9-0392-4939-ad39-80c4c73dd84b:c2636, bd7b7fea-2a7b-4c3f-852f-c014e42bfcb7:c2632, 3b4aa678-22a6-4ae2-9c6a-0e71cdb9d6d0:c2632]
2019-07-10 03:37:30,299 INFO  client.GrpcClientProtocolClient (GrpcClientProtocolClient.java:onNext(255)) - client-8BD909272E8D->63cacea9-0392-4939-ad39-80c4c73dd84b: receive RaftClientReply:client-8BD909272E8D->63cacea9-0392-4939-ad39-80c4c73dd84b@group-EE6C16B6C358, cid=1816, SUCCESS, logIndex=0, commits[63cacea9-0392-4939-ad39-80c4c73dd84b:c2637, bd7b7fea-2a7b-4c3f-852f-c014e42bfcb7:c2636, 3b4aa678-22a6-4ae2-9c6a-0e71cdb9d6d0:c2636]
2019-07-10 03:37:30,333 INFO  client.GrpcClientProtocolClient (GrpcClientProtocolClient.java:onNext(255)) - client-8BD909272E8D->63cacea9-0392-4939-ad39-80c4c73dd84b: receive RaftClientReply:client-8BD909272E8D->63cacea9-0392-4939-ad39-80c4c73dd84b@group-EE6C16B6C358, cid=1817, SUCCESS, logIndex=2639, commits[63cacea9-0392-4939-ad39-80c4c73dd84b:c2641, bd7b7fea-2a7b-4c3f-852f-c014e42bfcb7:c2638, 3b4aa678-22a6-4ae2-9c6a-0e71cdb9d6d0:c2638]
2019-07-10 03:37:30,334 INFO  client.GrpcClientProtocolClient (GrpcClientProtocolClient.java:onNext(255)) - client-8BD909272E8D->63cacea9-0392-4939-ad39-80c4c73dd84b: receive RaftClientReply:client-8BD909272E8D->63cacea9-0392-4939-ad39-80c4c73dd84b@group-EE6C16B6C358, cid=1818, SUCCESS, logIndex=2640, commits[63cacea9-0392-4939-ad39-80c4c73dd84b:c2642, bd7b7fea-2a7b-4c3f-852f-c014e42bfcb7:c2638, 3b4aa678-22a6-4ae2-9c6a-0e71cdb9d6d0:c2638]
2019-07-10 03:37:30,334 INFO  client.GrpcClientProtocolClient (GrpcClientProtocolClient.java:onNext(255)) - client-8BD909272E8D->63cacea9-0392-4939-ad39-80c4c73dd84b: receive RaftClientReply:client-8BD909272E8D->63cacea9-0392-4939-ad39-80c4c73dd84b@group-EE6C16B6C358, cid=1819, SUCCESS, logIndex=2641, commits[63cacea9-0392-4939-ad39-80c4c73dd84b:c2642, bd7b7fea-2a7b-4c3f-852f-c014e42bfcb7:c2638, 3b4aa678-22a6-4ae2-9c6a-0e71cdb9d6d0:c2638]
2019-07-10 03:37:30,334 INFO  client.GrpcClientProtocolClient (GrpcClientProtocolClient.java:onNext(255)) - client-8BD909272E8D->63cacea9-0392-4939-ad39-80c4c73dd84b: receive RaftClientReply:client-8BD909272E8D->63cacea9-0392-4939-ad39-80c4c73dd84b@group-EE6C16B6C358, cid=1820, SUCCESS, logIndex=2642, commits[63cacea9-0392-4939-ad39-80c4c73dd84b:c2642, bd7b7fea-2a7b-4c3f-852f-c014e42bfcb7:c2638, 3b4aa678-22a6-4ae2-9c6a-0e71cdb9d6d0:c2638]
2019-07-10 03:37:30,345 INFO  client.GrpcClientProtocolClient (GrpcClientProtocolClient.java:onNext(255)) - client-8BD909272E8D->63cacea9-0392-4939-ad39-80c4c73dd84b: receive RaftClientReply:client-8BD909272E8D->63cacea9-0392-4939-ad39-80c4c73dd84b@group-EE6C16B6C358, cid=1821, SUCCESS, logIndex=0, commits[63cacea9-0392-4939-ad39-80c4c73dd84b:c2644, bd7b7fea-2a7b-4c3f-852f-c014e42bfcb7:c2640, 3b4aa678-22a6-4ae2-9c6a-0e71cdb9d6d0:c2640]
2019-07-10 03:37:30,366 INFO  client.GrpcClientProtocolClient (GrpcClientProtocolClient.java:onNext(255)) - client-8BD909272E8D->63cacea9-0392-4939-ad39-80c4c73dd84b: receive RaftClientReply:client-8BD909272E8D->63cacea9-0392-4939-ad39-80c4c73dd84b@group-EE6C16B6C358, cid=1822, SUCCESS, logIndex=2647, commits[63cacea9-0392-4939-ad39-80c4c73dd84b:c2648, bd7b7fea-2a7b-4c3f-852f-c014e42bfcb7:c2646, 3b4aa678-22a6-4ae2-9c6a-0e71cdb9d6d0:c2646]
2019-07-10 03:37:30,366 INFO  client.GrpcClientProtocolClient (GrpcClientProtocolClient.java:onNext(255)) - client-8BD909272E8D->63cacea9-0392-4939-ad39-80c4c73dd84b: receive RaftClientReply:client-8BD909272E8D->63cacea9-0392-4939-ad39-80c4c73dd84b@group-EE6C16B6C358, cid=1823, SUCCESS, logIndex=2648, commits[63cacea9-0392-4939-ad39-80c4c73dd84b:c2648, bd7b7fea-2a7b-4c3f-852f-c014e42bfcb7:c2646, 3b4aa678-22a6-4ae2-9c6a-0e71cdb9d6d0:c2646]
2019-07-10 03:37:30,390 INFO  client.GrpcClientProtocolClient (GrpcClientProtocolClient.java:onNext(255)) - client-8BD909272E8D->63cacea9-0392-4939-ad39-80c4c73dd84b: receive RaftClientReply:client-8BD909272E8D->63cacea9-0392-4939-ad39-80c4c73dd84b@group-EE6C16B6C358, cid=1824, SUCCESS, logIndex=2651, commits[63cacea9-0392-4939-ad39-80c4c73dd84b:c2651, bd7b7fea-2a7b-4c3f-852f-c014e42bfcb7:c2648, 3b4aa678-22a6-4ae2-9c6a-0e71cdb9d6d0:c2647]
2019-07-10 03:37:30,390 INFO  client.GrpcClientProtocolClient (GrpcClientProtocolClient.java:onNext(255)) - client-8BD909272E8D->63cacea9-0392-4939-ad39-80c4c73dd84b: receive RaftClientReply:client-8BD909272E8D->63cacea9-0392-4939-ad39-80c4c73dd84b@group-EE6C16B6C358, cid=1825, SUCCESS, logIndex=2652, commits[63cacea9-0392-4939-ad39-80c4c73dd84b:c2652, bd7b7fea-2a7b-4c3f-852f-c014e42bfcb7:c2648, 3b4aa678-22a6-4ae2-9c6a-0e71cdb9d6d0:c2648]
2019-07-10 03:37:30,392 INFO  client.GrpcClientProtocolClient (GrpcClientProtocolClient.java:onNext(255)) - client-8BD909272E8D->63cacea9-0392-4939-ad39-80c4c73dd84b: receive RaftClientReply:client-8BD909272E8D->63cacea9-0392-4939-ad39-80c4c73dd84b@group-EE6C16B6C358, cid=1826, SUCCESS, logIndex=0, commits[63cacea9-0392-4939-ad39-80c4c73dd84b:c2654, bd7b7fea-2a7b-4c3f-852f-c014e42bfcb7:c2652, 3b4aa678-22a6-4ae2-9c6a-0e71cdb9d6d0:c2652]
2019-07-10 03:37:30,421 INFO  client.GrpcClientProtocolClient (GrpcClientProtocolClient.java:onNext(255)) - client-8BD909272E8D->63cacea9-0392-4939-ad39-80c4c73dd84b: receive RaftClientReply:client-8BD909272E8D->63cacea9-0392-4939-ad39-80c4c73dd84b@group-EE6C16B6C358, cid=1827, SUCCESS, logIndex=2655, commits[63cacea9-0392-4939-ad39-80c4c73dd84b:c2656, bd7b7fea-2a7b-4c3f-852f-c014e42bfcb7:c2654, 3b4aa678-22a6-4ae2-9c6a-0e71cdb9d6d0:c2654]
2019-07-10 03:37:30,422 INFO  client.GrpcClientProtocolClient (GrpcClientProtocolClient.java:onNext(255)) - client-8BD909272E8D->63cacea9-0392-4939-ad39-80c4c73dd84b: receive RaftClientReply:client-8BD909272E8D->63cacea9-0392-4939-ad39-80c4c73dd84b@group-EE6C16B6C358, cid=1828, SUCCESS, logIndex=2656, commits[63cacea9-0392-4939-ad39-80c4c73dd84b:c2656, bd7b7fea-2a7b-4c3f-852f-c014e42bfcb7:c2654, 3b4aa678-22a6-4ae2-9c6a-0e71cdb9d6d0:c2654]
2019-07-10 03:37:30,422 INFO  client.GrpcClientProtocolClient (GrpcClientProtocolClient.java:onNext(255)) - client-8BD909272E8D->63cacea9-0392-4939-ad39-80c4c73dd84b: receive RaftClientReply:client-8BD909272E8D->63cacea9-0392-4939-ad39-80c4c73dd84b@group-EE6C16B6C358, cid=1829, SUCCESS, logIndex=2657, commits[63cacea9-0392-4939-ad39-80c4c73dd84b:c2658, bd7b7fea-2a7b-4c3f-852f-c014e42bfcb7:c2654, 3b4aa678-22a6-4ae2-9c6a-0e71cdb9d6d0:c2654]
2019-07-10 03:37:30,423 INFO  client.GrpcClientProtocolClient (GrpcClientProtocolClient.java:onNext(255)) - client-8BD909272E8D->63cacea9-0392-4939-ad39-80c4c73dd84b: receive RaftClientReply:client-8BD909272E8D->63cacea9-0392-4939-ad39-80c4c73dd84b@group-EE6C16B6C358, cid=1830, SUCCESS, logIndex=2658, commits[63cacea9-0392-4939-ad39-80c4c73dd84b:c2658, bd7b7fea-2a7b-4c3f-852f-c014e42bfcb7:c2654, 3b4aa678-22a6-4ae2-9c6a-0e71cdb9d6d0:c2654]
2019-07-10 03:37:30,425 INFO  client.GrpcClientProtocolClient (GrpcClientProtocolClient.java:onNext(255)) - client-8BD909272E8D->63cacea9-0392-4939-ad39-80c4c73dd84b: receive RaftClientReply:client-8BD909272E8D->63cacea9-0392-4939-ad39-80c4c73dd84b@group-EE6C16B6C358, cid=1831, SUCCESS, logIndex=0, commits[63cacea9-0392-4939-ad39-80c4c73dd84b:c2660, bd7b7fea-2a7b-4c3f-852f-c014e42bfcb7:c2656, 3b4aa678-22a6-4ae2-9c6a-0e71cdb9d6d0:c2656]
2019-07-10 03:37:30,446 INFO  client.GrpcClientProtocolClient (GrpcClientProtocolClient.java:onNext(255)) - client-8BD909272E8D->63cacea9-0392-4939-ad39-80c4c73dd84b: receive RaftClientReply:client-8BD909272E8D->63cacea9-0392-4939-ad39-80c4c73dd84b@group-EE6C16B6C358, cid=1832, SUCCESS, logIndex=2663, commits[63cacea9-0392-4939-ad39-80c4c73dd84b:c2664, bd7b7fea-2a7b-4c3f-852f-c014e42bfcb7:c2662, 3b4aa678-22a6-4ae2-9c6a-0e71cdb9d6d0:c2662]
2019-07-10 03:37:30,446 INFO  client.GrpcClientProtocolClient (GrpcClientProtocolClient.java:onNext(255)) - client-8BD909272E8D->63cacea9-0392-4939-ad39-80c4c73dd84b: receive RaftClientReply:client-8BD909272E8D->63cacea9-0392-4939-ad39-80c4c73dd84b@group-EE6C16B6C358, cid=1833, SUCCESS, logIndex=2664, commits[63cacea9-0392-4939-ad39-80c4c73dd84b:c2664, bd7b7fea-2a7b-4c3f-852f-c014e42bfcb7:c2662, 3b4aa678-22a6-4ae2-9c6a-0e71cdb9d6d0:c2662]
2019-07-10 03:37:30,473 INFO  client.GrpcClientProtocolClient (GrpcClientProtocolClient.java:onNext(255)) - client-8BD909272E8D->63cacea9-0392-4939-ad39-80c4c73dd84b: receive RaftClientReply:client-8BD909272E8D->63cacea9-0392-4939-ad39-80c4c73dd84b@group-EE6C16B6C358, cid=1834, SUCCESS, logIndex=2667, commits[63cacea9-0392-4939-ad39-80c4c73dd84b:c2668, bd7b7fea-2a7b-4c3f-852f-c014e42bfcb7:c2664, 3b4aa678-22a6-4ae2-9c6a-0e71cdb9d6d0:c2664]
2019-07-10 03:37:30,473 INFO  client.GrpcClientProtocolClient (GrpcClientProtocolClient.java:onNext(255)) - client-8BD909272E8D->63cacea9-0392-4939-ad39-80c4c73dd84b: receive RaftClientReply:client-8BD909272E8D->63cacea9-0392-4939-ad39-80c4c73dd84b@group-EE6C16B6C358, cid=1835, SUCCESS, logIndex=2668, commits[63cacea9-0392-4939-ad39-80c4c73dd84b:c2668, bd7b7fea-2a7b-4c3f-852f-c014e42bfcb7:c2664, 3b4aa678-22a6-4ae2-9c6a-0e71cdb9d6d0:c2664]
2019-07-10 03:37:30,484 INFO  client.GrpcClientProtocolClient (GrpcClientProtocolClient.java:onNext(255)) - client-8BD909272E8D->63cacea9-0392-4939-ad39-80c4c73dd84b: receive RaftClientReply:client-8BD909272E8D->63cacea9-0392-4939-ad39-80c4c73dd84b@group-EE6C16B6C358, cid=1836, SUCCESS, logIndex=0, commits[63cacea9-0392-4939-ad39-80c4c73dd84b:c2669, bd7b7fea-2a7b-4c3f-852f-c014e42bfcb7:c2668, 3b4aa678-22a6-4ae2-9c6a-0e71cdb9d6d0:c2668]
2019-07-10 03:37:30,513 INFO  client.GrpcClientProtocolClient (GrpcClientProtocolClient.java:onNext(255)) - client-8BD909272E8D->63cacea9-0392-4939-ad39-80c4c73dd84b: receive RaftClientReply:client-8BD909272E8D->63cacea9-0392-4939-ad39-80c4c73dd84b@group-EE6C16B6C358, cid=1837, SUCCESS, logIndex=2671, commits[63cacea9-0392-4939-ad39-80c4c73dd84b:c2672, bd7b7fea-2a7b-4c3f-852f-c014e42bfcb7:c2670, 3b4aa678-22a6-4ae2-9c6a-0e71cdb9d6d0:c2670]
2019-07-10 03:37:30,513 INFO  client.GrpcClientProtocolClient (GrpcClientProtocolClient.java:onNext(255)) - client-8BD909272E8D->63cacea9-0392-4939-ad39-80c4c73dd84b: receive RaftClientReply:client-8BD909272E8D->63cacea9-0392-4939-ad39-80c4c73dd84b@group-EE6C16B6C358, cid=1838, SUCCESS, logIndex=2672, commits[63cacea9-0392-4939-ad39-80c4c73dd84b:c2672, bd7b7fea-2a7b-4c3f-852f-c014e42bfcb7:c2670, 3b4aa678-22a6-4ae2-9c6a-0e71cdb9d6d0:c2670]
2019-07-10 03:37:30,514 INFO  client.GrpcClientProtocolClient (GrpcClientProtocolClient.java:onNext(255)) - client-8BD909272E8D->63cacea9-0392-4939-ad39-80c4c73dd84b: receive RaftClientReply:client-8BD909272E8D->63cacea9-0392-4939-ad39-80c4c73dd84b@group-EE6C16B6C358, cid=1839, SUCCESS, logIndex=2673, commits[63cacea9-0392-4939-ad39-80c4c73dd84b:c2674, bd7b7fea-2a7b-4c3f-852f-c014e42bfcb7:c2670, 3b4aa678-22a6-4ae2-9c6a-0e71cdb9d6d0:c2670]
2019-07-10 03:37:30,515 INFO  client.GrpcClientProtocolClient (GrpcClientProtocolClient.java:onNext(255)) - client-8BD909272E8D->63cacea9-0392-4939-ad39-80c4c73dd84b: receive RaftClientReply:client-8BD909272E8D->63cacea9-0392-4939-ad39-80c4c73dd84b@group-EE6C16B6C358, cid=1840, SUCCESS, logIndex=2674, commits[63cacea9-0392-4939-ad39-80c4c73dd84b:c2674, bd7b7fea-2a7b-4c3f-852f-c014e42bfcb7:c2670, 3b4aa678-22a6-4ae2-9c6a-0e71cdb9d6d0:c2670]
2019-07-10 03:37:30,516 INFO  client.GrpcClientProtocolClient (GrpcClientProtocolClient.java:onNext(255)) - client-8BD909272E8D->63cacea9-0392-4939-ad39-80c4c73dd84b: receive RaftClientReply:client-8BD909272E8D->63cacea9-0392-4939-ad39-80c4c73dd84b@group-EE6C16B6C358, cid=1841, SUCCESS, logIndex=0, commits[63cacea9-0392-4939-ad39-80c4c73dd84b:c2676, bd7b7fea-2a7b-4c3f-852f-c014e42bfcb7:c2672, 3b4aa678-22a6-4ae2-9c6a-0e71cdb9d6d0:c2672]
2019-07-10 03:37:30,535 INFO  client.GrpcClientProtocolClient (GrpcClientProtocolClient.java:onNext(255)) - client-8BD909272E8D->63cacea9-0392-4939-ad39-80c4c73dd84b: receive RaftClientReply:client-8BD909272E8D->63cacea9-0392-4939-ad39-80c4c73dd84b@group-EE6C16B6C358, cid=1842, SUCCESS, logIndex=2679, commits[63cacea9-0392-4939-ad39-80c4c73dd84b:c2680, bd7b7fea-2a7b-4c3f-852f-c014e42bfcb7:c2678, 3b4aa678-22a6-4ae2-9c6a-0e71cdb9d6d0:c2678]
2019-07-10 03:37:30,536 INFO  client.GrpcClientProtocolClient (GrpcClientProtocolClient.java:onNext(255)) - client-8BD909272E8D->63cacea9-0392-4939-ad39-80c4c73dd84b: receive RaftClientReply:client-8BD909272E8D->63cacea9-0392-4939-ad39-80c4c73dd84b@group-EE6C16B6C358, cid=1843, SUCCESS, logIndex=2680, commits[63cacea9-0392-4939-ad39-80c4c73dd84b:c2680, bd7b7fea-2a7b-4c3f-852f-c014e42bfcb7:c2678, 3b4aa678-22a6-4ae2-9c6a-0e71cdb9d6d0:c2678]
2019-07-10 03:37:30,549 INFO  client.GrpcClientProtocolClient (GrpcClientProtocolClient.java:onNext(255)) - client-8BD909272E8D->63cacea9-0392-4939-ad39-80c4c73dd84b: receive RaftClientReply:client-8BD909272E8D->63cacea9-0392-4939-ad39-80c4c73dd84b@group-EE6C16B6C358, cid=1844, SUCCESS, logIndex=2683, commits[63cacea9-0392-4939-ad39-80c4c73dd84b:c2684, bd7b7fea-2a7b-4c3f-852f-c014e42bfcb7:c2680, 3b4aa678-22a6-4ae2-9c6a-0e71cdb9d6d0:c2680]
2019-07-10 03:37:30,549 INFO  client.GrpcClientProtocolClient (GrpcClientProtocolClient.java:onNext(255)) - client-8BD909272E8D->63cacea9-0392-4939-ad39-80c4c73dd84b: receive RaftClientReply:client-8BD909272E8D->63cacea9-0392-4939-ad39-80c4c73dd84b@group-EE6C16B6C358, cid=1845, SUCCESS, logIndex=2684, commits[63cacea9-0392-4939-ad39-80c4c73dd84b:c2684, bd7b7fea-2a7b-4c3f-852f-c014e42bfcb7:c2680, 3b4aa678-22a6-4ae2-9c6a-0e71cdb9d6d0:c2680]
2019-07-10 03:37:30,562 INFO  client.GrpcClientProtocolClient (GrpcClientProtocolClient.java:onNext(255)) - client-8BD909272E8D->63cacea9-0392-4939-ad39-80c4c73dd84b: receive RaftClientReply:client-8BD909272E8D->63cacea9-0392-4939-ad39-80c4c73dd84b@group-EE6C16B6C358, cid=1846, SUCCESS, logIndex=0, commits[63cacea9-0392-4939-ad39-80c4c73dd84b:c2685, bd7b7fea-2a7b-4c3f-852f-c014e42bfcb7:c2684, 3b4aa678-22a6-4ae2-9c6a-0e71cdb9d6d0:c2684]
2019-07-10 03:37:30,589 INFO  client.GrpcClientProtocolClient (GrpcClientProtocolClient.java:onNext(255)) - client-8BD909272E8D->63cacea9-0392-4939-ad39-80c4c73dd84b: receive RaftClientReply:client-8BD909272E8D->63cacea9-0392-4939-ad39-80c4c73dd84b@group-EE6C16B6C358, cid=1847, SUCCESS, logIndex=2687, commits[63cacea9-0392-4939-ad39-80c4c73dd84b:c2689, bd7b7fea-2a7b-4c3f-852f-c014e42bfcb7:c2686, 3b4aa678-22a6-4ae2-9c6a-0e71cdb9d6d0:c2686]
2019-07-10 03:37:30,589 INFO  client.GrpcClientProtocolClient (GrpcClientProtocolClient.java:onNext(255)) - client-8BD909272E8D->63cacea9-0392-4939-ad39-80c4c73dd84b: receive RaftClientReply:client-8BD909272E8D->63cacea9-0392-4939-ad39-80c4c73dd84b@group-EE6C16B6C358, cid=1848, SUCCESS, logIndex=2688, commits[63cacea9-0392-4939-ad39-80c4c73dd84b:c2690, bd7b7fea-2a7b-4c3f-852f-c014e42bfcb7:c2686, 3b4aa678-22a6-4ae2-9c6a-0e71cdb9d6d0:c2686]
2019-07-10 03:37:30,589 INFO  client.GrpcClientProtocolClient (GrpcClientProtocolClient.java:onNext(255)) - client-8BD909272E8D->63cacea9-0392-4939-ad39-80c4c73dd84b: receive RaftClientReply:client-8BD909272E8D->63cacea9-0392-4939-ad39-80c4c73dd84b@group-EE6C16B6C358, cid=1849, SUCCESS, logIndex=2689, commits[63cacea9-0392-4939-ad39-80c4c73dd84b:c2690, bd7b7fea-2a7b-4c3f-852f-c014e42bfcb7:c2686, 3b4aa678-22a6-4ae2-9c6a-0e71cdb9d6d0:c2686]
2019-07-10 03:37:30,590 INFO  client.GrpcClientProtocolClient (GrpcClientProtocolClient.java:onNext(255)) - client-8BD909272E8D->63cacea9-0392-4939-ad39-80c4c73dd84b: receive RaftClientReply:client-8BD909272E8D->63cacea9-0392-4939-ad39-80c4c73dd84b@group-EE6C16B6C358, cid=1850, SUCCESS, logIndex=2690, commits[63cacea9-0392-4939-ad39-80c4c73dd84b:c2690, bd7b7fea-2a7b-4c3f-852f-c014e42bfcb7:c2686, 3b4aa678-22a6-4ae2-9c6a-0e71cdb9d6d0:c2686]
2019-07-10 03:37:30,591 INFO  client.GrpcClientProtocolClient (GrpcClientProtocolClient.java:onNext(255)) - client-8BD909272E8D->63cacea9-0392-4939-ad39-80c4c73dd84b: receive RaftClientReply:client-8BD909272E8D->63cacea9-0392-4939-ad39-80c4c73dd84b@group-EE6C16B6C358, cid=1851, SUCCESS, logIndex=0, commits[63cacea9-0392-4939-ad39-80c4c73dd84b:c2693, bd7b7fea-2a7b-4c3f-852f-c014e42bfcb7:c2688, 3b4aa678-22a6-4ae2-9c6a-0e71cdb9d6d0:c2689]
2019-07-10 03:37:30,614 INFO  client.GrpcClientProtocolClient (GrpcClientProtocolClient.java:onNext(255)) - client-8BD909272E8D->63cacea9-0392-4939-ad39-80c4c73dd84b: receive RaftClientReply:client-8BD909272E8D->63cacea9-0392-4939-ad39-80c4c73dd84b@group-EE6C16B6C358, cid=1852, SUCCESS, logIndex=2695, commits[63cacea9-0392-4939-ad39-80c4c73dd84b:c2696, bd7b7fea-2a7b-4c3f-852f-c014e42bfcb7:c2694, 3b4aa678-22a6-4ae2-9c6a-0e71cdb9d6d0:c2694]
2019-07-10 03:37:30,614 INFO  client.GrpcClientProtocolClient (GrpcClientProtocolClient.java:onNext(255)) - client-8BD909272E8D->63cacea9-0392-4939-ad39-80c4c73dd84b: receive RaftClientReply:client-8BD909272E8D->63cacea9-0392-4939-ad39-80c4c73dd84b@group-EE6C16B6C358, cid=1853, SUCCESS, logIndex=2696, commits[63cacea9-0392-4939-ad39-80c4c73dd84b:c2696, bd7b7fea-2a7b-4c3f-852f-c014e42bfcb7:c2694, 3b4aa678-22a6-4ae2-9c6a-0e71cdb9d6d0:c2694]
2019-07-10 03:37:30,638 INFO  client.GrpcClientProtocolClient (GrpcClientProtocolClient.java:onNext(255)) - client-8BD909272E8D->63cacea9-0392-4939-ad39-80c4c73dd84b: receive RaftClientReply:client-8BD909272E8D->63cacea9-0392-4939-ad39-80c4c73dd84b@group-EE6C16B6C358, cid=1854, SUCCESS, logIndex=2699, commits[63cacea9-0392-4939-ad39-80c4c73dd84b:c2700, bd7b7fea-2a7b-4c3f-852f-c014e42bfcb7:c2696, 3b4aa678-22a6-4ae2-9c6a-0e71cdb9d6d0:c2696]
2019-07-10 03:37:30,638 INFO  client.GrpcClientProtocolClient (GrpcClientProtocolClient.java:onNext(255)) - client-8BD909272E8D->63cacea9-0392-4939-ad39-80c4c73dd84b: receive RaftClientReply:client-8BD909272E8D->63cacea9-0392-4939-ad39-80c4c73dd84b@group-EE6C16B6C358, cid=1855, SUCCESS, logIndex=2700, commits[63cacea9-0392-4939-ad39-80c4c73dd84b:c2700, bd7b7fea-2a7b-4c3f-852f-c014e42bfcb7:c2696, 3b4aa678-22a6-4ae2-9c6a-0e71cdb9d6d0:c2696]
2019-07-10 03:37:30,640 INFO  client.GrpcClientProtocolClient (GrpcClientProtocolClient.java:onNext(255)) - client-8BD909272E8D->63cacea9-0392-4939-ad39-80c4c73dd84b: receive RaftClientReply:client-8BD909272E8D->63cacea9-0392-4939-ad39-80c4c73dd84b@group-EE6C16B6C358, cid=1856, SUCCESS, logIndex=0, commits[63cacea9-0392-4939-ad39-80c4c73dd84b:c2702, bd7b7fea-2a7b-4c3f-852f-c014e42bfcb7:c2700, 3b4aa678-22a6-4ae2-9c6a-0e71cdb9d6d0:c2700]
2019-07-10 03:37:30,671 INFO  client.GrpcClientProtocolClient (GrpcClientProtocolClient.java:onNext(255)) - client-8BD909272E8D->63cacea9-0392-4939-ad39-80c4c73dd84b: receive RaftClientReply:client-8BD909272E8D->63cacea9-0392-4939-ad39-80c4c73dd84b@group-EE6C16B6C358, cid=1857, SUCCESS, logIndex=2703, commits[63cacea9-0392-4939-ad39-80c4c73dd84b:c2705, bd7b7fea-2a7b-4c3f-852f-c014e42bfcb7:c2702, 3b4aa678-22a6-4ae2-9c6a-0e71cdb9d6d0:c2702]
2019-07-10 03:37:30,672 INFO  client.GrpcClientProtocolClient (GrpcClientProtocolClient.java:onNext(255)) - client-8BD909272E8D->63cacea9-0392-4939-ad39-80c4c73dd84b: receive RaftClientReply:client-8BD909272E8D->63cacea9-0392-4939-ad39-80c4c73dd84b@group-EE6C16B6C358, cid=1858, SUCCESS, logIndex=2704, commits[63cacea9-0392-4939-ad39-80c4c73dd84b:c2706, bd7b7fea-2a7b-4c3f-852f-c014e42bfcb7:c2702, 3b4aa678-22a6-4ae2-9c6a-0e71cdb9d6d0:c2702]
2019-07-10 03:37:30,672 INFO  client.GrpcClientProtocolClient (GrpcClientProtocolClient.java:onNext(255)) - client-8BD909272E8D->63cacea9-0392-4939-ad39-80c4c73dd84b: receive RaftClientReply:client-8BD909272E8D->63cacea9-0392-4939-ad39-80c4c73dd84b@group-EE6C16B6C358, cid=1859, SUCCESS, logIndex=2705, commits[63cacea9-0392-4939-ad39-80c4c73dd84b:c2706, bd7b7fea-2a7b-4c3f-852f-c014e42bfcb7:c2702, 3b4aa678-22a6-4ae2-9c6a-0e71cdb9d6d0:c2702]
2019-07-10 03:37:30,672 INFO  client.GrpcClientProtocolClient (GrpcClientProtocolClient.java:onNext(255)) - client-8BD909272E8D->63cacea9-0392-4939-ad39-80c4c73dd84b: receive RaftClientReply:client-8BD909272E8D->63cacea9-0392-4939-ad39-80c4c73dd84b@group-EE6C16B6C358, cid=1860, SUCCESS, logIndex=2706, commits[63cacea9-0392-4939-ad39-80c4c73dd84b:c2706, bd7b7fea-2a7b-4c3f-852f-c014e42bfcb7:c2702, 3b4aa678-22a6-4ae2-9c6a-0e71cdb9d6d0:c2702]
2019-07-10 03:37:30,673 INFO  client.GrpcClientProtocolClient (GrpcClientProtocolClient.java:onNext(255)) - client-8BD909272E8D->63cacea9-0392-4939-ad39-80c4c73dd84b: receive RaftClientReply:client-8BD909272E8D->63cacea9-0392-4939-ad39-80c4c73dd84b@group-EE6C16B6C358, cid=1861, SUCCESS, logIndex=0, commits[63cacea9-0392-4939-ad39-80c4c73dd84b:c2707, bd7b7fea-2a7b-4c3f-852f-c014e42bfcb7:c2704, 3b4aa678-22a6-4ae2-9c6a-0e71cdb9d6d0:c2705]
2019-07-10 03:37:30,686 INFO  client.GrpcClientProtocolClient (GrpcClientProtocolClient.java:onNext(255)) - client-8BD909272E8D->63cacea9-0392-4939-ad39-80c4c73dd84b: receive RaftClientReply:client-8BD909272E8D->63cacea9-0392-4939-ad39-80c4c73dd84b@group-EE6C16B6C358, cid=1862, SUCCESS, logIndex=2711, commits[63cacea9-0392-4939-ad39-80c4c73dd84b:c2712, bd7b7fea-2a7b-4c3f-852f-c014e42bfcb7:c2710, 3b4aa678-22a6-4ae2-9c6a-0e71cdb9d6d0:c2706]
2019-07-10 03:37:30,687 INFO  client.GrpcClientProtocolClient (GrpcClientProtocolClient.java:onNext(255)) - client-8BD909272E8D->63cacea9-0392-4939-ad39-80c4c73dd84b: receive RaftClientReply:client-8BD909272E8D->63cacea9-0392-4939-ad39-80c4c73dd84b@group-EE6C16B6C358, cid=1863, SUCCESS, logIndex=2712, commits[63cacea9-0392-4939-ad39-80c4c73dd84b:c2712, bd7b7fea-2a7b-4c3f-852f-c014e42bfcb7:c2710, 3b4aa678-22a6-4ae2-9c6a-0e71cdb9d6d0:c2710]
2019-07-10 03:37:30,706 INFO  client.GrpcClientProtocolClient (GrpcClientProtocolClient.java:onNext(255)) - client-8BD909272E8D->63cacea9-0392-4939-ad39-80c4c73dd84b: receive RaftClientReply:client-8BD909272E8D->63cacea9-0392-4939-ad39-80c4c73dd84b@group-EE6C16B6C358, cid=1864, SUCCESS, logIndex=2715, commits[63cacea9-0392-4939-ad39-80c4c73dd84b:c2716, bd7b7fea-2a7b-4c3f-852f-c014e42bfcb7:c2714, 3b4aa678-22a6-4ae2-9c6a-0e71cdb9d6d0:c2714]
2019-07-10 03:37:30,706 INFO  client.GrpcClientProtocolClient (GrpcClientProtocolClient.java:onNext(255)) - client-8BD909272E8D->63cacea9-0392-4939-ad39-80c4c73dd84b: receive RaftClientReply:client-8BD909272E8D->63cacea9-0392-4939-ad39-80c4c73dd84b@group-EE6C16B6C358, cid=1865, SUCCESS, logIndex=2716, commits[63cacea9-0392-4939-ad39-80c4c73dd84b:c2716, bd7b7fea-2a7b-4c3f-852f-c014e42bfcb7:c2714, 3b4aa678-22a6-4ae2-9c6a-0e71cdb9d6d0:c2714]
2019-07-10 03:37:30,723 INFO  client.GrpcClientProtocolClient (GrpcClientProtocolClient.java:onNext(255)) - client-8BD909272E8D->63cacea9-0392-4939-ad39-80c4c73dd84b: receive RaftClientReply:client-8BD909272E8D->63cacea9-0392-4939-ad39-80c4c73dd84b@group-EE6C16B6C358, cid=1866, SUCCESS, logIndex=0, commits[63cacea9-0392-4939-ad39-80c4c73dd84b:c2718, bd7b7fea-2a7b-4c3f-852f-c014e42bfcb7:c2716, 3b4aa678-22a6-4ae2-9c6a-0e71cdb9d6d0:c2716]
 0.00% |█                                                                                                    |  0/1 Time: 0:00:132019-07-10 03:37:30,756 INFO  client.GrpcClientProtocolClient (GrpcClientProtocolClient.java:onNext(255)) - client-8BD909272E8D->63cacea9-0392-4939-ad39-80c4c73dd84b: receive RaftClientReply:client-8BD909272E8D->63cacea9-0392-4939-ad39-80c4c73dd84b@group-EE6C16B6C358, cid=1867, SUCCESS, logIndex=2719, commits[63cacea9-0392-4939-ad39-80c4c73dd84b:c2720, bd7b7fea-2a7b-4c3f-852f-c014e42bfcb7:c2718, 3b4aa678-22a6-4ae2-9c6a-0e71cdb9d6d0:c2716]
2019-07-10 03:37:30,757 INFO  client.GrpcClientProtocolClient (GrpcClientProtocolClient.java:onNext(255)) - client-8BD909272E8D->63cacea9-0392-4939-ad39-80c4c73dd84b: receive RaftClientReply:client-8BD909272E8D->63cacea9-0392-4939-ad39-80c4c73dd84b@group-EE6C16B6C358, cid=1868, SUCCESS, logIndex=2720, commits[63cacea9-0392-4939-ad39-80c4c73dd84b:c2720, bd7b7fea-2a7b-4c3f-852f-c014e42bfcb7:c2718, 3b4aa678-22a6-4ae2-9c6a-0e71cdb9d6d0:c2716]
2019-07-10 03:37:30,758 INFO  client.GrpcClientProtocolClient (GrpcClientProtocolClient.java:onNext(255)) - client-8BD909272E8D->63cacea9-0392-4939-ad39-80c4c73dd84b: receive RaftClientReply:client-8BD909272E8D->63cacea9-0392-4939-ad39-80c4c73dd84b@group-EE6C16B6C358, cid=1869, SUCCESS, logIndex=2721, commits[63cacea9-0392-4939-ad39-80c4c73dd84b:c2722, bd7b7fea-2a7b-4c3f-852f-c014e42bfcb7:c2718, 3b4aa678-22a6-4ae2-9c6a-0e71cdb9d6d0:c2718]
2019-07-10 03:37:30,759 INFO  client.GrpcClientProtocolClient (GrpcClientProtocolClient.java:onNext(255)) - client-8BD909272E8D->63cacea9-0392-4939-ad39-80c4c73dd84b: receive RaftClientReply:client-8BD909272E8D->63cacea9-0392-4939-ad39-80c4c73dd84b@group-EE6C16B6C358, cid=1870, SUCCESS, logIndex=2722, commits[63cacea9-0392-4939-ad39-80c4c73dd84b:c2722, bd7b7fea-2a7b-4c3f-852f-c014e42bfcb7:c2718, 3b4aa678-22a6-4ae2-9c6a-0e71cdb9d6d0:c2718]
2019-07-10 03:37:30,760 INFO  client.GrpcClientProtocolClient (GrpcClientProtocolClient.java:onNext(255)) - client-8BD909272E8D->63cacea9-0392-4939-ad39-80c4c73dd84b: receive RaftClientReply:client-8BD909272E8D->63cacea9-0392-4939-ad39-80c4c73dd84b@group-EE6C16B6C358, cid=1871, SUCCESS, logIndex=0, commits[63cacea9-0392-4939-ad39-80c4c73dd84b:c2723, bd7b7fea-2a7b-4c3f-852f-c014e42bfcb7:c2720, 3b4aa678-22a6-4ae2-9c6a-0e71cdb9d6d0:c2720]
2019-07-10 03:37:30,773 INFO  client.GrpcClientProtocolClient (GrpcClientProtocolClient.java:onNext(255)) - client-8BD909272E8D->63cacea9-0392-4939-ad39-80c4c73dd84b: receive RaftClientReply:client-8BD909272E8D->63cacea9-0392-4939-ad39-80c4c73dd84b@group-EE6C16B6C358, cid=1872, SUCCESS, logIndex=2727, commits[63cacea9-0392-4939-ad39-80c4c73dd84b:c2728, bd7b7fea-2a7b-4c3f-852f-c014e42bfcb7:c2722, 3b4aa678-22a6-4ae2-9c6a-0e71cdb9d6d0:c2724]
2019-07-10 03:37:30,773 INFO  client.GrpcClientProtocolClient (GrpcClientProtocolClient.java:onNext(255)) - client-8BD909272E8D->63cacea9-0392-4939-ad39-80c4c73dd84b: receive RaftClientReply:client-8BD909272E8D->63cacea9-0392-4939-ad39-80c4c73dd84b@group-EE6C16B6C358, cid=1873, SUCCESS, logIndex=2728, commits[63cacea9-0392-4939-ad39-80c4c73dd84b:c2728, bd7b7fea-2a7b-4c3f-852f-c014e42bfcb7:c2724, 3b4aa678-22a6-4ae2-9c6a-0e71cdb9d6d0:c2724]
2019-07-10 03:37:31,258 WARN  util.JavaUtils (JavaUtils.java:sleep(250)) - Unexpected long sleep: sleep(1153ms) actually took 1629ms which is over the threshold 300ms
2019-07-10 03:37:31,278 INFO  client.GrpcClientProtocolClient (GrpcClientProtocolClient.java:onNext(255)) - client-8BD909272E8D->63cacea9-0392-4939-ad39-80c4c73dd84b: receive RaftClientReply:client-8BD909272E8D->63cacea9-0392-4939-ad39-80c4c73dd84b@group-EE6C16B6C358, cid=1874, SUCCESS, logIndex=2731, commits[63cacea9-0392-4939-ad39-80c4c73dd84b:c2732, bd7b7fea-2a7b-4c3f-852f-c014e42bfcb7:c2730, 3b4aa678-22a6-4ae2-9c6a-0e71cdb9d6d0:c2730]
2019-07-10 03:37:31,278 INFO  client.GrpcClientProtocolClient (GrpcClientProtocolClient.java:onNext(255)) - client-8BD909272E8D->63cacea9-0392-4939-ad39-80c4c73dd84b: receive RaftClientReply:client-8BD909272E8D->63cacea9-0392-4939-ad39-80c4c73dd84b@group-EE6C16B6C358, cid=1875, SUCCESS, logIndex=2732, commits[63cacea9-0392-4939-ad39-80c4c73dd84b:c2732, bd7b7fea-2a7b-4c3f-852f-c014e42bfcb7:c2730, 3b4aa678-22a6-4ae2-9c6a-0e71cdb9d6d0:c2730]
2019-07-10 03:37:31,293 INFO  client.GrpcClientProtocolClient (GrpcClientProtocolClient.java:onNext(255)) - client-8BD909272E8D->63cacea9-0392-4939-ad39-80c4c73dd84b: receive RaftClientReply:client-8BD909272E8D->63cacea9-0392-4939-ad39-80c4c73dd84b@group-EE6C16B6C358, cid=1876, SUCCESS, logIndex=0, commits[63cacea9-0392-4939-ad39-80c4c73dd84b:c2733, bd7b7fea-2a7b-4c3f-852f-c014e42bfcb7:c2732, 3b4aa678-22a6-4ae2-9c6a-0e71cdb9d6d0:c2732]
2019-07-10 03:37:31,327 INFO  client.GrpcClientProtocolClient (GrpcClientProtocolClient.java:onNext(255)) - client-8BD909272E8D->63cacea9-0392-4939-ad39-80c4c73dd84b: receive RaftClientReply:client-8BD909272E8D->63cacea9-0392-4939-ad39-80c4c73dd84b@group-EE6C16B6C358, cid=1877, SUCCESS, logIndex=2734, commits[63cacea9-0392-4939-ad39-80c4c73dd84b:c2735, bd7b7fea-2a7b-4c3f-852f-c014e42bfcb7:c2733, 3b4aa678-22a6-4ae2-9c6a-0e71cdb9d6d0:c2733]
2019-07-10 03:37:31,329 INFO  client.GrpcClientProtocolClient (GrpcClientProtocolClient.java:onNext(255)) - client-8BD909272E8D->63cacea9-0392-4939-ad39-80c4c73dd84b: receive RaftClientReply:client-8BD909272E8D->63cacea9-0392-4939-ad39-80c4c73dd84b@group-EE6C16B6C358, cid=1878, SUCCESS, logIndex=2735, commits[63cacea9-0392-4939-ad39-80c4c73dd84b:c2737, bd7b7fea-2a7b-4c3f-852f-c014e42bfcb7:c2733, 3b4aa678-22a6-4ae2-9c6a-0e71cdb9d6d0:c2733]
2019-07-10 03:37:31,329 INFO  client.GrpcClientProtocolClient (GrpcClientProtocolClient.java:onNext(255)) - client-8BD909272E8D->63cacea9-0392-4939-ad39-80c4c73dd84b: receive RaftClientReply:client-8BD909272E8D->63cacea9-0392-4939-ad39-80c4c73dd84b@group-EE6C16B6C358, cid=1879, SUCCESS, logIndex=2736, commits[63cacea9-0392-4939-ad39-80c4c73dd84b:c2737, bd7b7fea-2a7b-4c3f-852f-c014e42bfcb7:c2733, 3b4aa678-22a6-4ae2-9c6a-0e71cdb9d6d0:c2733]
2019-07-10 03:37:31,330 INFO  client.GrpcClientProtocolClient (GrpcClientProtocolClient.java:onNext(255)) - client-8BD909272E8D->63cacea9-0392-4939-ad39-80c4c73dd84b: receive RaftClientReply:client-8BD909272E8D->63cacea9-0392-4939-ad39-80c4c73dd84b@group-EE6C16B6C358, cid=1880, SUCCESS, logIndex=2737, commits[63cacea9-0392-4939-ad39-80c4c73dd84b:c2738, bd7b7fea-2a7b-4c3f-852f-c014e42bfcb7:c2734, 3b4aa678-22a6-4ae2-9c6a-0e71cdb9d6d0:c2733]
2019-07-10 03:37:31,331 INFO  client.GrpcClientProtocolClient (GrpcClientProtocolClient.java:onNext(255)) - client-8BD909272E8D->63cacea9-0392-4939-ad39-80c4c73dd84b: receive RaftClientReply:client-8BD909272E8D->63cacea9-0392-4939-ad39-80c4c73dd84b@group-EE6C16B6C358, cid=1881, SUCCESS, logIndex=0, commits[63cacea9-0392-4939-ad39-80c4c73dd84b:c2740, bd7b7fea-2a7b-4c3f-852f-c014e42bfcb7:c2737, 3b4aa678-22a6-4ae2-9c6a-0e71cdb9d6d0:c2737]
2019-07-10 03:37:31,354 INFO  client.GrpcClientProtocolClient (GrpcClientProtocolClient.java:onNext(255)) - client-8BD909272E8D->63cacea9-0392-4939-ad39-80c4c73dd84b: receive RaftClientReply:client-8BD909272E8D->63cacea9-0392-4939-ad39-80c4c73dd84b@group-EE6C16B6C358, cid=1882, SUCCESS, logIndex=2741, commits[63cacea9-0392-4939-ad39-80c4c73dd84b:c2741, bd7b7fea-2a7b-4c3f-852f-c014e42bfcb7:c2740, 3b4aa678-22a6-4ae2-9c6a-0e71cdb9d6d0:c2740]
2019-07-10 03:37:31,354 INFO  client.GrpcClientProtocolClient (GrpcClientProtocolClient.java:onNext(255)) - client-8BD909272E8D->63cacea9-0392-4939-ad39-80c4c73dd84b: receive RaftClientReply:client-8BD909272E8D->63cacea9-0392-4939-ad39-80c4c73dd84b@group-EE6C16B6C358, cid=1883, SUCCESS, logIndex=2742, commits[63cacea9-0392-4939-ad39-80c4c73dd84b:c2742, bd7b7fea-2a7b-4c3f-852f-c014e42bfcb7:c2740, 3b4aa678-22a6-4ae2-9c6a-0e71cdb9d6d0:c2740]
2019-07-10 03:37:31,368 INFO  client.GrpcClientProtocolClient (GrpcClientProtocolClient.java:onNext(255)) - client-8BD909272E8D->63cacea9-0392-4939-ad39-80c4c73dd84b: receive RaftClientReply:client-8BD909272E8D->63cacea9-0392-4939-ad39-80c4c73dd84b@group-EE6C16B6C358, cid=1884, SUCCESS, logIndex=2745, commits[63cacea9-0392-4939-ad39-80c4c73dd84b:c2746, bd7b7fea-2a7b-4c3f-852f-c014e42bfcb7:c2741, 3b4aa678-22a6-4ae2-9c6a-0e71cdb9d6d0:c2742]
2019-07-10 03:37:31,368 INFO  client.GrpcClientProtocolClient (GrpcClientProtocolClient.java:onNext(255)) - client-8BD909272E8D->63cacea9-0392-4939-ad39-80c4c73dd84b: receive RaftClientReply:client-8BD909272E8D->63cacea9-0392-4939-ad39-80c4c73dd84b@group-EE6C16B6C358, cid=1885, SUCCESS, logIndex=2746, commits[63cacea9-0392-4939-ad39-80c4c73dd84b:c2746, bd7b7fea-2a7b-4c3f-852f-c014e42bfcb7:c2742, 3b4aa678-22a6-4ae2-9c6a-0e71cdb9d6d0:c2742]
2019-07-10 03:37:31,371 INFO  client.GrpcClientProtocolClient (GrpcClientProtocolClient.java:onNext(255)) - client-8BD909272E8D->63cacea9-0392-4939-ad39-80c4c73dd84b: receive RaftClientReply:client-8BD909272E8D->63cacea9-0392-4939-ad39-80c4c73dd84b@group-EE6C16B6C358, cid=1886, SUCCESS, logIndex=0, commits[63cacea9-0392-4939-ad39-80c4c73dd84b:c2748, bd7b7fea-2a7b-4c3f-852f-c014e42bfcb7:c2746, 3b4aa678-22a6-4ae2-9c6a-0e71cdb9d6d0:c2746]
2019-07-10 03:37:31,399 INFO  client.GrpcClientProtocolClient (GrpcClientProtocolClient.java:onNext(255)) - client-8BD909272E8D->63cacea9-0392-4939-ad39-80c4c73dd84b: receive RaftClientReply:client-8BD909272E8D->63cacea9-0392-4939-ad39-80c4c73dd84b@group-EE6C16B6C358, cid=1887, SUCCESS, logIndex=2749, commits[63cacea9-0392-4939-ad39-80c4c73dd84b:c2752, bd7b7fea-2a7b-4c3f-852f-c014e42bfcb7:c2748, 3b4aa678-22a6-4ae2-9c6a-0e71cdb9d6d0:c2748]
2019-07-10 03:37:31,400 INFO  client.GrpcClientProtocolClient (GrpcClientProtocolClient.java:onNext(255)) - client-8BD909272E8D->63cacea9-0392-4939-ad39-80c4c73dd84b: receive RaftClientReply:client-8BD909272E8D->63cacea9-0392-4939-ad39-80c4c73dd84b@group-EE6C16B6C358, cid=1888, SUCCESS, logIndex=2750, commits[63cacea9-0392-4939-ad39-80c4c73dd84b:c2752, bd7b7fea-2a7b-4c3f-852f-c014e42bfcb7:c2748, 3b4aa678-22a6-4ae2-9c6a-0e71cdb9d6d0:c2748]
2019-07-10 03:37:31,400 INFO  client.GrpcClientProtocolClient (GrpcClientProtocolClient.java:onNext(255)) - client-8BD909272E8D->63cacea9-0392-4939-ad39-80c4c73dd84b: receive RaftClientReply:client-8BD909272E8D->63cacea9-0392-4939-ad39-80c4c73dd84b@group-EE6C16B6C358, cid=1889, SUCCESS, logIndex=2751, commits[63cacea9-0392-4939-ad39-80c4c73dd84b:c2752, bd7b7fea-2a7b-4c3f-852f-c014e42bfcb7:c2748, 3b4aa678-22a6-4ae2-9c6a-0e71cdb9d6d0:c2750]
2019-07-10 03:37:31,400 INFO  client.GrpcClientProtocolClient (GrpcClientProtocolClient.java:onNext(255)) - client-8BD909272E8D->63cacea9-0392-4939-ad39-80c4c73dd84b: receive RaftClientReply:client-8BD909272E8D->63cacea9-0392-4939-ad39-80c4c73dd84b@group-EE6C16B6C358, cid=1890, SUCCESS, logIndex=2752, commits[63cacea9-0392-4939-ad39-80c4c73dd84b:c2753, bd7b7fea-2a7b-4c3f-852f-c014e42bfcb7:c2750, 3b4aa678-22a6-4ae2-9c6a-0e71cdb9d6d0:c2750]
2019-07-10 03:37:31,422 INFO  client.GrpcClientProtocolClient (GrpcClientProtocolClient.java:onNext(255)) - client-8BD909272E8D->63cacea9-0392-4939-ad39-80c4c73dd84b: receive RaftClientReply:client-8BD909272E8D->63cacea9-0392-4939-ad39-80c4c73dd84b@group-EE6C16B6C358, cid=1891, SUCCESS, logIndex=2757, commits[63cacea9-0392-4939-ad39-80c4c73dd84b:c2758, bd7b7fea-2a7b-4c3f-852f-c014e42bfcb7:c2756, 3b4aa678-22a6-4ae2-9c6a-0e71cdb9d6d0:c2756]
2019-07-10 03:37:31,423 INFO  client.GrpcClientProtocolClient (GrpcClientProtocolClient.java:onNext(255)) - client-8BD909272E8D->63cacea9-0392-4939-ad39-80c4c73dd84b: receive RaftClientReply:client-8BD909272E8D->63cacea9-0392-4939-ad39-80c4c73dd84b@group-EE6C16B6C358, cid=1892, SUCCESS, logIndex=2758, commits[63cacea9-0392-4939-ad39-80c4c73dd84b:c2758, bd7b7fea-2a7b-4c3f-852f-c014e42bfcb7:c2756, 3b4aa678-22a6-4ae2-9c6a-0e71cdb9d6d0:c2756]
2019-07-10 03:37:31,436 INFO  client.GrpcClientProtocolClient (GrpcClientProtocolClient.java:onNext(255)) - client-8BD909272E8D->63cacea9-0392-4939-ad39-80c4c73dd84b: receive RaftClientReply:client-8BD909272E8D->63cacea9-0392-4939-ad39-80c4c73dd84b@group-EE6C16B6C358, cid=1893, SUCCESS, logIndex=2761, commits[63cacea9-0392-4939-ad39-80c4c73dd84b:c2762, bd7b7fea-2a7b-4c3f-852f-c014e42bfcb7:c2758, 3b4aa678-22a6-4ae2-9c6a-0e71cdb9d6d0:c2758]
2019-07-10 03:37:31,437 INFO  client.GrpcClientProtocolClient (GrpcClientProtocolClient.java:onNext(255)) - client-8BD909272E8D->63cacea9-0392-4939-ad39-80c4c73dd84b: receive RaftClientReply:client-8BD909272E8D->63cacea9-0392-4939-ad39-80c4c73dd84b@group-EE6C16B6C358, cid=1894, SUCCESS, logIndex=2762, commits[63cacea9-0392-4939-ad39-80c4c73dd84b:c2762, bd7b7fea-2a7b-4c3f-852f-c014e42bfcb7:c2758, 3b4aa678-22a6-4ae2-9c6a-0e71cdb9d6d0:c2758]
2019-07-10 03:37:31,449 INFO  client.GrpcClientProtocolClient (GrpcClientProtocolClient.java:onNext(255)) - client-8BD909272E8D->63cacea9-0392-4939-ad39-80c4c73dd84b: receive RaftClientReply:client-8BD909272E8D->63cacea9-0392-4939-ad39-80c4c73dd84b@group-EE6C16B6C358, cid=1895, SUCCESS, logIndex=0, commits[63cacea9-0392-4939-ad39-80c4c73dd84b:c2763, bd7b7fea-2a7b-4c3f-852f-c014e42bfcb7:c2762, 3b4aa678-22a6-4ae2-9c6a-0e71cdb9d6d0:c2762]
2019-07-10 03:37:31,479 INFO  client.GrpcClientProtocolClient (GrpcClientProtocolClient.java:onNext(255)) - client-8BD909272E8D->63cacea9-0392-4939-ad39-80c4c73dd84b: receive RaftClientReply:client-8BD909272E8D->63cacea9-0392-4939-ad39-80c4c73dd84b@group-EE6C16B6C358, cid=1896, SUCCESS, logIndex=2765, commits[63cacea9-0392-4939-ad39-80c4c73dd84b:c2767, bd7b7fea-2a7b-4c3f-852f-c014e42bfcb7:c2764, 3b4aa678-22a6-4ae2-9c6a-0e71cdb9d6d0:c2764]
2019-07-10 03:37:31,480 INFO  client.GrpcClientProtocolClient (GrpcClientProtocolClient.java:onNext(255)) - client-8BD909272E8D->63cacea9-0392-4939-ad39-80c4c73dd84b: receive RaftClientReply:client-8BD909272E8D->63cacea9-0392-4939-ad39-80c4c73dd84b@group-EE6C16B6C358, cid=1897, SUCCESS, logIndex=2766, commits[63cacea9-0392-4939-ad39-80c4c73dd84b:c2768, bd7b7fea-2a7b-4c3f-852f-c014e42bfcb7:c2764, 3b4aa678-22a6-4ae2-9c6a-0e71cdb9d6d0:c2764]
2019-07-10 03:37:31,480 INFO  client.GrpcClientProtocolClient (GrpcClientProtocolClient.java:onNext(255)) - client-8BD909272E8D->63cacea9-0392-4939-ad39-80c4c73dd84b: receive RaftClientReply:client-8BD909272E8D->63cacea9-0392-4939-ad39-80c4c73dd84b@group-EE6C16B6C358, cid=1898, SUCCESS, logIndex=2767, commits[63cacea9-0392-4939-ad39-80c4c73dd84b:c2768, bd7b7fea-2a7b-4c3f-852f-c014e42bfcb7:c2764, 3b4aa678-22a6-4ae2-9c6a-0e71cdb9d6d0:c2764]
2019-07-10 03:37:31,480 INFO  client.GrpcClientProtocolClient (GrpcClientProtocolClient.java:onNext(255)) - client-8BD909272E8D->63cacea9-0392-4939-ad39-80c4c73dd84b: receive RaftClientReply:client-8BD909272E8D->63cacea9-0392-4939-ad39-80c4c73dd84b@group-EE6C16B6C358, cid=1899, SUCCESS, logIndex=2768, commits[63cacea9-0392-4939-ad39-80c4c73dd84b:c2768, bd7b7fea-2a7b-4c3f-852f-c014e42bfcb7:c2764, 3b4aa678-22a6-4ae2-9c6a-0e71cdb9d6d0:c2764]
2019-07-10 03:37:31,491 INFO  client.GrpcClientProtocolClient (GrpcClientProtocolClient.java:onNext(255)) - client-8BD909272E8D->63cacea9-0392-4939-ad39-80c4c73dd84b: receive RaftClientReply:client-8BD909272E8D->63cacea9-0392-4939-ad39-80c4c73dd84b@group-EE6C16B6C358, cid=1900, SUCCESS, logIndex=0, commits[63cacea9-0392-4939-ad39-80c4c73dd84b:c2769, bd7b7fea-2a7b-4c3f-852f-c014e42bfcb7:c2766, 3b4aa678-22a6-4ae2-9c6a-0e71cdb9d6d0:c2766]
2019-07-10 03:37:31,516 INFO  client.GrpcClientProtocolClient (GrpcClientProtocolClient.java:onNext(255)) - client-8BD909272E8D->63cacea9-0392-4939-ad39-80c4c73dd84b: receive RaftClientReply:client-8BD909272E8D->63cacea9-0392-4939-ad39-80c4c73dd84b@group-EE6C16B6C358, cid=1901, SUCCESS, logIndex=2773, commits[63cacea9-0392-4939-ad39-80c4c73dd84b:c2774, bd7b7fea-2a7b-4c3f-852f-c014e42bfcb7:c2772, 3b4aa678-22a6-4ae2-9c6a-0e71cdb9d6d0:c2772]
2019-07-10 03:37:31,516 INFO  client.GrpcClientProtocolClient (GrpcClientProtocolClient.java:onNext(255)) - client-8BD909272E8D->63cacea9-0392-4939-ad39-80c4c73dd84b: receive RaftClientReply:client-8BD909272E8D->63cacea9-0392-4939-ad39-80c4c73dd84b@group-EE6C16B6C358, cid=1902, SUCCESS, logIndex=2774, commits[63cacea9-0392-4939-ad39-80c4c73dd84b:c2774, bd7b7fea-2a7b-4c3f-852f-c014e42bfcb7:c2772, 3b4aa678-22a6-4ae2-9c6a-0e71cdb9d6d0:c2772]
2019-07-10 03:37:31,543 INFO  client.GrpcClientProtocolClient (GrpcClientProtocolClient.java:onNext(255)) - client-8BD909272E8D->63cacea9-0392-4939-ad39-80c4c73dd84b: receive RaftClientReply:client-8BD909272E8D->63cacea9-0392-4939-ad39-80c4c73dd84b@group-EE6C16B6C358, cid=1903, SUCCESS, logIndex=2777, commits[63cacea9-0392-4939-ad39-80c4c73dd84b:c2778, bd7b7fea-2a7b-4c3f-852f-c014e42bfcb7:c2774, 3b4aa678-22a6-4ae2-9c6a-0e71cdb9d6d0:c2774]
2019-07-10 03:37:31,544 INFO  client.GrpcClientProtocolClient (GrpcClientProtocolClient.java:onNext(255)) - client-8BD909272E8D->63cacea9-0392-4939-ad39-80c4c73dd84b: receive RaftClientReply:client-8BD909272E8D->63cacea9-0392-4939-ad39-80c4c73dd84b@group-EE6C16B6C358, cid=1904, SUCCESS, logIndex=2778, commits[63cacea9-0392-4939-ad39-80c4c73dd84b:c2778, bd7b7fea-2a7b-4c3f-852f-c014e42bfcb7:c2774, 3b4aa678-22a6-4ae2-9c6a-0e71cdb9d6d0:c2774]
2019-07-10 03:37:31,550 INFO  client.GrpcClientProtocolClient (GrpcClientProtocolClient.java:onNext(255)) - client-8BD909272E8D->63cacea9-0392-4939-ad39-80c4c73dd84b: receive RaftClientReply:client-8BD909272E8D->63cacea9-0392-4939-ad39-80c4c73dd84b@group-EE6C16B6C358, cid=1905, SUCCESS, logIndex=0, commits[63cacea9-0392-4939-ad39-80c4c73dd84b:c2780, bd7b7fea-2a7b-4c3f-852f-c014e42bfcb7:c2778, 3b4aa678-22a6-4ae2-9c6a-0e71cdb9d6d0:c2778]
2019-07-10 03:37:31,581 INFO  client.GrpcClientProtocolClient (GrpcClientProtocolClient.java:onNext(255)) - client-8BD909272E8D->63cacea9-0392-4939-ad39-80c4c73dd84b: receive RaftClientReply:client-8BD909272E8D->63cacea9-0392-4939-ad39-80c4c73dd84b@group-EE6C16B6C358, cid=1906, SUCCESS, logIndex=2781, commits[63cacea9-0392-4939-ad39-80c4c73dd84b:c2783, bd7b7fea-2a7b-4c3f-852f-c014e42bfcb7:c2780, 3b4aa678-22a6-4ae2-9c6a-0e71cdb9d6d0:c2780]
2019-07-10 03:37:31,581 INFO  client.GrpcClientProtocolClient (GrpcClientProtocolClient.java:onNext(255)) - client-8BD909272E8D->63cacea9-0392-4939-ad39-80c4c73dd84b: receive RaftClientReply:client-8BD909272E8D->63cacea9-0392-4939-ad39-80c4c73dd84b@group-EE6C16B6C358, cid=1907, SUCCESS, logIndex=2782, commits[63cacea9-0392-4939-ad39-80c4c73dd84b:c2784, bd7b7fea-2a7b-4c3f-852f-c014e42bfcb7:c2780, 3b4aa678-22a6-4ae2-9c6a-0e71cdb9d6d0:c2780]
2019-07-10 03:37:31,581 INFO  client.GrpcClientProtocolClient (GrpcClientProtocolClient.java:onNext(255)) - client-8BD909272E8D->63cacea9-0392-4939-ad39-80c4c73dd84b: receive RaftClientReply:client-8BD909272E8D->63cacea9-0392-4939-ad39-80c4c73dd84b@group-EE6C16B6C358, cid=1908, SUCCESS, logIndex=2783, commits[63cacea9-0392-4939-ad39-80c4c73dd84b:c2784, bd7b7fea-2a7b-4c3f-852f-c014e42bfcb7:c2780, 3b4aa678-22a6-4ae2-9c6a-0e71cdb9d6d0:c2780]
2019-07-10 03:37:31,582 INFO  client.GrpcClientProtocolClient (GrpcClientProtocolClient.java:onNext(255)) - client-8BD909272E8D->63cacea9-0392-4939-ad39-80c4c73dd84b: receive RaftClientReply:client-8BD909272E8D->63cacea9-0392-4939-ad39-80c4c73dd84b@group-EE6C16B6C358, cid=1909, SUCCESS, logIndex=2784, commits[63cacea9-0392-4939-ad39-80c4c73dd84b:c2785, bd7b7fea-2a7b-4c3f-852f-c014e42bfcb7:c2782, 3b4aa678-22a6-4ae2-9c6a-0e71cdb9d6d0:c2782]
2019-07-10 03:37:31,601 INFO  client.GrpcClientProtocolClient (GrpcClientProtocolClient.java:onNext(255)) - client-8BD909272E8D->63cacea9-0392-4939-ad39-80c4c73dd84b: receive RaftClientReply:client-8BD909272E8D->63cacea9-0392-4939-ad39-80c4c73dd84b@group-EE6C16B6C358, cid=1910, SUCCESS, logIndex=2789, commits[63cacea9-0392-4939-ad39-80c4c73dd84b:c2790, bd7b7fea-2a7b-4c3f-852f-c014e42bfcb7:c2788, 3b4aa678-22a6-4ae2-9c6a-0e71cdb9d6d0:c2788]
2019-07-10 03:37:31,601 INFO  client.GrpcClientProtocolClient (GrpcClientProtocolClient.java:onNext(255)) - client-8BD909272E8D->63cacea9-0392-4939-ad39-80c4c73dd84b: receive RaftClientReply:client-8BD909272E8D->63cacea9-0392-4939-ad39-80c4c73dd84b@group-EE6C16B6C358, cid=1911, SUCCESS, logIndex=2790, commits[63cacea9-0392-4939-ad39-80c4c73dd84b:c2790, bd7b7fea-2a7b-4c3f-852f-c014e42bfcb7:c2788, 3b4aa678-22a6-4ae2-9c6a-0e71cdb9d6d0:c2788]
2019-07-10 03:37:31,614 INFO  client.GrpcClientProtocolClient (GrpcClientProtocolClient.java:onNext(255)) - client-8BD909272E8D->63cacea9-0392-4939-ad39-80c4c73dd84b: receive RaftClientReply:client-8BD909272E8D->63cacea9-0392-4939-ad39-80c4c73dd84b@group-EE6C16B6C358, cid=1912, SUCCESS, logIndex=2793, commits[63cacea9-0392-4939-ad39-80c4c73dd84b:c2794, bd7b7fea-2a7b-4c3f-852f-c014e42bfcb7:c2790, 3b4aa678-22a6-4ae2-9c6a-0e71cdb9d6d0:c2790]
2019-07-10 03:37:31,614 INFO  client.GrpcClientProtocolClient (GrpcClientProtocolClient.java:onNext(255)) - client-8BD909272E8D->63cacea9-0392-4939-ad39-80c4c73dd84b: receive RaftClientReply:client-8BD909272E8D->63cacea9-0392-4939-ad39-80c4c73dd84b@group-EE6C16B6C358, cid=1913, SUCCESS, logIndex=2794, commits[63cacea9-0392-4939-ad39-80c4c73dd84b:c2794, bd7b7fea-2a7b-4c3f-852f-c014e42bfcb7:c2790, 3b4aa678-22a6-4ae2-9c6a-0e71cdb9d6d0:c2790]
2019-07-10 03:37:31,627 INFO  client.GrpcClientProtocolClient (GrpcClientProtocolClient.java:onNext(255)) - client-8BD909272E8D->63cacea9-0392-4939-ad39-80c4c73dd84b: receive RaftClientReply:client-8BD909272E8D->63cacea9-0392-4939-ad39-80c4c73dd84b@group-EE6C16B6C358, cid=1914, SUCCESS, logIndex=0, commits[63cacea9-0392-4939-ad39-80c4c73dd84b:c2796, bd7b7fea-2a7b-4c3f-852f-c014e42bfcb7:c2794, 3b4aa678-22a6-4ae2-9c6a-0e71cdb9d6d0:c2794]
2019-07-10 03:37:31,654 INFO  client.GrpcClientProtocolClient (GrpcClientProtocolClient.java:onNext(255)) - client-8BD909272E8D->63cacea9-0392-4939-ad39-80c4c73dd84b: receive RaftClientReply:client-8BD909272E8D->63cacea9-0392-4939-ad39-80c4c73dd84b@group-EE6C16B6C358, cid=1915, SUCCESS, logIndex=2797, commits[63cacea9-0392-4939-ad39-80c4c73dd84b:c2798, bd7b7fea-2a7b-4c3f-852f-c014e42bfcb7:c2796, 3b4aa678-22a6-4ae2-9c6a-0e71cdb9d6d0:c2796]
2019-07-10 03:37:31,655 INFO  client.GrpcClientProtocolClient (GrpcClientProtocolClient.java:onNext(255)) - client-8BD909272E8D->63cacea9-0392-4939-ad39-80c4c73dd84b: receive RaftClientReply:client-8BD909272E8D->63cacea9-0392-4939-ad39-80c4c73dd84b@group-EE6C16B6C358, cid=1916, SUCCESS, logIndex=2798, commits[63cacea9-0392-4939-ad39-80c4c73dd84b:c2799, bd7b7fea-2a7b-4c3f-852f-c014e42bfcb7:c2796, 3b4aa678-22a6-4ae2-9c6a-0e71cdb9d6d0:c2796]
2019-07-10 03:37:31,656 INFO  client.GrpcClientProtocolClient (GrpcClientProtocolClient.java:onNext(255)) - client-8BD909272E8D->63cacea9-0392-4939-ad39-80c4c73dd84b: receive RaftClientReply:client-8BD909272E8D->63cacea9-0392-4939-ad39-80c4c73dd84b@group-EE6C16B6C358, cid=1917, SUCCESS, logIndex=2799, commits[63cacea9-0392-4939-ad39-80c4c73dd84b:c2800, bd7b7fea-2a7b-4c3f-852f-c014e42bfcb7:c2796, 3b4aa678-22a6-4ae2-9c6a-0e71cdb9d6d0:c2796]
2019-07-10 03:37:31,656 INFO  client.GrpcClientProtocolClient (GrpcClientProtocolClient.java:onNext(255)) - client-8BD909272E8D->63cacea9-0392-4939-ad39-80c4c73dd84b: receive RaftClientReply:client-8BD909272E8D->63cacea9-0392-4939-ad39-80c4c73dd84b@group-EE6C16B6C358, cid=1918, SUCCESS, logIndex=2800, commits[63cacea9-0392-4939-ad39-80c4c73dd84b:c2800, bd7b7fea-2a7b-4c3f-852f-c014e42bfcb7:c2796, 3b4aa678-22a6-4ae2-9c6a-0e71cdb9d6d0:c2796]
2019-07-10 03:37:31,658 INFO  client.GrpcClientProtocolClient (GrpcClientProtocolClient.java:onNext(255)) - client-8BD909272E8D->63cacea9-0392-4939-ad39-80c4c73dd84b: receive RaftClientReply:client-8BD909272E8D->63cacea9-0392-4939-ad39-80c4c73dd84b@group-EE6C16B6C358, cid=1919, SUCCESS, logIndex=0, commits[63cacea9-0392-4939-ad39-80c4c73dd84b:c2804, bd7b7fea-2a7b-4c3f-852f-c014e42bfcb7:c2798, 3b4aa678-22a6-4ae2-9c6a-0e71cdb9d6d0:c2800]
2019-07-10 03:37:31,681 INFO  client.GrpcClientProtocolClient (GrpcClientProtocolClient.java:onNext(255)) - client-8BD909272E8D->63cacea9-0392-4939-ad39-80c4c73dd84b: receive RaftClientReply:client-8BD909272E8D->63cacea9-0392-4939-ad39-80c4c73dd84b@group-EE6C16B6C358, cid=1920, SUCCESS, logIndex=2805, commits[63cacea9-0392-4939-ad39-80c4c73dd84b:c2806, bd7b7fea-2a7b-4c3f-852f-c014e42bfcb7:c2804, 3b4aa678-22a6-4ae2-9c6a-0e71cdb9d6d0:c2804]
2019-07-10 03:37:31,681 INFO  client.GrpcClientProtocolClient (GrpcClientProtocolClient.java:onNext(255)) - client-8BD909272E8D->63cacea9-0392-4939-ad39-80c4c73dd84b: receive RaftClientReply:client-8BD909272E8D->63cacea9-0392-4939-ad39-80c4c73dd84b@group-EE6C16B6C358, cid=1921, SUCCESS, logIndex=2806, commits[63cacea9-0392-4939-ad39-80c4c73dd84b:c2806, bd7b7fea-2a7b-4c3f-852f-c014e42bfcb7:c2804, 3b4aa678-22a6-4ae2-9c6a-0e71cdb9d6d0:c2804]
2019-07-10 03:37:31,694 INFO  client.GrpcClientProtocolClient (GrpcClientProtocolClient.java:onNext(255)) - client-8BD909272E8D->63cacea9-0392-4939-ad39-80c4c73dd84b: receive RaftClientReply:client-8BD909272E8D->63cacea9-0392-4939-ad39-80c4c73dd84b@group-EE6C16B6C358, cid=1922, SUCCESS, logIndex=2809, commits[63cacea9-0392-4939-ad39-80c4c73dd84b:c2810, bd7b7fea-2a7b-4c3f-852f-c014e42bfcb7:c2806, 3b4aa678-22a6-4ae2-9c6a-0e71cdb9d6d0:c2806]
2019-07-10 03:37:31,694 INFO  client.GrpcClientProtocolClient (GrpcClientProtocolClient.java:onNext(255)) - client-8BD909272E8D->63cacea9-0392-4939-ad39-80c4c73dd84b: receive RaftClientReply:client-8BD909272E8D->63cacea9-0392-4939-ad39-80c4c73dd84b@group-EE6C16B6C358, cid=1923, SUCCESS, logIndex=2810, commits[63cacea9-0392-4939-ad39-80c4c73dd84b:c2810, bd7b7fea-2a7b-4c3f-852f-c014e42bfcb7:c2806, 3b4aa678-22a6-4ae2-9c6a-0e71cdb9d6d0:c2806]
2019-07-10 03:37:31,707 INFO  client.GrpcClientProtocolClient (GrpcClientProtocolClient.java:onNext(255)) - client-8BD909272E8D->63cacea9-0392-4939-ad39-80c4c73dd84b: receive RaftClientReply:client-8BD909272E8D->63cacea9-0392-4939-ad39-80c4c73dd84b@group-EE6C16B6C358, cid=1924, SUCCESS, logIndex=0, commits[63cacea9-0392-4939-ad39-80c4c73dd84b:c2812, bd7b7fea-2a7b-4c3f-852f-c014e42bfcb7:c2810, 3b4aa678-22a6-4ae2-9c6a-0e71cdb9d6d0:c2810]
 0.00% |█                                                                                                    |  0/1 Time: 0:00:142019-07-10 03:37:31,733 INFO  client.GrpcClientProtocolClient (GrpcClientProtocolClient.java:onNext(255)) - client-8BD909272E8D->63cacea9-0392-4939-ad39-80c4c73dd84b: receive RaftClientReply:client-8BD909272E8D->63cacea9-0392-4939-ad39-80c4c73dd84b@group-EE6C16B6C358, cid=1925, SUCCESS, logIndex=2813, commits[63cacea9-0392-4939-ad39-80c4c73dd84b:c2814, bd7b7fea-2a7b-4c3f-852f-c014e42bfcb7:c2812, 3b4aa678-22a6-4ae2-9c6a-0e71cdb9d6d0:c2812]
2019-07-10 03:37:31,734 INFO  client.GrpcClientProtocolClient (GrpcClientProtocolClient.java:onNext(255)) - client-8BD909272E8D->63cacea9-0392-4939-ad39-80c4c73dd84b: receive RaftClientReply:client-8BD909272E8D->63cacea9-0392-4939-ad39-80c4c73dd84b@group-EE6C16B6C358, cid=1926, SUCCESS, logIndex=2814, commits[63cacea9-0392-4939-ad39-80c4c73dd84b:c2816, bd7b7fea-2a7b-4c3f-852f-c014e42bfcb7:c2812, 3b4aa678-22a6-4ae2-9c6a-0e71cdb9d6d0:c2812]
2019-07-10 03:37:31,734 INFO  client.GrpcClientProtocolClient (GrpcClientProtocolClient.java:onNext(255)) - client-8BD909272E8D->63cacea9-0392-4939-ad39-80c4c73dd84b: receive RaftClientReply:client-8BD909272E8D->63cacea9-0392-4939-ad39-80c4c73dd84b@group-EE6C16B6C358, cid=1927, SUCCESS, logIndex=2815, commits[63cacea9-0392-4939-ad39-80c4c73dd84b:c2816, bd7b7fea-2a7b-4c3f-852f-c014e42bfcb7:c2812, 3b4aa678-22a6-4ae2-9c6a-0e71cdb9d6d0:c2812]
2019-07-10 03:37:31,735 INFO  client.GrpcClientProtocolClient (GrpcClientProtocolClient.java:onNext(255)) - client-8BD909272E8D->63cacea9-0392-4939-ad39-80c4c73dd84b: receive RaftClientReply:client-8BD909272E8D->63cacea9-0392-4939-ad39-80c4c73dd84b@group-EE6C16B6C358, cid=1928, SUCCESS, logIndex=2816, commits[63cacea9-0392-4939-ad39-80c4c73dd84b:c2817, bd7b7fea-2a7b-4c3f-852f-c014e42bfcb7:c2812, 3b4aa678-22a6-4ae2-9c6a-0e71cdb9d6d0:c2813]
2019-07-10 03:37:31,736 INFO  client.GrpcClientProtocolClient (GrpcClientProtocolClient.java:onNext(255)) - client-8BD909272E8D->63cacea9-0392-4939-ad39-80c4c73dd84b: receive RaftClientReply:client-8BD909272E8D->63cacea9-0392-4939-ad39-80c4c73dd84b@group-EE6C16B6C358, cid=1929, SUCCESS, logIndex=0, commits[63cacea9-0392-4939-ad39-80c4c73dd84b:c2818, bd7b7fea-2a7b-4c3f-852f-c014e42bfcb7:c2814, 3b4aa678-22a6-4ae2-9c6a-0e71cdb9d6d0:c2814]
2019-07-10 03:37:31,756 INFO  client.GrpcClientProtocolClient (GrpcClientProtocolClient.java:onNext(255)) - client-8BD909272E8D->63cacea9-0392-4939-ad39-80c4c73dd84b: receive RaftClientReply:client-8BD909272E8D->63cacea9-0392-4939-ad39-80c4c73dd84b@group-EE6C16B6C358, cid=1930, SUCCESS, logIndex=2821, commits[63cacea9-0392-4939-ad39-80c4c73dd84b:c2822, bd7b7fea-2a7b-4c3f-852f-c014e42bfcb7:c2820, 3b4aa678-22a6-4ae2-9c6a-0e71cdb9d6d0:c2820]
2019-07-10 03:37:31,756 INFO  client.GrpcClientProtocolClient (GrpcClientProtocolClient.java:onNext(255)) - client-8BD909272E8D->63cacea9-0392-4939-ad39-80c4c73dd84b: receive RaftClientReply:client-8BD909272E8D->63cacea9-0392-4939-ad39-80c4c73dd84b@group-EE6C16B6C358, cid=1931, SUCCESS, logIndex=2822, commits[63cacea9-0392-4939-ad39-80c4c73dd84b:c2822, bd7b7fea-2a7b-4c3f-852f-c014e42bfcb7:c2820, 3b4aa678-22a6-4ae2-9c6a-0e71cdb9d6d0:c2820]
2019-07-10 03:37:31,769 INFO  client.GrpcClientProtocolClient (GrpcClientProtocolClient.java:onNext(255)) - client-8BD909272E8D->63cacea9-0392-4939-ad39-80c4c73dd84b: receive RaftClientReply:client-8BD909272E8D->63cacea9-0392-4939-ad39-80c4c73dd84b@group-EE6C16B6C358, cid=1932, SUCCESS, logIndex=2825, commits[63cacea9-0392-4939-ad39-80c4c73dd84b:c2826, bd7b7fea-2a7b-4c3f-852f-c014e42bfcb7:c2822, 3b4aa678-22a6-4ae2-9c6a-0e71cdb9d6d0:c2822]
2019-07-10 03:37:31,770 INFO  client.GrpcClientProtocolClient (GrpcClientProtocolClient.java:onNext(255)) - client-8BD909272E8D->63cacea9-0392-4939-ad39-80c4c73dd84b: receive RaftClientReply:client-8BD909272E8D->63cacea9-0392-4939-ad39-80c4c73dd84b@group-EE6C16B6C358, cid=1933, SUCCESS, logIndex=2826, commits[63cacea9-0392-4939-ad39-80c4c73dd84b:c2826, bd7b7fea-2a7b-4c3f-852f-c014e42bfcb7:c2822, 3b4aa678-22a6-4ae2-9c6a-0e71cdb9d6d0:c2822]
2019-07-10 03:37:31,796 INFO  client.GrpcClientProtocolClient (GrpcClientProtocolClient.java:onNext(255)) - client-8BD909272E8D->63cacea9-0392-4939-ad39-80c4c73dd84b: receive RaftClientReply:client-8BD909272E8D->63cacea9-0392-4939-ad39-80c4c73dd84b@group-EE6C16B6C358, cid=1934, SUCCESS, logIndex=0, commits[63cacea9-0392-4939-ad39-80c4c73dd84b:c2828, bd7b7fea-2a7b-4c3f-852f-c014e42bfcb7:c2826, 3b4aa678-22a6-4ae2-9c6a-0e71cdb9d6d0:c2826]
2019-07-10 03:37:31,828 INFO  client.GrpcClientProtocolClient (GrpcClientProtocolClient.java:onNext(255)) - client-8BD909272E8D->63cacea9-0392-4939-ad39-80c4c73dd84b: receive RaftClientReply:client-8BD909272E8D->63cacea9-0392-4939-ad39-80c4c73dd84b@group-EE6C16B6C358, cid=1935, SUCCESS, logIndex=2829, commits[63cacea9-0392-4939-ad39-80c4c73dd84b:c2830, bd7b7fea-2a7b-4c3f-852f-c014e42bfcb7:c2826, 3b4aa678-22a6-4ae2-9c6a-0e71cdb9d6d0:c2828]
2019-07-10 03:37:31,828 INFO  client.GrpcClientProtocolClient (GrpcClientProtocolClient.java:onNext(255)) - client-8BD909272E8D->63cacea9-0392-4939-ad39-80c4c73dd84b: receive RaftClientReply:client-8BD909272E8D->63cacea9-0392-4939-ad39-80c4c73dd84b@group-EE6C16B6C358, cid=1936, SUCCESS, logIndex=2830, commits[63cacea9-0392-4939-ad39-80c4c73dd84b:c2832, bd7b7fea-2a7b-4c3f-852f-c014e42bfcb7:c2828, 3b4aa678-22a6-4ae2-9c6a-0e71cdb9d6d0:c2828]
2019-07-10 03:37:31,829 INFO  client.GrpcClientProtocolClient (GrpcClientProtocolClient.java:onNext(255)) - client-8BD909272E8D->63cacea9-0392-4939-ad39-80c4c73dd84b: receive RaftClientReply:client-8BD909272E8D->63cacea9-0392-4939-ad39-80c4c73dd84b@group-EE6C16B6C358, cid=1937, SUCCESS, logIndex=2831, commits[63cacea9-0392-4939-ad39-80c4c73dd84b:c2832, bd7b7fea-2a7b-4c3f-852f-c014e42bfcb7:c2828, 3b4aa678-22a6-4ae2-9c6a-0e71cdb9d6d0:c2828]
2019-07-10 03:37:31,829 INFO  client.GrpcClientProtocolClient (GrpcClientProtocolClient.java:onNext(255)) - client-8BD909272E8D->63cacea9-0392-4939-ad39-80c4c73dd84b: receive RaftClientReply:client-8BD909272E8D->63cacea9-0392-4939-ad39-80c4c73dd84b@group-EE6C16B6C358, cid=1938, SUCCESS, logIndex=2832, commits[63cacea9-0392-4939-ad39-80c4c73dd84b:c2832, bd7b7fea-2a7b-4c3f-852f-c014e42bfcb7:c2828, 3b4aa678-22a6-4ae2-9c6a-0e71cdb9d6d0:c2828]
2019-07-10 03:37:31,830 INFO  client.GrpcClientProtocolClient (GrpcClientProtocolClient.java:onNext(255)) - client-8BD909272E8D->63cacea9-0392-4939-ad39-80c4c73dd84b: receive RaftClientReply:client-8BD909272E8D->63cacea9-0392-4939-ad39-80c4c73dd84b@group-EE6C16B6C358, cid=1939, SUCCESS, logIndex=0, commits[63cacea9-0392-4939-ad39-80c4c73dd84b:c2834, bd7b7fea-2a7b-4c3f-852f-c014e42bfcb7:c2830, 3b4aa678-22a6-4ae2-9c6a-0e71cdb9d6d0:c2830]
2019-07-10 03:37:31,851 INFO  client.GrpcClientProtocolClient (GrpcClientProtocolClient.java:onNext(255)) - client-8BD909272E8D->63cacea9-0392-4939-ad39-80c4c73dd84b: receive RaftClientReply:client-8BD909272E8D->63cacea9-0392-4939-ad39-80c4c73dd84b@group-EE6C16B6C358, cid=1940, SUCCESS, logIndex=2837, commits[63cacea9-0392-4939-ad39-80c4c73dd84b:c2838, bd7b7fea-2a7b-4c3f-852f-c014e42bfcb7:c2836, 3b4aa678-22a6-4ae2-9c6a-0e71cdb9d6d0:c2836]
2019-07-10 03:37:31,852 INFO  client.GrpcClientProtocolClient (GrpcClientProtocolClient.java:onNext(255)) - client-8BD909272E8D->63cacea9-0392-4939-ad39-80c4c73dd84b: receive RaftClientReply:client-8BD909272E8D->63cacea9-0392-4939-ad39-80c4c73dd84b@group-EE6C16B6C358, cid=1941, SUCCESS, logIndex=2838, commits[63cacea9-0392-4939-ad39-80c4c73dd84b:c2838, bd7b7fea-2a7b-4c3f-852f-c014e42bfcb7:c2836, 3b4aa678-22a6-4ae2-9c6a-0e71cdb9d6d0:c2836]
2019-07-10 03:37:31,935 INFO  client.GrpcClientProtocolClient (GrpcClientProtocolClient.java:onNext(255)) - client-8BD909272E8D->63cacea9-0392-4939-ad39-80c4c73dd84b: receive RaftClientReply:client-8BD909272E8D->63cacea9-0392-4939-ad39-80c4c73dd84b@group-EE6C16B6C358, cid=1942, SUCCESS, logIndex=2841, commits[63cacea9-0392-4939-ad39-80c4c73dd84b:c2842, bd7b7fea-2a7b-4c3f-852f-c014e42bfcb7:c2839, 3b4aa678-22a6-4ae2-9c6a-0e71cdb9d6d0:c2839]
2019-07-10 03:37:31,936 INFO  client.GrpcClientProtocolClient (GrpcClientProtocolClient.java:onNext(255)) - client-8BD909272E8D->63cacea9-0392-4939-ad39-80c4c73dd84b: receive RaftClientReply:client-8BD909272E8D->63cacea9-0392-4939-ad39-80c4c73dd84b@group-EE6C16B6C358, cid=1943, SUCCESS, logIndex=2842, commits[63cacea9-0392-4939-ad39-80c4c73dd84b:c2842, bd7b7fea-2a7b-4c3f-852f-c014e42bfcb7:c2839, 3b4aa678-22a6-4ae2-9c6a-0e71cdb9d6d0:c2839]
2019-07-10 03:37:31,950 INFO  client.GrpcClientProtocolClient (GrpcClientProtocolClient.java:onNext(255)) - client-8BD909272E8D->63cacea9-0392-4939-ad39-80c4c73dd84b: receive RaftClientReply:client-8BD909272E8D->63cacea9-0392-4939-ad39-80c4c73dd84b@group-EE6C16B6C358, cid=1944, SUCCESS, logIndex=0, commits[63cacea9-0392-4939-ad39-80c4c73dd84b:c2844, bd7b7fea-2a7b-4c3f-852f-c014e42bfcb7:c2842, 3b4aa678-22a6-4ae2-9c6a-0e71cdb9d6d0:c2842]
2019-07-10 03:37:31,982 INFO  client.GrpcClientProtocolClient (GrpcClientProtocolClient.java:onNext(255)) - client-8BD909272E8D->63cacea9-0392-4939-ad39-80c4c73dd84b: receive RaftClientReply:client-8BD909272E8D->63cacea9-0392-4939-ad39-80c4c73dd84b@group-EE6C16B6C358, cid=1945, SUCCESS, logIndex=2845, commits[63cacea9-0392-4939-ad39-80c4c73dd84b:c2846, bd7b7fea-2a7b-4c3f-852f-c014e42bfcb7:c2844, 3b4aa678-22a6-4ae2-9c6a-0e71cdb9d6d0:c2844]
2019-07-10 03:37:31,982 INFO  client.GrpcClientProtocolClient (GrpcClientProtocolClient.java:onNext(255)) - client-8BD909272E8D->63cacea9-0392-4939-ad39-80c4c73dd84b: receive RaftClientReply:client-8BD909272E8D->63cacea9-0392-4939-ad39-80c4c73dd84b@group-EE6C16B6C358, cid=1946, SUCCESS, logIndex=2846, commits[63cacea9-0392-4939-ad39-80c4c73dd84b:c2847, bd7b7fea-2a7b-4c3f-852f-c014e42bfcb7:c2844, 3b4aa678-22a6-4ae2-9c6a-0e71cdb9d6d0:c2844]
2019-07-10 03:37:31,983 INFO  client.GrpcClientProtocolClient (GrpcClientProtocolClient.java:onNext(255)) - client-8BD909272E8D->63cacea9-0392-4939-ad39-80c4c73dd84b: receive RaftClientReply:client-8BD909272E8D->63cacea9-0392-4939-ad39-80c4c73dd84b@group-EE6C16B6C358, cid=1947, SUCCESS, logIndex=2847, commits[63cacea9-0392-4939-ad39-80c4c73dd84b:c2848, bd7b7fea-2a7b-4c3f-852f-c014e42bfcb7:c2844, 3b4aa678-22a6-4ae2-9c6a-0e71cdb9d6d0:c2844]
2019-07-10 03:37:31,983 INFO  client.GrpcClientProtocolClient (GrpcClientProtocolClient.java:onNext(255)) - client-8BD909272E8D->63cacea9-0392-4939-ad39-80c4c73dd84b: receive RaftClientReply:client-8BD909272E8D->63cacea9-0392-4939-ad39-80c4c73dd84b@group-EE6C16B6C358, cid=1948, SUCCESS, logIndex=2848, commits[63cacea9-0392-4939-ad39-80c4c73dd84b:c2848, bd7b7fea-2a7b-4c3f-852f-c014e42bfcb7:c2844, 3b4aa678-22a6-4ae2-9c6a-0e71cdb9d6d0:c2844]
2019-07-10 03:37:31,984 INFO  client.GrpcClientProtocolClient (GrpcClientProtocolClient.java:onNext(255)) - client-8BD909272E8D->63cacea9-0392-4939-ad39-80c4c73dd84b: receive RaftClientReply:client-8BD909272E8D->63cacea9-0392-4939-ad39-80c4c73dd84b@group-EE6C16B6C358, cid=1949, SUCCESS, logIndex=0, commits[63cacea9-0392-4939-ad39-80c4c73dd84b:c2850, bd7b7fea-2a7b-4c3f-852f-c014e42bfcb7:c2847, 3b4aa678-22a6-4ae2-9c6a-0e71cdb9d6d0:c2846]
2019-07-10 03:37:32,005 INFO  client.GrpcClientProtocolClient (GrpcClientProtocolClient.java:onNext(255)) - client-8BD909272E8D->63cacea9-0392-4939-ad39-80c4c73dd84b: receive RaftClientReply:client-8BD909272E8D->63cacea9-0392-4939-ad39-80c4c73dd84b@group-EE6C16B6C358, cid=1950, SUCCESS, logIndex=2853, commits[63cacea9-0392-4939-ad39-80c4c73dd84b:c2854, bd7b7fea-2a7b-4c3f-852f-c014e42bfcb7:c2852, 3b4aa678-22a6-4ae2-9c6a-0e71cdb9d6d0:c2852]
2019-07-10 03:37:32,005 INFO  client.GrpcClientProtocolClient (GrpcClientProtocolClient.java:onNext(255)) - client-8BD909272E8D->63cacea9-0392-4939-ad39-80c4c73dd84b: receive RaftClientReply:client-8BD909272E8D->63cacea9-0392-4939-ad39-80c4c73dd84b@group-EE6C16B6C358, cid=1951, SUCCESS, logIndex=2854, commits[63cacea9-0392-4939-ad39-80c4c73dd84b:c2854, bd7b7fea-2a7b-4c3f-852f-c014e42bfcb7:c2852, 3b4aa678-22a6-4ae2-9c6a-0e71cdb9d6d0:c2852]
2019-07-10 03:37:32,029 INFO  client.GrpcClientProtocolClient (GrpcClientProtocolClient.java:onNext(255)) - client-8BD909272E8D->63cacea9-0392-4939-ad39-80c4c73dd84b: receive RaftClientReply:client-8BD909272E8D->63cacea9-0392-4939-ad39-80c4c73dd84b@group-EE6C16B6C358, cid=1952, SUCCESS, logIndex=2857, commits[63cacea9-0392-4939-ad39-80c4c73dd84b:c2858, bd7b7fea-2a7b-4c3f-852f-c014e42bfcb7:c2853, 3b4aa678-22a6-4ae2-9c6a-0e71cdb9d6d0:c2854]
2019-07-10 03:37:32,029 INFO  client.GrpcClientProtocolClient (GrpcClientProtocolClient.java:onNext(255)) - client-8BD909272E8D->63cacea9-0392-4939-ad39-80c4c73dd84b: receive RaftClientReply:client-8BD909272E8D->63cacea9-0392-4939-ad39-80c4c73dd84b@group-EE6C16B6C358, cid=1953, SUCCESS, logIndex=2858, commits[63cacea9-0392-4939-ad39-80c4c73dd84b:c2858, bd7b7fea-2a7b-4c3f-852f-c014e42bfcb7:c2854, 3b4aa678-22a6-4ae2-9c6a-0e71cdb9d6d0:c2854]
2019-07-10 03:37:32,032 INFO  client.GrpcClientProtocolClient (GrpcClientProtocolClient.java:onNext(255)) - client-8BD909272E8D->63cacea9-0392-4939-ad39-80c4c73dd84b: receive RaftClientReply:client-8BD909272E8D->63cacea9-0392-4939-ad39-80c4c73dd84b@group-EE6C16B6C358, cid=1954, SUCCESS, logIndex=0, commits[63cacea9-0392-4939-ad39-80c4c73dd84b:c2860, bd7b7fea-2a7b-4c3f-852f-c014e42bfcb7:c2858, 3b4aa678-22a6-4ae2-9c6a-0e71cdb9d6d0:c2858]
2019-07-10 03:37:32,066 INFO  client.GrpcClientProtocolClient (GrpcClientProtocolClient.java:onNext(255)) - client-8BD909272E8D->63cacea9-0392-4939-ad39-80c4c73dd84b: receive RaftClientReply:client-8BD909272E8D->63cacea9-0392-4939-ad39-80c4c73dd84b@group-EE6C16B6C358, cid=1955, SUCCESS, logIndex=2861, commits[63cacea9-0392-4939-ad39-80c4c73dd84b:c2862, bd7b7fea-2a7b-4c3f-852f-c014e42bfcb7:c2860, 3b4aa678-22a6-4ae2-9c6a-0e71cdb9d6d0:c2860]
2019-07-10 03:37:32,067 INFO  client.GrpcClientProtocolClient (GrpcClientProtocolClient.java:onNext(255)) - client-8BD909272E8D->63cacea9-0392-4939-ad39-80c4c73dd84b: receive RaftClientReply:client-8BD909272E8D->63cacea9-0392-4939-ad39-80c4c73dd84b@group-EE6C16B6C358, cid=1956, SUCCESS, logIndex=2862, commits[63cacea9-0392-4939-ad39-80c4c73dd84b:c2864, bd7b7fea-2a7b-4c3f-852f-c014e42bfcb7:c2860, 3b4aa678-22a6-4ae2-9c6a-0e71cdb9d6d0:c2860]
2019-07-10 03:37:32,067 INFO  client.GrpcClientProtocolClient (GrpcClientProtocolClient.java:onNext(255)) - client-8BD909272E8D->63cacea9-0392-4939-ad39-80c4c73dd84b: receive RaftClientReply:client-8BD909272E8D->63cacea9-0392-4939-ad39-80c4c73dd84b@group-EE6C16B6C358, cid=1957, SUCCESS, logIndex=2863, commits[63cacea9-0392-4939-ad39-80c4c73dd84b:c2864, bd7b7fea-2a7b-4c3f-852f-c014e42bfcb7:c2860, 3b4aa678-22a6-4ae2-9c6a-0e71cdb9d6d0:c2860]
2019-07-10 03:37:32,068 INFO  client.GrpcClientProtocolClient (GrpcClientProtocolClient.java:onNext(255)) - client-8BD909272E8D->63cacea9-0392-4939-ad39-80c4c73dd84b: receive RaftClientReply:client-8BD909272E8D->63cacea9-0392-4939-ad39-80c4c73dd84b@group-EE6C16B6C358, cid=1958, SUCCESS, logIndex=2864, commits[63cacea9-0392-4939-ad39-80c4c73dd84b:c2865, bd7b7fea-2a7b-4c3f-852f-c014e42bfcb7:c2860, 3b4aa678-22a6-4ae2-9c6a-0e71cdb9d6d0:c2862]
2019-07-10 03:37:32,069 INFO  client.GrpcClientProtocolClient (GrpcClientProtocolClient.java:onNext(255)) - client-8BD909272E8D->63cacea9-0392-4939-ad39-80c4c73dd84b: receive RaftClientReply:client-8BD909272E8D->63cacea9-0392-4939-ad39-80c4c73dd84b@group-EE6C16B6C358, cid=1959, SUCCESS, logIndex=0, commits[63cacea9-0392-4939-ad39-80c4c73dd84b:c2867, bd7b7fea-2a7b-4c3f-852f-c014e42bfcb7:c2864, 3b4aa678-22a6-4ae2-9c6a-0e71cdb9d6d0:c2862]
2019-07-10 03:37:32,089 INFO  client.GrpcClientProtocolClient (GrpcClientProtocolClient.java:onNext(255)) - client-8BD909272E8D->63cacea9-0392-4939-ad39-80c4c73dd84b: receive RaftClientReply:client-8BD909272E8D->63cacea9-0392-4939-ad39-80c4c73dd84b@group-EE6C16B6C358, cid=1960, SUCCESS, logIndex=2869, commits[63cacea9-0392-4939-ad39-80c4c73dd84b:c2870, bd7b7fea-2a7b-4c3f-852f-c014e42bfcb7:c2868, 3b4aa678-22a6-4ae2-9c6a-0e71cdb9d6d0:c2868]
2019-07-10 03:37:32,090 INFO  client.GrpcClientProtocolClient (GrpcClientProtocolClient.java:onNext(255)) - client-8BD909272E8D->63cacea9-0392-4939-ad39-80c4c73dd84b: receive RaftClientReply:client-8BD909272E8D->63cacea9-0392-4939-ad39-80c4c73dd84b@group-EE6C16B6C358, cid=1961, SUCCESS, logIndex=2870, commits[63cacea9-0392-4939-ad39-80c4c73dd84b:c2870, bd7b7fea-2a7b-4c3f-852f-c014e42bfcb7:c2868, 3b4aa678-22a6-4ae2-9c6a-0e71cdb9d6d0:c2868]
2019-07-10 03:37:32,103 INFO  client.GrpcClientProtocolClient (GrpcClientProtocolClient.java:onNext(255)) - client-8BD909272E8D->63cacea9-0392-4939-ad39-80c4c73dd84b: receive RaftClientReply:client-8BD909272E8D->63cacea9-0392-4939-ad39-80c4c73dd84b@group-EE6C16B6C358, cid=1962, SUCCESS, logIndex=2873, commits[63cacea9-0392-4939-ad39-80c4c73dd84b:c2874, bd7b7fea-2a7b-4c3f-852f-c014e42bfcb7:c2870, 3b4aa678-22a6-4ae2-9c6a-0e71cdb9d6d0:c2869]
2019-07-10 03:37:32,103 INFO  client.GrpcClientProtocolClient (GrpcClientProtocolClient.java:onNext(255)) - client-8BD909272E8D->63cacea9-0392-4939-ad39-80c4c73dd84b: receive RaftClientReply:client-8BD909272E8D->63cacea9-0392-4939-ad39-80c4c73dd84b@group-EE6C16B6C358, cid=1963, SUCCESS, logIndex=2874, commits[63cacea9-0392-4939-ad39-80c4c73dd84b:c2874, bd7b7fea-2a7b-4c3f-852f-c014e42bfcb7:c2870, 3b4aa678-22a6-4ae2-9c6a-0e71cdb9d6d0:c2869]
2019-07-10 03:37:32,115 INFO  client.GrpcClientProtocolClient (GrpcClientProtocolClient.java:onNext(255)) - client-8BD909272E8D->63cacea9-0392-4939-ad39-80c4c73dd84b: receive RaftClientReply:client-8BD909272E8D->63cacea9-0392-4939-ad39-80c4c73dd84b@group-EE6C16B6C358, cid=1964, SUCCESS, logIndex=0, commits[63cacea9-0392-4939-ad39-80c4c73dd84b:c2874, bd7b7fea-2a7b-4c3f-852f-c014e42bfcb7:c2874, 3b4aa678-22a6-4ae2-9c6a-0e71cdb9d6d0:c2870]
2019-07-10 03:37:32,117 INFO  client.GrpcClientProtocolClient (GrpcClientProtocolClient.java:onNext(255)) - client-8BD909272E8D->63cacea9-0392-4939-ad39-80c4c73dd84b: receive RaftClientReply:client-8BD909272E8D->63cacea9-0392-4939-ad39-80c4c73dd84b@group-EE6C16B6C358, cid=1965, SUCCESS, logIndex=0, commits[63cacea9-0392-4939-ad39-80c4c73dd84b:c2876, bd7b7fea-2a7b-4c3f-852f-c014e42bfcb7:c2874, 3b4aa678-22a6-4ae2-9c6a-0e71cdb9d6d0:c2874]
2019-07-10 03:37:32,147 INFO  client.GrpcClientProtocolClient (GrpcClientProtocolClient.java:onNext(255)) - client-8BD909272E8D->63cacea9-0392-4939-ad39-80c4c73dd84b: receive RaftClientReply:client-8BD909272E8D->63cacea9-0392-4939-ad39-80c4c73dd84b@group-EE6C16B6C358, cid=1966, SUCCESS, logIndex=2877, commits[63cacea9-0392-4939-ad39-80c4c73dd84b:c2879, bd7b7fea-2a7b-4c3f-852f-c014e42bfcb7:c2876, 3b4aa678-22a6-4ae2-9c6a-0e71cdb9d6d0:c2876]
2019-07-10 03:37:32,148 INFO  client.GrpcClientProtocolClient (GrpcClientProtocolClient.java:onNext(255)) - client-8BD909272E8D->63cacea9-0392-4939-ad39-80c4c73dd84b: receive RaftClientReply:client-8BD909272E8D->63cacea9-0392-4939-ad39-80c4c73dd84b@group-EE6C16B6C358, cid=1967, SUCCESS, logIndex=2878, commits[63cacea9-0392-4939-ad39-80c4c73dd84b:c2880, bd7b7fea-2a7b-4c3f-852f-c014e42bfcb7:c2876, 3b4aa678-22a6-4ae2-9c6a-0e71cdb9d6d0:c2876]
2019-07-10 03:37:32,148 INFO  client.GrpcClientProtocolClient (GrpcClientProtocolClient.java:onNext(255)) - client-8BD909272E8D->63cacea9-0392-4939-ad39-80c4c73dd84b: receive RaftClientReply:client-8BD909272E8D->63cacea9-0392-4939-ad39-80c4c73dd84b@group-EE6C16B6C358, cid=1968, SUCCESS, logIndex=2879, commits[63cacea9-0392-4939-ad39-80c4c73dd84b:c2880, bd7b7fea-2a7b-4c3f-852f-c014e42bfcb7:c2876, 3b4aa678-22a6-4ae2-9c6a-0e71cdb9d6d0:c2876]
2019-07-10 03:37:32,148 INFO  client.GrpcClientProtocolClient (GrpcClientProtocolClient.java:onNext(255)) - client-8BD909272E8D->63cacea9-0392-4939-ad39-80c4c73dd84b: receive RaftClientReply:client-8BD909272E8D->63cacea9-0392-4939-ad39-80c4c73dd84b@group-EE6C16B6C358, cid=1969, SUCCESS, logIndex=2880, commits[63cacea9-0392-4939-ad39-80c4c73dd84b:c2880, bd7b7fea-2a7b-4c3f-852f-c014e42bfcb7:c2876, 3b4aa678-22a6-4ae2-9c6a-0e71cdb9d6d0:c2876]
2019-07-10 03:37:32,158 INFO  client.GrpcClientProtocolClient (GrpcClientProtocolClient.java:onNext(255)) - client-8BD909272E8D->63cacea9-0392-4939-ad39-80c4c73dd84b: receive RaftClientReply:client-8BD909272E8D->63cacea9-0392-4939-ad39-80c4c73dd84b@group-EE6C16B6C358, cid=1970, SUCCESS, logIndex=0, commits[63cacea9-0392-4939-ad39-80c4c73dd84b:c2881, bd7b7fea-2a7b-4c3f-852f-c014e42bfcb7:c2878, 3b4aa678-22a6-4ae2-9c6a-0e71cdb9d6d0:c2878]
2019-07-10 03:37:32,179 INFO  client.GrpcClientProtocolClient (GrpcClientProtocolClient.java:onNext(255)) - client-8BD909272E8D->63cacea9-0392-4939-ad39-80c4c73dd84b: receive RaftClientReply:client-8BD909272E8D->63cacea9-0392-4939-ad39-80c4c73dd84b@group-EE6C16B6C358, cid=1971, SUCCESS, logIndex=2885, commits[63cacea9-0392-4939-ad39-80c4c73dd84b:c2886, bd7b7fea-2a7b-4c3f-852f-c014e42bfcb7:c2884, 3b4aa678-22a6-4ae2-9c6a-0e71cdb9d6d0:c2884]
2019-07-10 03:37:32,180 INFO  client.GrpcClientProtocolClient (GrpcClientProtocolClient.java:onNext(255)) - client-8BD909272E8D->63cacea9-0392-4939-ad39-80c4c73dd84b: receive RaftClientReply:client-8BD909272E8D->63cacea9-0392-4939-ad39-80c4c73dd84b@group-EE6C16B6C358, cid=1972, SUCCESS, logIndex=2886, commits[63cacea9-0392-4939-ad39-80c4c73dd84b:c2886, bd7b7fea-2a7b-4c3f-852f-c014e42bfcb7:c2884, 3b4aa678-22a6-4ae2-9c6a-0e71cdb9d6d0:c2884]
2019-07-10 03:37:32,195 INFO  client.GrpcClientProtocolClient (GrpcClientProtocolClient.java:onNext(255)) - client-8BD909272E8D->63cacea9-0392-4939-ad39-80c4c73dd84b: receive RaftClientReply:client-8BD909272E8D->63cacea9-0392-4939-ad39-80c4c73dd84b@group-EE6C16B6C358, cid=1973, SUCCESS, logIndex=2889, commits[63cacea9-0392-4939-ad39-80c4c73dd84b:c2890, bd7b7fea-2a7b-4c3f-852f-c014e42bfcb7:c2886, 3b4aa678-22a6-4ae2-9c6a-0e71cdb9d6d0:c2886]
2019-07-10 03:37:32,196 INFO  client.GrpcClientProtocolClient (GrpcClientProtocolClient.java:onNext(255)) - client-8BD909272E8D->63cacea9-0392-4939-ad39-80c4c73dd84b: receive RaftClientReply:client-8BD909272E8D->63cacea9-0392-4939-ad39-80c4c73dd84b@group-EE6C16B6C358, cid=1974, SUCCESS, logIndex=2890, commits[63cacea9-0392-4939-ad39-80c4c73dd84b:c2890, bd7b7fea-2a7b-4c3f-852f-c014e42bfcb7:c2886, 3b4aa678-22a6-4ae2-9c6a-0e71cdb9d6d0:c2886]
2019-07-10 03:37:32,210 INFO  client.GrpcClientProtocolClient (GrpcClientProtocolClient.java:onNext(255)) - client-8BD909272E8D->63cacea9-0392-4939-ad39-80c4c73dd84b: receive RaftClientReply:client-8BD909272E8D->63cacea9-0392-4939-ad39-80c4c73dd84b@group-EE6C16B6C358, cid=1975, SUCCESS, logIndex=0, commits[63cacea9-0392-4939-ad39-80c4c73dd84b:c2892, bd7b7fea-2a7b-4c3f-852f-c014e42bfcb7:c2890, 3b4aa678-22a6-4ae2-9c6a-0e71cdb9d6d0:c2890]
2019-07-10 03:37:32,235 INFO  client.GrpcClientProtocolClient (GrpcClientProtocolClient.java:onNext(255)) - client-8BD909272E8D->63cacea9-0392-4939-ad39-80c4c73dd84b: receive RaftClientReply:client-8BD909272E8D->63cacea9-0392-4939-ad39-80c4c73dd84b@group-EE6C16B6C358, cid=1976, SUCCESS, logIndex=2893, commits[63cacea9-0392-4939-ad39-80c4c73dd84b:c2894, bd7b7fea-2a7b-4c3f-852f-c014e42bfcb7:c2892, 3b4aa678-22a6-4ae2-9c6a-0e71cdb9d6d0:c2892]
2019-07-10 03:37:32,236 INFO  client.GrpcClientProtocolClient (GrpcClientProtocolClient.java:onNext(255)) - client-8BD909272E8D->63cacea9-0392-4939-ad39-80c4c73dd84b: receive RaftClientReply:client-8BD909272E8D->63cacea9-0392-4939-ad39-80c4c73dd84b@group-EE6C16B6C358, cid=1977, SUCCESS, logIndex=2894, commits[63cacea9-0392-4939-ad39-80c4c73dd84b:c2894, bd7b7fea-2a7b-4c3f-852f-c014e42bfcb7:c2892, 3b4aa678-22a6-4ae2-9c6a-0e71cdb9d6d0:c2892]
2019-07-10 03:37:32,237 INFO  client.GrpcClientProtocolClient (GrpcClientProtocolClient.java:onNext(255)) - client-8BD909272E8D->63cacea9-0392-4939-ad39-80c4c73dd84b: receive RaftClientReply:client-8BD909272E8D->63cacea9-0392-4939-ad39-80c4c73dd84b@group-EE6C16B6C358, cid=1978, SUCCESS, logIndex=2895, commits[63cacea9-0392-4939-ad39-80c4c73dd84b:c2896, bd7b7fea-2a7b-4c3f-852f-c014e42bfcb7:c2892, 3b4aa678-22a6-4ae2-9c6a-0e71cdb9d6d0:c2892]
2019-07-10 03:37:32,237 INFO  client.GrpcClientProtocolClient (GrpcClientProtocolClient.java:onNext(255)) - client-8BD909272E8D->63cacea9-0392-4939-ad39-80c4c73dd84b: receive RaftClientReply:client-8BD909272E8D->63cacea9-0392-4939-ad39-80c4c73dd84b@group-EE6C16B6C358, cid=1979, SUCCESS, logIndex=2896, commits[63cacea9-0392-4939-ad39-80c4c73dd84b:c2896, bd7b7fea-2a7b-4c3f-852f-c014e42bfcb7:c2892, 3b4aa678-22a6-4ae2-9c6a-0e71cdb9d6d0:c2892]
2019-07-10 03:37:32,239 INFO  client.GrpcClientProtocolClient (GrpcClientProtocolClient.java:onNext(255)) - client-8BD909272E8D->63cacea9-0392-4939-ad39-80c4c73dd84b: receive RaftClientReply:client-8BD909272E8D->63cacea9-0392-4939-ad39-80c4c73dd84b@group-EE6C16B6C358, cid=1980, SUCCESS, logIndex=0, commits[63cacea9-0392-4939-ad39-80c4c73dd84b:c2898, bd7b7fea-2a7b-4c3f-852f-c014e42bfcb7:c2894, 3b4aa678-22a6-4ae2-9c6a-0e71cdb9d6d0:c2894]
2019-07-10 03:37:32,254 INFO  client.GrpcClientProtocolClient (GrpcClientProtocolClient.java:onNext(255)) - client-8BD909272E8D->63cacea9-0392-4939-ad39-80c4c73dd84b: receive RaftClientReply:client-8BD909272E8D->63cacea9-0392-4939-ad39-80c4c73dd84b@group-EE6C16B6C358, cid=1981, SUCCESS, logIndex=2901, commits[63cacea9-0392-4939-ad39-80c4c73dd84b:c2902, bd7b7fea-2a7b-4c3f-852f-c014e42bfcb7:c2898, 3b4aa678-22a6-4ae2-9c6a-0e71cdb9d6d0:c2896]
2019-07-10 03:37:32,255 INFO  client.GrpcClientProtocolClient (GrpcClientProtocolClient.java:onNext(255)) - client-8BD909272E8D->63cacea9-0392-4939-ad39-80c4c73dd84b: receive RaftClientReply:client-8BD909272E8D->63cacea9-0392-4939-ad39-80c4c73dd84b@group-EE6C16B6C358, cid=1982, SUCCESS, logIndex=2902, commits[63cacea9-0392-4939-ad39-80c4c73dd84b:c2902, bd7b7fea-2a7b-4c3f-852f-c014e42bfcb7:c2898, 3b4aa678-22a6-4ae2-9c6a-0e71cdb9d6d0:c2898]
2019-07-10 03:37:32,269 INFO  client.GrpcClientProtocolClient (GrpcClientProtocolClient.java:onNext(255)) - client-8BD909272E8D->63cacea9-0392-4939-ad39-80c4c73dd84b: receive RaftClientReply:client-8BD909272E8D->63cacea9-0392-4939-ad39-80c4c73dd84b@group-EE6C16B6C358, cid=1983, SUCCESS, logIndex=2904, commits[63cacea9-0392-4939-ad39-80c4c73dd84b:c2905, bd7b7fea-2a7b-4c3f-852f-c014e42bfcb7:c2902, 3b4aa678-22a6-4ae2-9c6a-0e71cdb9d6d0:c2902]
2019-07-10 03:37:32,270 INFO  client.GrpcClientProtocolClient (GrpcClientProtocolClient.java:onNext(255)) - client-8BD909272E8D->63cacea9-0392-4939-ad39-80c4c73dd84b: receive RaftClientReply:client-8BD909272E8D->63cacea9-0392-4939-ad39-80c4c73dd84b@group-EE6C16B6C358, cid=1984, SUCCESS, logIndex=2905, commits[63cacea9-0392-4939-ad39-80c4c73dd84b:c2905, bd7b7fea-2a7b-4c3f-852f-c014e42bfcb7:c2902, 3b4aa678-22a6-4ae2-9c6a-0e71cdb9d6d0:c2902]
2019-07-10 03:37:32,274 INFO  client.GrpcClientProtocolClient (GrpcClientProtocolClient.java:onNext(255)) - client-8BD909272E8D->63cacea9-0392-4939-ad39-80c4c73dd84b: receive RaftClientReply:client-8BD909272E8D->63cacea9-0392-4939-ad39-80c4c73dd84b@group-EE6C16B6C358, cid=1985, SUCCESS, logIndex=0, commits[63cacea9-0392-4939-ad39-80c4c73dd84b:c2907, bd7b7fea-2a7b-4c3f-852f-c014e42bfcb7:c2905, 3b4aa678-22a6-4ae2-9c6a-0e71cdb9d6d0:c2905]
2019-07-10 03:37:32,315 INFO  client.GrpcClientProtocolClient (GrpcClientProtocolClient.java:onNext(255)) - client-8BD909272E8D->63cacea9-0392-4939-ad39-80c4c73dd84b: receive RaftClientReply:client-8BD909272E8D->63cacea9-0392-4939-ad39-80c4c73dd84b@group-EE6C16B6C358, cid=1986, SUCCESS, logIndex=2908, commits[63cacea9-0392-4939-ad39-80c4c73dd84b:c2909, bd7b7fea-2a7b-4c3f-852f-c014e42bfcb7:c2907, 3b4aa678-22a6-4ae2-9c6a-0e71cdb9d6d0:c2907]
2019-07-10 03:37:32,315 INFO  client.GrpcClientProtocolClient (GrpcClientProtocolClient.java:onNext(255)) - client-8BD909272E8D->63cacea9-0392-4939-ad39-80c4c73dd84b: receive RaftClientReply:client-8BD909272E8D->63cacea9-0392-4939-ad39-80c4c73dd84b@group-EE6C16B6C358, cid=1987, SUCCESS, logIndex=2909, commits[63cacea9-0392-4939-ad39-80c4c73dd84b:c2909, bd7b7fea-2a7b-4c3f-852f-c014e42bfcb7:c2907, 3b4aa678-22a6-4ae2-9c6a-0e71cdb9d6d0:c2907]
2019-07-10 03:37:32,316 INFO  client.GrpcClientProtocolClient (GrpcClientProtocolClient.java:onNext(255)) - client-8BD909272E8D->63cacea9-0392-4939-ad39-80c4c73dd84b: receive RaftClientReply:client-8BD909272E8D->63cacea9-0392-4939-ad39-80c4c73dd84b@group-EE6C16B6C358, cid=1988, SUCCESS, logIndex=2910, commits[63cacea9-0392-4939-ad39-80c4c73dd84b:c2911, bd7b7fea-2a7b-4c3f-852f-c014e42bfcb7:c2907, 3b4aa678-22a6-4ae2-9c6a-0e71cdb9d6d0:c2907]
2019-07-10 03:37:32,316 INFO  client.GrpcClientProtocolClient (GrpcClientProtocolClient.java:onNext(255)) - client-8BD909272E8D->63cacea9-0392-4939-ad39-80c4c73dd84b: receive RaftClientReply:client-8BD909272E8D->63cacea9-0392-4939-ad39-80c4c73dd84b@group-EE6C16B6C358, cid=1989, SUCCESS, logIndex=2911, commits[63cacea9-0392-4939-ad39-80c4c73dd84b:c2911, bd7b7fea-2a7b-4c3f-852f-c014e42bfcb7:c2907, 3b4aa678-22a6-4ae2-9c6a-0e71cdb9d6d0:c2907]
2019-07-10 03:37:32,329 INFO  client.GrpcClientProtocolClient (GrpcClientProtocolClient.java:onNext(255)) - client-8BD909272E8D->63cacea9-0392-4939-ad39-80c4c73dd84b: receive RaftClientReply:client-8BD909272E8D->63cacea9-0392-4939-ad39-80c4c73dd84b@group-EE6C16B6C358, cid=1990, SUCCESS, logIndex=0, commits[63cacea9-0392-4939-ad39-80c4c73dd84b:c2915, bd7b7fea-2a7b-4c3f-852f-c014e42bfcb7:c2909, 3b4aa678-22a6-4ae2-9c6a-0e71cdb9d6d0:c2911]
2019-07-10 03:37:32,350 INFO  client.GrpcClientProtocolClient (GrpcClientProtocolClient.java:onNext(255)) - client-8BD909272E8D->63cacea9-0392-4939-ad39-80c4c73dd84b: receive RaftClientReply:client-8BD909272E8D->63cacea9-0392-4939-ad39-80c4c73dd84b@group-EE6C16B6C358, cid=1991, SUCCESS, logIndex=2916, commits[63cacea9-0392-4939-ad39-80c4c73dd84b:c2917, bd7b7fea-2a7b-4c3f-852f-c014e42bfcb7:c2915, 3b4aa678-22a6-4ae2-9c6a-0e71cdb9d6d0:c2915]
2019-07-10 03:37:32,351 INFO  client.GrpcClientProtocolClient (GrpcClientProtocolClient.java:onNext(255)) - client-8BD909272E8D->63cacea9-0392-4939-ad39-80c4c73dd84b: receive RaftClientReply:client-8BD909272E8D->63cacea9-0392-4939-ad39-80c4c73dd84b@group-EE6C16B6C358, cid=1992, SUCCESS, logIndex=2917, commits[63cacea9-0392-4939-ad39-80c4c73dd84b:c2917, bd7b7fea-2a7b-4c3f-852f-c014e42bfcb7:c2915, 3b4aa678-22a6-4ae2-9c6a-0e71cdb9d6d0:c2915]
2019-07-10 03:37:32,364 INFO  client.GrpcClientProtocolClient (GrpcClientProtocolClient.java:onNext(255)) - client-8BD909272E8D->63cacea9-0392-4939-ad39-80c4c73dd84b: receive RaftClientReply:client-8BD909272E8D->63cacea9-0392-4939-ad39-80c4c73dd84b@group-EE6C16B6C358, cid=1993, SUCCESS, logIndex=2920, commits[63cacea9-0392-4939-ad39-80c4c73dd84b:c2921, bd7b7fea-2a7b-4c3f-852f-c014e42bfcb7:c2917, 3b4aa678-22a6-4ae2-9c6a-0e71cdb9d6d0:c2917]
2019-07-10 03:37:32,364 INFO  client.GrpcClientProtocolClient (GrpcClientProtocolClient.java:onNext(255)) - client-8BD909272E8D->63cacea9-0392-4939-ad39-80c4c73dd84b: receive RaftClientReply:client-8BD909272E8D->63cacea9-0392-4939-ad39-80c4c73dd84b@group-EE6C16B6C358, cid=1994, SUCCESS, logIndex=2921, commits[63cacea9-0392-4939-ad39-80c4c73dd84b:c2921, bd7b7fea-2a7b-4c3f-852f-c014e42bfcb7:c2917, 3b4aa678-22a6-4ae2-9c6a-0e71cdb9d6d0:c2917]
2019-07-10 03:37:32,376 INFO  client.GrpcClientProtocolClient (GrpcClientProtocolClient.java:onNext(255)) - client-8BD909272E8D->63cacea9-0392-4939-ad39-80c4c73dd84b: receive RaftClientReply:client-8BD909272E8D->63cacea9-0392-4939-ad39-80c4c73dd84b@group-EE6C16B6C358, cid=1995, SUCCESS, logIndex=0, commits[63cacea9-0392-4939-ad39-80c4c73dd84b:c2922, bd7b7fea-2a7b-4c3f-852f-c014e42bfcb7:c2921, 3b4aa678-22a6-4ae2-9c6a-0e71cdb9d6d0:c2921]
2019-07-10 03:37:32,402 INFO  client.GrpcClientProtocolClient (GrpcClientProtocolClient.java:onNext(255)) - client-8BD909272E8D->63cacea9-0392-4939-ad39-80c4c73dd84b: receive RaftClientReply:client-8BD909272E8D->63cacea9-0392-4939-ad39-80c4c73dd84b@group-EE6C16B6C358, cid=1996, SUCCESS, logIndex=2924, commits[63cacea9-0392-4939-ad39-80c4c73dd84b:c2925, bd7b7fea-2a7b-4c3f-852f-c014e42bfcb7:c2923, 3b4aa678-22a6-4ae2-9c6a-0e71cdb9d6d0:c2923]
2019-07-10 03:37:32,403 INFO  client.GrpcClientProtocolClient (GrpcClientProtocolClient.java:onNext(255)) - client-8BD909272E8D->63cacea9-0392-4939-ad39-80c4c73dd84b: receive RaftClientReply:client-8BD909272E8D->63cacea9-0392-4939-ad39-80c4c73dd84b@group-EE6C16B6C358, cid=1997, SUCCESS, logIndex=2925, commits[63cacea9-0392-4939-ad39-80c4c73dd84b:c2927, bd7b7fea-2a7b-4c3f-852f-c014e42bfcb7:c2923, 3b4aa678-22a6-4ae2-9c6a-0e71cdb9d6d0:c2923]
2019-07-10 03:37:32,403 INFO  client.GrpcClientProtocolClient (GrpcClientProtocolClient.java:onNext(255)) - client-8BD909272E8D->63cacea9-0392-4939-ad39-80c4c73dd84b: receive RaftClientReply:client-8BD909272E8D->63cacea9-0392-4939-ad39-80c4c73dd84b@group-EE6C16B6C358, cid=1998, SUCCESS, logIndex=2926, commits[63cacea9-0392-4939-ad39-80c4c73dd84b:c2927, bd7b7fea-2a7b-4c3f-852f-c014e42bfcb7:c2923, 3b4aa678-22a6-4ae2-9c6a-0e71cdb9d6d0:c2923]
2019-07-10 03:37:32,403 INFO  client.GrpcClientProtocolClient (GrpcClientProtocolClient.java:onNext(255)) - client-8BD909272E8D->63cacea9-0392-4939-ad39-80c4c73dd84b: receive RaftClientReply:client-8BD909272E8D->63cacea9-0392-4939-ad39-80c4c73dd84b@group-EE6C16B6C358, cid=1999, SUCCESS, logIndex=2927, commits[63cacea9-0392-4939-ad39-80c4c73dd84b:c2927, bd7b7fea-2a7b-4c3f-852f-c014e42bfcb7:c2923, 3b4aa678-22a6-4ae2-9c6a-0e71cdb9d6d0:c2923]
2019-07-10 03:37:32,404 INFO  client.GrpcClientProtocolClient (GrpcClientProtocolClient.java:onNext(255)) - client-8BD909272E8D->63cacea9-0392-4939-ad39-80c4c73dd84b: receive RaftClientReply:client-8BD909272E8D->63cacea9-0392-4939-ad39-80c4c73dd84b@group-EE6C16B6C358, cid=2000, SUCCESS, logIndex=0, commits[63cacea9-0392-4939-ad39-80c4c73dd84b:c2928, bd7b7fea-2a7b-4c3f-852f-c014e42bfcb7:c2925, 3b4aa678-22a6-4ae2-9c6a-0e71cdb9d6d0:c2925]
2019-07-10 03:37:32,423 INFO  client.GrpcClientProtocolClient (GrpcClientProtocolClient.java:onNext(255)) - client-8BD909272E8D->63cacea9-0392-4939-ad39-80c4c73dd84b: receive RaftClientReply:client-8BD909272E8D->63cacea9-0392-4939-ad39-80c4c73dd84b@group-EE6C16B6C358, cid=2001, SUCCESS, logIndex=2931, commits[63cacea9-0392-4939-ad39-80c4c73dd84b:c2932, bd7b7fea-2a7b-4c3f-852f-c014e42bfcb7:c2930, 3b4aa678-22a6-4ae2-9c6a-0e71cdb9d6d0:c2930]
2019-07-10 03:37:32,424 INFO  client.GrpcClientProtocolClient (GrpcClientProtocolClient.java:onNext(255)) - client-8BD909272E8D->63cacea9-0392-4939-ad39-80c4c73dd84b: receive RaftClientReply:client-8BD909272E8D->63cacea9-0392-4939-ad39-80c4c73dd84b@group-EE6C16B6C358, cid=2002, SUCCESS, logIndex=2932, commits[63cacea9-0392-4939-ad39-80c4c73dd84b:c2932, bd7b7fea-2a7b-4c3f-852f-c014e42bfcb7:c2930, 3b4aa678-22a6-4ae2-9c6a-0e71cdb9d6d0:c2930]
2019-07-10 03:37:32,439 INFO  client.GrpcClientProtocolClient (GrpcClientProtocolClient.java:onNext(255)) - client-8BD909272E8D->63cacea9-0392-4939-ad39-80c4c73dd84b: receive RaftClientReply:client-8BD909272E8D->63cacea9-0392-4939-ad39-80c4c73dd84b@group-EE6C16B6C358, cid=2003, SUCCESS, logIndex=2935, commits[63cacea9-0392-4939-ad39-80c4c73dd84b:c2935, bd7b7fea-2a7b-4c3f-852f-c014e42bfcb7:c2932, 3b4aa678-22a6-4ae2-9c6a-0e71cdb9d6d0:c2932]
2019-07-10 03:37:32,439 INFO  client.GrpcClientProtocolClient (GrpcClientProtocolClient.java:onNext(255)) - client-8BD909272E8D->63cacea9-0392-4939-ad39-80c4c73dd84b: receive RaftClientReply:client-8BD909272E8D->63cacea9-0392-4939-ad39-80c4c73dd84b@group-EE6C16B6C358, cid=2004, SUCCESS, logIndex=2936, commits[63cacea9-0392-4939-ad39-80c4c73dd84b:c2936, bd7b7fea-2a7b-4c3f-852f-c014e42bfcb7:c2932, 3b4aa678-22a6-4ae2-9c6a-0e71cdb9d6d0:c2932]
2019-07-10 03:37:32,453 INFO  client.GrpcClientProtocolClient (GrpcClientProtocolClient.java:onNext(255)) - client-8BD909272E8D->63cacea9-0392-4939-ad39-80c4c73dd84b: receive RaftClientReply:client-8BD909272E8D->63cacea9-0392-4939-ad39-80c4c73dd84b@group-EE6C16B6C358, cid=2005, SUCCESS, logIndex=0, commits[63cacea9-0392-4939-ad39-80c4c73dd84b:c2938, bd7b7fea-2a7b-4c3f-852f-c014e42bfcb7:c2936, 3b4aa678-22a6-4ae2-9c6a-0e71cdb9d6d0:c2936]
2019-07-10 03:37:32,483 INFO  client.GrpcClientProtocolClient (GrpcClientProtocolClient.java:onNext(255)) - client-8BD909272E8D->63cacea9-0392-4939-ad39-80c4c73dd84b: receive RaftClientReply:client-8BD909272E8D->63cacea9-0392-4939-ad39-80c4c73dd84b@group-EE6C16B6C358, cid=2006, SUCCESS, logIndex=2939, commits[63cacea9-0392-4939-ad39-80c4c73dd84b:c2942, bd7b7fea-2a7b-4c3f-852f-c014e42bfcb7:c2938, 3b4aa678-22a6-4ae2-9c6a-0e71cdb9d6d0:c2938]
2019-07-10 03:37:32,483 INFO  client.GrpcClientProtocolClient (GrpcClientProtocolClient.java:onNext(255)) - client-8BD909272E8D->63cacea9-0392-4939-ad39-80c4c73dd84b: receive RaftClientReply:client-8BD909272E8D->63cacea9-0392-4939-ad39-80c4c73dd84b@group-EE6C16B6C358, cid=2007, SUCCESS, logIndex=2940, commits[63cacea9-0392-4939-ad39-80c4c73dd84b:c2942, bd7b7fea-2a7b-4c3f-852f-c014e42bfcb7:c2938, 3b4aa678-22a6-4ae2-9c6a-0e71cdb9d6d0:c2938]
2019-07-10 03:37:32,484 INFO  client.GrpcClientProtocolClient (GrpcClientProtocolClient.java:onNext(255)) - client-8BD909272E8D->63cacea9-0392-4939-ad39-80c4c73dd84b: receive RaftClientReply:client-8BD909272E8D->63cacea9-0392-4939-ad39-80c4c73dd84b@group-EE6C16B6C358, cid=2008, SUCCESS, logIndex=2941, commits[63cacea9-0392-4939-ad39-80c4c73dd84b:c2942, bd7b7fea-2a7b-4c3f-852f-c014e42bfcb7:c2938, 3b4aa678-22a6-4ae2-9c6a-0e71cdb9d6d0:c2938]
2019-07-10 03:37:32,484 INFO  client.GrpcClientProtocolClient (GrpcClientProtocolClient.java:onNext(255)) - client-8BD909272E8D->63cacea9-0392-4939-ad39-80c4c73dd84b: receive RaftClientReply:client-8BD909272E8D->63cacea9-0392-4939-ad39-80c4c73dd84b@group-EE6C16B6C358, cid=2009, SUCCESS, logIndex=2942, commits[63cacea9-0392-4939-ad39-80c4c73dd84b:c2942, bd7b7fea-2a7b-4c3f-852f-c014e42bfcb7:c2938, 3b4aa678-22a6-4ae2-9c6a-0e71cdb9d6d0:c2938]
2019-07-10 03:37:32,494 INFO  client.GrpcClientProtocolClient (GrpcClientProtocolClient.java:onNext(255)) - client-8BD909272E8D->63cacea9-0392-4939-ad39-80c4c73dd84b: receive RaftClientReply:client-8BD909272E8D->63cacea9-0392-4939-ad39-80c4c73dd84b@group-EE6C16B6C358, cid=2010, SUCCESS, logIndex=0, commits[63cacea9-0392-4939-ad39-80c4c73dd84b:c2942, bd7b7fea-2a7b-4c3f-852f-c014e42bfcb7:c2940, 3b4aa678-22a6-4ae2-9c6a-0e71cdb9d6d0:c2940]
2019-07-10 03:37:32,606 INFO  client.GrpcClientProtocolClient (GrpcClientProtocolClient.java:onNext(255)) - client-8BD909272E8D->63cacea9-0392-4939-ad39-80c4c73dd84b: receive RaftClientReply:client-8BD909272E8D->63cacea9-0392-4939-ad39-80c4c73dd84b@group-EE6C16B6C358, cid=2011, SUCCESS, logIndex=2947, commits[63cacea9-0392-4939-ad39-80c4c73dd84b:c2948, bd7b7fea-2a7b-4c3f-852f-c014e42bfcb7:c2946, 3b4aa678-22a6-4ae2-9c6a-0e71cdb9d6d0:c2946]
2019-07-10 03:37:32,607 INFO  client.GrpcClientProtocolClient (GrpcClientProtocolClient.java:onNext(255)) - client-8BD909272E8D->63cacea9-0392-4939-ad39-80c4c73dd84b: receive RaftClientReply:client-8BD909272E8D->63cacea9-0392-4939-ad39-80c4c73dd84b@group-EE6C16B6C358, cid=2012, SUCCESS, logIndex=2948, commits[63cacea9-0392-4939-ad39-80c4c73dd84b:c2948, bd7b7fea-2a7b-4c3f-852f-c014e42bfcb7:c2946, 3b4aa678-22a6-4ae2-9c6a-0e71cdb9d6d0:c2946]
2019-07-10 03:37:32,631 INFO  client.GrpcClientProtocolClient (GrpcClientProtocolClient.java:onNext(255)) - client-8BD909272E8D->63cacea9-0392-4939-ad39-80c4c73dd84b: receive RaftClientReply:client-8BD909272E8D->63cacea9-0392-4939-ad39-80c4c73dd84b@group-EE6C16B6C358, cid=2013, SUCCESS, logIndex=2951, commits[63cacea9-0392-4939-ad39-80c4c73dd84b:c2952, bd7b7fea-2a7b-4c3f-852f-c014e42bfcb7:c2948, 3b4aa678-22a6-4ae2-9c6a-0e71cdb9d6d0:c2948]
2019-07-10 03:37:32,632 INFO  client.GrpcClientProtocolClient (GrpcClientProtocolClient.java:onNext(255)) - client-8BD909272E8D->63cacea9-0392-4939-ad39-80c4c73dd84b: receive RaftClientReply:client-8BD909272E8D->63cacea9-0392-4939-ad39-80c4c73dd84b@group-EE6C16B6C358, cid=2014, SUCCESS, logIndex=2952, commits[63cacea9-0392-4939-ad39-80c4c73dd84b:c2952, bd7b7fea-2a7b-4c3f-852f-c014e42bfcb7:c2948, 3b4aa678-22a6-4ae2-9c6a-0e71cdb9d6d0:c2948]
2019-07-10 03:37:32,643 INFO  client.GrpcClientProtocolClient (GrpcClientProtocolClient.java:onNext(255)) - client-8BD909272E8D->63cacea9-0392-4939-ad39-80c4c73dd84b: receive RaftClientReply:client-8BD909272E8D->63cacea9-0392-4939-ad39-80c4c73dd84b@group-EE6C16B6C358, cid=2015, SUCCESS, logIndex=0, commits[63cacea9-0392-4939-ad39-80c4c73dd84b:c2953, bd7b7fea-2a7b-4c3f-852f-c014e42bfcb7:c2952, 3b4aa678-22a6-4ae2-9c6a-0e71cdb9d6d0:c2952]
2019-07-10 03:37:32,673 INFO  client.GrpcClientProtocolClient (GrpcClientProtocolClient.java:onNext(255)) - client-8BD909272E8D->63cacea9-0392-4939-ad39-80c4c73dd84b: receive RaftClientReply:client-8BD909272E8D->63cacea9-0392-4939-ad39-80c4c73dd84b@group-EE6C16B6C358, cid=2016, SUCCESS, logIndex=2955, commits[63cacea9-0392-4939-ad39-80c4c73dd84b:c2956, bd7b7fea-2a7b-4c3f-852f-c014e42bfcb7:c2954, 3b4aa678-22a6-4ae2-9c6a-0e71cdb9d6d0:c2954]
2019-07-10 03:37:32,673 INFO  client.GrpcClientProtocolClient (GrpcClientProtocolClient.java:onNext(255)) - client-8BD909272E8D->63cacea9-0392-4939-ad39-80c4c73dd84b: receive RaftClientReply:client-8BD909272E8D->63cacea9-0392-4939-ad39-80c4c73dd84b@group-EE6C16B6C358, cid=2017, SUCCESS, logIndex=2956, commits[63cacea9-0392-4939-ad39-80c4c73dd84b:c2956, bd7b7fea-2a7b-4c3f-852f-c014e42bfcb7:c2954, 3b4aa678-22a6-4ae2-9c6a-0e71cdb9d6d0:c2954]
2019-07-10 03:37:32,676 INFO  client.GrpcClientProtocolClient (GrpcClientProtocolClient.java:onNext(255)) - client-8BD909272E8D->63cacea9-0392-4939-ad39-80c4c73dd84b: receive RaftClientReply:client-8BD909272E8D->63cacea9-0392-4939-ad39-80c4c73dd84b@group-EE6C16B6C358, cid=2018, SUCCESS, logIndex=2957, commits[63cacea9-0392-4939-ad39-80c4c73dd84b:c2958, bd7b7fea-2a7b-4c3f-852f-c014e42bfcb7:c2954, 3b4aa678-22a6-4ae2-9c6a-0e71cdb9d6d0:c2954]
2019-07-10 03:37:32,676 INFO  client.GrpcClientProtocolClient (GrpcClientProtocolClient.java:onNext(255)) - client-8BD909272E8D->63cacea9-0392-4939-ad39-80c4c73dd84b: receive RaftClientReply:client-8BD909272E8D->63cacea9-0392-4939-ad39-80c4c73dd84b@group-EE6C16B6C358, cid=2019, SUCCESS, logIndex=2958, commits[63cacea9-0392-4939-ad39-80c4c73dd84b:c2958, bd7b7fea-2a7b-4c3f-852f-c014e42bfcb7:c2954, 3b4aa678-22a6-4ae2-9c6a-0e71cdb9d6d0:c2954]
2019-07-10 03:37:32,687 INFO  client.GrpcClientProtocolClient (GrpcClientProtocolClient.java:onNext(255)) - client-8BD909272E8D->63cacea9-0392-4939-ad39-80c4c73dd84b: receive RaftClientReply:client-8BD909272E8D->63cacea9-0392-4939-ad39-80c4c73dd84b@group-EE6C16B6C358, cid=2020, SUCCESS, logIndex=0, commits[63cacea9-0392-4939-ad39-80c4c73dd84b:c2960, bd7b7fea-2a7b-4c3f-852f-c014e42bfcb7:c2956, 3b4aa678-22a6-4ae2-9c6a-0e71cdb9d6d0:c2956]
2019-07-10 03:37:32,708 INFO  client.GrpcClientProtocolClient (GrpcClientProtocolClient.java:onNext(255)) - client-8BD909272E8D->63cacea9-0392-4939-ad39-80c4c73dd84b: receive RaftClientReply:client-8BD909272E8D->63cacea9-0392-4939-ad39-80c4c73dd84b@group-EE6C16B6C358, cid=2021, SUCCESS, logIndex=2963, commits[63cacea9-0392-4939-ad39-80c4c73dd84b:c2964, bd7b7fea-2a7b-4c3f-852f-c014e42bfcb7:c2962, 3b4aa678-22a6-4ae2-9c6a-0e71cdb9d6d0:c2962]
2019-07-10 03:37:32,709 INFO  client.GrpcClientProtocolClient (GrpcClientProtocolClient.java:onNext(255)) - client-8BD909272E8D->63cacea9-0392-4939-ad39-80c4c73dd84b: receive RaftClientReply:client-8BD909272E8D->63cacea9-0392-4939-ad39-80c4c73dd84b@group-EE6C16B6C358, cid=2022, SUCCESS, logIndex=2964, commits[63cacea9-0392-4939-ad39-80c4c73dd84b:c2964, bd7b7fea-2a7b-4c3f-852f-c014e42bfcb7:c2962, 3b4aa678-22a6-4ae2-9c6a-0e71cdb9d6d0:c2962]
2019-07-10 03:37:32,724 INFO  client.GrpcClientProtocolClient (GrpcClientProtocolClient.java:onNext(255)) - client-8BD909272E8D->63cacea9-0392-4939-ad39-80c4c73dd84b: receive RaftClientReply:client-8BD909272E8D->63cacea9-0392-4939-ad39-80c4c73dd84b@group-EE6C16B6C358, cid=2023, SUCCESS, logIndex=2967, commits[63cacea9-0392-4939-ad39-80c4c73dd84b:c2968, bd7b7fea-2a7b-4c3f-852f-c014e42bfcb7:c2964, 3b4aa678-22a6-4ae2-9c6a-0e71cdb9d6d0:c2964]
2019-07-10 03:37:32,725 INFO  client.GrpcClientProtocolClient (GrpcClientProtocolClient.java:onNext(255)) - client-8BD909272E8D->63cacea9-0392-4939-ad39-80c4c73dd84b: receive RaftClientReply:client-8BD909272E8D->63cacea9-0392-4939-ad39-80c4c73dd84b@group-EE6C16B6C358, cid=2024, SUCCESS, logIndex=2968, commits[63cacea9-0392-4939-ad39-80c4c73dd84b:c2968, bd7b7fea-2a7b-4c3f-852f-c014e42bfcb7:c2964, 3b4aa678-22a6-4ae2-9c6a-0e71cdb9d6d0:c2964]
 0.00% |█                                                                                                    |  0/1 Time: 0:00:152019-07-10 03:37:32,737 INFO  client.GrpcClientProtocolClient (GrpcClientProtocolClient.java:onNext(255)) - client-8BD909272E8D->63cacea9-0392-4939-ad39-80c4c73dd84b: receive RaftClientReply:client-8BD909272E8D->63cacea9-0392-4939-ad39-80c4c73dd84b@group-EE6C16B6C358, cid=2025, SUCCESS, logIndex=0, commits[63cacea9-0392-4939-ad39-80c4c73dd84b:c2970, bd7b7fea-2a7b-4c3f-852f-c014e42bfcb7:c2968, 3b4aa678-22a6-4ae2-9c6a-0e71cdb9d6d0:c2968]
2019-07-10 03:37:32,767 INFO  client.GrpcClientProtocolClient (GrpcClientProtocolClient.java:onNext(255)) - client-8BD909272E8D->63cacea9-0392-4939-ad39-80c4c73dd84b: receive RaftClientReply:client-8BD909272E8D->63cacea9-0392-4939-ad39-80c4c73dd84b@group-EE6C16B6C358, cid=2026, SUCCESS, logIndex=2971, commits[63cacea9-0392-4939-ad39-80c4c73dd84b:c2972, bd7b7fea-2a7b-4c3f-852f-c014e42bfcb7:c2970, 3b4aa678-22a6-4ae2-9c6a-0e71cdb9d6d0:c2970]
2019-07-10 03:37:32,767 INFO  client.GrpcClientProtocolClient (GrpcClientProtocolClient.java:onNext(255)) - client-8BD909272E8D->63cacea9-0392-4939-ad39-80c4c73dd84b: receive RaftClientReply:client-8BD909272E8D->63cacea9-0392-4939-ad39-80c4c73dd84b@group-EE6C16B6C358, cid=2027, SUCCESS, logIndex=2972, commits[63cacea9-0392-4939-ad39-80c4c73dd84b:c2972, bd7b7fea-2a7b-4c3f-852f-c014e42bfcb7:c2970, 3b4aa678-22a6-4ae2-9c6a-0e71cdb9d6d0:c2970]
2019-07-10 03:37:32,767 INFO  client.GrpcClientProtocolClient (GrpcClientProtocolClient.java:onNext(255)) - client-8BD909272E8D->63cacea9-0392-4939-ad39-80c4c73dd84b: receive RaftClientReply:client-8BD909272E8D->63cacea9-0392-4939-ad39-80c4c73dd84b@group-EE6C16B6C358, cid=2028, SUCCESS, logIndex=2973, commits[63cacea9-0392-4939-ad39-80c4c73dd84b:c2974, bd7b7fea-2a7b-4c3f-852f-c014e42bfcb7:c2970, 3b4aa678-22a6-4ae2-9c6a-0e71cdb9d6d0:c2970]
2019-07-10 03:37:32,768 INFO  client.GrpcClientProtocolClient (GrpcClientProtocolClient.java:onNext(255)) - client-8BD909272E8D->63cacea9-0392-4939-ad39-80c4c73dd84b: receive RaftClientReply:client-8BD909272E8D->63cacea9-0392-4939-ad39-80c4c73dd84b@group-EE6C16B6C358, cid=2029, SUCCESS, logIndex=2974, commits[63cacea9-0392-4939-ad39-80c4c73dd84b:c2974, bd7b7fea-2a7b-4c3f-852f-c014e42bfcb7:c2970, 3b4aa678-22a6-4ae2-9c6a-0e71cdb9d6d0:c2970]
2019-07-10 03:37:32,781 INFO  client.GrpcClientProtocolClient (GrpcClientProtocolClient.java:onNext(255)) - client-8BD909272E8D->63cacea9-0392-4939-ad39-80c4c73dd84b: receive RaftClientReply:client-8BD909272E8D->63cacea9-0392-4939-ad39-80c4c73dd84b@group-EE6C16B6C358, cid=2030, SUCCESS, logIndex=0, commits[63cacea9-0392-4939-ad39-80c4c73dd84b:c2976, bd7b7fea-2a7b-4c3f-852f-c014e42bfcb7:c2972, 3b4aa678-22a6-4ae2-9c6a-0e71cdb9d6d0:c2972]
2019-07-10 03:37:32,802 INFO  client.GrpcClientProtocolClient (GrpcClientProtocolClient.java:onNext(255)) - client-8BD909272E8D->63cacea9-0392-4939-ad39-80c4c73dd84b: receive RaftClientReply:client-8BD909272E8D->63cacea9-0392-4939-ad39-80c4c73dd84b@group-EE6C16B6C358, cid=2031, SUCCESS, logIndex=2979, commits[63cacea9-0392-4939-ad39-80c4c73dd84b:c2980, bd7b7fea-2a7b-4c3f-852f-c014e42bfcb7:c2978, 3b4aa678-22a6-4ae2-9c6a-0e71cdb9d6d0:c2978]
2019-07-10 03:37:32,802 INFO  client.GrpcClientProtocolClient (GrpcClientProtocolClient.java:onNext(255)) - client-8BD909272E8D->63cacea9-0392-4939-ad39-80c4c73dd84b: receive RaftClientReply:client-8BD909272E8D->63cacea9-0392-4939-ad39-80c4c73dd84b@group-EE6C16B6C358, cid=2032, SUCCESS, logIndex=2980, commits[63cacea9-0392-4939-ad39-80c4c73dd84b:c2980, bd7b7fea-2a7b-4c3f-852f-c014e42bfcb7:c2978, 3b4aa678-22a6-4ae2-9c6a-0e71cdb9d6d0:c2978]
2019-07-10 03:37:32,828 INFO  client.GrpcClientProtocolClient (GrpcClientProtocolClient.java:onNext(255)) - client-8BD909272E8D->63cacea9-0392-4939-ad39-80c4c73dd84b: receive RaftClientReply:client-8BD909272E8D->63cacea9-0392-4939-ad39-80c4c73dd84b@group-EE6C16B6C358, cid=2033, SUCCESS, logIndex=2983, commits[63cacea9-0392-4939-ad39-80c4c73dd84b:c2983, bd7b7fea-2a7b-4c3f-852f-c014e42bfcb7:c2980, 3b4aa678-22a6-4ae2-9c6a-0e71cdb9d6d0:c2980]
2019-07-10 03:37:32,829 INFO  client.GrpcClientProtocolClient (GrpcClientProtocolClient.java:onNext(255)) - client-8BD909272E8D->63cacea9-0392-4939-ad39-80c4c73dd84b: receive RaftClientReply:client-8BD909272E8D->63cacea9-0392-4939-ad39-80c4c73dd84b@group-EE6C16B6C358, cid=2034, SUCCESS, logIndex=2984, commits[63cacea9-0392-4939-ad39-80c4c73dd84b:c2984, bd7b7fea-2a7b-4c3f-852f-c014e42bfcb7:c2980, 3b4aa678-22a6-4ae2-9c6a-0e71cdb9d6d0:c2980]
2019-07-10 03:37:32,843 INFO  client.GrpcClientProtocolClient (GrpcClientProtocolClient.java:onNext(255)) - client-8BD909272E8D->63cacea9-0392-4939-ad39-80c4c73dd84b: receive RaftClientReply:client-8BD909272E8D->63cacea9-0392-4939-ad39-80c4c73dd84b@group-EE6C16B6C358, cid=2035, SUCCESS, logIndex=0, commits[63cacea9-0392-4939-ad39-80c4c73dd84b:c2986, bd7b7fea-2a7b-4c3f-852f-c014e42bfcb7:c2984, 3b4aa678-22a6-4ae2-9c6a-0e71cdb9d6d0:c2984]
2019-07-10 03:37:32,874 INFO  client.GrpcClientProtocolClient (GrpcClientProtocolClient.java:onNext(255)) - client-8BD909272E8D->63cacea9-0392-4939-ad39-80c4c73dd84b: receive RaftClientReply:client-8BD909272E8D->63cacea9-0392-4939-ad39-80c4c73dd84b@group-EE6C16B6C358, cid=2036, SUCCESS, logIndex=2987, commits[63cacea9-0392-4939-ad39-80c4c73dd84b:c2988, bd7b7fea-2a7b-4c3f-852f-c014e42bfcb7:c2986, 3b4aa678-22a6-4ae2-9c6a-0e71cdb9d6d0:c2986]
2019-07-10 03:37:32,874 INFO  client.GrpcClientProtocolClient (GrpcClientProtocolClient.java:onNext(255)) - client-8BD909272E8D->63cacea9-0392-4939-ad39-80c4c73dd84b: receive RaftClientReply:client-8BD909272E8D->63cacea9-0392-4939-ad39-80c4c73dd84b@group-EE6C16B6C358, cid=2037, SUCCESS, logIndex=2988, commits[63cacea9-0392-4939-ad39-80c4c73dd84b:c2988, bd7b7fea-2a7b-4c3f-852f-c014e42bfcb7:c2986, 3b4aa678-22a6-4ae2-9c6a-0e71cdb9d6d0:c2986]
2019-07-10 03:37:32,875 INFO  client.GrpcClientProtocolClient (GrpcClientProtocolClient.java:onNext(255)) - client-8BD909272E8D->63cacea9-0392-4939-ad39-80c4c73dd84b: receive RaftClientReply:client-8BD909272E8D->63cacea9-0392-4939-ad39-80c4c73dd84b@group-EE6C16B6C358, cid=2038, SUCCESS, logIndex=2989, commits[63cacea9-0392-4939-ad39-80c4c73dd84b:c2990, bd7b7fea-2a7b-4c3f-852f-c014e42bfcb7:c2986, 3b4aa678-22a6-4ae2-9c6a-0e71cdb9d6d0:c2986]
2019-07-10 03:37:32,875 INFO  client.GrpcClientProtocolClient (GrpcClientProtocolClient.java:onNext(255)) - client-8BD909272E8D->63cacea9-0392-4939-ad39-80c4c73dd84b: receive RaftClientReply:client-8BD909272E8D->63cacea9-0392-4939-ad39-80c4c73dd84b@group-EE6C16B6C358, cid=2039, SUCCESS, logIndex=2990, commits[63cacea9-0392-4939-ad39-80c4c73dd84b:c2990, bd7b7fea-2a7b-4c3f-852f-c014e42bfcb7:c2986, 3b4aa678-22a6-4ae2-9c6a-0e71cdb9d6d0:c2986]
2019-07-10 03:37:32,877 INFO  client.GrpcClientProtocolClient (GrpcClientProtocolClient.java:onNext(255)) - client-8BD909272E8D->63cacea9-0392-4939-ad39-80c4c73dd84b: receive RaftClientReply:client-8BD909272E8D->63cacea9-0392-4939-ad39-80c4c73dd84b@group-EE6C16B6C358, cid=2040, SUCCESS, logIndex=0, commits[63cacea9-0392-4939-ad39-80c4c73dd84b:c2994, bd7b7fea-2a7b-4c3f-852f-c014e42bfcb7:c2988, 3b4aa678-22a6-4ae2-9c6a-0e71cdb9d6d0:c2990]
2019-07-10 03:37:32,897 INFO  client.GrpcClientProtocolClient (GrpcClientProtocolClient.java:onNext(255)) - client-8BD909272E8D->63cacea9-0392-4939-ad39-80c4c73dd84b: receive RaftClientReply:client-8BD909272E8D->63cacea9-0392-4939-ad39-80c4c73dd84b@group-EE6C16B6C358, cid=2041, SUCCESS, logIndex=2995, commits[63cacea9-0392-4939-ad39-80c4c73dd84b:c2996, bd7b7fea-2a7b-4c3f-852f-c014e42bfcb7:c2994, 3b4aa678-22a6-4ae2-9c6a-0e71cdb9d6d0:c2994]
2019-07-10 03:37:32,898 INFO  client.GrpcClientProtocolClient (GrpcClientProtocolClient.java:onNext(255)) - client-8BD909272E8D->63cacea9-0392-4939-ad39-80c4c73dd84b: receive RaftClientReply:client-8BD909272E8D->63cacea9-0392-4939-ad39-80c4c73dd84b@group-EE6C16B6C358, cid=2042, SUCCESS, logIndex=2996, commits[63cacea9-0392-4939-ad39-80c4c73dd84b:c2996, bd7b7fea-2a7b-4c3f-852f-c014e42bfcb7:c2994, 3b4aa678-22a6-4ae2-9c6a-0e71cdb9d6d0:c2994]
2019-07-10 03:37:32,922 INFO  client.GrpcClientProtocolClient (GrpcClientProtocolClient.java:onNext(255)) - client-8BD909272E8D->63cacea9-0392-4939-ad39-80c4c73dd84b: receive RaftClientReply:client-8BD909272E8D->63cacea9-0392-4939-ad39-80c4c73dd84b@group-EE6C16B6C358, cid=2043, SUCCESS, logIndex=2999, commits[63cacea9-0392-4939-ad39-80c4c73dd84b:c3000, bd7b7fea-2a7b-4c3f-852f-c014e42bfcb7:c2996, 3b4aa678-22a6-4ae2-9c6a-0e71cdb9d6d0:c2995]
2019-07-10 03:37:32,922 INFO  client.GrpcClientProtocolClient (GrpcClientProtocolClient.java:onNext(255)) - client-8BD909272E8D->63cacea9-0392-4939-ad39-80c4c73dd84b: receive RaftClientReply:client-8BD909272E8D->63cacea9-0392-4939-ad39-80c4c73dd84b@group-EE6C16B6C358, cid=2044, SUCCESS, logIndex=3000, commits[63cacea9-0392-4939-ad39-80c4c73dd84b:c3000, bd7b7fea-2a7b-4c3f-852f-c014e42bfcb7:c2996, 3b4aa678-22a6-4ae2-9c6a-0e71cdb9d6d0:c2996]
2019-07-10 03:37:32,925 INFO  client.GrpcClientProtocolClient (GrpcClientProtocolClient.java:onNext(255)) - client-8BD909272E8D->63cacea9-0392-4939-ad39-80c4c73dd84b: receive RaftClientReply:client-8BD909272E8D->63cacea9-0392-4939-ad39-80c4c73dd84b@group-EE6C16B6C358, cid=2045, SUCCESS, logIndex=0, commits[63cacea9-0392-4939-ad39-80c4c73dd84b:c3001, bd7b7fea-2a7b-4c3f-852f-c014e42bfcb7:c3000, 3b4aa678-22a6-4ae2-9c6a-0e71cdb9d6d0:c3000]
2019-07-10 03:37:32,953 INFO  client.GrpcClientProtocolClient (GrpcClientProtocolClient.java:onNext(255)) - client-8BD909272E8D->63cacea9-0392-4939-ad39-80c4c73dd84b: receive RaftClientReply:client-8BD909272E8D->63cacea9-0392-4939-ad39-80c4c73dd84b@group-EE6C16B6C358, cid=2046, SUCCESS, logIndex=3003, commits[63cacea9-0392-4939-ad39-80c4c73dd84b:c3004, bd7b7fea-2a7b-4c3f-852f-c014e42bfcb7:c3002, 3b4aa678-22a6-4ae2-9c6a-0e71cdb9d6d0:c3002]
2019-07-10 03:37:32,954 INFO  client.GrpcClientProtocolClient (GrpcClientProtocolClient.java:onNext(255)) - client-8BD909272E8D->63cacea9-0392-4939-ad39-80c4c73dd84b: receive RaftClientReply:client-8BD909272E8D->63cacea9-0392-4939-ad39-80c4c73dd84b@group-EE6C16B6C358, cid=2047, SUCCESS, logIndex=3004, commits[63cacea9-0392-4939-ad39-80c4c73dd84b:c3006, bd7b7fea-2a7b-4c3f-852f-c014e42bfcb7:c3002, 3b4aa678-22a6-4ae2-9c6a-0e71cdb9d6d0:c3002]
2019-07-10 03:37:32,954 INFO  client.GrpcClientProtocolClient (GrpcClientProtocolClient.java:onNext(255)) - client-8BD909272E8D->63cacea9-0392-4939-ad39-80c4c73dd84b: receive RaftClientReply:client-8BD909272E8D->63cacea9-0392-4939-ad39-80c4c73dd84b@group-EE6C16B6C358, cid=2048, SUCCESS, logIndex=3005, commits[63cacea9-0392-4939-ad39-80c4c73dd84b:c3006, bd7b7fea-2a7b-4c3f-852f-c014e42bfcb7:c3002, 3b4aa678-22a6-4ae2-9c6a-0e71cdb9d6d0:c3002]
2019-07-10 03:37:32,954 INFO  client.GrpcClientProtocolClient (GrpcClientProtocolClient.java:onNext(255)) - client-8BD909272E8D->63cacea9-0392-4939-ad39-80c4c73dd84b: receive RaftClientReply:client-8BD909272E8D->63cacea9-0392-4939-ad39-80c4c73dd84b@group-EE6C16B6C358, cid=2049, SUCCESS, logIndex=3006, commits[63cacea9-0392-4939-ad39-80c4c73dd84b:c3006, bd7b7fea-2a7b-4c3f-852f-c014e42bfcb7:c3002, 3b4aa678-22a6-4ae2-9c6a-0e71cdb9d6d0:c3002]
2019-07-10 03:37:32,968 INFO  client.GrpcClientProtocolClient (GrpcClientProtocolClient.java:onNext(255)) - client-8BD909272E8D->63cacea9-0392-4939-ad39-80c4c73dd84b: receive RaftClientReply:client-8BD909272E8D->63cacea9-0392-4939-ad39-80c4c73dd84b@group-EE6C16B6C358, cid=2050, SUCCESS, logIndex=0, commits[63cacea9-0392-4939-ad39-80c4c73dd84b:c3009, bd7b7fea-2a7b-4c3f-852f-c014e42bfcb7:c3004, 3b4aa678-22a6-4ae2-9c6a-0e71cdb9d6d0:c3006]
2019-07-10 03:37:32,988 INFO  client.GrpcClientProtocolClient (GrpcClientProtocolClient.java:onNext(255)) - client-8BD909272E8D->63cacea9-0392-4939-ad39-80c4c73dd84b: receive RaftClientReply:client-8BD909272E8D->63cacea9-0392-4939-ad39-80c4c73dd84b@group-EE6C16B6C358, cid=2051, SUCCESS, logIndex=3010, commits[63cacea9-0392-4939-ad39-80c4c73dd84b:c3011, bd7b7fea-2a7b-4c3f-852f-c014e42bfcb7:c3009, 3b4aa678-22a6-4ae2-9c6a-0e71cdb9d6d0:c3009]
2019-07-10 03:37:32,988 INFO  client.GrpcClientProtocolClient (GrpcClientProtocolClient.java:onNext(255)) - client-8BD909272E8D->63cacea9-0392-4939-ad39-80c4c73dd84b: receive RaftClientReply:client-8BD909272E8D->63cacea9-0392-4939-ad39-80c4c73dd84b@group-EE6C16B6C358, cid=2052, SUCCESS, logIndex=3011, commits[63cacea9-0392-4939-ad39-80c4c73dd84b:c3011, bd7b7fea-2a7b-4c3f-852f-c014e42bfcb7:c3009, 3b4aa678-22a6-4ae2-9c6a-0e71cdb9d6d0:c3009]
2019-07-10 03:37:33,003 INFO  client.GrpcClientProtocolClient (GrpcClientProtocolClient.java:onNext(255)) - client-8BD909272E8D->63cacea9-0392-4939-ad39-80c4c73dd84b: receive RaftClientReply:client-8BD909272E8D->63cacea9-0392-4939-ad39-80c4c73dd84b@group-EE6C16B6C358, cid=2053, SUCCESS, logIndex=3014, commits[63cacea9-0392-4939-ad39-80c4c73dd84b:c3014, bd7b7fea-2a7b-4c3f-852f-c014e42bfcb7:c3011, 3b4aa678-22a6-4ae2-9c6a-0e71cdb9d6d0:c3011]
2019-07-10 03:37:33,003 INFO  client.GrpcClientProtocolClient (GrpcClientProtocolClient.java:onNext(255)) - client-8BD909272E8D->63cacea9-0392-4939-ad39-80c4c73dd84b: receive RaftClientReply:client-8BD909272E8D->63cacea9-0392-4939-ad39-80c4c73dd84b@group-EE6C16B6C358, cid=2054, SUCCESS, logIndex=3015, commits[63cacea9-0392-4939-ad39-80c4c73dd84b:c3015, bd7b7fea-2a7b-4c3f-852f-c014e42bfcb7:c3011, 3b4aa678-22a6-4ae2-9c6a-0e71cdb9d6d0:c3011]
2019-07-10 03:37:33,018 INFO  client.GrpcClientProtocolClient (GrpcClientProtocolClient.java:onNext(255)) - client-8BD909272E8D->63cacea9-0392-4939-ad39-80c4c73dd84b: receive RaftClientReply:client-8BD909272E8D->63cacea9-0392-4939-ad39-80c4c73dd84b@group-EE6C16B6C358, cid=2055, SUCCESS, logIndex=0, commits[63cacea9-0392-4939-ad39-80c4c73dd84b:c3017, bd7b7fea-2a7b-4c3f-852f-c014e42bfcb7:c3015, 3b4aa678-22a6-4ae2-9c6a-0e71cdb9d6d0:c3015]
2019-07-10 03:37:33,047 INFO  client.GrpcClientProtocolClient (GrpcClientProtocolClient.java:onNext(255)) - client-8BD909272E8D->63cacea9-0392-4939-ad39-80c4c73dd84b: receive RaftClientReply:client-8BD909272E8D->63cacea9-0392-4939-ad39-80c4c73dd84b@group-EE6C16B6C358, cid=2056, SUCCESS, logIndex=3018, commits[63cacea9-0392-4939-ad39-80c4c73dd84b:c3019, bd7b7fea-2a7b-4c3f-852f-c014e42bfcb7:c3017, 3b4aa678-22a6-4ae2-9c6a-0e71cdb9d6d0:c3017]
2019-07-10 03:37:33,048 INFO  client.GrpcClientProtocolClient (GrpcClientProtocolClient.java:onNext(255)) - client-8BD909272E8D->63cacea9-0392-4939-ad39-80c4c73dd84b: receive RaftClientReply:client-8BD909272E8D->63cacea9-0392-4939-ad39-80c4c73dd84b@group-EE6C16B6C358, cid=2057, SUCCESS, logIndex=3019, commits[63cacea9-0392-4939-ad39-80c4c73dd84b:c3021, bd7b7fea-2a7b-4c3f-852f-c014e42bfcb7:c3017, 3b4aa678-22a6-4ae2-9c6a-0e71cdb9d6d0:c3017]
2019-07-10 03:37:33,049 INFO  client.GrpcClientProtocolClient (GrpcClientProtocolClient.java:onNext(255)) - client-8BD909272E8D->63cacea9-0392-4939-ad39-80c4c73dd84b: receive RaftClientReply:client-8BD909272E8D->63cacea9-0392-4939-ad39-80c4c73dd84b@group-EE6C16B6C358, cid=2058, SUCCESS, logIndex=3020, commits[63cacea9-0392-4939-ad39-80c4c73dd84b:c3021, bd7b7fea-2a7b-4c3f-852f-c014e42bfcb7:c3017, 3b4aa678-22a6-4ae2-9c6a-0e71cdb9d6d0:c3017]
2019-07-10 03:37:33,049 INFO  client.GrpcClientProtocolClient (GrpcClientProtocolClient.java:onNext(255)) - client-8BD909272E8D->63cacea9-0392-4939-ad39-80c4c73dd84b: receive RaftClientReply:client-8BD909272E8D->63cacea9-0392-4939-ad39-80c4c73dd84b@group-EE6C16B6C358, cid=2059, SUCCESS, logIndex=3021, commits[63cacea9-0392-4939-ad39-80c4c73dd84b:c3021, bd7b7fea-2a7b-4c3f-852f-c014e42bfcb7:c3017, 3b4aa678-22a6-4ae2-9c6a-0e71cdb9d6d0:c3017]
2019-07-10 03:37:33,130 INFO  client.GrpcClientProtocolClient (GrpcClientProtocolClient.java:onNext(255)) - client-8BD909272E8D->63cacea9-0392-4939-ad39-80c4c73dd84b: receive RaftClientReply:client-8BD909272E8D->63cacea9-0392-4939-ad39-80c4c73dd84b@group-EE6C16B6C358, cid=2060, SUCCESS, logIndex=0, commits[63cacea9-0392-4939-ad39-80c4c73dd84b:c3024, bd7b7fea-2a7b-4c3f-852f-c014e42bfcb7:c3020, 3b4aa678-22a6-4ae2-9c6a-0e71cdb9d6d0:c3019]
2019-07-10 03:37:33,149 INFO  client.GrpcClientProtocolClient (GrpcClientProtocolClient.java:onNext(255)) - client-8BD909272E8D->63cacea9-0392-4939-ad39-80c4c73dd84b: receive RaftClientReply:client-8BD909272E8D->63cacea9-0392-4939-ad39-80c4c73dd84b@group-EE6C16B6C358, cid=2061, SUCCESS, logIndex=3026, commits[63cacea9-0392-4939-ad39-80c4c73dd84b:c3027, bd7b7fea-2a7b-4c3f-852f-c014e42bfcb7:c3025, 3b4aa678-22a6-4ae2-9c6a-0e71cdb9d6d0:c3021]
2019-07-10 03:37:33,149 INFO  client.GrpcClientProtocolClient (GrpcClientProtocolClient.java:onNext(255)) - client-8BD909272E8D->63cacea9-0392-4939-ad39-80c4c73dd84b: receive RaftClientReply:client-8BD909272E8D->63cacea9-0392-4939-ad39-80c4c73dd84b@group-EE6C16B6C358, cid=2062, SUCCESS, logIndex=3027, commits[63cacea9-0392-4939-ad39-80c4c73dd84b:c3027, bd7b7fea-2a7b-4c3f-852f-c014e42bfcb7:c3025, 3b4aa678-22a6-4ae2-9c6a-0e71cdb9d6d0:c3025]
2019-07-10 03:37:33,169 INFO  client.GrpcClientProtocolClient (GrpcClientProtocolClient.java:onNext(255)) - client-8BD909272E8D->63cacea9-0392-4939-ad39-80c4c73dd84b: receive RaftClientReply:client-8BD909272E8D->63cacea9-0392-4939-ad39-80c4c73dd84b@group-EE6C16B6C358, cid=2063, SUCCESS, logIndex=3030, commits[63cacea9-0392-4939-ad39-80c4c73dd84b:c3031, bd7b7fea-2a7b-4c3f-852f-c014e42bfcb7:c3029, 3b4aa678-22a6-4ae2-9c6a-0e71cdb9d6d0:c3029]
2019-07-10 03:37:33,170 INFO  client.GrpcClientProtocolClient (GrpcClientProtocolClient.java:onNext(255)) - client-8BD909272E8D->63cacea9-0392-4939-ad39-80c4c73dd84b: receive RaftClientReply:client-8BD909272E8D->63cacea9-0392-4939-ad39-80c4c73dd84b@group-EE6C16B6C358, cid=2064, SUCCESS, logIndex=3031, commits[63cacea9-0392-4939-ad39-80c4c73dd84b:c3031, bd7b7fea-2a7b-4c3f-852f-c014e42bfcb7:c3029, 3b4aa678-22a6-4ae2-9c6a-0e71cdb9d6d0:c3029]
2019-07-10 03:37:33,182 INFO  client.GrpcClientProtocolClient (GrpcClientProtocolClient.java:onNext(255)) - client-8BD909272E8D->63cacea9-0392-4939-ad39-80c4c73dd84b: receive RaftClientReply:client-8BD909272E8D->63cacea9-0392-4939-ad39-80c4c73dd84b@group-EE6C16B6C358, cid=2065, SUCCESS, logIndex=0, commits[63cacea9-0392-4939-ad39-80c4c73dd84b:c3033, bd7b7fea-2a7b-4c3f-852f-c014e42bfcb7:c3031, 3b4aa678-22a6-4ae2-9c6a-0e71cdb9d6d0:c3031]
2019-07-10 03:37:33,210 INFO  client.GrpcClientProtocolClient (GrpcClientProtocolClient.java:onNext(255)) - client-8BD909272E8D->63cacea9-0392-4939-ad39-80c4c73dd84b: receive RaftClientReply:client-8BD909272E8D->63cacea9-0392-4939-ad39-80c4c73dd84b@group-EE6C16B6C358, cid=2066, SUCCESS, logIndex=3034, commits[63cacea9-0392-4939-ad39-80c4c73dd84b:c3036, bd7b7fea-2a7b-4c3f-852f-c014e42bfcb7:c3033, 3b4aa678-22a6-4ae2-9c6a-0e71cdb9d6d0:c3033]
2019-07-10 03:37:33,211 INFO  client.GrpcClientProtocolClient (GrpcClientProtocolClient.java:onNext(255)) - client-8BD909272E8D->63cacea9-0392-4939-ad39-80c4c73dd84b: receive RaftClientReply:client-8BD909272E8D->63cacea9-0392-4939-ad39-80c4c73dd84b@group-EE6C16B6C358, cid=2067, SUCCESS, logIndex=3035, commits[63cacea9-0392-4939-ad39-80c4c73dd84b:c3037, bd7b7fea-2a7b-4c3f-852f-c014e42bfcb7:c3033, 3b4aa678-22a6-4ae2-9c6a-0e71cdb9d6d0:c3033]
2019-07-10 03:37:33,211 INFO  client.GrpcClientProtocolClient (GrpcClientProtocolClient.java:onNext(255)) - client-8BD909272E8D->63cacea9-0392-4939-ad39-80c4c73dd84b: receive RaftClientReply:client-8BD909272E8D->63cacea9-0392-4939-ad39-80c4c73dd84b@group-EE6C16B6C358, cid=2068, SUCCESS, logIndex=3036, commits[63cacea9-0392-4939-ad39-80c4c73dd84b:c3037, bd7b7fea-2a7b-4c3f-852f-c014e42bfcb7:c3033, 3b4aa678-22a6-4ae2-9c6a-0e71cdb9d6d0:c3033]
2019-07-10 03:37:33,211 INFO  client.GrpcClientProtocolClient (GrpcClientProtocolClient.java:onNext(255)) - client-8BD909272E8D->63cacea9-0392-4939-ad39-80c4c73dd84b: receive RaftClientReply:client-8BD909272E8D->63cacea9-0392-4939-ad39-80c4c73dd84b@group-EE6C16B6C358, cid=2069, SUCCESS, logIndex=3037, commits[63cacea9-0392-4939-ad39-80c4c73dd84b:c3037, bd7b7fea-2a7b-4c3f-852f-c014e42bfcb7:c3033, 3b4aa678-22a6-4ae2-9c6a-0e71cdb9d6d0:c3033]
2019-07-10 03:37:33,226 INFO  client.GrpcClientProtocolClient (GrpcClientProtocolClient.java:onNext(255)) - client-8BD909272E8D->63cacea9-0392-4939-ad39-80c4c73dd84b: receive RaftClientReply:client-8BD909272E8D->63cacea9-0392-4939-ad39-80c4c73dd84b@group-EE6C16B6C358, cid=2070, SUCCESS, logIndex=0, commits[63cacea9-0392-4939-ad39-80c4c73dd84b:c3041, bd7b7fea-2a7b-4c3f-852f-c014e42bfcb7:c3037, 3b4aa678-22a6-4ae2-9c6a-0e71cdb9d6d0:c3035]
2019-07-10 03:37:33,245 INFO  client.GrpcClientProtocolClient (GrpcClientProtocolClient.java:onNext(255)) - client-8BD909272E8D->63cacea9-0392-4939-ad39-80c4c73dd84b: receive RaftClientReply:client-8BD909272E8D->63cacea9-0392-4939-ad39-80c4c73dd84b@group-EE6C16B6C358, cid=2071, SUCCESS, logIndex=3042, commits[63cacea9-0392-4939-ad39-80c4c73dd84b:c3043, bd7b7fea-2a7b-4c3f-852f-c014e42bfcb7:c3041, 3b4aa678-22a6-4ae2-9c6a-0e71cdb9d6d0:c3041]
2019-07-10 03:37:33,245 INFO  client.GrpcClientProtocolClient (GrpcClientProtocolClient.java:onNext(255)) - client-8BD909272E8D->63cacea9-0392-4939-ad39-80c4c73dd84b: receive RaftClientReply:client-8BD909272E8D->63cacea9-0392-4939-ad39-80c4c73dd84b@group-EE6C16B6C358, cid=2072, SUCCESS, logIndex=3043, commits[63cacea9-0392-4939-ad39-80c4c73dd84b:c3043, bd7b7fea-2a7b-4c3f-852f-c014e42bfcb7:c3041, 3b4aa678-22a6-4ae2-9c6a-0e71cdb9d6d0:c3041]
2019-07-10 03:37:33,261 INFO  client.GrpcClientProtocolClient (GrpcClientProtocolClient.java:onNext(255)) - client-8BD909272E8D->63cacea9-0392-4939-ad39-80c4c73dd84b: receive RaftClientReply:client-8BD909272E8D->63cacea9-0392-4939-ad39-80c4c73dd84b@group-EE6C16B6C358, cid=2073, SUCCESS, logIndex=3046, commits[63cacea9-0392-4939-ad39-80c4c73dd84b:c3047, bd7b7fea-2a7b-4c3f-852f-c014e42bfcb7:c3043, 3b4aa678-22a6-4ae2-9c6a-0e71cdb9d6d0:c3043]
2019-07-10 03:37:33,261 INFO  client.GrpcClientProtocolClient (GrpcClientProtocolClient.java:onNext(255)) - client-8BD909272E8D->63cacea9-0392-4939-ad39-80c4c73dd84b: receive RaftClientReply:client-8BD909272E8D->63cacea9-0392-4939-ad39-80c4c73dd84b@group-EE6C16B6C358, cid=2074, SUCCESS, logIndex=3047, commits[63cacea9-0392-4939-ad39-80c4c73dd84b:c3047, bd7b7fea-2a7b-4c3f-852f-c014e42bfcb7:c3043, 3b4aa678-22a6-4ae2-9c6a-0e71cdb9d6d0:c3043]
2019-07-10 03:37:33,275 INFO  client.GrpcClientProtocolClient (GrpcClientProtocolClient.java:onNext(255)) - client-8BD909272E8D->63cacea9-0392-4939-ad39-80c4c73dd84b: receive RaftClientReply:client-8BD909272E8D->63cacea9-0392-4939-ad39-80c4c73dd84b@group-EE6C16B6C358, cid=2075, SUCCESS, logIndex=0, commits[63cacea9-0392-4939-ad39-80c4c73dd84b:c3049, bd7b7fea-2a7b-4c3f-852f-c014e42bfcb7:c3047, 3b4aa678-22a6-4ae2-9c6a-0e71cdb9d6d0:c3047]
2019-07-10 03:37:33,307 INFO  client.GrpcClientProtocolClient (GrpcClientProtocolClient.java:onNext(255)) - client-8BD909272E8D->63cacea9-0392-4939-ad39-80c4c73dd84b: receive RaftClientReply:client-8BD909272E8D->63cacea9-0392-4939-ad39-80c4c73dd84b@group-EE6C16B6C358, cid=2076, SUCCESS, logIndex=3050, commits[63cacea9-0392-4939-ad39-80c4c73dd84b:c3051, bd7b7fea-2a7b-4c3f-852f-c014e42bfcb7:c3049, 3b4aa678-22a6-4ae2-9c6a-0e71cdb9d6d0:c3049]
2019-07-10 03:37:33,307 INFO  client.GrpcClientProtocolClient (GrpcClientProtocolClient.java:onNext(255)) - client-8BD909272E8D->63cacea9-0392-4939-ad39-80c4c73dd84b: receive RaftClientReply:client-8BD909272E8D->63cacea9-0392-4939-ad39-80c4c73dd84b@group-EE6C16B6C358, cid=2077, SUCCESS, logIndex=3051, commits[63cacea9-0392-4939-ad39-80c4c73dd84b:c3051, bd7b7fea-2a7b-4c3f-852f-c014e42bfcb7:c3049, 3b4aa678-22a6-4ae2-9c6a-0e71cdb9d6d0:c3049]
2019-07-10 03:37:33,308 INFO  client.GrpcClientProtocolClient (GrpcClientProtocolClient.java:onNext(255)) - client-8BD909272E8D->63cacea9-0392-4939-ad39-80c4c73dd84b: receive RaftClientReply:client-8BD909272E8D->63cacea9-0392-4939-ad39-80c4c73dd84b@group-EE6C16B6C358, cid=2078, SUCCESS, logIndex=3052, commits[63cacea9-0392-4939-ad39-80c4c73dd84b:c3053, bd7b7fea-2a7b-4c3f-852f-c014e42bfcb7:c3049, 3b4aa678-22a6-4ae2-9c6a-0e71cdb9d6d0:c3049]
2019-07-10 03:37:33,308 INFO  client.GrpcClientProtocolClient (GrpcClientProtocolClient.java:onNext(255)) - client-8BD909272E8D->63cacea9-0392-4939-ad39-80c4c73dd84b: receive RaftClientReply:client-8BD909272E8D->63cacea9-0392-4939-ad39-80c4c73dd84b@group-EE6C16B6C358, cid=2079, SUCCESS, logIndex=3053, commits[63cacea9-0392-4939-ad39-80c4c73dd84b:c3053, bd7b7fea-2a7b-4c3f-852f-c014e42bfcb7:c3049, 3b4aa678-22a6-4ae2-9c6a-0e71cdb9d6d0:c3049]
2019-07-10 03:37:33,309 INFO  client.GrpcClientProtocolClient (GrpcClientProtocolClient.java:onNext(255)) - client-8BD909272E8D->63cacea9-0392-4939-ad39-80c4c73dd84b: receive RaftClientReply:client-8BD909272E8D->63cacea9-0392-4939-ad39-80c4c73dd84b@group-EE6C16B6C358, cid=2080, SUCCESS, logIndex=0, commits[63cacea9-0392-4939-ad39-80c4c73dd84b:c3055, bd7b7fea-2a7b-4c3f-852f-c014e42bfcb7:c3051, 3b4aa678-22a6-4ae2-9c6a-0e71cdb9d6d0:c3051]
2019-07-10 03:37:33,333 INFO  client.GrpcClientProtocolClient (GrpcClientProtocolClient.java:onNext(255)) - client-8BD909272E8D->63cacea9-0392-4939-ad39-80c4c73dd84b: receive RaftClientReply:client-8BD909272E8D->63cacea9-0392-4939-ad39-80c4c73dd84b@group-EE6C16B6C358, cid=2081, SUCCESS, logIndex=3058, commits[63cacea9-0392-4939-ad39-80c4c73dd84b:c3059, bd7b7fea-2a7b-4c3f-852f-c014e42bfcb7:c3057, 3b4aa678-22a6-4ae2-9c6a-0e71cdb9d6d0:c3057]
2019-07-10 03:37:33,333 INFO  client.GrpcClientProtocolClient (GrpcClientProtocolClient.java:onNext(255)) - client-8BD909272E8D->63cacea9-0392-4939-ad39-80c4c73dd84b: receive RaftClientReply:client-8BD909272E8D->63cacea9-0392-4939-ad39-80c4c73dd84b@group-EE6C16B6C358, cid=2082, SUCCESS, logIndex=3059, commits[63cacea9-0392-4939-ad39-80c4c73dd84b:c3059, bd7b7fea-2a7b-4c3f-852f-c014e42bfcb7:c3057, 3b4aa678-22a6-4ae2-9c6a-0e71cdb9d6d0:c3057]
2019-07-10 03:37:33,444 INFO  client.GrpcClientProtocolClient (GrpcClientProtocolClient.java:onNext(255)) - client-8BD909272E8D->63cacea9-0392-4939-ad39-80c4c73dd84b: receive RaftClientReply:client-8BD909272E8D->63cacea9-0392-4939-ad39-80c4c73dd84b@group-EE6C16B6C358, cid=2083, SUCCESS, logIndex=3062, commits[63cacea9-0392-4939-ad39-80c4c73dd84b:c3063, bd7b7fea-2a7b-4c3f-852f-c014e42bfcb7:c3059, 3b4aa678-22a6-4ae2-9c6a-0e71cdb9d6d0:c3059]
2019-07-10 03:37:33,444 INFO  client.GrpcClientProtocolClient (GrpcClientProtocolClient.java:onNext(255)) - client-8BD909272E8D->63cacea9-0392-4939-ad39-80c4c73dd84b: receive RaftClientReply:client-8BD909272E8D->63cacea9-0392-4939-ad39-80c4c73dd84b@group-EE6C16B6C358, cid=2084, SUCCESS, logIndex=3063, commits[63cacea9-0392-4939-ad39-80c4c73dd84b:c3063, bd7b7fea-2a7b-4c3f-852f-c014e42bfcb7:c3059, 3b4aa678-22a6-4ae2-9c6a-0e71cdb9d6d0:c3059]
2019-07-10 03:37:33,455 INFO  client.GrpcClientProtocolClient (GrpcClientProtocolClient.java:onNext(255)) - client-8BD909272E8D->63cacea9-0392-4939-ad39-80c4c73dd84b: receive RaftClientReply:client-8BD909272E8D->63cacea9-0392-4939-ad39-80c4c73dd84b@group-EE6C16B6C358, cid=2085, SUCCESS, logIndex=0, commits[63cacea9-0392-4939-ad39-80c4c73dd84b:c3064, bd7b7fea-2a7b-4c3f-852f-c014e42bfcb7:c3063, 3b4aa678-22a6-4ae2-9c6a-0e71cdb9d6d0:c3063]
2019-07-10 03:37:33,487 INFO  client.GrpcClientProtocolClient (GrpcClientProtocolClient.java:onNext(255)) - client-8BD909272E8D->63cacea9-0392-4939-ad39-80c4c73dd84b: receive RaftClientReply:client-8BD909272E8D->63cacea9-0392-4939-ad39-80c4c73dd84b@group-EE6C16B6C358, cid=2086, SUCCESS, logIndex=3066, commits[63cacea9-0392-4939-ad39-80c4c73dd84b:c3067, bd7b7fea-2a7b-4c3f-852f-c014e42bfcb7:c3065, 3b4aa678-22a6-4ae2-9c6a-0e71cdb9d6d0:c3065]
2019-07-10 03:37:33,488 INFO  client.GrpcClientProtocolClient (GrpcClientProtocolClient.java:onNext(255)) - client-8BD909272E8D->63cacea9-0392-4939-ad39-80c4c73dd84b: receive RaftClientReply:client-8BD909272E8D->63cacea9-0392-4939-ad39-80c4c73dd84b@group-EE6C16B6C358, cid=2087, SUCCESS, logIndex=3067, commits[63cacea9-0392-4939-ad39-80c4c73dd84b:c3069, bd7b7fea-2a7b-4c3f-852f-c014e42bfcb7:c3065, 3b4aa678-22a6-4ae2-9c6a-0e71cdb9d6d0:c3065]
2019-07-10 03:37:33,488 INFO  client.GrpcClientProtocolClient (GrpcClientProtocolClient.java:onNext(255)) - client-8BD909272E8D->63cacea9-0392-4939-ad39-80c4c73dd84b: receive RaftClientReply:client-8BD909272E8D->63cacea9-0392-4939-ad39-80c4c73dd84b@group-EE6C16B6C358, cid=2088, SUCCESS, logIndex=3068, commits[63cacea9-0392-4939-ad39-80c4c73dd84b:c3069, bd7b7fea-2a7b-4c3f-852f-c014e42bfcb7:c3065, 3b4aa678-22a6-4ae2-9c6a-0e71cdb9d6d0:c3065]
2019-07-10 03:37:33,489 INFO  client.GrpcClientProtocolClient (GrpcClientProtocolClient.java:onNext(255)) - client-8BD909272E8D->63cacea9-0392-4939-ad39-80c4c73dd84b: receive RaftClientReply:client-8BD909272E8D->63cacea9-0392-4939-ad39-80c4c73dd84b@group-EE6C16B6C358, cid=2089, SUCCESS, logIndex=3069, commits[63cacea9-0392-4939-ad39-80c4c73dd84b:c3069, bd7b7fea-2a7b-4c3f-852f-c014e42bfcb7:c3065, 3b4aa678-22a6-4ae2-9c6a-0e71cdb9d6d0:c3065]
2019-07-10 03:37:33,490 INFO  client.GrpcClientProtocolClient (GrpcClientProtocolClient.java:onNext(255)) - client-8BD909272E8D->63cacea9-0392-4939-ad39-80c4c73dd84b: receive RaftClientReply:client-8BD909272E8D->63cacea9-0392-4939-ad39-80c4c73dd84b@group-EE6C16B6C358, cid=2090, SUCCESS, logIndex=0, commits[63cacea9-0392-4939-ad39-80c4c73dd84b:c3071, bd7b7fea-2a7b-4c3f-852f-c014e42bfcb7:c3068, 3b4aa678-22a6-4ae2-9c6a-0e71cdb9d6d0:c3068]
2019-07-10 03:37:33,511 INFO  client.GrpcClientProtocolClient (GrpcClientProtocolClient.java:onNext(255)) - client-8BD909272E8D->63cacea9-0392-4939-ad39-80c4c73dd84b: receive RaftClientReply:client-8BD909272E8D->63cacea9-0392-4939-ad39-80c4c73dd84b@group-EE6C16B6C358, cid=2091, SUCCESS, logIndex=3074, commits[63cacea9-0392-4939-ad39-80c4c73dd84b:c3075, bd7b7fea-2a7b-4c3f-852f-c014e42bfcb7:c3073, 3b4aa678-22a6-4ae2-9c6a-0e71cdb9d6d0:c3073]
2019-07-10 03:37:33,511 INFO  client.GrpcClientProtocolClient (GrpcClientProtocolClient.java:onNext(255)) - client-8BD909272E8D->63cacea9-0392-4939-ad39-80c4c73dd84b: receive RaftClientReply:client-8BD909272E8D->63cacea9-0392-4939-ad39-80c4c73dd84b@group-EE6C16B6C358, cid=2092, SUCCESS, logIndex=3075, commits[63cacea9-0392-4939-ad39-80c4c73dd84b:c3075, bd7b7fea-2a7b-4c3f-852f-c014e42bfcb7:c3073, 3b4aa678-22a6-4ae2-9c6a-0e71cdb9d6d0:c3073]
2019-07-10 03:37:33,525 INFO  client.GrpcClientProtocolClient (GrpcClientProtocolClient.java:onNext(255)) - client-8BD909272E8D->63cacea9-0392-4939-ad39-80c4c73dd84b: receive RaftClientReply:client-8BD909272E8D->63cacea9-0392-4939-ad39-80c4c73dd84b@group-EE6C16B6C358, cid=2093, SUCCESS, logIndex=3078, commits[63cacea9-0392-4939-ad39-80c4c73dd84b:c3079, bd7b7fea-2a7b-4c3f-852f-c014e42bfcb7:c3075, 3b4aa678-22a6-4ae2-9c6a-0e71cdb9d6d0:c3075]
2019-07-10 03:37:33,525 INFO  client.GrpcClientProtocolClient (GrpcClientProtocolClient.java:onNext(255)) - client-8BD909272E8D->63cacea9-0392-4939-ad39-80c4c73dd84b: receive RaftClientReply:client-8BD909272E8D->63cacea9-0392-4939-ad39-80c4c73dd84b@group-EE6C16B6C358, cid=2094, SUCCESS, logIndex=3079, commits[63cacea9-0392-4939-ad39-80c4c73dd84b:c3079, bd7b7fea-2a7b-4c3f-852f-c014e42bfcb7:c3075, 3b4aa678-22a6-4ae2-9c6a-0e71cdb9d6d0:c3075]
2019-07-10 03:37:33,539 INFO  client.GrpcClientProtocolClient (GrpcClientProtocolClient.java:onNext(255)) - client-8BD909272E8D->63cacea9-0392-4939-ad39-80c4c73dd84b: receive RaftClientReply:client-8BD909272E8D->63cacea9-0392-4939-ad39-80c4c73dd84b@group-EE6C16B6C358, cid=2095, SUCCESS, logIndex=0, commits[63cacea9-0392-4939-ad39-80c4c73dd84b:c3080, bd7b7fea-2a7b-4c3f-852f-c014e42bfcb7:c3079, 3b4aa678-22a6-4ae2-9c6a-0e71cdb9d6d0:c3079]
2019-07-10 03:37:33,569 INFO  client.GrpcClientProtocolClient (GrpcClientProtocolClient.java:onNext(255)) - client-8BD909272E8D->63cacea9-0392-4939-ad39-80c4c73dd84b: receive RaftClientReply:client-8BD909272E8D->63cacea9-0392-4939-ad39-80c4c73dd84b@group-EE6C16B6C358, cid=2096, SUCCESS, logIndex=3082, commits[63cacea9-0392-4939-ad39-80c4c73dd84b:c3083, bd7b7fea-2a7b-4c3f-852f-c014e42bfcb7:c3081, 3b4aa678-22a6-4ae2-9c6a-0e71cdb9d6d0:c3081]
2019-07-10 03:37:33,570 INFO  client.GrpcClientProtocolClient (GrpcClientProtocolClient.java:onNext(255)) - client-8BD909272E8D->63cacea9-0392-4939-ad39-80c4c73dd84b: receive RaftClientReply:client-8BD909272E8D->63cacea9-0392-4939-ad39-80c4c73dd84b@group-EE6C16B6C358, cid=2097, SUCCESS, logIndex=3083, commits[63cacea9-0392-4939-ad39-80c4c73dd84b:c3085, bd7b7fea-2a7b-4c3f-852f-c014e42bfcb7:c3081, 3b4aa678-22a6-4ae2-9c6a-0e71cdb9d6d0:c3081]
2019-07-10 03:37:33,570 INFO  client.GrpcClientProtocolClient (GrpcClientProtocolClient.java:onNext(255)) - client-8BD909272E8D->63cacea9-0392-4939-ad39-80c4c73dd84b: receive RaftClientReply:client-8BD909272E8D->63cacea9-0392-4939-ad39-80c4c73dd84b@group-EE6C16B6C358, cid=2098, SUCCESS, logIndex=3084, commits[63cacea9-0392-4939-ad39-80c4c73dd84b:c3085, bd7b7fea-2a7b-4c3f-852f-c014e42bfcb7:c3081, 3b4aa678-22a6-4ae2-9c6a-0e71cdb9d6d0:c3081]
2019-07-10 03:37:33,570 INFO  client.GrpcClientProtocolClient (GrpcClientProtocolClient.java:onNext(255)) - client-8BD909272E8D->63cacea9-0392-4939-ad39-80c4c73dd84b: receive RaftClientReply:client-8BD909272E8D->63cacea9-0392-4939-ad39-80c4c73dd84b@group-EE6C16B6C358, cid=2099, SUCCESS, logIndex=3085, commits[63cacea9-0392-4939-ad39-80c4c73dd84b:c3085, bd7b7fea-2a7b-4c3f-852f-c014e42bfcb7:c3081, 3b4aa678-22a6-4ae2-9c6a-0e71cdb9d6d0:c3081]
2019-07-10 03:37:33,572 INFO  client.GrpcClientProtocolClient (GrpcClientProtocolClient.java:onNext(255)) - client-8BD909272E8D->63cacea9-0392-4939-ad39-80c4c73dd84b: receive RaftClientReply:client-8BD909272E8D->63cacea9-0392-4939-ad39-80c4c73dd84b@group-EE6C16B6C358, cid=2100, SUCCESS, logIndex=0, commits[63cacea9-0392-4939-ad39-80c4c73dd84b:c3087, bd7b7fea-2a7b-4c3f-852f-c014e42bfcb7:c3083, 3b4aa678-22a6-4ae2-9c6a-0e71cdb9d6d0:c3083]
2019-07-10 03:37:33,597 INFO  client.GrpcClientProtocolClient (GrpcClientProtocolClient.java:onNext(255)) - client-8BD909272E8D->63cacea9-0392-4939-ad39-80c4c73dd84b: receive RaftClientReply:client-8BD909272E8D->63cacea9-0392-4939-ad39-80c4c73dd84b@group-EE6C16B6C358, cid=2101, SUCCESS, logIndex=3089, commits[63cacea9-0392-4939-ad39-80c4c73dd84b:c3090, bd7b7fea-2a7b-4c3f-852f-c014e42bfcb7:c3088, 3b4aa678-22a6-4ae2-9c6a-0e71cdb9d6d0:c3088]
2019-07-10 03:37:33,597 INFO  client.GrpcClientProtocolClient (GrpcClientProtocolClient.java:onNext(255)) - client-8BD909272E8D->63cacea9-0392-4939-ad39-80c4c73dd84b: receive RaftClientReply:client-8BD909272E8D->63cacea9-0392-4939-ad39-80c4c73dd84b@group-EE6C16B6C358, cid=2102, SUCCESS, logIndex=3090, commits[63cacea9-0392-4939-ad39-80c4c73dd84b:c3090, bd7b7fea-2a7b-4c3f-852f-c014e42bfcb7:c3088, 3b4aa678-22a6-4ae2-9c6a-0e71cdb9d6d0:c3088]
2019-07-10 03:37:33,610 INFO  client.GrpcClientProtocolClient (GrpcClientProtocolClient.java:onNext(255)) - client-8BD909272E8D->63cacea9-0392-4939-ad39-80c4c73dd84b: receive RaftClientReply:client-8BD909272E8D->63cacea9-0392-4939-ad39-80c4c73dd84b@group-EE6C16B6C358, cid=2103, SUCCESS, logIndex=3093, commits[63cacea9-0392-4939-ad39-80c4c73dd84b:c3094, bd7b7fea-2a7b-4c3f-852f-c014e42bfcb7:c3090, 3b4aa678-22a6-4ae2-9c6a-0e71cdb9d6d0:c3090]
2019-07-10 03:37:33,611 INFO  client.GrpcClientProtocolClient (GrpcClientProtocolClient.java:onNext(255)) - client-8BD909272E8D->63cacea9-0392-4939-ad39-80c4c73dd84b: receive RaftClientReply:client-8BD909272E8D->63cacea9-0392-4939-ad39-80c4c73dd84b@group-EE6C16B6C358, cid=2104, SUCCESS, logIndex=3094, commits[63cacea9-0392-4939-ad39-80c4c73dd84b:c3094, bd7b7fea-2a7b-4c3f-852f-c014e42bfcb7:c3090, 3b4aa678-22a6-4ae2-9c6a-0e71cdb9d6d0:c3090]
2019-07-10 03:37:33,625 INFO  client.GrpcClientProtocolClient (GrpcClientProtocolClient.java:onNext(255)) - client-8BD909272E8D->63cacea9-0392-4939-ad39-80c4c73dd84b: receive RaftClientReply:client-8BD909272E8D->63cacea9-0392-4939-ad39-80c4c73dd84b@group-EE6C16B6C358, cid=2105, SUCCESS, logIndex=0, commits[63cacea9-0392-4939-ad39-80c4c73dd84b:c3096, bd7b7fea-2a7b-4c3f-852f-c014e42bfcb7:c3094, 3b4aa678-22a6-4ae2-9c6a-0e71cdb9d6d0:c3094]
2019-07-10 03:37:33,666 INFO  client.GrpcClientProtocolClient (GrpcClientProtocolClient.java:onNext(255)) - client-8BD909272E8D->63cacea9-0392-4939-ad39-80c4c73dd84b: receive RaftClientReply:client-8BD909272E8D->63cacea9-0392-4939-ad39-80c4c73dd84b@group-EE6C16B6C358, cid=2106, SUCCESS, logIndex=3097, commits[63cacea9-0392-4939-ad39-80c4c73dd84b:c3098, bd7b7fea-2a7b-4c3f-852f-c014e42bfcb7:c3096, 3b4aa678-22a6-4ae2-9c6a-0e71cdb9d6d0:c3096]
2019-07-10 03:37:33,667 INFO  client.GrpcClientProtocolClient (GrpcClientProtocolClient.java:onNext(255)) - client-8BD909272E8D->63cacea9-0392-4939-ad39-80c4c73dd84b: receive RaftClientReply:client-8BD909272E8D->63cacea9-0392-4939-ad39-80c4c73dd84b@group-EE6C16B6C358, cid=2107, SUCCESS, logIndex=3098, commits[63cacea9-0392-4939-ad39-80c4c73dd84b:c3099, bd7b7fea-2a7b-4c3f-852f-c014e42bfcb7:c3096, 3b4aa678-22a6-4ae2-9c6a-0e71cdb9d6d0:c3096]
2019-07-10 03:37:33,667 INFO  client.GrpcClientProtocolClient (GrpcClientProtocolClient.java:onNext(255)) - client-8BD909272E8D->63cacea9-0392-4939-ad39-80c4c73dd84b: receive RaftClientReply:client-8BD909272E8D->63cacea9-0392-4939-ad39-80c4c73dd84b@group-EE6C16B6C358, cid=2108, SUCCESS, logIndex=3099, commits[63cacea9-0392-4939-ad39-80c4c73dd84b:c3099, bd7b7fea-2a7b-4c3f-852f-c014e42bfcb7:c3096, 3b4aa678-22a6-4ae2-9c6a-0e71cdb9d6d0:c3096]
2019-07-10 03:37:33,668 INFO  client.GrpcClientProtocolClient (GrpcClientProtocolClient.java:onNext(255)) - client-8BD909272E8D->63cacea9-0392-4939-ad39-80c4c73dd84b: receive RaftClientReply:client-8BD909272E8D->63cacea9-0392-4939-ad39-80c4c73dd84b@group-EE6C16B6C358, cid=2109, SUCCESS, logIndex=3100, commits[63cacea9-0392-4939-ad39-80c4c73dd84b:c3100, bd7b7fea-2a7b-4c3f-852f-c014e42bfcb7:c3096, 3b4aa678-22a6-4ae2-9c6a-0e71cdb9d6d0:c3096]
2019-07-10 03:37:33,669 INFO  client.GrpcClientProtocolClient (GrpcClientProtocolClient.java:onNext(255)) - client-8BD909272E8D->63cacea9-0392-4939-ad39-80c4c73dd84b: receive RaftClientReply:client-8BD909272E8D->63cacea9-0392-4939-ad39-80c4c73dd84b@group-EE6C16B6C358, cid=2110, SUCCESS, logIndex=0, commits[63cacea9-0392-4939-ad39-80c4c73dd84b:c3102, bd7b7fea-2a7b-4c3f-852f-c014e42bfcb7:c3098, 3b4aa678-22a6-4ae2-9c6a-0e71cdb9d6d0:c3098]
2019-07-10 03:37:33,689 INFO  client.GrpcClientProtocolClient (GrpcClientProtocolClient.java:onNext(255)) - client-8BD909272E8D->63cacea9-0392-4939-ad39-80c4c73dd84b: receive RaftClientReply:client-8BD909272E8D->63cacea9-0392-4939-ad39-80c4c73dd84b@group-EE6C16B6C358, cid=2111, SUCCESS, logIndex=3105, commits[63cacea9-0392-4939-ad39-80c4c73dd84b:c3106, bd7b7fea-2a7b-4c3f-852f-c014e42bfcb7:c3104, 3b4aa678-22a6-4ae2-9c6a-0e71cdb9d6d0:c3104]
2019-07-10 03:37:33,690 INFO  client.GrpcClientProtocolClient (GrpcClientProtocolClient.java:onNext(255)) - client-8BD909272E8D->63cacea9-0392-4939-ad39-80c4c73dd84b: receive RaftClientReply:client-8BD909272E8D->63cacea9-0392-4939-ad39-80c4c73dd84b@group-EE6C16B6C358, cid=2112, SUCCESS, logIndex=3106, commits[63cacea9-0392-4939-ad39-80c4c73dd84b:c3106, bd7b7fea-2a7b-4c3f-852f-c014e42bfcb7:c3104, 3b4aa678-22a6-4ae2-9c6a-0e71cdb9d6d0:c3104]
2019-07-10 03:37:33,704 INFO  client.GrpcClientProtocolClient (GrpcClientProtocolClient.java:onNext(255)) - client-8BD909272E8D->63cacea9-0392-4939-ad39-80c4c73dd84b: receive RaftClientReply:client-8BD909272E8D->63cacea9-0392-4939-ad39-80c4c73dd84b@group-EE6C16B6C358, cid=2113, SUCCESS, logIndex=3109, commits[63cacea9-0392-4939-ad39-80c4c73dd84b:c3110, bd7b7fea-2a7b-4c3f-852f-c014e42bfcb7:c3106, 3b4aa678-22a6-4ae2-9c6a-0e71cdb9d6d0:c3106]
2019-07-10 03:37:33,704 INFO  client.GrpcClientProtocolClient (GrpcClientProtocolClient.java:onNext(255)) - client-8BD909272E8D->63cacea9-0392-4939-ad39-80c4c73dd84b: receive RaftClientReply:client-8BD909272E8D->63cacea9-0392-4939-ad39-80c4c73dd84b@group-EE6C16B6C358, cid=2114, SUCCESS, logIndex=3110, commits[63cacea9-0392-4939-ad39-80c4c73dd84b:c3110, bd7b7fea-2a7b-4c3f-852f-c014e42bfcb7:c3106, 3b4aa678-22a6-4ae2-9c6a-0e71cdb9d6d0:c3106]
2019-07-10 03:37:33,718 INFO  client.GrpcClientProtocolClient (GrpcClientProtocolClient.java:onNext(255)) - client-8BD909272E8D->63cacea9-0392-4939-ad39-80c4c73dd84b: receive RaftClientReply:client-8BD909272E8D->63cacea9-0392-4939-ad39-80c4c73dd84b@group-EE6C16B6C358, cid=2115, SUCCESS, logIndex=0, commits[63cacea9-0392-4939-ad39-80c4c73dd84b:c3112, bd7b7fea-2a7b-4c3f-852f-c014e42bfcb7:c3110, 3b4aa678-22a6-4ae2-9c6a-0e71cdb9d6d0:c3110]
 0.00% |█                                                                                                    |  0/1 Time: 0:00:162019-07-10 03:37:33,744 INFO  client.GrpcClientProtocolClient (GrpcClientProtocolClient.java:onNext(255)) - client-8BD909272E8D->63cacea9-0392-4939-ad39-80c4c73dd84b: receive RaftClientReply:client-8BD909272E8D->63cacea9-0392-4939-ad39-80c4c73dd84b@group-EE6C16B6C358, cid=2116, SUCCESS, logIndex=3113, commits[63cacea9-0392-4939-ad39-80c4c73dd84b:c3114, bd7b7fea-2a7b-4c3f-852f-c014e42bfcb7:c3112, 3b4aa678-22a6-4ae2-9c6a-0e71cdb9d6d0:c3112]
2019-07-10 03:37:33,745 INFO  client.GrpcClientProtocolClient (GrpcClientProtocolClient.java:onNext(255)) - client-8BD909272E8D->63cacea9-0392-4939-ad39-80c4c73dd84b: receive RaftClientReply:client-8BD909272E8D->63cacea9-0392-4939-ad39-80c4c73dd84b@group-EE6C16B6C358, cid=2117, SUCCESS, logIndex=3114, commits[63cacea9-0392-4939-ad39-80c4c73dd84b:c3116, bd7b7fea-2a7b-4c3f-852f-c014e42bfcb7:c3112, 3b4aa678-22a6-4ae2-9c6a-0e71cdb9d6d0:c3112]
2019-07-10 03:37:33,745 INFO  client.GrpcClientProtocolClient (GrpcClientProtocolClient.java:onNext(255)) - client-8BD909272E8D->63cacea9-0392-4939-ad39-80c4c73dd84b: receive RaftClientReply:client-8BD909272E8D->63cacea9-0392-4939-ad39-80c4c73dd84b@group-EE6C16B6C358, cid=2118, SUCCESS, logIndex=3115, commits[63cacea9-0392-4939-ad39-80c4c73dd84b:c3116, bd7b7fea-2a7b-4c3f-852f-c014e42bfcb7:c3112, 3b4aa678-22a6-4ae2-9c6a-0e71cdb9d6d0:c3112]
2019-07-10 03:37:33,745 INFO  client.GrpcClientProtocolClient (GrpcClientProtocolClient.java:onNext(255)) - client-8BD909272E8D->63cacea9-0392-4939-ad39-80c4c73dd84b: receive RaftClientReply:client-8BD909272E8D->63cacea9-0392-4939-ad39-80c4c73dd84b@group-EE6C16B6C358, cid=2119, SUCCESS, logIndex=3116, commits[63cacea9-0392-4939-ad39-80c4c73dd84b:c3116, bd7b7fea-2a7b-4c3f-852f-c014e42bfcb7:c3112, 3b4aa678-22a6-4ae2-9c6a-0e71cdb9d6d0:c3112]
2019-07-10 03:37:33,758 INFO  client.GrpcClientProtocolClient (GrpcClientProtocolClient.java:onNext(255)) - client-8BD909272E8D->63cacea9-0392-4939-ad39-80c4c73dd84b: receive RaftClientReply:client-8BD909272E8D->63cacea9-0392-4939-ad39-80c4c73dd84b@group-EE6C16B6C358, cid=2120, SUCCESS, logIndex=0, commits[63cacea9-0392-4939-ad39-80c4c73dd84b:c3119, bd7b7fea-2a7b-4c3f-852f-c014e42bfcb7:c3114, 3b4aa678-22a6-4ae2-9c6a-0e71cdb9d6d0:c3115]
2019-07-10 03:37:33,777 INFO  client.GrpcClientProtocolClient (GrpcClientProtocolClient.java:onNext(255)) - client-8BD909272E8D->63cacea9-0392-4939-ad39-80c4c73dd84b: receive RaftClientReply:client-8BD909272E8D->63cacea9-0392-4939-ad39-80c4c73dd84b@group-EE6C16B6C358, cid=2121, SUCCESS, logIndex=3121, commits[63cacea9-0392-4939-ad39-80c4c73dd84b:c3121, bd7b7fea-2a7b-4c3f-852f-c014e42bfcb7:c3120, 3b4aa678-22a6-4ae2-9c6a-0e71cdb9d6d0:c3120]
2019-07-10 03:37:33,777 INFO  client.GrpcClientProtocolClient (GrpcClientProtocolClient.java:onNext(255)) - client-8BD909272E8D->63cacea9-0392-4939-ad39-80c4c73dd84b: receive RaftClientReply:client-8BD909272E8D->63cacea9-0392-4939-ad39-80c4c73dd84b@group-EE6C16B6C358, cid=2122, SUCCESS, logIndex=3122, commits[63cacea9-0392-4939-ad39-80c4c73dd84b:c3122, bd7b7fea-2a7b-4c3f-852f-c014e42bfcb7:c3120, 3b4aa678-22a6-4ae2-9c6a-0e71cdb9d6d0:c3120]
2019-07-10 03:37:33,790 INFO  client.GrpcClientProtocolClient (GrpcClientProtocolClient.java:onNext(255)) - client-8BD909272E8D->63cacea9-0392-4939-ad39-80c4c73dd84b: receive RaftClientReply:client-8BD909272E8D->63cacea9-0392-4939-ad39-80c4c73dd84b@group-EE6C16B6C358, cid=2123, SUCCESS, logIndex=3125, commits[63cacea9-0392-4939-ad39-80c4c73dd84b:c3126, bd7b7fea-2a7b-4c3f-852f-c014e42bfcb7:c3122, 3b4aa678-22a6-4ae2-9c6a-0e71cdb9d6d0:c3122]
2019-07-10 03:37:33,790 INFO  client.GrpcClientProtocolClient (GrpcClientProtocolClient.java:onNext(255)) - client-8BD909272E8D->63cacea9-0392-4939-ad39-80c4c73dd84b: receive RaftClientReply:client-8BD909272E8D->63cacea9-0392-4939-ad39-80c4c73dd84b@group-EE6C16B6C358, cid=2124, SUCCESS, logIndex=3126, commits[63cacea9-0392-4939-ad39-80c4c73dd84b:c3126, bd7b7fea-2a7b-4c3f-852f-c014e42bfcb7:c3122, 3b4aa678-22a6-4ae2-9c6a-0e71cdb9d6d0:c3122]
2019-07-10 03:37:33,804 INFO  client.GrpcClientProtocolClient (GrpcClientProtocolClient.java:onNext(255)) - client-8BD909272E8D->63cacea9-0392-4939-ad39-80c4c73dd84b: receive RaftClientReply:client-8BD909272E8D->63cacea9-0392-4939-ad39-80c4c73dd84b@group-EE6C16B6C358, cid=2125, SUCCESS, logIndex=0, commits[63cacea9-0392-4939-ad39-80c4c73dd84b:c3128, bd7b7fea-2a7b-4c3f-852f-c014e42bfcb7:c3126, 3b4aa678-22a6-4ae2-9c6a-0e71cdb9d6d0:c3126]
2019-07-10 03:37:33,832 INFO  client.GrpcClientProtocolClient (GrpcClientProtocolClient.java:onNext(255)) - client-8BD909272E8D->63cacea9-0392-4939-ad39-80c4c73dd84b: receive RaftClientReply:client-8BD909272E8D->63cacea9-0392-4939-ad39-80c4c73dd84b@group-EE6C16B6C358, cid=2126, SUCCESS, logIndex=3129, commits[63cacea9-0392-4939-ad39-80c4c73dd84b:c3130, bd7b7fea-2a7b-4c3f-852f-c014e42bfcb7:c3128, 3b4aa678-22a6-4ae2-9c6a-0e71cdb9d6d0:c3128]
2019-07-10 03:37:33,833 INFO  client.GrpcClientProtocolClient (GrpcClientProtocolClient.java:onNext(255)) - client-8BD909272E8D->63cacea9-0392-4939-ad39-80c4c73dd84b: receive RaftClientReply:client-8BD909272E8D->63cacea9-0392-4939-ad39-80c4c73dd84b@group-EE6C16B6C358, cid=2127, SUCCESS, logIndex=3130, commits[63cacea9-0392-4939-ad39-80c4c73dd84b:c3131, bd7b7fea-2a7b-4c3f-852f-c014e42bfcb7:c3128, 3b4aa678-22a6-4ae2-9c6a-0e71cdb9d6d0:c3128]
2019-07-10 03:37:33,833 INFO  client.GrpcClientProtocolClient (GrpcClientProtocolClient.java:onNext(255)) - client-8BD909272E8D->63cacea9-0392-4939-ad39-80c4c73dd84b: receive RaftClientReply:client-8BD909272E8D->63cacea9-0392-4939-ad39-80c4c73dd84b@group-EE6C16B6C358, cid=2128, SUCCESS, logIndex=3131, commits[63cacea9-0392-4939-ad39-80c4c73dd84b:c3132, bd7b7fea-2a7b-4c3f-852f-c014e42bfcb7:c3128, 3b4aa678-22a6-4ae2-9c6a-0e71cdb9d6d0:c3128]
2019-07-10 03:37:33,833 INFO  client.GrpcClientProtocolClient (GrpcClientProtocolClient.java:onNext(255)) - client-8BD909272E8D->63cacea9-0392-4939-ad39-80c4c73dd84b: receive RaftClientReply:client-8BD909272E8D->63cacea9-0392-4939-ad39-80c4c73dd84b@group-EE6C16B6C358, cid=2129, SUCCESS, logIndex=3132, commits[63cacea9-0392-4939-ad39-80c4c73dd84b:c3132, bd7b7fea-2a7b-4c3f-852f-c014e42bfcb7:c3128, 3b4aa678-22a6-4ae2-9c6a-0e71cdb9d6d0:c3128]
2019-07-10 03:37:33,857 INFO  client.GrpcClientProtocolClient (GrpcClientProtocolClient.java:onNext(255)) - client-8BD909272E8D->63cacea9-0392-4939-ad39-80c4c73dd84b: receive RaftClientReply:client-8BD909272E8D->63cacea9-0392-4939-ad39-80c4c73dd84b@group-EE6C16B6C358, cid=2130, SUCCESS, logIndex=0, commits[63cacea9-0392-4939-ad39-80c4c73dd84b:c3134, bd7b7fea-2a7b-4c3f-852f-c014e42bfcb7:c3130, 3b4aa678-22a6-4ae2-9c6a-0e71cdb9d6d0:c3130]
2019-07-10 03:37:33,877 INFO  client.GrpcClientProtocolClient (GrpcClientProtocolClient.java:onNext(255)) - client-8BD909272E8D->63cacea9-0392-4939-ad39-80c4c73dd84b: receive RaftClientReply:client-8BD909272E8D->63cacea9-0392-4939-ad39-80c4c73dd84b@group-EE6C16B6C358, cid=2131, SUCCESS, logIndex=3137, commits[63cacea9-0392-4939-ad39-80c4c73dd84b:c3138, bd7b7fea-2a7b-4c3f-852f-c014e42bfcb7:c3136, 3b4aa678-22a6-4ae2-9c6a-0e71cdb9d6d0:c3136]
2019-07-10 03:37:33,878 INFO  client.GrpcClientProtocolClient (GrpcClientProtocolClient.java:onNext(255)) - client-8BD909272E8D->63cacea9-0392-4939-ad39-80c4c73dd84b: receive RaftClientReply:client-8BD909272E8D->63cacea9-0392-4939-ad39-80c4c73dd84b@group-EE6C16B6C358, cid=2132, SUCCESS, logIndex=3138, commits[63cacea9-0392-4939-ad39-80c4c73dd84b:c3138, bd7b7fea-2a7b-4c3f-852f-c014e42bfcb7:c3136, 3b4aa678-22a6-4ae2-9c6a-0e71cdb9d6d0:c3136]
2019-07-10 03:37:33,893 INFO  client.GrpcClientProtocolClient (GrpcClientProtocolClient.java:onNext(255)) - client-8BD909272E8D->63cacea9-0392-4939-ad39-80c4c73dd84b: receive RaftClientReply:client-8BD909272E8D->63cacea9-0392-4939-ad39-80c4c73dd84b@group-EE6C16B6C358, cid=2133, SUCCESS, logIndex=3141, commits[63cacea9-0392-4939-ad39-80c4c73dd84b:c3142, bd7b7fea-2a7b-4c3f-852f-c014e42bfcb7:c3138, 3b4aa678-22a6-4ae2-9c6a-0e71cdb9d6d0:c3138]
2019-07-10 03:37:33,893 INFO  client.GrpcClientProtocolClient (GrpcClientProtocolClient.java:onNext(255)) - client-8BD909272E8D->63cacea9-0392-4939-ad39-80c4c73dd84b: receive RaftClientReply:client-8BD909272E8D->63cacea9-0392-4939-ad39-80c4c73dd84b@group-EE6C16B6C358, cid=2134, SUCCESS, logIndex=3142, commits[63cacea9-0392-4939-ad39-80c4c73dd84b:c3142, bd7b7fea-2a7b-4c3f-852f-c014e42bfcb7:c3138, 3b4aa678-22a6-4ae2-9c6a-0e71cdb9d6d0:c3138]
2019-07-10 03:37:33,908 INFO  client.GrpcClientProtocolClient (GrpcClientProtocolClient.java:onNext(255)) - client-8BD909272E8D->63cacea9-0392-4939-ad39-80c4c73dd84b: receive RaftClientReply:client-8BD909272E8D->63cacea9-0392-4939-ad39-80c4c73dd84b@group-EE6C16B6C358, cid=2135, SUCCESS, logIndex=0, commits[63cacea9-0392-4939-ad39-80c4c73dd84b:c3144, bd7b7fea-2a7b-4c3f-852f-c014e42bfcb7:c3142, 3b4aa678-22a6-4ae2-9c6a-0e71cdb9d6d0:c3142]
2019-07-10 03:37:33,935 INFO  client.GrpcClientProtocolClient (GrpcClientProtocolClient.java:onNext(255)) - client-8BD909272E8D->63cacea9-0392-4939-ad39-80c4c73dd84b: receive RaftClientReply:client-8BD909272E8D->63cacea9-0392-4939-ad39-80c4c73dd84b@group-EE6C16B6C358, cid=2136, SUCCESS, logIndex=3145, commits[63cacea9-0392-4939-ad39-80c4c73dd84b:c3146, bd7b7fea-2a7b-4c3f-852f-c014e42bfcb7:c3144, 3b4aa678-22a6-4ae2-9c6a-0e71cdb9d6d0:c3144]
2019-07-10 03:37:33,936 INFO  client.GrpcClientProtocolClient (GrpcClientProtocolClient.java:onNext(255)) - client-8BD909272E8D->63cacea9-0392-4939-ad39-80c4c73dd84b: receive RaftClientReply:client-8BD909272E8D->63cacea9-0392-4939-ad39-80c4c73dd84b@group-EE6C16B6C358, cid=2137, SUCCESS, logIndex=3146, commits[63cacea9-0392-4939-ad39-80c4c73dd84b:c3148, bd7b7fea-2a7b-4c3f-852f-c014e42bfcb7:c3144, 3b4aa678-22a6-4ae2-9c6a-0e71cdb9d6d0:c3144]
2019-07-10 03:37:33,936 INFO  client.GrpcClientProtocolClient (GrpcClientProtocolClient.java:onNext(255)) - client-8BD909272E8D->63cacea9-0392-4939-ad39-80c4c73dd84b: receive RaftClientReply:client-8BD909272E8D->63cacea9-0392-4939-ad39-80c4c73dd84b@group-EE6C16B6C358, cid=2138, SUCCESS, logIndex=3147, commits[63cacea9-0392-4939-ad39-80c4c73dd84b:c3148, bd7b7fea-2a7b-4c3f-852f-c014e42bfcb7:c3144, 3b4aa678-22a6-4ae2-9c6a-0e71cdb9d6d0:c3144]
2019-07-10 03:37:33,936 INFO  client.GrpcClientProtocolClient (GrpcClientProtocolClient.java:onNext(255)) - client-8BD909272E8D->63cacea9-0392-4939-ad39-80c4c73dd84b: receive RaftClientReply:client-8BD909272E8D->63cacea9-0392-4939-ad39-80c4c73dd84b@group-EE6C16B6C358, cid=2139, SUCCESS, logIndex=3148, commits[63cacea9-0392-4939-ad39-80c4c73dd84b:c3148, bd7b7fea-2a7b-4c3f-852f-c014e42bfcb7:c3144, 3b4aa678-22a6-4ae2-9c6a-0e71cdb9d6d0:c3144]
2019-07-10 03:37:33,939 INFO  client.GrpcClientProtocolClient (GrpcClientProtocolClient.java:onNext(255)) - client-8BD909272E8D->63cacea9-0392-4939-ad39-80c4c73dd84b: receive RaftClientReply:client-8BD909272E8D->63cacea9-0392-4939-ad39-80c4c73dd84b@group-EE6C16B6C358, cid=2140, SUCCESS, logIndex=0, commits[63cacea9-0392-4939-ad39-80c4c73dd84b:c3149, bd7b7fea-2a7b-4c3f-852f-c014e42bfcb7:c3146, 3b4aa678-22a6-4ae2-9c6a-0e71cdb9d6d0:c3146]
2019-07-10 03:37:33,964 INFO  client.GrpcClientProtocolClient (GrpcClientProtocolClient.java:onNext(255)) - client-8BD909272E8D->63cacea9-0392-4939-ad39-80c4c73dd84b: receive RaftClientReply:client-8BD909272E8D->63cacea9-0392-4939-ad39-80c4c73dd84b@group-EE6C16B6C358, cid=2141, SUCCESS, logIndex=3152, commits[63cacea9-0392-4939-ad39-80c4c73dd84b:c3153, bd7b7fea-2a7b-4c3f-852f-c014e42bfcb7:c3149, 3b4aa678-22a6-4ae2-9c6a-0e71cdb9d6d0:c3149]
2019-07-10 03:37:33,965 INFO  client.GrpcClientProtocolClient (GrpcClientProtocolClient.java:onNext(255)) - client-8BD909272E8D->63cacea9-0392-4939-ad39-80c4c73dd84b: receive RaftClientReply:client-8BD909272E8D->63cacea9-0392-4939-ad39-80c4c73dd84b@group-EE6C16B6C358, cid=2142, SUCCESS, logIndex=3153, commits[63cacea9-0392-4939-ad39-80c4c73dd84b:c3153, bd7b7fea-2a7b-4c3f-852f-c014e42bfcb7:c3149, 3b4aa678-22a6-4ae2-9c6a-0e71cdb9d6d0:c3149]
2019-07-10 03:37:33,979 INFO  client.GrpcClientProtocolClient (GrpcClientProtocolClient.java:onNext(255)) - client-8BD909272E8D->63cacea9-0392-4939-ad39-80c4c73dd84b: receive RaftClientReply:client-8BD909272E8D->63cacea9-0392-4939-ad39-80c4c73dd84b@group-EE6C16B6C358, cid=2143, SUCCESS, logIndex=3156, commits[63cacea9-0392-4939-ad39-80c4c73dd84b:c3157, bd7b7fea-2a7b-4c3f-852f-c014e42bfcb7:c3153, 3b4aa678-22a6-4ae2-9c6a-0e71cdb9d6d0:c3153]
2019-07-10 03:37:33,980 INFO  client.GrpcClientProtocolClient (GrpcClientProtocolClient.java:onNext(255)) - client-8BD909272E8D->63cacea9-0392-4939-ad39-80c4c73dd84b: receive RaftClientReply:client-8BD909272E8D->63cacea9-0392-4939-ad39-80c4c73dd84b@group-EE6C16B6C358, cid=2144, SUCCESS, logIndex=3157, commits[63cacea9-0392-4939-ad39-80c4c73dd84b:c3157, bd7b7fea-2a7b-4c3f-852f-c014e42bfcb7:c3153, 3b4aa678-22a6-4ae2-9c6a-0e71cdb9d6d0:c3153]
2019-07-10 03:37:33,993 INFO  client.GrpcClientProtocolClient (GrpcClientProtocolClient.java:onNext(255)) - client-8BD909272E8D->63cacea9-0392-4939-ad39-80c4c73dd84b: receive RaftClientReply:client-8BD909272E8D->63cacea9-0392-4939-ad39-80c4c73dd84b@group-EE6C16B6C358, cid=2145, SUCCESS, logIndex=0, commits[63cacea9-0392-4939-ad39-80c4c73dd84b:c3158, bd7b7fea-2a7b-4c3f-852f-c014e42bfcb7:c3157, 3b4aa678-22a6-4ae2-9c6a-0e71cdb9d6d0:c3157]
2019-07-10 03:37:34,022 INFO  client.GrpcClientProtocolClient (GrpcClientProtocolClient.java:onNext(255)) - client-8BD909272E8D->63cacea9-0392-4939-ad39-80c4c73dd84b: receive RaftClientReply:client-8BD909272E8D->63cacea9-0392-4939-ad39-80c4c73dd84b@group-EE6C16B6C358, cid=2146, SUCCESS, logIndex=3160, commits[63cacea9-0392-4939-ad39-80c4c73dd84b:c3162, bd7b7fea-2a7b-4c3f-852f-c014e42bfcb7:c3159, 3b4aa678-22a6-4ae2-9c6a-0e71cdb9d6d0:c3159]
2019-07-10 03:37:34,023 INFO  client.GrpcClientProtocolClient (GrpcClientProtocolClient.java:onNext(255)) - client-8BD909272E8D->63cacea9-0392-4939-ad39-80c4c73dd84b: receive RaftClientReply:client-8BD909272E8D->63cacea9-0392-4939-ad39-80c4c73dd84b@group-EE6C16B6C358, cid=2147, SUCCESS, logIndex=3161, commits[63cacea9-0392-4939-ad39-80c4c73dd84b:c3163, bd7b7fea-2a7b-4c3f-852f-c014e42bfcb7:c3159, 3b4aa678-22a6-4ae2-9c6a-0e71cdb9d6d0:c3159]
2019-07-10 03:37:34,023 INFO  client.GrpcClientProtocolClient (GrpcClientProtocolClient.java:onNext(255)) - client-8BD909272E8D->63cacea9-0392-4939-ad39-80c4c73dd84b: receive RaftClientReply:client-8BD909272E8D->63cacea9-0392-4939-ad39-80c4c73dd84b@group-EE6C16B6C358, cid=2148, SUCCESS, logIndex=3162, commits[63cacea9-0392-4939-ad39-80c4c73dd84b:c3163, bd7b7fea-2a7b-4c3f-852f-c014e42bfcb7:c3159, 3b4aa678-22a6-4ae2-9c6a-0e71cdb9d6d0:c3159]
2019-07-10 03:37:34,024 INFO  client.GrpcClientProtocolClient (GrpcClientProtocolClient.java:onNext(255)) - client-8BD909272E8D->63cacea9-0392-4939-ad39-80c4c73dd84b: receive RaftClientReply:client-8BD909272E8D->63cacea9-0392-4939-ad39-80c4c73dd84b@group-EE6C16B6C358, cid=2149, SUCCESS, logIndex=3163, commits[63cacea9-0392-4939-ad39-80c4c73dd84b:c3163, bd7b7fea-2a7b-4c3f-852f-c014e42bfcb7:c3160, 3b4aa678-22a6-4ae2-9c6a-0e71cdb9d6d0:c3159]
2019-07-10 03:37:34,037 INFO  client.GrpcClientProtocolClient (GrpcClientProtocolClient.java:onNext(255)) - client-8BD909272E8D->63cacea9-0392-4939-ad39-80c4c73dd84b: receive RaftClientReply:client-8BD909272E8D->63cacea9-0392-4939-ad39-80c4c73dd84b@group-EE6C16B6C358, cid=2150, SUCCESS, logIndex=0, commits[63cacea9-0392-4939-ad39-80c4c73dd84b:c3165, bd7b7fea-2a7b-4c3f-852f-c014e42bfcb7:c3161, 3b4aa678-22a6-4ae2-9c6a-0e71cdb9d6d0:c3161]
2019-07-10 03:37:34,058 INFO  client.GrpcClientProtocolClient (GrpcClientProtocolClient.java:onNext(255)) - client-8BD909272E8D->63cacea9-0392-4939-ad39-80c4c73dd84b: receive RaftClientReply:client-8BD909272E8D->63cacea9-0392-4939-ad39-80c4c73dd84b@group-EE6C16B6C358, cid=2151, SUCCESS, logIndex=3168, commits[63cacea9-0392-4939-ad39-80c4c73dd84b:c3169, bd7b7fea-2a7b-4c3f-852f-c014e42bfcb7:c3167, 3b4aa678-22a6-4ae2-9c6a-0e71cdb9d6d0:c3167]
2019-07-10 03:37:34,058 INFO  client.GrpcClientProtocolClient (GrpcClientProtocolClient.java:onNext(255)) - client-8BD909272E8D->63cacea9-0392-4939-ad39-80c4c73dd84b: receive RaftClientReply:client-8BD909272E8D->63cacea9-0392-4939-ad39-80c4c73dd84b@group-EE6C16B6C358, cid=2152, SUCCESS, logIndex=3169, commits[63cacea9-0392-4939-ad39-80c4c73dd84b:c3169, bd7b7fea-2a7b-4c3f-852f-c014e42bfcb7:c3167, 3b4aa678-22a6-4ae2-9c6a-0e71cdb9d6d0:c3167]
2019-07-10 03:37:34,172 INFO  client.GrpcClientProtocolClient (GrpcClientProtocolClient.java:onNext(255)) - client-8BD909272E8D->63cacea9-0392-4939-ad39-80c4c73dd84b: receive RaftClientReply:client-8BD909272E8D->63cacea9-0392-4939-ad39-80c4c73dd84b@group-EE6C16B6C358, cid=2153, SUCCESS, logIndex=3172, commits[63cacea9-0392-4939-ad39-80c4c73dd84b:c3173, bd7b7fea-2a7b-4c3f-852f-c014e42bfcb7:c3169, 3b4aa678-22a6-4ae2-9c6a-0e71cdb9d6d0:c3169]
2019-07-10 03:37:34,172 INFO  client.GrpcClientProtocolClient (GrpcClientProtocolClient.java:onNext(255)) - client-8BD909272E8D->63cacea9-0392-4939-ad39-80c4c73dd84b: receive RaftClientReply:client-8BD909272E8D->63cacea9-0392-4939-ad39-80c4c73dd84b@group-EE6C16B6C358, cid=2154, SUCCESS, logIndex=3173, commits[63cacea9-0392-4939-ad39-80c4c73dd84b:c3173, bd7b7fea-2a7b-4c3f-852f-c014e42bfcb7:c3169, 3b4aa678-22a6-4ae2-9c6a-0e71cdb9d6d0:c3169]
2019-07-10 03:37:34,184 INFO  client.GrpcClientProtocolClient (GrpcClientProtocolClient.java:onNext(255)) - client-8BD909272E8D->63cacea9-0392-4939-ad39-80c4c73dd84b: receive RaftClientReply:client-8BD909272E8D->63cacea9-0392-4939-ad39-80c4c73dd84b@group-EE6C16B6C358, cid=2155, SUCCESS, logIndex=0, commits[63cacea9-0392-4939-ad39-80c4c73dd84b:c3175, bd7b7fea-2a7b-4c3f-852f-c014e42bfcb7:c3173, 3b4aa678-22a6-4ae2-9c6a-0e71cdb9d6d0:c3173]
2019-07-10 03:37:34,216 INFO  client.GrpcClientProtocolClient (GrpcClientProtocolClient.java:onNext(255)) - client-8BD909272E8D->63cacea9-0392-4939-ad39-80c4c73dd84b: receive RaftClientReply:client-8BD909272E8D->63cacea9-0392-4939-ad39-80c4c73dd84b@group-EE6C16B6C358, cid=2156, SUCCESS, logIndex=3176, commits[63cacea9-0392-4939-ad39-80c4c73dd84b:c3177, bd7b7fea-2a7b-4c3f-852f-c014e42bfcb7:c3175, 3b4aa678-22a6-4ae2-9c6a-0e71cdb9d6d0:c3175]
2019-07-10 03:37:34,217 INFO  client.GrpcClientProtocolClient (GrpcClientProtocolClient.java:onNext(255)) - client-8BD909272E8D->63cacea9-0392-4939-ad39-80c4c73dd84b: receive RaftClientReply:client-8BD909272E8D->63cacea9-0392-4939-ad39-80c4c73dd84b@group-EE6C16B6C358, cid=2157, SUCCESS, logIndex=3177, commits[63cacea9-0392-4939-ad39-80c4c73dd84b:c3179, bd7b7fea-2a7b-4c3f-852f-c014e42bfcb7:c3175, 3b4aa678-22a6-4ae2-9c6a-0e71cdb9d6d0:c3175]
2019-07-10 03:37:34,217 INFO  client.GrpcClientProtocolClient (GrpcClientProtocolClient.java:onNext(255)) - client-8BD909272E8D->63cacea9-0392-4939-ad39-80c4c73dd84b: receive RaftClientReply:client-8BD909272E8D->63cacea9-0392-4939-ad39-80c4c73dd84b@group-EE6C16B6C358, cid=2158, SUCCESS, logIndex=3178, commits[63cacea9-0392-4939-ad39-80c4c73dd84b:c3179, bd7b7fea-2a7b-4c3f-852f-c014e42bfcb7:c3175, 3b4aa678-22a6-4ae2-9c6a-0e71cdb9d6d0:c3175]
2019-07-10 03:37:34,217 INFO  client.GrpcClientProtocolClient (GrpcClientProtocolClient.java:onNext(255)) - client-8BD909272E8D->63cacea9-0392-4939-ad39-80c4c73dd84b: receive RaftClientReply:client-8BD909272E8D->63cacea9-0392-4939-ad39-80c4c73dd84b@group-EE6C16B6C358, cid=2159, SUCCESS, logIndex=3179, commits[63cacea9-0392-4939-ad39-80c4c73dd84b:c3179, bd7b7fea-2a7b-4c3f-852f-c014e42bfcb7:c3175, 3b4aa678-22a6-4ae2-9c6a-0e71cdb9d6d0:c3175]
2019-07-10 03:37:34,219 INFO  client.GrpcClientProtocolClient (GrpcClientProtocolClient.java:onNext(255)) - client-8BD909272E8D->63cacea9-0392-4939-ad39-80c4c73dd84b: receive RaftClientReply:client-8BD909272E8D->63cacea9-0392-4939-ad39-80c4c73dd84b@group-EE6C16B6C358, cid=2160, SUCCESS, logIndex=0, commits[63cacea9-0392-4939-ad39-80c4c73dd84b:c3180, bd7b7fea-2a7b-4c3f-852f-c014e42bfcb7:c3177, 3b4aa678-22a6-4ae2-9c6a-0e71cdb9d6d0:c3177]
2019-07-10 03:37:34,233 INFO  client.GrpcClientProtocolClient (GrpcClientProtocolClient.java:onNext(255)) - client-8BD909272E8D->63cacea9-0392-4939-ad39-80c4c73dd84b: receive RaftClientReply:client-8BD909272E8D->63cacea9-0392-4939-ad39-80c4c73dd84b@group-EE6C16B6C358, cid=2161, SUCCESS, logIndex=3184, commits[63cacea9-0392-4939-ad39-80c4c73dd84b:c3185, bd7b7fea-2a7b-4c3f-852f-c014e42bfcb7:c3181, 3b4aa678-22a6-4ae2-9c6a-0e71cdb9d6d0:c3179]
2019-07-10 03:37:34,234 INFO  client.GrpcClientProtocolClient (GrpcClientProtocolClient.java:onNext(255)) - client-8BD909272E8D->63cacea9-0392-4939-ad39-80c4c73dd84b: receive RaftClientReply:client-8BD909272E8D->63cacea9-0392-4939-ad39-80c4c73dd84b@group-EE6C16B6C358, cid=2162, SUCCESS, logIndex=3185, commits[63cacea9-0392-4939-ad39-80c4c73dd84b:c3185, bd7b7fea-2a7b-4c3f-852f-c014e42bfcb7:c3181, 3b4aa678-22a6-4ae2-9c6a-0e71cdb9d6d0:c3181]
2019-07-10 03:37:34,257 INFO  client.GrpcClientProtocolClient (GrpcClientProtocolClient.java:onNext(255)) - client-8BD909272E8D->63cacea9-0392-4939-ad39-80c4c73dd84b: receive RaftClientReply:client-8BD909272E8D->63cacea9-0392-4939-ad39-80c4c73dd84b@group-EE6C16B6C358, cid=2163, SUCCESS, logIndex=3188, commits[63cacea9-0392-4939-ad39-80c4c73dd84b:c3189, bd7b7fea-2a7b-4c3f-852f-c014e42bfcb7:c3187, 3b4aa678-22a6-4ae2-9c6a-0e71cdb9d6d0:c3187]
2019-07-10 03:37:34,257 INFO  client.GrpcClientProtocolClient (GrpcClientProtocolClient.java:onNext(255)) - client-8BD909272E8D->63cacea9-0392-4939-ad39-80c4c73dd84b: receive RaftClientReply:client-8BD909272E8D->63cacea9-0392-4939-ad39-80c4c73dd84b@group-EE6C16B6C358, cid=2164, SUCCESS, logIndex=3189, commits[63cacea9-0392-4939-ad39-80c4c73dd84b:c3189, bd7b7fea-2a7b-4c3f-852f-c014e42bfcb7:c3187, 3b4aa678-22a6-4ae2-9c6a-0e71cdb9d6d0:c3187]
2019-07-10 03:37:34,270 INFO  client.GrpcClientProtocolClient (GrpcClientProtocolClient.java:onNext(255)) - client-8BD909272E8D->63cacea9-0392-4939-ad39-80c4c73dd84b: receive RaftClientReply:client-8BD909272E8D->63cacea9-0392-4939-ad39-80c4c73dd84b@group-EE6C16B6C358, cid=2165, SUCCESS, logIndex=0, commits[63cacea9-0392-4939-ad39-80c4c73dd84b:c3190, bd7b7fea-2a7b-4c3f-852f-c014e42bfcb7:c3189, 3b4aa678-22a6-4ae2-9c6a-0e71cdb9d6d0:c3189]
2019-07-10 03:37:34,300 INFO  client.GrpcClientProtocolClient (GrpcClientProtocolClient.java:onNext(255)) - client-8BD909272E8D->63cacea9-0392-4939-ad39-80c4c73dd84b: receive RaftClientReply:client-8BD909272E8D->63cacea9-0392-4939-ad39-80c4c73dd84b@group-EE6C16B6C358, cid=2166, SUCCESS, logIndex=3192, commits[63cacea9-0392-4939-ad39-80c4c73dd84b:c3193, bd7b7fea-2a7b-4c3f-852f-c014e42bfcb7:c3191, 3b4aa678-22a6-4ae2-9c6a-0e71cdb9d6d0:c3191]
2019-07-10 03:37:34,300 INFO  client.GrpcClientProtocolClient (GrpcClientProtocolClient.java:onNext(255)) - client-8BD909272E8D->63cacea9-0392-4939-ad39-80c4c73dd84b: receive RaftClientReply:client-8BD909272E8D->63cacea9-0392-4939-ad39-80c4c73dd84b@group-EE6C16B6C358, cid=2167, SUCCESS, logIndex=3193, commits[63cacea9-0392-4939-ad39-80c4c73dd84b:c3193, bd7b7fea-2a7b-4c3f-852f-c014e42bfcb7:c3191, 3b4aa678-22a6-4ae2-9c6a-0e71cdb9d6d0:c3191]
2019-07-10 03:37:34,312 INFO  client.GrpcClientProtocolClient (GrpcClientProtocolClient.java:onNext(255)) - client-8BD909272E8D->63cacea9-0392-4939-ad39-80c4c73dd84b: receive RaftClientReply:client-8BD909272E8D->63cacea9-0392-4939-ad39-80c4c73dd84b@group-EE6C16B6C358, cid=2168, SUCCESS, logIndex=3194, commits[63cacea9-0392-4939-ad39-80c4c73dd84b:c3195, bd7b7fea-2a7b-4c3f-852f-c014e42bfcb7:c3191, 3b4aa678-22a6-4ae2-9c6a-0e71cdb9d6d0:c3191]
2019-07-10 03:37:34,312 INFO  client.GrpcClientProtocolClient (GrpcClientProtocolClient.java:onNext(255)) - client-8BD909272E8D->63cacea9-0392-4939-ad39-80c4c73dd84b: receive RaftClientReply:client-8BD909272E8D->63cacea9-0392-4939-ad39-80c4c73dd84b@group-EE6C16B6C358, cid=2169, SUCCESS, logIndex=3195, commits[63cacea9-0392-4939-ad39-80c4c73dd84b:c3195, bd7b7fea-2a7b-4c3f-852f-c014e42bfcb7:c3191, 3b4aa678-22a6-4ae2-9c6a-0e71cdb9d6d0:c3191]
2019-07-10 03:37:34,323 INFO  client.GrpcClientProtocolClient (GrpcClientProtocolClient.java:onNext(255)) - client-8BD909272E8D->63cacea9-0392-4939-ad39-80c4c73dd84b: receive RaftClientReply:client-8BD909272E8D->63cacea9-0392-4939-ad39-80c4c73dd84b@group-EE6C16B6C358, cid=2170, SUCCESS, logIndex=0, commits[63cacea9-0392-4939-ad39-80c4c73dd84b:c3197, bd7b7fea-2a7b-4c3f-852f-c014e42bfcb7:c3193, 3b4aa678-22a6-4ae2-9c6a-0e71cdb9d6d0:c3193]
2019-07-10 03:37:34,347 INFO  client.GrpcClientProtocolClient (GrpcClientProtocolClient.java:onNext(255)) - client-8BD909272E8D->63cacea9-0392-4939-ad39-80c4c73dd84b: receive RaftClientReply:client-8BD909272E8D->63cacea9-0392-4939-ad39-80c4c73dd84b@group-EE6C16B6C358, cid=2171, SUCCESS, logIndex=3200, commits[63cacea9-0392-4939-ad39-80c4c73dd84b:c3201, bd7b7fea-2a7b-4c3f-852f-c014e42bfcb7:c3199, 3b4aa678-22a6-4ae2-9c6a-0e71cdb9d6d0:c3199]
2019-07-10 03:37:34,347 INFO  client.GrpcClientProtocolClient (GrpcClientProtocolClient.java:onNext(255)) - client-8BD909272E8D->63cacea9-0392-4939-ad39-80c4c73dd84b: receive RaftClientReply:client-8BD909272E8D->63cacea9-0392-4939-ad39-80c4c73dd84b@group-EE6C16B6C358, cid=2172, SUCCESS, logIndex=3201, commits[63cacea9-0392-4939-ad39-80c4c73dd84b:c3201, bd7b7fea-2a7b-4c3f-852f-c014e42bfcb7:c3199, 3b4aa678-22a6-4ae2-9c6a-0e71cdb9d6d0:c3199]
2019-07-10 03:37:34,368 INFO  client.GrpcClientProtocolClient (GrpcClientProtocolClient.java:onNext(255)) - client-8BD909272E8D->63cacea9-0392-4939-ad39-80c4c73dd84b: receive RaftClientReply:client-8BD909272E8D->63cacea9-0392-4939-ad39-80c4c73dd84b@group-EE6C16B6C358, cid=2173, SUCCESS, logIndex=3204, commits[63cacea9-0392-4939-ad39-80c4c73dd84b:c3205, bd7b7fea-2a7b-4c3f-852f-c014e42bfcb7:c3201, 3b4aa678-22a6-4ae2-9c6a-0e71cdb9d6d0:c3201]
2019-07-10 03:37:34,368 INFO  client.GrpcClientProtocolClient (GrpcClientProtocolClient.java:onNext(255)) - client-8BD909272E8D->63cacea9-0392-4939-ad39-80c4c73dd84b: receive RaftClientReply:client-8BD909272E8D->63cacea9-0392-4939-ad39-80c4c73dd84b@group-EE6C16B6C358, cid=2174, SUCCESS, logIndex=3205, commits[63cacea9-0392-4939-ad39-80c4c73dd84b:c3205, bd7b7fea-2a7b-4c3f-852f-c014e42bfcb7:c3201, 3b4aa678-22a6-4ae2-9c6a-0e71cdb9d6d0:c3201]
2019-07-10 03:37:34,377 INFO  client.GrpcClientProtocolClient (GrpcClientProtocolClient.java:onNext(255)) - client-8BD909272E8D->63cacea9-0392-4939-ad39-80c4c73dd84b: receive RaftClientReply:client-8BD909272E8D->63cacea9-0392-4939-ad39-80c4c73dd84b@group-EE6C16B6C358, cid=2175, SUCCESS, logIndex=0, commits[63cacea9-0392-4939-ad39-80c4c73dd84b:c3207, bd7b7fea-2a7b-4c3f-852f-c014e42bfcb7:c3205, 3b4aa678-22a6-4ae2-9c6a-0e71cdb9d6d0:c3205]
2019-07-10 03:37:34,406 INFO  client.GrpcClientProtocolClient (GrpcClientProtocolClient.java:onNext(255)) - client-8BD909272E8D->63cacea9-0392-4939-ad39-80c4c73dd84b: receive RaftClientReply:client-8BD909272E8D->63cacea9-0392-4939-ad39-80c4c73dd84b@group-EE6C16B6C358, cid=2176, SUCCESS, logIndex=3208, commits[63cacea9-0392-4939-ad39-80c4c73dd84b:c3209, bd7b7fea-2a7b-4c3f-852f-c014e42bfcb7:c3207, 3b4aa678-22a6-4ae2-9c6a-0e71cdb9d6d0:c3207]
2019-07-10 03:37:34,407 INFO  client.GrpcClientProtocolClient (GrpcClientProtocolClient.java:onNext(255)) - client-8BD909272E8D->63cacea9-0392-4939-ad39-80c4c73dd84b: receive RaftClientReply:client-8BD909272E8D->63cacea9-0392-4939-ad39-80c4c73dd84b@group-EE6C16B6C358, cid=2177, SUCCESS, logIndex=3209, commits[63cacea9-0392-4939-ad39-80c4c73dd84b:c3211, bd7b7fea-2a7b-4c3f-852f-c014e42bfcb7:c3207, 3b4aa678-22a6-4ae2-9c6a-0e71cdb9d6d0:c3207]
2019-07-10 03:37:34,408 INFO  client.GrpcClientProtocolClient (GrpcClientProtocolClient.java:onNext(255)) - client-8BD909272E8D->63cacea9-0392-4939-ad39-80c4c73dd84b: receive RaftClientReply:client-8BD909272E8D->63cacea9-0392-4939-ad39-80c4c73dd84b@group-EE6C16B6C358, cid=2178, SUCCESS, logIndex=3210, commits[63cacea9-0392-4939-ad39-80c4c73dd84b:c3211, bd7b7fea-2a7b-4c3f-852f-c014e42bfcb7:c3207, 3b4aa678-22a6-4ae2-9c6a-0e71cdb9d6d0:c3207]
2019-07-10 03:37:34,408 INFO  client.GrpcClientProtocolClient (GrpcClientProtocolClient.java:onNext(255)) - client-8BD909272E8D->63cacea9-0392-4939-ad39-80c4c73dd84b: receive RaftClientReply:client-8BD909272E8D->63cacea9-0392-4939-ad39-80c4c73dd84b@group-EE6C16B6C358, cid=2179, SUCCESS, logIndex=3211, commits[63cacea9-0392-4939-ad39-80c4c73dd84b:c3211, bd7b7fea-2a7b-4c3f-852f-c014e42bfcb7:c3207, 3b4aa678-22a6-4ae2-9c6a-0e71cdb9d6d0:c3207]
2019-07-10 03:37:34,419 INFO  client.GrpcClientProtocolClient (GrpcClientProtocolClient.java:onNext(255)) - client-8BD909272E8D->63cacea9-0392-4939-ad39-80c4c73dd84b: receive RaftClientReply:client-8BD909272E8D->63cacea9-0392-4939-ad39-80c4c73dd84b@group-EE6C16B6C358, cid=2180, SUCCESS, logIndex=0, commits[63cacea9-0392-4939-ad39-80c4c73dd84b:c3213, bd7b7fea-2a7b-4c3f-852f-c014e42bfcb7:c3209, 3b4aa678-22a6-4ae2-9c6a-0e71cdb9d6d0:c3209]
2019-07-10 03:37:34,457 INFO  client.GrpcClientProtocolClient (GrpcClientProtocolClient.java:onNext(255)) - client-8BD909272E8D->63cacea9-0392-4939-ad39-80c4c73dd84b: receive RaftClientReply:client-8BD909272E8D->63cacea9-0392-4939-ad39-80c4c73dd84b@group-EE6C16B6C358, cid=2181, SUCCESS, logIndex=3216, commits[63cacea9-0392-4939-ad39-80c4c73dd84b:c3217, bd7b7fea-2a7b-4c3f-852f-c014e42bfcb7:c3215, 3b4aa678-22a6-4ae2-9c6a-0e71cdb9d6d0:c3215]
2019-07-10 03:37:34,458 INFO  client.GrpcClientProtocolClient (GrpcClientProtocolClient.java:onNext(255)) - client-8BD909272E8D->63cacea9-0392-4939-ad39-80c4c73dd84b: receive RaftClientReply:client-8BD909272E8D->63cacea9-0392-4939-ad39-80c4c73dd84b@group-EE6C16B6C358, cid=2182, SUCCESS, logIndex=3217, commits[63cacea9-0392-4939-ad39-80c4c73dd84b:c3217, bd7b7fea-2a7b-4c3f-852f-c014e42bfcb7:c3215, 3b4aa678-22a6-4ae2-9c6a-0e71cdb9d6d0:c3215]
2019-07-10 03:37:34,484 INFO  client.GrpcClientProtocolClient (GrpcClientProtocolClient.java:onNext(255)) - client-8BD909272E8D->63cacea9-0392-4939-ad39-80c4c73dd84b: receive RaftClientReply:client-8BD909272E8D->63cacea9-0392-4939-ad39-80c4c73dd84b@group-EE6C16B6C358, cid=2183, SUCCESS, logIndex=3220, commits[63cacea9-0392-4939-ad39-80c4c73dd84b:c3220, bd7b7fea-2a7b-4c3f-852f-c014e42bfcb7:c3217, 3b4aa678-22a6-4ae2-9c6a-0e71cdb9d6d0:c3217]
2019-07-10 03:37:34,484 INFO  client.GrpcClientProtocolClient (GrpcClientProtocolClient.java:onNext(255)) - client-8BD909272E8D->63cacea9-0392-4939-ad39-80c4c73dd84b: receive RaftClientReply:client-8BD909272E8D->63cacea9-0392-4939-ad39-80c4c73dd84b@group-EE6C16B6C358, cid=2184, SUCCESS, logIndex=3221, commits[63cacea9-0392-4939-ad39-80c4c73dd84b:c3221, bd7b7fea-2a7b-4c3f-852f-c014e42bfcb7:c3217, 3b4aa678-22a6-4ae2-9c6a-0e71cdb9d6d0:c3217]
2019-07-10 03:37:34,509 INFO  client.GrpcClientProtocolClient (GrpcClientProtocolClient.java:onNext(255)) - client-8BD909272E8D->63cacea9-0392-4939-ad39-80c4c73dd84b: receive RaftClientReply:client-8BD909272E8D->63cacea9-0392-4939-ad39-80c4c73dd84b@group-EE6C16B6C358, cid=2185, SUCCESS, logIndex=0, commits[63cacea9-0392-4939-ad39-80c4c73dd84b:c3222, bd7b7fea-2a7b-4c3f-852f-c014e42bfcb7:c3221, 3b4aa678-22a6-4ae2-9c6a-0e71cdb9d6d0:c3221]
2019-07-10 03:37:34,542 INFO  client.GrpcClientProtocolClient (GrpcClientProtocolClient.java:onNext(255)) - client-8BD909272E8D->63cacea9-0392-4939-ad39-80c4c73dd84b: receive RaftClientReply:client-8BD909272E8D->63cacea9-0392-4939-ad39-80c4c73dd84b@group-EE6C16B6C358, cid=2186, SUCCESS, logIndex=3224, commits[63cacea9-0392-4939-ad39-80c4c73dd84b:c3225, bd7b7fea-2a7b-4c3f-852f-c014e42bfcb7:c3223, 3b4aa678-22a6-4ae2-9c6a-0e71cdb9d6d0:c3223]
2019-07-10 03:37:34,542 INFO  client.GrpcClientProtocolClient (GrpcClientProtocolClient.java:onNext(255)) - client-8BD909272E8D->63cacea9-0392-4939-ad39-80c4c73dd84b: receive RaftClientReply:client-8BD909272E8D->63cacea9-0392-4939-ad39-80c4c73dd84b@group-EE6C16B6C358, cid=2187, SUCCESS, logIndex=3225, commits[63cacea9-0392-4939-ad39-80c4c73dd84b:c3225, bd7b7fea-2a7b-4c3f-852f-c014e42bfcb7:c3223, 3b4aa678-22a6-4ae2-9c6a-0e71cdb9d6d0:c3223]
2019-07-10 03:37:34,555 INFO  client.GrpcClientProtocolClient (GrpcClientProtocolClient.java:onNext(255)) - client-8BD909272E8D->63cacea9-0392-4939-ad39-80c4c73dd84b: receive RaftClientReply:client-8BD909272E8D->63cacea9-0392-4939-ad39-80c4c73dd84b@group-EE6C16B6C358, cid=2188, SUCCESS, logIndex=3226, commits[63cacea9-0392-4939-ad39-80c4c73dd84b:c3227, bd7b7fea-2a7b-4c3f-852f-c014e42bfcb7:c3223, 3b4aa678-22a6-4ae2-9c6a-0e71cdb9d6d0:c3223]
2019-07-10 03:37:34,555 INFO  client.GrpcClientProtocolClient (GrpcClientProtocolClient.java:onNext(255)) - client-8BD909272E8D->63cacea9-0392-4939-ad39-80c4c73dd84b: receive RaftClientReply:client-8BD909272E8D->63cacea9-0392-4939-ad39-80c4c73dd84b@group-EE6C16B6C358, cid=2189, SUCCESS, logIndex=3227, commits[63cacea9-0392-4939-ad39-80c4c73dd84b:c3227, bd7b7fea-2a7b-4c3f-852f-c014e42bfcb7:c3223, 3b4aa678-22a6-4ae2-9c6a-0e71cdb9d6d0:c3223]
2019-07-10 03:37:34,568 INFO  client.GrpcClientProtocolClient (GrpcClientProtocolClient.java:onNext(255)) - client-8BD909272E8D->63cacea9-0392-4939-ad39-80c4c73dd84b: receive RaftClientReply:client-8BD909272E8D->63cacea9-0392-4939-ad39-80c4c73dd84b@group-EE6C16B6C358, cid=2190, SUCCESS, logIndex=0, commits[63cacea9-0392-4939-ad39-80c4c73dd84b:c3228, bd7b7fea-2a7b-4c3f-852f-c014e42bfcb7:c3225, 3b4aa678-22a6-4ae2-9c6a-0e71cdb9d6d0:c3225]
2019-07-10 03:37:34,581 INFO  client.GrpcClientProtocolClient (GrpcClientProtocolClient.java:onNext(255)) - client-8BD909272E8D->63cacea9-0392-4939-ad39-80c4c73dd84b: receive RaftClientReply:client-8BD909272E8D->63cacea9-0392-4939-ad39-80c4c73dd84b@group-EE6C16B6C358, cid=2191, SUCCESS, logIndex=3232, commits[63cacea9-0392-4939-ad39-80c4c73dd84b:c3233, bd7b7fea-2a7b-4c3f-852f-c014e42bfcb7:c3231, 3b4aa678-22a6-4ae2-9c6a-0e71cdb9d6d0:c3231]
2019-07-10 03:37:34,581 INFO  client.GrpcClientProtocolClient (GrpcClientProtocolClient.java:onNext(255)) - client-8BD909272E8D->63cacea9-0392-4939-ad39-80c4c73dd84b: receive RaftClientReply:client-8BD909272E8D->63cacea9-0392-4939-ad39-80c4c73dd84b@group-EE6C16B6C358, cid=2192, SUCCESS, logIndex=3233, commits[63cacea9-0392-4939-ad39-80c4c73dd84b:c3233, bd7b7fea-2a7b-4c3f-852f-c014e42bfcb7:c3231, 3b4aa678-22a6-4ae2-9c6a-0e71cdb9d6d0:c3231]
2019-07-10 03:37:34,593 INFO  client.GrpcClientProtocolClient (GrpcClientProtocolClient.java:onNext(255)) - client-8BD909272E8D->63cacea9-0392-4939-ad39-80c4c73dd84b: receive RaftClientReply:client-8BD909272E8D->63cacea9-0392-4939-ad39-80c4c73dd84b@group-EE6C16B6C358, cid=2193, SUCCESS, logIndex=3235, commits[63cacea9-0392-4939-ad39-80c4c73dd84b:c3236, bd7b7fea-2a7b-4c3f-852f-c014e42bfcb7:c3234, 3b4aa678-22a6-4ae2-9c6a-0e71cdb9d6d0:c3233]
2019-07-10 03:37:34,594 INFO  client.GrpcClientProtocolClient (GrpcClientProtocolClient.java:onNext(255)) - client-8BD909272E8D->63cacea9-0392-4939-ad39-80c4c73dd84b: receive RaftClientReply:client-8BD909272E8D->63cacea9-0392-4939-ad39-80c4c73dd84b@group-EE6C16B6C358, cid=2194, SUCCESS, logIndex=3236, commits[63cacea9-0392-4939-ad39-80c4c73dd84b:c3236, bd7b7fea-2a7b-4c3f-852f-c014e42bfcb7:c3234, 3b4aa678-22a6-4ae2-9c6a-0e71cdb9d6d0:c3234]
2019-07-10 03:37:34,596 INFO  client.GrpcClientProtocolClient (GrpcClientProtocolClient.java:onNext(255)) - client-8BD909272E8D->63cacea9-0392-4939-ad39-80c4c73dd84b: receive RaftClientReply:client-8BD909272E8D->63cacea9-0392-4939-ad39-80c4c73dd84b@group-EE6C16B6C358, cid=2195, SUCCESS, logIndex=0, commits[63cacea9-0392-4939-ad39-80c4c73dd84b:c3238, bd7b7fea-2a7b-4c3f-852f-c014e42bfcb7:c3236, 3b4aa678-22a6-4ae2-9c6a-0e71cdb9d6d0:c3236]
2019-07-10 03:37:34,621 INFO  client.GrpcClientProtocolClient (GrpcClientProtocolClient.java:onNext(255)) - client-8BD909272E8D->63cacea9-0392-4939-ad39-80c4c73dd84b: receive RaftClientReply:client-8BD909272E8D->63cacea9-0392-4939-ad39-80c4c73dd84b@group-EE6C16B6C358, cid=2196, SUCCESS, logIndex=3239, commits[63cacea9-0392-4939-ad39-80c4c73dd84b:c3240, bd7b7fea-2a7b-4c3f-852f-c014e42bfcb7:c3238, 3b4aa678-22a6-4ae2-9c6a-0e71cdb9d6d0:c3238]
2019-07-10 03:37:34,622 INFO  client.GrpcClientProtocolClient (GrpcClientProtocolClient.java:onNext(255)) - client-8BD909272E8D->63cacea9-0392-4939-ad39-80c4c73dd84b: receive RaftClientReply:client-8BD909272E8D->63cacea9-0392-4939-ad39-80c4c73dd84b@group-EE6C16B6C358, cid=2197, SUCCESS, logIndex=3240, commits[63cacea9-0392-4939-ad39-80c4c73dd84b:c3240, bd7b7fea-2a7b-4c3f-852f-c014e42bfcb7:c3238, 3b4aa678-22a6-4ae2-9c6a-0e71cdb9d6d0:c3238]
2019-07-10 03:37:34,622 INFO  client.GrpcClientProtocolClient (GrpcClientProtocolClient.java:onNext(255)) - client-8BD909272E8D->63cacea9-0392-4939-ad39-80c4c73dd84b: receive RaftClientReply:client-8BD909272E8D->63cacea9-0392-4939-ad39-80c4c73dd84b@group-EE6C16B6C358, cid=2198, SUCCESS, logIndex=3241, commits[63cacea9-0392-4939-ad39-80c4c73dd84b:c3242, bd7b7fea-2a7b-4c3f-852f-c014e42bfcb7:c3238, 3b4aa678-22a6-4ae2-9c6a-0e71cdb9d6d0:c3238]
2019-07-10 03:37:34,623 INFO  client.GrpcClientProtocolClient (GrpcClientProtocolClient.java:onNext(255)) - client-8BD909272E8D->63cacea9-0392-4939-ad39-80c4c73dd84b: receive RaftClientReply:client-8BD909272E8D->63cacea9-0392-4939-ad39-80c4c73dd84b@group-EE6C16B6C358, cid=2199, SUCCESS, logIndex=3242, commits[63cacea9-0392-4939-ad39-80c4c73dd84b:c3242, bd7b7fea-2a7b-4c3f-852f-c014e42bfcb7:c3238, 3b4aa678-22a6-4ae2-9c6a-0e71cdb9d6d0:c3238]
2019-07-10 03:37:34,634 INFO  client.GrpcClientProtocolClient (GrpcClientProtocolClient.java:onNext(255)) - client-8BD909272E8D->63cacea9-0392-4939-ad39-80c4c73dd84b: receive RaftClientReply:client-8BD909272E8D->63cacea9-0392-4939-ad39-80c4c73dd84b@group-EE6C16B6C358, cid=2200, SUCCESS, logIndex=0, commits[63cacea9-0392-4939-ad39-80c4c73dd84b:c3244, bd7b7fea-2a7b-4c3f-852f-c014e42bfcb7:c3240, 3b4aa678-22a6-4ae2-9c6a-0e71cdb9d6d0:c3240]
2019-07-10 03:37:34,650 INFO  client.GrpcClientProtocolClient (GrpcClientProtocolClient.java:onNext(255)) - client-8BD909272E8D->63cacea9-0392-4939-ad39-80c4c73dd84b: receive RaftClientReply:client-8BD909272E8D->63cacea9-0392-4939-ad39-80c4c73dd84b@group-EE6C16B6C358, cid=2201, SUCCESS, logIndex=3247, commits[63cacea9-0392-4939-ad39-80c4c73dd84b:c3247, bd7b7fea-2a7b-4c3f-852f-c014e42bfcb7:c3246, 3b4aa678-22a6-4ae2-9c6a-0e71cdb9d6d0:c3246]
2019-07-10 03:37:34,650 INFO  client.GrpcClientProtocolClient (GrpcClientProtocolClient.java:onNext(255)) - client-8BD909272E8D->63cacea9-0392-4939-ad39-80c4c73dd84b: receive RaftClientReply:client-8BD909272E8D->63cacea9-0392-4939-ad39-80c4c73dd84b@group-EE6C16B6C358, cid=2202, SUCCESS, logIndex=3248, commits[63cacea9-0392-4939-ad39-80c4c73dd84b:c3248, bd7b7fea-2a7b-4c3f-852f-c014e42bfcb7:c3246, 3b4aa678-22a6-4ae2-9c6a-0e71cdb9d6d0:c3246]
2019-07-10 03:37:34,663 INFO  client.GrpcClientProtocolClient (GrpcClientProtocolClient.java:onNext(255)) - client-8BD909272E8D->63cacea9-0392-4939-ad39-80c4c73dd84b: receive RaftClientReply:client-8BD909272E8D->63cacea9-0392-4939-ad39-80c4c73dd84b@group-EE6C16B6C358, cid=2203, SUCCESS, logIndex=3251, commits[63cacea9-0392-4939-ad39-80c4c73dd84b:c3251, bd7b7fea-2a7b-4c3f-852f-c014e42bfcb7:c3248, 3b4aa678-22a6-4ae2-9c6a-0e71cdb9d6d0:c3248]
2019-07-10 03:37:34,665 INFO  client.GrpcClientProtocolClient (GrpcClientProtocolClient.java:onNext(255)) - client-8BD909272E8D->63cacea9-0392-4939-ad39-80c4c73dd84b: receive RaftClientReply:client-8BD909272E8D->63cacea9-0392-4939-ad39-80c4c73dd84b@group-EE6C16B6C358, cid=2204, SUCCESS, logIndex=3252, commits[63cacea9-0392-4939-ad39-80c4c73dd84b:c3252, bd7b7fea-2a7b-4c3f-852f-c014e42bfcb7:c3248, 3b4aa678-22a6-4ae2-9c6a-0e71cdb9d6d0:c3248]
2019-07-10 03:37:34,675 INFO  client.GrpcClientProtocolClient (GrpcClientProtocolClient.java:onNext(255)) - client-8BD909272E8D->63cacea9-0392-4939-ad39-80c4c73dd84b: receive RaftClientReply:client-8BD909272E8D->63cacea9-0392-4939-ad39-80c4c73dd84b@group-EE6C16B6C358, cid=2205, SUCCESS, logIndex=0, commits[63cacea9-0392-4939-ad39-80c4c73dd84b:c3254, bd7b7fea-2a7b-4c3f-852f-c014e42bfcb7:c3252, 3b4aa678-22a6-4ae2-9c6a-0e71cdb9d6d0:c3252]
2019-07-10 03:37:34,702 INFO  client.GrpcClientProtocolClient (GrpcClientProtocolClient.java:onNext(255)) - client-8BD909272E8D->63cacea9-0392-4939-ad39-80c4c73dd84b: receive RaftClientReply:client-8BD909272E8D->63cacea9-0392-4939-ad39-80c4c73dd84b@group-EE6C16B6C358, cid=2206, SUCCESS, logIndex=3255, commits[63cacea9-0392-4939-ad39-80c4c73dd84b:c3256, bd7b7fea-2a7b-4c3f-852f-c014e42bfcb7:c3254, 3b4aa678-22a6-4ae2-9c6a-0e71cdb9d6d0:c3254]
2019-07-10 03:37:34,702 INFO  client.GrpcClientProtocolClient (GrpcClientProtocolClient.java:onNext(255)) - client-8BD909272E8D->63cacea9-0392-4939-ad39-80c4c73dd84b: receive RaftClientReply:client-8BD909272E8D->63cacea9-0392-4939-ad39-80c4c73dd84b@group-EE6C16B6C358, cid=2207, SUCCESS, logIndex=3256, commits[63cacea9-0392-4939-ad39-80c4c73dd84b:c3256, bd7b7fea-2a7b-4c3f-852f-c014e42bfcb7:c3254, 3b4aa678-22a6-4ae2-9c6a-0e71cdb9d6d0:c3254]
2019-07-10 03:37:34,703 INFO  client.GrpcClientProtocolClient (GrpcClientProtocolClient.java:onNext(255)) - client-8BD909272E8D->63cacea9-0392-4939-ad39-80c4c73dd84b: receive RaftClientReply:client-8BD909272E8D->63cacea9-0392-4939-ad39-80c4c73dd84b@group-EE6C16B6C358, cid=2208, SUCCESS, logIndex=3257, commits[63cacea9-0392-4939-ad39-80c4c73dd84b:c3258, bd7b7fea-2a7b-4c3f-852f-c014e42bfcb7:c3254, 3b4aa678-22a6-4ae2-9c6a-0e71cdb9d6d0:c3254]
2019-07-10 03:37:34,703 INFO  client.GrpcClientProtocolClient (GrpcClientProtocolClient.java:onNext(255)) - client-8BD909272E8D->63cacea9-0392-4939-ad39-80c4c73dd84b: receive RaftClientReply:client-8BD909272E8D->63cacea9-0392-4939-ad39-80c4c73dd84b@group-EE6C16B6C358, cid=2209, SUCCESS, logIndex=3258, commits[63cacea9-0392-4939-ad39-80c4c73dd84b:c3258, bd7b7fea-2a7b-4c3f-852f-c014e42bfcb7:c3254, 3b4aa678-22a6-4ae2-9c6a-0e71cdb9d6d0:c3254]
2019-07-10 03:37:34,717 INFO  client.GrpcClientProtocolClient (GrpcClientProtocolClient.java:onNext(255)) - client-8BD909272E8D->63cacea9-0392-4939-ad39-80c4c73dd84b: receive RaftClientReply:client-8BD909272E8D->63cacea9-0392-4939-ad39-80c4c73dd84b@group-EE6C16B6C358, cid=2210, SUCCESS, logIndex=0, commits[63cacea9-0392-4939-ad39-80c4c73dd84b:c3260, bd7b7fea-2a7b-4c3f-852f-c014e42bfcb7:c3256, 3b4aa678-22a6-4ae2-9c6a-0e71cdb9d6d0:c3256]
 0.00% |█                                                                                                    |  0/1 Time: 0:00:172019-07-10 03:37:34,728 INFO  client.GrpcClientProtocolClient (GrpcClientProtocolClient.java:onNext(255)) - client-8BD909272E8D->63cacea9-0392-4939-ad39-80c4c73dd84b: receive RaftClientReply:client-8BD909272E8D->63cacea9-0392-4939-ad39-80c4c73dd84b@group-EE6C16B6C358, cid=2211, SUCCESS, logIndex=3263, commits[63cacea9-0392-4939-ad39-80c4c73dd84b:c3264, bd7b7fea-2a7b-4c3f-852f-c014e42bfcb7:c3262, 3b4aa678-22a6-4ae2-9c6a-0e71cdb9d6d0:c3258]
2019-07-10 03:37:34,728 INFO  client.GrpcClientProtocolClient (GrpcClientProtocolClient.java:onNext(255)) - client-8BD909272E8D->63cacea9-0392-4939-ad39-80c4c73dd84b: receive RaftClientReply:client-8BD909272E8D->63cacea9-0392-4939-ad39-80c4c73dd84b@group-EE6C16B6C358, cid=2212, SUCCESS, logIndex=3264, commits[63cacea9-0392-4939-ad39-80c4c73dd84b:c3264, bd7b7fea-2a7b-4c3f-852f-c014e42bfcb7:c3262, 3b4aa678-22a6-4ae2-9c6a-0e71cdb9d6d0:c3262]
2019-07-10 03:37:34,756 INFO  client.GrpcClientProtocolClient (GrpcClientProtocolClient.java:onNext(255)) - client-8BD909272E8D->63cacea9-0392-4939-ad39-80c4c73dd84b: receive RaftClientReply:client-8BD909272E8D->63cacea9-0392-4939-ad39-80c4c73dd84b@group-EE6C16B6C358, cid=2213, SUCCESS, logIndex=3267, commits[63cacea9-0392-4939-ad39-80c4c73dd84b:c3268, bd7b7fea-2a7b-4c3f-852f-c014e42bfcb7:c3265, 3b4aa678-22a6-4ae2-9c6a-0e71cdb9d6d0:c3265]
2019-07-10 03:37:34,757 INFO  client.GrpcClientProtocolClient (GrpcClientProtocolClient.java:onNext(255)) - client-8BD909272E8D->63cacea9-0392-4939-ad39-80c4c73dd84b: receive RaftClientReply:client-8BD909272E8D->63cacea9-0392-4939-ad39-80c4c73dd84b@group-EE6C16B6C358, cid=2214, SUCCESS, logIndex=3268, commits[63cacea9-0392-4939-ad39-80c4c73dd84b:c3268, bd7b7fea-2a7b-4c3f-852f-c014e42bfcb7:c3265, 3b4aa678-22a6-4ae2-9c6a-0e71cdb9d6d0:c3265]
2019-07-10 03:37:34,783 INFO  client.GrpcClientProtocolClient (GrpcClientProtocolClient.java:onNext(255)) - client-8BD909272E8D->63cacea9-0392-4939-ad39-80c4c73dd84b: receive RaftClientReply:client-8BD909272E8D->63cacea9-0392-4939-ad39-80c4c73dd84b@group-EE6C16B6C358, cid=2215, SUCCESS, logIndex=0, commits[63cacea9-0392-4939-ad39-80c4c73dd84b:c3270, bd7b7fea-2a7b-4c3f-852f-c014e42bfcb7:c3268, 3b4aa678-22a6-4ae2-9c6a-0e71cdb9d6d0:c3268]
2019-07-10 03:37:34,864 INFO  client.GrpcClientProtocolClient (GrpcClientProtocolClient.java:onNext(255)) - client-8BD909272E8D->63cacea9-0392-4939-ad39-80c4c73dd84b: receive RaftClientReply:client-8BD909272E8D->63cacea9-0392-4939-ad39-80c4c73dd84b@group-EE6C16B6C358, cid=2216, SUCCESS, logIndex=3271, commits[63cacea9-0392-4939-ad39-80c4c73dd84b:c3272, bd7b7fea-2a7b-4c3f-852f-c014e42bfcb7:c3270, 3b4aa678-22a6-4ae2-9c6a-0e71cdb9d6d0:c3270]
2019-07-10 03:37:34,864 INFO  client.GrpcClientProtocolClient (GrpcClientProtocolClient.java:onNext(255)) - client-8BD909272E8D->63cacea9-0392-4939-ad39-80c4c73dd84b: receive RaftClientReply:client-8BD909272E8D->63cacea9-0392-4939-ad39-80c4c73dd84b@group-EE6C16B6C358, cid=2217, SUCCESS, logIndex=3272, commits[63cacea9-0392-4939-ad39-80c4c73dd84b:c3274, bd7b7fea-2a7b-4c3f-852f-c014e42bfcb7:c3270, 3b4aa678-22a6-4ae2-9c6a-0e71cdb9d6d0:c3270]
2019-07-10 03:37:34,865 INFO  client.GrpcClientProtocolClient (GrpcClientProtocolClient.java:onNext(255)) - client-8BD909272E8D->63cacea9-0392-4939-ad39-80c4c73dd84b: receive RaftClientReply:client-8BD909272E8D->63cacea9-0392-4939-ad39-80c4c73dd84b@group-EE6C16B6C358, cid=2218, SUCCESS, logIndex=3273, commits[63cacea9-0392-4939-ad39-80c4c73dd84b:c3274, bd7b7fea-2a7b-4c3f-852f-c014e42bfcb7:c3270, 3b4aa678-22a6-4ae2-9c6a-0e71cdb9d6d0:c3270]
2019-07-10 03:37:34,865 INFO  client.GrpcClientProtocolClient (GrpcClientProtocolClient.java:onNext(255)) - client-8BD909272E8D->63cacea9-0392-4939-ad39-80c4c73dd84b: receive RaftClientReply:client-8BD909272E8D->63cacea9-0392-4939-ad39-80c4c73dd84b@group-EE6C16B6C358, cid=2219, SUCCESS, logIndex=3274, commits[63cacea9-0392-4939-ad39-80c4c73dd84b:c3274, bd7b7fea-2a7b-4c3f-852f-c014e42bfcb7:c3270, 3b4aa678-22a6-4ae2-9c6a-0e71cdb9d6d0:c3270]
2019-07-10 03:37:34,878 INFO  client.GrpcClientProtocolClient (GrpcClientProtocolClient.java:onNext(255)) - client-8BD909272E8D->63cacea9-0392-4939-ad39-80c4c73dd84b: receive RaftClientReply:client-8BD909272E8D->63cacea9-0392-4939-ad39-80c4c73dd84b@group-EE6C16B6C358, cid=2220, SUCCESS, logIndex=0, commits[63cacea9-0392-4939-ad39-80c4c73dd84b:c3275, bd7b7fea-2a7b-4c3f-852f-c014e42bfcb7:c3272, 3b4aa678-22a6-4ae2-9c6a-0e71cdb9d6d0:c3272]
2019-07-10 03:37:34,899 INFO  client.GrpcClientProtocolClient (GrpcClientProtocolClient.java:onNext(255)) - client-8BD909272E8D->63cacea9-0392-4939-ad39-80c4c73dd84b: receive RaftClientReply:client-8BD909272E8D->63cacea9-0392-4939-ad39-80c4c73dd84b@group-EE6C16B6C358, cid=2221, SUCCESS, logIndex=3279, commits[63cacea9-0392-4939-ad39-80c4c73dd84b:c3280, bd7b7fea-2a7b-4c3f-852f-c014e42bfcb7:c3278, 3b4aa678-22a6-4ae2-9c6a-0e71cdb9d6d0:c3278]
2019-07-10 03:37:34,900 INFO  client.GrpcClientProtocolClient (GrpcClientProtocolClient.java:onNext(255)) - client-8BD909272E8D->63cacea9-0392-4939-ad39-80c4c73dd84b: receive RaftClientReply:client-8BD909272E8D->63cacea9-0392-4939-ad39-80c4c73dd84b@group-EE6C16B6C358, cid=2222, SUCCESS, logIndex=3280, commits[63cacea9-0392-4939-ad39-80c4c73dd84b:c3280, bd7b7fea-2a7b-4c3f-852f-c014e42bfcb7:c3278, 3b4aa678-22a6-4ae2-9c6a-0e71cdb9d6d0:c3278]
2019-07-10 03:37:34,912 INFO  client.GrpcClientProtocolClient (GrpcClientProtocolClient.java:onNext(255)) - client-8BD909272E8D->63cacea9-0392-4939-ad39-80c4c73dd84b: receive RaftClientReply:client-8BD909272E8D->63cacea9-0392-4939-ad39-80c4c73dd84b@group-EE6C16B6C358, cid=2223, SUCCESS, logIndex=3283, commits[63cacea9-0392-4939-ad39-80c4c73dd84b:c3284, bd7b7fea-2a7b-4c3f-852f-c014e42bfcb7:c3280, 3b4aa678-22a6-4ae2-9c6a-0e71cdb9d6d0:c3279]
2019-07-10 03:37:34,913 INFO  client.GrpcClientProtocolClient (GrpcClientProtocolClient.java:onNext(255)) - client-8BD909272E8D->63cacea9-0392-4939-ad39-80c4c73dd84b: receive RaftClientReply:client-8BD909272E8D->63cacea9-0392-4939-ad39-80c4c73dd84b@group-EE6C16B6C358, cid=2224, SUCCESS, logIndex=3284, commits[63cacea9-0392-4939-ad39-80c4c73dd84b:c3284, bd7b7fea-2a7b-4c3f-852f-c014e42bfcb7:c3280, 3b4aa678-22a6-4ae2-9c6a-0e71cdb9d6d0:c3280]
2019-07-10 03:37:34,935 INFO  client.GrpcClientProtocolClient (GrpcClientProtocolClient.java:onNext(255)) - client-8BD909272E8D->63cacea9-0392-4939-ad39-80c4c73dd84b: receive RaftClientReply:client-8BD909272E8D->63cacea9-0392-4939-ad39-80c4c73dd84b@group-EE6C16B6C358, cid=2225, SUCCESS, logIndex=0, commits[63cacea9-0392-4939-ad39-80c4c73dd84b:c3286, bd7b7fea-2a7b-4c3f-852f-c014e42bfcb7:c3284, 3b4aa678-22a6-4ae2-9c6a-0e71cdb9d6d0:c3284]
2019-07-10 03:37:34,965 INFO  client.GrpcClientProtocolClient (GrpcClientProtocolClient.java:onNext(255)) - client-8BD909272E8D->63cacea9-0392-4939-ad39-80c4c73dd84b: receive RaftClientReply:client-8BD909272E8D->63cacea9-0392-4939-ad39-80c4c73dd84b@group-EE6C16B6C358, cid=2226, SUCCESS, logIndex=3287, commits[63cacea9-0392-4939-ad39-80c4c73dd84b:c3288, bd7b7fea-2a7b-4c3f-852f-c014e42bfcb7:c3286, 3b4aa678-22a6-4ae2-9c6a-0e71cdb9d6d0:c3286]
2019-07-10 03:37:34,966 INFO  client.GrpcClientProtocolClient (GrpcClientProtocolClient.java:onNext(255)) - client-8BD909272E8D->63cacea9-0392-4939-ad39-80c4c73dd84b: receive RaftClientReply:client-8BD909272E8D->63cacea9-0392-4939-ad39-80c4c73dd84b@group-EE6C16B6C358, cid=2227, SUCCESS, logIndex=3288, commits[63cacea9-0392-4939-ad39-80c4c73dd84b:c3288, bd7b7fea-2a7b-4c3f-852f-c014e42bfcb7:c3286, 3b4aa678-22a6-4ae2-9c6a-0e71cdb9d6d0:c3286]
2019-07-10 03:37:34,968 INFO  client.GrpcClientProtocolClient (GrpcClientProtocolClient.java:onNext(255)) - client-8BD909272E8D->63cacea9-0392-4939-ad39-80c4c73dd84b: receive RaftClientReply:client-8BD909272E8D->63cacea9-0392-4939-ad39-80c4c73dd84b@group-EE6C16B6C358, cid=2228, SUCCESS, logIndex=3289, commits[63cacea9-0392-4939-ad39-80c4c73dd84b:c3290, bd7b7fea-2a7b-4c3f-852f-c014e42bfcb7:c3286, 3b4aa678-22a6-4ae2-9c6a-0e71cdb9d6d0:c3286]
2019-07-10 03:37:34,968 INFO  client.GrpcClientProtocolClient (GrpcClientProtocolClient.java:onNext(255)) - client-8BD909272E8D->63cacea9-0392-4939-ad39-80c4c73dd84b: receive RaftClientReply:client-8BD909272E8D->63cacea9-0392-4939-ad39-80c4c73dd84b@group-EE6C16B6C358, cid=2229, SUCCESS, logIndex=3290, commits[63cacea9-0392-4939-ad39-80c4c73dd84b:c3290, bd7b7fea-2a7b-4c3f-852f-c014e42bfcb7:c3286, 3b4aa678-22a6-4ae2-9c6a-0e71cdb9d6d0:c3286]
2019-07-10 03:37:34,979 INFO  client.GrpcClientProtocolClient (GrpcClientProtocolClient.java:onNext(255)) - client-8BD909272E8D->63cacea9-0392-4939-ad39-80c4c73dd84b: receive RaftClientReply:client-8BD909272E8D->63cacea9-0392-4939-ad39-80c4c73dd84b@group-EE6C16B6C358, cid=2230, SUCCESS, logIndex=0, commits[63cacea9-0392-4939-ad39-80c4c73dd84b:c3291, bd7b7fea-2a7b-4c3f-852f-c014e42bfcb7:c3288, 3b4aa678-22a6-4ae2-9c6a-0e71cdb9d6d0:c3288]
2019-07-10 03:37:35,002 INFO  client.GrpcClientProtocolClient (GrpcClientProtocolClient.java:onNext(255)) - client-8BD909272E8D->63cacea9-0392-4939-ad39-80c4c73dd84b: receive RaftClientReply:client-8BD909272E8D->63cacea9-0392-4939-ad39-80c4c73dd84b@group-EE6C16B6C358, cid=2231, SUCCESS, logIndex=3295, commits[63cacea9-0392-4939-ad39-80c4c73dd84b:c3296, bd7b7fea-2a7b-4c3f-852f-c014e42bfcb7:c3294, 3b4aa678-22a6-4ae2-9c6a-0e71cdb9d6d0:c3294]
2019-07-10 03:37:35,003 INFO  client.GrpcClientProtocolClient (GrpcClientProtocolClient.java:onNext(255)) - client-8BD909272E8D->63cacea9-0392-4939-ad39-80c4c73dd84b: receive RaftClientReply:client-8BD909272E8D->63cacea9-0392-4939-ad39-80c4c73dd84b@group-EE6C16B6C358, cid=2232, SUCCESS, logIndex=3296, commits[63cacea9-0392-4939-ad39-80c4c73dd84b:c3296, bd7b7fea-2a7b-4c3f-852f-c014e42bfcb7:c3294, 3b4aa678-22a6-4ae2-9c6a-0e71cdb9d6d0:c3294]
2019-07-10 03:37:35,156 INFO  client.GrpcClientProtocolClient (GrpcClientProtocolClient.java:onNext(255)) - client-8BD909272E8D->63cacea9-0392-4939-ad39-80c4c73dd84b: receive RaftClientReply:client-8BD909272E8D->63cacea9-0392-4939-ad39-80c4c73dd84b@group-EE6C16B6C358, cid=2233, SUCCESS, logIndex=3299, commits[63cacea9-0392-4939-ad39-80c4c73dd84b:c3300, bd7b7fea-2a7b-4c3f-852f-c014e42bfcb7:c3296, 3b4aa678-22a6-4ae2-9c6a-0e71cdb9d6d0:c3296]
2019-07-10 03:37:35,156 INFO  client.GrpcClientProtocolClient (GrpcClientProtocolClient.java:onNext(255)) - client-8BD909272E8D->63cacea9-0392-4939-ad39-80c4c73dd84b: receive RaftClientReply:client-8BD909272E8D->63cacea9-0392-4939-ad39-80c4c73dd84b@group-EE6C16B6C358, cid=2234, SUCCESS, logIndex=3300, commits[63cacea9-0392-4939-ad39-80c4c73dd84b:c3300, bd7b7fea-2a7b-4c3f-852f-c014e42bfcb7:c3296, 3b4aa678-22a6-4ae2-9c6a-0e71cdb9d6d0:c3296]
2019-07-10 03:37:35,169 INFO  client.GrpcClientProtocolClient (GrpcClientProtocolClient.java:onNext(255)) - client-8BD909272E8D->63cacea9-0392-4939-ad39-80c4c73dd84b: receive RaftClientReply:client-8BD909272E8D->63cacea9-0392-4939-ad39-80c4c73dd84b@group-EE6C16B6C358, cid=2235, SUCCESS, logIndex=0, commits[63cacea9-0392-4939-ad39-80c4c73dd84b:c3302, bd7b7fea-2a7b-4c3f-852f-c014e42bfcb7:c3300, 3b4aa678-22a6-4ae2-9c6a-0e71cdb9d6d0:c3300]
2019-07-10 03:37:35,201 INFO  client.GrpcClientProtocolClient (GrpcClientProtocolClient.java:onNext(255)) - client-8BD909272E8D->63cacea9-0392-4939-ad39-80c4c73dd84b: receive RaftClientReply:client-8BD909272E8D->63cacea9-0392-4939-ad39-80c4c73dd84b@group-EE6C16B6C358, cid=2236, SUCCESS, logIndex=3303, commits[63cacea9-0392-4939-ad39-80c4c73dd84b:c3304, bd7b7fea-2a7b-4c3f-852f-c014e42bfcb7:c3302, 3b4aa678-22a6-4ae2-9c6a-0e71cdb9d6d0:c3302]
2019-07-10 03:37:35,202 INFO  client.GrpcClientProtocolClient (GrpcClientProtocolClient.java:onNext(255)) - client-8BD909272E8D->63cacea9-0392-4939-ad39-80c4c73dd84b: receive RaftClientReply:client-8BD909272E8D->63cacea9-0392-4939-ad39-80c4c73dd84b@group-EE6C16B6C358, cid=2237, SUCCESS, logIndex=3304, commits[63cacea9-0392-4939-ad39-80c4c73dd84b:c3304, bd7b7fea-2a7b-4c3f-852f-c014e42bfcb7:c3302, 3b4aa678-22a6-4ae2-9c6a-0e71cdb9d6d0:c3302]
2019-07-10 03:37:35,203 INFO  client.GrpcClientProtocolClient (GrpcClientProtocolClient.java:onNext(255)) - client-8BD909272E8D->63cacea9-0392-4939-ad39-80c4c73dd84b: receive RaftClientReply:client-8BD909272E8D->63cacea9-0392-4939-ad39-80c4c73dd84b@group-EE6C16B6C358, cid=2238, SUCCESS, logIndex=3305, commits[63cacea9-0392-4939-ad39-80c4c73dd84b:c3305, bd7b7fea-2a7b-4c3f-852f-c014e42bfcb7:c3302, 3b4aa678-22a6-4ae2-9c6a-0e71cdb9d6d0:c3302]
2019-07-10 03:37:35,203 INFO  client.GrpcClientProtocolClient (GrpcClientProtocolClient.java:onNext(255)) - client-8BD909272E8D->63cacea9-0392-4939-ad39-80c4c73dd84b: receive RaftClientReply:client-8BD909272E8D->63cacea9-0392-4939-ad39-80c4c73dd84b@group-EE6C16B6C358, cid=2239, SUCCESS, logIndex=3306, commits[63cacea9-0392-4939-ad39-80c4c73dd84b:c3306, bd7b7fea-2a7b-4c3f-852f-c014e42bfcb7:c3302, 3b4aa678-22a6-4ae2-9c6a-0e71cdb9d6d0:c3302]
2019-07-10 03:37:35,215 INFO  client.GrpcClientProtocolClient (GrpcClientProtocolClient.java:onNext(255)) - client-8BD909272E8D->63cacea9-0392-4939-ad39-80c4c73dd84b: receive RaftClientReply:client-8BD909272E8D->63cacea9-0392-4939-ad39-80c4c73dd84b@group-EE6C16B6C358, cid=2240, SUCCESS, logIndex=0, commits[63cacea9-0392-4939-ad39-80c4c73dd84b:c3308, bd7b7fea-2a7b-4c3f-852f-c014e42bfcb7:c3304, 3b4aa678-22a6-4ae2-9c6a-0e71cdb9d6d0:c3304]
2019-07-10 03:37:35,238 INFO  client.GrpcClientProtocolClient (GrpcClientProtocolClient.java:onNext(255)) - client-8BD909272E8D->63cacea9-0392-4939-ad39-80c4c73dd84b: receive RaftClientReply:client-8BD909272E8D->63cacea9-0392-4939-ad39-80c4c73dd84b@group-EE6C16B6C358, cid=2241, SUCCESS, logIndex=3311, commits[63cacea9-0392-4939-ad39-80c4c73dd84b:c3312, bd7b7fea-2a7b-4c3f-852f-c014e42bfcb7:c3310, 3b4aa678-22a6-4ae2-9c6a-0e71cdb9d6d0:c3310]
2019-07-10 03:37:35,239 INFO  client.GrpcClientProtocolClient (GrpcClientProtocolClient.java:onNext(255)) - client-8BD909272E8D->63cacea9-0392-4939-ad39-80c4c73dd84b: receive RaftClientReply:client-8BD909272E8D->63cacea9-0392-4939-ad39-80c4c73dd84b@group-EE6C16B6C358, cid=2242, SUCCESS, logIndex=3312, commits[63cacea9-0392-4939-ad39-80c4c73dd84b:c3312, bd7b7fea-2a7b-4c3f-852f-c014e42bfcb7:c3310, 3b4aa678-22a6-4ae2-9c6a-0e71cdb9d6d0:c3310]
2019-07-10 03:37:35,265 INFO  client.GrpcClientProtocolClient (GrpcClientProtocolClient.java:onNext(255)) - client-8BD909272E8D->63cacea9-0392-4939-ad39-80c4c73dd84b: receive RaftClientReply:client-8BD909272E8D->63cacea9-0392-4939-ad39-80c4c73dd84b@group-EE6C16B6C358, cid=2243, SUCCESS, logIndex=3315, commits[63cacea9-0392-4939-ad39-80c4c73dd84b:c3316, bd7b7fea-2a7b-4c3f-852f-c014e42bfcb7:c3312, 3b4aa678-22a6-4ae2-9c6a-0e71cdb9d6d0:c3312]
2019-07-10 03:37:35,266 INFO  client.GrpcClientProtocolClient (GrpcClientProtocolClient.java:onNext(255)) - client-8BD909272E8D->63cacea9-0392-4939-ad39-80c4c73dd84b: receive RaftClientReply:client-8BD909272E8D->63cacea9-0392-4939-ad39-80c4c73dd84b@group-EE6C16B6C358, cid=2244, SUCCESS, logIndex=3316, commits[63cacea9-0392-4939-ad39-80c4c73dd84b:c3316, bd7b7fea-2a7b-4c3f-852f-c014e42bfcb7:c3312, 3b4aa678-22a6-4ae2-9c6a-0e71cdb9d6d0:c3312]
2019-07-10 03:37:35,279 INFO  client.GrpcClientProtocolClient (GrpcClientProtocolClient.java:onNext(255)) - client-8BD909272E8D->63cacea9-0392-4939-ad39-80c4c73dd84b: receive RaftClientReply:client-8BD909272E8D->63cacea9-0392-4939-ad39-80c4c73dd84b@group-EE6C16B6C358, cid=2245, SUCCESS, logIndex=0, commits[63cacea9-0392-4939-ad39-80c4c73dd84b:c3317, bd7b7fea-2a7b-4c3f-852f-c014e42bfcb7:c3316, 3b4aa678-22a6-4ae2-9c6a-0e71cdb9d6d0:c3316]
2019-07-10 03:37:35,309 INFO  client.GrpcClientProtocolClient (GrpcClientProtocolClient.java:onNext(255)) - client-8BD909272E8D->63cacea9-0392-4939-ad39-80c4c73dd84b: receive RaftClientReply:client-8BD909272E8D->63cacea9-0392-4939-ad39-80c4c73dd84b@group-EE6C16B6C358, cid=2246, SUCCESS, logIndex=3319, commits[63cacea9-0392-4939-ad39-80c4c73dd84b:c3321, bd7b7fea-2a7b-4c3f-852f-c014e42bfcb7:c3318, 3b4aa678-22a6-4ae2-9c6a-0e71cdb9d6d0:c3318]
2019-07-10 03:37:35,309 INFO  client.GrpcClientProtocolClient (GrpcClientProtocolClient.java:onNext(255)) - client-8BD909272E8D->63cacea9-0392-4939-ad39-80c4c73dd84b: receive RaftClientReply:client-8BD909272E8D->63cacea9-0392-4939-ad39-80c4c73dd84b@group-EE6C16B6C358, cid=2247, SUCCESS, logIndex=3320, commits[63cacea9-0392-4939-ad39-80c4c73dd84b:c3322, bd7b7fea-2a7b-4c3f-852f-c014e42bfcb7:c3318, 3b4aa678-22a6-4ae2-9c6a-0e71cdb9d6d0:c3318]
2019-07-10 03:37:35,310 INFO  client.GrpcClientProtocolClient (GrpcClientProtocolClient.java:onNext(255)) - client-8BD909272E8D->63cacea9-0392-4939-ad39-80c4c73dd84b: receive RaftClientReply:client-8BD909272E8D->63cacea9-0392-4939-ad39-80c4c73dd84b@group-EE6C16B6C358, cid=2248, SUCCESS, logIndex=3321, commits[63cacea9-0392-4939-ad39-80c4c73dd84b:c3322, bd7b7fea-2a7b-4c3f-852f-c014e42bfcb7:c3318, 3b4aa678-22a6-4ae2-9c6a-0e71cdb9d6d0:c3318]
2019-07-10 03:37:35,310 INFO  client.GrpcClientProtocolClient (GrpcClientProtocolClient.java:onNext(255)) - client-8BD909272E8D->63cacea9-0392-4939-ad39-80c4c73dd84b: receive RaftClientReply:client-8BD909272E8D->63cacea9-0392-4939-ad39-80c4c73dd84b@group-EE6C16B6C358, cid=2249, SUCCESS, logIndex=3322, commits[63cacea9-0392-4939-ad39-80c4c73dd84b:c3322, bd7b7fea-2a7b-4c3f-852f-c014e42bfcb7:c3318, 3b4aa678-22a6-4ae2-9c6a-0e71cdb9d6d0:c3318]
2019-07-10 03:37:35,335 INFO  client.GrpcClientProtocolClient (GrpcClientProtocolClient.java:onNext(255)) - client-8BD909272E8D->63cacea9-0392-4939-ad39-80c4c73dd84b: receive RaftClientReply:client-8BD909272E8D->63cacea9-0392-4939-ad39-80c4c73dd84b@group-EE6C16B6C358, cid=2250, SUCCESS, logIndex=0, commits[63cacea9-0392-4939-ad39-80c4c73dd84b:c3324, bd7b7fea-2a7b-4c3f-852f-c014e42bfcb7:c3320, 3b4aa678-22a6-4ae2-9c6a-0e71cdb9d6d0:c3320]
2019-07-10 03:37:35,357 INFO  client.GrpcClientProtocolClient (GrpcClientProtocolClient.java:onNext(255)) - client-8BD909272E8D->63cacea9-0392-4939-ad39-80c4c73dd84b: receive RaftClientReply:client-8BD909272E8D->63cacea9-0392-4939-ad39-80c4c73dd84b@group-EE6C16B6C358, cid=2251, SUCCESS, logIndex=3327, commits[63cacea9-0392-4939-ad39-80c4c73dd84b:c3328, bd7b7fea-2a7b-4c3f-852f-c014e42bfcb7:c3326, 3b4aa678-22a6-4ae2-9c6a-0e71cdb9d6d0:c3326]
2019-07-10 03:37:35,358 INFO  client.GrpcClientProtocolClient (GrpcClientProtocolClient.java:onNext(255)) - client-8BD909272E8D->63cacea9-0392-4939-ad39-80c4c73dd84b: receive RaftClientReply:client-8BD909272E8D->63cacea9-0392-4939-ad39-80c4c73dd84b@group-EE6C16B6C358, cid=2252, SUCCESS, logIndex=3328, commits[63cacea9-0392-4939-ad39-80c4c73dd84b:c3328, bd7b7fea-2a7b-4c3f-852f-c014e42bfcb7:c3326, 3b4aa678-22a6-4ae2-9c6a-0e71cdb9d6d0:c3326]
2019-07-10 03:37:35,369 INFO  client.GrpcClientProtocolClient (GrpcClientProtocolClient.java:onNext(255)) - client-8BD909272E8D->63cacea9-0392-4939-ad39-80c4c73dd84b: receive RaftClientReply:client-8BD909272E8D->63cacea9-0392-4939-ad39-80c4c73dd84b@group-EE6C16B6C358, cid=2253, SUCCESS, logIndex=3331, commits[63cacea9-0392-4939-ad39-80c4c73dd84b:c3332, bd7b7fea-2a7b-4c3f-852f-c014e42bfcb7:c3329, 3b4aa678-22a6-4ae2-9c6a-0e71cdb9d6d0:c3328]
2019-07-10 03:37:35,370 INFO  client.GrpcClientProtocolClient (GrpcClientProtocolClient.java:onNext(255)) - client-8BD909272E8D->63cacea9-0392-4939-ad39-80c4c73dd84b: receive RaftClientReply:client-8BD909272E8D->63cacea9-0392-4939-ad39-80c4c73dd84b@group-EE6C16B6C358, cid=2254, SUCCESS, logIndex=3332, commits[63cacea9-0392-4939-ad39-80c4c73dd84b:c3332, bd7b7fea-2a7b-4c3f-852f-c014e42bfcb7:c3329, 3b4aa678-22a6-4ae2-9c6a-0e71cdb9d6d0:c3329]
2019-07-10 03:37:35,371 INFO  client.GrpcClientProtocolClient (GrpcClientProtocolClient.java:onNext(255)) - client-8BD909272E8D->63cacea9-0392-4939-ad39-80c4c73dd84b: receive RaftClientReply:client-8BD909272E8D->63cacea9-0392-4939-ad39-80c4c73dd84b@group-EE6C16B6C358, cid=2255, SUCCESS, logIndex=0, commits[63cacea9-0392-4939-ad39-80c4c73dd84b:c3332, bd7b7fea-2a7b-4c3f-852f-c014e42bfcb7:c3332, 3b4aa678-22a6-4ae2-9c6a-0e71cdb9d6d0:c3332]
2019-07-10 03:37:35,425 INFO  client.GrpcClientProtocolClient (GrpcClientProtocolClient.java:onNext(255)) - client-8BD909272E8D->63cacea9-0392-4939-ad39-80c4c73dd84b: receive RaftClientReply:client-8BD909272E8D->63cacea9-0392-4939-ad39-80c4c73dd84b@group-EE6C16B6C358, cid=2256, SUCCESS, logIndex=3335, commits[63cacea9-0392-4939-ad39-80c4c73dd84b:c3336, bd7b7fea-2a7b-4c3f-852f-c014e42bfcb7:c3334, 3b4aa678-22a6-4ae2-9c6a-0e71cdb9d6d0:c3334]
2019-07-10 03:37:35,426 INFO  client.GrpcClientProtocolClient (GrpcClientProtocolClient.java:onNext(255)) - client-8BD909272E8D->63cacea9-0392-4939-ad39-80c4c73dd84b: receive RaftClientReply:client-8BD909272E8D->63cacea9-0392-4939-ad39-80c4c73dd84b@group-EE6C16B6C358, cid=2257, SUCCESS, logIndex=3336, commits[63cacea9-0392-4939-ad39-80c4c73dd84b:c3338, bd7b7fea-2a7b-4c3f-852f-c014e42bfcb7:c3334, 3b4aa678-22a6-4ae2-9c6a-0e71cdb9d6d0:c3334]
2019-07-10 03:37:35,426 INFO  client.GrpcClientProtocolClient (GrpcClientProtocolClient.java:onNext(255)) - client-8BD909272E8D->63cacea9-0392-4939-ad39-80c4c73dd84b: receive RaftClientReply:client-8BD909272E8D->63cacea9-0392-4939-ad39-80c4c73dd84b@group-EE6C16B6C358, cid=2258, SUCCESS, logIndex=3337, commits[63cacea9-0392-4939-ad39-80c4c73dd84b:c3338, bd7b7fea-2a7b-4c3f-852f-c014e42bfcb7:c3334, 3b4aa678-22a6-4ae2-9c6a-0e71cdb9d6d0:c3334]
2019-07-10 03:37:35,427 INFO  client.GrpcClientProtocolClient (GrpcClientProtocolClient.java:onNext(255)) - client-8BD909272E8D->63cacea9-0392-4939-ad39-80c4c73dd84b: receive RaftClientReply:client-8BD909272E8D->63cacea9-0392-4939-ad39-80c4c73dd84b@group-EE6C16B6C358, cid=2259, SUCCESS, logIndex=3338, commits[63cacea9-0392-4939-ad39-80c4c73dd84b:c3338, bd7b7fea-2a7b-4c3f-852f-c014e42bfcb7:c3334, 3b4aa678-22a6-4ae2-9c6a-0e71cdb9d6d0:c3334]
2019-07-10 03:37:35,438 INFO  client.GrpcClientProtocolClient (GrpcClientProtocolClient.java:onNext(255)) - client-8BD909272E8D->63cacea9-0392-4939-ad39-80c4c73dd84b: receive RaftClientReply:client-8BD909272E8D->63cacea9-0392-4939-ad39-80c4c73dd84b@group-EE6C16B6C358, cid=2260, SUCCESS, logIndex=0, commits[63cacea9-0392-4939-ad39-80c4c73dd84b:c3340, bd7b7fea-2a7b-4c3f-852f-c014e42bfcb7:c3336, 3b4aa678-22a6-4ae2-9c6a-0e71cdb9d6d0:c3336]
2019-07-10 03:37:35,459 INFO  client.GrpcClientProtocolClient (GrpcClientProtocolClient.java:onNext(255)) - client-8BD909272E8D->63cacea9-0392-4939-ad39-80c4c73dd84b: receive RaftClientReply:client-8BD909272E8D->63cacea9-0392-4939-ad39-80c4c73dd84b@group-EE6C16B6C358, cid=2261, SUCCESS, logIndex=3343, commits[63cacea9-0392-4939-ad39-80c4c73dd84b:c3344, bd7b7fea-2a7b-4c3f-852f-c014e42bfcb7:c3342, 3b4aa678-22a6-4ae2-9c6a-0e71cdb9d6d0:c3342]
2019-07-10 03:37:35,459 INFO  client.GrpcClientProtocolClient (GrpcClientProtocolClient.java:onNext(255)) - client-8BD909272E8D->63cacea9-0392-4939-ad39-80c4c73dd84b: receive RaftClientReply:client-8BD909272E8D->63cacea9-0392-4939-ad39-80c4c73dd84b@group-EE6C16B6C358, cid=2262, SUCCESS, logIndex=3344, commits[63cacea9-0392-4939-ad39-80c4c73dd84b:c3344, bd7b7fea-2a7b-4c3f-852f-c014e42bfcb7:c3342, 3b4aa678-22a6-4ae2-9c6a-0e71cdb9d6d0:c3342]
2019-07-10 03:37:35,474 INFO  client.GrpcClientProtocolClient (GrpcClientProtocolClient.java:onNext(255)) - client-8BD909272E8D->63cacea9-0392-4939-ad39-80c4c73dd84b: receive RaftClientReply:client-8BD909272E8D->63cacea9-0392-4939-ad39-80c4c73dd84b@group-EE6C16B6C358, cid=2263, SUCCESS, logIndex=3347, commits[63cacea9-0392-4939-ad39-80c4c73dd84b:c3348, bd7b7fea-2a7b-4c3f-852f-c014e42bfcb7:c3344, 3b4aa678-22a6-4ae2-9c6a-0e71cdb9d6d0:c3344]
2019-07-10 03:37:35,475 INFO  client.GrpcClientProtocolClient (GrpcClientProtocolClient.java:onNext(255)) - client-8BD909272E8D->63cacea9-0392-4939-ad39-80c4c73dd84b: receive RaftClientReply:client-8BD909272E8D->63cacea9-0392-4939-ad39-80c4c73dd84b@group-EE6C16B6C358, cid=2264, SUCCESS, logIndex=3348, commits[63cacea9-0392-4939-ad39-80c4c73dd84b:c3348, bd7b7fea-2a7b-4c3f-852f-c014e42bfcb7:c3344, 3b4aa678-22a6-4ae2-9c6a-0e71cdb9d6d0:c3344]
2019-07-10 03:37:35,489 INFO  client.GrpcClientProtocolClient (GrpcClientProtocolClient.java:onNext(255)) - client-8BD909272E8D->63cacea9-0392-4939-ad39-80c4c73dd84b: receive RaftClientReply:client-8BD909272E8D->63cacea9-0392-4939-ad39-80c4c73dd84b@group-EE6C16B6C358, cid=2265, SUCCESS, logIndex=0, commits[63cacea9-0392-4939-ad39-80c4c73dd84b:c3350, bd7b7fea-2a7b-4c3f-852f-c014e42bfcb7:c3348, 3b4aa678-22a6-4ae2-9c6a-0e71cdb9d6d0:c3348]
2019-07-10 03:37:35,515 INFO  client.GrpcClientProtocolClient (GrpcClientProtocolClient.java:onNext(255)) - client-8BD909272E8D->63cacea9-0392-4939-ad39-80c4c73dd84b: receive RaftClientReply:client-8BD909272E8D->63cacea9-0392-4939-ad39-80c4c73dd84b@group-EE6C16B6C358, cid=2266, SUCCESS, logIndex=3351, commits[63cacea9-0392-4939-ad39-80c4c73dd84b:c3353, bd7b7fea-2a7b-4c3f-852f-c014e42bfcb7:c3350, 3b4aa678-22a6-4ae2-9c6a-0e71cdb9d6d0:c3350]
2019-07-10 03:37:35,516 INFO  client.GrpcClientProtocolClient (GrpcClientProtocolClient.java:onNext(255)) - client-8BD909272E8D->63cacea9-0392-4939-ad39-80c4c73dd84b: receive RaftClientReply:client-8BD909272E8D->63cacea9-0392-4939-ad39-80c4c73dd84b@group-EE6C16B6C358, cid=2267, SUCCESS, logIndex=3352, commits[63cacea9-0392-4939-ad39-80c4c73dd84b:c3354, bd7b7fea-2a7b-4c3f-852f-c014e42bfcb7:c3350, 3b4aa678-22a6-4ae2-9c6a-0e71cdb9d6d0:c3350]
2019-07-10 03:37:35,516 INFO  client.GrpcClientProtocolClient (GrpcClientProtocolClient.java:onNext(255)) - client-8BD909272E8D->63cacea9-0392-4939-ad39-80c4c73dd84b: receive RaftClientReply:client-8BD909272E8D->63cacea9-0392-4939-ad39-80c4c73dd84b@group-EE6C16B6C358, cid=2268, SUCCESS, logIndex=3353, commits[63cacea9-0392-4939-ad39-80c4c73dd84b:c3354, bd7b7fea-2a7b-4c3f-852f-c014e42bfcb7:c3350, 3b4aa678-22a6-4ae2-9c6a-0e71cdb9d6d0:c3350]
2019-07-10 03:37:35,517 INFO  client.GrpcClientProtocolClient (GrpcClientProtocolClient.java:onNext(255)) - client-8BD909272E8D->63cacea9-0392-4939-ad39-80c4c73dd84b: receive RaftClientReply:client-8BD909272E8D->63cacea9-0392-4939-ad39-80c4c73dd84b@group-EE6C16B6C358, cid=2269, SUCCESS, logIndex=3354, commits[63cacea9-0392-4939-ad39-80c4c73dd84b:c3356, bd7b7fea-2a7b-4c3f-852f-c014e42bfcb7:c3350, 3b4aa678-22a6-4ae2-9c6a-0e71cdb9d6d0:c3352]
2019-07-10 03:37:35,518 INFO  client.GrpcClientProtocolClient (GrpcClientProtocolClient.java:onNext(255)) - client-8BD909272E8D->63cacea9-0392-4939-ad39-80c4c73dd84b: receive RaftClientReply:client-8BD909272E8D->63cacea9-0392-4939-ad39-80c4c73dd84b@group-EE6C16B6C358, cid=2270, SUCCESS, logIndex=0, commits[63cacea9-0392-4939-ad39-80c4c73dd84b:c3357, bd7b7fea-2a7b-4c3f-852f-c014e42bfcb7:c3352, 3b4aa678-22a6-4ae2-9c6a-0e71cdb9d6d0:c3353]
2019-07-10 03:37:35,544 INFO  client.GrpcClientProtocolClient (GrpcClientProtocolClient.java:onNext(255)) - client-8BD909272E8D->63cacea9-0392-4939-ad39-80c4c73dd84b: receive RaftClientReply:client-8BD909272E8D->63cacea9-0392-4939-ad39-80c4c73dd84b@group-EE6C16B6C358, cid=2271, SUCCESS, logIndex=3359, commits[63cacea9-0392-4939-ad39-80c4c73dd84b:c3360, bd7b7fea-2a7b-4c3f-852f-c014e42bfcb7:c3357, 3b4aa678-22a6-4ae2-9c6a-0e71cdb9d6d0:c3357]
2019-07-10 03:37:35,544 INFO  client.GrpcClientProtocolClient (GrpcClientProtocolClient.java:onNext(255)) - client-8BD909272E8D->63cacea9-0392-4939-ad39-80c4c73dd84b: receive RaftClientReply:client-8BD909272E8D->63cacea9-0392-4939-ad39-80c4c73dd84b@group-EE6C16B6C358, cid=2272, SUCCESS, logIndex=3360, commits[63cacea9-0392-4939-ad39-80c4c73dd84b:c3360, bd7b7fea-2a7b-4c3f-852f-c014e42bfcb7:c3357, 3b4aa678-22a6-4ae2-9c6a-0e71cdb9d6d0:c3357]
2019-07-10 03:37:35,562 INFO  client.GrpcClientProtocolClient (GrpcClientProtocolClient.java:onNext(255)) - client-8BD909272E8D->63cacea9-0392-4939-ad39-80c4c73dd84b: receive RaftClientReply:client-8BD909272E8D->63cacea9-0392-4939-ad39-80c4c73dd84b@group-EE6C16B6C358, cid=2273, SUCCESS, logIndex=3363, commits[63cacea9-0392-4939-ad39-80c4c73dd84b:c3364, bd7b7fea-2a7b-4c3f-852f-c014e42bfcb7:c3361, 3b4aa678-22a6-4ae2-9c6a-0e71cdb9d6d0:c3361]
2019-07-10 03:37:35,562 INFO  client.GrpcClientProtocolClient (GrpcClientProtocolClient.java:onNext(255)) - client-8BD909272E8D->63cacea9-0392-4939-ad39-80c4c73dd84b: receive RaftClientReply:client-8BD909272E8D->63cacea9-0392-4939-ad39-80c4c73dd84b@group-EE6C16B6C358, cid=2274, SUCCESS, logIndex=3364, commits[63cacea9-0392-4939-ad39-80c4c73dd84b:c3364, bd7b7fea-2a7b-4c3f-852f-c014e42bfcb7:c3361, 3b4aa678-22a6-4ae2-9c6a-0e71cdb9d6d0:c3361]
2019-07-10 03:37:35,586 INFO  client.GrpcClientProtocolClient (GrpcClientProtocolClient.java:onNext(255)) - client-8BD909272E8D->63cacea9-0392-4939-ad39-80c4c73dd84b: receive RaftClientReply:client-8BD909272E8D->63cacea9-0392-4939-ad39-80c4c73dd84b@group-EE6C16B6C358, cid=2275, SUCCESS, logIndex=0, commits[63cacea9-0392-4939-ad39-80c4c73dd84b:c3366, bd7b7fea-2a7b-4c3f-852f-c014e42bfcb7:c3364, 3b4aa678-22a6-4ae2-9c6a-0e71cdb9d6d0:c3364]
2019-07-10 03:37:35,614 INFO  client.GrpcClientProtocolClient (GrpcClientProtocolClient.java:onNext(255)) - client-8BD909272E8D->63cacea9-0392-4939-ad39-80c4c73dd84b: receive RaftClientReply:client-8BD909272E8D->63cacea9-0392-4939-ad39-80c4c73dd84b@group-EE6C16B6C358, cid=2276, SUCCESS, logIndex=3367, commits[63cacea9-0392-4939-ad39-80c4c73dd84b:c3368, bd7b7fea-2a7b-4c3f-852f-c014e42bfcb7:c3366, 3b4aa678-22a6-4ae2-9c6a-0e71cdb9d6d0:c3366]
2019-07-10 03:37:35,615 INFO  client.GrpcClientProtocolClient (GrpcClientProtocolClient.java:onNext(255)) - client-8BD909272E8D->63cacea9-0392-4939-ad39-80c4c73dd84b: receive RaftClientReply:client-8BD909272E8D->63cacea9-0392-4939-ad39-80c4c73dd84b@group-EE6C16B6C358, cid=2277, SUCCESS, logIndex=3368, commits[63cacea9-0392-4939-ad39-80c4c73dd84b:c3368, bd7b7fea-2a7b-4c3f-852f-c014e42bfcb7:c3366, 3b4aa678-22a6-4ae2-9c6a-0e71cdb9d6d0:c3366]
2019-07-10 03:37:35,615 INFO  client.GrpcClientProtocolClient (GrpcClientProtocolClient.java:onNext(255)) - client-8BD909272E8D->63cacea9-0392-4939-ad39-80c4c73dd84b: receive RaftClientReply:client-8BD909272E8D->63cacea9-0392-4939-ad39-80c4c73dd84b@group-EE6C16B6C358, cid=2278, SUCCESS, logIndex=3369, commits[63cacea9-0392-4939-ad39-80c4c73dd84b:c3370, bd7b7fea-2a7b-4c3f-852f-c014e42bfcb7:c3366, 3b4aa678-22a6-4ae2-9c6a-0e71cdb9d6d0:c3366]
2019-07-10 03:37:35,615 INFO  client.GrpcClientProtocolClient (GrpcClientProtocolClient.java:onNext(255)) - client-8BD909272E8D->63cacea9-0392-4939-ad39-80c4c73dd84b: receive RaftClientReply:client-8BD909272E8D->63cacea9-0392-4939-ad39-80c4c73dd84b@group-EE6C16B6C358, cid=2279, SUCCESS, logIndex=3370, commits[63cacea9-0392-4939-ad39-80c4c73dd84b:c3370, bd7b7fea-2a7b-4c3f-852f-c014e42bfcb7:c3366, 3b4aa678-22a6-4ae2-9c6a-0e71cdb9d6d0:c3366]
2019-07-10 03:37:35,628 INFO  client.GrpcClientProtocolClient (GrpcClientProtocolClient.java:onNext(255)) - client-8BD909272E8D->63cacea9-0392-4939-ad39-80c4c73dd84b: receive RaftClientReply:client-8BD909272E8D->63cacea9-0392-4939-ad39-80c4c73dd84b@group-EE6C16B6C358, cid=2280, SUCCESS, logIndex=0, commits[63cacea9-0392-4939-ad39-80c4c73dd84b:c3372, bd7b7fea-2a7b-4c3f-852f-c014e42bfcb7:c3368, 3b4aa678-22a6-4ae2-9c6a-0e71cdb9d6d0:c3368]
2019-07-10 03:37:35,649 INFO  client.GrpcClientProtocolClient (GrpcClientProtocolClient.java:onNext(255)) - client-8BD909272E8D->63cacea9-0392-4939-ad39-80c4c73dd84b: receive RaftClientReply:client-8BD909272E8D->63cacea9-0392-4939-ad39-80c4c73dd84b@group-EE6C16B6C358, cid=2281, SUCCESS, logIndex=3375, commits[63cacea9-0392-4939-ad39-80c4c73dd84b:c3376, bd7b7fea-2a7b-4c3f-852f-c014e42bfcb7:c3374, 3b4aa678-22a6-4ae2-9c6a-0e71cdb9d6d0:c3374]
2019-07-10 03:37:35,650 INFO  client.GrpcClientProtocolClient (GrpcClientProtocolClient.java:onNext(255)) - client-8BD909272E8D->63cacea9-0392-4939-ad39-80c4c73dd84b: receive RaftClientReply:client-8BD909272E8D->63cacea9-0392-4939-ad39-80c4c73dd84b@group-EE6C16B6C358, cid=2282, SUCCESS, logIndex=3376, commits[63cacea9-0392-4939-ad39-80c4c73dd84b:c3376, bd7b7fea-2a7b-4c3f-852f-c014e42bfcb7:c3374, 3b4aa678-22a6-4ae2-9c6a-0e71cdb9d6d0:c3374]
2019-07-10 03:37:35,674 INFO  client.GrpcClientProtocolClient (GrpcClientProtocolClient.java:onNext(255)) - client-8BD909272E8D->63cacea9-0392-4939-ad39-80c4c73dd84b: receive RaftClientReply:client-8BD909272E8D->63cacea9-0392-4939-ad39-80c4c73dd84b@group-EE6C16B6C358, cid=2283, SUCCESS, logIndex=3379, commits[63cacea9-0392-4939-ad39-80c4c73dd84b:c3380, bd7b7fea-2a7b-4c3f-852f-c014e42bfcb7:c3376, 3b4aa678-22a6-4ae2-9c6a-0e71cdb9d6d0:c3376]
2019-07-10 03:37:35,675 INFO  client.GrpcClientProtocolClient (GrpcClientProtocolClient.java:onNext(255)) - client-8BD909272E8D->63cacea9-0392-4939-ad39-80c4c73dd84b: receive RaftClientReply:client-8BD909272E8D->63cacea9-0392-4939-ad39-80c4c73dd84b@group-EE6C16B6C358, cid=2284, SUCCESS, logIndex=3380, commits[63cacea9-0392-4939-ad39-80c4c73dd84b:c3380, bd7b7fea-2a7b-4c3f-852f-c014e42bfcb7:c3376, 3b4aa678-22a6-4ae2-9c6a-0e71cdb9d6d0:c3376]
2019-07-10 03:37:35,702 INFO  client.GrpcClientProtocolClient (GrpcClientProtocolClient.java:onNext(255)) - client-8BD909272E8D->63cacea9-0392-4939-ad39-80c4c73dd84b: receive RaftClientReply:client-8BD909272E8D->63cacea9-0392-4939-ad39-80c4c73dd84b@group-EE6C16B6C358, cid=2285, SUCCESS, logIndex=0, commits[63cacea9-0392-4939-ad39-80c4c73dd84b:c3382, bd7b7fea-2a7b-4c3f-852f-c014e42bfcb7:c3380, 3b4aa678-22a6-4ae2-9c6a-0e71cdb9d6d0:c3380]
 0.00% |█                                                                                                    |  0/1 Time: 0:00:182019-07-10 03:37:35,737 INFO  client.GrpcClientProtocolClient (GrpcClientProtocolClient.java:onNext(255)) - client-8BD909272E8D->63cacea9-0392-4939-ad39-80c4c73dd84b: receive RaftClientReply:client-8BD909272E8D->63cacea9-0392-4939-ad39-80c4c73dd84b@group-EE6C16B6C358, cid=2286, SUCCESS, logIndex=3383, commits[63cacea9-0392-4939-ad39-80c4c73dd84b:c3384, bd7b7fea-2a7b-4c3f-852f-c014e42bfcb7:c3382, 3b4aa678-22a6-4ae2-9c6a-0e71cdb9d6d0:c3382]
2019-07-10 03:37:35,737 INFO  client.GrpcClientProtocolClient (GrpcClientProtocolClient.java:onNext(255)) - client-8BD909272E8D->63cacea9-0392-4939-ad39-80c4c73dd84b: receive RaftClientReply:client-8BD909272E8D->63cacea9-0392-4939-ad39-80c4c73dd84b@group-EE6C16B6C358, cid=2287, SUCCESS, logIndex=3384, commits[63cacea9-0392-4939-ad39-80c4c73dd84b:c3384, bd7b7fea-2a7b-4c3f-852f-c014e42bfcb7:c3382, 3b4aa678-22a6-4ae2-9c6a-0e71cdb9d6d0:c3382]
2019-07-10 03:37:35,748 INFO  client.GrpcClientProtocolClient (GrpcClientProtocolClient.java:onNext(255)) - client-8BD909272E8D->63cacea9-0392-4939-ad39-80c4c73dd84b: receive RaftClientReply:client-8BD909272E8D->63cacea9-0392-4939-ad39-80c4c73dd84b@group-EE6C16B6C358, cid=2288, SUCCESS, logIndex=3385, commits[63cacea9-0392-4939-ad39-80c4c73dd84b:c3386, bd7b7fea-2a7b-4c3f-852f-c014e42bfcb7:c3382, 3b4aa678-22a6-4ae2-9c6a-0e71cdb9d6d0:c3382]
2019-07-10 03:37:35,748 INFO  client.GrpcClientProtocolClient (GrpcClientProtocolClient.java:onNext(255)) - client-8BD909272E8D->63cacea9-0392-4939-ad39-80c4c73dd84b: receive RaftClientReply:client-8BD909272E8D->63cacea9-0392-4939-ad39-80c4c73dd84b@group-EE6C16B6C358, cid=2289, SUCCESS, logIndex=3386, commits[63cacea9-0392-4939-ad39-80c4c73dd84b:c3386, bd7b7fea-2a7b-4c3f-852f-c014e42bfcb7:c3382, 3b4aa678-22a6-4ae2-9c6a-0e71cdb9d6d0:c3382]
2019-07-10 03:37:35,751 INFO  client.GrpcClientProtocolClient (GrpcClientProtocolClient.java:onNext(255)) - client-8BD909272E8D->63cacea9-0392-4939-ad39-80c4c73dd84b: receive RaftClientReply:client-8BD909272E8D->63cacea9-0392-4939-ad39-80c4c73dd84b@group-EE6C16B6C358, cid=2290, SUCCESS, logIndex=0, commits[63cacea9-0392-4939-ad39-80c4c73dd84b:c3389, bd7b7fea-2a7b-4c3f-852f-c014e42bfcb7:c3384, 3b4aa678-22a6-4ae2-9c6a-0e71cdb9d6d0:c3385]
2019-07-10 03:37:35,773 INFO  client.GrpcClientProtocolClient (GrpcClientProtocolClient.java:onNext(255)) - client-8BD909272E8D->63cacea9-0392-4939-ad39-80c4c73dd84b: receive RaftClientReply:client-8BD909272E8D->63cacea9-0392-4939-ad39-80c4c73dd84b@group-EE6C16B6C358, cid=2291, SUCCESS, logIndex=3391, commits[63cacea9-0392-4939-ad39-80c4c73dd84b:c3392, bd7b7fea-2a7b-4c3f-852f-c014e42bfcb7:c3390, 3b4aa678-22a6-4ae2-9c6a-0e71cdb9d6d0:c3390]
2019-07-10 03:37:35,773 INFO  client.GrpcClientProtocolClient (GrpcClientProtocolClient.java:onNext(255)) - client-8BD909272E8D->63cacea9-0392-4939-ad39-80c4c73dd84b: receive RaftClientReply:client-8BD909272E8D->63cacea9-0392-4939-ad39-80c4c73dd84b@group-EE6C16B6C358, cid=2292, SUCCESS, logIndex=3392, commits[63cacea9-0392-4939-ad39-80c4c73dd84b:c3392, bd7b7fea-2a7b-4c3f-852f-c014e42bfcb7:c3390, 3b4aa678-22a6-4ae2-9c6a-0e71cdb9d6d0:c3390]
2019-07-10 03:37:35,787 INFO  client.GrpcClientProtocolClient (GrpcClientProtocolClient.java:onNext(255)) - client-8BD909272E8D->63cacea9-0392-4939-ad39-80c4c73dd84b: receive RaftClientReply:client-8BD909272E8D->63cacea9-0392-4939-ad39-80c4c73dd84b@group-EE6C16B6C358, cid=2293, SUCCESS, logIndex=3395, commits[63cacea9-0392-4939-ad39-80c4c73dd84b:c3396, bd7b7fea-2a7b-4c3f-852f-c014e42bfcb7:c3392, 3b4aa678-22a6-4ae2-9c6a-0e71cdb9d6d0:c3391]
2019-07-10 03:37:35,787 INFO  client.GrpcClientProtocolClient (GrpcClientProtocolClient.java:onNext(255)) - client-8BD909272E8D->63cacea9-0392-4939-ad39-80c4c73dd84b: receive RaftClientReply:client-8BD909272E8D->63cacea9-0392-4939-ad39-80c4c73dd84b@group-EE6C16B6C358, cid=2294, SUCCESS, logIndex=3396, commits[63cacea9-0392-4939-ad39-80c4c73dd84b:c3396, bd7b7fea-2a7b-4c3f-852f-c014e42bfcb7:c3392, 3b4aa678-22a6-4ae2-9c6a-0e71cdb9d6d0:c3392]
2019-07-10 03:37:35,801 INFO  client.GrpcClientProtocolClient (GrpcClientProtocolClient.java:onNext(255)) - client-8BD909272E8D->63cacea9-0392-4939-ad39-80c4c73dd84b: receive RaftClientReply:client-8BD909272E8D->63cacea9-0392-4939-ad39-80c4c73dd84b@group-EE6C16B6C358, cid=2295, SUCCESS, logIndex=0, commits[63cacea9-0392-4939-ad39-80c4c73dd84b:c3397, bd7b7fea-2a7b-4c3f-852f-c014e42bfcb7:c3396, 3b4aa678-22a6-4ae2-9c6a-0e71cdb9d6d0:c3396]
2019-07-10 03:37:35,833 INFO  client.GrpcClientProtocolClient (GrpcClientProtocolClient.java:onNext(255)) - client-8BD909272E8D->63cacea9-0392-4939-ad39-80c4c73dd84b: receive RaftClientReply:client-8BD909272E8D->63cacea9-0392-4939-ad39-80c4c73dd84b@group-EE6C16B6C358, cid=2296, SUCCESS, logIndex=3399, commits[63cacea9-0392-4939-ad39-80c4c73dd84b:c3400, bd7b7fea-2a7b-4c3f-852f-c014e42bfcb7:c3398, 3b4aa678-22a6-4ae2-9c6a-0e71cdb9d6d0:c3398]
2019-07-10 03:37:35,834 INFO  client.GrpcClientProtocolClient (GrpcClientProtocolClient.java:onNext(255)) - client-8BD909272E8D->63cacea9-0392-4939-ad39-80c4c73dd84b: receive RaftClientReply:client-8BD909272E8D->63cacea9-0392-4939-ad39-80c4c73dd84b@group-EE6C16B6C358, cid=2297, SUCCESS, logIndex=3400, commits[63cacea9-0392-4939-ad39-80c4c73dd84b:c3401, bd7b7fea-2a7b-4c3f-852f-c014e42bfcb7:c3398, 3b4aa678-22a6-4ae2-9c6a-0e71cdb9d6d0:c3398]
2019-07-10 03:37:35,834 INFO  client.GrpcClientProtocolClient (GrpcClientProtocolClient.java:onNext(255)) - client-8BD909272E8D->63cacea9-0392-4939-ad39-80c4c73dd84b: receive RaftClientReply:client-8BD909272E8D->63cacea9-0392-4939-ad39-80c4c73dd84b@group-EE6C16B6C358, cid=2298, SUCCESS, logIndex=3401, commits[63cacea9-0392-4939-ad39-80c4c73dd84b:c3402, bd7b7fea-2a7b-4c3f-852f-c014e42bfcb7:c3398, 3b4aa678-22a6-4ae2-9c6a-0e71cdb9d6d0:c3398]
2019-07-10 03:37:35,834 INFO  client.GrpcClientProtocolClient (GrpcClientProtocolClient.java:onNext(255)) - client-8BD909272E8D->63cacea9-0392-4939-ad39-80c4c73dd84b: receive RaftClientReply:client-8BD909272E8D->63cacea9-0392-4939-ad39-80c4c73dd84b@group-EE6C16B6C358, cid=2299, SUCCESS, logIndex=3402, commits[63cacea9-0392-4939-ad39-80c4c73dd84b:c3402, bd7b7fea-2a7b-4c3f-852f-c014e42bfcb7:c3398, 3b4aa678-22a6-4ae2-9c6a-0e71cdb9d6d0:c3398]
2019-07-10 03:37:35,847 INFO  client.GrpcClientProtocolClient (GrpcClientProtocolClient.java:onNext(255)) - client-8BD909272E8D->63cacea9-0392-4939-ad39-80c4c73dd84b: receive RaftClientReply:client-8BD909272E8D->63cacea9-0392-4939-ad39-80c4c73dd84b@group-EE6C16B6C358, cid=2300, SUCCESS, logIndex=0, commits[63cacea9-0392-4939-ad39-80c4c73dd84b:c3404, bd7b7fea-2a7b-4c3f-852f-c014e42bfcb7:c3400, 3b4aa678-22a6-4ae2-9c6a-0e71cdb9d6d0:c3400]
2019-07-10 03:37:35,868 INFO  client.GrpcClientProtocolClient (GrpcClientProtocolClient.java:onNext(255)) - client-8BD909272E8D->63cacea9-0392-4939-ad39-80c4c73dd84b: receive RaftClientReply:client-8BD909272E8D->63cacea9-0392-4939-ad39-80c4c73dd84b@group-EE6C16B6C358, cid=2301, SUCCESS, logIndex=3407, commits[63cacea9-0392-4939-ad39-80c4c73dd84b:c3408, bd7b7fea-2a7b-4c3f-852f-c014e42bfcb7:c3406, 3b4aa678-22a6-4ae2-9c6a-0e71cdb9d6d0:c3406]
2019-07-10 03:37:35,869 INFO  client.GrpcClientProtocolClient (GrpcClientProtocolClient.java:onNext(255)) - client-8BD909272E8D->63cacea9-0392-4939-ad39-80c4c73dd84b: receive RaftClientReply:client-8BD909272E8D->63cacea9-0392-4939-ad39-80c4c73dd84b@group-EE6C16B6C358, cid=2302, SUCCESS, logIndex=3408, commits[63cacea9-0392-4939-ad39-80c4c73dd84b:c3408, bd7b7fea-2a7b-4c3f-852f-c014e42bfcb7:c3406, 3b4aa678-22a6-4ae2-9c6a-0e71cdb9d6d0:c3406]
2019-07-10 03:37:35,882 INFO  client.GrpcClientProtocolClient (GrpcClientProtocolClient.java:onNext(255)) - client-8BD909272E8D->63cacea9-0392-4939-ad39-80c4c73dd84b: receive RaftClientReply:client-8BD909272E8D->63cacea9-0392-4939-ad39-80c4c73dd84b@group-EE6C16B6C358, cid=2303, SUCCESS, logIndex=3411, commits[63cacea9-0392-4939-ad39-80c4c73dd84b:c3412, bd7b7fea-2a7b-4c3f-852f-c014e42bfcb7:c3408, 3b4aa678-22a6-4ae2-9c6a-0e71cdb9d6d0:c3408]
2019-07-10 03:37:35,882 INFO  client.GrpcClientProtocolClient (GrpcClientProtocolClient.java:onNext(255)) - client-8BD909272E8D->63cacea9-0392-4939-ad39-80c4c73dd84b: receive RaftClientReply:client-8BD909272E8D->63cacea9-0392-4939-ad39-80c4c73dd84b@group-EE6C16B6C358, cid=2304, SUCCESS, logIndex=3412, commits[63cacea9-0392-4939-ad39-80c4c73dd84b:c3412, bd7b7fea-2a7b-4c3f-852f-c014e42bfcb7:c3408, 3b4aa678-22a6-4ae2-9c6a-0e71cdb9d6d0:c3408]
2019-07-10 03:37:35,897 INFO  client.GrpcClientProtocolClient (GrpcClientProtocolClient.java:onNext(255)) - client-8BD909272E8D->63cacea9-0392-4939-ad39-80c4c73dd84b: receive RaftClientReply:client-8BD909272E8D->63cacea9-0392-4939-ad39-80c4c73dd84b@group-EE6C16B6C358, cid=2305, SUCCESS, logIndex=0, commits[63cacea9-0392-4939-ad39-80c4c73dd84b:c3414, bd7b7fea-2a7b-4c3f-852f-c014e42bfcb7:c3412, 3b4aa678-22a6-4ae2-9c6a-0e71cdb9d6d0:c3412]
2019-07-10 03:37:35,928 INFO  client.GrpcClientProtocolClient (GrpcClientProtocolClient.java:onNext(255)) - client-8BD909272E8D->63cacea9-0392-4939-ad39-80c4c73dd84b: receive RaftClientReply:client-8BD909272E8D->63cacea9-0392-4939-ad39-80c4c73dd84b@group-EE6C16B6C358, cid=2306, SUCCESS, logIndex=3415, commits[63cacea9-0392-4939-ad39-80c4c73dd84b:c3417, bd7b7fea-2a7b-4c3f-852f-c014e42bfcb7:c3414, 3b4aa678-22a6-4ae2-9c6a-0e71cdb9d6d0:c3414]
2019-07-10 03:37:35,929 INFO  client.GrpcClientProtocolClient (GrpcClientProtocolClient.java:onNext(255)) - client-8BD909272E8D->63cacea9-0392-4939-ad39-80c4c73dd84b: receive RaftClientReply:client-8BD909272E8D->63cacea9-0392-4939-ad39-80c4c73dd84b@group-EE6C16B6C358, cid=2307, SUCCESS, logIndex=3416, commits[63cacea9-0392-4939-ad39-80c4c73dd84b:c3418, bd7b7fea-2a7b-4c3f-852f-c014e42bfcb7:c3414, 3b4aa678-22a6-4ae2-9c6a-0e71cdb9d6d0:c3414]
2019-07-10 03:37:35,929 INFO  client.GrpcClientProtocolClient (GrpcClientProtocolClient.java:onNext(255)) - client-8BD909272E8D->63cacea9-0392-4939-ad39-80c4c73dd84b: receive RaftClientReply:client-8BD909272E8D->63cacea9-0392-4939-ad39-80c4c73dd84b@group-EE6C16B6C358, cid=2308, SUCCESS, logIndex=3417, commits[63cacea9-0392-4939-ad39-80c4c73dd84b:c3418, bd7b7fea-2a7b-4c3f-852f-c014e42bfcb7:c3414, 3b4aa678-22a6-4ae2-9c6a-0e71cdb9d6d0:c3414]
2019-07-10 03:37:35,930 INFO  client.GrpcClientProtocolClient (GrpcClientProtocolClient.java:onNext(255)) - client-8BD909272E8D->63cacea9-0392-4939-ad39-80c4c73dd84b: receive RaftClientReply:client-8BD909272E8D->63cacea9-0392-4939-ad39-80c4c73dd84b@group-EE6C16B6C358, cid=2309, SUCCESS, logIndex=3418, commits[63cacea9-0392-4939-ad39-80c4c73dd84b:c3418, bd7b7fea-2a7b-4c3f-852f-c014e42bfcb7:c3414, 3b4aa678-22a6-4ae2-9c6a-0e71cdb9d6d0:c3414]
2019-07-10 03:37:35,933 INFO  client.GrpcClientProtocolClient (GrpcClientProtocolClient.java:onNext(255)) - client-8BD909272E8D->63cacea9-0392-4939-ad39-80c4c73dd84b: receive RaftClientReply:client-8BD909272E8D->63cacea9-0392-4939-ad39-80c4c73dd84b@group-EE6C16B6C358, cid=2310, SUCCESS, logIndex=0, commits[63cacea9-0392-4939-ad39-80c4c73dd84b:c3422, bd7b7fea-2a7b-4c3f-852f-c014e42bfcb7:c3416, 3b4aa678-22a6-4ae2-9c6a-0e71cdb9d6d0:c3418]
2019-07-10 03:37:36,046 INFO  client.GrpcClientProtocolClient (GrpcClientProtocolClient.java:onNext(255)) - client-8BD909272E8D->63cacea9-0392-4939-ad39-80c4c73dd84b: receive RaftClientReply:client-8BD909272E8D->63cacea9-0392-4939-ad39-80c4c73dd84b@group-EE6C16B6C358, cid=2311, SUCCESS, logIndex=3423, commits[63cacea9-0392-4939-ad39-80c4c73dd84b:c3424, bd7b7fea-2a7b-4c3f-852f-c014e42bfcb7:c3422, 3b4aa678-22a6-4ae2-9c6a-0e71cdb9d6d0:c3422]
2019-07-10 03:37:36,047 INFO  client.GrpcClientProtocolClient (GrpcClientProtocolClient.java:onNext(255)) - client-8BD909272E8D->63cacea9-0392-4939-ad39-80c4c73dd84b: receive RaftClientReply:client-8BD909272E8D->63cacea9-0392-4939-ad39-80c4c73dd84b@group-EE6C16B6C358, cid=2312, SUCCESS, logIndex=3424, commits[63cacea9-0392-4939-ad39-80c4c73dd84b:c3424, bd7b7fea-2a7b-4c3f-852f-c014e42bfcb7:c3422, 3b4aa678-22a6-4ae2-9c6a-0e71cdb9d6d0:c3422]
2019-07-10 03:37:36,072 INFO  client.GrpcClientProtocolClient (GrpcClientProtocolClient.java:onNext(255)) - client-8BD909272E8D->63cacea9-0392-4939-ad39-80c4c73dd84b: receive RaftClientReply:client-8BD909272E8D->63cacea9-0392-4939-ad39-80c4c73dd84b@group-EE6C16B6C358, cid=2313, SUCCESS, logIndex=3427, commits[63cacea9-0392-4939-ad39-80c4c73dd84b:c3428, bd7b7fea-2a7b-4c3f-852f-c014e42bfcb7:c3424, 3b4aa678-22a6-4ae2-9c6a-0e71cdb9d6d0:c3424]
2019-07-10 03:37:36,072 INFO  client.GrpcClientProtocolClient (GrpcClientProtocolClient.java:onNext(255)) - client-8BD909272E8D->63cacea9-0392-4939-ad39-80c4c73dd84b: receive RaftClientReply:client-8BD909272E8D->63cacea9-0392-4939-ad39-80c4c73dd84b@group-EE6C16B6C358, cid=2314, SUCCESS, logIndex=3428, commits[63cacea9-0392-4939-ad39-80c4c73dd84b:c3428, bd7b7fea-2a7b-4c3f-852f-c014e42bfcb7:c3424, 3b4aa678-22a6-4ae2-9c6a-0e71cdb9d6d0:c3424]
2019-07-10 03:37:36,087 INFO  client.GrpcClientProtocolClient (GrpcClientProtocolClient.java:onNext(255)) - client-8BD909272E8D->63cacea9-0392-4939-ad39-80c4c73dd84b: receive RaftClientReply:client-8BD909272E8D->63cacea9-0392-4939-ad39-80c4c73dd84b@group-EE6C16B6C358, cid=2315, SUCCESS, logIndex=0, commits[63cacea9-0392-4939-ad39-80c4c73dd84b:c3430, bd7b7fea-2a7b-4c3f-852f-c014e42bfcb7:c3428, 3b4aa678-22a6-4ae2-9c6a-0e71cdb9d6d0:c3428]
2019-07-10 03:37:36,118 INFO  client.GrpcClientProtocolClient (GrpcClientProtocolClient.java:onNext(255)) - client-8BD909272E8D->63cacea9-0392-4939-ad39-80c4c73dd84b: receive RaftClientReply:client-8BD909272E8D->63cacea9-0392-4939-ad39-80c4c73dd84b@group-EE6C16B6C358, cid=2316, SUCCESS, logIndex=3431, commits[63cacea9-0392-4939-ad39-80c4c73dd84b:c3431, bd7b7fea-2a7b-4c3f-852f-c014e42bfcb7:c3430, 3b4aa678-22a6-4ae2-9c6a-0e71cdb9d6d0:c3430]
2019-07-10 03:37:36,119 INFO  client.GrpcClientProtocolClient (GrpcClientProtocolClient.java:onNext(255)) - client-8BD909272E8D->63cacea9-0392-4939-ad39-80c4c73dd84b: receive RaftClientReply:client-8BD909272E8D->63cacea9-0392-4939-ad39-80c4c73dd84b@group-EE6C16B6C358, cid=2317, SUCCESS, logIndex=3432, commits[63cacea9-0392-4939-ad39-80c4c73dd84b:c3433, bd7b7fea-2a7b-4c3f-852f-c014e42bfcb7:c3430, 3b4aa678-22a6-4ae2-9c6a-0e71cdb9d6d0:c3430]
2019-07-10 03:37:36,119 INFO  client.GrpcClientProtocolClient (GrpcClientProtocolClient.java:onNext(255)) - client-8BD909272E8D->63cacea9-0392-4939-ad39-80c4c73dd84b: receive RaftClientReply:client-8BD909272E8D->63cacea9-0392-4939-ad39-80c4c73dd84b@group-EE6C16B6C358, cid=2318, SUCCESS, logIndex=3433, commits[63cacea9-0392-4939-ad39-80c4c73dd84b:c3434, bd7b7fea-2a7b-4c3f-852f-c014e42bfcb7:c3430, 3b4aa678-22a6-4ae2-9c6a-0e71cdb9d6d0:c3430]
2019-07-10 03:37:36,119 INFO  client.GrpcClientProtocolClient (GrpcClientProtocolClient.java:onNext(255)) - client-8BD909272E8D->63cacea9-0392-4939-ad39-80c4c73dd84b: receive RaftClientReply:client-8BD909272E8D->63cacea9-0392-4939-ad39-80c4c73dd84b@group-EE6C16B6C358, cid=2319, SUCCESS, logIndex=3434, commits[63cacea9-0392-4939-ad39-80c4c73dd84b:c3434, bd7b7fea-2a7b-4c3f-852f-c014e42bfcb7:c3430, 3b4aa678-22a6-4ae2-9c6a-0e71cdb9d6d0:c3430]
2019-07-10 03:37:36,133 INFO  client.GrpcClientProtocolClient (GrpcClientProtocolClient.java:onNext(255)) - client-8BD909272E8D->63cacea9-0392-4939-ad39-80c4c73dd84b: receive RaftClientReply:client-8BD909272E8D->63cacea9-0392-4939-ad39-80c4c73dd84b@group-EE6C16B6C358, cid=2320, SUCCESS, logIndex=0, commits[63cacea9-0392-4939-ad39-80c4c73dd84b:c3438, bd7b7fea-2a7b-4c3f-852f-c014e42bfcb7:c3434, 3b4aa678-22a6-4ae2-9c6a-0e71cdb9d6d0:c3432]
2019-07-10 03:37:36,156 INFO  client.GrpcClientProtocolClient (GrpcClientProtocolClient.java:onNext(255)) - client-8BD909272E8D->63cacea9-0392-4939-ad39-80c4c73dd84b: receive RaftClientReply:client-8BD909272E8D->63cacea9-0392-4939-ad39-80c4c73dd84b@group-EE6C16B6C358, cid=2321, SUCCESS, logIndex=3439, commits[63cacea9-0392-4939-ad39-80c4c73dd84b:c3440, bd7b7fea-2a7b-4c3f-852f-c014e42bfcb7:c3438, 3b4aa678-22a6-4ae2-9c6a-0e71cdb9d6d0:c3438]
2019-07-10 03:37:36,156 INFO  client.GrpcClientProtocolClient (GrpcClientProtocolClient.java:onNext(255)) - client-8BD909272E8D->63cacea9-0392-4939-ad39-80c4c73dd84b: receive RaftClientReply:client-8BD909272E8D->63cacea9-0392-4939-ad39-80c4c73dd84b@group-EE6C16B6C358, cid=2322, SUCCESS, logIndex=3440, commits[63cacea9-0392-4939-ad39-80c4c73dd84b:c3440, bd7b7fea-2a7b-4c3f-852f-c014e42bfcb7:c3438, 3b4aa678-22a6-4ae2-9c6a-0e71cdb9d6d0:c3438]
2019-07-10 03:37:36,169 INFO  client.GrpcClientProtocolClient (GrpcClientProtocolClient.java:onNext(255)) - client-8BD909272E8D->63cacea9-0392-4939-ad39-80c4c73dd84b: receive RaftClientReply:client-8BD909272E8D->63cacea9-0392-4939-ad39-80c4c73dd84b@group-EE6C16B6C358, cid=2323, SUCCESS, logIndex=3443, commits[63cacea9-0392-4939-ad39-80c4c73dd84b:c3444, bd7b7fea-2a7b-4c3f-852f-c014e42bfcb7:c3440, 3b4aa678-22a6-4ae2-9c6a-0e71cdb9d6d0:c3440]
2019-07-10 03:37:36,169 INFO  client.GrpcClientProtocolClient (GrpcClientProtocolClient.java:onNext(255)) - client-8BD909272E8D->63cacea9-0392-4939-ad39-80c4c73dd84b: receive RaftClientReply:client-8BD909272E8D->63cacea9-0392-4939-ad39-80c4c73dd84b@group-EE6C16B6C358, cid=2324, SUCCESS, logIndex=3444, commits[63cacea9-0392-4939-ad39-80c4c73dd84b:c3444, bd7b7fea-2a7b-4c3f-852f-c014e42bfcb7:c3440, 3b4aa678-22a6-4ae2-9c6a-0e71cdb9d6d0:c3440]
2019-07-10 03:37:36,183 INFO  client.GrpcClientProtocolClient (GrpcClientProtocolClient.java:onNext(255)) - client-8BD909272E8D->63cacea9-0392-4939-ad39-80c4c73dd84b: receive RaftClientReply:client-8BD909272E8D->63cacea9-0392-4939-ad39-80c4c73dd84b@group-EE6C16B6C358, cid=2325, SUCCESS, logIndex=0, commits[63cacea9-0392-4939-ad39-80c4c73dd84b:c3445, bd7b7fea-2a7b-4c3f-852f-c014e42bfcb7:c3444, 3b4aa678-22a6-4ae2-9c6a-0e71cdb9d6d0:c3444]
2019-07-10 03:37:36,208 INFO  client.GrpcClientProtocolClient (GrpcClientProtocolClient.java:onNext(255)) - client-8BD909272E8D->63cacea9-0392-4939-ad39-80c4c73dd84b: receive RaftClientReply:client-8BD909272E8D->63cacea9-0392-4939-ad39-80c4c73dd84b@group-EE6C16B6C358, cid=2326, SUCCESS, logIndex=3447, commits[63cacea9-0392-4939-ad39-80c4c73dd84b:c3448, bd7b7fea-2a7b-4c3f-852f-c014e42bfcb7:c3446, 3b4aa678-22a6-4ae2-9c6a-0e71cdb9d6d0:c3446]
2019-07-10 03:37:36,208 INFO  client.GrpcClientProtocolClient (GrpcClientProtocolClient.java:onNext(255)) - client-8BD909272E8D->63cacea9-0392-4939-ad39-80c4c73dd84b: receive RaftClientReply:client-8BD909272E8D->63cacea9-0392-4939-ad39-80c4c73dd84b@group-EE6C16B6C358, cid=2327, SUCCESS, logIndex=3448, commits[63cacea9-0392-4939-ad39-80c4c73dd84b:c3450, bd7b7fea-2a7b-4c3f-852f-c014e42bfcb7:c3446, 3b4aa678-22a6-4ae2-9c6a-0e71cdb9d6d0:c3446]
2019-07-10 03:37:36,209 INFO  client.GrpcClientProtocolClient (GrpcClientProtocolClient.java:onNext(255)) - client-8BD909272E8D->63cacea9-0392-4939-ad39-80c4c73dd84b: receive RaftClientReply:client-8BD909272E8D->63cacea9-0392-4939-ad39-80c4c73dd84b@group-EE6C16B6C358, cid=2328, SUCCESS, logIndex=3449, commits[63cacea9-0392-4939-ad39-80c4c73dd84b:c3450, bd7b7fea-2a7b-4c3f-852f-c014e42bfcb7:c3446, 3b4aa678-22a6-4ae2-9c6a-0e71cdb9d6d0:c3446]
2019-07-10 03:37:36,209 INFO  client.GrpcClientProtocolClient (GrpcClientProtocolClient.java:onNext(255)) - client-8BD909272E8D->63cacea9-0392-4939-ad39-80c4c73dd84b: receive RaftClientReply:client-8BD909272E8D->63cacea9-0392-4939-ad39-80c4c73dd84b@group-EE6C16B6C358, cid=2329, SUCCESS, logIndex=3450, commits[63cacea9-0392-4939-ad39-80c4c73dd84b:c3450, bd7b7fea-2a7b-4c3f-852f-c014e42bfcb7:c3446, 3b4aa678-22a6-4ae2-9c6a-0e71cdb9d6d0:c3446]
2019-07-10 03:37:36,222 INFO  client.GrpcClientProtocolClient (GrpcClientProtocolClient.java:onNext(255)) - client-8BD909272E8D->63cacea9-0392-4939-ad39-80c4c73dd84b: receive RaftClientReply:client-8BD909272E8D->63cacea9-0392-4939-ad39-80c4c73dd84b@group-EE6C16B6C358, cid=2330, SUCCESS, logIndex=0, commits[63cacea9-0392-4939-ad39-80c4c73dd84b:c3453, bd7b7fea-2a7b-4c3f-852f-c014e42bfcb7:c3448, 3b4aa678-22a6-4ae2-9c6a-0e71cdb9d6d0:c3449]
2019-07-10 03:37:36,242 INFO  client.GrpcClientProtocolClient (GrpcClientProtocolClient.java:onNext(255)) - client-8BD909272E8D->63cacea9-0392-4939-ad39-80c4c73dd84b: receive RaftClientReply:client-8BD909272E8D->63cacea9-0392-4939-ad39-80c4c73dd84b@group-EE6C16B6C358, cid=2331, SUCCESS, logIndex=3455, commits[63cacea9-0392-4939-ad39-80c4c73dd84b:c3456, bd7b7fea-2a7b-4c3f-852f-c014e42bfcb7:c3454, 3b4aa678-22a6-4ae2-9c6a-0e71cdb9d6d0:c3454]
2019-07-10 03:37:36,242 INFO  client.GrpcClientProtocolClient (GrpcClientProtocolClient.java:onNext(255)) - client-8BD909272E8D->63cacea9-0392-4939-ad39-80c4c73dd84b: receive RaftClientReply:client-8BD909272E8D->63cacea9-0392-4939-ad39-80c4c73dd84b@group-EE6C16B6C358, cid=2332, SUCCESS, logIndex=3456, commits[63cacea9-0392-4939-ad39-80c4c73dd84b:c3456, bd7b7fea-2a7b-4c3f-852f-c014e42bfcb7:c3454, 3b4aa678-22a6-4ae2-9c6a-0e71cdb9d6d0:c3454]
2019-07-10 03:37:36,256 INFO  client.GrpcClientProtocolClient (GrpcClientProtocolClient.java:onNext(255)) - client-8BD909272E8D->63cacea9-0392-4939-ad39-80c4c73dd84b: receive RaftClientReply:client-8BD909272E8D->63cacea9-0392-4939-ad39-80c4c73dd84b@group-EE6C16B6C358, cid=2333, SUCCESS, logIndex=3458, commits[63cacea9-0392-4939-ad39-80c4c73dd84b:c3459, bd7b7fea-2a7b-4c3f-852f-c014e42bfcb7:c3456, 3b4aa678-22a6-4ae2-9c6a-0e71cdb9d6d0:c3456]
2019-07-10 03:37:36,256 INFO  client.GrpcClientProtocolClient (GrpcClientProtocolClient.java:onNext(255)) - client-8BD909272E8D->63cacea9-0392-4939-ad39-80c4c73dd84b: receive RaftClientReply:client-8BD909272E8D->63cacea9-0392-4939-ad39-80c4c73dd84b@group-EE6C16B6C358, cid=2334, SUCCESS, logIndex=3459, commits[63cacea9-0392-4939-ad39-80c4c73dd84b:c3459, bd7b7fea-2a7b-4c3f-852f-c014e42bfcb7:c3456, 3b4aa678-22a6-4ae2-9c6a-0e71cdb9d6d0:c3456]
2019-07-10 03:37:36,268 INFO  client.GrpcClientProtocolClient (GrpcClientProtocolClient.java:onNext(255)) - client-8BD909272E8D->63cacea9-0392-4939-ad39-80c4c73dd84b: receive RaftClientReply:client-8BD909272E8D->63cacea9-0392-4939-ad39-80c4c73dd84b@group-EE6C16B6C358, cid=2335, SUCCESS, logIndex=0, commits[63cacea9-0392-4939-ad39-80c4c73dd84b:c3460, bd7b7fea-2a7b-4c3f-852f-c014e42bfcb7:c3459, 3b4aa678-22a6-4ae2-9c6a-0e71cdb9d6d0:c3459]
2019-07-10 03:37:36,302 INFO  client.GrpcClientProtocolClient (GrpcClientProtocolClient.java:onNext(255)) - client-8BD909272E8D->63cacea9-0392-4939-ad39-80c4c73dd84b: receive RaftClientReply:client-8BD909272E8D->63cacea9-0392-4939-ad39-80c4c73dd84b@group-EE6C16B6C358, cid=2336, SUCCESS, logIndex=3462, commits[63cacea9-0392-4939-ad39-80c4c73dd84b:c3463, bd7b7fea-2a7b-4c3f-852f-c014e42bfcb7:c3461, 3b4aa678-22a6-4ae2-9c6a-0e71cdb9d6d0:c3461]
2019-07-10 03:37:36,303 INFO  client.GrpcClientProtocolClient (GrpcClientProtocolClient.java:onNext(255)) - client-8BD909272E8D->63cacea9-0392-4939-ad39-80c4c73dd84b: receive RaftClientReply:client-8BD909272E8D->63cacea9-0392-4939-ad39-80c4c73dd84b@group-EE6C16B6C358, cid=2337, SUCCESS, logIndex=3463, commits[63cacea9-0392-4939-ad39-80c4c73dd84b:c3465, bd7b7fea-2a7b-4c3f-852f-c014e42bfcb7:c3461, 3b4aa678-22a6-4ae2-9c6a-0e71cdb9d6d0:c3461]
2019-07-10 03:37:36,304 INFO  client.GrpcClientProtocolClient (GrpcClientProtocolClient.java:onNext(255)) - client-8BD909272E8D->63cacea9-0392-4939-ad39-80c4c73dd84b: receive RaftClientReply:client-8BD909272E8D->63cacea9-0392-4939-ad39-80c4c73dd84b@group-EE6C16B6C358, cid=2338, SUCCESS, logIndex=3464, commits[63cacea9-0392-4939-ad39-80c4c73dd84b:c3465, bd7b7fea-2a7b-4c3f-852f-c014e42bfcb7:c3461, 3b4aa678-22a6-4ae2-9c6a-0e71cdb9d6d0:c3461]
2019-07-10 03:37:36,304 INFO  client.GrpcClientProtocolClient (GrpcClientProtocolClient.java:onNext(255)) - client-8BD909272E8D->63cacea9-0392-4939-ad39-80c4c73dd84b: receive RaftClientReply:client-8BD909272E8D->63cacea9-0392-4939-ad39-80c4c73dd84b@group-EE6C16B6C358, cid=2339, SUCCESS, logIndex=3465, commits[63cacea9-0392-4939-ad39-80c4c73dd84b:c3465, bd7b7fea-2a7b-4c3f-852f-c014e42bfcb7:c3461, 3b4aa678-22a6-4ae2-9c6a-0e71cdb9d6d0:c3461]
2019-07-10 03:37:36,328 INFO  client.GrpcClientProtocolClient (GrpcClientProtocolClient.java:onNext(255)) - client-8BD909272E8D->63cacea9-0392-4939-ad39-80c4c73dd84b: receive RaftClientReply:client-8BD909272E8D->63cacea9-0392-4939-ad39-80c4c73dd84b@group-EE6C16B6C358, cid=2340, SUCCESS, logIndex=0, commits[63cacea9-0392-4939-ad39-80c4c73dd84b:c3469, bd7b7fea-2a7b-4c3f-852f-c014e42bfcb7:c3463, 3b4aa678-22a6-4ae2-9c6a-0e71cdb9d6d0:c3465]
2019-07-10 03:37:36,350 INFO  client.GrpcClientProtocolClient (GrpcClientProtocolClient.java:onNext(255)) - client-8BD909272E8D->63cacea9-0392-4939-ad39-80c4c73dd84b: receive RaftClientReply:client-8BD909272E8D->63cacea9-0392-4939-ad39-80c4c73dd84b@group-EE6C16B6C358, cid=2341, SUCCESS, logIndex=3470, commits[63cacea9-0392-4939-ad39-80c4c73dd84b:c3471, bd7b7fea-2a7b-4c3f-852f-c014e42bfcb7:c3469, 3b4aa678-22a6-4ae2-9c6a-0e71cdb9d6d0:c3469]
2019-07-10 03:37:36,351 INFO  client.GrpcClientProtocolClient (GrpcClientProtocolClient.java:onNext(255)) - client-8BD909272E8D->63cacea9-0392-4939-ad39-80c4c73dd84b: receive RaftClientReply:client-8BD909272E8D->63cacea9-0392-4939-ad39-80c4c73dd84b@group-EE6C16B6C358, cid=2342, SUCCESS, logIndex=3471, commits[63cacea9-0392-4939-ad39-80c4c73dd84b:c3471, bd7b7fea-2a7b-4c3f-852f-c014e42bfcb7:c3469, 3b4aa678-22a6-4ae2-9c6a-0e71cdb9d6d0:c3469]
2019-07-10 03:37:36,378 INFO  client.GrpcClientProtocolClient (GrpcClientProtocolClient.java:onNext(255)) - client-8BD909272E8D->63cacea9-0392-4939-ad39-80c4c73dd84b: receive RaftClientReply:client-8BD909272E8D->63cacea9-0392-4939-ad39-80c4c73dd84b@group-EE6C16B6C358, cid=2343, SUCCESS, logIndex=3474, commits[63cacea9-0392-4939-ad39-80c4c73dd84b:c3475, bd7b7fea-2a7b-4c3f-852f-c014e42bfcb7:c3471, 3b4aa678-22a6-4ae2-9c6a-0e71cdb9d6d0:c3471]
2019-07-10 03:37:36,379 INFO  client.GrpcClientProtocolClient (GrpcClientProtocolClient.java:onNext(255)) - client-8BD909272E8D->63cacea9-0392-4939-ad39-80c4c73dd84b: receive RaftClientReply:client-8BD909272E8D->63cacea9-0392-4939-ad39-80c4c73dd84b@group-EE6C16B6C358, cid=2344, SUCCESS, logIndex=3475, commits[63cacea9-0392-4939-ad39-80c4c73dd84b:c3475, bd7b7fea-2a7b-4c3f-852f-c014e42bfcb7:c3471, 3b4aa678-22a6-4ae2-9c6a-0e71cdb9d6d0:c3471]
2019-07-10 03:37:36,396 INFO  client.GrpcClientProtocolClient (GrpcClientProtocolClient.java:onNext(255)) - client-8BD909272E8D->63cacea9-0392-4939-ad39-80c4c73dd84b: receive RaftClientReply:client-8BD909272E8D->63cacea9-0392-4939-ad39-80c4c73dd84b@group-EE6C16B6C358, cid=2345, SUCCESS, logIndex=0, commits[63cacea9-0392-4939-ad39-80c4c73dd84b:c3477, bd7b7fea-2a7b-4c3f-852f-c014e42bfcb7:c3475, 3b4aa678-22a6-4ae2-9c6a-0e71cdb9d6d0:c3475]
2019-07-10 03:37:36,421 INFO  client.GrpcClientProtocolClient (GrpcClientProtocolClient.java:onNext(255)) - client-8BD909272E8D->63cacea9-0392-4939-ad39-80c4c73dd84b: receive RaftClientReply:client-8BD909272E8D->63cacea9-0392-4939-ad39-80c4c73dd84b@group-EE6C16B6C358, cid=2346, SUCCESS, logIndex=3478, commits[63cacea9-0392-4939-ad39-80c4c73dd84b:c3479, bd7b7fea-2a7b-4c3f-852f-c014e42bfcb7:c3475, 3b4aa678-22a6-4ae2-9c6a-0e71cdb9d6d0:c3477]
2019-07-10 03:37:36,422 INFO  client.GrpcClientProtocolClient (GrpcClientProtocolClient.java:onNext(255)) - client-8BD909272E8D->63cacea9-0392-4939-ad39-80c4c73dd84b: receive RaftClientReply:client-8BD909272E8D->63cacea9-0392-4939-ad39-80c4c73dd84b@group-EE6C16B6C358, cid=2347, SUCCESS, logIndex=3479, commits[63cacea9-0392-4939-ad39-80c4c73dd84b:c3479, bd7b7fea-2a7b-4c3f-852f-c014e42bfcb7:c3475, 3b4aa678-22a6-4ae2-9c6a-0e71cdb9d6d0:c3477]
2019-07-10 03:37:36,422 INFO  client.GrpcClientProtocolClient (GrpcClientProtocolClient.java:onNext(255)) - client-8BD909272E8D->63cacea9-0392-4939-ad39-80c4c73dd84b: receive RaftClientReply:client-8BD909272E8D->63cacea9-0392-4939-ad39-80c4c73dd84b@group-EE6C16B6C358, cid=2348, SUCCESS, logIndex=3480, commits[63cacea9-0392-4939-ad39-80c4c73dd84b:c3480, bd7b7fea-2a7b-4c3f-852f-c014e42bfcb7:c3477, 3b4aa678-22a6-4ae2-9c6a-0e71cdb9d6d0:c3477]
2019-07-10 03:37:36,422 INFO  client.GrpcClientProtocolClient (GrpcClientProtocolClient.java:onNext(255)) - client-8BD909272E8D->63cacea9-0392-4939-ad39-80c4c73dd84b: receive RaftClientReply:client-8BD909272E8D->63cacea9-0392-4939-ad39-80c4c73dd84b@group-EE6C16B6C358, cid=2349, SUCCESS, logIndex=3481, commits[63cacea9-0392-4939-ad39-80c4c73dd84b:c3481, bd7b7fea-2a7b-4c3f-852f-c014e42bfcb7:c3477, 3b4aa678-22a6-4ae2-9c6a-0e71cdb9d6d0:c3477]
2019-07-10 03:37:36,427 INFO  client.GrpcClientProtocolClient (GrpcClientProtocolClient.java:onNext(255)) - client-8BD909272E8D->63cacea9-0392-4939-ad39-80c4c73dd84b: receive RaftClientReply:client-8BD909272E8D->63cacea9-0392-4939-ad39-80c4c73dd84b@group-EE6C16B6C358, cid=2350, SUCCESS, logIndex=0, commits[63cacea9-0392-4939-ad39-80c4c73dd84b:c3483, bd7b7fea-2a7b-4c3f-852f-c014e42bfcb7:c3479, 3b4aa678-22a6-4ae2-9c6a-0e71cdb9d6d0:c3479]
2019-07-10 03:37:36,459 INFO  client.GrpcClientProtocolClient (GrpcClientProtocolClient.java:onNext(255)) - client-8BD909272E8D->63cacea9-0392-4939-ad39-80c4c73dd84b: receive RaftClientReply:client-8BD909272E8D->63cacea9-0392-4939-ad39-80c4c73dd84b@group-EE6C16B6C358, cid=2351, SUCCESS, logIndex=3486, commits[63cacea9-0392-4939-ad39-80c4c73dd84b:c3487, bd7b7fea-2a7b-4c3f-852f-c014e42bfcb7:c3485, 3b4aa678-22a6-4ae2-9c6a-0e71cdb9d6d0:c3485]
2019-07-10 03:37:36,460 INFO  client.GrpcClientProtocolClient (GrpcClientProtocolClient.java:onNext(255)) - client-8BD909272E8D->63cacea9-0392-4939-ad39-80c4c73dd84b: receive RaftClientReply:client-8BD909272E8D->63cacea9-0392-4939-ad39-80c4c73dd84b@group-EE6C16B6C358, cid=2352, SUCCESS, logIndex=3487, commits[63cacea9-0392-4939-ad39-80c4c73dd84b:c3487, bd7b7fea-2a7b-4c3f-852f-c014e42bfcb7:c3485, 3b4aa678-22a6-4ae2-9c6a-0e71cdb9d6d0:c3485]
2019-07-10 03:37:36,477 INFO  client.GrpcClientProtocolClient (GrpcClientProtocolClient.java:onNext(255)) - client-8BD909272E8D->63cacea9-0392-4939-ad39-80c4c73dd84b: receive RaftClientReply:client-8BD909272E8D->63cacea9-0392-4939-ad39-80c4c73dd84b@group-EE6C16B6C358, cid=2353, SUCCESS, logIndex=3490, commits[63cacea9-0392-4939-ad39-80c4c73dd84b:c3491, bd7b7fea-2a7b-4c3f-852f-c014e42bfcb7:c3487, 3b4aa678-22a6-4ae2-9c6a-0e71cdb9d6d0:c3487]
2019-07-10 03:37:36,477 INFO  client.GrpcClientProtocolClient (GrpcClientProtocolClient.java:onNext(255)) - client-8BD909272E8D->63cacea9-0392-4939-ad39-80c4c73dd84b: receive RaftClientReply:client-8BD909272E8D->63cacea9-0392-4939-ad39-80c4c73dd84b@group-EE6C16B6C358, cid=2354, SUCCESS, logIndex=3491, commits[63cacea9-0392-4939-ad39-80c4c73dd84b:c3491, bd7b7fea-2a7b-4c3f-852f-c014e42bfcb7:c3487, 3b4aa678-22a6-4ae2-9c6a-0e71cdb9d6d0:c3487]
2019-07-10 03:37:36,491 INFO  client.GrpcClientProtocolClient (GrpcClientProtocolClient.java:onNext(255)) - client-8BD909272E8D->63cacea9-0392-4939-ad39-80c4c73dd84b: receive RaftClientReply:client-8BD909272E8D->63cacea9-0392-4939-ad39-80c4c73dd84b@group-EE6C16B6C358, cid=2355, SUCCESS, logIndex=0, commits[63cacea9-0392-4939-ad39-80c4c73dd84b:c3493, bd7b7fea-2a7b-4c3f-852f-c014e42bfcb7:c3491, 3b4aa678-22a6-4ae2-9c6a-0e71cdb9d6d0:c3491]
2019-07-10 03:37:36,518 INFO  client.GrpcClientProtocolClient (GrpcClientProtocolClient.java:onNext(255)) - client-8BD909272E8D->63cacea9-0392-4939-ad39-80c4c73dd84b: receive RaftClientReply:client-8BD909272E8D->63cacea9-0392-4939-ad39-80c4c73dd84b@group-EE6C16B6C358, cid=2356, SUCCESS, logIndex=3494, commits[63cacea9-0392-4939-ad39-80c4c73dd84b:c3495, bd7b7fea-2a7b-4c3f-852f-c014e42bfcb7:c3493, 3b4aa678-22a6-4ae2-9c6a-0e71cdb9d6d0:c3493]
2019-07-10 03:37:36,519 INFO  client.GrpcClientProtocolClient (GrpcClientProtocolClient.java:onNext(255)) - client-8BD909272E8D->63cacea9-0392-4939-ad39-80c4c73dd84b: receive RaftClientReply:client-8BD909272E8D->63cacea9-0392-4939-ad39-80c4c73dd84b@group-EE6C16B6C358, cid=2357, SUCCESS, logIndex=3495, commits[63cacea9-0392-4939-ad39-80c4c73dd84b:c3497, bd7b7fea-2a7b-4c3f-852f-c014e42bfcb7:c3493, 3b4aa678-22a6-4ae2-9c6a-0e71cdb9d6d0:c3493]
2019-07-10 03:37:36,519 INFO  client.GrpcClientProtocolClient (GrpcClientProtocolClient.java:onNext(255)) - client-8BD909272E8D->63cacea9-0392-4939-ad39-80c4c73dd84b: receive RaftClientReply:client-8BD909272E8D->63cacea9-0392-4939-ad39-80c4c73dd84b@group-EE6C16B6C358, cid=2358, SUCCESS, logIndex=3496, commits[63cacea9-0392-4939-ad39-80c4c73dd84b:c3497, bd7b7fea-2a7b-4c3f-852f-c014e42bfcb7:c3493, 3b4aa678-22a6-4ae2-9c6a-0e71cdb9d6d0:c3493]
2019-07-10 03:37:36,520 INFO  client.GrpcClientProtocolClient (GrpcClientProtocolClient.java:onNext(255)) - client-8BD909272E8D->63cacea9-0392-4939-ad39-80c4c73dd84b: receive RaftClientReply:client-8BD909272E8D->63cacea9-0392-4939-ad39-80c4c73dd84b@group-EE6C16B6C358, cid=2359, SUCCESS, logIndex=3497, commits[63cacea9-0392-4939-ad39-80c4c73dd84b:c3497, bd7b7fea-2a7b-4c3f-852f-c014e42bfcb7:c3493, 3b4aa678-22a6-4ae2-9c6a-0e71cdb9d6d0:c3493]
2019-07-10 03:37:36,533 INFO  client.GrpcClientProtocolClient (GrpcClientProtocolClient.java:onNext(255)) - client-8BD909272E8D->63cacea9-0392-4939-ad39-80c4c73dd84b: receive RaftClientReply:client-8BD909272E8D->63cacea9-0392-4939-ad39-80c4c73dd84b@group-EE6C16B6C358, cid=2360, SUCCESS, logIndex=0, commits[63cacea9-0392-4939-ad39-80c4c73dd84b:c3499, bd7b7fea-2a7b-4c3f-852f-c014e42bfcb7:c3495, 3b4aa678-22a6-4ae2-9c6a-0e71cdb9d6d0:c3495]
2019-07-10 03:37:36,555 INFO  client.GrpcClientProtocolClient (GrpcClientProtocolClient.java:onNext(255)) - client-8BD909272E8D->63cacea9-0392-4939-ad39-80c4c73dd84b: receive RaftClientReply:client-8BD909272E8D->63cacea9-0392-4939-ad39-80c4c73dd84b@group-EE6C16B6C358, cid=2361, SUCCESS, logIndex=3501, commits[63cacea9-0392-4939-ad39-80c4c73dd84b:c3502, bd7b7fea-2a7b-4c3f-852f-c014e42bfcb7:c3500, 3b4aa678-22a6-4ae2-9c6a-0e71cdb9d6d0:c3500]
2019-07-10 03:37:36,555 INFO  client.GrpcClientProtocolClient (GrpcClientProtocolClient.java:onNext(255)) - client-8BD909272E8D->63cacea9-0392-4939-ad39-80c4c73dd84b: receive RaftClientReply:client-8BD909272E8D->63cacea9-0392-4939-ad39-80c4c73dd84b@group-EE6C16B6C358, cid=2362, SUCCESS, logIndex=3502, commits[63cacea9-0392-4939-ad39-80c4c73dd84b:c3502, bd7b7fea-2a7b-4c3f-852f-c014e42bfcb7:c3500, 3b4aa678-22a6-4ae2-9c6a-0e71cdb9d6d0:c3500]
2019-07-10 03:37:36,582 INFO  client.GrpcClientProtocolClient (GrpcClientProtocolClient.java:onNext(255)) - client-8BD909272E8D->63cacea9-0392-4939-ad39-80c4c73dd84b: receive RaftClientReply:client-8BD909272E8D->63cacea9-0392-4939-ad39-80c4c73dd84b@group-EE6C16B6C358, cid=2363, SUCCESS, logIndex=3505, commits[63cacea9-0392-4939-ad39-80c4c73dd84b:c3506, bd7b7fea-2a7b-4c3f-852f-c014e42bfcb7:c3502, 3b4aa678-22a6-4ae2-9c6a-0e71cdb9d6d0:c3502]
2019-07-10 03:37:36,582 INFO  client.GrpcClientProtocolClient (GrpcClientProtocolClient.java:onNext(255)) - client-8BD909272E8D->63cacea9-0392-4939-ad39-80c4c73dd84b: receive RaftClientReply:client-8BD909272E8D->63cacea9-0392-4939-ad39-80c4c73dd84b@group-EE6C16B6C358, cid=2364, SUCCESS, logIndex=3506, commits[63cacea9-0392-4939-ad39-80c4c73dd84b:c3506, bd7b7fea-2a7b-4c3f-852f-c014e42bfcb7:c3502, 3b4aa678-22a6-4ae2-9c6a-0e71cdb9d6d0:c3502]
2019-07-10 03:37:36,607 INFO  client.GrpcClientProtocolClient (GrpcClientProtocolClient.java:onNext(255)) - client-8BD909272E8D->63cacea9-0392-4939-ad39-80c4c73dd84b: receive RaftClientReply:client-8BD909272E8D->63cacea9-0392-4939-ad39-80c4c73dd84b@group-EE6C16B6C358, cid=2365, SUCCESS, logIndex=0, commits[63cacea9-0392-4939-ad39-80c4c73dd84b:c3508, bd7b7fea-2a7b-4c3f-852f-c014e42bfcb7:c3506, 3b4aa678-22a6-4ae2-9c6a-0e71cdb9d6d0:c3506]
2019-07-10 03:37:36,638 INFO  client.GrpcClientProtocolClient (GrpcClientProtocolClient.java:onNext(255)) - client-8BD909272E8D->63cacea9-0392-4939-ad39-80c4c73dd84b: receive RaftClientReply:client-8BD909272E8D->63cacea9-0392-4939-ad39-80c4c73dd84b@group-EE6C16B6C358, cid=2366, SUCCESS, logIndex=3509, commits[63cacea9-0392-4939-ad39-80c4c73dd84b:c3510, bd7b7fea-2a7b-4c3f-852f-c014e42bfcb7:c3508, 3b4aa678-22a6-4ae2-9c6a-0e71cdb9d6d0:c3508]
2019-07-10 03:37:36,639 INFO  client.GrpcClientProtocolClient (GrpcClientProtocolClient.java:onNext(255)) - client-8BD909272E8D->63cacea9-0392-4939-ad39-80c4c73dd84b: receive RaftClientReply:client-8BD909272E8D->63cacea9-0392-4939-ad39-80c4c73dd84b@group-EE6C16B6C358, cid=2367, SUCCESS, logIndex=3510, commits[63cacea9-0392-4939-ad39-80c4c73dd84b:c3510, bd7b7fea-2a7b-4c3f-852f-c014e42bfcb7:c3508, 3b4aa678-22a6-4ae2-9c6a-0e71cdb9d6d0:c3508]
2019-07-10 03:37:36,651 INFO  client.GrpcClientProtocolClient (GrpcClientProtocolClient.java:onNext(255)) - client-8BD909272E8D->63cacea9-0392-4939-ad39-80c4c73dd84b: receive RaftClientReply:client-8BD909272E8D->63cacea9-0392-4939-ad39-80c4c73dd84b@group-EE6C16B6C358, cid=2368, SUCCESS, logIndex=3511, commits[63cacea9-0392-4939-ad39-80c4c73dd84b:c3511, bd7b7fea-2a7b-4c3f-852f-c014e42bfcb7:c3508, 3b4aa678-22a6-4ae2-9c6a-0e71cdb9d6d0:c3508]
2019-07-10 03:37:36,651 INFO  client.GrpcClientProtocolClient (GrpcClientProtocolClient.java:onNext(255)) - client-8BD909272E8D->63cacea9-0392-4939-ad39-80c4c73dd84b: receive RaftClientReply:client-8BD909272E8D->63cacea9-0392-4939-ad39-80c4c73dd84b@group-EE6C16B6C358, cid=2369, SUCCESS, logIndex=3512, commits[63cacea9-0392-4939-ad39-80c4c73dd84b:c3512, bd7b7fea-2a7b-4c3f-852f-c014e42bfcb7:c3508, 3b4aa678-22a6-4ae2-9c6a-0e71cdb9d6d0:c3508]
2019-07-10 03:37:36,664 INFO  client.GrpcClientProtocolClient (GrpcClientProtocolClient.java:onNext(255)) - client-8BD909272E8D->63cacea9-0392-4939-ad39-80c4c73dd84b: receive RaftClientReply:client-8BD909272E8D->63cacea9-0392-4939-ad39-80c4c73dd84b@group-EE6C16B6C358, cid=2370, SUCCESS, logIndex=0, commits[63cacea9-0392-4939-ad39-80c4c73dd84b:c3514, bd7b7fea-2a7b-4c3f-852f-c014e42bfcb7:c3510, 3b4aa678-22a6-4ae2-9c6a-0e71cdb9d6d0:c3510]
2019-07-10 03:37:36,690 INFO  client.GrpcClientProtocolClient (GrpcClientProtocolClient.java:onNext(255)) - client-8BD909272E8D->63cacea9-0392-4939-ad39-80c4c73dd84b: receive RaftClientReply:client-8BD909272E8D->63cacea9-0392-4939-ad39-80c4c73dd84b@group-EE6C16B6C358, cid=2371, SUCCESS, logIndex=3517, commits[63cacea9-0392-4939-ad39-80c4c73dd84b:c3518, bd7b7fea-2a7b-4c3f-852f-c014e42bfcb7:c3514, 3b4aa678-22a6-4ae2-9c6a-0e71cdb9d6d0:c3514]
2019-07-10 03:37:36,690 INFO  client.GrpcClientProtocolClient (GrpcClientProtocolClient.java:onNext(255)) - client-8BD909272E8D->63cacea9-0392-4939-ad39-80c4c73dd84b: receive RaftClientReply:client-8BD909272E8D->63cacea9-0392-4939-ad39-80c4c73dd84b@group-EE6C16B6C358, cid=2372, SUCCESS, logIndex=3518, commits[63cacea9-0392-4939-ad39-80c4c73dd84b:c3518, bd7b7fea-2a7b-4c3f-852f-c014e42bfcb7:c3514, 3b4aa678-22a6-4ae2-9c6a-0e71cdb9d6d0:c3514]
2019-07-10 03:37:36,712 INFO  client.GrpcClientProtocolClient (GrpcClientProtocolClient.java:onNext(255)) - client-8BD909272E8D->63cacea9-0392-4939-ad39-80c4c73dd84b: receive RaftClientReply:client-8BD909272E8D->63cacea9-0392-4939-ad39-80c4c73dd84b@group-EE6C16B6C358, cid=2373, SUCCESS, logIndex=3521, commits[63cacea9-0392-4939-ad39-80c4c73dd84b:c3522, bd7b7fea-2a7b-4c3f-852f-c014e42bfcb7:c3518, 3b4aa678-22a6-4ae2-9c6a-0e71cdb9d6d0:c3518]
2019-07-10 03:37:36,713 INFO  client.GrpcClientProtocolClient (GrpcClientProtocolClient.java:onNext(255)) - client-8BD909272E8D->63cacea9-0392-4939-ad39-80c4c73dd84b: receive RaftClientReply:client-8BD909272E8D->63cacea9-0392-4939-ad39-80c4c73dd84b@group-EE6C16B6C358, cid=2374, SUCCESS, logIndex=3522, commits[63cacea9-0392-4939-ad39-80c4c73dd84b:c3522, bd7b7fea-2a7b-4c3f-852f-c014e42bfcb7:c3518, 3b4aa678-22a6-4ae2-9c6a-0e71cdb9d6d0:c3518]
2019-07-10 03:37:36,722 INFO  client.GrpcClientProtocolClient (GrpcClientProtocolClient.java:onNext(255)) - client-8BD909272E8D->63cacea9-0392-4939-ad39-80c4c73dd84b: receive RaftClientReply:client-8BD909272E8D->63cacea9-0392-4939-ad39-80c4c73dd84b@group-EE6C16B6C358, cid=2375, SUCCESS, logIndex=0, commits[63cacea9-0392-4939-ad39-80c4c73dd84b:c3523, bd7b7fea-2a7b-4c3f-852f-c014e42bfcb7:c3522, 3b4aa678-22a6-4ae2-9c6a-0e71cdb9d6d0:c3522]
 0.00% |█                                                                                                    |  0/1 Time: 0:00:192019-07-10 03:37:36,753 INFO  client.GrpcClientProtocolClient (GrpcClientProtocolClient.java:onNext(255)) - client-8BD909272E8D->63cacea9-0392-4939-ad39-80c4c73dd84b: receive RaftClientReply:client-8BD909272E8D->63cacea9-0392-4939-ad39-80c4c73dd84b@group-EE6C16B6C358, cid=2376, SUCCESS, logIndex=3525, commits[63cacea9-0392-4939-ad39-80c4c73dd84b:c3527, bd7b7fea-2a7b-4c3f-852f-c014e42bfcb7:c3524, 3b4aa678-22a6-4ae2-9c6a-0e71cdb9d6d0:c3524]
2019-07-10 03:37:36,753 INFO  client.GrpcClientProtocolClient (GrpcClientProtocolClient.java:onNext(255)) - client-8BD909272E8D->63cacea9-0392-4939-ad39-80c4c73dd84b: receive RaftClientReply:client-8BD909272E8D->63cacea9-0392-4939-ad39-80c4c73dd84b@group-EE6C16B6C358, cid=2377, SUCCESS, logIndex=3526, commits[63cacea9-0392-4939-ad39-80c4c73dd84b:c3528, bd7b7fea-2a7b-4c3f-852f-c014e42bfcb7:c3524, 3b4aa678-22a6-4ae2-9c6a-0e71cdb9d6d0:c3524]
2019-07-10 03:37:36,754 INFO  client.GrpcClientProtocolClient (GrpcClientProtocolClient.java:onNext(255)) - client-8BD909272E8D->63cacea9-0392-4939-ad39-80c4c73dd84b: receive RaftClientReply:client-8BD909272E8D->63cacea9-0392-4939-ad39-80c4c73dd84b@group-EE6C16B6C358, cid=2378, SUCCESS, logIndex=3527, commits[63cacea9-0392-4939-ad39-80c4c73dd84b:c3528, bd7b7fea-2a7b-4c3f-852f-c014e42bfcb7:c3524, 3b4aa678-22a6-4ae2-9c6a-0e71cdb9d6d0:c3524]
2019-07-10 03:37:36,754 INFO  client.GrpcClientProtocolClient (GrpcClientProtocolClient.java:onNext(255)) - client-8BD909272E8D->63cacea9-0392-4939-ad39-80c4c73dd84b: receive RaftClientReply:client-8BD909272E8D->63cacea9-0392-4939-ad39-80c4c73dd84b@group-EE6C16B6C358, cid=2379, SUCCESS, logIndex=3528, commits[63cacea9-0392-4939-ad39-80c4c73dd84b:c3528, bd7b7fea-2a7b-4c3f-852f-c014e42bfcb7:c3524, 3b4aa678-22a6-4ae2-9c6a-0e71cdb9d6d0:c3524]
2019-07-10 03:37:36,767 INFO  client.GrpcClientProtocolClient (GrpcClientProtocolClient.java:onNext(255)) - client-8BD909272E8D->63cacea9-0392-4939-ad39-80c4c73dd84b: receive RaftClientReply:client-8BD909272E8D->63cacea9-0392-4939-ad39-80c4c73dd84b@group-EE6C16B6C358, cid=2380, SUCCESS, logIndex=0, commits[63cacea9-0392-4939-ad39-80c4c73dd84b:c3530, bd7b7fea-2a7b-4c3f-852f-c014e42bfcb7:c3527, 3b4aa678-22a6-4ae2-9c6a-0e71cdb9d6d0:c3527]
2019-07-10 03:37:36,787 INFO  client.GrpcClientProtocolClient (GrpcClientProtocolClient.java:onNext(255)) - client-8BD909272E8D->63cacea9-0392-4939-ad39-80c4c73dd84b: receive RaftClientReply:client-8BD909272E8D->63cacea9-0392-4939-ad39-80c4c73dd84b@group-EE6C16B6C358, cid=2381, SUCCESS, logIndex=3533, commits[63cacea9-0392-4939-ad39-80c4c73dd84b:c3534, bd7b7fea-2a7b-4c3f-852f-c014e42bfcb7:c3532, 3b4aa678-22a6-4ae2-9c6a-0e71cdb9d6d0:c3532]
2019-07-10 03:37:36,787 INFO  client.GrpcClientProtocolClient (GrpcClientProtocolClient.java:onNext(255)) - client-8BD909272E8D->63cacea9-0392-4939-ad39-80c4c73dd84b: receive RaftClientReply:client-8BD909272E8D->63cacea9-0392-4939-ad39-80c4c73dd84b@group-EE6C16B6C358, cid=2382, SUCCESS, logIndex=3534, commits[63cacea9-0392-4939-ad39-80c4c73dd84b:c3534, bd7b7fea-2a7b-4c3f-852f-c014e42bfcb7:c3532, 3b4aa678-22a6-4ae2-9c6a-0e71cdb9d6d0:c3532]
2019-07-10 03:37:36,801 INFO  client.GrpcClientProtocolClient (GrpcClientProtocolClient.java:onNext(255)) - client-8BD909272E8D->63cacea9-0392-4939-ad39-80c4c73dd84b: receive RaftClientReply:client-8BD909272E8D->63cacea9-0392-4939-ad39-80c4c73dd84b@group-EE6C16B6C358, cid=2383, SUCCESS, logIndex=3537, commits[63cacea9-0392-4939-ad39-80c4c73dd84b:c3538, bd7b7fea-2a7b-4c3f-852f-c014e42bfcb7:c3534, 3b4aa678-22a6-4ae2-9c6a-0e71cdb9d6d0:c3534]
2019-07-10 03:37:36,802 INFO  client.GrpcClientProtocolClient (GrpcClientProtocolClient.java:onNext(255)) - client-8BD909272E8D->63cacea9-0392-4939-ad39-80c4c73dd84b: receive RaftClientReply:client-8BD909272E8D->63cacea9-0392-4939-ad39-80c4c73dd84b@group-EE6C16B6C358, cid=2384, SUCCESS, logIndex=3538, commits[63cacea9-0392-4939-ad39-80c4c73dd84b:c3538, bd7b7fea-2a7b-4c3f-852f-c014e42bfcb7:c3534, 3b4aa678-22a6-4ae2-9c6a-0e71cdb9d6d0:c3534]
2019-07-10 03:37:36,816 INFO  client.GrpcClientProtocolClient (GrpcClientProtocolClient.java:onNext(255)) - client-8BD909272E8D->63cacea9-0392-4939-ad39-80c4c73dd84b: receive RaftClientReply:client-8BD909272E8D->63cacea9-0392-4939-ad39-80c4c73dd84b@group-EE6C16B6C358, cid=2385, SUCCESS, logIndex=0, commits[63cacea9-0392-4939-ad39-80c4c73dd84b:c3540, bd7b7fea-2a7b-4c3f-852f-c014e42bfcb7:c3538, 3b4aa678-22a6-4ae2-9c6a-0e71cdb9d6d0:c3538]
2019-07-10 03:37:36,852 INFO  client.GrpcClientProtocolClient (GrpcClientProtocolClient.java:onNext(255)) - client-8BD909272E8D->63cacea9-0392-4939-ad39-80c4c73dd84b: receive RaftClientReply:client-8BD909272E8D->63cacea9-0392-4939-ad39-80c4c73dd84b@group-EE6C16B6C358, cid=2386, SUCCESS, logIndex=3541, commits[63cacea9-0392-4939-ad39-80c4c73dd84b:c3542, bd7b7fea-2a7b-4c3f-852f-c014e42bfcb7:c3540, 3b4aa678-22a6-4ae2-9c6a-0e71cdb9d6d0:c3540]
2019-07-10 03:37:36,853 INFO  client.GrpcClientProtocolClient (GrpcClientProtocolClient.java:onNext(255)) - client-8BD909272E8D->63cacea9-0392-4939-ad39-80c4c73dd84b: receive RaftClientReply:client-8BD909272E8D->63cacea9-0392-4939-ad39-80c4c73dd84b@group-EE6C16B6C358, cid=2387, SUCCESS, logIndex=3542, commits[63cacea9-0392-4939-ad39-80c4c73dd84b:c3544, bd7b7fea-2a7b-4c3f-852f-c014e42bfcb7:c3540, 3b4aa678-22a6-4ae2-9c6a-0e71cdb9d6d0:c3540]
2019-07-10 03:37:36,853 INFO  client.GrpcClientProtocolClient (GrpcClientProtocolClient.java:onNext(255)) - client-8BD909272E8D->63cacea9-0392-4939-ad39-80c4c73dd84b: receive RaftClientReply:client-8BD909272E8D->63cacea9-0392-4939-ad39-80c4c73dd84b@group-EE6C16B6C358, cid=2388, SUCCESS, logIndex=3543, commits[63cacea9-0392-4939-ad39-80c4c73dd84b:c3544, bd7b7fea-2a7b-4c3f-852f-c014e42bfcb7:c3540, 3b4aa678-22a6-4ae2-9c6a-0e71cdb9d6d0:c3540]
2019-07-10 03:37:36,853 INFO  client.GrpcClientProtocolClient (GrpcClientProtocolClient.java:onNext(255)) - client-8BD909272E8D->63cacea9-0392-4939-ad39-80c4c73dd84b: receive RaftClientReply:client-8BD909272E8D->63cacea9-0392-4939-ad39-80c4c73dd84b@group-EE6C16B6C358, cid=2389, SUCCESS, logIndex=3544, commits[63cacea9-0392-4939-ad39-80c4c73dd84b:c3544, bd7b7fea-2a7b-4c3f-852f-c014e42bfcb7:c3540, 3b4aa678-22a6-4ae2-9c6a-0e71cdb9d6d0:c3540]
2019-07-10 03:37:36,878 INFO  client.GrpcClientProtocolClient (GrpcClientProtocolClient.java:onNext(255)) - client-8BD909272E8D->63cacea9-0392-4939-ad39-80c4c73dd84b: receive RaftClientReply:client-8BD909272E8D->63cacea9-0392-4939-ad39-80c4c73dd84b@group-EE6C16B6C358, cid=2390, SUCCESS, logIndex=0, commits[63cacea9-0392-4939-ad39-80c4c73dd84b:c3546, bd7b7fea-2a7b-4c3f-852f-c014e42bfcb7:c3542, 3b4aa678-22a6-4ae2-9c6a-0e71cdb9d6d0:c3542]
2019-07-10 03:37:36,901 INFO  client.GrpcClientProtocolClient (GrpcClientProtocolClient.java:onNext(255)) - client-8BD909272E8D->63cacea9-0392-4939-ad39-80c4c73dd84b: receive RaftClientReply:client-8BD909272E8D->63cacea9-0392-4939-ad39-80c4c73dd84b@group-EE6C16B6C358, cid=2391, SUCCESS, logIndex=3549, commits[63cacea9-0392-4939-ad39-80c4c73dd84b:c3550, bd7b7fea-2a7b-4c3f-852f-c014e42bfcb7:c3548, 3b4aa678-22a6-4ae2-9c6a-0e71cdb9d6d0:c3548]
2019-07-10 03:37:36,902 INFO  client.GrpcClientProtocolClient (GrpcClientProtocolClient.java:onNext(255)) - client-8BD909272E8D->63cacea9-0392-4939-ad39-80c4c73dd84b: receive RaftClientReply:client-8BD909272E8D->63cacea9-0392-4939-ad39-80c4c73dd84b@group-EE6C16B6C358, cid=2392, SUCCESS, logIndex=3550, commits[63cacea9-0392-4939-ad39-80c4c73dd84b:c3550, bd7b7fea-2a7b-4c3f-852f-c014e42bfcb7:c3548, 3b4aa678-22a6-4ae2-9c6a-0e71cdb9d6d0:c3548]
2019-07-10 03:37:36,928 INFO  client.GrpcClientProtocolClient (GrpcClientProtocolClient.java:onNext(255)) - client-8BD909272E8D->63cacea9-0392-4939-ad39-80c4c73dd84b: receive RaftClientReply:client-8BD909272E8D->63cacea9-0392-4939-ad39-80c4c73dd84b@group-EE6C16B6C358, cid=2393, SUCCESS, logIndex=3553, commits[63cacea9-0392-4939-ad39-80c4c73dd84b:c3553, bd7b7fea-2a7b-4c3f-852f-c014e42bfcb7:c3550, 3b4aa678-22a6-4ae2-9c6a-0e71cdb9d6d0:c3550]
2019-07-10 03:37:36,929 INFO  client.GrpcClientProtocolClient (GrpcClientProtocolClient.java:onNext(255)) - client-8BD909272E8D->63cacea9-0392-4939-ad39-80c4c73dd84b: receive RaftClientReply:client-8BD909272E8D->63cacea9-0392-4939-ad39-80c4c73dd84b@group-EE6C16B6C358, cid=2394, SUCCESS, logIndex=3554, commits[63cacea9-0392-4939-ad39-80c4c73dd84b:c3554, bd7b7fea-2a7b-4c3f-852f-c014e42bfcb7:c3550, 3b4aa678-22a6-4ae2-9c6a-0e71cdb9d6d0:c3550]
2019-07-10 03:37:36,956 INFO  client.GrpcClientProtocolClient (GrpcClientProtocolClient.java:onNext(255)) - client-8BD909272E8D->63cacea9-0392-4939-ad39-80c4c73dd84b: receive RaftClientReply:client-8BD909272E8D->63cacea9-0392-4939-ad39-80c4c73dd84b@group-EE6C16B6C358, cid=2395, SUCCESS, logIndex=0, commits[63cacea9-0392-4939-ad39-80c4c73dd84b:c3556, bd7b7fea-2a7b-4c3f-852f-c014e42bfcb7:c3554, 3b4aa678-22a6-4ae2-9c6a-0e71cdb9d6d0:c3554]
2019-07-10 03:37:36,987 INFO  client.GrpcClientProtocolClient (GrpcClientProtocolClient.java:onNext(255)) - client-8BD909272E8D->63cacea9-0392-4939-ad39-80c4c73dd84b: receive RaftClientReply:client-8BD909272E8D->63cacea9-0392-4939-ad39-80c4c73dd84b@group-EE6C16B6C358, cid=2396, SUCCESS, logIndex=3557, commits[63cacea9-0392-4939-ad39-80c4c73dd84b:c3560, bd7b7fea-2a7b-4c3f-852f-c014e42bfcb7:c3554, 3b4aa678-22a6-4ae2-9c6a-0e71cdb9d6d0:c3556]
2019-07-10 03:37:36,988 INFO  client.GrpcClientProtocolClient (GrpcClientProtocolClient.java:onNext(255)) - client-8BD909272E8D->63cacea9-0392-4939-ad39-80c4c73dd84b: receive RaftClientReply:client-8BD909272E8D->63cacea9-0392-4939-ad39-80c4c73dd84b@group-EE6C16B6C358, cid=2397, SUCCESS, logIndex=3558, commits[63cacea9-0392-4939-ad39-80c4c73dd84b:c3560, bd7b7fea-2a7b-4c3f-852f-c014e42bfcb7:c3556, 3b4aa678-22a6-4ae2-9c6a-0e71cdb9d6d0:c3556]
2019-07-10 03:37:37,109 INFO  client.GrpcClientProtocolClient (GrpcClientProtocolClient.java:onNext(255)) - client-8BD909272E8D->63cacea9-0392-4939-ad39-80c4c73dd84b: receive RaftClientReply:client-8BD909272E8D->63cacea9-0392-4939-ad39-80c4c73dd84b@group-EE6C16B6C358, cid=2398, SUCCESS, logIndex=3559, commits[63cacea9-0392-4939-ad39-80c4c73dd84b:c3560, bd7b7fea-2a7b-4c3f-852f-c014e42bfcb7:c3556, 3b4aa678-22a6-4ae2-9c6a-0e71cdb9d6d0:c3556]
2019-07-10 03:37:37,110 INFO  client.GrpcClientProtocolClient (GrpcClientProtocolClient.java:onNext(255)) - client-8BD909272E8D->63cacea9-0392-4939-ad39-80c4c73dd84b: receive RaftClientReply:client-8BD909272E8D->63cacea9-0392-4939-ad39-80c4c73dd84b@group-EE6C16B6C358, cid=2399, SUCCESS, logIndex=3560, commits[63cacea9-0392-4939-ad39-80c4c73dd84b:c3560, bd7b7fea-2a7b-4c3f-852f-c014e42bfcb7:c3556, 3b4aa678-22a6-4ae2-9c6a-0e71cdb9d6d0:c3556]
2019-07-10 03:37:37,122 INFO  client.GrpcClientProtocolClient (GrpcClientProtocolClient.java:onNext(255)) - client-8BD909272E8D->63cacea9-0392-4939-ad39-80c4c73dd84b: receive RaftClientReply:client-8BD909272E8D->63cacea9-0392-4939-ad39-80c4c73dd84b@group-EE6C16B6C358, cid=2400, SUCCESS, logIndex=0, commits[63cacea9-0392-4939-ad39-80c4c73dd84b:c3564, bd7b7fea-2a7b-4c3f-852f-c014e42bfcb7:c3560, 3b4aa678-22a6-4ae2-9c6a-0e71cdb9d6d0:c3560]
2019-07-10 03:37:37,143 INFO  client.GrpcClientProtocolClient (GrpcClientProtocolClient.java:onNext(255)) - client-8BD909272E8D->63cacea9-0392-4939-ad39-80c4c73dd84b: receive RaftClientReply:client-8BD909272E8D->63cacea9-0392-4939-ad39-80c4c73dd84b@group-EE6C16B6C358, cid=2401, SUCCESS, logIndex=3565, commits[63cacea9-0392-4939-ad39-80c4c73dd84b:c3566, bd7b7fea-2a7b-4c3f-852f-c014e42bfcb7:c3564, 3b4aa678-22a6-4ae2-9c6a-0e71cdb9d6d0:c3564]
2019-07-10 03:37:37,143 INFO  client.GrpcClientProtocolClient (GrpcClientProtocolClient.java:onNext(255)) - client-8BD909272E8D->63cacea9-0392-4939-ad39-80c4c73dd84b: receive RaftClientReply:client-8BD909272E8D->63cacea9-0392-4939-ad39-80c4c73dd84b@group-EE6C16B6C358, cid=2402, SUCCESS, logIndex=3566, commits[63cacea9-0392-4939-ad39-80c4c73dd84b:c3566, bd7b7fea-2a7b-4c3f-852f-c014e42bfcb7:c3564, 3b4aa678-22a6-4ae2-9c6a-0e71cdb9d6d0:c3564]
2019-07-10 03:37:37,170 INFO  client.GrpcClientProtocolClient (GrpcClientProtocolClient.java:onNext(255)) - client-8BD909272E8D->63cacea9-0392-4939-ad39-80c4c73dd84b: receive RaftClientReply:client-8BD909272E8D->63cacea9-0392-4939-ad39-80c4c73dd84b@group-EE6C16B6C358, cid=2403, SUCCESS, logIndex=3569, commits[63cacea9-0392-4939-ad39-80c4c73dd84b:c3570, bd7b7fea-2a7b-4c3f-852f-c014e42bfcb7:c3566, 3b4aa678-22a6-4ae2-9c6a-0e71cdb9d6d0:c3566]
2019-07-10 03:37:37,171 INFO  client.GrpcClientProtocolClient (GrpcClientProtocolClient.java:onNext(255)) - client-8BD909272E8D->63cacea9-0392-4939-ad39-80c4c73dd84b: receive RaftClientReply:client-8BD909272E8D->63cacea9-0392-4939-ad39-80c4c73dd84b@group-EE6C16B6C358, cid=2404, SUCCESS, logIndex=3570, commits[63cacea9-0392-4939-ad39-80c4c73dd84b:c3570, bd7b7fea-2a7b-4c3f-852f-c014e42bfcb7:c3566, 3b4aa678-22a6-4ae2-9c6a-0e71cdb9d6d0:c3566]
2019-07-10 03:37:37,183 INFO  client.GrpcClientProtocolClient (GrpcClientProtocolClient.java:onNext(255)) - client-8BD909272E8D->63cacea9-0392-4939-ad39-80c4c73dd84b: receive RaftClientReply:client-8BD909272E8D->63cacea9-0392-4939-ad39-80c4c73dd84b@group-EE6C16B6C358, cid=2405, SUCCESS, logIndex=0, commits[63cacea9-0392-4939-ad39-80c4c73dd84b:c3571, bd7b7fea-2a7b-4c3f-852f-c014e42bfcb7:c3570, 3b4aa678-22a6-4ae2-9c6a-0e71cdb9d6d0:c3570]
2019-07-10 03:37:37,218 INFO  client.GrpcClientProtocolClient (GrpcClientProtocolClient.java:onNext(255)) - client-8BD909272E8D->63cacea9-0392-4939-ad39-80c4c73dd84b: receive RaftClientReply:client-8BD909272E8D->63cacea9-0392-4939-ad39-80c4c73dd84b@group-EE6C16B6C358, cid=2406, SUCCESS, logIndex=3573, commits[63cacea9-0392-4939-ad39-80c4c73dd84b:c3575, bd7b7fea-2a7b-4c3f-852f-c014e42bfcb7:c3572, 3b4aa678-22a6-4ae2-9c6a-0e71cdb9d6d0:c3572]
2019-07-10 03:37:37,219 INFO  client.GrpcClientProtocolClient (GrpcClientProtocolClient.java:onNext(255)) - client-8BD909272E8D->63cacea9-0392-4939-ad39-80c4c73dd84b: receive RaftClientReply:client-8BD909272E8D->63cacea9-0392-4939-ad39-80c4c73dd84b@group-EE6C16B6C358, cid=2407, SUCCESS, logIndex=3574, commits[63cacea9-0392-4939-ad39-80c4c73dd84b:c3576, bd7b7fea-2a7b-4c3f-852f-c014e42bfcb7:c3572, 3b4aa678-22a6-4ae2-9c6a-0e71cdb9d6d0:c3572]
2019-07-10 03:37:37,219 INFO  client.GrpcClientProtocolClient (GrpcClientProtocolClient.java:onNext(255)) - client-8BD909272E8D->63cacea9-0392-4939-ad39-80c4c73dd84b: receive RaftClientReply:client-8BD909272E8D->63cacea9-0392-4939-ad39-80c4c73dd84b@group-EE6C16B6C358, cid=2408, SUCCESS, logIndex=3575, commits[63cacea9-0392-4939-ad39-80c4c73dd84b:c3576, bd7b7fea-2a7b-4c3f-852f-c014e42bfcb7:c3572, 3b4aa678-22a6-4ae2-9c6a-0e71cdb9d6d0:c3572]
2019-07-10 03:37:37,220 INFO  client.GrpcClientProtocolClient (GrpcClientProtocolClient.java:onNext(255)) - client-8BD909272E8D->63cacea9-0392-4939-ad39-80c4c73dd84b: receive RaftClientReply:client-8BD909272E8D->63cacea9-0392-4939-ad39-80c4c73dd84b@group-EE6C16B6C358, cid=2409, SUCCESS, logIndex=3576, commits[63cacea9-0392-4939-ad39-80c4c73dd84b:c3577, bd7b7fea-2a7b-4c3f-852f-c014e42bfcb7:c3574, 3b4aa678-22a6-4ae2-9c6a-0e71cdb9d6d0:c3572]
2019-07-10 03:37:37,221 INFO  client.GrpcClientProtocolClient (GrpcClientProtocolClient.java:onNext(255)) - client-8BD909272E8D->63cacea9-0392-4939-ad39-80c4c73dd84b: receive RaftClientReply:client-8BD909272E8D->63cacea9-0392-4939-ad39-80c4c73dd84b@group-EE6C16B6C358, cid=2410, SUCCESS, logIndex=0, commits[63cacea9-0392-4939-ad39-80c4c73dd84b:c3580, bd7b7fea-2a7b-4c3f-852f-c014e42bfcb7:c3576, 3b4aa678-22a6-4ae2-9c6a-0e71cdb9d6d0:c3574]
2019-07-10 03:37:37,243 INFO  client.GrpcClientProtocolClient (GrpcClientProtocolClient.java:onNext(255)) - client-8BD909272E8D->63cacea9-0392-4939-ad39-80c4c73dd84b: receive RaftClientReply:client-8BD909272E8D->63cacea9-0392-4939-ad39-80c4c73dd84b@group-EE6C16B6C358, cid=2411, SUCCESS, logIndex=3581, commits[63cacea9-0392-4939-ad39-80c4c73dd84b:c3582, bd7b7fea-2a7b-4c3f-852f-c014e42bfcb7:c3580, 3b4aa678-22a6-4ae2-9c6a-0e71cdb9d6d0:c3580]
2019-07-10 03:37:37,244 INFO  client.GrpcClientProtocolClient (GrpcClientProtocolClient.java:onNext(255)) - client-8BD909272E8D->63cacea9-0392-4939-ad39-80c4c73dd84b: receive RaftClientReply:client-8BD909272E8D->63cacea9-0392-4939-ad39-80c4c73dd84b@group-EE6C16B6C358, cid=2412, SUCCESS, logIndex=3582, commits[63cacea9-0392-4939-ad39-80c4c73dd84b:c3582, bd7b7fea-2a7b-4c3f-852f-c014e42bfcb7:c3580, 3b4aa678-22a6-4ae2-9c6a-0e71cdb9d6d0:c3580]
2019-07-10 03:37:37,268 INFO  client.GrpcClientProtocolClient (GrpcClientProtocolClient.java:onNext(255)) - client-8BD909272E8D->63cacea9-0392-4939-ad39-80c4c73dd84b: receive RaftClientReply:client-8BD909272E8D->63cacea9-0392-4939-ad39-80c4c73dd84b@group-EE6C16B6C358, cid=2413, SUCCESS, logIndex=3585, commits[63cacea9-0392-4939-ad39-80c4c73dd84b:c3586, bd7b7fea-2a7b-4c3f-852f-c014e42bfcb7:c3582, 3b4aa678-22a6-4ae2-9c6a-0e71cdb9d6d0:c3581]
2019-07-10 03:37:37,268 INFO  client.GrpcClientProtocolClient (GrpcClientProtocolClient.java:onNext(255)) - client-8BD909272E8D->63cacea9-0392-4939-ad39-80c4c73dd84b: receive RaftClientReply:client-8BD909272E8D->63cacea9-0392-4939-ad39-80c4c73dd84b@group-EE6C16B6C358, cid=2414, SUCCESS, logIndex=3586, commits[63cacea9-0392-4939-ad39-80c4c73dd84b:c3586, bd7b7fea-2a7b-4c3f-852f-c014e42bfcb7:c3582, 3b4aa678-22a6-4ae2-9c6a-0e71cdb9d6d0:c3582]
2019-07-10 03:37:37,293 INFO  client.GrpcClientProtocolClient (GrpcClientProtocolClient.java:onNext(255)) - client-8BD909272E8D->63cacea9-0392-4939-ad39-80c4c73dd84b: receive RaftClientReply:client-8BD909272E8D->63cacea9-0392-4939-ad39-80c4c73dd84b@group-EE6C16B6C358, cid=2415, SUCCESS, logIndex=0, commits[63cacea9-0392-4939-ad39-80c4c73dd84b:c3588, bd7b7fea-2a7b-4c3f-852f-c014e42bfcb7:c3586, 3b4aa678-22a6-4ae2-9c6a-0e71cdb9d6d0:c3586]
2019-07-10 03:37:37,323 INFO  client.GrpcClientProtocolClient (GrpcClientProtocolClient.java:onNext(255)) - client-8BD909272E8D->63cacea9-0392-4939-ad39-80c4c73dd84b: receive RaftClientReply:client-8BD909272E8D->63cacea9-0392-4939-ad39-80c4c73dd84b@group-EE6C16B6C358, cid=2416, SUCCESS, logIndex=3589, commits[63cacea9-0392-4939-ad39-80c4c73dd84b:c3590, bd7b7fea-2a7b-4c3f-852f-c014e42bfcb7:c3588, 3b4aa678-22a6-4ae2-9c6a-0e71cdb9d6d0:c3588]
2019-07-10 03:37:37,324 INFO  client.GrpcClientProtocolClient (GrpcClientProtocolClient.java:onNext(255)) - client-8BD909272E8D->63cacea9-0392-4939-ad39-80c4c73dd84b: receive RaftClientReply:client-8BD909272E8D->63cacea9-0392-4939-ad39-80c4c73dd84b@group-EE6C16B6C358, cid=2417, SUCCESS, logIndex=3590, commits[63cacea9-0392-4939-ad39-80c4c73dd84b:c3590, bd7b7fea-2a7b-4c3f-852f-c014e42bfcb7:c3588, 3b4aa678-22a6-4ae2-9c6a-0e71cdb9d6d0:c3588]
2019-07-10 03:37:37,336 INFO  client.GrpcClientProtocolClient (GrpcClientProtocolClient.java:onNext(255)) - client-8BD909272E8D->63cacea9-0392-4939-ad39-80c4c73dd84b: receive RaftClientReply:client-8BD909272E8D->63cacea9-0392-4939-ad39-80c4c73dd84b@group-EE6C16B6C358, cid=2418, SUCCESS, logIndex=3591, commits[63cacea9-0392-4939-ad39-80c4c73dd84b:c3592, bd7b7fea-2a7b-4c3f-852f-c014e42bfcb7:c3588, 3b4aa678-22a6-4ae2-9c6a-0e71cdb9d6d0:c3588]
2019-07-10 03:37:37,336 INFO  client.GrpcClientProtocolClient (GrpcClientProtocolClient.java:onNext(255)) - client-8BD909272E8D->63cacea9-0392-4939-ad39-80c4c73dd84b: receive RaftClientReply:client-8BD909272E8D->63cacea9-0392-4939-ad39-80c4c73dd84b@group-EE6C16B6C358, cid=2419, SUCCESS, logIndex=3592, commits[63cacea9-0392-4939-ad39-80c4c73dd84b:c3592, bd7b7fea-2a7b-4c3f-852f-c014e42bfcb7:c3588, 3b4aa678-22a6-4ae2-9c6a-0e71cdb9d6d0:c3588]
2019-07-10 03:37:37,348 INFO  client.GrpcClientProtocolClient (GrpcClientProtocolClient.java:onNext(255)) - client-8BD909272E8D->63cacea9-0392-4939-ad39-80c4c73dd84b: receive RaftClientReply:client-8BD909272E8D->63cacea9-0392-4939-ad39-80c4c73dd84b@group-EE6C16B6C358, cid=2420, SUCCESS, logIndex=0, commits[63cacea9-0392-4939-ad39-80c4c73dd84b:c3594, bd7b7fea-2a7b-4c3f-852f-c014e42bfcb7:c3590, 3b4aa678-22a6-4ae2-9c6a-0e71cdb9d6d0:c3590]
2019-07-10 03:37:37,374 INFO  client.GrpcClientProtocolClient (GrpcClientProtocolClient.java:onNext(255)) - client-8BD909272E8D->63cacea9-0392-4939-ad39-80c4c73dd84b: receive RaftClientReply:client-8BD909272E8D->63cacea9-0392-4939-ad39-80c4c73dd84b@group-EE6C16B6C358, cid=2421, SUCCESS, logIndex=3597, commits[63cacea9-0392-4939-ad39-80c4c73dd84b:c3598, bd7b7fea-2a7b-4c3f-852f-c014e42bfcb7:c3594, 3b4aa678-22a6-4ae2-9c6a-0e71cdb9d6d0:c3594]
2019-07-10 03:37:37,374 INFO  client.GrpcClientProtocolClient (GrpcClientProtocolClient.java:onNext(255)) - client-8BD909272E8D->63cacea9-0392-4939-ad39-80c4c73dd84b: receive RaftClientReply:client-8BD909272E8D->63cacea9-0392-4939-ad39-80c4c73dd84b@group-EE6C16B6C358, cid=2422, SUCCESS, logIndex=3598, commits[63cacea9-0392-4939-ad39-80c4c73dd84b:c3598, bd7b7fea-2a7b-4c3f-852f-c014e42bfcb7:c3594, 3b4aa678-22a6-4ae2-9c6a-0e71cdb9d6d0:c3594]
2019-07-10 03:37:37,401 INFO  client.GrpcClientProtocolClient (GrpcClientProtocolClient.java:onNext(255)) - client-8BD909272E8D->63cacea9-0392-4939-ad39-80c4c73dd84b: receive RaftClientReply:client-8BD909272E8D->63cacea9-0392-4939-ad39-80c4c73dd84b@group-EE6C16B6C358, cid=2423, SUCCESS, logIndex=3601, commits[63cacea9-0392-4939-ad39-80c4c73dd84b:c3602, bd7b7fea-2a7b-4c3f-852f-c014e42bfcb7:c3598, 3b4aa678-22a6-4ae2-9c6a-0e71cdb9d6d0:c3598]
2019-07-10 03:37:37,401 INFO  client.GrpcClientProtocolClient (GrpcClientProtocolClient.java:onNext(255)) - client-8BD909272E8D->63cacea9-0392-4939-ad39-80c4c73dd84b: receive RaftClientReply:client-8BD909272E8D->63cacea9-0392-4939-ad39-80c4c73dd84b@group-EE6C16B6C358, cid=2424, SUCCESS, logIndex=3602, commits[63cacea9-0392-4939-ad39-80c4c73dd84b:c3602, bd7b7fea-2a7b-4c3f-852f-c014e42bfcb7:c3598, 3b4aa678-22a6-4ae2-9c6a-0e71cdb9d6d0:c3598]
2019-07-10 03:37:37,404 INFO  client.GrpcClientProtocolClient (GrpcClientProtocolClient.java:onNext(255)) - client-8BD909272E8D->63cacea9-0392-4939-ad39-80c4c73dd84b: receive RaftClientReply:client-8BD909272E8D->63cacea9-0392-4939-ad39-80c4c73dd84b@group-EE6C16B6C358, cid=2425, SUCCESS, logIndex=0, commits[63cacea9-0392-4939-ad39-80c4c73dd84b:c3603, bd7b7fea-2a7b-4c3f-852f-c014e42bfcb7:c3602, 3b4aa678-22a6-4ae2-9c6a-0e71cdb9d6d0:c3602]
2019-07-10 03:37:37,428 INFO  client.GrpcClientProtocolClient (GrpcClientProtocolClient.java:onNext(255)) - client-8BD909272E8D->63cacea9-0392-4939-ad39-80c4c73dd84b: receive RaftClientReply:client-8BD909272E8D->63cacea9-0392-4939-ad39-80c4c73dd84b@group-EE6C16B6C358, cid=2426, SUCCESS, logIndex=3605, commits[63cacea9-0392-4939-ad39-80c4c73dd84b:c3606, bd7b7fea-2a7b-4c3f-852f-c014e42bfcb7:c3602, 3b4aa678-22a6-4ae2-9c6a-0e71cdb9d6d0:c3604]
2019-07-10 03:37:37,429 INFO  client.GrpcClientProtocolClient (GrpcClientProtocolClient.java:onNext(255)) - client-8BD909272E8D->63cacea9-0392-4939-ad39-80c4c73dd84b: receive RaftClientReply:client-8BD909272E8D->63cacea9-0392-4939-ad39-80c4c73dd84b@group-EE6C16B6C358, cid=2427, SUCCESS, logIndex=3606, commits[63cacea9-0392-4939-ad39-80c4c73dd84b:c3606, bd7b7fea-2a7b-4c3f-852f-c014e42bfcb7:c3604, 3b4aa678-22a6-4ae2-9c6a-0e71cdb9d6d0:c3604]
2019-07-10 03:37:37,432 INFO  client.GrpcClientProtocolClient (GrpcClientProtocolClient.java:onNext(255)) - client-8BD909272E8D->63cacea9-0392-4939-ad39-80c4c73dd84b: receive RaftClientReply:client-8BD909272E8D->63cacea9-0392-4939-ad39-80c4c73dd84b@group-EE6C16B6C358, cid=2428, SUCCESS, logIndex=3607, commits[63cacea9-0392-4939-ad39-80c4c73dd84b:c3610, bd7b7fea-2a7b-4c3f-852f-c014e42bfcb7:c3606, 3b4aa678-22a6-4ae2-9c6a-0e71cdb9d6d0:c3604]
2019-07-10 03:37:37,433 INFO  client.GrpcClientProtocolClient (GrpcClientProtocolClient.java:onNext(255)) - client-8BD909272E8D->63cacea9-0392-4939-ad39-80c4c73dd84b: receive RaftClientReply:client-8BD909272E8D->63cacea9-0392-4939-ad39-80c4c73dd84b@group-EE6C16B6C358, cid=2429, SUCCESS, logIndex=3608, commits[63cacea9-0392-4939-ad39-80c4c73dd84b:c3610, bd7b7fea-2a7b-4c3f-852f-c014e42bfcb7:c3606, 3b4aa678-22a6-4ae2-9c6a-0e71cdb9d6d0:c3604]
2019-07-10 03:37:37,434 INFO  client.GrpcClientProtocolClient (GrpcClientProtocolClient.java:onNext(255)) - client-8BD909272E8D->63cacea9-0392-4939-ad39-80c4c73dd84b: receive RaftClientReply:client-8BD909272E8D->63cacea9-0392-4939-ad39-80c4c73dd84b@group-EE6C16B6C358, cid=2430, SUCCESS, logIndex=0, commits[63cacea9-0392-4939-ad39-80c4c73dd84b:c3611, bd7b7fea-2a7b-4c3f-852f-c014e42bfcb7:c3608, 3b4aa678-22a6-4ae2-9c6a-0e71cdb9d6d0:c3606]
2019-07-10 03:37:37,459 INFO  client.GrpcClientProtocolClient (GrpcClientProtocolClient.java:onNext(255)) - client-8BD909272E8D->63cacea9-0392-4939-ad39-80c4c73dd84b: receive RaftClientReply:client-8BD909272E8D->63cacea9-0392-4939-ad39-80c4c73dd84b@group-EE6C16B6C358, cid=2431, SUCCESS, logIndex=3613, commits[63cacea9-0392-4939-ad39-80c4c73dd84b:c3614, bd7b7fea-2a7b-4c3f-852f-c014e42bfcb7:c3612, 3b4aa678-22a6-4ae2-9c6a-0e71cdb9d6d0:c3612]
2019-07-10 03:37:37,459 INFO  client.GrpcClientProtocolClient (GrpcClientProtocolClient.java:onNext(255)) - client-8BD909272E8D->63cacea9-0392-4939-ad39-80c4c73dd84b: receive RaftClientReply:client-8BD909272E8D->63cacea9-0392-4939-ad39-80c4c73dd84b@group-EE6C16B6C358, cid=2432, SUCCESS, logIndex=3614, commits[63cacea9-0392-4939-ad39-80c4c73dd84b:c3614, bd7b7fea-2a7b-4c3f-852f-c014e42bfcb7:c3612, 3b4aa678-22a6-4ae2-9c6a-0e71cdb9d6d0:c3612]
2019-07-10 03:37:37,474 INFO  client.GrpcClientProtocolClient (GrpcClientProtocolClient.java:onNext(255)) - client-8BD909272E8D->63cacea9-0392-4939-ad39-80c4c73dd84b: receive RaftClientReply:client-8BD909272E8D->63cacea9-0392-4939-ad39-80c4c73dd84b@group-EE6C16B6C358, cid=2433, SUCCESS, logIndex=3617, commits[63cacea9-0392-4939-ad39-80c4c73dd84b:c3618, bd7b7fea-2a7b-4c3f-852f-c014e42bfcb7:c3614, 3b4aa678-22a6-4ae2-9c6a-0e71cdb9d6d0:c3614]
2019-07-10 03:37:37,474 INFO  client.GrpcClientProtocolClient (GrpcClientProtocolClient.java:onNext(255)) - client-8BD909272E8D->63cacea9-0392-4939-ad39-80c4c73dd84b: receive RaftClientReply:client-8BD909272E8D->63cacea9-0392-4939-ad39-80c4c73dd84b@group-EE6C16B6C358, cid=2434, SUCCESS, logIndex=3618, commits[63cacea9-0392-4939-ad39-80c4c73dd84b:c3618, bd7b7fea-2a7b-4c3f-852f-c014e42bfcb7:c3614, 3b4aa678-22a6-4ae2-9c6a-0e71cdb9d6d0:c3614]
2019-07-10 03:37:37,486 INFO  client.GrpcClientProtocolClient (GrpcClientProtocolClient.java:onNext(255)) - client-8BD909272E8D->63cacea9-0392-4939-ad39-80c4c73dd84b: receive RaftClientReply:client-8BD909272E8D->63cacea9-0392-4939-ad39-80c4c73dd84b@group-EE6C16B6C358, cid=2435, SUCCESS, logIndex=0, commits[63cacea9-0392-4939-ad39-80c4c73dd84b:c3620, bd7b7fea-2a7b-4c3f-852f-c014e42bfcb7:c3618, 3b4aa678-22a6-4ae2-9c6a-0e71cdb9d6d0:c3618]
2019-07-10 03:37:37,511 INFO  client.GrpcClientProtocolClient (GrpcClientProtocolClient.java:onNext(255)) - client-8BD909272E8D->63cacea9-0392-4939-ad39-80c4c73dd84b: receive RaftClientReply:client-8BD909272E8D->63cacea9-0392-4939-ad39-80c4c73dd84b@group-EE6C16B6C358, cid=2436, SUCCESS, logIndex=3621, commits[63cacea9-0392-4939-ad39-80c4c73dd84b:c3624, bd7b7fea-2a7b-4c3f-852f-c014e42bfcb7:c3620, 3b4aa678-22a6-4ae2-9c6a-0e71cdb9d6d0:c3620]
2019-07-10 03:37:37,512 INFO  client.GrpcClientProtocolClient (GrpcClientProtocolClient.java:onNext(255)) - client-8BD909272E8D->63cacea9-0392-4939-ad39-80c4c73dd84b: receive RaftClientReply:client-8BD909272E8D->63cacea9-0392-4939-ad39-80c4c73dd84b@group-EE6C16B6C358, cid=2437, SUCCESS, logIndex=3622, commits[63cacea9-0392-4939-ad39-80c4c73dd84b:c3624, bd7b7fea-2a7b-4c3f-852f-c014e42bfcb7:c3620, 3b4aa678-22a6-4ae2-9c6a-0e71cdb9d6d0:c3620]
2019-07-10 03:37:37,512 INFO  client.GrpcClientProtocolClient (GrpcClientProtocolClient.java:onNext(255)) - client-8BD909272E8D->63cacea9-0392-4939-ad39-80c4c73dd84b: receive RaftClientReply:client-8BD909272E8D->63cacea9-0392-4939-ad39-80c4c73dd84b@group-EE6C16B6C358, cid=2438, SUCCESS, logIndex=3623, commits[63cacea9-0392-4939-ad39-80c4c73dd84b:c3624, bd7b7fea-2a7b-4c3f-852f-c014e42bfcb7:c3620, 3b4aa678-22a6-4ae2-9c6a-0e71cdb9d6d0:c3620]
2019-07-10 03:37:37,513 INFO  client.GrpcClientProtocolClient (GrpcClientProtocolClient.java:onNext(255)) - client-8BD909272E8D->63cacea9-0392-4939-ad39-80c4c73dd84b: receive RaftClientReply:client-8BD909272E8D->63cacea9-0392-4939-ad39-80c4c73dd84b@group-EE6C16B6C358, cid=2439, SUCCESS, logIndex=3624, commits[63cacea9-0392-4939-ad39-80c4c73dd84b:c3625, bd7b7fea-2a7b-4c3f-852f-c014e42bfcb7:c3620, 3b4aa678-22a6-4ae2-9c6a-0e71cdb9d6d0:c3621]
2019-07-10 03:37:37,515 INFO  client.GrpcClientProtocolClient (GrpcClientProtocolClient.java:onNext(255)) - client-8BD909272E8D->63cacea9-0392-4939-ad39-80c4c73dd84b: receive RaftClientReply:client-8BD909272E8D->63cacea9-0392-4939-ad39-80c4c73dd84b@group-EE6C16B6C358, cid=2440, SUCCESS, logIndex=0, commits[63cacea9-0392-4939-ad39-80c4c73dd84b:c3628, bd7b7fea-2a7b-4c3f-852f-c014e42bfcb7:c3624, 3b4aa678-22a6-4ae2-9c6a-0e71cdb9d6d0:c3622]
2019-07-10 03:37:37,550 INFO  client.GrpcClientProtocolClient (GrpcClientProtocolClient.java:onNext(255)) - client-8BD909272E8D->63cacea9-0392-4939-ad39-80c4c73dd84b: receive RaftClientReply:client-8BD909272E8D->63cacea9-0392-4939-ad39-80c4c73dd84b@group-EE6C16B6C358, cid=2441, SUCCESS, logIndex=3629, commits[63cacea9-0392-4939-ad39-80c4c73dd84b:c3630, bd7b7fea-2a7b-4c3f-852f-c014e42bfcb7:c3628, 3b4aa678-22a6-4ae2-9c6a-0e71cdb9d6d0:c3628]
2019-07-10 03:37:37,550 INFO  client.GrpcClientProtocolClient (GrpcClientProtocolClient.java:onNext(255)) - client-8BD909272E8D->63cacea9-0392-4939-ad39-80c4c73dd84b: receive RaftClientReply:client-8BD909272E8D->63cacea9-0392-4939-ad39-80c4c73dd84b@group-EE6C16B6C358, cid=2442, SUCCESS, logIndex=3630, commits[63cacea9-0392-4939-ad39-80c4c73dd84b:c3630, bd7b7fea-2a7b-4c3f-852f-c014e42bfcb7:c3628, 3b4aa678-22a6-4ae2-9c6a-0e71cdb9d6d0:c3628]
2019-07-10 03:37:37,576 INFO  client.GrpcClientProtocolClient (GrpcClientProtocolClient.java:onNext(255)) - client-8BD909272E8D->63cacea9-0392-4939-ad39-80c4c73dd84b: receive RaftClientReply:client-8BD909272E8D->63cacea9-0392-4939-ad39-80c4c73dd84b@group-EE6C16B6C358, cid=2443, SUCCESS, logIndex=3633, commits[63cacea9-0392-4939-ad39-80c4c73dd84b:c3633, bd7b7fea-2a7b-4c3f-852f-c014e42bfcb7:c3630, 3b4aa678-22a6-4ae2-9c6a-0e71cdb9d6d0:c3630]
2019-07-10 03:37:37,577 INFO  client.GrpcClientProtocolClient (GrpcClientProtocolClient.java:onNext(255)) - client-8BD909272E8D->63cacea9-0392-4939-ad39-80c4c73dd84b: receive RaftClientReply:client-8BD909272E8D->63cacea9-0392-4939-ad39-80c4c73dd84b@group-EE6C16B6C358, cid=2444, SUCCESS, logIndex=3634, commits[63cacea9-0392-4939-ad39-80c4c73dd84b:c3634, bd7b7fea-2a7b-4c3f-852f-c014e42bfcb7:c3630, 3b4aa678-22a6-4ae2-9c6a-0e71cdb9d6d0:c3630]
2019-07-10 03:37:37,603 INFO  client.GrpcClientProtocolClient (GrpcClientProtocolClient.java:onNext(255)) - client-8BD909272E8D->63cacea9-0392-4939-ad39-80c4c73dd84b: receive RaftClientReply:client-8BD909272E8D->63cacea9-0392-4939-ad39-80c4c73dd84b@group-EE6C16B6C358, cid=2445, SUCCESS, logIndex=0, commits[63cacea9-0392-4939-ad39-80c4c73dd84b:c3636, bd7b7fea-2a7b-4c3f-852f-c014e42bfcb7:c3634, 3b4aa678-22a6-4ae2-9c6a-0e71cdb9d6d0:c3634]
2019-07-10 03:37:37,634 INFO  client.GrpcClientProtocolClient (GrpcClientProtocolClient.java:onNext(255)) - client-8BD909272E8D->63cacea9-0392-4939-ad39-80c4c73dd84b: receive RaftClientReply:client-8BD909272E8D->63cacea9-0392-4939-ad39-80c4c73dd84b@group-EE6C16B6C358, cid=2446, SUCCESS, logIndex=3637, commits[63cacea9-0392-4939-ad39-80c4c73dd84b:c3638, bd7b7fea-2a7b-4c3f-852f-c014e42bfcb7:c3636, 3b4aa678-22a6-4ae2-9c6a-0e71cdb9d6d0:c3636]
2019-07-10 03:37:37,635 INFO  client.GrpcClientProtocolClient (GrpcClientProtocolClient.java:onNext(255)) - client-8BD909272E8D->63cacea9-0392-4939-ad39-80c4c73dd84b: receive RaftClientReply:client-8BD909272E8D->63cacea9-0392-4939-ad39-80c4c73dd84b@group-EE6C16B6C358, cid=2447, SUCCESS, logIndex=3638, commits[63cacea9-0392-4939-ad39-80c4c73dd84b:c3638, bd7b7fea-2a7b-4c3f-852f-c014e42bfcb7:c3636, 3b4aa678-22a6-4ae2-9c6a-0e71cdb9d6d0:c3636]
2019-07-10 03:37:37,647 INFO  client.GrpcClientProtocolClient (GrpcClientProtocolClient.java:onNext(255)) - client-8BD909272E8D->63cacea9-0392-4939-ad39-80c4c73dd84b: receive RaftClientReply:client-8BD909272E8D->63cacea9-0392-4939-ad39-80c4c73dd84b@group-EE6C16B6C358, cid=2448, SUCCESS, logIndex=3639, commits[63cacea9-0392-4939-ad39-80c4c73dd84b:c3640, bd7b7fea-2a7b-4c3f-852f-c014e42bfcb7:c3636, 3b4aa678-22a6-4ae2-9c6a-0e71cdb9d6d0:c3636]
2019-07-10 03:37:37,647 INFO  client.GrpcClientProtocolClient (GrpcClientProtocolClient.java:onNext(255)) - client-8BD909272E8D->63cacea9-0392-4939-ad39-80c4c73dd84b: receive RaftClientReply:client-8BD909272E8D->63cacea9-0392-4939-ad39-80c4c73dd84b@group-EE6C16B6C358, cid=2449, SUCCESS, logIndex=3640, commits[63cacea9-0392-4939-ad39-80c4c73dd84b:c3640, bd7b7fea-2a7b-4c3f-852f-c014e42bfcb7:c3636, 3b4aa678-22a6-4ae2-9c6a-0e71cdb9d6d0:c3636]
2019-07-10 03:37:37,660 INFO  client.GrpcClientProtocolClient (GrpcClientProtocolClient.java:onNext(255)) - client-8BD909272E8D->63cacea9-0392-4939-ad39-80c4c73dd84b: receive RaftClientReply:client-8BD909272E8D->63cacea9-0392-4939-ad39-80c4c73dd84b@group-EE6C16B6C358, cid=2450, SUCCESS, logIndex=0, commits[63cacea9-0392-4939-ad39-80c4c73dd84b:c3642, bd7b7fea-2a7b-4c3f-852f-c014e42bfcb7:c3638, 3b4aa678-22a6-4ae2-9c6a-0e71cdb9d6d0:c3638]
2019-07-10 03:37:37,673 INFO  client.GrpcClientProtocolClient (GrpcClientProtocolClient.java:onNext(255)) - client-8BD909272E8D->63cacea9-0392-4939-ad39-80c4c73dd84b: receive RaftClientReply:client-8BD909272E8D->63cacea9-0392-4939-ad39-80c4c73dd84b@group-EE6C16B6C358, cid=2451, SUCCESS, logIndex=3645, commits[63cacea9-0392-4939-ad39-80c4c73dd84b:c3646, bd7b7fea-2a7b-4c3f-852f-c014e42bfcb7:c3642, 3b4aa678-22a6-4ae2-9c6a-0e71cdb9d6d0:c3640]
2019-07-10 03:37:37,674 INFO  client.GrpcClientProtocolClient (GrpcClientProtocolClient.java:onNext(255)) - client-8BD909272E8D->63cacea9-0392-4939-ad39-80c4c73dd84b: receive RaftClientReply:client-8BD909272E8D->63cacea9-0392-4939-ad39-80c4c73dd84b@group-EE6C16B6C358, cid=2452, SUCCESS, logIndex=3646, commits[63cacea9-0392-4939-ad39-80c4c73dd84b:c3646, bd7b7fea-2a7b-4c3f-852f-c014e42bfcb7:c3642, 3b4aa678-22a6-4ae2-9c6a-0e71cdb9d6d0:c3642]
2019-07-10 03:37:37,687 INFO  client.GrpcClientProtocolClient (GrpcClientProtocolClient.java:onNext(255)) - client-8BD909272E8D->63cacea9-0392-4939-ad39-80c4c73dd84b: receive RaftClientReply:client-8BD909272E8D->63cacea9-0392-4939-ad39-80c4c73dd84b@group-EE6C16B6C358, cid=2453, SUCCESS, logIndex=3649, commits[63cacea9-0392-4939-ad39-80c4c73dd84b:c3650, bd7b7fea-2a7b-4c3f-852f-c014e42bfcb7:c3648, 3b4aa678-22a6-4ae2-9c6a-0e71cdb9d6d0:c3646]
2019-07-10 03:37:37,687 INFO  client.GrpcClientProtocolClient (GrpcClientProtocolClient.java:onNext(255)) - client-8BD909272E8D->63cacea9-0392-4939-ad39-80c4c73dd84b: receive RaftClientReply:client-8BD909272E8D->63cacea9-0392-4939-ad39-80c4c73dd84b@group-EE6C16B6C358, cid=2454, SUCCESS, logIndex=3650, commits[63cacea9-0392-4939-ad39-80c4c73dd84b:c3650, bd7b7fea-2a7b-4c3f-852f-c014e42bfcb7:c3648, 3b4aa678-22a6-4ae2-9c6a-0e71cdb9d6d0:c3648]
2019-07-10 03:37:37,692 INFO  client.GrpcClientProtocolClient (GrpcClientProtocolClient.java:onNext(255)) - client-8BD909272E8D->63cacea9-0392-4939-ad39-80c4c73dd84b: receive RaftClientReply:client-8BD909272E8D->63cacea9-0392-4939-ad39-80c4c73dd84b@group-EE6C16B6C358, cid=2455, SUCCESS, logIndex=0, commits[63cacea9-0392-4939-ad39-80c4c73dd84b:c3652, bd7b7fea-2a7b-4c3f-852f-c014e42bfcb7:c3650, 3b4aa678-22a6-4ae2-9c6a-0e71cdb9d6d0:c3650]
2019-07-10 03:37:37,727 INFO  client.GrpcClientProtocolClient (GrpcClientProtocolClient.java:onNext(255)) - client-8BD909272E8D->63cacea9-0392-4939-ad39-80c4c73dd84b: receive RaftClientReply:client-8BD909272E8D->63cacea9-0392-4939-ad39-80c4c73dd84b@group-EE6C16B6C358, cid=2456, SUCCESS, logIndex=3653, commits[63cacea9-0392-4939-ad39-80c4c73dd84b:c3654, bd7b7fea-2a7b-4c3f-852f-c014e42bfcb7:c3650, 3b4aa678-22a6-4ae2-9c6a-0e71cdb9d6d0:c3652]
2019-07-10 03:37:37,727 INFO  client.GrpcClientProtocolClient (GrpcClientProtocolClient.java:onNext(255)) - client-8BD909272E8D->63cacea9-0392-4939-ad39-80c4c73dd84b: receive RaftClientReply:client-8BD909272E8D->63cacea9-0392-4939-ad39-80c4c73dd84b@group-EE6C16B6C358, cid=2457, SUCCESS, logIndex=3654, commits[63cacea9-0392-4939-ad39-80c4c73dd84b:c3654, bd7b7fea-2a7b-4c3f-852f-c014e42bfcb7:c3652, 3b4aa678-22a6-4ae2-9c6a-0e71cdb9d6d0:c3652]
2019-07-10 03:37:37,728 INFO  client.GrpcClientProtocolClient (GrpcClientProtocolClient.java:onNext(255)) - client-8BD909272E8D->63cacea9-0392-4939-ad39-80c4c73dd84b: receive RaftClientReply:client-8BD909272E8D->63cacea9-0392-4939-ad39-80c4c73dd84b@group-EE6C16B6C358, cid=2458, SUCCESS, logIndex=3655, commits[63cacea9-0392-4939-ad39-80c4c73dd84b:c3656, bd7b7fea-2a7b-4c3f-852f-c014e42bfcb7:c3652, 3b4aa678-22a6-4ae2-9c6a-0e71cdb9d6d0:c3652]
2019-07-10 03:37:37,728 INFO  client.GrpcClientProtocolClient (GrpcClientProtocolClient.java:onNext(255)) - client-8BD909272E8D->63cacea9-0392-4939-ad39-80c4c73dd84b: receive RaftClientReply:client-8BD909272E8D->63cacea9-0392-4939-ad39-80c4c73dd84b@group-EE6C16B6C358, cid=2459, SUCCESS, logIndex=3656, commits[63cacea9-0392-4939-ad39-80c4c73dd84b:c3656, bd7b7fea-2a7b-4c3f-852f-c014e42bfcb7:c3652, 3b4aa678-22a6-4ae2-9c6a-0e71cdb9d6d0:c3652]
 0.00% |█                                                                                                    |  0/1 Time: 0:00:202019-07-10 03:37:37,742 INFO  client.GrpcClientProtocolClient (GrpcClientProtocolClient.java:onNext(255)) - client-8BD909272E8D->63cacea9-0392-4939-ad39-80c4c73dd84b: receive RaftClientReply:client-8BD909272E8D->63cacea9-0392-4939-ad39-80c4c73dd84b@group-EE6C16B6C358, cid=2460, SUCCESS, logIndex=0, commits[63cacea9-0392-4939-ad39-80c4c73dd84b:c3658, bd7b7fea-2a7b-4c3f-852f-c014e42bfcb7:c3654, 3b4aa678-22a6-4ae2-9c6a-0e71cdb9d6d0:c3654]
2019-07-10 03:37:37,767 INFO  client.GrpcClientProtocolClient (GrpcClientProtocolClient.java:onNext(255)) - client-8BD909272E8D->63cacea9-0392-4939-ad39-80c4c73dd84b: receive RaftClientReply:client-8BD909272E8D->63cacea9-0392-4939-ad39-80c4c73dd84b@group-EE6C16B6C358, cid=2461, SUCCESS, logIndex=3661, commits[63cacea9-0392-4939-ad39-80c4c73dd84b:c3662, bd7b7fea-2a7b-4c3f-852f-c014e42bfcb7:c3660, 3b4aa678-22a6-4ae2-9c6a-0e71cdb9d6d0:c3660]
2019-07-10 03:37:37,768 INFO  client.GrpcClientProtocolClient (GrpcClientProtocolClient.java:onNext(255)) - client-8BD909272E8D->63cacea9-0392-4939-ad39-80c4c73dd84b: receive RaftClientReply:client-8BD909272E8D->63cacea9-0392-4939-ad39-80c4c73dd84b@group-EE6C16B6C358, cid=2462, SUCCESS, logIndex=3662, commits[63cacea9-0392-4939-ad39-80c4c73dd84b:c3662, bd7b7fea-2a7b-4c3f-852f-c014e42bfcb7:c3660, 3b4aa678-22a6-4ae2-9c6a-0e71cdb9d6d0:c3660]
2019-07-10 03:37:37,782 INFO  client.GrpcClientProtocolClient (GrpcClientProtocolClient.java:onNext(255)) - client-8BD909272E8D->63cacea9-0392-4939-ad39-80c4c73dd84b: receive RaftClientReply:client-8BD909272E8D->63cacea9-0392-4939-ad39-80c4c73dd84b@group-EE6C16B6C358, cid=2463, SUCCESS, logIndex=3665, commits[63cacea9-0392-4939-ad39-80c4c73dd84b:c3666, bd7b7fea-2a7b-4c3f-852f-c014e42bfcb7:c3662, 3b4aa678-22a6-4ae2-9c6a-0e71cdb9d6d0:c3662]
2019-07-10 03:37:37,782 INFO  client.GrpcClientProtocolClient (GrpcClientProtocolClient.java:onNext(255)) - client-8BD909272E8D->63cacea9-0392-4939-ad39-80c4c73dd84b: receive RaftClientReply:client-8BD909272E8D->63cacea9-0392-4939-ad39-80c4c73dd84b@group-EE6C16B6C358, cid=2464, SUCCESS, logIndex=3666, commits[63cacea9-0392-4939-ad39-80c4c73dd84b:c3666, bd7b7fea-2a7b-4c3f-852f-c014e42bfcb7:c3662, 3b4aa678-22a6-4ae2-9c6a-0e71cdb9d6d0:c3662]
2019-07-10 03:37:37,796 INFO  client.GrpcClientProtocolClient (GrpcClientProtocolClient.java:onNext(255)) - client-8BD909272E8D->63cacea9-0392-4939-ad39-80c4c73dd84b: receive RaftClientReply:client-8BD909272E8D->63cacea9-0392-4939-ad39-80c4c73dd84b@group-EE6C16B6C358, cid=2465, SUCCESS, logIndex=0, commits[63cacea9-0392-4939-ad39-80c4c73dd84b:c3668, bd7b7fea-2a7b-4c3f-852f-c014e42bfcb7:c3666, 3b4aa678-22a6-4ae2-9c6a-0e71cdb9d6d0:c3666]
2019-07-10 03:37:37,827 INFO  client.GrpcClientProtocolClient (GrpcClientProtocolClient.java:onNext(255)) - client-8BD909272E8D->63cacea9-0392-4939-ad39-80c4c73dd84b: receive RaftClientReply:client-8BD909272E8D->63cacea9-0392-4939-ad39-80c4c73dd84b@group-EE6C16B6C358, cid=2466, SUCCESS, logIndex=3669, commits[63cacea9-0392-4939-ad39-80c4c73dd84b:c3670, bd7b7fea-2a7b-4c3f-852f-c014e42bfcb7:c3668, 3b4aa678-22a6-4ae2-9c6a-0e71cdb9d6d0:c3668]
2019-07-10 03:37:37,828 INFO  client.GrpcClientProtocolClient (GrpcClientProtocolClient.java:onNext(255)) - client-8BD909272E8D->63cacea9-0392-4939-ad39-80c4c73dd84b: receive RaftClientReply:client-8BD909272E8D->63cacea9-0392-4939-ad39-80c4c73dd84b@group-EE6C16B6C358, cid=2467, SUCCESS, logIndex=3670, commits[63cacea9-0392-4939-ad39-80c4c73dd84b:c3672, bd7b7fea-2a7b-4c3f-852f-c014e42bfcb7:c3668, 3b4aa678-22a6-4ae2-9c6a-0e71cdb9d6d0:c3668]
2019-07-10 03:37:37,828 INFO  client.GrpcClientProtocolClient (GrpcClientProtocolClient.java:onNext(255)) - client-8BD909272E8D->63cacea9-0392-4939-ad39-80c4c73dd84b: receive RaftClientReply:client-8BD909272E8D->63cacea9-0392-4939-ad39-80c4c73dd84b@group-EE6C16B6C358, cid=2468, SUCCESS, logIndex=3671, commits[63cacea9-0392-4939-ad39-80c4c73dd84b:c3672, bd7b7fea-2a7b-4c3f-852f-c014e42bfcb7:c3668, 3b4aa678-22a6-4ae2-9c6a-0e71cdb9d6d0:c3668]
2019-07-10 03:37:37,828 INFO  client.GrpcClientProtocolClient (GrpcClientProtocolClient.java:onNext(255)) - client-8BD909272E8D->63cacea9-0392-4939-ad39-80c4c73dd84b: receive RaftClientReply:client-8BD909272E8D->63cacea9-0392-4939-ad39-80c4c73dd84b@group-EE6C16B6C358, cid=2469, SUCCESS, logIndex=3672, commits[63cacea9-0392-4939-ad39-80c4c73dd84b:c3672, bd7b7fea-2a7b-4c3f-852f-c014e42bfcb7:c3669, 3b4aa678-22a6-4ae2-9c6a-0e71cdb9d6d0:c3668]
2019-07-10 03:37:37,841 INFO  client.GrpcClientProtocolClient (GrpcClientProtocolClient.java:onNext(255)) - client-8BD909272E8D->63cacea9-0392-4939-ad39-80c4c73dd84b: receive RaftClientReply:client-8BD909272E8D->63cacea9-0392-4939-ad39-80c4c73dd84b@group-EE6C16B6C358, cid=2470, SUCCESS, logIndex=0, commits[63cacea9-0392-4939-ad39-80c4c73dd84b:c3674, bd7b7fea-2a7b-4c3f-852f-c014e42bfcb7:c3670, 3b4aa678-22a6-4ae2-9c6a-0e71cdb9d6d0:c3670]
2019-07-10 03:37:37,863 INFO  client.GrpcClientProtocolClient (GrpcClientProtocolClient.java:onNext(255)) - client-8BD909272E8D->63cacea9-0392-4939-ad39-80c4c73dd84b: receive RaftClientReply:client-8BD909272E8D->63cacea9-0392-4939-ad39-80c4c73dd84b@group-EE6C16B6C358, cid=2471, SUCCESS, logIndex=3676, commits[63cacea9-0392-4939-ad39-80c4c73dd84b:c3677, bd7b7fea-2a7b-4c3f-852f-c014e42bfcb7:c3675, 3b4aa678-22a6-4ae2-9c6a-0e71cdb9d6d0:c3675]
2019-07-10 03:37:37,863 INFO  client.GrpcClientProtocolClient (GrpcClientProtocolClient.java:onNext(255)) - client-8BD909272E8D->63cacea9-0392-4939-ad39-80c4c73dd84b: receive RaftClientReply:client-8BD909272E8D->63cacea9-0392-4939-ad39-80c4c73dd84b@group-EE6C16B6C358, cid=2472, SUCCESS, logIndex=3677, commits[63cacea9-0392-4939-ad39-80c4c73dd84b:c3677, bd7b7fea-2a7b-4c3f-852f-c014e42bfcb7:c3675, 3b4aa678-22a6-4ae2-9c6a-0e71cdb9d6d0:c3675]
2019-07-10 03:37:37,890 INFO  client.GrpcClientProtocolClient (GrpcClientProtocolClient.java:onNext(255)) - client-8BD909272E8D->63cacea9-0392-4939-ad39-80c4c73dd84b: receive RaftClientReply:client-8BD909272E8D->63cacea9-0392-4939-ad39-80c4c73dd84b@group-EE6C16B6C358, cid=2473, SUCCESS, logIndex=3680, commits[63cacea9-0392-4939-ad39-80c4c73dd84b:c3681, bd7b7fea-2a7b-4c3f-852f-c014e42bfcb7:c3677, 3b4aa678-22a6-4ae2-9c6a-0e71cdb9d6d0:c3677]
2019-07-10 03:37:37,890 INFO  client.GrpcClientProtocolClient (GrpcClientProtocolClient.java:onNext(255)) - client-8BD909272E8D->63cacea9-0392-4939-ad39-80c4c73dd84b: receive RaftClientReply:client-8BD909272E8D->63cacea9-0392-4939-ad39-80c4c73dd84b@group-EE6C16B6C358, cid=2474, SUCCESS, logIndex=3681, commits[63cacea9-0392-4939-ad39-80c4c73dd84b:c3681, bd7b7fea-2a7b-4c3f-852f-c014e42bfcb7:c3677, 3b4aa678-22a6-4ae2-9c6a-0e71cdb9d6d0:c3677]
2019-07-10 03:37:37,916 INFO  client.GrpcClientProtocolClient (GrpcClientProtocolClient.java:onNext(255)) - client-8BD909272E8D->63cacea9-0392-4939-ad39-80c4c73dd84b: receive RaftClientReply:client-8BD909272E8D->63cacea9-0392-4939-ad39-80c4c73dd84b@group-EE6C16B6C358, cid=2475, SUCCESS, logIndex=0, commits[63cacea9-0392-4939-ad39-80c4c73dd84b:c3683, bd7b7fea-2a7b-4c3f-852f-c014e42bfcb7:c3681, 3b4aa678-22a6-4ae2-9c6a-0e71cdb9d6d0:c3681]
2019-07-10 03:37:37,949 INFO  client.GrpcClientProtocolClient (GrpcClientProtocolClient.java:onNext(255)) - client-8BD909272E8D->63cacea9-0392-4939-ad39-80c4c73dd84b: receive RaftClientReply:client-8BD909272E8D->63cacea9-0392-4939-ad39-80c4c73dd84b@group-EE6C16B6C358, cid=2476, SUCCESS, logIndex=3684, commits[63cacea9-0392-4939-ad39-80c4c73dd84b:c3685, bd7b7fea-2a7b-4c3f-852f-c014e42bfcb7:c3683, 3b4aa678-22a6-4ae2-9c6a-0e71cdb9d6d0:c3683]
2019-07-10 03:37:37,949 INFO  client.GrpcClientProtocolClient (GrpcClientProtocolClient.java:onNext(255)) - client-8BD909272E8D->63cacea9-0392-4939-ad39-80c4c73dd84b: receive RaftClientReply:client-8BD909272E8D->63cacea9-0392-4939-ad39-80c4c73dd84b@group-EE6C16B6C358, cid=2477, SUCCESS, logIndex=3685, commits[63cacea9-0392-4939-ad39-80c4c73dd84b:c3685, bd7b7fea-2a7b-4c3f-852f-c014e42bfcb7:c3683, 3b4aa678-22a6-4ae2-9c6a-0e71cdb9d6d0:c3683]
2019-07-10 03:37:37,960 INFO  client.GrpcClientProtocolClient (GrpcClientProtocolClient.java:onNext(255)) - client-8BD909272E8D->63cacea9-0392-4939-ad39-80c4c73dd84b: receive RaftClientReply:client-8BD909272E8D->63cacea9-0392-4939-ad39-80c4c73dd84b@group-EE6C16B6C358, cid=2478, SUCCESS, logIndex=3686, commits[63cacea9-0392-4939-ad39-80c4c73dd84b:c3686, bd7b7fea-2a7b-4c3f-852f-c014e42bfcb7:c3683, 3b4aa678-22a6-4ae2-9c6a-0e71cdb9d6d0:c3683]
2019-07-10 03:37:37,961 INFO  client.GrpcClientProtocolClient (GrpcClientProtocolClient.java:onNext(255)) - client-8BD909272E8D->63cacea9-0392-4939-ad39-80c4c73dd84b: receive RaftClientReply:client-8BD909272E8D->63cacea9-0392-4939-ad39-80c4c73dd84b@group-EE6C16B6C358, cid=2479, SUCCESS, logIndex=3687, commits[63cacea9-0392-4939-ad39-80c4c73dd84b:c3687, bd7b7fea-2a7b-4c3f-852f-c014e42bfcb7:c3683, 3b4aa678-22a6-4ae2-9c6a-0e71cdb9d6d0:c3683]
2019-07-10 03:37:37,962 INFO  client.GrpcClientProtocolClient (GrpcClientProtocolClient.java:onNext(255)) - client-8BD909272E8D->63cacea9-0392-4939-ad39-80c4c73dd84b: receive RaftClientReply:client-8BD909272E8D->63cacea9-0392-4939-ad39-80c4c73dd84b@group-EE6C16B6C358, cid=2480, SUCCESS, logIndex=0, commits[63cacea9-0392-4939-ad39-80c4c73dd84b:c3689, bd7b7fea-2a7b-4c3f-852f-c014e42bfcb7:c3685, 3b4aa678-22a6-4ae2-9c6a-0e71cdb9d6d0:c3685]
2019-07-10 03:37:37,984 INFO  client.GrpcClientProtocolClient (GrpcClientProtocolClient.java:onNext(255)) - client-8BD909272E8D->63cacea9-0392-4939-ad39-80c4c73dd84b: receive RaftClientReply:client-8BD909272E8D->63cacea9-0392-4939-ad39-80c4c73dd84b@group-EE6C16B6C358, cid=2481, SUCCESS, logIndex=3692, commits[63cacea9-0392-4939-ad39-80c4c73dd84b:c3693, bd7b7fea-2a7b-4c3f-852f-c014e42bfcb7:c3691, 3b4aa678-22a6-4ae2-9c6a-0e71cdb9d6d0:c3691]
2019-07-10 03:37:37,985 INFO  client.GrpcClientProtocolClient (GrpcClientProtocolClient.java:onNext(255)) - client-8BD909272E8D->63cacea9-0392-4939-ad39-80c4c73dd84b: receive RaftClientReply:client-8BD909272E8D->63cacea9-0392-4939-ad39-80c4c73dd84b@group-EE6C16B6C358, cid=2482, SUCCESS, logIndex=3693, commits[63cacea9-0392-4939-ad39-80c4c73dd84b:c3693, bd7b7fea-2a7b-4c3f-852f-c014e42bfcb7:c3691, 3b4aa678-22a6-4ae2-9c6a-0e71cdb9d6d0:c3691]
2019-07-10 03:37:38,014 INFO  client.GrpcClientProtocolClient (GrpcClientProtocolClient.java:onNext(255)) - client-8BD909272E8D->63cacea9-0392-4939-ad39-80c4c73dd84b: receive RaftClientReply:client-8BD909272E8D->63cacea9-0392-4939-ad39-80c4c73dd84b@group-EE6C16B6C358, cid=2483, SUCCESS, logIndex=3696, commits[63cacea9-0392-4939-ad39-80c4c73dd84b:c3697, bd7b7fea-2a7b-4c3f-852f-c014e42bfcb7:c3693, 3b4aa678-22a6-4ae2-9c6a-0e71cdb9d6d0:c3693]
2019-07-10 03:37:38,015 INFO  client.GrpcClientProtocolClient (GrpcClientProtocolClient.java:onNext(255)) - client-8BD909272E8D->63cacea9-0392-4939-ad39-80c4c73dd84b: receive RaftClientReply:client-8BD909272E8D->63cacea9-0392-4939-ad39-80c4c73dd84b@group-EE6C16B6C358, cid=2484, SUCCESS, logIndex=3697, commits[63cacea9-0392-4939-ad39-80c4c73dd84b:c3697, bd7b7fea-2a7b-4c3f-852f-c014e42bfcb7:c3693, 3b4aa678-22a6-4ae2-9c6a-0e71cdb9d6d0:c3693]
2019-07-10 03:37:38,029 INFO  client.GrpcClientProtocolClient (GrpcClientProtocolClient.java:onNext(255)) - client-8BD909272E8D->63cacea9-0392-4939-ad39-80c4c73dd84b: receive RaftClientReply:client-8BD909272E8D->63cacea9-0392-4939-ad39-80c4c73dd84b@group-EE6C16B6C358, cid=2485, SUCCESS, logIndex=0, commits[63cacea9-0392-4939-ad39-80c4c73dd84b:c3698, bd7b7fea-2a7b-4c3f-852f-c014e42bfcb7:c3697, 3b4aa678-22a6-4ae2-9c6a-0e71cdb9d6d0:c3697]
2019-07-10 03:37:38,165 INFO  client.GrpcClientProtocolClient (GrpcClientProtocolClient.java:onNext(255)) - client-8BD909272E8D->63cacea9-0392-4939-ad39-80c4c73dd84b: receive RaftClientReply:client-8BD909272E8D->63cacea9-0392-4939-ad39-80c4c73dd84b@group-EE6C16B6C358, cid=2486, SUCCESS, logIndex=3700, commits[63cacea9-0392-4939-ad39-80c4c73dd84b:c3701, bd7b7fea-2a7b-4c3f-852f-c014e42bfcb7:c3699, 3b4aa678-22a6-4ae2-9c6a-0e71cdb9d6d0:c3699]
2019-07-10 03:37:38,165 INFO  client.GrpcClientProtocolClient (GrpcClientProtocolClient.java:onNext(255)) - client-8BD909272E8D->63cacea9-0392-4939-ad39-80c4c73dd84b: receive RaftClientReply:client-8BD909272E8D->63cacea9-0392-4939-ad39-80c4c73dd84b@group-EE6C16B6C358, cid=2487, SUCCESS, logIndex=3701, commits[63cacea9-0392-4939-ad39-80c4c73dd84b:c3701, bd7b7fea-2a7b-4c3f-852f-c014e42bfcb7:c3699, 3b4aa678-22a6-4ae2-9c6a-0e71cdb9d6d0:c3699]
2019-07-10 03:37:38,166 INFO  client.GrpcClientProtocolClient (GrpcClientProtocolClient.java:onNext(255)) - client-8BD909272E8D->63cacea9-0392-4939-ad39-80c4c73dd84b: receive RaftClientReply:client-8BD909272E8D->63cacea9-0392-4939-ad39-80c4c73dd84b@group-EE6C16B6C358, cid=2488, SUCCESS, logIndex=3702, commits[63cacea9-0392-4939-ad39-80c4c73dd84b:c3703, bd7b7fea-2a7b-4c3f-852f-c014e42bfcb7:c3699, 3b4aa678-22a6-4ae2-9c6a-0e71cdb9d6d0:c3699]
2019-07-10 03:37:38,166 INFO  client.GrpcClientProtocolClient (GrpcClientProtocolClient.java:onNext(255)) - client-8BD909272E8D->63cacea9-0392-4939-ad39-80c4c73dd84b: receive RaftClientReply:client-8BD909272E8D->63cacea9-0392-4939-ad39-80c4c73dd84b@group-EE6C16B6C358, cid=2489, SUCCESS, logIndex=3703, commits[63cacea9-0392-4939-ad39-80c4c73dd84b:c3703, bd7b7fea-2a7b-4c3f-852f-c014e42bfcb7:c3699, 3b4aa678-22a6-4ae2-9c6a-0e71cdb9d6d0:c3699]
2019-07-10 03:37:38,180 INFO  client.GrpcClientProtocolClient (GrpcClientProtocolClient.java:onNext(255)) - client-8BD909272E8D->63cacea9-0392-4939-ad39-80c4c73dd84b: receive RaftClientReply:client-8BD909272E8D->63cacea9-0392-4939-ad39-80c4c73dd84b@group-EE6C16B6C358, cid=2490, SUCCESS, logIndex=0, commits[63cacea9-0392-4939-ad39-80c4c73dd84b:c3705, bd7b7fea-2a7b-4c3f-852f-c014e42bfcb7:c3701, 3b4aa678-22a6-4ae2-9c6a-0e71cdb9d6d0:c3701]
2019-07-10 03:37:38,193 INFO  client.GrpcClientProtocolClient (GrpcClientProtocolClient.java:onNext(255)) - client-8BD909272E8D->63cacea9-0392-4939-ad39-80c4c73dd84b: receive RaftClientReply:client-8BD909272E8D->63cacea9-0392-4939-ad39-80c4c73dd84b@group-EE6C16B6C358, cid=2491, SUCCESS, logIndex=3708, commits[63cacea9-0392-4939-ad39-80c4c73dd84b:c3709, bd7b7fea-2a7b-4c3f-852f-c014e42bfcb7:c3707, 3b4aa678-22a6-4ae2-9c6a-0e71cdb9d6d0:c3703]
2019-07-10 03:37:38,193 INFO  client.GrpcClientProtocolClient (GrpcClientProtocolClient.java:onNext(255)) - client-8BD909272E8D->63cacea9-0392-4939-ad39-80c4c73dd84b: receive RaftClientReply:client-8BD909272E8D->63cacea9-0392-4939-ad39-80c4c73dd84b@group-EE6C16B6C358, cid=2492, SUCCESS, logIndex=3709, commits[63cacea9-0392-4939-ad39-80c4c73dd84b:c3709, bd7b7fea-2a7b-4c3f-852f-c014e42bfcb7:c3707, 3b4aa678-22a6-4ae2-9c6a-0e71cdb9d6d0:c3703]
2019-07-10 03:37:38,232 INFO  client.GrpcClientProtocolClient (GrpcClientProtocolClient.java:onNext(255)) - client-8BD909272E8D->63cacea9-0392-4939-ad39-80c4c73dd84b: receive RaftClientReply:client-8BD909272E8D->63cacea9-0392-4939-ad39-80c4c73dd84b@group-EE6C16B6C358, cid=2493, SUCCESS, logIndex=3712, commits[63cacea9-0392-4939-ad39-80c4c73dd84b:c3713, bd7b7fea-2a7b-4c3f-852f-c014e42bfcb7:c3709, 3b4aa678-22a6-4ae2-9c6a-0e71cdb9d6d0:c3709]
2019-07-10 03:37:38,232 INFO  client.GrpcClientProtocolClient (GrpcClientProtocolClient.java:onNext(255)) - client-8BD909272E8D->63cacea9-0392-4939-ad39-80c4c73dd84b: receive RaftClientReply:client-8BD909272E8D->63cacea9-0392-4939-ad39-80c4c73dd84b@group-EE6C16B6C358, cid=2494, SUCCESS, logIndex=3713, commits[63cacea9-0392-4939-ad39-80c4c73dd84b:c3713, bd7b7fea-2a7b-4c3f-852f-c014e42bfcb7:c3709, 3b4aa678-22a6-4ae2-9c6a-0e71cdb9d6d0:c3709]
2019-07-10 03:37:38,249 INFO  client.GrpcClientProtocolClient (GrpcClientProtocolClient.java:onNext(255)) - client-8BD909272E8D->63cacea9-0392-4939-ad39-80c4c73dd84b: receive RaftClientReply:client-8BD909272E8D->63cacea9-0392-4939-ad39-80c4c73dd84b@group-EE6C16B6C358, cid=2495, SUCCESS, logIndex=0, commits[63cacea9-0392-4939-ad39-80c4c73dd84b:c3714, bd7b7fea-2a7b-4c3f-852f-c014e42bfcb7:c3713, 3b4aa678-22a6-4ae2-9c6a-0e71cdb9d6d0:c3713]
2019-07-10 03:37:38,277 INFO  client.GrpcClientProtocolClient (GrpcClientProtocolClient.java:onNext(255)) - client-8BD909272E8D->63cacea9-0392-4939-ad39-80c4c73dd84b: receive RaftClientReply:client-8BD909272E8D->63cacea9-0392-4939-ad39-80c4c73dd84b@group-EE6C16B6C358, cid=2496, SUCCESS, logIndex=3716, commits[63cacea9-0392-4939-ad39-80c4c73dd84b:c3717, bd7b7fea-2a7b-4c3f-852f-c014e42bfcb7:c3715, 3b4aa678-22a6-4ae2-9c6a-0e71cdb9d6d0:c3715]
2019-07-10 03:37:38,278 INFO  client.GrpcClientProtocolClient (GrpcClientProtocolClient.java:onNext(255)) - client-8BD909272E8D->63cacea9-0392-4939-ad39-80c4c73dd84b: receive RaftClientReply:client-8BD909272E8D->63cacea9-0392-4939-ad39-80c4c73dd84b@group-EE6C16B6C358, cid=2497, SUCCESS, logIndex=3717, commits[63cacea9-0392-4939-ad39-80c4c73dd84b:c3717, bd7b7fea-2a7b-4c3f-852f-c014e42bfcb7:c3715, 3b4aa678-22a6-4ae2-9c6a-0e71cdb9d6d0:c3715]
2019-07-10 03:37:38,278 INFO  client.GrpcClientProtocolClient (GrpcClientProtocolClient.java:onNext(255)) - client-8BD909272E8D->63cacea9-0392-4939-ad39-80c4c73dd84b: receive RaftClientReply:client-8BD909272E8D->63cacea9-0392-4939-ad39-80c4c73dd84b@group-EE6C16B6C358, cid=2498, SUCCESS, logIndex=3718, commits[63cacea9-0392-4939-ad39-80c4c73dd84b:c3719, bd7b7fea-2a7b-4c3f-852f-c014e42bfcb7:c3715, 3b4aa678-22a6-4ae2-9c6a-0e71cdb9d6d0:c3715]
2019-07-10 03:37:38,279 INFO  client.GrpcClientProtocolClient (GrpcClientProtocolClient.java:onNext(255)) - client-8BD909272E8D->63cacea9-0392-4939-ad39-80c4c73dd84b: receive RaftClientReply:client-8BD909272E8D->63cacea9-0392-4939-ad39-80c4c73dd84b@group-EE6C16B6C358, cid=2499, SUCCESS, logIndex=3719, commits[63cacea9-0392-4939-ad39-80c4c73dd84b:c3719, bd7b7fea-2a7b-4c3f-852f-c014e42bfcb7:c3715, 3b4aa678-22a6-4ae2-9c6a-0e71cdb9d6d0:c3715]
2019-07-10 03:37:38,290 INFO  client.GrpcClientProtocolClient (GrpcClientProtocolClient.java:onNext(255)) - client-8BD909272E8D->63cacea9-0392-4939-ad39-80c4c73dd84b: receive RaftClientReply:client-8BD909272E8D->63cacea9-0392-4939-ad39-80c4c73dd84b@group-EE6C16B6C358, cid=2500, SUCCESS, logIndex=0, commits[63cacea9-0392-4939-ad39-80c4c73dd84b:c3721, bd7b7fea-2a7b-4c3f-852f-c014e42bfcb7:c3717, 3b4aa678-22a6-4ae2-9c6a-0e71cdb9d6d0:c3717]
2019-07-10 03:37:38,311 INFO  client.GrpcClientProtocolClient (GrpcClientProtocolClient.java:onNext(255)) - client-8BD909272E8D->63cacea9-0392-4939-ad39-80c4c73dd84b: receive RaftClientReply:client-8BD909272E8D->63cacea9-0392-4939-ad39-80c4c73dd84b@group-EE6C16B6C358, cid=2501, SUCCESS, logIndex=3724, commits[63cacea9-0392-4939-ad39-80c4c73dd84b:c3725, bd7b7fea-2a7b-4c3f-852f-c014e42bfcb7:c3723, 3b4aa678-22a6-4ae2-9c6a-0e71cdb9d6d0:c3723]
2019-07-10 03:37:38,311 INFO  client.GrpcClientProtocolClient (GrpcClientProtocolClient.java:onNext(255)) - client-8BD909272E8D->63cacea9-0392-4939-ad39-80c4c73dd84b: receive RaftClientReply:client-8BD909272E8D->63cacea9-0392-4939-ad39-80c4c73dd84b@group-EE6C16B6C358, cid=2502, SUCCESS, logIndex=3725, commits[63cacea9-0392-4939-ad39-80c4c73dd84b:c3725, bd7b7fea-2a7b-4c3f-852f-c014e42bfcb7:c3723, 3b4aa678-22a6-4ae2-9c6a-0e71cdb9d6d0:c3723]
2019-07-10 03:37:38,339 INFO  client.GrpcClientProtocolClient (GrpcClientProtocolClient.java:onNext(255)) - client-8BD909272E8D->63cacea9-0392-4939-ad39-80c4c73dd84b: receive RaftClientReply:client-8BD909272E8D->63cacea9-0392-4939-ad39-80c4c73dd84b@group-EE6C16B6C358, cid=2503, SUCCESS, logIndex=3728, commits[63cacea9-0392-4939-ad39-80c4c73dd84b:c3729, bd7b7fea-2a7b-4c3f-852f-c014e42bfcb7:c3724, 3b4aa678-22a6-4ae2-9c6a-0e71cdb9d6d0:c3725]
2019-07-10 03:37:38,339 INFO  client.GrpcClientProtocolClient (GrpcClientProtocolClient.java:onNext(255)) - client-8BD909272E8D->63cacea9-0392-4939-ad39-80c4c73dd84b: receive RaftClientReply:client-8BD909272E8D->63cacea9-0392-4939-ad39-80c4c73dd84b@group-EE6C16B6C358, cid=2504, SUCCESS, logIndex=3729, commits[63cacea9-0392-4939-ad39-80c4c73dd84b:c3729, bd7b7fea-2a7b-4c3f-852f-c014e42bfcb7:c3725, 3b4aa678-22a6-4ae2-9c6a-0e71cdb9d6d0:c3725]
2019-07-10 03:37:38,352 INFO  client.GrpcClientProtocolClient (GrpcClientProtocolClient.java:onNext(255)) - client-8BD909272E8D->63cacea9-0392-4939-ad39-80c4c73dd84b: receive RaftClientReply:client-8BD909272E8D->63cacea9-0392-4939-ad39-80c4c73dd84b@group-EE6C16B6C358, cid=2505, SUCCESS, logIndex=0, commits[63cacea9-0392-4939-ad39-80c4c73dd84b:c3730, bd7b7fea-2a7b-4c3f-852f-c014e42bfcb7:c3729, 3b4aa678-22a6-4ae2-9c6a-0e71cdb9d6d0:c3729]
2019-07-10 03:37:38,385 INFO  client.GrpcClientProtocolClient (GrpcClientProtocolClient.java:onNext(255)) - client-8BD909272E8D->63cacea9-0392-4939-ad39-80c4c73dd84b: receive RaftClientReply:client-8BD909272E8D->63cacea9-0392-4939-ad39-80c4c73dd84b@group-EE6C16B6C358, cid=2506, SUCCESS, logIndex=3732, commits[63cacea9-0392-4939-ad39-80c4c73dd84b:c3733, bd7b7fea-2a7b-4c3f-852f-c014e42bfcb7:c3731, 3b4aa678-22a6-4ae2-9c6a-0e71cdb9d6d0:c3731]
2019-07-10 03:37:38,386 INFO  client.GrpcClientProtocolClient (GrpcClientProtocolClient.java:onNext(255)) - client-8BD909272E8D->63cacea9-0392-4939-ad39-80c4c73dd84b: receive RaftClientReply:client-8BD909272E8D->63cacea9-0392-4939-ad39-80c4c73dd84b@group-EE6C16B6C358, cid=2507, SUCCESS, logIndex=3733, commits[63cacea9-0392-4939-ad39-80c4c73dd84b:c3733, bd7b7fea-2a7b-4c3f-852f-c014e42bfcb7:c3731, 3b4aa678-22a6-4ae2-9c6a-0e71cdb9d6d0:c3731]
2019-07-10 03:37:38,398 INFO  client.GrpcClientProtocolClient (GrpcClientProtocolClient.java:onNext(255)) - client-8BD909272E8D->63cacea9-0392-4939-ad39-80c4c73dd84b: receive RaftClientReply:client-8BD909272E8D->63cacea9-0392-4939-ad39-80c4c73dd84b@group-EE6C16B6C358, cid=2508, SUCCESS, logIndex=3734, commits[63cacea9-0392-4939-ad39-80c4c73dd84b:c3735, bd7b7fea-2a7b-4c3f-852f-c014e42bfcb7:c3731, 3b4aa678-22a6-4ae2-9c6a-0e71cdb9d6d0:c3731]
2019-07-10 03:37:38,398 INFO  client.GrpcClientProtocolClient (GrpcClientProtocolClient.java:onNext(255)) - client-8BD909272E8D->63cacea9-0392-4939-ad39-80c4c73dd84b: receive RaftClientReply:client-8BD909272E8D->63cacea9-0392-4939-ad39-80c4c73dd84b@group-EE6C16B6C358, cid=2509, SUCCESS, logIndex=3735, commits[63cacea9-0392-4939-ad39-80c4c73dd84b:c3735, bd7b7fea-2a7b-4c3f-852f-c014e42bfcb7:c3731, 3b4aa678-22a6-4ae2-9c6a-0e71cdb9d6d0:c3731]
2019-07-10 03:37:38,411 INFO  client.GrpcClientProtocolClient (GrpcClientProtocolClient.java:onNext(255)) - client-8BD909272E8D->63cacea9-0392-4939-ad39-80c4c73dd84b: receive RaftClientReply:client-8BD909272E8D->63cacea9-0392-4939-ad39-80c4c73dd84b@group-EE6C16B6C358, cid=2510, SUCCESS, logIndex=0, commits[63cacea9-0392-4939-ad39-80c4c73dd84b:c3737, bd7b7fea-2a7b-4c3f-852f-c014e42bfcb7:c3733, 3b4aa678-22a6-4ae2-9c6a-0e71cdb9d6d0:c3733]
2019-07-10 03:37:38,432 INFO  client.GrpcClientProtocolClient (GrpcClientProtocolClient.java:onNext(255)) - client-8BD909272E8D->63cacea9-0392-4939-ad39-80c4c73dd84b: receive RaftClientReply:client-8BD909272E8D->63cacea9-0392-4939-ad39-80c4c73dd84b@group-EE6C16B6C358, cid=2511, SUCCESS, logIndex=3740, commits[63cacea9-0392-4939-ad39-80c4c73dd84b:c3741, bd7b7fea-2a7b-4c3f-852f-c014e42bfcb7:c3735, 3b4aa678-22a6-4ae2-9c6a-0e71cdb9d6d0:c3737]
2019-07-10 03:37:38,433 INFO  client.GrpcClientProtocolClient (GrpcClientProtocolClient.java:onNext(255)) - client-8BD909272E8D->63cacea9-0392-4939-ad39-80c4c73dd84b: receive RaftClientReply:client-8BD909272E8D->63cacea9-0392-4939-ad39-80c4c73dd84b@group-EE6C16B6C358, cid=2512, SUCCESS, logIndex=3741, commits[63cacea9-0392-4939-ad39-80c4c73dd84b:c3741, bd7b7fea-2a7b-4c3f-852f-c014e42bfcb7:c3735, 3b4aa678-22a6-4ae2-9c6a-0e71cdb9d6d0:c3737]
2019-07-10 03:37:38,451 INFO  client.GrpcClientProtocolClient (GrpcClientProtocolClient.java:onNext(255)) - client-8BD909272E8D->63cacea9-0392-4939-ad39-80c4c73dd84b: receive RaftClientReply:client-8BD909272E8D->63cacea9-0392-4939-ad39-80c4c73dd84b@group-EE6C16B6C358, cid=2513, SUCCESS, logIndex=3744, commits[63cacea9-0392-4939-ad39-80c4c73dd84b:c3745, bd7b7fea-2a7b-4c3f-852f-c014e42bfcb7:c3741, 3b4aa678-22a6-4ae2-9c6a-0e71cdb9d6d0:c3741]
2019-07-10 03:37:38,451 INFO  client.GrpcClientProtocolClient (GrpcClientProtocolClient.java:onNext(255)) - client-8BD909272E8D->63cacea9-0392-4939-ad39-80c4c73dd84b: receive RaftClientReply:client-8BD909272E8D->63cacea9-0392-4939-ad39-80c4c73dd84b@group-EE6C16B6C358, cid=2514, SUCCESS, logIndex=3745, commits[63cacea9-0392-4939-ad39-80c4c73dd84b:c3745, bd7b7fea-2a7b-4c3f-852f-c014e42bfcb7:c3741, 3b4aa678-22a6-4ae2-9c6a-0e71cdb9d6d0:c3741]
2019-07-10 03:37:38,458 INFO  client.GrpcClientProtocolClient (GrpcClientProtocolClient.java:onNext(255)) - client-8BD909272E8D->63cacea9-0392-4939-ad39-80c4c73dd84b: receive RaftClientReply:client-8BD909272E8D->63cacea9-0392-4939-ad39-80c4c73dd84b@group-EE6C16B6C358, cid=2515, SUCCESS, logIndex=0, commits[63cacea9-0392-4939-ad39-80c4c73dd84b:c3747, bd7b7fea-2a7b-4c3f-852f-c014e42bfcb7:c3745, 3b4aa678-22a6-4ae2-9c6a-0e71cdb9d6d0:c3745]
2019-07-10 03:37:38,481 INFO  client.GrpcClientProtocolClient (GrpcClientProtocolClient.java:onNext(255)) - client-8BD909272E8D->63cacea9-0392-4939-ad39-80c4c73dd84b: receive RaftClientReply:client-8BD909272E8D->63cacea9-0392-4939-ad39-80c4c73dd84b@group-EE6C16B6C358, cid=2516, SUCCESS, logIndex=3748, commits[63cacea9-0392-4939-ad39-80c4c73dd84b:c3749, bd7b7fea-2a7b-4c3f-852f-c014e42bfcb7:c3747, 3b4aa678-22a6-4ae2-9c6a-0e71cdb9d6d0:c3747]
2019-07-10 03:37:38,482 INFO  client.GrpcClientProtocolClient (GrpcClientProtocolClient.java:onNext(255)) - client-8BD909272E8D->63cacea9-0392-4939-ad39-80c4c73dd84b: receive RaftClientReply:client-8BD909272E8D->63cacea9-0392-4939-ad39-80c4c73dd84b@group-EE6C16B6C358, cid=2517, SUCCESS, logIndex=3749, commits[63cacea9-0392-4939-ad39-80c4c73dd84b:c3749, bd7b7fea-2a7b-4c3f-852f-c014e42bfcb7:c3747, 3b4aa678-22a6-4ae2-9c6a-0e71cdb9d6d0:c3747]
2019-07-10 03:37:38,494 INFO  client.GrpcClientProtocolClient (GrpcClientProtocolClient.java:onNext(255)) - client-8BD909272E8D->63cacea9-0392-4939-ad39-80c4c73dd84b: receive RaftClientReply:client-8BD909272E8D->63cacea9-0392-4939-ad39-80c4c73dd84b@group-EE6C16B6C358, cid=2518, SUCCESS, logIndex=3750, commits[63cacea9-0392-4939-ad39-80c4c73dd84b:c3750, bd7b7fea-2a7b-4c3f-852f-c014e42bfcb7:c3747, 3b4aa678-22a6-4ae2-9c6a-0e71cdb9d6d0:c3747]
2019-07-10 03:37:38,494 INFO  client.GrpcClientProtocolClient (GrpcClientProtocolClient.java:onNext(255)) - client-8BD909272E8D->63cacea9-0392-4939-ad39-80c4c73dd84b: receive RaftClientReply:client-8BD909272E8D->63cacea9-0392-4939-ad39-80c4c73dd84b@group-EE6C16B6C358, cid=2519, SUCCESS, logIndex=3751, commits[63cacea9-0392-4939-ad39-80c4c73dd84b:c3753, bd7b7fea-2a7b-4c3f-852f-c014e42bfcb7:c3747, 3b4aa678-22a6-4ae2-9c6a-0e71cdb9d6d0:c3749]
2019-07-10 03:37:38,495 INFO  client.GrpcClientProtocolClient (GrpcClientProtocolClient.java:onNext(255)) - client-8BD909272E8D->63cacea9-0392-4939-ad39-80c4c73dd84b: receive RaftClientReply:client-8BD909272E8D->63cacea9-0392-4939-ad39-80c4c73dd84b@group-EE6C16B6C358, cid=2520, SUCCESS, logIndex=0, commits[63cacea9-0392-4939-ad39-80c4c73dd84b:c3753, bd7b7fea-2a7b-4c3f-852f-c014e42bfcb7:c3749, 3b4aa678-22a6-4ae2-9c6a-0e71cdb9d6d0:c3749]
2019-07-10 03:37:38,528 INFO  client.GrpcClientProtocolClient (GrpcClientProtocolClient.java:onNext(255)) - client-8BD909272E8D->63cacea9-0392-4939-ad39-80c4c73dd84b: receive RaftClientReply:client-8BD909272E8D->63cacea9-0392-4939-ad39-80c4c73dd84b@group-EE6C16B6C358, cid=2521, SUCCESS, logIndex=3755, commits[63cacea9-0392-4939-ad39-80c4c73dd84b:c3756, bd7b7fea-2a7b-4c3f-852f-c014e42bfcb7:c3753, 3b4aa678-22a6-4ae2-9c6a-0e71cdb9d6d0:c3753]
2019-07-10 03:37:38,528 INFO  client.GrpcClientProtocolClient (GrpcClientProtocolClient.java:onNext(255)) - client-8BD909272E8D->63cacea9-0392-4939-ad39-80c4c73dd84b: receive RaftClientReply:client-8BD909272E8D->63cacea9-0392-4939-ad39-80c4c73dd84b@group-EE6C16B6C358, cid=2522, SUCCESS, logIndex=3756, commits[63cacea9-0392-4939-ad39-80c4c73dd84b:c3756, bd7b7fea-2a7b-4c3f-852f-c014e42bfcb7:c3753, 3b4aa678-22a6-4ae2-9c6a-0e71cdb9d6d0:c3753]
2019-07-10 03:37:38,543 INFO  client.GrpcClientProtocolClient (GrpcClientProtocolClient.java:onNext(255)) - client-8BD909272E8D->63cacea9-0392-4939-ad39-80c4c73dd84b: receive RaftClientReply:client-8BD909272E8D->63cacea9-0392-4939-ad39-80c4c73dd84b@group-EE6C16B6C358, cid=2523, SUCCESS, logIndex=3759, commits[63cacea9-0392-4939-ad39-80c4c73dd84b:c3759, bd7b7fea-2a7b-4c3f-852f-c014e42bfcb7:c3756, 3b4aa678-22a6-4ae2-9c6a-0e71cdb9d6d0:c3756]
2019-07-10 03:37:38,543 INFO  client.GrpcClientProtocolClient (GrpcClientProtocolClient.java:onNext(255)) - client-8BD909272E8D->63cacea9-0392-4939-ad39-80c4c73dd84b: receive RaftClientReply:client-8BD909272E8D->63cacea9-0392-4939-ad39-80c4c73dd84b@group-EE6C16B6C358, cid=2524, SUCCESS, logIndex=3760, commits[63cacea9-0392-4939-ad39-80c4c73dd84b:c3760, bd7b7fea-2a7b-4c3f-852f-c014e42bfcb7:c3756, 3b4aa678-22a6-4ae2-9c6a-0e71cdb9d6d0:c3756]
2019-07-10 03:37:38,558 INFO  client.GrpcClientProtocolClient (GrpcClientProtocolClient.java:onNext(255)) - client-8BD909272E8D->63cacea9-0392-4939-ad39-80c4c73dd84b: receive RaftClientReply:client-8BD909272E8D->63cacea9-0392-4939-ad39-80c4c73dd84b@group-EE6C16B6C358, cid=2525, SUCCESS, logIndex=0, commits[63cacea9-0392-4939-ad39-80c4c73dd84b:c3761, bd7b7fea-2a7b-4c3f-852f-c014e42bfcb7:c3760, 3b4aa678-22a6-4ae2-9c6a-0e71cdb9d6d0:c3760]
2019-07-10 03:37:38,587 INFO  client.GrpcClientProtocolClient (GrpcClientProtocolClient.java:onNext(255)) - client-8BD909272E8D->63cacea9-0392-4939-ad39-80c4c73dd84b: receive RaftClientReply:client-8BD909272E8D->63cacea9-0392-4939-ad39-80c4c73dd84b@group-EE6C16B6C358, cid=2526, SUCCESS, logIndex=3763, commits[63cacea9-0392-4939-ad39-80c4c73dd84b:c3764, bd7b7fea-2a7b-4c3f-852f-c014e42bfcb7:c3762, 3b4aa678-22a6-4ae2-9c6a-0e71cdb9d6d0:c3762]
2019-07-10 03:37:38,587 INFO  client.GrpcClientProtocolClient (GrpcClientProtocolClient.java:onNext(255)) - client-8BD909272E8D->63cacea9-0392-4939-ad39-80c4c73dd84b: receive RaftClientReply:client-8BD909272E8D->63cacea9-0392-4939-ad39-80c4c73dd84b@group-EE6C16B6C358, cid=2527, SUCCESS, logIndex=3764, commits[63cacea9-0392-4939-ad39-80c4c73dd84b:c3766, bd7b7fea-2a7b-4c3f-852f-c014e42bfcb7:c3762, 3b4aa678-22a6-4ae2-9c6a-0e71cdb9d6d0:c3762]
2019-07-10 03:37:38,588 INFO  client.GrpcClientProtocolClient (GrpcClientProtocolClient.java:onNext(255)) - client-8BD909272E8D->63cacea9-0392-4939-ad39-80c4c73dd84b: receive RaftClientReply:client-8BD909272E8D->63cacea9-0392-4939-ad39-80c4c73dd84b@group-EE6C16B6C358, cid=2528, SUCCESS, logIndex=3765, commits[63cacea9-0392-4939-ad39-80c4c73dd84b:c3766, bd7b7fea-2a7b-4c3f-852f-c014e42bfcb7:c3762, 3b4aa678-22a6-4ae2-9c6a-0e71cdb9d6d0:c3762]
2019-07-10 03:37:38,588 INFO  client.GrpcClientProtocolClient (GrpcClientProtocolClient.java:onNext(255)) - client-8BD909272E8D->63cacea9-0392-4939-ad39-80c4c73dd84b: receive RaftClientReply:client-8BD909272E8D->63cacea9-0392-4939-ad39-80c4c73dd84b@group-EE6C16B6C358, cid=2529, SUCCESS, logIndex=3766, commits[63cacea9-0392-4939-ad39-80c4c73dd84b:c3766, bd7b7fea-2a7b-4c3f-852f-c014e42bfcb7:c3762, 3b4aa678-22a6-4ae2-9c6a-0e71cdb9d6d0:c3762]
2019-07-10 03:37:38,601 INFO  client.GrpcClientProtocolClient (GrpcClientProtocolClient.java:onNext(255)) - client-8BD909272E8D->63cacea9-0392-4939-ad39-80c4c73dd84b: receive RaftClientReply:client-8BD909272E8D->63cacea9-0392-4939-ad39-80c4c73dd84b@group-EE6C16B6C358, cid=2530, SUCCESS, logIndex=0, commits[63cacea9-0392-4939-ad39-80c4c73dd84b:c3769, bd7b7fea-2a7b-4c3f-852f-c014e42bfcb7:c3764, 3b4aa678-22a6-4ae2-9c6a-0e71cdb9d6d0:c3766]
2019-07-10 03:37:38,620 INFO  client.GrpcClientProtocolClient (GrpcClientProtocolClient.java:onNext(255)) - client-8BD909272E8D->63cacea9-0392-4939-ad39-80c4c73dd84b: receive RaftClientReply:client-8BD909272E8D->63cacea9-0392-4939-ad39-80c4c73dd84b@group-EE6C16B6C358, cid=2531, SUCCESS, logIndex=3770, commits[63cacea9-0392-4939-ad39-80c4c73dd84b:c3771, bd7b7fea-2a7b-4c3f-852f-c014e42bfcb7:c3769, 3b4aa678-22a6-4ae2-9c6a-0e71cdb9d6d0:c3769]
2019-07-10 03:37:38,620 INFO  client.GrpcClientProtocolClient (GrpcClientProtocolClient.java:onNext(255)) - client-8BD909272E8D->63cacea9-0392-4939-ad39-80c4c73dd84b: receive RaftClientReply:client-8BD909272E8D->63cacea9-0392-4939-ad39-80c4c73dd84b@group-EE6C16B6C358, cid=2532, SUCCESS, logIndex=3771, commits[63cacea9-0392-4939-ad39-80c4c73dd84b:c3771, bd7b7fea-2a7b-4c3f-852f-c014e42bfcb7:c3769, 3b4aa678-22a6-4ae2-9c6a-0e71cdb9d6d0:c3769]
2019-07-10 03:37:38,647 INFO  client.GrpcClientProtocolClient (GrpcClientProtocolClient.java:onNext(255)) - client-8BD909272E8D->63cacea9-0392-4939-ad39-80c4c73dd84b: receive RaftClientReply:client-8BD909272E8D->63cacea9-0392-4939-ad39-80c4c73dd84b@group-EE6C16B6C358, cid=2533, SUCCESS, logIndex=3774, commits[63cacea9-0392-4939-ad39-80c4c73dd84b:c3775, bd7b7fea-2a7b-4c3f-852f-c014e42bfcb7:c3771, 3b4aa678-22a6-4ae2-9c6a-0e71cdb9d6d0:c3771]
2019-07-10 03:37:38,648 INFO  client.GrpcClientProtocolClient (GrpcClientProtocolClient.java:onNext(255)) - client-8BD909272E8D->63cacea9-0392-4939-ad39-80c4c73dd84b: receive RaftClientReply:client-8BD909272E8D->63cacea9-0392-4939-ad39-80c4c73dd84b@group-EE6C16B6C358, cid=2534, SUCCESS, logIndex=3775, commits[63cacea9-0392-4939-ad39-80c4c73dd84b:c3775, bd7b7fea-2a7b-4c3f-852f-c014e42bfcb7:c3771, 3b4aa678-22a6-4ae2-9c6a-0e71cdb9d6d0:c3771]
2019-07-10 03:37:38,673 INFO  client.GrpcClientProtocolClient (GrpcClientProtocolClient.java:onNext(255)) - client-8BD909272E8D->63cacea9-0392-4939-ad39-80c4c73dd84b: receive RaftClientReply:client-8BD909272E8D->63cacea9-0392-4939-ad39-80c4c73dd84b@group-EE6C16B6C358, cid=2535, SUCCESS, logIndex=0, commits[63cacea9-0392-4939-ad39-80c4c73dd84b:c3776, bd7b7fea-2a7b-4c3f-852f-c014e42bfcb7:c3775, 3b4aa678-22a6-4ae2-9c6a-0e71cdb9d6d0:c3775]
2019-07-10 03:37:38,705 INFO  client.GrpcClientProtocolClient (GrpcClientProtocolClient.java:onNext(255)) - client-8BD909272E8D->63cacea9-0392-4939-ad39-80c4c73dd84b: receive RaftClientReply:client-8BD909272E8D->63cacea9-0392-4939-ad39-80c4c73dd84b@group-EE6C16B6C358, cid=2536, SUCCESS, logIndex=3778, commits[63cacea9-0392-4939-ad39-80c4c73dd84b:c3780, bd7b7fea-2a7b-4c3f-852f-c014e42bfcb7:c3777, 3b4aa678-22a6-4ae2-9c6a-0e71cdb9d6d0:c3777]
2019-07-10 03:37:38,705 INFO  client.GrpcClientProtocolClient (GrpcClientProtocolClient.java:onNext(255)) - client-8BD909272E8D->63cacea9-0392-4939-ad39-80c4c73dd84b: receive RaftClientReply:client-8BD909272E8D->63cacea9-0392-4939-ad39-80c4c73dd84b@group-EE6C16B6C358, cid=2537, SUCCESS, logIndex=3779, commits[63cacea9-0392-4939-ad39-80c4c73dd84b:c3781, bd7b7fea-2a7b-4c3f-852f-c014e42bfcb7:c3777, 3b4aa678-22a6-4ae2-9c6a-0e71cdb9d6d0:c3777]
2019-07-10 03:37:38,706 INFO  client.GrpcClientProtocolClient (GrpcClientProtocolClient.java:onNext(255)) - client-8BD909272E8D->63cacea9-0392-4939-ad39-80c4c73dd84b: receive RaftClientReply:client-8BD909272E8D->63cacea9-0392-4939-ad39-80c4c73dd84b@group-EE6C16B6C358, cid=2538, SUCCESS, logIndex=3780, commits[63cacea9-0392-4939-ad39-80c4c73dd84b:c3781, bd7b7fea-2a7b-4c3f-852f-c014e42bfcb7:c3777, 3b4aa678-22a6-4ae2-9c6a-0e71cdb9d6d0:c3777]
2019-07-10 03:37:38,706 INFO  client.GrpcClientProtocolClient (GrpcClientProtocolClient.java:onNext(255)) - client-8BD909272E8D->63cacea9-0392-4939-ad39-80c4c73dd84b: receive RaftClientReply:client-8BD909272E8D->63cacea9-0392-4939-ad39-80c4c73dd84b@group-EE6C16B6C358, cid=2539, SUCCESS, logIndex=3781, commits[63cacea9-0392-4939-ad39-80c4c73dd84b:c3781, bd7b7fea-2a7b-4c3f-852f-c014e42bfcb7:c3777, 3b4aa678-22a6-4ae2-9c6a-0e71cdb9d6d0:c3777]
2019-07-10 03:37:38,718 INFO  client.GrpcClientProtocolClient (GrpcClientProtocolClient.java:onNext(255)) - client-8BD909272E8D->63cacea9-0392-4939-ad39-80c4c73dd84b: receive RaftClientReply:client-8BD909272E8D->63cacea9-0392-4939-ad39-80c4c73dd84b@group-EE6C16B6C358, cid=2540, SUCCESS, logIndex=0, commits[63cacea9-0392-4939-ad39-80c4c73dd84b:c3781, bd7b7fea-2a7b-4c3f-852f-c014e42bfcb7:c3779, 3b4aa678-22a6-4ae2-9c6a-0e71cdb9d6d0:c3779]
 0.00% |█                                                                                                    |  0/1 Time: 0:00:212019-07-10 03:37:38,744 INFO  client.GrpcClientProtocolClient (GrpcClientProtocolClient.java:onNext(255)) - client-8BD909272E8D->63cacea9-0392-4939-ad39-80c4c73dd84b: receive RaftClientReply:client-8BD909272E8D->63cacea9-0392-4939-ad39-80c4c73dd84b@group-EE6C16B6C358, cid=2541, SUCCESS, logIndex=3786, commits[63cacea9-0392-4939-ad39-80c4c73dd84b:c3787, bd7b7fea-2a7b-4c3f-852f-c014e42bfcb7:c3782, 3b4aa678-22a6-4ae2-9c6a-0e71cdb9d6d0:c3782]
2019-07-10 03:37:38,744 INFO  client.GrpcClientProtocolClient (GrpcClientProtocolClient.java:onNext(255)) - client-8BD909272E8D->63cacea9-0392-4939-ad39-80c4c73dd84b: receive RaftClientReply:client-8BD909272E8D->63cacea9-0392-4939-ad39-80c4c73dd84b@group-EE6C16B6C358, cid=2542, SUCCESS, logIndex=3787, commits[63cacea9-0392-4939-ad39-80c4c73dd84b:c3787, bd7b7fea-2a7b-4c3f-852f-c014e42bfcb7:c3782, 3b4aa678-22a6-4ae2-9c6a-0e71cdb9d6d0:c3782]
2019-07-10 03:37:38,775 INFO  client.GrpcClientProtocolClient (GrpcClientProtocolClient.java:onNext(255)) - client-8BD909272E8D->63cacea9-0392-4939-ad39-80c4c73dd84b: receive RaftClientReply:client-8BD909272E8D->63cacea9-0392-4939-ad39-80c4c73dd84b@group-EE6C16B6C358, cid=2543, SUCCESS, logIndex=3790, commits[63cacea9-0392-4939-ad39-80c4c73dd84b:c3791, bd7b7fea-2a7b-4c3f-852f-c014e42bfcb7:c3787, 3b4aa678-22a6-4ae2-9c6a-0e71cdb9d6d0:c3787]
2019-07-10 03:37:38,775 INFO  client.GrpcClientProtocolClient (GrpcClientProtocolClient.java:onNext(255)) - client-8BD909272E8D->63cacea9-0392-4939-ad39-80c4c73dd84b: receive RaftClientReply:client-8BD909272E8D->63cacea9-0392-4939-ad39-80c4c73dd84b@group-EE6C16B6C358, cid=2544, SUCCESS, logIndex=3791, commits[63cacea9-0392-4939-ad39-80c4c73dd84b:c3791, bd7b7fea-2a7b-4c3f-852f-c014e42bfcb7:c3787, 3b4aa678-22a6-4ae2-9c6a-0e71cdb9d6d0:c3787]
2019-07-10 03:37:38,784 INFO  client.GrpcClientProtocolClient (GrpcClientProtocolClient.java:onNext(255)) - client-8BD909272E8D->63cacea9-0392-4939-ad39-80c4c73dd84b: receive RaftClientReply:client-8BD909272E8D->63cacea9-0392-4939-ad39-80c4c73dd84b@group-EE6C16B6C358, cid=2545, SUCCESS, logIndex=0, commits[63cacea9-0392-4939-ad39-80c4c73dd84b:c3792, bd7b7fea-2a7b-4c3f-852f-c014e42bfcb7:c3791, 3b4aa678-22a6-4ae2-9c6a-0e71cdb9d6d0:c3791]
2019-07-10 03:37:38,815 INFO  client.GrpcClientProtocolClient (GrpcClientProtocolClient.java:onNext(255)) - client-8BD909272E8D->63cacea9-0392-4939-ad39-80c4c73dd84b: receive RaftClientReply:client-8BD909272E8D->63cacea9-0392-4939-ad39-80c4c73dd84b@group-EE6C16B6C358, cid=2546, SUCCESS, logIndex=3794, commits[63cacea9-0392-4939-ad39-80c4c73dd84b:c3795, bd7b7fea-2a7b-4c3f-852f-c014e42bfcb7:c3793, 3b4aa678-22a6-4ae2-9c6a-0e71cdb9d6d0:c3793]
2019-07-10 03:37:38,816 INFO  client.GrpcClientProtocolClient (GrpcClientProtocolClient.java:onNext(255)) - client-8BD909272E8D->63cacea9-0392-4939-ad39-80c4c73dd84b: receive RaftClientReply:client-8BD909272E8D->63cacea9-0392-4939-ad39-80c4c73dd84b@group-EE6C16B6C358, cid=2547, SUCCESS, logIndex=3795, commits[63cacea9-0392-4939-ad39-80c4c73dd84b:c3797, bd7b7fea-2a7b-4c3f-852f-c014e42bfcb7:c3793, 3b4aa678-22a6-4ae2-9c6a-0e71cdb9d6d0:c3793]
2019-07-10 03:37:38,816 INFO  client.GrpcClientProtocolClient (GrpcClientProtocolClient.java:onNext(255)) - client-8BD909272E8D->63cacea9-0392-4939-ad39-80c4c73dd84b: receive RaftClientReply:client-8BD909272E8D->63cacea9-0392-4939-ad39-80c4c73dd84b@group-EE6C16B6C358, cid=2548, SUCCESS, logIndex=3796, commits[63cacea9-0392-4939-ad39-80c4c73dd84b:c3797, bd7b7fea-2a7b-4c3f-852f-c014e42bfcb7:c3793, 3b4aa678-22a6-4ae2-9c6a-0e71cdb9d6d0:c3793]
2019-07-10 03:37:38,816 INFO  client.GrpcClientProtocolClient (GrpcClientProtocolClient.java:onNext(255)) - client-8BD909272E8D->63cacea9-0392-4939-ad39-80c4c73dd84b: receive RaftClientReply:client-8BD909272E8D->63cacea9-0392-4939-ad39-80c4c73dd84b@group-EE6C16B6C358, cid=2549, SUCCESS, logIndex=3797, commits[63cacea9-0392-4939-ad39-80c4c73dd84b:c3797, bd7b7fea-2a7b-4c3f-852f-c014e42bfcb7:c3793, 3b4aa678-22a6-4ae2-9c6a-0e71cdb9d6d0:c3793]
2019-07-10 03:37:38,827 INFO  client.GrpcClientProtocolClient (GrpcClientProtocolClient.java:onNext(255)) - client-8BD909272E8D->63cacea9-0392-4939-ad39-80c4c73dd84b: receive RaftClientReply:client-8BD909272E8D->63cacea9-0392-4939-ad39-80c4c73dd84b@group-EE6C16B6C358, cid=2550, SUCCESS, logIndex=0, commits[63cacea9-0392-4939-ad39-80c4c73dd84b:c3799, bd7b7fea-2a7b-4c3f-852f-c014e42bfcb7:c3795, 3b4aa678-22a6-4ae2-9c6a-0e71cdb9d6d0:c3795]
2019-07-10 03:37:38,846 INFO  client.GrpcClientProtocolClient (GrpcClientProtocolClient.java:onNext(255)) - client-8BD909272E8D->63cacea9-0392-4939-ad39-80c4c73dd84b: receive RaftClientReply:client-8BD909272E8D->63cacea9-0392-4939-ad39-80c4c73dd84b@group-EE6C16B6C358, cid=2551, SUCCESS, logIndex=3802, commits[63cacea9-0392-4939-ad39-80c4c73dd84b:c3803, bd7b7fea-2a7b-4c3f-852f-c014e42bfcb7:c3801, 3b4aa678-22a6-4ae2-9c6a-0e71cdb9d6d0:c3801]
2019-07-10 03:37:38,846 INFO  client.GrpcClientProtocolClient (GrpcClientProtocolClient.java:onNext(255)) - client-8BD909272E8D->63cacea9-0392-4939-ad39-80c4c73dd84b: receive RaftClientReply:client-8BD909272E8D->63cacea9-0392-4939-ad39-80c4c73dd84b@group-EE6C16B6C358, cid=2552, SUCCESS, logIndex=3803, commits[63cacea9-0392-4939-ad39-80c4c73dd84b:c3803, bd7b7fea-2a7b-4c3f-852f-c014e42bfcb7:c3801, 3b4aa678-22a6-4ae2-9c6a-0e71cdb9d6d0:c3801]
2019-07-10 03:37:38,873 INFO  client.GrpcClientProtocolClient (GrpcClientProtocolClient.java:onNext(255)) - client-8BD909272E8D->63cacea9-0392-4939-ad39-80c4c73dd84b: receive RaftClientReply:client-8BD909272E8D->63cacea9-0392-4939-ad39-80c4c73dd84b@group-EE6C16B6C358, cid=2553, SUCCESS, logIndex=3806, commits[63cacea9-0392-4939-ad39-80c4c73dd84b:c3807, bd7b7fea-2a7b-4c3f-852f-c014e42bfcb7:c3803, 3b4aa678-22a6-4ae2-9c6a-0e71cdb9d6d0:c3803]
2019-07-10 03:37:38,874 INFO  client.GrpcClientProtocolClient (GrpcClientProtocolClient.java:onNext(255)) - client-8BD909272E8D->63cacea9-0392-4939-ad39-80c4c73dd84b: receive RaftClientReply:client-8BD909272E8D->63cacea9-0392-4939-ad39-80c4c73dd84b@group-EE6C16B6C358, cid=2554, SUCCESS, logIndex=3807, commits[63cacea9-0392-4939-ad39-80c4c73dd84b:c3807, bd7b7fea-2a7b-4c3f-852f-c014e42bfcb7:c3803, 3b4aa678-22a6-4ae2-9c6a-0e71cdb9d6d0:c3803]
2019-07-10 03:37:38,899 INFO  client.GrpcClientProtocolClient (GrpcClientProtocolClient.java:onNext(255)) - client-8BD909272E8D->63cacea9-0392-4939-ad39-80c4c73dd84b: receive RaftClientReply:client-8BD909272E8D->63cacea9-0392-4939-ad39-80c4c73dd84b@group-EE6C16B6C358, cid=2555, SUCCESS, logIndex=0, commits[63cacea9-0392-4939-ad39-80c4c73dd84b:c3809, bd7b7fea-2a7b-4c3f-852f-c014e42bfcb7:c3807, 3b4aa678-22a6-4ae2-9c6a-0e71cdb9d6d0:c3807]
2019-07-10 03:37:38,928 INFO  client.GrpcClientProtocolClient (GrpcClientProtocolClient.java:onNext(255)) - client-8BD909272E8D->63cacea9-0392-4939-ad39-80c4c73dd84b: receive RaftClientReply:client-8BD909272E8D->63cacea9-0392-4939-ad39-80c4c73dd84b@group-EE6C16B6C358, cid=2556, SUCCESS, logIndex=3810, commits[63cacea9-0392-4939-ad39-80c4c73dd84b:c3811, bd7b7fea-2a7b-4c3f-852f-c014e42bfcb7:c3809, 3b4aa678-22a6-4ae2-9c6a-0e71cdb9d6d0:c3809]
2019-07-10 03:37:38,929 INFO  client.GrpcClientProtocolClient (GrpcClientProtocolClient.java:onNext(255)) - client-8BD909272E8D->63cacea9-0392-4939-ad39-80c4c73dd84b: receive RaftClientReply:client-8BD909272E8D->63cacea9-0392-4939-ad39-80c4c73dd84b@group-EE6C16B6C358, cid=2557, SUCCESS, logIndex=3811, commits[63cacea9-0392-4939-ad39-80c4c73dd84b:c3811, bd7b7fea-2a7b-4c3f-852f-c014e42bfcb7:c3809, 3b4aa678-22a6-4ae2-9c6a-0e71cdb9d6d0:c3809]
2019-07-10 03:37:38,939 INFO  client.GrpcClientProtocolClient (GrpcClientProtocolClient.java:onNext(255)) - client-8BD909272E8D->63cacea9-0392-4939-ad39-80c4c73dd84b: receive RaftClientReply:client-8BD909272E8D->63cacea9-0392-4939-ad39-80c4c73dd84b@group-EE6C16B6C358, cid=2558, SUCCESS, logIndex=3812, commits[63cacea9-0392-4939-ad39-80c4c73dd84b:c3813, bd7b7fea-2a7b-4c3f-852f-c014e42bfcb7:c3809, 3b4aa678-22a6-4ae2-9c6a-0e71cdb9d6d0:c3809]
2019-07-10 03:37:38,939 INFO  client.GrpcClientProtocolClient (GrpcClientProtocolClient.java:onNext(255)) - client-8BD909272E8D->63cacea9-0392-4939-ad39-80c4c73dd84b: receive RaftClientReply:client-8BD909272E8D->63cacea9-0392-4939-ad39-80c4c73dd84b@group-EE6C16B6C358, cid=2559, SUCCESS, logIndex=3813, commits[63cacea9-0392-4939-ad39-80c4c73dd84b:c3813, bd7b7fea-2a7b-4c3f-852f-c014e42bfcb7:c3809, 3b4aa678-22a6-4ae2-9c6a-0e71cdb9d6d0:c3809]
2019-07-10 03:37:38,943 INFO  client.GrpcClientProtocolClient (GrpcClientProtocolClient.java:onNext(255)) - client-8BD909272E8D->63cacea9-0392-4939-ad39-80c4c73dd84b: receive RaftClientReply:client-8BD909272E8D->63cacea9-0392-4939-ad39-80c4c73dd84b@group-EE6C16B6C358, cid=2560, SUCCESS, logIndex=0, commits[63cacea9-0392-4939-ad39-80c4c73dd84b:c3816, bd7b7fea-2a7b-4c3f-852f-c014e42bfcb7:c3813, 3b4aa678-22a6-4ae2-9c6a-0e71cdb9d6d0:c3811]
2019-07-10 03:37:38,967 INFO  client.GrpcClientProtocolClient (GrpcClientProtocolClient.java:onNext(255)) - client-8BD909272E8D->63cacea9-0392-4939-ad39-80c4c73dd84b: receive RaftClientReply:client-8BD909272E8D->63cacea9-0392-4939-ad39-80c4c73dd84b@group-EE6C16B6C358, cid=2561, SUCCESS, logIndex=3817, commits[63cacea9-0392-4939-ad39-80c4c73dd84b:c3818, bd7b7fea-2a7b-4c3f-852f-c014e42bfcb7:c3816, 3b4aa678-22a6-4ae2-9c6a-0e71cdb9d6d0:c3816]
2019-07-10 03:37:38,967 INFO  client.GrpcClientProtocolClient (GrpcClientProtocolClient.java:onNext(255)) - client-8BD909272E8D->63cacea9-0392-4939-ad39-80c4c73dd84b: receive RaftClientReply:client-8BD909272E8D->63cacea9-0392-4939-ad39-80c4c73dd84b@group-EE6C16B6C358, cid=2562, SUCCESS, logIndex=3818, commits[63cacea9-0392-4939-ad39-80c4c73dd84b:c3818, bd7b7fea-2a7b-4c3f-852f-c014e42bfcb7:c3816, 3b4aa678-22a6-4ae2-9c6a-0e71cdb9d6d0:c3816]
2019-07-10 03:37:38,984 INFO  client.GrpcClientProtocolClient (GrpcClientProtocolClient.java:onNext(255)) - client-8BD909272E8D->63cacea9-0392-4939-ad39-80c4c73dd84b: receive RaftClientReply:client-8BD909272E8D->63cacea9-0392-4939-ad39-80c4c73dd84b@group-EE6C16B6C358, cid=2563, SUCCESS, logIndex=3821, commits[63cacea9-0392-4939-ad39-80c4c73dd84b:c3822, bd7b7fea-2a7b-4c3f-852f-c014e42bfcb7:c3818, 3b4aa678-22a6-4ae2-9c6a-0e71cdb9d6d0:c3818]
2019-07-10 03:37:38,984 INFO  client.GrpcClientProtocolClient (GrpcClientProtocolClient.java:onNext(255)) - client-8BD909272E8D->63cacea9-0392-4939-ad39-80c4c73dd84b: receive RaftClientReply:client-8BD909272E8D->63cacea9-0392-4939-ad39-80c4c73dd84b@group-EE6C16B6C358, cid=2564, SUCCESS, logIndex=3822, commits[63cacea9-0392-4939-ad39-80c4c73dd84b:c3822, bd7b7fea-2a7b-4c3f-852f-c014e42bfcb7:c3818, 3b4aa678-22a6-4ae2-9c6a-0e71cdb9d6d0:c3818]
2019-07-10 03:37:39,007 INFO  client.GrpcClientProtocolClient (GrpcClientProtocolClient.java:onNext(255)) - client-8BD909272E8D->63cacea9-0392-4939-ad39-80c4c73dd84b: receive RaftClientReply:client-8BD909272E8D->63cacea9-0392-4939-ad39-80c4c73dd84b@group-EE6C16B6C358, cid=2565, SUCCESS, logIndex=0, commits[63cacea9-0392-4939-ad39-80c4c73dd84b:c3823, bd7b7fea-2a7b-4c3f-852f-c014e42bfcb7:c3822, 3b4aa678-22a6-4ae2-9c6a-0e71cdb9d6d0:c3822]
2019-07-10 03:37:39,041 INFO  client.GrpcClientProtocolClient (GrpcClientProtocolClient.java:onNext(255)) - client-8BD909272E8D->63cacea9-0392-4939-ad39-80c4c73dd84b: receive RaftClientReply:client-8BD909272E8D->63cacea9-0392-4939-ad39-80c4c73dd84b@group-EE6C16B6C358, cid=2566, SUCCESS, logIndex=3825, commits[63cacea9-0392-4939-ad39-80c4c73dd84b:c3828, bd7b7fea-2a7b-4c3f-852f-c014e42bfcb7:c3824, 3b4aa678-22a6-4ae2-9c6a-0e71cdb9d6d0:c3824]
2019-07-10 03:37:39,042 INFO  client.GrpcClientProtocolClient (GrpcClientProtocolClient.java:onNext(255)) - client-8BD909272E8D->63cacea9-0392-4939-ad39-80c4c73dd84b: receive RaftClientReply:client-8BD909272E8D->63cacea9-0392-4939-ad39-80c4c73dd84b@group-EE6C16B6C358, cid=2567, SUCCESS, logIndex=3826, commits[63cacea9-0392-4939-ad39-80c4c73dd84b:c3828, bd7b7fea-2a7b-4c3f-852f-c014e42bfcb7:c3824, 3b4aa678-22a6-4ae2-9c6a-0e71cdb9d6d0:c3824]
2019-07-10 03:37:39,042 INFO  client.GrpcClientProtocolClient (GrpcClientProtocolClient.java:onNext(255)) - client-8BD909272E8D->63cacea9-0392-4939-ad39-80c4c73dd84b: receive RaftClientReply:client-8BD909272E8D->63cacea9-0392-4939-ad39-80c4c73dd84b@group-EE6C16B6C358, cid=2568, SUCCESS, logIndex=3827, commits[63cacea9-0392-4939-ad39-80c4c73dd84b:c3829, bd7b7fea-2a7b-4c3f-852f-c014e42bfcb7:c3824, 3b4aa678-22a6-4ae2-9c6a-0e71cdb9d6d0:c3825]
2019-07-10 03:37:39,042 INFO  client.GrpcClientProtocolClient (GrpcClientProtocolClient.java:onNext(255)) - client-8BD909272E8D->63cacea9-0392-4939-ad39-80c4c73dd84b: receive RaftClientReply:client-8BD909272E8D->63cacea9-0392-4939-ad39-80c4c73dd84b@group-EE6C16B6C358, cid=2569, SUCCESS, logIndex=3828, commits[63cacea9-0392-4939-ad39-80c4c73dd84b:c3829, bd7b7fea-2a7b-4c3f-852f-c014e42bfcb7:c3824, 3b4aa678-22a6-4ae2-9c6a-0e71cdb9d6d0:c3825]
2019-07-10 03:37:39,055 INFO  client.GrpcClientProtocolClient (GrpcClientProtocolClient.java:onNext(255)) - client-8BD909272E8D->63cacea9-0392-4939-ad39-80c4c73dd84b: receive RaftClientReply:client-8BD909272E8D->63cacea9-0392-4939-ad39-80c4c73dd84b@group-EE6C16B6C358, cid=2570, SUCCESS, logIndex=0, commits[63cacea9-0392-4939-ad39-80c4c73dd84b:c3831, bd7b7fea-2a7b-4c3f-852f-c014e42bfcb7:c3827, 3b4aa678-22a6-4ae2-9c6a-0e71cdb9d6d0:c3826]
2019-07-10 03:37:39,076 INFO  client.GrpcClientProtocolClient (GrpcClientProtocolClient.java:onNext(255)) - client-8BD909272E8D->63cacea9-0392-4939-ad39-80c4c73dd84b: receive RaftClientReply:client-8BD909272E8D->63cacea9-0392-4939-ad39-80c4c73dd84b@group-EE6C16B6C358, cid=2571, SUCCESS, logIndex=3833, commits[63cacea9-0392-4939-ad39-80c4c73dd84b:c3833, bd7b7fea-2a7b-4c3f-852f-c014e42bfcb7:c3832, 3b4aa678-22a6-4ae2-9c6a-0e71cdb9d6d0:c3832]
2019-07-10 03:37:39,076 INFO  client.GrpcClientProtocolClient (GrpcClientProtocolClient.java:onNext(255)) - client-8BD909272E8D->63cacea9-0392-4939-ad39-80c4c73dd84b: receive RaftClientReply:client-8BD909272E8D->63cacea9-0392-4939-ad39-80c4c73dd84b@group-EE6C16B6C358, cid=2572, SUCCESS, logIndex=3834, commits[63cacea9-0392-4939-ad39-80c4c73dd84b:c3834, bd7b7fea-2a7b-4c3f-852f-c014e42bfcb7:c3832, 3b4aa678-22a6-4ae2-9c6a-0e71cdb9d6d0:c3832]
2019-07-10 03:37:39,090 INFO  client.GrpcClientProtocolClient (GrpcClientProtocolClient.java:onNext(255)) - client-8BD909272E8D->63cacea9-0392-4939-ad39-80c4c73dd84b: receive RaftClientReply:client-8BD909272E8D->63cacea9-0392-4939-ad39-80c4c73dd84b@group-EE6C16B6C358, cid=2573, SUCCESS, logIndex=3837, commits[63cacea9-0392-4939-ad39-80c4c73dd84b:c3838, bd7b7fea-2a7b-4c3f-852f-c014e42bfcb7:c3833, 3b4aa678-22a6-4ae2-9c6a-0e71cdb9d6d0:c3834]
2019-07-10 03:37:39,090 INFO  client.GrpcClientProtocolClient (GrpcClientProtocolClient.java:onNext(255)) - client-8BD909272E8D->63cacea9-0392-4939-ad39-80c4c73dd84b: receive RaftClientReply:client-8BD909272E8D->63cacea9-0392-4939-ad39-80c4c73dd84b@group-EE6C16B6C358, cid=2574, SUCCESS, logIndex=3838, commits[63cacea9-0392-4939-ad39-80c4c73dd84b:c3838, bd7b7fea-2a7b-4c3f-852f-c014e42bfcb7:c3834, 3b4aa678-22a6-4ae2-9c6a-0e71cdb9d6d0:c3834]
2019-07-10 03:37:39,117 INFO  client.GrpcClientProtocolClient (GrpcClientProtocolClient.java:onNext(255)) - client-8BD909272E8D->63cacea9-0392-4939-ad39-80c4c73dd84b: receive RaftClientReply:client-8BD909272E8D->63cacea9-0392-4939-ad39-80c4c73dd84b@group-EE6C16B6C358, cid=2575, SUCCESS, logIndex=0, commits[63cacea9-0392-4939-ad39-80c4c73dd84b:c3840, bd7b7fea-2a7b-4c3f-852f-c014e42bfcb7:c3838, 3b4aa678-22a6-4ae2-9c6a-0e71cdb9d6d0:c3838]
2019-07-10 03:37:39,277 INFO  client.GrpcClientProtocolClient (GrpcClientProtocolClient.java:onNext(255)) - client-8BD909272E8D->63cacea9-0392-4939-ad39-80c4c73dd84b: receive RaftClientReply:client-8BD909272E8D->63cacea9-0392-4939-ad39-80c4c73dd84b@group-EE6C16B6C358, cid=2576, SUCCESS, logIndex=3841, commits[63cacea9-0392-4939-ad39-80c4c73dd84b:c3842, bd7b7fea-2a7b-4c3f-852f-c014e42bfcb7:c3840, 3b4aa678-22a6-4ae2-9c6a-0e71cdb9d6d0:c3840]
2019-07-10 03:37:39,277 INFO  client.GrpcClientProtocolClient (GrpcClientProtocolClient.java:onNext(255)) - client-8BD909272E8D->63cacea9-0392-4939-ad39-80c4c73dd84b: receive RaftClientReply:client-8BD909272E8D->63cacea9-0392-4939-ad39-80c4c73dd84b@group-EE6C16B6C358, cid=2577, SUCCESS, logIndex=3842, commits[63cacea9-0392-4939-ad39-80c4c73dd84b:c3844, bd7b7fea-2a7b-4c3f-852f-c014e42bfcb7:c3840, 3b4aa678-22a6-4ae2-9c6a-0e71cdb9d6d0:c3840]
2019-07-10 03:37:39,278 INFO  client.GrpcClientProtocolClient (GrpcClientProtocolClient.java:onNext(255)) - client-8BD909272E8D->63cacea9-0392-4939-ad39-80c4c73dd84b: receive RaftClientReply:client-8BD909272E8D->63cacea9-0392-4939-ad39-80c4c73dd84b@group-EE6C16B6C358, cid=2578, SUCCESS, logIndex=3843, commits[63cacea9-0392-4939-ad39-80c4c73dd84b:c3844, bd7b7fea-2a7b-4c3f-852f-c014e42bfcb7:c3840, 3b4aa678-22a6-4ae2-9c6a-0e71cdb9d6d0:c3840]
2019-07-10 03:37:39,278 INFO  client.GrpcClientProtocolClient (GrpcClientProtocolClient.java:onNext(255)) - client-8BD909272E8D->63cacea9-0392-4939-ad39-80c4c73dd84b: receive RaftClientReply:client-8BD909272E8D->63cacea9-0392-4939-ad39-80c4c73dd84b@group-EE6C16B6C358, cid=2579, SUCCESS, logIndex=3844, commits[63cacea9-0392-4939-ad39-80c4c73dd84b:c3844, bd7b7fea-2a7b-4c3f-852f-c014e42bfcb7:c3840, 3b4aa678-22a6-4ae2-9c6a-0e71cdb9d6d0:c3840]
2019-07-10 03:37:39,291 INFO  client.GrpcClientProtocolClient (GrpcClientProtocolClient.java:onNext(255)) - client-8BD909272E8D->63cacea9-0392-4939-ad39-80c4c73dd84b: receive RaftClientReply:client-8BD909272E8D->63cacea9-0392-4939-ad39-80c4c73dd84b@group-EE6C16B6C358, cid=2580, SUCCESS, logIndex=0, commits[63cacea9-0392-4939-ad39-80c4c73dd84b:c3845, bd7b7fea-2a7b-4c3f-852f-c014e42bfcb7:c3842, 3b4aa678-22a6-4ae2-9c6a-0e71cdb9d6d0:c3842]
2019-07-10 03:37:39,316 INFO  client.GrpcClientProtocolClient (GrpcClientProtocolClient.java:onNext(255)) - client-8BD909272E8D->63cacea9-0392-4939-ad39-80c4c73dd84b: receive RaftClientReply:client-8BD909272E8D->63cacea9-0392-4939-ad39-80c4c73dd84b@group-EE6C16B6C358, cid=2581, SUCCESS, logIndex=3849, commits[63cacea9-0392-4939-ad39-80c4c73dd84b:c3850, bd7b7fea-2a7b-4c3f-852f-c014e42bfcb7:c3848, 3b4aa678-22a6-4ae2-9c6a-0e71cdb9d6d0:c3848]
2019-07-10 03:37:39,317 INFO  client.GrpcClientProtocolClient (GrpcClientProtocolClient.java:onNext(255)) - client-8BD909272E8D->63cacea9-0392-4939-ad39-80c4c73dd84b: receive RaftClientReply:client-8BD909272E8D->63cacea9-0392-4939-ad39-80c4c73dd84b@group-EE6C16B6C358, cid=2582, SUCCESS, logIndex=3850, commits[63cacea9-0392-4939-ad39-80c4c73dd84b:c3850, bd7b7fea-2a7b-4c3f-852f-c014e42bfcb7:c3848, 3b4aa678-22a6-4ae2-9c6a-0e71cdb9d6d0:c3848]
2019-07-10 03:37:39,343 INFO  client.GrpcClientProtocolClient (GrpcClientProtocolClient.java:onNext(255)) - client-8BD909272E8D->63cacea9-0392-4939-ad39-80c4c73dd84b: receive RaftClientReply:client-8BD909272E8D->63cacea9-0392-4939-ad39-80c4c73dd84b@group-EE6C16B6C358, cid=2583, SUCCESS, logIndex=3853, commits[63cacea9-0392-4939-ad39-80c4c73dd84b:c3854, bd7b7fea-2a7b-4c3f-852f-c014e42bfcb7:c3850, 3b4aa678-22a6-4ae2-9c6a-0e71cdb9d6d0:c3850]
2019-07-10 03:37:39,344 INFO  client.GrpcClientProtocolClient (GrpcClientProtocolClient.java:onNext(255)) - client-8BD909272E8D->63cacea9-0392-4939-ad39-80c4c73dd84b: receive RaftClientReply:client-8BD909272E8D->63cacea9-0392-4939-ad39-80c4c73dd84b@group-EE6C16B6C358, cid=2584, SUCCESS, logIndex=3854, commits[63cacea9-0392-4939-ad39-80c4c73dd84b:c3854, bd7b7fea-2a7b-4c3f-852f-c014e42bfcb7:c3850, 3b4aa678-22a6-4ae2-9c6a-0e71cdb9d6d0:c3850]
2019-07-10 03:37:39,357 INFO  client.GrpcClientProtocolClient (GrpcClientProtocolClient.java:onNext(255)) - client-8BD909272E8D->63cacea9-0392-4939-ad39-80c4c73dd84b: receive RaftClientReply:client-8BD909272E8D->63cacea9-0392-4939-ad39-80c4c73dd84b@group-EE6C16B6C358, cid=2585, SUCCESS, logIndex=0, commits[63cacea9-0392-4939-ad39-80c4c73dd84b:c3855, bd7b7fea-2a7b-4c3f-852f-c014e42bfcb7:c3854, 3b4aa678-22a6-4ae2-9c6a-0e71cdb9d6d0:c3854]
2019-07-10 03:37:39,389 INFO  client.GrpcClientProtocolClient (GrpcClientProtocolClient.java:onNext(255)) - client-8BD909272E8D->63cacea9-0392-4939-ad39-80c4c73dd84b: receive RaftClientReply:client-8BD909272E8D->63cacea9-0392-4939-ad39-80c4c73dd84b@group-EE6C16B6C358, cid=2586, SUCCESS, logIndex=3857, commits[63cacea9-0392-4939-ad39-80c4c73dd84b:c3858, bd7b7fea-2a7b-4c3f-852f-c014e42bfcb7:c3856, 3b4aa678-22a6-4ae2-9c6a-0e71cdb9d6d0:c3856]
2019-07-10 03:37:39,389 INFO  client.GrpcClientProtocolClient (GrpcClientProtocolClient.java:onNext(255)) - client-8BD909272E8D->63cacea9-0392-4939-ad39-80c4c73dd84b: receive RaftClientReply:client-8BD909272E8D->63cacea9-0392-4939-ad39-80c4c73dd84b@group-EE6C16B6C358, cid=2587, SUCCESS, logIndex=3858, commits[63cacea9-0392-4939-ad39-80c4c73dd84b:c3858, bd7b7fea-2a7b-4c3f-852f-c014e42bfcb7:c3856, 3b4aa678-22a6-4ae2-9c6a-0e71cdb9d6d0:c3856]
2019-07-10 03:37:39,398 INFO  client.GrpcClientProtocolClient (GrpcClientProtocolClient.java:onNext(255)) - client-8BD909272E8D->63cacea9-0392-4939-ad39-80c4c73dd84b: receive RaftClientReply:client-8BD909272E8D->63cacea9-0392-4939-ad39-80c4c73dd84b@group-EE6C16B6C358, cid=2588, SUCCESS, logIndex=3859, commits[63cacea9-0392-4939-ad39-80c4c73dd84b:c3860, bd7b7fea-2a7b-4c3f-852f-c014e42bfcb7:c3856, 3b4aa678-22a6-4ae2-9c6a-0e71cdb9d6d0:c3856]
2019-07-10 03:37:39,399 INFO  client.GrpcClientProtocolClient (GrpcClientProtocolClient.java:onNext(255)) - client-8BD909272E8D->63cacea9-0392-4939-ad39-80c4c73dd84b: receive RaftClientReply:client-8BD909272E8D->63cacea9-0392-4939-ad39-80c4c73dd84b@group-EE6C16B6C358, cid=2589, SUCCESS, logIndex=3860, commits[63cacea9-0392-4939-ad39-80c4c73dd84b:c3860, bd7b7fea-2a7b-4c3f-852f-c014e42bfcb7:c3856, 3b4aa678-22a6-4ae2-9c6a-0e71cdb9d6d0:c3856]
2019-07-10 03:37:39,414 INFO  client.GrpcClientProtocolClient (GrpcClientProtocolClient.java:onNext(255)) - client-8BD909272E8D->63cacea9-0392-4939-ad39-80c4c73dd84b: receive RaftClientReply:client-8BD909272E8D->63cacea9-0392-4939-ad39-80c4c73dd84b@group-EE6C16B6C358, cid=2590, SUCCESS, logIndex=0, commits[63cacea9-0392-4939-ad39-80c4c73dd84b:c3862, bd7b7fea-2a7b-4c3f-852f-c014e42bfcb7:c3858, 3b4aa678-22a6-4ae2-9c6a-0e71cdb9d6d0:c3858]
2019-07-10 03:37:39,438 INFO  client.GrpcClientProtocolClient (GrpcClientProtocolClient.java:onNext(255)) - client-8BD909272E8D->63cacea9-0392-4939-ad39-80c4c73dd84b: receive RaftClientReply:client-8BD909272E8D->63cacea9-0392-4939-ad39-80c4c73dd84b@group-EE6C16B6C358, cid=2591, SUCCESS, logIndex=3864, commits[63cacea9-0392-4939-ad39-80c4c73dd84b:c3865, bd7b7fea-2a7b-4c3f-852f-c014e42bfcb7:c3862, 3b4aa678-22a6-4ae2-9c6a-0e71cdb9d6d0:c3860]
2019-07-10 03:37:39,438 INFO  client.GrpcClientProtocolClient (GrpcClientProtocolClient.java:onNext(255)) - client-8BD909272E8D->63cacea9-0392-4939-ad39-80c4c73dd84b: receive RaftClientReply:client-8BD909272E8D->63cacea9-0392-4939-ad39-80c4c73dd84b@group-EE6C16B6C358, cid=2592, SUCCESS, logIndex=3865, commits[63cacea9-0392-4939-ad39-80c4c73dd84b:c3865, bd7b7fea-2a7b-4c3f-852f-c014e42bfcb7:c3862, 3b4aa678-22a6-4ae2-9c6a-0e71cdb9d6d0:c3862]
2019-07-10 03:37:39,452 INFO  client.GrpcClientProtocolClient (GrpcClientProtocolClient.java:onNext(255)) - client-8BD909272E8D->63cacea9-0392-4939-ad39-80c4c73dd84b: receive RaftClientReply:client-8BD909272E8D->63cacea9-0392-4939-ad39-80c4c73dd84b@group-EE6C16B6C358, cid=2593, SUCCESS, logIndex=3868, commits[63cacea9-0392-4939-ad39-80c4c73dd84b:c3869, bd7b7fea-2a7b-4c3f-852f-c014e42bfcb7:c3865, 3b4aa678-22a6-4ae2-9c6a-0e71cdb9d6d0:c3867]
2019-07-10 03:37:39,452 INFO  client.GrpcClientProtocolClient (GrpcClientProtocolClient.java:onNext(255)) - client-8BD909272E8D->63cacea9-0392-4939-ad39-80c4c73dd84b: receive RaftClientReply:client-8BD909272E8D->63cacea9-0392-4939-ad39-80c4c73dd84b@group-EE6C16B6C358, cid=2594, SUCCESS, logIndex=3869, commits[63cacea9-0392-4939-ad39-80c4c73dd84b:c3869, bd7b7fea-2a7b-4c3f-852f-c014e42bfcb7:c3867, 3b4aa678-22a6-4ae2-9c6a-0e71cdb9d6d0:c3867]
2019-07-10 03:37:39,456 INFO  client.GrpcClientProtocolClient (GrpcClientProtocolClient.java:onNext(255)) - client-8BD909272E8D->63cacea9-0392-4939-ad39-80c4c73dd84b: receive RaftClientReply:client-8BD909272E8D->63cacea9-0392-4939-ad39-80c4c73dd84b@group-EE6C16B6C358, cid=2595, SUCCESS, logIndex=0, commits[63cacea9-0392-4939-ad39-80c4c73dd84b:c3870, bd7b7fea-2a7b-4c3f-852f-c014e42bfcb7:c3869, 3b4aa678-22a6-4ae2-9c6a-0e71cdb9d6d0:c3869]
2019-07-10 03:37:39,485 INFO  client.GrpcClientProtocolClient (GrpcClientProtocolClient.java:onNext(255)) - client-8BD909272E8D->63cacea9-0392-4939-ad39-80c4c73dd84b: receive RaftClientReply:client-8BD909272E8D->63cacea9-0392-4939-ad39-80c4c73dd84b@group-EE6C16B6C358, cid=2596, SUCCESS, logIndex=3872, commits[63cacea9-0392-4939-ad39-80c4c73dd84b:c3873, bd7b7fea-2a7b-4c3f-852f-c014e42bfcb7:c3871, 3b4aa678-22a6-4ae2-9c6a-0e71cdb9d6d0:c3871]
2019-07-10 03:37:39,486 INFO  client.GrpcClientProtocolClient (GrpcClientProtocolClient.java:onNext(255)) - client-8BD909272E8D->63cacea9-0392-4939-ad39-80c4c73dd84b: receive RaftClientReply:client-8BD909272E8D->63cacea9-0392-4939-ad39-80c4c73dd84b@group-EE6C16B6C358, cid=2597, SUCCESS, logIndex=3873, commits[63cacea9-0392-4939-ad39-80c4c73dd84b:c3875, bd7b7fea-2a7b-4c3f-852f-c014e42bfcb7:c3871, 3b4aa678-22a6-4ae2-9c6a-0e71cdb9d6d0:c3871]
2019-07-10 03:37:39,486 INFO  client.GrpcClientProtocolClient (GrpcClientProtocolClient.java:onNext(255)) - client-8BD909272E8D->63cacea9-0392-4939-ad39-80c4c73dd84b: receive RaftClientReply:client-8BD909272E8D->63cacea9-0392-4939-ad39-80c4c73dd84b@group-EE6C16B6C358, cid=2598, SUCCESS, logIndex=3874, commits[63cacea9-0392-4939-ad39-80c4c73dd84b:c3875, bd7b7fea-2a7b-4c3f-852f-c014e42bfcb7:c3871, 3b4aa678-22a6-4ae2-9c6a-0e71cdb9d6d0:c3871]
2019-07-10 03:37:39,486 INFO  client.GrpcClientProtocolClient (GrpcClientProtocolClient.java:onNext(255)) - client-8BD909272E8D->63cacea9-0392-4939-ad39-80c4c73dd84b: receive RaftClientReply:client-8BD909272E8D->63cacea9-0392-4939-ad39-80c4c73dd84b@group-EE6C16B6C358, cid=2599, SUCCESS, logIndex=3875, commits[63cacea9-0392-4939-ad39-80c4c73dd84b:c3875, bd7b7fea-2a7b-4c3f-852f-c014e42bfcb7:c3871, 3b4aa678-22a6-4ae2-9c6a-0e71cdb9d6d0:c3871]
2019-07-10 03:37:39,492 INFO  client.GrpcClientProtocolClient (GrpcClientProtocolClient.java:onNext(255)) - client-8BD909272E8D->63cacea9-0392-4939-ad39-80c4c73dd84b: receive RaftClientReply:client-8BD909272E8D->63cacea9-0392-4939-ad39-80c4c73dd84b@group-EE6C16B6C358, cid=2600, SUCCESS, logIndex=0, commits[63cacea9-0392-4939-ad39-80c4c73dd84b:c3878, bd7b7fea-2a7b-4c3f-852f-c014e42bfcb7:c3873, 3b4aa678-22a6-4ae2-9c6a-0e71cdb9d6d0:c3874]
2019-07-10 03:37:39,522 INFO  client.GrpcClientProtocolClient (GrpcClientProtocolClient.java:onNext(255)) - client-8BD909272E8D->63cacea9-0392-4939-ad39-80c4c73dd84b: receive RaftClientReply:client-8BD909272E8D->63cacea9-0392-4939-ad39-80c4c73dd84b@group-EE6C16B6C358, cid=2601, SUCCESS, logIndex=3880, commits[63cacea9-0392-4939-ad39-80c4c73dd84b:c3881, bd7b7fea-2a7b-4c3f-852f-c014e42bfcb7:c3879, 3b4aa678-22a6-4ae2-9c6a-0e71cdb9d6d0:c3879]
2019-07-10 03:37:39,523 INFO  client.GrpcClientProtocolClient (GrpcClientProtocolClient.java:onNext(255)) - client-8BD909272E8D->63cacea9-0392-4939-ad39-80c4c73dd84b: receive RaftClientReply:client-8BD909272E8D->63cacea9-0392-4939-ad39-80c4c73dd84b@group-EE6C16B6C358, cid=2602, SUCCESS, logIndex=3881, commits[63cacea9-0392-4939-ad39-80c4c73dd84b:c3881, bd7b7fea-2a7b-4c3f-852f-c014e42bfcb7:c3879, 3b4aa678-22a6-4ae2-9c6a-0e71cdb9d6d0:c3879]
2019-07-10 03:37:39,547 INFO  client.GrpcClientProtocolClient (GrpcClientProtocolClient.java:onNext(255)) - client-8BD909272E8D->63cacea9-0392-4939-ad39-80c4c73dd84b: receive RaftClientReply:client-8BD909272E8D->63cacea9-0392-4939-ad39-80c4c73dd84b@group-EE6C16B6C358, cid=2603, SUCCESS, logIndex=3884, commits[63cacea9-0392-4939-ad39-80c4c73dd84b:c3885, bd7b7fea-2a7b-4c3f-852f-c014e42bfcb7:c3881, 3b4aa678-22a6-4ae2-9c6a-0e71cdb9d6d0:c3881]
2019-07-10 03:37:39,547 INFO  client.GrpcClientProtocolClient (GrpcClientProtocolClient.java:onNext(255)) - client-8BD909272E8D->63cacea9-0392-4939-ad39-80c4c73dd84b: receive RaftClientReply:client-8BD909272E8D->63cacea9-0392-4939-ad39-80c4c73dd84b@group-EE6C16B6C358, cid=2604, SUCCESS, logIndex=3885, commits[63cacea9-0392-4939-ad39-80c4c73dd84b:c3885, bd7b7fea-2a7b-4c3f-852f-c014e42bfcb7:c3881, 3b4aa678-22a6-4ae2-9c6a-0e71cdb9d6d0:c3881]
2019-07-10 03:37:39,561 INFO  client.GrpcClientProtocolClient (GrpcClientProtocolClient.java:onNext(255)) - client-8BD909272E8D->63cacea9-0392-4939-ad39-80c4c73dd84b: receive RaftClientReply:client-8BD909272E8D->63cacea9-0392-4939-ad39-80c4c73dd84b@group-EE6C16B6C358, cid=2605, SUCCESS, logIndex=0, commits[63cacea9-0392-4939-ad39-80c4c73dd84b:c3887, bd7b7fea-2a7b-4c3f-852f-c014e42bfcb7:c3885, 3b4aa678-22a6-4ae2-9c6a-0e71cdb9d6d0:c3885]
2019-07-10 03:37:39,596 INFO  client.GrpcClientProtocolClient (GrpcClientProtocolClient.java:onNext(255)) - client-8BD909272E8D->63cacea9-0392-4939-ad39-80c4c73dd84b: receive RaftClientReply:client-8BD909272E8D->63cacea9-0392-4939-ad39-80c4c73dd84b@group-EE6C16B6C358, cid=2606, SUCCESS, logIndex=3888, commits[63cacea9-0392-4939-ad39-80c4c73dd84b:c3889, bd7b7fea-2a7b-4c3f-852f-c014e42bfcb7:c3887, 3b4aa678-22a6-4ae2-9c6a-0e71cdb9d6d0:c3887]
2019-07-10 03:37:39,596 INFO  client.GrpcClientProtocolClient (GrpcClientProtocolClient.java:onNext(255)) - client-8BD909272E8D->63cacea9-0392-4939-ad39-80c4c73dd84b: receive RaftClientReply:client-8BD909272E8D->63cacea9-0392-4939-ad39-80c4c73dd84b@group-EE6C16B6C358, cid=2607, SUCCESS, logIndex=3889, commits[63cacea9-0392-4939-ad39-80c4c73dd84b:c3891, bd7b7fea-2a7b-4c3f-852f-c014e42bfcb7:c3887, 3b4aa678-22a6-4ae2-9c6a-0e71cdb9d6d0:c3887]
2019-07-10 03:37:39,597 INFO  client.GrpcClientProtocolClient (GrpcClientProtocolClient.java:onNext(255)) - client-8BD909272E8D->63cacea9-0392-4939-ad39-80c4c73dd84b: receive RaftClientReply:client-8BD909272E8D->63cacea9-0392-4939-ad39-80c4c73dd84b@group-EE6C16B6C358, cid=2608, SUCCESS, logIndex=3890, commits[63cacea9-0392-4939-ad39-80c4c73dd84b:c3891, bd7b7fea-2a7b-4c3f-852f-c014e42bfcb7:c3887, 3b4aa678-22a6-4ae2-9c6a-0e71cdb9d6d0:c3887]
2019-07-10 03:37:39,597 INFO  client.GrpcClientProtocolClient (GrpcClientProtocolClient.java:onNext(255)) - client-8BD909272E8D->63cacea9-0392-4939-ad39-80c4c73dd84b: receive RaftClientReply:client-8BD909272E8D->63cacea9-0392-4939-ad39-80c4c73dd84b@group-EE6C16B6C358, cid=2609, SUCCESS, logIndex=3891, commits[63cacea9-0392-4939-ad39-80c4c73dd84b:c3891, bd7b7fea-2a7b-4c3f-852f-c014e42bfcb7:c3887, 3b4aa678-22a6-4ae2-9c6a-0e71cdb9d6d0:c3887]
2019-07-10 03:37:39,609 INFO  client.GrpcClientProtocolClient (GrpcClientProtocolClient.java:onNext(255)) - client-8BD909272E8D->63cacea9-0392-4939-ad39-80c4c73dd84b: receive RaftClientReply:client-8BD909272E8D->63cacea9-0392-4939-ad39-80c4c73dd84b@group-EE6C16B6C358, cid=2610, SUCCESS, logIndex=0, commits[63cacea9-0392-4939-ad39-80c4c73dd84b:c3893, bd7b7fea-2a7b-4c3f-852f-c014e42bfcb7:c3889, 3b4aa678-22a6-4ae2-9c6a-0e71cdb9d6d0:c3889]
2019-07-10 03:37:39,630 INFO  client.GrpcClientProtocolClient (GrpcClientProtocolClient.java:onNext(255)) - client-8BD909272E8D->63cacea9-0392-4939-ad39-80c4c73dd84b: receive RaftClientReply:client-8BD909272E8D->63cacea9-0392-4939-ad39-80c4c73dd84b@group-EE6C16B6C358, cid=2611, SUCCESS, logIndex=3895, commits[63cacea9-0392-4939-ad39-80c4c73dd84b:c3896, bd7b7fea-2a7b-4c3f-852f-c014e42bfcb7:c3894, 3b4aa678-22a6-4ae2-9c6a-0e71cdb9d6d0:c3894]
2019-07-10 03:37:39,630 INFO  client.GrpcClientProtocolClient (GrpcClientProtocolClient.java:onNext(255)) - client-8BD909272E8D->63cacea9-0392-4939-ad39-80c4c73dd84b: receive RaftClientReply:client-8BD909272E8D->63cacea9-0392-4939-ad39-80c4c73dd84b@group-EE6C16B6C358, cid=2612, SUCCESS, logIndex=3896, commits[63cacea9-0392-4939-ad39-80c4c73dd84b:c3896, bd7b7fea-2a7b-4c3f-852f-c014e42bfcb7:c3894, 3b4aa678-22a6-4ae2-9c6a-0e71cdb9d6d0:c3894]
2019-07-10 03:37:39,658 INFO  client.GrpcClientProtocolClient (GrpcClientProtocolClient.java:onNext(255)) - client-8BD909272E8D->63cacea9-0392-4939-ad39-80c4c73dd84b: receive RaftClientReply:client-8BD909272E8D->63cacea9-0392-4939-ad39-80c4c73dd84b@group-EE6C16B6C358, cid=2613, SUCCESS, logIndex=3899, commits[63cacea9-0392-4939-ad39-80c4c73dd84b:c3900, bd7b7fea-2a7b-4c3f-852f-c014e42bfcb7:c3896, 3b4aa678-22a6-4ae2-9c6a-0e71cdb9d6d0:c3896]
2019-07-10 03:37:39,658 INFO  client.GrpcClientProtocolClient (GrpcClientProtocolClient.java:onNext(255)) - client-8BD909272E8D->63cacea9-0392-4939-ad39-80c4c73dd84b: receive RaftClientReply:client-8BD909272E8D->63cacea9-0392-4939-ad39-80c4c73dd84b@group-EE6C16B6C358, cid=2614, SUCCESS, logIndex=3900, commits[63cacea9-0392-4939-ad39-80c4c73dd84b:c3900, bd7b7fea-2a7b-4c3f-852f-c014e42bfcb7:c3896, 3b4aa678-22a6-4ae2-9c6a-0e71cdb9d6d0:c3896]
2019-07-10 03:37:39,671 INFO  client.GrpcClientProtocolClient (GrpcClientProtocolClient.java:onNext(255)) - client-8BD909272E8D->63cacea9-0392-4939-ad39-80c4c73dd84b: receive RaftClientReply:client-8BD909272E8D->63cacea9-0392-4939-ad39-80c4c73dd84b@group-EE6C16B6C358, cid=2615, SUCCESS, logIndex=0, commits[63cacea9-0392-4939-ad39-80c4c73dd84b:c3901, bd7b7fea-2a7b-4c3f-852f-c014e42bfcb7:c3900, 3b4aa678-22a6-4ae2-9c6a-0e71cdb9d6d0:c3900]
2019-07-10 03:37:39,702 INFO  client.GrpcClientProtocolClient (GrpcClientProtocolClient.java:onNext(255)) - client-8BD909272E8D->63cacea9-0392-4939-ad39-80c4c73dd84b: receive RaftClientReply:client-8BD909272E8D->63cacea9-0392-4939-ad39-80c4c73dd84b@group-EE6C16B6C358, cid=2616, SUCCESS, logIndex=3903, commits[63cacea9-0392-4939-ad39-80c4c73dd84b:c3904, bd7b7fea-2a7b-4c3f-852f-c014e42bfcb7:c3902, 3b4aa678-22a6-4ae2-9c6a-0e71cdb9d6d0:c3902]
2019-07-10 03:37:39,703 INFO  client.GrpcClientProtocolClient (GrpcClientProtocolClient.java:onNext(255)) - client-8BD909272E8D->63cacea9-0392-4939-ad39-80c4c73dd84b: receive RaftClientReply:client-8BD909272E8D->63cacea9-0392-4939-ad39-80c4c73dd84b@group-EE6C16B6C358, cid=2617, SUCCESS, logIndex=3904, commits[63cacea9-0392-4939-ad39-80c4c73dd84b:c3904, bd7b7fea-2a7b-4c3f-852f-c014e42bfcb7:c3902, 3b4aa678-22a6-4ae2-9c6a-0e71cdb9d6d0:c3902]
2019-07-10 03:37:39,710 INFO  client.GrpcClientProtocolClient (GrpcClientProtocolClient.java:onNext(255)) - client-8BD909272E8D->63cacea9-0392-4939-ad39-80c4c73dd84b: receive RaftClientReply:client-8BD909272E8D->63cacea9-0392-4939-ad39-80c4c73dd84b@group-EE6C16B6C358, cid=2618, SUCCESS, logIndex=3905, commits[63cacea9-0392-4939-ad39-80c4c73dd84b:c3906, bd7b7fea-2a7b-4c3f-852f-c014e42bfcb7:c3902, 3b4aa678-22a6-4ae2-9c6a-0e71cdb9d6d0:c3902]
2019-07-10 03:37:39,711 INFO  client.GrpcClientProtocolClient (GrpcClientProtocolClient.java:onNext(255)) - client-8BD909272E8D->63cacea9-0392-4939-ad39-80c4c73dd84b: receive RaftClientReply:client-8BD909272E8D->63cacea9-0392-4939-ad39-80c4c73dd84b@group-EE6C16B6C358, cid=2619, SUCCESS, logIndex=3906, commits[63cacea9-0392-4939-ad39-80c4c73dd84b:c3906, bd7b7fea-2a7b-4c3f-852f-c014e42bfcb7:c3902, 3b4aa678-22a6-4ae2-9c6a-0e71cdb9d6d0:c3902]
2019-07-10 03:37:39,726 INFO  client.GrpcClientProtocolClient (GrpcClientProtocolClient.java:onNext(255)) - client-8BD909272E8D->63cacea9-0392-4939-ad39-80c4c73dd84b: receive RaftClientReply:client-8BD909272E8D->63cacea9-0392-4939-ad39-80c4c73dd84b@group-EE6C16B6C358, cid=2620, SUCCESS, logIndex=0, commits[63cacea9-0392-4939-ad39-80c4c73dd84b:c3908, bd7b7fea-2a7b-4c3f-852f-c014e42bfcb7:c3904, 3b4aa678-22a6-4ae2-9c6a-0e71cdb9d6d0:c3904]
 0.00% |█                                                                                                    |  0/1 Time: 0:00:222019-07-10 03:37:39,749 INFO  client.GrpcClientProtocolClient (GrpcClientProtocolClient.java:onNext(255)) - client-8BD909272E8D->63cacea9-0392-4939-ad39-80c4c73dd84b: receive RaftClientReply:client-8BD909272E8D->63cacea9-0392-4939-ad39-80c4c73dd84b@group-EE6C16B6C358, cid=2621, SUCCESS, logIndex=3910, commits[63cacea9-0392-4939-ad39-80c4c73dd84b:c3911, bd7b7fea-2a7b-4c3f-852f-c014e42bfcb7:c3909, 3b4aa678-22a6-4ae2-9c6a-0e71cdb9d6d0:c3909]
2019-07-10 03:37:39,750 INFO  client.GrpcClientProtocolClient (GrpcClientProtocolClient.java:onNext(255)) - client-8BD909272E8D->63cacea9-0392-4939-ad39-80c4c73dd84b: receive RaftClientReply:client-8BD909272E8D->63cacea9-0392-4939-ad39-80c4c73dd84b@group-EE6C16B6C358, cid=2622, SUCCESS, logIndex=3911, commits[63cacea9-0392-4939-ad39-80c4c73dd84b:c3911, bd7b7fea-2a7b-4c3f-852f-c014e42bfcb7:c3909, 3b4aa678-22a6-4ae2-9c6a-0e71cdb9d6d0:c3909]
2019-07-10 03:37:39,770 INFO  client.GrpcClientProtocolClient (GrpcClientProtocolClient.java:onNext(255)) - client-8BD909272E8D->63cacea9-0392-4939-ad39-80c4c73dd84b: receive RaftClientReply:client-8BD909272E8D->63cacea9-0392-4939-ad39-80c4c73dd84b@group-EE6C16B6C358, cid=2623, SUCCESS, logIndex=3914, commits[63cacea9-0392-4939-ad39-80c4c73dd84b:c3915, bd7b7fea-2a7b-4c3f-852f-c014e42bfcb7:c3911, 3b4aa678-22a6-4ae2-9c6a-0e71cdb9d6d0:c3911]
2019-07-10 03:37:39,770 INFO  client.GrpcClientProtocolClient (GrpcClientProtocolClient.java:onNext(255)) - client-8BD909272E8D->63cacea9-0392-4939-ad39-80c4c73dd84b: receive RaftClientReply:client-8BD909272E8D->63cacea9-0392-4939-ad39-80c4c73dd84b@group-EE6C16B6C358, cid=2624, SUCCESS, logIndex=3915, commits[63cacea9-0392-4939-ad39-80c4c73dd84b:c3915, bd7b7fea-2a7b-4c3f-852f-c014e42bfcb7:c3911, 3b4aa678-22a6-4ae2-9c6a-0e71cdb9d6d0:c3911]
2019-07-10 03:37:39,779 INFO  client.GrpcClientProtocolClient (GrpcClientProtocolClient.java:onNext(255)) - client-8BD909272E8D->63cacea9-0392-4939-ad39-80c4c73dd84b: receive RaftClientReply:client-8BD909272E8D->63cacea9-0392-4939-ad39-80c4c73dd84b@group-EE6C16B6C358, cid=2625, SUCCESS, logIndex=0, commits[63cacea9-0392-4939-ad39-80c4c73dd84b:c3917, bd7b7fea-2a7b-4c3f-852f-c014e42bfcb7:c3915, 3b4aa678-22a6-4ae2-9c6a-0e71cdb9d6d0:c3915]
2019-07-10 03:37:39,814 INFO  client.GrpcClientProtocolClient (GrpcClientProtocolClient.java:onNext(255)) - client-8BD909272E8D->63cacea9-0392-4939-ad39-80c4c73dd84b: receive RaftClientReply:client-8BD909272E8D->63cacea9-0392-4939-ad39-80c4c73dd84b@group-EE6C16B6C358, cid=2626, SUCCESS, logIndex=3918, commits[63cacea9-0392-4939-ad39-80c4c73dd84b:c3919, bd7b7fea-2a7b-4c3f-852f-c014e42bfcb7:c3917, 3b4aa678-22a6-4ae2-9c6a-0e71cdb9d6d0:c3917]
2019-07-10 03:37:39,815 INFO  client.GrpcClientProtocolClient (GrpcClientProtocolClient.java:onNext(255)) - client-8BD909272E8D->63cacea9-0392-4939-ad39-80c4c73dd84b: receive RaftClientReply:client-8BD909272E8D->63cacea9-0392-4939-ad39-80c4c73dd84b@group-EE6C16B6C358, cid=2627, SUCCESS, logIndex=3919, commits[63cacea9-0392-4939-ad39-80c4c73dd84b:c3921, bd7b7fea-2a7b-4c3f-852f-c014e42bfcb7:c3917, 3b4aa678-22a6-4ae2-9c6a-0e71cdb9d6d0:c3917]
2019-07-10 03:37:39,815 INFO  client.GrpcClientProtocolClient (GrpcClientProtocolClient.java:onNext(255)) - client-8BD909272E8D->63cacea9-0392-4939-ad39-80c4c73dd84b: receive RaftClientReply:client-8BD909272E8D->63cacea9-0392-4939-ad39-80c4c73dd84b@group-EE6C16B6C358, cid=2628, SUCCESS, logIndex=3920, commits[63cacea9-0392-4939-ad39-80c4c73dd84b:c3921, bd7b7fea-2a7b-4c3f-852f-c014e42bfcb7:c3917, 3b4aa678-22a6-4ae2-9c6a-0e71cdb9d6d0:c3917]
2019-07-10 03:37:39,816 INFO  client.GrpcClientProtocolClient (GrpcClientProtocolClient.java:onNext(255)) - client-8BD909272E8D->63cacea9-0392-4939-ad39-80c4c73dd84b: receive RaftClientReply:client-8BD909272E8D->63cacea9-0392-4939-ad39-80c4c73dd84b@group-EE6C16B6C358, cid=2629, SUCCESS, logIndex=3921, commits[63cacea9-0392-4939-ad39-80c4c73dd84b:c3921, bd7b7fea-2a7b-4c3f-852f-c014e42bfcb7:c3917, 3b4aa678-22a6-4ae2-9c6a-0e71cdb9d6d0:c3917]
2019-07-10 03:37:39,829 INFO  client.GrpcClientProtocolClient (GrpcClientProtocolClient.java:onNext(255)) - client-8BD909272E8D->63cacea9-0392-4939-ad39-80c4c73dd84b: receive RaftClientReply:client-8BD909272E8D->63cacea9-0392-4939-ad39-80c4c73dd84b@group-EE6C16B6C358, cid=2630, SUCCESS, logIndex=0, commits[63cacea9-0392-4939-ad39-80c4c73dd84b:c3924, bd7b7fea-2a7b-4c3f-852f-c014e42bfcb7:c3919, 3b4aa678-22a6-4ae2-9c6a-0e71cdb9d6d0:c3921]
2019-07-10 03:37:39,851 INFO  client.GrpcClientProtocolClient (GrpcClientProtocolClient.java:onNext(255)) - client-8BD909272E8D->63cacea9-0392-4939-ad39-80c4c73dd84b: receive RaftClientReply:client-8BD909272E8D->63cacea9-0392-4939-ad39-80c4c73dd84b@group-EE6C16B6C358, cid=2631, SUCCESS, logIndex=3925, commits[63cacea9-0392-4939-ad39-80c4c73dd84b:c3926, bd7b7fea-2a7b-4c3f-852f-c014e42bfcb7:c3924, 3b4aa678-22a6-4ae2-9c6a-0e71cdb9d6d0:c3924]
2019-07-10 03:37:39,851 INFO  client.GrpcClientProtocolClient (GrpcClientProtocolClient.java:onNext(255)) - client-8BD909272E8D->63cacea9-0392-4939-ad39-80c4c73dd84b: receive RaftClientReply:client-8BD909272E8D->63cacea9-0392-4939-ad39-80c4c73dd84b@group-EE6C16B6C358, cid=2632, SUCCESS, logIndex=3926, commits[63cacea9-0392-4939-ad39-80c4c73dd84b:c3926, bd7b7fea-2a7b-4c3f-852f-c014e42bfcb7:c3924, 3b4aa678-22a6-4ae2-9c6a-0e71cdb9d6d0:c3924]
2019-07-10 03:37:39,877 INFO  client.GrpcClientProtocolClient (GrpcClientProtocolClient.java:onNext(255)) - client-8BD909272E8D->63cacea9-0392-4939-ad39-80c4c73dd84b: receive RaftClientReply:client-8BD909272E8D->63cacea9-0392-4939-ad39-80c4c73dd84b@group-EE6C16B6C358, cid=2633, SUCCESS, logIndex=3929, commits[63cacea9-0392-4939-ad39-80c4c73dd84b:c3930, bd7b7fea-2a7b-4c3f-852f-c014e42bfcb7:c3926, 3b4aa678-22a6-4ae2-9c6a-0e71cdb9d6d0:c3926]
2019-07-10 03:37:39,878 INFO  client.GrpcClientProtocolClient (GrpcClientProtocolClient.java:onNext(255)) - client-8BD909272E8D->63cacea9-0392-4939-ad39-80c4c73dd84b: receive RaftClientReply:client-8BD909272E8D->63cacea9-0392-4939-ad39-80c4c73dd84b@group-EE6C16B6C358, cid=2634, SUCCESS, logIndex=3930, commits[63cacea9-0392-4939-ad39-80c4c73dd84b:c3930, bd7b7fea-2a7b-4c3f-852f-c014e42bfcb7:c3926, 3b4aa678-22a6-4ae2-9c6a-0e71cdb9d6d0:c3926]
2019-07-10 03:37:39,903 INFO  client.GrpcClientProtocolClient (GrpcClientProtocolClient.java:onNext(255)) - client-8BD909272E8D->63cacea9-0392-4939-ad39-80c4c73dd84b: receive RaftClientReply:client-8BD909272E8D->63cacea9-0392-4939-ad39-80c4c73dd84b@group-EE6C16B6C358, cid=2635, SUCCESS, logIndex=0, commits[63cacea9-0392-4939-ad39-80c4c73dd84b:c3931, bd7b7fea-2a7b-4c3f-852f-c014e42bfcb7:c3930, 3b4aa678-22a6-4ae2-9c6a-0e71cdb9d6d0:c3930]
2019-07-10 03:37:39,934 INFO  client.GrpcClientProtocolClient (GrpcClientProtocolClient.java:onNext(255)) - client-8BD909272E8D->63cacea9-0392-4939-ad39-80c4c73dd84b: receive RaftClientReply:client-8BD909272E8D->63cacea9-0392-4939-ad39-80c4c73dd84b@group-EE6C16B6C358, cid=2636, SUCCESS, logIndex=3933, commits[63cacea9-0392-4939-ad39-80c4c73dd84b:c3936, bd7b7fea-2a7b-4c3f-852f-c014e42bfcb7:c3932, 3b4aa678-22a6-4ae2-9c6a-0e71cdb9d6d0:c3932]
2019-07-10 03:37:39,934 INFO  client.GrpcClientProtocolClient (GrpcClientProtocolClient.java:onNext(255)) - client-8BD909272E8D->63cacea9-0392-4939-ad39-80c4c73dd84b: receive RaftClientReply:client-8BD909272E8D->63cacea9-0392-4939-ad39-80c4c73dd84b@group-EE6C16B6C358, cid=2637, SUCCESS, logIndex=3934, commits[63cacea9-0392-4939-ad39-80c4c73dd84b:c3936, bd7b7fea-2a7b-4c3f-852f-c014e42bfcb7:c3932, 3b4aa678-22a6-4ae2-9c6a-0e71cdb9d6d0:c3932]
2019-07-10 03:37:39,935 INFO  client.GrpcClientProtocolClient (GrpcClientProtocolClient.java:onNext(255)) - client-8BD909272E8D->63cacea9-0392-4939-ad39-80c4c73dd84b: receive RaftClientReply:client-8BD909272E8D->63cacea9-0392-4939-ad39-80c4c73dd84b@group-EE6C16B6C358, cid=2638, SUCCESS, logIndex=3935, commits[63cacea9-0392-4939-ad39-80c4c73dd84b:c3936, bd7b7fea-2a7b-4c3f-852f-c014e42bfcb7:c3932, 3b4aa678-22a6-4ae2-9c6a-0e71cdb9d6d0:c3932]
2019-07-10 03:37:39,935 INFO  client.GrpcClientProtocolClient (GrpcClientProtocolClient.java:onNext(255)) - client-8BD909272E8D->63cacea9-0392-4939-ad39-80c4c73dd84b: receive RaftClientReply:client-8BD909272E8D->63cacea9-0392-4939-ad39-80c4c73dd84b@group-EE6C16B6C358, cid=2639, SUCCESS, logIndex=3936, commits[63cacea9-0392-4939-ad39-80c4c73dd84b:c3936, bd7b7fea-2a7b-4c3f-852f-c014e42bfcb7:c3932, 3b4aa678-22a6-4ae2-9c6a-0e71cdb9d6d0:c3932]
2019-07-10 03:37:39,947 INFO  client.GrpcClientProtocolClient (GrpcClientProtocolClient.java:onNext(255)) - client-8BD909272E8D->63cacea9-0392-4939-ad39-80c4c73dd84b: receive RaftClientReply:client-8BD909272E8D->63cacea9-0392-4939-ad39-80c4c73dd84b@group-EE6C16B6C358, cid=2640, SUCCESS, logIndex=0, commits[63cacea9-0392-4939-ad39-80c4c73dd84b:c3940, bd7b7fea-2a7b-4c3f-852f-c014e42bfcb7:c3934, 3b4aa678-22a6-4ae2-9c6a-0e71cdb9d6d0:c3936]
2019-07-10 03:37:39,968 INFO  client.GrpcClientProtocolClient (GrpcClientProtocolClient.java:onNext(255)) - client-8BD909272E8D->63cacea9-0392-4939-ad39-80c4c73dd84b: receive RaftClientReply:client-8BD909272E8D->63cacea9-0392-4939-ad39-80c4c73dd84b@group-EE6C16B6C358, cid=2641, SUCCESS, logIndex=3941, commits[63cacea9-0392-4939-ad39-80c4c73dd84b:c3942, bd7b7fea-2a7b-4c3f-852f-c014e42bfcb7:c3940, 3b4aa678-22a6-4ae2-9c6a-0e71cdb9d6d0:c3940]
2019-07-10 03:37:39,969 INFO  client.GrpcClientProtocolClient (GrpcClientProtocolClient.java:onNext(255)) - client-8BD909272E8D->63cacea9-0392-4939-ad39-80c4c73dd84b: receive RaftClientReply:client-8BD909272E8D->63cacea9-0392-4939-ad39-80c4c73dd84b@group-EE6C16B6C358, cid=2642, SUCCESS, logIndex=3942, commits[63cacea9-0392-4939-ad39-80c4c73dd84b:c3942, bd7b7fea-2a7b-4c3f-852f-c014e42bfcb7:c3940, 3b4aa678-22a6-4ae2-9c6a-0e71cdb9d6d0:c3940]
2019-07-10 03:37:39,986 INFO  client.GrpcClientProtocolClient (GrpcClientProtocolClient.java:onNext(255)) - client-8BD909272E8D->63cacea9-0392-4939-ad39-80c4c73dd84b: receive RaftClientReply:client-8BD909272E8D->63cacea9-0392-4939-ad39-80c4c73dd84b@group-EE6C16B6C358, cid=2643, SUCCESS, logIndex=3945, commits[63cacea9-0392-4939-ad39-80c4c73dd84b:c3946, bd7b7fea-2a7b-4c3f-852f-c014e42bfcb7:c3942, 3b4aa678-22a6-4ae2-9c6a-0e71cdb9d6d0:c3942]
2019-07-10 03:37:39,986 INFO  client.GrpcClientProtocolClient (GrpcClientProtocolClient.java:onNext(255)) - client-8BD909272E8D->63cacea9-0392-4939-ad39-80c4c73dd84b: receive RaftClientReply:client-8BD909272E8D->63cacea9-0392-4939-ad39-80c4c73dd84b@group-EE6C16B6C358, cid=2644, SUCCESS, logIndex=3946, commits[63cacea9-0392-4939-ad39-80c4c73dd84b:c3946, bd7b7fea-2a7b-4c3f-852f-c014e42bfcb7:c3942, 3b4aa678-22a6-4ae2-9c6a-0e71cdb9d6d0:c3942]
2019-07-10 03:37:39,990 INFO  client.GrpcClientProtocolClient (GrpcClientProtocolClient.java:onNext(255)) - client-8BD909272E8D->63cacea9-0392-4939-ad39-80c4c73dd84b: receive RaftClientReply:client-8BD909272E8D->63cacea9-0392-4939-ad39-80c4c73dd84b@group-EE6C16B6C358, cid=2645, SUCCESS, logIndex=0, commits[63cacea9-0392-4939-ad39-80c4c73dd84b:c3948, bd7b7fea-2a7b-4c3f-852f-c014e42bfcb7:c3946, 3b4aa678-22a6-4ae2-9c6a-0e71cdb9d6d0:c3946]
2019-07-10 03:37:40,032 INFO  client.GrpcClientProtocolClient (GrpcClientProtocolClient.java:onNext(255)) - client-8BD909272E8D->63cacea9-0392-4939-ad39-80c4c73dd84b: receive RaftClientReply:client-8BD909272E8D->63cacea9-0392-4939-ad39-80c4c73dd84b@group-EE6C16B6C358, cid=2646, SUCCESS, logIndex=3949, commits[63cacea9-0392-4939-ad39-80c4c73dd84b:c3950, bd7b7fea-2a7b-4c3f-852f-c014e42bfcb7:c3948, 3b4aa678-22a6-4ae2-9c6a-0e71cdb9d6d0:c3948]
2019-07-10 03:37:40,032 INFO  client.GrpcClientProtocolClient (GrpcClientProtocolClient.java:onNext(255)) - client-8BD909272E8D->63cacea9-0392-4939-ad39-80c4c73dd84b: receive RaftClientReply:client-8BD909272E8D->63cacea9-0392-4939-ad39-80c4c73dd84b@group-EE6C16B6C358, cid=2647, SUCCESS, logIndex=3950, commits[63cacea9-0392-4939-ad39-80c4c73dd84b:c3950, bd7b7fea-2a7b-4c3f-852f-c014e42bfcb7:c3948, 3b4aa678-22a6-4ae2-9c6a-0e71cdb9d6d0:c3948]
2019-07-10 03:37:40,047 INFO  client.GrpcClientProtocolClient (GrpcClientProtocolClient.java:onNext(255)) - client-8BD909272E8D->63cacea9-0392-4939-ad39-80c4c73dd84b: receive RaftClientReply:client-8BD909272E8D->63cacea9-0392-4939-ad39-80c4c73dd84b@group-EE6C16B6C358, cid=2648, SUCCESS, logIndex=3951, commits[63cacea9-0392-4939-ad39-80c4c73dd84b:c3952, bd7b7fea-2a7b-4c3f-852f-c014e42bfcb7:c3948, 3b4aa678-22a6-4ae2-9c6a-0e71cdb9d6d0:c3948]
2019-07-10 03:37:40,048 INFO  client.GrpcClientProtocolClient (GrpcClientProtocolClient.java:onNext(255)) - client-8BD909272E8D->63cacea9-0392-4939-ad39-80c4c73dd84b: receive RaftClientReply:client-8BD909272E8D->63cacea9-0392-4939-ad39-80c4c73dd84b@group-EE6C16B6C358, cid=2649, SUCCESS, logIndex=3952, commits[63cacea9-0392-4939-ad39-80c4c73dd84b:c3952, bd7b7fea-2a7b-4c3f-852f-c014e42bfcb7:c3948, 3b4aa678-22a6-4ae2-9c6a-0e71cdb9d6d0:c3948]
2019-07-10 03:37:40,051 INFO  client.GrpcClientProtocolClient (GrpcClientProtocolClient.java:onNext(255)) - client-8BD909272E8D->63cacea9-0392-4939-ad39-80c4c73dd84b: receive RaftClientReply:client-8BD909272E8D->63cacea9-0392-4939-ad39-80c4c73dd84b@group-EE6C16B6C358, cid=2650, SUCCESS, logIndex=0, commits[63cacea9-0392-4939-ad39-80c4c73dd84b:c3954, bd7b7fea-2a7b-4c3f-852f-c014e42bfcb7:c3950, 3b4aa678-22a6-4ae2-9c6a-0e71cdb9d6d0:c3950]
2019-07-10 03:37:40,078 INFO  client.GrpcClientProtocolClient (GrpcClientProtocolClient.java:onNext(255)) - client-8BD909272E8D->63cacea9-0392-4939-ad39-80c4c73dd84b: receive RaftClientReply:client-8BD909272E8D->63cacea9-0392-4939-ad39-80c4c73dd84b@group-EE6C16B6C358, cid=2651, SUCCESS, logIndex=3957, commits[63cacea9-0392-4939-ad39-80c4c73dd84b:c3958, bd7b7fea-2a7b-4c3f-852f-c014e42bfcb7:c3954, 3b4aa678-22a6-4ae2-9c6a-0e71cdb9d6d0:c3954]
2019-07-10 03:37:40,079 INFO  client.GrpcClientProtocolClient (GrpcClientProtocolClient.java:onNext(255)) - client-8BD909272E8D->63cacea9-0392-4939-ad39-80c4c73dd84b: receive RaftClientReply:client-8BD909272E8D->63cacea9-0392-4939-ad39-80c4c73dd84b@group-EE6C16B6C358, cid=2652, SUCCESS, logIndex=3958, commits[63cacea9-0392-4939-ad39-80c4c73dd84b:c3958, bd7b7fea-2a7b-4c3f-852f-c014e42bfcb7:c3954, 3b4aa678-22a6-4ae2-9c6a-0e71cdb9d6d0:c3954]
2019-07-10 03:37:40,094 INFO  client.GrpcClientProtocolClient (GrpcClientProtocolClient.java:onNext(255)) - client-8BD909272E8D->63cacea9-0392-4939-ad39-80c4c73dd84b: receive RaftClientReply:client-8BD909272E8D->63cacea9-0392-4939-ad39-80c4c73dd84b@group-EE6C16B6C358, cid=2653, SUCCESS, logIndex=3961, commits[63cacea9-0392-4939-ad39-80c4c73dd84b:c3962, bd7b7fea-2a7b-4c3f-852f-c014e42bfcb7:c3958, 3b4aa678-22a6-4ae2-9c6a-0e71cdb9d6d0:c3959]
2019-07-10 03:37:40,094 INFO  client.GrpcClientProtocolClient (GrpcClientProtocolClient.java:onNext(255)) - client-8BD909272E8D->63cacea9-0392-4939-ad39-80c4c73dd84b: receive RaftClientReply:client-8BD909272E8D->63cacea9-0392-4939-ad39-80c4c73dd84b@group-EE6C16B6C358, cid=2654, SUCCESS, logIndex=3962, commits[63cacea9-0392-4939-ad39-80c4c73dd84b:c3962, bd7b7fea-2a7b-4c3f-852f-c014e42bfcb7:c3959, 3b4aa678-22a6-4ae2-9c6a-0e71cdb9d6d0:c3959]
2019-07-10 03:37:40,108 INFO  client.GrpcClientProtocolClient (GrpcClientProtocolClient.java:onNext(255)) - client-8BD909272E8D->63cacea9-0392-4939-ad39-80c4c73dd84b: receive RaftClientReply:client-8BD909272E8D->63cacea9-0392-4939-ad39-80c4c73dd84b@group-EE6C16B6C358, cid=2655, SUCCESS, logIndex=0, commits[63cacea9-0392-4939-ad39-80c4c73dd84b:c3964, bd7b7fea-2a7b-4c3f-852f-c014e42bfcb7:c3962, 3b4aa678-22a6-4ae2-9c6a-0e71cdb9d6d0:c3962]
2019-07-10 03:37:40,139 INFO  client.GrpcClientProtocolClient (GrpcClientProtocolClient.java:onNext(255)) - client-8BD909272E8D->63cacea9-0392-4939-ad39-80c4c73dd84b: receive RaftClientReply:client-8BD909272E8D->63cacea9-0392-4939-ad39-80c4c73dd84b@group-EE6C16B6C358, cid=2656, SUCCESS, logIndex=3965, commits[63cacea9-0392-4939-ad39-80c4c73dd84b:c3966, bd7b7fea-2a7b-4c3f-852f-c014e42bfcb7:c3964, 3b4aa678-22a6-4ae2-9c6a-0e71cdb9d6d0:c3964]
2019-07-10 03:37:40,140 INFO  client.GrpcClientProtocolClient (GrpcClientProtocolClient.java:onNext(255)) - client-8BD909272E8D->63cacea9-0392-4939-ad39-80c4c73dd84b: receive RaftClientReply:client-8BD909272E8D->63cacea9-0392-4939-ad39-80c4c73dd84b@group-EE6C16B6C358, cid=2657, SUCCESS, logIndex=3966, commits[63cacea9-0392-4939-ad39-80c4c73dd84b:c3966, bd7b7fea-2a7b-4c3f-852f-c014e42bfcb7:c3964, 3b4aa678-22a6-4ae2-9c6a-0e71cdb9d6d0:c3964]
2019-07-10 03:37:40,140 INFO  client.GrpcClientProtocolClient (GrpcClientProtocolClient.java:onNext(255)) - client-8BD909272E8D->63cacea9-0392-4939-ad39-80c4c73dd84b: receive RaftClientReply:client-8BD909272E8D->63cacea9-0392-4939-ad39-80c4c73dd84b@group-EE6C16B6C358, cid=2658, SUCCESS, logIndex=3967, commits[63cacea9-0392-4939-ad39-80c4c73dd84b:c3968, bd7b7fea-2a7b-4c3f-852f-c014e42bfcb7:c3964, 3b4aa678-22a6-4ae2-9c6a-0e71cdb9d6d0:c3964]
2019-07-10 03:37:40,140 INFO  client.GrpcClientProtocolClient (GrpcClientProtocolClient.java:onNext(255)) - client-8BD909272E8D->63cacea9-0392-4939-ad39-80c4c73dd84b: receive RaftClientReply:client-8BD909272E8D->63cacea9-0392-4939-ad39-80c4c73dd84b@group-EE6C16B6C358, cid=2659, SUCCESS, logIndex=3968, commits[63cacea9-0392-4939-ad39-80c4c73dd84b:c3968, bd7b7fea-2a7b-4c3f-852f-c014e42bfcb7:c3964, 3b4aa678-22a6-4ae2-9c6a-0e71cdb9d6d0:c3964]
2019-07-10 03:37:40,153 INFO  client.GrpcClientProtocolClient (GrpcClientProtocolClient.java:onNext(255)) - client-8BD909272E8D->63cacea9-0392-4939-ad39-80c4c73dd84b: receive RaftClientReply:client-8BD909272E8D->63cacea9-0392-4939-ad39-80c4c73dd84b@group-EE6C16B6C358, cid=2660, SUCCESS, logIndex=0, commits[63cacea9-0392-4939-ad39-80c4c73dd84b:c3970, bd7b7fea-2a7b-4c3f-852f-c014e42bfcb7:c3966, 3b4aa678-22a6-4ae2-9c6a-0e71cdb9d6d0:c3966]
2019-07-10 03:37:40,174 INFO  client.GrpcClientProtocolClient (GrpcClientProtocolClient.java:onNext(255)) - client-8BD909272E8D->63cacea9-0392-4939-ad39-80c4c73dd84b: receive RaftClientReply:client-8BD909272E8D->63cacea9-0392-4939-ad39-80c4c73dd84b@group-EE6C16B6C358, cid=2661, SUCCESS, logIndex=3973, commits[63cacea9-0392-4939-ad39-80c4c73dd84b:c3974, bd7b7fea-2a7b-4c3f-852f-c014e42bfcb7:c3972, 3b4aa678-22a6-4ae2-9c6a-0e71cdb9d6d0:c3972]
2019-07-10 03:37:40,175 INFO  client.GrpcClientProtocolClient (GrpcClientProtocolClient.java:onNext(255)) - client-8BD909272E8D->63cacea9-0392-4939-ad39-80c4c73dd84b: receive RaftClientReply:client-8BD909272E8D->63cacea9-0392-4939-ad39-80c4c73dd84b@group-EE6C16B6C358, cid=2662, SUCCESS, logIndex=3974, commits[63cacea9-0392-4939-ad39-80c4c73dd84b:c3974, bd7b7fea-2a7b-4c3f-852f-c014e42bfcb7:c3972, 3b4aa678-22a6-4ae2-9c6a-0e71cdb9d6d0:c3972]
2019-07-10 03:37:40,199 INFO  client.GrpcClientProtocolClient (GrpcClientProtocolClient.java:onNext(255)) - client-8BD909272E8D->63cacea9-0392-4939-ad39-80c4c73dd84b: receive RaftClientReply:client-8BD909272E8D->63cacea9-0392-4939-ad39-80c4c73dd84b@group-EE6C16B6C358, cid=2663, SUCCESS, logIndex=3977, commits[63cacea9-0392-4939-ad39-80c4c73dd84b:c3978, bd7b7fea-2a7b-4c3f-852f-c014e42bfcb7:c3974, 3b4aa678-22a6-4ae2-9c6a-0e71cdb9d6d0:c3974]
2019-07-10 03:37:40,199 INFO  client.GrpcClientProtocolClient (GrpcClientProtocolClient.java:onNext(255)) - client-8BD909272E8D->63cacea9-0392-4939-ad39-80c4c73dd84b: receive RaftClientReply:client-8BD909272E8D->63cacea9-0392-4939-ad39-80c4c73dd84b@group-EE6C16B6C358, cid=2664, SUCCESS, logIndex=3978, commits[63cacea9-0392-4939-ad39-80c4c73dd84b:c3978, bd7b7fea-2a7b-4c3f-852f-c014e42bfcb7:c3974, 3b4aa678-22a6-4ae2-9c6a-0e71cdb9d6d0:c3974]
2019-07-10 03:37:40,211 INFO  client.GrpcClientProtocolClient (GrpcClientProtocolClient.java:onNext(255)) - client-8BD909272E8D->63cacea9-0392-4939-ad39-80c4c73dd84b: receive RaftClientReply:client-8BD909272E8D->63cacea9-0392-4939-ad39-80c4c73dd84b@group-EE6C16B6C358, cid=2665, SUCCESS, logIndex=0, commits[63cacea9-0392-4939-ad39-80c4c73dd84b:c3979, bd7b7fea-2a7b-4c3f-852f-c014e42bfcb7:c3978, 3b4aa678-22a6-4ae2-9c6a-0e71cdb9d6d0:c3978]
2019-07-10 03:37:40,364 INFO  client.GrpcClientProtocolClient (GrpcClientProtocolClient.java:onNext(255)) - client-8BD909272E8D->63cacea9-0392-4939-ad39-80c4c73dd84b: receive RaftClientReply:client-8BD909272E8D->63cacea9-0392-4939-ad39-80c4c73dd84b@group-EE6C16B6C358, cid=2666, SUCCESS, logIndex=3981, commits[63cacea9-0392-4939-ad39-80c4c73dd84b:c3982, bd7b7fea-2a7b-4c3f-852f-c014e42bfcb7:c3980, 3b4aa678-22a6-4ae2-9c6a-0e71cdb9d6d0:c3980]
2019-07-10 03:37:40,365 INFO  client.GrpcClientProtocolClient (GrpcClientProtocolClient.java:onNext(255)) - client-8BD909272E8D->63cacea9-0392-4939-ad39-80c4c73dd84b: receive RaftClientReply:client-8BD909272E8D->63cacea9-0392-4939-ad39-80c4c73dd84b@group-EE6C16B6C358, cid=2667, SUCCESS, logIndex=3982, commits[63cacea9-0392-4939-ad39-80c4c73dd84b:c3982, bd7b7fea-2a7b-4c3f-852f-c014e42bfcb7:c3980, 3b4aa678-22a6-4ae2-9c6a-0e71cdb9d6d0:c3980]
2019-07-10 03:37:40,365 INFO  client.GrpcClientProtocolClient (GrpcClientProtocolClient.java:onNext(255)) - client-8BD909272E8D->63cacea9-0392-4939-ad39-80c4c73dd84b: receive RaftClientReply:client-8BD909272E8D->63cacea9-0392-4939-ad39-80c4c73dd84b@group-EE6C16B6C358, cid=2668, SUCCESS, logIndex=3983, commits[63cacea9-0392-4939-ad39-80c4c73dd84b:c3983, bd7b7fea-2a7b-4c3f-852f-c014e42bfcb7:c3980, 3b4aa678-22a6-4ae2-9c6a-0e71cdb9d6d0:c3980]
2019-07-10 03:37:40,366 INFO  client.GrpcClientProtocolClient (GrpcClientProtocolClient.java:onNext(255)) - client-8BD909272E8D->63cacea9-0392-4939-ad39-80c4c73dd84b: receive RaftClientReply:client-8BD909272E8D->63cacea9-0392-4939-ad39-80c4c73dd84b@group-EE6C16B6C358, cid=2669, SUCCESS, logIndex=3984, commits[63cacea9-0392-4939-ad39-80c4c73dd84b:c3984, bd7b7fea-2a7b-4c3f-852f-c014e42bfcb7:c3980, 3b4aa678-22a6-4ae2-9c6a-0e71cdb9d6d0:c3980]
2019-07-10 03:37:40,379 INFO  client.GrpcClientProtocolClient (GrpcClientProtocolClient.java:onNext(255)) - client-8BD909272E8D->63cacea9-0392-4939-ad39-80c4c73dd84b: receive RaftClientReply:client-8BD909272E8D->63cacea9-0392-4939-ad39-80c4c73dd84b@group-EE6C16B6C358, cid=2670, SUCCESS, logIndex=0, commits[63cacea9-0392-4939-ad39-80c4c73dd84b:c3986, bd7b7fea-2a7b-4c3f-852f-c014e42bfcb7:c3982, 3b4aa678-22a6-4ae2-9c6a-0e71cdb9d6d0:c3982]
2019-07-10 03:37:40,402 INFO  client.GrpcClientProtocolClient (GrpcClientProtocolClient.java:onNext(255)) - client-8BD909272E8D->63cacea9-0392-4939-ad39-80c4c73dd84b: receive RaftClientReply:client-8BD909272E8D->63cacea9-0392-4939-ad39-80c4c73dd84b@group-EE6C16B6C358, cid=2671, SUCCESS, logIndex=3989, commits[63cacea9-0392-4939-ad39-80c4c73dd84b:c3989, bd7b7fea-2a7b-4c3f-852f-c014e42bfcb7:c3988, 3b4aa678-22a6-4ae2-9c6a-0e71cdb9d6d0:c3988]
2019-07-10 03:37:40,402 INFO  client.GrpcClientProtocolClient (GrpcClientProtocolClient.java:onNext(255)) - client-8BD909272E8D->63cacea9-0392-4939-ad39-80c4c73dd84b: receive RaftClientReply:client-8BD909272E8D->63cacea9-0392-4939-ad39-80c4c73dd84b@group-EE6C16B6C358, cid=2672, SUCCESS, logIndex=3990, commits[63cacea9-0392-4939-ad39-80c4c73dd84b:c3990, bd7b7fea-2a7b-4c3f-852f-c014e42bfcb7:c3988, 3b4aa678-22a6-4ae2-9c6a-0e71cdb9d6d0:c3988]
2019-07-10 03:37:40,415 INFO  client.GrpcClientProtocolClient (GrpcClientProtocolClient.java:onNext(255)) - client-8BD909272E8D->63cacea9-0392-4939-ad39-80c4c73dd84b: receive RaftClientReply:client-8BD909272E8D->63cacea9-0392-4939-ad39-80c4c73dd84b@group-EE6C16B6C358, cid=2673, SUCCESS, logIndex=3993, commits[63cacea9-0392-4939-ad39-80c4c73dd84b:c3994, bd7b7fea-2a7b-4c3f-852f-c014e42bfcb7:c3989, 3b4aa678-22a6-4ae2-9c6a-0e71cdb9d6d0:c3990]
2019-07-10 03:37:40,416 INFO  client.GrpcClientProtocolClient (GrpcClientProtocolClient.java:onNext(255)) - client-8BD909272E8D->63cacea9-0392-4939-ad39-80c4c73dd84b: receive RaftClientReply:client-8BD909272E8D->63cacea9-0392-4939-ad39-80c4c73dd84b@group-EE6C16B6C358, cid=2674, SUCCESS, logIndex=3994, commits[63cacea9-0392-4939-ad39-80c4c73dd84b:c3994, bd7b7fea-2a7b-4c3f-852f-c014e42bfcb7:c3990, 3b4aa678-22a6-4ae2-9c6a-0e71cdb9d6d0:c3990]
2019-07-10 03:37:40,417 INFO  client.GrpcClientProtocolClient (GrpcClientProtocolClient.java:onNext(255)) - client-8BD909272E8D->63cacea9-0392-4939-ad39-80c4c73dd84b: receive RaftClientReply:client-8BD909272E8D->63cacea9-0392-4939-ad39-80c4c73dd84b@group-EE6C16B6C358, cid=2675, SUCCESS, logIndex=0, commits[63cacea9-0392-4939-ad39-80c4c73dd84b:c3995, bd7b7fea-2a7b-4c3f-852f-c014e42bfcb7:c3994, 3b4aa678-22a6-4ae2-9c6a-0e71cdb9d6d0:c3994]
2019-07-10 03:37:40,452 INFO  client.GrpcClientProtocolClient (GrpcClientProtocolClient.java:onNext(255)) - client-8BD909272E8D->63cacea9-0392-4939-ad39-80c4c73dd84b: receive RaftClientReply:client-8BD909272E8D->63cacea9-0392-4939-ad39-80c4c73dd84b@group-EE6C16B6C358, cid=2676, SUCCESS, logIndex=3997, commits[63cacea9-0392-4939-ad39-80c4c73dd84b:c3998, bd7b7fea-2a7b-4c3f-852f-c014e42bfcb7:c3996, 3b4aa678-22a6-4ae2-9c6a-0e71cdb9d6d0:c3996]
2019-07-10 03:37:40,453 INFO  client.GrpcClientProtocolClient (GrpcClientProtocolClient.java:onNext(255)) - client-8BD909272E8D->63cacea9-0392-4939-ad39-80c4c73dd84b: receive RaftClientReply:client-8BD909272E8D->63cacea9-0392-4939-ad39-80c4c73dd84b@group-EE6C16B6C358, cid=2677, SUCCESS, logIndex=3998, commits[63cacea9-0392-4939-ad39-80c4c73dd84b:c3998, bd7b7fea-2a7b-4c3f-852f-c014e42bfcb7:c3996, 3b4aa678-22a6-4ae2-9c6a-0e71cdb9d6d0:c3996]
2019-07-10 03:37:40,462 INFO  client.GrpcClientProtocolClient (GrpcClientProtocolClient.java:onNext(255)) - client-8BD909272E8D->63cacea9-0392-4939-ad39-80c4c73dd84b: receive RaftClientReply:client-8BD909272E8D->63cacea9-0392-4939-ad39-80c4c73dd84b@group-EE6C16B6C358, cid=2678, SUCCESS, logIndex=3999, commits[63cacea9-0392-4939-ad39-80c4c73dd84b:c4000, bd7b7fea-2a7b-4c3f-852f-c014e42bfcb7:c3996, 3b4aa678-22a6-4ae2-9c6a-0e71cdb9d6d0:c3996]
2019-07-10 03:37:40,463 INFO  client.GrpcClientProtocolClient (GrpcClientProtocolClient.java:onNext(255)) - client-8BD909272E8D->63cacea9-0392-4939-ad39-80c4c73dd84b: receive RaftClientReply:client-8BD909272E8D->63cacea9-0392-4939-ad39-80c4c73dd84b@group-EE6C16B6C358, cid=2679, SUCCESS, logIndex=4000, commits[63cacea9-0392-4939-ad39-80c4c73dd84b:c4000, bd7b7fea-2a7b-4c3f-852f-c014e42bfcb7:c3996, 3b4aa678-22a6-4ae2-9c6a-0e71cdb9d6d0:c3996]
2019-07-10 03:37:40,477 INFO  client.GrpcClientProtocolClient (GrpcClientProtocolClient.java:onNext(255)) - client-8BD909272E8D->63cacea9-0392-4939-ad39-80c4c73dd84b: receive RaftClientReply:client-8BD909272E8D->63cacea9-0392-4939-ad39-80c4c73dd84b@group-EE6C16B6C358, cid=2680, SUCCESS, logIndex=0, commits[63cacea9-0392-4939-ad39-80c4c73dd84b:c4002, bd7b7fea-2a7b-4c3f-852f-c014e42bfcb7:c3998, 3b4aa678-22a6-4ae2-9c6a-0e71cdb9d6d0:c3998]
2019-07-10 03:37:40,500 INFO  client.GrpcClientProtocolClient (GrpcClientProtocolClient.java:onNext(255)) - client-8BD909272E8D->63cacea9-0392-4939-ad39-80c4c73dd84b: receive RaftClientReply:client-8BD909272E8D->63cacea9-0392-4939-ad39-80c4c73dd84b@group-EE6C16B6C358, cid=2681, SUCCESS, logIndex=4005, commits[63cacea9-0392-4939-ad39-80c4c73dd84b:c4006, bd7b7fea-2a7b-4c3f-852f-c014e42bfcb7:c4004, 3b4aa678-22a6-4ae2-9c6a-0e71cdb9d6d0:c4004]
2019-07-10 03:37:40,501 INFO  client.GrpcClientProtocolClient (GrpcClientProtocolClient.java:onNext(255)) - client-8BD909272E8D->63cacea9-0392-4939-ad39-80c4c73dd84b: receive RaftClientReply:client-8BD909272E8D->63cacea9-0392-4939-ad39-80c4c73dd84b@group-EE6C16B6C358, cid=2682, SUCCESS, logIndex=4006, commits[63cacea9-0392-4939-ad39-80c4c73dd84b:c4006, bd7b7fea-2a7b-4c3f-852f-c014e42bfcb7:c4004, 3b4aa678-22a6-4ae2-9c6a-0e71cdb9d6d0:c4004]
2019-07-10 03:37:40,527 INFO  client.GrpcClientProtocolClient (GrpcClientProtocolClient.java:onNext(255)) - client-8BD909272E8D->63cacea9-0392-4939-ad39-80c4c73dd84b: receive RaftClientReply:client-8BD909272E8D->63cacea9-0392-4939-ad39-80c4c73dd84b@group-EE6C16B6C358, cid=2683, SUCCESS, logIndex=4009, commits[63cacea9-0392-4939-ad39-80c4c73dd84b:c4010, bd7b7fea-2a7b-4c3f-852f-c014e42bfcb7:c4006, 3b4aa678-22a6-4ae2-9c6a-0e71cdb9d6d0:c4006]
2019-07-10 03:37:40,527 INFO  client.GrpcClientProtocolClient (GrpcClientProtocolClient.java:onNext(255)) - client-8BD909272E8D->63cacea9-0392-4939-ad39-80c4c73dd84b: receive RaftClientReply:client-8BD909272E8D->63cacea9-0392-4939-ad39-80c4c73dd84b@group-EE6C16B6C358, cid=2684, SUCCESS, logIndex=4010, commits[63cacea9-0392-4939-ad39-80c4c73dd84b:c4010, bd7b7fea-2a7b-4c3f-852f-c014e42bfcb7:c4006, 3b4aa678-22a6-4ae2-9c6a-0e71cdb9d6d0:c4006]
2019-07-10 03:37:40,560 INFO  client.GrpcClientProtocolClient (GrpcClientProtocolClient.java:onNext(255)) - client-8BD909272E8D->63cacea9-0392-4939-ad39-80c4c73dd84b: receive RaftClientReply:client-8BD909272E8D->63cacea9-0392-4939-ad39-80c4c73dd84b@group-EE6C16B6C358, cid=2685, SUCCESS, logIndex=0, commits[63cacea9-0392-4939-ad39-80c4c73dd84b:c4012, bd7b7fea-2a7b-4c3f-852f-c014e42bfcb7:c4010, 3b4aa678-22a6-4ae2-9c6a-0e71cdb9d6d0:c4010]
2019-07-10 03:37:40,603 INFO  client.GrpcClientProtocolClient (GrpcClientProtocolClient.java:onNext(255)) - client-8BD909272E8D->63cacea9-0392-4939-ad39-80c4c73dd84b: receive RaftClientReply:client-8BD909272E8D->63cacea9-0392-4939-ad39-80c4c73dd84b@group-EE6C16B6C358, cid=2686, SUCCESS, logIndex=4013, commits[63cacea9-0392-4939-ad39-80c4c73dd84b:c4015, bd7b7fea-2a7b-4c3f-852f-c014e42bfcb7:c4012, 3b4aa678-22a6-4ae2-9c6a-0e71cdb9d6d0:c4012]
2019-07-10 03:37:40,604 INFO  client.GrpcClientProtocolClient (GrpcClientProtocolClient.java:onNext(255)) - client-8BD909272E8D->63cacea9-0392-4939-ad39-80c4c73dd84b: receive RaftClientReply:client-8BD909272E8D->63cacea9-0392-4939-ad39-80c4c73dd84b@group-EE6C16B6C358, cid=2687, SUCCESS, logIndex=4014, commits[63cacea9-0392-4939-ad39-80c4c73dd84b:c4016, bd7b7fea-2a7b-4c3f-852f-c014e42bfcb7:c4012, 3b4aa678-22a6-4ae2-9c6a-0e71cdb9d6d0:c4012]
2019-07-10 03:37:40,604 INFO  client.GrpcClientProtocolClient (GrpcClientProtocolClient.java:onNext(255)) - client-8BD909272E8D->63cacea9-0392-4939-ad39-80c4c73dd84b: receive RaftClientReply:client-8BD909272E8D->63cacea9-0392-4939-ad39-80c4c73dd84b@group-EE6C16B6C358, cid=2688, SUCCESS, logIndex=4015, commits[63cacea9-0392-4939-ad39-80c4c73dd84b:c4016, bd7b7fea-2a7b-4c3f-852f-c014e42bfcb7:c4012, 3b4aa678-22a6-4ae2-9c6a-0e71cdb9d6d0:c4012]
2019-07-10 03:37:40,605 INFO  client.GrpcClientProtocolClient (GrpcClientProtocolClient.java:onNext(255)) - client-8BD909272E8D->63cacea9-0392-4939-ad39-80c4c73dd84b: receive RaftClientReply:client-8BD909272E8D->63cacea9-0392-4939-ad39-80c4c73dd84b@group-EE6C16B6C358, cid=2689, SUCCESS, logIndex=4016, commits[63cacea9-0392-4939-ad39-80c4c73dd84b:c4016, bd7b7fea-2a7b-4c3f-852f-c014e42bfcb7:c4012, 3b4aa678-22a6-4ae2-9c6a-0e71cdb9d6d0:c4012]
2019-07-10 03:37:40,615 INFO  client.GrpcClientProtocolClient (GrpcClientProtocolClient.java:onNext(255)) - client-8BD909272E8D->63cacea9-0392-4939-ad39-80c4c73dd84b: receive RaftClientReply:client-8BD909272E8D->63cacea9-0392-4939-ad39-80c4c73dd84b@group-EE6C16B6C358, cid=2690, SUCCESS, logIndex=0, commits[63cacea9-0392-4939-ad39-80c4c73dd84b:c4017, bd7b7fea-2a7b-4c3f-852f-c014e42bfcb7:c4014, 3b4aa678-22a6-4ae2-9c6a-0e71cdb9d6d0:c4014]
2019-07-10 03:37:40,637 INFO  client.GrpcClientProtocolClient (GrpcClientProtocolClient.java:onNext(255)) - client-8BD909272E8D->63cacea9-0392-4939-ad39-80c4c73dd84b: receive RaftClientReply:client-8BD909272E8D->63cacea9-0392-4939-ad39-80c4c73dd84b@group-EE6C16B6C358, cid=2691, SUCCESS, logIndex=4021, commits[63cacea9-0392-4939-ad39-80c4c73dd84b:c4022, bd7b7fea-2a7b-4c3f-852f-c014e42bfcb7:c4020, 3b4aa678-22a6-4ae2-9c6a-0e71cdb9d6d0:c4020]
2019-07-10 03:37:40,637 INFO  client.GrpcClientProtocolClient (GrpcClientProtocolClient.java:onNext(255)) - client-8BD909272E8D->63cacea9-0392-4939-ad39-80c4c73dd84b: receive RaftClientReply:client-8BD909272E8D->63cacea9-0392-4939-ad39-80c4c73dd84b@group-EE6C16B6C358, cid=2692, SUCCESS, logIndex=4022, commits[63cacea9-0392-4939-ad39-80c4c73dd84b:c4022, bd7b7fea-2a7b-4c3f-852f-c014e42bfcb7:c4020, 3b4aa678-22a6-4ae2-9c6a-0e71cdb9d6d0:c4020]
2019-07-10 03:37:40,671 INFO  client.GrpcClientProtocolClient (GrpcClientProtocolClient.java:onNext(255)) - client-8BD909272E8D->63cacea9-0392-4939-ad39-80c4c73dd84b: receive RaftClientReply:client-8BD909272E8D->63cacea9-0392-4939-ad39-80c4c73dd84b@group-EE6C16B6C358, cid=2693, SUCCESS, logIndex=4025, commits[63cacea9-0392-4939-ad39-80c4c73dd84b:c4026, bd7b7fea-2a7b-4c3f-852f-c014e42bfcb7:c4022, 3b4aa678-22a6-4ae2-9c6a-0e71cdb9d6d0:c4022]
2019-07-10 03:37:40,671 INFO  client.GrpcClientProtocolClient (GrpcClientProtocolClient.java:onNext(255)) - client-8BD909272E8D->63cacea9-0392-4939-ad39-80c4c73dd84b: receive RaftClientReply:client-8BD909272E8D->63cacea9-0392-4939-ad39-80c4c73dd84b@group-EE6C16B6C358, cid=2694, SUCCESS, logIndex=4026, commits[63cacea9-0392-4939-ad39-80c4c73dd84b:c4026, bd7b7fea-2a7b-4c3f-852f-c014e42bfcb7:c4022, 3b4aa678-22a6-4ae2-9c6a-0e71cdb9d6d0:c4022]
2019-07-10 03:37:40,682 INFO  client.GrpcClientProtocolClient (GrpcClientProtocolClient.java:onNext(255)) - client-8BD909272E8D->63cacea9-0392-4939-ad39-80c4c73dd84b: receive RaftClientReply:client-8BD909272E8D->63cacea9-0392-4939-ad39-80c4c73dd84b@group-EE6C16B6C358, cid=2695, SUCCESS, logIndex=0, commits[63cacea9-0392-4939-ad39-80c4c73dd84b:c4027, bd7b7fea-2a7b-4c3f-852f-c014e42bfcb7:c4026, 3b4aa678-22a6-4ae2-9c6a-0e71cdb9d6d0:c4026]
2019-07-10 03:37:40,717 INFO  client.GrpcClientProtocolClient (GrpcClientProtocolClient.java:onNext(255)) - client-8BD909272E8D->63cacea9-0392-4939-ad39-80c4c73dd84b: receive RaftClientReply:client-8BD909272E8D->63cacea9-0392-4939-ad39-80c4c73dd84b@group-EE6C16B6C358, cid=2696, SUCCESS, logIndex=4029, commits[63cacea9-0392-4939-ad39-80c4c73dd84b:c4030, bd7b7fea-2a7b-4c3f-852f-c014e42bfcb7:c4028, 3b4aa678-22a6-4ae2-9c6a-0e71cdb9d6d0:c4028]
2019-07-10 03:37:40,717 INFO  client.GrpcClientProtocolClient (GrpcClientProtocolClient.java:onNext(255)) - client-8BD909272E8D->63cacea9-0392-4939-ad39-80c4c73dd84b: receive RaftClientReply:client-8BD909272E8D->63cacea9-0392-4939-ad39-80c4c73dd84b@group-EE6C16B6C358, cid=2697, SUCCESS, logIndex=4030, commits[63cacea9-0392-4939-ad39-80c4c73dd84b:c4030, bd7b7fea-2a7b-4c3f-852f-c014e42bfcb7:c4028, 3b4aa678-22a6-4ae2-9c6a-0e71cdb9d6d0:c4028]
2019-07-10 03:37:40,727 INFO  client.GrpcClientProtocolClient (GrpcClientProtocolClient.java:onNext(255)) - client-8BD909272E8D->63cacea9-0392-4939-ad39-80c4c73dd84b: receive RaftClientReply:client-8BD909272E8D->63cacea9-0392-4939-ad39-80c4c73dd84b@group-EE6C16B6C358, cid=2698, SUCCESS, logIndex=4031, commits[63cacea9-0392-4939-ad39-80c4c73dd84b:c4032, bd7b7fea-2a7b-4c3f-852f-c014e42bfcb7:c4028, 3b4aa678-22a6-4ae2-9c6a-0e71cdb9d6d0:c4028]
2019-07-10 03:37:40,727 INFO  client.GrpcClientProtocolClient (GrpcClientProtocolClient.java:onNext(255)) - client-8BD909272E8D->63cacea9-0392-4939-ad39-80c4c73dd84b: receive RaftClientReply:client-8BD909272E8D->63cacea9-0392-4939-ad39-80c4c73dd84b@group-EE6C16B6C358, cid=2699, SUCCESS, logIndex=4032, commits[63cacea9-0392-4939-ad39-80c4c73dd84b:c4032, bd7b7fea-2a7b-4c3f-852f-c014e42bfcb7:c4028, 3b4aa678-22a6-4ae2-9c6a-0e71cdb9d6d0:c4028]
 0.00% |█                                                                                                    |  0/1 Time: 0:00:232019-07-10 03:37:40,743 INFO  client.GrpcClientProtocolClient (GrpcClientProtocolClient.java:onNext(255)) - client-8BD909272E8D->63cacea9-0392-4939-ad39-80c4c73dd84b: receive RaftClientReply:client-8BD909272E8D->63cacea9-0392-4939-ad39-80c4c73dd84b@group-EE6C16B6C358, cid=2700, SUCCESS, logIndex=0, commits[63cacea9-0392-4939-ad39-80c4c73dd84b:c4034, bd7b7fea-2a7b-4c3f-852f-c014e42bfcb7:c4030, 3b4aa678-22a6-4ae2-9c6a-0e71cdb9d6d0:c4030]
2019-07-10 03:37:40,767 INFO  client.GrpcClientProtocolClient (GrpcClientProtocolClient.java:onNext(255)) - client-8BD909272E8D->63cacea9-0392-4939-ad39-80c4c73dd84b: receive RaftClientReply:client-8BD909272E8D->63cacea9-0392-4939-ad39-80c4c73dd84b@group-EE6C16B6C358, cid=2701, SUCCESS, logIndex=4037, commits[63cacea9-0392-4939-ad39-80c4c73dd84b:c4038, bd7b7fea-2a7b-4c3f-852f-c014e42bfcb7:c4036, 3b4aa678-22a6-4ae2-9c6a-0e71cdb9d6d0:c4036]
2019-07-10 03:37:40,768 INFO  client.GrpcClientProtocolClient (GrpcClientProtocolClient.java:onNext(255)) - client-8BD909272E8D->63cacea9-0392-4939-ad39-80c4c73dd84b: receive RaftClientReply:client-8BD909272E8D->63cacea9-0392-4939-ad39-80c4c73dd84b@group-EE6C16B6C358, cid=2702, SUCCESS, logIndex=4038, commits[63cacea9-0392-4939-ad39-80c4c73dd84b:c4038, bd7b7fea-2a7b-4c3f-852f-c014e42bfcb7:c4036, 3b4aa678-22a6-4ae2-9c6a-0e71cdb9d6d0:c4036]
2019-07-10 03:37:40,781 INFO  client.GrpcClientProtocolClient (GrpcClientProtocolClient.java:onNext(255)) - client-8BD909272E8D->63cacea9-0392-4939-ad39-80c4c73dd84b: receive RaftClientReply:client-8BD909272E8D->63cacea9-0392-4939-ad39-80c4c73dd84b@group-EE6C16B6C358, cid=2703, SUCCESS, logIndex=4041, commits[63cacea9-0392-4939-ad39-80c4c73dd84b:c4042, bd7b7fea-2a7b-4c3f-852f-c014e42bfcb7:c4040, 3b4aa678-22a6-4ae2-9c6a-0e71cdb9d6d0:c4040]
2019-07-10 03:37:40,781 INFO  client.GrpcClientProtocolClient (GrpcClientProtocolClient.java:onNext(255)) - client-8BD909272E8D->63cacea9-0392-4939-ad39-80c4c73dd84b: receive RaftClientReply:client-8BD909272E8D->63cacea9-0392-4939-ad39-80c4c73dd84b@group-EE6C16B6C358, cid=2704, SUCCESS, logIndex=4042, commits[63cacea9-0392-4939-ad39-80c4c73dd84b:c4042, bd7b7fea-2a7b-4c3f-852f-c014e42bfcb7:c4040, 3b4aa678-22a6-4ae2-9c6a-0e71cdb9d6d0:c4040]
2019-07-10 03:37:40,784 INFO  client.GrpcClientProtocolClient (GrpcClientProtocolClient.java:onNext(255)) - client-8BD909272E8D->63cacea9-0392-4939-ad39-80c4c73dd84b: receive RaftClientReply:client-8BD909272E8D->63cacea9-0392-4939-ad39-80c4c73dd84b@group-EE6C16B6C358, cid=2705, SUCCESS, logIndex=0, commits[63cacea9-0392-4939-ad39-80c4c73dd84b:c4043, bd7b7fea-2a7b-4c3f-852f-c014e42bfcb7:c4042, 3b4aa678-22a6-4ae2-9c6a-0e71cdb9d6d0:c4042]
2019-07-10 03:37:40,829 INFO  client.GrpcClientProtocolClient (GrpcClientProtocolClient.java:onNext(255)) - client-8BD909272E8D->63cacea9-0392-4939-ad39-80c4c73dd84b: receive RaftClientReply:client-8BD909272E8D->63cacea9-0392-4939-ad39-80c4c73dd84b@group-EE6C16B6C358, cid=2706, SUCCESS, logIndex=4045, commits[63cacea9-0392-4939-ad39-80c4c73dd84b:c4046, bd7b7fea-2a7b-4c3f-852f-c014e42bfcb7:c4044, 3b4aa678-22a6-4ae2-9c6a-0e71cdb9d6d0:c4044]
2019-07-10 03:37:40,830 INFO  client.GrpcClientProtocolClient (GrpcClientProtocolClient.java:onNext(255)) - client-8BD909272E8D->63cacea9-0392-4939-ad39-80c4c73dd84b: receive RaftClientReply:client-8BD909272E8D->63cacea9-0392-4939-ad39-80c4c73dd84b@group-EE6C16B6C358, cid=2707, SUCCESS, logIndex=4046, commits[63cacea9-0392-4939-ad39-80c4c73dd84b:c4046, bd7b7fea-2a7b-4c3f-852f-c014e42bfcb7:c4044, 3b4aa678-22a6-4ae2-9c6a-0e71cdb9d6d0:c4044]
2019-07-10 03:37:40,831 INFO  client.GrpcClientProtocolClient (GrpcClientProtocolClient.java:onNext(255)) - client-8BD909272E8D->63cacea9-0392-4939-ad39-80c4c73dd84b: receive RaftClientReply:client-8BD909272E8D->63cacea9-0392-4939-ad39-80c4c73dd84b@group-EE6C16B6C358, cid=2708, SUCCESS, logIndex=4047, commits[63cacea9-0392-4939-ad39-80c4c73dd84b:c4048, bd7b7fea-2a7b-4c3f-852f-c014e42bfcb7:c4044, 3b4aa678-22a6-4ae2-9c6a-0e71cdb9d6d0:c4044]
2019-07-10 03:37:40,831 INFO  client.GrpcClientProtocolClient (GrpcClientProtocolClient.java:onNext(255)) - client-8BD909272E8D->63cacea9-0392-4939-ad39-80c4c73dd84b: receive RaftClientReply:client-8BD909272E8D->63cacea9-0392-4939-ad39-80c4c73dd84b@group-EE6C16B6C358, cid=2709, SUCCESS, logIndex=4048, commits[63cacea9-0392-4939-ad39-80c4c73dd84b:c4048, bd7b7fea-2a7b-4c3f-852f-c014e42bfcb7:c4044, 3b4aa678-22a6-4ae2-9c6a-0e71cdb9d6d0:c4044]
2019-07-10 03:37:40,843 INFO  client.GrpcClientProtocolClient (GrpcClientProtocolClient.java:onNext(255)) - client-8BD909272E8D->63cacea9-0392-4939-ad39-80c4c73dd84b: receive RaftClientReply:client-8BD909272E8D->63cacea9-0392-4939-ad39-80c4c73dd84b@group-EE6C16B6C358, cid=2710, SUCCESS, logIndex=0, commits[63cacea9-0392-4939-ad39-80c4c73dd84b:c4049, bd7b7fea-2a7b-4c3f-852f-c014e42bfcb7:c4046, 3b4aa678-22a6-4ae2-9c6a-0e71cdb9d6d0:c4046]
2019-07-10 03:37:40,860 INFO  client.GrpcClientProtocolClient (GrpcClientProtocolClient.java:onNext(255)) - client-8BD909272E8D->63cacea9-0392-4939-ad39-80c4c73dd84b: receive RaftClientReply:client-8BD909272E8D->63cacea9-0392-4939-ad39-80c4c73dd84b@group-EE6C16B6C358, cid=2711, SUCCESS, logIndex=4053, commits[63cacea9-0392-4939-ad39-80c4c73dd84b:c4054, bd7b7fea-2a7b-4c3f-852f-c014e42bfcb7:c4052, 3b4aa678-22a6-4ae2-9c6a-0e71cdb9d6d0:c4052]
2019-07-10 03:37:40,861 INFO  client.GrpcClientProtocolClient (GrpcClientProtocolClient.java:onNext(255)) - client-8BD909272E8D->63cacea9-0392-4939-ad39-80c4c73dd84b: receive RaftClientReply:client-8BD909272E8D->63cacea9-0392-4939-ad39-80c4c73dd84b@group-EE6C16B6C358, cid=2712, SUCCESS, logIndex=4054, commits[63cacea9-0392-4939-ad39-80c4c73dd84b:c4054, bd7b7fea-2a7b-4c3f-852f-c014e42bfcb7:c4052, 3b4aa678-22a6-4ae2-9c6a-0e71cdb9d6d0:c4052]
2019-07-10 03:37:40,877 INFO  client.GrpcClientProtocolClient (GrpcClientProtocolClient.java:onNext(255)) - client-8BD909272E8D->63cacea9-0392-4939-ad39-80c4c73dd84b: receive RaftClientReply:client-8BD909272E8D->63cacea9-0392-4939-ad39-80c4c73dd84b@group-EE6C16B6C358, cid=2713, SUCCESS, logIndex=4057, commits[63cacea9-0392-4939-ad39-80c4c73dd84b:c4058, bd7b7fea-2a7b-4c3f-852f-c014e42bfcb7:c4055, 3b4aa678-22a6-4ae2-9c6a-0e71cdb9d6d0:c4055]
2019-07-10 03:37:40,878 INFO  client.GrpcClientProtocolClient (GrpcClientProtocolClient.java:onNext(255)) - client-8BD909272E8D->63cacea9-0392-4939-ad39-80c4c73dd84b: receive RaftClientReply:client-8BD909272E8D->63cacea9-0392-4939-ad39-80c4c73dd84b@group-EE6C16B6C358, cid=2714, SUCCESS, logIndex=4058, commits[63cacea9-0392-4939-ad39-80c4c73dd84b:c4058, bd7b7fea-2a7b-4c3f-852f-c014e42bfcb7:c4055, 3b4aa678-22a6-4ae2-9c6a-0e71cdb9d6d0:c4055]
2019-07-10 03:37:40,892 INFO  client.GrpcClientProtocolClient (GrpcClientProtocolClient.java:onNext(255)) - client-8BD909272E8D->63cacea9-0392-4939-ad39-80c4c73dd84b: receive RaftClientReply:client-8BD909272E8D->63cacea9-0392-4939-ad39-80c4c73dd84b@group-EE6C16B6C358, cid=2715, SUCCESS, logIndex=0, commits[63cacea9-0392-4939-ad39-80c4c73dd84b:c4060, bd7b7fea-2a7b-4c3f-852f-c014e42bfcb7:c4058, 3b4aa678-22a6-4ae2-9c6a-0e71cdb9d6d0:c4058]
2019-07-10 03:37:40,925 INFO  client.GrpcClientProtocolClient (GrpcClientProtocolClient.java:onNext(255)) - client-8BD909272E8D->63cacea9-0392-4939-ad39-80c4c73dd84b: receive RaftClientReply:client-8BD909272E8D->63cacea9-0392-4939-ad39-80c4c73dd84b@group-EE6C16B6C358, cid=2716, SUCCESS, logIndex=4061, commits[63cacea9-0392-4939-ad39-80c4c73dd84b:c4062, bd7b7fea-2a7b-4c3f-852f-c014e42bfcb7:c4060, 3b4aa678-22a6-4ae2-9c6a-0e71cdb9d6d0:c4060]
2019-07-10 03:37:40,925 INFO  client.GrpcClientProtocolClient (GrpcClientProtocolClient.java:onNext(255)) - client-8BD909272E8D->63cacea9-0392-4939-ad39-80c4c73dd84b: receive RaftClientReply:client-8BD909272E8D->63cacea9-0392-4939-ad39-80c4c73dd84b@group-EE6C16B6C358, cid=2717, SUCCESS, logIndex=4062, commits[63cacea9-0392-4939-ad39-80c4c73dd84b:c4062, bd7b7fea-2a7b-4c3f-852f-c014e42bfcb7:c4060, 3b4aa678-22a6-4ae2-9c6a-0e71cdb9d6d0:c4060]
2019-07-10 03:37:40,935 INFO  client.GrpcClientProtocolClient (GrpcClientProtocolClient.java:onNext(255)) - client-8BD909272E8D->63cacea9-0392-4939-ad39-80c4c73dd84b: receive RaftClientReply:client-8BD909272E8D->63cacea9-0392-4939-ad39-80c4c73dd84b@group-EE6C16B6C358, cid=2718, SUCCESS, logIndex=4063, commits[63cacea9-0392-4939-ad39-80c4c73dd84b:c4064, bd7b7fea-2a7b-4c3f-852f-c014e42bfcb7:c4060, 3b4aa678-22a6-4ae2-9c6a-0e71cdb9d6d0:c4060]
2019-07-10 03:37:40,935 INFO  client.GrpcClientProtocolClient (GrpcClientProtocolClient.java:onNext(255)) - client-8BD909272E8D->63cacea9-0392-4939-ad39-80c4c73dd84b: receive RaftClientReply:client-8BD909272E8D->63cacea9-0392-4939-ad39-80c4c73dd84b@group-EE6C16B6C358, cid=2719, SUCCESS, logIndex=4064, commits[63cacea9-0392-4939-ad39-80c4c73dd84b:c4065, bd7b7fea-2a7b-4c3f-852f-c014e42bfcb7:c4061, 3b4aa678-22a6-4ae2-9c6a-0e71cdb9d6d0:c4061]
2019-07-10 03:37:40,938 INFO  client.GrpcClientProtocolClient (GrpcClientProtocolClient.java:onNext(255)) - client-8BD909272E8D->63cacea9-0392-4939-ad39-80c4c73dd84b: receive RaftClientReply:client-8BD909272E8D->63cacea9-0392-4939-ad39-80c4c73dd84b@group-EE6C16B6C358, cid=2720, SUCCESS, logIndex=0, commits[63cacea9-0392-4939-ad39-80c4c73dd84b:c4066, bd7b7fea-2a7b-4c3f-852f-c014e42bfcb7:c4062, 3b4aa678-22a6-4ae2-9c6a-0e71cdb9d6d0:c4062]
2019-07-10 03:37:40,960 INFO  client.GrpcClientProtocolClient (GrpcClientProtocolClient.java:onNext(255)) - client-8BD909272E8D->63cacea9-0392-4939-ad39-80c4c73dd84b: receive RaftClientReply:client-8BD909272E8D->63cacea9-0392-4939-ad39-80c4c73dd84b@group-EE6C16B6C358, cid=2721, SUCCESS, logIndex=4069, commits[63cacea9-0392-4939-ad39-80c4c73dd84b:c4070, bd7b7fea-2a7b-4c3f-852f-c014e42bfcb7:c4068, 3b4aa678-22a6-4ae2-9c6a-0e71cdb9d6d0:c4068]
2019-07-10 03:37:40,960 INFO  client.GrpcClientProtocolClient (GrpcClientProtocolClient.java:onNext(255)) - client-8BD909272E8D->63cacea9-0392-4939-ad39-80c4c73dd84b: receive RaftClientReply:client-8BD909272E8D->63cacea9-0392-4939-ad39-80c4c73dd84b@group-EE6C16B6C358, cid=2722, SUCCESS, logIndex=4070, commits[63cacea9-0392-4939-ad39-80c4c73dd84b:c4070, bd7b7fea-2a7b-4c3f-852f-c014e42bfcb7:c4068, 3b4aa678-22a6-4ae2-9c6a-0e71cdb9d6d0:c4068]
2019-07-10 03:37:40,986 INFO  client.GrpcClientProtocolClient (GrpcClientProtocolClient.java:onNext(255)) - client-8BD909272E8D->63cacea9-0392-4939-ad39-80c4c73dd84b: receive RaftClientReply:client-8BD909272E8D->63cacea9-0392-4939-ad39-80c4c73dd84b@group-EE6C16B6C358, cid=2723, SUCCESS, logIndex=4073, commits[63cacea9-0392-4939-ad39-80c4c73dd84b:c4074, bd7b7fea-2a7b-4c3f-852f-c014e42bfcb7:c4070, 3b4aa678-22a6-4ae2-9c6a-0e71cdb9d6d0:c4070]
2019-07-10 03:37:40,986 INFO  client.GrpcClientProtocolClient (GrpcClientProtocolClient.java:onNext(255)) - client-8BD909272E8D->63cacea9-0392-4939-ad39-80c4c73dd84b: receive RaftClientReply:client-8BD909272E8D->63cacea9-0392-4939-ad39-80c4c73dd84b@group-EE6C16B6C358, cid=2724, SUCCESS, logIndex=4074, commits[63cacea9-0392-4939-ad39-80c4c73dd84b:c4074, bd7b7fea-2a7b-4c3f-852f-c014e42bfcb7:c4070, 3b4aa678-22a6-4ae2-9c6a-0e71cdb9d6d0:c4070]
2019-07-10 03:37:40,998 INFO  client.GrpcClientProtocolClient (GrpcClientProtocolClient.java:onNext(255)) - client-8BD909272E8D->63cacea9-0392-4939-ad39-80c4c73dd84b: receive RaftClientReply:client-8BD909272E8D->63cacea9-0392-4939-ad39-80c4c73dd84b@group-EE6C16B6C358, cid=2725, SUCCESS, logIndex=0, commits[63cacea9-0392-4939-ad39-80c4c73dd84b:c4075, bd7b7fea-2a7b-4c3f-852f-c014e42bfcb7:c4074, 3b4aa678-22a6-4ae2-9c6a-0e71cdb9d6d0:c4074]
2019-07-10 03:37:41,033 INFO  client.GrpcClientProtocolClient (GrpcClientProtocolClient.java:onNext(255)) - client-8BD909272E8D->63cacea9-0392-4939-ad39-80c4c73dd84b: receive RaftClientReply:client-8BD909272E8D->63cacea9-0392-4939-ad39-80c4c73dd84b@group-EE6C16B6C358, cid=2726, SUCCESS, logIndex=4077, commits[63cacea9-0392-4939-ad39-80c4c73dd84b:c4078, bd7b7fea-2a7b-4c3f-852f-c014e42bfcb7:c4076, 3b4aa678-22a6-4ae2-9c6a-0e71cdb9d6d0:c4076]
2019-07-10 03:37:41,036 INFO  client.GrpcClientProtocolClient (GrpcClientProtocolClient.java:onNext(255)) - client-8BD909272E8D->63cacea9-0392-4939-ad39-80c4c73dd84b: receive RaftClientReply:client-8BD909272E8D->63cacea9-0392-4939-ad39-80c4c73dd84b@group-EE6C16B6C358, cid=2727, SUCCESS, logIndex=4078, commits[63cacea9-0392-4939-ad39-80c4c73dd84b:c4078, bd7b7fea-2a7b-4c3f-852f-c014e42bfcb7:c4076, 3b4aa678-22a6-4ae2-9c6a-0e71cdb9d6d0:c4076]
2019-07-10 03:37:41,042 INFO  client.GrpcClientProtocolClient (GrpcClientProtocolClient.java:onNext(255)) - client-8BD909272E8D->63cacea9-0392-4939-ad39-80c4c73dd84b: receive RaftClientReply:client-8BD909272E8D->63cacea9-0392-4939-ad39-80c4c73dd84b@group-EE6C16B6C358, cid=2728, SUCCESS, logIndex=4079, commits[63cacea9-0392-4939-ad39-80c4c73dd84b:c4080, bd7b7fea-2a7b-4c3f-852f-c014e42bfcb7:c4076, 3b4aa678-22a6-4ae2-9c6a-0e71cdb9d6d0:c4076]
2019-07-10 03:37:41,043 INFO  client.GrpcClientProtocolClient (GrpcClientProtocolClient.java:onNext(255)) - client-8BD909272E8D->63cacea9-0392-4939-ad39-80c4c73dd84b: receive RaftClientReply:client-8BD909272E8D->63cacea9-0392-4939-ad39-80c4c73dd84b@group-EE6C16B6C358, cid=2729, SUCCESS, logIndex=4080, commits[63cacea9-0392-4939-ad39-80c4c73dd84b:c4080, bd7b7fea-2a7b-4c3f-852f-c014e42bfcb7:c4076, 3b4aa678-22a6-4ae2-9c6a-0e71cdb9d6d0:c4076]
2019-07-10 03:37:41,044 INFO  client.GrpcClientProtocolClient (GrpcClientProtocolClient.java:onNext(255)) - client-8BD909272E8D->63cacea9-0392-4939-ad39-80c4c73dd84b: receive RaftClientReply:client-8BD909272E8D->63cacea9-0392-4939-ad39-80c4c73dd84b@group-EE6C16B6C358, cid=2730, SUCCESS, logIndex=0, commits[63cacea9-0392-4939-ad39-80c4c73dd84b:c4080, bd7b7fea-2a7b-4c3f-852f-c014e42bfcb7:c4078, 3b4aa678-22a6-4ae2-9c6a-0e71cdb9d6d0:c4078]
2019-07-10 03:37:41,085 INFO  client.GrpcClientProtocolClient (GrpcClientProtocolClient.java:onNext(255)) - client-8BD909272E8D->63cacea9-0392-4939-ad39-80c4c73dd84b: receive RaftClientReply:client-8BD909272E8D->63cacea9-0392-4939-ad39-80c4c73dd84b@group-EE6C16B6C358, cid=2731, SUCCESS, logIndex=4085, commits[63cacea9-0392-4939-ad39-80c4c73dd84b:c4086, bd7b7fea-2a7b-4c3f-852f-c014e42bfcb7:c4084, 3b4aa678-22a6-4ae2-9c6a-0e71cdb9d6d0:c4084]
2019-07-10 03:37:41,086 INFO  client.GrpcClientProtocolClient (GrpcClientProtocolClient.java:onNext(255)) - client-8BD909272E8D->63cacea9-0392-4939-ad39-80c4c73dd84b: receive RaftClientReply:client-8BD909272E8D->63cacea9-0392-4939-ad39-80c4c73dd84b@group-EE6C16B6C358, cid=2732, SUCCESS, logIndex=4086, commits[63cacea9-0392-4939-ad39-80c4c73dd84b:c4086, bd7b7fea-2a7b-4c3f-852f-c014e42bfcb7:c4084, 3b4aa678-22a6-4ae2-9c6a-0e71cdb9d6d0:c4084]
2019-07-10 03:37:41,103 INFO  client.GrpcClientProtocolClient (GrpcClientProtocolClient.java:onNext(255)) - client-8BD909272E8D->63cacea9-0392-4939-ad39-80c4c73dd84b: receive RaftClientReply:client-8BD909272E8D->63cacea9-0392-4939-ad39-80c4c73dd84b@group-EE6C16B6C358, cid=2733, SUCCESS, logIndex=4089, commits[63cacea9-0392-4939-ad39-80c4c73dd84b:c4090, bd7b7fea-2a7b-4c3f-852f-c014e42bfcb7:c4088, 3b4aa678-22a6-4ae2-9c6a-0e71cdb9d6d0:c4088]
2019-07-10 03:37:41,104 INFO  client.GrpcClientProtocolClient (GrpcClientProtocolClient.java:onNext(255)) - client-8BD909272E8D->63cacea9-0392-4939-ad39-80c4c73dd84b: receive RaftClientReply:client-8BD909272E8D->63cacea9-0392-4939-ad39-80c4c73dd84b@group-EE6C16B6C358, cid=2734, SUCCESS, logIndex=4090, commits[63cacea9-0392-4939-ad39-80c4c73dd84b:c4090, bd7b7fea-2a7b-4c3f-852f-c014e42bfcb7:c4088, 3b4aa678-22a6-4ae2-9c6a-0e71cdb9d6d0:c4088]
2019-07-10 03:37:41,117 INFO  client.GrpcClientProtocolClient (GrpcClientProtocolClient.java:onNext(255)) - client-8BD909272E8D->63cacea9-0392-4939-ad39-80c4c73dd84b: receive RaftClientReply:client-8BD909272E8D->63cacea9-0392-4939-ad39-80c4c73dd84b@group-EE6C16B6C358, cid=2735, SUCCESS, logIndex=0, commits[63cacea9-0392-4939-ad39-80c4c73dd84b:c4092, bd7b7fea-2a7b-4c3f-852f-c014e42bfcb7:c4090, 3b4aa678-22a6-4ae2-9c6a-0e71cdb9d6d0:c4090]
2019-07-10 03:37:41,148 INFO  client.GrpcClientProtocolClient (GrpcClientProtocolClient.java:onNext(255)) - client-8BD909272E8D->63cacea9-0392-4939-ad39-80c4c73dd84b: receive RaftClientReply:client-8BD909272E8D->63cacea9-0392-4939-ad39-80c4c73dd84b@group-EE6C16B6C358, cid=2736, SUCCESS, logIndex=4093, commits[63cacea9-0392-4939-ad39-80c4c73dd84b:c4094, bd7b7fea-2a7b-4c3f-852f-c014e42bfcb7:c4092, 3b4aa678-22a6-4ae2-9c6a-0e71cdb9d6d0:c4092]
2019-07-10 03:37:41,149 INFO  client.GrpcClientProtocolClient (GrpcClientProtocolClient.java:onNext(255)) - client-8BD909272E8D->63cacea9-0392-4939-ad39-80c4c73dd84b: receive RaftClientReply:client-8BD909272E8D->63cacea9-0392-4939-ad39-80c4c73dd84b@group-EE6C16B6C358, cid=2737, SUCCESS, logIndex=4094, commits[63cacea9-0392-4939-ad39-80c4c73dd84b:c4094, bd7b7fea-2a7b-4c3f-852f-c014e42bfcb7:c4092, 3b4aa678-22a6-4ae2-9c6a-0e71cdb9d6d0:c4092]
2019-07-10 03:37:41,150 INFO  client.GrpcClientProtocolClient (GrpcClientProtocolClient.java:onNext(255)) - client-8BD909272E8D->63cacea9-0392-4939-ad39-80c4c73dd84b: receive RaftClientReply:client-8BD909272E8D->63cacea9-0392-4939-ad39-80c4c73dd84b@group-EE6C16B6C358, cid=2738, SUCCESS, logIndex=4095, commits[63cacea9-0392-4939-ad39-80c4c73dd84b:c4096, bd7b7fea-2a7b-4c3f-852f-c014e42bfcb7:c4092, 3b4aa678-22a6-4ae2-9c6a-0e71cdb9d6d0:c4092]
2019-07-10 03:37:41,150 INFO  client.GrpcClientProtocolClient (GrpcClientProtocolClient.java:onNext(255)) - client-8BD909272E8D->63cacea9-0392-4939-ad39-80c4c73dd84b: receive RaftClientReply:client-8BD909272E8D->63cacea9-0392-4939-ad39-80c4c73dd84b@group-EE6C16B6C358, cid=2739, SUCCESS, logIndex=4096, commits[63cacea9-0392-4939-ad39-80c4c73dd84b:c4096, bd7b7fea-2a7b-4c3f-852f-c014e42bfcb7:c4092, 3b4aa678-22a6-4ae2-9c6a-0e71cdb9d6d0:c4092]
2019-07-10 03:37:41,151 INFO  client.GrpcClientProtocolClient (GrpcClientProtocolClient.java:onNext(255)) - client-8BD909272E8D->63cacea9-0392-4939-ad39-80c4c73dd84b: receive RaftClientReply:client-8BD909272E8D->63cacea9-0392-4939-ad39-80c4c73dd84b@group-EE6C16B6C358, cid=2740, SUCCESS, logIndex=0, commits[63cacea9-0392-4939-ad39-80c4c73dd84b:c4098, bd7b7fea-2a7b-4c3f-852f-c014e42bfcb7:c4094, 3b4aa678-22a6-4ae2-9c6a-0e71cdb9d6d0:c4094]
2019-07-10 03:37:41,176 INFO  client.GrpcClientProtocolClient (GrpcClientProtocolClient.java:onNext(255)) - client-8BD909272E8D->63cacea9-0392-4939-ad39-80c4c73dd84b: receive RaftClientReply:client-8BD909272E8D->63cacea9-0392-4939-ad39-80c4c73dd84b@group-EE6C16B6C358, cid=2741, SUCCESS, logIndex=4101, commits[63cacea9-0392-4939-ad39-80c4c73dd84b:c4102, bd7b7fea-2a7b-4c3f-852f-c014e42bfcb7:c4096, 3b4aa678-22a6-4ae2-9c6a-0e71cdb9d6d0:c4098]
2019-07-10 03:37:41,176 INFO  client.GrpcClientProtocolClient (GrpcClientProtocolClient.java:onNext(255)) - client-8BD909272E8D->63cacea9-0392-4939-ad39-80c4c73dd84b: receive RaftClientReply:client-8BD909272E8D->63cacea9-0392-4939-ad39-80c4c73dd84b@group-EE6C16B6C358, cid=2742, SUCCESS, logIndex=4102, commits[63cacea9-0392-4939-ad39-80c4c73dd84b:c4102, bd7b7fea-2a7b-4c3f-852f-c014e42bfcb7:c4098, 3b4aa678-22a6-4ae2-9c6a-0e71cdb9d6d0:c4098]
2019-07-10 03:37:41,204 INFO  client.GrpcClientProtocolClient (GrpcClientProtocolClient.java:onNext(255)) - client-8BD909272E8D->63cacea9-0392-4939-ad39-80c4c73dd84b: receive RaftClientReply:client-8BD909272E8D->63cacea9-0392-4939-ad39-80c4c73dd84b@group-EE6C16B6C358, cid=2743, SUCCESS, logIndex=4105, commits[63cacea9-0392-4939-ad39-80c4c73dd84b:c4106, bd7b7fea-2a7b-4c3f-852f-c014e42bfcb7:c4102, 3b4aa678-22a6-4ae2-9c6a-0e71cdb9d6d0:c4102]
2019-07-10 03:37:41,204 INFO  client.GrpcClientProtocolClient (GrpcClientProtocolClient.java:onNext(255)) - client-8BD909272E8D->63cacea9-0392-4939-ad39-80c4c73dd84b: receive RaftClientReply:client-8BD909272E8D->63cacea9-0392-4939-ad39-80c4c73dd84b@group-EE6C16B6C358, cid=2744, SUCCESS, logIndex=4106, commits[63cacea9-0392-4939-ad39-80c4c73dd84b:c4106, bd7b7fea-2a7b-4c3f-852f-c014e42bfcb7:c4102, 3b4aa678-22a6-4ae2-9c6a-0e71cdb9d6d0:c4102]
2019-07-10 03:37:41,217 INFO  client.GrpcClientProtocolClient (GrpcClientProtocolClient.java:onNext(255)) - client-8BD909272E8D->63cacea9-0392-4939-ad39-80c4c73dd84b: receive RaftClientReply:client-8BD909272E8D->63cacea9-0392-4939-ad39-80c4c73dd84b@group-EE6C16B6C358, cid=2745, SUCCESS, logIndex=0, commits[63cacea9-0392-4939-ad39-80c4c73dd84b:c4107, bd7b7fea-2a7b-4c3f-852f-c014e42bfcb7:c4106, 3b4aa678-22a6-4ae2-9c6a-0e71cdb9d6d0:c4106]
2019-07-10 03:37:41,254 INFO  client.GrpcClientProtocolClient (GrpcClientProtocolClient.java:onNext(255)) - client-8BD909272E8D->63cacea9-0392-4939-ad39-80c4c73dd84b: receive RaftClientReply:client-8BD909272E8D->63cacea9-0392-4939-ad39-80c4c73dd84b@group-EE6C16B6C358, cid=2746, SUCCESS, logIndex=4108, commits[63cacea9-0392-4939-ad39-80c4c73dd84b:c4108, bd7b7fea-2a7b-4c3f-852f-c014e42bfcb7:c4107, 3b4aa678-22a6-4ae2-9c6a-0e71cdb9d6d0:c4107]
2019-07-10 03:37:41,254 INFO  client.GrpcClientProtocolClient (GrpcClientProtocolClient.java:onNext(255)) - client-8BD909272E8D->63cacea9-0392-4939-ad39-80c4c73dd84b: receive RaftClientReply:client-8BD909272E8D->63cacea9-0392-4939-ad39-80c4c73dd84b@group-EE6C16B6C358, cid=2747, SUCCESS, logIndex=4109, commits[63cacea9-0392-4939-ad39-80c4c73dd84b:c4111, bd7b7fea-2a7b-4c3f-852f-c014e42bfcb7:c4107, 3b4aa678-22a6-4ae2-9c6a-0e71cdb9d6d0:c4107]
2019-07-10 03:37:41,255 INFO  client.GrpcClientProtocolClient (GrpcClientProtocolClient.java:onNext(255)) - client-8BD909272E8D->63cacea9-0392-4939-ad39-80c4c73dd84b: receive RaftClientReply:client-8BD909272E8D->63cacea9-0392-4939-ad39-80c4c73dd84b@group-EE6C16B6C358, cid=2748, SUCCESS, logIndex=4110, commits[63cacea9-0392-4939-ad39-80c4c73dd84b:c4111, bd7b7fea-2a7b-4c3f-852f-c014e42bfcb7:c4107, 3b4aa678-22a6-4ae2-9c6a-0e71cdb9d6d0:c4107]
2019-07-10 03:37:41,255 INFO  client.GrpcClientProtocolClient (GrpcClientProtocolClient.java:onNext(255)) - client-8BD909272E8D->63cacea9-0392-4939-ad39-80c4c73dd84b: receive RaftClientReply:client-8BD909272E8D->63cacea9-0392-4939-ad39-80c4c73dd84b@group-EE6C16B6C358, cid=2749, SUCCESS, logIndex=4111, commits[63cacea9-0392-4939-ad39-80c4c73dd84b:c4111, bd7b7fea-2a7b-4c3f-852f-c014e42bfcb7:c4107, 3b4aa678-22a6-4ae2-9c6a-0e71cdb9d6d0:c4107]
2019-07-10 03:37:41,279 INFO  client.GrpcClientProtocolClient (GrpcClientProtocolClient.java:onNext(255)) - client-8BD909272E8D->63cacea9-0392-4939-ad39-80c4c73dd84b: receive RaftClientReply:client-8BD909272E8D->63cacea9-0392-4939-ad39-80c4c73dd84b@group-EE6C16B6C358, cid=2750, SUCCESS, logIndex=0, commits[63cacea9-0392-4939-ad39-80c4c73dd84b:c4113, bd7b7fea-2a7b-4c3f-852f-c014e42bfcb7:c4111, 3b4aa678-22a6-4ae2-9c6a-0e71cdb9d6d0:c4111]
2019-07-10 03:37:41,293 INFO  client.GrpcClientProtocolClient (GrpcClientProtocolClient.java:onNext(255)) - client-8BD909272E8D->63cacea9-0392-4939-ad39-80c4c73dd84b: receive RaftClientReply:client-8BD909272E8D->63cacea9-0392-4939-ad39-80c4c73dd84b@group-EE6C16B6C358, cid=2751, SUCCESS, logIndex=4114, commits[63cacea9-0392-4939-ad39-80c4c73dd84b:c4115, bd7b7fea-2a7b-4c3f-852f-c014e42bfcb7:c4113, 3b4aa678-22a6-4ae2-9c6a-0e71cdb9d6d0:c4113]
2019-07-10 03:37:41,293 INFO  client.GrpcClientProtocolClient (GrpcClientProtocolClient.java:onNext(255)) - client-8BD909272E8D->63cacea9-0392-4939-ad39-80c4c73dd84b: receive RaftClientReply:client-8BD909272E8D->63cacea9-0392-4939-ad39-80c4c73dd84b@group-EE6C16B6C358, cid=2752, SUCCESS, logIndex=4115, commits[63cacea9-0392-4939-ad39-80c4c73dd84b:c4115, bd7b7fea-2a7b-4c3f-852f-c014e42bfcb7:c4113, 3b4aa678-22a6-4ae2-9c6a-0e71cdb9d6d0:c4113]
2019-07-10 03:37:41,309 INFO  client.GrpcClientProtocolClient (GrpcClientProtocolClient.java:onNext(255)) - client-8BD909272E8D->63cacea9-0392-4939-ad39-80c4c73dd84b: receive RaftClientReply:client-8BD909272E8D->63cacea9-0392-4939-ad39-80c4c73dd84b@group-EE6C16B6C358, cid=2753, SUCCESS, logIndex=4117, commits[63cacea9-0392-4939-ad39-80c4c73dd84b:c4118, bd7b7fea-2a7b-4c3f-852f-c014e42bfcb7:c4116, 3b4aa678-22a6-4ae2-9c6a-0e71cdb9d6d0:c4116]
2019-07-10 03:37:41,310 INFO  client.GrpcClientProtocolClient (GrpcClientProtocolClient.java:onNext(255)) - client-8BD909272E8D->63cacea9-0392-4939-ad39-80c4c73dd84b: receive RaftClientReply:client-8BD909272E8D->63cacea9-0392-4939-ad39-80c4c73dd84b@group-EE6C16B6C358, cid=2754, SUCCESS, logIndex=4118, commits[63cacea9-0392-4939-ad39-80c4c73dd84b:c4118, bd7b7fea-2a7b-4c3f-852f-c014e42bfcb7:c4116, 3b4aa678-22a6-4ae2-9c6a-0e71cdb9d6d0:c4116]
2019-07-10 03:37:41,455 INFO  client.GrpcClientProtocolClient (GrpcClientProtocolClient.java:onNext(255)) - client-8BD909272E8D->63cacea9-0392-4939-ad39-80c4c73dd84b: receive RaftClientReply:client-8BD909272E8D->63cacea9-0392-4939-ad39-80c4c73dd84b@group-EE6C16B6C358, cid=2755, SUCCESS, logIndex=0, commits[63cacea9-0392-4939-ad39-80c4c73dd84b:c4120, bd7b7fea-2a7b-4c3f-852f-c014e42bfcb7:c4118, 3b4aa678-22a6-4ae2-9c6a-0e71cdb9d6d0:c4118]
2019-07-10 03:37:41,487 INFO  client.GrpcClientProtocolClient (GrpcClientProtocolClient.java:onNext(255)) - client-8BD909272E8D->63cacea9-0392-4939-ad39-80c4c73dd84b: receive RaftClientReply:client-8BD909272E8D->63cacea9-0392-4939-ad39-80c4c73dd84b@group-EE6C16B6C358, cid=2756, SUCCESS, logIndex=4121, commits[63cacea9-0392-4939-ad39-80c4c73dd84b:c4122, bd7b7fea-2a7b-4c3f-852f-c014e42bfcb7:c4120, 3b4aa678-22a6-4ae2-9c6a-0e71cdb9d6d0:c4120]
2019-07-10 03:37:41,488 INFO  client.GrpcClientProtocolClient (GrpcClientProtocolClient.java:onNext(255)) - client-8BD909272E8D->63cacea9-0392-4939-ad39-80c4c73dd84b: receive RaftClientReply:client-8BD909272E8D->63cacea9-0392-4939-ad39-80c4c73dd84b@group-EE6C16B6C358, cid=2757, SUCCESS, logIndex=4122, commits[63cacea9-0392-4939-ad39-80c4c73dd84b:c4124, bd7b7fea-2a7b-4c3f-852f-c014e42bfcb7:c4120, 3b4aa678-22a6-4ae2-9c6a-0e71cdb9d6d0:c4120]
2019-07-10 03:37:41,488 INFO  client.GrpcClientProtocolClient (GrpcClientProtocolClient.java:onNext(255)) - client-8BD909272E8D->63cacea9-0392-4939-ad39-80c4c73dd84b: receive RaftClientReply:client-8BD909272E8D->63cacea9-0392-4939-ad39-80c4c73dd84b@group-EE6C16B6C358, cid=2758, SUCCESS, logIndex=4123, commits[63cacea9-0392-4939-ad39-80c4c73dd84b:c4124, bd7b7fea-2a7b-4c3f-852f-c014e42bfcb7:c4120, 3b4aa678-22a6-4ae2-9c6a-0e71cdb9d6d0:c4120]
2019-07-10 03:37:41,489 INFO  client.GrpcClientProtocolClient (GrpcClientProtocolClient.java:onNext(255)) - client-8BD909272E8D->63cacea9-0392-4939-ad39-80c4c73dd84b: receive RaftClientReply:client-8BD909272E8D->63cacea9-0392-4939-ad39-80c4c73dd84b@group-EE6C16B6C358, cid=2759, SUCCESS, logIndex=4124, commits[63cacea9-0392-4939-ad39-80c4c73dd84b:c4124, bd7b7fea-2a7b-4c3f-852f-c014e42bfcb7:c4120, 3b4aa678-22a6-4ae2-9c6a-0e71cdb9d6d0:c4120]
2019-07-10 03:37:41,490 INFO  client.GrpcClientProtocolClient (GrpcClientProtocolClient.java:onNext(255)) - client-8BD909272E8D->63cacea9-0392-4939-ad39-80c4c73dd84b: receive RaftClientReply:client-8BD909272E8D->63cacea9-0392-4939-ad39-80c4c73dd84b@group-EE6C16B6C358, cid=2760, SUCCESS, logIndex=0, commits[63cacea9-0392-4939-ad39-80c4c73dd84b:c4125, bd7b7fea-2a7b-4c3f-852f-c014e42bfcb7:c4122, 3b4aa678-22a6-4ae2-9c6a-0e71cdb9d6d0:c4122]
2019-07-10 03:37:41,504 INFO  client.GrpcClientProtocolClient (GrpcClientProtocolClient.java:onNext(255)) - client-8BD909272E8D->63cacea9-0392-4939-ad39-80c4c73dd84b: receive RaftClientReply:client-8BD909272E8D->63cacea9-0392-4939-ad39-80c4c73dd84b@group-EE6C16B6C358, cid=2761, SUCCESS, logIndex=4128, commits[63cacea9-0392-4939-ad39-80c4c73dd84b:c4129, bd7b7fea-2a7b-4c3f-852f-c014e42bfcb7:c4124, 3b4aa678-22a6-4ae2-9c6a-0e71cdb9d6d0:c4125]
2019-07-10 03:37:41,504 INFO  client.GrpcClientProtocolClient (GrpcClientProtocolClient.java:onNext(255)) - client-8BD909272E8D->63cacea9-0392-4939-ad39-80c4c73dd84b: receive RaftClientReply:client-8BD909272E8D->63cacea9-0392-4939-ad39-80c4c73dd84b@group-EE6C16B6C358, cid=2762, SUCCESS, logIndex=4129, commits[63cacea9-0392-4939-ad39-80c4c73dd84b:c4129, bd7b7fea-2a7b-4c3f-852f-c014e42bfcb7:c4125, 3b4aa678-22a6-4ae2-9c6a-0e71cdb9d6d0:c4125]
2019-07-10 03:37:41,520 INFO  client.GrpcClientProtocolClient (GrpcClientProtocolClient.java:onNext(255)) - client-8BD909272E8D->63cacea9-0392-4939-ad39-80c4c73dd84b: receive RaftClientReply:client-8BD909272E8D->63cacea9-0392-4939-ad39-80c4c73dd84b@group-EE6C16B6C358, cid=2763, SUCCESS, logIndex=4132, commits[63cacea9-0392-4939-ad39-80c4c73dd84b:c4133, bd7b7fea-2a7b-4c3f-852f-c014e42bfcb7:c4129, 3b4aa678-22a6-4ae2-9c6a-0e71cdb9d6d0:c4130]
2019-07-10 03:37:41,520 INFO  client.GrpcClientProtocolClient (GrpcClientProtocolClient.java:onNext(255)) - client-8BD909272E8D->63cacea9-0392-4939-ad39-80c4c73dd84b: receive RaftClientReply:client-8BD909272E8D->63cacea9-0392-4939-ad39-80c4c73dd84b@group-EE6C16B6C358, cid=2764, SUCCESS, logIndex=4133, commits[63cacea9-0392-4939-ad39-80c4c73dd84b:c4133, bd7b7fea-2a7b-4c3f-852f-c014e42bfcb7:c4130, 3b4aa678-22a6-4ae2-9c6a-0e71cdb9d6d0:c4130]
2019-07-10 03:37:41,522 INFO  client.GrpcClientProtocolClient (GrpcClientProtocolClient.java:onNext(255)) - client-8BD909272E8D->63cacea9-0392-4939-ad39-80c4c73dd84b: receive RaftClientReply:client-8BD909272E8D->63cacea9-0392-4939-ad39-80c4c73dd84b@group-EE6C16B6C358, cid=2765, SUCCESS, logIndex=0, commits[63cacea9-0392-4939-ad39-80c4c73dd84b:c4134, bd7b7fea-2a7b-4c3f-852f-c014e42bfcb7:c4133, 3b4aa678-22a6-4ae2-9c6a-0e71cdb9d6d0:c4133]
2019-07-10 03:37:41,554 INFO  client.GrpcClientProtocolClient (GrpcClientProtocolClient.java:onNext(255)) - client-8BD909272E8D->63cacea9-0392-4939-ad39-80c4c73dd84b: receive RaftClientReply:client-8BD909272E8D->63cacea9-0392-4939-ad39-80c4c73dd84b@group-EE6C16B6C358, cid=2766, SUCCESS, logIndex=4136, commits[63cacea9-0392-4939-ad39-80c4c73dd84b:c4137, bd7b7fea-2a7b-4c3f-852f-c014e42bfcb7:c4135, 3b4aa678-22a6-4ae2-9c6a-0e71cdb9d6d0:c4135]
2019-07-10 03:37:41,555 INFO  client.GrpcClientProtocolClient (GrpcClientProtocolClient.java:onNext(255)) - client-8BD909272E8D->63cacea9-0392-4939-ad39-80c4c73dd84b: receive RaftClientReply:client-8BD909272E8D->63cacea9-0392-4939-ad39-80c4c73dd84b@group-EE6C16B6C358, cid=2767, SUCCESS, logIndex=4137, commits[63cacea9-0392-4939-ad39-80c4c73dd84b:c4137, bd7b7fea-2a7b-4c3f-852f-c014e42bfcb7:c4135, 3b4aa678-22a6-4ae2-9c6a-0e71cdb9d6d0:c4135]
2019-07-10 03:37:41,555 INFO  client.GrpcClientProtocolClient (GrpcClientProtocolClient.java:onNext(255)) - client-8BD909272E8D->63cacea9-0392-4939-ad39-80c4c73dd84b: receive RaftClientReply:client-8BD909272E8D->63cacea9-0392-4939-ad39-80c4c73dd84b@group-EE6C16B6C358, cid=2768, SUCCESS, logIndex=4138, commits[63cacea9-0392-4939-ad39-80c4c73dd84b:c4139, bd7b7fea-2a7b-4c3f-852f-c014e42bfcb7:c4135, 3b4aa678-22a6-4ae2-9c6a-0e71cdb9d6d0:c4135]
2019-07-10 03:37:41,555 INFO  client.GrpcClientProtocolClient (GrpcClientProtocolClient.java:onNext(255)) - client-8BD909272E8D->63cacea9-0392-4939-ad39-80c4c73dd84b: receive RaftClientReply:client-8BD909272E8D->63cacea9-0392-4939-ad39-80c4c73dd84b@group-EE6C16B6C358, cid=2769, SUCCESS, logIndex=4139, commits[63cacea9-0392-4939-ad39-80c4c73dd84b:c4139, bd7b7fea-2a7b-4c3f-852f-c014e42bfcb7:c4135, 3b4aa678-22a6-4ae2-9c6a-0e71cdb9d6d0:c4135]
2019-07-10 03:37:41,570 INFO  client.GrpcClientProtocolClient (GrpcClientProtocolClient.java:onNext(255)) - client-8BD909272E8D->63cacea9-0392-4939-ad39-80c4c73dd84b: receive RaftClientReply:client-8BD909272E8D->63cacea9-0392-4939-ad39-80c4c73dd84b@group-EE6C16B6C358, cid=2770, SUCCESS, logIndex=0, commits[63cacea9-0392-4939-ad39-80c4c73dd84b:c4141, bd7b7fea-2a7b-4c3f-852f-c014e42bfcb7:c4137, 3b4aa678-22a6-4ae2-9c6a-0e71cdb9d6d0:c4137]
2019-07-10 03:37:41,593 INFO  client.GrpcClientProtocolClient (GrpcClientProtocolClient.java:onNext(255)) - client-8BD909272E8D->63cacea9-0392-4939-ad39-80c4c73dd84b: receive RaftClientReply:client-8BD909272E8D->63cacea9-0392-4939-ad39-80c4c73dd84b@group-EE6C16B6C358, cid=2771, SUCCESS, logIndex=4144, commits[63cacea9-0392-4939-ad39-80c4c73dd84b:c4145, bd7b7fea-2a7b-4c3f-852f-c014e42bfcb7:c4139, 3b4aa678-22a6-4ae2-9c6a-0e71cdb9d6d0:c4143]
2019-07-10 03:37:41,594 INFO  client.GrpcClientProtocolClient (GrpcClientProtocolClient.java:onNext(255)) - client-8BD909272E8D->63cacea9-0392-4939-ad39-80c4c73dd84b: receive RaftClientReply:client-8BD909272E8D->63cacea9-0392-4939-ad39-80c4c73dd84b@group-EE6C16B6C358, cid=2772, SUCCESS, logIndex=4145, commits[63cacea9-0392-4939-ad39-80c4c73dd84b:c4145, bd7b7fea-2a7b-4c3f-852f-c014e42bfcb7:c4143, 3b4aa678-22a6-4ae2-9c6a-0e71cdb9d6d0:c4143]
2019-07-10 03:37:41,621 INFO  client.GrpcClientProtocolClient (GrpcClientProtocolClient.java:onNext(255)) - client-8BD909272E8D->63cacea9-0392-4939-ad39-80c4c73dd84b: receive RaftClientReply:client-8BD909272E8D->63cacea9-0392-4939-ad39-80c4c73dd84b@group-EE6C16B6C358, cid=2773, SUCCESS, logIndex=4148, commits[63cacea9-0392-4939-ad39-80c4c73dd84b:c4149, bd7b7fea-2a7b-4c3f-852f-c014e42bfcb7:c4146, 3b4aa678-22a6-4ae2-9c6a-0e71cdb9d6d0:c4146]
2019-07-10 03:37:41,622 INFO  client.GrpcClientProtocolClient (GrpcClientProtocolClient.java:onNext(255)) - client-8BD909272E8D->63cacea9-0392-4939-ad39-80c4c73dd84b: receive RaftClientReply:client-8BD909272E8D->63cacea9-0392-4939-ad39-80c4c73dd84b@group-EE6C16B6C358, cid=2774, SUCCESS, logIndex=4149, commits[63cacea9-0392-4939-ad39-80c4c73dd84b:c4149, bd7b7fea-2a7b-4c3f-852f-c014e42bfcb7:c4146, 3b4aa678-22a6-4ae2-9c6a-0e71cdb9d6d0:c4146]
2019-07-10 03:37:41,636 INFO  client.GrpcClientProtocolClient (GrpcClientProtocolClient.java:onNext(255)) - client-8BD909272E8D->63cacea9-0392-4939-ad39-80c4c73dd84b: receive RaftClientReply:client-8BD909272E8D->63cacea9-0392-4939-ad39-80c4c73dd84b@group-EE6C16B6C358, cid=2775, SUCCESS, logIndex=0, commits[63cacea9-0392-4939-ad39-80c4c73dd84b:c4151, bd7b7fea-2a7b-4c3f-852f-c014e42bfcb7:c4149, 3b4aa678-22a6-4ae2-9c6a-0e71cdb9d6d0:c4149]
2019-07-10 03:37:41,668 INFO  client.GrpcClientProtocolClient (GrpcClientProtocolClient.java:onNext(255)) - client-8BD909272E8D->63cacea9-0392-4939-ad39-80c4c73dd84b: receive RaftClientReply:client-8BD909272E8D->63cacea9-0392-4939-ad39-80c4c73dd84b@group-EE6C16B6C358, cid=2776, SUCCESS, logIndex=4152, commits[63cacea9-0392-4939-ad39-80c4c73dd84b:c4153, bd7b7fea-2a7b-4c3f-852f-c014e42bfcb7:c4151, 3b4aa678-22a6-4ae2-9c6a-0e71cdb9d6d0:c4151]
2019-07-10 03:37:41,668 INFO  client.GrpcClientProtocolClient (GrpcClientProtocolClient.java:onNext(255)) - client-8BD909272E8D->63cacea9-0392-4939-ad39-80c4c73dd84b: receive RaftClientReply:client-8BD909272E8D->63cacea9-0392-4939-ad39-80c4c73dd84b@group-EE6C16B6C358, cid=2777, SUCCESS, logIndex=4153, commits[63cacea9-0392-4939-ad39-80c4c73dd84b:c4155, bd7b7fea-2a7b-4c3f-852f-c014e42bfcb7:c4151, 3b4aa678-22a6-4ae2-9c6a-0e71cdb9d6d0:c4151]
2019-07-10 03:37:41,669 INFO  client.GrpcClientProtocolClient (GrpcClientProtocolClient.java:onNext(255)) - client-8BD909272E8D->63cacea9-0392-4939-ad39-80c4c73dd84b: receive RaftClientReply:client-8BD909272E8D->63cacea9-0392-4939-ad39-80c4c73dd84b@group-EE6C16B6C358, cid=2778, SUCCESS, logIndex=4154, commits[63cacea9-0392-4939-ad39-80c4c73dd84b:c4155, bd7b7fea-2a7b-4c3f-852f-c014e42bfcb7:c4151, 3b4aa678-22a6-4ae2-9c6a-0e71cdb9d6d0:c4151]
2019-07-10 03:37:41,669 INFO  client.GrpcClientProtocolClient (GrpcClientProtocolClient.java:onNext(255)) - client-8BD909272E8D->63cacea9-0392-4939-ad39-80c4c73dd84b: receive RaftClientReply:client-8BD909272E8D->63cacea9-0392-4939-ad39-80c4c73dd84b@group-EE6C16B6C358, cid=2779, SUCCESS, logIndex=4155, commits[63cacea9-0392-4939-ad39-80c4c73dd84b:c4155, bd7b7fea-2a7b-4c3f-852f-c014e42bfcb7:c4151, 3b4aa678-22a6-4ae2-9c6a-0e71cdb9d6d0:c4151]
2019-07-10 03:37:41,671 INFO  client.GrpcClientProtocolClient (GrpcClientProtocolClient.java:onNext(255)) - client-8BD909272E8D->63cacea9-0392-4939-ad39-80c4c73dd84b: receive RaftClientReply:client-8BD909272E8D->63cacea9-0392-4939-ad39-80c4c73dd84b@group-EE6C16B6C358, cid=2780, SUCCESS, logIndex=0, commits[63cacea9-0392-4939-ad39-80c4c73dd84b:c4156, bd7b7fea-2a7b-4c3f-852f-c014e42bfcb7:c4153, 3b4aa678-22a6-4ae2-9c6a-0e71cdb9d6d0:c4153]
2019-07-10 03:37:41,685 INFO  client.GrpcClientProtocolClient (GrpcClientProtocolClient.java:onNext(255)) - client-8BD909272E8D->63cacea9-0392-4939-ad39-80c4c73dd84b: receive RaftClientReply:client-8BD909272E8D->63cacea9-0392-4939-ad39-80c4c73dd84b@group-EE6C16B6C358, cid=2781, SUCCESS, logIndex=4160, commits[63cacea9-0392-4939-ad39-80c4c73dd84b:c4161, bd7b7fea-2a7b-4c3f-852f-c014e42bfcb7:c4155, 3b4aa678-22a6-4ae2-9c6a-0e71cdb9d6d0:c4156]
2019-07-10 03:37:41,685 INFO  client.GrpcClientProtocolClient (GrpcClientProtocolClient.java:onNext(255)) - client-8BD909272E8D->63cacea9-0392-4939-ad39-80c4c73dd84b: receive RaftClientReply:client-8BD909272E8D->63cacea9-0392-4939-ad39-80c4c73dd84b@group-EE6C16B6C358, cid=2782, SUCCESS, logIndex=4161, commits[63cacea9-0392-4939-ad39-80c4c73dd84b:c4161, bd7b7fea-2a7b-4c3f-852f-c014e42bfcb7:c4155, 3b4aa678-22a6-4ae2-9c6a-0e71cdb9d6d0:c4156]
2019-07-10 03:37:41,709 INFO  client.GrpcClientProtocolClient (GrpcClientProtocolClient.java:onNext(255)) - client-8BD909272E8D->63cacea9-0392-4939-ad39-80c4c73dd84b: receive RaftClientReply:client-8BD909272E8D->63cacea9-0392-4939-ad39-80c4c73dd84b@group-EE6C16B6C358, cid=2783, SUCCESS, logIndex=4164, commits[63cacea9-0392-4939-ad39-80c4c73dd84b:c4165, bd7b7fea-2a7b-4c3f-852f-c014e42bfcb7:c4161, 3b4aa678-22a6-4ae2-9c6a-0e71cdb9d6d0:c4161]
2019-07-10 03:37:41,709 INFO  client.GrpcClientProtocolClient (GrpcClientProtocolClient.java:onNext(255)) - client-8BD909272E8D->63cacea9-0392-4939-ad39-80c4c73dd84b: receive RaftClientReply:client-8BD909272E8D->63cacea9-0392-4939-ad39-80c4c73dd84b@group-EE6C16B6C358, cid=2784, SUCCESS, logIndex=4165, commits[63cacea9-0392-4939-ad39-80c4c73dd84b:c4165, bd7b7fea-2a7b-4c3f-852f-c014e42bfcb7:c4161, 3b4aa678-22a6-4ae2-9c6a-0e71cdb9d6d0:c4161]
2019-07-10 03:37:41,721 INFO  client.GrpcClientProtocolClient (GrpcClientProtocolClient.java:onNext(255)) - client-8BD909272E8D->63cacea9-0392-4939-ad39-80c4c73dd84b: receive RaftClientReply:client-8BD909272E8D->63cacea9-0392-4939-ad39-80c4c73dd84b@group-EE6C16B6C358, cid=2785, SUCCESS, logIndex=0, commits[63cacea9-0392-4939-ad39-80c4c73dd84b:c4166, bd7b7fea-2a7b-4c3f-852f-c014e42bfcb7:c4165, 3b4aa678-22a6-4ae2-9c6a-0e71cdb9d6d0:c4165]
 0.00% |█                                                                                                    |  0/1 Time: 0:00:242019-07-10 03:37:41,751 INFO  client.GrpcClientProtocolClient (GrpcClientProtocolClient.java:onNext(255)) - client-8BD909272E8D->63cacea9-0392-4939-ad39-80c4c73dd84b: receive RaftClientReply:client-8BD909272E8D->63cacea9-0392-4939-ad39-80c4c73dd84b@group-EE6C16B6C358, cid=2786, SUCCESS, logIndex=4168, commits[63cacea9-0392-4939-ad39-80c4c73dd84b:c4170, bd7b7fea-2a7b-4c3f-852f-c014e42bfcb7:c4167, 3b4aa678-22a6-4ae2-9c6a-0e71cdb9d6d0:c4167]
2019-07-10 03:37:41,752 INFO  client.GrpcClientProtocolClient (GrpcClientProtocolClient.java:onNext(255)) - client-8BD909272E8D->63cacea9-0392-4939-ad39-80c4c73dd84b: receive RaftClientReply:client-8BD909272E8D->63cacea9-0392-4939-ad39-80c4c73dd84b@group-EE6C16B6C358, cid=2787, SUCCESS, logIndex=4169, commits[63cacea9-0392-4939-ad39-80c4c73dd84b:c4171, bd7b7fea-2a7b-4c3f-852f-c014e42bfcb7:c4167, 3b4aa678-22a6-4ae2-9c6a-0e71cdb9d6d0:c4167]
2019-07-10 03:37:41,752 INFO  client.GrpcClientProtocolClient (GrpcClientProtocolClient.java:onNext(255)) - client-8BD909272E8D->63cacea9-0392-4939-ad39-80c4c73dd84b: receive RaftClientReply:client-8BD909272E8D->63cacea9-0392-4939-ad39-80c4c73dd84b@group-EE6C16B6C358, cid=2788, SUCCESS, logIndex=4170, commits[63cacea9-0392-4939-ad39-80c4c73dd84b:c4171, bd7b7fea-2a7b-4c3f-852f-c014e42bfcb7:c4167, 3b4aa678-22a6-4ae2-9c6a-0e71cdb9d6d0:c4167]
2019-07-10 03:37:41,753 INFO  client.GrpcClientProtocolClient (GrpcClientProtocolClient.java:onNext(255)) - client-8BD909272E8D->63cacea9-0392-4939-ad39-80c4c73dd84b: receive RaftClientReply:client-8BD909272E8D->63cacea9-0392-4939-ad39-80c4c73dd84b@group-EE6C16B6C358, cid=2789, SUCCESS, logIndex=4171, commits[63cacea9-0392-4939-ad39-80c4c73dd84b:c4171, bd7b7fea-2a7b-4c3f-852f-c014e42bfcb7:c4167, 3b4aa678-22a6-4ae2-9c6a-0e71cdb9d6d0:c4168]
2019-07-10 03:37:41,766 INFO  client.GrpcClientProtocolClient (GrpcClientProtocolClient.java:onNext(255)) - client-8BD909272E8D->63cacea9-0392-4939-ad39-80c4c73dd84b: receive RaftClientReply:client-8BD909272E8D->63cacea9-0392-4939-ad39-80c4c73dd84b@group-EE6C16B6C358, cid=2790, SUCCESS, logIndex=0, commits[63cacea9-0392-4939-ad39-80c4c73dd84b:c4174, bd7b7fea-2a7b-4c3f-852f-c014e42bfcb7:c4170, 3b4aa678-22a6-4ae2-9c6a-0e71cdb9d6d0:c4169]
2019-07-10 03:37:41,786 INFO  client.GrpcClientProtocolClient (GrpcClientProtocolClient.java:onNext(255)) - client-8BD909272E8D->63cacea9-0392-4939-ad39-80c4c73dd84b: receive RaftClientReply:client-8BD909272E8D->63cacea9-0392-4939-ad39-80c4c73dd84b@group-EE6C16B6C358, cid=2791, SUCCESS, logIndex=4176, commits[63cacea9-0392-4939-ad39-80c4c73dd84b:c4177, bd7b7fea-2a7b-4c3f-852f-c014e42bfcb7:c4175, 3b4aa678-22a6-4ae2-9c6a-0e71cdb9d6d0:c4175]
2019-07-10 03:37:41,786 INFO  client.GrpcClientProtocolClient (GrpcClientProtocolClient.java:onNext(255)) - client-8BD909272E8D->63cacea9-0392-4939-ad39-80c4c73dd84b: receive RaftClientReply:client-8BD909272E8D->63cacea9-0392-4939-ad39-80c4c73dd84b@group-EE6C16B6C358, cid=2792, SUCCESS, logIndex=4177, commits[63cacea9-0392-4939-ad39-80c4c73dd84b:c4177, bd7b7fea-2a7b-4c3f-852f-c014e42bfcb7:c4175, 3b4aa678-22a6-4ae2-9c6a-0e71cdb9d6d0:c4175]
2019-07-10 03:37:41,812 INFO  client.GrpcClientProtocolClient (GrpcClientProtocolClient.java:onNext(255)) - client-8BD909272E8D->63cacea9-0392-4939-ad39-80c4c73dd84b: receive RaftClientReply:client-8BD909272E8D->63cacea9-0392-4939-ad39-80c4c73dd84b@group-EE6C16B6C358, cid=2793, SUCCESS, logIndex=4180, commits[63cacea9-0392-4939-ad39-80c4c73dd84b:c4181, bd7b7fea-2a7b-4c3f-852f-c014e42bfcb7:c4177, 3b4aa678-22a6-4ae2-9c6a-0e71cdb9d6d0:c4177]
2019-07-10 03:37:41,812 INFO  client.GrpcClientProtocolClient (GrpcClientProtocolClient.java:onNext(255)) - client-8BD909272E8D->63cacea9-0392-4939-ad39-80c4c73dd84b: receive RaftClientReply:client-8BD909272E8D->63cacea9-0392-4939-ad39-80c4c73dd84b@group-EE6C16B6C358, cid=2794, SUCCESS, logIndex=4181, commits[63cacea9-0392-4939-ad39-80c4c73dd84b:c4181, bd7b7fea-2a7b-4c3f-852f-c014e42bfcb7:c4177, 3b4aa678-22a6-4ae2-9c6a-0e71cdb9d6d0:c4177]
2019-07-10 03:37:41,837 INFO  client.GrpcClientProtocolClient (GrpcClientProtocolClient.java:onNext(255)) - client-8BD909272E8D->63cacea9-0392-4939-ad39-80c4c73dd84b: receive RaftClientReply:client-8BD909272E8D->63cacea9-0392-4939-ad39-80c4c73dd84b@group-EE6C16B6C358, cid=2795, SUCCESS, logIndex=0, commits[63cacea9-0392-4939-ad39-80c4c73dd84b:c4183, bd7b7fea-2a7b-4c3f-852f-c014e42bfcb7:c4181, 3b4aa678-22a6-4ae2-9c6a-0e71cdb9d6d0:c4181]
2019-07-10 03:37:41,871 INFO  client.GrpcClientProtocolClient (GrpcClientProtocolClient.java:onNext(255)) - client-8BD909272E8D->63cacea9-0392-4939-ad39-80c4c73dd84b: receive RaftClientReply:client-8BD909272E8D->63cacea9-0392-4939-ad39-80c4c73dd84b@group-EE6C16B6C358, cid=2796, SUCCESS, logIndex=4184, commits[63cacea9-0392-4939-ad39-80c4c73dd84b:c4185, bd7b7fea-2a7b-4c3f-852f-c014e42bfcb7:c4183, 3b4aa678-22a6-4ae2-9c6a-0e71cdb9d6d0:c4183]
2019-07-10 03:37:41,872 INFO  client.GrpcClientProtocolClient (GrpcClientProtocolClient.java:onNext(255)) - client-8BD909272E8D->63cacea9-0392-4939-ad39-80c4c73dd84b: receive RaftClientReply:client-8BD909272E8D->63cacea9-0392-4939-ad39-80c4c73dd84b@group-EE6C16B6C358, cid=2797, SUCCESS, logIndex=4185, commits[63cacea9-0392-4939-ad39-80c4c73dd84b:c4187, bd7b7fea-2a7b-4c3f-852f-c014e42bfcb7:c4183, 3b4aa678-22a6-4ae2-9c6a-0e71cdb9d6d0:c4183]
2019-07-10 03:37:41,872 INFO  client.GrpcClientProtocolClient (GrpcClientProtocolClient.java:onNext(255)) - client-8BD909272E8D->63cacea9-0392-4939-ad39-80c4c73dd84b: receive RaftClientReply:client-8BD909272E8D->63cacea9-0392-4939-ad39-80c4c73dd84b@group-EE6C16B6C358, cid=2798, SUCCESS, logIndex=4186, commits[63cacea9-0392-4939-ad39-80c4c73dd84b:c4187, bd7b7fea-2a7b-4c3f-852f-c014e42bfcb7:c4183, 3b4aa678-22a6-4ae2-9c6a-0e71cdb9d6d0:c4183]
2019-07-10 03:37:41,872 INFO  client.GrpcClientProtocolClient (GrpcClientProtocolClient.java:onNext(255)) - client-8BD909272E8D->63cacea9-0392-4939-ad39-80c4c73dd84b: receive RaftClientReply:client-8BD909272E8D->63cacea9-0392-4939-ad39-80c4c73dd84b@group-EE6C16B6C358, cid=2799, SUCCESS, logIndex=4187, commits[63cacea9-0392-4939-ad39-80c4c73dd84b:c4188, bd7b7fea-2a7b-4c3f-852f-c014e42bfcb7:c4184, 3b4aa678-22a6-4ae2-9c6a-0e71cdb9d6d0:c4183]
2019-07-10 03:37:41,886 INFO  client.GrpcClientProtocolClient (GrpcClientProtocolClient.java:onNext(255)) - client-8BD909272E8D->63cacea9-0392-4939-ad39-80c4c73dd84b: receive RaftClientReply:client-8BD909272E8D->63cacea9-0392-4939-ad39-80c4c73dd84b@group-EE6C16B6C358, cid=2800, SUCCESS, logIndex=0, commits[63cacea9-0392-4939-ad39-80c4c73dd84b:c4189, bd7b7fea-2a7b-4c3f-852f-c014e42bfcb7:c4185, 3b4aa678-22a6-4ae2-9c6a-0e71cdb9d6d0:c4185]
2019-07-10 03:37:41,907 INFO  client.GrpcClientProtocolClient (GrpcClientProtocolClient.java:onNext(255)) - client-8BD909272E8D->63cacea9-0392-4939-ad39-80c4c73dd84b: receive RaftClientReply:client-8BD909272E8D->63cacea9-0392-4939-ad39-80c4c73dd84b@group-EE6C16B6C358, cid=2801, SUCCESS, logIndex=4191, commits[63cacea9-0392-4939-ad39-80c4c73dd84b:c4192, bd7b7fea-2a7b-4c3f-852f-c014e42bfcb7:c4190, 3b4aa678-22a6-4ae2-9c6a-0e71cdb9d6d0:c4190]
2019-07-10 03:37:41,907 INFO  client.GrpcClientProtocolClient (GrpcClientProtocolClient.java:onNext(255)) - client-8BD909272E8D->63cacea9-0392-4939-ad39-80c4c73dd84b: receive RaftClientReply:client-8BD909272E8D->63cacea9-0392-4939-ad39-80c4c73dd84b@group-EE6C16B6C358, cid=2802, SUCCESS, logIndex=4192, commits[63cacea9-0392-4939-ad39-80c4c73dd84b:c4192, bd7b7fea-2a7b-4c3f-852f-c014e42bfcb7:c4190, 3b4aa678-22a6-4ae2-9c6a-0e71cdb9d6d0:c4190]
2019-07-10 03:37:41,934 INFO  client.GrpcClientProtocolClient (GrpcClientProtocolClient.java:onNext(255)) - client-8BD909272E8D->63cacea9-0392-4939-ad39-80c4c73dd84b: receive RaftClientReply:client-8BD909272E8D->63cacea9-0392-4939-ad39-80c4c73dd84b@group-EE6C16B6C358, cid=2803, SUCCESS, logIndex=4195, commits[63cacea9-0392-4939-ad39-80c4c73dd84b:c4196, bd7b7fea-2a7b-4c3f-852f-c014e42bfcb7:c4191, 3b4aa678-22a6-4ae2-9c6a-0e71cdb9d6d0:c4192]
2019-07-10 03:37:41,935 INFO  client.GrpcClientProtocolClient (GrpcClientProtocolClient.java:onNext(255)) - client-8BD909272E8D->63cacea9-0392-4939-ad39-80c4c73dd84b: receive RaftClientReply:client-8BD909272E8D->63cacea9-0392-4939-ad39-80c4c73dd84b@group-EE6C16B6C358, cid=2804, SUCCESS, logIndex=4196, commits[63cacea9-0392-4939-ad39-80c4c73dd84b:c4196, bd7b7fea-2a7b-4c3f-852f-c014e42bfcb7:c4191, 3b4aa678-22a6-4ae2-9c6a-0e71cdb9d6d0:c4192]
2019-07-10 03:37:41,937 INFO  client.GrpcClientProtocolClient (GrpcClientProtocolClient.java:onNext(255)) - client-8BD909272E8D->63cacea9-0392-4939-ad39-80c4c73dd84b: receive RaftClientReply:client-8BD909272E8D->63cacea9-0392-4939-ad39-80c4c73dd84b@group-EE6C16B6C358, cid=2805, SUCCESS, logIndex=0, commits[63cacea9-0392-4939-ad39-80c4c73dd84b:c4196, bd7b7fea-2a7b-4c3f-852f-c014e42bfcb7:c4192, 3b4aa678-22a6-4ae2-9c6a-0e71cdb9d6d0:c4192]
2019-07-10 03:37:41,949 INFO  client.GrpcClientProtocolClient (GrpcClientProtocolClient.java:onNext(255)) - client-8BD909272E8D->63cacea9-0392-4939-ad39-80c4c73dd84b: receive RaftClientReply:client-8BD909272E8D->63cacea9-0392-4939-ad39-80c4c73dd84b@group-EE6C16B6C358, cid=2806, SUCCESS, logIndex=0, commits[63cacea9-0392-4939-ad39-80c4c73dd84b:c4198, bd7b7fea-2a7b-4c3f-852f-c014e42bfcb7:c4196, 3b4aa678-22a6-4ae2-9c6a-0e71cdb9d6d0:c4196]
2019-07-10 03:37:41,983 INFO  client.GrpcClientProtocolClient (GrpcClientProtocolClient.java:onNext(255)) - client-8BD909272E8D->63cacea9-0392-4939-ad39-80c4c73dd84b: receive RaftClientReply:client-8BD909272E8D->63cacea9-0392-4939-ad39-80c4c73dd84b@group-EE6C16B6C358, cid=2807, SUCCESS, logIndex=4199, commits[63cacea9-0392-4939-ad39-80c4c73dd84b:c4200, bd7b7fea-2a7b-4c3f-852f-c014e42bfcb7:c4198, 3b4aa678-22a6-4ae2-9c6a-0e71cdb9d6d0:c4198]
2019-07-10 03:37:41,984 INFO  client.GrpcClientProtocolClient (GrpcClientProtocolClient.java:onNext(255)) - client-8BD909272E8D->63cacea9-0392-4939-ad39-80c4c73dd84b: receive RaftClientReply:client-8BD909272E8D->63cacea9-0392-4939-ad39-80c4c73dd84b@group-EE6C16B6C358, cid=2808, SUCCESS, logIndex=4200, commits[63cacea9-0392-4939-ad39-80c4c73dd84b:c4202, bd7b7fea-2a7b-4c3f-852f-c014e42bfcb7:c4198, 3b4aa678-22a6-4ae2-9c6a-0e71cdb9d6d0:c4198]
2019-07-10 03:37:41,985 INFO  client.GrpcClientProtocolClient (GrpcClientProtocolClient.java:onNext(255)) - client-8BD909272E8D->63cacea9-0392-4939-ad39-80c4c73dd84b: receive RaftClientReply:client-8BD909272E8D->63cacea9-0392-4939-ad39-80c4c73dd84b@group-EE6C16B6C358, cid=2809, SUCCESS, logIndex=4201, commits[63cacea9-0392-4939-ad39-80c4c73dd84b:c4202, bd7b7fea-2a7b-4c3f-852f-c014e42bfcb7:c4198, 3b4aa678-22a6-4ae2-9c6a-0e71cdb9d6d0:c4198]
2019-07-10 03:37:41,985 INFO  client.GrpcClientProtocolClient (GrpcClientProtocolClient.java:onNext(255)) - client-8BD909272E8D->63cacea9-0392-4939-ad39-80c4c73dd84b: receive RaftClientReply:client-8BD909272E8D->63cacea9-0392-4939-ad39-80c4c73dd84b@group-EE6C16B6C358, cid=2810, SUCCESS, logIndex=4202, commits[63cacea9-0392-4939-ad39-80c4c73dd84b:c4203, bd7b7fea-2a7b-4c3f-852f-c014e42bfcb7:c4199, 3b4aa678-22a6-4ae2-9c6a-0e71cdb9d6d0:c4199]
2019-07-10 03:37:41,986 INFO  client.GrpcClientProtocolClient (GrpcClientProtocolClient.java:onNext(255)) - client-8BD909272E8D->63cacea9-0392-4939-ad39-80c4c73dd84b: receive RaftClientReply:client-8BD909272E8D->63cacea9-0392-4939-ad39-80c4c73dd84b@group-EE6C16B6C358, cid=2811, SUCCESS, logIndex=0, commits[63cacea9-0392-4939-ad39-80c4c73dd84b:c4205, bd7b7fea-2a7b-4c3f-852f-c014e42bfcb7:c4202, 3b4aa678-22a6-4ae2-9c6a-0e71cdb9d6d0:c4200]
2019-07-10 03:37:42,009 INFO  client.GrpcClientProtocolClient (GrpcClientProtocolClient.java:onNext(255)) - client-8BD909272E8D->63cacea9-0392-4939-ad39-80c4c73dd84b: receive RaftClientReply:client-8BD909272E8D->63cacea9-0392-4939-ad39-80c4c73dd84b@group-EE6C16B6C358, cid=2812, SUCCESS, logIndex=4207, commits[63cacea9-0392-4939-ad39-80c4c73dd84b:c4208, bd7b7fea-2a7b-4c3f-852f-c014e42bfcb7:c4206, 3b4aa678-22a6-4ae2-9c6a-0e71cdb9d6d0:c4206]
2019-07-10 03:37:42,009 INFO  client.GrpcClientProtocolClient (GrpcClientProtocolClient.java:onNext(255)) - client-8BD909272E8D->63cacea9-0392-4939-ad39-80c4c73dd84b: receive RaftClientReply:client-8BD909272E8D->63cacea9-0392-4939-ad39-80c4c73dd84b@group-EE6C16B6C358, cid=2813, SUCCESS, logIndex=4208, commits[63cacea9-0392-4939-ad39-80c4c73dd84b:c4208, bd7b7fea-2a7b-4c3f-852f-c014e42bfcb7:c4206, 3b4aa678-22a6-4ae2-9c6a-0e71cdb9d6d0:c4206]
2019-07-10 03:37:42,033 INFO  client.GrpcClientProtocolClient (GrpcClientProtocolClient.java:onNext(255)) - client-8BD909272E8D->63cacea9-0392-4939-ad39-80c4c73dd84b: receive RaftClientReply:client-8BD909272E8D->63cacea9-0392-4939-ad39-80c4c73dd84b@group-EE6C16B6C358, cid=2814, SUCCESS, logIndex=4211, commits[63cacea9-0392-4939-ad39-80c4c73dd84b:c4212, bd7b7fea-2a7b-4c3f-852f-c014e42bfcb7:c4208, 3b4aa678-22a6-4ae2-9c6a-0e71cdb9d6d0:c4208]
2019-07-10 03:37:42,034 INFO  client.GrpcClientProtocolClient (GrpcClientProtocolClient.java:onNext(255)) - client-8BD909272E8D->63cacea9-0392-4939-ad39-80c4c73dd84b: receive RaftClientReply:client-8BD909272E8D->63cacea9-0392-4939-ad39-80c4c73dd84b@group-EE6C16B6C358, cid=2815, SUCCESS, logIndex=4212, commits[63cacea9-0392-4939-ad39-80c4c73dd84b:c4212, bd7b7fea-2a7b-4c3f-852f-c014e42bfcb7:c4208, 3b4aa678-22a6-4ae2-9c6a-0e71cdb9d6d0:c4208]
2019-07-10 03:37:42,048 INFO  client.GrpcClientProtocolClient (GrpcClientProtocolClient.java:onNext(255)) - client-8BD909272E8D->63cacea9-0392-4939-ad39-80c4c73dd84b: receive RaftClientReply:client-8BD909272E8D->63cacea9-0392-4939-ad39-80c4c73dd84b@group-EE6C16B6C358, cid=2816, SUCCESS, logIndex=0, commits[63cacea9-0392-4939-ad39-80c4c73dd84b:c4214, bd7b7fea-2a7b-4c3f-852f-c014e42bfcb7:c4212, 3b4aa678-22a6-4ae2-9c6a-0e71cdb9d6d0:c4212]
2019-07-10 03:37:42,083 INFO  client.GrpcClientProtocolClient (GrpcClientProtocolClient.java:onNext(255)) - client-8BD909272E8D->63cacea9-0392-4939-ad39-80c4c73dd84b: receive RaftClientReply:client-8BD909272E8D->63cacea9-0392-4939-ad39-80c4c73dd84b@group-EE6C16B6C358, cid=2817, SUCCESS, logIndex=4215, commits[63cacea9-0392-4939-ad39-80c4c73dd84b:c4216, bd7b7fea-2a7b-4c3f-852f-c014e42bfcb7:c4214, 3b4aa678-22a6-4ae2-9c6a-0e71cdb9d6d0:c4214]
2019-07-10 03:37:42,084 INFO  client.GrpcClientProtocolClient (GrpcClientProtocolClient.java:onNext(255)) - client-8BD909272E8D->63cacea9-0392-4939-ad39-80c4c73dd84b: receive RaftClientReply:client-8BD909272E8D->63cacea9-0392-4939-ad39-80c4c73dd84b@group-EE6C16B6C358, cid=2818, SUCCESS, logIndex=4216, commits[63cacea9-0392-4939-ad39-80c4c73dd84b:c4218, bd7b7fea-2a7b-4c3f-852f-c014e42bfcb7:c4214, 3b4aa678-22a6-4ae2-9c6a-0e71cdb9d6d0:c4214]
2019-07-10 03:37:42,084 INFO  client.GrpcClientProtocolClient (GrpcClientProtocolClient.java:onNext(255)) - client-8BD909272E8D->63cacea9-0392-4939-ad39-80c4c73dd84b: receive RaftClientReply:client-8BD909272E8D->63cacea9-0392-4939-ad39-80c4c73dd84b@group-EE6C16B6C358, cid=2819, SUCCESS, logIndex=4217, commits[63cacea9-0392-4939-ad39-80c4c73dd84b:c4218, bd7b7fea-2a7b-4c3f-852f-c014e42bfcb7:c4214, 3b4aa678-22a6-4ae2-9c6a-0e71cdb9d6d0:c4214]
2019-07-10 03:37:42,084 INFO  client.GrpcClientProtocolClient (GrpcClientProtocolClient.java:onNext(255)) - client-8BD909272E8D->63cacea9-0392-4939-ad39-80c4c73dd84b: receive RaftClientReply:client-8BD909272E8D->63cacea9-0392-4939-ad39-80c4c73dd84b@group-EE6C16B6C358, cid=2820, SUCCESS, logIndex=4218, commits[63cacea9-0392-4939-ad39-80c4c73dd84b:c4218, bd7b7fea-2a7b-4c3f-852f-c014e42bfcb7:c4214, 3b4aa678-22a6-4ae2-9c6a-0e71cdb9d6d0:c4214]
2019-07-10 03:37:42,087 INFO  client.GrpcClientProtocolClient (GrpcClientProtocolClient.java:onNext(255)) - client-8BD909272E8D->63cacea9-0392-4939-ad39-80c4c73dd84b: receive RaftClientReply:client-8BD909272E8D->63cacea9-0392-4939-ad39-80c4c73dd84b@group-EE6C16B6C358, cid=2821, SUCCESS, logIndex=0, commits[63cacea9-0392-4939-ad39-80c4c73dd84b:c4220, bd7b7fea-2a7b-4c3f-852f-c014e42bfcb7:c4216, 3b4aa678-22a6-4ae2-9c6a-0e71cdb9d6d0:c4216]
2019-07-10 03:37:42,113 INFO  client.GrpcClientProtocolClient (GrpcClientProtocolClient.java:onNext(255)) - client-8BD909272E8D->63cacea9-0392-4939-ad39-80c4c73dd84b: receive RaftClientReply:client-8BD909272E8D->63cacea9-0392-4939-ad39-80c4c73dd84b@group-EE6C16B6C358, cid=2822, SUCCESS, logIndex=4222, commits[63cacea9-0392-4939-ad39-80c4c73dd84b:c4223, bd7b7fea-2a7b-4c3f-852f-c014e42bfcb7:c4221, 3b4aa678-22a6-4ae2-9c6a-0e71cdb9d6d0:c4221]
2019-07-10 03:37:42,114 INFO  client.GrpcClientProtocolClient (GrpcClientProtocolClient.java:onNext(255)) - client-8BD909272E8D->63cacea9-0392-4939-ad39-80c4c73dd84b: receive RaftClientReply:client-8BD909272E8D->63cacea9-0392-4939-ad39-80c4c73dd84b@group-EE6C16B6C358, cid=2823, SUCCESS, logIndex=4223, commits[63cacea9-0392-4939-ad39-80c4c73dd84b:c4223, bd7b7fea-2a7b-4c3f-852f-c014e42bfcb7:c4221, 3b4aa678-22a6-4ae2-9c6a-0e71cdb9d6d0:c4221]
2019-07-10 03:37:42,143 INFO  client.GrpcClientProtocolClient (GrpcClientProtocolClient.java:onNext(255)) - client-8BD909272E8D->63cacea9-0392-4939-ad39-80c4c73dd84b: receive RaftClientReply:client-8BD909272E8D->63cacea9-0392-4939-ad39-80c4c73dd84b@group-EE6C16B6C358, cid=2824, SUCCESS, logIndex=4226, commits[63cacea9-0392-4939-ad39-80c4c73dd84b:c4227, bd7b7fea-2a7b-4c3f-852f-c014e42bfcb7:c4223, 3b4aa678-22a6-4ae2-9c6a-0e71cdb9d6d0:c4222]
2019-07-10 03:37:42,144 INFO  client.GrpcClientProtocolClient (GrpcClientProtocolClient.java:onNext(255)) - client-8BD909272E8D->63cacea9-0392-4939-ad39-80c4c73dd84b: receive RaftClientReply:client-8BD909272E8D->63cacea9-0392-4939-ad39-80c4c73dd84b@group-EE6C16B6C358, cid=2825, SUCCESS, logIndex=4227, commits[63cacea9-0392-4939-ad39-80c4c73dd84b:c4227, bd7b7fea-2a7b-4c3f-852f-c014e42bfcb7:c4223, 3b4aa678-22a6-4ae2-9c6a-0e71cdb9d6d0:c4223]
2019-07-10 03:37:42,157 INFO  client.GrpcClientProtocolClient (GrpcClientProtocolClient.java:onNext(255)) - client-8BD909272E8D->63cacea9-0392-4939-ad39-80c4c73dd84b: receive RaftClientReply:client-8BD909272E8D->63cacea9-0392-4939-ad39-80c4c73dd84b@group-EE6C16B6C358, cid=2826, SUCCESS, logIndex=0, commits[63cacea9-0392-4939-ad39-80c4c73dd84b:c4228, bd7b7fea-2a7b-4c3f-852f-c014e42bfcb7:c4227, 3b4aa678-22a6-4ae2-9c6a-0e71cdb9d6d0:c4227]
2019-07-10 03:37:42,189 INFO  client.GrpcClientProtocolClient (GrpcClientProtocolClient.java:onNext(255)) - client-8BD909272E8D->63cacea9-0392-4939-ad39-80c4c73dd84b: receive RaftClientReply:client-8BD909272E8D->63cacea9-0392-4939-ad39-80c4c73dd84b@group-EE6C16B6C358, cid=2827, SUCCESS, logIndex=4230, commits[63cacea9-0392-4939-ad39-80c4c73dd84b:c4231, bd7b7fea-2a7b-4c3f-852f-c014e42bfcb7:c4229, 3b4aa678-22a6-4ae2-9c6a-0e71cdb9d6d0:c4229]
2019-07-10 03:37:42,189 INFO  client.GrpcClientProtocolClient (GrpcClientProtocolClient.java:onNext(255)) - client-8BD909272E8D->63cacea9-0392-4939-ad39-80c4c73dd84b: receive RaftClientReply:client-8BD909272E8D->63cacea9-0392-4939-ad39-80c4c73dd84b@group-EE6C16B6C358, cid=2828, SUCCESS, logIndex=4231, commits[63cacea9-0392-4939-ad39-80c4c73dd84b:c4231, bd7b7fea-2a7b-4c3f-852f-c014e42bfcb7:c4229, 3b4aa678-22a6-4ae2-9c6a-0e71cdb9d6d0:c4229]
2019-07-10 03:37:42,190 INFO  client.GrpcClientProtocolClient (GrpcClientProtocolClient.java:onNext(255)) - client-8BD909272E8D->63cacea9-0392-4939-ad39-80c4c73dd84b: receive RaftClientReply:client-8BD909272E8D->63cacea9-0392-4939-ad39-80c4c73dd84b@group-EE6C16B6C358, cid=2829, SUCCESS, logIndex=4232, commits[63cacea9-0392-4939-ad39-80c4c73dd84b:c4233, bd7b7fea-2a7b-4c3f-852f-c014e42bfcb7:c4229, 3b4aa678-22a6-4ae2-9c6a-0e71cdb9d6d0:c4229]
2019-07-10 03:37:42,190 INFO  client.GrpcClientProtocolClient (GrpcClientProtocolClient.java:onNext(255)) - client-8BD909272E8D->63cacea9-0392-4939-ad39-80c4c73dd84b: receive RaftClientReply:client-8BD909272E8D->63cacea9-0392-4939-ad39-80c4c73dd84b@group-EE6C16B6C358, cid=2830, SUCCESS, logIndex=4233, commits[63cacea9-0392-4939-ad39-80c4c73dd84b:c4233, bd7b7fea-2a7b-4c3f-852f-c014e42bfcb7:c4229, 3b4aa678-22a6-4ae2-9c6a-0e71cdb9d6d0:c4229]
2019-07-10 03:37:42,203 INFO  client.GrpcClientProtocolClient (GrpcClientProtocolClient.java:onNext(255)) - client-8BD909272E8D->63cacea9-0392-4939-ad39-80c4c73dd84b: receive RaftClientReply:client-8BD909272E8D->63cacea9-0392-4939-ad39-80c4c73dd84b@group-EE6C16B6C358, cid=2831, SUCCESS, logIndex=0, commits[63cacea9-0392-4939-ad39-80c4c73dd84b:c4235, bd7b7fea-2a7b-4c3f-852f-c014e42bfcb7:c4231, 3b4aa678-22a6-4ae2-9c6a-0e71cdb9d6d0:c4231]
2019-07-10 03:37:42,224 INFO  client.GrpcClientProtocolClient (GrpcClientProtocolClient.java:onNext(255)) - client-8BD909272E8D->63cacea9-0392-4939-ad39-80c4c73dd84b: receive RaftClientReply:client-8BD909272E8D->63cacea9-0392-4939-ad39-80c4c73dd84b@group-EE6C16B6C358, cid=2832, SUCCESS, logIndex=4238, commits[63cacea9-0392-4939-ad39-80c4c73dd84b:c4239, bd7b7fea-2a7b-4c3f-852f-c014e42bfcb7:c4237, 3b4aa678-22a6-4ae2-9c6a-0e71cdb9d6d0:c4237]
2019-07-10 03:37:42,225 INFO  client.GrpcClientProtocolClient (GrpcClientProtocolClient.java:onNext(255)) - client-8BD909272E8D->63cacea9-0392-4939-ad39-80c4c73dd84b: receive RaftClientReply:client-8BD909272E8D->63cacea9-0392-4939-ad39-80c4c73dd84b@group-EE6C16B6C358, cid=2833, SUCCESS, logIndex=4239, commits[63cacea9-0392-4939-ad39-80c4c73dd84b:c4239, bd7b7fea-2a7b-4c3f-852f-c014e42bfcb7:c4237, 3b4aa678-22a6-4ae2-9c6a-0e71cdb9d6d0:c4237]
2019-07-10 03:37:42,249 INFO  client.GrpcClientProtocolClient (GrpcClientProtocolClient.java:onNext(255)) - client-8BD909272E8D->63cacea9-0392-4939-ad39-80c4c73dd84b: receive RaftClientReply:client-8BD909272E8D->63cacea9-0392-4939-ad39-80c4c73dd84b@group-EE6C16B6C358, cid=2834, SUCCESS, logIndex=4242, commits[63cacea9-0392-4939-ad39-80c4c73dd84b:c4243, bd7b7fea-2a7b-4c3f-852f-c014e42bfcb7:c4239, 3b4aa678-22a6-4ae2-9c6a-0e71cdb9d6d0:c4238]
2019-07-10 03:37:42,250 INFO  client.GrpcClientProtocolClient (GrpcClientProtocolClient.java:onNext(255)) - client-8BD909272E8D->63cacea9-0392-4939-ad39-80c4c73dd84b: receive RaftClientReply:client-8BD909272E8D->63cacea9-0392-4939-ad39-80c4c73dd84b@group-EE6C16B6C358, cid=2835, SUCCESS, logIndex=4243, commits[63cacea9-0392-4939-ad39-80c4c73dd84b:c4243, bd7b7fea-2a7b-4c3f-852f-c014e42bfcb7:c4239, 3b4aa678-22a6-4ae2-9c6a-0e71cdb9d6d0:c4239]
2019-07-10 03:37:42,263 INFO  client.GrpcClientProtocolClient (GrpcClientProtocolClient.java:onNext(255)) - client-8BD909272E8D->63cacea9-0392-4939-ad39-80c4c73dd84b: receive RaftClientReply:client-8BD909272E8D->63cacea9-0392-4939-ad39-80c4c73dd84b@group-EE6C16B6C358, cid=2836, SUCCESS, logIndex=0, commits[63cacea9-0392-4939-ad39-80c4c73dd84b:c4245, bd7b7fea-2a7b-4c3f-852f-c014e42bfcb7:c4243, 3b4aa678-22a6-4ae2-9c6a-0e71cdb9d6d0:c4243]
2019-07-10 03:37:42,298 INFO  client.GrpcClientProtocolClient (GrpcClientProtocolClient.java:onNext(255)) - client-8BD909272E8D->63cacea9-0392-4939-ad39-80c4c73dd84b: receive RaftClientReply:client-8BD909272E8D->63cacea9-0392-4939-ad39-80c4c73dd84b@group-EE6C16B6C358, cid=2837, SUCCESS, logIndex=4246, commits[63cacea9-0392-4939-ad39-80c4c73dd84b:c4247, bd7b7fea-2a7b-4c3f-852f-c014e42bfcb7:c4245, 3b4aa678-22a6-4ae2-9c6a-0e71cdb9d6d0:c4245]
2019-07-10 03:37:42,299 INFO  client.GrpcClientProtocolClient (GrpcClientProtocolClient.java:onNext(255)) - client-8BD909272E8D->63cacea9-0392-4939-ad39-80c4c73dd84b: receive RaftClientReply:client-8BD909272E8D->63cacea9-0392-4939-ad39-80c4c73dd84b@group-EE6C16B6C358, cid=2838, SUCCESS, logIndex=4247, commits[63cacea9-0392-4939-ad39-80c4c73dd84b:c4248, bd7b7fea-2a7b-4c3f-852f-c014e42bfcb7:c4245, 3b4aa678-22a6-4ae2-9c6a-0e71cdb9d6d0:c4245]
2019-07-10 03:37:42,299 INFO  client.GrpcClientProtocolClient (GrpcClientProtocolClient.java:onNext(255)) - client-8BD909272E8D->63cacea9-0392-4939-ad39-80c4c73dd84b: receive RaftClientReply:client-8BD909272E8D->63cacea9-0392-4939-ad39-80c4c73dd84b@group-EE6C16B6C358, cid=2839, SUCCESS, logIndex=4248, commits[63cacea9-0392-4939-ad39-80c4c73dd84b:c4249, bd7b7fea-2a7b-4c3f-852f-c014e42bfcb7:c4245, 3b4aa678-22a6-4ae2-9c6a-0e71cdb9d6d0:c4245]
2019-07-10 03:37:42,299 INFO  client.GrpcClientProtocolClient (GrpcClientProtocolClient.java:onNext(255)) - client-8BD909272E8D->63cacea9-0392-4939-ad39-80c4c73dd84b: receive RaftClientReply:client-8BD909272E8D->63cacea9-0392-4939-ad39-80c4c73dd84b@group-EE6C16B6C358, cid=2840, SUCCESS, logIndex=4249, commits[63cacea9-0392-4939-ad39-80c4c73dd84b:c4249, bd7b7fea-2a7b-4c3f-852f-c014e42bfcb7:c4245, 3b4aa678-22a6-4ae2-9c6a-0e71cdb9d6d0:c4245]
2019-07-10 03:37:42,394 INFO  client.GrpcClientProtocolClient (GrpcClientProtocolClient.java:onNext(255)) - client-8BD909272E8D->63cacea9-0392-4939-ad39-80c4c73dd84b: receive RaftClientReply:client-8BD909272E8D->63cacea9-0392-4939-ad39-80c4c73dd84b@group-EE6C16B6C358, cid=2841, SUCCESS, logIndex=0, commits[63cacea9-0392-4939-ad39-80c4c73dd84b:c4251, bd7b7fea-2a7b-4c3f-852f-c014e42bfcb7:c4247, 3b4aa678-22a6-4ae2-9c6a-0e71cdb9d6d0:c4247]
2019-07-10 03:37:42,410 INFO  client.GrpcClientProtocolClient (GrpcClientProtocolClient.java:onNext(255)) - client-8BD909272E8D->63cacea9-0392-4939-ad39-80c4c73dd84b: receive RaftClientReply:client-8BD909272E8D->63cacea9-0392-4939-ad39-80c4c73dd84b@group-EE6C16B6C358, cid=2842, SUCCESS, logIndex=4254, commits[63cacea9-0392-4939-ad39-80c4c73dd84b:c4255, bd7b7fea-2a7b-4c3f-852f-c014e42bfcb7:c4253, 3b4aa678-22a6-4ae2-9c6a-0e71cdb9d6d0:c4253]
2019-07-10 03:37:42,411 INFO  client.GrpcClientProtocolClient (GrpcClientProtocolClient.java:onNext(255)) - client-8BD909272E8D->63cacea9-0392-4939-ad39-80c4c73dd84b: receive RaftClientReply:client-8BD909272E8D->63cacea9-0392-4939-ad39-80c4c73dd84b@group-EE6C16B6C358, cid=2843, SUCCESS, logIndex=4255, commits[63cacea9-0392-4939-ad39-80c4c73dd84b:c4255, bd7b7fea-2a7b-4c3f-852f-c014e42bfcb7:c4253, 3b4aa678-22a6-4ae2-9c6a-0e71cdb9d6d0:c4253]
2019-07-10 03:37:42,548 INFO  client.GrpcClientProtocolClient (GrpcClientProtocolClient.java:onNext(255)) - client-8BD909272E8D->63cacea9-0392-4939-ad39-80c4c73dd84b: receive RaftClientReply:client-8BD909272E8D->63cacea9-0392-4939-ad39-80c4c73dd84b@group-EE6C16B6C358, cid=2844, SUCCESS, logIndex=4258, commits[63cacea9-0392-4939-ad39-80c4c73dd84b:c4259, bd7b7fea-2a7b-4c3f-852f-c014e42bfcb7:c4255, 3b4aa678-22a6-4ae2-9c6a-0e71cdb9d6d0:c4255]
2019-07-10 03:37:42,549 INFO  client.GrpcClientProtocolClient (GrpcClientProtocolClient.java:onNext(255)) - client-8BD909272E8D->63cacea9-0392-4939-ad39-80c4c73dd84b: receive RaftClientReply:client-8BD909272E8D->63cacea9-0392-4939-ad39-80c4c73dd84b@group-EE6C16B6C358, cid=2845, SUCCESS, logIndex=4259, commits[63cacea9-0392-4939-ad39-80c4c73dd84b:c4259, bd7b7fea-2a7b-4c3f-852f-c014e42bfcb7:c4255, 3b4aa678-22a6-4ae2-9c6a-0e71cdb9d6d0:c4255]
2019-07-10 03:37:42,563 INFO  client.GrpcClientProtocolClient (GrpcClientProtocolClient.java:onNext(255)) - client-8BD909272E8D->63cacea9-0392-4939-ad39-80c4c73dd84b: receive RaftClientReply:client-8BD909272E8D->63cacea9-0392-4939-ad39-80c4c73dd84b@group-EE6C16B6C358, cid=2846, SUCCESS, logIndex=0, commits[63cacea9-0392-4939-ad39-80c4c73dd84b:c4261, bd7b7fea-2a7b-4c3f-852f-c014e42bfcb7:c4259, 3b4aa678-22a6-4ae2-9c6a-0e71cdb9d6d0:c4259]
2019-07-10 03:37:42,594 INFO  client.GrpcClientProtocolClient (GrpcClientProtocolClient.java:onNext(255)) - client-8BD909272E8D->63cacea9-0392-4939-ad39-80c4c73dd84b: receive RaftClientReply:client-8BD909272E8D->63cacea9-0392-4939-ad39-80c4c73dd84b@group-EE6C16B6C358, cid=2847, SUCCESS, logIndex=4262, commits[63cacea9-0392-4939-ad39-80c4c73dd84b:c4263, bd7b7fea-2a7b-4c3f-852f-c014e42bfcb7:c4261, 3b4aa678-22a6-4ae2-9c6a-0e71cdb9d6d0:c4261]
2019-07-10 03:37:42,595 INFO  client.GrpcClientProtocolClient (GrpcClientProtocolClient.java:onNext(255)) - client-8BD909272E8D->63cacea9-0392-4939-ad39-80c4c73dd84b: receive RaftClientReply:client-8BD909272E8D->63cacea9-0392-4939-ad39-80c4c73dd84b@group-EE6C16B6C358, cid=2848, SUCCESS, logIndex=4263, commits[63cacea9-0392-4939-ad39-80c4c73dd84b:c4265, bd7b7fea-2a7b-4c3f-852f-c014e42bfcb7:c4261, 3b4aa678-22a6-4ae2-9c6a-0e71cdb9d6d0:c4261]
2019-07-10 03:37:42,595 INFO  client.GrpcClientProtocolClient (GrpcClientProtocolClient.java:onNext(255)) - client-8BD909272E8D->63cacea9-0392-4939-ad39-80c4c73dd84b: receive RaftClientReply:client-8BD909272E8D->63cacea9-0392-4939-ad39-80c4c73dd84b@group-EE6C16B6C358, cid=2849, SUCCESS, logIndex=4264, commits[63cacea9-0392-4939-ad39-80c4c73dd84b:c4265, bd7b7fea-2a7b-4c3f-852f-c014e42bfcb7:c4261, 3b4aa678-22a6-4ae2-9c6a-0e71cdb9d6d0:c4261]
2019-07-10 03:37:42,596 INFO  client.GrpcClientProtocolClient (GrpcClientProtocolClient.java:onNext(255)) - client-8BD909272E8D->63cacea9-0392-4939-ad39-80c4c73dd84b: receive RaftClientReply:client-8BD909272E8D->63cacea9-0392-4939-ad39-80c4c73dd84b@group-EE6C16B6C358, cid=2850, SUCCESS, logIndex=4265, commits[63cacea9-0392-4939-ad39-80c4c73dd84b:c4266, bd7b7fea-2a7b-4c3f-852f-c014e42bfcb7:c4262, 3b4aa678-22a6-4ae2-9c6a-0e71cdb9d6d0:c4262]
2019-07-10 03:37:42,599 INFO  client.GrpcClientProtocolClient (GrpcClientProtocolClient.java:onNext(255)) - client-8BD909272E8D->63cacea9-0392-4939-ad39-80c4c73dd84b: receive RaftClientReply:client-8BD909272E8D->63cacea9-0392-4939-ad39-80c4c73dd84b@group-EE6C16B6C358, cid=2851, SUCCESS, logIndex=0, commits[63cacea9-0392-4939-ad39-80c4c73dd84b:c4267, bd7b7fea-2a7b-4c3f-852f-c014e42bfcb7:c4263, 3b4aa678-22a6-4ae2-9c6a-0e71cdb9d6d0:c4263]
2019-07-10 03:37:42,626 INFO  client.GrpcClientProtocolClient (GrpcClientProtocolClient.java:onNext(255)) - client-8BD909272E8D->63cacea9-0392-4939-ad39-80c4c73dd84b: receive RaftClientReply:client-8BD909272E8D->63cacea9-0392-4939-ad39-80c4c73dd84b@group-EE6C16B6C358, cid=2852, SUCCESS, logIndex=4269, commits[63cacea9-0392-4939-ad39-80c4c73dd84b:c4270, bd7b7fea-2a7b-4c3f-852f-c014e42bfcb7:c4268, 3b4aa678-22a6-4ae2-9c6a-0e71cdb9d6d0:c4268]
2019-07-10 03:37:42,626 INFO  client.GrpcClientProtocolClient (GrpcClientProtocolClient.java:onNext(255)) - client-8BD909272E8D->63cacea9-0392-4939-ad39-80c4c73dd84b: receive RaftClientReply:client-8BD909272E8D->63cacea9-0392-4939-ad39-80c4c73dd84b@group-EE6C16B6C358, cid=2853, SUCCESS, logIndex=4270, commits[63cacea9-0392-4939-ad39-80c4c73dd84b:c4270, bd7b7fea-2a7b-4c3f-852f-c014e42bfcb7:c4268, 3b4aa678-22a6-4ae2-9c6a-0e71cdb9d6d0:c4268]
2019-07-10 03:37:42,653 INFO  client.GrpcClientProtocolClient (GrpcClientProtocolClient.java:onNext(255)) - client-8BD909272E8D->63cacea9-0392-4939-ad39-80c4c73dd84b: receive RaftClientReply:client-8BD909272E8D->63cacea9-0392-4939-ad39-80c4c73dd84b@group-EE6C16B6C358, cid=2854, SUCCESS, logIndex=4273, commits[63cacea9-0392-4939-ad39-80c4c73dd84b:c4274, bd7b7fea-2a7b-4c3f-852f-c014e42bfcb7:c4270, 3b4aa678-22a6-4ae2-9c6a-0e71cdb9d6d0:c4270]
2019-07-10 03:37:42,653 INFO  client.GrpcClientProtocolClient (GrpcClientProtocolClient.java:onNext(255)) - client-8BD909272E8D->63cacea9-0392-4939-ad39-80c4c73dd84b: receive RaftClientReply:client-8BD909272E8D->63cacea9-0392-4939-ad39-80c4c73dd84b@group-EE6C16B6C358, cid=2855, SUCCESS, logIndex=4274, commits[63cacea9-0392-4939-ad39-80c4c73dd84b:c4274, bd7b7fea-2a7b-4c3f-852f-c014e42bfcb7:c4270, 3b4aa678-22a6-4ae2-9c6a-0e71cdb9d6d0:c4270]
2019-07-10 03:37:42,667 INFO  client.GrpcClientProtocolClient (GrpcClientProtocolClient.java:onNext(255)) - client-8BD909272E8D->63cacea9-0392-4939-ad39-80c4c73dd84b: receive RaftClientReply:client-8BD909272E8D->63cacea9-0392-4939-ad39-80c4c73dd84b@group-EE6C16B6C358, cid=2856, SUCCESS, logIndex=0, commits[63cacea9-0392-4939-ad39-80c4c73dd84b:c4276, bd7b7fea-2a7b-4c3f-852f-c014e42bfcb7:c4274, 3b4aa678-22a6-4ae2-9c6a-0e71cdb9d6d0:c4274]
2019-07-10 03:37:42,720 INFO  client.GrpcClientProtocolClient (GrpcClientProtocolClient.java:onNext(255)) - client-8BD909272E8D->63cacea9-0392-4939-ad39-80c4c73dd84b: receive RaftClientReply:client-8BD909272E8D->63cacea9-0392-4939-ad39-80c4c73dd84b@group-EE6C16B6C358, cid=2857, SUCCESS, logIndex=4277, commits[63cacea9-0392-4939-ad39-80c4c73dd84b:c4278, bd7b7fea-2a7b-4c3f-852f-c014e42bfcb7:c4276, 3b4aa678-22a6-4ae2-9c6a-0e71cdb9d6d0:c4276]
2019-07-10 03:37:42,721 INFO  client.GrpcClientProtocolClient (GrpcClientProtocolClient.java:onNext(255)) - client-8BD909272E8D->63cacea9-0392-4939-ad39-80c4c73dd84b: receive RaftClientReply:client-8BD909272E8D->63cacea9-0392-4939-ad39-80c4c73dd84b@group-EE6C16B6C358, cid=2858, SUCCESS, logIndex=4278, commits[63cacea9-0392-4939-ad39-80c4c73dd84b:c4280, bd7b7fea-2a7b-4c3f-852f-c014e42bfcb7:c4276, 3b4aa678-22a6-4ae2-9c6a-0e71cdb9d6d0:c4276]
2019-07-10 03:37:42,721 INFO  client.GrpcClientProtocolClient (GrpcClientProtocolClient.java:onNext(255)) - client-8BD909272E8D->63cacea9-0392-4939-ad39-80c4c73dd84b: receive RaftClientReply:client-8BD909272E8D->63cacea9-0392-4939-ad39-80c4c73dd84b@group-EE6C16B6C358, cid=2859, SUCCESS, logIndex=4279, commits[63cacea9-0392-4939-ad39-80c4c73dd84b:c4280, bd7b7fea-2a7b-4c3f-852f-c014e42bfcb7:c4276, 3b4aa678-22a6-4ae2-9c6a-0e71cdb9d6d0:c4276]
2019-07-10 03:37:42,721 INFO  client.GrpcClientProtocolClient (GrpcClientProtocolClient.java:onNext(255)) - client-8BD909272E8D->63cacea9-0392-4939-ad39-80c4c73dd84b: receive RaftClientReply:client-8BD909272E8D->63cacea9-0392-4939-ad39-80c4c73dd84b@group-EE6C16B6C358, cid=2860, SUCCESS, logIndex=4280, commits[63cacea9-0392-4939-ad39-80c4c73dd84b:c4280, bd7b7fea-2a7b-4c3f-852f-c014e42bfcb7:c4276, 3b4aa678-22a6-4ae2-9c6a-0e71cdb9d6d0:c4276]
2019-07-10 03:37:42,723 INFO  client.GrpcClientProtocolClient (GrpcClientProtocolClient.java:onNext(255)) - client-8BD909272E8D->63cacea9-0392-4939-ad39-80c4c73dd84b: receive RaftClientReply:client-8BD909272E8D->63cacea9-0392-4939-ad39-80c4c73dd84b@group-EE6C16B6C358, cid=2861, SUCCESS, logIndex=0, commits[63cacea9-0392-4939-ad39-80c4c73dd84b:c4281, bd7b7fea-2a7b-4c3f-852f-c014e42bfcb7:c4278, 3b4aa678-22a6-4ae2-9c6a-0e71cdb9d6d0:c4278]
 0.00% |█                                                                                                    |  0/1 Time: 0:00:252019-07-10 03:37:42,749 INFO  client.GrpcClientProtocolClient (GrpcClientProtocolClient.java:onNext(255)) - client-8BD909272E8D->63cacea9-0392-4939-ad39-80c4c73dd84b: receive RaftClientReply:client-8BD909272E8D->63cacea9-0392-4939-ad39-80c4c73dd84b@group-EE6C16B6C358, cid=2862, SUCCESS, logIndex=4284, commits[63cacea9-0392-4939-ad39-80c4c73dd84b:c4285, bd7b7fea-2a7b-4c3f-852f-c014e42bfcb7:c4281, 3b4aa678-22a6-4ae2-9c6a-0e71cdb9d6d0:c4281]
2019-07-10 03:37:42,750 INFO  client.GrpcClientProtocolClient (GrpcClientProtocolClient.java:onNext(255)) - client-8BD909272E8D->63cacea9-0392-4939-ad39-80c4c73dd84b: receive RaftClientReply:client-8BD909272E8D->63cacea9-0392-4939-ad39-80c4c73dd84b@group-EE6C16B6C358, cid=2863, SUCCESS, logIndex=4285, commits[63cacea9-0392-4939-ad39-80c4c73dd84b:c4285, bd7b7fea-2a7b-4c3f-852f-c014e42bfcb7:c4281, 3b4aa678-22a6-4ae2-9c6a-0e71cdb9d6d0:c4281]
2019-07-10 03:37:42,777 INFO  client.GrpcClientProtocolClient (GrpcClientProtocolClient.java:onNext(255)) - client-8BD909272E8D->63cacea9-0392-4939-ad39-80c4c73dd84b: receive RaftClientReply:client-8BD909272E8D->63cacea9-0392-4939-ad39-80c4c73dd84b@group-EE6C16B6C358, cid=2864, SUCCESS, logIndex=4288, commits[63cacea9-0392-4939-ad39-80c4c73dd84b:c4289, bd7b7fea-2a7b-4c3f-852f-c014e42bfcb7:c4285, 3b4aa678-22a6-4ae2-9c6a-0e71cdb9d6d0:c4285]
2019-07-10 03:37:42,778 INFO  client.GrpcClientProtocolClient (GrpcClientProtocolClient.java:onNext(255)) - client-8BD909272E8D->63cacea9-0392-4939-ad39-80c4c73dd84b: receive RaftClientReply:client-8BD909272E8D->63cacea9-0392-4939-ad39-80c4c73dd84b@group-EE6C16B6C358, cid=2865, SUCCESS, logIndex=4289, commits[63cacea9-0392-4939-ad39-80c4c73dd84b:c4289, bd7b7fea-2a7b-4c3f-852f-c014e42bfcb7:c4285, 3b4aa678-22a6-4ae2-9c6a-0e71cdb9d6d0:c4285]
2019-07-10 03:37:42,790 INFO  client.GrpcClientProtocolClient (GrpcClientProtocolClient.java:onNext(255)) - client-8BD909272E8D->63cacea9-0392-4939-ad39-80c4c73dd84b: receive RaftClientReply:client-8BD909272E8D->63cacea9-0392-4939-ad39-80c4c73dd84b@group-EE6C16B6C358, cid=2866, SUCCESS, logIndex=0, commits[63cacea9-0392-4939-ad39-80c4c73dd84b:c4290, bd7b7fea-2a7b-4c3f-852f-c014e42bfcb7:c4289, 3b4aa678-22a6-4ae2-9c6a-0e71cdb9d6d0:c4289]
2019-07-10 03:37:42,823 INFO  client.GrpcClientProtocolClient (GrpcClientProtocolClient.java:onNext(255)) - client-8BD909272E8D->63cacea9-0392-4939-ad39-80c4c73dd84b: receive RaftClientReply:client-8BD909272E8D->63cacea9-0392-4939-ad39-80c4c73dd84b@group-EE6C16B6C358, cid=2867, SUCCESS, logIndex=4292, commits[63cacea9-0392-4939-ad39-80c4c73dd84b:c4293, bd7b7fea-2a7b-4c3f-852f-c014e42bfcb7:c4291, 3b4aa678-22a6-4ae2-9c6a-0e71cdb9d6d0:c4291]
2019-07-10 03:37:42,824 INFO  client.GrpcClientProtocolClient (GrpcClientProtocolClient.java:onNext(255)) - client-8BD909272E8D->63cacea9-0392-4939-ad39-80c4c73dd84b: receive RaftClientReply:client-8BD909272E8D->63cacea9-0392-4939-ad39-80c4c73dd84b@group-EE6C16B6C358, cid=2868, SUCCESS, logIndex=4293, commits[63cacea9-0392-4939-ad39-80c4c73dd84b:c4293, bd7b7fea-2a7b-4c3f-852f-c014e42bfcb7:c4291, 3b4aa678-22a6-4ae2-9c6a-0e71cdb9d6d0:c4291]
2019-07-10 03:37:42,833 INFO  client.GrpcClientProtocolClient (GrpcClientProtocolClient.java:onNext(255)) - client-8BD909272E8D->63cacea9-0392-4939-ad39-80c4c73dd84b: receive RaftClientReply:client-8BD909272E8D->63cacea9-0392-4939-ad39-80c4c73dd84b@group-EE6C16B6C358, cid=2869, SUCCESS, logIndex=4294, commits[63cacea9-0392-4939-ad39-80c4c73dd84b:c4295, bd7b7fea-2a7b-4c3f-852f-c014e42bfcb7:c4291, 3b4aa678-22a6-4ae2-9c6a-0e71cdb9d6d0:c4291]
2019-07-10 03:37:42,833 INFO  client.GrpcClientProtocolClient (GrpcClientProtocolClient.java:onNext(255)) - client-8BD909272E8D->63cacea9-0392-4939-ad39-80c4c73dd84b: receive RaftClientReply:client-8BD909272E8D->63cacea9-0392-4939-ad39-80c4c73dd84b@group-EE6C16B6C358, cid=2870, SUCCESS, logIndex=4295, commits[63cacea9-0392-4939-ad39-80c4c73dd84b:c4295, bd7b7fea-2a7b-4c3f-852f-c014e42bfcb7:c4291, 3b4aa678-22a6-4ae2-9c6a-0e71cdb9d6d0:c4291]
2019-07-10 03:37:42,844 INFO  client.GrpcClientProtocolClient (GrpcClientProtocolClient.java:onNext(255)) - client-8BD909272E8D->63cacea9-0392-4939-ad39-80c4c73dd84b: receive RaftClientReply:client-8BD909272E8D->63cacea9-0392-4939-ad39-80c4c73dd84b@group-EE6C16B6C358, cid=2871, SUCCESS, logIndex=0, commits[63cacea9-0392-4939-ad39-80c4c73dd84b:c4296, bd7b7fea-2a7b-4c3f-852f-c014e42bfcb7:c4293, 3b4aa678-22a6-4ae2-9c6a-0e71cdb9d6d0:c4293]
2019-07-10 03:37:42,867 INFO  client.GrpcClientProtocolClient (GrpcClientProtocolClient.java:onNext(255)) - client-8BD909272E8D->63cacea9-0392-4939-ad39-80c4c73dd84b: receive RaftClientReply:client-8BD909272E8D->63cacea9-0392-4939-ad39-80c4c73dd84b@group-EE6C16B6C358, cid=2872, SUCCESS, logIndex=4300, commits[63cacea9-0392-4939-ad39-80c4c73dd84b:c4301, bd7b7fea-2a7b-4c3f-852f-c014e42bfcb7:c4299, 3b4aa678-22a6-4ae2-9c6a-0e71cdb9d6d0:c4299]
2019-07-10 03:37:42,867 INFO  client.GrpcClientProtocolClient (GrpcClientProtocolClient.java:onNext(255)) - client-8BD909272E8D->63cacea9-0392-4939-ad39-80c4c73dd84b: receive RaftClientReply:client-8BD909272E8D->63cacea9-0392-4939-ad39-80c4c73dd84b@group-EE6C16B6C358, cid=2873, SUCCESS, logIndex=4301, commits[63cacea9-0392-4939-ad39-80c4c73dd84b:c4301, bd7b7fea-2a7b-4c3f-852f-c014e42bfcb7:c4299, 3b4aa678-22a6-4ae2-9c6a-0e71cdb9d6d0:c4299]
2019-07-10 03:37:42,896 INFO  client.GrpcClientProtocolClient (GrpcClientProtocolClient.java:onNext(255)) - client-8BD909272E8D->63cacea9-0392-4939-ad39-80c4c73dd84b: receive RaftClientReply:client-8BD909272E8D->63cacea9-0392-4939-ad39-80c4c73dd84b@group-EE6C16B6C358, cid=2874, SUCCESS, logIndex=4304, commits[63cacea9-0392-4939-ad39-80c4c73dd84b:c4305, bd7b7fea-2a7b-4c3f-852f-c014e42bfcb7:c4301, 3b4aa678-22a6-4ae2-9c6a-0e71cdb9d6d0:c4301]
2019-07-10 03:37:42,896 INFO  client.GrpcClientProtocolClient (GrpcClientProtocolClient.java:onNext(255)) - client-8BD909272E8D->63cacea9-0392-4939-ad39-80c4c73dd84b: receive RaftClientReply:client-8BD909272E8D->63cacea9-0392-4939-ad39-80c4c73dd84b@group-EE6C16B6C358, cid=2875, SUCCESS, logIndex=4305, commits[63cacea9-0392-4939-ad39-80c4c73dd84b:c4305, bd7b7fea-2a7b-4c3f-852f-c014e42bfcb7:c4301, 3b4aa678-22a6-4ae2-9c6a-0e71cdb9d6d0:c4301]
2019-07-10 03:37:42,911 INFO  client.GrpcClientProtocolClient (GrpcClientProtocolClient.java:onNext(255)) - client-8BD909272E8D->63cacea9-0392-4939-ad39-80c4c73dd84b: receive RaftClientReply:client-8BD909272E8D->63cacea9-0392-4939-ad39-80c4c73dd84b@group-EE6C16B6C358, cid=2876, SUCCESS, logIndex=0, commits[63cacea9-0392-4939-ad39-80c4c73dd84b:c4307, bd7b7fea-2a7b-4c3f-852f-c014e42bfcb7:c4305, 3b4aa678-22a6-4ae2-9c6a-0e71cdb9d6d0:c4305]
2019-07-10 03:37:42,943 INFO  client.GrpcClientProtocolClient (GrpcClientProtocolClient.java:onNext(255)) - client-8BD909272E8D->63cacea9-0392-4939-ad39-80c4c73dd84b: receive RaftClientReply:client-8BD909272E8D->63cacea9-0392-4939-ad39-80c4c73dd84b@group-EE6C16B6C358, cid=2877, SUCCESS, logIndex=4308, commits[63cacea9-0392-4939-ad39-80c4c73dd84b:c4308, bd7b7fea-2a7b-4c3f-852f-c014e42bfcb7:c4307, 3b4aa678-22a6-4ae2-9c6a-0e71cdb9d6d0:c4307]
2019-07-10 03:37:42,944 INFO  client.GrpcClientProtocolClient (GrpcClientProtocolClient.java:onNext(255)) - client-8BD909272E8D->63cacea9-0392-4939-ad39-80c4c73dd84b: receive RaftClientReply:client-8BD909272E8D->63cacea9-0392-4939-ad39-80c4c73dd84b@group-EE6C16B6C358, cid=2878, SUCCESS, logIndex=4309, commits[63cacea9-0392-4939-ad39-80c4c73dd84b:c4310, bd7b7fea-2a7b-4c3f-852f-c014e42bfcb7:c4307, 3b4aa678-22a6-4ae2-9c6a-0e71cdb9d6d0:c4307]
2019-07-10 03:37:42,944 INFO  client.GrpcClientProtocolClient (GrpcClientProtocolClient.java:onNext(255)) - client-8BD909272E8D->63cacea9-0392-4939-ad39-80c4c73dd84b: receive RaftClientReply:client-8BD909272E8D->63cacea9-0392-4939-ad39-80c4c73dd84b@group-EE6C16B6C358, cid=2879, SUCCESS, logIndex=4310, commits[63cacea9-0392-4939-ad39-80c4c73dd84b:c4311, bd7b7fea-2a7b-4c3f-852f-c014e42bfcb7:c4307, 3b4aa678-22a6-4ae2-9c6a-0e71cdb9d6d0:c4307]
2019-07-10 03:37:42,944 INFO  client.GrpcClientProtocolClient (GrpcClientProtocolClient.java:onNext(255)) - client-8BD909272E8D->63cacea9-0392-4939-ad39-80c4c73dd84b: receive RaftClientReply:client-8BD909272E8D->63cacea9-0392-4939-ad39-80c4c73dd84b@group-EE6C16B6C358, cid=2880, SUCCESS, logIndex=4311, commits[63cacea9-0392-4939-ad39-80c4c73dd84b:c4311, bd7b7fea-2a7b-4c3f-852f-c014e42bfcb7:c4307, 3b4aa678-22a6-4ae2-9c6a-0e71cdb9d6d0:c4307]
2019-07-10 03:37:42,957 INFO  client.GrpcClientProtocolClient (GrpcClientProtocolClient.java:onNext(255)) - client-8BD909272E8D->63cacea9-0392-4939-ad39-80c4c73dd84b: receive RaftClientReply:client-8BD909272E8D->63cacea9-0392-4939-ad39-80c4c73dd84b@group-EE6C16B6C358, cid=2881, SUCCESS, logIndex=0, commits[63cacea9-0392-4939-ad39-80c4c73dd84b:c4313, bd7b7fea-2a7b-4c3f-852f-c014e42bfcb7:c4309, 3b4aa678-22a6-4ae2-9c6a-0e71cdb9d6d0:c4309]
2019-07-10 03:37:42,979 INFO  client.GrpcClientProtocolClient (GrpcClientProtocolClient.java:onNext(255)) - client-8BD909272E8D->63cacea9-0392-4939-ad39-80c4c73dd84b: receive RaftClientReply:client-8BD909272E8D->63cacea9-0392-4939-ad39-80c4c73dd84b@group-EE6C16B6C358, cid=2882, SUCCESS, logIndex=4316, commits[63cacea9-0392-4939-ad39-80c4c73dd84b:c4317, bd7b7fea-2a7b-4c3f-852f-c014e42bfcb7:c4315, 3b4aa678-22a6-4ae2-9c6a-0e71cdb9d6d0:c4315]
2019-07-10 03:37:42,979 INFO  client.GrpcClientProtocolClient (GrpcClientProtocolClient.java:onNext(255)) - client-8BD909272E8D->63cacea9-0392-4939-ad39-80c4c73dd84b: receive RaftClientReply:client-8BD909272E8D->63cacea9-0392-4939-ad39-80c4c73dd84b@group-EE6C16B6C358, cid=2883, SUCCESS, logIndex=4317, commits[63cacea9-0392-4939-ad39-80c4c73dd84b:c4317, bd7b7fea-2a7b-4c3f-852f-c014e42bfcb7:c4315, 3b4aa678-22a6-4ae2-9c6a-0e71cdb9d6d0:c4315]
2019-07-10 03:37:42,992 INFO  client.GrpcClientProtocolClient (GrpcClientProtocolClient.java:onNext(255)) - client-8BD909272E8D->63cacea9-0392-4939-ad39-80c4c73dd84b: receive RaftClientReply:client-8BD909272E8D->63cacea9-0392-4939-ad39-80c4c73dd84b@group-EE6C16B6C358, cid=2884, SUCCESS, logIndex=4320, commits[63cacea9-0392-4939-ad39-80c4c73dd84b:c4321, bd7b7fea-2a7b-4c3f-852f-c014e42bfcb7:c4317, 3b4aa678-22a6-4ae2-9c6a-0e71cdb9d6d0:c4316]
2019-07-10 03:37:42,992 INFO  client.GrpcClientProtocolClient (GrpcClientProtocolClient.java:onNext(255)) - client-8BD909272E8D->63cacea9-0392-4939-ad39-80c4c73dd84b: receive RaftClientReply:client-8BD909272E8D->63cacea9-0392-4939-ad39-80c4c73dd84b@group-EE6C16B6C358, cid=2885, SUCCESS, logIndex=4321, commits[63cacea9-0392-4939-ad39-80c4c73dd84b:c4321, bd7b7fea-2a7b-4c3f-852f-c014e42bfcb7:c4317, 3b4aa678-22a6-4ae2-9c6a-0e71cdb9d6d0:c4316]
2019-07-10 03:37:42,993 INFO  client.GrpcClientProtocolClient (GrpcClientProtocolClient.java:onNext(255)) - client-8BD909272E8D->63cacea9-0392-4939-ad39-80c4c73dd84b: receive RaftClientReply:client-8BD909272E8D->63cacea9-0392-4939-ad39-80c4c73dd84b@group-EE6C16B6C358, cid=2886, SUCCESS, logIndex=0, commits[63cacea9-0392-4939-ad39-80c4c73dd84b:c4322, bd7b7fea-2a7b-4c3f-852f-c014e42bfcb7:c4317, 3b4aa678-22a6-4ae2-9c6a-0e71cdb9d6d0:c4321]
2019-07-10 03:37:42,994 INFO  client.GrpcClientProtocolClient (GrpcClientProtocolClient.java:onNext(255)) - client-8BD909272E8D->63cacea9-0392-4939-ad39-80c4c73dd84b: receive RaftClientReply:client-8BD909272E8D->63cacea9-0392-4939-ad39-80c4c73dd84b@group-EE6C16B6C358, cid=2887, SUCCESS, logIndex=0, commits[63cacea9-0392-4939-ad39-80c4c73dd84b:c4323, bd7b7fea-2a7b-4c3f-852f-c014e42bfcb7:c4321, 3b4aa678-22a6-4ae2-9c6a-0e71cdb9d6d0:c4321]
2019-07-10 03:37:43,023 INFO  client.GrpcClientProtocolClient (GrpcClientProtocolClient.java:onNext(255)) - client-8BD909272E8D->63cacea9-0392-4939-ad39-80c4c73dd84b: receive RaftClientReply:client-8BD909272E8D->63cacea9-0392-4939-ad39-80c4c73dd84b@group-EE6C16B6C358, cid=2888, SUCCESS, logIndex=4324, commits[63cacea9-0392-4939-ad39-80c4c73dd84b:c4325, bd7b7fea-2a7b-4c3f-852f-c014e42bfcb7:c4323, 3b4aa678-22a6-4ae2-9c6a-0e71cdb9d6d0:c4323]
2019-07-10 03:37:43,024 INFO  client.GrpcClientProtocolClient (GrpcClientProtocolClient.java:onNext(255)) - client-8BD909272E8D->63cacea9-0392-4939-ad39-80c4c73dd84b: receive RaftClientReply:client-8BD909272E8D->63cacea9-0392-4939-ad39-80c4c73dd84b@group-EE6C16B6C358, cid=2889, SUCCESS, logIndex=4325, commits[63cacea9-0392-4939-ad39-80c4c73dd84b:c4327, bd7b7fea-2a7b-4c3f-852f-c014e42bfcb7:c4323, 3b4aa678-22a6-4ae2-9c6a-0e71cdb9d6d0:c4323]
2019-07-10 03:37:43,024 INFO  client.GrpcClientProtocolClient (GrpcClientProtocolClient.java:onNext(255)) - client-8BD909272E8D->63cacea9-0392-4939-ad39-80c4c73dd84b: receive RaftClientReply:client-8BD909272E8D->63cacea9-0392-4939-ad39-80c4c73dd84b@group-EE6C16B6C358, cid=2890, SUCCESS, logIndex=4326, commits[63cacea9-0392-4939-ad39-80c4c73dd84b:c4327, bd7b7fea-2a7b-4c3f-852f-c014e42bfcb7:c4323, 3b4aa678-22a6-4ae2-9c6a-0e71cdb9d6d0:c4323]
2019-07-10 03:37:43,024 INFO  client.GrpcClientProtocolClient (GrpcClientProtocolClient.java:onNext(255)) - client-8BD909272E8D->63cacea9-0392-4939-ad39-80c4c73dd84b: receive RaftClientReply:client-8BD909272E8D->63cacea9-0392-4939-ad39-80c4c73dd84b@group-EE6C16B6C358, cid=2891, SUCCESS, logIndex=4327, commits[63cacea9-0392-4939-ad39-80c4c73dd84b:c4327, bd7b7fea-2a7b-4c3f-852f-c014e42bfcb7:c4323, 3b4aa678-22a6-4ae2-9c6a-0e71cdb9d6d0:c4323]
2019-07-10 03:37:43,040 INFO  client.GrpcClientProtocolClient (GrpcClientProtocolClient.java:onNext(255)) - client-8BD909272E8D->63cacea9-0392-4939-ad39-80c4c73dd84b: receive RaftClientReply:client-8BD909272E8D->63cacea9-0392-4939-ad39-80c4c73dd84b@group-EE6C16B6C358, cid=2892, SUCCESS, logIndex=0, commits[63cacea9-0392-4939-ad39-80c4c73dd84b:c4330, bd7b7fea-2a7b-4c3f-852f-c014e42bfcb7:c4325, 3b4aa678-22a6-4ae2-9c6a-0e71cdb9d6d0:c4327]
2019-07-10 03:37:43,063 INFO  client.GrpcClientProtocolClient (GrpcClientProtocolClient.java:onNext(255)) - client-8BD909272E8D->63cacea9-0392-4939-ad39-80c4c73dd84b: receive RaftClientReply:client-8BD909272E8D->63cacea9-0392-4939-ad39-80c4c73dd84b@group-EE6C16B6C358, cid=2893, SUCCESS, logIndex=4331, commits[63cacea9-0392-4939-ad39-80c4c73dd84b:c4332, bd7b7fea-2a7b-4c3f-852f-c014e42bfcb7:c4330, 3b4aa678-22a6-4ae2-9c6a-0e71cdb9d6d0:c4330]
2019-07-10 03:37:43,063 INFO  client.GrpcClientProtocolClient (GrpcClientProtocolClient.java:onNext(255)) - client-8BD909272E8D->63cacea9-0392-4939-ad39-80c4c73dd84b: receive RaftClientReply:client-8BD909272E8D->63cacea9-0392-4939-ad39-80c4c73dd84b@group-EE6C16B6C358, cid=2894, SUCCESS, logIndex=4332, commits[63cacea9-0392-4939-ad39-80c4c73dd84b:c4332, bd7b7fea-2a7b-4c3f-852f-c014e42bfcb7:c4330, 3b4aa678-22a6-4ae2-9c6a-0e71cdb9d6d0:c4330]
2019-07-10 03:37:43,087 INFO  client.GrpcClientProtocolClient (GrpcClientProtocolClient.java:onNext(255)) - client-8BD909272E8D->63cacea9-0392-4939-ad39-80c4c73dd84b: receive RaftClientReply:client-8BD909272E8D->63cacea9-0392-4939-ad39-80c4c73dd84b@group-EE6C16B6C358, cid=2895, SUCCESS, logIndex=4335, commits[63cacea9-0392-4939-ad39-80c4c73dd84b:c4336, bd7b7fea-2a7b-4c3f-852f-c014e42bfcb7:c4332, 3b4aa678-22a6-4ae2-9c6a-0e71cdb9d6d0:c4332]
2019-07-10 03:37:43,088 INFO  client.GrpcClientProtocolClient (GrpcClientProtocolClient.java:onNext(255)) - client-8BD909272E8D->63cacea9-0392-4939-ad39-80c4c73dd84b: receive RaftClientReply:client-8BD909272E8D->63cacea9-0392-4939-ad39-80c4c73dd84b@group-EE6C16B6C358, cid=2896, SUCCESS, logIndex=4336, commits[63cacea9-0392-4939-ad39-80c4c73dd84b:c4336, bd7b7fea-2a7b-4c3f-852f-c014e42bfcb7:c4332, 3b4aa678-22a6-4ae2-9c6a-0e71cdb9d6d0:c4332]
2019-07-10 03:37:43,101 INFO  client.GrpcClientProtocolClient (GrpcClientProtocolClient.java:onNext(255)) - client-8BD909272E8D->63cacea9-0392-4939-ad39-80c4c73dd84b: receive RaftClientReply:client-8BD909272E8D->63cacea9-0392-4939-ad39-80c4c73dd84b@group-EE6C16B6C358, cid=2897, SUCCESS, logIndex=0, commits[63cacea9-0392-4939-ad39-80c4c73dd84b:c4337, bd7b7fea-2a7b-4c3f-852f-c014e42bfcb7:c4336, 3b4aa678-22a6-4ae2-9c6a-0e71cdb9d6d0:c4336]
2019-07-10 03:37:43,135 INFO  client.GrpcClientProtocolClient (GrpcClientProtocolClient.java:onNext(255)) - client-8BD909272E8D->63cacea9-0392-4939-ad39-80c4c73dd84b: receive RaftClientReply:client-8BD909272E8D->63cacea9-0392-4939-ad39-80c4c73dd84b@group-EE6C16B6C358, cid=2898, SUCCESS, logIndex=4339, commits[63cacea9-0392-4939-ad39-80c4c73dd84b:c4340, bd7b7fea-2a7b-4c3f-852f-c014e42bfcb7:c4338, 3b4aa678-22a6-4ae2-9c6a-0e71cdb9d6d0:c4338]
2019-07-10 03:37:43,136 INFO  client.GrpcClientProtocolClient (GrpcClientProtocolClient.java:onNext(255)) - client-8BD909272E8D->63cacea9-0392-4939-ad39-80c4c73dd84b: receive RaftClientReply:client-8BD909272E8D->63cacea9-0392-4939-ad39-80c4c73dd84b@group-EE6C16B6C358, cid=2899, SUCCESS, logIndex=4340, commits[63cacea9-0392-4939-ad39-80c4c73dd84b:c4342, bd7b7fea-2a7b-4c3f-852f-c014e42bfcb7:c4338, 3b4aa678-22a6-4ae2-9c6a-0e71cdb9d6d0:c4338]
2019-07-10 03:37:43,136 INFO  client.GrpcClientProtocolClient (GrpcClientProtocolClient.java:onNext(255)) - client-8BD909272E8D->63cacea9-0392-4939-ad39-80c4c73dd84b: receive RaftClientReply:client-8BD909272E8D->63cacea9-0392-4939-ad39-80c4c73dd84b@group-EE6C16B6C358, cid=2900, SUCCESS, logIndex=4341, commits[63cacea9-0392-4939-ad39-80c4c73dd84b:c4342, bd7b7fea-2a7b-4c3f-852f-c014e42bfcb7:c4338, 3b4aa678-22a6-4ae2-9c6a-0e71cdb9d6d0:c4338]
2019-07-10 03:37:43,136 INFO  client.GrpcClientProtocolClient (GrpcClientProtocolClient.java:onNext(255)) - client-8BD909272E8D->63cacea9-0392-4939-ad39-80c4c73dd84b: receive RaftClientReply:client-8BD909272E8D->63cacea9-0392-4939-ad39-80c4c73dd84b@group-EE6C16B6C358, cid=2901, SUCCESS, logIndex=4342, commits[63cacea9-0392-4939-ad39-80c4c73dd84b:c4342, bd7b7fea-2a7b-4c3f-852f-c014e42bfcb7:c4338, 3b4aa678-22a6-4ae2-9c6a-0e71cdb9d6d0:c4338]
2019-07-10 03:37:43,150 INFO  client.GrpcClientProtocolClient (GrpcClientProtocolClient.java:onNext(255)) - client-8BD909272E8D->63cacea9-0392-4939-ad39-80c4c73dd84b: receive RaftClientReply:client-8BD909272E8D->63cacea9-0392-4939-ad39-80c4c73dd84b@group-EE6C16B6C358, cid=2902, SUCCESS, logIndex=0, commits[63cacea9-0392-4939-ad39-80c4c73dd84b:c4345, bd7b7fea-2a7b-4c3f-852f-c014e42bfcb7:c4340, 3b4aa678-22a6-4ae2-9c6a-0e71cdb9d6d0:c4342]
2019-07-10 03:37:43,172 INFO  client.GrpcClientProtocolClient (GrpcClientProtocolClient.java:onNext(255)) - client-8BD909272E8D->63cacea9-0392-4939-ad39-80c4c73dd84b: receive RaftClientReply:client-8BD909272E8D->63cacea9-0392-4939-ad39-80c4c73dd84b@group-EE6C16B6C358, cid=2903, SUCCESS, logIndex=4346, commits[63cacea9-0392-4939-ad39-80c4c73dd84b:c4347, bd7b7fea-2a7b-4c3f-852f-c014e42bfcb7:c4345, 3b4aa678-22a6-4ae2-9c6a-0e71cdb9d6d0:c4345]
2019-07-10 03:37:43,172 INFO  client.GrpcClientProtocolClient (GrpcClientProtocolClient.java:onNext(255)) - client-8BD909272E8D->63cacea9-0392-4939-ad39-80c4c73dd84b: receive RaftClientReply:client-8BD909272E8D->63cacea9-0392-4939-ad39-80c4c73dd84b@group-EE6C16B6C358, cid=2904, SUCCESS, logIndex=4347, commits[63cacea9-0392-4939-ad39-80c4c73dd84b:c4347, bd7b7fea-2a7b-4c3f-852f-c014e42bfcb7:c4345, 3b4aa678-22a6-4ae2-9c6a-0e71cdb9d6d0:c4345]
2019-07-10 03:37:43,185 INFO  client.GrpcClientProtocolClient (GrpcClientProtocolClient.java:onNext(255)) - client-8BD909272E8D->63cacea9-0392-4939-ad39-80c4c73dd84b: receive RaftClientReply:client-8BD909272E8D->63cacea9-0392-4939-ad39-80c4c73dd84b@group-EE6C16B6C358, cid=2905, SUCCESS, logIndex=4350, commits[63cacea9-0392-4939-ad39-80c4c73dd84b:c4351, bd7b7fea-2a7b-4c3f-852f-c014e42bfcb7:c4347, 3b4aa678-22a6-4ae2-9c6a-0e71cdb9d6d0:c4346]
2019-07-10 03:37:43,186 INFO  client.GrpcClientProtocolClient (GrpcClientProtocolClient.java:onNext(255)) - client-8BD909272E8D->63cacea9-0392-4939-ad39-80c4c73dd84b: receive RaftClientReply:client-8BD909272E8D->63cacea9-0392-4939-ad39-80c4c73dd84b@group-EE6C16B6C358, cid=2906, SUCCESS, logIndex=4351, commits[63cacea9-0392-4939-ad39-80c4c73dd84b:c4351, bd7b7fea-2a7b-4c3f-852f-c014e42bfcb7:c4347, 3b4aa678-22a6-4ae2-9c6a-0e71cdb9d6d0:c4346]
2019-07-10 03:37:43,196 INFO  client.GrpcClientProtocolClient (GrpcClientProtocolClient.java:onNext(255)) - client-8BD909272E8D->63cacea9-0392-4939-ad39-80c4c73dd84b: receive RaftClientReply:client-8BD909272E8D->63cacea9-0392-4939-ad39-80c4c73dd84b@group-EE6C16B6C358, cid=2907, SUCCESS, logIndex=0, commits[63cacea9-0392-4939-ad39-80c4c73dd84b:c4351, bd7b7fea-2a7b-4c3f-852f-c014e42bfcb7:c4347, 3b4aa678-22a6-4ae2-9c6a-0e71cdb9d6d0:c4347]
2019-07-10 03:37:43,212 INFO  client.GrpcClientProtocolClient (GrpcClientProtocolClient.java:onNext(255)) - client-8BD909272E8D->63cacea9-0392-4939-ad39-80c4c73dd84b: receive RaftClientReply:client-8BD909272E8D->63cacea9-0392-4939-ad39-80c4c73dd84b@group-EE6C16B6C358, cid=2908, SUCCESS, logIndex=0, commits[63cacea9-0392-4939-ad39-80c4c73dd84b:c4353, bd7b7fea-2a7b-4c3f-852f-c014e42bfcb7:c4351, 3b4aa678-22a6-4ae2-9c6a-0e71cdb9d6d0:c4351]
2019-07-10 03:37:43,258 INFO  client.GrpcClientProtocolClient (GrpcClientProtocolClient.java:onNext(255)) - client-8BD909272E8D->63cacea9-0392-4939-ad39-80c4c73dd84b: receive RaftClientReply:client-8BD909272E8D->63cacea9-0392-4939-ad39-80c4c73dd84b@group-EE6C16B6C358, cid=2909, SUCCESS, logIndex=4354, commits[63cacea9-0392-4939-ad39-80c4c73dd84b:c4355, bd7b7fea-2a7b-4c3f-852f-c014e42bfcb7:c4351, 3b4aa678-22a6-4ae2-9c6a-0e71cdb9d6d0:c4353]
2019-07-10 03:37:43,258 INFO  client.GrpcClientProtocolClient (GrpcClientProtocolClient.java:onNext(255)) - client-8BD909272E8D->63cacea9-0392-4939-ad39-80c4c73dd84b: receive RaftClientReply:client-8BD909272E8D->63cacea9-0392-4939-ad39-80c4c73dd84b@group-EE6C16B6C358, cid=2910, SUCCESS, logIndex=4355, commits[63cacea9-0392-4939-ad39-80c4c73dd84b:c4355, bd7b7fea-2a7b-4c3f-852f-c014e42bfcb7:c4351, 3b4aa678-22a6-4ae2-9c6a-0e71cdb9d6d0:c4353]
2019-07-10 03:37:43,270 INFO  client.GrpcClientProtocolClient (GrpcClientProtocolClient.java:onNext(255)) - client-8BD909272E8D->63cacea9-0392-4939-ad39-80c4c73dd84b: receive RaftClientReply:client-8BD909272E8D->63cacea9-0392-4939-ad39-80c4c73dd84b@group-EE6C16B6C358, cid=2911, SUCCESS, logIndex=4356, commits[63cacea9-0392-4939-ad39-80c4c73dd84b:c4357, bd7b7fea-2a7b-4c3f-852f-c014e42bfcb7:c4353, 3b4aa678-22a6-4ae2-9c6a-0e71cdb9d6d0:c4353]
2019-07-10 03:37:43,271 INFO  client.GrpcClientProtocolClient (GrpcClientProtocolClient.java:onNext(255)) - client-8BD909272E8D->63cacea9-0392-4939-ad39-80c4c73dd84b: receive RaftClientReply:client-8BD909272E8D->63cacea9-0392-4939-ad39-80c4c73dd84b@group-EE6C16B6C358, cid=2912, SUCCESS, logIndex=4357, commits[63cacea9-0392-4939-ad39-80c4c73dd84b:c4357, bd7b7fea-2a7b-4c3f-852f-c014e42bfcb7:c4353, 3b4aa678-22a6-4ae2-9c6a-0e71cdb9d6d0:c4353]
2019-07-10 03:37:43,274 INFO  client.GrpcClientProtocolClient (GrpcClientProtocolClient.java:onNext(255)) - client-8BD909272E8D->63cacea9-0392-4939-ad39-80c4c73dd84b: receive RaftClientReply:client-8BD909272E8D->63cacea9-0392-4939-ad39-80c4c73dd84b@group-EE6C16B6C358, cid=2913, SUCCESS, logIndex=0, commits[63cacea9-0392-4939-ad39-80c4c73dd84b:c4358, bd7b7fea-2a7b-4c3f-852f-c014e42bfcb7:c4355, 3b4aa678-22a6-4ae2-9c6a-0e71cdb9d6d0:c4355]
2019-07-10 03:37:43,298 INFO  client.GrpcClientProtocolClient (GrpcClientProtocolClient.java:onNext(255)) - client-8BD909272E8D->63cacea9-0392-4939-ad39-80c4c73dd84b: receive RaftClientReply:client-8BD909272E8D->63cacea9-0392-4939-ad39-80c4c73dd84b@group-EE6C16B6C358, cid=2914, SUCCESS, logIndex=4361, commits[63cacea9-0392-4939-ad39-80c4c73dd84b:c4362, bd7b7fea-2a7b-4c3f-852f-c014e42bfcb7:c4359, 3b4aa678-22a6-4ae2-9c6a-0e71cdb9d6d0:c4357]
2019-07-10 03:37:43,298 INFO  client.GrpcClientProtocolClient (GrpcClientProtocolClient.java:onNext(255)) - client-8BD909272E8D->63cacea9-0392-4939-ad39-80c4c73dd84b: receive RaftClientReply:client-8BD909272E8D->63cacea9-0392-4939-ad39-80c4c73dd84b@group-EE6C16B6C358, cid=2915, SUCCESS, logIndex=4362, commits[63cacea9-0392-4939-ad39-80c4c73dd84b:c4362, bd7b7fea-2a7b-4c3f-852f-c014e42bfcb7:c4359, 3b4aa678-22a6-4ae2-9c6a-0e71cdb9d6d0:c4359]
2019-07-10 03:37:43,323 INFO  client.GrpcClientProtocolClient (GrpcClientProtocolClient.java:onNext(255)) - client-8BD909272E8D->63cacea9-0392-4939-ad39-80c4c73dd84b: receive RaftClientReply:client-8BD909272E8D->63cacea9-0392-4939-ad39-80c4c73dd84b@group-EE6C16B6C358, cid=2916, SUCCESS, logIndex=4365, commits[63cacea9-0392-4939-ad39-80c4c73dd84b:c4366, bd7b7fea-2a7b-4c3f-852f-c014e42bfcb7:c4362, 3b4aa678-22a6-4ae2-9c6a-0e71cdb9d6d0:c4362]
2019-07-10 03:37:43,323 INFO  client.GrpcClientProtocolClient (GrpcClientProtocolClient.java:onNext(255)) - client-8BD909272E8D->63cacea9-0392-4939-ad39-80c4c73dd84b: receive RaftClientReply:client-8BD909272E8D->63cacea9-0392-4939-ad39-80c4c73dd84b@group-EE6C16B6C358, cid=2917, SUCCESS, logIndex=4366, commits[63cacea9-0392-4939-ad39-80c4c73dd84b:c4366, bd7b7fea-2a7b-4c3f-852f-c014e42bfcb7:c4362, 3b4aa678-22a6-4ae2-9c6a-0e71cdb9d6d0:c4362]
2019-07-10 03:37:43,339 INFO  client.GrpcClientProtocolClient (GrpcClientProtocolClient.java:onNext(255)) - client-8BD909272E8D->63cacea9-0392-4939-ad39-80c4c73dd84b: receive RaftClientReply:client-8BD909272E8D->63cacea9-0392-4939-ad39-80c4c73dd84b@group-EE6C16B6C358, cid=2918, SUCCESS, logIndex=0, commits[63cacea9-0392-4939-ad39-80c4c73dd84b:c4368, bd7b7fea-2a7b-4c3f-852f-c014e42bfcb7:c4366, 3b4aa678-22a6-4ae2-9c6a-0e71cdb9d6d0:c4366]
2019-07-10 03:37:43,364 INFO  client.GrpcClientProtocolClient (GrpcClientProtocolClient.java:onNext(255)) - client-8BD909272E8D->63cacea9-0392-4939-ad39-80c4c73dd84b: receive RaftClientReply:client-8BD909272E8D->63cacea9-0392-4939-ad39-80c4c73dd84b@group-EE6C16B6C358, cid=2919, SUCCESS, logIndex=4369, commits[63cacea9-0392-4939-ad39-80c4c73dd84b:c4370, bd7b7fea-2a7b-4c3f-852f-c014e42bfcb7:c4366, 3b4aa678-22a6-4ae2-9c6a-0e71cdb9d6d0:c4368]
2019-07-10 03:37:43,365 INFO  client.GrpcClientProtocolClient (GrpcClientProtocolClient.java:onNext(255)) - client-8BD909272E8D->63cacea9-0392-4939-ad39-80c4c73dd84b: receive RaftClientReply:client-8BD909272E8D->63cacea9-0392-4939-ad39-80c4c73dd84b@group-EE6C16B6C358, cid=2920, SUCCESS, logIndex=4370, commits[63cacea9-0392-4939-ad39-80c4c73dd84b:c4370, bd7b7fea-2a7b-4c3f-852f-c014e42bfcb7:c4366, 3b4aa678-22a6-4ae2-9c6a-0e71cdb9d6d0:c4368]
2019-07-10 03:37:43,365 INFO  client.GrpcClientProtocolClient (GrpcClientProtocolClient.java:onNext(255)) - client-8BD909272E8D->63cacea9-0392-4939-ad39-80c4c73dd84b: receive RaftClientReply:client-8BD909272E8D->63cacea9-0392-4939-ad39-80c4c73dd84b@group-EE6C16B6C358, cid=2921, SUCCESS, logIndex=4371, commits[63cacea9-0392-4939-ad39-80c4c73dd84b:c4372, bd7b7fea-2a7b-4c3f-852f-c014e42bfcb7:c4368, 3b4aa678-22a6-4ae2-9c6a-0e71cdb9d6d0:c4368]
2019-07-10 03:37:43,365 INFO  client.GrpcClientProtocolClient (GrpcClientProtocolClient.java:onNext(255)) - client-8BD909272E8D->63cacea9-0392-4939-ad39-80c4c73dd84b: receive RaftClientReply:client-8BD909272E8D->63cacea9-0392-4939-ad39-80c4c73dd84b@group-EE6C16B6C358, cid=2922, SUCCESS, logIndex=4372, commits[63cacea9-0392-4939-ad39-80c4c73dd84b:c4372, bd7b7fea-2a7b-4c3f-852f-c014e42bfcb7:c4368, 3b4aa678-22a6-4ae2-9c6a-0e71cdb9d6d0:c4368]
2019-07-10 03:37:43,368 INFO  client.GrpcClientProtocolClient (GrpcClientProtocolClient.java:onNext(255)) - client-8BD909272E8D->63cacea9-0392-4939-ad39-80c4c73dd84b: receive RaftClientReply:client-8BD909272E8D->63cacea9-0392-4939-ad39-80c4c73dd84b@group-EE6C16B6C358, cid=2923, SUCCESS, logIndex=0, commits[63cacea9-0392-4939-ad39-80c4c73dd84b:c4374, bd7b7fea-2a7b-4c3f-852f-c014e42bfcb7:c4370, 3b4aa678-22a6-4ae2-9c6a-0e71cdb9d6d0:c4370]
2019-07-10 03:37:43,396 INFO  client.GrpcClientProtocolClient (GrpcClientProtocolClient.java:onNext(255)) - client-8BD909272E8D->63cacea9-0392-4939-ad39-80c4c73dd84b: receive RaftClientReply:client-8BD909272E8D->63cacea9-0392-4939-ad39-80c4c73dd84b@group-EE6C16B6C358, cid=2924, SUCCESS, logIndex=4377, commits[63cacea9-0392-4939-ad39-80c4c73dd84b:c4378, bd7b7fea-2a7b-4c3f-852f-c014e42bfcb7:c4376, 3b4aa678-22a6-4ae2-9c6a-0e71cdb9d6d0:c4376]
2019-07-10 03:37:43,396 INFO  client.GrpcClientProtocolClient (GrpcClientProtocolClient.java:onNext(255)) - client-8BD909272E8D->63cacea9-0392-4939-ad39-80c4c73dd84b: receive RaftClientReply:client-8BD909272E8D->63cacea9-0392-4939-ad39-80c4c73dd84b@group-EE6C16B6C358, cid=2925, SUCCESS, logIndex=4378, commits[63cacea9-0392-4939-ad39-80c4c73dd84b:c4378, bd7b7fea-2a7b-4c3f-852f-c014e42bfcb7:c4376, 3b4aa678-22a6-4ae2-9c6a-0e71cdb9d6d0:c4376]
2019-07-10 03:37:43,411 INFO  client.GrpcClientProtocolClient (GrpcClientProtocolClient.java:onNext(255)) - client-8BD909272E8D->63cacea9-0392-4939-ad39-80c4c73dd84b: receive RaftClientReply:client-8BD909272E8D->63cacea9-0392-4939-ad39-80c4c73dd84b@group-EE6C16B6C358, cid=2926, SUCCESS, logIndex=4381, commits[63cacea9-0392-4939-ad39-80c4c73dd84b:c4382, bd7b7fea-2a7b-4c3f-852f-c014e42bfcb7:c4378, 3b4aa678-22a6-4ae2-9c6a-0e71cdb9d6d0:c4378]
2019-07-10 03:37:43,411 INFO  client.GrpcClientProtocolClient (GrpcClientProtocolClient.java:onNext(255)) - client-8BD909272E8D->63cacea9-0392-4939-ad39-80c4c73dd84b: receive RaftClientReply:client-8BD909272E8D->63cacea9-0392-4939-ad39-80c4c73dd84b@group-EE6C16B6C358, cid=2927, SUCCESS, logIndex=4382, commits[63cacea9-0392-4939-ad39-80c4c73dd84b:c4382, bd7b7fea-2a7b-4c3f-852f-c014e42bfcb7:c4378, 3b4aa678-22a6-4ae2-9c6a-0e71cdb9d6d0:c4378]
2019-07-10 03:37:43,429 INFO  client.GrpcClientProtocolClient (GrpcClientProtocolClient.java:onNext(255)) - client-8BD909272E8D->63cacea9-0392-4939-ad39-80c4c73dd84b: receive RaftClientReply:client-8BD909272E8D->63cacea9-0392-4939-ad39-80c4c73dd84b@group-EE6C16B6C358, cid=2928, SUCCESS, logIndex=0, commits[63cacea9-0392-4939-ad39-80c4c73dd84b:c4383, bd7b7fea-2a7b-4c3f-852f-c014e42bfcb7:c4382, 3b4aa678-22a6-4ae2-9c6a-0e71cdb9d6d0:c4382]
2019-07-10 03:37:43,464 INFO  client.GrpcClientProtocolClient (GrpcClientProtocolClient.java:onNext(255)) - client-8BD909272E8D->63cacea9-0392-4939-ad39-80c4c73dd84b: receive RaftClientReply:client-8BD909272E8D->63cacea9-0392-4939-ad39-80c4c73dd84b@group-EE6C16B6C358, cid=2929, SUCCESS, logIndex=4385, commits[63cacea9-0392-4939-ad39-80c4c73dd84b:c4386, bd7b7fea-2a7b-4c3f-852f-c014e42bfcb7:c4384, 3b4aa678-22a6-4ae2-9c6a-0e71cdb9d6d0:c4384]
2019-07-10 03:37:43,464 INFO  client.GrpcClientProtocolClient (GrpcClientProtocolClient.java:onNext(255)) - client-8BD909272E8D->63cacea9-0392-4939-ad39-80c4c73dd84b: receive RaftClientReply:client-8BD909272E8D->63cacea9-0392-4939-ad39-80c4c73dd84b@group-EE6C16B6C358, cid=2930, SUCCESS, logIndex=4386, commits[63cacea9-0392-4939-ad39-80c4c73dd84b:c4386, bd7b7fea-2a7b-4c3f-852f-c014e42bfcb7:c4384, 3b4aa678-22a6-4ae2-9c6a-0e71cdb9d6d0:c4384]
2019-07-10 03:37:43,466 INFO  client.GrpcClientProtocolClient (GrpcClientProtocolClient.java:onNext(255)) - client-8BD909272E8D->63cacea9-0392-4939-ad39-80c4c73dd84b: receive RaftClientReply:client-8BD909272E8D->63cacea9-0392-4939-ad39-80c4c73dd84b@group-EE6C16B6C358, cid=2931, SUCCESS, logIndex=4387, commits[63cacea9-0392-4939-ad39-80c4c73dd84b:c4388, bd7b7fea-2a7b-4c3f-852f-c014e42bfcb7:c4384, 3b4aa678-22a6-4ae2-9c6a-0e71cdb9d6d0:c4384]
2019-07-10 03:37:43,466 INFO  client.GrpcClientProtocolClient (GrpcClientProtocolClient.java:onNext(255)) - client-8BD909272E8D->63cacea9-0392-4939-ad39-80c4c73dd84b: receive RaftClientReply:client-8BD909272E8D->63cacea9-0392-4939-ad39-80c4c73dd84b@group-EE6C16B6C358, cid=2932, SUCCESS, logIndex=4388, commits[63cacea9-0392-4939-ad39-80c4c73dd84b:c4388, bd7b7fea-2a7b-4c3f-852f-c014e42bfcb7:c4384, 3b4aa678-22a6-4ae2-9c6a-0e71cdb9d6d0:c4384]
2019-07-10 03:37:43,477 INFO  client.GrpcClientProtocolClient (GrpcClientProtocolClient.java:onNext(255)) - client-8BD909272E8D->63cacea9-0392-4939-ad39-80c4c73dd84b: receive RaftClientReply:client-8BD909272E8D->63cacea9-0392-4939-ad39-80c4c73dd84b@group-EE6C16B6C358, cid=2933, SUCCESS, logIndex=0, commits[63cacea9-0392-4939-ad39-80c4c73dd84b:c4390, bd7b7fea-2a7b-4c3f-852f-c014e42bfcb7:c4386, 3b4aa678-22a6-4ae2-9c6a-0e71cdb9d6d0:c4386]
2019-07-10 03:37:43,620 INFO  client.GrpcClientProtocolClient (GrpcClientProtocolClient.java:onNext(255)) - client-8BD909272E8D->63cacea9-0392-4939-ad39-80c4c73dd84b: receive RaftClientReply:client-8BD909272E8D->63cacea9-0392-4939-ad39-80c4c73dd84b@group-EE6C16B6C358, cid=2934, SUCCESS, logIndex=4393, commits[63cacea9-0392-4939-ad39-80c4c73dd84b:c4394, bd7b7fea-2a7b-4c3f-852f-c014e42bfcb7:c4392, 3b4aa678-22a6-4ae2-9c6a-0e71cdb9d6d0:c4392]
2019-07-10 03:37:43,620 INFO  client.GrpcClientProtocolClient (GrpcClientProtocolClient.java:onNext(255)) - client-8BD909272E8D->63cacea9-0392-4939-ad39-80c4c73dd84b: receive RaftClientReply:client-8BD909272E8D->63cacea9-0392-4939-ad39-80c4c73dd84b@group-EE6C16B6C358, cid=2935, SUCCESS, logIndex=4394, commits[63cacea9-0392-4939-ad39-80c4c73dd84b:c4394, bd7b7fea-2a7b-4c3f-852f-c014e42bfcb7:c4392, 3b4aa678-22a6-4ae2-9c6a-0e71cdb9d6d0:c4392]
2019-07-10 03:37:43,637 INFO  client.GrpcClientProtocolClient (GrpcClientProtocolClient.java:onNext(255)) - client-8BD909272E8D->63cacea9-0392-4939-ad39-80c4c73dd84b: receive RaftClientReply:client-8BD909272E8D->63cacea9-0392-4939-ad39-80c4c73dd84b@group-EE6C16B6C358, cid=2936, SUCCESS, logIndex=4397, commits[63cacea9-0392-4939-ad39-80c4c73dd84b:c4398, bd7b7fea-2a7b-4c3f-852f-c014e42bfcb7:c4394, 3b4aa678-22a6-4ae2-9c6a-0e71cdb9d6d0:c4394]
2019-07-10 03:37:43,637 INFO  client.GrpcClientProtocolClient (GrpcClientProtocolClient.java:onNext(255)) - client-8BD909272E8D->63cacea9-0392-4939-ad39-80c4c73dd84b: receive RaftClientReply:client-8BD909272E8D->63cacea9-0392-4939-ad39-80c4c73dd84b@group-EE6C16B6C358, cid=2937, SUCCESS, logIndex=4398, commits[63cacea9-0392-4939-ad39-80c4c73dd84b:c4398, bd7b7fea-2a7b-4c3f-852f-c014e42bfcb7:c4394, 3b4aa678-22a6-4ae2-9c6a-0e71cdb9d6d0:c4394]
2019-07-10 03:37:43,646 INFO  client.GrpcClientProtocolClient (GrpcClientProtocolClient.java:onNext(255)) - client-8BD909272E8D->63cacea9-0392-4939-ad39-80c4c73dd84b: receive RaftClientReply:client-8BD909272E8D->63cacea9-0392-4939-ad39-80c4c73dd84b@group-EE6C16B6C358, cid=2938, SUCCESS, logIndex=0, commits[63cacea9-0392-4939-ad39-80c4c73dd84b:c4400, bd7b7fea-2a7b-4c3f-852f-c014e42bfcb7:c4398, 3b4aa678-22a6-4ae2-9c6a-0e71cdb9d6d0:c4398]
2019-07-10 03:37:43,678 INFO  client.GrpcClientProtocolClient (GrpcClientProtocolClient.java:onNext(255)) - client-8BD909272E8D->63cacea9-0392-4939-ad39-80c4c73dd84b: receive RaftClientReply:client-8BD909272E8D->63cacea9-0392-4939-ad39-80c4c73dd84b@group-EE6C16B6C358, cid=2939, SUCCESS, logIndex=4401, commits[63cacea9-0392-4939-ad39-80c4c73dd84b:c4402, bd7b7fea-2a7b-4c3f-852f-c014e42bfcb7:c4400, 3b4aa678-22a6-4ae2-9c6a-0e71cdb9d6d0:c4400]
2019-07-10 03:37:43,678 INFO  client.GrpcClientProtocolClient (GrpcClientProtocolClient.java:onNext(255)) - client-8BD909272E8D->63cacea9-0392-4939-ad39-80c4c73dd84b: receive RaftClientReply:client-8BD909272E8D->63cacea9-0392-4939-ad39-80c4c73dd84b@group-EE6C16B6C358, cid=2940, SUCCESS, logIndex=4402, commits[63cacea9-0392-4939-ad39-80c4c73dd84b:c4403, bd7b7fea-2a7b-4c3f-852f-c014e42bfcb7:c4400, 3b4aa678-22a6-4ae2-9c6a-0e71cdb9d6d0:c4400]
2019-07-10 03:37:43,679 INFO  client.GrpcClientProtocolClient (GrpcClientProtocolClient.java:onNext(255)) - client-8BD909272E8D->63cacea9-0392-4939-ad39-80c4c73dd84b: receive RaftClientReply:client-8BD909272E8D->63cacea9-0392-4939-ad39-80c4c73dd84b@group-EE6C16B6C358, cid=2941, SUCCESS, logIndex=4403, commits[63cacea9-0392-4939-ad39-80c4c73dd84b:c4404, bd7b7fea-2a7b-4c3f-852f-c014e42bfcb7:c4400, 3b4aa678-22a6-4ae2-9c6a-0e71cdb9d6d0:c4400]
2019-07-10 03:37:43,679 INFO  client.GrpcClientProtocolClient (GrpcClientProtocolClient.java:onNext(255)) - client-8BD909272E8D->63cacea9-0392-4939-ad39-80c4c73dd84b: receive RaftClientReply:client-8BD909272E8D->63cacea9-0392-4939-ad39-80c4c73dd84b@group-EE6C16B6C358, cid=2942, SUCCESS, logIndex=4404, commits[63cacea9-0392-4939-ad39-80c4c73dd84b:c4404, bd7b7fea-2a7b-4c3f-852f-c014e42bfcb7:c4400, 3b4aa678-22a6-4ae2-9c6a-0e71cdb9d6d0:c4400]
2019-07-10 03:37:43,680 INFO  client.GrpcClientProtocolClient (GrpcClientProtocolClient.java:onNext(255)) - client-8BD909272E8D->63cacea9-0392-4939-ad39-80c4c73dd84b: receive RaftClientReply:client-8BD909272E8D->63cacea9-0392-4939-ad39-80c4c73dd84b@group-EE6C16B6C358, cid=2943, SUCCESS, logIndex=0, commits[63cacea9-0392-4939-ad39-80c4c73dd84b:c4406, bd7b7fea-2a7b-4c3f-852f-c014e42bfcb7:c4402, 3b4aa678-22a6-4ae2-9c6a-0e71cdb9d6d0:c4402]
2019-07-10 03:37:43,700 INFO  client.GrpcClientProtocolClient (GrpcClientProtocolClient.java:onNext(255)) - client-8BD909272E8D->63cacea9-0392-4939-ad39-80c4c73dd84b: receive RaftClientReply:client-8BD909272E8D->63cacea9-0392-4939-ad39-80c4c73dd84b@group-EE6C16B6C358, cid=2944, SUCCESS, logIndex=4409, commits[63cacea9-0392-4939-ad39-80c4c73dd84b:c4410, bd7b7fea-2a7b-4c3f-852f-c014e42bfcb7:c4408, 3b4aa678-22a6-4ae2-9c6a-0e71cdb9d6d0:c4408]
2019-07-10 03:37:43,700 INFO  client.GrpcClientProtocolClient (GrpcClientProtocolClient.java:onNext(255)) - client-8BD909272E8D->63cacea9-0392-4939-ad39-80c4c73dd84b: receive RaftClientReply:client-8BD909272E8D->63cacea9-0392-4939-ad39-80c4c73dd84b@group-EE6C16B6C358, cid=2945, SUCCESS, logIndex=4410, commits[63cacea9-0392-4939-ad39-80c4c73dd84b:c4410, bd7b7fea-2a7b-4c3f-852f-c014e42bfcb7:c4408, 3b4aa678-22a6-4ae2-9c6a-0e71cdb9d6d0:c4408]
2019-07-10 03:37:43,726 INFO  client.GrpcClientProtocolClient (GrpcClientProtocolClient.java:onNext(255)) - client-8BD909272E8D->63cacea9-0392-4939-ad39-80c4c73dd84b: receive RaftClientReply:client-8BD909272E8D->63cacea9-0392-4939-ad39-80c4c73dd84b@group-EE6C16B6C358, cid=2946, SUCCESS, logIndex=4413, commits[63cacea9-0392-4939-ad39-80c4c73dd84b:c4414, bd7b7fea-2a7b-4c3f-852f-c014e42bfcb7:c4410, 3b4aa678-22a6-4ae2-9c6a-0e71cdb9d6d0:c4410]
2019-07-10 03:37:43,726 INFO  client.GrpcClientProtocolClient (GrpcClientProtocolClient.java:onNext(255)) - client-8BD909272E8D->63cacea9-0392-4939-ad39-80c4c73dd84b: receive RaftClientReply:client-8BD909272E8D->63cacea9-0392-4939-ad39-80c4c73dd84b@group-EE6C16B6C358, cid=2947, SUCCESS, logIndex=4414, commits[63cacea9-0392-4939-ad39-80c4c73dd84b:c4414, bd7b7fea-2a7b-4c3f-852f-c014e42bfcb7:c4410, 3b4aa678-22a6-4ae2-9c6a-0e71cdb9d6d0:c4410]
 0.00% |█                                                                                                    |  0/1 Time: 0:00:262019-07-10 03:37:43,753 INFO  client.GrpcClientProtocolClient (GrpcClientProtocolClient.java:onNext(255)) - client-8BD909272E8D->63cacea9-0392-4939-ad39-80c4c73dd84b: receive RaftClientReply:client-8BD909272E8D->63cacea9-0392-4939-ad39-80c4c73dd84b@group-EE6C16B6C358, cid=2948, SUCCESS, logIndex=0, commits[63cacea9-0392-4939-ad39-80c4c73dd84b:c4416, bd7b7fea-2a7b-4c3f-852f-c014e42bfcb7:c4414, 3b4aa678-22a6-4ae2-9c6a-0e71cdb9d6d0:c4414]
2019-07-10 03:37:43,783 INFO  client.GrpcClientProtocolClient (GrpcClientProtocolClient.java:onNext(255)) - client-8BD909272E8D->63cacea9-0392-4939-ad39-80c4c73dd84b: receive RaftClientReply:client-8BD909272E8D->63cacea9-0392-4939-ad39-80c4c73dd84b@group-EE6C16B6C358, cid=2949, SUCCESS, logIndex=4417, commits[63cacea9-0392-4939-ad39-80c4c73dd84b:c4419, bd7b7fea-2a7b-4c3f-852f-c014e42bfcb7:c4416, 3b4aa678-22a6-4ae2-9c6a-0e71cdb9d6d0:c4416]
2019-07-10 03:37:43,784 INFO  client.GrpcClientProtocolClient (GrpcClientProtocolClient.java:onNext(255)) - client-8BD909272E8D->63cacea9-0392-4939-ad39-80c4c73dd84b: receive RaftClientReply:client-8BD909272E8D->63cacea9-0392-4939-ad39-80c4c73dd84b@group-EE6C16B6C358, cid=2950, SUCCESS, logIndex=4418, commits[63cacea9-0392-4939-ad39-80c4c73dd84b:c4420, bd7b7fea-2a7b-4c3f-852f-c014e42bfcb7:c4416, 3b4aa678-22a6-4ae2-9c6a-0e71cdb9d6d0:c4416]
2019-07-10 03:37:43,784 INFO  client.GrpcClientProtocolClient (GrpcClientProtocolClient.java:onNext(255)) - client-8BD909272E8D->63cacea9-0392-4939-ad39-80c4c73dd84b: receive RaftClientReply:client-8BD909272E8D->63cacea9-0392-4939-ad39-80c4c73dd84b@group-EE6C16B6C358, cid=2951, SUCCESS, logIndex=4419, commits[63cacea9-0392-4939-ad39-80c4c73dd84b:c4420, bd7b7fea-2a7b-4c3f-852f-c014e42bfcb7:c4416, 3b4aa678-22a6-4ae2-9c6a-0e71cdb9d6d0:c4416]
2019-07-10 03:37:43,784 INFO  client.GrpcClientProtocolClient (GrpcClientProtocolClient.java:onNext(255)) - client-8BD909272E8D->63cacea9-0392-4939-ad39-80c4c73dd84b: receive RaftClientReply:client-8BD909272E8D->63cacea9-0392-4939-ad39-80c4c73dd84b@group-EE6C16B6C358, cid=2952, SUCCESS, logIndex=4420, commits[63cacea9-0392-4939-ad39-80c4c73dd84b:c4420, bd7b7fea-2a7b-4c3f-852f-c014e42bfcb7:c4416, 3b4aa678-22a6-4ae2-9c6a-0e71cdb9d6d0:c4416]
2019-07-10 03:37:43,809 INFO  client.GrpcClientProtocolClient (GrpcClientProtocolClient.java:onNext(255)) - client-8BD909272E8D->63cacea9-0392-4939-ad39-80c4c73dd84b: receive RaftClientReply:client-8BD909272E8D->63cacea9-0392-4939-ad39-80c4c73dd84b@group-EE6C16B6C358, cid=2953, SUCCESS, logIndex=0, commits[63cacea9-0392-4939-ad39-80c4c73dd84b:c4422, bd7b7fea-2a7b-4c3f-852f-c014e42bfcb7:c4418, 3b4aa678-22a6-4ae2-9c6a-0e71cdb9d6d0:c4418]
2019-07-10 03:37:43,832 INFO  client.GrpcClientProtocolClient (GrpcClientProtocolClient.java:onNext(255)) - client-8BD909272E8D->63cacea9-0392-4939-ad39-80c4c73dd84b: receive RaftClientReply:client-8BD909272E8D->63cacea9-0392-4939-ad39-80c4c73dd84b@group-EE6C16B6C358, cid=2954, SUCCESS, logIndex=4425, commits[63cacea9-0392-4939-ad39-80c4c73dd84b:c4425, bd7b7fea-2a7b-4c3f-852f-c014e42bfcb7:c4424, 3b4aa678-22a6-4ae2-9c6a-0e71cdb9d6d0:c4424]
2019-07-10 03:37:43,832 INFO  client.GrpcClientProtocolClient (GrpcClientProtocolClient.java:onNext(255)) - client-8BD909272E8D->63cacea9-0392-4939-ad39-80c4c73dd84b: receive RaftClientReply:client-8BD909272E8D->63cacea9-0392-4939-ad39-80c4c73dd84b@group-EE6C16B6C358, cid=2955, SUCCESS, logIndex=4426, commits[63cacea9-0392-4939-ad39-80c4c73dd84b:c4426, bd7b7fea-2a7b-4c3f-852f-c014e42bfcb7:c4424, 3b4aa678-22a6-4ae2-9c6a-0e71cdb9d6d0:c4424]
2019-07-10 03:37:43,849 INFO  client.GrpcClientProtocolClient (GrpcClientProtocolClient.java:onNext(255)) - client-8BD909272E8D->63cacea9-0392-4939-ad39-80c4c73dd84b: receive RaftClientReply:client-8BD909272E8D->63cacea9-0392-4939-ad39-80c4c73dd84b@group-EE6C16B6C358, cid=2956, SUCCESS, logIndex=4429, commits[63cacea9-0392-4939-ad39-80c4c73dd84b:c4430, bd7b7fea-2a7b-4c3f-852f-c014e42bfcb7:c4426, 3b4aa678-22a6-4ae2-9c6a-0e71cdb9d6d0:c4426]
2019-07-10 03:37:43,849 INFO  client.GrpcClientProtocolClient (GrpcClientProtocolClient.java:onNext(255)) - client-8BD909272E8D->63cacea9-0392-4939-ad39-80c4c73dd84b: receive RaftClientReply:client-8BD909272E8D->63cacea9-0392-4939-ad39-80c4c73dd84b@group-EE6C16B6C358, cid=2957, SUCCESS, logIndex=4430, commits[63cacea9-0392-4939-ad39-80c4c73dd84b:c4430, bd7b7fea-2a7b-4c3f-852f-c014e42bfcb7:c4426, 3b4aa678-22a6-4ae2-9c6a-0e71cdb9d6d0:c4426]
2019-07-10 03:37:43,855 INFO  client.GrpcClientProtocolClient (GrpcClientProtocolClient.java:onNext(255)) - client-8BD909272E8D->63cacea9-0392-4939-ad39-80c4c73dd84b: receive RaftClientReply:client-8BD909272E8D->63cacea9-0392-4939-ad39-80c4c73dd84b@group-EE6C16B6C358, cid=2958, SUCCESS, logIndex=0, commits[63cacea9-0392-4939-ad39-80c4c73dd84b:c4432, bd7b7fea-2a7b-4c3f-852f-c014e42bfcb7:c4430, 3b4aa678-22a6-4ae2-9c6a-0e71cdb9d6d0:c4430]
2019-07-10 03:37:43,903 INFO  client.GrpcClientProtocolClient (GrpcClientProtocolClient.java:onNext(255)) - client-8BD909272E8D->63cacea9-0392-4939-ad39-80c4c73dd84b: receive RaftClientReply:client-8BD909272E8D->63cacea9-0392-4939-ad39-80c4c73dd84b@group-EE6C16B6C358, cid=2959, SUCCESS, logIndex=4433, commits[63cacea9-0392-4939-ad39-80c4c73dd84b:c4434, bd7b7fea-2a7b-4c3f-852f-c014e42bfcb7:c4432, 3b4aa678-22a6-4ae2-9c6a-0e71cdb9d6d0:c4432]
2019-07-10 03:37:43,904 INFO  client.GrpcClientProtocolClient (GrpcClientProtocolClient.java:onNext(255)) - client-8BD909272E8D->63cacea9-0392-4939-ad39-80c4c73dd84b: receive RaftClientReply:client-8BD909272E8D->63cacea9-0392-4939-ad39-80c4c73dd84b@group-EE6C16B6C358, cid=2960, SUCCESS, logIndex=4434, commits[63cacea9-0392-4939-ad39-80c4c73dd84b:c4436, bd7b7fea-2a7b-4c3f-852f-c014e42bfcb7:c4432, 3b4aa678-22a6-4ae2-9c6a-0e71cdb9d6d0:c4432]
2019-07-10 03:37:43,904 INFO  client.GrpcClientProtocolClient (GrpcClientProtocolClient.java:onNext(255)) - client-8BD909272E8D->63cacea9-0392-4939-ad39-80c4c73dd84b: receive RaftClientReply:client-8BD909272E8D->63cacea9-0392-4939-ad39-80c4c73dd84b@group-EE6C16B6C358, cid=2961, SUCCESS, logIndex=4435, commits[63cacea9-0392-4939-ad39-80c4c73dd84b:c4436, bd7b7fea-2a7b-4c3f-852f-c014e42bfcb7:c4432, 3b4aa678-22a6-4ae2-9c6a-0e71cdb9d6d0:c4432]
2019-07-10 03:37:43,904 INFO  client.GrpcClientProtocolClient (GrpcClientProtocolClient.java:onNext(255)) - client-8BD909272E8D->63cacea9-0392-4939-ad39-80c4c73dd84b: receive RaftClientReply:client-8BD909272E8D->63cacea9-0392-4939-ad39-80c4c73dd84b@group-EE6C16B6C358, cid=2962, SUCCESS, logIndex=4436, commits[63cacea9-0392-4939-ad39-80c4c73dd84b:c4436, bd7b7fea-2a7b-4c3f-852f-c014e42bfcb7:c4432, 3b4aa678-22a6-4ae2-9c6a-0e71cdb9d6d0:c4432]
2019-07-10 03:37:43,916 INFO  client.GrpcClientProtocolClient (GrpcClientProtocolClient.java:onNext(255)) - client-8BD909272E8D->63cacea9-0392-4939-ad39-80c4c73dd84b: receive RaftClientReply:client-8BD909272E8D->63cacea9-0392-4939-ad39-80c4c73dd84b@group-EE6C16B6C358, cid=2963, SUCCESS, logIndex=0, commits[63cacea9-0392-4939-ad39-80c4c73dd84b:c4437, bd7b7fea-2a7b-4c3f-852f-c014e42bfcb7:c4434, 3b4aa678-22a6-4ae2-9c6a-0e71cdb9d6d0:c4434]
2019-07-10 03:37:43,952 INFO  client.GrpcClientProtocolClient (GrpcClientProtocolClient.java:onNext(255)) - client-8BD909272E8D->63cacea9-0392-4939-ad39-80c4c73dd84b: receive RaftClientReply:client-8BD909272E8D->63cacea9-0392-4939-ad39-80c4c73dd84b@group-EE6C16B6C358, cid=2964, SUCCESS, logIndex=4439, commits[63cacea9-0392-4939-ad39-80c4c73dd84b:c4440, bd7b7fea-2a7b-4c3f-852f-c014e42bfcb7:c4438, 3b4aa678-22a6-4ae2-9c6a-0e71cdb9d6d0:c4438]
2019-07-10 03:37:43,952 INFO  client.GrpcClientProtocolClient (GrpcClientProtocolClient.java:onNext(255)) - client-8BD909272E8D->63cacea9-0392-4939-ad39-80c4c73dd84b: receive RaftClientReply:client-8BD909272E8D->63cacea9-0392-4939-ad39-80c4c73dd84b@group-EE6C16B6C358, cid=2965, SUCCESS, logIndex=4440, commits[63cacea9-0392-4939-ad39-80c4c73dd84b:c4440, bd7b7fea-2a7b-4c3f-852f-c014e42bfcb7:c4438, 3b4aa678-22a6-4ae2-9c6a-0e71cdb9d6d0:c4438]
2019-07-10 03:37:43,978 INFO  client.GrpcClientProtocolClient (GrpcClientProtocolClient.java:onNext(255)) - client-8BD909272E8D->63cacea9-0392-4939-ad39-80c4c73dd84b: receive RaftClientReply:client-8BD909272E8D->63cacea9-0392-4939-ad39-80c4c73dd84b@group-EE6C16B6C358, cid=2966, SUCCESS, logIndex=4443, commits[63cacea9-0392-4939-ad39-80c4c73dd84b:c4444, bd7b7fea-2a7b-4c3f-852f-c014e42bfcb7:c4440, 3b4aa678-22a6-4ae2-9c6a-0e71cdb9d6d0:c4440]
2019-07-10 03:37:43,979 INFO  client.GrpcClientProtocolClient (GrpcClientProtocolClient.java:onNext(255)) - client-8BD909272E8D->63cacea9-0392-4939-ad39-80c4c73dd84b: receive RaftClientReply:client-8BD909272E8D->63cacea9-0392-4939-ad39-80c4c73dd84b@group-EE6C16B6C358, cid=2967, SUCCESS, logIndex=4444, commits[63cacea9-0392-4939-ad39-80c4c73dd84b:c4444, bd7b7fea-2a7b-4c3f-852f-c014e42bfcb7:c4440, 3b4aa678-22a6-4ae2-9c6a-0e71cdb9d6d0:c4440]
2019-07-10 03:37:43,993 INFO  client.GrpcClientProtocolClient (GrpcClientProtocolClient.java:onNext(255)) - client-8BD909272E8D->63cacea9-0392-4939-ad39-80c4c73dd84b: receive RaftClientReply:client-8BD909272E8D->63cacea9-0392-4939-ad39-80c4c73dd84b@group-EE6C16B6C358, cid=2968, SUCCESS, logIndex=0, commits[63cacea9-0392-4939-ad39-80c4c73dd84b:c4446, bd7b7fea-2a7b-4c3f-852f-c014e42bfcb7:c4444, 3b4aa678-22a6-4ae2-9c6a-0e71cdb9d6d0:c4444]
2019-07-10 03:37:44,027 INFO  client.GrpcClientProtocolClient (GrpcClientProtocolClient.java:onNext(255)) - client-8BD909272E8D->63cacea9-0392-4939-ad39-80c4c73dd84b: receive RaftClientReply:client-8BD909272E8D->63cacea9-0392-4939-ad39-80c4c73dd84b@group-EE6C16B6C358, cid=2969, SUCCESS, logIndex=4447, commits[63cacea9-0392-4939-ad39-80c4c73dd84b:c4448, bd7b7fea-2a7b-4c3f-852f-c014e42bfcb7:c4446, 3b4aa678-22a6-4ae2-9c6a-0e71cdb9d6d0:c4446]
2019-07-10 03:37:44,028 INFO  client.GrpcClientProtocolClient (GrpcClientProtocolClient.java:onNext(255)) - client-8BD909272E8D->63cacea9-0392-4939-ad39-80c4c73dd84b: receive RaftClientReply:client-8BD909272E8D->63cacea9-0392-4939-ad39-80c4c73dd84b@group-EE6C16B6C358, cid=2970, SUCCESS, logIndex=4448, commits[63cacea9-0392-4939-ad39-80c4c73dd84b:c4448, bd7b7fea-2a7b-4c3f-852f-c014e42bfcb7:c4446, 3b4aa678-22a6-4ae2-9c6a-0e71cdb9d6d0:c4446]
2019-07-10 03:37:44,037 INFO  client.GrpcClientProtocolClient (GrpcClientProtocolClient.java:onNext(255)) - client-8BD909272E8D->63cacea9-0392-4939-ad39-80c4c73dd84b: receive RaftClientReply:client-8BD909272E8D->63cacea9-0392-4939-ad39-80c4c73dd84b@group-EE6C16B6C358, cid=2971, SUCCESS, logIndex=4449, commits[63cacea9-0392-4939-ad39-80c4c73dd84b:c4450, bd7b7fea-2a7b-4c3f-852f-c014e42bfcb7:c4446, 3b4aa678-22a6-4ae2-9c6a-0e71cdb9d6d0:c4446]
2019-07-10 03:37:44,037 INFO  client.GrpcClientProtocolClient (GrpcClientProtocolClient.java:onNext(255)) - client-8BD909272E8D->63cacea9-0392-4939-ad39-80c4c73dd84b: receive RaftClientReply:client-8BD909272E8D->63cacea9-0392-4939-ad39-80c4c73dd84b@group-EE6C16B6C358, cid=2972, SUCCESS, logIndex=4450, commits[63cacea9-0392-4939-ad39-80c4c73dd84b:c4450, bd7b7fea-2a7b-4c3f-852f-c014e42bfcb7:c4446, 3b4aa678-22a6-4ae2-9c6a-0e71cdb9d6d0:c4446]
2019-07-10 03:37:44,052 INFO  client.GrpcClientProtocolClient (GrpcClientProtocolClient.java:onNext(255)) - client-8BD909272E8D->63cacea9-0392-4939-ad39-80c4c73dd84b: receive RaftClientReply:client-8BD909272E8D->63cacea9-0392-4939-ad39-80c4c73dd84b@group-EE6C16B6C358, cid=2973, SUCCESS, logIndex=0, commits[63cacea9-0392-4939-ad39-80c4c73dd84b:c4452, bd7b7fea-2a7b-4c3f-852f-c014e42bfcb7:c4448, 3b4aa678-22a6-4ae2-9c6a-0e71cdb9d6d0:c4448]
2019-07-10 03:37:44,065 INFO  client.GrpcClientProtocolClient (GrpcClientProtocolClient.java:onNext(255)) - client-8BD909272E8D->63cacea9-0392-4939-ad39-80c4c73dd84b: receive RaftClientReply:client-8BD909272E8D->63cacea9-0392-4939-ad39-80c4c73dd84b@group-EE6C16B6C358, cid=2974, SUCCESS, logIndex=4454, commits[63cacea9-0392-4939-ad39-80c4c73dd84b:c4455, bd7b7fea-2a7b-4c3f-852f-c014e42bfcb7:c4452, 3b4aa678-22a6-4ae2-9c6a-0e71cdb9d6d0:c4450]
2019-07-10 03:37:44,065 INFO  client.GrpcClientProtocolClient (GrpcClientProtocolClient.java:onNext(255)) - client-8BD909272E8D->63cacea9-0392-4939-ad39-80c4c73dd84b: receive RaftClientReply:client-8BD909272E8D->63cacea9-0392-4939-ad39-80c4c73dd84b@group-EE6C16B6C358, cid=2975, SUCCESS, logIndex=4455, commits[63cacea9-0392-4939-ad39-80c4c73dd84b:c4455, bd7b7fea-2a7b-4c3f-852f-c014e42bfcb7:c4452, 3b4aa678-22a6-4ae2-9c6a-0e71cdb9d6d0:c4450]
2019-07-10 03:37:44,082 INFO  client.GrpcClientProtocolClient (GrpcClientProtocolClient.java:onNext(255)) - client-8BD909272E8D->63cacea9-0392-4939-ad39-80c4c73dd84b: receive RaftClientReply:client-8BD909272E8D->63cacea9-0392-4939-ad39-80c4c73dd84b@group-EE6C16B6C358, cid=2976, SUCCESS, logIndex=4458, commits[63cacea9-0392-4939-ad39-80c4c73dd84b:c4459, bd7b7fea-2a7b-4c3f-852f-c014e42bfcb7:c4455, 3b4aa678-22a6-4ae2-9c6a-0e71cdb9d6d0:c4455]
2019-07-10 03:37:44,082 INFO  client.GrpcClientProtocolClient (GrpcClientProtocolClient.java:onNext(255)) - client-8BD909272E8D->63cacea9-0392-4939-ad39-80c4c73dd84b: receive RaftClientReply:client-8BD909272E8D->63cacea9-0392-4939-ad39-80c4c73dd84b@group-EE6C16B6C358, cid=2977, SUCCESS, logIndex=4459, commits[63cacea9-0392-4939-ad39-80c4c73dd84b:c4459, bd7b7fea-2a7b-4c3f-852f-c014e42bfcb7:c4455, 3b4aa678-22a6-4ae2-9c6a-0e71cdb9d6d0:c4455]
2019-07-10 03:37:44,086 INFO  client.GrpcClientProtocolClient (GrpcClientProtocolClient.java:onNext(255)) - client-8BD909272E8D->63cacea9-0392-4939-ad39-80c4c73dd84b: receive RaftClientReply:client-8BD909272E8D->63cacea9-0392-4939-ad39-80c4c73dd84b@group-EE6C16B6C358, cid=2978, SUCCESS, logIndex=0, commits[63cacea9-0392-4939-ad39-80c4c73dd84b:c4461, bd7b7fea-2a7b-4c3f-852f-c014e42bfcb7:c4459, 3b4aa678-22a6-4ae2-9c6a-0e71cdb9d6d0:c4459]
2019-07-10 03:37:44,109 INFO  client.GrpcClientProtocolClient (GrpcClientProtocolClient.java:onNext(255)) - client-8BD909272E8D->63cacea9-0392-4939-ad39-80c4c73dd84b: receive RaftClientReply:client-8BD909272E8D->63cacea9-0392-4939-ad39-80c4c73dd84b@group-EE6C16B6C358, cid=2979, SUCCESS, logIndex=4462, commits[63cacea9-0392-4939-ad39-80c4c73dd84b:c4465, bd7b7fea-2a7b-4c3f-852f-c014e42bfcb7:c4461, 3b4aa678-22a6-4ae2-9c6a-0e71cdb9d6d0:c4459]
2019-07-10 03:37:44,110 INFO  client.GrpcClientProtocolClient (GrpcClientProtocolClient.java:onNext(255)) - client-8BD909272E8D->63cacea9-0392-4939-ad39-80c4c73dd84b: receive RaftClientReply:client-8BD909272E8D->63cacea9-0392-4939-ad39-80c4c73dd84b@group-EE6C16B6C358, cid=2980, SUCCESS, logIndex=4463, commits[63cacea9-0392-4939-ad39-80c4c73dd84b:c4465, bd7b7fea-2a7b-4c3f-852f-c014e42bfcb7:c4461, 3b4aa678-22a6-4ae2-9c6a-0e71cdb9d6d0:c4459]
2019-07-10 03:37:44,110 INFO  client.GrpcClientProtocolClient (GrpcClientProtocolClient.java:onNext(255)) - client-8BD909272E8D->63cacea9-0392-4939-ad39-80c4c73dd84b: receive RaftClientReply:client-8BD909272E8D->63cacea9-0392-4939-ad39-80c4c73dd84b@group-EE6C16B6C358, cid=2981, SUCCESS, logIndex=4464, commits[63cacea9-0392-4939-ad39-80c4c73dd84b:c4465, bd7b7fea-2a7b-4c3f-852f-c014e42bfcb7:c4461, 3b4aa678-22a6-4ae2-9c6a-0e71cdb9d6d0:c4459]
2019-07-10 03:37:44,110 INFO  client.GrpcClientProtocolClient (GrpcClientProtocolClient.java:onNext(255)) - client-8BD909272E8D->63cacea9-0392-4939-ad39-80c4c73dd84b: receive RaftClientReply:client-8BD909272E8D->63cacea9-0392-4939-ad39-80c4c73dd84b@group-EE6C16B6C358, cid=2982, SUCCESS, logIndex=4465, commits[63cacea9-0392-4939-ad39-80c4c73dd84b:c4465, bd7b7fea-2a7b-4c3f-852f-c014e42bfcb7:c4461, 3b4aa678-22a6-4ae2-9c6a-0e71cdb9d6d0:c4459]
2019-07-10 03:37:44,114 INFO  client.GrpcClientProtocolClient (GrpcClientProtocolClient.java:onNext(255)) - client-8BD909272E8D->63cacea9-0392-4939-ad39-80c4c73dd84b: receive RaftClientReply:client-8BD909272E8D->63cacea9-0392-4939-ad39-80c4c73dd84b@group-EE6C16B6C358, cid=2983, SUCCESS, logIndex=0, commits[63cacea9-0392-4939-ad39-80c4c73dd84b:c4466, bd7b7fea-2a7b-4c3f-852f-c014e42bfcb7:c4463, 3b4aa678-22a6-4ae2-9c6a-0e71cdb9d6d0:c4463]
2019-07-10 03:37:44,150 INFO  client.GrpcClientProtocolClient (GrpcClientProtocolClient.java:onNext(255)) - client-8BD909272E8D->63cacea9-0392-4939-ad39-80c4c73dd84b: receive RaftClientReply:client-8BD909272E8D->63cacea9-0392-4939-ad39-80c4c73dd84b@group-EE6C16B6C358, cid=2984, SUCCESS, logIndex=4470, commits[63cacea9-0392-4939-ad39-80c4c73dd84b:c4471, bd7b7fea-2a7b-4c3f-852f-c014e42bfcb7:c4465, 3b4aa678-22a6-4ae2-9c6a-0e71cdb9d6d0:c4469]
2019-07-10 03:37:44,150 INFO  client.GrpcClientProtocolClient (GrpcClientProtocolClient.java:onNext(255)) - client-8BD909272E8D->63cacea9-0392-4939-ad39-80c4c73dd84b: receive RaftClientReply:client-8BD909272E8D->63cacea9-0392-4939-ad39-80c4c73dd84b@group-EE6C16B6C358, cid=2985, SUCCESS, logIndex=4471, commits[63cacea9-0392-4939-ad39-80c4c73dd84b:c4471, bd7b7fea-2a7b-4c3f-852f-c014e42bfcb7:c4469, 3b4aa678-22a6-4ae2-9c6a-0e71cdb9d6d0:c4469]
2019-07-10 03:37:44,168 INFO  client.GrpcClientProtocolClient (GrpcClientProtocolClient.java:onNext(255)) - client-8BD909272E8D->63cacea9-0392-4939-ad39-80c4c73dd84b: receive RaftClientReply:client-8BD909272E8D->63cacea9-0392-4939-ad39-80c4c73dd84b@group-EE6C16B6C358, cid=2986, SUCCESS, logIndex=4474, commits[63cacea9-0392-4939-ad39-80c4c73dd84b:c4475, bd7b7fea-2a7b-4c3f-852f-c014e42bfcb7:c4473, 3b4aa678-22a6-4ae2-9c6a-0e71cdb9d6d0:c4473]
2019-07-10 03:37:44,169 INFO  client.GrpcClientProtocolClient (GrpcClientProtocolClient.java:onNext(255)) - client-8BD909272E8D->63cacea9-0392-4939-ad39-80c4c73dd84b: receive RaftClientReply:client-8BD909272E8D->63cacea9-0392-4939-ad39-80c4c73dd84b@group-EE6C16B6C358, cid=2987, SUCCESS, logIndex=4475, commits[63cacea9-0392-4939-ad39-80c4c73dd84b:c4475, bd7b7fea-2a7b-4c3f-852f-c014e42bfcb7:c4473, 3b4aa678-22a6-4ae2-9c6a-0e71cdb9d6d0:c4473]
2019-07-10 03:37:44,180 INFO  client.GrpcClientProtocolClient (GrpcClientProtocolClient.java:onNext(255)) - client-8BD909272E8D->63cacea9-0392-4939-ad39-80c4c73dd84b: receive RaftClientReply:client-8BD909272E8D->63cacea9-0392-4939-ad39-80c4c73dd84b@group-EE6C16B6C358, cid=2988, SUCCESS, logIndex=0, commits[63cacea9-0392-4939-ad39-80c4c73dd84b:c4476, bd7b7fea-2a7b-4c3f-852f-c014e42bfcb7:c4475, 3b4aa678-22a6-4ae2-9c6a-0e71cdb9d6d0:c4475]
2019-07-10 03:37:44,213 INFO  client.GrpcClientProtocolClient (GrpcClientProtocolClient.java:onNext(255)) - client-8BD909272E8D->63cacea9-0392-4939-ad39-80c4c73dd84b: receive RaftClientReply:client-8BD909272E8D->63cacea9-0392-4939-ad39-80c4c73dd84b@group-EE6C16B6C358, cid=2989, SUCCESS, logIndex=4478, commits[63cacea9-0392-4939-ad39-80c4c73dd84b:c4480, bd7b7fea-2a7b-4c3f-852f-c014e42bfcb7:c4477, 3b4aa678-22a6-4ae2-9c6a-0e71cdb9d6d0:c4477]
2019-07-10 03:37:44,214 INFO  client.GrpcClientProtocolClient (GrpcClientProtocolClient.java:onNext(255)) - client-8BD909272E8D->63cacea9-0392-4939-ad39-80c4c73dd84b: receive RaftClientReply:client-8BD909272E8D->63cacea9-0392-4939-ad39-80c4c73dd84b@group-EE6C16B6C358, cid=2990, SUCCESS, logIndex=4479, commits[63cacea9-0392-4939-ad39-80c4c73dd84b:c4481, bd7b7fea-2a7b-4c3f-852f-c014e42bfcb7:c4477, 3b4aa678-22a6-4ae2-9c6a-0e71cdb9d6d0:c4477]
2019-07-10 03:37:44,214 INFO  client.GrpcClientProtocolClient (GrpcClientProtocolClient.java:onNext(255)) - client-8BD909272E8D->63cacea9-0392-4939-ad39-80c4c73dd84b: receive RaftClientReply:client-8BD909272E8D->63cacea9-0392-4939-ad39-80c4c73dd84b@group-EE6C16B6C358, cid=2991, SUCCESS, logIndex=4480, commits[63cacea9-0392-4939-ad39-80c4c73dd84b:c4481, bd7b7fea-2a7b-4c3f-852f-c014e42bfcb7:c4477, 3b4aa678-22a6-4ae2-9c6a-0e71cdb9d6d0:c4477]
2019-07-10 03:37:44,215 INFO  client.GrpcClientProtocolClient (GrpcClientProtocolClient.java:onNext(255)) - client-8BD909272E8D->63cacea9-0392-4939-ad39-80c4c73dd84b: receive RaftClientReply:client-8BD909272E8D->63cacea9-0392-4939-ad39-80c4c73dd84b@group-EE6C16B6C358, cid=2992, SUCCESS, logIndex=4481, commits[63cacea9-0392-4939-ad39-80c4c73dd84b:c4481, bd7b7fea-2a7b-4c3f-852f-c014e42bfcb7:c4477, 3b4aa678-22a6-4ae2-9c6a-0e71cdb9d6d0:c4477]
2019-07-10 03:37:44,225 INFO  client.GrpcClientProtocolClient (GrpcClientProtocolClient.java:onNext(255)) - client-8BD909272E8D->63cacea9-0392-4939-ad39-80c4c73dd84b: receive RaftClientReply:client-8BD909272E8D->63cacea9-0392-4939-ad39-80c4c73dd84b@group-EE6C16B6C358, cid=2993, SUCCESS, logIndex=0, commits[63cacea9-0392-4939-ad39-80c4c73dd84b:c4483, bd7b7fea-2a7b-4c3f-852f-c014e42bfcb7:c4479, 3b4aa678-22a6-4ae2-9c6a-0e71cdb9d6d0:c4479]
2019-07-10 03:37:44,247 INFO  client.GrpcClientProtocolClient (GrpcClientProtocolClient.java:onNext(255)) - client-8BD909272E8D->63cacea9-0392-4939-ad39-80c4c73dd84b: receive RaftClientReply:client-8BD909272E8D->63cacea9-0392-4939-ad39-80c4c73dd84b@group-EE6C16B6C358, cid=2994, SUCCESS, logIndex=4486, commits[63cacea9-0392-4939-ad39-80c4c73dd84b:c4486, bd7b7fea-2a7b-4c3f-852f-c014e42bfcb7:c4485, 3b4aa678-22a6-4ae2-9c6a-0e71cdb9d6d0:c4485]
2019-07-10 03:37:44,248 INFO  client.GrpcClientProtocolClient (GrpcClientProtocolClient.java:onNext(255)) - client-8BD909272E8D->63cacea9-0392-4939-ad39-80c4c73dd84b: receive RaftClientReply:client-8BD909272E8D->63cacea9-0392-4939-ad39-80c4c73dd84b@group-EE6C16B6C358, cid=2995, SUCCESS, logIndex=4487, commits[63cacea9-0392-4939-ad39-80c4c73dd84b:c4487, bd7b7fea-2a7b-4c3f-852f-c014e42bfcb7:c4485, 3b4aa678-22a6-4ae2-9c6a-0e71cdb9d6d0:c4485]
2019-07-10 03:37:44,274 INFO  client.GrpcClientProtocolClient (GrpcClientProtocolClient.java:onNext(255)) - client-8BD909272E8D->63cacea9-0392-4939-ad39-80c4c73dd84b: receive RaftClientReply:client-8BD909272E8D->63cacea9-0392-4939-ad39-80c4c73dd84b@group-EE6C16B6C358, cid=2996, SUCCESS, logIndex=4490, commits[63cacea9-0392-4939-ad39-80c4c73dd84b:c4491, bd7b7fea-2a7b-4c3f-852f-c014e42bfcb7:c4487, 3b4aa678-22a6-4ae2-9c6a-0e71cdb9d6d0:c4487]
2019-07-10 03:37:44,274 INFO  client.GrpcClientProtocolClient (GrpcClientProtocolClient.java:onNext(255)) - client-8BD909272E8D->63cacea9-0392-4939-ad39-80c4c73dd84b: receive RaftClientReply:client-8BD909272E8D->63cacea9-0392-4939-ad39-80c4c73dd84b@group-EE6C16B6C358, cid=2997, SUCCESS, logIndex=4491, commits[63cacea9-0392-4939-ad39-80c4c73dd84b:c4491, bd7b7fea-2a7b-4c3f-852f-c014e42bfcb7:c4487, 3b4aa678-22a6-4ae2-9c6a-0e71cdb9d6d0:c4487]
2019-07-10 03:37:44,300 INFO  client.GrpcClientProtocolClient (GrpcClientProtocolClient.java:onNext(255)) - client-8BD909272E8D->63cacea9-0392-4939-ad39-80c4c73dd84b: receive RaftClientReply:client-8BD909272E8D->63cacea9-0392-4939-ad39-80c4c73dd84b@group-EE6C16B6C358, cid=2998, SUCCESS, logIndex=0, commits[63cacea9-0392-4939-ad39-80c4c73dd84b:c4493, bd7b7fea-2a7b-4c3f-852f-c014e42bfcb7:c4491, 3b4aa678-22a6-4ae2-9c6a-0e71cdb9d6d0:c4491]
2019-07-10 03:37:44,335 INFO  client.GrpcClientProtocolClient (GrpcClientProtocolClient.java:onNext(255)) - client-8BD909272E8D->63cacea9-0392-4939-ad39-80c4c73dd84b: receive RaftClientReply:client-8BD909272E8D->63cacea9-0392-4939-ad39-80c4c73dd84b@group-EE6C16B6C358, cid=2999, SUCCESS, logIndex=4494, commits[63cacea9-0392-4939-ad39-80c4c73dd84b:c4495, bd7b7fea-2a7b-4c3f-852f-c014e42bfcb7:c4493, 3b4aa678-22a6-4ae2-9c6a-0e71cdb9d6d0:c4493]
2019-07-10 03:37:44,336 INFO  client.GrpcClientProtocolClient (GrpcClientProtocolClient.java:onNext(255)) - client-8BD909272E8D->63cacea9-0392-4939-ad39-80c4c73dd84b: receive RaftClientReply:client-8BD909272E8D->63cacea9-0392-4939-ad39-80c4c73dd84b@group-EE6C16B6C358, cid=3000, SUCCESS, logIndex=4495, commits[63cacea9-0392-4939-ad39-80c4c73dd84b:c4495, bd7b7fea-2a7b-4c3f-852f-c014e42bfcb7:c4493, 3b4aa678-22a6-4ae2-9c6a-0e71cdb9d6d0:c4493]
2019-07-10 03:37:44,347 INFO  client.GrpcClientProtocolClient (GrpcClientProtocolClient.java:onNext(255)) - client-8BD909272E8D->63cacea9-0392-4939-ad39-80c4c73dd84b: receive RaftClientReply:client-8BD909272E8D->63cacea9-0392-4939-ad39-80c4c73dd84b@group-EE6C16B6C358, cid=3001, SUCCESS, logIndex=4496, commits[63cacea9-0392-4939-ad39-80c4c73dd84b:c4497, bd7b7fea-2a7b-4c3f-852f-c014e42bfcb7:c4493, 3b4aa678-22a6-4ae2-9c6a-0e71cdb9d6d0:c4493]
2019-07-10 03:37:44,347 INFO  client.GrpcClientProtocolClient (GrpcClientProtocolClient.java:onNext(255)) - client-8BD909272E8D->63cacea9-0392-4939-ad39-80c4c73dd84b: receive RaftClientReply:client-8BD909272E8D->63cacea9-0392-4939-ad39-80c4c73dd84b@group-EE6C16B6C358, cid=3002, SUCCESS, logIndex=4497, commits[63cacea9-0392-4939-ad39-80c4c73dd84b:c4497, bd7b7fea-2a7b-4c3f-852f-c014e42bfcb7:c4493, 3b4aa678-22a6-4ae2-9c6a-0e71cdb9d6d0:c4493]
2019-07-10 03:37:44,350 INFO  client.GrpcClientProtocolClient (GrpcClientProtocolClient.java:onNext(255)) - client-8BD909272E8D->63cacea9-0392-4939-ad39-80c4c73dd84b: receive RaftClientReply:client-8BD909272E8D->63cacea9-0392-4939-ad39-80c4c73dd84b@group-EE6C16B6C358, cid=3003, SUCCESS, logIndex=0, commits[63cacea9-0392-4939-ad39-80c4c73dd84b:c4499, bd7b7fea-2a7b-4c3f-852f-c014e42bfcb7:c4495, 3b4aa678-22a6-4ae2-9c6a-0e71cdb9d6d0:c4495]
2019-07-10 03:37:44,363 INFO  client.GrpcClientProtocolClient (GrpcClientProtocolClient.java:onNext(255)) - client-8BD909272E8D->63cacea9-0392-4939-ad39-80c4c73dd84b: receive RaftClientReply:client-8BD909272E8D->63cacea9-0392-4939-ad39-80c4c73dd84b@group-EE6C16B6C358, cid=3004, SUCCESS, logIndex=4502, commits[63cacea9-0392-4939-ad39-80c4c73dd84b:c4503, bd7b7fea-2a7b-4c3f-852f-c014e42bfcb7:c4499, 3b4aa678-22a6-4ae2-9c6a-0e71cdb9d6d0:c4497]
2019-07-10 03:37:44,364 INFO  client.GrpcClientProtocolClient (GrpcClientProtocolClient.java:onNext(255)) - client-8BD909272E8D->63cacea9-0392-4939-ad39-80c4c73dd84b: receive RaftClientReply:client-8BD909272E8D->63cacea9-0392-4939-ad39-80c4c73dd84b@group-EE6C16B6C358, cid=3005, SUCCESS, logIndex=4503, commits[63cacea9-0392-4939-ad39-80c4c73dd84b:c4503, bd7b7fea-2a7b-4c3f-852f-c014e42bfcb7:c4499, 3b4aa678-22a6-4ae2-9c6a-0e71cdb9d6d0:c4499]
2019-07-10 03:37:44,408 INFO  client.GrpcClientProtocolClient (GrpcClientProtocolClient.java:onNext(255)) - client-8BD909272E8D->63cacea9-0392-4939-ad39-80c4c73dd84b: receive RaftClientReply:client-8BD909272E8D->63cacea9-0392-4939-ad39-80c4c73dd84b@group-EE6C16B6C358, cid=3006, SUCCESS, logIndex=4506, commits[63cacea9-0392-4939-ad39-80c4c73dd84b:c4507, bd7b7fea-2a7b-4c3f-852f-c014e42bfcb7:c4505, 3b4aa678-22a6-4ae2-9c6a-0e71cdb9d6d0:c4505]
2019-07-10 03:37:44,409 INFO  client.GrpcClientProtocolClient (GrpcClientProtocolClient.java:onNext(255)) - client-8BD909272E8D->63cacea9-0392-4939-ad39-80c4c73dd84b: receive RaftClientReply:client-8BD909272E8D->63cacea9-0392-4939-ad39-80c4c73dd84b@group-EE6C16B6C358, cid=3007, SUCCESS, logIndex=4507, commits[63cacea9-0392-4939-ad39-80c4c73dd84b:c4507, bd7b7fea-2a7b-4c3f-852f-c014e42bfcb7:c4505, 3b4aa678-22a6-4ae2-9c6a-0e71cdb9d6d0:c4505]
2019-07-10 03:37:44,423 INFO  client.GrpcClientProtocolClient (GrpcClientProtocolClient.java:onNext(255)) - client-8BD909272E8D->63cacea9-0392-4939-ad39-80c4c73dd84b: receive RaftClientReply:client-8BD909272E8D->63cacea9-0392-4939-ad39-80c4c73dd84b@group-EE6C16B6C358, cid=3008, SUCCESS, logIndex=0, commits[63cacea9-0392-4939-ad39-80c4c73dd84b:c4509, bd7b7fea-2a7b-4c3f-852f-c014e42bfcb7:c4507, 3b4aa678-22a6-4ae2-9c6a-0e71cdb9d6d0:c4507]
2019-07-10 03:37:44,458 INFO  client.GrpcClientProtocolClient (GrpcClientProtocolClient.java:onNext(255)) - client-8BD909272E8D->63cacea9-0392-4939-ad39-80c4c73dd84b: receive RaftClientReply:client-8BD909272E8D->63cacea9-0392-4939-ad39-80c4c73dd84b@group-EE6C16B6C358, cid=3009, SUCCESS, logIndex=4510, commits[63cacea9-0392-4939-ad39-80c4c73dd84b:c4511, bd7b7fea-2a7b-4c3f-852f-c014e42bfcb7:c4509, 3b4aa678-22a6-4ae2-9c6a-0e71cdb9d6d0:c4509]
2019-07-10 03:37:44,459 INFO  client.GrpcClientProtocolClient (GrpcClientProtocolClient.java:onNext(255)) - client-8BD909272E8D->63cacea9-0392-4939-ad39-80c4c73dd84b: receive RaftClientReply:client-8BD909272E8D->63cacea9-0392-4939-ad39-80c4c73dd84b@group-EE6C16B6C358, cid=3010, SUCCESS, logIndex=4511, commits[63cacea9-0392-4939-ad39-80c4c73dd84b:c4511, bd7b7fea-2a7b-4c3f-852f-c014e42bfcb7:c4509, 3b4aa678-22a6-4ae2-9c6a-0e71cdb9d6d0:c4509]
2019-07-10 03:37:44,468 INFO  client.GrpcClientProtocolClient (GrpcClientProtocolClient.java:onNext(255)) - client-8BD909272E8D->63cacea9-0392-4939-ad39-80c4c73dd84b: receive RaftClientReply:client-8BD909272E8D->63cacea9-0392-4939-ad39-80c4c73dd84b@group-EE6C16B6C358, cid=3011, SUCCESS, logIndex=4512, commits[63cacea9-0392-4939-ad39-80c4c73dd84b:c4513, bd7b7fea-2a7b-4c3f-852f-c014e42bfcb7:c4509, 3b4aa678-22a6-4ae2-9c6a-0e71cdb9d6d0:c4509]
2019-07-10 03:37:44,468 INFO  client.GrpcClientProtocolClient (GrpcClientProtocolClient.java:onNext(255)) - client-8BD909272E8D->63cacea9-0392-4939-ad39-80c4c73dd84b: receive RaftClientReply:client-8BD909272E8D->63cacea9-0392-4939-ad39-80c4c73dd84b@group-EE6C16B6C358, cid=3012, SUCCESS, logIndex=4513, commits[63cacea9-0392-4939-ad39-80c4c73dd84b:c4513, bd7b7fea-2a7b-4c3f-852f-c014e42bfcb7:c4509, 3b4aa678-22a6-4ae2-9c6a-0e71cdb9d6d0:c4509]
2019-07-10 03:37:44,472 INFO  client.GrpcClientProtocolClient (GrpcClientProtocolClient.java:onNext(255)) - client-8BD909272E8D->63cacea9-0392-4939-ad39-80c4c73dd84b: receive RaftClientReply:client-8BD909272E8D->63cacea9-0392-4939-ad39-80c4c73dd84b@group-EE6C16B6C358, cid=3013, SUCCESS, logIndex=0, commits[63cacea9-0392-4939-ad39-80c4c73dd84b:c4516, bd7b7fea-2a7b-4c3f-852f-c014e42bfcb7:c4511, 3b4aa678-22a6-4ae2-9c6a-0e71cdb9d6d0:c4513]
2019-07-10 03:37:44,494 INFO  client.GrpcClientProtocolClient (GrpcClientProtocolClient.java:onNext(255)) - client-8BD909272E8D->63cacea9-0392-4939-ad39-80c4c73dd84b: receive RaftClientReply:client-8BD909272E8D->63cacea9-0392-4939-ad39-80c4c73dd84b@group-EE6C16B6C358, cid=3014, SUCCESS, logIndex=4517, commits[63cacea9-0392-4939-ad39-80c4c73dd84b:c4518, bd7b7fea-2a7b-4c3f-852f-c014e42bfcb7:c4516, 3b4aa678-22a6-4ae2-9c6a-0e71cdb9d6d0:c4516]
2019-07-10 03:37:44,494 INFO  client.GrpcClientProtocolClient (GrpcClientProtocolClient.java:onNext(255)) - client-8BD909272E8D->63cacea9-0392-4939-ad39-80c4c73dd84b: receive RaftClientReply:client-8BD909272E8D->63cacea9-0392-4939-ad39-80c4c73dd84b@group-EE6C16B6C358, cid=3015, SUCCESS, logIndex=4518, commits[63cacea9-0392-4939-ad39-80c4c73dd84b:c4518, bd7b7fea-2a7b-4c3f-852f-c014e42bfcb7:c4516, 3b4aa678-22a6-4ae2-9c6a-0e71cdb9d6d0:c4516]
2019-07-10 03:37:44,523 INFO  client.GrpcClientProtocolClient (GrpcClientProtocolClient.java:onNext(255)) - client-8BD909272E8D->63cacea9-0392-4939-ad39-80c4c73dd84b: receive RaftClientReply:client-8BD909272E8D->63cacea9-0392-4939-ad39-80c4c73dd84b@group-EE6C16B6C358, cid=3016, SUCCESS, logIndex=4521, commits[63cacea9-0392-4939-ad39-80c4c73dd84b:c4521, bd7b7fea-2a7b-4c3f-852f-c014e42bfcb7:c4518, 3b4aa678-22a6-4ae2-9c6a-0e71cdb9d6d0:c4518]
2019-07-10 03:37:44,523 INFO  client.GrpcClientProtocolClient (GrpcClientProtocolClient.java:onNext(255)) - client-8BD909272E8D->63cacea9-0392-4939-ad39-80c4c73dd84b: receive RaftClientReply:client-8BD909272E8D->63cacea9-0392-4939-ad39-80c4c73dd84b@group-EE6C16B6C358, cid=3017, SUCCESS, logIndex=4522, commits[63cacea9-0392-4939-ad39-80c4c73dd84b:c4522, bd7b7fea-2a7b-4c3f-852f-c014e42bfcb7:c4518, 3b4aa678-22a6-4ae2-9c6a-0e71cdb9d6d0:c4518]
2019-07-10 03:37:44,549 INFO  client.GrpcClientProtocolClient (GrpcClientProtocolClient.java:onNext(255)) - client-8BD909272E8D->63cacea9-0392-4939-ad39-80c4c73dd84b: receive RaftClientReply:client-8BD909272E8D->63cacea9-0392-4939-ad39-80c4c73dd84b@group-EE6C16B6C358, cid=3018, SUCCESS, logIndex=0, commits[63cacea9-0392-4939-ad39-80c4c73dd84b:c4524, bd7b7fea-2a7b-4c3f-852f-c014e42bfcb7:c4522, 3b4aa678-22a6-4ae2-9c6a-0e71cdb9d6d0:c4522]
2019-07-10 03:37:44,707 INFO  client.GrpcClientProtocolClient (GrpcClientProtocolClient.java:onNext(255)) - client-8BD909272E8D->63cacea9-0392-4939-ad39-80c4c73dd84b: receive RaftClientReply:client-8BD909272E8D->63cacea9-0392-4939-ad39-80c4c73dd84b@group-EE6C16B6C358, cid=3019, SUCCESS, logIndex=4525, commits[63cacea9-0392-4939-ad39-80c4c73dd84b:c4526, bd7b7fea-2a7b-4c3f-852f-c014e42bfcb7:c4522, 3b4aa678-22a6-4ae2-9c6a-0e71cdb9d6d0:c4524]
2019-07-10 03:37:44,708 INFO  client.GrpcClientProtocolClient (GrpcClientProtocolClient.java:onNext(255)) - client-8BD909272E8D->63cacea9-0392-4939-ad39-80c4c73dd84b: receive RaftClientReply:client-8BD909272E8D->63cacea9-0392-4939-ad39-80c4c73dd84b@group-EE6C16B6C358, cid=3020, SUCCESS, logIndex=4526, commits[63cacea9-0392-4939-ad39-80c4c73dd84b:c4526, bd7b7fea-2a7b-4c3f-852f-c014e42bfcb7:c4522, 3b4aa678-22a6-4ae2-9c6a-0e71cdb9d6d0:c4524]
2019-07-10 03:37:44,719 INFO  client.GrpcClientProtocolClient (GrpcClientProtocolClient.java:onNext(255)) - client-8BD909272E8D->63cacea9-0392-4939-ad39-80c4c73dd84b: receive RaftClientReply:client-8BD909272E8D->63cacea9-0392-4939-ad39-80c4c73dd84b@group-EE6C16B6C358, cid=3021, SUCCESS, logIndex=4527, commits[63cacea9-0392-4939-ad39-80c4c73dd84b:c4528, bd7b7fea-2a7b-4c3f-852f-c014e42bfcb7:c4524, 3b4aa678-22a6-4ae2-9c6a-0e71cdb9d6d0:c4524]
2019-07-10 03:37:44,719 INFO  client.GrpcClientProtocolClient (GrpcClientProtocolClient.java:onNext(255)) - client-8BD909272E8D->63cacea9-0392-4939-ad39-80c4c73dd84b: receive RaftClientReply:client-8BD909272E8D->63cacea9-0392-4939-ad39-80c4c73dd84b@group-EE6C16B6C358, cid=3022, SUCCESS, logIndex=4528, commits[63cacea9-0392-4939-ad39-80c4c73dd84b:c4530, bd7b7fea-2a7b-4c3f-852f-c014e42bfcb7:c4524, 3b4aa678-22a6-4ae2-9c6a-0e71cdb9d6d0:c4526]
 0.00% |█                                                                                                    |  0/1 Time: 0:00:272019-07-10 03:37:44,733 INFO  client.GrpcClientProtocolClient (GrpcClientProtocolClient.java:onNext(255)) - client-8BD909272E8D->63cacea9-0392-4939-ad39-80c4c73dd84b: receive RaftClientReply:client-8BD909272E8D->63cacea9-0392-4939-ad39-80c4c73dd84b@group-EE6C16B6C358, cid=3023, SUCCESS, logIndex=0, commits[63cacea9-0392-4939-ad39-80c4c73dd84b:c4531, bd7b7fea-2a7b-4c3f-852f-c014e42bfcb7:c4526, 3b4aa678-22a6-4ae2-9c6a-0e71cdb9d6d0:c4527]
2019-07-10 03:37:44,755 INFO  client.GrpcClientProtocolClient (GrpcClientProtocolClient.java:onNext(255)) - client-8BD909272E8D->63cacea9-0392-4939-ad39-80c4c73dd84b: receive RaftClientReply:client-8BD909272E8D->63cacea9-0392-4939-ad39-80c4c73dd84b@group-EE6C16B6C358, cid=3024, SUCCESS, logIndex=4533, commits[63cacea9-0392-4939-ad39-80c4c73dd84b:c4534, bd7b7fea-2a7b-4c3f-852f-c014e42bfcb7:c4532, 3b4aa678-22a6-4ae2-9c6a-0e71cdb9d6d0:c4532]
2019-07-10 03:37:44,755 INFO  client.GrpcClientProtocolClient (GrpcClientProtocolClient.java:onNext(255)) - client-8BD909272E8D->63cacea9-0392-4939-ad39-80c4c73dd84b: receive RaftClientReply:client-8BD909272E8D->63cacea9-0392-4939-ad39-80c4c73dd84b@group-EE6C16B6C358, cid=3025, SUCCESS, logIndex=4534, commits[63cacea9-0392-4939-ad39-80c4c73dd84b:c4534, bd7b7fea-2a7b-4c3f-852f-c014e42bfcb7:c4532, 3b4aa678-22a6-4ae2-9c6a-0e71cdb9d6d0:c4532]
2019-07-10 03:37:44,779 INFO  client.GrpcClientProtocolClient (GrpcClientProtocolClient.java:onNext(255)) - client-8BD909272E8D->63cacea9-0392-4939-ad39-80c4c73dd84b: receive RaftClientReply:client-8BD909272E8D->63cacea9-0392-4939-ad39-80c4c73dd84b@group-EE6C16B6C358, cid=3026, SUCCESS, logIndex=4537, commits[63cacea9-0392-4939-ad39-80c4c73dd84b:c4538, bd7b7fea-2a7b-4c3f-852f-c014e42bfcb7:c4534, 3b4aa678-22a6-4ae2-9c6a-0e71cdb9d6d0:c4534]
2019-07-10 03:37:44,779 INFO  client.GrpcClientProtocolClient (GrpcClientProtocolClient.java:onNext(255)) - client-8BD909272E8D->63cacea9-0392-4939-ad39-80c4c73dd84b: receive RaftClientReply:client-8BD909272E8D->63cacea9-0392-4939-ad39-80c4c73dd84b@group-EE6C16B6C358, cid=3027, SUCCESS, logIndex=4538, commits[63cacea9-0392-4939-ad39-80c4c73dd84b:c4538, bd7b7fea-2a7b-4c3f-852f-c014e42bfcb7:c4534, 3b4aa678-22a6-4ae2-9c6a-0e71cdb9d6d0:c4534]
2019-07-10 03:37:44,802 INFO  client.GrpcClientProtocolClient (GrpcClientProtocolClient.java:onNext(255)) - client-8BD909272E8D->63cacea9-0392-4939-ad39-80c4c73dd84b: receive RaftClientReply:client-8BD909272E8D->63cacea9-0392-4939-ad39-80c4c73dd84b@group-EE6C16B6C358, cid=3028, SUCCESS, logIndex=0, commits[63cacea9-0392-4939-ad39-80c4c73dd84b:c4539, bd7b7fea-2a7b-4c3f-852f-c014e42bfcb7:c4538, 3b4aa678-22a6-4ae2-9c6a-0e71cdb9d6d0:c4538]
2019-07-10 03:37:44,840 INFO  client.GrpcClientProtocolClient (GrpcClientProtocolClient.java:onNext(255)) - client-8BD909272E8D->63cacea9-0392-4939-ad39-80c4c73dd84b: receive RaftClientReply:client-8BD909272E8D->63cacea9-0392-4939-ad39-80c4c73dd84b@group-EE6C16B6C358, cid=3029, SUCCESS, logIndex=4541, commits[63cacea9-0392-4939-ad39-80c4c73dd84b:c4542, bd7b7fea-2a7b-4c3f-852f-c014e42bfcb7:c4540, 3b4aa678-22a6-4ae2-9c6a-0e71cdb9d6d0:c4540]
2019-07-10 03:37:44,841 INFO  client.GrpcClientProtocolClient (GrpcClientProtocolClient.java:onNext(255)) - client-8BD909272E8D->63cacea9-0392-4939-ad39-80c4c73dd84b: receive RaftClientReply:client-8BD909272E8D->63cacea9-0392-4939-ad39-80c4c73dd84b@group-EE6C16B6C358, cid=3030, SUCCESS, logIndex=4542, commits[63cacea9-0392-4939-ad39-80c4c73dd84b:c4542, bd7b7fea-2a7b-4c3f-852f-c014e42bfcb7:c4540, 3b4aa678-22a6-4ae2-9c6a-0e71cdb9d6d0:c4540]
2019-07-10 03:37:44,852 INFO  client.GrpcClientProtocolClient (GrpcClientProtocolClient.java:onNext(255)) - client-8BD909272E8D->63cacea9-0392-4939-ad39-80c4c73dd84b: receive RaftClientReply:client-8BD909272E8D->63cacea9-0392-4939-ad39-80c4c73dd84b@group-EE6C16B6C358, cid=3031, SUCCESS, logIndex=4543, commits[63cacea9-0392-4939-ad39-80c4c73dd84b:c4544, bd7b7fea-2a7b-4c3f-852f-c014e42bfcb7:c4540, 3b4aa678-22a6-4ae2-9c6a-0e71cdb9d6d0:c4540]
2019-07-10 03:37:44,853 INFO  client.GrpcClientProtocolClient (GrpcClientProtocolClient.java:onNext(255)) - client-8BD909272E8D->63cacea9-0392-4939-ad39-80c4c73dd84b: receive RaftClientReply:client-8BD909272E8D->63cacea9-0392-4939-ad39-80c4c73dd84b@group-EE6C16B6C358, cid=3032, SUCCESS, logIndex=4544, commits[63cacea9-0392-4939-ad39-80c4c73dd84b:c4544, bd7b7fea-2a7b-4c3f-852f-c014e42bfcb7:c4540, 3b4aa678-22a6-4ae2-9c6a-0e71cdb9d6d0:c4540]
2019-07-10 03:37:44,865 INFO  client.GrpcClientProtocolClient (GrpcClientProtocolClient.java:onNext(255)) - client-8BD909272E8D->63cacea9-0392-4939-ad39-80c4c73dd84b: receive RaftClientReply:client-8BD909272E8D->63cacea9-0392-4939-ad39-80c4c73dd84b@group-EE6C16B6C358, cid=3033, SUCCESS, logIndex=0, commits[63cacea9-0392-4939-ad39-80c4c73dd84b:c4546, bd7b7fea-2a7b-4c3f-852f-c014e42bfcb7:c4542, 3b4aa678-22a6-4ae2-9c6a-0e71cdb9d6d0:c4542]
2019-07-10 03:37:44,892 INFO  client.GrpcClientProtocolClient (GrpcClientProtocolClient.java:onNext(255)) - client-8BD909272E8D->63cacea9-0392-4939-ad39-80c4c73dd84b: receive RaftClientReply:client-8BD909272E8D->63cacea9-0392-4939-ad39-80c4c73dd84b@group-EE6C16B6C358, cid=3034, SUCCESS, logIndex=4549, commits[63cacea9-0392-4939-ad39-80c4c73dd84b:c4550, bd7b7fea-2a7b-4c3f-852f-c014e42bfcb7:c4546, 3b4aa678-22a6-4ae2-9c6a-0e71cdb9d6d0:c4546]
2019-07-10 03:37:44,892 INFO  client.GrpcClientProtocolClient (GrpcClientProtocolClient.java:onNext(255)) - client-8BD909272E8D->63cacea9-0392-4939-ad39-80c4c73dd84b: receive RaftClientReply:client-8BD909272E8D->63cacea9-0392-4939-ad39-80c4c73dd84b@group-EE6C16B6C358, cid=3035, SUCCESS, logIndex=4550, commits[63cacea9-0392-4939-ad39-80c4c73dd84b:c4550, bd7b7fea-2a7b-4c3f-852f-c014e42bfcb7:c4546, 3b4aa678-22a6-4ae2-9c6a-0e71cdb9d6d0:c4546]
2019-07-10 03:37:44,913 INFO  client.GrpcClientProtocolClient (GrpcClientProtocolClient.java:onNext(255)) - client-8BD909272E8D->63cacea9-0392-4939-ad39-80c4c73dd84b: receive RaftClientReply:client-8BD909272E8D->63cacea9-0392-4939-ad39-80c4c73dd84b@group-EE6C16B6C358, cid=3036, SUCCESS, logIndex=4553, commits[63cacea9-0392-4939-ad39-80c4c73dd84b:c4554, bd7b7fea-2a7b-4c3f-852f-c014e42bfcb7:c4550, 3b4aa678-22a6-4ae2-9c6a-0e71cdb9d6d0:c4550]
2019-07-10 03:37:44,913 INFO  client.GrpcClientProtocolClient (GrpcClientProtocolClient.java:onNext(255)) - client-8BD909272E8D->63cacea9-0392-4939-ad39-80c4c73dd84b: receive RaftClientReply:client-8BD909272E8D->63cacea9-0392-4939-ad39-80c4c73dd84b@group-EE6C16B6C358, cid=3037, SUCCESS, logIndex=4554, commits[63cacea9-0392-4939-ad39-80c4c73dd84b:c4554, bd7b7fea-2a7b-4c3f-852f-c014e42bfcb7:c4550, 3b4aa678-22a6-4ae2-9c6a-0e71cdb9d6d0:c4550]
2019-07-10 03:37:44,922 INFO  client.GrpcClientProtocolClient (GrpcClientProtocolClient.java:onNext(255)) - client-8BD909272E8D->63cacea9-0392-4939-ad39-80c4c73dd84b: receive RaftClientReply:client-8BD909272E8D->63cacea9-0392-4939-ad39-80c4c73dd84b@group-EE6C16B6C358, cid=3038, SUCCESS, logIndex=0, commits[63cacea9-0392-4939-ad39-80c4c73dd84b:c4556, bd7b7fea-2a7b-4c3f-852f-c014e42bfcb7:c4554, 3b4aa678-22a6-4ae2-9c6a-0e71cdb9d6d0:c4554]
2019-07-10 03:37:44,952 INFO  client.GrpcClientProtocolClient (GrpcClientProtocolClient.java:onNext(255)) - client-8BD909272E8D->63cacea9-0392-4939-ad39-80c4c73dd84b: receive RaftClientReply:client-8BD909272E8D->63cacea9-0392-4939-ad39-80c4c73dd84b@group-EE6C16B6C358, cid=3039, SUCCESS, logIndex=4557, commits[63cacea9-0392-4939-ad39-80c4c73dd84b:c4558, bd7b7fea-2a7b-4c3f-852f-c014e42bfcb7:c4556, 3b4aa678-22a6-4ae2-9c6a-0e71cdb9d6d0:c4556]
2019-07-10 03:37:44,953 INFO  client.GrpcClientProtocolClient (GrpcClientProtocolClient.java:onNext(255)) - client-8BD909272E8D->63cacea9-0392-4939-ad39-80c4c73dd84b: receive RaftClientReply:client-8BD909272E8D->63cacea9-0392-4939-ad39-80c4c73dd84b@group-EE6C16B6C358, cid=3040, SUCCESS, logIndex=4558, commits[63cacea9-0392-4939-ad39-80c4c73dd84b:c4560, bd7b7fea-2a7b-4c3f-852f-c014e42bfcb7:c4556, 3b4aa678-22a6-4ae2-9c6a-0e71cdb9d6d0:c4556]
2019-07-10 03:37:44,953 INFO  client.GrpcClientProtocolClient (GrpcClientProtocolClient.java:onNext(255)) - client-8BD909272E8D->63cacea9-0392-4939-ad39-80c4c73dd84b: receive RaftClientReply:client-8BD909272E8D->63cacea9-0392-4939-ad39-80c4c73dd84b@group-EE6C16B6C358, cid=3041, SUCCESS, logIndex=4559, commits[63cacea9-0392-4939-ad39-80c4c73dd84b:c4560, bd7b7fea-2a7b-4c3f-852f-c014e42bfcb7:c4556, 3b4aa678-22a6-4ae2-9c6a-0e71cdb9d6d0:c4556]
2019-07-10 03:37:44,953 INFO  client.GrpcClientProtocolClient (GrpcClientProtocolClient.java:onNext(255)) - client-8BD909272E8D->63cacea9-0392-4939-ad39-80c4c73dd84b: receive RaftClientReply:client-8BD909272E8D->63cacea9-0392-4939-ad39-80c4c73dd84b@group-EE6C16B6C358, cid=3042, SUCCESS, logIndex=4560, commits[63cacea9-0392-4939-ad39-80c4c73dd84b:c4560, bd7b7fea-2a7b-4c3f-852f-c014e42bfcb7:c4556, 3b4aa678-22a6-4ae2-9c6a-0e71cdb9d6d0:c4556]
2019-07-10 03:37:44,967 INFO  client.GrpcClientProtocolClient (GrpcClientProtocolClient.java:onNext(255)) - client-8BD909272E8D->63cacea9-0392-4939-ad39-80c4c73dd84b: receive RaftClientReply:client-8BD909272E8D->63cacea9-0392-4939-ad39-80c4c73dd84b@group-EE6C16B6C358, cid=3043, SUCCESS, logIndex=0, commits[63cacea9-0392-4939-ad39-80c4c73dd84b:c4564, bd7b7fea-2a7b-4c3f-852f-c014e42bfcb7:c4560, 3b4aa678-22a6-4ae2-9c6a-0e71cdb9d6d0:c4559]
2019-07-10 03:37:44,987 INFO  client.GrpcClientProtocolClient (GrpcClientProtocolClient.java:onNext(255)) - client-8BD909272E8D->63cacea9-0392-4939-ad39-80c4c73dd84b: receive RaftClientReply:client-8BD909272E8D->63cacea9-0392-4939-ad39-80c4c73dd84b@group-EE6C16B6C358, cid=3044, SUCCESS, logIndex=4565, commits[63cacea9-0392-4939-ad39-80c4c73dd84b:c4566, bd7b7fea-2a7b-4c3f-852f-c014e42bfcb7:c4564, 3b4aa678-22a6-4ae2-9c6a-0e71cdb9d6d0:c4564]
2019-07-10 03:37:44,988 INFO  client.GrpcClientProtocolClient (GrpcClientProtocolClient.java:onNext(255)) - client-8BD909272E8D->63cacea9-0392-4939-ad39-80c4c73dd84b: receive RaftClientReply:client-8BD909272E8D->63cacea9-0392-4939-ad39-80c4c73dd84b@group-EE6C16B6C358, cid=3045, SUCCESS, logIndex=4566, commits[63cacea9-0392-4939-ad39-80c4c73dd84b:c4566, bd7b7fea-2a7b-4c3f-852f-c014e42bfcb7:c4564, 3b4aa678-22a6-4ae2-9c6a-0e71cdb9d6d0:c4564]
2019-07-10 03:37:45,013 INFO  client.GrpcClientProtocolClient (GrpcClientProtocolClient.java:onNext(255)) - client-8BD909272E8D->63cacea9-0392-4939-ad39-80c4c73dd84b: receive RaftClientReply:client-8BD909272E8D->63cacea9-0392-4939-ad39-80c4c73dd84b@group-EE6C16B6C358, cid=3046, SUCCESS, logIndex=4569, commits[63cacea9-0392-4939-ad39-80c4c73dd84b:c4569, bd7b7fea-2a7b-4c3f-852f-c014e42bfcb7:c4566, 3b4aa678-22a6-4ae2-9c6a-0e71cdb9d6d0:c4566]
2019-07-10 03:37:45,014 INFO  client.GrpcClientProtocolClient (GrpcClientProtocolClient.java:onNext(255)) - client-8BD909272E8D->63cacea9-0392-4939-ad39-80c4c73dd84b: receive RaftClientReply:client-8BD909272E8D->63cacea9-0392-4939-ad39-80c4c73dd84b@group-EE6C16B6C358, cid=3047, SUCCESS, logIndex=4570, commits[63cacea9-0392-4939-ad39-80c4c73dd84b:c4570, bd7b7fea-2a7b-4c3f-852f-c014e42bfcb7:c4566, 3b4aa678-22a6-4ae2-9c6a-0e71cdb9d6d0:c4566]
2019-07-10 03:37:45,039 INFO  client.GrpcClientProtocolClient (GrpcClientProtocolClient.java:onNext(255)) - client-8BD909272E8D->63cacea9-0392-4939-ad39-80c4c73dd84b: receive RaftClientReply:client-8BD909272E8D->63cacea9-0392-4939-ad39-80c4c73dd84b@group-EE6C16B6C358, cid=3048, SUCCESS, logIndex=0, commits[63cacea9-0392-4939-ad39-80c4c73dd84b:c4572, bd7b7fea-2a7b-4c3f-852f-c014e42bfcb7:c4570, 3b4aa678-22a6-4ae2-9c6a-0e71cdb9d6d0:c4570]
2019-07-10 03:37:45,068 INFO  client.GrpcClientProtocolClient (GrpcClientProtocolClient.java:onNext(255)) - client-8BD909272E8D->63cacea9-0392-4939-ad39-80c4c73dd84b: receive RaftClientReply:client-8BD909272E8D->63cacea9-0392-4939-ad39-80c4c73dd84b@group-EE6C16B6C358, cid=3049, SUCCESS, logIndex=4573, commits[63cacea9-0392-4939-ad39-80c4c73dd84b:c4574, bd7b7fea-2a7b-4c3f-852f-c014e42bfcb7:c4572, 3b4aa678-22a6-4ae2-9c6a-0e71cdb9d6d0:c4572]
2019-07-10 03:37:45,069 INFO  client.GrpcClientProtocolClient (GrpcClientProtocolClient.java:onNext(255)) - client-8BD909272E8D->63cacea9-0392-4939-ad39-80c4c73dd84b: receive RaftClientReply:client-8BD909272E8D->63cacea9-0392-4939-ad39-80c4c73dd84b@group-EE6C16B6C358, cid=3050, SUCCESS, logIndex=4574, commits[63cacea9-0392-4939-ad39-80c4c73dd84b:c4574, bd7b7fea-2a7b-4c3f-852f-c014e42bfcb7:c4572, 3b4aa678-22a6-4ae2-9c6a-0e71cdb9d6d0:c4572]
2019-07-10 03:37:45,079 INFO  client.GrpcClientProtocolClient (GrpcClientProtocolClient.java:onNext(255)) - client-8BD909272E8D->63cacea9-0392-4939-ad39-80c4c73dd84b: receive RaftClientReply:client-8BD909272E8D->63cacea9-0392-4939-ad39-80c4c73dd84b@group-EE6C16B6C358, cid=3051, SUCCESS, logIndex=4575, commits[63cacea9-0392-4939-ad39-80c4c73dd84b:c4576, bd7b7fea-2a7b-4c3f-852f-c014e42bfcb7:c4572, 3b4aa678-22a6-4ae2-9c6a-0e71cdb9d6d0:c4572]
2019-07-10 03:37:45,079 INFO  client.GrpcClientProtocolClient (GrpcClientProtocolClient.java:onNext(255)) - client-8BD909272E8D->63cacea9-0392-4939-ad39-80c4c73dd84b: receive RaftClientReply:client-8BD909272E8D->63cacea9-0392-4939-ad39-80c4c73dd84b@group-EE6C16B6C358, cid=3052, SUCCESS, logIndex=4576, commits[63cacea9-0392-4939-ad39-80c4c73dd84b:c4576, bd7b7fea-2a7b-4c3f-852f-c014e42bfcb7:c4572, 3b4aa678-22a6-4ae2-9c6a-0e71cdb9d6d0:c4572]
2019-07-10 03:37:45,094 INFO  client.GrpcClientProtocolClient (GrpcClientProtocolClient.java:onNext(255)) - client-8BD909272E8D->63cacea9-0392-4939-ad39-80c4c73dd84b: receive RaftClientReply:client-8BD909272E8D->63cacea9-0392-4939-ad39-80c4c73dd84b@group-EE6C16B6C358, cid=3053, SUCCESS, logIndex=0, commits[63cacea9-0392-4939-ad39-80c4c73dd84b:c4578, bd7b7fea-2a7b-4c3f-852f-c014e42bfcb7:c4574, 3b4aa678-22a6-4ae2-9c6a-0e71cdb9d6d0:c4574]
2019-07-10 03:37:45,108 INFO  client.GrpcClientProtocolClient (GrpcClientProtocolClient.java:onNext(255)) - client-8BD909272E8D->63cacea9-0392-4939-ad39-80c4c73dd84b: receive RaftClientReply:client-8BD909272E8D->63cacea9-0392-4939-ad39-80c4c73dd84b@group-EE6C16B6C358, cid=3054, SUCCESS, logIndex=4580, commits[63cacea9-0392-4939-ad39-80c4c73dd84b:c4581, bd7b7fea-2a7b-4c3f-852f-c014e42bfcb7:c4578, 3b4aa678-22a6-4ae2-9c6a-0e71cdb9d6d0:c4578]
2019-07-10 03:37:45,109 INFO  client.GrpcClientProtocolClient (GrpcClientProtocolClient.java:onNext(255)) - client-8BD909272E8D->63cacea9-0392-4939-ad39-80c4c73dd84b: receive RaftClientReply:client-8BD909272E8D->63cacea9-0392-4939-ad39-80c4c73dd84b@group-EE6C16B6C358, cid=3055, SUCCESS, logIndex=4581, commits[63cacea9-0392-4939-ad39-80c4c73dd84b:c4581, bd7b7fea-2a7b-4c3f-852f-c014e42bfcb7:c4578, 3b4aa678-22a6-4ae2-9c6a-0e71cdb9d6d0:c4578]
2019-07-10 03:37:45,120 INFO  client.GrpcClientProtocolClient (GrpcClientProtocolClient.java:onNext(255)) - client-8BD909272E8D->63cacea9-0392-4939-ad39-80c4c73dd84b: receive RaftClientReply:client-8BD909272E8D->63cacea9-0392-4939-ad39-80c4c73dd84b@group-EE6C16B6C358, cid=3056, SUCCESS, logIndex=4584, commits[63cacea9-0392-4939-ad39-80c4c73dd84b:c4585, bd7b7fea-2a7b-4c3f-852f-c014e42bfcb7:c4583, 3b4aa678-22a6-4ae2-9c6a-0e71cdb9d6d0:c4579]
2019-07-10 03:37:45,121 INFO  client.GrpcClientProtocolClient (GrpcClientProtocolClient.java:onNext(255)) - client-8BD909272E8D->63cacea9-0392-4939-ad39-80c4c73dd84b: receive RaftClientReply:client-8BD909272E8D->63cacea9-0392-4939-ad39-80c4c73dd84b@group-EE6C16B6C358, cid=3057, SUCCESS, logIndex=4585, commits[63cacea9-0392-4939-ad39-80c4c73dd84b:c4585, bd7b7fea-2a7b-4c3f-852f-c014e42bfcb7:c4583, 3b4aa678-22a6-4ae2-9c6a-0e71cdb9d6d0:c4583]
2019-07-10 03:37:45,126 INFO  client.GrpcClientProtocolClient (GrpcClientProtocolClient.java:onNext(255)) - client-8BD909272E8D->63cacea9-0392-4939-ad39-80c4c73dd84b: receive RaftClientReply:client-8BD909272E8D->63cacea9-0392-4939-ad39-80c4c73dd84b@group-EE6C16B6C358, cid=3058, SUCCESS, logIndex=0, commits[63cacea9-0392-4939-ad39-80c4c73dd84b:c4586, bd7b7fea-2a7b-4c3f-852f-c014e42bfcb7:c4585, 3b4aa678-22a6-4ae2-9c6a-0e71cdb9d6d0:c4585]
2019-07-10 03:37:45,178 INFO  client.GrpcClientProtocolClient (GrpcClientProtocolClient.java:onNext(255)) - client-8BD909272E8D->63cacea9-0392-4939-ad39-80c4c73dd84b: receive RaftClientReply:client-8BD909272E8D->63cacea9-0392-4939-ad39-80c4c73dd84b@group-EE6C16B6C358, cid=3059, SUCCESS, logIndex=4588, commits[63cacea9-0392-4939-ad39-80c4c73dd84b:c4590, bd7b7fea-2a7b-4c3f-852f-c014e42bfcb7:c4587, 3b4aa678-22a6-4ae2-9c6a-0e71cdb9d6d0:c4587]
2019-07-10 03:37:45,179 INFO  client.GrpcClientProtocolClient (GrpcClientProtocolClient.java:onNext(255)) - client-8BD909272E8D->63cacea9-0392-4939-ad39-80c4c73dd84b: receive RaftClientReply:client-8BD909272E8D->63cacea9-0392-4939-ad39-80c4c73dd84b@group-EE6C16B6C358, cid=3060, SUCCESS, logIndex=4589, commits[63cacea9-0392-4939-ad39-80c4c73dd84b:c4591, bd7b7fea-2a7b-4c3f-852f-c014e42bfcb7:c4587, 3b4aa678-22a6-4ae2-9c6a-0e71cdb9d6d0:c4587]
2019-07-10 03:37:45,179 INFO  client.GrpcClientProtocolClient (GrpcClientProtocolClient.java:onNext(255)) - client-8BD909272E8D->63cacea9-0392-4939-ad39-80c4c73dd84b: receive RaftClientReply:client-8BD909272E8D->63cacea9-0392-4939-ad39-80c4c73dd84b@group-EE6C16B6C358, cid=3061, SUCCESS, logIndex=4590, commits[63cacea9-0392-4939-ad39-80c4c73dd84b:c4591, bd7b7fea-2a7b-4c3f-852f-c014e42bfcb7:c4587, 3b4aa678-22a6-4ae2-9c6a-0e71cdb9d6d0:c4587]
2019-07-10 03:37:45,180 INFO  client.GrpcClientProtocolClient (GrpcClientProtocolClient.java:onNext(255)) - client-8BD909272E8D->63cacea9-0392-4939-ad39-80c4c73dd84b: receive RaftClientReply:client-8BD909272E8D->63cacea9-0392-4939-ad39-80c4c73dd84b@group-EE6C16B6C358, cid=3062, SUCCESS, logIndex=4591, commits[63cacea9-0392-4939-ad39-80c4c73dd84b:c4591, bd7b7fea-2a7b-4c3f-852f-c014e42bfcb7:c4587, 3b4aa678-22a6-4ae2-9c6a-0e71cdb9d6d0:c4587]
2019-07-10 03:37:45,203 INFO  client.GrpcClientProtocolClient (GrpcClientProtocolClient.java:onNext(255)) - client-8BD909272E8D->63cacea9-0392-4939-ad39-80c4c73dd84b: receive RaftClientReply:client-8BD909272E8D->63cacea9-0392-4939-ad39-80c4c73dd84b@group-EE6C16B6C358, cid=3063, SUCCESS, logIndex=0, commits[63cacea9-0392-4939-ad39-80c4c73dd84b:c4595, bd7b7fea-2a7b-4c3f-852f-c014e42bfcb7:c4591, 3b4aa678-22a6-4ae2-9c6a-0e71cdb9d6d0:c4589]
2019-07-10 03:37:45,225 INFO  client.GrpcClientProtocolClient (GrpcClientProtocolClient.java:onNext(255)) - client-8BD909272E8D->63cacea9-0392-4939-ad39-80c4c73dd84b: receive RaftClientReply:client-8BD909272E8D->63cacea9-0392-4939-ad39-80c4c73dd84b@group-EE6C16B6C358, cid=3064, SUCCESS, logIndex=4596, commits[63cacea9-0392-4939-ad39-80c4c73dd84b:c4597, bd7b7fea-2a7b-4c3f-852f-c014e42bfcb7:c4595, 3b4aa678-22a6-4ae2-9c6a-0e71cdb9d6d0:c4595]
2019-07-10 03:37:45,225 INFO  client.GrpcClientProtocolClient (GrpcClientProtocolClient.java:onNext(255)) - client-8BD909272E8D->63cacea9-0392-4939-ad39-80c4c73dd84b: receive RaftClientReply:client-8BD909272E8D->63cacea9-0392-4939-ad39-80c4c73dd84b@group-EE6C16B6C358, cid=3065, SUCCESS, logIndex=4597, commits[63cacea9-0392-4939-ad39-80c4c73dd84b:c4597, bd7b7fea-2a7b-4c3f-852f-c014e42bfcb7:c4595, 3b4aa678-22a6-4ae2-9c6a-0e71cdb9d6d0:c4595]
2019-07-10 03:37:45,253 INFO  client.GrpcClientProtocolClient (GrpcClientProtocolClient.java:onNext(255)) - client-8BD909272E8D->63cacea9-0392-4939-ad39-80c4c73dd84b: receive RaftClientReply:client-8BD909272E8D->63cacea9-0392-4939-ad39-80c4c73dd84b@group-EE6C16B6C358, cid=3066, SUCCESS, logIndex=4600, commits[63cacea9-0392-4939-ad39-80c4c73dd84b:c4601, bd7b7fea-2a7b-4c3f-852f-c014e42bfcb7:c4597, 3b4aa678-22a6-4ae2-9c6a-0e71cdb9d6d0:c4597]
2019-07-10 03:37:45,254 INFO  client.GrpcClientProtocolClient (GrpcClientProtocolClient.java:onNext(255)) - client-8BD909272E8D->63cacea9-0392-4939-ad39-80c4c73dd84b: receive RaftClientReply:client-8BD909272E8D->63cacea9-0392-4939-ad39-80c4c73dd84b@group-EE6C16B6C358, cid=3067, SUCCESS, logIndex=4601, commits[63cacea9-0392-4939-ad39-80c4c73dd84b:c4601, bd7b7fea-2a7b-4c3f-852f-c014e42bfcb7:c4597, 3b4aa678-22a6-4ae2-9c6a-0e71cdb9d6d0:c4597]
2019-07-10 03:37:45,268 INFO  client.GrpcClientProtocolClient (GrpcClientProtocolClient.java:onNext(255)) - client-8BD909272E8D->63cacea9-0392-4939-ad39-80c4c73dd84b: receive RaftClientReply:client-8BD909272E8D->63cacea9-0392-4939-ad39-80c4c73dd84b@group-EE6C16B6C358, cid=3068, SUCCESS, logIndex=0, commits[63cacea9-0392-4939-ad39-80c4c73dd84b:c4602, bd7b7fea-2a7b-4c3f-852f-c014e42bfcb7:c4601, 3b4aa678-22a6-4ae2-9c6a-0e71cdb9d6d0:c4601]
2019-07-10 03:37:45,304 INFO  client.GrpcClientProtocolClient (GrpcClientProtocolClient.java:onNext(255)) - client-8BD909272E8D->63cacea9-0392-4939-ad39-80c4c73dd84b: receive RaftClientReply:client-8BD909272E8D->63cacea9-0392-4939-ad39-80c4c73dd84b@group-EE6C16B6C358, cid=3069, SUCCESS, logIndex=4604, commits[63cacea9-0392-4939-ad39-80c4c73dd84b:c4605, bd7b7fea-2a7b-4c3f-852f-c014e42bfcb7:c4603, 3b4aa678-22a6-4ae2-9c6a-0e71cdb9d6d0:c4603]
2019-07-10 03:37:45,304 INFO  client.GrpcClientProtocolClient (GrpcClientProtocolClient.java:onNext(255)) - client-8BD909272E8D->63cacea9-0392-4939-ad39-80c4c73dd84b: receive RaftClientReply:client-8BD909272E8D->63cacea9-0392-4939-ad39-80c4c73dd84b@group-EE6C16B6C358, cid=3070, SUCCESS, logIndex=4605, commits[63cacea9-0392-4939-ad39-80c4c73dd84b:c4606, bd7b7fea-2a7b-4c3f-852f-c014e42bfcb7:c4603, 3b4aa678-22a6-4ae2-9c6a-0e71cdb9d6d0:c4603]
2019-07-10 03:37:45,305 INFO  client.GrpcClientProtocolClient (GrpcClientProtocolClient.java:onNext(255)) - client-8BD909272E8D->63cacea9-0392-4939-ad39-80c4c73dd84b: receive RaftClientReply:client-8BD909272E8D->63cacea9-0392-4939-ad39-80c4c73dd84b@group-EE6C16B6C358, cid=3071, SUCCESS, logIndex=4606, commits[63cacea9-0392-4939-ad39-80c4c73dd84b:c4606, bd7b7fea-2a7b-4c3f-852f-c014e42bfcb7:c4603, 3b4aa678-22a6-4ae2-9c6a-0e71cdb9d6d0:c4603]
2019-07-10 03:37:45,305 INFO  client.GrpcClientProtocolClient (GrpcClientProtocolClient.java:onNext(255)) - client-8BD909272E8D->63cacea9-0392-4939-ad39-80c4c73dd84b: receive RaftClientReply:client-8BD909272E8D->63cacea9-0392-4939-ad39-80c4c73dd84b@group-EE6C16B6C358, cid=3072, SUCCESS, logIndex=4607, commits[63cacea9-0392-4939-ad39-80c4c73dd84b:c4607, bd7b7fea-2a7b-4c3f-852f-c014e42bfcb7:c4603, 3b4aa678-22a6-4ae2-9c6a-0e71cdb9d6d0:c4603]
2019-07-10 03:37:45,330 INFO  client.GrpcClientProtocolClient (GrpcClientProtocolClient.java:onNext(255)) - client-8BD909272E8D->63cacea9-0392-4939-ad39-80c4c73dd84b: receive RaftClientReply:client-8BD909272E8D->63cacea9-0392-4939-ad39-80c4c73dd84b@group-EE6C16B6C358, cid=3073, SUCCESS, logIndex=0, commits[63cacea9-0392-4939-ad39-80c4c73dd84b:c4610, bd7b7fea-2a7b-4c3f-852f-c014e42bfcb7:c4606, 3b4aa678-22a6-4ae2-9c6a-0e71cdb9d6d0:c4605]
2019-07-10 03:37:45,351 INFO  client.GrpcClientProtocolClient (GrpcClientProtocolClient.java:onNext(255)) - client-8BD909272E8D->63cacea9-0392-4939-ad39-80c4c73dd84b: receive RaftClientReply:client-8BD909272E8D->63cacea9-0392-4939-ad39-80c4c73dd84b@group-EE6C16B6C358, cid=3074, SUCCESS, logIndex=4612, commits[63cacea9-0392-4939-ad39-80c4c73dd84b:c4613, bd7b7fea-2a7b-4c3f-852f-c014e42bfcb7:c4611, 3b4aa678-22a6-4ae2-9c6a-0e71cdb9d6d0:c4611]
2019-07-10 03:37:45,352 INFO  client.GrpcClientProtocolClient (GrpcClientProtocolClient.java:onNext(255)) - client-8BD909272E8D->63cacea9-0392-4939-ad39-80c4c73dd84b: receive RaftClientReply:client-8BD909272E8D->63cacea9-0392-4939-ad39-80c4c73dd84b@group-EE6C16B6C358, cid=3075, SUCCESS, logIndex=4613, commits[63cacea9-0392-4939-ad39-80c4c73dd84b:c4613, bd7b7fea-2a7b-4c3f-852f-c014e42bfcb7:c4611, 3b4aa678-22a6-4ae2-9c6a-0e71cdb9d6d0:c4611]
2019-07-10 03:37:45,366 INFO  client.GrpcClientProtocolClient (GrpcClientProtocolClient.java:onNext(255)) - client-8BD909272E8D->63cacea9-0392-4939-ad39-80c4c73dd84b: receive RaftClientReply:client-8BD909272E8D->63cacea9-0392-4939-ad39-80c4c73dd84b@group-EE6C16B6C358, cid=3076, SUCCESS, logIndex=4616, commits[63cacea9-0392-4939-ad39-80c4c73dd84b:c4616, bd7b7fea-2a7b-4c3f-852f-c014e42bfcb7:c4613, 3b4aa678-22a6-4ae2-9c6a-0e71cdb9d6d0:c4613]
2019-07-10 03:37:45,367 INFO  client.GrpcClientProtocolClient (GrpcClientProtocolClient.java:onNext(255)) - client-8BD909272E8D->63cacea9-0392-4939-ad39-80c4c73dd84b: receive RaftClientReply:client-8BD909272E8D->63cacea9-0392-4939-ad39-80c4c73dd84b@group-EE6C16B6C358, cid=3077, SUCCESS, logIndex=4617, commits[63cacea9-0392-4939-ad39-80c4c73dd84b:c4617, bd7b7fea-2a7b-4c3f-852f-c014e42bfcb7:c4613, 3b4aa678-22a6-4ae2-9c6a-0e71cdb9d6d0:c4613]
2019-07-10 03:37:45,370 INFO  client.GrpcClientProtocolClient (GrpcClientProtocolClient.java:onNext(255)) - client-8BD909272E8D->63cacea9-0392-4939-ad39-80c4c73dd84b: receive RaftClientReply:client-8BD909272E8D->63cacea9-0392-4939-ad39-80c4c73dd84b@group-EE6C16B6C358, cid=3078, SUCCESS, logIndex=0, commits[63cacea9-0392-4939-ad39-80c4c73dd84b:c4618, bd7b7fea-2a7b-4c3f-852f-c014e42bfcb7:c4617, 3b4aa678-22a6-4ae2-9c6a-0e71cdb9d6d0:c4617]
2019-07-10 03:37:45,393 INFO  client.GrpcClientProtocolClient (GrpcClientProtocolClient.java:onNext(255)) - client-8BD909272E8D->63cacea9-0392-4939-ad39-80c4c73dd84b: receive RaftClientReply:client-8BD909272E8D->63cacea9-0392-4939-ad39-80c4c73dd84b@group-EE6C16B6C358, cid=3079, SUCCESS, logIndex=4620, commits[63cacea9-0392-4939-ad39-80c4c73dd84b:c4621, bd7b7fea-2a7b-4c3f-852f-c014e42bfcb7:c4617, 3b4aa678-22a6-4ae2-9c6a-0e71cdb9d6d0:c4619]
2019-07-10 03:37:45,394 INFO  client.GrpcClientProtocolClient (GrpcClientProtocolClient.java:onNext(255)) - client-8BD909272E8D->63cacea9-0392-4939-ad39-80c4c73dd84b: receive RaftClientReply:client-8BD909272E8D->63cacea9-0392-4939-ad39-80c4c73dd84b@group-EE6C16B6C358, cid=3080, SUCCESS, logIndex=4621, commits[63cacea9-0392-4939-ad39-80c4c73dd84b:c4621, bd7b7fea-2a7b-4c3f-852f-c014e42bfcb7:c4617, 3b4aa678-22a6-4ae2-9c6a-0e71cdb9d6d0:c4619]
2019-07-10 03:37:45,417 INFO  client.GrpcClientProtocolClient (GrpcClientProtocolClient.java:onNext(255)) - client-8BD909272E8D->63cacea9-0392-4939-ad39-80c4c73dd84b: receive RaftClientReply:client-8BD909272E8D->63cacea9-0392-4939-ad39-80c4c73dd84b@group-EE6C16B6C358, cid=3081, SUCCESS, logIndex=4622, commits[63cacea9-0392-4939-ad39-80c4c73dd84b:c4622, bd7b7fea-2a7b-4c3f-852f-c014e42bfcb7:c4619, 3b4aa678-22a6-4ae2-9c6a-0e71cdb9d6d0:c4619]
2019-07-10 03:37:45,418 INFO  client.GrpcClientProtocolClient (GrpcClientProtocolClient.java:onNext(255)) - client-8BD909272E8D->63cacea9-0392-4939-ad39-80c4c73dd84b: receive RaftClientReply:client-8BD909272E8D->63cacea9-0392-4939-ad39-80c4c73dd84b@group-EE6C16B6C358, cid=3082, SUCCESS, logIndex=4623, commits[63cacea9-0392-4939-ad39-80c4c73dd84b:c4624, bd7b7fea-2a7b-4c3f-852f-c014e42bfcb7:c4619, 3b4aa678-22a6-4ae2-9c6a-0e71cdb9d6d0:c4621]
2019-07-10 03:37:45,419 INFO  client.GrpcClientProtocolClient (GrpcClientProtocolClient.java:onNext(255)) - client-8BD909272E8D->63cacea9-0392-4939-ad39-80c4c73dd84b: receive RaftClientReply:client-8BD909272E8D->63cacea9-0392-4939-ad39-80c4c73dd84b@group-EE6C16B6C358, cid=3083, SUCCESS, logIndex=0, commits[63cacea9-0392-4939-ad39-80c4c73dd84b:c4625, bd7b7fea-2a7b-4c3f-852f-c014e42bfcb7:c4621, 3b4aa678-22a6-4ae2-9c6a-0e71cdb9d6d0:c4621]
2019-07-10 03:37:45,442 INFO  client.GrpcClientProtocolClient (GrpcClientProtocolClient.java:onNext(255)) - client-8BD909272E8D->63cacea9-0392-4939-ad39-80c4c73dd84b: receive RaftClientReply:client-8BD909272E8D->63cacea9-0392-4939-ad39-80c4c73dd84b@group-EE6C16B6C358, cid=3084, SUCCESS, logIndex=4628, commits[63cacea9-0392-4939-ad39-80c4c73dd84b:c4629, bd7b7fea-2a7b-4c3f-852f-c014e42bfcb7:c4625, 3b4aa678-22a6-4ae2-9c6a-0e71cdb9d6d0:c4622]
2019-07-10 03:37:45,442 INFO  client.GrpcClientProtocolClient (GrpcClientProtocolClient.java:onNext(255)) - client-8BD909272E8D->63cacea9-0392-4939-ad39-80c4c73dd84b: receive RaftClientReply:client-8BD909272E8D->63cacea9-0392-4939-ad39-80c4c73dd84b@group-EE6C16B6C358, cid=3085, SUCCESS, logIndex=4629, commits[63cacea9-0392-4939-ad39-80c4c73dd84b:c4629, bd7b7fea-2a7b-4c3f-852f-c014e42bfcb7:c4625, 3b4aa678-22a6-4ae2-9c6a-0e71cdb9d6d0:c4625]
2019-07-10 03:37:45,460 INFO  client.GrpcClientProtocolClient (GrpcClientProtocolClient.java:onNext(255)) - client-8BD909272E8D->63cacea9-0392-4939-ad39-80c4c73dd84b: receive RaftClientReply:client-8BD909272E8D->63cacea9-0392-4939-ad39-80c4c73dd84b@group-EE6C16B6C358, cid=3086, SUCCESS, logIndex=4631, commits[63cacea9-0392-4939-ad39-80c4c73dd84b:c4632, bd7b7fea-2a7b-4c3f-852f-c014e42bfcb7:c4630, 3b4aa678-22a6-4ae2-9c6a-0e71cdb9d6d0:c4630]
2019-07-10 03:37:45,460 INFO  client.GrpcClientProtocolClient (GrpcClientProtocolClient.java:onNext(255)) - client-8BD909272E8D->63cacea9-0392-4939-ad39-80c4c73dd84b: receive RaftClientReply:client-8BD909272E8D->63cacea9-0392-4939-ad39-80c4c73dd84b@group-EE6C16B6C358, cid=3087, SUCCESS, logIndex=4632, commits[63cacea9-0392-4939-ad39-80c4c73dd84b:c4632, bd7b7fea-2a7b-4c3f-852f-c014e42bfcb7:c4630, 3b4aa678-22a6-4ae2-9c6a-0e71cdb9d6d0:c4630]
2019-07-10 03:37:45,473 INFO  client.GrpcClientProtocolClient (GrpcClientProtocolClient.java:onNext(255)) - client-8BD909272E8D->63cacea9-0392-4939-ad39-80c4c73dd84b: receive RaftClientReply:client-8BD909272E8D->63cacea9-0392-4939-ad39-80c4c73dd84b@group-EE6C16B6C358, cid=3088, SUCCESS, logIndex=0, commits[63cacea9-0392-4939-ad39-80c4c73dd84b:c4634, bd7b7fea-2a7b-4c3f-852f-c014e42bfcb7:c4632, 3b4aa678-22a6-4ae2-9c6a-0e71cdb9d6d0:c4632]
2019-07-10 03:37:45,501 INFO  client.GrpcClientProtocolClient (GrpcClientProtocolClient.java:onNext(255)) - client-8BD909272E8D->63cacea9-0392-4939-ad39-80c4c73dd84b: receive RaftClientReply:client-8BD909272E8D->63cacea9-0392-4939-ad39-80c4c73dd84b@group-EE6C16B6C358, cid=3089, SUCCESS, logIndex=4635, commits[63cacea9-0392-4939-ad39-80c4c73dd84b:c4636, bd7b7fea-2a7b-4c3f-852f-c014e42bfcb7:c4634, 3b4aa678-22a6-4ae2-9c6a-0e71cdb9d6d0:c4634]
2019-07-10 03:37:45,502 INFO  client.GrpcClientProtocolClient (GrpcClientProtocolClient.java:onNext(255)) - client-8BD909272E8D->63cacea9-0392-4939-ad39-80c4c73dd84b: receive RaftClientReply:client-8BD909272E8D->63cacea9-0392-4939-ad39-80c4c73dd84b@group-EE6C16B6C358, cid=3090, SUCCESS, logIndex=4636, commits[63cacea9-0392-4939-ad39-80c4c73dd84b:c4638, bd7b7fea-2a7b-4c3f-852f-c014e42bfcb7:c4634, 3b4aa678-22a6-4ae2-9c6a-0e71cdb9d6d0:c4634]
2019-07-10 03:37:45,502 INFO  client.GrpcClientProtocolClient (GrpcClientProtocolClient.java:onNext(255)) - client-8BD909272E8D->63cacea9-0392-4939-ad39-80c4c73dd84b: receive RaftClientReply:client-8BD909272E8D->63cacea9-0392-4939-ad39-80c4c73dd84b@group-EE6C16B6C358, cid=3091, SUCCESS, logIndex=4637, commits[63cacea9-0392-4939-ad39-80c4c73dd84b:c4638, bd7b7fea-2a7b-4c3f-852f-c014e42bfcb7:c4634, 3b4aa678-22a6-4ae2-9c6a-0e71cdb9d6d0:c4634]
2019-07-10 03:37:45,502 INFO  client.GrpcClientProtocolClient (GrpcClientProtocolClient.java:onNext(255)) - client-8BD909272E8D->63cacea9-0392-4939-ad39-80c4c73dd84b: receive RaftClientReply:client-8BD909272E8D->63cacea9-0392-4939-ad39-80c4c73dd84b@group-EE6C16B6C358, cid=3092, SUCCESS, logIndex=4638, commits[63cacea9-0392-4939-ad39-80c4c73dd84b:c4638, bd7b7fea-2a7b-4c3f-852f-c014e42bfcb7:c4634, 3b4aa678-22a6-4ae2-9c6a-0e71cdb9d6d0:c4634]
2019-07-10 03:37:45,516 INFO  client.GrpcClientProtocolClient (GrpcClientProtocolClient.java:onNext(255)) - client-8BD909272E8D->63cacea9-0392-4939-ad39-80c4c73dd84b: receive RaftClientReply:client-8BD909272E8D->63cacea9-0392-4939-ad39-80c4c73dd84b@group-EE6C16B6C358, cid=3093, SUCCESS, logIndex=0, commits[63cacea9-0392-4939-ad39-80c4c73dd84b:c4642, bd7b7fea-2a7b-4c3f-852f-c014e42bfcb7:c4636, 3b4aa678-22a6-4ae2-9c6a-0e71cdb9d6d0:c4638]
2019-07-10 03:37:45,537 INFO  client.GrpcClientProtocolClient (GrpcClientProtocolClient.java:onNext(255)) - client-8BD909272E8D->63cacea9-0392-4939-ad39-80c4c73dd84b: receive RaftClientReply:client-8BD909272E8D->63cacea9-0392-4939-ad39-80c4c73dd84b@group-EE6C16B6C358, cid=3094, SUCCESS, logIndex=4643, commits[63cacea9-0392-4939-ad39-80c4c73dd84b:c4644, bd7b7fea-2a7b-4c3f-852f-c014e42bfcb7:c4642, 3b4aa678-22a6-4ae2-9c6a-0e71cdb9d6d0:c4642]
2019-07-10 03:37:45,537 INFO  client.GrpcClientProtocolClient (GrpcClientProtocolClient.java:onNext(255)) - client-8BD909272E8D->63cacea9-0392-4939-ad39-80c4c73dd84b: receive RaftClientReply:client-8BD909272E8D->63cacea9-0392-4939-ad39-80c4c73dd84b@group-EE6C16B6C358, cid=3095, SUCCESS, logIndex=4644, commits[63cacea9-0392-4939-ad39-80c4c73dd84b:c4644, bd7b7fea-2a7b-4c3f-852f-c014e42bfcb7:c4642, 3b4aa678-22a6-4ae2-9c6a-0e71cdb9d6d0:c4642]
2019-07-10 03:37:45,564 INFO  client.GrpcClientProtocolClient (GrpcClientProtocolClient.java:onNext(255)) - client-8BD909272E8D->63cacea9-0392-4939-ad39-80c4c73dd84b: receive RaftClientReply:client-8BD909272E8D->63cacea9-0392-4939-ad39-80c4c73dd84b@group-EE6C16B6C358, cid=3096, SUCCESS, logIndex=4647, commits[63cacea9-0392-4939-ad39-80c4c73dd84b:c4647, bd7b7fea-2a7b-4c3f-852f-c014e42bfcb7:c4644, 3b4aa678-22a6-4ae2-9c6a-0e71cdb9d6d0:c4644]
2019-07-10 03:37:45,564 INFO  client.GrpcClientProtocolClient (GrpcClientProtocolClient.java:onNext(255)) - client-8BD909272E8D->63cacea9-0392-4939-ad39-80c4c73dd84b: receive RaftClientReply:client-8BD909272E8D->63cacea9-0392-4939-ad39-80c4c73dd84b@group-EE6C16B6C358, cid=3097, SUCCESS, logIndex=4648, commits[63cacea9-0392-4939-ad39-80c4c73dd84b:c4648, bd7b7fea-2a7b-4c3f-852f-c014e42bfcb7:c4644, 3b4aa678-22a6-4ae2-9c6a-0e71cdb9d6d0:c4644]
2019-07-10 03:37:45,590 INFO  client.GrpcClientProtocolClient (GrpcClientProtocolClient.java:onNext(255)) - client-8BD909272E8D->63cacea9-0392-4939-ad39-80c4c73dd84b: receive RaftClientReply:client-8BD909272E8D->63cacea9-0392-4939-ad39-80c4c73dd84b@group-EE6C16B6C358, cid=3098, SUCCESS, logIndex=0, commits[63cacea9-0392-4939-ad39-80c4c73dd84b:c4650, bd7b7fea-2a7b-4c3f-852f-c014e42bfcb7:c4648, 3b4aa678-22a6-4ae2-9c6a-0e71cdb9d6d0:c4648]
2019-07-10 03:37:45,624 INFO  client.GrpcClientProtocolClient (GrpcClientProtocolClient.java:onNext(255)) - client-8BD909272E8D->63cacea9-0392-4939-ad39-80c4c73dd84b: receive RaftClientReply:client-8BD909272E8D->63cacea9-0392-4939-ad39-80c4c73dd84b@group-EE6C16B6C358, cid=3099, SUCCESS, logIndex=4651, commits[63cacea9-0392-4939-ad39-80c4c73dd84b:c4654, bd7b7fea-2a7b-4c3f-852f-c014e42bfcb7:c4648, 3b4aa678-22a6-4ae2-9c6a-0e71cdb9d6d0:c4650]
2019-07-10 03:37:45,625 INFO  client.GrpcClientProtocolClient (GrpcClientProtocolClient.java:onNext(255)) - client-8BD909272E8D->63cacea9-0392-4939-ad39-80c4c73dd84b: receive RaftClientReply:client-8BD909272E8D->63cacea9-0392-4939-ad39-80c4c73dd84b@group-EE6C16B6C358, cid=3100, SUCCESS, logIndex=4652, commits[63cacea9-0392-4939-ad39-80c4c73dd84b:c4654, bd7b7fea-2a7b-4c3f-852f-c014e42bfcb7:c4650, 3b4aa678-22a6-4ae2-9c6a-0e71cdb9d6d0:c4650]
2019-07-10 03:37:45,625 INFO  client.GrpcClientProtocolClient (GrpcClientProtocolClient.java:onNext(255)) - client-8BD909272E8D->63cacea9-0392-4939-ad39-80c4c73dd84b: receive RaftClientReply:client-8BD909272E8D->63cacea9-0392-4939-ad39-80c4c73dd84b@group-EE6C16B6C358, cid=3101, SUCCESS, logIndex=4653, commits[63cacea9-0392-4939-ad39-80c4c73dd84b:c4654, bd7b7fea-2a7b-4c3f-852f-c014e42bfcb7:c4650, 3b4aa678-22a6-4ae2-9c6a-0e71cdb9d6d0:c4650]
2019-07-10 03:37:45,625 INFO  client.GrpcClientProtocolClient (GrpcClientProtocolClient.java:onNext(255)) - client-8BD909272E8D->63cacea9-0392-4939-ad39-80c4c73dd84b: receive RaftClientReply:client-8BD909272E8D->63cacea9-0392-4939-ad39-80c4c73dd84b@group-EE6C16B6C358, cid=3102, SUCCESS, logIndex=4654, commits[63cacea9-0392-4939-ad39-80c4c73dd84b:c4654, bd7b7fea-2a7b-4c3f-852f-c014e42bfcb7:c4650, 3b4aa678-22a6-4ae2-9c6a-0e71cdb9d6d0:c4650]
2019-07-10 03:37:45,637 INFO  client.GrpcClientProtocolClient (GrpcClientProtocolClient.java:onNext(255)) - client-8BD909272E8D->63cacea9-0392-4939-ad39-80c4c73dd84b: receive RaftClientReply:client-8BD909272E8D->63cacea9-0392-4939-ad39-80c4c73dd84b@group-EE6C16B6C358, cid=3103, SUCCESS, logIndex=0, commits[63cacea9-0392-4939-ad39-80c4c73dd84b:c4655, bd7b7fea-2a7b-4c3f-852f-c014e42bfcb7:c4652, 3b4aa678-22a6-4ae2-9c6a-0e71cdb9d6d0:c4652]
2019-07-10 03:37:45,651 INFO  client.GrpcClientProtocolClient (GrpcClientProtocolClient.java:onNext(255)) - client-8BD909272E8D->63cacea9-0392-4939-ad39-80c4c73dd84b: receive RaftClientReply:client-8BD909272E8D->63cacea9-0392-4939-ad39-80c4c73dd84b@group-EE6C16B6C358, cid=3104, SUCCESS, logIndex=4659, commits[63cacea9-0392-4939-ad39-80c4c73dd84b:c4660, bd7b7fea-2a7b-4c3f-852f-c014e42bfcb7:c4655, 3b4aa678-22a6-4ae2-9c6a-0e71cdb9d6d0:c4654]
2019-07-10 03:37:45,652 INFO  client.GrpcClientProtocolClient (GrpcClientProtocolClient.java:onNext(255)) - client-8BD909272E8D->63cacea9-0392-4939-ad39-80c4c73dd84b: receive RaftClientReply:client-8BD909272E8D->63cacea9-0392-4939-ad39-80c4c73dd84b@group-EE6C16B6C358, cid=3105, SUCCESS, logIndex=4660, commits[63cacea9-0392-4939-ad39-80c4c73dd84b:c4660, bd7b7fea-2a7b-4c3f-852f-c014e42bfcb7:c4655, 3b4aa678-22a6-4ae2-9c6a-0e71cdb9d6d0:c4654]
2019-07-10 03:37:45,683 INFO  client.GrpcClientProtocolClient (GrpcClientProtocolClient.java:onNext(255)) - client-8BD909272E8D->63cacea9-0392-4939-ad39-80c4c73dd84b: receive RaftClientReply:client-8BD909272E8D->63cacea9-0392-4939-ad39-80c4c73dd84b@group-EE6C16B6C358, cid=3106, SUCCESS, logIndex=4663, commits[63cacea9-0392-4939-ad39-80c4c73dd84b:c4664, bd7b7fea-2a7b-4c3f-852f-c014e42bfcb7:c4660, 3b4aa678-22a6-4ae2-9c6a-0e71cdb9d6d0:c4660]
2019-07-10 03:37:45,683 INFO  client.GrpcClientProtocolClient (GrpcClientProtocolClient.java:onNext(255)) - client-8BD909272E8D->63cacea9-0392-4939-ad39-80c4c73dd84b: receive RaftClientReply:client-8BD909272E8D->63cacea9-0392-4939-ad39-80c4c73dd84b@group-EE6C16B6C358, cid=3107, SUCCESS, logIndex=4664, commits[63cacea9-0392-4939-ad39-80c4c73dd84b:c4664, bd7b7fea-2a7b-4c3f-852f-c014e42bfcb7:c4660, 3b4aa678-22a6-4ae2-9c6a-0e71cdb9d6d0:c4660]
2019-07-10 03:37:45,689 INFO  client.GrpcClientProtocolClient (GrpcClientProtocolClient.java:onNext(255)) - client-8BD909272E8D->63cacea9-0392-4939-ad39-80c4c73dd84b: receive RaftClientReply:client-8BD909272E8D->63cacea9-0392-4939-ad39-80c4c73dd84b@group-EE6C16B6C358, cid=3108, SUCCESS, logIndex=0, commits[63cacea9-0392-4939-ad39-80c4c73dd84b:c4666, bd7b7fea-2a7b-4c3f-852f-c014e42bfcb7:c4664, 3b4aa678-22a6-4ae2-9c6a-0e71cdb9d6d0:c4664]
 0.00% |█                                                                                                    |  0/1 Time: 0:00:282019-07-10 03:37:45,868 INFO  client.GrpcClientProtocolClient (GrpcClientProtocolClient.java:onNext(255)) - client-8BD909272E8D->63cacea9-0392-4939-ad39-80c4c73dd84b: receive RaftClientReply:client-8BD909272E8D->63cacea9-0392-4939-ad39-80c4c73dd84b@group-EE6C16B6C358, cid=3109, SUCCESS, logIndex=4667, commits[63cacea9-0392-4939-ad39-80c4c73dd84b:c4669, bd7b7fea-2a7b-4c3f-852f-c014e42bfcb7:c4666, 3b4aa678-22a6-4ae2-9c6a-0e71cdb9d6d0:c4666]
2019-07-10 03:37:45,869 INFO  client.GrpcClientProtocolClient (GrpcClientProtocolClient.java:onNext(255)) - client-8BD909272E8D->63cacea9-0392-4939-ad39-80c4c73dd84b: receive RaftClientReply:client-8BD909272E8D->63cacea9-0392-4939-ad39-80c4c73dd84b@group-EE6C16B6C358, cid=3110, SUCCESS, logIndex=4668, commits[63cacea9-0392-4939-ad39-80c4c73dd84b:c4670, bd7b7fea-2a7b-4c3f-852f-c014e42bfcb7:c4666, 3b4aa678-22a6-4ae2-9c6a-0e71cdb9d6d0:c4666]
2019-07-10 03:37:45,869 INFO  client.GrpcClientProtocolClient (GrpcClientProtocolClient.java:onNext(255)) - client-8BD909272E8D->63cacea9-0392-4939-ad39-80c4c73dd84b: receive RaftClientReply:client-8BD909272E8D->63cacea9-0392-4939-ad39-80c4c73dd84b@group-EE6C16B6C358, cid=3111, SUCCESS, logIndex=4669, commits[63cacea9-0392-4939-ad39-80c4c73dd84b:c4670, bd7b7fea-2a7b-4c3f-852f-c014e42bfcb7:c4666, 3b4aa678-22a6-4ae2-9c6a-0e71cdb9d6d0:c4666]
2019-07-10 03:37:45,870 INFO  client.GrpcClientProtocolClient (GrpcClientProtocolClient.java:onNext(255)) - client-8BD909272E8D->63cacea9-0392-4939-ad39-80c4c73dd84b: receive RaftClientReply:client-8BD909272E8D->63cacea9-0392-4939-ad39-80c4c73dd84b@group-EE6C16B6C358, cid=3112, SUCCESS, logIndex=4670, commits[63cacea9-0392-4939-ad39-80c4c73dd84b:c4670, bd7b7fea-2a7b-4c3f-852f-c014e42bfcb7:c4666, 3b4aa678-22a6-4ae2-9c6a-0e71cdb9d6d0:c4666]
2019-07-10 03:37:45,871 INFO  client.GrpcClientProtocolClient (GrpcClientProtocolClient.java:onNext(255)) - client-8BD909272E8D->63cacea9-0392-4939-ad39-80c4c73dd84b: receive RaftClientReply:client-8BD909272E8D->63cacea9-0392-4939-ad39-80c4c73dd84b@group-EE6C16B6C358, cid=3113, SUCCESS, logIndex=0, commits[63cacea9-0392-4939-ad39-80c4c73dd84b:c4674, bd7b7fea-2a7b-4c3f-852f-c014e42bfcb7:c4668, 3b4aa678-22a6-4ae2-9c6a-0e71cdb9d6d0:c4670]
2019-07-10 03:37:45,893 INFO  client.GrpcClientProtocolClient (GrpcClientProtocolClient.java:onNext(255)) - client-8BD909272E8D->63cacea9-0392-4939-ad39-80c4c73dd84b: receive RaftClientReply:client-8BD909272E8D->63cacea9-0392-4939-ad39-80c4c73dd84b@group-EE6C16B6C358, cid=3114, SUCCESS, logIndex=4675, commits[63cacea9-0392-4939-ad39-80c4c73dd84b:c4675, bd7b7fea-2a7b-4c3f-852f-c014e42bfcb7:c4674, 3b4aa678-22a6-4ae2-9c6a-0e71cdb9d6d0:c4674]
2019-07-10 03:37:45,894 INFO  client.GrpcClientProtocolClient (GrpcClientProtocolClient.java:onNext(255)) - client-8BD909272E8D->63cacea9-0392-4939-ad39-80c4c73dd84b: receive RaftClientReply:client-8BD909272E8D->63cacea9-0392-4939-ad39-80c4c73dd84b@group-EE6C16B6C358, cid=3115, SUCCESS, logIndex=4676, commits[63cacea9-0392-4939-ad39-80c4c73dd84b:c4676, bd7b7fea-2a7b-4c3f-852f-c014e42bfcb7:c4674, 3b4aa678-22a6-4ae2-9c6a-0e71cdb9d6d0:c4674]
2019-07-10 03:37:45,920 INFO  client.GrpcClientProtocolClient (GrpcClientProtocolClient.java:onNext(255)) - client-8BD909272E8D->63cacea9-0392-4939-ad39-80c4c73dd84b: receive RaftClientReply:client-8BD909272E8D->63cacea9-0392-4939-ad39-80c4c73dd84b@group-EE6C16B6C358, cid=3116, SUCCESS, logIndex=4679, commits[63cacea9-0392-4939-ad39-80c4c73dd84b:c4680, bd7b7fea-2a7b-4c3f-852f-c014e42bfcb7:c4676, 3b4aa678-22a6-4ae2-9c6a-0e71cdb9d6d0:c4675]
2019-07-10 03:37:45,921 INFO  client.GrpcClientProtocolClient (GrpcClientProtocolClient.java:onNext(255)) - client-8BD909272E8D->63cacea9-0392-4939-ad39-80c4c73dd84b: receive RaftClientReply:client-8BD909272E8D->63cacea9-0392-4939-ad39-80c4c73dd84b@group-EE6C16B6C358, cid=3117, SUCCESS, logIndex=4680, commits[63cacea9-0392-4939-ad39-80c4c73dd84b:c4680, bd7b7fea-2a7b-4c3f-852f-c014e42bfcb7:c4676, 3b4aa678-22a6-4ae2-9c6a-0e71cdb9d6d0:c4676]
2019-07-10 03:37:45,932 INFO  client.GrpcClientProtocolClient (GrpcClientProtocolClient.java:onNext(255)) - client-8BD909272E8D->63cacea9-0392-4939-ad39-80c4c73dd84b: receive RaftClientReply:client-8BD909272E8D->63cacea9-0392-4939-ad39-80c4c73dd84b@group-EE6C16B6C358, cid=3118, SUCCESS, logIndex=0, commits[63cacea9-0392-4939-ad39-80c4c73dd84b:c4681, bd7b7fea-2a7b-4c3f-852f-c014e42bfcb7:c4680, 3b4aa678-22a6-4ae2-9c6a-0e71cdb9d6d0:c4680]
2019-07-10 03:37:45,984 INFO  client.GrpcClientProtocolClient (GrpcClientProtocolClient.java:onNext(255)) - client-8BD909272E8D->63cacea9-0392-4939-ad39-80c4c73dd84b: receive RaftClientReply:client-8BD909272E8D->63cacea9-0392-4939-ad39-80c4c73dd84b@group-EE6C16B6C358, cid=3119, SUCCESS, logIndex=4683, commits[63cacea9-0392-4939-ad39-80c4c73dd84b:c4684, bd7b7fea-2a7b-4c3f-852f-c014e42bfcb7:c4682, 3b4aa678-22a6-4ae2-9c6a-0e71cdb9d6d0:c4682]
2019-07-10 03:37:45,985 INFO  client.GrpcClientProtocolClient (GrpcClientProtocolClient.java:onNext(255)) - client-8BD909272E8D->63cacea9-0392-4939-ad39-80c4c73dd84b: receive RaftClientReply:client-8BD909272E8D->63cacea9-0392-4939-ad39-80c4c73dd84b@group-EE6C16B6C358, cid=3120, SUCCESS, logIndex=4684, commits[63cacea9-0392-4939-ad39-80c4c73dd84b:c4686, bd7b7fea-2a7b-4c3f-852f-c014e42bfcb7:c4682, 3b4aa678-22a6-4ae2-9c6a-0e71cdb9d6d0:c4682]
2019-07-10 03:37:45,985 INFO  client.GrpcClientProtocolClient (GrpcClientProtocolClient.java:onNext(255)) - client-8BD909272E8D->63cacea9-0392-4939-ad39-80c4c73dd84b: receive RaftClientReply:client-8BD909272E8D->63cacea9-0392-4939-ad39-80c4c73dd84b@group-EE6C16B6C358, cid=3121, SUCCESS, logIndex=4685, commits[63cacea9-0392-4939-ad39-80c4c73dd84b:c4686, bd7b7fea-2a7b-4c3f-852f-c014e42bfcb7:c4682, 3b4aa678-22a6-4ae2-9c6a-0e71cdb9d6d0:c4682]
2019-07-10 03:37:45,986 INFO  client.GrpcClientProtocolClient (GrpcClientProtocolClient.java:onNext(255)) - client-8BD909272E8D->63cacea9-0392-4939-ad39-80c4c73dd84b: receive RaftClientReply:client-8BD909272E8D->63cacea9-0392-4939-ad39-80c4c73dd84b@group-EE6C16B6C358, cid=3122, SUCCESS, logIndex=4686, commits[63cacea9-0392-4939-ad39-80c4c73dd84b:c4686, bd7b7fea-2a7b-4c3f-852f-c014e42bfcb7:c4682, 3b4aa678-22a6-4ae2-9c6a-0e71cdb9d6d0:c4682]
2019-07-10 03:37:45,999 INFO  client.GrpcClientProtocolClient (GrpcClientProtocolClient.java:onNext(255)) - client-8BD909272E8D->63cacea9-0392-4939-ad39-80c4c73dd84b: receive RaftClientReply:client-8BD909272E8D->63cacea9-0392-4939-ad39-80c4c73dd84b@group-EE6C16B6C358, cid=3123, SUCCESS, logIndex=0, commits[63cacea9-0392-4939-ad39-80c4c73dd84b:c4687, bd7b7fea-2a7b-4c3f-852f-c014e42bfcb7:c4684, 3b4aa678-22a6-4ae2-9c6a-0e71cdb9d6d0:c4684]
2019-07-10 03:37:46,023 INFO  client.GrpcClientProtocolClient (GrpcClientProtocolClient.java:onNext(255)) - client-8BD909272E8D->63cacea9-0392-4939-ad39-80c4c73dd84b: receive RaftClientReply:client-8BD909272E8D->63cacea9-0392-4939-ad39-80c4c73dd84b@group-EE6C16B6C358, cid=3124, SUCCESS, logIndex=4691, commits[63cacea9-0392-4939-ad39-80c4c73dd84b:c4692, bd7b7fea-2a7b-4c3f-852f-c014e42bfcb7:c4690, 3b4aa678-22a6-4ae2-9c6a-0e71cdb9d6d0:c4686]
2019-07-10 03:37:46,024 INFO  client.GrpcClientProtocolClient (GrpcClientProtocolClient.java:onNext(255)) - client-8BD909272E8D->63cacea9-0392-4939-ad39-80c4c73dd84b: receive RaftClientReply:client-8BD909272E8D->63cacea9-0392-4939-ad39-80c4c73dd84b@group-EE6C16B6C358, cid=3125, SUCCESS, logIndex=4692, commits[63cacea9-0392-4939-ad39-80c4c73dd84b:c4692, bd7b7fea-2a7b-4c3f-852f-c014e42bfcb7:c4690, 3b4aa678-22a6-4ae2-9c6a-0e71cdb9d6d0:c4690]
2019-07-10 03:37:46,049 INFO  client.GrpcClientProtocolClient (GrpcClientProtocolClient.java:onNext(255)) - client-8BD909272E8D->63cacea9-0392-4939-ad39-80c4c73dd84b: receive RaftClientReply:client-8BD909272E8D->63cacea9-0392-4939-ad39-80c4c73dd84b@group-EE6C16B6C358, cid=3126, SUCCESS, logIndex=4695, commits[63cacea9-0392-4939-ad39-80c4c73dd84b:c4695, bd7b7fea-2a7b-4c3f-852f-c014e42bfcb7:c4692, 3b4aa678-22a6-4ae2-9c6a-0e71cdb9d6d0:c4692]
2019-07-10 03:37:46,049 INFO  client.GrpcClientProtocolClient (GrpcClientProtocolClient.java:onNext(255)) - client-8BD909272E8D->63cacea9-0392-4939-ad39-80c4c73dd84b: receive RaftClientReply:client-8BD909272E8D->63cacea9-0392-4939-ad39-80c4c73dd84b@group-EE6C16B6C358, cid=3127, SUCCESS, logIndex=4696, commits[63cacea9-0392-4939-ad39-80c4c73dd84b:c4696, bd7b7fea-2a7b-4c3f-852f-c014e42bfcb7:c4692, 3b4aa678-22a6-4ae2-9c6a-0e71cdb9d6d0:c4692]
2019-07-10 03:37:46,076 INFO  client.GrpcClientProtocolClient (GrpcClientProtocolClient.java:onNext(255)) - client-8BD909272E8D->63cacea9-0392-4939-ad39-80c4c73dd84b: receive RaftClientReply:client-8BD909272E8D->63cacea9-0392-4939-ad39-80c4c73dd84b@group-EE6C16B6C358, cid=3128, SUCCESS, logIndex=0, commits[63cacea9-0392-4939-ad39-80c4c73dd84b:c4698, bd7b7fea-2a7b-4c3f-852f-c014e42bfcb7:c4696, 3b4aa678-22a6-4ae2-9c6a-0e71cdb9d6d0:c4696]
2019-07-10 03:37:46,114 INFO  client.GrpcClientProtocolClient (GrpcClientProtocolClient.java:onNext(255)) - client-8BD909272E8D->63cacea9-0392-4939-ad39-80c4c73dd84b: receive RaftClientReply:client-8BD909272E8D->63cacea9-0392-4939-ad39-80c4c73dd84b@group-EE6C16B6C358, cid=3129, SUCCESS, logIndex=4699, commits[63cacea9-0392-4939-ad39-80c4c73dd84b:c4700, bd7b7fea-2a7b-4c3f-852f-c014e42bfcb7:c4698, 3b4aa678-22a6-4ae2-9c6a-0e71cdb9d6d0:c4698]
2019-07-10 03:37:46,115 INFO  client.GrpcClientProtocolClient (GrpcClientProtocolClient.java:onNext(255)) - client-8BD909272E8D->63cacea9-0392-4939-ad39-80c4c73dd84b: receive RaftClientReply:client-8BD909272E8D->63cacea9-0392-4939-ad39-80c4c73dd84b@group-EE6C16B6C358, cid=3130, SUCCESS, logIndex=4700, commits[63cacea9-0392-4939-ad39-80c4c73dd84b:c4702, bd7b7fea-2a7b-4c3f-852f-c014e42bfcb7:c4698, 3b4aa678-22a6-4ae2-9c6a-0e71cdb9d6d0:c4698]
2019-07-10 03:37:46,115 INFO  client.GrpcClientProtocolClient (GrpcClientProtocolClient.java:onNext(255)) - client-8BD909272E8D->63cacea9-0392-4939-ad39-80c4c73dd84b: receive RaftClientReply:client-8BD909272E8D->63cacea9-0392-4939-ad39-80c4c73dd84b@group-EE6C16B6C358, cid=3131, SUCCESS, logIndex=4701, commits[63cacea9-0392-4939-ad39-80c4c73dd84b:c4702, bd7b7fea-2a7b-4c3f-852f-c014e42bfcb7:c4698, 3b4aa678-22a6-4ae2-9c6a-0e71cdb9d6d0:c4698]
2019-07-10 03:37:46,116 INFO  client.GrpcClientProtocolClient (GrpcClientProtocolClient.java:onNext(255)) - client-8BD909272E8D->63cacea9-0392-4939-ad39-80c4c73dd84b: receive RaftClientReply:client-8BD909272E8D->63cacea9-0392-4939-ad39-80c4c73dd84b@group-EE6C16B6C358, cid=3132, SUCCESS, logIndex=4702, commits[63cacea9-0392-4939-ad39-80c4c73dd84b:c4702, bd7b7fea-2a7b-4c3f-852f-c014e42bfcb7:c4698, 3b4aa678-22a6-4ae2-9c6a-0e71cdb9d6d0:c4698]
2019-07-10 03:37:46,119 INFO  client.GrpcClientProtocolClient (GrpcClientProtocolClient.java:onNext(255)) - client-8BD909272E8D->63cacea9-0392-4939-ad39-80c4c73dd84b: receive RaftClientReply:client-8BD909272E8D->63cacea9-0392-4939-ad39-80c4c73dd84b@group-EE6C16B6C358, cid=3133, SUCCESS, logIndex=0, commits[63cacea9-0392-4939-ad39-80c4c73dd84b:c4706, bd7b7fea-2a7b-4c3f-852f-c014e42bfcb7:c4700, 3b4aa678-22a6-4ae2-9c6a-0e71cdb9d6d0:c4702]
2019-07-10 03:37:46,133 INFO  client.GrpcClientProtocolClient (GrpcClientProtocolClient.java:onNext(255)) - client-8BD909272E8D->63cacea9-0392-4939-ad39-80c4c73dd84b: receive RaftClientReply:client-8BD909272E8D->63cacea9-0392-4939-ad39-80c4c73dd84b@group-EE6C16B6C358, cid=3134, SUCCESS, logIndex=4707, commits[63cacea9-0392-4939-ad39-80c4c73dd84b:c4708, bd7b7fea-2a7b-4c3f-852f-c014e42bfcb7:c4706, 3b4aa678-22a6-4ae2-9c6a-0e71cdb9d6d0:c4706]
2019-07-10 03:37:46,134 INFO  client.GrpcClientProtocolClient (GrpcClientProtocolClient.java:onNext(255)) - client-8BD909272E8D->63cacea9-0392-4939-ad39-80c4c73dd84b: receive RaftClientReply:client-8BD909272E8D->63cacea9-0392-4939-ad39-80c4c73dd84b@group-EE6C16B6C358, cid=3135, SUCCESS, logIndex=4708, commits[63cacea9-0392-4939-ad39-80c4c73dd84b:c4708, bd7b7fea-2a7b-4c3f-852f-c014e42bfcb7:c4706, 3b4aa678-22a6-4ae2-9c6a-0e71cdb9d6d0:c4706]
2019-07-10 03:37:46,148 INFO  client.GrpcClientProtocolClient (GrpcClientProtocolClient.java:onNext(255)) - client-8BD909272E8D->63cacea9-0392-4939-ad39-80c4c73dd84b: receive RaftClientReply:client-8BD909272E8D->63cacea9-0392-4939-ad39-80c4c73dd84b@group-EE6C16B6C358, cid=3136, SUCCESS, logIndex=4711, commits[63cacea9-0392-4939-ad39-80c4c73dd84b:c4712, bd7b7fea-2a7b-4c3f-852f-c014e42bfcb7:c4708, 3b4aa678-22a6-4ae2-9c6a-0e71cdb9d6d0:c4710]
2019-07-10 03:37:46,148 INFO  client.GrpcClientProtocolClient (GrpcClientProtocolClient.java:onNext(255)) - client-8BD909272E8D->63cacea9-0392-4939-ad39-80c4c73dd84b: receive RaftClientReply:client-8BD909272E8D->63cacea9-0392-4939-ad39-80c4c73dd84b@group-EE6C16B6C358, cid=3137, SUCCESS, logIndex=4712, commits[63cacea9-0392-4939-ad39-80c4c73dd84b:c4712, bd7b7fea-2a7b-4c3f-852f-c014e42bfcb7:c4710, 3b4aa678-22a6-4ae2-9c6a-0e71cdb9d6d0:c4710]
2019-07-10 03:37:46,151 INFO  client.GrpcClientProtocolClient (GrpcClientProtocolClient.java:onNext(255)) - client-8BD909272E8D->63cacea9-0392-4939-ad39-80c4c73dd84b: receive RaftClientReply:client-8BD909272E8D->63cacea9-0392-4939-ad39-80c4c73dd84b@group-EE6C16B6C358, cid=3138, SUCCESS, logIndex=0, commits[63cacea9-0392-4939-ad39-80c4c73dd84b:c4714, bd7b7fea-2a7b-4c3f-852f-c014e42bfcb7:c4712, 3b4aa678-22a6-4ae2-9c6a-0e71cdb9d6d0:c4712]
2019-07-10 03:37:46,197 INFO  client.GrpcClientProtocolClient (GrpcClientProtocolClient.java:onNext(255)) - client-8BD909272E8D->63cacea9-0392-4939-ad39-80c4c73dd84b: receive RaftClientReply:client-8BD909272E8D->63cacea9-0392-4939-ad39-80c4c73dd84b@group-EE6C16B6C358, cid=3139, SUCCESS, logIndex=4715, commits[63cacea9-0392-4939-ad39-80c4c73dd84b:c4716, bd7b7fea-2a7b-4c3f-852f-c014e42bfcb7:c4712, 3b4aa678-22a6-4ae2-9c6a-0e71cdb9d6d0:c4714]
2019-07-10 03:37:46,197 INFO  client.GrpcClientProtocolClient (GrpcClientProtocolClient.java:onNext(255)) - client-8BD909272E8D->63cacea9-0392-4939-ad39-80c4c73dd84b: receive RaftClientReply:client-8BD909272E8D->63cacea9-0392-4939-ad39-80c4c73dd84b@group-EE6C16B6C358, cid=3140, SUCCESS, logIndex=4716, commits[63cacea9-0392-4939-ad39-80c4c73dd84b:c4718, bd7b7fea-2a7b-4c3f-852f-c014e42bfcb7:c4714, 3b4aa678-22a6-4ae2-9c6a-0e71cdb9d6d0:c4714]
2019-07-10 03:37:46,198 INFO  client.GrpcClientProtocolClient (GrpcClientProtocolClient.java:onNext(255)) - client-8BD909272E8D->63cacea9-0392-4939-ad39-80c4c73dd84b: receive RaftClientReply:client-8BD909272E8D->63cacea9-0392-4939-ad39-80c4c73dd84b@group-EE6C16B6C358, cid=3141, SUCCESS, logIndex=4717, commits[63cacea9-0392-4939-ad39-80c4c73dd84b:c4718, bd7b7fea-2a7b-4c3f-852f-c014e42bfcb7:c4714, 3b4aa678-22a6-4ae2-9c6a-0e71cdb9d6d0:c4714]
2019-07-10 03:37:46,198 INFO  client.GrpcClientProtocolClient (GrpcClientProtocolClient.java:onNext(255)) - client-8BD909272E8D->63cacea9-0392-4939-ad39-80c4c73dd84b: receive RaftClientReply:client-8BD909272E8D->63cacea9-0392-4939-ad39-80c4c73dd84b@group-EE6C16B6C358, cid=3142, SUCCESS, logIndex=4718, commits[63cacea9-0392-4939-ad39-80c4c73dd84b:c4718, bd7b7fea-2a7b-4c3f-852f-c014e42bfcb7:c4714, 3b4aa678-22a6-4ae2-9c6a-0e71cdb9d6d0:c4714]
2019-07-10 03:37:46,199 INFO  client.GrpcClientProtocolClient (GrpcClientProtocolClient.java:onNext(255)) - client-8BD909272E8D->63cacea9-0392-4939-ad39-80c4c73dd84b: receive RaftClientReply:client-8BD909272E8D->63cacea9-0392-4939-ad39-80c4c73dd84b@group-EE6C16B6C358, cid=3143, SUCCESS, logIndex=0, commits[63cacea9-0392-4939-ad39-80c4c73dd84b:c4720, bd7b7fea-2a7b-4c3f-852f-c014e42bfcb7:c4716, 3b4aa678-22a6-4ae2-9c6a-0e71cdb9d6d0:c4718]
2019-07-10 03:37:46,221 INFO  client.GrpcClientProtocolClient (GrpcClientProtocolClient.java:onNext(255)) - client-8BD909272E8D->63cacea9-0392-4939-ad39-80c4c73dd84b: receive RaftClientReply:client-8BD909272E8D->63cacea9-0392-4939-ad39-80c4c73dd84b@group-EE6C16B6C358, cid=3144, SUCCESS, logIndex=4723, commits[63cacea9-0392-4939-ad39-80c4c73dd84b:c4724, bd7b7fea-2a7b-4c3f-852f-c014e42bfcb7:c4722, 3b4aa678-22a6-4ae2-9c6a-0e71cdb9d6d0:c4722]
2019-07-10 03:37:46,221 INFO  client.GrpcClientProtocolClient (GrpcClientProtocolClient.java:onNext(255)) - client-8BD909272E8D->63cacea9-0392-4939-ad39-80c4c73dd84b: receive RaftClientReply:client-8BD909272E8D->63cacea9-0392-4939-ad39-80c4c73dd84b@group-EE6C16B6C358, cid=3145, SUCCESS, logIndex=4724, commits[63cacea9-0392-4939-ad39-80c4c73dd84b:c4724, bd7b7fea-2a7b-4c3f-852f-c014e42bfcb7:c4722, 3b4aa678-22a6-4ae2-9c6a-0e71cdb9d6d0:c4722]
2019-07-10 03:37:46,237 INFO  client.GrpcClientProtocolClient (GrpcClientProtocolClient.java:onNext(255)) - client-8BD909272E8D->63cacea9-0392-4939-ad39-80c4c73dd84b: receive RaftClientReply:client-8BD909272E8D->63cacea9-0392-4939-ad39-80c4c73dd84b@group-EE6C16B6C358, cid=3146, SUCCESS, logIndex=4727, commits[63cacea9-0392-4939-ad39-80c4c73dd84b:c4728, bd7b7fea-2a7b-4c3f-852f-c014e42bfcb7:c4724, 3b4aa678-22a6-4ae2-9c6a-0e71cdb9d6d0:c4724]
2019-07-10 03:37:46,237 INFO  client.GrpcClientProtocolClient (GrpcClientProtocolClient.java:onNext(255)) - client-8BD909272E8D->63cacea9-0392-4939-ad39-80c4c73dd84b: receive RaftClientReply:client-8BD909272E8D->63cacea9-0392-4939-ad39-80c4c73dd84b@group-EE6C16B6C358, cid=3147, SUCCESS, logIndex=4728, commits[63cacea9-0392-4939-ad39-80c4c73dd84b:c4728, bd7b7fea-2a7b-4c3f-852f-c014e42bfcb7:c4724, 3b4aa678-22a6-4ae2-9c6a-0e71cdb9d6d0:c4724]
2019-07-10 03:37:46,250 INFO  client.GrpcClientProtocolClient (GrpcClientProtocolClient.java:onNext(255)) - client-8BD909272E8D->63cacea9-0392-4939-ad39-80c4c73dd84b: receive RaftClientReply:client-8BD909272E8D->63cacea9-0392-4939-ad39-80c4c73dd84b@group-EE6C16B6C358, cid=3148, SUCCESS, logIndex=0, commits[63cacea9-0392-4939-ad39-80c4c73dd84b:c4729, bd7b7fea-2a7b-4c3f-852f-c014e42bfcb7:c4728, 3b4aa678-22a6-4ae2-9c6a-0e71cdb9d6d0:c4728]
2019-07-10 03:37:46,282 INFO  client.GrpcClientProtocolClient (GrpcClientProtocolClient.java:onNext(255)) - client-8BD909272E8D->63cacea9-0392-4939-ad39-80c4c73dd84b: receive RaftClientReply:client-8BD909272E8D->63cacea9-0392-4939-ad39-80c4c73dd84b@group-EE6C16B6C358, cid=3149, SUCCESS, logIndex=4731, commits[63cacea9-0392-4939-ad39-80c4c73dd84b:c4732, bd7b7fea-2a7b-4c3f-852f-c014e42bfcb7:c4730, 3b4aa678-22a6-4ae2-9c6a-0e71cdb9d6d0:c4730]
2019-07-10 03:37:46,283 INFO  client.GrpcClientProtocolClient (GrpcClientProtocolClient.java:onNext(255)) - client-8BD909272E8D->63cacea9-0392-4939-ad39-80c4c73dd84b: receive RaftClientReply:client-8BD909272E8D->63cacea9-0392-4939-ad39-80c4c73dd84b@group-EE6C16B6C358, cid=3150, SUCCESS, logIndex=4732, commits[63cacea9-0392-4939-ad39-80c4c73dd84b:c4732, bd7b7fea-2a7b-4c3f-852f-c014e42bfcb7:c4730, 3b4aa678-22a6-4ae2-9c6a-0e71cdb9d6d0:c4730]
2019-07-10 03:37:46,293 INFO  client.GrpcClientProtocolClient (GrpcClientProtocolClient.java:onNext(255)) - client-8BD909272E8D->63cacea9-0392-4939-ad39-80c4c73dd84b: receive RaftClientReply:client-8BD909272E8D->63cacea9-0392-4939-ad39-80c4c73dd84b@group-EE6C16B6C358, cid=3151, SUCCESS, logIndex=4733, commits[63cacea9-0392-4939-ad39-80c4c73dd84b:c4734, bd7b7fea-2a7b-4c3f-852f-c014e42bfcb7:c4730, 3b4aa678-22a6-4ae2-9c6a-0e71cdb9d6d0:c4730]
2019-07-10 03:37:46,293 INFO  client.GrpcClientProtocolClient (GrpcClientProtocolClient.java:onNext(255)) - client-8BD909272E8D->63cacea9-0392-4939-ad39-80c4c73dd84b: receive RaftClientReply:client-8BD909272E8D->63cacea9-0392-4939-ad39-80c4c73dd84b@group-EE6C16B6C358, cid=3152, SUCCESS, logIndex=4734, commits[63cacea9-0392-4939-ad39-80c4c73dd84b:c4734, bd7b7fea-2a7b-4c3f-852f-c014e42bfcb7:c4730, 3b4aa678-22a6-4ae2-9c6a-0e71cdb9d6d0:c4730]
2019-07-10 03:37:46,296 INFO  client.GrpcClientProtocolClient (GrpcClientProtocolClient.java:onNext(255)) - client-8BD909272E8D->63cacea9-0392-4939-ad39-80c4c73dd84b: receive RaftClientReply:client-8BD909272E8D->63cacea9-0392-4939-ad39-80c4c73dd84b@group-EE6C16B6C358, cid=3153, SUCCESS, logIndex=0, commits[63cacea9-0392-4939-ad39-80c4c73dd84b:c4736, bd7b7fea-2a7b-4c3f-852f-c014e42bfcb7:c4732, 3b4aa678-22a6-4ae2-9c6a-0e71cdb9d6d0:c4732]
2019-07-10 03:37:46,368 INFO  client.GrpcClientProtocolClient (GrpcClientProtocolClient.java:onNext(255)) - client-8BD909272E8D->63cacea9-0392-4939-ad39-80c4c73dd84b: receive RaftClientReply:client-8BD909272E8D->63cacea9-0392-4939-ad39-80c4c73dd84b@group-EE6C16B6C358, cid=3154, SUCCESS, logIndex=4739, commits[63cacea9-0392-4939-ad39-80c4c73dd84b:c4740, bd7b7fea-2a7b-4c3f-852f-c014e42bfcb7:c4738, 3b4aa678-22a6-4ae2-9c6a-0e71cdb9d6d0:c4732]
2019-07-10 03:37:46,368 INFO  client.GrpcClientProtocolClient (GrpcClientProtocolClient.java:onNext(255)) - client-8BD909272E8D->63cacea9-0392-4939-ad39-80c4c73dd84b: receive RaftClientReply:client-8BD909272E8D->63cacea9-0392-4939-ad39-80c4c73dd84b@group-EE6C16B6C358, cid=3155, SUCCESS, logIndex=4740, commits[63cacea9-0392-4939-ad39-80c4c73dd84b:c4740, bd7b7fea-2a7b-4c3f-852f-c014e42bfcb7:c4738, 3b4aa678-22a6-4ae2-9c6a-0e71cdb9d6d0:c4732]
2019-07-10 03:37:46,370 INFO  client.GrpcClientProtocolClient (GrpcClientProtocolClient.java:onNext(255)) - client-8BD909272E8D->63cacea9-0392-4939-ad39-80c4c73dd84b: receive RaftClientReply:client-8BD909272E8D->63cacea9-0392-4939-ad39-80c4c73dd84b@group-EE6C16B6C358, cid=3156, SUCCESS, logIndex=0, commits[63cacea9-0392-4939-ad39-80c4c73dd84b:c4740, bd7b7fea-2a7b-4c3f-852f-c014e42bfcb7:c4738, 3b4aa678-22a6-4ae2-9c6a-0e71cdb9d6d0:c4738]
2019-07-10 03:37:46,385 INFO  client.GrpcClientProtocolClient (GrpcClientProtocolClient.java:onNext(255)) - client-8BD909272E8D->63cacea9-0392-4939-ad39-80c4c73dd84b: receive RaftClientReply:client-8BD909272E8D->63cacea9-0392-4939-ad39-80c4c73dd84b@group-EE6C16B6C358, cid=3157, SUCCESS, logIndex=4743, commits[63cacea9-0392-4939-ad39-80c4c73dd84b:c4744, bd7b7fea-2a7b-4c3f-852f-c014e42bfcb7:c4742, 3b4aa678-22a6-4ae2-9c6a-0e71cdb9d6d0:c4740]
2019-07-10 03:37:46,385 INFO  client.GrpcClientProtocolClient (GrpcClientProtocolClient.java:onNext(255)) - client-8BD909272E8D->63cacea9-0392-4939-ad39-80c4c73dd84b: receive RaftClientReply:client-8BD909272E8D->63cacea9-0392-4939-ad39-80c4c73dd84b@group-EE6C16B6C358, cid=3158, SUCCESS, logIndex=4744, commits[63cacea9-0392-4939-ad39-80c4c73dd84b:c4744, bd7b7fea-2a7b-4c3f-852f-c014e42bfcb7:c4742, 3b4aa678-22a6-4ae2-9c6a-0e71cdb9d6d0:c4742]
2019-07-10 03:37:46,390 INFO  client.GrpcClientProtocolClient (GrpcClientProtocolClient.java:onNext(255)) - client-8BD909272E8D->63cacea9-0392-4939-ad39-80c4c73dd84b: receive RaftClientReply:client-8BD909272E8D->63cacea9-0392-4939-ad39-80c4c73dd84b@group-EE6C16B6C358, cid=3159, SUCCESS, logIndex=0, commits[63cacea9-0392-4939-ad39-80c4c73dd84b:c4746, bd7b7fea-2a7b-4c3f-852f-c014e42bfcb7:c4744, 3b4aa678-22a6-4ae2-9c6a-0e71cdb9d6d0:c4744]
2019-07-10 03:37:46,417 INFO  client.GrpcClientProtocolClient (GrpcClientProtocolClient.java:onNext(255)) - client-8BD909272E8D->63cacea9-0392-4939-ad39-80c4c73dd84b: receive RaftClientReply:client-8BD909272E8D->63cacea9-0392-4939-ad39-80c4c73dd84b@group-EE6C16B6C358, cid=3160, SUCCESS, logIndex=4747, commits[63cacea9-0392-4939-ad39-80c4c73dd84b:c4748, bd7b7fea-2a7b-4c3f-852f-c014e42bfcb7:c4746, 3b4aa678-22a6-4ae2-9c6a-0e71cdb9d6d0:c4744]
2019-07-10 03:37:46,418 INFO  client.GrpcClientProtocolClient (GrpcClientProtocolClient.java:onNext(255)) - client-8BD909272E8D->63cacea9-0392-4939-ad39-80c4c73dd84b: receive RaftClientReply:client-8BD909272E8D->63cacea9-0392-4939-ad39-80c4c73dd84b@group-EE6C16B6C358, cid=3161, SUCCESS, logIndex=4748, commits[63cacea9-0392-4939-ad39-80c4c73dd84b:c4748, bd7b7fea-2a7b-4c3f-852f-c014e42bfcb7:c4746, 3b4aa678-22a6-4ae2-9c6a-0e71cdb9d6d0:c4744]
2019-07-10 03:37:46,423 INFO  client.GrpcClientProtocolClient (GrpcClientProtocolClient.java:onNext(255)) - client-8BD909272E8D->63cacea9-0392-4939-ad39-80c4c73dd84b: receive RaftClientReply:client-8BD909272E8D->63cacea9-0392-4939-ad39-80c4c73dd84b@group-EE6C16B6C358, cid=3162, SUCCESS, logIndex=4749, commits[63cacea9-0392-4939-ad39-80c4c73dd84b:c4750, bd7b7fea-2a7b-4c3f-852f-c014e42bfcb7:c4746, 3b4aa678-22a6-4ae2-9c6a-0e71cdb9d6d0:c4746]
2019-07-10 03:37:46,423 INFO  client.GrpcClientProtocolClient (GrpcClientProtocolClient.java:onNext(255)) - client-8BD909272E8D->63cacea9-0392-4939-ad39-80c4c73dd84b: receive RaftClientReply:client-8BD909272E8D->63cacea9-0392-4939-ad39-80c4c73dd84b@group-EE6C16B6C358, cid=3163, SUCCESS, logIndex=4750, commits[63cacea9-0392-4939-ad39-80c4c73dd84b:c4752, bd7b7fea-2a7b-4c3f-852f-c014e42bfcb7:c4748, 3b4aa678-22a6-4ae2-9c6a-0e71cdb9d6d0:c4748]
2019-07-10 03:37:46,445 INFO  client.GrpcClientProtocolClient (GrpcClientProtocolClient.java:onNext(255)) - client-8BD909272E8D->63cacea9-0392-4939-ad39-80c4c73dd84b: receive RaftClientReply:client-8BD909272E8D->63cacea9-0392-4939-ad39-80c4c73dd84b@group-EE6C16B6C358, cid=3164, SUCCESS, logIndex=4755, commits[63cacea9-0392-4939-ad39-80c4c73dd84b:c4756, bd7b7fea-2a7b-4c3f-852f-c014e42bfcb7:c4752, 3b4aa678-22a6-4ae2-9c6a-0e71cdb9d6d0:c4750]
2019-07-10 03:37:46,445 INFO  client.GrpcClientProtocolClient (GrpcClientProtocolClient.java:onNext(255)) - client-8BD909272E8D->63cacea9-0392-4939-ad39-80c4c73dd84b: receive RaftClientReply:client-8BD909272E8D->63cacea9-0392-4939-ad39-80c4c73dd84b@group-EE6C16B6C358, cid=3165, SUCCESS, logIndex=4756, commits[63cacea9-0392-4939-ad39-80c4c73dd84b:c4756, bd7b7fea-2a7b-4c3f-852f-c014e42bfcb7:c4752, 3b4aa678-22a6-4ae2-9c6a-0e71cdb9d6d0:c4750]
2019-07-10 03:37:46,459 INFO  client.GrpcClientProtocolClient (GrpcClientProtocolClient.java:onNext(255)) - client-8BD909272E8D->63cacea9-0392-4939-ad39-80c4c73dd84b: receive RaftClientReply:client-8BD909272E8D->63cacea9-0392-4939-ad39-80c4c73dd84b@group-EE6C16B6C358, cid=3166, SUCCESS, logIndex=4759, commits[63cacea9-0392-4939-ad39-80c4c73dd84b:c4760, bd7b7fea-2a7b-4c3f-852f-c014e42bfcb7:c4756, 3b4aa678-22a6-4ae2-9c6a-0e71cdb9d6d0:c4756]
2019-07-10 03:37:46,460 INFO  client.GrpcClientProtocolClient (GrpcClientProtocolClient.java:onNext(255)) - client-8BD909272E8D->63cacea9-0392-4939-ad39-80c4c73dd84b: receive RaftClientReply:client-8BD909272E8D->63cacea9-0392-4939-ad39-80c4c73dd84b@group-EE6C16B6C358, cid=3167, SUCCESS, logIndex=4760, commits[63cacea9-0392-4939-ad39-80c4c73dd84b:c4760, bd7b7fea-2a7b-4c3f-852f-c014e42bfcb7:c4756, 3b4aa678-22a6-4ae2-9c6a-0e71cdb9d6d0:c4756]
2019-07-10 03:37:46,462 INFO  client.GrpcClientProtocolClient (GrpcClientProtocolClient.java:onNext(255)) - client-8BD909272E8D->63cacea9-0392-4939-ad39-80c4c73dd84b: receive RaftClientReply:client-8BD909272E8D->63cacea9-0392-4939-ad39-80c4c73dd84b@group-EE6C16B6C358, cid=3168, SUCCESS, logIndex=0, commits[63cacea9-0392-4939-ad39-80c4c73dd84b:c4761, bd7b7fea-2a7b-4c3f-852f-c014e42bfcb7:c4760, 3b4aa678-22a6-4ae2-9c6a-0e71cdb9d6d0:c4760]
2019-07-10 03:37:46,500 INFO  client.GrpcClientProtocolClient (GrpcClientProtocolClient.java:onNext(255)) - client-8BD909272E8D->63cacea9-0392-4939-ad39-80c4c73dd84b: receive RaftClientReply:client-8BD909272E8D->63cacea9-0392-4939-ad39-80c4c73dd84b@group-EE6C16B6C358, cid=3169, SUCCESS, logIndex=4763, commits[63cacea9-0392-4939-ad39-80c4c73dd84b:c4764, bd7b7fea-2a7b-4c3f-852f-c014e42bfcb7:c4760, 3b4aa678-22a6-4ae2-9c6a-0e71cdb9d6d0:c4762]
2019-07-10 03:37:46,501 INFO  client.GrpcClientProtocolClient (GrpcClientProtocolClient.java:onNext(255)) - client-8BD909272E8D->63cacea9-0392-4939-ad39-80c4c73dd84b: receive RaftClientReply:client-8BD909272E8D->63cacea9-0392-4939-ad39-80c4c73dd84b@group-EE6C16B6C358, cid=3170, SUCCESS, logIndex=4764, commits[63cacea9-0392-4939-ad39-80c4c73dd84b:c4764, bd7b7fea-2a7b-4c3f-852f-c014e42bfcb7:c4760, 3b4aa678-22a6-4ae2-9c6a-0e71cdb9d6d0:c4762]
2019-07-10 03:37:46,511 INFO  client.GrpcClientProtocolClient (GrpcClientProtocolClient.java:onNext(255)) - client-8BD909272E8D->63cacea9-0392-4939-ad39-80c4c73dd84b: receive RaftClientReply:client-8BD909272E8D->63cacea9-0392-4939-ad39-80c4c73dd84b@group-EE6C16B6C358, cid=3171, SUCCESS, logIndex=4765, commits[63cacea9-0392-4939-ad39-80c4c73dd84b:c4766, bd7b7fea-2a7b-4c3f-852f-c014e42bfcb7:c4762, 3b4aa678-22a6-4ae2-9c6a-0e71cdb9d6d0:c4762]
2019-07-10 03:37:46,512 INFO  client.GrpcClientProtocolClient (GrpcClientProtocolClient.java:onNext(255)) - client-8BD909272E8D->63cacea9-0392-4939-ad39-80c4c73dd84b: receive RaftClientReply:client-8BD909272E8D->63cacea9-0392-4939-ad39-80c4c73dd84b@group-EE6C16B6C358, cid=3172, SUCCESS, logIndex=4766, commits[63cacea9-0392-4939-ad39-80c4c73dd84b:c4766, bd7b7fea-2a7b-4c3f-852f-c014e42bfcb7:c4762, 3b4aa678-22a6-4ae2-9c6a-0e71cdb9d6d0:c4762]
2019-07-10 03:37:46,513 INFO  client.GrpcClientProtocolClient (GrpcClientProtocolClient.java:onNext(255)) - client-8BD909272E8D->63cacea9-0392-4939-ad39-80c4c73dd84b: receive RaftClientReply:client-8BD909272E8D->63cacea9-0392-4939-ad39-80c4c73dd84b@group-EE6C16B6C358, cid=3173, SUCCESS, logIndex=0, commits[63cacea9-0392-4939-ad39-80c4c73dd84b:c4768, bd7b7fea-2a7b-4c3f-852f-c014e42bfcb7:c4764, 3b4aa678-22a6-4ae2-9c6a-0e71cdb9d6d0:c4764]
2019-07-10 03:37:46,526 INFO  client.GrpcClientProtocolClient (GrpcClientProtocolClient.java:onNext(255)) - client-8BD909272E8D->63cacea9-0392-4939-ad39-80c4c73dd84b: receive RaftClientReply:client-8BD909272E8D->63cacea9-0392-4939-ad39-80c4c73dd84b@group-EE6C16B6C358, cid=3174, SUCCESS, logIndex=4771, commits[63cacea9-0392-4939-ad39-80c4c73dd84b:c4772, bd7b7fea-2a7b-4c3f-852f-c014e42bfcb7:c4768, 3b4aa678-22a6-4ae2-9c6a-0e71cdb9d6d0:c4766]
2019-07-10 03:37:46,526 INFO  client.GrpcClientProtocolClient (GrpcClientProtocolClient.java:onNext(255)) - client-8BD909272E8D->63cacea9-0392-4939-ad39-80c4c73dd84b: receive RaftClientReply:client-8BD909272E8D->63cacea9-0392-4939-ad39-80c4c73dd84b@group-EE6C16B6C358, cid=3175, SUCCESS, logIndex=4772, commits[63cacea9-0392-4939-ad39-80c4c73dd84b:c4772, bd7b7fea-2a7b-4c3f-852f-c014e42bfcb7:c4768, 3b4aa678-22a6-4ae2-9c6a-0e71cdb9d6d0:c4766]
2019-07-10 03:37:46,609 INFO  client.GrpcClientProtocolClient (GrpcClientProtocolClient.java:onNext(255)) - client-8BD909272E8D->63cacea9-0392-4939-ad39-80c4c73dd84b: receive RaftClientReply:client-8BD909272E8D->63cacea9-0392-4939-ad39-80c4c73dd84b@group-EE6C16B6C358, cid=3176, SUCCESS, logIndex=4775, commits[63cacea9-0392-4939-ad39-80c4c73dd84b:c4776, bd7b7fea-2a7b-4c3f-852f-c014e42bfcb7:c4772, 3b4aa678-22a6-4ae2-9c6a-0e71cdb9d6d0:c4772]
2019-07-10 03:37:46,610 INFO  client.GrpcClientProtocolClient (GrpcClientProtocolClient.java:onNext(255)) - client-8BD909272E8D->63cacea9-0392-4939-ad39-80c4c73dd84b: receive RaftClientReply:client-8BD909272E8D->63cacea9-0392-4939-ad39-80c4c73dd84b@group-EE6C16B6C358, cid=3177, SUCCESS, logIndex=4776, commits[63cacea9-0392-4939-ad39-80c4c73dd84b:c4776, bd7b7fea-2a7b-4c3f-852f-c014e42bfcb7:c4772, 3b4aa678-22a6-4ae2-9c6a-0e71cdb9d6d0:c4772]
2019-07-10 03:37:46,614 INFO  client.GrpcClientProtocolClient (GrpcClientProtocolClient.java:onNext(255)) - client-8BD909272E8D->63cacea9-0392-4939-ad39-80c4c73dd84b: receive RaftClientReply:client-8BD909272E8D->63cacea9-0392-4939-ad39-80c4c73dd84b@group-EE6C16B6C358, cid=3178, SUCCESS, logIndex=0, commits[63cacea9-0392-4939-ad39-80c4c73dd84b:c4778, bd7b7fea-2a7b-4c3f-852f-c014e42bfcb7:c4776, 3b4aa678-22a6-4ae2-9c6a-0e71cdb9d6d0:c4776]
2019-07-10 03:37:46,643 INFO  client.GrpcClientProtocolClient (GrpcClientProtocolClient.java:onNext(255)) - client-8BD909272E8D->63cacea9-0392-4939-ad39-80c4c73dd84b: receive RaftClientReply:client-8BD909272E8D->63cacea9-0392-4939-ad39-80c4c73dd84b@group-EE6C16B6C358, cid=3179, SUCCESS, logIndex=4779, commits[63cacea9-0392-4939-ad39-80c4c73dd84b:c4780, bd7b7fea-2a7b-4c3f-852f-c014e42bfcb7:c4778, 3b4aa678-22a6-4ae2-9c6a-0e71cdb9d6d0:c4778]
2019-07-10 03:37:46,644 INFO  client.GrpcClientProtocolClient (GrpcClientProtocolClient.java:onNext(255)) - client-8BD909272E8D->63cacea9-0392-4939-ad39-80c4c73dd84b: receive RaftClientReply:client-8BD909272E8D->63cacea9-0392-4939-ad39-80c4c73dd84b@group-EE6C16B6C358, cid=3180, SUCCESS, logIndex=4780, commits[63cacea9-0392-4939-ad39-80c4c73dd84b:c4780, bd7b7fea-2a7b-4c3f-852f-c014e42bfcb7:c4778, 3b4aa678-22a6-4ae2-9c6a-0e71cdb9d6d0:c4778]
2019-07-10 03:37:46,647 INFO  client.GrpcClientProtocolClient (GrpcClientProtocolClient.java:onNext(255)) - client-8BD909272E8D->63cacea9-0392-4939-ad39-80c4c73dd84b: receive RaftClientReply:client-8BD909272E8D->63cacea9-0392-4939-ad39-80c4c73dd84b@group-EE6C16B6C358, cid=3181, SUCCESS, logIndex=4781, commits[63cacea9-0392-4939-ad39-80c4c73dd84b:c4782, bd7b7fea-2a7b-4c3f-852f-c014e42bfcb7:c4778, 3b4aa678-22a6-4ae2-9c6a-0e71cdb9d6d0:c4778]
2019-07-10 03:37:46,647 INFO  client.GrpcClientProtocolClient (GrpcClientProtocolClient.java:onNext(255)) - client-8BD909272E8D->63cacea9-0392-4939-ad39-80c4c73dd84b: receive RaftClientReply:client-8BD909272E8D->63cacea9-0392-4939-ad39-80c4c73dd84b@group-EE6C16B6C358, cid=3182, SUCCESS, logIndex=4782, commits[63cacea9-0392-4939-ad39-80c4c73dd84b:c4784, bd7b7fea-2a7b-4c3f-852f-c014e42bfcb7:c4780, 3b4aa678-22a6-4ae2-9c6a-0e71cdb9d6d0:c4780]
2019-07-10 03:37:46,662 INFO  client.GrpcClientProtocolClient (GrpcClientProtocolClient.java:onNext(255)) - client-8BD909272E8D->63cacea9-0392-4939-ad39-80c4c73dd84b: receive RaftClientReply:client-8BD909272E8D->63cacea9-0392-4939-ad39-80c4c73dd84b@group-EE6C16B6C358, cid=3183, SUCCESS, logIndex=4787, commits[63cacea9-0392-4939-ad39-80c4c73dd84b:c4788, bd7b7fea-2a7b-4c3f-852f-c014e42bfcb7:c4786, 3b4aa678-22a6-4ae2-9c6a-0e71cdb9d6d0:c4786]
2019-07-10 03:37:46,662 INFO  client.GrpcClientProtocolClient (GrpcClientProtocolClient.java:onNext(255)) - client-8BD909272E8D->63cacea9-0392-4939-ad39-80c4c73dd84b: receive RaftClientReply:client-8BD909272E8D->63cacea9-0392-4939-ad39-80c4c73dd84b@group-EE6C16B6C358, cid=3184, SUCCESS, logIndex=4788, commits[63cacea9-0392-4939-ad39-80c4c73dd84b:c4788, bd7b7fea-2a7b-4c3f-852f-c014e42bfcb7:c4786, 3b4aa678-22a6-4ae2-9c6a-0e71cdb9d6d0:c4786]
2019-07-10 03:37:46,694 INFO  client.GrpcClientProtocolClient (GrpcClientProtocolClient.java:onNext(255)) - client-8BD909272E8D->63cacea9-0392-4939-ad39-80c4c73dd84b: receive RaftClientReply:client-8BD909272E8D->63cacea9-0392-4939-ad39-80c4c73dd84b@group-EE6C16B6C358, cid=3185, SUCCESS, logIndex=4791, commits[63cacea9-0392-4939-ad39-80c4c73dd84b:c4792, bd7b7fea-2a7b-4c3f-852f-c014e42bfcb7:c4790, 3b4aa678-22a6-4ae2-9c6a-0e71cdb9d6d0:c4790]
2019-07-10 03:37:46,694 INFO  client.GrpcClientProtocolClient (GrpcClientProtocolClient.java:onNext(255)) - client-8BD909272E8D->63cacea9-0392-4939-ad39-80c4c73dd84b: receive RaftClientReply:client-8BD909272E8D->63cacea9-0392-4939-ad39-80c4c73dd84b@group-EE6C16B6C358, cid=3186, SUCCESS, logIndex=4792, commits[63cacea9-0392-4939-ad39-80c4c73dd84b:c4792, bd7b7fea-2a7b-4c3f-852f-c014e42bfcb7:c4790, 3b4aa678-22a6-4ae2-9c6a-0e71cdb9d6d0:c4790]
2019-07-10 03:37:46,706 INFO  client.GrpcClientProtocolClient (GrpcClientProtocolClient.java:onNext(255)) - client-8BD909272E8D->63cacea9-0392-4939-ad39-80c4c73dd84b: receive RaftClientReply:client-8BD909272E8D->63cacea9-0392-4939-ad39-80c4c73dd84b@group-EE6C16B6C358, cid=3187, SUCCESS, logIndex=0, commits[63cacea9-0392-4939-ad39-80c4c73dd84b:c4793, bd7b7fea-2a7b-4c3f-852f-c014e42bfcb7:c4792, 3b4aa678-22a6-4ae2-9c6a-0e71cdb9d6d0:c4792]
2019-07-10 03:37:46,741 INFO  client.GrpcClientProtocolClient (GrpcClientProtocolClient.java:onNext(255)) - client-8BD909272E8D->63cacea9-0392-4939-ad39-80c4c73dd84b: receive RaftClientReply:client-8BD909272E8D->63cacea9-0392-4939-ad39-80c4c73dd84b@group-EE6C16B6C358, cid=3188, SUCCESS, logIndex=4795, commits[63cacea9-0392-4939-ad39-80c4c73dd84b:c4797, bd7b7fea-2a7b-4c3f-852f-c014e42bfcb7:c4792, 3b4aa678-22a6-4ae2-9c6a-0e71cdb9d6d0:c4794]
2019-07-10 03:37:46,741 INFO  client.GrpcClientProtocolClient (GrpcClientProtocolClient.java:onNext(255)) - client-8BD909272E8D->63cacea9-0392-4939-ad39-80c4c73dd84b: receive RaftClientReply:client-8BD909272E8D->63cacea9-0392-4939-ad39-80c4c73dd84b@group-EE6C16B6C358, cid=3189, SUCCESS, logIndex=4796, commits[63cacea9-0392-4939-ad39-80c4c73dd84b:c4798, bd7b7fea-2a7b-4c3f-852f-c014e42bfcb7:c4794, 3b4aa678-22a6-4ae2-9c6a-0e71cdb9d6d0:c4794]
2019-07-10 03:37:46,742 INFO  client.GrpcClientProtocolClient (GrpcClientProtocolClient.java:onNext(255)) - client-8BD909272E8D->63cacea9-0392-4939-ad39-80c4c73dd84b: receive RaftClientReply:client-8BD909272E8D->63cacea9-0392-4939-ad39-80c4c73dd84b@group-EE6C16B6C358, cid=3190, SUCCESS, logIndex=4797, commits[63cacea9-0392-4939-ad39-80c4c73dd84b:c4798, bd7b7fea-2a7b-4c3f-852f-c014e42bfcb7:c4794, 3b4aa678-22a6-4ae2-9c6a-0e71cdb9d6d0:c4794]
2019-07-10 03:37:46,742 INFO  client.GrpcClientProtocolClient (GrpcClientProtocolClient.java:onNext(255)) - client-8BD909272E8D->63cacea9-0392-4939-ad39-80c4c73dd84b: receive RaftClientReply:client-8BD909272E8D->63cacea9-0392-4939-ad39-80c4c73dd84b@group-EE6C16B6C358, cid=3191, SUCCESS, logIndex=4798, commits[63cacea9-0392-4939-ad39-80c4c73dd84b:c4798, bd7b7fea-2a7b-4c3f-852f-c014e42bfcb7:c4794, 3b4aa678-22a6-4ae2-9c6a-0e71cdb9d6d0:c4794]
2019-07-10 03:37:46,755 INFO  client.GrpcClientProtocolClient (GrpcClientProtocolClient.java:onNext(255)) - client-8BD909272E8D->63cacea9-0392-4939-ad39-80c4c73dd84b: receive RaftClientReply:client-8BD909272E8D->63cacea9-0392-4939-ad39-80c4c73dd84b@group-EE6C16B6C358, cid=3192, SUCCESS, logIndex=0, commits[63cacea9-0392-4939-ad39-80c4c73dd84b:c4802, bd7b7fea-2a7b-4c3f-852f-c014e42bfcb7:c4797, 3b4aa678-22a6-4ae2-9c6a-0e71cdb9d6d0:c4798]
2019-07-10 03:37:46,776 INFO  client.GrpcClientProtocolClient (GrpcClientProtocolClient.java:onNext(255)) - client-8BD909272E8D->63cacea9-0392-4939-ad39-80c4c73dd84b: receive RaftClientReply:client-8BD909272E8D->63cacea9-0392-4939-ad39-80c4c73dd84b@group-EE6C16B6C358, cid=3193, SUCCESS, logIndex=4803, commits[63cacea9-0392-4939-ad39-80c4c73dd84b:c4803, bd7b7fea-2a7b-4c3f-852f-c014e42bfcb7:c4802, 3b4aa678-22a6-4ae2-9c6a-0e71cdb9d6d0:c4802]
2019-07-10 03:37:46,776 INFO  client.GrpcClientProtocolClient (GrpcClientProtocolClient.java:onNext(255)) - client-8BD909272E8D->63cacea9-0392-4939-ad39-80c4c73dd84b: receive RaftClientReply:client-8BD909272E8D->63cacea9-0392-4939-ad39-80c4c73dd84b@group-EE6C16B6C358, cid=3194, SUCCESS, logIndex=4804, commits[63cacea9-0392-4939-ad39-80c4c73dd84b:c4804, bd7b7fea-2a7b-4c3f-852f-c014e42bfcb7:c4802, 3b4aa678-22a6-4ae2-9c6a-0e71cdb9d6d0:c4802]
2019-07-10 03:37:46,791 INFO  client.GrpcClientProtocolClient (GrpcClientProtocolClient.java:onNext(255)) - client-8BD909272E8D->63cacea9-0392-4939-ad39-80c4c73dd84b: receive RaftClientReply:client-8BD909272E8D->63cacea9-0392-4939-ad39-80c4c73dd84b@group-EE6C16B6C358, cid=3195, SUCCESS, logIndex=4807, commits[63cacea9-0392-4939-ad39-80c4c73dd84b:c4808, bd7b7fea-2a7b-4c3f-852f-c014e42bfcb7:c4804, 3b4aa678-22a6-4ae2-9c6a-0e71cdb9d6d0:c4804]
2019-07-10 03:37:46,791 INFO  client.GrpcClientProtocolClient (GrpcClientProtocolClient.java:onNext(255)) - client-8BD909272E8D->63cacea9-0392-4939-ad39-80c4c73dd84b: receive RaftClientReply:client-8BD909272E8D->63cacea9-0392-4939-ad39-80c4c73dd84b@group-EE6C16B6C358, cid=3196, SUCCESS, logIndex=4808, commits[63cacea9-0392-4939-ad39-80c4c73dd84b:c4808, bd7b7fea-2a7b-4c3f-852f-c014e42bfcb7:c4804, 3b4aa678-22a6-4ae2-9c6a-0e71cdb9d6d0:c4804]
2019-07-10 03:37:46,804 INFO  client.GrpcClientProtocolClient (GrpcClientProtocolClient.java:onNext(255)) - client-8BD909272E8D->63cacea9-0392-4939-ad39-80c4c73dd84b: receive RaftClientReply:client-8BD909272E8D->63cacea9-0392-4939-ad39-80c4c73dd84b@group-EE6C16B6C358, cid=3197, SUCCESS, logIndex=0, commits[63cacea9-0392-4939-ad39-80c4c73dd84b:c4809, bd7b7fea-2a7b-4c3f-852f-c014e42bfcb7:c4808, 3b4aa678-22a6-4ae2-9c6a-0e71cdb9d6d0:c4808]
2019-07-10 03:37:47,352 WARN  util.JavaUtils (JavaUtils.java:sleep(250)) - Unexpected long sleep: sleep(1184ms) actually took 1517ms which is over the threshold 300ms
2019-07-10 03:37:47,352 WARN  util.JavaUtils (JavaUtils.java:sleep(250)) - Unexpected long sleep: sleep(1027ms) actually took 1462ms which is over the threshold 300ms
 0.00% |█                                                                                                    |  0/1 Time: 0:00:292019-07-10 03:37:47,391 INFO  client.GrpcClientProtocolClient (GrpcClientProtocolClient.java:onNext(255)) - client-8BD909272E8D->63cacea9-0392-4939-ad39-80c4c73dd84b: receive RaftClientReply:client-8BD909272E8D->63cacea9-0392-4939-ad39-80c4c73dd84b@group-EE6C16B6C358, cid=3198, SUCCESS, logIndex=4811, commits[63cacea9-0392-4939-ad39-80c4c73dd84b:c4813, bd7b7fea-2a7b-4c3f-852f-c014e42bfcb7:c4810, 3b4aa678-22a6-4ae2-9c6a-0e71cdb9d6d0:c4810]
2019-07-10 03:37:47,392 INFO  client.GrpcClientProtocolClient (GrpcClientProtocolClient.java:onNext(255)) - client-8BD909272E8D->63cacea9-0392-4939-ad39-80c4c73dd84b: receive RaftClientReply:client-8BD909272E8D->63cacea9-0392-4939-ad39-80c4c73dd84b@group-EE6C16B6C358, cid=3199, SUCCESS, logIndex=4812, commits[63cacea9-0392-4939-ad39-80c4c73dd84b:c4814, bd7b7fea-2a7b-4c3f-852f-c014e42bfcb7:c4810, 3b4aa678-22a6-4ae2-9c6a-0e71cdb9d6d0:c4810]
2019-07-10 03:37:47,392 INFO  client.GrpcClientProtocolClient (GrpcClientProtocolClient.java:onNext(255)) - client-8BD909272E8D->63cacea9-0392-4939-ad39-80c4c73dd84b: receive RaftClientReply:client-8BD909272E8D->63cacea9-0392-4939-ad39-80c4c73dd84b@group-EE6C16B6C358, cid=3200, SUCCESS, logIndex=4813, commits[63cacea9-0392-4939-ad39-80c4c73dd84b:c4814, bd7b7fea-2a7b-4c3f-852f-c014e42bfcb7:c4810, 3b4aa678-22a6-4ae2-9c6a-0e71cdb9d6d0:c4810]
2019-07-10 03:37:47,392 INFO  client.GrpcClientProtocolClient (GrpcClientProtocolClient.java:onNext(255)) - client-8BD909272E8D->63cacea9-0392-4939-ad39-80c4c73dd84b: receive RaftClientReply:client-8BD909272E8D->63cacea9-0392-4939-ad39-80c4c73dd84b@group-EE6C16B6C358, cid=3201, SUCCESS, logIndex=4814, commits[63cacea9-0392-4939-ad39-80c4c73dd84b:c4814, bd7b7fea-2a7b-4c3f-852f-c014e42bfcb7:c4810, 3b4aa678-22a6-4ae2-9c6a-0e71cdb9d6d0:c4810]
2019-07-10 03:37:47,405 INFO  client.GrpcClientProtocolClient (GrpcClientProtocolClient.java:onNext(255)) - client-8BD909272E8D->63cacea9-0392-4939-ad39-80c4c73dd84b: receive RaftClientReply:client-8BD909272E8D->63cacea9-0392-4939-ad39-80c4c73dd84b@group-EE6C16B6C358, cid=3202, SUCCESS, logIndex=0, commits[63cacea9-0392-4939-ad39-80c4c73dd84b:c4816, bd7b7fea-2a7b-4c3f-852f-c014e42bfcb7:c4812, 3b4aa678-22a6-4ae2-9c6a-0e71cdb9d6d0:c4812]
2019-07-10 03:37:47,427 INFO  client.GrpcClientProtocolClient (GrpcClientProtocolClient.java:onNext(255)) - client-8BD909272E8D->63cacea9-0392-4939-ad39-80c4c73dd84b: receive RaftClientReply:client-8BD909272E8D->63cacea9-0392-4939-ad39-80c4c73dd84b@group-EE6C16B6C358, cid=3203, SUCCESS, logIndex=4819, commits[63cacea9-0392-4939-ad39-80c4c73dd84b:c4820, bd7b7fea-2a7b-4c3f-852f-c014e42bfcb7:c4818, 3b4aa678-22a6-4ae2-9c6a-0e71cdb9d6d0:c4818]
2019-07-10 03:37:47,428 INFO  client.GrpcClientProtocolClient (GrpcClientProtocolClient.java:onNext(255)) - client-8BD909272E8D->63cacea9-0392-4939-ad39-80c4c73dd84b: receive RaftClientReply:client-8BD909272E8D->63cacea9-0392-4939-ad39-80c4c73dd84b@group-EE6C16B6C358, cid=3204, SUCCESS, logIndex=4820, commits[63cacea9-0392-4939-ad39-80c4c73dd84b:c4820, bd7b7fea-2a7b-4c3f-852f-c014e42bfcb7:c4818, 3b4aa678-22a6-4ae2-9c6a-0e71cdb9d6d0:c4818]
2019-07-10 03:37:47,454 INFO  client.GrpcClientProtocolClient (GrpcClientProtocolClient.java:onNext(255)) - client-8BD909272E8D->63cacea9-0392-4939-ad39-80c4c73dd84b: receive RaftClientReply:client-8BD909272E8D->63cacea9-0392-4939-ad39-80c4c73dd84b@group-EE6C16B6C358, cid=3205, SUCCESS, logIndex=4823, commits[63cacea9-0392-4939-ad39-80c4c73dd84b:c4823, bd7b7fea-2a7b-4c3f-852f-c014e42bfcb7:c4820, 3b4aa678-22a6-4ae2-9c6a-0e71cdb9d6d0:c4820]
2019-07-10 03:37:47,455 INFO  client.GrpcClientProtocolClient (GrpcClientProtocolClient.java:onNext(255)) - client-8BD909272E8D->63cacea9-0392-4939-ad39-80c4c73dd84b: receive RaftClientReply:client-8BD909272E8D->63cacea9-0392-4939-ad39-80c4c73dd84b@group-EE6C16B6C358, cid=3206, SUCCESS, logIndex=4824, commits[63cacea9-0392-4939-ad39-80c4c73dd84b:c4824, bd7b7fea-2a7b-4c3f-852f-c014e42bfcb7:c4820, 3b4aa678-22a6-4ae2-9c6a-0e71cdb9d6d0:c4820]
2019-07-10 03:37:47,480 INFO  client.GrpcClientProtocolClient (GrpcClientProtocolClient.java:onNext(255)) - client-8BD909272E8D->63cacea9-0392-4939-ad39-80c4c73dd84b: receive RaftClientReply:client-8BD909272E8D->63cacea9-0392-4939-ad39-80c4c73dd84b@group-EE6C16B6C358, cid=3207, SUCCESS, logIndex=0, commits[63cacea9-0392-4939-ad39-80c4c73dd84b:c4826, bd7b7fea-2a7b-4c3f-852f-c014e42bfcb7:c4824, 3b4aa678-22a6-4ae2-9c6a-0e71cdb9d6d0:c4824]
2019-07-10 03:37:47,514 INFO  client.GrpcClientProtocolClient (GrpcClientProtocolClient.java:onNext(255)) - client-8BD909272E8D->63cacea9-0392-4939-ad39-80c4c73dd84b: receive RaftClientReply:client-8BD909272E8D->63cacea9-0392-4939-ad39-80c4c73dd84b@group-EE6C16B6C358, cid=3208, SUCCESS, logIndex=4827, commits[63cacea9-0392-4939-ad39-80c4c73dd84b:c4828, bd7b7fea-2a7b-4c3f-852f-c014e42bfcb7:c4826, 3b4aa678-22a6-4ae2-9c6a-0e71cdb9d6d0:c4826]
2019-07-10 03:37:47,515 INFO  client.GrpcClientProtocolClient (GrpcClientProtocolClient.java:onNext(255)) - client-8BD909272E8D->63cacea9-0392-4939-ad39-80c4c73dd84b: receive RaftClientReply:client-8BD909272E8D->63cacea9-0392-4939-ad39-80c4c73dd84b@group-EE6C16B6C358, cid=3209, SUCCESS, logIndex=4828, commits[63cacea9-0392-4939-ad39-80c4c73dd84b:c4828, bd7b7fea-2a7b-4c3f-852f-c014e42bfcb7:c4826, 3b4aa678-22a6-4ae2-9c6a-0e71cdb9d6d0:c4826]
2019-07-10 03:37:47,527 INFO  client.GrpcClientProtocolClient (GrpcClientProtocolClient.java:onNext(255)) - client-8BD909272E8D->63cacea9-0392-4939-ad39-80c4c73dd84b: receive RaftClientReply:client-8BD909272E8D->63cacea9-0392-4939-ad39-80c4c73dd84b@group-EE6C16B6C358, cid=3210, SUCCESS, logIndex=4829, commits[63cacea9-0392-4939-ad39-80c4c73dd84b:c4830, bd7b7fea-2a7b-4c3f-852f-c014e42bfcb7:c4826, 3b4aa678-22a6-4ae2-9c6a-0e71cdb9d6d0:c4826]
2019-07-10 03:37:47,528 INFO  client.GrpcClientProtocolClient (GrpcClientProtocolClient.java:onNext(255)) - client-8BD909272E8D->63cacea9-0392-4939-ad39-80c4c73dd84b: receive RaftClientReply:client-8BD909272E8D->63cacea9-0392-4939-ad39-80c4c73dd84b@group-EE6C16B6C358, cid=3211, SUCCESS, logIndex=4830, commits[63cacea9-0392-4939-ad39-80c4c73dd84b:c4830, bd7b7fea-2a7b-4c3f-852f-c014e42bfcb7:c4826, 3b4aa678-22a6-4ae2-9c6a-0e71cdb9d6d0:c4826]
2019-07-10 03:37:47,547 INFO  client.GrpcClientProtocolClient (GrpcClientProtocolClient.java:onNext(255)) - client-8BD909272E8D->63cacea9-0392-4939-ad39-80c4c73dd84b: receive RaftClientReply:client-8BD909272E8D->63cacea9-0392-4939-ad39-80c4c73dd84b@group-EE6C16B6C358, cid=3212, SUCCESS, logIndex=0, commits[63cacea9-0392-4939-ad39-80c4c73dd84b:c4832, bd7b7fea-2a7b-4c3f-852f-c014e42bfcb7:c4828, 3b4aa678-22a6-4ae2-9c6a-0e71cdb9d6d0:c4828]
2019-07-10 03:37:47,569 INFO  client.GrpcClientProtocolClient (GrpcClientProtocolClient.java:onNext(255)) - client-8BD909272E8D->63cacea9-0392-4939-ad39-80c4c73dd84b: receive RaftClientReply:client-8BD909272E8D->63cacea9-0392-4939-ad39-80c4c73dd84b@group-EE6C16B6C358, cid=3213, SUCCESS, logIndex=4835, commits[63cacea9-0392-4939-ad39-80c4c73dd84b:c4836, bd7b7fea-2a7b-4c3f-852f-c014e42bfcb7:c4834, 3b4aa678-22a6-4ae2-9c6a-0e71cdb9d6d0:c4834]
2019-07-10 03:37:47,570 INFO  client.GrpcClientProtocolClient (GrpcClientProtocolClient.java:onNext(255)) - client-8BD909272E8D->63cacea9-0392-4939-ad39-80c4c73dd84b: receive RaftClientReply:client-8BD909272E8D->63cacea9-0392-4939-ad39-80c4c73dd84b@group-EE6C16B6C358, cid=3214, SUCCESS, logIndex=4836, commits[63cacea9-0392-4939-ad39-80c4c73dd84b:c4836, bd7b7fea-2a7b-4c3f-852f-c014e42bfcb7:c4834, 3b4aa678-22a6-4ae2-9c6a-0e71cdb9d6d0:c4834]
2019-07-10 03:37:47,587 INFO  client.GrpcClientProtocolClient (GrpcClientProtocolClient.java:onNext(255)) - client-8BD909272E8D->63cacea9-0392-4939-ad39-80c4c73dd84b: receive RaftClientReply:client-8BD909272E8D->63cacea9-0392-4939-ad39-80c4c73dd84b@group-EE6C16B6C358, cid=3215, SUCCESS, logIndex=4839, commits[63cacea9-0392-4939-ad39-80c4c73dd84b:c4839, bd7b7fea-2a7b-4c3f-852f-c014e42bfcb7:c4836, 3b4aa678-22a6-4ae2-9c6a-0e71cdb9d6d0:c4836]
2019-07-10 03:37:47,587 INFO  client.GrpcClientProtocolClient (GrpcClientProtocolClient.java:onNext(255)) - client-8BD909272E8D->63cacea9-0392-4939-ad39-80c4c73dd84b: receive RaftClientReply:client-8BD909272E8D->63cacea9-0392-4939-ad39-80c4c73dd84b@group-EE6C16B6C358, cid=3216, SUCCESS, logIndex=4840, commits[63cacea9-0392-4939-ad39-80c4c73dd84b:c4840, bd7b7fea-2a7b-4c3f-852f-c014e42bfcb7:c4836, 3b4aa678-22a6-4ae2-9c6a-0e71cdb9d6d0:c4836]
2019-07-10 03:37:47,593 INFO  client.GrpcClientProtocolClient (GrpcClientProtocolClient.java:onNext(255)) - client-8BD909272E8D->63cacea9-0392-4939-ad39-80c4c73dd84b: receive RaftClientReply:client-8BD909272E8D->63cacea9-0392-4939-ad39-80c4c73dd84b@group-EE6C16B6C358, cid=3217, SUCCESS, logIndex=0, commits[63cacea9-0392-4939-ad39-80c4c73dd84b:c4842, bd7b7fea-2a7b-4c3f-852f-c014e42bfcb7:c4840, 3b4aa678-22a6-4ae2-9c6a-0e71cdb9d6d0:c4840]
2019-07-10 03:37:47,617 INFO  client.GrpcClientProtocolClient (GrpcClientProtocolClient.java:onNext(255)) - client-8BD909272E8D->63cacea9-0392-4939-ad39-80c4c73dd84b: receive RaftClientReply:client-8BD909272E8D->63cacea9-0392-4939-ad39-80c4c73dd84b@group-EE6C16B6C358, cid=3218, SUCCESS, logIndex=4843, commits[63cacea9-0392-4939-ad39-80c4c73dd84b:c4844, bd7b7fea-2a7b-4c3f-852f-c014e42bfcb7:c4842, 3b4aa678-22a6-4ae2-9c6a-0e71cdb9d6d0:c4840]
2019-07-10 03:37:47,618 INFO  client.GrpcClientProtocolClient (GrpcClientProtocolClient.java:onNext(255)) - client-8BD909272E8D->63cacea9-0392-4939-ad39-80c4c73dd84b: receive RaftClientReply:client-8BD909272E8D->63cacea9-0392-4939-ad39-80c4c73dd84b@group-EE6C16B6C358, cid=3219, SUCCESS, logIndex=4844, commits[63cacea9-0392-4939-ad39-80c4c73dd84b:c4844, bd7b7fea-2a7b-4c3f-852f-c014e42bfcb7:c4842, 3b4aa678-22a6-4ae2-9c6a-0e71cdb9d6d0:c4840]
2019-07-10 03:37:47,626 INFO  client.GrpcClientProtocolClient (GrpcClientProtocolClient.java:onNext(255)) - client-8BD909272E8D->63cacea9-0392-4939-ad39-80c4c73dd84b: receive RaftClientReply:client-8BD909272E8D->63cacea9-0392-4939-ad39-80c4c73dd84b@group-EE6C16B6C358, cid=3220, SUCCESS, logIndex=4845, commits[63cacea9-0392-4939-ad39-80c4c73dd84b:c4846, bd7b7fea-2a7b-4c3f-852f-c014e42bfcb7:c4844, 3b4aa678-22a6-4ae2-9c6a-0e71cdb9d6d0:c4842]
2019-07-10 03:37:47,626 INFO  client.GrpcClientProtocolClient (GrpcClientProtocolClient.java:onNext(255)) - client-8BD909272E8D->63cacea9-0392-4939-ad39-80c4c73dd84b: receive RaftClientReply:client-8BD909272E8D->63cacea9-0392-4939-ad39-80c4c73dd84b@group-EE6C16B6C358, cid=3221, SUCCESS, logIndex=4846, commits[63cacea9-0392-4939-ad39-80c4c73dd84b:c4846, bd7b7fea-2a7b-4c3f-852f-c014e42bfcb7:c4844, 3b4aa678-22a6-4ae2-9c6a-0e71cdb9d6d0:c4842]
2019-07-10 03:37:47,627 INFO  client.GrpcClientProtocolClient (GrpcClientProtocolClient.java:onNext(255)) - client-8BD909272E8D->63cacea9-0392-4939-ad39-80c4c73dd84b: receive RaftClientReply:client-8BD909272E8D->63cacea9-0392-4939-ad39-80c4c73dd84b@group-EE6C16B6C358, cid=3222, SUCCESS, logIndex=0, commits[63cacea9-0392-4939-ad39-80c4c73dd84b:c4848, bd7b7fea-2a7b-4c3f-852f-c014e42bfcb7:c4844, 3b4aa678-22a6-4ae2-9c6a-0e71cdb9d6d0:c4844]
2019-07-10 03:37:47,653 INFO  client.GrpcClientProtocolClient (GrpcClientProtocolClient.java:onNext(255)) - client-8BD909272E8D->63cacea9-0392-4939-ad39-80c4c73dd84b: receive RaftClientReply:client-8BD909272E8D->63cacea9-0392-4939-ad39-80c4c73dd84b@group-EE6C16B6C358, cid=3223, SUCCESS, logIndex=4851, commits[63cacea9-0392-4939-ad39-80c4c73dd84b:c4852, bd7b7fea-2a7b-4c3f-852f-c014e42bfcb7:c4850, 3b4aa678-22a6-4ae2-9c6a-0e71cdb9d6d0:c4850]
2019-07-10 03:37:47,653 INFO  client.GrpcClientProtocolClient (GrpcClientProtocolClient.java:onNext(255)) - client-8BD909272E8D->63cacea9-0392-4939-ad39-80c4c73dd84b: receive RaftClientReply:client-8BD909272E8D->63cacea9-0392-4939-ad39-80c4c73dd84b@group-EE6C16B6C358, cid=3224, SUCCESS, logIndex=4852, commits[63cacea9-0392-4939-ad39-80c4c73dd84b:c4852, bd7b7fea-2a7b-4c3f-852f-c014e42bfcb7:c4850, 3b4aa678-22a6-4ae2-9c6a-0e71cdb9d6d0:c4850]
2019-07-10 03:37:47,686 INFO  client.GrpcClientProtocolClient (GrpcClientProtocolClient.java:onNext(255)) - client-8BD909272E8D->63cacea9-0392-4939-ad39-80c4c73dd84b: receive RaftClientReply:client-8BD909272E8D->63cacea9-0392-4939-ad39-80c4c73dd84b@group-EE6C16B6C358, cid=3225, SUCCESS, logIndex=4855, commits[63cacea9-0392-4939-ad39-80c4c73dd84b:c4856, bd7b7fea-2a7b-4c3f-852f-c014e42bfcb7:c4853, 3b4aa678-22a6-4ae2-9c6a-0e71cdb9d6d0:c4853]
2019-07-10 03:37:47,686 INFO  client.GrpcClientProtocolClient (GrpcClientProtocolClient.java:onNext(255)) - client-8BD909272E8D->63cacea9-0392-4939-ad39-80c4c73dd84b: receive RaftClientReply:client-8BD909272E8D->63cacea9-0392-4939-ad39-80c4c73dd84b@group-EE6C16B6C358, cid=3226, SUCCESS, logIndex=4856, commits[63cacea9-0392-4939-ad39-80c4c73dd84b:c4856, bd7b7fea-2a7b-4c3f-852f-c014e42bfcb7:c4853, 3b4aa678-22a6-4ae2-9c6a-0e71cdb9d6d0:c4853]
2019-07-10 03:37:47,700 INFO  client.GrpcClientProtocolClient (GrpcClientProtocolClient.java:onNext(255)) - client-8BD909272E8D->63cacea9-0392-4939-ad39-80c4c73dd84b: receive RaftClientReply:client-8BD909272E8D->63cacea9-0392-4939-ad39-80c4c73dd84b@group-EE6C16B6C358, cid=3227, SUCCESS, logIndex=0, commits[63cacea9-0392-4939-ad39-80c4c73dd84b:c4858, bd7b7fea-2a7b-4c3f-852f-c014e42bfcb7:c4856, 3b4aa678-22a6-4ae2-9c6a-0e71cdb9d6d0:c4856]
2019-07-10 03:37:47,728 INFO  client.GrpcClientProtocolClient (GrpcClientProtocolClient.java:onNext(255)) - client-8BD909272E8D->63cacea9-0392-4939-ad39-80c4c73dd84b: receive RaftClientReply:client-8BD909272E8D->63cacea9-0392-4939-ad39-80c4c73dd84b@group-EE6C16B6C358, cid=3228, SUCCESS, logIndex=4859, commits[63cacea9-0392-4939-ad39-80c4c73dd84b:c4860, bd7b7fea-2a7b-4c3f-852f-c014e42bfcb7:c4858, 3b4aa678-22a6-4ae2-9c6a-0e71cdb9d6d0:c4858]
2019-07-10 03:37:47,729 INFO  client.GrpcClientProtocolClient (GrpcClientProtocolClient.java:onNext(255)) - client-8BD909272E8D->63cacea9-0392-4939-ad39-80c4c73dd84b: receive RaftClientReply:client-8BD909272E8D->63cacea9-0392-4939-ad39-80c4c73dd84b@group-EE6C16B6C358, cid=3229, SUCCESS, logIndex=4860, commits[63cacea9-0392-4939-ad39-80c4c73dd84b:c4860, bd7b7fea-2a7b-4c3f-852f-c014e42bfcb7:c4858, 3b4aa678-22a6-4ae2-9c6a-0e71cdb9d6d0:c4858]
2019-07-10 03:37:47,729 INFO  client.GrpcClientProtocolClient (GrpcClientProtocolClient.java:onNext(255)) - client-8BD909272E8D->63cacea9-0392-4939-ad39-80c4c73dd84b: receive RaftClientReply:client-8BD909272E8D->63cacea9-0392-4939-ad39-80c4c73dd84b@group-EE6C16B6C358, cid=3230, SUCCESS, logIndex=4861, commits[63cacea9-0392-4939-ad39-80c4c73dd84b:c4862, bd7b7fea-2a7b-4c3f-852f-c014e42bfcb7:c4858, 3b4aa678-22a6-4ae2-9c6a-0e71cdb9d6d0:c4858]
2019-07-10 03:37:47,729 INFO  client.GrpcClientProtocolClient (GrpcClientProtocolClient.java:onNext(255)) - client-8BD909272E8D->63cacea9-0392-4939-ad39-80c4c73dd84b: receive RaftClientReply:client-8BD909272E8D->63cacea9-0392-4939-ad39-80c4c73dd84b@group-EE6C16B6C358, cid=3231, SUCCESS, logIndex=4862, commits[63cacea9-0392-4939-ad39-80c4c73dd84b:c4862, bd7b7fea-2a7b-4c3f-852f-c014e42bfcb7:c4858, 3b4aa678-22a6-4ae2-9c6a-0e71cdb9d6d0:c4858]
2019-07-10 03:37:47,744 INFO  client.GrpcClientProtocolClient (GrpcClientProtocolClient.java:onNext(255)) - client-8BD909272E8D->63cacea9-0392-4939-ad39-80c4c73dd84b: receive RaftClientReply:client-8BD909272E8D->63cacea9-0392-4939-ad39-80c4c73dd84b@group-EE6C16B6C358, cid=3232, SUCCESS, logIndex=0, commits[63cacea9-0392-4939-ad39-80c4c73dd84b:c4864, bd7b7fea-2a7b-4c3f-852f-c014e42bfcb7:c4860, 3b4aa678-22a6-4ae2-9c6a-0e71cdb9d6d0:c4860]
2019-07-10 03:37:47,758 INFO  client.GrpcClientProtocolClient (GrpcClientProtocolClient.java:onNext(255)) - client-8BD909272E8D->63cacea9-0392-4939-ad39-80c4c73dd84b: receive RaftClientReply:client-8BD909272E8D->63cacea9-0392-4939-ad39-80c4c73dd84b@group-EE6C16B6C358, cid=3233, SUCCESS, logIndex=4867, commits[63cacea9-0392-4939-ad39-80c4c73dd84b:c4868, bd7b7fea-2a7b-4c3f-852f-c014e42bfcb7:c4862, 3b4aa678-22a6-4ae2-9c6a-0e71cdb9d6d0:c4866]
2019-07-10 03:37:47,758 INFO  client.GrpcClientProtocolClient (GrpcClientProtocolClient.java:onNext(255)) - client-8BD909272E8D->63cacea9-0392-4939-ad39-80c4c73dd84b: receive RaftClientReply:client-8BD909272E8D->63cacea9-0392-4939-ad39-80c4c73dd84b@group-EE6C16B6C358, cid=3234, SUCCESS, logIndex=4868, commits[63cacea9-0392-4939-ad39-80c4c73dd84b:c4868, bd7b7fea-2a7b-4c3f-852f-c014e42bfcb7:c4862, 3b4aa678-22a6-4ae2-9c6a-0e71cdb9d6d0:c4866]
2019-07-10 03:37:47,782 INFO  client.GrpcClientProtocolClient (GrpcClientProtocolClient.java:onNext(255)) - client-8BD909272E8D->63cacea9-0392-4939-ad39-80c4c73dd84b: receive RaftClientReply:client-8BD909272E8D->63cacea9-0392-4939-ad39-80c4c73dd84b@group-EE6C16B6C358, cid=3235, SUCCESS, logIndex=4871, commits[63cacea9-0392-4939-ad39-80c4c73dd84b:c4872, bd7b7fea-2a7b-4c3f-852f-c014e42bfcb7:c4868, 3b4aa678-22a6-4ae2-9c6a-0e71cdb9d6d0:c4868]
2019-07-10 03:37:47,783 INFO  client.GrpcClientProtocolClient (GrpcClientProtocolClient.java:onNext(255)) - client-8BD909272E8D->63cacea9-0392-4939-ad39-80c4c73dd84b: receive RaftClientReply:client-8BD909272E8D->63cacea9-0392-4939-ad39-80c4c73dd84b@group-EE6C16B6C358, cid=3236, SUCCESS, logIndex=4872, commits[63cacea9-0392-4939-ad39-80c4c73dd84b:c4872, bd7b7fea-2a7b-4c3f-852f-c014e42bfcb7:c4868, 3b4aa678-22a6-4ae2-9c6a-0e71cdb9d6d0:c4868]
2019-07-10 03:37:47,785 INFO  client.GrpcClientProtocolClient (GrpcClientProtocolClient.java:onNext(255)) - client-8BD909272E8D->63cacea9-0392-4939-ad39-80c4c73dd84b: receive RaftClientReply:client-8BD909272E8D->63cacea9-0392-4939-ad39-80c4c73dd84b@group-EE6C16B6C358, cid=3237, SUCCESS, logIndex=0, commits[63cacea9-0392-4939-ad39-80c4c73dd84b:c4873, bd7b7fea-2a7b-4c3f-852f-c014e42bfcb7:c4872, 3b4aa678-22a6-4ae2-9c6a-0e71cdb9d6d0:c4872]
2019-07-10 03:37:47,814 INFO  client.GrpcClientProtocolClient (GrpcClientProtocolClient.java:onNext(255)) - client-8BD909272E8D->63cacea9-0392-4939-ad39-80c4c73dd84b: receive RaftClientReply:client-8BD909272E8D->63cacea9-0392-4939-ad39-80c4c73dd84b@group-EE6C16B6C358, cid=3238, SUCCESS, logIndex=4875, commits[63cacea9-0392-4939-ad39-80c4c73dd84b:c4876, bd7b7fea-2a7b-4c3f-852f-c014e42bfcb7:c4874, 3b4aa678-22a6-4ae2-9c6a-0e71cdb9d6d0:c4874]
2019-07-10 03:37:47,815 INFO  client.GrpcClientProtocolClient (GrpcClientProtocolClient.java:onNext(255)) - client-8BD909272E8D->63cacea9-0392-4939-ad39-80c4c73dd84b: receive RaftClientReply:client-8BD909272E8D->63cacea9-0392-4939-ad39-80c4c73dd84b@group-EE6C16B6C358, cid=3239, SUCCESS, logIndex=4876, commits[63cacea9-0392-4939-ad39-80c4c73dd84b:c4876, bd7b7fea-2a7b-4c3f-852f-c014e42bfcb7:c4874, 3b4aa678-22a6-4ae2-9c6a-0e71cdb9d6d0:c4874]
2019-07-10 03:37:47,827 INFO  client.GrpcClientProtocolClient (GrpcClientProtocolClient.java:onNext(255)) - client-8BD909272E8D->63cacea9-0392-4939-ad39-80c4c73dd84b: receive RaftClientReply:client-8BD909272E8D->63cacea9-0392-4939-ad39-80c4c73dd84b@group-EE6C16B6C358, cid=3240, SUCCESS, logIndex=4877, commits[63cacea9-0392-4939-ad39-80c4c73dd84b:c4878, bd7b7fea-2a7b-4c3f-852f-c014e42bfcb7:c4874, 3b4aa678-22a6-4ae2-9c6a-0e71cdb9d6d0:c4874]
2019-07-10 03:37:47,827 INFO  client.GrpcClientProtocolClient (GrpcClientProtocolClient.java:onNext(255)) - client-8BD909272E8D->63cacea9-0392-4939-ad39-80c4c73dd84b: receive RaftClientReply:client-8BD909272E8D->63cacea9-0392-4939-ad39-80c4c73dd84b@group-EE6C16B6C358, cid=3241, SUCCESS, logIndex=4878, commits[63cacea9-0392-4939-ad39-80c4c73dd84b:c4878, bd7b7fea-2a7b-4c3f-852f-c014e42bfcb7:c4874, 3b4aa678-22a6-4ae2-9c6a-0e71cdb9d6d0:c4874]
2019-07-10 03:37:47,840 INFO  client.GrpcClientProtocolClient (GrpcClientProtocolClient.java:onNext(255)) - client-8BD909272E8D->63cacea9-0392-4939-ad39-80c4c73dd84b: receive RaftClientReply:client-8BD909272E8D->63cacea9-0392-4939-ad39-80c4c73dd84b@group-EE6C16B6C358, cid=3242, SUCCESS, logIndex=0, commits[63cacea9-0392-4939-ad39-80c4c73dd84b:c4880, bd7b7fea-2a7b-4c3f-852f-c014e42bfcb7:c4876, 3b4aa678-22a6-4ae2-9c6a-0e71cdb9d6d0:c4876]
2019-07-10 03:37:47,853 INFO  client.GrpcClientProtocolClient (GrpcClientProtocolClient.java:onNext(255)) - client-8BD909272E8D->63cacea9-0392-4939-ad39-80c4c73dd84b: receive RaftClientReply:client-8BD909272E8D->63cacea9-0392-4939-ad39-80c4c73dd84b@group-EE6C16B6C358, cid=3243, SUCCESS, logIndex=4883, commits[63cacea9-0392-4939-ad39-80c4c73dd84b:c4884, bd7b7fea-2a7b-4c3f-852f-c014e42bfcb7:c4878, 3b4aa678-22a6-4ae2-9c6a-0e71cdb9d6d0:c4880]
2019-07-10 03:37:47,853 INFO  client.GrpcClientProtocolClient (GrpcClientProtocolClient.java:onNext(255)) - client-8BD909272E8D->63cacea9-0392-4939-ad39-80c4c73dd84b: receive RaftClientReply:client-8BD909272E8D->63cacea9-0392-4939-ad39-80c4c73dd84b@group-EE6C16B6C358, cid=3244, SUCCESS, logIndex=4884, commits[63cacea9-0392-4939-ad39-80c4c73dd84b:c4884, bd7b7fea-2a7b-4c3f-852f-c014e42bfcb7:c4878, 3b4aa678-22a6-4ae2-9c6a-0e71cdb9d6d0:c4880]
2019-07-10 03:37:47,864 INFO  client.GrpcClientProtocolClient (GrpcClientProtocolClient.java:onNext(255)) - client-8BD909272E8D->63cacea9-0392-4939-ad39-80c4c73dd84b: receive RaftClientReply:client-8BD909272E8D->63cacea9-0392-4939-ad39-80c4c73dd84b@group-EE6C16B6C358, cid=3245, SUCCESS, logIndex=4886, commits[63cacea9-0392-4939-ad39-80c4c73dd84b:c4887, bd7b7fea-2a7b-4c3f-852f-c014e42bfcb7:c4884, 3b4aa678-22a6-4ae2-9c6a-0e71cdb9d6d0:c4885]
2019-07-10 03:37:47,864 INFO  client.GrpcClientProtocolClient (GrpcClientProtocolClient.java:onNext(255)) - client-8BD909272E8D->63cacea9-0392-4939-ad39-80c4c73dd84b: receive RaftClientReply:client-8BD909272E8D->63cacea9-0392-4939-ad39-80c4c73dd84b@group-EE6C16B6C358, cid=3246, SUCCESS, logIndex=4887, commits[63cacea9-0392-4939-ad39-80c4c73dd84b:c4887, bd7b7fea-2a7b-4c3f-852f-c014e42bfcb7:c4885, 3b4aa678-22a6-4ae2-9c6a-0e71cdb9d6d0:c4885]
2019-07-10 03:37:47,867 INFO  client.GrpcClientProtocolClient (GrpcClientProtocolClient.java:onNext(255)) - client-8BD909272E8D->63cacea9-0392-4939-ad39-80c4c73dd84b: receive RaftClientReply:client-8BD909272E8D->63cacea9-0392-4939-ad39-80c4c73dd84b@group-EE6C16B6C358, cid=3247, SUCCESS, logIndex=0, commits[63cacea9-0392-4939-ad39-80c4c73dd84b:c4888, bd7b7fea-2a7b-4c3f-852f-c014e42bfcb7:c4887, 3b4aa678-22a6-4ae2-9c6a-0e71cdb9d6d0:c4887]
2019-07-10 03:37:47,890 INFO  client.GrpcClientProtocolClient (GrpcClientProtocolClient.java:onNext(255)) - client-8BD909272E8D->63cacea9-0392-4939-ad39-80c4c73dd84b: receive RaftClientReply:client-8BD909272E8D->63cacea9-0392-4939-ad39-80c4c73dd84b@group-EE6C16B6C358, cid=3248, SUCCESS, logIndex=4890, commits[63cacea9-0392-4939-ad39-80c4c73dd84b:c4893, bd7b7fea-2a7b-4c3f-852f-c014e42bfcb7:c4887, 3b4aa678-22a6-4ae2-9c6a-0e71cdb9d6d0:c4889]
2019-07-10 03:37:47,890 INFO  client.GrpcClientProtocolClient (GrpcClientProtocolClient.java:onNext(255)) - client-8BD909272E8D->63cacea9-0392-4939-ad39-80c4c73dd84b: receive RaftClientReply:client-8BD909272E8D->63cacea9-0392-4939-ad39-80c4c73dd84b@group-EE6C16B6C358, cid=3249, SUCCESS, logIndex=4891, commits[63cacea9-0392-4939-ad39-80c4c73dd84b:c4893, bd7b7fea-2a7b-4c3f-852f-c014e42bfcb7:c4889, 3b4aa678-22a6-4ae2-9c6a-0e71cdb9d6d0:c4889]
2019-07-10 03:37:47,890 INFO  client.GrpcClientProtocolClient (GrpcClientProtocolClient.java:onNext(255)) - client-8BD909272E8D->63cacea9-0392-4939-ad39-80c4c73dd84b: receive RaftClientReply:client-8BD909272E8D->63cacea9-0392-4939-ad39-80c4c73dd84b@group-EE6C16B6C358, cid=3250, SUCCESS, logIndex=4892, commits[63cacea9-0392-4939-ad39-80c4c73dd84b:c4893, bd7b7fea-2a7b-4c3f-852f-c014e42bfcb7:c4889, 3b4aa678-22a6-4ae2-9c6a-0e71cdb9d6d0:c4889]
2019-07-10 03:37:47,891 INFO  client.GrpcClientProtocolClient (GrpcClientProtocolClient.java:onNext(255)) - client-8BD909272E8D->63cacea9-0392-4939-ad39-80c4c73dd84b: receive RaftClientReply:client-8BD909272E8D->63cacea9-0392-4939-ad39-80c4c73dd84b@group-EE6C16B6C358, cid=3251, SUCCESS, logIndex=4893, commits[63cacea9-0392-4939-ad39-80c4c73dd84b:c4893, bd7b7fea-2a7b-4c3f-852f-c014e42bfcb7:c4889, 3b4aa678-22a6-4ae2-9c6a-0e71cdb9d6d0:c4889]
2019-07-10 03:37:47,893 INFO  client.GrpcClientProtocolClient (GrpcClientProtocolClient.java:onNext(255)) - client-8BD909272E8D->63cacea9-0392-4939-ad39-80c4c73dd84b: receive RaftClientReply:client-8BD909272E8D->63cacea9-0392-4939-ad39-80c4c73dd84b@group-EE6C16B6C358, cid=3252, SUCCESS, logIndex=0, commits[63cacea9-0392-4939-ad39-80c4c73dd84b:c4894, bd7b7fea-2a7b-4c3f-852f-c014e42bfcb7:c4891, 3b4aa678-22a6-4ae2-9c6a-0e71cdb9d6d0:c4891]
2019-07-10 03:37:47,922 INFO  client.GrpcClientProtocolClient (GrpcClientProtocolClient.java:onNext(255)) - client-8BD909272E8D->63cacea9-0392-4939-ad39-80c4c73dd84b: receive RaftClientReply:client-8BD909272E8D->63cacea9-0392-4939-ad39-80c4c73dd84b@group-EE6C16B6C358, cid=3253, SUCCESS, logIndex=4897, commits[63cacea9-0392-4939-ad39-80c4c73dd84b:c4898, bd7b7fea-2a7b-4c3f-852f-c014e42bfcb7:c4896, 3b4aa678-22a6-4ae2-9c6a-0e71cdb9d6d0:c4896]
2019-07-10 03:37:47,922 INFO  client.GrpcClientProtocolClient (GrpcClientProtocolClient.java:onNext(255)) - client-8BD909272E8D->63cacea9-0392-4939-ad39-80c4c73dd84b: receive RaftClientReply:client-8BD909272E8D->63cacea9-0392-4939-ad39-80c4c73dd84b@group-EE6C16B6C358, cid=3254, SUCCESS, logIndex=4898, commits[63cacea9-0392-4939-ad39-80c4c73dd84b:c4898, bd7b7fea-2a7b-4c3f-852f-c014e42bfcb7:c4896, 3b4aa678-22a6-4ae2-9c6a-0e71cdb9d6d0:c4896]
2019-07-10 03:37:47,939 INFO  client.GrpcClientProtocolClient (GrpcClientProtocolClient.java:onNext(255)) - client-8BD909272E8D->63cacea9-0392-4939-ad39-80c4c73dd84b: receive RaftClientReply:client-8BD909272E8D->63cacea9-0392-4939-ad39-80c4c73dd84b@group-EE6C16B6C358, cid=3255, SUCCESS, logIndex=4901, commits[63cacea9-0392-4939-ad39-80c4c73dd84b:c4902, bd7b7fea-2a7b-4c3f-852f-c014e42bfcb7:c4900, 3b4aa678-22a6-4ae2-9c6a-0e71cdb9d6d0:c4900]
2019-07-10 03:37:47,940 INFO  client.GrpcClientProtocolClient (GrpcClientProtocolClient.java:onNext(255)) - client-8BD909272E8D->63cacea9-0392-4939-ad39-80c4c73dd84b: receive RaftClientReply:client-8BD909272E8D->63cacea9-0392-4939-ad39-80c4c73dd84b@group-EE6C16B6C358, cid=3256, SUCCESS, logIndex=4902, commits[63cacea9-0392-4939-ad39-80c4c73dd84b:c4902, bd7b7fea-2a7b-4c3f-852f-c014e42bfcb7:c4900, 3b4aa678-22a6-4ae2-9c6a-0e71cdb9d6d0:c4900]
2019-07-10 03:37:47,951 INFO  client.GrpcClientProtocolClient (GrpcClientProtocolClient.java:onNext(255)) - client-8BD909272E8D->63cacea9-0392-4939-ad39-80c4c73dd84b: receive RaftClientReply:client-8BD909272E8D->63cacea9-0392-4939-ad39-80c4c73dd84b@group-EE6C16B6C358, cid=3257, SUCCESS, logIndex=0, commits[63cacea9-0392-4939-ad39-80c4c73dd84b:c4903, bd7b7fea-2a7b-4c3f-852f-c014e42bfcb7:c4902, 3b4aa678-22a6-4ae2-9c6a-0e71cdb9d6d0:c4902]
2019-07-10 03:37:47,980 INFO  client.GrpcClientProtocolClient (GrpcClientProtocolClient.java:onNext(255)) - client-8BD909272E8D->63cacea9-0392-4939-ad39-80c4c73dd84b: receive RaftClientReply:client-8BD909272E8D->63cacea9-0392-4939-ad39-80c4c73dd84b@group-EE6C16B6C358, cid=3258, SUCCESS, logIndex=4905, commits[63cacea9-0392-4939-ad39-80c4c73dd84b:c4906, bd7b7fea-2a7b-4c3f-852f-c014e42bfcb7:c4904, 3b4aa678-22a6-4ae2-9c6a-0e71cdb9d6d0:c4904]
2019-07-10 03:37:47,981 INFO  client.GrpcClientProtocolClient (GrpcClientProtocolClient.java:onNext(255)) - client-8BD909272E8D->63cacea9-0392-4939-ad39-80c4c73dd84b: receive RaftClientReply:client-8BD909272E8D->63cacea9-0392-4939-ad39-80c4c73dd84b@group-EE6C16B6C358, cid=3259, SUCCESS, logIndex=4906, commits[63cacea9-0392-4939-ad39-80c4c73dd84b:c4908, bd7b7fea-2a7b-4c3f-852f-c014e42bfcb7:c4904, 3b4aa678-22a6-4ae2-9c6a-0e71cdb9d6d0:c4904]
2019-07-10 03:37:47,981 INFO  client.GrpcClientProtocolClient (GrpcClientProtocolClient.java:onNext(255)) - client-8BD909272E8D->63cacea9-0392-4939-ad39-80c4c73dd84b: receive RaftClientReply:client-8BD909272E8D->63cacea9-0392-4939-ad39-80c4c73dd84b@group-EE6C16B6C358, cid=3260, SUCCESS, logIndex=4907, commits[63cacea9-0392-4939-ad39-80c4c73dd84b:c4908, bd7b7fea-2a7b-4c3f-852f-c014e42bfcb7:c4904, 3b4aa678-22a6-4ae2-9c6a-0e71cdb9d6d0:c4904]
2019-07-10 03:37:47,981 INFO  client.GrpcClientProtocolClient (GrpcClientProtocolClient.java:onNext(255)) - client-8BD909272E8D->63cacea9-0392-4939-ad39-80c4c73dd84b: receive RaftClientReply:client-8BD909272E8D->63cacea9-0392-4939-ad39-80c4c73dd84b@group-EE6C16B6C358, cid=3261, SUCCESS, logIndex=4908, commits[63cacea9-0392-4939-ad39-80c4c73dd84b:c4908, bd7b7fea-2a7b-4c3f-852f-c014e42bfcb7:c4904, 3b4aa678-22a6-4ae2-9c6a-0e71cdb9d6d0:c4904]
2019-07-10 03:37:47,983 INFO  client.GrpcClientProtocolClient (GrpcClientProtocolClient.java:onNext(255)) - client-8BD909272E8D->63cacea9-0392-4939-ad39-80c4c73dd84b: receive RaftClientReply:client-8BD909272E8D->63cacea9-0392-4939-ad39-80c4c73dd84b@group-EE6C16B6C358, cid=3262, SUCCESS, logIndex=0, commits[63cacea9-0392-4939-ad39-80c4c73dd84b:c4909, bd7b7fea-2a7b-4c3f-852f-c014e42bfcb7:c4906, 3b4aa678-22a6-4ae2-9c6a-0e71cdb9d6d0:c4906]
2019-07-10 03:37:47,997 INFO  client.GrpcClientProtocolClient (GrpcClientProtocolClient.java:onNext(255)) - client-8BD909272E8D->63cacea9-0392-4939-ad39-80c4c73dd84b: receive RaftClientReply:client-8BD909272E8D->63cacea9-0392-4939-ad39-80c4c73dd84b@group-EE6C16B6C358, cid=3263, SUCCESS, logIndex=4912, commits[63cacea9-0392-4939-ad39-80c4c73dd84b:c4913, bd7b7fea-2a7b-4c3f-852f-c014e42bfcb7:c4908, 3b4aa678-22a6-4ae2-9c6a-0e71cdb9d6d0:c4909]
2019-07-10 03:37:47,998 INFO  client.GrpcClientProtocolClient (GrpcClientProtocolClient.java:onNext(255)) - client-8BD909272E8D->63cacea9-0392-4939-ad39-80c4c73dd84b: receive RaftClientReply:client-8BD909272E8D->63cacea9-0392-4939-ad39-80c4c73dd84b@group-EE6C16B6C358, cid=3264, SUCCESS, logIndex=4913, commits[63cacea9-0392-4939-ad39-80c4c73dd84b:c4913, bd7b7fea-2a7b-4c3f-852f-c014e42bfcb7:c4908, 3b4aa678-22a6-4ae2-9c6a-0e71cdb9d6d0:c4909]
2019-07-10 03:37:48,014 INFO  client.GrpcClientProtocolClient (GrpcClientProtocolClient.java:onNext(255)) - client-8BD909272E8D->63cacea9-0392-4939-ad39-80c4c73dd84b: receive RaftClientReply:client-8BD909272E8D->63cacea9-0392-4939-ad39-80c4c73dd84b@group-EE6C16B6C358, cid=3265, SUCCESS, logIndex=4916, commits[63cacea9-0392-4939-ad39-80c4c73dd84b:c4917, bd7b7fea-2a7b-4c3f-852f-c014e42bfcb7:c4913, 3b4aa678-22a6-4ae2-9c6a-0e71cdb9d6d0:c4913]
2019-07-10 03:37:48,014 INFO  client.GrpcClientProtocolClient (GrpcClientProtocolClient.java:onNext(255)) - client-8BD909272E8D->63cacea9-0392-4939-ad39-80c4c73dd84b: receive RaftClientReply:client-8BD909272E8D->63cacea9-0392-4939-ad39-80c4c73dd84b@group-EE6C16B6C358, cid=3266, SUCCESS, logIndex=4917, commits[63cacea9-0392-4939-ad39-80c4c73dd84b:c4917, bd7b7fea-2a7b-4c3f-852f-c014e42bfcb7:c4913, 3b4aa678-22a6-4ae2-9c6a-0e71cdb9d6d0:c4913]
2019-07-10 03:37:48,040 INFO  client.GrpcClientProtocolClient (GrpcClientProtocolClient.java:onNext(255)) - client-8BD909272E8D->63cacea9-0392-4939-ad39-80c4c73dd84b: receive RaftClientReply:client-8BD909272E8D->63cacea9-0392-4939-ad39-80c4c73dd84b@group-EE6C16B6C358, cid=3267, SUCCESS, logIndex=0, commits[63cacea9-0392-4939-ad39-80c4c73dd84b:c4919, bd7b7fea-2a7b-4c3f-852f-c014e42bfcb7:c4917, 3b4aa678-22a6-4ae2-9c6a-0e71cdb9d6d0:c4917]
2019-07-10 03:37:48,068 INFO  client.GrpcClientProtocolClient (GrpcClientProtocolClient.java:onNext(255)) - client-8BD909272E8D->63cacea9-0392-4939-ad39-80c4c73dd84b: receive RaftClientReply:client-8BD909272E8D->63cacea9-0392-4939-ad39-80c4c73dd84b@group-EE6C16B6C358, cid=3268, SUCCESS, logIndex=4920, commits[63cacea9-0392-4939-ad39-80c4c73dd84b:c4921, bd7b7fea-2a7b-4c3f-852f-c014e42bfcb7:c4919, 3b4aa678-22a6-4ae2-9c6a-0e71cdb9d6d0:c4919]
2019-07-10 03:37:48,068 INFO  client.GrpcClientProtocolClient (GrpcClientProtocolClient.java:onNext(255)) - client-8BD909272E8D->63cacea9-0392-4939-ad39-80c4c73dd84b: receive RaftClientReply:client-8BD909272E8D->63cacea9-0392-4939-ad39-80c4c73dd84b@group-EE6C16B6C358, cid=3269, SUCCESS, logIndex=4921, commits[63cacea9-0392-4939-ad39-80c4c73dd84b:c4921, bd7b7fea-2a7b-4c3f-852f-c014e42bfcb7:c4919, 3b4aa678-22a6-4ae2-9c6a-0e71cdb9d6d0:c4919]
2019-07-10 03:37:48,069 INFO  client.GrpcClientProtocolClient (GrpcClientProtocolClient.java:onNext(255)) - client-8BD909272E8D->63cacea9-0392-4939-ad39-80c4c73dd84b: receive RaftClientReply:client-8BD909272E8D->63cacea9-0392-4939-ad39-80c4c73dd84b@group-EE6C16B6C358, cid=3270, SUCCESS, logIndex=4922, commits[63cacea9-0392-4939-ad39-80c4c73dd84b:c4923, bd7b7fea-2a7b-4c3f-852f-c014e42bfcb7:c4919, 3b4aa678-22a6-4ae2-9c6a-0e71cdb9d6d0:c4919]
2019-07-10 03:37:48,069 INFO  client.GrpcClientProtocolClient (GrpcClientProtocolClient.java:onNext(255)) - client-8BD909272E8D->63cacea9-0392-4939-ad39-80c4c73dd84b: receive RaftClientReply:client-8BD909272E8D->63cacea9-0392-4939-ad39-80c4c73dd84b@group-EE6C16B6C358, cid=3271, SUCCESS, logIndex=4923, commits[63cacea9-0392-4939-ad39-80c4c73dd84b:c4923, bd7b7fea-2a7b-4c3f-852f-c014e42bfcb7:c4919, 3b4aa678-22a6-4ae2-9c6a-0e71cdb9d6d0:c4919]
2019-07-10 03:37:48,082 INFO  client.GrpcClientProtocolClient (GrpcClientProtocolClient.java:onNext(255)) - client-8BD909272E8D->63cacea9-0392-4939-ad39-80c4c73dd84b: receive RaftClientReply:client-8BD909272E8D->63cacea9-0392-4939-ad39-80c4c73dd84b@group-EE6C16B6C358, cid=3272, SUCCESS, logIndex=0, commits[63cacea9-0392-4939-ad39-80c4c73dd84b:c4925, bd7b7fea-2a7b-4c3f-852f-c014e42bfcb7:c4921, 3b4aa678-22a6-4ae2-9c6a-0e71cdb9d6d0:c4921]
2019-07-10 03:37:48,116 INFO  client.GrpcClientProtocolClient (GrpcClientProtocolClient.java:onNext(255)) - client-8BD909272E8D->63cacea9-0392-4939-ad39-80c4c73dd84b: receive RaftClientReply:client-8BD909272E8D->63cacea9-0392-4939-ad39-80c4c73dd84b@group-EE6C16B6C358, cid=3273, SUCCESS, logIndex=4928, commits[63cacea9-0392-4939-ad39-80c4c73dd84b:c4929, bd7b7fea-2a7b-4c3f-852f-c014e42bfcb7:c4927, 3b4aa678-22a6-4ae2-9c6a-0e71cdb9d6d0:c4927]
2019-07-10 03:37:48,117 INFO  client.GrpcClientProtocolClient (GrpcClientProtocolClient.java:onNext(255)) - client-8BD909272E8D->63cacea9-0392-4939-ad39-80c4c73dd84b: receive RaftClientReply:client-8BD909272E8D->63cacea9-0392-4939-ad39-80c4c73dd84b@group-EE6C16B6C358, cid=3274, SUCCESS, logIndex=4929, commits[63cacea9-0392-4939-ad39-80c4c73dd84b:c4929, bd7b7fea-2a7b-4c3f-852f-c014e42bfcb7:c4927, 3b4aa678-22a6-4ae2-9c6a-0e71cdb9d6d0:c4927]
2019-07-10 03:37:48,142 INFO  client.GrpcClientProtocolClient (GrpcClientProtocolClient.java:onNext(255)) - client-8BD909272E8D->63cacea9-0392-4939-ad39-80c4c73dd84b: receive RaftClientReply:client-8BD909272E8D->63cacea9-0392-4939-ad39-80c4c73dd84b@group-EE6C16B6C358, cid=3275, SUCCESS, logIndex=4932, commits[63cacea9-0392-4939-ad39-80c4c73dd84b:c4933, bd7b7fea-2a7b-4c3f-852f-c014e42bfcb7:c4929, 3b4aa678-22a6-4ae2-9c6a-0e71cdb9d6d0:c4929]
2019-07-10 03:37:48,143 INFO  client.GrpcClientProtocolClient (GrpcClientProtocolClient.java:onNext(255)) - client-8BD909272E8D->63cacea9-0392-4939-ad39-80c4c73dd84b: receive RaftClientReply:client-8BD909272E8D->63cacea9-0392-4939-ad39-80c4c73dd84b@group-EE6C16B6C358, cid=3276, SUCCESS, logIndex=4933, commits[63cacea9-0392-4939-ad39-80c4c73dd84b:c4933, bd7b7fea-2a7b-4c3f-852f-c014e42bfcb7:c4929, 3b4aa678-22a6-4ae2-9c6a-0e71cdb9d6d0:c4929]
2019-07-10 03:37:48,156 INFO  client.GrpcClientProtocolClient (GrpcClientProtocolClient.java:onNext(255)) - client-8BD909272E8D->63cacea9-0392-4939-ad39-80c4c73dd84b: receive RaftClientReply:client-8BD909272E8D->63cacea9-0392-4939-ad39-80c4c73dd84b@group-EE6C16B6C358, cid=3277, SUCCESS, logIndex=0, commits[63cacea9-0392-4939-ad39-80c4c73dd84b:c4934, bd7b7fea-2a7b-4c3f-852f-c014e42bfcb7:c4933, 3b4aa678-22a6-4ae2-9c6a-0e71cdb9d6d0:c4933]
2019-07-10 03:37:48,189 INFO  client.GrpcClientProtocolClient (GrpcClientProtocolClient.java:onNext(255)) - client-8BD909272E8D->63cacea9-0392-4939-ad39-80c4c73dd84b: receive RaftClientReply:client-8BD909272E8D->63cacea9-0392-4939-ad39-80c4c73dd84b@group-EE6C16B6C358, cid=3278, SUCCESS, logIndex=4936, commits[63cacea9-0392-4939-ad39-80c4c73dd84b:c4937, bd7b7fea-2a7b-4c3f-852f-c014e42bfcb7:c4933, 3b4aa678-22a6-4ae2-9c6a-0e71cdb9d6d0:c4935]
2019-07-10 03:37:48,189 INFO  client.GrpcClientProtocolClient (GrpcClientProtocolClient.java:onNext(255)) - client-8BD909272E8D->63cacea9-0392-4939-ad39-80c4c73dd84b: receive RaftClientReply:client-8BD909272E8D->63cacea9-0392-4939-ad39-80c4c73dd84b@group-EE6C16B6C358, cid=3279, SUCCESS, logIndex=4937, commits[63cacea9-0392-4939-ad39-80c4c73dd84b:c4937, bd7b7fea-2a7b-4c3f-852f-c014e42bfcb7:c4935, 3b4aa678-22a6-4ae2-9c6a-0e71cdb9d6d0:c4935]
2019-07-10 03:37:48,190 INFO  client.GrpcClientProtocolClient (GrpcClientProtocolClient.java:onNext(255)) - client-8BD909272E8D->63cacea9-0392-4939-ad39-80c4c73dd84b: receive RaftClientReply:client-8BD909272E8D->63cacea9-0392-4939-ad39-80c4c73dd84b@group-EE6C16B6C358, cid=3280, SUCCESS, logIndex=4938, commits[63cacea9-0392-4939-ad39-80c4c73dd84b:c4939, bd7b7fea-2a7b-4c3f-852f-c014e42bfcb7:c4935, 3b4aa678-22a6-4ae2-9c6a-0e71cdb9d6d0:c4935]
2019-07-10 03:37:48,191 INFO  client.GrpcClientProtocolClient (GrpcClientProtocolClient.java:onNext(255)) - client-8BD909272E8D->63cacea9-0392-4939-ad39-80c4c73dd84b: receive RaftClientReply:client-8BD909272E8D->63cacea9-0392-4939-ad39-80c4c73dd84b@group-EE6C16B6C358, cid=3281, SUCCESS, logIndex=4939, commits[63cacea9-0392-4939-ad39-80c4c73dd84b:c4939, bd7b7fea-2a7b-4c3f-852f-c014e42bfcb7:c4935, 3b4aa678-22a6-4ae2-9c6a-0e71cdb9d6d0:c4935]
2019-07-10 03:37:48,204 INFO  client.GrpcClientProtocolClient (GrpcClientProtocolClient.java:onNext(255)) - client-8BD909272E8D->63cacea9-0392-4939-ad39-80c4c73dd84b: receive RaftClientReply:client-8BD909272E8D->63cacea9-0392-4939-ad39-80c4c73dd84b@group-EE6C16B6C358, cid=3282, SUCCESS, logIndex=0, commits[63cacea9-0392-4939-ad39-80c4c73dd84b:c4941, bd7b7fea-2a7b-4c3f-852f-c014e42bfcb7:c4937, 3b4aa678-22a6-4ae2-9c6a-0e71cdb9d6d0:c4937]
2019-07-10 03:37:48,221 INFO  client.GrpcClientProtocolClient (GrpcClientProtocolClient.java:onNext(255)) - client-8BD909272E8D->63cacea9-0392-4939-ad39-80c4c73dd84b: receive RaftClientReply:client-8BD909272E8D->63cacea9-0392-4939-ad39-80c4c73dd84b@group-EE6C16B6C358, cid=3283, SUCCESS, logIndex=4944, commits[63cacea9-0392-4939-ad39-80c4c73dd84b:c4945, bd7b7fea-2a7b-4c3f-852f-c014e42bfcb7:c4943, 3b4aa678-22a6-4ae2-9c6a-0e71cdb9d6d0:c4943]
2019-07-10 03:37:48,222 INFO  client.GrpcClientProtocolClient (GrpcClientProtocolClient.java:onNext(255)) - client-8BD909272E8D->63cacea9-0392-4939-ad39-80c4c73dd84b: receive RaftClientReply:client-8BD909272E8D->63cacea9-0392-4939-ad39-80c4c73dd84b@group-EE6C16B6C358, cid=3284, SUCCESS, logIndex=4945, commits[63cacea9-0392-4939-ad39-80c4c73dd84b:c4945, bd7b7fea-2a7b-4c3f-852f-c014e42bfcb7:c4943, 3b4aa678-22a6-4ae2-9c6a-0e71cdb9d6d0:c4943]
 0.00% |█                                                                                                    |  0/1 Time: 0:00:302019-07-10 03:37:48,360 INFO  client.GrpcClientProtocolClient (GrpcClientProtocolClient.java:onNext(255)) - client-8BD909272E8D->63cacea9-0392-4939-ad39-80c4c73dd84b: receive RaftClientReply:client-8BD909272E8D->63cacea9-0392-4939-ad39-80c4c73dd84b@group-EE6C16B6C358, cid=3285, SUCCESS, logIndex=4948, commits[63cacea9-0392-4939-ad39-80c4c73dd84b:c4949, bd7b7fea-2a7b-4c3f-852f-c014e42bfcb7:c4945, 3b4aa678-22a6-4ae2-9c6a-0e71cdb9d6d0:c4944]
2019-07-10 03:37:48,360 INFO  client.GrpcClientProtocolClient (GrpcClientProtocolClient.java:onNext(255)) - client-8BD909272E8D->63cacea9-0392-4939-ad39-80c4c73dd84b: receive RaftClientReply:client-8BD909272E8D->63cacea9-0392-4939-ad39-80c4c73dd84b@group-EE6C16B6C358, cid=3286, SUCCESS, logIndex=4949, commits[63cacea9-0392-4939-ad39-80c4c73dd84b:c4949, bd7b7fea-2a7b-4c3f-852f-c014e42bfcb7:c4945, 3b4aa678-22a6-4ae2-9c6a-0e71cdb9d6d0:c4944]
2019-07-10 03:37:48,362 INFO  client.GrpcClientProtocolClient (GrpcClientProtocolClient.java:onNext(255)) - client-8BD909272E8D->63cacea9-0392-4939-ad39-80c4c73dd84b: receive RaftClientReply:client-8BD909272E8D->63cacea9-0392-4939-ad39-80c4c73dd84b@group-EE6C16B6C358, cid=3287, SUCCESS, logIndex=0, commits[63cacea9-0392-4939-ad39-80c4c73dd84b:c4949, bd7b7fea-2a7b-4c3f-852f-c014e42bfcb7:c4945, 3b4aa678-22a6-4ae2-9c6a-0e71cdb9d6d0:c4945]
2019-07-10 03:37:48,371 INFO  client.GrpcClientProtocolClient (GrpcClientProtocolClient.java:onNext(255)) - client-8BD909272E8D->63cacea9-0392-4939-ad39-80c4c73dd84b: receive RaftClientReply:client-8BD909272E8D->63cacea9-0392-4939-ad39-80c4c73dd84b@group-EE6C16B6C358, cid=3288, SUCCESS, logIndex=0, commits[63cacea9-0392-4939-ad39-80c4c73dd84b:c4949, bd7b7fea-2a7b-4c3f-852f-c014e42bfcb7:c4949, 3b4aa678-22a6-4ae2-9c6a-0e71cdb9d6d0:c4949]
2019-07-10 03:37:48,406 INFO  client.GrpcClientProtocolClient (GrpcClientProtocolClient.java:onNext(255)) - client-8BD909272E8D->63cacea9-0392-4939-ad39-80c4c73dd84b: receive RaftClientReply:client-8BD909272E8D->63cacea9-0392-4939-ad39-80c4c73dd84b@group-EE6C16B6C358, cid=3289, SUCCESS, logIndex=4952, commits[63cacea9-0392-4939-ad39-80c4c73dd84b:c4953, bd7b7fea-2a7b-4c3f-852f-c014e42bfcb7:c4951, 3b4aa678-22a6-4ae2-9c6a-0e71cdb9d6d0:c4951]
2019-07-10 03:37:48,406 INFO  client.GrpcClientProtocolClient (GrpcClientProtocolClient.java:onNext(255)) - client-8BD909272E8D->63cacea9-0392-4939-ad39-80c4c73dd84b: receive RaftClientReply:client-8BD909272E8D->63cacea9-0392-4939-ad39-80c4c73dd84b@group-EE6C16B6C358, cid=3290, SUCCESS, logIndex=4953, commits[63cacea9-0392-4939-ad39-80c4c73dd84b:c4955, bd7b7fea-2a7b-4c3f-852f-c014e42bfcb7:c4951, 3b4aa678-22a6-4ae2-9c6a-0e71cdb9d6d0:c4951]
2019-07-10 03:37:48,407 INFO  client.GrpcClientProtocolClient (GrpcClientProtocolClient.java:onNext(255)) - client-8BD909272E8D->63cacea9-0392-4939-ad39-80c4c73dd84b: receive RaftClientReply:client-8BD909272E8D->63cacea9-0392-4939-ad39-80c4c73dd84b@group-EE6C16B6C358, cid=3291, SUCCESS, logIndex=4954, commits[63cacea9-0392-4939-ad39-80c4c73dd84b:c4955, bd7b7fea-2a7b-4c3f-852f-c014e42bfcb7:c4951, 3b4aa678-22a6-4ae2-9c6a-0e71cdb9d6d0:c4951]
2019-07-10 03:37:48,407 INFO  client.GrpcClientProtocolClient (GrpcClientProtocolClient.java:onNext(255)) - client-8BD909272E8D->63cacea9-0392-4939-ad39-80c4c73dd84b: receive RaftClientReply:client-8BD909272E8D->63cacea9-0392-4939-ad39-80c4c73dd84b@group-EE6C16B6C358, cid=3292, SUCCESS, logIndex=4955, commits[63cacea9-0392-4939-ad39-80c4c73dd84b:c4955, bd7b7fea-2a7b-4c3f-852f-c014e42bfcb7:c4951, 3b4aa678-22a6-4ae2-9c6a-0e71cdb9d6d0:c4951]
2019-07-10 03:37:48,422 INFO  client.GrpcClientProtocolClient (GrpcClientProtocolClient.java:onNext(255)) - client-8BD909272E8D->63cacea9-0392-4939-ad39-80c4c73dd84b: receive RaftClientReply:client-8BD909272E8D->63cacea9-0392-4939-ad39-80c4c73dd84b@group-EE6C16B6C358, cid=3293, SUCCESS, logIndex=0, commits[63cacea9-0392-4939-ad39-80c4c73dd84b:c4958, bd7b7fea-2a7b-4c3f-852f-c014e42bfcb7:c4953, 3b4aa678-22a6-4ae2-9c6a-0e71cdb9d6d0:c4954]
2019-07-10 03:37:48,453 INFO  client.GrpcClientProtocolClient (GrpcClientProtocolClient.java:onNext(255)) - client-8BD909272E8D->63cacea9-0392-4939-ad39-80c4c73dd84b: receive RaftClientReply:client-8BD909272E8D->63cacea9-0392-4939-ad39-80c4c73dd84b@group-EE6C16B6C358, cid=3294, SUCCESS, logIndex=4960, commits[63cacea9-0392-4939-ad39-80c4c73dd84b:c4961, bd7b7fea-2a7b-4c3f-852f-c014e42bfcb7:c4959, 3b4aa678-22a6-4ae2-9c6a-0e71cdb9d6d0:c4955]
2019-07-10 03:37:48,453 INFO  client.GrpcClientProtocolClient (GrpcClientProtocolClient.java:onNext(255)) - client-8BD909272E8D->63cacea9-0392-4939-ad39-80c4c73dd84b: receive RaftClientReply:client-8BD909272E8D->63cacea9-0392-4939-ad39-80c4c73dd84b@group-EE6C16B6C358, cid=3295, SUCCESS, logIndex=4961, commits[63cacea9-0392-4939-ad39-80c4c73dd84b:c4961, bd7b7fea-2a7b-4c3f-852f-c014e42bfcb7:c4959, 3b4aa678-22a6-4ae2-9c6a-0e71cdb9d6d0:c4959]
2019-07-10 03:37:48,476 INFO  client.GrpcClientProtocolClient (GrpcClientProtocolClient.java:onNext(255)) - client-8BD909272E8D->63cacea9-0392-4939-ad39-80c4c73dd84b: receive RaftClientReply:client-8BD909272E8D->63cacea9-0392-4939-ad39-80c4c73dd84b@group-EE6C16B6C358, cid=3296, SUCCESS, logIndex=4964, commits[63cacea9-0392-4939-ad39-80c4c73dd84b:c4965, bd7b7fea-2a7b-4c3f-852f-c014e42bfcb7:c4961, 3b4aa678-22a6-4ae2-9c6a-0e71cdb9d6d0:c4961]
2019-07-10 03:37:48,477 INFO  client.GrpcClientProtocolClient (GrpcClientProtocolClient.java:onNext(255)) - client-8BD909272E8D->63cacea9-0392-4939-ad39-80c4c73dd84b: receive RaftClientReply:client-8BD909272E8D->63cacea9-0392-4939-ad39-80c4c73dd84b@group-EE6C16B6C358, cid=3297, SUCCESS, logIndex=4965, commits[63cacea9-0392-4939-ad39-80c4c73dd84b:c4965, bd7b7fea-2a7b-4c3f-852f-c014e42bfcb7:c4961, 3b4aa678-22a6-4ae2-9c6a-0e71cdb9d6d0:c4961]
2019-07-10 03:37:48,479 INFO  client.GrpcClientProtocolClient (GrpcClientProtocolClient.java:onNext(255)) - client-8BD909272E8D->63cacea9-0392-4939-ad39-80c4c73dd84b: receive RaftClientReply:client-8BD909272E8D->63cacea9-0392-4939-ad39-80c4c73dd84b@group-EE6C16B6C358, cid=3298, SUCCESS, logIndex=0, commits[63cacea9-0392-4939-ad39-80c4c73dd84b:c4966, bd7b7fea-2a7b-4c3f-852f-c014e42bfcb7:c4965, 3b4aa678-22a6-4ae2-9c6a-0e71cdb9d6d0:c4965]
2019-07-10 03:37:48,513 INFO  client.GrpcClientProtocolClient (GrpcClientProtocolClient.java:onNext(255)) - client-8BD909272E8D->63cacea9-0392-4939-ad39-80c4c73dd84b: receive RaftClientReply:client-8BD909272E8D->63cacea9-0392-4939-ad39-80c4c73dd84b@group-EE6C16B6C358, cid=3299, SUCCESS, logIndex=4968, commits[63cacea9-0392-4939-ad39-80c4c73dd84b:c4970, bd7b7fea-2a7b-4c3f-852f-c014e42bfcb7:c4967, 3b4aa678-22a6-4ae2-9c6a-0e71cdb9d6d0:c4967]
2019-07-10 03:37:48,513 INFO  client.GrpcClientProtocolClient (GrpcClientProtocolClient.java:onNext(255)) - client-8BD909272E8D->63cacea9-0392-4939-ad39-80c4c73dd84b: receive RaftClientReply:client-8BD909272E8D->63cacea9-0392-4939-ad39-80c4c73dd84b@group-EE6C16B6C358, cid=3300, SUCCESS, logIndex=4969, commits[63cacea9-0392-4939-ad39-80c4c73dd84b:c4971, bd7b7fea-2a7b-4c3f-852f-c014e42bfcb7:c4967, 3b4aa678-22a6-4ae2-9c6a-0e71cdb9d6d0:c4967]
2019-07-10 03:37:48,514 INFO  client.GrpcClientProtocolClient (GrpcClientProtocolClient.java:onNext(255)) - client-8BD909272E8D->63cacea9-0392-4939-ad39-80c4c73dd84b: receive RaftClientReply:client-8BD909272E8D->63cacea9-0392-4939-ad39-80c4c73dd84b@group-EE6C16B6C358, cid=3301, SUCCESS, logIndex=4970, commits[63cacea9-0392-4939-ad39-80c4c73dd84b:c4971, bd7b7fea-2a7b-4c3f-852f-c014e42bfcb7:c4967, 3b4aa678-22a6-4ae2-9c6a-0e71cdb9d6d0:c4967]
2019-07-10 03:37:48,514 INFO  client.GrpcClientProtocolClient (GrpcClientProtocolClient.java:onNext(255)) - client-8BD909272E8D->63cacea9-0392-4939-ad39-80c4c73dd84b: receive RaftClientReply:client-8BD909272E8D->63cacea9-0392-4939-ad39-80c4c73dd84b@group-EE6C16B6C358, cid=3302, SUCCESS, logIndex=4971, commits[63cacea9-0392-4939-ad39-80c4c73dd84b:c4971, bd7b7fea-2a7b-4c3f-852f-c014e42bfcb7:c4967, 3b4aa678-22a6-4ae2-9c6a-0e71cdb9d6d0:c4967]
2019-07-10 03:37:48,527 INFO  client.GrpcClientProtocolClient (GrpcClientProtocolClient.java:onNext(255)) - client-8BD909272E8D->63cacea9-0392-4939-ad39-80c4c73dd84b: receive RaftClientReply:client-8BD909272E8D->63cacea9-0392-4939-ad39-80c4c73dd84b@group-EE6C16B6C358, cid=3303, SUCCESS, logIndex=0, commits[63cacea9-0392-4939-ad39-80c4c73dd84b:c4974, bd7b7fea-2a7b-4c3f-852f-c014e42bfcb7:c4970, 3b4aa678-22a6-4ae2-9c6a-0e71cdb9d6d0:c4969]
2019-07-10 03:37:48,547 INFO  client.GrpcClientProtocolClient (GrpcClientProtocolClient.java:onNext(255)) - client-8BD909272E8D->63cacea9-0392-4939-ad39-80c4c73dd84b: receive RaftClientReply:client-8BD909272E8D->63cacea9-0392-4939-ad39-80c4c73dd84b@group-EE6C16B6C358, cid=3304, SUCCESS, logIndex=4976, commits[63cacea9-0392-4939-ad39-80c4c73dd84b:c4977, bd7b7fea-2a7b-4c3f-852f-c014e42bfcb7:c4975, 3b4aa678-22a6-4ae2-9c6a-0e71cdb9d6d0:c4975]
2019-07-10 03:37:48,548 INFO  client.GrpcClientProtocolClient (GrpcClientProtocolClient.java:onNext(255)) - client-8BD909272E8D->63cacea9-0392-4939-ad39-80c4c73dd84b: receive RaftClientReply:client-8BD909272E8D->63cacea9-0392-4939-ad39-80c4c73dd84b@group-EE6C16B6C358, cid=3305, SUCCESS, logIndex=4977, commits[63cacea9-0392-4939-ad39-80c4c73dd84b:c4977, bd7b7fea-2a7b-4c3f-852f-c014e42bfcb7:c4975, 3b4aa678-22a6-4ae2-9c6a-0e71cdb9d6d0:c4975]
2019-07-10 03:37:48,563 INFO  client.GrpcClientProtocolClient (GrpcClientProtocolClient.java:onNext(255)) - client-8BD909272E8D->63cacea9-0392-4939-ad39-80c4c73dd84b: receive RaftClientReply:client-8BD909272E8D->63cacea9-0392-4939-ad39-80c4c73dd84b@group-EE6C16B6C358, cid=3306, SUCCESS, logIndex=4980, commits[63cacea9-0392-4939-ad39-80c4c73dd84b:c4981, bd7b7fea-2a7b-4c3f-852f-c014e42bfcb7:c4977, 3b4aa678-22a6-4ae2-9c6a-0e71cdb9d6d0:c4977]
2019-07-10 03:37:48,563 INFO  client.GrpcClientProtocolClient (GrpcClientProtocolClient.java:onNext(255)) - client-8BD909272E8D->63cacea9-0392-4939-ad39-80c4c73dd84b: receive RaftClientReply:client-8BD909272E8D->63cacea9-0392-4939-ad39-80c4c73dd84b@group-EE6C16B6C358, cid=3307, SUCCESS, logIndex=4981, commits[63cacea9-0392-4939-ad39-80c4c73dd84b:c4981, bd7b7fea-2a7b-4c3f-852f-c014e42bfcb7:c4977, 3b4aa678-22a6-4ae2-9c6a-0e71cdb9d6d0:c4977]
2019-07-10 03:37:48,577 INFO  client.GrpcClientProtocolClient (GrpcClientProtocolClient.java:onNext(255)) - client-8BD909272E8D->63cacea9-0392-4939-ad39-80c4c73dd84b: receive RaftClientReply:client-8BD909272E8D->63cacea9-0392-4939-ad39-80c4c73dd84b@group-EE6C16B6C358, cid=3308, SUCCESS, logIndex=0, commits[63cacea9-0392-4939-ad39-80c4c73dd84b:c4983, bd7b7fea-2a7b-4c3f-852f-c014e42bfcb7:c4981, 3b4aa678-22a6-4ae2-9c6a-0e71cdb9d6d0:c4981]
2019-07-10 03:37:48,616 INFO  client.GrpcClientProtocolClient (GrpcClientProtocolClient.java:onNext(255)) - client-8BD909272E8D->63cacea9-0392-4939-ad39-80c4c73dd84b: receive RaftClientReply:client-8BD909272E8D->63cacea9-0392-4939-ad39-80c4c73dd84b@group-EE6C16B6C358, cid=3309, SUCCESS, logIndex=4984, commits[63cacea9-0392-4939-ad39-80c4c73dd84b:c4985, bd7b7fea-2a7b-4c3f-852f-c014e42bfcb7:c4983, 3b4aa678-22a6-4ae2-9c6a-0e71cdb9d6d0:c4983]
2019-07-10 03:37:48,617 INFO  client.GrpcClientProtocolClient (GrpcClientProtocolClient.java:onNext(255)) - client-8BD909272E8D->63cacea9-0392-4939-ad39-80c4c73dd84b: receive RaftClientReply:client-8BD909272E8D->63cacea9-0392-4939-ad39-80c4c73dd84b@group-EE6C16B6C358, cid=3310, SUCCESS, logIndex=4985, commits[63cacea9-0392-4939-ad39-80c4c73dd84b:c4987, bd7b7fea-2a7b-4c3f-852f-c014e42bfcb7:c4983, 3b4aa678-22a6-4ae2-9c6a-0e71cdb9d6d0:c4983]
2019-07-10 03:37:48,617 INFO  client.GrpcClientProtocolClient (GrpcClientProtocolClient.java:onNext(255)) - client-8BD909272E8D->63cacea9-0392-4939-ad39-80c4c73dd84b: receive RaftClientReply:client-8BD909272E8D->63cacea9-0392-4939-ad39-80c4c73dd84b@group-EE6C16B6C358, cid=3311, SUCCESS, logIndex=4986, commits[63cacea9-0392-4939-ad39-80c4c73dd84b:c4987, bd7b7fea-2a7b-4c3f-852f-c014e42bfcb7:c4983, 3b4aa678-22a6-4ae2-9c6a-0e71cdb9d6d0:c4983]
2019-07-10 03:37:48,617 INFO  client.GrpcClientProtocolClient (GrpcClientProtocolClient.java:onNext(255)) - client-8BD909272E8D->63cacea9-0392-4939-ad39-80c4c73dd84b: receive RaftClientReply:client-8BD909272E8D->63cacea9-0392-4939-ad39-80c4c73dd84b@group-EE6C16B6C358, cid=3312, SUCCESS, logIndex=4987, commits[63cacea9-0392-4939-ad39-80c4c73dd84b:c4987, bd7b7fea-2a7b-4c3f-852f-c014e42bfcb7:c4983, 3b4aa678-22a6-4ae2-9c6a-0e71cdb9d6d0:c4983]
2019-07-10 03:37:48,640 INFO  client.GrpcClientProtocolClient (GrpcClientProtocolClient.java:onNext(255)) - client-8BD909272E8D->63cacea9-0392-4939-ad39-80c4c73dd84b: receive RaftClientReply:client-8BD909272E8D->63cacea9-0392-4939-ad39-80c4c73dd84b@group-EE6C16B6C358, cid=3313, SUCCESS, logIndex=0, commits[63cacea9-0392-4939-ad39-80c4c73dd84b:c4990, bd7b7fea-2a7b-4c3f-852f-c014e42bfcb7:c4985, 3b4aa678-22a6-4ae2-9c6a-0e71cdb9d6d0:c4987]
2019-07-10 03:37:48,661 INFO  client.GrpcClientProtocolClient (GrpcClientProtocolClient.java:onNext(255)) - client-8BD909272E8D->63cacea9-0392-4939-ad39-80c4c73dd84b: receive RaftClientReply:client-8BD909272E8D->63cacea9-0392-4939-ad39-80c4c73dd84b@group-EE6C16B6C358, cid=3314, SUCCESS, logIndex=4992, commits[63cacea9-0392-4939-ad39-80c4c73dd84b:c4993, bd7b7fea-2a7b-4c3f-852f-c014e42bfcb7:c4991, 3b4aa678-22a6-4ae2-9c6a-0e71cdb9d6d0:c4991]
2019-07-10 03:37:48,662 INFO  client.GrpcClientProtocolClient (GrpcClientProtocolClient.java:onNext(255)) - client-8BD909272E8D->63cacea9-0392-4939-ad39-80c4c73dd84b: receive RaftClientReply:client-8BD909272E8D->63cacea9-0392-4939-ad39-80c4c73dd84b@group-EE6C16B6C358, cid=3315, SUCCESS, logIndex=4993, commits[63cacea9-0392-4939-ad39-80c4c73dd84b:c4993, bd7b7fea-2a7b-4c3f-852f-c014e42bfcb7:c4991, 3b4aa678-22a6-4ae2-9c6a-0e71cdb9d6d0:c4991]
2019-07-10 03:37:48,687 INFO  client.GrpcClientProtocolClient (GrpcClientProtocolClient.java:onNext(255)) - client-8BD909272E8D->63cacea9-0392-4939-ad39-80c4c73dd84b: receive RaftClientReply:client-8BD909272E8D->63cacea9-0392-4939-ad39-80c4c73dd84b@group-EE6C16B6C358, cid=3316, SUCCESS, logIndex=4996, commits[63cacea9-0392-4939-ad39-80c4c73dd84b:c4997, bd7b7fea-2a7b-4c3f-852f-c014e42bfcb7:c4992, 3b4aa678-22a6-4ae2-9c6a-0e71cdb9d6d0:c4993]
2019-07-10 03:37:48,692 INFO  client.GrpcClientProtocolClient (GrpcClientProtocolClient.java:onNext(255)) - client-8BD909272E8D->63cacea9-0392-4939-ad39-80c4c73dd84b: receive RaftClientReply:client-8BD909272E8D->63cacea9-0392-4939-ad39-80c4c73dd84b@group-EE6C16B6C358, cid=3317, SUCCESS, logIndex=4997, commits[63cacea9-0392-4939-ad39-80c4c73dd84b:c4997, bd7b7fea-2a7b-4c3f-852f-c014e42bfcb7:c4993, 3b4aa678-22a6-4ae2-9c6a-0e71cdb9d6d0:c4993]
2019-07-10 03:37:48,702 INFO  client.GrpcClientProtocolClient (GrpcClientProtocolClient.java:onNext(255)) - client-8BD909272E8D->63cacea9-0392-4939-ad39-80c4c73dd84b: receive RaftClientReply:client-8BD909272E8D->63cacea9-0392-4939-ad39-80c4c73dd84b@group-EE6C16B6C358, cid=3318, SUCCESS, logIndex=0, commits[63cacea9-0392-4939-ad39-80c4c73dd84b:c4999, bd7b7fea-2a7b-4c3f-852f-c014e42bfcb7:c4997, 3b4aa678-22a6-4ae2-9c6a-0e71cdb9d6d0:c4997]
2019-07-10 03:37:48,733 INFO  client.GrpcClientProtocolClient (GrpcClientProtocolClient.java:onNext(255)) - client-8BD909272E8D->63cacea9-0392-4939-ad39-80c4c73dd84b: receive RaftClientReply:client-8BD909272E8D->63cacea9-0392-4939-ad39-80c4c73dd84b@group-EE6C16B6C358, cid=3319, SUCCESS, logIndex=5000, commits[63cacea9-0392-4939-ad39-80c4c73dd84b:c5001, bd7b7fea-2a7b-4c3f-852f-c014e42bfcb7:c4999, 3b4aa678-22a6-4ae2-9c6a-0e71cdb9d6d0:c4999]
2019-07-10 03:37:48,734 INFO  client.GrpcClientProtocolClient (GrpcClientProtocolClient.java:onNext(255)) - client-8BD909272E8D->63cacea9-0392-4939-ad39-80c4c73dd84b: receive RaftClientReply:client-8BD909272E8D->63cacea9-0392-4939-ad39-80c4c73dd84b@group-EE6C16B6C358, cid=3320, SUCCESS, logIndex=5001, commits[63cacea9-0392-4939-ad39-80c4c73dd84b:c5003, bd7b7fea-2a7b-4c3f-852f-c014e42bfcb7:c4999, 3b4aa678-22a6-4ae2-9c6a-0e71cdb9d6d0:c4999]
2019-07-10 03:37:48,735 INFO  client.GrpcClientProtocolClient (GrpcClientProtocolClient.java:onNext(255)) - client-8BD909272E8D->63cacea9-0392-4939-ad39-80c4c73dd84b: receive RaftClientReply:client-8BD909272E8D->63cacea9-0392-4939-ad39-80c4c73dd84b@group-EE6C16B6C358, cid=3321, SUCCESS, logIndex=5002, commits[63cacea9-0392-4939-ad39-80c4c73dd84b:c5003, bd7b7fea-2a7b-4c3f-852f-c014e42bfcb7:c4999, 3b4aa678-22a6-4ae2-9c6a-0e71cdb9d6d0:c4999]
2019-07-10 03:37:48,735 INFO  client.GrpcClientProtocolClient (GrpcClientProtocolClient.java:onNext(255)) - client-8BD909272E8D->63cacea9-0392-4939-ad39-80c4c73dd84b: receive RaftClientReply:client-8BD909272E8D->63cacea9-0392-4939-ad39-80c4c73dd84b@group-EE6C16B6C358, cid=3322, SUCCESS, logIndex=5003, commits[63cacea9-0392-4939-ad39-80c4c73dd84b:c5003, bd7b7fea-2a7b-4c3f-852f-c014e42bfcb7:c4999, 3b4aa678-22a6-4ae2-9c6a-0e71cdb9d6d0:c4999]
2019-07-10 03:37:48,736 INFO  client.GrpcClientProtocolClient (GrpcClientProtocolClient.java:onNext(255)) - client-8BD909272E8D->63cacea9-0392-4939-ad39-80c4c73dd84b: receive RaftClientReply:client-8BD909272E8D->63cacea9-0392-4939-ad39-80c4c73dd84b@group-EE6C16B6C358, cid=3323, SUCCESS, logIndex=0, commits[63cacea9-0392-4939-ad39-80c4c73dd84b:c5006, bd7b7fea-2a7b-4c3f-852f-c014e42bfcb7:c5003, 3b4aa678-22a6-4ae2-9c6a-0e71cdb9d6d0:c5003]
2019-07-10 03:37:48,758 INFO  client.GrpcClientProtocolClient (GrpcClientProtocolClient.java:onNext(255)) - client-8BD909272E8D->63cacea9-0392-4939-ad39-80c4c73dd84b: receive RaftClientReply:client-8BD909272E8D->63cacea9-0392-4939-ad39-80c4c73dd84b@group-EE6C16B6C358, cid=3324, SUCCESS, logIndex=5007, commits[63cacea9-0392-4939-ad39-80c4c73dd84b:c5008, bd7b7fea-2a7b-4c3f-852f-c014e42bfcb7:c5006, 3b4aa678-22a6-4ae2-9c6a-0e71cdb9d6d0:c5006]
2019-07-10 03:37:48,758 INFO  client.GrpcClientProtocolClient (GrpcClientProtocolClient.java:onNext(255)) - client-8BD909272E8D->63cacea9-0392-4939-ad39-80c4c73dd84b: receive RaftClientReply:client-8BD909272E8D->63cacea9-0392-4939-ad39-80c4c73dd84b@group-EE6C16B6C358, cid=3325, SUCCESS, logIndex=5008, commits[63cacea9-0392-4939-ad39-80c4c73dd84b:c5008, bd7b7fea-2a7b-4c3f-852f-c014e42bfcb7:c5006, 3b4aa678-22a6-4ae2-9c6a-0e71cdb9d6d0:c5006]
2019-07-10 03:37:48,786 INFO  client.GrpcClientProtocolClient (GrpcClientProtocolClient.java:onNext(255)) - client-8BD909272E8D->63cacea9-0392-4939-ad39-80c4c73dd84b: receive RaftClientReply:client-8BD909272E8D->63cacea9-0392-4939-ad39-80c4c73dd84b@group-EE6C16B6C358, cid=3326, SUCCESS, logIndex=5011, commits[63cacea9-0392-4939-ad39-80c4c73dd84b:c5012, bd7b7fea-2a7b-4c3f-852f-c014e42bfcb7:c5008, 3b4aa678-22a6-4ae2-9c6a-0e71cdb9d6d0:c5008]
2019-07-10 03:37:48,787 INFO  client.GrpcClientProtocolClient (GrpcClientProtocolClient.java:onNext(255)) - client-8BD909272E8D->63cacea9-0392-4939-ad39-80c4c73dd84b: receive RaftClientReply:client-8BD909272E8D->63cacea9-0392-4939-ad39-80c4c73dd84b@group-EE6C16B6C358, cid=3327, SUCCESS, logIndex=5012, commits[63cacea9-0392-4939-ad39-80c4c73dd84b:c5012, bd7b7fea-2a7b-4c3f-852f-c014e42bfcb7:c5008, 3b4aa678-22a6-4ae2-9c6a-0e71cdb9d6d0:c5008]
2019-07-10 03:37:48,811 INFO  client.GrpcClientProtocolClient (GrpcClientProtocolClient.java:onNext(255)) - client-8BD909272E8D->63cacea9-0392-4939-ad39-80c4c73dd84b: receive RaftClientReply:client-8BD909272E8D->63cacea9-0392-4939-ad39-80c4c73dd84b@group-EE6C16B6C358, cid=3328, SUCCESS, logIndex=0, commits[63cacea9-0392-4939-ad39-80c4c73dd84b:c5014, bd7b7fea-2a7b-4c3f-852f-c014e42bfcb7:c5012, 3b4aa678-22a6-4ae2-9c6a-0e71cdb9d6d0:c5012]
2019-07-10 03:37:48,842 INFO  client.GrpcClientProtocolClient (GrpcClientProtocolClient.java:onNext(255)) - client-8BD909272E8D->63cacea9-0392-4939-ad39-80c4c73dd84b: receive RaftClientReply:client-8BD909272E8D->63cacea9-0392-4939-ad39-80c4c73dd84b@group-EE6C16B6C358, cid=3329, SUCCESS, logIndex=5015, commits[63cacea9-0392-4939-ad39-80c4c73dd84b:c5017, bd7b7fea-2a7b-4c3f-852f-c014e42bfcb7:c5014, 3b4aa678-22a6-4ae2-9c6a-0e71cdb9d6d0:c5014]
2019-07-10 03:37:48,843 INFO  client.GrpcClientProtocolClient (GrpcClientProtocolClient.java:onNext(255)) - client-8BD909272E8D->63cacea9-0392-4939-ad39-80c4c73dd84b: receive RaftClientReply:client-8BD909272E8D->63cacea9-0392-4939-ad39-80c4c73dd84b@group-EE6C16B6C358, cid=3330, SUCCESS, logIndex=5016, commits[63cacea9-0392-4939-ad39-80c4c73dd84b:c5018, bd7b7fea-2a7b-4c3f-852f-c014e42bfcb7:c5014, 3b4aa678-22a6-4ae2-9c6a-0e71cdb9d6d0:c5014]
2019-07-10 03:37:48,843 INFO  client.GrpcClientProtocolClient (GrpcClientProtocolClient.java:onNext(255)) - client-8BD909272E8D->63cacea9-0392-4939-ad39-80c4c73dd84b: receive RaftClientReply:client-8BD909272E8D->63cacea9-0392-4939-ad39-80c4c73dd84b@group-EE6C16B6C358, cid=3331, SUCCESS, logIndex=5017, commits[63cacea9-0392-4939-ad39-80c4c73dd84b:c5018, bd7b7fea-2a7b-4c3f-852f-c014e42bfcb7:c5014, 3b4aa678-22a6-4ae2-9c6a-0e71cdb9d6d0:c5014]
2019-07-10 03:37:48,844 INFO  client.GrpcClientProtocolClient (GrpcClientProtocolClient.java:onNext(255)) - client-8BD909272E8D->63cacea9-0392-4939-ad39-80c4c73dd84b: receive RaftClientReply:client-8BD909272E8D->63cacea9-0392-4939-ad39-80c4c73dd84b@group-EE6C16B6C358, cid=3332, SUCCESS, logIndex=5018, commits[63cacea9-0392-4939-ad39-80c4c73dd84b:c5019, bd7b7fea-2a7b-4c3f-852f-c014e42bfcb7:c5014, 3b4aa678-22a6-4ae2-9c6a-0e71cdb9d6d0:c5015]
2019-07-10 03:37:48,856 INFO  client.GrpcClientProtocolClient (GrpcClientProtocolClient.java:onNext(255)) - client-8BD909272E8D->63cacea9-0392-4939-ad39-80c4c73dd84b: receive RaftClientReply:client-8BD909272E8D->63cacea9-0392-4939-ad39-80c4c73dd84b@group-EE6C16B6C358, cid=3333, SUCCESS, logIndex=0, commits[63cacea9-0392-4939-ad39-80c4c73dd84b:c5021, bd7b7fea-2a7b-4c3f-852f-c014e42bfcb7:c5017, 3b4aa678-22a6-4ae2-9c6a-0e71cdb9d6d0:c5017]
2019-07-10 03:37:48,877 INFO  client.GrpcClientProtocolClient (GrpcClientProtocolClient.java:onNext(255)) - client-8BD909272E8D->63cacea9-0392-4939-ad39-80c4c73dd84b: receive RaftClientReply:client-8BD909272E8D->63cacea9-0392-4939-ad39-80c4c73dd84b@group-EE6C16B6C358, cid=3334, SUCCESS, logIndex=5023, commits[63cacea9-0392-4939-ad39-80c4c73dd84b:c5024, bd7b7fea-2a7b-4c3f-852f-c014e42bfcb7:c5022, 3b4aa678-22a6-4ae2-9c6a-0e71cdb9d6d0:c5022]
2019-07-10 03:37:48,877 INFO  client.GrpcClientProtocolClient (GrpcClientProtocolClient.java:onNext(255)) - client-8BD909272E8D->63cacea9-0392-4939-ad39-80c4c73dd84b: receive RaftClientReply:client-8BD909272E8D->63cacea9-0392-4939-ad39-80c4c73dd84b@group-EE6C16B6C358, cid=3335, SUCCESS, logIndex=5024, commits[63cacea9-0392-4939-ad39-80c4c73dd84b:c5024, bd7b7fea-2a7b-4c3f-852f-c014e42bfcb7:c5022, 3b4aa678-22a6-4ae2-9c6a-0e71cdb9d6d0:c5022]
2019-07-10 03:37:48,892 INFO  client.GrpcClientProtocolClient (GrpcClientProtocolClient.java:onNext(255)) - client-8BD909272E8D->63cacea9-0392-4939-ad39-80c4c73dd84b: receive RaftClientReply:client-8BD909272E8D->63cacea9-0392-4939-ad39-80c4c73dd84b@group-EE6C16B6C358, cid=3336, SUCCESS, logIndex=5027, commits[63cacea9-0392-4939-ad39-80c4c73dd84b:c5027, bd7b7fea-2a7b-4c3f-852f-c014e42bfcb7:c5024, 3b4aa678-22a6-4ae2-9c6a-0e71cdb9d6d0:c5024]
2019-07-10 03:37:48,892 INFO  client.GrpcClientProtocolClient (GrpcClientProtocolClient.java:onNext(255)) - client-8BD909272E8D->63cacea9-0392-4939-ad39-80c4c73dd84b: receive RaftClientReply:client-8BD909272E8D->63cacea9-0392-4939-ad39-80c4c73dd84b@group-EE6C16B6C358, cid=3337, SUCCESS, logIndex=5028, commits[63cacea9-0392-4939-ad39-80c4c73dd84b:c5028, bd7b7fea-2a7b-4c3f-852f-c014e42bfcb7:c5024, 3b4aa678-22a6-4ae2-9c6a-0e71cdb9d6d0:c5024]
2019-07-10 03:37:48,905 INFO  client.GrpcClientProtocolClient (GrpcClientProtocolClient.java:onNext(255)) - client-8BD909272E8D->63cacea9-0392-4939-ad39-80c4c73dd84b: receive RaftClientReply:client-8BD909272E8D->63cacea9-0392-4939-ad39-80c4c73dd84b@group-EE6C16B6C358, cid=3338, SUCCESS, logIndex=0, commits[63cacea9-0392-4939-ad39-80c4c73dd84b:c5030, bd7b7fea-2a7b-4c3f-852f-c014e42bfcb7:c5028, 3b4aa678-22a6-4ae2-9c6a-0e71cdb9d6d0:c5028]
2019-07-10 03:37:48,939 INFO  client.GrpcClientProtocolClient (GrpcClientProtocolClient.java:onNext(255)) - client-8BD909272E8D->63cacea9-0392-4939-ad39-80c4c73dd84b: receive RaftClientReply:client-8BD909272E8D->63cacea9-0392-4939-ad39-80c4c73dd84b@group-EE6C16B6C358, cid=3339, SUCCESS, logIndex=5031, commits[63cacea9-0392-4939-ad39-80c4c73dd84b:c5032, bd7b7fea-2a7b-4c3f-852f-c014e42bfcb7:c5030, 3b4aa678-22a6-4ae2-9c6a-0e71cdb9d6d0:c5030]
2019-07-10 03:37:48,940 INFO  client.GrpcClientProtocolClient (GrpcClientProtocolClient.java:onNext(255)) - client-8BD909272E8D->63cacea9-0392-4939-ad39-80c4c73dd84b: receive RaftClientReply:client-8BD909272E8D->63cacea9-0392-4939-ad39-80c4c73dd84b@group-EE6C16B6C358, cid=3340, SUCCESS, logIndex=5032, commits[63cacea9-0392-4939-ad39-80c4c73dd84b:c5034, bd7b7fea-2a7b-4c3f-852f-c014e42bfcb7:c5030, 3b4aa678-22a6-4ae2-9c6a-0e71cdb9d6d0:c5030]
2019-07-10 03:37:48,941 INFO  client.GrpcClientProtocolClient (GrpcClientProtocolClient.java:onNext(255)) - client-8BD909272E8D->63cacea9-0392-4939-ad39-80c4c73dd84b: receive RaftClientReply:client-8BD909272E8D->63cacea9-0392-4939-ad39-80c4c73dd84b@group-EE6C16B6C358, cid=3341, SUCCESS, logIndex=5033, commits[63cacea9-0392-4939-ad39-80c4c73dd84b:c5034, bd7b7fea-2a7b-4c3f-852f-c014e42bfcb7:c5030, 3b4aa678-22a6-4ae2-9c6a-0e71cdb9d6d0:c5030]
2019-07-10 03:37:48,941 INFO  client.GrpcClientProtocolClient (GrpcClientProtocolClient.java:onNext(255)) - client-8BD909272E8D->63cacea9-0392-4939-ad39-80c4c73dd84b: receive RaftClientReply:client-8BD909272E8D->63cacea9-0392-4939-ad39-80c4c73dd84b@group-EE6C16B6C358, cid=3342, SUCCESS, logIndex=5034, commits[63cacea9-0392-4939-ad39-80c4c73dd84b:c5035, bd7b7fea-2a7b-4c3f-852f-c014e42bfcb7:c5030, 3b4aa678-22a6-4ae2-9c6a-0e71cdb9d6d0:c5032]
2019-07-10 03:37:48,942 INFO  client.GrpcClientProtocolClient (GrpcClientProtocolClient.java:onNext(255)) - client-8BD909272E8D->63cacea9-0392-4939-ad39-80c4c73dd84b: receive RaftClientReply:client-8BD909272E8D->63cacea9-0392-4939-ad39-80c4c73dd84b@group-EE6C16B6C358, cid=3343, SUCCESS, logIndex=0, commits[63cacea9-0392-4939-ad39-80c4c73dd84b:c5036, bd7b7fea-2a7b-4c3f-852f-c014e42bfcb7:c5032, 3b4aa678-22a6-4ae2-9c6a-0e71cdb9d6d0:c5032]
2019-07-10 03:37:48,970 INFO  client.GrpcClientProtocolClient (GrpcClientProtocolClient.java:onNext(255)) - client-8BD909272E8D->63cacea9-0392-4939-ad39-80c4c73dd84b: receive RaftClientReply:client-8BD909272E8D->63cacea9-0392-4939-ad39-80c4c73dd84b@group-EE6C16B6C358, cid=3344, SUCCESS, logIndex=5039, commits[63cacea9-0392-4939-ad39-80c4c73dd84b:c5040, bd7b7fea-2a7b-4c3f-852f-c014e42bfcb7:c5038, 3b4aa678-22a6-4ae2-9c6a-0e71cdb9d6d0:c5038]
2019-07-10 03:37:48,970 INFO  client.GrpcClientProtocolClient (GrpcClientProtocolClient.java:onNext(255)) - client-8BD909272E8D->63cacea9-0392-4939-ad39-80c4c73dd84b: receive RaftClientReply:client-8BD909272E8D->63cacea9-0392-4939-ad39-80c4c73dd84b@group-EE6C16B6C358, cid=3345, SUCCESS, logIndex=5040, commits[63cacea9-0392-4939-ad39-80c4c73dd84b:c5040, bd7b7fea-2a7b-4c3f-852f-c014e42bfcb7:c5038, 3b4aa678-22a6-4ae2-9c6a-0e71cdb9d6d0:c5038]
2019-07-10 03:37:48,995 INFO  client.GrpcClientProtocolClient (GrpcClientProtocolClient.java:onNext(255)) - client-8BD909272E8D->63cacea9-0392-4939-ad39-80c4c73dd84b: receive RaftClientReply:client-8BD909272E8D->63cacea9-0392-4939-ad39-80c4c73dd84b@group-EE6C16B6C358, cid=3346, SUCCESS, logIndex=5043, commits[63cacea9-0392-4939-ad39-80c4c73dd84b:c5044, bd7b7fea-2a7b-4c3f-852f-c014e42bfcb7:c5040, 3b4aa678-22a6-4ae2-9c6a-0e71cdb9d6d0:c5040]
2019-07-10 03:37:48,996 INFO  client.GrpcClientProtocolClient (GrpcClientProtocolClient.java:onNext(255)) - client-8BD909272E8D->63cacea9-0392-4939-ad39-80c4c73dd84b: receive RaftClientReply:client-8BD909272E8D->63cacea9-0392-4939-ad39-80c4c73dd84b@group-EE6C16B6C358, cid=3347, SUCCESS, logIndex=5044, commits[63cacea9-0392-4939-ad39-80c4c73dd84b:c5044, bd7b7fea-2a7b-4c3f-852f-c014e42bfcb7:c5040, 3b4aa678-22a6-4ae2-9c6a-0e71cdb9d6d0:c5040]
2019-07-10 03:37:49,006 INFO  client.GrpcClientProtocolClient (GrpcClientProtocolClient.java:onNext(255)) - client-8BD909272E8D->63cacea9-0392-4939-ad39-80c4c73dd84b: receive RaftClientReply:client-8BD909272E8D->63cacea9-0392-4939-ad39-80c4c73dd84b@group-EE6C16B6C358, cid=3348, SUCCESS, logIndex=0, commits[63cacea9-0392-4939-ad39-80c4c73dd84b:c5045, bd7b7fea-2a7b-4c3f-852f-c014e42bfcb7:c5044, 3b4aa678-22a6-4ae2-9c6a-0e71cdb9d6d0:c5044]
2019-07-10 03:37:49,047 INFO  client.GrpcClientProtocolClient (GrpcClientProtocolClient.java:onNext(255)) - client-8BD909272E8D->63cacea9-0392-4939-ad39-80c4c73dd84b: receive RaftClientReply:client-8BD909272E8D->63cacea9-0392-4939-ad39-80c4c73dd84b@group-EE6C16B6C358, cid=3349, SUCCESS, logIndex=5047, commits[63cacea9-0392-4939-ad39-80c4c73dd84b:c5048, bd7b7fea-2a7b-4c3f-852f-c014e42bfcb7:c5046, 3b4aa678-22a6-4ae2-9c6a-0e71cdb9d6d0:c5046]
2019-07-10 03:37:49,048 INFO  client.GrpcClientProtocolClient (GrpcClientProtocolClient.java:onNext(255)) - client-8BD909272E8D->63cacea9-0392-4939-ad39-80c4c73dd84b: receive RaftClientReply:client-8BD909272E8D->63cacea9-0392-4939-ad39-80c4c73dd84b@group-EE6C16B6C358, cid=3350, SUCCESS, logIndex=5048, commits[63cacea9-0392-4939-ad39-80c4c73dd84b:c5049, bd7b7fea-2a7b-4c3f-852f-c014e42bfcb7:c5046, 3b4aa678-22a6-4ae2-9c6a-0e71cdb9d6d0:c5046]
2019-07-10 03:37:49,048 INFO  client.GrpcClientProtocolClient (GrpcClientProtocolClient.java:onNext(255)) - client-8BD909272E8D->63cacea9-0392-4939-ad39-80c4c73dd84b: receive RaftClientReply:client-8BD909272E8D->63cacea9-0392-4939-ad39-80c4c73dd84b@group-EE6C16B6C358, cid=3351, SUCCESS, logIndex=5049, commits[63cacea9-0392-4939-ad39-80c4c73dd84b:c5050, bd7b7fea-2a7b-4c3f-852f-c014e42bfcb7:c5046, 3b4aa678-22a6-4ae2-9c6a-0e71cdb9d6d0:c5046]
2019-07-10 03:37:49,049 INFO  client.GrpcClientProtocolClient (GrpcClientProtocolClient.java:onNext(255)) - client-8BD909272E8D->63cacea9-0392-4939-ad39-80c4c73dd84b: receive RaftClientReply:client-8BD909272E8D->63cacea9-0392-4939-ad39-80c4c73dd84b@group-EE6C16B6C358, cid=3352, SUCCESS, logIndex=5050, commits[63cacea9-0392-4939-ad39-80c4c73dd84b:c5050, bd7b7fea-2a7b-4c3f-852f-c014e42bfcb7:c5047, 3b4aa678-22a6-4ae2-9c6a-0e71cdb9d6d0:c5046]
2019-07-10 03:37:49,051 INFO  client.GrpcClientProtocolClient (GrpcClientProtocolClient.java:onNext(255)) - client-8BD909272E8D->63cacea9-0392-4939-ad39-80c4c73dd84b: receive RaftClientReply:client-8BD909272E8D->63cacea9-0392-4939-ad39-80c4c73dd84b@group-EE6C16B6C358, cid=3353, SUCCESS, logIndex=0, commits[63cacea9-0392-4939-ad39-80c4c73dd84b:c5052, bd7b7fea-2a7b-4c3f-852f-c014e42bfcb7:c5048, 3b4aa678-22a6-4ae2-9c6a-0e71cdb9d6d0:c5048]
2019-07-10 03:37:49,065 INFO  client.GrpcClientProtocolClient (GrpcClientProtocolClient.java:onNext(255)) - client-8BD909272E8D->63cacea9-0392-4939-ad39-80c4c73dd84b: receive RaftClientReply:client-8BD909272E8D->63cacea9-0392-4939-ad39-80c4c73dd84b@group-EE6C16B6C358, cid=3354, SUCCESS, logIndex=5055, commits[63cacea9-0392-4939-ad39-80c4c73dd84b:c5055, bd7b7fea-2a7b-4c3f-852f-c014e42bfcb7:c5053, 3b4aa678-22a6-4ae2-9c6a-0e71cdb9d6d0:c5053]
2019-07-10 03:37:49,065 INFO  client.GrpcClientProtocolClient (GrpcClientProtocolClient.java:onNext(255)) - client-8BD909272E8D->63cacea9-0392-4939-ad39-80c4c73dd84b: receive RaftClientReply:client-8BD909272E8D->63cacea9-0392-4939-ad39-80c4c73dd84b@group-EE6C16B6C358, cid=3355, SUCCESS, logIndex=5056, commits[63cacea9-0392-4939-ad39-80c4c73dd84b:c5056, bd7b7fea-2a7b-4c3f-852f-c014e42bfcb7:c5053, 3b4aa678-22a6-4ae2-9c6a-0e71cdb9d6d0:c5053]
2019-07-10 03:37:49,091 INFO  client.GrpcClientProtocolClient (GrpcClientProtocolClient.java:onNext(255)) - client-8BD909272E8D->63cacea9-0392-4939-ad39-80c4c73dd84b: receive RaftClientReply:client-8BD909272E8D->63cacea9-0392-4939-ad39-80c4c73dd84b@group-EE6C16B6C358, cid=3356, SUCCESS, logIndex=5059, commits[63cacea9-0392-4939-ad39-80c4c73dd84b:c5060, bd7b7fea-2a7b-4c3f-852f-c014e42bfcb7:c5056, 3b4aa678-22a6-4ae2-9c6a-0e71cdb9d6d0:c5056]
2019-07-10 03:37:49,091 INFO  client.GrpcClientProtocolClient (GrpcClientProtocolClient.java:onNext(255)) - client-8BD909272E8D->63cacea9-0392-4939-ad39-80c4c73dd84b: receive RaftClientReply:client-8BD909272E8D->63cacea9-0392-4939-ad39-80c4c73dd84b@group-EE6C16B6C358, cid=3357, SUCCESS, logIndex=5060, commits[63cacea9-0392-4939-ad39-80c4c73dd84b:c5060, bd7b7fea-2a7b-4c3f-852f-c014e42bfcb7:c5056, 3b4aa678-22a6-4ae2-9c6a-0e71cdb9d6d0:c5056]
2019-07-10 03:37:49,102 INFO  client.GrpcClientProtocolClient (GrpcClientProtocolClient.java:onNext(255)) - client-8BD909272E8D->63cacea9-0392-4939-ad39-80c4c73dd84b: receive RaftClientReply:client-8BD909272E8D->63cacea9-0392-4939-ad39-80c4c73dd84b@group-EE6C16B6C358, cid=3358, SUCCESS, logIndex=0, commits[63cacea9-0392-4939-ad39-80c4c73dd84b:c5061, bd7b7fea-2a7b-4c3f-852f-c014e42bfcb7:c5060, 3b4aa678-22a6-4ae2-9c6a-0e71cdb9d6d0:c5060]
2019-07-10 03:37:49,141 INFO  client.GrpcClientProtocolClient (GrpcClientProtocolClient.java:onNext(255)) - client-8BD909272E8D->63cacea9-0392-4939-ad39-80c4c73dd84b: receive RaftClientReply:client-8BD909272E8D->63cacea9-0392-4939-ad39-80c4c73dd84b@group-EE6C16B6C358, cid=3359, SUCCESS, logIndex=5063, commits[63cacea9-0392-4939-ad39-80c4c73dd84b:c5064, bd7b7fea-2a7b-4c3f-852f-c014e42bfcb7:c5062, 3b4aa678-22a6-4ae2-9c6a-0e71cdb9d6d0:c5062]
2019-07-10 03:37:49,141 INFO  client.GrpcClientProtocolClient (GrpcClientProtocolClient.java:onNext(255)) - client-8BD909272E8D->63cacea9-0392-4939-ad39-80c4c73dd84b: receive RaftClientReply:client-8BD909272E8D->63cacea9-0392-4939-ad39-80c4c73dd84b@group-EE6C16B6C358, cid=3360, SUCCESS, logIndex=5064, commits[63cacea9-0392-4939-ad39-80c4c73dd84b:c5066, bd7b7fea-2a7b-4c3f-852f-c014e42bfcb7:c5062, 3b4aa678-22a6-4ae2-9c6a-0e71cdb9d6d0:c5062]
2019-07-10 03:37:49,142 INFO  client.GrpcClientProtocolClient (GrpcClientProtocolClient.java:onNext(255)) - client-8BD909272E8D->63cacea9-0392-4939-ad39-80c4c73dd84b: receive RaftClientReply:client-8BD909272E8D->63cacea9-0392-4939-ad39-80c4c73dd84b@group-EE6C16B6C358, cid=3361, SUCCESS, logIndex=5065, commits[63cacea9-0392-4939-ad39-80c4c73dd84b:c5066, bd7b7fea-2a7b-4c3f-852f-c014e42bfcb7:c5062, 3b4aa678-22a6-4ae2-9c6a-0e71cdb9d6d0:c5062]
2019-07-10 03:37:49,142 INFO  client.GrpcClientProtocolClient (GrpcClientProtocolClient.java:onNext(255)) - client-8BD909272E8D->63cacea9-0392-4939-ad39-80c4c73dd84b: receive RaftClientReply:client-8BD909272E8D->63cacea9-0392-4939-ad39-80c4c73dd84b@group-EE6C16B6C358, cid=3362, SUCCESS, logIndex=5066, commits[63cacea9-0392-4939-ad39-80c4c73dd84b:c5066, bd7b7fea-2a7b-4c3f-852f-c014e42bfcb7:c5062, 3b4aa678-22a6-4ae2-9c6a-0e71cdb9d6d0:c5062]
2019-07-10 03:37:49,155 INFO  client.GrpcClientProtocolClient (GrpcClientProtocolClient.java:onNext(255)) - client-8BD909272E8D->63cacea9-0392-4939-ad39-80c4c73dd84b: receive RaftClientReply:client-8BD909272E8D->63cacea9-0392-4939-ad39-80c4c73dd84b@group-EE6C16B6C358, cid=3363, SUCCESS, logIndex=0, commits[63cacea9-0392-4939-ad39-80c4c73dd84b:c5068, bd7b7fea-2a7b-4c3f-852f-c014e42bfcb7:c5064, 3b4aa678-22a6-4ae2-9c6a-0e71cdb9d6d0:c5064]
2019-07-10 03:37:49,175 INFO  client.GrpcClientProtocolClient (GrpcClientProtocolClient.java:onNext(255)) - client-8BD909272E8D->63cacea9-0392-4939-ad39-80c4c73dd84b: receive RaftClientReply:client-8BD909272E8D->63cacea9-0392-4939-ad39-80c4c73dd84b@group-EE6C16B6C358, cid=3364, SUCCESS, logIndex=5071, commits[63cacea9-0392-4939-ad39-80c4c73dd84b:c5072, bd7b7fea-2a7b-4c3f-852f-c014e42bfcb7:c5070, 3b4aa678-22a6-4ae2-9c6a-0e71cdb9d6d0:c5070]
2019-07-10 03:37:49,176 INFO  client.GrpcClientProtocolClient (GrpcClientProtocolClient.java:onNext(255)) - client-8BD909272E8D->63cacea9-0392-4939-ad39-80c4c73dd84b: receive RaftClientReply:client-8BD909272E8D->63cacea9-0392-4939-ad39-80c4c73dd84b@group-EE6C16B6C358, cid=3365, SUCCESS, logIndex=5072, commits[63cacea9-0392-4939-ad39-80c4c73dd84b:c5072, bd7b7fea-2a7b-4c3f-852f-c014e42bfcb7:c5070, 3b4aa678-22a6-4ae2-9c6a-0e71cdb9d6d0:c5070]
2019-07-10 03:37:49,211 INFO  client.GrpcClientProtocolClient (GrpcClientProtocolClient.java:onNext(255)) - client-8BD909272E8D->63cacea9-0392-4939-ad39-80c4c73dd84b: receive RaftClientReply:client-8BD909272E8D->63cacea9-0392-4939-ad39-80c4c73dd84b@group-EE6C16B6C358, cid=3366, SUCCESS, logIndex=5075, commits[63cacea9-0392-4939-ad39-80c4c73dd84b:c5075, bd7b7fea-2a7b-4c3f-852f-c014e42bfcb7:c5072, 3b4aa678-22a6-4ae2-9c6a-0e71cdb9d6d0:c5071]
2019-07-10 03:37:49,212 INFO  client.GrpcClientProtocolClient (GrpcClientProtocolClient.java:onNext(255)) - client-8BD909272E8D->63cacea9-0392-4939-ad39-80c4c73dd84b: receive RaftClientReply:client-8BD909272E8D->63cacea9-0392-4939-ad39-80c4c73dd84b@group-EE6C16B6C358, cid=3367, SUCCESS, logIndex=5076, commits[63cacea9-0392-4939-ad39-80c4c73dd84b:c5076, bd7b7fea-2a7b-4c3f-852f-c014e42bfcb7:c5072, 3b4aa678-22a6-4ae2-9c6a-0e71cdb9d6d0:c5072]
2019-07-10 03:37:49,223 INFO  client.GrpcClientProtocolClient (GrpcClientProtocolClient.java:onNext(255)) - client-8BD909272E8D->63cacea9-0392-4939-ad39-80c4c73dd84b: receive RaftClientReply:client-8BD909272E8D->63cacea9-0392-4939-ad39-80c4c73dd84b@group-EE6C16B6C358, cid=3368, SUCCESS, logIndex=0, commits[63cacea9-0392-4939-ad39-80c4c73dd84b:c5077, bd7b7fea-2a7b-4c3f-852f-c014e42bfcb7:c5076, 3b4aa678-22a6-4ae2-9c6a-0e71cdb9d6d0:c5076]
2019-07-10 03:37:49,263 INFO  client.GrpcClientProtocolClient (GrpcClientProtocolClient.java:onNext(255)) - client-8BD909272E8D->63cacea9-0392-4939-ad39-80c4c73dd84b: receive RaftClientReply:client-8BD909272E8D->63cacea9-0392-4939-ad39-80c4c73dd84b@group-EE6C16B6C358, cid=3369, SUCCESS, logIndex=5079, commits[63cacea9-0392-4939-ad39-80c4c73dd84b:c5080, bd7b7fea-2a7b-4c3f-852f-c014e42bfcb7:c5078, 3b4aa678-22a6-4ae2-9c6a-0e71cdb9d6d0:c5078]
2019-07-10 03:37:49,264 INFO  client.GrpcClientProtocolClient (GrpcClientProtocolClient.java:onNext(255)) - client-8BD909272E8D->63cacea9-0392-4939-ad39-80c4c73dd84b: receive RaftClientReply:client-8BD909272E8D->63cacea9-0392-4939-ad39-80c4c73dd84b@group-EE6C16B6C358, cid=3370, SUCCESS, logIndex=5080, commits[63cacea9-0392-4939-ad39-80c4c73dd84b:c5082, bd7b7fea-2a7b-4c3f-852f-c014e42bfcb7:c5078, 3b4aa678-22a6-4ae2-9c6a-0e71cdb9d6d0:c5078]
2019-07-10 03:37:49,264 INFO  client.GrpcClientProtocolClient (GrpcClientProtocolClient.java:onNext(255)) - client-8BD909272E8D->63cacea9-0392-4939-ad39-80c4c73dd84b: receive RaftClientReply:client-8BD909272E8D->63cacea9-0392-4939-ad39-80c4c73dd84b@group-EE6C16B6C358, cid=3371, SUCCESS, logIndex=5081, commits[63cacea9-0392-4939-ad39-80c4c73dd84b:c5082, bd7b7fea-2a7b-4c3f-852f-c014e42bfcb7:c5078, 3b4aa678-22a6-4ae2-9c6a-0e71cdb9d6d0:c5079]
2019-07-10 03:37:49,265 INFO  client.GrpcClientProtocolClient (GrpcClientProtocolClient.java:onNext(255)) - client-8BD909272E8D->63cacea9-0392-4939-ad39-80c4c73dd84b: receive RaftClientReply:client-8BD909272E8D->63cacea9-0392-4939-ad39-80c4c73dd84b@group-EE6C16B6C358, cid=3372, SUCCESS, logIndex=5082, commits[63cacea9-0392-4939-ad39-80c4c73dd84b:c5083, bd7b7fea-2a7b-4c3f-852f-c014e42bfcb7:c5078, 3b4aa678-22a6-4ae2-9c6a-0e71cdb9d6d0:c5079]
2019-07-10 03:37:49,266 INFO  client.GrpcClientProtocolClient (GrpcClientProtocolClient.java:onNext(255)) - client-8BD909272E8D->63cacea9-0392-4939-ad39-80c4c73dd84b: receive RaftClientReply:client-8BD909272E8D->63cacea9-0392-4939-ad39-80c4c73dd84b@group-EE6C16B6C358, cid=3373, SUCCESS, logIndex=0, commits[63cacea9-0392-4939-ad39-80c4c73dd84b:c5085, bd7b7fea-2a7b-4c3f-852f-c014e42bfcb7:c5082, 3b4aa678-22a6-4ae2-9c6a-0e71cdb9d6d0:c5080]
 0.00% |█                                                                                                    |  0/1 Time: 0:00:312019-07-10 03:37:49,423 INFO  client.GrpcClientProtocolClient (GrpcClientProtocolClient.java:onNext(255)) - client-8BD909272E8D->63cacea9-0392-4939-ad39-80c4c73dd84b: receive RaftClientReply:client-8BD909272E8D->63cacea9-0392-4939-ad39-80c4c73dd84b@group-EE6C16B6C358, cid=3374, SUCCESS, logIndex=5086, commits[63cacea9-0392-4939-ad39-80c4c73dd84b:c5087, bd7b7fea-2a7b-4c3f-852f-c014e42bfcb7:c5085, 3b4aa678-22a6-4ae2-9c6a-0e71cdb9d6d0:c5085]
2019-07-10 03:37:49,423 INFO  client.GrpcClientProtocolClient (GrpcClientProtocolClient.java:onNext(255)) - client-8BD909272E8D->63cacea9-0392-4939-ad39-80c4c73dd84b: receive RaftClientReply:client-8BD909272E8D->63cacea9-0392-4939-ad39-80c4c73dd84b@group-EE6C16B6C358, cid=3375, SUCCESS, logIndex=5087, commits[63cacea9-0392-4939-ad39-80c4c73dd84b:c5087, bd7b7fea-2a7b-4c3f-852f-c014e42bfcb7:c5085, 3b4aa678-22a6-4ae2-9c6a-0e71cdb9d6d0:c5085]
2019-07-10 03:37:49,437 INFO  client.GrpcClientProtocolClient (GrpcClientProtocolClient.java:onNext(255)) - client-8BD909272E8D->63cacea9-0392-4939-ad39-80c4c73dd84b: receive RaftClientReply:client-8BD909272E8D->63cacea9-0392-4939-ad39-80c4c73dd84b@group-EE6C16B6C358, cid=3376, SUCCESS, logIndex=5090, commits[63cacea9-0392-4939-ad39-80c4c73dd84b:c5091, bd7b7fea-2a7b-4c3f-852f-c014e42bfcb7:c5087, 3b4aa678-22a6-4ae2-9c6a-0e71cdb9d6d0:c5087]
2019-07-10 03:37:49,438 INFO  client.GrpcClientProtocolClient (GrpcClientProtocolClient.java:onNext(255)) - client-8BD909272E8D->63cacea9-0392-4939-ad39-80c4c73dd84b: receive RaftClientReply:client-8BD909272E8D->63cacea9-0392-4939-ad39-80c4c73dd84b@group-EE6C16B6C358, cid=3377, SUCCESS, logIndex=5091, commits[63cacea9-0392-4939-ad39-80c4c73dd84b:c5091, bd7b7fea-2a7b-4c3f-852f-c014e42bfcb7:c5087, 3b4aa678-22a6-4ae2-9c6a-0e71cdb9d6d0:c5087]
2019-07-10 03:37:49,450 INFO  client.GrpcClientProtocolClient (GrpcClientProtocolClient.java:onNext(255)) - client-8BD909272E8D->63cacea9-0392-4939-ad39-80c4c73dd84b: receive RaftClientReply:client-8BD909272E8D->63cacea9-0392-4939-ad39-80c4c73dd84b@group-EE6C16B6C358, cid=3378, SUCCESS, logIndex=0, commits[63cacea9-0392-4939-ad39-80c4c73dd84b:c5092, bd7b7fea-2a7b-4c3f-852f-c014e42bfcb7:c5091, 3b4aa678-22a6-4ae2-9c6a-0e71cdb9d6d0:c5091]
2019-07-10 03:37:49,506 INFO  client.GrpcClientProtocolClient (GrpcClientProtocolClient.java:onNext(255)) - client-8BD909272E8D->63cacea9-0392-4939-ad39-80c4c73dd84b: receive RaftClientReply:client-8BD909272E8D->63cacea9-0392-4939-ad39-80c4c73dd84b@group-EE6C16B6C358, cid=3379, SUCCESS, logIndex=5094, commits[63cacea9-0392-4939-ad39-80c4c73dd84b:c5096, bd7b7fea-2a7b-4c3f-852f-c014e42bfcb7:c5093, 3b4aa678-22a6-4ae2-9c6a-0e71cdb9d6d0:c5093]
2019-07-10 03:37:49,506 INFO  client.GrpcClientProtocolClient (GrpcClientProtocolClient.java:onNext(255)) - client-8BD909272E8D->63cacea9-0392-4939-ad39-80c4c73dd84b: receive RaftClientReply:client-8BD909272E8D->63cacea9-0392-4939-ad39-80c4c73dd84b@group-EE6C16B6C358, cid=3380, SUCCESS, logIndex=5095, commits[63cacea9-0392-4939-ad39-80c4c73dd84b:c5097, bd7b7fea-2a7b-4c3f-852f-c014e42bfcb7:c5093, 3b4aa678-22a6-4ae2-9c6a-0e71cdb9d6d0:c5093]
2019-07-10 03:37:49,507 INFO  client.GrpcClientProtocolClient (GrpcClientProtocolClient.java:onNext(255)) - client-8BD909272E8D->63cacea9-0392-4939-ad39-80c4c73dd84b: receive RaftClientReply:client-8BD909272E8D->63cacea9-0392-4939-ad39-80c4c73dd84b@group-EE6C16B6C358, cid=3381, SUCCESS, logIndex=5096, commits[63cacea9-0392-4939-ad39-80c4c73dd84b:c5097, bd7b7fea-2a7b-4c3f-852f-c014e42bfcb7:c5093, 3b4aa678-22a6-4ae2-9c6a-0e71cdb9d6d0:c5093]
2019-07-10 03:37:49,507 INFO  client.GrpcClientProtocolClient (GrpcClientProtocolClient.java:onNext(255)) - client-8BD909272E8D->63cacea9-0392-4939-ad39-80c4c73dd84b: receive RaftClientReply:client-8BD909272E8D->63cacea9-0392-4939-ad39-80c4c73dd84b@group-EE6C16B6C358, cid=3382, SUCCESS, logIndex=5097, commits[63cacea9-0392-4939-ad39-80c4c73dd84b:c5097, bd7b7fea-2a7b-4c3f-852f-c014e42bfcb7:c5093, 3b4aa678-22a6-4ae2-9c6a-0e71cdb9d6d0:c5093]
2019-07-10 03:37:49,521 INFO  client.GrpcClientProtocolClient (GrpcClientProtocolClient.java:onNext(255)) - client-8BD909272E8D->63cacea9-0392-4939-ad39-80c4c73dd84b: receive RaftClientReply:client-8BD909272E8D->63cacea9-0392-4939-ad39-80c4c73dd84b@group-EE6C16B6C358, cid=3383, SUCCESS, logIndex=0, commits[63cacea9-0392-4939-ad39-80c4c73dd84b:c5099, bd7b7fea-2a7b-4c3f-852f-c014e42bfcb7:c5095, 3b4aa678-22a6-4ae2-9c6a-0e71cdb9d6d0:c5096]
2019-07-10 03:37:49,542 INFO  client.GrpcClientProtocolClient (GrpcClientProtocolClient.java:onNext(255)) - client-8BD909272E8D->63cacea9-0392-4939-ad39-80c4c73dd84b: receive RaftClientReply:client-8BD909272E8D->63cacea9-0392-4939-ad39-80c4c73dd84b@group-EE6C16B6C358, cid=3384, SUCCESS, logIndex=5102, commits[63cacea9-0392-4939-ad39-80c4c73dd84b:c5103, bd7b7fea-2a7b-4c3f-852f-c014e42bfcb7:c5101, 3b4aa678-22a6-4ae2-9c6a-0e71cdb9d6d0:c5101]
2019-07-10 03:37:49,542 INFO  client.GrpcClientProtocolClient (GrpcClientProtocolClient.java:onNext(255)) - client-8BD909272E8D->63cacea9-0392-4939-ad39-80c4c73dd84b: receive RaftClientReply:client-8BD909272E8D->63cacea9-0392-4939-ad39-80c4c73dd84b@group-EE6C16B6C358, cid=3385, SUCCESS, logIndex=5103, commits[63cacea9-0392-4939-ad39-80c4c73dd84b:c5103, bd7b7fea-2a7b-4c3f-852f-c014e42bfcb7:c5101, 3b4aa678-22a6-4ae2-9c6a-0e71cdb9d6d0:c5101]
2019-07-10 03:37:49,567 INFO  client.GrpcClientProtocolClient (GrpcClientProtocolClient.java:onNext(255)) - client-8BD909272E8D->63cacea9-0392-4939-ad39-80c4c73dd84b: receive RaftClientReply:client-8BD909272E8D->63cacea9-0392-4939-ad39-80c4c73dd84b@group-EE6C16B6C358, cid=3386, SUCCESS, logIndex=5106, commits[63cacea9-0392-4939-ad39-80c4c73dd84b:c5107, bd7b7fea-2a7b-4c3f-852f-c014e42bfcb7:c5103, 3b4aa678-22a6-4ae2-9c6a-0e71cdb9d6d0:c5103]
2019-07-10 03:37:49,568 INFO  client.GrpcClientProtocolClient (GrpcClientProtocolClient.java:onNext(255)) - client-8BD909272E8D->63cacea9-0392-4939-ad39-80c4c73dd84b: receive RaftClientReply:client-8BD909272E8D->63cacea9-0392-4939-ad39-80c4c73dd84b@group-EE6C16B6C358, cid=3387, SUCCESS, logIndex=5107, commits[63cacea9-0392-4939-ad39-80c4c73dd84b:c5107, bd7b7fea-2a7b-4c3f-852f-c014e42bfcb7:c5103, 3b4aa678-22a6-4ae2-9c6a-0e71cdb9d6d0:c5103]
2019-07-10 03:37:49,581 INFO  client.GrpcClientProtocolClient (GrpcClientProtocolClient.java:onNext(255)) - client-8BD909272E8D->63cacea9-0392-4939-ad39-80c4c73dd84b: receive RaftClientReply:client-8BD909272E8D->63cacea9-0392-4939-ad39-80c4c73dd84b@group-EE6C16B6C358, cid=3388, SUCCESS, logIndex=0, commits[63cacea9-0392-4939-ad39-80c4c73dd84b:c5109, bd7b7fea-2a7b-4c3f-852f-c014e42bfcb7:c5107, 3b4aa678-22a6-4ae2-9c6a-0e71cdb9d6d0:c5107]
2019-07-10 03:37:49,614 INFO  client.GrpcClientProtocolClient (GrpcClientProtocolClient.java:onNext(255)) - client-8BD909272E8D->63cacea9-0392-4939-ad39-80c4c73dd84b: receive RaftClientReply:client-8BD909272E8D->63cacea9-0392-4939-ad39-80c4c73dd84b@group-EE6C16B6C358, cid=3389, SUCCESS, logIndex=5110, commits[63cacea9-0392-4939-ad39-80c4c73dd84b:c5111, bd7b7fea-2a7b-4c3f-852f-c014e42bfcb7:c5109, 3b4aa678-22a6-4ae2-9c6a-0e71cdb9d6d0:c5109]
2019-07-10 03:37:49,614 INFO  client.GrpcClientProtocolClient (GrpcClientProtocolClient.java:onNext(255)) - client-8BD909272E8D->63cacea9-0392-4939-ad39-80c4c73dd84b: receive RaftClientReply:client-8BD909272E8D->63cacea9-0392-4939-ad39-80c4c73dd84b@group-EE6C16B6C358, cid=3390, SUCCESS, logIndex=5111, commits[63cacea9-0392-4939-ad39-80c4c73dd84b:c5113, bd7b7fea-2a7b-4c3f-852f-c014e42bfcb7:c5109, 3b4aa678-22a6-4ae2-9c6a-0e71cdb9d6d0:c5109]
2019-07-10 03:37:49,615 INFO  client.GrpcClientProtocolClient (GrpcClientProtocolClient.java:onNext(255)) - client-8BD909272E8D->63cacea9-0392-4939-ad39-80c4c73dd84b: receive RaftClientReply:client-8BD909272E8D->63cacea9-0392-4939-ad39-80c4c73dd84b@group-EE6C16B6C358, cid=3391, SUCCESS, logIndex=5112, commits[63cacea9-0392-4939-ad39-80c4c73dd84b:c5113, bd7b7fea-2a7b-4c3f-852f-c014e42bfcb7:c5109, 3b4aa678-22a6-4ae2-9c6a-0e71cdb9d6d0:c5109]
2019-07-10 03:37:49,615 INFO  client.GrpcClientProtocolClient (GrpcClientProtocolClient.java:onNext(255)) - client-8BD909272E8D->63cacea9-0392-4939-ad39-80c4c73dd84b: receive RaftClientReply:client-8BD909272E8D->63cacea9-0392-4939-ad39-80c4c73dd84b@group-EE6C16B6C358, cid=3392, SUCCESS, logIndex=5113, commits[63cacea9-0392-4939-ad39-80c4c73dd84b:c5113, bd7b7fea-2a7b-4c3f-852f-c014e42bfcb7:c5109, 3b4aa678-22a6-4ae2-9c6a-0e71cdb9d6d0:c5109]
2019-07-10 03:37:49,628 INFO  client.GrpcClientProtocolClient (GrpcClientProtocolClient.java:onNext(255)) - client-8BD909272E8D->63cacea9-0392-4939-ad39-80c4c73dd84b: receive RaftClientReply:client-8BD909272E8D->63cacea9-0392-4939-ad39-80c4c73dd84b@group-EE6C16B6C358, cid=3393, SUCCESS, logIndex=0, commits[63cacea9-0392-4939-ad39-80c4c73dd84b:c5117, bd7b7fea-2a7b-4c3f-852f-c014e42bfcb7:c5111, 3b4aa678-22a6-4ae2-9c6a-0e71cdb9d6d0:c5113]
2019-07-10 03:37:49,649 INFO  client.GrpcClientProtocolClient (GrpcClientProtocolClient.java:onNext(255)) - client-8BD909272E8D->63cacea9-0392-4939-ad39-80c4c73dd84b: receive RaftClientReply:client-8BD909272E8D->63cacea9-0392-4939-ad39-80c4c73dd84b@group-EE6C16B6C358, cid=3394, SUCCESS, logIndex=5118, commits[63cacea9-0392-4939-ad39-80c4c73dd84b:c5119, bd7b7fea-2a7b-4c3f-852f-c014e42bfcb7:c5117, 3b4aa678-22a6-4ae2-9c6a-0e71cdb9d6d0:c5117]
2019-07-10 03:37:49,649 INFO  client.GrpcClientProtocolClient (GrpcClientProtocolClient.java:onNext(255)) - client-8BD909272E8D->63cacea9-0392-4939-ad39-80c4c73dd84b: receive RaftClientReply:client-8BD909272E8D->63cacea9-0392-4939-ad39-80c4c73dd84b@group-EE6C16B6C358, cid=3395, SUCCESS, logIndex=5119, commits[63cacea9-0392-4939-ad39-80c4c73dd84b:c5119, bd7b7fea-2a7b-4c3f-852f-c014e42bfcb7:c5117, 3b4aa678-22a6-4ae2-9c6a-0e71cdb9d6d0:c5117]
2019-07-10 03:37:49,662 INFO  client.GrpcClientProtocolClient (GrpcClientProtocolClient.java:onNext(255)) - client-8BD909272E8D->63cacea9-0392-4939-ad39-80c4c73dd84b: receive RaftClientReply:client-8BD909272E8D->63cacea9-0392-4939-ad39-80c4c73dd84b@group-EE6C16B6C358, cid=3396, SUCCESS, logIndex=5122, commits[63cacea9-0392-4939-ad39-80c4c73dd84b:c5123, bd7b7fea-2a7b-4c3f-852f-c014e42bfcb7:c5119, 3b4aa678-22a6-4ae2-9c6a-0e71cdb9d6d0:c5118]
2019-07-10 03:37:49,662 INFO  client.GrpcClientProtocolClient (GrpcClientProtocolClient.java:onNext(255)) - client-8BD909272E8D->63cacea9-0392-4939-ad39-80c4c73dd84b: receive RaftClientReply:client-8BD909272E8D->63cacea9-0392-4939-ad39-80c4c73dd84b@group-EE6C16B6C358, cid=3397, SUCCESS, logIndex=5123, commits[63cacea9-0392-4939-ad39-80c4c73dd84b:c5123, bd7b7fea-2a7b-4c3f-852f-c014e42bfcb7:c5119, 3b4aa678-22a6-4ae2-9c6a-0e71cdb9d6d0:c5119]
2019-07-10 03:37:49,665 INFO  client.GrpcClientProtocolClient (GrpcClientProtocolClient.java:onNext(255)) - client-8BD909272E8D->63cacea9-0392-4939-ad39-80c4c73dd84b: receive RaftClientReply:client-8BD909272E8D->63cacea9-0392-4939-ad39-80c4c73dd84b@group-EE6C16B6C358, cid=3398, SUCCESS, logIndex=0, commits[63cacea9-0392-4939-ad39-80c4c73dd84b:c5125, bd7b7fea-2a7b-4c3f-852f-c014e42bfcb7:c5123, 3b4aa678-22a6-4ae2-9c6a-0e71cdb9d6d0:c5123]
2019-07-10 03:37:49,698 INFO  client.GrpcClientProtocolClient (GrpcClientProtocolClient.java:onNext(255)) - client-8BD909272E8D->63cacea9-0392-4939-ad39-80c4c73dd84b: receive RaftClientReply:client-8BD909272E8D->63cacea9-0392-4939-ad39-80c4c73dd84b@group-EE6C16B6C358, cid=3399, SUCCESS, logIndex=5126, commits[63cacea9-0392-4939-ad39-80c4c73dd84b:c5127, bd7b7fea-2a7b-4c3f-852f-c014e42bfcb7:c5125, 3b4aa678-22a6-4ae2-9c6a-0e71cdb9d6d0:c5125]
2019-07-10 03:37:49,698 INFO  client.GrpcClientProtocolClient (GrpcClientProtocolClient.java:onNext(255)) - client-8BD909272E8D->63cacea9-0392-4939-ad39-80c4c73dd84b: receive RaftClientReply:client-8BD909272E8D->63cacea9-0392-4939-ad39-80c4c73dd84b@group-EE6C16B6C358, cid=3400, SUCCESS, logIndex=5127, commits[63cacea9-0392-4939-ad39-80c4c73dd84b:c5129, bd7b7fea-2a7b-4c3f-852f-c014e42bfcb7:c5125, 3b4aa678-22a6-4ae2-9c6a-0e71cdb9d6d0:c5125]
2019-07-10 03:37:49,699 INFO  client.GrpcClientProtocolClient (GrpcClientProtocolClient.java:onNext(255)) - client-8BD909272E8D->63cacea9-0392-4939-ad39-80c4c73dd84b: receive RaftClientReply:client-8BD909272E8D->63cacea9-0392-4939-ad39-80c4c73dd84b@group-EE6C16B6C358, cid=3401, SUCCESS, logIndex=5128, commits[63cacea9-0392-4939-ad39-80c4c73dd84b:c5129, bd7b7fea-2a7b-4c3f-852f-c014e42bfcb7:c5125, 3b4aa678-22a6-4ae2-9c6a-0e71cdb9d6d0:c5125]
2019-07-10 03:37:49,699 INFO  client.GrpcClientProtocolClient (GrpcClientProtocolClient.java:onNext(255)) - client-8BD909272E8D->63cacea9-0392-4939-ad39-80c4c73dd84b: receive RaftClientReply:client-8BD909272E8D->63cacea9-0392-4939-ad39-80c4c73dd84b@group-EE6C16B6C358, cid=3402, SUCCESS, logIndex=5129, commits[63cacea9-0392-4939-ad39-80c4c73dd84b:c5129, bd7b7fea-2a7b-4c3f-852f-c014e42bfcb7:c5125, 3b4aa678-22a6-4ae2-9c6a-0e71cdb9d6d0:c5125]
2019-07-10 03:37:49,703 INFO  client.GrpcClientProtocolClient (GrpcClientProtocolClient.java:onNext(255)) - client-8BD909272E8D->63cacea9-0392-4939-ad39-80c4c73dd84b: receive RaftClientReply:client-8BD909272E8D->63cacea9-0392-4939-ad39-80c4c73dd84b@group-EE6C16B6C358, cid=3403, SUCCESS, logIndex=0, commits[63cacea9-0392-4939-ad39-80c4c73dd84b:c5133, bd7b7fea-2a7b-4c3f-852f-c014e42bfcb7:c5127, 3b4aa678-22a6-4ae2-9c6a-0e71cdb9d6d0:c5129]
2019-07-10 03:37:49,726 INFO  client.GrpcClientProtocolClient (GrpcClientProtocolClient.java:onNext(255)) - client-8BD909272E8D->63cacea9-0392-4939-ad39-80c4c73dd84b: receive RaftClientReply:client-8BD909272E8D->63cacea9-0392-4939-ad39-80c4c73dd84b@group-EE6C16B6C358, cid=3404, SUCCESS, logIndex=5134, commits[63cacea9-0392-4939-ad39-80c4c73dd84b:c5135, bd7b7fea-2a7b-4c3f-852f-c014e42bfcb7:c5133, 3b4aa678-22a6-4ae2-9c6a-0e71cdb9d6d0:c5133]
2019-07-10 03:37:49,726 INFO  client.GrpcClientProtocolClient (GrpcClientProtocolClient.java:onNext(255)) - client-8BD909272E8D->63cacea9-0392-4939-ad39-80c4c73dd84b: receive RaftClientReply:client-8BD909272E8D->63cacea9-0392-4939-ad39-80c4c73dd84b@group-EE6C16B6C358, cid=3405, SUCCESS, logIndex=5135, commits[63cacea9-0392-4939-ad39-80c4c73dd84b:c5135, bd7b7fea-2a7b-4c3f-852f-c014e42bfcb7:c5133, 3b4aa678-22a6-4ae2-9c6a-0e71cdb9d6d0:c5133]
2019-07-10 03:37:49,741 INFO  client.GrpcClientProtocolClient (GrpcClientProtocolClient.java:onNext(255)) - client-8BD909272E8D->63cacea9-0392-4939-ad39-80c4c73dd84b: receive RaftClientReply:client-8BD909272E8D->63cacea9-0392-4939-ad39-80c4c73dd84b@group-EE6C16B6C358, cid=3406, SUCCESS, logIndex=5138, commits[63cacea9-0392-4939-ad39-80c4c73dd84b:c5139, bd7b7fea-2a7b-4c3f-852f-c014e42bfcb7:c5135, 3b4aa678-22a6-4ae2-9c6a-0e71cdb9d6d0:c5135]
2019-07-10 03:37:49,742 INFO  client.GrpcClientProtocolClient (GrpcClientProtocolClient.java:onNext(255)) - client-8BD909272E8D->63cacea9-0392-4939-ad39-80c4c73dd84b: receive RaftClientReply:client-8BD909272E8D->63cacea9-0392-4939-ad39-80c4c73dd84b@group-EE6C16B6C358, cid=3407, SUCCESS, logIndex=5139, commits[63cacea9-0392-4939-ad39-80c4c73dd84b:c5139, bd7b7fea-2a7b-4c3f-852f-c014e42bfcb7:c5135, 3b4aa678-22a6-4ae2-9c6a-0e71cdb9d6d0:c5135]
2019-07-10 03:37:49,756 INFO  client.GrpcClientProtocolClient (GrpcClientProtocolClient.java:onNext(255)) - client-8BD909272E8D->63cacea9-0392-4939-ad39-80c4c73dd84b: receive RaftClientReply:client-8BD909272E8D->63cacea9-0392-4939-ad39-80c4c73dd84b@group-EE6C16B6C358, cid=3408, SUCCESS, logIndex=0, commits[63cacea9-0392-4939-ad39-80c4c73dd84b:c5141, bd7b7fea-2a7b-4c3f-852f-c014e42bfcb7:c5139, 3b4aa678-22a6-4ae2-9c6a-0e71cdb9d6d0:c5139]
2019-07-10 03:37:49,785 INFO  client.GrpcClientProtocolClient (GrpcClientProtocolClient.java:onNext(255)) - client-8BD909272E8D->63cacea9-0392-4939-ad39-80c4c73dd84b: receive RaftClientReply:client-8BD909272E8D->63cacea9-0392-4939-ad39-80c4c73dd84b@group-EE6C16B6C358, cid=3409, SUCCESS, logIndex=5142, commits[63cacea9-0392-4939-ad39-80c4c73dd84b:c5143, bd7b7fea-2a7b-4c3f-852f-c014e42bfcb7:c5141, 3b4aa678-22a6-4ae2-9c6a-0e71cdb9d6d0:c5141]
2019-07-10 03:37:49,786 INFO  client.GrpcClientProtocolClient (GrpcClientProtocolClient.java:onNext(255)) - client-8BD909272E8D->63cacea9-0392-4939-ad39-80c4c73dd84b: receive RaftClientReply:client-8BD909272E8D->63cacea9-0392-4939-ad39-80c4c73dd84b@group-EE6C16B6C358, cid=3410, SUCCESS, logIndex=5143, commits[63cacea9-0392-4939-ad39-80c4c73dd84b:c5145, bd7b7fea-2a7b-4c3f-852f-c014e42bfcb7:c5141, 3b4aa678-22a6-4ae2-9c6a-0e71cdb9d6d0:c5141]
2019-07-10 03:37:49,786 INFO  client.GrpcClientProtocolClient (GrpcClientProtocolClient.java:onNext(255)) - client-8BD909272E8D->63cacea9-0392-4939-ad39-80c4c73dd84b: receive RaftClientReply:client-8BD909272E8D->63cacea9-0392-4939-ad39-80c4c73dd84b@group-EE6C16B6C358, cid=3411, SUCCESS, logIndex=5144, commits[63cacea9-0392-4939-ad39-80c4c73dd84b:c5145, bd7b7fea-2a7b-4c3f-852f-c014e42bfcb7:c5141, 3b4aa678-22a6-4ae2-9c6a-0e71cdb9d6d0:c5141]
2019-07-10 03:37:49,787 INFO  client.GrpcClientProtocolClient (GrpcClientProtocolClient.java:onNext(255)) - client-8BD909272E8D->63cacea9-0392-4939-ad39-80c4c73dd84b: receive RaftClientReply:client-8BD909272E8D->63cacea9-0392-4939-ad39-80c4c73dd84b@group-EE6C16B6C358, cid=3412, SUCCESS, logIndex=5145, commits[63cacea9-0392-4939-ad39-80c4c73dd84b:c5145, bd7b7fea-2a7b-4c3f-852f-c014e42bfcb7:c5141, 3b4aa678-22a6-4ae2-9c6a-0e71cdb9d6d0:c5141]
2019-07-10 03:37:49,799 INFO  client.GrpcClientProtocolClient (GrpcClientProtocolClient.java:onNext(255)) - client-8BD909272E8D->63cacea9-0392-4939-ad39-80c4c73dd84b: receive RaftClientReply:client-8BD909272E8D->63cacea9-0392-4939-ad39-80c4c73dd84b@group-EE6C16B6C358, cid=3413, SUCCESS, logIndex=0, commits[63cacea9-0392-4939-ad39-80c4c73dd84b:c5148, bd7b7fea-2a7b-4c3f-852f-c014e42bfcb7:c5143, 3b4aa678-22a6-4ae2-9c6a-0e71cdb9d6d0:c5145]
2019-07-10 03:37:49,820 INFO  client.GrpcClientProtocolClient (GrpcClientProtocolClient.java:onNext(255)) - client-8BD909272E8D->63cacea9-0392-4939-ad39-80c4c73dd84b: receive RaftClientReply:client-8BD909272E8D->63cacea9-0392-4939-ad39-80c4c73dd84b@group-EE6C16B6C358, cid=3414, SUCCESS, logIndex=5149, commits[63cacea9-0392-4939-ad39-80c4c73dd84b:c5150, bd7b7fea-2a7b-4c3f-852f-c014e42bfcb7:c5148, 3b4aa678-22a6-4ae2-9c6a-0e71cdb9d6d0:c5148]
2019-07-10 03:37:49,820 INFO  client.GrpcClientProtocolClient (GrpcClientProtocolClient.java:onNext(255)) - client-8BD909272E8D->63cacea9-0392-4939-ad39-80c4c73dd84b: receive RaftClientReply:client-8BD909272E8D->63cacea9-0392-4939-ad39-80c4c73dd84b@group-EE6C16B6C358, cid=3415, SUCCESS, logIndex=5150, commits[63cacea9-0392-4939-ad39-80c4c73dd84b:c5150, bd7b7fea-2a7b-4c3f-852f-c014e42bfcb7:c5148, 3b4aa678-22a6-4ae2-9c6a-0e71cdb9d6d0:c5148]
2019-07-10 03:37:49,833 INFO  client.GrpcClientProtocolClient (GrpcClientProtocolClient.java:onNext(255)) - client-8BD909272E8D->63cacea9-0392-4939-ad39-80c4c73dd84b: receive RaftClientReply:client-8BD909272E8D->63cacea9-0392-4939-ad39-80c4c73dd84b@group-EE6C16B6C358, cid=3416, SUCCESS, logIndex=5153, commits[63cacea9-0392-4939-ad39-80c4c73dd84b:c5154, bd7b7fea-2a7b-4c3f-852f-c014e42bfcb7:c5150, 3b4aa678-22a6-4ae2-9c6a-0e71cdb9d6d0:c5150]
2019-07-10 03:37:49,834 INFO  client.GrpcClientProtocolClient (GrpcClientProtocolClient.java:onNext(255)) - client-8BD909272E8D->63cacea9-0392-4939-ad39-80c4c73dd84b: receive RaftClientReply:client-8BD909272E8D->63cacea9-0392-4939-ad39-80c4c73dd84b@group-EE6C16B6C358, cid=3417, SUCCESS, logIndex=5154, commits[63cacea9-0392-4939-ad39-80c4c73dd84b:c5154, bd7b7fea-2a7b-4c3f-852f-c014e42bfcb7:c5150, 3b4aa678-22a6-4ae2-9c6a-0e71cdb9d6d0:c5150]
2019-07-10 03:37:49,858 INFO  client.GrpcClientProtocolClient (GrpcClientProtocolClient.java:onNext(255)) - client-8BD909272E8D->63cacea9-0392-4939-ad39-80c4c73dd84b: receive RaftClientReply:client-8BD909272E8D->63cacea9-0392-4939-ad39-80c4c73dd84b@group-EE6C16B6C358, cid=3418, SUCCESS, logIndex=0, commits[63cacea9-0392-4939-ad39-80c4c73dd84b:c5156, bd7b7fea-2a7b-4c3f-852f-c014e42bfcb7:c5154, 3b4aa678-22a6-4ae2-9c6a-0e71cdb9d6d0:c5154]
2019-07-10 03:37:49,888 INFO  client.GrpcClientProtocolClient (GrpcClientProtocolClient.java:onNext(255)) - client-8BD909272E8D->63cacea9-0392-4939-ad39-80c4c73dd84b: receive RaftClientReply:client-8BD909272E8D->63cacea9-0392-4939-ad39-80c4c73dd84b@group-EE6C16B6C358, cid=3419, SUCCESS, logIndex=5157, commits[63cacea9-0392-4939-ad39-80c4c73dd84b:c5158, bd7b7fea-2a7b-4c3f-852f-c014e42bfcb7:c5156, 3b4aa678-22a6-4ae2-9c6a-0e71cdb9d6d0:c5156]
2019-07-10 03:37:49,889 INFO  client.GrpcClientProtocolClient (GrpcClientProtocolClient.java:onNext(255)) - client-8BD909272E8D->63cacea9-0392-4939-ad39-80c4c73dd84b: receive RaftClientReply:client-8BD909272E8D->63cacea9-0392-4939-ad39-80c4c73dd84b@group-EE6C16B6C358, cid=3420, SUCCESS, logIndex=5158, commits[63cacea9-0392-4939-ad39-80c4c73dd84b:c5160, bd7b7fea-2a7b-4c3f-852f-c014e42bfcb7:c5156, 3b4aa678-22a6-4ae2-9c6a-0e71cdb9d6d0:c5156]
2019-07-10 03:37:49,889 INFO  client.GrpcClientProtocolClient (GrpcClientProtocolClient.java:onNext(255)) - client-8BD909272E8D->63cacea9-0392-4939-ad39-80c4c73dd84b: receive RaftClientReply:client-8BD909272E8D->63cacea9-0392-4939-ad39-80c4c73dd84b@group-EE6C16B6C358, cid=3421, SUCCESS, logIndex=5159, commits[63cacea9-0392-4939-ad39-80c4c73dd84b:c5160, bd7b7fea-2a7b-4c3f-852f-c014e42bfcb7:c5156, 3b4aa678-22a6-4ae2-9c6a-0e71cdb9d6d0:c5156]
2019-07-10 03:37:49,890 INFO  client.GrpcClientProtocolClient (GrpcClientProtocolClient.java:onNext(255)) - client-8BD909272E8D->63cacea9-0392-4939-ad39-80c4c73dd84b: receive RaftClientReply:client-8BD909272E8D->63cacea9-0392-4939-ad39-80c4c73dd84b@group-EE6C16B6C358, cid=3422, SUCCESS, logIndex=5160, commits[63cacea9-0392-4939-ad39-80c4c73dd84b:c5160, bd7b7fea-2a7b-4c3f-852f-c014e42bfcb7:c5156, 3b4aa678-22a6-4ae2-9c6a-0e71cdb9d6d0:c5156]
2019-07-10 03:37:49,902 INFO  client.GrpcClientProtocolClient (GrpcClientProtocolClient.java:onNext(255)) - client-8BD909272E8D->63cacea9-0392-4939-ad39-80c4c73dd84b: receive RaftClientReply:client-8BD909272E8D->63cacea9-0392-4939-ad39-80c4c73dd84b@group-EE6C16B6C358, cid=3423, SUCCESS, logIndex=0, commits[63cacea9-0392-4939-ad39-80c4c73dd84b:c5162, bd7b7fea-2a7b-4c3f-852f-c014e42bfcb7:c5158, 3b4aa678-22a6-4ae2-9c6a-0e71cdb9d6d0:c5158]
2019-07-10 03:37:49,921 INFO  client.GrpcClientProtocolClient (GrpcClientProtocolClient.java:onNext(255)) - client-8BD909272E8D->63cacea9-0392-4939-ad39-80c4c73dd84b: receive RaftClientReply:client-8BD909272E8D->63cacea9-0392-4939-ad39-80c4c73dd84b@group-EE6C16B6C358, cid=3424, SUCCESS, logIndex=5165, commits[63cacea9-0392-4939-ad39-80c4c73dd84b:c5166, bd7b7fea-2a7b-4c3f-852f-c014e42bfcb7:c5164, 3b4aa678-22a6-4ae2-9c6a-0e71cdb9d6d0:c5164]
2019-07-10 03:37:49,921 INFO  client.GrpcClientProtocolClient (GrpcClientProtocolClient.java:onNext(255)) - client-8BD909272E8D->63cacea9-0392-4939-ad39-80c4c73dd84b: receive RaftClientReply:client-8BD909272E8D->63cacea9-0392-4939-ad39-80c4c73dd84b@group-EE6C16B6C358, cid=3425, SUCCESS, logIndex=5166, commits[63cacea9-0392-4939-ad39-80c4c73dd84b:c5166, bd7b7fea-2a7b-4c3f-852f-c014e42bfcb7:c5164, 3b4aa678-22a6-4ae2-9c6a-0e71cdb9d6d0:c5164]
2019-07-10 03:37:49,934 INFO  client.GrpcClientProtocolClient (GrpcClientProtocolClient.java:onNext(255)) - client-8BD909272E8D->63cacea9-0392-4939-ad39-80c4c73dd84b: receive RaftClientReply:client-8BD909272E8D->63cacea9-0392-4939-ad39-80c4c73dd84b@group-EE6C16B6C358, cid=3426, SUCCESS, logIndex=5169, commits[63cacea9-0392-4939-ad39-80c4c73dd84b:c5169, bd7b7fea-2a7b-4c3f-852f-c014e42bfcb7:c5166, 3b4aa678-22a6-4ae2-9c6a-0e71cdb9d6d0:c5166]
2019-07-10 03:37:49,934 INFO  client.GrpcClientProtocolClient (GrpcClientProtocolClient.java:onNext(255)) - client-8BD909272E8D->63cacea9-0392-4939-ad39-80c4c73dd84b: receive RaftClientReply:client-8BD909272E8D->63cacea9-0392-4939-ad39-80c4c73dd84b@group-EE6C16B6C358, cid=3427, SUCCESS, logIndex=5170, commits[63cacea9-0392-4939-ad39-80c4c73dd84b:c5170, bd7b7fea-2a7b-4c3f-852f-c014e42bfcb7:c5166, 3b4aa678-22a6-4ae2-9c6a-0e71cdb9d6d0:c5166]
2019-07-10 03:37:49,950 INFO  client.GrpcClientProtocolClient (GrpcClientProtocolClient.java:onNext(255)) - client-8BD909272E8D->63cacea9-0392-4939-ad39-80c4c73dd84b: receive RaftClientReply:client-8BD909272E8D->63cacea9-0392-4939-ad39-80c4c73dd84b@group-EE6C16B6C358, cid=3428, SUCCESS, logIndex=0, commits[63cacea9-0392-4939-ad39-80c4c73dd84b:c5171, bd7b7fea-2a7b-4c3f-852f-c014e42bfcb7:c5170, 3b4aa678-22a6-4ae2-9c6a-0e71cdb9d6d0:c5170]
2019-07-10 03:37:50,009 INFO  client.GrpcClientProtocolClient (GrpcClientProtocolClient.java:onNext(255)) - client-8BD909272E8D->63cacea9-0392-4939-ad39-80c4c73dd84b: receive RaftClientReply:client-8BD909272E8D->63cacea9-0392-4939-ad39-80c4c73dd84b@group-EE6C16B6C358, cid=3429, SUCCESS, logIndex=5173, commits[63cacea9-0392-4939-ad39-80c4c73dd84b:c5174, bd7b7fea-2a7b-4c3f-852f-c014e42bfcb7:c5170, 3b4aa678-22a6-4ae2-9c6a-0e71cdb9d6d0:c5172]
2019-07-10 03:37:50,010 INFO  client.GrpcClientProtocolClient (GrpcClientProtocolClient.java:onNext(255)) - client-8BD909272E8D->63cacea9-0392-4939-ad39-80c4c73dd84b: receive RaftClientReply:client-8BD909272E8D->63cacea9-0392-4939-ad39-80c4c73dd84b@group-EE6C16B6C358, cid=3430, SUCCESS, logIndex=5174, commits[63cacea9-0392-4939-ad39-80c4c73dd84b:c5176, bd7b7fea-2a7b-4c3f-852f-c014e42bfcb7:c5170, 3b4aa678-22a6-4ae2-9c6a-0e71cdb9d6d0:c5172]
2019-07-10 03:37:50,010 INFO  client.GrpcClientProtocolClient (GrpcClientProtocolClient.java:onNext(255)) - client-8BD909272E8D->63cacea9-0392-4939-ad39-80c4c73dd84b: receive RaftClientReply:client-8BD909272E8D->63cacea9-0392-4939-ad39-80c4c73dd84b@group-EE6C16B6C358, cid=3431, SUCCESS, logIndex=5175, commits[63cacea9-0392-4939-ad39-80c4c73dd84b:c5176, bd7b7fea-2a7b-4c3f-852f-c014e42bfcb7:c5172, 3b4aa678-22a6-4ae2-9c6a-0e71cdb9d6d0:c5172]
2019-07-10 03:37:50,011 INFO  client.GrpcClientProtocolClient (GrpcClientProtocolClient.java:onNext(255)) - client-8BD909272E8D->63cacea9-0392-4939-ad39-80c4c73dd84b: receive RaftClientReply:client-8BD909272E8D->63cacea9-0392-4939-ad39-80c4c73dd84b@group-EE6C16B6C358, cid=3432, SUCCESS, logIndex=5176, commits[63cacea9-0392-4939-ad39-80c4c73dd84b:c5176, bd7b7fea-2a7b-4c3f-852f-c014e42bfcb7:c5172, 3b4aa678-22a6-4ae2-9c6a-0e71cdb9d6d0:c5172]
2019-07-10 03:37:50,022 INFO  client.GrpcClientProtocolClient (GrpcClientProtocolClient.java:onNext(255)) - client-8BD909272E8D->63cacea9-0392-4939-ad39-80c4c73dd84b: receive RaftClientReply:client-8BD909272E8D->63cacea9-0392-4939-ad39-80c4c73dd84b@group-EE6C16B6C358, cid=3433, SUCCESS, logIndex=0, commits[63cacea9-0392-4939-ad39-80c4c73dd84b:c5178, bd7b7fea-2a7b-4c3f-852f-c014e42bfcb7:c5174, 3b4aa678-22a6-4ae2-9c6a-0e71cdb9d6d0:c5174]
2019-07-10 03:37:50,042 INFO  client.GrpcClientProtocolClient (GrpcClientProtocolClient.java:onNext(255)) - client-8BD909272E8D->63cacea9-0392-4939-ad39-80c4c73dd84b: receive RaftClientReply:client-8BD909272E8D->63cacea9-0392-4939-ad39-80c4c73dd84b@group-EE6C16B6C358, cid=3434, SUCCESS, logIndex=5180, commits[63cacea9-0392-4939-ad39-80c4c73dd84b:c5181, bd7b7fea-2a7b-4c3f-852f-c014e42bfcb7:c5179, 3b4aa678-22a6-4ae2-9c6a-0e71cdb9d6d0:c5179]
2019-07-10 03:37:50,042 INFO  client.GrpcClientProtocolClient (GrpcClientProtocolClient.java:onNext(255)) - client-8BD909272E8D->63cacea9-0392-4939-ad39-80c4c73dd84b: receive RaftClientReply:client-8BD909272E8D->63cacea9-0392-4939-ad39-80c4c73dd84b@group-EE6C16B6C358, cid=3435, SUCCESS, logIndex=5181, commits[63cacea9-0392-4939-ad39-80c4c73dd84b:c5181, bd7b7fea-2a7b-4c3f-852f-c014e42bfcb7:c5179, 3b4aa678-22a6-4ae2-9c6a-0e71cdb9d6d0:c5179]
2019-07-10 03:37:50,068 INFO  client.GrpcClientProtocolClient (GrpcClientProtocolClient.java:onNext(255)) - client-8BD909272E8D->63cacea9-0392-4939-ad39-80c4c73dd84b: receive RaftClientReply:client-8BD909272E8D->63cacea9-0392-4939-ad39-80c4c73dd84b@group-EE6C16B6C358, cid=3436, SUCCESS, logIndex=5184, commits[63cacea9-0392-4939-ad39-80c4c73dd84b:c5185, bd7b7fea-2a7b-4c3f-852f-c014e42bfcb7:c5181, 3b4aa678-22a6-4ae2-9c6a-0e71cdb9d6d0:c5181]
2019-07-10 03:37:50,068 INFO  client.GrpcClientProtocolClient (GrpcClientProtocolClient.java:onNext(255)) - client-8BD909272E8D->63cacea9-0392-4939-ad39-80c4c73dd84b: receive RaftClientReply:client-8BD909272E8D->63cacea9-0392-4939-ad39-80c4c73dd84b@group-EE6C16B6C358, cid=3437, SUCCESS, logIndex=5185, commits[63cacea9-0392-4939-ad39-80c4c73dd84b:c5185, bd7b7fea-2a7b-4c3f-852f-c014e42bfcb7:c5181, 3b4aa678-22a6-4ae2-9c6a-0e71cdb9d6d0:c5181]
2019-07-10 03:37:50,080 INFO  client.GrpcClientProtocolClient (GrpcClientProtocolClient.java:onNext(255)) - client-8BD909272E8D->63cacea9-0392-4939-ad39-80c4c73dd84b: receive RaftClientReply:client-8BD909272E8D->63cacea9-0392-4939-ad39-80c4c73dd84b@group-EE6C16B6C358, cid=3438, SUCCESS, logIndex=0, commits[63cacea9-0392-4939-ad39-80c4c73dd84b:c5187, bd7b7fea-2a7b-4c3f-852f-c014e42bfcb7:c5185, 3b4aa678-22a6-4ae2-9c6a-0e71cdb9d6d0:c5185]
2019-07-10 03:37:50,110 INFO  client.GrpcClientProtocolClient (GrpcClientProtocolClient.java:onNext(255)) - client-8BD909272E8D->63cacea9-0392-4939-ad39-80c4c73dd84b: receive RaftClientReply:client-8BD909272E8D->63cacea9-0392-4939-ad39-80c4c73dd84b@group-EE6C16B6C358, cid=3439, SUCCESS, logIndex=5188, commits[63cacea9-0392-4939-ad39-80c4c73dd84b:c5189, bd7b7fea-2a7b-4c3f-852f-c014e42bfcb7:c5187, 3b4aa678-22a6-4ae2-9c6a-0e71cdb9d6d0:c5187]
2019-07-10 03:37:50,111 INFO  client.GrpcClientProtocolClient (GrpcClientProtocolClient.java:onNext(255)) - client-8BD909272E8D->63cacea9-0392-4939-ad39-80c4c73dd84b: receive RaftClientReply:client-8BD909272E8D->63cacea9-0392-4939-ad39-80c4c73dd84b@group-EE6C16B6C358, cid=3440, SUCCESS, logIndex=5189, commits[63cacea9-0392-4939-ad39-80c4c73dd84b:c5191, bd7b7fea-2a7b-4c3f-852f-c014e42bfcb7:c5187, 3b4aa678-22a6-4ae2-9c6a-0e71cdb9d6d0:c5187]
2019-07-10 03:37:50,111 INFO  client.GrpcClientProtocolClient (GrpcClientProtocolClient.java:onNext(255)) - client-8BD909272E8D->63cacea9-0392-4939-ad39-80c4c73dd84b: receive RaftClientReply:client-8BD909272E8D->63cacea9-0392-4939-ad39-80c4c73dd84b@group-EE6C16B6C358, cid=3441, SUCCESS, logIndex=5190, commits[63cacea9-0392-4939-ad39-80c4c73dd84b:c5191, bd7b7fea-2a7b-4c3f-852f-c014e42bfcb7:c5187, 3b4aa678-22a6-4ae2-9c6a-0e71cdb9d6d0:c5187]
2019-07-10 03:37:50,111 INFO  client.GrpcClientProtocolClient (GrpcClientProtocolClient.java:onNext(255)) - client-8BD909272E8D->63cacea9-0392-4939-ad39-80c4c73dd84b: receive RaftClientReply:client-8BD909272E8D->63cacea9-0392-4939-ad39-80c4c73dd84b@group-EE6C16B6C358, cid=3442, SUCCESS, logIndex=5191, commits[63cacea9-0392-4939-ad39-80c4c73dd84b:c5191, bd7b7fea-2a7b-4c3f-852f-c014e42bfcb7:c5188, 3b4aa678-22a6-4ae2-9c6a-0e71cdb9d6d0:c5187]
2019-07-10 03:37:50,112 INFO  client.GrpcClientProtocolClient (GrpcClientProtocolClient.java:onNext(255)) - client-8BD909272E8D->63cacea9-0392-4939-ad39-80c4c73dd84b: receive RaftClientReply:client-8BD909272E8D->63cacea9-0392-4939-ad39-80c4c73dd84b@group-EE6C16B6C358, cid=3443, SUCCESS, logIndex=0, commits[63cacea9-0392-4939-ad39-80c4c73dd84b:c5193, bd7b7fea-2a7b-4c3f-852f-c014e42bfcb7:c5191, 3b4aa678-22a6-4ae2-9c6a-0e71cdb9d6d0:c5189]
2019-07-10 03:37:50,131 INFO  client.GrpcClientProtocolClient (GrpcClientProtocolClient.java:onNext(255)) - client-8BD909272E8D->63cacea9-0392-4939-ad39-80c4c73dd84b: receive RaftClientReply:client-8BD909272E8D->63cacea9-0392-4939-ad39-80c4c73dd84b@group-EE6C16B6C358, cid=3444, SUCCESS, logIndex=5195, commits[63cacea9-0392-4939-ad39-80c4c73dd84b:c5196, bd7b7fea-2a7b-4c3f-852f-c014e42bfcb7:c5194, 3b4aa678-22a6-4ae2-9c6a-0e71cdb9d6d0:c5194]
2019-07-10 03:37:50,131 INFO  client.GrpcClientProtocolClient (GrpcClientProtocolClient.java:onNext(255)) - client-8BD909272E8D->63cacea9-0392-4939-ad39-80c4c73dd84b: receive RaftClientReply:client-8BD909272E8D->63cacea9-0392-4939-ad39-80c4c73dd84b@group-EE6C16B6C358, cid=3445, SUCCESS, logIndex=5196, commits[63cacea9-0392-4939-ad39-80c4c73dd84b:c5196, bd7b7fea-2a7b-4c3f-852f-c014e42bfcb7:c5194, 3b4aa678-22a6-4ae2-9c6a-0e71cdb9d6d0:c5194]
2019-07-10 03:37:50,146 INFO  client.GrpcClientProtocolClient (GrpcClientProtocolClient.java:onNext(255)) - client-8BD909272E8D->63cacea9-0392-4939-ad39-80c4c73dd84b: receive RaftClientReply:client-8BD909272E8D->63cacea9-0392-4939-ad39-80c4c73dd84b@group-EE6C16B6C358, cid=3446, SUCCESS, logIndex=5199, commits[63cacea9-0392-4939-ad39-80c4c73dd84b:c5200, bd7b7fea-2a7b-4c3f-852f-c014e42bfcb7:c5196, 3b4aa678-22a6-4ae2-9c6a-0e71cdb9d6d0:c5196]
2019-07-10 03:37:50,146 INFO  client.GrpcClientProtocolClient (GrpcClientProtocolClient.java:onNext(255)) - client-8BD909272E8D->63cacea9-0392-4939-ad39-80c4c73dd84b: receive RaftClientReply:client-8BD909272E8D->63cacea9-0392-4939-ad39-80c4c73dd84b@group-EE6C16B6C358, cid=3447, SUCCESS, logIndex=5200, commits[63cacea9-0392-4939-ad39-80c4c73dd84b:c5200, bd7b7fea-2a7b-4c3f-852f-c014e42bfcb7:c5196, 3b4aa678-22a6-4ae2-9c6a-0e71cdb9d6d0:c5196]
2019-07-10 03:37:50,158 INFO  client.GrpcClientProtocolClient (GrpcClientProtocolClient.java:onNext(255)) - client-8BD909272E8D->63cacea9-0392-4939-ad39-80c4c73dd84b: receive RaftClientReply:client-8BD909272E8D->63cacea9-0392-4939-ad39-80c4c73dd84b@group-EE6C16B6C358, cid=3448, SUCCESS, logIndex=0, commits[63cacea9-0392-4939-ad39-80c4c73dd84b:c5201, bd7b7fea-2a7b-4c3f-852f-c014e42bfcb7:c5200, 3b4aa678-22a6-4ae2-9c6a-0e71cdb9d6d0:c5200]
2019-07-10 03:37:50,188 INFO  client.GrpcClientProtocolClient (GrpcClientProtocolClient.java:onNext(255)) - client-8BD909272E8D->63cacea9-0392-4939-ad39-80c4c73dd84b: receive RaftClientReply:client-8BD909272E8D->63cacea9-0392-4939-ad39-80c4c73dd84b@group-EE6C16B6C358, cid=3449, SUCCESS, logIndex=5203, commits[63cacea9-0392-4939-ad39-80c4c73dd84b:c5204, bd7b7fea-2a7b-4c3f-852f-c014e42bfcb7:c5202, 3b4aa678-22a6-4ae2-9c6a-0e71cdb9d6d0:c5202]
2019-07-10 03:37:50,189 INFO  client.GrpcClientProtocolClient (GrpcClientProtocolClient.java:onNext(255)) - client-8BD909272E8D->63cacea9-0392-4939-ad39-80c4c73dd84b: receive RaftClientReply:client-8BD909272E8D->63cacea9-0392-4939-ad39-80c4c73dd84b@group-EE6C16B6C358, cid=3450, SUCCESS, logIndex=5204, commits[63cacea9-0392-4939-ad39-80c4c73dd84b:c5206, bd7b7fea-2a7b-4c3f-852f-c014e42bfcb7:c5202, 3b4aa678-22a6-4ae2-9c6a-0e71cdb9d6d0:c5202]
2019-07-10 03:37:50,189 INFO  client.GrpcClientProtocolClient (GrpcClientProtocolClient.java:onNext(255)) - client-8BD909272E8D->63cacea9-0392-4939-ad39-80c4c73dd84b: receive RaftClientReply:client-8BD909272E8D->63cacea9-0392-4939-ad39-80c4c73dd84b@group-EE6C16B6C358, cid=3451, SUCCESS, logIndex=5205, commits[63cacea9-0392-4939-ad39-80c4c73dd84b:c5206, bd7b7fea-2a7b-4c3f-852f-c014e42bfcb7:c5202, 3b4aa678-22a6-4ae2-9c6a-0e71cdb9d6d0:c5202]
2019-07-10 03:37:50,190 INFO  client.GrpcClientProtocolClient (GrpcClientProtocolClient.java:onNext(255)) - client-8BD909272E8D->63cacea9-0392-4939-ad39-80c4c73dd84b: receive RaftClientReply:client-8BD909272E8D->63cacea9-0392-4939-ad39-80c4c73dd84b@group-EE6C16B6C358, cid=3452, SUCCESS, logIndex=5206, commits[63cacea9-0392-4939-ad39-80c4c73dd84b:c5206, bd7b7fea-2a7b-4c3f-852f-c014e42bfcb7:c5202, 3b4aa678-22a6-4ae2-9c6a-0e71cdb9d6d0:c5202]
2019-07-10 03:37:50,193 INFO  client.GrpcClientProtocolClient (GrpcClientProtocolClient.java:onNext(255)) - client-8BD909272E8D->63cacea9-0392-4939-ad39-80c4c73dd84b: receive RaftClientReply:client-8BD909272E8D->63cacea9-0392-4939-ad39-80c4c73dd84b@group-EE6C16B6C358, cid=3453, SUCCESS, logIndex=0, commits[63cacea9-0392-4939-ad39-80c4c73dd84b:c5210, bd7b7fea-2a7b-4c3f-852f-c014e42bfcb7:c5206, 3b4aa678-22a6-4ae2-9c6a-0e71cdb9d6d0:c5204]
2019-07-10 03:37:50,225 INFO  client.GrpcClientProtocolClient (GrpcClientProtocolClient.java:onNext(255)) - client-8BD909272E8D->63cacea9-0392-4939-ad39-80c4c73dd84b: receive RaftClientReply:client-8BD909272E8D->63cacea9-0392-4939-ad39-80c4c73dd84b@group-EE6C16B6C358, cid=3454, SUCCESS, logIndex=5211, commits[63cacea9-0392-4939-ad39-80c4c73dd84b:c5212, bd7b7fea-2a7b-4c3f-852f-c014e42bfcb7:c5210, 3b4aa678-22a6-4ae2-9c6a-0e71cdb9d6d0:c5206]
2019-07-10 03:37:50,225 INFO  client.GrpcClientProtocolClient (GrpcClientProtocolClient.java:onNext(255)) - client-8BD909272E8D->63cacea9-0392-4939-ad39-80c4c73dd84b: receive RaftClientReply:client-8BD909272E8D->63cacea9-0392-4939-ad39-80c4c73dd84b@group-EE6C16B6C358, cid=3455, SUCCESS, logIndex=5212, commits[63cacea9-0392-4939-ad39-80c4c73dd84b:c5212, bd7b7fea-2a7b-4c3f-852f-c014e42bfcb7:c5210, 3b4aa678-22a6-4ae2-9c6a-0e71cdb9d6d0:c5210]
2019-07-10 03:37:50,245 INFO  client.GrpcClientProtocolClient (GrpcClientProtocolClient.java:onNext(255)) - client-8BD909272E8D->63cacea9-0392-4939-ad39-80c4c73dd84b: receive RaftClientReply:client-8BD909272E8D->63cacea9-0392-4939-ad39-80c4c73dd84b@group-EE6C16B6C358, cid=3456, SUCCESS, logIndex=5215, commits[63cacea9-0392-4939-ad39-80c4c73dd84b:c5216, bd7b7fea-2a7b-4c3f-852f-c014e42bfcb7:c5214, 3b4aa678-22a6-4ae2-9c6a-0e71cdb9d6d0:c5214]
2019-07-10 03:37:50,246 INFO  client.GrpcClientProtocolClient (GrpcClientProtocolClient.java:onNext(255)) - client-8BD909272E8D->63cacea9-0392-4939-ad39-80c4c73dd84b: receive RaftClientReply:client-8BD909272E8D->63cacea9-0392-4939-ad39-80c4c73dd84b@group-EE6C16B6C358, cid=3457, SUCCESS, logIndex=5216, commits[63cacea9-0392-4939-ad39-80c4c73dd84b:c5216, bd7b7fea-2a7b-4c3f-852f-c014e42bfcb7:c5214, 3b4aa678-22a6-4ae2-9c6a-0e71cdb9d6d0:c5214]
2019-07-10 03:37:50,259 INFO  client.GrpcClientProtocolClient (GrpcClientProtocolClient.java:onNext(255)) - client-8BD909272E8D->63cacea9-0392-4939-ad39-80c4c73dd84b: receive RaftClientReply:client-8BD909272E8D->63cacea9-0392-4939-ad39-80c4c73dd84b@group-EE6C16B6C358, cid=3458, SUCCESS, logIndex=0, commits[63cacea9-0392-4939-ad39-80c4c73dd84b:c5217, bd7b7fea-2a7b-4c3f-852f-c014e42bfcb7:c5216, 3b4aa678-22a6-4ae2-9c6a-0e71cdb9d6d0:c5216]
2019-07-10 03:37:50,294 INFO  client.GrpcClientProtocolClient (GrpcClientProtocolClient.java:onNext(255)) - client-8BD909272E8D->63cacea9-0392-4939-ad39-80c4c73dd84b: receive RaftClientReply:client-8BD909272E8D->63cacea9-0392-4939-ad39-80c4c73dd84b@group-EE6C16B6C358, cid=3459, SUCCESS, logIndex=5219, commits[63cacea9-0392-4939-ad39-80c4c73dd84b:c5220, bd7b7fea-2a7b-4c3f-852f-c014e42bfcb7:c5218, 3b4aa678-22a6-4ae2-9c6a-0e71cdb9d6d0:c5216]
2019-07-10 03:37:50,295 INFO  client.GrpcClientProtocolClient (GrpcClientProtocolClient.java:onNext(255)) - client-8BD909272E8D->63cacea9-0392-4939-ad39-80c4c73dd84b: receive RaftClientReply:client-8BD909272E8D->63cacea9-0392-4939-ad39-80c4c73dd84b@group-EE6C16B6C358, cid=3460, SUCCESS, logIndex=5220, commits[63cacea9-0392-4939-ad39-80c4c73dd84b:c5222, bd7b7fea-2a7b-4c3f-852f-c014e42bfcb7:c5218, 3b4aa678-22a6-4ae2-9c6a-0e71cdb9d6d0:c5218]
2019-07-10 03:37:50,295 INFO  client.GrpcClientProtocolClient (GrpcClientProtocolClient.java:onNext(255)) - client-8BD909272E8D->63cacea9-0392-4939-ad39-80c4c73dd84b: receive RaftClientReply:client-8BD909272E8D->63cacea9-0392-4939-ad39-80c4c73dd84b@group-EE6C16B6C358, cid=3461, SUCCESS, logIndex=5221, commits[63cacea9-0392-4939-ad39-80c4c73dd84b:c5222, bd7b7fea-2a7b-4c3f-852f-c014e42bfcb7:c5218, 3b4aa678-22a6-4ae2-9c6a-0e71cdb9d6d0:c5218]
2019-07-10 03:37:50,296 INFO  client.GrpcClientProtocolClient (GrpcClientProtocolClient.java:onNext(255)) - client-8BD909272E8D->63cacea9-0392-4939-ad39-80c4c73dd84b: receive RaftClientReply:client-8BD909272E8D->63cacea9-0392-4939-ad39-80c4c73dd84b@group-EE6C16B6C358, cid=3462, SUCCESS, logIndex=5222, commits[63cacea9-0392-4939-ad39-80c4c73dd84b:c5222, bd7b7fea-2a7b-4c3f-852f-c014e42bfcb7:c5218, 3b4aa678-22a6-4ae2-9c6a-0e71cdb9d6d0:c5218]
2019-07-10 03:37:50,296 INFO  client.GrpcClientProtocolClient (GrpcClientProtocolClient.java:onNext(255)) - client-8BD909272E8D->63cacea9-0392-4939-ad39-80c4c73dd84b: receive RaftClientReply:client-8BD909272E8D->63cacea9-0392-4939-ad39-80c4c73dd84b@group-EE6C16B6C358, cid=3463, SUCCESS, logIndex=0, commits[63cacea9-0392-4939-ad39-80c4c73dd84b:c5223, bd7b7fea-2a7b-4c3f-852f-c014e42bfcb7:c5220, 3b4aa678-22a6-4ae2-9c6a-0e71cdb9d6d0:c5220]
2019-07-10 03:37:50,403 INFO  client.GrpcClientProtocolClient (GrpcClientProtocolClient.java:onNext(255)) - client-8BD909272E8D->63cacea9-0392-4939-ad39-80c4c73dd84b: receive RaftClientReply:client-8BD909272E8D->63cacea9-0392-4939-ad39-80c4c73dd84b@group-EE6C16B6C358, cid=3464, SUCCESS, logIndex=5226, commits[63cacea9-0392-4939-ad39-80c4c73dd84b:c5227, bd7b7fea-2a7b-4c3f-852f-c014e42bfcb7:c5225, 3b4aa678-22a6-4ae2-9c6a-0e71cdb9d6d0:c5222]
2019-07-10 03:37:50,403 INFO  client.GrpcClientProtocolClient (GrpcClientProtocolClient.java:onNext(255)) - client-8BD909272E8D->63cacea9-0392-4939-ad39-80c4c73dd84b: receive RaftClientReply:client-8BD909272E8D->63cacea9-0392-4939-ad39-80c4c73dd84b@group-EE6C16B6C358, cid=3465, SUCCESS, logIndex=5227, commits[63cacea9-0392-4939-ad39-80c4c73dd84b:c5227, bd7b7fea-2a7b-4c3f-852f-c014e42bfcb7:c5225, 3b4aa678-22a6-4ae2-9c6a-0e71cdb9d6d0:c5225]
 0.00% |█                                                                                                    |  0/1 Time: 0:00:322019-07-10 03:37:50,417 INFO  client.GrpcClientProtocolClient (GrpcClientProtocolClient.java:onNext(255)) - client-8BD909272E8D->63cacea9-0392-4939-ad39-80c4c73dd84b: receive RaftClientReply:client-8BD909272E8D->63cacea9-0392-4939-ad39-80c4c73dd84b@group-EE6C16B6C358, cid=3466, SUCCESS, logIndex=5230, commits[63cacea9-0392-4939-ad39-80c4c73dd84b:c5231, bd7b7fea-2a7b-4c3f-852f-c014e42bfcb7:c5227, 3b4aa678-22a6-4ae2-9c6a-0e71cdb9d6d0:c5227]
2019-07-10 03:37:50,417 INFO  client.GrpcClientProtocolClient (GrpcClientProtocolClient.java:onNext(255)) - client-8BD909272E8D->63cacea9-0392-4939-ad39-80c4c73dd84b: receive RaftClientReply:client-8BD909272E8D->63cacea9-0392-4939-ad39-80c4c73dd84b@group-EE6C16B6C358, cid=3467, SUCCESS, logIndex=5231, commits[63cacea9-0392-4939-ad39-80c4c73dd84b:c5231, bd7b7fea-2a7b-4c3f-852f-c014e42bfcb7:c5227, 3b4aa678-22a6-4ae2-9c6a-0e71cdb9d6d0:c5227]
2019-07-10 03:37:50,430 INFO  client.GrpcClientProtocolClient (GrpcClientProtocolClient.java:onNext(255)) - client-8BD909272E8D->63cacea9-0392-4939-ad39-80c4c73dd84b: receive RaftClientReply:client-8BD909272E8D->63cacea9-0392-4939-ad39-80c4c73dd84b@group-EE6C16B6C358, cid=3468, SUCCESS, logIndex=0, commits[63cacea9-0392-4939-ad39-80c4c73dd84b:c5233, bd7b7fea-2a7b-4c3f-852f-c014e42bfcb7:c5231, 3b4aa678-22a6-4ae2-9c6a-0e71cdb9d6d0:c5231]
2019-07-10 03:37:50,464 INFO  client.GrpcClientProtocolClient (GrpcClientProtocolClient.java:onNext(255)) - client-8BD909272E8D->63cacea9-0392-4939-ad39-80c4c73dd84b: receive RaftClientReply:client-8BD909272E8D->63cacea9-0392-4939-ad39-80c4c73dd84b@group-EE6C16B6C358, cid=3469, SUCCESS, logIndex=5234, commits[63cacea9-0392-4939-ad39-80c4c73dd84b:c5235, bd7b7fea-2a7b-4c3f-852f-c014e42bfcb7:c5233, 3b4aa678-22a6-4ae2-9c6a-0e71cdb9d6d0:c5233]
2019-07-10 03:37:50,465 INFO  client.GrpcClientProtocolClient (GrpcClientProtocolClient.java:onNext(255)) - client-8BD909272E8D->63cacea9-0392-4939-ad39-80c4c73dd84b: receive RaftClientReply:client-8BD909272E8D->63cacea9-0392-4939-ad39-80c4c73dd84b@group-EE6C16B6C358, cid=3470, SUCCESS, logIndex=5235, commits[63cacea9-0392-4939-ad39-80c4c73dd84b:c5237, bd7b7fea-2a7b-4c3f-852f-c014e42bfcb7:c5233, 3b4aa678-22a6-4ae2-9c6a-0e71cdb9d6d0:c5233]
2019-07-10 03:37:50,465 INFO  client.GrpcClientProtocolClient (GrpcClientProtocolClient.java:onNext(255)) - client-8BD909272E8D->63cacea9-0392-4939-ad39-80c4c73dd84b: receive RaftClientReply:client-8BD909272E8D->63cacea9-0392-4939-ad39-80c4c73dd84b@group-EE6C16B6C358, cid=3471, SUCCESS, logIndex=5236, commits[63cacea9-0392-4939-ad39-80c4c73dd84b:c5237, bd7b7fea-2a7b-4c3f-852f-c014e42bfcb7:c5233, 3b4aa678-22a6-4ae2-9c6a-0e71cdb9d6d0:c5233]
2019-07-10 03:37:50,465 INFO  client.GrpcClientProtocolClient (GrpcClientProtocolClient.java:onNext(255)) - client-8BD909272E8D->63cacea9-0392-4939-ad39-80c4c73dd84b: receive RaftClientReply:client-8BD909272E8D->63cacea9-0392-4939-ad39-80c4c73dd84b@group-EE6C16B6C358, cid=3472, SUCCESS, logIndex=5237, commits[63cacea9-0392-4939-ad39-80c4c73dd84b:c5237, bd7b7fea-2a7b-4c3f-852f-c014e42bfcb7:c5233, 3b4aa678-22a6-4ae2-9c6a-0e71cdb9d6d0:c5233]
2019-07-10 03:37:50,477 INFO  client.GrpcClientProtocolClient (GrpcClientProtocolClient.java:onNext(255)) - client-8BD909272E8D->63cacea9-0392-4939-ad39-80c4c73dd84b: receive RaftClientReply:client-8BD909272E8D->63cacea9-0392-4939-ad39-80c4c73dd84b@group-EE6C16B6C358, cid=3473, SUCCESS, logIndex=0, commits[63cacea9-0392-4939-ad39-80c4c73dd84b:c5239, bd7b7fea-2a7b-4c3f-852f-c014e42bfcb7:c5235, 3b4aa678-22a6-4ae2-9c6a-0e71cdb9d6d0:c5235]
2019-07-10 03:37:50,502 INFO  client.GrpcClientProtocolClient (GrpcClientProtocolClient.java:onNext(255)) - client-8BD909272E8D->63cacea9-0392-4939-ad39-80c4c73dd84b: receive RaftClientReply:client-8BD909272E8D->63cacea9-0392-4939-ad39-80c4c73dd84b@group-EE6C16B6C358, cid=3474, SUCCESS, logIndex=5242, commits[63cacea9-0392-4939-ad39-80c4c73dd84b:c5243, bd7b7fea-2a7b-4c3f-852f-c014e42bfcb7:c5241, 3b4aa678-22a6-4ae2-9c6a-0e71cdb9d6d0:c5241]
2019-07-10 03:37:50,503 INFO  client.GrpcClientProtocolClient (GrpcClientProtocolClient.java:onNext(255)) - client-8BD909272E8D->63cacea9-0392-4939-ad39-80c4c73dd84b: receive RaftClientReply:client-8BD909272E8D->63cacea9-0392-4939-ad39-80c4c73dd84b@group-EE6C16B6C358, cid=3475, SUCCESS, logIndex=5243, commits[63cacea9-0392-4939-ad39-80c4c73dd84b:c5243, bd7b7fea-2a7b-4c3f-852f-c014e42bfcb7:c5241, 3b4aa678-22a6-4ae2-9c6a-0e71cdb9d6d0:c5241]
2019-07-10 03:37:50,525 INFO  client.GrpcClientProtocolClient (GrpcClientProtocolClient.java:onNext(255)) - client-8BD909272E8D->63cacea9-0392-4939-ad39-80c4c73dd84b: receive RaftClientReply:client-8BD909272E8D->63cacea9-0392-4939-ad39-80c4c73dd84b@group-EE6C16B6C358, cid=3476, SUCCESS, logIndex=5246, commits[63cacea9-0392-4939-ad39-80c4c73dd84b:c5247, bd7b7fea-2a7b-4c3f-852f-c014e42bfcb7:c5243, 3b4aa678-22a6-4ae2-9c6a-0e71cdb9d6d0:c5243]
2019-07-10 03:37:50,526 INFO  client.GrpcClientProtocolClient (GrpcClientProtocolClient.java:onNext(255)) - client-8BD909272E8D->63cacea9-0392-4939-ad39-80c4c73dd84b: receive RaftClientReply:client-8BD909272E8D->63cacea9-0392-4939-ad39-80c4c73dd84b@group-EE6C16B6C358, cid=3477, SUCCESS, logIndex=5247, commits[63cacea9-0392-4939-ad39-80c4c73dd84b:c5247, bd7b7fea-2a7b-4c3f-852f-c014e42bfcb7:c5243, 3b4aa678-22a6-4ae2-9c6a-0e71cdb9d6d0:c5243]
2019-07-10 03:37:50,540 INFO  client.GrpcClientProtocolClient (GrpcClientProtocolClient.java:onNext(255)) - client-8BD909272E8D->63cacea9-0392-4939-ad39-80c4c73dd84b: receive RaftClientReply:client-8BD909272E8D->63cacea9-0392-4939-ad39-80c4c73dd84b@group-EE6C16B6C358, cid=3478, SUCCESS, logIndex=0, commits[63cacea9-0392-4939-ad39-80c4c73dd84b:c5249, bd7b7fea-2a7b-4c3f-852f-c014e42bfcb7:c5247, 3b4aa678-22a6-4ae2-9c6a-0e71cdb9d6d0:c5247]
2019-07-10 03:37:50,573 INFO  client.GrpcClientProtocolClient (GrpcClientProtocolClient.java:onNext(255)) - client-8BD909272E8D->63cacea9-0392-4939-ad39-80c4c73dd84b: receive RaftClientReply:client-8BD909272E8D->63cacea9-0392-4939-ad39-80c4c73dd84b@group-EE6C16B6C358, cid=3479, SUCCESS, logIndex=5250, commits[63cacea9-0392-4939-ad39-80c4c73dd84b:c5251, bd7b7fea-2a7b-4c3f-852f-c014e42bfcb7:c5249, 3b4aa678-22a6-4ae2-9c6a-0e71cdb9d6d0:c5249]
2019-07-10 03:37:50,574 INFO  client.GrpcClientProtocolClient (GrpcClientProtocolClient.java:onNext(255)) - client-8BD909272E8D->63cacea9-0392-4939-ad39-80c4c73dd84b: receive RaftClientReply:client-8BD909272E8D->63cacea9-0392-4939-ad39-80c4c73dd84b@group-EE6C16B6C358, cid=3480, SUCCESS, logIndex=5251, commits[63cacea9-0392-4939-ad39-80c4c73dd84b:c5253, bd7b7fea-2a7b-4c3f-852f-c014e42bfcb7:c5249, 3b4aa678-22a6-4ae2-9c6a-0e71cdb9d6d0:c5249]
2019-07-10 03:37:50,574 INFO  client.GrpcClientProtocolClient (GrpcClientProtocolClient.java:onNext(255)) - client-8BD909272E8D->63cacea9-0392-4939-ad39-80c4c73dd84b: receive RaftClientReply:client-8BD909272E8D->63cacea9-0392-4939-ad39-80c4c73dd84b@group-EE6C16B6C358, cid=3481, SUCCESS, logIndex=5252, commits[63cacea9-0392-4939-ad39-80c4c73dd84b:c5253, bd7b7fea-2a7b-4c3f-852f-c014e42bfcb7:c5249, 3b4aa678-22a6-4ae2-9c6a-0e71cdb9d6d0:c5249]
2019-07-10 03:37:50,574 INFO  client.GrpcClientProtocolClient (GrpcClientProtocolClient.java:onNext(255)) - client-8BD909272E8D->63cacea9-0392-4939-ad39-80c4c73dd84b: receive RaftClientReply:client-8BD909272E8D->63cacea9-0392-4939-ad39-80c4c73dd84b@group-EE6C16B6C358, cid=3482, SUCCESS, logIndex=5253, commits[63cacea9-0392-4939-ad39-80c4c73dd84b:c5253, bd7b7fea-2a7b-4c3f-852f-c014e42bfcb7:c5249, 3b4aa678-22a6-4ae2-9c6a-0e71cdb9d6d0:c5249]
2019-07-10 03:37:50,575 INFO  client.GrpcClientProtocolClient (GrpcClientProtocolClient.java:onNext(255)) - client-8BD909272E8D->63cacea9-0392-4939-ad39-80c4c73dd84b: receive RaftClientReply:client-8BD909272E8D->63cacea9-0392-4939-ad39-80c4c73dd84b@group-EE6C16B6C358, cid=3483, SUCCESS, logIndex=0, commits[63cacea9-0392-4939-ad39-80c4c73dd84b:c5255, bd7b7fea-2a7b-4c3f-852f-c014e42bfcb7:c5251, 3b4aa678-22a6-4ae2-9c6a-0e71cdb9d6d0:c5253]
2019-07-10 03:37:50,598 INFO  client.GrpcClientProtocolClient (GrpcClientProtocolClient.java:onNext(255)) - client-8BD909272E8D->63cacea9-0392-4939-ad39-80c4c73dd84b: receive RaftClientReply:client-8BD909272E8D->63cacea9-0392-4939-ad39-80c4c73dd84b@group-EE6C16B6C358, cid=3484, SUCCESS, logIndex=5257, commits[63cacea9-0392-4939-ad39-80c4c73dd84b:c5258, bd7b7fea-2a7b-4c3f-852f-c014e42bfcb7:c5256, 3b4aa678-22a6-4ae2-9c6a-0e71cdb9d6d0:c5256]
2019-07-10 03:37:50,598 INFO  client.GrpcClientProtocolClient (GrpcClientProtocolClient.java:onNext(255)) - client-8BD909272E8D->63cacea9-0392-4939-ad39-80c4c73dd84b: receive RaftClientReply:client-8BD909272E8D->63cacea9-0392-4939-ad39-80c4c73dd84b@group-EE6C16B6C358, cid=3485, SUCCESS, logIndex=5258, commits[63cacea9-0392-4939-ad39-80c4c73dd84b:c5258, bd7b7fea-2a7b-4c3f-852f-c014e42bfcb7:c5256, 3b4aa678-22a6-4ae2-9c6a-0e71cdb9d6d0:c5256]
2019-07-10 03:37:50,612 INFO  client.GrpcClientProtocolClient (GrpcClientProtocolClient.java:onNext(255)) - client-8BD909272E8D->63cacea9-0392-4939-ad39-80c4c73dd84b: receive RaftClientReply:client-8BD909272E8D->63cacea9-0392-4939-ad39-80c4c73dd84b@group-EE6C16B6C358, cid=3486, SUCCESS, logIndex=5261, commits[63cacea9-0392-4939-ad39-80c4c73dd84b:c5262, bd7b7fea-2a7b-4c3f-852f-c014e42bfcb7:c5258, 3b4aa678-22a6-4ae2-9c6a-0e71cdb9d6d0:c5258]
2019-07-10 03:37:50,613 INFO  client.GrpcClientProtocolClient (GrpcClientProtocolClient.java:onNext(255)) - client-8BD909272E8D->63cacea9-0392-4939-ad39-80c4c73dd84b: receive RaftClientReply:client-8BD909272E8D->63cacea9-0392-4939-ad39-80c4c73dd84b@group-EE6C16B6C358, cid=3487, SUCCESS, logIndex=5262, commits[63cacea9-0392-4939-ad39-80c4c73dd84b:c5262, bd7b7fea-2a7b-4c3f-852f-c014e42bfcb7:c5258, 3b4aa678-22a6-4ae2-9c6a-0e71cdb9d6d0:c5258]
2019-07-10 03:37:50,627 INFO  client.GrpcClientProtocolClient (GrpcClientProtocolClient.java:onNext(255)) - client-8BD909272E8D->63cacea9-0392-4939-ad39-80c4c73dd84b: receive RaftClientReply:client-8BD909272E8D->63cacea9-0392-4939-ad39-80c4c73dd84b@group-EE6C16B6C358, cid=3488, SUCCESS, logIndex=0, commits[63cacea9-0392-4939-ad39-80c4c73dd84b:c5264, bd7b7fea-2a7b-4c3f-852f-c014e42bfcb7:c5262, 3b4aa678-22a6-4ae2-9c6a-0e71cdb9d6d0:c5262]
2019-07-10 03:37:50,665 INFO  client.GrpcClientProtocolClient (GrpcClientProtocolClient.java:onNext(255)) - client-8BD909272E8D->63cacea9-0392-4939-ad39-80c4c73dd84b: receive RaftClientReply:client-8BD909272E8D->63cacea9-0392-4939-ad39-80c4c73dd84b@group-EE6C16B6C358, cid=3489, SUCCESS, logIndex=5265, commits[63cacea9-0392-4939-ad39-80c4c73dd84b:c5268, bd7b7fea-2a7b-4c3f-852f-c014e42bfcb7:c5264, 3b4aa678-22a6-4ae2-9c6a-0e71cdb9d6d0:c5262]
2019-07-10 03:37:50,666 INFO  client.GrpcClientProtocolClient (GrpcClientProtocolClient.java:onNext(255)) - client-8BD909272E8D->63cacea9-0392-4939-ad39-80c4c73dd84b: receive RaftClientReply:client-8BD909272E8D->63cacea9-0392-4939-ad39-80c4c73dd84b@group-EE6C16B6C358, cid=3490, SUCCESS, logIndex=5266, commits[63cacea9-0392-4939-ad39-80c4c73dd84b:c5268, bd7b7fea-2a7b-4c3f-852f-c014e42bfcb7:c5264, 3b4aa678-22a6-4ae2-9c6a-0e71cdb9d6d0:c5264]
2019-07-10 03:37:50,666 INFO  client.GrpcClientProtocolClient (GrpcClientProtocolClient.java:onNext(255)) - client-8BD909272E8D->63cacea9-0392-4939-ad39-80c4c73dd84b: receive RaftClientReply:client-8BD909272E8D->63cacea9-0392-4939-ad39-80c4c73dd84b@group-EE6C16B6C358, cid=3491, SUCCESS, logIndex=5267, commits[63cacea9-0392-4939-ad39-80c4c73dd84b:c5268, bd7b7fea-2a7b-4c3f-852f-c014e42bfcb7:c5264, 3b4aa678-22a6-4ae2-9c6a-0e71cdb9d6d0:c5264]
2019-07-10 03:37:50,666 INFO  client.GrpcClientProtocolClient (GrpcClientProtocolClient.java:onNext(255)) - client-8BD909272E8D->63cacea9-0392-4939-ad39-80c4c73dd84b: receive RaftClientReply:client-8BD909272E8D->63cacea9-0392-4939-ad39-80c4c73dd84b@group-EE6C16B6C358, cid=3492, SUCCESS, logIndex=5268, commits[63cacea9-0392-4939-ad39-80c4c73dd84b:c5268, bd7b7fea-2a7b-4c3f-852f-c014e42bfcb7:c5264, 3b4aa678-22a6-4ae2-9c6a-0e71cdb9d6d0:c5264]
2019-07-10 03:37:50,678 INFO  client.GrpcClientProtocolClient (GrpcClientProtocolClient.java:onNext(255)) - client-8BD909272E8D->63cacea9-0392-4939-ad39-80c4c73dd84b: receive RaftClientReply:client-8BD909272E8D->63cacea9-0392-4939-ad39-80c4c73dd84b@group-EE6C16B6C358, cid=3493, SUCCESS, logIndex=0, commits[63cacea9-0392-4939-ad39-80c4c73dd84b:c5269, bd7b7fea-2a7b-4c3f-852f-c014e42bfcb7:c5268, 3b4aa678-22a6-4ae2-9c6a-0e71cdb9d6d0:c5268]
2019-07-10 03:37:50,697 INFO  client.GrpcClientProtocolClient (GrpcClientProtocolClient.java:onNext(255)) - client-8BD909272E8D->63cacea9-0392-4939-ad39-80c4c73dd84b: receive RaftClientReply:client-8BD909272E8D->63cacea9-0392-4939-ad39-80c4c73dd84b@group-EE6C16B6C358, cid=3494, SUCCESS, logIndex=5270, commits[63cacea9-0392-4939-ad39-80c4c73dd84b:c5271, bd7b7fea-2a7b-4c3f-852f-c014e42bfcb7:c5269, 3b4aa678-22a6-4ae2-9c6a-0e71cdb9d6d0:c5269]
2019-07-10 03:37:50,698 INFO  client.GrpcClientProtocolClient (GrpcClientProtocolClient.java:onNext(255)) - client-8BD909272E8D->63cacea9-0392-4939-ad39-80c4c73dd84b: receive RaftClientReply:client-8BD909272E8D->63cacea9-0392-4939-ad39-80c4c73dd84b@group-EE6C16B6C358, cid=3495, SUCCESS, logIndex=5271, commits[63cacea9-0392-4939-ad39-80c4c73dd84b:c5271, bd7b7fea-2a7b-4c3f-852f-c014e42bfcb7:c5269, 3b4aa678-22a6-4ae2-9c6a-0e71cdb9d6d0:c5269]
2019-07-10 03:37:50,713 INFO  client.GrpcClientProtocolClient (GrpcClientProtocolClient.java:onNext(255)) - client-8BD909272E8D->63cacea9-0392-4939-ad39-80c4c73dd84b: receive RaftClientReply:client-8BD909272E8D->63cacea9-0392-4939-ad39-80c4c73dd84b@group-EE6C16B6C358, cid=3496, SUCCESS, logIndex=5274, commits[63cacea9-0392-4939-ad39-80c4c73dd84b:c5275, bd7b7fea-2a7b-4c3f-852f-c014e42bfcb7:c5271, 3b4aa678-22a6-4ae2-9c6a-0e71cdb9d6d0:c5271]
2019-07-10 03:37:50,713 INFO  client.GrpcClientProtocolClient (GrpcClientProtocolClient.java:onNext(255)) - client-8BD909272E8D->63cacea9-0392-4939-ad39-80c4c73dd84b: receive RaftClientReply:client-8BD909272E8D->63cacea9-0392-4939-ad39-80c4c73dd84b@group-EE6C16B6C358, cid=3497, SUCCESS, logIndex=5275, commits[63cacea9-0392-4939-ad39-80c4c73dd84b:c5275, bd7b7fea-2a7b-4c3f-852f-c014e42bfcb7:c5271, 3b4aa678-22a6-4ae2-9c6a-0e71cdb9d6d0:c5271]
2019-07-10 03:37:50,739 INFO  client.GrpcClientProtocolClient (GrpcClientProtocolClient.java:onNext(255)) - client-8BD909272E8D->63cacea9-0392-4939-ad39-80c4c73dd84b: receive RaftClientReply:client-8BD909272E8D->63cacea9-0392-4939-ad39-80c4c73dd84b@group-EE6C16B6C358, cid=3498, SUCCESS, logIndex=0, commits[63cacea9-0392-4939-ad39-80c4c73dd84b:c5277, bd7b7fea-2a7b-4c3f-852f-c014e42bfcb7:c5275, 3b4aa678-22a6-4ae2-9c6a-0e71cdb9d6d0:c5275]
2019-07-10 03:37:50,771 INFO  client.GrpcClientProtocolClient (GrpcClientProtocolClient.java:onNext(255)) - client-8BD909272E8D->63cacea9-0392-4939-ad39-80c4c73dd84b: receive RaftClientReply:client-8BD909272E8D->63cacea9-0392-4939-ad39-80c4c73dd84b@group-EE6C16B6C358, cid=3499, SUCCESS, logIndex=5278, commits[63cacea9-0392-4939-ad39-80c4c73dd84b:c5279, bd7b7fea-2a7b-4c3f-852f-c014e42bfcb7:c5277, 3b4aa678-22a6-4ae2-9c6a-0e71cdb9d6d0:c5277]
2019-07-10 03:37:50,771 INFO  client.GrpcClientProtocolClient (GrpcClientProtocolClient.java:onNext(255)) - client-8BD909272E8D->63cacea9-0392-4939-ad39-80c4c73dd84b: receive RaftClientReply:client-8BD909272E8D->63cacea9-0392-4939-ad39-80c4c73dd84b@group-EE6C16B6C358, cid=3500, SUCCESS, logIndex=5279, commits[63cacea9-0392-4939-ad39-80c4c73dd84b:c5279, bd7b7fea-2a7b-4c3f-852f-c014e42bfcb7:c5277, 3b4aa678-22a6-4ae2-9c6a-0e71cdb9d6d0:c5277]
2019-07-10 03:37:50,772 INFO  client.GrpcClientProtocolClient (GrpcClientProtocolClient.java:onNext(255)) - client-8BD909272E8D->63cacea9-0392-4939-ad39-80c4c73dd84b: receive RaftClientReply:client-8BD909272E8D->63cacea9-0392-4939-ad39-80c4c73dd84b@group-EE6C16B6C358, cid=3501, SUCCESS, logIndex=5280, commits[63cacea9-0392-4939-ad39-80c4c73dd84b:c5281, bd7b7fea-2a7b-4c3f-852f-c014e42bfcb7:c5277, 3b4aa678-22a6-4ae2-9c6a-0e71cdb9d6d0:c5277]
2019-07-10 03:37:50,772 INFO  client.GrpcClientProtocolClient (GrpcClientProtocolClient.java:onNext(255)) - client-8BD909272E8D->63cacea9-0392-4939-ad39-80c4c73dd84b: receive RaftClientReply:client-8BD909272E8D->63cacea9-0392-4939-ad39-80c4c73dd84b@group-EE6C16B6C358, cid=3502, SUCCESS, logIndex=5281, commits[63cacea9-0392-4939-ad39-80c4c73dd84b:c5281, bd7b7fea-2a7b-4c3f-852f-c014e42bfcb7:c5277, 3b4aa678-22a6-4ae2-9c6a-0e71cdb9d6d0:c5277]
2019-07-10 03:37:50,784 INFO  client.GrpcClientProtocolClient (GrpcClientProtocolClient.java:onNext(255)) - client-8BD909272E8D->63cacea9-0392-4939-ad39-80c4c73dd84b: receive RaftClientReply:client-8BD909272E8D->63cacea9-0392-4939-ad39-80c4c73dd84b@group-EE6C16B6C358, cid=3503, SUCCESS, logIndex=0, commits[63cacea9-0392-4939-ad39-80c4c73dd84b:c5283, bd7b7fea-2a7b-4c3f-852f-c014e42bfcb7:c5279, 3b4aa678-22a6-4ae2-9c6a-0e71cdb9d6d0:c5279]
2019-07-10 03:37:50,806 INFO  client.GrpcClientProtocolClient (GrpcClientProtocolClient.java:onNext(255)) - client-8BD909272E8D->63cacea9-0392-4939-ad39-80c4c73dd84b: receive RaftClientReply:client-8BD909272E8D->63cacea9-0392-4939-ad39-80c4c73dd84b@group-EE6C16B6C358, cid=3504, SUCCESS, logIndex=5286, commits[63cacea9-0392-4939-ad39-80c4c73dd84b:c5287, bd7b7fea-2a7b-4c3f-852f-c014e42bfcb7:c5285, 3b4aa678-22a6-4ae2-9c6a-0e71cdb9d6d0:c5285]
2019-07-10 03:37:50,806 INFO  client.GrpcClientProtocolClient (GrpcClientProtocolClient.java:onNext(255)) - client-8BD909272E8D->63cacea9-0392-4939-ad39-80c4c73dd84b: receive RaftClientReply:client-8BD909272E8D->63cacea9-0392-4939-ad39-80c4c73dd84b@group-EE6C16B6C358, cid=3505, SUCCESS, logIndex=5287, commits[63cacea9-0392-4939-ad39-80c4c73dd84b:c5287, bd7b7fea-2a7b-4c3f-852f-c014e42bfcb7:c5285, 3b4aa678-22a6-4ae2-9c6a-0e71cdb9d6d0:c5285]
2019-07-10 03:37:50,819 INFO  client.GrpcClientProtocolClient (GrpcClientProtocolClient.java:onNext(255)) - client-8BD909272E8D->63cacea9-0392-4939-ad39-80c4c73dd84b: receive RaftClientReply:client-8BD909272E8D->63cacea9-0392-4939-ad39-80c4c73dd84b@group-EE6C16B6C358, cid=3506, SUCCESS, logIndex=5290, commits[63cacea9-0392-4939-ad39-80c4c73dd84b:c5291, bd7b7fea-2a7b-4c3f-852f-c014e42bfcb7:c5287, 3b4aa678-22a6-4ae2-9c6a-0e71cdb9d6d0:c5287]
2019-07-10 03:37:50,819 INFO  client.GrpcClientProtocolClient (GrpcClientProtocolClient.java:onNext(255)) - client-8BD909272E8D->63cacea9-0392-4939-ad39-80c4c73dd84b: receive RaftClientReply:client-8BD909272E8D->63cacea9-0392-4939-ad39-80c4c73dd84b@group-EE6C16B6C358, cid=3507, SUCCESS, logIndex=5291, commits[63cacea9-0392-4939-ad39-80c4c73dd84b:c5291, bd7b7fea-2a7b-4c3f-852f-c014e42bfcb7:c5287, 3b4aa678-22a6-4ae2-9c6a-0e71cdb9d6d0:c5287]
2019-07-10 03:37:50,836 INFO  client.GrpcClientProtocolClient (GrpcClientProtocolClient.java:onNext(255)) - client-8BD909272E8D->63cacea9-0392-4939-ad39-80c4c73dd84b: receive RaftClientReply:client-8BD909272E8D->63cacea9-0392-4939-ad39-80c4c73dd84b@group-EE6C16B6C358, cid=3508, SUCCESS, logIndex=0, commits[63cacea9-0392-4939-ad39-80c4c73dd84b:c5293, bd7b7fea-2a7b-4c3f-852f-c014e42bfcb7:c5291, 3b4aa678-22a6-4ae2-9c6a-0e71cdb9d6d0:c5291]
2019-07-10 03:37:50,869 INFO  client.GrpcClientProtocolClient (GrpcClientProtocolClient.java:onNext(255)) - client-8BD909272E8D->63cacea9-0392-4939-ad39-80c4c73dd84b: receive RaftClientReply:client-8BD909272E8D->63cacea9-0392-4939-ad39-80c4c73dd84b@group-EE6C16B6C358, cid=3509, SUCCESS, logIndex=5294, commits[63cacea9-0392-4939-ad39-80c4c73dd84b:c5294, bd7b7fea-2a7b-4c3f-852f-c014e42bfcb7:c5293, 3b4aa678-22a6-4ae2-9c6a-0e71cdb9d6d0:c5293]
2019-07-10 03:37:50,870 INFO  client.GrpcClientProtocolClient (GrpcClientProtocolClient.java:onNext(255)) - client-8BD909272E8D->63cacea9-0392-4939-ad39-80c4c73dd84b: receive RaftClientReply:client-8BD909272E8D->63cacea9-0392-4939-ad39-80c4c73dd84b@group-EE6C16B6C358, cid=3510, SUCCESS, logIndex=5295, commits[63cacea9-0392-4939-ad39-80c4c73dd84b:c5297, bd7b7fea-2a7b-4c3f-852f-c014e42bfcb7:c5293, 3b4aa678-22a6-4ae2-9c6a-0e71cdb9d6d0:c5293]
2019-07-10 03:37:50,870 INFO  client.GrpcClientProtocolClient (GrpcClientProtocolClient.java:onNext(255)) - client-8BD909272E8D->63cacea9-0392-4939-ad39-80c4c73dd84b: receive RaftClientReply:client-8BD909272E8D->63cacea9-0392-4939-ad39-80c4c73dd84b@group-EE6C16B6C358, cid=3511, SUCCESS, logIndex=5296, commits[63cacea9-0392-4939-ad39-80c4c73dd84b:c5297, bd7b7fea-2a7b-4c3f-852f-c014e42bfcb7:c5293, 3b4aa678-22a6-4ae2-9c6a-0e71cdb9d6d0:c5293]
2019-07-10 03:37:50,870 INFO  client.GrpcClientProtocolClient (GrpcClientProtocolClient.java:onNext(255)) - client-8BD909272E8D->63cacea9-0392-4939-ad39-80c4c73dd84b: receive RaftClientReply:client-8BD909272E8D->63cacea9-0392-4939-ad39-80c4c73dd84b@group-EE6C16B6C358, cid=3512, SUCCESS, logIndex=5297, commits[63cacea9-0392-4939-ad39-80c4c73dd84b:c5297, bd7b7fea-2a7b-4c3f-852f-c014e42bfcb7:c5293, 3b4aa678-22a6-4ae2-9c6a-0e71cdb9d6d0:c5293]
2019-07-10 03:37:50,884 INFO  client.GrpcClientProtocolClient (GrpcClientProtocolClient.java:onNext(255)) - client-8BD909272E8D->63cacea9-0392-4939-ad39-80c4c73dd84b: receive RaftClientReply:client-8BD909272E8D->63cacea9-0392-4939-ad39-80c4c73dd84b@group-EE6C16B6C358, cid=3513, SUCCESS, logIndex=0, commits[63cacea9-0392-4939-ad39-80c4c73dd84b:c5299, bd7b7fea-2a7b-4c3f-852f-c014e42bfcb7:c5297, 3b4aa678-22a6-4ae2-9c6a-0e71cdb9d6d0:c5297]
2019-07-10 03:37:50,906 INFO  client.GrpcClientProtocolClient (GrpcClientProtocolClient.java:onNext(255)) - client-8BD909272E8D->63cacea9-0392-4939-ad39-80c4c73dd84b: receive RaftClientReply:client-8BD909272E8D->63cacea9-0392-4939-ad39-80c4c73dd84b@group-EE6C16B6C358, cid=3514, SUCCESS, logIndex=5300, commits[63cacea9-0392-4939-ad39-80c4c73dd84b:c5300, bd7b7fea-2a7b-4c3f-852f-c014e42bfcb7:c5299, 3b4aa678-22a6-4ae2-9c6a-0e71cdb9d6d0:c5299]
2019-07-10 03:37:50,907 INFO  client.GrpcClientProtocolClient (GrpcClientProtocolClient.java:onNext(255)) - client-8BD909272E8D->63cacea9-0392-4939-ad39-80c4c73dd84b: receive RaftClientReply:client-8BD909272E8D->63cacea9-0392-4939-ad39-80c4c73dd84b@group-EE6C16B6C358, cid=3515, SUCCESS, logIndex=5301, commits[63cacea9-0392-4939-ad39-80c4c73dd84b:c5301, bd7b7fea-2a7b-4c3f-852f-c014e42bfcb7:c5299, 3b4aa678-22a6-4ae2-9c6a-0e71cdb9d6d0:c5299]
2019-07-10 03:37:50,920 INFO  client.GrpcClientProtocolClient (GrpcClientProtocolClient.java:onNext(255)) - client-8BD909272E8D->63cacea9-0392-4939-ad39-80c4c73dd84b: receive RaftClientReply:client-8BD909272E8D->63cacea9-0392-4939-ad39-80c4c73dd84b@group-EE6C16B6C358, cid=3516, SUCCESS, logIndex=5304, commits[63cacea9-0392-4939-ad39-80c4c73dd84b:c5305, bd7b7fea-2a7b-4c3f-852f-c014e42bfcb7:c5301, 3b4aa678-22a6-4ae2-9c6a-0e71cdb9d6d0:c5300]
2019-07-10 03:37:50,920 INFO  client.GrpcClientProtocolClient (GrpcClientProtocolClient.java:onNext(255)) - client-8BD909272E8D->63cacea9-0392-4939-ad39-80c4c73dd84b: receive RaftClientReply:client-8BD909272E8D->63cacea9-0392-4939-ad39-80c4c73dd84b@group-EE6C16B6C358, cid=3517, SUCCESS, logIndex=5305, commits[63cacea9-0392-4939-ad39-80c4c73dd84b:c5305, bd7b7fea-2a7b-4c3f-852f-c014e42bfcb7:c5301, 3b4aa678-22a6-4ae2-9c6a-0e71cdb9d6d0:c5301]
2019-07-10 03:37:50,933 INFO  client.GrpcClientProtocolClient (GrpcClientProtocolClient.java:onNext(255)) - client-8BD909272E8D->63cacea9-0392-4939-ad39-80c4c73dd84b: receive RaftClientReply:client-8BD909272E8D->63cacea9-0392-4939-ad39-80c4c73dd84b@group-EE6C16B6C358, cid=3518, SUCCESS, logIndex=0, commits[63cacea9-0392-4939-ad39-80c4c73dd84b:c5307, bd7b7fea-2a7b-4c3f-852f-c014e42bfcb7:c5305, 3b4aa678-22a6-4ae2-9c6a-0e71cdb9d6d0:c5305]
2019-07-10 03:37:50,966 INFO  client.GrpcClientProtocolClient (GrpcClientProtocolClient.java:onNext(255)) - client-8BD909272E8D->63cacea9-0392-4939-ad39-80c4c73dd84b: receive RaftClientReply:client-8BD909272E8D->63cacea9-0392-4939-ad39-80c4c73dd84b@group-EE6C16B6C358, cid=3519, SUCCESS, logIndex=5308, commits[63cacea9-0392-4939-ad39-80c4c73dd84b:c5309, bd7b7fea-2a7b-4c3f-852f-c014e42bfcb7:c5307, 3b4aa678-22a6-4ae2-9c6a-0e71cdb9d6d0:c5307]
2019-07-10 03:37:50,967 INFO  client.GrpcClientProtocolClient (GrpcClientProtocolClient.java:onNext(255)) - client-8BD909272E8D->63cacea9-0392-4939-ad39-80c4c73dd84b: receive RaftClientReply:client-8BD909272E8D->63cacea9-0392-4939-ad39-80c4c73dd84b@group-EE6C16B6C358, cid=3520, SUCCESS, logIndex=5309, commits[63cacea9-0392-4939-ad39-80c4c73dd84b:c5309, bd7b7fea-2a7b-4c3f-852f-c014e42bfcb7:c5307, 3b4aa678-22a6-4ae2-9c6a-0e71cdb9d6d0:c5307]
2019-07-10 03:37:50,968 INFO  client.GrpcClientProtocolClient (GrpcClientProtocolClient.java:onNext(255)) - client-8BD909272E8D->63cacea9-0392-4939-ad39-80c4c73dd84b: receive RaftClientReply:client-8BD909272E8D->63cacea9-0392-4939-ad39-80c4c73dd84b@group-EE6C16B6C358, cid=3521, SUCCESS, logIndex=5310, commits[63cacea9-0392-4939-ad39-80c4c73dd84b:c5311, bd7b7fea-2a7b-4c3f-852f-c014e42bfcb7:c5307, 3b4aa678-22a6-4ae2-9c6a-0e71cdb9d6d0:c5307]
2019-07-10 03:37:50,968 INFO  client.GrpcClientProtocolClient (GrpcClientProtocolClient.java:onNext(255)) - client-8BD909272E8D->63cacea9-0392-4939-ad39-80c4c73dd84b: receive RaftClientReply:client-8BD909272E8D->63cacea9-0392-4939-ad39-80c4c73dd84b@group-EE6C16B6C358, cid=3522, SUCCESS, logIndex=5311, commits[63cacea9-0392-4939-ad39-80c4c73dd84b:c5311, bd7b7fea-2a7b-4c3f-852f-c014e42bfcb7:c5307, 3b4aa678-22a6-4ae2-9c6a-0e71cdb9d6d0:c5307]
2019-07-10 03:37:50,983 INFO  client.GrpcClientProtocolClient (GrpcClientProtocolClient.java:onNext(255)) - client-8BD909272E8D->63cacea9-0392-4939-ad39-80c4c73dd84b: receive RaftClientReply:client-8BD909272E8D->63cacea9-0392-4939-ad39-80c4c73dd84b@group-EE6C16B6C358, cid=3523, SUCCESS, logIndex=0, commits[63cacea9-0392-4939-ad39-80c4c73dd84b:c5313, bd7b7fea-2a7b-4c3f-852f-c014e42bfcb7:c5309, 3b4aa678-22a6-4ae2-9c6a-0e71cdb9d6d0:c5309]
2019-07-10 03:37:51,012 INFO  client.GrpcClientProtocolClient (GrpcClientProtocolClient.java:onNext(255)) - client-8BD909272E8D->63cacea9-0392-4939-ad39-80c4c73dd84b: receive RaftClientReply:client-8BD909272E8D->63cacea9-0392-4939-ad39-80c4c73dd84b@group-EE6C16B6C358, cid=3524, SUCCESS, logIndex=5316, commits[63cacea9-0392-4939-ad39-80c4c73dd84b:c5317, bd7b7fea-2a7b-4c3f-852f-c014e42bfcb7:c5315, 3b4aa678-22a6-4ae2-9c6a-0e71cdb9d6d0:c5315]
2019-07-10 03:37:51,012 INFO  client.GrpcClientProtocolClient (GrpcClientProtocolClient.java:onNext(255)) - client-8BD909272E8D->63cacea9-0392-4939-ad39-80c4c73dd84b: receive RaftClientReply:client-8BD909272E8D->63cacea9-0392-4939-ad39-80c4c73dd84b@group-EE6C16B6C358, cid=3525, SUCCESS, logIndex=5317, commits[63cacea9-0392-4939-ad39-80c4c73dd84b:c5317, bd7b7fea-2a7b-4c3f-852f-c014e42bfcb7:c5315, 3b4aa678-22a6-4ae2-9c6a-0e71cdb9d6d0:c5315]
2019-07-10 03:37:51,029 INFO  client.GrpcClientProtocolClient (GrpcClientProtocolClient.java:onNext(255)) - client-8BD909272E8D->63cacea9-0392-4939-ad39-80c4c73dd84b: receive RaftClientReply:client-8BD909272E8D->63cacea9-0392-4939-ad39-80c4c73dd84b@group-EE6C16B6C358, cid=3526, SUCCESS, logIndex=5320, commits[63cacea9-0392-4939-ad39-80c4c73dd84b:c5320, bd7b7fea-2a7b-4c3f-852f-c014e42bfcb7:c5318, 3b4aa678-22a6-4ae2-9c6a-0e71cdb9d6d0:c5318]
2019-07-10 03:37:51,030 INFO  client.GrpcClientProtocolClient (GrpcClientProtocolClient.java:onNext(255)) - client-8BD909272E8D->63cacea9-0392-4939-ad39-80c4c73dd84b: receive RaftClientReply:client-8BD909272E8D->63cacea9-0392-4939-ad39-80c4c73dd84b@group-EE6C16B6C358, cid=3527, SUCCESS, logIndex=5321, commits[63cacea9-0392-4939-ad39-80c4c73dd84b:c5321, bd7b7fea-2a7b-4c3f-852f-c014e42bfcb7:c5318, 3b4aa678-22a6-4ae2-9c6a-0e71cdb9d6d0:c5318]
2019-07-10 03:37:51,043 INFO  client.GrpcClientProtocolClient (GrpcClientProtocolClient.java:onNext(255)) - client-8BD909272E8D->63cacea9-0392-4939-ad39-80c4c73dd84b: receive RaftClientReply:client-8BD909272E8D->63cacea9-0392-4939-ad39-80c4c73dd84b@group-EE6C16B6C358, cid=3528, SUCCESS, logIndex=0, commits[63cacea9-0392-4939-ad39-80c4c73dd84b:c5323, bd7b7fea-2a7b-4c3f-852f-c014e42bfcb7:c5321, 3b4aa678-22a6-4ae2-9c6a-0e71cdb9d6d0:c5321]
2019-07-10 03:37:51,076 INFO  client.GrpcClientProtocolClient (GrpcClientProtocolClient.java:onNext(255)) - client-8BD909272E8D->63cacea9-0392-4939-ad39-80c4c73dd84b: receive RaftClientReply:client-8BD909272E8D->63cacea9-0392-4939-ad39-80c4c73dd84b@group-EE6C16B6C358, cid=3529, SUCCESS, logIndex=5324, commits[63cacea9-0392-4939-ad39-80c4c73dd84b:c5326, bd7b7fea-2a7b-4c3f-852f-c014e42bfcb7:c5323, 3b4aa678-22a6-4ae2-9c6a-0e71cdb9d6d0:c5323]
2019-07-10 03:37:51,077 INFO  client.GrpcClientProtocolClient (GrpcClientProtocolClient.java:onNext(255)) - client-8BD909272E8D->63cacea9-0392-4939-ad39-80c4c73dd84b: receive RaftClientReply:client-8BD909272E8D->63cacea9-0392-4939-ad39-80c4c73dd84b@group-EE6C16B6C358, cid=3530, SUCCESS, logIndex=5325, commits[63cacea9-0392-4939-ad39-80c4c73dd84b:c5327, bd7b7fea-2a7b-4c3f-852f-c014e42bfcb7:c5323, 3b4aa678-22a6-4ae2-9c6a-0e71cdb9d6d0:c5323]
2019-07-10 03:37:51,077 INFO  client.GrpcClientProtocolClient (GrpcClientProtocolClient.java:onNext(255)) - client-8BD909272E8D->63cacea9-0392-4939-ad39-80c4c73dd84b: receive RaftClientReply:client-8BD909272E8D->63cacea9-0392-4939-ad39-80c4c73dd84b@group-EE6C16B6C358, cid=3531, SUCCESS, logIndex=5326, commits[63cacea9-0392-4939-ad39-80c4c73dd84b:c5327, bd7b7fea-2a7b-4c3f-852f-c014e42bfcb7:c5323, 3b4aa678-22a6-4ae2-9c6a-0e71cdb9d6d0:c5323]
2019-07-10 03:37:51,077 INFO  client.GrpcClientProtocolClient (GrpcClientProtocolClient.java:onNext(255)) - client-8BD909272E8D->63cacea9-0392-4939-ad39-80c4c73dd84b: receive RaftClientReply:client-8BD909272E8D->63cacea9-0392-4939-ad39-80c4c73dd84b@group-EE6C16B6C358, cid=3532, SUCCESS, logIndex=5327, commits[63cacea9-0392-4939-ad39-80c4c73dd84b:c5327, bd7b7fea-2a7b-4c3f-852f-c014e42bfcb7:c5323, 3b4aa678-22a6-4ae2-9c6a-0e71cdb9d6d0:c5323]
2019-07-10 03:37:51,090 INFO  client.GrpcClientProtocolClient (GrpcClientProtocolClient.java:onNext(255)) - client-8BD909272E8D->63cacea9-0392-4939-ad39-80c4c73dd84b: receive RaftClientReply:client-8BD909272E8D->63cacea9-0392-4939-ad39-80c4c73dd84b@group-EE6C16B6C358, cid=3533, SUCCESS, logIndex=0, commits[63cacea9-0392-4939-ad39-80c4c73dd84b:c5328, bd7b7fea-2a7b-4c3f-852f-c014e42bfcb7:c5325, 3b4aa678-22a6-4ae2-9c6a-0e71cdb9d6d0:c5325]
2019-07-10 03:37:51,095 INFO  segmented.SegmentedRaftLogWorker (SegmentedRaftLogWorker.java:rollLogSegment(385)) - 63cacea9-0392-4939-ad39-80c4c73dd84b-SegmentedRaftLogWorker:Storage Directory /tmp/workdir/hadoop-ozone/tools/target/test-dir/MiniOzoneClusterImpl-87ca67ba-aa07-4dfb-856e-285ceff3b7f4/datanode-2/data/ratis/cb31700f-126f-41ba-8968-ee6c16b6c358: Rolling segment log-0_5332 to index:5332
2019-07-10 03:37:51,099 INFO  segmented.SegmentedRaftLogWorker (SegmentedRaftLogWorker.java:rollLogSegment(385)) - 3b4aa678-22a6-4ae2-9c6a-0e71cdb9d6d0-SegmentedRaftLogWorker:Storage Directory /tmp/workdir/hadoop-ozone/tools/target/test-dir/MiniOzoneClusterImpl-87ca67ba-aa07-4dfb-856e-285ceff3b7f4/datanode-1/data/ratis/cb31700f-126f-41ba-8968-ee6c16b6c358: Rolling segment log-0_5332 to index:5332
2019-07-10 03:37:51,099 INFO  segmented.SegmentedRaftLogWorker (SegmentedRaftLogWorker.java:rollLogSegment(385)) - bd7b7fea-2a7b-4c3f-852f-c014e42bfcb7-SegmentedRaftLogWorker:Storage Directory /tmp/workdir/hadoop-ozone/tools/target/test-dir/MiniOzoneClusterImpl-87ca67ba-aa07-4dfb-856e-285ceff3b7f4/datanode-4/data/ratis/cb31700f-126f-41ba-8968-ee6c16b6c358: Rolling segment log-0_5332 to index:5332
2019-07-10 03:37:51,109 INFO  segmented.SegmentedRaftLogWorker (SegmentedRaftLogWorker.java:execute(526)) - 3b4aa678-22a6-4ae2-9c6a-0e71cdb9d6d0-SegmentedRaftLogWorker:Storage Directory /tmp/workdir/hadoop-ozone/tools/target/test-dir/MiniOzoneClusterImpl-87ca67ba-aa07-4dfb-856e-285ceff3b7f4/datanode-1/data/ratis/cb31700f-126f-41ba-8968-ee6c16b6c358: Rolled log segment from /tmp/workdir/hadoop-ozone/tools/target/test-dir/MiniOzoneClusterImpl-87ca67ba-aa07-4dfb-856e-285ceff3b7f4/datanode-1/data/ratis/cb31700f-126f-41ba-8968-ee6c16b6c358/current/log_inprogress_0 to /tmp/workdir/hadoop-ozone/tools/target/test-dir/MiniOzoneClusterImpl-87ca67ba-aa07-4dfb-856e-285ceff3b7f4/datanode-1/data/ratis/cb31700f-126f-41ba-8968-ee6c16b6c358/current/log_0-5332
2019-07-10 03:37:51,109 INFO  segmented.SegmentedRaftLogWorker (SegmentedRaftLogWorker.java:execute(526)) - bd7b7fea-2a7b-4c3f-852f-c014e42bfcb7-SegmentedRaftLogWorker:Storage Directory /tmp/workdir/hadoop-ozone/tools/target/test-dir/MiniOzoneClusterImpl-87ca67ba-aa07-4dfb-856e-285ceff3b7f4/datanode-4/data/ratis/cb31700f-126f-41ba-8968-ee6c16b6c358: Rolled log segment from /tmp/workdir/hadoop-ozone/tools/target/test-dir/MiniOzoneClusterImpl-87ca67ba-aa07-4dfb-856e-285ceff3b7f4/datanode-4/data/ratis/cb31700f-126f-41ba-8968-ee6c16b6c358/current/log_inprogress_0 to /tmp/workdir/hadoop-ozone/tools/target/test-dir/MiniOzoneClusterImpl-87ca67ba-aa07-4dfb-856e-285ceff3b7f4/datanode-4/data/ratis/cb31700f-126f-41ba-8968-ee6c16b6c358/current/log_0-5332
2019-07-10 03:37:51,109 INFO  segmented.SegmentedRaftLogWorker (SegmentedRaftLogWorker.java:execute(526)) - 63cacea9-0392-4939-ad39-80c4c73dd84b-SegmentedRaftLogWorker:Storage Directory /tmp/workdir/hadoop-ozone/tools/target/test-dir/MiniOzoneClusterImpl-87ca67ba-aa07-4dfb-856e-285ceff3b7f4/datanode-2/data/ratis/cb31700f-126f-41ba-8968-ee6c16b6c358: Rolled log segment from /tmp/workdir/hadoop-ozone/tools/target/test-dir/MiniOzoneClusterImpl-87ca67ba-aa07-4dfb-856e-285ceff3b7f4/datanode-2/data/ratis/cb31700f-126f-41ba-8968-ee6c16b6c358/current/log_inprogress_0 to /tmp/workdir/hadoop-ozone/tools/target/test-dir/MiniOzoneClusterImpl-87ca67ba-aa07-4dfb-856e-285ceff3b7f4/datanode-2/data/ratis/cb31700f-126f-41ba-8968-ee6c16b6c358/current/log_0-5332
2019-07-10 03:37:51,116 INFO  client.GrpcClientProtocolClient (GrpcClientProtocolClient.java:onNext(255)) - client-8BD909272E8D->63cacea9-0392-4939-ad39-80c4c73dd84b: receive RaftClientReply:client-8BD909272E8D->63cacea9-0392-4939-ad39-80c4c73dd84b@group-EE6C16B6C358, cid=3534, SUCCESS, logIndex=5332, commits[63cacea9-0392-4939-ad39-80c4c73dd84b:c5332, bd7b7fea-2a7b-4c3f-852f-c014e42bfcb7:c5331, 3b4aa678-22a6-4ae2-9c6a-0e71cdb9d6d0:c5331]
2019-07-10 03:37:51,146 INFO  segmented.SegmentedRaftLogWorker (SegmentedRaftLogWorker.java:execute(569)) - 63cacea9-0392-4939-ad39-80c4c73dd84b-SegmentedRaftLogWorker:Storage Directory /tmp/workdir/hadoop-ozone/tools/target/test-dir/MiniOzoneClusterImpl-87ca67ba-aa07-4dfb-856e-285ceff3b7f4/datanode-2/data/ratis/cb31700f-126f-41ba-8968-ee6c16b6c358: created new log segment /tmp/workdir/hadoop-ozone/tools/target/test-dir/MiniOzoneClusterImpl-87ca67ba-aa07-4dfb-856e-285ceff3b7f4/datanode-2/data/ratis/cb31700f-126f-41ba-8968-ee6c16b6c358/current/log_inprogress_5333
2019-07-10 03:37:51,146 INFO  segmented.SegmentedRaftLogWorker (SegmentedRaftLogWorker.java:execute(569)) - bd7b7fea-2a7b-4c3f-852f-c014e42bfcb7-SegmentedRaftLogWorker:Storage Directory /tmp/workdir/hadoop-ozone/tools/target/test-dir/MiniOzoneClusterImpl-87ca67ba-aa07-4dfb-856e-285ceff3b7f4/datanode-4/data/ratis/cb31700f-126f-41ba-8968-ee6c16b6c358: created new log segment /tmp/workdir/hadoop-ozone/tools/target/test-dir/MiniOzoneClusterImpl-87ca67ba-aa07-4dfb-856e-285ceff3b7f4/datanode-4/data/ratis/cb31700f-126f-41ba-8968-ee6c16b6c358/current/log_inprogress_5333
2019-07-10 03:37:51,146 INFO  segmented.SegmentedRaftLogWorker (SegmentedRaftLogWorker.java:execute(569)) - 3b4aa678-22a6-4ae2-9c6a-0e71cdb9d6d0-SegmentedRaftLogWorker:Storage Directory /tmp/workdir/hadoop-ozone/tools/target/test-dir/MiniOzoneClusterImpl-87ca67ba-aa07-4dfb-856e-285ceff3b7f4/datanode-1/data/ratis/cb31700f-126f-41ba-8968-ee6c16b6c358: created new log segment /tmp/workdir/hadoop-ozone/tools/target/test-dir/MiniOzoneClusterImpl-87ca67ba-aa07-4dfb-856e-285ceff3b7f4/datanode-1/data/ratis/cb31700f-126f-41ba-8968-ee6c16b6c358/current/log_inprogress_5333
2019-07-10 03:37:51,161 INFO  client.GrpcClientProtocolClient (GrpcClientProtocolClient.java:onNext(255)) - client-8BD909272E8D->63cacea9-0392-4939-ad39-80c4c73dd84b: receive RaftClientReply:client-8BD909272E8D->63cacea9-0392-4939-ad39-80c4c73dd84b@group-EE6C16B6C358, cid=3535, SUCCESS, logIndex=5333, commits[63cacea9-0392-4939-ad39-80c4c73dd84b:c5334, bd7b7fea-2a7b-4c3f-852f-c014e42bfcb7:c5332, 3b4aa678-22a6-4ae2-9c6a-0e71cdb9d6d0:c5332]
2019-07-10 03:37:51,186 INFO  client.GrpcClientProtocolClient (GrpcClientProtocolClient.java:onNext(255)) - client-8BD909272E8D->63cacea9-0392-4939-ad39-80c4c73dd84b: receive RaftClientReply:client-8BD909272E8D->63cacea9-0392-4939-ad39-80c4c73dd84b@group-EE6C16B6C358, cid=3536, SUCCESS, logIndex=5336, commits[63cacea9-0392-4939-ad39-80c4c73dd84b:c5337, bd7b7fea-2a7b-4c3f-852f-c014e42bfcb7:c5334, 3b4aa678-22a6-4ae2-9c6a-0e71cdb9d6d0:c5333]
2019-07-10 03:37:51,189 INFO  client.GrpcClientProtocolClient (GrpcClientProtocolClient.java:onNext(255)) - client-8BD909272E8D->63cacea9-0392-4939-ad39-80c4c73dd84b: receive RaftClientReply:client-8BD909272E8D->63cacea9-0392-4939-ad39-80c4c73dd84b@group-EE6C16B6C358, cid=3537, SUCCESS, logIndex=5337, commits[63cacea9-0392-4939-ad39-80c4c73dd84b:c5337, bd7b7fea-2a7b-4c3f-852f-c014e42bfcb7:c5334, 3b4aa678-22a6-4ae2-9c6a-0e71cdb9d6d0:c5334]
2019-07-10 03:37:51,202 INFO  client.GrpcClientProtocolClient (GrpcClientProtocolClient.java:onNext(255)) - client-8BD909272E8D->63cacea9-0392-4939-ad39-80c4c73dd84b: receive RaftClientReply:client-8BD909272E8D->63cacea9-0392-4939-ad39-80c4c73dd84b@group-EE6C16B6C358, cid=3538, SUCCESS, logIndex=0, commits[63cacea9-0392-4939-ad39-80c4c73dd84b:c5339, bd7b7fea-2a7b-4c3f-852f-c014e42bfcb7:c5337, 3b4aa678-22a6-4ae2-9c6a-0e71cdb9d6d0:c5337]
2019-07-10 03:37:51,232 INFO  client.GrpcClientProtocolClient (GrpcClientProtocolClient.java:onNext(255)) - client-8BD909272E8D->63cacea9-0392-4939-ad39-80c4c73dd84b: receive RaftClientReply:client-8BD909272E8D->63cacea9-0392-4939-ad39-80c4c73dd84b@group-EE6C16B6C358, cid=3539, SUCCESS, logIndex=5340, commits[63cacea9-0392-4939-ad39-80c4c73dd84b:c5341, bd7b7fea-2a7b-4c3f-852f-c014e42bfcb7:c5339, 3b4aa678-22a6-4ae2-9c6a-0e71cdb9d6d0:c5339]
2019-07-10 03:37:51,233 INFO  client.GrpcClientProtocolClient (GrpcClientProtocolClient.java:onNext(255)) - client-8BD909272E8D->63cacea9-0392-4939-ad39-80c4c73dd84b: receive RaftClientReply:client-8BD909272E8D->63cacea9-0392-4939-ad39-80c4c73dd84b@group-EE6C16B6C358, cid=3540, SUCCESS, logIndex=5341, commits[63cacea9-0392-4939-ad39-80c4c73dd84b:c5341, bd7b7fea-2a7b-4c3f-852f-c014e42bfcb7:c5339, 3b4aa678-22a6-4ae2-9c6a-0e71cdb9d6d0:c5339]
2019-07-10 03:37:51,233 INFO  client.GrpcClientProtocolClient (GrpcClientProtocolClient.java:onNext(255)) - client-8BD909272E8D->63cacea9-0392-4939-ad39-80c4c73dd84b: receive RaftClientReply:client-8BD909272E8D->63cacea9-0392-4939-ad39-80c4c73dd84b@group-EE6C16B6C358, cid=3541, SUCCESS, logIndex=5342, commits[63cacea9-0392-4939-ad39-80c4c73dd84b:c5343, bd7b7fea-2a7b-4c3f-852f-c014e42bfcb7:c5339, 3b4aa678-22a6-4ae2-9c6a-0e71cdb9d6d0:c5339]
2019-07-10 03:37:51,234 INFO  client.GrpcClientProtocolClient (GrpcClientProtocolClient.java:onNext(255)) - client-8BD909272E8D->63cacea9-0392-4939-ad39-80c4c73dd84b: receive RaftClientReply:client-8BD909272E8D->63cacea9-0392-4939-ad39-80c4c73dd84b@group-EE6C16B6C358, cid=3542, SUCCESS, logIndex=5343, commits[63cacea9-0392-4939-ad39-80c4c73dd84b:c5343, bd7b7fea-2a7b-4c3f-852f-c014e42bfcb7:c5339, 3b4aa678-22a6-4ae2-9c6a-0e71cdb9d6d0:c5339]
2019-07-10 03:37:51,238 INFO  client.GrpcClientProtocolClient (GrpcClientProtocolClient.java:onNext(255)) - client-8BD909272E8D->63cacea9-0392-4939-ad39-80c4c73dd84b: receive RaftClientReply:client-8BD909272E8D->63cacea9-0392-4939-ad39-80c4c73dd84b@group-EE6C16B6C358, cid=3543, SUCCESS, logIndex=0, commits[63cacea9-0392-4939-ad39-80c4c73dd84b:c5345, bd7b7fea-2a7b-4c3f-852f-c014e42bfcb7:c5341, 3b4aa678-22a6-4ae2-9c6a-0e71cdb9d6d0:c5341]
2019-07-10 03:37:51,262 INFO  client.GrpcClientProtocolClient (GrpcClientProtocolClient.java:onNext(255)) - client-8BD909272E8D->63cacea9-0392-4939-ad39-80c4c73dd84b: receive RaftClientReply:client-8BD909272E8D->63cacea9-0392-4939-ad39-80c4c73dd84b@group-EE6C16B6C358, cid=3544, SUCCESS, logIndex=5348, commits[63cacea9-0392-4939-ad39-80c4c73dd84b:c5349, bd7b7fea-2a7b-4c3f-852f-c014e42bfcb7:c5347, 3b4aa678-22a6-4ae2-9c6a-0e71cdb9d6d0:c5347]
2019-07-10 03:37:51,263 INFO  client.GrpcClientProtocolClient (GrpcClientProtocolClient.java:onNext(255)) - client-8BD909272E8D->63cacea9-0392-4939-ad39-80c4c73dd84b: receive RaftClientReply:client-8BD909272E8D->63cacea9-0392-4939-ad39-80c4c73dd84b@group-EE6C16B6C358, cid=3545, SUCCESS, logIndex=5349, commits[63cacea9-0392-4939-ad39-80c4c73dd84b:c5349, bd7b7fea-2a7b-4c3f-852f-c014e42bfcb7:c5347, 3b4aa678-22a6-4ae2-9c6a-0e71cdb9d6d0:c5347]
2019-07-10 03:37:51,284 INFO  client.GrpcClientProtocolClient (GrpcClientProtocolClient.java:onNext(255)) - client-8BD909272E8D->63cacea9-0392-4939-ad39-80c4c73dd84b: receive RaftClientReply:client-8BD909272E8D->63cacea9-0392-4939-ad39-80c4c73dd84b@group-EE6C16B6C358, cid=3546, SUCCESS, logIndex=5352, commits[63cacea9-0392-4939-ad39-80c4c73dd84b:c5353, bd7b7fea-2a7b-4c3f-852f-c014e42bfcb7:c5349, 3b4aa678-22a6-4ae2-9c6a-0e71cdb9d6d0:c5349]
2019-07-10 03:37:51,284 INFO  client.GrpcClientProtocolClient (GrpcClientProtocolClient.java:onNext(255)) - client-8BD909272E8D->63cacea9-0392-4939-ad39-80c4c73dd84b: receive RaftClientReply:client-8BD909272E8D->63cacea9-0392-4939-ad39-80c4c73dd84b@group-EE6C16B6C358, cid=3547, SUCCESS, logIndex=5353, commits[63cacea9-0392-4939-ad39-80c4c73dd84b:c5353, bd7b7fea-2a7b-4c3f-852f-c014e42bfcb7:c5349, 3b4aa678-22a6-4ae2-9c6a-0e71cdb9d6d0:c5349]
2019-07-10 03:37:51,285 INFO  client.GrpcClientProtocolClient (GrpcClientProtocolClient.java:onNext(255)) - client-8BD909272E8D->63cacea9-0392-4939-ad39-80c4c73dd84b: receive RaftClientReply:client-8BD909272E8D->63cacea9-0392-4939-ad39-80c4c73dd84b@group-EE6C16B6C358, cid=3548, SUCCESS, logIndex=0, commits[63cacea9-0392-4939-ad39-80c4c73dd84b:c5354, bd7b7fea-2a7b-4c3f-852f-c014e42bfcb7:c5353, 3b4aa678-22a6-4ae2-9c6a-0e71cdb9d6d0:c5353]
2019-07-10 03:37:51,310 INFO  client.GrpcClientProtocolClient (GrpcClientProtocolClient.java:onNext(255)) - client-8BD909272E8D->63cacea9-0392-4939-ad39-80c4c73dd84b: receive RaftClientReply:client-8BD909272E8D->63cacea9-0392-4939-ad39-80c4c73dd84b@group-EE6C16B6C358, cid=3549, SUCCESS, logIndex=5356, commits[63cacea9-0392-4939-ad39-80c4c73dd84b:c5358, bd7b7fea-2a7b-4c3f-852f-c014e42bfcb7:c5355, 3b4aa678-22a6-4ae2-9c6a-0e71cdb9d6d0:c5355]
2019-07-10 03:37:51,310 INFO  client.GrpcClientProtocolClient (GrpcClientProtocolClient.java:onNext(255)) - client-8BD909272E8D->63cacea9-0392-4939-ad39-80c4c73dd84b: receive RaftClientReply:client-8BD909272E8D->63cacea9-0392-4939-ad39-80c4c73dd84b@group-EE6C16B6C358, cid=3550, SUCCESS, logIndex=5357, commits[63cacea9-0392-4939-ad39-80c4c73dd84b:c5359, bd7b7fea-2a7b-4c3f-852f-c014e42bfcb7:c5355, 3b4aa678-22a6-4ae2-9c6a-0e71cdb9d6d0:c5355]
2019-07-10 03:37:51,310 INFO  client.GrpcClientProtocolClient (GrpcClientProtocolClient.java:onNext(255)) - client-8BD909272E8D->63cacea9-0392-4939-ad39-80c4c73dd84b: receive RaftClientReply:client-8BD909272E8D->63cacea9-0392-4939-ad39-80c4c73dd84b@group-EE6C16B6C358, cid=3551, SUCCESS, logIndex=5358, commits[63cacea9-0392-4939-ad39-80c4c73dd84b:c5359, bd7b7fea-2a7b-4c3f-852f-c014e42bfcb7:c5355, 3b4aa678-22a6-4ae2-9c6a-0e71cdb9d6d0:c5355]
2019-07-10 03:37:51,311 INFO  client.GrpcClientProtocolClient (GrpcClientProtocolClient.java:onNext(255)) - client-8BD909272E8D->63cacea9-0392-4939-ad39-80c4c73dd84b: receive RaftClientReply:client-8BD909272E8D->63cacea9-0392-4939-ad39-80c4c73dd84b@group-EE6C16B6C358, cid=3552, SUCCESS, logIndex=5359, commits[63cacea9-0392-4939-ad39-80c4c73dd84b:c5359, bd7b7fea-2a7b-4c3f-852f-c014e42bfcb7:c5355, 3b4aa678-22a6-4ae2-9c6a-0e71cdb9d6d0:c5355]
2019-07-10 03:37:51,311 INFO  client.GrpcClientProtocolClient (GrpcClientProtocolClient.java:onNext(255)) - client-8BD909272E8D->63cacea9-0392-4939-ad39-80c4c73dd84b: receive RaftClientReply:client-8BD909272E8D->63cacea9-0392-4939-ad39-80c4c73dd84b@group-EE6C16B6C358, cid=3553, SUCCESS, logIndex=0, commits[63cacea9-0392-4939-ad39-80c4c73dd84b:c5360, bd7b7fea-2a7b-4c3f-852f-c014e42bfcb7:c5357, 3b4aa678-22a6-4ae2-9c6a-0e71cdb9d6d0:c5357]
 0.00% |█                                                                                                    |  0/1 Time: 0:00:332019-07-10 03:37:51,414 INFO  client.GrpcClientProtocolClient (GrpcClientProtocolClient.java:onNext(255)) - client-8BD909272E8D->63cacea9-0392-4939-ad39-80c4c73dd84b: receive RaftClientReply:client-8BD909272E8D->63cacea9-0392-4939-ad39-80c4c73dd84b@group-EE6C16B6C358, cid=3554, SUCCESS, logIndex=5364, commits[63cacea9-0392-4939-ad39-80c4c73dd84b:c5365, bd7b7fea-2a7b-4c3f-852f-c014e42bfcb7:c5363, 3b4aa678-22a6-4ae2-9c6a-0e71cdb9d6d0:c5363]
2019-07-10 03:37:51,415 INFO  client.GrpcClientProtocolClient (GrpcClientProtocolClient.java:onNext(255)) - client-8BD909272E8D->63cacea9-0392-4939-ad39-80c4c73dd84b: receive RaftClientReply:client-8BD909272E8D->63cacea9-0392-4939-ad39-80c4c73dd84b@group-EE6C16B6C358, cid=3555, SUCCESS, logIndex=5365, commits[63cacea9-0392-4939-ad39-80c4c73dd84b:c5365, bd7b7fea-2a7b-4c3f-852f-c014e42bfcb7:c5363, 3b4aa678-22a6-4ae2-9c6a-0e71cdb9d6d0:c5363]
2019-07-10 03:37:51,427 INFO  client.GrpcClientProtocolClient (GrpcClientProtocolClient.java:onNext(255)) - client-8BD909272E8D->63cacea9-0392-4939-ad39-80c4c73dd84b: receive RaftClientReply:client-8BD909272E8D->63cacea9-0392-4939-ad39-80c4c73dd84b@group-EE6C16B6C358, cid=3556, SUCCESS, logIndex=5368, commits[63cacea9-0392-4939-ad39-80c4c73dd84b:c5369, bd7b7fea-2a7b-4c3f-852f-c014e42bfcb7:c5365, 3b4aa678-22a6-4ae2-9c6a-0e71cdb9d6d0:c5365]
2019-07-10 03:37:51,427 INFO  client.GrpcClientProtocolClient (GrpcClientProtocolClient.java:onNext(255)) - client-8BD909272E8D->63cacea9-0392-4939-ad39-80c4c73dd84b: receive RaftClientReply:client-8BD909272E8D->63cacea9-0392-4939-ad39-80c4c73dd84b@group-EE6C16B6C358, cid=3557, SUCCESS, logIndex=5369, commits[63cacea9-0392-4939-ad39-80c4c73dd84b:c5369, bd7b7fea-2a7b-4c3f-852f-c014e42bfcb7:c5365, 3b4aa678-22a6-4ae2-9c6a-0e71cdb9d6d0:c5365]
2019-07-10 03:37:51,431 INFO  client.GrpcClientProtocolClient (GrpcClientProtocolClient.java:onNext(255)) - client-8BD909272E8D->63cacea9-0392-4939-ad39-80c4c73dd84b: receive RaftClientReply:client-8BD909272E8D->63cacea9-0392-4939-ad39-80c4c73dd84b@group-EE6C16B6C358, cid=3558, SUCCESS, logIndex=0, commits[63cacea9-0392-4939-ad39-80c4c73dd84b:c5371, bd7b7fea-2a7b-4c3f-852f-c014e42bfcb7:c5369, 3b4aa678-22a6-4ae2-9c6a-0e71cdb9d6d0:c5369]
2019-07-10 03:37:51,459 INFO  client.GrpcClientProtocolClient (GrpcClientProtocolClient.java:onNext(255)) - client-8BD909272E8D->63cacea9-0392-4939-ad39-80c4c73dd84b: receive RaftClientReply:client-8BD909272E8D->63cacea9-0392-4939-ad39-80c4c73dd84b@group-EE6C16B6C358, cid=3559, SUCCESS, logIndex=5372, commits[63cacea9-0392-4939-ad39-80c4c73dd84b:c5373, bd7b7fea-2a7b-4c3f-852f-c014e42bfcb7:c5371, 3b4aa678-22a6-4ae2-9c6a-0e71cdb9d6d0:c5371]
2019-07-10 03:37:51,460 INFO  client.GrpcClientProtocolClient (GrpcClientProtocolClient.java:onNext(255)) - client-8BD909272E8D->63cacea9-0392-4939-ad39-80c4c73dd84b: receive RaftClientReply:client-8BD909272E8D->63cacea9-0392-4939-ad39-80c4c73dd84b@group-EE6C16B6C358, cid=3560, SUCCESS, logIndex=5373, commits[63cacea9-0392-4939-ad39-80c4c73dd84b:c5373, bd7b7fea-2a7b-4c3f-852f-c014e42bfcb7:c5371, 3b4aa678-22a6-4ae2-9c6a-0e71cdb9d6d0:c5371]
2019-07-10 03:37:51,470 INFO  client.GrpcClientProtocolClient (GrpcClientProtocolClient.java:onNext(255)) - client-8BD909272E8D->63cacea9-0392-4939-ad39-80c4c73dd84b: receive RaftClientReply:client-8BD909272E8D->63cacea9-0392-4939-ad39-80c4c73dd84b@group-EE6C16B6C358, cid=3561, SUCCESS, logIndex=5374, commits[63cacea9-0392-4939-ad39-80c4c73dd84b:c5375, bd7b7fea-2a7b-4c3f-852f-c014e42bfcb7:c5371, 3b4aa678-22a6-4ae2-9c6a-0e71cdb9d6d0:c5371]
2019-07-10 03:37:51,470 INFO  client.GrpcClientProtocolClient (GrpcClientProtocolClient.java:onNext(255)) - client-8BD909272E8D->63cacea9-0392-4939-ad39-80c4c73dd84b: receive RaftClientReply:client-8BD909272E8D->63cacea9-0392-4939-ad39-80c4c73dd84b@group-EE6C16B6C358, cid=3562, SUCCESS, logIndex=5375, commits[63cacea9-0392-4939-ad39-80c4c73dd84b:c5375, bd7b7fea-2a7b-4c3f-852f-c014e42bfcb7:c5371, 3b4aa678-22a6-4ae2-9c6a-0e71cdb9d6d0:c5371]
2019-07-10 03:37:51,483 INFO  client.GrpcClientProtocolClient (GrpcClientProtocolClient.java:onNext(255)) - client-8BD909272E8D->63cacea9-0392-4939-ad39-80c4c73dd84b: receive RaftClientReply:client-8BD909272E8D->63cacea9-0392-4939-ad39-80c4c73dd84b@group-EE6C16B6C358, cid=3563, SUCCESS, logIndex=0, commits[63cacea9-0392-4939-ad39-80c4c73dd84b:c5377, bd7b7fea-2a7b-4c3f-852f-c014e42bfcb7:c5373, 3b4aa678-22a6-4ae2-9c6a-0e71cdb9d6d0:c5373]
2019-07-10 03:37:51,517 INFO  client.GrpcClientProtocolClient (GrpcClientProtocolClient.java:onNext(255)) - client-8BD909272E8D->63cacea9-0392-4939-ad39-80c4c73dd84b: receive RaftClientReply:client-8BD909272E8D->63cacea9-0392-4939-ad39-80c4c73dd84b@group-EE6C16B6C358, cid=3564, SUCCESS, logIndex=5380, commits[63cacea9-0392-4939-ad39-80c4c73dd84b:c5381, bd7b7fea-2a7b-4c3f-852f-c014e42bfcb7:c5379, 3b4aa678-22a6-4ae2-9c6a-0e71cdb9d6d0:c5379]
2019-07-10 03:37:51,517 INFO  client.GrpcClientProtocolClient (GrpcClientProtocolClient.java:onNext(255)) - client-8BD909272E8D->63cacea9-0392-4939-ad39-80c4c73dd84b: receive RaftClientReply:client-8BD909272E8D->63cacea9-0392-4939-ad39-80c4c73dd84b@group-EE6C16B6C358, cid=3565, SUCCESS, logIndex=5381, commits[63cacea9-0392-4939-ad39-80c4c73dd84b:c5381, bd7b7fea-2a7b-4c3f-852f-c014e42bfcb7:c5379, 3b4aa678-22a6-4ae2-9c6a-0e71cdb9d6d0:c5379]
2019-07-10 03:37:51,532 INFO  client.GrpcClientProtocolClient (GrpcClientProtocolClient.java:onNext(255)) - client-8BD909272E8D->63cacea9-0392-4939-ad39-80c4c73dd84b: receive RaftClientReply:client-8BD909272E8D->63cacea9-0392-4939-ad39-80c4c73dd84b@group-EE6C16B6C358, cid=3566, SUCCESS, logIndex=5384, commits[63cacea9-0392-4939-ad39-80c4c73dd84b:c5385, bd7b7fea-2a7b-4c3f-852f-c014e42bfcb7:c5381, 3b4aa678-22a6-4ae2-9c6a-0e71cdb9d6d0:c5381]
2019-07-10 03:37:51,532 INFO  client.GrpcClientProtocolClient (GrpcClientProtocolClient.java:onNext(255)) - client-8BD909272E8D->63cacea9-0392-4939-ad39-80c4c73dd84b: receive RaftClientReply:client-8BD909272E8D->63cacea9-0392-4939-ad39-80c4c73dd84b@group-EE6C16B6C358, cid=3567, SUCCESS, logIndex=5385, commits[63cacea9-0392-4939-ad39-80c4c73dd84b:c5385, bd7b7fea-2a7b-4c3f-852f-c014e42bfcb7:c5381, 3b4aa678-22a6-4ae2-9c6a-0e71cdb9d6d0:c5381]
2019-07-10 03:37:51,554 INFO  client.GrpcClientProtocolClient (GrpcClientProtocolClient.java:onNext(255)) - client-8BD909272E8D->63cacea9-0392-4939-ad39-80c4c73dd84b: receive RaftClientReply:client-8BD909272E8D->63cacea9-0392-4939-ad39-80c4c73dd84b@group-EE6C16B6C358, cid=3568, SUCCESS, logIndex=0, commits[63cacea9-0392-4939-ad39-80c4c73dd84b:c5387, bd7b7fea-2a7b-4c3f-852f-c014e42bfcb7:c5385, 3b4aa678-22a6-4ae2-9c6a-0e71cdb9d6d0:c5385]
2019-07-10 03:37:51,589 INFO  client.GrpcClientProtocolClient (GrpcClientProtocolClient.java:onNext(255)) - client-8BD909272E8D->63cacea9-0392-4939-ad39-80c4c73dd84b: receive RaftClientReply:client-8BD909272E8D->63cacea9-0392-4939-ad39-80c4c73dd84b@group-EE6C16B6C358, cid=3569, SUCCESS, logIndex=5388, commits[63cacea9-0392-4939-ad39-80c4c73dd84b:c5390, bd7b7fea-2a7b-4c3f-852f-c014e42bfcb7:c5387, 3b4aa678-22a6-4ae2-9c6a-0e71cdb9d6d0:c5387]
2019-07-10 03:37:51,589 INFO  client.GrpcClientProtocolClient (GrpcClientProtocolClient.java:onNext(255)) - client-8BD909272E8D->63cacea9-0392-4939-ad39-80c4c73dd84b: receive RaftClientReply:client-8BD909272E8D->63cacea9-0392-4939-ad39-80c4c73dd84b@group-EE6C16B6C358, cid=3570, SUCCESS, logIndex=5389, commits[63cacea9-0392-4939-ad39-80c4c73dd84b:c5391, bd7b7fea-2a7b-4c3f-852f-c014e42bfcb7:c5387, 3b4aa678-22a6-4ae2-9c6a-0e71cdb9d6d0:c5387]
2019-07-10 03:37:51,590 INFO  client.GrpcClientProtocolClient (GrpcClientProtocolClient.java:onNext(255)) - client-8BD909272E8D->63cacea9-0392-4939-ad39-80c4c73dd84b: receive RaftClientReply:client-8BD909272E8D->63cacea9-0392-4939-ad39-80c4c73dd84b@group-EE6C16B6C358, cid=3571, SUCCESS, logIndex=5390, commits[63cacea9-0392-4939-ad39-80c4c73dd84b:c5391, bd7b7fea-2a7b-4c3f-852f-c014e42bfcb7:c5387, 3b4aa678-22a6-4ae2-9c6a-0e71cdb9d6d0:c5387]
2019-07-10 03:37:51,590 INFO  client.GrpcClientProtocolClient (GrpcClientProtocolClient.java:onNext(255)) - client-8BD909272E8D->63cacea9-0392-4939-ad39-80c4c73dd84b: receive RaftClientReply:client-8BD909272E8D->63cacea9-0392-4939-ad39-80c4c73dd84b@group-EE6C16B6C358, cid=3572, SUCCESS, logIndex=5391, commits[63cacea9-0392-4939-ad39-80c4c73dd84b:c5391, bd7b7fea-2a7b-4c3f-852f-c014e42bfcb7:c5387, 3b4aa678-22a6-4ae2-9c6a-0e71cdb9d6d0:c5387]
2019-07-10 03:37:51,600 INFO  client.GrpcClientProtocolClient (GrpcClientProtocolClient.java:onNext(255)) - client-8BD909272E8D->63cacea9-0392-4939-ad39-80c4c73dd84b: receive RaftClientReply:client-8BD909272E8D->63cacea9-0392-4939-ad39-80c4c73dd84b@group-EE6C16B6C358, cid=3573, SUCCESS, logIndex=0, commits[63cacea9-0392-4939-ad39-80c4c73dd84b:c5392, bd7b7fea-2a7b-4c3f-852f-c014e42bfcb7:c5389, 3b4aa678-22a6-4ae2-9c6a-0e71cdb9d6d0:c5389]
2019-07-10 03:37:51,619 INFO  client.GrpcClientProtocolClient (GrpcClientProtocolClient.java:onNext(255)) - client-8BD909272E8D->63cacea9-0392-4939-ad39-80c4c73dd84b: receive RaftClientReply:client-8BD909272E8D->63cacea9-0392-4939-ad39-80c4c73dd84b@group-EE6C16B6C358, cid=3574, SUCCESS, logIndex=5396, commits[63cacea9-0392-4939-ad39-80c4c73dd84b:c5397, bd7b7fea-2a7b-4c3f-852f-c014e42bfcb7:c5395, 3b4aa678-22a6-4ae2-9c6a-0e71cdb9d6d0:c5395]
2019-07-10 03:37:51,620 INFO  client.GrpcClientProtocolClient (GrpcClientProtocolClient.java:onNext(255)) - client-8BD909272E8D->63cacea9-0392-4939-ad39-80c4c73dd84b: receive RaftClientReply:client-8BD909272E8D->63cacea9-0392-4939-ad39-80c4c73dd84b@group-EE6C16B6C358, cid=3575, SUCCESS, logIndex=5397, commits[63cacea9-0392-4939-ad39-80c4c73dd84b:c5397, bd7b7fea-2a7b-4c3f-852f-c014e42bfcb7:c5395, 3b4aa678-22a6-4ae2-9c6a-0e71cdb9d6d0:c5395]
2019-07-10 03:37:51,635 INFO  client.GrpcClientProtocolClient (GrpcClientProtocolClient.java:onNext(255)) - client-8BD909272E8D->63cacea9-0392-4939-ad39-80c4c73dd84b: receive RaftClientReply:client-8BD909272E8D->63cacea9-0392-4939-ad39-80c4c73dd84b@group-EE6C16B6C358, cid=3576, SUCCESS, logIndex=5400, commits[63cacea9-0392-4939-ad39-80c4c73dd84b:c5401, bd7b7fea-2a7b-4c3f-852f-c014e42bfcb7:c5397, 3b4aa678-22a6-4ae2-9c6a-0e71cdb9d6d0:c5397]
2019-07-10 03:37:51,635 INFO  client.GrpcClientProtocolClient (GrpcClientProtocolClient.java:onNext(255)) - client-8BD909272E8D->63cacea9-0392-4939-ad39-80c4c73dd84b: receive RaftClientReply:client-8BD909272E8D->63cacea9-0392-4939-ad39-80c4c73dd84b@group-EE6C16B6C358, cid=3577, SUCCESS, logIndex=5401, commits[63cacea9-0392-4939-ad39-80c4c73dd84b:c5401, bd7b7fea-2a7b-4c3f-852f-c014e42bfcb7:c5397, 3b4aa678-22a6-4ae2-9c6a-0e71cdb9d6d0:c5397]
2019-07-10 03:37:51,649 INFO  client.GrpcClientProtocolClient (GrpcClientProtocolClient.java:onNext(255)) - client-8BD909272E8D->63cacea9-0392-4939-ad39-80c4c73dd84b: receive RaftClientReply:client-8BD909272E8D->63cacea9-0392-4939-ad39-80c4c73dd84b@group-EE6C16B6C358, cid=3578, SUCCESS, logIndex=0, commits[63cacea9-0392-4939-ad39-80c4c73dd84b:c5403, bd7b7fea-2a7b-4c3f-852f-c014e42bfcb7:c5401, 3b4aa678-22a6-4ae2-9c6a-0e71cdb9d6d0:c5401]
2019-07-10 03:37:51,685 INFO  client.GrpcClientProtocolClient (GrpcClientProtocolClient.java:onNext(255)) - client-8BD909272E8D->63cacea9-0392-4939-ad39-80c4c73dd84b: receive RaftClientReply:client-8BD909272E8D->63cacea9-0392-4939-ad39-80c4c73dd84b@group-EE6C16B6C358, cid=3579, SUCCESS, logIndex=5404, commits[63cacea9-0392-4939-ad39-80c4c73dd84b:c5406, bd7b7fea-2a7b-4c3f-852f-c014e42bfcb7:c5403, 3b4aa678-22a6-4ae2-9c6a-0e71cdb9d6d0:c5403]
2019-07-10 03:37:51,685 INFO  client.GrpcClientProtocolClient (GrpcClientProtocolClient.java:onNext(255)) - client-8BD909272E8D->63cacea9-0392-4939-ad39-80c4c73dd84b: receive RaftClientReply:client-8BD909272E8D->63cacea9-0392-4939-ad39-80c4c73dd84b@group-EE6C16B6C358, cid=3580, SUCCESS, logIndex=5405, commits[63cacea9-0392-4939-ad39-80c4c73dd84b:c5407, bd7b7fea-2a7b-4c3f-852f-c014e42bfcb7:c5403, 3b4aa678-22a6-4ae2-9c6a-0e71cdb9d6d0:c5403]
2019-07-10 03:37:51,686 INFO  client.GrpcClientProtocolClient (GrpcClientProtocolClient.java:onNext(255)) - client-8BD909272E8D->63cacea9-0392-4939-ad39-80c4c73dd84b: receive RaftClientReply:client-8BD909272E8D->63cacea9-0392-4939-ad39-80c4c73dd84b@group-EE6C16B6C358, cid=3581, SUCCESS, logIndex=5406, commits[63cacea9-0392-4939-ad39-80c4c73dd84b:c5407, bd7b7fea-2a7b-4c3f-852f-c014e42bfcb7:c5403, 3b4aa678-22a6-4ae2-9c6a-0e71cdb9d6d0:c5403]
2019-07-10 03:37:51,686 INFO  client.GrpcClientProtocolClient (GrpcClientProtocolClient.java:onNext(255)) - client-8BD909272E8D->63cacea9-0392-4939-ad39-80c4c73dd84b: receive RaftClientReply:client-8BD909272E8D->63cacea9-0392-4939-ad39-80c4c73dd84b@group-EE6C16B6C358, cid=3582, SUCCESS, logIndex=5407, commits[63cacea9-0392-4939-ad39-80c4c73dd84b:c5407, bd7b7fea-2a7b-4c3f-852f-c014e42bfcb7:c5403, 3b4aa678-22a6-4ae2-9c6a-0e71cdb9d6d0:c5403]
2019-07-10 03:37:51,698 INFO  client.GrpcClientProtocolClient (GrpcClientProtocolClient.java:onNext(255)) - client-8BD909272E8D->63cacea9-0392-4939-ad39-80c4c73dd84b: receive RaftClientReply:client-8BD909272E8D->63cacea9-0392-4939-ad39-80c4c73dd84b@group-EE6C16B6C358, cid=3583, SUCCESS, logIndex=0, commits[63cacea9-0392-4939-ad39-80c4c73dd84b:c5411, bd7b7fea-2a7b-4c3f-852f-c014e42bfcb7:c5405, 3b4aa678-22a6-4ae2-9c6a-0e71cdb9d6d0:c5407]
2019-07-10 03:37:51,718 INFO  client.GrpcClientProtocolClient (GrpcClientProtocolClient.java:onNext(255)) - client-8BD909272E8D->63cacea9-0392-4939-ad39-80c4c73dd84b: receive RaftClientReply:client-8BD909272E8D->63cacea9-0392-4939-ad39-80c4c73dd84b@group-EE6C16B6C358, cid=3584, SUCCESS, logIndex=5412, commits[63cacea9-0392-4939-ad39-80c4c73dd84b:c5413, bd7b7fea-2a7b-4c3f-852f-c014e42bfcb7:c5411, 3b4aa678-22a6-4ae2-9c6a-0e71cdb9d6d0:c5411]
2019-07-10 03:37:51,719 INFO  client.GrpcClientProtocolClient (GrpcClientProtocolClient.java:onNext(255)) - client-8BD909272E8D->63cacea9-0392-4939-ad39-80c4c73dd84b: receive RaftClientReply:client-8BD909272E8D->63cacea9-0392-4939-ad39-80c4c73dd84b@group-EE6C16B6C358, cid=3585, SUCCESS, logIndex=5413, commits[63cacea9-0392-4939-ad39-80c4c73dd84b:c5413, bd7b7fea-2a7b-4c3f-852f-c014e42bfcb7:c5411, 3b4aa678-22a6-4ae2-9c6a-0e71cdb9d6d0:c5411]
2019-07-10 03:37:51,747 INFO  client.GrpcClientProtocolClient (GrpcClientProtocolClient.java:onNext(255)) - client-8BD909272E8D->63cacea9-0392-4939-ad39-80c4c73dd84b: receive RaftClientReply:client-8BD909272E8D->63cacea9-0392-4939-ad39-80c4c73dd84b@group-EE6C16B6C358, cid=3586, SUCCESS, logIndex=5416, commits[63cacea9-0392-4939-ad39-80c4c73dd84b:c5417, bd7b7fea-2a7b-4c3f-852f-c014e42bfcb7:c5413, 3b4aa678-22a6-4ae2-9c6a-0e71cdb9d6d0:c5413]
2019-07-10 03:37:51,747 INFO  client.GrpcClientProtocolClient (GrpcClientProtocolClient.java:onNext(255)) - client-8BD909272E8D->63cacea9-0392-4939-ad39-80c4c73dd84b: receive RaftClientReply:client-8BD909272E8D->63cacea9-0392-4939-ad39-80c4c73dd84b@group-EE6C16B6C358, cid=3587, SUCCESS, logIndex=5417, commits[63cacea9-0392-4939-ad39-80c4c73dd84b:c5417, bd7b7fea-2a7b-4c3f-852f-c014e42bfcb7:c5413, 3b4aa678-22a6-4ae2-9c6a-0e71cdb9d6d0:c5413]
2019-07-10 03:37:51,761 INFO  client.GrpcClientProtocolClient (GrpcClientProtocolClient.java:onNext(255)) - client-8BD909272E8D->63cacea9-0392-4939-ad39-80c4c73dd84b: receive RaftClientReply:client-8BD909272E8D->63cacea9-0392-4939-ad39-80c4c73dd84b@group-EE6C16B6C358, cid=3588, SUCCESS, logIndex=0, commits[63cacea9-0392-4939-ad39-80c4c73dd84b:c5419, bd7b7fea-2a7b-4c3f-852f-c014e42bfcb7:c5417, 3b4aa678-22a6-4ae2-9c6a-0e71cdb9d6d0:c5417]
2019-07-10 03:37:51,796 INFO  client.GrpcClientProtocolClient (GrpcClientProtocolClient.java:onNext(255)) - client-8BD909272E8D->63cacea9-0392-4939-ad39-80c4c73dd84b: receive RaftClientReply:client-8BD909272E8D->63cacea9-0392-4939-ad39-80c4c73dd84b@group-EE6C16B6C358, cid=3589, SUCCESS, logIndex=5420, commits[63cacea9-0392-4939-ad39-80c4c73dd84b:c5420, bd7b7fea-2a7b-4c3f-852f-c014e42bfcb7:c5419, 3b4aa678-22a6-4ae2-9c6a-0e71cdb9d6d0:c5419]
2019-07-10 03:37:51,797 INFO  client.GrpcClientProtocolClient (GrpcClientProtocolClient.java:onNext(255)) - client-8BD909272E8D->63cacea9-0392-4939-ad39-80c4c73dd84b: receive RaftClientReply:client-8BD909272E8D->63cacea9-0392-4939-ad39-80c4c73dd84b@group-EE6C16B6C358, cid=3590, SUCCESS, logIndex=5421, commits[63cacea9-0392-4939-ad39-80c4c73dd84b:c5423, bd7b7fea-2a7b-4c3f-852f-c014e42bfcb7:c5419, 3b4aa678-22a6-4ae2-9c6a-0e71cdb9d6d0:c5419]
2019-07-10 03:37:51,797 INFO  client.GrpcClientProtocolClient (GrpcClientProtocolClient.java:onNext(255)) - client-8BD909272E8D->63cacea9-0392-4939-ad39-80c4c73dd84b: receive RaftClientReply:client-8BD909272E8D->63cacea9-0392-4939-ad39-80c4c73dd84b@group-EE6C16B6C358, cid=3591, SUCCESS, logIndex=5422, commits[63cacea9-0392-4939-ad39-80c4c73dd84b:c5423, bd7b7fea-2a7b-4c3f-852f-c014e42bfcb7:c5419, 3b4aa678-22a6-4ae2-9c6a-0e71cdb9d6d0:c5419]
2019-07-10 03:37:51,798 INFO  client.GrpcClientProtocolClient (GrpcClientProtocolClient.java:onNext(255)) - client-8BD909272E8D->63cacea9-0392-4939-ad39-80c4c73dd84b: receive RaftClientReply:client-8BD909272E8D->63cacea9-0392-4939-ad39-80c4c73dd84b@group-EE6C16B6C358, cid=3592, SUCCESS, logIndex=5423, commits[63cacea9-0392-4939-ad39-80c4c73dd84b:c5423, bd7b7fea-2a7b-4c3f-852f-c014e42bfcb7:c5419, 3b4aa678-22a6-4ae2-9c6a-0e71cdb9d6d0:c5419]
2019-07-10 03:37:51,811 INFO  client.GrpcClientProtocolClient (GrpcClientProtocolClient.java:onNext(255)) - client-8BD909272E8D->63cacea9-0392-4939-ad39-80c4c73dd84b: receive RaftClientReply:client-8BD909272E8D->63cacea9-0392-4939-ad39-80c4c73dd84b@group-EE6C16B6C358, cid=3593, SUCCESS, logIndex=0, commits[63cacea9-0392-4939-ad39-80c4c73dd84b:c5426, bd7b7fea-2a7b-4c3f-852f-c014e42bfcb7:c5423, 3b4aa678-22a6-4ae2-9c6a-0e71cdb9d6d0:c5422]
2019-07-10 03:37:51,834 INFO  client.GrpcClientProtocolClient (GrpcClientProtocolClient.java:onNext(255)) - client-8BD909272E8D->63cacea9-0392-4939-ad39-80c4c73dd84b: receive RaftClientReply:client-8BD909272E8D->63cacea9-0392-4939-ad39-80c4c73dd84b@group-EE6C16B6C358, cid=3594, SUCCESS, logIndex=5427, commits[63cacea9-0392-4939-ad39-80c4c73dd84b:c5427, bd7b7fea-2a7b-4c3f-852f-c014e42bfcb7:c5426, 3b4aa678-22a6-4ae2-9c6a-0e71cdb9d6d0:c5426]
2019-07-10 03:37:51,834 INFO  client.GrpcClientProtocolClient (GrpcClientProtocolClient.java:onNext(255)) - client-8BD909272E8D->63cacea9-0392-4939-ad39-80c4c73dd84b: receive RaftClientReply:client-8BD909272E8D->63cacea9-0392-4939-ad39-80c4c73dd84b@group-EE6C16B6C358, cid=3595, SUCCESS, logIndex=5428, commits[63cacea9-0392-4939-ad39-80c4c73dd84b:c5428, bd7b7fea-2a7b-4c3f-852f-c014e42bfcb7:c5426, 3b4aa678-22a6-4ae2-9c6a-0e71cdb9d6d0:c5426]
2019-07-10 03:37:51,860 INFO  client.GrpcClientProtocolClient (GrpcClientProtocolClient.java:onNext(255)) - client-8BD909272E8D->63cacea9-0392-4939-ad39-80c4c73dd84b: receive RaftClientReply:client-8BD909272E8D->63cacea9-0392-4939-ad39-80c4c73dd84b@group-EE6C16B6C358, cid=3596, SUCCESS, logIndex=5431, commits[63cacea9-0392-4939-ad39-80c4c73dd84b:c5431, bd7b7fea-2a7b-4c3f-852f-c014e42bfcb7:c5428, 3b4aa678-22a6-4ae2-9c6a-0e71cdb9d6d0:c5428]
2019-07-10 03:37:51,861 INFO  client.GrpcClientProtocolClient (GrpcClientProtocolClient.java:onNext(255)) - client-8BD909272E8D->63cacea9-0392-4939-ad39-80c4c73dd84b: receive RaftClientReply:client-8BD909272E8D->63cacea9-0392-4939-ad39-80c4c73dd84b@group-EE6C16B6C358, cid=3597, SUCCESS, logIndex=5432, commits[63cacea9-0392-4939-ad39-80c4c73dd84b:c5432, bd7b7fea-2a7b-4c3f-852f-c014e42bfcb7:c5428, 3b4aa678-22a6-4ae2-9c6a-0e71cdb9d6d0:c5428]
2019-07-10 03:37:51,875 INFO  client.GrpcClientProtocolClient (GrpcClientProtocolClient.java:onNext(255)) - client-8BD909272E8D->63cacea9-0392-4939-ad39-80c4c73dd84b: receive RaftClientReply:client-8BD909272E8D->63cacea9-0392-4939-ad39-80c4c73dd84b@group-EE6C16B6C358, cid=3598, SUCCESS, logIndex=0, commits[63cacea9-0392-4939-ad39-80c4c73dd84b:c5434, bd7b7fea-2a7b-4c3f-852f-c014e42bfcb7:c5432, 3b4aa678-22a6-4ae2-9c6a-0e71cdb9d6d0:c5432]
2019-07-10 03:37:51,913 INFO  client.GrpcClientProtocolClient (GrpcClientProtocolClient.java:onNext(255)) - client-8BD909272E8D->63cacea9-0392-4939-ad39-80c4c73dd84b: receive RaftClientReply:client-8BD909272E8D->63cacea9-0392-4939-ad39-80c4c73dd84b@group-EE6C16B6C358, cid=3599, SUCCESS, logIndex=5435, commits[63cacea9-0392-4939-ad39-80c4c73dd84b:c5436, bd7b7fea-2a7b-4c3f-852f-c014e42bfcb7:c5434, 3b4aa678-22a6-4ae2-9c6a-0e71cdb9d6d0:c5434]
2019-07-10 03:37:51,914 INFO  client.GrpcClientProtocolClient (GrpcClientProtocolClient.java:onNext(255)) - client-8BD909272E8D->63cacea9-0392-4939-ad39-80c4c73dd84b: receive RaftClientReply:client-8BD909272E8D->63cacea9-0392-4939-ad39-80c4c73dd84b@group-EE6C16B6C358, cid=3600, SUCCESS, logIndex=5436, commits[63cacea9-0392-4939-ad39-80c4c73dd84b:c5437, bd7b7fea-2a7b-4c3f-852f-c014e42bfcb7:c5434, 3b4aa678-22a6-4ae2-9c6a-0e71cdb9d6d0:c5434]
2019-07-10 03:37:51,914 INFO  client.GrpcClientProtocolClient (GrpcClientProtocolClient.java:onNext(255)) - client-8BD909272E8D->63cacea9-0392-4939-ad39-80c4c73dd84b: receive RaftClientReply:client-8BD909272E8D->63cacea9-0392-4939-ad39-80c4c73dd84b@group-EE6C16B6C358, cid=3601, SUCCESS, logIndex=5437, commits[63cacea9-0392-4939-ad39-80c4c73dd84b:c5438, bd7b7fea-2a7b-4c3f-852f-c014e42bfcb7:c5434, 3b4aa678-22a6-4ae2-9c6a-0e71cdb9d6d0:c5434]
2019-07-10 03:37:51,914 INFO  client.GrpcClientProtocolClient (GrpcClientProtocolClient.java:onNext(255)) - client-8BD909272E8D->63cacea9-0392-4939-ad39-80c4c73dd84b: receive RaftClientReply:client-8BD909272E8D->63cacea9-0392-4939-ad39-80c4c73dd84b@group-EE6C16B6C358, cid=3602, SUCCESS, logIndex=5438, commits[63cacea9-0392-4939-ad39-80c4c73dd84b:c5438, bd7b7fea-2a7b-4c3f-852f-c014e42bfcb7:c5434, 3b4aa678-22a6-4ae2-9c6a-0e71cdb9d6d0:c5434]
2019-07-10 03:37:51,927 INFO  client.GrpcClientProtocolClient (GrpcClientProtocolClient.java:onNext(255)) - client-8BD909272E8D->63cacea9-0392-4939-ad39-80c4c73dd84b: receive RaftClientReply:client-8BD909272E8D->63cacea9-0392-4939-ad39-80c4c73dd84b@group-EE6C16B6C358, cid=3603, SUCCESS, logIndex=0, commits[63cacea9-0392-4939-ad39-80c4c73dd84b:c5440, bd7b7fea-2a7b-4c3f-852f-c014e42bfcb7:c5436, 3b4aa678-22a6-4ae2-9c6a-0e71cdb9d6d0:c5436]
2019-07-10 03:37:51,948 INFO  client.GrpcClientProtocolClient (GrpcClientProtocolClient.java:onNext(255)) - client-8BD909272E8D->63cacea9-0392-4939-ad39-80c4c73dd84b: receive RaftClientReply:client-8BD909272E8D->63cacea9-0392-4939-ad39-80c4c73dd84b@group-EE6C16B6C358, cid=3604, SUCCESS, logIndex=5443, commits[63cacea9-0392-4939-ad39-80c4c73dd84b:c5444, bd7b7fea-2a7b-4c3f-852f-c014e42bfcb7:c5442, 3b4aa678-22a6-4ae2-9c6a-0e71cdb9d6d0:c5442]
2019-07-10 03:37:51,948 INFO  client.GrpcClientProtocolClient (GrpcClientProtocolClient.java:onNext(255)) - client-8BD909272E8D->63cacea9-0392-4939-ad39-80c4c73dd84b: receive RaftClientReply:client-8BD909272E8D->63cacea9-0392-4939-ad39-80c4c73dd84b@group-EE6C16B6C358, cid=3605, SUCCESS, logIndex=5444, commits[63cacea9-0392-4939-ad39-80c4c73dd84b:c5444, bd7b7fea-2a7b-4c3f-852f-c014e42bfcb7:c5442, 3b4aa678-22a6-4ae2-9c6a-0e71cdb9d6d0:c5442]
2019-07-10 03:37:51,961 INFO  client.GrpcClientProtocolClient (GrpcClientProtocolClient.java:onNext(255)) - client-8BD909272E8D->63cacea9-0392-4939-ad39-80c4c73dd84b: receive RaftClientReply:client-8BD909272E8D->63cacea9-0392-4939-ad39-80c4c73dd84b@group-EE6C16B6C358, cid=3606, SUCCESS, logIndex=5447, commits[63cacea9-0392-4939-ad39-80c4c73dd84b:c5448, bd7b7fea-2a7b-4c3f-852f-c014e42bfcb7:c5444, 3b4aa678-22a6-4ae2-9c6a-0e71cdb9d6d0:c5443]
2019-07-10 03:37:51,961 INFO  client.GrpcClientProtocolClient (GrpcClientProtocolClient.java:onNext(255)) - client-8BD909272E8D->63cacea9-0392-4939-ad39-80c4c73dd84b: receive RaftClientReply:client-8BD909272E8D->63cacea9-0392-4939-ad39-80c4c73dd84b@group-EE6C16B6C358, cid=3607, SUCCESS, logIndex=5448, commits[63cacea9-0392-4939-ad39-80c4c73dd84b:c5448, bd7b7fea-2a7b-4c3f-852f-c014e42bfcb7:c5444, 3b4aa678-22a6-4ae2-9c6a-0e71cdb9d6d0:c5444]
2019-07-10 03:37:51,966 INFO  client.GrpcClientProtocolClient (GrpcClientProtocolClient.java:onNext(255)) - client-8BD909272E8D->63cacea9-0392-4939-ad39-80c4c73dd84b: receive RaftClientReply:client-8BD909272E8D->63cacea9-0392-4939-ad39-80c4c73dd84b@group-EE6C16B6C358, cid=3608, SUCCESS, logIndex=0, commits[63cacea9-0392-4939-ad39-80c4c73dd84b:c5450, bd7b7fea-2a7b-4c3f-852f-c014e42bfcb7:c5448, 3b4aa678-22a6-4ae2-9c6a-0e71cdb9d6d0:c5448]
2019-07-10 03:37:52,000 INFO  client.GrpcClientProtocolClient (GrpcClientProtocolClient.java:onNext(255)) - client-8BD909272E8D->63cacea9-0392-4939-ad39-80c4c73dd84b: receive RaftClientReply:client-8BD909272E8D->63cacea9-0392-4939-ad39-80c4c73dd84b@group-EE6C16B6C358, cid=3609, SUCCESS, logIndex=5451, commits[63cacea9-0392-4939-ad39-80c4c73dd84b:c5452, bd7b7fea-2a7b-4c3f-852f-c014e42bfcb7:c5450, 3b4aa678-22a6-4ae2-9c6a-0e71cdb9d6d0:c5450]
2019-07-10 03:37:52,001 INFO  client.GrpcClientProtocolClient (GrpcClientProtocolClient.java:onNext(255)) - client-8BD909272E8D->63cacea9-0392-4939-ad39-80c4c73dd84b: receive RaftClientReply:client-8BD909272E8D->63cacea9-0392-4939-ad39-80c4c73dd84b@group-EE6C16B6C358, cid=3610, SUCCESS, logIndex=5452, commits[63cacea9-0392-4939-ad39-80c4c73dd84b:c5454, bd7b7fea-2a7b-4c3f-852f-c014e42bfcb7:c5450, 3b4aa678-22a6-4ae2-9c6a-0e71cdb9d6d0:c5450]
2019-07-10 03:37:52,001 INFO  client.GrpcClientProtocolClient (GrpcClientProtocolClient.java:onNext(255)) - client-8BD909272E8D->63cacea9-0392-4939-ad39-80c4c73dd84b: receive RaftClientReply:client-8BD909272E8D->63cacea9-0392-4939-ad39-80c4c73dd84b@group-EE6C16B6C358, cid=3611, SUCCESS, logIndex=5453, commits[63cacea9-0392-4939-ad39-80c4c73dd84b:c5454, bd7b7fea-2a7b-4c3f-852f-c014e42bfcb7:c5450, 3b4aa678-22a6-4ae2-9c6a-0e71cdb9d6d0:c5450]
2019-07-10 03:37:52,001 INFO  client.GrpcClientProtocolClient (GrpcClientProtocolClient.java:onNext(255)) - client-8BD909272E8D->63cacea9-0392-4939-ad39-80c4c73dd84b: receive RaftClientReply:client-8BD909272E8D->63cacea9-0392-4939-ad39-80c4c73dd84b@group-EE6C16B6C358, cid=3612, SUCCESS, logIndex=5454, commits[63cacea9-0392-4939-ad39-80c4c73dd84b:c5454, bd7b7fea-2a7b-4c3f-852f-c014e42bfcb7:c5450, 3b4aa678-22a6-4ae2-9c6a-0e71cdb9d6d0:c5450]
2019-07-10 03:37:52,005 INFO  client.GrpcClientProtocolClient (GrpcClientProtocolClient.java:onNext(255)) - client-8BD909272E8D->63cacea9-0392-4939-ad39-80c4c73dd84b: receive RaftClientReply:client-8BD909272E8D->63cacea9-0392-4939-ad39-80c4c73dd84b@group-EE6C16B6C358, cid=3613, SUCCESS, logIndex=0, commits[63cacea9-0392-4939-ad39-80c4c73dd84b:c5457, bd7b7fea-2a7b-4c3f-852f-c014e42bfcb7:c5452, 3b4aa678-22a6-4ae2-9c6a-0e71cdb9d6d0:c5454]
2019-07-10 03:37:52,030 INFO  client.GrpcClientProtocolClient (GrpcClientProtocolClient.java:onNext(255)) - client-8BD909272E8D->63cacea9-0392-4939-ad39-80c4c73dd84b: receive RaftClientReply:client-8BD909272E8D->63cacea9-0392-4939-ad39-80c4c73dd84b@group-EE6C16B6C358, cid=3614, SUCCESS, logIndex=5458, commits[63cacea9-0392-4939-ad39-80c4c73dd84b:c5459, bd7b7fea-2a7b-4c3f-852f-c014e42bfcb7:c5457, 3b4aa678-22a6-4ae2-9c6a-0e71cdb9d6d0:c5457]
2019-07-10 03:37:52,030 INFO  client.GrpcClientProtocolClient (GrpcClientProtocolClient.java:onNext(255)) - client-8BD909272E8D->63cacea9-0392-4939-ad39-80c4c73dd84b: receive RaftClientReply:client-8BD909272E8D->63cacea9-0392-4939-ad39-80c4c73dd84b@group-EE6C16B6C358, cid=3615, SUCCESS, logIndex=5459, commits[63cacea9-0392-4939-ad39-80c4c73dd84b:c5459, bd7b7fea-2a7b-4c3f-852f-c014e42bfcb7:c5457, 3b4aa678-22a6-4ae2-9c6a-0e71cdb9d6d0:c5457]
2019-07-10 03:37:52,055 INFO  client.GrpcClientProtocolClient (GrpcClientProtocolClient.java:onNext(255)) - client-8BD909272E8D->63cacea9-0392-4939-ad39-80c4c73dd84b: receive RaftClientReply:client-8BD909272E8D->63cacea9-0392-4939-ad39-80c4c73dd84b@group-EE6C16B6C358, cid=3616, SUCCESS, logIndex=5462, commits[63cacea9-0392-4939-ad39-80c4c73dd84b:c5463, bd7b7fea-2a7b-4c3f-852f-c014e42bfcb7:c5459, 3b4aa678-22a6-4ae2-9c6a-0e71cdb9d6d0:c5459]
2019-07-10 03:37:52,055 INFO  client.GrpcClientProtocolClient (GrpcClientProtocolClient.java:onNext(255)) - client-8BD909272E8D->63cacea9-0392-4939-ad39-80c4c73dd84b: receive RaftClientReply:client-8BD909272E8D->63cacea9-0392-4939-ad39-80c4c73dd84b@group-EE6C16B6C358, cid=3617, SUCCESS, logIndex=5463, commits[63cacea9-0392-4939-ad39-80c4c73dd84b:c5463, bd7b7fea-2a7b-4c3f-852f-c014e42bfcb7:c5459, 3b4aa678-22a6-4ae2-9c6a-0e71cdb9d6d0:c5459]
2019-07-10 03:37:52,066 INFO  client.GrpcClientProtocolClient (GrpcClientProtocolClient.java:onNext(255)) - client-8BD909272E8D->63cacea9-0392-4939-ad39-80c4c73dd84b: receive RaftClientReply:client-8BD909272E8D->63cacea9-0392-4939-ad39-80c4c73dd84b@group-EE6C16B6C358, cid=3618, SUCCESS, logIndex=0, commits[63cacea9-0392-4939-ad39-80c4c73dd84b:c5464, bd7b7fea-2a7b-4c3f-852f-c014e42bfcb7:c5463, 3b4aa678-22a6-4ae2-9c6a-0e71cdb9d6d0:c5463]
2019-07-10 03:37:52,099 INFO  client.GrpcClientProtocolClient (GrpcClientProtocolClient.java:onNext(255)) - client-8BD909272E8D->63cacea9-0392-4939-ad39-80c4c73dd84b: receive RaftClientReply:client-8BD909272E8D->63cacea9-0392-4939-ad39-80c4c73dd84b@group-EE6C16B6C358, cid=3619, SUCCESS, logIndex=5466, commits[63cacea9-0392-4939-ad39-80c4c73dd84b:c5467, bd7b7fea-2a7b-4c3f-852f-c014e42bfcb7:c5465, 3b4aa678-22a6-4ae2-9c6a-0e71cdb9d6d0:c5465]
2019-07-10 03:37:52,100 INFO  client.GrpcClientProtocolClient (GrpcClientProtocolClient.java:onNext(255)) - client-8BD909272E8D->63cacea9-0392-4939-ad39-80c4c73dd84b: receive RaftClientReply:client-8BD909272E8D->63cacea9-0392-4939-ad39-80c4c73dd84b@group-EE6C16B6C358, cid=3620, SUCCESS, logIndex=5467, commits[63cacea9-0392-4939-ad39-80c4c73dd84b:c5469, bd7b7fea-2a7b-4c3f-852f-c014e42bfcb7:c5465, 3b4aa678-22a6-4ae2-9c6a-0e71cdb9d6d0:c5465]
2019-07-10 03:37:52,100 INFO  client.GrpcClientProtocolClient (GrpcClientProtocolClient.java:onNext(255)) - client-8BD909272E8D->63cacea9-0392-4939-ad39-80c4c73dd84b: receive RaftClientReply:client-8BD909272E8D->63cacea9-0392-4939-ad39-80c4c73dd84b@group-EE6C16B6C358, cid=3621, SUCCESS, logIndex=5468, commits[63cacea9-0392-4939-ad39-80c4c73dd84b:c5469, bd7b7fea-2a7b-4c3f-852f-c014e42bfcb7:c5465, 3b4aa678-22a6-4ae2-9c6a-0e71cdb9d6d0:c5465]
2019-07-10 03:37:52,101 INFO  client.GrpcClientProtocolClient (GrpcClientProtocolClient.java:onNext(255)) - client-8BD909272E8D->63cacea9-0392-4939-ad39-80c4c73dd84b: receive RaftClientReply:client-8BD909272E8D->63cacea9-0392-4939-ad39-80c4c73dd84b@group-EE6C16B6C358, cid=3622, SUCCESS, logIndex=5469, commits[63cacea9-0392-4939-ad39-80c4c73dd84b:c5469, bd7b7fea-2a7b-4c3f-852f-c014e42bfcb7:c5465, 3b4aa678-22a6-4ae2-9c6a-0e71cdb9d6d0:c5465]
2019-07-10 03:37:52,114 INFO  client.GrpcClientProtocolClient (GrpcClientProtocolClient.java:onNext(255)) - client-8BD909272E8D->63cacea9-0392-4939-ad39-80c4c73dd84b: receive RaftClientReply:client-8BD909272E8D->63cacea9-0392-4939-ad39-80c4c73dd84b@group-EE6C16B6C358, cid=3623, SUCCESS, logIndex=0, commits[63cacea9-0392-4939-ad39-80c4c73dd84b:c5471, bd7b7fea-2a7b-4c3f-852f-c014e42bfcb7:c5467, 3b4aa678-22a6-4ae2-9c6a-0e71cdb9d6d0:c5467]
2019-07-10 03:37:52,133 INFO  client.GrpcClientProtocolClient (GrpcClientProtocolClient.java:onNext(255)) - client-8BD909272E8D->63cacea9-0392-4939-ad39-80c4c73dd84b: receive RaftClientReply:client-8BD909272E8D->63cacea9-0392-4939-ad39-80c4c73dd84b@group-EE6C16B6C358, cid=3624, SUCCESS, logIndex=5473, commits[63cacea9-0392-4939-ad39-80c4c73dd84b:c5474, bd7b7fea-2a7b-4c3f-852f-c014e42bfcb7:c5472, 3b4aa678-22a6-4ae2-9c6a-0e71cdb9d6d0:c5472]
2019-07-10 03:37:52,134 INFO  client.GrpcClientProtocolClient (GrpcClientProtocolClient.java:onNext(255)) - client-8BD909272E8D->63cacea9-0392-4939-ad39-80c4c73dd84b: receive RaftClientReply:client-8BD909272E8D->63cacea9-0392-4939-ad39-80c4c73dd84b@group-EE6C16B6C358, cid=3625, SUCCESS, logIndex=5474, commits[63cacea9-0392-4939-ad39-80c4c73dd84b:c5474, bd7b7fea-2a7b-4c3f-852f-c014e42bfcb7:c5472, 3b4aa678-22a6-4ae2-9c6a-0e71cdb9d6d0:c5472]
2019-07-10 03:37:52,148 INFO  client.GrpcClientProtocolClient (GrpcClientProtocolClient.java:onNext(255)) - client-8BD909272E8D->63cacea9-0392-4939-ad39-80c4c73dd84b: receive RaftClientReply:client-8BD909272E8D->63cacea9-0392-4939-ad39-80c4c73dd84b@group-EE6C16B6C358, cid=3626, SUCCESS, logIndex=5477, commits[63cacea9-0392-4939-ad39-80c4c73dd84b:c5478, bd7b7fea-2a7b-4c3f-852f-c014e42bfcb7:c5474, 3b4aa678-22a6-4ae2-9c6a-0e71cdb9d6d0:c5474]
2019-07-10 03:37:52,149 INFO  client.GrpcClientProtocolClient (GrpcClientProtocolClient.java:onNext(255)) - client-8BD909272E8D->63cacea9-0392-4939-ad39-80c4c73dd84b: receive RaftClientReply:client-8BD909272E8D->63cacea9-0392-4939-ad39-80c4c73dd84b@group-EE6C16B6C358, cid=3627, SUCCESS, logIndex=5478, commits[63cacea9-0392-4939-ad39-80c4c73dd84b:c5478, bd7b7fea-2a7b-4c3f-852f-c014e42bfcb7:c5474, 3b4aa678-22a6-4ae2-9c6a-0e71cdb9d6d0:c5474]
2019-07-10 03:37:52,163 INFO  client.GrpcClientProtocolClient (GrpcClientProtocolClient.java:onNext(255)) - client-8BD909272E8D->63cacea9-0392-4939-ad39-80c4c73dd84b: receive RaftClientReply:client-8BD909272E8D->63cacea9-0392-4939-ad39-80c4c73dd84b@group-EE6C16B6C358, cid=3628, SUCCESS, logIndex=0, commits[63cacea9-0392-4939-ad39-80c4c73dd84b:c5480, bd7b7fea-2a7b-4c3f-852f-c014e42bfcb7:c5478, 3b4aa678-22a6-4ae2-9c6a-0e71cdb9d6d0:c5478]
2019-07-10 03:37:52,193 INFO  client.GrpcClientProtocolClient (GrpcClientProtocolClient.java:onNext(255)) - client-8BD909272E8D->63cacea9-0392-4939-ad39-80c4c73dd84b: receive RaftClientReply:client-8BD909272E8D->63cacea9-0392-4939-ad39-80c4c73dd84b@group-EE6C16B6C358, cid=3629, SUCCESS, logIndex=5481, commits[63cacea9-0392-4939-ad39-80c4c73dd84b:c5482, bd7b7fea-2a7b-4c3f-852f-c014e42bfcb7:c5478, 3b4aa678-22a6-4ae2-9c6a-0e71cdb9d6d0:c5480]
2019-07-10 03:37:52,193 INFO  client.GrpcClientProtocolClient (GrpcClientProtocolClient.java:onNext(255)) - client-8BD909272E8D->63cacea9-0392-4939-ad39-80c4c73dd84b: receive RaftClientReply:client-8BD909272E8D->63cacea9-0392-4939-ad39-80c4c73dd84b@group-EE6C16B6C358, cid=3630, SUCCESS, logIndex=5482, commits[63cacea9-0392-4939-ad39-80c4c73dd84b:c5482, bd7b7fea-2a7b-4c3f-852f-c014e42bfcb7:c5480, 3b4aa678-22a6-4ae2-9c6a-0e71cdb9d6d0:c5480]
2019-07-10 03:37:52,194 INFO  client.GrpcClientProtocolClient (GrpcClientProtocolClient.java:onNext(255)) - client-8BD909272E8D->63cacea9-0392-4939-ad39-80c4c73dd84b: receive RaftClientReply:client-8BD909272E8D->63cacea9-0392-4939-ad39-80c4c73dd84b@group-EE6C16B6C358, cid=3631, SUCCESS, logIndex=5483, commits[63cacea9-0392-4939-ad39-80c4c73dd84b:c5483, bd7b7fea-2a7b-4c3f-852f-c014e42bfcb7:c5480, 3b4aa678-22a6-4ae2-9c6a-0e71cdb9d6d0:c5480]
2019-07-10 03:37:52,194 INFO  client.GrpcClientProtocolClient (GrpcClientProtocolClient.java:onNext(255)) - client-8BD909272E8D->63cacea9-0392-4939-ad39-80c4c73dd84b: receive RaftClientReply:client-8BD909272E8D->63cacea9-0392-4939-ad39-80c4c73dd84b@group-EE6C16B6C358, cid=3632, SUCCESS, logIndex=5484, commits[63cacea9-0392-4939-ad39-80c4c73dd84b:c5484, bd7b7fea-2a7b-4c3f-852f-c014e42bfcb7:c5480, 3b4aa678-22a6-4ae2-9c6a-0e71cdb9d6d0:c5480]
2019-07-10 03:37:52,207 INFO  client.GrpcClientProtocolClient (GrpcClientProtocolClient.java:onNext(255)) - client-8BD909272E8D->63cacea9-0392-4939-ad39-80c4c73dd84b: receive RaftClientReply:client-8BD909272E8D->63cacea9-0392-4939-ad39-80c4c73dd84b@group-EE6C16B6C358, cid=3633, SUCCESS, logIndex=0, commits[63cacea9-0392-4939-ad39-80c4c73dd84b:c5486, bd7b7fea-2a7b-4c3f-852f-c014e42bfcb7:c5482, 3b4aa678-22a6-4ae2-9c6a-0e71cdb9d6d0:c5482]
2019-07-10 03:37:52,226 INFO  client.GrpcClientProtocolClient (GrpcClientProtocolClient.java:onNext(255)) - client-8BD909272E8D->63cacea9-0392-4939-ad39-80c4c73dd84b: receive RaftClientReply:client-8BD909272E8D->63cacea9-0392-4939-ad39-80c4c73dd84b@group-EE6C16B6C358, cid=3634, SUCCESS, logIndex=5489, commits[63cacea9-0392-4939-ad39-80c4c73dd84b:c5490, bd7b7fea-2a7b-4c3f-852f-c014e42bfcb7:c5488, 3b4aa678-22a6-4ae2-9c6a-0e71cdb9d6d0:c5488]
2019-07-10 03:37:52,227 INFO  client.GrpcClientProtocolClient (GrpcClientProtocolClient.java:onNext(255)) - client-8BD909272E8D->63cacea9-0392-4939-ad39-80c4c73dd84b: receive RaftClientReply:client-8BD909272E8D->63cacea9-0392-4939-ad39-80c4c73dd84b@group-EE6C16B6C358, cid=3635, SUCCESS, logIndex=5490, commits[63cacea9-0392-4939-ad39-80c4c73dd84b:c5490, bd7b7fea-2a7b-4c3f-852f-c014e42bfcb7:c5488, 3b4aa678-22a6-4ae2-9c6a-0e71cdb9d6d0:c5488]
2019-07-10 03:37:52,243 INFO  client.GrpcClientProtocolClient (GrpcClientProtocolClient.java:onNext(255)) - client-8BD909272E8D->63cacea9-0392-4939-ad39-80c4c73dd84b: receive RaftClientReply:client-8BD909272E8D->63cacea9-0392-4939-ad39-80c4c73dd84b@group-EE6C16B6C358, cid=3636, SUCCESS, logIndex=5493, commits[63cacea9-0392-4939-ad39-80c4c73dd84b:c5494, bd7b7fea-2a7b-4c3f-852f-c014e42bfcb7:c5490, 3b4aa678-22a6-4ae2-9c6a-0e71cdb9d6d0:c5490]
2019-07-10 03:37:52,243 INFO  client.GrpcClientProtocolClient (GrpcClientProtocolClient.java:onNext(255)) - client-8BD909272E8D->63cacea9-0392-4939-ad39-80c4c73dd84b: receive RaftClientReply:client-8BD909272E8D->63cacea9-0392-4939-ad39-80c4c73dd84b@group-EE6C16B6C358, cid=3637, SUCCESS, logIndex=5494, commits[63cacea9-0392-4939-ad39-80c4c73dd84b:c5494, bd7b7fea-2a7b-4c3f-852f-c014e42bfcb7:c5490, 3b4aa678-22a6-4ae2-9c6a-0e71cdb9d6d0:c5490]
2019-07-10 03:37:52,267 INFO  client.GrpcClientProtocolClient (GrpcClientProtocolClient.java:onNext(255)) - client-8BD909272E8D->63cacea9-0392-4939-ad39-80c4c73dd84b: receive RaftClientReply:client-8BD909272E8D->63cacea9-0392-4939-ad39-80c4c73dd84b@group-EE6C16B6C358, cid=3638, SUCCESS, logIndex=0, commits[63cacea9-0392-4939-ad39-80c4c73dd84b:c5496, bd7b7fea-2a7b-4c3f-852f-c014e42bfcb7:c5494, 3b4aa678-22a6-4ae2-9c6a-0e71cdb9d6d0:c5494]
2019-07-10 03:37:52,304 INFO  client.GrpcClientProtocolClient (GrpcClientProtocolClient.java:onNext(255)) - client-8BD909272E8D->63cacea9-0392-4939-ad39-80c4c73dd84b: receive RaftClientReply:client-8BD909272E8D->63cacea9-0392-4939-ad39-80c4c73dd84b@group-EE6C16B6C358, cid=3639, SUCCESS, logIndex=5497, commits[63cacea9-0392-4939-ad39-80c4c73dd84b:c5499, bd7b7fea-2a7b-4c3f-852f-c014e42bfcb7:c5496, 3b4aa678-22a6-4ae2-9c6a-0e71cdb9d6d0:c5496]
2019-07-10 03:37:52,305 INFO  client.GrpcClientProtocolClient (GrpcClientProtocolClient.java:onNext(255)) - client-8BD909272E8D->63cacea9-0392-4939-ad39-80c4c73dd84b: receive RaftClientReply:client-8BD909272E8D->63cacea9-0392-4939-ad39-80c4c73dd84b@group-EE6C16B6C358, cid=3640, SUCCESS, logIndex=5498, commits[63cacea9-0392-4939-ad39-80c4c73dd84b:c5500, bd7b7fea-2a7b-4c3f-852f-c014e42bfcb7:c5496, 3b4aa678-22a6-4ae2-9c6a-0e71cdb9d6d0:c5496]
2019-07-10 03:37:52,305 INFO  client.GrpcClientProtocolClient (GrpcClientProtocolClient.java:onNext(255)) - client-8BD909272E8D->63cacea9-0392-4939-ad39-80c4c73dd84b: receive RaftClientReply:client-8BD909272E8D->63cacea9-0392-4939-ad39-80c4c73dd84b@group-EE6C16B6C358, cid=3641, SUCCESS, logIndex=5499, commits[63cacea9-0392-4939-ad39-80c4c73dd84b:c5500, bd7b7fea-2a7b-4c3f-852f-c014e42bfcb7:c5496, 3b4aa678-22a6-4ae2-9c6a-0e71cdb9d6d0:c5496]
2019-07-10 03:37:52,306 INFO  client.GrpcClientProtocolClient (GrpcClientProtocolClient.java:onNext(255)) - client-8BD909272E8D->63cacea9-0392-4939-ad39-80c4c73dd84b: receive RaftClientReply:client-8BD909272E8D->63cacea9-0392-4939-ad39-80c4c73dd84b@group-EE6C16B6C358, cid=3642, SUCCESS, logIndex=5500, commits[63cacea9-0392-4939-ad39-80c4c73dd84b:c5500, bd7b7fea-2a7b-4c3f-852f-c014e42bfcb7:c5496, 3b4aa678-22a6-4ae2-9c6a-0e71cdb9d6d0:c5496]
2019-07-10 03:37:52,319 INFO  client.GrpcClientProtocolClient (GrpcClientProtocolClient.java:onNext(255)) - client-8BD909272E8D->63cacea9-0392-4939-ad39-80c4c73dd84b: receive RaftClientReply:client-8BD909272E8D->63cacea9-0392-4939-ad39-80c4c73dd84b@group-EE6C16B6C358, cid=3643, SUCCESS, logIndex=0, commits[63cacea9-0392-4939-ad39-80c4c73dd84b:c5504, bd7b7fea-2a7b-4c3f-852f-c014e42bfcb7:c5500, 3b4aa678-22a6-4ae2-9c6a-0e71cdb9d6d0:c5498]
2019-07-10 03:37:52,340 INFO  client.GrpcClientProtocolClient (GrpcClientProtocolClient.java:onNext(255)) - client-8BD909272E8D->63cacea9-0392-4939-ad39-80c4c73dd84b: receive RaftClientReply:client-8BD909272E8D->63cacea9-0392-4939-ad39-80c4c73dd84b@group-EE6C16B6C358, cid=3644, SUCCESS, logIndex=5505, commits[63cacea9-0392-4939-ad39-80c4c73dd84b:c5506, bd7b7fea-2a7b-4c3f-852f-c014e42bfcb7:c5504, 3b4aa678-22a6-4ae2-9c6a-0e71cdb9d6d0:c5504]
2019-07-10 03:37:52,341 INFO  client.GrpcClientProtocolClient (GrpcClientProtocolClient.java:onNext(255)) - client-8BD909272E8D->63cacea9-0392-4939-ad39-80c4c73dd84b: receive RaftClientReply:client-8BD909272E8D->63cacea9-0392-4939-ad39-80c4c73dd84b@group-EE6C16B6C358, cid=3645, SUCCESS, logIndex=5506, commits[63cacea9-0392-4939-ad39-80c4c73dd84b:c5506, bd7b7fea-2a7b-4c3f-852f-c014e42bfcb7:c5504, 3b4aa678-22a6-4ae2-9c6a-0e71cdb9d6d0:c5504]
 0.00% |█                                                                                                    |  0/1 Time: 0:00:342019-07-10 03:37:52,474 INFO  client.GrpcClientProtocolClient (GrpcClientProtocolClient.java:onNext(255)) - client-8BD909272E8D->63cacea9-0392-4939-ad39-80c4c73dd84b: receive RaftClientReply:client-8BD909272E8D->63cacea9-0392-4939-ad39-80c4c73dd84b@group-EE6C16B6C358, cid=3646, SUCCESS, logIndex=5509, commits[63cacea9-0392-4939-ad39-80c4c73dd84b:c5510, bd7b7fea-2a7b-4c3f-852f-c014e42bfcb7:c5506, 3b4aa678-22a6-4ae2-9c6a-0e71cdb9d6d0:c5506]
2019-07-10 03:37:52,474 INFO  client.GrpcClientProtocolClient (GrpcClientProtocolClient.java:onNext(255)) - client-8BD909272E8D->63cacea9-0392-4939-ad39-80c4c73dd84b: receive RaftClientReply:client-8BD909272E8D->63cacea9-0392-4939-ad39-80c4c73dd84b@group-EE6C16B6C358, cid=3647, SUCCESS, logIndex=5510, commits[63cacea9-0392-4939-ad39-80c4c73dd84b:c5510, bd7b7fea-2a7b-4c3f-852f-c014e42bfcb7:c5506, 3b4aa678-22a6-4ae2-9c6a-0e71cdb9d6d0:c5506]
2019-07-10 03:37:52,488 INFO  client.GrpcClientProtocolClient (GrpcClientProtocolClient.java:onNext(255)) - client-8BD909272E8D->63cacea9-0392-4939-ad39-80c4c73dd84b: receive RaftClientReply:client-8BD909272E8D->63cacea9-0392-4939-ad39-80c4c73dd84b@group-EE6C16B6C358, cid=3648, SUCCESS, logIndex=0, commits[63cacea9-0392-4939-ad39-80c4c73dd84b:c5512, bd7b7fea-2a7b-4c3f-852f-c014e42bfcb7:c5510, 3b4aa678-22a6-4ae2-9c6a-0e71cdb9d6d0:c5510]
2019-07-10 03:37:52,523 INFO  client.GrpcClientProtocolClient (GrpcClientProtocolClient.java:onNext(255)) - client-8BD909272E8D->63cacea9-0392-4939-ad39-80c4c73dd84b: receive RaftClientReply:client-8BD909272E8D->63cacea9-0392-4939-ad39-80c4c73dd84b@group-EE6C16B6C358, cid=3649, SUCCESS, logIndex=5513, commits[63cacea9-0392-4939-ad39-80c4c73dd84b:c5514, bd7b7fea-2a7b-4c3f-852f-c014e42bfcb7:c5512, 3b4aa678-22a6-4ae2-9c6a-0e71cdb9d6d0:c5512]
2019-07-10 03:37:52,523 INFO  client.GrpcClientProtocolClient (GrpcClientProtocolClient.java:onNext(255)) - client-8BD909272E8D->63cacea9-0392-4939-ad39-80c4c73dd84b: receive RaftClientReply:client-8BD909272E8D->63cacea9-0392-4939-ad39-80c4c73dd84b@group-EE6C16B6C358, cid=3650, SUCCESS, logIndex=5514, commits[63cacea9-0392-4939-ad39-80c4c73dd84b:c5516, bd7b7fea-2a7b-4c3f-852f-c014e42bfcb7:c5512, 3b4aa678-22a6-4ae2-9c6a-0e71cdb9d6d0:c5512]
2019-07-10 03:37:52,524 INFO  client.GrpcClientProtocolClient (GrpcClientProtocolClient.java:onNext(255)) - client-8BD909272E8D->63cacea9-0392-4939-ad39-80c4c73dd84b: receive RaftClientReply:client-8BD909272E8D->63cacea9-0392-4939-ad39-80c4c73dd84b@group-EE6C16B6C358, cid=3651, SUCCESS, logIndex=5515, commits[63cacea9-0392-4939-ad39-80c4c73dd84b:c5516, bd7b7fea-2a7b-4c3f-852f-c014e42bfcb7:c5512, 3b4aa678-22a6-4ae2-9c6a-0e71cdb9d6d0:c5512]
2019-07-10 03:37:52,524 INFO  client.GrpcClientProtocolClient (GrpcClientProtocolClient.java:onNext(255)) - client-8BD909272E8D->63cacea9-0392-4939-ad39-80c4c73dd84b: receive RaftClientReply:client-8BD909272E8D->63cacea9-0392-4939-ad39-80c4c73dd84b@group-EE6C16B6C358, cid=3652, SUCCESS, logIndex=5516, commits[63cacea9-0392-4939-ad39-80c4c73dd84b:c5516, bd7b7fea-2a7b-4c3f-852f-c014e42bfcb7:c5512, 3b4aa678-22a6-4ae2-9c6a-0e71cdb9d6d0:c5512]
2019-07-10 03:37:52,526 INFO  client.GrpcClientProtocolClient (GrpcClientProtocolClient.java:onNext(255)) - client-8BD909272E8D->63cacea9-0392-4939-ad39-80c4c73dd84b: receive RaftClientReply:client-8BD909272E8D->63cacea9-0392-4939-ad39-80c4c73dd84b@group-EE6C16B6C358, cid=3653, SUCCESS, logIndex=0, commits[63cacea9-0392-4939-ad39-80c4c73dd84b:c5517, bd7b7fea-2a7b-4c3f-852f-c014e42bfcb7:c5514, 3b4aa678-22a6-4ae2-9c6a-0e71cdb9d6d0:c5514]
2019-07-10 03:37:52,538 INFO  client.GrpcClientProtocolClient (GrpcClientProtocolClient.java:onNext(255)) - client-8BD909272E8D->63cacea9-0392-4939-ad39-80c4c73dd84b: receive RaftClientReply:client-8BD909272E8D->63cacea9-0392-4939-ad39-80c4c73dd84b@group-EE6C16B6C358, cid=3654, SUCCESS, logIndex=5520, commits[63cacea9-0392-4939-ad39-80c4c73dd84b:c5521, bd7b7fea-2a7b-4c3f-852f-c014e42bfcb7:c5517, 3b4aa678-22a6-4ae2-9c6a-0e71cdb9d6d0:c5516]
2019-07-10 03:37:52,539 INFO  client.GrpcClientProtocolClient (GrpcClientProtocolClient.java:onNext(255)) - client-8BD909272E8D->63cacea9-0392-4939-ad39-80c4c73dd84b: receive RaftClientReply:client-8BD909272E8D->63cacea9-0392-4939-ad39-80c4c73dd84b@group-EE6C16B6C358, cid=3655, SUCCESS, logIndex=5521, commits[63cacea9-0392-4939-ad39-80c4c73dd84b:c5521, bd7b7fea-2a7b-4c3f-852f-c014e42bfcb7:c5517, 3b4aa678-22a6-4ae2-9c6a-0e71cdb9d6d0:c5517]
2019-07-10 03:37:52,559 INFO  client.GrpcClientProtocolClient (GrpcClientProtocolClient.java:onNext(255)) - client-8BD909272E8D->63cacea9-0392-4939-ad39-80c4c73dd84b: receive RaftClientReply:client-8BD909272E8D->63cacea9-0392-4939-ad39-80c4c73dd84b@group-EE6C16B6C358, cid=3656, SUCCESS, logIndex=5524, commits[63cacea9-0392-4939-ad39-80c4c73dd84b:c5525, bd7b7fea-2a7b-4c3f-852f-c014e42bfcb7:c5523, 3b4aa678-22a6-4ae2-9c6a-0e71cdb9d6d0:c5523]
2019-07-10 03:37:52,559 INFO  client.GrpcClientProtocolClient (GrpcClientProtocolClient.java:onNext(255)) - client-8BD909272E8D->63cacea9-0392-4939-ad39-80c4c73dd84b: receive RaftClientReply:client-8BD909272E8D->63cacea9-0392-4939-ad39-80c4c73dd84b@group-EE6C16B6C358, cid=3657, SUCCESS, logIndex=5525, commits[63cacea9-0392-4939-ad39-80c4c73dd84b:c5525, bd7b7fea-2a7b-4c3f-852f-c014e42bfcb7:c5523, 3b4aa678-22a6-4ae2-9c6a-0e71cdb9d6d0:c5523]
2019-07-10 03:37:52,570 INFO  client.GrpcClientProtocolClient (GrpcClientProtocolClient.java:onNext(255)) - client-8BD909272E8D->63cacea9-0392-4939-ad39-80c4c73dd84b: receive RaftClientReply:client-8BD909272E8D->63cacea9-0392-4939-ad39-80c4c73dd84b@group-EE6C16B6C358, cid=3658, SUCCESS, logIndex=0, commits[63cacea9-0392-4939-ad39-80c4c73dd84b:c5526, bd7b7fea-2a7b-4c3f-852f-c014e42bfcb7:c5525, 3b4aa678-22a6-4ae2-9c6a-0e71cdb9d6d0:c5525]
2019-07-10 03:37:52,609 INFO  client.GrpcClientProtocolClient (GrpcClientProtocolClient.java:onNext(255)) - client-8BD909272E8D->63cacea9-0392-4939-ad39-80c4c73dd84b: receive RaftClientReply:client-8BD909272E8D->63cacea9-0392-4939-ad39-80c4c73dd84b@group-EE6C16B6C358, cid=3659, SUCCESS, logIndex=5528, commits[63cacea9-0392-4939-ad39-80c4c73dd84b:c5529, bd7b7fea-2a7b-4c3f-852f-c014e42bfcb7:c5527, 3b4aa678-22a6-4ae2-9c6a-0e71cdb9d6d0:c5525]
2019-07-10 03:37:52,610 INFO  client.GrpcClientProtocolClient (GrpcClientProtocolClient.java:onNext(255)) - client-8BD909272E8D->63cacea9-0392-4939-ad39-80c4c73dd84b: receive RaftClientReply:client-8BD909272E8D->63cacea9-0392-4939-ad39-80c4c73dd84b@group-EE6C16B6C358, cid=3660, SUCCESS, logIndex=5529, commits[63cacea9-0392-4939-ad39-80c4c73dd84b:c5529, bd7b7fea-2a7b-4c3f-852f-c014e42bfcb7:c5527, 3b4aa678-22a6-4ae2-9c6a-0e71cdb9d6d0:c5527]
2019-07-10 03:37:52,610 INFO  client.GrpcClientProtocolClient (GrpcClientProtocolClient.java:onNext(255)) - client-8BD909272E8D->63cacea9-0392-4939-ad39-80c4c73dd84b: receive RaftClientReply:client-8BD909272E8D->63cacea9-0392-4939-ad39-80c4c73dd84b@group-EE6C16B6C358, cid=3661, SUCCESS, logIndex=5530, commits[63cacea9-0392-4939-ad39-80c4c73dd84b:c5531, bd7b7fea-2a7b-4c3f-852f-c014e42bfcb7:c5527, 3b4aa678-22a6-4ae2-9c6a-0e71cdb9d6d0:c5527]
2019-07-10 03:37:52,610 INFO  client.GrpcClientProtocolClient (GrpcClientProtocolClient.java:onNext(255)) - client-8BD909272E8D->63cacea9-0392-4939-ad39-80c4c73dd84b: receive RaftClientReply:client-8BD909272E8D->63cacea9-0392-4939-ad39-80c4c73dd84b@group-EE6C16B6C358, cid=3662, SUCCESS, logIndex=5531, commits[63cacea9-0392-4939-ad39-80c4c73dd84b:c5531, bd7b7fea-2a7b-4c3f-852f-c014e42bfcb7:c5527, 3b4aa678-22a6-4ae2-9c6a-0e71cdb9d6d0:c5527]
2019-07-10 03:37:52,624 INFO  client.GrpcClientProtocolClient (GrpcClientProtocolClient.java:onNext(255)) - client-8BD909272E8D->63cacea9-0392-4939-ad39-80c4c73dd84b: receive RaftClientReply:client-8BD909272E8D->63cacea9-0392-4939-ad39-80c4c73dd84b@group-EE6C16B6C358, cid=3663, SUCCESS, logIndex=0, commits[63cacea9-0392-4939-ad39-80c4c73dd84b:c5533, bd7b7fea-2a7b-4c3f-852f-c014e42bfcb7:c5529, 3b4aa678-22a6-4ae2-9c6a-0e71cdb9d6d0:c5529]
2019-07-10 03:37:52,645 INFO  client.GrpcClientProtocolClient (GrpcClientProtocolClient.java:onNext(255)) - client-8BD909272E8D->63cacea9-0392-4939-ad39-80c4c73dd84b: receive RaftClientReply:client-8BD909272E8D->63cacea9-0392-4939-ad39-80c4c73dd84b@group-EE6C16B6C358, cid=3664, SUCCESS, logIndex=5536, commits[63cacea9-0392-4939-ad39-80c4c73dd84b:c5537, bd7b7fea-2a7b-4c3f-852f-c014e42bfcb7:c5535, 3b4aa678-22a6-4ae2-9c6a-0e71cdb9d6d0:c5535]
2019-07-10 03:37:52,645 INFO  client.GrpcClientProtocolClient (GrpcClientProtocolClient.java:onNext(255)) - client-8BD909272E8D->63cacea9-0392-4939-ad39-80c4c73dd84b: receive RaftClientReply:client-8BD909272E8D->63cacea9-0392-4939-ad39-80c4c73dd84b@group-EE6C16B6C358, cid=3665, SUCCESS, logIndex=5537, commits[63cacea9-0392-4939-ad39-80c4c73dd84b:c5537, bd7b7fea-2a7b-4c3f-852f-c014e42bfcb7:c5535, 3b4aa678-22a6-4ae2-9c6a-0e71cdb9d6d0:c5535]
2019-07-10 03:37:52,658 INFO  client.GrpcClientProtocolClient (GrpcClientProtocolClient.java:onNext(255)) - client-8BD909272E8D->63cacea9-0392-4939-ad39-80c4c73dd84b: receive RaftClientReply:client-8BD909272E8D->63cacea9-0392-4939-ad39-80c4c73dd84b@group-EE6C16B6C358, cid=3666, SUCCESS, logIndex=5540, commits[63cacea9-0392-4939-ad39-80c4c73dd84b:c5541, bd7b7fea-2a7b-4c3f-852f-c014e42bfcb7:c5537, 3b4aa678-22a6-4ae2-9c6a-0e71cdb9d6d0:c5536]
2019-07-10 03:37:52,658 INFO  client.GrpcClientProtocolClient (GrpcClientProtocolClient.java:onNext(255)) - client-8BD909272E8D->63cacea9-0392-4939-ad39-80c4c73dd84b: receive RaftClientReply:client-8BD909272E8D->63cacea9-0392-4939-ad39-80c4c73dd84b@group-EE6C16B6C358, cid=3667, SUCCESS, logIndex=5541, commits[63cacea9-0392-4939-ad39-80c4c73dd84b:c5541, bd7b7fea-2a7b-4c3f-852f-c014e42bfcb7:c5537, 3b4aa678-22a6-4ae2-9c6a-0e71cdb9d6d0:c5537]
2019-07-10 03:37:52,672 INFO  client.GrpcClientProtocolClient (GrpcClientProtocolClient.java:onNext(255)) - client-8BD909272E8D->63cacea9-0392-4939-ad39-80c4c73dd84b: receive RaftClientReply:client-8BD909272E8D->63cacea9-0392-4939-ad39-80c4c73dd84b@group-EE6C16B6C358, cid=3668, SUCCESS, logIndex=0, commits[63cacea9-0392-4939-ad39-80c4c73dd84b:c5543, bd7b7fea-2a7b-4c3f-852f-c014e42bfcb7:c5541, 3b4aa678-22a6-4ae2-9c6a-0e71cdb9d6d0:c5541]
2019-07-10 03:37:52,707 INFO  client.GrpcClientProtocolClient (GrpcClientProtocolClient.java:onNext(255)) - client-8BD909272E8D->63cacea9-0392-4939-ad39-80c4c73dd84b: receive RaftClientReply:client-8BD909272E8D->63cacea9-0392-4939-ad39-80c4c73dd84b@group-EE6C16B6C358, cid=3669, SUCCESS, logIndex=5544, commits[63cacea9-0392-4939-ad39-80c4c73dd84b:c5545, bd7b7fea-2a7b-4c3f-852f-c014e42bfcb7:c5543, 3b4aa678-22a6-4ae2-9c6a-0e71cdb9d6d0:c5543]
2019-07-10 03:37:52,708 INFO  client.GrpcClientProtocolClient (GrpcClientProtocolClient.java:onNext(255)) - client-8BD909272E8D->63cacea9-0392-4939-ad39-80c4c73dd84b: receive RaftClientReply:client-8BD909272E8D->63cacea9-0392-4939-ad39-80c4c73dd84b@group-EE6C16B6C358, cid=3670, SUCCESS, logIndex=5545, commits[63cacea9-0392-4939-ad39-80c4c73dd84b:c5546, bd7b7fea-2a7b-4c3f-852f-c014e42bfcb7:c5543, 3b4aa678-22a6-4ae2-9c6a-0e71cdb9d6d0:c5543]
2019-07-10 03:37:52,708 INFO  client.GrpcClientProtocolClient (GrpcClientProtocolClient.java:onNext(255)) - client-8BD909272E8D->63cacea9-0392-4939-ad39-80c4c73dd84b: receive RaftClientReply:client-8BD909272E8D->63cacea9-0392-4939-ad39-80c4c73dd84b@group-EE6C16B6C358, cid=3671, SUCCESS, logIndex=5546, commits[63cacea9-0392-4939-ad39-80c4c73dd84b:c5547, bd7b7fea-2a7b-4c3f-852f-c014e42bfcb7:c5543, 3b4aa678-22a6-4ae2-9c6a-0e71cdb9d6d0:c5543]
2019-07-10 03:37:52,708 INFO  client.GrpcClientProtocolClient (GrpcClientProtocolClient.java:onNext(255)) - client-8BD909272E8D->63cacea9-0392-4939-ad39-80c4c73dd84b: receive RaftClientReply:client-8BD909272E8D->63cacea9-0392-4939-ad39-80c4c73dd84b@group-EE6C16B6C358, cid=3672, SUCCESS, logIndex=5547, commits[63cacea9-0392-4939-ad39-80c4c73dd84b:c5547, bd7b7fea-2a7b-4c3f-852f-c014e42bfcb7:c5543, 3b4aa678-22a6-4ae2-9c6a-0e71cdb9d6d0:c5543]
2019-07-10 03:37:52,722 INFO  client.GrpcClientProtocolClient (GrpcClientProtocolClient.java:onNext(255)) - client-8BD909272E8D->63cacea9-0392-4939-ad39-80c4c73dd84b: receive RaftClientReply:client-8BD909272E8D->63cacea9-0392-4939-ad39-80c4c73dd84b@group-EE6C16B6C358, cid=3673, SUCCESS, logIndex=0, commits[63cacea9-0392-4939-ad39-80c4c73dd84b:c5549, bd7b7fea-2a7b-4c3f-852f-c014e42bfcb7:c5545, 3b4aa678-22a6-4ae2-9c6a-0e71cdb9d6d0:c5545]
2019-07-10 03:37:52,742 INFO  client.GrpcClientProtocolClient (GrpcClientProtocolClient.java:onNext(255)) - client-8BD909272E8D->63cacea9-0392-4939-ad39-80c4c73dd84b: receive RaftClientReply:client-8BD909272E8D->63cacea9-0392-4939-ad39-80c4c73dd84b@group-EE6C16B6C358, cid=3674, SUCCESS, logIndex=5552, commits[63cacea9-0392-4939-ad39-80c4c73dd84b:c5553, bd7b7fea-2a7b-4c3f-852f-c014e42bfcb7:c5551, 3b4aa678-22a6-4ae2-9c6a-0e71cdb9d6d0:c5551]
2019-07-10 03:37:52,743 INFO  client.GrpcClientProtocolClient (GrpcClientProtocolClient.java:onNext(255)) - client-8BD909272E8D->63cacea9-0392-4939-ad39-80c4c73dd84b: receive RaftClientReply:client-8BD909272E8D->63cacea9-0392-4939-ad39-80c4c73dd84b@group-EE6C16B6C358, cid=3675, SUCCESS, logIndex=5553, commits[63cacea9-0392-4939-ad39-80c4c73dd84b:c5553, bd7b7fea-2a7b-4c3f-852f-c014e42bfcb7:c5551, 3b4aa678-22a6-4ae2-9c6a-0e71cdb9d6d0:c5551]
2019-07-10 03:37:52,766 INFO  client.GrpcClientProtocolClient (GrpcClientProtocolClient.java:onNext(255)) - client-8BD909272E8D->63cacea9-0392-4939-ad39-80c4c73dd84b: receive RaftClientReply:client-8BD909272E8D->63cacea9-0392-4939-ad39-80c4c73dd84b@group-EE6C16B6C358, cid=3676, SUCCESS, logIndex=5556, commits[63cacea9-0392-4939-ad39-80c4c73dd84b:c5557, bd7b7fea-2a7b-4c3f-852f-c014e42bfcb7:c5552, 3b4aa678-22a6-4ae2-9c6a-0e71cdb9d6d0:c5553]
2019-07-10 03:37:52,767 INFO  client.GrpcClientProtocolClient (GrpcClientProtocolClient.java:onNext(255)) - client-8BD909272E8D->63cacea9-0392-4939-ad39-80c4c73dd84b: receive RaftClientReply:client-8BD909272E8D->63cacea9-0392-4939-ad39-80c4c73dd84b@group-EE6C16B6C358, cid=3677, SUCCESS, logIndex=5557, commits[63cacea9-0392-4939-ad39-80c4c73dd84b:c5557, bd7b7fea-2a7b-4c3f-852f-c014e42bfcb7:c5553, 3b4aa678-22a6-4ae2-9c6a-0e71cdb9d6d0:c5553]
2019-07-10 03:37:52,768 INFO  client.GrpcClientProtocolClient (GrpcClientProtocolClient.java:onNext(255)) - client-8BD909272E8D->63cacea9-0392-4939-ad39-80c4c73dd84b: receive RaftClientReply:client-8BD909272E8D->63cacea9-0392-4939-ad39-80c4c73dd84b@group-EE6C16B6C358, cid=3678, SUCCESS, logIndex=0, commits[63cacea9-0392-4939-ad39-80c4c73dd84b:c5557, bd7b7fea-2a7b-4c3f-852f-c014e42bfcb7:c5557, 3b4aa678-22a6-4ae2-9c6a-0e71cdb9d6d0:c5557]
2019-07-10 03:37:52,805 INFO  client.GrpcClientProtocolClient (GrpcClientProtocolClient.java:onNext(255)) - client-8BD909272E8D->63cacea9-0392-4939-ad39-80c4c73dd84b: receive RaftClientReply:client-8BD909272E8D->63cacea9-0392-4939-ad39-80c4c73dd84b@group-EE6C16B6C358, cid=3679, SUCCESS, logIndex=5560, commits[63cacea9-0392-4939-ad39-80c4c73dd84b:c5562, bd7b7fea-2a7b-4c3f-852f-c014e42bfcb7:c5559, 3b4aa678-22a6-4ae2-9c6a-0e71cdb9d6d0:c5559]
2019-07-10 03:37:52,806 INFO  client.GrpcClientProtocolClient (GrpcClientProtocolClient.java:onNext(255)) - client-8BD909272E8D->63cacea9-0392-4939-ad39-80c4c73dd84b: receive RaftClientReply:client-8BD909272E8D->63cacea9-0392-4939-ad39-80c4c73dd84b@group-EE6C16B6C358, cid=3680, SUCCESS, logIndex=5561, commits[63cacea9-0392-4939-ad39-80c4c73dd84b:c5563, bd7b7fea-2a7b-4c3f-852f-c014e42bfcb7:c5559, 3b4aa678-22a6-4ae2-9c6a-0e71cdb9d6d0:c5559]
2019-07-10 03:37:52,806 INFO  client.GrpcClientProtocolClient (GrpcClientProtocolClient.java:onNext(255)) - client-8BD909272E8D->63cacea9-0392-4939-ad39-80c4c73dd84b: receive RaftClientReply:client-8BD909272E8D->63cacea9-0392-4939-ad39-80c4c73dd84b@group-EE6C16B6C358, cid=3681, SUCCESS, logIndex=5562, commits[63cacea9-0392-4939-ad39-80c4c73dd84b:c5563, bd7b7fea-2a7b-4c3f-852f-c014e42bfcb7:c5559, 3b4aa678-22a6-4ae2-9c6a-0e71cdb9d6d0:c5559]
2019-07-10 03:37:52,807 INFO  client.GrpcClientProtocolClient (GrpcClientProtocolClient.java:onNext(255)) - client-8BD909272E8D->63cacea9-0392-4939-ad39-80c4c73dd84b: receive RaftClientReply:client-8BD909272E8D->63cacea9-0392-4939-ad39-80c4c73dd84b@group-EE6C16B6C358, cid=3682, SUCCESS, logIndex=5563, commits[63cacea9-0392-4939-ad39-80c4c73dd84b:c5563, bd7b7fea-2a7b-4c3f-852f-c014e42bfcb7:c5559, 3b4aa678-22a6-4ae2-9c6a-0e71cdb9d6d0:c5559]
2019-07-10 03:37:52,818 INFO  client.GrpcClientProtocolClient (GrpcClientProtocolClient.java:onNext(255)) - client-8BD909272E8D->63cacea9-0392-4939-ad39-80c4c73dd84b: receive RaftClientReply:client-8BD909272E8D->63cacea9-0392-4939-ad39-80c4c73dd84b@group-EE6C16B6C358, cid=3683, SUCCESS, logIndex=0, commits[63cacea9-0392-4939-ad39-80c4c73dd84b:c5566, bd7b7fea-2a7b-4c3f-852f-c014e42bfcb7:c5561, 3b4aa678-22a6-4ae2-9c6a-0e71cdb9d6d0:c5562]
2019-07-10 03:37:52,838 INFO  client.GrpcClientProtocolClient (GrpcClientProtocolClient.java:onNext(255)) - client-8BD909272E8D->63cacea9-0392-4939-ad39-80c4c73dd84b: receive RaftClientReply:client-8BD909272E8D->63cacea9-0392-4939-ad39-80c4c73dd84b@group-EE6C16B6C358, cid=3684, SUCCESS, logIndex=5568, commits[63cacea9-0392-4939-ad39-80c4c73dd84b:c5569, bd7b7fea-2a7b-4c3f-852f-c014e42bfcb7:c5567, 3b4aa678-22a6-4ae2-9c6a-0e71cdb9d6d0:c5567]
2019-07-10 03:37:52,838 INFO  client.GrpcClientProtocolClient (GrpcClientProtocolClient.java:onNext(255)) - client-8BD909272E8D->63cacea9-0392-4939-ad39-80c4c73dd84b: receive RaftClientReply:client-8BD909272E8D->63cacea9-0392-4939-ad39-80c4c73dd84b@group-EE6C16B6C358, cid=3685, SUCCESS, logIndex=5569, commits[63cacea9-0392-4939-ad39-80c4c73dd84b:c5569, bd7b7fea-2a7b-4c3f-852f-c014e42bfcb7:c5567, 3b4aa678-22a6-4ae2-9c6a-0e71cdb9d6d0:c5567]
2019-07-10 03:37:52,853 INFO  client.GrpcClientProtocolClient (GrpcClientProtocolClient.java:onNext(255)) - client-8BD909272E8D->63cacea9-0392-4939-ad39-80c4c73dd84b: receive RaftClientReply:client-8BD909272E8D->63cacea9-0392-4939-ad39-80c4c73dd84b@group-EE6C16B6C358, cid=3686, SUCCESS, logIndex=5572, commits[63cacea9-0392-4939-ad39-80c4c73dd84b:c5573, bd7b7fea-2a7b-4c3f-852f-c014e42bfcb7:c5569, 3b4aa678-22a6-4ae2-9c6a-0e71cdb9d6d0:c5569]
2019-07-10 03:37:52,853 INFO  client.GrpcClientProtocolClient (GrpcClientProtocolClient.java:onNext(255)) - client-8BD909272E8D->63cacea9-0392-4939-ad39-80c4c73dd84b: receive RaftClientReply:client-8BD909272E8D->63cacea9-0392-4939-ad39-80c4c73dd84b@group-EE6C16B6C358, cid=3687, SUCCESS, logIndex=5573, commits[63cacea9-0392-4939-ad39-80c4c73dd84b:c5573, bd7b7fea-2a7b-4c3f-852f-c014e42bfcb7:c5569, 3b4aa678-22a6-4ae2-9c6a-0e71cdb9d6d0:c5569]
2019-07-10 03:37:52,867 INFO  client.GrpcClientProtocolClient (GrpcClientProtocolClient.java:onNext(255)) - client-8BD909272E8D->63cacea9-0392-4939-ad39-80c4c73dd84b: receive RaftClientReply:client-8BD909272E8D->63cacea9-0392-4939-ad39-80c4c73dd84b@group-EE6C16B6C358, cid=3688, SUCCESS, logIndex=0, commits[63cacea9-0392-4939-ad39-80c4c73dd84b:c5574, bd7b7fea-2a7b-4c3f-852f-c014e42bfcb7:c5573, 3b4aa678-22a6-4ae2-9c6a-0e71cdb9d6d0:c5573]
2019-07-10 03:37:52,918 INFO  client.GrpcClientProtocolClient (GrpcClientProtocolClient.java:onNext(255)) - client-8BD909272E8D->63cacea9-0392-4939-ad39-80c4c73dd84b: receive RaftClientReply:client-8BD909272E8D->63cacea9-0392-4939-ad39-80c4c73dd84b@group-EE6C16B6C358, cid=3689, SUCCESS, logIndex=5576, commits[63cacea9-0392-4939-ad39-80c4c73dd84b:c5577, bd7b7fea-2a7b-4c3f-852f-c014e42bfcb7:c5575, 3b4aa678-22a6-4ae2-9c6a-0e71cdb9d6d0:c5575]
2019-07-10 03:37:52,919 INFO  client.GrpcClientProtocolClient (GrpcClientProtocolClient.java:onNext(255)) - client-8BD909272E8D->63cacea9-0392-4939-ad39-80c4c73dd84b: receive RaftClientReply:client-8BD909272E8D->63cacea9-0392-4939-ad39-80c4c73dd84b@group-EE6C16B6C358, cid=3690, SUCCESS, logIndex=5577, commits[63cacea9-0392-4939-ad39-80c4c73dd84b:c5579, bd7b7fea-2a7b-4c3f-852f-c014e42bfcb7:c5575, 3b4aa678-22a6-4ae2-9c6a-0e71cdb9d6d0:c5575]
2019-07-10 03:37:52,919 INFO  client.GrpcClientProtocolClient (GrpcClientProtocolClient.java:onNext(255)) - client-8BD909272E8D->63cacea9-0392-4939-ad39-80c4c73dd84b: receive RaftClientReply:client-8BD909272E8D->63cacea9-0392-4939-ad39-80c4c73dd84b@group-EE6C16B6C358, cid=3691, SUCCESS, logIndex=5578, commits[63cacea9-0392-4939-ad39-80c4c73dd84b:c5579, bd7b7fea-2a7b-4c3f-852f-c014e42bfcb7:c5575, 3b4aa678-22a6-4ae2-9c6a-0e71cdb9d6d0:c5575]
2019-07-10 03:37:52,919 INFO  client.GrpcClientProtocolClient (GrpcClientProtocolClient.java:onNext(255)) - client-8BD909272E8D->63cacea9-0392-4939-ad39-80c4c73dd84b: receive RaftClientReply:client-8BD909272E8D->63cacea9-0392-4939-ad39-80c4c73dd84b@group-EE6C16B6C358, cid=3692, SUCCESS, logIndex=5579, commits[63cacea9-0392-4939-ad39-80c4c73dd84b:c5579, bd7b7fea-2a7b-4c3f-852f-c014e42bfcb7:c5575, 3b4aa678-22a6-4ae2-9c6a-0e71cdb9d6d0:c5575]
2019-07-10 03:37:52,931 INFO  client.GrpcClientProtocolClient (GrpcClientProtocolClient.java:onNext(255)) - client-8BD909272E8D->63cacea9-0392-4939-ad39-80c4c73dd84b: receive RaftClientReply:client-8BD909272E8D->63cacea9-0392-4939-ad39-80c4c73dd84b@group-EE6C16B6C358, cid=3693, SUCCESS, logIndex=0, commits[63cacea9-0392-4939-ad39-80c4c73dd84b:c5581, bd7b7fea-2a7b-4c3f-852f-c014e42bfcb7:c5577, 3b4aa678-22a6-4ae2-9c6a-0e71cdb9d6d0:c5577]
2019-07-10 03:37:52,953 INFO  client.GrpcClientProtocolClient (GrpcClientProtocolClient.java:onNext(255)) - client-8BD909272E8D->63cacea9-0392-4939-ad39-80c4c73dd84b: receive RaftClientReply:client-8BD909272E8D->63cacea9-0392-4939-ad39-80c4c73dd84b@group-EE6C16B6C358, cid=3694, SUCCESS, logIndex=5584, commits[63cacea9-0392-4939-ad39-80c4c73dd84b:c5585, bd7b7fea-2a7b-4c3f-852f-c014e42bfcb7:c5583, 3b4aa678-22a6-4ae2-9c6a-0e71cdb9d6d0:c5583]
2019-07-10 03:37:52,953 INFO  client.GrpcClientProtocolClient (GrpcClientProtocolClient.java:onNext(255)) - client-8BD909272E8D->63cacea9-0392-4939-ad39-80c4c73dd84b: receive RaftClientReply:client-8BD909272E8D->63cacea9-0392-4939-ad39-80c4c73dd84b@group-EE6C16B6C358, cid=3695, SUCCESS, logIndex=5585, commits[63cacea9-0392-4939-ad39-80c4c73dd84b:c5585, bd7b7fea-2a7b-4c3f-852f-c014e42bfcb7:c5583, 3b4aa678-22a6-4ae2-9c6a-0e71cdb9d6d0:c5583]
2019-07-10 03:37:53,417 INFO  client.GrpcClientProtocolClient (GrpcClientProtocolClient.java:onNext(255)) - client-8BD909272E8D->63cacea9-0392-4939-ad39-80c4c73dd84b: receive RaftClientReply:client-8BD909272E8D->63cacea9-0392-4939-ad39-80c4c73dd84b@group-EE6C16B6C358, cid=3696, SUCCESS, logIndex=5588, commits[63cacea9-0392-4939-ad39-80c4c73dd84b:c5589, bd7b7fea-2a7b-4c3f-852f-c014e42bfcb7:c5585, 3b4aa678-22a6-4ae2-9c6a-0e71cdb9d6d0:c5585]
2019-07-10 03:37:53,418 INFO  client.GrpcClientProtocolClient (GrpcClientProtocolClient.java:onNext(255)) - client-8BD909272E8D->63cacea9-0392-4939-ad39-80c4c73dd84b: receive RaftClientReply:client-8BD909272E8D->63cacea9-0392-4939-ad39-80c4c73dd84b@group-EE6C16B6C358, cid=3697, SUCCESS, logIndex=5589, commits[63cacea9-0392-4939-ad39-80c4c73dd84b:c5589, bd7b7fea-2a7b-4c3f-852f-c014e42bfcb7:c5585, 3b4aa678-22a6-4ae2-9c6a-0e71cdb9d6d0:c5585]
 0.00% |█                                                                                                    |  0/1 Time: 0:00:35 0.00% |█                                                                                                    |  0/1 Time: 0:00:36 0.00% |█                                                                                                    |  0/1 Time: 0:00:372019-07-10 03:37:56,417 WARN  server.GrpcLogAppender (GrpcLogAppender.java:timeoutAppendRequest(200)) - GrpcLogAppender(63cacea9-0392-4939-ad39-80c4c73dd84b->bd7b7fea-2a7b-4c3f-852f-c014e42bfcb7): appendEntries Timeout, request=63cacea9-0392-4939-ad39-80c4c73dd84b->bd7b7fea-2a7b-4c3f-852f-c014e42bfcb7#5633-t4, previous=(t:4, i:5590), leaderCommit=5589, initializing? false, entries: size=1, first=(t:4, i:5591), METADATAENTRY(c5589)
2019-07-10 03:37:56,417 WARN  server.GrpcLogAppender (GrpcLogAppender.java:timeoutAppendRequest(200)) - GrpcLogAppender(63cacea9-0392-4939-ad39-80c4c73dd84b->3b4aa678-22a6-4ae2-9c6a-0e71cdb9d6d0): appendEntries Timeout, request=63cacea9-0392-4939-ad39-80c4c73dd84b->3b4aa678-22a6-4ae2-9c6a-0e71cdb9d6d0#5632-t4, previous=(t:4, i:5589), leaderCommit=5589, initializing? false, entries: size=1, first=(t:4, i:5590), METADATAENTRY(c5588)
2019-07-10 03:37:56,418 WARN  server.GrpcLogAppender (GrpcLogAppender.java:timeoutAppendRequest(200)) - GrpcLogAppender(63cacea9-0392-4939-ad39-80c4c73dd84b->3b4aa678-22a6-4ae2-9c6a-0e71cdb9d6d0): appendEntries Timeout, request=63cacea9-0392-4939-ad39-80c4c73dd84b->3b4aa678-22a6-4ae2-9c6a-0e71cdb9d6d0#5633-t4, previous=(t:4, i:5590), leaderCommit=5589, initializing? false, entries: size=1, first=(t:4, i:5591), METADATAENTRY(c5589)
 0.00% |█                                                                                                    |  0/1 Time: 0:00:382019-07-10 03:37:56,568 WARN  server.GrpcLogAppender (GrpcLogAppender.java:onNextImpl(250)) - org.apache.ratis.grpc.server.GrpcLogAppender$AppendLogResponseHandler@2f307d10: Request not found, ignoring reply: 63cacea9-0392-4939-ad39-80c4c73dd84b<-bd7b7fea-2a7b-4c3f-852f-c014e42bfcb7#5633:OK,SUCCESS,nextIndex:5592,term:4,followerCommit:5590
2019-07-10 03:37:56,568 WARN  server.GrpcLogAppender (GrpcLogAppender.java:onNextImpl(250)) - org.apache.ratis.grpc.server.GrpcLogAppender$AppendLogResponseHandler@60fb514b: Request not found, ignoring reply: 63cacea9-0392-4939-ad39-80c4c73dd84b<-3b4aa678-22a6-4ae2-9c6a-0e71cdb9d6d0#5632:OK,SUCCESS,nextIndex:5591,term:4,followerCommit:5589
2019-07-10 03:37:56,917 WARN  server.GrpcLogAppender (GrpcLogAppender.java:timeoutAppendRequest(200)) - GrpcLogAppender(63cacea9-0392-4939-ad39-80c4c73dd84b->3b4aa678-22a6-4ae2-9c6a-0e71cdb9d6d0): appendEntries Timeout, request=63cacea9-0392-4939-ad39-80c4c73dd84b->3b4aa678-22a6-4ae2-9c6a-0e71cdb9d6d0#5634-t4, previous=(t:4, i:5591), leaderCommit=5589, initializing? false, entries: <empty>
2019-07-10 03:37:57,417 WARN  server.GrpcLogAppender (GrpcLogAppender.java:timeoutAppendRequest(200)) - GrpcLogAppender(63cacea9-0392-4939-ad39-80c4c73dd84b->3b4aa678-22a6-4ae2-9c6a-0e71cdb9d6d0): appendEntries Timeout, request=63cacea9-0392-4939-ad39-80c4c73dd84b->3b4aa678-22a6-4ae2-9c6a-0e71cdb9d6d0#5635-t4, previous=(t:4, i:5591), leaderCommit=5589, initializing? false, entries: <empty>
 0.00% |█                                                                                                    |  0/1 Time: 0:00:392019-07-10 03:37:57,919 WARN  server.GrpcLogAppender (GrpcLogAppender.java:timeoutAppendRequest(200)) - GrpcLogAppender(63cacea9-0392-4939-ad39-80c4c73dd84b->3b4aa678-22a6-4ae2-9c6a-0e71cdb9d6d0): appendEntries Timeout, request=63cacea9-0392-4939-ad39-80c4c73dd84b->3b4aa678-22a6-4ae2-9c6a-0e71cdb9d6d0#5636-t4, previous=(t:4, i:5591), leaderCommit=5590, initializing? false, entries: <empty>
2019-07-10 03:37:58,419 WARN  server.GrpcLogAppender (GrpcLogAppender.java:timeoutAppendRequest(200)) - GrpcLogAppender(63cacea9-0392-4939-ad39-80c4c73dd84b->3b4aa678-22a6-4ae2-9c6a-0e71cdb9d6d0): appendEntries Timeout, request=63cacea9-0392-4939-ad39-80c4c73dd84b->3b4aa678-22a6-4ae2-9c6a-0e71cdb9d6d0#5637-t4, previous=(t:4, i:5591), leaderCommit=5590, initializing? false, entries: <empty>
2019-07-10 03:37:58,420 WARN  scm.XceiverClientRatis (XceiverClientRatis.java:watchForCommit(262)) - 3 way commit failed 
java.util.concurrent.TimeoutException
	at java.util.concurrent.CompletableFuture.timedGet(CompletableFuture.java:1771)
	at java.util.concurrent.CompletableFuture.get(CompletableFuture.java:1915)
	at org.apache.hadoop.hdds.scm.XceiverClientRatis.watchForCommit(XceiverClientRatis.java:259)
	at org.apache.hadoop.hdds.scm.storage.CommitWatcher.watchForCommit(CommitWatcher.java:194)
	at org.apache.hadoop.hdds.scm.storage.CommitWatcher.watchOnLastIndex(CommitWatcher.java:157)
	at org.apache.hadoop.hdds.scm.storage.BlockOutputStream.watchForCommit(BlockOutputStream.java:355)
	at org.apache.hadoop.hdds.scm.storage.BlockOutputStream.handleFlush(BlockOutputStream.java:486)
	at org.apache.hadoop.hdds.scm.storage.BlockOutputStream.close(BlockOutputStream.java:500)
	at org.apache.hadoop.ozone.client.io.BlockOutputStreamEntry.close(BlockOutputStreamEntry.java:143)
	at org.apache.hadoop.ozone.client.io.KeyOutputStream.handleFlushOrClose(KeyOutputStream.java:438)
	at org.apache.hadoop.ozone.client.io.KeyOutputStream.handleWrite(KeyOutputStream.java:235)
	at org.apache.hadoop.ozone.client.io.KeyOutputStream.write(KeyOutputStream.java:193)
	at org.apache.hadoop.ozone.client.io.OzoneOutputStream.write(OzoneOutputStream.java:49)
	at org.apache.hadoop.ozone.freon.RandomKeyGenerator$KeyProcessor.run(RandomKeyGenerator.java:693)
	at java.util.concurrent.Executors$RunnableAdapter.call(Executors.java:511)
	at java.util.concurrent.FutureTask.run(FutureTask.java:266)
	at java.util.concurrent.ThreadPoolExecutor.runWorker(ThreadPoolExecutor.java:1149)
	at java.util.concurrent.ThreadPoolExecutor$Worker.run(ThreadPoolExecutor.java:624)
	at java.lang.Thread.run(Thread.java:748)
2019-07-10 03:37:58,424 INFO  client.GrpcClientProtocolClient (GrpcClientProtocolClient.java:onNext(255)) - client-8BD909272E8D->63cacea9-0392-4939-ad39-80c4c73dd84b: receive RaftClientReply:client-8BD909272E8D->63cacea9-0392-4939-ad39-80c4c73dd84b@group-EE6C16B6C358, cid=3699, SUCCESS, logIndex=0, commits[63cacea9-0392-4939-ad39-80c4c73dd84b:c5591, bd7b7fea-2a7b-4c3f-852f-c014e42bfcb7:c5591, 3b4aa678-22a6-4ae2-9c6a-0e71cdb9d6d0:c5585]
2019-07-10 03:37:58,427 INFO  scm.XceiverClientRatis (XceiverClientRatis.java:lambda$watchForCommit$7(280)) - Could not commit 5589 to all the nodes. Server 3b4aa678-22a6-4ae2-9c6a-0e71cdb9d6d0 has failed. Committed by majority.
 0.00% |█                                                                                                    |  0/1 Time: 0:00:402019-07-10 03:37:58,509 WARN  server.GrpcLogAppender (GrpcLogAppender.java:onNextImpl(250)) - org.apache.ratis.grpc.server.GrpcLogAppender$AppendLogResponseHandler@60fb514b: Request not found, ignoring reply: 63cacea9-0392-4939-ad39-80c4c73dd84b<-3b4aa678-22a6-4ae2-9c6a-0e71cdb9d6d0#5633:OK,SUCCESS,nextIndex:5592,term:4,followerCommit:5590
2019-07-10 03:37:58,509 WARN  server.GrpcLogAppender (GrpcLogAppender.java:onNextImpl(250)) - org.apache.ratis.grpc.server.GrpcLogAppender$AppendLogResponseHandler@60fb514b: Request not found, ignoring reply: 63cacea9-0392-4939-ad39-80c4c73dd84b<-3b4aa678-22a6-4ae2-9c6a-0e71cdb9d6d0#5634:OK,SUCCESS,nextIndex:5592,term:4,followerCommit:5589
2019-07-10 03:37:58,509 WARN  server.GrpcLogAppender (GrpcLogAppender.java:onNextImpl(250)) - org.apache.ratis.grpc.server.GrpcLogAppender$AppendLogResponseHandler@60fb514b: Request not found, ignoring reply: 63cacea9-0392-4939-ad39-80c4c73dd84b<-3b4aa678-22a6-4ae2-9c6a-0e71cdb9d6d0#5635:OK,SUCCESS,nextIndex:5592,term:4,followerCommit:5589
2019-07-10 03:37:58,510 WARN  server.GrpcLogAppender (GrpcLogAppender.java:onNextImpl(250)) - org.apache.ratis.grpc.server.GrpcLogAppender$AppendLogResponseHandler@60fb514b: Request not found, ignoring reply: 63cacea9-0392-4939-ad39-80c4c73dd84b<-3b4aa678-22a6-4ae2-9c6a-0e71cdb9d6d0#5636:OK,SUCCESS,nextIndex:5592,term:4,followerCommit:5589
2019-07-10 03:37:58,510 WARN  server.GrpcLogAppender (GrpcLogAppender.java:onNextImpl(250)) - org.apache.ratis.grpc.server.GrpcLogAppender$AppendLogResponseHandler@60fb514b: Request not found, ignoring reply: 63cacea9-0392-4939-ad39-80c4c73dd84b<-3b4aa678-22a6-4ae2-9c6a-0e71cdb9d6d0#5637:OK,SUCCESS,nextIndex:5592,term:4,followerCommit:5589
2019-07-10 03:37:58,511 INFO  client.GrpcClientProtocolClient (GrpcClientProtocolClient.java:onNext(255)) - client-8BD909272E8D->63cacea9-0392-4939-ad39-80c4c73dd84b: receive RaftClientReply:client-8BD909272E8D->63cacea9-0392-4939-ad39-80c4c73dd84b@group-EE6C16B6C358, cid=3698, SUCCESS, logIndex=0, commits[63cacea9-0392-4939-ad39-80c4c73dd84b:c5591, bd7b7fea-2a7b-4c3f-852f-c014e42bfcb7:c5591, 3b4aa678-22a6-4ae2-9c6a-0e71cdb9d6d0:c5589]
2019-07-10 03:37:58,511 INFO  client.GrpcClientProtocolClient (GrpcClientProtocolClient.java:onNext(255)) - client-8BD909272E8D->63cacea9-0392-4939-ad39-80c4c73dd84b: receive RaftClientReply:client-8BD909272E8D->63cacea9-0392-4939-ad39-80c4c73dd84b@group-EE6C16B6C358, cid=3698, SUCCESS, logIndex=0, commits[63cacea9-0392-4939-ad39-80c4c73dd84b:c5591, bd7b7fea-2a7b-4c3f-852f-c014e42bfcb7:c5591, 3b4aa678-22a6-4ae2-9c6a-0e71cdb9d6d0:c5589]
2019-07-10 03:37:59,171 INFO  client.GrpcClientProtocolClient (GrpcClientProtocolClient.java:onNext(255)) - client-8BD909272E8D->63cacea9-0392-4939-ad39-80c4c73dd84b: receive RaftClientReply:client-8BD909272E8D->63cacea9-0392-4939-ad39-80c4c73dd84b@group-EE6C16B6C358, cid=3700, SUCCESS, logIndex=5592, commits[63cacea9-0392-4939-ad39-80c4c73dd84b:c5594, bd7b7fea-2a7b-4c3f-852f-c014e42bfcb7:c5591, 3b4aa678-22a6-4ae2-9c6a-0e71cdb9d6d0:c5590]
2019-07-10 03:37:59,172 INFO  client.GrpcClientProtocolClient (GrpcClientProtocolClient.java:onNext(255)) - client-8BD909272E8D->63cacea9-0392-4939-ad39-80c4c73dd84b: receive RaftClientReply:client-8BD909272E8D->63cacea9-0392-4939-ad39-80c4c73dd84b@group-EE6C16B6C358, cid=3701, SUCCESS, logIndex=5593, commits[63cacea9-0392-4939-ad39-80c4c73dd84b:c5595, bd7b7fea-2a7b-4c3f-852f-c014e42bfcb7:c5591, 3b4aa678-22a6-4ae2-9c6a-0e71cdb9d6d0:c5590]
2019-07-10 03:37:59,172 INFO  client.GrpcClientProtocolClient (GrpcClientProtocolClient.java:onNext(255)) - client-8BD909272E8D->63cacea9-0392-4939-ad39-80c4c73dd84b: receive RaftClientReply:client-8BD909272E8D->63cacea9-0392-4939-ad39-80c4c73dd84b@group-EE6C16B6C358, cid=3702, SUCCESS, logIndex=5594, commits[63cacea9-0392-4939-ad39-80c4c73dd84b:c5595, bd7b7fea-2a7b-4c3f-852f-c014e42bfcb7:c5591, 3b4aa678-22a6-4ae2-9c6a-0e71cdb9d6d0:c5590]
2019-07-10 03:37:59,172 INFO  client.GrpcClientProtocolClient (GrpcClientProtocolClient.java:onNext(255)) - client-8BD909272E8D->63cacea9-0392-4939-ad39-80c4c73dd84b: receive RaftClientReply:client-8BD909272E8D->63cacea9-0392-4939-ad39-80c4c73dd84b@group-EE6C16B6C358, cid=3703, SUCCESS, logIndex=5595, commits[63cacea9-0392-4939-ad39-80c4c73dd84b:c5595, bd7b7fea-2a7b-4c3f-852f-c014e42bfcb7:c5591, 3b4aa678-22a6-4ae2-9c6a-0e71cdb9d6d0:c5590]
 0.00% |█                                                                                                    |  0/1 Time: 0:00:41 0.00% |█                                                                                                    |  0/1 Time: 0:00:42 0.00% |█                                                                                                    |  0/1 Time: 0:00:432019-07-10 03:38:02,170 WARN  server.GrpcLogAppender (GrpcLogAppender.java:timeoutAppendRequest(200)) - GrpcLogAppender(63cacea9-0392-4939-ad39-80c4c73dd84b->3b4aa678-22a6-4ae2-9c6a-0e71cdb9d6d0): appendEntries Timeout, request=63cacea9-0392-4939-ad39-80c4c73dd84b->3b4aa678-22a6-4ae2-9c6a-0e71cdb9d6d0#5648-t4, previous=(t:4, i:5595), leaderCommit=5593, initializing? false, entries: size=1, first=(t:4, i:5596), METADATAENTRY(c5592)
2019-07-10 03:38:02,170 WARN  server.GrpcLogAppender (GrpcLogAppender.java:timeoutAppendRequest(200)) - GrpcLogAppender(63cacea9-0392-4939-ad39-80c4c73dd84b->bd7b7fea-2a7b-4c3f-852f-c014e42bfcb7): appendEntries Timeout, request=63cacea9-0392-4939-ad39-80c4c73dd84b->bd7b7fea-2a7b-4c3f-852f-c014e42bfcb7#5647-t4, previous=(t:4, i:5595), leaderCommit=5593, initializing? false, entries: size=1, first=(t:4, i:5596), METADATAENTRY(c5592)
2019-07-10 03:38:02,171 WARN  server.GrpcLogAppender (GrpcLogAppender.java:timeoutAppendRequest(200)) - GrpcLogAppender(63cacea9-0392-4939-ad39-80c4c73dd84b->3b4aa678-22a6-4ae2-9c6a-0e71cdb9d6d0): appendEntries Timeout, request=63cacea9-0392-4939-ad39-80c4c73dd84b->3b4aa678-22a6-4ae2-9c6a-0e71cdb9d6d0#5649-t4, previous=(t:4, i:5596), leaderCommit=5593, initializing? false, entries: size=1, first=(t:4, i:5597), METADATAENTRY(c5593)
2019-07-10 03:38:02,171 WARN  server.GrpcLogAppender (GrpcLogAppender.java:timeoutAppendRequest(200)) - GrpcLogAppender(63cacea9-0392-4939-ad39-80c4c73dd84b->bd7b7fea-2a7b-4c3f-852f-c014e42bfcb7): appendEntries Timeout, request=63cacea9-0392-4939-ad39-80c4c73dd84b->bd7b7fea-2a7b-4c3f-852f-c014e42bfcb7#5648-t4, previous=(t:4, i:5596), leaderCommit=5594, initializing? false, entries: size=1, first=(t:4, i:5597), METADATAENTRY(c5593)
2019-07-10 03:38:02,171 WARN  server.GrpcLogAppender (GrpcLogAppender.java:timeoutAppendRequest(200)) - GrpcLogAppender(63cacea9-0392-4939-ad39-80c4c73dd84b->3b4aa678-22a6-4ae2-9c6a-0e71cdb9d6d0): appendEntries Timeout, request=63cacea9-0392-4939-ad39-80c4c73dd84b->3b4aa678-22a6-4ae2-9c6a-0e71cdb9d6d0#5650-t4, previous=(t:4, i:5597), leaderCommit=5594, initializing? false, entries: size=1, first=(t:4, i:5598), METADATAENTRY(c5594)
2019-07-10 03:38:02,171 WARN  server.GrpcLogAppender (GrpcLogAppender.java:timeoutAppendRequest(200)) - GrpcLogAppender(63cacea9-0392-4939-ad39-80c4c73dd84b->bd7b7fea-2a7b-4c3f-852f-c014e42bfcb7): appendEntries Timeout, request=63cacea9-0392-4939-ad39-80c4c73dd84b->bd7b7fea-2a7b-4c3f-852f-c014e42bfcb7#5649-t4, previous=(t:4, i:5597), leaderCommit=5594, initializing? false, entries: size=1, first=(t:4, i:5598), METADATAENTRY(c5594)
2019-07-10 03:38:02,171 WARN  server.GrpcLogAppender (GrpcLogAppender.java:timeoutAppendRequest(200)) - GrpcLogAppender(63cacea9-0392-4939-ad39-80c4c73dd84b->3b4aa678-22a6-4ae2-9c6a-0e71cdb9d6d0): appendEntries Timeout, request=63cacea9-0392-4939-ad39-80c4c73dd84b->3b4aa678-22a6-4ae2-9c6a-0e71cdb9d6d0#5651-t4, previous=(t:4, i:5598), leaderCommit=5595, initializing? false, entries: size=1, first=(t:4, i:5599), METADATAENTRY(c5595)
2019-07-10 03:38:02,172 WARN  server.GrpcLogAppender (GrpcLogAppender.java:timeoutAppendRequest(200)) - GrpcLogAppender(63cacea9-0392-4939-ad39-80c4c73dd84b->bd7b7fea-2a7b-4c3f-852f-c014e42bfcb7): appendEntries Timeout, request=63cacea9-0392-4939-ad39-80c4c73dd84b->bd7b7fea-2a7b-4c3f-852f-c014e42bfcb7#5650-t4, previous=(t:4, i:5598), leaderCommit=5595, initializing? false, entries: size=1, first=(t:4, i:5599), METADATAENTRY(c5595)
 0.00% |█                                                                                                    |  0/1 Time: 0:00:442019-07-10 03:38:02,671 WARN  server.GrpcLogAppender (GrpcLogAppender.java:timeoutAppendRequest(200)) - GrpcLogAppender(63cacea9-0392-4939-ad39-80c4c73dd84b->bd7b7fea-2a7b-4c3f-852f-c014e42bfcb7): appendEntries Timeout, request=63cacea9-0392-4939-ad39-80c4c73dd84b->bd7b7fea-2a7b-4c3f-852f-c014e42bfcb7#5651-t4, previous=(t:4, i:5599), leaderCommit=5595, initializing? false, entries: <empty>
2019-07-10 03:38:02,678 WARN  server.GrpcLogAppender (GrpcLogAppender.java:timeoutAppendRequest(200)) - GrpcLogAppender(63cacea9-0392-4939-ad39-80c4c73dd84b->3b4aa678-22a6-4ae2-9c6a-0e71cdb9d6d0): appendEntries Timeout, request=63cacea9-0392-4939-ad39-80c4c73dd84b->3b4aa678-22a6-4ae2-9c6a-0e71cdb9d6d0#5652-t4, previous=(t:4, i:5599), leaderCommit=5595, initializing? false, entries: <empty>
2019-07-10 03:38:03,171 WARN  server.GrpcLogAppender (GrpcLogAppender.java:timeoutAppendRequest(200)) - GrpcLogAppender(63cacea9-0392-4939-ad39-80c4c73dd84b->bd7b7fea-2a7b-4c3f-852f-c014e42bfcb7): appendEntries Timeout, request=63cacea9-0392-4939-ad39-80c4c73dd84b->bd7b7fea-2a7b-4c3f-852f-c014e42bfcb7#5652-t4, previous=(t:4, i:5599), leaderCommit=5595, initializing? false, entries: <empty>
2019-07-10 03:38:03,178 WARN  server.GrpcLogAppender (GrpcLogAppender.java:timeoutAppendRequest(200)) - GrpcLogAppender(63cacea9-0392-4939-ad39-80c4c73dd84b->3b4aa678-22a6-4ae2-9c6a-0e71cdb9d6d0): appendEntries Timeout, request=63cacea9-0392-4939-ad39-80c4c73dd84b->3b4aa678-22a6-4ae2-9c6a-0e71cdb9d6d0#5653-t4, previous=(t:4, i:5599), leaderCommit=5595, initializing? false, entries: <empty>
 0.00% |█                                                                                                    |  0/1 Time: 0:00:452019-07-10 03:38:03,671 WARN  server.GrpcLogAppender (GrpcLogAppender.java:timeoutAppendRequest(200)) - GrpcLogAppender(63cacea9-0392-4939-ad39-80c4c73dd84b->bd7b7fea-2a7b-4c3f-852f-c014e42bfcb7): appendEntries Timeout, request=63cacea9-0392-4939-ad39-80c4c73dd84b->bd7b7fea-2a7b-4c3f-852f-c014e42bfcb7#5653-t4, previous=(t:4, i:5599), leaderCommit=5595, initializing? false, entries: <empty>
2019-07-10 03:38:03,678 WARN  server.GrpcLogAppender (GrpcLogAppender.java:timeoutAppendRequest(200)) - GrpcLogAppender(63cacea9-0392-4939-ad39-80c4c73dd84b->3b4aa678-22a6-4ae2-9c6a-0e71cdb9d6d0): appendEntries Timeout, request=63cacea9-0392-4939-ad39-80c4c73dd84b->3b4aa678-22a6-4ae2-9c6a-0e71cdb9d6d0#5654-t4, previous=(t:4, i:5599), leaderCommit=5595, initializing? false, entries: <empty>
2019-07-10 03:38:04,171 WARN  server.GrpcLogAppender (GrpcLogAppender.java:timeoutAppendRequest(200)) - GrpcLogAppender(63cacea9-0392-4939-ad39-80c4c73dd84b->bd7b7fea-2a7b-4c3f-852f-c014e42bfcb7): appendEntries Timeout, request=63cacea9-0392-4939-ad39-80c4c73dd84b->bd7b7fea-2a7b-4c3f-852f-c014e42bfcb7#5654-t4, previous=(t:4, i:5599), leaderCommit=5595, initializing? false, entries: <empty>
2019-07-10 03:38:04,173 WARN  scm.XceiverClientRatis (XceiverClientRatis.java:watchForCommit(262)) - 3 way commit failed 
java.util.concurrent.TimeoutException
	at java.util.concurrent.CompletableFuture.timedGet(CompletableFuture.java:1771)
	at java.util.concurrent.CompletableFuture.get(CompletableFuture.java:1915)
	at org.apache.hadoop.hdds.scm.XceiverClientRatis.watchForCommit(XceiverClientRatis.java:259)
	at org.apache.hadoop.hdds.scm.storage.CommitWatcher.watchForCommit(CommitWatcher.java:194)
	at org.apache.hadoop.hdds.scm.storage.CommitWatcher.watchOnFirstIndex(CommitWatcher.java:135)
	at org.apache.hadoop.hdds.scm.storage.BlockOutputStream.watchForCommit(BlockOutputStream.java:355)
	at org.apache.hadoop.hdds.scm.storage.BlockOutputStream.handleFullBuffer(BlockOutputStream.java:332)
	at org.apache.hadoop.hdds.scm.storage.BlockOutputStream.write(BlockOutputStream.java:259)
	at org.apache.hadoop.ozone.client.io.BlockOutputStreamEntry.write(BlockOutputStreamEntry.java:129)
	at org.apache.hadoop.ozone.client.io.KeyOutputStream.handleWrite(KeyOutputStream.java:211)
	at org.apache.hadoop.ozone.client.io.KeyOutputStream.write(KeyOutputStream.java:193)
	at org.apache.hadoop.ozone.client.io.OzoneOutputStream.write(OzoneOutputStream.java:49)
	at org.apache.hadoop.ozone.freon.RandomKeyGenerator$KeyProcessor.run(RandomKeyGenerator.java:693)
	at java.util.concurrent.Executors$RunnableAdapter.call(Executors.java:511)
	at java.util.concurrent.FutureTask.run(FutureTask.java:266)
	at java.util.concurrent.ThreadPoolExecutor.runWorker(ThreadPoolExecutor.java:1149)
	at java.util.concurrent.ThreadPoolExecutor$Worker.run(ThreadPoolExecutor.java:624)
	at java.lang.Thread.run(Thread.java:748)
2019-07-10 03:38:04,181 WARN  server.GrpcLogAppender (GrpcLogAppender.java:timeoutAppendRequest(200)) - GrpcLogAppender(63cacea9-0392-4939-ad39-80c4c73dd84b->3b4aa678-22a6-4ae2-9c6a-0e71cdb9d6d0): appendEntries Timeout, request=63cacea9-0392-4939-ad39-80c4c73dd84b->3b4aa678-22a6-4ae2-9c6a-0e71cdb9d6d0#5655-t4, previous=(t:4, i:5599), leaderCommit=5595, initializing? false, entries: <empty>
2019-07-10 03:38:04,246 WARN  server.GrpcLogAppender (GrpcLogAppender.java:onNextImpl(250)) - org.apache.ratis.grpc.server.GrpcLogAppender$AppendLogResponseHandler@2f307d10: Request not found, ignoring reply: 63cacea9-0392-4939-ad39-80c4c73dd84b<-bd7b7fea-2a7b-4c3f-852f-c014e42bfcb7#5647:OK,SUCCESS,nextIndex:5597,term:4,followerCommit:5595
2019-07-10 03:38:04,246 WARN  server.GrpcLogAppender (GrpcLogAppender.java:onNextImpl(250)) - org.apache.ratis.grpc.server.GrpcLogAppender$AppendLogResponseHandler@60fb514b: Request not found, ignoring reply: 63cacea9-0392-4939-ad39-80c4c73dd84b<-3b4aa678-22a6-4ae2-9c6a-0e71cdb9d6d0#5648:OK,SUCCESS,nextIndex:5597,term:4,followerCommit:5595
2019-07-10 03:38:04,247 WARN  server.GrpcLogAppender (GrpcLogAppender.java:onNextImpl(250)) - org.apache.ratis.grpc.server.GrpcLogAppender$AppendLogResponseHandler@60fb514b: Request not found, ignoring reply: 63cacea9-0392-4939-ad39-80c4c73dd84b<-3b4aa678-22a6-4ae2-9c6a-0e71cdb9d6d0#5649:OK,SUCCESS,nextIndex:5598,term:4,followerCommit:5595
2019-07-10 03:38:04,247 WARN  server.GrpcLogAppender (GrpcLogAppender.java:onNextImpl(250)) - org.apache.ratis.grpc.server.GrpcLogAppender$AppendLogResponseHandler@60fb514b: Request not found, ignoring reply: 63cacea9-0392-4939-ad39-80c4c73dd84b<-3b4aa678-22a6-4ae2-9c6a-0e71cdb9d6d0#5650:OK,SUCCESS,nextIndex:5599,term:4,followerCommit:5595
2019-07-10 03:38:04,247 WARN  server.GrpcLogAppender (GrpcLogAppender.java:onNextImpl(250)) - org.apache.ratis.grpc.server.GrpcLogAppender$AppendLogResponseHandler@60fb514b: Request not found, ignoring reply: 63cacea9-0392-4939-ad39-80c4c73dd84b<-3b4aa678-22a6-4ae2-9c6a-0e71cdb9d6d0#5651:OK,SUCCESS,nextIndex:5600,term:4,followerCommit:5595
2019-07-10 03:38:04,248 WARN  server.GrpcLogAppender (GrpcLogAppender.java:onNextImpl(250)) - org.apache.ratis.grpc.server.GrpcLogAppender$AppendLogResponseHandler@60fb514b: Request not found, ignoring reply: 63cacea9-0392-4939-ad39-80c4c73dd84b<-3b4aa678-22a6-4ae2-9c6a-0e71cdb9d6d0#5652:OK,SUCCESS,nextIndex:5600,term:4,followerCommit:5595
2019-07-10 03:38:04,248 WARN  server.GrpcLogAppender (GrpcLogAppender.java:onNextImpl(250)) - org.apache.ratis.grpc.server.GrpcLogAppender$AppendLogResponseHandler@60fb514b: Request not found, ignoring reply: 63cacea9-0392-4939-ad39-80c4c73dd84b<-3b4aa678-22a6-4ae2-9c6a-0e71cdb9d6d0#5653:OK,SUCCESS,nextIndex:5600,term:4,followerCommit:5595
2019-07-10 03:38:04,248 WARN  server.GrpcLogAppender (GrpcLogAppender.java:onNextImpl(250)) - org.apache.ratis.grpc.server.GrpcLogAppender$AppendLogResponseHandler@60fb514b: Request not found, ignoring reply: 63cacea9-0392-4939-ad39-80c4c73dd84b<-3b4aa678-22a6-4ae2-9c6a-0e71cdb9d6d0#5654:OK,SUCCESS,nextIndex:5600,term:4,followerCommit:5595
2019-07-10 03:38:04,248 WARN  server.GrpcLogAppender (GrpcLogAppender.java:onNextImpl(250)) - org.apache.ratis.grpc.server.GrpcLogAppender$AppendLogResponseHandler@60fb514b: Request not found, ignoring reply: 63cacea9-0392-4939-ad39-80c4c73dd84b<-3b4aa678-22a6-4ae2-9c6a-0e71cdb9d6d0#5655:OK,SUCCESS,nextIndex:5600,term:4,followerCommit:5595
2019-07-10 03:38:04,249 INFO  client.GrpcClientProtocolClient (GrpcClientProtocolClient.java:onNext(255)) - client-8BD909272E8D->63cacea9-0392-4939-ad39-80c4c73dd84b: receive RaftClientReply:client-8BD909272E8D->63cacea9-0392-4939-ad39-80c4c73dd84b@group-EE6C16B6C358, cid=3705, SUCCESS, logIndex=0, commits[63cacea9-0392-4939-ad39-80c4c73dd84b:c5595, bd7b7fea-2a7b-4c3f-852f-c014e42bfcb7:c5591, 3b4aa678-22a6-4ae2-9c6a-0e71cdb9d6d0:c5595]
2019-07-10 03:38:04,250 INFO  scm.XceiverClientRatis (XceiverClientRatis.java:lambda$watchForCommit$7(280)) - Could not commit 5593 to all the nodes. Server bd7b7fea-2a7b-4c3f-852f-c014e42bfcb7 has failed. Committed by majority.
 0.00% |█                                                                                                    |  0/1 Time: 0:00:462019-07-10 03:38:04,672 WARN  server.GrpcLogAppender (GrpcLogAppender.java:timeoutAppendRequest(200)) - GrpcLogAppender(63cacea9-0392-4939-ad39-80c4c73dd84b->bd7b7fea-2a7b-4c3f-852f-c014e42bfcb7): appendEntries Timeout, request=63cacea9-0392-4939-ad39-80c4c73dd84b->bd7b7fea-2a7b-4c3f-852f-c014e42bfcb7#5655-t4, previous=(t:4, i:5599), leaderCommit=5595, initializing? false, entries: <empty>
2019-07-10 03:38:05,172 WARN  server.GrpcLogAppender (GrpcLogAppender.java:timeoutAppendRequest(200)) - GrpcLogAppender(63cacea9-0392-4939-ad39-80c4c73dd84b->bd7b7fea-2a7b-4c3f-852f-c014e42bfcb7): appendEntries Timeout, request=63cacea9-0392-4939-ad39-80c4c73dd84b->bd7b7fea-2a7b-4c3f-852f-c014e42bfcb7#5656-t4, previous=(t:4, i:5599), leaderCommit=5595, initializing? false, entries: <empty>
 0.00% |█                                                                                                    |  0/1 Time: 0:00:472019-07-10 03:38:05,672 WARN  server.GrpcLogAppender (GrpcLogAppender.java:timeoutAppendRequest(200)) - GrpcLogAppender(63cacea9-0392-4939-ad39-80c4c73dd84b->bd7b7fea-2a7b-4c3f-852f-c014e42bfcb7): appendEntries Timeout, request=63cacea9-0392-4939-ad39-80c4c73dd84b->bd7b7fea-2a7b-4c3f-852f-c014e42bfcb7#5657-t4, previous=(t:4, i:5599), leaderCommit=5595, initializing? false, entries: <empty>
2019-07-10 03:38:06,172 WARN  server.GrpcLogAppender (GrpcLogAppender.java:timeoutAppendRequest(200)) - GrpcLogAppender(63cacea9-0392-4939-ad39-80c4c73dd84b->bd7b7fea-2a7b-4c3f-852f-c014e42bfcb7): appendEntries Timeout, request=63cacea9-0392-4939-ad39-80c4c73dd84b->bd7b7fea-2a7b-4c3f-852f-c014e42bfcb7#5658-t4, previous=(t:4, i:5599), leaderCommit=5595, initializing? false, entries: <empty>
 0.00% |█                                                                                                    |  0/1 Time: 0:00:482019-07-10 03:38:06,672 WARN  server.GrpcLogAppender (GrpcLogAppender.java:timeoutAppendRequest(200)) - GrpcLogAppender(63cacea9-0392-4939-ad39-80c4c73dd84b->bd7b7fea-2a7b-4c3f-852f-c014e42bfcb7): appendEntries Timeout, request=63cacea9-0392-4939-ad39-80c4c73dd84b->bd7b7fea-2a7b-4c3f-852f-c014e42bfcb7#5659-t4, previous=(t:4, i:5599), leaderCommit=5595, initializing? false, entries: <empty>
2019-07-10 03:38:06,958 WARN  server.GrpcLogAppender (GrpcLogAppender.java:onNextImpl(250)) - org.apache.ratis.grpc.server.GrpcLogAppender$AppendLogResponseHandler@2f307d10: Request not found, ignoring reply: 63cacea9-0392-4939-ad39-80c4c73dd84b<-bd7b7fea-2a7b-4c3f-852f-c014e42bfcb7#5648:OK,SUCCESS,nextIndex:5598,term:4,followerCommit:5596
2019-07-10 03:38:06,959 WARN  server.GrpcLogAppender (GrpcLogAppender.java:onNextImpl(250)) - org.apache.ratis.grpc.server.GrpcLogAppender$AppendLogResponseHandler@2f307d10: Request not found, ignoring reply: 63cacea9-0392-4939-ad39-80c4c73dd84b<-bd7b7fea-2a7b-4c3f-852f-c014e42bfcb7#5649:OK,SUCCESS,nextIndex:5599,term:4,followerCommit:5596
2019-07-10 03:38:06,959 WARN  server.GrpcLogAppender (GrpcLogAppender.java:onNextImpl(250)) - org.apache.ratis.grpc.server.GrpcLogAppender$AppendLogResponseHandler@2f307d10: Request not found, ignoring reply: 63cacea9-0392-4939-ad39-80c4c73dd84b<-bd7b7fea-2a7b-4c3f-852f-c014e42bfcb7#5650:OK,SUCCESS,nextIndex:5600,term:4,followerCommit:5596
2019-07-10 03:38:06,959 WARN  server.GrpcLogAppender (GrpcLogAppender.java:onNextImpl(250)) - org.apache.ratis.grpc.server.GrpcLogAppender$AppendLogResponseHandler@2f307d10: Request not found, ignoring reply: 63cacea9-0392-4939-ad39-80c4c73dd84b<-bd7b7fea-2a7b-4c3f-852f-c014e42bfcb7#5651:OK,SUCCESS,nextIndex:5600,term:4,followerCommit:5595
2019-07-10 03:38:06,959 WARN  server.GrpcLogAppender (GrpcLogAppender.java:onNextImpl(250)) - org.apache.ratis.grpc.server.GrpcLogAppender$AppendLogResponseHandler@2f307d10: Request not found, ignoring reply: 63cacea9-0392-4939-ad39-80c4c73dd84b<-bd7b7fea-2a7b-4c3f-852f-c014e42bfcb7#5652:OK,SUCCESS,nextIndex:5600,term:4,followerCommit:5595
2019-07-10 03:38:06,960 WARN  server.GrpcLogAppender (GrpcLogAppender.java:onNextImpl(250)) - org.apache.ratis.grpc.server.GrpcLogAppender$AppendLogResponseHandler@2f307d10: Request not found, ignoring reply: 63cacea9-0392-4939-ad39-80c4c73dd84b<-bd7b7fea-2a7b-4c3f-852f-c014e42bfcb7#5653:OK,SUCCESS,nextIndex:5600,term:4,followerCommit:5595
2019-07-10 03:38:06,960 INFO  client.GrpcClientProtocolClient (GrpcClientProtocolClient.java:onNext(255)) - client-8BD909272E8D->63cacea9-0392-4939-ad39-80c4c73dd84b: receive RaftClientReply:client-8BD909272E8D->63cacea9-0392-4939-ad39-80c4c73dd84b@group-EE6C16B6C358, cid=3706, SUCCESS, logIndex=5600, commits[63cacea9-0392-4939-ad39-80c4c73dd84b:c5601, bd7b7fea-2a7b-4c3f-852f-c014e42bfcb7:c5591, 3b4aa678-22a6-4ae2-9c6a-0e71cdb9d6d0:c5599]
2019-07-10 03:38:06,960 WARN  server.GrpcLogAppender (GrpcLogAppender.java:onNextImpl(250)) - org.apache.ratis.grpc.server.GrpcLogAppender$AppendLogResponseHandler@2f307d10: Request not found, ignoring reply: 63cacea9-0392-4939-ad39-80c4c73dd84b<-bd7b7fea-2a7b-4c3f-852f-c014e42bfcb7#5654:OK,SUCCESS,nextIndex:5600,term:4,followerCommit:5595
2019-07-10 03:38:06,961 INFO  client.GrpcClientProtocolClient (GrpcClientProtocolClient.java:onNext(255)) - client-8BD909272E8D->63cacea9-0392-4939-ad39-80c4c73dd84b: receive RaftClientReply:client-8BD909272E8D->63cacea9-0392-4939-ad39-80c4c73dd84b@group-EE6C16B6C358, cid=3707, SUCCESS, logIndex=5601, commits[63cacea9-0392-4939-ad39-80c4c73dd84b:c5601, bd7b7fea-2a7b-4c3f-852f-c014e42bfcb7:c5591, 3b4aa678-22a6-4ae2-9c6a-0e71cdb9d6d0:c5599]
2019-07-10 03:38:06,961 WARN  server.GrpcLogAppender (GrpcLogAppender.java:onNextImpl(250)) - org.apache.ratis.grpc.server.GrpcLogAppender$AppendLogResponseHandler@2f307d10: Request not found, ignoring reply: 63cacea9-0392-4939-ad39-80c4c73dd84b<-bd7b7fea-2a7b-4c3f-852f-c014e42bfcb7#5655:OK,SUCCESS,nextIndex:5600,term:4,followerCommit:5595
2019-07-10 03:38:06,961 WARN  server.GrpcLogAppender (GrpcLogAppender.java:onNextImpl(250)) - org.apache.ratis.grpc.server.GrpcLogAppender$AppendLogResponseHandler@2f307d10: Request not found, ignoring reply: 63cacea9-0392-4939-ad39-80c4c73dd84b<-bd7b7fea-2a7b-4c3f-852f-c014e42bfcb7#5656:OK,SUCCESS,nextIndex:5600,term:4,followerCommit:5595
2019-07-10 03:38:06,961 WARN  server.GrpcLogAppender (GrpcLogAppender.java:onNextImpl(250)) - org.apache.ratis.grpc.server.GrpcLogAppender$AppendLogResponseHandler@2f307d10: Request not found, ignoring reply: 63cacea9-0392-4939-ad39-80c4c73dd84b<-bd7b7fea-2a7b-4c3f-852f-c014e42bfcb7#5657:OK,SUCCESS,nextIndex:5600,term:4,followerCommit:5595
2019-07-10 03:38:06,961 WARN  server.GrpcLogAppender (GrpcLogAppender.java:onNextImpl(250)) - org.apache.ratis.grpc.server.GrpcLogAppender$AppendLogResponseHandler@2f307d10: Request not found, ignoring reply: 63cacea9-0392-4939-ad39-80c4c73dd84b<-bd7b7fea-2a7b-4c3f-852f-c014e42bfcb7#5658:OK,SUCCESS,nextIndex:5600,term:4,followerCommit:5595
2019-07-10 03:38:06,962 WARN  server.GrpcLogAppender (GrpcLogAppender.java:onNextImpl(250)) - org.apache.ratis.grpc.server.GrpcLogAppender$AppendLogResponseHandler@2f307d10: Request not found, ignoring reply: 63cacea9-0392-4939-ad39-80c4c73dd84b<-bd7b7fea-2a7b-4c3f-852f-c014e42bfcb7#5659:OK,SUCCESS,nextIndex:5600,term:4,followerCommit:5595
2019-07-10 03:38:06,963 INFO  client.GrpcClientProtocolClient (GrpcClientProtocolClient.java:onNext(255)) - client-8BD909272E8D->63cacea9-0392-4939-ad39-80c4c73dd84b: receive RaftClientReply:client-8BD909272E8D->63cacea9-0392-4939-ad39-80c4c73dd84b@group-EE6C16B6C358, cid=3704, SUCCESS, logIndex=0, commits[63cacea9-0392-4939-ad39-80c4c73dd84b:c5601, bd7b7fea-2a7b-4c3f-852f-c014e42bfcb7:c5595, 3b4aa678-22a6-4ae2-9c6a-0e71cdb9d6d0:c5599]
2019-07-10 03:38:06,963 INFO  client.GrpcClientProtocolClient (GrpcClientProtocolClient.java:onNext(255)) - client-8BD909272E8D->63cacea9-0392-4939-ad39-80c4c73dd84b: receive RaftClientReply:client-8BD909272E8D->63cacea9-0392-4939-ad39-80c4c73dd84b@group-EE6C16B6C358, cid=3704, SUCCESS, logIndex=0, commits[63cacea9-0392-4939-ad39-80c4c73dd84b:c5601, bd7b7fea-2a7b-4c3f-852f-c014e42bfcb7:c5595, 3b4aa678-22a6-4ae2-9c6a-0e71cdb9d6d0:c5599]
2019-07-10 03:38:07,184 INFO  client.GrpcClientProtocolClient (GrpcClientProtocolClient.java:onNext(255)) - client-8BD909272E8D->63cacea9-0392-4939-ad39-80c4c73dd84b: receive RaftClientReply:client-8BD909272E8D->63cacea9-0392-4939-ad39-80c4c73dd84b@group-EE6C16B6C358, cid=3704, SUCCESS, logIndex=0, commits[63cacea9-0392-4939-ad39-80c4c73dd84b:c5601, bd7b7fea-2a7b-4c3f-852f-c014e42bfcb7:c5595, 3b4aa678-22a6-4ae2-9c6a-0e71cdb9d6d0:c5599]
2019-07-10 03:38:07,257 WARN  server.GrpcLogAppender (GrpcLogAppender.java:timeoutAppendRequest(200)) - GrpcLogAppender(63cacea9-0392-4939-ad39-80c4c73dd84b->bd7b7fea-2a7b-4c3f-852f-c014e42bfcb7): appendEntries Timeout, request=63cacea9-0392-4939-ad39-80c4c73dd84b->bd7b7fea-2a7b-4c3f-852f-c014e42bfcb7#5661-t4, previous=(t:4, i:5599), leaderCommit=5599, initializing? false, entries: size=1, first=(t:4, i:5600), STATEMACHINELOGENTRY, client-8BD909272E8D, cid=3706
2019-07-10 03:38:07,258 WARN  server.GrpcLogAppender (GrpcLogAppender.java:timeoutAppendRequest(200)) - GrpcLogAppender(63cacea9-0392-4939-ad39-80c4c73dd84b->bd7b7fea-2a7b-4c3f-852f-c014e42bfcb7): appendEntries Timeout, request=63cacea9-0392-4939-ad39-80c4c73dd84b->bd7b7fea-2a7b-4c3f-852f-c014e42bfcb7#5662-t4, previous=(t:4, i:5600), leaderCommit=5599, initializing? false, entries: size=1, first=(t:4, i:5601), STATEMACHINELOGENTRY, client-8BD909272E8D, cid=3707
 0.00% |█                                                                                                    |  0/1 Time: 0:00:492019-07-10 03:38:07,758 WARN  server.GrpcLogAppender (GrpcLogAppender.java:timeoutAppendRequest(200)) - GrpcLogAppender(63cacea9-0392-4939-ad39-80c4c73dd84b->bd7b7fea-2a7b-4c3f-852f-c014e42bfcb7): appendEntries Timeout, request=63cacea9-0392-4939-ad39-80c4c73dd84b->bd7b7fea-2a7b-4c3f-852f-c014e42bfcb7#5663-t4, previous=(t:4, i:5601), leaderCommit=5599, initializing? false, entries: <empty>
2019-07-10 03:38:08,258 WARN  server.GrpcLogAppender (GrpcLogAppender.java:timeoutAppendRequest(200)) - GrpcLogAppender(63cacea9-0392-4939-ad39-80c4c73dd84b->bd7b7fea-2a7b-4c3f-852f-c014e42bfcb7): appendEntries Timeout, request=63cacea9-0392-4939-ad39-80c4c73dd84b->bd7b7fea-2a7b-4c3f-852f-c014e42bfcb7#5664-t4, previous=(t:4, i:5601), leaderCommit=5599, initializing? false, entries: <empty>
 0.00% |█                                                                                                    |  0/1 Time: 0:00:502019-07-10 03:38:08,758 WARN  server.GrpcLogAppender (GrpcLogAppender.java:timeoutAppendRequest(200)) - GrpcLogAppender(63cacea9-0392-4939-ad39-80c4c73dd84b->bd7b7fea-2a7b-4c3f-852f-c014e42bfcb7): appendEntries Timeout, request=63cacea9-0392-4939-ad39-80c4c73dd84b->bd7b7fea-2a7b-4c3f-852f-c014e42bfcb7#5665-t4, previous=(t:4, i:5601), leaderCommit=5599, initializing? false, entries: <empty>
2019-07-10 03:38:09,260 WARN  server.GrpcLogAppender (GrpcLogAppender.java:timeoutAppendRequest(200)) - GrpcLogAppender(63cacea9-0392-4939-ad39-80c4c73dd84b->bd7b7fea-2a7b-4c3f-852f-c014e42bfcb7): appendEntries Timeout, request=63cacea9-0392-4939-ad39-80c4c73dd84b->bd7b7fea-2a7b-4c3f-852f-c014e42bfcb7#5666-t4, previous=(t:4, i:5601), leaderCommit=5599, initializing? false, entries: <empty>
 0.00% |█                                                                                                    |  0/1 Time: 0:00:512019-07-10 03:38:09,760 WARN  server.GrpcLogAppender (GrpcLogAppender.java:timeoutAppendRequest(200)) - GrpcLogAppender(63cacea9-0392-4939-ad39-80c4c73dd84b->bd7b7fea-2a7b-4c3f-852f-c014e42bfcb7): appendEntries Timeout, request=63cacea9-0392-4939-ad39-80c4c73dd84b->bd7b7fea-2a7b-4c3f-852f-c014e42bfcb7#5667-t4, previous=(t:4, i:5601), leaderCommit=5599, initializing? false, entries: <empty>
2019-07-10 03:38:09,959 WARN  server.GrpcLogAppender (GrpcLogAppender.java:timeoutAppendRequest(200)) - GrpcLogAppender(63cacea9-0392-4939-ad39-80c4c73dd84b->bd7b7fea-2a7b-4c3f-852f-c014e42bfcb7): appendEntries Timeout, request=63cacea9-0392-4939-ad39-80c4c73dd84b->bd7b7fea-2a7b-4c3f-852f-c014e42bfcb7#5668-t4, previous=(t:4, i:5601), leaderCommit=5600, initializing? false, entries: size=1, first=(t:4, i:5602), METADATAENTRY(c5600)
2019-07-10 03:38:09,959 WARN  server.GrpcLogAppender (GrpcLogAppender.java:timeoutAppendRequest(200)) - GrpcLogAppender(63cacea9-0392-4939-ad39-80c4c73dd84b->3b4aa678-22a6-4ae2-9c6a-0e71cdb9d6d0): appendEntries Timeout, request=63cacea9-0392-4939-ad39-80c4c73dd84b->3b4aa678-22a6-4ae2-9c6a-0e71cdb9d6d0#5669-t4, previous=(t:4, i:5601), leaderCommit=5600, initializing? false, entries: size=1, first=(t:4, i:5602), METADATAENTRY(c5600)
2019-07-10 03:38:09,959 WARN  server.GrpcLogAppender (GrpcLogAppender.java:timeoutAppendRequest(200)) - GrpcLogAppender(63cacea9-0392-4939-ad39-80c4c73dd84b->bd7b7fea-2a7b-4c3f-852f-c014e42bfcb7): appendEntries Timeout, request=63cacea9-0392-4939-ad39-80c4c73dd84b->bd7b7fea-2a7b-4c3f-852f-c014e42bfcb7#5669-t4, previous=(t:4, i:5602), leaderCommit=5601, initializing? false, entries: size=1, first=(t:4, i:5603), METADATAENTRY(c5601)
2019-07-10 03:38:09,959 WARN  server.GrpcLogAppender (GrpcLogAppender.java:timeoutAppendRequest(200)) - GrpcLogAppender(63cacea9-0392-4939-ad39-80c4c73dd84b->3b4aa678-22a6-4ae2-9c6a-0e71cdb9d6d0): appendEntries Timeout, request=63cacea9-0392-4939-ad39-80c4c73dd84b->3b4aa678-22a6-4ae2-9c6a-0e71cdb9d6d0#5670-t4, previous=(t:4, i:5602), leaderCommit=5601, initializing? false, entries: size=1, first=(t:4, i:5603), METADATAENTRY(c5601)
2019-07-10 03:38:09,968 WARN  server.GrpcLogAppender (GrpcLogAppender.java:timeoutAppendRequest(200)) - GrpcLogAppender(63cacea9-0392-4939-ad39-80c4c73dd84b->bd7b7fea-2a7b-4c3f-852f-c014e42bfcb7): appendEntries Timeout, request=63cacea9-0392-4939-ad39-80c4c73dd84b->bd7b7fea-2a7b-4c3f-852f-c014e42bfcb7#5670-t4, previous=(t:4, i:5603), leaderCommit=5601, initializing? false, entries: size=1, first=(t:4, i:5604), STATEMACHINELOGENTRY, client-8BD909272E8D, cid=3708
2019-07-10 03:38:09,969 WARN  server.GrpcLogAppender (GrpcLogAppender.java:timeoutAppendRequest(200)) - GrpcLogAppender(63cacea9-0392-4939-ad39-80c4c73dd84b->3b4aa678-22a6-4ae2-9c6a-0e71cdb9d6d0): appendEntries Timeout, request=63cacea9-0392-4939-ad39-80c4c73dd84b->3b4aa678-22a6-4ae2-9c6a-0e71cdb9d6d0#5671-t4, previous=(t:4, i:5603), leaderCommit=5601, initializing? false, entries: size=1, first=(t:4, i:5604), STATEMACHINELOGENTRY, client-8BD909272E8D, cid=3708
2019-07-10 03:38:09,969 WARN  server.GrpcLogAppender (GrpcLogAppender.java:timeoutAppendRequest(200)) - GrpcLogAppender(63cacea9-0392-4939-ad39-80c4c73dd84b->bd7b7fea-2a7b-4c3f-852f-c014e42bfcb7): appendEntries Timeout, request=63cacea9-0392-4939-ad39-80c4c73dd84b->bd7b7fea-2a7b-4c3f-852f-c014e42bfcb7#5671-t4, previous=(t:4, i:5604), leaderCommit=5601, initializing? false, entries: size=1, first=(t:4, i:5605), STATEMACHINELOGENTRY, client-8BD909272E8D, cid=3709
2019-07-10 03:38:09,969 WARN  server.GrpcLogAppender (GrpcLogAppender.java:timeoutAppendRequest(200)) - GrpcLogAppender(63cacea9-0392-4939-ad39-80c4c73dd84b->3b4aa678-22a6-4ae2-9c6a-0e71cdb9d6d0): appendEntries Timeout, request=63cacea9-0392-4939-ad39-80c4c73dd84b->3b4aa678-22a6-4ae2-9c6a-0e71cdb9d6d0#5672-t4, previous=(t:4, i:5604), leaderCommit=5601, initializing? false, entries: size=1, first=(t:4, i:5605), STATEMACHINELOGENTRY, client-8BD909272E8D, cid=3709
2019-07-10 03:38:10,469 WARN  server.GrpcLogAppender (GrpcLogAppender.java:timeoutAppendRequest(200)) - GrpcLogAppender(63cacea9-0392-4939-ad39-80c4c73dd84b->3b4aa678-22a6-4ae2-9c6a-0e71cdb9d6d0): appendEntries Timeout, request=63cacea9-0392-4939-ad39-80c4c73dd84b->3b4aa678-22a6-4ae2-9c6a-0e71cdb9d6d0#5673-t4, previous=(t:4, i:5605), leaderCommit=5601, initializing? false, entries: <empty>
2019-07-10 03:38:10,469 WARN  server.GrpcLogAppender (GrpcLogAppender.java:timeoutAppendRequest(200)) - GrpcLogAppender(63cacea9-0392-4939-ad39-80c4c73dd84b->bd7b7fea-2a7b-4c3f-852f-c014e42bfcb7): appendEntries Timeout, request=63cacea9-0392-4939-ad39-80c4c73dd84b->bd7b7fea-2a7b-4c3f-852f-c014e42bfcb7#5672-t4, previous=(t:4, i:5605), leaderCommit=5601, initializing? false, entries: <empty>
 0.00% |█                                                                                                    |  0/1 Time: 0:00:522019-07-10 03:38:10,969 WARN  server.GrpcLogAppender (GrpcLogAppender.java:timeoutAppendRequest(200)) - GrpcLogAppender(63cacea9-0392-4939-ad39-80c4c73dd84b->bd7b7fea-2a7b-4c3f-852f-c014e42bfcb7): appendEntries Timeout, request=63cacea9-0392-4939-ad39-80c4c73dd84b->bd7b7fea-2a7b-4c3f-852f-c014e42bfcb7#5673-t4, previous=(t:4, i:5605), leaderCommit=5601, initializing? false, entries: <empty>
2019-07-10 03:38:10,969 WARN  server.GrpcLogAppender (GrpcLogAppender.java:timeoutAppendRequest(200)) - GrpcLogAppender(63cacea9-0392-4939-ad39-80c4c73dd84b->3b4aa678-22a6-4ae2-9c6a-0e71cdb9d6d0): appendEntries Timeout, request=63cacea9-0392-4939-ad39-80c4c73dd84b->3b4aa678-22a6-4ae2-9c6a-0e71cdb9d6d0#5674-t4, previous=(t:4, i:5605), leaderCommit=5601, initializing? false, entries: <empty>
2019-07-10 03:38:11,469 WARN  server.GrpcLogAppender (GrpcLogAppender.java:timeoutAppendRequest(200)) - GrpcLogAppender(63cacea9-0392-4939-ad39-80c4c73dd84b->bd7b7fea-2a7b-4c3f-852f-c014e42bfcb7): appendEntries Timeout, request=63cacea9-0392-4939-ad39-80c4c73dd84b->bd7b7fea-2a7b-4c3f-852f-c014e42bfcb7#5674-t4, previous=(t:4, i:5605), leaderCommit=5601, initializing? false, entries: <empty>
2019-07-10 03:38:11,469 WARN  server.GrpcLogAppender (GrpcLogAppender.java:timeoutAppendRequest(200)) - GrpcLogAppender(63cacea9-0392-4939-ad39-80c4c73dd84b->3b4aa678-22a6-4ae2-9c6a-0e71cdb9d6d0): appendEntries Timeout, request=63cacea9-0392-4939-ad39-80c4c73dd84b->3b4aa678-22a6-4ae2-9c6a-0e71cdb9d6d0#5675-t4, previous=(t:4, i:5605), leaderCommit=5601, initializing? false, entries: <empty>
 0.00% |█                                                                                                    |  0/1 Time: 0:00:532019-07-10 03:38:11,799 WARN  server.GrpcLogAppender (GrpcLogAppender.java:onNextImpl(250)) - org.apache.ratis.grpc.server.GrpcLogAppender$AppendLogResponseHandler@2f307d10: Request not found, ignoring reply: 63cacea9-0392-4939-ad39-80c4c73dd84b<-bd7b7fea-2a7b-4c3f-852f-c014e42bfcb7#5661:OK,SUCCESS,nextIndex:5601,term:4,followerCommit:5599
2019-07-10 03:38:11,799 WARN  server.GrpcLogAppender (GrpcLogAppender.java:onNextImpl(250)) - org.apache.ratis.grpc.server.GrpcLogAppender$AppendLogResponseHandler@2f307d10: Request not found, ignoring reply: 63cacea9-0392-4939-ad39-80c4c73dd84b<-bd7b7fea-2a7b-4c3f-852f-c014e42bfcb7#5662:OK,SUCCESS,nextIndex:5602,term:4,followerCommit:5599
2019-07-10 03:38:11,799 WARN  server.GrpcLogAppender (GrpcLogAppender.java:onNextImpl(250)) - org.apache.ratis.grpc.server.GrpcLogAppender$AppendLogResponseHandler@2f307d10: Request not found, ignoring reply: 63cacea9-0392-4939-ad39-80c4c73dd84b<-bd7b7fea-2a7b-4c3f-852f-c014e42bfcb7#5663:OK,SUCCESS,nextIndex:5602,term:4,followerCommit:5596
2019-07-10 03:38:11,799 WARN  server.GrpcLogAppender (GrpcLogAppender.java:onNextImpl(250)) - org.apache.ratis.grpc.server.GrpcLogAppender$AppendLogResponseHandler@2f307d10: Request not found, ignoring reply: 63cacea9-0392-4939-ad39-80c4c73dd84b<-bd7b7fea-2a7b-4c3f-852f-c014e42bfcb7#5664:OK,SUCCESS,nextIndex:5602,term:4,followerCommit:5596
2019-07-10 03:38:11,800 WARN  server.GrpcLogAppender (GrpcLogAppender.java:onNextImpl(250)) - org.apache.ratis.grpc.server.GrpcLogAppender$AppendLogResponseHandler@2f307d10: Request not found, ignoring reply: 63cacea9-0392-4939-ad39-80c4c73dd84b<-bd7b7fea-2a7b-4c3f-852f-c014e42bfcb7#5665:OK,SUCCESS,nextIndex:5602,term:4,followerCommit:5596
2019-07-10 03:38:11,800 WARN  server.GrpcLogAppender (GrpcLogAppender.java:onNextImpl(250)) - org.apache.ratis.grpc.server.GrpcLogAppender$AppendLogResponseHandler@2f307d10: Request not found, ignoring reply: 63cacea9-0392-4939-ad39-80c4c73dd84b<-bd7b7fea-2a7b-4c3f-852f-c014e42bfcb7#5666:OK,SUCCESS,nextIndex:5602,term:4,followerCommit:5596
2019-07-10 03:38:11,800 WARN  server.GrpcLogAppender (GrpcLogAppender.java:onNextImpl(250)) - org.apache.ratis.grpc.server.GrpcLogAppender$AppendLogResponseHandler@2f307d10: Request not found, ignoring reply: 63cacea9-0392-4939-ad39-80c4c73dd84b<-bd7b7fea-2a7b-4c3f-852f-c014e42bfcb7#5667:OK,SUCCESS,nextIndex:5602,term:4,followerCommit:5596
2019-07-10 03:38:11,800 WARN  server.GrpcLogAppender (GrpcLogAppender.java:onNextImpl(250)) - org.apache.ratis.grpc.server.GrpcLogAppender$AppendLogResponseHandler@60fb514b: Request not found, ignoring reply: 63cacea9-0392-4939-ad39-80c4c73dd84b<-3b4aa678-22a6-4ae2-9c6a-0e71cdb9d6d0#5669:OK,SUCCESS,nextIndex:5603,term:4,followerCommit:5601
2019-07-10 03:38:11,969 WARN  server.GrpcLogAppender (GrpcLogAppender.java:timeoutAppendRequest(200)) - GrpcLogAppender(63cacea9-0392-4939-ad39-80c4c73dd84b->bd7b7fea-2a7b-4c3f-852f-c014e42bfcb7): appendEntries Timeout, request=63cacea9-0392-4939-ad39-80c4c73dd84b->bd7b7fea-2a7b-4c3f-852f-c014e42bfcb7#5675-t4, previous=(t:4, i:5605), leaderCommit=5601, initializing? false, entries: <empty>
2019-07-10 03:38:11,969 WARN  server.GrpcLogAppender (GrpcLogAppender.java:timeoutAppendRequest(200)) - GrpcLogAppender(63cacea9-0392-4939-ad39-80c4c73dd84b->3b4aa678-22a6-4ae2-9c6a-0e71cdb9d6d0): appendEntries Timeout, request=63cacea9-0392-4939-ad39-80c4c73dd84b->3b4aa678-22a6-4ae2-9c6a-0e71cdb9d6d0#5676-t4, previous=(t:4, i:5605), leaderCommit=5601, initializing? false, entries: <empty>
2019-07-10 03:38:12,049 INFO  client.GrpcClientProtocolClient (GrpcClientProtocolClient.java:onNext(255)) - client-8BD909272E8D->3b4aa678-22a6-4ae2-9c6a-0e71cdb9d6d0: receive RaftClientReply:client-8BD909272E8D->3b4aa678-22a6-4ae2-9c6a-0e71cdb9d6d0@group-EE6C16B6C358, cid=3708, FAILED org.apache.ratis.protocol.NotLeaderException: Server 3b4aa678-22a6-4ae2-9c6a-0e71cdb9d6d0 is not the leader (63cacea9-0392-4939-ad39-80c4c73dd84b:192.168.69.112:35254). Request must be sent to leader., logIndex=0, commits[3b4aa678-22a6-4ae2-9c6a-0e71cdb9d6d0:c5601, bd7b7fea-2a7b-4c3f-852f-c014e42bfcb7:c5595, 63cacea9-0392-4939-ad39-80c4c73dd84b:c5601]
2019-07-10 03:38:12,470 WARN  server.GrpcLogAppender (GrpcLogAppender.java:timeoutAppendRequest(200)) - GrpcLogAppender(63cacea9-0392-4939-ad39-80c4c73dd84b->3b4aa678-22a6-4ae2-9c6a-0e71cdb9d6d0): appendEntries Timeout, request=63cacea9-0392-4939-ad39-80c4c73dd84b->3b4aa678-22a6-4ae2-9c6a-0e71cdb9d6d0#5677-t4, previous=(t:4, i:5605), leaderCommit=5601, initializing? false, entries: <empty>
2019-07-10 03:38:12,470 WARN  server.GrpcLogAppender (GrpcLogAppender.java:timeoutAppendRequest(200)) - GrpcLogAppender(63cacea9-0392-4939-ad39-80c4c73dd84b->bd7b7fea-2a7b-4c3f-852f-c014e42bfcb7): appendEntries Timeout, request=63cacea9-0392-4939-ad39-80c4c73dd84b->bd7b7fea-2a7b-4c3f-852f-c014e42bfcb7#5676-t4, previous=(t:4, i:5605), leaderCommit=5601, initializing? false, entries: <empty>
 0.00% |█                                                                                                    |  0/1 Time: 0:00:542019-07-10 03:38:12,970 WARN  server.GrpcLogAppender (GrpcLogAppender.java:timeoutAppendRequest(200)) - GrpcLogAppender(63cacea9-0392-4939-ad39-80c4c73dd84b->bd7b7fea-2a7b-4c3f-852f-c014e42bfcb7): appendEntries Timeout, request=63cacea9-0392-4939-ad39-80c4c73dd84b->bd7b7fea-2a7b-4c3f-852f-c014e42bfcb7#5677-t4, previous=(t:4, i:5605), leaderCommit=5601, initializing? false, entries: <empty>
2019-07-10 03:38:12,970 WARN  server.GrpcLogAppender (GrpcLogAppender.java:timeoutAppendRequest(200)) - GrpcLogAppender(63cacea9-0392-4939-ad39-80c4c73dd84b->3b4aa678-22a6-4ae2-9c6a-0e71cdb9d6d0): appendEntries Timeout, request=63cacea9-0392-4939-ad39-80c4c73dd84b->3b4aa678-22a6-4ae2-9c6a-0e71cdb9d6d0#5678-t4, previous=(t:4, i:5605), leaderCommit=5601, initializing? false, entries: <empty>
2019-07-10 03:38:13,470 WARN  server.GrpcLogAppender (GrpcLogAppender.java:timeoutAppendRequest(200)) - GrpcLogAppender(63cacea9-0392-4939-ad39-80c4c73dd84b->3b4aa678-22a6-4ae2-9c6a-0e71cdb9d6d0): appendEntries Timeout, request=63cacea9-0392-4939-ad39-80c4c73dd84b->3b4aa678-22a6-4ae2-9c6a-0e71cdb9d6d0#5679-t4, previous=(t:4, i:5605), leaderCommit=5601, initializing? false, entries: <empty>
2019-07-10 03:38:13,470 WARN  server.GrpcLogAppender (GrpcLogAppender.java:timeoutAppendRequest(200)) - GrpcLogAppender(63cacea9-0392-4939-ad39-80c4c73dd84b->bd7b7fea-2a7b-4c3f-852f-c014e42bfcb7): appendEntries Timeout, request=63cacea9-0392-4939-ad39-80c4c73dd84b->bd7b7fea-2a7b-4c3f-852f-c014e42bfcb7#5678-t4, previous=(t:4, i:5605), leaderCommit=5601, initializing? false, entries: <empty>
 0.00% |█                                                                                                    |  0/1 Time: 0:00:552019-07-10 03:38:13,970 WARN  server.GrpcLogAppender (GrpcLogAppender.java:timeoutAppendRequest(200)) - GrpcLogAppender(63cacea9-0392-4939-ad39-80c4c73dd84b->bd7b7fea-2a7b-4c3f-852f-c014e42bfcb7): appendEntries Timeout, request=63cacea9-0392-4939-ad39-80c4c73dd84b->bd7b7fea-2a7b-4c3f-852f-c014e42bfcb7#5679-t4, previous=(t:4, i:5605), leaderCommit=5601, initializing? false, entries: <empty>
2019-07-10 03:38:13,970 WARN  server.GrpcLogAppender (GrpcLogAppender.java:timeoutAppendRequest(200)) - GrpcLogAppender(63cacea9-0392-4939-ad39-80c4c73dd84b->3b4aa678-22a6-4ae2-9c6a-0e71cdb9d6d0): appendEntries Timeout, request=63cacea9-0392-4939-ad39-80c4c73dd84b->3b4aa678-22a6-4ae2-9c6a-0e71cdb9d6d0#5680-t4, previous=(t:4, i:5605), leaderCommit=5601, initializing? false, entries: <empty>
2019-07-10 03:38:14,015 WARN  server.GrpcLogAppender (GrpcLogAppender.java:onNextImpl(250)) - org.apache.ratis.grpc.server.GrpcLogAppender$AppendLogResponseHandler@2f307d10: Request not found, ignoring reply: 63cacea9-0392-4939-ad39-80c4c73dd84b<-bd7b7fea-2a7b-4c3f-852f-c014e42bfcb7#5668:OK,SUCCESS,nextIndex:5603,term:4,followerCommit:5601
2019-07-10 03:38:14,016 WARN  server.GrpcLogAppender (GrpcLogAppender.java:onNextImpl(250)) - org.apache.ratis.grpc.server.GrpcLogAppender$AppendLogResponseHandler@2f307d10: Request not found, ignoring reply: 63cacea9-0392-4939-ad39-80c4c73dd84b<-bd7b7fea-2a7b-4c3f-852f-c014e42bfcb7#5669:OK,SUCCESS,nextIndex:5604,term:4,followerCommit:5601
2019-07-10 03:38:14,016 WARN  server.GrpcLogAppender (GrpcLogAppender.java:onNextImpl(250)) - org.apache.ratis.grpc.server.GrpcLogAppender$AppendLogResponseHandler@2f307d10: Request not found, ignoring reply: 63cacea9-0392-4939-ad39-80c4c73dd84b<-bd7b7fea-2a7b-4c3f-852f-c014e42bfcb7#5670:OK,SUCCESS,nextIndex:5605,term:4,followerCommit:5601
2019-07-10 03:38:14,016 WARN  server.GrpcLogAppender (GrpcLogAppender.java:onNextImpl(250)) - org.apache.ratis.grpc.server.GrpcLogAppender$AppendLogResponseHandler@2f307d10: Request not found, ignoring reply: 63cacea9-0392-4939-ad39-80c4c73dd84b<-bd7b7fea-2a7b-4c3f-852f-c014e42bfcb7#5671:OK,SUCCESS,nextIndex:5606,term:4,followerCommit:5601
2019-07-10 03:38:14,017 WARN  server.GrpcLogAppender (GrpcLogAppender.java:onNextImpl(250)) - org.apache.ratis.grpc.server.GrpcLogAppender$AppendLogResponseHandler@2f307d10: Request not found, ignoring reply: 63cacea9-0392-4939-ad39-80c4c73dd84b<-bd7b7fea-2a7b-4c3f-852f-c014e42bfcb7#5672:OK,SUCCESS,nextIndex:5606,term:4,followerCommit:5599
2019-07-10 03:38:14,017 WARN  server.GrpcLogAppender (GrpcLogAppender.java:onNextImpl(250)) - org.apache.ratis.grpc.server.GrpcLogAppender$AppendLogResponseHandler@60fb514b: Request not found, ignoring reply: 63cacea9-0392-4939-ad39-80c4c73dd84b<-3b4aa678-22a6-4ae2-9c6a-0e71cdb9d6d0#5670:OK,SUCCESS,nextIndex:5604,term:4,followerCommit:5601
2019-07-10 03:38:14,017 WARN  server.GrpcLogAppender (GrpcLogAppender.java:onNextImpl(250)) - org.apache.ratis.grpc.server.GrpcLogAppender$AppendLogResponseHandler@2f307d10: Request not found, ignoring reply: 63cacea9-0392-4939-ad39-80c4c73dd84b<-bd7b7fea-2a7b-4c3f-852f-c014e42bfcb7#5673:OK,SUCCESS,nextIndex:5606,term:4,followerCommit:5599
2019-07-10 03:38:14,017 WARN  server.GrpcLogAppender (GrpcLogAppender.java:onNextImpl(250)) - org.apache.ratis.grpc.server.GrpcLogAppender$AppendLogResponseHandler@60fb514b: Request not found, ignoring reply: 63cacea9-0392-4939-ad39-80c4c73dd84b<-3b4aa678-22a6-4ae2-9c6a-0e71cdb9d6d0#5671:OK,SUCCESS,nextIndex:5605,term:4,followerCommit:5601
2019-07-10 03:38:14,018 WARN  server.GrpcLogAppender (GrpcLogAppender.java:onNextImpl(250)) - org.apache.ratis.grpc.server.GrpcLogAppender$AppendLogResponseHandler@2f307d10: Request not found, ignoring reply: 63cacea9-0392-4939-ad39-80c4c73dd84b<-bd7b7fea-2a7b-4c3f-852f-c014e42bfcb7#5674:OK,SUCCESS,nextIndex:5606,term:4,followerCommit:5599
2019-07-10 03:38:14,018 WARN  server.GrpcLogAppender (GrpcLogAppender.java:onNextImpl(250)) - org.apache.ratis.grpc.server.GrpcLogAppender$AppendLogResponseHandler@60fb514b: Request not found, ignoring reply: 63cacea9-0392-4939-ad39-80c4c73dd84b<-3b4aa678-22a6-4ae2-9c6a-0e71cdb9d6d0#5672:OK,SUCCESS,nextIndex:5606,term:4,followerCommit:5601
2019-07-10 03:38:14,018 WARN  server.GrpcLogAppender (GrpcLogAppender.java:onNextImpl(250)) - org.apache.ratis.grpc.server.GrpcLogAppender$AppendLogResponseHandler@2f307d10: Request not found, ignoring reply: 63cacea9-0392-4939-ad39-80c4c73dd84b<-bd7b7fea-2a7b-4c3f-852f-c014e42bfcb7#5675:OK,SUCCESS,nextIndex:5606,term:4,followerCommit:5599
2019-07-10 03:38:14,018 WARN  server.GrpcLogAppender (GrpcLogAppender.java:onNextImpl(250)) - org.apache.ratis.grpc.server.GrpcLogAppender$AppendLogResponseHandler@60fb514b: Request not found, ignoring reply: 63cacea9-0392-4939-ad39-80c4c73dd84b<-3b4aa678-22a6-4ae2-9c6a-0e71cdb9d6d0#5673:OK,SUCCESS,nextIndex:5606,term:4,followerCommit:5601
2019-07-10 03:38:14,018 WARN  server.GrpcLogAppender (GrpcLogAppender.java:onNextImpl(250)) - org.apache.ratis.grpc.server.GrpcLogAppender$AppendLogResponseHandler@2f307d10: Request not found, ignoring reply: 63cacea9-0392-4939-ad39-80c4c73dd84b<-bd7b7fea-2a7b-4c3f-852f-c014e42bfcb7#5676:OK,SUCCESS,nextIndex:5606,term:4,followerCommit:5599
2019-07-10 03:38:14,018 WARN  server.GrpcLogAppender (GrpcLogAppender.java:onNextImpl(250)) - org.apache.ratis.grpc.server.GrpcLogAppender$AppendLogResponseHandler@60fb514b: Request not found, ignoring reply: 63cacea9-0392-4939-ad39-80c4c73dd84b<-3b4aa678-22a6-4ae2-9c6a-0e71cdb9d6d0#5674:OK,SUCCESS,nextIndex:5606,term:4,followerCommit:5601
2019-07-10 03:38:14,019 WARN  server.GrpcLogAppender (GrpcLogAppender.java:onNextImpl(250)) - org.apache.ratis.grpc.server.GrpcLogAppender$AppendLogResponseHandler@2f307d10: Request not found, ignoring reply: 63cacea9-0392-4939-ad39-80c4c73dd84b<-bd7b7fea-2a7b-4c3f-852f-c014e42bfcb7#5677:OK,SUCCESS,nextIndex:5606,term:4,followerCommit:5599
2019-07-10 03:38:14,019 WARN  server.GrpcLogAppender (GrpcLogAppender.java:onNextImpl(250)) - org.apache.ratis.grpc.server.GrpcLogAppender$AppendLogResponseHandler@60fb514b: Request not found, ignoring reply: 63cacea9-0392-4939-ad39-80c4c73dd84b<-3b4aa678-22a6-4ae2-9c6a-0e71cdb9d6d0#5675:OK,SUCCESS,nextIndex:5606,term:4,followerCommit:5601
2019-07-10 03:38:14,019 WARN  server.GrpcLogAppender (GrpcLogAppender.java:onNextImpl(250)) - org.apache.ratis.grpc.server.GrpcLogAppender$AppendLogResponseHandler@2f307d10: Request not found, ignoring reply: 63cacea9-0392-4939-ad39-80c4c73dd84b<-bd7b7fea-2a7b-4c3f-852f-c014e42bfcb7#5678:OK,SUCCESS,nextIndex:5606,term:4,followerCommit:5599
2019-07-10 03:38:14,019 WARN  server.GrpcLogAppender (GrpcLogAppender.java:onNextImpl(250)) - org.apache.ratis.grpc.server.GrpcLogAppender$AppendLogResponseHandler@60fb514b: Request not found, ignoring reply: 63cacea9-0392-4939-ad39-80c4c73dd84b<-3b4aa678-22a6-4ae2-9c6a-0e71cdb9d6d0#5676:OK,SUCCESS,nextIndex:5606,term:4,followerCommit:5601
2019-07-10 03:38:14,019 WARN  server.GrpcLogAppender (GrpcLogAppender.java:onNextImpl(250)) - org.apache.ratis.grpc.server.GrpcLogAppender$AppendLogResponseHandler@2f307d10: Request not found, ignoring reply: 63cacea9-0392-4939-ad39-80c4c73dd84b<-bd7b7fea-2a7b-4c3f-852f-c014e42bfcb7#5679:OK,SUCCESS,nextIndex:5606,term:4,followerCommit:5599
2019-07-10 03:38:14,020 WARN  server.GrpcLogAppender (GrpcLogAppender.java:onNextImpl(250)) - org.apache.ratis.grpc.server.GrpcLogAppender$AppendLogResponseHandler@60fb514b: Request not found, ignoring reply: 63cacea9-0392-4939-ad39-80c4c73dd84b<-3b4aa678-22a6-4ae2-9c6a-0e71cdb9d6d0#5677:OK,SUCCESS,nextIndex:5606,term:4,followerCommit:5601
2019-07-10 03:38:14,020 WARN  server.GrpcLogAppender (GrpcLogAppender.java:onNextImpl(250)) - org.apache.ratis.grpc.server.GrpcLogAppender$AppendLogResponseHandler@60fb514b: Request not found, ignoring reply: 63cacea9-0392-4939-ad39-80c4c73dd84b<-3b4aa678-22a6-4ae2-9c6a-0e71cdb9d6d0#5678:OK,SUCCESS,nextIndex:5606,term:4,followerCommit:5601
2019-07-10 03:38:14,020 WARN  server.GrpcLogAppender (GrpcLogAppender.java:onNextImpl(250)) - org.apache.ratis.grpc.server.GrpcLogAppender$AppendLogResponseHandler@60fb514b: Request not found, ignoring reply: 63cacea9-0392-4939-ad39-80c4c73dd84b<-3b4aa678-22a6-4ae2-9c6a-0e71cdb9d6d0#5679:OK,SUCCESS,nextIndex:5606,term:4,followerCommit:5601
2019-07-10 03:38:14,020 WARN  server.GrpcLogAppender (GrpcLogAppender.java:onNextImpl(250)) - org.apache.ratis.grpc.server.GrpcLogAppender$AppendLogResponseHandler@60fb514b: Request not found, ignoring reply: 63cacea9-0392-4939-ad39-80c4c73dd84b<-3b4aa678-22a6-4ae2-9c6a-0e71cdb9d6d0#5680:OK,SUCCESS,nextIndex:5606,term:4,followerCommit:5601
2019-07-10 03:38:14,105 INFO  client.GrpcClientProtocolClient (GrpcClientProtocolClient.java:onNext(255)) - client-8BD909272E8D->63cacea9-0392-4939-ad39-80c4c73dd84b: receive RaftClientReply:client-8BD909272E8D->63cacea9-0392-4939-ad39-80c4c73dd84b@group-EE6C16B6C358, cid=3708, SUCCESS, logIndex=5604, commits[63cacea9-0392-4939-ad39-80c4c73dd84b:c5605, bd7b7fea-2a7b-4c3f-852f-c014e42bfcb7:c5601, 3b4aa678-22a6-4ae2-9c6a-0e71cdb9d6d0:c5601]
2019-07-10 03:38:14,114 INFO  client.GrpcClientProtocolClient (GrpcClientProtocolClient.java:onNext(255)) - client-8BD909272E8D->63cacea9-0392-4939-ad39-80c4c73dd84b: receive RaftClientReply:client-8BD909272E8D->63cacea9-0392-4939-ad39-80c4c73dd84b@group-EE6C16B6C358, cid=3709, SUCCESS, logIndex=5605, commits[63cacea9-0392-4939-ad39-80c4c73dd84b:c5605, bd7b7fea-2a7b-4c3f-852f-c014e42bfcb7:c5601, 3b4aa678-22a6-4ae2-9c6a-0e71cdb9d6d0:c5601]
2019-07-10 03:38:14,159 WARN  block.BlockManagerImpl (BlockManagerImpl.java:allocateBlock(192)) - Pipeline creation failed for type:RATIS factor:THREE. Retrying get pipelines call once.
org.apache.hadoop.hdds.scm.pipeline.InsufficientDatanodesException: Cannot create pipeline of factor 3 using 2 nodes.
	at org.apache.hadoop.hdds.scm.pipeline.RatisPipelineProvider.create(RatisPipelineProvider.java:151)
	at org.apache.hadoop.hdds.scm.pipeline.PipelineFactory.create(PipelineFactory.java:57)
	at org.apache.hadoop.hdds.scm.pipeline.SCMPipelineManager.createPipeline(SCMPipelineManager.java:149)
	at org.apache.hadoop.hdds.scm.block.BlockManagerImpl.allocateBlock(BlockManagerImpl.java:190)
	at org.apache.hadoop.hdds.scm.server.SCMBlockProtocolServer.allocateBlock(SCMBlockProtocolServer.java:172)
	at org.apache.hadoop.ozone.protocolPB.ScmBlockLocationProtocolServerSideTranslatorPB.allocateScmBlock(ScmBlockLocationProtocolServerSideTranslatorPB.java:144)
	at org.apache.hadoop.ozone.protocolPB.ScmBlockLocationProtocolServerSideTranslatorPB.send(ScmBlockLocationProtocolServerSideTranslatorPB.java:107)
	at org.apache.hadoop.hdds.protocol.proto.ScmBlockLocationProtocolProtos$ScmBlockLocationProtocolService$2.callBlockingMethod(ScmBlockLocationProtocolProtos.java:11281)
	at org.apache.hadoop.ipc.ProtobufRpcEngine$Server$ProtoBufRpcInvoker.call(ProtobufRpcEngine.java:524)
	at org.apache.hadoop.ipc.RPC$Server.call(RPC.java:1025)
	at org.apache.hadoop.ipc.Server$RpcCall.run(Server.java:876)
	at org.apache.hadoop.ipc.Server$RpcCall.run(Server.java:822)
	at java.security.AccessController.doPrivileged(Native Method)
	at javax.security.auth.Subject.doAs(Subject.java:422)
	at org.apache.hadoop.security.UserGroupInformation.doAs(UserGroupInformation.java:1730)
	at org.apache.hadoop.ipc.Server$Handler.run(Server.java:2682)
2019-07-10 03:38:14,160 INFO  block.BlockManagerImpl (BlockManagerImpl.java:allocateBlock(198)) - Could not find available pipeline of type:RATIS and factor:THREE even after retrying
2019-07-10 03:38:14,160 ERROR block.BlockManagerImpl (BlockManagerImpl.java:allocateBlock(222)) - Unable to allocate a block for the size: 4194304, type: RATIS, factor: THREE
03:38:14.169 [IPC Server handler 19 on 37134] ERROR OMAudit - user=jenkins1000 | ip=127.0.0.1 | op=ALLOCATE_BLOCK {volume=vol-0-01560, bucket=bucket-0-02411, key=key-0-82739, dataSize=0, replicationType=null, replicationFactor=null, keyLocationInfo=null, clientID=102415062635184530} | ret=FAILURE
org.apache.hadoop.hdds.scm.exceptions.SCMException: Allocated 0 blocks. Requested 1 blocks
	at org.apache.hadoop.hdds.scm.protocolPB.ScmBlockLocationProtocolClientSideTranslatorPB.handleError(ScmBlockLocationProtocolClientSideTranslatorPB.java:113) ~[classes/:?]
	at org.apache.hadoop.hdds.scm.protocolPB.ScmBlockLocationProtocolClientSideTranslatorPB.allocateBlock(ScmBlockLocationProtocolClientSideTranslatorPB.java:151) ~[classes/:?]
	at sun.reflect.GeneratedMethodAccessor48.invoke(Unknown Source) ~[?:?]
	at sun.reflect.DelegatingMethodAccessorImpl.invoke(DelegatingMethodAccessorImpl.java:43) ~[?:1.8.0_212]
	at java.lang.reflect.Method.invoke(Method.java:498) ~[?:1.8.0_212]
	at org.apache.hadoop.hdds.tracing.TraceAllMethod.invoke(TraceAllMethod.java:66) ~[classes/:?]
	at com.sun.proxy.$Proxy27.allocateBlock(Unknown Source) ~[?:?]
	at org.apache.hadoop.ozone.om.KeyManagerImpl.allocateBlock(KeyManagerImpl.java:348) ~[classes/:?]
	at org.apache.hadoop.ozone.om.KeyManagerImpl.allocateBlock(KeyManagerImpl.java:316) ~[classes/:?]
	at org.apache.hadoop.ozone.om.OzoneManager.allocateBlock(OzoneManager.java:2291) [classes/:?]
	at org.apache.hadoop.ozone.protocolPB.OzoneManagerRequestHandler.allocateBlock(OzoneManagerRequestHandler.java:756) [classes/:?]
	at org.apache.hadoop.ozone.protocolPB.OzoneManagerRequestHandler.handle(OzoneManagerRequestHandler.java:249) [classes/:?]
	at org.apache.hadoop.ozone.protocolPB.OzoneManagerProtocolServerSideTranslatorPB.submitRequestDirectlyToOM(OzoneManagerProtocolServerSideTranslatorPB.java:192) [classes/:?]
	at org.apache.hadoop.ozone.protocolPB.OzoneManagerProtocolServerSideTranslatorPB.submitRequest(OzoneManagerProtocolServerSideTranslatorPB.java:110) [classes/:?]
	at org.apache.hadoop.ozone.protocol.proto.OzoneManagerProtocolProtos$OzoneManagerService$2.callBlockingMethod(OzoneManagerProtocolProtos.java) [classes/:?]
	at org.apache.hadoop.ipc.ProtobufRpcEngine$Server$ProtoBufRpcInvoker.call(ProtobufRpcEngine.java:524) [hadoop-common-3.2.0.jar:?]
	at org.apache.hadoop.ipc.RPC$Server.call(RPC.java:1025) [hadoop-common-3.2.0.jar:?]
	at org.apache.hadoop.ipc.Server$RpcCall.run(Server.java:876) [hadoop-common-3.2.0.jar:?]
	at org.apache.hadoop.ipc.Server$RpcCall.run(Server.java:822) [hadoop-common-3.2.0.jar:?]
	at java.security.AccessController.doPrivileged(Native Method) [?:1.8.0_212]
	at javax.security.auth.Subject.doAs(Subject.java:422) [?:1.8.0_212]
	at org.apache.hadoop.security.UserGroupInformation.doAs(UserGroupInformation.java:1730) [hadoop-common-3.2.0.jar:?]
	at org.apache.hadoop.ipc.Server$Handler.run(Server.java:2682) [hadoop-common-3.2.0.jar:?]
2019-07-10 03:38:14,197 ERROR io.BlockOutputStreamEntryPool (BlockOutputStreamEntryPool.java:allocateBlockIfNeeded(299)) - Try to allocate more blocks for write failed, already allocated 0 blocks for this write.
INTERNAL_ERROR org.apache.hadoop.ozone.om.exceptions.OMException: Allocated 0 blocks. Requested 1 blocks
	at org.apache.hadoop.ozone.om.protocolPB.OzoneManagerProtocolClientSideTranslatorPB.handleError(OzoneManagerProtocolClientSideTranslatorPB.java:720)
	at org.apache.hadoop.ozone.om.protocolPB.OzoneManagerProtocolClientSideTranslatorPB.allocateBlock(OzoneManagerProtocolClientSideTranslatorPB.java:752)
	at org.apache.hadoop.ozone.client.io.BlockOutputStreamEntryPool.allocateNewBlock(BlockOutputStreamEntryPool.java:248)
	at org.apache.hadoop.ozone.client.io.BlockOutputStreamEntryPool.allocateBlockIfNeeded(BlockOutputStreamEntryPool.java:296)
	at org.apache.hadoop.ozone.client.io.KeyOutputStream.handleWrite(KeyOutputStream.java:201)
	at org.apache.hadoop.ozone.client.io.KeyOutputStream.write(KeyOutputStream.java:193)
	at org.apache.hadoop.ozone.client.io.OzoneOutputStream.write(OzoneOutputStream.java:49)
	at org.apache.hadoop.ozone.freon.RandomKeyGenerator$KeyProcessor.run(RandomKeyGenerator.java:693)
	at java.util.concurrent.Executors$RunnableAdapter.call(Executors.java:511)
	at java.util.concurrent.FutureTask.run(FutureTask.java:266)
	at java.util.concurrent.ThreadPoolExecutor.runWorker(ThreadPoolExecutor.java:1149)
	at java.util.concurrent.ThreadPoolExecutor$Worker.run(ThreadPoolExecutor.java:624)
	at java.lang.Thread.run(Thread.java:748)
2019-07-10 03:38:14,198 ERROR freon.RandomKeyGenerator (RandomKeyGenerator.java:run(718)) - Exception while adding key: key-0-82739 in bucket: bucket-0-02411 of volume: vol-0-01560.
INTERNAL_ERROR org.apache.hadoop.ozone.om.exceptions.OMException: Allocated 0 blocks. Requested 1 blocks
	at org.apache.hadoop.ozone.om.protocolPB.OzoneManagerProtocolClientSideTranslatorPB.handleError(OzoneManagerProtocolClientSideTranslatorPB.java:720)
	at org.apache.hadoop.ozone.om.protocolPB.OzoneManagerProtocolClientSideTranslatorPB.allocateBlock(OzoneManagerProtocolClientSideTranslatorPB.java:752)
	at org.apache.hadoop.ozone.client.io.BlockOutputStreamEntryPool.allocateNewBlock(BlockOutputStreamEntryPool.java:248)
	at org.apache.hadoop.ozone.client.io.BlockOutputStreamEntryPool.allocateBlockIfNeeded(BlockOutputStreamEntryPool.java:296)
	at org.apache.hadoop.ozone.client.io.KeyOutputStream.handleWrite(KeyOutputStream.java:201)
	at org.apache.hadoop.ozone.client.io.KeyOutputStream.write(KeyOutputStream.java:193)
	at org.apache.hadoop.ozone.client.io.OzoneOutputStream.write(OzoneOutputStream.java:49)
	at org.apache.hadoop.ozone.freon.RandomKeyGenerator$KeyProcessor.run(RandomKeyGenerator.java:693)
	at java.util.concurrent.Executors$RunnableAdapter.call(Executors.java:511)
	at java.util.concurrent.FutureTask.run(FutureTask.java:266)
	at java.util.concurrent.ThreadPoolExecutor.runWorker(ThreadPoolExecutor.java:1149)
	at java.util.concurrent.ThreadPoolExecutor$Worker.run(ThreadPoolExecutor.java:624)
	at java.lang.Thread.run(Thread.java:748)
 0.00% |█                                                                                                    |  0/1 Time: 0:00:56 0.00% |█                                                                                                    |  0/1 Time: 0:00:57 0.00% |█                                                                                                    |  0/1 Time: 0:00:582019-07-10 03:38:17,021 WARN  server.GrpcLogAppender (GrpcLogAppender.java:timeoutAppendRequest(200)) - GrpcLogAppender(63cacea9-0392-4939-ad39-80c4c73dd84b->3b4aa678-22a6-4ae2-9c6a-0e71cdb9d6d0): appendEntries Timeout, request=63cacea9-0392-4939-ad39-80c4c73dd84b->3b4aa678-22a6-4ae2-9c6a-0e71cdb9d6d0#5686-t4, previous=(t:4, i:5605), leaderCommit=5605, initializing? false, entries: size=1, first=(t:4, i:5606), METADATAENTRY(c5605)
 0.00% |█                                                                                                    |  0/1 Time: 0:00:592019-07-10 03:38:17,521 WARN  server.GrpcLogAppender (GrpcLogAppender.java:timeoutAppendRequest(200)) - GrpcLogAppender(63cacea9-0392-4939-ad39-80c4c73dd84b->3b4aa678-22a6-4ae2-9c6a-0e71cdb9d6d0): appendEntries Timeout, request=63cacea9-0392-4939-ad39-80c4c73dd84b->3b4aa678-22a6-4ae2-9c6a-0e71cdb9d6d0#5687-t4, previous=(t:4, i:5606), leaderCommit=5605, initializing? false, entries: <empty>
2019-07-10 03:38:18,021 WARN  server.GrpcLogAppender (GrpcLogAppender.java:timeoutAppendRequest(200)) - GrpcLogAppender(63cacea9-0392-4939-ad39-80c4c73dd84b->3b4aa678-22a6-4ae2-9c6a-0e71cdb9d6d0): appendEntries Timeout, request=63cacea9-0392-4939-ad39-80c4c73dd84b->3b4aa678-22a6-4ae2-9c6a-0e71cdb9d6d0#5688-t4, previous=(t:4, i:5606), leaderCommit=5605, initializing? false, entries: <empty>
 100.00% |█████████████████████████████████████████████████████████████████████████████████████████████████████|  1/1 Time: 0:01:00
]]></system-out>
  </testcase>
  <testcase name="multiThread" classname="org.apache.hadoop.ozone.freon.TestRandomKeyGenerator" time="20.043"/>
</testsuite>