<?xml version="1.0" encoding="UTF-8"?>
<testsuite xmlns:xsi="http://www.w3.org/2001/XMLSchema-instance" xsi:noNamespaceSchemaLocation="https://maven.apache.org/surefire/maven-surefire-plugin/xsd/surefire-test-report.xsd" name="org.apache.hadoop.ozone.client.rpc.TestBlockOutputStreamWithFailures" time="878.43" tests="8" errors="0" skipped="0" failures="4">
  <properties>
    <property name="awt.toolkit" value="sun.awt.X11.XToolkit"/>
    <property name="file.encoding.pkg" value="sun.io"/>
    <property name="java.specification.version" value="1.8"/>
    <property name="sun.cpu.isalist" value=""/>
    <property name="sun.jnu.encoding" value="UTF-8"/>
    <property name="java.class.path" value="/workdir/hadoop-ozone/integration-test/target/test-classes:/workdir/hadoop-ozone/integration-test/target/classes:/home/user/.m2/repository/org/apache/hadoop/hadoop-ozone-common/0.5.0-SNAPSHOT/hadoop-ozone-common-0.5.0-SNAPSHOT.jar:/home/user/.m2/repository/org/apache/commons/commons-compress/1.4.1/commons-compress-1.4.1.jar:/home/user/.m2/repository/org/tukaani/xz/1.0/xz-1.0.jar:/home/user/.m2/repository/org/apache/hadoop/hadoop-common/3.2.0/hadoop-common-3.2.0.jar:/home/user/.m2/repository/org/apache/hadoop/hadoop-hdfs/3.2.0/hadoop-hdfs-3.2.0.jar:/home/user/.m2/repository/org/apache/hadoop/hadoop-hdfs-client/3.2.0/hadoop-hdfs-client-3.2.0.jar:/home/user/.m2/repository/com/fasterxml/jackson/core/jackson-annotations/2.9.5/jackson-annotations-2.9.5.jar:/home/user/.m2/repository/org/apache/hadoop/hadoop-hdds-common/0.5.0-SNAPSHOT/hadoop-hdds-common-0.5.0-SNAPSHOT.jar:/home/user/.m2/repository/javax/annotation/javax.annotation-api/1.2/javax.annotation-api-1.2.jar:/home/user/.m2/repository/org/apache/ratis/ratis-server/0.4.0-78e95b9-SNAPSHOT/ratis-server-0.4.0-78e95b9-SNAPSHOT.jar:/home/user/.m2/repository/org/apache/ratis/ratis-thirdparty-misc/0.2.0/ratis-thirdparty-misc-0.2.0.jar:/home/user/.m2/repository/org/apache/ratis/ratis-proto/0.4.0-78e95b9-SNAPSHOT/ratis-proto-0.4.0-78e95b9-SNAPSHOT.jar:/home/user/.m2/repository/org/apache/ratis/ratis-common/0.4.0-78e95b9-SNAPSHOT/ratis-common-0.4.0-78e95b9-SNAPSHOT.jar:/home/user/.m2/repository/org/apache/ratis/ratis-client/0.4.0-78e95b9-SNAPSHOT/ratis-client-0.4.0-78e95b9-SNAPSHOT.jar:/home/user/.m2/repository/org/apache/ratis/ratis-metrics/0.4.0-78e95b9-SNAPSHOT/ratis-metrics-0.4.0-78e95b9-SNAPSHOT.jar:/home/user/.m2/repository/com/github/joshelser/dropwizard-metrics-hadoop-metrics2-reporter/0.1.2/dropwizard-metrics-hadoop-metrics2-reporter-0.1.2.jar:/home/user/.m2/repository/io/dropwizard/metrics/metrics-jvm/3.2.5/metrics-jvm-3.2.5.jar:/home/user/.m2/repository/io/dropwizard/metrics/metrics-ganglia/3.2.5/metrics-ganglia-3.2.5.jar:/home/user/.m2/repository/info/ganglia/gmetric4j/gmetric4j/1.0.7/gmetric4j-1.0.7.jar:/home/user/.m2/repository/org/apache/ratis/ratis-netty/0.4.0-78e95b9-SNAPSHOT/ratis-netty-0.4.0-78e95b9-SNAPSHOT.jar:/home/user/.m2/repository/org/apache/ratis/ratis-grpc/0.4.0-78e95b9-SNAPSHOT/ratis-grpc-0.4.0-78e95b9-SNAPSHOT.jar:/home/user/.m2/repository/org/rocksdb/rocksdbjni/6.0.1/rocksdbjni-6.0.1.jar:/home/user/.m2/repository/org/apache/logging/log4j/log4j-api/2.11.0/log4j-api-2.11.0.jar:/home/user/.m2/repository/org/apache/logging/log4j/log4j-core/2.11.0/log4j-core-2.11.0.jar:/home/user/.m2/repository/com/lmax/disruptor/3.4.2/disruptor-3.4.2.jar:/home/user/.m2/repository/org/apache/commons/commons-pool2/2.6.0/commons-pool2-2.6.0.jar:/home/user/.m2/repository/org/bouncycastle/bcpkix-jdk15on/1.60/bcpkix-jdk15on-1.60.jar:/home/user/.m2/repository/commons-validator/commons-validator/1.6/commons-validator-1.6.jar:/home/user/.m2/repository/commons-digester/commons-digester/1.8.1/commons-digester-1.8.1.jar:/home/user/.m2/repository/io/jaegertracing/jaeger-client/0.33.1/jaeger-client-0.33.1.jar:/home/user/.m2/repository/io/jaegertracing/jaeger-thrift/0.33.1/jaeger-thrift-0.33.1.jar:/home/user/.m2/repository/org/apache/thrift/libthrift/0.11.0/libthrift-0.11.0.jar:/home/user/.m2/repository/com/squareup/okhttp3/okhttp/3.9.0/okhttp-3.9.0.jar:/home/user/.m2/repository/com/squareup/okio/okio/1.13.0/okio-1.13.0.jar:/home/user/.m2/repository/io/jaegertracing/jaeger-core/0.33.1/jaeger-core-0.33.1.jar:/home/user/.m2/repository/io/jaegertracing/jaeger-tracerresolver/0.33.1/jaeger-tracerresolver-0.33.1.jar:/home/user/.m2/repository/io/opentracing/contrib/opentracing-tracerresolver/0.1.5/opentracing-tracerresolver-0.1.5.jar:/home/user/.m2/repository/io/opentracing/opentracing-util/0.31.0/opentracing-util-0.31.0.jar:/home/user/.m2/repository/io/opentracing/opentracing-api/0.31.0/opentracing-api-0.31.0.jar:/home/user/.m2/repository/io/opentracing/opentracing-noop/0.31.0/opentracing-noop-0.31.0.jar:/home/user/.m2/repository/org/apache/hadoop/hadoop-hdds-server-framework/0.5.0-SNAPSHOT/hadoop-hdds-server-framework-0.5.0-SNAPSHOT.jar:/home/user/.m2/repository/org/apache/hadoop/hadoop-hdds-container-service/0.5.0-SNAPSHOT/hadoop-hdds-container-service-0.5.0-SNAPSHOT.jar:/home/user/.m2/repository/org/apache/hadoop/hadoop-hdds-client/0.5.0-SNAPSHOT/hadoop-hdds-client-0.5.0-SNAPSHOT.jar:/home/user/.m2/repository/org/apache/hadoop/hadoop-hdds-tools/0.5.0-SNAPSHOT/hadoop-hdds-tools-0.5.0-SNAPSHOT.jar:/home/user/.m2/repository/org/apache/hadoop/hadoop-hdds-server-scm/0.5.0-SNAPSHOT/hadoop-hdds-server-scm-0.5.0-SNAPSHOT.jar:/home/user/.m2/repository/org/apache/hadoop/hadoop-hdds-docs/0.5.0-SNAPSHOT/hadoop-hdds-docs-0.5.0-SNAPSHOT.jar:/home/user/.m2/repository/io/dropwizard/metrics/metrics-core/3.2.4/metrics-core-3.2.4.jar:/home/user/.m2/repository/org/hamcrest/hamcrest-all/1.3/hamcrest-all-1.3.jar:/home/user/.m2/repository/org/bouncycastle/bcprov-jdk15on/1.60/bcprov-jdk15on-1.60.jar:/home/user/.m2/repository/info/picocli/picocli/3.9.6/picocli-3.9.6.jar:/home/user/.m2/repository/com/google/protobuf/protobuf-java/2.5.0/protobuf-java-2.5.0.jar:/home/user/.m2/repository/com/google/guava/guava/11.0.2/guava-11.0.2.jar:/home/user/.m2/repository/org/apache/hadoop/hadoop-ozone-ozone-manager/0.5.0-SNAPSHOT/hadoop-ozone-ozone-manager-0.5.0-SNAPSHOT.jar:/home/user/.m2/repository/org/apache/hadoop/hadoop-minikdc/3.2.0/hadoop-minikdc-3.2.0.jar:/home/user/.m2/repository/commons-io/commons-io/2.5/commons-io-2.5.jar:/home/user/.m2/repository/org/apache/kerby/kerb-simplekdc/1.0.1/kerb-simplekdc-1.0.1.jar:/home/user/.m2/repository/org/apache/kerby/kerb-client/1.0.1/kerb-client-1.0.1.jar:/home/user/.m2/repository/org/apache/kerby/kerby-config/1.0.1/kerby-config-1.0.1.jar:/home/user/.m2/repository/org/apache/kerby/kerb-core/1.0.1/kerb-core-1.0.1.jar:/home/user/.m2/repository/org/apache/kerby/kerby-pkix/1.0.1/kerby-pkix-1.0.1.jar:/home/user/.m2/repository/org/apache/kerby/kerby-asn1/1.0.1/kerby-asn1-1.0.1.jar:/home/user/.m2/repository/org/apache/kerby/kerby-util/1.0.1/kerby-util-1.0.1.jar:/home/user/.m2/repository/org/apache/kerby/kerb-common/1.0.1/kerb-common-1.0.1.jar:/home/user/.m2/repository/org/apache/kerby/kerb-crypto/1.0.1/kerb-crypto-1.0.1.jar:/home/user/.m2/repository/org/apache/kerby/kerb-util/1.0.1/kerb-util-1.0.1.jar:/home/user/.m2/repository/org/apache/kerby/token-provider/1.0.1/token-provider-1.0.1.jar:/home/user/.m2/repository/org/apache/kerby/kerb-admin/1.0.1/kerb-admin-1.0.1.jar:/home/user/.m2/repository/org/apache/kerby/kerb-server/1.0.1/kerb-server-1.0.1.jar:/home/user/.m2/repository/org/apache/kerby/kerb-identity/1.0.1/kerb-identity-1.0.1.jar:/home/user/.m2/repository/org/apache/kerby/kerby-xdr/1.0.1/kerby-xdr-1.0.1.jar:/home/user/.m2/repository/org/slf4j/slf4j-log4j12/1.7.25/slf4j-log4j12-1.7.25.jar:/home/user/.m2/repository/org/apache/hadoop/hadoop-ozone-s3gateway/0.5.0-SNAPSHOT/hadoop-ozone-s3gateway-0.5.0-SNAPSHOT.jar:/home/user/.m2/repository/org/jboss/weld/servlet/weld-servlet/2.4.7.Final/weld-servlet-2.4.7.Final.jar:/home/user/.m2/repository/org/glassfish/jersey/containers/jersey-container-servlet-core/2.27/jersey-container-servlet-core-2.27.jar:/home/user/.m2/repository/org/glassfish/hk2/external/javax.inject/2.5.0-b42/javax.inject-2.5.0-b42.jar:/home/user/.m2/repository/org/glassfish/jersey/core/jersey-common/2.27/jersey-common-2.27.jar:/home/user/.m2/repository/org/glassfish/hk2/osgi-resource-locator/1.0.1/osgi-resource-locator-1.0.1.jar:/home/user/.m2/repository/javax/ws/rs/javax.ws.rs-api/2.1/javax.ws.rs-api-2.1.jar:/home/user/.m2/repository/org/glassfish/jersey/ext/cdi/jersey-cdi1x/2.27/jersey-cdi1x-2.27.jar:/home/user/.m2/repository/org/glassfish/jersey/inject/jersey-hk2/2.27/jersey-hk2-2.27.jar:/home/user/.m2/repository/org/glassfish/hk2/hk2-locator/2.5.0-b42/hk2-locator-2.5.0-b42.jar:/home/user/.m2/repository/org/javassist/javassist/3.22.0-CR2/javassist-3.22.0-CR2.jar:/home/user/.m2/repository/org/glassfish/hk2/hk2-api/2.5.0/hk2-api-2.5.0.jar:/home/user/.m2/repository/org/glassfish/hk2/external/jakarta.inject/2.5.0/jakarta.inject-2.5.0.jar:/home/user/.m2/repository/org/glassfish/hk2/hk2-utils/2.5.0/hk2-utils-2.5.0.jar:/home/user/.m2/repository/jakarta/annotation/jakarta.annotation-api/1.3.4/jakarta.annotation-api-1.3.4.jar:/home/user/.m2/repository/org/glassfish/hk2/external/aopalliance-repackaged/2.5.0/aopalliance-repackaged-2.5.0.jar:/home/user/.m2/repository/com/fasterxml/jackson/dataformat/jackson-dataformat-xml/2.9.0/jackson-dataformat-xml-2.9.0.jar:/home/user/.m2/repository/com/fasterxml/jackson/core/jackson-core/2.9.5/jackson-core-2.9.5.jar:/home/user/.m2/repository/com/fasterxml/jackson/module/jackson-module-jaxb-annotations/2.9.5/jackson-module-jaxb-annotations-2.9.5.jar:/home/user/.m2/repository/javax/enterprise/cdi-api/1.2/cdi-api-1.2.jar:/home/user/.m2/repository/javax/el/javax.el-api/3.0.0/javax.el-api-3.0.0.jar:/home/user/.m2/repository/javax/interceptor/javax.interceptor-api/1.2/javax.interceptor-api-1.2.jar:/home/user/.m2/repository/javax/inject/javax.inject/1/javax.inject-1.jar:/home/user/.m2/repository/com/sun/xml/bind/jaxb-impl/2.3.0.1/jaxb-impl-2.3.0.1.jar:/home/user/.m2/repository/com/sun/xml/bind/jaxb-core/2.3.0.1/jaxb-core-2.3.0.1.jar:/home/user/.m2/repository/javax/xml/bind/jaxb-api/2.3.0/jaxb-api-2.3.0.jar:/home/user/.m2/repository/javax/activation/activation/1.1.1/activation-1.1.1.jar:/home/user/.m2/repository/org/apache/hadoop/hadoop-ozone-csi/0.5.0-SNAPSHOT/hadoop-ozone-csi-0.5.0-SNAPSHOT.jar:/home/user/.m2/repository/com/google/protobuf/protobuf-java-util/3.5.1/protobuf-java-util-3.5.1.jar:/home/user/.m2/repository/org/apache/hadoop/hadoop-hdds-config/0.5.0-SNAPSHOT/hadoop-hdds-config-0.5.0-SNAPSHOT.jar:/home/user/.m2/repository/io/grpc/grpc-netty/1.17.1/grpc-netty-1.17.1.jar:/home/user/.m2/repository/io/grpc/grpc-core/1.17.1/grpc-core-1.17.1.jar:/home/user/.m2/repository/io/grpc/grpc-context/1.17.1/grpc-context-1.17.1.jar:/home/user/.m2/repository/com/google/errorprone/error_prone_annotations/2.2.0/error_prone_annotations-2.2.0.jar:/home/user/.m2/repository/org/codehaus/mojo/animal-sniffer-annotations/1.17/animal-sniffer-annotations-1.17.jar:/home/user/.m2/repository/io/opencensus/opencensus-api/0.17.0/opencensus-api-0.17.0.jar:/home/user/.m2/repository/io/opencensus/opencensus-contrib-grpc-metrics/0.17.0/opencensus-contrib-grpc-metrics-0.17.0.jar:/home/user/.m2/repository/io/netty/netty-codec-http2/4.1.30.Final/netty-codec-http2-4.1.30.Final.jar:/home/user/.m2/repository/io/netty/netty-codec-http/4.1.30.Final/netty-codec-http-4.1.30.Final.jar:/home/user/.m2/repository/io/netty/netty-codec/4.1.30.Final/netty-codec-4.1.30.Final.jar:/home/user/.m2/repository/io/netty/netty-handler/4.1.30.Final/netty-handler-4.1.30.Final.jar:/home/user/.m2/repository/io/netty/netty-handler-proxy/4.1.30.Final/netty-handler-proxy-4.1.30.Final.jar:/home/user/.m2/repository/io/netty/netty-codec-socks/4.1.30.Final/netty-codec-socks-4.1.30.Final.jar:/home/user/.m2/repository/io/netty/netty-transport-native-epoll/4.1.30.Final/netty-transport-native-epoll-4.1.30.Final.jar:/home/user/.m2/repository/io/netty/netty-common/4.1.30.Final/netty-common-4.1.30.Final.jar:/home/user/.m2/repository/io/netty/netty-buffer/4.1.30.Final/netty-buffer-4.1.30.Final.jar:/home/user/.m2/repository/io/netty/netty-transport/4.1.30.Final/netty-transport-4.1.30.Final.jar:/home/user/.m2/repository/io/netty/netty-resolver/4.1.30.Final/netty-resolver-4.1.30.Final.jar:/home/user/.m2/repository/io/netty/netty-transport-native-unix-common/4.1.30.Final/netty-transport-native-unix-common-4.1.30.Final.jar:/home/user/.m2/repository/io/grpc/grpc-protobuf/1.17.1/grpc-protobuf-1.17.1.jar:/home/user/.m2/repository/com/google/api/grpc/proto-google-common-protos/1.0.0/proto-google-common-protos-1.0.0.jar:/home/user/.m2/repository/io/grpc/grpc-protobuf-lite/1.17.1/grpc-protobuf-lite-1.17.1.jar:/home/user/.m2/repository/io/grpc/grpc-stub/1.17.1/grpc-stub-1.17.1.jar:/home/user/.m2/repository/org/apache/hadoop/hadoop-ozone-recon/0.5.0-SNAPSHOT/hadoop-ozone-recon-0.5.0-SNAPSHOT.jar:/home/user/.m2/repository/org/apache/hadoop/hadoop-ozone-reconcodegen/0.5.0-SNAPSHOT/hadoop-ozone-reconcodegen-0.5.0-SNAPSHOT.jar:/home/user/.m2/repository/com/google/inject/extensions/guice-multibindings/4.0/guice-multibindings-4.0.jar:/home/user/.m2/repository/com/google/inject/guice/4.0/guice-4.0.jar:/home/user/.m2/repository/aopalliance/aopalliance/1.0/aopalliance-1.0.jar:/home/user/.m2/repository/com/google/inject/extensions/guice-servlet/4.0/guice-servlet-4.0.jar:/home/user/.m2/repository/org/glassfish/jersey/containers/jersey-container-servlet/2.27/jersey-container-servlet-2.27.jar:/home/user/.m2/repository/org/glassfish/hk2/guice-bridge/2.5.0/guice-bridge-2.5.0.jar:/home/user/.m2/repository/org/glassfish/jersey/core/jersey-server/2.27/jersey-server-2.27.jar:/home/user/.m2/repository/org/glassfish/jersey/core/jersey-client/2.27/jersey-client-2.27.jar:/home/user/.m2/repository/org/glassfish/jersey/media/jersey-media-jaxb/2.27/jersey-media-jaxb-2.27.jar:/home/user/.m2/repository/javax/validation/validation-api/1.1.0.Final/validation-api-1.1.0.Final.jar:/home/user/.m2/repository/org/glassfish/jersey/media/jersey-media-json-jackson/2.27/jersey-media-json-jackson-2.27.jar:/home/user/.m2/repository/org/glassfish/jersey/ext/jersey-entity-filtering/2.27/jersey-entity-filtering-2.27.jar:/home/user/.m2/repository/com/google/inject/extensions/guice-assistedinject/4.0/guice-assistedinject-4.0.jar:/home/user/.m2/repository/org/jooq/jooq/3.11.10/jooq-3.11.10.jar:/home/user/.m2/repository/org/jooq/jooq-meta/3.11.10/jooq-meta-3.11.10.jar:/home/user/.m2/repository/org/jooq/jooq-codegen/3.11.10/jooq-codegen-3.11.10.jar:/home/user/.m2/repository/com/jolbox/bonecp/0.8.0.RELEASE/bonecp-0.8.0.RELEASE.jar:/home/user/.m2/repository/org/xerial/sqlite-jdbc/3.25.2/sqlite-jdbc-3.25.2.jar:/home/user/.m2/repository/org/springframework/spring-jdbc/5.1.3.RELEASE/spring-jdbc-5.1.3.RELEASE.jar:/home/user/.m2/repository/org/springframework/spring-beans/5.1.3.RELEASE/spring-beans-5.1.3.RELEASE.jar:/home/user/.m2/repository/org/springframework/spring-core/5.1.3.RELEASE/spring-core-5.1.3.RELEASE.jar:/home/user/.m2/repository/org/springframework/spring-jcl/5.1.3.RELEASE/spring-jcl-5.1.3.RELEASE.jar:/home/user/.m2/repository/org/springframework/spring-tx/5.1.3.RELEASE/spring-tx-5.1.3.RELEASE.jar:/home/user/.m2/repository/org/apache/hadoop/hadoop-ozone-client/0.5.0-SNAPSHOT/hadoop-ozone-client-0.5.0-SNAPSHOT.jar:/home/user/.m2/repository/commons-lang/commons-lang/2.6/commons-lang-2.6.jar:/home/user/.m2/repository/org/apache/hadoop/hadoop-ozone-ozone-manager/0.5.0-SNAPSHOT/hadoop-ozone-ozone-manager-0.5.0-SNAPSHOT-tests.jar:/home/user/.m2/repository/junit/junit/4.11/junit-4.11.jar:/home/user/.m2/repository/org/hamcrest/hamcrest-core/1.3/hamcrest-core-1.3.jar:/home/user/.m2/repository/org/openjdk/jmh/jmh-core/1.19/jmh-core-1.19.jar:/home/user/.m2/repository/net/sf/jopt-simple/jopt-simple/4.6/jopt-simple-4.6.jar:/home/user/.m2/repository/org/apache/commons/commons-math3/3.1.1/commons-math3-3.1.1.jar:/home/user/.m2/repository/org/openjdk/jmh/jmh-generator-annprocess/1.19/jmh-generator-annprocess-1.19.jar:/home/user/.m2/repository/org/mockito/mockito-all/1.8.5/mockito-all-1.8.5.jar:/home/user/.m2/repository/org/apache/hadoop/hadoop-kms/3.2.0/hadoop-kms-3.2.0.jar:/home/user/.m2/repository/org/apache/hadoop/hadoop-auth/3.2.0/hadoop-auth-3.2.0.jar:/home/user/.m2/repository/com/nimbusds/nimbus-jose-jwt/4.41.1/nimbus-jose-jwt-4.41.1.jar:/home/user/.m2/repository/com/github/stephenc/jcip/jcip-annotations/1.0-1/jcip-annotations-1.0-1.jar:/home/user/.m2/repository/net/minidev/json-smart/2.3/json-smart-2.3.jar:/home/user/.m2/repository/net/minidev/accessors-smart/1.2/accessors-smart-1.2.jar:/home/user/.m2/repository/org/ow2/asm/asm/5.0.4/asm-5.0.4.jar:/home/user/.m2/repository/org/apache/curator/curator-framework/2.12.0/curator-framework-2.12.0.jar:/home/user/.m2/repository/com/sun/jersey/jersey-core/1.19/jersey-core-1.19.jar:/home/user/.m2/repository/javax/ws/rs/jsr311-api/1.1.1/jsr311-api-1.1.1.jar:/home/user/.m2/repository/com/sun/jersey/jersey-server/1.19/jersey-server-1.19.jar:/home/user/.m2/repository/javax/servlet/javax.servlet-api/3.1.0/javax.servlet-api-3.1.0.jar:/home/user/.m2/repository/org/eclipse/jetty/jetty-server/9.3.24.v20180605/jetty-server-9.3.24.v20180605.jar:/home/user/.m2/repository/org/eclipse/jetty/jetty-http/9.3.24.v20180605/jetty-http-9.3.24.v20180605.jar:/home/user/.m2/repository/org/eclipse/jetty/jetty-io/9.3.24.v20180605/jetty-io-9.3.24.v20180605.jar:/home/user/.m2/repository/org/eclipse/jetty/jetty-webapp/9.3.24.v20180605/jetty-webapp-9.3.24.v20180605.jar:/home/user/.m2/repository/org/eclipse/jetty/jetty-xml/9.3.24.v20180605/jetty-xml-9.3.24.v20180605.jar:/home/user/.m2/repository/log4j/log4j/1.2.17/log4j-1.2.17.jar:/home/user/.m2/repository/org/slf4j/slf4j-api/1.7.25/slf4j-api-1.7.25.jar:/home/user/.m2/repository/org/slf4j/jul-to-slf4j/1.7.25/jul-to-slf4j-1.7.25.jar:/home/user/.m2/repository/org/eclipse/jetty/jetty-util/9.3.24.v20180605/jetty-util-9.3.24.v20180605.jar:/home/user/.m2/repository/com/fasterxml/jackson/core/jackson-databind/2.9.5/jackson-databind-2.9.5.jar:/home/user/.m2/repository/org/apache/hadoop/hadoop-kms/3.2.0/hadoop-kms-3.2.0-tests.jar:/home/user/.m2/repository/org/apache/hadoop/hadoop-hdds-server-scm/0.5.0-SNAPSHOT/hadoop-hdds-server-scm-0.5.0-SNAPSHOT-tests.jar:/home/user/.m2/repository/org/apache/hadoop/hadoop-hdds-container-service/0.5.0-SNAPSHOT/hadoop-hdds-container-service-0.5.0-SNAPSHOT-tests.jar:/home/user/.m2/repository/org/yaml/snakeyaml/1.16/snakeyaml-1.16.jar:/home/user/.m2/repository/org/apache/hadoop/hadoop-common/3.2.0/hadoop-common-3.2.0-tests.jar:/home/user/.m2/repository/org/apache/hadoop/hadoop-annotations/3.2.0/hadoop-annotations-3.2.0.jar:/usr/lib/jvm/java-1.8-openjdk/jre/../lib/tools.jar:/home/user/.m2/repository/commons-cli/commons-cli/1.2/commons-cli-1.2.jar:/home/user/.m2/repository/org/apache/httpcomponents/httpclient/4.5.2/httpclient-4.5.2.jar:/home/user/.m2/repository/org/apache/httpcomponents/httpcore/4.4.4/httpcore-4.4.4.jar:/home/user/.m2/repository/commons-codec/commons-codec/1.11/commons-codec-1.11.jar:/home/user/.m2/repository/commons-net/commons-net/3.6/commons-net-3.6.jar:/home/user/.m2/repository/commons-collections/commons-collections/3.2.2/commons-collections-3.2.2.jar:/home/user/.m2/repository/org/eclipse/jetty/jetty-servlet/9.3.24.v20180605/jetty-servlet-9.3.24.v20180605.jar:/home/user/.m2/repository/org/eclipse/jetty/jetty-security/9.3.24.v20180605/jetty-security-9.3.24.v20180605.jar:/home/user/.m2/repository/javax/servlet/jsp/jsp-api/2.1/jsp-api-2.1.jar:/home/user/.m2/repository/com/sun/jersey/jersey-servlet/1.19/jersey-servlet-1.19.jar:/home/user/.m2/repository/com/sun/jersey/jersey-json/1.19/jersey-json-1.19.jar:/home/user/.m2/repository/org/codehaus/jettison/jettison/1.1/jettison-1.1.jar:/home/user/.m2/repository/org/codehaus/jackson/jackson-core-asl/1.9.13/jackson-core-asl-1.9.13.jar:/home/user/.m2/repository/org/codehaus/jackson/jackson-mapper-asl/1.9.13/jackson-mapper-asl-1.9.13.jar:/home/user/.m2/repository/org/codehaus/jackson/jackson-jaxrs/1.9.13/jackson-jaxrs-1.9.13.jar:/home/user/.m2/repository/org/codehaus/jackson/jackson-xc/1.9.13/jackson-xc-1.9.13.jar:/home/user/.m2/repository/commons-logging/commons-logging/1.1.3/commons-logging-1.1.3.jar:/home/user/.m2/repository/commons-beanutils/commons-beanutils/1.9.3/commons-beanutils-1.9.3.jar:/home/user/.m2/repository/org/apache/commons/commons-configuration2/2.1.1/commons-configuration2-2.1.1.jar:/home/user/.m2/repository/org/apache/commons/commons-lang3/3.7/commons-lang3-3.7.jar:/home/user/.m2/repository/org/apache/commons/commons-text/1.4/commons-text-1.4.jar:/home/user/.m2/repository/org/apache/avro/avro/1.7.7/avro-1.7.7.jar:/home/user/.m2/repository/com/thoughtworks/paranamer/paranamer/2.3/paranamer-2.3.jar:/home/user/.m2/repository/org/xerial/snappy/snappy-java/1.0.5/snappy-java-1.0.5.jar:/home/user/.m2/repository/com/google/re2j/re2j/1.1/re2j-1.1.jar:/home/user/.m2/repository/com/google/code/gson/gson/2.2.4/gson-2.2.4.jar:/home/user/.m2/repository/com/jcraft/jsch/0.1.54/jsch-0.1.54.jar:/home/user/.m2/repository/org/apache/curator/curator-client/2.12.0/curator-client-2.12.0.jar:/home/user/.m2/repository/org/apache/curator/curator-recipes/2.12.0/curator-recipes-2.12.0.jar:/home/user/.m2/repository/com/google/code/findbugs/jsr305/3.0.0/jsr305-3.0.0.jar:/home/user/.m2/repository/org/apache/htrace/htrace-core4/4.1.0-incubating/htrace-core4-4.1.0-incubating.jar:/home/user/.m2/repository/org/apache/zookeeper/zookeeper/3.4.13/zookeeper-3.4.13.jar:/home/user/.m2/repository/org/apache/yetus/audience-annotations/0.5.0/audience-annotations-0.5.0.jar:/home/user/.m2/repository/org/codehaus/woodstox/stax2-api/3.1.4/stax2-api-3.1.4.jar:/home/user/.m2/repository/com/fasterxml/woodstox/woodstox-core/5.0.3/woodstox-core-5.0.3.jar:/home/user/.m2/repository/dnsjava/dnsjava/2.1.7/dnsjava-2.1.7.jar:/home/user/.m2/repository/org/apache/hadoop/hadoop-hdfs/3.2.0/hadoop-hdfs-3.2.0-tests.jar:/home/user/.m2/repository/org/eclipse/jetty/jetty-util-ajax/9.3.24.v20180605/jetty-util-ajax-9.3.24.v20180605.jar:/home/user/.m2/repository/commons-daemon/commons-daemon/1.0.13/commons-daemon-1.0.13.jar:/home/user/.m2/repository/io/netty/netty/3.10.5.Final/netty-3.10.5.Final.jar:/home/user/.m2/repository/io/netty/netty-all/4.0.52.Final/netty-all-4.0.52.Final.jar:/home/user/.m2/repository/org/fusesource/leveldbjni/leveldbjni-all/1.8/leveldbjni-all-1.8.jar:"/>
    <property name="java.vm.vendor" value="IcedTea"/>
    <property name="sun.arch.data.model" value="64"/>
    <property name="test.build.dir" value="/workdir/hadoop-ozone/integration-test/target/test-dir"/>
    <property name="test.cache.data" value=""/>
    <property name="java.vendor.url" value="https://icedtea.classpath.org"/>
    <property name="user.timezone" value=""/>
    <property name="java.vm.specification.version" value="1.8"/>
    <property name="os.name" value="Linux"/>
    <property name="test.build.data" value="/workdir/hadoop-ozone/integration-test/target/test-dir"/>
    <property name="user.country" value="US"/>
    <property name="sun.java.launcher" value="SUN_STANDARD"/>
    <property name="sun.boot.library.path" value="/usr/lib/jvm/java-1.8-openjdk/jre/lib/amd64"/>
    <property name="sun.java.command" value="/workdir/hadoop-ozone/integration-test/target/surefire/surefirebooter4895541068826458940.jar /workdir/hadoop-ozone/integration-test/target/surefire 2019-09-10T05-13-10_557-jvmRun1 surefire91838565961544527tmp surefire_168063974272368311978tmp"/>
    <property name="test" value="!TestMiniChaosOzoneCluster"/>
    <property name="surefire.test.class.path" value="/workdir/hadoop-ozone/integration-test/target/test-classes:/workdir/hadoop-ozone/integration-test/target/classes:/home/user/.m2/repository/org/apache/hadoop/hadoop-ozone-common/0.5.0-SNAPSHOT/hadoop-ozone-common-0.5.0-SNAPSHOT.jar:/home/user/.m2/repository/org/apache/commons/commons-compress/1.4.1/commons-compress-1.4.1.jar:/home/user/.m2/repository/org/tukaani/xz/1.0/xz-1.0.jar:/home/user/.m2/repository/org/apache/hadoop/hadoop-common/3.2.0/hadoop-common-3.2.0.jar:/home/user/.m2/repository/org/apache/hadoop/hadoop-hdfs/3.2.0/hadoop-hdfs-3.2.0.jar:/home/user/.m2/repository/org/apache/hadoop/hadoop-hdfs-client/3.2.0/hadoop-hdfs-client-3.2.0.jar:/home/user/.m2/repository/com/fasterxml/jackson/core/jackson-annotations/2.9.5/jackson-annotations-2.9.5.jar:/home/user/.m2/repository/org/apache/hadoop/hadoop-hdds-common/0.5.0-SNAPSHOT/hadoop-hdds-common-0.5.0-SNAPSHOT.jar:/home/user/.m2/repository/javax/annotation/javax.annotation-api/1.2/javax.annotation-api-1.2.jar:/home/user/.m2/repository/org/apache/ratis/ratis-server/0.4.0-78e95b9-SNAPSHOT/ratis-server-0.4.0-78e95b9-SNAPSHOT.jar:/home/user/.m2/repository/org/apache/ratis/ratis-thirdparty-misc/0.2.0/ratis-thirdparty-misc-0.2.0.jar:/home/user/.m2/repository/org/apache/ratis/ratis-proto/0.4.0-78e95b9-SNAPSHOT/ratis-proto-0.4.0-78e95b9-SNAPSHOT.jar:/home/user/.m2/repository/org/apache/ratis/ratis-common/0.4.0-78e95b9-SNAPSHOT/ratis-common-0.4.0-78e95b9-SNAPSHOT.jar:/home/user/.m2/repository/org/apache/ratis/ratis-client/0.4.0-78e95b9-SNAPSHOT/ratis-client-0.4.0-78e95b9-SNAPSHOT.jar:/home/user/.m2/repository/org/apache/ratis/ratis-metrics/0.4.0-78e95b9-SNAPSHOT/ratis-metrics-0.4.0-78e95b9-SNAPSHOT.jar:/home/user/.m2/repository/com/github/joshelser/dropwizard-metrics-hadoop-metrics2-reporter/0.1.2/dropwizard-metrics-hadoop-metrics2-reporter-0.1.2.jar:/home/user/.m2/repository/io/dropwizard/metrics/metrics-jvm/3.2.5/metrics-jvm-3.2.5.jar:/home/user/.m2/repository/io/dropwizard/metrics/metrics-ganglia/3.2.5/metrics-ganglia-3.2.5.jar:/home/user/.m2/repository/info/ganglia/gmetric4j/gmetric4j/1.0.7/gmetric4j-1.0.7.jar:/home/user/.m2/repository/org/apache/ratis/ratis-netty/0.4.0-78e95b9-SNAPSHOT/ratis-netty-0.4.0-78e95b9-SNAPSHOT.jar:/home/user/.m2/repository/org/apache/ratis/ratis-grpc/0.4.0-78e95b9-SNAPSHOT/ratis-grpc-0.4.0-78e95b9-SNAPSHOT.jar:/home/user/.m2/repository/org/rocksdb/rocksdbjni/6.0.1/rocksdbjni-6.0.1.jar:/home/user/.m2/repository/org/apache/logging/log4j/log4j-api/2.11.0/log4j-api-2.11.0.jar:/home/user/.m2/repository/org/apache/logging/log4j/log4j-core/2.11.0/log4j-core-2.11.0.jar:/home/user/.m2/repository/com/lmax/disruptor/3.4.2/disruptor-3.4.2.jar:/home/user/.m2/repository/org/apache/commons/commons-pool2/2.6.0/commons-pool2-2.6.0.jar:/home/user/.m2/repository/org/bouncycastle/bcpkix-jdk15on/1.60/bcpkix-jdk15on-1.60.jar:/home/user/.m2/repository/commons-validator/commons-validator/1.6/commons-validator-1.6.jar:/home/user/.m2/repository/commons-digester/commons-digester/1.8.1/commons-digester-1.8.1.jar:/home/user/.m2/repository/io/jaegertracing/jaeger-client/0.33.1/jaeger-client-0.33.1.jar:/home/user/.m2/repository/io/jaegertracing/jaeger-thrift/0.33.1/jaeger-thrift-0.33.1.jar:/home/user/.m2/repository/org/apache/thrift/libthrift/0.11.0/libthrift-0.11.0.jar:/home/user/.m2/repository/com/squareup/okhttp3/okhttp/3.9.0/okhttp-3.9.0.jar:/home/user/.m2/repository/com/squareup/okio/okio/1.13.0/okio-1.13.0.jar:/home/user/.m2/repository/io/jaegertracing/jaeger-core/0.33.1/jaeger-core-0.33.1.jar:/home/user/.m2/repository/io/jaegertracing/jaeger-tracerresolver/0.33.1/jaeger-tracerresolver-0.33.1.jar:/home/user/.m2/repository/io/opentracing/contrib/opentracing-tracerresolver/0.1.5/opentracing-tracerresolver-0.1.5.jar:/home/user/.m2/repository/io/opentracing/opentracing-util/0.31.0/opentracing-util-0.31.0.jar:/home/user/.m2/repository/io/opentracing/opentracing-api/0.31.0/opentracing-api-0.31.0.jar:/home/user/.m2/repository/io/opentracing/opentracing-noop/0.31.0/opentracing-noop-0.31.0.jar:/home/user/.m2/repository/org/apache/hadoop/hadoop-hdds-server-framework/0.5.0-SNAPSHOT/hadoop-hdds-server-framework-0.5.0-SNAPSHOT.jar:/home/user/.m2/repository/org/apache/hadoop/hadoop-hdds-container-service/0.5.0-SNAPSHOT/hadoop-hdds-container-service-0.5.0-SNAPSHOT.jar:/home/user/.m2/repository/org/apache/hadoop/hadoop-hdds-client/0.5.0-SNAPSHOT/hadoop-hdds-client-0.5.0-SNAPSHOT.jar:/home/user/.m2/repository/org/apache/hadoop/hadoop-hdds-tools/0.5.0-SNAPSHOT/hadoop-hdds-tools-0.5.0-SNAPSHOT.jar:/home/user/.m2/repository/org/apache/hadoop/hadoop-hdds-server-scm/0.5.0-SNAPSHOT/hadoop-hdds-server-scm-0.5.0-SNAPSHOT.jar:/home/user/.m2/repository/org/apache/hadoop/hadoop-hdds-docs/0.5.0-SNAPSHOT/hadoop-hdds-docs-0.5.0-SNAPSHOT.jar:/home/user/.m2/repository/io/dropwizard/metrics/metrics-core/3.2.4/metrics-core-3.2.4.jar:/home/user/.m2/repository/org/hamcrest/hamcrest-all/1.3/hamcrest-all-1.3.jar:/home/user/.m2/repository/org/bouncycastle/bcprov-jdk15on/1.60/bcprov-jdk15on-1.60.jar:/home/user/.m2/repository/info/picocli/picocli/3.9.6/picocli-3.9.6.jar:/home/user/.m2/repository/com/google/protobuf/protobuf-java/2.5.0/protobuf-java-2.5.0.jar:/home/user/.m2/repository/com/google/guava/guava/11.0.2/guava-11.0.2.jar:/home/user/.m2/repository/org/apache/hadoop/hadoop-ozone-ozone-manager/0.5.0-SNAPSHOT/hadoop-ozone-ozone-manager-0.5.0-SNAPSHOT.jar:/home/user/.m2/repository/org/apache/hadoop/hadoop-minikdc/3.2.0/hadoop-minikdc-3.2.0.jar:/home/user/.m2/repository/commons-io/commons-io/2.5/commons-io-2.5.jar:/home/user/.m2/repository/org/apache/kerby/kerb-simplekdc/1.0.1/kerb-simplekdc-1.0.1.jar:/home/user/.m2/repository/org/apache/kerby/kerb-client/1.0.1/kerb-client-1.0.1.jar:/home/user/.m2/repository/org/apache/kerby/kerby-config/1.0.1/kerby-config-1.0.1.jar:/home/user/.m2/repository/org/apache/kerby/kerb-core/1.0.1/kerb-core-1.0.1.jar:/home/user/.m2/repository/org/apache/kerby/kerby-pkix/1.0.1/kerby-pkix-1.0.1.jar:/home/user/.m2/repository/org/apache/kerby/kerby-asn1/1.0.1/kerby-asn1-1.0.1.jar:/home/user/.m2/repository/org/apache/kerby/kerby-util/1.0.1/kerby-util-1.0.1.jar:/home/user/.m2/repository/org/apache/kerby/kerb-common/1.0.1/kerb-common-1.0.1.jar:/home/user/.m2/repository/org/apache/kerby/kerb-crypto/1.0.1/kerb-crypto-1.0.1.jar:/home/user/.m2/repository/org/apache/kerby/kerb-util/1.0.1/kerb-util-1.0.1.jar:/home/user/.m2/repository/org/apache/kerby/token-provider/1.0.1/token-provider-1.0.1.jar:/home/user/.m2/repository/org/apache/kerby/kerb-admin/1.0.1/kerb-admin-1.0.1.jar:/home/user/.m2/repository/org/apache/kerby/kerb-server/1.0.1/kerb-server-1.0.1.jar:/home/user/.m2/repository/org/apache/kerby/kerb-identity/1.0.1/kerb-identity-1.0.1.jar:/home/user/.m2/repository/org/apache/kerby/kerby-xdr/1.0.1/kerby-xdr-1.0.1.jar:/home/user/.m2/repository/org/slf4j/slf4j-log4j12/1.7.25/slf4j-log4j12-1.7.25.jar:/home/user/.m2/repository/org/apache/hadoop/hadoop-ozone-s3gateway/0.5.0-SNAPSHOT/hadoop-ozone-s3gateway-0.5.0-SNAPSHOT.jar:/home/user/.m2/repository/org/jboss/weld/servlet/weld-servlet/2.4.7.Final/weld-servlet-2.4.7.Final.jar:/home/user/.m2/repository/org/glassfish/jersey/containers/jersey-container-servlet-core/2.27/jersey-container-servlet-core-2.27.jar:/home/user/.m2/repository/org/glassfish/hk2/external/javax.inject/2.5.0-b42/javax.inject-2.5.0-b42.jar:/home/user/.m2/repository/org/glassfish/jersey/core/jersey-common/2.27/jersey-common-2.27.jar:/home/user/.m2/repository/org/glassfish/hk2/osgi-resource-locator/1.0.1/osgi-resource-locator-1.0.1.jar:/home/user/.m2/repository/javax/ws/rs/javax.ws.rs-api/2.1/javax.ws.rs-api-2.1.jar:/home/user/.m2/repository/org/glassfish/jersey/ext/cdi/jersey-cdi1x/2.27/jersey-cdi1x-2.27.jar:/home/user/.m2/repository/org/glassfish/jersey/inject/jersey-hk2/2.27/jersey-hk2-2.27.jar:/home/user/.m2/repository/org/glassfish/hk2/hk2-locator/2.5.0-b42/hk2-locator-2.5.0-b42.jar:/home/user/.m2/repository/org/javassist/javassist/3.22.0-CR2/javassist-3.22.0-CR2.jar:/home/user/.m2/repository/org/glassfish/hk2/hk2-api/2.5.0/hk2-api-2.5.0.jar:/home/user/.m2/repository/org/glassfish/hk2/external/jakarta.inject/2.5.0/jakarta.inject-2.5.0.jar:/home/user/.m2/repository/org/glassfish/hk2/hk2-utils/2.5.0/hk2-utils-2.5.0.jar:/home/user/.m2/repository/jakarta/annotation/jakarta.annotation-api/1.3.4/jakarta.annotation-api-1.3.4.jar:/home/user/.m2/repository/org/glassfish/hk2/external/aopalliance-repackaged/2.5.0/aopalliance-repackaged-2.5.0.jar:/home/user/.m2/repository/com/fasterxml/jackson/dataformat/jackson-dataformat-xml/2.9.0/jackson-dataformat-xml-2.9.0.jar:/home/user/.m2/repository/com/fasterxml/jackson/core/jackson-core/2.9.5/jackson-core-2.9.5.jar:/home/user/.m2/repository/com/fasterxml/jackson/module/jackson-module-jaxb-annotations/2.9.5/jackson-module-jaxb-annotations-2.9.5.jar:/home/user/.m2/repository/javax/enterprise/cdi-api/1.2/cdi-api-1.2.jar:/home/user/.m2/repository/javax/el/javax.el-api/3.0.0/javax.el-api-3.0.0.jar:/home/user/.m2/repository/javax/interceptor/javax.interceptor-api/1.2/javax.interceptor-api-1.2.jar:/home/user/.m2/repository/javax/inject/javax.inject/1/javax.inject-1.jar:/home/user/.m2/repository/com/sun/xml/bind/jaxb-impl/2.3.0.1/jaxb-impl-2.3.0.1.jar:/home/user/.m2/repository/com/sun/xml/bind/jaxb-core/2.3.0.1/jaxb-core-2.3.0.1.jar:/home/user/.m2/repository/javax/xml/bind/jaxb-api/2.3.0/jaxb-api-2.3.0.jar:/home/user/.m2/repository/javax/activation/activation/1.1.1/activation-1.1.1.jar:/home/user/.m2/repository/org/apache/hadoop/hadoop-ozone-csi/0.5.0-SNAPSHOT/hadoop-ozone-csi-0.5.0-SNAPSHOT.jar:/home/user/.m2/repository/com/google/protobuf/protobuf-java-util/3.5.1/protobuf-java-util-3.5.1.jar:/home/user/.m2/repository/org/apache/hadoop/hadoop-hdds-config/0.5.0-SNAPSHOT/hadoop-hdds-config-0.5.0-SNAPSHOT.jar:/home/user/.m2/repository/io/grpc/grpc-netty/1.17.1/grpc-netty-1.17.1.jar:/home/user/.m2/repository/io/grpc/grpc-core/1.17.1/grpc-core-1.17.1.jar:/home/user/.m2/repository/io/grpc/grpc-context/1.17.1/grpc-context-1.17.1.jar:/home/user/.m2/repository/com/google/errorprone/error_prone_annotations/2.2.0/error_prone_annotations-2.2.0.jar:/home/user/.m2/repository/org/codehaus/mojo/animal-sniffer-annotations/1.17/animal-sniffer-annotations-1.17.jar:/home/user/.m2/repository/io/opencensus/opencensus-api/0.17.0/opencensus-api-0.17.0.jar:/home/user/.m2/repository/io/opencensus/opencensus-contrib-grpc-metrics/0.17.0/opencensus-contrib-grpc-metrics-0.17.0.jar:/home/user/.m2/repository/io/netty/netty-codec-http2/4.1.30.Final/netty-codec-http2-4.1.30.Final.jar:/home/user/.m2/repository/io/netty/netty-codec-http/4.1.30.Final/netty-codec-http-4.1.30.Final.jar:/home/user/.m2/repository/io/netty/netty-codec/4.1.30.Final/netty-codec-4.1.30.Final.jar:/home/user/.m2/repository/io/netty/netty-handler/4.1.30.Final/netty-handler-4.1.30.Final.jar:/home/user/.m2/repository/io/netty/netty-handler-proxy/4.1.30.Final/netty-handler-proxy-4.1.30.Final.jar:/home/user/.m2/repository/io/netty/netty-codec-socks/4.1.30.Final/netty-codec-socks-4.1.30.Final.jar:/home/user/.m2/repository/io/netty/netty-transport-native-epoll/4.1.30.Final/netty-transport-native-epoll-4.1.30.Final.jar:/home/user/.m2/repository/io/netty/netty-common/4.1.30.Final/netty-common-4.1.30.Final.jar:/home/user/.m2/repository/io/netty/netty-buffer/4.1.30.Final/netty-buffer-4.1.30.Final.jar:/home/user/.m2/repository/io/netty/netty-transport/4.1.30.Final/netty-transport-4.1.30.Final.jar:/home/user/.m2/repository/io/netty/netty-resolver/4.1.30.Final/netty-resolver-4.1.30.Final.jar:/home/user/.m2/repository/io/netty/netty-transport-native-unix-common/4.1.30.Final/netty-transport-native-unix-common-4.1.30.Final.jar:/home/user/.m2/repository/io/grpc/grpc-protobuf/1.17.1/grpc-protobuf-1.17.1.jar:/home/user/.m2/repository/com/google/api/grpc/proto-google-common-protos/1.0.0/proto-google-common-protos-1.0.0.jar:/home/user/.m2/repository/io/grpc/grpc-protobuf-lite/1.17.1/grpc-protobuf-lite-1.17.1.jar:/home/user/.m2/repository/io/grpc/grpc-stub/1.17.1/grpc-stub-1.17.1.jar:/home/user/.m2/repository/org/apache/hadoop/hadoop-ozone-recon/0.5.0-SNAPSHOT/hadoop-ozone-recon-0.5.0-SNAPSHOT.jar:/home/user/.m2/repository/org/apache/hadoop/hadoop-ozone-reconcodegen/0.5.0-SNAPSHOT/hadoop-ozone-reconcodegen-0.5.0-SNAPSHOT.jar:/home/user/.m2/repository/com/google/inject/extensions/guice-multibindings/4.0/guice-multibindings-4.0.jar:/home/user/.m2/repository/com/google/inject/guice/4.0/guice-4.0.jar:/home/user/.m2/repository/aopalliance/aopalliance/1.0/aopalliance-1.0.jar:/home/user/.m2/repository/com/google/inject/extensions/guice-servlet/4.0/guice-servlet-4.0.jar:/home/user/.m2/repository/org/glassfish/jersey/containers/jersey-container-servlet/2.27/jersey-container-servlet-2.27.jar:/home/user/.m2/repository/org/glassfish/hk2/guice-bridge/2.5.0/guice-bridge-2.5.0.jar:/home/user/.m2/repository/org/glassfish/jersey/core/jersey-server/2.27/jersey-server-2.27.jar:/home/user/.m2/repository/org/glassfish/jersey/core/jersey-client/2.27/jersey-client-2.27.jar:/home/user/.m2/repository/org/glassfish/jersey/media/jersey-media-jaxb/2.27/jersey-media-jaxb-2.27.jar:/home/user/.m2/repository/javax/validation/validation-api/1.1.0.Final/validation-api-1.1.0.Final.jar:/home/user/.m2/repository/org/glassfish/jersey/media/jersey-media-json-jackson/2.27/jersey-media-json-jackson-2.27.jar:/home/user/.m2/repository/org/glassfish/jersey/ext/jersey-entity-filtering/2.27/jersey-entity-filtering-2.27.jar:/home/user/.m2/repository/com/google/inject/extensions/guice-assistedinject/4.0/guice-assistedinject-4.0.jar:/home/user/.m2/repository/org/jooq/jooq/3.11.10/jooq-3.11.10.jar:/home/user/.m2/repository/org/jooq/jooq-meta/3.11.10/jooq-meta-3.11.10.jar:/home/user/.m2/repository/org/jooq/jooq-codegen/3.11.10/jooq-codegen-3.11.10.jar:/home/user/.m2/repository/com/jolbox/bonecp/0.8.0.RELEASE/bonecp-0.8.0.RELEASE.jar:/home/user/.m2/repository/org/xerial/sqlite-jdbc/3.25.2/sqlite-jdbc-3.25.2.jar:/home/user/.m2/repository/org/springframework/spring-jdbc/5.1.3.RELEASE/spring-jdbc-5.1.3.RELEASE.jar:/home/user/.m2/repository/org/springframework/spring-beans/5.1.3.RELEASE/spring-beans-5.1.3.RELEASE.jar:/home/user/.m2/repository/org/springframework/spring-core/5.1.3.RELEASE/spring-core-5.1.3.RELEASE.jar:/home/user/.m2/repository/org/springframework/spring-jcl/5.1.3.RELEASE/spring-jcl-5.1.3.RELEASE.jar:/home/user/.m2/repository/org/springframework/spring-tx/5.1.3.RELEASE/spring-tx-5.1.3.RELEASE.jar:/home/user/.m2/repository/org/apache/hadoop/hadoop-ozone-client/0.5.0-SNAPSHOT/hadoop-ozone-client-0.5.0-SNAPSHOT.jar:/home/user/.m2/repository/commons-lang/commons-lang/2.6/commons-lang-2.6.jar:/home/user/.m2/repository/org/apache/hadoop/hadoop-ozone-ozone-manager/0.5.0-SNAPSHOT/hadoop-ozone-ozone-manager-0.5.0-SNAPSHOT-tests.jar:/home/user/.m2/repository/junit/junit/4.11/junit-4.11.jar:/home/user/.m2/repository/org/hamcrest/hamcrest-core/1.3/hamcrest-core-1.3.jar:/home/user/.m2/repository/org/openjdk/jmh/jmh-core/1.19/jmh-core-1.19.jar:/home/user/.m2/repository/net/sf/jopt-simple/jopt-simple/4.6/jopt-simple-4.6.jar:/home/user/.m2/repository/org/apache/commons/commons-math3/3.1.1/commons-math3-3.1.1.jar:/home/user/.m2/repository/org/openjdk/jmh/jmh-generator-annprocess/1.19/jmh-generator-annprocess-1.19.jar:/home/user/.m2/repository/org/mockito/mockito-all/1.8.5/mockito-all-1.8.5.jar:/home/user/.m2/repository/org/apache/hadoop/hadoop-kms/3.2.0/hadoop-kms-3.2.0.jar:/home/user/.m2/repository/org/apache/hadoop/hadoop-auth/3.2.0/hadoop-auth-3.2.0.jar:/home/user/.m2/repository/com/nimbusds/nimbus-jose-jwt/4.41.1/nimbus-jose-jwt-4.41.1.jar:/home/user/.m2/repository/com/github/stephenc/jcip/jcip-annotations/1.0-1/jcip-annotations-1.0-1.jar:/home/user/.m2/repository/net/minidev/json-smart/2.3/json-smart-2.3.jar:/home/user/.m2/repository/net/minidev/accessors-smart/1.2/accessors-smart-1.2.jar:/home/user/.m2/repository/org/ow2/asm/asm/5.0.4/asm-5.0.4.jar:/home/user/.m2/repository/org/apache/curator/curator-framework/2.12.0/curator-framework-2.12.0.jar:/home/user/.m2/repository/com/sun/jersey/jersey-core/1.19/jersey-core-1.19.jar:/home/user/.m2/repository/javax/ws/rs/jsr311-api/1.1.1/jsr311-api-1.1.1.jar:/home/user/.m2/repository/com/sun/jersey/jersey-server/1.19/jersey-server-1.19.jar:/home/user/.m2/repository/javax/servlet/javax.servlet-api/3.1.0/javax.servlet-api-3.1.0.jar:/home/user/.m2/repository/org/eclipse/jetty/jetty-server/9.3.24.v20180605/jetty-server-9.3.24.v20180605.jar:/home/user/.m2/repository/org/eclipse/jetty/jetty-http/9.3.24.v20180605/jetty-http-9.3.24.v20180605.jar:/home/user/.m2/repository/org/eclipse/jetty/jetty-io/9.3.24.v20180605/jetty-io-9.3.24.v20180605.jar:/home/user/.m2/repository/org/eclipse/jetty/jetty-webapp/9.3.24.v20180605/jetty-webapp-9.3.24.v20180605.jar:/home/user/.m2/repository/org/eclipse/jetty/jetty-xml/9.3.24.v20180605/jetty-xml-9.3.24.v20180605.jar:/home/user/.m2/repository/log4j/log4j/1.2.17/log4j-1.2.17.jar:/home/user/.m2/repository/org/slf4j/slf4j-api/1.7.25/slf4j-api-1.7.25.jar:/home/user/.m2/repository/org/slf4j/jul-to-slf4j/1.7.25/jul-to-slf4j-1.7.25.jar:/home/user/.m2/repository/org/eclipse/jetty/jetty-util/9.3.24.v20180605/jetty-util-9.3.24.v20180605.jar:/home/user/.m2/repository/com/fasterxml/jackson/core/jackson-databind/2.9.5/jackson-databind-2.9.5.jar:/home/user/.m2/repository/org/apache/hadoop/hadoop-kms/3.2.0/hadoop-kms-3.2.0-tests.jar:/home/user/.m2/repository/org/apache/hadoop/hadoop-hdds-server-scm/0.5.0-SNAPSHOT/hadoop-hdds-server-scm-0.5.0-SNAPSHOT-tests.jar:/home/user/.m2/repository/org/apache/hadoop/hadoop-hdds-container-service/0.5.0-SNAPSHOT/hadoop-hdds-container-service-0.5.0-SNAPSHOT-tests.jar:/home/user/.m2/repository/org/yaml/snakeyaml/1.16/snakeyaml-1.16.jar:/home/user/.m2/repository/org/apache/hadoop/hadoop-common/3.2.0/hadoop-common-3.2.0-tests.jar:/home/user/.m2/repository/org/apache/hadoop/hadoop-annotations/3.2.0/hadoop-annotations-3.2.0.jar:/usr/lib/jvm/java-1.8-openjdk/jre/../lib/tools.jar:/home/user/.m2/repository/commons-cli/commons-cli/1.2/commons-cli-1.2.jar:/home/user/.m2/repository/org/apache/httpcomponents/httpclient/4.5.2/httpclient-4.5.2.jar:/home/user/.m2/repository/org/apache/httpcomponents/httpcore/4.4.4/httpcore-4.4.4.jar:/home/user/.m2/repository/commons-codec/commons-codec/1.11/commons-codec-1.11.jar:/home/user/.m2/repository/commons-net/commons-net/3.6/commons-net-3.6.jar:/home/user/.m2/repository/commons-collections/commons-collections/3.2.2/commons-collections-3.2.2.jar:/home/user/.m2/repository/org/eclipse/jetty/jetty-servlet/9.3.24.v20180605/jetty-servlet-9.3.24.v20180605.jar:/home/user/.m2/repository/org/eclipse/jetty/jetty-security/9.3.24.v20180605/jetty-security-9.3.24.v20180605.jar:/home/user/.m2/repository/javax/servlet/jsp/jsp-api/2.1/jsp-api-2.1.jar:/home/user/.m2/repository/com/sun/jersey/jersey-servlet/1.19/jersey-servlet-1.19.jar:/home/user/.m2/repository/com/sun/jersey/jersey-json/1.19/jersey-json-1.19.jar:/home/user/.m2/repository/org/codehaus/jettison/jettison/1.1/jettison-1.1.jar:/home/user/.m2/repository/org/codehaus/jackson/jackson-core-asl/1.9.13/jackson-core-asl-1.9.13.jar:/home/user/.m2/repository/org/codehaus/jackson/jackson-mapper-asl/1.9.13/jackson-mapper-asl-1.9.13.jar:/home/user/.m2/repository/org/codehaus/jackson/jackson-jaxrs/1.9.13/jackson-jaxrs-1.9.13.jar:/home/user/.m2/repository/org/codehaus/jackson/jackson-xc/1.9.13/jackson-xc-1.9.13.jar:/home/user/.m2/repository/commons-logging/commons-logging/1.1.3/commons-logging-1.1.3.jar:/home/user/.m2/repository/commons-beanutils/commons-beanutils/1.9.3/commons-beanutils-1.9.3.jar:/home/user/.m2/repository/org/apache/commons/commons-configuration2/2.1.1/commons-configuration2-2.1.1.jar:/home/user/.m2/repository/org/apache/commons/commons-lang3/3.7/commons-lang3-3.7.jar:/home/user/.m2/repository/org/apache/commons/commons-text/1.4/commons-text-1.4.jar:/home/user/.m2/repository/org/apache/avro/avro/1.7.7/avro-1.7.7.jar:/home/user/.m2/repository/com/thoughtworks/paranamer/paranamer/2.3/paranamer-2.3.jar:/home/user/.m2/repository/org/xerial/snappy/snappy-java/1.0.5/snappy-java-1.0.5.jar:/home/user/.m2/repository/com/google/re2j/re2j/1.1/re2j-1.1.jar:/home/user/.m2/repository/com/google/code/gson/gson/2.2.4/gson-2.2.4.jar:/home/user/.m2/repository/com/jcraft/jsch/0.1.54/jsch-0.1.54.jar:/home/user/.m2/repository/org/apache/curator/curator-client/2.12.0/curator-client-2.12.0.jar:/home/user/.m2/repository/org/apache/curator/curator-recipes/2.12.0/curator-recipes-2.12.0.jar:/home/user/.m2/repository/com/google/code/findbugs/jsr305/3.0.0/jsr305-3.0.0.jar:/home/user/.m2/repository/org/apache/htrace/htrace-core4/4.1.0-incubating/htrace-core4-4.1.0-incubating.jar:/home/user/.m2/repository/org/apache/zookeeper/zookeeper/3.4.13/zookeeper-3.4.13.jar:/home/user/.m2/repository/org/apache/yetus/audience-annotations/0.5.0/audience-annotations-0.5.0.jar:/home/user/.m2/repository/org/codehaus/woodstox/stax2-api/3.1.4/stax2-api-3.1.4.jar:/home/user/.m2/repository/com/fasterxml/woodstox/woodstox-core/5.0.3/woodstox-core-5.0.3.jar:/home/user/.m2/repository/dnsjava/dnsjava/2.1.7/dnsjava-2.1.7.jar:/home/user/.m2/repository/org/apache/hadoop/hadoop-hdfs/3.2.0/hadoop-hdfs-3.2.0-tests.jar:/home/user/.m2/repository/org/eclipse/jetty/jetty-util-ajax/9.3.24.v20180605/jetty-util-ajax-9.3.24.v20180605.jar:/home/user/.m2/repository/commons-daemon/commons-daemon/1.0.13/commons-daemon-1.0.13.jar:/home/user/.m2/repository/io/netty/netty/3.10.5.Final/netty-3.10.5.Final.jar:/home/user/.m2/repository/io/netty/netty-all/4.0.52.Final/netty-all-4.0.52.Final.jar:/home/user/.m2/repository/org/fusesource/leveldbjni/leveldbjni-all/1.8/leveldbjni-all-1.8.jar:"/>
    <property name="sun.cpu.endian" value="little"/>
    <property name="user.home" value="/home/user"/>
    <property name="user.language" value="en"/>
    <property name="java.specification.vendor" value="Oracle Corporation"/>
    <property name="java.home" value="/usr/lib/jvm/java-1.8-openjdk/jre"/>
    <property name="java.security.krb5.conf" value="/workdir/hadoop-ozone/integration-test/target/test-classes/krb5.conf"/>
    <property name="basedir" value="/workdir/hadoop-ozone/integration-test"/>
    <property name="file.separator" value="/"/>
    <property name="line.separator" value="&#10;"/>
    <property name="java.vm.specification.vendor" value="Oracle Corporation"/>
    <property name="java.specification.name" value="Java Platform API Specification"/>
    <property name="java.awt.graphicsenv" value="sun.awt.X11GraphicsEnvironment"/>
    <property name="surefire.real.class.path" value="/workdir/hadoop-ozone/integration-test/target/surefire/surefirebooter4895541068826458940.jar"/>
    <property name="hadoop.log.dir" value="/workdir/hadoop-ozone/integration-test/target/log"/>
    <property name="sun.boot.class.path" value="/usr/lib/jvm/java-1.8-openjdk/jre/lib/resources.jar:/usr/lib/jvm/java-1.8-openjdk/jre/lib/rt.jar:/usr/lib/jvm/java-1.8-openjdk/jre/lib/sunrsasign.jar:/usr/lib/jvm/java-1.8-openjdk/jre/lib/jsse.jar:/usr/lib/jvm/java-1.8-openjdk/jre/lib/jce.jar:/usr/lib/jvm/java-1.8-openjdk/jre/lib/charsets.jar:/usr/lib/jvm/java-1.8-openjdk/jre/lib/jfr.jar:/usr/lib/jvm/java-1.8-openjdk/jre/classes"/>
    <property name="sun.management.compiler" value="HotSpot 64-Bit Tiered Compilers"/>
    <property name="java.runtime.version" value="1.8.0_212-b04"/>
    <property name="java.net.preferIPv4Stack" value="true"/>
    <property name="user.name" value="jenkins1000"/>
    <property name="path.separator" value=":"/>
    <property name="java.security.egd" value="file:///dev/urandom"/>
    <property name="os.version" value="3.10.0-957.12.2.el7.x86_64"/>
    <property name="java.endorsed.dirs" value="/usr/lib/jvm/java-1.8-openjdk/jre/lib/endorsed"/>
    <property name="java.runtime.name" value="OpenJDK Runtime Environment"/>
    <property name="file.encoding" value="UTF-8"/>
    <property name="java.vm.name" value="OpenJDK 64-Bit Server VM"/>
    <property name="test.build.webapps" value=""/>
    <property name="localRepository" value="/home/user/.m2/repository"/>
    <property name="java.vendor.url.bug" value="https://icedtea.classpath.org/bugzilla"/>
    <property name="java.io.tmpdir" value="/tmp"/>
    <property name="require.test.libhadoop" value=""/>
    <property name="java.version" value="1.8.0_212"/>
    <property name="user.dir" value="/workdir/hadoop-ozone/integration-test"/>
    <property name="os.arch" value="amd64"/>
    <property name="java.vm.specification.name" value="Java Virtual Machine Specification"/>
    <property name="test.build.classes" value="/workdir/hadoop-ozone/integration-test/target/test-classes"/>
    <property name="java.awt.printerjob" value="sun.print.PSPrinterJob"/>
    <property name="sun.os.patch.level" value="unknown"/>
    <property name="hadoop.tmp.dir" value="/workdir/hadoop-ozone/integration-test/target/tmp"/>
    <property name="java.library.path" value="/usr/lib/jvm/java-1.8-openjdk/jre/lib/amd64/server:/usr/lib/jvm/java-1.8-openjdk/jre/lib/amd64:/usr/lib/jvm/java-1.8-openjdk/jre/../lib/amd64:/workdir/hadoop-ozone/integration-test/target/native/target/usr/local/lib:/workdir/hadoop-ozone/integration-test/../../hadoop-common-project/hadoop-common/target/native/target/usr/local/lib:/usr/java/packages/lib/amd64:/usr/lib64:/lib64:/lib:/usr/lib"/>
    <property name="java.vm.info" value="mixed mode"/>
    <property name="java.vendor" value="IcedTea"/>
    <property name="java.vm.version" value="25.212-b04"/>
    <property name="java.ext.dirs" value="/usr/lib/jvm/java-1.8-openjdk/jre/lib/ext:/usr/java/packages/lib/ext"/>
    <property name="sun.io.unicode.encoding" value="UnicodeLittle"/>
    <property name="java.class.version" value="52.0"/>
  </properties>
  <testcase name="test2DatanodesFailure" classname="org.apache.hadoop.ozone.client.rpc.TestBlockOutputStreamWithFailures" time="39.965">
    <failure message="expected:&lt;5&gt; but was:&lt;6&gt;" type="java.lang.AssertionError"><![CDATA[java.lang.AssertionError: expected:<5> but was:<6>
	at org.junit.Assert.fail(Assert.java:88)
	at org.junit.Assert.failNotEquals(Assert.java:743)
	at org.junit.Assert.assertEquals(Assert.java:118)
	at org.junit.Assert.assertEquals(Assert.java:555)
	at org.junit.Assert.assertEquals(Assert.java:542)
	at org.apache.hadoop.ozone.client.rpc.TestBlockOutputStreamWithFailures.test2DatanodesFailure(TestBlockOutputStreamWithFailures.java:467)
	at sun.reflect.NativeMethodAccessorImpl.invoke0(Native Method)
	at sun.reflect.NativeMethodAccessorImpl.invoke(NativeMethodAccessorImpl.java:62)
	at sun.reflect.DelegatingMethodAccessorImpl.invoke(DelegatingMethodAccessorImpl.java:43)
	at java.lang.reflect.Method.invoke(Method.java:498)
	at org.junit.runners.model.FrameworkMethod$1.runReflectiveCall(FrameworkMethod.java:47)
	at org.junit.internal.runners.model.ReflectiveCallable.run(ReflectiveCallable.java:12)
	at org.junit.runners.model.FrameworkMethod.invokeExplosively(FrameworkMethod.java:44)
	at org.junit.internal.runners.statements.InvokeMethod.evaluate(InvokeMethod.java:17)
	at org.junit.internal.runners.statements.RunBefores.evaluate(RunBefores.java:26)
	at org.junit.internal.runners.statements.RunAfters.evaluate(RunAfters.java:27)
	at org.junit.runners.ParentRunner.runLeaf(ParentRunner.java:271)
	at org.junit.runners.BlockJUnit4ClassRunner.runChild(BlockJUnit4ClassRunner.java:70)
	at org.junit.runners.BlockJUnit4ClassRunner.runChild(BlockJUnit4ClassRunner.java:50)
	at org.junit.runners.ParentRunner$3.run(ParentRunner.java:238)
	at org.junit.runners.ParentRunner$1.schedule(ParentRunner.java:63)
	at org.junit.runners.ParentRunner.runChildren(ParentRunner.java:236)
	at org.junit.runners.ParentRunner.access$000(ParentRunner.java:53)
	at org.junit.runners.ParentRunner$2.evaluate(ParentRunner.java:229)
	at org.junit.runners.ParentRunner.run(ParentRunner.java:309)
	at org.apache.maven.surefire.junit4.JUnit4Provider.execute(JUnit4Provider.java:365)
	at org.apache.maven.surefire.junit4.JUnit4Provider.executeWithRerun(JUnit4Provider.java:273)
	at org.apache.maven.surefire.junit4.JUnit4Provider.executeTestSet(JUnit4Provider.java:238)
	at org.apache.maven.surefire.junit4.JUnit4Provider.invoke(JUnit4Provider.java:159)
	at org.apache.maven.surefire.booter.ForkedBooter.invokeProviderInSameClassLoader(ForkedBooter.java:384)
	at org.apache.maven.surefire.booter.ForkedBooter.runSuitesInProcess(ForkedBooter.java:345)
	at org.apache.maven.surefire.booter.ForkedBooter.execute(ForkedBooter.java:126)
	at org.apache.maven.surefire.booter.ForkedBooter.main(ForkedBooter.java:418)
]]></failure>
    <system-out><![CDATA[2019-09-10 05:25:08,329 [main] WARN  server.ServerUtils (ServerUtils.java:getScmDbDir(145)) - ozone.scm.db.dirs is not configured. We recommend adding this setting. Falling back to ozone.metadata.dirs instead.
2019-09-10 05:25:08,458 [main] WARN  server.ServerUtils (ServerUtils.java:getScmDbDir(145)) - ozone.scm.db.dirs is not configured. We recommend adding this setting. Falling back to ozone.metadata.dirs instead.
2019-09-10 05:25:08,461 [main] WARN  server.ServerUtils (ServerUtils.java:getScmDbDir(145)) - ozone.scm.db.dirs is not configured. We recommend adding this setting. Falling back to ozone.metadata.dirs instead.
2019-09-10 05:25:08,478 [main] INFO  util.log (Log.java:initialized(192)) - Logging initialized @867ms
2019-09-10 05:25:08,620 [main] INFO  db.DBStoreBuilder (DBStoreBuilder.java:addTable(110)) - using custom profile for table: deletedBlocks
2019-09-10 05:25:08,621 [main] INFO  db.DBStoreBuilder (DBStoreBuilder.java:processTables(161)) - Using default column profile:DBProfile.DISK for Table:deletedBlocks
2019-09-10 05:25:08,621 [main] INFO  db.DBStoreBuilder (DBStoreBuilder.java:addTable(110)) - using custom profile for table: validCerts
2019-09-10 05:25:08,621 [main] INFO  db.DBStoreBuilder (DBStoreBuilder.java:processTables(161)) - Using default column profile:DBProfile.DISK for Table:validCerts
2019-09-10 05:25:08,622 [main] INFO  db.DBStoreBuilder (DBStoreBuilder.java:addTable(110)) - using custom profile for table: revokedCerts
2019-09-10 05:25:08,622 [main] INFO  db.DBStoreBuilder (DBStoreBuilder.java:processTables(161)) - Using default column profile:DBProfile.DISK for Table:revokedCerts
2019-09-10 05:25:08,635 [main] INFO  db.DBStoreBuilder (DBStoreBuilder.java:addTable(110)) - using custom profile for table: default
2019-09-10 05:25:08,636 [main] INFO  db.DBStoreBuilder (DBStoreBuilder.java:processTables(167)) - Using default column profile:DBProfile.DISK for Table:default
2019-09-10 05:25:08,637 [main] INFO  db.DBStoreBuilder (DBStoreBuilder.java:getDbProfile(198)) - Using default options. DBProfile.DISK
2019-09-10 05:25:08,982 [main] INFO  net.NodeSchemaLoader (NodeSchemaLoader.java:loadSchemaFromFile(125)) - Loading file from sun.misc.CompoundEnumeration@4218d6a3
2019-09-10 05:25:08,984 [main] INFO  net.NodeSchemaLoader (NodeSchemaLoader.java:loadSchema(171)) - Loading network topology layer schema file
2019-09-10 05:25:09,057 [main] INFO  node.SCMNodeManager (SCMNodeManager.java:<init>(114)) - Entering startup safe mode.
2019-09-10 05:25:09,144 [main] INFO  algorithms.ContainerPlacementPolicyFactory (ContainerPlacementPolicyFactory.java:getPolicy(57)) - Create container placement policy of type org.apache.hadoop.hdds.scm.container.placement.algorithms.SCMContainerPlacementRandom
2019-09-10 05:25:09,161 [main] WARN  server.ServerUtils (ServerUtils.java:getScmDbDir(145)) - ozone.scm.db.dirs is not configured. We recommend adding this setting. Falling back to ozone.metadata.dirs instead.
2019-09-10 05:25:09,307 [main] INFO  pipeline.SCMPipelineManager (SCMPipelineManager.java:initializePipelineState(128)) - No pipeline exists in current db
2019-09-10 05:25:09,310 [main] WARN  server.ServerUtils (ServerUtils.java:getScmDbDir(145)) - ozone.scm.db.dirs is not configured. We recommend adding this setting. Falling back to ozone.metadata.dirs instead.
2019-09-10 05:25:09,443 [main] WARN  events.EventQueue (EventQueue.java:fireEvent(183)) - No event handler registered for event TypedEvent{payloadType=SafeModeStatus, name='SafeModeStatus'}
2019-09-10 05:25:09,825 [main] INFO  ipc.CallQueueManager (CallQueueManager.java:<init>(84)) - Using callQueue: class java.util.concurrent.LinkedBlockingQueue, queueCapacity: 2000, scheduler: class org.apache.hadoop.ipc.DefaultRpcScheduler, ipcBackoff: false.
2019-09-10 05:25:09,853 [Socket Reader #1 for port 36752] INFO  ipc.Server (Server.java:run(1074)) - Starting Socket Reader #1 for port 36752
2019-09-10 05:25:09,977 [main] INFO  ipc.CallQueueManager (CallQueueManager.java:<init>(84)) - Using callQueue: class java.util.concurrent.LinkedBlockingQueue, queueCapacity: 2000, scheduler: class org.apache.hadoop.ipc.DefaultRpcScheduler, ipcBackoff: false.
2019-09-10 05:25:09,979 [Socket Reader #1 for port 38842] INFO  ipc.Server (Server.java:run(1074)) - Starting Socket Reader #1 for port 38842
2019-09-10 05:25:09,985 [main] INFO  ipc.CallQueueManager (CallQueueManager.java:<init>(84)) - Using callQueue: class java.util.concurrent.LinkedBlockingQueue, queueCapacity: 2000, scheduler: class org.apache.hadoop.ipc.DefaultRpcScheduler, ipcBackoff: false.
2019-09-10 05:25:09,986 [Socket Reader #1 for port 36721] INFO  ipc.Server (Server.java:run(1074)) - Starting Socket Reader #1 for port 36721
2019-09-10 05:25:10,007 [main] INFO  hdfs.DFSUtil (DFSUtil.java:httpServerTemplateForNNAndJN(1641)) - Starting Web-server for scm at: http://0.0.0.0:0
2019-09-10 05:25:10,188 [main] INFO  server.AuthenticationFilter (AuthenticationFilter.java:constructSecretProvider(240)) - Unable to initialize FileSignerSecretProvider, falling back to use random secrets.
2019-09-10 05:25:10,196 [main] WARN  http.HttpRequestLog (HttpRequestLog.java:getRequestLog(97)) - Jetty request log can only be enabled using Log4j
2019-09-10 05:25:10,205 [main] INFO  http.HttpServer2 (HttpServer2.java:addGlobalFilter(975)) - Added global filter 'safety' (class=org.apache.hadoop.http.HttpServer2$QuotingInputFilter)
2019-09-10 05:25:10,210 [main] INFO  http.HttpServer2 (HttpServer2.java:addFilter(948)) - Added filter static_user_filter (class=org.apache.hadoop.http.lib.StaticUserWebFilter$StaticUserFilter) to context scm
2019-09-10 05:25:10,211 [main] INFO  http.HttpServer2 (HttpServer2.java:addFilter(958)) - Added filter static_user_filter (class=org.apache.hadoop.http.lib.StaticUserWebFilter$StaticUserFilter) to context logs
2019-09-10 05:25:10,211 [main] INFO  http.HttpServer2 (HttpServer2.java:addFilter(958)) - Added filter static_user_filter (class=org.apache.hadoop.http.lib.StaticUserWebFilter$StaticUserFilter) to context static
2019-09-10 05:25:10,259 [main] INFO  server.StorageContainerManager (StorageContainerManager.java:start(763)) - StorageContainerLocationProtocol RPC server is listening at /0.0.0.0:36721
2019-09-10 05:25:10,336 [main] WARN  impl.MetricsConfig (MetricsConfig.java:loadFirst(134)) - Cannot locate configuration: tried hadoop-metrics2-storagecontainermanager.properties,hadoop-metrics2.properties
2019-09-10 05:25:10,350 [main] INFO  impl.MetricsSystemImpl (MetricsSystemImpl.java:startTimer(374)) - Scheduled Metric snapshot period at 10 second(s).
2019-09-10 05:25:10,351 [main] INFO  impl.MetricsSystemImpl (MetricsSystemImpl.java:start(191)) - StorageContainerManager metrics system started
2019-09-10 05:25:10,558 [main] INFO  server.SCMClientProtocolServer (SCMClientProtocolServer.java:start(151)) - RPC server for Client  is listening at /0.0.0.0:36721
2019-09-10 05:25:10,559 [IPC Server Responder] INFO  ipc.Server (Server.java:run(1314)) - IPC Server Responder: starting
2019-09-10 05:25:10,559 [IPC Server listener on 36721] INFO  ipc.Server (Server.java:run(1153)) - IPC Server listener on 36721: starting
2019-09-10 05:25:10,561 [main] INFO  server.StorageContainerManager (StorageContainerManager.java:start(773)) - ScmBlockLocationProtocol RPC server is listening at /0.0.0.0:38842
2019-09-10 05:25:10,563 [main] INFO  server.SCMBlockProtocolServer (SCMBlockProtocolServer.java:start(146)) - RPC server for Block Protocol is listening at /0.0.0.0:38842
2019-09-10 05:25:10,563 [IPC Server Responder] INFO  ipc.Server (Server.java:run(1314)) - IPC Server Responder: starting
2019-09-10 05:25:10,563 [IPC Server listener on 38842] INFO  ipc.Server (Server.java:run(1153)) - IPC Server listener on 38842: starting
2019-09-10 05:25:10,565 [main] INFO  server.StorageContainerManager (StorageContainerManager.java:start(777)) - ScmDatanodeProtocl RPC server is listening at /0.0.0.0:36752
2019-09-10 05:25:10,565 [main] INFO  server.SCMDatanodeProtocolServer (SCMDatanodeProtocolServer.java:start(191)) - RPC server for DataNodes is listening at /0.0.0.0:36752
2019-09-10 05:25:10,566 [IPC Server Responder] INFO  ipc.Server (Server.java:run(1314)) - IPC Server Responder: starting
2019-09-10 05:25:10,566 [IPC Server listener on 36752] INFO  ipc.Server (Server.java:run(1153)) - IPC Server listener on 36752: starting
2019-09-10 05:25:10,569 [main] INFO  http.HttpServer2 (HttpServer2.java:bindListener(1191)) - Jetty bound to port 45382
2019-09-10 05:25:10,571 [main] INFO  server.Server (Server.java:doStart(351)) - jetty-9.3.24.v20180605, build timestamp: 2018-06-05T17:11:56Z, git hash: 84205aa28f11a4f31f2a3b86d1bba2cc8ab69827
2019-09-10 05:25:10,604 [main] INFO  handler.ContextHandler (ContextHandler.java:doStart(781)) - Started o.e.j.s.ServletContextHandler@299321e2{/logs,file:///workdir/hadoop-ozone/integration-test/target/log,AVAILABLE}
2019-09-10 05:25:10,605 [main] INFO  handler.ContextHandler (ContextHandler.java:doStart(781)) - Started o.e.j.s.ServletContextHandler@64ba3208{/static,file:///workdir/hadoop-ozone/integration-test/target/test-classes/webapps/static,AVAILABLE}
2019-09-10 05:25:10,635 [main] INFO  handler.ContextHandler (ContextHandler.java:doStart(781)) - Started o.e.j.w.WebAppContext@5398edd0{/,file:///workdir/hadoop-ozone/integration-test/target/test-classes/webapps/scm/,AVAILABLE}{/scm}
2019-09-10 05:25:10,640 [main] INFO  server.AbstractConnector (AbstractConnector.java:doStart(278)) - Started ServerConnector@3f093abe{HTTP/1.1,[http/1.1]}{0.0.0.0:45382}
2019-09-10 05:25:10,640 [main] INFO  server.Server (Server.java:doStart(419)) - Started @3028ms
2019-09-10 05:25:10,642 [main] INFO  impl.MetricsSinkAdapter (MetricsSinkAdapter.java:start(204)) - Sink prometheus started
2019-09-10 05:25:10,642 [main] INFO  impl.MetricsSystemImpl (MetricsSystemImpl.java:registerSink(301)) - Registered sink prometheus
2019-09-10 05:25:10,643 [main] INFO  server.BaseHttpServer (BaseHttpServer.java:updateConnectorAddress(215)) - HTTP server of SCM is listening at http://0.0.0.0:45382
2019-09-10 05:25:10,648 [org.apache.hadoop.util.JvmPauseMonitor$Monitor@1095f122] INFO  util.JvmPauseMonitor (JvmPauseMonitor.java:run(188)) - Starting JVM pause monitor
2019-09-10 05:25:10,650 [main] WARN  server.ServerUtils (ServerUtils.java:getDBPath(222)) - ozone.om.db.dirs is not configured. We recommend adding this setting. Falling back to ozone.metadata.dirs instead.
2019-09-10 05:25:10,783 [main] WARN  server.ServerUtils (ServerUtils.java:getDBPath(222)) - ozone.om.db.dirs is not configured. We recommend adding this setting. Falling back to ozone.metadata.dirs instead.
2019-09-10 05:25:10,784 [main] WARN  server.ServerUtils (ServerUtils.java:getDBPath(222)) - ozone.om.db.dirs is not configured. We recommend adding this setting. Falling back to ozone.metadata.dirs instead.
2019-09-10 05:25:10,785 [main] INFO  om.OzoneManager (OzoneManager.java:setOMNodeDetails(649)) - OM Service ID is not set. Setting it to the default ID: omServiceIdDefault
2019-09-10 05:25:10,785 [main] INFO  om.OzoneManager (OzoneManager.java:setOMNodeDetails(655)) - OM Node ID is not set. Setting it to the OmStorage's OmID: 9af15991-6040-481e-847f-b90e4df68585
2019-09-10 05:25:10,787 [main] INFO  om.OzoneManager (OzoneManager.java:loadOMHAConfigs(606)) - Found matching OM address with OMServiceId: null, OMNodeId: null, RPC Address: localhost:0 and Ratis port: 9872
2019-09-10 05:25:11,589 [main] WARN  server.ServerUtils (ServerUtils.java:getDBPath(222)) - ozone.om.db.dirs is not configured. We recommend adding this setting. Falling back to ozone.metadata.dirs instead.
2019-09-10 05:25:11,597 [main] INFO  db.DBStoreBuilder (DBStoreBuilder.java:addTable(110)) - using custom profile for table: userTable
2019-09-10 05:25:11,597 [main] INFO  db.DBStoreBuilder (DBStoreBuilder.java:processTables(161)) - Using default column profile:DBProfile.DISK for Table:userTable
2019-09-10 05:25:11,597 [main] INFO  db.DBStoreBuilder (DBStoreBuilder.java:addTable(110)) - using custom profile for table: volumeTable
2019-09-10 05:25:11,597 [main] INFO  db.DBStoreBuilder (DBStoreBuilder.java:processTables(161)) - Using default column profile:DBProfile.DISK for Table:volumeTable
2019-09-10 05:25:11,598 [main] INFO  db.DBStoreBuilder (DBStoreBuilder.java:addTable(110)) - using custom profile for table: bucketTable
2019-09-10 05:25:11,598 [main] INFO  db.DBStoreBuilder (DBStoreBuilder.java:processTables(161)) - Using default column profile:DBProfile.DISK for Table:bucketTable
2019-09-10 05:25:11,598 [main] INFO  db.DBStoreBuilder (DBStoreBuilder.java:addTable(110)) - using custom profile for table: keyTable
2019-09-10 05:25:11,598 [main] INFO  db.DBStoreBuilder (DBStoreBuilder.java:processTables(161)) - Using default column profile:DBProfile.DISK for Table:keyTable
2019-09-10 05:25:11,599 [main] INFO  db.DBStoreBuilder (DBStoreBuilder.java:addTable(110)) - using custom profile for table: deletedTable
2019-09-10 05:25:11,599 [main] INFO  db.DBStoreBuilder (DBStoreBuilder.java:processTables(161)) - Using default column profile:DBProfile.DISK for Table:deletedTable
2019-09-10 05:25:11,599 [main] INFO  db.DBStoreBuilder (DBStoreBuilder.java:addTable(110)) - using custom profile for table: openKeyTable
2019-09-10 05:25:11,599 [main] INFO  db.DBStoreBuilder (DBStoreBuilder.java:processTables(161)) - Using default column profile:DBProfile.DISK for Table:openKeyTable
2019-09-10 05:25:11,600 [main] INFO  db.DBStoreBuilder (DBStoreBuilder.java:addTable(110)) - using custom profile for table: s3Table
2019-09-10 05:25:11,600 [main] INFO  db.DBStoreBuilder (DBStoreBuilder.java:processTables(161)) - Using default column profile:DBProfile.DISK for Table:s3Table
2019-09-10 05:25:11,600 [main] INFO  db.DBStoreBuilder (DBStoreBuilder.java:addTable(110)) - using custom profile for table: multipartInfoTable
2019-09-10 05:25:11,600 [main] INFO  db.DBStoreBuilder (DBStoreBuilder.java:processTables(161)) - Using default column profile:DBProfile.DISK for Table:multipartInfoTable
2019-09-10 05:25:11,601 [main] INFO  db.DBStoreBuilder (DBStoreBuilder.java:addTable(110)) - using custom profile for table: dTokenTable
2019-09-10 05:25:11,601 [main] INFO  db.DBStoreBuilder (DBStoreBuilder.java:processTables(161)) - Using default column profile:DBProfile.DISK for Table:dTokenTable
2019-09-10 05:25:11,601 [main] INFO  db.DBStoreBuilder (DBStoreBuilder.java:addTable(110)) - using custom profile for table: s3SecretTable
2019-09-10 05:25:11,601 [main] INFO  db.DBStoreBuilder (DBStoreBuilder.java:processTables(161)) - Using default column profile:DBProfile.DISK for Table:s3SecretTable
2019-09-10 05:25:11,602 [main] INFO  db.DBStoreBuilder (DBStoreBuilder.java:addTable(110)) - using custom profile for table: prefixTable
2019-09-10 05:25:11,602 [main] INFO  db.DBStoreBuilder (DBStoreBuilder.java:processTables(161)) - Using default column profile:DBProfile.DISK for Table:prefixTable
2019-09-10 05:25:11,602 [main] INFO  db.DBStoreBuilder (DBStoreBuilder.java:addTable(110)) - using custom profile for table: default
2019-09-10 05:25:11,602 [main] INFO  db.DBStoreBuilder (DBStoreBuilder.java:processTables(167)) - Using default column profile:DBProfile.DISK for Table:default
2019-09-10 05:25:11,603 [main] INFO  db.DBStoreBuilder (DBStoreBuilder.java:getDbProfile(198)) - Using default options. DBProfile.DISK
2019-09-10 05:25:12,247 [main] INFO  ipc.CallQueueManager (CallQueueManager.java:<init>(84)) - Using callQueue: class java.util.concurrent.LinkedBlockingQueue, queueCapacity: 2000, scheduler: class org.apache.hadoop.ipc.DefaultRpcScheduler, ipcBackoff: false.
2019-09-10 05:25:12,248 [Socket Reader #1 for port 34426] INFO  ipc.Server (Server.java:run(1074)) - Starting Socket Reader #1 for port 34426
2019-09-10 05:25:12,275 [main] INFO  om.OzoneManager (OzoneManager.java:start(1240)) - OzoneManager RPC server is listening at localhost/127.0.0.1:34426
2019-09-10 05:25:12,275 [main] INFO  impl.MetricsSystemImpl (MetricsSystemImpl.java:init(158)) - OzoneManager metrics system started (again)
2019-09-10 05:25:12,276 [IPC Server Responder] INFO  ipc.Server (Server.java:run(1314)) - IPC Server Responder: starting
2019-09-10 05:25:12,277 [IPC Server listener on 34426] INFO  ipc.Server (Server.java:run(1153)) - IPC Server listener on 34426: starting
2019-09-10 05:25:12,282 [main] INFO  hdfs.DFSUtil (DFSUtil.java:httpServerTemplateForNNAndJN(1641)) - Starting Web-server for ozoneManager at: http://0.0.0.0:0
2019-09-10 05:25:12,284 [main] INFO  server.AuthenticationFilter (AuthenticationFilter.java:constructSecretProvider(240)) - Unable to initialize FileSignerSecretProvider, falling back to use random secrets.
2019-09-10 05:25:12,285 [main] WARN  http.HttpRequestLog (HttpRequestLog.java:getRequestLog(97)) - Jetty request log can only be enabled using Log4j
2019-09-10 05:25:12,287 [main] INFO  http.HttpServer2 (HttpServer2.java:addGlobalFilter(975)) - Added global filter 'safety' (class=org.apache.hadoop.http.HttpServer2$QuotingInputFilter)
2019-09-10 05:25:12,288 [main] INFO  http.HttpServer2 (HttpServer2.java:addFilter(948)) - Added filter static_user_filter (class=org.apache.hadoop.http.lib.StaticUserWebFilter$StaticUserFilter) to context ozoneManager
2019-09-10 05:25:12,288 [main] INFO  http.HttpServer2 (HttpServer2.java:addFilter(958)) - Added filter static_user_filter (class=org.apache.hadoop.http.lib.StaticUserWebFilter$StaticUserFilter) to context logs
2019-09-10 05:25:12,289 [main] INFO  http.HttpServer2 (HttpServer2.java:addFilter(958)) - Added filter static_user_filter (class=org.apache.hadoop.http.lib.StaticUserWebFilter$StaticUserFilter) to context static
2019-09-10 05:25:12,291 [main] INFO  http.HttpServer2 (HttpServer2.java:bindListener(1191)) - Jetty bound to port 42772
2019-09-10 05:25:12,291 [main] INFO  server.Server (Server.java:doStart(351)) - jetty-9.3.24.v20180605, build timestamp: 2018-06-05T17:11:56Z, git hash: 84205aa28f11a4f31f2a3b86d1bba2cc8ab69827
2019-09-10 05:25:12,294 [main] INFO  handler.ContextHandler (ContextHandler.java:doStart(781)) - Started o.e.j.s.ServletContextHandler@74fe5966{/logs,file:///workdir/hadoop-ozone/integration-test/target/log,AVAILABLE}
2019-09-10 05:25:12,294 [main] INFO  handler.ContextHandler (ContextHandler.java:doStart(781)) - Started o.e.j.s.ServletContextHandler@677b8e13{/static,file:///workdir/hadoop-ozone/integration-test/target/test-classes/webapps/static,AVAILABLE}
2019-09-10 05:25:12,301 [main] INFO  handler.ContextHandler (ContextHandler.java:doStart(781)) - Started o.e.j.w.WebAppContext@55b8dbda{/,file:///workdir/hadoop-ozone/integration-test/target/test-classes/webapps/ozoneManager/,AVAILABLE}{/ozoneManager}
2019-09-10 05:25:12,304 [main] INFO  server.AbstractConnector (AbstractConnector.java:doStart(278)) - Started ServerConnector@3b569985{HTTP/1.1,[http/1.1]}{0.0.0.0:42772}
2019-09-10 05:25:12,305 [main] INFO  server.Server (Server.java:doStart(419)) - Started @4693ms
2019-09-10 05:25:12,305 [main] WARN  impl.MetricsSystemImpl (MetricsSystemImpl.java:register(276)) - Sink prometheus already exists!
2019-09-10 05:25:12,306 [main] INFO  server.BaseHttpServer (BaseHttpServer.java:updateConnectorAddress(215)) - HTTP server of OZONEMANAGER is listening at http://0.0.0.0:42772
2019-09-10 05:25:12,593 [main] INFO  impl.MetricsSystemImpl (MetricsSystemImpl.java:init(158)) - HddsDatanode metrics system started (again)
2019-09-10 05:25:12,645 [main] INFO  ozone.HddsDatanodeService (HddsDatanodeService.java:start(184)) - HddsDatanodeService host:trunk-nightly-20190910-vk757-903364635 ip:192.168.36.76
2019-09-10 05:25:12,711 [main] INFO  volume.HddsVolume (HddsVolume.java:<init>(176)) - Creating Volume: /workdir/hadoop-ozone/integration-test/target/test-dir/MiniOzoneClusterImpl-247e7c78-77b9-484f-b8fa-e1666253ae99/datanode-0/data/containers/hdds of  storage type : DISK and capacity : 1482555576320
2019-09-10 05:25:12,714 [main] INFO  volume.VolumeSet (VolumeSet.java:initializeVolumeSet(170)) - Added Volume : /workdir/hadoop-ozone/integration-test/target/test-dir/MiniOzoneClusterImpl-247e7c78-77b9-484f-b8fa-e1666253ae99/datanode-0/data/containers/hdds to VolumeSet
2019-09-10 05:25:12,719 [main] INFO  volume.ThrottledAsyncChecker (ThrottledAsyncChecker.java:schedule(139)) - Scheduling a check for org.apache.hadoop.ozone.container.common.volume.HddsVolume@7e2f86e6
2019-09-10 05:25:12,742 [main] INFO  volume.HddsVolumeChecker (HddsVolumeChecker.java:checkAllVolumes(202)) - Scheduled health check for volume org.apache.hadoop.ozone.container.common.volume.HddsVolume@7e2f86e6
2019-09-10 05:25:12,863 [main] INFO  impl.RaftServerProxy (ConfUtils.java:logGet(43)) - raft.rpc.type = GRPC (default)
2019-09-10 05:25:12,933 [main] INFO  grpc.GrpcFactory (GrpcFactory.java:checkPooledByteBufAllocatorUseCacheForAllThreads(45)) - PERFORMANCE WARNING: useCacheForAllThreads is true that may cause Netty to create a lot garbage objects and, as a result, trigger GC.
	It is recommended to disable useCacheForAllThreads by setting -Dorg.apache.ratis.thirdparty.io.netty.allocator.useCacheForAllThreads=false in command line.
2019-09-10 05:25:12,938 [main] INFO  grpc.GrpcConfigKeys$Server (ConfUtils.java:logGet(43)) - raft.grpc.server.port = 0 (default)
2019-09-10 05:25:12,939 [main] INFO  server.GrpcService (ConfUtils.java:logGet(43)) - raft.grpc.message.size.max = 33570816 (custom)
2019-09-10 05:25:12,940 [main] INFO  server.RaftServerConfigKeys (ConfUtils.java:logGet(43)) - raft.server.log.appender.buffer.byte-limit = 33554432 (custom)
2019-09-10 05:25:12,941 [main] INFO  server.GrpcService (ConfUtils.java:logGet(43)) - raft.grpc.flow.control.window = 1MB (=1048576) (default)
2019-09-10 05:25:12,942 [main] INFO  server.RaftServerConfigKeys (ConfUtils.java:logGet(43)) - raft.server.rpc.request.timeout = 3000ms (default)
2019-09-10 05:25:13,109 [main] INFO  server.RaftServerConfigKeys (ConfUtils.java:logGet(43)) - raft.server.storage.dir = [/workdir/hadoop-ozone/integration-test/target/test-dir/MiniOzoneClusterImpl-247e7c78-77b9-484f-b8fa-e1666253ae99/datanode-0/data/ratis] (custom)
2019-09-10 05:25:13,163 [main] INFO  hdfs.DFSUtil (DFSUtil.java:httpServerTemplateForNNAndJN(1641)) - Starting Web-server for hddsDatanode at: http://0.0.0.0:0
2019-09-10 05:25:13,168 [main] INFO  server.AuthenticationFilter (AuthenticationFilter.java:constructSecretProvider(240)) - Unable to initialize FileSignerSecretProvider, falling back to use random secrets.
2019-09-10 05:25:13,169 [main] WARN  http.HttpRequestLog (HttpRequestLog.java:getRequestLog(97)) - Jetty request log can only be enabled using Log4j
2019-09-10 05:25:13,173 [main] INFO  http.HttpServer2 (HttpServer2.java:addGlobalFilter(975)) - Added global filter 'safety' (class=org.apache.hadoop.http.HttpServer2$QuotingInputFilter)
2019-09-10 05:25:13,174 [main] INFO  http.HttpServer2 (HttpServer2.java:addFilter(948)) - Added filter static_user_filter (class=org.apache.hadoop.http.lib.StaticUserWebFilter$StaticUserFilter) to context hddsDatanode
2019-09-10 05:25:13,175 [main] INFO  http.HttpServer2 (HttpServer2.java:addFilter(958)) - Added filter static_user_filter (class=org.apache.hadoop.http.lib.StaticUserWebFilter$StaticUserFilter) to context static
2019-09-10 05:25:13,175 [main] INFO  http.HttpServer2 (HttpServer2.java:addFilter(958)) - Added filter static_user_filter (class=org.apache.hadoop.http.lib.StaticUserWebFilter$StaticUserFilter) to context logs
2019-09-10 05:25:13,178 [main] INFO  http.HttpServer2 (HttpServer2.java:bindListener(1191)) - Jetty bound to port 39549
2019-09-10 05:25:13,178 [main] INFO  server.Server (Server.java:doStart(351)) - jetty-9.3.24.v20180605, build timestamp: 2018-06-05T17:11:56Z, git hash: 84205aa28f11a4f31f2a3b86d1bba2cc8ab69827
2019-09-10 05:25:13,182 [main] INFO  handler.ContextHandler (ContextHandler.java:doStart(781)) - Started o.e.j.s.ServletContextHandler@31ee2fdb{/logs,file:///workdir/hadoop-ozone/integration-test/target/log,AVAILABLE}
2019-09-10 05:25:13,183 [main] INFO  handler.ContextHandler (ContextHandler.java:doStart(781)) - Started o.e.j.s.ServletContextHandler@1effd53c{/static,jar:file:/home/user/.m2/repository/org/apache/hadoop/hadoop-hdds-container-service/0.5.0-SNAPSHOT/hadoop-hdds-container-service-0.5.0-SNAPSHOT.jar!/webapps/static,AVAILABLE}
2019-09-10 05:25:13,234 [main] INFO  handler.ContextHandler (ContextHandler.java:doStart(781)) - Started o.e.j.w.WebAppContext@65b97f47{/,file:///tmp/jetty-0.0.0.0-39549-hddsDatanode-_-any-2655960236705355634.dir/webapp/,AVAILABLE}{/hddsDatanode}
2019-09-10 05:25:13,235 [main] INFO  server.AbstractConnector (AbstractConnector.java:doStart(278)) - Started ServerConnector@255eaa6b{HTTP/1.1,[http/1.1]}{0.0.0.0:39549}
2019-09-10 05:25:13,235 [main] INFO  server.Server (Server.java:doStart(419)) - Started @5624ms
2019-09-10 05:25:13,236 [main] WARN  impl.MetricsSystemImpl (MetricsSystemImpl.java:register(276)) - Sink prometheus already exists!
2019-09-10 05:25:13,237 [main] INFO  server.BaseHttpServer (BaseHttpServer.java:updateConnectorAddress(215)) - HTTP server of HDDSDATANODE is listening at http://0.0.0.0:39549
2019-09-10 05:25:13,238 [main] INFO  impl.MetricsSystemImpl (MetricsSystemImpl.java:init(158)) - HddsDatanode metrics system started (again)
2019-09-10 05:25:13,242 [main] INFO  ozone.HddsDatanodeService (HddsDatanodeService.java:start(184)) - HddsDatanodeService host:trunk-nightly-20190910-vk757-903364635 ip:192.168.36.76
2019-09-10 05:25:13,245 [org.apache.hadoop.util.JvmPauseMonitor$Monitor@69bd98e4] INFO  util.JvmPauseMonitor (JvmPauseMonitor.java:run(188)) - Starting JVM pause monitor
2019-09-10 05:25:13,252 [main] INFO  volume.HddsVolume (HddsVolume.java:<init>(176)) - Creating Volume: /workdir/hadoop-ozone/integration-test/target/test-dir/MiniOzoneClusterImpl-247e7c78-77b9-484f-b8fa-e1666253ae99/datanode-1/data/containers/hdds of  storage type : DISK and capacity : 1482555576320
2019-09-10 05:25:13,253 [main] INFO  volume.VolumeSet (VolumeSet.java:initializeVolumeSet(170)) - Added Volume : /workdir/hadoop-ozone/integration-test/target/test-dir/MiniOzoneClusterImpl-247e7c78-77b9-484f-b8fa-e1666253ae99/datanode-1/data/containers/hdds to VolumeSet
2019-09-10 05:25:13,253 [main] INFO  volume.ThrottledAsyncChecker (ThrottledAsyncChecker.java:schedule(139)) - Scheduling a check for org.apache.hadoop.ozone.container.common.volume.HddsVolume@6981f8f3
2019-09-10 05:25:13,254 [main] INFO  volume.HddsVolumeChecker (HddsVolumeChecker.java:checkAllVolumes(202)) - Scheduled health check for volume org.apache.hadoop.ozone.container.common.volume.HddsVolume@6981f8f3
2019-09-10 05:25:13,269 [main] INFO  impl.RaftServerProxy (ConfUtils.java:logGet(43)) - raft.rpc.type = GRPC (default)
2019-09-10 05:25:13,270 [main] INFO  grpc.GrpcFactory (GrpcFactory.java:checkPooledByteBufAllocatorUseCacheForAllThreads(45)) - PERFORMANCE WARNING: useCacheForAllThreads is true that may cause Netty to create a lot garbage objects and, as a result, trigger GC.
	It is recommended to disable useCacheForAllThreads by setting -Dorg.apache.ratis.thirdparty.io.netty.allocator.useCacheForAllThreads=false in command line.
2019-09-10 05:25:13,270 [main] INFO  grpc.GrpcConfigKeys$Server (ConfUtils.java:logGet(43)) - raft.grpc.server.port = 0 (default)
2019-09-10 05:25:13,270 [main] INFO  server.GrpcService (ConfUtils.java:logGet(43)) - raft.grpc.message.size.max = 33570816 (custom)
2019-09-10 05:25:13,271 [main] INFO  server.RaftServerConfigKeys (ConfUtils.java:logGet(43)) - raft.server.log.appender.buffer.byte-limit = 33554432 (custom)
2019-09-10 05:25:13,271 [main] INFO  server.GrpcService (ConfUtils.java:logGet(43)) - raft.grpc.flow.control.window = 1MB (=1048576) (default)
2019-09-10 05:25:13,271 [main] INFO  server.RaftServerConfigKeys (ConfUtils.java:logGet(43)) - raft.server.rpc.request.timeout = 3000ms (default)
2019-09-10 05:25:13,272 [main] INFO  server.RaftServerConfigKeys (ConfUtils.java:logGet(43)) - raft.server.storage.dir = [/workdir/hadoop-ozone/integration-test/target/test-dir/MiniOzoneClusterImpl-247e7c78-77b9-484f-b8fa-e1666253ae99/datanode-1/data/ratis] (custom)
2019-09-10 05:25:13,274 [main] INFO  hdfs.DFSUtil (DFSUtil.java:httpServerTemplateForNNAndJN(1641)) - Starting Web-server for hddsDatanode at: http://0.0.0.0:0
2019-09-10 05:25:13,275 [main] INFO  server.AuthenticationFilter (AuthenticationFilter.java:constructSecretProvider(240)) - Unable to initialize FileSignerSecretProvider, falling back to use random secrets.
2019-09-10 05:25:13,277 [main] WARN  http.HttpRequestLog (HttpRequestLog.java:getRequestLog(97)) - Jetty request log can only be enabled using Log4j
2019-09-10 05:25:13,279 [main] INFO  http.HttpServer2 (HttpServer2.java:addGlobalFilter(975)) - Added global filter 'safety' (class=org.apache.hadoop.http.HttpServer2$QuotingInputFilter)
2019-09-10 05:25:13,281 [main] INFO  http.HttpServer2 (HttpServer2.java:addFilter(948)) - Added filter static_user_filter (class=org.apache.hadoop.http.lib.StaticUserWebFilter$StaticUserFilter) to context hddsDatanode
2019-09-10 05:25:13,281 [main] INFO  http.HttpServer2 (HttpServer2.java:addFilter(958)) - Added filter static_user_filter (class=org.apache.hadoop.http.lib.StaticUserWebFilter$StaticUserFilter) to context logs
2019-09-10 05:25:13,281 [main] INFO  http.HttpServer2 (HttpServer2.java:addFilter(958)) - Added filter static_user_filter (class=org.apache.hadoop.http.lib.StaticUserWebFilter$StaticUserFilter) to context static
2019-09-10 05:25:13,282 [main] INFO  http.HttpServer2 (HttpServer2.java:bindListener(1191)) - Jetty bound to port 39904
2019-09-10 05:25:13,283 [main] INFO  server.Server (Server.java:doStart(351)) - jetty-9.3.24.v20180605, build timestamp: 2018-06-05T17:11:56Z, git hash: 84205aa28f11a4f31f2a3b86d1bba2cc8ab69827
2019-09-10 05:25:13,286 [main] INFO  handler.ContextHandler (ContextHandler.java:doStart(781)) - Started o.e.j.s.ServletContextHandler@561b61ed{/logs,file:///workdir/hadoop-ozone/integration-test/target/log,AVAILABLE}
2019-09-10 05:25:13,287 [main] INFO  handler.ContextHandler (ContextHandler.java:doStart(781)) - Started o.e.j.s.ServletContextHandler@26cb5207{/static,jar:file:/home/user/.m2/repository/org/apache/hadoop/hadoop-hdds-container-service/0.5.0-SNAPSHOT/hadoop-hdds-container-service-0.5.0-SNAPSHOT.jar!/webapps/static,AVAILABLE}
2019-09-10 05:25:13,324 [main] INFO  handler.ContextHandler (ContextHandler.java:doStart(781)) - Started o.e.j.w.WebAppContext@7fdab70c{/,file:///tmp/jetty-0.0.0.0-39904-hddsDatanode-_-any-2513595958996725246.dir/webapp/,AVAILABLE}{/hddsDatanode}
2019-09-10 05:25:13,325 [main] INFO  server.AbstractConnector (AbstractConnector.java:doStart(278)) - Started ServerConnector@25ad4f71{HTTP/1.1,[http/1.1]}{0.0.0.0:39904}
2019-09-10 05:25:13,327 [main] INFO  server.Server (Server.java:doStart(419)) - Started @5715ms
2019-09-10 05:25:13,327 [main] WARN  impl.MetricsSystemImpl (MetricsSystemImpl.java:register(276)) - Sink prometheus already exists!
2019-09-10 05:25:13,328 [main] INFO  server.BaseHttpServer (BaseHttpServer.java:updateConnectorAddress(215)) - HTTP server of HDDSDATANODE is listening at http://0.0.0.0:39904
2019-09-10 05:25:13,329 [main] INFO  impl.MetricsSystemImpl (MetricsSystemImpl.java:init(158)) - HddsDatanode metrics system started (again)
2019-09-10 05:25:13,332 [main] INFO  ozone.HddsDatanodeService (HddsDatanodeService.java:start(184)) - HddsDatanodeService host:trunk-nightly-20190910-vk757-903364635 ip:192.168.36.76
2019-09-10 05:25:13,332 [org.apache.hadoop.util.JvmPauseMonitor$Monitor@732bf822] INFO  util.JvmPauseMonitor (JvmPauseMonitor.java:run(188)) - Starting JVM pause monitor
2019-09-10 05:25:13,342 [main] INFO  volume.HddsVolume (HddsVolume.java:<init>(176)) - Creating Volume: /workdir/hadoop-ozone/integration-test/target/test-dir/MiniOzoneClusterImpl-247e7c78-77b9-484f-b8fa-e1666253ae99/datanode-2/data/containers/hdds of  storage type : DISK and capacity : 1482555576320
2019-09-10 05:25:13,342 [main] INFO  volume.VolumeSet (VolumeSet.java:initializeVolumeSet(170)) - Added Volume : /workdir/hadoop-ozone/integration-test/target/test-dir/MiniOzoneClusterImpl-247e7c78-77b9-484f-b8fa-e1666253ae99/datanode-2/data/containers/hdds to VolumeSet
2019-09-10 05:25:13,342 [main] INFO  volume.ThrottledAsyncChecker (ThrottledAsyncChecker.java:schedule(139)) - Scheduling a check for org.apache.hadoop.ozone.container.common.volume.HddsVolume@30b131b2
2019-09-10 05:25:13,343 [main] INFO  volume.HddsVolumeChecker (HddsVolumeChecker.java:checkAllVolumes(202)) - Scheduled health check for volume org.apache.hadoop.ozone.container.common.volume.HddsVolume@30b131b2
2019-09-10 05:25:13,358 [main] INFO  impl.RaftServerProxy (ConfUtils.java:logGet(43)) - raft.rpc.type = GRPC (default)
2019-09-10 05:25:13,359 [main] INFO  grpc.GrpcFactory (GrpcFactory.java:checkPooledByteBufAllocatorUseCacheForAllThreads(45)) - PERFORMANCE WARNING: useCacheForAllThreads is true that may cause Netty to create a lot garbage objects and, as a result, trigger GC.
	It is recommended to disable useCacheForAllThreads by setting -Dorg.apache.ratis.thirdparty.io.netty.allocator.useCacheForAllThreads=false in command line.
2019-09-10 05:25:13,359 [main] INFO  grpc.GrpcConfigKeys$Server (ConfUtils.java:logGet(43)) - raft.grpc.server.port = 0 (default)
2019-09-10 05:25:13,359 [main] INFO  server.GrpcService (ConfUtils.java:logGet(43)) - raft.grpc.message.size.max = 33570816 (custom)
2019-09-10 05:25:13,359 [main] INFO  server.RaftServerConfigKeys (ConfUtils.java:logGet(43)) - raft.server.log.appender.buffer.byte-limit = 33554432 (custom)
2019-09-10 05:25:13,360 [main] INFO  server.GrpcService (ConfUtils.java:logGet(43)) - raft.grpc.flow.control.window = 1MB (=1048576) (default)
2019-09-10 05:25:13,360 [main] INFO  server.RaftServerConfigKeys (ConfUtils.java:logGet(43)) - raft.server.rpc.request.timeout = 3000ms (default)
2019-09-10 05:25:13,361 [main] INFO  server.RaftServerConfigKeys (ConfUtils.java:logGet(43)) - raft.server.storage.dir = [/workdir/hadoop-ozone/integration-test/target/test-dir/MiniOzoneClusterImpl-247e7c78-77b9-484f-b8fa-e1666253ae99/datanode-2/data/ratis] (custom)
2019-09-10 05:25:13,361 [Datanode State Machine Thread - 0] INFO  datanode.InitDatanodeState (InitDatanodeState.java:persistContainerDatanodeDetails(140)) - DatanodeDetails is persisted to /workdir/hadoop-ozone/integration-test/target/test-dir/MiniOzoneClusterImpl-247e7c78-77b9-484f-b8fa-e1666253ae99/datanode-0/meta/datanode.id
2019-09-10 05:25:13,364 [main] INFO  hdfs.DFSUtil (DFSUtil.java:httpServerTemplateForNNAndJN(1641)) - Starting Web-server for hddsDatanode at: http://0.0.0.0:0
2019-09-10 05:25:13,365 [Datanode State Machine Thread - 0] INFO  datanode.InitDatanodeState (InitDatanodeState.java:persistContainerDatanodeDetails(140)) - DatanodeDetails is persisted to /workdir/hadoop-ozone/integration-test/target/test-dir/MiniOzoneClusterImpl-247e7c78-77b9-484f-b8fa-e1666253ae99/datanode-1/meta/datanode.id
2019-09-10 05:25:13,366 [main] INFO  server.AuthenticationFilter (AuthenticationFilter.java:constructSecretProvider(240)) - Unable to initialize FileSignerSecretProvider, falling back to use random secrets.
2019-09-10 05:25:13,367 [main] WARN  http.HttpRequestLog (HttpRequestLog.java:getRequestLog(97)) - Jetty request log can only be enabled using Log4j
2019-09-10 05:25:13,368 [main] INFO  http.HttpServer2 (HttpServer2.java:addGlobalFilter(975)) - Added global filter 'safety' (class=org.apache.hadoop.http.HttpServer2$QuotingInputFilter)
2019-09-10 05:25:13,369 [main] INFO  http.HttpServer2 (HttpServer2.java:addFilter(948)) - Added filter static_user_filter (class=org.apache.hadoop.http.lib.StaticUserWebFilter$StaticUserFilter) to context hddsDatanode
2019-09-10 05:25:13,369 [main] INFO  http.HttpServer2 (HttpServer2.java:addFilter(958)) - Added filter static_user_filter (class=org.apache.hadoop.http.lib.StaticUserWebFilter$StaticUserFilter) to context static
2019-09-10 05:25:13,369 [main] INFO  http.HttpServer2 (HttpServer2.java:addFilter(958)) - Added filter static_user_filter (class=org.apache.hadoop.http.lib.StaticUserWebFilter$StaticUserFilter) to context logs
2019-09-10 05:25:13,370 [main] INFO  http.HttpServer2 (HttpServer2.java:bindListener(1191)) - Jetty bound to port 45118
2019-09-10 05:25:13,370 [main] INFO  server.Server (Server.java:doStart(351)) - jetty-9.3.24.v20180605, build timestamp: 2018-06-05T17:11:56Z, git hash: 84205aa28f11a4f31f2a3b86d1bba2cc8ab69827
2019-09-10 05:25:13,372 [main] INFO  handler.ContextHandler (ContextHandler.java:doStart(781)) - Started o.e.j.s.ServletContextHandler@5af8bb51{/logs,file:///workdir/hadoop-ozone/integration-test/target/log,AVAILABLE}
2019-09-10 05:25:13,373 [main] INFO  handler.ContextHandler (ContextHandler.java:doStart(781)) - Started o.e.j.s.ServletContextHandler@2e66bc32{/static,jar:file:/home/user/.m2/repository/org/apache/hadoop/hadoop-hdds-container-service/0.5.0-SNAPSHOT/hadoop-hdds-container-service-0.5.0-SNAPSHOT.jar!/webapps/static,AVAILABLE}
2019-09-10 05:25:13,402 [main] INFO  handler.ContextHandler (ContextHandler.java:doStart(781)) - Started o.e.j.w.WebAppContext@328d044f{/,file:///tmp/jetty-0.0.0.0-45118-hddsDatanode-_-any-7430267745576400218.dir/webapp/,AVAILABLE}{/hddsDatanode}
2019-09-10 05:25:13,403 [main] INFO  server.AbstractConnector (AbstractConnector.java:doStart(278)) - Started ServerConnector@10f7c76{HTTP/1.1,[http/1.1]}{0.0.0.0:45118}
2019-09-10 05:25:13,404 [main] INFO  server.Server (Server.java:doStart(419)) - Started @5793ms
2019-09-10 05:25:13,406 [main] WARN  impl.MetricsSystemImpl (MetricsSystemImpl.java:register(276)) - Sink prometheus already exists!
2019-09-10 05:25:13,406 [main] INFO  server.BaseHttpServer (BaseHttpServer.java:updateConnectorAddress(215)) - HTTP server of HDDSDATANODE is listening at http://0.0.0.0:45118
2019-09-10 05:25:13,407 [main] INFO  impl.MetricsSystemImpl (MetricsSystemImpl.java:init(158)) - HddsDatanode metrics system started (again)
2019-09-10 05:25:13,410 [main] INFO  ozone.HddsDatanodeService (HddsDatanodeService.java:start(184)) - HddsDatanodeService host:trunk-nightly-20190910-vk757-903364635 ip:192.168.36.76
2019-09-10 05:25:13,410 [org.apache.hadoop.util.JvmPauseMonitor$Monitor@50d901ba] INFO  util.JvmPauseMonitor (JvmPauseMonitor.java:run(188)) - Starting JVM pause monitor
2019-09-10 05:25:13,414 [Datanode State Machine Thread - 0] INFO  datanode.InitDatanodeState (InitDatanodeState.java:persistContainerDatanodeDetails(140)) - DatanodeDetails is persisted to /workdir/hadoop-ozone/integration-test/target/test-dir/MiniOzoneClusterImpl-247e7c78-77b9-484f-b8fa-e1666253ae99/datanode-2/meta/datanode.id
2019-09-10 05:25:13,419 [main] INFO  volume.HddsVolume (HddsVolume.java:<init>(176)) - Creating Volume: /workdir/hadoop-ozone/integration-test/target/test-dir/MiniOzoneClusterImpl-247e7c78-77b9-484f-b8fa-e1666253ae99/datanode-3/data/containers/hdds of  storage type : DISK and capacity : 1482555576320
2019-09-10 05:25:13,419 [main] INFO  volume.VolumeSet (VolumeSet.java:initializeVolumeSet(170)) - Added Volume : /workdir/hadoop-ozone/integration-test/target/test-dir/MiniOzoneClusterImpl-247e7c78-77b9-484f-b8fa-e1666253ae99/datanode-3/data/containers/hdds to VolumeSet
2019-09-10 05:25:13,419 [main] INFO  volume.ThrottledAsyncChecker (ThrottledAsyncChecker.java:schedule(139)) - Scheduling a check for org.apache.hadoop.ozone.container.common.volume.HddsVolume@118ffcfd
2019-09-10 05:25:13,420 [main] INFO  volume.HddsVolumeChecker (HddsVolumeChecker.java:checkAllVolumes(202)) - Scheduled health check for volume org.apache.hadoop.ozone.container.common.volume.HddsVolume@118ffcfd
2019-09-10 05:25:13,433 [main] INFO  impl.RaftServerProxy (ConfUtils.java:logGet(43)) - raft.rpc.type = GRPC (default)
2019-09-10 05:25:13,434 [main] INFO  grpc.GrpcFactory (GrpcFactory.java:checkPooledByteBufAllocatorUseCacheForAllThreads(45)) - PERFORMANCE WARNING: useCacheForAllThreads is true that may cause Netty to create a lot garbage objects and, as a result, trigger GC.
	It is recommended to disable useCacheForAllThreads by setting -Dorg.apache.ratis.thirdparty.io.netty.allocator.useCacheForAllThreads=false in command line.
2019-09-10 05:25:13,434 [main] INFO  grpc.GrpcConfigKeys$Server (ConfUtils.java:logGet(43)) - raft.grpc.server.port = 0 (default)
2019-09-10 05:25:13,434 [main] INFO  server.GrpcService (ConfUtils.java:logGet(43)) - raft.grpc.message.size.max = 33570816 (custom)
2019-09-10 05:25:13,434 [main] INFO  server.RaftServerConfigKeys (ConfUtils.java:logGet(43)) - raft.server.log.appender.buffer.byte-limit = 33554432 (custom)
2019-09-10 05:25:13,435 [main] INFO  server.GrpcService (ConfUtils.java:logGet(43)) - raft.grpc.flow.control.window = 1MB (=1048576) (default)
2019-09-10 05:25:13,435 [main] INFO  server.RaftServerConfigKeys (ConfUtils.java:logGet(43)) - raft.server.rpc.request.timeout = 3000ms (default)
2019-09-10 05:25:13,436 [main] INFO  server.RaftServerConfigKeys (ConfUtils.java:logGet(43)) - raft.server.storage.dir = [/workdir/hadoop-ozone/integration-test/target/test-dir/MiniOzoneClusterImpl-247e7c78-77b9-484f-b8fa-e1666253ae99/datanode-3/data/ratis] (custom)
2019-09-10 05:25:13,437 [main] INFO  hdfs.DFSUtil (DFSUtil.java:httpServerTemplateForNNAndJN(1641)) - Starting Web-server for hddsDatanode at: http://0.0.0.0:0
2019-09-10 05:25:13,438 [main] INFO  server.AuthenticationFilter (AuthenticationFilter.java:constructSecretProvider(240)) - Unable to initialize FileSignerSecretProvider, falling back to use random secrets.
2019-09-10 05:25:13,439 [main] WARN  http.HttpRequestLog (HttpRequestLog.java:getRequestLog(97)) - Jetty request log can only be enabled using Log4j
2019-09-10 05:25:13,441 [main] INFO  http.HttpServer2 (HttpServer2.java:addGlobalFilter(975)) - Added global filter 'safety' (class=org.apache.hadoop.http.HttpServer2$QuotingInputFilter)
2019-09-10 05:25:13,441 [main] INFO  http.HttpServer2 (HttpServer2.java:addFilter(948)) - Added filter static_user_filter (class=org.apache.hadoop.http.lib.StaticUserWebFilter$StaticUserFilter) to context hddsDatanode
2019-09-10 05:25:13,441 [main] INFO  http.HttpServer2 (HttpServer2.java:addFilter(958)) - Added filter static_user_filter (class=org.apache.hadoop.http.lib.StaticUserWebFilter$StaticUserFilter) to context static
2019-09-10 05:25:13,442 [main] INFO  http.HttpServer2 (HttpServer2.java:addFilter(958)) - Added filter static_user_filter (class=org.apache.hadoop.http.lib.StaticUserWebFilter$StaticUserFilter) to context logs
2019-09-10 05:25:13,442 [main] INFO  http.HttpServer2 (HttpServer2.java:bindListener(1191)) - Jetty bound to port 37975
2019-09-10 05:25:13,443 [main] INFO  server.Server (Server.java:doStart(351)) - jetty-9.3.24.v20180605, build timestamp: 2018-06-05T17:11:56Z, git hash: 84205aa28f11a4f31f2a3b86d1bba2cc8ab69827
2019-09-10 05:25:13,449 [main] INFO  handler.ContextHandler (ContextHandler.java:doStart(781)) - Started o.e.j.s.ServletContextHandler@3cd9aa64{/logs,file:///workdir/hadoop-ozone/integration-test/target/log,AVAILABLE}
2019-09-10 05:25:13,450 [main] INFO  handler.ContextHandler (ContextHandler.java:doStart(781)) - Started o.e.j.s.ServletContextHandler@443effcb{/static,jar:file:/home/user/.m2/repository/org/apache/hadoop/hadoop-hdds-container-service/0.5.0-SNAPSHOT/hadoop-hdds-container-service-0.5.0-SNAPSHOT.jar!/webapps/static,AVAILABLE}
2019-09-10 05:25:13,480 [main] INFO  handler.ContextHandler (ContextHandler.java:doStart(781)) - Started o.e.j.w.WebAppContext@709ed6f3{/,file:///tmp/jetty-0.0.0.0-37975-hddsDatanode-_-any-227456242389339496.dir/webapp/,AVAILABLE}{/hddsDatanode}
2019-09-10 05:25:13,480 [main] INFO  server.AbstractConnector (AbstractConnector.java:doStart(278)) - Started ServerConnector@698fee9a{HTTP/1.1,[http/1.1]}{0.0.0.0:37975}
2019-09-10 05:25:13,481 [main] INFO  server.Server (Server.java:doStart(419)) - Started @5870ms
2019-09-10 05:25:13,483 [main] WARN  impl.MetricsSystemImpl (MetricsSystemImpl.java:register(276)) - Sink prometheus already exists!
2019-09-10 05:25:13,484 [main] INFO  server.BaseHttpServer (BaseHttpServer.java:updateConnectorAddress(215)) - HTTP server of HDDSDATANODE is listening at http://0.0.0.0:37975
2019-09-10 05:25:13,484 [main] INFO  impl.MetricsSystemImpl (MetricsSystemImpl.java:init(158)) - HddsDatanode metrics system started (again)
2019-09-10 05:25:13,488 [main] INFO  ozone.HddsDatanodeService (HddsDatanodeService.java:start(184)) - HddsDatanodeService host:trunk-nightly-20190910-vk757-903364635 ip:192.168.36.76
2019-09-10 05:25:13,488 [org.apache.hadoop.util.JvmPauseMonitor$Monitor@54dfc30e] INFO  util.JvmPauseMonitor (JvmPauseMonitor.java:run(188)) - Starting JVM pause monitor
2019-09-10 05:25:13,491 [Datanode State Machine Thread - 0] INFO  datanode.InitDatanodeState (InitDatanodeState.java:persistContainerDatanodeDetails(140)) - DatanodeDetails is persisted to /workdir/hadoop-ozone/integration-test/target/test-dir/MiniOzoneClusterImpl-247e7c78-77b9-484f-b8fa-e1666253ae99/datanode-3/meta/datanode.id
2019-09-10 05:25:13,501 [main] INFO  volume.HddsVolume (HddsVolume.java:<init>(176)) - Creating Volume: /workdir/hadoop-ozone/integration-test/target/test-dir/MiniOzoneClusterImpl-247e7c78-77b9-484f-b8fa-e1666253ae99/datanode-4/data/containers/hdds of  storage type : DISK and capacity : 1482555576320
2019-09-10 05:25:13,501 [main] INFO  volume.VolumeSet (VolumeSet.java:initializeVolumeSet(170)) - Added Volume : /workdir/hadoop-ozone/integration-test/target/test-dir/MiniOzoneClusterImpl-247e7c78-77b9-484f-b8fa-e1666253ae99/datanode-4/data/containers/hdds to VolumeSet
2019-09-10 05:25:13,501 [main] INFO  volume.ThrottledAsyncChecker (ThrottledAsyncChecker.java:schedule(139)) - Scheduling a check for org.apache.hadoop.ozone.container.common.volume.HddsVolume@1e253c9d
2019-09-10 05:25:13,502 [main] INFO  volume.HddsVolumeChecker (HddsVolumeChecker.java:checkAllVolumes(202)) - Scheduled health check for volume org.apache.hadoop.ozone.container.common.volume.HddsVolume@1e253c9d
2019-09-10 05:25:13,516 [main] INFO  impl.RaftServerProxy (ConfUtils.java:logGet(43)) - raft.rpc.type = GRPC (default)
2019-09-10 05:25:13,517 [main] INFO  grpc.GrpcFactory (GrpcFactory.java:checkPooledByteBufAllocatorUseCacheForAllThreads(45)) - PERFORMANCE WARNING: useCacheForAllThreads is true that may cause Netty to create a lot garbage objects and, as a result, trigger GC.
	It is recommended to disable useCacheForAllThreads by setting -Dorg.apache.ratis.thirdparty.io.netty.allocator.useCacheForAllThreads=false in command line.
2019-09-10 05:25:13,517 [main] INFO  grpc.GrpcConfigKeys$Server (ConfUtils.java:logGet(43)) - raft.grpc.server.port = 0 (default)
2019-09-10 05:25:13,517 [main] INFO  server.GrpcService (ConfUtils.java:logGet(43)) - raft.grpc.message.size.max = 33570816 (custom)
2019-09-10 05:25:13,517 [main] INFO  server.RaftServerConfigKeys (ConfUtils.java:logGet(43)) - raft.server.log.appender.buffer.byte-limit = 33554432 (custom)
2019-09-10 05:25:13,518 [main] INFO  server.GrpcService (ConfUtils.java:logGet(43)) - raft.grpc.flow.control.window = 1MB (=1048576) (default)
2019-09-10 05:25:13,518 [main] INFO  server.RaftServerConfigKeys (ConfUtils.java:logGet(43)) - raft.server.rpc.request.timeout = 3000ms (default)
2019-09-10 05:25:13,518 [main] INFO  server.RaftServerConfigKeys (ConfUtils.java:logGet(43)) - raft.server.storage.dir = [/workdir/hadoop-ozone/integration-test/target/test-dir/MiniOzoneClusterImpl-247e7c78-77b9-484f-b8fa-e1666253ae99/datanode-4/data/ratis] (custom)
2019-09-10 05:25:13,520 [main] INFO  hdfs.DFSUtil (DFSUtil.java:httpServerTemplateForNNAndJN(1641)) - Starting Web-server for hddsDatanode at: http://0.0.0.0:0
2019-09-10 05:25:13,523 [main] INFO  server.AuthenticationFilter (AuthenticationFilter.java:constructSecretProvider(240)) - Unable to initialize FileSignerSecretProvider, falling back to use random secrets.
2019-09-10 05:25:13,524 [main] WARN  http.HttpRequestLog (HttpRequestLog.java:getRequestLog(97)) - Jetty request log can only be enabled using Log4j
2019-09-10 05:25:13,527 [main] INFO  http.HttpServer2 (HttpServer2.java:addGlobalFilter(975)) - Added global filter 'safety' (class=org.apache.hadoop.http.HttpServer2$QuotingInputFilter)
2019-09-10 05:25:13,529 [main] INFO  http.HttpServer2 (HttpServer2.java:addFilter(948)) - Added filter static_user_filter (class=org.apache.hadoop.http.lib.StaticUserWebFilter$StaticUserFilter) to context hddsDatanode
2019-09-10 05:25:13,529 [main] INFO  http.HttpServer2 (HttpServer2.java:addFilter(958)) - Added filter static_user_filter (class=org.apache.hadoop.http.lib.StaticUserWebFilter$StaticUserFilter) to context logs
2019-09-10 05:25:13,530 [main] INFO  http.HttpServer2 (HttpServer2.java:addFilter(958)) - Added filter static_user_filter (class=org.apache.hadoop.http.lib.StaticUserWebFilter$StaticUserFilter) to context static
2019-09-10 05:25:13,531 [main] INFO  http.HttpServer2 (HttpServer2.java:bindListener(1191)) - Jetty bound to port 42942
2019-09-10 05:25:13,531 [main] INFO  server.Server (Server.java:doStart(351)) - jetty-9.3.24.v20180605, build timestamp: 2018-06-05T17:11:56Z, git hash: 84205aa28f11a4f31f2a3b86d1bba2cc8ab69827
2019-09-10 05:25:13,535 [main] INFO  handler.ContextHandler (ContextHandler.java:doStart(781)) - Started o.e.j.s.ServletContextHandler@58f39564{/logs,file:///workdir/hadoop-ozone/integration-test/target/log,AVAILABLE}
2019-09-10 05:25:13,536 [main] INFO  handler.ContextHandler (ContextHandler.java:doStart(781)) - Started o.e.j.s.ServletContextHandler@2f4c2cd4{/static,jar:file:/home/user/.m2/repository/org/apache/hadoop/hadoop-hdds-container-service/0.5.0-SNAPSHOT/hadoop-hdds-container-service-0.5.0-SNAPSHOT.jar!/webapps/static,AVAILABLE}
2019-09-10 05:25:13,580 [main] INFO  handler.ContextHandler (ContextHandler.java:doStart(781)) - Started o.e.j.w.WebAppContext@291373d3{/,file:///tmp/jetty-0.0.0.0-42942-hddsDatanode-_-any-7118229965185538414.dir/webapp/,AVAILABLE}{/hddsDatanode}
2019-09-10 05:25:13,582 [main] INFO  server.AbstractConnector (AbstractConnector.java:doStart(278)) - Started ServerConnector@372ca2d6{HTTP/1.1,[http/1.1]}{0.0.0.0:42942}
2019-09-10 05:25:13,583 [main] INFO  server.Server (Server.java:doStart(419)) - Started @5971ms
2019-09-10 05:25:13,583 [main] WARN  impl.MetricsSystemImpl (MetricsSystemImpl.java:register(276)) - Sink prometheus already exists!
2019-09-10 05:25:13,584 [main] INFO  server.BaseHttpServer (BaseHttpServer.java:updateConnectorAddress(215)) - HTTP server of HDDSDATANODE is listening at http://0.0.0.0:42942
2019-09-10 05:25:13,585 [main] INFO  impl.MetricsSystemImpl (MetricsSystemImpl.java:init(158)) - HddsDatanode metrics system started (again)
2019-09-10 05:25:13,589 [org.apache.hadoop.util.JvmPauseMonitor$Monitor@4ac1b74d] INFO  util.JvmPauseMonitor (JvmPauseMonitor.java:run(188)) - Starting JVM pause monitor
2019-09-10 05:25:13,591 [main] INFO  ozone.HddsDatanodeService (HddsDatanodeService.java:start(184)) - HddsDatanodeService host:trunk-nightly-20190910-vk757-903364635 ip:192.168.36.76
2019-09-10 05:25:13,592 [Datanode State Machine Thread - 0] INFO  datanode.InitDatanodeState (InitDatanodeState.java:persistContainerDatanodeDetails(140)) - DatanodeDetails is persisted to /workdir/hadoop-ozone/integration-test/target/test-dir/MiniOzoneClusterImpl-247e7c78-77b9-484f-b8fa-e1666253ae99/datanode-4/meta/datanode.id
2019-09-10 05:25:13,601 [main] INFO  volume.HddsVolume (HddsVolume.java:<init>(176)) - Creating Volume: /workdir/hadoop-ozone/integration-test/target/test-dir/MiniOzoneClusterImpl-247e7c78-77b9-484f-b8fa-e1666253ae99/datanode-5/data/containers/hdds of  storage type : DISK and capacity : 1482555576320
2019-09-10 05:25:13,601 [main] INFO  volume.VolumeSet (VolumeSet.java:initializeVolumeSet(170)) - Added Volume : /workdir/hadoop-ozone/integration-test/target/test-dir/MiniOzoneClusterImpl-247e7c78-77b9-484f-b8fa-e1666253ae99/datanode-5/data/containers/hdds to VolumeSet
2019-09-10 05:25:13,602 [main] INFO  volume.ThrottledAsyncChecker (ThrottledAsyncChecker.java:schedule(139)) - Scheduling a check for org.apache.hadoop.ozone.container.common.volume.HddsVolume@76ad6715
2019-09-10 05:25:13,602 [main] INFO  volume.HddsVolumeChecker (HddsVolumeChecker.java:checkAllVolumes(202)) - Scheduled health check for volume org.apache.hadoop.ozone.container.common.volume.HddsVolume@76ad6715
2019-09-10 05:25:13,628 [main] INFO  impl.RaftServerProxy (ConfUtils.java:logGet(43)) - raft.rpc.type = GRPC (default)
2019-09-10 05:25:13,628 [main] INFO  grpc.GrpcFactory (GrpcFactory.java:checkPooledByteBufAllocatorUseCacheForAllThreads(45)) - PERFORMANCE WARNING: useCacheForAllThreads is true that may cause Netty to create a lot garbage objects and, as a result, trigger GC.
	It is recommended to disable useCacheForAllThreads by setting -Dorg.apache.ratis.thirdparty.io.netty.allocator.useCacheForAllThreads=false in command line.
2019-09-10 05:25:13,629 [main] INFO  grpc.GrpcConfigKeys$Server (ConfUtils.java:logGet(43)) - raft.grpc.server.port = 0 (default)
2019-09-10 05:25:13,629 [main] INFO  server.GrpcService (ConfUtils.java:logGet(43)) - raft.grpc.message.size.max = 33570816 (custom)
2019-09-10 05:25:13,629 [main] INFO  server.RaftServerConfigKeys (ConfUtils.java:logGet(43)) - raft.server.log.appender.buffer.byte-limit = 33554432 (custom)
2019-09-10 05:25:13,630 [main] INFO  server.GrpcService (ConfUtils.java:logGet(43)) - raft.grpc.flow.control.window = 1MB (=1048576) (default)
2019-09-10 05:25:13,630 [main] INFO  server.RaftServerConfigKeys (ConfUtils.java:logGet(43)) - raft.server.rpc.request.timeout = 3000ms (default)
2019-09-10 05:25:13,632 [main] INFO  server.RaftServerConfigKeys (ConfUtils.java:logGet(43)) - raft.server.storage.dir = [/workdir/hadoop-ozone/integration-test/target/test-dir/MiniOzoneClusterImpl-247e7c78-77b9-484f-b8fa-e1666253ae99/datanode-5/data/ratis] (custom)
2019-09-10 05:25:13,634 [main] INFO  hdfs.DFSUtil (DFSUtil.java:httpServerTemplateForNNAndJN(1641)) - Starting Web-server for hddsDatanode at: http://0.0.0.0:0
2019-09-10 05:25:13,635 [main] INFO  server.AuthenticationFilter (AuthenticationFilter.java:constructSecretProvider(240)) - Unable to initialize FileSignerSecretProvider, falling back to use random secrets.
2019-09-10 05:25:13,636 [main] WARN  http.HttpRequestLog (HttpRequestLog.java:getRequestLog(97)) - Jetty request log can only be enabled using Log4j
2019-09-10 05:25:13,638 [main] INFO  http.HttpServer2 (HttpServer2.java:addGlobalFilter(975)) - Added global filter 'safety' (class=org.apache.hadoop.http.HttpServer2$QuotingInputFilter)
2019-09-10 05:25:13,638 [main] INFO  http.HttpServer2 (HttpServer2.java:addFilter(948)) - Added filter static_user_filter (class=org.apache.hadoop.http.lib.StaticUserWebFilter$StaticUserFilter) to context hddsDatanode
2019-09-10 05:25:13,639 [main] INFO  http.HttpServer2 (HttpServer2.java:addFilter(958)) - Added filter static_user_filter (class=org.apache.hadoop.http.lib.StaticUserWebFilter$StaticUserFilter) to context logs
2019-09-10 05:25:13,639 [main] INFO  http.HttpServer2 (HttpServer2.java:addFilter(958)) - Added filter static_user_filter (class=org.apache.hadoop.http.lib.StaticUserWebFilter$StaticUserFilter) to context static
2019-09-10 05:25:13,639 [main] INFO  http.HttpServer2 (HttpServer2.java:bindListener(1191)) - Jetty bound to port 36401
2019-09-10 05:25:13,640 [main] INFO  server.Server (Server.java:doStart(351)) - jetty-9.3.24.v20180605, build timestamp: 2018-06-05T17:11:56Z, git hash: 84205aa28f11a4f31f2a3b86d1bba2cc8ab69827
2019-09-10 05:25:13,642 [main] INFO  handler.ContextHandler (ContextHandler.java:doStart(781)) - Started o.e.j.s.ServletContextHandler@315f09ef{/logs,file:///workdir/hadoop-ozone/integration-test/target/log,AVAILABLE}
2019-09-10 05:25:13,642 [main] INFO  handler.ContextHandler (ContextHandler.java:doStart(781)) - Started o.e.j.s.ServletContextHandler@75d4a80f{/static,jar:file:/home/user/.m2/repository/org/apache/hadoop/hadoop-hdds-container-service/0.5.0-SNAPSHOT/hadoop-hdds-container-service-0.5.0-SNAPSHOT.jar!/webapps/static,AVAILABLE}
2019-09-10 05:25:13,672 [main] INFO  handler.ContextHandler (ContextHandler.java:doStart(781)) - Started o.e.j.w.WebAppContext@3aa41da1{/,file:///tmp/jetty-0.0.0.0-36401-hddsDatanode-_-any-666227710532810068.dir/webapp/,AVAILABLE}{/hddsDatanode}
2019-09-10 05:25:13,672 [main] INFO  server.AbstractConnector (AbstractConnector.java:doStart(278)) - Started ServerConnector@74fab04a{HTTP/1.1,[http/1.1]}{0.0.0.0:36401}
2019-09-10 05:25:13,673 [main] INFO  server.Server (Server.java:doStart(419)) - Started @6062ms
2019-09-10 05:25:13,674 [main] WARN  impl.MetricsSystemImpl (MetricsSystemImpl.java:register(276)) - Sink prometheus already exists!
2019-09-10 05:25:13,674 [main] INFO  server.BaseHttpServer (BaseHttpServer.java:updateConnectorAddress(215)) - HTTP server of HDDSDATANODE is listening at http://0.0.0.0:36401
2019-09-10 05:25:13,675 [main] INFO  impl.MetricsSystemImpl (MetricsSystemImpl.java:init(158)) - HddsDatanode metrics system started (again)
2019-09-10 05:25:13,679 [main] INFO  ozone.HddsDatanodeService (HddsDatanodeService.java:start(184)) - HddsDatanodeService host:trunk-nightly-20190910-vk757-903364635 ip:192.168.36.76
2019-09-10 05:25:13,679 [org.apache.hadoop.util.JvmPauseMonitor$Monitor@3d75af6d] INFO  util.JvmPauseMonitor (JvmPauseMonitor.java:run(188)) - Starting JVM pause monitor
2019-09-10 05:25:13,682 [Datanode State Machine Thread - 0] INFO  datanode.InitDatanodeState (InitDatanodeState.java:persistContainerDatanodeDetails(140)) - DatanodeDetails is persisted to /workdir/hadoop-ozone/integration-test/target/test-dir/MiniOzoneClusterImpl-247e7c78-77b9-484f-b8fa-e1666253ae99/datanode-5/meta/datanode.id
2019-09-10 05:25:13,689 [main] INFO  volume.HddsVolume (HddsVolume.java:<init>(176)) - Creating Volume: /workdir/hadoop-ozone/integration-test/target/test-dir/MiniOzoneClusterImpl-247e7c78-77b9-484f-b8fa-e1666253ae99/datanode-6/data/containers/hdds of  storage type : DISK and capacity : 1482555576320
2019-09-10 05:25:13,689 [main] INFO  volume.VolumeSet (VolumeSet.java:initializeVolumeSet(170)) - Added Volume : /workdir/hadoop-ozone/integration-test/target/test-dir/MiniOzoneClusterImpl-247e7c78-77b9-484f-b8fa-e1666253ae99/datanode-6/data/containers/hdds to VolumeSet
2019-09-10 05:25:13,689 [main] INFO  volume.ThrottledAsyncChecker (ThrottledAsyncChecker.java:schedule(139)) - Scheduling a check for org.apache.hadoop.ozone.container.common.volume.HddsVolume@17f3eefb
2019-09-10 05:25:13,690 [main] INFO  volume.HddsVolumeChecker (HddsVolumeChecker.java:checkAllVolumes(202)) - Scheduled health check for volume org.apache.hadoop.ozone.container.common.volume.HddsVolume@17f3eefb
2019-09-10 05:25:13,705 [main] INFO  impl.RaftServerProxy (ConfUtils.java:logGet(43)) - raft.rpc.type = GRPC (default)
2019-09-10 05:25:13,705 [main] INFO  grpc.GrpcFactory (GrpcFactory.java:checkPooledByteBufAllocatorUseCacheForAllThreads(45)) - PERFORMANCE WARNING: useCacheForAllThreads is true that may cause Netty to create a lot garbage objects and, as a result, trigger GC.
	It is recommended to disable useCacheForAllThreads by setting -Dorg.apache.ratis.thirdparty.io.netty.allocator.useCacheForAllThreads=false in command line.
2019-09-10 05:25:13,705 [main] INFO  grpc.GrpcConfigKeys$Server (ConfUtils.java:logGet(43)) - raft.grpc.server.port = 0 (default)
2019-09-10 05:25:13,706 [main] INFO  server.GrpcService (ConfUtils.java:logGet(43)) - raft.grpc.message.size.max = 33570816 (custom)
2019-09-10 05:25:13,706 [main] INFO  server.RaftServerConfigKeys (ConfUtils.java:logGet(43)) - raft.server.log.appender.buffer.byte-limit = 33554432 (custom)
2019-09-10 05:25:13,706 [main] INFO  server.GrpcService (ConfUtils.java:logGet(43)) - raft.grpc.flow.control.window = 1MB (=1048576) (default)
2019-09-10 05:25:13,706 [main] INFO  server.RaftServerConfigKeys (ConfUtils.java:logGet(43)) - raft.server.rpc.request.timeout = 3000ms (default)
2019-09-10 05:25:13,707 [main] INFO  server.RaftServerConfigKeys (ConfUtils.java:logGet(43)) - raft.server.storage.dir = [/workdir/hadoop-ozone/integration-test/target/test-dir/MiniOzoneClusterImpl-247e7c78-77b9-484f-b8fa-e1666253ae99/datanode-6/data/ratis] (custom)
2019-09-10 05:25:13,708 [main] INFO  hdfs.DFSUtil (DFSUtil.java:httpServerTemplateForNNAndJN(1641)) - Starting Web-server for hddsDatanode at: http://0.0.0.0:0
2019-09-10 05:25:13,710 [main] INFO  server.AuthenticationFilter (AuthenticationFilter.java:constructSecretProvider(240)) - Unable to initialize FileSignerSecretProvider, falling back to use random secrets.
2019-09-10 05:25:13,710 [main] WARN  http.HttpRequestLog (HttpRequestLog.java:getRequestLog(97)) - Jetty request log can only be enabled using Log4j
2019-09-10 05:25:13,712 [main] INFO  http.HttpServer2 (HttpServer2.java:addGlobalFilter(975)) - Added global filter 'safety' (class=org.apache.hadoop.http.HttpServer2$QuotingInputFilter)
2019-09-10 05:25:13,712 [main] INFO  http.HttpServer2 (HttpServer2.java:addFilter(948)) - Added filter static_user_filter (class=org.apache.hadoop.http.lib.StaticUserWebFilter$StaticUserFilter) to context hddsDatanode
2019-09-10 05:25:13,712 [main] INFO  http.HttpServer2 (HttpServer2.java:addFilter(958)) - Added filter static_user_filter (class=org.apache.hadoop.http.lib.StaticUserWebFilter$StaticUserFilter) to context static
2019-09-10 05:25:13,713 [main] INFO  http.HttpServer2 (HttpServer2.java:addFilter(958)) - Added filter static_user_filter (class=org.apache.hadoop.http.lib.StaticUserWebFilter$StaticUserFilter) to context logs
2019-09-10 05:25:13,713 [main] INFO  http.HttpServer2 (HttpServer2.java:bindListener(1191)) - Jetty bound to port 42257
2019-09-10 05:25:13,714 [main] INFO  server.Server (Server.java:doStart(351)) - jetty-9.3.24.v20180605, build timestamp: 2018-06-05T17:11:56Z, git hash: 84205aa28f11a4f31f2a3b86d1bba2cc8ab69827
2019-09-10 05:25:13,715 [main] INFO  handler.ContextHandler (ContextHandler.java:doStart(781)) - Started o.e.j.s.ServletContextHandler@38b8b6c0{/logs,file:///workdir/hadoop-ozone/integration-test/target/log,AVAILABLE}
2019-09-10 05:25:13,716 [main] INFO  handler.ContextHandler (ContextHandler.java:doStart(781)) - Started o.e.j.s.ServletContextHandler@173a6728{/static,jar:file:/home/user/.m2/repository/org/apache/hadoop/hadoop-hdds-container-service/0.5.0-SNAPSHOT/hadoop-hdds-container-service-0.5.0-SNAPSHOT.jar!/webapps/static,AVAILABLE}
2019-09-10 05:25:13,745 [main] INFO  handler.ContextHandler (ContextHandler.java:doStart(781)) - Started o.e.j.w.WebAppContext@4fa9ab6{/,file:///tmp/jetty-0.0.0.0-42257-hddsDatanode-_-any-4282340672946197547.dir/webapp/,AVAILABLE}{/hddsDatanode}
2019-09-10 05:25:13,745 [main] INFO  server.AbstractConnector (AbstractConnector.java:doStart(278)) - Started ServerConnector@2d3ef181{HTTP/1.1,[http/1.1]}{0.0.0.0:42257}
2019-09-10 05:25:13,746 [main] INFO  server.Server (Server.java:doStart(419)) - Started @6135ms
2019-09-10 05:25:13,746 [main] WARN  impl.MetricsSystemImpl (MetricsSystemImpl.java:register(276)) - Sink prometheus already exists!
2019-09-10 05:25:13,747 [main] INFO  server.BaseHttpServer (BaseHttpServer.java:updateConnectorAddress(215)) - HTTP server of HDDSDATANODE is listening at http://0.0.0.0:42257
2019-09-10 05:25:13,749 [main] INFO  ozone.MiniOzoneClusterImpl (MiniOzoneClusterImpl.java:lambda$waitForClusterToBeReady$0(140)) - Waiting for cluster to be ready. Got 0 of 7 DN Heartbeats.
2019-09-10 05:25:13,750 [org.apache.hadoop.util.JvmPauseMonitor$Monitor@14f3f953] INFO  util.JvmPauseMonitor (JvmPauseMonitor.java:run(188)) - Starting JVM pause monitor
2019-09-10 05:25:13,754 [Datanode State Machine Thread - 0] INFO  datanode.InitDatanodeState (InitDatanodeState.java:persistContainerDatanodeDetails(140)) - DatanodeDetails is persisted to /workdir/hadoop-ozone/integration-test/target/test-dir/MiniOzoneClusterImpl-247e7c78-77b9-484f-b8fa-e1666253ae99/datanode-6/meta/datanode.id
2019-09-10 05:25:14,750 [main] INFO  ozone.MiniOzoneClusterImpl (MiniOzoneClusterImpl.java:lambda$waitForClusterToBeReady$0(140)) - Waiting for cluster to be ready. Got 0 of 7 DN Heartbeats.
2019-09-10 05:25:15,353 [Datanode State Machine Thread - 0] INFO  ozoneimpl.OzoneContainer (OzoneContainer.java:start(217)) - Attempting to start container services.
2019-09-10 05:25:15,356 [Datanode State Machine Thread - 0] INFO  ozoneimpl.OzoneContainer (OzoneContainer.java:start(217)) - Attempting to start container services.
2019-09-10 05:25:15,360 [Datanode State Machine Thread - 0] INFO  ozoneimpl.OzoneContainer (OzoneContainer.java:startContainerScrub(179)) - Background container scanner has been disabled.
2019-09-10 05:25:15,360 [Datanode State Machine Thread - 0] INFO  ozoneimpl.OzoneContainer (OzoneContainer.java:startContainerScrub(179)) - Background container scanner has been disabled.
2019-09-10 05:25:15,360 [Datanode State Machine Thread - 0] INFO  ratis.XceiverServerRatis (XceiverServerRatis.java:start(404)) - Starting XceiverServerRatis 0833e3a3-907f-4d2e-85bd-ed5ca04a3d34 at port 0
2019-09-10 05:25:15,360 [Datanode State Machine Thread - 0] INFO  ratis.XceiverServerRatis (XceiverServerRatis.java:start(404)) - Starting XceiverServerRatis 9ef1702c-ece5-4ac9-b96a-b31858c3d219 at port 0
2019-09-10 05:25:15,391 [Datanode State Machine Thread - 0] INFO  impl.RaftServerProxy (RaftServerProxy.java:lambda$start$3(299)) - 0833e3a3-907f-4d2e-85bd-ed5ca04a3d34: start RPC server
2019-09-10 05:25:15,391 [Datanode State Machine Thread - 0] INFO  impl.RaftServerProxy (RaftServerProxy.java:lambda$start$3(299)) - 9ef1702c-ece5-4ac9-b96a-b31858c3d219: start RPC server
2019-09-10 05:25:15,428 [Datanode State Machine Thread - 0] INFO  ozoneimpl.OzoneContainer (OzoneContainer.java:start(217)) - Attempting to start container services.
2019-09-10 05:25:15,432 [Datanode State Machine Thread - 0] INFO  ozoneimpl.OzoneContainer (OzoneContainer.java:startContainerScrub(179)) - Background container scanner has been disabled.
2019-09-10 05:25:15,433 [Datanode State Machine Thread - 0] INFO  ratis.XceiverServerRatis (XceiverServerRatis.java:start(404)) - Starting XceiverServerRatis 21a56203-c10c-4b41-8de5-65150199fc74 at port 0
2019-09-10 05:25:15,441 [Datanode State Machine Thread - 0] INFO  impl.RaftServerProxy (RaftServerProxy.java:lambda$start$3(299)) - 21a56203-c10c-4b41-8de5-65150199fc74: start RPC server
2019-09-10 05:25:15,504 [Datanode State Machine Thread - 0] INFO  ozoneimpl.OzoneContainer (OzoneContainer.java:start(217)) - Attempting to start container services.
2019-09-10 05:25:15,504 [Datanode State Machine Thread - 0] INFO  ozoneimpl.OzoneContainer (OzoneContainer.java:startContainerScrub(179)) - Background container scanner has been disabled.
2019-09-10 05:25:15,505 [Datanode State Machine Thread - 0] INFO  ratis.XceiverServerRatis (XceiverServerRatis.java:start(404)) - Starting XceiverServerRatis c940a4b4-485e-4e11-8997-834659c9cdb5 at port 0
2019-09-10 05:25:15,512 [Datanode State Machine Thread - 0] INFO  impl.RaftServerProxy (RaftServerProxy.java:lambda$start$3(299)) - c940a4b4-485e-4e11-8997-834659c9cdb5: start RPC server
2019-09-10 05:25:15,552 [Datanode State Machine Thread - 0] INFO  server.GrpcService (GrpcService.java:startImpl(158)) - 9ef1702c-ece5-4ac9-b96a-b31858c3d219: GrpcService started, listening on 0.0.0.0/0.0.0.0:38409
2019-09-10 05:25:15,552 [Datanode State Machine Thread - 0] INFO  server.GrpcService (GrpcService.java:startImpl(158)) - c940a4b4-485e-4e11-8997-834659c9cdb5: GrpcService started, listening on 0.0.0.0/0.0.0.0:36668
2019-09-10 05:25:15,552 [Datanode State Machine Thread - 0] INFO  server.GrpcService (GrpcService.java:startImpl(158)) - 0833e3a3-907f-4d2e-85bd-ed5ca04a3d34: GrpcService started, listening on 0.0.0.0/0.0.0.0:36818
2019-09-10 05:25:15,552 [Datanode State Machine Thread - 0] INFO  server.GrpcService (GrpcService.java:startImpl(158)) - 21a56203-c10c-4b41-8de5-65150199fc74: GrpcService started, listening on 0.0.0.0/0.0.0.0:35925
2019-09-10 05:25:15,553 [Datanode State Machine Thread - 0] INFO  ratis.XceiverServerRatis (XceiverServerRatis.java:start(414)) - XceiverServerRatis 0833e3a3-907f-4d2e-85bd-ed5ca04a3d34 is started using port 36818
2019-09-10 05:25:15,553 [Datanode State Machine Thread - 0] INFO  ratis.XceiverServerRatis (XceiverServerRatis.java:start(414)) - XceiverServerRatis c940a4b4-485e-4e11-8997-834659c9cdb5 is started using port 36668
2019-09-10 05:25:15,553 [Datanode State Machine Thread - 0] INFO  ratis.XceiverServerRatis (XceiverServerRatis.java:start(414)) - XceiverServerRatis 9ef1702c-ece5-4ac9-b96a-b31858c3d219 is started using port 38409
2019-09-10 05:25:15,553 [Datanode State Machine Thread - 0] INFO  ratis.XceiverServerRatis (XceiverServerRatis.java:start(414)) - XceiverServerRatis 21a56203-c10c-4b41-8de5-65150199fc74 is started using port 35925
2019-09-10 05:25:15,561 [Datanode State Machine Thread - 0] INFO  server.XceiverServerGrpc (XceiverServerGrpc.java:start(163)) - XceiverServerGrpc 9ef1702c-ece5-4ac9-b96a-b31858c3d219 is started using port 37511
2019-09-10 05:25:15,562 [Datanode State Machine Thread - 0] INFO  server.XceiverServerGrpc (XceiverServerGrpc.java:start(163)) - XceiverServerGrpc c940a4b4-485e-4e11-8997-834659c9cdb5 is started using port 37286
2019-09-10 05:25:15,562 [Datanode State Machine Thread - 0] INFO  server.XceiverServerGrpc (XceiverServerGrpc.java:start(163)) - XceiverServerGrpc 0833e3a3-907f-4d2e-85bd-ed5ca04a3d34 is started using port 44102
2019-09-10 05:25:15,561 [Datanode State Machine Thread - 0] INFO  server.XceiverServerGrpc (XceiverServerGrpc.java:start(163)) - XceiverServerGrpc 21a56203-c10c-4b41-8de5-65150199fc74 is started using port 46204
2019-09-10 05:25:15,605 [Datanode State Machine Thread - 0] INFO  ozoneimpl.OzoneContainer (OzoneContainer.java:start(217)) - Attempting to start container services.
2019-09-10 05:25:15,606 [Datanode State Machine Thread - 0] INFO  ozoneimpl.OzoneContainer (OzoneContainer.java:startContainerScrub(179)) - Background container scanner has been disabled.
2019-09-10 05:25:15,606 [Datanode State Machine Thread - 0] INFO  ratis.XceiverServerRatis (XceiverServerRatis.java:start(404)) - Starting XceiverServerRatis cc4a97b8-a721-497f-8d26-8972627a814e at port 0
2019-09-10 05:25:15,612 [Datanode State Machine Thread - 0] INFO  impl.RaftServerProxy (RaftServerProxy.java:lambda$start$3(299)) - cc4a97b8-a721-497f-8d26-8972627a814e: start RPC server
2019-09-10 05:25:15,616 [Datanode State Machine Thread - 0] INFO  server.GrpcService (GrpcService.java:startImpl(158)) - cc4a97b8-a721-497f-8d26-8972627a814e: GrpcService started, listening on 0.0.0.0/0.0.0.0:37833
2019-09-10 05:25:15,616 [Datanode State Machine Thread - 0] INFO  ratis.XceiverServerRatis (XceiverServerRatis.java:start(414)) - XceiverServerRatis cc4a97b8-a721-497f-8d26-8972627a814e is started using port 37833
2019-09-10 05:25:15,619 [Datanode State Machine Thread - 0] INFO  server.XceiverServerGrpc (XceiverServerGrpc.java:start(163)) - XceiverServerGrpc cc4a97b8-a721-497f-8d26-8972627a814e is started using port 44054
2019-09-10 05:25:15,709 [Datanode State Machine Thread - 0] INFO  ozoneimpl.OzoneContainer (OzoneContainer.java:start(217)) - Attempting to start container services.
2019-09-10 05:25:15,710 [Datanode State Machine Thread - 0] INFO  ozoneimpl.OzoneContainer (OzoneContainer.java:startContainerScrub(179)) - Background container scanner has been disabled.
2019-09-10 05:25:15,711 [Datanode State Machine Thread - 0] INFO  ratis.XceiverServerRatis (XceiverServerRatis.java:start(404)) - Starting XceiverServerRatis 1cdb4630-dc2b-4fec-8a69-17f5c78645cd at port 0
2019-09-10 05:25:15,718 [Datanode State Machine Thread - 0] INFO  impl.RaftServerProxy (RaftServerProxy.java:lambda$start$3(299)) - 1cdb4630-dc2b-4fec-8a69-17f5c78645cd: start RPC server
2019-09-10 05:25:15,721 [Datanode State Machine Thread - 0] INFO  server.GrpcService (GrpcService.java:startImpl(158)) - 1cdb4630-dc2b-4fec-8a69-17f5c78645cd: GrpcService started, listening on 0.0.0.0/0.0.0.0:35326
2019-09-10 05:25:15,721 [Datanode State Machine Thread - 0] INFO  ratis.XceiverServerRatis (XceiverServerRatis.java:start(414)) - XceiverServerRatis 1cdb4630-dc2b-4fec-8a69-17f5c78645cd is started using port 35326
2019-09-10 05:25:15,723 [Datanode State Machine Thread - 0] INFO  server.XceiverServerGrpc (XceiverServerGrpc.java:start(163)) - XceiverServerGrpc 1cdb4630-dc2b-4fec-8a69-17f5c78645cd is started using port 45482
2019-09-10 05:25:15,753 [main] INFO  ozone.MiniOzoneClusterImpl (MiniOzoneClusterImpl.java:lambda$waitForClusterToBeReady$0(140)) - Waiting for cluster to be ready. Got 0 of 7 DN Heartbeats.
2019-09-10 05:25:15,767 [Datanode State Machine Thread - 0] INFO  ozoneimpl.OzoneContainer (OzoneContainer.java:start(217)) - Attempting to start container services.
2019-09-10 05:25:15,767 [Datanode State Machine Thread - 0] INFO  ozoneimpl.OzoneContainer (OzoneContainer.java:startContainerScrub(179)) - Background container scanner has been disabled.
2019-09-10 05:25:15,768 [Datanode State Machine Thread - 0] INFO  ratis.XceiverServerRatis (XceiverServerRatis.java:start(404)) - Starting XceiverServerRatis 5548a24b-0164-4a3c-aa99-cd6a6c4e8a22 at port 0
2019-09-10 05:25:15,774 [Datanode State Machine Thread - 0] INFO  impl.RaftServerProxy (RaftServerProxy.java:lambda$start$3(299)) - 5548a24b-0164-4a3c-aa99-cd6a6c4e8a22: start RPC server
2019-09-10 05:25:15,778 [Datanode State Machine Thread - 0] INFO  server.GrpcService (GrpcService.java:startImpl(158)) - 5548a24b-0164-4a3c-aa99-cd6a6c4e8a22: GrpcService started, listening on 0.0.0.0/0.0.0.0:43139
2019-09-10 05:25:15,778 [Datanode State Machine Thread - 0] INFO  ratis.XceiverServerRatis (XceiverServerRatis.java:start(414)) - XceiverServerRatis 5548a24b-0164-4a3c-aa99-cd6a6c4e8a22 is started using port 43139
2019-09-10 05:25:15,781 [Datanode State Machine Thread - 0] INFO  server.XceiverServerGrpc (XceiverServerGrpc.java:start(163)) - XceiverServerGrpc 5548a24b-0164-4a3c-aa99-cd6a6c4e8a22 is started using port 39019
2019-09-10 05:25:16,753 [main] INFO  ozone.MiniOzoneClusterImpl (MiniOzoneClusterImpl.java:lambda$waitForClusterToBeReady$0(140)) - Waiting for cluster to be ready. Got 0 of 7 DN Heartbeats.
2019-09-10 05:25:17,284 [IPC Server handler 4 on 36752] INFO  net.NetworkTopology (NetworkTopologyImpl.java:add(110)) - Added a new node: /default-rack/9ef1702c-ece5-4ac9-b96a-b31858c3d219
2019-09-10 05:25:17,288 [IPC Server handler 4 on 36752] INFO  node.SCMNodeManager (SCMNodeManager.java:register(266)) - Registered Data node : 9ef1702c-ece5-4ac9-b96a-b31858c3d219{ip: 192.168.36.76, host: trunk-nightly-20190910-vk757-903364635, networkLocation: /default-rack, certSerialId: null}
2019-09-10 05:25:17,293 [EventQueue-NodeRegistrationContainerReportForDataNodeSafeModeRule] INFO  safemode.SCMSafeModeManager (DataNodeSafeModeRule.java:process(71)) - SCM in safe mode. 1 DataNodes registered, 1 required.
2019-09-10 05:25:17,293 [EventQueue-NodeRegistrationContainerReportForDataNodeSafeModeRule] INFO  safemode.SCMSafeModeManager (SCMSafeModeManager.java:validateSafeModeExitRules(177)) - ScmSafeModeManager, all rules are successfully validated
2019-09-10 05:25:17,294 [EventQueue-NodeRegistrationContainerReportForDataNodeSafeModeRule] INFO  safemode.SCMSafeModeManager (SCMSafeModeManager.java:exitSafeMode(193)) - SCM exiting safe mode.
2019-09-10 05:25:17,336 [IPC Server handler 10 on 36752] INFO  net.NetworkTopology (NetworkTopologyImpl.java:add(110)) - Added a new node: /default-rack/0833e3a3-907f-4d2e-85bd-ed5ca04a3d34
2019-09-10 05:25:17,336 [IPC Server handler 10 on 36752] INFO  node.SCMNodeManager (SCMNodeManager.java:register(266)) - Registered Data node : 0833e3a3-907f-4d2e-85bd-ed5ca04a3d34{ip: 192.168.36.76, host: trunk-nightly-20190910-vk757-903364635, networkLocation: /default-rack, certSerialId: null}
2019-09-10 05:25:17,415 [IPC Server handler 5 on 36752] INFO  net.NetworkTopology (NetworkTopologyImpl.java:add(110)) - Added a new node: /default-rack/21a56203-c10c-4b41-8de5-65150199fc74
2019-09-10 05:25:17,415 [IPC Server handler 5 on 36752] INFO  node.SCMNodeManager (SCMNodeManager.java:register(266)) - Registered Data node : 21a56203-c10c-4b41-8de5-65150199fc74{ip: 192.168.36.76, host: trunk-nightly-20190910-vk757-903364635, networkLocation: /default-rack, certSerialId: null}
2019-09-10 05:25:17,492 [IPC Server handler 8 on 36752] INFO  net.NetworkTopology (NetworkTopologyImpl.java:add(110)) - Added a new node: /default-rack/c940a4b4-485e-4e11-8997-834659c9cdb5
2019-09-10 05:25:17,493 [IPC Server handler 8 on 36752] INFO  node.SCMNodeManager (SCMNodeManager.java:register(266)) - Registered Data node : c940a4b4-485e-4e11-8997-834659c9cdb5{ip: 192.168.36.76, host: trunk-nightly-20190910-vk757-903364635, networkLocation: /default-rack, certSerialId: null}
2019-09-10 05:25:17,593 [IPC Server handler 1 on 36752] INFO  net.NetworkTopology (NetworkTopologyImpl.java:add(110)) - Added a new node: /default-rack/cc4a97b8-a721-497f-8d26-8972627a814e
2019-09-10 05:25:17,594 [IPC Server handler 1 on 36752] INFO  node.SCMNodeManager (SCMNodeManager.java:register(266)) - Registered Data node : cc4a97b8-a721-497f-8d26-8972627a814e{ip: 192.168.36.76, host: trunk-nightly-20190910-vk757-903364635, networkLocation: /default-rack, certSerialId: null}
2019-09-10 05:25:17,683 [IPC Server handler 3 on 36752] INFO  net.NetworkTopology (NetworkTopologyImpl.java:add(110)) - Added a new node: /default-rack/1cdb4630-dc2b-4fec-8a69-17f5c78645cd
2019-09-10 05:25:17,684 [IPC Server handler 3 on 36752] INFO  node.SCMNodeManager (SCMNodeManager.java:register(266)) - Registered Data node : 1cdb4630-dc2b-4fec-8a69-17f5c78645cd{ip: 192.168.36.76, host: trunk-nightly-20190910-vk757-903364635, networkLocation: /default-rack, certSerialId: null}
2019-09-10 05:25:17,754 [main] INFO  ozone.MiniOzoneClusterImpl (MiniOzoneClusterImpl.java:lambda$waitForClusterToBeReady$0(140)) - Waiting for cluster to be ready. Got 6 of 7 DN Heartbeats.
2019-09-10 05:25:17,754 [IPC Server handler 4 on 36752] INFO  net.NetworkTopology (NetworkTopologyImpl.java:add(110)) - Added a new node: /default-rack/5548a24b-0164-4a3c-aa99-cd6a6c4e8a22
2019-09-10 05:25:17,755 [IPC Server handler 4 on 36752] INFO  node.SCMNodeManager (SCMNodeManager.java:register(266)) - Registered Data node : 5548a24b-0164-4a3c-aa99-cd6a6c4e8a22{ip: 192.168.36.76, host: trunk-nightly-20190910-vk757-903364635, networkLocation: /default-rack, certSerialId: null}
2019-09-10 05:25:17,773 [grpc-default-executor-0] INFO  impl.RaftServerProxy (RaftServerProxy.java:addNew(89)) - 9ef1702c-ece5-4ac9-b96a-b31858c3d219: addNew group-1C649A892858:[9ef1702c-ece5-4ac9-b96a-b31858c3d219:192.168.36.76:38409] returns group-1C649A892858:java.util.concurrent.CompletableFuture@401cdcad[Not completed]
2019-09-10 05:25:17,794 [pool-27-thread-1] INFO  impl.RaftServerImpl (RaftServerImpl.java:<init>(95)) - 9ef1702c-ece5-4ac9-b96a-b31858c3d219: new RaftServerImpl for group-1C649A892858:[9ef1702c-ece5-4ac9-b96a-b31858c3d219:192.168.36.76:38409] with ContainerStateMachine:uninitialized
2019-09-10 05:25:17,796 [pool-27-thread-1] INFO  server.RaftServerConfigKeys (ConfUtils.java:logGet(43)) - raft.server.rpc.timeout.min = 5s (custom)
2019-09-10 05:25:17,797 [pool-27-thread-1] INFO  server.RaftServerConfigKeys (ConfUtils.java:logGet(43)) - raft.server.rpc.timeout.max = 5200ms (custom)
2019-09-10 05:25:17,797 [pool-27-thread-1] INFO  server.RaftServerConfigKeys (ConfUtils.java:logGet(43)) - raft.server.rpcslowness.timeout = 120s (custom)
2019-09-10 05:25:17,798 [pool-27-thread-1] INFO  server.RaftServerConfigKeys (ConfUtils.java:logGet(43)) - raft.server.sleep.deviation.threshold = 300 (default)
2019-09-10 05:25:17,799 [pool-27-thread-1] INFO  server.RaftServerConfigKeys (ConfUtils.java:logGet(43)) - raft.server.log.appender.install.snapshot.enabled = false (custom)
2019-09-10 05:25:17,807 [pool-27-thread-1] INFO  impl.RaftServerImpl (ServerState.java:<init>(103)) - 9ef1702c-ece5-4ac9-b96a-b31858c3d219@group-1C649A892858: ConfigurationManager, init=-1: [9ef1702c-ece5-4ac9-b96a-b31858c3d219:192.168.36.76:38409], old=null, confs=<EMPTY_MAP>
2019-09-10 05:25:17,807 [pool-27-thread-1] INFO  server.RaftServerConfigKeys (ConfUtils.java:logGet(43)) - raft.server.storage.dir = [/workdir/hadoop-ozone/integration-test/target/test-dir/MiniOzoneClusterImpl-247e7c78-77b9-484f-b8fa-e1666253ae99/datanode-0/data/ratis] (custom)
2019-09-10 05:25:17,815 [pool-27-thread-1] INFO  storage.RaftStorageDirectory (RaftStorageDirectory.java:analyzeStorage(246)) - The storage directory /workdir/hadoop-ozone/integration-test/target/test-dir/MiniOzoneClusterImpl-247e7c78-77b9-484f-b8fa-e1666253ae99/datanode-0/data/ratis/8481769f-906b-4b21-8d0e-1c649a892858 does not exist. Creating ...
2019-09-10 05:25:17,838 [pool-27-thread-1] INFO  storage.RaftStorageDirectory (RaftStorageDirectory.java:tryLock(328)) - Lock on /workdir/hadoop-ozone/integration-test/target/test-dir/MiniOzoneClusterImpl-247e7c78-77b9-484f-b8fa-e1666253ae99/datanode-0/data/ratis/8481769f-906b-4b21-8d0e-1c649a892858/in_use.lock acquired by nodename 21943@trunk-nightly-20190910-vk757-903364635
2019-09-10 05:25:17,865 [pool-27-thread-1] INFO  storage.RaftStorage (RaftStorage.java:format(72)) - Storage directory /workdir/hadoop-ozone/integration-test/target/test-dir/MiniOzoneClusterImpl-247e7c78-77b9-484f-b8fa-e1666253ae99/datanode-0/data/ratis/8481769f-906b-4b21-8d0e-1c649a892858 has been successfully formatted.
2019-09-10 05:25:17,867 [pool-27-thread-1] INFO  ratis.ContainerStateMachine (ContainerStateMachine.java:loadSnapshot(230)) - group-1C649A892858: The snapshot info is null. Setting the last applied indexto:(t:0, i:~)
2019-09-10 05:25:17,868 [pool-27-thread-1] INFO  server.RaftServerConfigKeys (ConfUtils.java:logGet(43)) - raft.server.notification.no-leader.timeout = 120s (custom)
2019-09-10 05:25:17,870 [pool-27-thread-1] INFO  server.RaftServerConfigKeys (ConfUtils.java:logGet(43)) - raft.server.log.use.memory = false (default)
2019-09-10 05:25:17,877 [pool-27-thread-1] INFO  server.RaftServerConfigKeys (ConfUtils.java:logGet(43)) - raft.server.log.purge.gap = 1000000 (custom)
2019-09-10 05:25:17,877 [pool-27-thread-1] INFO  server.RaftServerConfigKeys (ConfUtils.java:logGet(43)) - raft.server.log.appender.buffer.byte-limit = 33554432 (custom)
2019-09-10 05:25:17,879 [pool-27-thread-1] INFO  server.RaftServerConfigKeys (ConfUtils.java:logGet(43)) - raft.server.log.segment.size.max = 1048576 (custom)
2019-09-10 05:25:17,884 [pool-27-thread-1] INFO  server.RaftServerConfigKeys (ConfUtils.java:logGet(43)) - raft.server.log.segment.cache.num.max = 2 (custom)
2019-09-10 05:25:17,891 [pool-27-thread-1] INFO  segmented.SegmentedRaftLogWorker (SegmentedRaftLogWorker.java:<init>(172)) - new 9ef1702c-ece5-4ac9-b96a-b31858c3d219@group-1C649A892858-SegmentedRaftLogWorker for RaftStorage:Storage Directory /workdir/hadoop-ozone/integration-test/target/test-dir/MiniOzoneClusterImpl-247e7c78-77b9-484f-b8fa-e1666253ae99/datanode-0/data/ratis/8481769f-906b-4b21-8d0e-1c649a892858
2019-09-10 05:25:17,893 [pool-27-thread-1] INFO  impl.MetricsSystemImpl (MetricsSystemImpl.java:init(158)) - ratis metrics system started (again)
2019-09-10 05:25:17,929 [pool-27-thread-1] INFO  server.RaftServerConfigKeys (ConfUtils.java:logGet(43)) - raft.server.log.queue.byte-limit = 2147483647 (custom)
2019-09-10 05:25:17,930 [pool-27-thread-1] INFO  server.RaftServerConfigKeys (ConfUtils.java:logGet(43)) - raft.server.log.queue.element-limit = 1024 (custom)
2019-09-10 05:25:17,933 [pool-27-thread-1] INFO  server.RaftServerConfigKeys (ConfUtils.java:logGet(43)) - raft.server.log.segment.size.max = 1048576 (custom)
2019-09-10 05:25:17,933 [pool-27-thread-1] INFO  server.RaftServerConfigKeys (ConfUtils.java:logGet(43)) - raft.server.log.preallocated.size = 16384 (custom)
2019-09-10 05:25:17,934 [pool-27-thread-1] INFO  server.RaftServerConfigKeys (ConfUtils.java:logGet(43)) - raft.server.log.write.buffer.size = 33554432 (custom)
2019-09-10 05:25:17,934 [pool-27-thread-1] INFO  server.RaftServerConfigKeys (ConfUtils.java:logGet(43)) - raft.server.log.force.sync.num = 128 (default)
2019-09-10 05:25:17,935 [pool-27-thread-1] INFO  server.RaftServerConfigKeys (ConfUtils.java:logGet(43)) - raft.server.log.statemachine.data.sync = true (default)
2019-09-10 05:25:17,935 [pool-27-thread-1] INFO  server.RaftServerConfigKeys (ConfUtils.java:logGet(43)) - raft.server.log.statemachine.data.sync.timeout = 10s (default)
2019-09-10 05:25:17,936 [pool-27-thread-1] INFO  server.RaftServerConfigKeys (ConfUtils.java:logGet(43)) - raft.server.log.statemachine.data.sync.timeout.retry = -1 (default)
2019-09-10 05:25:17,944 [pool-27-thread-1] INFO  server.RaftServerConfigKeys (ConfUtils.java:logGet(43)) - raft.server.log.statemachine.data.caching.enabled = true (custom)
2019-09-10 05:25:17,948 [pool-27-thread-1] INFO  segmented.SegmentedRaftLogWorker (SegmentedRaftLogWorker.java:lambda$new$0(132)) - 9ef1702c-ece5-4ac9-b96a-b31858c3d219@group-1C649A892858-SegmentedRaftLogWorker: flushIndex: setUnconditionally 0 -> -1
2019-09-10 05:25:17,952 [pool-27-thread-1] INFO  server.RaftServerConfigKeys (ConfUtils.java:logGet(43)) - raft.server.snapshot.auto.trigger.enabled = true (custom)
2019-09-10 05:25:17,953 [pool-27-thread-1] INFO  server.RaftServerConfigKeys (ConfUtils.java:logGet(43)) - raft.server.snapshot.auto.trigger.threshold = 10000 (custom)
2019-09-10 05:25:17,954 [pool-27-thread-1] INFO  server.RaftServerConfigKeys (ConfUtils.java:logGet(43)) - raft.server.snapshot.retention.num.files = -1 (default)
2019-09-10 05:25:17,954 [pool-27-thread-1] INFO  server.RaftServerConfigKeys (ConfUtils.java:logGet(43)) - raft.server.retrycache.expirytime = 600000ms (custom)
2019-09-10 05:25:17,981 [pool-27-thread-1] INFO  impl.RaftServerImpl (RaftServerImpl.java:start(185)) - 9ef1702c-ece5-4ac9-b96a-b31858c3d219@group-1C649A892858: start as a follower, conf=-1: [9ef1702c-ece5-4ac9-b96a-b31858c3d219:192.168.36.76:38409], old=null
2019-09-10 05:25:17,982 [pool-27-thread-1] INFO  impl.RaftServerImpl (RaftServerImpl.java:setRole(174)) - 9ef1702c-ece5-4ac9-b96a-b31858c3d219@group-1C649A892858: changes role from      null to FOLLOWER at term 0 for startAsFollower
2019-09-10 05:25:17,983 [pool-27-thread-1] INFO  impl.RoleInfo (RoleInfo.java:updateAndGet(143)) - 9ef1702c-ece5-4ac9-b96a-b31858c3d219: start FollowerState
2019-09-10 05:25:17,985 [pool-27-thread-1] INFO  util.JmxRegister (JmxRegister.java:tryRegister(44)) - Successfully registered JMX Bean with object name Ratis:service=RaftServer,group=group-1C649A892858,id=9ef1702c-ece5-4ac9-b96a-b31858c3d219
2019-09-10 05:25:18,066 [RatisPipelineUtilsThread] INFO  pipeline.PipelineStateManager (PipelineStateManager.java:addPipeline(56)) - Created pipeline Pipeline[ Id: 8481769f-906b-4b21-8d0e-1c649a892858, Nodes: 9ef1702c-ece5-4ac9-b96a-b31858c3d219{ip: 192.168.36.76, host: trunk-nightly-20190910-vk757-903364635, networkLocation: /default-rack, certSerialId: null}, Type:RATIS, Factor:ONE, State:OPEN]
2019-09-10 05:25:18,113 [grpc-default-executor-0] INFO  impl.RaftServerProxy (RaftServerProxy.java:addNew(89)) - 5548a24b-0164-4a3c-aa99-cd6a6c4e8a22: addNew group-D3E504095C65:[5548a24b-0164-4a3c-aa99-cd6a6c4e8a22:192.168.36.76:43139] returns group-D3E504095C65:java.util.concurrent.CompletableFuture@2ce3854c[Not completed]
2019-09-10 05:25:18,165 [pool-87-thread-1] INFO  impl.RaftServerImpl (RaftServerImpl.java:<init>(95)) - 5548a24b-0164-4a3c-aa99-cd6a6c4e8a22: new RaftServerImpl for group-D3E504095C65:[5548a24b-0164-4a3c-aa99-cd6a6c4e8a22:192.168.36.76:43139] with ContainerStateMachine:uninitialized
2019-09-10 05:25:18,166 [pool-87-thread-1] INFO  server.RaftServerConfigKeys (ConfUtils.java:logGet(43)) - raft.server.rpc.timeout.min = 5s (custom)
2019-09-10 05:25:18,166 [pool-87-thread-1] INFO  server.RaftServerConfigKeys (ConfUtils.java:logGet(43)) - raft.server.rpc.timeout.max = 5200ms (custom)
2019-09-10 05:25:18,167 [pool-87-thread-1] INFO  server.RaftServerConfigKeys (ConfUtils.java:logGet(43)) - raft.server.rpcslowness.timeout = 120s (custom)
2019-09-10 05:25:18,167 [pool-87-thread-1] INFO  server.RaftServerConfigKeys (ConfUtils.java:logGet(43)) - raft.server.sleep.deviation.threshold = 300 (default)
2019-09-10 05:25:18,167 [pool-87-thread-1] INFO  server.RaftServerConfigKeys (ConfUtils.java:logGet(43)) - raft.server.log.appender.install.snapshot.enabled = false (custom)
2019-09-10 05:25:18,167 [pool-87-thread-1] INFO  impl.RaftServerImpl (ServerState.java:<init>(103)) - 5548a24b-0164-4a3c-aa99-cd6a6c4e8a22@group-D3E504095C65: ConfigurationManager, init=-1: [5548a24b-0164-4a3c-aa99-cd6a6c4e8a22:192.168.36.76:43139], old=null, confs=<EMPTY_MAP>
2019-09-10 05:25:18,168 [pool-87-thread-1] INFO  server.RaftServerConfigKeys (ConfUtils.java:logGet(43)) - raft.server.storage.dir = [/workdir/hadoop-ozone/integration-test/target/test-dir/MiniOzoneClusterImpl-247e7c78-77b9-484f-b8fa-e1666253ae99/datanode-6/data/ratis] (custom)
2019-09-10 05:25:18,168 [pool-87-thread-1] INFO  storage.RaftStorageDirectory (RaftStorageDirectory.java:analyzeStorage(246)) - The storage directory /workdir/hadoop-ozone/integration-test/target/test-dir/MiniOzoneClusterImpl-247e7c78-77b9-484f-b8fa-e1666253ae99/datanode-6/data/ratis/dbf108f9-91bf-45b5-aa71-d3e504095c65 does not exist. Creating ...
2019-09-10 05:25:18,183 [pool-87-thread-1] INFO  storage.RaftStorageDirectory (RaftStorageDirectory.java:tryLock(328)) - Lock on /workdir/hadoop-ozone/integration-test/target/test-dir/MiniOzoneClusterImpl-247e7c78-77b9-484f-b8fa-e1666253ae99/datanode-6/data/ratis/dbf108f9-91bf-45b5-aa71-d3e504095c65/in_use.lock acquired by nodename 21943@trunk-nightly-20190910-vk757-903364635
2019-09-10 05:25:18,207 [pool-87-thread-1] INFO  storage.RaftStorage (RaftStorage.java:format(72)) - Storage directory /workdir/hadoop-ozone/integration-test/target/test-dir/MiniOzoneClusterImpl-247e7c78-77b9-484f-b8fa-e1666253ae99/datanode-6/data/ratis/dbf108f9-91bf-45b5-aa71-d3e504095c65 has been successfully formatted.
2019-09-10 05:25:18,208 [pool-87-thread-1] INFO  ratis.ContainerStateMachine (ContainerStateMachine.java:loadSnapshot(230)) - group-D3E504095C65: The snapshot info is null. Setting the last applied indexto:(t:0, i:~)
2019-09-10 05:25:18,209 [pool-87-thread-1] INFO  server.RaftServerConfigKeys (ConfUtils.java:logGet(43)) - raft.server.notification.no-leader.timeout = 120s (custom)
2019-09-10 05:25:18,210 [pool-87-thread-1] INFO  server.RaftServerConfigKeys (ConfUtils.java:logGet(43)) - raft.server.log.use.memory = false (default)
2019-09-10 05:25:18,210 [pool-87-thread-1] INFO  server.RaftServerConfigKeys (ConfUtils.java:logGet(43)) - raft.server.log.purge.gap = 1000000 (custom)
2019-09-10 05:25:18,210 [pool-87-thread-1] INFO  server.RaftServerConfigKeys (ConfUtils.java:logGet(43)) - raft.server.log.appender.buffer.byte-limit = 33554432 (custom)
2019-09-10 05:25:18,210 [pool-87-thread-1] INFO  server.RaftServerConfigKeys (ConfUtils.java:logGet(43)) - raft.server.log.segment.size.max = 1048576 (custom)
2019-09-10 05:25:18,210 [pool-87-thread-1] INFO  server.RaftServerConfigKeys (ConfUtils.java:logGet(43)) - raft.server.log.segment.cache.num.max = 2 (custom)
2019-09-10 05:25:18,211 [pool-87-thread-1] INFO  segmented.SegmentedRaftLogWorker (SegmentedRaftLogWorker.java:<init>(172)) - new 5548a24b-0164-4a3c-aa99-cd6a6c4e8a22@group-D3E504095C65-SegmentedRaftLogWorker for RaftStorage:Storage Directory /workdir/hadoop-ozone/integration-test/target/test-dir/MiniOzoneClusterImpl-247e7c78-77b9-484f-b8fa-e1666253ae99/datanode-6/data/ratis/dbf108f9-91bf-45b5-aa71-d3e504095c65
2019-09-10 05:25:18,218 [pool-87-thread-1] INFO  server.RaftServerConfigKeys (ConfUtils.java:logGet(43)) - raft.server.log.queue.byte-limit = 2147483647 (custom)
2019-09-10 05:25:18,218 [pool-87-thread-1] INFO  server.RaftServerConfigKeys (ConfUtils.java:logGet(43)) - raft.server.log.queue.element-limit = 1024 (custom)
2019-09-10 05:25:18,219 [pool-87-thread-1] INFO  server.RaftServerConfigKeys (ConfUtils.java:logGet(43)) - raft.server.log.segment.size.max = 1048576 (custom)
2019-09-10 05:25:18,219 [pool-87-thread-1] INFO  server.RaftServerConfigKeys (ConfUtils.java:logGet(43)) - raft.server.log.preallocated.size = 16384 (custom)
2019-09-10 05:25:18,219 [pool-87-thread-1] INFO  server.RaftServerConfigKeys (ConfUtils.java:logGet(43)) - raft.server.log.write.buffer.size = 33554432 (custom)
2019-09-10 05:25:18,219 [pool-87-thread-1] INFO  server.RaftServerConfigKeys (ConfUtils.java:logGet(43)) - raft.server.log.force.sync.num = 128 (default)
2019-09-10 05:25:18,219 [pool-87-thread-1] INFO  server.RaftServerConfigKeys (ConfUtils.java:logGet(43)) - raft.server.log.statemachine.data.sync = true (default)
2019-09-10 05:25:18,220 [pool-87-thread-1] INFO  server.RaftServerConfigKeys (ConfUtils.java:logGet(43)) - raft.server.log.statemachine.data.sync.timeout = 10s (default)
2019-09-10 05:25:18,220 [pool-87-thread-1] INFO  server.RaftServerConfigKeys (ConfUtils.java:logGet(43)) - raft.server.log.statemachine.data.sync.timeout.retry = -1 (default)
2019-09-10 05:25:18,220 [pool-87-thread-1] INFO  server.RaftServerConfigKeys (ConfUtils.java:logGet(43)) - raft.server.log.statemachine.data.caching.enabled = true (custom)
2019-09-10 05:25:18,221 [pool-87-thread-1] INFO  segmented.SegmentedRaftLogWorker (SegmentedRaftLogWorker.java:lambda$new$0(132)) - 5548a24b-0164-4a3c-aa99-cd6a6c4e8a22@group-D3E504095C65-SegmentedRaftLogWorker: flushIndex: setUnconditionally 0 -> -1
2019-09-10 05:25:18,221 [pool-87-thread-1] INFO  server.RaftServerConfigKeys (ConfUtils.java:logGet(43)) - raft.server.snapshot.auto.trigger.enabled = true (custom)
2019-09-10 05:25:18,221 [pool-87-thread-1] INFO  server.RaftServerConfigKeys (ConfUtils.java:logGet(43)) - raft.server.snapshot.auto.trigger.threshold = 10000 (custom)
2019-09-10 05:25:18,221 [pool-87-thread-1] INFO  server.RaftServerConfigKeys (ConfUtils.java:logGet(43)) - raft.server.snapshot.retention.num.files = -1 (default)
2019-09-10 05:25:18,221 [pool-87-thread-1] INFO  server.RaftServerConfigKeys (ConfUtils.java:logGet(43)) - raft.server.retrycache.expirytime = 600000ms (custom)
2019-09-10 05:25:18,227 [pool-87-thread-1] INFO  impl.RaftServerImpl (RaftServerImpl.java:start(185)) - 5548a24b-0164-4a3c-aa99-cd6a6c4e8a22@group-D3E504095C65: start as a follower, conf=-1: [5548a24b-0164-4a3c-aa99-cd6a6c4e8a22:192.168.36.76:43139], old=null
2019-09-10 05:25:18,227 [pool-87-thread-1] INFO  impl.RaftServerImpl (RaftServerImpl.java:setRole(174)) - 5548a24b-0164-4a3c-aa99-cd6a6c4e8a22@group-D3E504095C65: changes role from      null to FOLLOWER at term 0 for startAsFollower
2019-09-10 05:25:18,227 [pool-87-thread-1] INFO  impl.RoleInfo (RoleInfo.java:updateAndGet(143)) - 5548a24b-0164-4a3c-aa99-cd6a6c4e8a22: start FollowerState
2019-09-10 05:25:18,230 [pool-87-thread-1] INFO  util.JmxRegister (JmxRegister.java:tryRegister(44)) - Successfully registered JMX Bean with object name Ratis:service=RaftServer,group=group-D3E504095C65,id=5548a24b-0164-4a3c-aa99-cd6a6c4e8a22
2019-09-10 05:25:18,247 [RatisPipelineUtilsThread] INFO  pipeline.PipelineStateManager (PipelineStateManager.java:addPipeline(56)) - Created pipeline Pipeline[ Id: dbf108f9-91bf-45b5-aa71-d3e504095c65, Nodes: 5548a24b-0164-4a3c-aa99-cd6a6c4e8a22{ip: 192.168.36.76, host: trunk-nightly-20190910-vk757-903364635, networkLocation: /default-rack, certSerialId: null}, Type:RATIS, Factor:ONE, State:OPEN]
2019-09-10 05:25:18,270 [grpc-default-executor-0] INFO  impl.RaftServerProxy (RaftServerProxy.java:addNew(89)) - 21a56203-c10c-4b41-8de5-65150199fc74: addNew group-21C1D007B266:[21a56203-c10c-4b41-8de5-65150199fc74:192.168.36.76:35925] returns group-21C1D007B266:java.util.concurrent.CompletableFuture@79ab29f2[Not completed]
2019-09-10 05:25:18,297 [pool-47-thread-1] INFO  impl.RaftServerImpl (RaftServerImpl.java:<init>(95)) - 21a56203-c10c-4b41-8de5-65150199fc74: new RaftServerImpl for group-21C1D007B266:[21a56203-c10c-4b41-8de5-65150199fc74:192.168.36.76:35925] with ContainerStateMachine:uninitialized
2019-09-10 05:25:18,297 [pool-47-thread-1] INFO  server.RaftServerConfigKeys (ConfUtils.java:logGet(43)) - raft.server.rpc.timeout.min = 5s (custom)
2019-09-10 05:25:18,297 [pool-47-thread-1] INFO  server.RaftServerConfigKeys (ConfUtils.java:logGet(43)) - raft.server.rpc.timeout.max = 5200ms (custom)
2019-09-10 05:25:18,298 [pool-47-thread-1] INFO  server.RaftServerConfigKeys (ConfUtils.java:logGet(43)) - raft.server.rpcslowness.timeout = 120s (custom)
2019-09-10 05:25:18,298 [pool-47-thread-1] INFO  server.RaftServerConfigKeys (ConfUtils.java:logGet(43)) - raft.server.sleep.deviation.threshold = 300 (default)
2019-09-10 05:25:18,298 [pool-47-thread-1] INFO  server.RaftServerConfigKeys (ConfUtils.java:logGet(43)) - raft.server.log.appender.install.snapshot.enabled = false (custom)
2019-09-10 05:25:18,298 [pool-47-thread-1] INFO  impl.RaftServerImpl (ServerState.java:<init>(103)) - 21a56203-c10c-4b41-8de5-65150199fc74@group-21C1D007B266: ConfigurationManager, init=-1: [21a56203-c10c-4b41-8de5-65150199fc74:192.168.36.76:35925], old=null, confs=<EMPTY_MAP>
2019-09-10 05:25:18,298 [pool-47-thread-1] INFO  server.RaftServerConfigKeys (ConfUtils.java:logGet(43)) - raft.server.storage.dir = [/workdir/hadoop-ozone/integration-test/target/test-dir/MiniOzoneClusterImpl-247e7c78-77b9-484f-b8fa-e1666253ae99/datanode-2/data/ratis] (custom)
2019-09-10 05:25:18,298 [pool-47-thread-1] INFO  storage.RaftStorageDirectory (RaftStorageDirectory.java:analyzeStorage(246)) - The storage directory /workdir/hadoop-ozone/integration-test/target/test-dir/MiniOzoneClusterImpl-247e7c78-77b9-484f-b8fa-e1666253ae99/datanode-2/data/ratis/6b5963f4-0e05-428e-b2eb-21c1d007b266 does not exist. Creating ...
2019-09-10 05:25:18,314 [pool-47-thread-1] INFO  storage.RaftStorageDirectory (RaftStorageDirectory.java:tryLock(328)) - Lock on /workdir/hadoop-ozone/integration-test/target/test-dir/MiniOzoneClusterImpl-247e7c78-77b9-484f-b8fa-e1666253ae99/datanode-2/data/ratis/6b5963f4-0e05-428e-b2eb-21c1d007b266/in_use.lock acquired by nodename 21943@trunk-nightly-20190910-vk757-903364635
2019-09-10 05:25:18,319 [pool-47-thread-1] INFO  storage.RaftStorage (RaftStorage.java:format(72)) - Storage directory /workdir/hadoop-ozone/integration-test/target/test-dir/MiniOzoneClusterImpl-247e7c78-77b9-484f-b8fa-e1666253ae99/datanode-2/data/ratis/6b5963f4-0e05-428e-b2eb-21c1d007b266 has been successfully formatted.
2019-09-10 05:25:18,319 [pool-47-thread-1] INFO  ratis.ContainerStateMachine (ContainerStateMachine.java:loadSnapshot(230)) - group-21C1D007B266: The snapshot info is null. Setting the last applied indexto:(t:0, i:~)
2019-09-10 05:25:18,319 [pool-47-thread-1] INFO  server.RaftServerConfigKeys (ConfUtils.java:logGet(43)) - raft.server.notification.no-leader.timeout = 120s (custom)
2019-09-10 05:25:18,319 [pool-47-thread-1] INFO  server.RaftServerConfigKeys (ConfUtils.java:logGet(43)) - raft.server.log.use.memory = false (default)
2019-09-10 05:25:18,320 [pool-47-thread-1] INFO  server.RaftServerConfigKeys (ConfUtils.java:logGet(43)) - raft.server.log.purge.gap = 1000000 (custom)
2019-09-10 05:25:18,320 [pool-47-thread-1] INFO  server.RaftServerConfigKeys (ConfUtils.java:logGet(43)) - raft.server.log.appender.buffer.byte-limit = 33554432 (custom)
2019-09-10 05:25:18,320 [pool-47-thread-1] INFO  server.RaftServerConfigKeys (ConfUtils.java:logGet(43)) - raft.server.log.segment.size.max = 1048576 (custom)
2019-09-10 05:25:18,320 [pool-47-thread-1] INFO  server.RaftServerConfigKeys (ConfUtils.java:logGet(43)) - raft.server.log.segment.cache.num.max = 2 (custom)
2019-09-10 05:25:18,320 [pool-47-thread-1] INFO  segmented.SegmentedRaftLogWorker (SegmentedRaftLogWorker.java:<init>(172)) - new 21a56203-c10c-4b41-8de5-65150199fc74@group-21C1D007B266-SegmentedRaftLogWorker for RaftStorage:Storage Directory /workdir/hadoop-ozone/integration-test/target/test-dir/MiniOzoneClusterImpl-247e7c78-77b9-484f-b8fa-e1666253ae99/datanode-2/data/ratis/6b5963f4-0e05-428e-b2eb-21c1d007b266
2019-09-10 05:25:18,351 [pool-47-thread-1] INFO  server.RaftServerConfigKeys (ConfUtils.java:logGet(43)) - raft.server.log.queue.byte-limit = 2147483647 (custom)
2019-09-10 05:25:18,352 [pool-47-thread-1] INFO  server.RaftServerConfigKeys (ConfUtils.java:logGet(43)) - raft.server.log.queue.element-limit = 1024 (custom)
2019-09-10 05:25:18,352 [pool-47-thread-1] INFO  server.RaftServerConfigKeys (ConfUtils.java:logGet(43)) - raft.server.log.segment.size.max = 1048576 (custom)
2019-09-10 05:25:18,353 [pool-47-thread-1] INFO  server.RaftServerConfigKeys (ConfUtils.java:logGet(43)) - raft.server.log.preallocated.size = 16384 (custom)
2019-09-10 05:25:18,353 [pool-47-thread-1] INFO  server.RaftServerConfigKeys (ConfUtils.java:logGet(43)) - raft.server.log.write.buffer.size = 33554432 (custom)
2019-09-10 05:25:18,353 [pool-47-thread-1] INFO  server.RaftServerConfigKeys (ConfUtils.java:logGet(43)) - raft.server.log.force.sync.num = 128 (default)
2019-09-10 05:25:18,353 [pool-47-thread-1] INFO  server.RaftServerConfigKeys (ConfUtils.java:logGet(43)) - raft.server.log.statemachine.data.sync = true (default)
2019-09-10 05:25:18,353 [pool-47-thread-1] INFO  server.RaftServerConfigKeys (ConfUtils.java:logGet(43)) - raft.server.log.statemachine.data.sync.timeout = 10s (default)
2019-09-10 05:25:18,354 [pool-47-thread-1] INFO  server.RaftServerConfigKeys (ConfUtils.java:logGet(43)) - raft.server.log.statemachine.data.sync.timeout.retry = -1 (default)
2019-09-10 05:25:18,354 [pool-47-thread-1] INFO  server.RaftServerConfigKeys (ConfUtils.java:logGet(43)) - raft.server.log.statemachine.data.caching.enabled = true (custom)
2019-09-10 05:25:18,355 [pool-47-thread-1] INFO  segmented.SegmentedRaftLogWorker (SegmentedRaftLogWorker.java:lambda$new$0(132)) - 21a56203-c10c-4b41-8de5-65150199fc74@group-21C1D007B266-SegmentedRaftLogWorker: flushIndex: setUnconditionally 0 -> -1
2019-09-10 05:25:18,355 [pool-47-thread-1] INFO  server.RaftServerConfigKeys (ConfUtils.java:logGet(43)) - raft.server.snapshot.auto.trigger.enabled = true (custom)
2019-09-10 05:25:18,355 [pool-47-thread-1] INFO  server.RaftServerConfigKeys (ConfUtils.java:logGet(43)) - raft.server.snapshot.auto.trigger.threshold = 10000 (custom)
2019-09-10 05:25:18,356 [pool-47-thread-1] INFO  server.RaftServerConfigKeys (ConfUtils.java:logGet(43)) - raft.server.snapshot.retention.num.files = -1 (default)
2019-09-10 05:25:18,356 [pool-47-thread-1] INFO  server.RaftServerConfigKeys (ConfUtils.java:logGet(43)) - raft.server.retrycache.expirytime = 600000ms (custom)
2019-09-10 05:25:18,362 [pool-47-thread-1] INFO  impl.RaftServerImpl (RaftServerImpl.java:start(185)) - 21a56203-c10c-4b41-8de5-65150199fc74@group-21C1D007B266: start as a follower, conf=-1: [21a56203-c10c-4b41-8de5-65150199fc74:192.168.36.76:35925], old=null
2019-09-10 05:25:18,363 [pool-47-thread-1] INFO  impl.RaftServerImpl (RaftServerImpl.java:setRole(174)) - 21a56203-c10c-4b41-8de5-65150199fc74@group-21C1D007B266: changes role from      null to FOLLOWER at term 0 for startAsFollower
2019-09-10 05:25:18,363 [pool-47-thread-1] INFO  impl.RoleInfo (RoleInfo.java:updateAndGet(143)) - 21a56203-c10c-4b41-8de5-65150199fc74: start FollowerState
2019-09-10 05:25:18,363 [pool-47-thread-1] INFO  util.JmxRegister (JmxRegister.java:tryRegister(44)) - Successfully registered JMX Bean with object name Ratis:service=RaftServer,group=group-21C1D007B266,id=21a56203-c10c-4b41-8de5-65150199fc74
2019-09-10 05:25:18,378 [RatisPipelineUtilsThread] INFO  pipeline.PipelineStateManager (PipelineStateManager.java:addPipeline(56)) - Created pipeline Pipeline[ Id: 6b5963f4-0e05-428e-b2eb-21c1d007b266, Nodes: 21a56203-c10c-4b41-8de5-65150199fc74{ip: 192.168.36.76, host: trunk-nightly-20190910-vk757-903364635, networkLocation: /default-rack, certSerialId: null}, Type:RATIS, Factor:ONE, State:OPEN]
2019-09-10 05:25:18,395 [grpc-default-executor-0] INFO  impl.RaftServerProxy (RaftServerProxy.java:addNew(89)) - c940a4b4-485e-4e11-8997-834659c9cdb5: addNew group-415BACA84496:[c940a4b4-485e-4e11-8997-834659c9cdb5:192.168.36.76:36668] returns group-415BACA84496:java.util.concurrent.CompletableFuture@64eddaf5[Not completed]
2019-09-10 05:25:18,399 [pool-57-thread-1] INFO  impl.RaftServerImpl (RaftServerImpl.java:<init>(95)) - c940a4b4-485e-4e11-8997-834659c9cdb5: new RaftServerImpl for group-415BACA84496:[c940a4b4-485e-4e11-8997-834659c9cdb5:192.168.36.76:36668] with ContainerStateMachine:uninitialized
2019-09-10 05:25:18,399 [pool-57-thread-1] INFO  server.RaftServerConfigKeys (ConfUtils.java:logGet(43)) - raft.server.rpc.timeout.min = 5s (custom)
2019-09-10 05:25:18,399 [pool-57-thread-1] INFO  server.RaftServerConfigKeys (ConfUtils.java:logGet(43)) - raft.server.rpc.timeout.max = 5200ms (custom)
2019-09-10 05:25:18,400 [pool-57-thread-1] INFO  server.RaftServerConfigKeys (ConfUtils.java:logGet(43)) - raft.server.rpcslowness.timeout = 120s (custom)
2019-09-10 05:25:18,400 [pool-57-thread-1] INFO  server.RaftServerConfigKeys (ConfUtils.java:logGet(43)) - raft.server.sleep.deviation.threshold = 300 (default)
2019-09-10 05:25:18,400 [pool-57-thread-1] INFO  server.RaftServerConfigKeys (ConfUtils.java:logGet(43)) - raft.server.log.appender.install.snapshot.enabled = false (custom)
2019-09-10 05:25:18,400 [pool-57-thread-1] INFO  impl.RaftServerImpl (ServerState.java:<init>(103)) - c940a4b4-485e-4e11-8997-834659c9cdb5@group-415BACA84496: ConfigurationManager, init=-1: [c940a4b4-485e-4e11-8997-834659c9cdb5:192.168.36.76:36668], old=null, confs=<EMPTY_MAP>
2019-09-10 05:25:18,400 [pool-57-thread-1] INFO  server.RaftServerConfigKeys (ConfUtils.java:logGet(43)) - raft.server.storage.dir = [/workdir/hadoop-ozone/integration-test/target/test-dir/MiniOzoneClusterImpl-247e7c78-77b9-484f-b8fa-e1666253ae99/datanode-3/data/ratis] (custom)
2019-09-10 05:25:18,401 [pool-57-thread-1] INFO  storage.RaftStorageDirectory (RaftStorageDirectory.java:analyzeStorage(246)) - The storage directory /workdir/hadoop-ozone/integration-test/target/test-dir/MiniOzoneClusterImpl-247e7c78-77b9-484f-b8fa-e1666253ae99/datanode-3/data/ratis/969a87b5-79c0-47ea-a010-415baca84496 does not exist. Creating ...
2019-09-10 05:25:18,417 [pool-57-thread-1] INFO  storage.RaftStorageDirectory (RaftStorageDirectory.java:tryLock(328)) - Lock on /workdir/hadoop-ozone/integration-test/target/test-dir/MiniOzoneClusterImpl-247e7c78-77b9-484f-b8fa-e1666253ae99/datanode-3/data/ratis/969a87b5-79c0-47ea-a010-415baca84496/in_use.lock acquired by nodename 21943@trunk-nightly-20190910-vk757-903364635
2019-09-10 05:25:18,442 [pool-57-thread-1] INFO  storage.RaftStorage (RaftStorage.java:format(72)) - Storage directory /workdir/hadoop-ozone/integration-test/target/test-dir/MiniOzoneClusterImpl-247e7c78-77b9-484f-b8fa-e1666253ae99/datanode-3/data/ratis/969a87b5-79c0-47ea-a010-415baca84496 has been successfully formatted.
2019-09-10 05:25:18,442 [pool-57-thread-1] INFO  ratis.ContainerStateMachine (ContainerStateMachine.java:loadSnapshot(230)) - group-415BACA84496: The snapshot info is null. Setting the last applied indexto:(t:0, i:~)
2019-09-10 05:25:18,442 [pool-57-thread-1] INFO  server.RaftServerConfigKeys (ConfUtils.java:logGet(43)) - raft.server.notification.no-leader.timeout = 120s (custom)
2019-09-10 05:25:18,442 [pool-57-thread-1] INFO  server.RaftServerConfigKeys (ConfUtils.java:logGet(43)) - raft.server.log.use.memory = false (default)
2019-09-10 05:25:18,442 [pool-57-thread-1] INFO  server.RaftServerConfigKeys (ConfUtils.java:logGet(43)) - raft.server.log.purge.gap = 1000000 (custom)
2019-09-10 05:25:18,443 [pool-57-thread-1] INFO  server.RaftServerConfigKeys (ConfUtils.java:logGet(43)) - raft.server.log.appender.buffer.byte-limit = 33554432 (custom)
2019-09-10 05:25:18,443 [pool-57-thread-1] INFO  server.RaftServerConfigKeys (ConfUtils.java:logGet(43)) - raft.server.log.segment.size.max = 1048576 (custom)
2019-09-10 05:25:18,443 [pool-57-thread-1] INFO  server.RaftServerConfigKeys (ConfUtils.java:logGet(43)) - raft.server.log.segment.cache.num.max = 2 (custom)
2019-09-10 05:25:18,443 [pool-57-thread-1] INFO  segmented.SegmentedRaftLogWorker (SegmentedRaftLogWorker.java:<init>(172)) - new c940a4b4-485e-4e11-8997-834659c9cdb5@group-415BACA84496-SegmentedRaftLogWorker for RaftStorage:Storage Directory /workdir/hadoop-ozone/integration-test/target/test-dir/MiniOzoneClusterImpl-247e7c78-77b9-484f-b8fa-e1666253ae99/datanode-3/data/ratis/969a87b5-79c0-47ea-a010-415baca84496
2019-09-10 05:25:18,447 [pool-57-thread-1] INFO  server.RaftServerConfigKeys (ConfUtils.java:logGet(43)) - raft.server.log.queue.byte-limit = 2147483647 (custom)
2019-09-10 05:25:18,447 [pool-57-thread-1] INFO  server.RaftServerConfigKeys (ConfUtils.java:logGet(43)) - raft.server.log.queue.element-limit = 1024 (custom)
2019-09-10 05:25:18,447 [pool-57-thread-1] INFO  server.RaftServerConfigKeys (ConfUtils.java:logGet(43)) - raft.server.log.segment.size.max = 1048576 (custom)
2019-09-10 05:25:18,447 [pool-57-thread-1] INFO  server.RaftServerConfigKeys (ConfUtils.java:logGet(43)) - raft.server.log.preallocated.size = 16384 (custom)
2019-09-10 05:25:18,447 [pool-57-thread-1] INFO  server.RaftServerConfigKeys (ConfUtils.java:logGet(43)) - raft.server.log.write.buffer.size = 33554432 (custom)
2019-09-10 05:25:18,447 [pool-57-thread-1] INFO  server.RaftServerConfigKeys (ConfUtils.java:logGet(43)) - raft.server.log.force.sync.num = 128 (default)
2019-09-10 05:25:18,447 [pool-57-thread-1] INFO  server.RaftServerConfigKeys (ConfUtils.java:logGet(43)) - raft.server.log.statemachine.data.sync = true (default)
2019-09-10 05:25:18,448 [pool-57-thread-1] INFO  server.RaftServerConfigKeys (ConfUtils.java:logGet(43)) - raft.server.log.statemachine.data.sync.timeout = 10s (default)
2019-09-10 05:25:18,448 [pool-57-thread-1] INFO  server.RaftServerConfigKeys (ConfUtils.java:logGet(43)) - raft.server.log.statemachine.data.sync.timeout.retry = -1 (default)
2019-09-10 05:25:18,448 [pool-57-thread-1] INFO  server.RaftServerConfigKeys (ConfUtils.java:logGet(43)) - raft.server.log.statemachine.data.caching.enabled = true (custom)
2019-09-10 05:25:18,448 [pool-57-thread-1] INFO  segmented.SegmentedRaftLogWorker (SegmentedRaftLogWorker.java:lambda$new$0(132)) - c940a4b4-485e-4e11-8997-834659c9cdb5@group-415BACA84496-SegmentedRaftLogWorker: flushIndex: setUnconditionally 0 -> -1
2019-09-10 05:25:18,449 [pool-57-thread-1] INFO  server.RaftServerConfigKeys (ConfUtils.java:logGet(43)) - raft.server.snapshot.auto.trigger.enabled = true (custom)
2019-09-10 05:25:18,449 [pool-57-thread-1] INFO  server.RaftServerConfigKeys (ConfUtils.java:logGet(43)) - raft.server.snapshot.auto.trigger.threshold = 10000 (custom)
2019-09-10 05:25:18,449 [pool-57-thread-1] INFO  server.RaftServerConfigKeys (ConfUtils.java:logGet(43)) - raft.server.snapshot.retention.num.files = -1 (default)
2019-09-10 05:25:18,449 [pool-57-thread-1] INFO  server.RaftServerConfigKeys (ConfUtils.java:logGet(43)) - raft.server.retrycache.expirytime = 600000ms (custom)
2019-09-10 05:25:18,453 [pool-57-thread-1] INFO  impl.RaftServerImpl (RaftServerImpl.java:start(185)) - c940a4b4-485e-4e11-8997-834659c9cdb5@group-415BACA84496: start as a follower, conf=-1: [c940a4b4-485e-4e11-8997-834659c9cdb5:192.168.36.76:36668], old=null
2019-09-10 05:25:18,453 [pool-57-thread-1] INFO  impl.RaftServerImpl (RaftServerImpl.java:setRole(174)) - c940a4b4-485e-4e11-8997-834659c9cdb5@group-415BACA84496: changes role from      null to FOLLOWER at term 0 for startAsFollower
2019-09-10 05:25:18,453 [pool-57-thread-1] INFO  impl.RoleInfo (RoleInfo.java:updateAndGet(143)) - c940a4b4-485e-4e11-8997-834659c9cdb5: start FollowerState
2019-09-10 05:25:18,453 [pool-57-thread-1] INFO  util.JmxRegister (JmxRegister.java:tryRegister(44)) - Successfully registered JMX Bean with object name Ratis:service=RaftServer,group=group-415BACA84496,id=c940a4b4-485e-4e11-8997-834659c9cdb5
2019-09-10 05:25:18,463 [RatisPipelineUtilsThread] INFO  pipeline.PipelineStateManager (PipelineStateManager.java:addPipeline(56)) - Created pipeline Pipeline[ Id: 969a87b5-79c0-47ea-a010-415baca84496, Nodes: c940a4b4-485e-4e11-8997-834659c9cdb5{ip: 192.168.36.76, host: trunk-nightly-20190910-vk757-903364635, networkLocation: /default-rack, certSerialId: null}, Type:RATIS, Factor:ONE, State:OPEN]
2019-09-10 05:25:18,482 [grpc-default-executor-0] INFO  impl.RaftServerProxy (RaftServerProxy.java:addNew(89)) - 1cdb4630-dc2b-4fec-8a69-17f5c78645cd: addNew group-95E112F9EDC9:[1cdb4630-dc2b-4fec-8a69-17f5c78645cd:192.168.36.76:35326] returns group-95E112F9EDC9:java.util.concurrent.CompletableFuture@dc81ccb[Not completed]
2019-09-10 05:25:18,486 [pool-77-thread-1] INFO  impl.RaftServerImpl (RaftServerImpl.java:<init>(95)) - 1cdb4630-dc2b-4fec-8a69-17f5c78645cd: new RaftServerImpl for group-95E112F9EDC9:[1cdb4630-dc2b-4fec-8a69-17f5c78645cd:192.168.36.76:35326] with ContainerStateMachine:uninitialized
2019-09-10 05:25:18,487 [pool-77-thread-1] INFO  server.RaftServerConfigKeys (ConfUtils.java:logGet(43)) - raft.server.rpc.timeout.min = 5s (custom)
2019-09-10 05:25:18,487 [pool-77-thread-1] INFO  server.RaftServerConfigKeys (ConfUtils.java:logGet(43)) - raft.server.rpc.timeout.max = 5200ms (custom)
2019-09-10 05:25:18,487 [pool-77-thread-1] INFO  server.RaftServerConfigKeys (ConfUtils.java:logGet(43)) - raft.server.rpcslowness.timeout = 120s (custom)
2019-09-10 05:25:18,487 [pool-77-thread-1] INFO  server.RaftServerConfigKeys (ConfUtils.java:logGet(43)) - raft.server.sleep.deviation.threshold = 300 (default)
2019-09-10 05:25:18,487 [pool-77-thread-1] INFO  server.RaftServerConfigKeys (ConfUtils.java:logGet(43)) - raft.server.log.appender.install.snapshot.enabled = false (custom)
2019-09-10 05:25:18,487 [pool-77-thread-1] INFO  impl.RaftServerImpl (ServerState.java:<init>(103)) - 1cdb4630-dc2b-4fec-8a69-17f5c78645cd@group-95E112F9EDC9: ConfigurationManager, init=-1: [1cdb4630-dc2b-4fec-8a69-17f5c78645cd:192.168.36.76:35326], old=null, confs=<EMPTY_MAP>
2019-09-10 05:25:18,487 [pool-77-thread-1] INFO  server.RaftServerConfigKeys (ConfUtils.java:logGet(43)) - raft.server.storage.dir = [/workdir/hadoop-ozone/integration-test/target/test-dir/MiniOzoneClusterImpl-247e7c78-77b9-484f-b8fa-e1666253ae99/datanode-5/data/ratis] (custom)
2019-09-10 05:25:18,488 [pool-77-thread-1] INFO  storage.RaftStorageDirectory (RaftStorageDirectory.java:analyzeStorage(246)) - The storage directory /workdir/hadoop-ozone/integration-test/target/test-dir/MiniOzoneClusterImpl-247e7c78-77b9-484f-b8fa-e1666253ae99/datanode-5/data/ratis/5bef83bc-0534-4193-af07-95e112f9edc9 does not exist. Creating ...
2019-09-10 05:25:18,501 [pool-77-thread-1] INFO  storage.RaftStorageDirectory (RaftStorageDirectory.java:tryLock(328)) - Lock on /workdir/hadoop-ozone/integration-test/target/test-dir/MiniOzoneClusterImpl-247e7c78-77b9-484f-b8fa-e1666253ae99/datanode-5/data/ratis/5bef83bc-0534-4193-af07-95e112f9edc9/in_use.lock acquired by nodename 21943@trunk-nightly-20190910-vk757-903364635
2019-09-10 05:25:18,522 [pool-77-thread-1] INFO  storage.RaftStorage (RaftStorage.java:format(72)) - Storage directory /workdir/hadoop-ozone/integration-test/target/test-dir/MiniOzoneClusterImpl-247e7c78-77b9-484f-b8fa-e1666253ae99/datanode-5/data/ratis/5bef83bc-0534-4193-af07-95e112f9edc9 has been successfully formatted.
2019-09-10 05:25:18,522 [pool-77-thread-1] INFO  ratis.ContainerStateMachine (ContainerStateMachine.java:loadSnapshot(230)) - group-95E112F9EDC9: The snapshot info is null. Setting the last applied indexto:(t:0, i:~)
2019-09-10 05:25:18,522 [pool-77-thread-1] INFO  server.RaftServerConfigKeys (ConfUtils.java:logGet(43)) - raft.server.notification.no-leader.timeout = 120s (custom)
2019-09-10 05:25:18,522 [pool-77-thread-1] INFO  server.RaftServerConfigKeys (ConfUtils.java:logGet(43)) - raft.server.log.use.memory = false (default)
2019-09-10 05:25:18,522 [pool-77-thread-1] INFO  server.RaftServerConfigKeys (ConfUtils.java:logGet(43)) - raft.server.log.purge.gap = 1000000 (custom)
2019-09-10 05:25:18,523 [pool-77-thread-1] INFO  server.RaftServerConfigKeys (ConfUtils.java:logGet(43)) - raft.server.log.appender.buffer.byte-limit = 33554432 (custom)
2019-09-10 05:25:18,523 [pool-77-thread-1] INFO  server.RaftServerConfigKeys (ConfUtils.java:logGet(43)) - raft.server.log.segment.size.max = 1048576 (custom)
2019-09-10 05:25:18,523 [pool-77-thread-1] INFO  server.RaftServerConfigKeys (ConfUtils.java:logGet(43)) - raft.server.log.segment.cache.num.max = 2 (custom)
2019-09-10 05:25:18,523 [pool-77-thread-1] INFO  segmented.SegmentedRaftLogWorker (SegmentedRaftLogWorker.java:<init>(172)) - new 1cdb4630-dc2b-4fec-8a69-17f5c78645cd@group-95E112F9EDC9-SegmentedRaftLogWorker for RaftStorage:Storage Directory /workdir/hadoop-ozone/integration-test/target/test-dir/MiniOzoneClusterImpl-247e7c78-77b9-484f-b8fa-e1666253ae99/datanode-5/data/ratis/5bef83bc-0534-4193-af07-95e112f9edc9
2019-09-10 05:25:18,526 [pool-77-thread-1] INFO  server.RaftServerConfigKeys (ConfUtils.java:logGet(43)) - raft.server.log.queue.byte-limit = 2147483647 (custom)
2019-09-10 05:25:18,526 [pool-77-thread-1] INFO  server.RaftServerConfigKeys (ConfUtils.java:logGet(43)) - raft.server.log.queue.element-limit = 1024 (custom)
2019-09-10 05:25:18,527 [pool-77-thread-1] INFO  server.RaftServerConfigKeys (ConfUtils.java:logGet(43)) - raft.server.log.segment.size.max = 1048576 (custom)
2019-09-10 05:25:18,527 [pool-77-thread-1] INFO  server.RaftServerConfigKeys (ConfUtils.java:logGet(43)) - raft.server.log.preallocated.size = 16384 (custom)
2019-09-10 05:25:18,527 [pool-77-thread-1] INFO  server.RaftServerConfigKeys (ConfUtils.java:logGet(43)) - raft.server.log.write.buffer.size = 33554432 (custom)
2019-09-10 05:25:18,527 [pool-77-thread-1] INFO  server.RaftServerConfigKeys (ConfUtils.java:logGet(43)) - raft.server.log.force.sync.num = 128 (default)
2019-09-10 05:25:18,527 [pool-77-thread-1] INFO  server.RaftServerConfigKeys (ConfUtils.java:logGet(43)) - raft.server.log.statemachine.data.sync = true (default)
2019-09-10 05:25:18,527 [pool-77-thread-1] INFO  server.RaftServerConfigKeys (ConfUtils.java:logGet(43)) - raft.server.log.statemachine.data.sync.timeout = 10s (default)
2019-09-10 05:25:18,527 [pool-77-thread-1] INFO  server.RaftServerConfigKeys (ConfUtils.java:logGet(43)) - raft.server.log.statemachine.data.sync.timeout.retry = -1 (default)
2019-09-10 05:25:18,528 [pool-77-thread-1] INFO  server.RaftServerConfigKeys (ConfUtils.java:logGet(43)) - raft.server.log.statemachine.data.caching.enabled = true (custom)
2019-09-10 05:25:18,528 [pool-77-thread-1] INFO  segmented.SegmentedRaftLogWorker (SegmentedRaftLogWorker.java:lambda$new$0(132)) - 1cdb4630-dc2b-4fec-8a69-17f5c78645cd@group-95E112F9EDC9-SegmentedRaftLogWorker: flushIndex: setUnconditionally 0 -> -1
2019-09-10 05:25:18,528 [pool-77-thread-1] INFO  server.RaftServerConfigKeys (ConfUtils.java:logGet(43)) - raft.server.snapshot.auto.trigger.enabled = true (custom)
2019-09-10 05:25:18,528 [pool-77-thread-1] INFO  server.RaftServerConfigKeys (ConfUtils.java:logGet(43)) - raft.server.snapshot.auto.trigger.threshold = 10000 (custom)
2019-09-10 05:25:18,529 [pool-77-thread-1] INFO  server.RaftServerConfigKeys (ConfUtils.java:logGet(43)) - raft.server.snapshot.retention.num.files = -1 (default)
2019-09-10 05:25:18,529 [pool-77-thread-1] INFO  server.RaftServerConfigKeys (ConfUtils.java:logGet(43)) - raft.server.retrycache.expirytime = 600000ms (custom)
2019-09-10 05:25:18,532 [pool-77-thread-1] INFO  impl.RaftServerImpl (RaftServerImpl.java:start(185)) - 1cdb4630-dc2b-4fec-8a69-17f5c78645cd@group-95E112F9EDC9: start as a follower, conf=-1: [1cdb4630-dc2b-4fec-8a69-17f5c78645cd:192.168.36.76:35326], old=null
2019-09-10 05:25:18,532 [pool-77-thread-1] INFO  impl.RaftServerImpl (RaftServerImpl.java:setRole(174)) - 1cdb4630-dc2b-4fec-8a69-17f5c78645cd@group-95E112F9EDC9: changes role from      null to FOLLOWER at term 0 for startAsFollower
2019-09-10 05:25:18,532 [pool-77-thread-1] INFO  impl.RoleInfo (RoleInfo.java:updateAndGet(143)) - 1cdb4630-dc2b-4fec-8a69-17f5c78645cd: start FollowerState
2019-09-10 05:25:18,532 [pool-77-thread-1] INFO  util.JmxRegister (JmxRegister.java:tryRegister(44)) - Successfully registered JMX Bean with object name Ratis:service=RaftServer,group=group-95E112F9EDC9,id=1cdb4630-dc2b-4fec-8a69-17f5c78645cd
2019-09-10 05:25:18,544 [RatisPipelineUtilsThread] INFO  pipeline.PipelineStateManager (PipelineStateManager.java:addPipeline(56)) - Created pipeline Pipeline[ Id: 5bef83bc-0534-4193-af07-95e112f9edc9, Nodes: 1cdb4630-dc2b-4fec-8a69-17f5c78645cd{ip: 192.168.36.76, host: trunk-nightly-20190910-vk757-903364635, networkLocation: /default-rack, certSerialId: null}, Type:RATIS, Factor:ONE, State:OPEN]
2019-09-10 05:25:18,563 [grpc-default-executor-0] INFO  impl.RaftServerProxy (RaftServerProxy.java:addNew(89)) - cc4a97b8-a721-497f-8d26-8972627a814e: addNew group-0EEABC4D67AF:[cc4a97b8-a721-497f-8d26-8972627a814e:192.168.36.76:37833] returns group-0EEABC4D67AF:java.util.concurrent.CompletableFuture@19226b10[Not completed]
2019-09-10 05:25:18,566 [pool-67-thread-1] INFO  impl.RaftServerImpl (RaftServerImpl.java:<init>(95)) - cc4a97b8-a721-497f-8d26-8972627a814e: new RaftServerImpl for group-0EEABC4D67AF:[cc4a97b8-a721-497f-8d26-8972627a814e:192.168.36.76:37833] with ContainerStateMachine:uninitialized
2019-09-10 05:25:18,567 [pool-67-thread-1] INFO  server.RaftServerConfigKeys (ConfUtils.java:logGet(43)) - raft.server.rpc.timeout.min = 5s (custom)
2019-09-10 05:25:18,567 [pool-67-thread-1] INFO  server.RaftServerConfigKeys (ConfUtils.java:logGet(43)) - raft.server.rpc.timeout.max = 5200ms (custom)
2019-09-10 05:25:18,567 [pool-67-thread-1] INFO  server.RaftServerConfigKeys (ConfUtils.java:logGet(43)) - raft.server.rpcslowness.timeout = 120s (custom)
2019-09-10 05:25:18,567 [pool-67-thread-1] INFO  server.RaftServerConfigKeys (ConfUtils.java:logGet(43)) - raft.server.sleep.deviation.threshold = 300 (default)
2019-09-10 05:25:18,567 [pool-67-thread-1] INFO  server.RaftServerConfigKeys (ConfUtils.java:logGet(43)) - raft.server.log.appender.install.snapshot.enabled = false (custom)
2019-09-10 05:25:18,567 [pool-67-thread-1] INFO  impl.RaftServerImpl (ServerState.java:<init>(103)) - cc4a97b8-a721-497f-8d26-8972627a814e@group-0EEABC4D67AF: ConfigurationManager, init=-1: [cc4a97b8-a721-497f-8d26-8972627a814e:192.168.36.76:37833], old=null, confs=<EMPTY_MAP>
2019-09-10 05:25:18,567 [pool-67-thread-1] INFO  server.RaftServerConfigKeys (ConfUtils.java:logGet(43)) - raft.server.storage.dir = [/workdir/hadoop-ozone/integration-test/target/test-dir/MiniOzoneClusterImpl-247e7c78-77b9-484f-b8fa-e1666253ae99/datanode-4/data/ratis] (custom)
2019-09-10 05:25:18,568 [pool-67-thread-1] INFO  storage.RaftStorageDirectory (RaftStorageDirectory.java:analyzeStorage(246)) - The storage directory /workdir/hadoop-ozone/integration-test/target/test-dir/MiniOzoneClusterImpl-247e7c78-77b9-484f-b8fa-e1666253ae99/datanode-4/data/ratis/608f1d75-2f51-42c0-a08d-0eeabc4d67af does not exist. Creating ...
2019-09-10 05:25:18,641 [pool-67-thread-1] INFO  storage.RaftStorageDirectory (RaftStorageDirectory.java:tryLock(328)) - Lock on /workdir/hadoop-ozone/integration-test/target/test-dir/MiniOzoneClusterImpl-247e7c78-77b9-484f-b8fa-e1666253ae99/datanode-4/data/ratis/608f1d75-2f51-42c0-a08d-0eeabc4d67af/in_use.lock acquired by nodename 21943@trunk-nightly-20190910-vk757-903364635
2019-09-10 05:25:18,675 [pool-67-thread-1] INFO  storage.RaftStorage (RaftStorage.java:format(72)) - Storage directory /workdir/hadoop-ozone/integration-test/target/test-dir/MiniOzoneClusterImpl-247e7c78-77b9-484f-b8fa-e1666253ae99/datanode-4/data/ratis/608f1d75-2f51-42c0-a08d-0eeabc4d67af has been successfully formatted.
2019-09-10 05:25:18,676 [pool-67-thread-1] INFO  ratis.ContainerStateMachine (ContainerStateMachine.java:loadSnapshot(230)) - group-0EEABC4D67AF: The snapshot info is null. Setting the last applied indexto:(t:0, i:~)
2019-09-10 05:25:18,676 [pool-67-thread-1] INFO  server.RaftServerConfigKeys (ConfUtils.java:logGet(43)) - raft.server.notification.no-leader.timeout = 120s (custom)
2019-09-10 05:25:18,676 [pool-67-thread-1] INFO  server.RaftServerConfigKeys (ConfUtils.java:logGet(43)) - raft.server.log.use.memory = false (default)
2019-09-10 05:25:18,676 [pool-67-thread-1] INFO  server.RaftServerConfigKeys (ConfUtils.java:logGet(43)) - raft.server.log.purge.gap = 1000000 (custom)
2019-09-10 05:25:18,677 [pool-67-thread-1] INFO  server.RaftServerConfigKeys (ConfUtils.java:logGet(43)) - raft.server.log.appender.buffer.byte-limit = 33554432 (custom)
2019-09-10 05:25:18,677 [pool-67-thread-1] INFO  server.RaftServerConfigKeys (ConfUtils.java:logGet(43)) - raft.server.log.segment.size.max = 1048576 (custom)
2019-09-10 05:25:18,677 [pool-67-thread-1] INFO  server.RaftServerConfigKeys (ConfUtils.java:logGet(43)) - raft.server.log.segment.cache.num.max = 2 (custom)
2019-09-10 05:25:18,677 [pool-67-thread-1] INFO  segmented.SegmentedRaftLogWorker (SegmentedRaftLogWorker.java:<init>(172)) - new cc4a97b8-a721-497f-8d26-8972627a814e@group-0EEABC4D67AF-SegmentedRaftLogWorker for RaftStorage:Storage Directory /workdir/hadoop-ozone/integration-test/target/test-dir/MiniOzoneClusterImpl-247e7c78-77b9-484f-b8fa-e1666253ae99/datanode-4/data/ratis/608f1d75-2f51-42c0-a08d-0eeabc4d67af
2019-09-10 05:25:18,681 [pool-67-thread-1] INFO  server.RaftServerConfigKeys (ConfUtils.java:logGet(43)) - raft.server.log.queue.byte-limit = 2147483647 (custom)
2019-09-10 05:25:18,681 [pool-67-thread-1] INFO  server.RaftServerConfigKeys (ConfUtils.java:logGet(43)) - raft.server.log.queue.element-limit = 1024 (custom)
2019-09-10 05:25:18,682 [pool-67-thread-1] INFO  server.RaftServerConfigKeys (ConfUtils.java:logGet(43)) - raft.server.log.segment.size.max = 1048576 (custom)
2019-09-10 05:25:18,682 [pool-67-thread-1] INFO  server.RaftServerConfigKeys (ConfUtils.java:logGet(43)) - raft.server.log.preallocated.size = 16384 (custom)
2019-09-10 05:25:18,682 [pool-67-thread-1] INFO  server.RaftServerConfigKeys (ConfUtils.java:logGet(43)) - raft.server.log.write.buffer.size = 33554432 (custom)
2019-09-10 05:25:18,682 [pool-67-thread-1] INFO  server.RaftServerConfigKeys (ConfUtils.java:logGet(43)) - raft.server.log.force.sync.num = 128 (default)
2019-09-10 05:25:18,682 [pool-67-thread-1] INFO  server.RaftServerConfigKeys (ConfUtils.java:logGet(43)) - raft.server.log.statemachine.data.sync = true (default)
2019-09-10 05:25:18,683 [pool-67-thread-1] INFO  server.RaftServerConfigKeys (ConfUtils.java:logGet(43)) - raft.server.log.statemachine.data.sync.timeout = 10s (default)
2019-09-10 05:25:18,683 [pool-67-thread-1] INFO  server.RaftServerConfigKeys (ConfUtils.java:logGet(43)) - raft.server.log.statemachine.data.sync.timeout.retry = -1 (default)
2019-09-10 05:25:18,683 [pool-67-thread-1] INFO  server.RaftServerConfigKeys (ConfUtils.java:logGet(43)) - raft.server.log.statemachine.data.caching.enabled = true (custom)
2019-09-10 05:25:18,684 [pool-67-thread-1] INFO  segmented.SegmentedRaftLogWorker (SegmentedRaftLogWorker.java:lambda$new$0(132)) - cc4a97b8-a721-497f-8d26-8972627a814e@group-0EEABC4D67AF-SegmentedRaftLogWorker: flushIndex: setUnconditionally 0 -> -1
2019-09-10 05:25:18,684 [pool-67-thread-1] INFO  server.RaftServerConfigKeys (ConfUtils.java:logGet(43)) - raft.server.snapshot.auto.trigger.enabled = true (custom)
2019-09-10 05:25:18,684 [pool-67-thread-1] INFO  server.RaftServerConfigKeys (ConfUtils.java:logGet(43)) - raft.server.snapshot.auto.trigger.threshold = 10000 (custom)
2019-09-10 05:25:18,685 [pool-67-thread-1] INFO  server.RaftServerConfigKeys (ConfUtils.java:logGet(43)) - raft.server.snapshot.retention.num.files = -1 (default)
2019-09-10 05:25:18,685 [pool-67-thread-1] INFO  server.RaftServerConfigKeys (ConfUtils.java:logGet(43)) - raft.server.retrycache.expirytime = 600000ms (custom)
2019-09-10 05:25:18,688 [pool-67-thread-1] INFO  impl.RaftServerImpl (RaftServerImpl.java:start(185)) - cc4a97b8-a721-497f-8d26-8972627a814e@group-0EEABC4D67AF: start as a follower, conf=-1: [cc4a97b8-a721-497f-8d26-8972627a814e:192.168.36.76:37833], old=null
2019-09-10 05:25:18,689 [pool-67-thread-1] INFO  impl.RaftServerImpl (RaftServerImpl.java:setRole(174)) - cc4a97b8-a721-497f-8d26-8972627a814e@group-0EEABC4D67AF: changes role from      null to FOLLOWER at term 0 for startAsFollower
2019-09-10 05:25:18,689 [pool-67-thread-1] INFO  impl.RoleInfo (RoleInfo.java:updateAndGet(143)) - cc4a97b8-a721-497f-8d26-8972627a814e: start FollowerState
2019-09-10 05:25:18,689 [pool-67-thread-1] INFO  util.JmxRegister (JmxRegister.java:tryRegister(44)) - Successfully registered JMX Bean with object name Ratis:service=RaftServer,group=group-0EEABC4D67AF,id=cc4a97b8-a721-497f-8d26-8972627a814e
2019-09-10 05:25:18,702 [RatisPipelineUtilsThread] INFO  pipeline.PipelineStateManager (PipelineStateManager.java:addPipeline(56)) - Created pipeline Pipeline[ Id: 608f1d75-2f51-42c0-a08d-0eeabc4d67af, Nodes: cc4a97b8-a721-497f-8d26-8972627a814e{ip: 192.168.36.76, host: trunk-nightly-20190910-vk757-903364635, networkLocation: /default-rack, certSerialId: null}, Type:RATIS, Factor:ONE, State:OPEN]
2019-09-10 05:25:18,718 [grpc-default-executor-0] INFO  impl.RaftServerProxy (RaftServerProxy.java:addNew(89)) - 0833e3a3-907f-4d2e-85bd-ed5ca04a3d34: addNew group-D68FAA1B4BFF:[0833e3a3-907f-4d2e-85bd-ed5ca04a3d34:192.168.36.76:36818] returns group-D68FAA1B4BFF:java.util.concurrent.CompletableFuture@1f68e34d[Not completed]
2019-09-10 05:25:18,720 [pool-37-thread-1] INFO  impl.RaftServerImpl (RaftServerImpl.java:<init>(95)) - 0833e3a3-907f-4d2e-85bd-ed5ca04a3d34: new RaftServerImpl for group-D68FAA1B4BFF:[0833e3a3-907f-4d2e-85bd-ed5ca04a3d34:192.168.36.76:36818] with ContainerStateMachine:uninitialized
2019-09-10 05:25:18,720 [pool-37-thread-1] INFO  server.RaftServerConfigKeys (ConfUtils.java:logGet(43)) - raft.server.rpc.timeout.min = 5s (custom)
2019-09-10 05:25:18,720 [pool-37-thread-1] INFO  server.RaftServerConfigKeys (ConfUtils.java:logGet(43)) - raft.server.rpc.timeout.max = 5200ms (custom)
2019-09-10 05:25:18,720 [pool-37-thread-1] INFO  server.RaftServerConfigKeys (ConfUtils.java:logGet(43)) - raft.server.rpcslowness.timeout = 120s (custom)
2019-09-10 05:25:18,720 [pool-37-thread-1] INFO  server.RaftServerConfigKeys (ConfUtils.java:logGet(43)) - raft.server.sleep.deviation.threshold = 300 (default)
2019-09-10 05:25:18,721 [pool-37-thread-1] INFO  server.RaftServerConfigKeys (ConfUtils.java:logGet(43)) - raft.server.log.appender.install.snapshot.enabled = false (custom)
2019-09-10 05:25:18,721 [pool-37-thread-1] INFO  impl.RaftServerImpl (ServerState.java:<init>(103)) - 0833e3a3-907f-4d2e-85bd-ed5ca04a3d34@group-D68FAA1B4BFF: ConfigurationManager, init=-1: [0833e3a3-907f-4d2e-85bd-ed5ca04a3d34:192.168.36.76:36818], old=null, confs=<EMPTY_MAP>
2019-09-10 05:25:18,721 [pool-37-thread-1] INFO  server.RaftServerConfigKeys (ConfUtils.java:logGet(43)) - raft.server.storage.dir = [/workdir/hadoop-ozone/integration-test/target/test-dir/MiniOzoneClusterImpl-247e7c78-77b9-484f-b8fa-e1666253ae99/datanode-1/data/ratis] (custom)
2019-09-10 05:25:18,721 [pool-37-thread-1] INFO  storage.RaftStorageDirectory (RaftStorageDirectory.java:analyzeStorage(246)) - The storage directory /workdir/hadoop-ozone/integration-test/target/test-dir/MiniOzoneClusterImpl-247e7c78-77b9-484f-b8fa-e1666253ae99/datanode-1/data/ratis/a5c0f13b-71d7-4535-a74a-d68faa1b4bff does not exist. Creating ...
2019-09-10 05:25:18,755 [main] INFO  ozone.MiniOzoneClusterImpl (MiniOzoneClusterImpl.java:lambda$waitForClusterToBeReady$0(140)) - Cluster is ready. Got 7 of 7 DN Heartbeats.
2019-09-10 05:25:18,758 [pool-37-thread-1] INFO  storage.RaftStorageDirectory (RaftStorageDirectory.java:tryLock(328)) - Lock on /workdir/hadoop-ozone/integration-test/target/test-dir/MiniOzoneClusterImpl-247e7c78-77b9-484f-b8fa-e1666253ae99/datanode-1/data/ratis/a5c0f13b-71d7-4535-a74a-d68faa1b4bff/in_use.lock acquired by nodename 21943@trunk-nightly-20190910-vk757-903364635
2019-09-10 05:25:18,773 [pool-37-thread-1] INFO  storage.RaftStorage (RaftStorage.java:format(72)) - Storage directory /workdir/hadoop-ozone/integration-test/target/test-dir/MiniOzoneClusterImpl-247e7c78-77b9-484f-b8fa-e1666253ae99/datanode-1/data/ratis/a5c0f13b-71d7-4535-a74a-d68faa1b4bff has been successfully formatted.
2019-09-10 05:25:18,773 [pool-37-thread-1] INFO  ratis.ContainerStateMachine (ContainerStateMachine.java:loadSnapshot(230)) - group-D68FAA1B4BFF: The snapshot info is null. Setting the last applied indexto:(t:0, i:~)
2019-09-10 05:25:18,773 [pool-37-thread-1] INFO  server.RaftServerConfigKeys (ConfUtils.java:logGet(43)) - raft.server.notification.no-leader.timeout = 120s (custom)
2019-09-10 05:25:18,773 [pool-37-thread-1] INFO  server.RaftServerConfigKeys (ConfUtils.java:logGet(43)) - raft.server.log.use.memory = false (default)
2019-09-10 05:25:18,774 [pool-37-thread-1] INFO  server.RaftServerConfigKeys (ConfUtils.java:logGet(43)) - raft.server.log.purge.gap = 1000000 (custom)
2019-09-10 05:25:18,774 [pool-37-thread-1] INFO  server.RaftServerConfigKeys (ConfUtils.java:logGet(43)) - raft.server.log.appender.buffer.byte-limit = 33554432 (custom)
2019-09-10 05:25:18,774 [pool-37-thread-1] INFO  server.RaftServerConfigKeys (ConfUtils.java:logGet(43)) - raft.server.log.segment.size.max = 1048576 (custom)
2019-09-10 05:25:18,774 [pool-37-thread-1] INFO  server.RaftServerConfigKeys (ConfUtils.java:logGet(43)) - raft.server.log.segment.cache.num.max = 2 (custom)
2019-09-10 05:25:18,774 [pool-37-thread-1] INFO  segmented.SegmentedRaftLogWorker (SegmentedRaftLogWorker.java:<init>(172)) - new 0833e3a3-907f-4d2e-85bd-ed5ca04a3d34@group-D68FAA1B4BFF-SegmentedRaftLogWorker for RaftStorage:Storage Directory /workdir/hadoop-ozone/integration-test/target/test-dir/MiniOzoneClusterImpl-247e7c78-77b9-484f-b8fa-e1666253ae99/datanode-1/data/ratis/a5c0f13b-71d7-4535-a74a-d68faa1b4bff
2019-09-10 05:25:18,778 [pool-37-thread-1] INFO  server.RaftServerConfigKeys (ConfUtils.java:logGet(43)) - raft.server.log.queue.byte-limit = 2147483647 (custom)
2019-09-10 05:25:18,778 [pool-37-thread-1] INFO  server.RaftServerConfigKeys (ConfUtils.java:logGet(43)) - raft.server.log.queue.element-limit = 1024 (custom)
2019-09-10 05:25:18,778 [pool-37-thread-1] INFO  server.RaftServerConfigKeys (ConfUtils.java:logGet(43)) - raft.server.log.segment.size.max = 1048576 (custom)
2019-09-10 05:25:18,779 [pool-37-thread-1] INFO  server.RaftServerConfigKeys (ConfUtils.java:logGet(43)) - raft.server.log.preallocated.size = 16384 (custom)
2019-09-10 05:25:18,779 [pool-37-thread-1] INFO  server.RaftServerConfigKeys (ConfUtils.java:logGet(43)) - raft.server.log.write.buffer.size = 33554432 (custom)
2019-09-10 05:25:18,779 [pool-37-thread-1] INFO  server.RaftServerConfigKeys (ConfUtils.java:logGet(43)) - raft.server.log.force.sync.num = 128 (default)
2019-09-10 05:25:18,779 [pool-37-thread-1] INFO  server.RaftServerConfigKeys (ConfUtils.java:logGet(43)) - raft.server.log.statemachine.data.sync = true (default)
2019-09-10 05:25:18,779 [pool-37-thread-1] INFO  server.RaftServerConfigKeys (ConfUtils.java:logGet(43)) - raft.server.log.statemachine.data.sync.timeout = 10s (default)
2019-09-10 05:25:18,780 [pool-37-thread-1] INFO  server.RaftServerConfigKeys (ConfUtils.java:logGet(43)) - raft.server.log.statemachine.data.sync.timeout.retry = -1 (default)
2019-09-10 05:25:18,780 [pool-37-thread-1] INFO  server.RaftServerConfigKeys (ConfUtils.java:logGet(43)) - raft.server.log.statemachine.data.caching.enabled = true (custom)
2019-09-10 05:25:18,780 [pool-37-thread-1] INFO  segmented.SegmentedRaftLogWorker (SegmentedRaftLogWorker.java:lambda$new$0(132)) - 0833e3a3-907f-4d2e-85bd-ed5ca04a3d34@group-D68FAA1B4BFF-SegmentedRaftLogWorker: flushIndex: setUnconditionally 0 -> -1
2019-09-10 05:25:18,781 [pool-37-thread-1] INFO  server.RaftServerConfigKeys (ConfUtils.java:logGet(43)) - raft.server.snapshot.auto.trigger.enabled = true (custom)
2019-09-10 05:25:18,781 [pool-37-thread-1] INFO  server.RaftServerConfigKeys (ConfUtils.java:logGet(43)) - raft.server.snapshot.auto.trigger.threshold = 10000 (custom)
2019-09-10 05:25:18,781 [pool-37-thread-1] INFO  server.RaftServerConfigKeys (ConfUtils.java:logGet(43)) - raft.server.snapshot.retention.num.files = -1 (default)
2019-09-10 05:25:18,781 [pool-37-thread-1] INFO  server.RaftServerConfigKeys (ConfUtils.java:logGet(43)) - raft.server.retrycache.expirytime = 600000ms (custom)
2019-09-10 05:25:18,784 [pool-37-thread-1] INFO  impl.RaftServerImpl (RaftServerImpl.java:start(185)) - 0833e3a3-907f-4d2e-85bd-ed5ca04a3d34@group-D68FAA1B4BFF: start as a follower, conf=-1: [0833e3a3-907f-4d2e-85bd-ed5ca04a3d34:192.168.36.76:36818], old=null
2019-09-10 05:25:18,784 [pool-37-thread-1] INFO  impl.RaftServerImpl (RaftServerImpl.java:setRole(174)) - 0833e3a3-907f-4d2e-85bd-ed5ca04a3d34@group-D68FAA1B4BFF: changes role from      null to FOLLOWER at term 0 for startAsFollower
2019-09-10 05:25:18,784 [pool-37-thread-1] INFO  impl.RoleInfo (RoleInfo.java:updateAndGet(143)) - 0833e3a3-907f-4d2e-85bd-ed5ca04a3d34: start FollowerState
2019-09-10 05:25:18,785 [pool-37-thread-1] INFO  util.JmxRegister (JmxRegister.java:tryRegister(44)) - Successfully registered JMX Bean with object name Ratis:service=RaftServer,group=group-D68FAA1B4BFF,id=0833e3a3-907f-4d2e-85bd-ed5ca04a3d34
2019-09-10 05:25:18,803 [RatisPipelineUtilsThread] INFO  pipeline.PipelineStateManager (PipelineStateManager.java:addPipeline(56)) - Created pipeline Pipeline[ Id: a5c0f13b-71d7-4535-a74a-d68faa1b4bff, Nodes: 0833e3a3-907f-4d2e-85bd-ed5ca04a3d34{ip: 192.168.36.76, host: trunk-nightly-20190910-vk757-903364635, networkLocation: /default-rack, certSerialId: null}, Type:RATIS, Factor:ONE, State:OPEN]
2019-09-10 05:25:18,838 [grpc-default-executor-2] INFO  impl.RaftServerProxy (RaftServerProxy.java:addNew(89)) - 21a56203-c10c-4b41-8de5-65150199fc74: addNew group-54C1314FC144:[5548a24b-0164-4a3c-aa99-cd6a6c4e8a22:192.168.36.76:43139, 21a56203-c10c-4b41-8de5-65150199fc74:192.168.36.76:35925, c940a4b4-485e-4e11-8997-834659c9cdb5:192.168.36.76:36668] returns group-54C1314FC144:java.util.concurrent.CompletableFuture@6824e7d7[Not completed]
2019-09-10 05:25:18,840 [grpc-default-executor-2] INFO  impl.RaftServerProxy (RaftServerProxy.java:addNew(89)) - 5548a24b-0164-4a3c-aa99-cd6a6c4e8a22: addNew group-54C1314FC144:[5548a24b-0164-4a3c-aa99-cd6a6c4e8a22:192.168.36.76:43139, 21a56203-c10c-4b41-8de5-65150199fc74:192.168.36.76:35925, c940a4b4-485e-4e11-8997-834659c9cdb5:192.168.36.76:36668] returns group-54C1314FC144:java.util.concurrent.CompletableFuture@2d2664b7[Not completed]
2019-09-10 05:25:18,842 [pool-47-thread-1] INFO  impl.RaftServerImpl (RaftServerImpl.java:<init>(95)) - 21a56203-c10c-4b41-8de5-65150199fc74: new RaftServerImpl for group-54C1314FC144:[5548a24b-0164-4a3c-aa99-cd6a6c4e8a22:192.168.36.76:43139, 21a56203-c10c-4b41-8de5-65150199fc74:192.168.36.76:35925, c940a4b4-485e-4e11-8997-834659c9cdb5:192.168.36.76:36668] with ContainerStateMachine:uninitialized
2019-09-10 05:25:18,842 [pool-47-thread-1] INFO  server.RaftServerConfigKeys (ConfUtils.java:logGet(43)) - raft.server.rpc.timeout.min = 5s (custom)
2019-09-10 05:25:18,842 [pool-47-thread-1] INFO  server.RaftServerConfigKeys (ConfUtils.java:logGet(43)) - raft.server.rpc.timeout.max = 5200ms (custom)
2019-09-10 05:25:18,843 [pool-47-thread-1] INFO  server.RaftServerConfigKeys (ConfUtils.java:logGet(43)) - raft.server.rpcslowness.timeout = 120s (custom)
2019-09-10 05:25:18,843 [grpc-default-executor-2] INFO  impl.RaftServerProxy (RaftServerProxy.java:addNew(89)) - c940a4b4-485e-4e11-8997-834659c9cdb5: addNew group-54C1314FC144:[5548a24b-0164-4a3c-aa99-cd6a6c4e8a22:192.168.36.76:43139, 21a56203-c10c-4b41-8de5-65150199fc74:192.168.36.76:35925, c940a4b4-485e-4e11-8997-834659c9cdb5:192.168.36.76:36668] returns group-54C1314FC144:java.util.concurrent.CompletableFuture@2b996c00[Not completed]
2019-09-10 05:25:18,843 [pool-47-thread-1] INFO  server.RaftServerConfigKeys (ConfUtils.java:logGet(43)) - raft.server.sleep.deviation.threshold = 300 (default)
2019-09-10 05:25:18,843 [pool-47-thread-1] INFO  server.RaftServerConfigKeys (ConfUtils.java:logGet(43)) - raft.server.log.appender.install.snapshot.enabled = false (custom)
2019-09-10 05:25:18,843 [pool-47-thread-1] INFO  impl.RaftServerImpl (ServerState.java:<init>(103)) - 21a56203-c10c-4b41-8de5-65150199fc74@group-54C1314FC144: ConfigurationManager, init=-1: [5548a24b-0164-4a3c-aa99-cd6a6c4e8a22:192.168.36.76:43139, 21a56203-c10c-4b41-8de5-65150199fc74:192.168.36.76:35925, c940a4b4-485e-4e11-8997-834659c9cdb5:192.168.36.76:36668], old=null, confs=<EMPTY_MAP>
2019-09-10 05:25:18,843 [pool-87-thread-1] INFO  impl.RaftServerImpl (RaftServerImpl.java:<init>(95)) - 5548a24b-0164-4a3c-aa99-cd6a6c4e8a22: new RaftServerImpl for group-54C1314FC144:[5548a24b-0164-4a3c-aa99-cd6a6c4e8a22:192.168.36.76:43139, 21a56203-c10c-4b41-8de5-65150199fc74:192.168.36.76:35925, c940a4b4-485e-4e11-8997-834659c9cdb5:192.168.36.76:36668] with ContainerStateMachine:uninitialized
2019-09-10 05:25:18,843 [pool-47-thread-1] INFO  server.RaftServerConfigKeys (ConfUtils.java:logGet(43)) - raft.server.storage.dir = [/workdir/hadoop-ozone/integration-test/target/test-dir/MiniOzoneClusterImpl-247e7c78-77b9-484f-b8fa-e1666253ae99/datanode-2/data/ratis] (custom)
2019-09-10 05:25:18,844 [pool-87-thread-1] INFO  server.RaftServerConfigKeys (ConfUtils.java:logGet(43)) - raft.server.rpc.timeout.min = 5s (custom)
2019-09-10 05:25:18,844 [pool-87-thread-1] INFO  server.RaftServerConfigKeys (ConfUtils.java:logGet(43)) - raft.server.rpc.timeout.max = 5200ms (custom)
2019-09-10 05:25:18,844 [pool-47-thread-1] INFO  storage.RaftStorageDirectory (RaftStorageDirectory.java:analyzeStorage(246)) - The storage directory /workdir/hadoop-ozone/integration-test/target/test-dir/MiniOzoneClusterImpl-247e7c78-77b9-484f-b8fa-e1666253ae99/datanode-2/data/ratis/e3719c53-3e3e-4e9c-9443-54c1314fc144 does not exist. Creating ...
2019-09-10 05:25:18,844 [pool-87-thread-1] INFO  server.RaftServerConfigKeys (ConfUtils.java:logGet(43)) - raft.server.rpcslowness.timeout = 120s (custom)
2019-09-10 05:25:18,844 [pool-87-thread-1] INFO  server.RaftServerConfigKeys (ConfUtils.java:logGet(43)) - raft.server.sleep.deviation.threshold = 300 (default)
2019-09-10 05:25:18,844 [pool-87-thread-1] INFO  server.RaftServerConfigKeys (ConfUtils.java:logGet(43)) - raft.server.log.appender.install.snapshot.enabled = false (custom)
2019-09-10 05:25:18,845 [pool-57-thread-1] INFO  impl.RaftServerImpl (RaftServerImpl.java:<init>(95)) - c940a4b4-485e-4e11-8997-834659c9cdb5: new RaftServerImpl for group-54C1314FC144:[5548a24b-0164-4a3c-aa99-cd6a6c4e8a22:192.168.36.76:43139, 21a56203-c10c-4b41-8de5-65150199fc74:192.168.36.76:35925, c940a4b4-485e-4e11-8997-834659c9cdb5:192.168.36.76:36668] with ContainerStateMachine:uninitialized
2019-09-10 05:25:18,845 [pool-87-thread-1] INFO  impl.RaftServerImpl (ServerState.java:<init>(103)) - 5548a24b-0164-4a3c-aa99-cd6a6c4e8a22@group-54C1314FC144: ConfigurationManager, init=-1: [5548a24b-0164-4a3c-aa99-cd6a6c4e8a22:192.168.36.76:43139, 21a56203-c10c-4b41-8de5-65150199fc74:192.168.36.76:35925, c940a4b4-485e-4e11-8997-834659c9cdb5:192.168.36.76:36668], old=null, confs=<EMPTY_MAP>
2019-09-10 05:25:18,845 [pool-57-thread-1] INFO  server.RaftServerConfigKeys (ConfUtils.java:logGet(43)) - raft.server.rpc.timeout.min = 5s (custom)
2019-09-10 05:25:18,845 [pool-87-thread-1] INFO  server.RaftServerConfigKeys (ConfUtils.java:logGet(43)) - raft.server.storage.dir = [/workdir/hadoop-ozone/integration-test/target/test-dir/MiniOzoneClusterImpl-247e7c78-77b9-484f-b8fa-e1666253ae99/datanode-6/data/ratis] (custom)
2019-09-10 05:25:18,845 [pool-57-thread-1] INFO  server.RaftServerConfigKeys (ConfUtils.java:logGet(43)) - raft.server.rpc.timeout.max = 5200ms (custom)
2019-09-10 05:25:18,845 [pool-57-thread-1] INFO  server.RaftServerConfigKeys (ConfUtils.java:logGet(43)) - raft.server.rpcslowness.timeout = 120s (custom)
2019-09-10 05:25:18,845 [pool-57-thread-1] INFO  server.RaftServerConfigKeys (ConfUtils.java:logGet(43)) - raft.server.sleep.deviation.threshold = 300 (default)
2019-09-10 05:25:18,845 [pool-87-thread-1] INFO  storage.RaftStorageDirectory (RaftStorageDirectory.java:analyzeStorage(246)) - The storage directory /workdir/hadoop-ozone/integration-test/target/test-dir/MiniOzoneClusterImpl-247e7c78-77b9-484f-b8fa-e1666253ae99/datanode-6/data/ratis/e3719c53-3e3e-4e9c-9443-54c1314fc144 does not exist. Creating ...
2019-09-10 05:25:18,845 [pool-57-thread-1] INFO  server.RaftServerConfigKeys (ConfUtils.java:logGet(43)) - raft.server.log.appender.install.snapshot.enabled = false (custom)
2019-09-10 05:25:18,846 [pool-57-thread-1] INFO  impl.RaftServerImpl (ServerState.java:<init>(103)) - c940a4b4-485e-4e11-8997-834659c9cdb5@group-54C1314FC144: ConfigurationManager, init=-1: [5548a24b-0164-4a3c-aa99-cd6a6c4e8a22:192.168.36.76:43139, 21a56203-c10c-4b41-8de5-65150199fc74:192.168.36.76:35925, c940a4b4-485e-4e11-8997-834659c9cdb5:192.168.36.76:36668], old=null, confs=<EMPTY_MAP>
2019-09-10 05:25:18,846 [pool-57-thread-1] INFO  server.RaftServerConfigKeys (ConfUtils.java:logGet(43)) - raft.server.storage.dir = [/workdir/hadoop-ozone/integration-test/target/test-dir/MiniOzoneClusterImpl-247e7c78-77b9-484f-b8fa-e1666253ae99/datanode-3/data/ratis] (custom)
2019-09-10 05:25:18,846 [pool-57-thread-1] INFO  storage.RaftStorageDirectory (RaftStorageDirectory.java:analyzeStorage(246)) - The storage directory /workdir/hadoop-ozone/integration-test/target/test-dir/MiniOzoneClusterImpl-247e7c78-77b9-484f-b8fa-e1666253ae99/datanode-3/data/ratis/e3719c53-3e3e-4e9c-9443-54c1314fc144 does not exist. Creating ...
2019-09-10 05:25:18,870 [pool-87-thread-1] INFO  storage.RaftStorageDirectory (RaftStorageDirectory.java:tryLock(328)) - Lock on /workdir/hadoop-ozone/integration-test/target/test-dir/MiniOzoneClusterImpl-247e7c78-77b9-484f-b8fa-e1666253ae99/datanode-6/data/ratis/e3719c53-3e3e-4e9c-9443-54c1314fc144/in_use.lock acquired by nodename 21943@trunk-nightly-20190910-vk757-903364635
2019-09-10 05:25:18,870 [pool-47-thread-1] INFO  storage.RaftStorageDirectory (RaftStorageDirectory.java:tryLock(328)) - Lock on /workdir/hadoop-ozone/integration-test/target/test-dir/MiniOzoneClusterImpl-247e7c78-77b9-484f-b8fa-e1666253ae99/datanode-2/data/ratis/e3719c53-3e3e-4e9c-9443-54c1314fc144/in_use.lock acquired by nodename 21943@trunk-nightly-20190910-vk757-903364635
2019-09-10 05:25:18,870 [pool-57-thread-1] INFO  storage.RaftStorageDirectory (RaftStorageDirectory.java:tryLock(328)) - Lock on /workdir/hadoop-ozone/integration-test/target/test-dir/MiniOzoneClusterImpl-247e7c78-77b9-484f-b8fa-e1666253ae99/datanode-3/data/ratis/e3719c53-3e3e-4e9c-9443-54c1314fc144/in_use.lock acquired by nodename 21943@trunk-nightly-20190910-vk757-903364635
2019-09-10 05:25:18,894 [pool-47-thread-1] INFO  storage.RaftStorage (RaftStorage.java:format(72)) - Storage directory /workdir/hadoop-ozone/integration-test/target/test-dir/MiniOzoneClusterImpl-247e7c78-77b9-484f-b8fa-e1666253ae99/datanode-2/data/ratis/e3719c53-3e3e-4e9c-9443-54c1314fc144 has been successfully formatted.
2019-09-10 05:25:18,895 [pool-87-thread-1] INFO  storage.RaftStorage (RaftStorage.java:format(72)) - Storage directory /workdir/hadoop-ozone/integration-test/target/test-dir/MiniOzoneClusterImpl-247e7c78-77b9-484f-b8fa-e1666253ae99/datanode-6/data/ratis/e3719c53-3e3e-4e9c-9443-54c1314fc144 has been successfully formatted.
2019-09-10 05:25:18,895 [pool-57-thread-1] INFO  storage.RaftStorage (RaftStorage.java:format(72)) - Storage directory /workdir/hadoop-ozone/integration-test/target/test-dir/MiniOzoneClusterImpl-247e7c78-77b9-484f-b8fa-e1666253ae99/datanode-3/data/ratis/e3719c53-3e3e-4e9c-9443-54c1314fc144 has been successfully formatted.
2019-09-10 05:25:18,895 [pool-47-thread-1] INFO  ratis.ContainerStateMachine (ContainerStateMachine.java:loadSnapshot(230)) - group-54C1314FC144: The snapshot info is null. Setting the last applied indexto:(t:0, i:~)
2019-09-10 05:25:18,895 [pool-87-thread-1] INFO  ratis.ContainerStateMachine (ContainerStateMachine.java:loadSnapshot(230)) - group-54C1314FC144: The snapshot info is null. Setting the last applied indexto:(t:0, i:~)
2019-09-10 05:25:18,895 [pool-47-thread-1] INFO  server.RaftServerConfigKeys (ConfUtils.java:logGet(43)) - raft.server.notification.no-leader.timeout = 120s (custom)
2019-09-10 05:25:18,895 [pool-57-thread-1] INFO  ratis.ContainerStateMachine (ContainerStateMachine.java:loadSnapshot(230)) - group-54C1314FC144: The snapshot info is null. Setting the last applied indexto:(t:0, i:~)
2019-09-10 05:25:18,896 [pool-47-thread-1] INFO  server.RaftServerConfigKeys (ConfUtils.java:logGet(43)) - raft.server.log.use.memory = false (default)
2019-09-10 05:25:18,895 [pool-87-thread-1] INFO  server.RaftServerConfigKeys (ConfUtils.java:logGet(43)) - raft.server.notification.no-leader.timeout = 120s (custom)
2019-09-10 05:25:18,896 [pool-47-thread-1] INFO  server.RaftServerConfigKeys (ConfUtils.java:logGet(43)) - raft.server.log.purge.gap = 1000000 (custom)
2019-09-10 05:25:18,896 [pool-57-thread-1] INFO  server.RaftServerConfigKeys (ConfUtils.java:logGet(43)) - raft.server.notification.no-leader.timeout = 120s (custom)
2019-09-10 05:25:18,896 [pool-47-thread-1] INFO  server.RaftServerConfigKeys (ConfUtils.java:logGet(43)) - raft.server.log.appender.buffer.byte-limit = 33554432 (custom)
2019-09-10 05:25:18,896 [pool-87-thread-1] INFO  server.RaftServerConfigKeys (ConfUtils.java:logGet(43)) - raft.server.log.use.memory = false (default)
2019-09-10 05:25:18,896 [pool-47-thread-1] INFO  server.RaftServerConfigKeys (ConfUtils.java:logGet(43)) - raft.server.log.segment.size.max = 1048576 (custom)
2019-09-10 05:25:18,896 [pool-57-thread-1] INFO  server.RaftServerConfigKeys (ConfUtils.java:logGet(43)) - raft.server.log.use.memory = false (default)
2019-09-10 05:25:18,897 [pool-47-thread-1] INFO  server.RaftServerConfigKeys (ConfUtils.java:logGet(43)) - raft.server.log.segment.cache.num.max = 2 (custom)
2019-09-10 05:25:18,897 [pool-87-thread-1] INFO  server.RaftServerConfigKeys (ConfUtils.java:logGet(43)) - raft.server.log.purge.gap = 1000000 (custom)
2019-09-10 05:25:18,897 [pool-47-thread-1] INFO  segmented.SegmentedRaftLogWorker (SegmentedRaftLogWorker.java:<init>(172)) - new 21a56203-c10c-4b41-8de5-65150199fc74@group-54C1314FC144-SegmentedRaftLogWorker for RaftStorage:Storage Directory /workdir/hadoop-ozone/integration-test/target/test-dir/MiniOzoneClusterImpl-247e7c78-77b9-484f-b8fa-e1666253ae99/datanode-2/data/ratis/e3719c53-3e3e-4e9c-9443-54c1314fc144
2019-09-10 05:25:18,897 [pool-57-thread-1] INFO  server.RaftServerConfigKeys (ConfUtils.java:logGet(43)) - raft.server.log.purge.gap = 1000000 (custom)
2019-09-10 05:25:18,897 [pool-47-thread-1] INFO  server.RaftServerConfigKeys (ConfUtils.java:logGet(43)) - raft.server.log.queue.byte-limit = 2147483647 (custom)
2019-09-10 05:25:18,897 [pool-87-thread-1] INFO  server.RaftServerConfigKeys (ConfUtils.java:logGet(43)) - raft.server.log.appender.buffer.byte-limit = 33554432 (custom)
2019-09-10 05:25:18,898 [pool-47-thread-1] INFO  server.RaftServerConfigKeys (ConfUtils.java:logGet(43)) - raft.server.log.queue.element-limit = 1024 (custom)
2019-09-10 05:25:18,898 [pool-57-thread-1] INFO  server.RaftServerConfigKeys (ConfUtils.java:logGet(43)) - raft.server.log.appender.buffer.byte-limit = 33554432 (custom)
2019-09-10 05:25:18,898 [pool-47-thread-1] INFO  server.RaftServerConfigKeys (ConfUtils.java:logGet(43)) - raft.server.log.segment.size.max = 1048576 (custom)
2019-09-10 05:25:18,898 [pool-87-thread-1] INFO  server.RaftServerConfigKeys (ConfUtils.java:logGet(43)) - raft.server.log.segment.size.max = 1048576 (custom)
2019-09-10 05:25:18,898 [pool-47-thread-1] INFO  server.RaftServerConfigKeys (ConfUtils.java:logGet(43)) - raft.server.log.preallocated.size = 16384 (custom)
2019-09-10 05:25:18,899 [pool-47-thread-1] INFO  server.RaftServerConfigKeys (ConfUtils.java:logGet(43)) - raft.server.log.write.buffer.size = 33554432 (custom)
2019-09-10 05:25:18,898 [pool-57-thread-1] INFO  server.RaftServerConfigKeys (ConfUtils.java:logGet(43)) - raft.server.log.segment.size.max = 1048576 (custom)
2019-09-10 05:25:18,899 [pool-47-thread-1] INFO  server.RaftServerConfigKeys (ConfUtils.java:logGet(43)) - raft.server.log.force.sync.num = 128 (default)
2019-09-10 05:25:18,898 [pool-87-thread-1] INFO  server.RaftServerConfigKeys (ConfUtils.java:logGet(43)) - raft.server.log.segment.cache.num.max = 2 (custom)
2019-09-10 05:25:18,899 [pool-47-thread-1] INFO  server.RaftServerConfigKeys (ConfUtils.java:logGet(43)) - raft.server.log.statemachine.data.sync = true (default)
2019-09-10 05:25:18,899 [pool-57-thread-1] INFO  server.RaftServerConfigKeys (ConfUtils.java:logGet(43)) - raft.server.log.segment.cache.num.max = 2 (custom)
2019-09-10 05:25:18,899 [pool-47-thread-1] INFO  server.RaftServerConfigKeys (ConfUtils.java:logGet(43)) - raft.server.log.statemachine.data.sync.timeout = 10s (default)
2019-09-10 05:25:18,899 [pool-87-thread-1] INFO  segmented.SegmentedRaftLogWorker (SegmentedRaftLogWorker.java:<init>(172)) - new 5548a24b-0164-4a3c-aa99-cd6a6c4e8a22@group-54C1314FC144-SegmentedRaftLogWorker for RaftStorage:Storage Directory /workdir/hadoop-ozone/integration-test/target/test-dir/MiniOzoneClusterImpl-247e7c78-77b9-484f-b8fa-e1666253ae99/datanode-6/data/ratis/e3719c53-3e3e-4e9c-9443-54c1314fc144
2019-09-10 05:25:18,900 [pool-47-thread-1] INFO  server.RaftServerConfigKeys (ConfUtils.java:logGet(43)) - raft.server.log.statemachine.data.sync.timeout.retry = -1 (default)
2019-09-10 05:25:18,900 [pool-57-thread-1] INFO  segmented.SegmentedRaftLogWorker (SegmentedRaftLogWorker.java:<init>(172)) - new c940a4b4-485e-4e11-8997-834659c9cdb5@group-54C1314FC144-SegmentedRaftLogWorker for RaftStorage:Storage Directory /workdir/hadoop-ozone/integration-test/target/test-dir/MiniOzoneClusterImpl-247e7c78-77b9-484f-b8fa-e1666253ae99/datanode-3/data/ratis/e3719c53-3e3e-4e9c-9443-54c1314fc144
2019-09-10 05:25:18,900 [pool-47-thread-1] INFO  server.RaftServerConfigKeys (ConfUtils.java:logGet(43)) - raft.server.log.statemachine.data.caching.enabled = true (custom)
2019-09-10 05:25:18,900 [pool-87-thread-1] INFO  server.RaftServerConfigKeys (ConfUtils.java:logGet(43)) - raft.server.log.queue.byte-limit = 2147483647 (custom)
2019-09-10 05:25:18,900 [pool-57-thread-1] INFO  server.RaftServerConfigKeys (ConfUtils.java:logGet(43)) - raft.server.log.queue.byte-limit = 2147483647 (custom)
2019-09-10 05:25:18,900 [pool-47-thread-1] INFO  segmented.SegmentedRaftLogWorker (SegmentedRaftLogWorker.java:lambda$new$0(132)) - 21a56203-c10c-4b41-8de5-65150199fc74@group-54C1314FC144-SegmentedRaftLogWorker: flushIndex: setUnconditionally 0 -> -1
2019-09-10 05:25:18,900 [pool-87-thread-1] INFO  server.RaftServerConfigKeys (ConfUtils.java:logGet(43)) - raft.server.log.queue.element-limit = 1024 (custom)
2019-09-10 05:25:18,901 [pool-57-thread-1] INFO  server.RaftServerConfigKeys (ConfUtils.java:logGet(43)) - raft.server.log.queue.element-limit = 1024 (custom)
2019-09-10 05:25:18,901 [pool-87-thread-1] INFO  server.RaftServerConfigKeys (ConfUtils.java:logGet(43)) - raft.server.log.segment.size.max = 1048576 (custom)
2019-09-10 05:25:18,901 [pool-47-thread-1] INFO  server.RaftServerConfigKeys (ConfUtils.java:logGet(43)) - raft.server.snapshot.auto.trigger.enabled = true (custom)
2019-09-10 05:25:18,901 [pool-87-thread-1] INFO  server.RaftServerConfigKeys (ConfUtils.java:logGet(43)) - raft.server.log.preallocated.size = 16384 (custom)
2019-09-10 05:25:18,901 [pool-57-thread-1] INFO  server.RaftServerConfigKeys (ConfUtils.java:logGet(43)) - raft.server.log.segment.size.max = 1048576 (custom)
2019-09-10 05:25:18,901 [pool-87-thread-1] INFO  server.RaftServerConfigKeys (ConfUtils.java:logGet(43)) - raft.server.log.write.buffer.size = 33554432 (custom)
2019-09-10 05:25:18,901 [pool-47-thread-1] INFO  server.RaftServerConfigKeys (ConfUtils.java:logGet(43)) - raft.server.snapshot.auto.trigger.threshold = 10000 (custom)
2019-09-10 05:25:18,902 [pool-87-thread-1] INFO  server.RaftServerConfigKeys (ConfUtils.java:logGet(43)) - raft.server.log.force.sync.num = 128 (default)
2019-09-10 05:25:18,902 [pool-57-thread-1] INFO  server.RaftServerConfigKeys (ConfUtils.java:logGet(43)) - raft.server.log.preallocated.size = 16384 (custom)
2019-09-10 05:25:18,902 [pool-87-thread-1] INFO  server.RaftServerConfigKeys (ConfUtils.java:logGet(43)) - raft.server.log.statemachine.data.sync = true (default)
2019-09-10 05:25:18,902 [pool-47-thread-1] INFO  server.RaftServerConfigKeys (ConfUtils.java:logGet(43)) - raft.server.snapshot.retention.num.files = -1 (default)
2019-09-10 05:25:18,902 [pool-87-thread-1] INFO  server.RaftServerConfigKeys (ConfUtils.java:logGet(43)) - raft.server.log.statemachine.data.sync.timeout = 10s (default)
2019-09-10 05:25:18,902 [pool-57-thread-1] INFO  server.RaftServerConfigKeys (ConfUtils.java:logGet(43)) - raft.server.log.write.buffer.size = 33554432 (custom)
2019-09-10 05:25:18,902 [pool-87-thread-1] INFO  server.RaftServerConfigKeys (ConfUtils.java:logGet(43)) - raft.server.log.statemachine.data.sync.timeout.retry = -1 (default)
2019-09-10 05:25:18,902 [pool-47-thread-1] INFO  server.RaftServerConfigKeys (ConfUtils.java:logGet(43)) - raft.server.retrycache.expirytime = 600000ms (custom)
2019-09-10 05:25:18,903 [pool-57-thread-1] INFO  server.RaftServerConfigKeys (ConfUtils.java:logGet(43)) - raft.server.log.force.sync.num = 128 (default)
2019-09-10 05:25:18,903 [pool-87-thread-1] INFO  server.RaftServerConfigKeys (ConfUtils.java:logGet(43)) - raft.server.log.statemachine.data.caching.enabled = true (custom)
2019-09-10 05:25:18,903 [pool-57-thread-1] INFO  server.RaftServerConfigKeys (ConfUtils.java:logGet(43)) - raft.server.log.statemachine.data.sync = true (default)
2019-09-10 05:25:18,903 [pool-57-thread-1] INFO  server.RaftServerConfigKeys (ConfUtils.java:logGet(43)) - raft.server.log.statemachine.data.sync.timeout = 10s (default)
2019-09-10 05:25:18,903 [pool-87-thread-1] INFO  segmented.SegmentedRaftLogWorker (SegmentedRaftLogWorker.java:lambda$new$0(132)) - 5548a24b-0164-4a3c-aa99-cd6a6c4e8a22@group-54C1314FC144-SegmentedRaftLogWorker: flushIndex: setUnconditionally 0 -> -1
2019-09-10 05:25:18,904 [pool-57-thread-1] INFO  server.RaftServerConfigKeys (ConfUtils.java:logGet(43)) - raft.server.log.statemachine.data.sync.timeout.retry = -1 (default)
2019-09-10 05:25:18,904 [pool-87-thread-1] INFO  server.RaftServerConfigKeys (ConfUtils.java:logGet(43)) - raft.server.snapshot.auto.trigger.enabled = true (custom)
2019-09-10 05:25:18,904 [pool-57-thread-1] INFO  server.RaftServerConfigKeys (ConfUtils.java:logGet(43)) - raft.server.log.statemachine.data.caching.enabled = true (custom)
2019-09-10 05:25:18,904 [pool-87-thread-1] INFO  server.RaftServerConfigKeys (ConfUtils.java:logGet(43)) - raft.server.snapshot.auto.trigger.threshold = 10000 (custom)
2019-09-10 05:25:18,904 [pool-87-thread-1] INFO  server.RaftServerConfigKeys (ConfUtils.java:logGet(43)) - raft.server.snapshot.retention.num.files = -1 (default)
2019-09-10 05:25:18,904 [pool-57-thread-1] INFO  segmented.SegmentedRaftLogWorker (SegmentedRaftLogWorker.java:lambda$new$0(132)) - c940a4b4-485e-4e11-8997-834659c9cdb5@group-54C1314FC144-SegmentedRaftLogWorker: flushIndex: setUnconditionally 0 -> -1
2019-09-10 05:25:18,905 [pool-87-thread-1] INFO  server.RaftServerConfigKeys (ConfUtils.java:logGet(43)) - raft.server.retrycache.expirytime = 600000ms (custom)
2019-09-10 05:25:18,905 [pool-57-thread-1] INFO  server.RaftServerConfigKeys (ConfUtils.java:logGet(43)) - raft.server.snapshot.auto.trigger.enabled = true (custom)
2019-09-10 05:25:18,905 [pool-57-thread-1] INFO  server.RaftServerConfigKeys (ConfUtils.java:logGet(43)) - raft.server.snapshot.auto.trigger.threshold = 10000 (custom)
2019-09-10 05:25:18,905 [pool-57-thread-1] INFO  server.RaftServerConfigKeys (ConfUtils.java:logGet(43)) - raft.server.snapshot.retention.num.files = -1 (default)
2019-09-10 05:25:18,905 [pool-57-thread-1] INFO  server.RaftServerConfigKeys (ConfUtils.java:logGet(43)) - raft.server.retrycache.expirytime = 600000ms (custom)
2019-09-10 05:25:18,906 [pool-47-thread-1] INFO  impl.RaftServerImpl (RaftServerImpl.java:start(185)) - 21a56203-c10c-4b41-8de5-65150199fc74@group-54C1314FC144: start as a follower, conf=-1: [5548a24b-0164-4a3c-aa99-cd6a6c4e8a22:192.168.36.76:43139, 21a56203-c10c-4b41-8de5-65150199fc74:192.168.36.76:35925, c940a4b4-485e-4e11-8997-834659c9cdb5:192.168.36.76:36668], old=null
2019-09-10 05:25:18,906 [pool-47-thread-1] INFO  impl.RaftServerImpl (RaftServerImpl.java:setRole(174)) - 21a56203-c10c-4b41-8de5-65150199fc74@group-54C1314FC144: changes role from      null to FOLLOWER at term 0 for startAsFollower
2019-09-10 05:25:18,906 [pool-47-thread-1] INFO  impl.RoleInfo (RoleInfo.java:updateAndGet(143)) - 21a56203-c10c-4b41-8de5-65150199fc74: start FollowerState
2019-09-10 05:25:18,906 [pool-47-thread-1] INFO  util.JmxRegister (JmxRegister.java:tryRegister(44)) - Successfully registered JMX Bean with object name Ratis:service=RaftServer,group=group-54C1314FC144,id=21a56203-c10c-4b41-8de5-65150199fc74
2019-09-10 05:25:18,908 [pool-87-thread-1] INFO  impl.RaftServerImpl (RaftServerImpl.java:start(185)) - 5548a24b-0164-4a3c-aa99-cd6a6c4e8a22@group-54C1314FC144: start as a follower, conf=-1: [5548a24b-0164-4a3c-aa99-cd6a6c4e8a22:192.168.36.76:43139, 21a56203-c10c-4b41-8de5-65150199fc74:192.168.36.76:35925, c940a4b4-485e-4e11-8997-834659c9cdb5:192.168.36.76:36668], old=null
2019-09-10 05:25:18,908 [pool-87-thread-1] INFO  impl.RaftServerImpl (RaftServerImpl.java:setRole(174)) - 5548a24b-0164-4a3c-aa99-cd6a6c4e8a22@group-54C1314FC144: changes role from      null to FOLLOWER at term 0 for startAsFollower
2019-09-10 05:25:18,911 [pool-87-thread-1] INFO  impl.RoleInfo (RoleInfo.java:updateAndGet(143)) - 5548a24b-0164-4a3c-aa99-cd6a6c4e8a22: start FollowerState
2019-09-10 05:25:18,912 [pool-87-thread-1] INFO  util.JmxRegister (JmxRegister.java:tryRegister(44)) - Successfully registered JMX Bean with object name Ratis:service=RaftServer,group=group-54C1314FC144,id=5548a24b-0164-4a3c-aa99-cd6a6c4e8a22
2019-09-10 05:25:18,913 [pool-57-thread-1] INFO  impl.RaftServerImpl (RaftServerImpl.java:start(185)) - c940a4b4-485e-4e11-8997-834659c9cdb5@group-54C1314FC144: start as a follower, conf=-1: [5548a24b-0164-4a3c-aa99-cd6a6c4e8a22:192.168.36.76:43139, 21a56203-c10c-4b41-8de5-65150199fc74:192.168.36.76:35925, c940a4b4-485e-4e11-8997-834659c9cdb5:192.168.36.76:36668], old=null
2019-09-10 05:25:18,913 [pool-57-thread-1] INFO  impl.RaftServerImpl (RaftServerImpl.java:setRole(174)) - c940a4b4-485e-4e11-8997-834659c9cdb5@group-54C1314FC144: changes role from      null to FOLLOWER at term 0 for startAsFollower
2019-09-10 05:25:18,914 [pool-57-thread-1] INFO  impl.RoleInfo (RoleInfo.java:updateAndGet(143)) - c940a4b4-485e-4e11-8997-834659c9cdb5: start FollowerState
2019-09-10 05:25:18,915 [pool-57-thread-1] INFO  util.JmxRegister (JmxRegister.java:tryRegister(44)) - Successfully registered JMX Bean with object name Ratis:service=RaftServer,group=group-54C1314FC144,id=c940a4b4-485e-4e11-8997-834659c9cdb5
2019-09-10 05:25:18,983 [RatisPipelineUtilsThread] INFO  pipeline.PipelineStateManager (PipelineStateManager.java:addPipeline(56)) - Created pipeline Pipeline[ Id: e3719c53-3e3e-4e9c-9443-54c1314fc144, Nodes: 5548a24b-0164-4a3c-aa99-cd6a6c4e8a22{ip: 192.168.36.76, host: trunk-nightly-20190910-vk757-903364635, networkLocation: /default-rack, certSerialId: null}21a56203-c10c-4b41-8de5-65150199fc74{ip: 192.168.36.76, host: trunk-nightly-20190910-vk757-903364635, networkLocation: /default-rack, certSerialId: null}c940a4b4-485e-4e11-8997-834659c9cdb5{ip: 192.168.36.76, host: trunk-nightly-20190910-vk757-903364635, networkLocation: /default-rack, certSerialId: null}, Type:RATIS, Factor:THREE, State:OPEN]
2019-09-10 05:25:19,021 [grpc-default-executor-1] INFO  impl.RaftServerProxy (RaftServerProxy.java:addNew(89)) - 9ef1702c-ece5-4ac9-b96a-b31858c3d219: addNew group-31F335587F71:[cc4a97b8-a721-497f-8d26-8972627a814e:192.168.36.76:37833, 9ef1702c-ece5-4ac9-b96a-b31858c3d219:192.168.36.76:38409, 1cdb4630-dc2b-4fec-8a69-17f5c78645cd:192.168.36.76:35326] returns group-31F335587F71:java.util.concurrent.CompletableFuture@1f26bb33[Not completed]
2019-09-10 05:25:19,026 [grpc-default-executor-1] INFO  impl.RaftServerProxy (RaftServerProxy.java:addNew(89)) - cc4a97b8-a721-497f-8d26-8972627a814e: addNew group-31F335587F71:[cc4a97b8-a721-497f-8d26-8972627a814e:192.168.36.76:37833, 9ef1702c-ece5-4ac9-b96a-b31858c3d219:192.168.36.76:38409, 1cdb4630-dc2b-4fec-8a69-17f5c78645cd:192.168.36.76:35326] returns group-31F335587F71:java.util.concurrent.CompletableFuture@2d6382f9[Not completed]
2019-09-10 05:25:19,026 [pool-27-thread-1] INFO  impl.RaftServerImpl (RaftServerImpl.java:<init>(95)) - 9ef1702c-ece5-4ac9-b96a-b31858c3d219: new RaftServerImpl for group-31F335587F71:[cc4a97b8-a721-497f-8d26-8972627a814e:192.168.36.76:37833, 9ef1702c-ece5-4ac9-b96a-b31858c3d219:192.168.36.76:38409, 1cdb4630-dc2b-4fec-8a69-17f5c78645cd:192.168.36.76:35326] with ContainerStateMachine:uninitialized
2019-09-10 05:25:19,028 [grpc-default-executor-2] INFO  impl.RaftServerProxy (RaftServerProxy.java:addNew(89)) - 1cdb4630-dc2b-4fec-8a69-17f5c78645cd: addNew group-31F335587F71:[cc4a97b8-a721-497f-8d26-8972627a814e:192.168.36.76:37833, 9ef1702c-ece5-4ac9-b96a-b31858c3d219:192.168.36.76:38409, 1cdb4630-dc2b-4fec-8a69-17f5c78645cd:192.168.36.76:35326] returns group-31F335587F71:java.util.concurrent.CompletableFuture@53145ef1[Not completed]
2019-09-10 05:25:19,028 [pool-27-thread-1] INFO  server.RaftServerConfigKeys (ConfUtils.java:logGet(43)) - raft.server.rpc.timeout.min = 5s (custom)
2019-09-10 05:25:19,028 [pool-27-thread-1] INFO  server.RaftServerConfigKeys (ConfUtils.java:logGet(43)) - raft.server.rpc.timeout.max = 5200ms (custom)
2019-09-10 05:25:19,028 [pool-27-thread-1] INFO  server.RaftServerConfigKeys (ConfUtils.java:logGet(43)) - raft.server.rpcslowness.timeout = 120s (custom)
2019-09-10 05:25:19,029 [pool-27-thread-1] INFO  server.RaftServerConfigKeys (ConfUtils.java:logGet(43)) - raft.server.sleep.deviation.threshold = 300 (default)
2019-09-10 05:25:19,029 [pool-27-thread-1] INFO  server.RaftServerConfigKeys (ConfUtils.java:logGet(43)) - raft.server.log.appender.install.snapshot.enabled = false (custom)
2019-09-10 05:25:19,029 [pool-27-thread-1] INFO  impl.RaftServerImpl (ServerState.java:<init>(103)) - 9ef1702c-ece5-4ac9-b96a-b31858c3d219@group-31F335587F71: ConfigurationManager, init=-1: [cc4a97b8-a721-497f-8d26-8972627a814e:192.168.36.76:37833, 9ef1702c-ece5-4ac9-b96a-b31858c3d219:192.168.36.76:38409, 1cdb4630-dc2b-4fec-8a69-17f5c78645cd:192.168.36.76:35326], old=null, confs=<EMPTY_MAP>
2019-09-10 05:25:19,029 [pool-67-thread-1] INFO  impl.RaftServerImpl (RaftServerImpl.java:<init>(95)) - cc4a97b8-a721-497f-8d26-8972627a814e: new RaftServerImpl for group-31F335587F71:[cc4a97b8-a721-497f-8d26-8972627a814e:192.168.36.76:37833, 9ef1702c-ece5-4ac9-b96a-b31858c3d219:192.168.36.76:38409, 1cdb4630-dc2b-4fec-8a69-17f5c78645cd:192.168.36.76:35326] with ContainerStateMachine:uninitialized
2019-09-10 05:25:19,029 [pool-27-thread-1] INFO  server.RaftServerConfigKeys (ConfUtils.java:logGet(43)) - raft.server.storage.dir = [/workdir/hadoop-ozone/integration-test/target/test-dir/MiniOzoneClusterImpl-247e7c78-77b9-484f-b8fa-e1666253ae99/datanode-0/data/ratis] (custom)
2019-09-10 05:25:19,029 [pool-67-thread-1] INFO  server.RaftServerConfigKeys (ConfUtils.java:logGet(43)) - raft.server.rpc.timeout.min = 5s (custom)
2019-09-10 05:25:19,029 [pool-67-thread-1] INFO  server.RaftServerConfigKeys (ConfUtils.java:logGet(43)) - raft.server.rpc.timeout.max = 5200ms (custom)
2019-09-10 05:25:19,029 [pool-27-thread-1] INFO  storage.RaftStorageDirectory (RaftStorageDirectory.java:analyzeStorage(246)) - The storage directory /workdir/hadoop-ozone/integration-test/target/test-dir/MiniOzoneClusterImpl-247e7c78-77b9-484f-b8fa-e1666253ae99/datanode-0/data/ratis/47829d56-d355-4f59-aa91-31f335587f71 does not exist. Creating ...
2019-09-10 05:25:19,029 [pool-67-thread-1] INFO  server.RaftServerConfigKeys (ConfUtils.java:logGet(43)) - raft.server.rpcslowness.timeout = 120s (custom)
2019-09-10 05:25:19,032 [pool-67-thread-1] INFO  server.RaftServerConfigKeys (ConfUtils.java:logGet(43)) - raft.server.sleep.deviation.threshold = 300 (default)
2019-09-10 05:25:19,032 [pool-77-thread-1] INFO  impl.RaftServerImpl (RaftServerImpl.java:<init>(95)) - 1cdb4630-dc2b-4fec-8a69-17f5c78645cd: new RaftServerImpl for group-31F335587F71:[cc4a97b8-a721-497f-8d26-8972627a814e:192.168.36.76:37833, 9ef1702c-ece5-4ac9-b96a-b31858c3d219:192.168.36.76:38409, 1cdb4630-dc2b-4fec-8a69-17f5c78645cd:192.168.36.76:35326] with ContainerStateMachine:uninitialized
2019-09-10 05:25:19,032 [pool-67-thread-1] INFO  server.RaftServerConfigKeys (ConfUtils.java:logGet(43)) - raft.server.log.appender.install.snapshot.enabled = false (custom)
2019-09-10 05:25:19,032 [pool-77-thread-1] INFO  server.RaftServerConfigKeys (ConfUtils.java:logGet(43)) - raft.server.rpc.timeout.min = 5s (custom)
2019-09-10 05:25:19,032 [pool-67-thread-1] INFO  impl.RaftServerImpl (ServerState.java:<init>(103)) - cc4a97b8-a721-497f-8d26-8972627a814e@group-31F335587F71: ConfigurationManager, init=-1: [cc4a97b8-a721-497f-8d26-8972627a814e:192.168.36.76:37833, 9ef1702c-ece5-4ac9-b96a-b31858c3d219:192.168.36.76:38409, 1cdb4630-dc2b-4fec-8a69-17f5c78645cd:192.168.36.76:35326], old=null, confs=<EMPTY_MAP>
2019-09-10 05:25:19,032 [pool-77-thread-1] INFO  server.RaftServerConfigKeys (ConfUtils.java:logGet(43)) - raft.server.rpc.timeout.max = 5200ms (custom)
2019-09-10 05:25:19,032 [pool-67-thread-1] INFO  server.RaftServerConfigKeys (ConfUtils.java:logGet(43)) - raft.server.storage.dir = [/workdir/hadoop-ozone/integration-test/target/test-dir/MiniOzoneClusterImpl-247e7c78-77b9-484f-b8fa-e1666253ae99/datanode-4/data/ratis] (custom)
2019-09-10 05:25:19,032 [pool-77-thread-1] INFO  server.RaftServerConfigKeys (ConfUtils.java:logGet(43)) - raft.server.rpcslowness.timeout = 120s (custom)
2019-09-10 05:25:19,032 [pool-77-thread-1] INFO  server.RaftServerConfigKeys (ConfUtils.java:logGet(43)) - raft.server.sleep.deviation.threshold = 300 (default)
2019-09-10 05:25:19,032 [pool-67-thread-1] INFO  storage.RaftStorageDirectory (RaftStorageDirectory.java:analyzeStorage(246)) - The storage directory /workdir/hadoop-ozone/integration-test/target/test-dir/MiniOzoneClusterImpl-247e7c78-77b9-484f-b8fa-e1666253ae99/datanode-4/data/ratis/47829d56-d355-4f59-aa91-31f335587f71 does not exist. Creating ...
2019-09-10 05:25:19,032 [pool-77-thread-1] INFO  server.RaftServerConfigKeys (ConfUtils.java:logGet(43)) - raft.server.log.appender.install.snapshot.enabled = false (custom)
2019-09-10 05:25:19,033 [pool-77-thread-1] INFO  impl.RaftServerImpl (ServerState.java:<init>(103)) - 1cdb4630-dc2b-4fec-8a69-17f5c78645cd@group-31F335587F71: ConfigurationManager, init=-1: [cc4a97b8-a721-497f-8d26-8972627a814e:192.168.36.76:37833, 9ef1702c-ece5-4ac9-b96a-b31858c3d219:192.168.36.76:38409, 1cdb4630-dc2b-4fec-8a69-17f5c78645cd:192.168.36.76:35326], old=null, confs=<EMPTY_MAP>
2019-09-10 05:25:19,033 [pool-77-thread-1] INFO  server.RaftServerConfigKeys (ConfUtils.java:logGet(43)) - raft.server.storage.dir = [/workdir/hadoop-ozone/integration-test/target/test-dir/MiniOzoneClusterImpl-247e7c78-77b9-484f-b8fa-e1666253ae99/datanode-5/data/ratis] (custom)
2019-09-10 05:25:19,033 [pool-77-thread-1] INFO  storage.RaftStorageDirectory (RaftStorageDirectory.java:analyzeStorage(246)) - The storage directory /workdir/hadoop-ozone/integration-test/target/test-dir/MiniOzoneClusterImpl-247e7c78-77b9-484f-b8fa-e1666253ae99/datanode-5/data/ratis/47829d56-d355-4f59-aa91-31f335587f71 does not exist. Creating ...
2019-09-10 05:25:19,051 [pool-77-thread-1] INFO  storage.RaftStorageDirectory (RaftStorageDirectory.java:tryLock(328)) - Lock on /workdir/hadoop-ozone/integration-test/target/test-dir/MiniOzoneClusterImpl-247e7c78-77b9-484f-b8fa-e1666253ae99/datanode-5/data/ratis/47829d56-d355-4f59-aa91-31f335587f71/in_use.lock acquired by nodename 21943@trunk-nightly-20190910-vk757-903364635
2019-09-10 05:25:19,051 [pool-27-thread-1] INFO  storage.RaftStorageDirectory (RaftStorageDirectory.java:tryLock(328)) - Lock on /workdir/hadoop-ozone/integration-test/target/test-dir/MiniOzoneClusterImpl-247e7c78-77b9-484f-b8fa-e1666253ae99/datanode-0/data/ratis/47829d56-d355-4f59-aa91-31f335587f71/in_use.lock acquired by nodename 21943@trunk-nightly-20190910-vk757-903364635
2019-09-10 05:25:19,051 [pool-67-thread-1] INFO  storage.RaftStorageDirectory (RaftStorageDirectory.java:tryLock(328)) - Lock on /workdir/hadoop-ozone/integration-test/target/test-dir/MiniOzoneClusterImpl-247e7c78-77b9-484f-b8fa-e1666253ae99/datanode-4/data/ratis/47829d56-d355-4f59-aa91-31f335587f71/in_use.lock acquired by nodename 21943@trunk-nightly-20190910-vk757-903364635
2019-09-10 05:25:19,065 [pool-77-thread-1] INFO  storage.RaftStorage (RaftStorage.java:format(72)) - Storage directory /workdir/hadoop-ozone/integration-test/target/test-dir/MiniOzoneClusterImpl-247e7c78-77b9-484f-b8fa-e1666253ae99/datanode-5/data/ratis/47829d56-d355-4f59-aa91-31f335587f71 has been successfully formatted.
2019-09-10 05:25:19,065 [pool-27-thread-1] INFO  storage.RaftStorage (RaftStorage.java:format(72)) - Storage directory /workdir/hadoop-ozone/integration-test/target/test-dir/MiniOzoneClusterImpl-247e7c78-77b9-484f-b8fa-e1666253ae99/datanode-0/data/ratis/47829d56-d355-4f59-aa91-31f335587f71 has been successfully formatted.
2019-09-10 05:25:19,065 [pool-67-thread-1] INFO  storage.RaftStorage (RaftStorage.java:format(72)) - Storage directory /workdir/hadoop-ozone/integration-test/target/test-dir/MiniOzoneClusterImpl-247e7c78-77b9-484f-b8fa-e1666253ae99/datanode-4/data/ratis/47829d56-d355-4f59-aa91-31f335587f71 has been successfully formatted.
2019-09-10 05:25:19,065 [pool-77-thread-1] INFO  ratis.ContainerStateMachine (ContainerStateMachine.java:loadSnapshot(230)) - group-31F335587F71: The snapshot info is null. Setting the last applied indexto:(t:0, i:~)
2019-09-10 05:25:19,065 [pool-67-thread-1] INFO  ratis.ContainerStateMachine (ContainerStateMachine.java:loadSnapshot(230)) - group-31F335587F71: The snapshot info is null. Setting the last applied indexto:(t:0, i:~)
2019-09-10 05:25:19,065 [pool-27-thread-1] INFO  ratis.ContainerStateMachine (ContainerStateMachine.java:loadSnapshot(230)) - group-31F335587F71: The snapshot info is null. Setting the last applied indexto:(t:0, i:~)
2019-09-10 05:25:19,065 [pool-67-thread-1] INFO  server.RaftServerConfigKeys (ConfUtils.java:logGet(43)) - raft.server.notification.no-leader.timeout = 120s (custom)
2019-09-10 05:25:19,066 [pool-27-thread-1] INFO  server.RaftServerConfigKeys (ConfUtils.java:logGet(43)) - raft.server.notification.no-leader.timeout = 120s (custom)
2019-09-10 05:25:19,065 [pool-77-thread-1] INFO  server.RaftServerConfigKeys (ConfUtils.java:logGet(43)) - raft.server.notification.no-leader.timeout = 120s (custom)
2019-09-10 05:25:19,066 [pool-27-thread-1] INFO  server.RaftServerConfigKeys (ConfUtils.java:logGet(43)) - raft.server.log.use.memory = false (default)
2019-09-10 05:25:19,066 [pool-67-thread-1] INFO  server.RaftServerConfigKeys (ConfUtils.java:logGet(43)) - raft.server.log.use.memory = false (default)
2019-09-10 05:25:19,066 [pool-27-thread-1] INFO  server.RaftServerConfigKeys (ConfUtils.java:logGet(43)) - raft.server.log.purge.gap = 1000000 (custom)
2019-09-10 05:25:19,066 [pool-77-thread-1] INFO  server.RaftServerConfigKeys (ConfUtils.java:logGet(43)) - raft.server.log.use.memory = false (default)
2019-09-10 05:25:19,066 [pool-27-thread-1] INFO  server.RaftServerConfigKeys (ConfUtils.java:logGet(43)) - raft.server.log.appender.buffer.byte-limit = 33554432 (custom)
2019-09-10 05:25:19,066 [pool-67-thread-1] INFO  server.RaftServerConfigKeys (ConfUtils.java:logGet(43)) - raft.server.log.purge.gap = 1000000 (custom)
2019-09-10 05:25:19,066 [pool-27-thread-1] INFO  server.RaftServerConfigKeys (ConfUtils.java:logGet(43)) - raft.server.log.segment.size.max = 1048576 (custom)
2019-09-10 05:25:19,066 [pool-77-thread-1] INFO  server.RaftServerConfigKeys (ConfUtils.java:logGet(43)) - raft.server.log.purge.gap = 1000000 (custom)
2019-09-10 05:25:19,067 [pool-27-thread-1] INFO  server.RaftServerConfigKeys (ConfUtils.java:logGet(43)) - raft.server.log.segment.cache.num.max = 2 (custom)
2019-09-10 05:25:19,067 [pool-67-thread-1] INFO  server.RaftServerConfigKeys (ConfUtils.java:logGet(43)) - raft.server.log.appender.buffer.byte-limit = 33554432 (custom)
2019-09-10 05:25:19,067 [pool-27-thread-1] INFO  segmented.SegmentedRaftLogWorker (SegmentedRaftLogWorker.java:<init>(172)) - new 9ef1702c-ece5-4ac9-b96a-b31858c3d219@group-31F335587F71-SegmentedRaftLogWorker for RaftStorage:Storage Directory /workdir/hadoop-ozone/integration-test/target/test-dir/MiniOzoneClusterImpl-247e7c78-77b9-484f-b8fa-e1666253ae99/datanode-0/data/ratis/47829d56-d355-4f59-aa91-31f335587f71
2019-09-10 05:25:19,067 [pool-77-thread-1] INFO  server.RaftServerConfigKeys (ConfUtils.java:logGet(43)) - raft.server.log.appender.buffer.byte-limit = 33554432 (custom)
2019-09-10 05:25:19,067 [pool-67-thread-1] INFO  server.RaftServerConfigKeys (ConfUtils.java:logGet(43)) - raft.server.log.segment.size.max = 1048576 (custom)
2019-09-10 05:25:19,067 [pool-77-thread-1] INFO  server.RaftServerConfigKeys (ConfUtils.java:logGet(43)) - raft.server.log.segment.size.max = 1048576 (custom)
2019-09-10 05:25:19,067 [pool-27-thread-1] INFO  server.RaftServerConfigKeys (ConfUtils.java:logGet(43)) - raft.server.log.queue.byte-limit = 2147483647 (custom)
2019-09-10 05:25:19,068 [pool-77-thread-1] INFO  server.RaftServerConfigKeys (ConfUtils.java:logGet(43)) - raft.server.log.segment.cache.num.max = 2 (custom)
2019-09-10 05:25:19,067 [pool-67-thread-1] INFO  server.RaftServerConfigKeys (ConfUtils.java:logGet(43)) - raft.server.log.segment.cache.num.max = 2 (custom)
2019-09-10 05:25:19,068 [pool-77-thread-1] INFO  segmented.SegmentedRaftLogWorker (SegmentedRaftLogWorker.java:<init>(172)) - new 1cdb4630-dc2b-4fec-8a69-17f5c78645cd@group-31F335587F71-SegmentedRaftLogWorker for RaftStorage:Storage Directory /workdir/hadoop-ozone/integration-test/target/test-dir/MiniOzoneClusterImpl-247e7c78-77b9-484f-b8fa-e1666253ae99/datanode-5/data/ratis/47829d56-d355-4f59-aa91-31f335587f71
2019-09-10 05:25:19,068 [pool-27-thread-1] INFO  server.RaftServerConfigKeys (ConfUtils.java:logGet(43)) - raft.server.log.queue.element-limit = 1024 (custom)
2019-09-10 05:25:19,068 [pool-77-thread-1] INFO  server.RaftServerConfigKeys (ConfUtils.java:logGet(43)) - raft.server.log.queue.byte-limit = 2147483647 (custom)
2019-09-10 05:25:19,068 [pool-67-thread-1] INFO  segmented.SegmentedRaftLogWorker (SegmentedRaftLogWorker.java:<init>(172)) - new cc4a97b8-a721-497f-8d26-8972627a814e@group-31F335587F71-SegmentedRaftLogWorker for RaftStorage:Storage Directory /workdir/hadoop-ozone/integration-test/target/test-dir/MiniOzoneClusterImpl-247e7c78-77b9-484f-b8fa-e1666253ae99/datanode-4/data/ratis/47829d56-d355-4f59-aa91-31f335587f71
2019-09-10 05:25:19,068 [pool-77-thread-1] INFO  server.RaftServerConfigKeys (ConfUtils.java:logGet(43)) - raft.server.log.queue.element-limit = 1024 (custom)
2019-09-10 05:25:19,068 [pool-27-thread-1] INFO  server.RaftServerConfigKeys (ConfUtils.java:logGet(43)) - raft.server.log.segment.size.max = 1048576 (custom)
2019-09-10 05:25:19,068 [pool-77-thread-1] INFO  server.RaftServerConfigKeys (ConfUtils.java:logGet(43)) - raft.server.log.segment.size.max = 1048576 (custom)
2019-09-10 05:25:19,068 [pool-67-thread-1] INFO  server.RaftServerConfigKeys (ConfUtils.java:logGet(43)) - raft.server.log.queue.byte-limit = 2147483647 (custom)
2019-09-10 05:25:19,069 [pool-77-thread-1] INFO  server.RaftServerConfigKeys (ConfUtils.java:logGet(43)) - raft.server.log.preallocated.size = 16384 (custom)
2019-09-10 05:25:19,069 [pool-27-thread-1] INFO  server.RaftServerConfigKeys (ConfUtils.java:logGet(43)) - raft.server.log.preallocated.size = 16384 (custom)
2019-09-10 05:25:19,069 [pool-77-thread-1] INFO  server.RaftServerConfigKeys (ConfUtils.java:logGet(43)) - raft.server.log.write.buffer.size = 33554432 (custom)
2019-09-10 05:25:19,069 [pool-67-thread-1] INFO  server.RaftServerConfigKeys (ConfUtils.java:logGet(43)) - raft.server.log.queue.element-limit = 1024 (custom)
2019-09-10 05:25:19,069 [pool-77-thread-1] INFO  server.RaftServerConfigKeys (ConfUtils.java:logGet(43)) - raft.server.log.force.sync.num = 128 (default)
2019-09-10 05:25:19,069 [pool-27-thread-1] INFO  server.RaftServerConfigKeys (ConfUtils.java:logGet(43)) - raft.server.log.write.buffer.size = 33554432 (custom)
2019-09-10 05:25:19,069 [pool-77-thread-1] INFO  server.RaftServerConfigKeys (ConfUtils.java:logGet(43)) - raft.server.log.statemachine.data.sync = true (default)
2019-09-10 05:25:19,069 [pool-67-thread-1] INFO  server.RaftServerConfigKeys (ConfUtils.java:logGet(43)) - raft.server.log.segment.size.max = 1048576 (custom)
2019-09-10 05:25:19,070 [pool-77-thread-1] INFO  server.RaftServerConfigKeys (ConfUtils.java:logGet(43)) - raft.server.log.statemachine.data.sync.timeout = 10s (default)
2019-09-10 05:25:19,070 [pool-27-thread-1] INFO  server.RaftServerConfigKeys (ConfUtils.java:logGet(43)) - raft.server.log.force.sync.num = 128 (default)
2019-09-10 05:25:19,070 [pool-77-thread-1] INFO  server.RaftServerConfigKeys (ConfUtils.java:logGet(43)) - raft.server.log.statemachine.data.sync.timeout.retry = -1 (default)
2019-09-10 05:25:19,070 [pool-67-thread-1] INFO  server.RaftServerConfigKeys (ConfUtils.java:logGet(43)) - raft.server.log.preallocated.size = 16384 (custom)
2019-09-10 05:25:19,070 [pool-27-thread-1] INFO  server.RaftServerConfigKeys (ConfUtils.java:logGet(43)) - raft.server.log.statemachine.data.sync = true (default)
2019-09-10 05:25:19,070 [pool-67-thread-1] INFO  server.RaftServerConfigKeys (ConfUtils.java:logGet(43)) - raft.server.log.write.buffer.size = 33554432 (custom)
2019-09-10 05:25:19,070 [pool-77-thread-1] INFO  server.RaftServerConfigKeys (ConfUtils.java:logGet(43)) - raft.server.log.statemachine.data.caching.enabled = true (custom)
2019-09-10 05:25:19,071 [pool-67-thread-1] INFO  server.RaftServerConfigKeys (ConfUtils.java:logGet(43)) - raft.server.log.force.sync.num = 128 (default)
2019-09-10 05:25:19,071 [pool-27-thread-1] INFO  server.RaftServerConfigKeys (ConfUtils.java:logGet(43)) - raft.server.log.statemachine.data.sync.timeout = 10s (default)
2019-09-10 05:25:19,071 [pool-77-thread-1] INFO  segmented.SegmentedRaftLogWorker (SegmentedRaftLogWorker.java:lambda$new$0(132)) - 1cdb4630-dc2b-4fec-8a69-17f5c78645cd@group-31F335587F71-SegmentedRaftLogWorker: flushIndex: setUnconditionally 0 -> -1
2019-09-10 05:25:19,071 [pool-67-thread-1] INFO  server.RaftServerConfigKeys (ConfUtils.java:logGet(43)) - raft.server.log.statemachine.data.sync = true (default)
2019-09-10 05:25:19,071 [pool-27-thread-1] INFO  server.RaftServerConfigKeys (ConfUtils.java:logGet(43)) - raft.server.log.statemachine.data.sync.timeout.retry = -1 (default)
2019-09-10 05:25:19,071 [pool-77-thread-1] INFO  server.RaftServerConfigKeys (ConfUtils.java:logGet(43)) - raft.server.snapshot.auto.trigger.enabled = true (custom)
2019-09-10 05:25:19,071 [pool-67-thread-1] INFO  server.RaftServerConfigKeys (ConfUtils.java:logGet(43)) - raft.server.log.statemachine.data.sync.timeout = 10s (default)
2019-09-10 05:25:19,071 [pool-77-thread-1] INFO  server.RaftServerConfigKeys (ConfUtils.java:logGet(43)) - raft.server.snapshot.auto.trigger.threshold = 10000 (custom)
2019-09-10 05:25:19,071 [pool-27-thread-1] INFO  server.RaftServerConfigKeys (ConfUtils.java:logGet(43)) - raft.server.log.statemachine.data.caching.enabled = true (custom)
2019-09-10 05:25:19,072 [pool-77-thread-1] INFO  server.RaftServerConfigKeys (ConfUtils.java:logGet(43)) - raft.server.snapshot.retention.num.files = -1 (default)
2019-09-10 05:25:19,072 [pool-67-thread-1] INFO  server.RaftServerConfigKeys (ConfUtils.java:logGet(43)) - raft.server.log.statemachine.data.sync.timeout.retry = -1 (default)
2019-09-10 05:25:19,072 [pool-77-thread-1] INFO  server.RaftServerConfigKeys (ConfUtils.java:logGet(43)) - raft.server.retrycache.expirytime = 600000ms (custom)
2019-09-10 05:25:19,072 [pool-27-thread-1] INFO  segmented.SegmentedRaftLogWorker (SegmentedRaftLogWorker.java:lambda$new$0(132)) - 9ef1702c-ece5-4ac9-b96a-b31858c3d219@group-31F335587F71-SegmentedRaftLogWorker: flushIndex: setUnconditionally 0 -> -1
2019-09-10 05:25:19,072 [pool-67-thread-1] INFO  server.RaftServerConfigKeys (ConfUtils.java:logGet(43)) - raft.server.log.statemachine.data.caching.enabled = true (custom)
2019-09-10 05:25:19,073 [pool-27-thread-1] INFO  server.RaftServerConfigKeys (ConfUtils.java:logGet(43)) - raft.server.snapshot.auto.trigger.enabled = true (custom)
2019-09-10 05:25:19,073 [pool-67-thread-1] INFO  segmented.SegmentedRaftLogWorker (SegmentedRaftLogWorker.java:lambda$new$0(132)) - cc4a97b8-a721-497f-8d26-8972627a814e@group-31F335587F71-SegmentedRaftLogWorker: flushIndex: setUnconditionally 0 -> -1
2019-09-10 05:25:19,073 [pool-27-thread-1] INFO  server.RaftServerConfigKeys (ConfUtils.java:logGet(43)) - raft.server.snapshot.auto.trigger.threshold = 10000 (custom)
2019-09-10 05:25:19,073 [pool-27-thread-1] INFO  server.RaftServerConfigKeys (ConfUtils.java:logGet(43)) - raft.server.snapshot.retention.num.files = -1 (default)
2019-09-10 05:25:19,073 [pool-67-thread-1] INFO  server.RaftServerConfigKeys (ConfUtils.java:logGet(43)) - raft.server.snapshot.auto.trigger.enabled = true (custom)
2019-09-10 05:25:19,073 [pool-27-thread-1] INFO  server.RaftServerConfigKeys (ConfUtils.java:logGet(43)) - raft.server.retrycache.expirytime = 600000ms (custom)
2019-09-10 05:25:19,073 [pool-67-thread-1] INFO  server.RaftServerConfigKeys (ConfUtils.java:logGet(43)) - raft.server.snapshot.auto.trigger.threshold = 10000 (custom)
2019-09-10 05:25:19,074 [pool-67-thread-1] INFO  server.RaftServerConfigKeys (ConfUtils.java:logGet(43)) - raft.server.snapshot.retention.num.files = -1 (default)
2019-09-10 05:25:19,074 [pool-67-thread-1] INFO  server.RaftServerConfigKeys (ConfUtils.java:logGet(43)) - raft.server.retrycache.expirytime = 600000ms (custom)
2019-09-10 05:25:19,084 [pool-77-thread-1] INFO  impl.RaftServerImpl (RaftServerImpl.java:start(185)) - 1cdb4630-dc2b-4fec-8a69-17f5c78645cd@group-31F335587F71: start as a follower, conf=-1: [cc4a97b8-a721-497f-8d26-8972627a814e:192.168.36.76:37833, 9ef1702c-ece5-4ac9-b96a-b31858c3d219:192.168.36.76:38409, 1cdb4630-dc2b-4fec-8a69-17f5c78645cd:192.168.36.76:35326], old=null
2019-09-10 05:25:19,084 [pool-77-thread-1] INFO  impl.RaftServerImpl (RaftServerImpl.java:setRole(174)) - 1cdb4630-dc2b-4fec-8a69-17f5c78645cd@group-31F335587F71: changes role from      null to FOLLOWER at term 0 for startAsFollower
2019-09-10 05:25:19,084 [pool-77-thread-1] INFO  impl.RoleInfo (RoleInfo.java:updateAndGet(143)) - 1cdb4630-dc2b-4fec-8a69-17f5c78645cd: start FollowerState
2019-09-10 05:25:19,084 [pool-27-thread-1] INFO  impl.RaftServerImpl (RaftServerImpl.java:start(185)) - 9ef1702c-ece5-4ac9-b96a-b31858c3d219@group-31F335587F71: start as a follower, conf=-1: [cc4a97b8-a721-497f-8d26-8972627a814e:192.168.36.76:37833, 9ef1702c-ece5-4ac9-b96a-b31858c3d219:192.168.36.76:38409, 1cdb4630-dc2b-4fec-8a69-17f5c78645cd:192.168.36.76:35326], old=null
2019-09-10 05:25:19,084 [pool-77-thread-1] INFO  util.JmxRegister (JmxRegister.java:tryRegister(44)) - Successfully registered JMX Bean with object name Ratis:service=RaftServer,group=group-31F335587F71,id=1cdb4630-dc2b-4fec-8a69-17f5c78645cd
2019-09-10 05:25:19,085 [pool-27-thread-1] INFO  impl.RaftServerImpl (RaftServerImpl.java:setRole(174)) - 9ef1702c-ece5-4ac9-b96a-b31858c3d219@group-31F335587F71: changes role from      null to FOLLOWER at term 0 for startAsFollower
2019-09-10 05:25:19,085 [pool-67-thread-1] INFO  impl.RaftServerImpl (RaftServerImpl.java:start(185)) - cc4a97b8-a721-497f-8d26-8972627a814e@group-31F335587F71: start as a follower, conf=-1: [cc4a97b8-a721-497f-8d26-8972627a814e:192.168.36.76:37833, 9ef1702c-ece5-4ac9-b96a-b31858c3d219:192.168.36.76:38409, 1cdb4630-dc2b-4fec-8a69-17f5c78645cd:192.168.36.76:35326], old=null
2019-09-10 05:25:19,085 [pool-27-thread-1] INFO  impl.RoleInfo (RoleInfo.java:updateAndGet(143)) - 9ef1702c-ece5-4ac9-b96a-b31858c3d219: start FollowerState
2019-09-10 05:25:19,085 [pool-67-thread-1] INFO  impl.RaftServerImpl (RaftServerImpl.java:setRole(174)) - cc4a97b8-a721-497f-8d26-8972627a814e@group-31F335587F71: changes role from      null to FOLLOWER at term 0 for startAsFollower
2019-09-10 05:25:19,085 [pool-67-thread-1] INFO  impl.RoleInfo (RoleInfo.java:updateAndGet(143)) - cc4a97b8-a721-497f-8d26-8972627a814e: start FollowerState
2019-09-10 05:25:19,086 [pool-27-thread-1] INFO  util.JmxRegister (JmxRegister.java:tryRegister(44)) - Successfully registered JMX Bean with object name Ratis:service=RaftServer,group=group-31F335587F71,id=9ef1702c-ece5-4ac9-b96a-b31858c3d219
2019-09-10 05:25:19,086 [pool-67-thread-1] INFO  util.JmxRegister (JmxRegister.java:tryRegister(44)) - Successfully registered JMX Bean with object name Ratis:service=RaftServer,group=group-31F335587F71,id=cc4a97b8-a721-497f-8d26-8972627a814e
2019-09-10 05:25:19,119 [RatisPipelineUtilsThread] INFO  pipeline.PipelineStateManager (PipelineStateManager.java:addPipeline(56)) - Created pipeline Pipeline[ Id: 47829d56-d355-4f59-aa91-31f335587f71, Nodes: 9ef1702c-ece5-4ac9-b96a-b31858c3d219{ip: 192.168.36.76, host: trunk-nightly-20190910-vk757-903364635, networkLocation: /default-rack, certSerialId: null}1cdb4630-dc2b-4fec-8a69-17f5c78645cd{ip: 192.168.36.76, host: trunk-nightly-20190910-vk757-903364635, networkLocation: /default-rack, certSerialId: null}cc4a97b8-a721-497f-8d26-8972627a814e{ip: 192.168.36.76, host: trunk-nightly-20190910-vk757-903364635, networkLocation: /default-rack, certSerialId: null}, Type:RATIS, Factor:THREE, State:OPEN]
2019-09-10 05:25:19,402 [main] INFO  rpc.RpcClient (RpcClient.java:createVolume(298)) - Creating Volume: testblockoutputstream, with jenkins1000 as owner.
2019-09-10 05:25:19,540 [IPC Server handler 2 on 34426] INFO  volume.OMVolumeCreateRequest (OMVolumeCreateRequest.java:validateAndUpdateCache(189)) - created volume:testblockoutputstream for user:jenkins1000
2019-09-10 05:25:19,589 [main] INFO  rpc.RpcClient (RpcClient.java:createBucket(437)) - Creating Bucket: testblockoutputstream/testblockoutputstream, with Versioning false and Storage Type set to DISK and Encryption set to false 
2019-09-10 05:25:19,614 [main] INFO  impl.MetricsSystemImpl (MetricsSystemImpl.java:init(158)) - XceiverClientMetrics metrics system started (again)
2019-09-10 05:25:20,260 [grpc-default-executor-2] INFO  client.GrpcClientProtocolClient (GrpcClientProtocolClient.java:onNext(264)) - client-6FF6D5F4A8B3->9ef1702c-ece5-4ac9-b96a-b31858c3d219: receive RaftClientReply:client-6FF6D5F4A8B3->9ef1702c-ece5-4ac9-b96a-b31858c3d219@group-31F335587F71, cid=13, FAILED org.apache.ratis.protocol.NotLeaderException: Server 9ef1702c-ece5-4ac9-b96a-b31858c3d219@group-31F335587F71 is not the leader, logIndex=0, commits[9ef1702c-ece5-4ac9-b96a-b31858c3d219:c-1]
2019-09-10 05:25:20,301 [Thread-238] INFO  container.ReplicationManager (ReplicationManager.java:start(162)) - Starting Replication Monitor Thread.
2019-09-10 05:25:20,305 [ReplicationMonitor] INFO  container.ReplicationManager (ReplicationManager.java:run(225)) - Replication Monitor Thread took 2 milliseconds for processing 1 containers.
2019-09-10 05:25:21,300 [grpc-default-executor-1] INFO  client.GrpcClientProtocolClient (GrpcClientProtocolClient.java:onNext(264)) - client-6FF6D5F4A8B3->cc4a97b8-a721-497f-8d26-8972627a814e: receive RaftClientReply:client-6FF6D5F4A8B3->cc4a97b8-a721-497f-8d26-8972627a814e@group-31F335587F71, cid=13, FAILED org.apache.ratis.protocol.NotLeaderException: Server cc4a97b8-a721-497f-8d26-8972627a814e@group-31F335587F71 is not the leader, logIndex=0, commits[cc4a97b8-a721-497f-8d26-8972627a814e:c-1]
2019-09-10 05:25:22,331 [grpc-default-executor-2] INFO  client.GrpcClientProtocolClient (GrpcClientProtocolClient.java:onNext(264)) - client-6FF6D5F4A8B3->1cdb4630-dc2b-4fec-8a69-17f5c78645cd: receive RaftClientReply:client-6FF6D5F4A8B3->1cdb4630-dc2b-4fec-8a69-17f5c78645cd@group-31F335587F71, cid=13, FAILED org.apache.ratis.protocol.NotLeaderException: Server 1cdb4630-dc2b-4fec-8a69-17f5c78645cd@group-31F335587F71 is not the leader, logIndex=0, commits[1cdb4630-dc2b-4fec-8a69-17f5c78645cd:c-1]
2019-09-10 05:25:23,104 [Thread-240] INFO  impl.FollowerState (FollowerState.java:run(106)) - 9ef1702c-ece5-4ac9-b96a-b31858c3d219:group-1C649A892858 changes to CANDIDATE, lastRpcTime:5121, electionTimeout:5120ms
2019-09-10 05:25:23,108 [Thread-240] INFO  impl.RoleInfo (RoleInfo.java:shutdownFollowerState(121)) - 9ef1702c-ece5-4ac9-b96a-b31858c3d219: shutdown FollowerState
2019-09-10 05:25:23,109 [Thread-240] INFO  impl.RaftServerImpl (RaftServerImpl.java:setRole(174)) - 9ef1702c-ece5-4ac9-b96a-b31858c3d219@group-1C649A892858: changes role from  FOLLOWER to CANDIDATE at term 0 for changeToCandidate
2019-09-10 05:25:23,114 [Thread-240] INFO  impl.RoleInfo (RoleInfo.java:updateAndGet(143)) - 9ef1702c-ece5-4ac9-b96a-b31858c3d219: start LeaderElection
2019-09-10 05:25:23,166 [9ef1702c-ece5-4ac9-b96a-b31858c3d219@group-1C649A892858:LeaderElection1] INFO  impl.LeaderElection (LeaderElection.java:askForVotes(182)) - 9ef1702c-ece5-4ac9-b96a-b31858c3d219@group-1C649A892858:LeaderElection1: begin an election at term 1 for -1: [9ef1702c-ece5-4ac9-b96a-b31858c3d219:192.168.36.76:38409], old=null
2019-09-10 05:25:23,168 [9ef1702c-ece5-4ac9-b96a-b31858c3d219@group-1C649A892858:LeaderElection1] INFO  impl.RoleInfo (RoleInfo.java:shutdownLeaderElection(134)) - 9ef1702c-ece5-4ac9-b96a-b31858c3d219: shutdown LeaderElection
2019-09-10 05:25:23,169 [9ef1702c-ece5-4ac9-b96a-b31858c3d219@group-1C649A892858:LeaderElection1] INFO  impl.RaftServerImpl (RaftServerImpl.java:setRole(174)) - 9ef1702c-ece5-4ac9-b96a-b31858c3d219@group-1C649A892858: changes role from CANDIDATE to LEADER at term 1 for changeToLeader
2019-09-10 05:25:23,169 [9ef1702c-ece5-4ac9-b96a-b31858c3d219@group-1C649A892858:LeaderElection1] INFO  impl.RaftServerImpl (ServerState.java:setLeader(253)) - 9ef1702c-ece5-4ac9-b96a-b31858c3d219@group-1C649A892858: change Leader from null to 9ef1702c-ece5-4ac9-b96a-b31858c3d219 at term 1 for becomeLeader, leader elected after 5301ms
2019-09-10 05:25:23,177 [9ef1702c-ece5-4ac9-b96a-b31858c3d219@group-1C649A892858:LeaderElection1] INFO  server.RaftServerConfigKeys (ConfUtils.java:logGet(43)) - raft.server.staging.catchup.gap = 1000 (default)
2019-09-10 05:25:23,178 [9ef1702c-ece5-4ac9-b96a-b31858c3d219@group-1C649A892858:LeaderElection1] INFO  server.RaftServerConfigKeys (ConfUtils.java:logGet(43)) - raft.server.rpc.sleep.time = 25ms (default)
2019-09-10 05:25:23,183 [9ef1702c-ece5-4ac9-b96a-b31858c3d219@group-1C649A892858:LeaderElection1] INFO  server.RaftServerConfigKeys (ConfUtils.java:logGet(43)) - raft.server.write.element-limit = 4096 (default)
2019-09-10 05:25:23,188 [9ef1702c-ece5-4ac9-b96a-b31858c3d219@group-1C649A892858:LeaderElection1] INFO  server.RaftServerConfigKeys (ConfUtils.java:logGet(43)) - raft.server.watch.timeout = 10s (default)
2019-09-10 05:25:23,188 [9ef1702c-ece5-4ac9-b96a-b31858c3d219@group-1C649A892858:LeaderElection1] INFO  server.RaftServerConfigKeys (ConfUtils.java:logGet(43)) - raft.server.watch.timeout.denomination = 1s (default)
2019-09-10 05:25:23,190 [9ef1702c-ece5-4ac9-b96a-b31858c3d219@group-1C649A892858:LeaderElection1] INFO  server.RaftServerConfigKeys (ConfUtils.java:logGet(43)) - raft.server.watch.element-limit = 65536 (default)
2019-09-10 05:25:23,209 [9ef1702c-ece5-4ac9-b96a-b31858c3d219@group-1C649A892858:LeaderElection1] INFO  impl.RoleInfo (RoleInfo.java:updateAndGet(143)) - 9ef1702c-ece5-4ac9-b96a-b31858c3d219: start LeaderState
2019-09-10 05:25:23,241 [9ef1702c-ece5-4ac9-b96a-b31858c3d219@group-1C649A892858:LeaderElection1] INFO  segmented.SegmentedRaftLogWorker (SegmentedRaftLogWorker.java:startLogSegment(380)) - 9ef1702c-ece5-4ac9-b96a-b31858c3d219@group-1C649A892858-SegmentedRaftLogWorker: Starting segment from index:0
2019-09-10 05:25:23,250 [9ef1702c-ece5-4ac9-b96a-b31858c3d219@group-1C649A892858:LeaderElection1] INFO  impl.RaftServerImpl (ServerState.java:setRaftConf(354)) - 9ef1702c-ece5-4ac9-b96a-b31858c3d219@group-1C649A892858: set configuration 0: [9ef1702c-ece5-4ac9-b96a-b31858c3d219:192.168.36.76:38409], old=null at 0
2019-09-10 05:25:23,289 [Thread-243] INFO  impl.FollowerState (FollowerState.java:run(106)) - 5548a24b-0164-4a3c-aa99-cd6a6c4e8a22:group-D3E504095C65 changes to CANDIDATE, lastRpcTime:5061, electionTimeout:5059ms
2019-09-10 05:25:23,297 [Thread-243] INFO  impl.RoleInfo (RoleInfo.java:shutdownFollowerState(121)) - 5548a24b-0164-4a3c-aa99-cd6a6c4e8a22: shutdown FollowerState
2019-09-10 05:25:23,297 [Thread-243] INFO  impl.RaftServerImpl (RaftServerImpl.java:setRole(174)) - 5548a24b-0164-4a3c-aa99-cd6a6c4e8a22@group-D3E504095C65: changes role from  FOLLOWER to CANDIDATE at term 0 for changeToCandidate
2019-09-10 05:25:23,298 [Thread-243] INFO  impl.RoleInfo (RoleInfo.java:updateAndGet(143)) - 5548a24b-0164-4a3c-aa99-cd6a6c4e8a22: start LeaderElection
2019-09-10 05:25:23,325 [5548a24b-0164-4a3c-aa99-cd6a6c4e8a22@group-D3E504095C65:LeaderElection2] INFO  impl.LeaderElection (LeaderElection.java:askForVotes(182)) - 5548a24b-0164-4a3c-aa99-cd6a6c4e8a22@group-D3E504095C65:LeaderElection2: begin an election at term 1 for -1: [5548a24b-0164-4a3c-aa99-cd6a6c4e8a22:192.168.36.76:43139], old=null
2019-09-10 05:25:23,326 [5548a24b-0164-4a3c-aa99-cd6a6c4e8a22@group-D3E504095C65:LeaderElection2] INFO  impl.RoleInfo (RoleInfo.java:shutdownLeaderElection(134)) - 5548a24b-0164-4a3c-aa99-cd6a6c4e8a22: shutdown LeaderElection
2019-09-10 05:25:23,326 [5548a24b-0164-4a3c-aa99-cd6a6c4e8a22@group-D3E504095C65:LeaderElection2] INFO  impl.RaftServerImpl (RaftServerImpl.java:setRole(174)) - 5548a24b-0164-4a3c-aa99-cd6a6c4e8a22@group-D3E504095C65: changes role from CANDIDATE to LEADER at term 1 for changeToLeader
2019-09-10 05:25:23,326 [5548a24b-0164-4a3c-aa99-cd6a6c4e8a22@group-D3E504095C65:LeaderElection2] INFO  impl.RaftServerImpl (ServerState.java:setLeader(253)) - 5548a24b-0164-4a3c-aa99-cd6a6c4e8a22@group-D3E504095C65: change Leader from null to 5548a24b-0164-4a3c-aa99-cd6a6c4e8a22 at term 1 for becomeLeader, leader elected after 5116ms
2019-09-10 05:25:23,327 [5548a24b-0164-4a3c-aa99-cd6a6c4e8a22@group-D3E504095C65:LeaderElection2] INFO  server.RaftServerConfigKeys (ConfUtils.java:logGet(43)) - raft.server.staging.catchup.gap = 1000 (default)
2019-09-10 05:25:23,328 [5548a24b-0164-4a3c-aa99-cd6a6c4e8a22@group-D3E504095C65:LeaderElection2] INFO  server.RaftServerConfigKeys (ConfUtils.java:logGet(43)) - raft.server.rpc.sleep.time = 25ms (default)
2019-09-10 05:25:23,328 [5548a24b-0164-4a3c-aa99-cd6a6c4e8a22@group-D3E504095C65:LeaderElection2] INFO  server.RaftServerConfigKeys (ConfUtils.java:logGet(43)) - raft.server.write.element-limit = 4096 (default)
2019-09-10 05:25:23,328 [5548a24b-0164-4a3c-aa99-cd6a6c4e8a22@group-D3E504095C65:LeaderElection2] INFO  server.RaftServerConfigKeys (ConfUtils.java:logGet(43)) - raft.server.watch.timeout = 10s (default)
2019-09-10 05:25:23,328 [5548a24b-0164-4a3c-aa99-cd6a6c4e8a22@group-D3E504095C65:LeaderElection2] INFO  server.RaftServerConfigKeys (ConfUtils.java:logGet(43)) - raft.server.watch.timeout.denomination = 1s (default)
2019-09-10 05:25:23,328 [5548a24b-0164-4a3c-aa99-cd6a6c4e8a22@group-D3E504095C65:LeaderElection2] INFO  server.RaftServerConfigKeys (ConfUtils.java:logGet(43)) - raft.server.watch.element-limit = 65536 (default)
2019-09-10 05:25:23,332 [5548a24b-0164-4a3c-aa99-cd6a6c4e8a22@group-D3E504095C65:LeaderElection2] INFO  impl.RoleInfo (RoleInfo.java:updateAndGet(143)) - 5548a24b-0164-4a3c-aa99-cd6a6c4e8a22: start LeaderState
2019-09-10 05:25:23,333 [5548a24b-0164-4a3c-aa99-cd6a6c4e8a22@group-D3E504095C65:LeaderElection2] INFO  segmented.SegmentedRaftLogWorker (SegmentedRaftLogWorker.java:startLogSegment(380)) - 5548a24b-0164-4a3c-aa99-cd6a6c4e8a22@group-D3E504095C65-SegmentedRaftLogWorker: Starting segment from index:0
2019-09-10 05:25:23,333 [5548a24b-0164-4a3c-aa99-cd6a6c4e8a22@group-D3E504095C65:LeaderElection2] INFO  impl.RaftServerImpl (ServerState.java:setRaftConf(354)) - 5548a24b-0164-4a3c-aa99-cd6a6c4e8a22@group-D3E504095C65: set configuration 0: [5548a24b-0164-4a3c-aa99-cd6a6c4e8a22:192.168.36.76:43139], old=null at 0
2019-09-10 05:25:23,354 [grpc-default-executor-1] INFO  client.GrpcClientProtocolClient (GrpcClientProtocolClient.java:onNext(264)) - client-6FF6D5F4A8B3->cc4a97b8-a721-497f-8d26-8972627a814e: receive RaftClientReply:client-6FF6D5F4A8B3->cc4a97b8-a721-497f-8d26-8972627a814e@group-31F335587F71, cid=13, FAILED org.apache.ratis.protocol.NotLeaderException: Server cc4a97b8-a721-497f-8d26-8972627a814e@group-31F335587F71 is not the leader, logIndex=0, commits[cc4a97b8-a721-497f-8d26-8972627a814e:c-1]
2019-09-10 05:25:23,459 [9ef1702c-ece5-4ac9-b96a-b31858c3d219@group-1C649A892858-SegmentedRaftLogWorker] INFO  segmented.SegmentedRaftLogWorker (SegmentedRaftLogWorker.java:execute(569)) - 9ef1702c-ece5-4ac9-b96a-b31858c3d219@group-1C649A892858-SegmentedRaftLogWorker: created new log segment /workdir/hadoop-ozone/integration-test/target/test-dir/MiniOzoneClusterImpl-247e7c78-77b9-484f-b8fa-e1666253ae99/datanode-0/data/ratis/8481769f-906b-4b21-8d0e-1c649a892858/current/log_inprogress_0
2019-09-10 05:25:23,459 [5548a24b-0164-4a3c-aa99-cd6a6c4e8a22@group-D3E504095C65-SegmentedRaftLogWorker] INFO  segmented.SegmentedRaftLogWorker (SegmentedRaftLogWorker.java:execute(569)) - 5548a24b-0164-4a3c-aa99-cd6a6c4e8a22@group-D3E504095C65-SegmentedRaftLogWorker: created new log segment /workdir/hadoop-ozone/integration-test/target/test-dir/MiniOzoneClusterImpl-247e7c78-77b9-484f-b8fa-e1666253ae99/datanode-6/data/ratis/dbf108f9-91bf-45b5-aa71-d3e504095c65/current/log_inprogress_0
2019-09-10 05:25:23,482 [Thread-249] INFO  impl.FollowerState (FollowerState.java:run(106)) - c940a4b4-485e-4e11-8997-834659c9cdb5:group-415BACA84496 changes to CANDIDATE, lastRpcTime:5029, electionTimeout:5029ms
2019-09-10 05:25:23,485 [Thread-249] INFO  impl.RoleInfo (RoleInfo.java:shutdownFollowerState(121)) - c940a4b4-485e-4e11-8997-834659c9cdb5: shutdown FollowerState
2019-09-10 05:25:23,485 [Thread-249] INFO  impl.RaftServerImpl (RaftServerImpl.java:setRole(174)) - c940a4b4-485e-4e11-8997-834659c9cdb5@group-415BACA84496: changes role from  FOLLOWER to CANDIDATE at term 0 for changeToCandidate
2019-09-10 05:25:23,485 [Thread-249] INFO  impl.RoleInfo (RoleInfo.java:updateAndGet(143)) - c940a4b4-485e-4e11-8997-834659c9cdb5: start LeaderElection
2019-09-10 05:25:23,535 [Thread-246] INFO  impl.FollowerState (FollowerState.java:run(106)) - 21a56203-c10c-4b41-8de5-65150199fc74:group-21C1D007B266 changes to CANDIDATE, lastRpcTime:5172, electionTimeout:5172ms
2019-09-10 05:25:23,535 [Thread-246] INFO  impl.RoleInfo (RoleInfo.java:shutdownFollowerState(121)) - 21a56203-c10c-4b41-8de5-65150199fc74: shutdown FollowerState
2019-09-10 05:25:23,536 [Thread-246] INFO  impl.RaftServerImpl (RaftServerImpl.java:setRole(174)) - 21a56203-c10c-4b41-8de5-65150199fc74@group-21C1D007B266: changes role from  FOLLOWER to CANDIDATE at term 0 for changeToCandidate
2019-09-10 05:25:23,536 [Thread-246] INFO  impl.RoleInfo (RoleInfo.java:updateAndGet(143)) - 21a56203-c10c-4b41-8de5-65150199fc74: start LeaderElection
2019-09-10 05:25:23,546 [c940a4b4-485e-4e11-8997-834659c9cdb5@group-415BACA84496:LeaderElection3] INFO  impl.LeaderElection (LeaderElection.java:askForVotes(182)) - c940a4b4-485e-4e11-8997-834659c9cdb5@group-415BACA84496:LeaderElection3: begin an election at term 1 for -1: [c940a4b4-485e-4e11-8997-834659c9cdb5:192.168.36.76:36668], old=null
2019-09-10 05:25:23,548 [c940a4b4-485e-4e11-8997-834659c9cdb5@group-415BACA84496:LeaderElection3] INFO  impl.RoleInfo (RoleInfo.java:shutdownLeaderElection(134)) - c940a4b4-485e-4e11-8997-834659c9cdb5: shutdown LeaderElection
2019-09-10 05:25:23,548 [c940a4b4-485e-4e11-8997-834659c9cdb5@group-415BACA84496:LeaderElection3] INFO  impl.RaftServerImpl (RaftServerImpl.java:setRole(174)) - c940a4b4-485e-4e11-8997-834659c9cdb5@group-415BACA84496: changes role from CANDIDATE to LEADER at term 1 for changeToLeader
2019-09-10 05:25:23,548 [c940a4b4-485e-4e11-8997-834659c9cdb5@group-415BACA84496:LeaderElection3] INFO  impl.RaftServerImpl (ServerState.java:setLeader(253)) - c940a4b4-485e-4e11-8997-834659c9cdb5@group-415BACA84496: change Leader from null to c940a4b4-485e-4e11-8997-834659c9cdb5 at term 1 for becomeLeader, leader elected after 5105ms
2019-09-10 05:25:23,549 [c940a4b4-485e-4e11-8997-834659c9cdb5@group-415BACA84496:LeaderElection3] INFO  server.RaftServerConfigKeys (ConfUtils.java:logGet(43)) - raft.server.staging.catchup.gap = 1000 (default)
2019-09-10 05:25:23,549 [21a56203-c10c-4b41-8de5-65150199fc74@group-21C1D007B266:LeaderElection4] INFO  impl.LeaderElection (LeaderElection.java:askForVotes(182)) - 21a56203-c10c-4b41-8de5-65150199fc74@group-21C1D007B266:LeaderElection4: begin an election at term 1 for -1: [21a56203-c10c-4b41-8de5-65150199fc74:192.168.36.76:35925], old=null
2019-09-10 05:25:23,549 [c940a4b4-485e-4e11-8997-834659c9cdb5@group-415BACA84496:LeaderElection3] INFO  server.RaftServerConfigKeys (ConfUtils.java:logGet(43)) - raft.server.rpc.sleep.time = 25ms (default)
2019-09-10 05:25:23,550 [21a56203-c10c-4b41-8de5-65150199fc74@group-21C1D007B266:LeaderElection4] INFO  impl.RoleInfo (RoleInfo.java:shutdownLeaderElection(134)) - 21a56203-c10c-4b41-8de5-65150199fc74: shutdown LeaderElection
2019-09-10 05:25:23,550 [c940a4b4-485e-4e11-8997-834659c9cdb5@group-415BACA84496:LeaderElection3] INFO  server.RaftServerConfigKeys (ConfUtils.java:logGet(43)) - raft.server.write.element-limit = 4096 (default)
2019-09-10 05:25:23,550 [21a56203-c10c-4b41-8de5-65150199fc74@group-21C1D007B266:LeaderElection4] INFO  impl.RaftServerImpl (RaftServerImpl.java:setRole(174)) - 21a56203-c10c-4b41-8de5-65150199fc74@group-21C1D007B266: changes role from CANDIDATE to LEADER at term 1 for changeToLeader
2019-09-10 05:25:23,550 [c940a4b4-485e-4e11-8997-834659c9cdb5@group-415BACA84496:LeaderElection3] INFO  server.RaftServerConfigKeys (ConfUtils.java:logGet(43)) - raft.server.watch.timeout = 10s (default)
2019-09-10 05:25:23,550 [21a56203-c10c-4b41-8de5-65150199fc74@group-21C1D007B266:LeaderElection4] INFO  impl.RaftServerImpl (ServerState.java:setLeader(253)) - 21a56203-c10c-4b41-8de5-65150199fc74@group-21C1D007B266: change Leader from null to 21a56203-c10c-4b41-8de5-65150199fc74 at term 1 for becomeLeader, leader elected after 5230ms
2019-09-10 05:25:23,550 [c940a4b4-485e-4e11-8997-834659c9cdb5@group-415BACA84496:LeaderElection3] INFO  server.RaftServerConfigKeys (ConfUtils.java:logGet(43)) - raft.server.watch.timeout.denomination = 1s (default)
2019-09-10 05:25:23,552 [c940a4b4-485e-4e11-8997-834659c9cdb5@group-415BACA84496:LeaderElection3] INFO  server.RaftServerConfigKeys (ConfUtils.java:logGet(43)) - raft.server.watch.element-limit = 65536 (default)
2019-09-10 05:25:23,552 [21a56203-c10c-4b41-8de5-65150199fc74@group-21C1D007B266:LeaderElection4] INFO  server.RaftServerConfigKeys (ConfUtils.java:logGet(43)) - raft.server.staging.catchup.gap = 1000 (default)
2019-09-10 05:25:23,552 [21a56203-c10c-4b41-8de5-65150199fc74@group-21C1D007B266:LeaderElection4] INFO  server.RaftServerConfigKeys (ConfUtils.java:logGet(43)) - raft.server.rpc.sleep.time = 25ms (default)
2019-09-10 05:25:23,552 [21a56203-c10c-4b41-8de5-65150199fc74@group-21C1D007B266:LeaderElection4] INFO  server.RaftServerConfigKeys (ConfUtils.java:logGet(43)) - raft.server.write.element-limit = 4096 (default)
2019-09-10 05:25:23,552 [21a56203-c10c-4b41-8de5-65150199fc74@group-21C1D007B266:LeaderElection4] INFO  server.RaftServerConfigKeys (ConfUtils.java:logGet(43)) - raft.server.watch.timeout = 10s (default)
2019-09-10 05:25:23,552 [21a56203-c10c-4b41-8de5-65150199fc74@group-21C1D007B266:LeaderElection4] INFO  server.RaftServerConfigKeys (ConfUtils.java:logGet(43)) - raft.server.watch.timeout.denomination = 1s (default)
2019-09-10 05:25:23,552 [21a56203-c10c-4b41-8de5-65150199fc74@group-21C1D007B266:LeaderElection4] INFO  server.RaftServerConfigKeys (ConfUtils.java:logGet(43)) - raft.server.watch.element-limit = 65536 (default)
2019-09-10 05:25:23,554 [c940a4b4-485e-4e11-8997-834659c9cdb5@group-415BACA84496:LeaderElection3] INFO  impl.RoleInfo (RoleInfo.java:updateAndGet(143)) - c940a4b4-485e-4e11-8997-834659c9cdb5: start LeaderState
2019-09-10 05:25:23,555 [c940a4b4-485e-4e11-8997-834659c9cdb5@group-415BACA84496:LeaderElection3] INFO  segmented.SegmentedRaftLogWorker (SegmentedRaftLogWorker.java:startLogSegment(380)) - c940a4b4-485e-4e11-8997-834659c9cdb5@group-415BACA84496-SegmentedRaftLogWorker: Starting segment from index:0
2019-09-10 05:25:23,555 [c940a4b4-485e-4e11-8997-834659c9cdb5@group-415BACA84496:LeaderElection3] INFO  impl.RaftServerImpl (ServerState.java:setRaftConf(354)) - c940a4b4-485e-4e11-8997-834659c9cdb5@group-415BACA84496: set configuration 0: [c940a4b4-485e-4e11-8997-834659c9cdb5:192.168.36.76:36668], old=null at 0
2019-09-10 05:25:23,584 [21a56203-c10c-4b41-8de5-65150199fc74@group-21C1D007B266:LeaderElection4] INFO  impl.RoleInfo (RoleInfo.java:updateAndGet(143)) - 21a56203-c10c-4b41-8de5-65150199fc74: start LeaderState
2019-09-10 05:25:23,584 [21a56203-c10c-4b41-8de5-65150199fc74@group-21C1D007B266:LeaderElection4] INFO  segmented.SegmentedRaftLogWorker (SegmentedRaftLogWorker.java:startLogSegment(380)) - 21a56203-c10c-4b41-8de5-65150199fc74@group-21C1D007B266-SegmentedRaftLogWorker: Starting segment from index:0
2019-09-10 05:25:23,584 [21a56203-c10c-4b41-8de5-65150199fc74@group-21C1D007B266:LeaderElection4] INFO  impl.RaftServerImpl (ServerState.java:setRaftConf(354)) - 21a56203-c10c-4b41-8de5-65150199fc74@group-21C1D007B266: set configuration 0: [21a56203-c10c-4b41-8de5-65150199fc74:192.168.36.76:35925], old=null at 0
2019-09-10 05:25:23,624 [c940a4b4-485e-4e11-8997-834659c9cdb5@group-415BACA84496-SegmentedRaftLogWorker] INFO  segmented.SegmentedRaftLogWorker (SegmentedRaftLogWorker.java:execute(569)) - c940a4b4-485e-4e11-8997-834659c9cdb5@group-415BACA84496-SegmentedRaftLogWorker: created new log segment /workdir/hadoop-ozone/integration-test/target/test-dir/MiniOzoneClusterImpl-247e7c78-77b9-484f-b8fa-e1666253ae99/datanode-3/data/ratis/969a87b5-79c0-47ea-a010-415baca84496/current/log_inprogress_0
2019-09-10 05:25:23,637 [21a56203-c10c-4b41-8de5-65150199fc74@group-21C1D007B266-SegmentedRaftLogWorker] INFO  segmented.SegmentedRaftLogWorker (SegmentedRaftLogWorker.java:execute(569)) - 21a56203-c10c-4b41-8de5-65150199fc74@group-21C1D007B266-SegmentedRaftLogWorker: created new log segment /workdir/hadoop-ozone/integration-test/target/test-dir/MiniOzoneClusterImpl-247e7c78-77b9-484f-b8fa-e1666253ae99/datanode-2/data/ratis/6b5963f4-0e05-428e-b2eb-21c1d007b266/current/log_inprogress_0
2019-09-10 05:25:23,708 [Thread-252] INFO  impl.FollowerState (FollowerState.java:run(106)) - 1cdb4630-dc2b-4fec-8a69-17f5c78645cd:group-95E112F9EDC9 changes to CANDIDATE, lastRpcTime:5175, electionTimeout:5175ms
2019-09-10 05:25:23,708 [Thread-252] INFO  impl.RoleInfo (RoleInfo.java:shutdownFollowerState(121)) - 1cdb4630-dc2b-4fec-8a69-17f5c78645cd: shutdown FollowerState
2019-09-10 05:25:23,708 [Thread-252] INFO  impl.RaftServerImpl (RaftServerImpl.java:setRole(174)) - 1cdb4630-dc2b-4fec-8a69-17f5c78645cd@group-95E112F9EDC9: changes role from  FOLLOWER to CANDIDATE at term 0 for changeToCandidate
2019-09-10 05:25:23,708 [Thread-252] INFO  impl.RoleInfo (RoleInfo.java:updateAndGet(143)) - 1cdb4630-dc2b-4fec-8a69-17f5c78645cd: start LeaderElection
2019-09-10 05:25:23,746 [1cdb4630-dc2b-4fec-8a69-17f5c78645cd@group-95E112F9EDC9:LeaderElection5] INFO  impl.LeaderElection (LeaderElection.java:askForVotes(182)) - 1cdb4630-dc2b-4fec-8a69-17f5c78645cd@group-95E112F9EDC9:LeaderElection5: begin an election at term 1 for -1: [1cdb4630-dc2b-4fec-8a69-17f5c78645cd:192.168.36.76:35326], old=null
2019-09-10 05:25:23,746 [1cdb4630-dc2b-4fec-8a69-17f5c78645cd@group-95E112F9EDC9:LeaderElection5] INFO  impl.RoleInfo (RoleInfo.java:shutdownLeaderElection(134)) - 1cdb4630-dc2b-4fec-8a69-17f5c78645cd: shutdown LeaderElection
2019-09-10 05:25:23,747 [1cdb4630-dc2b-4fec-8a69-17f5c78645cd@group-95E112F9EDC9:LeaderElection5] INFO  impl.RaftServerImpl (RaftServerImpl.java:setRole(174)) - 1cdb4630-dc2b-4fec-8a69-17f5c78645cd@group-95E112F9EDC9: changes role from CANDIDATE to LEADER at term 1 for changeToLeader
2019-09-10 05:25:23,747 [1cdb4630-dc2b-4fec-8a69-17f5c78645cd@group-95E112F9EDC9:LeaderElection5] INFO  impl.RaftServerImpl (ServerState.java:setLeader(253)) - 1cdb4630-dc2b-4fec-8a69-17f5c78645cd@group-95E112F9EDC9: change Leader from null to 1cdb4630-dc2b-4fec-8a69-17f5c78645cd at term 1 for becomeLeader, leader elected after 5224ms
2019-09-10 05:25:23,749 [1cdb4630-dc2b-4fec-8a69-17f5c78645cd@group-95E112F9EDC9:LeaderElection5] INFO  server.RaftServerConfigKeys (ConfUtils.java:logGet(43)) - raft.server.staging.catchup.gap = 1000 (default)
2019-09-10 05:25:23,750 [1cdb4630-dc2b-4fec-8a69-17f5c78645cd@group-95E112F9EDC9:LeaderElection5] INFO  server.RaftServerConfigKeys (ConfUtils.java:logGet(43)) - raft.server.rpc.sleep.time = 25ms (default)
2019-09-10 05:25:23,750 [1cdb4630-dc2b-4fec-8a69-17f5c78645cd@group-95E112F9EDC9:LeaderElection5] INFO  server.RaftServerConfigKeys (ConfUtils.java:logGet(43)) - raft.server.write.element-limit = 4096 (default)
2019-09-10 05:25:23,750 [1cdb4630-dc2b-4fec-8a69-17f5c78645cd@group-95E112F9EDC9:LeaderElection5] INFO  server.RaftServerConfigKeys (ConfUtils.java:logGet(43)) - raft.server.watch.timeout = 10s (default)
2019-09-10 05:25:23,750 [1cdb4630-dc2b-4fec-8a69-17f5c78645cd@group-95E112F9EDC9:LeaderElection5] INFO  server.RaftServerConfigKeys (ConfUtils.java:logGet(43)) - raft.server.watch.timeout.denomination = 1s (default)
2019-09-10 05:25:23,750 [1cdb4630-dc2b-4fec-8a69-17f5c78645cd@group-95E112F9EDC9:LeaderElection5] INFO  server.RaftServerConfigKeys (ConfUtils.java:logGet(43)) - raft.server.watch.element-limit = 65536 (default)
2019-09-10 05:25:23,753 [1cdb4630-dc2b-4fec-8a69-17f5c78645cd@group-95E112F9EDC9:LeaderElection5] INFO  impl.RoleInfo (RoleInfo.java:updateAndGet(143)) - 1cdb4630-dc2b-4fec-8a69-17f5c78645cd: start LeaderState
2019-09-10 05:25:23,754 [1cdb4630-dc2b-4fec-8a69-17f5c78645cd@group-95E112F9EDC9:LeaderElection5] INFO  segmented.SegmentedRaftLogWorker (SegmentedRaftLogWorker.java:startLogSegment(380)) - 1cdb4630-dc2b-4fec-8a69-17f5c78645cd@group-95E112F9EDC9-SegmentedRaftLogWorker: Starting segment from index:0
2019-09-10 05:25:23,754 [1cdb4630-dc2b-4fec-8a69-17f5c78645cd@group-95E112F9EDC9:LeaderElection5] INFO  impl.RaftServerImpl (ServerState.java:setRaftConf(354)) - 1cdb4630-dc2b-4fec-8a69-17f5c78645cd@group-95E112F9EDC9: set configuration 0: [1cdb4630-dc2b-4fec-8a69-17f5c78645cd:192.168.36.76:35326], old=null at 0
2019-09-10 05:25:23,785 [Thread-255] INFO  impl.FollowerState (FollowerState.java:run(106)) - cc4a97b8-a721-497f-8d26-8972627a814e:group-0EEABC4D67AF changes to CANDIDATE, lastRpcTime:5096, electionTimeout:5080ms
2019-09-10 05:25:23,786 [Thread-255] INFO  impl.RoleInfo (RoleInfo.java:shutdownFollowerState(121)) - cc4a97b8-a721-497f-8d26-8972627a814e: shutdown FollowerState
2019-09-10 05:25:23,786 [Thread-255] INFO  impl.RaftServerImpl (RaftServerImpl.java:setRole(174)) - cc4a97b8-a721-497f-8d26-8972627a814e@group-0EEABC4D67AF: changes role from  FOLLOWER to CANDIDATE at term 0 for changeToCandidate
2019-09-10 05:25:23,786 [Thread-255] INFO  impl.RoleInfo (RoleInfo.java:updateAndGet(143)) - cc4a97b8-a721-497f-8d26-8972627a814e: start LeaderElection
2019-09-10 05:25:23,798 [1cdb4630-dc2b-4fec-8a69-17f5c78645cd@group-95E112F9EDC9-SegmentedRaftLogWorker] INFO  segmented.SegmentedRaftLogWorker (SegmentedRaftLogWorker.java:execute(569)) - 1cdb4630-dc2b-4fec-8a69-17f5c78645cd@group-95E112F9EDC9-SegmentedRaftLogWorker: created new log segment /workdir/hadoop-ozone/integration-test/target/test-dir/MiniOzoneClusterImpl-247e7c78-77b9-484f-b8fa-e1666253ae99/datanode-5/data/ratis/5bef83bc-0534-4193-af07-95e112f9edc9/current/log_inprogress_0
2019-09-10 05:25:23,798 [cc4a97b8-a721-497f-8d26-8972627a814e@group-0EEABC4D67AF:LeaderElection6] INFO  impl.LeaderElection (LeaderElection.java:askForVotes(182)) - cc4a97b8-a721-497f-8d26-8972627a814e@group-0EEABC4D67AF:LeaderElection6: begin an election at term 1 for -1: [cc4a97b8-a721-497f-8d26-8972627a814e:192.168.36.76:37833], old=null
2019-09-10 05:25:23,799 [cc4a97b8-a721-497f-8d26-8972627a814e@group-0EEABC4D67AF:LeaderElection6] INFO  impl.RoleInfo (RoleInfo.java:shutdownLeaderElection(134)) - cc4a97b8-a721-497f-8d26-8972627a814e: shutdown LeaderElection
2019-09-10 05:25:23,799 [cc4a97b8-a721-497f-8d26-8972627a814e@group-0EEABC4D67AF:LeaderElection6] INFO  impl.RaftServerImpl (RaftServerImpl.java:setRole(174)) - cc4a97b8-a721-497f-8d26-8972627a814e@group-0EEABC4D67AF: changes role from CANDIDATE to LEADER at term 1 for changeToLeader
2019-09-10 05:25:23,799 [cc4a97b8-a721-497f-8d26-8972627a814e@group-0EEABC4D67AF:LeaderElection6] INFO  impl.RaftServerImpl (ServerState.java:setLeader(253)) - cc4a97b8-a721-497f-8d26-8972627a814e@group-0EEABC4D67AF: change Leader from null to cc4a97b8-a721-497f-8d26-8972627a814e at term 1 for becomeLeader, leader elected after 5123ms
2019-09-10 05:25:23,801 [cc4a97b8-a721-497f-8d26-8972627a814e@group-0EEABC4D67AF:LeaderElection6] INFO  server.RaftServerConfigKeys (ConfUtils.java:logGet(43)) - raft.server.staging.catchup.gap = 1000 (default)
2019-09-10 05:25:23,801 [cc4a97b8-a721-497f-8d26-8972627a814e@group-0EEABC4D67AF:LeaderElection6] INFO  server.RaftServerConfigKeys (ConfUtils.java:logGet(43)) - raft.server.rpc.sleep.time = 25ms (default)
2019-09-10 05:25:23,801 [cc4a97b8-a721-497f-8d26-8972627a814e@group-0EEABC4D67AF:LeaderElection6] INFO  server.RaftServerConfigKeys (ConfUtils.java:logGet(43)) - raft.server.write.element-limit = 4096 (default)
2019-09-10 05:25:23,802 [cc4a97b8-a721-497f-8d26-8972627a814e@group-0EEABC4D67AF:LeaderElection6] INFO  server.RaftServerConfigKeys (ConfUtils.java:logGet(43)) - raft.server.watch.timeout = 10s (default)
2019-09-10 05:25:23,802 [cc4a97b8-a721-497f-8d26-8972627a814e@group-0EEABC4D67AF:LeaderElection6] INFO  server.RaftServerConfigKeys (ConfUtils.java:logGet(43)) - raft.server.watch.timeout.denomination = 1s (default)
2019-09-10 05:25:23,802 [cc4a97b8-a721-497f-8d26-8972627a814e@group-0EEABC4D67AF:LeaderElection6] INFO  server.RaftServerConfigKeys (ConfUtils.java:logGet(43)) - raft.server.watch.element-limit = 65536 (default)
2019-09-10 05:25:23,802 [Thread-258] INFO  impl.FollowerState (FollowerState.java:run(106)) - 0833e3a3-907f-4d2e-85bd-ed5ca04a3d34:group-D68FAA1B4BFF changes to CANDIDATE, lastRpcTime:5017, electionTimeout:5017ms
2019-09-10 05:25:23,802 [Thread-258] INFO  impl.RoleInfo (RoleInfo.java:shutdownFollowerState(121)) - 0833e3a3-907f-4d2e-85bd-ed5ca04a3d34: shutdown FollowerState
2019-09-10 05:25:23,802 [Thread-258] INFO  impl.RaftServerImpl (RaftServerImpl.java:setRole(174)) - 0833e3a3-907f-4d2e-85bd-ed5ca04a3d34@group-D68FAA1B4BFF: changes role from  FOLLOWER to CANDIDATE at term 0 for changeToCandidate
2019-09-10 05:25:23,802 [Thread-258] INFO  impl.RoleInfo (RoleInfo.java:updateAndGet(143)) - 0833e3a3-907f-4d2e-85bd-ed5ca04a3d34: start LeaderElection
2019-09-10 05:25:23,809 [cc4a97b8-a721-497f-8d26-8972627a814e@group-0EEABC4D67AF:LeaderElection6] INFO  impl.RoleInfo (RoleInfo.java:updateAndGet(143)) - cc4a97b8-a721-497f-8d26-8972627a814e: start LeaderState
2019-09-10 05:25:23,809 [cc4a97b8-a721-497f-8d26-8972627a814e@group-0EEABC4D67AF:LeaderElection6] INFO  segmented.SegmentedRaftLogWorker (SegmentedRaftLogWorker.java:startLogSegment(380)) - cc4a97b8-a721-497f-8d26-8972627a814e@group-0EEABC4D67AF-SegmentedRaftLogWorker: Starting segment from index:0
2019-09-10 05:25:23,810 [cc4a97b8-a721-497f-8d26-8972627a814e@group-0EEABC4D67AF:LeaderElection6] INFO  impl.RaftServerImpl (ServerState.java:setRaftConf(354)) - cc4a97b8-a721-497f-8d26-8972627a814e@group-0EEABC4D67AF: set configuration 0: [cc4a97b8-a721-497f-8d26-8972627a814e:192.168.36.76:37833], old=null at 0
2019-09-10 05:25:23,839 [0833e3a3-907f-4d2e-85bd-ed5ca04a3d34@group-D68FAA1B4BFF:LeaderElection7] INFO  impl.LeaderElection (LeaderElection.java:askForVotes(182)) - 0833e3a3-907f-4d2e-85bd-ed5ca04a3d34@group-D68FAA1B4BFF:LeaderElection7: begin an election at term 1 for -1: [0833e3a3-907f-4d2e-85bd-ed5ca04a3d34:192.168.36.76:36818], old=null
2019-09-10 05:25:23,839 [0833e3a3-907f-4d2e-85bd-ed5ca04a3d34@group-D68FAA1B4BFF:LeaderElection7] INFO  impl.RoleInfo (RoleInfo.java:shutdownLeaderElection(134)) - 0833e3a3-907f-4d2e-85bd-ed5ca04a3d34: shutdown LeaderElection
2019-09-10 05:25:23,839 [0833e3a3-907f-4d2e-85bd-ed5ca04a3d34@group-D68FAA1B4BFF:LeaderElection7] INFO  impl.RaftServerImpl (RaftServerImpl.java:setRole(174)) - 0833e3a3-907f-4d2e-85bd-ed5ca04a3d34@group-D68FAA1B4BFF: changes role from CANDIDATE to LEADER at term 1 for changeToLeader
2019-09-10 05:25:23,839 [0833e3a3-907f-4d2e-85bd-ed5ca04a3d34@group-D68FAA1B4BFF:LeaderElection7] INFO  impl.RaftServerImpl (ServerState.java:setLeader(253)) - 0833e3a3-907f-4d2e-85bd-ed5ca04a3d34@group-D68FAA1B4BFF: change Leader from null to 0833e3a3-907f-4d2e-85bd-ed5ca04a3d34 at term 1 for becomeLeader, leader elected after 5066ms
2019-09-10 05:25:23,841 [0833e3a3-907f-4d2e-85bd-ed5ca04a3d34@group-D68FAA1B4BFF:LeaderElection7] INFO  server.RaftServerConfigKeys (ConfUtils.java:logGet(43)) - raft.server.staging.catchup.gap = 1000 (default)
2019-09-10 05:25:23,842 [0833e3a3-907f-4d2e-85bd-ed5ca04a3d34@group-D68FAA1B4BFF:LeaderElection7] INFO  server.RaftServerConfigKeys (ConfUtils.java:logGet(43)) - raft.server.rpc.sleep.time = 25ms (default)
2019-09-10 05:25:23,842 [0833e3a3-907f-4d2e-85bd-ed5ca04a3d34@group-D68FAA1B4BFF:LeaderElection7] INFO  server.RaftServerConfigKeys (ConfUtils.java:logGet(43)) - raft.server.write.element-limit = 4096 (default)
2019-09-10 05:25:23,842 [0833e3a3-907f-4d2e-85bd-ed5ca04a3d34@group-D68FAA1B4BFF:LeaderElection7] INFO  server.RaftServerConfigKeys (ConfUtils.java:logGet(43)) - raft.server.watch.timeout = 10s (default)
2019-09-10 05:25:23,842 [0833e3a3-907f-4d2e-85bd-ed5ca04a3d34@group-D68FAA1B4BFF:LeaderElection7] INFO  server.RaftServerConfigKeys (ConfUtils.java:logGet(43)) - raft.server.watch.timeout.denomination = 1s (default)
2019-09-10 05:25:23,842 [0833e3a3-907f-4d2e-85bd-ed5ca04a3d34@group-D68FAA1B4BFF:LeaderElection7] INFO  server.RaftServerConfigKeys (ConfUtils.java:logGet(43)) - raft.server.watch.element-limit = 65536 (default)
2019-09-10 05:25:23,846 [0833e3a3-907f-4d2e-85bd-ed5ca04a3d34@group-D68FAA1B4BFF:LeaderElection7] INFO  impl.RoleInfo (RoleInfo.java:updateAndGet(143)) - 0833e3a3-907f-4d2e-85bd-ed5ca04a3d34: start LeaderState
2019-09-10 05:25:23,846 [0833e3a3-907f-4d2e-85bd-ed5ca04a3d34@group-D68FAA1B4BFF:LeaderElection7] INFO  segmented.SegmentedRaftLogWorker (SegmentedRaftLogWorker.java:startLogSegment(380)) - 0833e3a3-907f-4d2e-85bd-ed5ca04a3d34@group-D68FAA1B4BFF-SegmentedRaftLogWorker: Starting segment from index:0
2019-09-10 05:25:23,847 [0833e3a3-907f-4d2e-85bd-ed5ca04a3d34@group-D68FAA1B4BFF:LeaderElection7] INFO  impl.RaftServerImpl (ServerState.java:setRaftConf(354)) - 0833e3a3-907f-4d2e-85bd-ed5ca04a3d34@group-D68FAA1B4BFF: set configuration 0: [0833e3a3-907f-4d2e-85bd-ed5ca04a3d34:192.168.36.76:36818], old=null at 0
2019-09-10 05:25:23,873 [cc4a97b8-a721-497f-8d26-8972627a814e@group-0EEABC4D67AF-SegmentedRaftLogWorker] INFO  segmented.SegmentedRaftLogWorker (SegmentedRaftLogWorker.java:execute(569)) - cc4a97b8-a721-497f-8d26-8972627a814e@group-0EEABC4D67AF-SegmentedRaftLogWorker: created new log segment /workdir/hadoop-ozone/integration-test/target/test-dir/MiniOzoneClusterImpl-247e7c78-77b9-484f-b8fa-e1666253ae99/datanode-4/data/ratis/608f1d75-2f51-42c0-a08d-0eeabc4d67af/current/log_inprogress_0
2019-09-10 05:25:23,886 [0833e3a3-907f-4d2e-85bd-ed5ca04a3d34@group-D68FAA1B4BFF-SegmentedRaftLogWorker] INFO  segmented.SegmentedRaftLogWorker (SegmentedRaftLogWorker.java:execute(569)) - 0833e3a3-907f-4d2e-85bd-ed5ca04a3d34@group-D68FAA1B4BFF-SegmentedRaftLogWorker: created new log segment /workdir/hadoop-ozone/integration-test/target/test-dir/MiniOzoneClusterImpl-247e7c78-77b9-484f-b8fa-e1666253ae99/datanode-1/data/ratis/a5c0f13b-71d7-4535-a74a-d68faa1b4bff/current/log_inprogress_0
2019-09-10 05:25:23,944 [Thread-267] INFO  impl.FollowerState (FollowerState.java:run(106)) - c940a4b4-485e-4e11-8997-834659c9cdb5:group-54C1314FC144 changes to CANDIDATE, lastRpcTime:5029, electionTimeout:5029ms
2019-09-10 05:25:23,944 [Thread-267] INFO  impl.RoleInfo (RoleInfo.java:shutdownFollowerState(121)) - c940a4b4-485e-4e11-8997-834659c9cdb5: shutdown FollowerState
2019-09-10 05:25:23,944 [Thread-267] INFO  impl.RaftServerImpl (RaftServerImpl.java:setRole(174)) - c940a4b4-485e-4e11-8997-834659c9cdb5@group-54C1314FC144: changes role from  FOLLOWER to CANDIDATE at term 0 for changeToCandidate
2019-09-10 05:25:23,945 [Thread-267] INFO  impl.RoleInfo (RoleInfo.java:updateAndGet(143)) - c940a4b4-485e-4e11-8997-834659c9cdb5: start LeaderElection
2019-09-10 05:25:23,964 [c940a4b4-485e-4e11-8997-834659c9cdb5@group-54C1314FC144:LeaderElection8] INFO  impl.LeaderElection (LeaderElection.java:askForVotes(182)) - c940a4b4-485e-4e11-8997-834659c9cdb5@group-54C1314FC144:LeaderElection8: begin an election at term 1 for -1: [5548a24b-0164-4a3c-aa99-cd6a6c4e8a22:192.168.36.76:43139, 21a56203-c10c-4b41-8de5-65150199fc74:192.168.36.76:35925, c940a4b4-485e-4e11-8997-834659c9cdb5:192.168.36.76:36668], old=null
2019-09-10 05:25:23,992 [grpc-default-executor-2] INFO  impl.RaftServerImpl (RaftServerImpl.java:setRole(174)) - 5548a24b-0164-4a3c-aa99-cd6a6c4e8a22@group-54C1314FC144: changes role from  FOLLOWER to FOLLOWER at term 1 for recognizeCandidate:c940a4b4-485e-4e11-8997-834659c9cdb5
2019-09-10 05:25:23,992 [grpc-default-executor-1] INFO  impl.RaftServerImpl (RaftServerImpl.java:setRole(174)) - 21a56203-c10c-4b41-8de5-65150199fc74@group-54C1314FC144: changes role from  FOLLOWER to FOLLOWER at term 1 for recognizeCandidate:c940a4b4-485e-4e11-8997-834659c9cdb5
2019-09-10 05:25:23,993 [grpc-default-executor-2] INFO  impl.RoleInfo (RoleInfo.java:shutdownFollowerState(121)) - 5548a24b-0164-4a3c-aa99-cd6a6c4e8a22: shutdown FollowerState
2019-09-10 05:25:23,993 [grpc-default-executor-1] INFO  impl.RoleInfo (RoleInfo.java:shutdownFollowerState(121)) - 21a56203-c10c-4b41-8de5-65150199fc74: shutdown FollowerState
2019-09-10 05:25:23,993 [grpc-default-executor-2] INFO  impl.RoleInfo (RoleInfo.java:updateAndGet(143)) - 5548a24b-0164-4a3c-aa99-cd6a6c4e8a22: start FollowerState
2019-09-10 05:25:23,993 [grpc-default-executor-1] INFO  impl.RoleInfo (RoleInfo.java:updateAndGet(143)) - 21a56203-c10c-4b41-8de5-65150199fc74: start FollowerState
2019-09-10 05:25:23,993 [Thread-265] INFO  impl.FollowerState (FollowerState.java:run(115)) - 5548a24b-0164-4a3c-aa99-cd6a6c4e8a22: FollowerState was interrupted: java.lang.InterruptedException: sleep interrupted
2019-09-10 05:25:23,993 [Thread-263] INFO  impl.FollowerState (FollowerState.java:run(115)) - 21a56203-c10c-4b41-8de5-65150199fc74: FollowerState was interrupted: java.lang.InterruptedException: sleep interrupted
2019-09-10 05:25:24,021 [c940a4b4-485e-4e11-8997-834659c9cdb5@group-54C1314FC144:LeaderElection8] INFO  impl.LeaderElection (LeaderElection.java:logAndReturn(56)) - c940a4b4-485e-4e11-8997-834659c9cdb5@group-54C1314FC144:LeaderElection8: Election PASSED; received 1 response(s) [c940a4b4-485e-4e11-8997-834659c9cdb5<-21a56203-c10c-4b41-8de5-65150199fc74#0:OK-t1] and 0 exception(s); c940a4b4-485e-4e11-8997-834659c9cdb5@group-54C1314FC144:t1, leader=null, voted=c940a4b4-485e-4e11-8997-834659c9cdb5, raftlog=c940a4b4-485e-4e11-8997-834659c9cdb5@group-54C1314FC144-SegmentedRaftLog:OPENED:c-1,f-1,i0, conf=-1: [5548a24b-0164-4a3c-aa99-cd6a6c4e8a22:192.168.36.76:43139, 21a56203-c10c-4b41-8de5-65150199fc74:192.168.36.76:35925, c940a4b4-485e-4e11-8997-834659c9cdb5:192.168.36.76:36668], old=null
2019-09-10 05:25:24,022 [c940a4b4-485e-4e11-8997-834659c9cdb5@group-54C1314FC144:LeaderElection8] INFO  impl.RoleInfo (RoleInfo.java:shutdownLeaderElection(134)) - c940a4b4-485e-4e11-8997-834659c9cdb5: shutdown LeaderElection
2019-09-10 05:25:24,023 [c940a4b4-485e-4e11-8997-834659c9cdb5@group-54C1314FC144:LeaderElection8] INFO  impl.RaftServerImpl (RaftServerImpl.java:setRole(174)) - c940a4b4-485e-4e11-8997-834659c9cdb5@group-54C1314FC144: changes role from CANDIDATE to LEADER at term 1 for changeToLeader
2019-09-10 05:25:24,024 [c940a4b4-485e-4e11-8997-834659c9cdb5@group-54C1314FC144:LeaderElection8] INFO  impl.RaftServerImpl (ServerState.java:setLeader(253)) - c940a4b4-485e-4e11-8997-834659c9cdb5@group-54C1314FC144: change Leader from null to c940a4b4-485e-4e11-8997-834659c9cdb5 at term 1 for becomeLeader, leader elected after 5127ms
2019-09-10 05:25:24,024 [c940a4b4-485e-4e11-8997-834659c9cdb5@group-54C1314FC144:LeaderElection8] INFO  server.RaftServerConfigKeys (ConfUtils.java:logGet(43)) - raft.server.staging.catchup.gap = 1000 (default)
2019-09-10 05:25:24,024 [c940a4b4-485e-4e11-8997-834659c9cdb5@group-54C1314FC144:LeaderElection8] INFO  server.RaftServerConfigKeys (ConfUtils.java:logGet(43)) - raft.server.rpc.sleep.time = 25ms (default)
2019-09-10 05:25:24,024 [c940a4b4-485e-4e11-8997-834659c9cdb5@group-54C1314FC144:LeaderElection8] INFO  server.RaftServerConfigKeys (ConfUtils.java:logGet(43)) - raft.server.write.element-limit = 4096 (default)
2019-09-10 05:25:24,024 [c940a4b4-485e-4e11-8997-834659c9cdb5@group-54C1314FC144:LeaderElection8] INFO  server.RaftServerConfigKeys (ConfUtils.java:logGet(43)) - raft.server.watch.timeout = 10s (default)
2019-09-10 05:25:24,025 [c940a4b4-485e-4e11-8997-834659c9cdb5@group-54C1314FC144:LeaderElection8] INFO  server.RaftServerConfigKeys (ConfUtils.java:logGet(43)) - raft.server.watch.timeout.denomination = 1s (default)
2019-09-10 05:25:24,025 [c940a4b4-485e-4e11-8997-834659c9cdb5@group-54C1314FC144:LeaderElection8] INFO  server.RaftServerConfigKeys (ConfUtils.java:logGet(43)) - raft.server.watch.element-limit = 65536 (default)
2019-09-10 05:25:24,031 [c940a4b4-485e-4e11-8997-834659c9cdb5@group-54C1314FC144:LeaderElection8] INFO  server.RaftServerConfigKeys (ConfUtils.java:logGet(43)) - raft.server.log.appender.snapshot.chunk.size.max = 16MB (=16777216) (default)
2019-09-10 05:25:24,031 [c940a4b4-485e-4e11-8997-834659c9cdb5@group-54C1314FC144:LeaderElection8] INFO  server.RaftServerConfigKeys (ConfUtils.java:logGet(43)) - raft.server.log.appender.buffer.byte-limit = 33554432 (custom)
2019-09-10 05:25:24,032 [c940a4b4-485e-4e11-8997-834659c9cdb5@group-54C1314FC144:LeaderElection8] INFO  server.RaftServerConfigKeys (ConfUtils.java:logGet(43)) - raft.server.log.appender.buffer.element-limit = 1 (custom)
2019-09-10 05:25:24,036 [c940a4b4-485e-4e11-8997-834659c9cdb5@group-54C1314FC144:LeaderElection8] INFO  grpc.GrpcConfigKeys$Server (ConfUtils.java:logGet(43)) - raft.grpc.server.leader.outstanding.appends.max = 128 (default)
2019-09-10 05:25:24,037 [c940a4b4-485e-4e11-8997-834659c9cdb5@group-54C1314FC144:LeaderElection8] INFO  server.RaftServerConfigKeys (ConfUtils.java:logGet(43)) - raft.server.rpc.request.timeout = 3000ms (default)
2019-09-10 05:25:24,037 [c940a4b4-485e-4e11-8997-834659c9cdb5@group-54C1314FC144:LeaderElection8] INFO  server.RaftServerConfigKeys (ConfUtils.java:logGet(43)) - raft.server.log.appender.install.snapshot.enabled = false (custom)
2019-09-10 05:25:24,038 [c940a4b4-485e-4e11-8997-834659c9cdb5@group-54C1314FC144:LeaderElection8] INFO  server.RaftServerConfigKeys (ConfUtils.java:logGet(43)) - raft.server.log.appender.snapshot.chunk.size.max = 16MB (=16777216) (default)
2019-09-10 05:25:24,038 [c940a4b4-485e-4e11-8997-834659c9cdb5@group-54C1314FC144:LeaderElection8] INFO  server.RaftServerConfigKeys (ConfUtils.java:logGet(43)) - raft.server.log.appender.buffer.byte-limit = 33554432 (custom)
2019-09-10 05:25:24,038 [c940a4b4-485e-4e11-8997-834659c9cdb5@group-54C1314FC144:LeaderElection8] INFO  server.RaftServerConfigKeys (ConfUtils.java:logGet(43)) - raft.server.log.appender.buffer.element-limit = 1 (custom)
2019-09-10 05:25:24,039 [c940a4b4-485e-4e11-8997-834659c9cdb5@group-54C1314FC144:LeaderElection8] INFO  grpc.GrpcConfigKeys$Server (ConfUtils.java:logGet(43)) - raft.grpc.server.leader.outstanding.appends.max = 128 (default)
2019-09-10 05:25:24,039 [c940a4b4-485e-4e11-8997-834659c9cdb5@group-54C1314FC144:LeaderElection8] INFO  server.RaftServerConfigKeys (ConfUtils.java:logGet(43)) - raft.server.rpc.request.timeout = 3000ms (default)
2019-09-10 05:25:24,039 [c940a4b4-485e-4e11-8997-834659c9cdb5@group-54C1314FC144:LeaderElection8] INFO  server.RaftServerConfigKeys (ConfUtils.java:logGet(43)) - raft.server.log.appender.install.snapshot.enabled = false (custom)
2019-09-10 05:25:24,041 [c940a4b4-485e-4e11-8997-834659c9cdb5@group-54C1314FC144:LeaderElection8] INFO  impl.RoleInfo (RoleInfo.java:updateAndGet(143)) - c940a4b4-485e-4e11-8997-834659c9cdb5: start LeaderState
2019-09-10 05:25:24,041 [c940a4b4-485e-4e11-8997-834659c9cdb5@group-54C1314FC144:LeaderElection8] INFO  segmented.SegmentedRaftLogWorker (SegmentedRaftLogWorker.java:startLogSegment(380)) - c940a4b4-485e-4e11-8997-834659c9cdb5@group-54C1314FC144-SegmentedRaftLogWorker: Starting segment from index:0
2019-09-10 05:25:24,042 [c940a4b4-485e-4e11-8997-834659c9cdb5@group-54C1314FC144:LeaderElection8] INFO  impl.RaftServerImpl (ServerState.java:setRaftConf(354)) - c940a4b4-485e-4e11-8997-834659c9cdb5@group-54C1314FC144: set configuration 0: [5548a24b-0164-4a3c-aa99-cd6a6c4e8a22:192.168.36.76:43139, 21a56203-c10c-4b41-8de5-65150199fc74:192.168.36.76:35925, c940a4b4-485e-4e11-8997-834659c9cdb5:192.168.36.76:36668], old=null at 0
2019-09-10 05:25:24,081 [c940a4b4-485e-4e11-8997-834659c9cdb5@group-54C1314FC144-SegmentedRaftLogWorker] INFO  segmented.SegmentedRaftLogWorker (SegmentedRaftLogWorker.java:execute(569)) - c940a4b4-485e-4e11-8997-834659c9cdb5@group-54C1314FC144-SegmentedRaftLogWorker: created new log segment /workdir/hadoop-ozone/integration-test/target/test-dir/MiniOzoneClusterImpl-247e7c78-77b9-484f-b8fa-e1666253ae99/datanode-3/data/ratis/e3719c53-3e3e-4e9c-9443-54c1314fc144/current/log_inprogress_0
2019-09-10 05:25:24,090 [grpc-default-executor-1] INFO  impl.RaftServerImpl (ServerState.java:setLeader(253)) - 21a56203-c10c-4b41-8de5-65150199fc74@group-54C1314FC144: change Leader from null to c940a4b4-485e-4e11-8997-834659c9cdb5 at term 1 for appendEntries, leader elected after 5194ms
2019-09-10 05:25:24,094 [grpc-default-executor-2] INFO  impl.RaftServerImpl (ServerState.java:setLeader(253)) - 5548a24b-0164-4a3c-aa99-cd6a6c4e8a22@group-54C1314FC144: change Leader from null to c940a4b4-485e-4e11-8997-834659c9cdb5 at term 1 for appendEntries, leader elected after 5198ms
2019-09-10 05:25:24,101 [Thread-274] INFO  impl.FollowerState (FollowerState.java:run(106)) - 9ef1702c-ece5-4ac9-b96a-b31858c3d219:group-31F335587F71 changes to CANDIDATE, lastRpcTime:5016, electionTimeout:5014ms
2019-09-10 05:25:24,101 [Thread-274] INFO  impl.RoleInfo (RoleInfo.java:shutdownFollowerState(121)) - 9ef1702c-ece5-4ac9-b96a-b31858c3d219: shutdown FollowerState
2019-09-10 05:25:24,102 [Thread-274] INFO  impl.RaftServerImpl (RaftServerImpl.java:setRole(174)) - 9ef1702c-ece5-4ac9-b96a-b31858c3d219@group-31F335587F71: changes role from  FOLLOWER to CANDIDATE at term 0 for changeToCandidate
2019-09-10 05:25:24,105 [Thread-274] INFO  impl.RoleInfo (RoleInfo.java:updateAndGet(143)) - 9ef1702c-ece5-4ac9-b96a-b31858c3d219: start LeaderElection
2019-09-10 05:25:24,121 [9ef1702c-ece5-4ac9-b96a-b31858c3d219@group-31F335587F71:LeaderElection9] INFO  impl.LeaderElection (LeaderElection.java:askForVotes(182)) - 9ef1702c-ece5-4ac9-b96a-b31858c3d219@group-31F335587F71:LeaderElection9: begin an election at term 1 for -1: [cc4a97b8-a721-497f-8d26-8972627a814e:192.168.36.76:37833, 9ef1702c-ece5-4ac9-b96a-b31858c3d219:192.168.36.76:38409, 1cdb4630-dc2b-4fec-8a69-17f5c78645cd:192.168.36.76:35326], old=null
2019-09-10 05:25:24,137 [Thread-276] INFO  impl.FollowerState (FollowerState.java:run(106)) - cc4a97b8-a721-497f-8d26-8972627a814e:group-31F335587F71 changes to CANDIDATE, lastRpcTime:5051, electionTimeout:5049ms
2019-09-10 05:25:24,137 [Thread-276] INFO  impl.RoleInfo (RoleInfo.java:shutdownFollowerState(121)) - cc4a97b8-a721-497f-8d26-8972627a814e: shutdown FollowerState
2019-09-10 05:25:24,137 [Thread-276] INFO  impl.RaftServerImpl (RaftServerImpl.java:setRole(174)) - cc4a97b8-a721-497f-8d26-8972627a814e@group-31F335587F71: changes role from  FOLLOWER to CANDIDATE at term 0 for changeToCandidate
2019-09-10 05:25:24,138 [Thread-276] INFO  impl.RoleInfo (RoleInfo.java:updateAndGet(143)) - cc4a97b8-a721-497f-8d26-8972627a814e: start LeaderElection
2019-09-10 05:25:24,153 [grpc-default-executor-3] INFO  impl.RaftServerImpl (RaftServerImpl.java:setRole(174)) - 1cdb4630-dc2b-4fec-8a69-17f5c78645cd@group-31F335587F71: changes role from  FOLLOWER to FOLLOWER at term 1 for recognizeCandidate:9ef1702c-ece5-4ac9-b96a-b31858c3d219
2019-09-10 05:25:24,153 [grpc-default-executor-3] INFO  impl.RoleInfo (RoleInfo.java:shutdownFollowerState(121)) - 1cdb4630-dc2b-4fec-8a69-17f5c78645cd: shutdown FollowerState
2019-09-10 05:25:24,154 [grpc-default-executor-3] INFO  impl.RoleInfo (RoleInfo.java:updateAndGet(143)) - 1cdb4630-dc2b-4fec-8a69-17f5c78645cd: start FollowerState
2019-09-10 05:25:24,154 [Thread-273] INFO  impl.FollowerState (FollowerState.java:run(115)) - 1cdb4630-dc2b-4fec-8a69-17f5c78645cd: FollowerState was interrupted: java.lang.InterruptedException: sleep interrupted
2019-09-10 05:25:24,156 [grpc-default-executor-2] INFO  impl.RaftServerImpl (ServerState.java:setRaftConf(354)) - 21a56203-c10c-4b41-8de5-65150199fc74@group-54C1314FC144: set configuration 0: [5548a24b-0164-4a3c-aa99-cd6a6c4e8a22:192.168.36.76:43139, 21a56203-c10c-4b41-8de5-65150199fc74:192.168.36.76:35925, c940a4b4-485e-4e11-8997-834659c9cdb5:192.168.36.76:36668], old=null at 0
2019-09-10 05:25:24,156 [grpc-default-executor-1] INFO  impl.RaftServerImpl (ServerState.java:setRaftConf(354)) - 5548a24b-0164-4a3c-aa99-cd6a6c4e8a22@group-54C1314FC144: set configuration 0: [5548a24b-0164-4a3c-aa99-cd6a6c4e8a22:192.168.36.76:43139, 21a56203-c10c-4b41-8de5-65150199fc74:192.168.36.76:35925, c940a4b4-485e-4e11-8997-834659c9cdb5:192.168.36.76:36668], old=null at 0
2019-09-10 05:25:24,156 [grpc-default-executor-2] INFO  segmented.SegmentedRaftLogWorker (SegmentedRaftLogWorker.java:startLogSegment(380)) - 21a56203-c10c-4b41-8de5-65150199fc74@group-54C1314FC144-SegmentedRaftLogWorker: Starting segment from index:0
2019-09-10 05:25:24,157 [grpc-default-executor-1] INFO  segmented.SegmentedRaftLogWorker (SegmentedRaftLogWorker.java:startLogSegment(380)) - 5548a24b-0164-4a3c-aa99-cd6a6c4e8a22@group-54C1314FC144-SegmentedRaftLogWorker: Starting segment from index:0
2019-09-10 05:25:24,192 [cc4a97b8-a721-497f-8d26-8972627a814e@group-31F335587F71:LeaderElection10] INFO  impl.LeaderElection (LeaderElection.java:askForVotes(182)) - cc4a97b8-a721-497f-8d26-8972627a814e@group-31F335587F71:LeaderElection10: begin an election at term 1 for -1: [cc4a97b8-a721-497f-8d26-8972627a814e:192.168.36.76:37833, 9ef1702c-ece5-4ac9-b96a-b31858c3d219:192.168.36.76:38409, 1cdb4630-dc2b-4fec-8a69-17f5c78645cd:192.168.36.76:35326], old=null
2019-09-10 05:25:24,203 [9ef1702c-ece5-4ac9-b96a-b31858c3d219@group-31F335587F71:LeaderElection9] INFO  impl.LeaderElection (LeaderElection.java:logAndReturn(56)) - 9ef1702c-ece5-4ac9-b96a-b31858c3d219@group-31F335587F71:LeaderElection9: Election PASSED; received 1 response(s) [9ef1702c-ece5-4ac9-b96a-b31858c3d219<-1cdb4630-dc2b-4fec-8a69-17f5c78645cd#0:OK-t1] and 0 exception(s); 9ef1702c-ece5-4ac9-b96a-b31858c3d219@group-31F335587F71:t1, leader=null, voted=9ef1702c-ece5-4ac9-b96a-b31858c3d219, raftlog=9ef1702c-ece5-4ac9-b96a-b31858c3d219@group-31F335587F71-SegmentedRaftLog:OPENED:c-1,f-1,i0, conf=-1: [cc4a97b8-a721-497f-8d26-8972627a814e:192.168.36.76:37833, 9ef1702c-ece5-4ac9-b96a-b31858c3d219:192.168.36.76:38409, 1cdb4630-dc2b-4fec-8a69-17f5c78645cd:192.168.36.76:35326], old=null
2019-09-10 05:25:24,203 [9ef1702c-ece5-4ac9-b96a-b31858c3d219@group-31F335587F71:LeaderElection9] INFO  impl.RoleInfo (RoleInfo.java:shutdownLeaderElection(134)) - 9ef1702c-ece5-4ac9-b96a-b31858c3d219: shutdown LeaderElection
2019-09-10 05:25:24,206 [9ef1702c-ece5-4ac9-b96a-b31858c3d219@group-31F335587F71:LeaderElection9] INFO  impl.RaftServerImpl (RaftServerImpl.java:setRole(174)) - 9ef1702c-ece5-4ac9-b96a-b31858c3d219@group-31F335587F71: changes role from CANDIDATE to LEADER at term 1 for changeToLeader
2019-09-10 05:25:24,206 [21a56203-c10c-4b41-8de5-65150199fc74@group-54C1314FC144-SegmentedRaftLogWorker] INFO  segmented.SegmentedRaftLogWorker (SegmentedRaftLogWorker.java:execute(569)) - 21a56203-c10c-4b41-8de5-65150199fc74@group-54C1314FC144-SegmentedRaftLogWorker: created new log segment /workdir/hadoop-ozone/integration-test/target/test-dir/MiniOzoneClusterImpl-247e7c78-77b9-484f-b8fa-e1666253ae99/datanode-2/data/ratis/e3719c53-3e3e-4e9c-9443-54c1314fc144/current/log_inprogress_0
2019-09-10 05:25:24,206 [9ef1702c-ece5-4ac9-b96a-b31858c3d219@group-31F335587F71:LeaderElection9] INFO  impl.RaftServerImpl (ServerState.java:setLeader(253)) - 9ef1702c-ece5-4ac9-b96a-b31858c3d219@group-31F335587F71: change Leader from null to 9ef1702c-ece5-4ac9-b96a-b31858c3d219 at term 1 for becomeLeader, leader elected after 5140ms
2019-09-10 05:25:24,206 [5548a24b-0164-4a3c-aa99-cd6a6c4e8a22@group-54C1314FC144-SegmentedRaftLogWorker] INFO  segmented.SegmentedRaftLogWorker (SegmentedRaftLogWorker.java:execute(569)) - 5548a24b-0164-4a3c-aa99-cd6a6c4e8a22@group-54C1314FC144-SegmentedRaftLogWorker: created new log segment /workdir/hadoop-ozone/integration-test/target/test-dir/MiniOzoneClusterImpl-247e7c78-77b9-484f-b8fa-e1666253ae99/datanode-6/data/ratis/e3719c53-3e3e-4e9c-9443-54c1314fc144/current/log_inprogress_0
2019-09-10 05:25:24,208 [9ef1702c-ece5-4ac9-b96a-b31858c3d219@group-31F335587F71:LeaderElection9] INFO  server.RaftServerConfigKeys (ConfUtils.java:logGet(43)) - raft.server.staging.catchup.gap = 1000 (default)
2019-09-10 05:25:24,208 [9ef1702c-ece5-4ac9-b96a-b31858c3d219@group-31F335587F71:LeaderElection9] INFO  server.RaftServerConfigKeys (ConfUtils.java:logGet(43)) - raft.server.rpc.sleep.time = 25ms (default)
2019-09-10 05:25:24,208 [9ef1702c-ece5-4ac9-b96a-b31858c3d219@group-31F335587F71:LeaderElection9] INFO  server.RaftServerConfigKeys (ConfUtils.java:logGet(43)) - raft.server.write.element-limit = 4096 (default)
2019-09-10 05:25:24,208 [9ef1702c-ece5-4ac9-b96a-b31858c3d219@group-31F335587F71:LeaderElection9] INFO  server.RaftServerConfigKeys (ConfUtils.java:logGet(43)) - raft.server.watch.timeout = 10s (default)
2019-09-10 05:25:24,208 [9ef1702c-ece5-4ac9-b96a-b31858c3d219@group-31F335587F71:LeaderElection9] INFO  server.RaftServerConfigKeys (ConfUtils.java:logGet(43)) - raft.server.watch.timeout.denomination = 1s (default)
2019-09-10 05:25:24,209 [9ef1702c-ece5-4ac9-b96a-b31858c3d219@group-31F335587F71:LeaderElection9] INFO  server.RaftServerConfigKeys (ConfUtils.java:logGet(43)) - raft.server.watch.element-limit = 65536 (default)
2019-09-10 05:25:24,215 [9ef1702c-ece5-4ac9-b96a-b31858c3d219@group-31F335587F71:LeaderElection9] INFO  server.RaftServerConfigKeys (ConfUtils.java:logGet(43)) - raft.server.log.appender.snapshot.chunk.size.max = 16MB (=16777216) (default)
2019-09-10 05:25:24,216 [9ef1702c-ece5-4ac9-b96a-b31858c3d219@group-31F335587F71:LeaderElection9] INFO  server.RaftServerConfigKeys (ConfUtils.java:logGet(43)) - raft.server.log.appender.buffer.byte-limit = 33554432 (custom)
2019-09-10 05:25:24,216 [9ef1702c-ece5-4ac9-b96a-b31858c3d219@group-31F335587F71:LeaderElection9] INFO  server.RaftServerConfigKeys (ConfUtils.java:logGet(43)) - raft.server.log.appender.buffer.element-limit = 1 (custom)
2019-09-10 05:25:24,217 [9ef1702c-ece5-4ac9-b96a-b31858c3d219@group-31F335587F71:LeaderElection9] INFO  grpc.GrpcConfigKeys$Server (ConfUtils.java:logGet(43)) - raft.grpc.server.leader.outstanding.appends.max = 128 (default)
2019-09-10 05:25:24,218 [9ef1702c-ece5-4ac9-b96a-b31858c3d219@group-31F335587F71:LeaderElection9] INFO  server.RaftServerConfigKeys (ConfUtils.java:logGet(43)) - raft.server.rpc.request.timeout = 3000ms (default)
2019-09-10 05:25:24,218 [9ef1702c-ece5-4ac9-b96a-b31858c3d219@group-31F335587F71:LeaderElection9] INFO  server.RaftServerConfigKeys (ConfUtils.java:logGet(43)) - raft.server.log.appender.install.snapshot.enabled = false (custom)
2019-09-10 05:25:24,218 [9ef1702c-ece5-4ac9-b96a-b31858c3d219@group-31F335587F71:LeaderElection9] INFO  server.RaftServerConfigKeys (ConfUtils.java:logGet(43)) - raft.server.log.appender.snapshot.chunk.size.max = 16MB (=16777216) (default)
2019-09-10 05:25:24,218 [9ef1702c-ece5-4ac9-b96a-b31858c3d219@group-31F335587F71:LeaderElection9] INFO  server.RaftServerConfigKeys (ConfUtils.java:logGet(43)) - raft.server.log.appender.buffer.byte-limit = 33554432 (custom)
2019-09-10 05:25:24,219 [9ef1702c-ece5-4ac9-b96a-b31858c3d219@group-31F335587F71:LeaderElection9] INFO  server.RaftServerConfigKeys (ConfUtils.java:logGet(43)) - raft.server.log.appender.buffer.element-limit = 1 (custom)
2019-09-10 05:25:24,219 [9ef1702c-ece5-4ac9-b96a-b31858c3d219@group-31F335587F71:LeaderElection9] INFO  grpc.GrpcConfigKeys$Server (ConfUtils.java:logGet(43)) - raft.grpc.server.leader.outstanding.appends.max = 128 (default)
2019-09-10 05:25:24,219 [9ef1702c-ece5-4ac9-b96a-b31858c3d219@group-31F335587F71:LeaderElection9] INFO  server.RaftServerConfigKeys (ConfUtils.java:logGet(43)) - raft.server.rpc.request.timeout = 3000ms (default)
2019-09-10 05:25:24,219 [9ef1702c-ece5-4ac9-b96a-b31858c3d219@group-31F335587F71:LeaderElection9] INFO  server.RaftServerConfigKeys (ConfUtils.java:logGet(43)) - raft.server.log.appender.install.snapshot.enabled = false (custom)
2019-09-10 05:25:24,220 [9ef1702c-ece5-4ac9-b96a-b31858c3d219@group-31F335587F71:LeaderElection9] INFO  impl.RoleInfo (RoleInfo.java:updateAndGet(143)) - 9ef1702c-ece5-4ac9-b96a-b31858c3d219: start LeaderState
2019-09-10 05:25:24,220 [9ef1702c-ece5-4ac9-b96a-b31858c3d219@group-31F335587F71:LeaderElection9] INFO  segmented.SegmentedRaftLogWorker (SegmentedRaftLogWorker.java:startLogSegment(380)) - 9ef1702c-ece5-4ac9-b96a-b31858c3d219@group-31F335587F71-SegmentedRaftLogWorker: Starting segment from index:0
2019-09-10 05:25:24,221 [9ef1702c-ece5-4ac9-b96a-b31858c3d219@group-31F335587F71:LeaderElection9] INFO  impl.RaftServerImpl (ServerState.java:setRaftConf(354)) - 9ef1702c-ece5-4ac9-b96a-b31858c3d219@group-31F335587F71: set configuration 0: [cc4a97b8-a721-497f-8d26-8972627a814e:192.168.36.76:37833, 9ef1702c-ece5-4ac9-b96a-b31858c3d219:192.168.36.76:38409, 1cdb4630-dc2b-4fec-8a69-17f5c78645cd:192.168.36.76:35326], old=null at 0
2019-09-10 05:25:24,255 [grpc-default-executor-0] INFO  impl.RaftServerImpl (RaftServerImpl.java:requestVote(758)) - 9ef1702c-ece5-4ac9-b96a-b31858c3d219@group-31F335587F71-   LEADER: Withhold vote from candidate cc4a97b8-a721-497f-8d26-8972627a814e with term 1. State: leader=9ef1702c-ece5-4ac9-b96a-b31858c3d219, term=1, lastRpcElapsed=null
2019-09-10 05:25:24,263 [grpc-default-executor-3] INFO  impl.RaftServerImpl (ServerState.java:setLeader(253)) - 1cdb4630-dc2b-4fec-8a69-17f5c78645cd@group-31F335587F71: change Leader from null to 9ef1702c-ece5-4ac9-b96a-b31858c3d219 at term 1 for appendEntries, leader elected after 5197ms
2019-09-10 05:25:24,269 [cc4a97b8-a721-497f-8d26-8972627a814e@group-31F335587F71:LeaderElection10] INFO  impl.LeaderElection (LeaderElection.java:logAndReturn(56)) - cc4a97b8-a721-497f-8d26-8972627a814e@group-31F335587F71:LeaderElection10: Election REJECTED; received 2 response(s) [cc4a97b8-a721-497f-8d26-8972627a814e<-9ef1702c-ece5-4ac9-b96a-b31858c3d219#0:FAIL-t1, cc4a97b8-a721-497f-8d26-8972627a814e<-1cdb4630-dc2b-4fec-8a69-17f5c78645cd#0:FAIL-t1] and 0 exception(s); cc4a97b8-a721-497f-8d26-8972627a814e@group-31F335587F71:t1, leader=null, voted=cc4a97b8-a721-497f-8d26-8972627a814e, raftlog=cc4a97b8-a721-497f-8d26-8972627a814e@group-31F335587F71-SegmentedRaftLog:OPENED:c-1,f-1,i0, conf=-1: [cc4a97b8-a721-497f-8d26-8972627a814e:192.168.36.76:37833, 9ef1702c-ece5-4ac9-b96a-b31858c3d219:192.168.36.76:38409, 1cdb4630-dc2b-4fec-8a69-17f5c78645cd:192.168.36.76:35326], old=null
2019-09-10 05:25:24,274 [cc4a97b8-a721-497f-8d26-8972627a814e@group-31F335587F71:LeaderElection10] INFO  impl.RaftServerImpl (RaftServerImpl.java:setRole(174)) - cc4a97b8-a721-497f-8d26-8972627a814e@group-31F335587F71: changes role from CANDIDATE to FOLLOWER at term 1 for DISCOVERED_A_NEW_TERM
2019-09-10 05:25:24,278 [cc4a97b8-a721-497f-8d26-8972627a814e@group-31F335587F71:LeaderElection10] INFO  impl.RoleInfo (RoleInfo.java:shutdownLeaderElection(134)) - cc4a97b8-a721-497f-8d26-8972627a814e: shutdown LeaderElection
2019-09-10 05:25:24,278 [cc4a97b8-a721-497f-8d26-8972627a814e@group-31F335587F71:LeaderElection10] INFO  impl.RoleInfo (RoleInfo.java:updateAndGet(143)) - cc4a97b8-a721-497f-8d26-8972627a814e: start FollowerState
2019-09-10 05:25:24,279 [grpc-default-executor-3] INFO  impl.RaftServerImpl (ServerState.java:setLeader(253)) - cc4a97b8-a721-497f-8d26-8972627a814e@group-31F335587F71: change Leader from null to 9ef1702c-ece5-4ac9-b96a-b31858c3d219 at term 1 for appendEntries, leader elected after 5214ms
2019-09-10 05:25:24,292 [9ef1702c-ece5-4ac9-b96a-b31858c3d219@group-31F335587F71-SegmentedRaftLogWorker] INFO  segmented.SegmentedRaftLogWorker (SegmentedRaftLogWorker.java:execute(569)) - 9ef1702c-ece5-4ac9-b96a-b31858c3d219@group-31F335587F71-SegmentedRaftLogWorker: created new log segment /workdir/hadoop-ozone/integration-test/target/test-dir/MiniOzoneClusterImpl-247e7c78-77b9-484f-b8fa-e1666253ae99/datanode-0/data/ratis/47829d56-d355-4f59-aa91-31f335587f71/current/log_inprogress_0
2019-09-10 05:25:24,294 [grpc-default-executor-3] INFO  impl.RaftServerImpl (ServerState.java:setRaftConf(354)) - 1cdb4630-dc2b-4fec-8a69-17f5c78645cd@group-31F335587F71: set configuration 0: [cc4a97b8-a721-497f-8d26-8972627a814e:192.168.36.76:37833, 9ef1702c-ece5-4ac9-b96a-b31858c3d219:192.168.36.76:38409, 1cdb4630-dc2b-4fec-8a69-17f5c78645cd:192.168.36.76:35326], old=null at 0
2019-09-10 05:25:24,295 [grpc-default-executor-3] INFO  segmented.SegmentedRaftLogWorker (SegmentedRaftLogWorker.java:startLogSegment(380)) - 1cdb4630-dc2b-4fec-8a69-17f5c78645cd@group-31F335587F71-SegmentedRaftLogWorker: Starting segment from index:0
2019-09-10 05:25:24,297 [grpc-default-executor-3] INFO  impl.RaftServerImpl (ServerState.java:setRaftConf(354)) - cc4a97b8-a721-497f-8d26-8972627a814e@group-31F335587F71: set configuration 0: [cc4a97b8-a721-497f-8d26-8972627a814e:192.168.36.76:37833, 9ef1702c-ece5-4ac9-b96a-b31858c3d219:192.168.36.76:38409, 1cdb4630-dc2b-4fec-8a69-17f5c78645cd:192.168.36.76:35326], old=null at 0
2019-09-10 05:25:24,297 [grpc-default-executor-3] INFO  segmented.SegmentedRaftLogWorker (SegmentedRaftLogWorker.java:startLogSegment(380)) - cc4a97b8-a721-497f-8d26-8972627a814e@group-31F335587F71-SegmentedRaftLogWorker: Starting segment from index:0
2019-09-10 05:25:24,353 [1cdb4630-dc2b-4fec-8a69-17f5c78645cd@group-31F335587F71-SegmentedRaftLogWorker] INFO  segmented.SegmentedRaftLogWorker (SegmentedRaftLogWorker.java:execute(569)) - 1cdb4630-dc2b-4fec-8a69-17f5c78645cd@group-31F335587F71-SegmentedRaftLogWorker: created new log segment /workdir/hadoop-ozone/integration-test/target/test-dir/MiniOzoneClusterImpl-247e7c78-77b9-484f-b8fa-e1666253ae99/datanode-5/data/ratis/47829d56-d355-4f59-aa91-31f335587f71/current/log_inprogress_0
2019-09-10 05:25:24,353 [cc4a97b8-a721-497f-8d26-8972627a814e@group-31F335587F71-SegmentedRaftLogWorker] INFO  segmented.SegmentedRaftLogWorker (SegmentedRaftLogWorker.java:execute(569)) - cc4a97b8-a721-497f-8d26-8972627a814e@group-31F335587F71-SegmentedRaftLogWorker: created new log segment /workdir/hadoop-ozone/integration-test/target/test-dir/MiniOzoneClusterImpl-247e7c78-77b9-484f-b8fa-e1666253ae99/datanode-4/data/ratis/47829d56-d355-4f59-aa91-31f335587f71/current/log_inprogress_0
2019-09-10 05:25:24,725 [grpc-default-executor-3] INFO  client.GrpcClientProtocolClient (GrpcClientProtocolClient.java:onNext(264)) - client-6FF6D5F4A8B3->9ef1702c-ece5-4ac9-b96a-b31858c3d219: receive RaftClientReply:client-6FF6D5F4A8B3->9ef1702c-ece5-4ac9-b96a-b31858c3d219@group-31F335587F71, cid=13, SUCCESS, logIndex=1, commits[9ef1702c-ece5-4ac9-b96a-b31858c3d219:c1, cc4a97b8-a721-497f-8d26-8972627a814e:c0, 1cdb4630-dc2b-4fec-8a69-17f5c78645cd:c-1]
2019-09-10 05:25:24,767 [grpc-default-executor-0] INFO  client.GrpcClientProtocolClient (GrpcClientProtocolClient.java:onNext(264)) - client-6FF6D5F4A8B3->9ef1702c-ece5-4ac9-b96a-b31858c3d219: receive RaftClientReply:client-6FF6D5F4A8B3->9ef1702c-ece5-4ac9-b96a-b31858c3d219@group-31F335587F71, cid=14, SUCCESS, logIndex=3, commits[9ef1702c-ece5-4ac9-b96a-b31858c3d219:c3, cc4a97b8-a721-497f-8d26-8972627a814e:c2, 1cdb4630-dc2b-4fec-8a69-17f5c78645cd:c1]
2019-09-10 05:25:24,948 [grpc-default-executor-1] INFO  client.GrpcClientProtocolClient (GrpcClientProtocolClient.java:onNext(264)) - client-6FF6D5F4A8B3->9ef1702c-ece5-4ac9-b96a-b31858c3d219: receive RaftClientReply:client-6FF6D5F4A8B3->9ef1702c-ece5-4ac9-b96a-b31858c3d219@group-31F335587F71, cid=15, SUCCESS, logIndex=4, commits[9ef1702c-ece5-4ac9-b96a-b31858c3d219:c9, cc4a97b8-a721-497f-8d26-8972627a814e:c7, 1cdb4630-dc2b-4fec-8a69-17f5c78645cd:c7]
2019-09-10 05:25:24,950 [grpc-default-executor-1] INFO  client.GrpcClientProtocolClient (GrpcClientProtocolClient.java:onNext(264)) - client-6FF6D5F4A8B3->9ef1702c-ece5-4ac9-b96a-b31858c3d219: receive RaftClientReply:client-6FF6D5F4A8B3->9ef1702c-ece5-4ac9-b96a-b31858c3d219@group-31F335587F71, cid=16, SUCCESS, logIndex=5, commits[9ef1702c-ece5-4ac9-b96a-b31858c3d219:c9, cc4a97b8-a721-497f-8d26-8972627a814e:c7, 1cdb4630-dc2b-4fec-8a69-17f5c78645cd:c7]
2019-09-10 05:25:24,951 [grpc-default-executor-1] INFO  client.GrpcClientProtocolClient (GrpcClientProtocolClient.java:onNext(264)) - client-6FF6D5F4A8B3->9ef1702c-ece5-4ac9-b96a-b31858c3d219: receive RaftClientReply:client-6FF6D5F4A8B3->9ef1702c-ece5-4ac9-b96a-b31858c3d219@group-31F335587F71, cid=17, SUCCESS, logIndex=6, commits[9ef1702c-ece5-4ac9-b96a-b31858c3d219:c9, cc4a97b8-a721-497f-8d26-8972627a814e:c7, 1cdb4630-dc2b-4fec-8a69-17f5c78645cd:c7]
2019-09-10 05:25:25,107 [grpc-default-executor-1] INFO  client.GrpcClientProtocolClient (GrpcClientProtocolClient.java:onNext(264)) - client-6FF6D5F4A8B3->9ef1702c-ece5-4ac9-b96a-b31858c3d219: receive RaftClientReply:client-6FF6D5F4A8B3->9ef1702c-ece5-4ac9-b96a-b31858c3d219@group-31F335587F71, cid=18, SUCCESS, logIndex=7, commits[9ef1702c-ece5-4ac9-b96a-b31858c3d219:c9, cc4a97b8-a721-497f-8d26-8972627a814e:c7, 1cdb4630-dc2b-4fec-8a69-17f5c78645cd:c7]
2019-09-10 05:25:25,164 [grpc-default-executor-1] INFO  client.GrpcClientProtocolClient (GrpcClientProtocolClient.java:onNext(264)) - client-6FF6D5F4A8B3->9ef1702c-ece5-4ac9-b96a-b31858c3d219: receive RaftClientReply:client-6FF6D5F4A8B3->9ef1702c-ece5-4ac9-b96a-b31858c3d219@group-31F335587F71, cid=19, SUCCESS, logIndex=10, commits[9ef1702c-ece5-4ac9-b96a-b31858c3d219:c10, cc4a97b8-a721-497f-8d26-8972627a814e:c9, 1cdb4630-dc2b-4fec-8a69-17f5c78645cd:c7]
2019-09-10 05:25:25,195 [grpc-default-executor-1] INFO  client.GrpcClientProtocolClient (GrpcClientProtocolClient.java:onNext(264)) - client-6FF6D5F4A8B3->9ef1702c-ece5-4ac9-b96a-b31858c3d219: receive RaftClientReply:client-6FF6D5F4A8B3->9ef1702c-ece5-4ac9-b96a-b31858c3d219@group-31F335587F71, cid=20, SUCCESS, logIndex=11, commits[9ef1702c-ece5-4ac9-b96a-b31858c3d219:c13, cc4a97b8-a721-497f-8d26-8972627a814e:c10, 1cdb4630-dc2b-4fec-8a69-17f5c78645cd:c9]
2019-09-10 05:25:26,213 [main] WARN  scm.XceiverClientRatis (XceiverClientRatis.java:watchForCommit(262)) - 3 way commit failed on pipeline Pipeline[ Id: 47829d56-d355-4f59-aa91-31f335587f71, Nodes: 9ef1702c-ece5-4ac9-b96a-b31858c3d219{ip: 192.168.36.76, host: trunk-nightly-20190910-vk757-903364635, networkLocation: /default-rack, certSerialId: null}1cdb4630-dc2b-4fec-8a69-17f5c78645cd{ip: 192.168.36.76, host: trunk-nightly-20190910-vk757-903364635, networkLocation: /default-rack, certSerialId: null}cc4a97b8-a721-497f-8d26-8972627a814e{ip: 192.168.36.76, host: trunk-nightly-20190910-vk757-903364635, networkLocation: /default-rack, certSerialId: null}, Type:RATIS, Factor:THREE, State:OPEN]
java.util.concurrent.TimeoutException
	at java.util.concurrent.CompletableFuture.timedGet(CompletableFuture.java:1771)
	at java.util.concurrent.CompletableFuture.get(CompletableFuture.java:1915)
	at org.apache.hadoop.hdds.scm.XceiverClientRatis.watchForCommit(XceiverClientRatis.java:259)
	at org.apache.hadoop.hdds.scm.storage.CommitWatcher.watchForCommit(CommitWatcher.java:194)
	at org.apache.hadoop.hdds.scm.storage.CommitWatcher.watchOnLastIndex(CommitWatcher.java:157)
	at org.apache.hadoop.hdds.scm.storage.BlockOutputStream.watchForCommit(BlockOutputStream.java:347)
	at org.apache.hadoop.hdds.scm.storage.BlockOutputStream.handleFlush(BlockOutputStream.java:479)
	at org.apache.hadoop.hdds.scm.storage.BlockOutputStream.flush(BlockOutputStream.java:428)
	at org.apache.hadoop.ozone.client.io.BlockOutputStreamEntry.flush(BlockOutputStreamEntry.java:136)
	at org.apache.hadoop.ozone.client.io.KeyOutputStream.handleFlushOrClose(KeyOutputStream.java:442)
	at org.apache.hadoop.ozone.client.io.KeyOutputStream.flush(KeyOutputStream.java:396)
	at org.apache.hadoop.ozone.client.io.OzoneOutputStream.flush(OzoneOutputStream.java:54)
	at org.apache.hadoop.ozone.client.rpc.TestBlockOutputStreamWithFailures.test2DatanodesFailure(TestBlockOutputStreamWithFailures.java:461)
	at sun.reflect.NativeMethodAccessorImpl.invoke0(Native Method)
	at sun.reflect.NativeMethodAccessorImpl.invoke(NativeMethodAccessorImpl.java:62)
	at sun.reflect.DelegatingMethodAccessorImpl.invoke(DelegatingMethodAccessorImpl.java:43)
	at java.lang.reflect.Method.invoke(Method.java:498)
	at org.junit.runners.model.FrameworkMethod$1.runReflectiveCall(FrameworkMethod.java:47)
	at org.junit.internal.runners.model.ReflectiveCallable.run(ReflectiveCallable.java:12)
	at org.junit.runners.model.FrameworkMethod.invokeExplosively(FrameworkMethod.java:44)
	at org.junit.internal.runners.statements.InvokeMethod.evaluate(InvokeMethod.java:17)
	at org.junit.internal.runners.statements.RunBefores.evaluate(RunBefores.java:26)
	at org.junit.internal.runners.statements.RunAfters.evaluate(RunAfters.java:27)
	at org.junit.runners.ParentRunner.runLeaf(ParentRunner.java:271)
	at org.junit.runners.BlockJUnit4ClassRunner.runChild(BlockJUnit4ClassRunner.java:70)
	at org.junit.runners.BlockJUnit4ClassRunner.runChild(BlockJUnit4ClassRunner.java:50)
	at org.junit.runners.ParentRunner$3.run(ParentRunner.java:238)
	at org.junit.runners.ParentRunner$1.schedule(ParentRunner.java:63)
	at org.junit.runners.ParentRunner.runChildren(ParentRunner.java:236)
	at org.junit.runners.ParentRunner.access$000(ParentRunner.java:53)
	at org.junit.runners.ParentRunner$2.evaluate(ParentRunner.java:229)
	at org.junit.runners.ParentRunner.run(ParentRunner.java:309)
	at org.apache.maven.surefire.junit4.JUnit4Provider.execute(JUnit4Provider.java:365)
	at org.apache.maven.surefire.junit4.JUnit4Provider.executeWithRerun(JUnit4Provider.java:273)
	at org.apache.maven.surefire.junit4.JUnit4Provider.executeTestSet(JUnit4Provider.java:238)
	at org.apache.maven.surefire.junit4.JUnit4Provider.invoke(JUnit4Provider.java:159)
	at org.apache.maven.surefire.booter.ForkedBooter.invokeProviderInSameClassLoader(ForkedBooter.java:384)
	at org.apache.maven.surefire.booter.ForkedBooter.runSuitesInProcess(ForkedBooter.java:345)
	at org.apache.maven.surefire.booter.ForkedBooter.execute(ForkedBooter.java:126)
	at org.apache.maven.surefire.booter.ForkedBooter.main(ForkedBooter.java:418)
2019-09-10 05:25:27,217 [main] WARN  storage.CommitWatcher (CommitWatcher.java:watchForCommit(203)) - watchForCommit failed for index 11
java.util.concurrent.TimeoutException
	at java.util.concurrent.CompletableFuture.timedGet(CompletableFuture.java:1771)
	at java.util.concurrent.CompletableFuture.get(CompletableFuture.java:1915)
	at org.apache.hadoop.hdds.scm.XceiverClientRatis.watchForCommit(XceiverClientRatis.java:268)
	at org.apache.hadoop.hdds.scm.storage.CommitWatcher.watchForCommit(CommitWatcher.java:194)
	at org.apache.hadoop.hdds.scm.storage.CommitWatcher.watchOnLastIndex(CommitWatcher.java:157)
	at org.apache.hadoop.hdds.scm.storage.BlockOutputStream.watchForCommit(BlockOutputStream.java:347)
	at org.apache.hadoop.hdds.scm.storage.BlockOutputStream.handleFlush(BlockOutputStream.java:479)
	at org.apache.hadoop.hdds.scm.storage.BlockOutputStream.flush(BlockOutputStream.java:428)
	at org.apache.hadoop.ozone.client.io.BlockOutputStreamEntry.flush(BlockOutputStreamEntry.java:136)
	at org.apache.hadoop.ozone.client.io.KeyOutputStream.handleFlushOrClose(KeyOutputStream.java:442)
	at org.apache.hadoop.ozone.client.io.KeyOutputStream.flush(KeyOutputStream.java:396)
	at org.apache.hadoop.ozone.client.io.OzoneOutputStream.flush(OzoneOutputStream.java:54)
	at org.apache.hadoop.ozone.client.rpc.TestBlockOutputStreamWithFailures.test2DatanodesFailure(TestBlockOutputStreamWithFailures.java:461)
	at sun.reflect.NativeMethodAccessorImpl.invoke0(Native Method)
	at sun.reflect.NativeMethodAccessorImpl.invoke(NativeMethodAccessorImpl.java:62)
	at sun.reflect.DelegatingMethodAccessorImpl.invoke(DelegatingMethodAccessorImpl.java:43)
	at java.lang.reflect.Method.invoke(Method.java:498)
	at org.junit.runners.model.FrameworkMethod$1.runReflectiveCall(FrameworkMethod.java:47)
	at org.junit.internal.runners.model.ReflectiveCallable.run(ReflectiveCallable.java:12)
	at org.junit.runners.model.FrameworkMethod.invokeExplosively(FrameworkMethod.java:44)
	at org.junit.internal.runners.statements.InvokeMethod.evaluate(InvokeMethod.java:17)
	at org.junit.internal.runners.statements.RunBefores.evaluate(RunBefores.java:26)
	at org.junit.internal.runners.statements.RunAfters.evaluate(RunAfters.java:27)
	at org.junit.runners.ParentRunner.runLeaf(ParentRunner.java:271)
	at org.junit.runners.BlockJUnit4ClassRunner.runChild(BlockJUnit4ClassRunner.java:70)
	at org.junit.runners.BlockJUnit4ClassRunner.runChild(BlockJUnit4ClassRunner.java:50)
	at org.junit.runners.ParentRunner$3.run(ParentRunner.java:238)
	at org.junit.runners.ParentRunner$1.schedule(ParentRunner.java:63)
	at org.junit.runners.ParentRunner.runChildren(ParentRunner.java:236)
	at org.junit.runners.ParentRunner.access$000(ParentRunner.java:53)
	at org.junit.runners.ParentRunner$2.evaluate(ParentRunner.java:229)
	at org.junit.runners.ParentRunner.run(ParentRunner.java:309)
	at org.apache.maven.surefire.junit4.JUnit4Provider.execute(JUnit4Provider.java:365)
	at org.apache.maven.surefire.junit4.JUnit4Provider.executeWithRerun(JUnit4Provider.java:273)
	at org.apache.maven.surefire.junit4.JUnit4Provider.executeTestSet(JUnit4Provider.java:238)
	at org.apache.maven.surefire.junit4.JUnit4Provider.invoke(JUnit4Provider.java:159)
	at org.apache.maven.surefire.booter.ForkedBooter.invokeProviderInSameClassLoader(ForkedBooter.java:384)
	at org.apache.maven.surefire.booter.ForkedBooter.runSuitesInProcess(ForkedBooter.java:345)
	at org.apache.maven.surefire.booter.ForkedBooter.execute(ForkedBooter.java:126)
	at org.apache.maven.surefire.booter.ForkedBooter.main(ForkedBooter.java:418)
2019-09-10 05:25:27,219 [main] WARN  io.KeyOutputStream (KeyOutputStream.java:handleException(276)) - Encountered exception java.io.IOException: Unexpected Storage Container Exception: java.io.IOException: Unexpected Storage Container Exception: java.util.concurrent.TimeoutException on the pipeline Pipeline[ Id: 47829d56-d355-4f59-aa91-31f335587f71, Nodes: 9ef1702c-ece5-4ac9-b96a-b31858c3d219{ip: 192.168.36.76, host: trunk-nightly-20190910-vk757-903364635, networkLocation: /default-rack, certSerialId: null}1cdb4630-dc2b-4fec-8a69-17f5c78645cd{ip: 192.168.36.76, host: trunk-nightly-20190910-vk757-903364635, networkLocation: /default-rack, certSerialId: null}cc4a97b8-a721-497f-8d26-8972627a814e{ip: 192.168.36.76, host: trunk-nightly-20190910-vk757-903364635, networkLocation: /default-rack, certSerialId: null}, Type:RATIS, Factor:THREE, State:OPEN]. The last committed block length is 400, uncommitted data length is 50 retry count 0
2019-09-10 05:25:27,259 [grpc-default-executor-0] INFO  client.GrpcClientProtocolClient (GrpcClientProtocolClient.java:onNext(264)) - client-DB4036B475D5->5548a24b-0164-4a3c-aa99-cd6a6c4e8a22: receive RaftClientReply:client-DB4036B475D5->5548a24b-0164-4a3c-aa99-cd6a6c4e8a22@group-54C1314FC144, cid=23, FAILED org.apache.ratis.protocol.NotLeaderException: Server 5548a24b-0164-4a3c-aa99-cd6a6c4e8a22@group-54C1314FC144 is not the leader c940a4b4-485e-4e11-8997-834659c9cdb5:192.168.36.76:36668, logIndex=0, commits[5548a24b-0164-4a3c-aa99-cd6a6c4e8a22:c0, 21a56203-c10c-4b41-8de5-65150199fc74:c0, c940a4b4-485e-4e11-8997-834659c9cdb5:c0]
2019-09-10 05:25:27,511 [grpc-default-executor-1] INFO  client.GrpcClientProtocolClient (GrpcClientProtocolClient.java:onNext(264)) - client-DB4036B475D5->c940a4b4-485e-4e11-8997-834659c9cdb5: receive RaftClientReply:client-DB4036B475D5->c940a4b4-485e-4e11-8997-834659c9cdb5@group-54C1314FC144, cid=23, SUCCESS, logIndex=1, commits[c940a4b4-485e-4e11-8997-834659c9cdb5:c1, 5548a24b-0164-4a3c-aa99-cd6a6c4e8a22:c0, 21a56203-c10c-4b41-8de5-65150199fc74:c0]
2019-09-10 05:25:27,602 [grpc-default-executor-1] INFO  client.GrpcClientProtocolClient (GrpcClientProtocolClient.java:onNext(264)) - client-DB4036B475D5->c940a4b4-485e-4e11-8997-834659c9cdb5: receive RaftClientReply:client-DB4036B475D5->c940a4b4-485e-4e11-8997-834659c9cdb5@group-54C1314FC144, cid=24, SUCCESS, logIndex=3, commits[c940a4b4-485e-4e11-8997-834659c9cdb5:c4, 5548a24b-0164-4a3c-aa99-cd6a6c4e8a22:c3, 21a56203-c10c-4b41-8de5-65150199fc74:c3]
2019-09-10 05:25:27,603 [main] INFO  ozone.MiniOzoneClusterImpl (MiniOzoneClusterImpl.java:shutdown(307)) - Shutting down the Mini Ozone Cluster
2019-09-10 05:25:27,606 [main] INFO  ozone.MiniOzoneClusterImpl (MiniOzoneClusterImpl.java:stop(322)) - Stopping the Mini Ozone Cluster
2019-09-10 05:25:27,606 [main] INFO  ozone.MiniOzoneClusterImpl (MiniOzoneClusterImpl.java:stop(324)) - Stopping the OzoneManager
2019-09-10 05:25:27,606 [main] INFO  ipc.Server (Server.java:stop(3082)) - Stopping server on 34426
2019-09-10 05:25:27,619 [main] INFO  ratis.OzoneManagerDoubleBuffer (OzoneManagerDoubleBuffer.java:stop(248)) - Stopping OMDoubleBuffer flush thread
2019-09-10 05:25:27,625 [IPC Server listener on 34426] INFO  ipc.Server (Server.java:run(1185)) - Stopping IPC Server listener on 34426
2019-09-10 05:25:27,625 [IPC Server Responder] INFO  ipc.Server (Server.java:run(1319)) - Stopping IPC Server Responder
2019-09-10 05:25:27,625 [OMDoubleBufferFlushThread] INFO  ratis.OzoneManagerDoubleBuffer (OzoneManagerDoubleBuffer.java:flushTransactions(191)) - OMDoubleBuffer flush thread OMDoubleBufferFlushThread is interrupted and will exit. OMDoubleBufferFlushThread
2019-09-10 05:25:27,629 [main] INFO  utils.BackgroundService (BackgroundService.java:shutdown(148)) - Shutting down service KeyDeletingService
2019-09-10 05:25:27,632 [main] INFO  handler.ContextHandler (ContextHandler.java:doStop(910)) - Stopped o.e.j.w.WebAppContext@55b8dbda{/,null,UNAVAILABLE}{/ozoneManager}
2019-09-10 05:25:27,637 [main] INFO  server.AbstractConnector (AbstractConnector.java:doStop(318)) - Stopped ServerConnector@3b569985{HTTP/1.1,[http/1.1]}{0.0.0.0:0}
2019-09-10 05:25:27,638 [main] INFO  handler.ContextHandler (ContextHandler.java:doStop(910)) - Stopped o.e.j.s.ServletContextHandler@677b8e13{/static,file:///workdir/hadoop-ozone/integration-test/target/test-classes/webapps/static,UNAVAILABLE}
2019-09-10 05:25:27,638 [main] INFO  handler.ContextHandler (ContextHandler.java:doStop(910)) - Stopped o.e.j.s.ServletContextHandler@74fe5966{/logs,file:///workdir/hadoop-ozone/integration-test/target/log,UNAVAILABLE}
2019-09-10 05:25:27,641 [main] INFO  ozone.MiniOzoneClusterImpl (MiniOzoneClusterImpl.java:stop(330)) - Shutting the HddsDatanodes
2019-09-10 05:25:27,681 [Datanode State Machine Thread - 0] INFO  statemachine.DatanodeStateMachine (DatanodeStateMachine.java:lambda$startDaemon$0(350)) - Ozone container server started.
2019-09-10 05:25:27,683 [grpc-default-executor-1] INFO  client.GrpcClientProtocolClient (GrpcClientProtocolClient.java:onNext(264)) - client-6FF6D5F4A8B3->9ef1702c-ece5-4ac9-b96a-b31858c3d219: receive RaftClientReply:client-6FF6D5F4A8B3->9ef1702c-ece5-4ac9-b96a-b31858c3d219@group-31F335587F71, cid=22, SUCCESS, logIndex=0, commits[9ef1702c-ece5-4ac9-b96a-b31858c3d219:c13, cc4a97b8-a721-497f-8d26-8972627a814e:c13, 1cdb4630-dc2b-4fec-8a69-17f5c78645cd:c10]
2019-09-10 05:25:27,698 [grpc-default-executor-1] INFO  client.GrpcClientProtocolClient (GrpcClientProtocolClient.java:onNext(264)) - client-6FF6D5F4A8B3->9ef1702c-ece5-4ac9-b96a-b31858c3d219: receive RaftClientReply:client-6FF6D5F4A8B3->9ef1702c-ece5-4ac9-b96a-b31858c3d219@group-31F335587F71, cid=21, SUCCESS, logIndex=0, commits[9ef1702c-ece5-4ac9-b96a-b31858c3d219:c13, cc4a97b8-a721-497f-8d26-8972627a814e:c13, 1cdb4630-dc2b-4fec-8a69-17f5c78645cd:c13]
2019-09-10 05:25:28,334 [Datanode State Machine Thread - 0] INFO  statemachine.DatanodeStateMachine (DatanodeStateMachine.java:lambda$startDaemon$0(350)) - Ozone container server started.
2019-09-10 05:25:31,715 [EventQueue-StaleNodeForStaleNodeHandler] INFO  node.StaleNodeHandler (StaleNodeHandler.java:onMessage(58)) - Datanode cc4a97b8-a721-497f-8d26-8972627a814e{ip: 192.168.36.76, host: trunk-nightly-20190910-vk757-903364635, networkLocation: /default-rack, certSerialId: null} moved to stale state. Finalizing its pipelines [PipelineID=47829d56-d355-4f59-aa91-31f335587f71, PipelineID=608f1d75-2f51-42c0-a08d-0eeabc4d67af]
2019-09-10 05:25:31,716 [EventQueue-StaleNodeForStaleNodeHandler] INFO  pipeline.SCMPipelineManager (SCMPipelineManager.java:finalizeAndDestroyPipeline(311)) - destroying pipeline:Pipeline[ Id: 47829d56-d355-4f59-aa91-31f335587f71, Nodes: 9ef1702c-ece5-4ac9-b96a-b31858c3d219{ip: 192.168.36.76, host: trunk-nightly-20190910-vk757-903364635, networkLocation: /default-rack, certSerialId: null}1cdb4630-dc2b-4fec-8a69-17f5c78645cd{ip: 192.168.36.76, host: trunk-nightly-20190910-vk757-903364635, networkLocation: /default-rack, certSerialId: null}cc4a97b8-a721-497f-8d26-8972627a814e{ip: 192.168.36.76, host: trunk-nightly-20190910-vk757-903364635, networkLocation: /default-rack, certSerialId: null}, Type:RATIS, Factor:THREE, State:OPEN]
2019-09-10 05:25:31,719 [EventQueue-StaleNodeForStaleNodeHandler] INFO  pipeline.PipelineStateManager (PipelineStateManager.java:finalizePipeline(123)) - Pipeline Pipeline[ Id: 47829d56-d355-4f59-aa91-31f335587f71, Nodes: 9ef1702c-ece5-4ac9-b96a-b31858c3d219{ip: 192.168.36.76, host: trunk-nightly-20190910-vk757-903364635, networkLocation: /default-rack, certSerialId: null}1cdb4630-dc2b-4fec-8a69-17f5c78645cd{ip: 192.168.36.76, host: trunk-nightly-20190910-vk757-903364635, networkLocation: /default-rack, certSerialId: null}cc4a97b8-a721-497f-8d26-8972627a814e{ip: 192.168.36.76, host: trunk-nightly-20190910-vk757-903364635, networkLocation: /default-rack, certSerialId: null}, Type:RATIS, Factor:THREE, State:CLOSED] moved to CLOSED state
2019-09-10 05:25:31,720 [EventQueue-CloseContainerForCloseContainerEventHandler] INFO  container.CloseContainerEventHandler (CloseContainerEventHandler.java:onMessage(61)) - Close container Event triggered for container : #1
2019-09-10 05:25:31,724 [EventQueue-StaleNodeForStaleNodeHandler] INFO  pipeline.SCMPipelineManager (SCMPipelineManager.java:finalizeAndDestroyPipeline(311)) - destroying pipeline:Pipeline[ Id: 608f1d75-2f51-42c0-a08d-0eeabc4d67af, Nodes: cc4a97b8-a721-497f-8d26-8972627a814e{ip: 192.168.36.76, host: trunk-nightly-20190910-vk757-903364635, networkLocation: /default-rack, certSerialId: null}, Type:RATIS, Factor:ONE, State:OPEN]
2019-09-10 05:25:31,726 [EventQueue-StaleNodeForStaleNodeHandler] INFO  pipeline.PipelineStateManager (PipelineStateManager.java:finalizePipeline(123)) - Pipeline Pipeline[ Id: 608f1d75-2f51-42c0-a08d-0eeabc4d67af, Nodes: cc4a97b8-a721-497f-8d26-8972627a814e{ip: 192.168.36.76, host: trunk-nightly-20190910-vk757-903364635, networkLocation: /default-rack, certSerialId: null}, Type:RATIS, Factor:ONE, State:CLOSED] moved to CLOSED state
2019-09-10 05:25:32,416 [EventQueue-StaleNodeForStaleNodeHandler] INFO  node.StaleNodeHandler (StaleNodeHandler.java:onMessage(58)) - Datanode 0833e3a3-907f-4d2e-85bd-ed5ca04a3d34{ip: 192.168.36.76, host: trunk-nightly-20190910-vk757-903364635, networkLocation: /default-rack, certSerialId: null} moved to stale state. Finalizing its pipelines [PipelineID=a5c0f13b-71d7-4535-a74a-d68faa1b4bff]
2019-09-10 05:25:32,416 [EventQueue-StaleNodeForStaleNodeHandler] INFO  pipeline.SCMPipelineManager (SCMPipelineManager.java:finalizeAndDestroyPipeline(311)) - destroying pipeline:Pipeline[ Id: a5c0f13b-71d7-4535-a74a-d68faa1b4bff, Nodes: 0833e3a3-907f-4d2e-85bd-ed5ca04a3d34{ip: 192.168.36.76, host: trunk-nightly-20190910-vk757-903364635, networkLocation: /default-rack, certSerialId: null}, Type:RATIS, Factor:ONE, State:OPEN]
2019-09-10 05:25:32,417 [EventQueue-StaleNodeForStaleNodeHandler] INFO  pipeline.PipelineStateManager (PipelineStateManager.java:finalizePipeline(123)) - Pipeline Pipeline[ Id: a5c0f13b-71d7-4535-a74a-d68faa1b4bff, Nodes: 0833e3a3-907f-4d2e-85bd-ed5ca04a3d34{ip: 192.168.36.76, host: trunk-nightly-20190910-vk757-903364635, networkLocation: /default-rack, certSerialId: null}, Type:RATIS, Factor:ONE, State:CLOSED] moved to CLOSED state
2019-09-10 05:25:32,644 [main] INFO  ozoneimpl.OzoneContainer (OzoneContainer.java:stop(231)) - Attempting to stop container services.
2019-09-10 05:25:32,644 [ForkJoinPool.commonPool-worker-1] INFO  ozoneimpl.OzoneContainer (OzoneContainer.java:stop(231)) - Attempting to stop container services.
2019-09-10 05:25:32,645 [main] INFO  impl.RaftServerProxy (RaftServerProxy.java:lambda$close$4(314)) - cc4a97b8-a721-497f-8d26-8972627a814e: close
2019-09-10 05:25:32,645 [ForkJoinPool.commonPool-worker-1] INFO  impl.RaftServerProxy (RaftServerProxy.java:lambda$close$4(314)) - 0833e3a3-907f-4d2e-85bd-ed5ca04a3d34: close
2019-09-10 05:25:32,646 [main] INFO  impl.RaftServerImpl (RaftServerImpl.java:lambda$shutdown$3(251)) - cc4a97b8-a721-497f-8d26-8972627a814e@group-31F335587F71: shutdown
2019-09-10 05:25:32,646 [ForkJoinPool.commonPool-worker-1] INFO  impl.RaftServerImpl (RaftServerImpl.java:lambda$shutdown$3(251)) - 0833e3a3-907f-4d2e-85bd-ed5ca04a3d34@group-D68FAA1B4BFF: shutdown
2019-09-10 05:25:32,646 [main] INFO  util.JmxRegister (JmxRegister.java:unregister(73)) - Successfully un-registered JMX Bean with object name Ratis:service=RaftServer,group=group-31F335587F71,id=cc4a97b8-a721-497f-8d26-8972627a814e
2019-09-10 05:25:32,647 [ForkJoinPool.commonPool-worker-1] INFO  util.JmxRegister (JmxRegister.java:unregister(73)) - Successfully un-registered JMX Bean with object name Ratis:service=RaftServer,group=group-D68FAA1B4BFF,id=0833e3a3-907f-4d2e-85bd-ed5ca04a3d34
2019-09-10 05:25:32,647 [main] INFO  impl.RoleInfo (RoleInfo.java:shutdownFollowerState(121)) - cc4a97b8-a721-497f-8d26-8972627a814e: shutdown FollowerState
2019-09-10 05:25:32,647 [ForkJoinPool.commonPool-worker-1] INFO  impl.RoleInfo (RoleInfo.java:shutdownLeaderState(104)) - 0833e3a3-907f-4d2e-85bd-ed5ca04a3d34: shutdown LeaderState
2019-09-10 05:25:32,647 [main] INFO  impl.StateMachineUpdater (StateMachineUpdater.java:stopAndJoin(125)) - cc4a97b8-a721-497f-8d26-8972627a814e@group-31F335587F71-StateMachineUpdater: set stopIndex = 13
2019-09-10 05:25:32,648 [Thread-332] INFO  impl.FollowerState (FollowerState.java:run(115)) - cc4a97b8-a721-497f-8d26-8972627a814e: FollowerState was interrupted: java.lang.InterruptedException: sleep interrupted
2019-09-10 05:25:32,648 [cc4a97b8-a721-497f-8d26-8972627a814e@group-31F335587F71-StateMachineUpdater] INFO  ratis.ContainerStateMachine (ContainerStateMachine.java:takeSnapshot(289)) - group-31F335587F71: Taking a snapshot at:(t:1, i:13) file /workdir/hadoop-ozone/integration-test/target/test-dir/MiniOzoneClusterImpl-247e7c78-77b9-484f-b8fa-e1666253ae99/datanode-4/data/ratis/47829d56-d355-4f59-aa91-31f335587f71/sm/snapshot.1_13
2019-09-10 05:25:32,651 [ForkJoinPool.commonPool-worker-1] INFO  impl.PendingRequests (PendingRequests.java:sendNotLeaderResponses(202)) - 0833e3a3-907f-4d2e-85bd-ed5ca04a3d34-PendingRequests: sendNotLeaderResponses
2019-09-10 05:25:32,653 [ForkJoinPool.commonPool-worker-1] INFO  impl.StateMachineUpdater (StateMachineUpdater.java:stopAndJoin(125)) - 0833e3a3-907f-4d2e-85bd-ed5ca04a3d34@group-D68FAA1B4BFF-StateMachineUpdater: set stopIndex = 0
2019-09-10 05:25:32,656 [ForkJoinPool.commonPool-worker-1] INFO  impl.RaftServerImpl (ServerState.java:close(385)) - 0833e3a3-907f-4d2e-85bd-ed5ca04a3d34@group-D68FAA1B4BFF: closes. applyIndex: 0
2019-09-10 05:25:32,657 [0833e3a3-907f-4d2e-85bd-ed5ca04a3d34@group-D68FAA1B4BFF-SegmentedRaftLogWorker] INFO  segmented.SegmentedRaftLogWorker (SegmentedRaftLogWorker.java:run(313)) - 0833e3a3-907f-4d2e-85bd-ed5ca04a3d34@group-D68FAA1B4BFF-SegmentedRaftLogWorker was interrupted, exiting. There are 0 tasks remaining in the queue.
2019-09-10 05:25:32,662 [ForkJoinPool.commonPool-worker-1] INFO  segmented.SegmentedRaftLogWorker (SegmentedRaftLogWorker.java:close(228)) - 0833e3a3-907f-4d2e-85bd-ed5ca04a3d34@group-D68FAA1B4BFF-SegmentedRaftLogWorker close()
2019-09-10 05:25:32,668 [ForkJoinPool.commonPool-worker-1] INFO  server.GrpcService (GrpcService.java:closeImpl(164)) - 0833e3a3-907f-4d2e-85bd-ed5ca04a3d34: shutdown server with port 36818 now
2019-09-10 05:25:32,672 [ForkJoinPool.commonPool-worker-1] INFO  server.GrpcService (GrpcService.java:closeImpl(172)) - 0833e3a3-907f-4d2e-85bd-ed5ca04a3d34: shutdown server with port 36818 successfully
2019-09-10 05:25:32,675 [refreshUsed-/workdir/hadoop-ozone/integration-test/target/test-dir/MiniOzoneClusterImpl-247e7c78-77b9-484f-b8fa-e1666253ae99/datanode-1/data/containers] WARN  fs.CachingGetSpaceUsed (CachingGetSpaceUsed.java:run(183)) - Thread Interrupted waiting to refresh disk information: sleep interrupted
2019-09-10 05:25:32,695 [ForkJoinPool.commonPool-worker-1] INFO  utils.BackgroundService (BackgroundService.java:shutdown(148)) - Shutting down service BlockDeletingService
2019-09-10 05:25:32,698 [cc4a97b8-a721-497f-8d26-8972627a814e@group-31F335587F71-StateMachineUpdater] INFO  ratis.ContainerStateMachine (ContainerStateMachine.java:takeSnapshot(300)) - group-31F335587F71: Finished taking a snapshot at:(t:1, i:13) file:/workdir/hadoop-ozone/integration-test/target/test-dir/MiniOzoneClusterImpl-247e7c78-77b9-484f-b8fa-e1666253ae99/datanode-4/data/ratis/47829d56-d355-4f59-aa91-31f335587f71/sm/snapshot.1_13 time:51
2019-09-10 05:25:32,700 [ForkJoinPool.commonPool-worker-1] INFO  statemachine.DatanodeStateMachine (DatanodeStateMachine.java:stopDaemon(395)) - Ozone container server stopped.
2019-09-10 05:25:32,700 [cc4a97b8-a721-497f-8d26-8972627a814e@group-31F335587F71-StateMachineUpdater] INFO  impl.StateMachineUpdater (StateMachineUpdater.java:takeSnapshot(258)) - cc4a97b8-a721-497f-8d26-8972627a814e@group-31F335587F71-StateMachineUpdater: Took a snapshot at index 13
2019-09-10 05:25:32,700 [cc4a97b8-a721-497f-8d26-8972627a814e@group-31F335587F71-StateMachineUpdater] INFO  impl.StateMachineUpdater (StateMachineUpdater.java:lambda$new$0(83)) - cc4a97b8-a721-497f-8d26-8972627a814e@group-31F335587F71-StateMachineUpdater: snapshotIndex: updateIncreasingly -1 -> 13
2019-09-10 05:25:32,706 [ForkJoinPool.commonPool-worker-1] INFO  handler.ContextHandler (ContextHandler.java:doStop(910)) - Stopped o.e.j.w.WebAppContext@7fdab70c{/,null,UNAVAILABLE}{/hddsDatanode}
2019-09-10 05:25:32,707 [ForkJoinPool.commonPool-worker-1] INFO  server.AbstractConnector (AbstractConnector.java:doStop(318)) - Stopped ServerConnector@25ad4f71{HTTP/1.1,[http/1.1]}{0.0.0.0:0}
2019-09-10 05:25:32,709 [ForkJoinPool.commonPool-worker-1] INFO  handler.ContextHandler (ContextHandler.java:doStop(910)) - Stopped o.e.j.s.ServletContextHandler@26cb5207{/static,jar:file:/home/user/.m2/repository/org/apache/hadoop/hadoop-hdds-container-service/0.5.0-SNAPSHOT/hadoop-hdds-container-service-0.5.0-SNAPSHOT.jar!/webapps/static,UNAVAILABLE}
2019-09-10 05:25:32,711 [ForkJoinPool.commonPool-worker-1] INFO  handler.ContextHandler (ContextHandler.java:doStop(910)) - Stopped o.e.j.s.ServletContextHandler@561b61ed{/logs,file:///workdir/hadoop-ozone/integration-test/target/log,UNAVAILABLE}
2019-09-10 05:25:32,716 [main] INFO  impl.RaftServerImpl (ServerState.java:close(385)) - cc4a97b8-a721-497f-8d26-8972627a814e@group-31F335587F71: closes. applyIndex: 13
2019-09-10 05:25:32,716 [cc4a97b8-a721-497f-8d26-8972627a814e@group-31F335587F71-SegmentedRaftLogWorker] INFO  segmented.SegmentedRaftLogWorker (SegmentedRaftLogWorker.java:run(313)) - cc4a97b8-a721-497f-8d26-8972627a814e@group-31F335587F71-SegmentedRaftLogWorker was interrupted, exiting. There are 0 tasks remaining in the queue.
2019-09-10 05:25:32,719 [main] INFO  segmented.SegmentedRaftLogWorker (SegmentedRaftLogWorker.java:close(228)) - cc4a97b8-a721-497f-8d26-8972627a814e@group-31F335587F71-SegmentedRaftLogWorker close()
2019-09-10 05:25:32,724 [main] INFO  impl.RaftServerImpl (RaftServerImpl.java:lambda$shutdown$3(251)) - cc4a97b8-a721-497f-8d26-8972627a814e@group-0EEABC4D67AF: shutdown
2019-09-10 05:25:32,725 [main] INFO  util.JmxRegister (JmxRegister.java:unregister(73)) - Successfully un-registered JMX Bean with object name Ratis:service=RaftServer,group=group-0EEABC4D67AF,id=cc4a97b8-a721-497f-8d26-8972627a814e
2019-09-10 05:25:32,725 [main] INFO  impl.RoleInfo (RoleInfo.java:shutdownLeaderState(104)) - cc4a97b8-a721-497f-8d26-8972627a814e: shutdown LeaderState
2019-09-10 05:25:32,725 [main] INFO  impl.PendingRequests (PendingRequests.java:sendNotLeaderResponses(202)) - cc4a97b8-a721-497f-8d26-8972627a814e-PendingRequests: sendNotLeaderResponses
2019-09-10 05:25:32,727 [main] INFO  impl.StateMachineUpdater (StateMachineUpdater.java:stopAndJoin(125)) - cc4a97b8-a721-497f-8d26-8972627a814e@group-0EEABC4D67AF-StateMachineUpdater: set stopIndex = 0
2019-09-10 05:25:32,728 [main] INFO  impl.RaftServerImpl (ServerState.java:close(385)) - cc4a97b8-a721-497f-8d26-8972627a814e@group-0EEABC4D67AF: closes. applyIndex: 0
2019-09-10 05:25:32,728 [cc4a97b8-a721-497f-8d26-8972627a814e@group-0EEABC4D67AF-SegmentedRaftLogWorker] INFO  segmented.SegmentedRaftLogWorker (SegmentedRaftLogWorker.java:run(313)) - cc4a97b8-a721-497f-8d26-8972627a814e@group-0EEABC4D67AF-SegmentedRaftLogWorker was interrupted, exiting. There are 0 tasks remaining in the queue.
2019-09-10 05:25:32,731 [main] INFO  segmented.SegmentedRaftLogWorker (SegmentedRaftLogWorker.java:close(228)) - cc4a97b8-a721-497f-8d26-8972627a814e@group-0EEABC4D67AF-SegmentedRaftLogWorker close()
2019-09-10 05:25:32,736 [main] INFO  server.GrpcService (GrpcService.java:closeImpl(164)) - cc4a97b8-a721-497f-8d26-8972627a814e: shutdown server with port 37833 now
2019-09-10 05:25:32,745 [main] INFO  server.GrpcService (GrpcService.java:closeImpl(172)) - cc4a97b8-a721-497f-8d26-8972627a814e: shutdown server with port 37833 successfully
2019-09-10 05:25:32,747 [grpc-default-executor-0] WARN  server.GrpcServerProtocolService (LogUtils.java:warn(134)) - cc4a97b8-a721-497f-8d26-8972627a814e: installSnapshot onError, lastRequest: 9ef1702c-ece5-4ac9-b96a-b31858c3d219->cc4a97b8-a721-497f-8d26-8972627a814e#17-t1, previous=(t:1, i:13), leaderCommit=13, initializing? false, entries: <empty>: org.apache.ratis.thirdparty.io.grpc.StatusRuntimeException: CANCELLED: cancelled before receiving half close
2019-09-10 05:25:32,747 [refreshUsed-/workdir/hadoop-ozone/integration-test/target/test-dir/MiniOzoneClusterImpl-247e7c78-77b9-484f-b8fa-e1666253ae99/datanode-4/data/containers] WARN  fs.CachingGetSpaceUsed (CachingGetSpaceUsed.java:run(183)) - Thread Interrupted waiting to refresh disk information: sleep interrupted
2019-09-10 05:25:32,748 [grpc-default-executor-1] WARN  server.GrpcLogAppender (LogUtils.java:warn(134)) - 9ef1702c-ece5-4ac9-b96a-b31858c3d219@group-31F335587F71->cc4a97b8-a721-497f-8d26-8972627a814e-AppendLogResponseHandler: Failed appendEntries: org.apache.ratis.thirdparty.io.grpc.StatusRuntimeException: CANCELLED: HTTP/2 error code: CANCEL
Received Rst Stream
2019-09-10 05:25:32,751 [grpc-default-executor-1] INFO  impl.FollowerInfo (FollowerInfo.java:lambda$new$0(51)) - 9ef1702c-ece5-4ac9-b96a-b31858c3d219@group-31F335587F71->cc4a97b8-a721-497f-8d26-8972627a814e: nextIndex: updateUnconditionally 14 -> 13
2019-09-10 05:25:32,766 [main] INFO  utils.BackgroundService (BackgroundService.java:shutdown(148)) - Shutting down service BlockDeletingService
2019-09-10 05:25:32,770 [main] INFO  statemachine.DatanodeStateMachine (DatanodeStateMachine.java:stopDaemon(395)) - Ozone container server stopped.
2019-09-10 05:25:32,771 [main] INFO  handler.ContextHandler (ContextHandler.java:doStop(910)) - Stopped o.e.j.w.WebAppContext@291373d3{/,null,UNAVAILABLE}{/hddsDatanode}
2019-09-10 05:25:32,771 [main] INFO  server.AbstractConnector (AbstractConnector.java:doStop(318)) - Stopped ServerConnector@372ca2d6{HTTP/1.1,[http/1.1]}{0.0.0.0:0}
2019-09-10 05:25:32,772 [main] INFO  handler.ContextHandler (ContextHandler.java:doStop(910)) - Stopped o.e.j.s.ServletContextHandler@2f4c2cd4{/static,jar:file:/home/user/.m2/repository/org/apache/hadoop/hadoop-hdds-container-service/0.5.0-SNAPSHOT/hadoop-hdds-container-service-0.5.0-SNAPSHOT.jar!/webapps/static,UNAVAILABLE}
2019-09-10 05:25:32,772 [main] INFO  handler.ContextHandler (ContextHandler.java:doStop(910)) - Stopped o.e.j.s.ServletContextHandler@58f39564{/logs,file:///workdir/hadoop-ozone/integration-test/target/log,UNAVAILABLE}
2019-09-10 05:25:33,489 [Datanode State Machine Thread - 0] INFO  statemachine.DatanodeStateMachine (DatanodeStateMachine.java:lambda$startDaemon$0(350)) - Ozone container server started.
2019-09-10 05:25:33,489 [Datanode State Machine Thread - 0] INFO  statemachine.DatanodeStateMachine (DatanodeStateMachine.java:lambda$startDaemon$0(350)) - Ozone container server started.
2019-09-10 05:25:33,643 [grpc-default-executor-1] WARN  server.GrpcLogAppender (LogUtils.java:warn(134)) - 9ef1702c-ece5-4ac9-b96a-b31858c3d219@group-31F335587F71->cc4a97b8-a721-497f-8d26-8972627a814e-AppendLogResponseHandler: Failed appendEntries: org.apache.ratis.thirdparty.io.grpc.StatusRuntimeException: UNAVAILABLE: io exception
2019-09-10 05:25:33,645 [grpc-default-executor-1] INFO  impl.FollowerInfo (FollowerInfo.java:lambda$new$0(51)) - 9ef1702c-ece5-4ac9-b96a-b31858c3d219@group-31F335587F71->cc4a97b8-a721-497f-8d26-8972627a814e: nextIndex: updateUnconditionally 14 -> 13
2019-09-10 05:25:33,652 [grpc-default-executor-3] WARN  server.GrpcLogAppender (LogUtils.java:warn(134)) - 9ef1702c-ece5-4ac9-b96a-b31858c3d219@group-31F335587F71->cc4a97b8-a721-497f-8d26-8972627a814e-AppendLogResponseHandler: Failed appendEntries: org.apache.ratis.thirdparty.io.grpc.StatusRuntimeException: UNAVAILABLE: io exception
2019-09-10 05:25:33,655 [grpc-default-executor-3] INFO  impl.FollowerInfo (FollowerInfo.java:lambda$new$0(51)) - 9ef1702c-ece5-4ac9-b96a-b31858c3d219@group-31F335587F71->cc4a97b8-a721-497f-8d26-8972627a814e: nextIndex: updateUnconditionally 14 -> 13
2019-09-10 05:25:33,656 [RatisApplyTransactionExecutor 1] INFO  interfaces.Container (KeyValueContainer.java:flushAndSyncDB(384)) - Container 1 is synced with bcsId 11.
2019-09-10 05:25:33,657 [RatisApplyTransactionExecutor 1] INFO  interfaces.Container (KeyValueContainer.java:flushAndSyncDB(384)) - Container 1 is synced with bcsId 11.
2019-09-10 05:25:33,672 [RatisApplyTransactionExecutor 1] INFO  interfaces.Container (KeyValueContainer.java:flushAndSyncDB(384)) - Container 1 is synced with bcsId 11.
2019-09-10 05:25:33,673 [RatisApplyTransactionExecutor 1] INFO  interfaces.Container (KeyValueContainer.java:flushAndSyncDB(384)) - Container 1 is synced with bcsId 11.
2019-09-10 05:25:33,673 [RatisApplyTransactionExecutor 1] INFO  interfaces.Container (KeyValueContainer.java:close(333)) - Container 1 is closed with bcsId 11.
2019-09-10 05:25:33,675 [EventQueue-IncrementalContainerReportForIncrementalContainerReportHandler] INFO  container.IncrementalContainerReportHandler (AbstractContainerReportHandler.java:updateContainerState(176)) - Moving container #1 to CLOSED state, datanode 9ef1702c-ece5-4ac9-b96a-b31858c3d219{ip: 192.168.36.76, host: trunk-nightly-20190910-vk757-903364635, networkLocation: /default-rack, certSerialId: null} reported CLOSED replica.
2019-09-10 05:25:33,690 [RatisApplyTransactionExecutor 1] INFO  interfaces.Container (KeyValueContainer.java:close(333)) - Container 1 is closed with bcsId 11.
2019-09-10 05:25:36,156 [grpc-default-executor-0] WARN  server.GrpcLogAppender (LogUtils.java:warn(134)) - 9ef1702c-ece5-4ac9-b96a-b31858c3d219@group-31F335587F71->cc4a97b8-a721-497f-8d26-8972627a814e-AppendLogResponseHandler: Failed appendEntries: org.apache.ratis.thirdparty.io.grpc.StatusRuntimeException: UNAVAILABLE: io exception
2019-09-10 05:25:36,157 [grpc-default-executor-0] INFO  impl.FollowerInfo (FollowerInfo.java:lambda$new$0(51)) - 9ef1702c-ece5-4ac9-b96a-b31858c3d219@group-31F335587F71->cc4a97b8-a721-497f-8d26-8972627a814e: nextIndex: updateUnconditionally 13 -> 12
2019-09-10 05:25:37,528 [EventQueue-StaleNodeForStaleNodeHandler] INFO  node.StaleNodeHandler (StaleNodeHandler.java:onMessage(58)) - Datanode 21a56203-c10c-4b41-8de5-65150199fc74{ip: 192.168.36.76, host: trunk-nightly-20190910-vk757-903364635, networkLocation: /default-rack, certSerialId: null} moved to stale state. Finalizing its pipelines [PipelineID=e3719c53-3e3e-4e9c-9443-54c1314fc144, PipelineID=6b5963f4-0e05-428e-b2eb-21c1d007b266]
2019-09-10 05:25:37,528 [EventQueue-StaleNodeForStaleNodeHandler] INFO  pipeline.SCMPipelineManager (SCMPipelineManager.java:finalizeAndDestroyPipeline(311)) - destroying pipeline:Pipeline[ Id: e3719c53-3e3e-4e9c-9443-54c1314fc144, Nodes: 5548a24b-0164-4a3c-aa99-cd6a6c4e8a22{ip: 192.168.36.76, host: trunk-nightly-20190910-vk757-903364635, networkLocation: /default-rack, certSerialId: null}21a56203-c10c-4b41-8de5-65150199fc74{ip: 192.168.36.76, host: trunk-nightly-20190910-vk757-903364635, networkLocation: /default-rack, certSerialId: null}c940a4b4-485e-4e11-8997-834659c9cdb5{ip: 192.168.36.76, host: trunk-nightly-20190910-vk757-903364635, networkLocation: /default-rack, certSerialId: null}, Type:RATIS, Factor:THREE, State:OPEN]
2019-09-10 05:25:37,528 [EventQueue-StaleNodeForStaleNodeHandler] INFO  pipeline.PipelineStateManager (PipelineStateManager.java:finalizePipeline(123)) - Pipeline Pipeline[ Id: e3719c53-3e3e-4e9c-9443-54c1314fc144, Nodes: 5548a24b-0164-4a3c-aa99-cd6a6c4e8a22{ip: 192.168.36.76, host: trunk-nightly-20190910-vk757-903364635, networkLocation: /default-rack, certSerialId: null}21a56203-c10c-4b41-8de5-65150199fc74{ip: 192.168.36.76, host: trunk-nightly-20190910-vk757-903364635, networkLocation: /default-rack, certSerialId: null}c940a4b4-485e-4e11-8997-834659c9cdb5{ip: 192.168.36.76, host: trunk-nightly-20190910-vk757-903364635, networkLocation: /default-rack, certSerialId: null}, Type:RATIS, Factor:THREE, State:CLOSED] moved to CLOSED state
2019-09-10 05:25:37,529 [EventQueue-CloseContainerForCloseContainerEventHandler] INFO  container.CloseContainerEventHandler (CloseContainerEventHandler.java:onMessage(61)) - Close container Event triggered for container : #2
2019-09-10 05:25:37,531 [EventQueue-StaleNodeForStaleNodeHandler] INFO  pipeline.SCMPipelineManager (SCMPipelineManager.java:finalizeAndDestroyPipeline(311)) - destroying pipeline:Pipeline[ Id: 6b5963f4-0e05-428e-b2eb-21c1d007b266, Nodes: 21a56203-c10c-4b41-8de5-65150199fc74{ip: 192.168.36.76, host: trunk-nightly-20190910-vk757-903364635, networkLocation: /default-rack, certSerialId: null}, Type:RATIS, Factor:ONE, State:OPEN]
2019-09-10 05:25:37,533 [EventQueue-StaleNodeForStaleNodeHandler] INFO  pipeline.PipelineStateManager (PipelineStateManager.java:finalizePipeline(123)) - Pipeline Pipeline[ Id: 6b5963f4-0e05-428e-b2eb-21c1d007b266, Nodes: 21a56203-c10c-4b41-8de5-65150199fc74{ip: 192.168.36.76, host: trunk-nightly-20190910-vk757-903364635, networkLocation: /default-rack, certSerialId: null}, Type:RATIS, Factor:ONE, State:CLOSED] moved to CLOSED state
2019-09-10 05:25:37,533 [EventQueue-StaleNodeForStaleNodeHandler] INFO  node.StaleNodeHandler (StaleNodeHandler.java:onMessage(58)) - Datanode c940a4b4-485e-4e11-8997-834659c9cdb5{ip: 192.168.36.76, host: trunk-nightly-20190910-vk757-903364635, networkLocation: /default-rack, certSerialId: null} moved to stale state. Finalizing its pipelines [PipelineID=969a87b5-79c0-47ea-a010-415baca84496, PipelineID=e3719c53-3e3e-4e9c-9443-54c1314fc144]
2019-09-10 05:25:37,534 [EventQueue-StaleNodeForStaleNodeHandler] INFO  pipeline.SCMPipelineManager (SCMPipelineManager.java:finalizeAndDestroyPipeline(311)) - destroying pipeline:Pipeline[ Id: 969a87b5-79c0-47ea-a010-415baca84496, Nodes: c940a4b4-485e-4e11-8997-834659c9cdb5{ip: 192.168.36.76, host: trunk-nightly-20190910-vk757-903364635, networkLocation: /default-rack, certSerialId: null}, Type:RATIS, Factor:ONE, State:OPEN]
2019-09-10 05:25:37,534 [EventQueue-StaleNodeForStaleNodeHandler] INFO  pipeline.PipelineStateManager (PipelineStateManager.java:finalizePipeline(123)) - Pipeline Pipeline[ Id: 969a87b5-79c0-47ea-a010-415baca84496, Nodes: c940a4b4-485e-4e11-8997-834659c9cdb5{ip: 192.168.36.76, host: trunk-nightly-20190910-vk757-903364635, networkLocation: /default-rack, certSerialId: null}, Type:RATIS, Factor:ONE, State:CLOSED] moved to CLOSED state
2019-09-10 05:25:37,534 [EventQueue-StaleNodeForStaleNodeHandler] INFO  pipeline.SCMPipelineManager (SCMPipelineManager.java:finalizeAndDestroyPipeline(311)) - destroying pipeline:Pipeline[ Id: e3719c53-3e3e-4e9c-9443-54c1314fc144, Nodes: 5548a24b-0164-4a3c-aa99-cd6a6c4e8a22{ip: 192.168.36.76, host: trunk-nightly-20190910-vk757-903364635, networkLocation: /default-rack, certSerialId: null}21a56203-c10c-4b41-8de5-65150199fc74{ip: 192.168.36.76, host: trunk-nightly-20190910-vk757-903364635, networkLocation: /default-rack, certSerialId: null}c940a4b4-485e-4e11-8997-834659c9cdb5{ip: 192.168.36.76, host: trunk-nightly-20190910-vk757-903364635, networkLocation: /default-rack, certSerialId: null}, Type:RATIS, Factor:THREE, State:CLOSED]
2019-09-10 05:25:37,713 [ForkJoinPool.commonPool-worker-1] INFO  ozoneimpl.OzoneContainer (OzoneContainer.java:stop(231)) - Attempting to stop container services.
2019-09-10 05:25:37,714 [ForkJoinPool.commonPool-worker-1] INFO  impl.RaftServerProxy (RaftServerProxy.java:lambda$close$4(314)) - 21a56203-c10c-4b41-8de5-65150199fc74: close
2019-09-10 05:25:37,714 [ForkJoinPool.commonPool-worker-1] INFO  impl.RaftServerImpl (RaftServerImpl.java:lambda$shutdown$3(251)) - 21a56203-c10c-4b41-8de5-65150199fc74@group-54C1314FC144: shutdown
2019-09-10 05:25:37,714 [ForkJoinPool.commonPool-worker-1] INFO  util.JmxRegister (JmxRegister.java:unregister(73)) - Successfully un-registered JMX Bean with object name Ratis:service=RaftServer,group=group-54C1314FC144,id=21a56203-c10c-4b41-8de5-65150199fc74
2019-09-10 05:25:37,715 [ForkJoinPool.commonPool-worker-1] INFO  impl.RoleInfo (RoleInfo.java:shutdownFollowerState(121)) - 21a56203-c10c-4b41-8de5-65150199fc74: shutdown FollowerState
2019-09-10 05:25:37,715 [ForkJoinPool.commonPool-worker-1] INFO  impl.StateMachineUpdater (StateMachineUpdater.java:stopAndJoin(125)) - 21a56203-c10c-4b41-8de5-65150199fc74@group-54C1314FC144-StateMachineUpdater: set stopIndex = 4
2019-09-10 05:25:37,715 [Thread-309] INFO  impl.FollowerState (FollowerState.java:run(115)) - 21a56203-c10c-4b41-8de5-65150199fc74: FollowerState was interrupted: java.lang.InterruptedException: sleep interrupted
2019-09-10 05:25:37,715 [21a56203-c10c-4b41-8de5-65150199fc74@group-54C1314FC144-StateMachineUpdater] INFO  ratis.ContainerStateMachine (ContainerStateMachine.java:takeSnapshot(289)) - group-54C1314FC144: Taking a snapshot at:(t:1, i:3) file /workdir/hadoop-ozone/integration-test/target/test-dir/MiniOzoneClusterImpl-247e7c78-77b9-484f-b8fa-e1666253ae99/datanode-2/data/ratis/e3719c53-3e3e-4e9c-9443-54c1314fc144/sm/snapshot.1_3
2019-09-10 05:25:37,730 [21a56203-c10c-4b41-8de5-65150199fc74@group-54C1314FC144-StateMachineUpdater] INFO  ratis.ContainerStateMachine (ContainerStateMachine.java:takeSnapshot(300)) - group-54C1314FC144: Finished taking a snapshot at:(t:1, i:3) file:/workdir/hadoop-ozone/integration-test/target/test-dir/MiniOzoneClusterImpl-247e7c78-77b9-484f-b8fa-e1666253ae99/datanode-2/data/ratis/e3719c53-3e3e-4e9c-9443-54c1314fc144/sm/snapshot.1_3 time:15
2019-09-10 05:25:37,731 [21a56203-c10c-4b41-8de5-65150199fc74@group-54C1314FC144-StateMachineUpdater] INFO  impl.StateMachineUpdater (StateMachineUpdater.java:takeSnapshot(258)) - 21a56203-c10c-4b41-8de5-65150199fc74@group-54C1314FC144-StateMachineUpdater: Took a snapshot at index 3
2019-09-10 05:25:37,731 [21a56203-c10c-4b41-8de5-65150199fc74@group-54C1314FC144-StateMachineUpdater] INFO  impl.StateMachineUpdater (StateMachineUpdater.java:lambda$new$0(83)) - 21a56203-c10c-4b41-8de5-65150199fc74@group-54C1314FC144-StateMachineUpdater: snapshotIndex: updateIncreasingly -1 -> 3
2019-09-10 05:25:37,731 [21a56203-c10c-4b41-8de5-65150199fc74@group-54C1314FC144-StateMachineUpdater] INFO  ratis.ContainerStateMachine (ContainerStateMachine.java:takeSnapshot(289)) - group-54C1314FC144: Taking a snapshot at:(t:1, i:3) file /workdir/hadoop-ozone/integration-test/target/test-dir/MiniOzoneClusterImpl-247e7c78-77b9-484f-b8fa-e1666253ae99/datanode-2/data/ratis/e3719c53-3e3e-4e9c-9443-54c1314fc144/sm/snapshot.1_3
2019-09-10 05:25:37,742 [21a56203-c10c-4b41-8de5-65150199fc74@group-54C1314FC144-StateMachineUpdater] INFO  ratis.ContainerStateMachine (ContainerStateMachine.java:takeSnapshot(300)) - group-54C1314FC144: Finished taking a snapshot at:(t:1, i:3) file:/workdir/hadoop-ozone/integration-test/target/test-dir/MiniOzoneClusterImpl-247e7c78-77b9-484f-b8fa-e1666253ae99/datanode-2/data/ratis/e3719c53-3e3e-4e9c-9443-54c1314fc144/sm/snapshot.1_3 time:11
2019-09-10 05:25:37,742 [21a56203-c10c-4b41-8de5-65150199fc74@group-54C1314FC144-StateMachineUpdater] INFO  impl.StateMachineUpdater (StateMachineUpdater.java:takeSnapshot(258)) - 21a56203-c10c-4b41-8de5-65150199fc74@group-54C1314FC144-StateMachineUpdater: Took a snapshot at index 3
2019-09-10 05:25:37,742 [21a56203-c10c-4b41-8de5-65150199fc74@group-54C1314FC144-StateMachineUpdater] INFO  impl.StateMachineUpdater (StateMachineUpdater.java:lambda$new$0(83)) - 21a56203-c10c-4b41-8de5-65150199fc74@group-54C1314FC144-StateMachineUpdater: snapshotIndex: updateIncreasingly 3 -> 3
2019-09-10 05:25:37,743 [ForkJoinPool.commonPool-worker-1] INFO  impl.RaftServerImpl (ServerState.java:close(385)) - 21a56203-c10c-4b41-8de5-65150199fc74@group-54C1314FC144: closes. applyIndex: 4
2019-09-10 05:25:37,743 [21a56203-c10c-4b41-8de5-65150199fc74@group-54C1314FC144-SegmentedRaftLogWorker] INFO  segmented.SegmentedRaftLogWorker (SegmentedRaftLogWorker.java:run(313)) - 21a56203-c10c-4b41-8de5-65150199fc74@group-54C1314FC144-SegmentedRaftLogWorker was interrupted, exiting. There are 0 tasks remaining in the queue.
2019-09-10 05:25:37,745 [ForkJoinPool.commonPool-worker-1] INFO  segmented.SegmentedRaftLogWorker (SegmentedRaftLogWorker.java:close(228)) - 21a56203-c10c-4b41-8de5-65150199fc74@group-54C1314FC144-SegmentedRaftLogWorker close()
2019-09-10 05:25:37,747 [ForkJoinPool.commonPool-worker-1] INFO  impl.RaftServerImpl (RaftServerImpl.java:lambda$shutdown$3(251)) - 21a56203-c10c-4b41-8de5-65150199fc74@group-21C1D007B266: shutdown
2019-09-10 05:25:37,747 [ForkJoinPool.commonPool-worker-1] INFO  util.JmxRegister (JmxRegister.java:unregister(73)) - Successfully un-registered JMX Bean with object name Ratis:service=RaftServer,group=group-21C1D007B266,id=21a56203-c10c-4b41-8de5-65150199fc74
2019-09-10 05:25:37,747 [ForkJoinPool.commonPool-worker-1] INFO  impl.RoleInfo (RoleInfo.java:shutdownLeaderState(104)) - 21a56203-c10c-4b41-8de5-65150199fc74: shutdown LeaderState
2019-09-10 05:25:37,747 [ForkJoinPool.commonPool-worker-1] INFO  impl.PendingRequests (PendingRequests.java:sendNotLeaderResponses(202)) - 21a56203-c10c-4b41-8de5-65150199fc74-PendingRequests: sendNotLeaderResponses
2019-09-10 05:25:37,748 [ForkJoinPool.commonPool-worker-1] INFO  impl.StateMachineUpdater (StateMachineUpdater.java:stopAndJoin(125)) - 21a56203-c10c-4b41-8de5-65150199fc74@group-21C1D007B266-StateMachineUpdater: set stopIndex = 0
2019-09-10 05:25:37,748 [ForkJoinPool.commonPool-worker-1] INFO  impl.RaftServerImpl (ServerState.java:close(385)) - 21a56203-c10c-4b41-8de5-65150199fc74@group-21C1D007B266: closes. applyIndex: 0
2019-09-10 05:25:37,748 [21a56203-c10c-4b41-8de5-65150199fc74@group-21C1D007B266-SegmentedRaftLogWorker] INFO  segmented.SegmentedRaftLogWorker (SegmentedRaftLogWorker.java:run(313)) - 21a56203-c10c-4b41-8de5-65150199fc74@group-21C1D007B266-SegmentedRaftLogWorker was interrupted, exiting. There are 0 tasks remaining in the queue.
2019-09-10 05:25:37,749 [ForkJoinPool.commonPool-worker-1] INFO  segmented.SegmentedRaftLogWorker (SegmentedRaftLogWorker.java:close(228)) - 21a56203-c10c-4b41-8de5-65150199fc74@group-21C1D007B266-SegmentedRaftLogWorker close()
2019-09-10 05:25:37,751 [ForkJoinPool.commonPool-worker-1] INFO  server.GrpcService (GrpcService.java:closeImpl(164)) - 21a56203-c10c-4b41-8de5-65150199fc74: shutdown server with port 35925 now
2019-09-10 05:25:37,752 [grpc-default-executor-3] WARN  server.GrpcServerProtocolService (LogUtils.java:warn(134)) - 21a56203-c10c-4b41-8de5-65150199fc74: installSnapshot onError, lastRequest: c940a4b4-485e-4e11-8997-834659c9cdb5->21a56203-c10c-4b41-8de5-65150199fc74#10-t1, previous=(t:1, i:4), leaderCommit=4, initializing? false, entries: <empty>: org.apache.ratis.thirdparty.io.grpc.StatusRuntimeException: CANCELLED: cancelled before receiving half close
2019-09-10 05:25:37,753 [ForkJoinPool.commonPool-worker-1] INFO  server.GrpcService (GrpcService.java:closeImpl(172)) - 21a56203-c10c-4b41-8de5-65150199fc74: shutdown server with port 35925 successfully
2019-09-10 05:25:37,756 [grpc-default-executor-1] WARN  server.GrpcLogAppender (LogUtils.java:warn(134)) - c940a4b4-485e-4e11-8997-834659c9cdb5@group-54C1314FC144->21a56203-c10c-4b41-8de5-65150199fc74-AppendLogResponseHandler: Failed appendEntries: org.apache.ratis.thirdparty.io.grpc.StatusRuntimeException: CANCELLED: HTTP/2 error code: CANCEL
Received Rst Stream
2019-09-10 05:25:37,758 [grpc-default-executor-1] INFO  impl.FollowerInfo (FollowerInfo.java:lambda$new$0(51)) - c940a4b4-485e-4e11-8997-834659c9cdb5@group-54C1314FC144->21a56203-c10c-4b41-8de5-65150199fc74: nextIndex: updateUnconditionally 5 -> 4
2019-09-10 05:25:37,767 [refreshUsed-/workdir/hadoop-ozone/integration-test/target/test-dir/MiniOzoneClusterImpl-247e7c78-77b9-484f-b8fa-e1666253ae99/datanode-2/data/containers] WARN  fs.CachingGetSpaceUsed (CachingGetSpaceUsed.java:run(183)) - Thread Interrupted waiting to refresh disk information: sleep interrupted
2019-09-10 05:25:37,774 [main] INFO  ozoneimpl.OzoneContainer (OzoneContainer.java:stop(231)) - Attempting to stop container services.
2019-09-10 05:25:37,774 [main] INFO  impl.RaftServerProxy (RaftServerProxy.java:lambda$close$4(314)) - c940a4b4-485e-4e11-8997-834659c9cdb5: close
2019-09-10 05:25:37,775 [main] INFO  impl.RaftServerImpl (RaftServerImpl.java:lambda$shutdown$3(251)) - c940a4b4-485e-4e11-8997-834659c9cdb5@group-415BACA84496: shutdown
2019-09-10 05:25:37,775 [main] INFO  util.JmxRegister (JmxRegister.java:unregister(73)) - Successfully un-registered JMX Bean with object name Ratis:service=RaftServer,group=group-415BACA84496,id=c940a4b4-485e-4e11-8997-834659c9cdb5
2019-09-10 05:25:37,775 [main] INFO  impl.RoleInfo (RoleInfo.java:shutdownLeaderState(104)) - c940a4b4-485e-4e11-8997-834659c9cdb5: shutdown LeaderState
2019-09-10 05:25:37,776 [main] INFO  impl.PendingRequests (PendingRequests.java:sendNotLeaderResponses(202)) - c940a4b4-485e-4e11-8997-834659c9cdb5-PendingRequests: sendNotLeaderResponses
2019-09-10 05:25:37,776 [main] INFO  impl.StateMachineUpdater (StateMachineUpdater.java:stopAndJoin(125)) - c940a4b4-485e-4e11-8997-834659c9cdb5@group-415BACA84496-StateMachineUpdater: set stopIndex = 0
2019-09-10 05:25:37,776 [main] INFO  impl.RaftServerImpl (ServerState.java:close(385)) - c940a4b4-485e-4e11-8997-834659c9cdb5@group-415BACA84496: closes. applyIndex: 0
2019-09-10 05:25:37,777 [c940a4b4-485e-4e11-8997-834659c9cdb5@group-415BACA84496-SegmentedRaftLogWorker] INFO  segmented.SegmentedRaftLogWorker (SegmentedRaftLogWorker.java:run(313)) - c940a4b4-485e-4e11-8997-834659c9cdb5@group-415BACA84496-SegmentedRaftLogWorker was interrupted, exiting. There are 0 tasks remaining in the queue.
2019-09-10 05:25:37,778 [main] INFO  segmented.SegmentedRaftLogWorker (SegmentedRaftLogWorker.java:close(228)) - c940a4b4-485e-4e11-8997-834659c9cdb5@group-415BACA84496-SegmentedRaftLogWorker close()
2019-09-10 05:25:37,780 [main] INFO  impl.RaftServerImpl (RaftServerImpl.java:lambda$shutdown$3(251)) - c940a4b4-485e-4e11-8997-834659c9cdb5@group-54C1314FC144: shutdown
2019-09-10 05:25:37,780 [main] INFO  util.JmxRegister (JmxRegister.java:unregister(73)) - Successfully un-registered JMX Bean with object name Ratis:service=RaftServer,group=group-54C1314FC144,id=c940a4b4-485e-4e11-8997-834659c9cdb5
2019-09-10 05:25:37,780 [main] INFO  impl.RoleInfo (RoleInfo.java:shutdownLeaderState(104)) - c940a4b4-485e-4e11-8997-834659c9cdb5: shutdown LeaderState
2019-09-10 05:25:37,782 [main] INFO  impl.PendingRequests (PendingRequests.java:sendNotLeaderResponses(202)) - c940a4b4-485e-4e11-8997-834659c9cdb5-PendingRequests: sendNotLeaderResponses
2019-09-10 05:25:37,782 [org.apache.ratis.server.impl.LogAppender$AppenderDaemon$$Lambda$512/623231696@6bf37e93] WARN  server.GrpcLogAppender (GrpcLogAppender.java:mayWait(143)) - c940a4b4-485e-4e11-8997-834659c9cdb5@group-54C1314FC144->5548a24b-0164-4a3c-aa99-cd6a6c4e8a22-GrpcLogAppender: Wait interrupted by java.lang.InterruptedException
2019-09-10 05:25:37,782 [org.apache.ratis.server.impl.LogAppender$AppenderDaemon$$Lambda$512/623231696@2f2989cf] WARN  server.GrpcLogAppender (GrpcLogAppender.java:mayWait(143)) - c940a4b4-485e-4e11-8997-834659c9cdb5@group-54C1314FC144->21a56203-c10c-4b41-8de5-65150199fc74-GrpcLogAppender: Wait interrupted by java.lang.InterruptedException
2019-09-10 05:25:37,785 [grpc-default-executor-3] INFO  server.GrpcServerProtocolService (GrpcServerProtocolService.java:onCompleted(113)) - 5548a24b-0164-4a3c-aa99-cd6a6c4e8a22: Completed APPEND_ENTRIES, lastRequest: c940a4b4-485e-4e11-8997-834659c9cdb5->5548a24b-0164-4a3c-aa99-cd6a6c4e8a22#10-t1, previous=(t:1, i:4), leaderCommit=4, initializing? false, entries: <empty>
2019-09-10 05:25:37,786 [grpc-default-executor-3] INFO  server.GrpcLogAppender (GrpcLogAppender.java:onCompleted(293)) - c940a4b4-485e-4e11-8997-834659c9cdb5@group-54C1314FC144->5548a24b-0164-4a3c-aa99-cd6a6c4e8a22-AppendLogResponseHandler: follower responses appendEntries COMPLETED
2019-09-10 05:25:37,789 [grpc-default-executor-3] INFO  impl.FollowerInfo (FollowerInfo.java:lambda$new$0(51)) - c940a4b4-485e-4e11-8997-834659c9cdb5@group-54C1314FC144->5548a24b-0164-4a3c-aa99-cd6a6c4e8a22: nextIndex: updateUnconditionally 5 -> 4
2019-09-10 05:25:37,789 [c940a4b4-485e-4e11-8997-834659c9cdb5@group-54C1314FC144-StateMachineUpdater] INFO  ratis.ContainerStateMachine (ContainerStateMachine.java:takeSnapshot(289)) - group-54C1314FC144: Taking a snapshot at:(t:1, i:4) file /workdir/hadoop-ozone/integration-test/target/test-dir/MiniOzoneClusterImpl-247e7c78-77b9-484f-b8fa-e1666253ae99/datanode-3/data/ratis/e3719c53-3e3e-4e9c-9443-54c1314fc144/sm/snapshot.1_4
2019-09-10 05:25:37,789 [main] INFO  impl.StateMachineUpdater (StateMachineUpdater.java:stopAndJoin(125)) - c940a4b4-485e-4e11-8997-834659c9cdb5@group-54C1314FC144-StateMachineUpdater: set stopIndex = 4
2019-09-10 05:25:37,789 [ForkJoinPool.commonPool-worker-1] INFO  utils.BackgroundService (BackgroundService.java:shutdown(148)) - Shutting down service BlockDeletingService
2019-09-10 05:25:37,792 [ForkJoinPool.commonPool-worker-1] INFO  statemachine.DatanodeStateMachine (DatanodeStateMachine.java:stopDaemon(395)) - Ozone container server stopped.
2019-09-10 05:25:37,796 [ForkJoinPool.commonPool-worker-1] INFO  handler.ContextHandler (ContextHandler.java:doStop(910)) - Stopped o.e.j.w.WebAppContext@328d044f{/,null,UNAVAILABLE}{/hddsDatanode}
2019-09-10 05:25:37,797 [ForkJoinPool.commonPool-worker-1] INFO  server.AbstractConnector (AbstractConnector.java:doStop(318)) - Stopped ServerConnector@10f7c76{HTTP/1.1,[http/1.1]}{0.0.0.0:0}
2019-09-10 05:25:37,798 [ForkJoinPool.commonPool-worker-1] INFO  handler.ContextHandler (ContextHandler.java:doStop(910)) - Stopped o.e.j.s.ServletContextHandler@2e66bc32{/static,jar:file:/home/user/.m2/repository/org/apache/hadoop/hadoop-hdds-container-service/0.5.0-SNAPSHOT/hadoop-hdds-container-service-0.5.0-SNAPSHOT.jar!/webapps/static,UNAVAILABLE}
2019-09-10 05:25:37,799 [ForkJoinPool.commonPool-worker-1] INFO  handler.ContextHandler (ContextHandler.java:doStop(910)) - Stopped o.e.j.s.ServletContextHandler@5af8bb51{/logs,file:///workdir/hadoop-ozone/integration-test/target/log,UNAVAILABLE}
2019-09-10 05:25:37,846 [c940a4b4-485e-4e11-8997-834659c9cdb5@group-54C1314FC144-StateMachineUpdater] INFO  ratis.ContainerStateMachine (ContainerStateMachine.java:takeSnapshot(300)) - group-54C1314FC144: Finished taking a snapshot at:(t:1, i:4) file:/workdir/hadoop-ozone/integration-test/target/test-dir/MiniOzoneClusterImpl-247e7c78-77b9-484f-b8fa-e1666253ae99/datanode-3/data/ratis/e3719c53-3e3e-4e9c-9443-54c1314fc144/sm/snapshot.1_4 time:57
2019-09-10 05:25:37,846 [c940a4b4-485e-4e11-8997-834659c9cdb5@group-54C1314FC144-StateMachineUpdater] INFO  impl.StateMachineUpdater (StateMachineUpdater.java:takeSnapshot(258)) - c940a4b4-485e-4e11-8997-834659c9cdb5@group-54C1314FC144-StateMachineUpdater: Took a snapshot at index 4
2019-09-10 05:25:37,846 [c940a4b4-485e-4e11-8997-834659c9cdb5@group-54C1314FC144-StateMachineUpdater] INFO  impl.StateMachineUpdater (StateMachineUpdater.java:lambda$new$0(83)) - c940a4b4-485e-4e11-8997-834659c9cdb5@group-54C1314FC144-StateMachineUpdater: snapshotIndex: updateIncreasingly -1 -> 4
2019-09-10 05:25:37,847 [main] INFO  impl.RaftServerImpl (ServerState.java:close(385)) - c940a4b4-485e-4e11-8997-834659c9cdb5@group-54C1314FC144: closes. applyIndex: 4
2019-09-10 05:25:37,847 [c940a4b4-485e-4e11-8997-834659c9cdb5@group-54C1314FC144-SegmentedRaftLogWorker] INFO  segmented.SegmentedRaftLogWorker (SegmentedRaftLogWorker.java:run(313)) - c940a4b4-485e-4e11-8997-834659c9cdb5@group-54C1314FC144-SegmentedRaftLogWorker was interrupted, exiting. There are 0 tasks remaining in the queue.
2019-09-10 05:25:37,849 [main] INFO  segmented.SegmentedRaftLogWorker (SegmentedRaftLogWorker.java:close(228)) - c940a4b4-485e-4e11-8997-834659c9cdb5@group-54C1314FC144-SegmentedRaftLogWorker close()
2019-09-10 05:25:37,851 [main] INFO  server.GrpcService (GrpcService.java:closeImpl(164)) - c940a4b4-485e-4e11-8997-834659c9cdb5: shutdown server with port 36668 now
2019-09-10 05:25:37,852 [main] INFO  server.GrpcService (GrpcService.java:closeImpl(172)) - c940a4b4-485e-4e11-8997-834659c9cdb5: shutdown server with port 36668 successfully
2019-09-10 05:25:37,859 [refreshUsed-/workdir/hadoop-ozone/integration-test/target/test-dir/MiniOzoneClusterImpl-247e7c78-77b9-484f-b8fa-e1666253ae99/datanode-3/data/containers] WARN  fs.CachingGetSpaceUsed (CachingGetSpaceUsed.java:run(183)) - Thread Interrupted waiting to refresh disk information: sleep interrupted
2019-09-10 05:25:37,873 [main] INFO  utils.BackgroundService (BackgroundService.java:shutdown(148)) - Shutting down service BlockDeletingService
2019-09-10 05:25:37,877 [main] INFO  statemachine.DatanodeStateMachine (DatanodeStateMachine.java:stopDaemon(395)) - Ozone container server stopped.
2019-09-10 05:25:37,878 [main] INFO  handler.ContextHandler (ContextHandler.java:doStop(910)) - Stopped o.e.j.w.WebAppContext@709ed6f3{/,null,UNAVAILABLE}{/hddsDatanode}
2019-09-10 05:25:37,879 [main] INFO  server.AbstractConnector (AbstractConnector.java:doStop(318)) - Stopped ServerConnector@698fee9a{HTTP/1.1,[http/1.1]}{0.0.0.0:0}
2019-09-10 05:25:37,879 [main] INFO  handler.ContextHandler (ContextHandler.java:doStop(910)) - Stopped o.e.j.s.ServletContextHandler@443effcb{/static,jar:file:/home/user/.m2/repository/org/apache/hadoop/hadoop-hdds-container-service/0.5.0-SNAPSHOT/hadoop-hdds-container-service-0.5.0-SNAPSHOT.jar!/webapps/static,UNAVAILABLE}
2019-09-10 05:25:37,880 [main] INFO  handler.ContextHandler (ContextHandler.java:doStop(910)) - Stopped o.e.j.s.ServletContextHandler@3cd9aa64{/logs,file:///workdir/hadoop-ozone/integration-test/target/log,UNAVAILABLE}
2019-09-10 05:25:38,492 [Datanode State Machine Thread - 0] INFO  statemachine.DatanodeStateMachine (DatanodeStateMachine.java:lambda$startDaemon$0(350)) - Ozone container server started.
2019-09-10 05:25:38,658 [grpc-default-executor-2] WARN  server.GrpcLogAppender (LogUtils.java:warn(134)) - 9ef1702c-ece5-4ac9-b96a-b31858c3d219@group-31F335587F71->cc4a97b8-a721-497f-8d26-8972627a814e-AppendLogResponseHandler: Failed appendEntries: org.apache.ratis.thirdparty.io.grpc.StatusRuntimeException: UNAVAILABLE: io exception
2019-09-10 05:25:38,660 [grpc-default-executor-2] INFO  impl.FollowerInfo (FollowerInfo.java:lambda$new$0(51)) - 9ef1702c-ece5-4ac9-b96a-b31858c3d219@group-31F335587F71->cc4a97b8-a721-497f-8d26-8972627a814e: nextIndex: updateUnconditionally 12 -> 11
2019-09-10 05:25:38,674 [Datanode State Machine Thread - 0] INFO  statemachine.DatanodeStateMachine (DatanodeStateMachine.java:lambda$startDaemon$0(350)) - Ozone container server started.
2019-09-10 05:25:41,164 [grpc-default-executor-2] WARN  server.GrpcLogAppender (LogUtils.java:warn(134)) - 9ef1702c-ece5-4ac9-b96a-b31858c3d219@group-31F335587F71->cc4a97b8-a721-497f-8d26-8972627a814e-AppendLogResponseHandler: Failed appendEntries: org.apache.ratis.thirdparty.io.grpc.StatusRuntimeException: UNAVAILABLE: io exception
2019-09-10 05:25:41,166 [grpc-default-executor-2] INFO  impl.FollowerInfo (FollowerInfo.java:lambda$new$0(51)) - 9ef1702c-ece5-4ac9-b96a-b31858c3d219@group-31F335587F71->cc4a97b8-a721-497f-8d26-8972627a814e: nextIndex: updateUnconditionally 11 -> 10
2019-09-10 05:25:42,537 [EventQueue-StaleNodeForStaleNodeHandler] INFO  node.StaleNodeHandler (StaleNodeHandler.java:onMessage(58)) - Datanode 5548a24b-0164-4a3c-aa99-cd6a6c4e8a22{ip: 192.168.36.76, host: trunk-nightly-20190910-vk757-903364635, networkLocation: /default-rack, certSerialId: null} moved to stale state. Finalizing its pipelines [PipelineID=e3719c53-3e3e-4e9c-9443-54c1314fc144, PipelineID=dbf108f9-91bf-45b5-aa71-d3e504095c65]
2019-09-10 05:25:42,537 [EventQueue-StaleNodeForStaleNodeHandler] INFO  pipeline.SCMPipelineManager (SCMPipelineManager.java:finalizeAndDestroyPipeline(311)) - destroying pipeline:Pipeline[ Id: e3719c53-3e3e-4e9c-9443-54c1314fc144, Nodes: 5548a24b-0164-4a3c-aa99-cd6a6c4e8a22{ip: 192.168.36.76, host: trunk-nightly-20190910-vk757-903364635, networkLocation: /default-rack, certSerialId: null}21a56203-c10c-4b41-8de5-65150199fc74{ip: 192.168.36.76, host: trunk-nightly-20190910-vk757-903364635, networkLocation: /default-rack, certSerialId: null}c940a4b4-485e-4e11-8997-834659c9cdb5{ip: 192.168.36.76, host: trunk-nightly-20190910-vk757-903364635, networkLocation: /default-rack, certSerialId: null}, Type:RATIS, Factor:THREE, State:CLOSED]
2019-09-10 05:25:42,537 [EventQueue-StaleNodeForStaleNodeHandler] INFO  pipeline.SCMPipelineManager (SCMPipelineManager.java:finalizeAndDestroyPipeline(311)) - destroying pipeline:Pipeline[ Id: dbf108f9-91bf-45b5-aa71-d3e504095c65, Nodes: 5548a24b-0164-4a3c-aa99-cd6a6c4e8a22{ip: 192.168.36.76, host: trunk-nightly-20190910-vk757-903364635, networkLocation: /default-rack, certSerialId: null}, Type:RATIS, Factor:ONE, State:OPEN]
2019-09-10 05:25:42,537 [EventQueue-StaleNodeForStaleNodeHandler] INFO  pipeline.PipelineStateManager (PipelineStateManager.java:finalizePipeline(123)) - Pipeline Pipeline[ Id: dbf108f9-91bf-45b5-aa71-d3e504095c65, Nodes: 5548a24b-0164-4a3c-aa99-cd6a6c4e8a22{ip: 192.168.36.76, host: trunk-nightly-20190910-vk757-903364635, networkLocation: /default-rack, certSerialId: null}, Type:RATIS, Factor:ONE, State:CLOSED] moved to CLOSED state
2019-09-10 05:25:42,737 [EventQueue-StaleNodeForStaleNodeHandler] INFO  node.StaleNodeHandler (StaleNodeHandler.java:onMessage(58)) - Datanode 9ef1702c-ece5-4ac9-b96a-b31858c3d219{ip: 192.168.36.76, host: trunk-nightly-20190910-vk757-903364635, networkLocation: /default-rack, certSerialId: null} moved to stale state. Finalizing its pipelines [PipelineID=47829d56-d355-4f59-aa91-31f335587f71, PipelineID=8481769f-906b-4b21-8d0e-1c649a892858]
2019-09-10 05:25:42,737 [EventQueue-StaleNodeForStaleNodeHandler] INFO  pipeline.SCMPipelineManager (SCMPipelineManager.java:finalizeAndDestroyPipeline(311)) - destroying pipeline:Pipeline[ Id: 47829d56-d355-4f59-aa91-31f335587f71, Nodes: 9ef1702c-ece5-4ac9-b96a-b31858c3d219{ip: 192.168.36.76, host: trunk-nightly-20190910-vk757-903364635, networkLocation: /default-rack, certSerialId: null}1cdb4630-dc2b-4fec-8a69-17f5c78645cd{ip: 192.168.36.76, host: trunk-nightly-20190910-vk757-903364635, networkLocation: /default-rack, certSerialId: null}cc4a97b8-a721-497f-8d26-8972627a814e{ip: 192.168.36.76, host: trunk-nightly-20190910-vk757-903364635, networkLocation: /default-rack, certSerialId: null}, Type:RATIS, Factor:THREE, State:CLOSED]
2019-09-10 05:25:42,738 [EventQueue-StaleNodeForStaleNodeHandler] INFO  pipeline.SCMPipelineManager (SCMPipelineManager.java:finalizeAndDestroyPipeline(311)) - destroying pipeline:Pipeline[ Id: 8481769f-906b-4b21-8d0e-1c649a892858, Nodes: 9ef1702c-ece5-4ac9-b96a-b31858c3d219{ip: 192.168.36.76, host: trunk-nightly-20190910-vk757-903364635, networkLocation: /default-rack, certSerialId: null}, Type:RATIS, Factor:ONE, State:OPEN]
2019-09-10 05:25:42,738 [EventQueue-StaleNodeForStaleNodeHandler] INFO  pipeline.PipelineStateManager (PipelineStateManager.java:finalizePipeline(123)) - Pipeline Pipeline[ Id: 8481769f-906b-4b21-8d0e-1c649a892858, Nodes: 9ef1702c-ece5-4ac9-b96a-b31858c3d219{ip: 192.168.36.76, host: trunk-nightly-20190910-vk757-903364635, networkLocation: /default-rack, certSerialId: null}, Type:RATIS, Factor:ONE, State:CLOSED] moved to CLOSED state
2019-09-10 05:25:42,802 [ForkJoinPool.commonPool-worker-1] INFO  ozoneimpl.OzoneContainer (OzoneContainer.java:stop(231)) - Attempting to stop container services.
2019-09-10 05:25:42,805 [ForkJoinPool.commonPool-worker-1] INFO  impl.RaftServerProxy (RaftServerProxy.java:lambda$close$4(314)) - 9ef1702c-ece5-4ac9-b96a-b31858c3d219: close
2019-09-10 05:25:42,805 [ForkJoinPool.commonPool-worker-1] INFO  impl.RaftServerImpl (RaftServerImpl.java:lambda$shutdown$3(251)) - 9ef1702c-ece5-4ac9-b96a-b31858c3d219@group-31F335587F71: shutdown
2019-09-10 05:25:42,806 [ForkJoinPool.commonPool-worker-1] INFO  util.JmxRegister (JmxRegister.java:unregister(73)) - Successfully un-registered JMX Bean with object name Ratis:service=RaftServer,group=group-31F335587F71,id=9ef1702c-ece5-4ac9-b96a-b31858c3d219
2019-09-10 05:25:42,806 [ForkJoinPool.commonPool-worker-1] INFO  impl.RoleInfo (RoleInfo.java:shutdownLeaderState(104)) - 9ef1702c-ece5-4ac9-b96a-b31858c3d219: shutdown LeaderState
2019-09-10 05:25:42,809 [org.apache.ratis.server.impl.LogAppender$AppenderDaemon$$Lambda$512/623231696@149d4023] WARN  server.GrpcLogAppender (GrpcLogAppender.java:mayWait(143)) - 9ef1702c-ece5-4ac9-b96a-b31858c3d219@group-31F335587F71->cc4a97b8-a721-497f-8d26-8972627a814e-GrpcLogAppender: Wait interrupted by java.lang.InterruptedException
2019-09-10 05:25:42,809 [ForkJoinPool.commonPool-worker-1] INFO  impl.PendingRequests (PendingRequests.java:sendNotLeaderResponses(202)) - 9ef1702c-ece5-4ac9-b96a-b31858c3d219-PendingRequests: sendNotLeaderResponses
2019-09-10 05:25:42,809 [org.apache.ratis.server.impl.LogAppender$AppenderDaemon$$Lambda$512/623231696@7264d23b] WARN  server.GrpcLogAppender (GrpcLogAppender.java:mayWait(143)) - 9ef1702c-ece5-4ac9-b96a-b31858c3d219@group-31F335587F71->1cdb4630-dc2b-4fec-8a69-17f5c78645cd-GrpcLogAppender: Wait interrupted by java.lang.InterruptedException
2019-09-10 05:25:42,813 [ForkJoinPool.commonPool-worker-1] INFO  impl.StateMachineUpdater (StateMachineUpdater.java:stopAndJoin(125)) - 9ef1702c-ece5-4ac9-b96a-b31858c3d219@group-31F335587F71-StateMachineUpdater: set stopIndex = 15
2019-09-10 05:25:42,813 [9ef1702c-ece5-4ac9-b96a-b31858c3d219@group-31F335587F71-StateMachineUpdater] INFO  ratis.ContainerStateMachine (ContainerStateMachine.java:takeSnapshot(289)) - group-31F335587F71: Taking a snapshot at:(t:1, i:15) file /workdir/hadoop-ozone/integration-test/target/test-dir/MiniOzoneClusterImpl-247e7c78-77b9-484f-b8fa-e1666253ae99/datanode-0/data/ratis/47829d56-d355-4f59-aa91-31f335587f71/sm/snapshot.1_15
2019-09-10 05:25:42,816 [grpc-default-executor-1] INFO  server.GrpcServerProtocolService (GrpcServerProtocolService.java:onCompleted(113)) - 1cdb4630-dc2b-4fec-8a69-17f5c78645cd: Completed APPEND_ENTRIES, lastRequest: 9ef1702c-ece5-4ac9-b96a-b31858c3d219->1cdb4630-dc2b-4fec-8a69-17f5c78645cd#22-t1, previous=(t:1, i:15), leaderCommit=15, initializing? false, entries: <empty>
2019-09-10 05:25:42,818 [grpc-default-executor-2] INFO  server.GrpcLogAppender (GrpcLogAppender.java:onCompleted(293)) - 9ef1702c-ece5-4ac9-b96a-b31858c3d219@group-31F335587F71->1cdb4630-dc2b-4fec-8a69-17f5c78645cd-AppendLogResponseHandler: follower responses appendEntries COMPLETED
2019-09-10 05:25:42,820 [grpc-default-executor-2] INFO  impl.FollowerInfo (FollowerInfo.java:lambda$new$0(51)) - 9ef1702c-ece5-4ac9-b96a-b31858c3d219@group-31F335587F71->1cdb4630-dc2b-4fec-8a69-17f5c78645cd: nextIndex: updateUnconditionally 16 -> 15
2019-09-10 05:25:42,829 [9ef1702c-ece5-4ac9-b96a-b31858c3d219@group-31F335587F71-StateMachineUpdater] INFO  ratis.ContainerStateMachine (ContainerStateMachine.java:takeSnapshot(300)) - group-31F335587F71: Finished taking a snapshot at:(t:1, i:15) file:/workdir/hadoop-ozone/integration-test/target/test-dir/MiniOzoneClusterImpl-247e7c78-77b9-484f-b8fa-e1666253ae99/datanode-0/data/ratis/47829d56-d355-4f59-aa91-31f335587f71/sm/snapshot.1_15 time:15
2019-09-10 05:25:42,829 [9ef1702c-ece5-4ac9-b96a-b31858c3d219@group-31F335587F71-StateMachineUpdater] INFO  impl.StateMachineUpdater (StateMachineUpdater.java:takeSnapshot(258)) - 9ef1702c-ece5-4ac9-b96a-b31858c3d219@group-31F335587F71-StateMachineUpdater: Took a snapshot at index 15
2019-09-10 05:25:42,829 [9ef1702c-ece5-4ac9-b96a-b31858c3d219@group-31F335587F71-StateMachineUpdater] INFO  impl.StateMachineUpdater (StateMachineUpdater.java:lambda$new$0(83)) - 9ef1702c-ece5-4ac9-b96a-b31858c3d219@group-31F335587F71-StateMachineUpdater: snapshotIndex: updateIncreasingly -1 -> 15
2019-09-10 05:25:42,830 [ForkJoinPool.commonPool-worker-1] INFO  impl.RaftServerImpl (ServerState.java:close(385)) - 9ef1702c-ece5-4ac9-b96a-b31858c3d219@group-31F335587F71: closes. applyIndex: 15
2019-09-10 05:25:42,830 [9ef1702c-ece5-4ac9-b96a-b31858c3d219@group-31F335587F71-SegmentedRaftLogWorker] INFO  segmented.SegmentedRaftLogWorker (SegmentedRaftLogWorker.java:run(313)) - 9ef1702c-ece5-4ac9-b96a-b31858c3d219@group-31F335587F71-SegmentedRaftLogWorker was interrupted, exiting. There are 0 tasks remaining in the queue.
2019-09-10 05:25:42,832 [ForkJoinPool.commonPool-worker-1] INFO  segmented.SegmentedRaftLogWorker (SegmentedRaftLogWorker.java:close(228)) - 9ef1702c-ece5-4ac9-b96a-b31858c3d219@group-31F335587F71-SegmentedRaftLogWorker close()
2019-09-10 05:25:42,835 [ForkJoinPool.commonPool-worker-1] INFO  impl.RaftServerImpl (RaftServerImpl.java:lambda$shutdown$3(251)) - 9ef1702c-ece5-4ac9-b96a-b31858c3d219@group-1C649A892858: shutdown
2019-09-10 05:25:42,835 [ForkJoinPool.commonPool-worker-1] INFO  util.JmxRegister (JmxRegister.java:unregister(73)) - Successfully un-registered JMX Bean with object name Ratis:service=RaftServer,group=group-1C649A892858,id=9ef1702c-ece5-4ac9-b96a-b31858c3d219
2019-09-10 05:25:42,836 [ForkJoinPool.commonPool-worker-1] INFO  impl.RoleInfo (RoleInfo.java:shutdownLeaderState(104)) - 9ef1702c-ece5-4ac9-b96a-b31858c3d219: shutdown LeaderState
2019-09-10 05:25:42,836 [ForkJoinPool.commonPool-worker-1] INFO  impl.PendingRequests (PendingRequests.java:sendNotLeaderResponses(202)) - 9ef1702c-ece5-4ac9-b96a-b31858c3d219-PendingRequests: sendNotLeaderResponses
2019-09-10 05:25:42,836 [ForkJoinPool.commonPool-worker-1] INFO  impl.StateMachineUpdater (StateMachineUpdater.java:stopAndJoin(125)) - 9ef1702c-ece5-4ac9-b96a-b31858c3d219@group-1C649A892858-StateMachineUpdater: set stopIndex = 0
2019-09-10 05:25:42,837 [ForkJoinPool.commonPool-worker-1] INFO  impl.RaftServerImpl (ServerState.java:close(385)) - 9ef1702c-ece5-4ac9-b96a-b31858c3d219@group-1C649A892858: closes. applyIndex: 0
2019-09-10 05:25:42,838 [9ef1702c-ece5-4ac9-b96a-b31858c3d219@group-1C649A892858-SegmentedRaftLogWorker] INFO  segmented.SegmentedRaftLogWorker (SegmentedRaftLogWorker.java:run(313)) - 9ef1702c-ece5-4ac9-b96a-b31858c3d219@group-1C649A892858-SegmentedRaftLogWorker was interrupted, exiting. There are 0 tasks remaining in the queue.
2019-09-10 05:25:42,839 [ForkJoinPool.commonPool-worker-1] INFO  segmented.SegmentedRaftLogWorker (SegmentedRaftLogWorker.java:close(228)) - 9ef1702c-ece5-4ac9-b96a-b31858c3d219@group-1C649A892858-SegmentedRaftLogWorker close()
2019-09-10 05:25:42,842 [ForkJoinPool.commonPool-worker-1] INFO  server.GrpcService (GrpcService.java:closeImpl(164)) - 9ef1702c-ece5-4ac9-b96a-b31858c3d219: shutdown server with port 38409 now
2019-09-10 05:25:42,844 [ForkJoinPool.commonPool-worker-1] INFO  server.GrpcService (GrpcService.java:closeImpl(172)) - 9ef1702c-ece5-4ac9-b96a-b31858c3d219: shutdown server with port 38409 successfully
2019-09-10 05:25:42,846 [grpc-default-executor-1] WARN  client.GrpcClientProtocolService (LogUtils.java:warn(134)) - 2-UnorderedRequestStreamObserver2: onError: org.apache.ratis.thirdparty.io.grpc.StatusRuntimeException: CANCELLED: cancelled before receiving half close
2019-09-10 05:25:42,847 [refreshUsed-/workdir/hadoop-ozone/integration-test/target/test-dir/MiniOzoneClusterImpl-247e7c78-77b9-484f-b8fa-e1666253ae99/datanode-0/data/containers] WARN  fs.CachingGetSpaceUsed (CachingGetSpaceUsed.java:run(183)) - Thread Interrupted waiting to refresh disk information: sleep interrupted
2019-09-10 05:25:42,874 [ForkJoinPool.commonPool-worker-1] INFO  utils.BackgroundService (BackgroundService.java:shutdown(148)) - Shutting down service BlockDeletingService
2019-09-10 05:25:42,877 [ForkJoinPool.commonPool-worker-1] INFO  statemachine.DatanodeStateMachine (DatanodeStateMachine.java:stopDaemon(395)) - Ozone container server stopped.
2019-09-10 05:25:42,881 [ForkJoinPool.commonPool-worker-1] INFO  handler.ContextHandler (ContextHandler.java:doStop(910)) - Stopped o.e.j.w.WebAppContext@65b97f47{/,null,UNAVAILABLE}{/hddsDatanode}
2019-09-10 05:25:42,881 [main] INFO  ozoneimpl.OzoneContainer (OzoneContainer.java:stop(231)) - Attempting to stop container services.
2019-09-10 05:25:42,882 [ForkJoinPool.commonPool-worker-1] INFO  server.AbstractConnector (AbstractConnector.java:doStop(318)) - Stopped ServerConnector@255eaa6b{HTTP/1.1,[http/1.1]}{0.0.0.0:0}
2019-09-10 05:25:42,882 [main] INFO  impl.RaftServerProxy (RaftServerProxy.java:lambda$close$4(314)) - 5548a24b-0164-4a3c-aa99-cd6a6c4e8a22: close
2019-09-10 05:25:42,883 [ForkJoinPool.commonPool-worker-1] INFO  handler.ContextHandler (ContextHandler.java:doStop(910)) - Stopped o.e.j.s.ServletContextHandler@1effd53c{/static,jar:file:/home/user/.m2/repository/org/apache/hadoop/hadoop-hdds-container-service/0.5.0-SNAPSHOT/hadoop-hdds-container-service-0.5.0-SNAPSHOT.jar!/webapps/static,UNAVAILABLE}
2019-09-10 05:25:42,883 [main] INFO  impl.RaftServerImpl (RaftServerImpl.java:lambda$shutdown$3(251)) - 5548a24b-0164-4a3c-aa99-cd6a6c4e8a22@group-54C1314FC144: shutdown
2019-09-10 05:25:42,885 [main] INFO  util.JmxRegister (JmxRegister.java:unregister(73)) - Successfully un-registered JMX Bean with object name Ratis:service=RaftServer,group=group-54C1314FC144,id=5548a24b-0164-4a3c-aa99-cd6a6c4e8a22
2019-09-10 05:25:42,885 [ForkJoinPool.commonPool-worker-1] INFO  handler.ContextHandler (ContextHandler.java:doStop(910)) - Stopped o.e.j.s.ServletContextHandler@31ee2fdb{/logs,file:///workdir/hadoop-ozone/integration-test/target/log,UNAVAILABLE}
2019-09-10 05:25:42,885 [main] INFO  impl.RoleInfo (RoleInfo.java:shutdownFollowerState(121)) - 5548a24b-0164-4a3c-aa99-cd6a6c4e8a22: shutdown FollowerState
2019-09-10 05:25:42,886 [main] INFO  impl.StateMachineUpdater (StateMachineUpdater.java:stopAndJoin(125)) - 5548a24b-0164-4a3c-aa99-cd6a6c4e8a22@group-54C1314FC144-StateMachineUpdater: set stopIndex = 4
2019-09-10 05:25:42,886 [Thread-308] INFO  impl.FollowerState (FollowerState.java:run(115)) - 5548a24b-0164-4a3c-aa99-cd6a6c4e8a22: FollowerState was interrupted: java.lang.InterruptedException: sleep interrupted
2019-09-10 05:25:42,886 [5548a24b-0164-4a3c-aa99-cd6a6c4e8a22@group-54C1314FC144-StateMachineUpdater] INFO  ratis.ContainerStateMachine (ContainerStateMachine.java:takeSnapshot(289)) - group-54C1314FC144: Taking a snapshot at:(t:1, i:3) file /workdir/hadoop-ozone/integration-test/target/test-dir/MiniOzoneClusterImpl-247e7c78-77b9-484f-b8fa-e1666253ae99/datanode-6/data/ratis/e3719c53-3e3e-4e9c-9443-54c1314fc144/sm/snapshot.1_3
2019-09-10 05:25:42,928 [5548a24b-0164-4a3c-aa99-cd6a6c4e8a22@group-54C1314FC144-StateMachineUpdater] INFO  ratis.ContainerStateMachine (ContainerStateMachine.java:takeSnapshot(300)) - group-54C1314FC144: Finished taking a snapshot at:(t:1, i:3) file:/workdir/hadoop-ozone/integration-test/target/test-dir/MiniOzoneClusterImpl-247e7c78-77b9-484f-b8fa-e1666253ae99/datanode-6/data/ratis/e3719c53-3e3e-4e9c-9443-54c1314fc144/sm/snapshot.1_3 time:42
2019-09-10 05:25:42,928 [5548a24b-0164-4a3c-aa99-cd6a6c4e8a22@group-54C1314FC144-StateMachineUpdater] INFO  impl.StateMachineUpdater (StateMachineUpdater.java:takeSnapshot(258)) - 5548a24b-0164-4a3c-aa99-cd6a6c4e8a22@group-54C1314FC144-StateMachineUpdater: Took a snapshot at index 3
2019-09-10 05:25:42,929 [5548a24b-0164-4a3c-aa99-cd6a6c4e8a22@group-54C1314FC144-StateMachineUpdater] INFO  impl.StateMachineUpdater (StateMachineUpdater.java:lambda$new$0(83)) - 5548a24b-0164-4a3c-aa99-cd6a6c4e8a22@group-54C1314FC144-StateMachineUpdater: snapshotIndex: updateIncreasingly -1 -> 3
2019-09-10 05:25:42,929 [5548a24b-0164-4a3c-aa99-cd6a6c4e8a22@group-54C1314FC144-StateMachineUpdater] INFO  ratis.ContainerStateMachine (ContainerStateMachine.java:takeSnapshot(289)) - group-54C1314FC144: Taking a snapshot at:(t:1, i:3) file /workdir/hadoop-ozone/integration-test/target/test-dir/MiniOzoneClusterImpl-247e7c78-77b9-484f-b8fa-e1666253ae99/datanode-6/data/ratis/e3719c53-3e3e-4e9c-9443-54c1314fc144/sm/snapshot.1_3
2019-09-10 05:25:42,960 [5548a24b-0164-4a3c-aa99-cd6a6c4e8a22@group-54C1314FC144-StateMachineUpdater] INFO  ratis.ContainerStateMachine (ContainerStateMachine.java:takeSnapshot(300)) - group-54C1314FC144: Finished taking a snapshot at:(t:1, i:3) file:/workdir/hadoop-ozone/integration-test/target/test-dir/MiniOzoneClusterImpl-247e7c78-77b9-484f-b8fa-e1666253ae99/datanode-6/data/ratis/e3719c53-3e3e-4e9c-9443-54c1314fc144/sm/snapshot.1_3 time:31
2019-09-10 05:25:42,960 [5548a24b-0164-4a3c-aa99-cd6a6c4e8a22@group-54C1314FC144-StateMachineUpdater] INFO  impl.StateMachineUpdater (StateMachineUpdater.java:takeSnapshot(258)) - 5548a24b-0164-4a3c-aa99-cd6a6c4e8a22@group-54C1314FC144-StateMachineUpdater: Took a snapshot at index 3
2019-09-10 05:25:42,961 [5548a24b-0164-4a3c-aa99-cd6a6c4e8a22@group-54C1314FC144-StateMachineUpdater] INFO  impl.StateMachineUpdater (StateMachineUpdater.java:lambda$new$0(83)) - 5548a24b-0164-4a3c-aa99-cd6a6c4e8a22@group-54C1314FC144-StateMachineUpdater: snapshotIndex: updateIncreasingly 3 -> 3
2019-09-10 05:25:42,961 [main] INFO  impl.RaftServerImpl (ServerState.java:close(385)) - 5548a24b-0164-4a3c-aa99-cd6a6c4e8a22@group-54C1314FC144: closes. applyIndex: 4
2019-09-10 05:25:42,961 [5548a24b-0164-4a3c-aa99-cd6a6c4e8a22@group-54C1314FC144-SegmentedRaftLogWorker] INFO  segmented.SegmentedRaftLogWorker (SegmentedRaftLogWorker.java:run(313)) - 5548a24b-0164-4a3c-aa99-cd6a6c4e8a22@group-54C1314FC144-SegmentedRaftLogWorker was interrupted, exiting. There are 0 tasks remaining in the queue.
2019-09-10 05:25:42,963 [main] INFO  segmented.SegmentedRaftLogWorker (SegmentedRaftLogWorker.java:close(228)) - 5548a24b-0164-4a3c-aa99-cd6a6c4e8a22@group-54C1314FC144-SegmentedRaftLogWorker close()
2019-09-10 05:25:42,968 [main] INFO  impl.RaftServerImpl (RaftServerImpl.java:lambda$shutdown$3(251)) - 5548a24b-0164-4a3c-aa99-cd6a6c4e8a22@group-D3E504095C65: shutdown
2019-09-10 05:25:42,969 [main] INFO  util.JmxRegister (JmxRegister.java:unregister(73)) - Successfully un-registered JMX Bean with object name Ratis:service=RaftServer,group=group-D3E504095C65,id=5548a24b-0164-4a3c-aa99-cd6a6c4e8a22
2019-09-10 05:25:42,969 [main] INFO  impl.RoleInfo (RoleInfo.java:shutdownLeaderState(104)) - 5548a24b-0164-4a3c-aa99-cd6a6c4e8a22: shutdown LeaderState
2019-09-10 05:25:42,970 [main] INFO  impl.PendingRequests (PendingRequests.java:sendNotLeaderResponses(202)) - 5548a24b-0164-4a3c-aa99-cd6a6c4e8a22-PendingRequests: sendNotLeaderResponses
2019-09-10 05:25:42,970 [main] INFO  impl.StateMachineUpdater (StateMachineUpdater.java:stopAndJoin(125)) - 5548a24b-0164-4a3c-aa99-cd6a6c4e8a22@group-D3E504095C65-StateMachineUpdater: set stopIndex = 0
2019-09-10 05:25:42,971 [main] INFO  impl.RaftServerImpl (ServerState.java:close(385)) - 5548a24b-0164-4a3c-aa99-cd6a6c4e8a22@group-D3E504095C65: closes. applyIndex: 0
2019-09-10 05:25:42,971 [5548a24b-0164-4a3c-aa99-cd6a6c4e8a22@group-D3E504095C65-SegmentedRaftLogWorker] INFO  segmented.SegmentedRaftLogWorker (SegmentedRaftLogWorker.java:run(313)) - 5548a24b-0164-4a3c-aa99-cd6a6c4e8a22@group-D3E504095C65-SegmentedRaftLogWorker was interrupted, exiting. There are 0 tasks remaining in the queue.
2019-09-10 05:25:42,972 [main] INFO  segmented.SegmentedRaftLogWorker (SegmentedRaftLogWorker.java:close(228)) - 5548a24b-0164-4a3c-aa99-cd6a6c4e8a22@group-D3E504095C65-SegmentedRaftLogWorker close()
2019-09-10 05:25:42,973 [main] INFO  server.GrpcService (GrpcService.java:closeImpl(164)) - 5548a24b-0164-4a3c-aa99-cd6a6c4e8a22: shutdown server with port 43139 now
2019-09-10 05:25:42,974 [main] INFO  server.GrpcService (GrpcService.java:closeImpl(172)) - 5548a24b-0164-4a3c-aa99-cd6a6c4e8a22: shutdown server with port 43139 successfully
2019-09-10 05:25:42,983 [refreshUsed-/workdir/hadoop-ozone/integration-test/target/test-dir/MiniOzoneClusterImpl-247e7c78-77b9-484f-b8fa-e1666253ae99/datanode-6/data/containers] WARN  fs.CachingGetSpaceUsed (CachingGetSpaceUsed.java:run(183)) - Thread Interrupted waiting to refresh disk information: sleep interrupted
2019-09-10 05:25:43,009 [main] INFO  utils.BackgroundService (BackgroundService.java:shutdown(148)) - Shutting down service BlockDeletingService
2019-09-10 05:25:43,014 [main] INFO  statemachine.DatanodeStateMachine (DatanodeStateMachine.java:stopDaemon(395)) - Ozone container server stopped.
2019-09-10 05:25:43,015 [main] INFO  handler.ContextHandler (ContextHandler.java:doStop(910)) - Stopped o.e.j.w.WebAppContext@4fa9ab6{/,null,UNAVAILABLE}{/hddsDatanode}
2019-09-10 05:25:43,016 [main] INFO  server.AbstractConnector (AbstractConnector.java:doStop(318)) - Stopped ServerConnector@2d3ef181{HTTP/1.1,[http/1.1]}{0.0.0.0:0}
2019-09-10 05:25:43,016 [main] INFO  handler.ContextHandler (ContextHandler.java:doStop(910)) - Stopped o.e.j.s.ServletContextHandler@173a6728{/static,jar:file:/home/user/.m2/repository/org/apache/hadoop/hadoop-hdds-container-service/0.5.0-SNAPSHOT/hadoop-hdds-container-service-0.5.0-SNAPSHOT.jar!/webapps/static,UNAVAILABLE}
2019-09-10 05:25:43,016 [main] INFO  handler.ContextHandler (ContextHandler.java:doStop(910)) - Stopped o.e.j.s.ServletContextHandler@38b8b6c0{/logs,file:///workdir/hadoop-ozone/integration-test/target/log,UNAVAILABLE}
2019-09-10 05:25:43,691 [Datanode State Machine Thread - 0] INFO  statemachine.DatanodeStateMachine (DatanodeStateMachine.java:lambda$startDaemon$0(350)) - Ozone container server started.
2019-09-10 05:25:47,749 [EventQueue-StaleNodeForStaleNodeHandler] INFO  node.StaleNodeHandler (StaleNodeHandler.java:onMessage(58)) - Datanode 1cdb4630-dc2b-4fec-8a69-17f5c78645cd{ip: 192.168.36.76, host: trunk-nightly-20190910-vk757-903364635, networkLocation: /default-rack, certSerialId: null} moved to stale state. Finalizing its pipelines [PipelineID=5bef83bc-0534-4193-af07-95e112f9edc9, PipelineID=47829d56-d355-4f59-aa91-31f335587f71]
2019-09-10 05:25:47,750 [EventQueue-StaleNodeForStaleNodeHandler] INFO  pipeline.SCMPipelineManager (SCMPipelineManager.java:finalizeAndDestroyPipeline(311)) - destroying pipeline:Pipeline[ Id: 5bef83bc-0534-4193-af07-95e112f9edc9, Nodes: 1cdb4630-dc2b-4fec-8a69-17f5c78645cd{ip: 192.168.36.76, host: trunk-nightly-20190910-vk757-903364635, networkLocation: /default-rack, certSerialId: null}, Type:RATIS, Factor:ONE, State:OPEN]
2019-09-10 05:25:47,750 [EventQueue-StaleNodeForStaleNodeHandler] INFO  pipeline.PipelineStateManager (PipelineStateManager.java:finalizePipeline(123)) - Pipeline Pipeline[ Id: 5bef83bc-0534-4193-af07-95e112f9edc9, Nodes: 1cdb4630-dc2b-4fec-8a69-17f5c78645cd{ip: 192.168.36.76, host: trunk-nightly-20190910-vk757-903364635, networkLocation: /default-rack, certSerialId: null}, Type:RATIS, Factor:ONE, State:CLOSED] moved to CLOSED state
2019-09-10 05:25:47,751 [EventQueue-StaleNodeForStaleNodeHandler] INFO  pipeline.SCMPipelineManager (SCMPipelineManager.java:finalizeAndDestroyPipeline(311)) - destroying pipeline:Pipeline[ Id: 47829d56-d355-4f59-aa91-31f335587f71, Nodes: 9ef1702c-ece5-4ac9-b96a-b31858c3d219{ip: 192.168.36.76, host: trunk-nightly-20190910-vk757-903364635, networkLocation: /default-rack, certSerialId: null}1cdb4630-dc2b-4fec-8a69-17f5c78645cd{ip: 192.168.36.76, host: trunk-nightly-20190910-vk757-903364635, networkLocation: /default-rack, certSerialId: null}cc4a97b8-a721-497f-8d26-8972627a814e{ip: 192.168.36.76, host: trunk-nightly-20190910-vk757-903364635, networkLocation: /default-rack, certSerialId: null}, Type:RATIS, Factor:THREE, State:CLOSED]
2019-09-10 05:25:47,889 [ForkJoinPool.commonPool-worker-1] INFO  ozoneimpl.OzoneContainer (OzoneContainer.java:stop(231)) - Attempting to stop container services.
2019-09-10 05:25:47,891 [ForkJoinPool.commonPool-worker-1] INFO  impl.RaftServerProxy (RaftServerProxy.java:lambda$close$4(314)) - 1cdb4630-dc2b-4fec-8a69-17f5c78645cd: close
2019-09-10 05:25:47,892 [ForkJoinPool.commonPool-worker-1] INFO  impl.RaftServerImpl (RaftServerImpl.java:lambda$shutdown$3(251)) - 1cdb4630-dc2b-4fec-8a69-17f5c78645cd@group-95E112F9EDC9: shutdown
2019-09-10 05:25:47,892 [ForkJoinPool.commonPool-worker-1] INFO  util.JmxRegister (JmxRegister.java:unregister(73)) - Successfully un-registered JMX Bean with object name Ratis:service=RaftServer,group=group-95E112F9EDC9,id=1cdb4630-dc2b-4fec-8a69-17f5c78645cd
2019-09-10 05:25:47,892 [ForkJoinPool.commonPool-worker-1] INFO  impl.RoleInfo (RoleInfo.java:shutdownLeaderState(104)) - 1cdb4630-dc2b-4fec-8a69-17f5c78645cd: shutdown LeaderState
2019-09-10 05:25:47,893 [ForkJoinPool.commonPool-worker-1] INFO  impl.PendingRequests (PendingRequests.java:sendNotLeaderResponses(202)) - 1cdb4630-dc2b-4fec-8a69-17f5c78645cd-PendingRequests: sendNotLeaderResponses
2019-09-10 05:25:47,894 [ForkJoinPool.commonPool-worker-1] INFO  impl.StateMachineUpdater (StateMachineUpdater.java:stopAndJoin(125)) - 1cdb4630-dc2b-4fec-8a69-17f5c78645cd@group-95E112F9EDC9-StateMachineUpdater: set stopIndex = 0
2019-09-10 05:25:47,894 [ForkJoinPool.commonPool-worker-1] INFO  impl.RaftServerImpl (ServerState.java:close(385)) - 1cdb4630-dc2b-4fec-8a69-17f5c78645cd@group-95E112F9EDC9: closes. applyIndex: 0
2019-09-10 05:25:47,895 [1cdb4630-dc2b-4fec-8a69-17f5c78645cd@group-95E112F9EDC9-SegmentedRaftLogWorker] INFO  segmented.SegmentedRaftLogWorker (SegmentedRaftLogWorker.java:run(313)) - 1cdb4630-dc2b-4fec-8a69-17f5c78645cd@group-95E112F9EDC9-SegmentedRaftLogWorker was interrupted, exiting. There are 0 tasks remaining in the queue.
2019-09-10 05:25:47,898 [ForkJoinPool.commonPool-worker-1] INFO  segmented.SegmentedRaftLogWorker (SegmentedRaftLogWorker.java:close(228)) - 1cdb4630-dc2b-4fec-8a69-17f5c78645cd@group-95E112F9EDC9-SegmentedRaftLogWorker close()
2019-09-10 05:25:47,899 [ForkJoinPool.commonPool-worker-1] INFO  impl.RaftServerImpl (RaftServerImpl.java:lambda$shutdown$3(251)) - 1cdb4630-dc2b-4fec-8a69-17f5c78645cd@group-31F335587F71: shutdown
2019-09-10 05:25:47,899 [ForkJoinPool.commonPool-worker-1] INFO  util.JmxRegister (JmxRegister.java:unregister(73)) - Successfully un-registered JMX Bean with object name Ratis:service=RaftServer,group=group-31F335587F71,id=1cdb4630-dc2b-4fec-8a69-17f5c78645cd
2019-09-10 05:25:47,899 [ForkJoinPool.commonPool-worker-1] INFO  impl.RoleInfo (RoleInfo.java:shutdownFollowerState(121)) - 1cdb4630-dc2b-4fec-8a69-17f5c78645cd: shutdown FollowerState
2019-09-10 05:25:47,900 [ForkJoinPool.commonPool-worker-1] INFO  impl.StateMachineUpdater (StateMachineUpdater.java:stopAndJoin(125)) - 1cdb4630-dc2b-4fec-8a69-17f5c78645cd@group-31F335587F71-StateMachineUpdater: set stopIndex = 15
2019-09-10 05:25:47,900 [Thread-321] INFO  impl.FollowerState (FollowerState.java:run(115)) - 1cdb4630-dc2b-4fec-8a69-17f5c78645cd: FollowerState was interrupted: java.lang.InterruptedException: sleep interrupted
2019-09-10 05:25:47,901 [1cdb4630-dc2b-4fec-8a69-17f5c78645cd@group-31F335587F71-StateMachineUpdater] INFO  ratis.ContainerStateMachine (ContainerStateMachine.java:takeSnapshot(289)) - group-31F335587F71: Taking a snapshot at:(t:1, i:14) file /workdir/hadoop-ozone/integration-test/target/test-dir/MiniOzoneClusterImpl-247e7c78-77b9-484f-b8fa-e1666253ae99/datanode-5/data/ratis/47829d56-d355-4f59-aa91-31f335587f71/sm/snapshot.1_14
2019-09-10 05:25:47,939 [1cdb4630-dc2b-4fec-8a69-17f5c78645cd@group-31F335587F71-StateMachineUpdater] INFO  ratis.ContainerStateMachine (ContainerStateMachine.java:takeSnapshot(300)) - group-31F335587F71: Finished taking a snapshot at:(t:1, i:14) file:/workdir/hadoop-ozone/integration-test/target/test-dir/MiniOzoneClusterImpl-247e7c78-77b9-484f-b8fa-e1666253ae99/datanode-5/data/ratis/47829d56-d355-4f59-aa91-31f335587f71/sm/snapshot.1_14 time:39
2019-09-10 05:25:47,939 [1cdb4630-dc2b-4fec-8a69-17f5c78645cd@group-31F335587F71-StateMachineUpdater] INFO  impl.StateMachineUpdater (StateMachineUpdater.java:takeSnapshot(258)) - 1cdb4630-dc2b-4fec-8a69-17f5c78645cd@group-31F335587F71-StateMachineUpdater: Took a snapshot at index 14
2019-09-10 05:25:47,939 [1cdb4630-dc2b-4fec-8a69-17f5c78645cd@group-31F335587F71-StateMachineUpdater] INFO  impl.StateMachineUpdater (StateMachineUpdater.java:lambda$new$0(83)) - 1cdb4630-dc2b-4fec-8a69-17f5c78645cd@group-31F335587F71-StateMachineUpdater: snapshotIndex: updateIncreasingly -1 -> 14
2019-09-10 05:25:47,940 [1cdb4630-dc2b-4fec-8a69-17f5c78645cd@group-31F335587F71-StateMachineUpdater] INFO  ratis.ContainerStateMachine (ContainerStateMachine.java:takeSnapshot(289)) - group-31F335587F71: Taking a snapshot at:(t:1, i:14) file /workdir/hadoop-ozone/integration-test/target/test-dir/MiniOzoneClusterImpl-247e7c78-77b9-484f-b8fa-e1666253ae99/datanode-5/data/ratis/47829d56-d355-4f59-aa91-31f335587f71/sm/snapshot.1_14
2019-09-10 05:25:47,972 [1cdb4630-dc2b-4fec-8a69-17f5c78645cd@group-31F335587F71-StateMachineUpdater] INFO  ratis.ContainerStateMachine (ContainerStateMachine.java:takeSnapshot(300)) - group-31F335587F71: Finished taking a snapshot at:(t:1, i:14) file:/workdir/hadoop-ozone/integration-test/target/test-dir/MiniOzoneClusterImpl-247e7c78-77b9-484f-b8fa-e1666253ae99/datanode-5/data/ratis/47829d56-d355-4f59-aa91-31f335587f71/sm/snapshot.1_14 time:33
2019-09-10 05:25:47,973 [1cdb4630-dc2b-4fec-8a69-17f5c78645cd@group-31F335587F71-StateMachineUpdater] INFO  impl.StateMachineUpdater (StateMachineUpdater.java:takeSnapshot(258)) - 1cdb4630-dc2b-4fec-8a69-17f5c78645cd@group-31F335587F71-StateMachineUpdater: Took a snapshot at index 14
2019-09-10 05:25:47,973 [1cdb4630-dc2b-4fec-8a69-17f5c78645cd@group-31F335587F71-StateMachineUpdater] INFO  impl.StateMachineUpdater (StateMachineUpdater.java:lambda$new$0(83)) - 1cdb4630-dc2b-4fec-8a69-17f5c78645cd@group-31F335587F71-StateMachineUpdater: snapshotIndex: updateIncreasingly 14 -> 14
2019-09-10 05:25:47,973 [ForkJoinPool.commonPool-worker-1] INFO  impl.RaftServerImpl (ServerState.java:close(385)) - 1cdb4630-dc2b-4fec-8a69-17f5c78645cd@group-31F335587F71: closes. applyIndex: 15
2019-09-10 05:25:47,974 [1cdb4630-dc2b-4fec-8a69-17f5c78645cd@group-31F335587F71-SegmentedRaftLogWorker] INFO  segmented.SegmentedRaftLogWorker (SegmentedRaftLogWorker.java:run(313)) - 1cdb4630-dc2b-4fec-8a69-17f5c78645cd@group-31F335587F71-SegmentedRaftLogWorker was interrupted, exiting. There are 0 tasks remaining in the queue.
2019-09-10 05:25:47,974 [ForkJoinPool.commonPool-worker-1] INFO  segmented.SegmentedRaftLogWorker (SegmentedRaftLogWorker.java:close(228)) - 1cdb4630-dc2b-4fec-8a69-17f5c78645cd@group-31F335587F71-SegmentedRaftLogWorker close()
2019-09-10 05:25:47,975 [ForkJoinPool.commonPool-worker-1] INFO  server.GrpcService (GrpcService.java:closeImpl(164)) - 1cdb4630-dc2b-4fec-8a69-17f5c78645cd: shutdown server with port 35326 now
2019-09-10 05:25:47,976 [ForkJoinPool.commonPool-worker-1] INFO  server.GrpcService (GrpcService.java:closeImpl(172)) - 1cdb4630-dc2b-4fec-8a69-17f5c78645cd: shutdown server with port 35326 successfully
2019-09-10 05:25:47,983 [refreshUsed-/workdir/hadoop-ozone/integration-test/target/test-dir/MiniOzoneClusterImpl-247e7c78-77b9-484f-b8fa-e1666253ae99/datanode-5/data/containers] WARN  fs.CachingGetSpaceUsed (CachingGetSpaceUsed.java:run(183)) - Thread Interrupted waiting to refresh disk information: sleep interrupted
2019-09-10 05:25:48,005 [ForkJoinPool.commonPool-worker-1] INFO  utils.BackgroundService (BackgroundService.java:shutdown(148)) - Shutting down service BlockDeletingService
2019-09-10 05:25:48,008 [ForkJoinPool.commonPool-worker-1] INFO  statemachine.DatanodeStateMachine (DatanodeStateMachine.java:stopDaemon(395)) - Ozone container server stopped.
2019-09-10 05:25:48,012 [ForkJoinPool.commonPool-worker-1] INFO  handler.ContextHandler (ContextHandler.java:doStop(910)) - Stopped o.e.j.w.WebAppContext@3aa41da1{/,null,UNAVAILABLE}{/hddsDatanode}
2019-09-10 05:25:48,014 [ForkJoinPool.commonPool-worker-1] INFO  server.AbstractConnector (AbstractConnector.java:doStop(318)) - Stopped ServerConnector@74fab04a{HTTP/1.1,[http/1.1]}{0.0.0.0:0}
2019-09-10 05:25:48,015 [ForkJoinPool.commonPool-worker-1] INFO  handler.ContextHandler (ContextHandler.java:doStop(910)) - Stopped o.e.j.s.ServletContextHandler@75d4a80f{/static,jar:file:/home/user/.m2/repository/org/apache/hadoop/hadoop-hdds-container-service/0.5.0-SNAPSHOT/hadoop-hdds-container-service-0.5.0-SNAPSHOT.jar!/webapps/static,UNAVAILABLE}
2019-09-10 05:25:48,016 [ForkJoinPool.commonPool-worker-1] INFO  handler.ContextHandler (ContextHandler.java:doStop(910)) - Stopped o.e.j.s.ServletContextHandler@315f09ef{/logs,file:///workdir/hadoop-ozone/integration-test/target/log,UNAVAILABLE}
2019-09-10 05:25:48,017 [main] INFO  ozone.MiniOzoneClusterImpl (MiniOzoneClusterImpl.java:stop(339)) - Stopping the StorageContainerManager
2019-09-10 05:25:48,018 [main] INFO  server.StorageContainerManager (StorageContainerManager.java:stop(801)) - Stopping Replication Manager Service.
2019-09-10 05:25:48,018 [main] INFO  container.ReplicationManager (ReplicationManager.java:stop(203)) - Stopping Replication Monitor Thread.
2019-09-10 05:25:48,018 [main] INFO  server.StorageContainerManager (StorageContainerManager.java:stop(808)) - Stopping Lease Manager of the command watchers
2019-09-10 05:25:48,019 [main] INFO  server.StorageContainerManager (StorageContainerManager.java:stop(815)) - Stopping datanode service RPC server
2019-09-10 05:25:48,019 [main] INFO  server.SCMDatanodeProtocolServer (SCMDatanodeProtocolServer.java:stop(367)) - Stopping the RPC server for DataNodes
2019-09-10 05:25:48,019 [main] INFO  ipc.Server (Server.java:stop(3082)) - Stopping server on 36752
2019-09-10 05:25:48,021 [IPC Server listener on 36752] INFO  ipc.Server (Server.java:run(1185)) - Stopping IPC Server listener on 36752
2019-09-10 05:25:48,021 [IPC Server Responder] INFO  ipc.Server (Server.java:run(1319)) - Stopping IPC Server Responder
2019-09-10 05:25:48,050 [SCM Heartbeat Processing Thread - 0] WARN  node.NodeStateManager (NodeStateManager.java:scheduleNextHealthCheck(646)) - Current Thread is interrupted, shutting down HB processing thread for Node Manager.
2019-09-10 05:25:48,050 [main] INFO  server.StorageContainerManager (StorageContainerManager.java:stop(823)) - Stopping block service RPC server
2019-09-10 05:25:48,051 [main] INFO  server.SCMBlockProtocolServer (SCMBlockProtocolServer.java:stop(155)) - Stopping the RPC server for Block Protocol
2019-09-10 05:25:48,051 [main] INFO  ipc.Server (Server.java:stop(3082)) - Stopping server on 38842
2019-09-10 05:25:48,052 [IPC Server listener on 38842] INFO  ipc.Server (Server.java:run(1185)) - Stopping IPC Server listener on 38842
2019-09-10 05:25:48,053 [main] INFO  server.StorageContainerManager (StorageContainerManager.java:stop(830)) - Stopping the StorageContainerLocationProtocol RPC server
2019-09-10 05:25:48,053 [IPC Server Responder] INFO  ipc.Server (Server.java:run(1319)) - Stopping IPC Server Responder
2019-09-10 05:25:48,053 [main] INFO  server.SCMClientProtocolServer (SCMClientProtocolServer.java:stop(159)) - Stopping the RPC server for Client Protocol
2019-09-10 05:25:48,054 [main] INFO  ipc.Server (Server.java:stop(3082)) - Stopping server on 36721
2019-09-10 05:25:48,054 [IPC Server listener on 36721] INFO  ipc.Server (Server.java:run(1185)) - Stopping IPC Server listener on 36721
2019-09-10 05:25:48,055 [main] INFO  server.StorageContainerManager (StorageContainerManager.java:stop(837)) - Stopping Storage Container Manager HTTP server.
2019-09-10 05:25:48,055 [IPC Server Responder] INFO  ipc.Server (Server.java:run(1319)) - Stopping IPC Server Responder
2019-09-10 05:25:48,056 [main] INFO  handler.ContextHandler (ContextHandler.java:doStop(910)) - Stopped o.e.j.w.WebAppContext@5398edd0{/,null,UNAVAILABLE}{/scm}
2019-09-10 05:25:48,057 [main] INFO  server.AbstractConnector (AbstractConnector.java:doStop(318)) - Stopped ServerConnector@3f093abe{HTTP/1.1,[http/1.1]}{0.0.0.0:0}
2019-09-10 05:25:48,058 [main] INFO  handler.ContextHandler (ContextHandler.java:doStop(910)) - Stopped o.e.j.s.ServletContextHandler@64ba3208{/static,file:///workdir/hadoop-ozone/integration-test/target/test-classes/webapps/static,UNAVAILABLE}
2019-09-10 05:25:48,058 [main] INFO  handler.ContextHandler (ContextHandler.java:doStop(910)) - Stopped o.e.j.s.ServletContextHandler@299321e2{/logs,file:///workdir/hadoop-ozone/integration-test/target/log,UNAVAILABLE}
2019-09-10 05:25:48,059 [main] INFO  server.StorageContainerManager (StorageContainerManager.java:stop(848)) - Stopping Block Manager Service.
2019-09-10 05:25:48,060 [main] INFO  utils.BackgroundService (BackgroundService.java:shutdown(148)) - Shutting down service SCMBlockDeletingService
2019-09-10 05:25:48,060 [main] INFO  utils.BackgroundService (BackgroundService.java:shutdown(148)) - Shutting down service SCMBlockDeletingService
2019-09-10 05:25:48,061 [main] INFO  server.StorageContainerManager (StorageContainerManager.java:stop(870)) - Stopping SCM Event Queue.
2019-09-10 05:25:48,069 [main] INFO  impl.MetricsSystemImpl (MetricsSystemImpl.java:stop(210)) - Stopping XceiverClientMetrics metrics system...
2019-09-10 05:25:48,082 [prometheus] INFO  impl.MetricsSinkAdapter (MetricsSinkAdapter.java:publishMetricsFromQueue(141)) - prometheus thread interrupted.
2019-09-10 05:25:48,082 [main] INFO  impl.MetricsSystemImpl (MetricsSystemImpl.java:stop(216)) - XceiverClientMetrics metrics system stopped.
]]></system-out>
    <system-err><![CDATA[ERROR StatusLogger No Log4j 2 configuration file found. Using default configuration (logging only errors to the console), or user programmatically provided configurations. Set system property 'log4j2.debug' to show Log4j 2 internal initialization logging. See https://logging.apache.org/log4j/2.x/manual/configuration.html for instructions on how to configure Log4j 2
Sep 10, 2019 5:25:32 AM org.apache.ratis.thirdparty.io.grpc.internal.SerializingExecutor run
SEVERE: Exception while executing runnable org.apache.ratis.thirdparty.io.grpc.internal.ServerImpl$JumpToApplicationThreadServerStreamListener$1Closed@3fa55619
org.apache.ratis.thirdparty.io.grpc.StatusRuntimeException: CANCELLED: call already cancelled
	at org.apache.ratis.thirdparty.io.grpc.Status.asRuntimeException(Status.java:517)
	at org.apache.ratis.thirdparty.io.grpc.stub.ServerCalls$ServerCallStreamObserverImpl.onCompleted(ServerCalls.java:356)
	at org.apache.ratis.grpc.server.GrpcServerProtocolService$ServerRequestStreamObserver.onError(GrpcServerProtocolService.java:121)
	at org.apache.ratis.thirdparty.io.grpc.stub.ServerCalls$StreamingServerCallHandler$StreamingServerCallListener.onCancel(ServerCalls.java:269)
	at org.apache.ratis.thirdparty.io.grpc.internal.ServerCallImpl$ServerStreamListenerImpl.closed(ServerCallImpl.java:293)
	at org.apache.ratis.thirdparty.io.grpc.internal.ServerImpl$JumpToApplicationThreadServerStreamListener$1Closed.runInContext(ServerImpl.java:741)
	at org.apache.ratis.thirdparty.io.grpc.internal.ContextRunnable.run(ContextRunnable.java:37)
	at org.apache.ratis.thirdparty.io.grpc.internal.SerializingExecutor.run(SerializingExecutor.java:123)
	at java.util.concurrent.ThreadPoolExecutor.runWorker(ThreadPoolExecutor.java:1149)
	at java.util.concurrent.ThreadPoolExecutor$Worker.run(ThreadPoolExecutor.java:624)
	at java.lang.Thread.run(Thread.java:748)

Sep 10, 2019 5:25:37 AM org.apache.ratis.thirdparty.io.grpc.internal.SerializingExecutor run
SEVERE: Exception while executing runnable org.apache.ratis.thirdparty.io.grpc.internal.ServerImpl$JumpToApplicationThreadServerStreamListener$1Closed@1cfe489a
org.apache.ratis.thirdparty.io.grpc.StatusRuntimeException: CANCELLED: call already cancelled
	at org.apache.ratis.thirdparty.io.grpc.Status.asRuntimeException(Status.java:517)
	at org.apache.ratis.thirdparty.io.grpc.stub.ServerCalls$ServerCallStreamObserverImpl.onCompleted(ServerCalls.java:356)
	at org.apache.ratis.grpc.server.GrpcServerProtocolService$ServerRequestStreamObserver.onError(GrpcServerProtocolService.java:121)
	at org.apache.ratis.thirdparty.io.grpc.stub.ServerCalls$StreamingServerCallHandler$StreamingServerCallListener.onCancel(ServerCalls.java:269)
	at org.apache.ratis.thirdparty.io.grpc.internal.ServerCallImpl$ServerStreamListenerImpl.closed(ServerCallImpl.java:293)
	at org.apache.ratis.thirdparty.io.grpc.internal.ServerImpl$JumpToApplicationThreadServerStreamListener$1Closed.runInContext(ServerImpl.java:741)
	at org.apache.ratis.thirdparty.io.grpc.internal.ContextRunnable.run(ContextRunnable.java:37)
	at org.apache.ratis.thirdparty.io.grpc.internal.SerializingExecutor.run(SerializingExecutor.java:123)
	at java.util.concurrent.ThreadPoolExecutor.runWorker(ThreadPoolExecutor.java:1149)
	at java.util.concurrent.ThreadPoolExecutor$Worker.run(ThreadPoolExecutor.java:624)
	at java.lang.Thread.run(Thread.java:748)

]]></system-err>
  </testcase>
  <testcase name="testDatanodeFailureWithPreAllocation" classname="org.apache.hadoop.ozone.client.rpc.TestBlockOutputStreamWithFailures" time="224.148"/>
  <testcase name="testDatanodeFailureWithSingleNodeRatis" classname="org.apache.hadoop.ozone.client.rpc.TestBlockOutputStreamWithFailures" time="223.343"/>
  <testcase name="testWatchForCommitWithSingleNodeRatis" classname="org.apache.hadoop.ozone.client.rpc.TestBlockOutputStreamWithFailures" time="36.012"/>
  <testcase name="testWatchForCommitDatanodeFailure" classname="org.apache.hadoop.ozone.client.rpc.TestBlockOutputStreamWithFailures" time="50.412">
    <failure message="expected:&lt;53&gt; but was:&lt;54&gt;" type="java.lang.AssertionError"><![CDATA[java.lang.AssertionError: expected:<53> but was:<54>
	at org.junit.Assert.fail(Assert.java:88)
	at org.junit.Assert.failNotEquals(Assert.java:743)
	at org.junit.Assert.assertEquals(Assert.java:118)
	at org.junit.Assert.assertEquals(Assert.java:555)
	at org.junit.Assert.assertEquals(Assert.java:542)
	at org.apache.hadoop.ozone.client.rpc.TestBlockOutputStreamWithFailures.testWatchForCommitDatanodeFailure(TestBlockOutputStreamWithFailures.java:336)
	at sun.reflect.NativeMethodAccessorImpl.invoke0(Native Method)
	at sun.reflect.NativeMethodAccessorImpl.invoke(NativeMethodAccessorImpl.java:62)
	at sun.reflect.DelegatingMethodAccessorImpl.invoke(DelegatingMethodAccessorImpl.java:43)
	at java.lang.reflect.Method.invoke(Method.java:498)
	at org.junit.runners.model.FrameworkMethod$1.runReflectiveCall(FrameworkMethod.java:47)
	at org.junit.internal.runners.model.ReflectiveCallable.run(ReflectiveCallable.java:12)
	at org.junit.runners.model.FrameworkMethod.invokeExplosively(FrameworkMethod.java:44)
	at org.junit.internal.runners.statements.InvokeMethod.evaluate(InvokeMethod.java:17)
	at org.junit.internal.runners.statements.RunBefores.evaluate(RunBefores.java:26)
	at org.junit.internal.runners.statements.RunAfters.evaluate(RunAfters.java:27)
	at org.junit.runners.ParentRunner.runLeaf(ParentRunner.java:271)
	at org.junit.runners.BlockJUnit4ClassRunner.runChild(BlockJUnit4ClassRunner.java:70)
	at org.junit.runners.BlockJUnit4ClassRunner.runChild(BlockJUnit4ClassRunner.java:50)
	at org.junit.runners.ParentRunner$3.run(ParentRunner.java:238)
	at org.junit.runners.ParentRunner$1.schedule(ParentRunner.java:63)
	at org.junit.runners.ParentRunner.runChildren(ParentRunner.java:236)
	at org.junit.runners.ParentRunner.access$000(ParentRunner.java:53)
	at org.junit.runners.ParentRunner$2.evaluate(ParentRunner.java:229)
	at org.junit.runners.ParentRunner.run(ParentRunner.java:309)
	at org.apache.maven.surefire.junit4.JUnit4Provider.execute(JUnit4Provider.java:365)
	at org.apache.maven.surefire.junit4.JUnit4Provider.executeWithRerun(JUnit4Provider.java:273)
	at org.apache.maven.surefire.junit4.JUnit4Provider.executeTestSet(JUnit4Provider.java:238)
	at org.apache.maven.surefire.junit4.JUnit4Provider.invoke(JUnit4Provider.java:159)
	at org.apache.maven.surefire.booter.ForkedBooter.invokeProviderInSameClassLoader(ForkedBooter.java:384)
	at org.apache.maven.surefire.booter.ForkedBooter.runSuitesInProcess(ForkedBooter.java:345)
	at org.apache.maven.surefire.booter.ForkedBooter.execute(ForkedBooter.java:126)
	at org.apache.maven.surefire.booter.ForkedBooter.main(ForkedBooter.java:418)
]]></failure>
    <system-out><![CDATA[2019-09-10 05:33:51,657 [main] WARN  server.ServerUtils (ServerUtils.java:getScmDbDir(145)) - ozone.scm.db.dirs is not configured. We recommend adding this setting. Falling back to ozone.metadata.dirs instead.
2019-09-10 05:33:51,707 [main] WARN  server.ServerUtils (ServerUtils.java:getScmDbDir(145)) - ozone.scm.db.dirs is not configured. We recommend adding this setting. Falling back to ozone.metadata.dirs instead.
2019-09-10 05:33:51,707 [main] WARN  server.ServerUtils (ServerUtils.java:getScmDbDir(145)) - ozone.scm.db.dirs is not configured. We recommend adding this setting. Falling back to ozone.metadata.dirs instead.
2019-09-10 05:33:51,708 [main] INFO  db.DBStoreBuilder (DBStoreBuilder.java:addTable(110)) - using custom profile for table: deletedBlocks
2019-09-10 05:33:51,708 [main] INFO  db.DBStoreBuilder (DBStoreBuilder.java:processTables(161)) - Using default column profile:DBProfile.DISK for Table:deletedBlocks
2019-09-10 05:33:51,708 [main] INFO  db.DBStoreBuilder (DBStoreBuilder.java:addTable(110)) - using custom profile for table: validCerts
2019-09-10 05:33:51,708 [main] INFO  db.DBStoreBuilder (DBStoreBuilder.java:processTables(161)) - Using default column profile:DBProfile.DISK for Table:validCerts
2019-09-10 05:33:51,708 [main] INFO  db.DBStoreBuilder (DBStoreBuilder.java:addTable(110)) - using custom profile for table: revokedCerts
2019-09-10 05:33:51,708 [main] INFO  db.DBStoreBuilder (DBStoreBuilder.java:processTables(161)) - Using default column profile:DBProfile.DISK for Table:revokedCerts
2019-09-10 05:33:51,709 [main] INFO  db.DBStoreBuilder (DBStoreBuilder.java:addTable(110)) - using custom profile for table: default
2019-09-10 05:33:51,709 [main] INFO  db.DBStoreBuilder (DBStoreBuilder.java:processTables(167)) - Using default column profile:DBProfile.DISK for Table:default
2019-09-10 05:33:51,709 [main] INFO  db.DBStoreBuilder (DBStoreBuilder.java:getDbProfile(198)) - Using default options. DBProfile.DISK
2019-09-10 05:33:51,922 [main] INFO  net.NodeSchemaLoader (NodeSchemaLoader.java:loadSchemaFromFile(125)) - Loading file from sun.misc.CompoundEnumeration@291a4791
2019-09-10 05:33:51,923 [main] INFO  net.NodeSchemaLoader (NodeSchemaLoader.java:loadSchema(171)) - Loading network topology layer schema file
2019-09-10 05:33:51,928 [main] INFO  node.SCMNodeManager (SCMNodeManager.java:<init>(114)) - Entering startup safe mode.
2019-09-10 05:33:51,929 [main] INFO  algorithms.ContainerPlacementPolicyFactory (ContainerPlacementPolicyFactory.java:getPolicy(57)) - Create container placement policy of type org.apache.hadoop.hdds.scm.container.placement.algorithms.SCMContainerPlacementRandom
2019-09-10 05:33:51,929 [main] WARN  server.ServerUtils (ServerUtils.java:getScmDbDir(145)) - ozone.scm.db.dirs is not configured. We recommend adding this setting. Falling back to ozone.metadata.dirs instead.
2019-09-10 05:33:52,029 [main] INFO  pipeline.SCMPipelineManager (SCMPipelineManager.java:initializePipelineState(128)) - No pipeline exists in current db
2019-09-10 05:33:52,030 [main] WARN  server.ServerUtils (ServerUtils.java:getScmDbDir(145)) - ozone.scm.db.dirs is not configured. We recommend adding this setting. Falling back to ozone.metadata.dirs instead.
2019-09-10 05:33:52,120 [main] WARN  events.EventQueue (EventQueue.java:fireEvent(183)) - No event handler registered for event TypedEvent{payloadType=SafeModeStatus, name='SafeModeStatus'}
2019-09-10 05:33:52,121 [main] INFO  ipc.CallQueueManager (CallQueueManager.java:<init>(84)) - Using callQueue: class java.util.concurrent.LinkedBlockingQueue, queueCapacity: 2000, scheduler: class org.apache.hadoop.ipc.DefaultRpcScheduler, ipcBackoff: false.
2019-09-10 05:33:52,122 [Socket Reader #1 for port 40314] INFO  ipc.Server (Server.java:run(1074)) - Starting Socket Reader #1 for port 40314
2019-09-10 05:33:52,125 [main] INFO  ipc.CallQueueManager (CallQueueManager.java:<init>(84)) - Using callQueue: class java.util.concurrent.LinkedBlockingQueue, queueCapacity: 2000, scheduler: class org.apache.hadoop.ipc.DefaultRpcScheduler, ipcBackoff: false.
2019-09-10 05:33:52,125 [Socket Reader #1 for port 45176] INFO  ipc.Server (Server.java:run(1074)) - Starting Socket Reader #1 for port 45176
2019-09-10 05:33:52,127 [main] INFO  ipc.CallQueueManager (CallQueueManager.java:<init>(84)) - Using callQueue: class java.util.concurrent.LinkedBlockingQueue, queueCapacity: 2000, scheduler: class org.apache.hadoop.ipc.DefaultRpcScheduler, ipcBackoff: false.
2019-09-10 05:33:52,128 [Socket Reader #1 for port 39351] INFO  ipc.Server (Server.java:run(1074)) - Starting Socket Reader #1 for port 39351
2019-09-10 05:33:52,130 [main] INFO  hdfs.DFSUtil (DFSUtil.java:httpServerTemplateForNNAndJN(1641)) - Starting Web-server for scm at: http://0.0.0.0:0
2019-09-10 05:33:52,132 [main] INFO  server.AuthenticationFilter (AuthenticationFilter.java:constructSecretProvider(240)) - Unable to initialize FileSignerSecretProvider, falling back to use random secrets.
2019-09-10 05:33:52,133 [main] WARN  http.HttpRequestLog (HttpRequestLog.java:getRequestLog(97)) - Jetty request log can only be enabled using Log4j
2019-09-10 05:33:52,135 [main] INFO  http.HttpServer2 (HttpServer2.java:addGlobalFilter(975)) - Added global filter 'safety' (class=org.apache.hadoop.http.HttpServer2$QuotingInputFilter)
2019-09-10 05:33:52,135 [main] INFO  http.HttpServer2 (HttpServer2.java:addFilter(948)) - Added filter static_user_filter (class=org.apache.hadoop.http.lib.StaticUserWebFilter$StaticUserFilter) to context scm
2019-09-10 05:33:52,135 [main] INFO  http.HttpServer2 (HttpServer2.java:addFilter(958)) - Added filter static_user_filter (class=org.apache.hadoop.http.lib.StaticUserWebFilter$StaticUserFilter) to context logs
2019-09-10 05:33:52,136 [main] INFO  http.HttpServer2 (HttpServer2.java:addFilter(958)) - Added filter static_user_filter (class=org.apache.hadoop.http.lib.StaticUserWebFilter$StaticUserFilter) to context static
2019-09-10 05:33:52,137 [main] INFO  server.StorageContainerManager (StorageContainerManager.java:start(763)) - StorageContainerLocationProtocol RPC server is listening at /0.0.0.0:39351
2019-09-10 05:33:52,140 [main] WARN  impl.MetricsConfig (MetricsConfig.java:loadFirst(134)) - Cannot locate configuration: tried hadoop-metrics2-storagecontainermanager.properties,hadoop-metrics2.properties
2019-09-10 05:33:52,141 [main] INFO  impl.MetricsSystemImpl (MetricsSystemImpl.java:startTimer(374)) - Scheduled Metric snapshot period at 10 second(s).
2019-09-10 05:33:52,141 [main] INFO  impl.MetricsSystemImpl (MetricsSystemImpl.java:start(191)) - StorageContainerManager metrics system started
2019-09-10 05:33:52,196 [main] WARN  impl.MetricsSystemImpl (MetricsSystemImpl.java:register(276)) - Sink prometheus already exists!
2019-09-10 05:33:52,304 [main] INFO  server.SCMClientProtocolServer (SCMClientProtocolServer.java:start(151)) - RPC server for Client  is listening at /0.0.0.0:39351
2019-09-10 05:33:52,304 [IPC Server Responder] INFO  ipc.Server (Server.java:run(1314)) - IPC Server Responder: starting
2019-09-10 05:33:52,305 [IPC Server listener on 39351] INFO  ipc.Server (Server.java:run(1153)) - IPC Server listener on 39351: starting
2019-09-10 05:33:52,308 [main] INFO  server.StorageContainerManager (StorageContainerManager.java:start(773)) - ScmBlockLocationProtocol RPC server is listening at /0.0.0.0:45176
2019-09-10 05:33:52,309 [main] INFO  server.SCMBlockProtocolServer (SCMBlockProtocolServer.java:start(146)) - RPC server for Block Protocol is listening at /0.0.0.0:45176
2019-09-10 05:33:52,309 [IPC Server Responder] INFO  ipc.Server (Server.java:run(1314)) - IPC Server Responder: starting
2019-09-10 05:33:52,310 [IPC Server listener on 45176] INFO  ipc.Server (Server.java:run(1153)) - IPC Server listener on 45176: starting
2019-09-10 05:33:52,313 [main] INFO  server.StorageContainerManager (StorageContainerManager.java:start(777)) - ScmDatanodeProtocl RPC server is listening at /0.0.0.0:40314
2019-09-10 05:33:52,313 [main] INFO  server.SCMDatanodeProtocolServer (SCMDatanodeProtocolServer.java:start(191)) - RPC server for DataNodes is listening at /0.0.0.0:40314
2019-09-10 05:33:52,314 [IPC Server Responder] INFO  ipc.Server (Server.java:run(1314)) - IPC Server Responder: starting
2019-09-10 05:33:52,314 [IPC Server listener on 40314] INFO  ipc.Server (Server.java:run(1153)) - IPC Server listener on 40314: starting
2019-09-10 05:33:52,317 [main] INFO  http.HttpServer2 (HttpServer2.java:bindListener(1191)) - Jetty bound to port 45028
2019-09-10 05:33:52,317 [main] INFO  server.Server (Server.java:doStart(351)) - jetty-9.3.24.v20180605, build timestamp: 2018-06-05T17:11:56Z, git hash: 84205aa28f11a4f31f2a3b86d1bba2cc8ab69827
2019-09-10 05:33:52,319 [main] INFO  handler.ContextHandler (ContextHandler.java:doStart(781)) - Started o.e.j.s.ServletContextHandler@2fd39436{/logs,file:///workdir/hadoop-ozone/integration-test/target/log,AVAILABLE}
2019-09-10 05:33:52,320 [main] INFO  handler.ContextHandler (ContextHandler.java:doStart(781)) - Started o.e.j.s.ServletContextHandler@46394f65{/static,file:///workdir/hadoop-ozone/integration-test/target/test-classes/webapps/static,AVAILABLE}
2019-09-10 05:33:52,325 [main] INFO  handler.ContextHandler (ContextHandler.java:doStart(781)) - Started o.e.j.w.WebAppContext@418f890f{/,file:///workdir/hadoop-ozone/integration-test/target/test-classes/webapps/scm/,AVAILABLE}{/scm}
2019-09-10 05:33:52,325 [main] INFO  server.AbstractConnector (AbstractConnector.java:doStart(278)) - Started ServerConnector@3d3c886f{HTTP/1.1,[http/1.1]}{0.0.0.0:45028}
2019-09-10 05:33:52,326 [main] INFO  server.Server (Server.java:doStart(419)) - Started @524715ms
2019-09-10 05:33:52,327 [main] WARN  impl.MetricsSystemImpl (MetricsSystemImpl.java:register(276)) - Sink prometheus already exists!
2019-09-10 05:33:52,327 [main] INFO  server.BaseHttpServer (BaseHttpServer.java:updateConnectorAddress(215)) - HTTP server of SCM is listening at http://0.0.0.0:45028
2019-09-10 05:33:52,328 [main] WARN  server.ServerUtils (ServerUtils.java:getDBPath(222)) - ozone.om.db.dirs is not configured. We recommend adding this setting. Falling back to ozone.metadata.dirs instead.
2019-09-10 05:33:52,329 [org.apache.hadoop.util.JvmPauseMonitor$Monitor@666618d6] INFO  util.JvmPauseMonitor (JvmPauseMonitor.java:run(188)) - Starting JVM pause monitor
2019-09-10 05:33:52,342 [main] WARN  server.ServerUtils (ServerUtils.java:getDBPath(222)) - ozone.om.db.dirs is not configured. We recommend adding this setting. Falling back to ozone.metadata.dirs instead.
2019-09-10 05:33:52,342 [main] WARN  server.ServerUtils (ServerUtils.java:getDBPath(222)) - ozone.om.db.dirs is not configured. We recommend adding this setting. Falling back to ozone.metadata.dirs instead.
2019-09-10 05:33:52,343 [main] INFO  om.OzoneManager (OzoneManager.java:setOMNodeDetails(649)) - OM Service ID is not set. Setting it to the default ID: omServiceIdDefault
2019-09-10 05:33:52,343 [main] INFO  om.OzoneManager (OzoneManager.java:setOMNodeDetails(655)) - OM Node ID is not set. Setting it to the OmStorage's OmID: 4655e52c-8bc3-4c07-955c-1eae2416374a
2019-09-10 05:33:52,343 [main] INFO  om.OzoneManager (OzoneManager.java:loadOMHAConfigs(606)) - Found matching OM address with OMServiceId: null, OMNodeId: null, RPC Address: localhost:0 and Ratis port: 9872
2019-09-10 05:33:52,351 [main] WARN  server.ServerUtils (ServerUtils.java:getDBPath(222)) - ozone.om.db.dirs is not configured. We recommend adding this setting. Falling back to ozone.metadata.dirs instead.
2019-09-10 05:33:52,351 [main] INFO  db.DBStoreBuilder (DBStoreBuilder.java:addTable(110)) - using custom profile for table: userTable
2019-09-10 05:33:52,351 [main] INFO  db.DBStoreBuilder (DBStoreBuilder.java:processTables(161)) - Using default column profile:DBProfile.DISK for Table:userTable
2019-09-10 05:33:52,351 [main] INFO  db.DBStoreBuilder (DBStoreBuilder.java:addTable(110)) - using custom profile for table: volumeTable
2019-09-10 05:33:52,351 [main] INFO  db.DBStoreBuilder (DBStoreBuilder.java:processTables(161)) - Using default column profile:DBProfile.DISK for Table:volumeTable
2019-09-10 05:33:52,352 [main] INFO  db.DBStoreBuilder (DBStoreBuilder.java:addTable(110)) - using custom profile for table: bucketTable
2019-09-10 05:33:52,352 [main] INFO  db.DBStoreBuilder (DBStoreBuilder.java:processTables(161)) - Using default column profile:DBProfile.DISK for Table:bucketTable
2019-09-10 05:33:52,352 [main] INFO  db.DBStoreBuilder (DBStoreBuilder.java:addTable(110)) - using custom profile for table: keyTable
2019-09-10 05:33:52,352 [main] INFO  db.DBStoreBuilder (DBStoreBuilder.java:processTables(161)) - Using default column profile:DBProfile.DISK for Table:keyTable
2019-09-10 05:33:52,352 [main] INFO  db.DBStoreBuilder (DBStoreBuilder.java:addTable(110)) - using custom profile for table: deletedTable
2019-09-10 05:33:52,353 [main] INFO  db.DBStoreBuilder (DBStoreBuilder.java:processTables(161)) - Using default column profile:DBProfile.DISK for Table:deletedTable
2019-09-10 05:33:52,353 [main] INFO  db.DBStoreBuilder (DBStoreBuilder.java:addTable(110)) - using custom profile for table: openKeyTable
2019-09-10 05:33:52,353 [main] INFO  db.DBStoreBuilder (DBStoreBuilder.java:processTables(161)) - Using default column profile:DBProfile.DISK for Table:openKeyTable
2019-09-10 05:33:52,353 [main] INFO  db.DBStoreBuilder (DBStoreBuilder.java:addTable(110)) - using custom profile for table: s3Table
2019-09-10 05:33:52,353 [main] INFO  db.DBStoreBuilder (DBStoreBuilder.java:processTables(161)) - Using default column profile:DBProfile.DISK for Table:s3Table
2019-09-10 05:33:52,353 [main] INFO  db.DBStoreBuilder (DBStoreBuilder.java:addTable(110)) - using custom profile for table: multipartInfoTable
2019-09-10 05:33:52,354 [main] INFO  db.DBStoreBuilder (DBStoreBuilder.java:processTables(161)) - Using default column profile:DBProfile.DISK for Table:multipartInfoTable
2019-09-10 05:33:52,354 [main] INFO  db.DBStoreBuilder (DBStoreBuilder.java:addTable(110)) - using custom profile for table: dTokenTable
2019-09-10 05:33:52,354 [main] INFO  db.DBStoreBuilder (DBStoreBuilder.java:processTables(161)) - Using default column profile:DBProfile.DISK for Table:dTokenTable
2019-09-10 05:33:52,354 [main] INFO  db.DBStoreBuilder (DBStoreBuilder.java:addTable(110)) - using custom profile for table: s3SecretTable
2019-09-10 05:33:52,354 [main] INFO  db.DBStoreBuilder (DBStoreBuilder.java:processTables(161)) - Using default column profile:DBProfile.DISK for Table:s3SecretTable
2019-09-10 05:33:52,354 [main] INFO  db.DBStoreBuilder (DBStoreBuilder.java:addTable(110)) - using custom profile for table: prefixTable
2019-09-10 05:33:52,354 [main] INFO  db.DBStoreBuilder (DBStoreBuilder.java:processTables(161)) - Using default column profile:DBProfile.DISK for Table:prefixTable
2019-09-10 05:33:52,355 [main] INFO  db.DBStoreBuilder (DBStoreBuilder.java:addTable(110)) - using custom profile for table: default
2019-09-10 05:33:52,355 [main] INFO  db.DBStoreBuilder (DBStoreBuilder.java:processTables(167)) - Using default column profile:DBProfile.DISK for Table:default
2019-09-10 05:33:52,355 [main] INFO  db.DBStoreBuilder (DBStoreBuilder.java:getDbProfile(198)) - Using default options. DBProfile.DISK
2019-09-10 05:33:52,803 [main] INFO  ipc.CallQueueManager (CallQueueManager.java:<init>(84)) - Using callQueue: class java.util.concurrent.LinkedBlockingQueue, queueCapacity: 2000, scheduler: class org.apache.hadoop.ipc.DefaultRpcScheduler, ipcBackoff: false.
2019-09-10 05:33:52,804 [Socket Reader #1 for port 36024] INFO  ipc.Server (Server.java:run(1074)) - Starting Socket Reader #1 for port 36024
2019-09-10 05:33:52,817 [main] INFO  om.OzoneManager (OzoneManager.java:start(1240)) - OzoneManager RPC server is listening at localhost/127.0.0.1:36024
2019-09-10 05:33:52,817 [main] INFO  impl.MetricsSystemImpl (MetricsSystemImpl.java:init(158)) - OzoneManager metrics system started (again)
2019-09-10 05:33:52,818 [IPC Server Responder] INFO  ipc.Server (Server.java:run(1314)) - IPC Server Responder: starting
2019-09-10 05:33:52,818 [IPC Server listener on 36024] INFO  ipc.Server (Server.java:run(1153)) - IPC Server listener on 36024: starting
2019-09-10 05:33:52,823 [main] INFO  hdfs.DFSUtil (DFSUtil.java:httpServerTemplateForNNAndJN(1641)) - Starting Web-server for ozoneManager at: http://0.0.0.0:0
2019-09-10 05:33:52,824 [main] INFO  server.AuthenticationFilter (AuthenticationFilter.java:constructSecretProvider(240)) - Unable to initialize FileSignerSecretProvider, falling back to use random secrets.
2019-09-10 05:33:52,824 [main] WARN  http.HttpRequestLog (HttpRequestLog.java:getRequestLog(97)) - Jetty request log can only be enabled using Log4j
2019-09-10 05:33:52,826 [main] INFO  http.HttpServer2 (HttpServer2.java:addGlobalFilter(975)) - Added global filter 'safety' (class=org.apache.hadoop.http.HttpServer2$QuotingInputFilter)
2019-09-10 05:33:52,826 [main] INFO  http.HttpServer2 (HttpServer2.java:addFilter(948)) - Added filter static_user_filter (class=org.apache.hadoop.http.lib.StaticUserWebFilter$StaticUserFilter) to context ozoneManager
2019-09-10 05:33:52,826 [main] INFO  http.HttpServer2 (HttpServer2.java:addFilter(958)) - Added filter static_user_filter (class=org.apache.hadoop.http.lib.StaticUserWebFilter$StaticUserFilter) to context logs
2019-09-10 05:33:52,826 [main] INFO  http.HttpServer2 (HttpServer2.java:addFilter(958)) - Added filter static_user_filter (class=org.apache.hadoop.http.lib.StaticUserWebFilter$StaticUserFilter) to context static
2019-09-10 05:33:52,827 [main] INFO  http.HttpServer2 (HttpServer2.java:bindListener(1191)) - Jetty bound to port 38278
2019-09-10 05:33:52,827 [main] INFO  server.Server (Server.java:doStart(351)) - jetty-9.3.24.v20180605, build timestamp: 2018-06-05T17:11:56Z, git hash: 84205aa28f11a4f31f2a3b86d1bba2cc8ab69827
2019-09-10 05:33:52,829 [main] INFO  handler.ContextHandler (ContextHandler.java:doStart(781)) - Started o.e.j.s.ServletContextHandler@611d0763{/logs,file:///workdir/hadoop-ozone/integration-test/target/log,AVAILABLE}
2019-09-10 05:33:52,829 [main] INFO  handler.ContextHandler (ContextHandler.java:doStart(781)) - Started o.e.j.s.ServletContextHandler@1e226bcd{/static,file:///workdir/hadoop-ozone/integration-test/target/test-classes/webapps/static,AVAILABLE}
2019-09-10 05:33:52,832 [main] INFO  handler.ContextHandler (ContextHandler.java:doStart(781)) - Started o.e.j.w.WebAppContext@65da01f4{/,file:///workdir/hadoop-ozone/integration-test/target/test-classes/webapps/ozoneManager/,AVAILABLE}{/ozoneManager}
2019-09-10 05:33:52,833 [main] INFO  server.AbstractConnector (AbstractConnector.java:doStart(278)) - Started ServerConnector@22f02996{HTTP/1.1,[http/1.1]}{0.0.0.0:38278}
2019-09-10 05:33:52,833 [main] INFO  server.Server (Server.java:doStart(419)) - Started @525221ms
2019-09-10 05:33:52,834 [main] WARN  impl.MetricsSystemImpl (MetricsSystemImpl.java:register(276)) - Sink prometheus already exists!
2019-09-10 05:33:52,835 [main] INFO  server.BaseHttpServer (BaseHttpServer.java:updateConnectorAddress(215)) - HTTP server of OZONEMANAGER is listening at http://0.0.0.0:38278
2019-09-10 05:33:52,847 [main] INFO  impl.MetricsSystemImpl (MetricsSystemImpl.java:init(158)) - HddsDatanode metrics system started (again)
2019-09-10 05:33:52,850 [main] INFO  ozone.HddsDatanodeService (HddsDatanodeService.java:start(184)) - HddsDatanodeService host:trunk-nightly-20190910-vk757-903364635 ip:192.168.36.76
2019-09-10 05:33:52,856 [main] INFO  volume.HddsVolume (HddsVolume.java:<init>(176)) - Creating Volume: /workdir/hadoop-ozone/integration-test/target/test-dir/MiniOzoneClusterImpl-9d9b5fd6-f7d9-4221-8942-13da4fae1afe/datanode-0/data/containers/hdds of  storage type : DISK and capacity : 1482555576320
2019-09-10 05:33:52,857 [main] INFO  volume.VolumeSet (VolumeSet.java:initializeVolumeSet(170)) - Added Volume : /workdir/hadoop-ozone/integration-test/target/test-dir/MiniOzoneClusterImpl-9d9b5fd6-f7d9-4221-8942-13da4fae1afe/datanode-0/data/containers/hdds to VolumeSet
2019-09-10 05:33:52,857 [main] INFO  volume.ThrottledAsyncChecker (ThrottledAsyncChecker.java:schedule(139)) - Scheduling a check for org.apache.hadoop.ozone.container.common.volume.HddsVolume@382d71c7
2019-09-10 05:33:52,857 [main] INFO  volume.HddsVolumeChecker (HddsVolumeChecker.java:checkAllVolumes(202)) - Scheduled health check for volume org.apache.hadoop.ozone.container.common.volume.HddsVolume@382d71c7
2019-09-10 05:33:52,870 [main] INFO  impl.RaftServerProxy (ConfUtils.java:logGet(43)) - raft.rpc.type = GRPC (default)
2019-09-10 05:33:52,870 [main] INFO  grpc.GrpcFactory (GrpcFactory.java:checkPooledByteBufAllocatorUseCacheForAllThreads(45)) - PERFORMANCE WARNING: useCacheForAllThreads is true that may cause Netty to create a lot garbage objects and, as a result, trigger GC.
	It is recommended to disable useCacheForAllThreads by setting -Dorg.apache.ratis.thirdparty.io.netty.allocator.useCacheForAllThreads=false in command line.
2019-09-10 05:33:52,871 [main] INFO  grpc.GrpcConfigKeys$Server (ConfUtils.java:logGet(43)) - raft.grpc.server.port = 0 (default)
2019-09-10 05:33:52,871 [main] INFO  server.GrpcService (ConfUtils.java:logGet(43)) - raft.grpc.message.size.max = 33570816 (custom)
2019-09-10 05:33:52,871 [main] INFO  server.RaftServerConfigKeys (ConfUtils.java:logGet(43)) - raft.server.log.appender.buffer.byte-limit = 33554432 (custom)
2019-09-10 05:33:52,871 [main] INFO  server.GrpcService (ConfUtils.java:logGet(43)) - raft.grpc.flow.control.window = 1MB (=1048576) (default)
2019-09-10 05:33:52,871 [main] INFO  server.RaftServerConfigKeys (ConfUtils.java:logGet(43)) - raft.server.rpc.request.timeout = 3000ms (default)
2019-09-10 05:33:52,872 [main] INFO  server.RaftServerConfigKeys (ConfUtils.java:logGet(43)) - raft.server.storage.dir = [/workdir/hadoop-ozone/integration-test/target/test-dir/MiniOzoneClusterImpl-9d9b5fd6-f7d9-4221-8942-13da4fae1afe/datanode-0/data/ratis] (custom)
2019-09-10 05:33:52,873 [main] INFO  hdfs.DFSUtil (DFSUtil.java:httpServerTemplateForNNAndJN(1641)) - Starting Web-server for hddsDatanode at: http://0.0.0.0:0
2019-09-10 05:33:52,874 [main] INFO  server.AuthenticationFilter (AuthenticationFilter.java:constructSecretProvider(240)) - Unable to initialize FileSignerSecretProvider, falling back to use random secrets.
2019-09-10 05:33:52,874 [main] WARN  http.HttpRequestLog (HttpRequestLog.java:getRequestLog(97)) - Jetty request log can only be enabled using Log4j
2019-09-10 05:33:52,875 [main] INFO  http.HttpServer2 (HttpServer2.java:addGlobalFilter(975)) - Added global filter 'safety' (class=org.apache.hadoop.http.HttpServer2$QuotingInputFilter)
2019-09-10 05:33:52,876 [main] INFO  http.HttpServer2 (HttpServer2.java:addFilter(948)) - Added filter static_user_filter (class=org.apache.hadoop.http.lib.StaticUserWebFilter$StaticUserFilter) to context hddsDatanode
2019-09-10 05:33:52,876 [main] INFO  http.HttpServer2 (HttpServer2.java:addFilter(958)) - Added filter static_user_filter (class=org.apache.hadoop.http.lib.StaticUserWebFilter$StaticUserFilter) to context logs
2019-09-10 05:33:52,876 [main] INFO  http.HttpServer2 (HttpServer2.java:addFilter(958)) - Added filter static_user_filter (class=org.apache.hadoop.http.lib.StaticUserWebFilter$StaticUserFilter) to context static
2019-09-10 05:33:52,877 [main] INFO  http.HttpServer2 (HttpServer2.java:bindListener(1191)) - Jetty bound to port 36660
2019-09-10 05:33:52,877 [main] INFO  server.Server (Server.java:doStart(351)) - jetty-9.3.24.v20180605, build timestamp: 2018-06-05T17:11:56Z, git hash: 84205aa28f11a4f31f2a3b86d1bba2cc8ab69827
2019-09-10 05:33:52,878 [main] INFO  handler.ContextHandler (ContextHandler.java:doStart(781)) - Started o.e.j.s.ServletContextHandler@28be7fec{/logs,file:///workdir/hadoop-ozone/integration-test/target/log,AVAILABLE}
2019-09-10 05:33:52,879 [main] INFO  handler.ContextHandler (ContextHandler.java:doStart(781)) - Started o.e.j.s.ServletContextHandler@34136bd1{/static,jar:file:/home/user/.m2/repository/org/apache/hadoop/hadoop-hdds-container-service/0.5.0-SNAPSHOT/hadoop-hdds-container-service-0.5.0-SNAPSHOT.jar!/webapps/static,AVAILABLE}
2019-09-10 05:33:52,905 [main] INFO  handler.ContextHandler (ContextHandler.java:doStart(781)) - Started o.e.j.w.WebAppContext@6222391a{/,file:///tmp/jetty-0.0.0.0-36660-hddsDatanode-_-any-9009272586834077445.dir/webapp/,AVAILABLE}{/hddsDatanode}
2019-09-10 05:33:52,905 [main] INFO  server.AbstractConnector (AbstractConnector.java:doStart(278)) - Started ServerConnector@538a2f0e{HTTP/1.1,[http/1.1]}{0.0.0.0:36660}
2019-09-10 05:33:52,906 [main] INFO  server.Server (Server.java:doStart(419)) - Started @525294ms
2019-09-10 05:33:52,907 [main] WARN  impl.MetricsSystemImpl (MetricsSystemImpl.java:register(276)) - Sink prometheus already exists!
2019-09-10 05:33:52,907 [main] INFO  server.BaseHttpServer (BaseHttpServer.java:updateConnectorAddress(215)) - HTTP server of HDDSDATANODE is listening at http://0.0.0.0:36660
2019-09-10 05:33:52,908 [main] INFO  impl.MetricsSystemImpl (MetricsSystemImpl.java:init(158)) - HddsDatanode metrics system started (again)
2019-09-10 05:33:52,911 [main] INFO  ozone.HddsDatanodeService (HddsDatanodeService.java:start(184)) - HddsDatanodeService host:trunk-nightly-20190910-vk757-903364635 ip:192.168.36.76
2019-09-10 05:33:52,911 [org.apache.hadoop.util.JvmPauseMonitor$Monitor@4e6a4b09] INFO  util.JvmPauseMonitor (JvmPauseMonitor.java:run(188)) - Starting JVM pause monitor
2019-09-10 05:33:52,913 [Datanode State Machine Thread - 0] INFO  datanode.InitDatanodeState (InitDatanodeState.java:persistContainerDatanodeDetails(140)) - DatanodeDetails is persisted to /workdir/hadoop-ozone/integration-test/target/test-dir/MiniOzoneClusterImpl-9d9b5fd6-f7d9-4221-8942-13da4fae1afe/datanode-0/meta/datanode.id
2019-09-10 05:33:52,916 [main] INFO  volume.HddsVolume (HddsVolume.java:<init>(176)) - Creating Volume: /workdir/hadoop-ozone/integration-test/target/test-dir/MiniOzoneClusterImpl-9d9b5fd6-f7d9-4221-8942-13da4fae1afe/datanode-1/data/containers/hdds of  storage type : DISK and capacity : 1482555576320
2019-09-10 05:33:52,917 [main] INFO  volume.VolumeSet (VolumeSet.java:initializeVolumeSet(170)) - Added Volume : /workdir/hadoop-ozone/integration-test/target/test-dir/MiniOzoneClusterImpl-9d9b5fd6-f7d9-4221-8942-13da4fae1afe/datanode-1/data/containers/hdds to VolumeSet
2019-09-10 05:33:52,917 [main] INFO  volume.ThrottledAsyncChecker (ThrottledAsyncChecker.java:schedule(139)) - Scheduling a check for org.apache.hadoop.ozone.container.common.volume.HddsVolume@48d739f
2019-09-10 05:33:52,917 [main] INFO  volume.HddsVolumeChecker (HddsVolumeChecker.java:checkAllVolumes(202)) - Scheduled health check for volume org.apache.hadoop.ozone.container.common.volume.HddsVolume@48d739f
2019-09-10 05:33:52,934 [main] INFO  impl.RaftServerProxy (ConfUtils.java:logGet(43)) - raft.rpc.type = GRPC (default)
2019-09-10 05:33:52,935 [main] INFO  grpc.GrpcFactory (GrpcFactory.java:checkPooledByteBufAllocatorUseCacheForAllThreads(45)) - PERFORMANCE WARNING: useCacheForAllThreads is true that may cause Netty to create a lot garbage objects and, as a result, trigger GC.
	It is recommended to disable useCacheForAllThreads by setting -Dorg.apache.ratis.thirdparty.io.netty.allocator.useCacheForAllThreads=false in command line.
2019-09-10 05:33:52,935 [main] INFO  grpc.GrpcConfigKeys$Server (ConfUtils.java:logGet(43)) - raft.grpc.server.port = 0 (default)
2019-09-10 05:33:52,935 [main] INFO  server.GrpcService (ConfUtils.java:logGet(43)) - raft.grpc.message.size.max = 33570816 (custom)
2019-09-10 05:33:52,935 [main] INFO  server.RaftServerConfigKeys (ConfUtils.java:logGet(43)) - raft.server.log.appender.buffer.byte-limit = 33554432 (custom)
2019-09-10 05:33:52,936 [main] INFO  server.GrpcService (ConfUtils.java:logGet(43)) - raft.grpc.flow.control.window = 1MB (=1048576) (default)
2019-09-10 05:33:52,936 [main] INFO  server.RaftServerConfigKeys (ConfUtils.java:logGet(43)) - raft.server.rpc.request.timeout = 3000ms (default)
2019-09-10 05:33:52,936 [main] INFO  server.RaftServerConfigKeys (ConfUtils.java:logGet(43)) - raft.server.storage.dir = [/workdir/hadoop-ozone/integration-test/target/test-dir/MiniOzoneClusterImpl-9d9b5fd6-f7d9-4221-8942-13da4fae1afe/datanode-1/data/ratis] (custom)
2019-09-10 05:33:52,938 [main] INFO  hdfs.DFSUtil (DFSUtil.java:httpServerTemplateForNNAndJN(1641)) - Starting Web-server for hddsDatanode at: http://0.0.0.0:0
2019-09-10 05:33:52,939 [main] INFO  server.AuthenticationFilter (AuthenticationFilter.java:constructSecretProvider(240)) - Unable to initialize FileSignerSecretProvider, falling back to use random secrets.
2019-09-10 05:33:52,940 [main] WARN  http.HttpRequestLog (HttpRequestLog.java:getRequestLog(97)) - Jetty request log can only be enabled using Log4j
2019-09-10 05:33:52,941 [main] INFO  http.HttpServer2 (HttpServer2.java:addGlobalFilter(975)) - Added global filter 'safety' (class=org.apache.hadoop.http.HttpServer2$QuotingInputFilter)
2019-09-10 05:33:52,942 [main] INFO  http.HttpServer2 (HttpServer2.java:addFilter(948)) - Added filter static_user_filter (class=org.apache.hadoop.http.lib.StaticUserWebFilter$StaticUserFilter) to context hddsDatanode
2019-09-10 05:33:52,942 [main] INFO  http.HttpServer2 (HttpServer2.java:addFilter(958)) - Added filter static_user_filter (class=org.apache.hadoop.http.lib.StaticUserWebFilter$StaticUserFilter) to context static
2019-09-10 05:33:52,942 [main] INFO  http.HttpServer2 (HttpServer2.java:addFilter(958)) - Added filter static_user_filter (class=org.apache.hadoop.http.lib.StaticUserWebFilter$StaticUserFilter) to context logs
2019-09-10 05:33:52,943 [main] INFO  http.HttpServer2 (HttpServer2.java:bindListener(1191)) - Jetty bound to port 41220
2019-09-10 05:33:52,943 [main] INFO  server.Server (Server.java:doStart(351)) - jetty-9.3.24.v20180605, build timestamp: 2018-06-05T17:11:56Z, git hash: 84205aa28f11a4f31f2a3b86d1bba2cc8ab69827
2019-09-10 05:33:52,945 [main] INFO  handler.ContextHandler (ContextHandler.java:doStart(781)) - Started o.e.j.s.ServletContextHandler@6f91fbda{/logs,file:///workdir/hadoop-ozone/integration-test/target/log,AVAILABLE}
2019-09-10 05:33:52,946 [main] INFO  handler.ContextHandler (ContextHandler.java:doStart(781)) - Started o.e.j.s.ServletContextHandler@4ffced4e{/static,jar:file:/home/user/.m2/repository/org/apache/hadoop/hadoop-hdds-container-service/0.5.0-SNAPSHOT/hadoop-hdds-container-service-0.5.0-SNAPSHOT.jar!/webapps/static,AVAILABLE}
2019-09-10 05:33:52,980 [main] INFO  handler.ContextHandler (ContextHandler.java:doStart(781)) - Started o.e.j.w.WebAppContext@64f4f12{/,file:///tmp/jetty-0.0.0.0-41220-hddsDatanode-_-any-8573720378026195484.dir/webapp/,AVAILABLE}{/hddsDatanode}
2019-09-10 05:33:52,980 [main] INFO  server.AbstractConnector (AbstractConnector.java:doStart(278)) - Started ServerConnector@37d28938{HTTP/1.1,[http/1.1]}{0.0.0.0:41220}
2019-09-10 05:33:52,981 [main] INFO  server.Server (Server.java:doStart(419)) - Started @525370ms
2019-09-10 05:33:52,982 [main] WARN  impl.MetricsSystemImpl (MetricsSystemImpl.java:register(276)) - Sink prometheus already exists!
2019-09-10 05:33:52,982 [main] INFO  server.BaseHttpServer (BaseHttpServer.java:updateConnectorAddress(215)) - HTTP server of HDDSDATANODE is listening at http://0.0.0.0:41220
2019-09-10 05:33:52,982 [main] INFO  impl.MetricsSystemImpl (MetricsSystemImpl.java:init(158)) - HddsDatanode metrics system started (again)
2019-09-10 05:33:52,986 [org.apache.hadoop.util.JvmPauseMonitor$Monitor@180c898b] INFO  util.JvmPauseMonitor (JvmPauseMonitor.java:run(188)) - Starting JVM pause monitor
2019-09-10 05:33:52,986 [main] INFO  ozone.HddsDatanodeService (HddsDatanodeService.java:start(184)) - HddsDatanodeService host:trunk-nightly-20190910-vk757-903364635 ip:192.168.36.76
2019-09-10 05:33:52,987 [Datanode State Machine Thread - 0] INFO  datanode.InitDatanodeState (InitDatanodeState.java:persistContainerDatanodeDetails(140)) - DatanodeDetails is persisted to /workdir/hadoop-ozone/integration-test/target/test-dir/MiniOzoneClusterImpl-9d9b5fd6-f7d9-4221-8942-13da4fae1afe/datanode-1/meta/datanode.id
2019-09-10 05:33:52,992 [main] INFO  volume.HddsVolume (HddsVolume.java:<init>(176)) - Creating Volume: /workdir/hadoop-ozone/integration-test/target/test-dir/MiniOzoneClusterImpl-9d9b5fd6-f7d9-4221-8942-13da4fae1afe/datanode-2/data/containers/hdds of  storage type : DISK and capacity : 1482555576320
2019-09-10 05:33:52,992 [main] INFO  volume.VolumeSet (VolumeSet.java:initializeVolumeSet(170)) - Added Volume : /workdir/hadoop-ozone/integration-test/target/test-dir/MiniOzoneClusterImpl-9d9b5fd6-f7d9-4221-8942-13da4fae1afe/datanode-2/data/containers/hdds to VolumeSet
2019-09-10 05:33:52,993 [main] INFO  volume.ThrottledAsyncChecker (ThrottledAsyncChecker.java:schedule(139)) - Scheduling a check for org.apache.hadoop.ozone.container.common.volume.HddsVolume@350323a0
2019-09-10 05:33:52,993 [main] INFO  volume.HddsVolumeChecker (HddsVolumeChecker.java:checkAllVolumes(202)) - Scheduled health check for volume org.apache.hadoop.ozone.container.common.volume.HddsVolume@350323a0
2019-09-10 05:33:53,006 [main] INFO  impl.RaftServerProxy (ConfUtils.java:logGet(43)) - raft.rpc.type = GRPC (default)
2019-09-10 05:33:53,006 [main] INFO  grpc.GrpcFactory (GrpcFactory.java:checkPooledByteBufAllocatorUseCacheForAllThreads(45)) - PERFORMANCE WARNING: useCacheForAllThreads is true that may cause Netty to create a lot garbage objects and, as a result, trigger GC.
	It is recommended to disable useCacheForAllThreads by setting -Dorg.apache.ratis.thirdparty.io.netty.allocator.useCacheForAllThreads=false in command line.
2019-09-10 05:33:53,007 [main] INFO  grpc.GrpcConfigKeys$Server (ConfUtils.java:logGet(43)) - raft.grpc.server.port = 0 (default)
2019-09-10 05:33:53,007 [main] INFO  server.GrpcService (ConfUtils.java:logGet(43)) - raft.grpc.message.size.max = 33570816 (custom)
2019-09-10 05:33:53,007 [main] INFO  server.RaftServerConfigKeys (ConfUtils.java:logGet(43)) - raft.server.log.appender.buffer.byte-limit = 33554432 (custom)
2019-09-10 05:33:53,007 [main] INFO  server.GrpcService (ConfUtils.java:logGet(43)) - raft.grpc.flow.control.window = 1MB (=1048576) (default)
2019-09-10 05:33:53,007 [main] INFO  server.RaftServerConfigKeys (ConfUtils.java:logGet(43)) - raft.server.rpc.request.timeout = 3000ms (default)
2019-09-10 05:33:53,008 [main] INFO  server.RaftServerConfigKeys (ConfUtils.java:logGet(43)) - raft.server.storage.dir = [/workdir/hadoop-ozone/integration-test/target/test-dir/MiniOzoneClusterImpl-9d9b5fd6-f7d9-4221-8942-13da4fae1afe/datanode-2/data/ratis] (custom)
2019-09-10 05:33:53,009 [main] INFO  hdfs.DFSUtil (DFSUtil.java:httpServerTemplateForNNAndJN(1641)) - Starting Web-server for hddsDatanode at: http://0.0.0.0:0
2019-09-10 05:33:53,010 [main] INFO  server.AuthenticationFilter (AuthenticationFilter.java:constructSecretProvider(240)) - Unable to initialize FileSignerSecretProvider, falling back to use random secrets.
2019-09-10 05:33:53,010 [main] WARN  http.HttpRequestLog (HttpRequestLog.java:getRequestLog(97)) - Jetty request log can only be enabled using Log4j
2019-09-10 05:33:53,012 [main] INFO  http.HttpServer2 (HttpServer2.java:addGlobalFilter(975)) - Added global filter 'safety' (class=org.apache.hadoop.http.HttpServer2$QuotingInputFilter)
2019-09-10 05:33:53,012 [main] INFO  http.HttpServer2 (HttpServer2.java:addFilter(948)) - Added filter static_user_filter (class=org.apache.hadoop.http.lib.StaticUserWebFilter$StaticUserFilter) to context hddsDatanode
2019-09-10 05:33:53,012 [main] INFO  http.HttpServer2 (HttpServer2.java:addFilter(958)) - Added filter static_user_filter (class=org.apache.hadoop.http.lib.StaticUserWebFilter$StaticUserFilter) to context logs
2019-09-10 05:33:53,012 [main] INFO  http.HttpServer2 (HttpServer2.java:addFilter(958)) - Added filter static_user_filter (class=org.apache.hadoop.http.lib.StaticUserWebFilter$StaticUserFilter) to context static
2019-09-10 05:33:53,013 [main] INFO  http.HttpServer2 (HttpServer2.java:bindListener(1191)) - Jetty bound to port 40116
2019-09-10 05:33:53,013 [main] INFO  server.Server (Server.java:doStart(351)) - jetty-9.3.24.v20180605, build timestamp: 2018-06-05T17:11:56Z, git hash: 84205aa28f11a4f31f2a3b86d1bba2cc8ab69827
2019-09-10 05:33:53,015 [main] INFO  handler.ContextHandler (ContextHandler.java:doStart(781)) - Started o.e.j.s.ServletContextHandler@55877274{/logs,file:///workdir/hadoop-ozone/integration-test/target/log,AVAILABLE}
2019-09-10 05:33:53,015 [main] INFO  handler.ContextHandler (ContextHandler.java:doStart(781)) - Started o.e.j.s.ServletContextHandler@6d4a82{/static,jar:file:/home/user/.m2/repository/org/apache/hadoop/hadoop-hdds-container-service/0.5.0-SNAPSHOT/hadoop-hdds-container-service-0.5.0-SNAPSHOT.jar!/webapps/static,AVAILABLE}
2019-09-10 05:33:53,041 [main] INFO  handler.ContextHandler (ContextHandler.java:doStart(781)) - Started o.e.j.w.WebAppContext@19b5214b{/,file:///tmp/jetty-0.0.0.0-40116-hddsDatanode-_-any-2110852031622476686.dir/webapp/,AVAILABLE}{/hddsDatanode}
2019-09-10 05:33:53,042 [main] INFO  server.AbstractConnector (AbstractConnector.java:doStart(278)) - Started ServerConnector@5fb3111a{HTTP/1.1,[http/1.1]}{0.0.0.0:40116}
2019-09-10 05:33:53,042 [main] INFO  server.Server (Server.java:doStart(419)) - Started @525430ms
2019-09-10 05:33:53,043 [main] WARN  impl.MetricsSystemImpl (MetricsSystemImpl.java:register(276)) - Sink prometheus already exists!
2019-09-10 05:33:53,044 [main] INFO  server.BaseHttpServer (BaseHttpServer.java:updateConnectorAddress(215)) - HTTP server of HDDSDATANODE is listening at http://0.0.0.0:40116
2019-09-10 05:33:53,044 [main] INFO  impl.MetricsSystemImpl (MetricsSystemImpl.java:init(158)) - HddsDatanode metrics system started (again)
2019-09-10 05:33:53,048 [main] INFO  ozone.HddsDatanodeService (HddsDatanodeService.java:start(184)) - HddsDatanodeService host:trunk-nightly-20190910-vk757-903364635 ip:192.168.36.76
2019-09-10 05:33:53,048 [org.apache.hadoop.util.JvmPauseMonitor$Monitor@4a15cd8b] INFO  util.JvmPauseMonitor (JvmPauseMonitor.java:run(188)) - Starting JVM pause monitor
2019-09-10 05:33:53,049 [Datanode State Machine Thread - 0] INFO  datanode.InitDatanodeState (InitDatanodeState.java:persistContainerDatanodeDetails(140)) - DatanodeDetails is persisted to /workdir/hadoop-ozone/integration-test/target/test-dir/MiniOzoneClusterImpl-9d9b5fd6-f7d9-4221-8942-13da4fae1afe/datanode-2/meta/datanode.id
2019-09-10 05:33:53,054 [main] INFO  volume.HddsVolume (HddsVolume.java:<init>(176)) - Creating Volume: /workdir/hadoop-ozone/integration-test/target/test-dir/MiniOzoneClusterImpl-9d9b5fd6-f7d9-4221-8942-13da4fae1afe/datanode-3/data/containers/hdds of  storage type : DISK and capacity : 1482555576320
2019-09-10 05:33:53,055 [main] INFO  volume.VolumeSet (VolumeSet.java:initializeVolumeSet(170)) - Added Volume : /workdir/hadoop-ozone/integration-test/target/test-dir/MiniOzoneClusterImpl-9d9b5fd6-f7d9-4221-8942-13da4fae1afe/datanode-3/data/containers/hdds to VolumeSet
2019-09-10 05:33:53,055 [main] INFO  volume.ThrottledAsyncChecker (ThrottledAsyncChecker.java:schedule(139)) - Scheduling a check for org.apache.hadoop.ozone.container.common.volume.HddsVolume@10d18696
2019-09-10 05:33:53,055 [main] INFO  volume.HddsVolumeChecker (HddsVolumeChecker.java:checkAllVolumes(202)) - Scheduled health check for volume org.apache.hadoop.ozone.container.common.volume.HddsVolume@10d18696
2019-09-10 05:33:53,067 [main] INFO  impl.RaftServerProxy (ConfUtils.java:logGet(43)) - raft.rpc.type = GRPC (default)
2019-09-10 05:33:53,067 [main] INFO  grpc.GrpcFactory (GrpcFactory.java:checkPooledByteBufAllocatorUseCacheForAllThreads(45)) - PERFORMANCE WARNING: useCacheForAllThreads is true that may cause Netty to create a lot garbage objects and, as a result, trigger GC.
	It is recommended to disable useCacheForAllThreads by setting -Dorg.apache.ratis.thirdparty.io.netty.allocator.useCacheForAllThreads=false in command line.
2019-09-10 05:33:53,068 [main] INFO  grpc.GrpcConfigKeys$Server (ConfUtils.java:logGet(43)) - raft.grpc.server.port = 0 (default)
2019-09-10 05:33:53,068 [main] INFO  server.GrpcService (ConfUtils.java:logGet(43)) - raft.grpc.message.size.max = 33570816 (custom)
2019-09-10 05:33:53,068 [main] INFO  server.RaftServerConfigKeys (ConfUtils.java:logGet(43)) - raft.server.log.appender.buffer.byte-limit = 33554432 (custom)
2019-09-10 05:33:53,068 [main] INFO  server.GrpcService (ConfUtils.java:logGet(43)) - raft.grpc.flow.control.window = 1MB (=1048576) (default)
2019-09-10 05:33:53,068 [main] INFO  server.RaftServerConfigKeys (ConfUtils.java:logGet(43)) - raft.server.rpc.request.timeout = 3000ms (default)
2019-09-10 05:33:53,069 [main] INFO  server.RaftServerConfigKeys (ConfUtils.java:logGet(43)) - raft.server.storage.dir = [/workdir/hadoop-ozone/integration-test/target/test-dir/MiniOzoneClusterImpl-9d9b5fd6-f7d9-4221-8942-13da4fae1afe/datanode-3/data/ratis] (custom)
2019-09-10 05:33:53,070 [main] INFO  hdfs.DFSUtil (DFSUtil.java:httpServerTemplateForNNAndJN(1641)) - Starting Web-server for hddsDatanode at: http://0.0.0.0:0
2019-09-10 05:33:53,070 [main] INFO  server.AuthenticationFilter (AuthenticationFilter.java:constructSecretProvider(240)) - Unable to initialize FileSignerSecretProvider, falling back to use random secrets.
2019-09-10 05:33:53,071 [main] WARN  http.HttpRequestLog (HttpRequestLog.java:getRequestLog(97)) - Jetty request log can only be enabled using Log4j
2019-09-10 05:33:53,072 [main] INFO  http.HttpServer2 (HttpServer2.java:addGlobalFilter(975)) - Added global filter 'safety' (class=org.apache.hadoop.http.HttpServer2$QuotingInputFilter)
2019-09-10 05:33:53,072 [main] INFO  http.HttpServer2 (HttpServer2.java:addFilter(948)) - Added filter static_user_filter (class=org.apache.hadoop.http.lib.StaticUserWebFilter$StaticUserFilter) to context hddsDatanode
2019-09-10 05:33:53,072 [main] INFO  http.HttpServer2 (HttpServer2.java:addFilter(958)) - Added filter static_user_filter (class=org.apache.hadoop.http.lib.StaticUserWebFilter$StaticUserFilter) to context static
2019-09-10 05:33:53,072 [main] INFO  http.HttpServer2 (HttpServer2.java:addFilter(958)) - Added filter static_user_filter (class=org.apache.hadoop.http.lib.StaticUserWebFilter$StaticUserFilter) to context logs
2019-09-10 05:33:53,073 [main] INFO  http.HttpServer2 (HttpServer2.java:bindListener(1191)) - Jetty bound to port 46445
2019-09-10 05:33:53,073 [main] INFO  server.Server (Server.java:doStart(351)) - jetty-9.3.24.v20180605, build timestamp: 2018-06-05T17:11:56Z, git hash: 84205aa28f11a4f31f2a3b86d1bba2cc8ab69827
2019-09-10 05:33:53,074 [main] INFO  handler.ContextHandler (ContextHandler.java:doStart(781)) - Started o.e.j.s.ServletContextHandler@43c7fe8a{/logs,file:///workdir/hadoop-ozone/integration-test/target/log,AVAILABLE}
2019-09-10 05:33:53,075 [main] INFO  handler.ContextHandler (ContextHandler.java:doStart(781)) - Started o.e.j.s.ServletContextHandler@21b51e59{/static,jar:file:/home/user/.m2/repository/org/apache/hadoop/hadoop-hdds-container-service/0.5.0-SNAPSHOT/hadoop-hdds-container-service-0.5.0-SNAPSHOT.jar!/webapps/static,AVAILABLE}
2019-09-10 05:33:53,098 [main] INFO  handler.ContextHandler (ContextHandler.java:doStart(781)) - Started o.e.j.w.WebAppContext@5bfc79cb{/,file:///tmp/jetty-0.0.0.0-46445-hddsDatanode-_-any-622157497262663443.dir/webapp/,AVAILABLE}{/hddsDatanode}
2019-09-10 05:33:53,098 [main] INFO  server.AbstractConnector (AbstractConnector.java:doStart(278)) - Started ServerConnector@27ec8754{HTTP/1.1,[http/1.1]}{0.0.0.0:46445}
2019-09-10 05:33:53,098 [main] INFO  server.Server (Server.java:doStart(419)) - Started @525487ms
2019-09-10 05:33:53,099 [main] WARN  impl.MetricsSystemImpl (MetricsSystemImpl.java:register(276)) - Sink prometheus already exists!
2019-09-10 05:33:53,099 [main] INFO  server.BaseHttpServer (BaseHttpServer.java:updateConnectorAddress(215)) - HTTP server of HDDSDATANODE is listening at http://0.0.0.0:46445
2019-09-10 05:33:53,099 [main] INFO  impl.MetricsSystemImpl (MetricsSystemImpl.java:init(158)) - HddsDatanode metrics system started (again)
2019-09-10 05:33:53,104 [main] INFO  ozone.HddsDatanodeService (HddsDatanodeService.java:start(184)) - HddsDatanodeService host:trunk-nightly-20190910-vk757-903364635 ip:192.168.36.76
2019-09-10 05:33:53,106 [org.apache.hadoop.util.JvmPauseMonitor$Monitor@d6ac432] INFO  util.JvmPauseMonitor (JvmPauseMonitor.java:run(188)) - Starting JVM pause monitor
2019-09-10 05:33:53,108 [Datanode State Machine Thread - 0] INFO  datanode.InitDatanodeState (InitDatanodeState.java:persistContainerDatanodeDetails(140)) - DatanodeDetails is persisted to /workdir/hadoop-ozone/integration-test/target/test-dir/MiniOzoneClusterImpl-9d9b5fd6-f7d9-4221-8942-13da4fae1afe/datanode-3/meta/datanode.id
2019-09-10 05:33:53,111 [main] INFO  volume.HddsVolume (HddsVolume.java:<init>(176)) - Creating Volume: /workdir/hadoop-ozone/integration-test/target/test-dir/MiniOzoneClusterImpl-9d9b5fd6-f7d9-4221-8942-13da4fae1afe/datanode-4/data/containers/hdds of  storage type : DISK and capacity : 1482555576320
2019-09-10 05:33:53,111 [main] INFO  volume.VolumeSet (VolumeSet.java:initializeVolumeSet(170)) - Added Volume : /workdir/hadoop-ozone/integration-test/target/test-dir/MiniOzoneClusterImpl-9d9b5fd6-f7d9-4221-8942-13da4fae1afe/datanode-4/data/containers/hdds to VolumeSet
2019-09-10 05:33:53,111 [main] INFO  volume.ThrottledAsyncChecker (ThrottledAsyncChecker.java:schedule(139)) - Scheduling a check for org.apache.hadoop.ozone.container.common.volume.HddsVolume@595f9916
2019-09-10 05:33:53,112 [main] INFO  volume.HddsVolumeChecker (HddsVolumeChecker.java:checkAllVolumes(202)) - Scheduled health check for volume org.apache.hadoop.ozone.container.common.volume.HddsVolume@595f9916
2019-09-10 05:33:53,131 [main] INFO  impl.RaftServerProxy (ConfUtils.java:logGet(43)) - raft.rpc.type = GRPC (default)
2019-09-10 05:33:53,131 [main] INFO  grpc.GrpcFactory (GrpcFactory.java:checkPooledByteBufAllocatorUseCacheForAllThreads(45)) - PERFORMANCE WARNING: useCacheForAllThreads is true that may cause Netty to create a lot garbage objects and, as a result, trigger GC.
	It is recommended to disable useCacheForAllThreads by setting -Dorg.apache.ratis.thirdparty.io.netty.allocator.useCacheForAllThreads=false in command line.
2019-09-10 05:33:53,131 [main] INFO  grpc.GrpcConfigKeys$Server (ConfUtils.java:logGet(43)) - raft.grpc.server.port = 0 (default)
2019-09-10 05:33:53,131 [main] INFO  server.GrpcService (ConfUtils.java:logGet(43)) - raft.grpc.message.size.max = 33570816 (custom)
2019-09-10 05:33:53,132 [main] INFO  server.RaftServerConfigKeys (ConfUtils.java:logGet(43)) - raft.server.log.appender.buffer.byte-limit = 33554432 (custom)
2019-09-10 05:33:53,132 [main] INFO  server.GrpcService (ConfUtils.java:logGet(43)) - raft.grpc.flow.control.window = 1MB (=1048576) (default)
2019-09-10 05:33:53,132 [main] INFO  server.RaftServerConfigKeys (ConfUtils.java:logGet(43)) - raft.server.rpc.request.timeout = 3000ms (default)
2019-09-10 05:33:53,132 [main] INFO  server.RaftServerConfigKeys (ConfUtils.java:logGet(43)) - raft.server.storage.dir = [/workdir/hadoop-ozone/integration-test/target/test-dir/MiniOzoneClusterImpl-9d9b5fd6-f7d9-4221-8942-13da4fae1afe/datanode-4/data/ratis] (custom)
2019-09-10 05:33:53,134 [main] INFO  hdfs.DFSUtil (DFSUtil.java:httpServerTemplateForNNAndJN(1641)) - Starting Web-server for hddsDatanode at: http://0.0.0.0:0
2019-09-10 05:33:53,135 [main] INFO  server.AuthenticationFilter (AuthenticationFilter.java:constructSecretProvider(240)) - Unable to initialize FileSignerSecretProvider, falling back to use random secrets.
2019-09-10 05:33:53,135 [main] WARN  http.HttpRequestLog (HttpRequestLog.java:getRequestLog(97)) - Jetty request log can only be enabled using Log4j
2019-09-10 05:33:53,137 [main] INFO  http.HttpServer2 (HttpServer2.java:addGlobalFilter(975)) - Added global filter 'safety' (class=org.apache.hadoop.http.HttpServer2$QuotingInputFilter)
2019-09-10 05:33:53,137 [main] INFO  http.HttpServer2 (HttpServer2.java:addFilter(948)) - Added filter static_user_filter (class=org.apache.hadoop.http.lib.StaticUserWebFilter$StaticUserFilter) to context hddsDatanode
2019-09-10 05:33:53,137 [main] INFO  http.HttpServer2 (HttpServer2.java:addFilter(958)) - Added filter static_user_filter (class=org.apache.hadoop.http.lib.StaticUserWebFilter$StaticUserFilter) to context logs
2019-09-10 05:33:53,137 [main] INFO  http.HttpServer2 (HttpServer2.java:addFilter(958)) - Added filter static_user_filter (class=org.apache.hadoop.http.lib.StaticUserWebFilter$StaticUserFilter) to context static
2019-09-10 05:33:53,138 [main] INFO  http.HttpServer2 (HttpServer2.java:bindListener(1191)) - Jetty bound to port 40349
2019-09-10 05:33:53,138 [main] INFO  server.Server (Server.java:doStart(351)) - jetty-9.3.24.v20180605, build timestamp: 2018-06-05T17:11:56Z, git hash: 84205aa28f11a4f31f2a3b86d1bba2cc8ab69827
2019-09-10 05:33:53,140 [main] INFO  handler.ContextHandler (ContextHandler.java:doStart(781)) - Started o.e.j.s.ServletContextHandler@52ba685a{/logs,file:///workdir/hadoop-ozone/integration-test/target/log,AVAILABLE}
2019-09-10 05:33:53,140 [main] INFO  handler.ContextHandler (ContextHandler.java:doStart(781)) - Started o.e.j.s.ServletContextHandler@71d55b7e{/static,jar:file:/home/user/.m2/repository/org/apache/hadoop/hadoop-hdds-container-service/0.5.0-SNAPSHOT/hadoop-hdds-container-service-0.5.0-SNAPSHOT.jar!/webapps/static,AVAILABLE}
2019-09-10 05:33:53,169 [main] INFO  handler.ContextHandler (ContextHandler.java:doStart(781)) - Started o.e.j.w.WebAppContext@6842c101{/,file:///tmp/jetty-0.0.0.0-40349-hddsDatanode-_-any-8659048742673290132.dir/webapp/,AVAILABLE}{/hddsDatanode}
2019-09-10 05:33:53,169 [main] INFO  server.AbstractConnector (AbstractConnector.java:doStart(278)) - Started ServerConnector@234cd86c{HTTP/1.1,[http/1.1]}{0.0.0.0:40349}
2019-09-10 05:33:53,171 [main] INFO  server.Server (Server.java:doStart(419)) - Started @525559ms
2019-09-10 05:33:53,171 [main] WARN  impl.MetricsSystemImpl (MetricsSystemImpl.java:register(276)) - Sink prometheus already exists!
2019-09-10 05:33:53,171 [main] INFO  server.BaseHttpServer (BaseHttpServer.java:updateConnectorAddress(215)) - HTTP server of HDDSDATANODE is listening at http://0.0.0.0:40349
2019-09-10 05:33:53,171 [main] INFO  impl.MetricsSystemImpl (MetricsSystemImpl.java:init(158)) - HddsDatanode metrics system started (again)
2019-09-10 05:33:53,175 [org.apache.hadoop.util.JvmPauseMonitor$Monitor@44a29d56] INFO  util.JvmPauseMonitor (JvmPauseMonitor.java:run(188)) - Starting JVM pause monitor
2019-09-10 05:33:53,176 [main] INFO  ozone.HddsDatanodeService (HddsDatanodeService.java:start(184)) - HddsDatanodeService host:trunk-nightly-20190910-vk757-903364635 ip:192.168.36.76
2019-09-10 05:33:53,176 [Datanode State Machine Thread - 0] INFO  datanode.InitDatanodeState (InitDatanodeState.java:persistContainerDatanodeDetails(140)) - DatanodeDetails is persisted to /workdir/hadoop-ozone/integration-test/target/test-dir/MiniOzoneClusterImpl-9d9b5fd6-f7d9-4221-8942-13da4fae1afe/datanode-4/meta/datanode.id
2019-09-10 05:33:53,182 [main] INFO  volume.HddsVolume (HddsVolume.java:<init>(176)) - Creating Volume: /workdir/hadoop-ozone/integration-test/target/test-dir/MiniOzoneClusterImpl-9d9b5fd6-f7d9-4221-8942-13da4fae1afe/datanode-5/data/containers/hdds of  storage type : DISK and capacity : 1482555576320
2019-09-10 05:33:53,182 [main] INFO  volume.VolumeSet (VolumeSet.java:initializeVolumeSet(170)) - Added Volume : /workdir/hadoop-ozone/integration-test/target/test-dir/MiniOzoneClusterImpl-9d9b5fd6-f7d9-4221-8942-13da4fae1afe/datanode-5/data/containers/hdds to VolumeSet
2019-09-10 05:33:53,183 [main] INFO  volume.ThrottledAsyncChecker (ThrottledAsyncChecker.java:schedule(139)) - Scheduling a check for org.apache.hadoop.ozone.container.common.volume.HddsVolume@497ed877
2019-09-10 05:33:53,183 [main] INFO  volume.HddsVolumeChecker (HddsVolumeChecker.java:checkAllVolumes(202)) - Scheduled health check for volume org.apache.hadoop.ozone.container.common.volume.HddsVolume@497ed877
2019-09-10 05:33:53,203 [main] INFO  impl.RaftServerProxy (ConfUtils.java:logGet(43)) - raft.rpc.type = GRPC (default)
2019-09-10 05:33:53,203 [main] INFO  grpc.GrpcFactory (GrpcFactory.java:checkPooledByteBufAllocatorUseCacheForAllThreads(45)) - PERFORMANCE WARNING: useCacheForAllThreads is true that may cause Netty to create a lot garbage objects and, as a result, trigger GC.
	It is recommended to disable useCacheForAllThreads by setting -Dorg.apache.ratis.thirdparty.io.netty.allocator.useCacheForAllThreads=false in command line.
2019-09-10 05:33:53,203 [main] INFO  grpc.GrpcConfigKeys$Server (ConfUtils.java:logGet(43)) - raft.grpc.server.port = 0 (default)
2019-09-10 05:33:53,204 [main] INFO  server.GrpcService (ConfUtils.java:logGet(43)) - raft.grpc.message.size.max = 33570816 (custom)
2019-09-10 05:33:53,204 [main] INFO  server.RaftServerConfigKeys (ConfUtils.java:logGet(43)) - raft.server.log.appender.buffer.byte-limit = 33554432 (custom)
2019-09-10 05:33:53,204 [main] INFO  server.GrpcService (ConfUtils.java:logGet(43)) - raft.grpc.flow.control.window = 1MB (=1048576) (default)
2019-09-10 05:33:53,204 [main] INFO  server.RaftServerConfigKeys (ConfUtils.java:logGet(43)) - raft.server.rpc.request.timeout = 3000ms (default)
2019-09-10 05:33:53,205 [main] INFO  server.RaftServerConfigKeys (ConfUtils.java:logGet(43)) - raft.server.storage.dir = [/workdir/hadoop-ozone/integration-test/target/test-dir/MiniOzoneClusterImpl-9d9b5fd6-f7d9-4221-8942-13da4fae1afe/datanode-5/data/ratis] (custom)
2019-09-10 05:33:53,206 [main] INFO  hdfs.DFSUtil (DFSUtil.java:httpServerTemplateForNNAndJN(1641)) - Starting Web-server for hddsDatanode at: http://0.0.0.0:0
2019-09-10 05:33:53,207 [main] INFO  server.AuthenticationFilter (AuthenticationFilter.java:constructSecretProvider(240)) - Unable to initialize FileSignerSecretProvider, falling back to use random secrets.
2019-09-10 05:33:53,208 [main] WARN  http.HttpRequestLog (HttpRequestLog.java:getRequestLog(97)) - Jetty request log can only be enabled using Log4j
2019-09-10 05:33:53,209 [main] INFO  http.HttpServer2 (HttpServer2.java:addGlobalFilter(975)) - Added global filter 'safety' (class=org.apache.hadoop.http.HttpServer2$QuotingInputFilter)
2019-09-10 05:33:53,209 [main] INFO  http.HttpServer2 (HttpServer2.java:addFilter(948)) - Added filter static_user_filter (class=org.apache.hadoop.http.lib.StaticUserWebFilter$StaticUserFilter) to context hddsDatanode
2019-09-10 05:33:53,209 [main] INFO  http.HttpServer2 (HttpServer2.java:addFilter(958)) - Added filter static_user_filter (class=org.apache.hadoop.http.lib.StaticUserWebFilter$StaticUserFilter) to context logs
2019-09-10 05:33:53,209 [main] INFO  http.HttpServer2 (HttpServer2.java:addFilter(958)) - Added filter static_user_filter (class=org.apache.hadoop.http.lib.StaticUserWebFilter$StaticUserFilter) to context static
2019-09-10 05:33:53,210 [main] INFO  http.HttpServer2 (HttpServer2.java:bindListener(1191)) - Jetty bound to port 37538
2019-09-10 05:33:53,210 [main] INFO  server.Server (Server.java:doStart(351)) - jetty-9.3.24.v20180605, build timestamp: 2018-06-05T17:11:56Z, git hash: 84205aa28f11a4f31f2a3b86d1bba2cc8ab69827
2019-09-10 05:33:53,211 [main] INFO  handler.ContextHandler (ContextHandler.java:doStart(781)) - Started o.e.j.s.ServletContextHandler@74a820bf{/logs,file:///workdir/hadoop-ozone/integration-test/target/log,AVAILABLE}
2019-09-10 05:33:53,212 [main] INFO  handler.ContextHandler (ContextHandler.java:doStart(781)) - Started o.e.j.s.ServletContextHandler@4f2ac7e0{/static,jar:file:/home/user/.m2/repository/org/apache/hadoop/hadoop-hdds-container-service/0.5.0-SNAPSHOT/hadoop-hdds-container-service-0.5.0-SNAPSHOT.jar!/webapps/static,AVAILABLE}
2019-09-10 05:33:53,238 [main] INFO  handler.ContextHandler (ContextHandler.java:doStart(781)) - Started o.e.j.w.WebAppContext@49232c6f{/,file:///tmp/jetty-0.0.0.0-37538-hddsDatanode-_-any-4254461741227983196.dir/webapp/,AVAILABLE}{/hddsDatanode}
2019-09-10 05:33:53,239 [main] INFO  server.AbstractConnector (AbstractConnector.java:doStart(278)) - Started ServerConnector@5faeeb56{HTTP/1.1,[http/1.1]}{0.0.0.0:37538}
2019-09-10 05:33:53,239 [main] INFO  server.Server (Server.java:doStart(419)) - Started @525627ms
2019-09-10 05:33:53,240 [main] WARN  impl.MetricsSystemImpl (MetricsSystemImpl.java:register(276)) - Sink prometheus already exists!
2019-09-10 05:33:53,241 [main] INFO  server.BaseHttpServer (BaseHttpServer.java:updateConnectorAddress(215)) - HTTP server of HDDSDATANODE is listening at http://0.0.0.0:37538
2019-09-10 05:33:53,241 [main] INFO  impl.MetricsSystemImpl (MetricsSystemImpl.java:init(158)) - HddsDatanode metrics system started (again)
2019-09-10 05:33:53,246 [org.apache.hadoop.util.JvmPauseMonitor$Monitor@135088b5] INFO  util.JvmPauseMonitor (JvmPauseMonitor.java:run(188)) - Starting JVM pause monitor
2019-09-10 05:33:53,246 [main] INFO  ozone.HddsDatanodeService (HddsDatanodeService.java:start(184)) - HddsDatanodeService host:trunk-nightly-20190910-vk757-903364635 ip:192.168.36.76
2019-09-10 05:33:53,247 [Datanode State Machine Thread - 0] INFO  datanode.InitDatanodeState (InitDatanodeState.java:persistContainerDatanodeDetails(140)) - DatanodeDetails is persisted to /workdir/hadoop-ozone/integration-test/target/test-dir/MiniOzoneClusterImpl-9d9b5fd6-f7d9-4221-8942-13da4fae1afe/datanode-5/meta/datanode.id
2019-09-10 05:33:53,252 [main] INFO  volume.HddsVolume (HddsVolume.java:<init>(176)) - Creating Volume: /workdir/hadoop-ozone/integration-test/target/test-dir/MiniOzoneClusterImpl-9d9b5fd6-f7d9-4221-8942-13da4fae1afe/datanode-6/data/containers/hdds of  storage type : DISK and capacity : 1482555576320
2019-09-10 05:33:53,253 [main] INFO  volume.VolumeSet (VolumeSet.java:initializeVolumeSet(170)) - Added Volume : /workdir/hadoop-ozone/integration-test/target/test-dir/MiniOzoneClusterImpl-9d9b5fd6-f7d9-4221-8942-13da4fae1afe/datanode-6/data/containers/hdds to VolumeSet
2019-09-10 05:33:53,253 [main] INFO  volume.ThrottledAsyncChecker (ThrottledAsyncChecker.java:schedule(139)) - Scheduling a check for org.apache.hadoop.ozone.container.common.volume.HddsVolume@5ca4dce5
2019-09-10 05:33:53,253 [main] INFO  volume.HddsVolumeChecker (HddsVolumeChecker.java:checkAllVolumes(202)) - Scheduled health check for volume org.apache.hadoop.ozone.container.common.volume.HddsVolume@5ca4dce5
2019-09-10 05:33:53,266 [main] INFO  impl.RaftServerProxy (ConfUtils.java:logGet(43)) - raft.rpc.type = GRPC (default)
2019-09-10 05:33:53,266 [main] INFO  grpc.GrpcFactory (GrpcFactory.java:checkPooledByteBufAllocatorUseCacheForAllThreads(45)) - PERFORMANCE WARNING: useCacheForAllThreads is true that may cause Netty to create a lot garbage objects and, as a result, trigger GC.
	It is recommended to disable useCacheForAllThreads by setting -Dorg.apache.ratis.thirdparty.io.netty.allocator.useCacheForAllThreads=false in command line.
2019-09-10 05:33:53,266 [main] INFO  grpc.GrpcConfigKeys$Server (ConfUtils.java:logGet(43)) - raft.grpc.server.port = 0 (default)
2019-09-10 05:33:53,267 [main] INFO  server.GrpcService (ConfUtils.java:logGet(43)) - raft.grpc.message.size.max = 33570816 (custom)
2019-09-10 05:33:53,267 [main] INFO  server.RaftServerConfigKeys (ConfUtils.java:logGet(43)) - raft.server.log.appender.buffer.byte-limit = 33554432 (custom)
2019-09-10 05:33:53,267 [main] INFO  server.GrpcService (ConfUtils.java:logGet(43)) - raft.grpc.flow.control.window = 1MB (=1048576) (default)
2019-09-10 05:33:53,267 [main] INFO  server.RaftServerConfigKeys (ConfUtils.java:logGet(43)) - raft.server.rpc.request.timeout = 3000ms (default)
2019-09-10 05:33:53,268 [main] INFO  server.RaftServerConfigKeys (ConfUtils.java:logGet(43)) - raft.server.storage.dir = [/workdir/hadoop-ozone/integration-test/target/test-dir/MiniOzoneClusterImpl-9d9b5fd6-f7d9-4221-8942-13da4fae1afe/datanode-6/data/ratis] (custom)
2019-09-10 05:33:53,269 [main] INFO  hdfs.DFSUtil (DFSUtil.java:httpServerTemplateForNNAndJN(1641)) - Starting Web-server for hddsDatanode at: http://0.0.0.0:0
2019-09-10 05:33:53,270 [main] INFO  server.AuthenticationFilter (AuthenticationFilter.java:constructSecretProvider(240)) - Unable to initialize FileSignerSecretProvider, falling back to use random secrets.
2019-09-10 05:33:53,270 [main] WARN  http.HttpRequestLog (HttpRequestLog.java:getRequestLog(97)) - Jetty request log can only be enabled using Log4j
2019-09-10 05:33:53,272 [main] INFO  http.HttpServer2 (HttpServer2.java:addGlobalFilter(975)) - Added global filter 'safety' (class=org.apache.hadoop.http.HttpServer2$QuotingInputFilter)
2019-09-10 05:33:53,272 [main] INFO  http.HttpServer2 (HttpServer2.java:addFilter(948)) - Added filter static_user_filter (class=org.apache.hadoop.http.lib.StaticUserWebFilter$StaticUserFilter) to context hddsDatanode
2019-09-10 05:33:53,272 [main] INFO  http.HttpServer2 (HttpServer2.java:addFilter(958)) - Added filter static_user_filter (class=org.apache.hadoop.http.lib.StaticUserWebFilter$StaticUserFilter) to context logs
2019-09-10 05:33:53,272 [main] INFO  http.HttpServer2 (HttpServer2.java:addFilter(958)) - Added filter static_user_filter (class=org.apache.hadoop.http.lib.StaticUserWebFilter$StaticUserFilter) to context static
2019-09-10 05:33:53,273 [main] INFO  http.HttpServer2 (HttpServer2.java:bindListener(1191)) - Jetty bound to port 46369
2019-09-10 05:33:53,273 [main] INFO  server.Server (Server.java:doStart(351)) - jetty-9.3.24.v20180605, build timestamp: 2018-06-05T17:11:56Z, git hash: 84205aa28f11a4f31f2a3b86d1bba2cc8ab69827
2019-09-10 05:33:53,275 [main] INFO  handler.ContextHandler (ContextHandler.java:doStart(781)) - Started o.e.j.s.ServletContextHandler@4a22e4d7{/logs,file:///workdir/hadoop-ozone/integration-test/target/log,AVAILABLE}
2019-09-10 05:33:53,275 [main] INFO  handler.ContextHandler (ContextHandler.java:doStart(781)) - Started o.e.j.s.ServletContextHandler@16681017{/static,jar:file:/home/user/.m2/repository/org/apache/hadoop/hadoop-hdds-container-service/0.5.0-SNAPSHOT/hadoop-hdds-container-service-0.5.0-SNAPSHOT.jar!/webapps/static,AVAILABLE}
2019-09-10 05:33:53,302 [main] INFO  handler.ContextHandler (ContextHandler.java:doStart(781)) - Started o.e.j.w.WebAppContext@48499739{/,file:///tmp/jetty-0.0.0.0-46369-hddsDatanode-_-any-8716280210853305382.dir/webapp/,AVAILABLE}{/hddsDatanode}
2019-09-10 05:33:53,302 [main] INFO  server.AbstractConnector (AbstractConnector.java:doStart(278)) - Started ServerConnector@723742b2{HTTP/1.1,[http/1.1]}{0.0.0.0:46369}
2019-09-10 05:33:53,303 [main] INFO  server.Server (Server.java:doStart(419)) - Started @525691ms
2019-09-10 05:33:53,308 [main] WARN  impl.MetricsSystemImpl (MetricsSystemImpl.java:register(276)) - Sink prometheus already exists!
2019-09-10 05:33:53,309 [main] INFO  server.BaseHttpServer (BaseHttpServer.java:updateConnectorAddress(215)) - HTTP server of HDDSDATANODE is listening at http://0.0.0.0:46369
2019-09-10 05:33:53,309 [main] INFO  ozone.MiniOzoneClusterImpl (MiniOzoneClusterImpl.java:lambda$waitForClusterToBeReady$0(140)) - Waiting for cluster to be ready. Got 0 of 7 DN Heartbeats.
2019-09-10 05:33:53,310 [org.apache.hadoop.util.JvmPauseMonitor$Monitor@3a84a6bd] INFO  util.JvmPauseMonitor (JvmPauseMonitor.java:run(188)) - Starting JVM pause monitor
2019-09-10 05:33:53,312 [Datanode State Machine Thread - 0] INFO  datanode.InitDatanodeState (InitDatanodeState.java:persistContainerDatanodeDetails(140)) - DatanodeDetails is persisted to /workdir/hadoop-ozone/integration-test/target/test-dir/MiniOzoneClusterImpl-9d9b5fd6-f7d9-4221-8942-13da4fae1afe/datanode-6/meta/datanode.id
2019-09-10 05:33:54,310 [main] INFO  ozone.MiniOzoneClusterImpl (MiniOzoneClusterImpl.java:lambda$waitForClusterToBeReady$0(140)) - Waiting for cluster to be ready. Got 0 of 7 DN Heartbeats.
2019-09-10 05:33:54,934 [Datanode State Machine Thread - 0] INFO  ozoneimpl.OzoneContainer (OzoneContainer.java:start(217)) - Attempting to start container services.
2019-09-10 05:33:54,935 [Datanode State Machine Thread - 0] INFO  ozoneimpl.OzoneContainer (OzoneContainer.java:startContainerScrub(179)) - Background container scanner has been disabled.
2019-09-10 05:33:54,935 [Datanode State Machine Thread - 0] INFO  ratis.XceiverServerRatis (XceiverServerRatis.java:start(404)) - Starting XceiverServerRatis 72a9c052-68b3-4600-b46c-b388f8da2720 at port 0
2019-09-10 05:33:54,941 [Datanode State Machine Thread - 0] INFO  impl.RaftServerProxy (RaftServerProxy.java:lambda$start$3(299)) - 72a9c052-68b3-4600-b46c-b388f8da2720: start RPC server
2019-09-10 05:33:54,943 [Datanode State Machine Thread - 0] INFO  server.GrpcService (GrpcService.java:startImpl(158)) - 72a9c052-68b3-4600-b46c-b388f8da2720: GrpcService started, listening on 0.0.0.0/0.0.0.0:33685
2019-09-10 05:33:54,943 [Datanode State Machine Thread - 0] INFO  ratis.XceiverServerRatis (XceiverServerRatis.java:start(414)) - XceiverServerRatis 72a9c052-68b3-4600-b46c-b388f8da2720 is started using port 33685
2019-09-10 05:33:54,944 [Datanode State Machine Thread - 0] INFO  server.XceiverServerGrpc (XceiverServerGrpc.java:start(163)) - XceiverServerGrpc 72a9c052-68b3-4600-b46c-b388f8da2720 is started using port 43780
2019-09-10 05:33:55,029 [Datanode State Machine Thread - 0] INFO  ozoneimpl.OzoneContainer (OzoneContainer.java:start(217)) - Attempting to start container services.
2019-09-10 05:33:55,029 [Datanode State Machine Thread - 0] INFO  ozoneimpl.OzoneContainer (OzoneContainer.java:startContainerScrub(179)) - Background container scanner has been disabled.
2019-09-10 05:33:55,030 [Datanode State Machine Thread - 0] INFO  ratis.XceiverServerRatis (XceiverServerRatis.java:start(404)) - Starting XceiverServerRatis 6fcfc11e-cb6d-4a85-a341-4f2bb55708c6 at port 0
2019-09-10 05:33:55,035 [Datanode State Machine Thread - 0] INFO  impl.RaftServerProxy (RaftServerProxy.java:lambda$start$3(299)) - 6fcfc11e-cb6d-4a85-a341-4f2bb55708c6: start RPC server
2019-09-10 05:33:55,036 [Datanode State Machine Thread - 0] INFO  server.GrpcService (GrpcService.java:startImpl(158)) - 6fcfc11e-cb6d-4a85-a341-4f2bb55708c6: GrpcService started, listening on 0.0.0.0/0.0.0.0:45794
2019-09-10 05:33:55,036 [Datanode State Machine Thread - 0] INFO  ratis.XceiverServerRatis (XceiverServerRatis.java:start(414)) - XceiverServerRatis 6fcfc11e-cb6d-4a85-a341-4f2bb55708c6 is started using port 45794
2019-09-10 05:33:55,037 [Datanode State Machine Thread - 0] INFO  server.XceiverServerGrpc (XceiverServerGrpc.java:start(163)) - XceiverServerGrpc 6fcfc11e-cb6d-4a85-a341-4f2bb55708c6 is started using port 38672
2019-09-10 05:33:55,062 [Datanode State Machine Thread - 0] INFO  ozoneimpl.OzoneContainer (OzoneContainer.java:start(217)) - Attempting to start container services.
2019-09-10 05:33:55,062 [Datanode State Machine Thread - 0] INFO  ozoneimpl.OzoneContainer (OzoneContainer.java:startContainerScrub(179)) - Background container scanner has been disabled.
2019-09-10 05:33:55,063 [Datanode State Machine Thread - 0] INFO  ratis.XceiverServerRatis (XceiverServerRatis.java:start(404)) - Starting XceiverServerRatis faea321c-1a3a-4fc8-801d-bcd23c01e8f4 at port 0
2019-09-10 05:33:55,070 [Datanode State Machine Thread - 0] INFO  impl.RaftServerProxy (RaftServerProxy.java:lambda$start$3(299)) - faea321c-1a3a-4fc8-801d-bcd23c01e8f4: start RPC server
2019-09-10 05:33:55,073 [Datanode State Machine Thread - 0] INFO  server.GrpcService (GrpcService.java:startImpl(158)) - faea321c-1a3a-4fc8-801d-bcd23c01e8f4: GrpcService started, listening on 0.0.0.0/0.0.0.0:33150
2019-09-10 05:33:55,073 [Datanode State Machine Thread - 0] INFO  ratis.XceiverServerRatis (XceiverServerRatis.java:start(414)) - XceiverServerRatis faea321c-1a3a-4fc8-801d-bcd23c01e8f4 is started using port 33150
2019-09-10 05:33:55,074 [Datanode State Machine Thread - 0] INFO  server.XceiverServerGrpc (XceiverServerGrpc.java:start(163)) - XceiverServerGrpc faea321c-1a3a-4fc8-801d-bcd23c01e8f4 is started using port 38029
2019-09-10 05:33:55,121 [Datanode State Machine Thread - 0] INFO  ozoneimpl.OzoneContainer (OzoneContainer.java:start(217)) - Attempting to start container services.
2019-09-10 05:33:55,122 [Datanode State Machine Thread - 0] INFO  ozoneimpl.OzoneContainer (OzoneContainer.java:startContainerScrub(179)) - Background container scanner has been disabled.
2019-09-10 05:33:55,122 [Datanode State Machine Thread - 0] INFO  ratis.XceiverServerRatis (XceiverServerRatis.java:start(404)) - Starting XceiverServerRatis 87196072-496c-46fd-91f4-efa396687fa3 at port 0
2019-09-10 05:33:55,129 [Datanode State Machine Thread - 0] INFO  impl.RaftServerProxy (RaftServerProxy.java:lambda$start$3(299)) - 87196072-496c-46fd-91f4-efa396687fa3: start RPC server
2019-09-10 05:33:55,133 [Datanode State Machine Thread - 0] INFO  server.GrpcService (GrpcService.java:startImpl(158)) - 87196072-496c-46fd-91f4-efa396687fa3: GrpcService started, listening on 0.0.0.0/0.0.0.0:35461
2019-09-10 05:33:55,133 [Datanode State Machine Thread - 0] INFO  ratis.XceiverServerRatis (XceiverServerRatis.java:start(414)) - XceiverServerRatis 87196072-496c-46fd-91f4-efa396687fa3 is started using port 35461
2019-09-10 05:33:55,133 [Datanode State Machine Thread - 0] INFO  server.XceiverServerGrpc (XceiverServerGrpc.java:start(163)) - XceiverServerGrpc 87196072-496c-46fd-91f4-efa396687fa3 is started using port 33570
2019-09-10 05:33:55,189 [Datanode State Machine Thread - 0] INFO  ozoneimpl.OzoneContainer (OzoneContainer.java:start(217)) - Attempting to start container services.
2019-09-10 05:33:55,189 [Datanode State Machine Thread - 0] INFO  ozoneimpl.OzoneContainer (OzoneContainer.java:startContainerScrub(179)) - Background container scanner has been disabled.
2019-09-10 05:33:55,189 [Datanode State Machine Thread - 0] INFO  ratis.XceiverServerRatis (XceiverServerRatis.java:start(404)) - Starting XceiverServerRatis 840dca29-f8a9-4c87-ab36-c2df3e8ce0ae at port 0
2019-09-10 05:33:55,197 [Datanode State Machine Thread - 0] INFO  impl.RaftServerProxy (RaftServerProxy.java:lambda$start$3(299)) - 840dca29-f8a9-4c87-ab36-c2df3e8ce0ae: start RPC server
2019-09-10 05:33:55,212 [Datanode State Machine Thread - 0] INFO  server.GrpcService (GrpcService.java:startImpl(158)) - 840dca29-f8a9-4c87-ab36-c2df3e8ce0ae: GrpcService started, listening on 0.0.0.0/0.0.0.0:33734
2019-09-10 05:33:55,213 [Datanode State Machine Thread - 0] INFO  ratis.XceiverServerRatis (XceiverServerRatis.java:start(414)) - XceiverServerRatis 840dca29-f8a9-4c87-ab36-c2df3e8ce0ae is started using port 33734
2019-09-10 05:33:55,217 [Datanode State Machine Thread - 0] INFO  server.XceiverServerGrpc (XceiverServerGrpc.java:start(163)) - XceiverServerGrpc 840dca29-f8a9-4c87-ab36-c2df3e8ce0ae is started using port 37971
2019-09-10 05:33:55,260 [Datanode State Machine Thread - 0] INFO  ozoneimpl.OzoneContainer (OzoneContainer.java:start(217)) - Attempting to start container services.
2019-09-10 05:33:55,260 [Datanode State Machine Thread - 0] INFO  ozoneimpl.OzoneContainer (OzoneContainer.java:startContainerScrub(179)) - Background container scanner has been disabled.
2019-09-10 05:33:55,260 [Datanode State Machine Thread - 0] INFO  ratis.XceiverServerRatis (XceiverServerRatis.java:start(404)) - Starting XceiverServerRatis 3264e783-a886-4a98-ba84-26339acf7926 at port 0
2019-09-10 05:33:55,265 [Datanode State Machine Thread - 0] INFO  impl.RaftServerProxy (RaftServerProxy.java:lambda$start$3(299)) - 3264e783-a886-4a98-ba84-26339acf7926: start RPC server
2019-09-10 05:33:55,266 [Datanode State Machine Thread - 0] INFO  server.GrpcService (GrpcService.java:startImpl(158)) - 3264e783-a886-4a98-ba84-26339acf7926: GrpcService started, listening on 0.0.0.0/0.0.0.0:36054
2019-09-10 05:33:55,266 [Datanode State Machine Thread - 0] INFO  ratis.XceiverServerRatis (XceiverServerRatis.java:start(414)) - XceiverServerRatis 3264e783-a886-4a98-ba84-26339acf7926 is started using port 36054
2019-09-10 05:33:55,266 [Datanode State Machine Thread - 0] INFO  server.XceiverServerGrpc (XceiverServerGrpc.java:start(163)) - XceiverServerGrpc 3264e783-a886-4a98-ba84-26339acf7926 is started using port 38712
2019-09-10 05:33:55,310 [main] INFO  ozone.MiniOzoneClusterImpl (MiniOzoneClusterImpl.java:lambda$waitForClusterToBeReady$0(140)) - Waiting for cluster to be ready. Got 0 of 7 DN Heartbeats.
2019-09-10 05:33:55,325 [Datanode State Machine Thread - 0] INFO  ozoneimpl.OzoneContainer (OzoneContainer.java:start(217)) - Attempting to start container services.
2019-09-10 05:33:55,326 [Datanode State Machine Thread - 0] INFO  ozoneimpl.OzoneContainer (OzoneContainer.java:startContainerScrub(179)) - Background container scanner has been disabled.
2019-09-10 05:33:55,326 [Datanode State Machine Thread - 0] INFO  ratis.XceiverServerRatis (XceiverServerRatis.java:start(404)) - Starting XceiverServerRatis 2450cf49-9e1c-4def-9796-350dd1d43595 at port 0
2019-09-10 05:33:55,331 [Datanode State Machine Thread - 0] INFO  impl.RaftServerProxy (RaftServerProxy.java:lambda$start$3(299)) - 2450cf49-9e1c-4def-9796-350dd1d43595: start RPC server
2019-09-10 05:33:55,332 [Datanode State Machine Thread - 0] INFO  server.GrpcService (GrpcService.java:startImpl(158)) - 2450cf49-9e1c-4def-9796-350dd1d43595: GrpcService started, listening on 0.0.0.0/0.0.0.0:44236
2019-09-10 05:33:55,332 [Datanode State Machine Thread - 0] INFO  ratis.XceiverServerRatis (XceiverServerRatis.java:start(414)) - XceiverServerRatis 2450cf49-9e1c-4def-9796-350dd1d43595 is started using port 44236
2019-09-10 05:33:55,336 [Datanode State Machine Thread - 0] INFO  server.XceiverServerGrpc (XceiverServerGrpc.java:start(163)) - XceiverServerGrpc 2450cf49-9e1c-4def-9796-350dd1d43595 is started using port 35776
2019-09-10 05:33:56,311 [main] INFO  ozone.MiniOzoneClusterImpl (MiniOzoneClusterImpl.java:lambda$waitForClusterToBeReady$0(140)) - Waiting for cluster to be ready. Got 0 of 7 DN Heartbeats.
2019-09-10 05:33:56,924 [IPC Server handler 0 on 40314] INFO  net.NetworkTopology (NetworkTopologyImpl.java:add(110)) - Added a new node: /default-rack/72a9c052-68b3-4600-b46c-b388f8da2720
2019-09-10 05:33:56,927 [IPC Server handler 0 on 40314] INFO  node.SCMNodeManager (SCMNodeManager.java:register(266)) - Registered Data node : 72a9c052-68b3-4600-b46c-b388f8da2720{ip: 192.168.36.76, host: trunk-nightly-20190910-vk757-903364635, networkLocation: /default-rack, certSerialId: null}
2019-09-10 05:33:56,928 [EventQueue-NodeRegistrationContainerReportForDataNodeSafeModeRule] INFO  safemode.SCMSafeModeManager (DataNodeSafeModeRule.java:process(71)) - SCM in safe mode. 1 DataNodes registered, 1 required.
2019-09-10 05:33:56,931 [EventQueue-NodeRegistrationContainerReportForDataNodeSafeModeRule] INFO  safemode.SCMSafeModeManager (SCMSafeModeManager.java:validateSafeModeExitRules(177)) - ScmSafeModeManager, all rules are successfully validated
2019-09-10 05:33:56,931 [EventQueue-NodeRegistrationContainerReportForDataNodeSafeModeRule] INFO  safemode.SCMSafeModeManager (SCMSafeModeManager.java:exitSafeMode(193)) - SCM exiting safe mode.
2019-09-10 05:33:56,945 [grpc-default-executor-10] INFO  impl.RaftServerProxy (RaftServerProxy.java:addNew(89)) - 72a9c052-68b3-4600-b46c-b388f8da2720: addNew group-CAC272819F5B:[72a9c052-68b3-4600-b46c-b388f8da2720:192.168.36.76:33685] returns group-CAC272819F5B:java.util.concurrent.CompletableFuture@2cfa73b8[Not completed]
2019-09-10 05:33:56,949 [pool-409-thread-1] INFO  impl.RaftServerImpl (RaftServerImpl.java:<init>(95)) - 72a9c052-68b3-4600-b46c-b388f8da2720: new RaftServerImpl for group-CAC272819F5B:[72a9c052-68b3-4600-b46c-b388f8da2720:192.168.36.76:33685] with ContainerStateMachine:uninitialized
2019-09-10 05:33:56,949 [pool-409-thread-1] INFO  server.RaftServerConfigKeys (ConfUtils.java:logGet(43)) - raft.server.rpc.timeout.min = 5s (custom)
2019-09-10 05:33:56,949 [pool-409-thread-1] INFO  server.RaftServerConfigKeys (ConfUtils.java:logGet(43)) - raft.server.rpc.timeout.max = 5200ms (custom)
2019-09-10 05:33:56,949 [pool-409-thread-1] INFO  server.RaftServerConfigKeys (ConfUtils.java:logGet(43)) - raft.server.rpcslowness.timeout = 120s (custom)
2019-09-10 05:33:56,950 [pool-409-thread-1] INFO  server.RaftServerConfigKeys (ConfUtils.java:logGet(43)) - raft.server.sleep.deviation.threshold = 300 (default)
2019-09-10 05:33:56,950 [pool-409-thread-1] INFO  server.RaftServerConfigKeys (ConfUtils.java:logGet(43)) - raft.server.log.appender.install.snapshot.enabled = false (custom)
2019-09-10 05:33:56,950 [pool-409-thread-1] INFO  impl.RaftServerImpl (ServerState.java:<init>(103)) - 72a9c052-68b3-4600-b46c-b388f8da2720@group-CAC272819F5B: ConfigurationManager, init=-1: [72a9c052-68b3-4600-b46c-b388f8da2720:192.168.36.76:33685], old=null, confs=<EMPTY_MAP>
2019-09-10 05:33:56,950 [pool-409-thread-1] INFO  server.RaftServerConfigKeys (ConfUtils.java:logGet(43)) - raft.server.storage.dir = [/workdir/hadoop-ozone/integration-test/target/test-dir/MiniOzoneClusterImpl-9d9b5fd6-f7d9-4221-8942-13da4fae1afe/datanode-0/data/ratis] (custom)
2019-09-10 05:33:56,951 [pool-409-thread-1] INFO  storage.RaftStorageDirectory (RaftStorageDirectory.java:analyzeStorage(246)) - The storage directory /workdir/hadoop-ozone/integration-test/target/test-dir/MiniOzoneClusterImpl-9d9b5fd6-f7d9-4221-8942-13da4fae1afe/datanode-0/data/ratis/0ba96587-6c53-42b3-867d-cac272819f5b does not exist. Creating ...
2019-09-10 05:33:56,987 [IPC Server handler 1 on 40314] INFO  net.NetworkTopology (NetworkTopologyImpl.java:add(110)) - Added a new node: /default-rack/6fcfc11e-cb6d-4a85-a341-4f2bb55708c6
2019-09-10 05:33:56,987 [IPC Server handler 1 on 40314] INFO  node.SCMNodeManager (SCMNodeManager.java:register(266)) - Registered Data node : 6fcfc11e-cb6d-4a85-a341-4f2bb55708c6{ip: 192.168.36.76, host: trunk-nightly-20190910-vk757-903364635, networkLocation: /default-rack, certSerialId: null}
2019-09-10 05:33:56,992 [pool-409-thread-1] INFO  storage.RaftStorageDirectory (RaftStorageDirectory.java:tryLock(328)) - Lock on /workdir/hadoop-ozone/integration-test/target/test-dir/MiniOzoneClusterImpl-9d9b5fd6-f7d9-4221-8942-13da4fae1afe/datanode-0/data/ratis/0ba96587-6c53-42b3-867d-cac272819f5b/in_use.lock acquired by nodename 21943@trunk-nightly-20190910-vk757-903364635
2019-09-10 05:33:57,028 [pool-409-thread-1] INFO  storage.RaftStorage (RaftStorage.java:format(72)) - Storage directory /workdir/hadoop-ozone/integration-test/target/test-dir/MiniOzoneClusterImpl-9d9b5fd6-f7d9-4221-8942-13da4fae1afe/datanode-0/data/ratis/0ba96587-6c53-42b3-867d-cac272819f5b has been successfully formatted.
2019-09-10 05:33:57,030 [pool-409-thread-1] INFO  ratis.ContainerStateMachine (ContainerStateMachine.java:loadSnapshot(230)) - group-CAC272819F5B: The snapshot info is null. Setting the last applied indexto:(t:0, i:~)
2019-09-10 05:33:57,030 [pool-409-thread-1] INFO  server.RaftServerConfigKeys (ConfUtils.java:logGet(43)) - raft.server.notification.no-leader.timeout = 120s (custom)
2019-09-10 05:33:57,030 [pool-409-thread-1] INFO  server.RaftServerConfigKeys (ConfUtils.java:logGet(43)) - raft.server.log.use.memory = false (default)
2019-09-10 05:33:57,031 [pool-409-thread-1] INFO  server.RaftServerConfigKeys (ConfUtils.java:logGet(43)) - raft.server.log.purge.gap = 1000000 (custom)
2019-09-10 05:33:57,031 [pool-409-thread-1] INFO  server.RaftServerConfigKeys (ConfUtils.java:logGet(43)) - raft.server.log.appender.buffer.byte-limit = 33554432 (custom)
2019-09-10 05:33:57,031 [pool-409-thread-1] INFO  server.RaftServerConfigKeys (ConfUtils.java:logGet(43)) - raft.server.log.segment.size.max = 1048576 (custom)
2019-09-10 05:33:57,031 [pool-409-thread-1] INFO  server.RaftServerConfigKeys (ConfUtils.java:logGet(43)) - raft.server.log.segment.cache.num.max = 2 (custom)
2019-09-10 05:33:57,032 [pool-409-thread-1] INFO  segmented.SegmentedRaftLogWorker (SegmentedRaftLogWorker.java:<init>(172)) - new 72a9c052-68b3-4600-b46c-b388f8da2720@group-CAC272819F5B-SegmentedRaftLogWorker for RaftStorage:Storage Directory /workdir/hadoop-ozone/integration-test/target/test-dir/MiniOzoneClusterImpl-9d9b5fd6-f7d9-4221-8942-13da4fae1afe/datanode-0/data/ratis/0ba96587-6c53-42b3-867d-cac272819f5b
2019-09-10 05:33:57,034 [pool-409-thread-1] INFO  server.RaftServerConfigKeys (ConfUtils.java:logGet(43)) - raft.server.log.queue.byte-limit = 2147483647 (custom)
2019-09-10 05:33:57,034 [pool-409-thread-1] INFO  server.RaftServerConfigKeys (ConfUtils.java:logGet(43)) - raft.server.log.queue.element-limit = 1024 (custom)
2019-09-10 05:33:57,035 [pool-409-thread-1] INFO  server.RaftServerConfigKeys (ConfUtils.java:logGet(43)) - raft.server.log.segment.size.max = 1048576 (custom)
2019-09-10 05:33:57,035 [pool-409-thread-1] INFO  server.RaftServerConfigKeys (ConfUtils.java:logGet(43)) - raft.server.log.preallocated.size = 16384 (custom)
2019-09-10 05:33:57,035 [pool-409-thread-1] INFO  server.RaftServerConfigKeys (ConfUtils.java:logGet(43)) - raft.server.log.write.buffer.size = 33554432 (custom)
2019-09-10 05:33:57,035 [pool-409-thread-1] INFO  server.RaftServerConfigKeys (ConfUtils.java:logGet(43)) - raft.server.log.force.sync.num = 128 (default)
2019-09-10 05:33:57,035 [pool-409-thread-1] INFO  server.RaftServerConfigKeys (ConfUtils.java:logGet(43)) - raft.server.log.statemachine.data.sync = true (default)
2019-09-10 05:33:57,035 [pool-409-thread-1] INFO  server.RaftServerConfigKeys (ConfUtils.java:logGet(43)) - raft.server.log.statemachine.data.sync.timeout = 10s (default)
2019-09-10 05:33:57,035 [pool-409-thread-1] INFO  server.RaftServerConfigKeys (ConfUtils.java:logGet(43)) - raft.server.log.statemachine.data.sync.timeout.retry = -1 (default)
2019-09-10 05:33:57,036 [pool-409-thread-1] INFO  server.RaftServerConfigKeys (ConfUtils.java:logGet(43)) - raft.server.log.statemachine.data.caching.enabled = true (custom)
2019-09-10 05:33:57,036 [pool-409-thread-1] INFO  segmented.SegmentedRaftLogWorker (SegmentedRaftLogWorker.java:lambda$new$0(132)) - 72a9c052-68b3-4600-b46c-b388f8da2720@group-CAC272819F5B-SegmentedRaftLogWorker: flushIndex: setUnconditionally 0 -> -1
2019-09-10 05:33:57,037 [pool-409-thread-1] INFO  server.RaftServerConfigKeys (ConfUtils.java:logGet(43)) - raft.server.snapshot.auto.trigger.enabled = true (custom)
2019-09-10 05:33:57,037 [pool-409-thread-1] INFO  server.RaftServerConfigKeys (ConfUtils.java:logGet(43)) - raft.server.snapshot.auto.trigger.threshold = 10000 (custom)
2019-09-10 05:33:57,037 [pool-409-thread-1] INFO  server.RaftServerConfigKeys (ConfUtils.java:logGet(43)) - raft.server.snapshot.retention.num.files = -1 (default)
2019-09-10 05:33:57,037 [pool-409-thread-1] INFO  server.RaftServerConfigKeys (ConfUtils.java:logGet(43)) - raft.server.retrycache.expirytime = 600000ms (custom)
2019-09-10 05:33:57,039 [pool-409-thread-1] INFO  impl.RaftServerImpl (RaftServerImpl.java:start(185)) - 72a9c052-68b3-4600-b46c-b388f8da2720@group-CAC272819F5B: start as a follower, conf=-1: [72a9c052-68b3-4600-b46c-b388f8da2720:192.168.36.76:33685], old=null
2019-09-10 05:33:57,039 [pool-409-thread-1] INFO  impl.RaftServerImpl (RaftServerImpl.java:setRole(174)) - 72a9c052-68b3-4600-b46c-b388f8da2720@group-CAC272819F5B: changes role from      null to FOLLOWER at term 0 for startAsFollower
2019-09-10 05:33:57,039 [pool-409-thread-1] INFO  impl.RoleInfo (RoleInfo.java:updateAndGet(143)) - 72a9c052-68b3-4600-b46c-b388f8da2720: start FollowerState
2019-09-10 05:33:57,040 [pool-409-thread-1] INFO  util.JmxRegister (JmxRegister.java:tryRegister(44)) - Successfully registered JMX Bean with object name Ratis:service=RaftServer,group=group-CAC272819F5B,id=72a9c052-68b3-4600-b46c-b388f8da2720
2019-09-10 05:33:57,050 [IPC Server handler 5 on 40314] INFO  net.NetworkTopology (NetworkTopologyImpl.java:add(110)) - Added a new node: /default-rack/faea321c-1a3a-4fc8-801d-bcd23c01e8f4
2019-09-10 05:33:57,051 [IPC Server handler 5 on 40314] INFO  node.SCMNodeManager (SCMNodeManager.java:register(266)) - Registered Data node : faea321c-1a3a-4fc8-801d-bcd23c01e8f4{ip: 192.168.36.76, host: trunk-nightly-20190910-vk757-903364635, networkLocation: /default-rack, certSerialId: null}
2019-09-10 05:33:57,052 [RatisPipelineUtilsThread] INFO  pipeline.PipelineStateManager (PipelineStateManager.java:addPipeline(56)) - Created pipeline Pipeline[ Id: 0ba96587-6c53-42b3-867d-cac272819f5b, Nodes: 72a9c052-68b3-4600-b46c-b388f8da2720{ip: 192.168.36.76, host: trunk-nightly-20190910-vk757-903364635, networkLocation: /default-rack, certSerialId: null}, Type:RATIS, Factor:ONE, State:OPEN]
2019-09-10 05:33:57,065 [grpc-default-executor-10] INFO  impl.RaftServerProxy (RaftServerProxy.java:addNew(89)) - 6fcfc11e-cb6d-4a85-a341-4f2bb55708c6: addNew group-55DA90E8FF2D:[6fcfc11e-cb6d-4a85-a341-4f2bb55708c6:192.168.36.76:45794] returns group-55DA90E8FF2D:java.util.concurrent.CompletableFuture@334d5e95[Not completed]
2019-09-10 05:33:57,067 [pool-419-thread-1] INFO  impl.RaftServerImpl (RaftServerImpl.java:<init>(95)) - 6fcfc11e-cb6d-4a85-a341-4f2bb55708c6: new RaftServerImpl for group-55DA90E8FF2D:[6fcfc11e-cb6d-4a85-a341-4f2bb55708c6:192.168.36.76:45794] with ContainerStateMachine:uninitialized
2019-09-10 05:33:57,067 [pool-419-thread-1] INFO  server.RaftServerConfigKeys (ConfUtils.java:logGet(43)) - raft.server.rpc.timeout.min = 5s (custom)
2019-09-10 05:33:57,067 [pool-419-thread-1] INFO  server.RaftServerConfigKeys (ConfUtils.java:logGet(43)) - raft.server.rpc.timeout.max = 5200ms (custom)
2019-09-10 05:33:57,068 [pool-419-thread-1] INFO  server.RaftServerConfigKeys (ConfUtils.java:logGet(43)) - raft.server.rpcslowness.timeout = 120s (custom)
2019-09-10 05:33:57,068 [pool-419-thread-1] INFO  server.RaftServerConfigKeys (ConfUtils.java:logGet(43)) - raft.server.sleep.deviation.threshold = 300 (default)
2019-09-10 05:33:57,068 [pool-419-thread-1] INFO  server.RaftServerConfigKeys (ConfUtils.java:logGet(43)) - raft.server.log.appender.install.snapshot.enabled = false (custom)
2019-09-10 05:33:57,068 [pool-419-thread-1] INFO  impl.RaftServerImpl (ServerState.java:<init>(103)) - 6fcfc11e-cb6d-4a85-a341-4f2bb55708c6@group-55DA90E8FF2D: ConfigurationManager, init=-1: [6fcfc11e-cb6d-4a85-a341-4f2bb55708c6:192.168.36.76:45794], old=null, confs=<EMPTY_MAP>
2019-09-10 05:33:57,068 [pool-419-thread-1] INFO  server.RaftServerConfigKeys (ConfUtils.java:logGet(43)) - raft.server.storage.dir = [/workdir/hadoop-ozone/integration-test/target/test-dir/MiniOzoneClusterImpl-9d9b5fd6-f7d9-4221-8942-13da4fae1afe/datanode-1/data/ratis] (custom)
2019-09-10 05:33:57,069 [pool-419-thread-1] INFO  storage.RaftStorageDirectory (RaftStorageDirectory.java:analyzeStorage(246)) - The storage directory /workdir/hadoop-ozone/integration-test/target/test-dir/MiniOzoneClusterImpl-9d9b5fd6-f7d9-4221-8942-13da4fae1afe/datanode-1/data/ratis/7d51b35a-5e18-4795-9b7e-55da90e8ff2d does not exist. Creating ...
2019-09-10 05:33:57,106 [pool-419-thread-1] INFO  storage.RaftStorageDirectory (RaftStorageDirectory.java:tryLock(328)) - Lock on /workdir/hadoop-ozone/integration-test/target/test-dir/MiniOzoneClusterImpl-9d9b5fd6-f7d9-4221-8942-13da4fae1afe/datanode-1/data/ratis/7d51b35a-5e18-4795-9b7e-55da90e8ff2d/in_use.lock acquired by nodename 21943@trunk-nightly-20190910-vk757-903364635
2019-09-10 05:33:57,108 [IPC Server handler 6 on 40314] INFO  net.NetworkTopology (NetworkTopologyImpl.java:add(110)) - Added a new node: /default-rack/87196072-496c-46fd-91f4-efa396687fa3
2019-09-10 05:33:57,109 [IPC Server handler 6 on 40314] INFO  node.SCMNodeManager (SCMNodeManager.java:register(266)) - Registered Data node : 87196072-496c-46fd-91f4-efa396687fa3{ip: 192.168.36.76, host: trunk-nightly-20190910-vk757-903364635, networkLocation: /default-rack, certSerialId: null}
2019-09-10 05:33:57,134 [pool-419-thread-1] INFO  storage.RaftStorage (RaftStorage.java:format(72)) - Storage directory /workdir/hadoop-ozone/integration-test/target/test-dir/MiniOzoneClusterImpl-9d9b5fd6-f7d9-4221-8942-13da4fae1afe/datanode-1/data/ratis/7d51b35a-5e18-4795-9b7e-55da90e8ff2d has been successfully formatted.
2019-09-10 05:33:57,134 [pool-419-thread-1] INFO  ratis.ContainerStateMachine (ContainerStateMachine.java:loadSnapshot(230)) - group-55DA90E8FF2D: The snapshot info is null. Setting the last applied indexto:(t:0, i:~)
2019-09-10 05:33:57,135 [pool-419-thread-1] INFO  server.RaftServerConfigKeys (ConfUtils.java:logGet(43)) - raft.server.notification.no-leader.timeout = 120s (custom)
2019-09-10 05:33:57,135 [pool-419-thread-1] INFO  server.RaftServerConfigKeys (ConfUtils.java:logGet(43)) - raft.server.log.use.memory = false (default)
2019-09-10 05:33:57,135 [pool-419-thread-1] INFO  server.RaftServerConfigKeys (ConfUtils.java:logGet(43)) - raft.server.log.purge.gap = 1000000 (custom)
2019-09-10 05:33:57,135 [pool-419-thread-1] INFO  server.RaftServerConfigKeys (ConfUtils.java:logGet(43)) - raft.server.log.appender.buffer.byte-limit = 33554432 (custom)
2019-09-10 05:33:57,135 [pool-419-thread-1] INFO  server.RaftServerConfigKeys (ConfUtils.java:logGet(43)) - raft.server.log.segment.size.max = 1048576 (custom)
2019-09-10 05:33:57,135 [pool-419-thread-1] INFO  server.RaftServerConfigKeys (ConfUtils.java:logGet(43)) - raft.server.log.segment.cache.num.max = 2 (custom)
2019-09-10 05:33:57,136 [pool-419-thread-1] INFO  segmented.SegmentedRaftLogWorker (SegmentedRaftLogWorker.java:<init>(172)) - new 6fcfc11e-cb6d-4a85-a341-4f2bb55708c6@group-55DA90E8FF2D-SegmentedRaftLogWorker for RaftStorage:Storage Directory /workdir/hadoop-ozone/integration-test/target/test-dir/MiniOzoneClusterImpl-9d9b5fd6-f7d9-4221-8942-13da4fae1afe/datanode-1/data/ratis/7d51b35a-5e18-4795-9b7e-55da90e8ff2d
2019-09-10 05:33:57,138 [pool-419-thread-1] INFO  server.RaftServerConfigKeys (ConfUtils.java:logGet(43)) - raft.server.log.queue.byte-limit = 2147483647 (custom)
2019-09-10 05:33:57,138 [pool-419-thread-1] INFO  server.RaftServerConfigKeys (ConfUtils.java:logGet(43)) - raft.server.log.queue.element-limit = 1024 (custom)
2019-09-10 05:33:57,138 [pool-419-thread-1] INFO  server.RaftServerConfigKeys (ConfUtils.java:logGet(43)) - raft.server.log.segment.size.max = 1048576 (custom)
2019-09-10 05:33:57,138 [pool-419-thread-1] INFO  server.RaftServerConfigKeys (ConfUtils.java:logGet(43)) - raft.server.log.preallocated.size = 16384 (custom)
2019-09-10 05:33:57,139 [pool-419-thread-1] INFO  server.RaftServerConfigKeys (ConfUtils.java:logGet(43)) - raft.server.log.write.buffer.size = 33554432 (custom)
2019-09-10 05:33:57,139 [pool-419-thread-1] INFO  server.RaftServerConfigKeys (ConfUtils.java:logGet(43)) - raft.server.log.force.sync.num = 128 (default)
2019-09-10 05:33:57,139 [pool-419-thread-1] INFO  server.RaftServerConfigKeys (ConfUtils.java:logGet(43)) - raft.server.log.statemachine.data.sync = true (default)
2019-09-10 05:33:57,139 [pool-419-thread-1] INFO  server.RaftServerConfigKeys (ConfUtils.java:logGet(43)) - raft.server.log.statemachine.data.sync.timeout = 10s (default)
2019-09-10 05:33:57,139 [pool-419-thread-1] INFO  server.RaftServerConfigKeys (ConfUtils.java:logGet(43)) - raft.server.log.statemachine.data.sync.timeout.retry = -1 (default)
2019-09-10 05:33:57,139 [pool-419-thread-1] INFO  server.RaftServerConfigKeys (ConfUtils.java:logGet(43)) - raft.server.log.statemachine.data.caching.enabled = true (custom)
2019-09-10 05:33:57,140 [pool-419-thread-1] INFO  segmented.SegmentedRaftLogWorker (SegmentedRaftLogWorker.java:lambda$new$0(132)) - 6fcfc11e-cb6d-4a85-a341-4f2bb55708c6@group-55DA90E8FF2D-SegmentedRaftLogWorker: flushIndex: setUnconditionally 0 -> -1
2019-09-10 05:33:57,140 [pool-419-thread-1] INFO  server.RaftServerConfigKeys (ConfUtils.java:logGet(43)) - raft.server.snapshot.auto.trigger.enabled = true (custom)
2019-09-10 05:33:57,140 [pool-419-thread-1] INFO  server.RaftServerConfigKeys (ConfUtils.java:logGet(43)) - raft.server.snapshot.auto.trigger.threshold = 10000 (custom)
2019-09-10 05:33:57,141 [pool-419-thread-1] INFO  server.RaftServerConfigKeys (ConfUtils.java:logGet(43)) - raft.server.snapshot.retention.num.files = -1 (default)
2019-09-10 05:33:57,141 [pool-419-thread-1] INFO  server.RaftServerConfigKeys (ConfUtils.java:logGet(43)) - raft.server.retrycache.expirytime = 600000ms (custom)
2019-09-10 05:33:57,143 [pool-419-thread-1] INFO  impl.RaftServerImpl (RaftServerImpl.java:start(185)) - 6fcfc11e-cb6d-4a85-a341-4f2bb55708c6@group-55DA90E8FF2D: start as a follower, conf=-1: [6fcfc11e-cb6d-4a85-a341-4f2bb55708c6:192.168.36.76:45794], old=null
2019-09-10 05:33:57,143 [pool-419-thread-1] INFO  impl.RaftServerImpl (RaftServerImpl.java:setRole(174)) - 6fcfc11e-cb6d-4a85-a341-4f2bb55708c6@group-55DA90E8FF2D: changes role from      null to FOLLOWER at term 0 for startAsFollower
2019-09-10 05:33:57,143 [pool-419-thread-1] INFO  impl.RoleInfo (RoleInfo.java:updateAndGet(143)) - 6fcfc11e-cb6d-4a85-a341-4f2bb55708c6: start FollowerState
2019-09-10 05:33:57,143 [pool-419-thread-1] INFO  util.JmxRegister (JmxRegister.java:tryRegister(44)) - Successfully registered JMX Bean with object name Ratis:service=RaftServer,group=group-55DA90E8FF2D,id=6fcfc11e-cb6d-4a85-a341-4f2bb55708c6
2019-09-10 05:33:57,149 [RatisPipelineUtilsThread] INFO  pipeline.PipelineStateManager (PipelineStateManager.java:addPipeline(56)) - Created pipeline Pipeline[ Id: 7d51b35a-5e18-4795-9b7e-55da90e8ff2d, Nodes: 6fcfc11e-cb6d-4a85-a341-4f2bb55708c6{ip: 192.168.36.76, host: trunk-nightly-20190910-vk757-903364635, networkLocation: /default-rack, certSerialId: null}, Type:RATIS, Factor:ONE, State:OPEN]
2019-09-10 05:33:57,161 [grpc-default-executor-10] INFO  impl.RaftServerProxy (RaftServerProxy.java:addNew(89)) - 87196072-496c-46fd-91f4-efa396687fa3: addNew group-F009C71D858A:[87196072-496c-46fd-91f4-efa396687fa3:192.168.36.76:35461] returns group-F009C71D858A:java.util.concurrent.CompletableFuture@71a9f607[Not completed]
2019-09-10 05:33:57,162 [pool-439-thread-1] INFO  impl.RaftServerImpl (RaftServerImpl.java:<init>(95)) - 87196072-496c-46fd-91f4-efa396687fa3: new RaftServerImpl for group-F009C71D858A:[87196072-496c-46fd-91f4-efa396687fa3:192.168.36.76:35461] with ContainerStateMachine:uninitialized
2019-09-10 05:33:57,162 [pool-439-thread-1] INFO  server.RaftServerConfigKeys (ConfUtils.java:logGet(43)) - raft.server.rpc.timeout.min = 5s (custom)
2019-09-10 05:33:57,162 [pool-439-thread-1] INFO  server.RaftServerConfigKeys (ConfUtils.java:logGet(43)) - raft.server.rpc.timeout.max = 5200ms (custom)
2019-09-10 05:33:57,162 [pool-439-thread-1] INFO  server.RaftServerConfigKeys (ConfUtils.java:logGet(43)) - raft.server.rpcslowness.timeout = 120s (custom)
2019-09-10 05:33:57,163 [pool-439-thread-1] INFO  server.RaftServerConfigKeys (ConfUtils.java:logGet(43)) - raft.server.sleep.deviation.threshold = 300 (default)
2019-09-10 05:33:57,163 [pool-439-thread-1] INFO  server.RaftServerConfigKeys (ConfUtils.java:logGet(43)) - raft.server.log.appender.install.snapshot.enabled = false (custom)
2019-09-10 05:33:57,163 [pool-439-thread-1] INFO  impl.RaftServerImpl (ServerState.java:<init>(103)) - 87196072-496c-46fd-91f4-efa396687fa3@group-F009C71D858A: ConfigurationManager, init=-1: [87196072-496c-46fd-91f4-efa396687fa3:192.168.36.76:35461], old=null, confs=<EMPTY_MAP>
2019-09-10 05:33:57,163 [pool-439-thread-1] INFO  server.RaftServerConfigKeys (ConfUtils.java:logGet(43)) - raft.server.storage.dir = [/workdir/hadoop-ozone/integration-test/target/test-dir/MiniOzoneClusterImpl-9d9b5fd6-f7d9-4221-8942-13da4fae1afe/datanode-3/data/ratis] (custom)
2019-09-10 05:33:57,163 [pool-439-thread-1] INFO  storage.RaftStorageDirectory (RaftStorageDirectory.java:analyzeStorage(246)) - The storage directory /workdir/hadoop-ozone/integration-test/target/test-dir/MiniOzoneClusterImpl-9d9b5fd6-f7d9-4221-8942-13da4fae1afe/datanode-3/data/ratis/9fa49df1-047f-4e89-bd91-f009c71d858a does not exist. Creating ...
2019-09-10 05:33:57,177 [IPC Server handler 7 on 40314] INFO  net.NetworkTopology (NetworkTopologyImpl.java:add(110)) - Added a new node: /default-rack/840dca29-f8a9-4c87-ab36-c2df3e8ce0ae
2019-09-10 05:33:57,177 [IPC Server handler 7 on 40314] INFO  node.SCMNodeManager (SCMNodeManager.java:register(266)) - Registered Data node : 840dca29-f8a9-4c87-ab36-c2df3e8ce0ae{ip: 192.168.36.76, host: trunk-nightly-20190910-vk757-903364635, networkLocation: /default-rack, certSerialId: null}
2019-09-10 05:33:57,203 [pool-439-thread-1] INFO  storage.RaftStorageDirectory (RaftStorageDirectory.java:tryLock(328)) - Lock on /workdir/hadoop-ozone/integration-test/target/test-dir/MiniOzoneClusterImpl-9d9b5fd6-f7d9-4221-8942-13da4fae1afe/datanode-3/data/ratis/9fa49df1-047f-4e89-bd91-f009c71d858a/in_use.lock acquired by nodename 21943@trunk-nightly-20190910-vk757-903364635
2019-09-10 05:33:57,231 [pool-439-thread-1] INFO  storage.RaftStorage (RaftStorage.java:format(72)) - Storage directory /workdir/hadoop-ozone/integration-test/target/test-dir/MiniOzoneClusterImpl-9d9b5fd6-f7d9-4221-8942-13da4fae1afe/datanode-3/data/ratis/9fa49df1-047f-4e89-bd91-f009c71d858a has been successfully formatted.
2019-09-10 05:33:57,233 [pool-439-thread-1] INFO  ratis.ContainerStateMachine (ContainerStateMachine.java:loadSnapshot(230)) - group-F009C71D858A: The snapshot info is null. Setting the last applied indexto:(t:0, i:~)
2019-09-10 05:33:57,233 [pool-439-thread-1] INFO  server.RaftServerConfigKeys (ConfUtils.java:logGet(43)) - raft.server.notification.no-leader.timeout = 120s (custom)
2019-09-10 05:33:57,234 [pool-439-thread-1] INFO  server.RaftServerConfigKeys (ConfUtils.java:logGet(43)) - raft.server.log.use.memory = false (default)
2019-09-10 05:33:57,234 [pool-439-thread-1] INFO  server.RaftServerConfigKeys (ConfUtils.java:logGet(43)) - raft.server.log.purge.gap = 1000000 (custom)
2019-09-10 05:33:57,234 [pool-439-thread-1] INFO  server.RaftServerConfigKeys (ConfUtils.java:logGet(43)) - raft.server.log.appender.buffer.byte-limit = 33554432 (custom)
2019-09-10 05:33:57,234 [pool-439-thread-1] INFO  server.RaftServerConfigKeys (ConfUtils.java:logGet(43)) - raft.server.log.segment.size.max = 1048576 (custom)
2019-09-10 05:33:57,235 [pool-439-thread-1] INFO  server.RaftServerConfigKeys (ConfUtils.java:logGet(43)) - raft.server.log.segment.cache.num.max = 2 (custom)
2019-09-10 05:33:57,235 [pool-439-thread-1] INFO  segmented.SegmentedRaftLogWorker (SegmentedRaftLogWorker.java:<init>(172)) - new 87196072-496c-46fd-91f4-efa396687fa3@group-F009C71D858A-SegmentedRaftLogWorker for RaftStorage:Storage Directory /workdir/hadoop-ozone/integration-test/target/test-dir/MiniOzoneClusterImpl-9d9b5fd6-f7d9-4221-8942-13da4fae1afe/datanode-3/data/ratis/9fa49df1-047f-4e89-bd91-f009c71d858a
2019-09-10 05:33:57,240 [pool-439-thread-1] INFO  server.RaftServerConfigKeys (ConfUtils.java:logGet(43)) - raft.server.log.queue.byte-limit = 2147483647 (custom)
2019-09-10 05:33:57,240 [pool-439-thread-1] INFO  server.RaftServerConfigKeys (ConfUtils.java:logGet(43)) - raft.server.log.queue.element-limit = 1024 (custom)
2019-09-10 05:33:57,240 [pool-439-thread-1] INFO  server.RaftServerConfigKeys (ConfUtils.java:logGet(43)) - raft.server.log.segment.size.max = 1048576 (custom)
2019-09-10 05:33:57,240 [pool-439-thread-1] INFO  server.RaftServerConfigKeys (ConfUtils.java:logGet(43)) - raft.server.log.preallocated.size = 16384 (custom)
2019-09-10 05:33:57,240 [pool-439-thread-1] INFO  server.RaftServerConfigKeys (ConfUtils.java:logGet(43)) - raft.server.log.write.buffer.size = 33554432 (custom)
2019-09-10 05:33:57,241 [pool-439-thread-1] INFO  server.RaftServerConfigKeys (ConfUtils.java:logGet(43)) - raft.server.log.force.sync.num = 128 (default)
2019-09-10 05:33:57,241 [pool-439-thread-1] INFO  server.RaftServerConfigKeys (ConfUtils.java:logGet(43)) - raft.server.log.statemachine.data.sync = true (default)
2019-09-10 05:33:57,241 [pool-439-thread-1] INFO  server.RaftServerConfigKeys (ConfUtils.java:logGet(43)) - raft.server.log.statemachine.data.sync.timeout = 10s (default)
2019-09-10 05:33:57,241 [pool-439-thread-1] INFO  server.RaftServerConfigKeys (ConfUtils.java:logGet(43)) - raft.server.log.statemachine.data.sync.timeout.retry = -1 (default)
2019-09-10 05:33:57,241 [pool-439-thread-1] INFO  server.RaftServerConfigKeys (ConfUtils.java:logGet(43)) - raft.server.log.statemachine.data.caching.enabled = true (custom)
2019-09-10 05:33:57,242 [pool-439-thread-1] INFO  segmented.SegmentedRaftLogWorker (SegmentedRaftLogWorker.java:lambda$new$0(132)) - 87196072-496c-46fd-91f4-efa396687fa3@group-F009C71D858A-SegmentedRaftLogWorker: flushIndex: setUnconditionally 0 -> -1
2019-09-10 05:33:57,242 [pool-439-thread-1] INFO  server.RaftServerConfigKeys (ConfUtils.java:logGet(43)) - raft.server.snapshot.auto.trigger.enabled = true (custom)
2019-09-10 05:33:57,243 [pool-439-thread-1] INFO  server.RaftServerConfigKeys (ConfUtils.java:logGet(43)) - raft.server.snapshot.auto.trigger.threshold = 10000 (custom)
2019-09-10 05:33:57,243 [pool-439-thread-1] INFO  server.RaftServerConfigKeys (ConfUtils.java:logGet(43)) - raft.server.snapshot.retention.num.files = -1 (default)
2019-09-10 05:33:57,243 [pool-439-thread-1] INFO  server.RaftServerConfigKeys (ConfUtils.java:logGet(43)) - raft.server.retrycache.expirytime = 600000ms (custom)
2019-09-10 05:33:57,246 [pool-439-thread-1] INFO  impl.RaftServerImpl (RaftServerImpl.java:start(185)) - 87196072-496c-46fd-91f4-efa396687fa3@group-F009C71D858A: start as a follower, conf=-1: [87196072-496c-46fd-91f4-efa396687fa3:192.168.36.76:35461], old=null
2019-09-10 05:33:57,246 [pool-439-thread-1] INFO  impl.RaftServerImpl (RaftServerImpl.java:setRole(174)) - 87196072-496c-46fd-91f4-efa396687fa3@group-F009C71D858A: changes role from      null to FOLLOWER at term 0 for startAsFollower
2019-09-10 05:33:57,246 [pool-439-thread-1] INFO  impl.RoleInfo (RoleInfo.java:updateAndGet(143)) - 87196072-496c-46fd-91f4-efa396687fa3: start FollowerState
2019-09-10 05:33:57,247 [pool-439-thread-1] INFO  util.JmxRegister (JmxRegister.java:tryRegister(44)) - Successfully registered JMX Bean with object name Ratis:service=RaftServer,group=group-F009C71D858A,id=87196072-496c-46fd-91f4-efa396687fa3
2019-09-10 05:33:57,254 [IPC Server handler 2 on 40314] INFO  net.NetworkTopology (NetworkTopologyImpl.java:add(110)) - Added a new node: /default-rack/3264e783-a886-4a98-ba84-26339acf7926
2019-09-10 05:33:57,254 [IPC Server handler 2 on 40314] INFO  node.SCMNodeManager (SCMNodeManager.java:register(266)) - Registered Data node : 3264e783-a886-4a98-ba84-26339acf7926{ip: 192.168.36.76, host: trunk-nightly-20190910-vk757-903364635, networkLocation: /default-rack, certSerialId: null}
2019-09-10 05:33:57,256 [RatisPipelineUtilsThread] INFO  pipeline.PipelineStateManager (PipelineStateManager.java:addPipeline(56)) - Created pipeline Pipeline[ Id: 9fa49df1-047f-4e89-bd91-f009c71d858a, Nodes: 87196072-496c-46fd-91f4-efa396687fa3{ip: 192.168.36.76, host: trunk-nightly-20190910-vk757-903364635, networkLocation: /default-rack, certSerialId: null}, Type:RATIS, Factor:ONE, State:OPEN]
2019-09-10 05:33:57,266 [grpc-default-executor-10] INFO  impl.RaftServerProxy (RaftServerProxy.java:addNew(89)) - 840dca29-f8a9-4c87-ab36-c2df3e8ce0ae: addNew group-E4A2FD0C36BA:[840dca29-f8a9-4c87-ab36-c2df3e8ce0ae:192.168.36.76:33734] returns group-E4A2FD0C36BA:java.util.concurrent.CompletableFuture@3ab0b413[Not completed]
2019-09-10 05:33:57,268 [pool-449-thread-1] INFO  impl.RaftServerImpl (RaftServerImpl.java:<init>(95)) - 840dca29-f8a9-4c87-ab36-c2df3e8ce0ae: new RaftServerImpl for group-E4A2FD0C36BA:[840dca29-f8a9-4c87-ab36-c2df3e8ce0ae:192.168.36.76:33734] with ContainerStateMachine:uninitialized
2019-09-10 05:33:57,268 [pool-449-thread-1] INFO  server.RaftServerConfigKeys (ConfUtils.java:logGet(43)) - raft.server.rpc.timeout.min = 5s (custom)
2019-09-10 05:33:57,268 [pool-449-thread-1] INFO  server.RaftServerConfigKeys (ConfUtils.java:logGet(43)) - raft.server.rpc.timeout.max = 5200ms (custom)
2019-09-10 05:33:57,268 [pool-449-thread-1] INFO  server.RaftServerConfigKeys (ConfUtils.java:logGet(43)) - raft.server.rpcslowness.timeout = 120s (custom)
2019-09-10 05:33:57,269 [pool-449-thread-1] INFO  server.RaftServerConfigKeys (ConfUtils.java:logGet(43)) - raft.server.sleep.deviation.threshold = 300 (default)
2019-09-10 05:33:57,269 [pool-449-thread-1] INFO  server.RaftServerConfigKeys (ConfUtils.java:logGet(43)) - raft.server.log.appender.install.snapshot.enabled = false (custom)
2019-09-10 05:33:57,269 [pool-449-thread-1] INFO  impl.RaftServerImpl (ServerState.java:<init>(103)) - 840dca29-f8a9-4c87-ab36-c2df3e8ce0ae@group-E4A2FD0C36BA: ConfigurationManager, init=-1: [840dca29-f8a9-4c87-ab36-c2df3e8ce0ae:192.168.36.76:33734], old=null, confs=<EMPTY_MAP>
2019-09-10 05:33:57,269 [pool-449-thread-1] INFO  server.RaftServerConfigKeys (ConfUtils.java:logGet(43)) - raft.server.storage.dir = [/workdir/hadoop-ozone/integration-test/target/test-dir/MiniOzoneClusterImpl-9d9b5fd6-f7d9-4221-8942-13da4fae1afe/datanode-4/data/ratis] (custom)
2019-09-10 05:33:57,269 [pool-449-thread-1] INFO  storage.RaftStorageDirectory (RaftStorageDirectory.java:analyzeStorage(246)) - The storage directory /workdir/hadoop-ozone/integration-test/target/test-dir/MiniOzoneClusterImpl-9d9b5fd6-f7d9-4221-8942-13da4fae1afe/datanode-4/data/ratis/60d802d0-730c-4e1e-8652-e4a2fd0c36ba does not exist. Creating ...
2019-09-10 05:33:57,311 [main] INFO  ozone.MiniOzoneClusterImpl (MiniOzoneClusterImpl.java:lambda$waitForClusterToBeReady$0(140)) - Waiting for cluster to be ready. Got 6 of 7 DN Heartbeats.
2019-09-10 05:33:57,311 [pool-449-thread-1] INFO  storage.RaftStorageDirectory (RaftStorageDirectory.java:tryLock(328)) - Lock on /workdir/hadoop-ozone/integration-test/target/test-dir/MiniOzoneClusterImpl-9d9b5fd6-f7d9-4221-8942-13da4fae1afe/datanode-4/data/ratis/60d802d0-730c-4e1e-8652-e4a2fd0c36ba/in_use.lock acquired by nodename 21943@trunk-nightly-20190910-vk757-903364635
2019-09-10 05:33:57,312 [IPC Server handler 3 on 40314] INFO  net.NetworkTopology (NetworkTopologyImpl.java:add(110)) - Added a new node: /default-rack/2450cf49-9e1c-4def-9796-350dd1d43595
2019-09-10 05:33:57,312 [IPC Server handler 3 on 40314] INFO  node.SCMNodeManager (SCMNodeManager.java:register(266)) - Registered Data node : 2450cf49-9e1c-4def-9796-350dd1d43595{ip: 192.168.36.76, host: trunk-nightly-20190910-vk757-903364635, networkLocation: /default-rack, certSerialId: null}
2019-09-10 05:33:57,335 [pool-449-thread-1] INFO  storage.RaftStorage (RaftStorage.java:format(72)) - Storage directory /workdir/hadoop-ozone/integration-test/target/test-dir/MiniOzoneClusterImpl-9d9b5fd6-f7d9-4221-8942-13da4fae1afe/datanode-4/data/ratis/60d802d0-730c-4e1e-8652-e4a2fd0c36ba has been successfully formatted.
2019-09-10 05:33:57,335 [pool-449-thread-1] INFO  ratis.ContainerStateMachine (ContainerStateMachine.java:loadSnapshot(230)) - group-E4A2FD0C36BA: The snapshot info is null. Setting the last applied indexto:(t:0, i:~)
2019-09-10 05:33:57,335 [pool-449-thread-1] INFO  server.RaftServerConfigKeys (ConfUtils.java:logGet(43)) - raft.server.notification.no-leader.timeout = 120s (custom)
2019-09-10 05:33:57,335 [pool-449-thread-1] INFO  server.RaftServerConfigKeys (ConfUtils.java:logGet(43)) - raft.server.log.use.memory = false (default)
2019-09-10 05:33:57,335 [pool-449-thread-1] INFO  server.RaftServerConfigKeys (ConfUtils.java:logGet(43)) - raft.server.log.purge.gap = 1000000 (custom)
2019-09-10 05:33:57,335 [pool-449-thread-1] INFO  server.RaftServerConfigKeys (ConfUtils.java:logGet(43)) - raft.server.log.appender.buffer.byte-limit = 33554432 (custom)
2019-09-10 05:33:57,336 [pool-449-thread-1] INFO  server.RaftServerConfigKeys (ConfUtils.java:logGet(43)) - raft.server.log.segment.size.max = 1048576 (custom)
2019-09-10 05:33:57,336 [pool-449-thread-1] INFO  server.RaftServerConfigKeys (ConfUtils.java:logGet(43)) - raft.server.log.segment.cache.num.max = 2 (custom)
2019-09-10 05:33:57,336 [pool-449-thread-1] INFO  segmented.SegmentedRaftLogWorker (SegmentedRaftLogWorker.java:<init>(172)) - new 840dca29-f8a9-4c87-ab36-c2df3e8ce0ae@group-E4A2FD0C36BA-SegmentedRaftLogWorker for RaftStorage:Storage Directory /workdir/hadoop-ozone/integration-test/target/test-dir/MiniOzoneClusterImpl-9d9b5fd6-f7d9-4221-8942-13da4fae1afe/datanode-4/data/ratis/60d802d0-730c-4e1e-8652-e4a2fd0c36ba
2019-09-10 05:33:57,337 [pool-449-thread-1] INFO  server.RaftServerConfigKeys (ConfUtils.java:logGet(43)) - raft.server.log.queue.byte-limit = 2147483647 (custom)
2019-09-10 05:33:57,337 [pool-449-thread-1] INFO  server.RaftServerConfigKeys (ConfUtils.java:logGet(43)) - raft.server.log.queue.element-limit = 1024 (custom)
2019-09-10 05:33:57,338 [pool-449-thread-1] INFO  server.RaftServerConfigKeys (ConfUtils.java:logGet(43)) - raft.server.log.segment.size.max = 1048576 (custom)
2019-09-10 05:33:57,338 [pool-449-thread-1] INFO  server.RaftServerConfigKeys (ConfUtils.java:logGet(43)) - raft.server.log.preallocated.size = 16384 (custom)
2019-09-10 05:33:57,338 [pool-449-thread-1] INFO  server.RaftServerConfigKeys (ConfUtils.java:logGet(43)) - raft.server.log.write.buffer.size = 33554432 (custom)
2019-09-10 05:33:57,338 [pool-449-thread-1] INFO  server.RaftServerConfigKeys (ConfUtils.java:logGet(43)) - raft.server.log.force.sync.num = 128 (default)
2019-09-10 05:33:57,338 [pool-449-thread-1] INFO  server.RaftServerConfigKeys (ConfUtils.java:logGet(43)) - raft.server.log.statemachine.data.sync = true (default)
2019-09-10 05:33:57,338 [pool-449-thread-1] INFO  server.RaftServerConfigKeys (ConfUtils.java:logGet(43)) - raft.server.log.statemachine.data.sync.timeout = 10s (default)
2019-09-10 05:33:57,338 [pool-449-thread-1] INFO  server.RaftServerConfigKeys (ConfUtils.java:logGet(43)) - raft.server.log.statemachine.data.sync.timeout.retry = -1 (default)
2019-09-10 05:33:57,338 [pool-449-thread-1] INFO  server.RaftServerConfigKeys (ConfUtils.java:logGet(43)) - raft.server.log.statemachine.data.caching.enabled = true (custom)
2019-09-10 05:33:57,339 [pool-449-thread-1] INFO  segmented.SegmentedRaftLogWorker (SegmentedRaftLogWorker.java:lambda$new$0(132)) - 840dca29-f8a9-4c87-ab36-c2df3e8ce0ae@group-E4A2FD0C36BA-SegmentedRaftLogWorker: flushIndex: setUnconditionally 0 -> -1
2019-09-10 05:33:57,339 [pool-449-thread-1] INFO  server.RaftServerConfigKeys (ConfUtils.java:logGet(43)) - raft.server.snapshot.auto.trigger.enabled = true (custom)
2019-09-10 05:33:57,339 [pool-449-thread-1] INFO  server.RaftServerConfigKeys (ConfUtils.java:logGet(43)) - raft.server.snapshot.auto.trigger.threshold = 10000 (custom)
2019-09-10 05:33:57,339 [pool-449-thread-1] INFO  server.RaftServerConfigKeys (ConfUtils.java:logGet(43)) - raft.server.snapshot.retention.num.files = -1 (default)
2019-09-10 05:33:57,339 [pool-449-thread-1] INFO  server.RaftServerConfigKeys (ConfUtils.java:logGet(43)) - raft.server.retrycache.expirytime = 600000ms (custom)
2019-09-10 05:33:57,341 [pool-449-thread-1] INFO  impl.RaftServerImpl (RaftServerImpl.java:start(185)) - 840dca29-f8a9-4c87-ab36-c2df3e8ce0ae@group-E4A2FD0C36BA: start as a follower, conf=-1: [840dca29-f8a9-4c87-ab36-c2df3e8ce0ae:192.168.36.76:33734], old=null
2019-09-10 05:33:57,341 [pool-449-thread-1] INFO  impl.RaftServerImpl (RaftServerImpl.java:setRole(174)) - 840dca29-f8a9-4c87-ab36-c2df3e8ce0ae@group-E4A2FD0C36BA: changes role from      null to FOLLOWER at term 0 for startAsFollower
2019-09-10 05:33:57,341 [pool-449-thread-1] INFO  impl.RoleInfo (RoleInfo.java:updateAndGet(143)) - 840dca29-f8a9-4c87-ab36-c2df3e8ce0ae: start FollowerState
2019-09-10 05:33:57,354 [pool-449-thread-1] INFO  util.JmxRegister (JmxRegister.java:tryRegister(44)) - Successfully registered JMX Bean with object name Ratis:service=RaftServer,group=group-E4A2FD0C36BA,id=840dca29-f8a9-4c87-ab36-c2df3e8ce0ae
2019-09-10 05:33:57,365 [RatisPipelineUtilsThread] INFO  pipeline.PipelineStateManager (PipelineStateManager.java:addPipeline(56)) - Created pipeline Pipeline[ Id: 60d802d0-730c-4e1e-8652-e4a2fd0c36ba, Nodes: 840dca29-f8a9-4c87-ab36-c2df3e8ce0ae{ip: 192.168.36.76, host: trunk-nightly-20190910-vk757-903364635, networkLocation: /default-rack, certSerialId: null}, Type:RATIS, Factor:ONE, State:OPEN]
2019-09-10 05:33:57,372 [grpc-default-executor-10] INFO  impl.RaftServerProxy (RaftServerProxy.java:addNew(89)) - 2450cf49-9e1c-4def-9796-350dd1d43595: addNew group-0B78F1CD2AD3:[2450cf49-9e1c-4def-9796-350dd1d43595:192.168.36.76:44236] returns group-0B78F1CD2AD3:java.util.concurrent.CompletableFuture@70af6727[Not completed]
2019-09-10 05:33:57,373 [pool-469-thread-1] INFO  impl.RaftServerImpl (RaftServerImpl.java:<init>(95)) - 2450cf49-9e1c-4def-9796-350dd1d43595: new RaftServerImpl for group-0B78F1CD2AD3:[2450cf49-9e1c-4def-9796-350dd1d43595:192.168.36.76:44236] with ContainerStateMachine:uninitialized
2019-09-10 05:33:57,373 [pool-469-thread-1] INFO  server.RaftServerConfigKeys (ConfUtils.java:logGet(43)) - raft.server.rpc.timeout.min = 5s (custom)
2019-09-10 05:33:57,373 [pool-469-thread-1] INFO  server.RaftServerConfigKeys (ConfUtils.java:logGet(43)) - raft.server.rpc.timeout.max = 5200ms (custom)
2019-09-10 05:33:57,373 [pool-469-thread-1] INFO  server.RaftServerConfigKeys (ConfUtils.java:logGet(43)) - raft.server.rpcslowness.timeout = 120s (custom)
2019-09-10 05:33:57,373 [pool-469-thread-1] INFO  server.RaftServerConfigKeys (ConfUtils.java:logGet(43)) - raft.server.sleep.deviation.threshold = 300 (default)
2019-09-10 05:33:57,373 [pool-469-thread-1] INFO  server.RaftServerConfigKeys (ConfUtils.java:logGet(43)) - raft.server.log.appender.install.snapshot.enabled = false (custom)
2019-09-10 05:33:57,373 [pool-469-thread-1] INFO  impl.RaftServerImpl (ServerState.java:<init>(103)) - 2450cf49-9e1c-4def-9796-350dd1d43595@group-0B78F1CD2AD3: ConfigurationManager, init=-1: [2450cf49-9e1c-4def-9796-350dd1d43595:192.168.36.76:44236], old=null, confs=<EMPTY_MAP>
2019-09-10 05:33:57,373 [pool-469-thread-1] INFO  server.RaftServerConfigKeys (ConfUtils.java:logGet(43)) - raft.server.storage.dir = [/workdir/hadoop-ozone/integration-test/target/test-dir/MiniOzoneClusterImpl-9d9b5fd6-f7d9-4221-8942-13da4fae1afe/datanode-6/data/ratis] (custom)
2019-09-10 05:33:57,374 [pool-469-thread-1] INFO  storage.RaftStorageDirectory (RaftStorageDirectory.java:analyzeStorage(246)) - The storage directory /workdir/hadoop-ozone/integration-test/target/test-dir/MiniOzoneClusterImpl-9d9b5fd6-f7d9-4221-8942-13da4fae1afe/datanode-6/data/ratis/e263eddf-0cb9-4843-ae53-0b78f1cd2ad3 does not exist. Creating ...
2019-09-10 05:33:57,399 [pool-469-thread-1] INFO  storage.RaftStorageDirectory (RaftStorageDirectory.java:tryLock(328)) - Lock on /workdir/hadoop-ozone/integration-test/target/test-dir/MiniOzoneClusterImpl-9d9b5fd6-f7d9-4221-8942-13da4fae1afe/datanode-6/data/ratis/e263eddf-0cb9-4843-ae53-0b78f1cd2ad3/in_use.lock acquired by nodename 21943@trunk-nightly-20190910-vk757-903364635
2019-09-10 05:33:57,437 [pool-469-thread-1] INFO  storage.RaftStorage (RaftStorage.java:format(72)) - Storage directory /workdir/hadoop-ozone/integration-test/target/test-dir/MiniOzoneClusterImpl-9d9b5fd6-f7d9-4221-8942-13da4fae1afe/datanode-6/data/ratis/e263eddf-0cb9-4843-ae53-0b78f1cd2ad3 has been successfully formatted.
2019-09-10 05:33:57,438 [pool-469-thread-1] INFO  ratis.ContainerStateMachine (ContainerStateMachine.java:loadSnapshot(230)) - group-0B78F1CD2AD3: The snapshot info is null. Setting the last applied indexto:(t:0, i:~)
2019-09-10 05:33:57,438 [pool-469-thread-1] INFO  server.RaftServerConfigKeys (ConfUtils.java:logGet(43)) - raft.server.notification.no-leader.timeout = 120s (custom)
2019-09-10 05:33:57,438 [pool-469-thread-1] INFO  server.RaftServerConfigKeys (ConfUtils.java:logGet(43)) - raft.server.log.use.memory = false (default)
2019-09-10 05:33:57,438 [pool-469-thread-1] INFO  server.RaftServerConfigKeys (ConfUtils.java:logGet(43)) - raft.server.log.purge.gap = 1000000 (custom)
2019-09-10 05:33:57,438 [pool-469-thread-1] INFO  server.RaftServerConfigKeys (ConfUtils.java:logGet(43)) - raft.server.log.appender.buffer.byte-limit = 33554432 (custom)
2019-09-10 05:33:57,438 [pool-469-thread-1] INFO  server.RaftServerConfigKeys (ConfUtils.java:logGet(43)) - raft.server.log.segment.size.max = 1048576 (custom)
2019-09-10 05:33:57,439 [pool-469-thread-1] INFO  server.RaftServerConfigKeys (ConfUtils.java:logGet(43)) - raft.server.log.segment.cache.num.max = 2 (custom)
2019-09-10 05:33:57,439 [pool-469-thread-1] INFO  segmented.SegmentedRaftLogWorker (SegmentedRaftLogWorker.java:<init>(172)) - new 2450cf49-9e1c-4def-9796-350dd1d43595@group-0B78F1CD2AD3-SegmentedRaftLogWorker for RaftStorage:Storage Directory /workdir/hadoop-ozone/integration-test/target/test-dir/MiniOzoneClusterImpl-9d9b5fd6-f7d9-4221-8942-13da4fae1afe/datanode-6/data/ratis/e263eddf-0cb9-4843-ae53-0b78f1cd2ad3
2019-09-10 05:33:57,440 [pool-469-thread-1] INFO  server.RaftServerConfigKeys (ConfUtils.java:logGet(43)) - raft.server.log.queue.byte-limit = 2147483647 (custom)
2019-09-10 05:33:57,441 [pool-469-thread-1] INFO  server.RaftServerConfigKeys (ConfUtils.java:logGet(43)) - raft.server.log.queue.element-limit = 1024 (custom)
2019-09-10 05:33:57,441 [pool-469-thread-1] INFO  server.RaftServerConfigKeys (ConfUtils.java:logGet(43)) - raft.server.log.segment.size.max = 1048576 (custom)
2019-09-10 05:33:57,441 [pool-469-thread-1] INFO  server.RaftServerConfigKeys (ConfUtils.java:logGet(43)) - raft.server.log.preallocated.size = 16384 (custom)
2019-09-10 05:33:57,441 [pool-469-thread-1] INFO  server.RaftServerConfigKeys (ConfUtils.java:logGet(43)) - raft.server.log.write.buffer.size = 33554432 (custom)
2019-09-10 05:33:57,441 [pool-469-thread-1] INFO  server.RaftServerConfigKeys (ConfUtils.java:logGet(43)) - raft.server.log.force.sync.num = 128 (default)
2019-09-10 05:33:57,441 [pool-469-thread-1] INFO  server.RaftServerConfigKeys (ConfUtils.java:logGet(43)) - raft.server.log.statemachine.data.sync = true (default)
2019-09-10 05:33:57,441 [pool-469-thread-1] INFO  server.RaftServerConfigKeys (ConfUtils.java:logGet(43)) - raft.server.log.statemachine.data.sync.timeout = 10s (default)
2019-09-10 05:33:57,441 [pool-469-thread-1] INFO  server.RaftServerConfigKeys (ConfUtils.java:logGet(43)) - raft.server.log.statemachine.data.sync.timeout.retry = -1 (default)
2019-09-10 05:33:57,442 [pool-469-thread-1] INFO  server.RaftServerConfigKeys (ConfUtils.java:logGet(43)) - raft.server.log.statemachine.data.caching.enabled = true (custom)
2019-09-10 05:33:57,442 [pool-469-thread-1] INFO  segmented.SegmentedRaftLogWorker (SegmentedRaftLogWorker.java:lambda$new$0(132)) - 2450cf49-9e1c-4def-9796-350dd1d43595@group-0B78F1CD2AD3-SegmentedRaftLogWorker: flushIndex: setUnconditionally 0 -> -1
2019-09-10 05:33:57,442 [pool-469-thread-1] INFO  server.RaftServerConfigKeys (ConfUtils.java:logGet(43)) - raft.server.snapshot.auto.trigger.enabled = true (custom)
2019-09-10 05:33:57,442 [pool-469-thread-1] INFO  server.RaftServerConfigKeys (ConfUtils.java:logGet(43)) - raft.server.snapshot.auto.trigger.threshold = 10000 (custom)
2019-09-10 05:33:57,443 [pool-469-thread-1] INFO  server.RaftServerConfigKeys (ConfUtils.java:logGet(43)) - raft.server.snapshot.retention.num.files = -1 (default)
2019-09-10 05:33:57,443 [pool-469-thread-1] INFO  server.RaftServerConfigKeys (ConfUtils.java:logGet(43)) - raft.server.retrycache.expirytime = 600000ms (custom)
2019-09-10 05:33:57,444 [pool-469-thread-1] INFO  impl.RaftServerImpl (RaftServerImpl.java:start(185)) - 2450cf49-9e1c-4def-9796-350dd1d43595@group-0B78F1CD2AD3: start as a follower, conf=-1: [2450cf49-9e1c-4def-9796-350dd1d43595:192.168.36.76:44236], old=null
2019-09-10 05:33:57,444 [pool-469-thread-1] INFO  impl.RaftServerImpl (RaftServerImpl.java:setRole(174)) - 2450cf49-9e1c-4def-9796-350dd1d43595@group-0B78F1CD2AD3: changes role from      null to FOLLOWER at term 0 for startAsFollower
2019-09-10 05:33:57,445 [pool-469-thread-1] INFO  impl.RoleInfo (RoleInfo.java:updateAndGet(143)) - 2450cf49-9e1c-4def-9796-350dd1d43595: start FollowerState
2019-09-10 05:33:57,445 [pool-469-thread-1] INFO  util.JmxRegister (JmxRegister.java:tryRegister(44)) - Successfully registered JMX Bean with object name Ratis:service=RaftServer,group=group-0B78F1CD2AD3,id=2450cf49-9e1c-4def-9796-350dd1d43595
2019-09-10 05:33:57,451 [RatisPipelineUtilsThread] INFO  pipeline.PipelineStateManager (PipelineStateManager.java:addPipeline(56)) - Created pipeline Pipeline[ Id: e263eddf-0cb9-4843-ae53-0b78f1cd2ad3, Nodes: 2450cf49-9e1c-4def-9796-350dd1d43595{ip: 192.168.36.76, host: trunk-nightly-20190910-vk757-903364635, networkLocation: /default-rack, certSerialId: null}, Type:RATIS, Factor:ONE, State:OPEN]
2019-09-10 05:33:57,461 [grpc-default-executor-10] INFO  impl.RaftServerProxy (RaftServerProxy.java:addNew(89)) - 3264e783-a886-4a98-ba84-26339acf7926: addNew group-65C76AE27D3C:[3264e783-a886-4a98-ba84-26339acf7926:192.168.36.76:36054] returns group-65C76AE27D3C:java.util.concurrent.CompletableFuture@1c221f2c[Not completed]
2019-09-10 05:33:57,462 [pool-459-thread-1] INFO  impl.RaftServerImpl (RaftServerImpl.java:<init>(95)) - 3264e783-a886-4a98-ba84-26339acf7926: new RaftServerImpl for group-65C76AE27D3C:[3264e783-a886-4a98-ba84-26339acf7926:192.168.36.76:36054] with ContainerStateMachine:uninitialized
2019-09-10 05:33:57,463 [pool-459-thread-1] INFO  server.RaftServerConfigKeys (ConfUtils.java:logGet(43)) - raft.server.rpc.timeout.min = 5s (custom)
2019-09-10 05:33:57,463 [pool-459-thread-1] INFO  server.RaftServerConfigKeys (ConfUtils.java:logGet(43)) - raft.server.rpc.timeout.max = 5200ms (custom)
2019-09-10 05:33:57,463 [pool-459-thread-1] INFO  server.RaftServerConfigKeys (ConfUtils.java:logGet(43)) - raft.server.rpcslowness.timeout = 120s (custom)
2019-09-10 05:33:57,463 [pool-459-thread-1] INFO  server.RaftServerConfigKeys (ConfUtils.java:logGet(43)) - raft.server.sleep.deviation.threshold = 300 (default)
2019-09-10 05:33:57,463 [pool-459-thread-1] INFO  server.RaftServerConfigKeys (ConfUtils.java:logGet(43)) - raft.server.log.appender.install.snapshot.enabled = false (custom)
2019-09-10 05:33:57,463 [pool-459-thread-1] INFO  impl.RaftServerImpl (ServerState.java:<init>(103)) - 3264e783-a886-4a98-ba84-26339acf7926@group-65C76AE27D3C: ConfigurationManager, init=-1: [3264e783-a886-4a98-ba84-26339acf7926:192.168.36.76:36054], old=null, confs=<EMPTY_MAP>
2019-09-10 05:33:57,463 [pool-459-thread-1] INFO  server.RaftServerConfigKeys (ConfUtils.java:logGet(43)) - raft.server.storage.dir = [/workdir/hadoop-ozone/integration-test/target/test-dir/MiniOzoneClusterImpl-9d9b5fd6-f7d9-4221-8942-13da4fae1afe/datanode-5/data/ratis] (custom)
2019-09-10 05:33:57,463 [pool-459-thread-1] INFO  storage.RaftStorageDirectory (RaftStorageDirectory.java:analyzeStorage(246)) - The storage directory /workdir/hadoop-ozone/integration-test/target/test-dir/MiniOzoneClusterImpl-9d9b5fd6-f7d9-4221-8942-13da4fae1afe/datanode-5/data/ratis/968ef75e-f07e-4f05-9da8-65c76ae27d3c does not exist. Creating ...
2019-09-10 05:33:57,476 [pool-459-thread-1] INFO  storage.RaftStorageDirectory (RaftStorageDirectory.java:tryLock(328)) - Lock on /workdir/hadoop-ozone/integration-test/target/test-dir/MiniOzoneClusterImpl-9d9b5fd6-f7d9-4221-8942-13da4fae1afe/datanode-5/data/ratis/968ef75e-f07e-4f05-9da8-65c76ae27d3c/in_use.lock acquired by nodename 21943@trunk-nightly-20190910-vk757-903364635
2019-09-10 05:33:57,490 [pool-459-thread-1] INFO  storage.RaftStorage (RaftStorage.java:format(72)) - Storage directory /workdir/hadoop-ozone/integration-test/target/test-dir/MiniOzoneClusterImpl-9d9b5fd6-f7d9-4221-8942-13da4fae1afe/datanode-5/data/ratis/968ef75e-f07e-4f05-9da8-65c76ae27d3c has been successfully formatted.
2019-09-10 05:33:57,490 [pool-459-thread-1] INFO  ratis.ContainerStateMachine (ContainerStateMachine.java:loadSnapshot(230)) - group-65C76AE27D3C: The snapshot info is null. Setting the last applied indexto:(t:0, i:~)
2019-09-10 05:33:57,490 [pool-459-thread-1] INFO  server.RaftServerConfigKeys (ConfUtils.java:logGet(43)) - raft.server.notification.no-leader.timeout = 120s (custom)
2019-09-10 05:33:57,490 [pool-459-thread-1] INFO  server.RaftServerConfigKeys (ConfUtils.java:logGet(43)) - raft.server.log.use.memory = false (default)
2019-09-10 05:33:57,490 [pool-459-thread-1] INFO  server.RaftServerConfigKeys (ConfUtils.java:logGet(43)) - raft.server.log.purge.gap = 1000000 (custom)
2019-09-10 05:33:57,490 [pool-459-thread-1] INFO  server.RaftServerConfigKeys (ConfUtils.java:logGet(43)) - raft.server.log.appender.buffer.byte-limit = 33554432 (custom)
2019-09-10 05:33:57,490 [pool-459-thread-1] INFO  server.RaftServerConfigKeys (ConfUtils.java:logGet(43)) - raft.server.log.segment.size.max = 1048576 (custom)
2019-09-10 05:33:57,490 [pool-459-thread-1] INFO  server.RaftServerConfigKeys (ConfUtils.java:logGet(43)) - raft.server.log.segment.cache.num.max = 2 (custom)
2019-09-10 05:33:57,491 [pool-459-thread-1] INFO  segmented.SegmentedRaftLogWorker (SegmentedRaftLogWorker.java:<init>(172)) - new 3264e783-a886-4a98-ba84-26339acf7926@group-65C76AE27D3C-SegmentedRaftLogWorker for RaftStorage:Storage Directory /workdir/hadoop-ozone/integration-test/target/test-dir/MiniOzoneClusterImpl-9d9b5fd6-f7d9-4221-8942-13da4fae1afe/datanode-5/data/ratis/968ef75e-f07e-4f05-9da8-65c76ae27d3c
2019-09-10 05:33:57,492 [pool-459-thread-1] INFO  server.RaftServerConfigKeys (ConfUtils.java:logGet(43)) - raft.server.log.queue.byte-limit = 2147483647 (custom)
2019-09-10 05:33:57,492 [pool-459-thread-1] INFO  server.RaftServerConfigKeys (ConfUtils.java:logGet(43)) - raft.server.log.queue.element-limit = 1024 (custom)
2019-09-10 05:33:57,492 [pool-459-thread-1] INFO  server.RaftServerConfigKeys (ConfUtils.java:logGet(43)) - raft.server.log.segment.size.max = 1048576 (custom)
2019-09-10 05:33:57,492 [pool-459-thread-1] INFO  server.RaftServerConfigKeys (ConfUtils.java:logGet(43)) - raft.server.log.preallocated.size = 16384 (custom)
2019-09-10 05:33:57,492 [pool-459-thread-1] INFO  server.RaftServerConfigKeys (ConfUtils.java:logGet(43)) - raft.server.log.write.buffer.size = 33554432 (custom)
2019-09-10 05:33:57,492 [pool-459-thread-1] INFO  server.RaftServerConfigKeys (ConfUtils.java:logGet(43)) - raft.server.log.force.sync.num = 128 (default)
2019-09-10 05:33:57,492 [pool-459-thread-1] INFO  server.RaftServerConfigKeys (ConfUtils.java:logGet(43)) - raft.server.log.statemachine.data.sync = true (default)
2019-09-10 05:33:57,492 [pool-459-thread-1] INFO  server.RaftServerConfigKeys (ConfUtils.java:logGet(43)) - raft.server.log.statemachine.data.sync.timeout = 10s (default)
2019-09-10 05:33:57,493 [pool-459-thread-1] INFO  server.RaftServerConfigKeys (ConfUtils.java:logGet(43)) - raft.server.log.statemachine.data.sync.timeout.retry = -1 (default)
2019-09-10 05:33:57,493 [pool-459-thread-1] INFO  server.RaftServerConfigKeys (ConfUtils.java:logGet(43)) - raft.server.log.statemachine.data.caching.enabled = true (custom)
2019-09-10 05:33:57,493 [pool-459-thread-1] INFO  segmented.SegmentedRaftLogWorker (SegmentedRaftLogWorker.java:lambda$new$0(132)) - 3264e783-a886-4a98-ba84-26339acf7926@group-65C76AE27D3C-SegmentedRaftLogWorker: flushIndex: setUnconditionally 0 -> -1
2019-09-10 05:33:57,493 [pool-459-thread-1] INFO  server.RaftServerConfigKeys (ConfUtils.java:logGet(43)) - raft.server.snapshot.auto.trigger.enabled = true (custom)
2019-09-10 05:33:57,493 [pool-459-thread-1] INFO  server.RaftServerConfigKeys (ConfUtils.java:logGet(43)) - raft.server.snapshot.auto.trigger.threshold = 10000 (custom)
2019-09-10 05:33:57,493 [pool-459-thread-1] INFO  server.RaftServerConfigKeys (ConfUtils.java:logGet(43)) - raft.server.snapshot.retention.num.files = -1 (default)
2019-09-10 05:33:57,493 [pool-459-thread-1] INFO  server.RaftServerConfigKeys (ConfUtils.java:logGet(43)) - raft.server.retrycache.expirytime = 600000ms (custom)
2019-09-10 05:33:57,495 [pool-459-thread-1] INFO  impl.RaftServerImpl (RaftServerImpl.java:start(185)) - 3264e783-a886-4a98-ba84-26339acf7926@group-65C76AE27D3C: start as a follower, conf=-1: [3264e783-a886-4a98-ba84-26339acf7926:192.168.36.76:36054], old=null
2019-09-10 05:33:57,495 [pool-459-thread-1] INFO  impl.RaftServerImpl (RaftServerImpl.java:setRole(174)) - 3264e783-a886-4a98-ba84-26339acf7926@group-65C76AE27D3C: changes role from      null to FOLLOWER at term 0 for startAsFollower
2019-09-10 05:33:57,495 [pool-459-thread-1] INFO  impl.RoleInfo (RoleInfo.java:updateAndGet(143)) - 3264e783-a886-4a98-ba84-26339acf7926: start FollowerState
2019-09-10 05:33:57,495 [pool-459-thread-1] INFO  util.JmxRegister (JmxRegister.java:tryRegister(44)) - Successfully registered JMX Bean with object name Ratis:service=RaftServer,group=group-65C76AE27D3C,id=3264e783-a886-4a98-ba84-26339acf7926
2019-09-10 05:33:57,499 [RatisPipelineUtilsThread] INFO  pipeline.PipelineStateManager (PipelineStateManager.java:addPipeline(56)) - Created pipeline Pipeline[ Id: 968ef75e-f07e-4f05-9da8-65c76ae27d3c, Nodes: 3264e783-a886-4a98-ba84-26339acf7926{ip: 192.168.36.76, host: trunk-nightly-20190910-vk757-903364635, networkLocation: /default-rack, certSerialId: null}, Type:RATIS, Factor:ONE, State:OPEN]
2019-09-10 05:33:57,507 [grpc-default-executor-10] INFO  impl.RaftServerProxy (RaftServerProxy.java:addNew(89)) - faea321c-1a3a-4fc8-801d-bcd23c01e8f4: addNew group-79E627E3C1F9:[faea321c-1a3a-4fc8-801d-bcd23c01e8f4:192.168.36.76:33150] returns group-79E627E3C1F9:java.util.concurrent.CompletableFuture@499edd7a[Not completed]
2019-09-10 05:33:57,508 [pool-429-thread-1] INFO  impl.RaftServerImpl (RaftServerImpl.java:<init>(95)) - faea321c-1a3a-4fc8-801d-bcd23c01e8f4: new RaftServerImpl for group-79E627E3C1F9:[faea321c-1a3a-4fc8-801d-bcd23c01e8f4:192.168.36.76:33150] with ContainerStateMachine:uninitialized
2019-09-10 05:33:57,508 [pool-429-thread-1] INFO  server.RaftServerConfigKeys (ConfUtils.java:logGet(43)) - raft.server.rpc.timeout.min = 5s (custom)
2019-09-10 05:33:57,508 [pool-429-thread-1] INFO  server.RaftServerConfigKeys (ConfUtils.java:logGet(43)) - raft.server.rpc.timeout.max = 5200ms (custom)
2019-09-10 05:33:57,508 [pool-429-thread-1] INFO  server.RaftServerConfigKeys (ConfUtils.java:logGet(43)) - raft.server.rpcslowness.timeout = 120s (custom)
2019-09-10 05:33:57,508 [pool-429-thread-1] INFO  server.RaftServerConfigKeys (ConfUtils.java:logGet(43)) - raft.server.sleep.deviation.threshold = 300 (default)
2019-09-10 05:33:57,508 [pool-429-thread-1] INFO  server.RaftServerConfigKeys (ConfUtils.java:logGet(43)) - raft.server.log.appender.install.snapshot.enabled = false (custom)
2019-09-10 05:33:57,508 [pool-429-thread-1] INFO  impl.RaftServerImpl (ServerState.java:<init>(103)) - faea321c-1a3a-4fc8-801d-bcd23c01e8f4@group-79E627E3C1F9: ConfigurationManager, init=-1: [faea321c-1a3a-4fc8-801d-bcd23c01e8f4:192.168.36.76:33150], old=null, confs=<EMPTY_MAP>
2019-09-10 05:33:57,508 [pool-429-thread-1] INFO  server.RaftServerConfigKeys (ConfUtils.java:logGet(43)) - raft.server.storage.dir = [/workdir/hadoop-ozone/integration-test/target/test-dir/MiniOzoneClusterImpl-9d9b5fd6-f7d9-4221-8942-13da4fae1afe/datanode-2/data/ratis] (custom)
2019-09-10 05:33:57,509 [pool-429-thread-1] INFO  storage.RaftStorageDirectory (RaftStorageDirectory.java:analyzeStorage(246)) - The storage directory /workdir/hadoop-ozone/integration-test/target/test-dir/MiniOzoneClusterImpl-9d9b5fd6-f7d9-4221-8942-13da4fae1afe/datanode-2/data/ratis/05b5b49c-bdb7-4704-b3d7-79e627e3c1f9 does not exist. Creating ...
2019-09-10 05:33:57,525 [pool-429-thread-1] INFO  storage.RaftStorageDirectory (RaftStorageDirectory.java:tryLock(328)) - Lock on /workdir/hadoop-ozone/integration-test/target/test-dir/MiniOzoneClusterImpl-9d9b5fd6-f7d9-4221-8942-13da4fae1afe/datanode-2/data/ratis/05b5b49c-bdb7-4704-b3d7-79e627e3c1f9/in_use.lock acquired by nodename 21943@trunk-nightly-20190910-vk757-903364635
2019-09-10 05:33:57,552 [pool-429-thread-1] INFO  storage.RaftStorage (RaftStorage.java:format(72)) - Storage directory /workdir/hadoop-ozone/integration-test/target/test-dir/MiniOzoneClusterImpl-9d9b5fd6-f7d9-4221-8942-13da4fae1afe/datanode-2/data/ratis/05b5b49c-bdb7-4704-b3d7-79e627e3c1f9 has been successfully formatted.
2019-09-10 05:33:57,552 [pool-429-thread-1] INFO  ratis.ContainerStateMachine (ContainerStateMachine.java:loadSnapshot(230)) - group-79E627E3C1F9: The snapshot info is null. Setting the last applied indexto:(t:0, i:~)
2019-09-10 05:33:57,552 [pool-429-thread-1] INFO  server.RaftServerConfigKeys (ConfUtils.java:logGet(43)) - raft.server.notification.no-leader.timeout = 120s (custom)
2019-09-10 05:33:57,552 [pool-429-thread-1] INFO  server.RaftServerConfigKeys (ConfUtils.java:logGet(43)) - raft.server.log.use.memory = false (default)
2019-09-10 05:33:57,552 [pool-429-thread-1] INFO  server.RaftServerConfigKeys (ConfUtils.java:logGet(43)) - raft.server.log.purge.gap = 1000000 (custom)
2019-09-10 05:33:57,552 [pool-429-thread-1] INFO  server.RaftServerConfigKeys (ConfUtils.java:logGet(43)) - raft.server.log.appender.buffer.byte-limit = 33554432 (custom)
2019-09-10 05:33:57,552 [pool-429-thread-1] INFO  server.RaftServerConfigKeys (ConfUtils.java:logGet(43)) - raft.server.log.segment.size.max = 1048576 (custom)
2019-09-10 05:33:57,553 [pool-429-thread-1] INFO  server.RaftServerConfigKeys (ConfUtils.java:logGet(43)) - raft.server.log.segment.cache.num.max = 2 (custom)
2019-09-10 05:33:57,553 [pool-429-thread-1] INFO  segmented.SegmentedRaftLogWorker (SegmentedRaftLogWorker.java:<init>(172)) - new faea321c-1a3a-4fc8-801d-bcd23c01e8f4@group-79E627E3C1F9-SegmentedRaftLogWorker for RaftStorage:Storage Directory /workdir/hadoop-ozone/integration-test/target/test-dir/MiniOzoneClusterImpl-9d9b5fd6-f7d9-4221-8942-13da4fae1afe/datanode-2/data/ratis/05b5b49c-bdb7-4704-b3d7-79e627e3c1f9
2019-09-10 05:33:57,554 [pool-429-thread-1] INFO  server.RaftServerConfigKeys (ConfUtils.java:logGet(43)) - raft.server.log.queue.byte-limit = 2147483647 (custom)
2019-09-10 05:33:57,554 [pool-429-thread-1] INFO  server.RaftServerConfigKeys (ConfUtils.java:logGet(43)) - raft.server.log.queue.element-limit = 1024 (custom)
2019-09-10 05:33:57,554 [pool-429-thread-1] INFO  server.RaftServerConfigKeys (ConfUtils.java:logGet(43)) - raft.server.log.segment.size.max = 1048576 (custom)
2019-09-10 05:33:57,554 [pool-429-thread-1] INFO  server.RaftServerConfigKeys (ConfUtils.java:logGet(43)) - raft.server.log.preallocated.size = 16384 (custom)
2019-09-10 05:33:57,554 [pool-429-thread-1] INFO  server.RaftServerConfigKeys (ConfUtils.java:logGet(43)) - raft.server.log.write.buffer.size = 33554432 (custom)
2019-09-10 05:33:57,554 [pool-429-thread-1] INFO  server.RaftServerConfigKeys (ConfUtils.java:logGet(43)) - raft.server.log.force.sync.num = 128 (default)
2019-09-10 05:33:57,555 [pool-429-thread-1] INFO  server.RaftServerConfigKeys (ConfUtils.java:logGet(43)) - raft.server.log.statemachine.data.sync = true (default)
2019-09-10 05:33:57,555 [pool-429-thread-1] INFO  server.RaftServerConfigKeys (ConfUtils.java:logGet(43)) - raft.server.log.statemachine.data.sync.timeout = 10s (default)
2019-09-10 05:33:57,555 [pool-429-thread-1] INFO  server.RaftServerConfigKeys (ConfUtils.java:logGet(43)) - raft.server.log.statemachine.data.sync.timeout.retry = -1 (default)
2019-09-10 05:33:57,555 [pool-429-thread-1] INFO  server.RaftServerConfigKeys (ConfUtils.java:logGet(43)) - raft.server.log.statemachine.data.caching.enabled = true (custom)
2019-09-10 05:33:57,555 [pool-429-thread-1] INFO  segmented.SegmentedRaftLogWorker (SegmentedRaftLogWorker.java:lambda$new$0(132)) - faea321c-1a3a-4fc8-801d-bcd23c01e8f4@group-79E627E3C1F9-SegmentedRaftLogWorker: flushIndex: setUnconditionally 0 -> -1
2019-09-10 05:33:57,555 [pool-429-thread-1] INFO  server.RaftServerConfigKeys (ConfUtils.java:logGet(43)) - raft.server.snapshot.auto.trigger.enabled = true (custom)
2019-09-10 05:33:57,556 [pool-429-thread-1] INFO  server.RaftServerConfigKeys (ConfUtils.java:logGet(43)) - raft.server.snapshot.auto.trigger.threshold = 10000 (custom)
2019-09-10 05:33:57,556 [pool-429-thread-1] INFO  server.RaftServerConfigKeys (ConfUtils.java:logGet(43)) - raft.server.snapshot.retention.num.files = -1 (default)
2019-09-10 05:33:57,556 [pool-429-thread-1] INFO  server.RaftServerConfigKeys (ConfUtils.java:logGet(43)) - raft.server.retrycache.expirytime = 600000ms (custom)
2019-09-10 05:33:57,560 [pool-429-thread-1] INFO  impl.RaftServerImpl (RaftServerImpl.java:start(185)) - faea321c-1a3a-4fc8-801d-bcd23c01e8f4@group-79E627E3C1F9: start as a follower, conf=-1: [faea321c-1a3a-4fc8-801d-bcd23c01e8f4:192.168.36.76:33150], old=null
2019-09-10 05:33:57,560 [pool-429-thread-1] INFO  impl.RaftServerImpl (RaftServerImpl.java:setRole(174)) - faea321c-1a3a-4fc8-801d-bcd23c01e8f4@group-79E627E3C1F9: changes role from      null to FOLLOWER at term 0 for startAsFollower
2019-09-10 05:33:57,560 [pool-429-thread-1] INFO  impl.RoleInfo (RoleInfo.java:updateAndGet(143)) - faea321c-1a3a-4fc8-801d-bcd23c01e8f4: start FollowerState
2019-09-10 05:33:57,560 [pool-429-thread-1] INFO  util.JmxRegister (JmxRegister.java:tryRegister(44)) - Successfully registered JMX Bean with object name Ratis:service=RaftServer,group=group-79E627E3C1F9,id=faea321c-1a3a-4fc8-801d-bcd23c01e8f4
2019-09-10 05:33:57,564 [RatisPipelineUtilsThread] INFO  pipeline.PipelineStateManager (PipelineStateManager.java:addPipeline(56)) - Created pipeline Pipeline[ Id: 05b5b49c-bdb7-4704-b3d7-79e627e3c1f9, Nodes: faea321c-1a3a-4fc8-801d-bcd23c01e8f4{ip: 192.168.36.76, host: trunk-nightly-20190910-vk757-903364635, networkLocation: /default-rack, certSerialId: null}, Type:RATIS, Factor:ONE, State:OPEN]
2019-09-10 05:33:57,583 [grpc-default-executor-10] INFO  impl.RaftServerProxy (RaftServerProxy.java:addNew(89)) - 840dca29-f8a9-4c87-ab36-c2df3e8ce0ae: addNew group-432D1F24A09D:[6fcfc11e-cb6d-4a85-a341-4f2bb55708c6:192.168.36.76:45794, 2450cf49-9e1c-4def-9796-350dd1d43595:192.168.36.76:44236, 840dca29-f8a9-4c87-ab36-c2df3e8ce0ae:192.168.36.76:33734] returns group-432D1F24A09D:java.util.concurrent.CompletableFuture@2c31bc36[Not completed]
2019-09-10 05:33:57,587 [grpc-default-executor-3] INFO  impl.RaftServerProxy (RaftServerProxy.java:addNew(89)) - 6fcfc11e-cb6d-4a85-a341-4f2bb55708c6: addNew group-432D1F24A09D:[6fcfc11e-cb6d-4a85-a341-4f2bb55708c6:192.168.36.76:45794, 2450cf49-9e1c-4def-9796-350dd1d43595:192.168.36.76:44236, 840dca29-f8a9-4c87-ab36-c2df3e8ce0ae:192.168.36.76:33734] returns group-432D1F24A09D:java.util.concurrent.CompletableFuture@4b593d53[Not completed]
2019-09-10 05:33:57,587 [grpc-default-executor-9] INFO  impl.RaftServerProxy (RaftServerProxy.java:addNew(89)) - 2450cf49-9e1c-4def-9796-350dd1d43595: addNew group-432D1F24A09D:[6fcfc11e-cb6d-4a85-a341-4f2bb55708c6:192.168.36.76:45794, 2450cf49-9e1c-4def-9796-350dd1d43595:192.168.36.76:44236, 840dca29-f8a9-4c87-ab36-c2df3e8ce0ae:192.168.36.76:33734] returns group-432D1F24A09D:java.util.concurrent.CompletableFuture@6e3b918c[Not completed]
2019-09-10 05:33:57,587 [pool-449-thread-1] INFO  impl.RaftServerImpl (RaftServerImpl.java:<init>(95)) - 840dca29-f8a9-4c87-ab36-c2df3e8ce0ae: new RaftServerImpl for group-432D1F24A09D:[6fcfc11e-cb6d-4a85-a341-4f2bb55708c6:192.168.36.76:45794, 2450cf49-9e1c-4def-9796-350dd1d43595:192.168.36.76:44236, 840dca29-f8a9-4c87-ab36-c2df3e8ce0ae:192.168.36.76:33734] with ContainerStateMachine:uninitialized
2019-09-10 05:33:57,588 [pool-449-thread-1] INFO  server.RaftServerConfigKeys (ConfUtils.java:logGet(43)) - raft.server.rpc.timeout.min = 5s (custom)
2019-09-10 05:33:57,588 [pool-449-thread-1] INFO  server.RaftServerConfigKeys (ConfUtils.java:logGet(43)) - raft.server.rpc.timeout.max = 5200ms (custom)
2019-09-10 05:33:57,588 [pool-449-thread-1] INFO  server.RaftServerConfigKeys (ConfUtils.java:logGet(43)) - raft.server.rpcslowness.timeout = 120s (custom)
2019-09-10 05:33:57,588 [pool-449-thread-1] INFO  server.RaftServerConfigKeys (ConfUtils.java:logGet(43)) - raft.server.sleep.deviation.threshold = 300 (default)
2019-09-10 05:33:57,588 [pool-449-thread-1] INFO  server.RaftServerConfigKeys (ConfUtils.java:logGet(43)) - raft.server.log.appender.install.snapshot.enabled = false (custom)
2019-09-10 05:33:57,588 [pool-469-thread-1] INFO  impl.RaftServerImpl (RaftServerImpl.java:<init>(95)) - 2450cf49-9e1c-4def-9796-350dd1d43595: new RaftServerImpl for group-432D1F24A09D:[6fcfc11e-cb6d-4a85-a341-4f2bb55708c6:192.168.36.76:45794, 2450cf49-9e1c-4def-9796-350dd1d43595:192.168.36.76:44236, 840dca29-f8a9-4c87-ab36-c2df3e8ce0ae:192.168.36.76:33734] with ContainerStateMachine:uninitialized
2019-09-10 05:33:57,588 [pool-449-thread-1] INFO  impl.RaftServerImpl (ServerState.java:<init>(103)) - 840dca29-f8a9-4c87-ab36-c2df3e8ce0ae@group-432D1F24A09D: ConfigurationManager, init=-1: [6fcfc11e-cb6d-4a85-a341-4f2bb55708c6:192.168.36.76:45794, 2450cf49-9e1c-4def-9796-350dd1d43595:192.168.36.76:44236, 840dca29-f8a9-4c87-ab36-c2df3e8ce0ae:192.168.36.76:33734], old=null, confs=<EMPTY_MAP>
2019-09-10 05:33:57,588 [pool-469-thread-1] INFO  server.RaftServerConfigKeys (ConfUtils.java:logGet(43)) - raft.server.rpc.timeout.min = 5s (custom)
2019-09-10 05:33:57,588 [pool-449-thread-1] INFO  server.RaftServerConfigKeys (ConfUtils.java:logGet(43)) - raft.server.storage.dir = [/workdir/hadoop-ozone/integration-test/target/test-dir/MiniOzoneClusterImpl-9d9b5fd6-f7d9-4221-8942-13da4fae1afe/datanode-4/data/ratis] (custom)
2019-09-10 05:33:57,588 [pool-469-thread-1] INFO  server.RaftServerConfigKeys (ConfUtils.java:logGet(43)) - raft.server.rpc.timeout.max = 5200ms (custom)
2019-09-10 05:33:57,588 [pool-419-thread-1] INFO  impl.RaftServerImpl (RaftServerImpl.java:<init>(95)) - 6fcfc11e-cb6d-4a85-a341-4f2bb55708c6: new RaftServerImpl for group-432D1F24A09D:[6fcfc11e-cb6d-4a85-a341-4f2bb55708c6:192.168.36.76:45794, 2450cf49-9e1c-4def-9796-350dd1d43595:192.168.36.76:44236, 840dca29-f8a9-4c87-ab36-c2df3e8ce0ae:192.168.36.76:33734] with ContainerStateMachine:uninitialized
2019-09-10 05:33:57,589 [pool-449-thread-1] INFO  storage.RaftStorageDirectory (RaftStorageDirectory.java:analyzeStorage(246)) - The storage directory /workdir/hadoop-ozone/integration-test/target/test-dir/MiniOzoneClusterImpl-9d9b5fd6-f7d9-4221-8942-13da4fae1afe/datanode-4/data/ratis/3f702eb2-d0d5-4a65-8869-432d1f24a09d does not exist. Creating ...
2019-09-10 05:33:57,589 [pool-469-thread-1] INFO  server.RaftServerConfigKeys (ConfUtils.java:logGet(43)) - raft.server.rpcslowness.timeout = 120s (custom)
2019-09-10 05:33:57,589 [pool-419-thread-1] INFO  server.RaftServerConfigKeys (ConfUtils.java:logGet(43)) - raft.server.rpc.timeout.min = 5s (custom)
2019-09-10 05:33:57,589 [pool-469-thread-1] INFO  server.RaftServerConfigKeys (ConfUtils.java:logGet(43)) - raft.server.sleep.deviation.threshold = 300 (default)
2019-09-10 05:33:57,589 [pool-419-thread-1] INFO  server.RaftServerConfigKeys (ConfUtils.java:logGet(43)) - raft.server.rpc.timeout.max = 5200ms (custom)
2019-09-10 05:33:57,589 [pool-469-thread-1] INFO  server.RaftServerConfigKeys (ConfUtils.java:logGet(43)) - raft.server.log.appender.install.snapshot.enabled = false (custom)
2019-09-10 05:33:57,589 [pool-419-thread-1] INFO  server.RaftServerConfigKeys (ConfUtils.java:logGet(43)) - raft.server.rpcslowness.timeout = 120s (custom)
2019-09-10 05:33:57,589 [pool-469-thread-1] INFO  impl.RaftServerImpl (ServerState.java:<init>(103)) - 2450cf49-9e1c-4def-9796-350dd1d43595@group-432D1F24A09D: ConfigurationManager, init=-1: [6fcfc11e-cb6d-4a85-a341-4f2bb55708c6:192.168.36.76:45794, 2450cf49-9e1c-4def-9796-350dd1d43595:192.168.36.76:44236, 840dca29-f8a9-4c87-ab36-c2df3e8ce0ae:192.168.36.76:33734], old=null, confs=<EMPTY_MAP>
2019-09-10 05:33:57,589 [pool-419-thread-1] INFO  server.RaftServerConfigKeys (ConfUtils.java:logGet(43)) - raft.server.sleep.deviation.threshold = 300 (default)
2019-09-10 05:33:57,589 [pool-469-thread-1] INFO  server.RaftServerConfigKeys (ConfUtils.java:logGet(43)) - raft.server.storage.dir = [/workdir/hadoop-ozone/integration-test/target/test-dir/MiniOzoneClusterImpl-9d9b5fd6-f7d9-4221-8942-13da4fae1afe/datanode-6/data/ratis] (custom)
2019-09-10 05:33:57,590 [pool-419-thread-1] INFO  server.RaftServerConfigKeys (ConfUtils.java:logGet(43)) - raft.server.log.appender.install.snapshot.enabled = false (custom)
2019-09-10 05:33:57,590 [pool-419-thread-1] INFO  impl.RaftServerImpl (ServerState.java:<init>(103)) - 6fcfc11e-cb6d-4a85-a341-4f2bb55708c6@group-432D1F24A09D: ConfigurationManager, init=-1: [6fcfc11e-cb6d-4a85-a341-4f2bb55708c6:192.168.36.76:45794, 2450cf49-9e1c-4def-9796-350dd1d43595:192.168.36.76:44236, 840dca29-f8a9-4c87-ab36-c2df3e8ce0ae:192.168.36.76:33734], old=null, confs=<EMPTY_MAP>
2019-09-10 05:33:57,590 [pool-469-thread-1] INFO  storage.RaftStorageDirectory (RaftStorageDirectory.java:analyzeStorage(246)) - The storage directory /workdir/hadoop-ozone/integration-test/target/test-dir/MiniOzoneClusterImpl-9d9b5fd6-f7d9-4221-8942-13da4fae1afe/datanode-6/data/ratis/3f702eb2-d0d5-4a65-8869-432d1f24a09d does not exist. Creating ...
2019-09-10 05:33:57,590 [pool-419-thread-1] INFO  server.RaftServerConfigKeys (ConfUtils.java:logGet(43)) - raft.server.storage.dir = [/workdir/hadoop-ozone/integration-test/target/test-dir/MiniOzoneClusterImpl-9d9b5fd6-f7d9-4221-8942-13da4fae1afe/datanode-1/data/ratis] (custom)
2019-09-10 05:33:57,590 [pool-419-thread-1] INFO  storage.RaftStorageDirectory (RaftStorageDirectory.java:analyzeStorage(246)) - The storage directory /workdir/hadoop-ozone/integration-test/target/test-dir/MiniOzoneClusterImpl-9d9b5fd6-f7d9-4221-8942-13da4fae1afe/datanode-1/data/ratis/3f702eb2-d0d5-4a65-8869-432d1f24a09d does not exist. Creating ...
2019-09-10 05:33:57,602 [pool-419-thread-1] INFO  storage.RaftStorageDirectory (RaftStorageDirectory.java:tryLock(328)) - Lock on /workdir/hadoop-ozone/integration-test/target/test-dir/MiniOzoneClusterImpl-9d9b5fd6-f7d9-4221-8942-13da4fae1afe/datanode-1/data/ratis/3f702eb2-d0d5-4a65-8869-432d1f24a09d/in_use.lock acquired by nodename 21943@trunk-nightly-20190910-vk757-903364635
2019-09-10 05:33:57,602 [pool-449-thread-1] INFO  storage.RaftStorageDirectory (RaftStorageDirectory.java:tryLock(328)) - Lock on /workdir/hadoop-ozone/integration-test/target/test-dir/MiniOzoneClusterImpl-9d9b5fd6-f7d9-4221-8942-13da4fae1afe/datanode-4/data/ratis/3f702eb2-d0d5-4a65-8869-432d1f24a09d/in_use.lock acquired by nodename 21943@trunk-nightly-20190910-vk757-903364635
2019-09-10 05:33:57,602 [pool-469-thread-1] INFO  storage.RaftStorageDirectory (RaftStorageDirectory.java:tryLock(328)) - Lock on /workdir/hadoop-ozone/integration-test/target/test-dir/MiniOzoneClusterImpl-9d9b5fd6-f7d9-4221-8942-13da4fae1afe/datanode-6/data/ratis/3f702eb2-d0d5-4a65-8869-432d1f24a09d/in_use.lock acquired by nodename 21943@trunk-nightly-20190910-vk757-903364635
2019-09-10 05:33:57,616 [pool-469-thread-1] INFO  storage.RaftStorage (RaftStorage.java:format(72)) - Storage directory /workdir/hadoop-ozone/integration-test/target/test-dir/MiniOzoneClusterImpl-9d9b5fd6-f7d9-4221-8942-13da4fae1afe/datanode-6/data/ratis/3f702eb2-d0d5-4a65-8869-432d1f24a09d has been successfully formatted.
2019-09-10 05:33:57,616 [pool-449-thread-1] INFO  storage.RaftStorage (RaftStorage.java:format(72)) - Storage directory /workdir/hadoop-ozone/integration-test/target/test-dir/MiniOzoneClusterImpl-9d9b5fd6-f7d9-4221-8942-13da4fae1afe/datanode-4/data/ratis/3f702eb2-d0d5-4a65-8869-432d1f24a09d has been successfully formatted.
2019-09-10 05:33:57,616 [pool-419-thread-1] INFO  storage.RaftStorage (RaftStorage.java:format(72)) - Storage directory /workdir/hadoop-ozone/integration-test/target/test-dir/MiniOzoneClusterImpl-9d9b5fd6-f7d9-4221-8942-13da4fae1afe/datanode-1/data/ratis/3f702eb2-d0d5-4a65-8869-432d1f24a09d has been successfully formatted.
2019-09-10 05:33:57,616 [pool-469-thread-1] INFO  ratis.ContainerStateMachine (ContainerStateMachine.java:loadSnapshot(230)) - group-432D1F24A09D: The snapshot info is null. Setting the last applied indexto:(t:0, i:~)
2019-09-10 05:33:57,616 [pool-419-thread-1] INFO  ratis.ContainerStateMachine (ContainerStateMachine.java:loadSnapshot(230)) - group-432D1F24A09D: The snapshot info is null. Setting the last applied indexto:(t:0, i:~)
2019-09-10 05:33:57,616 [pool-449-thread-1] INFO  ratis.ContainerStateMachine (ContainerStateMachine.java:loadSnapshot(230)) - group-432D1F24A09D: The snapshot info is null. Setting the last applied indexto:(t:0, i:~)
2019-09-10 05:33:57,616 [pool-419-thread-1] INFO  server.RaftServerConfigKeys (ConfUtils.java:logGet(43)) - raft.server.notification.no-leader.timeout = 120s (custom)
2019-09-10 05:33:57,616 [pool-469-thread-1] INFO  server.RaftServerConfigKeys (ConfUtils.java:logGet(43)) - raft.server.notification.no-leader.timeout = 120s (custom)
2019-09-10 05:33:57,616 [pool-419-thread-1] INFO  server.RaftServerConfigKeys (ConfUtils.java:logGet(43)) - raft.server.log.use.memory = false (default)
2019-09-10 05:33:57,616 [pool-449-thread-1] INFO  server.RaftServerConfigKeys (ConfUtils.java:logGet(43)) - raft.server.notification.no-leader.timeout = 120s (custom)
2019-09-10 05:33:57,617 [pool-419-thread-1] INFO  server.RaftServerConfigKeys (ConfUtils.java:logGet(43)) - raft.server.log.purge.gap = 1000000 (custom)
2019-09-10 05:33:57,617 [pool-419-thread-1] INFO  server.RaftServerConfigKeys (ConfUtils.java:logGet(43)) - raft.server.log.appender.buffer.byte-limit = 33554432 (custom)
2019-09-10 05:33:57,616 [pool-469-thread-1] INFO  server.RaftServerConfigKeys (ConfUtils.java:logGet(43)) - raft.server.log.use.memory = false (default)
2019-09-10 05:33:57,617 [pool-419-thread-1] INFO  server.RaftServerConfigKeys (ConfUtils.java:logGet(43)) - raft.server.log.segment.size.max = 1048576 (custom)
2019-09-10 05:33:57,617 [pool-449-thread-1] INFO  server.RaftServerConfigKeys (ConfUtils.java:logGet(43)) - raft.server.log.use.memory = false (default)
2019-09-10 05:33:57,617 [pool-419-thread-1] INFO  server.RaftServerConfigKeys (ConfUtils.java:logGet(43)) - raft.server.log.segment.cache.num.max = 2 (custom)
2019-09-10 05:33:57,617 [pool-469-thread-1] INFO  server.RaftServerConfigKeys (ConfUtils.java:logGet(43)) - raft.server.log.purge.gap = 1000000 (custom)
2019-09-10 05:33:57,617 [pool-419-thread-1] INFO  segmented.SegmentedRaftLogWorker (SegmentedRaftLogWorker.java:<init>(172)) - new 6fcfc11e-cb6d-4a85-a341-4f2bb55708c6@group-432D1F24A09D-SegmentedRaftLogWorker for RaftStorage:Storage Directory /workdir/hadoop-ozone/integration-test/target/test-dir/MiniOzoneClusterImpl-9d9b5fd6-f7d9-4221-8942-13da4fae1afe/datanode-1/data/ratis/3f702eb2-d0d5-4a65-8869-432d1f24a09d
2019-09-10 05:33:57,617 [pool-449-thread-1] INFO  server.RaftServerConfigKeys (ConfUtils.java:logGet(43)) - raft.server.log.purge.gap = 1000000 (custom)
2019-09-10 05:33:57,617 [pool-419-thread-1] INFO  server.RaftServerConfigKeys (ConfUtils.java:logGet(43)) - raft.server.log.queue.byte-limit = 2147483647 (custom)
2019-09-10 05:33:57,617 [pool-469-thread-1] INFO  server.RaftServerConfigKeys (ConfUtils.java:logGet(43)) - raft.server.log.appender.buffer.byte-limit = 33554432 (custom)
2019-09-10 05:33:57,618 [pool-419-thread-1] INFO  server.RaftServerConfigKeys (ConfUtils.java:logGet(43)) - raft.server.log.queue.element-limit = 1024 (custom)
2019-09-10 05:33:57,617 [pool-449-thread-1] INFO  server.RaftServerConfigKeys (ConfUtils.java:logGet(43)) - raft.server.log.appender.buffer.byte-limit = 33554432 (custom)
2019-09-10 05:33:57,618 [pool-419-thread-1] INFO  server.RaftServerConfigKeys (ConfUtils.java:logGet(43)) - raft.server.log.segment.size.max = 1048576 (custom)
2019-09-10 05:33:57,618 [pool-419-thread-1] INFO  server.RaftServerConfigKeys (ConfUtils.java:logGet(43)) - raft.server.log.preallocated.size = 16384 (custom)
2019-09-10 05:33:57,618 [pool-469-thread-1] INFO  server.RaftServerConfigKeys (ConfUtils.java:logGet(43)) - raft.server.log.segment.size.max = 1048576 (custom)
2019-09-10 05:33:57,618 [pool-419-thread-1] INFO  server.RaftServerConfigKeys (ConfUtils.java:logGet(43)) - raft.server.log.write.buffer.size = 33554432 (custom)
2019-09-10 05:33:57,618 [pool-449-thread-1] INFO  server.RaftServerConfigKeys (ConfUtils.java:logGet(43)) - raft.server.log.segment.size.max = 1048576 (custom)
2019-09-10 05:33:57,618 [pool-419-thread-1] INFO  server.RaftServerConfigKeys (ConfUtils.java:logGet(43)) - raft.server.log.force.sync.num = 128 (default)
2019-09-10 05:33:57,618 [pool-469-thread-1] INFO  server.RaftServerConfigKeys (ConfUtils.java:logGet(43)) - raft.server.log.segment.cache.num.max = 2 (custom)
2019-09-10 05:33:57,618 [pool-419-thread-1] INFO  server.RaftServerConfigKeys (ConfUtils.java:logGet(43)) - raft.server.log.statemachine.data.sync = true (default)
2019-09-10 05:33:57,618 [pool-449-thread-1] INFO  server.RaftServerConfigKeys (ConfUtils.java:logGet(43)) - raft.server.log.segment.cache.num.max = 2 (custom)
2019-09-10 05:33:57,619 [pool-419-thread-1] INFO  server.RaftServerConfigKeys (ConfUtils.java:logGet(43)) - raft.server.log.statemachine.data.sync.timeout = 10s (default)
2019-09-10 05:33:57,619 [pool-419-thread-1] INFO  server.RaftServerConfigKeys (ConfUtils.java:logGet(43)) - raft.server.log.statemachine.data.sync.timeout.retry = -1 (default)
2019-09-10 05:33:57,618 [pool-469-thread-1] INFO  segmented.SegmentedRaftLogWorker (SegmentedRaftLogWorker.java:<init>(172)) - new 2450cf49-9e1c-4def-9796-350dd1d43595@group-432D1F24A09D-SegmentedRaftLogWorker for RaftStorage:Storage Directory /workdir/hadoop-ozone/integration-test/target/test-dir/MiniOzoneClusterImpl-9d9b5fd6-f7d9-4221-8942-13da4fae1afe/datanode-6/data/ratis/3f702eb2-d0d5-4a65-8869-432d1f24a09d
2019-09-10 05:33:57,619 [pool-419-thread-1] INFO  server.RaftServerConfigKeys (ConfUtils.java:logGet(43)) - raft.server.log.statemachine.data.caching.enabled = true (custom)
2019-09-10 05:33:57,619 [pool-449-thread-1] INFO  segmented.SegmentedRaftLogWorker (SegmentedRaftLogWorker.java:<init>(172)) - new 840dca29-f8a9-4c87-ab36-c2df3e8ce0ae@group-432D1F24A09D-SegmentedRaftLogWorker for RaftStorage:Storage Directory /workdir/hadoop-ozone/integration-test/target/test-dir/MiniOzoneClusterImpl-9d9b5fd6-f7d9-4221-8942-13da4fae1afe/datanode-4/data/ratis/3f702eb2-d0d5-4a65-8869-432d1f24a09d
2019-09-10 05:33:57,619 [pool-469-thread-1] INFO  server.RaftServerConfigKeys (ConfUtils.java:logGet(43)) - raft.server.log.queue.byte-limit = 2147483647 (custom)
2019-09-10 05:33:57,619 [pool-449-thread-1] INFO  server.RaftServerConfigKeys (ConfUtils.java:logGet(43)) - raft.server.log.queue.byte-limit = 2147483647 (custom)
2019-09-10 05:33:57,619 [pool-419-thread-1] INFO  segmented.SegmentedRaftLogWorker (SegmentedRaftLogWorker.java:lambda$new$0(132)) - 6fcfc11e-cb6d-4a85-a341-4f2bb55708c6@group-432D1F24A09D-SegmentedRaftLogWorker: flushIndex: setUnconditionally 0 -> -1
2019-09-10 05:33:57,619 [pool-449-thread-1] INFO  server.RaftServerConfigKeys (ConfUtils.java:logGet(43)) - raft.server.log.queue.element-limit = 1024 (custom)
2019-09-10 05:33:57,619 [pool-469-thread-1] INFO  server.RaftServerConfigKeys (ConfUtils.java:logGet(43)) - raft.server.log.queue.element-limit = 1024 (custom)
2019-09-10 05:33:57,620 [pool-419-thread-1] INFO  server.RaftServerConfigKeys (ConfUtils.java:logGet(43)) - raft.server.snapshot.auto.trigger.enabled = true (custom)
2019-09-10 05:33:57,620 [pool-449-thread-1] INFO  server.RaftServerConfigKeys (ConfUtils.java:logGet(43)) - raft.server.log.segment.size.max = 1048576 (custom)
2019-09-10 05:33:57,620 [pool-419-thread-1] INFO  server.RaftServerConfigKeys (ConfUtils.java:logGet(43)) - raft.server.snapshot.auto.trigger.threshold = 10000 (custom)
2019-09-10 05:33:57,620 [pool-469-thread-1] INFO  server.RaftServerConfigKeys (ConfUtils.java:logGet(43)) - raft.server.log.segment.size.max = 1048576 (custom)
2019-09-10 05:33:57,620 [pool-419-thread-1] INFO  server.RaftServerConfigKeys (ConfUtils.java:logGet(43)) - raft.server.snapshot.retention.num.files = -1 (default)
2019-09-10 05:33:57,620 [pool-449-thread-1] INFO  server.RaftServerConfigKeys (ConfUtils.java:logGet(43)) - raft.server.log.preallocated.size = 16384 (custom)
2019-09-10 05:33:57,620 [pool-419-thread-1] INFO  server.RaftServerConfigKeys (ConfUtils.java:logGet(43)) - raft.server.retrycache.expirytime = 600000ms (custom)
2019-09-10 05:33:57,620 [pool-469-thread-1] INFO  server.RaftServerConfigKeys (ConfUtils.java:logGet(43)) - raft.server.log.preallocated.size = 16384 (custom)
2019-09-10 05:33:57,620 [pool-449-thread-1] INFO  server.RaftServerConfigKeys (ConfUtils.java:logGet(43)) - raft.server.log.write.buffer.size = 33554432 (custom)
2019-09-10 05:33:57,620 [pool-469-thread-1] INFO  server.RaftServerConfigKeys (ConfUtils.java:logGet(43)) - raft.server.log.write.buffer.size = 33554432 (custom)
2019-09-10 05:33:57,621 [pool-449-thread-1] INFO  server.RaftServerConfigKeys (ConfUtils.java:logGet(43)) - raft.server.log.force.sync.num = 128 (default)
2019-09-10 05:33:57,621 [pool-469-thread-1] INFO  server.RaftServerConfigKeys (ConfUtils.java:logGet(43)) - raft.server.log.force.sync.num = 128 (default)
2019-09-10 05:33:57,621 [pool-449-thread-1] INFO  server.RaftServerConfigKeys (ConfUtils.java:logGet(43)) - raft.server.log.statemachine.data.sync = true (default)
2019-09-10 05:33:57,621 [pool-469-thread-1] INFO  server.RaftServerConfigKeys (ConfUtils.java:logGet(43)) - raft.server.log.statemachine.data.sync = true (default)
2019-09-10 05:33:57,621 [pool-449-thread-1] INFO  server.RaftServerConfigKeys (ConfUtils.java:logGet(43)) - raft.server.log.statemachine.data.sync.timeout = 10s (default)
2019-09-10 05:33:57,621 [pool-469-thread-1] INFO  server.RaftServerConfigKeys (ConfUtils.java:logGet(43)) - raft.server.log.statemachine.data.sync.timeout = 10s (default)
2019-09-10 05:33:57,621 [pool-449-thread-1] INFO  server.RaftServerConfigKeys (ConfUtils.java:logGet(43)) - raft.server.log.statemachine.data.sync.timeout.retry = -1 (default)
2019-09-10 05:33:57,621 [pool-469-thread-1] INFO  server.RaftServerConfigKeys (ConfUtils.java:logGet(43)) - raft.server.log.statemachine.data.sync.timeout.retry = -1 (default)
2019-09-10 05:33:57,621 [pool-449-thread-1] INFO  server.RaftServerConfigKeys (ConfUtils.java:logGet(43)) - raft.server.log.statemachine.data.caching.enabled = true (custom)
2019-09-10 05:33:57,622 [pool-469-thread-1] INFO  server.RaftServerConfigKeys (ConfUtils.java:logGet(43)) - raft.server.log.statemachine.data.caching.enabled = true (custom)
2019-09-10 05:33:57,622 [pool-449-thread-1] INFO  segmented.SegmentedRaftLogWorker (SegmentedRaftLogWorker.java:lambda$new$0(132)) - 840dca29-f8a9-4c87-ab36-c2df3e8ce0ae@group-432D1F24A09D-SegmentedRaftLogWorker: flushIndex: setUnconditionally 0 -> -1
2019-09-10 05:33:57,622 [pool-469-thread-1] INFO  segmented.SegmentedRaftLogWorker (SegmentedRaftLogWorker.java:lambda$new$0(132)) - 2450cf49-9e1c-4def-9796-350dd1d43595@group-432D1F24A09D-SegmentedRaftLogWorker: flushIndex: setUnconditionally 0 -> -1
2019-09-10 05:33:57,622 [pool-419-thread-1] INFO  impl.RaftServerImpl (RaftServerImpl.java:start(185)) - 6fcfc11e-cb6d-4a85-a341-4f2bb55708c6@group-432D1F24A09D: start as a follower, conf=-1: [6fcfc11e-cb6d-4a85-a341-4f2bb55708c6:192.168.36.76:45794, 2450cf49-9e1c-4def-9796-350dd1d43595:192.168.36.76:44236, 840dca29-f8a9-4c87-ab36-c2df3e8ce0ae:192.168.36.76:33734], old=null
2019-09-10 05:33:57,622 [pool-449-thread-1] INFO  server.RaftServerConfigKeys (ConfUtils.java:logGet(43)) - raft.server.snapshot.auto.trigger.enabled = true (custom)
2019-09-10 05:33:57,622 [pool-469-thread-1] INFO  server.RaftServerConfigKeys (ConfUtils.java:logGet(43)) - raft.server.snapshot.auto.trigger.enabled = true (custom)
2019-09-10 05:33:57,622 [pool-419-thread-1] INFO  impl.RaftServerImpl (RaftServerImpl.java:setRole(174)) - 6fcfc11e-cb6d-4a85-a341-4f2bb55708c6@group-432D1F24A09D: changes role from      null to FOLLOWER at term 0 for startAsFollower
2019-09-10 05:33:57,622 [pool-469-thread-1] INFO  server.RaftServerConfigKeys (ConfUtils.java:logGet(43)) - raft.server.snapshot.auto.trigger.threshold = 10000 (custom)
2019-09-10 05:33:57,622 [pool-449-thread-1] INFO  server.RaftServerConfigKeys (ConfUtils.java:logGet(43)) - raft.server.snapshot.auto.trigger.threshold = 10000 (custom)
2019-09-10 05:33:57,622 [pool-469-thread-1] INFO  server.RaftServerConfigKeys (ConfUtils.java:logGet(43)) - raft.server.snapshot.retention.num.files = -1 (default)
2019-09-10 05:33:57,622 [pool-419-thread-1] INFO  impl.RoleInfo (RoleInfo.java:updateAndGet(143)) - 6fcfc11e-cb6d-4a85-a341-4f2bb55708c6: start FollowerState
2019-09-10 05:33:57,623 [pool-469-thread-1] INFO  server.RaftServerConfigKeys (ConfUtils.java:logGet(43)) - raft.server.retrycache.expirytime = 600000ms (custom)
2019-09-10 05:33:57,623 [pool-449-thread-1] INFO  server.RaftServerConfigKeys (ConfUtils.java:logGet(43)) - raft.server.snapshot.retention.num.files = -1 (default)
2019-09-10 05:33:57,623 [pool-419-thread-1] INFO  util.JmxRegister (JmxRegister.java:tryRegister(44)) - Successfully registered JMX Bean with object name Ratis:service=RaftServer,group=group-432D1F24A09D,id=6fcfc11e-cb6d-4a85-a341-4f2bb55708c6
2019-09-10 05:33:57,623 [pool-449-thread-1] INFO  server.RaftServerConfigKeys (ConfUtils.java:logGet(43)) - raft.server.retrycache.expirytime = 600000ms (custom)
2019-09-10 05:33:57,627 [pool-469-thread-1] INFO  impl.RaftServerImpl (RaftServerImpl.java:start(185)) - 2450cf49-9e1c-4def-9796-350dd1d43595@group-432D1F24A09D: start as a follower, conf=-1: [6fcfc11e-cb6d-4a85-a341-4f2bb55708c6:192.168.36.76:45794, 2450cf49-9e1c-4def-9796-350dd1d43595:192.168.36.76:44236, 840dca29-f8a9-4c87-ab36-c2df3e8ce0ae:192.168.36.76:33734], old=null
2019-09-10 05:33:57,627 [pool-469-thread-1] INFO  impl.RaftServerImpl (RaftServerImpl.java:setRole(174)) - 2450cf49-9e1c-4def-9796-350dd1d43595@group-432D1F24A09D: changes role from      null to FOLLOWER at term 0 for startAsFollower
2019-09-10 05:33:57,627 [pool-469-thread-1] INFO  impl.RoleInfo (RoleInfo.java:updateAndGet(143)) - 2450cf49-9e1c-4def-9796-350dd1d43595: start FollowerState
2019-09-10 05:33:57,627 [pool-469-thread-1] INFO  util.JmxRegister (JmxRegister.java:tryRegister(44)) - Successfully registered JMX Bean with object name Ratis:service=RaftServer,group=group-432D1F24A09D,id=2450cf49-9e1c-4def-9796-350dd1d43595
2019-09-10 05:33:57,628 [pool-449-thread-1] INFO  impl.RaftServerImpl (RaftServerImpl.java:start(185)) - 840dca29-f8a9-4c87-ab36-c2df3e8ce0ae@group-432D1F24A09D: start as a follower, conf=-1: [6fcfc11e-cb6d-4a85-a341-4f2bb55708c6:192.168.36.76:45794, 2450cf49-9e1c-4def-9796-350dd1d43595:192.168.36.76:44236, 840dca29-f8a9-4c87-ab36-c2df3e8ce0ae:192.168.36.76:33734], old=null
2019-09-10 05:33:57,628 [pool-449-thread-1] INFO  impl.RaftServerImpl (RaftServerImpl.java:setRole(174)) - 840dca29-f8a9-4c87-ab36-c2df3e8ce0ae@group-432D1F24A09D: changes role from      null to FOLLOWER at term 0 for startAsFollower
2019-09-10 05:33:57,628 [pool-449-thread-1] INFO  impl.RoleInfo (RoleInfo.java:updateAndGet(143)) - 840dca29-f8a9-4c87-ab36-c2df3e8ce0ae: start FollowerState
2019-09-10 05:33:57,628 [pool-449-thread-1] INFO  util.JmxRegister (JmxRegister.java:tryRegister(44)) - Successfully registered JMX Bean with object name Ratis:service=RaftServer,group=group-432D1F24A09D,id=840dca29-f8a9-4c87-ab36-c2df3e8ce0ae
2019-09-10 05:33:57,636 [RatisPipelineUtilsThread] INFO  pipeline.PipelineStateManager (PipelineStateManager.java:addPipeline(56)) - Created pipeline Pipeline[ Id: 3f702eb2-d0d5-4a65-8869-432d1f24a09d, Nodes: 2450cf49-9e1c-4def-9796-350dd1d43595{ip: 192.168.36.76, host: trunk-nightly-20190910-vk757-903364635, networkLocation: /default-rack, certSerialId: null}840dca29-f8a9-4c87-ab36-c2df3e8ce0ae{ip: 192.168.36.76, host: trunk-nightly-20190910-vk757-903364635, networkLocation: /default-rack, certSerialId: null}6fcfc11e-cb6d-4a85-a341-4f2bb55708c6{ip: 192.168.36.76, host: trunk-nightly-20190910-vk757-903364635, networkLocation: /default-rack, certSerialId: null}, Type:RATIS, Factor:THREE, State:OPEN]
2019-09-10 05:33:57,652 [grpc-default-executor-10] INFO  impl.RaftServerProxy (RaftServerProxy.java:addNew(89)) - 3264e783-a886-4a98-ba84-26339acf7926: addNew group-BDA6565D0529:[87196072-496c-46fd-91f4-efa396687fa3:192.168.36.76:35461, 3264e783-a886-4a98-ba84-26339acf7926:192.168.36.76:36054, 72a9c052-68b3-4600-b46c-b388f8da2720:192.168.36.76:33685] returns group-BDA6565D0529:java.util.concurrent.CompletableFuture@1fbd75b4[Not completed]
2019-09-10 05:33:57,654 [grpc-default-executor-9] INFO  impl.RaftServerProxy (RaftServerProxy.java:addNew(89)) - 87196072-496c-46fd-91f4-efa396687fa3: addNew group-BDA6565D0529:[87196072-496c-46fd-91f4-efa396687fa3:192.168.36.76:35461, 3264e783-a886-4a98-ba84-26339acf7926:192.168.36.76:36054, 72a9c052-68b3-4600-b46c-b388f8da2720:192.168.36.76:33685] returns group-BDA6565D0529:java.util.concurrent.CompletableFuture@2a22f5b3[Not completed]
2019-09-10 05:33:57,658 [grpc-default-executor-10] INFO  impl.RaftServerProxy (RaftServerProxy.java:addNew(89)) - 72a9c052-68b3-4600-b46c-b388f8da2720: addNew group-BDA6565D0529:[87196072-496c-46fd-91f4-efa396687fa3:192.168.36.76:35461, 3264e783-a886-4a98-ba84-26339acf7926:192.168.36.76:36054, 72a9c052-68b3-4600-b46c-b388f8da2720:192.168.36.76:33685] returns group-BDA6565D0529:java.util.concurrent.CompletableFuture@117a0fe9[Not completed]
2019-09-10 05:33:57,659 [pool-459-thread-1] INFO  impl.RaftServerImpl (RaftServerImpl.java:<init>(95)) - 3264e783-a886-4a98-ba84-26339acf7926: new RaftServerImpl for group-BDA6565D0529:[87196072-496c-46fd-91f4-efa396687fa3:192.168.36.76:35461, 3264e783-a886-4a98-ba84-26339acf7926:192.168.36.76:36054, 72a9c052-68b3-4600-b46c-b388f8da2720:192.168.36.76:33685] with ContainerStateMachine:uninitialized
2019-09-10 05:33:57,659 [pool-459-thread-1] INFO  server.RaftServerConfigKeys (ConfUtils.java:logGet(43)) - raft.server.rpc.timeout.min = 5s (custom)
2019-09-10 05:33:57,659 [pool-459-thread-1] INFO  server.RaftServerConfigKeys (ConfUtils.java:logGet(43)) - raft.server.rpc.timeout.max = 5200ms (custom)
2019-09-10 05:33:57,659 [pool-459-thread-1] INFO  server.RaftServerConfigKeys (ConfUtils.java:logGet(43)) - raft.server.rpcslowness.timeout = 120s (custom)
2019-09-10 05:33:57,659 [pool-459-thread-1] INFO  server.RaftServerConfigKeys (ConfUtils.java:logGet(43)) - raft.server.sleep.deviation.threshold = 300 (default)
2019-09-10 05:33:57,659 [pool-459-thread-1] INFO  server.RaftServerConfigKeys (ConfUtils.java:logGet(43)) - raft.server.log.appender.install.snapshot.enabled = false (custom)
2019-09-10 05:33:57,659 [pool-409-thread-1] INFO  impl.RaftServerImpl (RaftServerImpl.java:<init>(95)) - 72a9c052-68b3-4600-b46c-b388f8da2720: new RaftServerImpl for group-BDA6565D0529:[87196072-496c-46fd-91f4-efa396687fa3:192.168.36.76:35461, 3264e783-a886-4a98-ba84-26339acf7926:192.168.36.76:36054, 72a9c052-68b3-4600-b46c-b388f8da2720:192.168.36.76:33685] with ContainerStateMachine:uninitialized
2019-09-10 05:33:57,660 [pool-459-thread-1] INFO  impl.RaftServerImpl (ServerState.java:<init>(103)) - 3264e783-a886-4a98-ba84-26339acf7926@group-BDA6565D0529: ConfigurationManager, init=-1: [87196072-496c-46fd-91f4-efa396687fa3:192.168.36.76:35461, 3264e783-a886-4a98-ba84-26339acf7926:192.168.36.76:36054, 72a9c052-68b3-4600-b46c-b388f8da2720:192.168.36.76:33685], old=null, confs=<EMPTY_MAP>
2019-09-10 05:33:57,660 [pool-409-thread-1] INFO  server.RaftServerConfigKeys (ConfUtils.java:logGet(43)) - raft.server.rpc.timeout.min = 5s (custom)
2019-09-10 05:33:57,660 [pool-459-thread-1] INFO  server.RaftServerConfigKeys (ConfUtils.java:logGet(43)) - raft.server.storage.dir = [/workdir/hadoop-ozone/integration-test/target/test-dir/MiniOzoneClusterImpl-9d9b5fd6-f7d9-4221-8942-13da4fae1afe/datanode-5/data/ratis] (custom)
2019-09-10 05:33:57,660 [pool-409-thread-1] INFO  server.RaftServerConfigKeys (ConfUtils.java:logGet(43)) - raft.server.rpc.timeout.max = 5200ms (custom)
2019-09-10 05:33:57,660 [pool-439-thread-1] INFO  impl.RaftServerImpl (RaftServerImpl.java:<init>(95)) - 87196072-496c-46fd-91f4-efa396687fa3: new RaftServerImpl for group-BDA6565D0529:[87196072-496c-46fd-91f4-efa396687fa3:192.168.36.76:35461, 3264e783-a886-4a98-ba84-26339acf7926:192.168.36.76:36054, 72a9c052-68b3-4600-b46c-b388f8da2720:192.168.36.76:33685] with ContainerStateMachine:uninitialized
2019-09-10 05:33:57,660 [pool-409-thread-1] INFO  server.RaftServerConfigKeys (ConfUtils.java:logGet(43)) - raft.server.rpcslowness.timeout = 120s (custom)
2019-09-10 05:33:57,660 [pool-439-thread-1] INFO  server.RaftServerConfigKeys (ConfUtils.java:logGet(43)) - raft.server.rpc.timeout.min = 5s (custom)
2019-09-10 05:33:57,660 [pool-459-thread-1] INFO  storage.RaftStorageDirectory (RaftStorageDirectory.java:analyzeStorage(246)) - The storage directory /workdir/hadoop-ozone/integration-test/target/test-dir/MiniOzoneClusterImpl-9d9b5fd6-f7d9-4221-8942-13da4fae1afe/datanode-5/data/ratis/34112554-ff58-4c99-954c-bda6565d0529 does not exist. Creating ...
2019-09-10 05:33:57,660 [pool-439-thread-1] INFO  server.RaftServerConfigKeys (ConfUtils.java:logGet(43)) - raft.server.rpc.timeout.max = 5200ms (custom)
2019-09-10 05:33:57,660 [pool-409-thread-1] INFO  server.RaftServerConfigKeys (ConfUtils.java:logGet(43)) - raft.server.sleep.deviation.threshold = 300 (default)
2019-09-10 05:33:57,661 [pool-439-thread-1] INFO  server.RaftServerConfigKeys (ConfUtils.java:logGet(43)) - raft.server.rpcslowness.timeout = 120s (custom)
2019-09-10 05:33:57,661 [pool-409-thread-1] INFO  server.RaftServerConfigKeys (ConfUtils.java:logGet(43)) - raft.server.log.appender.install.snapshot.enabled = false (custom)
2019-09-10 05:33:57,661 [pool-439-thread-1] INFO  server.RaftServerConfigKeys (ConfUtils.java:logGet(43)) - raft.server.sleep.deviation.threshold = 300 (default)
2019-09-10 05:33:57,661 [pool-409-thread-1] INFO  impl.RaftServerImpl (ServerState.java:<init>(103)) - 72a9c052-68b3-4600-b46c-b388f8da2720@group-BDA6565D0529: ConfigurationManager, init=-1: [87196072-496c-46fd-91f4-efa396687fa3:192.168.36.76:35461, 3264e783-a886-4a98-ba84-26339acf7926:192.168.36.76:36054, 72a9c052-68b3-4600-b46c-b388f8da2720:192.168.36.76:33685], old=null, confs=<EMPTY_MAP>
2019-09-10 05:33:57,661 [pool-439-thread-1] INFO  server.RaftServerConfigKeys (ConfUtils.java:logGet(43)) - raft.server.log.appender.install.snapshot.enabled = false (custom)
2019-09-10 05:33:57,661 [pool-409-thread-1] INFO  server.RaftServerConfigKeys (ConfUtils.java:logGet(43)) - raft.server.storage.dir = [/workdir/hadoop-ozone/integration-test/target/test-dir/MiniOzoneClusterImpl-9d9b5fd6-f7d9-4221-8942-13da4fae1afe/datanode-0/data/ratis] (custom)
2019-09-10 05:33:57,661 [pool-439-thread-1] INFO  impl.RaftServerImpl (ServerState.java:<init>(103)) - 87196072-496c-46fd-91f4-efa396687fa3@group-BDA6565D0529: ConfigurationManager, init=-1: [87196072-496c-46fd-91f4-efa396687fa3:192.168.36.76:35461, 3264e783-a886-4a98-ba84-26339acf7926:192.168.36.76:36054, 72a9c052-68b3-4600-b46c-b388f8da2720:192.168.36.76:33685], old=null, confs=<EMPTY_MAP>
2019-09-10 05:33:57,662 [pool-439-thread-1] INFO  server.RaftServerConfigKeys (ConfUtils.java:logGet(43)) - raft.server.storage.dir = [/workdir/hadoop-ozone/integration-test/target/test-dir/MiniOzoneClusterImpl-9d9b5fd6-f7d9-4221-8942-13da4fae1afe/datanode-3/data/ratis] (custom)
2019-09-10 05:33:57,662 [pool-409-thread-1] INFO  storage.RaftStorageDirectory (RaftStorageDirectory.java:analyzeStorage(246)) - The storage directory /workdir/hadoop-ozone/integration-test/target/test-dir/MiniOzoneClusterImpl-9d9b5fd6-f7d9-4221-8942-13da4fae1afe/datanode-0/data/ratis/34112554-ff58-4c99-954c-bda6565d0529 does not exist. Creating ...
2019-09-10 05:33:57,662 [pool-439-thread-1] INFO  storage.RaftStorageDirectory (RaftStorageDirectory.java:analyzeStorage(246)) - The storage directory /workdir/hadoop-ozone/integration-test/target/test-dir/MiniOzoneClusterImpl-9d9b5fd6-f7d9-4221-8942-13da4fae1afe/datanode-3/data/ratis/34112554-ff58-4c99-954c-bda6565d0529 does not exist. Creating ...
2019-09-10 05:33:57,673 [pool-439-thread-1] INFO  storage.RaftStorageDirectory (RaftStorageDirectory.java:tryLock(328)) - Lock on /workdir/hadoop-ozone/integration-test/target/test-dir/MiniOzoneClusterImpl-9d9b5fd6-f7d9-4221-8942-13da4fae1afe/datanode-3/data/ratis/34112554-ff58-4c99-954c-bda6565d0529/in_use.lock acquired by nodename 21943@trunk-nightly-20190910-vk757-903364635
2019-09-10 05:33:57,673 [pool-409-thread-1] INFO  storage.RaftStorageDirectory (RaftStorageDirectory.java:tryLock(328)) - Lock on /workdir/hadoop-ozone/integration-test/target/test-dir/MiniOzoneClusterImpl-9d9b5fd6-f7d9-4221-8942-13da4fae1afe/datanode-0/data/ratis/34112554-ff58-4c99-954c-bda6565d0529/in_use.lock acquired by nodename 21943@trunk-nightly-20190910-vk757-903364635
2019-09-10 05:33:57,673 [pool-459-thread-1] INFO  storage.RaftStorageDirectory (RaftStorageDirectory.java:tryLock(328)) - Lock on /workdir/hadoop-ozone/integration-test/target/test-dir/MiniOzoneClusterImpl-9d9b5fd6-f7d9-4221-8942-13da4fae1afe/datanode-5/data/ratis/34112554-ff58-4c99-954c-bda6565d0529/in_use.lock acquired by nodename 21943@trunk-nightly-20190910-vk757-903364635
2019-09-10 05:33:57,705 [pool-459-thread-1] INFO  storage.RaftStorage (RaftStorage.java:format(72)) - Storage directory /workdir/hadoop-ozone/integration-test/target/test-dir/MiniOzoneClusterImpl-9d9b5fd6-f7d9-4221-8942-13da4fae1afe/datanode-5/data/ratis/34112554-ff58-4c99-954c-bda6565d0529 has been successfully formatted.
2019-09-10 05:33:57,705 [pool-409-thread-1] INFO  storage.RaftStorage (RaftStorage.java:format(72)) - Storage directory /workdir/hadoop-ozone/integration-test/target/test-dir/MiniOzoneClusterImpl-9d9b5fd6-f7d9-4221-8942-13da4fae1afe/datanode-0/data/ratis/34112554-ff58-4c99-954c-bda6565d0529 has been successfully formatted.
2019-09-10 05:33:57,705 [pool-459-thread-1] INFO  ratis.ContainerStateMachine (ContainerStateMachine.java:loadSnapshot(230)) - group-BDA6565D0529: The snapshot info is null. Setting the last applied indexto:(t:0, i:~)
2019-09-10 05:33:57,705 [pool-439-thread-1] INFO  storage.RaftStorage (RaftStorage.java:format(72)) - Storage directory /workdir/hadoop-ozone/integration-test/target/test-dir/MiniOzoneClusterImpl-9d9b5fd6-f7d9-4221-8942-13da4fae1afe/datanode-3/data/ratis/34112554-ff58-4c99-954c-bda6565d0529 has been successfully formatted.
2019-09-10 05:33:57,705 [pool-459-thread-1] INFO  server.RaftServerConfigKeys (ConfUtils.java:logGet(43)) - raft.server.notification.no-leader.timeout = 120s (custom)
2019-09-10 05:33:57,705 [pool-409-thread-1] INFO  ratis.ContainerStateMachine (ContainerStateMachine.java:loadSnapshot(230)) - group-BDA6565D0529: The snapshot info is null. Setting the last applied indexto:(t:0, i:~)
2019-09-10 05:33:57,705 [pool-439-thread-1] INFO  ratis.ContainerStateMachine (ContainerStateMachine.java:loadSnapshot(230)) - group-BDA6565D0529: The snapshot info is null. Setting the last applied indexto:(t:0, i:~)
2019-09-10 05:33:57,705 [pool-459-thread-1] INFO  server.RaftServerConfigKeys (ConfUtils.java:logGet(43)) - raft.server.log.use.memory = false (default)
2019-09-10 05:33:57,706 [pool-439-thread-1] INFO  server.RaftServerConfigKeys (ConfUtils.java:logGet(43)) - raft.server.notification.no-leader.timeout = 120s (custom)
2019-09-10 05:33:57,705 [pool-409-thread-1] INFO  server.RaftServerConfigKeys (ConfUtils.java:logGet(43)) - raft.server.notification.no-leader.timeout = 120s (custom)
2019-09-10 05:33:57,706 [pool-439-thread-1] INFO  server.RaftServerConfigKeys (ConfUtils.java:logGet(43)) - raft.server.log.use.memory = false (default)
2019-09-10 05:33:57,706 [pool-459-thread-1] INFO  server.RaftServerConfigKeys (ConfUtils.java:logGet(43)) - raft.server.log.purge.gap = 1000000 (custom)
2019-09-10 05:33:57,706 [pool-439-thread-1] INFO  server.RaftServerConfigKeys (ConfUtils.java:logGet(43)) - raft.server.log.purge.gap = 1000000 (custom)
2019-09-10 05:33:57,706 [pool-409-thread-1] INFO  server.RaftServerConfigKeys (ConfUtils.java:logGet(43)) - raft.server.log.use.memory = false (default)
2019-09-10 05:33:57,706 [pool-439-thread-1] INFO  server.RaftServerConfigKeys (ConfUtils.java:logGet(43)) - raft.server.log.appender.buffer.byte-limit = 33554432 (custom)
2019-09-10 05:33:57,706 [pool-459-thread-1] INFO  server.RaftServerConfigKeys (ConfUtils.java:logGet(43)) - raft.server.log.appender.buffer.byte-limit = 33554432 (custom)
2019-09-10 05:33:57,706 [pool-439-thread-1] INFO  server.RaftServerConfigKeys (ConfUtils.java:logGet(43)) - raft.server.log.segment.size.max = 1048576 (custom)
2019-09-10 05:33:57,706 [pool-409-thread-1] INFO  server.RaftServerConfigKeys (ConfUtils.java:logGet(43)) - raft.server.log.purge.gap = 1000000 (custom)
2019-09-10 05:33:57,707 [pool-439-thread-1] INFO  server.RaftServerConfigKeys (ConfUtils.java:logGet(43)) - raft.server.log.segment.cache.num.max = 2 (custom)
2019-09-10 05:33:57,706 [pool-459-thread-1] INFO  server.RaftServerConfigKeys (ConfUtils.java:logGet(43)) - raft.server.log.segment.size.max = 1048576 (custom)
2019-09-10 05:33:57,707 [pool-439-thread-1] INFO  segmented.SegmentedRaftLogWorker (SegmentedRaftLogWorker.java:<init>(172)) - new 87196072-496c-46fd-91f4-efa396687fa3@group-BDA6565D0529-SegmentedRaftLogWorker for RaftStorage:Storage Directory /workdir/hadoop-ozone/integration-test/target/test-dir/MiniOzoneClusterImpl-9d9b5fd6-f7d9-4221-8942-13da4fae1afe/datanode-3/data/ratis/34112554-ff58-4c99-954c-bda6565d0529
2019-09-10 05:33:57,707 [pool-409-thread-1] INFO  server.RaftServerConfigKeys (ConfUtils.java:logGet(43)) - raft.server.log.appender.buffer.byte-limit = 33554432 (custom)
2019-09-10 05:33:57,707 [pool-439-thread-1] INFO  server.RaftServerConfigKeys (ConfUtils.java:logGet(43)) - raft.server.log.queue.byte-limit = 2147483647 (custom)
2019-09-10 05:33:57,707 [pool-459-thread-1] INFO  server.RaftServerConfigKeys (ConfUtils.java:logGet(43)) - raft.server.log.segment.cache.num.max = 2 (custom)
2019-09-10 05:33:57,707 [pool-439-thread-1] INFO  server.RaftServerConfigKeys (ConfUtils.java:logGet(43)) - raft.server.log.queue.element-limit = 1024 (custom)
2019-09-10 05:33:57,707 [pool-409-thread-1] INFO  server.RaftServerConfigKeys (ConfUtils.java:logGet(43)) - raft.server.log.segment.size.max = 1048576 (custom)
2019-09-10 05:33:57,707 [pool-439-thread-1] INFO  server.RaftServerConfigKeys (ConfUtils.java:logGet(43)) - raft.server.log.segment.size.max = 1048576 (custom)
2019-09-10 05:33:57,707 [pool-459-thread-1] INFO  segmented.SegmentedRaftLogWorker (SegmentedRaftLogWorker.java:<init>(172)) - new 3264e783-a886-4a98-ba84-26339acf7926@group-BDA6565D0529-SegmentedRaftLogWorker for RaftStorage:Storage Directory /workdir/hadoop-ozone/integration-test/target/test-dir/MiniOzoneClusterImpl-9d9b5fd6-f7d9-4221-8942-13da4fae1afe/datanode-5/data/ratis/34112554-ff58-4c99-954c-bda6565d0529
2019-09-10 05:33:57,708 [pool-439-thread-1] INFO  server.RaftServerConfigKeys (ConfUtils.java:logGet(43)) - raft.server.log.preallocated.size = 16384 (custom)
2019-09-10 05:33:57,708 [pool-439-thread-1] INFO  server.RaftServerConfigKeys (ConfUtils.java:logGet(43)) - raft.server.log.write.buffer.size = 33554432 (custom)
2019-09-10 05:33:57,707 [pool-409-thread-1] INFO  server.RaftServerConfigKeys (ConfUtils.java:logGet(43)) - raft.server.log.segment.cache.num.max = 2 (custom)
2019-09-10 05:33:57,708 [pool-439-thread-1] INFO  server.RaftServerConfigKeys (ConfUtils.java:logGet(43)) - raft.server.log.force.sync.num = 128 (default)
2019-09-10 05:33:57,708 [pool-459-thread-1] INFO  server.RaftServerConfigKeys (ConfUtils.java:logGet(43)) - raft.server.log.queue.byte-limit = 2147483647 (custom)
2019-09-10 05:33:57,708 [pool-439-thread-1] INFO  server.RaftServerConfigKeys (ConfUtils.java:logGet(43)) - raft.server.log.statemachine.data.sync = true (default)
2019-09-10 05:33:57,708 [pool-409-thread-1] INFO  segmented.SegmentedRaftLogWorker (SegmentedRaftLogWorker.java:<init>(172)) - new 72a9c052-68b3-4600-b46c-b388f8da2720@group-BDA6565D0529-SegmentedRaftLogWorker for RaftStorage:Storage Directory /workdir/hadoop-ozone/integration-test/target/test-dir/MiniOzoneClusterImpl-9d9b5fd6-f7d9-4221-8942-13da4fae1afe/datanode-0/data/ratis/34112554-ff58-4c99-954c-bda6565d0529
2019-09-10 05:33:57,708 [pool-439-thread-1] INFO  server.RaftServerConfigKeys (ConfUtils.java:logGet(43)) - raft.server.log.statemachine.data.sync.timeout = 10s (default)
2019-09-10 05:33:57,708 [pool-439-thread-1] INFO  server.RaftServerConfigKeys (ConfUtils.java:logGet(43)) - raft.server.log.statemachine.data.sync.timeout.retry = -1 (default)
2019-09-10 05:33:57,708 [pool-459-thread-1] INFO  server.RaftServerConfigKeys (ConfUtils.java:logGet(43)) - raft.server.log.queue.element-limit = 1024 (custom)
2019-09-10 05:33:57,709 [pool-439-thread-1] INFO  server.RaftServerConfigKeys (ConfUtils.java:logGet(43)) - raft.server.log.statemachine.data.caching.enabled = true (custom)
2019-09-10 05:33:57,708 [pool-409-thread-1] INFO  server.RaftServerConfigKeys (ConfUtils.java:logGet(43)) - raft.server.log.queue.byte-limit = 2147483647 (custom)
2019-09-10 05:33:57,709 [pool-459-thread-1] INFO  server.RaftServerConfigKeys (ConfUtils.java:logGet(43)) - raft.server.log.segment.size.max = 1048576 (custom)
2019-09-10 05:33:57,709 [pool-409-thread-1] INFO  server.RaftServerConfigKeys (ConfUtils.java:logGet(43)) - raft.server.log.queue.element-limit = 1024 (custom)
2019-09-10 05:33:57,709 [pool-459-thread-1] INFO  server.RaftServerConfigKeys (ConfUtils.java:logGet(43)) - raft.server.log.preallocated.size = 16384 (custom)
2019-09-10 05:33:57,709 [pool-409-thread-1] INFO  server.RaftServerConfigKeys (ConfUtils.java:logGet(43)) - raft.server.log.segment.size.max = 1048576 (custom)
2019-09-10 05:33:57,709 [pool-459-thread-1] INFO  server.RaftServerConfigKeys (ConfUtils.java:logGet(43)) - raft.server.log.write.buffer.size = 33554432 (custom)
2019-09-10 05:33:57,709 [pool-409-thread-1] INFO  server.RaftServerConfigKeys (ConfUtils.java:logGet(43)) - raft.server.log.preallocated.size = 16384 (custom)
2019-09-10 05:33:57,709 [pool-459-thread-1] INFO  server.RaftServerConfigKeys (ConfUtils.java:logGet(43)) - raft.server.log.force.sync.num = 128 (default)
2019-09-10 05:33:57,710 [pool-409-thread-1] INFO  server.RaftServerConfigKeys (ConfUtils.java:logGet(43)) - raft.server.log.write.buffer.size = 33554432 (custom)
2019-09-10 05:33:57,710 [pool-439-thread-1] INFO  segmented.SegmentedRaftLogWorker (SegmentedRaftLogWorker.java:lambda$new$0(132)) - 87196072-496c-46fd-91f4-efa396687fa3@group-BDA6565D0529-SegmentedRaftLogWorker: flushIndex: setUnconditionally 0 -> -1
2019-09-10 05:33:57,710 [pool-459-thread-1] INFO  server.RaftServerConfigKeys (ConfUtils.java:logGet(43)) - raft.server.log.statemachine.data.sync = true (default)
2019-09-10 05:33:57,710 [pool-409-thread-1] INFO  server.RaftServerConfigKeys (ConfUtils.java:logGet(43)) - raft.server.log.force.sync.num = 128 (default)
2019-09-10 05:33:57,710 [pool-439-thread-1] INFO  server.RaftServerConfigKeys (ConfUtils.java:logGet(43)) - raft.server.snapshot.auto.trigger.enabled = true (custom)
2019-09-10 05:33:57,710 [pool-459-thread-1] INFO  server.RaftServerConfigKeys (ConfUtils.java:logGet(43)) - raft.server.log.statemachine.data.sync.timeout = 10s (default)
2019-09-10 05:33:57,710 [pool-439-thread-1] INFO  server.RaftServerConfigKeys (ConfUtils.java:logGet(43)) - raft.server.snapshot.auto.trigger.threshold = 10000 (custom)
2019-09-10 05:33:57,710 [pool-409-thread-1] INFO  server.RaftServerConfigKeys (ConfUtils.java:logGet(43)) - raft.server.log.statemachine.data.sync = true (default)
2019-09-10 05:33:57,710 [pool-439-thread-1] INFO  server.RaftServerConfigKeys (ConfUtils.java:logGet(43)) - raft.server.snapshot.retention.num.files = -1 (default)
2019-09-10 05:33:57,710 [pool-459-thread-1] INFO  server.RaftServerConfigKeys (ConfUtils.java:logGet(43)) - raft.server.log.statemachine.data.sync.timeout.retry = -1 (default)
2019-09-10 05:33:57,711 [pool-439-thread-1] INFO  server.RaftServerConfigKeys (ConfUtils.java:logGet(43)) - raft.server.retrycache.expirytime = 600000ms (custom)
2019-09-10 05:33:57,710 [pool-409-thread-1] INFO  server.RaftServerConfigKeys (ConfUtils.java:logGet(43)) - raft.server.log.statemachine.data.sync.timeout = 10s (default)
2019-09-10 05:33:57,711 [pool-459-thread-1] INFO  server.RaftServerConfigKeys (ConfUtils.java:logGet(43)) - raft.server.log.statemachine.data.caching.enabled = true (custom)
2019-09-10 05:33:57,711 [pool-409-thread-1] INFO  server.RaftServerConfigKeys (ConfUtils.java:logGet(43)) - raft.server.log.statemachine.data.sync.timeout.retry = -1 (default)
2019-09-10 05:33:57,711 [pool-459-thread-1] INFO  segmented.SegmentedRaftLogWorker (SegmentedRaftLogWorker.java:lambda$new$0(132)) - 3264e783-a886-4a98-ba84-26339acf7926@group-BDA6565D0529-SegmentedRaftLogWorker: flushIndex: setUnconditionally 0 -> -1
2019-09-10 05:33:57,711 [pool-409-thread-1] INFO  server.RaftServerConfigKeys (ConfUtils.java:logGet(43)) - raft.server.log.statemachine.data.caching.enabled = true (custom)
2019-09-10 05:33:57,711 [pool-459-thread-1] INFO  server.RaftServerConfigKeys (ConfUtils.java:logGet(43)) - raft.server.snapshot.auto.trigger.enabled = true (custom)
2019-09-10 05:33:57,711 [pool-409-thread-1] INFO  segmented.SegmentedRaftLogWorker (SegmentedRaftLogWorker.java:lambda$new$0(132)) - 72a9c052-68b3-4600-b46c-b388f8da2720@group-BDA6565D0529-SegmentedRaftLogWorker: flushIndex: setUnconditionally 0 -> -1
2019-09-10 05:33:57,711 [pool-459-thread-1] INFO  server.RaftServerConfigKeys (ConfUtils.java:logGet(43)) - raft.server.snapshot.auto.trigger.threshold = 10000 (custom)
2019-09-10 05:33:57,712 [pool-459-thread-1] INFO  server.RaftServerConfigKeys (ConfUtils.java:logGet(43)) - raft.server.snapshot.retention.num.files = -1 (default)
2019-09-10 05:33:57,712 [pool-409-thread-1] INFO  server.RaftServerConfigKeys (ConfUtils.java:logGet(43)) - raft.server.snapshot.auto.trigger.enabled = true (custom)
2019-09-10 05:33:57,712 [pool-459-thread-1] INFO  server.RaftServerConfigKeys (ConfUtils.java:logGet(43)) - raft.server.retrycache.expirytime = 600000ms (custom)
2019-09-10 05:33:57,712 [pool-409-thread-1] INFO  server.RaftServerConfigKeys (ConfUtils.java:logGet(43)) - raft.server.snapshot.auto.trigger.threshold = 10000 (custom)
2019-09-10 05:33:57,712 [pool-409-thread-1] INFO  server.RaftServerConfigKeys (ConfUtils.java:logGet(43)) - raft.server.snapshot.retention.num.files = -1 (default)
2019-09-10 05:33:57,712 [pool-409-thread-1] INFO  server.RaftServerConfigKeys (ConfUtils.java:logGet(43)) - raft.server.retrycache.expirytime = 600000ms (custom)
2019-09-10 05:33:57,713 [pool-439-thread-1] INFO  impl.RaftServerImpl (RaftServerImpl.java:start(185)) - 87196072-496c-46fd-91f4-efa396687fa3@group-BDA6565D0529: start as a follower, conf=-1: [87196072-496c-46fd-91f4-efa396687fa3:192.168.36.76:35461, 3264e783-a886-4a98-ba84-26339acf7926:192.168.36.76:36054, 72a9c052-68b3-4600-b46c-b388f8da2720:192.168.36.76:33685], old=null
2019-09-10 05:33:57,713 [pool-439-thread-1] INFO  impl.RaftServerImpl (RaftServerImpl.java:setRole(174)) - 87196072-496c-46fd-91f4-efa396687fa3@group-BDA6565D0529: changes role from      null to FOLLOWER at term 0 for startAsFollower
2019-09-10 05:33:57,713 [pool-439-thread-1] INFO  impl.RoleInfo (RoleInfo.java:updateAndGet(143)) - 87196072-496c-46fd-91f4-efa396687fa3: start FollowerState
2019-09-10 05:33:57,713 [pool-439-thread-1] INFO  util.JmxRegister (JmxRegister.java:tryRegister(44)) - Successfully registered JMX Bean with object name Ratis:service=RaftServer,group=group-BDA6565D0529,id=87196072-496c-46fd-91f4-efa396687fa3
2019-09-10 05:33:57,714 [pool-459-thread-1] INFO  impl.RaftServerImpl (RaftServerImpl.java:start(185)) - 3264e783-a886-4a98-ba84-26339acf7926@group-BDA6565D0529: start as a follower, conf=-1: [87196072-496c-46fd-91f4-efa396687fa3:192.168.36.76:35461, 3264e783-a886-4a98-ba84-26339acf7926:192.168.36.76:36054, 72a9c052-68b3-4600-b46c-b388f8da2720:192.168.36.76:33685], old=null
2019-09-10 05:33:57,714 [pool-459-thread-1] INFO  impl.RaftServerImpl (RaftServerImpl.java:setRole(174)) - 3264e783-a886-4a98-ba84-26339acf7926@group-BDA6565D0529: changes role from      null to FOLLOWER at term 0 for startAsFollower
2019-09-10 05:33:57,714 [pool-459-thread-1] INFO  impl.RoleInfo (RoleInfo.java:updateAndGet(143)) - 3264e783-a886-4a98-ba84-26339acf7926: start FollowerState
2019-09-10 05:33:57,714 [pool-409-thread-1] INFO  impl.RaftServerImpl (RaftServerImpl.java:start(185)) - 72a9c052-68b3-4600-b46c-b388f8da2720@group-BDA6565D0529: start as a follower, conf=-1: [87196072-496c-46fd-91f4-efa396687fa3:192.168.36.76:35461, 3264e783-a886-4a98-ba84-26339acf7926:192.168.36.76:36054, 72a9c052-68b3-4600-b46c-b388f8da2720:192.168.36.76:33685], old=null
2019-09-10 05:33:57,714 [pool-409-thread-1] INFO  impl.RaftServerImpl (RaftServerImpl.java:setRole(174)) - 72a9c052-68b3-4600-b46c-b388f8da2720@group-BDA6565D0529: changes role from      null to FOLLOWER at term 0 for startAsFollower
2019-09-10 05:33:57,714 [pool-459-thread-1] INFO  util.JmxRegister (JmxRegister.java:tryRegister(44)) - Successfully registered JMX Bean with object name Ratis:service=RaftServer,group=group-BDA6565D0529,id=3264e783-a886-4a98-ba84-26339acf7926
2019-09-10 05:33:57,714 [pool-409-thread-1] INFO  impl.RoleInfo (RoleInfo.java:updateAndGet(143)) - 72a9c052-68b3-4600-b46c-b388f8da2720: start FollowerState
2019-09-10 05:33:57,718 [pool-409-thread-1] INFO  util.JmxRegister (JmxRegister.java:tryRegister(44)) - Successfully registered JMX Bean with object name Ratis:service=RaftServer,group=group-BDA6565D0529,id=72a9c052-68b3-4600-b46c-b388f8da2720
2019-09-10 05:33:57,725 [RatisPipelineUtilsThread] INFO  pipeline.PipelineStateManager (PipelineStateManager.java:addPipeline(56)) - Created pipeline Pipeline[ Id: 34112554-ff58-4c99-954c-bda6565d0529, Nodes: 72a9c052-68b3-4600-b46c-b388f8da2720{ip: 192.168.36.76, host: trunk-nightly-20190910-vk757-903364635, networkLocation: /default-rack, certSerialId: null}87196072-496c-46fd-91f4-efa396687fa3{ip: 192.168.36.76, host: trunk-nightly-20190910-vk757-903364635, networkLocation: /default-rack, certSerialId: null}3264e783-a886-4a98-ba84-26339acf7926{ip: 192.168.36.76, host: trunk-nightly-20190910-vk757-903364635, networkLocation: /default-rack, certSerialId: null}, Type:RATIS, Factor:THREE, State:OPEN]
2019-09-10 05:33:58,312 [main] INFO  ozone.MiniOzoneClusterImpl (MiniOzoneClusterImpl.java:lambda$waitForClusterToBeReady$0(140)) - Cluster is ready. Got 7 of 7 DN Heartbeats.
2019-09-10 05:33:58,351 [main] INFO  rpc.RpcClient (RpcClient.java:createVolume(298)) - Creating Volume: testblockoutputstream, with jenkins1000 as owner.
2019-09-10 05:33:58,353 [IPC Server handler 0 on 36024] INFO  volume.OMVolumeCreateRequest (OMVolumeCreateRequest.java:validateAndUpdateCache(189)) - created volume:testblockoutputstream for user:jenkins1000
2019-09-10 05:33:58,367 [main] INFO  rpc.RpcClient (RpcClient.java:createBucket(437)) - Creating Bucket: testblockoutputstream/testblockoutputstream, with Versioning false and Storage Type set to DISK and Encryption set to false 
2019-09-10 05:33:58,404 [grpc-default-executor-10] INFO  client.GrpcClientProtocolClient (GrpcClientProtocolClient.java:onNext(264)) - client-7E8EFB653B64->72a9c052-68b3-4600-b46c-b388f8da2720: receive RaftClientReply:client-7E8EFB653B64->72a9c052-68b3-4600-b46c-b388f8da2720@group-BDA6565D0529, cid=163, FAILED org.apache.ratis.protocol.NotLeaderException: Server 72a9c052-68b3-4600-b46c-b388f8da2720@group-BDA6565D0529 is not the leader, logIndex=0, commits[72a9c052-68b3-4600-b46c-b388f8da2720:c-1]
2019-09-10 05:33:59,419 [grpc-default-executor-10] INFO  client.GrpcClientProtocolClient (GrpcClientProtocolClient.java:onNext(264)) - client-7E8EFB653B64->87196072-496c-46fd-91f4-efa396687fa3: receive RaftClientReply:client-7E8EFB653B64->87196072-496c-46fd-91f4-efa396687fa3@group-BDA6565D0529, cid=163, FAILED org.apache.ratis.protocol.NotLeaderException: Server 87196072-496c-46fd-91f4-efa396687fa3@group-BDA6565D0529 is not the leader, logIndex=0, commits[87196072-496c-46fd-91f4-efa396687fa3:c-1]
2019-09-10 05:33:59,934 [Thread-2837] INFO  container.ReplicationManager (ReplicationManager.java:start(162)) - Starting Replication Monitor Thread.
2019-09-10 05:33:59,937 [ReplicationMonitor] INFO  container.ReplicationManager (ReplicationManager.java:run(225)) - Replication Monitor Thread took 1 milliseconds for processing 1 containers.
2019-09-10 05:34:00,434 [grpc-default-executor-9] INFO  client.GrpcClientProtocolClient (GrpcClientProtocolClient.java:onNext(264)) - client-7E8EFB653B64->3264e783-a886-4a98-ba84-26339acf7926: receive RaftClientReply:client-7E8EFB653B64->3264e783-a886-4a98-ba84-26339acf7926@group-BDA6565D0529, cid=163, FAILED org.apache.ratis.protocol.NotLeaderException: Server 3264e783-a886-4a98-ba84-26339acf7926@group-BDA6565D0529 is not the leader, logIndex=0, commits[3264e783-a886-4a98-ba84-26339acf7926:c-1]
2019-09-10 05:34:01,450 [grpc-default-executor-10] INFO  client.GrpcClientProtocolClient (GrpcClientProtocolClient.java:onNext(264)) - client-7E8EFB653B64->72a9c052-68b3-4600-b46c-b388f8da2720: receive RaftClientReply:client-7E8EFB653B64->72a9c052-68b3-4600-b46c-b388f8da2720@group-BDA6565D0529, cid=163, FAILED org.apache.ratis.protocol.NotLeaderException: Server 72a9c052-68b3-4600-b46c-b388f8da2720@group-BDA6565D0529 is not the leader, logIndex=0, commits[72a9c052-68b3-4600-b46c-b388f8da2720:c-1]
2019-09-10 05:34:02,107 [Thread-2839] INFO  impl.FollowerState (FollowerState.java:run(106)) - 72a9c052-68b3-4600-b46c-b388f8da2720:group-CAC272819F5B changes to CANDIDATE, lastRpcTime:5068, electionTimeout:5068ms
2019-09-10 05:34:02,108 [Thread-2839] INFO  impl.RoleInfo (RoleInfo.java:shutdownFollowerState(121)) - 72a9c052-68b3-4600-b46c-b388f8da2720: shutdown FollowerState
2019-09-10 05:34:02,108 [Thread-2839] INFO  impl.RaftServerImpl (RaftServerImpl.java:setRole(174)) - 72a9c052-68b3-4600-b46c-b388f8da2720@group-CAC272819F5B: changes role from  FOLLOWER to CANDIDATE at term 0 for changeToCandidate
2019-09-10 05:34:02,108 [Thread-2839] INFO  impl.RoleInfo (RoleInfo.java:updateAndGet(143)) - 72a9c052-68b3-4600-b46c-b388f8da2720: start LeaderElection
2019-09-10 05:34:02,141 [72a9c052-68b3-4600-b46c-b388f8da2720@group-CAC272819F5B:LeaderElection55] INFO  impl.LeaderElection (LeaderElection.java:askForVotes(182)) - 72a9c052-68b3-4600-b46c-b388f8da2720@group-CAC272819F5B:LeaderElection55: begin an election at term 1 for -1: [72a9c052-68b3-4600-b46c-b388f8da2720:192.168.36.76:33685], old=null
2019-09-10 05:34:02,141 [72a9c052-68b3-4600-b46c-b388f8da2720@group-CAC272819F5B:LeaderElection55] INFO  impl.RoleInfo (RoleInfo.java:shutdownLeaderElection(134)) - 72a9c052-68b3-4600-b46c-b388f8da2720: shutdown LeaderElection
2019-09-10 05:34:02,141 [72a9c052-68b3-4600-b46c-b388f8da2720@group-CAC272819F5B:LeaderElection55] INFO  impl.RaftServerImpl (RaftServerImpl.java:setRole(174)) - 72a9c052-68b3-4600-b46c-b388f8da2720@group-CAC272819F5B: changes role from CANDIDATE to LEADER at term 1 for changeToLeader
2019-09-10 05:34:02,141 [72a9c052-68b3-4600-b46c-b388f8da2720@group-CAC272819F5B:LeaderElection55] INFO  impl.RaftServerImpl (ServerState.java:setLeader(253)) - 72a9c052-68b3-4600-b46c-b388f8da2720@group-CAC272819F5B: change Leader from null to 72a9c052-68b3-4600-b46c-b388f8da2720 at term 1 for becomeLeader, leader elected after 5111ms
2019-09-10 05:34:02,141 [72a9c052-68b3-4600-b46c-b388f8da2720@group-CAC272819F5B:LeaderElection55] INFO  server.RaftServerConfigKeys (ConfUtils.java:logGet(43)) - raft.server.staging.catchup.gap = 1000 (default)
2019-09-10 05:34:02,142 [72a9c052-68b3-4600-b46c-b388f8da2720@group-CAC272819F5B:LeaderElection55] INFO  server.RaftServerConfigKeys (ConfUtils.java:logGet(43)) - raft.server.rpc.sleep.time = 25ms (default)
2019-09-10 05:34:02,142 [72a9c052-68b3-4600-b46c-b388f8da2720@group-CAC272819F5B:LeaderElection55] INFO  server.RaftServerConfigKeys (ConfUtils.java:logGet(43)) - raft.server.write.element-limit = 4096 (default)
2019-09-10 05:34:02,142 [72a9c052-68b3-4600-b46c-b388f8da2720@group-CAC272819F5B:LeaderElection55] INFO  server.RaftServerConfigKeys (ConfUtils.java:logGet(43)) - raft.server.watch.timeout = 10s (default)
2019-09-10 05:34:02,142 [72a9c052-68b3-4600-b46c-b388f8da2720@group-CAC272819F5B:LeaderElection55] INFO  server.RaftServerConfigKeys (ConfUtils.java:logGet(43)) - raft.server.watch.timeout.denomination = 1s (default)
2019-09-10 05:34:02,142 [72a9c052-68b3-4600-b46c-b388f8da2720@group-CAC272819F5B:LeaderElection55] INFO  server.RaftServerConfigKeys (ConfUtils.java:logGet(43)) - raft.server.watch.element-limit = 65536 (default)
2019-09-10 05:34:02,146 [72a9c052-68b3-4600-b46c-b388f8da2720@group-CAC272819F5B:LeaderElection55] INFO  impl.RoleInfo (RoleInfo.java:updateAndGet(143)) - 72a9c052-68b3-4600-b46c-b388f8da2720: start LeaderState
2019-09-10 05:34:02,147 [72a9c052-68b3-4600-b46c-b388f8da2720@group-CAC272819F5B:LeaderElection55] INFO  segmented.SegmentedRaftLogWorker (SegmentedRaftLogWorker.java:startLogSegment(380)) - 72a9c052-68b3-4600-b46c-b388f8da2720@group-CAC272819F5B-SegmentedRaftLogWorker: Starting segment from index:0
2019-09-10 05:34:02,147 [72a9c052-68b3-4600-b46c-b388f8da2720@group-CAC272819F5B:LeaderElection55] INFO  impl.RaftServerImpl (ServerState.java:setRaftConf(354)) - 72a9c052-68b3-4600-b46c-b388f8da2720@group-CAC272819F5B: set configuration 0: [72a9c052-68b3-4600-b46c-b388f8da2720:192.168.36.76:33685], old=null at 0
2019-09-10 05:34:02,211 [72a9c052-68b3-4600-b46c-b388f8da2720@group-CAC272819F5B-SegmentedRaftLogWorker] INFO  segmented.SegmentedRaftLogWorker (SegmentedRaftLogWorker.java:execute(569)) - 72a9c052-68b3-4600-b46c-b388f8da2720@group-CAC272819F5B-SegmentedRaftLogWorker: created new log segment /workdir/hadoop-ozone/integration-test/target/test-dir/MiniOzoneClusterImpl-9d9b5fd6-f7d9-4221-8942-13da4fae1afe/datanode-0/data/ratis/0ba96587-6c53-42b3-867d-cac272819f5b/current/log_inprogress_0
2019-09-10 05:34:02,241 [Thread-2842] INFO  impl.FollowerState (FollowerState.java:run(106)) - 6fcfc11e-cb6d-4a85-a341-4f2bb55708c6:group-55DA90E8FF2D changes to CANDIDATE, lastRpcTime:5098, electionTimeout:5098ms
2019-09-10 05:34:02,242 [Thread-2842] INFO  impl.RoleInfo (RoleInfo.java:shutdownFollowerState(121)) - 6fcfc11e-cb6d-4a85-a341-4f2bb55708c6: shutdown FollowerState
2019-09-10 05:34:02,242 [Thread-2842] INFO  impl.RaftServerImpl (RaftServerImpl.java:setRole(174)) - 6fcfc11e-cb6d-4a85-a341-4f2bb55708c6@group-55DA90E8FF2D: changes role from  FOLLOWER to CANDIDATE at term 0 for changeToCandidate
2019-09-10 05:34:02,242 [Thread-2842] INFO  impl.RoleInfo (RoleInfo.java:updateAndGet(143)) - 6fcfc11e-cb6d-4a85-a341-4f2bb55708c6: start LeaderElection
2019-09-10 05:34:02,270 [6fcfc11e-cb6d-4a85-a341-4f2bb55708c6@group-55DA90E8FF2D:LeaderElection56] INFO  impl.LeaderElection (LeaderElection.java:askForVotes(182)) - 6fcfc11e-cb6d-4a85-a341-4f2bb55708c6@group-55DA90E8FF2D:LeaderElection56: begin an election at term 1 for -1: [6fcfc11e-cb6d-4a85-a341-4f2bb55708c6:192.168.36.76:45794], old=null
2019-09-10 05:34:02,270 [6fcfc11e-cb6d-4a85-a341-4f2bb55708c6@group-55DA90E8FF2D:LeaderElection56] INFO  impl.RoleInfo (RoleInfo.java:shutdownLeaderElection(134)) - 6fcfc11e-cb6d-4a85-a341-4f2bb55708c6: shutdown LeaderElection
2019-09-10 05:34:02,270 [6fcfc11e-cb6d-4a85-a341-4f2bb55708c6@group-55DA90E8FF2D:LeaderElection56] INFO  impl.RaftServerImpl (RaftServerImpl.java:setRole(174)) - 6fcfc11e-cb6d-4a85-a341-4f2bb55708c6@group-55DA90E8FF2D: changes role from CANDIDATE to LEADER at term 1 for changeToLeader
2019-09-10 05:34:02,270 [6fcfc11e-cb6d-4a85-a341-4f2bb55708c6@group-55DA90E8FF2D:LeaderElection56] INFO  impl.RaftServerImpl (ServerState.java:setLeader(253)) - 6fcfc11e-cb6d-4a85-a341-4f2bb55708c6@group-55DA90E8FF2D: change Leader from null to 6fcfc11e-cb6d-4a85-a341-4f2bb55708c6 at term 1 for becomeLeader, leader elected after 5135ms
2019-09-10 05:34:02,271 [6fcfc11e-cb6d-4a85-a341-4f2bb55708c6@group-55DA90E8FF2D:LeaderElection56] INFO  server.RaftServerConfigKeys (ConfUtils.java:logGet(43)) - raft.server.staging.catchup.gap = 1000 (default)
2019-09-10 05:34:02,271 [6fcfc11e-cb6d-4a85-a341-4f2bb55708c6@group-55DA90E8FF2D:LeaderElection56] INFO  server.RaftServerConfigKeys (ConfUtils.java:logGet(43)) - raft.server.rpc.sleep.time = 25ms (default)
2019-09-10 05:34:02,271 [6fcfc11e-cb6d-4a85-a341-4f2bb55708c6@group-55DA90E8FF2D:LeaderElection56] INFO  server.RaftServerConfigKeys (ConfUtils.java:logGet(43)) - raft.server.write.element-limit = 4096 (default)
2019-09-10 05:34:02,271 [6fcfc11e-cb6d-4a85-a341-4f2bb55708c6@group-55DA90E8FF2D:LeaderElection56] INFO  server.RaftServerConfigKeys (ConfUtils.java:logGet(43)) - raft.server.watch.timeout = 10s (default)
2019-09-10 05:34:02,271 [6fcfc11e-cb6d-4a85-a341-4f2bb55708c6@group-55DA90E8FF2D:LeaderElection56] INFO  server.RaftServerConfigKeys (ConfUtils.java:logGet(43)) - raft.server.watch.timeout.denomination = 1s (default)
2019-09-10 05:34:02,271 [6fcfc11e-cb6d-4a85-a341-4f2bb55708c6@group-55DA90E8FF2D:LeaderElection56] INFO  server.RaftServerConfigKeys (ConfUtils.java:logGet(43)) - raft.server.watch.element-limit = 65536 (default)
2019-09-10 05:34:02,277 [6fcfc11e-cb6d-4a85-a341-4f2bb55708c6@group-55DA90E8FF2D:LeaderElection56] INFO  impl.RoleInfo (RoleInfo.java:updateAndGet(143)) - 6fcfc11e-cb6d-4a85-a341-4f2bb55708c6: start LeaderState
2019-09-10 05:34:02,277 [6fcfc11e-cb6d-4a85-a341-4f2bb55708c6@group-55DA90E8FF2D:LeaderElection56] INFO  segmented.SegmentedRaftLogWorker (SegmentedRaftLogWorker.java:startLogSegment(380)) - 6fcfc11e-cb6d-4a85-a341-4f2bb55708c6@group-55DA90E8FF2D-SegmentedRaftLogWorker: Starting segment from index:0
2019-09-10 05:34:02,282 [6fcfc11e-cb6d-4a85-a341-4f2bb55708c6@group-55DA90E8FF2D:LeaderElection56] INFO  impl.RaftServerImpl (ServerState.java:setRaftConf(354)) - 6fcfc11e-cb6d-4a85-a341-4f2bb55708c6@group-55DA90E8FF2D: set configuration 0: [6fcfc11e-cb6d-4a85-a341-4f2bb55708c6:192.168.36.76:45794], old=null at 0
2019-09-10 05:34:02,324 [6fcfc11e-cb6d-4a85-a341-4f2bb55708c6@group-55DA90E8FF2D-SegmentedRaftLogWorker] INFO  segmented.SegmentedRaftLogWorker (SegmentedRaftLogWorker.java:execute(569)) - 6fcfc11e-cb6d-4a85-a341-4f2bb55708c6@group-55DA90E8FF2D-SegmentedRaftLogWorker: created new log segment /workdir/hadoop-ozone/integration-test/target/test-dir/MiniOzoneClusterImpl-9d9b5fd6-f7d9-4221-8942-13da4fae1afe/datanode-1/data/ratis/7d51b35a-5e18-4795-9b7e-55da90e8ff2d/current/log_inprogress_0
2019-09-10 05:34:02,398 [Thread-2848] INFO  impl.FollowerState (FollowerState.java:run(106)) - 840dca29-f8a9-4c87-ab36-c2df3e8ce0ae:group-E4A2FD0C36BA changes to CANDIDATE, lastRpcTime:5057, electionTimeout:5057ms
2019-09-10 05:34:02,399 [Thread-2848] INFO  impl.RoleInfo (RoleInfo.java:shutdownFollowerState(121)) - 840dca29-f8a9-4c87-ab36-c2df3e8ce0ae: shutdown FollowerState
2019-09-10 05:34:02,399 [Thread-2848] INFO  impl.RaftServerImpl (RaftServerImpl.java:setRole(174)) - 840dca29-f8a9-4c87-ab36-c2df3e8ce0ae@group-E4A2FD0C36BA: changes role from  FOLLOWER to CANDIDATE at term 0 for changeToCandidate
2019-09-10 05:34:02,399 [Thread-2848] INFO  impl.RoleInfo (RoleInfo.java:updateAndGet(143)) - 840dca29-f8a9-4c87-ab36-c2df3e8ce0ae: start LeaderElection
2019-09-10 05:34:02,418 [840dca29-f8a9-4c87-ab36-c2df3e8ce0ae@group-E4A2FD0C36BA:LeaderElection57] INFO  impl.LeaderElection (LeaderElection.java:askForVotes(182)) - 840dca29-f8a9-4c87-ab36-c2df3e8ce0ae@group-E4A2FD0C36BA:LeaderElection57: begin an election at term 1 for -1: [840dca29-f8a9-4c87-ab36-c2df3e8ce0ae:192.168.36.76:33734], old=null
2019-09-10 05:34:02,418 [840dca29-f8a9-4c87-ab36-c2df3e8ce0ae@group-E4A2FD0C36BA:LeaderElection57] INFO  impl.RoleInfo (RoleInfo.java:shutdownLeaderElection(134)) - 840dca29-f8a9-4c87-ab36-c2df3e8ce0ae: shutdown LeaderElection
2019-09-10 05:34:02,418 [840dca29-f8a9-4c87-ab36-c2df3e8ce0ae@group-E4A2FD0C36BA:LeaderElection57] INFO  impl.RaftServerImpl (RaftServerImpl.java:setRole(174)) - 840dca29-f8a9-4c87-ab36-c2df3e8ce0ae@group-E4A2FD0C36BA: changes role from CANDIDATE to LEADER at term 1 for changeToLeader
2019-09-10 05:34:02,418 [840dca29-f8a9-4c87-ab36-c2df3e8ce0ae@group-E4A2FD0C36BA:LeaderElection57] INFO  impl.RaftServerImpl (ServerState.java:setLeader(253)) - 840dca29-f8a9-4c87-ab36-c2df3e8ce0ae@group-E4A2FD0C36BA: change Leader from null to 840dca29-f8a9-4c87-ab36-c2df3e8ce0ae at term 1 for becomeLeader, leader elected after 5082ms
2019-09-10 05:34:02,418 [840dca29-f8a9-4c87-ab36-c2df3e8ce0ae@group-E4A2FD0C36BA:LeaderElection57] INFO  server.RaftServerConfigKeys (ConfUtils.java:logGet(43)) - raft.server.staging.catchup.gap = 1000 (default)
2019-09-10 05:34:02,418 [840dca29-f8a9-4c87-ab36-c2df3e8ce0ae@group-E4A2FD0C36BA:LeaderElection57] INFO  server.RaftServerConfigKeys (ConfUtils.java:logGet(43)) - raft.server.rpc.sleep.time = 25ms (default)
2019-09-10 05:34:02,418 [840dca29-f8a9-4c87-ab36-c2df3e8ce0ae@group-E4A2FD0C36BA:LeaderElection57] INFO  server.RaftServerConfigKeys (ConfUtils.java:logGet(43)) - raft.server.write.element-limit = 4096 (default)
2019-09-10 05:34:02,419 [840dca29-f8a9-4c87-ab36-c2df3e8ce0ae@group-E4A2FD0C36BA:LeaderElection57] INFO  server.RaftServerConfigKeys (ConfUtils.java:logGet(43)) - raft.server.watch.timeout = 10s (default)
2019-09-10 05:34:02,419 [840dca29-f8a9-4c87-ab36-c2df3e8ce0ae@group-E4A2FD0C36BA:LeaderElection57] INFO  server.RaftServerConfigKeys (ConfUtils.java:logGet(43)) - raft.server.watch.timeout.denomination = 1s (default)
2019-09-10 05:34:02,419 [840dca29-f8a9-4c87-ab36-c2df3e8ce0ae@group-E4A2FD0C36BA:LeaderElection57] INFO  server.RaftServerConfigKeys (ConfUtils.java:logGet(43)) - raft.server.watch.element-limit = 65536 (default)
2019-09-10 05:34:02,420 [840dca29-f8a9-4c87-ab36-c2df3e8ce0ae@group-E4A2FD0C36BA:LeaderElection57] INFO  impl.RoleInfo (RoleInfo.java:updateAndGet(143)) - 840dca29-f8a9-4c87-ab36-c2df3e8ce0ae: start LeaderState
2019-09-10 05:34:02,420 [840dca29-f8a9-4c87-ab36-c2df3e8ce0ae@group-E4A2FD0C36BA:LeaderElection57] INFO  segmented.SegmentedRaftLogWorker (SegmentedRaftLogWorker.java:startLogSegment(380)) - 840dca29-f8a9-4c87-ab36-c2df3e8ce0ae@group-E4A2FD0C36BA-SegmentedRaftLogWorker: Starting segment from index:0
2019-09-10 05:34:02,421 [840dca29-f8a9-4c87-ab36-c2df3e8ce0ae@group-E4A2FD0C36BA:LeaderElection57] INFO  impl.RaftServerImpl (ServerState.java:setRaftConf(354)) - 840dca29-f8a9-4c87-ab36-c2df3e8ce0ae@group-E4A2FD0C36BA: set configuration 0: [840dca29-f8a9-4c87-ab36-c2df3e8ce0ae:192.168.36.76:33734], old=null at 0
2019-09-10 05:34:02,448 [Thread-2845] INFO  impl.FollowerState (FollowerState.java:run(106)) - 87196072-496c-46fd-91f4-efa396687fa3:group-F009C71D858A changes to CANDIDATE, lastRpcTime:5201, electionTimeout:5198ms
2019-09-10 05:34:02,448 [Thread-2845] INFO  impl.RoleInfo (RoleInfo.java:shutdownFollowerState(121)) - 87196072-496c-46fd-91f4-efa396687fa3: shutdown FollowerState
2019-09-10 05:34:02,448 [Thread-2845] INFO  impl.RaftServerImpl (RaftServerImpl.java:setRole(174)) - 87196072-496c-46fd-91f4-efa396687fa3@group-F009C71D858A: changes role from  FOLLOWER to CANDIDATE at term 0 for changeToCandidate
2019-09-10 05:34:02,448 [Thread-2845] INFO  impl.RoleInfo (RoleInfo.java:updateAndGet(143)) - 87196072-496c-46fd-91f4-efa396687fa3: start LeaderElection
2019-09-10 05:34:02,460 [grpc-default-executor-9] INFO  client.GrpcClientProtocolClient (GrpcClientProtocolClient.java:onNext(264)) - client-7E8EFB653B64->87196072-496c-46fd-91f4-efa396687fa3: receive RaftClientReply:client-7E8EFB653B64->87196072-496c-46fd-91f4-efa396687fa3@group-BDA6565D0529, cid=163, FAILED org.apache.ratis.protocol.NotLeaderException: Server 87196072-496c-46fd-91f4-efa396687fa3@group-BDA6565D0529 is not the leader, logIndex=0, commits[87196072-496c-46fd-91f4-efa396687fa3:c-1]
2019-09-10 05:34:02,480 [840dca29-f8a9-4c87-ab36-c2df3e8ce0ae@group-E4A2FD0C36BA-SegmentedRaftLogWorker] INFO  segmented.SegmentedRaftLogWorker (SegmentedRaftLogWorker.java:execute(569)) - 840dca29-f8a9-4c87-ab36-c2df3e8ce0ae@group-E4A2FD0C36BA-SegmentedRaftLogWorker: created new log segment /workdir/hadoop-ozone/integration-test/target/test-dir/MiniOzoneClusterImpl-9d9b5fd6-f7d9-4221-8942-13da4fae1afe/datanode-4/data/ratis/60d802d0-730c-4e1e-8652-e4a2fd0c36ba/current/log_inprogress_0
2019-09-10 05:34:02,480 [87196072-496c-46fd-91f4-efa396687fa3@group-F009C71D858A:LeaderElection58] INFO  impl.LeaderElection (LeaderElection.java:askForVotes(182)) - 87196072-496c-46fd-91f4-efa396687fa3@group-F009C71D858A:LeaderElection58: begin an election at term 1 for -1: [87196072-496c-46fd-91f4-efa396687fa3:192.168.36.76:35461], old=null
2019-09-10 05:34:02,480 [87196072-496c-46fd-91f4-efa396687fa3@group-F009C71D858A:LeaderElection58] INFO  impl.RoleInfo (RoleInfo.java:shutdownLeaderElection(134)) - 87196072-496c-46fd-91f4-efa396687fa3: shutdown LeaderElection
2019-09-10 05:34:02,480 [87196072-496c-46fd-91f4-efa396687fa3@group-F009C71D858A:LeaderElection58] INFO  impl.RaftServerImpl (RaftServerImpl.java:setRole(174)) - 87196072-496c-46fd-91f4-efa396687fa3@group-F009C71D858A: changes role from CANDIDATE to LEADER at term 1 for changeToLeader
2019-09-10 05:34:02,480 [87196072-496c-46fd-91f4-efa396687fa3@group-F009C71D858A:LeaderElection58] INFO  impl.RaftServerImpl (ServerState.java:setLeader(253)) - 87196072-496c-46fd-91f4-efa396687fa3@group-F009C71D858A: change Leader from null to 87196072-496c-46fd-91f4-efa396687fa3 at term 1 for becomeLeader, leader elected after 5247ms
2019-09-10 05:34:02,481 [87196072-496c-46fd-91f4-efa396687fa3@group-F009C71D858A:LeaderElection58] INFO  server.RaftServerConfigKeys (ConfUtils.java:logGet(43)) - raft.server.staging.catchup.gap = 1000 (default)
2019-09-10 05:34:02,481 [87196072-496c-46fd-91f4-efa396687fa3@group-F009C71D858A:LeaderElection58] INFO  server.RaftServerConfigKeys (ConfUtils.java:logGet(43)) - raft.server.rpc.sleep.time = 25ms (default)
2019-09-10 05:34:02,481 [87196072-496c-46fd-91f4-efa396687fa3@group-F009C71D858A:LeaderElection58] INFO  server.RaftServerConfigKeys (ConfUtils.java:logGet(43)) - raft.server.write.element-limit = 4096 (default)
2019-09-10 05:34:02,481 [87196072-496c-46fd-91f4-efa396687fa3@group-F009C71D858A:LeaderElection58] INFO  server.RaftServerConfigKeys (ConfUtils.java:logGet(43)) - raft.server.watch.timeout = 10s (default)
2019-09-10 05:34:02,481 [87196072-496c-46fd-91f4-efa396687fa3@group-F009C71D858A:LeaderElection58] INFO  server.RaftServerConfigKeys (ConfUtils.java:logGet(43)) - raft.server.watch.timeout.denomination = 1s (default)
2019-09-10 05:34:02,481 [87196072-496c-46fd-91f4-efa396687fa3@group-F009C71D858A:LeaderElection58] INFO  server.RaftServerConfigKeys (ConfUtils.java:logGet(43)) - raft.server.watch.element-limit = 65536 (default)
2019-09-10 05:34:02,483 [87196072-496c-46fd-91f4-efa396687fa3@group-F009C71D858A:LeaderElection58] INFO  impl.RoleInfo (RoleInfo.java:updateAndGet(143)) - 87196072-496c-46fd-91f4-efa396687fa3: start LeaderState
2019-09-10 05:34:02,483 [87196072-496c-46fd-91f4-efa396687fa3@group-F009C71D858A:LeaderElection58] INFO  segmented.SegmentedRaftLogWorker (SegmentedRaftLogWorker.java:startLogSegment(380)) - 87196072-496c-46fd-91f4-efa396687fa3@group-F009C71D858A-SegmentedRaftLogWorker: Starting segment from index:0
2019-09-10 05:34:02,483 [87196072-496c-46fd-91f4-efa396687fa3@group-F009C71D858A:LeaderElection58] INFO  impl.RaftServerImpl (ServerState.java:setRaftConf(354)) - 87196072-496c-46fd-91f4-efa396687fa3@group-F009C71D858A: set configuration 0: [87196072-496c-46fd-91f4-efa396687fa3:192.168.36.76:35461], old=null at 0
2019-09-10 05:34:02,524 [87196072-496c-46fd-91f4-efa396687fa3@group-F009C71D858A-SegmentedRaftLogWorker] INFO  segmented.SegmentedRaftLogWorker (SegmentedRaftLogWorker.java:execute(569)) - 87196072-496c-46fd-91f4-efa396687fa3@group-F009C71D858A-SegmentedRaftLogWorker: created new log segment /workdir/hadoop-ozone/integration-test/target/test-dir/MiniOzoneClusterImpl-9d9b5fd6-f7d9-4221-8942-13da4fae1afe/datanode-3/data/ratis/9fa49df1-047f-4e89-bd91-f009c71d858a/current/log_inprogress_0
2019-09-10 05:34:02,542 [Thread-2851] INFO  impl.FollowerState (FollowerState.java:run(106)) - 2450cf49-9e1c-4def-9796-350dd1d43595:group-0B78F1CD2AD3 changes to CANDIDATE, lastRpcTime:5097, electionTimeout:5097ms
2019-09-10 05:34:02,542 [Thread-2851] INFO  impl.RoleInfo (RoleInfo.java:shutdownFollowerState(121)) - 2450cf49-9e1c-4def-9796-350dd1d43595: shutdown FollowerState
2019-09-10 05:34:02,543 [Thread-2851] INFO  impl.RaftServerImpl (RaftServerImpl.java:setRole(174)) - 2450cf49-9e1c-4def-9796-350dd1d43595@group-0B78F1CD2AD3: changes role from  FOLLOWER to CANDIDATE at term 0 for changeToCandidate
2019-09-10 05:34:02,543 [Thread-2851] INFO  impl.RoleInfo (RoleInfo.java:updateAndGet(143)) - 2450cf49-9e1c-4def-9796-350dd1d43595: start LeaderElection
2019-09-10 05:34:02,577 [2450cf49-9e1c-4def-9796-350dd1d43595@group-0B78F1CD2AD3:LeaderElection59] INFO  impl.LeaderElection (LeaderElection.java:askForVotes(182)) - 2450cf49-9e1c-4def-9796-350dd1d43595@group-0B78F1CD2AD3:LeaderElection59: begin an election at term 1 for -1: [2450cf49-9e1c-4def-9796-350dd1d43595:192.168.36.76:44236], old=null
2019-09-10 05:34:02,577 [2450cf49-9e1c-4def-9796-350dd1d43595@group-0B78F1CD2AD3:LeaderElection59] INFO  impl.RoleInfo (RoleInfo.java:shutdownLeaderElection(134)) - 2450cf49-9e1c-4def-9796-350dd1d43595: shutdown LeaderElection
2019-09-10 05:34:02,577 [2450cf49-9e1c-4def-9796-350dd1d43595@group-0B78F1CD2AD3:LeaderElection59] INFO  impl.RaftServerImpl (RaftServerImpl.java:setRole(174)) - 2450cf49-9e1c-4def-9796-350dd1d43595@group-0B78F1CD2AD3: changes role from CANDIDATE to LEADER at term 1 for changeToLeader
2019-09-10 05:34:02,578 [2450cf49-9e1c-4def-9796-350dd1d43595@group-0B78F1CD2AD3:LeaderElection59] INFO  impl.RaftServerImpl (ServerState.java:setLeader(253)) - 2450cf49-9e1c-4def-9796-350dd1d43595@group-0B78F1CD2AD3: change Leader from null to 2450cf49-9e1c-4def-9796-350dd1d43595 at term 1 for becomeLeader, leader elected after 5139ms
2019-09-10 05:34:02,578 [2450cf49-9e1c-4def-9796-350dd1d43595@group-0B78F1CD2AD3:LeaderElection59] INFO  server.RaftServerConfigKeys (ConfUtils.java:logGet(43)) - raft.server.staging.catchup.gap = 1000 (default)
2019-09-10 05:34:02,578 [2450cf49-9e1c-4def-9796-350dd1d43595@group-0B78F1CD2AD3:LeaderElection59] INFO  server.RaftServerConfigKeys (ConfUtils.java:logGet(43)) - raft.server.rpc.sleep.time = 25ms (default)
2019-09-10 05:34:02,578 [2450cf49-9e1c-4def-9796-350dd1d43595@group-0B78F1CD2AD3:LeaderElection59] INFO  server.RaftServerConfigKeys (ConfUtils.java:logGet(43)) - raft.server.write.element-limit = 4096 (default)
2019-09-10 05:34:02,578 [2450cf49-9e1c-4def-9796-350dd1d43595@group-0B78F1CD2AD3:LeaderElection59] INFO  server.RaftServerConfigKeys (ConfUtils.java:logGet(43)) - raft.server.watch.timeout = 10s (default)
2019-09-10 05:34:02,578 [2450cf49-9e1c-4def-9796-350dd1d43595@group-0B78F1CD2AD3:LeaderElection59] INFO  server.RaftServerConfigKeys (ConfUtils.java:logGet(43)) - raft.server.watch.timeout.denomination = 1s (default)
2019-09-10 05:34:02,578 [2450cf49-9e1c-4def-9796-350dd1d43595@group-0B78F1CD2AD3:LeaderElection59] INFO  server.RaftServerConfigKeys (ConfUtils.java:logGet(43)) - raft.server.watch.element-limit = 65536 (default)
2019-09-10 05:34:02,580 [2450cf49-9e1c-4def-9796-350dd1d43595@group-0B78F1CD2AD3:LeaderElection59] INFO  impl.RoleInfo (RoleInfo.java:updateAndGet(143)) - 2450cf49-9e1c-4def-9796-350dd1d43595: start LeaderState
2019-09-10 05:34:02,580 [2450cf49-9e1c-4def-9796-350dd1d43595@group-0B78F1CD2AD3:LeaderElection59] INFO  segmented.SegmentedRaftLogWorker (SegmentedRaftLogWorker.java:startLogSegment(380)) - 2450cf49-9e1c-4def-9796-350dd1d43595@group-0B78F1CD2AD3-SegmentedRaftLogWorker: Starting segment from index:0
2019-09-10 05:34:02,580 [2450cf49-9e1c-4def-9796-350dd1d43595@group-0B78F1CD2AD3:LeaderElection59] INFO  impl.RaftServerImpl (ServerState.java:setRaftConf(354)) - 2450cf49-9e1c-4def-9796-350dd1d43595@group-0B78F1CD2AD3: set configuration 0: [2450cf49-9e1c-4def-9796-350dd1d43595:192.168.36.76:44236], old=null at 0
2019-09-10 05:34:02,629 [2450cf49-9e1c-4def-9796-350dd1d43595@group-0B78F1CD2AD3-SegmentedRaftLogWorker] INFO  segmented.SegmentedRaftLogWorker (SegmentedRaftLogWorker.java:execute(569)) - 2450cf49-9e1c-4def-9796-350dd1d43595@group-0B78F1CD2AD3-SegmentedRaftLogWorker: created new log segment /workdir/hadoop-ozone/integration-test/target/test-dir/MiniOzoneClusterImpl-9d9b5fd6-f7d9-4221-8942-13da4fae1afe/datanode-6/data/ratis/e263eddf-0cb9-4843-ae53-0b78f1cd2ad3/current/log_inprogress_0
2019-09-10 05:34:02,634 [Thread-2857] INFO  impl.FollowerState (FollowerState.java:run(106)) - faea321c-1a3a-4fc8-801d-bcd23c01e8f4:group-79E627E3C1F9 changes to CANDIDATE, lastRpcTime:5074, electionTimeout:5074ms
2019-09-10 05:34:02,635 [Thread-2857] INFO  impl.RoleInfo (RoleInfo.java:shutdownFollowerState(121)) - faea321c-1a3a-4fc8-801d-bcd23c01e8f4: shutdown FollowerState
2019-09-10 05:34:02,635 [Thread-2857] INFO  impl.RaftServerImpl (RaftServerImpl.java:setRole(174)) - faea321c-1a3a-4fc8-801d-bcd23c01e8f4@group-79E627E3C1F9: changes role from  FOLLOWER to CANDIDATE at term 0 for changeToCandidate
2019-09-10 05:34:02,635 [Thread-2857] INFO  impl.RoleInfo (RoleInfo.java:updateAndGet(143)) - faea321c-1a3a-4fc8-801d-bcd23c01e8f4: start LeaderElection
2019-09-10 05:34:02,649 [Thread-2860] INFO  impl.FollowerState (FollowerState.java:run(106)) - 6fcfc11e-cb6d-4a85-a341-4f2bb55708c6:group-432D1F24A09D changes to CANDIDATE, lastRpcTime:5026, electionTimeout:5026ms
2019-09-10 05:34:02,649 [Thread-2860] INFO  impl.RoleInfo (RoleInfo.java:shutdownFollowerState(121)) - 6fcfc11e-cb6d-4a85-a341-4f2bb55708c6: shutdown FollowerState
2019-09-10 05:34:02,649 [Thread-2860] INFO  impl.RaftServerImpl (RaftServerImpl.java:setRole(174)) - 6fcfc11e-cb6d-4a85-a341-4f2bb55708c6@group-432D1F24A09D: changes role from  FOLLOWER to CANDIDATE at term 0 for changeToCandidate
2019-09-10 05:34:02,649 [Thread-2860] INFO  impl.RoleInfo (RoleInfo.java:updateAndGet(143)) - 6fcfc11e-cb6d-4a85-a341-4f2bb55708c6: start LeaderElection
2019-09-10 05:34:02,656 [Thread-2854] INFO  impl.FollowerState (FollowerState.java:run(106)) - 3264e783-a886-4a98-ba84-26339acf7926:group-65C76AE27D3C changes to CANDIDATE, lastRpcTime:5161, electionTimeout:5161ms
2019-09-10 05:34:02,656 [Thread-2854] INFO  impl.RoleInfo (RoleInfo.java:shutdownFollowerState(121)) - 3264e783-a886-4a98-ba84-26339acf7926: shutdown FollowerState
2019-09-10 05:34:02,657 [Thread-2854] INFO  impl.RaftServerImpl (RaftServerImpl.java:setRole(174)) - 3264e783-a886-4a98-ba84-26339acf7926@group-65C76AE27D3C: changes role from  FOLLOWER to CANDIDATE at term 0 for changeToCandidate
2019-09-10 05:34:02,657 [Thread-2854] INFO  impl.RoleInfo (RoleInfo.java:updateAndGet(143)) - 3264e783-a886-4a98-ba84-26339acf7926: start LeaderElection
2019-09-10 05:34:02,678 [faea321c-1a3a-4fc8-801d-bcd23c01e8f4@group-79E627E3C1F9:LeaderElection60] INFO  impl.LeaderElection (LeaderElection.java:askForVotes(182)) - faea321c-1a3a-4fc8-801d-bcd23c01e8f4@group-79E627E3C1F9:LeaderElection60: begin an election at term 1 for -1: [faea321c-1a3a-4fc8-801d-bcd23c01e8f4:192.168.36.76:33150], old=null
2019-09-10 05:34:02,678 [6fcfc11e-cb6d-4a85-a341-4f2bb55708c6@group-432D1F24A09D:LeaderElection61] INFO  impl.LeaderElection (LeaderElection.java:askForVotes(182)) - 6fcfc11e-cb6d-4a85-a341-4f2bb55708c6@group-432D1F24A09D:LeaderElection61: begin an election at term 1 for -1: [6fcfc11e-cb6d-4a85-a341-4f2bb55708c6:192.168.36.76:45794, 2450cf49-9e1c-4def-9796-350dd1d43595:192.168.36.76:44236, 840dca29-f8a9-4c87-ab36-c2df3e8ce0ae:192.168.36.76:33734], old=null
2019-09-10 05:34:02,678 [faea321c-1a3a-4fc8-801d-bcd23c01e8f4@group-79E627E3C1F9:LeaderElection60] INFO  impl.RoleInfo (RoleInfo.java:shutdownLeaderElection(134)) - faea321c-1a3a-4fc8-801d-bcd23c01e8f4: shutdown LeaderElection
2019-09-10 05:34:02,678 [3264e783-a886-4a98-ba84-26339acf7926@group-65C76AE27D3C:LeaderElection62] INFO  impl.LeaderElection (LeaderElection.java:askForVotes(182)) - 3264e783-a886-4a98-ba84-26339acf7926@group-65C76AE27D3C:LeaderElection62: begin an election at term 1 for -1: [3264e783-a886-4a98-ba84-26339acf7926:192.168.36.76:36054], old=null
2019-09-10 05:34:02,678 [faea321c-1a3a-4fc8-801d-bcd23c01e8f4@group-79E627E3C1F9:LeaderElection60] INFO  impl.RaftServerImpl (RaftServerImpl.java:setRole(174)) - faea321c-1a3a-4fc8-801d-bcd23c01e8f4@group-79E627E3C1F9: changes role from CANDIDATE to LEADER at term 1 for changeToLeader
2019-09-10 05:34:02,678 [3264e783-a886-4a98-ba84-26339acf7926@group-65C76AE27D3C:LeaderElection62] INFO  impl.RoleInfo (RoleInfo.java:shutdownLeaderElection(134)) - 3264e783-a886-4a98-ba84-26339acf7926: shutdown LeaderElection
2019-09-10 05:34:02,678 [faea321c-1a3a-4fc8-801d-bcd23c01e8f4@group-79E627E3C1F9:LeaderElection60] INFO  impl.RaftServerImpl (ServerState.java:setLeader(253)) - faea321c-1a3a-4fc8-801d-bcd23c01e8f4@group-79E627E3C1F9: change Leader from null to faea321c-1a3a-4fc8-801d-bcd23c01e8f4 at term 1 for becomeLeader, leader elected after 5126ms
2019-09-10 05:34:02,678 [3264e783-a886-4a98-ba84-26339acf7926@group-65C76AE27D3C:LeaderElection62] INFO  impl.RaftServerImpl (RaftServerImpl.java:setRole(174)) - 3264e783-a886-4a98-ba84-26339acf7926@group-65C76AE27D3C: changes role from CANDIDATE to LEADER at term 1 for changeToLeader
2019-09-10 05:34:02,679 [faea321c-1a3a-4fc8-801d-bcd23c01e8f4@group-79E627E3C1F9:LeaderElection60] INFO  server.RaftServerConfigKeys (ConfUtils.java:logGet(43)) - raft.server.staging.catchup.gap = 1000 (default)
2019-09-10 05:34:02,679 [3264e783-a886-4a98-ba84-26339acf7926@group-65C76AE27D3C:LeaderElection62] INFO  impl.RaftServerImpl (ServerState.java:setLeader(253)) - 3264e783-a886-4a98-ba84-26339acf7926@group-65C76AE27D3C: change Leader from null to 3264e783-a886-4a98-ba84-26339acf7926 at term 1 for becomeLeader, leader elected after 5188ms
2019-09-10 05:34:02,679 [faea321c-1a3a-4fc8-801d-bcd23c01e8f4@group-79E627E3C1F9:LeaderElection60] INFO  server.RaftServerConfigKeys (ConfUtils.java:logGet(43)) - raft.server.rpc.sleep.time = 25ms (default)
2019-09-10 05:34:02,679 [3264e783-a886-4a98-ba84-26339acf7926@group-65C76AE27D3C:LeaderElection62] INFO  server.RaftServerConfigKeys (ConfUtils.java:logGet(43)) - raft.server.staging.catchup.gap = 1000 (default)
2019-09-10 05:34:02,679 [faea321c-1a3a-4fc8-801d-bcd23c01e8f4@group-79E627E3C1F9:LeaderElection60] INFO  server.RaftServerConfigKeys (ConfUtils.java:logGet(43)) - raft.server.write.element-limit = 4096 (default)
2019-09-10 05:34:02,679 [3264e783-a886-4a98-ba84-26339acf7926@group-65C76AE27D3C:LeaderElection62] INFO  server.RaftServerConfigKeys (ConfUtils.java:logGet(43)) - raft.server.rpc.sleep.time = 25ms (default)
2019-09-10 05:34:02,679 [faea321c-1a3a-4fc8-801d-bcd23c01e8f4@group-79E627E3C1F9:LeaderElection60] INFO  server.RaftServerConfigKeys (ConfUtils.java:logGet(43)) - raft.server.watch.timeout = 10s (default)
2019-09-10 05:34:02,680 [3264e783-a886-4a98-ba84-26339acf7926@group-65C76AE27D3C:LeaderElection62] INFO  server.RaftServerConfigKeys (ConfUtils.java:logGet(43)) - raft.server.write.element-limit = 4096 (default)
2019-09-10 05:34:02,680 [faea321c-1a3a-4fc8-801d-bcd23c01e8f4@group-79E627E3C1F9:LeaderElection60] INFO  server.RaftServerConfigKeys (ConfUtils.java:logGet(43)) - raft.server.watch.timeout.denomination = 1s (default)
2019-09-10 05:34:02,680 [3264e783-a886-4a98-ba84-26339acf7926@group-65C76AE27D3C:LeaderElection62] INFO  server.RaftServerConfigKeys (ConfUtils.java:logGet(43)) - raft.server.watch.timeout = 10s (default)
2019-09-10 05:34:02,680 [faea321c-1a3a-4fc8-801d-bcd23c01e8f4@group-79E627E3C1F9:LeaderElection60] INFO  server.RaftServerConfigKeys (ConfUtils.java:logGet(43)) - raft.server.watch.element-limit = 65536 (default)
2019-09-10 05:34:02,680 [3264e783-a886-4a98-ba84-26339acf7926@group-65C76AE27D3C:LeaderElection62] INFO  server.RaftServerConfigKeys (ConfUtils.java:logGet(43)) - raft.server.watch.timeout.denomination = 1s (default)
2019-09-10 05:34:02,680 [3264e783-a886-4a98-ba84-26339acf7926@group-65C76AE27D3C:LeaderElection62] INFO  server.RaftServerConfigKeys (ConfUtils.java:logGet(43)) - raft.server.watch.element-limit = 65536 (default)
2019-09-10 05:34:02,685 [grpc-default-executor-9] INFO  impl.RaftServerImpl (RaftServerImpl.java:setRole(174)) - 2450cf49-9e1c-4def-9796-350dd1d43595@group-432D1F24A09D: changes role from  FOLLOWER to FOLLOWER at term 1 for recognizeCandidate:6fcfc11e-cb6d-4a85-a341-4f2bb55708c6
2019-09-10 05:34:02,686 [grpc-default-executor-9] INFO  impl.RoleInfo (RoleInfo.java:shutdownFollowerState(121)) - 2450cf49-9e1c-4def-9796-350dd1d43595: shutdown FollowerState
2019-09-10 05:34:02,686 [grpc-default-executor-9] INFO  impl.RoleInfo (RoleInfo.java:updateAndGet(143)) - 2450cf49-9e1c-4def-9796-350dd1d43595: start FollowerState
2019-09-10 05:34:02,686 [Thread-2864] INFO  impl.FollowerState (FollowerState.java:run(115)) - 2450cf49-9e1c-4def-9796-350dd1d43595: FollowerState was interrupted: java.lang.InterruptedException: sleep interrupted
2019-09-10 05:34:02,689 [grpc-default-executor-10] INFO  impl.RaftServerImpl (RaftServerImpl.java:setRole(174)) - 840dca29-f8a9-4c87-ab36-c2df3e8ce0ae@group-432D1F24A09D: changes role from  FOLLOWER to FOLLOWER at term 1 for recognizeCandidate:6fcfc11e-cb6d-4a85-a341-4f2bb55708c6
2019-09-10 05:34:02,692 [grpc-default-executor-10] INFO  impl.RoleInfo (RoleInfo.java:shutdownFollowerState(121)) - 840dca29-f8a9-4c87-ab36-c2df3e8ce0ae: shutdown FollowerState
2019-09-10 05:34:02,692 [grpc-default-executor-10] INFO  impl.RoleInfo (RoleInfo.java:updateAndGet(143)) - 840dca29-f8a9-4c87-ab36-c2df3e8ce0ae: start FollowerState
2019-09-10 05:34:02,692 [Thread-2866] INFO  impl.FollowerState (FollowerState.java:run(115)) - 840dca29-f8a9-4c87-ab36-c2df3e8ce0ae: FollowerState was interrupted: java.lang.InterruptedException: sleep interrupted
2019-09-10 05:34:02,692 [faea321c-1a3a-4fc8-801d-bcd23c01e8f4@group-79E627E3C1F9:LeaderElection60] INFO  impl.RoleInfo (RoleInfo.java:updateAndGet(143)) - faea321c-1a3a-4fc8-801d-bcd23c01e8f4: start LeaderState
2019-09-10 05:34:02,692 [3264e783-a886-4a98-ba84-26339acf7926@group-65C76AE27D3C:LeaderElection62] INFO  impl.RoleInfo (RoleInfo.java:updateAndGet(143)) - 3264e783-a886-4a98-ba84-26339acf7926: start LeaderState
2019-09-10 05:34:02,695 [faea321c-1a3a-4fc8-801d-bcd23c01e8f4@group-79E627E3C1F9:LeaderElection60] INFO  segmented.SegmentedRaftLogWorker (SegmentedRaftLogWorker.java:startLogSegment(380)) - faea321c-1a3a-4fc8-801d-bcd23c01e8f4@group-79E627E3C1F9-SegmentedRaftLogWorker: Starting segment from index:0
2019-09-10 05:34:02,695 [3264e783-a886-4a98-ba84-26339acf7926@group-65C76AE27D3C:LeaderElection62] INFO  segmented.SegmentedRaftLogWorker (SegmentedRaftLogWorker.java:startLogSegment(380)) - 3264e783-a886-4a98-ba84-26339acf7926@group-65C76AE27D3C-SegmentedRaftLogWorker: Starting segment from index:0
2019-09-10 05:34:02,696 [faea321c-1a3a-4fc8-801d-bcd23c01e8f4@group-79E627E3C1F9:LeaderElection60] INFO  impl.RaftServerImpl (ServerState.java:setRaftConf(354)) - faea321c-1a3a-4fc8-801d-bcd23c01e8f4@group-79E627E3C1F9: set configuration 0: [faea321c-1a3a-4fc8-801d-bcd23c01e8f4:192.168.36.76:33150], old=null at 0
2019-09-10 05:34:02,733 [3264e783-a886-4a98-ba84-26339acf7926@group-65C76AE27D3C:LeaderElection62] INFO  impl.RaftServerImpl (ServerState.java:setRaftConf(354)) - 3264e783-a886-4a98-ba84-26339acf7926@group-65C76AE27D3C: set configuration 0: [3264e783-a886-4a98-ba84-26339acf7926:192.168.36.76:36054], old=null at 0
2019-09-10 05:34:02,766 [Thread-2871] INFO  impl.FollowerState (FollowerState.java:run(106)) - 87196072-496c-46fd-91f4-efa396687fa3:group-BDA6565D0529 changes to CANDIDATE, lastRpcTime:5053, electionTimeout:5045ms
2019-09-10 05:34:02,767 [faea321c-1a3a-4fc8-801d-bcd23c01e8f4@group-79E627E3C1F9-SegmentedRaftLogWorker] INFO  segmented.SegmentedRaftLogWorker (SegmentedRaftLogWorker.java:execute(569)) - faea321c-1a3a-4fc8-801d-bcd23c01e8f4@group-79E627E3C1F9-SegmentedRaftLogWorker: created new log segment /workdir/hadoop-ozone/integration-test/target/test-dir/MiniOzoneClusterImpl-9d9b5fd6-f7d9-4221-8942-13da4fae1afe/datanode-2/data/ratis/05b5b49c-bdb7-4704-b3d7-79e627e3c1f9/current/log_inprogress_0
2019-09-10 05:34:02,767 [Thread-2871] INFO  impl.RoleInfo (RoleInfo.java:shutdownFollowerState(121)) - 87196072-496c-46fd-91f4-efa396687fa3: shutdown FollowerState
2019-09-10 05:34:02,767 [Thread-2871] INFO  impl.RaftServerImpl (RaftServerImpl.java:setRole(174)) - 87196072-496c-46fd-91f4-efa396687fa3@group-BDA6565D0529: changes role from  FOLLOWER to CANDIDATE at term 0 for changeToCandidate
2019-09-10 05:34:02,779 [Thread-2873] INFO  impl.FollowerState (FollowerState.java:run(106)) - 3264e783-a886-4a98-ba84-26339acf7926:group-BDA6565D0529 changes to CANDIDATE, lastRpcTime:5065, electionTimeout:5060ms
2019-09-10 05:34:02,782 [Thread-2871] INFO  impl.RoleInfo (RoleInfo.java:updateAndGet(143)) - 87196072-496c-46fd-91f4-efa396687fa3: start LeaderElection
2019-09-10 05:34:02,779 [3264e783-a886-4a98-ba84-26339acf7926@group-65C76AE27D3C-SegmentedRaftLogWorker] INFO  segmented.SegmentedRaftLogWorker (SegmentedRaftLogWorker.java:execute(569)) - 3264e783-a886-4a98-ba84-26339acf7926@group-65C76AE27D3C-SegmentedRaftLogWorker: created new log segment /workdir/hadoop-ozone/integration-test/target/test-dir/MiniOzoneClusterImpl-9d9b5fd6-f7d9-4221-8942-13da4fae1afe/datanode-5/data/ratis/968ef75e-f07e-4f05-9da8-65c76ae27d3c/current/log_inprogress_0
2019-09-10 05:34:02,783 [6fcfc11e-cb6d-4a85-a341-4f2bb55708c6@group-432D1F24A09D:LeaderElection61] INFO  impl.LeaderElection (LeaderElection.java:logAndReturn(56)) - 6fcfc11e-cb6d-4a85-a341-4f2bb55708c6@group-432D1F24A09D:LeaderElection61: Election PASSED; received 1 response(s) [6fcfc11e-cb6d-4a85-a341-4f2bb55708c6<-2450cf49-9e1c-4def-9796-350dd1d43595#0:OK-t1] and 0 exception(s); 6fcfc11e-cb6d-4a85-a341-4f2bb55708c6@group-432D1F24A09D:t1, leader=null, voted=6fcfc11e-cb6d-4a85-a341-4f2bb55708c6, raftlog=6fcfc11e-cb6d-4a85-a341-4f2bb55708c6@group-432D1F24A09D-SegmentedRaftLog:OPENED:c-1,f-1,i0, conf=-1: [6fcfc11e-cb6d-4a85-a341-4f2bb55708c6:192.168.36.76:45794, 2450cf49-9e1c-4def-9796-350dd1d43595:192.168.36.76:44236, 840dca29-f8a9-4c87-ab36-c2df3e8ce0ae:192.168.36.76:33734], old=null
2019-09-10 05:34:02,783 [Thread-2873] INFO  impl.RoleInfo (RoleInfo.java:shutdownFollowerState(121)) - 3264e783-a886-4a98-ba84-26339acf7926: shutdown FollowerState
2019-09-10 05:34:02,788 [6fcfc11e-cb6d-4a85-a341-4f2bb55708c6@group-432D1F24A09D:LeaderElection61] INFO  impl.RoleInfo (RoleInfo.java:shutdownLeaderElection(134)) - 6fcfc11e-cb6d-4a85-a341-4f2bb55708c6: shutdown LeaderElection
2019-09-10 05:34:02,789 [Thread-2873] INFO  impl.RaftServerImpl (RaftServerImpl.java:setRole(174)) - 3264e783-a886-4a98-ba84-26339acf7926@group-BDA6565D0529: changes role from  FOLLOWER to CANDIDATE at term 0 for changeToCandidate
2019-09-10 05:34:02,791 [6fcfc11e-cb6d-4a85-a341-4f2bb55708c6@group-432D1F24A09D:LeaderElection61] INFO  impl.RaftServerImpl (RaftServerImpl.java:setRole(174)) - 6fcfc11e-cb6d-4a85-a341-4f2bb55708c6@group-432D1F24A09D: changes role from CANDIDATE to LEADER at term 1 for changeToLeader
2019-09-10 05:34:02,792 [Thread-2873] INFO  impl.RoleInfo (RoleInfo.java:updateAndGet(143)) - 3264e783-a886-4a98-ba84-26339acf7926: start LeaderElection
2019-09-10 05:34:02,792 [6fcfc11e-cb6d-4a85-a341-4f2bb55708c6@group-432D1F24A09D:LeaderElection61] INFO  impl.RaftServerImpl (ServerState.java:setLeader(253)) - 6fcfc11e-cb6d-4a85-a341-4f2bb55708c6@group-432D1F24A09D: change Leader from null to 6fcfc11e-cb6d-4a85-a341-4f2bb55708c6 at term 1 for becomeLeader, leader elected after 5175ms
2019-09-10 05:34:02,792 [6fcfc11e-cb6d-4a85-a341-4f2bb55708c6@group-432D1F24A09D:LeaderElection61] INFO  server.RaftServerConfigKeys (ConfUtils.java:logGet(43)) - raft.server.staging.catchup.gap = 1000 (default)
2019-09-10 05:34:02,797 [6fcfc11e-cb6d-4a85-a341-4f2bb55708c6@group-432D1F24A09D:LeaderElection61] INFO  server.RaftServerConfigKeys (ConfUtils.java:logGet(43)) - raft.server.rpc.sleep.time = 25ms (default)
2019-09-10 05:34:02,797 [6fcfc11e-cb6d-4a85-a341-4f2bb55708c6@group-432D1F24A09D:LeaderElection61] INFO  server.RaftServerConfigKeys (ConfUtils.java:logGet(43)) - raft.server.write.element-limit = 4096 (default)
2019-09-10 05:34:02,797 [6fcfc11e-cb6d-4a85-a341-4f2bb55708c6@group-432D1F24A09D:LeaderElection61] INFO  server.RaftServerConfigKeys (ConfUtils.java:logGet(43)) - raft.server.watch.timeout = 10s (default)
2019-09-10 05:34:02,798 [6fcfc11e-cb6d-4a85-a341-4f2bb55708c6@group-432D1F24A09D:LeaderElection61] INFO  server.RaftServerConfigKeys (ConfUtils.java:logGet(43)) - raft.server.watch.timeout.denomination = 1s (default)
2019-09-10 05:34:02,798 [6fcfc11e-cb6d-4a85-a341-4f2bb55708c6@group-432D1F24A09D:LeaderElection61] INFO  server.RaftServerConfigKeys (ConfUtils.java:logGet(43)) - raft.server.watch.element-limit = 65536 (default)
2019-09-10 05:34:02,800 [6fcfc11e-cb6d-4a85-a341-4f2bb55708c6@group-432D1F24A09D:LeaderElection61] INFO  server.RaftServerConfigKeys (ConfUtils.java:logGet(43)) - raft.server.log.appender.snapshot.chunk.size.max = 16MB (=16777216) (default)
2019-09-10 05:34:02,801 [6fcfc11e-cb6d-4a85-a341-4f2bb55708c6@group-432D1F24A09D:LeaderElection61] INFO  server.RaftServerConfigKeys (ConfUtils.java:logGet(43)) - raft.server.log.appender.buffer.byte-limit = 33554432 (custom)
2019-09-10 05:34:02,801 [6fcfc11e-cb6d-4a85-a341-4f2bb55708c6@group-432D1F24A09D:LeaderElection61] INFO  server.RaftServerConfigKeys (ConfUtils.java:logGet(43)) - raft.server.log.appender.buffer.element-limit = 1 (custom)
2019-09-10 05:34:02,801 [6fcfc11e-cb6d-4a85-a341-4f2bb55708c6@group-432D1F24A09D:LeaderElection61] INFO  grpc.GrpcConfigKeys$Server (ConfUtils.java:logGet(43)) - raft.grpc.server.leader.outstanding.appends.max = 128 (default)
2019-09-10 05:34:02,801 [6fcfc11e-cb6d-4a85-a341-4f2bb55708c6@group-432D1F24A09D:LeaderElection61] INFO  server.RaftServerConfigKeys (ConfUtils.java:logGet(43)) - raft.server.rpc.request.timeout = 3000ms (default)
2019-09-10 05:34:02,801 [6fcfc11e-cb6d-4a85-a341-4f2bb55708c6@group-432D1F24A09D:LeaderElection61] INFO  server.RaftServerConfigKeys (ConfUtils.java:logGet(43)) - raft.server.log.appender.install.snapshot.enabled = false (custom)
2019-09-10 05:34:02,802 [6fcfc11e-cb6d-4a85-a341-4f2bb55708c6@group-432D1F24A09D:LeaderElection61] INFO  server.RaftServerConfigKeys (ConfUtils.java:logGet(43)) - raft.server.log.appender.snapshot.chunk.size.max = 16MB (=16777216) (default)
2019-09-10 05:34:02,802 [6fcfc11e-cb6d-4a85-a341-4f2bb55708c6@group-432D1F24A09D:LeaderElection61] INFO  server.RaftServerConfigKeys (ConfUtils.java:logGet(43)) - raft.server.log.appender.buffer.byte-limit = 33554432 (custom)
2019-09-10 05:34:02,802 [6fcfc11e-cb6d-4a85-a341-4f2bb55708c6@group-432D1F24A09D:LeaderElection61] INFO  server.RaftServerConfigKeys (ConfUtils.java:logGet(43)) - raft.server.log.appender.buffer.element-limit = 1 (custom)
2019-09-10 05:34:02,802 [6fcfc11e-cb6d-4a85-a341-4f2bb55708c6@group-432D1F24A09D:LeaderElection61] INFO  grpc.GrpcConfigKeys$Server (ConfUtils.java:logGet(43)) - raft.grpc.server.leader.outstanding.appends.max = 128 (default)
2019-09-10 05:34:02,802 [6fcfc11e-cb6d-4a85-a341-4f2bb55708c6@group-432D1F24A09D:LeaderElection61] INFO  server.RaftServerConfigKeys (ConfUtils.java:logGet(43)) - raft.server.rpc.request.timeout = 3000ms (default)
2019-09-10 05:34:02,803 [6fcfc11e-cb6d-4a85-a341-4f2bb55708c6@group-432D1F24A09D:LeaderElection61] INFO  server.RaftServerConfigKeys (ConfUtils.java:logGet(43)) - raft.server.log.appender.install.snapshot.enabled = false (custom)
2019-09-10 05:34:02,803 [6fcfc11e-cb6d-4a85-a341-4f2bb55708c6@group-432D1F24A09D:LeaderElection61] INFO  impl.RoleInfo (RoleInfo.java:updateAndGet(143)) - 6fcfc11e-cb6d-4a85-a341-4f2bb55708c6: start LeaderState
2019-09-10 05:34:02,803 [6fcfc11e-cb6d-4a85-a341-4f2bb55708c6@group-432D1F24A09D:LeaderElection61] INFO  segmented.SegmentedRaftLogWorker (SegmentedRaftLogWorker.java:startLogSegment(380)) - 6fcfc11e-cb6d-4a85-a341-4f2bb55708c6@group-432D1F24A09D-SegmentedRaftLogWorker: Starting segment from index:0
2019-09-10 05:34:02,804 [6fcfc11e-cb6d-4a85-a341-4f2bb55708c6@group-432D1F24A09D:LeaderElection61] INFO  impl.RaftServerImpl (ServerState.java:setRaftConf(354)) - 6fcfc11e-cb6d-4a85-a341-4f2bb55708c6@group-432D1F24A09D: set configuration 0: [6fcfc11e-cb6d-4a85-a341-4f2bb55708c6:192.168.36.76:45794, 2450cf49-9e1c-4def-9796-350dd1d43595:192.168.36.76:44236, 840dca29-f8a9-4c87-ab36-c2df3e8ce0ae:192.168.36.76:33734], old=null at 0
2019-09-10 05:34:02,838 [Thread-2874] INFO  impl.FollowerState (FollowerState.java:run(106)) - 72a9c052-68b3-4600-b46c-b388f8da2720:group-BDA6565D0529 changes to CANDIDATE, lastRpcTime:5123, electionTimeout:5104ms
2019-09-10 05:34:02,838 [Thread-2874] INFO  impl.RoleInfo (RoleInfo.java:shutdownFollowerState(121)) - 72a9c052-68b3-4600-b46c-b388f8da2720: shutdown FollowerState
2019-09-10 05:34:02,838 [87196072-496c-46fd-91f4-efa396687fa3@group-BDA6565D0529:LeaderElection63] INFO  impl.LeaderElection (LeaderElection.java:askForVotes(182)) - 87196072-496c-46fd-91f4-efa396687fa3@group-BDA6565D0529:LeaderElection63: begin an election at term 1 for -1: [87196072-496c-46fd-91f4-efa396687fa3:192.168.36.76:35461, 3264e783-a886-4a98-ba84-26339acf7926:192.168.36.76:36054, 72a9c052-68b3-4600-b46c-b388f8da2720:192.168.36.76:33685], old=null
2019-09-10 05:34:02,838 [3264e783-a886-4a98-ba84-26339acf7926@group-BDA6565D0529:LeaderElection64] INFO  impl.LeaderElection (LeaderElection.java:askForVotes(182)) - 3264e783-a886-4a98-ba84-26339acf7926@group-BDA6565D0529:LeaderElection64: begin an election at term 1 for -1: [87196072-496c-46fd-91f4-efa396687fa3:192.168.36.76:35461, 3264e783-a886-4a98-ba84-26339acf7926:192.168.36.76:36054, 72a9c052-68b3-4600-b46c-b388f8da2720:192.168.36.76:33685], old=null
2019-09-10 05:34:02,838 [Thread-2874] INFO  impl.RaftServerImpl (RaftServerImpl.java:setRole(174)) - 72a9c052-68b3-4600-b46c-b388f8da2720@group-BDA6565D0529: changes role from  FOLLOWER to CANDIDATE at term 0 for changeToCandidate
2019-09-10 05:34:02,838 [Thread-2874] INFO  impl.RoleInfo (RoleInfo.java:updateAndGet(143)) - 72a9c052-68b3-4600-b46c-b388f8da2720: start LeaderElection
2019-09-10 05:34:02,841 [grpc-default-executor-10] INFO  impl.RaftServerImpl (ServerState.java:setLeader(253)) - 2450cf49-9e1c-4def-9796-350dd1d43595@group-432D1F24A09D: change Leader from null to 6fcfc11e-cb6d-4a85-a341-4f2bb55708c6 at term 1 for appendEntries, leader elected after 5225ms
2019-09-10 05:34:02,846 [grpc-default-executor-3] INFO  impl.RaftServerImpl (ServerState.java:setLeader(253)) - 840dca29-f8a9-4c87-ab36-c2df3e8ce0ae@group-432D1F24A09D: change Leader from null to 6fcfc11e-cb6d-4a85-a341-4f2bb55708c6 at term 1 for appendEntries, leader elected after 5229ms
2019-09-10 05:34:02,852 [grpc-default-executor-3] INFO  impl.RaftServerImpl (ServerState.java:setRaftConf(354)) - 2450cf49-9e1c-4def-9796-350dd1d43595@group-432D1F24A09D: set configuration 0: [6fcfc11e-cb6d-4a85-a341-4f2bb55708c6:192.168.36.76:45794, 2450cf49-9e1c-4def-9796-350dd1d43595:192.168.36.76:44236, 840dca29-f8a9-4c87-ab36-c2df3e8ce0ae:192.168.36.76:33734], old=null at 0
2019-09-10 05:34:02,854 [grpc-default-executor-3] INFO  segmented.SegmentedRaftLogWorker (SegmentedRaftLogWorker.java:startLogSegment(380)) - 2450cf49-9e1c-4def-9796-350dd1d43595@group-432D1F24A09D-SegmentedRaftLogWorker: Starting segment from index:0
2019-09-10 05:34:02,855 [6fcfc11e-cb6d-4a85-a341-4f2bb55708c6@group-432D1F24A09D-SegmentedRaftLogWorker] INFO  segmented.SegmentedRaftLogWorker (SegmentedRaftLogWorker.java:execute(569)) - 6fcfc11e-cb6d-4a85-a341-4f2bb55708c6@group-432D1F24A09D-SegmentedRaftLogWorker: created new log segment /workdir/hadoop-ozone/integration-test/target/test-dir/MiniOzoneClusterImpl-9d9b5fd6-f7d9-4221-8942-13da4fae1afe/datanode-1/data/ratis/3f702eb2-d0d5-4a65-8869-432d1f24a09d/current/log_inprogress_0
2019-09-10 05:34:02,855 [72a9c052-68b3-4600-b46c-b388f8da2720@group-BDA6565D0529:LeaderElection65] INFO  impl.LeaderElection (LeaderElection.java:askForVotes(182)) - 72a9c052-68b3-4600-b46c-b388f8da2720@group-BDA6565D0529:LeaderElection65: begin an election at term 1 for -1: [87196072-496c-46fd-91f4-efa396687fa3:192.168.36.76:35461, 3264e783-a886-4a98-ba84-26339acf7926:192.168.36.76:36054, 72a9c052-68b3-4600-b46c-b388f8da2720:192.168.36.76:33685], old=null
2019-09-10 05:34:02,865 [grpc-default-executor-8] INFO  impl.RaftServerImpl (ServerState.java:setRaftConf(354)) - 840dca29-f8a9-4c87-ab36-c2df3e8ce0ae@group-432D1F24A09D: set configuration 0: [6fcfc11e-cb6d-4a85-a341-4f2bb55708c6:192.168.36.76:45794, 2450cf49-9e1c-4def-9796-350dd1d43595:192.168.36.76:44236, 840dca29-f8a9-4c87-ab36-c2df3e8ce0ae:192.168.36.76:33734], old=null at 0
2019-09-10 05:34:02,869 [grpc-default-executor-8] INFO  segmented.SegmentedRaftLogWorker (SegmentedRaftLogWorker.java:startLogSegment(380)) - 840dca29-f8a9-4c87-ab36-c2df3e8ce0ae@group-432D1F24A09D-SegmentedRaftLogWorker: Starting segment from index:0
2019-09-10 05:34:02,918 [87196072-496c-46fd-91f4-efa396687fa3@group-BDA6565D0529:LeaderElection63] INFO  impl.LeaderElection (LeaderElection.java:logAndReturn(56)) - 87196072-496c-46fd-91f4-efa396687fa3@group-BDA6565D0529:LeaderElection63: Election REJECTED; received 2 response(s) [87196072-496c-46fd-91f4-efa396687fa3<-3264e783-a886-4a98-ba84-26339acf7926#0:FAIL-t1, 87196072-496c-46fd-91f4-efa396687fa3<-72a9c052-68b3-4600-b46c-b388f8da2720#0:FAIL-t1] and 0 exception(s); 87196072-496c-46fd-91f4-efa396687fa3@group-BDA6565D0529:t1, leader=null, voted=87196072-496c-46fd-91f4-efa396687fa3, raftlog=87196072-496c-46fd-91f4-efa396687fa3@group-BDA6565D0529-SegmentedRaftLog:OPENED:c-1,f-1,i0, conf=-1: [87196072-496c-46fd-91f4-efa396687fa3:192.168.36.76:35461, 3264e783-a886-4a98-ba84-26339acf7926:192.168.36.76:36054, 72a9c052-68b3-4600-b46c-b388f8da2720:192.168.36.76:33685], old=null
2019-09-10 05:34:02,918 [3264e783-a886-4a98-ba84-26339acf7926@group-BDA6565D0529:LeaderElection64] INFO  impl.LeaderElection (LeaderElection.java:logAndReturn(56)) - 3264e783-a886-4a98-ba84-26339acf7926@group-BDA6565D0529:LeaderElection64: Election REJECTED; received 2 response(s) [3264e783-a886-4a98-ba84-26339acf7926<-87196072-496c-46fd-91f4-efa396687fa3#0:FAIL-t1, 3264e783-a886-4a98-ba84-26339acf7926<-72a9c052-68b3-4600-b46c-b388f8da2720#0:FAIL-t1] and 0 exception(s); 3264e783-a886-4a98-ba84-26339acf7926@group-BDA6565D0529:t1, leader=null, voted=3264e783-a886-4a98-ba84-26339acf7926, raftlog=3264e783-a886-4a98-ba84-26339acf7926@group-BDA6565D0529-SegmentedRaftLog:OPENED:c-1,f-1,i0, conf=-1: [87196072-496c-46fd-91f4-efa396687fa3:192.168.36.76:35461, 3264e783-a886-4a98-ba84-26339acf7926:192.168.36.76:36054, 72a9c052-68b3-4600-b46c-b388f8da2720:192.168.36.76:33685], old=null
2019-09-10 05:34:02,919 [87196072-496c-46fd-91f4-efa396687fa3@group-BDA6565D0529:LeaderElection63] INFO  impl.RaftServerImpl (RaftServerImpl.java:setRole(174)) - 87196072-496c-46fd-91f4-efa396687fa3@group-BDA6565D0529: changes role from CANDIDATE to FOLLOWER at term 1 for DISCOVERED_A_NEW_TERM
2019-09-10 05:34:02,951 [2450cf49-9e1c-4def-9796-350dd1d43595@group-432D1F24A09D-SegmentedRaftLogWorker] INFO  segmented.SegmentedRaftLogWorker (SegmentedRaftLogWorker.java:execute(569)) - 2450cf49-9e1c-4def-9796-350dd1d43595@group-432D1F24A09D-SegmentedRaftLogWorker: created new log segment /workdir/hadoop-ozone/integration-test/target/test-dir/MiniOzoneClusterImpl-9d9b5fd6-f7d9-4221-8942-13da4fae1afe/datanode-6/data/ratis/3f702eb2-d0d5-4a65-8869-432d1f24a09d/current/log_inprogress_0
2019-09-10 05:34:02,951 [87196072-496c-46fd-91f4-efa396687fa3@group-BDA6565D0529:LeaderElection63] INFO  impl.RoleInfo (RoleInfo.java:shutdownLeaderElection(134)) - 87196072-496c-46fd-91f4-efa396687fa3: shutdown LeaderElection
2019-09-10 05:34:02,954 [87196072-496c-46fd-91f4-efa396687fa3@group-BDA6565D0529:LeaderElection63] INFO  impl.RoleInfo (RoleInfo.java:updateAndGet(143)) - 87196072-496c-46fd-91f4-efa396687fa3: start FollowerState
2019-09-10 05:34:02,955 [3264e783-a886-4a98-ba84-26339acf7926@group-BDA6565D0529:LeaderElection64] INFO  impl.RaftServerImpl (RaftServerImpl.java:setRole(174)) - 3264e783-a886-4a98-ba84-26339acf7926@group-BDA6565D0529: changes role from CANDIDATE to FOLLOWER at term 1 for DISCOVERED_A_NEW_TERM
2019-09-10 05:34:02,958 [3264e783-a886-4a98-ba84-26339acf7926@group-BDA6565D0529:LeaderElection64] INFO  impl.RoleInfo (RoleInfo.java:shutdownLeaderElection(134)) - 3264e783-a886-4a98-ba84-26339acf7926: shutdown LeaderElection
2019-09-10 05:34:02,958 [3264e783-a886-4a98-ba84-26339acf7926@group-BDA6565D0529:LeaderElection64] INFO  impl.RoleInfo (RoleInfo.java:updateAndGet(143)) - 3264e783-a886-4a98-ba84-26339acf7926: start FollowerState
2019-09-10 05:34:02,970 [840dca29-f8a9-4c87-ab36-c2df3e8ce0ae@group-432D1F24A09D-SegmentedRaftLogWorker] INFO  segmented.SegmentedRaftLogWorker (SegmentedRaftLogWorker.java:execute(569)) - 840dca29-f8a9-4c87-ab36-c2df3e8ce0ae@group-432D1F24A09D-SegmentedRaftLogWorker: created new log segment /workdir/hadoop-ozone/integration-test/target/test-dir/MiniOzoneClusterImpl-9d9b5fd6-f7d9-4221-8942-13da4fae1afe/datanode-4/data/ratis/3f702eb2-d0d5-4a65-8869-432d1f24a09d/current/log_inprogress_0
2019-09-10 05:34:02,970 [72a9c052-68b3-4600-b46c-b388f8da2720@group-BDA6565D0529:LeaderElection65] INFO  impl.LeaderElection (LeaderElection.java:logAndReturn(56)) - 72a9c052-68b3-4600-b46c-b388f8da2720@group-BDA6565D0529:LeaderElection65: Election REJECTED; received 2 response(s) [72a9c052-68b3-4600-b46c-b388f8da2720<-3264e783-a886-4a98-ba84-26339acf7926#0:FAIL-t1, 72a9c052-68b3-4600-b46c-b388f8da2720<-87196072-496c-46fd-91f4-efa396687fa3#0:FAIL-t1] and 0 exception(s); 72a9c052-68b3-4600-b46c-b388f8da2720@group-BDA6565D0529:t1, leader=null, voted=72a9c052-68b3-4600-b46c-b388f8da2720, raftlog=72a9c052-68b3-4600-b46c-b388f8da2720@group-BDA6565D0529-SegmentedRaftLog:OPENED:c-1,f-1,i0, conf=-1: [87196072-496c-46fd-91f4-efa396687fa3:192.168.36.76:35461, 3264e783-a886-4a98-ba84-26339acf7926:192.168.36.76:36054, 72a9c052-68b3-4600-b46c-b388f8da2720:192.168.36.76:33685], old=null
2019-09-10 05:34:02,970 [72a9c052-68b3-4600-b46c-b388f8da2720@group-BDA6565D0529:LeaderElection65] INFO  impl.RaftServerImpl (RaftServerImpl.java:setRole(174)) - 72a9c052-68b3-4600-b46c-b388f8da2720@group-BDA6565D0529: changes role from CANDIDATE to FOLLOWER at term 1 for DISCOVERED_A_NEW_TERM
2019-09-10 05:34:02,971 [72a9c052-68b3-4600-b46c-b388f8da2720@group-BDA6565D0529:LeaderElection65] INFO  impl.RoleInfo (RoleInfo.java:shutdownLeaderElection(134)) - 72a9c052-68b3-4600-b46c-b388f8da2720: shutdown LeaderElection
2019-09-10 05:34:02,971 [72a9c052-68b3-4600-b46c-b388f8da2720@group-BDA6565D0529:LeaderElection65] INFO  impl.RoleInfo (RoleInfo.java:updateAndGet(143)) - 72a9c052-68b3-4600-b46c-b388f8da2720: start FollowerState
2019-09-10 05:34:03,472 [grpc-default-executor-8] INFO  client.GrpcClientProtocolClient (GrpcClientProtocolClient.java:onNext(264)) - client-7E8EFB653B64->72a9c052-68b3-4600-b46c-b388f8da2720: receive RaftClientReply:client-7E8EFB653B64->72a9c052-68b3-4600-b46c-b388f8da2720@group-BDA6565D0529, cid=163, FAILED org.apache.ratis.protocol.NotLeaderException: Server 72a9c052-68b3-4600-b46c-b388f8da2720@group-BDA6565D0529 is not the leader, logIndex=0, commits[72a9c052-68b3-4600-b46c-b388f8da2720:c-1]
2019-09-10 05:34:04,487 [grpc-default-executor-3] INFO  client.GrpcClientProtocolClient (GrpcClientProtocolClient.java:onNext(264)) - client-7E8EFB653B64->3264e783-a886-4a98-ba84-26339acf7926: receive RaftClientReply:client-7E8EFB653B64->3264e783-a886-4a98-ba84-26339acf7926@group-BDA6565D0529, cid=163, FAILED org.apache.ratis.protocol.NotLeaderException: Server 3264e783-a886-4a98-ba84-26339acf7926@group-BDA6565D0529 is not the leader, logIndex=0, commits[3264e783-a886-4a98-ba84-26339acf7926:c-1]
2019-09-10 05:34:05,504 [grpc-default-executor-3] INFO  client.GrpcClientProtocolClient (GrpcClientProtocolClient.java:onNext(264)) - client-7E8EFB653B64->87196072-496c-46fd-91f4-efa396687fa3: receive RaftClientReply:client-7E8EFB653B64->87196072-496c-46fd-91f4-efa396687fa3@group-BDA6565D0529, cid=163, FAILED org.apache.ratis.protocol.NotLeaderException: Server 87196072-496c-46fd-91f4-efa396687fa3@group-BDA6565D0529 is not the leader, logIndex=0, commits[87196072-496c-46fd-91f4-efa396687fa3:c-1]
2019-09-10 05:34:06,526 [grpc-default-executor-3] INFO  client.GrpcClientProtocolClient (GrpcClientProtocolClient.java:onNext(264)) - client-7E8EFB653B64->3264e783-a886-4a98-ba84-26339acf7926: receive RaftClientReply:client-7E8EFB653B64->3264e783-a886-4a98-ba84-26339acf7926@group-BDA6565D0529, cid=163, FAILED org.apache.ratis.protocol.NotLeaderException: Server 3264e783-a886-4a98-ba84-26339acf7926@group-BDA6565D0529 is not the leader, logIndex=0, commits[3264e783-a886-4a98-ba84-26339acf7926:c-1]
2019-09-10 05:34:07,549 [grpc-default-executor-3] INFO  client.GrpcClientProtocolClient (GrpcClientProtocolClient.java:onNext(264)) - client-7E8EFB653B64->72a9c052-68b3-4600-b46c-b388f8da2720: receive RaftClientReply:client-7E8EFB653B64->72a9c052-68b3-4600-b46c-b388f8da2720@group-BDA6565D0529, cid=163, FAILED org.apache.ratis.protocol.NotLeaderException: Server 72a9c052-68b3-4600-b46c-b388f8da2720@group-BDA6565D0529 is not the leader, logIndex=0, commits[72a9c052-68b3-4600-b46c-b388f8da2720:c-1]
2019-09-10 05:34:07,985 [Thread-2926] INFO  impl.FollowerState (FollowerState.java:run(106)) - 87196072-496c-46fd-91f4-efa396687fa3:group-BDA6565D0529 changes to CANDIDATE, lastRpcTime:5030, electionTimeout:5027ms
2019-09-10 05:34:07,986 [Thread-2926] INFO  impl.RoleInfo (RoleInfo.java:shutdownFollowerState(121)) - 87196072-496c-46fd-91f4-efa396687fa3: shutdown FollowerState
2019-09-10 05:34:07,986 [Thread-2926] INFO  impl.RaftServerImpl (RaftServerImpl.java:setRole(174)) - 87196072-496c-46fd-91f4-efa396687fa3@group-BDA6565D0529: changes role from  FOLLOWER to CANDIDATE at term 1 for changeToCandidate
2019-09-10 05:34:07,986 [Thread-2926] INFO  impl.RoleInfo (RoleInfo.java:updateAndGet(143)) - 87196072-496c-46fd-91f4-efa396687fa3: start LeaderElection
2019-09-10 05:34:08,004 [87196072-496c-46fd-91f4-efa396687fa3@group-BDA6565D0529:LeaderElection66] INFO  impl.LeaderElection (LeaderElection.java:askForVotes(182)) - 87196072-496c-46fd-91f4-efa396687fa3@group-BDA6565D0529:LeaderElection66: begin an election at term 2 for -1: [87196072-496c-46fd-91f4-efa396687fa3:192.168.36.76:35461, 3264e783-a886-4a98-ba84-26339acf7926:192.168.36.76:36054, 72a9c052-68b3-4600-b46c-b388f8da2720:192.168.36.76:33685], old=null
2019-09-10 05:34:08,007 [Thread-2927] INFO  impl.FollowerState (FollowerState.java:run(106)) - 3264e783-a886-4a98-ba84-26339acf7926:group-BDA6565D0529 changes to CANDIDATE, lastRpcTime:5048, electionTimeout:5048ms
2019-09-10 05:34:08,007 [Thread-2927] INFO  impl.RoleInfo (RoleInfo.java:shutdownFollowerState(121)) - 3264e783-a886-4a98-ba84-26339acf7926: shutdown FollowerState
2019-09-10 05:34:08,007 [Thread-2927] INFO  impl.RaftServerImpl (RaftServerImpl.java:setRole(174)) - 3264e783-a886-4a98-ba84-26339acf7926@group-BDA6565D0529: changes role from  FOLLOWER to CANDIDATE at term 1 for changeToCandidate
2019-09-10 05:34:08,007 [Thread-2927] INFO  impl.RoleInfo (RoleInfo.java:updateAndGet(143)) - 3264e783-a886-4a98-ba84-26339acf7926: start LeaderElection
2019-09-10 05:34:08,011 [grpc-default-executor-3] INFO  impl.RaftServerImpl (RaftServerImpl.java:setRole(174)) - 72a9c052-68b3-4600-b46c-b388f8da2720@group-BDA6565D0529: changes role from  FOLLOWER to FOLLOWER at term 2 for recognizeCandidate:87196072-496c-46fd-91f4-efa396687fa3
2019-09-10 05:34:08,011 [grpc-default-executor-8] INFO  impl.RaftServerImpl (RaftServerImpl.java:setRole(174)) - 3264e783-a886-4a98-ba84-26339acf7926@group-BDA6565D0529: changes role from CANDIDATE to FOLLOWER at term 2 for recognizeCandidate:87196072-496c-46fd-91f4-efa396687fa3
2019-09-10 05:34:08,014 [grpc-default-executor-3] INFO  impl.RoleInfo (RoleInfo.java:shutdownFollowerState(121)) - 72a9c052-68b3-4600-b46c-b388f8da2720: shutdown FollowerState
2019-09-10 05:34:08,014 [grpc-default-executor-8] INFO  impl.RoleInfo (RoleInfo.java:shutdownLeaderElection(134)) - 3264e783-a886-4a98-ba84-26339acf7926: shutdown LeaderElection
2019-09-10 05:34:08,014 [grpc-default-executor-3] INFO  impl.RoleInfo (RoleInfo.java:updateAndGet(143)) - 72a9c052-68b3-4600-b46c-b388f8da2720: start FollowerState
2019-09-10 05:34:08,014 [grpc-default-executor-8] INFO  impl.RoleInfo (RoleInfo.java:updateAndGet(143)) - 3264e783-a886-4a98-ba84-26339acf7926: start FollowerState
2019-09-10 05:34:08,014 [Thread-2929] INFO  impl.FollowerState (FollowerState.java:run(115)) - 72a9c052-68b3-4600-b46c-b388f8da2720: FollowerState was interrupted: java.lang.InterruptedException: sleep interrupted
2019-09-10 05:34:08,046 [87196072-496c-46fd-91f4-efa396687fa3@group-BDA6565D0529:LeaderElection66] INFO  impl.LeaderElection (LeaderElection.java:logAndReturn(56)) - 87196072-496c-46fd-91f4-efa396687fa3@group-BDA6565D0529:LeaderElection66: Election PASSED; received 2 response(s) [87196072-496c-46fd-91f4-efa396687fa3<-3264e783-a886-4a98-ba84-26339acf7926#0:FAIL-t2, 87196072-496c-46fd-91f4-efa396687fa3<-72a9c052-68b3-4600-b46c-b388f8da2720#0:OK-t2] and 0 exception(s); 87196072-496c-46fd-91f4-efa396687fa3@group-BDA6565D0529:t2, leader=null, voted=87196072-496c-46fd-91f4-efa396687fa3, raftlog=87196072-496c-46fd-91f4-efa396687fa3@group-BDA6565D0529-SegmentedRaftLog:OPENED:c-1,f-1,i0, conf=-1: [87196072-496c-46fd-91f4-efa396687fa3:192.168.36.76:35461, 3264e783-a886-4a98-ba84-26339acf7926:192.168.36.76:36054, 72a9c052-68b3-4600-b46c-b388f8da2720:192.168.36.76:33685], old=null
2019-09-10 05:34:08,047 [87196072-496c-46fd-91f4-efa396687fa3@group-BDA6565D0529:LeaderElection66] INFO  impl.RoleInfo (RoleInfo.java:shutdownLeaderElection(134)) - 87196072-496c-46fd-91f4-efa396687fa3: shutdown LeaderElection
2019-09-10 05:34:08,047 [87196072-496c-46fd-91f4-efa396687fa3@group-BDA6565D0529:LeaderElection66] INFO  impl.RaftServerImpl (RaftServerImpl.java:setRole(174)) - 87196072-496c-46fd-91f4-efa396687fa3@group-BDA6565D0529: changes role from CANDIDATE to LEADER at term 2 for changeToLeader
2019-09-10 05:34:08,047 [87196072-496c-46fd-91f4-efa396687fa3@group-BDA6565D0529:LeaderElection66] INFO  impl.RaftServerImpl (ServerState.java:setLeader(253)) - 87196072-496c-46fd-91f4-efa396687fa3@group-BDA6565D0529: change Leader from null to 87196072-496c-46fd-91f4-efa396687fa3 at term 2 for becomeLeader, leader elected after 10341ms
2019-09-10 05:34:08,047 [87196072-496c-46fd-91f4-efa396687fa3@group-BDA6565D0529:LeaderElection66] INFO  server.RaftServerConfigKeys (ConfUtils.java:logGet(43)) - raft.server.staging.catchup.gap = 1000 (default)
2019-09-10 05:34:08,048 [87196072-496c-46fd-91f4-efa396687fa3@group-BDA6565D0529:LeaderElection66] INFO  server.RaftServerConfigKeys (ConfUtils.java:logGet(43)) - raft.server.rpc.sleep.time = 25ms (default)
2019-09-10 05:34:08,048 [87196072-496c-46fd-91f4-efa396687fa3@group-BDA6565D0529:LeaderElection66] INFO  server.RaftServerConfigKeys (ConfUtils.java:logGet(43)) - raft.server.write.element-limit = 4096 (default)
2019-09-10 05:34:08,048 [87196072-496c-46fd-91f4-efa396687fa3@group-BDA6565D0529:LeaderElection66] INFO  server.RaftServerConfigKeys (ConfUtils.java:logGet(43)) - raft.server.watch.timeout = 10s (default)
2019-09-10 05:34:08,048 [87196072-496c-46fd-91f4-efa396687fa3@group-BDA6565D0529:LeaderElection66] INFO  server.RaftServerConfigKeys (ConfUtils.java:logGet(43)) - raft.server.watch.timeout.denomination = 1s (default)
2019-09-10 05:34:08,048 [87196072-496c-46fd-91f4-efa396687fa3@group-BDA6565D0529:LeaderElection66] INFO  server.RaftServerConfigKeys (ConfUtils.java:logGet(43)) - raft.server.watch.element-limit = 65536 (default)
2019-09-10 05:34:08,052 [87196072-496c-46fd-91f4-efa396687fa3@group-BDA6565D0529:LeaderElection66] INFO  server.RaftServerConfigKeys (ConfUtils.java:logGet(43)) - raft.server.log.appender.snapshot.chunk.size.max = 16MB (=16777216) (default)
2019-09-10 05:34:08,053 [87196072-496c-46fd-91f4-efa396687fa3@group-BDA6565D0529:LeaderElection66] INFO  server.RaftServerConfigKeys (ConfUtils.java:logGet(43)) - raft.server.log.appender.buffer.byte-limit = 33554432 (custom)
2019-09-10 05:34:08,053 [87196072-496c-46fd-91f4-efa396687fa3@group-BDA6565D0529:LeaderElection66] INFO  server.RaftServerConfigKeys (ConfUtils.java:logGet(43)) - raft.server.log.appender.buffer.element-limit = 1 (custom)
2019-09-10 05:34:08,053 [87196072-496c-46fd-91f4-efa396687fa3@group-BDA6565D0529:LeaderElection66] INFO  grpc.GrpcConfigKeys$Server (ConfUtils.java:logGet(43)) - raft.grpc.server.leader.outstanding.appends.max = 128 (default)
2019-09-10 05:34:08,053 [87196072-496c-46fd-91f4-efa396687fa3@group-BDA6565D0529:LeaderElection66] INFO  server.RaftServerConfigKeys (ConfUtils.java:logGet(43)) - raft.server.rpc.request.timeout = 3000ms (default)
2019-09-10 05:34:08,054 [87196072-496c-46fd-91f4-efa396687fa3@group-BDA6565D0529:LeaderElection66] INFO  server.RaftServerConfigKeys (ConfUtils.java:logGet(43)) - raft.server.log.appender.install.snapshot.enabled = false (custom)
2019-09-10 05:34:08,054 [87196072-496c-46fd-91f4-efa396687fa3@group-BDA6565D0529:LeaderElection66] INFO  server.RaftServerConfigKeys (ConfUtils.java:logGet(43)) - raft.server.log.appender.snapshot.chunk.size.max = 16MB (=16777216) (default)
2019-09-10 05:34:08,054 [87196072-496c-46fd-91f4-efa396687fa3@group-BDA6565D0529:LeaderElection66] INFO  server.RaftServerConfigKeys (ConfUtils.java:logGet(43)) - raft.server.log.appender.buffer.byte-limit = 33554432 (custom)
2019-09-10 05:34:08,054 [87196072-496c-46fd-91f4-efa396687fa3@group-BDA6565D0529:LeaderElection66] INFO  server.RaftServerConfigKeys (ConfUtils.java:logGet(43)) - raft.server.log.appender.buffer.element-limit = 1 (custom)
2019-09-10 05:34:08,055 [87196072-496c-46fd-91f4-efa396687fa3@group-BDA6565D0529:LeaderElection66] INFO  grpc.GrpcConfigKeys$Server (ConfUtils.java:logGet(43)) - raft.grpc.server.leader.outstanding.appends.max = 128 (default)
2019-09-10 05:34:08,055 [87196072-496c-46fd-91f4-efa396687fa3@group-BDA6565D0529:LeaderElection66] INFO  server.RaftServerConfigKeys (ConfUtils.java:logGet(43)) - raft.server.rpc.request.timeout = 3000ms (default)
2019-09-10 05:34:08,055 [87196072-496c-46fd-91f4-efa396687fa3@group-BDA6565D0529:LeaderElection66] INFO  server.RaftServerConfigKeys (ConfUtils.java:logGet(43)) - raft.server.log.appender.install.snapshot.enabled = false (custom)
2019-09-10 05:34:08,055 [87196072-496c-46fd-91f4-efa396687fa3@group-BDA6565D0529:LeaderElection66] INFO  impl.RoleInfo (RoleInfo.java:updateAndGet(143)) - 87196072-496c-46fd-91f4-efa396687fa3: start LeaderState
2019-09-10 05:34:08,056 [87196072-496c-46fd-91f4-efa396687fa3@group-BDA6565D0529:LeaderElection66] INFO  segmented.SegmentedRaftLogWorker (SegmentedRaftLogWorker.java:startLogSegment(380)) - 87196072-496c-46fd-91f4-efa396687fa3@group-BDA6565D0529-SegmentedRaftLogWorker: Starting segment from index:0
2019-09-10 05:34:08,057 [87196072-496c-46fd-91f4-efa396687fa3@group-BDA6565D0529:LeaderElection66] INFO  impl.RaftServerImpl (ServerState.java:setRaftConf(354)) - 87196072-496c-46fd-91f4-efa396687fa3@group-BDA6565D0529: set configuration 0: [87196072-496c-46fd-91f4-efa396687fa3:192.168.36.76:35461, 3264e783-a886-4a98-ba84-26339acf7926:192.168.36.76:36054, 72a9c052-68b3-4600-b46c-b388f8da2720:192.168.36.76:33685], old=null at 0
2019-09-10 05:34:08,058 [grpc-default-executor-3] INFO  impl.RaftServerImpl (ServerState.java:setLeader(253)) - 72a9c052-68b3-4600-b46c-b388f8da2720@group-BDA6565D0529: change Leader from null to 87196072-496c-46fd-91f4-efa396687fa3 at term 2 for appendEntries, leader elected after 10352ms
2019-09-10 05:34:08,083 [3264e783-a886-4a98-ba84-26339acf7926@group-BDA6565D0529:LeaderElection67] INFO  impl.LeaderElection (LeaderElection.java:askForVotes(182)) - 3264e783-a886-4a98-ba84-26339acf7926@group-BDA6565D0529:LeaderElection67: begin an election at term 3 for -1: [87196072-496c-46fd-91f4-efa396687fa3:192.168.36.76:35461, 3264e783-a886-4a98-ba84-26339acf7926:192.168.36.76:36054, 72a9c052-68b3-4600-b46c-b388f8da2720:192.168.36.76:33685], old=null
2019-09-10 05:34:08,084 [3264e783-a886-4a98-ba84-26339acf7926@group-BDA6565D0529:LeaderElection67] INFO  impl.LeaderElection (LeaderElection.java:logAndReturn(56)) - 3264e783-a886-4a98-ba84-26339acf7926@group-BDA6565D0529:LeaderElection67: Election REJECTED; received 0 response(s) [] and 0 exception(s); 3264e783-a886-4a98-ba84-26339acf7926@group-BDA6565D0529:t3, leader=null, voted=3264e783-a886-4a98-ba84-26339acf7926, raftlog=3264e783-a886-4a98-ba84-26339acf7926@group-BDA6565D0529-SegmentedRaftLog:OPENED:c-1,f-1,i0, conf=-1: [87196072-496c-46fd-91f4-efa396687fa3:192.168.36.76:35461, 3264e783-a886-4a98-ba84-26339acf7926:192.168.36.76:36054, 72a9c052-68b3-4600-b46c-b388f8da2720:192.168.36.76:33685], old=null
2019-09-10 05:34:08,085 [grpc-default-executor-3] INFO  impl.RaftServerImpl (ServerState.java:setRaftConf(354)) - 72a9c052-68b3-4600-b46c-b388f8da2720@group-BDA6565D0529: set configuration 0: [87196072-496c-46fd-91f4-efa396687fa3:192.168.36.76:35461, 3264e783-a886-4a98-ba84-26339acf7926:192.168.36.76:36054, 72a9c052-68b3-4600-b46c-b388f8da2720:192.168.36.76:33685], old=null at 0
2019-09-10 05:34:08,086 [Thread-2951] INFO  impl.RaftServerImpl (ServerState.java:setLeader(253)) - 87196072-496c-46fd-91f4-efa396687fa3@group-BDA6565D0529: change Leader from 87196072-496c-46fd-91f4-efa396687fa3 to null at term 3 for updateCurrentTerm
2019-09-10 05:34:08,089 [grpc-default-executor-3] INFO  segmented.SegmentedRaftLogWorker (SegmentedRaftLogWorker.java:startLogSegment(380)) - 72a9c052-68b3-4600-b46c-b388f8da2720@group-BDA6565D0529-SegmentedRaftLogWorker: Starting segment from index:0
2019-09-10 05:34:08,091 [grpc-default-executor-8] INFO  impl.RaftServerImpl (ServerState.java:setLeader(253)) - 72a9c052-68b3-4600-b46c-b388f8da2720@group-BDA6565D0529: change Leader from 87196072-496c-46fd-91f4-efa396687fa3 to null at term 3 for updateCurrentTerm
2019-09-10 05:34:08,093 [grpc-default-executor-8] INFO  impl.RaftServerImpl (RaftServerImpl.java:setRole(174)) - 72a9c052-68b3-4600-b46c-b388f8da2720@group-BDA6565D0529: changes role from  FOLLOWER to FOLLOWER at term 3 for recognizeCandidate:3264e783-a886-4a98-ba84-26339acf7926
2019-09-10 05:34:08,089 [Thread-2951] INFO  impl.RaftServerImpl (RaftServerImpl.java:setRole(174)) - 87196072-496c-46fd-91f4-efa396687fa3@group-BDA6565D0529: changes role from    LEADER to FOLLOWER at term 3 for stepDown
2019-09-10 05:34:08,094 [grpc-default-executor-8] INFO  impl.RoleInfo (RoleInfo.java:shutdownFollowerState(121)) - 72a9c052-68b3-4600-b46c-b388f8da2720: shutdown FollowerState
2019-09-10 05:34:08,094 [Thread-2951] INFO  impl.RoleInfo (RoleInfo.java:shutdownLeaderState(104)) - 87196072-496c-46fd-91f4-efa396687fa3: shutdown LeaderState
2019-09-10 05:34:08,094 [grpc-default-executor-8] INFO  impl.RoleInfo (RoleInfo.java:updateAndGet(143)) - 72a9c052-68b3-4600-b46c-b388f8da2720: start FollowerState
2019-09-10 05:34:08,128 [87196072-496c-46fd-91f4-efa396687fa3@group-BDA6565D0529-SegmentedRaftLogWorker] INFO  segmented.SegmentedRaftLogWorker (SegmentedRaftLogWorker.java:execute(569)) - 87196072-496c-46fd-91f4-efa396687fa3@group-BDA6565D0529-SegmentedRaftLogWorker: created new log segment /workdir/hadoop-ozone/integration-test/target/test-dir/MiniOzoneClusterImpl-9d9b5fd6-f7d9-4221-8942-13da4fae1afe/datanode-3/data/ratis/34112554-ff58-4c99-954c-bda6565d0529/current/log_inprogress_0
2019-09-10 05:34:08,128 [Thread-2951] INFO  impl.PendingRequests (PendingRequests.java:sendNotLeaderResponses(202)) - 87196072-496c-46fd-91f4-efa396687fa3-PendingRequests: sendNotLeaderResponses
2019-09-10 05:34:08,128 [org.apache.ratis.server.impl.LogAppender$AppenderDaemon$$Lambda$512/623231696@6fba46a3] WARN  server.GrpcLogAppender (GrpcLogAppender.java:mayWait(143)) - 87196072-496c-46fd-91f4-efa396687fa3@group-BDA6565D0529->72a9c052-68b3-4600-b46c-b388f8da2720-GrpcLogAppender: Wait interrupted by java.lang.InterruptedException
2019-09-10 05:34:08,094 [Thread-2949] INFO  impl.FollowerState (FollowerState.java:run(115)) - 72a9c052-68b3-4600-b46c-b388f8da2720: FollowerState was interrupted: java.lang.InterruptedException: sleep interrupted
2019-09-10 05:34:08,129 [org.apache.ratis.server.impl.LogAppender$AppenderDaemon$$Lambda$512/623231696@107ef859] WARN  server.GrpcLogAppender (GrpcLogAppender.java:mayWait(143)) - 87196072-496c-46fd-91f4-efa396687fa3@group-BDA6565D0529->3264e783-a886-4a98-ba84-26339acf7926-GrpcLogAppender: Wait interrupted by java.lang.InterruptedException
2019-09-10 05:34:08,133 [grpc-default-executor-9] INFO  server.GrpcServerProtocolService (GrpcServerProtocolService.java:onCompleted(113)) - 3264e783-a886-4a98-ba84-26339acf7926: Completed APPEND_ENTRIES, lastRequest: 87196072-496c-46fd-91f4-efa396687fa3->3264e783-a886-4a98-ba84-26339acf7926#0-t2, previous=(t:0, i:0), leaderCommit=-1, initializing? false, entries: <empty>
2019-09-10 05:34:08,133 [grpc-default-executor-3] INFO  server.GrpcServerProtocolService (GrpcServerProtocolService.java:onCompleted(113)) - 72a9c052-68b3-4600-b46c-b388f8da2720: Completed APPEND_ENTRIES, lastRequest: 87196072-496c-46fd-91f4-efa396687fa3->72a9c052-68b3-4600-b46c-b388f8da2720#1-t2, previous=(t:0, i:0), leaderCommit=-1, initializing? false, entries: size=1, first=(t:2, i:0), CONFIGURATIONENTRY
2019-09-10 05:34:08,133 [Thread-2951] INFO  impl.RoleInfo (RoleInfo.java:updateAndGet(143)) - 87196072-496c-46fd-91f4-efa396687fa3: start FollowerState
2019-09-10 05:34:08,133 [grpc-default-executor-3] INFO  server.GrpcLogAppender (GrpcLogAppender.java:onCompleted(293)) - 87196072-496c-46fd-91f4-efa396687fa3@group-BDA6565D0529->3264e783-a886-4a98-ba84-26339acf7926-AppendLogResponseHandler: follower responses appendEntries COMPLETED
2019-09-10 05:34:08,140 [grpc-default-executor-10] INFO  server.GrpcLogAppender (GrpcLogAppender.java:onCompleted(293)) - 87196072-496c-46fd-91f4-efa396687fa3@group-BDA6565D0529->72a9c052-68b3-4600-b46c-b388f8da2720-AppendLogResponseHandler: follower responses appendEntries COMPLETED
2019-09-10 05:34:08,140 [grpc-default-executor-3] INFO  impl.FollowerInfo (FollowerInfo.java:lambda$new$0(51)) - 87196072-496c-46fd-91f4-efa396687fa3@group-BDA6565D0529->3264e783-a886-4a98-ba84-26339acf7926: nextIndex: updateUnconditionally 0 -> 0
2019-09-10 05:34:08,140 [grpc-default-executor-10] INFO  impl.FollowerInfo (FollowerInfo.java:lambda$new$0(51)) - 87196072-496c-46fd-91f4-efa396687fa3@group-BDA6565D0529->72a9c052-68b3-4600-b46c-b388f8da2720: nextIndex: updateUnconditionally 1 -> 0
2019-09-10 05:34:08,141 [72a9c052-68b3-4600-b46c-b388f8da2720@group-BDA6565D0529-SegmentedRaftLogWorker] INFO  segmented.SegmentedRaftLogWorker (SegmentedRaftLogWorker.java:execute(569)) - 72a9c052-68b3-4600-b46c-b388f8da2720@group-BDA6565D0529-SegmentedRaftLogWorker: created new log segment /workdir/hadoop-ozone/integration-test/target/test-dir/MiniOzoneClusterImpl-9d9b5fd6-f7d9-4221-8942-13da4fae1afe/datanode-0/data/ratis/34112554-ff58-4c99-954c-bda6565d0529/current/log_inprogress_0
2019-09-10 05:34:08,143 [grpc-default-executor-0] INFO  impl.RaftServerImpl (RaftServerImpl.java:setRole(174)) - 87196072-496c-46fd-91f4-efa396687fa3@group-BDA6565D0529: changes role from  FOLLOWER to FOLLOWER at term 3 for recognizeCandidate:3264e783-a886-4a98-ba84-26339acf7926
2019-09-10 05:34:08,145 [grpc-default-executor-0] INFO  impl.RoleInfo (RoleInfo.java:shutdownFollowerState(121)) - 87196072-496c-46fd-91f4-efa396687fa3: shutdown FollowerState
2019-09-10 05:34:08,145 [grpc-default-executor-0] INFO  impl.RoleInfo (RoleInfo.java:updateAndGet(143)) - 87196072-496c-46fd-91f4-efa396687fa3: start FollowerState
2019-09-10 05:34:08,145 [Thread-2960] INFO  impl.FollowerState (FollowerState.java:run(115)) - 87196072-496c-46fd-91f4-efa396687fa3: FollowerState was interrupted: java.lang.InterruptedException: sleep interrupted
2019-09-10 05:34:08,563 [grpc-default-executor-0] INFO  client.GrpcClientProtocolClient (GrpcClientProtocolClient.java:onNext(264)) - client-7E8EFB653B64->3264e783-a886-4a98-ba84-26339acf7926: receive RaftClientReply:client-7E8EFB653B64->3264e783-a886-4a98-ba84-26339acf7926@group-BDA6565D0529, cid=163, FAILED org.apache.ratis.protocol.NotLeaderException: Server 3264e783-a886-4a98-ba84-26339acf7926@group-BDA6565D0529 is not the leader, logIndex=0, commits[3264e783-a886-4a98-ba84-26339acf7926:c-1]
2019-09-10 05:34:09,574 [grpc-default-executor-0] INFO  client.GrpcClientProtocolClient (GrpcClientProtocolClient.java:onNext(264)) - client-7E8EFB653B64->87196072-496c-46fd-91f4-efa396687fa3: receive RaftClientReply:client-7E8EFB653B64->87196072-496c-46fd-91f4-efa396687fa3@group-BDA6565D0529, cid=163, FAILED org.apache.ratis.protocol.NotLeaderException: Server 87196072-496c-46fd-91f4-efa396687fa3@group-BDA6565D0529 is not the leader, logIndex=0, commits[87196072-496c-46fd-91f4-efa396687fa3:c-1, 3264e783-a886-4a98-ba84-26339acf7926:c-1, 72a9c052-68b3-4600-b46c-b388f8da2720:c-1]
2019-09-10 05:34:10,592 [grpc-default-executor-8] INFO  client.GrpcClientProtocolClient (GrpcClientProtocolClient.java:onNext(264)) - client-7E8EFB653B64->3264e783-a886-4a98-ba84-26339acf7926: receive RaftClientReply:client-7E8EFB653B64->3264e783-a886-4a98-ba84-26339acf7926@group-BDA6565D0529, cid=163, FAILED org.apache.ratis.protocol.NotLeaderException: Server 3264e783-a886-4a98-ba84-26339acf7926@group-BDA6565D0529 is not the leader, logIndex=0, commits[3264e783-a886-4a98-ba84-26339acf7926:c-1]
2019-09-10 05:34:11,610 [grpc-default-executor-8] INFO  client.GrpcClientProtocolClient (GrpcClientProtocolClient.java:onNext(264)) - client-7E8EFB653B64->87196072-496c-46fd-91f4-efa396687fa3: receive RaftClientReply:client-7E8EFB653B64->87196072-496c-46fd-91f4-efa396687fa3@group-BDA6565D0529, cid=163, FAILED org.apache.ratis.protocol.NotLeaderException: Server 87196072-496c-46fd-91f4-efa396687fa3@group-BDA6565D0529 is not the leader, logIndex=0, commits[87196072-496c-46fd-91f4-efa396687fa3:c-1, 3264e783-a886-4a98-ba84-26339acf7926:c-1, 72a9c052-68b3-4600-b46c-b388f8da2720:c-1]
2019-09-10 05:34:12,632 [grpc-default-executor-8] INFO  client.GrpcClientProtocolClient (GrpcClientProtocolClient.java:onNext(264)) - client-7E8EFB653B64->72a9c052-68b3-4600-b46c-b388f8da2720: receive RaftClientReply:client-7E8EFB653B64->72a9c052-68b3-4600-b46c-b388f8da2720@group-BDA6565D0529, cid=163, FAILED org.apache.ratis.protocol.NotLeaderException: Server 72a9c052-68b3-4600-b46c-b388f8da2720@group-BDA6565D0529 is not the leader, logIndex=0, commits[72a9c052-68b3-4600-b46c-b388f8da2720:c-1, 87196072-496c-46fd-91f4-efa396687fa3:c-1, 3264e783-a886-4a98-ba84-26339acf7926:c-1]
2019-09-10 05:34:13,039 [Thread-2950] INFO  impl.FollowerState (FollowerState.java:run(106)) - 3264e783-a886-4a98-ba84-26339acf7926:group-BDA6565D0529 changes to CANDIDATE, lastRpcTime:5024, electionTimeout:5021ms
2019-09-10 05:34:13,043 [Thread-2950] INFO  impl.RoleInfo (RoleInfo.java:shutdownFollowerState(121)) - 3264e783-a886-4a98-ba84-26339acf7926: shutdown FollowerState
2019-09-10 05:34:13,044 [Thread-2950] INFO  impl.RaftServerImpl (RaftServerImpl.java:setRole(174)) - 3264e783-a886-4a98-ba84-26339acf7926@group-BDA6565D0529: changes role from  FOLLOWER to CANDIDATE at term 3 for changeToCandidate
2019-09-10 05:34:13,044 [Thread-2950] INFO  impl.RoleInfo (RoleInfo.java:updateAndGet(143)) - 3264e783-a886-4a98-ba84-26339acf7926: start LeaderElection
2019-09-10 05:34:13,077 [3264e783-a886-4a98-ba84-26339acf7926@group-BDA6565D0529:LeaderElection68] INFO  impl.LeaderElection (LeaderElection.java:askForVotes(182)) - 3264e783-a886-4a98-ba84-26339acf7926@group-BDA6565D0529:LeaderElection68: begin an election at term 4 for -1: [87196072-496c-46fd-91f4-efa396687fa3:192.168.36.76:35461, 3264e783-a886-4a98-ba84-26339acf7926:192.168.36.76:36054, 72a9c052-68b3-4600-b46c-b388f8da2720:192.168.36.76:33685], old=null
2019-09-10 05:34:13,086 [grpc-default-executor-0] INFO  impl.RaftServerImpl (RaftServerImpl.java:setRole(174)) - 72a9c052-68b3-4600-b46c-b388f8da2720@group-BDA6565D0529: changes role from  FOLLOWER to FOLLOWER at term 4 for recognizeCandidate:3264e783-a886-4a98-ba84-26339acf7926
2019-09-10 05:34:13,086 [grpc-default-executor-8] INFO  impl.RaftServerImpl (RaftServerImpl.java:setRole(174)) - 87196072-496c-46fd-91f4-efa396687fa3@group-BDA6565D0529: changes role from  FOLLOWER to FOLLOWER at term 4 for recognizeCandidate:3264e783-a886-4a98-ba84-26339acf7926
2019-09-10 05:34:13,087 [grpc-default-executor-0] INFO  impl.RoleInfo (RoleInfo.java:shutdownFollowerState(121)) - 72a9c052-68b3-4600-b46c-b388f8da2720: shutdown FollowerState
2019-09-10 05:34:13,087 [grpc-default-executor-8] INFO  impl.RoleInfo (RoleInfo.java:shutdownFollowerState(121)) - 87196072-496c-46fd-91f4-efa396687fa3: shutdown FollowerState
2019-09-10 05:34:13,087 [grpc-default-executor-0] INFO  impl.RoleInfo (RoleInfo.java:updateAndGet(143)) - 72a9c052-68b3-4600-b46c-b388f8da2720: start FollowerState
2019-09-10 05:34:13,087 [Thread-2959] INFO  impl.FollowerState (FollowerState.java:run(115)) - 72a9c052-68b3-4600-b46c-b388f8da2720: FollowerState was interrupted: java.lang.InterruptedException: sleep interrupted
2019-09-10 05:34:13,087 [grpc-default-executor-8] INFO  impl.RoleInfo (RoleInfo.java:updateAndGet(143)) - 87196072-496c-46fd-91f4-efa396687fa3: start FollowerState
2019-09-10 05:34:13,087 [Thread-2962] INFO  impl.FollowerState (FollowerState.java:run(115)) - 87196072-496c-46fd-91f4-efa396687fa3: FollowerState was interrupted: java.lang.InterruptedException: sleep interrupted
2019-09-10 05:34:13,120 [3264e783-a886-4a98-ba84-26339acf7926@group-BDA6565D0529:LeaderElection68] INFO  impl.LeaderElection (LeaderElection.java:logAndReturn(56)) - 3264e783-a886-4a98-ba84-26339acf7926@group-BDA6565D0529:LeaderElection68: Election REJECTED; received 2 response(s) [3264e783-a886-4a98-ba84-26339acf7926<-87196072-496c-46fd-91f4-efa396687fa3#0:FAIL-t4, 3264e783-a886-4a98-ba84-26339acf7926<-72a9c052-68b3-4600-b46c-b388f8da2720#0:FAIL-t4] and 0 exception(s); 3264e783-a886-4a98-ba84-26339acf7926@group-BDA6565D0529:t4, leader=null, voted=3264e783-a886-4a98-ba84-26339acf7926, raftlog=3264e783-a886-4a98-ba84-26339acf7926@group-BDA6565D0529-SegmentedRaftLog:OPENED:c-1,f-1,i0, conf=-1: [87196072-496c-46fd-91f4-efa396687fa3:192.168.36.76:35461, 3264e783-a886-4a98-ba84-26339acf7926:192.168.36.76:36054, 72a9c052-68b3-4600-b46c-b388f8da2720:192.168.36.76:33685], old=null
2019-09-10 05:34:13,120 [3264e783-a886-4a98-ba84-26339acf7926@group-BDA6565D0529:LeaderElection68] INFO  impl.RaftServerImpl (RaftServerImpl.java:setRole(174)) - 3264e783-a886-4a98-ba84-26339acf7926@group-BDA6565D0529: changes role from CANDIDATE to FOLLOWER at term 4 for DISCOVERED_A_NEW_TERM
2019-09-10 05:34:13,120 [3264e783-a886-4a98-ba84-26339acf7926@group-BDA6565D0529:LeaderElection68] INFO  impl.RoleInfo (RoleInfo.java:shutdownLeaderElection(134)) - 3264e783-a886-4a98-ba84-26339acf7926: shutdown LeaderElection
2019-09-10 05:34:13,120 [3264e783-a886-4a98-ba84-26339acf7926@group-BDA6565D0529:LeaderElection68] INFO  impl.RoleInfo (RoleInfo.java:updateAndGet(143)) - 3264e783-a886-4a98-ba84-26339acf7926: start FollowerState
2019-09-10 05:34:13,644 [grpc-default-executor-0] INFO  client.GrpcClientProtocolClient (GrpcClientProtocolClient.java:onNext(264)) - client-7E8EFB653B64->3264e783-a886-4a98-ba84-26339acf7926: receive RaftClientReply:client-7E8EFB653B64->3264e783-a886-4a98-ba84-26339acf7926@group-BDA6565D0529, cid=163, FAILED org.apache.ratis.protocol.NotLeaderException: Server 3264e783-a886-4a98-ba84-26339acf7926@group-BDA6565D0529 is not the leader, logIndex=0, commits[3264e783-a886-4a98-ba84-26339acf7926:c-1]
2019-09-10 05:34:14,658 [grpc-default-executor-0] INFO  client.GrpcClientProtocolClient (GrpcClientProtocolClient.java:onNext(264)) - client-7E8EFB653B64->72a9c052-68b3-4600-b46c-b388f8da2720: receive RaftClientReply:client-7E8EFB653B64->72a9c052-68b3-4600-b46c-b388f8da2720@group-BDA6565D0529, cid=163, FAILED org.apache.ratis.protocol.NotLeaderException: Server 72a9c052-68b3-4600-b46c-b388f8da2720@group-BDA6565D0529 is not the leader, logIndex=0, commits[72a9c052-68b3-4600-b46c-b388f8da2720:c-1, 87196072-496c-46fd-91f4-efa396687fa3:c-1, 3264e783-a886-4a98-ba84-26339acf7926:c-1]
2019-09-10 05:34:15,681 [grpc-default-executor-8] INFO  client.GrpcClientProtocolClient (GrpcClientProtocolClient.java:onNext(264)) - client-7E8EFB653B64->87196072-496c-46fd-91f4-efa396687fa3: receive RaftClientReply:client-7E8EFB653B64->87196072-496c-46fd-91f4-efa396687fa3@group-BDA6565D0529, cid=163, FAILED org.apache.ratis.protocol.NotLeaderException: Server 87196072-496c-46fd-91f4-efa396687fa3@group-BDA6565D0529 is not the leader, logIndex=0, commits[87196072-496c-46fd-91f4-efa396687fa3:c-1, 3264e783-a886-4a98-ba84-26339acf7926:c-1, 72a9c052-68b3-4600-b46c-b388f8da2720:c-1]
2019-09-10 05:34:16,711 [grpc-default-executor-0] INFO  client.GrpcClientProtocolClient (GrpcClientProtocolClient.java:onNext(264)) - client-7E8EFB653B64->72a9c052-68b3-4600-b46c-b388f8da2720: receive RaftClientReply:client-7E8EFB653B64->72a9c052-68b3-4600-b46c-b388f8da2720@group-BDA6565D0529, cid=163, FAILED org.apache.ratis.protocol.NotLeaderException: Server 72a9c052-68b3-4600-b46c-b388f8da2720@group-BDA6565D0529 is not the leader, logIndex=0, commits[72a9c052-68b3-4600-b46c-b388f8da2720:c-1, 87196072-496c-46fd-91f4-efa396687fa3:c-1, 3264e783-a886-4a98-ba84-26339acf7926:c-1]
2019-09-10 05:34:17,737 [grpc-default-executor-0] INFO  client.GrpcClientProtocolClient (GrpcClientProtocolClient.java:onNext(264)) - client-7E8EFB653B64->87196072-496c-46fd-91f4-efa396687fa3: receive RaftClientReply:client-7E8EFB653B64->87196072-496c-46fd-91f4-efa396687fa3@group-BDA6565D0529, cid=163, FAILED org.apache.ratis.protocol.NotLeaderException: Server 87196072-496c-46fd-91f4-efa396687fa3@group-BDA6565D0529 is not the leader, logIndex=0, commits[87196072-496c-46fd-91f4-efa396687fa3:c-1, 3264e783-a886-4a98-ba84-26339acf7926:c-1, 72a9c052-68b3-4600-b46c-b388f8da2720:c-1]
2019-09-10 05:34:18,161 [Thread-2981] INFO  impl.FollowerState (FollowerState.java:run(106)) - 87196072-496c-46fd-91f4-efa396687fa3:group-BDA6565D0529 changes to CANDIDATE, lastRpcTime:5074, electionTimeout:5056ms
2019-09-10 05:34:18,165 [Thread-2981] INFO  impl.RoleInfo (RoleInfo.java:shutdownFollowerState(121)) - 87196072-496c-46fd-91f4-efa396687fa3: shutdown FollowerState
2019-09-10 05:34:18,165 [Thread-2981] INFO  impl.RaftServerImpl (RaftServerImpl.java:setRole(174)) - 87196072-496c-46fd-91f4-efa396687fa3@group-BDA6565D0529: changes role from  FOLLOWER to CANDIDATE at term 4 for changeToCandidate
2019-09-10 05:34:18,165 [Thread-2981] INFO  impl.RoleInfo (RoleInfo.java:updateAndGet(143)) - 87196072-496c-46fd-91f4-efa396687fa3: start LeaderElection
2019-09-10 05:34:18,181 [87196072-496c-46fd-91f4-efa396687fa3@group-BDA6565D0529:LeaderElection69] INFO  impl.LeaderElection (LeaderElection.java:askForVotes(182)) - 87196072-496c-46fd-91f4-efa396687fa3@group-BDA6565D0529:LeaderElection69: begin an election at term 5 for 0: [87196072-496c-46fd-91f4-efa396687fa3:192.168.36.76:35461, 3264e783-a886-4a98-ba84-26339acf7926:192.168.36.76:36054, 72a9c052-68b3-4600-b46c-b388f8da2720:192.168.36.76:33685], old=null
2019-09-10 05:34:18,189 [grpc-default-executor-0] INFO  impl.RaftServerImpl (RaftServerImpl.java:setRole(174)) - 3264e783-a886-4a98-ba84-26339acf7926@group-BDA6565D0529: changes role from  FOLLOWER to FOLLOWER at term 5 for recognizeCandidate:87196072-496c-46fd-91f4-efa396687fa3
2019-09-10 05:34:18,189 [grpc-default-executor-8] INFO  impl.RaftServerImpl (RaftServerImpl.java:setRole(174)) - 72a9c052-68b3-4600-b46c-b388f8da2720@group-BDA6565D0529: changes role from  FOLLOWER to FOLLOWER at term 5 for recognizeCandidate:87196072-496c-46fd-91f4-efa396687fa3
2019-09-10 05:34:18,189 [grpc-default-executor-0] INFO  impl.RoleInfo (RoleInfo.java:shutdownFollowerState(121)) - 3264e783-a886-4a98-ba84-26339acf7926: shutdown FollowerState
2019-09-10 05:34:18,190 [grpc-default-executor-8] INFO  impl.RoleInfo (RoleInfo.java:shutdownFollowerState(121)) - 72a9c052-68b3-4600-b46c-b388f8da2720: shutdown FollowerState
2019-09-10 05:34:18,190 [Thread-2982] INFO  impl.FollowerState (FollowerState.java:run(115)) - 3264e783-a886-4a98-ba84-26339acf7926: FollowerState was interrupted: java.lang.InterruptedException: sleep interrupted
2019-09-10 05:34:18,190 [grpc-default-executor-8] INFO  impl.RoleInfo (RoleInfo.java:updateAndGet(143)) - 72a9c052-68b3-4600-b46c-b388f8da2720: start FollowerState
2019-09-10 05:34:18,190 [grpc-default-executor-0] INFO  impl.RoleInfo (RoleInfo.java:updateAndGet(143)) - 3264e783-a886-4a98-ba84-26339acf7926: start FollowerState
2019-09-10 05:34:18,190 [Thread-2980] INFO  impl.FollowerState (FollowerState.java:run(115)) - 72a9c052-68b3-4600-b46c-b388f8da2720: FollowerState was interrupted: java.lang.InterruptedException: sleep interrupted
2019-09-10 05:34:18,214 [87196072-496c-46fd-91f4-efa396687fa3@group-BDA6565D0529:LeaderElection69] INFO  impl.LeaderElection (LeaderElection.java:logAndReturn(56)) - 87196072-496c-46fd-91f4-efa396687fa3@group-BDA6565D0529:LeaderElection69: Election PASSED; received 1 response(s) [87196072-496c-46fd-91f4-efa396687fa3<-72a9c052-68b3-4600-b46c-b388f8da2720#0:OK-t5] and 0 exception(s); 87196072-496c-46fd-91f4-efa396687fa3@group-BDA6565D0529:t5, leader=null, voted=87196072-496c-46fd-91f4-efa396687fa3, raftlog=87196072-496c-46fd-91f4-efa396687fa3@group-BDA6565D0529-SegmentedRaftLog:OPENED:c-1,f0,i0, conf=0: [87196072-496c-46fd-91f4-efa396687fa3:192.168.36.76:35461, 3264e783-a886-4a98-ba84-26339acf7926:192.168.36.76:36054, 72a9c052-68b3-4600-b46c-b388f8da2720:192.168.36.76:33685], old=null
2019-09-10 05:34:18,214 [87196072-496c-46fd-91f4-efa396687fa3@group-BDA6565D0529:LeaderElection69] INFO  impl.RoleInfo (RoleInfo.java:shutdownLeaderElection(134)) - 87196072-496c-46fd-91f4-efa396687fa3: shutdown LeaderElection
2019-09-10 05:34:18,214 [87196072-496c-46fd-91f4-efa396687fa3@group-BDA6565D0529:LeaderElection69] INFO  impl.RaftServerImpl (RaftServerImpl.java:setRole(174)) - 87196072-496c-46fd-91f4-efa396687fa3@group-BDA6565D0529: changes role from CANDIDATE to LEADER at term 5 for changeToLeader
2019-09-10 05:34:18,214 [87196072-496c-46fd-91f4-efa396687fa3@group-BDA6565D0529:LeaderElection69] INFO  impl.RaftServerImpl (ServerState.java:setLeader(253)) - 87196072-496c-46fd-91f4-efa396687fa3@group-BDA6565D0529: change Leader from null to 87196072-496c-46fd-91f4-efa396687fa3 at term 5 for becomeLeader, leader elected after 10128ms
2019-09-10 05:34:18,215 [87196072-496c-46fd-91f4-efa396687fa3@group-BDA6565D0529:LeaderElection69] INFO  server.RaftServerConfigKeys (ConfUtils.java:logGet(43)) - raft.server.staging.catchup.gap = 1000 (default)
2019-09-10 05:34:18,215 [87196072-496c-46fd-91f4-efa396687fa3@group-BDA6565D0529:LeaderElection69] INFO  server.RaftServerConfigKeys (ConfUtils.java:logGet(43)) - raft.server.rpc.sleep.time = 25ms (default)
2019-09-10 05:34:18,215 [87196072-496c-46fd-91f4-efa396687fa3@group-BDA6565D0529:LeaderElection69] INFO  server.RaftServerConfigKeys (ConfUtils.java:logGet(43)) - raft.server.write.element-limit = 4096 (default)
2019-09-10 05:34:18,215 [87196072-496c-46fd-91f4-efa396687fa3@group-BDA6565D0529:LeaderElection69] INFO  server.RaftServerConfigKeys (ConfUtils.java:logGet(43)) - raft.server.watch.timeout = 10s (default)
2019-09-10 05:34:18,215 [87196072-496c-46fd-91f4-efa396687fa3@group-BDA6565D0529:LeaderElection69] INFO  server.RaftServerConfigKeys (ConfUtils.java:logGet(43)) - raft.server.watch.timeout.denomination = 1s (default)
2019-09-10 05:34:18,215 [87196072-496c-46fd-91f4-efa396687fa3@group-BDA6565D0529:LeaderElection69] INFO  server.RaftServerConfigKeys (ConfUtils.java:logGet(43)) - raft.server.watch.element-limit = 65536 (default)
2019-09-10 05:34:18,216 [87196072-496c-46fd-91f4-efa396687fa3@group-BDA6565D0529:LeaderElection69] INFO  server.RaftServerConfigKeys (ConfUtils.java:logGet(43)) - raft.server.log.appender.snapshot.chunk.size.max = 16MB (=16777216) (default)
2019-09-10 05:34:18,216 [87196072-496c-46fd-91f4-efa396687fa3@group-BDA6565D0529:LeaderElection69] INFO  server.RaftServerConfigKeys (ConfUtils.java:logGet(43)) - raft.server.log.appender.buffer.byte-limit = 33554432 (custom)
2019-09-10 05:34:18,216 [87196072-496c-46fd-91f4-efa396687fa3@group-BDA6565D0529:LeaderElection69] INFO  server.RaftServerConfigKeys (ConfUtils.java:logGet(43)) - raft.server.log.appender.buffer.element-limit = 1 (custom)
2019-09-10 05:34:18,216 [87196072-496c-46fd-91f4-efa396687fa3@group-BDA6565D0529:LeaderElection69] INFO  grpc.GrpcConfigKeys$Server (ConfUtils.java:logGet(43)) - raft.grpc.server.leader.outstanding.appends.max = 128 (default)
2019-09-10 05:34:18,216 [87196072-496c-46fd-91f4-efa396687fa3@group-BDA6565D0529:LeaderElection69] INFO  server.RaftServerConfigKeys (ConfUtils.java:logGet(43)) - raft.server.rpc.request.timeout = 3000ms (default)
2019-09-10 05:34:18,216 [87196072-496c-46fd-91f4-efa396687fa3@group-BDA6565D0529:LeaderElection69] INFO  server.RaftServerConfigKeys (ConfUtils.java:logGet(43)) - raft.server.log.appender.install.snapshot.enabled = false (custom)
2019-09-10 05:34:18,217 [87196072-496c-46fd-91f4-efa396687fa3@group-BDA6565D0529:LeaderElection69] INFO  server.RaftServerConfigKeys (ConfUtils.java:logGet(43)) - raft.server.log.appender.snapshot.chunk.size.max = 16MB (=16777216) (default)
2019-09-10 05:34:18,217 [87196072-496c-46fd-91f4-efa396687fa3@group-BDA6565D0529:LeaderElection69] INFO  server.RaftServerConfigKeys (ConfUtils.java:logGet(43)) - raft.server.log.appender.buffer.byte-limit = 33554432 (custom)
2019-09-10 05:34:18,217 [87196072-496c-46fd-91f4-efa396687fa3@group-BDA6565D0529:LeaderElection69] INFO  server.RaftServerConfigKeys (ConfUtils.java:logGet(43)) - raft.server.log.appender.buffer.element-limit = 1 (custom)
2019-09-10 05:34:18,217 [87196072-496c-46fd-91f4-efa396687fa3@group-BDA6565D0529:LeaderElection69] INFO  grpc.GrpcConfigKeys$Server (ConfUtils.java:logGet(43)) - raft.grpc.server.leader.outstanding.appends.max = 128 (default)
2019-09-10 05:34:18,217 [87196072-496c-46fd-91f4-efa396687fa3@group-BDA6565D0529:LeaderElection69] INFO  server.RaftServerConfigKeys (ConfUtils.java:logGet(43)) - raft.server.rpc.request.timeout = 3000ms (default)
2019-09-10 05:34:18,217 [87196072-496c-46fd-91f4-efa396687fa3@group-BDA6565D0529:LeaderElection69] INFO  server.RaftServerConfigKeys (ConfUtils.java:logGet(43)) - raft.server.log.appender.install.snapshot.enabled = false (custom)
2019-09-10 05:34:18,217 [87196072-496c-46fd-91f4-efa396687fa3@group-BDA6565D0529:LeaderElection69] INFO  impl.RoleInfo (RoleInfo.java:updateAndGet(143)) - 87196072-496c-46fd-91f4-efa396687fa3: start LeaderState
2019-09-10 05:34:18,218 [87196072-496c-46fd-91f4-efa396687fa3@group-BDA6565D0529:LeaderElection69] INFO  segmented.SegmentedRaftLogWorker (SegmentedRaftLogWorker.java:rollLogSegment(385)) - 87196072-496c-46fd-91f4-efa396687fa3@group-BDA6565D0529-SegmentedRaftLogWorker: Rolling segment log-0_0 to index:0
2019-09-10 05:34:18,221 [87196072-496c-46fd-91f4-efa396687fa3@group-BDA6565D0529-SegmentedRaftLogWorker] INFO  segmented.SegmentedRaftLogWorker (SegmentedRaftLogWorker.java:execute(526)) - 87196072-496c-46fd-91f4-efa396687fa3@group-BDA6565D0529-SegmentedRaftLogWorker: Rolled log segment from /workdir/hadoop-ozone/integration-test/target/test-dir/MiniOzoneClusterImpl-9d9b5fd6-f7d9-4221-8942-13da4fae1afe/datanode-3/data/ratis/34112554-ff58-4c99-954c-bda6565d0529/current/log_inprogress_0 to /workdir/hadoop-ozone/integration-test/target/test-dir/MiniOzoneClusterImpl-9d9b5fd6-f7d9-4221-8942-13da4fae1afe/datanode-3/data/ratis/34112554-ff58-4c99-954c-bda6565d0529/current/log_0-0
2019-09-10 05:34:18,224 [87196072-496c-46fd-91f4-efa396687fa3@group-BDA6565D0529:LeaderElection69] INFO  impl.RaftServerImpl (ServerState.java:setRaftConf(354)) - 87196072-496c-46fd-91f4-efa396687fa3@group-BDA6565D0529: set configuration 1: [87196072-496c-46fd-91f4-efa396687fa3:192.168.36.76:35461, 3264e783-a886-4a98-ba84-26339acf7926:192.168.36.76:36054, 72a9c052-68b3-4600-b46c-b388f8da2720:192.168.36.76:33685], old=null at 1
2019-09-10 05:34:18,225 [grpc-default-executor-8] INFO  impl.RaftServerImpl (ServerState.java:setLeader(253)) - 3264e783-a886-4a98-ba84-26339acf7926@group-BDA6565D0529: change Leader from null to 87196072-496c-46fd-91f4-efa396687fa3 at term 5 for appendEntries, leader elected after 20519ms
2019-09-10 05:34:18,225 [grpc-default-executor-0] INFO  impl.RaftServerImpl (ServerState.java:setLeader(253)) - 72a9c052-68b3-4600-b46c-b388f8da2720@group-BDA6565D0529: change Leader from null to 87196072-496c-46fd-91f4-efa396687fa3 at term 5 for appendEntries, leader elected after 10133ms
2019-09-10 05:34:18,248 [grpc-default-executor-8] INFO  impl.RaftServerImpl (RaftServerImpl.java:checkInconsistentAppendEntries(1003)) - 3264e783-a886-4a98-ba84-26339acf7926@group-BDA6565D0529: Failed appendEntries as previous log entry ((t:2, i:0)) is not found
2019-09-10 05:34:18,248 [grpc-default-executor-8] INFO  impl.RaftServerImpl (RaftServerImpl.java:checkInconsistentAppendEntries(976)) - 3264e783-a886-4a98-ba84-26339acf7926@group-BDA6565D0529: inconsistency entries. Reply:87196072-496c-46fd-91f4-efa396687fa3<-3264e783-a886-4a98-ba84-26339acf7926#0:FAIL,INCONSISTENCY,nextIndex:0,term:5,followerCommit:-1
2019-09-10 05:34:18,249 [grpc-default-executor-8] INFO  impl.FollowerInfo (FollowerInfo.java:lambda$new$0(51)) - 87196072-496c-46fd-91f4-efa396687fa3@group-BDA6565D0529->3264e783-a886-4a98-ba84-26339acf7926: nextIndex: updateUnconditionally 1 -> 0
2019-09-10 05:34:18,250 [grpc-default-executor-0] INFO  impl.RaftServerImpl (ServerState.java:setRaftConf(354)) - 72a9c052-68b3-4600-b46c-b388f8da2720@group-BDA6565D0529: set configuration 1: [87196072-496c-46fd-91f4-efa396687fa3:192.168.36.76:35461, 3264e783-a886-4a98-ba84-26339acf7926:192.168.36.76:36054, 72a9c052-68b3-4600-b46c-b388f8da2720:192.168.36.76:33685], old=null at 1
2019-09-10 05:34:18,250 [grpc-default-executor-0] INFO  segmented.SegmentedRaftLogWorker (SegmentedRaftLogWorker.java:rollLogSegment(385)) - 72a9c052-68b3-4600-b46c-b388f8da2720@group-BDA6565D0529-SegmentedRaftLogWorker: Rolling segment log-0_0 to index:0
2019-09-10 05:34:18,250 [grpc-default-executor-8] INFO  impl.RaftServerImpl (ServerState.java:setRaftConf(354)) - 3264e783-a886-4a98-ba84-26339acf7926@group-BDA6565D0529: set configuration 0: [87196072-496c-46fd-91f4-efa396687fa3:192.168.36.76:35461, 3264e783-a886-4a98-ba84-26339acf7926:192.168.36.76:36054, 72a9c052-68b3-4600-b46c-b388f8da2720:192.168.36.76:33685], old=null at 0
2019-09-10 05:34:18,250 [grpc-default-executor-8] INFO  segmented.SegmentedRaftLogWorker (SegmentedRaftLogWorker.java:startLogSegment(380)) - 3264e783-a886-4a98-ba84-26339acf7926@group-BDA6565D0529-SegmentedRaftLogWorker: Starting segment from index:0
2019-09-10 05:34:18,251 [72a9c052-68b3-4600-b46c-b388f8da2720@group-BDA6565D0529-SegmentedRaftLogWorker] INFO  segmented.SegmentedRaftLogWorker (SegmentedRaftLogWorker.java:execute(526)) - 72a9c052-68b3-4600-b46c-b388f8da2720@group-BDA6565D0529-SegmentedRaftLogWorker: Rolled log segment from /workdir/hadoop-ozone/integration-test/target/test-dir/MiniOzoneClusterImpl-9d9b5fd6-f7d9-4221-8942-13da4fae1afe/datanode-0/data/ratis/34112554-ff58-4c99-954c-bda6565d0529/current/log_inprogress_0 to /workdir/hadoop-ozone/integration-test/target/test-dir/MiniOzoneClusterImpl-9d9b5fd6-f7d9-4221-8942-13da4fae1afe/datanode-0/data/ratis/34112554-ff58-4c99-954c-bda6565d0529/current/log_0-0
2019-09-10 05:34:18,251 [grpc-default-executor-8] INFO  impl.RaftServerImpl (ServerState.java:setRaftConf(354)) - 3264e783-a886-4a98-ba84-26339acf7926@group-BDA6565D0529: set configuration 1: [87196072-496c-46fd-91f4-efa396687fa3:192.168.36.76:35461, 3264e783-a886-4a98-ba84-26339acf7926:192.168.36.76:36054, 72a9c052-68b3-4600-b46c-b388f8da2720:192.168.36.76:33685], old=null at 1
2019-09-10 05:34:18,251 [grpc-default-executor-8] INFO  segmented.SegmentedRaftLogWorker (SegmentedRaftLogWorker.java:rollLogSegment(385)) - 3264e783-a886-4a98-ba84-26339acf7926@group-BDA6565D0529-SegmentedRaftLogWorker: Rolling segment log-0_0 to index:0
2019-09-10 05:34:18,258 [87196072-496c-46fd-91f4-efa396687fa3@group-BDA6565D0529-SegmentedRaftLogWorker] INFO  segmented.SegmentedRaftLogWorker (SegmentedRaftLogWorker.java:execute(569)) - 87196072-496c-46fd-91f4-efa396687fa3@group-BDA6565D0529-SegmentedRaftLogWorker: created new log segment /workdir/hadoop-ozone/integration-test/target/test-dir/MiniOzoneClusterImpl-9d9b5fd6-f7d9-4221-8942-13da4fae1afe/datanode-3/data/ratis/34112554-ff58-4c99-954c-bda6565d0529/current/log_inprogress_1
2019-09-10 05:34:18,283 [72a9c052-68b3-4600-b46c-b388f8da2720@group-BDA6565D0529-SegmentedRaftLogWorker] INFO  segmented.SegmentedRaftLogWorker (SegmentedRaftLogWorker.java:execute(569)) - 72a9c052-68b3-4600-b46c-b388f8da2720@group-BDA6565D0529-SegmentedRaftLogWorker: created new log segment /workdir/hadoop-ozone/integration-test/target/test-dir/MiniOzoneClusterImpl-9d9b5fd6-f7d9-4221-8942-13da4fae1afe/datanode-0/data/ratis/34112554-ff58-4c99-954c-bda6565d0529/current/log_inprogress_1
2019-09-10 05:34:18,283 [3264e783-a886-4a98-ba84-26339acf7926@group-BDA6565D0529-SegmentedRaftLogWorker] INFO  segmented.SegmentedRaftLogWorker (SegmentedRaftLogWorker.java:execute(569)) - 3264e783-a886-4a98-ba84-26339acf7926@group-BDA6565D0529-SegmentedRaftLogWorker: created new log segment /workdir/hadoop-ozone/integration-test/target/test-dir/MiniOzoneClusterImpl-9d9b5fd6-f7d9-4221-8942-13da4fae1afe/datanode-5/data/ratis/34112554-ff58-4c99-954c-bda6565d0529/current/log_inprogress_0
2019-09-10 05:34:18,285 [3264e783-a886-4a98-ba84-26339acf7926@group-BDA6565D0529-SegmentedRaftLogWorker] INFO  segmented.SegmentedRaftLogWorker (SegmentedRaftLogWorker.java:execute(526)) - 3264e783-a886-4a98-ba84-26339acf7926@group-BDA6565D0529-SegmentedRaftLogWorker: Rolled log segment from /workdir/hadoop-ozone/integration-test/target/test-dir/MiniOzoneClusterImpl-9d9b5fd6-f7d9-4221-8942-13da4fae1afe/datanode-5/data/ratis/34112554-ff58-4c99-954c-bda6565d0529/current/log_inprogress_0 to /workdir/hadoop-ozone/integration-test/target/test-dir/MiniOzoneClusterImpl-9d9b5fd6-f7d9-4221-8942-13da4fae1afe/datanode-5/data/ratis/34112554-ff58-4c99-954c-bda6565d0529/current/log_0-0
2019-09-10 05:34:18,314 [3264e783-a886-4a98-ba84-26339acf7926@group-BDA6565D0529-SegmentedRaftLogWorker] INFO  segmented.SegmentedRaftLogWorker (SegmentedRaftLogWorker.java:execute(569)) - 3264e783-a886-4a98-ba84-26339acf7926@group-BDA6565D0529-SegmentedRaftLogWorker: created new log segment /workdir/hadoop-ozone/integration-test/target/test-dir/MiniOzoneClusterImpl-9d9b5fd6-f7d9-4221-8942-13da4fae1afe/datanode-5/data/ratis/34112554-ff58-4c99-954c-bda6565d0529/current/log_inprogress_1
2019-09-10 05:34:18,745 [grpc-default-executor-0] INFO  client.GrpcClientProtocolClient (GrpcClientProtocolClient.java:onNext(264)) - client-7E8EFB653B64->3264e783-a886-4a98-ba84-26339acf7926: receive RaftClientReply:client-7E8EFB653B64->3264e783-a886-4a98-ba84-26339acf7926@group-BDA6565D0529, cid=163, FAILED org.apache.ratis.protocol.NotLeaderException: Server 3264e783-a886-4a98-ba84-26339acf7926@group-BDA6565D0529 is not the leader 87196072-496c-46fd-91f4-efa396687fa3:192.168.36.76:35461, logIndex=0, commits[3264e783-a886-4a98-ba84-26339acf7926:c1, 87196072-496c-46fd-91f4-efa396687fa3:c1, 72a9c052-68b3-4600-b46c-b388f8da2720:c-1]
2019-09-10 05:34:18,892 [grpc-default-executor-0] INFO  client.GrpcClientProtocolClient (GrpcClientProtocolClient.java:onNext(264)) - client-7E8EFB653B64->87196072-496c-46fd-91f4-efa396687fa3: receive RaftClientReply:client-7E8EFB653B64->87196072-496c-46fd-91f4-efa396687fa3@group-BDA6565D0529, cid=163, SUCCESS, logIndex=3, commits[87196072-496c-46fd-91f4-efa396687fa3:c3, 3264e783-a886-4a98-ba84-26339acf7926:c2, 72a9c052-68b3-4600-b46c-b388f8da2720:c2]
2019-09-10 05:34:18,917 [grpc-default-executor-8] INFO  client.GrpcClientProtocolClient (GrpcClientProtocolClient.java:onNext(264)) - client-7E8EFB653B64->87196072-496c-46fd-91f4-efa396687fa3: receive RaftClientReply:client-7E8EFB653B64->87196072-496c-46fd-91f4-efa396687fa3@group-BDA6565D0529, cid=164, SUCCESS, logIndex=5, commits[87196072-496c-46fd-91f4-efa396687fa3:c6, 3264e783-a886-4a98-ba84-26339acf7926:c3, 72a9c052-68b3-4600-b46c-b388f8da2720:c4]
2019-09-10 05:34:18,954 [grpc-default-executor-8] INFO  client.GrpcClientProtocolClient (GrpcClientProtocolClient.java:onNext(264)) - client-7E8EFB653B64->87196072-496c-46fd-91f4-efa396687fa3: receive RaftClientReply:client-7E8EFB653B64->87196072-496c-46fd-91f4-efa396687fa3@group-BDA6565D0529, cid=165, SUCCESS, logIndex=6, commits[87196072-496c-46fd-91f4-efa396687fa3:c14, 3264e783-a886-4a98-ba84-26339acf7926:c6, 72a9c052-68b3-4600-b46c-b388f8da2720:c6]
2019-09-10 05:34:18,955 [grpc-default-executor-8] INFO  client.GrpcClientProtocolClient (GrpcClientProtocolClient.java:onNext(264)) - client-7E8EFB653B64->87196072-496c-46fd-91f4-efa396687fa3: receive RaftClientReply:client-7E8EFB653B64->87196072-496c-46fd-91f4-efa396687fa3@group-BDA6565D0529, cid=166, SUCCESS, logIndex=7, commits[87196072-496c-46fd-91f4-efa396687fa3:c14, 3264e783-a886-4a98-ba84-26339acf7926:c6, 72a9c052-68b3-4600-b46c-b388f8da2720:c6]
2019-09-10 05:34:18,956 [grpc-default-executor-8] INFO  client.GrpcClientProtocolClient (GrpcClientProtocolClient.java:onNext(264)) - client-7E8EFB653B64->87196072-496c-46fd-91f4-efa396687fa3: receive RaftClientReply:client-7E8EFB653B64->87196072-496c-46fd-91f4-efa396687fa3@group-BDA6565D0529, cid=167, SUCCESS, logIndex=8, commits[87196072-496c-46fd-91f4-efa396687fa3:c14, 3264e783-a886-4a98-ba84-26339acf7926:c6, 72a9c052-68b3-4600-b46c-b388f8da2720:c6]
2019-09-10 05:34:19,099 [grpc-default-executor-8] INFO  client.GrpcClientProtocolClient (GrpcClientProtocolClient.java:onNext(264)) - client-7E8EFB653B64->87196072-496c-46fd-91f4-efa396687fa3: receive RaftClientReply:client-7E8EFB653B64->87196072-496c-46fd-91f4-efa396687fa3@group-BDA6565D0529, cid=168, SUCCESS, logIndex=9, commits[87196072-496c-46fd-91f4-efa396687fa3:c14, 3264e783-a886-4a98-ba84-26339acf7926:c6, 72a9c052-68b3-4600-b46c-b388f8da2720:c6]
2019-09-10 05:34:19,118 [grpc-default-executor-10] INFO  client.GrpcClientProtocolClient (GrpcClientProtocolClient.java:onNext(264)) - client-7E8EFB653B64->87196072-496c-46fd-91f4-efa396687fa3: receive RaftClientReply:client-7E8EFB653B64->87196072-496c-46fd-91f4-efa396687fa3@group-BDA6565D0529, cid=169, SUCCESS, logIndex=15, commits[87196072-496c-46fd-91f4-efa396687fa3:c16, 3264e783-a886-4a98-ba84-26339acf7926:c14, 72a9c052-68b3-4600-b46c-b388f8da2720:c14]
2019-09-10 05:34:19,119 [grpc-default-executor-10] INFO  client.GrpcClientProtocolClient (GrpcClientProtocolClient.java:onNext(264)) - client-7E8EFB653B64->87196072-496c-46fd-91f4-efa396687fa3: receive RaftClientReply:client-7E8EFB653B64->87196072-496c-46fd-91f4-efa396687fa3@group-BDA6565D0529, cid=170, SUCCESS, logIndex=16, commits[87196072-496c-46fd-91f4-efa396687fa3:c18, 3264e783-a886-4a98-ba84-26339acf7926:c14, 72a9c052-68b3-4600-b46c-b388f8da2720:c14]
2019-09-10 05:34:20,122 [main] WARN  scm.XceiverClientRatis (XceiverClientRatis.java:watchForCommit(262)) - 3 way commit failed on pipeline Pipeline[ Id: 34112554-ff58-4c99-954c-bda6565d0529, Nodes: 72a9c052-68b3-4600-b46c-b388f8da2720{ip: 192.168.36.76, host: trunk-nightly-20190910-vk757-903364635, networkLocation: /default-rack, certSerialId: null}87196072-496c-46fd-91f4-efa396687fa3{ip: 192.168.36.76, host: trunk-nightly-20190910-vk757-903364635, networkLocation: /default-rack, certSerialId: null}3264e783-a886-4a98-ba84-26339acf7926{ip: 192.168.36.76, host: trunk-nightly-20190910-vk757-903364635, networkLocation: /default-rack, certSerialId: null}, Type:RATIS, Factor:THREE, State:OPEN]
java.util.concurrent.TimeoutException
	at java.util.concurrent.CompletableFuture.timedGet(CompletableFuture.java:1771)
	at java.util.concurrent.CompletableFuture.get(CompletableFuture.java:1915)
	at org.apache.hadoop.hdds.scm.XceiverClientRatis.watchForCommit(XceiverClientRatis.java:259)
	at org.apache.hadoop.hdds.scm.storage.CommitWatcher.watchForCommit(CommitWatcher.java:194)
	at org.apache.hadoop.hdds.scm.storage.CommitWatcher.watchOnLastIndex(CommitWatcher.java:157)
	at org.apache.hadoop.hdds.scm.storage.BlockOutputStream.watchForCommit(BlockOutputStream.java:347)
	at org.apache.hadoop.hdds.scm.storage.BlockOutputStream.handleFlush(BlockOutputStream.java:479)
	at org.apache.hadoop.hdds.scm.storage.BlockOutputStream.flush(BlockOutputStream.java:428)
	at org.apache.hadoop.ozone.client.io.BlockOutputStreamEntry.flush(BlockOutputStreamEntry.java:136)
	at org.apache.hadoop.ozone.client.io.KeyOutputStream.handleFlushOrClose(KeyOutputStream.java:442)
	at org.apache.hadoop.ozone.client.io.KeyOutputStream.flush(KeyOutputStream.java:396)
	at org.apache.hadoop.ozone.client.io.OzoneOutputStream.flush(OzoneOutputStream.java:54)
	at org.apache.hadoop.ozone.client.rpc.TestBlockOutputStreamWithFailures.testWatchForCommitDatanodeFailure(TestBlockOutputStreamWithFailures.java:330)
	at sun.reflect.NativeMethodAccessorImpl.invoke0(Native Method)
	at sun.reflect.NativeMethodAccessorImpl.invoke(NativeMethodAccessorImpl.java:62)
	at sun.reflect.DelegatingMethodAccessorImpl.invoke(DelegatingMethodAccessorImpl.java:43)
	at java.lang.reflect.Method.invoke(Method.java:498)
	at org.junit.runners.model.FrameworkMethod$1.runReflectiveCall(FrameworkMethod.java:47)
	at org.junit.internal.runners.model.ReflectiveCallable.run(ReflectiveCallable.java:12)
	at org.junit.runners.model.FrameworkMethod.invokeExplosively(FrameworkMethod.java:44)
	at org.junit.internal.runners.statements.InvokeMethod.evaluate(InvokeMethod.java:17)
	at org.junit.internal.runners.statements.RunBefores.evaluate(RunBefores.java:26)
	at org.junit.internal.runners.statements.RunAfters.evaluate(RunAfters.java:27)
	at org.junit.runners.ParentRunner.runLeaf(ParentRunner.java:271)
	at org.junit.runners.BlockJUnit4ClassRunner.runChild(BlockJUnit4ClassRunner.java:70)
	at org.junit.runners.BlockJUnit4ClassRunner.runChild(BlockJUnit4ClassRunner.java:50)
	at org.junit.runners.ParentRunner$3.run(ParentRunner.java:238)
	at org.junit.runners.ParentRunner$1.schedule(ParentRunner.java:63)
	at org.junit.runners.ParentRunner.runChildren(ParentRunner.java:236)
	at org.junit.runners.ParentRunner.access$000(ParentRunner.java:53)
	at org.junit.runners.ParentRunner$2.evaluate(ParentRunner.java:229)
	at org.junit.runners.ParentRunner.run(ParentRunner.java:309)
	at org.apache.maven.surefire.junit4.JUnit4Provider.execute(JUnit4Provider.java:365)
	at org.apache.maven.surefire.junit4.JUnit4Provider.executeWithRerun(JUnit4Provider.java:273)
	at org.apache.maven.surefire.junit4.JUnit4Provider.executeTestSet(JUnit4Provider.java:238)
	at org.apache.maven.surefire.junit4.JUnit4Provider.invoke(JUnit4Provider.java:159)
	at org.apache.maven.surefire.booter.ForkedBooter.invokeProviderInSameClassLoader(ForkedBooter.java:384)
	at org.apache.maven.surefire.booter.ForkedBooter.runSuitesInProcess(ForkedBooter.java:345)
	at org.apache.maven.surefire.booter.ForkedBooter.execute(ForkedBooter.java:126)
	at org.apache.maven.surefire.booter.ForkedBooter.main(ForkedBooter.java:418)
2019-09-10 05:34:21,124 [main] WARN  storage.CommitWatcher (CommitWatcher.java:watchForCommit(203)) - watchForCommit failed for index 16
java.util.concurrent.TimeoutException
	at java.util.concurrent.CompletableFuture.timedGet(CompletableFuture.java:1771)
	at java.util.concurrent.CompletableFuture.get(CompletableFuture.java:1915)
	at org.apache.hadoop.hdds.scm.XceiverClientRatis.watchForCommit(XceiverClientRatis.java:268)
	at org.apache.hadoop.hdds.scm.storage.CommitWatcher.watchForCommit(CommitWatcher.java:194)
	at org.apache.hadoop.hdds.scm.storage.CommitWatcher.watchOnLastIndex(CommitWatcher.java:157)
	at org.apache.hadoop.hdds.scm.storage.BlockOutputStream.watchForCommit(BlockOutputStream.java:347)
	at org.apache.hadoop.hdds.scm.storage.BlockOutputStream.handleFlush(BlockOutputStream.java:479)
	at org.apache.hadoop.hdds.scm.storage.BlockOutputStream.flush(BlockOutputStream.java:428)
	at org.apache.hadoop.ozone.client.io.BlockOutputStreamEntry.flush(BlockOutputStreamEntry.java:136)
	at org.apache.hadoop.ozone.client.io.KeyOutputStream.handleFlushOrClose(KeyOutputStream.java:442)
	at org.apache.hadoop.ozone.client.io.KeyOutputStream.flush(KeyOutputStream.java:396)
	at org.apache.hadoop.ozone.client.io.OzoneOutputStream.flush(OzoneOutputStream.java:54)
	at org.apache.hadoop.ozone.client.rpc.TestBlockOutputStreamWithFailures.testWatchForCommitDatanodeFailure(TestBlockOutputStreamWithFailures.java:330)
	at sun.reflect.NativeMethodAccessorImpl.invoke0(Native Method)
	at sun.reflect.NativeMethodAccessorImpl.invoke(NativeMethodAccessorImpl.java:62)
	at sun.reflect.DelegatingMethodAccessorImpl.invoke(DelegatingMethodAccessorImpl.java:43)
	at java.lang.reflect.Method.invoke(Method.java:498)
	at org.junit.runners.model.FrameworkMethod$1.runReflectiveCall(FrameworkMethod.java:47)
	at org.junit.internal.runners.model.ReflectiveCallable.run(ReflectiveCallable.java:12)
	at org.junit.runners.model.FrameworkMethod.invokeExplosively(FrameworkMethod.java:44)
	at org.junit.internal.runners.statements.InvokeMethod.evaluate(InvokeMethod.java:17)
	at org.junit.internal.runners.statements.RunBefores.evaluate(RunBefores.java:26)
	at org.junit.internal.runners.statements.RunAfters.evaluate(RunAfters.java:27)
	at org.junit.runners.ParentRunner.runLeaf(ParentRunner.java:271)
	at org.junit.runners.BlockJUnit4ClassRunner.runChild(BlockJUnit4ClassRunner.java:70)
	at org.junit.runners.BlockJUnit4ClassRunner.runChild(BlockJUnit4ClassRunner.java:50)
	at org.junit.runners.ParentRunner$3.run(ParentRunner.java:238)
	at org.junit.runners.ParentRunner$1.schedule(ParentRunner.java:63)
	at org.junit.runners.ParentRunner.runChildren(ParentRunner.java:236)
	at org.junit.runners.ParentRunner.access$000(ParentRunner.java:53)
	at org.junit.runners.ParentRunner$2.evaluate(ParentRunner.java:229)
	at org.junit.runners.ParentRunner.run(ParentRunner.java:309)
	at org.apache.maven.surefire.junit4.JUnit4Provider.execute(JUnit4Provider.java:365)
	at org.apache.maven.surefire.junit4.JUnit4Provider.executeWithRerun(JUnit4Provider.java:273)
	at org.apache.maven.surefire.junit4.JUnit4Provider.executeTestSet(JUnit4Provider.java:238)
	at org.apache.maven.surefire.junit4.JUnit4Provider.invoke(JUnit4Provider.java:159)
	at org.apache.maven.surefire.booter.ForkedBooter.invokeProviderInSameClassLoader(ForkedBooter.java:384)
	at org.apache.maven.surefire.booter.ForkedBooter.runSuitesInProcess(ForkedBooter.java:345)
	at org.apache.maven.surefire.booter.ForkedBooter.execute(ForkedBooter.java:126)
	at org.apache.maven.surefire.booter.ForkedBooter.main(ForkedBooter.java:418)
2019-09-10 05:34:21,125 [main] WARN  io.KeyOutputStream (KeyOutputStream.java:handleException(276)) - Encountered exception java.io.IOException: Unexpected Storage Container Exception: java.io.IOException: Unexpected Storage Container Exception: java.util.concurrent.TimeoutException on the pipeline Pipeline[ Id: 34112554-ff58-4c99-954c-bda6565d0529, Nodes: 72a9c052-68b3-4600-b46c-b388f8da2720{ip: 192.168.36.76, host: trunk-nightly-20190910-vk757-903364635, networkLocation: /default-rack, certSerialId: null}87196072-496c-46fd-91f4-efa396687fa3{ip: 192.168.36.76, host: trunk-nightly-20190910-vk757-903364635, networkLocation: /default-rack, certSerialId: null}3264e783-a886-4a98-ba84-26339acf7926{ip: 192.168.36.76, host: trunk-nightly-20190910-vk757-903364635, networkLocation: /default-rack, certSerialId: null}, Type:RATIS, Factor:THREE, State:OPEN]. The last committed block length is 400, uncommitted data length is 50 retry count 0
2019-09-10 05:34:21,182 [grpc-default-executor-10] INFO  client.GrpcClientProtocolClient (GrpcClientProtocolClient.java:onNext(264)) - client-81C2BD3BBE7E->2450cf49-9e1c-4def-9796-350dd1d43595: receive RaftClientReply:client-81C2BD3BBE7E->2450cf49-9e1c-4def-9796-350dd1d43595@group-432D1F24A09D, cid=173, FAILED org.apache.ratis.protocol.NotLeaderException: Server 2450cf49-9e1c-4def-9796-350dd1d43595@group-432D1F24A09D is not the leader 6fcfc11e-cb6d-4a85-a341-4f2bb55708c6:192.168.36.76:45794, logIndex=0, commits[2450cf49-9e1c-4def-9796-350dd1d43595:c0, 6fcfc11e-cb6d-4a85-a341-4f2bb55708c6:c0, 840dca29-f8a9-4c87-ab36-c2df3e8ce0ae:c0]
2019-09-10 05:34:21,363 [grpc-default-executor-10] INFO  client.GrpcClientProtocolClient (GrpcClientProtocolClient.java:onNext(264)) - client-81C2BD3BBE7E->6fcfc11e-cb6d-4a85-a341-4f2bb55708c6: receive RaftClientReply:client-81C2BD3BBE7E->6fcfc11e-cb6d-4a85-a341-4f2bb55708c6@group-432D1F24A09D, cid=173, SUCCESS, logIndex=1, commits[6fcfc11e-cb6d-4a85-a341-4f2bb55708c6:c1, 2450cf49-9e1c-4def-9796-350dd1d43595:c0, 840dca29-f8a9-4c87-ab36-c2df3e8ce0ae:c0]
2019-09-10 05:34:21,409 [grpc-default-executor-10] INFO  client.GrpcClientProtocolClient (GrpcClientProtocolClient.java:onNext(264)) - client-81C2BD3BBE7E->6fcfc11e-cb6d-4a85-a341-4f2bb55708c6: receive RaftClientReply:client-81C2BD3BBE7E->6fcfc11e-cb6d-4a85-a341-4f2bb55708c6@group-432D1F24A09D, cid=174, SUCCESS, logIndex=3, commits[6fcfc11e-cb6d-4a85-a341-4f2bb55708c6:c4, 2450cf49-9e1c-4def-9796-350dd1d43595:c3, 840dca29-f8a9-4c87-ab36-c2df3e8ce0ae:c3]
2019-09-10 05:34:21,410 [main] INFO  ozone.MiniOzoneClusterImpl (MiniOzoneClusterImpl.java:shutdown(307)) - Shutting down the Mini Ozone Cluster
2019-09-10 05:34:21,413 [main] INFO  ozone.MiniOzoneClusterImpl (MiniOzoneClusterImpl.java:stop(322)) - Stopping the Mini Ozone Cluster
2019-09-10 05:34:21,413 [main] INFO  ozone.MiniOzoneClusterImpl (MiniOzoneClusterImpl.java:stop(324)) - Stopping the OzoneManager
2019-09-10 05:34:21,413 [main] INFO  ipc.Server (Server.java:stop(3082)) - Stopping server on 36024
2019-09-10 05:34:21,422 [IPC Server listener on 36024] INFO  ipc.Server (Server.java:run(1185)) - Stopping IPC Server listener on 36024
2019-09-10 05:34:21,426 [main] INFO  ratis.OzoneManagerDoubleBuffer (OzoneManagerDoubleBuffer.java:stop(248)) - Stopping OMDoubleBuffer flush thread
2019-09-10 05:34:21,426 [OMDoubleBufferFlushThread] INFO  ratis.OzoneManagerDoubleBuffer (OzoneManagerDoubleBuffer.java:flushTransactions(191)) - OMDoubleBuffer flush thread OMDoubleBufferFlushThread is interrupted and will exit. OMDoubleBufferFlushThread
2019-09-10 05:34:21,426 [IPC Server Responder] INFO  ipc.Server (Server.java:run(1319)) - Stopping IPC Server Responder
2019-09-10 05:34:21,437 [main] INFO  utils.BackgroundService (BackgroundService.java:shutdown(148)) - Shutting down service KeyDeletingService
2019-09-10 05:34:21,439 [main] INFO  handler.ContextHandler (ContextHandler.java:doStop(910)) - Stopped o.e.j.w.WebAppContext@65da01f4{/,null,UNAVAILABLE}{/ozoneManager}
2019-09-10 05:34:21,440 [main] INFO  server.AbstractConnector (AbstractConnector.java:doStop(318)) - Stopped ServerConnector@22f02996{HTTP/1.1,[http/1.1]}{0.0.0.0:0}
2019-09-10 05:34:21,440 [main] INFO  handler.ContextHandler (ContextHandler.java:doStop(910)) - Stopped o.e.j.s.ServletContextHandler@1e226bcd{/static,file:///workdir/hadoop-ozone/integration-test/target/test-classes/webapps/static,UNAVAILABLE}
2019-09-10 05:34:21,441 [main] INFO  handler.ContextHandler (ContextHandler.java:doStop(910)) - Stopped o.e.j.s.ServletContextHandler@611d0763{/logs,file:///workdir/hadoop-ozone/integration-test/target/log,UNAVAILABLE}
2019-09-10 05:34:21,443 [main] INFO  ozone.MiniOzoneClusterImpl (MiniOzoneClusterImpl.java:stop(330)) - Shutting the HddsDatanodes
2019-09-10 05:34:21,618 [grpc-default-executor-8] INFO  client.GrpcClientProtocolClient (GrpcClientProtocolClient.java:onNext(264)) - client-7E8EFB653B64->87196072-496c-46fd-91f4-efa396687fa3: receive RaftClientReply:client-7E8EFB653B64->87196072-496c-46fd-91f4-efa396687fa3@group-BDA6565D0529, cid=172, SUCCESS, logIndex=0, commits[87196072-496c-46fd-91f4-efa396687fa3:c18, 3264e783-a886-4a98-ba84-26339acf7926:c18, 72a9c052-68b3-4600-b46c-b388f8da2720:c14]
2019-09-10 05:34:21,618 [grpc-default-executor-8] INFO  client.GrpcClientProtocolClient (GrpcClientProtocolClient.java:onNext(264)) - client-7E8EFB653B64->87196072-496c-46fd-91f4-efa396687fa3: receive RaftClientReply:client-7E8EFB653B64->87196072-496c-46fd-91f4-efa396687fa3@group-BDA6565D0529, cid=171, SUCCESS, logIndex=0, commits[87196072-496c-46fd-91f4-efa396687fa3:c18, 3264e783-a886-4a98-ba84-26339acf7926:c18, 72a9c052-68b3-4600-b46c-b388f8da2720:c18]
2019-09-10 05:34:22,339 [Datanode State Machine Thread - 0] INFO  statemachine.DatanodeStateMachine (DatanodeStateMachine.java:lambda$startDaemon$0(350)) - Ozone container server started.
2019-09-10 05:34:22,339 [Datanode State Machine Thread - 0] INFO  statemachine.DatanodeStateMachine (DatanodeStateMachine.java:lambda$startDaemon$0(350)) - Ozone container server started.
2019-09-10 05:34:26,365 [EventQueue-StaleNodeForStaleNodeHandler] INFO  node.StaleNodeHandler (StaleNodeHandler.java:onMessage(58)) - Datanode 840dca29-f8a9-4c87-ab36-c2df3e8ce0ae{ip: 192.168.36.76, host: trunk-nightly-20190910-vk757-903364635, networkLocation: /default-rack, certSerialId: null} moved to stale state. Finalizing its pipelines [PipelineID=60d802d0-730c-4e1e-8652-e4a2fd0c36ba, PipelineID=3f702eb2-d0d5-4a65-8869-432d1f24a09d]
2019-09-10 05:34:26,366 [EventQueue-StaleNodeForStaleNodeHandler] INFO  pipeline.SCMPipelineManager (SCMPipelineManager.java:finalizeAndDestroyPipeline(311)) - destroying pipeline:Pipeline[ Id: 60d802d0-730c-4e1e-8652-e4a2fd0c36ba, Nodes: 840dca29-f8a9-4c87-ab36-c2df3e8ce0ae{ip: 192.168.36.76, host: trunk-nightly-20190910-vk757-903364635, networkLocation: /default-rack, certSerialId: null}, Type:RATIS, Factor:ONE, State:OPEN]
2019-09-10 05:34:26,366 [EventQueue-StaleNodeForStaleNodeHandler] INFO  pipeline.PipelineStateManager (PipelineStateManager.java:finalizePipeline(123)) - Pipeline Pipeline[ Id: 60d802d0-730c-4e1e-8652-e4a2fd0c36ba, Nodes: 840dca29-f8a9-4c87-ab36-c2df3e8ce0ae{ip: 192.168.36.76, host: trunk-nightly-20190910-vk757-903364635, networkLocation: /default-rack, certSerialId: null}, Type:RATIS, Factor:ONE, State:CLOSED] moved to CLOSED state
2019-09-10 05:34:26,366 [EventQueue-StaleNodeForStaleNodeHandler] INFO  pipeline.SCMPipelineManager (SCMPipelineManager.java:finalizeAndDestroyPipeline(311)) - destroying pipeline:Pipeline[ Id: 3f702eb2-d0d5-4a65-8869-432d1f24a09d, Nodes: 2450cf49-9e1c-4def-9796-350dd1d43595{ip: 192.168.36.76, host: trunk-nightly-20190910-vk757-903364635, networkLocation: /default-rack, certSerialId: null}840dca29-f8a9-4c87-ab36-c2df3e8ce0ae{ip: 192.168.36.76, host: trunk-nightly-20190910-vk757-903364635, networkLocation: /default-rack, certSerialId: null}6fcfc11e-cb6d-4a85-a341-4f2bb55708c6{ip: 192.168.36.76, host: trunk-nightly-20190910-vk757-903364635, networkLocation: /default-rack, certSerialId: null}, Type:RATIS, Factor:THREE, State:OPEN]
2019-09-10 05:34:26,366 [EventQueue-StaleNodeForStaleNodeHandler] INFO  pipeline.PipelineStateManager (PipelineStateManager.java:finalizePipeline(123)) - Pipeline Pipeline[ Id: 3f702eb2-d0d5-4a65-8869-432d1f24a09d, Nodes: 2450cf49-9e1c-4def-9796-350dd1d43595{ip: 192.168.36.76, host: trunk-nightly-20190910-vk757-903364635, networkLocation: /default-rack, certSerialId: null}840dca29-f8a9-4c87-ab36-c2df3e8ce0ae{ip: 192.168.36.76, host: trunk-nightly-20190910-vk757-903364635, networkLocation: /default-rack, certSerialId: null}6fcfc11e-cb6d-4a85-a341-4f2bb55708c6{ip: 192.168.36.76, host: trunk-nightly-20190910-vk757-903364635, networkLocation: /default-rack, certSerialId: null}, Type:RATIS, Factor:THREE, State:CLOSED] moved to CLOSED state
2019-09-10 05:34:26,367 [EventQueue-StaleNodeForStaleNodeHandler] INFO  node.StaleNodeHandler (StaleNodeHandler.java:onMessage(58)) - Datanode 6fcfc11e-cb6d-4a85-a341-4f2bb55708c6{ip: 192.168.36.76, host: trunk-nightly-20190910-vk757-903364635, networkLocation: /default-rack, certSerialId: null} moved to stale state. Finalizing its pipelines [PipelineID=7d51b35a-5e18-4795-9b7e-55da90e8ff2d, PipelineID=3f702eb2-d0d5-4a65-8869-432d1f24a09d]
2019-09-10 05:34:26,367 [EventQueue-CloseContainerForCloseContainerEventHandler] INFO  container.CloseContainerEventHandler (CloseContainerEventHandler.java:onMessage(61)) - Close container Event triggered for container : #2
2019-09-10 05:34:26,367 [EventQueue-StaleNodeForStaleNodeHandler] INFO  pipeline.SCMPipelineManager (SCMPipelineManager.java:finalizeAndDestroyPipeline(311)) - destroying pipeline:Pipeline[ Id: 7d51b35a-5e18-4795-9b7e-55da90e8ff2d, Nodes: 6fcfc11e-cb6d-4a85-a341-4f2bb55708c6{ip: 192.168.36.76, host: trunk-nightly-20190910-vk757-903364635, networkLocation: /default-rack, certSerialId: null}, Type:RATIS, Factor:ONE, State:OPEN]
2019-09-10 05:34:26,372 [EventQueue-StaleNodeForStaleNodeHandler] INFO  pipeline.PipelineStateManager (PipelineStateManager.java:finalizePipeline(123)) - Pipeline Pipeline[ Id: 7d51b35a-5e18-4795-9b7e-55da90e8ff2d, Nodes: 6fcfc11e-cb6d-4a85-a341-4f2bb55708c6{ip: 192.168.36.76, host: trunk-nightly-20190910-vk757-903364635, networkLocation: /default-rack, certSerialId: null}, Type:RATIS, Factor:ONE, State:CLOSED] moved to CLOSED state
2019-09-10 05:34:26,372 [EventQueue-StaleNodeForStaleNodeHandler] INFO  pipeline.SCMPipelineManager (SCMPipelineManager.java:finalizeAndDestroyPipeline(311)) - destroying pipeline:Pipeline[ Id: 3f702eb2-d0d5-4a65-8869-432d1f24a09d, Nodes: 2450cf49-9e1c-4def-9796-350dd1d43595{ip: 192.168.36.76, host: trunk-nightly-20190910-vk757-903364635, networkLocation: /default-rack, certSerialId: null}840dca29-f8a9-4c87-ab36-c2df3e8ce0ae{ip: 192.168.36.76, host: trunk-nightly-20190910-vk757-903364635, networkLocation: /default-rack, certSerialId: null}6fcfc11e-cb6d-4a85-a341-4f2bb55708c6{ip: 192.168.36.76, host: trunk-nightly-20190910-vk757-903364635, networkLocation: /default-rack, certSerialId: null}, Type:RATIS, Factor:THREE, State:CLOSED]
2019-09-10 05:34:26,444 [ForkJoinPool.commonPool-worker-0] INFO  ozoneimpl.OzoneContainer (OzoneContainer.java:stop(231)) - Attempting to stop container services.
2019-09-10 05:34:26,444 [main] INFO  ozoneimpl.OzoneContainer (OzoneContainer.java:stop(231)) - Attempting to stop container services.
2019-09-10 05:34:26,447 [ForkJoinPool.commonPool-worker-0] INFO  impl.RaftServerProxy (RaftServerProxy.java:lambda$close$4(314)) - 6fcfc11e-cb6d-4a85-a341-4f2bb55708c6: close
2019-09-10 05:34:26,447 [main] INFO  impl.RaftServerProxy (RaftServerProxy.java:lambda$close$4(314)) - 840dca29-f8a9-4c87-ab36-c2df3e8ce0ae: close
2019-09-10 05:34:26,448 [ForkJoinPool.commonPool-worker-0] INFO  impl.RaftServerImpl (RaftServerImpl.java:lambda$shutdown$3(251)) - 6fcfc11e-cb6d-4a85-a341-4f2bb55708c6@group-55DA90E8FF2D: shutdown
2019-09-10 05:34:26,448 [main] INFO  impl.RaftServerImpl (RaftServerImpl.java:lambda$shutdown$3(251)) - 840dca29-f8a9-4c87-ab36-c2df3e8ce0ae@group-E4A2FD0C36BA: shutdown
2019-09-10 05:34:26,448 [ForkJoinPool.commonPool-worker-0] INFO  util.JmxRegister (JmxRegister.java:unregister(73)) - Successfully un-registered JMX Bean with object name Ratis:service=RaftServer,group=group-55DA90E8FF2D,id=6fcfc11e-cb6d-4a85-a341-4f2bb55708c6
2019-09-10 05:34:26,449 [main] INFO  util.JmxRegister (JmxRegister.java:unregister(73)) - Successfully un-registered JMX Bean with object name Ratis:service=RaftServer,group=group-E4A2FD0C36BA,id=840dca29-f8a9-4c87-ab36-c2df3e8ce0ae
2019-09-10 05:34:26,449 [ForkJoinPool.commonPool-worker-0] INFO  impl.RoleInfo (RoleInfo.java:shutdownLeaderState(104)) - 6fcfc11e-cb6d-4a85-a341-4f2bb55708c6: shutdown LeaderState
2019-09-10 05:34:26,449 [main] INFO  impl.RoleInfo (RoleInfo.java:shutdownLeaderState(104)) - 840dca29-f8a9-4c87-ab36-c2df3e8ce0ae: shutdown LeaderState
2019-09-10 05:34:26,450 [ForkJoinPool.commonPool-worker-0] INFO  impl.PendingRequests (PendingRequests.java:sendNotLeaderResponses(202)) - 6fcfc11e-cb6d-4a85-a341-4f2bb55708c6-PendingRequests: sendNotLeaderResponses
2019-09-10 05:34:26,450 [main] INFO  impl.PendingRequests (PendingRequests.java:sendNotLeaderResponses(202)) - 840dca29-f8a9-4c87-ab36-c2df3e8ce0ae-PendingRequests: sendNotLeaderResponses
2019-09-10 05:34:26,451 [ForkJoinPool.commonPool-worker-0] INFO  impl.StateMachineUpdater (StateMachineUpdater.java:stopAndJoin(125)) - 6fcfc11e-cb6d-4a85-a341-4f2bb55708c6@group-55DA90E8FF2D-StateMachineUpdater: set stopIndex = 0
2019-09-10 05:34:26,451 [main] INFO  impl.StateMachineUpdater (StateMachineUpdater.java:stopAndJoin(125)) - 840dca29-f8a9-4c87-ab36-c2df3e8ce0ae@group-E4A2FD0C36BA-StateMachineUpdater: set stopIndex = 0
2019-09-10 05:34:26,452 [main] INFO  impl.RaftServerImpl (ServerState.java:close(385)) - 840dca29-f8a9-4c87-ab36-c2df3e8ce0ae@group-E4A2FD0C36BA: closes. applyIndex: 0
2019-09-10 05:34:26,451 [ForkJoinPool.commonPool-worker-0] INFO  impl.RaftServerImpl (ServerState.java:close(385)) - 6fcfc11e-cb6d-4a85-a341-4f2bb55708c6@group-55DA90E8FF2D: closes. applyIndex: 0
2019-09-10 05:34:26,452 [840dca29-f8a9-4c87-ab36-c2df3e8ce0ae@group-E4A2FD0C36BA-SegmentedRaftLogWorker] INFO  segmented.SegmentedRaftLogWorker (SegmentedRaftLogWorker.java:run(313)) - 840dca29-f8a9-4c87-ab36-c2df3e8ce0ae@group-E4A2FD0C36BA-SegmentedRaftLogWorker was interrupted, exiting. There are 0 tasks remaining in the queue.
2019-09-10 05:34:26,452 [6fcfc11e-cb6d-4a85-a341-4f2bb55708c6@group-55DA90E8FF2D-SegmentedRaftLogWorker] INFO  segmented.SegmentedRaftLogWorker (SegmentedRaftLogWorker.java:run(313)) - 6fcfc11e-cb6d-4a85-a341-4f2bb55708c6@group-55DA90E8FF2D-SegmentedRaftLogWorker was interrupted, exiting. There are 0 tasks remaining in the queue.
2019-09-10 05:34:26,458 [ForkJoinPool.commonPool-worker-0] INFO  segmented.SegmentedRaftLogWorker (SegmentedRaftLogWorker.java:close(228)) - 6fcfc11e-cb6d-4a85-a341-4f2bb55708c6@group-55DA90E8FF2D-SegmentedRaftLogWorker close()
2019-09-10 05:34:26,458 [main] INFO  segmented.SegmentedRaftLogWorker (SegmentedRaftLogWorker.java:close(228)) - 840dca29-f8a9-4c87-ab36-c2df3e8ce0ae@group-E4A2FD0C36BA-SegmentedRaftLogWorker close()
2019-09-10 05:34:26,466 [ForkJoinPool.commonPool-worker-0] INFO  impl.RaftServerImpl (RaftServerImpl.java:lambda$shutdown$3(251)) - 6fcfc11e-cb6d-4a85-a341-4f2bb55708c6@group-432D1F24A09D: shutdown
2019-09-10 05:34:26,472 [main] INFO  impl.RaftServerImpl (RaftServerImpl.java:lambda$shutdown$3(251)) - 840dca29-f8a9-4c87-ab36-c2df3e8ce0ae@group-432D1F24A09D: shutdown
2019-09-10 05:34:26,473 [ForkJoinPool.commonPool-worker-0] INFO  util.JmxRegister (JmxRegister.java:unregister(73)) - Successfully un-registered JMX Bean with object name Ratis:service=RaftServer,group=group-432D1F24A09D,id=6fcfc11e-cb6d-4a85-a341-4f2bb55708c6
2019-09-10 05:34:26,473 [main] INFO  util.JmxRegister (JmxRegister.java:unregister(73)) - Successfully un-registered JMX Bean with object name Ratis:service=RaftServer,group=group-432D1F24A09D,id=840dca29-f8a9-4c87-ab36-c2df3e8ce0ae
2019-09-10 05:34:26,473 [ForkJoinPool.commonPool-worker-0] INFO  impl.RoleInfo (RoleInfo.java:shutdownLeaderState(104)) - 6fcfc11e-cb6d-4a85-a341-4f2bb55708c6: shutdown LeaderState
2019-09-10 05:34:26,473 [main] INFO  impl.RoleInfo (RoleInfo.java:shutdownFollowerState(121)) - 840dca29-f8a9-4c87-ab36-c2df3e8ce0ae: shutdown FollowerState
2019-09-10 05:34:26,479 [ForkJoinPool.commonPool-worker-0] INFO  impl.PendingRequests (PendingRequests.java:sendNotLeaderResponses(202)) - 6fcfc11e-cb6d-4a85-a341-4f2bb55708c6-PendingRequests: sendNotLeaderResponses
2019-09-10 05:34:26,479 [org.apache.ratis.server.impl.LogAppender$AppenderDaemon$$Lambda$512/623231696@4aba8a9c] WARN  server.GrpcLogAppender (GrpcLogAppender.java:mayWait(143)) - 6fcfc11e-cb6d-4a85-a341-4f2bb55708c6@group-432D1F24A09D->840dca29-f8a9-4c87-ab36-c2df3e8ce0ae-GrpcLogAppender: Wait interrupted by java.lang.InterruptedException
2019-09-10 05:34:26,479 [840dca29-f8a9-4c87-ab36-c2df3e8ce0ae@group-432D1F24A09D-StateMachineUpdater] INFO  ratis.ContainerStateMachine (ContainerStateMachine.java:takeSnapshot(289)) - group-432D1F24A09D: Taking a snapshot at:(t:1, i:3) file /workdir/hadoop-ozone/integration-test/target/test-dir/MiniOzoneClusterImpl-9d9b5fd6-f7d9-4221-8942-13da4fae1afe/datanode-4/data/ratis/3f702eb2-d0d5-4a65-8869-432d1f24a09d/sm/snapshot.1_3
2019-09-10 05:34:26,479 [Thread-2909] INFO  impl.FollowerState (FollowerState.java:run(115)) - 840dca29-f8a9-4c87-ab36-c2df3e8ce0ae: FollowerState was interrupted: java.lang.InterruptedException: sleep interrupted
2019-09-10 05:34:26,479 [org.apache.ratis.server.impl.LogAppender$AppenderDaemon$$Lambda$512/623231696@4d5a5cef] WARN  server.GrpcLogAppender (GrpcLogAppender.java:mayWait(143)) - 6fcfc11e-cb6d-4a85-a341-4f2bb55708c6@group-432D1F24A09D->2450cf49-9e1c-4def-9796-350dd1d43595-GrpcLogAppender: Wait interrupted by java.lang.InterruptedException
2019-09-10 05:34:26,487 [6fcfc11e-cb6d-4a85-a341-4f2bb55708c6@group-432D1F24A09D-StateMachineUpdater] INFO  ratis.ContainerStateMachine (ContainerStateMachine.java:takeSnapshot(289)) - group-432D1F24A09D: Taking a snapshot at:(t:1, i:4) file /workdir/hadoop-ozone/integration-test/target/test-dir/MiniOzoneClusterImpl-9d9b5fd6-f7d9-4221-8942-13da4fae1afe/datanode-1/data/ratis/3f702eb2-d0d5-4a65-8869-432d1f24a09d/sm/snapshot.1_4
2019-09-10 05:34:26,479 [main] INFO  impl.StateMachineUpdater (StateMachineUpdater.java:stopAndJoin(125)) - 840dca29-f8a9-4c87-ab36-c2df3e8ce0ae@group-432D1F24A09D-StateMachineUpdater: set stopIndex = 4
2019-09-10 05:34:26,487 [ForkJoinPool.commonPool-worker-0] INFO  impl.StateMachineUpdater (StateMachineUpdater.java:stopAndJoin(125)) - 6fcfc11e-cb6d-4a85-a341-4f2bb55708c6@group-432D1F24A09D-StateMachineUpdater: set stopIndex = 4
2019-09-10 05:34:26,488 [grpc-default-executor-8] INFO  server.GrpcServerProtocolService (GrpcServerProtocolService.java:onCompleted(113)) - 2450cf49-9e1c-4def-9796-350dd1d43595: Completed APPEND_ENTRIES, lastRequest: 6fcfc11e-cb6d-4a85-a341-4f2bb55708c6->2450cf49-9e1c-4def-9796-350dd1d43595#14-t1, previous=(t:1, i:4), leaderCommit=4, initializing? false, entries: <empty>
2019-09-10 05:34:26,488 [grpc-default-executor-10] INFO  server.GrpcServerProtocolService (GrpcServerProtocolService.java:onCompleted(113)) - 840dca29-f8a9-4c87-ab36-c2df3e8ce0ae: Completed APPEND_ENTRIES, lastRequest: 6fcfc11e-cb6d-4a85-a341-4f2bb55708c6->840dca29-f8a9-4c87-ab36-c2df3e8ce0ae#14-t1, previous=(t:1, i:4), leaderCommit=4, initializing? false, entries: <empty>
2019-09-10 05:34:26,488 [grpc-default-executor-10] INFO  server.GrpcLogAppender (GrpcLogAppender.java:onCompleted(293)) - 6fcfc11e-cb6d-4a85-a341-4f2bb55708c6@group-432D1F24A09D->2450cf49-9e1c-4def-9796-350dd1d43595-AppendLogResponseHandler: follower responses appendEntries COMPLETED
2019-09-10 05:34:26,489 [grpc-default-executor-8] INFO  server.GrpcLogAppender (GrpcLogAppender.java:onCompleted(293)) - 6fcfc11e-cb6d-4a85-a341-4f2bb55708c6@group-432D1F24A09D->840dca29-f8a9-4c87-ab36-c2df3e8ce0ae-AppendLogResponseHandler: follower responses appendEntries COMPLETED
2019-09-10 05:34:26,489 [grpc-default-executor-10] INFO  impl.FollowerInfo (FollowerInfo.java:lambda$new$0(51)) - 6fcfc11e-cb6d-4a85-a341-4f2bb55708c6@group-432D1F24A09D->2450cf49-9e1c-4def-9796-350dd1d43595: nextIndex: updateUnconditionally 5 -> 4
2019-09-10 05:34:26,489 [grpc-default-executor-8] INFO  impl.FollowerInfo (FollowerInfo.java:lambda$new$0(51)) - 6fcfc11e-cb6d-4a85-a341-4f2bb55708c6@group-432D1F24A09D->840dca29-f8a9-4c87-ab36-c2df3e8ce0ae: nextIndex: updateUnconditionally 5 -> 4
2019-09-10 05:34:26,530 [6fcfc11e-cb6d-4a85-a341-4f2bb55708c6@group-432D1F24A09D-StateMachineUpdater] INFO  ratis.ContainerStateMachine (ContainerStateMachine.java:takeSnapshot(300)) - group-432D1F24A09D: Finished taking a snapshot at:(t:1, i:4) file:/workdir/hadoop-ozone/integration-test/target/test-dir/MiniOzoneClusterImpl-9d9b5fd6-f7d9-4221-8942-13da4fae1afe/datanode-1/data/ratis/3f702eb2-d0d5-4a65-8869-432d1f24a09d/sm/snapshot.1_4 time:43
2019-09-10 05:34:26,530 [840dca29-f8a9-4c87-ab36-c2df3e8ce0ae@group-432D1F24A09D-StateMachineUpdater] INFO  ratis.ContainerStateMachine (ContainerStateMachine.java:takeSnapshot(300)) - group-432D1F24A09D: Finished taking a snapshot at:(t:1, i:3) file:/workdir/hadoop-ozone/integration-test/target/test-dir/MiniOzoneClusterImpl-9d9b5fd6-f7d9-4221-8942-13da4fae1afe/datanode-4/data/ratis/3f702eb2-d0d5-4a65-8869-432d1f24a09d/sm/snapshot.1_3 time:51
2019-09-10 05:34:26,530 [6fcfc11e-cb6d-4a85-a341-4f2bb55708c6@group-432D1F24A09D-StateMachineUpdater] INFO  impl.StateMachineUpdater (StateMachineUpdater.java:takeSnapshot(258)) - 6fcfc11e-cb6d-4a85-a341-4f2bb55708c6@group-432D1F24A09D-StateMachineUpdater: Took a snapshot at index 4
2019-09-10 05:34:26,530 [840dca29-f8a9-4c87-ab36-c2df3e8ce0ae@group-432D1F24A09D-StateMachineUpdater] INFO  impl.StateMachineUpdater (StateMachineUpdater.java:takeSnapshot(258)) - 840dca29-f8a9-4c87-ab36-c2df3e8ce0ae@group-432D1F24A09D-StateMachineUpdater: Took a snapshot at index 3
2019-09-10 05:34:26,530 [6fcfc11e-cb6d-4a85-a341-4f2bb55708c6@group-432D1F24A09D-StateMachineUpdater] INFO  impl.StateMachineUpdater (StateMachineUpdater.java:lambda$new$0(83)) - 6fcfc11e-cb6d-4a85-a341-4f2bb55708c6@group-432D1F24A09D-StateMachineUpdater: snapshotIndex: updateIncreasingly -1 -> 4
2019-09-10 05:34:26,530 [840dca29-f8a9-4c87-ab36-c2df3e8ce0ae@group-432D1F24A09D-StateMachineUpdater] INFO  impl.StateMachineUpdater (StateMachineUpdater.java:lambda$new$0(83)) - 840dca29-f8a9-4c87-ab36-c2df3e8ce0ae@group-432D1F24A09D-StateMachineUpdater: snapshotIndex: updateIncreasingly -1 -> 3
2019-09-10 05:34:26,530 [840dca29-f8a9-4c87-ab36-c2df3e8ce0ae@group-432D1F24A09D-StateMachineUpdater] INFO  ratis.ContainerStateMachine (ContainerStateMachine.java:takeSnapshot(289)) - group-432D1F24A09D: Taking a snapshot at:(t:1, i:3) file /workdir/hadoop-ozone/integration-test/target/test-dir/MiniOzoneClusterImpl-9d9b5fd6-f7d9-4221-8942-13da4fae1afe/datanode-4/data/ratis/3f702eb2-d0d5-4a65-8869-432d1f24a09d/sm/snapshot.1_3
2019-09-10 05:34:26,530 [ForkJoinPool.commonPool-worker-0] INFO  impl.RaftServerImpl (ServerState.java:close(385)) - 6fcfc11e-cb6d-4a85-a341-4f2bb55708c6@group-432D1F24A09D: closes. applyIndex: 4
2019-09-10 05:34:26,531 [6fcfc11e-cb6d-4a85-a341-4f2bb55708c6@group-432D1F24A09D-SegmentedRaftLogWorker] INFO  segmented.SegmentedRaftLogWorker (SegmentedRaftLogWorker.java:run(313)) - 6fcfc11e-cb6d-4a85-a341-4f2bb55708c6@group-432D1F24A09D-SegmentedRaftLogWorker was interrupted, exiting. There are 0 tasks remaining in the queue.
2019-09-10 05:34:26,534 [ForkJoinPool.commonPool-worker-0] INFO  segmented.SegmentedRaftLogWorker (SegmentedRaftLogWorker.java:close(228)) - 6fcfc11e-cb6d-4a85-a341-4f2bb55708c6@group-432D1F24A09D-SegmentedRaftLogWorker close()
2019-09-10 05:34:26,540 [ForkJoinPool.commonPool-worker-0] INFO  server.GrpcService (GrpcService.java:closeImpl(164)) - 6fcfc11e-cb6d-4a85-a341-4f2bb55708c6: shutdown server with port 45794 now
2019-09-10 05:34:26,541 [ForkJoinPool.commonPool-worker-0] INFO  server.GrpcService (GrpcService.java:closeImpl(172)) - 6fcfc11e-cb6d-4a85-a341-4f2bb55708c6: shutdown server with port 45794 successfully
2019-09-10 05:34:26,543 [refreshUsed-/workdir/hadoop-ozone/integration-test/target/test-dir/MiniOzoneClusterImpl-9d9b5fd6-f7d9-4221-8942-13da4fae1afe/datanode-1/data/containers] WARN  fs.CachingGetSpaceUsed (CachingGetSpaceUsed.java:run(183)) - Thread Interrupted waiting to refresh disk information: sleep interrupted
2019-09-10 05:34:26,562 [ForkJoinPool.commonPool-worker-0] INFO  utils.BackgroundService (BackgroundService.java:shutdown(148)) - Shutting down service BlockDeletingService
2019-09-10 05:34:26,569 [ForkJoinPool.commonPool-worker-0] INFO  statemachine.DatanodeStateMachine (DatanodeStateMachine.java:stopDaemon(395)) - Ozone container server stopped.
2019-09-10 05:34:26,572 [840dca29-f8a9-4c87-ab36-c2df3e8ce0ae@group-432D1F24A09D-StateMachineUpdater] INFO  ratis.ContainerStateMachine (ContainerStateMachine.java:takeSnapshot(300)) - group-432D1F24A09D: Finished taking a snapshot at:(t:1, i:3) file:/workdir/hadoop-ozone/integration-test/target/test-dir/MiniOzoneClusterImpl-9d9b5fd6-f7d9-4221-8942-13da4fae1afe/datanode-4/data/ratis/3f702eb2-d0d5-4a65-8869-432d1f24a09d/sm/snapshot.1_3 time:41
2019-09-10 05:34:26,572 [840dca29-f8a9-4c87-ab36-c2df3e8ce0ae@group-432D1F24A09D-StateMachineUpdater] INFO  impl.StateMachineUpdater (StateMachineUpdater.java:takeSnapshot(258)) - 840dca29-f8a9-4c87-ab36-c2df3e8ce0ae@group-432D1F24A09D-StateMachineUpdater: Took a snapshot at index 3
2019-09-10 05:34:26,574 [840dca29-f8a9-4c87-ab36-c2df3e8ce0ae@group-432D1F24A09D-StateMachineUpdater] INFO  impl.StateMachineUpdater (StateMachineUpdater.java:lambda$new$0(83)) - 840dca29-f8a9-4c87-ab36-c2df3e8ce0ae@group-432D1F24A09D-StateMachineUpdater: snapshotIndex: updateIncreasingly 3 -> 3
2019-09-10 05:34:26,575 [main] INFO  impl.RaftServerImpl (ServerState.java:close(385)) - 840dca29-f8a9-4c87-ab36-c2df3e8ce0ae@group-432D1F24A09D: closes. applyIndex: 4
2019-09-10 05:34:26,577 [ForkJoinPool.commonPool-worker-0] INFO  handler.ContextHandler (ContextHandler.java:doStop(910)) - Stopped o.e.j.w.WebAppContext@64f4f12{/,null,UNAVAILABLE}{/hddsDatanode}
2019-09-10 05:34:26,577 [840dca29-f8a9-4c87-ab36-c2df3e8ce0ae@group-432D1F24A09D-SegmentedRaftLogWorker] INFO  segmented.SegmentedRaftLogWorker (SegmentedRaftLogWorker.java:run(313)) - 840dca29-f8a9-4c87-ab36-c2df3e8ce0ae@group-432D1F24A09D-SegmentedRaftLogWorker was interrupted, exiting. There are 0 tasks remaining in the queue.
2019-09-10 05:34:26,580 [main] INFO  segmented.SegmentedRaftLogWorker (SegmentedRaftLogWorker.java:close(228)) - 840dca29-f8a9-4c87-ab36-c2df3e8ce0ae@group-432D1F24A09D-SegmentedRaftLogWorker close()
2019-09-10 05:34:26,585 [main] INFO  server.GrpcService (GrpcService.java:closeImpl(164)) - 840dca29-f8a9-4c87-ab36-c2df3e8ce0ae: shutdown server with port 33734 now
2019-09-10 05:34:26,585 [ForkJoinPool.commonPool-worker-0] INFO  server.AbstractConnector (AbstractConnector.java:doStop(318)) - Stopped ServerConnector@37d28938{HTTP/1.1,[http/1.1]}{0.0.0.0:0}
2019-09-10 05:34:26,587 [main] INFO  server.GrpcService (GrpcService.java:closeImpl(172)) - 840dca29-f8a9-4c87-ab36-c2df3e8ce0ae: shutdown server with port 33734 successfully
2019-09-10 05:34:26,588 [ForkJoinPool.commonPool-worker-0] INFO  handler.ContextHandler (ContextHandler.java:doStop(910)) - Stopped o.e.j.s.ServletContextHandler@4ffced4e{/static,jar:file:/home/user/.m2/repository/org/apache/hadoop/hadoop-hdds-container-service/0.5.0-SNAPSHOT/hadoop-hdds-container-service-0.5.0-SNAPSHOT.jar!/webapps/static,UNAVAILABLE}
2019-09-10 05:34:26,594 [ForkJoinPool.commonPool-worker-0] INFO  handler.ContextHandler (ContextHandler.java:doStop(910)) - Stopped o.e.j.s.ServletContextHandler@6f91fbda{/logs,file:///workdir/hadoop-ozone/integration-test/target/log,UNAVAILABLE}
2019-09-10 05:34:26,595 [refreshUsed-/workdir/hadoop-ozone/integration-test/target/test-dir/MiniOzoneClusterImpl-9d9b5fd6-f7d9-4221-8942-13da4fae1afe/datanode-4/data/containers] WARN  fs.CachingGetSpaceUsed (CachingGetSpaceUsed.java:run(183)) - Thread Interrupted waiting to refresh disk information: sleep interrupted
2019-09-10 05:34:26,613 [main] INFO  utils.BackgroundService (BackgroundService.java:shutdown(148)) - Shutting down service BlockDeletingService
2019-09-10 05:34:26,618 [main] INFO  statemachine.DatanodeStateMachine (DatanodeStateMachine.java:stopDaemon(395)) - Ozone container server stopped.
2019-09-10 05:34:26,620 [main] INFO  handler.ContextHandler (ContextHandler.java:doStop(910)) - Stopped o.e.j.w.WebAppContext@6842c101{/,null,UNAVAILABLE}{/hddsDatanode}
2019-09-10 05:34:26,621 [main] INFO  server.AbstractConnector (AbstractConnector.java:doStop(318)) - Stopped ServerConnector@234cd86c{HTTP/1.1,[http/1.1]}{0.0.0.0:0}
2019-09-10 05:34:26,621 [main] INFO  handler.ContextHandler (ContextHandler.java:doStop(910)) - Stopped o.e.j.s.ServletContextHandler@71d55b7e{/static,jar:file:/home/user/.m2/repository/org/apache/hadoop/hadoop-hdds-container-service/0.5.0-SNAPSHOT/hadoop-hdds-container-service-0.5.0-SNAPSHOT.jar!/webapps/static,UNAVAILABLE}
2019-09-10 05:34:26,622 [main] INFO  handler.ContextHandler (ContextHandler.java:doStop(910)) - Stopped o.e.j.s.ServletContextHandler@52ba685a{/logs,file:///workdir/hadoop-ozone/integration-test/target/log,UNAVAILABLE}
2019-09-10 05:34:26,869 [Datanode State Machine Thread - 0] INFO  statemachine.DatanodeStateMachine (DatanodeStateMachine.java:lambda$startDaemon$0(350)) - Ozone container server started.
2019-09-10 05:34:27,052 [Datanode State Machine Thread - 0] INFO  statemachine.DatanodeStateMachine (DatanodeStateMachine.java:lambda$startDaemon$0(350)) - Ozone container server started.
2019-09-10 05:34:30,873 [EventQueue-StaleNodeForStaleNodeHandler] INFO  node.StaleNodeHandler (StaleNodeHandler.java:onMessage(58)) - Datanode 87196072-496c-46fd-91f4-efa396687fa3{ip: 192.168.36.76, host: trunk-nightly-20190910-vk757-903364635, networkLocation: /default-rack, certSerialId: null} moved to stale state. Finalizing its pipelines [PipelineID=34112554-ff58-4c99-954c-bda6565d0529, PipelineID=9fa49df1-047f-4e89-bd91-f009c71d858a]
2019-09-10 05:34:30,873 [EventQueue-StaleNodeForStaleNodeHandler] INFO  pipeline.SCMPipelineManager (SCMPipelineManager.java:finalizeAndDestroyPipeline(311)) - destroying pipeline:Pipeline[ Id: 34112554-ff58-4c99-954c-bda6565d0529, Nodes: 72a9c052-68b3-4600-b46c-b388f8da2720{ip: 192.168.36.76, host: trunk-nightly-20190910-vk757-903364635, networkLocation: /default-rack, certSerialId: null}87196072-496c-46fd-91f4-efa396687fa3{ip: 192.168.36.76, host: trunk-nightly-20190910-vk757-903364635, networkLocation: /default-rack, certSerialId: null}3264e783-a886-4a98-ba84-26339acf7926{ip: 192.168.36.76, host: trunk-nightly-20190910-vk757-903364635, networkLocation: /default-rack, certSerialId: null}, Type:RATIS, Factor:THREE, State:OPEN]
2019-09-10 05:34:30,874 [EventQueue-StaleNodeForStaleNodeHandler] INFO  pipeline.PipelineStateManager (PipelineStateManager.java:finalizePipeline(123)) - Pipeline Pipeline[ Id: 34112554-ff58-4c99-954c-bda6565d0529, Nodes: 72a9c052-68b3-4600-b46c-b388f8da2720{ip: 192.168.36.76, host: trunk-nightly-20190910-vk757-903364635, networkLocation: /default-rack, certSerialId: null}87196072-496c-46fd-91f4-efa396687fa3{ip: 192.168.36.76, host: trunk-nightly-20190910-vk757-903364635, networkLocation: /default-rack, certSerialId: null}3264e783-a886-4a98-ba84-26339acf7926{ip: 192.168.36.76, host: trunk-nightly-20190910-vk757-903364635, networkLocation: /default-rack, certSerialId: null}, Type:RATIS, Factor:THREE, State:CLOSED] moved to CLOSED state
2019-09-10 05:34:30,874 [EventQueue-CloseContainerForCloseContainerEventHandler] INFO  container.CloseContainerEventHandler (CloseContainerEventHandler.java:onMessage(61)) - Close container Event triggered for container : #1
2019-09-10 05:34:30,881 [EventQueue-StaleNodeForStaleNodeHandler] INFO  pipeline.SCMPipelineManager (SCMPipelineManager.java:finalizeAndDestroyPipeline(311)) - destroying pipeline:Pipeline[ Id: 9fa49df1-047f-4e89-bd91-f009c71d858a, Nodes: 87196072-496c-46fd-91f4-efa396687fa3{ip: 192.168.36.76, host: trunk-nightly-20190910-vk757-903364635, networkLocation: /default-rack, certSerialId: null}, Type:RATIS, Factor:ONE, State:OPEN]
2019-09-10 05:34:30,884 [EventQueue-StaleNodeForStaleNodeHandler] INFO  pipeline.PipelineStateManager (PipelineStateManager.java:finalizePipeline(123)) - Pipeline Pipeline[ Id: 9fa49df1-047f-4e89-bd91-f009c71d858a, Nodes: 87196072-496c-46fd-91f4-efa396687fa3{ip: 192.168.36.76, host: trunk-nightly-20190910-vk757-903364635, networkLocation: /default-rack, certSerialId: null}, Type:RATIS, Factor:ONE, State:CLOSED] moved to CLOSED state
2019-09-10 05:34:31,073 [EventQueue-StaleNodeForStaleNodeHandler] INFO  node.StaleNodeHandler (StaleNodeHandler.java:onMessage(58)) - Datanode faea321c-1a3a-4fc8-801d-bcd23c01e8f4{ip: 192.168.36.76, host: trunk-nightly-20190910-vk757-903364635, networkLocation: /default-rack, certSerialId: null} moved to stale state. Finalizing its pipelines [PipelineID=05b5b49c-bdb7-4704-b3d7-79e627e3c1f9]
2019-09-10 05:34:31,073 [EventQueue-StaleNodeForStaleNodeHandler] INFO  pipeline.SCMPipelineManager (SCMPipelineManager.java:finalizeAndDestroyPipeline(311)) - destroying pipeline:Pipeline[ Id: 05b5b49c-bdb7-4704-b3d7-79e627e3c1f9, Nodes: faea321c-1a3a-4fc8-801d-bcd23c01e8f4{ip: 192.168.36.76, host: trunk-nightly-20190910-vk757-903364635, networkLocation: /default-rack, certSerialId: null}, Type:RATIS, Factor:ONE, State:OPEN]
2019-09-10 05:34:31,073 [EventQueue-StaleNodeForStaleNodeHandler] INFO  pipeline.PipelineStateManager (PipelineStateManager.java:finalizePipeline(123)) - Pipeline Pipeline[ Id: 05b5b49c-bdb7-4704-b3d7-79e627e3c1f9, Nodes: faea321c-1a3a-4fc8-801d-bcd23c01e8f4{ip: 192.168.36.76, host: trunk-nightly-20190910-vk757-903364635, networkLocation: /default-rack, certSerialId: null}, Type:RATIS, Factor:ONE, State:CLOSED] moved to CLOSED state
2019-09-10 05:34:31,597 [ForkJoinPool.commonPool-worker-0] INFO  ozoneimpl.OzoneContainer (OzoneContainer.java:stop(231)) - Attempting to stop container services.
2019-09-10 05:34:31,599 [ForkJoinPool.commonPool-worker-0] INFO  impl.RaftServerProxy (RaftServerProxy.java:lambda$close$4(314)) - faea321c-1a3a-4fc8-801d-bcd23c01e8f4: close
2019-09-10 05:34:31,600 [ForkJoinPool.commonPool-worker-0] INFO  impl.RaftServerImpl (RaftServerImpl.java:lambda$shutdown$3(251)) - faea321c-1a3a-4fc8-801d-bcd23c01e8f4@group-79E627E3C1F9: shutdown
2019-09-10 05:34:31,600 [ForkJoinPool.commonPool-worker-0] INFO  util.JmxRegister (JmxRegister.java:unregister(73)) - Successfully un-registered JMX Bean with object name Ratis:service=RaftServer,group=group-79E627E3C1F9,id=faea321c-1a3a-4fc8-801d-bcd23c01e8f4
2019-09-10 05:34:31,601 [ForkJoinPool.commonPool-worker-0] INFO  impl.RoleInfo (RoleInfo.java:shutdownLeaderState(104)) - faea321c-1a3a-4fc8-801d-bcd23c01e8f4: shutdown LeaderState
2019-09-10 05:34:31,601 [ForkJoinPool.commonPool-worker-0] INFO  impl.PendingRequests (PendingRequests.java:sendNotLeaderResponses(202)) - faea321c-1a3a-4fc8-801d-bcd23c01e8f4-PendingRequests: sendNotLeaderResponses
2019-09-10 05:34:31,602 [ForkJoinPool.commonPool-worker-0] INFO  impl.StateMachineUpdater (StateMachineUpdater.java:stopAndJoin(125)) - faea321c-1a3a-4fc8-801d-bcd23c01e8f4@group-79E627E3C1F9-StateMachineUpdater: set stopIndex = 0
2019-09-10 05:34:31,603 [ForkJoinPool.commonPool-worker-0] INFO  impl.RaftServerImpl (ServerState.java:close(385)) - faea321c-1a3a-4fc8-801d-bcd23c01e8f4@group-79E627E3C1F9: closes. applyIndex: 0
2019-09-10 05:34:31,604 [faea321c-1a3a-4fc8-801d-bcd23c01e8f4@group-79E627E3C1F9-SegmentedRaftLogWorker] INFO  segmented.SegmentedRaftLogWorker (SegmentedRaftLogWorker.java:run(313)) - faea321c-1a3a-4fc8-801d-bcd23c01e8f4@group-79E627E3C1F9-SegmentedRaftLogWorker was interrupted, exiting. There are 0 tasks remaining in the queue.
2019-09-10 05:34:31,609 [ForkJoinPool.commonPool-worker-0] INFO  segmented.SegmentedRaftLogWorker (SegmentedRaftLogWorker.java:close(228)) - faea321c-1a3a-4fc8-801d-bcd23c01e8f4@group-79E627E3C1F9-SegmentedRaftLogWorker close()
2019-09-10 05:34:31,614 [ForkJoinPool.commonPool-worker-0] INFO  server.GrpcService (GrpcService.java:closeImpl(164)) - faea321c-1a3a-4fc8-801d-bcd23c01e8f4: shutdown server with port 33150 now
2019-09-10 05:34:31,615 [ForkJoinPool.commonPool-worker-0] INFO  server.GrpcService (GrpcService.java:closeImpl(172)) - faea321c-1a3a-4fc8-801d-bcd23c01e8f4: shutdown server with port 33150 successfully
2019-09-10 05:34:31,620 [refreshUsed-/workdir/hadoop-ozone/integration-test/target/test-dir/MiniOzoneClusterImpl-9d9b5fd6-f7d9-4221-8942-13da4fae1afe/datanode-2/data/containers] WARN  fs.CachingGetSpaceUsed (CachingGetSpaceUsed.java:run(183)) - Thread Interrupted waiting to refresh disk information: sleep interrupted
2019-09-10 05:34:31,623 [main] INFO  ozoneimpl.OzoneContainer (OzoneContainer.java:stop(231)) - Attempting to stop container services.
2019-09-10 05:34:31,624 [main] INFO  impl.RaftServerProxy (RaftServerProxy.java:lambda$close$4(314)) - 87196072-496c-46fd-91f4-efa396687fa3: close
2019-09-10 05:34:31,624 [main] INFO  impl.RaftServerImpl (RaftServerImpl.java:lambda$shutdown$3(251)) - 87196072-496c-46fd-91f4-efa396687fa3@group-BDA6565D0529: shutdown
2019-09-10 05:34:31,625 [main] INFO  util.JmxRegister (JmxRegister.java:unregister(73)) - Successfully un-registered JMX Bean with object name Ratis:service=RaftServer,group=group-BDA6565D0529,id=87196072-496c-46fd-91f4-efa396687fa3
2019-09-10 05:34:31,625 [main] INFO  impl.RoleInfo (RoleInfo.java:shutdownLeaderState(104)) - 87196072-496c-46fd-91f4-efa396687fa3: shutdown LeaderState
2019-09-10 05:34:31,629 [main] INFO  impl.PendingRequests (PendingRequests.java:sendNotLeaderResponses(202)) - 87196072-496c-46fd-91f4-efa396687fa3-PendingRequests: sendNotLeaderResponses
2019-09-10 05:34:31,629 [org.apache.ratis.server.impl.LogAppender$AppenderDaemon$$Lambda$512/623231696@5c544487] WARN  server.GrpcLogAppender (GrpcLogAppender.java:mayWait(143)) - 87196072-496c-46fd-91f4-efa396687fa3@group-BDA6565D0529->3264e783-a886-4a98-ba84-26339acf7926-GrpcLogAppender: Wait interrupted by java.lang.InterruptedException
2019-09-10 05:34:31,645 [main] INFO  impl.StateMachineUpdater (StateMachineUpdater.java:stopAndJoin(125)) - 87196072-496c-46fd-91f4-efa396687fa3@group-BDA6565D0529-StateMachineUpdater: set stopIndex = 18
2019-09-10 05:34:31,645 [87196072-496c-46fd-91f4-efa396687fa3@group-BDA6565D0529-StateMachineUpdater] INFO  ratis.ContainerStateMachine (ContainerStateMachine.java:takeSnapshot(289)) - group-BDA6565D0529: Taking a snapshot at:(t:5, i:18) file /workdir/hadoop-ozone/integration-test/target/test-dir/MiniOzoneClusterImpl-9d9b5fd6-f7d9-4221-8942-13da4fae1afe/datanode-3/data/ratis/34112554-ff58-4c99-954c-bda6565d0529/sm/snapshot.5_18
2019-09-10 05:34:31,647 [grpc-default-executor-0] INFO  server.GrpcServerProtocolService (GrpcServerProtocolService.java:onCompleted(113)) - 3264e783-a886-4a98-ba84-26339acf7926: Completed APPEND_ENTRIES, lastRequest: 87196072-496c-46fd-91f4-efa396687fa3->3264e783-a886-4a98-ba84-26339acf7926#23-t5, previous=(t:5, i:18), leaderCommit=18, initializing? false, entries: <empty>
2019-09-10 05:34:31,647 [grpc-default-executor-8] INFO  server.GrpcServerProtocolService (GrpcServerProtocolService.java:onCompleted(113)) - 72a9c052-68b3-4600-b46c-b388f8da2720: Completed APPEND_ENTRIES, lastRequest: 87196072-496c-46fd-91f4-efa396687fa3->72a9c052-68b3-4600-b46c-b388f8da2720#22-t5, previous=(t:5, i:18), leaderCommit=18, initializing? false, entries: <empty>
2019-09-10 05:34:31,647 [grpc-default-executor-0] INFO  server.GrpcLogAppender (GrpcLogAppender.java:onCompleted(293)) - 87196072-496c-46fd-91f4-efa396687fa3@group-BDA6565D0529->3264e783-a886-4a98-ba84-26339acf7926-AppendLogResponseHandler: follower responses appendEntries COMPLETED
2019-09-10 05:34:31,647 [grpc-default-executor-10] INFO  server.GrpcLogAppender (GrpcLogAppender.java:onCompleted(293)) - 87196072-496c-46fd-91f4-efa396687fa3@group-BDA6565D0529->72a9c052-68b3-4600-b46c-b388f8da2720-AppendLogResponseHandler: follower responses appendEntries COMPLETED
2019-09-10 05:34:31,648 [grpc-default-executor-0] INFO  impl.FollowerInfo (FollowerInfo.java:lambda$new$0(51)) - 87196072-496c-46fd-91f4-efa396687fa3@group-BDA6565D0529->3264e783-a886-4a98-ba84-26339acf7926: nextIndex: updateUnconditionally 19 -> 18
2019-09-10 05:34:31,648 [grpc-default-executor-10] INFO  impl.FollowerInfo (FollowerInfo.java:lambda$new$0(51)) - 87196072-496c-46fd-91f4-efa396687fa3@group-BDA6565D0529->72a9c052-68b3-4600-b46c-b388f8da2720: nextIndex: updateUnconditionally 19 -> 18
2019-09-10 05:34:31,658 [ForkJoinPool.commonPool-worker-0] INFO  utils.BackgroundService (BackgroundService.java:shutdown(148)) - Shutting down service BlockDeletingService
2019-09-10 05:34:31,660 [87196072-496c-46fd-91f4-efa396687fa3@group-BDA6565D0529-StateMachineUpdater] INFO  ratis.ContainerStateMachine (ContainerStateMachine.java:takeSnapshot(300)) - group-BDA6565D0529: Finished taking a snapshot at:(t:5, i:18) file:/workdir/hadoop-ozone/integration-test/target/test-dir/MiniOzoneClusterImpl-9d9b5fd6-f7d9-4221-8942-13da4fae1afe/datanode-3/data/ratis/34112554-ff58-4c99-954c-bda6565d0529/sm/snapshot.5_18 time:15
2019-09-10 05:34:31,662 [87196072-496c-46fd-91f4-efa396687fa3@group-BDA6565D0529-StateMachineUpdater] INFO  impl.StateMachineUpdater (StateMachineUpdater.java:takeSnapshot(258)) - 87196072-496c-46fd-91f4-efa396687fa3@group-BDA6565D0529-StateMachineUpdater: Took a snapshot at index 18
2019-09-10 05:34:31,664 [ForkJoinPool.commonPool-worker-0] INFO  statemachine.DatanodeStateMachine (DatanodeStateMachine.java:stopDaemon(395)) - Ozone container server stopped.
2019-09-10 05:34:31,664 [87196072-496c-46fd-91f4-efa396687fa3@group-BDA6565D0529-StateMachineUpdater] INFO  impl.StateMachineUpdater (StateMachineUpdater.java:lambda$new$0(83)) - 87196072-496c-46fd-91f4-efa396687fa3@group-BDA6565D0529-StateMachineUpdater: snapshotIndex: updateIncreasingly -1 -> 18
2019-09-10 05:34:31,668 [main] INFO  impl.RaftServerImpl (ServerState.java:close(385)) - 87196072-496c-46fd-91f4-efa396687fa3@group-BDA6565D0529: closes. applyIndex: 18
2019-09-10 05:34:31,668 [87196072-496c-46fd-91f4-efa396687fa3@group-BDA6565D0529-SegmentedRaftLogWorker] INFO  segmented.SegmentedRaftLogWorker (SegmentedRaftLogWorker.java:run(313)) - 87196072-496c-46fd-91f4-efa396687fa3@group-BDA6565D0529-SegmentedRaftLogWorker was interrupted, exiting. There are 0 tasks remaining in the queue.
2019-09-10 05:34:31,673 [ForkJoinPool.commonPool-worker-0] INFO  handler.ContextHandler (ContextHandler.java:doStop(910)) - Stopped o.e.j.w.WebAppContext@19b5214b{/,null,UNAVAILABLE}{/hddsDatanode}
2019-09-10 05:34:31,673 [main] INFO  segmented.SegmentedRaftLogWorker (SegmentedRaftLogWorker.java:close(228)) - 87196072-496c-46fd-91f4-efa396687fa3@group-BDA6565D0529-SegmentedRaftLogWorker close()
2019-09-10 05:34:31,676 [main] INFO  impl.RaftServerImpl (RaftServerImpl.java:lambda$shutdown$3(251)) - 87196072-496c-46fd-91f4-efa396687fa3@group-F009C71D858A: shutdown
2019-09-10 05:34:31,677 [ForkJoinPool.commonPool-worker-0] INFO  server.AbstractConnector (AbstractConnector.java:doStop(318)) - Stopped ServerConnector@5fb3111a{HTTP/1.1,[http/1.1]}{0.0.0.0:0}
2019-09-10 05:34:31,677 [main] INFO  util.JmxRegister (JmxRegister.java:unregister(73)) - Successfully un-registered JMX Bean with object name Ratis:service=RaftServer,group=group-F009C71D858A,id=87196072-496c-46fd-91f4-efa396687fa3
2019-09-10 05:34:31,679 [ForkJoinPool.commonPool-worker-0] INFO  handler.ContextHandler (ContextHandler.java:doStop(910)) - Stopped o.e.j.s.ServletContextHandler@6d4a82{/static,jar:file:/home/user/.m2/repository/org/apache/hadoop/hadoop-hdds-container-service/0.5.0-SNAPSHOT/hadoop-hdds-container-service-0.5.0-SNAPSHOT.jar!/webapps/static,UNAVAILABLE}
2019-09-10 05:34:31,679 [main] INFO  impl.RoleInfo (RoleInfo.java:shutdownLeaderState(104)) - 87196072-496c-46fd-91f4-efa396687fa3: shutdown LeaderState
2019-09-10 05:34:31,680 [ForkJoinPool.commonPool-worker-0] INFO  handler.ContextHandler (ContextHandler.java:doStop(910)) - Stopped o.e.j.s.ServletContextHandler@55877274{/logs,file:///workdir/hadoop-ozone/integration-test/target/log,UNAVAILABLE}
2019-09-10 05:34:31,681 [main] INFO  impl.PendingRequests (PendingRequests.java:sendNotLeaderResponses(202)) - 87196072-496c-46fd-91f4-efa396687fa3-PendingRequests: sendNotLeaderResponses
2019-09-10 05:34:31,681 [main] INFO  impl.StateMachineUpdater (StateMachineUpdater.java:stopAndJoin(125)) - 87196072-496c-46fd-91f4-efa396687fa3@group-F009C71D858A-StateMachineUpdater: set stopIndex = 0
2019-09-10 05:34:31,682 [main] INFO  impl.RaftServerImpl (ServerState.java:close(385)) - 87196072-496c-46fd-91f4-efa396687fa3@group-F009C71D858A: closes. applyIndex: 0
2019-09-10 05:34:31,683 [87196072-496c-46fd-91f4-efa396687fa3@group-F009C71D858A-SegmentedRaftLogWorker] INFO  segmented.SegmentedRaftLogWorker (SegmentedRaftLogWorker.java:run(313)) - 87196072-496c-46fd-91f4-efa396687fa3@group-F009C71D858A-SegmentedRaftLogWorker was interrupted, exiting. There are 0 tasks remaining in the queue.
2019-09-10 05:34:31,684 [main] INFO  segmented.SegmentedRaftLogWorker (SegmentedRaftLogWorker.java:close(228)) - 87196072-496c-46fd-91f4-efa396687fa3@group-F009C71D858A-SegmentedRaftLogWorker close()
2019-09-10 05:34:31,687 [main] INFO  server.GrpcService (GrpcService.java:closeImpl(164)) - 87196072-496c-46fd-91f4-efa396687fa3: shutdown server with port 35461 now
2019-09-10 05:34:31,688 [grpc-default-executor-0] WARN  client.GrpcClientProtocolService (LogUtils.java:warn(134)) - 8-UnorderedRequestStreamObserver8: onError: org.apache.ratis.thirdparty.io.grpc.StatusRuntimeException: CANCELLED: cancelled before receiving half close
2019-09-10 05:34:31,690 [main] INFO  server.GrpcService (GrpcService.java:closeImpl(172)) - 87196072-496c-46fd-91f4-efa396687fa3: shutdown server with port 35461 successfully
2019-09-10 05:34:31,692 [refreshUsed-/workdir/hadoop-ozone/integration-test/target/test-dir/MiniOzoneClusterImpl-9d9b5fd6-f7d9-4221-8942-13da4fae1afe/datanode-3/data/containers] WARN  fs.CachingGetSpaceUsed (CachingGetSpaceUsed.java:run(183)) - Thread Interrupted waiting to refresh disk information: sleep interrupted
2019-09-10 05:34:31,702 [main] INFO  utils.BackgroundService (BackgroundService.java:shutdown(148)) - Shutting down service BlockDeletingService
2019-09-10 05:34:31,708 [main] INFO  statemachine.DatanodeStateMachine (DatanodeStateMachine.java:stopDaemon(395)) - Ozone container server stopped.
2019-09-10 05:34:31,708 [main] INFO  handler.ContextHandler (ContextHandler.java:doStop(910)) - Stopped o.e.j.w.WebAppContext@5bfc79cb{/,null,UNAVAILABLE}{/hddsDatanode}
2019-09-10 05:34:31,709 [main] INFO  server.AbstractConnector (AbstractConnector.java:doStop(318)) - Stopped ServerConnector@27ec8754{HTTP/1.1,[http/1.1]}{0.0.0.0:0}
2019-09-10 05:34:31,709 [main] INFO  handler.ContextHandler (ContextHandler.java:doStop(910)) - Stopped o.e.j.s.ServletContextHandler@21b51e59{/static,jar:file:/home/user/.m2/repository/org/apache/hadoop/hadoop-hdds-container-service/0.5.0-SNAPSHOT/hadoop-hdds-container-service-0.5.0-SNAPSHOT.jar!/webapps/static,UNAVAILABLE}
2019-09-10 05:34:31,710 [main] INFO  handler.ContextHandler (ContextHandler.java:doStop(910)) - Stopped o.e.j.s.ServletContextHandler@43c7fe8a{/logs,file:///workdir/hadoop-ozone/integration-test/target/log,UNAVAILABLE}
2019-09-10 05:34:31,871 [Datanode State Machine Thread - 0] INFO  statemachine.DatanodeStateMachine (DatanodeStateMachine.java:lambda$startDaemon$0(350)) - Ozone container server started.
2019-09-10 05:34:32,393 [Datanode State Machine Thread - 0] INFO  statemachine.DatanodeStateMachine (DatanodeStateMachine.java:lambda$startDaemon$0(350)) - Ozone container server started.
2019-09-10 05:34:33,518 [Thread-2908] INFO  impl.FollowerState (FollowerState.java:run(106)) - 2450cf49-9e1c-4def-9796-350dd1d43595:group-432D1F24A09D changes to CANDIDATE, lastRpcTime:7128, electionTimeout:5188ms
2019-09-10 05:34:33,518 [Thread-2908] INFO  impl.RoleInfo (RoleInfo.java:shutdownFollowerState(121)) - 2450cf49-9e1c-4def-9796-350dd1d43595: shutdown FollowerState
2019-09-10 05:34:33,518 [Thread-2908] INFO  impl.RaftServerImpl (RaftServerImpl.java:setRole(174)) - 2450cf49-9e1c-4def-9796-350dd1d43595@group-432D1F24A09D: changes role from  FOLLOWER to CANDIDATE at term 1 for changeToCandidate
2019-09-10 05:34:33,519 [Thread-2908] INFO  impl.RoleInfo (RoleInfo.java:updateAndGet(143)) - 2450cf49-9e1c-4def-9796-350dd1d43595: start LeaderElection
2019-09-10 05:34:33,519 [2450cf49-9e1c-4def-9796-350dd1d43595@group-432D1F24A09D:LeaderElection70] INFO  impl.RaftServerImpl (ServerState.java:setLeader(253)) - 2450cf49-9e1c-4def-9796-350dd1d43595@group-432D1F24A09D: change Leader from 6fcfc11e-cb6d-4a85-a341-4f2bb55708c6 to null at term 1 for initElection
2019-09-10 05:34:33,547 [2450cf49-9e1c-4def-9796-350dd1d43595@group-432D1F24A09D:LeaderElection70] INFO  impl.LeaderElection (LeaderElection.java:askForVotes(182)) - 2450cf49-9e1c-4def-9796-350dd1d43595@group-432D1F24A09D:LeaderElection70: begin an election at term 2 for 0: [6fcfc11e-cb6d-4a85-a341-4f2bb55708c6:192.168.36.76:45794, 2450cf49-9e1c-4def-9796-350dd1d43595:192.168.36.76:44236, 840dca29-f8a9-4c87-ab36-c2df3e8ce0ae:192.168.36.76:33734], old=null
2019-09-10 05:34:33,551 [2450cf49-9e1c-4def-9796-350dd1d43595@group-432D1F24A09D:LeaderElection70] INFO  impl.LeaderElection (LogUtils.java:infoOrTrace(149)) - 2450cf49-9e1c-4def-9796-350dd1d43595@group-432D1F24A09D:LeaderElection70 got exception when requesting votes: {}
java.util.concurrent.ExecutionException: org.apache.ratis.thirdparty.io.grpc.StatusRuntimeException: UNAVAILABLE: io exception
	at java.util.concurrent.FutureTask.report(FutureTask.java:122)
	at java.util.concurrent.FutureTask.get(FutureTask.java:192)
	at org.apache.ratis.server.impl.LeaderElection.waitForResults(LeaderElection.java:263)
	at org.apache.ratis.server.impl.LeaderElection.askForVotes(LeaderElection.java:201)
	at org.apache.ratis.server.impl.LeaderElection.run(LeaderElection.java:133)
	at java.lang.Thread.run(Thread.java:748)
Caused by: org.apache.ratis.thirdparty.io.grpc.StatusRuntimeException: UNAVAILABLE: io exception
	at org.apache.ratis.thirdparty.io.grpc.stub.ClientCalls.toStatusRuntimeException(ClientCalls.java:233)
	at org.apache.ratis.thirdparty.io.grpc.stub.ClientCalls.getUnchecked(ClientCalls.java:214)
	at org.apache.ratis.thirdparty.io.grpc.stub.ClientCalls.blockingUnaryCall(ClientCalls.java:139)
	at org.apache.ratis.proto.grpc.RaftServerProtocolServiceGrpc$RaftServerProtocolServiceBlockingStub.requestVote(RaftServerProtocolServiceGrpc.java:265)
	at org.apache.ratis.grpc.server.GrpcServerProtocolClient.requestVote(GrpcServerProtocolClient.java:90)
	at org.apache.ratis.grpc.server.GrpcService.requestVote(GrpcService.java:204)
	at org.apache.ratis.server.impl.LeaderElection.lambda$submitRequests$1(LeaderElection.java:238)
	at java.util.concurrent.FutureTask.run(FutureTask.java:266)
	at java.util.concurrent.Executors$RunnableAdapter.call(Executors.java:511)
	at java.util.concurrent.FutureTask.run(FutureTask.java:266)
	at java.util.concurrent.ThreadPoolExecutor.runWorker(ThreadPoolExecutor.java:1149)
	at java.util.concurrent.ThreadPoolExecutor$Worker.run(ThreadPoolExecutor.java:624)
	... 1 more
Caused by: org.apache.ratis.thirdparty.io.netty.channel.AbstractChannel$AnnotatedConnectException: Connection refused: /192.168.36.76:33734
	at sun.nio.ch.SocketChannelImpl.checkConnect(Native Method)
	at sun.nio.ch.SocketChannelImpl.finishConnect(SocketChannelImpl.java:717)
	at org.apache.ratis.thirdparty.io.netty.channel.socket.nio.NioSocketChannel.doFinishConnect(NioSocketChannel.java:327)
	at org.apache.ratis.thirdparty.io.netty.channel.nio.AbstractNioChannel$AbstractNioUnsafe.finishConnect(AbstractNioChannel.java:340)
	at org.apache.ratis.thirdparty.io.netty.channel.nio.NioEventLoop.processSelectedKey(NioEventLoop.java:632)
	at org.apache.ratis.thirdparty.io.netty.channel.nio.NioEventLoop.processSelectedKeysOptimized(NioEventLoop.java:579)
	at org.apache.ratis.thirdparty.io.netty.channel.nio.NioEventLoop.processSelectedKeys(NioEventLoop.java:496)
	at org.apache.ratis.thirdparty.io.netty.channel.nio.NioEventLoop.run(NioEventLoop.java:458)
	at org.apache.ratis.thirdparty.io.netty.util.concurrent.SingleThreadEventExecutor$5.run(SingleThreadEventExecutor.java:897)
	at org.apache.ratis.thirdparty.io.netty.util.concurrent.FastThreadLocalRunnable.run(FastThreadLocalRunnable.java:30)
	... 1 more
Caused by: java.net.ConnectException: Connection refused
	... 11 more
2019-09-10 05:34:33,554 [2450cf49-9e1c-4def-9796-350dd1d43595@group-432D1F24A09D:LeaderElection70] INFO  impl.LeaderElection (LogUtils.java:infoOrTrace(149)) - 2450cf49-9e1c-4def-9796-350dd1d43595@group-432D1F24A09D:LeaderElection70 got exception when requesting votes: {}
java.util.concurrent.ExecutionException: org.apache.ratis.thirdparty.io.grpc.StatusRuntimeException: UNAVAILABLE: io exception
	at java.util.concurrent.FutureTask.report(FutureTask.java:122)
	at java.util.concurrent.FutureTask.get(FutureTask.java:192)
	at org.apache.ratis.server.impl.LeaderElection.waitForResults(LeaderElection.java:263)
	at org.apache.ratis.server.impl.LeaderElection.askForVotes(LeaderElection.java:201)
	at org.apache.ratis.server.impl.LeaderElection.run(LeaderElection.java:133)
	at java.lang.Thread.run(Thread.java:748)
Caused by: org.apache.ratis.thirdparty.io.grpc.StatusRuntimeException: UNAVAILABLE: io exception
	at org.apache.ratis.thirdparty.io.grpc.stub.ClientCalls.toStatusRuntimeException(ClientCalls.java:233)
	at org.apache.ratis.thirdparty.io.grpc.stub.ClientCalls.getUnchecked(ClientCalls.java:214)
	at org.apache.ratis.thirdparty.io.grpc.stub.ClientCalls.blockingUnaryCall(ClientCalls.java:139)
	at org.apache.ratis.proto.grpc.RaftServerProtocolServiceGrpc$RaftServerProtocolServiceBlockingStub.requestVote(RaftServerProtocolServiceGrpc.java:265)
	at org.apache.ratis.grpc.server.GrpcServerProtocolClient.requestVote(GrpcServerProtocolClient.java:90)
	at org.apache.ratis.grpc.server.GrpcService.requestVote(GrpcService.java:204)
	at org.apache.ratis.server.impl.LeaderElection.lambda$submitRequests$1(LeaderElection.java:238)
	at java.util.concurrent.FutureTask.run(FutureTask.java:266)
	at java.util.concurrent.Executors$RunnableAdapter.call(Executors.java:511)
	at java.util.concurrent.FutureTask.run(FutureTask.java:266)
	at java.util.concurrent.ThreadPoolExecutor.runWorker(ThreadPoolExecutor.java:1149)
	at java.util.concurrent.ThreadPoolExecutor$Worker.run(ThreadPoolExecutor.java:624)
	... 1 more
Caused by: org.apache.ratis.thirdparty.io.netty.channel.AbstractChannel$AnnotatedConnectException: Connection refused: /192.168.36.76:45794
	at sun.nio.ch.SocketChannelImpl.checkConnect(Native Method)
	at sun.nio.ch.SocketChannelImpl.finishConnect(SocketChannelImpl.java:717)
	at org.apache.ratis.thirdparty.io.netty.channel.socket.nio.NioSocketChannel.doFinishConnect(NioSocketChannel.java:327)
	at org.apache.ratis.thirdparty.io.netty.channel.nio.AbstractNioChannel$AbstractNioUnsafe.finishConnect(AbstractNioChannel.java:340)
	at org.apache.ratis.thirdparty.io.netty.channel.nio.NioEventLoop.processSelectedKey(NioEventLoop.java:632)
	at org.apache.ratis.thirdparty.io.netty.channel.nio.NioEventLoop.processSelectedKeysOptimized(NioEventLoop.java:579)
	at org.apache.ratis.thirdparty.io.netty.channel.nio.NioEventLoop.processSelectedKeys(NioEventLoop.java:496)
	at org.apache.ratis.thirdparty.io.netty.channel.nio.NioEventLoop.run(NioEventLoop.java:458)
	at org.apache.ratis.thirdparty.io.netty.util.concurrent.SingleThreadEventExecutor$5.run(SingleThreadEventExecutor.java:897)
	at org.apache.ratis.thirdparty.io.netty.util.concurrent.FastThreadLocalRunnable.run(FastThreadLocalRunnable.java:30)
	... 1 more
Caused by: java.net.ConnectException: Connection refused
	... 11 more
2019-09-10 05:34:33,556 [2450cf49-9e1c-4def-9796-350dd1d43595@group-432D1F24A09D:LeaderElection70] INFO  impl.LeaderElection (LeaderElection.java:logAndReturn(56)) - 2450cf49-9e1c-4def-9796-350dd1d43595@group-432D1F24A09D:LeaderElection70: Election REJECTED; received 0 response(s) [] and 2 exception(s); 2450cf49-9e1c-4def-9796-350dd1d43595@group-432D1F24A09D:t2, leader=null, voted=2450cf49-9e1c-4def-9796-350dd1d43595, raftlog=2450cf49-9e1c-4def-9796-350dd1d43595@group-432D1F24A09D-SegmentedRaftLog:OPENED:c4,f4,i4, conf=0: [6fcfc11e-cb6d-4a85-a341-4f2bb55708c6:192.168.36.76:45794, 2450cf49-9e1c-4def-9796-350dd1d43595:192.168.36.76:44236, 840dca29-f8a9-4c87-ab36-c2df3e8ce0ae:192.168.36.76:33734], old=null
2019-09-10 05:34:33,557 [2450cf49-9e1c-4def-9796-350dd1d43595@group-432D1F24A09D:LeaderElection70] INFO  impl.LeaderElection (LogUtils.java:infoOrTrace(149)) -   Exception 0: {}
java.util.concurrent.ExecutionException: org.apache.ratis.thirdparty.io.grpc.StatusRuntimeException: UNAVAILABLE: io exception
	at java.util.concurrent.FutureTask.report(FutureTask.java:122)
	at java.util.concurrent.FutureTask.get(FutureTask.java:192)
	at org.apache.ratis.server.impl.LeaderElection.waitForResults(LeaderElection.java:263)
	at org.apache.ratis.server.impl.LeaderElection.askForVotes(LeaderElection.java:201)
	at org.apache.ratis.server.impl.LeaderElection.run(LeaderElection.java:133)
	at java.lang.Thread.run(Thread.java:748)
Caused by: org.apache.ratis.thirdparty.io.grpc.StatusRuntimeException: UNAVAILABLE: io exception
	at org.apache.ratis.thirdparty.io.grpc.stub.ClientCalls.toStatusRuntimeException(ClientCalls.java:233)
	at org.apache.ratis.thirdparty.io.grpc.stub.ClientCalls.getUnchecked(ClientCalls.java:214)
	at org.apache.ratis.thirdparty.io.grpc.stub.ClientCalls.blockingUnaryCall(ClientCalls.java:139)
	at org.apache.ratis.proto.grpc.RaftServerProtocolServiceGrpc$RaftServerProtocolServiceBlockingStub.requestVote(RaftServerProtocolServiceGrpc.java:265)
	at org.apache.ratis.grpc.server.GrpcServerProtocolClient.requestVote(GrpcServerProtocolClient.java:90)
	at org.apache.ratis.grpc.server.GrpcService.requestVote(GrpcService.java:204)
	at org.apache.ratis.server.impl.LeaderElection.lambda$submitRequests$1(LeaderElection.java:238)
	at java.util.concurrent.FutureTask.run(FutureTask.java:266)
	at java.util.concurrent.Executors$RunnableAdapter.call(Executors.java:511)
	at java.util.concurrent.FutureTask.run(FutureTask.java:266)
	at java.util.concurrent.ThreadPoolExecutor.runWorker(ThreadPoolExecutor.java:1149)
	at java.util.concurrent.ThreadPoolExecutor$Worker.run(ThreadPoolExecutor.java:624)
	... 1 more
Caused by: org.apache.ratis.thirdparty.io.netty.channel.AbstractChannel$AnnotatedConnectException: Connection refused: /192.168.36.76:33734
	at sun.nio.ch.SocketChannelImpl.checkConnect(Native Method)
	at sun.nio.ch.SocketChannelImpl.finishConnect(SocketChannelImpl.java:717)
	at org.apache.ratis.thirdparty.io.netty.channel.socket.nio.NioSocketChannel.doFinishConnect(NioSocketChannel.java:327)
	at org.apache.ratis.thirdparty.io.netty.channel.nio.AbstractNioChannel$AbstractNioUnsafe.finishConnect(AbstractNioChannel.java:340)
	at org.apache.ratis.thirdparty.io.netty.channel.nio.NioEventLoop.processSelectedKey(NioEventLoop.java:632)
	at org.apache.ratis.thirdparty.io.netty.channel.nio.NioEventLoop.processSelectedKeysOptimized(NioEventLoop.java:579)
	at org.apache.ratis.thirdparty.io.netty.channel.nio.NioEventLoop.processSelectedKeys(NioEventLoop.java:496)
	at org.apache.ratis.thirdparty.io.netty.channel.nio.NioEventLoop.run(NioEventLoop.java:458)
	at org.apache.ratis.thirdparty.io.netty.util.concurrent.SingleThreadEventExecutor$5.run(SingleThreadEventExecutor.java:897)
	at org.apache.ratis.thirdparty.io.netty.util.concurrent.FastThreadLocalRunnable.run(FastThreadLocalRunnable.java:30)
	... 1 more
Caused by: java.net.ConnectException: Connection refused
	... 11 more
2019-09-10 05:34:33,557 [2450cf49-9e1c-4def-9796-350dd1d43595@group-432D1F24A09D:LeaderElection70] INFO  impl.LeaderElection (LogUtils.java:infoOrTrace(149)) -   Exception 1: {}
java.util.concurrent.ExecutionException: org.apache.ratis.thirdparty.io.grpc.StatusRuntimeException: UNAVAILABLE: io exception
	at java.util.concurrent.FutureTask.report(FutureTask.java:122)
	at java.util.concurrent.FutureTask.get(FutureTask.java:192)
	at org.apache.ratis.server.impl.LeaderElection.waitForResults(LeaderElection.java:263)
	at org.apache.ratis.server.impl.LeaderElection.askForVotes(LeaderElection.java:201)
	at org.apache.ratis.server.impl.LeaderElection.run(LeaderElection.java:133)
	at java.lang.Thread.run(Thread.java:748)
Caused by: org.apache.ratis.thirdparty.io.grpc.StatusRuntimeException: UNAVAILABLE: io exception
	at org.apache.ratis.thirdparty.io.grpc.stub.ClientCalls.toStatusRuntimeException(ClientCalls.java:233)
	at org.apache.ratis.thirdparty.io.grpc.stub.ClientCalls.getUnchecked(ClientCalls.java:214)
	at org.apache.ratis.thirdparty.io.grpc.stub.ClientCalls.blockingUnaryCall(ClientCalls.java:139)
	at org.apache.ratis.proto.grpc.RaftServerProtocolServiceGrpc$RaftServerProtocolServiceBlockingStub.requestVote(RaftServerProtocolServiceGrpc.java:265)
	at org.apache.ratis.grpc.server.GrpcServerProtocolClient.requestVote(GrpcServerProtocolClient.java:90)
	at org.apache.ratis.grpc.server.GrpcService.requestVote(GrpcService.java:204)
	at org.apache.ratis.server.impl.LeaderElection.lambda$submitRequests$1(LeaderElection.java:238)
	at java.util.concurrent.FutureTask.run(FutureTask.java:266)
	at java.util.concurrent.Executors$RunnableAdapter.call(Executors.java:511)
	at java.util.concurrent.FutureTask.run(FutureTask.java:266)
	at java.util.concurrent.ThreadPoolExecutor.runWorker(ThreadPoolExecutor.java:1149)
	at java.util.concurrent.ThreadPoolExecutor$Worker.run(ThreadPoolExecutor.java:624)
	... 1 more
Caused by: org.apache.ratis.thirdparty.io.netty.channel.AbstractChannel$AnnotatedConnectException: Connection refused: /192.168.36.76:45794
	at sun.nio.ch.SocketChannelImpl.checkConnect(Native Method)
	at sun.nio.ch.SocketChannelImpl.finishConnect(SocketChannelImpl.java:717)
	at org.apache.ratis.thirdparty.io.netty.channel.socket.nio.NioSocketChannel.doFinishConnect(NioSocketChannel.java:327)
	at org.apache.ratis.thirdparty.io.netty.channel.nio.AbstractNioChannel$AbstractNioUnsafe.finishConnect(AbstractNioChannel.java:340)
	at org.apache.ratis.thirdparty.io.netty.channel.nio.NioEventLoop.processSelectedKey(NioEventLoop.java:632)
	at org.apache.ratis.thirdparty.io.netty.channel.nio.NioEventLoop.processSelectedKeysOptimized(NioEventLoop.java:579)
	at org.apache.ratis.thirdparty.io.netty.channel.nio.NioEventLoop.processSelectedKeys(NioEventLoop.java:496)
	at org.apache.ratis.thirdparty.io.netty.channel.nio.NioEventLoop.run(NioEventLoop.java:458)
	at org.apache.ratis.thirdparty.io.netty.util.concurrent.SingleThreadEventExecutor$5.run(SingleThreadEventExecutor.java:897)
	at org.apache.ratis.thirdparty.io.netty.util.concurrent.FastThreadLocalRunnable.run(FastThreadLocalRunnable.java:30)
	... 1 more
Caused by: java.net.ConnectException: Connection refused
	... 11 more
2019-09-10 05:34:33,558 [2450cf49-9e1c-4def-9796-350dd1d43595@group-432D1F24A09D:LeaderElection70] INFO  impl.RaftServerImpl (RaftServerImpl.java:setRole(174)) - 2450cf49-9e1c-4def-9796-350dd1d43595@group-432D1F24A09D: changes role from CANDIDATE to FOLLOWER at term 2 for DISCOVERED_A_NEW_TERM
2019-09-10 05:34:33,558 [2450cf49-9e1c-4def-9796-350dd1d43595@group-432D1F24A09D:LeaderElection70] INFO  impl.RoleInfo (RoleInfo.java:shutdownLeaderElection(134)) - 2450cf49-9e1c-4def-9796-350dd1d43595: shutdown LeaderElection
2019-09-10 05:34:33,558 [2450cf49-9e1c-4def-9796-350dd1d43595@group-432D1F24A09D:LeaderElection70] INFO  impl.RoleInfo (RoleInfo.java:updateAndGet(143)) - 2450cf49-9e1c-4def-9796-350dd1d43595: start FollowerState
2019-09-10 05:34:35,881 [EventQueue-StaleNodeForStaleNodeHandler] INFO  node.StaleNodeHandler (StaleNodeHandler.java:onMessage(58)) - Datanode 72a9c052-68b3-4600-b46c-b388f8da2720{ip: 192.168.36.76, host: trunk-nightly-20190910-vk757-903364635, networkLocation: /default-rack, certSerialId: null} moved to stale state. Finalizing its pipelines [PipelineID=34112554-ff58-4c99-954c-bda6565d0529, PipelineID=0ba96587-6c53-42b3-867d-cac272819f5b]
2019-09-10 05:34:35,890 [EventQueue-StaleNodeForStaleNodeHandler] INFO  pipeline.SCMPipelineManager (SCMPipelineManager.java:finalizeAndDestroyPipeline(311)) - destroying pipeline:Pipeline[ Id: 34112554-ff58-4c99-954c-bda6565d0529, Nodes: 72a9c052-68b3-4600-b46c-b388f8da2720{ip: 192.168.36.76, host: trunk-nightly-20190910-vk757-903364635, networkLocation: /default-rack, certSerialId: null}87196072-496c-46fd-91f4-efa396687fa3{ip: 192.168.36.76, host: trunk-nightly-20190910-vk757-903364635, networkLocation: /default-rack, certSerialId: null}3264e783-a886-4a98-ba84-26339acf7926{ip: 192.168.36.76, host: trunk-nightly-20190910-vk757-903364635, networkLocation: /default-rack, certSerialId: null}, Type:RATIS, Factor:THREE, State:CLOSED]
2019-09-10 05:34:35,891 [EventQueue-StaleNodeForStaleNodeHandler] INFO  pipeline.SCMPipelineManager (SCMPipelineManager.java:finalizeAndDestroyPipeline(311)) - destroying pipeline:Pipeline[ Id: 0ba96587-6c53-42b3-867d-cac272819f5b, Nodes: 72a9c052-68b3-4600-b46c-b388f8da2720{ip: 192.168.36.76, host: trunk-nightly-20190910-vk757-903364635, networkLocation: /default-rack, certSerialId: null}, Type:RATIS, Factor:ONE, State:OPEN]
2019-09-10 05:34:35,892 [EventQueue-StaleNodeForStaleNodeHandler] INFO  pipeline.PipelineStateManager (PipelineStateManager.java:finalizePipeline(123)) - Pipeline Pipeline[ Id: 0ba96587-6c53-42b3-867d-cac272819f5b, Nodes: 72a9c052-68b3-4600-b46c-b388f8da2720{ip: 192.168.36.76, host: trunk-nightly-20190910-vk757-903364635, networkLocation: /default-rack, certSerialId: null}, Type:RATIS, Factor:ONE, State:CLOSED] moved to CLOSED state
2019-09-10 05:34:36,481 [EventQueue-StaleNodeForStaleNodeHandler] INFO  node.StaleNodeHandler (StaleNodeHandler.java:onMessage(58)) - Datanode 2450cf49-9e1c-4def-9796-350dd1d43595{ip: 192.168.36.76, host: trunk-nightly-20190910-vk757-903364635, networkLocation: /default-rack, certSerialId: null} moved to stale state. Finalizing its pipelines [PipelineID=e263eddf-0cb9-4843-ae53-0b78f1cd2ad3, PipelineID=3f702eb2-d0d5-4a65-8869-432d1f24a09d]
2019-09-10 05:34:36,481 [EventQueue-StaleNodeForStaleNodeHandler] INFO  pipeline.SCMPipelineManager (SCMPipelineManager.java:finalizeAndDestroyPipeline(311)) - destroying pipeline:Pipeline[ Id: e263eddf-0cb9-4843-ae53-0b78f1cd2ad3, Nodes: 2450cf49-9e1c-4def-9796-350dd1d43595{ip: 192.168.36.76, host: trunk-nightly-20190910-vk757-903364635, networkLocation: /default-rack, certSerialId: null}, Type:RATIS, Factor:ONE, State:OPEN]
2019-09-10 05:34:36,481 [EventQueue-StaleNodeForStaleNodeHandler] INFO  pipeline.PipelineStateManager (PipelineStateManager.java:finalizePipeline(123)) - Pipeline Pipeline[ Id: e263eddf-0cb9-4843-ae53-0b78f1cd2ad3, Nodes: 2450cf49-9e1c-4def-9796-350dd1d43595{ip: 192.168.36.76, host: trunk-nightly-20190910-vk757-903364635, networkLocation: /default-rack, certSerialId: null}, Type:RATIS, Factor:ONE, State:CLOSED] moved to CLOSED state
2019-09-10 05:34:36,482 [EventQueue-StaleNodeForStaleNodeHandler] INFO  pipeline.SCMPipelineManager (SCMPipelineManager.java:finalizeAndDestroyPipeline(311)) - destroying pipeline:Pipeline[ Id: 3f702eb2-d0d5-4a65-8869-432d1f24a09d, Nodes: 2450cf49-9e1c-4def-9796-350dd1d43595{ip: 192.168.36.76, host: trunk-nightly-20190910-vk757-903364635, networkLocation: /default-rack, certSerialId: null}840dca29-f8a9-4c87-ab36-c2df3e8ce0ae{ip: 192.168.36.76, host: trunk-nightly-20190910-vk757-903364635, networkLocation: /default-rack, certSerialId: null}6fcfc11e-cb6d-4a85-a341-4f2bb55708c6{ip: 192.168.36.76, host: trunk-nightly-20190910-vk757-903364635, networkLocation: /default-rack, certSerialId: null}, Type:RATIS, Factor:THREE, State:CLOSED]
2019-09-10 05:34:36,683 [ForkJoinPool.commonPool-worker-0] INFO  ozoneimpl.OzoneContainer (OzoneContainer.java:stop(231)) - Attempting to stop container services.
2019-09-10 05:34:36,687 [ForkJoinPool.commonPool-worker-0] INFO  impl.RaftServerProxy (RaftServerProxy.java:lambda$close$4(314)) - 72a9c052-68b3-4600-b46c-b388f8da2720: close
2019-09-10 05:34:36,687 [ForkJoinPool.commonPool-worker-0] INFO  impl.RaftServerImpl (RaftServerImpl.java:lambda$shutdown$3(251)) - 72a9c052-68b3-4600-b46c-b388f8da2720@group-BDA6565D0529: shutdown
2019-09-10 05:34:36,688 [ForkJoinPool.commonPool-worker-0] INFO  util.JmxRegister (JmxRegister.java:unregister(73)) - Successfully un-registered JMX Bean with object name Ratis:service=RaftServer,group=group-BDA6565D0529,id=72a9c052-68b3-4600-b46c-b388f8da2720
2019-09-10 05:34:36,688 [ForkJoinPool.commonPool-worker-0] INFO  impl.RoleInfo (RoleInfo.java:shutdownFollowerState(121)) - 72a9c052-68b3-4600-b46c-b388f8da2720: shutdown FollowerState
2019-09-10 05:34:36,688 [ForkJoinPool.commonPool-worker-0] INFO  impl.StateMachineUpdater (StateMachineUpdater.java:stopAndJoin(125)) - 72a9c052-68b3-4600-b46c-b388f8da2720@group-BDA6565D0529-StateMachineUpdater: set stopIndex = 18
2019-09-10 05:34:36,689 [Thread-3001] INFO  impl.FollowerState (FollowerState.java:run(115)) - 72a9c052-68b3-4600-b46c-b388f8da2720: FollowerState was interrupted: java.lang.InterruptedException: sleep interrupted
2019-09-10 05:34:36,689 [72a9c052-68b3-4600-b46c-b388f8da2720@group-BDA6565D0529-StateMachineUpdater] INFO  ratis.ContainerStateMachine (ContainerStateMachine.java:takeSnapshot(289)) - group-BDA6565D0529: Taking a snapshot at:(t:5, i:18) file /workdir/hadoop-ozone/integration-test/target/test-dir/MiniOzoneClusterImpl-9d9b5fd6-f7d9-4221-8942-13da4fae1afe/datanode-0/data/ratis/34112554-ff58-4c99-954c-bda6565d0529/sm/snapshot.5_18
2019-09-10 05:34:36,711 [main] INFO  ozoneimpl.OzoneContainer (OzoneContainer.java:stop(231)) - Attempting to stop container services.
2019-09-10 05:34:36,712 [main] INFO  impl.RaftServerProxy (RaftServerProxy.java:lambda$close$4(314)) - 2450cf49-9e1c-4def-9796-350dd1d43595: close
2019-09-10 05:34:36,712 [main] INFO  impl.RaftServerImpl (RaftServerImpl.java:lambda$shutdown$3(251)) - 2450cf49-9e1c-4def-9796-350dd1d43595@group-0B78F1CD2AD3: shutdown
2019-09-10 05:34:36,712 [main] INFO  util.JmxRegister (JmxRegister.java:unregister(73)) - Successfully un-registered JMX Bean with object name Ratis:service=RaftServer,group=group-0B78F1CD2AD3,id=2450cf49-9e1c-4def-9796-350dd1d43595
2019-09-10 05:34:36,712 [main] INFO  impl.RoleInfo (RoleInfo.java:shutdownLeaderState(104)) - 2450cf49-9e1c-4def-9796-350dd1d43595: shutdown LeaderState
2019-09-10 05:34:36,713 [main] INFO  impl.PendingRequests (PendingRequests.java:sendNotLeaderResponses(202)) - 2450cf49-9e1c-4def-9796-350dd1d43595-PendingRequests: sendNotLeaderResponses
2019-09-10 05:34:36,713 [main] INFO  impl.StateMachineUpdater (StateMachineUpdater.java:stopAndJoin(125)) - 2450cf49-9e1c-4def-9796-350dd1d43595@group-0B78F1CD2AD3-StateMachineUpdater: set stopIndex = 0
2019-09-10 05:34:36,714 [main] INFO  impl.RaftServerImpl (ServerState.java:close(385)) - 2450cf49-9e1c-4def-9796-350dd1d43595@group-0B78F1CD2AD3: closes. applyIndex: 0
2019-09-10 05:34:36,714 [2450cf49-9e1c-4def-9796-350dd1d43595@group-0B78F1CD2AD3-SegmentedRaftLogWorker] INFO  segmented.SegmentedRaftLogWorker (SegmentedRaftLogWorker.java:run(313)) - 2450cf49-9e1c-4def-9796-350dd1d43595@group-0B78F1CD2AD3-SegmentedRaftLogWorker was interrupted, exiting. There are 0 tasks remaining in the queue.
2019-09-10 05:34:36,726 [main] INFO  segmented.SegmentedRaftLogWorker (SegmentedRaftLogWorker.java:close(228)) - 2450cf49-9e1c-4def-9796-350dd1d43595@group-0B78F1CD2AD3-SegmentedRaftLogWorker close()
2019-09-10 05:34:36,728 [main] INFO  impl.RaftServerImpl (RaftServerImpl.java:lambda$shutdown$3(251)) - 2450cf49-9e1c-4def-9796-350dd1d43595@group-432D1F24A09D: shutdown
2019-09-10 05:34:36,728 [72a9c052-68b3-4600-b46c-b388f8da2720@group-BDA6565D0529-StateMachineUpdater] INFO  ratis.ContainerStateMachine (ContainerStateMachine.java:takeSnapshot(300)) - group-BDA6565D0529: Finished taking a snapshot at:(t:5, i:18) file:/workdir/hadoop-ozone/integration-test/target/test-dir/MiniOzoneClusterImpl-9d9b5fd6-f7d9-4221-8942-13da4fae1afe/datanode-0/data/ratis/34112554-ff58-4c99-954c-bda6565d0529/sm/snapshot.5_18 time:38
2019-09-10 05:34:36,729 [main] INFO  util.JmxRegister (JmxRegister.java:unregister(73)) - Successfully un-registered JMX Bean with object name Ratis:service=RaftServer,group=group-432D1F24A09D,id=2450cf49-9e1c-4def-9796-350dd1d43595
2019-09-10 05:34:36,729 [72a9c052-68b3-4600-b46c-b388f8da2720@group-BDA6565D0529-StateMachineUpdater] INFO  impl.StateMachineUpdater (StateMachineUpdater.java:takeSnapshot(258)) - 72a9c052-68b3-4600-b46c-b388f8da2720@group-BDA6565D0529-StateMachineUpdater: Took a snapshot at index 18
2019-09-10 05:34:36,729 [main] INFO  impl.RoleInfo (RoleInfo.java:shutdownFollowerState(121)) - 2450cf49-9e1c-4def-9796-350dd1d43595: shutdown FollowerState
2019-09-10 05:34:36,729 [72a9c052-68b3-4600-b46c-b388f8da2720@group-BDA6565D0529-StateMachineUpdater] INFO  impl.StateMachineUpdater (StateMachineUpdater.java:lambda$new$0(83)) - 72a9c052-68b3-4600-b46c-b388f8da2720@group-BDA6565D0529-StateMachineUpdater: snapshotIndex: updateIncreasingly -1 -> 18
2019-09-10 05:34:36,730 [main] INFO  impl.StateMachineUpdater (StateMachineUpdater.java:stopAndJoin(125)) - 2450cf49-9e1c-4def-9796-350dd1d43595@group-432D1F24A09D-StateMachineUpdater: set stopIndex = 4
2019-09-10 05:34:36,730 [2450cf49-9e1c-4def-9796-350dd1d43595@group-432D1F24A09D-StateMachineUpdater] INFO  ratis.ContainerStateMachine (ContainerStateMachine.java:takeSnapshot(289)) - group-432D1F24A09D: Taking a snapshot at:(t:1, i:3) file /workdir/hadoop-ozone/integration-test/target/test-dir/MiniOzoneClusterImpl-9d9b5fd6-f7d9-4221-8942-13da4fae1afe/datanode-6/data/ratis/3f702eb2-d0d5-4a65-8869-432d1f24a09d/sm/snapshot.1_3
2019-09-10 05:34:36,730 [Thread-3104] INFO  impl.FollowerState (FollowerState.java:run(115)) - 2450cf49-9e1c-4def-9796-350dd1d43595: FollowerState was interrupted: java.lang.InterruptedException: sleep interrupted
2019-09-10 05:34:36,730 [ForkJoinPool.commonPool-worker-0] INFO  impl.RaftServerImpl (ServerState.java:close(385)) - 72a9c052-68b3-4600-b46c-b388f8da2720@group-BDA6565D0529: closes. applyIndex: 18
2019-09-10 05:34:36,732 [72a9c052-68b3-4600-b46c-b388f8da2720@group-BDA6565D0529-SegmentedRaftLogWorker] INFO  segmented.SegmentedRaftLogWorker (SegmentedRaftLogWorker.java:run(313)) - 72a9c052-68b3-4600-b46c-b388f8da2720@group-BDA6565D0529-SegmentedRaftLogWorker was interrupted, exiting. There are 0 tasks remaining in the queue.
2019-09-10 05:34:36,733 [ForkJoinPool.commonPool-worker-0] INFO  segmented.SegmentedRaftLogWorker (SegmentedRaftLogWorker.java:close(228)) - 72a9c052-68b3-4600-b46c-b388f8da2720@group-BDA6565D0529-SegmentedRaftLogWorker close()
2019-09-10 05:34:36,737 [ForkJoinPool.commonPool-worker-0] INFO  impl.RaftServerImpl (RaftServerImpl.java:lambda$shutdown$3(251)) - 72a9c052-68b3-4600-b46c-b388f8da2720@group-CAC272819F5B: shutdown
2019-09-10 05:34:36,737 [ForkJoinPool.commonPool-worker-0] INFO  util.JmxRegister (JmxRegister.java:unregister(73)) - Successfully un-registered JMX Bean with object name Ratis:service=RaftServer,group=group-CAC272819F5B,id=72a9c052-68b3-4600-b46c-b388f8da2720
2019-09-10 05:34:36,738 [ForkJoinPool.commonPool-worker-0] INFO  impl.RoleInfo (RoleInfo.java:shutdownLeaderState(104)) - 72a9c052-68b3-4600-b46c-b388f8da2720: shutdown LeaderState
2019-09-10 05:34:36,738 [ForkJoinPool.commonPool-worker-0] INFO  impl.PendingRequests (PendingRequests.java:sendNotLeaderResponses(202)) - 72a9c052-68b3-4600-b46c-b388f8da2720-PendingRequests: sendNotLeaderResponses
2019-09-10 05:34:36,738 [ForkJoinPool.commonPool-worker-0] INFO  impl.StateMachineUpdater (StateMachineUpdater.java:stopAndJoin(125)) - 72a9c052-68b3-4600-b46c-b388f8da2720@group-CAC272819F5B-StateMachineUpdater: set stopIndex = 0
2019-09-10 05:34:36,738 [ForkJoinPool.commonPool-worker-0] INFO  impl.RaftServerImpl (ServerState.java:close(385)) - 72a9c052-68b3-4600-b46c-b388f8da2720@group-CAC272819F5B: closes. applyIndex: 0
2019-09-10 05:34:36,738 [72a9c052-68b3-4600-b46c-b388f8da2720@group-CAC272819F5B-SegmentedRaftLogWorker] INFO  segmented.SegmentedRaftLogWorker (SegmentedRaftLogWorker.java:run(313)) - 72a9c052-68b3-4600-b46c-b388f8da2720@group-CAC272819F5B-SegmentedRaftLogWorker was interrupted, exiting. There are 0 tasks remaining in the queue.
2019-09-10 05:34:36,740 [ForkJoinPool.commonPool-worker-0] INFO  segmented.SegmentedRaftLogWorker (SegmentedRaftLogWorker.java:close(228)) - 72a9c052-68b3-4600-b46c-b388f8da2720@group-CAC272819F5B-SegmentedRaftLogWorker close()
2019-09-10 05:34:36,755 [ForkJoinPool.commonPool-worker-0] INFO  server.GrpcService (GrpcService.java:closeImpl(164)) - 72a9c052-68b3-4600-b46c-b388f8da2720: shutdown server with port 33685 now
2019-09-10 05:34:36,757 [ForkJoinPool.commonPool-worker-0] INFO  server.GrpcService (GrpcService.java:closeImpl(172)) - 72a9c052-68b3-4600-b46c-b388f8da2720: shutdown server with port 33685 successfully
2019-09-10 05:34:36,761 [refreshUsed-/workdir/hadoop-ozone/integration-test/target/test-dir/MiniOzoneClusterImpl-9d9b5fd6-f7d9-4221-8942-13da4fae1afe/datanode-0/data/containers] WARN  fs.CachingGetSpaceUsed (CachingGetSpaceUsed.java:run(183)) - Thread Interrupted waiting to refresh disk information: sleep interrupted
2019-09-10 05:34:36,770 [2450cf49-9e1c-4def-9796-350dd1d43595@group-432D1F24A09D-StateMachineUpdater] INFO  ratis.ContainerStateMachine (ContainerStateMachine.java:takeSnapshot(300)) - group-432D1F24A09D: Finished taking a snapshot at:(t:1, i:3) file:/workdir/hadoop-ozone/integration-test/target/test-dir/MiniOzoneClusterImpl-9d9b5fd6-f7d9-4221-8942-13da4fae1afe/datanode-6/data/ratis/3f702eb2-d0d5-4a65-8869-432d1f24a09d/sm/snapshot.1_3 time:41
2019-09-10 05:34:36,771 [2450cf49-9e1c-4def-9796-350dd1d43595@group-432D1F24A09D-StateMachineUpdater] INFO  impl.StateMachineUpdater (StateMachineUpdater.java:takeSnapshot(258)) - 2450cf49-9e1c-4def-9796-350dd1d43595@group-432D1F24A09D-StateMachineUpdater: Took a snapshot at index 3
2019-09-10 05:34:36,771 [2450cf49-9e1c-4def-9796-350dd1d43595@group-432D1F24A09D-StateMachineUpdater] INFO  impl.StateMachineUpdater (StateMachineUpdater.java:lambda$new$0(83)) - 2450cf49-9e1c-4def-9796-350dd1d43595@group-432D1F24A09D-StateMachineUpdater: snapshotIndex: updateIncreasingly -1 -> 3
2019-09-10 05:34:36,771 [2450cf49-9e1c-4def-9796-350dd1d43595@group-432D1F24A09D-StateMachineUpdater] INFO  ratis.ContainerStateMachine (ContainerStateMachine.java:takeSnapshot(289)) - group-432D1F24A09D: Taking a snapshot at:(t:1, i:3) file /workdir/hadoop-ozone/integration-test/target/test-dir/MiniOzoneClusterImpl-9d9b5fd6-f7d9-4221-8942-13da4fae1afe/datanode-6/data/ratis/3f702eb2-d0d5-4a65-8869-432d1f24a09d/sm/snapshot.1_3
2019-09-10 05:34:36,779 [ForkJoinPool.commonPool-worker-0] INFO  utils.BackgroundService (BackgroundService.java:shutdown(148)) - Shutting down service BlockDeletingService
2019-09-10 05:34:36,784 [ForkJoinPool.commonPool-worker-0] INFO  statemachine.DatanodeStateMachine (DatanodeStateMachine.java:stopDaemon(395)) - Ozone container server stopped.
2019-09-10 05:34:36,784 [2450cf49-9e1c-4def-9796-350dd1d43595@group-432D1F24A09D-StateMachineUpdater] INFO  ratis.ContainerStateMachine (ContainerStateMachine.java:takeSnapshot(300)) - group-432D1F24A09D: Finished taking a snapshot at:(t:1, i:3) file:/workdir/hadoop-ozone/integration-test/target/test-dir/MiniOzoneClusterImpl-9d9b5fd6-f7d9-4221-8942-13da4fae1afe/datanode-6/data/ratis/3f702eb2-d0d5-4a65-8869-432d1f24a09d/sm/snapshot.1_3 time:13
2019-09-10 05:34:36,784 [2450cf49-9e1c-4def-9796-350dd1d43595@group-432D1F24A09D-StateMachineUpdater] INFO  impl.StateMachineUpdater (StateMachineUpdater.java:takeSnapshot(258)) - 2450cf49-9e1c-4def-9796-350dd1d43595@group-432D1F24A09D-StateMachineUpdater: Took a snapshot at index 3
2019-09-10 05:34:36,788 [2450cf49-9e1c-4def-9796-350dd1d43595@group-432D1F24A09D-StateMachineUpdater] INFO  impl.StateMachineUpdater (StateMachineUpdater.java:lambda$new$0(83)) - 2450cf49-9e1c-4def-9796-350dd1d43595@group-432D1F24A09D-StateMachineUpdater: snapshotIndex: updateIncreasingly 3 -> 3
2019-09-10 05:34:36,788 [main] INFO  impl.RaftServerImpl (ServerState.java:close(385)) - 2450cf49-9e1c-4def-9796-350dd1d43595@group-432D1F24A09D: closes. applyIndex: 4
2019-09-10 05:34:36,789 [2450cf49-9e1c-4def-9796-350dd1d43595@group-432D1F24A09D-SegmentedRaftLogWorker] INFO  segmented.SegmentedRaftLogWorker (SegmentedRaftLogWorker.java:run(313)) - 2450cf49-9e1c-4def-9796-350dd1d43595@group-432D1F24A09D-SegmentedRaftLogWorker was interrupted, exiting. There are 0 tasks remaining in the queue.
2019-09-10 05:34:36,791 [ForkJoinPool.commonPool-worker-0] INFO  handler.ContextHandler (ContextHandler.java:doStop(910)) - Stopped o.e.j.w.WebAppContext@6222391a{/,null,UNAVAILABLE}{/hddsDatanode}
2019-09-10 05:34:36,791 [main] INFO  segmented.SegmentedRaftLogWorker (SegmentedRaftLogWorker.java:close(228)) - 2450cf49-9e1c-4def-9796-350dd1d43595@group-432D1F24A09D-SegmentedRaftLogWorker close()
2019-09-10 05:34:36,793 [main] INFO  server.GrpcService (GrpcService.java:closeImpl(164)) - 2450cf49-9e1c-4def-9796-350dd1d43595: shutdown server with port 44236 now
2019-09-10 05:34:36,794 [ForkJoinPool.commonPool-worker-0] INFO  server.AbstractConnector (AbstractConnector.java:doStop(318)) - Stopped ServerConnector@538a2f0e{HTTP/1.1,[http/1.1]}{0.0.0.0:0}
2019-09-10 05:34:36,795 [main] INFO  server.GrpcService (GrpcService.java:closeImpl(172)) - 2450cf49-9e1c-4def-9796-350dd1d43595: shutdown server with port 44236 successfully
2019-09-10 05:34:36,797 [ForkJoinPool.commonPool-worker-0] INFO  handler.ContextHandler (ContextHandler.java:doStop(910)) - Stopped o.e.j.s.ServletContextHandler@34136bd1{/static,jar:file:/home/user/.m2/repository/org/apache/hadoop/hadoop-hdds-container-service/0.5.0-SNAPSHOT/hadoop-hdds-container-service-0.5.0-SNAPSHOT.jar!/webapps/static,UNAVAILABLE}
2019-09-10 05:34:36,799 [ForkJoinPool.commonPool-worker-0] INFO  handler.ContextHandler (ContextHandler.java:doStop(910)) - Stopped o.e.j.s.ServletContextHandler@28be7fec{/logs,file:///workdir/hadoop-ozone/integration-test/target/log,UNAVAILABLE}
2019-09-10 05:34:36,802 [refreshUsed-/workdir/hadoop-ozone/integration-test/target/test-dir/MiniOzoneClusterImpl-9d9b5fd6-f7d9-4221-8942-13da4fae1afe/datanode-6/data/containers] WARN  fs.CachingGetSpaceUsed (CachingGetSpaceUsed.java:run(183)) - Thread Interrupted waiting to refresh disk information: sleep interrupted
2019-09-10 05:34:36,821 [main] INFO  utils.BackgroundService (BackgroundService.java:shutdown(148)) - Shutting down service BlockDeletingService
2019-09-10 05:34:36,827 [main] INFO  statemachine.DatanodeStateMachine (DatanodeStateMachine.java:stopDaemon(395)) - Ozone container server stopped.
2019-09-10 05:34:36,828 [main] INFO  handler.ContextHandler (ContextHandler.java:doStop(910)) - Stopped o.e.j.w.WebAppContext@48499739{/,null,UNAVAILABLE}{/hddsDatanode}
2019-09-10 05:34:36,830 [main] INFO  server.AbstractConnector (AbstractConnector.java:doStop(318)) - Stopped ServerConnector@723742b2{HTTP/1.1,[http/1.1]}{0.0.0.0:0}
2019-09-10 05:34:36,831 [main] INFO  handler.ContextHandler (ContextHandler.java:doStop(910)) - Stopped o.e.j.s.ServletContextHandler@16681017{/static,jar:file:/home/user/.m2/repository/org/apache/hadoop/hadoop-hdds-container-service/0.5.0-SNAPSHOT/hadoop-hdds-container-service-0.5.0-SNAPSHOT.jar!/webapps/static,UNAVAILABLE}
2019-09-10 05:34:36,831 [main] INFO  handler.ContextHandler (ContextHandler.java:doStop(910)) - Stopped o.e.j.s.ServletContextHandler@4a22e4d7{/logs,file:///workdir/hadoop-ozone/integration-test/target/log,UNAVAILABLE}
2019-09-10 05:34:36,887 [Datanode State Machine Thread - 0] INFO  statemachine.DatanodeStateMachine (DatanodeStateMachine.java:lambda$startDaemon$0(350)) - Ozone container server started.
2019-09-10 05:34:38,717 [Thread-3000] INFO  impl.FollowerState (FollowerState.java:run(106)) - 3264e783-a886-4a98-ba84-26339acf7926:group-BDA6565D0529 changes to CANDIDATE, lastRpcTime:9593, electionTimeout:5103ms
2019-09-10 05:34:38,718 [Thread-3000] INFO  impl.RoleInfo (RoleInfo.java:shutdownFollowerState(121)) - 3264e783-a886-4a98-ba84-26339acf7926: shutdown FollowerState
2019-09-10 05:34:38,718 [Thread-3000] INFO  impl.RaftServerImpl (RaftServerImpl.java:setRole(174)) - 3264e783-a886-4a98-ba84-26339acf7926@group-BDA6565D0529: changes role from  FOLLOWER to CANDIDATE at term 5 for changeToCandidate
2019-09-10 05:34:38,718 [Thread-3000] INFO  impl.RoleInfo (RoleInfo.java:updateAndGet(143)) - 3264e783-a886-4a98-ba84-26339acf7926: start LeaderElection
2019-09-10 05:34:38,721 [3264e783-a886-4a98-ba84-26339acf7926@group-BDA6565D0529:LeaderElection71] INFO  impl.RaftServerImpl (ServerState.java:setLeader(253)) - 3264e783-a886-4a98-ba84-26339acf7926@group-BDA6565D0529: change Leader from 87196072-496c-46fd-91f4-efa396687fa3 to null at term 5 for initElection
2019-09-10 05:34:38,726 [3264e783-a886-4a98-ba84-26339acf7926@group-BDA6565D0529:LeaderElection71] INFO  impl.LeaderElection (LeaderElection.java:askForVotes(182)) - 3264e783-a886-4a98-ba84-26339acf7926@group-BDA6565D0529:LeaderElection71: begin an election at term 6 for 1: [87196072-496c-46fd-91f4-efa396687fa3:192.168.36.76:35461, 3264e783-a886-4a98-ba84-26339acf7926:192.168.36.76:36054, 72a9c052-68b3-4600-b46c-b388f8da2720:192.168.36.76:33685], old=null
2019-09-10 05:34:38,730 [3264e783-a886-4a98-ba84-26339acf7926@group-BDA6565D0529:LeaderElection71] INFO  impl.LeaderElection (LogUtils.java:infoOrTrace(149)) - 3264e783-a886-4a98-ba84-26339acf7926@group-BDA6565D0529:LeaderElection71 got exception when requesting votes: {}
java.util.concurrent.ExecutionException: org.apache.ratis.thirdparty.io.grpc.StatusRuntimeException: UNAVAILABLE: io exception
	at java.util.concurrent.FutureTask.report(FutureTask.java:122)
	at java.util.concurrent.FutureTask.get(FutureTask.java:192)
	at org.apache.ratis.server.impl.LeaderElection.waitForResults(LeaderElection.java:263)
	at org.apache.ratis.server.impl.LeaderElection.askForVotes(LeaderElection.java:201)
	at org.apache.ratis.server.impl.LeaderElection.run(LeaderElection.java:133)
	at java.lang.Thread.run(Thread.java:748)
Caused by: org.apache.ratis.thirdparty.io.grpc.StatusRuntimeException: UNAVAILABLE: io exception
	at org.apache.ratis.thirdparty.io.grpc.stub.ClientCalls.toStatusRuntimeException(ClientCalls.java:233)
	at org.apache.ratis.thirdparty.io.grpc.stub.ClientCalls.getUnchecked(ClientCalls.java:214)
	at org.apache.ratis.thirdparty.io.grpc.stub.ClientCalls.blockingUnaryCall(ClientCalls.java:139)
	at org.apache.ratis.proto.grpc.RaftServerProtocolServiceGrpc$RaftServerProtocolServiceBlockingStub.requestVote(RaftServerProtocolServiceGrpc.java:265)
	at org.apache.ratis.grpc.server.GrpcServerProtocolClient.requestVote(GrpcServerProtocolClient.java:90)
	at org.apache.ratis.grpc.server.GrpcService.requestVote(GrpcService.java:204)
	at org.apache.ratis.server.impl.LeaderElection.lambda$submitRequests$1(LeaderElection.java:238)
	at java.util.concurrent.FutureTask.run(FutureTask.java:266)
	at java.util.concurrent.Executors$RunnableAdapter.call(Executors.java:511)
	at java.util.concurrent.FutureTask.run(FutureTask.java:266)
	at java.util.concurrent.ThreadPoolExecutor.runWorker(ThreadPoolExecutor.java:1149)
	at java.util.concurrent.ThreadPoolExecutor$Worker.run(ThreadPoolExecutor.java:624)
	... 1 more
Caused by: org.apache.ratis.thirdparty.io.netty.channel.AbstractChannel$AnnotatedConnectException: Connection refused: /192.168.36.76:35461
	at sun.nio.ch.SocketChannelImpl.checkConnect(Native Method)
	at sun.nio.ch.SocketChannelImpl.finishConnect(SocketChannelImpl.java:717)
	at org.apache.ratis.thirdparty.io.netty.channel.socket.nio.NioSocketChannel.doFinishConnect(NioSocketChannel.java:327)
	at org.apache.ratis.thirdparty.io.netty.channel.nio.AbstractNioChannel$AbstractNioUnsafe.finishConnect(AbstractNioChannel.java:340)
	at org.apache.ratis.thirdparty.io.netty.channel.nio.NioEventLoop.processSelectedKey(NioEventLoop.java:632)
	at org.apache.ratis.thirdparty.io.netty.channel.nio.NioEventLoop.processSelectedKeysOptimized(NioEventLoop.java:579)
	at org.apache.ratis.thirdparty.io.netty.channel.nio.NioEventLoop.processSelectedKeys(NioEventLoop.java:496)
	at org.apache.ratis.thirdparty.io.netty.channel.nio.NioEventLoop.run(NioEventLoop.java:458)
	at org.apache.ratis.thirdparty.io.netty.util.concurrent.SingleThreadEventExecutor$5.run(SingleThreadEventExecutor.java:897)
	at org.apache.ratis.thirdparty.io.netty.util.concurrent.FastThreadLocalRunnable.run(FastThreadLocalRunnable.java:30)
	... 1 more
Caused by: java.net.ConnectException: Connection refused
	... 11 more
2019-09-10 05:34:38,734 [3264e783-a886-4a98-ba84-26339acf7926@group-BDA6565D0529:LeaderElection71] INFO  impl.LeaderElection (LogUtils.java:infoOrTrace(149)) - 3264e783-a886-4a98-ba84-26339acf7926@group-BDA6565D0529:LeaderElection71 got exception when requesting votes: {}
java.util.concurrent.ExecutionException: org.apache.ratis.thirdparty.io.grpc.StatusRuntimeException: UNAVAILABLE: io exception
	at java.util.concurrent.FutureTask.report(FutureTask.java:122)
	at java.util.concurrent.FutureTask.get(FutureTask.java:192)
	at org.apache.ratis.server.impl.LeaderElection.waitForResults(LeaderElection.java:263)
	at org.apache.ratis.server.impl.LeaderElection.askForVotes(LeaderElection.java:201)
	at org.apache.ratis.server.impl.LeaderElection.run(LeaderElection.java:133)
	at java.lang.Thread.run(Thread.java:748)
Caused by: org.apache.ratis.thirdparty.io.grpc.StatusRuntimeException: UNAVAILABLE: io exception
	at org.apache.ratis.thirdparty.io.grpc.stub.ClientCalls.toStatusRuntimeException(ClientCalls.java:233)
	at org.apache.ratis.thirdparty.io.grpc.stub.ClientCalls.getUnchecked(ClientCalls.java:214)
	at org.apache.ratis.thirdparty.io.grpc.stub.ClientCalls.blockingUnaryCall(ClientCalls.java:139)
	at org.apache.ratis.proto.grpc.RaftServerProtocolServiceGrpc$RaftServerProtocolServiceBlockingStub.requestVote(RaftServerProtocolServiceGrpc.java:265)
	at org.apache.ratis.grpc.server.GrpcServerProtocolClient.requestVote(GrpcServerProtocolClient.java:90)
	at org.apache.ratis.grpc.server.GrpcService.requestVote(GrpcService.java:204)
	at org.apache.ratis.server.impl.LeaderElection.lambda$submitRequests$1(LeaderElection.java:238)
	at java.util.concurrent.FutureTask.run(FutureTask.java:266)
	at java.util.concurrent.Executors$RunnableAdapter.call(Executors.java:511)
	at java.util.concurrent.FutureTask.run(FutureTask.java:266)
	at java.util.concurrent.ThreadPoolExecutor.runWorker(ThreadPoolExecutor.java:1149)
	at java.util.concurrent.ThreadPoolExecutor$Worker.run(ThreadPoolExecutor.java:624)
	... 1 more
Caused by: org.apache.ratis.thirdparty.io.netty.channel.AbstractChannel$AnnotatedConnectException: Connection refused: /192.168.36.76:33685
	at sun.nio.ch.SocketChannelImpl.checkConnect(Native Method)
	at sun.nio.ch.SocketChannelImpl.finishConnect(SocketChannelImpl.java:717)
	at org.apache.ratis.thirdparty.io.netty.channel.socket.nio.NioSocketChannel.doFinishConnect(NioSocketChannel.java:327)
	at org.apache.ratis.thirdparty.io.netty.channel.nio.AbstractNioChannel$AbstractNioUnsafe.finishConnect(AbstractNioChannel.java:340)
	at org.apache.ratis.thirdparty.io.netty.channel.nio.NioEventLoop.processSelectedKey(NioEventLoop.java:632)
	at org.apache.ratis.thirdparty.io.netty.channel.nio.NioEventLoop.processSelectedKeysOptimized(NioEventLoop.java:579)
	at org.apache.ratis.thirdparty.io.netty.channel.nio.NioEventLoop.processSelectedKeys(NioEventLoop.java:496)
	at org.apache.ratis.thirdparty.io.netty.channel.nio.NioEventLoop.run(NioEventLoop.java:458)
	at org.apache.ratis.thirdparty.io.netty.util.concurrent.SingleThreadEventExecutor$5.run(SingleThreadEventExecutor.java:897)
	at org.apache.ratis.thirdparty.io.netty.util.concurrent.FastThreadLocalRunnable.run(FastThreadLocalRunnable.java:30)
	... 1 more
Caused by: java.net.ConnectException: Connection refused
	... 11 more
2019-09-10 05:34:38,736 [3264e783-a886-4a98-ba84-26339acf7926@group-BDA6565D0529:LeaderElection71] INFO  impl.LeaderElection (LeaderElection.java:logAndReturn(56)) - 3264e783-a886-4a98-ba84-26339acf7926@group-BDA6565D0529:LeaderElection71: Election REJECTED; received 0 response(s) [] and 2 exception(s); 3264e783-a886-4a98-ba84-26339acf7926@group-BDA6565D0529:t6, leader=null, voted=3264e783-a886-4a98-ba84-26339acf7926, raftlog=3264e783-a886-4a98-ba84-26339acf7926@group-BDA6565D0529-SegmentedRaftLog:OPENED:c18,f18,i18, conf=1: [87196072-496c-46fd-91f4-efa396687fa3:192.168.36.76:35461, 3264e783-a886-4a98-ba84-26339acf7926:192.168.36.76:36054, 72a9c052-68b3-4600-b46c-b388f8da2720:192.168.36.76:33685], old=null
2019-09-10 05:34:38,736 [3264e783-a886-4a98-ba84-26339acf7926@group-BDA6565D0529:LeaderElection71] INFO  impl.LeaderElection (LogUtils.java:infoOrTrace(149)) -   Exception 0: {}
java.util.concurrent.ExecutionException: org.apache.ratis.thirdparty.io.grpc.StatusRuntimeException: UNAVAILABLE: io exception
	at java.util.concurrent.FutureTask.report(FutureTask.java:122)
	at java.util.concurrent.FutureTask.get(FutureTask.java:192)
	at org.apache.ratis.server.impl.LeaderElection.waitForResults(LeaderElection.java:263)
	at org.apache.ratis.server.impl.LeaderElection.askForVotes(LeaderElection.java:201)
	at org.apache.ratis.server.impl.LeaderElection.run(LeaderElection.java:133)
	at java.lang.Thread.run(Thread.java:748)
Caused by: org.apache.ratis.thirdparty.io.grpc.StatusRuntimeException: UNAVAILABLE: io exception
	at org.apache.ratis.thirdparty.io.grpc.stub.ClientCalls.toStatusRuntimeException(ClientCalls.java:233)
	at org.apache.ratis.thirdparty.io.grpc.stub.ClientCalls.getUnchecked(ClientCalls.java:214)
	at org.apache.ratis.thirdparty.io.grpc.stub.ClientCalls.blockingUnaryCall(ClientCalls.java:139)
	at org.apache.ratis.proto.grpc.RaftServerProtocolServiceGrpc$RaftServerProtocolServiceBlockingStub.requestVote(RaftServerProtocolServiceGrpc.java:265)
	at org.apache.ratis.grpc.server.GrpcServerProtocolClient.requestVote(GrpcServerProtocolClient.java:90)
	at org.apache.ratis.grpc.server.GrpcService.requestVote(GrpcService.java:204)
	at org.apache.ratis.server.impl.LeaderElection.lambda$submitRequests$1(LeaderElection.java:238)
	at java.util.concurrent.FutureTask.run(FutureTask.java:266)
	at java.util.concurrent.Executors$RunnableAdapter.call(Executors.java:511)
	at java.util.concurrent.FutureTask.run(FutureTask.java:266)
	at java.util.concurrent.ThreadPoolExecutor.runWorker(ThreadPoolExecutor.java:1149)
	at java.util.concurrent.ThreadPoolExecutor$Worker.run(ThreadPoolExecutor.java:624)
	... 1 more
Caused by: org.apache.ratis.thirdparty.io.netty.channel.AbstractChannel$AnnotatedConnectException: Connection refused: /192.168.36.76:35461
	at sun.nio.ch.SocketChannelImpl.checkConnect(Native Method)
	at sun.nio.ch.SocketChannelImpl.finishConnect(SocketChannelImpl.java:717)
	at org.apache.ratis.thirdparty.io.netty.channel.socket.nio.NioSocketChannel.doFinishConnect(NioSocketChannel.java:327)
	at org.apache.ratis.thirdparty.io.netty.channel.nio.AbstractNioChannel$AbstractNioUnsafe.finishConnect(AbstractNioChannel.java:340)
	at org.apache.ratis.thirdparty.io.netty.channel.nio.NioEventLoop.processSelectedKey(NioEventLoop.java:632)
	at org.apache.ratis.thirdparty.io.netty.channel.nio.NioEventLoop.processSelectedKeysOptimized(NioEventLoop.java:579)
	at org.apache.ratis.thirdparty.io.netty.channel.nio.NioEventLoop.processSelectedKeys(NioEventLoop.java:496)
	at org.apache.ratis.thirdparty.io.netty.channel.nio.NioEventLoop.run(NioEventLoop.java:458)
	at org.apache.ratis.thirdparty.io.netty.util.concurrent.SingleThreadEventExecutor$5.run(SingleThreadEventExecutor.java:897)
	at org.apache.ratis.thirdparty.io.netty.util.concurrent.FastThreadLocalRunnable.run(FastThreadLocalRunnable.java:30)
	... 1 more
Caused by: java.net.ConnectException: Connection refused
	... 11 more
2019-09-10 05:34:38,736 [3264e783-a886-4a98-ba84-26339acf7926@group-BDA6565D0529:LeaderElection71] INFO  impl.LeaderElection (LogUtils.java:infoOrTrace(149)) -   Exception 1: {}
java.util.concurrent.ExecutionException: org.apache.ratis.thirdparty.io.grpc.StatusRuntimeException: UNAVAILABLE: io exception
	at java.util.concurrent.FutureTask.report(FutureTask.java:122)
	at java.util.concurrent.FutureTask.get(FutureTask.java:192)
	at org.apache.ratis.server.impl.LeaderElection.waitForResults(LeaderElection.java:263)
	at org.apache.ratis.server.impl.LeaderElection.askForVotes(LeaderElection.java:201)
	at org.apache.ratis.server.impl.LeaderElection.run(LeaderElection.java:133)
	at java.lang.Thread.run(Thread.java:748)
Caused by: org.apache.ratis.thirdparty.io.grpc.StatusRuntimeException: UNAVAILABLE: io exception
	at org.apache.ratis.thirdparty.io.grpc.stub.ClientCalls.toStatusRuntimeException(ClientCalls.java:233)
	at org.apache.ratis.thirdparty.io.grpc.stub.ClientCalls.getUnchecked(ClientCalls.java:214)
	at org.apache.ratis.thirdparty.io.grpc.stub.ClientCalls.blockingUnaryCall(ClientCalls.java:139)
	at org.apache.ratis.proto.grpc.RaftServerProtocolServiceGrpc$RaftServerProtocolServiceBlockingStub.requestVote(RaftServerProtocolServiceGrpc.java:265)
	at org.apache.ratis.grpc.server.GrpcServerProtocolClient.requestVote(GrpcServerProtocolClient.java:90)
	at org.apache.ratis.grpc.server.GrpcService.requestVote(GrpcService.java:204)
	at org.apache.ratis.server.impl.LeaderElection.lambda$submitRequests$1(LeaderElection.java:238)
	at java.util.concurrent.FutureTask.run(FutureTask.java:266)
	at java.util.concurrent.Executors$RunnableAdapter.call(Executors.java:511)
	at java.util.concurrent.FutureTask.run(FutureTask.java:266)
	at java.util.concurrent.ThreadPoolExecutor.runWorker(ThreadPoolExecutor.java:1149)
	at java.util.concurrent.ThreadPoolExecutor$Worker.run(ThreadPoolExecutor.java:624)
	... 1 more
Caused by: org.apache.ratis.thirdparty.io.netty.channel.AbstractChannel$AnnotatedConnectException: Connection refused: /192.168.36.76:33685
	at sun.nio.ch.SocketChannelImpl.checkConnect(Native Method)
	at sun.nio.ch.SocketChannelImpl.finishConnect(SocketChannelImpl.java:717)
	at org.apache.ratis.thirdparty.io.netty.channel.socket.nio.NioSocketChannel.doFinishConnect(NioSocketChannel.java:327)
	at org.apache.ratis.thirdparty.io.netty.channel.nio.AbstractNioChannel$AbstractNioUnsafe.finishConnect(AbstractNioChannel.java:340)
	at org.apache.ratis.thirdparty.io.netty.channel.nio.NioEventLoop.processSelectedKey(NioEventLoop.java:632)
	at org.apache.ratis.thirdparty.io.netty.channel.nio.NioEventLoop.processSelectedKeysOptimized(NioEventLoop.java:579)
	at org.apache.ratis.thirdparty.io.netty.channel.nio.NioEventLoop.processSelectedKeys(NioEventLoop.java:496)
	at org.apache.ratis.thirdparty.io.netty.channel.nio.NioEventLoop.run(NioEventLoop.java:458)
	at org.apache.ratis.thirdparty.io.netty.util.concurrent.SingleThreadEventExecutor$5.run(SingleThreadEventExecutor.java:897)
	at org.apache.ratis.thirdparty.io.netty.util.concurrent.FastThreadLocalRunnable.run(FastThreadLocalRunnable.java:30)
	... 1 more
Caused by: java.net.ConnectException: Connection refused
	... 11 more
2019-09-10 05:34:38,737 [3264e783-a886-4a98-ba84-26339acf7926@group-BDA6565D0529:LeaderElection71] INFO  impl.RaftServerImpl (RaftServerImpl.java:setRole(174)) - 3264e783-a886-4a98-ba84-26339acf7926@group-BDA6565D0529: changes role from CANDIDATE to FOLLOWER at term 6 for DISCOVERED_A_NEW_TERM
2019-09-10 05:34:38,737 [3264e783-a886-4a98-ba84-26339acf7926@group-BDA6565D0529:LeaderElection71] INFO  impl.RoleInfo (RoleInfo.java:shutdownLeaderElection(134)) - 3264e783-a886-4a98-ba84-26339acf7926: shutdown LeaderElection
2019-09-10 05:34:38,737 [3264e783-a886-4a98-ba84-26339acf7926@group-BDA6565D0529:LeaderElection71] INFO  impl.RoleInfo (RoleInfo.java:updateAndGet(143)) - 3264e783-a886-4a98-ba84-26339acf7926: start FollowerState
2019-09-10 05:34:40,990 [EventQueue-StaleNodeForStaleNodeHandler] INFO  node.StaleNodeHandler (StaleNodeHandler.java:onMessage(58)) - Datanode 3264e783-a886-4a98-ba84-26339acf7926{ip: 192.168.36.76, host: trunk-nightly-20190910-vk757-903364635, networkLocation: /default-rack, certSerialId: null} moved to stale state. Finalizing its pipelines [PipelineID=968ef75e-f07e-4f05-9da8-65c76ae27d3c, PipelineID=34112554-ff58-4c99-954c-bda6565d0529]
2019-09-10 05:34:40,994 [EventQueue-StaleNodeForStaleNodeHandler] INFO  pipeline.SCMPipelineManager (SCMPipelineManager.java:finalizeAndDestroyPipeline(311)) - destroying pipeline:Pipeline[ Id: 968ef75e-f07e-4f05-9da8-65c76ae27d3c, Nodes: 3264e783-a886-4a98-ba84-26339acf7926{ip: 192.168.36.76, host: trunk-nightly-20190910-vk757-903364635, networkLocation: /default-rack, certSerialId: null}, Type:RATIS, Factor:ONE, State:OPEN]
2019-09-10 05:34:40,994 [EventQueue-StaleNodeForStaleNodeHandler] INFO  pipeline.PipelineStateManager (PipelineStateManager.java:finalizePipeline(123)) - Pipeline Pipeline[ Id: 968ef75e-f07e-4f05-9da8-65c76ae27d3c, Nodes: 3264e783-a886-4a98-ba84-26339acf7926{ip: 192.168.36.76, host: trunk-nightly-20190910-vk757-903364635, networkLocation: /default-rack, certSerialId: null}, Type:RATIS, Factor:ONE, State:CLOSED] moved to CLOSED state
2019-09-10 05:34:40,996 [EventQueue-StaleNodeForStaleNodeHandler] INFO  pipeline.SCMPipelineManager (SCMPipelineManager.java:finalizeAndDestroyPipeline(311)) - destroying pipeline:Pipeline[ Id: 34112554-ff58-4c99-954c-bda6565d0529, Nodes: 72a9c052-68b3-4600-b46c-b388f8da2720{ip: 192.168.36.76, host: trunk-nightly-20190910-vk757-903364635, networkLocation: /default-rack, certSerialId: null}87196072-496c-46fd-91f4-efa396687fa3{ip: 192.168.36.76, host: trunk-nightly-20190910-vk757-903364635, networkLocation: /default-rack, certSerialId: null}3264e783-a886-4a98-ba84-26339acf7926{ip: 192.168.36.76, host: trunk-nightly-20190910-vk757-903364635, networkLocation: /default-rack, certSerialId: null}, Type:RATIS, Factor:THREE, State:CLOSED]
2019-09-10 05:34:41,804 [ForkJoinPool.commonPool-worker-0] INFO  ozoneimpl.OzoneContainer (OzoneContainer.java:stop(231)) - Attempting to stop container services.
2019-09-10 05:34:41,805 [ForkJoinPool.commonPool-worker-0] INFO  impl.RaftServerProxy (RaftServerProxy.java:lambda$close$4(314)) - 3264e783-a886-4a98-ba84-26339acf7926: close
2019-09-10 05:34:41,806 [ForkJoinPool.commonPool-worker-0] INFO  impl.RaftServerImpl (RaftServerImpl.java:lambda$shutdown$3(251)) - 3264e783-a886-4a98-ba84-26339acf7926@group-65C76AE27D3C: shutdown
2019-09-10 05:34:41,806 [ForkJoinPool.commonPool-worker-0] INFO  util.JmxRegister (JmxRegister.java:unregister(73)) - Successfully un-registered JMX Bean with object name Ratis:service=RaftServer,group=group-65C76AE27D3C,id=3264e783-a886-4a98-ba84-26339acf7926
2019-09-10 05:34:41,806 [ForkJoinPool.commonPool-worker-0] INFO  impl.RoleInfo (RoleInfo.java:shutdownLeaderState(104)) - 3264e783-a886-4a98-ba84-26339acf7926: shutdown LeaderState
2019-09-10 05:34:41,807 [ForkJoinPool.commonPool-worker-0] INFO  impl.PendingRequests (PendingRequests.java:sendNotLeaderResponses(202)) - 3264e783-a886-4a98-ba84-26339acf7926-PendingRequests: sendNotLeaderResponses
2019-09-10 05:34:41,808 [ForkJoinPool.commonPool-worker-0] INFO  impl.StateMachineUpdater (StateMachineUpdater.java:stopAndJoin(125)) - 3264e783-a886-4a98-ba84-26339acf7926@group-65C76AE27D3C-StateMachineUpdater: set stopIndex = 0
2019-09-10 05:34:41,808 [ForkJoinPool.commonPool-worker-0] INFO  impl.RaftServerImpl (ServerState.java:close(385)) - 3264e783-a886-4a98-ba84-26339acf7926@group-65C76AE27D3C: closes. applyIndex: 0
2019-09-10 05:34:41,808 [3264e783-a886-4a98-ba84-26339acf7926@group-65C76AE27D3C-SegmentedRaftLogWorker] INFO  segmented.SegmentedRaftLogWorker (SegmentedRaftLogWorker.java:run(313)) - 3264e783-a886-4a98-ba84-26339acf7926@group-65C76AE27D3C-SegmentedRaftLogWorker was interrupted, exiting. There are 0 tasks remaining in the queue.
2019-09-10 05:34:41,812 [ForkJoinPool.commonPool-worker-0] INFO  segmented.SegmentedRaftLogWorker (SegmentedRaftLogWorker.java:close(228)) - 3264e783-a886-4a98-ba84-26339acf7926@group-65C76AE27D3C-SegmentedRaftLogWorker close()
2019-09-10 05:34:41,814 [ForkJoinPool.commonPool-worker-0] INFO  impl.RaftServerImpl (RaftServerImpl.java:lambda$shutdown$3(251)) - 3264e783-a886-4a98-ba84-26339acf7926@group-BDA6565D0529: shutdown
2019-09-10 05:34:41,814 [ForkJoinPool.commonPool-worker-0] INFO  util.JmxRegister (JmxRegister.java:unregister(73)) - Successfully un-registered JMX Bean with object name Ratis:service=RaftServer,group=group-BDA6565D0529,id=3264e783-a886-4a98-ba84-26339acf7926
2019-09-10 05:34:41,814 [ForkJoinPool.commonPool-worker-0] INFO  impl.RoleInfo (RoleInfo.java:shutdownFollowerState(121)) - 3264e783-a886-4a98-ba84-26339acf7926: shutdown FollowerState
2019-09-10 05:34:41,815 [ForkJoinPool.commonPool-worker-0] INFO  impl.StateMachineUpdater (StateMachineUpdater.java:stopAndJoin(125)) - 3264e783-a886-4a98-ba84-26339acf7926@group-BDA6565D0529-StateMachineUpdater: set stopIndex = 18
2019-09-10 05:34:41,815 [3264e783-a886-4a98-ba84-26339acf7926@group-BDA6565D0529-StateMachineUpdater] INFO  ratis.ContainerStateMachine (ContainerStateMachine.java:takeSnapshot(289)) - group-BDA6565D0529: Taking a snapshot at:(t:5, i:18) file /workdir/hadoop-ozone/integration-test/target/test-dir/MiniOzoneClusterImpl-9d9b5fd6-f7d9-4221-8942-13da4fae1afe/datanode-5/data/ratis/34112554-ff58-4c99-954c-bda6565d0529/sm/snapshot.5_18
2019-09-10 05:34:41,815 [Thread-3108] INFO  impl.FollowerState (FollowerState.java:run(115)) - 3264e783-a886-4a98-ba84-26339acf7926: FollowerState was interrupted: java.lang.InterruptedException: sleep interrupted
2019-09-10 05:34:41,870 [3264e783-a886-4a98-ba84-26339acf7926@group-BDA6565D0529-StateMachineUpdater] INFO  ratis.ContainerStateMachine (ContainerStateMachine.java:takeSnapshot(300)) - group-BDA6565D0529: Finished taking a snapshot at:(t:5, i:18) file:/workdir/hadoop-ozone/integration-test/target/test-dir/MiniOzoneClusterImpl-9d9b5fd6-f7d9-4221-8942-13da4fae1afe/datanode-5/data/ratis/34112554-ff58-4c99-954c-bda6565d0529/sm/snapshot.5_18 time:55
2019-09-10 05:34:41,870 [3264e783-a886-4a98-ba84-26339acf7926@group-BDA6565D0529-StateMachineUpdater] INFO  impl.StateMachineUpdater (StateMachineUpdater.java:takeSnapshot(258)) - 3264e783-a886-4a98-ba84-26339acf7926@group-BDA6565D0529-StateMachineUpdater: Took a snapshot at index 18
2019-09-10 05:34:41,870 [3264e783-a886-4a98-ba84-26339acf7926@group-BDA6565D0529-StateMachineUpdater] INFO  impl.StateMachineUpdater (StateMachineUpdater.java:lambda$new$0(83)) - 3264e783-a886-4a98-ba84-26339acf7926@group-BDA6565D0529-StateMachineUpdater: snapshotIndex: updateIncreasingly -1 -> 18
2019-09-10 05:34:41,871 [ForkJoinPool.commonPool-worker-0] INFO  impl.RaftServerImpl (ServerState.java:close(385)) - 3264e783-a886-4a98-ba84-26339acf7926@group-BDA6565D0529: closes. applyIndex: 18
2019-09-10 05:34:41,871 [3264e783-a886-4a98-ba84-26339acf7926@group-BDA6565D0529-SegmentedRaftLogWorker] INFO  segmented.SegmentedRaftLogWorker (SegmentedRaftLogWorker.java:run(313)) - 3264e783-a886-4a98-ba84-26339acf7926@group-BDA6565D0529-SegmentedRaftLogWorker was interrupted, exiting. There are 0 tasks remaining in the queue.
2019-09-10 05:34:41,872 [ForkJoinPool.commonPool-worker-0] INFO  segmented.SegmentedRaftLogWorker (SegmentedRaftLogWorker.java:close(228)) - 3264e783-a886-4a98-ba84-26339acf7926@group-BDA6565D0529-SegmentedRaftLogWorker close()
2019-09-10 05:34:41,874 [ForkJoinPool.commonPool-worker-0] INFO  server.GrpcService (GrpcService.java:closeImpl(164)) - 3264e783-a886-4a98-ba84-26339acf7926: shutdown server with port 36054 now
2019-09-10 05:34:41,875 [ForkJoinPool.commonPool-worker-0] INFO  server.GrpcService (GrpcService.java:closeImpl(172)) - 3264e783-a886-4a98-ba84-26339acf7926: shutdown server with port 36054 successfully
2019-09-10 05:34:41,881 [refreshUsed-/workdir/hadoop-ozone/integration-test/target/test-dir/MiniOzoneClusterImpl-9d9b5fd6-f7d9-4221-8942-13da4fae1afe/datanode-5/data/containers] WARN  fs.CachingGetSpaceUsed (CachingGetSpaceUsed.java:run(183)) - Thread Interrupted waiting to refresh disk information: sleep interrupted
2019-09-10 05:34:41,900 [ForkJoinPool.commonPool-worker-0] INFO  utils.BackgroundService (BackgroundService.java:shutdown(148)) - Shutting down service BlockDeletingService
2019-09-10 05:34:41,905 [ForkJoinPool.commonPool-worker-0] INFO  statemachine.DatanodeStateMachine (DatanodeStateMachine.java:stopDaemon(395)) - Ozone container server stopped.
2019-09-10 05:34:41,910 [ForkJoinPool.commonPool-worker-0] INFO  handler.ContextHandler (ContextHandler.java:doStop(910)) - Stopped o.e.j.w.WebAppContext@49232c6f{/,null,UNAVAILABLE}{/hddsDatanode}
2019-09-10 05:34:41,911 [ForkJoinPool.commonPool-worker-0] INFO  server.AbstractConnector (AbstractConnector.java:doStop(318)) - Stopped ServerConnector@5faeeb56{HTTP/1.1,[http/1.1]}{0.0.0.0:0}
2019-09-10 05:34:41,912 [ForkJoinPool.commonPool-worker-0] INFO  handler.ContextHandler (ContextHandler.java:doStop(910)) - Stopped o.e.j.s.ServletContextHandler@4f2ac7e0{/static,jar:file:/home/user/.m2/repository/org/apache/hadoop/hadoop-hdds-container-service/0.5.0-SNAPSHOT/hadoop-hdds-container-service-0.5.0-SNAPSHOT.jar!/webapps/static,UNAVAILABLE}
2019-09-10 05:34:41,913 [ForkJoinPool.commonPool-worker-0] INFO  handler.ContextHandler (ContextHandler.java:doStop(910)) - Stopped o.e.j.s.ServletContextHandler@74a820bf{/logs,file:///workdir/hadoop-ozone/integration-test/target/log,UNAVAILABLE}
2019-09-10 05:34:41,914 [main] INFO  ozone.MiniOzoneClusterImpl (MiniOzoneClusterImpl.java:stop(339)) - Stopping the StorageContainerManager
2019-09-10 05:34:41,915 [main] INFO  server.StorageContainerManager (StorageContainerManager.java:stop(801)) - Stopping Replication Manager Service.
2019-09-10 05:34:41,915 [main] INFO  container.ReplicationManager (ReplicationManager.java:stop(203)) - Stopping Replication Monitor Thread.
2019-09-10 05:34:41,915 [main] INFO  server.StorageContainerManager (StorageContainerManager.java:stop(808)) - Stopping Lease Manager of the command watchers
2019-09-10 05:34:41,916 [main] INFO  server.StorageContainerManager (StorageContainerManager.java:stop(815)) - Stopping datanode service RPC server
2019-09-10 05:34:41,916 [main] INFO  server.SCMDatanodeProtocolServer (SCMDatanodeProtocolServer.java:stop(367)) - Stopping the RPC server for DataNodes
2019-09-10 05:34:41,916 [main] INFO  ipc.Server (Server.java:stop(3082)) - Stopping server on 40314
2019-09-10 05:34:41,919 [IPC Server listener on 40314] INFO  ipc.Server (Server.java:run(1185)) - Stopping IPC Server listener on 40314
2019-09-10 05:34:41,920 [IPC Server Responder] INFO  ipc.Server (Server.java:run(1319)) - Stopping IPC Server Responder
2019-09-10 05:34:41,990 [SCM Heartbeat Processing Thread - 0] WARN  node.NodeStateManager (NodeStateManager.java:scheduleNextHealthCheck(646)) - Current Thread is interrupted, shutting down HB processing thread for Node Manager.
2019-09-10 05:34:41,991 [main] INFO  server.StorageContainerManager (StorageContainerManager.java:stop(823)) - Stopping block service RPC server
2019-09-10 05:34:41,991 [main] INFO  server.SCMBlockProtocolServer (SCMBlockProtocolServer.java:stop(155)) - Stopping the RPC server for Block Protocol
2019-09-10 05:34:41,991 [main] INFO  ipc.Server (Server.java:stop(3082)) - Stopping server on 45176
2019-09-10 05:34:41,993 [main] INFO  server.StorageContainerManager (StorageContainerManager.java:stop(830)) - Stopping the StorageContainerLocationProtocol RPC server
2019-09-10 05:34:41,994 [main] INFO  server.SCMClientProtocolServer (SCMClientProtocolServer.java:stop(159)) - Stopping the RPC server for Client Protocol
2019-09-10 05:34:41,994 [IPC Server listener on 45176] INFO  ipc.Server (Server.java:run(1185)) - Stopping IPC Server listener on 45176
2019-09-10 05:34:41,994 [IPC Server Responder] INFO  ipc.Server (Server.java:run(1319)) - Stopping IPC Server Responder
2019-09-10 05:34:41,994 [main] INFO  ipc.Server (Server.java:stop(3082)) - Stopping server on 39351
2019-09-10 05:34:41,998 [IPC Server listener on 39351] INFO  ipc.Server (Server.java:run(1185)) - Stopping IPC Server listener on 39351
2019-09-10 05:34:41,998 [main] INFO  server.StorageContainerManager (StorageContainerManager.java:stop(837)) - Stopping Storage Container Manager HTTP server.
2019-09-10 05:34:41,998 [IPC Server Responder] INFO  ipc.Server (Server.java:run(1319)) - Stopping IPC Server Responder
2019-09-10 05:34:42,000 [main] INFO  handler.ContextHandler (ContextHandler.java:doStop(910)) - Stopped o.e.j.w.WebAppContext@418f890f{/,null,UNAVAILABLE}{/scm}
2019-09-10 05:34:42,001 [main] INFO  server.AbstractConnector (AbstractConnector.java:doStop(318)) - Stopped ServerConnector@3d3c886f{HTTP/1.1,[http/1.1]}{0.0.0.0:0}
2019-09-10 05:34:42,001 [main] INFO  handler.ContextHandler (ContextHandler.java:doStop(910)) - Stopped o.e.j.s.ServletContextHandler@46394f65{/static,file:///workdir/hadoop-ozone/integration-test/target/test-classes/webapps/static,UNAVAILABLE}
2019-09-10 05:34:42,001 [main] INFO  handler.ContextHandler (ContextHandler.java:doStop(910)) - Stopped o.e.j.s.ServletContextHandler@2fd39436{/logs,file:///workdir/hadoop-ozone/integration-test/target/log,UNAVAILABLE}
2019-09-10 05:34:42,002 [main] INFO  server.StorageContainerManager (StorageContainerManager.java:stop(848)) - Stopping Block Manager Service.
2019-09-10 05:34:42,002 [main] INFO  utils.BackgroundService (BackgroundService.java:shutdown(148)) - Shutting down service SCMBlockDeletingService
2019-09-10 05:34:42,003 [main] INFO  utils.BackgroundService (BackgroundService.java:shutdown(148)) - Shutting down service SCMBlockDeletingService
2019-09-10 05:34:42,003 [main] INFO  server.StorageContainerManager (StorageContainerManager.java:stop(870)) - Stopping SCM Event Queue.
2019-09-10 05:34:42,007 [main] INFO  impl.MetricsSystemImpl (MetricsSystemImpl.java:stop(210)) - Stopping HddsDatanode metrics system...
2019-09-10 05:34:42,034 [main] INFO  impl.MetricsSystemImpl (MetricsSystemImpl.java:stop(216)) - HddsDatanode metrics system stopped.
]]></system-out>
  </testcase>
  <testcase name="testFailureWithPrimeSizedData" classname="org.apache.hadoop.ozone.client.rpc.TestBlockOutputStreamWithFailures" time="38.608"/>
  <testcase name="testWatchForCommitWithCloseContainerException" classname="org.apache.hadoop.ozone.client.rpc.TestBlockOutputStreamWithFailures" time="229.748">
    <failure message="expected:&lt;2&gt; but was:&lt;3&gt;" type="java.lang.AssertionError"><![CDATA[java.lang.AssertionError: expected:<2> but was:<3>
	at org.junit.Assert.fail(Assert.java:88)
	at org.junit.Assert.failNotEquals(Assert.java:743)
	at org.junit.Assert.assertEquals(Assert.java:118)
	at org.junit.Assert.assertEquals(Assert.java:555)
	at org.junit.Assert.assertEquals(Assert.java:542)
	at org.apache.hadoop.ozone.client.rpc.TestBlockOutputStreamWithFailures.testWatchForCommitWithCloseContainerException(TestBlockOutputStreamWithFailures.java:233)
	at sun.reflect.NativeMethodAccessorImpl.invoke0(Native Method)
	at sun.reflect.NativeMethodAccessorImpl.invoke(NativeMethodAccessorImpl.java:62)
	at sun.reflect.DelegatingMethodAccessorImpl.invoke(DelegatingMethodAccessorImpl.java:43)
	at java.lang.reflect.Method.invoke(Method.java:498)
	at org.junit.runners.model.FrameworkMethod$1.runReflectiveCall(FrameworkMethod.java:47)
	at org.junit.internal.runners.model.ReflectiveCallable.run(ReflectiveCallable.java:12)
	at org.junit.runners.model.FrameworkMethod.invokeExplosively(FrameworkMethod.java:44)
	at org.junit.internal.runners.statements.InvokeMethod.evaluate(InvokeMethod.java:17)
	at org.junit.internal.runners.statements.RunBefores.evaluate(RunBefores.java:26)
	at org.junit.internal.runners.statements.RunAfters.evaluate(RunAfters.java:27)
	at org.junit.runners.ParentRunner.runLeaf(ParentRunner.java:271)
	at org.junit.runners.BlockJUnit4ClassRunner.runChild(BlockJUnit4ClassRunner.java:70)
	at org.junit.runners.BlockJUnit4ClassRunner.runChild(BlockJUnit4ClassRunner.java:50)
	at org.junit.runners.ParentRunner$3.run(ParentRunner.java:238)
	at org.junit.runners.ParentRunner$1.schedule(ParentRunner.java:63)
	at org.junit.runners.ParentRunner.runChildren(ParentRunner.java:236)
	at org.junit.runners.ParentRunner.access$000(ParentRunner.java:53)
	at org.junit.runners.ParentRunner$2.evaluate(ParentRunner.java:229)
	at org.junit.runners.ParentRunner.run(ParentRunner.java:309)
	at org.apache.maven.surefire.junit4.JUnit4Provider.execute(JUnit4Provider.java:365)
	at org.apache.maven.surefire.junit4.JUnit4Provider.executeWithRerun(JUnit4Provider.java:273)
	at org.apache.maven.surefire.junit4.JUnit4Provider.executeTestSet(JUnit4Provider.java:238)
	at org.apache.maven.surefire.junit4.JUnit4Provider.invoke(JUnit4Provider.java:159)
	at org.apache.maven.surefire.booter.ForkedBooter.invokeProviderInSameClassLoader(ForkedBooter.java:384)
	at org.apache.maven.surefire.booter.ForkedBooter.runSuitesInProcess(ForkedBooter.java:345)
	at org.apache.maven.surefire.booter.ForkedBooter.execute(ForkedBooter.java:126)
	at org.apache.maven.surefire.booter.ForkedBooter.main(ForkedBooter.java:418)
]]></failure>
    <system-out><![CDATA[2019-09-10 05:35:20,687 [main] WARN  server.ServerUtils (ServerUtils.java:getScmDbDir(145)) - ozone.scm.db.dirs is not configured. We recommend adding this setting. Falling back to ozone.metadata.dirs instead.
2019-09-10 05:35:20,721 [main] WARN  server.ServerUtils (ServerUtils.java:getScmDbDir(145)) - ozone.scm.db.dirs is not configured. We recommend adding this setting. Falling back to ozone.metadata.dirs instead.
2019-09-10 05:35:20,721 [main] WARN  server.ServerUtils (ServerUtils.java:getScmDbDir(145)) - ozone.scm.db.dirs is not configured. We recommend adding this setting. Falling back to ozone.metadata.dirs instead.
2019-09-10 05:35:20,722 [main] INFO  db.DBStoreBuilder (DBStoreBuilder.java:addTable(110)) - using custom profile for table: deletedBlocks
2019-09-10 05:35:20,722 [main] INFO  db.DBStoreBuilder (DBStoreBuilder.java:processTables(161)) - Using default column profile:DBProfile.DISK for Table:deletedBlocks
2019-09-10 05:35:20,722 [main] INFO  db.DBStoreBuilder (DBStoreBuilder.java:addTable(110)) - using custom profile for table: validCerts
2019-09-10 05:35:20,722 [main] INFO  db.DBStoreBuilder (DBStoreBuilder.java:processTables(161)) - Using default column profile:DBProfile.DISK for Table:validCerts
2019-09-10 05:35:20,723 [main] INFO  db.DBStoreBuilder (DBStoreBuilder.java:addTable(110)) - using custom profile for table: revokedCerts
2019-09-10 05:35:20,723 [main] INFO  db.DBStoreBuilder (DBStoreBuilder.java:processTables(161)) - Using default column profile:DBProfile.DISK for Table:revokedCerts
2019-09-10 05:35:20,723 [main] INFO  db.DBStoreBuilder (DBStoreBuilder.java:addTable(110)) - using custom profile for table: default
2019-09-10 05:35:20,723 [main] INFO  db.DBStoreBuilder (DBStoreBuilder.java:processTables(167)) - Using default column profile:DBProfile.DISK for Table:default
2019-09-10 05:35:20,723 [main] INFO  db.DBStoreBuilder (DBStoreBuilder.java:getDbProfile(198)) - Using default options. DBProfile.DISK
2019-09-10 05:35:20,899 [main] INFO  net.NodeSchemaLoader (NodeSchemaLoader.java:loadSchemaFromFile(125)) - Loading file from sun.misc.CompoundEnumeration@2dcd0e41
2019-09-10 05:35:20,899 [main] INFO  net.NodeSchemaLoader (NodeSchemaLoader.java:loadSchema(171)) - Loading network topology layer schema file
2019-09-10 05:35:20,905 [main] INFO  node.SCMNodeManager (SCMNodeManager.java:<init>(114)) - Entering startup safe mode.
2019-09-10 05:35:20,905 [main] INFO  algorithms.ContainerPlacementPolicyFactory (ContainerPlacementPolicyFactory.java:getPolicy(57)) - Create container placement policy of type org.apache.hadoop.hdds.scm.container.placement.algorithms.SCMContainerPlacementRandom
2019-09-10 05:35:20,906 [main] WARN  server.ServerUtils (ServerUtils.java:getScmDbDir(145)) - ozone.scm.db.dirs is not configured. We recommend adding this setting. Falling back to ozone.metadata.dirs instead.
2019-09-10 05:35:20,931 [main] INFO  pipeline.SCMPipelineManager (SCMPipelineManager.java:initializePipelineState(128)) - No pipeline exists in current db
2019-09-10 05:35:20,931 [main] WARN  server.ServerUtils (ServerUtils.java:getScmDbDir(145)) - ozone.scm.db.dirs is not configured. We recommend adding this setting. Falling back to ozone.metadata.dirs instead.
2019-09-10 05:35:21,002 [main] WARN  events.EventQueue (EventQueue.java:fireEvent(183)) - No event handler registered for event TypedEvent{payloadType=SafeModeStatus, name='SafeModeStatus'}
2019-09-10 05:35:21,003 [main] INFO  ipc.CallQueueManager (CallQueueManager.java:<init>(84)) - Using callQueue: class java.util.concurrent.LinkedBlockingQueue, queueCapacity: 2000, scheduler: class org.apache.hadoop.ipc.DefaultRpcScheduler, ipcBackoff: false.
2019-09-10 05:35:21,004 [Socket Reader #1 for port 41035] INFO  ipc.Server (Server.java:run(1074)) - Starting Socket Reader #1 for port 41035
2019-09-10 05:35:21,007 [main] INFO  ipc.CallQueueManager (CallQueueManager.java:<init>(84)) - Using callQueue: class java.util.concurrent.LinkedBlockingQueue, queueCapacity: 2000, scheduler: class org.apache.hadoop.ipc.DefaultRpcScheduler, ipcBackoff: false.
2019-09-10 05:35:21,007 [Socket Reader #1 for port 33089] INFO  ipc.Server (Server.java:run(1074)) - Starting Socket Reader #1 for port 33089
2019-09-10 05:35:21,009 [main] INFO  ipc.CallQueueManager (CallQueueManager.java:<init>(84)) - Using callQueue: class java.util.concurrent.LinkedBlockingQueue, queueCapacity: 2000, scheduler: class org.apache.hadoop.ipc.DefaultRpcScheduler, ipcBackoff: false.
2019-09-10 05:35:21,010 [Socket Reader #1 for port 46103] INFO  ipc.Server (Server.java:run(1074)) - Starting Socket Reader #1 for port 46103
2019-09-10 05:35:21,013 [main] INFO  hdfs.DFSUtil (DFSUtil.java:httpServerTemplateForNNAndJN(1641)) - Starting Web-server for scm at: http://0.0.0.0:0
2019-09-10 05:35:21,015 [main] INFO  server.AuthenticationFilter (AuthenticationFilter.java:constructSecretProvider(240)) - Unable to initialize FileSignerSecretProvider, falling back to use random secrets.
2019-09-10 05:35:21,016 [main] WARN  http.HttpRequestLog (HttpRequestLog.java:getRequestLog(97)) - Jetty request log can only be enabled using Log4j
2019-09-10 05:35:21,017 [main] INFO  http.HttpServer2 (HttpServer2.java:addGlobalFilter(975)) - Added global filter 'safety' (class=org.apache.hadoop.http.HttpServer2$QuotingInputFilter)
2019-09-10 05:35:21,018 [main] INFO  http.HttpServer2 (HttpServer2.java:addFilter(948)) - Added filter static_user_filter (class=org.apache.hadoop.http.lib.StaticUserWebFilter$StaticUserFilter) to context scm
2019-09-10 05:35:21,018 [main] INFO  http.HttpServer2 (HttpServer2.java:addFilter(958)) - Added filter static_user_filter (class=org.apache.hadoop.http.lib.StaticUserWebFilter$StaticUserFilter) to context logs
2019-09-10 05:35:21,018 [main] INFO  http.HttpServer2 (HttpServer2.java:addFilter(958)) - Added filter static_user_filter (class=org.apache.hadoop.http.lib.StaticUserWebFilter$StaticUserFilter) to context static
2019-09-10 05:35:21,019 [main] INFO  server.StorageContainerManager (StorageContainerManager.java:start(763)) - StorageContainerLocationProtocol RPC server is listening at /0.0.0.0:46103
2019-09-10 05:35:21,022 [main] WARN  impl.MetricsConfig (MetricsConfig.java:loadFirst(134)) - Cannot locate configuration: tried hadoop-metrics2-storagecontainermanager.properties,hadoop-metrics2.properties
2019-09-10 05:35:21,023 [main] INFO  impl.MetricsSystemImpl (MetricsSystemImpl.java:startTimer(374)) - Scheduled Metric snapshot period at 10 second(s).
2019-09-10 05:35:21,023 [main] INFO  impl.MetricsSystemImpl (MetricsSystemImpl.java:start(191)) - StorageContainerManager metrics system started
2019-09-10 05:35:21,048 [main] INFO  lib.Interns (Interns.java:removeEldestEntry(50)) - Metrics intern cache overflow at 2011 for MetricsSystem={MetricsSystem=MetricsInfoImpl{name=MetricsSystem, description=MetricsSystem}, MetricsSystem record=MetricsInfoImpl{name=MetricsSystem, description=MetricsSystem record}}
2019-09-10 05:35:21,141 [main] WARN  impl.MetricsSystemImpl (MetricsSystemImpl.java:register(276)) - Sink prometheus already exists!
2019-09-10 05:35:21,197 [main] INFO  server.SCMClientProtocolServer (SCMClientProtocolServer.java:start(151)) - RPC server for Client  is listening at /0.0.0.0:46103
2019-09-10 05:35:21,197 [IPC Server Responder] INFO  ipc.Server (Server.java:run(1314)) - IPC Server Responder: starting
2019-09-10 05:35:21,197 [IPC Server listener on 46103] INFO  ipc.Server (Server.java:run(1153)) - IPC Server listener on 46103: starting
2019-09-10 05:35:21,201 [main] INFO  server.StorageContainerManager (StorageContainerManager.java:start(773)) - ScmBlockLocationProtocol RPC server is listening at /0.0.0.0:33089
2019-09-10 05:35:21,201 [main] INFO  server.SCMBlockProtocolServer (SCMBlockProtocolServer.java:start(146)) - RPC server for Block Protocol is listening at /0.0.0.0:33089
2019-09-10 05:35:21,201 [IPC Server Responder] INFO  ipc.Server (Server.java:run(1314)) - IPC Server Responder: starting
2019-09-10 05:35:21,201 [IPC Server listener on 33089] INFO  ipc.Server (Server.java:run(1153)) - IPC Server listener on 33089: starting
2019-09-10 05:35:21,205 [main] INFO  server.StorageContainerManager (StorageContainerManager.java:start(777)) - ScmDatanodeProtocl RPC server is listening at /0.0.0.0:41035
2019-09-10 05:35:21,205 [main] INFO  server.SCMDatanodeProtocolServer (SCMDatanodeProtocolServer.java:start(191)) - RPC server for DataNodes is listening at /0.0.0.0:41035
2019-09-10 05:35:21,205 [IPC Server Responder] INFO  ipc.Server (Server.java:run(1314)) - IPC Server Responder: starting
2019-09-10 05:35:21,205 [IPC Server listener on 41035] INFO  ipc.Server (Server.java:run(1153)) - IPC Server listener on 41035: starting
2019-09-10 05:35:21,209 [main] INFO  http.HttpServer2 (HttpServer2.java:bindListener(1191)) - Jetty bound to port 34424
2019-09-10 05:35:21,209 [main] INFO  server.Server (Server.java:doStart(351)) - jetty-9.3.24.v20180605, build timestamp: 2018-06-05T17:11:56Z, git hash: 84205aa28f11a4f31f2a3b86d1bba2cc8ab69827
2019-09-10 05:35:21,211 [main] INFO  handler.ContextHandler (ContextHandler.java:doStart(781)) - Started o.e.j.s.ServletContextHandler@72224107{/logs,file:///workdir/hadoop-ozone/integration-test/target/log,AVAILABLE}
2019-09-10 05:35:21,211 [main] INFO  handler.ContextHandler (ContextHandler.java:doStart(781)) - Started o.e.j.s.ServletContextHandler@3070f3e6{/static,file:///workdir/hadoop-ozone/integration-test/target/test-classes/webapps/static,AVAILABLE}
2019-09-10 05:35:21,215 [main] INFO  handler.ContextHandler (ContextHandler.java:doStart(781)) - Started o.e.j.w.WebAppContext@394a6d2b{/,file:///workdir/hadoop-ozone/integration-test/target/test-classes/webapps/scm/,AVAILABLE}{/scm}
2019-09-10 05:35:21,215 [main] INFO  server.AbstractConnector (AbstractConnector.java:doStart(278)) - Started ServerConnector@635ff2a5{HTTP/1.1,[http/1.1]}{0.0.0.0:34424}
2019-09-10 05:35:21,216 [main] INFO  server.Server (Server.java:doStart(419)) - Started @613605ms
2019-09-10 05:35:21,217 [main] WARN  impl.MetricsSystemImpl (MetricsSystemImpl.java:register(276)) - Sink prometheus already exists!
2019-09-10 05:35:21,217 [main] INFO  server.BaseHttpServer (BaseHttpServer.java:updateConnectorAddress(215)) - HTTP server of SCM is listening at http://0.0.0.0:34424
2019-09-10 05:35:21,218 [main] WARN  server.ServerUtils (ServerUtils.java:getDBPath(222)) - ozone.om.db.dirs is not configured. We recommend adding this setting. Falling back to ozone.metadata.dirs instead.
2019-09-10 05:35:21,218 [org.apache.hadoop.util.JvmPauseMonitor$Monitor@1515f782] INFO  util.JvmPauseMonitor (JvmPauseMonitor.java:run(188)) - Starting JVM pause monitor
2019-09-10 05:35:21,228 [main] WARN  server.ServerUtils (ServerUtils.java:getDBPath(222)) - ozone.om.db.dirs is not configured. We recommend adding this setting. Falling back to ozone.metadata.dirs instead.
2019-09-10 05:35:21,228 [main] WARN  server.ServerUtils (ServerUtils.java:getDBPath(222)) - ozone.om.db.dirs is not configured. We recommend adding this setting. Falling back to ozone.metadata.dirs instead.
2019-09-10 05:35:21,229 [main] INFO  om.OzoneManager (OzoneManager.java:setOMNodeDetails(649)) - OM Service ID is not set. Setting it to the default ID: omServiceIdDefault
2019-09-10 05:35:21,229 [main] INFO  om.OzoneManager (OzoneManager.java:setOMNodeDetails(655)) - OM Node ID is not set. Setting it to the OmStorage's OmID: fb57af9e-7d25-4d65-8a69-b5d26313fe2d
2019-09-10 05:35:21,229 [main] INFO  om.OzoneManager (OzoneManager.java:loadOMHAConfigs(606)) - Found matching OM address with OMServiceId: null, OMNodeId: null, RPC Address: localhost:0 and Ratis port: 9872
2019-09-10 05:35:21,235 [main] WARN  server.ServerUtils (ServerUtils.java:getDBPath(222)) - ozone.om.db.dirs is not configured. We recommend adding this setting. Falling back to ozone.metadata.dirs instead.
2019-09-10 05:35:21,235 [main] INFO  db.DBStoreBuilder (DBStoreBuilder.java:addTable(110)) - using custom profile for table: userTable
2019-09-10 05:35:21,235 [main] INFO  db.DBStoreBuilder (DBStoreBuilder.java:processTables(161)) - Using default column profile:DBProfile.DISK for Table:userTable
2019-09-10 05:35:21,236 [main] INFO  db.DBStoreBuilder (DBStoreBuilder.java:addTable(110)) - using custom profile for table: volumeTable
2019-09-10 05:35:21,236 [main] INFO  db.DBStoreBuilder (DBStoreBuilder.java:processTables(161)) - Using default column profile:DBProfile.DISK for Table:volumeTable
2019-09-10 05:35:21,236 [main] INFO  db.DBStoreBuilder (DBStoreBuilder.java:addTable(110)) - using custom profile for table: bucketTable
2019-09-10 05:35:21,236 [main] INFO  db.DBStoreBuilder (DBStoreBuilder.java:processTables(161)) - Using default column profile:DBProfile.DISK for Table:bucketTable
2019-09-10 05:35:21,237 [main] INFO  db.DBStoreBuilder (DBStoreBuilder.java:addTable(110)) - using custom profile for table: keyTable
2019-09-10 05:35:21,237 [main] INFO  db.DBStoreBuilder (DBStoreBuilder.java:processTables(161)) - Using default column profile:DBProfile.DISK for Table:keyTable
2019-09-10 05:35:21,237 [main] INFO  db.DBStoreBuilder (DBStoreBuilder.java:addTable(110)) - using custom profile for table: deletedTable
2019-09-10 05:35:21,237 [main] INFO  db.DBStoreBuilder (DBStoreBuilder.java:processTables(161)) - Using default column profile:DBProfile.DISK for Table:deletedTable
2019-09-10 05:35:21,238 [main] INFO  db.DBStoreBuilder (DBStoreBuilder.java:addTable(110)) - using custom profile for table: openKeyTable
2019-09-10 05:35:21,238 [main] INFO  db.DBStoreBuilder (DBStoreBuilder.java:processTables(161)) - Using default column profile:DBProfile.DISK for Table:openKeyTable
2019-09-10 05:35:21,238 [main] INFO  db.DBStoreBuilder (DBStoreBuilder.java:addTable(110)) - using custom profile for table: s3Table
2019-09-10 05:35:21,238 [main] INFO  db.DBStoreBuilder (DBStoreBuilder.java:processTables(161)) - Using default column profile:DBProfile.DISK for Table:s3Table
2019-09-10 05:35:21,238 [main] INFO  db.DBStoreBuilder (DBStoreBuilder.java:addTable(110)) - using custom profile for table: multipartInfoTable
2019-09-10 05:35:21,239 [main] INFO  db.DBStoreBuilder (DBStoreBuilder.java:processTables(161)) - Using default column profile:DBProfile.DISK for Table:multipartInfoTable
2019-09-10 05:35:21,239 [main] INFO  db.DBStoreBuilder (DBStoreBuilder.java:addTable(110)) - using custom profile for table: dTokenTable
2019-09-10 05:35:21,239 [main] INFO  db.DBStoreBuilder (DBStoreBuilder.java:processTables(161)) - Using default column profile:DBProfile.DISK for Table:dTokenTable
2019-09-10 05:35:21,239 [main] INFO  db.DBStoreBuilder (DBStoreBuilder.java:addTable(110)) - using custom profile for table: s3SecretTable
2019-09-10 05:35:21,240 [main] INFO  db.DBStoreBuilder (DBStoreBuilder.java:processTables(161)) - Using default column profile:DBProfile.DISK for Table:s3SecretTable
2019-09-10 05:35:21,240 [main] INFO  db.DBStoreBuilder (DBStoreBuilder.java:addTable(110)) - using custom profile for table: prefixTable
2019-09-10 05:35:21,240 [main] INFO  db.DBStoreBuilder (DBStoreBuilder.java:processTables(161)) - Using default column profile:DBProfile.DISK for Table:prefixTable
2019-09-10 05:35:21,240 [main] INFO  db.DBStoreBuilder (DBStoreBuilder.java:addTable(110)) - using custom profile for table: default
2019-09-10 05:35:21,240 [main] INFO  db.DBStoreBuilder (DBStoreBuilder.java:processTables(167)) - Using default column profile:DBProfile.DISK for Table:default
2019-09-10 05:35:21,241 [main] INFO  db.DBStoreBuilder (DBStoreBuilder.java:getDbProfile(198)) - Using default options. DBProfile.DISK
2019-09-10 05:35:22,126 [main] INFO  ipc.CallQueueManager (CallQueueManager.java:<init>(84)) - Using callQueue: class java.util.concurrent.LinkedBlockingQueue, queueCapacity: 2000, scheduler: class org.apache.hadoop.ipc.DefaultRpcScheduler, ipcBackoff: false.
2019-09-10 05:35:22,127 [Socket Reader #1 for port 39259] INFO  ipc.Server (Server.java:run(1074)) - Starting Socket Reader #1 for port 39259
2019-09-10 05:35:22,139 [main] INFO  om.OzoneManager (OzoneManager.java:start(1240)) - OzoneManager RPC server is listening at localhost/127.0.0.1:39259
2019-09-10 05:35:22,139 [main] INFO  impl.MetricsSystemImpl (MetricsSystemImpl.java:init(158)) - OzoneManager metrics system started (again)
2019-09-10 05:35:22,140 [IPC Server Responder] INFO  ipc.Server (Server.java:run(1314)) - IPC Server Responder: starting
2019-09-10 05:35:22,142 [IPC Server listener on 39259] INFO  ipc.Server (Server.java:run(1153)) - IPC Server listener on 39259: starting
2019-09-10 05:35:22,145 [main] INFO  hdfs.DFSUtil (DFSUtil.java:httpServerTemplateForNNAndJN(1641)) - Starting Web-server for ozoneManager at: http://0.0.0.0:0
2019-09-10 05:35:22,146 [main] INFO  server.AuthenticationFilter (AuthenticationFilter.java:constructSecretProvider(240)) - Unable to initialize FileSignerSecretProvider, falling back to use random secrets.
2019-09-10 05:35:22,146 [main] WARN  http.HttpRequestLog (HttpRequestLog.java:getRequestLog(97)) - Jetty request log can only be enabled using Log4j
2019-09-10 05:35:22,148 [main] INFO  http.HttpServer2 (HttpServer2.java:addGlobalFilter(975)) - Added global filter 'safety' (class=org.apache.hadoop.http.HttpServer2$QuotingInputFilter)
2019-09-10 05:35:22,148 [main] INFO  http.HttpServer2 (HttpServer2.java:addFilter(948)) - Added filter static_user_filter (class=org.apache.hadoop.http.lib.StaticUserWebFilter$StaticUserFilter) to context ozoneManager
2019-09-10 05:35:22,148 [main] INFO  http.HttpServer2 (HttpServer2.java:addFilter(958)) - Added filter static_user_filter (class=org.apache.hadoop.http.lib.StaticUserWebFilter$StaticUserFilter) to context static
2019-09-10 05:35:22,148 [main] INFO  http.HttpServer2 (HttpServer2.java:addFilter(958)) - Added filter static_user_filter (class=org.apache.hadoop.http.lib.StaticUserWebFilter$StaticUserFilter) to context logs
2019-09-10 05:35:22,149 [main] INFO  http.HttpServer2 (HttpServer2.java:bindListener(1191)) - Jetty bound to port 33496
2019-09-10 05:35:22,149 [main] INFO  server.Server (Server.java:doStart(351)) - jetty-9.3.24.v20180605, build timestamp: 2018-06-05T17:11:56Z, git hash: 84205aa28f11a4f31f2a3b86d1bba2cc8ab69827
2019-09-10 05:35:22,150 [main] INFO  handler.ContextHandler (ContextHandler.java:doStart(781)) - Started o.e.j.s.ServletContextHandler@53bb71e5{/logs,file:///workdir/hadoop-ozone/integration-test/target/log,AVAILABLE}
2019-09-10 05:35:22,150 [main] INFO  handler.ContextHandler (ContextHandler.java:doStart(781)) - Started o.e.j.s.ServletContextHandler@15994b0b{/static,file:///workdir/hadoop-ozone/integration-test/target/test-classes/webapps/static,AVAILABLE}
2019-09-10 05:35:22,153 [main] INFO  handler.ContextHandler (ContextHandler.java:doStart(781)) - Started o.e.j.w.WebAppContext@647fb583{/,file:///workdir/hadoop-ozone/integration-test/target/test-classes/webapps/ozoneManager/,AVAILABLE}{/ozoneManager}
2019-09-10 05:35:22,154 [main] INFO  server.AbstractConnector (AbstractConnector.java:doStart(278)) - Started ServerConnector@7cd3e0da{HTTP/1.1,[http/1.1]}{0.0.0.0:33496}
2019-09-10 05:35:22,154 [main] INFO  server.Server (Server.java:doStart(419)) - Started @614543ms
2019-09-10 05:35:22,155 [main] WARN  impl.MetricsSystemImpl (MetricsSystemImpl.java:register(276)) - Sink prometheus already exists!
2019-09-10 05:35:22,155 [main] INFO  server.BaseHttpServer (BaseHttpServer.java:updateConnectorAddress(215)) - HTTP server of OZONEMANAGER is listening at http://0.0.0.0:33496
2019-09-10 05:35:22,166 [main] INFO  impl.MetricsSystemImpl (MetricsSystemImpl.java:init(158)) - HddsDatanode metrics system started (again)
2019-09-10 05:35:22,170 [main] INFO  ozone.HddsDatanodeService (HddsDatanodeService.java:start(184)) - HddsDatanodeService host:trunk-nightly-20190910-vk757-903364635 ip:192.168.36.76
2019-09-10 05:35:22,175 [main] INFO  volume.HddsVolume (HddsVolume.java:<init>(176)) - Creating Volume: /workdir/hadoop-ozone/integration-test/target/test-dir/MiniOzoneClusterImpl-57336a7d-2d72-4251-b84b-f30cd33fc333/datanode-0/data/containers/hdds of  storage type : DISK and capacity : 1482555576320
2019-09-10 05:35:22,175 [main] INFO  volume.VolumeSet (VolumeSet.java:initializeVolumeSet(170)) - Added Volume : /workdir/hadoop-ozone/integration-test/target/test-dir/MiniOzoneClusterImpl-57336a7d-2d72-4251-b84b-f30cd33fc333/datanode-0/data/containers/hdds to VolumeSet
2019-09-10 05:35:22,175 [main] INFO  volume.ThrottledAsyncChecker (ThrottledAsyncChecker.java:schedule(139)) - Scheduling a check for org.apache.hadoop.ozone.container.common.volume.HddsVolume@49ced9c7
2019-09-10 05:35:22,176 [main] INFO  volume.HddsVolumeChecker (HddsVolumeChecker.java:checkAllVolumes(202)) - Scheduled health check for volume org.apache.hadoop.ozone.container.common.volume.HddsVolume@49ced9c7
2019-09-10 05:35:22,187 [main] INFO  impl.RaftServerProxy (ConfUtils.java:logGet(43)) - raft.rpc.type = GRPC (default)
2019-09-10 05:35:22,187 [main] INFO  grpc.GrpcFactory (GrpcFactory.java:checkPooledByteBufAllocatorUseCacheForAllThreads(45)) - PERFORMANCE WARNING: useCacheForAllThreads is true that may cause Netty to create a lot garbage objects and, as a result, trigger GC.
	It is recommended to disable useCacheForAllThreads by setting -Dorg.apache.ratis.thirdparty.io.netty.allocator.useCacheForAllThreads=false in command line.
2019-09-10 05:35:22,188 [main] INFO  grpc.GrpcConfigKeys$Server (ConfUtils.java:logGet(43)) - raft.grpc.server.port = 0 (default)
2019-09-10 05:35:22,188 [main] INFO  server.GrpcService (ConfUtils.java:logGet(43)) - raft.grpc.message.size.max = 33570816 (custom)
2019-09-10 05:35:22,188 [main] INFO  server.RaftServerConfigKeys (ConfUtils.java:logGet(43)) - raft.server.log.appender.buffer.byte-limit = 33554432 (custom)
2019-09-10 05:35:22,188 [main] INFO  server.GrpcService (ConfUtils.java:logGet(43)) - raft.grpc.flow.control.window = 1MB (=1048576) (default)
2019-09-10 05:35:22,188 [main] INFO  server.RaftServerConfigKeys (ConfUtils.java:logGet(43)) - raft.server.rpc.request.timeout = 3000ms (default)
2019-09-10 05:35:22,189 [main] INFO  server.RaftServerConfigKeys (ConfUtils.java:logGet(43)) - raft.server.storage.dir = [/workdir/hadoop-ozone/integration-test/target/test-dir/MiniOzoneClusterImpl-57336a7d-2d72-4251-b84b-f30cd33fc333/datanode-0/data/ratis] (custom)
2019-09-10 05:35:22,190 [main] INFO  hdfs.DFSUtil (DFSUtil.java:httpServerTemplateForNNAndJN(1641)) - Starting Web-server for hddsDatanode at: http://0.0.0.0:0
2019-09-10 05:35:22,191 [main] INFO  server.AuthenticationFilter (AuthenticationFilter.java:constructSecretProvider(240)) - Unable to initialize FileSignerSecretProvider, falling back to use random secrets.
2019-09-10 05:35:22,191 [main] WARN  http.HttpRequestLog (HttpRequestLog.java:getRequestLog(97)) - Jetty request log can only be enabled using Log4j
2019-09-10 05:35:22,192 [main] INFO  http.HttpServer2 (HttpServer2.java:addGlobalFilter(975)) - Added global filter 'safety' (class=org.apache.hadoop.http.HttpServer2$QuotingInputFilter)
2019-09-10 05:35:22,193 [main] INFO  http.HttpServer2 (HttpServer2.java:addFilter(948)) - Added filter static_user_filter (class=org.apache.hadoop.http.lib.StaticUserWebFilter$StaticUserFilter) to context hddsDatanode
2019-09-10 05:35:22,193 [main] INFO  http.HttpServer2 (HttpServer2.java:addFilter(958)) - Added filter static_user_filter (class=org.apache.hadoop.http.lib.StaticUserWebFilter$StaticUserFilter) to context logs
2019-09-10 05:35:22,193 [main] INFO  http.HttpServer2 (HttpServer2.java:addFilter(958)) - Added filter static_user_filter (class=org.apache.hadoop.http.lib.StaticUserWebFilter$StaticUserFilter) to context static
2019-09-10 05:35:22,193 [main] INFO  http.HttpServer2 (HttpServer2.java:bindListener(1191)) - Jetty bound to port 41598
2019-09-10 05:35:22,194 [main] INFO  server.Server (Server.java:doStart(351)) - jetty-9.3.24.v20180605, build timestamp: 2018-06-05T17:11:56Z, git hash: 84205aa28f11a4f31f2a3b86d1bba2cc8ab69827
2019-09-10 05:35:22,195 [main] INFO  handler.ContextHandler (ContextHandler.java:doStart(781)) - Started o.e.j.s.ServletContextHandler@3d512652{/logs,file:///workdir/hadoop-ozone/integration-test/target/log,AVAILABLE}
2019-09-10 05:35:22,195 [main] INFO  handler.ContextHandler (ContextHandler.java:doStart(781)) - Started o.e.j.s.ServletContextHandler@3b96f8b0{/static,jar:file:/home/user/.m2/repository/org/apache/hadoop/hadoop-hdds-container-service/0.5.0-SNAPSHOT/hadoop-hdds-container-service-0.5.0-SNAPSHOT.jar!/webapps/static,AVAILABLE}
2019-09-10 05:35:22,222 [main] INFO  handler.ContextHandler (ContextHandler.java:doStart(781)) - Started o.e.j.w.WebAppContext@3e151e1f{/,file:///tmp/jetty-0.0.0.0-41598-hddsDatanode-_-any-7751559554802996318.dir/webapp/,AVAILABLE}{/hddsDatanode}
2019-09-10 05:35:22,222 [main] INFO  server.AbstractConnector (AbstractConnector.java:doStart(278)) - Started ServerConnector@d70e9a{HTTP/1.1,[http/1.1]}{0.0.0.0:41598}
2019-09-10 05:35:22,224 [main] INFO  server.Server (Server.java:doStart(419)) - Started @614613ms
2019-09-10 05:35:22,224 [main] WARN  impl.MetricsSystemImpl (MetricsSystemImpl.java:register(276)) - Sink prometheus already exists!
2019-09-10 05:35:22,225 [main] INFO  server.BaseHttpServer (BaseHttpServer.java:updateConnectorAddress(215)) - HTTP server of HDDSDATANODE is listening at http://0.0.0.0:41598
2019-09-10 05:35:22,225 [main] INFO  impl.MetricsSystemImpl (MetricsSystemImpl.java:init(158)) - HddsDatanode metrics system started (again)
2019-09-10 05:35:22,229 [org.apache.hadoop.util.JvmPauseMonitor$Monitor@d732218] INFO  util.JvmPauseMonitor (JvmPauseMonitor.java:run(188)) - Starting JVM pause monitor
2019-09-10 05:35:22,229 [main] INFO  ozone.HddsDatanodeService (HddsDatanodeService.java:start(184)) - HddsDatanodeService host:trunk-nightly-20190910-vk757-903364635 ip:192.168.36.76
2019-09-10 05:35:22,230 [Datanode State Machine Thread - 0] INFO  datanode.InitDatanodeState (InitDatanodeState.java:persistContainerDatanodeDetails(140)) - DatanodeDetails is persisted to /workdir/hadoop-ozone/integration-test/target/test-dir/MiniOzoneClusterImpl-57336a7d-2d72-4251-b84b-f30cd33fc333/datanode-0/meta/datanode.id
2019-09-10 05:35:22,235 [main] INFO  volume.HddsVolume (HddsVolume.java:<init>(176)) - Creating Volume: /workdir/hadoop-ozone/integration-test/target/test-dir/MiniOzoneClusterImpl-57336a7d-2d72-4251-b84b-f30cd33fc333/datanode-1/data/containers/hdds of  storage type : DISK and capacity : 1482555576320
2019-09-10 05:35:22,235 [main] INFO  volume.VolumeSet (VolumeSet.java:initializeVolumeSet(170)) - Added Volume : /workdir/hadoop-ozone/integration-test/target/test-dir/MiniOzoneClusterImpl-57336a7d-2d72-4251-b84b-f30cd33fc333/datanode-1/data/containers/hdds to VolumeSet
2019-09-10 05:35:22,235 [main] INFO  volume.ThrottledAsyncChecker (ThrottledAsyncChecker.java:schedule(139)) - Scheduling a check for org.apache.hadoop.ozone.container.common.volume.HddsVolume@7606bd03
2019-09-10 05:35:22,236 [main] INFO  volume.HddsVolumeChecker (HddsVolumeChecker.java:checkAllVolumes(202)) - Scheduled health check for volume org.apache.hadoop.ozone.container.common.volume.HddsVolume@7606bd03
2019-09-10 05:35:22,247 [main] INFO  impl.RaftServerProxy (ConfUtils.java:logGet(43)) - raft.rpc.type = GRPC (default)
2019-09-10 05:35:22,247 [main] INFO  grpc.GrpcFactory (GrpcFactory.java:checkPooledByteBufAllocatorUseCacheForAllThreads(45)) - PERFORMANCE WARNING: useCacheForAllThreads is true that may cause Netty to create a lot garbage objects and, as a result, trigger GC.
	It is recommended to disable useCacheForAllThreads by setting -Dorg.apache.ratis.thirdparty.io.netty.allocator.useCacheForAllThreads=false in command line.
2019-09-10 05:35:22,247 [main] INFO  grpc.GrpcConfigKeys$Server (ConfUtils.java:logGet(43)) - raft.grpc.server.port = 0 (default)
2019-09-10 05:35:22,247 [main] INFO  server.GrpcService (ConfUtils.java:logGet(43)) - raft.grpc.message.size.max = 33570816 (custom)
2019-09-10 05:35:22,247 [main] INFO  server.RaftServerConfigKeys (ConfUtils.java:logGet(43)) - raft.server.log.appender.buffer.byte-limit = 33554432 (custom)
2019-09-10 05:35:22,248 [main] INFO  server.GrpcService (ConfUtils.java:logGet(43)) - raft.grpc.flow.control.window = 1MB (=1048576) (default)
2019-09-10 05:35:22,248 [main] INFO  server.RaftServerConfigKeys (ConfUtils.java:logGet(43)) - raft.server.rpc.request.timeout = 3000ms (default)
2019-09-10 05:35:22,248 [main] INFO  server.RaftServerConfigKeys (ConfUtils.java:logGet(43)) - raft.server.storage.dir = [/workdir/hadoop-ozone/integration-test/target/test-dir/MiniOzoneClusterImpl-57336a7d-2d72-4251-b84b-f30cd33fc333/datanode-1/data/ratis] (custom)
2019-09-10 05:35:22,249 [main] INFO  hdfs.DFSUtil (DFSUtil.java:httpServerTemplateForNNAndJN(1641)) - Starting Web-server for hddsDatanode at: http://0.0.0.0:0
2019-09-10 05:35:22,250 [main] INFO  server.AuthenticationFilter (AuthenticationFilter.java:constructSecretProvider(240)) - Unable to initialize FileSignerSecretProvider, falling back to use random secrets.
2019-09-10 05:35:22,250 [main] WARN  http.HttpRequestLog (HttpRequestLog.java:getRequestLog(97)) - Jetty request log can only be enabled using Log4j
2019-09-10 05:35:22,251 [main] INFO  http.HttpServer2 (HttpServer2.java:addGlobalFilter(975)) - Added global filter 'safety' (class=org.apache.hadoop.http.HttpServer2$QuotingInputFilter)
2019-09-10 05:35:22,252 [main] INFO  http.HttpServer2 (HttpServer2.java:addFilter(948)) - Added filter static_user_filter (class=org.apache.hadoop.http.lib.StaticUserWebFilter$StaticUserFilter) to context hddsDatanode
2019-09-10 05:35:22,252 [main] INFO  http.HttpServer2 (HttpServer2.java:addFilter(958)) - Added filter static_user_filter (class=org.apache.hadoop.http.lib.StaticUserWebFilter$StaticUserFilter) to context static
2019-09-10 05:35:22,252 [main] INFO  http.HttpServer2 (HttpServer2.java:addFilter(958)) - Added filter static_user_filter (class=org.apache.hadoop.http.lib.StaticUserWebFilter$StaticUserFilter) to context logs
2019-09-10 05:35:22,253 [main] INFO  http.HttpServer2 (HttpServer2.java:bindListener(1191)) - Jetty bound to port 40415
2019-09-10 05:35:22,253 [main] INFO  server.Server (Server.java:doStart(351)) - jetty-9.3.24.v20180605, build timestamp: 2018-06-05T17:11:56Z, git hash: 84205aa28f11a4f31f2a3b86d1bba2cc8ab69827
2019-09-10 05:35:22,254 [main] INFO  handler.ContextHandler (ContextHandler.java:doStart(781)) - Started o.e.j.s.ServletContextHandler@1de7f898{/logs,file:///workdir/hadoop-ozone/integration-test/target/log,AVAILABLE}
2019-09-10 05:35:22,254 [main] INFO  handler.ContextHandler (ContextHandler.java:doStart(781)) - Started o.e.j.s.ServletContextHandler@63db743d{/static,jar:file:/home/user/.m2/repository/org/apache/hadoop/hadoop-hdds-container-service/0.5.0-SNAPSHOT/hadoop-hdds-container-service-0.5.0-SNAPSHOT.jar!/webapps/static,AVAILABLE}
2019-09-10 05:35:22,280 [main] INFO  handler.ContextHandler (ContextHandler.java:doStart(781)) - Started o.e.j.w.WebAppContext@4aa3fc9a{/,file:///tmp/jetty-0.0.0.0-40415-hddsDatanode-_-any-2366378721056763191.dir/webapp/,AVAILABLE}{/hddsDatanode}
2019-09-10 05:35:22,281 [main] INFO  server.AbstractConnector (AbstractConnector.java:doStart(278)) - Started ServerConnector@70f4f89e{HTTP/1.1,[http/1.1]}{0.0.0.0:40415}
2019-09-10 05:35:22,281 [main] INFO  server.Server (Server.java:doStart(419)) - Started @614670ms
2019-09-10 05:35:22,283 [main] WARN  impl.MetricsSystemImpl (MetricsSystemImpl.java:register(276)) - Sink prometheus already exists!
2019-09-10 05:35:22,284 [main] INFO  server.BaseHttpServer (BaseHttpServer.java:updateConnectorAddress(215)) - HTTP server of HDDSDATANODE is listening at http://0.0.0.0:40415
2019-09-10 05:35:22,284 [main] INFO  impl.MetricsSystemImpl (MetricsSystemImpl.java:init(158)) - HddsDatanode metrics system started (again)
2019-09-10 05:35:22,290 [org.apache.hadoop.util.JvmPauseMonitor$Monitor@233b18b7] INFO  util.JvmPauseMonitor (JvmPauseMonitor.java:run(188)) - Starting JVM pause monitor
2019-09-10 05:35:22,291 [Datanode State Machine Thread - 0] INFO  datanode.InitDatanodeState (InitDatanodeState.java:persistContainerDatanodeDetails(140)) - DatanodeDetails is persisted to /workdir/hadoop-ozone/integration-test/target/test-dir/MiniOzoneClusterImpl-57336a7d-2d72-4251-b84b-f30cd33fc333/datanode-1/meta/datanode.id
2019-09-10 05:35:22,292 [main] INFO  ozone.HddsDatanodeService (HddsDatanodeService.java:start(184)) - HddsDatanodeService host:trunk-nightly-20190910-vk757-903364635 ip:192.168.36.76
2019-09-10 05:35:22,300 [main] INFO  volume.HddsVolume (HddsVolume.java:<init>(176)) - Creating Volume: /workdir/hadoop-ozone/integration-test/target/test-dir/MiniOzoneClusterImpl-57336a7d-2d72-4251-b84b-f30cd33fc333/datanode-2/data/containers/hdds of  storage type : DISK and capacity : 1482555576320
2019-09-10 05:35:22,300 [main] INFO  volume.VolumeSet (VolumeSet.java:initializeVolumeSet(170)) - Added Volume : /workdir/hadoop-ozone/integration-test/target/test-dir/MiniOzoneClusterImpl-57336a7d-2d72-4251-b84b-f30cd33fc333/datanode-2/data/containers/hdds to VolumeSet
2019-09-10 05:35:22,301 [main] INFO  volume.ThrottledAsyncChecker (ThrottledAsyncChecker.java:schedule(139)) - Scheduling a check for org.apache.hadoop.ozone.container.common.volume.HddsVolume@7afe0e67
2019-09-10 05:35:22,301 [main] INFO  volume.HddsVolumeChecker (HddsVolumeChecker.java:checkAllVolumes(202)) - Scheduled health check for volume org.apache.hadoop.ozone.container.common.volume.HddsVolume@7afe0e67
2019-09-10 05:35:22,320 [main] INFO  impl.RaftServerProxy (ConfUtils.java:logGet(43)) - raft.rpc.type = GRPC (default)
2019-09-10 05:35:22,320 [main] INFO  grpc.GrpcFactory (GrpcFactory.java:checkPooledByteBufAllocatorUseCacheForAllThreads(45)) - PERFORMANCE WARNING: useCacheForAllThreads is true that may cause Netty to create a lot garbage objects and, as a result, trigger GC.
	It is recommended to disable useCacheForAllThreads by setting -Dorg.apache.ratis.thirdparty.io.netty.allocator.useCacheForAllThreads=false in command line.
2019-09-10 05:35:22,320 [main] INFO  grpc.GrpcConfigKeys$Server (ConfUtils.java:logGet(43)) - raft.grpc.server.port = 0 (default)
2019-09-10 05:35:22,321 [main] INFO  server.GrpcService (ConfUtils.java:logGet(43)) - raft.grpc.message.size.max = 33570816 (custom)
2019-09-10 05:35:22,321 [main] INFO  server.RaftServerConfigKeys (ConfUtils.java:logGet(43)) - raft.server.log.appender.buffer.byte-limit = 33554432 (custom)
2019-09-10 05:35:22,321 [main] INFO  server.GrpcService (ConfUtils.java:logGet(43)) - raft.grpc.flow.control.window = 1MB (=1048576) (default)
2019-09-10 05:35:22,322 [main] INFO  server.RaftServerConfigKeys (ConfUtils.java:logGet(43)) - raft.server.rpc.request.timeout = 3000ms (default)
2019-09-10 05:35:22,322 [main] INFO  server.RaftServerConfigKeys (ConfUtils.java:logGet(43)) - raft.server.storage.dir = [/workdir/hadoop-ozone/integration-test/target/test-dir/MiniOzoneClusterImpl-57336a7d-2d72-4251-b84b-f30cd33fc333/datanode-2/data/ratis] (custom)
2019-09-10 05:35:22,323 [main] INFO  hdfs.DFSUtil (DFSUtil.java:httpServerTemplateForNNAndJN(1641)) - Starting Web-server for hddsDatanode at: http://0.0.0.0:0
2019-09-10 05:35:22,325 [main] INFO  server.AuthenticationFilter (AuthenticationFilter.java:constructSecretProvider(240)) - Unable to initialize FileSignerSecretProvider, falling back to use random secrets.
2019-09-10 05:35:22,325 [main] WARN  http.HttpRequestLog (HttpRequestLog.java:getRequestLog(97)) - Jetty request log can only be enabled using Log4j
2019-09-10 05:35:22,327 [main] INFO  http.HttpServer2 (HttpServer2.java:addGlobalFilter(975)) - Added global filter 'safety' (class=org.apache.hadoop.http.HttpServer2$QuotingInputFilter)
2019-09-10 05:35:22,327 [main] INFO  http.HttpServer2 (HttpServer2.java:addFilter(948)) - Added filter static_user_filter (class=org.apache.hadoop.http.lib.StaticUserWebFilter$StaticUserFilter) to context hddsDatanode
2019-09-10 05:35:22,328 [main] INFO  http.HttpServer2 (HttpServer2.java:addFilter(958)) - Added filter static_user_filter (class=org.apache.hadoop.http.lib.StaticUserWebFilter$StaticUserFilter) to context static
2019-09-10 05:35:22,328 [main] INFO  http.HttpServer2 (HttpServer2.java:addFilter(958)) - Added filter static_user_filter (class=org.apache.hadoop.http.lib.StaticUserWebFilter$StaticUserFilter) to context logs
2019-09-10 05:35:22,328 [main] INFO  http.HttpServer2 (HttpServer2.java:bindListener(1191)) - Jetty bound to port 44443
2019-09-10 05:35:22,329 [main] INFO  server.Server (Server.java:doStart(351)) - jetty-9.3.24.v20180605, build timestamp: 2018-06-05T17:11:56Z, git hash: 84205aa28f11a4f31f2a3b86d1bba2cc8ab69827
2019-09-10 05:35:22,330 [main] INFO  handler.ContextHandler (ContextHandler.java:doStart(781)) - Started o.e.j.s.ServletContextHandler@4052913c{/logs,file:///workdir/hadoop-ozone/integration-test/target/log,AVAILABLE}
2019-09-10 05:35:22,331 [main] INFO  handler.ContextHandler (ContextHandler.java:doStart(781)) - Started o.e.j.s.ServletContextHandler@38089dae{/static,jar:file:/home/user/.m2/repository/org/apache/hadoop/hadoop-hdds-container-service/0.5.0-SNAPSHOT/hadoop-hdds-container-service-0.5.0-SNAPSHOT.jar!/webapps/static,AVAILABLE}
2019-09-10 05:35:22,367 [main] INFO  handler.ContextHandler (ContextHandler.java:doStart(781)) - Started o.e.j.w.WebAppContext@7757025d{/,file:///tmp/jetty-0.0.0.0-44443-hddsDatanode-_-any-3873111667892978731.dir/webapp/,AVAILABLE}{/hddsDatanode}
2019-09-10 05:35:22,367 [main] INFO  server.AbstractConnector (AbstractConnector.java:doStart(278)) - Started ServerConnector@68fc9167{HTTP/1.1,[http/1.1]}{0.0.0.0:44443}
2019-09-10 05:35:22,369 [main] INFO  server.Server (Server.java:doStart(419)) - Started @614758ms
2019-09-10 05:35:22,370 [main] WARN  impl.MetricsSystemImpl (MetricsSystemImpl.java:register(276)) - Sink prometheus already exists!
2019-09-10 05:35:22,370 [main] INFO  server.BaseHttpServer (BaseHttpServer.java:updateConnectorAddress(215)) - HTTP server of HDDSDATANODE is listening at http://0.0.0.0:44443
2019-09-10 05:35:22,371 [main] INFO  impl.MetricsSystemImpl (MetricsSystemImpl.java:init(158)) - HddsDatanode metrics system started (again)
2019-09-10 05:35:22,377 [org.apache.hadoop.util.JvmPauseMonitor$Monitor@227f543a] INFO  util.JvmPauseMonitor (JvmPauseMonitor.java:run(188)) - Starting JVM pause monitor
2019-09-10 05:35:22,377 [Datanode State Machine Thread - 0] INFO  datanode.InitDatanodeState (InitDatanodeState.java:persistContainerDatanodeDetails(140)) - DatanodeDetails is persisted to /workdir/hadoop-ozone/integration-test/target/test-dir/MiniOzoneClusterImpl-57336a7d-2d72-4251-b84b-f30cd33fc333/datanode-2/meta/datanode.id
2019-09-10 05:35:22,377 [main] INFO  ozone.HddsDatanodeService (HddsDatanodeService.java:start(184)) - HddsDatanodeService host:trunk-nightly-20190910-vk757-903364635 ip:192.168.36.76
2019-09-10 05:35:22,385 [main] INFO  volume.HddsVolume (HddsVolume.java:<init>(176)) - Creating Volume: /workdir/hadoop-ozone/integration-test/target/test-dir/MiniOzoneClusterImpl-57336a7d-2d72-4251-b84b-f30cd33fc333/datanode-3/data/containers/hdds of  storage type : DISK and capacity : 1482555576320
2019-09-10 05:35:22,385 [main] INFO  volume.VolumeSet (VolumeSet.java:initializeVolumeSet(170)) - Added Volume : /workdir/hadoop-ozone/integration-test/target/test-dir/MiniOzoneClusterImpl-57336a7d-2d72-4251-b84b-f30cd33fc333/datanode-3/data/containers/hdds to VolumeSet
2019-09-10 05:35:22,385 [main] INFO  volume.ThrottledAsyncChecker (ThrottledAsyncChecker.java:schedule(139)) - Scheduling a check for org.apache.hadoop.ozone.container.common.volume.HddsVolume@7bc2ae16
2019-09-10 05:35:22,386 [main] INFO  volume.HddsVolumeChecker (HddsVolumeChecker.java:checkAllVolumes(202)) - Scheduled health check for volume org.apache.hadoop.ozone.container.common.volume.HddsVolume@7bc2ae16
2019-09-10 05:35:22,402 [main] INFO  impl.RaftServerProxy (ConfUtils.java:logGet(43)) - raft.rpc.type = GRPC (default)
2019-09-10 05:35:22,402 [main] INFO  grpc.GrpcFactory (GrpcFactory.java:checkPooledByteBufAllocatorUseCacheForAllThreads(45)) - PERFORMANCE WARNING: useCacheForAllThreads is true that may cause Netty to create a lot garbage objects and, as a result, trigger GC.
	It is recommended to disable useCacheForAllThreads by setting -Dorg.apache.ratis.thirdparty.io.netty.allocator.useCacheForAllThreads=false in command line.
2019-09-10 05:35:22,402 [main] INFO  grpc.GrpcConfigKeys$Server (ConfUtils.java:logGet(43)) - raft.grpc.server.port = 0 (default)
2019-09-10 05:35:22,403 [main] INFO  server.GrpcService (ConfUtils.java:logGet(43)) - raft.grpc.message.size.max = 33570816 (custom)
2019-09-10 05:35:22,403 [main] INFO  server.RaftServerConfigKeys (ConfUtils.java:logGet(43)) - raft.server.log.appender.buffer.byte-limit = 33554432 (custom)
2019-09-10 05:35:22,403 [main] INFO  server.GrpcService (ConfUtils.java:logGet(43)) - raft.grpc.flow.control.window = 1MB (=1048576) (default)
2019-09-10 05:35:22,403 [main] INFO  server.RaftServerConfigKeys (ConfUtils.java:logGet(43)) - raft.server.rpc.request.timeout = 3000ms (default)
2019-09-10 05:35:22,404 [main] INFO  server.RaftServerConfigKeys (ConfUtils.java:logGet(43)) - raft.server.storage.dir = [/workdir/hadoop-ozone/integration-test/target/test-dir/MiniOzoneClusterImpl-57336a7d-2d72-4251-b84b-f30cd33fc333/datanode-3/data/ratis] (custom)
2019-09-10 05:35:22,405 [main] INFO  hdfs.DFSUtil (DFSUtil.java:httpServerTemplateForNNAndJN(1641)) - Starting Web-server for hddsDatanode at: http://0.0.0.0:0
2019-09-10 05:35:22,406 [main] INFO  server.AuthenticationFilter (AuthenticationFilter.java:constructSecretProvider(240)) - Unable to initialize FileSignerSecretProvider, falling back to use random secrets.
2019-09-10 05:35:22,407 [main] WARN  http.HttpRequestLog (HttpRequestLog.java:getRequestLog(97)) - Jetty request log can only be enabled using Log4j
2019-09-10 05:35:22,408 [main] INFO  http.HttpServer2 (HttpServer2.java:addGlobalFilter(975)) - Added global filter 'safety' (class=org.apache.hadoop.http.HttpServer2$QuotingInputFilter)
2019-09-10 05:35:22,408 [main] INFO  http.HttpServer2 (HttpServer2.java:addFilter(948)) - Added filter static_user_filter (class=org.apache.hadoop.http.lib.StaticUserWebFilter$StaticUserFilter) to context hddsDatanode
2019-09-10 05:35:22,408 [main] INFO  http.HttpServer2 (HttpServer2.java:addFilter(958)) - Added filter static_user_filter (class=org.apache.hadoop.http.lib.StaticUserWebFilter$StaticUserFilter) to context static
2019-09-10 05:35:22,408 [main] INFO  http.HttpServer2 (HttpServer2.java:addFilter(958)) - Added filter static_user_filter (class=org.apache.hadoop.http.lib.StaticUserWebFilter$StaticUserFilter) to context logs
2019-09-10 05:35:22,409 [main] INFO  http.HttpServer2 (HttpServer2.java:bindListener(1191)) - Jetty bound to port 43912
2019-09-10 05:35:22,409 [main] INFO  server.Server (Server.java:doStart(351)) - jetty-9.3.24.v20180605, build timestamp: 2018-06-05T17:11:56Z, git hash: 84205aa28f11a4f31f2a3b86d1bba2cc8ab69827
2019-09-10 05:35:22,410 [main] INFO  handler.ContextHandler (ContextHandler.java:doStart(781)) - Started o.e.j.s.ServletContextHandler@50778bde{/logs,file:///workdir/hadoop-ozone/integration-test/target/log,AVAILABLE}
2019-09-10 05:35:22,411 [main] INFO  handler.ContextHandler (ContextHandler.java:doStart(781)) - Started o.e.j.s.ServletContextHandler@4af12a63{/static,jar:file:/home/user/.m2/repository/org/apache/hadoop/hadoop-hdds-container-service/0.5.0-SNAPSHOT/hadoop-hdds-container-service-0.5.0-SNAPSHOT.jar!/webapps/static,AVAILABLE}
2019-09-10 05:35:22,438 [main] INFO  handler.ContextHandler (ContextHandler.java:doStart(781)) - Started o.e.j.w.WebAppContext@74f4a2ba{/,file:///tmp/jetty-0.0.0.0-43912-hddsDatanode-_-any-8801950869097218602.dir/webapp/,AVAILABLE}{/hddsDatanode}
2019-09-10 05:35:22,439 [main] INFO  server.AbstractConnector (AbstractConnector.java:doStart(278)) - Started ServerConnector@5e385b6f{HTTP/1.1,[http/1.1]}{0.0.0.0:43912}
2019-09-10 05:35:22,441 [main] INFO  server.Server (Server.java:doStart(419)) - Started @614829ms
2019-09-10 05:35:22,441 [main] WARN  impl.MetricsSystemImpl (MetricsSystemImpl.java:register(276)) - Sink prometheus already exists!
2019-09-10 05:35:22,441 [main] INFO  server.BaseHttpServer (BaseHttpServer.java:updateConnectorAddress(215)) - HTTP server of HDDSDATANODE is listening at http://0.0.0.0:43912
2019-09-10 05:35:22,442 [main] INFO  impl.MetricsSystemImpl (MetricsSystemImpl.java:init(158)) - HddsDatanode metrics system started (again)
2019-09-10 05:35:22,443 [org.apache.hadoop.util.JvmPauseMonitor$Monitor@3ba2fec4] INFO  util.JvmPauseMonitor (JvmPauseMonitor.java:run(188)) - Starting JVM pause monitor
2019-09-10 05:35:22,449 [Datanode State Machine Thread - 0] INFO  datanode.InitDatanodeState (InitDatanodeState.java:persistContainerDatanodeDetails(140)) - DatanodeDetails is persisted to /workdir/hadoop-ozone/integration-test/target/test-dir/MiniOzoneClusterImpl-57336a7d-2d72-4251-b84b-f30cd33fc333/datanode-3/meta/datanode.id
2019-09-10 05:35:22,450 [main] INFO  ozone.HddsDatanodeService (HddsDatanodeService.java:start(184)) - HddsDatanodeService host:trunk-nightly-20190910-vk757-903364635 ip:192.168.36.76
2019-09-10 05:35:22,457 [main] INFO  volume.HddsVolume (HddsVolume.java:<init>(176)) - Creating Volume: /workdir/hadoop-ozone/integration-test/target/test-dir/MiniOzoneClusterImpl-57336a7d-2d72-4251-b84b-f30cd33fc333/datanode-4/data/containers/hdds of  storage type : DISK and capacity : 1482555576320
2019-09-10 05:35:22,457 [main] INFO  volume.VolumeSet (VolumeSet.java:initializeVolumeSet(170)) - Added Volume : /workdir/hadoop-ozone/integration-test/target/test-dir/MiniOzoneClusterImpl-57336a7d-2d72-4251-b84b-f30cd33fc333/datanode-4/data/containers/hdds to VolumeSet
2019-09-10 05:35:22,458 [main] INFO  volume.ThrottledAsyncChecker (ThrottledAsyncChecker.java:schedule(139)) - Scheduling a check for org.apache.hadoop.ozone.container.common.volume.HddsVolume@11e834ad
2019-09-10 05:35:22,458 [main] INFO  volume.HddsVolumeChecker (HddsVolumeChecker.java:checkAllVolumes(202)) - Scheduled health check for volume org.apache.hadoop.ozone.container.common.volume.HddsVolume@11e834ad
2019-09-10 05:35:22,475 [main] INFO  impl.RaftServerProxy (ConfUtils.java:logGet(43)) - raft.rpc.type = GRPC (default)
2019-09-10 05:35:22,476 [main] INFO  grpc.GrpcFactory (GrpcFactory.java:checkPooledByteBufAllocatorUseCacheForAllThreads(45)) - PERFORMANCE WARNING: useCacheForAllThreads is true that may cause Netty to create a lot garbage objects and, as a result, trigger GC.
	It is recommended to disable useCacheForAllThreads by setting -Dorg.apache.ratis.thirdparty.io.netty.allocator.useCacheForAllThreads=false in command line.
2019-09-10 05:35:22,476 [main] INFO  grpc.GrpcConfigKeys$Server (ConfUtils.java:logGet(43)) - raft.grpc.server.port = 0 (default)
2019-09-10 05:35:22,476 [main] INFO  server.GrpcService (ConfUtils.java:logGet(43)) - raft.grpc.message.size.max = 33570816 (custom)
2019-09-10 05:35:22,477 [main] INFO  server.RaftServerConfigKeys (ConfUtils.java:logGet(43)) - raft.server.log.appender.buffer.byte-limit = 33554432 (custom)
2019-09-10 05:35:22,477 [main] INFO  server.GrpcService (ConfUtils.java:logGet(43)) - raft.grpc.flow.control.window = 1MB (=1048576) (default)
2019-09-10 05:35:22,477 [main] INFO  server.RaftServerConfigKeys (ConfUtils.java:logGet(43)) - raft.server.rpc.request.timeout = 3000ms (default)
2019-09-10 05:35:22,477 [main] INFO  server.RaftServerConfigKeys (ConfUtils.java:logGet(43)) - raft.server.storage.dir = [/workdir/hadoop-ozone/integration-test/target/test-dir/MiniOzoneClusterImpl-57336a7d-2d72-4251-b84b-f30cd33fc333/datanode-4/data/ratis] (custom)
2019-09-10 05:35:22,479 [main] INFO  hdfs.DFSUtil (DFSUtil.java:httpServerTemplateForNNAndJN(1641)) - Starting Web-server for hddsDatanode at: http://0.0.0.0:0
2019-09-10 05:35:22,480 [main] INFO  server.AuthenticationFilter (AuthenticationFilter.java:constructSecretProvider(240)) - Unable to initialize FileSignerSecretProvider, falling back to use random secrets.
2019-09-10 05:35:22,481 [main] WARN  http.HttpRequestLog (HttpRequestLog.java:getRequestLog(97)) - Jetty request log can only be enabled using Log4j
2019-09-10 05:35:22,482 [main] INFO  http.HttpServer2 (HttpServer2.java:addGlobalFilter(975)) - Added global filter 'safety' (class=org.apache.hadoop.http.HttpServer2$QuotingInputFilter)
2019-09-10 05:35:22,483 [main] INFO  http.HttpServer2 (HttpServer2.java:addFilter(948)) - Added filter static_user_filter (class=org.apache.hadoop.http.lib.StaticUserWebFilter$StaticUserFilter) to context hddsDatanode
2019-09-10 05:35:22,483 [main] INFO  http.HttpServer2 (HttpServer2.java:addFilter(958)) - Added filter static_user_filter (class=org.apache.hadoop.http.lib.StaticUserWebFilter$StaticUserFilter) to context logs
2019-09-10 05:35:22,483 [main] INFO  http.HttpServer2 (HttpServer2.java:addFilter(958)) - Added filter static_user_filter (class=org.apache.hadoop.http.lib.StaticUserWebFilter$StaticUserFilter) to context static
2019-09-10 05:35:22,484 [main] INFO  http.HttpServer2 (HttpServer2.java:bindListener(1191)) - Jetty bound to port 42545
2019-09-10 05:35:22,484 [main] INFO  server.Server (Server.java:doStart(351)) - jetty-9.3.24.v20180605, build timestamp: 2018-06-05T17:11:56Z, git hash: 84205aa28f11a4f31f2a3b86d1bba2cc8ab69827
2019-09-10 05:35:22,485 [main] INFO  handler.ContextHandler (ContextHandler.java:doStart(781)) - Started o.e.j.s.ServletContextHandler@54329480{/logs,file:///workdir/hadoop-ozone/integration-test/target/log,AVAILABLE}
2019-09-10 05:35:22,486 [main] INFO  handler.ContextHandler (ContextHandler.java:doStart(781)) - Started o.e.j.s.ServletContextHandler@64f32e9e{/static,jar:file:/home/user/.m2/repository/org/apache/hadoop/hadoop-hdds-container-service/0.5.0-SNAPSHOT/hadoop-hdds-container-service-0.5.0-SNAPSHOT.jar!/webapps/static,AVAILABLE}
2019-09-10 05:35:22,520 [main] INFO  handler.ContextHandler (ContextHandler.java:doStart(781)) - Started o.e.j.w.WebAppContext@2262f0d8{/,file:///tmp/jetty-0.0.0.0-42545-hddsDatanode-_-any-4121655726136874574.dir/webapp/,AVAILABLE}{/hddsDatanode}
2019-09-10 05:35:22,520 [main] INFO  server.AbstractConnector (AbstractConnector.java:doStart(278)) - Started ServerConnector@283a8ad6{HTTP/1.1,[http/1.1]}{0.0.0.0:42545}
2019-09-10 05:35:22,523 [main] INFO  server.Server (Server.java:doStart(419)) - Started @614911ms
2019-09-10 05:35:22,523 [main] WARN  impl.MetricsSystemImpl (MetricsSystemImpl.java:register(276)) - Sink prometheus already exists!
2019-09-10 05:35:22,523 [main] INFO  server.BaseHttpServer (BaseHttpServer.java:updateConnectorAddress(215)) - HTTP server of HDDSDATANODE is listening at http://0.0.0.0:42545
2019-09-10 05:35:22,524 [main] INFO  impl.MetricsSystemImpl (MetricsSystemImpl.java:init(158)) - HddsDatanode metrics system started (again)
2019-09-10 05:35:22,529 [org.apache.hadoop.util.JvmPauseMonitor$Monitor@78a795a3] INFO  util.JvmPauseMonitor (JvmPauseMonitor.java:run(188)) - Starting JVM pause monitor
2019-09-10 05:35:22,530 [main] INFO  ozone.HddsDatanodeService (HddsDatanodeService.java:start(184)) - HddsDatanodeService host:trunk-nightly-20190910-vk757-903364635 ip:192.168.36.76
2019-09-10 05:35:22,530 [Datanode State Machine Thread - 0] INFO  datanode.InitDatanodeState (InitDatanodeState.java:persistContainerDatanodeDetails(140)) - DatanodeDetails is persisted to /workdir/hadoop-ozone/integration-test/target/test-dir/MiniOzoneClusterImpl-57336a7d-2d72-4251-b84b-f30cd33fc333/datanode-4/meta/datanode.id
2019-09-10 05:35:22,536 [main] INFO  volume.HddsVolume (HddsVolume.java:<init>(176)) - Creating Volume: /workdir/hadoop-ozone/integration-test/target/test-dir/MiniOzoneClusterImpl-57336a7d-2d72-4251-b84b-f30cd33fc333/datanode-5/data/containers/hdds of  storage type : DISK and capacity : 1482555576320
2019-09-10 05:35:22,536 [main] INFO  volume.VolumeSet (VolumeSet.java:initializeVolumeSet(170)) - Added Volume : /workdir/hadoop-ozone/integration-test/target/test-dir/MiniOzoneClusterImpl-57336a7d-2d72-4251-b84b-f30cd33fc333/datanode-5/data/containers/hdds to VolumeSet
2019-09-10 05:35:22,537 [main] INFO  volume.ThrottledAsyncChecker (ThrottledAsyncChecker.java:schedule(139)) - Scheduling a check for org.apache.hadoop.ozone.container.common.volume.HddsVolume@a3b858f
2019-09-10 05:35:22,537 [main] INFO  volume.HddsVolumeChecker (HddsVolumeChecker.java:checkAllVolumes(202)) - Scheduled health check for volume org.apache.hadoop.ozone.container.common.volume.HddsVolume@a3b858f
2019-09-10 05:35:22,550 [main] INFO  impl.RaftServerProxy (ConfUtils.java:logGet(43)) - raft.rpc.type = GRPC (default)
2019-09-10 05:35:22,550 [main] INFO  grpc.GrpcFactory (GrpcFactory.java:checkPooledByteBufAllocatorUseCacheForAllThreads(45)) - PERFORMANCE WARNING: useCacheForAllThreads is true that may cause Netty to create a lot garbage objects and, as a result, trigger GC.
	It is recommended to disable useCacheForAllThreads by setting -Dorg.apache.ratis.thirdparty.io.netty.allocator.useCacheForAllThreads=false in command line.
2019-09-10 05:35:22,550 [main] INFO  grpc.GrpcConfigKeys$Server (ConfUtils.java:logGet(43)) - raft.grpc.server.port = 0 (default)
2019-09-10 05:35:22,550 [main] INFO  server.GrpcService (ConfUtils.java:logGet(43)) - raft.grpc.message.size.max = 33570816 (custom)
2019-09-10 05:35:22,550 [main] INFO  server.RaftServerConfigKeys (ConfUtils.java:logGet(43)) - raft.server.log.appender.buffer.byte-limit = 33554432 (custom)
2019-09-10 05:35:22,550 [main] INFO  server.GrpcService (ConfUtils.java:logGet(43)) - raft.grpc.flow.control.window = 1MB (=1048576) (default)
2019-09-10 05:35:22,551 [main] INFO  server.RaftServerConfigKeys (ConfUtils.java:logGet(43)) - raft.server.rpc.request.timeout = 3000ms (default)
2019-09-10 05:35:22,551 [main] INFO  server.RaftServerConfigKeys (ConfUtils.java:logGet(43)) - raft.server.storage.dir = [/workdir/hadoop-ozone/integration-test/target/test-dir/MiniOzoneClusterImpl-57336a7d-2d72-4251-b84b-f30cd33fc333/datanode-5/data/ratis] (custom)
2019-09-10 05:35:22,552 [main] INFO  hdfs.DFSUtil (DFSUtil.java:httpServerTemplateForNNAndJN(1641)) - Starting Web-server for hddsDatanode at: http://0.0.0.0:0
2019-09-10 05:35:22,555 [main] INFO  server.AuthenticationFilter (AuthenticationFilter.java:constructSecretProvider(240)) - Unable to initialize FileSignerSecretProvider, falling back to use random secrets.
2019-09-10 05:35:22,555 [main] WARN  http.HttpRequestLog (HttpRequestLog.java:getRequestLog(97)) - Jetty request log can only be enabled using Log4j
2019-09-10 05:35:22,557 [main] INFO  http.HttpServer2 (HttpServer2.java:addGlobalFilter(975)) - Added global filter 'safety' (class=org.apache.hadoop.http.HttpServer2$QuotingInputFilter)
2019-09-10 05:35:22,558 [main] INFO  http.HttpServer2 (HttpServer2.java:addFilter(948)) - Added filter static_user_filter (class=org.apache.hadoop.http.lib.StaticUserWebFilter$StaticUserFilter) to context hddsDatanode
2019-09-10 05:35:22,558 [main] INFO  http.HttpServer2 (HttpServer2.java:addFilter(958)) - Added filter static_user_filter (class=org.apache.hadoop.http.lib.StaticUserWebFilter$StaticUserFilter) to context static
2019-09-10 05:35:22,558 [main] INFO  http.HttpServer2 (HttpServer2.java:addFilter(958)) - Added filter static_user_filter (class=org.apache.hadoop.http.lib.StaticUserWebFilter$StaticUserFilter) to context logs
2019-09-10 05:35:22,559 [main] INFO  http.HttpServer2 (HttpServer2.java:bindListener(1191)) - Jetty bound to port 37573
2019-09-10 05:35:22,560 [main] INFO  server.Server (Server.java:doStart(351)) - jetty-9.3.24.v20180605, build timestamp: 2018-06-05T17:11:56Z, git hash: 84205aa28f11a4f31f2a3b86d1bba2cc8ab69827
2019-09-10 05:35:22,561 [main] INFO  handler.ContextHandler (ContextHandler.java:doStart(781)) - Started o.e.j.s.ServletContextHandler@668a32a4{/logs,file:///workdir/hadoop-ozone/integration-test/target/log,AVAILABLE}
2019-09-10 05:35:22,562 [main] INFO  handler.ContextHandler (ContextHandler.java:doStart(781)) - Started o.e.j.s.ServletContextHandler@baa227e{/static,jar:file:/home/user/.m2/repository/org/apache/hadoop/hadoop-hdds-container-service/0.5.0-SNAPSHOT/hadoop-hdds-container-service-0.5.0-SNAPSHOT.jar!/webapps/static,AVAILABLE}
2019-09-10 05:35:22,604 [main] INFO  handler.ContextHandler (ContextHandler.java:doStart(781)) - Started o.e.j.w.WebAppContext@61d2f267{/,file:///tmp/jetty-0.0.0.0-37573-hddsDatanode-_-any-469201868430216400.dir/webapp/,AVAILABLE}{/hddsDatanode}
2019-09-10 05:35:22,605 [main] INFO  server.AbstractConnector (AbstractConnector.java:doStart(278)) - Started ServerConnector@26d40c77{HTTP/1.1,[http/1.1]}{0.0.0.0:37573}
2019-09-10 05:35:22,607 [main] INFO  server.Server (Server.java:doStart(419)) - Started @614995ms
2019-09-10 05:35:22,607 [main] WARN  impl.MetricsSystemImpl (MetricsSystemImpl.java:register(276)) - Sink prometheus already exists!
2019-09-10 05:35:22,608 [main] INFO  server.BaseHttpServer (BaseHttpServer.java:updateConnectorAddress(215)) - HTTP server of HDDSDATANODE is listening at http://0.0.0.0:37573
2019-09-10 05:35:22,608 [main] INFO  impl.MetricsSystemImpl (MetricsSystemImpl.java:init(158)) - HddsDatanode metrics system started (again)
2019-09-10 05:35:22,614 [org.apache.hadoop.util.JvmPauseMonitor$Monitor@c0f5f7a] INFO  util.JvmPauseMonitor (JvmPauseMonitor.java:run(188)) - Starting JVM pause monitor
2019-09-10 05:35:22,614 [main] INFO  ozone.HddsDatanodeService (HddsDatanodeService.java:start(184)) - HddsDatanodeService host:trunk-nightly-20190910-vk757-903364635 ip:192.168.36.76
2019-09-10 05:35:22,614 [Datanode State Machine Thread - 0] INFO  datanode.InitDatanodeState (InitDatanodeState.java:persistContainerDatanodeDetails(140)) - DatanodeDetails is persisted to /workdir/hadoop-ozone/integration-test/target/test-dir/MiniOzoneClusterImpl-57336a7d-2d72-4251-b84b-f30cd33fc333/datanode-5/meta/datanode.id
2019-09-10 05:35:22,620 [main] INFO  volume.HddsVolume (HddsVolume.java:<init>(176)) - Creating Volume: /workdir/hadoop-ozone/integration-test/target/test-dir/MiniOzoneClusterImpl-57336a7d-2d72-4251-b84b-f30cd33fc333/datanode-6/data/containers/hdds of  storage type : DISK and capacity : 1482555576320
2019-09-10 05:35:22,620 [main] INFO  volume.VolumeSet (VolumeSet.java:initializeVolumeSet(170)) - Added Volume : /workdir/hadoop-ozone/integration-test/target/test-dir/MiniOzoneClusterImpl-57336a7d-2d72-4251-b84b-f30cd33fc333/datanode-6/data/containers/hdds to VolumeSet
2019-09-10 05:35:22,620 [main] INFO  volume.ThrottledAsyncChecker (ThrottledAsyncChecker.java:schedule(139)) - Scheduling a check for org.apache.hadoop.ozone.container.common.volume.HddsVolume@44384b4a
2019-09-10 05:35:22,621 [main] INFO  volume.HddsVolumeChecker (HddsVolumeChecker.java:checkAllVolumes(202)) - Scheduled health check for volume org.apache.hadoop.ozone.container.common.volume.HddsVolume@44384b4a
2019-09-10 05:35:22,634 [main] INFO  impl.RaftServerProxy (ConfUtils.java:logGet(43)) - raft.rpc.type = GRPC (default)
2019-09-10 05:35:22,634 [main] INFO  grpc.GrpcFactory (GrpcFactory.java:checkPooledByteBufAllocatorUseCacheForAllThreads(45)) - PERFORMANCE WARNING: useCacheForAllThreads is true that may cause Netty to create a lot garbage objects and, as a result, trigger GC.
	It is recommended to disable useCacheForAllThreads by setting -Dorg.apache.ratis.thirdparty.io.netty.allocator.useCacheForAllThreads=false in command line.
2019-09-10 05:35:22,634 [main] INFO  grpc.GrpcConfigKeys$Server (ConfUtils.java:logGet(43)) - raft.grpc.server.port = 0 (default)
2019-09-10 05:35:22,634 [main] INFO  server.GrpcService (ConfUtils.java:logGet(43)) - raft.grpc.message.size.max = 33570816 (custom)
2019-09-10 05:35:22,634 [main] INFO  server.RaftServerConfigKeys (ConfUtils.java:logGet(43)) - raft.server.log.appender.buffer.byte-limit = 33554432 (custom)
2019-09-10 05:35:22,634 [main] INFO  server.GrpcService (ConfUtils.java:logGet(43)) - raft.grpc.flow.control.window = 1MB (=1048576) (default)
2019-09-10 05:35:22,635 [main] INFO  server.RaftServerConfigKeys (ConfUtils.java:logGet(43)) - raft.server.rpc.request.timeout = 3000ms (default)
2019-09-10 05:35:22,635 [main] INFO  server.RaftServerConfigKeys (ConfUtils.java:logGet(43)) - raft.server.storage.dir = [/workdir/hadoop-ozone/integration-test/target/test-dir/MiniOzoneClusterImpl-57336a7d-2d72-4251-b84b-f30cd33fc333/datanode-6/data/ratis] (custom)
2019-09-10 05:35:22,636 [main] INFO  hdfs.DFSUtil (DFSUtil.java:httpServerTemplateForNNAndJN(1641)) - Starting Web-server for hddsDatanode at: http://0.0.0.0:0
2019-09-10 05:35:22,637 [main] INFO  server.AuthenticationFilter (AuthenticationFilter.java:constructSecretProvider(240)) - Unable to initialize FileSignerSecretProvider, falling back to use random secrets.
2019-09-10 05:35:22,637 [main] WARN  http.HttpRequestLog (HttpRequestLog.java:getRequestLog(97)) - Jetty request log can only be enabled using Log4j
2019-09-10 05:35:22,639 [main] INFO  http.HttpServer2 (HttpServer2.java:addGlobalFilter(975)) - Added global filter 'safety' (class=org.apache.hadoop.http.HttpServer2$QuotingInputFilter)
2019-09-10 05:35:22,639 [main] INFO  http.HttpServer2 (HttpServer2.java:addFilter(948)) - Added filter static_user_filter (class=org.apache.hadoop.http.lib.StaticUserWebFilter$StaticUserFilter) to context hddsDatanode
2019-09-10 05:35:22,639 [main] INFO  http.HttpServer2 (HttpServer2.java:addFilter(958)) - Added filter static_user_filter (class=org.apache.hadoop.http.lib.StaticUserWebFilter$StaticUserFilter) to context logs
2019-09-10 05:35:22,639 [main] INFO  http.HttpServer2 (HttpServer2.java:addFilter(958)) - Added filter static_user_filter (class=org.apache.hadoop.http.lib.StaticUserWebFilter$StaticUserFilter) to context static
2019-09-10 05:35:22,640 [main] INFO  http.HttpServer2 (HttpServer2.java:bindListener(1191)) - Jetty bound to port 32833
2019-09-10 05:35:22,640 [main] INFO  server.Server (Server.java:doStart(351)) - jetty-9.3.24.v20180605, build timestamp: 2018-06-05T17:11:56Z, git hash: 84205aa28f11a4f31f2a3b86d1bba2cc8ab69827
2019-09-10 05:35:22,641 [main] INFO  handler.ContextHandler (ContextHandler.java:doStart(781)) - Started o.e.j.s.ServletContextHandler@ce561cc{/logs,file:///workdir/hadoop-ozone/integration-test/target/log,AVAILABLE}
2019-09-10 05:35:22,642 [main] INFO  handler.ContextHandler (ContextHandler.java:doStart(781)) - Started o.e.j.s.ServletContextHandler@7f8c3646{/static,jar:file:/home/user/.m2/repository/org/apache/hadoop/hadoop-hdds-container-service/0.5.0-SNAPSHOT/hadoop-hdds-container-service-0.5.0-SNAPSHOT.jar!/webapps/static,AVAILABLE}
2019-09-10 05:35:22,668 [main] INFO  handler.ContextHandler (ContextHandler.java:doStart(781)) - Started o.e.j.w.WebAppContext@7e77678c{/,file:///tmp/jetty-0.0.0.0-32833-hddsDatanode-_-any-4748946827654089423.dir/webapp/,AVAILABLE}{/hddsDatanode}
2019-09-10 05:35:22,668 [main] INFO  server.AbstractConnector (AbstractConnector.java:doStart(278)) - Started ServerConnector@113eed88{HTTP/1.1,[http/1.1]}{0.0.0.0:32833}
2019-09-10 05:35:22,669 [main] INFO  server.Server (Server.java:doStart(419)) - Started @615058ms
2019-09-10 05:35:22,670 [main] WARN  impl.MetricsSystemImpl (MetricsSystemImpl.java:register(276)) - Sink prometheus already exists!
2019-09-10 05:35:22,670 [main] INFO  server.BaseHttpServer (BaseHttpServer.java:updateConnectorAddress(215)) - HTTP server of HDDSDATANODE is listening at http://0.0.0.0:32833
2019-09-10 05:35:22,671 [main] INFO  ozone.MiniOzoneClusterImpl (MiniOzoneClusterImpl.java:lambda$waitForClusterToBeReady$0(140)) - Waiting for cluster to be ready. Got 0 of 7 DN Heartbeats.
2019-09-10 05:35:22,672 [org.apache.hadoop.util.JvmPauseMonitor$Monitor@18660553] INFO  util.JvmPauseMonitor (JvmPauseMonitor.java:run(188)) - Starting JVM pause monitor
2019-09-10 05:35:22,672 [Datanode State Machine Thread - 0] INFO  datanode.InitDatanodeState (InitDatanodeState.java:persistContainerDatanodeDetails(140)) - DatanodeDetails is persisted to /workdir/hadoop-ozone/integration-test/target/test-dir/MiniOzoneClusterImpl-57336a7d-2d72-4251-b84b-f30cd33fc333/datanode-6/meta/datanode.id
2019-09-10 05:35:23,671 [main] INFO  ozone.MiniOzoneClusterImpl (MiniOzoneClusterImpl.java:lambda$waitForClusterToBeReady$0(140)) - Waiting for cluster to be ready. Got 0 of 7 DN Heartbeats.
2019-09-10 05:35:24,275 [Datanode State Machine Thread - 0] INFO  ozoneimpl.OzoneContainer (OzoneContainer.java:start(217)) - Attempting to start container services.
2019-09-10 05:35:24,275 [Datanode State Machine Thread - 0] INFO  ozoneimpl.OzoneContainer (OzoneContainer.java:startContainerScrub(179)) - Background container scanner has been disabled.
2019-09-10 05:35:24,276 [Datanode State Machine Thread - 0] INFO  ratis.XceiverServerRatis (XceiverServerRatis.java:start(404)) - Starting XceiverServerRatis 09940887-b3de-422b-adff-478b86b01adb at port 0
2019-09-10 05:35:24,283 [Datanode State Machine Thread - 0] INFO  impl.RaftServerProxy (RaftServerProxy.java:lambda$start$3(299)) - 09940887-b3de-422b-adff-478b86b01adb: start RPC server
2019-09-10 05:35:24,295 [Datanode State Machine Thread - 0] INFO  server.GrpcService (GrpcService.java:startImpl(158)) - 09940887-b3de-422b-adff-478b86b01adb: GrpcService started, listening on 0.0.0.0/0.0.0.0:33140
2019-09-10 05:35:24,296 [Datanode State Machine Thread - 0] INFO  ratis.XceiverServerRatis (XceiverServerRatis.java:start(414)) - XceiverServerRatis 09940887-b3de-422b-adff-478b86b01adb is started using port 33140
2019-09-10 05:35:24,298 [Datanode State Machine Thread - 0] INFO  server.XceiverServerGrpc (XceiverServerGrpc.java:start(163)) - XceiverServerGrpc 09940887-b3de-422b-adff-478b86b01adb is started using port 44942
2019-09-10 05:35:24,329 [Datanode State Machine Thread - 0] INFO  ozoneimpl.OzoneContainer (OzoneContainer.java:start(217)) - Attempting to start container services.
2019-09-10 05:35:24,329 [Datanode State Machine Thread - 0] INFO  ozoneimpl.OzoneContainer (OzoneContainer.java:startContainerScrub(179)) - Background container scanner has been disabled.
2019-09-10 05:35:24,329 [Datanode State Machine Thread - 0] INFO  ratis.XceiverServerRatis (XceiverServerRatis.java:start(404)) - Starting XceiverServerRatis b365e7c3-3384-4dda-bf54-3c9a5d02b5a0 at port 0
2019-09-10 05:35:24,336 [Datanode State Machine Thread - 0] INFO  impl.RaftServerProxy (RaftServerProxy.java:lambda$start$3(299)) - b365e7c3-3384-4dda-bf54-3c9a5d02b5a0: start RPC server
2019-09-10 05:35:24,337 [Datanode State Machine Thread - 0] INFO  server.GrpcService (GrpcService.java:startImpl(158)) - b365e7c3-3384-4dda-bf54-3c9a5d02b5a0: GrpcService started, listening on 0.0.0.0/0.0.0.0:44254
2019-09-10 05:35:24,337 [Datanode State Machine Thread - 0] INFO  ratis.XceiverServerRatis (XceiverServerRatis.java:start(414)) - XceiverServerRatis b365e7c3-3384-4dda-bf54-3c9a5d02b5a0 is started using port 44254
2019-09-10 05:35:24,339 [Datanode State Machine Thread - 0] INFO  server.XceiverServerGrpc (XceiverServerGrpc.java:start(163)) - XceiverServerGrpc b365e7c3-3384-4dda-bf54-3c9a5d02b5a0 is started using port 41074
2019-09-10 05:35:24,414 [Datanode State Machine Thread - 0] INFO  ozoneimpl.OzoneContainer (OzoneContainer.java:start(217)) - Attempting to start container services.
2019-09-10 05:35:24,415 [Datanode State Machine Thread - 0] INFO  ozoneimpl.OzoneContainer (OzoneContainer.java:startContainerScrub(179)) - Background container scanner has been disabled.
2019-09-10 05:35:24,415 [Datanode State Machine Thread - 0] INFO  ratis.XceiverServerRatis (XceiverServerRatis.java:start(404)) - Starting XceiverServerRatis b8edd47f-9a8a-4d8f-b9ea-91b185ba1497 at port 0
2019-09-10 05:35:24,420 [Datanode State Machine Thread - 0] INFO  impl.RaftServerProxy (RaftServerProxy.java:lambda$start$3(299)) - b8edd47f-9a8a-4d8f-b9ea-91b185ba1497: start RPC server
2019-09-10 05:35:24,423 [Datanode State Machine Thread - 0] INFO  server.GrpcService (GrpcService.java:startImpl(158)) - b8edd47f-9a8a-4d8f-b9ea-91b185ba1497: GrpcService started, listening on 0.0.0.0/0.0.0.0:33186
2019-09-10 05:35:24,423 [Datanode State Machine Thread - 0] INFO  ratis.XceiverServerRatis (XceiverServerRatis.java:start(414)) - XceiverServerRatis b8edd47f-9a8a-4d8f-b9ea-91b185ba1497 is started using port 33186
2019-09-10 05:35:24,424 [Datanode State Machine Thread - 0] INFO  server.XceiverServerGrpc (XceiverServerGrpc.java:start(163)) - XceiverServerGrpc b8edd47f-9a8a-4d8f-b9ea-91b185ba1497 is started using port 40512
2019-09-10 05:35:24,456 [Datanode State Machine Thread - 0] INFO  ozoneimpl.OzoneContainer (OzoneContainer.java:start(217)) - Attempting to start container services.
2019-09-10 05:35:24,457 [Datanode State Machine Thread - 0] INFO  ozoneimpl.OzoneContainer (OzoneContainer.java:startContainerScrub(179)) - Background container scanner has been disabled.
2019-09-10 05:35:24,457 [Datanode State Machine Thread - 0] INFO  ratis.XceiverServerRatis (XceiverServerRatis.java:start(404)) - Starting XceiverServerRatis 7808bc08-8c64-492d-8125-4fa314b60c8b at port 0
2019-09-10 05:35:24,463 [Datanode State Machine Thread - 0] INFO  impl.RaftServerProxy (RaftServerProxy.java:lambda$start$3(299)) - 7808bc08-8c64-492d-8125-4fa314b60c8b: start RPC server
2019-09-10 05:35:24,463 [Datanode State Machine Thread - 0] INFO  server.GrpcService (GrpcService.java:startImpl(158)) - 7808bc08-8c64-492d-8125-4fa314b60c8b: GrpcService started, listening on 0.0.0.0/0.0.0.0:38722
2019-09-10 05:35:24,463 [Datanode State Machine Thread - 0] INFO  ratis.XceiverServerRatis (XceiverServerRatis.java:start(414)) - XceiverServerRatis 7808bc08-8c64-492d-8125-4fa314b60c8b is started using port 38722
2019-09-10 05:35:24,464 [Datanode State Machine Thread - 0] INFO  server.XceiverServerGrpc (XceiverServerGrpc.java:start(163)) - XceiverServerGrpc 7808bc08-8c64-492d-8125-4fa314b60c8b is started using port 42855
2019-09-10 05:35:24,552 [Datanode State Machine Thread - 0] INFO  ozoneimpl.OzoneContainer (OzoneContainer.java:start(217)) - Attempting to start container services.
2019-09-10 05:35:24,553 [Datanode State Machine Thread - 0] INFO  ozoneimpl.OzoneContainer (OzoneContainer.java:startContainerScrub(179)) - Background container scanner has been disabled.
2019-09-10 05:35:24,553 [Datanode State Machine Thread - 0] INFO  ratis.XceiverServerRatis (XceiverServerRatis.java:start(404)) - Starting XceiverServerRatis 7ffb1f47-f84a-45ee-8f65-039bc0f66923 at port 0
2019-09-10 05:35:24,560 [Datanode State Machine Thread - 0] INFO  impl.RaftServerProxy (RaftServerProxy.java:lambda$start$3(299)) - 7ffb1f47-f84a-45ee-8f65-039bc0f66923: start RPC server
2019-09-10 05:35:24,561 [Datanode State Machine Thread - 0] INFO  server.GrpcService (GrpcService.java:startImpl(158)) - 7ffb1f47-f84a-45ee-8f65-039bc0f66923: GrpcService started, listening on 0.0.0.0/0.0.0.0:38017
2019-09-10 05:35:24,561 [Datanode State Machine Thread - 0] INFO  ratis.XceiverServerRatis (XceiverServerRatis.java:start(414)) - XceiverServerRatis 7ffb1f47-f84a-45ee-8f65-039bc0f66923 is started using port 38017
2019-09-10 05:35:24,561 [Datanode State Machine Thread - 0] INFO  server.XceiverServerGrpc (XceiverServerGrpc.java:start(163)) - XceiverServerGrpc 7ffb1f47-f84a-45ee-8f65-039bc0f66923 is started using port 44575
2019-09-10 05:35:24,640 [Datanode State Machine Thread - 0] INFO  ozoneimpl.OzoneContainer (OzoneContainer.java:start(217)) - Attempting to start container services.
2019-09-10 05:35:24,640 [Datanode State Machine Thread - 0] INFO  ozoneimpl.OzoneContainer (OzoneContainer.java:startContainerScrub(179)) - Background container scanner has been disabled.
2019-09-10 05:35:24,640 [Datanode State Machine Thread - 0] INFO  ratis.XceiverServerRatis (XceiverServerRatis.java:start(404)) - Starting XceiverServerRatis ece71e89-09ce-4721-bc39-9e7097bbf4e8 at port 0
2019-09-10 05:35:24,646 [Datanode State Machine Thread - 0] INFO  impl.RaftServerProxy (RaftServerProxy.java:lambda$start$3(299)) - ece71e89-09ce-4721-bc39-9e7097bbf4e8: start RPC server
2019-09-10 05:35:24,648 [Datanode State Machine Thread - 0] INFO  server.GrpcService (GrpcService.java:startImpl(158)) - ece71e89-09ce-4721-bc39-9e7097bbf4e8: GrpcService started, listening on 0.0.0.0/0.0.0.0:43006
2019-09-10 05:35:24,649 [Datanode State Machine Thread - 0] INFO  ratis.XceiverServerRatis (XceiverServerRatis.java:start(414)) - XceiverServerRatis ece71e89-09ce-4721-bc39-9e7097bbf4e8 is started using port 43006
2019-09-10 05:35:24,649 [Datanode State Machine Thread - 0] INFO  server.XceiverServerGrpc (XceiverServerGrpc.java:start(163)) - XceiverServerGrpc ece71e89-09ce-4721-bc39-9e7097bbf4e8 is started using port 33451
2019-09-10 05:35:24,673 [main] INFO  ozone.MiniOzoneClusterImpl (MiniOzoneClusterImpl.java:lambda$waitForClusterToBeReady$0(140)) - Waiting for cluster to be ready. Got 0 of 7 DN Heartbeats.
2019-09-10 05:35:24,732 [Datanode State Machine Thread - 0] INFO  ozoneimpl.OzoneContainer (OzoneContainer.java:start(217)) - Attempting to start container services.
2019-09-10 05:35:24,732 [Datanode State Machine Thread - 0] INFO  ozoneimpl.OzoneContainer (OzoneContainer.java:startContainerScrub(179)) - Background container scanner has been disabled.
2019-09-10 05:35:24,733 [Datanode State Machine Thread - 0] INFO  ratis.XceiverServerRatis (XceiverServerRatis.java:start(404)) - Starting XceiverServerRatis 6e39a6b0-7c21-4c58-b01b-b05d763a4956 at port 0
2019-09-10 05:35:24,740 [Datanode State Machine Thread - 0] INFO  impl.RaftServerProxy (RaftServerProxy.java:lambda$start$3(299)) - 6e39a6b0-7c21-4c58-b01b-b05d763a4956: start RPC server
2019-09-10 05:35:24,741 [Datanode State Machine Thread - 0] INFO  server.GrpcService (GrpcService.java:startImpl(158)) - 6e39a6b0-7c21-4c58-b01b-b05d763a4956: GrpcService started, listening on 0.0.0.0/0.0.0.0:44714
2019-09-10 05:35:24,741 [Datanode State Machine Thread - 0] INFO  ratis.XceiverServerRatis (XceiverServerRatis.java:start(414)) - XceiverServerRatis 6e39a6b0-7c21-4c58-b01b-b05d763a4956 is started using port 44714
2019-09-10 05:35:24,742 [Datanode State Machine Thread - 0] INFO  server.XceiverServerGrpc (XceiverServerGrpc.java:start(163)) - XceiverServerGrpc 6e39a6b0-7c21-4c58-b01b-b05d763a4956 is started using port 34926
2019-09-10 05:35:25,673 [main] INFO  ozone.MiniOzoneClusterImpl (MiniOzoneClusterImpl.java:lambda$waitForClusterToBeReady$0(140)) - Waiting for cluster to be ready. Got 0 of 7 DN Heartbeats.
2019-09-10 05:35:26,237 [IPC Server handler 0 on 41035] INFO  net.NetworkTopology (NetworkTopologyImpl.java:add(110)) - Added a new node: /default-rack/09940887-b3de-422b-adff-478b86b01adb
2019-09-10 05:35:26,240 [IPC Server handler 0 on 41035] INFO  node.SCMNodeManager (SCMNodeManager.java:register(266)) - Registered Data node : 09940887-b3de-422b-adff-478b86b01adb{ip: 192.168.36.76, host: trunk-nightly-20190910-vk757-903364635, networkLocation: /default-rack, certSerialId: null}
2019-09-10 05:35:26,241 [EventQueue-NodeRegistrationContainerReportForDataNodeSafeModeRule] INFO  safemode.SCMSafeModeManager (DataNodeSafeModeRule.java:process(71)) - SCM in safe mode. 1 DataNodes registered, 1 required.
2019-09-10 05:35:26,243 [EventQueue-NodeRegistrationContainerReportForDataNodeSafeModeRule] INFO  safemode.SCMSafeModeManager (SCMSafeModeManager.java:validateSafeModeExitRules(177)) - ScmSafeModeManager, all rules are successfully validated
2019-09-10 05:35:26,243 [EventQueue-NodeRegistrationContainerReportForDataNodeSafeModeRule] INFO  safemode.SCMSafeModeManager (SCMSafeModeManager.java:exitSafeMode(193)) - SCM exiting safe mode.
2019-09-10 05:35:26,273 [grpc-default-executor-3] INFO  impl.RaftServerProxy (RaftServerProxy.java:addNew(89)) - 09940887-b3de-422b-adff-478b86b01adb: addNew group-071029A5B8DC:[09940887-b3de-422b-adff-478b86b01adb:192.168.36.76:33140] returns group-071029A5B8DC:java.util.concurrent.CompletableFuture@44c55ab3[Not completed]
2019-09-10 05:35:26,275 [pool-589-thread-1] INFO  impl.RaftServerImpl (RaftServerImpl.java:<init>(95)) - 09940887-b3de-422b-adff-478b86b01adb: new RaftServerImpl for group-071029A5B8DC:[09940887-b3de-422b-adff-478b86b01adb:192.168.36.76:33140] with ContainerStateMachine:uninitialized
2019-09-10 05:35:26,275 [pool-589-thread-1] INFO  server.RaftServerConfigKeys (ConfUtils.java:logGet(43)) - raft.server.rpc.timeout.min = 5s (custom)
2019-09-10 05:35:26,275 [pool-589-thread-1] INFO  server.RaftServerConfigKeys (ConfUtils.java:logGet(43)) - raft.server.rpc.timeout.max = 5200ms (custom)
2019-09-10 05:35:26,275 [pool-589-thread-1] INFO  server.RaftServerConfigKeys (ConfUtils.java:logGet(43)) - raft.server.rpcslowness.timeout = 120s (custom)
2019-09-10 05:35:26,275 [pool-589-thread-1] INFO  server.RaftServerConfigKeys (ConfUtils.java:logGet(43)) - raft.server.sleep.deviation.threshold = 300 (default)
2019-09-10 05:35:26,275 [pool-589-thread-1] INFO  server.RaftServerConfigKeys (ConfUtils.java:logGet(43)) - raft.server.log.appender.install.snapshot.enabled = false (custom)
2019-09-10 05:35:26,276 [pool-589-thread-1] INFO  impl.RaftServerImpl (ServerState.java:<init>(103)) - 09940887-b3de-422b-adff-478b86b01adb@group-071029A5B8DC: ConfigurationManager, init=-1: [09940887-b3de-422b-adff-478b86b01adb:192.168.36.76:33140], old=null, confs=<EMPTY_MAP>
2019-09-10 05:35:26,276 [pool-589-thread-1] INFO  server.RaftServerConfigKeys (ConfUtils.java:logGet(43)) - raft.server.storage.dir = [/workdir/hadoop-ozone/integration-test/target/test-dir/MiniOzoneClusterImpl-57336a7d-2d72-4251-b84b-f30cd33fc333/datanode-0/data/ratis] (custom)
2019-09-10 05:35:26,276 [pool-589-thread-1] INFO  storage.RaftStorageDirectory (RaftStorageDirectory.java:analyzeStorage(246)) - The storage directory /workdir/hadoop-ozone/integration-test/target/test-dir/MiniOzoneClusterImpl-57336a7d-2d72-4251-b84b-f30cd33fc333/datanode-0/data/ratis/6f710583-de0c-4e1d-b9af-071029a5b8dc does not exist. Creating ...
2019-09-10 05:35:26,295 [IPC Server handler 2 on 41035] INFO  net.NetworkTopology (NetworkTopologyImpl.java:add(110)) - Added a new node: /default-rack/b365e7c3-3384-4dda-bf54-3c9a5d02b5a0
2019-09-10 05:35:26,296 [IPC Server handler 2 on 41035] INFO  node.SCMNodeManager (SCMNodeManager.java:register(266)) - Registered Data node : b365e7c3-3384-4dda-bf54-3c9a5d02b5a0{ip: 192.168.36.76, host: trunk-nightly-20190910-vk757-903364635, networkLocation: /default-rack, certSerialId: null}
2019-09-10 05:35:26,296 [pool-589-thread-1] INFO  storage.RaftStorageDirectory (RaftStorageDirectory.java:tryLock(328)) - Lock on /workdir/hadoop-ozone/integration-test/target/test-dir/MiniOzoneClusterImpl-57336a7d-2d72-4251-b84b-f30cd33fc333/datanode-0/data/ratis/6f710583-de0c-4e1d-b9af-071029a5b8dc/in_use.lock acquired by nodename 21943@trunk-nightly-20190910-vk757-903364635
2019-09-10 05:35:26,329 [pool-589-thread-1] INFO  storage.RaftStorage (RaftStorage.java:format(72)) - Storage directory /workdir/hadoop-ozone/integration-test/target/test-dir/MiniOzoneClusterImpl-57336a7d-2d72-4251-b84b-f30cd33fc333/datanode-0/data/ratis/6f710583-de0c-4e1d-b9af-071029a5b8dc has been successfully formatted.
2019-09-10 05:35:26,329 [pool-589-thread-1] INFO  ratis.ContainerStateMachine (ContainerStateMachine.java:loadSnapshot(230)) - group-071029A5B8DC: The snapshot info is null. Setting the last applied indexto:(t:0, i:~)
2019-09-10 05:35:26,329 [pool-589-thread-1] INFO  server.RaftServerConfigKeys (ConfUtils.java:logGet(43)) - raft.server.notification.no-leader.timeout = 120s (custom)
2019-09-10 05:35:26,329 [pool-589-thread-1] INFO  server.RaftServerConfigKeys (ConfUtils.java:logGet(43)) - raft.server.log.use.memory = false (default)
2019-09-10 05:35:26,330 [pool-589-thread-1] INFO  server.RaftServerConfigKeys (ConfUtils.java:logGet(43)) - raft.server.log.purge.gap = 1000000 (custom)
2019-09-10 05:35:26,330 [pool-589-thread-1] INFO  server.RaftServerConfigKeys (ConfUtils.java:logGet(43)) - raft.server.log.appender.buffer.byte-limit = 33554432 (custom)
2019-09-10 05:35:26,330 [pool-589-thread-1] INFO  server.RaftServerConfigKeys (ConfUtils.java:logGet(43)) - raft.server.log.segment.size.max = 1048576 (custom)
2019-09-10 05:35:26,330 [pool-589-thread-1] INFO  server.RaftServerConfigKeys (ConfUtils.java:logGet(43)) - raft.server.log.segment.cache.num.max = 2 (custom)
2019-09-10 05:35:26,330 [pool-589-thread-1] INFO  segmented.SegmentedRaftLogWorker (SegmentedRaftLogWorker.java:<init>(172)) - new 09940887-b3de-422b-adff-478b86b01adb@group-071029A5B8DC-SegmentedRaftLogWorker for RaftStorage:Storage Directory /workdir/hadoop-ozone/integration-test/target/test-dir/MiniOzoneClusterImpl-57336a7d-2d72-4251-b84b-f30cd33fc333/datanode-0/data/ratis/6f710583-de0c-4e1d-b9af-071029a5b8dc
2019-09-10 05:35:26,332 [pool-589-thread-1] INFO  server.RaftServerConfigKeys (ConfUtils.java:logGet(43)) - raft.server.log.queue.byte-limit = 2147483647 (custom)
2019-09-10 05:35:26,332 [pool-589-thread-1] INFO  server.RaftServerConfigKeys (ConfUtils.java:logGet(43)) - raft.server.log.queue.element-limit = 1024 (custom)
2019-09-10 05:35:26,333 [pool-589-thread-1] INFO  server.RaftServerConfigKeys (ConfUtils.java:logGet(43)) - raft.server.log.segment.size.max = 1048576 (custom)
2019-09-10 05:35:26,333 [pool-589-thread-1] INFO  server.RaftServerConfigKeys (ConfUtils.java:logGet(43)) - raft.server.log.preallocated.size = 16384 (custom)
2019-09-10 05:35:26,333 [pool-589-thread-1] INFO  server.RaftServerConfigKeys (ConfUtils.java:logGet(43)) - raft.server.log.write.buffer.size = 33554432 (custom)
2019-09-10 05:35:26,333 [pool-589-thread-1] INFO  server.RaftServerConfigKeys (ConfUtils.java:logGet(43)) - raft.server.log.force.sync.num = 128 (default)
2019-09-10 05:35:26,333 [pool-589-thread-1] INFO  server.RaftServerConfigKeys (ConfUtils.java:logGet(43)) - raft.server.log.statemachine.data.sync = true (default)
2019-09-10 05:35:26,333 [pool-589-thread-1] INFO  server.RaftServerConfigKeys (ConfUtils.java:logGet(43)) - raft.server.log.statemachine.data.sync.timeout = 10s (default)
2019-09-10 05:35:26,333 [pool-589-thread-1] INFO  server.RaftServerConfigKeys (ConfUtils.java:logGet(43)) - raft.server.log.statemachine.data.sync.timeout.retry = -1 (default)
2019-09-10 05:35:26,333 [pool-589-thread-1] INFO  server.RaftServerConfigKeys (ConfUtils.java:logGet(43)) - raft.server.log.statemachine.data.caching.enabled = true (custom)
2019-09-10 05:35:26,334 [pool-589-thread-1] INFO  segmented.SegmentedRaftLogWorker (SegmentedRaftLogWorker.java:lambda$new$0(132)) - 09940887-b3de-422b-adff-478b86b01adb@group-071029A5B8DC-SegmentedRaftLogWorker: flushIndex: setUnconditionally 0 -> -1
2019-09-10 05:35:26,334 [pool-589-thread-1] INFO  server.RaftServerConfigKeys (ConfUtils.java:logGet(43)) - raft.server.snapshot.auto.trigger.enabled = true (custom)
2019-09-10 05:35:26,334 [pool-589-thread-1] INFO  server.RaftServerConfigKeys (ConfUtils.java:logGet(43)) - raft.server.snapshot.auto.trigger.threshold = 10000 (custom)
2019-09-10 05:35:26,334 [pool-589-thread-1] INFO  server.RaftServerConfigKeys (ConfUtils.java:logGet(43)) - raft.server.snapshot.retention.num.files = -1 (default)
2019-09-10 05:35:26,334 [pool-589-thread-1] INFO  server.RaftServerConfigKeys (ConfUtils.java:logGet(43)) - raft.server.retrycache.expirytime = 600000ms (custom)
2019-09-10 05:35:26,336 [pool-589-thread-1] INFO  impl.RaftServerImpl (RaftServerImpl.java:start(185)) - 09940887-b3de-422b-adff-478b86b01adb@group-071029A5B8DC: start as a follower, conf=-1: [09940887-b3de-422b-adff-478b86b01adb:192.168.36.76:33140], old=null
2019-09-10 05:35:26,336 [pool-589-thread-1] INFO  impl.RaftServerImpl (RaftServerImpl.java:setRole(174)) - 09940887-b3de-422b-adff-478b86b01adb@group-071029A5B8DC: changes role from      null to FOLLOWER at term 0 for startAsFollower
2019-09-10 05:35:26,336 [pool-589-thread-1] INFO  impl.RoleInfo (RoleInfo.java:updateAndGet(143)) - 09940887-b3de-422b-adff-478b86b01adb: start FollowerState
2019-09-10 05:35:26,337 [pool-589-thread-1] INFO  util.JmxRegister (JmxRegister.java:tryRegister(44)) - Successfully registered JMX Bean with object name Ratis:service=RaftServer,group=group-071029A5B8DC,id=09940887-b3de-422b-adff-478b86b01adb
2019-09-10 05:35:26,339 [RatisPipelineUtilsThread] INFO  pipeline.PipelineStateManager (PipelineStateManager.java:addPipeline(56)) - Created pipeline Pipeline[ Id: 6f710583-de0c-4e1d-b9af-071029a5b8dc, Nodes: 09940887-b3de-422b-adff-478b86b01adb{ip: 192.168.36.76, host: trunk-nightly-20190910-vk757-903364635, networkLocation: /default-rack, certSerialId: null}, Type:RATIS, Factor:ONE, State:OPEN]
2019-09-10 05:35:26,354 [grpc-default-executor-3] INFO  impl.RaftServerProxy (RaftServerProxy.java:addNew(89)) - b365e7c3-3384-4dda-bf54-3c9a5d02b5a0: addNew group-0BEC4DAE2D2D:[b365e7c3-3384-4dda-bf54-3c9a5d02b5a0:192.168.36.76:44254] returns group-0BEC4DAE2D2D:java.util.concurrent.CompletableFuture@21046999[Not completed]
2019-09-10 05:35:26,355 [pool-599-thread-1] INFO  impl.RaftServerImpl (RaftServerImpl.java:<init>(95)) - b365e7c3-3384-4dda-bf54-3c9a5d02b5a0: new RaftServerImpl for group-0BEC4DAE2D2D:[b365e7c3-3384-4dda-bf54-3c9a5d02b5a0:192.168.36.76:44254] with ContainerStateMachine:uninitialized
2019-09-10 05:35:26,356 [pool-599-thread-1] INFO  server.RaftServerConfigKeys (ConfUtils.java:logGet(43)) - raft.server.rpc.timeout.min = 5s (custom)
2019-09-10 05:35:26,356 [pool-599-thread-1] INFO  server.RaftServerConfigKeys (ConfUtils.java:logGet(43)) - raft.server.rpc.timeout.max = 5200ms (custom)
2019-09-10 05:35:26,356 [pool-599-thread-1] INFO  server.RaftServerConfigKeys (ConfUtils.java:logGet(43)) - raft.server.rpcslowness.timeout = 120s (custom)
2019-09-10 05:35:26,356 [pool-599-thread-1] INFO  server.RaftServerConfigKeys (ConfUtils.java:logGet(43)) - raft.server.sleep.deviation.threshold = 300 (default)
2019-09-10 05:35:26,356 [pool-599-thread-1] INFO  server.RaftServerConfigKeys (ConfUtils.java:logGet(43)) - raft.server.log.appender.install.snapshot.enabled = false (custom)
2019-09-10 05:35:26,356 [pool-599-thread-1] INFO  impl.RaftServerImpl (ServerState.java:<init>(103)) - b365e7c3-3384-4dda-bf54-3c9a5d02b5a0@group-0BEC4DAE2D2D: ConfigurationManager, init=-1: [b365e7c3-3384-4dda-bf54-3c9a5d02b5a0:192.168.36.76:44254], old=null, confs=<EMPTY_MAP>
2019-09-10 05:35:26,356 [pool-599-thread-1] INFO  server.RaftServerConfigKeys (ConfUtils.java:logGet(43)) - raft.server.storage.dir = [/workdir/hadoop-ozone/integration-test/target/test-dir/MiniOzoneClusterImpl-57336a7d-2d72-4251-b84b-f30cd33fc333/datanode-1/data/ratis] (custom)
2019-09-10 05:35:26,357 [pool-599-thread-1] INFO  storage.RaftStorageDirectory (RaftStorageDirectory.java:analyzeStorage(246)) - The storage directory /workdir/hadoop-ozone/integration-test/target/test-dir/MiniOzoneClusterImpl-57336a7d-2d72-4251-b84b-f30cd33fc333/datanode-1/data/ratis/f8f5dd72-f7b9-441d-9d7c-0bec4dae2d2d does not exist. Creating ...
2019-09-10 05:35:26,378 [IPC Server handler 4 on 41035] INFO  net.NetworkTopology (NetworkTopologyImpl.java:add(110)) - Added a new node: /default-rack/b8edd47f-9a8a-4d8f-b9ea-91b185ba1497
2019-09-10 05:35:26,378 [IPC Server handler 4 on 41035] INFO  node.SCMNodeManager (SCMNodeManager.java:register(266)) - Registered Data node : b8edd47f-9a8a-4d8f-b9ea-91b185ba1497{ip: 192.168.36.76, host: trunk-nightly-20190910-vk757-903364635, networkLocation: /default-rack, certSerialId: null}
2019-09-10 05:35:26,383 [pool-599-thread-1] INFO  storage.RaftStorageDirectory (RaftStorageDirectory.java:tryLock(328)) - Lock on /workdir/hadoop-ozone/integration-test/target/test-dir/MiniOzoneClusterImpl-57336a7d-2d72-4251-b84b-f30cd33fc333/datanode-1/data/ratis/f8f5dd72-f7b9-441d-9d7c-0bec4dae2d2d/in_use.lock acquired by nodename 21943@trunk-nightly-20190910-vk757-903364635
2019-09-10 05:35:26,411 [pool-599-thread-1] INFO  storage.RaftStorage (RaftStorage.java:format(72)) - Storage directory /workdir/hadoop-ozone/integration-test/target/test-dir/MiniOzoneClusterImpl-57336a7d-2d72-4251-b84b-f30cd33fc333/datanode-1/data/ratis/f8f5dd72-f7b9-441d-9d7c-0bec4dae2d2d has been successfully formatted.
2019-09-10 05:35:26,412 [pool-599-thread-1] INFO  ratis.ContainerStateMachine (ContainerStateMachine.java:loadSnapshot(230)) - group-0BEC4DAE2D2D: The snapshot info is null. Setting the last applied indexto:(t:0, i:~)
2019-09-10 05:35:26,412 [pool-599-thread-1] INFO  server.RaftServerConfigKeys (ConfUtils.java:logGet(43)) - raft.server.notification.no-leader.timeout = 120s (custom)
2019-09-10 05:35:26,412 [pool-599-thread-1] INFO  server.RaftServerConfigKeys (ConfUtils.java:logGet(43)) - raft.server.log.use.memory = false (default)
2019-09-10 05:35:26,412 [pool-599-thread-1] INFO  server.RaftServerConfigKeys (ConfUtils.java:logGet(43)) - raft.server.log.purge.gap = 1000000 (custom)
2019-09-10 05:35:26,412 [pool-599-thread-1] INFO  server.RaftServerConfigKeys (ConfUtils.java:logGet(43)) - raft.server.log.appender.buffer.byte-limit = 33554432 (custom)
2019-09-10 05:35:26,412 [pool-599-thread-1] INFO  server.RaftServerConfigKeys (ConfUtils.java:logGet(43)) - raft.server.log.segment.size.max = 1048576 (custom)
2019-09-10 05:35:26,413 [pool-599-thread-1] INFO  server.RaftServerConfigKeys (ConfUtils.java:logGet(43)) - raft.server.log.segment.cache.num.max = 2 (custom)
2019-09-10 05:35:26,413 [pool-599-thread-1] INFO  segmented.SegmentedRaftLogWorker (SegmentedRaftLogWorker.java:<init>(172)) - new b365e7c3-3384-4dda-bf54-3c9a5d02b5a0@group-0BEC4DAE2D2D-SegmentedRaftLogWorker for RaftStorage:Storage Directory /workdir/hadoop-ozone/integration-test/target/test-dir/MiniOzoneClusterImpl-57336a7d-2d72-4251-b84b-f30cd33fc333/datanode-1/data/ratis/f8f5dd72-f7b9-441d-9d7c-0bec4dae2d2d
2019-09-10 05:35:26,415 [pool-599-thread-1] INFO  server.RaftServerConfigKeys (ConfUtils.java:logGet(43)) - raft.server.log.queue.byte-limit = 2147483647 (custom)
2019-09-10 05:35:26,415 [pool-599-thread-1] INFO  server.RaftServerConfigKeys (ConfUtils.java:logGet(43)) - raft.server.log.queue.element-limit = 1024 (custom)
2019-09-10 05:35:26,415 [pool-599-thread-1] INFO  server.RaftServerConfigKeys (ConfUtils.java:logGet(43)) - raft.server.log.segment.size.max = 1048576 (custom)
2019-09-10 05:35:26,415 [pool-599-thread-1] INFO  server.RaftServerConfigKeys (ConfUtils.java:logGet(43)) - raft.server.log.preallocated.size = 16384 (custom)
2019-09-10 05:35:26,415 [pool-599-thread-1] INFO  server.RaftServerConfigKeys (ConfUtils.java:logGet(43)) - raft.server.log.write.buffer.size = 33554432 (custom)
2019-09-10 05:35:26,415 [pool-599-thread-1] INFO  server.RaftServerConfigKeys (ConfUtils.java:logGet(43)) - raft.server.log.force.sync.num = 128 (default)
2019-09-10 05:35:26,415 [pool-599-thread-1] INFO  server.RaftServerConfigKeys (ConfUtils.java:logGet(43)) - raft.server.log.statemachine.data.sync = true (default)
2019-09-10 05:35:26,416 [pool-599-thread-1] INFO  server.RaftServerConfigKeys (ConfUtils.java:logGet(43)) - raft.server.log.statemachine.data.sync.timeout = 10s (default)
2019-09-10 05:35:26,416 [pool-599-thread-1] INFO  server.RaftServerConfigKeys (ConfUtils.java:logGet(43)) - raft.server.log.statemachine.data.sync.timeout.retry = -1 (default)
2019-09-10 05:35:26,416 [pool-599-thread-1] INFO  server.RaftServerConfigKeys (ConfUtils.java:logGet(43)) - raft.server.log.statemachine.data.caching.enabled = true (custom)
2019-09-10 05:35:26,416 [pool-599-thread-1] INFO  segmented.SegmentedRaftLogWorker (SegmentedRaftLogWorker.java:lambda$new$0(132)) - b365e7c3-3384-4dda-bf54-3c9a5d02b5a0@group-0BEC4DAE2D2D-SegmentedRaftLogWorker: flushIndex: setUnconditionally 0 -> -1
2019-09-10 05:35:26,417 [pool-599-thread-1] INFO  server.RaftServerConfigKeys (ConfUtils.java:logGet(43)) - raft.server.snapshot.auto.trigger.enabled = true (custom)
2019-09-10 05:35:26,417 [pool-599-thread-1] INFO  server.RaftServerConfigKeys (ConfUtils.java:logGet(43)) - raft.server.snapshot.auto.trigger.threshold = 10000 (custom)
2019-09-10 05:35:26,417 [pool-599-thread-1] INFO  server.RaftServerConfigKeys (ConfUtils.java:logGet(43)) - raft.server.snapshot.retention.num.files = -1 (default)
2019-09-10 05:35:26,417 [pool-599-thread-1] INFO  server.RaftServerConfigKeys (ConfUtils.java:logGet(43)) - raft.server.retrycache.expirytime = 600000ms (custom)
2019-09-10 05:35:26,419 [pool-599-thread-1] INFO  impl.RaftServerImpl (RaftServerImpl.java:start(185)) - b365e7c3-3384-4dda-bf54-3c9a5d02b5a0@group-0BEC4DAE2D2D: start as a follower, conf=-1: [b365e7c3-3384-4dda-bf54-3c9a5d02b5a0:192.168.36.76:44254], old=null
2019-09-10 05:35:26,419 [pool-599-thread-1] INFO  impl.RaftServerImpl (RaftServerImpl.java:setRole(174)) - b365e7c3-3384-4dda-bf54-3c9a5d02b5a0@group-0BEC4DAE2D2D: changes role from      null to FOLLOWER at term 0 for startAsFollower
2019-09-10 05:35:26,419 [pool-599-thread-1] INFO  impl.RoleInfo (RoleInfo.java:updateAndGet(143)) - b365e7c3-3384-4dda-bf54-3c9a5d02b5a0: start FollowerState
2019-09-10 05:35:26,419 [pool-599-thread-1] INFO  util.JmxRegister (JmxRegister.java:tryRegister(44)) - Successfully registered JMX Bean with object name Ratis:service=RaftServer,group=group-0BEC4DAE2D2D,id=b365e7c3-3384-4dda-bf54-3c9a5d02b5a0
2019-09-10 05:35:26,421 [RatisPipelineUtilsThread] INFO  pipeline.PipelineStateManager (PipelineStateManager.java:addPipeline(56)) - Created pipeline Pipeline[ Id: f8f5dd72-f7b9-441d-9d7c-0bec4dae2d2d, Nodes: b365e7c3-3384-4dda-bf54-3c9a5d02b5a0{ip: 192.168.36.76, host: trunk-nightly-20190910-vk757-903364635, networkLocation: /default-rack, certSerialId: null}, Type:RATIS, Factor:ONE, State:OPEN]
2019-09-10 05:35:26,428 [grpc-default-executor-3] INFO  impl.RaftServerProxy (RaftServerProxy.java:addNew(89)) - b8edd47f-9a8a-4d8f-b9ea-91b185ba1497: addNew group-797FC26D566E:[b8edd47f-9a8a-4d8f-b9ea-91b185ba1497:192.168.36.76:33186] returns group-797FC26D566E:java.util.concurrent.CompletableFuture@54731894[Not completed]
2019-09-10 05:35:26,429 [pool-609-thread-1] INFO  impl.RaftServerImpl (RaftServerImpl.java:<init>(95)) - b8edd47f-9a8a-4d8f-b9ea-91b185ba1497: new RaftServerImpl for group-797FC26D566E:[b8edd47f-9a8a-4d8f-b9ea-91b185ba1497:192.168.36.76:33186] with ContainerStateMachine:uninitialized
2019-09-10 05:35:26,429 [pool-609-thread-1] INFO  server.RaftServerConfigKeys (ConfUtils.java:logGet(43)) - raft.server.rpc.timeout.min = 5s (custom)
2019-09-10 05:35:26,429 [pool-609-thread-1] INFO  server.RaftServerConfigKeys (ConfUtils.java:logGet(43)) - raft.server.rpc.timeout.max = 5200ms (custom)
2019-09-10 05:35:26,429 [pool-609-thread-1] INFO  server.RaftServerConfigKeys (ConfUtils.java:logGet(43)) - raft.server.rpcslowness.timeout = 120s (custom)
2019-09-10 05:35:26,429 [pool-609-thread-1] INFO  server.RaftServerConfigKeys (ConfUtils.java:logGet(43)) - raft.server.sleep.deviation.threshold = 300 (default)
2019-09-10 05:35:26,429 [pool-609-thread-1] INFO  server.RaftServerConfigKeys (ConfUtils.java:logGet(43)) - raft.server.log.appender.install.snapshot.enabled = false (custom)
2019-09-10 05:35:26,429 [pool-609-thread-1] INFO  impl.RaftServerImpl (ServerState.java:<init>(103)) - b8edd47f-9a8a-4d8f-b9ea-91b185ba1497@group-797FC26D566E: ConfigurationManager, init=-1: [b8edd47f-9a8a-4d8f-b9ea-91b185ba1497:192.168.36.76:33186], old=null, confs=<EMPTY_MAP>
2019-09-10 05:35:26,430 [pool-609-thread-1] INFO  server.RaftServerConfigKeys (ConfUtils.java:logGet(43)) - raft.server.storage.dir = [/workdir/hadoop-ozone/integration-test/target/test-dir/MiniOzoneClusterImpl-57336a7d-2d72-4251-b84b-f30cd33fc333/datanode-2/data/ratis] (custom)
2019-09-10 05:35:26,430 [pool-609-thread-1] INFO  storage.RaftStorageDirectory (RaftStorageDirectory.java:analyzeStorage(246)) - The storage directory /workdir/hadoop-ozone/integration-test/target/test-dir/MiniOzoneClusterImpl-57336a7d-2d72-4251-b84b-f30cd33fc333/datanode-2/data/ratis/7c6d299b-6fe8-4c42-a8c9-797fc26d566e does not exist. Creating ...
2019-09-10 05:35:26,444 [IPC Server handler 5 on 41035] INFO  net.NetworkTopology (NetworkTopologyImpl.java:add(110)) - Added a new node: /default-rack/7808bc08-8c64-492d-8125-4fa314b60c8b
2019-09-10 05:35:26,444 [IPC Server handler 5 on 41035] INFO  node.SCMNodeManager (SCMNodeManager.java:register(266)) - Registered Data node : 7808bc08-8c64-492d-8125-4fa314b60c8b{ip: 192.168.36.76, host: trunk-nightly-20190910-vk757-903364635, networkLocation: /default-rack, certSerialId: null}
2019-09-10 05:35:26,451 [pool-609-thread-1] INFO  storage.RaftStorageDirectory (RaftStorageDirectory.java:tryLock(328)) - Lock on /workdir/hadoop-ozone/integration-test/target/test-dir/MiniOzoneClusterImpl-57336a7d-2d72-4251-b84b-f30cd33fc333/datanode-2/data/ratis/7c6d299b-6fe8-4c42-a8c9-797fc26d566e/in_use.lock acquired by nodename 21943@trunk-nightly-20190910-vk757-903364635
2019-09-10 05:35:26,493 [pool-609-thread-1] INFO  storage.RaftStorage (RaftStorage.java:format(72)) - Storage directory /workdir/hadoop-ozone/integration-test/target/test-dir/MiniOzoneClusterImpl-57336a7d-2d72-4251-b84b-f30cd33fc333/datanode-2/data/ratis/7c6d299b-6fe8-4c42-a8c9-797fc26d566e has been successfully formatted.
2019-09-10 05:35:26,494 [pool-609-thread-1] INFO  ratis.ContainerStateMachine (ContainerStateMachine.java:loadSnapshot(230)) - group-797FC26D566E: The snapshot info is null. Setting the last applied indexto:(t:0, i:~)
2019-09-10 05:35:26,494 [pool-609-thread-1] INFO  server.RaftServerConfigKeys (ConfUtils.java:logGet(43)) - raft.server.notification.no-leader.timeout = 120s (custom)
2019-09-10 05:35:26,494 [pool-609-thread-1] INFO  server.RaftServerConfigKeys (ConfUtils.java:logGet(43)) - raft.server.log.use.memory = false (default)
2019-09-10 05:35:26,494 [pool-609-thread-1] INFO  server.RaftServerConfigKeys (ConfUtils.java:logGet(43)) - raft.server.log.purge.gap = 1000000 (custom)
2019-09-10 05:35:26,494 [pool-609-thread-1] INFO  server.RaftServerConfigKeys (ConfUtils.java:logGet(43)) - raft.server.log.appender.buffer.byte-limit = 33554432 (custom)
2019-09-10 05:35:26,494 [pool-609-thread-1] INFO  server.RaftServerConfigKeys (ConfUtils.java:logGet(43)) - raft.server.log.segment.size.max = 1048576 (custom)
2019-09-10 05:35:26,494 [pool-609-thread-1] INFO  server.RaftServerConfigKeys (ConfUtils.java:logGet(43)) - raft.server.log.segment.cache.num.max = 2 (custom)
2019-09-10 05:35:26,495 [pool-609-thread-1] INFO  segmented.SegmentedRaftLogWorker (SegmentedRaftLogWorker.java:<init>(172)) - new b8edd47f-9a8a-4d8f-b9ea-91b185ba1497@group-797FC26D566E-SegmentedRaftLogWorker for RaftStorage:Storage Directory /workdir/hadoop-ozone/integration-test/target/test-dir/MiniOzoneClusterImpl-57336a7d-2d72-4251-b84b-f30cd33fc333/datanode-2/data/ratis/7c6d299b-6fe8-4c42-a8c9-797fc26d566e
2019-09-10 05:35:26,496 [pool-609-thread-1] INFO  server.RaftServerConfigKeys (ConfUtils.java:logGet(43)) - raft.server.log.queue.byte-limit = 2147483647 (custom)
2019-09-10 05:35:26,496 [pool-609-thread-1] INFO  server.RaftServerConfigKeys (ConfUtils.java:logGet(43)) - raft.server.log.queue.element-limit = 1024 (custom)
2019-09-10 05:35:26,496 [pool-609-thread-1] INFO  server.RaftServerConfigKeys (ConfUtils.java:logGet(43)) - raft.server.log.segment.size.max = 1048576 (custom)
2019-09-10 05:35:26,496 [pool-609-thread-1] INFO  server.RaftServerConfigKeys (ConfUtils.java:logGet(43)) - raft.server.log.preallocated.size = 16384 (custom)
2019-09-10 05:35:26,497 [pool-609-thread-1] INFO  server.RaftServerConfigKeys (ConfUtils.java:logGet(43)) - raft.server.log.write.buffer.size = 33554432 (custom)
2019-09-10 05:35:26,497 [pool-609-thread-1] INFO  server.RaftServerConfigKeys (ConfUtils.java:logGet(43)) - raft.server.log.force.sync.num = 128 (default)
2019-09-10 05:35:26,497 [pool-609-thread-1] INFO  server.RaftServerConfigKeys (ConfUtils.java:logGet(43)) - raft.server.log.statemachine.data.sync = true (default)
2019-09-10 05:35:26,497 [pool-609-thread-1] INFO  server.RaftServerConfigKeys (ConfUtils.java:logGet(43)) - raft.server.log.statemachine.data.sync.timeout = 10s (default)
2019-09-10 05:35:26,497 [pool-609-thread-1] INFO  server.RaftServerConfigKeys (ConfUtils.java:logGet(43)) - raft.server.log.statemachine.data.sync.timeout.retry = -1 (default)
2019-09-10 05:35:26,497 [pool-609-thread-1] INFO  server.RaftServerConfigKeys (ConfUtils.java:logGet(43)) - raft.server.log.statemachine.data.caching.enabled = true (custom)
2019-09-10 05:35:26,497 [pool-609-thread-1] INFO  segmented.SegmentedRaftLogWorker (SegmentedRaftLogWorker.java:lambda$new$0(132)) - b8edd47f-9a8a-4d8f-b9ea-91b185ba1497@group-797FC26D566E-SegmentedRaftLogWorker: flushIndex: setUnconditionally 0 -> -1
2019-09-10 05:35:26,498 [pool-609-thread-1] INFO  server.RaftServerConfigKeys (ConfUtils.java:logGet(43)) - raft.server.snapshot.auto.trigger.enabled = true (custom)
2019-09-10 05:35:26,498 [pool-609-thread-1] INFO  server.RaftServerConfigKeys (ConfUtils.java:logGet(43)) - raft.server.snapshot.auto.trigger.threshold = 10000 (custom)
2019-09-10 05:35:26,498 [pool-609-thread-1] INFO  server.RaftServerConfigKeys (ConfUtils.java:logGet(43)) - raft.server.snapshot.retention.num.files = -1 (default)
2019-09-10 05:35:26,498 [pool-609-thread-1] INFO  server.RaftServerConfigKeys (ConfUtils.java:logGet(43)) - raft.server.retrycache.expirytime = 600000ms (custom)
2019-09-10 05:35:26,499 [pool-609-thread-1] INFO  impl.RaftServerImpl (RaftServerImpl.java:start(185)) - b8edd47f-9a8a-4d8f-b9ea-91b185ba1497@group-797FC26D566E: start as a follower, conf=-1: [b8edd47f-9a8a-4d8f-b9ea-91b185ba1497:192.168.36.76:33186], old=null
2019-09-10 05:35:26,500 [pool-609-thread-1] INFO  impl.RaftServerImpl (RaftServerImpl.java:setRole(174)) - b8edd47f-9a8a-4d8f-b9ea-91b185ba1497@group-797FC26D566E: changes role from      null to FOLLOWER at term 0 for startAsFollower
2019-09-10 05:35:26,500 [pool-609-thread-1] INFO  impl.RoleInfo (RoleInfo.java:updateAndGet(143)) - b8edd47f-9a8a-4d8f-b9ea-91b185ba1497: start FollowerState
2019-09-10 05:35:26,500 [pool-609-thread-1] INFO  util.JmxRegister (JmxRegister.java:tryRegister(44)) - Successfully registered JMX Bean with object name Ratis:service=RaftServer,group=group-797FC26D566E,id=b8edd47f-9a8a-4d8f-b9ea-91b185ba1497
2019-09-10 05:35:26,501 [RatisPipelineUtilsThread] INFO  pipeline.PipelineStateManager (PipelineStateManager.java:addPipeline(56)) - Created pipeline Pipeline[ Id: 7c6d299b-6fe8-4c42-a8c9-797fc26d566e, Nodes: b8edd47f-9a8a-4d8f-b9ea-91b185ba1497{ip: 192.168.36.76, host: trunk-nightly-20190910-vk757-903364635, networkLocation: /default-rack, certSerialId: null}, Type:RATIS, Factor:ONE, State:OPEN]
2019-09-10 05:35:26,508 [grpc-default-executor-3] INFO  impl.RaftServerProxy (RaftServerProxy.java:addNew(89)) - 7808bc08-8c64-492d-8125-4fa314b60c8b: addNew group-4113A7FFAE38:[7808bc08-8c64-492d-8125-4fa314b60c8b:192.168.36.76:38722] returns group-4113A7FFAE38:java.util.concurrent.CompletableFuture@5ea9098d[Not completed]
2019-09-10 05:35:26,509 [pool-619-thread-1] INFO  impl.RaftServerImpl (RaftServerImpl.java:<init>(95)) - 7808bc08-8c64-492d-8125-4fa314b60c8b: new RaftServerImpl for group-4113A7FFAE38:[7808bc08-8c64-492d-8125-4fa314b60c8b:192.168.36.76:38722] with ContainerStateMachine:uninitialized
2019-09-10 05:35:26,510 [pool-619-thread-1] INFO  server.RaftServerConfigKeys (ConfUtils.java:logGet(43)) - raft.server.rpc.timeout.min = 5s (custom)
2019-09-10 05:35:26,510 [pool-619-thread-1] INFO  server.RaftServerConfigKeys (ConfUtils.java:logGet(43)) - raft.server.rpc.timeout.max = 5200ms (custom)
2019-09-10 05:35:26,510 [pool-619-thread-1] INFO  server.RaftServerConfigKeys (ConfUtils.java:logGet(43)) - raft.server.rpcslowness.timeout = 120s (custom)
2019-09-10 05:35:26,510 [pool-619-thread-1] INFO  server.RaftServerConfigKeys (ConfUtils.java:logGet(43)) - raft.server.sleep.deviation.threshold = 300 (default)
2019-09-10 05:35:26,510 [pool-619-thread-1] INFO  server.RaftServerConfigKeys (ConfUtils.java:logGet(43)) - raft.server.log.appender.install.snapshot.enabled = false (custom)
2019-09-10 05:35:26,510 [pool-619-thread-1] INFO  impl.RaftServerImpl (ServerState.java:<init>(103)) - 7808bc08-8c64-492d-8125-4fa314b60c8b@group-4113A7FFAE38: ConfigurationManager, init=-1: [7808bc08-8c64-492d-8125-4fa314b60c8b:192.168.36.76:38722], old=null, confs=<EMPTY_MAP>
2019-09-10 05:35:26,510 [pool-619-thread-1] INFO  server.RaftServerConfigKeys (ConfUtils.java:logGet(43)) - raft.server.storage.dir = [/workdir/hadoop-ozone/integration-test/target/test-dir/MiniOzoneClusterImpl-57336a7d-2d72-4251-b84b-f30cd33fc333/datanode-3/data/ratis] (custom)
2019-09-10 05:35:26,510 [pool-619-thread-1] INFO  storage.RaftStorageDirectory (RaftStorageDirectory.java:analyzeStorage(246)) - The storage directory /workdir/hadoop-ozone/integration-test/target/test-dir/MiniOzoneClusterImpl-57336a7d-2d72-4251-b84b-f30cd33fc333/datanode-3/data/ratis/c9746860-a7e3-40ce-8c39-4113a7ffae38 does not exist. Creating ...
2019-09-10 05:35:26,527 [pool-619-thread-1] INFO  storage.RaftStorageDirectory (RaftStorageDirectory.java:tryLock(328)) - Lock on /workdir/hadoop-ozone/integration-test/target/test-dir/MiniOzoneClusterImpl-57336a7d-2d72-4251-b84b-f30cd33fc333/datanode-3/data/ratis/c9746860-a7e3-40ce-8c39-4113a7ffae38/in_use.lock acquired by nodename 21943@trunk-nightly-20190910-vk757-903364635
2019-09-10 05:35:26,529 [IPC Server handler 1 on 41035] INFO  net.NetworkTopology (NetworkTopologyImpl.java:add(110)) - Added a new node: /default-rack/7ffb1f47-f84a-45ee-8f65-039bc0f66923
2019-09-10 05:35:26,530 [IPC Server handler 1 on 41035] INFO  node.SCMNodeManager (SCMNodeManager.java:register(266)) - Registered Data node : 7ffb1f47-f84a-45ee-8f65-039bc0f66923{ip: 192.168.36.76, host: trunk-nightly-20190910-vk757-903364635, networkLocation: /default-rack, certSerialId: null}
2019-09-10 05:35:26,561 [pool-619-thread-1] INFO  storage.RaftStorage (RaftStorage.java:format(72)) - Storage directory /workdir/hadoop-ozone/integration-test/target/test-dir/MiniOzoneClusterImpl-57336a7d-2d72-4251-b84b-f30cd33fc333/datanode-3/data/ratis/c9746860-a7e3-40ce-8c39-4113a7ffae38 has been successfully formatted.
2019-09-10 05:35:26,561 [pool-619-thread-1] INFO  ratis.ContainerStateMachine (ContainerStateMachine.java:loadSnapshot(230)) - group-4113A7FFAE38: The snapshot info is null. Setting the last applied indexto:(t:0, i:~)
2019-09-10 05:35:26,561 [pool-619-thread-1] INFO  server.RaftServerConfigKeys (ConfUtils.java:logGet(43)) - raft.server.notification.no-leader.timeout = 120s (custom)
2019-09-10 05:35:26,561 [pool-619-thread-1] INFO  server.RaftServerConfigKeys (ConfUtils.java:logGet(43)) - raft.server.log.use.memory = false (default)
2019-09-10 05:35:26,561 [pool-619-thread-1] INFO  server.RaftServerConfigKeys (ConfUtils.java:logGet(43)) - raft.server.log.purge.gap = 1000000 (custom)
2019-09-10 05:35:26,562 [pool-619-thread-1] INFO  server.RaftServerConfigKeys (ConfUtils.java:logGet(43)) - raft.server.log.appender.buffer.byte-limit = 33554432 (custom)
2019-09-10 05:35:26,562 [pool-619-thread-1] INFO  server.RaftServerConfigKeys (ConfUtils.java:logGet(43)) - raft.server.log.segment.size.max = 1048576 (custom)
2019-09-10 05:35:26,562 [pool-619-thread-1] INFO  server.RaftServerConfigKeys (ConfUtils.java:logGet(43)) - raft.server.log.segment.cache.num.max = 2 (custom)
2019-09-10 05:35:26,562 [pool-619-thread-1] INFO  segmented.SegmentedRaftLogWorker (SegmentedRaftLogWorker.java:<init>(172)) - new 7808bc08-8c64-492d-8125-4fa314b60c8b@group-4113A7FFAE38-SegmentedRaftLogWorker for RaftStorage:Storage Directory /workdir/hadoop-ozone/integration-test/target/test-dir/MiniOzoneClusterImpl-57336a7d-2d72-4251-b84b-f30cd33fc333/datanode-3/data/ratis/c9746860-a7e3-40ce-8c39-4113a7ffae38
2019-09-10 05:35:26,563 [pool-619-thread-1] INFO  server.RaftServerConfigKeys (ConfUtils.java:logGet(43)) - raft.server.log.queue.byte-limit = 2147483647 (custom)
2019-09-10 05:35:26,563 [pool-619-thread-1] INFO  server.RaftServerConfigKeys (ConfUtils.java:logGet(43)) - raft.server.log.queue.element-limit = 1024 (custom)
2019-09-10 05:35:26,563 [pool-619-thread-1] INFO  server.RaftServerConfigKeys (ConfUtils.java:logGet(43)) - raft.server.log.segment.size.max = 1048576 (custom)
2019-09-10 05:35:26,564 [pool-619-thread-1] INFO  server.RaftServerConfigKeys (ConfUtils.java:logGet(43)) - raft.server.log.preallocated.size = 16384 (custom)
2019-09-10 05:35:26,564 [pool-619-thread-1] INFO  server.RaftServerConfigKeys (ConfUtils.java:logGet(43)) - raft.server.log.write.buffer.size = 33554432 (custom)
2019-09-10 05:35:26,564 [pool-619-thread-1] INFO  server.RaftServerConfigKeys (ConfUtils.java:logGet(43)) - raft.server.log.force.sync.num = 128 (default)
2019-09-10 05:35:26,564 [pool-619-thread-1] INFO  server.RaftServerConfigKeys (ConfUtils.java:logGet(43)) - raft.server.log.statemachine.data.sync = true (default)
2019-09-10 05:35:26,564 [pool-619-thread-1] INFO  server.RaftServerConfigKeys (ConfUtils.java:logGet(43)) - raft.server.log.statemachine.data.sync.timeout = 10s (default)
2019-09-10 05:35:26,564 [pool-619-thread-1] INFO  server.RaftServerConfigKeys (ConfUtils.java:logGet(43)) - raft.server.log.statemachine.data.sync.timeout.retry = -1 (default)
2019-09-10 05:35:26,564 [pool-619-thread-1] INFO  server.RaftServerConfigKeys (ConfUtils.java:logGet(43)) - raft.server.log.statemachine.data.caching.enabled = true (custom)
2019-09-10 05:35:26,564 [pool-619-thread-1] INFO  segmented.SegmentedRaftLogWorker (SegmentedRaftLogWorker.java:lambda$new$0(132)) - 7808bc08-8c64-492d-8125-4fa314b60c8b@group-4113A7FFAE38-SegmentedRaftLogWorker: flushIndex: setUnconditionally 0 -> -1
2019-09-10 05:35:26,565 [pool-619-thread-1] INFO  server.RaftServerConfigKeys (ConfUtils.java:logGet(43)) - raft.server.snapshot.auto.trigger.enabled = true (custom)
2019-09-10 05:35:26,565 [pool-619-thread-1] INFO  server.RaftServerConfigKeys (ConfUtils.java:logGet(43)) - raft.server.snapshot.auto.trigger.threshold = 10000 (custom)
2019-09-10 05:35:26,565 [pool-619-thread-1] INFO  server.RaftServerConfigKeys (ConfUtils.java:logGet(43)) - raft.server.snapshot.retention.num.files = -1 (default)
2019-09-10 05:35:26,565 [pool-619-thread-1] INFO  server.RaftServerConfigKeys (ConfUtils.java:logGet(43)) - raft.server.retrycache.expirytime = 600000ms (custom)
2019-09-10 05:35:26,566 [pool-619-thread-1] INFO  impl.RaftServerImpl (RaftServerImpl.java:start(185)) - 7808bc08-8c64-492d-8125-4fa314b60c8b@group-4113A7FFAE38: start as a follower, conf=-1: [7808bc08-8c64-492d-8125-4fa314b60c8b:192.168.36.76:38722], old=null
2019-09-10 05:35:26,566 [pool-619-thread-1] INFO  impl.RaftServerImpl (RaftServerImpl.java:setRole(174)) - 7808bc08-8c64-492d-8125-4fa314b60c8b@group-4113A7FFAE38: changes role from      null to FOLLOWER at term 0 for startAsFollower
2019-09-10 05:35:26,566 [pool-619-thread-1] INFO  impl.RoleInfo (RoleInfo.java:updateAndGet(143)) - 7808bc08-8c64-492d-8125-4fa314b60c8b: start FollowerState
2019-09-10 05:35:26,567 [pool-619-thread-1] INFO  util.JmxRegister (JmxRegister.java:tryRegister(44)) - Successfully registered JMX Bean with object name Ratis:service=RaftServer,group=group-4113A7FFAE38,id=7808bc08-8c64-492d-8125-4fa314b60c8b
2019-09-10 05:35:26,569 [RatisPipelineUtilsThread] INFO  pipeline.PipelineStateManager (PipelineStateManager.java:addPipeline(56)) - Created pipeline Pipeline[ Id: c9746860-a7e3-40ce-8c39-4113a7ffae38, Nodes: 7808bc08-8c64-492d-8125-4fa314b60c8b{ip: 192.168.36.76, host: trunk-nightly-20190910-vk757-903364635, networkLocation: /default-rack, certSerialId: null}, Type:RATIS, Factor:ONE, State:OPEN]
2019-09-10 05:35:26,586 [grpc-default-executor-3] INFO  impl.RaftServerProxy (RaftServerProxy.java:addNew(89)) - 7ffb1f47-f84a-45ee-8f65-039bc0f66923: addNew group-8EE0600724D6:[7ffb1f47-f84a-45ee-8f65-039bc0f66923:192.168.36.76:38017] returns group-8EE0600724D6:java.util.concurrent.CompletableFuture@7b2afe4a[Not completed]
2019-09-10 05:35:26,587 [pool-629-thread-1] INFO  impl.RaftServerImpl (RaftServerImpl.java:<init>(95)) - 7ffb1f47-f84a-45ee-8f65-039bc0f66923: new RaftServerImpl for group-8EE0600724D6:[7ffb1f47-f84a-45ee-8f65-039bc0f66923:192.168.36.76:38017] with ContainerStateMachine:uninitialized
2019-09-10 05:35:26,587 [pool-629-thread-1] INFO  server.RaftServerConfigKeys (ConfUtils.java:logGet(43)) - raft.server.rpc.timeout.min = 5s (custom)
2019-09-10 05:35:26,587 [pool-629-thread-1] INFO  server.RaftServerConfigKeys (ConfUtils.java:logGet(43)) - raft.server.rpc.timeout.max = 5200ms (custom)
2019-09-10 05:35:26,587 [pool-629-thread-1] INFO  server.RaftServerConfigKeys (ConfUtils.java:logGet(43)) - raft.server.rpcslowness.timeout = 120s (custom)
2019-09-10 05:35:26,587 [pool-629-thread-1] INFO  server.RaftServerConfigKeys (ConfUtils.java:logGet(43)) - raft.server.sleep.deviation.threshold = 300 (default)
2019-09-10 05:35:26,588 [pool-629-thread-1] INFO  server.RaftServerConfigKeys (ConfUtils.java:logGet(43)) - raft.server.log.appender.install.snapshot.enabled = false (custom)
2019-09-10 05:35:26,588 [pool-629-thread-1] INFO  impl.RaftServerImpl (ServerState.java:<init>(103)) - 7ffb1f47-f84a-45ee-8f65-039bc0f66923@group-8EE0600724D6: ConfigurationManager, init=-1: [7ffb1f47-f84a-45ee-8f65-039bc0f66923:192.168.36.76:38017], old=null, confs=<EMPTY_MAP>
2019-09-10 05:35:26,588 [pool-629-thread-1] INFO  server.RaftServerConfigKeys (ConfUtils.java:logGet(43)) - raft.server.storage.dir = [/workdir/hadoop-ozone/integration-test/target/test-dir/MiniOzoneClusterImpl-57336a7d-2d72-4251-b84b-f30cd33fc333/datanode-4/data/ratis] (custom)
2019-09-10 05:35:26,588 [pool-629-thread-1] INFO  storage.RaftStorageDirectory (RaftStorageDirectory.java:analyzeStorage(246)) - The storage directory /workdir/hadoop-ozone/integration-test/target/test-dir/MiniOzoneClusterImpl-57336a7d-2d72-4251-b84b-f30cd33fc333/datanode-4/data/ratis/605bd567-9419-44a4-a16d-8ee0600724d6 does not exist. Creating ...
2019-09-10 05:35:26,611 [pool-629-thread-1] INFO  storage.RaftStorageDirectory (RaftStorageDirectory.java:tryLock(328)) - Lock on /workdir/hadoop-ozone/integration-test/target/test-dir/MiniOzoneClusterImpl-57336a7d-2d72-4251-b84b-f30cd33fc333/datanode-4/data/ratis/605bd567-9419-44a4-a16d-8ee0600724d6/in_use.lock acquired by nodename 21943@trunk-nightly-20190910-vk757-903364635
2019-09-10 05:35:26,615 [IPC Server handler 6 on 41035] INFO  net.NetworkTopology (NetworkTopologyImpl.java:add(110)) - Added a new node: /default-rack/ece71e89-09ce-4721-bc39-9e7097bbf4e8
2019-09-10 05:35:26,615 [IPC Server handler 6 on 41035] INFO  node.SCMNodeManager (SCMNodeManager.java:register(266)) - Registered Data node : ece71e89-09ce-4721-bc39-9e7097bbf4e8{ip: 192.168.36.76, host: trunk-nightly-20190910-vk757-903364635, networkLocation: /default-rack, certSerialId: null}
2019-09-10 05:35:26,645 [pool-629-thread-1] INFO  storage.RaftStorage (RaftStorage.java:format(72)) - Storage directory /workdir/hadoop-ozone/integration-test/target/test-dir/MiniOzoneClusterImpl-57336a7d-2d72-4251-b84b-f30cd33fc333/datanode-4/data/ratis/605bd567-9419-44a4-a16d-8ee0600724d6 has been successfully formatted.
2019-09-10 05:35:26,645 [pool-629-thread-1] INFO  ratis.ContainerStateMachine (ContainerStateMachine.java:loadSnapshot(230)) - group-8EE0600724D6: The snapshot info is null. Setting the last applied indexto:(t:0, i:~)
2019-09-10 05:35:26,645 [pool-629-thread-1] INFO  server.RaftServerConfigKeys (ConfUtils.java:logGet(43)) - raft.server.notification.no-leader.timeout = 120s (custom)
2019-09-10 05:35:26,645 [pool-629-thread-1] INFO  server.RaftServerConfigKeys (ConfUtils.java:logGet(43)) - raft.server.log.use.memory = false (default)
2019-09-10 05:35:26,646 [pool-629-thread-1] INFO  server.RaftServerConfigKeys (ConfUtils.java:logGet(43)) - raft.server.log.purge.gap = 1000000 (custom)
2019-09-10 05:35:26,646 [pool-629-thread-1] INFO  server.RaftServerConfigKeys (ConfUtils.java:logGet(43)) - raft.server.log.appender.buffer.byte-limit = 33554432 (custom)
2019-09-10 05:35:26,646 [pool-629-thread-1] INFO  server.RaftServerConfigKeys (ConfUtils.java:logGet(43)) - raft.server.log.segment.size.max = 1048576 (custom)
2019-09-10 05:35:26,646 [pool-629-thread-1] INFO  server.RaftServerConfigKeys (ConfUtils.java:logGet(43)) - raft.server.log.segment.cache.num.max = 2 (custom)
2019-09-10 05:35:26,646 [pool-629-thread-1] INFO  segmented.SegmentedRaftLogWorker (SegmentedRaftLogWorker.java:<init>(172)) - new 7ffb1f47-f84a-45ee-8f65-039bc0f66923@group-8EE0600724D6-SegmentedRaftLogWorker for RaftStorage:Storage Directory /workdir/hadoop-ozone/integration-test/target/test-dir/MiniOzoneClusterImpl-57336a7d-2d72-4251-b84b-f30cd33fc333/datanode-4/data/ratis/605bd567-9419-44a4-a16d-8ee0600724d6
2019-09-10 05:35:26,648 [pool-629-thread-1] INFO  server.RaftServerConfigKeys (ConfUtils.java:logGet(43)) - raft.server.log.queue.byte-limit = 2147483647 (custom)
2019-09-10 05:35:26,649 [pool-629-thread-1] INFO  server.RaftServerConfigKeys (ConfUtils.java:logGet(43)) - raft.server.log.queue.element-limit = 1024 (custom)
2019-09-10 05:35:26,649 [pool-629-thread-1] INFO  server.RaftServerConfigKeys (ConfUtils.java:logGet(43)) - raft.server.log.segment.size.max = 1048576 (custom)
2019-09-10 05:35:26,649 [pool-629-thread-1] INFO  server.RaftServerConfigKeys (ConfUtils.java:logGet(43)) - raft.server.log.preallocated.size = 16384 (custom)
2019-09-10 05:35:26,649 [pool-629-thread-1] INFO  server.RaftServerConfigKeys (ConfUtils.java:logGet(43)) - raft.server.log.write.buffer.size = 33554432 (custom)
2019-09-10 05:35:26,649 [pool-629-thread-1] INFO  server.RaftServerConfigKeys (ConfUtils.java:logGet(43)) - raft.server.log.force.sync.num = 128 (default)
2019-09-10 05:35:26,649 [pool-629-thread-1] INFO  server.RaftServerConfigKeys (ConfUtils.java:logGet(43)) - raft.server.log.statemachine.data.sync = true (default)
2019-09-10 05:35:26,650 [pool-629-thread-1] INFO  server.RaftServerConfigKeys (ConfUtils.java:logGet(43)) - raft.server.log.statemachine.data.sync.timeout = 10s (default)
2019-09-10 05:35:26,650 [pool-629-thread-1] INFO  server.RaftServerConfigKeys (ConfUtils.java:logGet(43)) - raft.server.log.statemachine.data.sync.timeout.retry = -1 (default)
2019-09-10 05:35:26,650 [pool-629-thread-1] INFO  server.RaftServerConfigKeys (ConfUtils.java:logGet(43)) - raft.server.log.statemachine.data.caching.enabled = true (custom)
2019-09-10 05:35:26,650 [pool-629-thread-1] INFO  segmented.SegmentedRaftLogWorker (SegmentedRaftLogWorker.java:lambda$new$0(132)) - 7ffb1f47-f84a-45ee-8f65-039bc0f66923@group-8EE0600724D6-SegmentedRaftLogWorker: flushIndex: setUnconditionally 0 -> -1
2019-09-10 05:35:26,651 [pool-629-thread-1] INFO  server.RaftServerConfigKeys (ConfUtils.java:logGet(43)) - raft.server.snapshot.auto.trigger.enabled = true (custom)
2019-09-10 05:35:26,651 [pool-629-thread-1] INFO  server.RaftServerConfigKeys (ConfUtils.java:logGet(43)) - raft.server.snapshot.auto.trigger.threshold = 10000 (custom)
2019-09-10 05:35:26,651 [pool-629-thread-1] INFO  server.RaftServerConfigKeys (ConfUtils.java:logGet(43)) - raft.server.snapshot.retention.num.files = -1 (default)
2019-09-10 05:35:26,651 [pool-629-thread-1] INFO  server.RaftServerConfigKeys (ConfUtils.java:logGet(43)) - raft.server.retrycache.expirytime = 600000ms (custom)
2019-09-10 05:35:26,653 [pool-629-thread-1] INFO  impl.RaftServerImpl (RaftServerImpl.java:start(185)) - 7ffb1f47-f84a-45ee-8f65-039bc0f66923@group-8EE0600724D6: start as a follower, conf=-1: [7ffb1f47-f84a-45ee-8f65-039bc0f66923:192.168.36.76:38017], old=null
2019-09-10 05:35:26,653 [pool-629-thread-1] INFO  impl.RaftServerImpl (RaftServerImpl.java:setRole(174)) - 7ffb1f47-f84a-45ee-8f65-039bc0f66923@group-8EE0600724D6: changes role from      null to FOLLOWER at term 0 for startAsFollower
2019-09-10 05:35:26,653 [pool-629-thread-1] INFO  impl.RoleInfo (RoleInfo.java:updateAndGet(143)) - 7ffb1f47-f84a-45ee-8f65-039bc0f66923: start FollowerState
2019-09-10 05:35:26,654 [pool-629-thread-1] INFO  util.JmxRegister (JmxRegister.java:tryRegister(44)) - Successfully registered JMX Bean with object name Ratis:service=RaftServer,group=group-8EE0600724D6,id=7ffb1f47-f84a-45ee-8f65-039bc0f66923
2019-09-10 05:35:26,656 [RatisPipelineUtilsThread] INFO  pipeline.PipelineStateManager (PipelineStateManager.java:addPipeline(56)) - Created pipeline Pipeline[ Id: 605bd567-9419-44a4-a16d-8ee0600724d6, Nodes: 7ffb1f47-f84a-45ee-8f65-039bc0f66923{ip: 192.168.36.76, host: trunk-nightly-20190910-vk757-903364635, networkLocation: /default-rack, certSerialId: null}, Type:RATIS, Factor:ONE, State:OPEN]
2019-09-10 05:35:26,663 [grpc-default-executor-3] INFO  impl.RaftServerProxy (RaftServerProxy.java:addNew(89)) - ece71e89-09ce-4721-bc39-9e7097bbf4e8: addNew group-E814967DDB6F:[ece71e89-09ce-4721-bc39-9e7097bbf4e8:192.168.36.76:43006] returns group-E814967DDB6F:java.util.concurrent.CompletableFuture@38b9d106[Not completed]
2019-09-10 05:35:26,665 [pool-639-thread-1] INFO  impl.RaftServerImpl (RaftServerImpl.java:<init>(95)) - ece71e89-09ce-4721-bc39-9e7097bbf4e8: new RaftServerImpl for group-E814967DDB6F:[ece71e89-09ce-4721-bc39-9e7097bbf4e8:192.168.36.76:43006] with ContainerStateMachine:uninitialized
2019-09-10 05:35:26,665 [pool-639-thread-1] INFO  server.RaftServerConfigKeys (ConfUtils.java:logGet(43)) - raft.server.rpc.timeout.min = 5s (custom)
2019-09-10 05:35:26,665 [pool-639-thread-1] INFO  server.RaftServerConfigKeys (ConfUtils.java:logGet(43)) - raft.server.rpc.timeout.max = 5200ms (custom)
2019-09-10 05:35:26,665 [pool-639-thread-1] INFO  server.RaftServerConfigKeys (ConfUtils.java:logGet(43)) - raft.server.rpcslowness.timeout = 120s (custom)
2019-09-10 05:35:26,665 [pool-639-thread-1] INFO  server.RaftServerConfigKeys (ConfUtils.java:logGet(43)) - raft.server.sleep.deviation.threshold = 300 (default)
2019-09-10 05:35:26,665 [pool-639-thread-1] INFO  server.RaftServerConfigKeys (ConfUtils.java:logGet(43)) - raft.server.log.appender.install.snapshot.enabled = false (custom)
2019-09-10 05:35:26,665 [pool-639-thread-1] INFO  impl.RaftServerImpl (ServerState.java:<init>(103)) - ece71e89-09ce-4721-bc39-9e7097bbf4e8@group-E814967DDB6F: ConfigurationManager, init=-1: [ece71e89-09ce-4721-bc39-9e7097bbf4e8:192.168.36.76:43006], old=null, confs=<EMPTY_MAP>
2019-09-10 05:35:26,666 [pool-639-thread-1] INFO  server.RaftServerConfigKeys (ConfUtils.java:logGet(43)) - raft.server.storage.dir = [/workdir/hadoop-ozone/integration-test/target/test-dir/MiniOzoneClusterImpl-57336a7d-2d72-4251-b84b-f30cd33fc333/datanode-5/data/ratis] (custom)
2019-09-10 05:35:26,666 [pool-639-thread-1] INFO  storage.RaftStorageDirectory (RaftStorageDirectory.java:analyzeStorage(246)) - The storage directory /workdir/hadoop-ozone/integration-test/target/test-dir/MiniOzoneClusterImpl-57336a7d-2d72-4251-b84b-f30cd33fc333/datanode-5/data/ratis/ba68f029-427d-430a-bcd7-e814967ddb6f does not exist. Creating ...
2019-09-10 05:35:26,673 [IPC Server handler 7 on 41035] INFO  net.NetworkTopology (NetworkTopologyImpl.java:add(110)) - Added a new node: /default-rack/6e39a6b0-7c21-4c58-b01b-b05d763a4956
2019-09-10 05:35:26,674 [main] INFO  ozone.MiniOzoneClusterImpl (MiniOzoneClusterImpl.java:lambda$waitForClusterToBeReady$0(140)) - Cluster is ready. Got 7 of 7 DN Heartbeats.
2019-09-10 05:35:26,674 [IPC Server handler 7 on 41035] INFO  node.SCMNodeManager (SCMNodeManager.java:register(266)) - Registered Data node : 6e39a6b0-7c21-4c58-b01b-b05d763a4956{ip: 192.168.36.76, host: trunk-nightly-20190910-vk757-903364635, networkLocation: /default-rack, certSerialId: null}
2019-09-10 05:35:26,705 [main] INFO  rpc.RpcClient (RpcClient.java:createVolume(298)) - Creating Volume: testblockoutputstream, with jenkins1000 as owner.
2019-09-10 05:35:26,708 [IPC Server handler 1 on 39259] INFO  volume.OMVolumeCreateRequest (OMVolumeCreateRequest.java:validateAndUpdateCache(189)) - created volume:testblockoutputstream for user:jenkins1000
2019-09-10 05:35:26,713 [pool-639-thread-1] INFO  storage.RaftStorageDirectory (RaftStorageDirectory.java:tryLock(328)) - Lock on /workdir/hadoop-ozone/integration-test/target/test-dir/MiniOzoneClusterImpl-57336a7d-2d72-4251-b84b-f30cd33fc333/datanode-5/data/ratis/ba68f029-427d-430a-bcd7-e814967ddb6f/in_use.lock acquired by nodename 21943@trunk-nightly-20190910-vk757-903364635
2019-09-10 05:35:26,723 [main] INFO  rpc.RpcClient (RpcClient.java:createBucket(437)) - Creating Bucket: testblockoutputstream/testblockoutputstream, with Versioning false and Storage Type set to DISK and Encryption set to false 
2019-09-10 05:35:26,737 [pool-639-thread-1] INFO  storage.RaftStorage (RaftStorage.java:format(72)) - Storage directory /workdir/hadoop-ozone/integration-test/target/test-dir/MiniOzoneClusterImpl-57336a7d-2d72-4251-b84b-f30cd33fc333/datanode-5/data/ratis/ba68f029-427d-430a-bcd7-e814967ddb6f has been successfully formatted.
2019-09-10 05:35:26,738 [pool-639-thread-1] INFO  ratis.ContainerStateMachine (ContainerStateMachine.java:loadSnapshot(230)) - group-E814967DDB6F: The snapshot info is null. Setting the last applied indexto:(t:0, i:~)
2019-09-10 05:35:26,738 [pool-639-thread-1] INFO  server.RaftServerConfigKeys (ConfUtils.java:logGet(43)) - raft.server.notification.no-leader.timeout = 120s (custom)
2019-09-10 05:35:26,738 [pool-639-thread-1] INFO  server.RaftServerConfigKeys (ConfUtils.java:logGet(43)) - raft.server.log.use.memory = false (default)
2019-09-10 05:35:26,738 [pool-639-thread-1] INFO  server.RaftServerConfigKeys (ConfUtils.java:logGet(43)) - raft.server.log.purge.gap = 1000000 (custom)
2019-09-10 05:35:26,738 [pool-639-thread-1] INFO  server.RaftServerConfigKeys (ConfUtils.java:logGet(43)) - raft.server.log.appender.buffer.byte-limit = 33554432 (custom)
2019-09-10 05:35:26,738 [pool-639-thread-1] INFO  server.RaftServerConfigKeys (ConfUtils.java:logGet(43)) - raft.server.log.segment.size.max = 1048576 (custom)
2019-09-10 05:35:26,739 [pool-639-thread-1] INFO  server.RaftServerConfigKeys (ConfUtils.java:logGet(43)) - raft.server.log.segment.cache.num.max = 2 (custom)
2019-09-10 05:35:26,739 [pool-639-thread-1] INFO  segmented.SegmentedRaftLogWorker (SegmentedRaftLogWorker.java:<init>(172)) - new ece71e89-09ce-4721-bc39-9e7097bbf4e8@group-E814967DDB6F-SegmentedRaftLogWorker for RaftStorage:Storage Directory /workdir/hadoop-ozone/integration-test/target/test-dir/MiniOzoneClusterImpl-57336a7d-2d72-4251-b84b-f30cd33fc333/datanode-5/data/ratis/ba68f029-427d-430a-bcd7-e814967ddb6f
2019-09-10 05:35:26,740 [pool-639-thread-1] INFO  server.RaftServerConfigKeys (ConfUtils.java:logGet(43)) - raft.server.log.queue.byte-limit = 2147483647 (custom)
2019-09-10 05:35:26,741 [pool-639-thread-1] INFO  server.RaftServerConfigKeys (ConfUtils.java:logGet(43)) - raft.server.log.queue.element-limit = 1024 (custom)
2019-09-10 05:35:26,741 [pool-639-thread-1] INFO  server.RaftServerConfigKeys (ConfUtils.java:logGet(43)) - raft.server.log.segment.size.max = 1048576 (custom)
2019-09-10 05:35:26,741 [pool-639-thread-1] INFO  server.RaftServerConfigKeys (ConfUtils.java:logGet(43)) - raft.server.log.preallocated.size = 16384 (custom)
2019-09-10 05:35:26,741 [pool-639-thread-1] INFO  server.RaftServerConfigKeys (ConfUtils.java:logGet(43)) - raft.server.log.write.buffer.size = 33554432 (custom)
2019-09-10 05:35:26,741 [pool-639-thread-1] INFO  server.RaftServerConfigKeys (ConfUtils.java:logGet(43)) - raft.server.log.force.sync.num = 128 (default)
2019-09-10 05:35:26,741 [pool-639-thread-1] INFO  server.RaftServerConfigKeys (ConfUtils.java:logGet(43)) - raft.server.log.statemachine.data.sync = true (default)
2019-09-10 05:35:26,741 [pool-639-thread-1] INFO  server.RaftServerConfigKeys (ConfUtils.java:logGet(43)) - raft.server.log.statemachine.data.sync.timeout = 10s (default)
2019-09-10 05:35:26,742 [pool-639-thread-1] INFO  server.RaftServerConfigKeys (ConfUtils.java:logGet(43)) - raft.server.log.statemachine.data.sync.timeout.retry = -1 (default)
2019-09-10 05:35:26,742 [pool-639-thread-1] INFO  server.RaftServerConfigKeys (ConfUtils.java:logGet(43)) - raft.server.log.statemachine.data.caching.enabled = true (custom)
2019-09-10 05:35:26,742 [pool-639-thread-1] INFO  segmented.SegmentedRaftLogWorker (SegmentedRaftLogWorker.java:lambda$new$0(132)) - ece71e89-09ce-4721-bc39-9e7097bbf4e8@group-E814967DDB6F-SegmentedRaftLogWorker: flushIndex: setUnconditionally 0 -> -1
2019-09-10 05:35:26,742 [pool-639-thread-1] INFO  server.RaftServerConfigKeys (ConfUtils.java:logGet(43)) - raft.server.snapshot.auto.trigger.enabled = true (custom)
2019-09-10 05:35:26,742 [pool-639-thread-1] INFO  server.RaftServerConfigKeys (ConfUtils.java:logGet(43)) - raft.server.snapshot.auto.trigger.threshold = 10000 (custom)
2019-09-10 05:35:26,743 [pool-639-thread-1] INFO  server.RaftServerConfigKeys (ConfUtils.java:logGet(43)) - raft.server.snapshot.retention.num.files = -1 (default)
2019-09-10 05:35:26,743 [pool-639-thread-1] INFO  server.RaftServerConfigKeys (ConfUtils.java:logGet(43)) - raft.server.retrycache.expirytime = 600000ms (custom)
2019-09-10 05:35:26,744 [pool-639-thread-1] INFO  impl.RaftServerImpl (RaftServerImpl.java:start(185)) - ece71e89-09ce-4721-bc39-9e7097bbf4e8@group-E814967DDB6F: start as a follower, conf=-1: [ece71e89-09ce-4721-bc39-9e7097bbf4e8:192.168.36.76:43006], old=null
2019-09-10 05:35:26,745 [pool-639-thread-1] INFO  impl.RaftServerImpl (RaftServerImpl.java:setRole(174)) - ece71e89-09ce-4721-bc39-9e7097bbf4e8@group-E814967DDB6F: changes role from      null to FOLLOWER at term 0 for startAsFollower
2019-09-10 05:35:26,745 [pool-639-thread-1] INFO  impl.RoleInfo (RoleInfo.java:updateAndGet(143)) - ece71e89-09ce-4721-bc39-9e7097bbf4e8: start FollowerState
2019-09-10 05:35:26,745 [pool-639-thread-1] INFO  util.JmxRegister (JmxRegister.java:tryRegister(44)) - Successfully registered JMX Bean with object name Ratis:service=RaftServer,group=group-E814967DDB6F,id=ece71e89-09ce-4721-bc39-9e7097bbf4e8
2019-09-10 05:35:26,747 [RatisPipelineUtilsThread] INFO  pipeline.PipelineStateManager (PipelineStateManager.java:addPipeline(56)) - Created pipeline Pipeline[ Id: ba68f029-427d-430a-bcd7-e814967ddb6f, Nodes: ece71e89-09ce-4721-bc39-9e7097bbf4e8{ip: 192.168.36.76, host: trunk-nightly-20190910-vk757-903364635, networkLocation: /default-rack, certSerialId: null}, Type:RATIS, Factor:ONE, State:OPEN]
2019-09-10 05:35:26,754 [grpc-default-executor-3] INFO  impl.RaftServerProxy (RaftServerProxy.java:addNew(89)) - 6e39a6b0-7c21-4c58-b01b-b05d763a4956: addNew group-13CAA85153C8:[6e39a6b0-7c21-4c58-b01b-b05d763a4956:192.168.36.76:44714] returns group-13CAA85153C8:java.util.concurrent.CompletableFuture@4a635dc4[Not completed]
2019-09-10 05:35:26,755 [pool-649-thread-1] INFO  impl.RaftServerImpl (RaftServerImpl.java:<init>(95)) - 6e39a6b0-7c21-4c58-b01b-b05d763a4956: new RaftServerImpl for group-13CAA85153C8:[6e39a6b0-7c21-4c58-b01b-b05d763a4956:192.168.36.76:44714] with ContainerStateMachine:uninitialized
2019-09-10 05:35:26,755 [pool-649-thread-1] INFO  server.RaftServerConfigKeys (ConfUtils.java:logGet(43)) - raft.server.rpc.timeout.min = 5s (custom)
2019-09-10 05:35:26,755 [pool-649-thread-1] INFO  server.RaftServerConfigKeys (ConfUtils.java:logGet(43)) - raft.server.rpc.timeout.max = 5200ms (custom)
2019-09-10 05:35:26,755 [pool-649-thread-1] INFO  server.RaftServerConfigKeys (ConfUtils.java:logGet(43)) - raft.server.rpcslowness.timeout = 120s (custom)
2019-09-10 05:35:26,756 [pool-649-thread-1] INFO  server.RaftServerConfigKeys (ConfUtils.java:logGet(43)) - raft.server.sleep.deviation.threshold = 300 (default)
2019-09-10 05:35:26,756 [pool-649-thread-1] INFO  server.RaftServerConfigKeys (ConfUtils.java:logGet(43)) - raft.server.log.appender.install.snapshot.enabled = false (custom)
2019-09-10 05:35:26,756 [pool-649-thread-1] INFO  impl.RaftServerImpl (ServerState.java:<init>(103)) - 6e39a6b0-7c21-4c58-b01b-b05d763a4956@group-13CAA85153C8: ConfigurationManager, init=-1: [6e39a6b0-7c21-4c58-b01b-b05d763a4956:192.168.36.76:44714], old=null, confs=<EMPTY_MAP>
2019-09-10 05:35:26,756 [pool-649-thread-1] INFO  server.RaftServerConfigKeys (ConfUtils.java:logGet(43)) - raft.server.storage.dir = [/workdir/hadoop-ozone/integration-test/target/test-dir/MiniOzoneClusterImpl-57336a7d-2d72-4251-b84b-f30cd33fc333/datanode-6/data/ratis] (custom)
2019-09-10 05:35:26,756 [pool-649-thread-1] INFO  storage.RaftStorageDirectory (RaftStorageDirectory.java:analyzeStorage(246)) - The storage directory /workdir/hadoop-ozone/integration-test/target/test-dir/MiniOzoneClusterImpl-57336a7d-2d72-4251-b84b-f30cd33fc333/datanode-6/data/ratis/a25ead9b-d09b-47d8-ba55-13caa85153c8 does not exist. Creating ...
2019-09-10 05:35:26,779 [pool-649-thread-1] INFO  storage.RaftStorageDirectory (RaftStorageDirectory.java:tryLock(328)) - Lock on /workdir/hadoop-ozone/integration-test/target/test-dir/MiniOzoneClusterImpl-57336a7d-2d72-4251-b84b-f30cd33fc333/datanode-6/data/ratis/a25ead9b-d09b-47d8-ba55-13caa85153c8/in_use.lock acquired by nodename 21943@trunk-nightly-20190910-vk757-903364635
2019-09-10 05:35:26,805 [pool-649-thread-1] INFO  storage.RaftStorage (RaftStorage.java:format(72)) - Storage directory /workdir/hadoop-ozone/integration-test/target/test-dir/MiniOzoneClusterImpl-57336a7d-2d72-4251-b84b-f30cd33fc333/datanode-6/data/ratis/a25ead9b-d09b-47d8-ba55-13caa85153c8 has been successfully formatted.
2019-09-10 05:35:26,805 [pool-649-thread-1] INFO  ratis.ContainerStateMachine (ContainerStateMachine.java:loadSnapshot(230)) - group-13CAA85153C8: The snapshot info is null. Setting the last applied indexto:(t:0, i:~)
2019-09-10 05:35:26,805 [pool-649-thread-1] INFO  server.RaftServerConfigKeys (ConfUtils.java:logGet(43)) - raft.server.notification.no-leader.timeout = 120s (custom)
2019-09-10 05:35:26,805 [pool-649-thread-1] INFO  server.RaftServerConfigKeys (ConfUtils.java:logGet(43)) - raft.server.log.use.memory = false (default)
2019-09-10 05:35:26,806 [pool-649-thread-1] INFO  server.RaftServerConfigKeys (ConfUtils.java:logGet(43)) - raft.server.log.purge.gap = 1000000 (custom)
2019-09-10 05:35:26,806 [pool-649-thread-1] INFO  server.RaftServerConfigKeys (ConfUtils.java:logGet(43)) - raft.server.log.appender.buffer.byte-limit = 33554432 (custom)
2019-09-10 05:35:26,806 [pool-649-thread-1] INFO  server.RaftServerConfigKeys (ConfUtils.java:logGet(43)) - raft.server.log.segment.size.max = 1048576 (custom)
2019-09-10 05:35:26,806 [pool-649-thread-1] INFO  server.RaftServerConfigKeys (ConfUtils.java:logGet(43)) - raft.server.log.segment.cache.num.max = 2 (custom)
2019-09-10 05:35:26,806 [pool-649-thread-1] INFO  segmented.SegmentedRaftLogWorker (SegmentedRaftLogWorker.java:<init>(172)) - new 6e39a6b0-7c21-4c58-b01b-b05d763a4956@group-13CAA85153C8-SegmentedRaftLogWorker for RaftStorage:Storage Directory /workdir/hadoop-ozone/integration-test/target/test-dir/MiniOzoneClusterImpl-57336a7d-2d72-4251-b84b-f30cd33fc333/datanode-6/data/ratis/a25ead9b-d09b-47d8-ba55-13caa85153c8
2019-09-10 05:35:26,808 [pool-649-thread-1] INFO  server.RaftServerConfigKeys (ConfUtils.java:logGet(43)) - raft.server.log.queue.byte-limit = 2147483647 (custom)
2019-09-10 05:35:26,808 [pool-649-thread-1] INFO  server.RaftServerConfigKeys (ConfUtils.java:logGet(43)) - raft.server.log.queue.element-limit = 1024 (custom)
2019-09-10 05:35:26,808 [pool-649-thread-1] INFO  server.RaftServerConfigKeys (ConfUtils.java:logGet(43)) - raft.server.log.segment.size.max = 1048576 (custom)
2019-09-10 05:35:26,808 [pool-649-thread-1] INFO  server.RaftServerConfigKeys (ConfUtils.java:logGet(43)) - raft.server.log.preallocated.size = 16384 (custom)
2019-09-10 05:35:26,809 [pool-649-thread-1] INFO  server.RaftServerConfigKeys (ConfUtils.java:logGet(43)) - raft.server.log.write.buffer.size = 33554432 (custom)
2019-09-10 05:35:26,809 [pool-649-thread-1] INFO  server.RaftServerConfigKeys (ConfUtils.java:logGet(43)) - raft.server.log.force.sync.num = 128 (default)
2019-09-10 05:35:26,809 [pool-649-thread-1] INFO  server.RaftServerConfigKeys (ConfUtils.java:logGet(43)) - raft.server.log.statemachine.data.sync = true (default)
2019-09-10 05:35:26,809 [pool-649-thread-1] INFO  server.RaftServerConfigKeys (ConfUtils.java:logGet(43)) - raft.server.log.statemachine.data.sync.timeout = 10s (default)
2019-09-10 05:35:26,809 [pool-649-thread-1] INFO  server.RaftServerConfigKeys (ConfUtils.java:logGet(43)) - raft.server.log.statemachine.data.sync.timeout.retry = -1 (default)
2019-09-10 05:35:26,809 [pool-649-thread-1] INFO  server.RaftServerConfigKeys (ConfUtils.java:logGet(43)) - raft.server.log.statemachine.data.caching.enabled = true (custom)
2019-09-10 05:35:26,810 [pool-649-thread-1] INFO  segmented.SegmentedRaftLogWorker (SegmentedRaftLogWorker.java:lambda$new$0(132)) - 6e39a6b0-7c21-4c58-b01b-b05d763a4956@group-13CAA85153C8-SegmentedRaftLogWorker: flushIndex: setUnconditionally 0 -> -1
2019-09-10 05:35:26,810 [pool-649-thread-1] INFO  server.RaftServerConfigKeys (ConfUtils.java:logGet(43)) - raft.server.snapshot.auto.trigger.enabled = true (custom)
2019-09-10 05:35:26,810 [pool-649-thread-1] INFO  server.RaftServerConfigKeys (ConfUtils.java:logGet(43)) - raft.server.snapshot.auto.trigger.threshold = 10000 (custom)
2019-09-10 05:35:26,810 [pool-649-thread-1] INFO  server.RaftServerConfigKeys (ConfUtils.java:logGet(43)) - raft.server.snapshot.retention.num.files = -1 (default)
2019-09-10 05:35:26,811 [pool-649-thread-1] INFO  server.RaftServerConfigKeys (ConfUtils.java:logGet(43)) - raft.server.retrycache.expirytime = 600000ms (custom)
2019-09-10 05:35:26,812 [pool-649-thread-1] INFO  impl.RaftServerImpl (RaftServerImpl.java:start(185)) - 6e39a6b0-7c21-4c58-b01b-b05d763a4956@group-13CAA85153C8: start as a follower, conf=-1: [6e39a6b0-7c21-4c58-b01b-b05d763a4956:192.168.36.76:44714], old=null
2019-09-10 05:35:26,813 [pool-649-thread-1] INFO  impl.RaftServerImpl (RaftServerImpl.java:setRole(174)) - 6e39a6b0-7c21-4c58-b01b-b05d763a4956@group-13CAA85153C8: changes role from      null to FOLLOWER at term 0 for startAsFollower
2019-09-10 05:35:26,813 [pool-649-thread-1] INFO  impl.RoleInfo (RoleInfo.java:updateAndGet(143)) - 6e39a6b0-7c21-4c58-b01b-b05d763a4956: start FollowerState
2019-09-10 05:35:26,826 [pool-649-thread-1] INFO  util.JmxRegister (JmxRegister.java:tryRegister(44)) - Successfully registered JMX Bean with object name Ratis:service=RaftServer,group=group-13CAA85153C8,id=6e39a6b0-7c21-4c58-b01b-b05d763a4956
2019-09-10 05:35:26,844 [RatisPipelineUtilsThread] INFO  pipeline.PipelineStateManager (PipelineStateManager.java:addPipeline(56)) - Created pipeline Pipeline[ Id: a25ead9b-d09b-47d8-ba55-13caa85153c8, Nodes: 6e39a6b0-7c21-4c58-b01b-b05d763a4956{ip: 192.168.36.76, host: trunk-nightly-20190910-vk757-903364635, networkLocation: /default-rack, certSerialId: null}, Type:RATIS, Factor:ONE, State:OPEN]
2019-09-10 05:35:26,858 [grpc-default-executor-0] INFO  impl.RaftServerProxy (RaftServerProxy.java:addNew(89)) - 7808bc08-8c64-492d-8125-4fa314b60c8b: addNew group-CC489457D0B6:[7ffb1f47-f84a-45ee-8f65-039bc0f66923:192.168.36.76:38017, b8edd47f-9a8a-4d8f-b9ea-91b185ba1497:192.168.36.76:33186, 7808bc08-8c64-492d-8125-4fa314b60c8b:192.168.36.76:38722] returns group-CC489457D0B6:java.util.concurrent.CompletableFuture@42198b47[Not completed]
2019-09-10 05:35:26,858 [grpc-default-executor-0] INFO  impl.RaftServerProxy (RaftServerProxy.java:addNew(89)) - 7ffb1f47-f84a-45ee-8f65-039bc0f66923: addNew group-CC489457D0B6:[7ffb1f47-f84a-45ee-8f65-039bc0f66923:192.168.36.76:38017, b8edd47f-9a8a-4d8f-b9ea-91b185ba1497:192.168.36.76:33186, 7808bc08-8c64-492d-8125-4fa314b60c8b:192.168.36.76:38722] returns group-CC489457D0B6:java.util.concurrent.CompletableFuture@27f0c401[Not completed]
2019-09-10 05:35:26,859 [grpc-default-executor-11] INFO  impl.RaftServerProxy (RaftServerProxy.java:addNew(89)) - b8edd47f-9a8a-4d8f-b9ea-91b185ba1497: addNew group-CC489457D0B6:[7ffb1f47-f84a-45ee-8f65-039bc0f66923:192.168.36.76:38017, b8edd47f-9a8a-4d8f-b9ea-91b185ba1497:192.168.36.76:33186, 7808bc08-8c64-492d-8125-4fa314b60c8b:192.168.36.76:38722] returns group-CC489457D0B6:java.util.concurrent.CompletableFuture@78fa9cf2[Not completed]
2019-09-10 05:35:26,859 [pool-619-thread-1] INFO  impl.RaftServerImpl (RaftServerImpl.java:<init>(95)) - 7808bc08-8c64-492d-8125-4fa314b60c8b: new RaftServerImpl for group-CC489457D0B6:[7ffb1f47-f84a-45ee-8f65-039bc0f66923:192.168.36.76:38017, b8edd47f-9a8a-4d8f-b9ea-91b185ba1497:192.168.36.76:33186, 7808bc08-8c64-492d-8125-4fa314b60c8b:192.168.36.76:38722] with ContainerStateMachine:uninitialized
2019-09-10 05:35:26,859 [pool-619-thread-1] INFO  server.RaftServerConfigKeys (ConfUtils.java:logGet(43)) - raft.server.rpc.timeout.min = 5s (custom)
2019-09-10 05:35:26,859 [pool-619-thread-1] INFO  server.RaftServerConfigKeys (ConfUtils.java:logGet(43)) - raft.server.rpc.timeout.max = 5200ms (custom)
2019-09-10 05:35:26,860 [pool-619-thread-1] INFO  server.RaftServerConfigKeys (ConfUtils.java:logGet(43)) - raft.server.rpcslowness.timeout = 120s (custom)
2019-09-10 05:35:26,860 [pool-619-thread-1] INFO  server.RaftServerConfigKeys (ConfUtils.java:logGet(43)) - raft.server.sleep.deviation.threshold = 300 (default)
2019-09-10 05:35:26,860 [pool-619-thread-1] INFO  server.RaftServerConfigKeys (ConfUtils.java:logGet(43)) - raft.server.log.appender.install.snapshot.enabled = false (custom)
2019-09-10 05:35:26,860 [pool-619-thread-1] INFO  impl.RaftServerImpl (ServerState.java:<init>(103)) - 7808bc08-8c64-492d-8125-4fa314b60c8b@group-CC489457D0B6: ConfigurationManager, init=-1: [7ffb1f47-f84a-45ee-8f65-039bc0f66923:192.168.36.76:38017, b8edd47f-9a8a-4d8f-b9ea-91b185ba1497:192.168.36.76:33186, 7808bc08-8c64-492d-8125-4fa314b60c8b:192.168.36.76:38722], old=null, confs=<EMPTY_MAP>
2019-09-10 05:35:26,860 [pool-629-thread-1] INFO  impl.RaftServerImpl (RaftServerImpl.java:<init>(95)) - 7ffb1f47-f84a-45ee-8f65-039bc0f66923: new RaftServerImpl for group-CC489457D0B6:[7ffb1f47-f84a-45ee-8f65-039bc0f66923:192.168.36.76:38017, b8edd47f-9a8a-4d8f-b9ea-91b185ba1497:192.168.36.76:33186, 7808bc08-8c64-492d-8125-4fa314b60c8b:192.168.36.76:38722] with ContainerStateMachine:uninitialized
2019-09-10 05:35:26,860 [pool-619-thread-1] INFO  server.RaftServerConfigKeys (ConfUtils.java:logGet(43)) - raft.server.storage.dir = [/workdir/hadoop-ozone/integration-test/target/test-dir/MiniOzoneClusterImpl-57336a7d-2d72-4251-b84b-f30cd33fc333/datanode-3/data/ratis] (custom)
2019-09-10 05:35:26,860 [pool-629-thread-1] INFO  server.RaftServerConfigKeys (ConfUtils.java:logGet(43)) - raft.server.rpc.timeout.min = 5s (custom)
2019-09-10 05:35:26,860 [pool-629-thread-1] INFO  server.RaftServerConfigKeys (ConfUtils.java:logGet(43)) - raft.server.rpc.timeout.max = 5200ms (custom)
2019-09-10 05:35:26,861 [pool-619-thread-1] INFO  storage.RaftStorageDirectory (RaftStorageDirectory.java:analyzeStorage(246)) - The storage directory /workdir/hadoop-ozone/integration-test/target/test-dir/MiniOzoneClusterImpl-57336a7d-2d72-4251-b84b-f30cd33fc333/datanode-3/data/ratis/2528d2e7-86be-4d5e-8d8b-cc489457d0b6 does not exist. Creating ...
2019-09-10 05:35:26,861 [pool-629-thread-1] INFO  server.RaftServerConfigKeys (ConfUtils.java:logGet(43)) - raft.server.rpcslowness.timeout = 120s (custom)
2019-09-10 05:35:26,861 [pool-609-thread-1] INFO  impl.RaftServerImpl (RaftServerImpl.java:<init>(95)) - b8edd47f-9a8a-4d8f-b9ea-91b185ba1497: new RaftServerImpl for group-CC489457D0B6:[7ffb1f47-f84a-45ee-8f65-039bc0f66923:192.168.36.76:38017, b8edd47f-9a8a-4d8f-b9ea-91b185ba1497:192.168.36.76:33186, 7808bc08-8c64-492d-8125-4fa314b60c8b:192.168.36.76:38722] with ContainerStateMachine:uninitialized
2019-09-10 05:35:26,861 [pool-629-thread-1] INFO  server.RaftServerConfigKeys (ConfUtils.java:logGet(43)) - raft.server.sleep.deviation.threshold = 300 (default)
2019-09-10 05:35:26,861 [pool-609-thread-1] INFO  server.RaftServerConfigKeys (ConfUtils.java:logGet(43)) - raft.server.rpc.timeout.min = 5s (custom)
2019-09-10 05:35:26,861 [pool-629-thread-1] INFO  server.RaftServerConfigKeys (ConfUtils.java:logGet(43)) - raft.server.log.appender.install.snapshot.enabled = false (custom)
2019-09-10 05:35:26,861 [pool-609-thread-1] INFO  server.RaftServerConfigKeys (ConfUtils.java:logGet(43)) - raft.server.rpc.timeout.max = 5200ms (custom)
2019-09-10 05:35:26,862 [pool-629-thread-1] INFO  impl.RaftServerImpl (ServerState.java:<init>(103)) - 7ffb1f47-f84a-45ee-8f65-039bc0f66923@group-CC489457D0B6: ConfigurationManager, init=-1: [7ffb1f47-f84a-45ee-8f65-039bc0f66923:192.168.36.76:38017, b8edd47f-9a8a-4d8f-b9ea-91b185ba1497:192.168.36.76:33186, 7808bc08-8c64-492d-8125-4fa314b60c8b:192.168.36.76:38722], old=null, confs=<EMPTY_MAP>
2019-09-10 05:35:26,862 [pool-609-thread-1] INFO  server.RaftServerConfigKeys (ConfUtils.java:logGet(43)) - raft.server.rpcslowness.timeout = 120s (custom)
2019-09-10 05:35:26,862 [pool-629-thread-1] INFO  server.RaftServerConfigKeys (ConfUtils.java:logGet(43)) - raft.server.storage.dir = [/workdir/hadoop-ozone/integration-test/target/test-dir/MiniOzoneClusterImpl-57336a7d-2d72-4251-b84b-f30cd33fc333/datanode-4/data/ratis] (custom)
2019-09-10 05:35:26,862 [pool-609-thread-1] INFO  server.RaftServerConfigKeys (ConfUtils.java:logGet(43)) - raft.server.sleep.deviation.threshold = 300 (default)
2019-09-10 05:35:26,862 [pool-609-thread-1] INFO  server.RaftServerConfigKeys (ConfUtils.java:logGet(43)) - raft.server.log.appender.install.snapshot.enabled = false (custom)
2019-09-10 05:35:26,862 [pool-629-thread-1] INFO  storage.RaftStorageDirectory (RaftStorageDirectory.java:analyzeStorage(246)) - The storage directory /workdir/hadoop-ozone/integration-test/target/test-dir/MiniOzoneClusterImpl-57336a7d-2d72-4251-b84b-f30cd33fc333/datanode-4/data/ratis/2528d2e7-86be-4d5e-8d8b-cc489457d0b6 does not exist. Creating ...
2019-09-10 05:35:26,862 [pool-609-thread-1] INFO  impl.RaftServerImpl (ServerState.java:<init>(103)) - b8edd47f-9a8a-4d8f-b9ea-91b185ba1497@group-CC489457D0B6: ConfigurationManager, init=-1: [7ffb1f47-f84a-45ee-8f65-039bc0f66923:192.168.36.76:38017, b8edd47f-9a8a-4d8f-b9ea-91b185ba1497:192.168.36.76:33186, 7808bc08-8c64-492d-8125-4fa314b60c8b:192.168.36.76:38722], old=null, confs=<EMPTY_MAP>
2019-09-10 05:35:26,863 [pool-609-thread-1] INFO  server.RaftServerConfigKeys (ConfUtils.java:logGet(43)) - raft.server.storage.dir = [/workdir/hadoop-ozone/integration-test/target/test-dir/MiniOzoneClusterImpl-57336a7d-2d72-4251-b84b-f30cd33fc333/datanode-2/data/ratis] (custom)
2019-09-10 05:35:26,863 [pool-609-thread-1] INFO  storage.RaftStorageDirectory (RaftStorageDirectory.java:analyzeStorage(246)) - The storage directory /workdir/hadoop-ozone/integration-test/target/test-dir/MiniOzoneClusterImpl-57336a7d-2d72-4251-b84b-f30cd33fc333/datanode-2/data/ratis/2528d2e7-86be-4d5e-8d8b-cc489457d0b6 does not exist. Creating ...
2019-09-10 05:35:26,876 [pool-619-thread-1] INFO  storage.RaftStorageDirectory (RaftStorageDirectory.java:tryLock(328)) - Lock on /workdir/hadoop-ozone/integration-test/target/test-dir/MiniOzoneClusterImpl-57336a7d-2d72-4251-b84b-f30cd33fc333/datanode-3/data/ratis/2528d2e7-86be-4d5e-8d8b-cc489457d0b6/in_use.lock acquired by nodename 21943@trunk-nightly-20190910-vk757-903364635
2019-09-10 05:35:26,876 [pool-609-thread-1] INFO  storage.RaftStorageDirectory (RaftStorageDirectory.java:tryLock(328)) - Lock on /workdir/hadoop-ozone/integration-test/target/test-dir/MiniOzoneClusterImpl-57336a7d-2d72-4251-b84b-f30cd33fc333/datanode-2/data/ratis/2528d2e7-86be-4d5e-8d8b-cc489457d0b6/in_use.lock acquired by nodename 21943@trunk-nightly-20190910-vk757-903364635
2019-09-10 05:35:26,876 [pool-629-thread-1] INFO  storage.RaftStorageDirectory (RaftStorageDirectory.java:tryLock(328)) - Lock on /workdir/hadoop-ozone/integration-test/target/test-dir/MiniOzoneClusterImpl-57336a7d-2d72-4251-b84b-f30cd33fc333/datanode-4/data/ratis/2528d2e7-86be-4d5e-8d8b-cc489457d0b6/in_use.lock acquired by nodename 21943@trunk-nightly-20190910-vk757-903364635
2019-09-10 05:35:26,893 [pool-629-thread-1] INFO  storage.RaftStorage (RaftStorage.java:format(72)) - Storage directory /workdir/hadoop-ozone/integration-test/target/test-dir/MiniOzoneClusterImpl-57336a7d-2d72-4251-b84b-f30cd33fc333/datanode-4/data/ratis/2528d2e7-86be-4d5e-8d8b-cc489457d0b6 has been successfully formatted.
2019-09-10 05:35:26,894 [pool-609-thread-1] INFO  storage.RaftStorage (RaftStorage.java:format(72)) - Storage directory /workdir/hadoop-ozone/integration-test/target/test-dir/MiniOzoneClusterImpl-57336a7d-2d72-4251-b84b-f30cd33fc333/datanode-2/data/ratis/2528d2e7-86be-4d5e-8d8b-cc489457d0b6 has been successfully formatted.
2019-09-10 05:35:26,894 [pool-619-thread-1] INFO  storage.RaftStorage (RaftStorage.java:format(72)) - Storage directory /workdir/hadoop-ozone/integration-test/target/test-dir/MiniOzoneClusterImpl-57336a7d-2d72-4251-b84b-f30cd33fc333/datanode-3/data/ratis/2528d2e7-86be-4d5e-8d8b-cc489457d0b6 has been successfully formatted.
2019-09-10 05:35:26,894 [pool-609-thread-1] INFO  ratis.ContainerStateMachine (ContainerStateMachine.java:loadSnapshot(230)) - group-CC489457D0B6: The snapshot info is null. Setting the last applied indexto:(t:0, i:~)
2019-09-10 05:35:26,894 [pool-629-thread-1] INFO  ratis.ContainerStateMachine (ContainerStateMachine.java:loadSnapshot(230)) - group-CC489457D0B6: The snapshot info is null. Setting the last applied indexto:(t:0, i:~)
2019-09-10 05:35:26,894 [pool-609-thread-1] INFO  server.RaftServerConfigKeys (ConfUtils.java:logGet(43)) - raft.server.notification.no-leader.timeout = 120s (custom)
2019-09-10 05:35:26,894 [pool-619-thread-1] INFO  ratis.ContainerStateMachine (ContainerStateMachine.java:loadSnapshot(230)) - group-CC489457D0B6: The snapshot info is null. Setting the last applied indexto:(t:0, i:~)
2019-09-10 05:35:26,894 [pool-609-thread-1] INFO  server.RaftServerConfigKeys (ConfUtils.java:logGet(43)) - raft.server.log.use.memory = false (default)
2019-09-10 05:35:26,894 [pool-629-thread-1] INFO  server.RaftServerConfigKeys (ConfUtils.java:logGet(43)) - raft.server.notification.no-leader.timeout = 120s (custom)
2019-09-10 05:35:26,895 [pool-609-thread-1] INFO  server.RaftServerConfigKeys (ConfUtils.java:logGet(43)) - raft.server.log.purge.gap = 1000000 (custom)
2019-09-10 05:35:26,895 [pool-619-thread-1] INFO  server.RaftServerConfigKeys (ConfUtils.java:logGet(43)) - raft.server.notification.no-leader.timeout = 120s (custom)
2019-09-10 05:35:26,895 [pool-609-thread-1] INFO  server.RaftServerConfigKeys (ConfUtils.java:logGet(43)) - raft.server.log.appender.buffer.byte-limit = 33554432 (custom)
2019-09-10 05:35:26,895 [pool-629-thread-1] INFO  server.RaftServerConfigKeys (ConfUtils.java:logGet(43)) - raft.server.log.use.memory = false (default)
2019-09-10 05:35:26,895 [pool-609-thread-1] INFO  server.RaftServerConfigKeys (ConfUtils.java:logGet(43)) - raft.server.log.segment.size.max = 1048576 (custom)
2019-09-10 05:35:26,895 [pool-619-thread-1] INFO  server.RaftServerConfigKeys (ConfUtils.java:logGet(43)) - raft.server.log.use.memory = false (default)
2019-09-10 05:35:26,895 [pool-609-thread-1] INFO  server.RaftServerConfigKeys (ConfUtils.java:logGet(43)) - raft.server.log.segment.cache.num.max = 2 (custom)
2019-09-10 05:35:26,895 [pool-629-thread-1] INFO  server.RaftServerConfigKeys (ConfUtils.java:logGet(43)) - raft.server.log.purge.gap = 1000000 (custom)
2019-09-10 05:35:26,896 [pool-609-thread-1] INFO  segmented.SegmentedRaftLogWorker (SegmentedRaftLogWorker.java:<init>(172)) - new b8edd47f-9a8a-4d8f-b9ea-91b185ba1497@group-CC489457D0B6-SegmentedRaftLogWorker for RaftStorage:Storage Directory /workdir/hadoop-ozone/integration-test/target/test-dir/MiniOzoneClusterImpl-57336a7d-2d72-4251-b84b-f30cd33fc333/datanode-2/data/ratis/2528d2e7-86be-4d5e-8d8b-cc489457d0b6
2019-09-10 05:35:26,896 [pool-619-thread-1] INFO  server.RaftServerConfigKeys (ConfUtils.java:logGet(43)) - raft.server.log.purge.gap = 1000000 (custom)
2019-09-10 05:35:26,896 [pool-609-thread-1] INFO  server.RaftServerConfigKeys (ConfUtils.java:logGet(43)) - raft.server.log.queue.byte-limit = 2147483647 (custom)
2019-09-10 05:35:26,896 [pool-629-thread-1] INFO  server.RaftServerConfigKeys (ConfUtils.java:logGet(43)) - raft.server.log.appender.buffer.byte-limit = 33554432 (custom)
2019-09-10 05:35:26,896 [pool-609-thread-1] INFO  server.RaftServerConfigKeys (ConfUtils.java:logGet(43)) - raft.server.log.queue.element-limit = 1024 (custom)
2019-09-10 05:35:26,896 [pool-619-thread-1] INFO  server.RaftServerConfigKeys (ConfUtils.java:logGet(43)) - raft.server.log.appender.buffer.byte-limit = 33554432 (custom)
2019-09-10 05:35:26,897 [pool-609-thread-1] INFO  server.RaftServerConfigKeys (ConfUtils.java:logGet(43)) - raft.server.log.segment.size.max = 1048576 (custom)
2019-09-10 05:35:26,897 [pool-609-thread-1] INFO  server.RaftServerConfigKeys (ConfUtils.java:logGet(43)) - raft.server.log.preallocated.size = 16384 (custom)
2019-09-10 05:35:26,896 [pool-629-thread-1] INFO  server.RaftServerConfigKeys (ConfUtils.java:logGet(43)) - raft.server.log.segment.size.max = 1048576 (custom)
2019-09-10 05:35:26,897 [pool-609-thread-1] INFO  server.RaftServerConfigKeys (ConfUtils.java:logGet(43)) - raft.server.log.write.buffer.size = 33554432 (custom)
2019-09-10 05:35:26,897 [pool-619-thread-1] INFO  server.RaftServerConfigKeys (ConfUtils.java:logGet(43)) - raft.server.log.segment.size.max = 1048576 (custom)
2019-09-10 05:35:26,897 [pool-609-thread-1] INFO  server.RaftServerConfigKeys (ConfUtils.java:logGet(43)) - raft.server.log.force.sync.num = 128 (default)
2019-09-10 05:35:26,897 [pool-629-thread-1] INFO  server.RaftServerConfigKeys (ConfUtils.java:logGet(43)) - raft.server.log.segment.cache.num.max = 2 (custom)
2019-09-10 05:35:26,898 [pool-609-thread-1] INFO  server.RaftServerConfigKeys (ConfUtils.java:logGet(43)) - raft.server.log.statemachine.data.sync = true (default)
2019-09-10 05:35:26,897 [pool-619-thread-1] INFO  server.RaftServerConfigKeys (ConfUtils.java:logGet(43)) - raft.server.log.segment.cache.num.max = 2 (custom)
2019-09-10 05:35:26,898 [pool-609-thread-1] INFO  server.RaftServerConfigKeys (ConfUtils.java:logGet(43)) - raft.server.log.statemachine.data.sync.timeout = 10s (default)
2019-09-10 05:35:26,898 [pool-629-thread-1] INFO  segmented.SegmentedRaftLogWorker (SegmentedRaftLogWorker.java:<init>(172)) - new 7ffb1f47-f84a-45ee-8f65-039bc0f66923@group-CC489457D0B6-SegmentedRaftLogWorker for RaftStorage:Storage Directory /workdir/hadoop-ozone/integration-test/target/test-dir/MiniOzoneClusterImpl-57336a7d-2d72-4251-b84b-f30cd33fc333/datanode-4/data/ratis/2528d2e7-86be-4d5e-8d8b-cc489457d0b6
2019-09-10 05:35:26,898 [pool-609-thread-1] INFO  server.RaftServerConfigKeys (ConfUtils.java:logGet(43)) - raft.server.log.statemachine.data.sync.timeout.retry = -1 (default)
2019-09-10 05:35:26,898 [pool-619-thread-1] INFO  segmented.SegmentedRaftLogWorker (SegmentedRaftLogWorker.java:<init>(172)) - new 7808bc08-8c64-492d-8125-4fa314b60c8b@group-CC489457D0B6-SegmentedRaftLogWorker for RaftStorage:Storage Directory /workdir/hadoop-ozone/integration-test/target/test-dir/MiniOzoneClusterImpl-57336a7d-2d72-4251-b84b-f30cd33fc333/datanode-3/data/ratis/2528d2e7-86be-4d5e-8d8b-cc489457d0b6
2019-09-10 05:35:26,899 [pool-609-thread-1] INFO  server.RaftServerConfigKeys (ConfUtils.java:logGet(43)) - raft.server.log.statemachine.data.caching.enabled = true (custom)
2019-09-10 05:35:26,898 [pool-629-thread-1] INFO  server.RaftServerConfigKeys (ConfUtils.java:logGet(43)) - raft.server.log.queue.byte-limit = 2147483647 (custom)
2019-09-10 05:35:26,899 [pool-619-thread-1] INFO  server.RaftServerConfigKeys (ConfUtils.java:logGet(43)) - raft.server.log.queue.byte-limit = 2147483647 (custom)
2019-09-10 05:35:26,899 [pool-609-thread-1] INFO  segmented.SegmentedRaftLogWorker (SegmentedRaftLogWorker.java:lambda$new$0(132)) - b8edd47f-9a8a-4d8f-b9ea-91b185ba1497@group-CC489457D0B6-SegmentedRaftLogWorker: flushIndex: setUnconditionally 0 -> -1
2019-09-10 05:35:26,899 [pool-629-thread-1] INFO  server.RaftServerConfigKeys (ConfUtils.java:logGet(43)) - raft.server.log.queue.element-limit = 1024 (custom)
2019-09-10 05:35:26,899 [pool-619-thread-1] INFO  server.RaftServerConfigKeys (ConfUtils.java:logGet(43)) - raft.server.log.queue.element-limit = 1024 (custom)
2019-09-10 05:35:26,899 [pool-609-thread-1] INFO  server.RaftServerConfigKeys (ConfUtils.java:logGet(43)) - raft.server.snapshot.auto.trigger.enabled = true (custom)
2019-09-10 05:35:26,899 [pool-629-thread-1] INFO  server.RaftServerConfigKeys (ConfUtils.java:logGet(43)) - raft.server.log.segment.size.max = 1048576 (custom)
2019-09-10 05:35:26,900 [pool-609-thread-1] INFO  server.RaftServerConfigKeys (ConfUtils.java:logGet(43)) - raft.server.snapshot.auto.trigger.threshold = 10000 (custom)
2019-09-10 05:35:26,900 [pool-609-thread-1] INFO  server.RaftServerConfigKeys (ConfUtils.java:logGet(43)) - raft.server.snapshot.retention.num.files = -1 (default)
2019-09-10 05:35:26,899 [pool-619-thread-1] INFO  server.RaftServerConfigKeys (ConfUtils.java:logGet(43)) - raft.server.log.segment.size.max = 1048576 (custom)
2019-09-10 05:35:26,900 [pool-609-thread-1] INFO  server.RaftServerConfigKeys (ConfUtils.java:logGet(43)) - raft.server.retrycache.expirytime = 600000ms (custom)
2019-09-10 05:35:26,900 [pool-629-thread-1] INFO  server.RaftServerConfigKeys (ConfUtils.java:logGet(43)) - raft.server.log.preallocated.size = 16384 (custom)
2019-09-10 05:35:26,900 [pool-619-thread-1] INFO  server.RaftServerConfigKeys (ConfUtils.java:logGet(43)) - raft.server.log.preallocated.size = 16384 (custom)
2019-09-10 05:35:26,900 [pool-629-thread-1] INFO  server.RaftServerConfigKeys (ConfUtils.java:logGet(43)) - raft.server.log.write.buffer.size = 33554432 (custom)
2019-09-10 05:35:26,900 [pool-619-thread-1] INFO  server.RaftServerConfigKeys (ConfUtils.java:logGet(43)) - raft.server.log.write.buffer.size = 33554432 (custom)
2019-09-10 05:35:26,901 [pool-629-thread-1] INFO  server.RaftServerConfigKeys (ConfUtils.java:logGet(43)) - raft.server.log.force.sync.num = 128 (default)
2019-09-10 05:35:26,901 [pool-619-thread-1] INFO  server.RaftServerConfigKeys (ConfUtils.java:logGet(43)) - raft.server.log.force.sync.num = 128 (default)
2019-09-10 05:35:26,901 [pool-629-thread-1] INFO  server.RaftServerConfigKeys (ConfUtils.java:logGet(43)) - raft.server.log.statemachine.data.sync = true (default)
2019-09-10 05:35:26,901 [pool-619-thread-1] INFO  server.RaftServerConfigKeys (ConfUtils.java:logGet(43)) - raft.server.log.statemachine.data.sync = true (default)
2019-09-10 05:35:26,901 [pool-629-thread-1] INFO  server.RaftServerConfigKeys (ConfUtils.java:logGet(43)) - raft.server.log.statemachine.data.sync.timeout = 10s (default)
2019-09-10 05:35:26,901 [pool-619-thread-1] INFO  server.RaftServerConfigKeys (ConfUtils.java:logGet(43)) - raft.server.log.statemachine.data.sync.timeout = 10s (default)
2019-09-10 05:35:26,901 [pool-629-thread-1] INFO  server.RaftServerConfigKeys (ConfUtils.java:logGet(43)) - raft.server.log.statemachine.data.sync.timeout.retry = -1 (default)
2019-09-10 05:35:26,902 [pool-619-thread-1] INFO  server.RaftServerConfigKeys (ConfUtils.java:logGet(43)) - raft.server.log.statemachine.data.sync.timeout.retry = -1 (default)
2019-09-10 05:35:26,902 [pool-629-thread-1] INFO  server.RaftServerConfigKeys (ConfUtils.java:logGet(43)) - raft.server.log.statemachine.data.caching.enabled = true (custom)
2019-09-10 05:35:26,902 [pool-619-thread-1] INFO  server.RaftServerConfigKeys (ConfUtils.java:logGet(43)) - raft.server.log.statemachine.data.caching.enabled = true (custom)
2019-09-10 05:35:26,902 [pool-629-thread-1] INFO  segmented.SegmentedRaftLogWorker (SegmentedRaftLogWorker.java:lambda$new$0(132)) - 7ffb1f47-f84a-45ee-8f65-039bc0f66923@group-CC489457D0B6-SegmentedRaftLogWorker: flushIndex: setUnconditionally 0 -> -1
2019-09-10 05:35:26,902 [pool-609-thread-1] INFO  impl.RaftServerImpl (RaftServerImpl.java:start(185)) - b8edd47f-9a8a-4d8f-b9ea-91b185ba1497@group-CC489457D0B6: start as a follower, conf=-1: [7ffb1f47-f84a-45ee-8f65-039bc0f66923:192.168.36.76:38017, b8edd47f-9a8a-4d8f-b9ea-91b185ba1497:192.168.36.76:33186, 7808bc08-8c64-492d-8125-4fa314b60c8b:192.168.36.76:38722], old=null
2019-09-10 05:35:26,902 [pool-629-thread-1] INFO  server.RaftServerConfigKeys (ConfUtils.java:logGet(43)) - raft.server.snapshot.auto.trigger.enabled = true (custom)
2019-09-10 05:35:26,902 [pool-619-thread-1] INFO  segmented.SegmentedRaftLogWorker (SegmentedRaftLogWorker.java:lambda$new$0(132)) - 7808bc08-8c64-492d-8125-4fa314b60c8b@group-CC489457D0B6-SegmentedRaftLogWorker: flushIndex: setUnconditionally 0 -> -1
2019-09-10 05:35:26,902 [pool-629-thread-1] INFO  server.RaftServerConfigKeys (ConfUtils.java:logGet(43)) - raft.server.snapshot.auto.trigger.threshold = 10000 (custom)
2019-09-10 05:35:26,902 [pool-609-thread-1] INFO  impl.RaftServerImpl (RaftServerImpl.java:setRole(174)) - b8edd47f-9a8a-4d8f-b9ea-91b185ba1497@group-CC489457D0B6: changes role from      null to FOLLOWER at term 0 for startAsFollower
2019-09-10 05:35:26,903 [pool-619-thread-1] INFO  server.RaftServerConfigKeys (ConfUtils.java:logGet(43)) - raft.server.snapshot.auto.trigger.enabled = true (custom)
2019-09-10 05:35:26,903 [pool-629-thread-1] INFO  server.RaftServerConfigKeys (ConfUtils.java:logGet(43)) - raft.server.snapshot.retention.num.files = -1 (default)
2019-09-10 05:35:26,903 [pool-619-thread-1] INFO  server.RaftServerConfigKeys (ConfUtils.java:logGet(43)) - raft.server.snapshot.auto.trigger.threshold = 10000 (custom)
2019-09-10 05:35:26,903 [pool-609-thread-1] INFO  impl.RoleInfo (RoleInfo.java:updateAndGet(143)) - b8edd47f-9a8a-4d8f-b9ea-91b185ba1497: start FollowerState
2019-09-10 05:35:26,903 [pool-619-thread-1] INFO  server.RaftServerConfigKeys (ConfUtils.java:logGet(43)) - raft.server.snapshot.retention.num.files = -1 (default)
2019-09-10 05:35:26,903 [pool-629-thread-1] INFO  server.RaftServerConfigKeys (ConfUtils.java:logGet(43)) - raft.server.retrycache.expirytime = 600000ms (custom)
2019-09-10 05:35:26,904 [pool-619-thread-1] INFO  server.RaftServerConfigKeys (ConfUtils.java:logGet(43)) - raft.server.retrycache.expirytime = 600000ms (custom)
2019-09-10 05:35:26,904 [pool-609-thread-1] INFO  util.JmxRegister (JmxRegister.java:tryRegister(44)) - Successfully registered JMX Bean with object name Ratis:service=RaftServer,group=group-CC489457D0B6,id=b8edd47f-9a8a-4d8f-b9ea-91b185ba1497
2019-09-10 05:35:26,906 [pool-629-thread-1] INFO  impl.RaftServerImpl (RaftServerImpl.java:start(185)) - 7ffb1f47-f84a-45ee-8f65-039bc0f66923@group-CC489457D0B6: start as a follower, conf=-1: [7ffb1f47-f84a-45ee-8f65-039bc0f66923:192.168.36.76:38017, b8edd47f-9a8a-4d8f-b9ea-91b185ba1497:192.168.36.76:33186, 7808bc08-8c64-492d-8125-4fa314b60c8b:192.168.36.76:38722], old=null
2019-09-10 05:35:26,907 [pool-629-thread-1] INFO  impl.RaftServerImpl (RaftServerImpl.java:setRole(174)) - 7ffb1f47-f84a-45ee-8f65-039bc0f66923@group-CC489457D0B6: changes role from      null to FOLLOWER at term 0 for startAsFollower
2019-09-10 05:35:26,907 [pool-629-thread-1] INFO  impl.RoleInfo (RoleInfo.java:updateAndGet(143)) - 7ffb1f47-f84a-45ee-8f65-039bc0f66923: start FollowerState
2019-09-10 05:35:26,907 [pool-619-thread-1] INFO  impl.RaftServerImpl (RaftServerImpl.java:start(185)) - 7808bc08-8c64-492d-8125-4fa314b60c8b@group-CC489457D0B6: start as a follower, conf=-1: [7ffb1f47-f84a-45ee-8f65-039bc0f66923:192.168.36.76:38017, b8edd47f-9a8a-4d8f-b9ea-91b185ba1497:192.168.36.76:33186, 7808bc08-8c64-492d-8125-4fa314b60c8b:192.168.36.76:38722], old=null
2019-09-10 05:35:26,907 [pool-629-thread-1] INFO  util.JmxRegister (JmxRegister.java:tryRegister(44)) - Successfully registered JMX Bean with object name Ratis:service=RaftServer,group=group-CC489457D0B6,id=7ffb1f47-f84a-45ee-8f65-039bc0f66923
2019-09-10 05:35:26,907 [pool-619-thread-1] INFO  impl.RaftServerImpl (RaftServerImpl.java:setRole(174)) - 7808bc08-8c64-492d-8125-4fa314b60c8b@group-CC489457D0B6: changes role from      null to FOLLOWER at term 0 for startAsFollower
2019-09-10 05:35:26,907 [pool-619-thread-1] INFO  impl.RoleInfo (RoleInfo.java:updateAndGet(143)) - 7808bc08-8c64-492d-8125-4fa314b60c8b: start FollowerState
2019-09-10 05:35:26,908 [pool-619-thread-1] INFO  util.JmxRegister (JmxRegister.java:tryRegister(44)) - Successfully registered JMX Bean with object name Ratis:service=RaftServer,group=group-CC489457D0B6,id=7808bc08-8c64-492d-8125-4fa314b60c8b
2019-09-10 05:35:26,910 [RatisPipelineUtilsThread] INFO  pipeline.PipelineStateManager (PipelineStateManager.java:addPipeline(56)) - Created pipeline Pipeline[ Id: 2528d2e7-86be-4d5e-8d8b-cc489457d0b6, Nodes: b8edd47f-9a8a-4d8f-b9ea-91b185ba1497{ip: 192.168.36.76, host: trunk-nightly-20190910-vk757-903364635, networkLocation: /default-rack, certSerialId: null}7808bc08-8c64-492d-8125-4fa314b60c8b{ip: 192.168.36.76, host: trunk-nightly-20190910-vk757-903364635, networkLocation: /default-rack, certSerialId: null}7ffb1f47-f84a-45ee-8f65-039bc0f66923{ip: 192.168.36.76, host: trunk-nightly-20190910-vk757-903364635, networkLocation: /default-rack, certSerialId: null}, Type:RATIS, Factor:THREE, State:OPEN]
2019-09-10 05:35:26,928 [grpc-default-executor-0] INFO  impl.RaftServerProxy (RaftServerProxy.java:addNew(89)) - 09940887-b3de-422b-adff-478b86b01adb: addNew group-B6DB05E82C1A:[09940887-b3de-422b-adff-478b86b01adb:192.168.36.76:33140, 6e39a6b0-7c21-4c58-b01b-b05d763a4956:192.168.36.76:44714, b365e7c3-3384-4dda-bf54-3c9a5d02b5a0:192.168.36.76:44254] returns group-B6DB05E82C1A:java.util.concurrent.CompletableFuture@1ed08f7f[Not completed]
2019-09-10 05:35:26,928 [grpc-default-executor-3] INFO  impl.RaftServerProxy (RaftServerProxy.java:addNew(89)) - b365e7c3-3384-4dda-bf54-3c9a5d02b5a0: addNew group-B6DB05E82C1A:[09940887-b3de-422b-adff-478b86b01adb:192.168.36.76:33140, 6e39a6b0-7c21-4c58-b01b-b05d763a4956:192.168.36.76:44714, b365e7c3-3384-4dda-bf54-3c9a5d02b5a0:192.168.36.76:44254] returns group-B6DB05E82C1A:java.util.concurrent.CompletableFuture@129a2b5e[Not completed]
2019-09-10 05:35:26,929 [grpc-default-executor-11] INFO  impl.RaftServerProxy (RaftServerProxy.java:addNew(89)) - 6e39a6b0-7c21-4c58-b01b-b05d763a4956: addNew group-B6DB05E82C1A:[09940887-b3de-422b-adff-478b86b01adb:192.168.36.76:33140, 6e39a6b0-7c21-4c58-b01b-b05d763a4956:192.168.36.76:44714, b365e7c3-3384-4dda-bf54-3c9a5d02b5a0:192.168.36.76:44254] returns group-B6DB05E82C1A:java.util.concurrent.CompletableFuture@4948e192[Not completed]
2019-09-10 05:35:26,933 [pool-589-thread-1] INFO  impl.RaftServerImpl (RaftServerImpl.java:<init>(95)) - 09940887-b3de-422b-adff-478b86b01adb: new RaftServerImpl for group-B6DB05E82C1A:[09940887-b3de-422b-adff-478b86b01adb:192.168.36.76:33140, 6e39a6b0-7c21-4c58-b01b-b05d763a4956:192.168.36.76:44714, b365e7c3-3384-4dda-bf54-3c9a5d02b5a0:192.168.36.76:44254] with ContainerStateMachine:uninitialized
2019-09-10 05:35:26,933 [pool-589-thread-1] INFO  server.RaftServerConfigKeys (ConfUtils.java:logGet(43)) - raft.server.rpc.timeout.min = 5s (custom)
2019-09-10 05:35:26,933 [pool-589-thread-1] INFO  server.RaftServerConfigKeys (ConfUtils.java:logGet(43)) - raft.server.rpc.timeout.max = 5200ms (custom)
2019-09-10 05:35:26,933 [pool-589-thread-1] INFO  server.RaftServerConfigKeys (ConfUtils.java:logGet(43)) - raft.server.rpcslowness.timeout = 120s (custom)
2019-09-10 05:35:26,933 [pool-589-thread-1] INFO  server.RaftServerConfigKeys (ConfUtils.java:logGet(43)) - raft.server.sleep.deviation.threshold = 300 (default)
2019-09-10 05:35:26,933 [pool-589-thread-1] INFO  server.RaftServerConfigKeys (ConfUtils.java:logGet(43)) - raft.server.log.appender.install.snapshot.enabled = false (custom)
2019-09-10 05:35:26,933 [pool-589-thread-1] INFO  impl.RaftServerImpl (ServerState.java:<init>(103)) - 09940887-b3de-422b-adff-478b86b01adb@group-B6DB05E82C1A: ConfigurationManager, init=-1: [09940887-b3de-422b-adff-478b86b01adb:192.168.36.76:33140, 6e39a6b0-7c21-4c58-b01b-b05d763a4956:192.168.36.76:44714, b365e7c3-3384-4dda-bf54-3c9a5d02b5a0:192.168.36.76:44254], old=null, confs=<EMPTY_MAP>
2019-09-10 05:35:26,933 [pool-599-thread-1] INFO  impl.RaftServerImpl (RaftServerImpl.java:<init>(95)) - b365e7c3-3384-4dda-bf54-3c9a5d02b5a0: new RaftServerImpl for group-B6DB05E82C1A:[09940887-b3de-422b-adff-478b86b01adb:192.168.36.76:33140, 6e39a6b0-7c21-4c58-b01b-b05d763a4956:192.168.36.76:44714, b365e7c3-3384-4dda-bf54-3c9a5d02b5a0:192.168.36.76:44254] with ContainerStateMachine:uninitialized
2019-09-10 05:35:26,934 [pool-589-thread-1] INFO  server.RaftServerConfigKeys (ConfUtils.java:logGet(43)) - raft.server.storage.dir = [/workdir/hadoop-ozone/integration-test/target/test-dir/MiniOzoneClusterImpl-57336a7d-2d72-4251-b84b-f30cd33fc333/datanode-0/data/ratis] (custom)
2019-09-10 05:35:26,934 [pool-599-thread-1] INFO  server.RaftServerConfigKeys (ConfUtils.java:logGet(43)) - raft.server.rpc.timeout.min = 5s (custom)
2019-09-10 05:35:26,934 [pool-599-thread-1] INFO  server.RaftServerConfigKeys (ConfUtils.java:logGet(43)) - raft.server.rpc.timeout.max = 5200ms (custom)
2019-09-10 05:35:26,934 [pool-589-thread-1] INFO  storage.RaftStorageDirectory (RaftStorageDirectory.java:analyzeStorage(246)) - The storage directory /workdir/hadoop-ozone/integration-test/target/test-dir/MiniOzoneClusterImpl-57336a7d-2d72-4251-b84b-f30cd33fc333/datanode-0/data/ratis/dc99524c-3982-4956-b46c-b6db05e82c1a does not exist. Creating ...
2019-09-10 05:35:26,934 [pool-649-thread-1] INFO  impl.RaftServerImpl (RaftServerImpl.java:<init>(95)) - 6e39a6b0-7c21-4c58-b01b-b05d763a4956: new RaftServerImpl for group-B6DB05E82C1A:[09940887-b3de-422b-adff-478b86b01adb:192.168.36.76:33140, 6e39a6b0-7c21-4c58-b01b-b05d763a4956:192.168.36.76:44714, b365e7c3-3384-4dda-bf54-3c9a5d02b5a0:192.168.36.76:44254] with ContainerStateMachine:uninitialized
2019-09-10 05:35:26,934 [pool-599-thread-1] INFO  server.RaftServerConfigKeys (ConfUtils.java:logGet(43)) - raft.server.rpcslowness.timeout = 120s (custom)
2019-09-10 05:35:26,934 [pool-649-thread-1] INFO  server.RaftServerConfigKeys (ConfUtils.java:logGet(43)) - raft.server.rpc.timeout.min = 5s (custom)
2019-09-10 05:35:26,934 [pool-599-thread-1] INFO  server.RaftServerConfigKeys (ConfUtils.java:logGet(43)) - raft.server.sleep.deviation.threshold = 300 (default)
2019-09-10 05:35:26,935 [pool-649-thread-1] INFO  server.RaftServerConfigKeys (ConfUtils.java:logGet(43)) - raft.server.rpc.timeout.max = 5200ms (custom)
2019-09-10 05:35:26,935 [pool-599-thread-1] INFO  server.RaftServerConfigKeys (ConfUtils.java:logGet(43)) - raft.server.log.appender.install.snapshot.enabled = false (custom)
2019-09-10 05:35:26,935 [pool-649-thread-1] INFO  server.RaftServerConfigKeys (ConfUtils.java:logGet(43)) - raft.server.rpcslowness.timeout = 120s (custom)
2019-09-10 05:35:26,935 [pool-599-thread-1] INFO  impl.RaftServerImpl (ServerState.java:<init>(103)) - b365e7c3-3384-4dda-bf54-3c9a5d02b5a0@group-B6DB05E82C1A: ConfigurationManager, init=-1: [09940887-b3de-422b-adff-478b86b01adb:192.168.36.76:33140, 6e39a6b0-7c21-4c58-b01b-b05d763a4956:192.168.36.76:44714, b365e7c3-3384-4dda-bf54-3c9a5d02b5a0:192.168.36.76:44254], old=null, confs=<EMPTY_MAP>
2019-09-10 05:35:26,935 [pool-649-thread-1] INFO  server.RaftServerConfigKeys (ConfUtils.java:logGet(43)) - raft.server.sleep.deviation.threshold = 300 (default)
2019-09-10 05:35:26,935 [pool-599-thread-1] INFO  server.RaftServerConfigKeys (ConfUtils.java:logGet(43)) - raft.server.storage.dir = [/workdir/hadoop-ozone/integration-test/target/test-dir/MiniOzoneClusterImpl-57336a7d-2d72-4251-b84b-f30cd33fc333/datanode-1/data/ratis] (custom)
2019-09-10 05:35:26,935 [pool-649-thread-1] INFO  server.RaftServerConfigKeys (ConfUtils.java:logGet(43)) - raft.server.log.appender.install.snapshot.enabled = false (custom)
2019-09-10 05:35:26,936 [pool-649-thread-1] INFO  impl.RaftServerImpl (ServerState.java:<init>(103)) - 6e39a6b0-7c21-4c58-b01b-b05d763a4956@group-B6DB05E82C1A: ConfigurationManager, init=-1: [09940887-b3de-422b-adff-478b86b01adb:192.168.36.76:33140, 6e39a6b0-7c21-4c58-b01b-b05d763a4956:192.168.36.76:44714, b365e7c3-3384-4dda-bf54-3c9a5d02b5a0:192.168.36.76:44254], old=null, confs=<EMPTY_MAP>
2019-09-10 05:35:26,936 [pool-599-thread-1] INFO  storage.RaftStorageDirectory (RaftStorageDirectory.java:analyzeStorage(246)) - The storage directory /workdir/hadoop-ozone/integration-test/target/test-dir/MiniOzoneClusterImpl-57336a7d-2d72-4251-b84b-f30cd33fc333/datanode-1/data/ratis/dc99524c-3982-4956-b46c-b6db05e82c1a does not exist. Creating ...
2019-09-10 05:35:26,936 [pool-649-thread-1] INFO  server.RaftServerConfigKeys (ConfUtils.java:logGet(43)) - raft.server.storage.dir = [/workdir/hadoop-ozone/integration-test/target/test-dir/MiniOzoneClusterImpl-57336a7d-2d72-4251-b84b-f30cd33fc333/datanode-6/data/ratis] (custom)
2019-09-10 05:35:26,936 [pool-649-thread-1] INFO  storage.RaftStorageDirectory (RaftStorageDirectory.java:analyzeStorage(246)) - The storage directory /workdir/hadoop-ozone/integration-test/target/test-dir/MiniOzoneClusterImpl-57336a7d-2d72-4251-b84b-f30cd33fc333/datanode-6/data/ratis/dc99524c-3982-4956-b46c-b6db05e82c1a does not exist. Creating ...
2019-09-10 05:35:26,964 [pool-589-thread-1] INFO  storage.RaftStorageDirectory (RaftStorageDirectory.java:tryLock(328)) - Lock on /workdir/hadoop-ozone/integration-test/target/test-dir/MiniOzoneClusterImpl-57336a7d-2d72-4251-b84b-f30cd33fc333/datanode-0/data/ratis/dc99524c-3982-4956-b46c-b6db05e82c1a/in_use.lock acquired by nodename 21943@trunk-nightly-20190910-vk757-903364635
2019-09-10 05:35:26,964 [pool-649-thread-1] INFO  storage.RaftStorageDirectory (RaftStorageDirectory.java:tryLock(328)) - Lock on /workdir/hadoop-ozone/integration-test/target/test-dir/MiniOzoneClusterImpl-57336a7d-2d72-4251-b84b-f30cd33fc333/datanode-6/data/ratis/dc99524c-3982-4956-b46c-b6db05e82c1a/in_use.lock acquired by nodename 21943@trunk-nightly-20190910-vk757-903364635
2019-09-10 05:35:26,964 [pool-599-thread-1] INFO  storage.RaftStorageDirectory (RaftStorageDirectory.java:tryLock(328)) - Lock on /workdir/hadoop-ozone/integration-test/target/test-dir/MiniOzoneClusterImpl-57336a7d-2d72-4251-b84b-f30cd33fc333/datanode-1/data/ratis/dc99524c-3982-4956-b46c-b6db05e82c1a/in_use.lock acquired by nodename 21943@trunk-nightly-20190910-vk757-903364635
2019-09-10 05:35:26,978 [pool-599-thread-1] INFO  storage.RaftStorage (RaftStorage.java:format(72)) - Storage directory /workdir/hadoop-ozone/integration-test/target/test-dir/MiniOzoneClusterImpl-57336a7d-2d72-4251-b84b-f30cd33fc333/datanode-1/data/ratis/dc99524c-3982-4956-b46c-b6db05e82c1a has been successfully formatted.
2019-09-10 05:35:26,978 [pool-649-thread-1] INFO  storage.RaftStorage (RaftStorage.java:format(72)) - Storage directory /workdir/hadoop-ozone/integration-test/target/test-dir/MiniOzoneClusterImpl-57336a7d-2d72-4251-b84b-f30cd33fc333/datanode-6/data/ratis/dc99524c-3982-4956-b46c-b6db05e82c1a has been successfully formatted.
2019-09-10 05:35:26,978 [pool-589-thread-1] INFO  storage.RaftStorage (RaftStorage.java:format(72)) - Storage directory /workdir/hadoop-ozone/integration-test/target/test-dir/MiniOzoneClusterImpl-57336a7d-2d72-4251-b84b-f30cd33fc333/datanode-0/data/ratis/dc99524c-3982-4956-b46c-b6db05e82c1a has been successfully formatted.
2019-09-10 05:35:26,979 [pool-649-thread-1] INFO  ratis.ContainerStateMachine (ContainerStateMachine.java:loadSnapshot(230)) - group-B6DB05E82C1A: The snapshot info is null. Setting the last applied indexto:(t:0, i:~)
2019-09-10 05:35:26,978 [pool-599-thread-1] INFO  ratis.ContainerStateMachine (ContainerStateMachine.java:loadSnapshot(230)) - group-B6DB05E82C1A: The snapshot info is null. Setting the last applied indexto:(t:0, i:~)
2019-09-10 05:35:26,979 [pool-649-thread-1] INFO  server.RaftServerConfigKeys (ConfUtils.java:logGet(43)) - raft.server.notification.no-leader.timeout = 120s (custom)
2019-09-10 05:35:26,979 [pool-589-thread-1] INFO  ratis.ContainerStateMachine (ContainerStateMachine.java:loadSnapshot(230)) - group-B6DB05E82C1A: The snapshot info is null. Setting the last applied indexto:(t:0, i:~)
2019-09-10 05:35:26,979 [pool-649-thread-1] INFO  server.RaftServerConfigKeys (ConfUtils.java:logGet(43)) - raft.server.log.use.memory = false (default)
2019-09-10 05:35:26,979 [pool-599-thread-1] INFO  server.RaftServerConfigKeys (ConfUtils.java:logGet(43)) - raft.server.notification.no-leader.timeout = 120s (custom)
2019-09-10 05:35:26,979 [pool-649-thread-1] INFO  server.RaftServerConfigKeys (ConfUtils.java:logGet(43)) - raft.server.log.purge.gap = 1000000 (custom)
2019-09-10 05:35:26,979 [pool-589-thread-1] INFO  server.RaftServerConfigKeys (ConfUtils.java:logGet(43)) - raft.server.notification.no-leader.timeout = 120s (custom)
2019-09-10 05:35:26,980 [pool-649-thread-1] INFO  server.RaftServerConfigKeys (ConfUtils.java:logGet(43)) - raft.server.log.appender.buffer.byte-limit = 33554432 (custom)
2019-09-10 05:35:26,979 [pool-599-thread-1] INFO  server.RaftServerConfigKeys (ConfUtils.java:logGet(43)) - raft.server.log.use.memory = false (default)
2019-09-10 05:35:26,980 [pool-649-thread-1] INFO  server.RaftServerConfigKeys (ConfUtils.java:logGet(43)) - raft.server.log.segment.size.max = 1048576 (custom)
2019-09-10 05:35:26,980 [pool-589-thread-1] INFO  server.RaftServerConfigKeys (ConfUtils.java:logGet(43)) - raft.server.log.use.memory = false (default)
2019-09-10 05:35:26,980 [pool-649-thread-1] INFO  server.RaftServerConfigKeys (ConfUtils.java:logGet(43)) - raft.server.log.segment.cache.num.max = 2 (custom)
2019-09-10 05:35:26,980 [pool-599-thread-1] INFO  server.RaftServerConfigKeys (ConfUtils.java:logGet(43)) - raft.server.log.purge.gap = 1000000 (custom)
2019-09-10 05:35:26,981 [pool-649-thread-1] INFO  segmented.SegmentedRaftLogWorker (SegmentedRaftLogWorker.java:<init>(172)) - new 6e39a6b0-7c21-4c58-b01b-b05d763a4956@group-B6DB05E82C1A-SegmentedRaftLogWorker for RaftStorage:Storage Directory /workdir/hadoop-ozone/integration-test/target/test-dir/MiniOzoneClusterImpl-57336a7d-2d72-4251-b84b-f30cd33fc333/datanode-6/data/ratis/dc99524c-3982-4956-b46c-b6db05e82c1a
2019-09-10 05:35:26,980 [pool-589-thread-1] INFO  server.RaftServerConfigKeys (ConfUtils.java:logGet(43)) - raft.server.log.purge.gap = 1000000 (custom)
2019-09-10 05:35:26,981 [pool-649-thread-1] INFO  server.RaftServerConfigKeys (ConfUtils.java:logGet(43)) - raft.server.log.queue.byte-limit = 2147483647 (custom)
2019-09-10 05:35:26,981 [pool-599-thread-1] INFO  server.RaftServerConfigKeys (ConfUtils.java:logGet(43)) - raft.server.log.appender.buffer.byte-limit = 33554432 (custom)
2019-09-10 05:35:26,981 [pool-649-thread-1] INFO  server.RaftServerConfigKeys (ConfUtils.java:logGet(43)) - raft.server.log.queue.element-limit = 1024 (custom)
2019-09-10 05:35:26,981 [pool-589-thread-1] INFO  server.RaftServerConfigKeys (ConfUtils.java:logGet(43)) - raft.server.log.appender.buffer.byte-limit = 33554432 (custom)
2019-09-10 05:35:26,981 [pool-599-thread-1] INFO  server.RaftServerConfigKeys (ConfUtils.java:logGet(43)) - raft.server.log.segment.size.max = 1048576 (custom)
2019-09-10 05:35:26,982 [pool-589-thread-1] INFO  server.RaftServerConfigKeys (ConfUtils.java:logGet(43)) - raft.server.log.segment.size.max = 1048576 (custom)
2019-09-10 05:35:26,982 [pool-649-thread-1] INFO  server.RaftServerConfigKeys (ConfUtils.java:logGet(43)) - raft.server.log.segment.size.max = 1048576 (custom)
2019-09-10 05:35:26,982 [pool-589-thread-1] INFO  server.RaftServerConfigKeys (ConfUtils.java:logGet(43)) - raft.server.log.segment.cache.num.max = 2 (custom)
2019-09-10 05:35:26,982 [pool-599-thread-1] INFO  server.RaftServerConfigKeys (ConfUtils.java:logGet(43)) - raft.server.log.segment.cache.num.max = 2 (custom)
2019-09-10 05:35:26,982 [pool-589-thread-1] INFO  segmented.SegmentedRaftLogWorker (SegmentedRaftLogWorker.java:<init>(172)) - new 09940887-b3de-422b-adff-478b86b01adb@group-B6DB05E82C1A-SegmentedRaftLogWorker for RaftStorage:Storage Directory /workdir/hadoop-ozone/integration-test/target/test-dir/MiniOzoneClusterImpl-57336a7d-2d72-4251-b84b-f30cd33fc333/datanode-0/data/ratis/dc99524c-3982-4956-b46c-b6db05e82c1a
2019-09-10 05:35:26,983 [pool-589-thread-1] INFO  server.RaftServerConfigKeys (ConfUtils.java:logGet(43)) - raft.server.log.queue.byte-limit = 2147483647 (custom)
2019-09-10 05:35:26,982 [pool-649-thread-1] INFO  server.RaftServerConfigKeys (ConfUtils.java:logGet(43)) - raft.server.log.preallocated.size = 16384 (custom)
2019-09-10 05:35:26,983 [pool-589-thread-1] INFO  server.RaftServerConfigKeys (ConfUtils.java:logGet(43)) - raft.server.log.queue.element-limit = 1024 (custom)
2019-09-10 05:35:26,982 [pool-599-thread-1] INFO  segmented.SegmentedRaftLogWorker (SegmentedRaftLogWorker.java:<init>(172)) - new b365e7c3-3384-4dda-bf54-3c9a5d02b5a0@group-B6DB05E82C1A-SegmentedRaftLogWorker for RaftStorage:Storage Directory /workdir/hadoop-ozone/integration-test/target/test-dir/MiniOzoneClusterImpl-57336a7d-2d72-4251-b84b-f30cd33fc333/datanode-1/data/ratis/dc99524c-3982-4956-b46c-b6db05e82c1a
2019-09-10 05:35:26,983 [pool-589-thread-1] INFO  server.RaftServerConfigKeys (ConfUtils.java:logGet(43)) - raft.server.log.segment.size.max = 1048576 (custom)
2019-09-10 05:35:26,983 [pool-649-thread-1] INFO  server.RaftServerConfigKeys (ConfUtils.java:logGet(43)) - raft.server.log.write.buffer.size = 33554432 (custom)
2019-09-10 05:35:26,983 [pool-589-thread-1] INFO  server.RaftServerConfigKeys (ConfUtils.java:logGet(43)) - raft.server.log.preallocated.size = 16384 (custom)
2019-09-10 05:35:26,983 [pool-599-thread-1] INFO  server.RaftServerConfigKeys (ConfUtils.java:logGet(43)) - raft.server.log.queue.byte-limit = 2147483647 (custom)
2019-09-10 05:35:26,984 [pool-589-thread-1] INFO  server.RaftServerConfigKeys (ConfUtils.java:logGet(43)) - raft.server.log.write.buffer.size = 33554432 (custom)
2019-09-10 05:35:26,984 [pool-589-thread-1] INFO  server.RaftServerConfigKeys (ConfUtils.java:logGet(43)) - raft.server.log.force.sync.num = 128 (default)
2019-09-10 05:35:26,983 [pool-649-thread-1] INFO  server.RaftServerConfigKeys (ConfUtils.java:logGet(43)) - raft.server.log.force.sync.num = 128 (default)
2019-09-10 05:35:26,984 [pool-589-thread-1] INFO  server.RaftServerConfigKeys (ConfUtils.java:logGet(43)) - raft.server.log.statemachine.data.sync = true (default)
2019-09-10 05:35:26,984 [pool-599-thread-1] INFO  server.RaftServerConfigKeys (ConfUtils.java:logGet(43)) - raft.server.log.queue.element-limit = 1024 (custom)
2019-09-10 05:35:26,984 [pool-589-thread-1] INFO  server.RaftServerConfigKeys (ConfUtils.java:logGet(43)) - raft.server.log.statemachine.data.sync.timeout = 10s (default)
2019-09-10 05:35:26,984 [pool-649-thread-1] INFO  server.RaftServerConfigKeys (ConfUtils.java:logGet(43)) - raft.server.log.statemachine.data.sync = true (default)
2019-09-10 05:35:26,985 [pool-589-thread-1] INFO  server.RaftServerConfigKeys (ConfUtils.java:logGet(43)) - raft.server.log.statemachine.data.sync.timeout.retry = -1 (default)
2019-09-10 05:35:26,985 [pool-599-thread-1] INFO  server.RaftServerConfigKeys (ConfUtils.java:logGet(43)) - raft.server.log.segment.size.max = 1048576 (custom)
2019-09-10 05:35:26,985 [pool-589-thread-1] INFO  server.RaftServerConfigKeys (ConfUtils.java:logGet(43)) - raft.server.log.statemachine.data.caching.enabled = true (custom)
2019-09-10 05:35:26,985 [pool-649-thread-1] INFO  server.RaftServerConfigKeys (ConfUtils.java:logGet(43)) - raft.server.log.statemachine.data.sync.timeout = 10s (default)
2019-09-10 05:35:26,985 [pool-599-thread-1] INFO  server.RaftServerConfigKeys (ConfUtils.java:logGet(43)) - raft.server.log.preallocated.size = 16384 (custom)
2019-09-10 05:35:26,986 [pool-589-thread-1] INFO  segmented.SegmentedRaftLogWorker (SegmentedRaftLogWorker.java:lambda$new$0(132)) - 09940887-b3de-422b-adff-478b86b01adb@group-B6DB05E82C1A-SegmentedRaftLogWorker: flushIndex: setUnconditionally 0 -> -1
2019-09-10 05:35:26,985 [pool-649-thread-1] INFO  server.RaftServerConfigKeys (ConfUtils.java:logGet(43)) - raft.server.log.statemachine.data.sync.timeout.retry = -1 (default)
2019-09-10 05:35:26,986 [pool-599-thread-1] INFO  server.RaftServerConfigKeys (ConfUtils.java:logGet(43)) - raft.server.log.write.buffer.size = 33554432 (custom)
2019-09-10 05:35:26,986 [pool-649-thread-1] INFO  server.RaftServerConfigKeys (ConfUtils.java:logGet(43)) - raft.server.log.statemachine.data.caching.enabled = true (custom)
2019-09-10 05:35:26,986 [pool-589-thread-1] INFO  server.RaftServerConfigKeys (ConfUtils.java:logGet(43)) - raft.server.snapshot.auto.trigger.enabled = true (custom)
2019-09-10 05:35:26,986 [pool-599-thread-1] INFO  server.RaftServerConfigKeys (ConfUtils.java:logGet(43)) - raft.server.log.force.sync.num = 128 (default)
2019-09-10 05:35:26,987 [pool-589-thread-1] INFO  server.RaftServerConfigKeys (ConfUtils.java:logGet(43)) - raft.server.snapshot.auto.trigger.threshold = 10000 (custom)
2019-09-10 05:35:26,987 [pool-649-thread-1] INFO  segmented.SegmentedRaftLogWorker (SegmentedRaftLogWorker.java:lambda$new$0(132)) - 6e39a6b0-7c21-4c58-b01b-b05d763a4956@group-B6DB05E82C1A-SegmentedRaftLogWorker: flushIndex: setUnconditionally 0 -> -1
2019-09-10 05:35:26,987 [pool-589-thread-1] INFO  server.RaftServerConfigKeys (ConfUtils.java:logGet(43)) - raft.server.snapshot.retention.num.files = -1 (default)
2019-09-10 05:35:26,987 [pool-599-thread-1] INFO  server.RaftServerConfigKeys (ConfUtils.java:logGet(43)) - raft.server.log.statemachine.data.sync = true (default)
2019-09-10 05:35:26,987 [pool-589-thread-1] INFO  server.RaftServerConfigKeys (ConfUtils.java:logGet(43)) - raft.server.retrycache.expirytime = 600000ms (custom)
2019-09-10 05:35:26,987 [pool-649-thread-1] INFO  server.RaftServerConfigKeys (ConfUtils.java:logGet(43)) - raft.server.snapshot.auto.trigger.enabled = true (custom)
2019-09-10 05:35:26,987 [pool-599-thread-1] INFO  server.RaftServerConfigKeys (ConfUtils.java:logGet(43)) - raft.server.log.statemachine.data.sync.timeout = 10s (default)
2019-09-10 05:35:26,988 [pool-649-thread-1] INFO  server.RaftServerConfigKeys (ConfUtils.java:logGet(43)) - raft.server.snapshot.auto.trigger.threshold = 10000 (custom)
2019-09-10 05:35:26,988 [pool-599-thread-1] INFO  server.RaftServerConfigKeys (ConfUtils.java:logGet(43)) - raft.server.log.statemachine.data.sync.timeout.retry = -1 (default)
2019-09-10 05:35:26,988 [pool-649-thread-1] INFO  server.RaftServerConfigKeys (ConfUtils.java:logGet(43)) - raft.server.snapshot.retention.num.files = -1 (default)
2019-09-10 05:35:26,988 [pool-599-thread-1] INFO  server.RaftServerConfigKeys (ConfUtils.java:logGet(43)) - raft.server.log.statemachine.data.caching.enabled = true (custom)
2019-09-10 05:35:26,988 [pool-649-thread-1] INFO  server.RaftServerConfigKeys (ConfUtils.java:logGet(43)) - raft.server.retrycache.expirytime = 600000ms (custom)
2019-09-10 05:35:26,989 [pool-599-thread-1] INFO  segmented.SegmentedRaftLogWorker (SegmentedRaftLogWorker.java:lambda$new$0(132)) - b365e7c3-3384-4dda-bf54-3c9a5d02b5a0@group-B6DB05E82C1A-SegmentedRaftLogWorker: flushIndex: setUnconditionally 0 -> -1
2019-09-10 05:35:26,989 [pool-599-thread-1] INFO  server.RaftServerConfigKeys (ConfUtils.java:logGet(43)) - raft.server.snapshot.auto.trigger.enabled = true (custom)
2019-09-10 05:35:26,989 [pool-589-thread-1] INFO  impl.RaftServerImpl (RaftServerImpl.java:start(185)) - 09940887-b3de-422b-adff-478b86b01adb@group-B6DB05E82C1A: start as a follower, conf=-1: [09940887-b3de-422b-adff-478b86b01adb:192.168.36.76:33140, 6e39a6b0-7c21-4c58-b01b-b05d763a4956:192.168.36.76:44714, b365e7c3-3384-4dda-bf54-3c9a5d02b5a0:192.168.36.76:44254], old=null
2019-09-10 05:35:26,989 [pool-599-thread-1] INFO  server.RaftServerConfigKeys (ConfUtils.java:logGet(43)) - raft.server.snapshot.auto.trigger.threshold = 10000 (custom)
2019-09-10 05:35:26,989 [pool-589-thread-1] INFO  impl.RaftServerImpl (RaftServerImpl.java:setRole(174)) - 09940887-b3de-422b-adff-478b86b01adb@group-B6DB05E82C1A: changes role from      null to FOLLOWER at term 0 for startAsFollower
2019-09-10 05:35:26,989 [pool-599-thread-1] INFO  server.RaftServerConfigKeys (ConfUtils.java:logGet(43)) - raft.server.snapshot.retention.num.files = -1 (default)
2019-09-10 05:35:26,990 [pool-589-thread-1] INFO  impl.RoleInfo (RoleInfo.java:updateAndGet(143)) - 09940887-b3de-422b-adff-478b86b01adb: start FollowerState
2019-09-10 05:35:26,990 [pool-599-thread-1] INFO  server.RaftServerConfigKeys (ConfUtils.java:logGet(43)) - raft.server.retrycache.expirytime = 600000ms (custom)
2019-09-10 05:35:26,990 [pool-589-thread-1] INFO  util.JmxRegister (JmxRegister.java:tryRegister(44)) - Successfully registered JMX Bean with object name Ratis:service=RaftServer,group=group-B6DB05E82C1A,id=09940887-b3de-422b-adff-478b86b01adb
2019-09-10 05:35:26,990 [pool-649-thread-1] INFO  impl.RaftServerImpl (RaftServerImpl.java:start(185)) - 6e39a6b0-7c21-4c58-b01b-b05d763a4956@group-B6DB05E82C1A: start as a follower, conf=-1: [09940887-b3de-422b-adff-478b86b01adb:192.168.36.76:33140, 6e39a6b0-7c21-4c58-b01b-b05d763a4956:192.168.36.76:44714, b365e7c3-3384-4dda-bf54-3c9a5d02b5a0:192.168.36.76:44254], old=null
2019-09-10 05:35:26,990 [pool-649-thread-1] INFO  impl.RaftServerImpl (RaftServerImpl.java:setRole(174)) - 6e39a6b0-7c21-4c58-b01b-b05d763a4956@group-B6DB05E82C1A: changes role from      null to FOLLOWER at term 0 for startAsFollower
2019-09-10 05:35:26,991 [pool-649-thread-1] INFO  impl.RoleInfo (RoleInfo.java:updateAndGet(143)) - 6e39a6b0-7c21-4c58-b01b-b05d763a4956: start FollowerState
2019-09-10 05:35:26,991 [pool-649-thread-1] INFO  util.JmxRegister (JmxRegister.java:tryRegister(44)) - Successfully registered JMX Bean with object name Ratis:service=RaftServer,group=group-B6DB05E82C1A,id=6e39a6b0-7c21-4c58-b01b-b05d763a4956
2019-09-10 05:35:26,992 [pool-599-thread-1] INFO  impl.RaftServerImpl (RaftServerImpl.java:start(185)) - b365e7c3-3384-4dda-bf54-3c9a5d02b5a0@group-B6DB05E82C1A: start as a follower, conf=-1: [09940887-b3de-422b-adff-478b86b01adb:192.168.36.76:33140, 6e39a6b0-7c21-4c58-b01b-b05d763a4956:192.168.36.76:44714, b365e7c3-3384-4dda-bf54-3c9a5d02b5a0:192.168.36.76:44254], old=null
2019-09-10 05:35:26,992 [pool-599-thread-1] INFO  impl.RaftServerImpl (RaftServerImpl.java:setRole(174)) - b365e7c3-3384-4dda-bf54-3c9a5d02b5a0@group-B6DB05E82C1A: changes role from      null to FOLLOWER at term 0 for startAsFollower
2019-09-10 05:35:26,992 [pool-599-thread-1] INFO  impl.RoleInfo (RoleInfo.java:updateAndGet(143)) - b365e7c3-3384-4dda-bf54-3c9a5d02b5a0: start FollowerState
2019-09-10 05:35:26,992 [pool-599-thread-1] INFO  util.JmxRegister (JmxRegister.java:tryRegister(44)) - Successfully registered JMX Bean with object name Ratis:service=RaftServer,group=group-B6DB05E82C1A,id=b365e7c3-3384-4dda-bf54-3c9a5d02b5a0
2019-09-10 05:35:26,994 [RatisPipelineUtilsThread] INFO  pipeline.PipelineStateManager (PipelineStateManager.java:addPipeline(56)) - Created pipeline Pipeline[ Id: dc99524c-3982-4956-b46c-b6db05e82c1a, Nodes: b365e7c3-3384-4dda-bf54-3c9a5d02b5a0{ip: 192.168.36.76, host: trunk-nightly-20190910-vk757-903364635, networkLocation: /default-rack, certSerialId: null}09940887-b3de-422b-adff-478b86b01adb{ip: 192.168.36.76, host: trunk-nightly-20190910-vk757-903364635, networkLocation: /default-rack, certSerialId: null}6e39a6b0-7c21-4c58-b01b-b05d763a4956{ip: 192.168.36.76, host: trunk-nightly-20190910-vk757-903364635, networkLocation: /default-rack, certSerialId: null}, Type:RATIS, Factor:THREE, State:OPEN]
2019-09-10 05:35:27,023 [grpc-default-executor-11] INFO  client.GrpcClientProtocolClient (GrpcClientProtocolClient.java:onNext(264)) - client-76029A3753BB->b8edd47f-9a8a-4d8f-b9ea-91b185ba1497: receive RaftClientReply:client-76029A3753BB->b8edd47f-9a8a-4d8f-b9ea-91b185ba1497@group-CC489457D0B6, cid=210, FAILED org.apache.ratis.protocol.NotLeaderException: Server b8edd47f-9a8a-4d8f-b9ea-91b185ba1497@group-CC489457D0B6 is not the leader, logIndex=0, commits[b8edd47f-9a8a-4d8f-b9ea-91b185ba1497:c-1]
2019-09-10 05:35:28,037 [grpc-default-executor-11] INFO  client.GrpcClientProtocolClient (GrpcClientProtocolClient.java:onNext(264)) - client-76029A3753BB->7ffb1f47-f84a-45ee-8f65-039bc0f66923: receive RaftClientReply:client-76029A3753BB->7ffb1f47-f84a-45ee-8f65-039bc0f66923@group-CC489457D0B6, cid=210, FAILED org.apache.ratis.protocol.NotLeaderException: Server 7ffb1f47-f84a-45ee-8f65-039bc0f66923@group-CC489457D0B6 is not the leader, logIndex=0, commits[7ffb1f47-f84a-45ee-8f65-039bc0f66923:c-1]
2019-09-10 05:35:29,046 [grpc-default-executor-3] INFO  client.GrpcClientProtocolClient (GrpcClientProtocolClient.java:onNext(264)) - client-76029A3753BB->b8edd47f-9a8a-4d8f-b9ea-91b185ba1497: receive RaftClientReply:client-76029A3753BB->b8edd47f-9a8a-4d8f-b9ea-91b185ba1497@group-CC489457D0B6, cid=210, FAILED org.apache.ratis.protocol.NotLeaderException: Server b8edd47f-9a8a-4d8f-b9ea-91b185ba1497@group-CC489457D0B6 is not the leader, logIndex=0, commits[b8edd47f-9a8a-4d8f-b9ea-91b185ba1497:c-1]
2019-09-10 05:35:29,246 [Thread-3758] INFO  container.ReplicationManager (ReplicationManager.java:start(162)) - Starting Replication Monitor Thread.
2019-09-10 05:35:29,258 [ReplicationMonitor] INFO  container.ReplicationManager (ReplicationManager.java:run(225)) - Replication Monitor Thread took 0 milliseconds for processing 1 containers.
2019-09-10 05:35:30,072 [grpc-default-executor-11] INFO  client.GrpcClientProtocolClient (GrpcClientProtocolClient.java:onNext(264)) - client-76029A3753BB->7808bc08-8c64-492d-8125-4fa314b60c8b: receive RaftClientReply:client-76029A3753BB->7808bc08-8c64-492d-8125-4fa314b60c8b@group-CC489457D0B6, cid=210, FAILED org.apache.ratis.protocol.NotLeaderException: Server 7808bc08-8c64-492d-8125-4fa314b60c8b@group-CC489457D0B6 is not the leader, logIndex=0, commits[7808bc08-8c64-492d-8125-4fa314b60c8b:c-1]
2019-09-10 05:35:31,091 [grpc-default-executor-11] INFO  client.GrpcClientProtocolClient (GrpcClientProtocolClient.java:onNext(264)) - client-76029A3753BB->7ffb1f47-f84a-45ee-8f65-039bc0f66923: receive RaftClientReply:client-76029A3753BB->7ffb1f47-f84a-45ee-8f65-039bc0f66923@group-CC489457D0B6, cid=210, FAILED org.apache.ratis.protocol.NotLeaderException: Server 7ffb1f47-f84a-45ee-8f65-039bc0f66923@group-CC489457D0B6 is not the leader, logIndex=0, commits[7ffb1f47-f84a-45ee-8f65-039bc0f66923:c-1]
2019-09-10 05:35:31,349 [Thread-3760] INFO  impl.FollowerState (FollowerState.java:run(106)) - 09940887-b3de-422b-adff-478b86b01adb:group-071029A5B8DC changes to CANDIDATE, lastRpcTime:5012, electionTimeout:5012ms
2019-09-10 05:35:31,349 [Thread-3760] INFO  impl.RoleInfo (RoleInfo.java:shutdownFollowerState(121)) - 09940887-b3de-422b-adff-478b86b01adb: shutdown FollowerState
2019-09-10 05:35:31,350 [Thread-3760] INFO  impl.RaftServerImpl (RaftServerImpl.java:setRole(174)) - 09940887-b3de-422b-adff-478b86b01adb@group-071029A5B8DC: changes role from  FOLLOWER to CANDIDATE at term 0 for changeToCandidate
2019-09-10 05:35:31,350 [Thread-3760] INFO  impl.RoleInfo (RoleInfo.java:updateAndGet(143)) - 09940887-b3de-422b-adff-478b86b01adb: start LeaderElection
2019-09-10 05:35:31,422 [09940887-b3de-422b-adff-478b86b01adb@group-071029A5B8DC:LeaderElection86] INFO  impl.LeaderElection (LeaderElection.java:askForVotes(182)) - 09940887-b3de-422b-adff-478b86b01adb@group-071029A5B8DC:LeaderElection86: begin an election at term 1 for -1: [09940887-b3de-422b-adff-478b86b01adb:192.168.36.76:33140], old=null
2019-09-10 05:35:31,423 [09940887-b3de-422b-adff-478b86b01adb@group-071029A5B8DC:LeaderElection86] INFO  impl.RoleInfo (RoleInfo.java:shutdownLeaderElection(134)) - 09940887-b3de-422b-adff-478b86b01adb: shutdown LeaderElection
2019-09-10 05:35:31,423 [09940887-b3de-422b-adff-478b86b01adb@group-071029A5B8DC:LeaderElection86] INFO  impl.RaftServerImpl (RaftServerImpl.java:setRole(174)) - 09940887-b3de-422b-adff-478b86b01adb@group-071029A5B8DC: changes role from CANDIDATE to LEADER at term 1 for changeToLeader
2019-09-10 05:35:31,423 [09940887-b3de-422b-adff-478b86b01adb@group-071029A5B8DC:LeaderElection86] INFO  impl.RaftServerImpl (ServerState.java:setLeader(253)) - 09940887-b3de-422b-adff-478b86b01adb@group-071029A5B8DC: change Leader from null to 09940887-b3de-422b-adff-478b86b01adb at term 1 for becomeLeader, leader elected after 5093ms
2019-09-10 05:35:31,423 [09940887-b3de-422b-adff-478b86b01adb@group-071029A5B8DC:LeaderElection86] INFO  server.RaftServerConfigKeys (ConfUtils.java:logGet(43)) - raft.server.staging.catchup.gap = 1000 (default)
2019-09-10 05:35:31,424 [09940887-b3de-422b-adff-478b86b01adb@group-071029A5B8DC:LeaderElection86] INFO  server.RaftServerConfigKeys (ConfUtils.java:logGet(43)) - raft.server.rpc.sleep.time = 25ms (default)
2019-09-10 05:35:31,424 [09940887-b3de-422b-adff-478b86b01adb@group-071029A5B8DC:LeaderElection86] INFO  server.RaftServerConfigKeys (ConfUtils.java:logGet(43)) - raft.server.write.element-limit = 4096 (default)
2019-09-10 05:35:31,425 [09940887-b3de-422b-adff-478b86b01adb@group-071029A5B8DC:LeaderElection86] INFO  server.RaftServerConfigKeys (ConfUtils.java:logGet(43)) - raft.server.watch.timeout = 10s (default)
2019-09-10 05:35:31,425 [09940887-b3de-422b-adff-478b86b01adb@group-071029A5B8DC:LeaderElection86] INFO  server.RaftServerConfigKeys (ConfUtils.java:logGet(43)) - raft.server.watch.timeout.denomination = 1s (default)
2019-09-10 05:35:31,425 [09940887-b3de-422b-adff-478b86b01adb@group-071029A5B8DC:LeaderElection86] INFO  server.RaftServerConfigKeys (ConfUtils.java:logGet(43)) - raft.server.watch.element-limit = 65536 (default)
2019-09-10 05:35:31,431 [09940887-b3de-422b-adff-478b86b01adb@group-071029A5B8DC:LeaderElection86] INFO  impl.RoleInfo (RoleInfo.java:updateAndGet(143)) - 09940887-b3de-422b-adff-478b86b01adb: start LeaderState
2019-09-10 05:35:31,431 [09940887-b3de-422b-adff-478b86b01adb@group-071029A5B8DC:LeaderElection86] INFO  segmented.SegmentedRaftLogWorker (SegmentedRaftLogWorker.java:startLogSegment(380)) - 09940887-b3de-422b-adff-478b86b01adb@group-071029A5B8DC-SegmentedRaftLogWorker: Starting segment from index:0
2019-09-10 05:35:31,432 [09940887-b3de-422b-adff-478b86b01adb@group-071029A5B8DC:LeaderElection86] INFO  impl.RaftServerImpl (ServerState.java:setRaftConf(354)) - 09940887-b3de-422b-adff-478b86b01adb@group-071029A5B8DC: set configuration 0: [09940887-b3de-422b-adff-478b86b01adb:192.168.36.76:33140], old=null at 0
2019-09-10 05:35:31,478 [09940887-b3de-422b-adff-478b86b01adb@group-071029A5B8DC-SegmentedRaftLogWorker] INFO  segmented.SegmentedRaftLogWorker (SegmentedRaftLogWorker.java:execute(569)) - 09940887-b3de-422b-adff-478b86b01adb@group-071029A5B8DC-SegmentedRaftLogWorker: created new log segment /workdir/hadoop-ozone/integration-test/target/test-dir/MiniOzoneClusterImpl-57336a7d-2d72-4251-b84b-f30cd33fc333/datanode-0/data/ratis/6f710583-de0c-4e1d-b9af-071029a5b8dc/current/log_inprogress_0
2019-09-10 05:35:31,512 [Thread-3763] INFO  impl.FollowerState (FollowerState.java:run(106)) - b365e7c3-3384-4dda-bf54-3c9a5d02b5a0:group-0BEC4DAE2D2D changes to CANDIDATE, lastRpcTime:5092, electionTimeout:5092ms
2019-09-10 05:35:31,512 [Thread-3763] INFO  impl.RoleInfo (RoleInfo.java:shutdownFollowerState(121)) - b365e7c3-3384-4dda-bf54-3c9a5d02b5a0: shutdown FollowerState
2019-09-10 05:35:31,512 [Thread-3763] INFO  impl.RaftServerImpl (RaftServerImpl.java:setRole(174)) - b365e7c3-3384-4dda-bf54-3c9a5d02b5a0@group-0BEC4DAE2D2D: changes role from  FOLLOWER to CANDIDATE at term 0 for changeToCandidate
2019-09-10 05:35:31,512 [Thread-3763] INFO  impl.RoleInfo (RoleInfo.java:updateAndGet(143)) - b365e7c3-3384-4dda-bf54-3c9a5d02b5a0: start LeaderElection
2019-09-10 05:35:31,531 [b365e7c3-3384-4dda-bf54-3c9a5d02b5a0@group-0BEC4DAE2D2D:LeaderElection87] INFO  impl.LeaderElection (LeaderElection.java:askForVotes(182)) - b365e7c3-3384-4dda-bf54-3c9a5d02b5a0@group-0BEC4DAE2D2D:LeaderElection87: begin an election at term 1 for -1: [b365e7c3-3384-4dda-bf54-3c9a5d02b5a0:192.168.36.76:44254], old=null
2019-09-10 05:35:31,531 [b365e7c3-3384-4dda-bf54-3c9a5d02b5a0@group-0BEC4DAE2D2D:LeaderElection87] INFO  impl.RoleInfo (RoleInfo.java:shutdownLeaderElection(134)) - b365e7c3-3384-4dda-bf54-3c9a5d02b5a0: shutdown LeaderElection
2019-09-10 05:35:31,532 [b365e7c3-3384-4dda-bf54-3c9a5d02b5a0@group-0BEC4DAE2D2D:LeaderElection87] INFO  impl.RaftServerImpl (RaftServerImpl.java:setRole(174)) - b365e7c3-3384-4dda-bf54-3c9a5d02b5a0@group-0BEC4DAE2D2D: changes role from CANDIDATE to LEADER at term 1 for changeToLeader
2019-09-10 05:35:31,532 [b365e7c3-3384-4dda-bf54-3c9a5d02b5a0@group-0BEC4DAE2D2D:LeaderElection87] INFO  impl.RaftServerImpl (ServerState.java:setLeader(253)) - b365e7c3-3384-4dda-bf54-3c9a5d02b5a0@group-0BEC4DAE2D2D: change Leader from null to b365e7c3-3384-4dda-bf54-3c9a5d02b5a0 at term 1 for becomeLeader, leader elected after 5119ms
2019-09-10 05:35:31,532 [b365e7c3-3384-4dda-bf54-3c9a5d02b5a0@group-0BEC4DAE2D2D:LeaderElection87] INFO  server.RaftServerConfigKeys (ConfUtils.java:logGet(43)) - raft.server.staging.catchup.gap = 1000 (default)
2019-09-10 05:35:31,532 [b365e7c3-3384-4dda-bf54-3c9a5d02b5a0@group-0BEC4DAE2D2D:LeaderElection87] INFO  server.RaftServerConfigKeys (ConfUtils.java:logGet(43)) - raft.server.rpc.sleep.time = 25ms (default)
2019-09-10 05:35:31,532 [b365e7c3-3384-4dda-bf54-3c9a5d02b5a0@group-0BEC4DAE2D2D:LeaderElection87] INFO  server.RaftServerConfigKeys (ConfUtils.java:logGet(43)) - raft.server.write.element-limit = 4096 (default)
2019-09-10 05:35:31,532 [b365e7c3-3384-4dda-bf54-3c9a5d02b5a0@group-0BEC4DAE2D2D:LeaderElection87] INFO  server.RaftServerConfigKeys (ConfUtils.java:logGet(43)) - raft.server.watch.timeout = 10s (default)
2019-09-10 05:35:31,532 [b365e7c3-3384-4dda-bf54-3c9a5d02b5a0@group-0BEC4DAE2D2D:LeaderElection87] INFO  server.RaftServerConfigKeys (ConfUtils.java:logGet(43)) - raft.server.watch.timeout.denomination = 1s (default)
2019-09-10 05:35:31,532 [b365e7c3-3384-4dda-bf54-3c9a5d02b5a0@group-0BEC4DAE2D2D:LeaderElection87] INFO  server.RaftServerConfigKeys (ConfUtils.java:logGet(43)) - raft.server.watch.element-limit = 65536 (default)
2019-09-10 05:35:31,534 [b365e7c3-3384-4dda-bf54-3c9a5d02b5a0@group-0BEC4DAE2D2D:LeaderElection87] INFO  impl.RoleInfo (RoleInfo.java:updateAndGet(143)) - b365e7c3-3384-4dda-bf54-3c9a5d02b5a0: start LeaderState
2019-09-10 05:35:31,534 [b365e7c3-3384-4dda-bf54-3c9a5d02b5a0@group-0BEC4DAE2D2D:LeaderElection87] INFO  segmented.SegmentedRaftLogWorker (SegmentedRaftLogWorker.java:startLogSegment(380)) - b365e7c3-3384-4dda-bf54-3c9a5d02b5a0@group-0BEC4DAE2D2D-SegmentedRaftLogWorker: Starting segment from index:0
2019-09-10 05:35:31,535 [b365e7c3-3384-4dda-bf54-3c9a5d02b5a0@group-0BEC4DAE2D2D:LeaderElection87] INFO  impl.RaftServerImpl (ServerState.java:setRaftConf(354)) - b365e7c3-3384-4dda-bf54-3c9a5d02b5a0@group-0BEC4DAE2D2D: set configuration 0: [b365e7c3-3384-4dda-bf54-3c9a5d02b5a0:192.168.36.76:44254], old=null at 0
2019-09-10 05:35:31,545 [Thread-3766] INFO  impl.FollowerState (FollowerState.java:run(106)) - b8edd47f-9a8a-4d8f-b9ea-91b185ba1497:group-797FC26D566E changes to CANDIDATE, lastRpcTime:5045, electionTimeout:5045ms
2019-09-10 05:35:31,545 [Thread-3766] INFO  impl.RoleInfo (RoleInfo.java:shutdownFollowerState(121)) - b8edd47f-9a8a-4d8f-b9ea-91b185ba1497: shutdown FollowerState
2019-09-10 05:35:31,546 [Thread-3766] INFO  impl.RaftServerImpl (RaftServerImpl.java:setRole(174)) - b8edd47f-9a8a-4d8f-b9ea-91b185ba1497@group-797FC26D566E: changes role from  FOLLOWER to CANDIDATE at term 0 for changeToCandidate
2019-09-10 05:35:31,546 [Thread-3766] INFO  impl.RoleInfo (RoleInfo.java:updateAndGet(143)) - b8edd47f-9a8a-4d8f-b9ea-91b185ba1497: start LeaderElection
2019-09-10 05:35:31,577 [b365e7c3-3384-4dda-bf54-3c9a5d02b5a0@group-0BEC4DAE2D2D-SegmentedRaftLogWorker] INFO  segmented.SegmentedRaftLogWorker (SegmentedRaftLogWorker.java:execute(569)) - b365e7c3-3384-4dda-bf54-3c9a5d02b5a0@group-0BEC4DAE2D2D-SegmentedRaftLogWorker: created new log segment /workdir/hadoop-ozone/integration-test/target/test-dir/MiniOzoneClusterImpl-57336a7d-2d72-4251-b84b-f30cd33fc333/datanode-1/data/ratis/f8f5dd72-f7b9-441d-9d7c-0bec4dae2d2d/current/log_inprogress_0
2019-09-10 05:35:31,577 [b8edd47f-9a8a-4d8f-b9ea-91b185ba1497@group-797FC26D566E:LeaderElection88] INFO  impl.LeaderElection (LeaderElection.java:askForVotes(182)) - b8edd47f-9a8a-4d8f-b9ea-91b185ba1497@group-797FC26D566E:LeaderElection88: begin an election at term 1 for -1: [b8edd47f-9a8a-4d8f-b9ea-91b185ba1497:192.168.36.76:33186], old=null
2019-09-10 05:35:31,577 [b8edd47f-9a8a-4d8f-b9ea-91b185ba1497@group-797FC26D566E:LeaderElection88] INFO  impl.RoleInfo (RoleInfo.java:shutdownLeaderElection(134)) - b8edd47f-9a8a-4d8f-b9ea-91b185ba1497: shutdown LeaderElection
2019-09-10 05:35:31,577 [b8edd47f-9a8a-4d8f-b9ea-91b185ba1497@group-797FC26D566E:LeaderElection88] INFO  impl.RaftServerImpl (RaftServerImpl.java:setRole(174)) - b8edd47f-9a8a-4d8f-b9ea-91b185ba1497@group-797FC26D566E: changes role from CANDIDATE to LEADER at term 1 for changeToLeader
2019-09-10 05:35:31,577 [b8edd47f-9a8a-4d8f-b9ea-91b185ba1497@group-797FC26D566E:LeaderElection88] INFO  impl.RaftServerImpl (ServerState.java:setLeader(253)) - b8edd47f-9a8a-4d8f-b9ea-91b185ba1497@group-797FC26D566E: change Leader from null to b8edd47f-9a8a-4d8f-b9ea-91b185ba1497 at term 1 for becomeLeader, leader elected after 5083ms
2019-09-10 05:35:31,577 [b8edd47f-9a8a-4d8f-b9ea-91b185ba1497@group-797FC26D566E:LeaderElection88] INFO  server.RaftServerConfigKeys (ConfUtils.java:logGet(43)) - raft.server.staging.catchup.gap = 1000 (default)
2019-09-10 05:35:31,578 [b8edd47f-9a8a-4d8f-b9ea-91b185ba1497@group-797FC26D566E:LeaderElection88] INFO  server.RaftServerConfigKeys (ConfUtils.java:logGet(43)) - raft.server.rpc.sleep.time = 25ms (default)
2019-09-10 05:35:31,578 [b8edd47f-9a8a-4d8f-b9ea-91b185ba1497@group-797FC26D566E:LeaderElection88] INFO  server.RaftServerConfigKeys (ConfUtils.java:logGet(43)) - raft.server.write.element-limit = 4096 (default)
2019-09-10 05:35:31,578 [b8edd47f-9a8a-4d8f-b9ea-91b185ba1497@group-797FC26D566E:LeaderElection88] INFO  server.RaftServerConfigKeys (ConfUtils.java:logGet(43)) - raft.server.watch.timeout = 10s (default)
2019-09-10 05:35:31,578 [b8edd47f-9a8a-4d8f-b9ea-91b185ba1497@group-797FC26D566E:LeaderElection88] INFO  server.RaftServerConfigKeys (ConfUtils.java:logGet(43)) - raft.server.watch.timeout.denomination = 1s (default)
2019-09-10 05:35:31,578 [b8edd47f-9a8a-4d8f-b9ea-91b185ba1497@group-797FC26D566E:LeaderElection88] INFO  server.RaftServerConfigKeys (ConfUtils.java:logGet(43)) - raft.server.watch.element-limit = 65536 (default)
2019-09-10 05:35:31,580 [b8edd47f-9a8a-4d8f-b9ea-91b185ba1497@group-797FC26D566E:LeaderElection88] INFO  impl.RoleInfo (RoleInfo.java:updateAndGet(143)) - b8edd47f-9a8a-4d8f-b9ea-91b185ba1497: start LeaderState
2019-09-10 05:35:31,580 [b8edd47f-9a8a-4d8f-b9ea-91b185ba1497@group-797FC26D566E:LeaderElection88] INFO  segmented.SegmentedRaftLogWorker (SegmentedRaftLogWorker.java:startLogSegment(380)) - b8edd47f-9a8a-4d8f-b9ea-91b185ba1497@group-797FC26D566E-SegmentedRaftLogWorker: Starting segment from index:0
2019-09-10 05:35:31,580 [b8edd47f-9a8a-4d8f-b9ea-91b185ba1497@group-797FC26D566E:LeaderElection88] INFO  impl.RaftServerImpl (ServerState.java:setRaftConf(354)) - b8edd47f-9a8a-4d8f-b9ea-91b185ba1497@group-797FC26D566E: set configuration 0: [b8edd47f-9a8a-4d8f-b9ea-91b185ba1497:192.168.36.76:33186], old=null at 0
2019-09-10 05:35:31,614 [b8edd47f-9a8a-4d8f-b9ea-91b185ba1497@group-797FC26D566E-SegmentedRaftLogWorker] INFO  segmented.SegmentedRaftLogWorker (SegmentedRaftLogWorker.java:execute(569)) - b8edd47f-9a8a-4d8f-b9ea-91b185ba1497@group-797FC26D566E-SegmentedRaftLogWorker: created new log segment /workdir/hadoop-ozone/integration-test/target/test-dir/MiniOzoneClusterImpl-57336a7d-2d72-4251-b84b-f30cd33fc333/datanode-2/data/ratis/7c6d299b-6fe8-4c42-a8c9-797fc26d566e/current/log_inprogress_0
2019-09-10 05:35:31,640 [Thread-3769] INFO  impl.FollowerState (FollowerState.java:run(106)) - 7808bc08-8c64-492d-8125-4fa314b60c8b:group-4113A7FFAE38 changes to CANDIDATE, lastRpcTime:5073, electionTimeout:5073ms
2019-09-10 05:35:31,640 [Thread-3769] INFO  impl.RoleInfo (RoleInfo.java:shutdownFollowerState(121)) - 7808bc08-8c64-492d-8125-4fa314b60c8b: shutdown FollowerState
2019-09-10 05:35:31,640 [Thread-3769] INFO  impl.RaftServerImpl (RaftServerImpl.java:setRole(174)) - 7808bc08-8c64-492d-8125-4fa314b60c8b@group-4113A7FFAE38: changes role from  FOLLOWER to CANDIDATE at term 0 for changeToCandidate
2019-09-10 05:35:31,640 [Thread-3769] INFO  impl.RoleInfo (RoleInfo.java:updateAndGet(143)) - 7808bc08-8c64-492d-8125-4fa314b60c8b: start LeaderElection
2019-09-10 05:35:31,668 [Thread-3772] INFO  impl.FollowerState (FollowerState.java:run(106)) - 7ffb1f47-f84a-45ee-8f65-039bc0f66923:group-8EE0600724D6 changes to CANDIDATE, lastRpcTime:5014, electionTimeout:5014ms
2019-09-10 05:35:31,668 [Thread-3772] INFO  impl.RoleInfo (RoleInfo.java:shutdownFollowerState(121)) - 7ffb1f47-f84a-45ee-8f65-039bc0f66923: shutdown FollowerState
2019-09-10 05:35:31,668 [Thread-3772] INFO  impl.RaftServerImpl (RaftServerImpl.java:setRole(174)) - 7ffb1f47-f84a-45ee-8f65-039bc0f66923@group-8EE0600724D6: changes role from  FOLLOWER to CANDIDATE at term 0 for changeToCandidate
2019-09-10 05:35:31,669 [Thread-3772] INFO  impl.RoleInfo (RoleInfo.java:updateAndGet(143)) - 7ffb1f47-f84a-45ee-8f65-039bc0f66923: start LeaderElection
2019-09-10 05:35:31,671 [7808bc08-8c64-492d-8125-4fa314b60c8b@group-4113A7FFAE38:LeaderElection89] INFO  impl.LeaderElection (LeaderElection.java:askForVotes(182)) - 7808bc08-8c64-492d-8125-4fa314b60c8b@group-4113A7FFAE38:LeaderElection89: begin an election at term 1 for -1: [7808bc08-8c64-492d-8125-4fa314b60c8b:192.168.36.76:38722], old=null
2019-09-10 05:35:31,671 [7808bc08-8c64-492d-8125-4fa314b60c8b@group-4113A7FFAE38:LeaderElection89] INFO  impl.RoleInfo (RoleInfo.java:shutdownLeaderElection(134)) - 7808bc08-8c64-492d-8125-4fa314b60c8b: shutdown LeaderElection
2019-09-10 05:35:31,672 [7808bc08-8c64-492d-8125-4fa314b60c8b@group-4113A7FFAE38:LeaderElection89] INFO  impl.RaftServerImpl (RaftServerImpl.java:setRole(174)) - 7808bc08-8c64-492d-8125-4fa314b60c8b@group-4113A7FFAE38: changes role from CANDIDATE to LEADER at term 1 for changeToLeader
2019-09-10 05:35:31,672 [7808bc08-8c64-492d-8125-4fa314b60c8b@group-4113A7FFAE38:LeaderElection89] INFO  impl.RaftServerImpl (ServerState.java:setLeader(253)) - 7808bc08-8c64-492d-8125-4fa314b60c8b@group-4113A7FFAE38: change Leader from null to 7808bc08-8c64-492d-8125-4fa314b60c8b at term 1 for becomeLeader, leader elected after 5110ms
2019-09-10 05:35:31,672 [7808bc08-8c64-492d-8125-4fa314b60c8b@group-4113A7FFAE38:LeaderElection89] INFO  server.RaftServerConfigKeys (ConfUtils.java:logGet(43)) - raft.server.staging.catchup.gap = 1000 (default)
2019-09-10 05:35:31,672 [7808bc08-8c64-492d-8125-4fa314b60c8b@group-4113A7FFAE38:LeaderElection89] INFO  server.RaftServerConfigKeys (ConfUtils.java:logGet(43)) - raft.server.rpc.sleep.time = 25ms (default)
2019-09-10 05:35:31,672 [7808bc08-8c64-492d-8125-4fa314b60c8b@group-4113A7FFAE38:LeaderElection89] INFO  server.RaftServerConfigKeys (ConfUtils.java:logGet(43)) - raft.server.write.element-limit = 4096 (default)
2019-09-10 05:35:31,672 [7808bc08-8c64-492d-8125-4fa314b60c8b@group-4113A7FFAE38:LeaderElection89] INFO  server.RaftServerConfigKeys (ConfUtils.java:logGet(43)) - raft.server.watch.timeout = 10s (default)
2019-09-10 05:35:31,672 [7808bc08-8c64-492d-8125-4fa314b60c8b@group-4113A7FFAE38:LeaderElection89] INFO  server.RaftServerConfigKeys (ConfUtils.java:logGet(43)) - raft.server.watch.timeout.denomination = 1s (default)
2019-09-10 05:35:31,673 [7808bc08-8c64-492d-8125-4fa314b60c8b@group-4113A7FFAE38:LeaderElection89] INFO  server.RaftServerConfigKeys (ConfUtils.java:logGet(43)) - raft.server.watch.element-limit = 65536 (default)
2019-09-10 05:35:31,674 [7808bc08-8c64-492d-8125-4fa314b60c8b@group-4113A7FFAE38:LeaderElection89] INFO  impl.RoleInfo (RoleInfo.java:updateAndGet(143)) - 7808bc08-8c64-492d-8125-4fa314b60c8b: start LeaderState
2019-09-10 05:35:31,675 [7808bc08-8c64-492d-8125-4fa314b60c8b@group-4113A7FFAE38:LeaderElection89] INFO  segmented.SegmentedRaftLogWorker (SegmentedRaftLogWorker.java:startLogSegment(380)) - 7808bc08-8c64-492d-8125-4fa314b60c8b@group-4113A7FFAE38-SegmentedRaftLogWorker: Starting segment from index:0
2019-09-10 05:35:31,675 [7808bc08-8c64-492d-8125-4fa314b60c8b@group-4113A7FFAE38:LeaderElection89] INFO  impl.RaftServerImpl (ServerState.java:setRaftConf(354)) - 7808bc08-8c64-492d-8125-4fa314b60c8b@group-4113A7FFAE38: set configuration 0: [7808bc08-8c64-492d-8125-4fa314b60c8b:192.168.36.76:38722], old=null at 0
2019-09-10 05:35:31,703 [7ffb1f47-f84a-45ee-8f65-039bc0f66923@group-8EE0600724D6:LeaderElection90] INFO  impl.LeaderElection (LeaderElection.java:askForVotes(182)) - 7ffb1f47-f84a-45ee-8f65-039bc0f66923@group-8EE0600724D6:LeaderElection90: begin an election at term 1 for -1: [7ffb1f47-f84a-45ee-8f65-039bc0f66923:192.168.36.76:38017], old=null
2019-09-10 05:35:31,703 [7ffb1f47-f84a-45ee-8f65-039bc0f66923@group-8EE0600724D6:LeaderElection90] INFO  impl.RoleInfo (RoleInfo.java:shutdownLeaderElection(134)) - 7ffb1f47-f84a-45ee-8f65-039bc0f66923: shutdown LeaderElection
2019-09-10 05:35:31,703 [7ffb1f47-f84a-45ee-8f65-039bc0f66923@group-8EE0600724D6:LeaderElection90] INFO  impl.RaftServerImpl (RaftServerImpl.java:setRole(174)) - 7ffb1f47-f84a-45ee-8f65-039bc0f66923@group-8EE0600724D6: changes role from CANDIDATE to LEADER at term 1 for changeToLeader
2019-09-10 05:35:31,704 [7ffb1f47-f84a-45ee-8f65-039bc0f66923@group-8EE0600724D6:LeaderElection90] INFO  impl.RaftServerImpl (ServerState.java:setLeader(253)) - 7ffb1f47-f84a-45ee-8f65-039bc0f66923@group-8EE0600724D6: change Leader from null to 7ffb1f47-f84a-45ee-8f65-039bc0f66923 at term 1 for becomeLeader, leader elected after 5058ms
2019-09-10 05:35:31,704 [7ffb1f47-f84a-45ee-8f65-039bc0f66923@group-8EE0600724D6:LeaderElection90] INFO  server.RaftServerConfigKeys (ConfUtils.java:logGet(43)) - raft.server.staging.catchup.gap = 1000 (default)
2019-09-10 05:35:31,704 [7ffb1f47-f84a-45ee-8f65-039bc0f66923@group-8EE0600724D6:LeaderElection90] INFO  server.RaftServerConfigKeys (ConfUtils.java:logGet(43)) - raft.server.rpc.sleep.time = 25ms (default)
2019-09-10 05:35:31,704 [7ffb1f47-f84a-45ee-8f65-039bc0f66923@group-8EE0600724D6:LeaderElection90] INFO  server.RaftServerConfigKeys (ConfUtils.java:logGet(43)) - raft.server.write.element-limit = 4096 (default)
2019-09-10 05:35:31,704 [7ffb1f47-f84a-45ee-8f65-039bc0f66923@group-8EE0600724D6:LeaderElection90] INFO  server.RaftServerConfigKeys (ConfUtils.java:logGet(43)) - raft.server.watch.timeout = 10s (default)
2019-09-10 05:35:31,704 [7ffb1f47-f84a-45ee-8f65-039bc0f66923@group-8EE0600724D6:LeaderElection90] INFO  server.RaftServerConfigKeys (ConfUtils.java:logGet(43)) - raft.server.watch.timeout.denomination = 1s (default)
2019-09-10 05:35:31,704 [7ffb1f47-f84a-45ee-8f65-039bc0f66923@group-8EE0600724D6:LeaderElection90] INFO  server.RaftServerConfigKeys (ConfUtils.java:logGet(43)) - raft.server.watch.element-limit = 65536 (default)
2019-09-10 05:35:31,706 [7ffb1f47-f84a-45ee-8f65-039bc0f66923@group-8EE0600724D6:LeaderElection90] INFO  impl.RoleInfo (RoleInfo.java:updateAndGet(143)) - 7ffb1f47-f84a-45ee-8f65-039bc0f66923: start LeaderState
2019-09-10 05:35:31,706 [7ffb1f47-f84a-45ee-8f65-039bc0f66923@group-8EE0600724D6:LeaderElection90] INFO  segmented.SegmentedRaftLogWorker (SegmentedRaftLogWorker.java:startLogSegment(380)) - 7ffb1f47-f84a-45ee-8f65-039bc0f66923@group-8EE0600724D6-SegmentedRaftLogWorker: Starting segment from index:0
2019-09-10 05:35:31,707 [7ffb1f47-f84a-45ee-8f65-039bc0f66923@group-8EE0600724D6:LeaderElection90] INFO  impl.RaftServerImpl (ServerState.java:setRaftConf(354)) - 7ffb1f47-f84a-45ee-8f65-039bc0f66923@group-8EE0600724D6: set configuration 0: [7ffb1f47-f84a-45ee-8f65-039bc0f66923:192.168.36.76:38017], old=null at 0
2019-09-10 05:35:31,722 [7808bc08-8c64-492d-8125-4fa314b60c8b@group-4113A7FFAE38-SegmentedRaftLogWorker] INFO  segmented.SegmentedRaftLogWorker (SegmentedRaftLogWorker.java:execute(569)) - 7808bc08-8c64-492d-8125-4fa314b60c8b@group-4113A7FFAE38-SegmentedRaftLogWorker: created new log segment /workdir/hadoop-ozone/integration-test/target/test-dir/MiniOzoneClusterImpl-57336a7d-2d72-4251-b84b-f30cd33fc333/datanode-3/data/ratis/c9746860-a7e3-40ce-8c39-4113a7ffae38/current/log_inprogress_0
2019-09-10 05:35:31,761 [7ffb1f47-f84a-45ee-8f65-039bc0f66923@group-8EE0600724D6-SegmentedRaftLogWorker] INFO  segmented.SegmentedRaftLogWorker (SegmentedRaftLogWorker.java:execute(569)) - 7ffb1f47-f84a-45ee-8f65-039bc0f66923@group-8EE0600724D6-SegmentedRaftLogWorker: created new log segment /workdir/hadoop-ozone/integration-test/target/test-dir/MiniOzoneClusterImpl-57336a7d-2d72-4251-b84b-f30cd33fc333/datanode-4/data/ratis/605bd567-9419-44a4-a16d-8ee0600724d6/current/log_inprogress_0
2019-09-10 05:35:31,903 [Thread-3777] INFO  impl.FollowerState (FollowerState.java:run(106)) - ece71e89-09ce-4721-bc39-9e7097bbf4e8:group-E814967DDB6F changes to CANDIDATE, lastRpcTime:5158, electionTimeout:5158ms
2019-09-10 05:35:31,904 [Thread-3777] INFO  impl.RoleInfo (RoleInfo.java:shutdownFollowerState(121)) - ece71e89-09ce-4721-bc39-9e7097bbf4e8: shutdown FollowerState
2019-09-10 05:35:31,904 [Thread-3777] INFO  impl.RaftServerImpl (RaftServerImpl.java:setRole(174)) - ece71e89-09ce-4721-bc39-9e7097bbf4e8@group-E814967DDB6F: changes role from  FOLLOWER to CANDIDATE at term 0 for changeToCandidate
2019-09-10 05:35:31,904 [Thread-3777] INFO  impl.RoleInfo (RoleInfo.java:updateAndGet(143)) - ece71e89-09ce-4721-bc39-9e7097bbf4e8: start LeaderElection
2019-09-10 05:35:31,930 [ece71e89-09ce-4721-bc39-9e7097bbf4e8@group-E814967DDB6F:LeaderElection91] INFO  impl.LeaderElection (LeaderElection.java:askForVotes(182)) - ece71e89-09ce-4721-bc39-9e7097bbf4e8@group-E814967DDB6F:LeaderElection91: begin an election at term 1 for -1: [ece71e89-09ce-4721-bc39-9e7097bbf4e8:192.168.36.76:43006], old=null
2019-09-10 05:35:31,930 [ece71e89-09ce-4721-bc39-9e7097bbf4e8@group-E814967DDB6F:LeaderElection91] INFO  impl.RoleInfo (RoleInfo.java:shutdownLeaderElection(134)) - ece71e89-09ce-4721-bc39-9e7097bbf4e8: shutdown LeaderElection
2019-09-10 05:35:31,931 [ece71e89-09ce-4721-bc39-9e7097bbf4e8@group-E814967DDB6F:LeaderElection91] INFO  impl.RaftServerImpl (RaftServerImpl.java:setRole(174)) - ece71e89-09ce-4721-bc39-9e7097bbf4e8@group-E814967DDB6F: changes role from CANDIDATE to LEADER at term 1 for changeToLeader
2019-09-10 05:35:31,931 [ece71e89-09ce-4721-bc39-9e7097bbf4e8@group-E814967DDB6F:LeaderElection91] INFO  impl.RaftServerImpl (ServerState.java:setLeader(253)) - ece71e89-09ce-4721-bc39-9e7097bbf4e8@group-E814967DDB6F: change Leader from null to ece71e89-09ce-4721-bc39-9e7097bbf4e8 at term 1 for becomeLeader, leader elected after 5192ms
2019-09-10 05:35:31,931 [ece71e89-09ce-4721-bc39-9e7097bbf4e8@group-E814967DDB6F:LeaderElection91] INFO  server.RaftServerConfigKeys (ConfUtils.java:logGet(43)) - raft.server.staging.catchup.gap = 1000 (default)
2019-09-10 05:35:31,931 [ece71e89-09ce-4721-bc39-9e7097bbf4e8@group-E814967DDB6F:LeaderElection91] INFO  server.RaftServerConfigKeys (ConfUtils.java:logGet(43)) - raft.server.rpc.sleep.time = 25ms (default)
2019-09-10 05:35:31,931 [ece71e89-09ce-4721-bc39-9e7097bbf4e8@group-E814967DDB6F:LeaderElection91] INFO  server.RaftServerConfigKeys (ConfUtils.java:logGet(43)) - raft.server.write.element-limit = 4096 (default)
2019-09-10 05:35:31,932 [ece71e89-09ce-4721-bc39-9e7097bbf4e8@group-E814967DDB6F:LeaderElection91] INFO  server.RaftServerConfigKeys (ConfUtils.java:logGet(43)) - raft.server.watch.timeout = 10s (default)
2019-09-10 05:35:31,932 [ece71e89-09ce-4721-bc39-9e7097bbf4e8@group-E814967DDB6F:LeaderElection91] INFO  server.RaftServerConfigKeys (ConfUtils.java:logGet(43)) - raft.server.watch.timeout.denomination = 1s (default)
2019-09-10 05:35:31,932 [ece71e89-09ce-4721-bc39-9e7097bbf4e8@group-E814967DDB6F:LeaderElection91] INFO  server.RaftServerConfigKeys (ConfUtils.java:logGet(43)) - raft.server.watch.element-limit = 65536 (default)
2019-09-10 05:35:31,934 [ece71e89-09ce-4721-bc39-9e7097bbf4e8@group-E814967DDB6F:LeaderElection91] INFO  impl.RoleInfo (RoleInfo.java:updateAndGet(143)) - ece71e89-09ce-4721-bc39-9e7097bbf4e8: start LeaderState
2019-09-10 05:35:31,935 [ece71e89-09ce-4721-bc39-9e7097bbf4e8@group-E814967DDB6F:LeaderElection91] INFO  segmented.SegmentedRaftLogWorker (SegmentedRaftLogWorker.java:startLogSegment(380)) - ece71e89-09ce-4721-bc39-9e7097bbf4e8@group-E814967DDB6F-SegmentedRaftLogWorker: Starting segment from index:0
2019-09-10 05:35:31,935 [ece71e89-09ce-4721-bc39-9e7097bbf4e8@group-E814967DDB6F:LeaderElection91] INFO  impl.RaftServerImpl (ServerState.java:setRaftConf(354)) - ece71e89-09ce-4721-bc39-9e7097bbf4e8@group-E814967DDB6F: set configuration 0: [ece71e89-09ce-4721-bc39-9e7097bbf4e8:192.168.36.76:43006], old=null at 0
2019-09-10 05:35:31,968 [Thread-3783] INFO  impl.FollowerState (FollowerState.java:run(106)) - b8edd47f-9a8a-4d8f-b9ea-91b185ba1497:group-CC489457D0B6 changes to CANDIDATE, lastRpcTime:5065, electionTimeout:5063ms
2019-09-10 05:35:31,968 [Thread-3787] INFO  impl.FollowerState (FollowerState.java:run(106)) - 7ffb1f47-f84a-45ee-8f65-039bc0f66923:group-CC489457D0B6 changes to CANDIDATE, lastRpcTime:5061, electionTimeout:5050ms
2019-09-10 05:35:31,969 [Thread-3783] INFO  impl.RoleInfo (RoleInfo.java:shutdownFollowerState(121)) - b8edd47f-9a8a-4d8f-b9ea-91b185ba1497: shutdown FollowerState
2019-09-10 05:35:31,969 [Thread-3787] INFO  impl.RoleInfo (RoleInfo.java:shutdownFollowerState(121)) - 7ffb1f47-f84a-45ee-8f65-039bc0f66923: shutdown FollowerState
2019-09-10 05:35:31,969 [Thread-3783] INFO  impl.RaftServerImpl (RaftServerImpl.java:setRole(174)) - b8edd47f-9a8a-4d8f-b9ea-91b185ba1497@group-CC489457D0B6: changes role from  FOLLOWER to CANDIDATE at term 0 for changeToCandidate
2019-09-10 05:35:31,969 [Thread-3787] INFO  impl.RaftServerImpl (RaftServerImpl.java:setRole(174)) - 7ffb1f47-f84a-45ee-8f65-039bc0f66923@group-CC489457D0B6: changes role from  FOLLOWER to CANDIDATE at term 0 for changeToCandidate
2019-09-10 05:35:31,969 [Thread-3783] INFO  impl.RoleInfo (RoleInfo.java:updateAndGet(143)) - b8edd47f-9a8a-4d8f-b9ea-91b185ba1497: start LeaderElection
2019-09-10 05:35:31,969 [Thread-3787] INFO  impl.RoleInfo (RoleInfo.java:updateAndGet(143)) - 7ffb1f47-f84a-45ee-8f65-039bc0f66923: start LeaderElection
2019-09-10 05:35:31,986 [ece71e89-09ce-4721-bc39-9e7097bbf4e8@group-E814967DDB6F-SegmentedRaftLogWorker] INFO  segmented.SegmentedRaftLogWorker (SegmentedRaftLogWorker.java:execute(569)) - ece71e89-09ce-4721-bc39-9e7097bbf4e8@group-E814967DDB6F-SegmentedRaftLogWorker: created new log segment /workdir/hadoop-ozone/integration-test/target/test-dir/MiniOzoneClusterImpl-57336a7d-2d72-4251-b84b-f30cd33fc333/datanode-5/data/ratis/ba68f029-427d-430a-bcd7-e814967ddb6f/current/log_inprogress_0
2019-09-10 05:35:32,000 [7ffb1f47-f84a-45ee-8f65-039bc0f66923@group-CC489457D0B6:LeaderElection93] INFO  impl.LeaderElection (LeaderElection.java:askForVotes(182)) - 7ffb1f47-f84a-45ee-8f65-039bc0f66923@group-CC489457D0B6:LeaderElection93: begin an election at term 1 for -1: [7ffb1f47-f84a-45ee-8f65-039bc0f66923:192.168.36.76:38017, b8edd47f-9a8a-4d8f-b9ea-91b185ba1497:192.168.36.76:33186, 7808bc08-8c64-492d-8125-4fa314b60c8b:192.168.36.76:38722], old=null
2019-09-10 05:35:32,000 [b8edd47f-9a8a-4d8f-b9ea-91b185ba1497@group-CC489457D0B6:LeaderElection92] INFO  impl.LeaderElection (LeaderElection.java:askForVotes(182)) - b8edd47f-9a8a-4d8f-b9ea-91b185ba1497@group-CC489457D0B6:LeaderElection92: begin an election at term 1 for -1: [7ffb1f47-f84a-45ee-8f65-039bc0f66923:192.168.36.76:38017, b8edd47f-9a8a-4d8f-b9ea-91b185ba1497:192.168.36.76:33186, 7808bc08-8c64-492d-8125-4fa314b60c8b:192.168.36.76:38722], old=null
2019-09-10 05:35:32,009 [grpc-default-executor-0] INFO  impl.RaftServerImpl (RaftServerImpl.java:setRole(174)) - 7808bc08-8c64-492d-8125-4fa314b60c8b@group-CC489457D0B6: changes role from  FOLLOWER to FOLLOWER at term 1 for recognizeCandidate:b8edd47f-9a8a-4d8f-b9ea-91b185ba1497
2019-09-10 05:35:32,009 [grpc-default-executor-0] INFO  impl.RoleInfo (RoleInfo.java:shutdownFollowerState(121)) - 7808bc08-8c64-492d-8125-4fa314b60c8b: shutdown FollowerState
2019-09-10 05:35:32,009 [grpc-default-executor-0] INFO  impl.RoleInfo (RoleInfo.java:updateAndGet(143)) - 7808bc08-8c64-492d-8125-4fa314b60c8b: start FollowerState
2019-09-10 05:35:32,009 [Thread-3788] INFO  impl.FollowerState (FollowerState.java:run(115)) - 7808bc08-8c64-492d-8125-4fa314b60c8b: FollowerState was interrupted: java.lang.InterruptedException: sleep interrupted
2019-09-10 05:35:32,020 [Thread-3798] INFO  impl.FollowerState (FollowerState.java:run(106)) - b365e7c3-3384-4dda-bf54-3c9a5d02b5a0:group-B6DB05E82C1A changes to CANDIDATE, lastRpcTime:5028, electionTimeout:5028ms
2019-09-10 05:35:32,021 [Thread-3798] INFO  impl.RoleInfo (RoleInfo.java:shutdownFollowerState(121)) - b365e7c3-3384-4dda-bf54-3c9a5d02b5a0: shutdown FollowerState
2019-09-10 05:35:32,021 [Thread-3798] INFO  impl.RaftServerImpl (RaftServerImpl.java:setRole(174)) - b365e7c3-3384-4dda-bf54-3c9a5d02b5a0@group-B6DB05E82C1A: changes role from  FOLLOWER to CANDIDATE at term 0 for changeToCandidate
2019-09-10 05:35:32,021 [Thread-3798] INFO  impl.RoleInfo (RoleInfo.java:updateAndGet(143)) - b365e7c3-3384-4dda-bf54-3c9a5d02b5a0: start LeaderElection
2019-09-10 05:35:32,027 [Thread-3780] INFO  impl.FollowerState (FollowerState.java:run(106)) - 6e39a6b0-7c21-4c58-b01b-b05d763a4956:group-13CAA85153C8 changes to CANDIDATE, lastRpcTime:5214, electionTimeout:5198ms
2019-09-10 05:35:32,028 [Thread-3780] INFO  impl.RoleInfo (RoleInfo.java:shutdownFollowerState(121)) - 6e39a6b0-7c21-4c58-b01b-b05d763a4956: shutdown FollowerState
2019-09-10 05:35:32,028 [Thread-3780] INFO  impl.RaftServerImpl (RaftServerImpl.java:setRole(174)) - 6e39a6b0-7c21-4c58-b01b-b05d763a4956@group-13CAA85153C8: changes role from  FOLLOWER to CANDIDATE at term 0 for changeToCandidate
2019-09-10 05:35:32,028 [Thread-3780] INFO  impl.RoleInfo (RoleInfo.java:updateAndGet(143)) - 6e39a6b0-7c21-4c58-b01b-b05d763a4956: start LeaderElection
2019-09-10 05:35:32,036 [b8edd47f-9a8a-4d8f-b9ea-91b185ba1497@group-CC489457D0B6:LeaderElection92] INFO  impl.LeaderElection (LeaderElection.java:logAndReturn(56)) - b8edd47f-9a8a-4d8f-b9ea-91b185ba1497@group-CC489457D0B6:LeaderElection92: Election PASSED; received 2 response(s) [b8edd47f-9a8a-4d8f-b9ea-91b185ba1497<-7ffb1f47-f84a-45ee-8f65-039bc0f66923#0:FAIL-t1, b8edd47f-9a8a-4d8f-b9ea-91b185ba1497<-7808bc08-8c64-492d-8125-4fa314b60c8b#0:OK-t1] and 0 exception(s); b8edd47f-9a8a-4d8f-b9ea-91b185ba1497@group-CC489457D0B6:t1, leader=null, voted=b8edd47f-9a8a-4d8f-b9ea-91b185ba1497, raftlog=b8edd47f-9a8a-4d8f-b9ea-91b185ba1497@group-CC489457D0B6-SegmentedRaftLog:OPENED:c-1,f-1,i0, conf=-1: [7ffb1f47-f84a-45ee-8f65-039bc0f66923:192.168.36.76:38017, b8edd47f-9a8a-4d8f-b9ea-91b185ba1497:192.168.36.76:33186, 7808bc08-8c64-492d-8125-4fa314b60c8b:192.168.36.76:38722], old=null
2019-09-10 05:35:32,036 [7ffb1f47-f84a-45ee-8f65-039bc0f66923@group-CC489457D0B6:LeaderElection93] INFO  impl.LeaderElection (LeaderElection.java:logAndReturn(56)) - 7ffb1f47-f84a-45ee-8f65-039bc0f66923@group-CC489457D0B6:LeaderElection93: Election REJECTED; received 2 response(s) [7ffb1f47-f84a-45ee-8f65-039bc0f66923<-b8edd47f-9a8a-4d8f-b9ea-91b185ba1497#0:FAIL-t1, 7ffb1f47-f84a-45ee-8f65-039bc0f66923<-7808bc08-8c64-492d-8125-4fa314b60c8b#0:FAIL-t1] and 0 exception(s); 7ffb1f47-f84a-45ee-8f65-039bc0f66923@group-CC489457D0B6:t1, leader=null, voted=7ffb1f47-f84a-45ee-8f65-039bc0f66923, raftlog=7ffb1f47-f84a-45ee-8f65-039bc0f66923@group-CC489457D0B6-SegmentedRaftLog:OPENED:c-1,f-1,i0, conf=-1: [7ffb1f47-f84a-45ee-8f65-039bc0f66923:192.168.36.76:38017, b8edd47f-9a8a-4d8f-b9ea-91b185ba1497:192.168.36.76:33186, 7808bc08-8c64-492d-8125-4fa314b60c8b:192.168.36.76:38722], old=null
2019-09-10 05:35:32,036 [b8edd47f-9a8a-4d8f-b9ea-91b185ba1497@group-CC489457D0B6:LeaderElection92] INFO  impl.RoleInfo (RoleInfo.java:shutdownLeaderElection(134)) - b8edd47f-9a8a-4d8f-b9ea-91b185ba1497: shutdown LeaderElection
2019-09-10 05:35:32,046 [7ffb1f47-f84a-45ee-8f65-039bc0f66923@group-CC489457D0B6:LeaderElection93] INFO  impl.RaftServerImpl (RaftServerImpl.java:setRole(174)) - 7ffb1f47-f84a-45ee-8f65-039bc0f66923@group-CC489457D0B6: changes role from CANDIDATE to FOLLOWER at term 1 for DISCOVERED_A_NEW_TERM
2019-09-10 05:35:32,046 [Thread-3793] INFO  impl.FollowerState (FollowerState.java:run(106)) - 09940887-b3de-422b-adff-478b86b01adb:group-B6DB05E82C1A changes to CANDIDATE, lastRpcTime:5056, electionTimeout:5053ms
2019-09-10 05:35:32,049 [7ffb1f47-f84a-45ee-8f65-039bc0f66923@group-CC489457D0B6:LeaderElection93] INFO  impl.RoleInfo (RoleInfo.java:shutdownLeaderElection(134)) - 7ffb1f47-f84a-45ee-8f65-039bc0f66923: shutdown LeaderElection
2019-09-10 05:35:32,046 [b8edd47f-9a8a-4d8f-b9ea-91b185ba1497@group-CC489457D0B6:LeaderElection92] INFO  impl.RaftServerImpl (RaftServerImpl.java:setRole(174)) - b8edd47f-9a8a-4d8f-b9ea-91b185ba1497@group-CC489457D0B6: changes role from CANDIDATE to LEADER at term 1 for changeToLeader
2019-09-10 05:35:32,049 [7ffb1f47-f84a-45ee-8f65-039bc0f66923@group-CC489457D0B6:LeaderElection93] INFO  impl.RoleInfo (RoleInfo.java:updateAndGet(143)) - 7ffb1f47-f84a-45ee-8f65-039bc0f66923: start FollowerState
2019-09-10 05:35:32,049 [Thread-3793] INFO  impl.RoleInfo (RoleInfo.java:shutdownFollowerState(121)) - 09940887-b3de-422b-adff-478b86b01adb: shutdown FollowerState
2019-09-10 05:35:32,049 [b8edd47f-9a8a-4d8f-b9ea-91b185ba1497@group-CC489457D0B6:LeaderElection92] INFO  impl.RaftServerImpl (ServerState.java:setLeader(253)) - b8edd47f-9a8a-4d8f-b9ea-91b185ba1497@group-CC489457D0B6: change Leader from null to b8edd47f-9a8a-4d8f-b9ea-91b185ba1497 at term 1 for becomeLeader, leader elected after 5155ms
2019-09-10 05:35:32,050 [Thread-3793] INFO  impl.RaftServerImpl (RaftServerImpl.java:setRole(174)) - 09940887-b3de-422b-adff-478b86b01adb@group-B6DB05E82C1A: changes role from  FOLLOWER to CANDIDATE at term 0 for changeToCandidate
2019-09-10 05:35:32,050 [b8edd47f-9a8a-4d8f-b9ea-91b185ba1497@group-CC489457D0B6:LeaderElection92] INFO  server.RaftServerConfigKeys (ConfUtils.java:logGet(43)) - raft.server.staging.catchup.gap = 1000 (default)
2019-09-10 05:35:32,050 [Thread-3793] INFO  impl.RoleInfo (RoleInfo.java:updateAndGet(143)) - 09940887-b3de-422b-adff-478b86b01adb: start LeaderElection
2019-09-10 05:35:32,050 [b8edd47f-9a8a-4d8f-b9ea-91b185ba1497@group-CC489457D0B6:LeaderElection92] INFO  server.RaftServerConfigKeys (ConfUtils.java:logGet(43)) - raft.server.rpc.sleep.time = 25ms (default)
2019-09-10 05:35:32,050 [b8edd47f-9a8a-4d8f-b9ea-91b185ba1497@group-CC489457D0B6:LeaderElection92] INFO  server.RaftServerConfigKeys (ConfUtils.java:logGet(43)) - raft.server.write.element-limit = 4096 (default)
2019-09-10 05:35:32,053 [b8edd47f-9a8a-4d8f-b9ea-91b185ba1497@group-CC489457D0B6:LeaderElection92] INFO  server.RaftServerConfigKeys (ConfUtils.java:logGet(43)) - raft.server.watch.timeout = 10s (default)
2019-09-10 05:35:32,055 [b8edd47f-9a8a-4d8f-b9ea-91b185ba1497@group-CC489457D0B6:LeaderElection92] INFO  server.RaftServerConfigKeys (ConfUtils.java:logGet(43)) - raft.server.watch.timeout.denomination = 1s (default)
2019-09-10 05:35:32,055 [b8edd47f-9a8a-4d8f-b9ea-91b185ba1497@group-CC489457D0B6:LeaderElection92] INFO  server.RaftServerConfigKeys (ConfUtils.java:logGet(43)) - raft.server.watch.element-limit = 65536 (default)
2019-09-10 05:35:32,057 [b8edd47f-9a8a-4d8f-b9ea-91b185ba1497@group-CC489457D0B6:LeaderElection92] INFO  server.RaftServerConfigKeys (ConfUtils.java:logGet(43)) - raft.server.log.appender.snapshot.chunk.size.max = 16MB (=16777216) (default)
2019-09-10 05:35:32,057 [b8edd47f-9a8a-4d8f-b9ea-91b185ba1497@group-CC489457D0B6:LeaderElection92] INFO  server.RaftServerConfigKeys (ConfUtils.java:logGet(43)) - raft.server.log.appender.buffer.byte-limit = 33554432 (custom)
2019-09-10 05:35:32,058 [b8edd47f-9a8a-4d8f-b9ea-91b185ba1497@group-CC489457D0B6:LeaderElection92] INFO  server.RaftServerConfigKeys (ConfUtils.java:logGet(43)) - raft.server.log.appender.buffer.element-limit = 1 (custom)
2019-09-10 05:35:32,058 [b8edd47f-9a8a-4d8f-b9ea-91b185ba1497@group-CC489457D0B6:LeaderElection92] INFO  grpc.GrpcConfigKeys$Server (ConfUtils.java:logGet(43)) - raft.grpc.server.leader.outstanding.appends.max = 128 (default)
2019-09-10 05:35:32,058 [b8edd47f-9a8a-4d8f-b9ea-91b185ba1497@group-CC489457D0B6:LeaderElection92] INFO  server.RaftServerConfigKeys (ConfUtils.java:logGet(43)) - raft.server.rpc.request.timeout = 3000ms (default)
2019-09-10 05:35:32,058 [b8edd47f-9a8a-4d8f-b9ea-91b185ba1497@group-CC489457D0B6:LeaderElection92] INFO  server.RaftServerConfigKeys (ConfUtils.java:logGet(43)) - raft.server.log.appender.install.snapshot.enabled = false (custom)
2019-09-10 05:35:32,059 [b8edd47f-9a8a-4d8f-b9ea-91b185ba1497@group-CC489457D0B6:LeaderElection92] INFO  server.RaftServerConfigKeys (ConfUtils.java:logGet(43)) - raft.server.log.appender.snapshot.chunk.size.max = 16MB (=16777216) (default)
2019-09-10 05:35:32,059 [b8edd47f-9a8a-4d8f-b9ea-91b185ba1497@group-CC489457D0B6:LeaderElection92] INFO  server.RaftServerConfigKeys (ConfUtils.java:logGet(43)) - raft.server.log.appender.buffer.byte-limit = 33554432 (custom)
2019-09-10 05:35:32,059 [b8edd47f-9a8a-4d8f-b9ea-91b185ba1497@group-CC489457D0B6:LeaderElection92] INFO  server.RaftServerConfigKeys (ConfUtils.java:logGet(43)) - raft.server.log.appender.buffer.element-limit = 1 (custom)
2019-09-10 05:35:32,059 [b8edd47f-9a8a-4d8f-b9ea-91b185ba1497@group-CC489457D0B6:LeaderElection92] INFO  grpc.GrpcConfigKeys$Server (ConfUtils.java:logGet(43)) - raft.grpc.server.leader.outstanding.appends.max = 128 (default)
2019-09-10 05:35:32,059 [b8edd47f-9a8a-4d8f-b9ea-91b185ba1497@group-CC489457D0B6:LeaderElection92] INFO  server.RaftServerConfigKeys (ConfUtils.java:logGet(43)) - raft.server.rpc.request.timeout = 3000ms (default)
2019-09-10 05:35:32,059 [b8edd47f-9a8a-4d8f-b9ea-91b185ba1497@group-CC489457D0B6:LeaderElection92] INFO  server.RaftServerConfigKeys (ConfUtils.java:logGet(43)) - raft.server.log.appender.install.snapshot.enabled = false (custom)
2019-09-10 05:35:32,060 [b8edd47f-9a8a-4d8f-b9ea-91b185ba1497@group-CC489457D0B6:LeaderElection92] INFO  impl.RoleInfo (RoleInfo.java:updateAndGet(143)) - b8edd47f-9a8a-4d8f-b9ea-91b185ba1497: start LeaderState
2019-09-10 05:35:32,060 [b8edd47f-9a8a-4d8f-b9ea-91b185ba1497@group-CC489457D0B6:LeaderElection92] INFO  segmented.SegmentedRaftLogWorker (SegmentedRaftLogWorker.java:startLogSegment(380)) - b8edd47f-9a8a-4d8f-b9ea-91b185ba1497@group-CC489457D0B6-SegmentedRaftLogWorker: Starting segment from index:0
2019-09-10 05:35:32,060 [b365e7c3-3384-4dda-bf54-3c9a5d02b5a0@group-B6DB05E82C1A:LeaderElection94] INFO  impl.LeaderElection (LeaderElection.java:askForVotes(182)) - b365e7c3-3384-4dda-bf54-3c9a5d02b5a0@group-B6DB05E82C1A:LeaderElection94: begin an election at term 1 for -1: [09940887-b3de-422b-adff-478b86b01adb:192.168.36.76:33140, 6e39a6b0-7c21-4c58-b01b-b05d763a4956:192.168.36.76:44714, b365e7c3-3384-4dda-bf54-3c9a5d02b5a0:192.168.36.76:44254], old=null
2019-09-10 05:35:32,060 [6e39a6b0-7c21-4c58-b01b-b05d763a4956@group-13CAA85153C8:LeaderElection95] INFO  impl.LeaderElection (LeaderElection.java:askForVotes(182)) - 6e39a6b0-7c21-4c58-b01b-b05d763a4956@group-13CAA85153C8:LeaderElection95: begin an election at term 1 for -1: [6e39a6b0-7c21-4c58-b01b-b05d763a4956:192.168.36.76:44714], old=null
2019-09-10 05:35:32,060 [6e39a6b0-7c21-4c58-b01b-b05d763a4956@group-13CAA85153C8:LeaderElection95] INFO  impl.RoleInfo (RoleInfo.java:shutdownLeaderElection(134)) - 6e39a6b0-7c21-4c58-b01b-b05d763a4956: shutdown LeaderElection
2019-09-10 05:35:32,061 [6e39a6b0-7c21-4c58-b01b-b05d763a4956@group-13CAA85153C8:LeaderElection95] INFO  impl.RaftServerImpl (RaftServerImpl.java:setRole(174)) - 6e39a6b0-7c21-4c58-b01b-b05d763a4956@group-13CAA85153C8: changes role from CANDIDATE to LEADER at term 1 for changeToLeader
2019-09-10 05:35:32,061 [b8edd47f-9a8a-4d8f-b9ea-91b185ba1497@group-CC489457D0B6:LeaderElection92] INFO  impl.RaftServerImpl (ServerState.java:setRaftConf(354)) - b8edd47f-9a8a-4d8f-b9ea-91b185ba1497@group-CC489457D0B6: set configuration 0: [7ffb1f47-f84a-45ee-8f65-039bc0f66923:192.168.36.76:38017, b8edd47f-9a8a-4d8f-b9ea-91b185ba1497:192.168.36.76:33186, 7808bc08-8c64-492d-8125-4fa314b60c8b:192.168.36.76:38722], old=null at 0
2019-09-10 05:35:32,061 [6e39a6b0-7c21-4c58-b01b-b05d763a4956@group-13CAA85153C8:LeaderElection95] INFO  impl.RaftServerImpl (ServerState.java:setLeader(253)) - 6e39a6b0-7c21-4c58-b01b-b05d763a4956@group-13CAA85153C8: change Leader from null to 6e39a6b0-7c21-4c58-b01b-b05d763a4956 at term 1 for becomeLeader, leader elected after 5255ms
2019-09-10 05:35:32,067 [6e39a6b0-7c21-4c58-b01b-b05d763a4956@group-13CAA85153C8:LeaderElection95] INFO  server.RaftServerConfigKeys (ConfUtils.java:logGet(43)) - raft.server.staging.catchup.gap = 1000 (default)
2019-09-10 05:35:32,067 [09940887-b3de-422b-adff-478b86b01adb@group-B6DB05E82C1A:LeaderElection96] INFO  impl.LeaderElection (LeaderElection.java:askForVotes(182)) - 09940887-b3de-422b-adff-478b86b01adb@group-B6DB05E82C1A:LeaderElection96: begin an election at term 1 for -1: [09940887-b3de-422b-adff-478b86b01adb:192.168.36.76:33140, 6e39a6b0-7c21-4c58-b01b-b05d763a4956:192.168.36.76:44714, b365e7c3-3384-4dda-bf54-3c9a5d02b5a0:192.168.36.76:44254], old=null
2019-09-10 05:35:32,068 [6e39a6b0-7c21-4c58-b01b-b05d763a4956@group-13CAA85153C8:LeaderElection95] INFO  server.RaftServerConfigKeys (ConfUtils.java:logGet(43)) - raft.server.rpc.sleep.time = 25ms (default)
2019-09-10 05:35:32,068 [6e39a6b0-7c21-4c58-b01b-b05d763a4956@group-13CAA85153C8:LeaderElection95] INFO  server.RaftServerConfigKeys (ConfUtils.java:logGet(43)) - raft.server.write.element-limit = 4096 (default)
2019-09-10 05:35:32,068 [6e39a6b0-7c21-4c58-b01b-b05d763a4956@group-13CAA85153C8:LeaderElection95] INFO  server.RaftServerConfigKeys (ConfUtils.java:logGet(43)) - raft.server.watch.timeout = 10s (default)
2019-09-10 05:35:32,068 [6e39a6b0-7c21-4c58-b01b-b05d763a4956@group-13CAA85153C8:LeaderElection95] INFO  server.RaftServerConfigKeys (ConfUtils.java:logGet(43)) - raft.server.watch.timeout.denomination = 1s (default)
2019-09-10 05:35:32,068 [6e39a6b0-7c21-4c58-b01b-b05d763a4956@group-13CAA85153C8:LeaderElection95] INFO  server.RaftServerConfigKeys (ConfUtils.java:logGet(43)) - raft.server.watch.element-limit = 65536 (default)
2019-09-10 05:35:32,098 [grpc-default-executor-11] INFO  impl.RaftServerImpl (ServerState.java:setLeader(253)) - 7ffb1f47-f84a-45ee-8f65-039bc0f66923@group-CC489457D0B6: change Leader from null to b8edd47f-9a8a-4d8f-b9ea-91b185ba1497 at term 1 for appendEntries, leader elected after 5204ms
2019-09-10 05:35:32,100 [grpc-default-executor-11] INFO  impl.RaftServerImpl (ServerState.java:setLeader(253)) - 7808bc08-8c64-492d-8125-4fa314b60c8b@group-CC489457D0B6: change Leader from null to b8edd47f-9a8a-4d8f-b9ea-91b185ba1497 at term 1 for appendEntries, leader elected after 5205ms
2019-09-10 05:35:32,101 [6e39a6b0-7c21-4c58-b01b-b05d763a4956@group-13CAA85153C8:LeaderElection95] INFO  impl.RoleInfo (RoleInfo.java:updateAndGet(143)) - 6e39a6b0-7c21-4c58-b01b-b05d763a4956: start LeaderState
2019-09-10 05:35:32,101 [6e39a6b0-7c21-4c58-b01b-b05d763a4956@group-13CAA85153C8:LeaderElection95] INFO  segmented.SegmentedRaftLogWorker (SegmentedRaftLogWorker.java:startLogSegment(380)) - 6e39a6b0-7c21-4c58-b01b-b05d763a4956@group-13CAA85153C8-SegmentedRaftLogWorker: Starting segment from index:0
2019-09-10 05:35:32,101 [grpc-default-executor-8] INFO  impl.RaftServerImpl (RaftServerImpl.java:setRole(174)) - 6e39a6b0-7c21-4c58-b01b-b05d763a4956@group-B6DB05E82C1A: changes role from  FOLLOWER to FOLLOWER at term 1 for recognizeCandidate:b365e7c3-3384-4dda-bf54-3c9a5d02b5a0
2019-09-10 05:35:32,102 [6e39a6b0-7c21-4c58-b01b-b05d763a4956@group-13CAA85153C8:LeaderElection95] INFO  impl.RaftServerImpl (ServerState.java:setRaftConf(354)) - 6e39a6b0-7c21-4c58-b01b-b05d763a4956@group-13CAA85153C8: set configuration 0: [6e39a6b0-7c21-4c58-b01b-b05d763a4956:192.168.36.76:44714], old=null at 0
2019-09-10 05:35:32,102 [grpc-default-executor-8] INFO  impl.RoleInfo (RoleInfo.java:shutdownFollowerState(121)) - 6e39a6b0-7c21-4c58-b01b-b05d763a4956: shutdown FollowerState
2019-09-10 05:35:32,105 [grpc-default-executor-8] INFO  impl.RoleInfo (RoleInfo.java:updateAndGet(143)) - 6e39a6b0-7c21-4c58-b01b-b05d763a4956: start FollowerState
2019-09-10 05:35:32,105 [Thread-3796] INFO  impl.FollowerState (FollowerState.java:run(115)) - 6e39a6b0-7c21-4c58-b01b-b05d763a4956: FollowerState was interrupted: java.lang.InterruptedException: sleep interrupted
2019-09-10 05:35:32,114 [b8edd47f-9a8a-4d8f-b9ea-91b185ba1497@group-CC489457D0B6-SegmentedRaftLogWorker] INFO  segmented.SegmentedRaftLogWorker (SegmentedRaftLogWorker.java:execute(569)) - b8edd47f-9a8a-4d8f-b9ea-91b185ba1497@group-CC489457D0B6-SegmentedRaftLogWorker: created new log segment /workdir/hadoop-ozone/integration-test/target/test-dir/MiniOzoneClusterImpl-57336a7d-2d72-4251-b84b-f30cd33fc333/datanode-2/data/ratis/2528d2e7-86be-4d5e-8d8b-cc489457d0b6/current/log_inprogress_0
2019-09-10 05:35:32,114 [grpc-default-executor-0] INFO  impl.RaftServerImpl (ServerState.java:setRaftConf(354)) - 7ffb1f47-f84a-45ee-8f65-039bc0f66923@group-CC489457D0B6: set configuration 0: [7ffb1f47-f84a-45ee-8f65-039bc0f66923:192.168.36.76:38017, b8edd47f-9a8a-4d8f-b9ea-91b185ba1497:192.168.36.76:33186, 7808bc08-8c64-492d-8125-4fa314b60c8b:192.168.36.76:38722], old=null at 0
2019-09-10 05:35:32,114 [grpc-default-executor-0] INFO  segmented.SegmentedRaftLogWorker (SegmentedRaftLogWorker.java:startLogSegment(380)) - 7ffb1f47-f84a-45ee-8f65-039bc0f66923@group-CC489457D0B6-SegmentedRaftLogWorker: Starting segment from index:0
2019-09-10 05:35:32,115 [grpc-default-executor-9] INFO  impl.RaftServerImpl (ServerState.java:setRaftConf(354)) - 7808bc08-8c64-492d-8125-4fa314b60c8b@group-CC489457D0B6: set configuration 0: [7ffb1f47-f84a-45ee-8f65-039bc0f66923:192.168.36.76:38017, b8edd47f-9a8a-4d8f-b9ea-91b185ba1497:192.168.36.76:33186, 7808bc08-8c64-492d-8125-4fa314b60c8b:192.168.36.76:38722], old=null at 0
2019-09-10 05:35:32,152 [grpc-default-executor-9] INFO  segmented.SegmentedRaftLogWorker (SegmentedRaftLogWorker.java:startLogSegment(380)) - 7808bc08-8c64-492d-8125-4fa314b60c8b@group-CC489457D0B6-SegmentedRaftLogWorker: Starting segment from index:0
2019-09-10 05:35:32,156 [b365e7c3-3384-4dda-bf54-3c9a5d02b5a0@group-B6DB05E82C1A:LeaderElection94] INFO  impl.LeaderElection (LeaderElection.java:logAndReturn(56)) - b365e7c3-3384-4dda-bf54-3c9a5d02b5a0@group-B6DB05E82C1A:LeaderElection94: Election PASSED; received 2 response(s) [b365e7c3-3384-4dda-bf54-3c9a5d02b5a0<-09940887-b3de-422b-adff-478b86b01adb#0:FAIL-t1, b365e7c3-3384-4dda-bf54-3c9a5d02b5a0<-6e39a6b0-7c21-4c58-b01b-b05d763a4956#0:OK-t1] and 0 exception(s); b365e7c3-3384-4dda-bf54-3c9a5d02b5a0@group-B6DB05E82C1A:t1, leader=null, voted=b365e7c3-3384-4dda-bf54-3c9a5d02b5a0, raftlog=b365e7c3-3384-4dda-bf54-3c9a5d02b5a0@group-B6DB05E82C1A-SegmentedRaftLog:OPENED:c-1,f-1,i0, conf=-1: [09940887-b3de-422b-adff-478b86b01adb:192.168.36.76:33140, 6e39a6b0-7c21-4c58-b01b-b05d763a4956:192.168.36.76:44714, b365e7c3-3384-4dda-bf54-3c9a5d02b5a0:192.168.36.76:44254], old=null
2019-09-10 05:35:32,156 [09940887-b3de-422b-adff-478b86b01adb@group-B6DB05E82C1A:LeaderElection96] INFO  impl.LeaderElection (LeaderElection.java:logAndReturn(56)) - 09940887-b3de-422b-adff-478b86b01adb@group-B6DB05E82C1A:LeaderElection96: Election REJECTED; received 2 response(s) [09940887-b3de-422b-adff-478b86b01adb<-6e39a6b0-7c21-4c58-b01b-b05d763a4956#0:FAIL-t1, 09940887-b3de-422b-adff-478b86b01adb<-b365e7c3-3384-4dda-bf54-3c9a5d02b5a0#0:FAIL-t1] and 0 exception(s); 09940887-b3de-422b-adff-478b86b01adb@group-B6DB05E82C1A:t1, leader=null, voted=09940887-b3de-422b-adff-478b86b01adb, raftlog=09940887-b3de-422b-adff-478b86b01adb@group-B6DB05E82C1A-SegmentedRaftLog:OPENED:c-1,f-1,i0, conf=-1: [09940887-b3de-422b-adff-478b86b01adb:192.168.36.76:33140, 6e39a6b0-7c21-4c58-b01b-b05d763a4956:192.168.36.76:44714, b365e7c3-3384-4dda-bf54-3c9a5d02b5a0:192.168.36.76:44254], old=null
2019-09-10 05:35:32,156 [b365e7c3-3384-4dda-bf54-3c9a5d02b5a0@group-B6DB05E82C1A:LeaderElection94] INFO  impl.RoleInfo (RoleInfo.java:shutdownLeaderElection(134)) - b365e7c3-3384-4dda-bf54-3c9a5d02b5a0: shutdown LeaderElection
2019-09-10 05:35:32,191 [09940887-b3de-422b-adff-478b86b01adb@group-B6DB05E82C1A:LeaderElection96] INFO  impl.RaftServerImpl (RaftServerImpl.java:setRole(174)) - 09940887-b3de-422b-adff-478b86b01adb@group-B6DB05E82C1A: changes role from CANDIDATE to FOLLOWER at term 1 for DISCOVERED_A_NEW_TERM
2019-09-10 05:35:32,228 [09940887-b3de-422b-adff-478b86b01adb@group-B6DB05E82C1A:LeaderElection96] INFO  impl.RoleInfo (RoleInfo.java:shutdownLeaderElection(134)) - 09940887-b3de-422b-adff-478b86b01adb: shutdown LeaderElection
2019-09-10 05:35:32,228 [09940887-b3de-422b-adff-478b86b01adb@group-B6DB05E82C1A:LeaderElection96] INFO  impl.RoleInfo (RoleInfo.java:updateAndGet(143)) - 09940887-b3de-422b-adff-478b86b01adb: start FollowerState
2019-09-10 05:35:32,192 [6e39a6b0-7c21-4c58-b01b-b05d763a4956@group-13CAA85153C8-SegmentedRaftLogWorker] INFO  segmented.SegmentedRaftLogWorker (SegmentedRaftLogWorker.java:execute(569)) - 6e39a6b0-7c21-4c58-b01b-b05d763a4956@group-13CAA85153C8-SegmentedRaftLogWorker: created new log segment /workdir/hadoop-ozone/integration-test/target/test-dir/MiniOzoneClusterImpl-57336a7d-2d72-4251-b84b-f30cd33fc333/datanode-6/data/ratis/a25ead9b-d09b-47d8-ba55-13caa85153c8/current/log_inprogress_0
2019-09-10 05:35:32,192 [b365e7c3-3384-4dda-bf54-3c9a5d02b5a0@group-B6DB05E82C1A:LeaderElection94] INFO  impl.RaftServerImpl (RaftServerImpl.java:setRole(174)) - b365e7c3-3384-4dda-bf54-3c9a5d02b5a0@group-B6DB05E82C1A: changes role from CANDIDATE to LEADER at term 1 for changeToLeader
2019-09-10 05:35:32,232 [b365e7c3-3384-4dda-bf54-3c9a5d02b5a0@group-B6DB05E82C1A:LeaderElection94] INFO  impl.RaftServerImpl (ServerState.java:setLeader(253)) - b365e7c3-3384-4dda-bf54-3c9a5d02b5a0@group-B6DB05E82C1A: change Leader from null to b365e7c3-3384-4dda-bf54-3c9a5d02b5a0 at term 1 for becomeLeader, leader elected after 5253ms
2019-09-10 05:35:32,233 [b365e7c3-3384-4dda-bf54-3c9a5d02b5a0@group-B6DB05E82C1A:LeaderElection94] INFO  server.RaftServerConfigKeys (ConfUtils.java:logGet(43)) - raft.server.staging.catchup.gap = 1000 (default)
2019-09-10 05:35:32,233 [b365e7c3-3384-4dda-bf54-3c9a5d02b5a0@group-B6DB05E82C1A:LeaderElection94] INFO  server.RaftServerConfigKeys (ConfUtils.java:logGet(43)) - raft.server.rpc.sleep.time = 25ms (default)
2019-09-10 05:35:32,233 [b365e7c3-3384-4dda-bf54-3c9a5d02b5a0@group-B6DB05E82C1A:LeaderElection94] INFO  server.RaftServerConfigKeys (ConfUtils.java:logGet(43)) - raft.server.write.element-limit = 4096 (default)
2019-09-10 05:35:32,233 [b365e7c3-3384-4dda-bf54-3c9a5d02b5a0@group-B6DB05E82C1A:LeaderElection94] INFO  server.RaftServerConfigKeys (ConfUtils.java:logGet(43)) - raft.server.watch.timeout = 10s (default)
2019-09-10 05:35:32,233 [b365e7c3-3384-4dda-bf54-3c9a5d02b5a0@group-B6DB05E82C1A:LeaderElection94] INFO  server.RaftServerConfigKeys (ConfUtils.java:logGet(43)) - raft.server.watch.timeout.denomination = 1s (default)
2019-09-10 05:35:32,233 [b365e7c3-3384-4dda-bf54-3c9a5d02b5a0@group-B6DB05E82C1A:LeaderElection94] INFO  server.RaftServerConfigKeys (ConfUtils.java:logGet(43)) - raft.server.watch.element-limit = 65536 (default)
2019-09-10 05:35:32,235 [b365e7c3-3384-4dda-bf54-3c9a5d02b5a0@group-B6DB05E82C1A:LeaderElection94] INFO  server.RaftServerConfigKeys (ConfUtils.java:logGet(43)) - raft.server.log.appender.snapshot.chunk.size.max = 16MB (=16777216) (default)
2019-09-10 05:35:32,235 [b365e7c3-3384-4dda-bf54-3c9a5d02b5a0@group-B6DB05E82C1A:LeaderElection94] INFO  server.RaftServerConfigKeys (ConfUtils.java:logGet(43)) - raft.server.log.appender.buffer.byte-limit = 33554432 (custom)
2019-09-10 05:35:32,235 [b365e7c3-3384-4dda-bf54-3c9a5d02b5a0@group-B6DB05E82C1A:LeaderElection94] INFO  server.RaftServerConfigKeys (ConfUtils.java:logGet(43)) - raft.server.log.appender.buffer.element-limit = 1 (custom)
2019-09-10 05:35:32,236 [b365e7c3-3384-4dda-bf54-3c9a5d02b5a0@group-B6DB05E82C1A:LeaderElection94] INFO  grpc.GrpcConfigKeys$Server (ConfUtils.java:logGet(43)) - raft.grpc.server.leader.outstanding.appends.max = 128 (default)
2019-09-10 05:35:32,236 [b365e7c3-3384-4dda-bf54-3c9a5d02b5a0@group-B6DB05E82C1A:LeaderElection94] INFO  server.RaftServerConfigKeys (ConfUtils.java:logGet(43)) - raft.server.rpc.request.timeout = 3000ms (default)
2019-09-10 05:35:32,236 [b365e7c3-3384-4dda-bf54-3c9a5d02b5a0@group-B6DB05E82C1A:LeaderElection94] INFO  server.RaftServerConfigKeys (ConfUtils.java:logGet(43)) - raft.server.log.appender.install.snapshot.enabled = false (custom)
2019-09-10 05:35:32,236 [b365e7c3-3384-4dda-bf54-3c9a5d02b5a0@group-B6DB05E82C1A:LeaderElection94] INFO  server.RaftServerConfigKeys (ConfUtils.java:logGet(43)) - raft.server.log.appender.snapshot.chunk.size.max = 16MB (=16777216) (default)
2019-09-10 05:35:32,236 [b365e7c3-3384-4dda-bf54-3c9a5d02b5a0@group-B6DB05E82C1A:LeaderElection94] INFO  server.RaftServerConfigKeys (ConfUtils.java:logGet(43)) - raft.server.log.appender.buffer.byte-limit = 33554432 (custom)
2019-09-10 05:35:32,236 [b365e7c3-3384-4dda-bf54-3c9a5d02b5a0@group-B6DB05E82C1A:LeaderElection94] INFO  server.RaftServerConfigKeys (ConfUtils.java:logGet(43)) - raft.server.log.appender.buffer.element-limit = 1 (custom)
2019-09-10 05:35:32,237 [b365e7c3-3384-4dda-bf54-3c9a5d02b5a0@group-B6DB05E82C1A:LeaderElection94] INFO  grpc.GrpcConfigKeys$Server (ConfUtils.java:logGet(43)) - raft.grpc.server.leader.outstanding.appends.max = 128 (default)
2019-09-10 05:35:32,237 [b365e7c3-3384-4dda-bf54-3c9a5d02b5a0@group-B6DB05E82C1A:LeaderElection94] INFO  server.RaftServerConfigKeys (ConfUtils.java:logGet(43)) - raft.server.rpc.request.timeout = 3000ms (default)
2019-09-10 05:35:32,237 [b365e7c3-3384-4dda-bf54-3c9a5d02b5a0@group-B6DB05E82C1A:LeaderElection94] INFO  server.RaftServerConfigKeys (ConfUtils.java:logGet(43)) - raft.server.log.appender.install.snapshot.enabled = false (custom)
2019-09-10 05:35:32,237 [b365e7c3-3384-4dda-bf54-3c9a5d02b5a0@group-B6DB05E82C1A:LeaderElection94] INFO  impl.RoleInfo (RoleInfo.java:updateAndGet(143)) - b365e7c3-3384-4dda-bf54-3c9a5d02b5a0: start LeaderState
2019-09-10 05:35:32,237 [b365e7c3-3384-4dda-bf54-3c9a5d02b5a0@group-B6DB05E82C1A:LeaderElection94] INFO  segmented.SegmentedRaftLogWorker (SegmentedRaftLogWorker.java:startLogSegment(380)) - b365e7c3-3384-4dda-bf54-3c9a5d02b5a0@group-B6DB05E82C1A-SegmentedRaftLogWorker: Starting segment from index:0
2019-09-10 05:35:32,238 [b365e7c3-3384-4dda-bf54-3c9a5d02b5a0@group-B6DB05E82C1A:LeaderElection94] INFO  impl.RaftServerImpl (ServerState.java:setRaftConf(354)) - b365e7c3-3384-4dda-bf54-3c9a5d02b5a0@group-B6DB05E82C1A: set configuration 0: [09940887-b3de-422b-adff-478b86b01adb:192.168.36.76:33140, 6e39a6b0-7c21-4c58-b01b-b05d763a4956:192.168.36.76:44714, b365e7c3-3384-4dda-bf54-3c9a5d02b5a0:192.168.36.76:44254], old=null at 0
2019-09-10 05:35:32,240 [grpc-default-executor-9] INFO  impl.RaftServerImpl (ServerState.java:setLeader(253)) - 6e39a6b0-7c21-4c58-b01b-b05d763a4956@group-B6DB05E82C1A: change Leader from null to b365e7c3-3384-4dda-bf54-3c9a5d02b5a0 at term 1 for appendEntries, leader elected after 5260ms
2019-09-10 05:35:32,240 [grpc-default-executor-11] INFO  impl.RaftServerImpl (ServerState.java:setLeader(253)) - 09940887-b3de-422b-adff-478b86b01adb@group-B6DB05E82C1A: change Leader from null to b365e7c3-3384-4dda-bf54-3c9a5d02b5a0 at term 1 for appendEntries, leader elected after 5260ms
2019-09-10 05:35:32,241 [7808bc08-8c64-492d-8125-4fa314b60c8b@group-CC489457D0B6-SegmentedRaftLogWorker] INFO  segmented.SegmentedRaftLogWorker (SegmentedRaftLogWorker.java:execute(569)) - 7808bc08-8c64-492d-8125-4fa314b60c8b@group-CC489457D0B6-SegmentedRaftLogWorker: created new log segment /workdir/hadoop-ozone/integration-test/target/test-dir/MiniOzoneClusterImpl-57336a7d-2d72-4251-b84b-f30cd33fc333/datanode-3/data/ratis/2528d2e7-86be-4d5e-8d8b-cc489457d0b6/current/log_inprogress_0
2019-09-10 05:35:32,241 [7ffb1f47-f84a-45ee-8f65-039bc0f66923@group-CC489457D0B6-SegmentedRaftLogWorker] INFO  segmented.SegmentedRaftLogWorker (SegmentedRaftLogWorker.java:execute(569)) - 7ffb1f47-f84a-45ee-8f65-039bc0f66923@group-CC489457D0B6-SegmentedRaftLogWorker: created new log segment /workdir/hadoop-ozone/integration-test/target/test-dir/MiniOzoneClusterImpl-57336a7d-2d72-4251-b84b-f30cd33fc333/datanode-4/data/ratis/2528d2e7-86be-4d5e-8d8b-cc489457d0b6/current/log_inprogress_0
2019-09-10 05:35:32,243 [grpc-default-executor-11] INFO  impl.RaftServerImpl (ServerState.java:setRaftConf(354)) - 6e39a6b0-7c21-4c58-b01b-b05d763a4956@group-B6DB05E82C1A: set configuration 0: [09940887-b3de-422b-adff-478b86b01adb:192.168.36.76:33140, 6e39a6b0-7c21-4c58-b01b-b05d763a4956:192.168.36.76:44714, b365e7c3-3384-4dda-bf54-3c9a5d02b5a0:192.168.36.76:44254], old=null at 0
2019-09-10 05:35:32,243 [grpc-default-executor-11] INFO  segmented.SegmentedRaftLogWorker (SegmentedRaftLogWorker.java:startLogSegment(380)) - 6e39a6b0-7c21-4c58-b01b-b05d763a4956@group-B6DB05E82C1A-SegmentedRaftLogWorker: Starting segment from index:0
2019-09-10 05:35:32,243 [grpc-default-executor-9] INFO  impl.RaftServerImpl (ServerState.java:setRaftConf(354)) - 09940887-b3de-422b-adff-478b86b01adb@group-B6DB05E82C1A: set configuration 0: [09940887-b3de-422b-adff-478b86b01adb:192.168.36.76:33140, 6e39a6b0-7c21-4c58-b01b-b05d763a4956:192.168.36.76:44714, b365e7c3-3384-4dda-bf54-3c9a5d02b5a0:192.168.36.76:44254], old=null at 0
2019-09-10 05:35:32,244 [grpc-default-executor-9] INFO  segmented.SegmentedRaftLogWorker (SegmentedRaftLogWorker.java:startLogSegment(380)) - 09940887-b3de-422b-adff-478b86b01adb@group-B6DB05E82C1A-SegmentedRaftLogWorker: Starting segment from index:0
2019-09-10 05:35:32,246 [grpc-default-executor-9] INFO  client.GrpcClientProtocolClient (GrpcClientProtocolClient.java:onNext(264)) - client-76029A3753BB->b8edd47f-9a8a-4d8f-b9ea-91b185ba1497: receive RaftClientReply:client-76029A3753BB->b8edd47f-9a8a-4d8f-b9ea-91b185ba1497@group-CC489457D0B6, cid=210, FAILED org.apache.ratis.protocol.LeaderNotReadyException: b8edd47f-9a8a-4d8f-b9ea-91b185ba1497@group-CC489457D0B6 is in LEADER state but not ready yet., logIndex=0, commits[b8edd47f-9a8a-4d8f-b9ea-91b185ba1497:c-1, 7ffb1f47-f84a-45ee-8f65-039bc0f66923:c-1, 7808bc08-8c64-492d-8125-4fa314b60c8b:c-1]
2019-09-10 05:35:32,281 [09940887-b3de-422b-adff-478b86b01adb@group-B6DB05E82C1A-SegmentedRaftLogWorker] INFO  segmented.SegmentedRaftLogWorker (SegmentedRaftLogWorker.java:execute(569)) - 09940887-b3de-422b-adff-478b86b01adb@group-B6DB05E82C1A-SegmentedRaftLogWorker: created new log segment /workdir/hadoop-ozone/integration-test/target/test-dir/MiniOzoneClusterImpl-57336a7d-2d72-4251-b84b-f30cd33fc333/datanode-0/data/ratis/dc99524c-3982-4956-b46c-b6db05e82c1a/current/log_inprogress_0
2019-09-10 05:35:32,281 [6e39a6b0-7c21-4c58-b01b-b05d763a4956@group-B6DB05E82C1A-SegmentedRaftLogWorker] INFO  segmented.SegmentedRaftLogWorker (SegmentedRaftLogWorker.java:execute(569)) - 6e39a6b0-7c21-4c58-b01b-b05d763a4956@group-B6DB05E82C1A-SegmentedRaftLogWorker: created new log segment /workdir/hadoop-ozone/integration-test/target/test-dir/MiniOzoneClusterImpl-57336a7d-2d72-4251-b84b-f30cd33fc333/datanode-6/data/ratis/dc99524c-3982-4956-b46c-b6db05e82c1a/current/log_inprogress_0
2019-09-10 05:35:32,281 [b365e7c3-3384-4dda-bf54-3c9a5d02b5a0@group-B6DB05E82C1A-SegmentedRaftLogWorker] INFO  segmented.SegmentedRaftLogWorker (SegmentedRaftLogWorker.java:execute(569)) - b365e7c3-3384-4dda-bf54-3c9a5d02b5a0@group-B6DB05E82C1A-SegmentedRaftLogWorker: created new log segment /workdir/hadoop-ozone/integration-test/target/test-dir/MiniOzoneClusterImpl-57336a7d-2d72-4251-b84b-f30cd33fc333/datanode-1/data/ratis/dc99524c-3982-4956-b46c-b6db05e82c1a/current/log_inprogress_0
2019-09-10 05:35:34,438 [grpc-default-executor-11] INFO  client.GrpcClientProtocolClient (GrpcClientProtocolClient.java:onNext(264)) - client-76029A3753BB->b8edd47f-9a8a-4d8f-b9ea-91b185ba1497: receive RaftClientReply:client-76029A3753BB->b8edd47f-9a8a-4d8f-b9ea-91b185ba1497@group-CC489457D0B6, cid=210, SUCCESS, logIndex=1, commits[b8edd47f-9a8a-4d8f-b9ea-91b185ba1497:c1, 7ffb1f47-f84a-45ee-8f65-039bc0f66923:c0, 7808bc08-8c64-492d-8125-4fa314b60c8b:c-1]
2019-09-10 05:35:34,462 [grpc-default-executor-8] INFO  client.GrpcClientProtocolClient (GrpcClientProtocolClient.java:onNext(264)) - client-76029A3753BB->b8edd47f-9a8a-4d8f-b9ea-91b185ba1497: receive RaftClientReply:client-76029A3753BB->b8edd47f-9a8a-4d8f-b9ea-91b185ba1497@group-CC489457D0B6, cid=211, SUCCESS, logIndex=3, commits[b8edd47f-9a8a-4d8f-b9ea-91b185ba1497:c3, 7ffb1f47-f84a-45ee-8f65-039bc0f66923:c1, 7808bc08-8c64-492d-8125-4fa314b60c8b:c2]
2019-09-10 05:35:34,491 [grpc-default-executor-11] INFO  client.GrpcClientProtocolClient (GrpcClientProtocolClient.java:onNext(264)) - client-76029A3753BB->b8edd47f-9a8a-4d8f-b9ea-91b185ba1497: receive RaftClientReply:client-76029A3753BB->b8edd47f-9a8a-4d8f-b9ea-91b185ba1497@group-CC489457D0B6, cid=212, SUCCESS, logIndex=4, commits[b8edd47f-9a8a-4d8f-b9ea-91b185ba1497:c9, 7ffb1f47-f84a-45ee-8f65-039bc0f66923:c7, 7808bc08-8c64-492d-8125-4fa314b60c8b:c7]
2019-09-10 05:35:34,492 [grpc-default-executor-11] INFO  client.GrpcClientProtocolClient (GrpcClientProtocolClient.java:onNext(264)) - client-76029A3753BB->b8edd47f-9a8a-4d8f-b9ea-91b185ba1497: receive RaftClientReply:client-76029A3753BB->b8edd47f-9a8a-4d8f-b9ea-91b185ba1497@group-CC489457D0B6, cid=213, SUCCESS, logIndex=5, commits[b8edd47f-9a8a-4d8f-b9ea-91b185ba1497:c9, 7ffb1f47-f84a-45ee-8f65-039bc0f66923:c7, 7808bc08-8c64-492d-8125-4fa314b60c8b:c7]
2019-09-10 05:35:34,492 [grpc-default-executor-11] INFO  client.GrpcClientProtocolClient (GrpcClientProtocolClient.java:onNext(264)) - client-76029A3753BB->b8edd47f-9a8a-4d8f-b9ea-91b185ba1497: receive RaftClientReply:client-76029A3753BB->b8edd47f-9a8a-4d8f-b9ea-91b185ba1497@group-CC489457D0B6, cid=214, SUCCESS, logIndex=6, commits[b8edd47f-9a8a-4d8f-b9ea-91b185ba1497:c9, 7ffb1f47-f84a-45ee-8f65-039bc0f66923:c7, 7808bc08-8c64-492d-8125-4fa314b60c8b:c7]
2019-09-10 05:35:34,550 [grpc-default-executor-11] INFO  client.GrpcClientProtocolClient (GrpcClientProtocolClient.java:onNext(264)) - client-76029A3753BB->b8edd47f-9a8a-4d8f-b9ea-91b185ba1497: receive RaftClientReply:client-76029A3753BB->b8edd47f-9a8a-4d8f-b9ea-91b185ba1497@group-CC489457D0B6, cid=215, SUCCESS, logIndex=7, commits[b8edd47f-9a8a-4d8f-b9ea-91b185ba1497:c9, 7ffb1f47-f84a-45ee-8f65-039bc0f66923:c7, 7808bc08-8c64-492d-8125-4fa314b60c8b:c7]
2019-09-10 05:35:34,578 [grpc-default-executor-8] INFO  client.GrpcClientProtocolClient (GrpcClientProtocolClient.java:onNext(264)) - client-76029A3753BB->b8edd47f-9a8a-4d8f-b9ea-91b185ba1497: receive RaftClientReply:client-76029A3753BB->b8edd47f-9a8a-4d8f-b9ea-91b185ba1497@group-CC489457D0B6, cid=216, SUCCESS, logIndex=10, commits[b8edd47f-9a8a-4d8f-b9ea-91b185ba1497:c11, 7ffb1f47-f84a-45ee-8f65-039bc0f66923:c9, 7808bc08-8c64-492d-8125-4fa314b60c8b:c7]
2019-09-10 05:35:34,579 [grpc-default-executor-8] INFO  client.GrpcClientProtocolClient (GrpcClientProtocolClient.java:onNext(264)) - client-76029A3753BB->b8edd47f-9a8a-4d8f-b9ea-91b185ba1497: receive RaftClientReply:client-76029A3753BB->b8edd47f-9a8a-4d8f-b9ea-91b185ba1497@group-CC489457D0B6, cid=217, SUCCESS, logIndex=11, commits[b8edd47f-9a8a-4d8f-b9ea-91b185ba1497:c11, 7ffb1f47-f84a-45ee-8f65-039bc0f66923:c9, 7808bc08-8c64-492d-8125-4fa314b60c8b:c9]
2019-09-10 05:35:34,608 [grpc-default-executor-8] INFO  client.GrpcClientProtocolClient (GrpcClientProtocolClient.java:onNext(264)) - client-76029A3753BB->b8edd47f-9a8a-4d8f-b9ea-91b185ba1497: receive RaftClientReply:client-76029A3753BB->b8edd47f-9a8a-4d8f-b9ea-91b185ba1497@group-CC489457D0B6, cid=218, SUCCESS, logIndex=0, commits[b8edd47f-9a8a-4d8f-b9ea-91b185ba1497:c13, 7ffb1f47-f84a-45ee-8f65-039bc0f66923:c11, 7808bc08-8c64-492d-8125-4fa314b60c8b:c11]
2019-09-10 05:35:34,609 [EventQueue-CloseContainerForCloseContainerEventHandler] INFO  container.CloseContainerEventHandler (CloseContainerEventHandler.java:onMessage(61)) - Close container Event triggered for container : #1
2019-09-10 05:35:34,610 [EventQueue-CloseContainerForCloseContainerEventHandler] INFO  container.CloseContainerEventHandler (CloseContainerEventHandler.java:onMessage(61)) - Close container Event triggered for container : #1
2019-09-10 05:35:34,610 [EventQueue-CloseContainerForCloseContainerEventHandler] INFO  container.CloseContainerEventHandler (CloseContainerEventHandler.java:onMessage(61)) - Close container Event triggered for container : #1
2019-09-10 05:35:36,477 [RatisApplyTransactionExecutor 1] INFO  interfaces.Container (KeyValueContainer.java:flushAndSyncDB(384)) - Container 1 is synced with bcsId 11.
2019-09-10 05:35:36,477 [RatisApplyTransactionExecutor 1] INFO  interfaces.Container (KeyValueContainer.java:flushAndSyncDB(384)) - Container 1 is synced with bcsId 11.
2019-09-10 05:35:36,489 [RatisApplyTransactionExecutor 1] INFO  interfaces.Container (KeyValueContainer.java:flushAndSyncDB(384)) - Container 1 is synced with bcsId 11.
2019-09-10 05:35:36,490 [RatisApplyTransactionExecutor 1] INFO  interfaces.Container (KeyValueContainer.java:flushAndSyncDB(384)) - Container 1 is synced with bcsId 11.
2019-09-10 05:35:36,502 [RatisApplyTransactionExecutor 1] INFO  interfaces.Container (KeyValueContainer.java:flushAndSyncDB(384)) - Container 1 is synced with bcsId 11.
2019-09-10 05:35:36,503 [RatisApplyTransactionExecutor 1] INFO  interfaces.Container (KeyValueContainer.java:flushAndSyncDB(384)) - Container 1 is synced with bcsId 11.
2019-09-10 05:35:36,503 [RatisApplyTransactionExecutor 1] INFO  interfaces.Container (KeyValueContainer.java:close(333)) - Container 1 is closed with bcsId 11.
2019-09-10 05:35:36,504 [RatisApplyTransactionExecutor 1] INFO  interfaces.Container (KeyValueContainer.java:close(333)) - Container 1 is closed with bcsId 11.
2019-09-10 05:35:36,504 [EventQueue-IncrementalContainerReportForIncrementalContainerReportHandler] INFO  container.IncrementalContainerReportHandler (AbstractContainerReportHandler.java:updateContainerState(176)) - Moving container #1 to CLOSED state, datanode b8edd47f-9a8a-4d8f-b9ea-91b185ba1497{ip: 192.168.36.76, host: trunk-nightly-20190910-vk757-903364635, networkLocation: /default-rack, certSerialId: null} reported CLOSED replica.
2019-09-10 05:35:36,519 [RatisApplyTransactionExecutor 1] INFO  interfaces.Container (KeyValueContainer.java:close(333)) - Container 1 is closed with bcsId 11.
05:35:36.615 [grpc-default-executor-8] ERROR DNAudit - user=null | ip=null | op=WRITE_CHUNK {blockData=conID: 1 locID: 102766590492999699 bcsId: 11} | ret=FAILURE
org.apache.hadoop.hdds.scm.container.common.helpers.ContainerNotOpenException: Container 1 in CLOSED state
	at org.apache.hadoop.ozone.container.common.impl.HddsDispatcher.validateContainerCommand(HddsDispatcher.java:431) ~[hadoop-hdds-container-service-0.5.0-SNAPSHOT.jar:?]
	at org.apache.hadoop.ozone.container.common.transport.server.ratis.ContainerStateMachine.startTransaction(ContainerStateMachine.java:315) ~[hadoop-hdds-container-service-0.5.0-SNAPSHOT.jar:?]
	at org.apache.ratis.server.impl.RaftServerImpl.submitClientRequestAsync(RaftServerImpl.java:573) ~[ratis-server-0.4.0-78e95b9-SNAPSHOT.jar:0.4.0-78e95b9-SNAPSHOT]
	at org.apache.ratis.server.impl.RaftServerProxy.lambda$submitClientRequestAsync$7(RaftServerProxy.java:333) ~[ratis-server-0.4.0-78e95b9-SNAPSHOT.jar:0.4.0-78e95b9-SNAPSHOT]
	at org.apache.ratis.server.impl.RaftServerProxy.lambda$null$5(RaftServerProxy.java:328) ~[ratis-server-0.4.0-78e95b9-SNAPSHOT.jar:0.4.0-78e95b9-SNAPSHOT]
	at org.apache.ratis.util.JavaUtils.callAsUnchecked(JavaUtils.java:109) ~[ratis-common-0.4.0-78e95b9-SNAPSHOT.jar:0.4.0-78e95b9-SNAPSHOT]
	at org.apache.ratis.server.impl.RaftServerProxy.lambda$submitRequest$6(RaftServerProxy.java:328) ~[ratis-server-0.4.0-78e95b9-SNAPSHOT.jar:0.4.0-78e95b9-SNAPSHOT]
	at java.util.concurrent.CompletableFuture.uniComposeStage(CompletableFuture.java:981) ~[?:1.8.0_212]
	at java.util.concurrent.CompletableFuture.thenCompose(CompletableFuture.java:2124) ~[?:1.8.0_212]
	at org.apache.ratis.server.impl.RaftServerProxy.submitRequest(RaftServerProxy.java:327) ~[ratis-server-0.4.0-78e95b9-SNAPSHOT.jar:0.4.0-78e95b9-SNAPSHOT]
	at org.apache.ratis.server.impl.RaftServerProxy.submitClientRequestAsync(RaftServerProxy.java:333) ~[ratis-server-0.4.0-78e95b9-SNAPSHOT.jar:0.4.0-78e95b9-SNAPSHOT]
	at org.apache.ratis.grpc.client.GrpcClientProtocolService$RequestStreamObserver.processClientRequest(GrpcClientProtocolService.java:220) ~[ratis-grpc-0.4.0-78e95b9-SNAPSHOT.jar:0.4.0-78e95b9-SNAPSHOT]
	at org.apache.ratis.grpc.client.GrpcClientProtocolService$OrderedRequestStreamObserver.processClientRequest(GrpcClientProtocolService.java:326) ~[ratis-grpc-0.4.0-78e95b9-SNAPSHOT.jar:0.4.0-78e95b9-SNAPSHOT]
	at org.apache.ratis.util.SlidingWindow$Server.processRequestsFromHead(SlidingWindow.java:429) [ratis-common-0.4.0-78e95b9-SNAPSHOT.jar:0.4.0-78e95b9-SNAPSHOT]
	at org.apache.ratis.util.SlidingWindow$Server.receivedRequest(SlidingWindow.java:421) [ratis-common-0.4.0-78e95b9-SNAPSHOT.jar:0.4.0-78e95b9-SNAPSHOT]
	at org.apache.ratis.grpc.client.GrpcClientProtocolService$OrderedRequestStreamObserver.processClientRequest(GrpcClientProtocolService.java:345) [ratis-grpc-0.4.0-78e95b9-SNAPSHOT.jar:0.4.0-78e95b9-SNAPSHOT]
	at org.apache.ratis.grpc.client.GrpcClientProtocolService$RequestStreamObserver.onNext(GrpcClientProtocolService.java:240) [ratis-grpc-0.4.0-78e95b9-SNAPSHOT.jar:0.4.0-78e95b9-SNAPSHOT]
	at org.apache.ratis.grpc.client.GrpcClientProtocolService$RequestStreamObserver.onNext(GrpcClientProtocolService.java:168) [ratis-grpc-0.4.0-78e95b9-SNAPSHOT.jar:0.4.0-78e95b9-SNAPSHOT]
	at org.apache.ratis.thirdparty.io.grpc.stub.ServerCalls$StreamingServerCallHandler$StreamingServerCallListener.onMessage(ServerCalls.java:248) [ratis-thirdparty-misc-0.2.0.jar:0.2.0]
	at org.apache.ratis.thirdparty.io.grpc.internal.ServerCallImpl$ServerStreamListenerImpl.messagesAvailable(ServerCallImpl.java:263) [ratis-thirdparty-misc-0.2.0.jar:0.2.0]
	at org.apache.ratis.thirdparty.io.grpc.internal.ServerImpl$JumpToApplicationThreadServerStreamListener$1MessagesAvailable.runInContext(ServerImpl.java:686) [ratis-thirdparty-misc-0.2.0.jar:0.2.0]
	at org.apache.ratis.thirdparty.io.grpc.internal.ContextRunnable.run(ContextRunnable.java:37) [ratis-thirdparty-misc-0.2.0.jar:0.2.0]
	at org.apache.ratis.thirdparty.io.grpc.internal.SerializingExecutor.run(SerializingExecutor.java:123) [ratis-thirdparty-misc-0.2.0.jar:0.2.0]
	at java.util.concurrent.ThreadPoolExecutor.runWorker(ThreadPoolExecutor.java:1149) [?:1.8.0_212]
	at java.util.concurrent.ThreadPoolExecutor$Worker.run(ThreadPoolExecutor.java:624) [?:1.8.0_212]
	at java.lang.Thread.run(Thread.java:748) [?:1.8.0_212]
05:35:36.619 [grpc-default-executor-8] ERROR DNAudit - user=null | ip=null | op=WRITE_CHUNK {blockData=conID: 1 locID: 102766590492999699 bcsId: 11} | ret=FAILURE
org.apache.hadoop.hdds.scm.container.common.helpers.ContainerNotOpenException: Container 1 in CLOSED state
	at org.apache.hadoop.ozone.container.common.impl.HddsDispatcher.validateContainerCommand(HddsDispatcher.java:431) ~[hadoop-hdds-container-service-0.5.0-SNAPSHOT.jar:?]
	at org.apache.hadoop.ozone.container.common.transport.server.ratis.ContainerStateMachine.startTransaction(ContainerStateMachine.java:315) ~[hadoop-hdds-container-service-0.5.0-SNAPSHOT.jar:?]
	at org.apache.ratis.server.impl.RaftServerImpl.submitClientRequestAsync(RaftServerImpl.java:573) ~[ratis-server-0.4.0-78e95b9-SNAPSHOT.jar:0.4.0-78e95b9-SNAPSHOT]
	at org.apache.ratis.server.impl.RaftServerProxy.lambda$submitClientRequestAsync$7(RaftServerProxy.java:333) ~[ratis-server-0.4.0-78e95b9-SNAPSHOT.jar:0.4.0-78e95b9-SNAPSHOT]
	at org.apache.ratis.server.impl.RaftServerProxy.lambda$null$5(RaftServerProxy.java:328) ~[ratis-server-0.4.0-78e95b9-SNAPSHOT.jar:0.4.0-78e95b9-SNAPSHOT]
	at org.apache.ratis.util.JavaUtils.callAsUnchecked(JavaUtils.java:109) ~[ratis-common-0.4.0-78e95b9-SNAPSHOT.jar:0.4.0-78e95b9-SNAPSHOT]
	at org.apache.ratis.server.impl.RaftServerProxy.lambda$submitRequest$6(RaftServerProxy.java:328) ~[ratis-server-0.4.0-78e95b9-SNAPSHOT.jar:0.4.0-78e95b9-SNAPSHOT]
	at java.util.concurrent.CompletableFuture.uniComposeStage(CompletableFuture.java:981) ~[?:1.8.0_212]
	at java.util.concurrent.CompletableFuture.thenCompose(CompletableFuture.java:2124) ~[?:1.8.0_212]
	at org.apache.ratis.server.impl.RaftServerProxy.submitRequest(RaftServerProxy.java:327) ~[ratis-server-0.4.0-78e95b9-SNAPSHOT.jar:0.4.0-78e95b9-SNAPSHOT]
	at org.apache.ratis.server.impl.RaftServerProxy.submitClientRequestAsync(RaftServerProxy.java:333) ~[ratis-server-0.4.0-78e95b9-SNAPSHOT.jar:0.4.0-78e95b9-SNAPSHOT]
	at org.apache.ratis.grpc.client.GrpcClientProtocolService$RequestStreamObserver.processClientRequest(GrpcClientProtocolService.java:220) ~[ratis-grpc-0.4.0-78e95b9-SNAPSHOT.jar:0.4.0-78e95b9-SNAPSHOT]
	at org.apache.ratis.grpc.client.GrpcClientProtocolService$OrderedRequestStreamObserver.processClientRequest(GrpcClientProtocolService.java:326) ~[ratis-grpc-0.4.0-78e95b9-SNAPSHOT.jar:0.4.0-78e95b9-SNAPSHOT]
	at org.apache.ratis.util.SlidingWindow$Server.processRequestsFromHead(SlidingWindow.java:429) [ratis-common-0.4.0-78e95b9-SNAPSHOT.jar:0.4.0-78e95b9-SNAPSHOT]
	at org.apache.ratis.util.SlidingWindow$Server.receivedRequest(SlidingWindow.java:421) [ratis-common-0.4.0-78e95b9-SNAPSHOT.jar:0.4.0-78e95b9-SNAPSHOT]
	at org.apache.ratis.grpc.client.GrpcClientProtocolService$OrderedRequestStreamObserver.processClientRequest(GrpcClientProtocolService.java:345) [ratis-grpc-0.4.0-78e95b9-SNAPSHOT.jar:0.4.0-78e95b9-SNAPSHOT]
	at org.apache.ratis.grpc.client.GrpcClientProtocolService$RequestStreamObserver.onNext(GrpcClientProtocolService.java:240) [ratis-grpc-0.4.0-78e95b9-SNAPSHOT.jar:0.4.0-78e95b9-SNAPSHOT]
	at org.apache.ratis.grpc.client.GrpcClientProtocolService$RequestStreamObserver.onNext(GrpcClientProtocolService.java:168) [ratis-grpc-0.4.0-78e95b9-SNAPSHOT.jar:0.4.0-78e95b9-SNAPSHOT]
	at org.apache.ratis.thirdparty.io.grpc.stub.ServerCalls$StreamingServerCallHandler$StreamingServerCallListener.onMessage(ServerCalls.java:248) [ratis-thirdparty-misc-0.2.0.jar:0.2.0]
	at org.apache.ratis.thirdparty.io.grpc.internal.ServerCallImpl$ServerStreamListenerImpl.messagesAvailable(ServerCallImpl.java:263) [ratis-thirdparty-misc-0.2.0.jar:0.2.0]
	at org.apache.ratis.thirdparty.io.grpc.internal.ServerImpl$JumpToApplicationThreadServerStreamListener$1MessagesAvailable.runInContext(ServerImpl.java:686) [ratis-thirdparty-misc-0.2.0.jar:0.2.0]
	at org.apache.ratis.thirdparty.io.grpc.internal.ContextRunnable.run(ContextRunnable.java:37) [ratis-thirdparty-misc-0.2.0.jar:0.2.0]
	at org.apache.ratis.thirdparty.io.grpc.internal.SerializingExecutor.run(SerializingExecutor.java:123) [ratis-thirdparty-misc-0.2.0.jar:0.2.0]
	at java.util.concurrent.ThreadPoolExecutor.runWorker(ThreadPoolExecutor.java:1149) [?:1.8.0_212]
	at java.util.concurrent.ThreadPoolExecutor$Worker.run(ThreadPoolExecutor.java:624) [?:1.8.0_212]
	at java.lang.Thread.run(Thread.java:748) [?:1.8.0_212]
05:35:36.629 [grpc-default-executor-8] ERROR DNAudit - user=null | ip=null | op=PUT_BLOCK {blockData=[blockId=conID: 1 locID: 102766590492999699 bcsId: 0,size=650]} | ret=FAILURE
org.apache.hadoop.hdds.scm.container.common.helpers.ContainerNotOpenException: Container 1 in CLOSED state
	at org.apache.hadoop.ozone.container.common.impl.HddsDispatcher.validateContainerCommand(HddsDispatcher.java:431) ~[hadoop-hdds-container-service-0.5.0-SNAPSHOT.jar:?]
	at org.apache.hadoop.ozone.container.common.transport.server.ratis.ContainerStateMachine.startTransaction(ContainerStateMachine.java:315) ~[hadoop-hdds-container-service-0.5.0-SNAPSHOT.jar:?]
	at org.apache.ratis.server.impl.RaftServerImpl.submitClientRequestAsync(RaftServerImpl.java:573) ~[ratis-server-0.4.0-78e95b9-SNAPSHOT.jar:0.4.0-78e95b9-SNAPSHOT]
	at org.apache.ratis.server.impl.RaftServerProxy.lambda$submitClientRequestAsync$7(RaftServerProxy.java:333) ~[ratis-server-0.4.0-78e95b9-SNAPSHOT.jar:0.4.0-78e95b9-SNAPSHOT]
	at org.apache.ratis.server.impl.RaftServerProxy.lambda$null$5(RaftServerProxy.java:328) ~[ratis-server-0.4.0-78e95b9-SNAPSHOT.jar:0.4.0-78e95b9-SNAPSHOT]
	at org.apache.ratis.util.JavaUtils.callAsUnchecked(JavaUtils.java:109) ~[ratis-common-0.4.0-78e95b9-SNAPSHOT.jar:0.4.0-78e95b9-SNAPSHOT]
	at org.apache.ratis.server.impl.RaftServerProxy.lambda$submitRequest$6(RaftServerProxy.java:328) ~[ratis-server-0.4.0-78e95b9-SNAPSHOT.jar:0.4.0-78e95b9-SNAPSHOT]
	at java.util.concurrent.CompletableFuture.uniComposeStage(CompletableFuture.java:981) ~[?:1.8.0_212]
	at java.util.concurrent.CompletableFuture.thenCompose(CompletableFuture.java:2124) ~[?:1.8.0_212]
	at org.apache.ratis.server.impl.RaftServerProxy.submitRequest(RaftServerProxy.java:327) ~[ratis-server-0.4.0-78e95b9-SNAPSHOT.jar:0.4.0-78e95b9-SNAPSHOT]
	at org.apache.ratis.server.impl.RaftServerProxy.submitClientRequestAsync(RaftServerProxy.java:333) ~[ratis-server-0.4.0-78e95b9-SNAPSHOT.jar:0.4.0-78e95b9-SNAPSHOT]
	at org.apache.ratis.grpc.client.GrpcClientProtocolService$RequestStreamObserver.processClientRequest(GrpcClientProtocolService.java:220) ~[ratis-grpc-0.4.0-78e95b9-SNAPSHOT.jar:0.4.0-78e95b9-SNAPSHOT]
	at org.apache.ratis.grpc.client.GrpcClientProtocolService$OrderedRequestStreamObserver.processClientRequest(GrpcClientProtocolService.java:326) ~[ratis-grpc-0.4.0-78e95b9-SNAPSHOT.jar:0.4.0-78e95b9-SNAPSHOT]
	at org.apache.ratis.util.SlidingWindow$Server.processRequestsFromHead(SlidingWindow.java:429) [ratis-common-0.4.0-78e95b9-SNAPSHOT.jar:0.4.0-78e95b9-SNAPSHOT]
	at org.apache.ratis.util.SlidingWindow$Server.receivedRequest(SlidingWindow.java:421) [ratis-common-0.4.0-78e95b9-SNAPSHOT.jar:0.4.0-78e95b9-SNAPSHOT]
	at org.apache.ratis.grpc.client.GrpcClientProtocolService$OrderedRequestStreamObserver.processClientRequest(GrpcClientProtocolService.java:345) [ratis-grpc-0.4.0-78e95b9-SNAPSHOT.jar:0.4.0-78e95b9-SNAPSHOT]
	at org.apache.ratis.grpc.client.GrpcClientProtocolService$RequestStreamObserver.onNext(GrpcClientProtocolService.java:240) [ratis-grpc-0.4.0-78e95b9-SNAPSHOT.jar:0.4.0-78e95b9-SNAPSHOT]
	at org.apache.ratis.grpc.client.GrpcClientProtocolService$RequestStreamObserver.onNext(GrpcClientProtocolService.java:168) [ratis-grpc-0.4.0-78e95b9-SNAPSHOT.jar:0.4.0-78e95b9-SNAPSHOT]
	at org.apache.ratis.thirdparty.io.grpc.stub.ServerCalls$StreamingServerCallHandler$StreamingServerCallListener.onMessage(ServerCalls.java:248) [ratis-thirdparty-misc-0.2.0.jar:0.2.0]
	at org.apache.ratis.thirdparty.io.grpc.internal.ServerCallImpl$ServerStreamListenerImpl.messagesAvailable(ServerCallImpl.java:263) [ratis-thirdparty-misc-0.2.0.jar:0.2.0]
	at org.apache.ratis.thirdparty.io.grpc.internal.ServerImpl$JumpToApplicationThreadServerStreamListener$1MessagesAvailable.runInContext(ServerImpl.java:686) [ratis-thirdparty-misc-0.2.0.jar:0.2.0]
	at org.apache.ratis.thirdparty.io.grpc.internal.ContextRunnable.run(ContextRunnable.java:37) [ratis-thirdparty-misc-0.2.0.jar:0.2.0]
	at org.apache.ratis.thirdparty.io.grpc.internal.SerializingExecutor.run(SerializingExecutor.java:123) [ratis-thirdparty-misc-0.2.0.jar:0.2.0]
	at java.util.concurrent.ThreadPoolExecutor.runWorker(ThreadPoolExecutor.java:1149) [?:1.8.0_212]
	at java.util.concurrent.ThreadPoolExecutor$Worker.run(ThreadPoolExecutor.java:624) [?:1.8.0_212]
	at java.lang.Thread.run(Thread.java:748) [?:1.8.0_212]
2019-09-10 05:35:36,636 [grpc-default-executor-9] INFO  client.GrpcClientProtocolClient (GrpcClientProtocolClient.java:onNext(264)) - client-76029A3753BB->b8edd47f-9a8a-4d8f-b9ea-91b185ba1497: receive RaftClientReply:client-76029A3753BB->b8edd47f-9a8a-4d8f-b9ea-91b185ba1497@group-CC489457D0B6, cid=219, FAILED org.apache.ratis.protocol.StateMachineException: org.apache.hadoop.hdds.scm.container.common.helpers.ContainerNotOpenException from Server b8edd47f-9a8a-4d8f-b9ea-91b185ba1497@group-CC489457D0B6: Container 1 in CLOSED state, logIndex=0, commits[b8edd47f-9a8a-4d8f-b9ea-91b185ba1497:c15, 7ffb1f47-f84a-45ee-8f65-039bc0f66923:c14, 7808bc08-8c64-492d-8125-4fa314b60c8b:c14]
2019-09-10 05:35:36,643 [grpc-default-executor-9] INFO  client.GrpcClientProtocolClient (GrpcClientProtocolClient.java:onNext(264)) - client-76029A3753BB->b8edd47f-9a8a-4d8f-b9ea-91b185ba1497: receive RaftClientReply:client-76029A3753BB->b8edd47f-9a8a-4d8f-b9ea-91b185ba1497@group-CC489457D0B6, cid=220, FAILED org.apache.ratis.protocol.StateMachineException: org.apache.hadoop.hdds.scm.container.common.helpers.ContainerNotOpenException from Server b8edd47f-9a8a-4d8f-b9ea-91b185ba1497@group-CC489457D0B6: Container 1 in CLOSED state, logIndex=0, commits[b8edd47f-9a8a-4d8f-b9ea-91b185ba1497:c15, 7ffb1f47-f84a-45ee-8f65-039bc0f66923:c14, 7808bc08-8c64-492d-8125-4fa314b60c8b:c14]
05:35:36.643 [grpc-default-executor-8] ERROR DNAudit - user=null | ip=null | op=WRITE_CHUNK {blockData=conID: 1 locID: 102766590492999699 bcsId: 11} | ret=FAILURE
org.apache.hadoop.hdds.scm.container.common.helpers.ContainerNotOpenException: Container 1 in CLOSED state
	at org.apache.hadoop.ozone.container.common.impl.HddsDispatcher.validateContainerCommand(HddsDispatcher.java:431) ~[hadoop-hdds-container-service-0.5.0-SNAPSHOT.jar:?]
	at org.apache.hadoop.ozone.container.common.transport.server.ratis.ContainerStateMachine.startTransaction(ContainerStateMachine.java:315) ~[hadoop-hdds-container-service-0.5.0-SNAPSHOT.jar:?]
	at org.apache.ratis.server.impl.RaftServerImpl.submitClientRequestAsync(RaftServerImpl.java:573) ~[ratis-server-0.4.0-78e95b9-SNAPSHOT.jar:0.4.0-78e95b9-SNAPSHOT]
	at org.apache.ratis.server.impl.RaftServerProxy.lambda$submitClientRequestAsync$7(RaftServerProxy.java:333) ~[ratis-server-0.4.0-78e95b9-SNAPSHOT.jar:0.4.0-78e95b9-SNAPSHOT]
	at org.apache.ratis.server.impl.RaftServerProxy.lambda$null$5(RaftServerProxy.java:328) ~[ratis-server-0.4.0-78e95b9-SNAPSHOT.jar:0.4.0-78e95b9-SNAPSHOT]
	at org.apache.ratis.util.JavaUtils.callAsUnchecked(JavaUtils.java:109) ~[ratis-common-0.4.0-78e95b9-SNAPSHOT.jar:0.4.0-78e95b9-SNAPSHOT]
	at org.apache.ratis.server.impl.RaftServerProxy.lambda$submitRequest$6(RaftServerProxy.java:328) ~[ratis-server-0.4.0-78e95b9-SNAPSHOT.jar:0.4.0-78e95b9-SNAPSHOT]
	at java.util.concurrent.CompletableFuture.uniComposeStage(CompletableFuture.java:981) ~[?:1.8.0_212]
	at java.util.concurrent.CompletableFuture.thenCompose(CompletableFuture.java:2124) ~[?:1.8.0_212]
	at org.apache.ratis.server.impl.RaftServerProxy.submitRequest(RaftServerProxy.java:327) ~[ratis-server-0.4.0-78e95b9-SNAPSHOT.jar:0.4.0-78e95b9-SNAPSHOT]
	at org.apache.ratis.server.impl.RaftServerProxy.submitClientRequestAsync(RaftServerProxy.java:333) ~[ratis-server-0.4.0-78e95b9-SNAPSHOT.jar:0.4.0-78e95b9-SNAPSHOT]
	at org.apache.ratis.grpc.client.GrpcClientProtocolService$RequestStreamObserver.processClientRequest(GrpcClientProtocolService.java:220) ~[ratis-grpc-0.4.0-78e95b9-SNAPSHOT.jar:0.4.0-78e95b9-SNAPSHOT]
	at org.apache.ratis.grpc.client.GrpcClientProtocolService$OrderedRequestStreamObserver.processClientRequest(GrpcClientProtocolService.java:326) ~[ratis-grpc-0.4.0-78e95b9-SNAPSHOT.jar:0.4.0-78e95b9-SNAPSHOT]
	at org.apache.ratis.util.SlidingWindow$Server.processRequestsFromHead(SlidingWindow.java:429) [ratis-common-0.4.0-78e95b9-SNAPSHOT.jar:0.4.0-78e95b9-SNAPSHOT]
	at org.apache.ratis.util.SlidingWindow$Server.receivedRequest(SlidingWindow.java:421) [ratis-common-0.4.0-78e95b9-SNAPSHOT.jar:0.4.0-78e95b9-SNAPSHOT]
	at org.apache.ratis.grpc.client.GrpcClientProtocolService$OrderedRequestStreamObserver.processClientRequest(GrpcClientProtocolService.java:345) [ratis-grpc-0.4.0-78e95b9-SNAPSHOT.jar:0.4.0-78e95b9-SNAPSHOT]
	at org.apache.ratis.grpc.client.GrpcClientProtocolService$RequestStreamObserver.onNext(GrpcClientProtocolService.java:240) [ratis-grpc-0.4.0-78e95b9-SNAPSHOT.jar:0.4.0-78e95b9-SNAPSHOT]
	at org.apache.ratis.grpc.client.GrpcClientProtocolService$RequestStreamObserver.onNext(GrpcClientProtocolService.java:168) [ratis-grpc-0.4.0-78e95b9-SNAPSHOT.jar:0.4.0-78e95b9-SNAPSHOT]
	at org.apache.ratis.thirdparty.io.grpc.stub.ServerCalls$StreamingServerCallHandler$StreamingServerCallListener.onMessage(ServerCalls.java:248) [ratis-thirdparty-misc-0.2.0.jar:0.2.0]
	at org.apache.ratis.thirdparty.io.grpc.internal.ServerCallImpl$ServerStreamListenerImpl.messagesAvailable(ServerCallImpl.java:263) [ratis-thirdparty-misc-0.2.0.jar:0.2.0]
	at org.apache.ratis.thirdparty.io.grpc.internal.ServerImpl$JumpToApplicationThreadServerStreamListener$1MessagesAvailable.runInContext(ServerImpl.java:686) [ratis-thirdparty-misc-0.2.0.jar:0.2.0]
	at org.apache.ratis.thirdparty.io.grpc.internal.ContextRunnable.run(ContextRunnable.java:37) [ratis-thirdparty-misc-0.2.0.jar:0.2.0]
	at org.apache.ratis.thirdparty.io.grpc.internal.SerializingExecutor.run(SerializingExecutor.java:123) [ratis-thirdparty-misc-0.2.0.jar:0.2.0]
	at java.util.concurrent.ThreadPoolExecutor.runWorker(ThreadPoolExecutor.java:1149) [?:1.8.0_212]
	at java.util.concurrent.ThreadPoolExecutor$Worker.run(ThreadPoolExecutor.java:624) [?:1.8.0_212]
	at java.lang.Thread.run(Thread.java:748) [?:1.8.0_212]
2019-09-10 05:35:36,645 [grpc-default-executor-9] INFO  client.GrpcClientProtocolClient (GrpcClientProtocolClient.java:onNext(264)) - client-76029A3753BB->b8edd47f-9a8a-4d8f-b9ea-91b185ba1497: receive RaftClientReply:client-76029A3753BB->b8edd47f-9a8a-4d8f-b9ea-91b185ba1497@group-CC489457D0B6, cid=221, FAILED org.apache.ratis.protocol.StateMachineException: org.apache.hadoop.hdds.scm.container.common.helpers.ContainerNotOpenException from Server b8edd47f-9a8a-4d8f-b9ea-91b185ba1497@group-CC489457D0B6: Container 1 in CLOSED state, logIndex=0, commits[b8edd47f-9a8a-4d8f-b9ea-91b185ba1497:c15, 7ffb1f47-f84a-45ee-8f65-039bc0f66923:c14, 7808bc08-8c64-492d-8125-4fa314b60c8b:c14]
05:35:36.644 [grpc-default-executor-8] ERROR DNAudit - user=null | ip=null | op=WRITE_CHUNK {blockData=conID: 1 locID: 102766590492999699 bcsId: 11} | ret=FAILURE
org.apache.hadoop.hdds.scm.container.common.helpers.ContainerNotOpenException: Container 1 in CLOSED state
	at org.apache.hadoop.ozone.container.common.impl.HddsDispatcher.validateContainerCommand(HddsDispatcher.java:431) ~[hadoop-hdds-container-service-0.5.0-SNAPSHOT.jar:?]
	at org.apache.hadoop.ozone.container.common.transport.server.ratis.ContainerStateMachine.startTransaction(ContainerStateMachine.java:315) ~[hadoop-hdds-container-service-0.5.0-SNAPSHOT.jar:?]
	at org.apache.ratis.server.impl.RaftServerImpl.submitClientRequestAsync(RaftServerImpl.java:573) ~[ratis-server-0.4.0-78e95b9-SNAPSHOT.jar:0.4.0-78e95b9-SNAPSHOT]
	at org.apache.ratis.server.impl.RaftServerProxy.lambda$submitClientRequestAsync$7(RaftServerProxy.java:333) ~[ratis-server-0.4.0-78e95b9-SNAPSHOT.jar:0.4.0-78e95b9-SNAPSHOT]
	at org.apache.ratis.server.impl.RaftServerProxy.lambda$null$5(RaftServerProxy.java:328) ~[ratis-server-0.4.0-78e95b9-SNAPSHOT.jar:0.4.0-78e95b9-SNAPSHOT]
	at org.apache.ratis.util.JavaUtils.callAsUnchecked(JavaUtils.java:109) ~[ratis-common-0.4.0-78e95b9-SNAPSHOT.jar:0.4.0-78e95b9-SNAPSHOT]
	at org.apache.ratis.server.impl.RaftServerProxy.lambda$submitRequest$6(RaftServerProxy.java:328) ~[ratis-server-0.4.0-78e95b9-SNAPSHOT.jar:0.4.0-78e95b9-SNAPSHOT]
	at java.util.concurrent.CompletableFuture.uniComposeStage(CompletableFuture.java:981) ~[?:1.8.0_212]
	at java.util.concurrent.CompletableFuture.thenCompose(CompletableFuture.java:2124) ~[?:1.8.0_212]
	at org.apache.ratis.server.impl.RaftServerProxy.submitRequest(RaftServerProxy.java:327) ~[ratis-server-0.4.0-78e95b9-SNAPSHOT.jar:0.4.0-78e95b9-SNAPSHOT]
	at org.apache.ratis.server.impl.RaftServerProxy.submitClientRequestAsync(RaftServerProxy.java:333) ~[ratis-server-0.4.0-78e95b9-SNAPSHOT.jar:0.4.0-78e95b9-SNAPSHOT]
	at org.apache.ratis.grpc.client.GrpcClientProtocolService$RequestStreamObserver.processClientRequest(GrpcClientProtocolService.java:220) ~[ratis-grpc-0.4.0-78e95b9-SNAPSHOT.jar:0.4.0-78e95b9-SNAPSHOT]
	at org.apache.ratis.grpc.client.GrpcClientProtocolService$OrderedRequestStreamObserver.processClientRequest(GrpcClientProtocolService.java:326) ~[ratis-grpc-0.4.0-78e95b9-SNAPSHOT.jar:0.4.0-78e95b9-SNAPSHOT]
	at org.apache.ratis.util.SlidingWindow$Server.processRequestsFromHead(SlidingWindow.java:429) [ratis-common-0.4.0-78e95b9-SNAPSHOT.jar:0.4.0-78e95b9-SNAPSHOT]
	at org.apache.ratis.util.SlidingWindow$Server.receivedRequest(SlidingWindow.java:421) [ratis-common-0.4.0-78e95b9-SNAPSHOT.jar:0.4.0-78e95b9-SNAPSHOT]
	at org.apache.ratis.grpc.client.GrpcClientProtocolService$OrderedRequestStreamObserver.processClientRequest(GrpcClientProtocolService.java:345) [ratis-grpc-0.4.0-78e95b9-SNAPSHOT.jar:0.4.0-78e95b9-SNAPSHOT]
	at org.apache.ratis.grpc.client.GrpcClientProtocolService$RequestStreamObserver.onNext(GrpcClientProtocolService.java:240) [ratis-grpc-0.4.0-78e95b9-SNAPSHOT.jar:0.4.0-78e95b9-SNAPSHOT]
	at org.apache.ratis.grpc.client.GrpcClientProtocolService$RequestStreamObserver.onNext(GrpcClientProtocolService.java:168) [ratis-grpc-0.4.0-78e95b9-SNAPSHOT.jar:0.4.0-78e95b9-SNAPSHOT]
	at org.apache.ratis.thirdparty.io.grpc.stub.ServerCalls$StreamingServerCallHandler$StreamingServerCallListener.onMessage(ServerCalls.java:248) [ratis-thirdparty-misc-0.2.0.jar:0.2.0]
	at org.apache.ratis.thirdparty.io.grpc.internal.ServerCallImpl$ServerStreamListenerImpl.messagesAvailable(ServerCallImpl.java:263) [ratis-thirdparty-misc-0.2.0.jar:0.2.0]
	at org.apache.ratis.thirdparty.io.grpc.internal.ServerImpl$JumpToApplicationThreadServerStreamListener$1MessagesAvailable.runInContext(ServerImpl.java:686) [ratis-thirdparty-misc-0.2.0.jar:0.2.0]
	at org.apache.ratis.thirdparty.io.grpc.internal.ContextRunnable.run(ContextRunnable.java:37) [ratis-thirdparty-misc-0.2.0.jar:0.2.0]
	at org.apache.ratis.thirdparty.io.grpc.internal.SerializingExecutor.run(SerializingExecutor.java:123) [ratis-thirdparty-misc-0.2.0.jar:0.2.0]
	at java.util.concurrent.ThreadPoolExecutor.runWorker(ThreadPoolExecutor.java:1149) [?:1.8.0_212]
	at java.util.concurrent.ThreadPoolExecutor$Worker.run(ThreadPoolExecutor.java:624) [?:1.8.0_212]
	at java.lang.Thread.run(Thread.java:748) [?:1.8.0_212]
2019-09-10 05:35:36,656 [grpc-default-executor-9] INFO  client.GrpcClientProtocolClient (GrpcClientProtocolClient.java:onNext(264)) - client-76029A3753BB->b8edd47f-9a8a-4d8f-b9ea-91b185ba1497: receive RaftClientReply:client-76029A3753BB->b8edd47f-9a8a-4d8f-b9ea-91b185ba1497@group-CC489457D0B6, cid=222, FAILED org.apache.ratis.protocol.StateMachineException: org.apache.hadoop.hdds.scm.container.common.helpers.ContainerNotOpenException from Server b8edd47f-9a8a-4d8f-b9ea-91b185ba1497@group-CC489457D0B6: Container 1 in CLOSED state, logIndex=0, commits[b8edd47f-9a8a-4d8f-b9ea-91b185ba1497:c15, 7ffb1f47-f84a-45ee-8f65-039bc0f66923:c14, 7808bc08-8c64-492d-8125-4fa314b60c8b:c14]
05:35:36.655 [grpc-default-executor-8] ERROR DNAudit - user=null | ip=null | op=PUT_BLOCK {blockData=[blockId=conID: 1 locID: 102766590492999699 bcsId: 0,size=800]} | ret=FAILURE
org.apache.hadoop.hdds.scm.container.common.helpers.ContainerNotOpenException: Container 1 in CLOSED state
	at org.apache.hadoop.ozone.container.common.impl.HddsDispatcher.validateContainerCommand(HddsDispatcher.java:431) ~[hadoop-hdds-container-service-0.5.0-SNAPSHOT.jar:?]
	at org.apache.hadoop.ozone.container.common.transport.server.ratis.ContainerStateMachine.startTransaction(ContainerStateMachine.java:315) ~[hadoop-hdds-container-service-0.5.0-SNAPSHOT.jar:?]
	at org.apache.ratis.server.impl.RaftServerImpl.submitClientRequestAsync(RaftServerImpl.java:573) ~[ratis-server-0.4.0-78e95b9-SNAPSHOT.jar:0.4.0-78e95b9-SNAPSHOT]
	at org.apache.ratis.server.impl.RaftServerProxy.lambda$submitClientRequestAsync$7(RaftServerProxy.java:333) ~[ratis-server-0.4.0-78e95b9-SNAPSHOT.jar:0.4.0-78e95b9-SNAPSHOT]
	at org.apache.ratis.server.impl.RaftServerProxy.lambda$null$5(RaftServerProxy.java:328) ~[ratis-server-0.4.0-78e95b9-SNAPSHOT.jar:0.4.0-78e95b9-SNAPSHOT]
	at org.apache.ratis.util.JavaUtils.callAsUnchecked(JavaUtils.java:109) ~[ratis-common-0.4.0-78e95b9-SNAPSHOT.jar:0.4.0-78e95b9-SNAPSHOT]
	at org.apache.ratis.server.impl.RaftServerProxy.lambda$submitRequest$6(RaftServerProxy.java:328) ~[ratis-server-0.4.0-78e95b9-SNAPSHOT.jar:0.4.0-78e95b9-SNAPSHOT]
	at java.util.concurrent.CompletableFuture.uniComposeStage(CompletableFuture.java:981) ~[?:1.8.0_212]
	at java.util.concurrent.CompletableFuture.thenCompose(CompletableFuture.java:2124) ~[?:1.8.0_212]
	at org.apache.ratis.server.impl.RaftServerProxy.submitRequest(RaftServerProxy.java:327) ~[ratis-server-0.4.0-78e95b9-SNAPSHOT.jar:0.4.0-78e95b9-SNAPSHOT]
	at org.apache.ratis.server.impl.RaftServerProxy.submitClientRequestAsync(RaftServerProxy.java:333) ~[ratis-server-0.4.0-78e95b9-SNAPSHOT.jar:0.4.0-78e95b9-SNAPSHOT]
	at org.apache.ratis.grpc.client.GrpcClientProtocolService$RequestStreamObserver.processClientRequest(GrpcClientProtocolService.java:220) ~[ratis-grpc-0.4.0-78e95b9-SNAPSHOT.jar:0.4.0-78e95b9-SNAPSHOT]
	at org.apache.ratis.grpc.client.GrpcClientProtocolService$OrderedRequestStreamObserver.processClientRequest(GrpcClientProtocolService.java:326) ~[ratis-grpc-0.4.0-78e95b9-SNAPSHOT.jar:0.4.0-78e95b9-SNAPSHOT]
	at org.apache.ratis.util.SlidingWindow$Server.processRequestsFromHead(SlidingWindow.java:429) [ratis-common-0.4.0-78e95b9-SNAPSHOT.jar:0.4.0-78e95b9-SNAPSHOT]
	at org.apache.ratis.util.SlidingWindow$Server.receivedRequest(SlidingWindow.java:421) [ratis-common-0.4.0-78e95b9-SNAPSHOT.jar:0.4.0-78e95b9-SNAPSHOT]
	at org.apache.ratis.grpc.client.GrpcClientProtocolService$OrderedRequestStreamObserver.processClientRequest(GrpcClientProtocolService.java:345) [ratis-grpc-0.4.0-78e95b9-SNAPSHOT.jar:0.4.0-78e95b9-SNAPSHOT]
	at org.apache.ratis.grpc.client.GrpcClientProtocolService$RequestStreamObserver.onNext(GrpcClientProtocolService.java:240) [ratis-grpc-0.4.0-78e95b9-SNAPSHOT.jar:0.4.0-78e95b9-SNAPSHOT]
	at org.apache.ratis.grpc.client.GrpcClientProtocolService$RequestStreamObserver.onNext(GrpcClientProtocolService.java:168) [ratis-grpc-0.4.0-78e95b9-SNAPSHOT.jar:0.4.0-78e95b9-SNAPSHOT]
	at org.apache.ratis.thirdparty.io.grpc.stub.ServerCalls$StreamingServerCallHandler$StreamingServerCallListener.onMessage(ServerCalls.java:248) [ratis-thirdparty-misc-0.2.0.jar:0.2.0]
	at org.apache.ratis.thirdparty.io.grpc.internal.ServerCallImpl$ServerStreamListenerImpl.messagesAvailable(ServerCallImpl.java:263) [ratis-thirdparty-misc-0.2.0.jar:0.2.0]
	at org.apache.ratis.thirdparty.io.grpc.internal.ServerImpl$JumpToApplicationThreadServerStreamListener$1MessagesAvailable.runInContext(ServerImpl.java:686) [ratis-thirdparty-misc-0.2.0.jar:0.2.0]
	at org.apache.ratis.thirdparty.io.grpc.internal.ContextRunnable.run(ContextRunnable.java:37) [ratis-thirdparty-misc-0.2.0.jar:0.2.0]
	at org.apache.ratis.thirdparty.io.grpc.internal.SerializingExecutor.run(SerializingExecutor.java:123) [ratis-thirdparty-misc-0.2.0.jar:0.2.0]
	at java.util.concurrent.ThreadPoolExecutor.runWorker(ThreadPoolExecutor.java:1149) [?:1.8.0_212]
	at java.util.concurrent.ThreadPoolExecutor$Worker.run(ThreadPoolExecutor.java:624) [?:1.8.0_212]
	at java.lang.Thread.run(Thread.java:748) [?:1.8.0_212]
2019-09-10 05:35:36,669 [grpc-default-executor-8] INFO  client.GrpcClientProtocolClient (GrpcClientProtocolClient.java:onNext(264)) - client-76029A3753BB->b8edd47f-9a8a-4d8f-b9ea-91b185ba1497: receive RaftClientReply:client-76029A3753BB->b8edd47f-9a8a-4d8f-b9ea-91b185ba1497@group-CC489457D0B6, cid=223, FAILED org.apache.ratis.protocol.StateMachineException: org.apache.hadoop.hdds.scm.container.common.helpers.ContainerNotOpenException from Server b8edd47f-9a8a-4d8f-b9ea-91b185ba1497@group-CC489457D0B6: Container 1 in CLOSED state, logIndex=0, commits[b8edd47f-9a8a-4d8f-b9ea-91b185ba1497:c15, 7ffb1f47-f84a-45ee-8f65-039bc0f66923:c14, 7808bc08-8c64-492d-8125-4fa314b60c8b:c14]
2019-09-10 05:35:36,673 [grpc-default-executor-8] INFO  client.GrpcClientProtocolClient (GrpcClientProtocolClient.java:onNext(264)) - client-76029A3753BB->b8edd47f-9a8a-4d8f-b9ea-91b185ba1497: receive RaftClientReply:client-76029A3753BB->b8edd47f-9a8a-4d8f-b9ea-91b185ba1497@group-CC489457D0B6, cid=224, FAILED org.apache.ratis.protocol.StateMachineException: org.apache.hadoop.hdds.scm.container.common.helpers.ContainerNotOpenException from Server b8edd47f-9a8a-4d8f-b9ea-91b185ba1497@group-CC489457D0B6: Container 1 in CLOSED state, logIndex=0, commits[b8edd47f-9a8a-4d8f-b9ea-91b185ba1497:c15, 7ffb1f47-f84a-45ee-8f65-039bc0f66923:c14, 7808bc08-8c64-492d-8125-4fa314b60c8b:c14]
2019-09-10 05:35:39,696 [java.util.concurrent.ThreadPoolExecutor$Worker@4f9f2bc1[State = -1, empty queue]] WARN  server.GrpcLogAppender (GrpcLogAppender.java:timeoutAppendRequest(200)) - b8edd47f-9a8a-4d8f-b9ea-91b185ba1497@group-CC489457D0B6->7ffb1f47-f84a-45ee-8f65-039bc0f66923-GrpcLogAppender: appendEntries Timeout, request=b8edd47f-9a8a-4d8f-b9ea-91b185ba1497->7ffb1f47-f84a-45ee-8f65-039bc0f66923#17-t1, previous=(t:1, i:15), leaderCommit=15, initializing? false, entries: size=1, first=(t:1, i:16), STATEMACHINELOGENTRY, client-76029A3753BB, cid=225
2019-09-10 05:35:39,708 [java.util.concurrent.ThreadPoolExecutor$Worker@4f9f2bc1[State = -1, empty queue]] WARN  server.GrpcLogAppender (GrpcLogAppender.java:timeoutAppendRequest(200)) - b8edd47f-9a8a-4d8f-b9ea-91b185ba1497@group-CC489457D0B6->7ffb1f47-f84a-45ee-8f65-039bc0f66923-GrpcLogAppender: appendEntries Timeout, request=b8edd47f-9a8a-4d8f-b9ea-91b185ba1497->7ffb1f47-f84a-45ee-8f65-039bc0f66923#18-t1, previous=(t:1, i:16), leaderCommit=15, initializing? false, entries: size=1, first=(t:1, i:17), STATEMACHINELOGENTRY, client-76029A3753BB, cid=226
2019-09-10 05:35:39,709 [java.util.concurrent.ThreadPoolExecutor$Worker@4f9f2bc1[State = -1, empty queue]] WARN  server.GrpcLogAppender (GrpcLogAppender.java:timeoutAppendRequest(200)) - b8edd47f-9a8a-4d8f-b9ea-91b185ba1497@group-CC489457D0B6->7ffb1f47-f84a-45ee-8f65-039bc0f66923-GrpcLogAppender: appendEntries Timeout, request=b8edd47f-9a8a-4d8f-b9ea-91b185ba1497->7ffb1f47-f84a-45ee-8f65-039bc0f66923#19-t1, previous=(t:1, i:17), leaderCommit=15, initializing? false, entries: size=1, first=(t:1, i:18), STATEMACHINELOGENTRY, client-76029A3753BB, cid=227
2019-09-10 05:35:39,709 [java.util.concurrent.ThreadPoolExecutor$Worker@4f9f2bc1[State = -1, empty queue]] WARN  server.GrpcLogAppender (GrpcLogAppender.java:timeoutAppendRequest(200)) - b8edd47f-9a8a-4d8f-b9ea-91b185ba1497@group-CC489457D0B6->7ffb1f47-f84a-45ee-8f65-039bc0f66923-GrpcLogAppender: appendEntries Timeout, request=b8edd47f-9a8a-4d8f-b9ea-91b185ba1497->7ffb1f47-f84a-45ee-8f65-039bc0f66923#20-t1, previous=(t:1, i:18), leaderCommit=15, initializing? false, entries: size=1, first=(t:1, i:19), STATEMACHINELOGENTRY, client-76029A3753BB, cid=228
2019-09-10 05:35:39,709 [java.util.concurrent.ThreadPoolExecutor$Worker@4f9f2bc1[State = -1, empty queue]] WARN  server.GrpcLogAppender (GrpcLogAppender.java:timeoutAppendRequest(200)) - b8edd47f-9a8a-4d8f-b9ea-91b185ba1497@group-CC489457D0B6->7ffb1f47-f84a-45ee-8f65-039bc0f66923-GrpcLogAppender: appendEntries Timeout, request=b8edd47f-9a8a-4d8f-b9ea-91b185ba1497->7ffb1f47-f84a-45ee-8f65-039bc0f66923#21-t1, previous=(t:1, i:19), leaderCommit=15, initializing? false, entries: size=1, first=(t:1, i:20), STATEMACHINELOGENTRY, client-76029A3753BB, cid=229
2019-09-10 05:35:39,709 [java.util.concurrent.ThreadPoolExecutor$Worker@4f9f2bc1[State = -1, empty queue]] WARN  server.GrpcLogAppender (GrpcLogAppender.java:timeoutAppendRequest(200)) - b8edd47f-9a8a-4d8f-b9ea-91b185ba1497@group-CC489457D0B6->7ffb1f47-f84a-45ee-8f65-039bc0f66923-GrpcLogAppender: appendEntries Timeout, request=b8edd47f-9a8a-4d8f-b9ea-91b185ba1497->7ffb1f47-f84a-45ee-8f65-039bc0f66923#22-t1, previous=(t:1, i:20), leaderCommit=15, initializing? false, entries: size=1, first=(t:1, i:21), STATEMACHINELOGENTRY, client-76029A3753BB, cid=230
2019-09-10 05:35:41,734 [grpc-default-executor-8] INFO  client.GrpcClientProtocolClient (GrpcClientProtocolClient.java:onNext(264)) - client-76029A3753BB->7ffb1f47-f84a-45ee-8f65-039bc0f66923: receive RaftClientReply:client-76029A3753BB->7ffb1f47-f84a-45ee-8f65-039bc0f66923@group-CC489457D0B6, cid=225, FAILED org.apache.ratis.protocol.NotLeaderException: Server 7ffb1f47-f84a-45ee-8f65-039bc0f66923@group-CC489457D0B6 is not the leader b8edd47f-9a8a-4d8f-b9ea-91b185ba1497:192.168.36.76:33186, logIndex=0, commits[7ffb1f47-f84a-45ee-8f65-039bc0f66923:c15, b8edd47f-9a8a-4d8f-b9ea-91b185ba1497:c15, 7808bc08-8c64-492d-8125-4fa314b60c8b:c15]
2019-09-10 05:35:42,199 [java.util.concurrent.ThreadPoolExecutor$Worker@4f9f2bc1[State = -1, empty queue]] WARN  server.GrpcLogAppender (GrpcLogAppender.java:timeoutAppendRequest(200)) - b8edd47f-9a8a-4d8f-b9ea-91b185ba1497@group-CC489457D0B6->7ffb1f47-f84a-45ee-8f65-039bc0f66923-GrpcLogAppender: appendEntries Timeout, request=b8edd47f-9a8a-4d8f-b9ea-91b185ba1497->7ffb1f47-f84a-45ee-8f65-039bc0f66923#23-t1, previous=(t:1, i:21), leaderCommit=15, initializing? false, entries: <empty>
2019-09-10 05:35:44,702 [java.util.concurrent.ThreadPoolExecutor$Worker@4f9f2bc1[State = -1, empty queue]] WARN  server.GrpcLogAppender (GrpcLogAppender.java:timeoutAppendRequest(200)) - b8edd47f-9a8a-4d8f-b9ea-91b185ba1497@group-CC489457D0B6->7ffb1f47-f84a-45ee-8f65-039bc0f66923-GrpcLogAppender: appendEntries Timeout, request=b8edd47f-9a8a-4d8f-b9ea-91b185ba1497->7ffb1f47-f84a-45ee-8f65-039bc0f66923#24-t1, previous=(t:1, i:21), leaderCommit=15, initializing? false, entries: <empty>
2019-09-10 05:35:46,792 [grpc-default-executor-8] INFO  client.GrpcClientProtocolClient (GrpcClientProtocolClient.java:onNext(264)) - client-76029A3753BB->7ffb1f47-f84a-45ee-8f65-039bc0f66923: receive RaftClientReply:client-76029A3753BB->7ffb1f47-f84a-45ee-8f65-039bc0f66923@group-CC489457D0B6, cid=225, FAILED org.apache.ratis.protocol.NotLeaderException: Server 7ffb1f47-f84a-45ee-8f65-039bc0f66923@group-CC489457D0B6 is not the leader b8edd47f-9a8a-4d8f-b9ea-91b185ba1497:192.168.36.76:33186, logIndex=0, commits[7ffb1f47-f84a-45ee-8f65-039bc0f66923:c15, b8edd47f-9a8a-4d8f-b9ea-91b185ba1497:c15, 7808bc08-8c64-492d-8125-4fa314b60c8b:c15]
2019-09-10 05:35:46,893 [b8edd47f-9a8a-4d8f-b9ea-91b185ba1497@group-CC489457D0B6-SegmentedRaftLogWorker] WARN  segmented.SegmentedRaftLogWorker (SegmentedRaftLogWorker.java:getFromFuture(90)) - Timeout 0/~
org.apache.ratis.protocol.TimeoutIOException: Timeout 10s: WriteLog:19: (t:1, i:19), STATEMACHINELOGENTRY, client-76029A3753BB, cid=228-writeStateMachineData
	at org.apache.ratis.util.IOUtils.getFromFuture(IOUtils.java:87)
	at org.apache.ratis.server.raftlog.segmented.SegmentedRaftLogWorker$StateMachineDataPolicy.getFromFuture(SegmentedRaftLogWorker.java:87)
	at org.apache.ratis.server.raftlog.segmented.SegmentedRaftLogWorker$WriteLog.execute(SegmentedRaftLogWorker.java:477)
	at org.apache.ratis.server.raftlog.segmented.SegmentedRaftLogWorker.run(SegmentedRaftLogWorker.java:289)
	at java.lang.Thread.run(Thread.java:748)
Caused by: java.util.concurrent.TimeoutException
	at java.util.concurrent.CompletableFuture.timedGet(CompletableFuture.java:1771)
	at java.util.concurrent.CompletableFuture.get(CompletableFuture.java:1915)
	at org.apache.ratis.util.IOUtils.getFromFuture(IOUtils.java:79)
	... 4 more
2019-09-10 05:35:46,894 [7ffb1f47-f84a-45ee-8f65-039bc0f66923@group-CC489457D0B6-SegmentedRaftLogWorker] WARN  segmented.SegmentedRaftLogWorker (SegmentedRaftLogWorker.java:getFromFuture(90)) - Timeout 0/~
org.apache.ratis.protocol.TimeoutIOException: Timeout 10s: WriteLog:20: (t:1, i:20), STATEMACHINELOGENTRY, client-76029A3753BB, cid=229-writeStateMachineData
	at org.apache.ratis.util.IOUtils.getFromFuture(IOUtils.java:87)
	at org.apache.ratis.server.raftlog.segmented.SegmentedRaftLogWorker$StateMachineDataPolicy.getFromFuture(SegmentedRaftLogWorker.java:87)
	at org.apache.ratis.server.raftlog.segmented.SegmentedRaftLogWorker$WriteLog.execute(SegmentedRaftLogWorker.java:477)
	at org.apache.ratis.server.raftlog.segmented.SegmentedRaftLogWorker.run(SegmentedRaftLogWorker.java:289)
	at java.lang.Thread.run(Thread.java:748)
Caused by: java.util.concurrent.TimeoutException
	at java.util.concurrent.CompletableFuture.timedGet(CompletableFuture.java:1771)
	at java.util.concurrent.CompletableFuture.get(CompletableFuture.java:1915)
	at org.apache.ratis.util.IOUtils.getFromFuture(IOUtils.java:79)
	... 4 more
2019-09-10 05:35:47,204 [java.util.concurrent.ThreadPoolExecutor$Worker@4f9f2bc1[State = -1, empty queue]] WARN  server.GrpcLogAppender (GrpcLogAppender.java:timeoutAppendRequest(200)) - b8edd47f-9a8a-4d8f-b9ea-91b185ba1497@group-CC489457D0B6->7ffb1f47-f84a-45ee-8f65-039bc0f66923-GrpcLogAppender: appendEntries Timeout, request=b8edd47f-9a8a-4d8f-b9ea-91b185ba1497->7ffb1f47-f84a-45ee-8f65-039bc0f66923#25-t1, previous=(t:1, i:21), leaderCommit=15, initializing? false, entries: <empty>
2019-09-10 05:35:49,705 [java.util.concurrent.ThreadPoolExecutor$Worker@4f9f2bc1[State = -1, empty queue]] WARN  server.GrpcLogAppender (GrpcLogAppender.java:timeoutAppendRequest(200)) - b8edd47f-9a8a-4d8f-b9ea-91b185ba1497@group-CC489457D0B6->7ffb1f47-f84a-45ee-8f65-039bc0f66923-GrpcLogAppender: appendEntries Timeout, request=b8edd47f-9a8a-4d8f-b9ea-91b185ba1497->7ffb1f47-f84a-45ee-8f65-039bc0f66923#26-t1, previous=(t:1, i:21), leaderCommit=15, initializing? false, entries: <empty>
2019-09-10 05:35:51,833 [grpc-default-executor-9] INFO  client.GrpcClientProtocolClient (GrpcClientProtocolClient.java:onNext(264)) - client-76029A3753BB->7808bc08-8c64-492d-8125-4fa314b60c8b: receive RaftClientReply:client-76029A3753BB->7808bc08-8c64-492d-8125-4fa314b60c8b@group-CC489457D0B6, cid=225, FAILED org.apache.ratis.protocol.NotLeaderException: Server 7808bc08-8c64-492d-8125-4fa314b60c8b@group-CC489457D0B6 is not the leader b8edd47f-9a8a-4d8f-b9ea-91b185ba1497:192.168.36.76:33186, logIndex=0, commits[7808bc08-8c64-492d-8125-4fa314b60c8b:c15, 7ffb1f47-f84a-45ee-8f65-039bc0f66923:c14, b8edd47f-9a8a-4d8f-b9ea-91b185ba1497:c15]
2019-09-10 05:35:52,206 [java.util.concurrent.ThreadPoolExecutor$Worker@4f9f2bc1[State = -1, empty queue]] WARN  server.GrpcLogAppender (GrpcLogAppender.java:timeoutAppendRequest(200)) - b8edd47f-9a8a-4d8f-b9ea-91b185ba1497@group-CC489457D0B6->7ffb1f47-f84a-45ee-8f65-039bc0f66923-GrpcLogAppender: appendEntries Timeout, request=b8edd47f-9a8a-4d8f-b9ea-91b185ba1497->7ffb1f47-f84a-45ee-8f65-039bc0f66923#27-t1, previous=(t:1, i:21), leaderCommit=15, initializing? false, entries: <empty>
2019-09-10 05:35:54,707 [java.util.concurrent.ThreadPoolExecutor$Worker@4f9f2bc1[State = -1, empty queue]] WARN  server.GrpcLogAppender (GrpcLogAppender.java:timeoutAppendRequest(200)) - b8edd47f-9a8a-4d8f-b9ea-91b185ba1497@group-CC489457D0B6->7ffb1f47-f84a-45ee-8f65-039bc0f66923-GrpcLogAppender: appendEntries Timeout, request=b8edd47f-9a8a-4d8f-b9ea-91b185ba1497->7ffb1f47-f84a-45ee-8f65-039bc0f66923#28-t1, previous=(t:1, i:21), leaderCommit=15, initializing? false, entries: <empty>
2019-09-10 05:35:56,862 [grpc-default-executor-9] INFO  client.GrpcClientProtocolClient (GrpcClientProtocolClient.java:onNext(264)) - client-76029A3753BB->7ffb1f47-f84a-45ee-8f65-039bc0f66923: receive RaftClientReply:client-76029A3753BB->7ffb1f47-f84a-45ee-8f65-039bc0f66923@group-CC489457D0B6, cid=225, FAILED org.apache.ratis.protocol.NotLeaderException: Server 7ffb1f47-f84a-45ee-8f65-039bc0f66923@group-CC489457D0B6 is not the leader b8edd47f-9a8a-4d8f-b9ea-91b185ba1497:192.168.36.76:33186, logIndex=0, commits[7ffb1f47-f84a-45ee-8f65-039bc0f66923:c15, b8edd47f-9a8a-4d8f-b9ea-91b185ba1497:c15, 7808bc08-8c64-492d-8125-4fa314b60c8b:c15]
2019-09-10 05:35:56,895 [b8edd47f-9a8a-4d8f-b9ea-91b185ba1497@group-CC489457D0B6-SegmentedRaftLogWorker] WARN  segmented.SegmentedRaftLogWorker (SegmentedRaftLogWorker.java:getFromFuture(90)) - Timeout 1/~
org.apache.ratis.protocol.TimeoutIOException: Timeout 10s: WriteLog:19: (t:1, i:19), STATEMACHINELOGENTRY, client-76029A3753BB, cid=228-writeStateMachineData
	at org.apache.ratis.util.IOUtils.getFromFuture(IOUtils.java:87)
	at org.apache.ratis.server.raftlog.segmented.SegmentedRaftLogWorker$StateMachineDataPolicy.getFromFuture(SegmentedRaftLogWorker.java:87)
	at org.apache.ratis.server.raftlog.segmented.SegmentedRaftLogWorker$WriteLog.execute(SegmentedRaftLogWorker.java:477)
	at org.apache.ratis.server.raftlog.segmented.SegmentedRaftLogWorker.run(SegmentedRaftLogWorker.java:289)
	at java.lang.Thread.run(Thread.java:748)
Caused by: java.util.concurrent.TimeoutException
	at java.util.concurrent.CompletableFuture.timedGet(CompletableFuture.java:1771)
	at java.util.concurrent.CompletableFuture.get(CompletableFuture.java:1915)
	at org.apache.ratis.util.IOUtils.getFromFuture(IOUtils.java:79)
	... 4 more
2019-09-10 05:35:56,898 [7ffb1f47-f84a-45ee-8f65-039bc0f66923@group-CC489457D0B6-SegmentedRaftLogWorker] WARN  segmented.SegmentedRaftLogWorker (SegmentedRaftLogWorker.java:getFromFuture(90)) - Timeout 1/~
org.apache.ratis.protocol.TimeoutIOException: Timeout 10s: WriteLog:20: (t:1, i:20), STATEMACHINELOGENTRY, client-76029A3753BB, cid=229-writeStateMachineData
	at org.apache.ratis.util.IOUtils.getFromFuture(IOUtils.java:87)
	at org.apache.ratis.server.raftlog.segmented.SegmentedRaftLogWorker$StateMachineDataPolicy.getFromFuture(SegmentedRaftLogWorker.java:87)
	at org.apache.ratis.server.raftlog.segmented.SegmentedRaftLogWorker$WriteLog.execute(SegmentedRaftLogWorker.java:477)
	at org.apache.ratis.server.raftlog.segmented.SegmentedRaftLogWorker.run(SegmentedRaftLogWorker.java:289)
	at java.lang.Thread.run(Thread.java:748)
Caused by: java.util.concurrent.TimeoutException
	at java.util.concurrent.CompletableFuture.timedGet(CompletableFuture.java:1771)
	at java.util.concurrent.CompletableFuture.get(CompletableFuture.java:1915)
	at org.apache.ratis.util.IOUtils.getFromFuture(IOUtils.java:79)
	... 4 more
2019-09-10 05:35:57,207 [java.util.concurrent.ThreadPoolExecutor$Worker@4f9f2bc1[State = -1, empty queue]] WARN  server.GrpcLogAppender (GrpcLogAppender.java:timeoutAppendRequest(200)) - b8edd47f-9a8a-4d8f-b9ea-91b185ba1497@group-CC489457D0B6->7ffb1f47-f84a-45ee-8f65-039bc0f66923-GrpcLogAppender: appendEntries Timeout, request=b8edd47f-9a8a-4d8f-b9ea-91b185ba1497->7ffb1f47-f84a-45ee-8f65-039bc0f66923#29-t1, previous=(t:1, i:21), leaderCommit=15, initializing? false, entries: <empty>
2019-09-10 05:35:59,709 [java.util.concurrent.ThreadPoolExecutor$Worker@4f9f2bc1[State = -1, empty queue]] WARN  server.GrpcLogAppender (GrpcLogAppender.java:timeoutAppendRequest(200)) - b8edd47f-9a8a-4d8f-b9ea-91b185ba1497@group-CC489457D0B6->7ffb1f47-f84a-45ee-8f65-039bc0f66923-GrpcLogAppender: appendEntries Timeout, request=b8edd47f-9a8a-4d8f-b9ea-91b185ba1497->7ffb1f47-f84a-45ee-8f65-039bc0f66923#30-t1, previous=(t:1, i:21), leaderCommit=15, initializing? false, entries: <empty>
2019-09-10 05:36:01,898 [grpc-default-executor-8] INFO  client.GrpcClientProtocolClient (GrpcClientProtocolClient.java:onNext(264)) - client-76029A3753BB->7808bc08-8c64-492d-8125-4fa314b60c8b: receive RaftClientReply:client-76029A3753BB->7808bc08-8c64-492d-8125-4fa314b60c8b@group-CC489457D0B6, cid=225, FAILED org.apache.ratis.protocol.NotLeaderException: Server 7808bc08-8c64-492d-8125-4fa314b60c8b@group-CC489457D0B6 is not the leader b8edd47f-9a8a-4d8f-b9ea-91b185ba1497:192.168.36.76:33186, logIndex=0, commits[7808bc08-8c64-492d-8125-4fa314b60c8b:c15, 7ffb1f47-f84a-45ee-8f65-039bc0f66923:c14, b8edd47f-9a8a-4d8f-b9ea-91b185ba1497:c15]
2019-09-10 05:36:02,211 [java.util.concurrent.ThreadPoolExecutor$Worker@4f9f2bc1[State = -1, empty queue]] WARN  server.GrpcLogAppender (GrpcLogAppender.java:timeoutAppendRequest(200)) - b8edd47f-9a8a-4d8f-b9ea-91b185ba1497@group-CC489457D0B6->7ffb1f47-f84a-45ee-8f65-039bc0f66923-GrpcLogAppender: appendEntries Timeout, request=b8edd47f-9a8a-4d8f-b9ea-91b185ba1497->7ffb1f47-f84a-45ee-8f65-039bc0f66923#31-t1, previous=(t:1, i:21), leaderCommit=15, initializing? false, entries: <empty>
2019-09-10 05:36:04,711 [java.util.concurrent.ThreadPoolExecutor$Worker@4f9f2bc1[State = -1, empty queue]] WARN  server.GrpcLogAppender (GrpcLogAppender.java:timeoutAppendRequest(200)) - b8edd47f-9a8a-4d8f-b9ea-91b185ba1497@group-CC489457D0B6->7ffb1f47-f84a-45ee-8f65-039bc0f66923-GrpcLogAppender: appendEntries Timeout, request=b8edd47f-9a8a-4d8f-b9ea-91b185ba1497->7ffb1f47-f84a-45ee-8f65-039bc0f66923#32-t1, previous=(t:1, i:21), leaderCommit=15, initializing? false, entries: <empty>
2019-09-10 05:36:06,896 [b8edd47f-9a8a-4d8f-b9ea-91b185ba1497@group-CC489457D0B6-SegmentedRaftLogWorker] WARN  segmented.SegmentedRaftLogWorker (SegmentedRaftLogWorker.java:getFromFuture(90)) - Timeout 2/~
org.apache.ratis.protocol.TimeoutIOException: Timeout 10s: WriteLog:19: (t:1, i:19), STATEMACHINELOGENTRY, client-76029A3753BB, cid=228-writeStateMachineData
	at org.apache.ratis.util.IOUtils.getFromFuture(IOUtils.java:87)
	at org.apache.ratis.server.raftlog.segmented.SegmentedRaftLogWorker$StateMachineDataPolicy.getFromFuture(SegmentedRaftLogWorker.java:87)
	at org.apache.ratis.server.raftlog.segmented.SegmentedRaftLogWorker$WriteLog.execute(SegmentedRaftLogWorker.java:477)
	at org.apache.ratis.server.raftlog.segmented.SegmentedRaftLogWorker.run(SegmentedRaftLogWorker.java:289)
	at java.lang.Thread.run(Thread.java:748)
Caused by: java.util.concurrent.TimeoutException
	at java.util.concurrent.CompletableFuture.timedGet(CompletableFuture.java:1771)
	at java.util.concurrent.CompletableFuture.get(CompletableFuture.java:1915)
	at org.apache.ratis.util.IOUtils.getFromFuture(IOUtils.java:79)
	... 4 more
2019-09-10 05:36:06,903 [7ffb1f47-f84a-45ee-8f65-039bc0f66923@group-CC489457D0B6-SegmentedRaftLogWorker] WARN  segmented.SegmentedRaftLogWorker (SegmentedRaftLogWorker.java:getFromFuture(90)) - Timeout 2/~
org.apache.ratis.protocol.TimeoutIOException: Timeout 10s: WriteLog:20: (t:1, i:20), STATEMACHINELOGENTRY, client-76029A3753BB, cid=229-writeStateMachineData
	at org.apache.ratis.util.IOUtils.getFromFuture(IOUtils.java:87)
	at org.apache.ratis.server.raftlog.segmented.SegmentedRaftLogWorker$StateMachineDataPolicy.getFromFuture(SegmentedRaftLogWorker.java:87)
	at org.apache.ratis.server.raftlog.segmented.SegmentedRaftLogWorker$WriteLog.execute(SegmentedRaftLogWorker.java:477)
	at org.apache.ratis.server.raftlog.segmented.SegmentedRaftLogWorker.run(SegmentedRaftLogWorker.java:289)
	at java.lang.Thread.run(Thread.java:748)
Caused by: java.util.concurrent.TimeoutException
	at java.util.concurrent.CompletableFuture.timedGet(CompletableFuture.java:1771)
	at java.util.concurrent.CompletableFuture.get(CompletableFuture.java:1915)
	at org.apache.ratis.util.IOUtils.getFromFuture(IOUtils.java:79)
	... 4 more
2019-09-10 05:36:06,931 [grpc-default-executor-9] INFO  client.GrpcClientProtocolClient (GrpcClientProtocolClient.java:onNext(264)) - client-76029A3753BB->7ffb1f47-f84a-45ee-8f65-039bc0f66923: receive RaftClientReply:client-76029A3753BB->7ffb1f47-f84a-45ee-8f65-039bc0f66923@group-CC489457D0B6, cid=225, FAILED org.apache.ratis.protocol.NotLeaderException: Server 7ffb1f47-f84a-45ee-8f65-039bc0f66923@group-CC489457D0B6 is not the leader b8edd47f-9a8a-4d8f-b9ea-91b185ba1497:192.168.36.76:33186, logIndex=0, commits[7ffb1f47-f84a-45ee-8f65-039bc0f66923:c15, b8edd47f-9a8a-4d8f-b9ea-91b185ba1497:c15, 7808bc08-8c64-492d-8125-4fa314b60c8b:c15]
2019-09-10 05:36:07,212 [java.util.concurrent.ThreadPoolExecutor$Worker@4f9f2bc1[State = -1, empty queue]] WARN  server.GrpcLogAppender (GrpcLogAppender.java:timeoutAppendRequest(200)) - b8edd47f-9a8a-4d8f-b9ea-91b185ba1497@group-CC489457D0B6->7ffb1f47-f84a-45ee-8f65-039bc0f66923-GrpcLogAppender: appendEntries Timeout, request=b8edd47f-9a8a-4d8f-b9ea-91b185ba1497->7ffb1f47-f84a-45ee-8f65-039bc0f66923#33-t1, previous=(t:1, i:21), leaderCommit=15, initializing? false, entries: <empty>
2019-09-10 05:36:09,713 [java.util.concurrent.ThreadPoolExecutor$Worker@4f9f2bc1[State = -1, empty queue]] WARN  server.GrpcLogAppender (GrpcLogAppender.java:timeoutAppendRequest(200)) - b8edd47f-9a8a-4d8f-b9ea-91b185ba1497@group-CC489457D0B6->7ffb1f47-f84a-45ee-8f65-039bc0f66923-GrpcLogAppender: appendEntries Timeout, request=b8edd47f-9a8a-4d8f-b9ea-91b185ba1497->7ffb1f47-f84a-45ee-8f65-039bc0f66923#34-t1, previous=(t:1, i:21), leaderCommit=15, initializing? false, entries: <empty>
2019-09-10 05:36:11,966 [grpc-default-executor-11] INFO  client.GrpcClientProtocolClient (GrpcClientProtocolClient.java:onNext(264)) - client-76029A3753BB->7ffb1f47-f84a-45ee-8f65-039bc0f66923: receive RaftClientReply:client-76029A3753BB->7ffb1f47-f84a-45ee-8f65-039bc0f66923@group-CC489457D0B6, cid=225, FAILED org.apache.ratis.protocol.NotLeaderException: Server 7ffb1f47-f84a-45ee-8f65-039bc0f66923@group-CC489457D0B6 is not the leader b8edd47f-9a8a-4d8f-b9ea-91b185ba1497:192.168.36.76:33186, logIndex=0, commits[7ffb1f47-f84a-45ee-8f65-039bc0f66923:c15, b8edd47f-9a8a-4d8f-b9ea-91b185ba1497:c15, 7808bc08-8c64-492d-8125-4fa314b60c8b:c15]
2019-09-10 05:36:12,214 [java.util.concurrent.ThreadPoolExecutor$Worker@4f9f2bc1[State = -1, empty queue]] WARN  server.GrpcLogAppender (GrpcLogAppender.java:timeoutAppendRequest(200)) - b8edd47f-9a8a-4d8f-b9ea-91b185ba1497@group-CC489457D0B6->7ffb1f47-f84a-45ee-8f65-039bc0f66923-GrpcLogAppender: appendEntries Timeout, request=b8edd47f-9a8a-4d8f-b9ea-91b185ba1497->7ffb1f47-f84a-45ee-8f65-039bc0f66923#35-t1, previous=(t:1, i:21), leaderCommit=15, initializing? false, entries: <empty>
2019-09-10 05:36:14,714 [java.util.concurrent.ThreadPoolExecutor$Worker@4f9f2bc1[State = -1, empty queue]] WARN  server.GrpcLogAppender (GrpcLogAppender.java:timeoutAppendRequest(200)) - b8edd47f-9a8a-4d8f-b9ea-91b185ba1497@group-CC489457D0B6->7ffb1f47-f84a-45ee-8f65-039bc0f66923-GrpcLogAppender: appendEntries Timeout, request=b8edd47f-9a8a-4d8f-b9ea-91b185ba1497->7ffb1f47-f84a-45ee-8f65-039bc0f66923#36-t1, previous=(t:1, i:21), leaderCommit=15, initializing? false, entries: <empty>
2019-09-10 05:36:16,902 [b8edd47f-9a8a-4d8f-b9ea-91b185ba1497@group-CC489457D0B6-SegmentedRaftLogWorker] WARN  segmented.SegmentedRaftLogWorker (SegmentedRaftLogWorker.java:getFromFuture(90)) - Timeout 3/~
org.apache.ratis.protocol.TimeoutIOException: Timeout 10s: WriteLog:19: (t:1, i:19), STATEMACHINELOGENTRY, client-76029A3753BB, cid=228-writeStateMachineData
	at org.apache.ratis.util.IOUtils.getFromFuture(IOUtils.java:87)
	at org.apache.ratis.server.raftlog.segmented.SegmentedRaftLogWorker$StateMachineDataPolicy.getFromFuture(SegmentedRaftLogWorker.java:87)
	at org.apache.ratis.server.raftlog.segmented.SegmentedRaftLogWorker$WriteLog.execute(SegmentedRaftLogWorker.java:477)
	at org.apache.ratis.server.raftlog.segmented.SegmentedRaftLogWorker.run(SegmentedRaftLogWorker.java:289)
	at java.lang.Thread.run(Thread.java:748)
Caused by: java.util.concurrent.TimeoutException
	at java.util.concurrent.CompletableFuture.timedGet(CompletableFuture.java:1771)
	at java.util.concurrent.CompletableFuture.get(CompletableFuture.java:1915)
	at org.apache.ratis.util.IOUtils.getFromFuture(IOUtils.java:79)
	... 4 more
2019-09-10 05:36:16,907 [7ffb1f47-f84a-45ee-8f65-039bc0f66923@group-CC489457D0B6-SegmentedRaftLogWorker] WARN  segmented.SegmentedRaftLogWorker (SegmentedRaftLogWorker.java:getFromFuture(90)) - Timeout 3/~
org.apache.ratis.protocol.TimeoutIOException: Timeout 10s: WriteLog:20: (t:1, i:20), STATEMACHINELOGENTRY, client-76029A3753BB, cid=229-writeStateMachineData
	at org.apache.ratis.util.IOUtils.getFromFuture(IOUtils.java:87)
	at org.apache.ratis.server.raftlog.segmented.SegmentedRaftLogWorker$StateMachineDataPolicy.getFromFuture(SegmentedRaftLogWorker.java:87)
	at org.apache.ratis.server.raftlog.segmented.SegmentedRaftLogWorker$WriteLog.execute(SegmentedRaftLogWorker.java:477)
	at org.apache.ratis.server.raftlog.segmented.SegmentedRaftLogWorker.run(SegmentedRaftLogWorker.java:289)
	at java.lang.Thread.run(Thread.java:748)
Caused by: java.util.concurrent.TimeoutException
	at java.util.concurrent.CompletableFuture.timedGet(CompletableFuture.java:1771)
	at java.util.concurrent.CompletableFuture.get(CompletableFuture.java:1915)
	at org.apache.ratis.util.IOUtils.getFromFuture(IOUtils.java:79)
	... 4 more
2019-09-10 05:36:16,987 [grpc-default-executor-11] INFO  client.GrpcClientProtocolClient (GrpcClientProtocolClient.java:onNext(264)) - client-76029A3753BB->7808bc08-8c64-492d-8125-4fa314b60c8b: receive RaftClientReply:client-76029A3753BB->7808bc08-8c64-492d-8125-4fa314b60c8b@group-CC489457D0B6, cid=225, FAILED org.apache.ratis.protocol.NotLeaderException: Server 7808bc08-8c64-492d-8125-4fa314b60c8b@group-CC489457D0B6 is not the leader b8edd47f-9a8a-4d8f-b9ea-91b185ba1497:192.168.36.76:33186, logIndex=0, commits[7808bc08-8c64-492d-8125-4fa314b60c8b:c15, 7ffb1f47-f84a-45ee-8f65-039bc0f66923:c14, b8edd47f-9a8a-4d8f-b9ea-91b185ba1497:c15]
2019-09-10 05:36:17,214 [java.util.concurrent.ThreadPoolExecutor$Worker@4f9f2bc1[State = -1, empty queue]] WARN  server.GrpcLogAppender (GrpcLogAppender.java:timeoutAppendRequest(200)) - b8edd47f-9a8a-4d8f-b9ea-91b185ba1497@group-CC489457D0B6->7ffb1f47-f84a-45ee-8f65-039bc0f66923-GrpcLogAppender: appendEntries Timeout, request=b8edd47f-9a8a-4d8f-b9ea-91b185ba1497->7ffb1f47-f84a-45ee-8f65-039bc0f66923#37-t1, previous=(t:1, i:21), leaderCommit=15, initializing? false, entries: <empty>
2019-09-10 05:36:19,715 [java.util.concurrent.ThreadPoolExecutor$Worker@4f9f2bc1[State = -1, empty queue]] WARN  server.GrpcLogAppender (GrpcLogAppender.java:timeoutAppendRequest(200)) - b8edd47f-9a8a-4d8f-b9ea-91b185ba1497@group-CC489457D0B6->7ffb1f47-f84a-45ee-8f65-039bc0f66923-GrpcLogAppender: appendEntries Timeout, request=b8edd47f-9a8a-4d8f-b9ea-91b185ba1497->7ffb1f47-f84a-45ee-8f65-039bc0f66923#38-t1, previous=(t:1, i:21), leaderCommit=15, initializing? false, entries: <empty>
2019-09-10 05:36:22,016 [grpc-default-executor-11] INFO  client.GrpcClientProtocolClient (GrpcClientProtocolClient.java:onNext(264)) - client-76029A3753BB->7808bc08-8c64-492d-8125-4fa314b60c8b: receive RaftClientReply:client-76029A3753BB->7808bc08-8c64-492d-8125-4fa314b60c8b@group-CC489457D0B6, cid=225, FAILED org.apache.ratis.protocol.NotLeaderException: Server 7808bc08-8c64-492d-8125-4fa314b60c8b@group-CC489457D0B6 is not the leader b8edd47f-9a8a-4d8f-b9ea-91b185ba1497:192.168.36.76:33186, logIndex=0, commits[7808bc08-8c64-492d-8125-4fa314b60c8b:c15, 7ffb1f47-f84a-45ee-8f65-039bc0f66923:c14, b8edd47f-9a8a-4d8f-b9ea-91b185ba1497:c15]
2019-09-10 05:36:22,215 [java.util.concurrent.ThreadPoolExecutor$Worker@4f9f2bc1[State = -1, empty queue]] WARN  server.GrpcLogAppender (GrpcLogAppender.java:timeoutAppendRequest(200)) - b8edd47f-9a8a-4d8f-b9ea-91b185ba1497@group-CC489457D0B6->7ffb1f47-f84a-45ee-8f65-039bc0f66923-GrpcLogAppender: appendEntries Timeout, request=b8edd47f-9a8a-4d8f-b9ea-91b185ba1497->7ffb1f47-f84a-45ee-8f65-039bc0f66923#39-t1, previous=(t:1, i:21), leaderCommit=15, initializing? false, entries: <empty>
2019-09-10 05:36:24,716 [java.util.concurrent.ThreadPoolExecutor$Worker@4f9f2bc1[State = -1, empty queue]] WARN  server.GrpcLogAppender (GrpcLogAppender.java:timeoutAppendRequest(200)) - b8edd47f-9a8a-4d8f-b9ea-91b185ba1497@group-CC489457D0B6->7ffb1f47-f84a-45ee-8f65-039bc0f66923-GrpcLogAppender: appendEntries Timeout, request=b8edd47f-9a8a-4d8f-b9ea-91b185ba1497->7ffb1f47-f84a-45ee-8f65-039bc0f66923#40-t1, previous=(t:1, i:21), leaderCommit=15, initializing? false, entries: <empty>
2019-09-10 05:36:26,908 [b8edd47f-9a8a-4d8f-b9ea-91b185ba1497@group-CC489457D0B6-SegmentedRaftLogWorker] WARN  segmented.SegmentedRaftLogWorker (SegmentedRaftLogWorker.java:getFromFuture(90)) - Timeout 4/~
org.apache.ratis.protocol.TimeoutIOException: Timeout 10s: WriteLog:19: (t:1, i:19), STATEMACHINELOGENTRY, client-76029A3753BB, cid=228-writeStateMachineData
	at org.apache.ratis.util.IOUtils.getFromFuture(IOUtils.java:87)
	at org.apache.ratis.server.raftlog.segmented.SegmentedRaftLogWorker$StateMachineDataPolicy.getFromFuture(SegmentedRaftLogWorker.java:87)
	at org.apache.ratis.server.raftlog.segmented.SegmentedRaftLogWorker$WriteLog.execute(SegmentedRaftLogWorker.java:477)
	at org.apache.ratis.server.raftlog.segmented.SegmentedRaftLogWorker.run(SegmentedRaftLogWorker.java:289)
	at java.lang.Thread.run(Thread.java:748)
Caused by: java.util.concurrent.TimeoutException
	at java.util.concurrent.CompletableFuture.timedGet(CompletableFuture.java:1771)
	at java.util.concurrent.CompletableFuture.get(CompletableFuture.java:1915)
	at org.apache.ratis.util.IOUtils.getFromFuture(IOUtils.java:79)
	... 4 more
2019-09-10 05:36:26,911 [7ffb1f47-f84a-45ee-8f65-039bc0f66923@group-CC489457D0B6-SegmentedRaftLogWorker] WARN  segmented.SegmentedRaftLogWorker (SegmentedRaftLogWorker.java:getFromFuture(90)) - Timeout 4/~
org.apache.ratis.protocol.TimeoutIOException: Timeout 10s: WriteLog:20: (t:1, i:20), STATEMACHINELOGENTRY, client-76029A3753BB, cid=229-writeStateMachineData
	at org.apache.ratis.util.IOUtils.getFromFuture(IOUtils.java:87)
	at org.apache.ratis.server.raftlog.segmented.SegmentedRaftLogWorker$StateMachineDataPolicy.getFromFuture(SegmentedRaftLogWorker.java:87)
	at org.apache.ratis.server.raftlog.segmented.SegmentedRaftLogWorker$WriteLog.execute(SegmentedRaftLogWorker.java:477)
	at org.apache.ratis.server.raftlog.segmented.SegmentedRaftLogWorker.run(SegmentedRaftLogWorker.java:289)
	at java.lang.Thread.run(Thread.java:748)
Caused by: java.util.concurrent.TimeoutException
	at java.util.concurrent.CompletableFuture.timedGet(CompletableFuture.java:1771)
	at java.util.concurrent.CompletableFuture.get(CompletableFuture.java:1915)
	at org.apache.ratis.util.IOUtils.getFromFuture(IOUtils.java:79)
	... 4 more
2019-09-10 05:36:27,044 [grpc-default-executor-11] INFO  client.GrpcClientProtocolClient (GrpcClientProtocolClient.java:onNext(264)) - client-76029A3753BB->7808bc08-8c64-492d-8125-4fa314b60c8b: receive RaftClientReply:client-76029A3753BB->7808bc08-8c64-492d-8125-4fa314b60c8b@group-CC489457D0B6, cid=225, FAILED org.apache.ratis.protocol.NotLeaderException: Server 7808bc08-8c64-492d-8125-4fa314b60c8b@group-CC489457D0B6 is not the leader b8edd47f-9a8a-4d8f-b9ea-91b185ba1497:192.168.36.76:33186, logIndex=0, commits[7808bc08-8c64-492d-8125-4fa314b60c8b:c15, 7ffb1f47-f84a-45ee-8f65-039bc0f66923:c14, b8edd47f-9a8a-4d8f-b9ea-91b185ba1497:c15]
2019-09-10 05:36:27,216 [java.util.concurrent.ThreadPoolExecutor$Worker@4f9f2bc1[State = -1, empty queue]] WARN  server.GrpcLogAppender (GrpcLogAppender.java:timeoutAppendRequest(200)) - b8edd47f-9a8a-4d8f-b9ea-91b185ba1497@group-CC489457D0B6->7ffb1f47-f84a-45ee-8f65-039bc0f66923-GrpcLogAppender: appendEntries Timeout, request=b8edd47f-9a8a-4d8f-b9ea-91b185ba1497->7ffb1f47-f84a-45ee-8f65-039bc0f66923#41-t1, previous=(t:1, i:21), leaderCommit=15, initializing? false, entries: <empty>
2019-09-10 05:36:29,717 [java.util.concurrent.ThreadPoolExecutor$Worker@4f9f2bc1[State = -1, empty queue]] WARN  server.GrpcLogAppender (GrpcLogAppender.java:timeoutAppendRequest(200)) - b8edd47f-9a8a-4d8f-b9ea-91b185ba1497@group-CC489457D0B6->7ffb1f47-f84a-45ee-8f65-039bc0f66923-GrpcLogAppender: appendEntries Timeout, request=b8edd47f-9a8a-4d8f-b9ea-91b185ba1497->7ffb1f47-f84a-45ee-8f65-039bc0f66923#42-t1, previous=(t:1, i:21), leaderCommit=15, initializing? false, entries: <empty>
2019-09-10 05:36:32,079 [grpc-default-executor-11] INFO  client.GrpcClientProtocolClient (GrpcClientProtocolClient.java:onNext(264)) - client-76029A3753BB->7ffb1f47-f84a-45ee-8f65-039bc0f66923: receive RaftClientReply:client-76029A3753BB->7ffb1f47-f84a-45ee-8f65-039bc0f66923@group-CC489457D0B6, cid=225, FAILED org.apache.ratis.protocol.NotLeaderException: Server 7ffb1f47-f84a-45ee-8f65-039bc0f66923@group-CC489457D0B6 is not the leader b8edd47f-9a8a-4d8f-b9ea-91b185ba1497:192.168.36.76:33186, logIndex=0, commits[7ffb1f47-f84a-45ee-8f65-039bc0f66923:c15, b8edd47f-9a8a-4d8f-b9ea-91b185ba1497:c15, 7808bc08-8c64-492d-8125-4fa314b60c8b:c15]
2019-09-10 05:36:32,217 [java.util.concurrent.ThreadPoolExecutor$Worker@4f9f2bc1[State = -1, empty queue]] WARN  server.GrpcLogAppender (GrpcLogAppender.java:timeoutAppendRequest(200)) - b8edd47f-9a8a-4d8f-b9ea-91b185ba1497@group-CC489457D0B6->7ffb1f47-f84a-45ee-8f65-039bc0f66923-GrpcLogAppender: appendEntries Timeout, request=b8edd47f-9a8a-4d8f-b9ea-91b185ba1497->7ffb1f47-f84a-45ee-8f65-039bc0f66923#43-t1, previous=(t:1, i:21), leaderCommit=15, initializing? false, entries: <empty>
2019-09-10 05:36:34,717 [java.util.concurrent.ThreadPoolExecutor$Worker@4f9f2bc1[State = -1, empty queue]] WARN  server.GrpcLogAppender (GrpcLogAppender.java:timeoutAppendRequest(200)) - b8edd47f-9a8a-4d8f-b9ea-91b185ba1497@group-CC489457D0B6->7ffb1f47-f84a-45ee-8f65-039bc0f66923-GrpcLogAppender: appendEntries Timeout, request=b8edd47f-9a8a-4d8f-b9ea-91b185ba1497->7ffb1f47-f84a-45ee-8f65-039bc0f66923#44-t1, previous=(t:1, i:21), leaderCommit=15, initializing? false, entries: <empty>
2019-09-10 05:36:36,913 [b8edd47f-9a8a-4d8f-b9ea-91b185ba1497@group-CC489457D0B6-SegmentedRaftLogWorker] WARN  segmented.SegmentedRaftLogWorker (SegmentedRaftLogWorker.java:getFromFuture(90)) - Timeout 5/~
org.apache.ratis.protocol.TimeoutIOException: Timeout 10s: WriteLog:19: (t:1, i:19), STATEMACHINELOGENTRY, client-76029A3753BB, cid=228-writeStateMachineData
	at org.apache.ratis.util.IOUtils.getFromFuture(IOUtils.java:87)
	at org.apache.ratis.server.raftlog.segmented.SegmentedRaftLogWorker$StateMachineDataPolicy.getFromFuture(SegmentedRaftLogWorker.java:87)
	at org.apache.ratis.server.raftlog.segmented.SegmentedRaftLogWorker$WriteLog.execute(SegmentedRaftLogWorker.java:477)
	at org.apache.ratis.server.raftlog.segmented.SegmentedRaftLogWorker.run(SegmentedRaftLogWorker.java:289)
	at java.lang.Thread.run(Thread.java:748)
Caused by: java.util.concurrent.TimeoutException
	at java.util.concurrent.CompletableFuture.timedGet(CompletableFuture.java:1771)
	at java.util.concurrent.CompletableFuture.get(CompletableFuture.java:1915)
	at org.apache.ratis.util.IOUtils.getFromFuture(IOUtils.java:79)
	... 4 more
2019-09-10 05:36:36,913 [7ffb1f47-f84a-45ee-8f65-039bc0f66923@group-CC489457D0B6-SegmentedRaftLogWorker] WARN  segmented.SegmentedRaftLogWorker (SegmentedRaftLogWorker.java:getFromFuture(90)) - Timeout 5/~
org.apache.ratis.protocol.TimeoutIOException: Timeout 10s: WriteLog:20: (t:1, i:20), STATEMACHINELOGENTRY, client-76029A3753BB, cid=229-writeStateMachineData
	at org.apache.ratis.util.IOUtils.getFromFuture(IOUtils.java:87)
	at org.apache.ratis.server.raftlog.segmented.SegmentedRaftLogWorker$StateMachineDataPolicy.getFromFuture(SegmentedRaftLogWorker.java:87)
	at org.apache.ratis.server.raftlog.segmented.SegmentedRaftLogWorker$WriteLog.execute(SegmentedRaftLogWorker.java:477)
	at org.apache.ratis.server.raftlog.segmented.SegmentedRaftLogWorker.run(SegmentedRaftLogWorker.java:289)
	at java.lang.Thread.run(Thread.java:748)
Caused by: java.util.concurrent.TimeoutException
	at java.util.concurrent.CompletableFuture.timedGet(CompletableFuture.java:1771)
	at java.util.concurrent.CompletableFuture.get(CompletableFuture.java:1915)
	at org.apache.ratis.util.IOUtils.getFromFuture(IOUtils.java:79)
	... 4 more
2019-09-10 05:36:37,118 [grpc-default-executor-11] INFO  client.GrpcClientProtocolClient (GrpcClientProtocolClient.java:onNext(264)) - client-76029A3753BB->7808bc08-8c64-492d-8125-4fa314b60c8b: receive RaftClientReply:client-76029A3753BB->7808bc08-8c64-492d-8125-4fa314b60c8b@group-CC489457D0B6, cid=225, FAILED org.apache.ratis.protocol.NotLeaderException: Server 7808bc08-8c64-492d-8125-4fa314b60c8b@group-CC489457D0B6 is not the leader b8edd47f-9a8a-4d8f-b9ea-91b185ba1497:192.168.36.76:33186, logIndex=0, commits[7808bc08-8c64-492d-8125-4fa314b60c8b:c15, 7ffb1f47-f84a-45ee-8f65-039bc0f66923:c14, b8edd47f-9a8a-4d8f-b9ea-91b185ba1497:c15]
2019-09-10 05:36:37,218 [java.util.concurrent.ThreadPoolExecutor$Worker@4f9f2bc1[State = -1, empty queue]] WARN  server.GrpcLogAppender (GrpcLogAppender.java:timeoutAppendRequest(200)) - b8edd47f-9a8a-4d8f-b9ea-91b185ba1497@group-CC489457D0B6->7ffb1f47-f84a-45ee-8f65-039bc0f66923-GrpcLogAppender: appendEntries Timeout, request=b8edd47f-9a8a-4d8f-b9ea-91b185ba1497->7ffb1f47-f84a-45ee-8f65-039bc0f66923#45-t1, previous=(t:1, i:21), leaderCommit=15, initializing? false, entries: <empty>
2019-09-10 05:36:39,719 [java.util.concurrent.ThreadPoolExecutor$Worker@4f9f2bc1[State = -1, empty queue]] WARN  server.GrpcLogAppender (GrpcLogAppender.java:timeoutAppendRequest(200)) - b8edd47f-9a8a-4d8f-b9ea-91b185ba1497@group-CC489457D0B6->7ffb1f47-f84a-45ee-8f65-039bc0f66923-GrpcLogAppender: appendEntries Timeout, request=b8edd47f-9a8a-4d8f-b9ea-91b185ba1497->7ffb1f47-f84a-45ee-8f65-039bc0f66923#46-t1, previous=(t:1, i:21), leaderCommit=15, initializing? false, entries: <empty>
2019-09-10 05:36:42,155 [grpc-default-executor-11] INFO  client.GrpcClientProtocolClient (GrpcClientProtocolClient.java:onNext(264)) - client-76029A3753BB->7ffb1f47-f84a-45ee-8f65-039bc0f66923: receive RaftClientReply:client-76029A3753BB->7ffb1f47-f84a-45ee-8f65-039bc0f66923@group-CC489457D0B6, cid=225, FAILED org.apache.ratis.protocol.NotLeaderException: Server 7ffb1f47-f84a-45ee-8f65-039bc0f66923@group-CC489457D0B6 is not the leader b8edd47f-9a8a-4d8f-b9ea-91b185ba1497:192.168.36.76:33186, logIndex=0, commits[7ffb1f47-f84a-45ee-8f65-039bc0f66923:c15, b8edd47f-9a8a-4d8f-b9ea-91b185ba1497:c15, 7808bc08-8c64-492d-8125-4fa314b60c8b:c15]
2019-09-10 05:36:42,221 [java.util.concurrent.ThreadPoolExecutor$Worker@4f9f2bc1[State = -1, empty queue]] WARN  server.GrpcLogAppender (GrpcLogAppender.java:timeoutAppendRequest(200)) - b8edd47f-9a8a-4d8f-b9ea-91b185ba1497@group-CC489457D0B6->7ffb1f47-f84a-45ee-8f65-039bc0f66923-GrpcLogAppender: appendEntries Timeout, request=b8edd47f-9a8a-4d8f-b9ea-91b185ba1497->7ffb1f47-f84a-45ee-8f65-039bc0f66923#47-t1, previous=(t:1, i:21), leaderCommit=15, initializing? false, entries: <empty>
2019-09-10 05:36:44,722 [java.util.concurrent.ThreadPoolExecutor$Worker@4f9f2bc1[State = -1, empty queue]] WARN  server.GrpcLogAppender (GrpcLogAppender.java:timeoutAppendRequest(200)) - b8edd47f-9a8a-4d8f-b9ea-91b185ba1497@group-CC489457D0B6->7ffb1f47-f84a-45ee-8f65-039bc0f66923-GrpcLogAppender: appendEntries Timeout, request=b8edd47f-9a8a-4d8f-b9ea-91b185ba1497->7ffb1f47-f84a-45ee-8f65-039bc0f66923#48-t1, previous=(t:1, i:21), leaderCommit=15, initializing? false, entries: <empty>
2019-09-10 05:36:46,929 [7ffb1f47-f84a-45ee-8f65-039bc0f66923@group-CC489457D0B6-SegmentedRaftLogWorker] WARN  segmented.SegmentedRaftLogWorker (SegmentedRaftLogWorker.java:getFromFuture(90)) - Timeout 6/~
org.apache.ratis.protocol.TimeoutIOException: Timeout 10s: WriteLog:20: (t:1, i:20), STATEMACHINELOGENTRY, client-76029A3753BB, cid=229-writeStateMachineData
	at org.apache.ratis.util.IOUtils.getFromFuture(IOUtils.java:87)
	at org.apache.ratis.server.raftlog.segmented.SegmentedRaftLogWorker$StateMachineDataPolicy.getFromFuture(SegmentedRaftLogWorker.java:87)
	at org.apache.ratis.server.raftlog.segmented.SegmentedRaftLogWorker$WriteLog.execute(SegmentedRaftLogWorker.java:477)
	at org.apache.ratis.server.raftlog.segmented.SegmentedRaftLogWorker.run(SegmentedRaftLogWorker.java:289)
	at java.lang.Thread.run(Thread.java:748)
Caused by: java.util.concurrent.TimeoutException
	at java.util.concurrent.CompletableFuture.timedGet(CompletableFuture.java:1771)
	at java.util.concurrent.CompletableFuture.get(CompletableFuture.java:1915)
	at org.apache.ratis.util.IOUtils.getFromFuture(IOUtils.java:79)
	... 4 more
2019-09-10 05:36:46,929 [b8edd47f-9a8a-4d8f-b9ea-91b185ba1497@group-CC489457D0B6-SegmentedRaftLogWorker] WARN  segmented.SegmentedRaftLogWorker (SegmentedRaftLogWorker.java:getFromFuture(90)) - Timeout 6/~
org.apache.ratis.protocol.TimeoutIOException: Timeout 10s: WriteLog:19: (t:1, i:19), STATEMACHINELOGENTRY, client-76029A3753BB, cid=228-writeStateMachineData
	at org.apache.ratis.util.IOUtils.getFromFuture(IOUtils.java:87)
	at org.apache.ratis.server.raftlog.segmented.SegmentedRaftLogWorker$StateMachineDataPolicy.getFromFuture(SegmentedRaftLogWorker.java:87)
	at org.apache.ratis.server.raftlog.segmented.SegmentedRaftLogWorker$WriteLog.execute(SegmentedRaftLogWorker.java:477)
	at org.apache.ratis.server.raftlog.segmented.SegmentedRaftLogWorker.run(SegmentedRaftLogWorker.java:289)
	at java.lang.Thread.run(Thread.java:748)
Caused by: java.util.concurrent.TimeoutException
	at java.util.concurrent.CompletableFuture.timedGet(CompletableFuture.java:1771)
	at java.util.concurrent.CompletableFuture.get(CompletableFuture.java:1915)
	at org.apache.ratis.util.IOUtils.getFromFuture(IOUtils.java:79)
	... 4 more
2019-09-10 05:36:47,186 [grpc-default-executor-9] INFO  client.GrpcClientProtocolClient (GrpcClientProtocolClient.java:onNext(264)) - client-76029A3753BB->7ffb1f47-f84a-45ee-8f65-039bc0f66923: receive RaftClientReply:client-76029A3753BB->7ffb1f47-f84a-45ee-8f65-039bc0f66923@group-CC489457D0B6, cid=225, FAILED org.apache.ratis.protocol.NotLeaderException: Server 7ffb1f47-f84a-45ee-8f65-039bc0f66923@group-CC489457D0B6 is not the leader b8edd47f-9a8a-4d8f-b9ea-91b185ba1497:192.168.36.76:33186, logIndex=0, commits[7ffb1f47-f84a-45ee-8f65-039bc0f66923:c15, b8edd47f-9a8a-4d8f-b9ea-91b185ba1497:c15, 7808bc08-8c64-492d-8125-4fa314b60c8b:c15]
2019-09-10 05:36:47,223 [java.util.concurrent.ThreadPoolExecutor$Worker@4f9f2bc1[State = -1, empty queue]] WARN  server.GrpcLogAppender (GrpcLogAppender.java:timeoutAppendRequest(200)) - b8edd47f-9a8a-4d8f-b9ea-91b185ba1497@group-CC489457D0B6->7ffb1f47-f84a-45ee-8f65-039bc0f66923-GrpcLogAppender: appendEntries Timeout, request=b8edd47f-9a8a-4d8f-b9ea-91b185ba1497->7ffb1f47-f84a-45ee-8f65-039bc0f66923#49-t1, previous=(t:1, i:21), leaderCommit=15, initializing? false, entries: <empty>
2019-09-10 05:36:49,723 [java.util.concurrent.ThreadPoolExecutor$Worker@4f9f2bc1[State = -1, empty queue]] WARN  server.GrpcLogAppender (GrpcLogAppender.java:timeoutAppendRequest(200)) - b8edd47f-9a8a-4d8f-b9ea-91b185ba1497@group-CC489457D0B6->7ffb1f47-f84a-45ee-8f65-039bc0f66923-GrpcLogAppender: appendEntries Timeout, request=b8edd47f-9a8a-4d8f-b9ea-91b185ba1497->7ffb1f47-f84a-45ee-8f65-039bc0f66923#50-t1, previous=(t:1, i:21), leaderCommit=15, initializing? false, entries: <empty>
2019-09-10 05:36:52,215 [grpc-default-executor-11] INFO  client.GrpcClientProtocolClient (GrpcClientProtocolClient.java:onNext(264)) - client-76029A3753BB->7808bc08-8c64-492d-8125-4fa314b60c8b: receive RaftClientReply:client-76029A3753BB->7808bc08-8c64-492d-8125-4fa314b60c8b@group-CC489457D0B6, cid=225, FAILED org.apache.ratis.protocol.NotLeaderException: Server 7808bc08-8c64-492d-8125-4fa314b60c8b@group-CC489457D0B6 is not the leader b8edd47f-9a8a-4d8f-b9ea-91b185ba1497:192.168.36.76:33186, logIndex=0, commits[7808bc08-8c64-492d-8125-4fa314b60c8b:c15, 7ffb1f47-f84a-45ee-8f65-039bc0f66923:c14, b8edd47f-9a8a-4d8f-b9ea-91b185ba1497:c15]
2019-09-10 05:36:52,224 [java.util.concurrent.ThreadPoolExecutor$Worker@4f9f2bc1[State = -1, empty queue]] WARN  server.GrpcLogAppender (GrpcLogAppender.java:timeoutAppendRequest(200)) - b8edd47f-9a8a-4d8f-b9ea-91b185ba1497@group-CC489457D0B6->7ffb1f47-f84a-45ee-8f65-039bc0f66923-GrpcLogAppender: appendEntries Timeout, request=b8edd47f-9a8a-4d8f-b9ea-91b185ba1497->7ffb1f47-f84a-45ee-8f65-039bc0f66923#51-t1, previous=(t:1, i:21), leaderCommit=15, initializing? false, entries: <empty>
2019-09-10 05:36:54,726 [java.util.concurrent.ThreadPoolExecutor$Worker@4f9f2bc1[State = -1, empty queue]] WARN  server.GrpcLogAppender (GrpcLogAppender.java:timeoutAppendRequest(200)) - b8edd47f-9a8a-4d8f-b9ea-91b185ba1497@group-CC489457D0B6->7ffb1f47-f84a-45ee-8f65-039bc0f66923-GrpcLogAppender: appendEntries Timeout, request=b8edd47f-9a8a-4d8f-b9ea-91b185ba1497->7ffb1f47-f84a-45ee-8f65-039bc0f66923#52-t1, previous=(t:1, i:21), leaderCommit=15, initializing? false, entries: <empty>
2019-09-10 05:36:56,934 [7ffb1f47-f84a-45ee-8f65-039bc0f66923@group-CC489457D0B6-SegmentedRaftLogWorker] WARN  segmented.SegmentedRaftLogWorker (SegmentedRaftLogWorker.java:getFromFuture(90)) - Timeout 7/~
org.apache.ratis.protocol.TimeoutIOException: Timeout 10s: WriteLog:20: (t:1, i:20), STATEMACHINELOGENTRY, client-76029A3753BB, cid=229-writeStateMachineData
	at org.apache.ratis.util.IOUtils.getFromFuture(IOUtils.java:87)
	at org.apache.ratis.server.raftlog.segmented.SegmentedRaftLogWorker$StateMachineDataPolicy.getFromFuture(SegmentedRaftLogWorker.java:87)
	at org.apache.ratis.server.raftlog.segmented.SegmentedRaftLogWorker$WriteLog.execute(SegmentedRaftLogWorker.java:477)
	at org.apache.ratis.server.raftlog.segmented.SegmentedRaftLogWorker.run(SegmentedRaftLogWorker.java:289)
	at java.lang.Thread.run(Thread.java:748)
Caused by: java.util.concurrent.TimeoutException
	at java.util.concurrent.CompletableFuture.timedGet(CompletableFuture.java:1771)
	at java.util.concurrent.CompletableFuture.get(CompletableFuture.java:1915)
	at org.apache.ratis.util.IOUtils.getFromFuture(IOUtils.java:79)
	... 4 more
2019-09-10 05:36:56,942 [b8edd47f-9a8a-4d8f-b9ea-91b185ba1497@group-CC489457D0B6-SegmentedRaftLogWorker] WARN  segmented.SegmentedRaftLogWorker (SegmentedRaftLogWorker.java:getFromFuture(90)) - Timeout 7/~
org.apache.ratis.protocol.TimeoutIOException: Timeout 10s: WriteLog:19: (t:1, i:19), STATEMACHINELOGENTRY, client-76029A3753BB, cid=228-writeStateMachineData
	at org.apache.ratis.util.IOUtils.getFromFuture(IOUtils.java:87)
	at org.apache.ratis.server.raftlog.segmented.SegmentedRaftLogWorker$StateMachineDataPolicy.getFromFuture(SegmentedRaftLogWorker.java:87)
	at org.apache.ratis.server.raftlog.segmented.SegmentedRaftLogWorker$WriteLog.execute(SegmentedRaftLogWorker.java:477)
	at org.apache.ratis.server.raftlog.segmented.SegmentedRaftLogWorker.run(SegmentedRaftLogWorker.java:289)
	at java.lang.Thread.run(Thread.java:748)
Caused by: java.util.concurrent.TimeoutException
	at java.util.concurrent.CompletableFuture.timedGet(CompletableFuture.java:1771)
	at java.util.concurrent.CompletableFuture.get(CompletableFuture.java:1915)
	at org.apache.ratis.util.IOUtils.getFromFuture(IOUtils.java:79)
	... 4 more
2019-09-10 05:36:57,226 [java.util.concurrent.ThreadPoolExecutor$Worker@4f9f2bc1[State = -1, empty queue]] WARN  server.GrpcLogAppender (GrpcLogAppender.java:timeoutAppendRequest(200)) - b8edd47f-9a8a-4d8f-b9ea-91b185ba1497@group-CC489457D0B6->7ffb1f47-f84a-45ee-8f65-039bc0f66923-GrpcLogAppender: appendEntries Timeout, request=b8edd47f-9a8a-4d8f-b9ea-91b185ba1497->7ffb1f47-f84a-45ee-8f65-039bc0f66923#53-t1, previous=(t:1, i:21), leaderCommit=15, initializing? false, entries: <empty>
2019-09-10 05:36:57,249 [grpc-default-executor-8] INFO  client.GrpcClientProtocolClient (GrpcClientProtocolClient.java:onNext(264)) - client-76029A3753BB->7808bc08-8c64-492d-8125-4fa314b60c8b: receive RaftClientReply:client-76029A3753BB->7808bc08-8c64-492d-8125-4fa314b60c8b@group-CC489457D0B6, cid=225, FAILED org.apache.ratis.protocol.NotLeaderException: Server 7808bc08-8c64-492d-8125-4fa314b60c8b@group-CC489457D0B6 is not the leader b8edd47f-9a8a-4d8f-b9ea-91b185ba1497:192.168.36.76:33186, logIndex=0, commits[7808bc08-8c64-492d-8125-4fa314b60c8b:c15, 7ffb1f47-f84a-45ee-8f65-039bc0f66923:c14, b8edd47f-9a8a-4d8f-b9ea-91b185ba1497:c15]
2019-09-10 05:36:59,728 [java.util.concurrent.ThreadPoolExecutor$Worker@4f9f2bc1[State = -1, empty queue]] WARN  server.GrpcLogAppender (GrpcLogAppender.java:timeoutAppendRequest(200)) - b8edd47f-9a8a-4d8f-b9ea-91b185ba1497@group-CC489457D0B6->7ffb1f47-f84a-45ee-8f65-039bc0f66923-GrpcLogAppender: appendEntries Timeout, request=b8edd47f-9a8a-4d8f-b9ea-91b185ba1497->7ffb1f47-f84a-45ee-8f65-039bc0f66923#54-t1, previous=(t:1, i:21), leaderCommit=15, initializing? false, entries: <empty>
2019-09-10 05:37:02,229 [java.util.concurrent.ThreadPoolExecutor$Worker@4f9f2bc1[State = -1, empty queue]] WARN  server.GrpcLogAppender (GrpcLogAppender.java:timeoutAppendRequest(200)) - b8edd47f-9a8a-4d8f-b9ea-91b185ba1497@group-CC489457D0B6->7ffb1f47-f84a-45ee-8f65-039bc0f66923-GrpcLogAppender: appendEntries Timeout, request=b8edd47f-9a8a-4d8f-b9ea-91b185ba1497->7ffb1f47-f84a-45ee-8f65-039bc0f66923#55-t1, previous=(t:1, i:21), leaderCommit=15, initializing? false, entries: <empty>
2019-09-10 05:37:02,284 [grpc-default-executor-11] INFO  client.GrpcClientProtocolClient (GrpcClientProtocolClient.java:onNext(264)) - client-76029A3753BB->7808bc08-8c64-492d-8125-4fa314b60c8b: receive RaftClientReply:client-76029A3753BB->7808bc08-8c64-492d-8125-4fa314b60c8b@group-CC489457D0B6, cid=225, FAILED org.apache.ratis.protocol.NotLeaderException: Server 7808bc08-8c64-492d-8125-4fa314b60c8b@group-CC489457D0B6 is not the leader b8edd47f-9a8a-4d8f-b9ea-91b185ba1497:192.168.36.76:33186, logIndex=0, commits[7808bc08-8c64-492d-8125-4fa314b60c8b:c15, 7ffb1f47-f84a-45ee-8f65-039bc0f66923:c14, b8edd47f-9a8a-4d8f-b9ea-91b185ba1497:c15]
2019-09-10 05:37:04,730 [java.util.concurrent.ThreadPoolExecutor$Worker@4f9f2bc1[State = -1, empty queue]] WARN  server.GrpcLogAppender (GrpcLogAppender.java:timeoutAppendRequest(200)) - b8edd47f-9a8a-4d8f-b9ea-91b185ba1497@group-CC489457D0B6->7ffb1f47-f84a-45ee-8f65-039bc0f66923-GrpcLogAppender: appendEntries Timeout, request=b8edd47f-9a8a-4d8f-b9ea-91b185ba1497->7ffb1f47-f84a-45ee-8f65-039bc0f66923#56-t1, previous=(t:1, i:21), leaderCommit=15, initializing? false, entries: <empty>
2019-09-10 05:37:06,945 [7ffb1f47-f84a-45ee-8f65-039bc0f66923@group-CC489457D0B6-SegmentedRaftLogWorker] WARN  segmented.SegmentedRaftLogWorker (SegmentedRaftLogWorker.java:getFromFuture(90)) - Timeout 8/~
org.apache.ratis.protocol.TimeoutIOException: Timeout 10s: WriteLog:20: (t:1, i:20), STATEMACHINELOGENTRY, client-76029A3753BB, cid=229-writeStateMachineData
	at org.apache.ratis.util.IOUtils.getFromFuture(IOUtils.java:87)
	at org.apache.ratis.server.raftlog.segmented.SegmentedRaftLogWorker$StateMachineDataPolicy.getFromFuture(SegmentedRaftLogWorker.java:87)
	at org.apache.ratis.server.raftlog.segmented.SegmentedRaftLogWorker$WriteLog.execute(SegmentedRaftLogWorker.java:477)
	at org.apache.ratis.server.raftlog.segmented.SegmentedRaftLogWorker.run(SegmentedRaftLogWorker.java:289)
	at java.lang.Thread.run(Thread.java:748)
Caused by: java.util.concurrent.TimeoutException
	at java.util.concurrent.CompletableFuture.timedGet(CompletableFuture.java:1771)
	at java.util.concurrent.CompletableFuture.get(CompletableFuture.java:1915)
	at org.apache.ratis.util.IOUtils.getFromFuture(IOUtils.java:79)
	... 4 more
2019-09-10 05:37:06,964 [b8edd47f-9a8a-4d8f-b9ea-91b185ba1497@group-CC489457D0B6-SegmentedRaftLogWorker] WARN  segmented.SegmentedRaftLogWorker (SegmentedRaftLogWorker.java:getFromFuture(90)) - Timeout 8/~
org.apache.ratis.protocol.TimeoutIOException: Timeout 10s: WriteLog:19: (t:1, i:19), STATEMACHINELOGENTRY, client-76029A3753BB, cid=228-writeStateMachineData
	at org.apache.ratis.util.IOUtils.getFromFuture(IOUtils.java:87)
	at org.apache.ratis.server.raftlog.segmented.SegmentedRaftLogWorker$StateMachineDataPolicy.getFromFuture(SegmentedRaftLogWorker.java:87)
	at org.apache.ratis.server.raftlog.segmented.SegmentedRaftLogWorker$WriteLog.execute(SegmentedRaftLogWorker.java:477)
	at org.apache.ratis.server.raftlog.segmented.SegmentedRaftLogWorker.run(SegmentedRaftLogWorker.java:289)
	at java.lang.Thread.run(Thread.java:748)
Caused by: java.util.concurrent.TimeoutException
	at java.util.concurrent.CompletableFuture.timedGet(CompletableFuture.java:1771)
	at java.util.concurrent.CompletableFuture.get(CompletableFuture.java:1915)
	at org.apache.ratis.util.IOUtils.getFromFuture(IOUtils.java:79)
	... 4 more
2019-09-10 05:37:07,231 [java.util.concurrent.ThreadPoolExecutor$Worker@4f9f2bc1[State = -1, empty queue]] WARN  server.GrpcLogAppender (GrpcLogAppender.java:timeoutAppendRequest(200)) - b8edd47f-9a8a-4d8f-b9ea-91b185ba1497@group-CC489457D0B6->7ffb1f47-f84a-45ee-8f65-039bc0f66923-GrpcLogAppender: appendEntries Timeout, request=b8edd47f-9a8a-4d8f-b9ea-91b185ba1497->7ffb1f47-f84a-45ee-8f65-039bc0f66923#57-t1, previous=(t:1, i:21), leaderCommit=15, initializing? false, entries: <empty>
2019-09-10 05:37:07,317 [grpc-default-executor-9] INFO  client.GrpcClientProtocolClient (GrpcClientProtocolClient.java:onNext(264)) - client-76029A3753BB->7ffb1f47-f84a-45ee-8f65-039bc0f66923: receive RaftClientReply:client-76029A3753BB->7ffb1f47-f84a-45ee-8f65-039bc0f66923@group-CC489457D0B6, cid=225, FAILED org.apache.ratis.protocol.NotLeaderException: Server 7ffb1f47-f84a-45ee-8f65-039bc0f66923@group-CC489457D0B6 is not the leader b8edd47f-9a8a-4d8f-b9ea-91b185ba1497:192.168.36.76:33186, logIndex=0, commits[7ffb1f47-f84a-45ee-8f65-039bc0f66923:c15, b8edd47f-9a8a-4d8f-b9ea-91b185ba1497:c15, 7808bc08-8c64-492d-8125-4fa314b60c8b:c15]
2019-09-10 05:37:09,732 [java.util.concurrent.ThreadPoolExecutor$Worker@4f9f2bc1[State = -1, empty queue]] WARN  server.GrpcLogAppender (GrpcLogAppender.java:timeoutAppendRequest(200)) - b8edd47f-9a8a-4d8f-b9ea-91b185ba1497@group-CC489457D0B6->7ffb1f47-f84a-45ee-8f65-039bc0f66923-GrpcLogAppender: appendEntries Timeout, request=b8edd47f-9a8a-4d8f-b9ea-91b185ba1497->7ffb1f47-f84a-45ee-8f65-039bc0f66923#58-t1, previous=(t:1, i:21), leaderCommit=15, initializing? false, entries: <empty>
2019-09-10 05:37:12,234 [java.util.concurrent.ThreadPoolExecutor$Worker@4f9f2bc1[State = -1, empty queue]] WARN  server.GrpcLogAppender (GrpcLogAppender.java:timeoutAppendRequest(200)) - b8edd47f-9a8a-4d8f-b9ea-91b185ba1497@group-CC489457D0B6->7ffb1f47-f84a-45ee-8f65-039bc0f66923-GrpcLogAppender: appendEntries Timeout, request=b8edd47f-9a8a-4d8f-b9ea-91b185ba1497->7ffb1f47-f84a-45ee-8f65-039bc0f66923#59-t1, previous=(t:1, i:21), leaderCommit=15, initializing? false, entries: <empty>
2019-09-10 05:37:12,349 [grpc-default-executor-11] INFO  client.GrpcClientProtocolClient (GrpcClientProtocolClient.java:onNext(264)) - client-76029A3753BB->7808bc08-8c64-492d-8125-4fa314b60c8b: receive RaftClientReply:client-76029A3753BB->7808bc08-8c64-492d-8125-4fa314b60c8b@group-CC489457D0B6, cid=225, FAILED org.apache.ratis.protocol.NotLeaderException: Server 7808bc08-8c64-492d-8125-4fa314b60c8b@group-CC489457D0B6 is not the leader b8edd47f-9a8a-4d8f-b9ea-91b185ba1497:192.168.36.76:33186, logIndex=0, commits[7808bc08-8c64-492d-8125-4fa314b60c8b:c15, 7ffb1f47-f84a-45ee-8f65-039bc0f66923:c14, b8edd47f-9a8a-4d8f-b9ea-91b185ba1497:c15]
2019-09-10 05:37:14,735 [java.util.concurrent.ThreadPoolExecutor$Worker@4f9f2bc1[State = -1, empty queue]] WARN  server.GrpcLogAppender (GrpcLogAppender.java:timeoutAppendRequest(200)) - b8edd47f-9a8a-4d8f-b9ea-91b185ba1497@group-CC489457D0B6->7ffb1f47-f84a-45ee-8f65-039bc0f66923-GrpcLogAppender: appendEntries Timeout, request=b8edd47f-9a8a-4d8f-b9ea-91b185ba1497->7ffb1f47-f84a-45ee-8f65-039bc0f66923#60-t1, previous=(t:1, i:21), leaderCommit=15, initializing? false, entries: <empty>
2019-09-10 05:37:16,953 [7ffb1f47-f84a-45ee-8f65-039bc0f66923@group-CC489457D0B6-SegmentedRaftLogWorker] WARN  segmented.SegmentedRaftLogWorker (SegmentedRaftLogWorker.java:getFromFuture(90)) - Timeout 9/~
org.apache.ratis.protocol.TimeoutIOException: Timeout 10s: WriteLog:20: (t:1, i:20), STATEMACHINELOGENTRY, client-76029A3753BB, cid=229-writeStateMachineData
	at org.apache.ratis.util.IOUtils.getFromFuture(IOUtils.java:87)
	at org.apache.ratis.server.raftlog.segmented.SegmentedRaftLogWorker$StateMachineDataPolicy.getFromFuture(SegmentedRaftLogWorker.java:87)
	at org.apache.ratis.server.raftlog.segmented.SegmentedRaftLogWorker$WriteLog.execute(SegmentedRaftLogWorker.java:477)
	at org.apache.ratis.server.raftlog.segmented.SegmentedRaftLogWorker.run(SegmentedRaftLogWorker.java:289)
	at java.lang.Thread.run(Thread.java:748)
Caused by: java.util.concurrent.TimeoutException
	at java.util.concurrent.CompletableFuture.timedGet(CompletableFuture.java:1771)
	at java.util.concurrent.CompletableFuture.get(CompletableFuture.java:1915)
	at org.apache.ratis.util.IOUtils.getFromFuture(IOUtils.java:79)
	... 4 more
2019-09-10 05:37:16,965 [b8edd47f-9a8a-4d8f-b9ea-91b185ba1497@group-CC489457D0B6-SegmentedRaftLogWorker] WARN  segmented.SegmentedRaftLogWorker (SegmentedRaftLogWorker.java:getFromFuture(90)) - Timeout 9/~
org.apache.ratis.protocol.TimeoutIOException: Timeout 10s: WriteLog:19: (t:1, i:19), STATEMACHINELOGENTRY, client-76029A3753BB, cid=228-writeStateMachineData
	at org.apache.ratis.util.IOUtils.getFromFuture(IOUtils.java:87)
	at org.apache.ratis.server.raftlog.segmented.SegmentedRaftLogWorker$StateMachineDataPolicy.getFromFuture(SegmentedRaftLogWorker.java:87)
	at org.apache.ratis.server.raftlog.segmented.SegmentedRaftLogWorker$WriteLog.execute(SegmentedRaftLogWorker.java:477)
	at org.apache.ratis.server.raftlog.segmented.SegmentedRaftLogWorker.run(SegmentedRaftLogWorker.java:289)
	at java.lang.Thread.run(Thread.java:748)
Caused by: java.util.concurrent.TimeoutException
	at java.util.concurrent.CompletableFuture.timedGet(CompletableFuture.java:1771)
	at java.util.concurrent.CompletableFuture.get(CompletableFuture.java:1915)
	at org.apache.ratis.util.IOUtils.getFromFuture(IOUtils.java:79)
	... 4 more
2019-09-10 05:37:17,235 [java.util.concurrent.ThreadPoolExecutor$Worker@4f9f2bc1[State = -1, empty queue]] WARN  server.GrpcLogAppender (GrpcLogAppender.java:timeoutAppendRequest(200)) - b8edd47f-9a8a-4d8f-b9ea-91b185ba1497@group-CC489457D0B6->7ffb1f47-f84a-45ee-8f65-039bc0f66923-GrpcLogAppender: appendEntries Timeout, request=b8edd47f-9a8a-4d8f-b9ea-91b185ba1497->7ffb1f47-f84a-45ee-8f65-039bc0f66923#61-t1, previous=(t:1, i:21), leaderCommit=15, initializing? false, entries: <empty>
2019-09-10 05:37:17,413 [grpc-default-executor-8] INFO  client.GrpcClientProtocolClient (GrpcClientProtocolClient.java:onNext(264)) - client-76029A3753BB->7ffb1f47-f84a-45ee-8f65-039bc0f66923: receive RaftClientReply:client-76029A3753BB->7ffb1f47-f84a-45ee-8f65-039bc0f66923@group-CC489457D0B6, cid=225, FAILED org.apache.ratis.protocol.NotLeaderException: Server 7ffb1f47-f84a-45ee-8f65-039bc0f66923@group-CC489457D0B6 is not the leader b8edd47f-9a8a-4d8f-b9ea-91b185ba1497:192.168.36.76:33186, logIndex=0, commits[7ffb1f47-f84a-45ee-8f65-039bc0f66923:c15, b8edd47f-9a8a-4d8f-b9ea-91b185ba1497:c15, 7808bc08-8c64-492d-8125-4fa314b60c8b:c15]
2019-09-10 05:37:19,737 [java.util.concurrent.ThreadPoolExecutor$Worker@4f9f2bc1[State = -1, empty queue]] WARN  server.GrpcLogAppender (GrpcLogAppender.java:timeoutAppendRequest(200)) - b8edd47f-9a8a-4d8f-b9ea-91b185ba1497@group-CC489457D0B6->7ffb1f47-f84a-45ee-8f65-039bc0f66923-GrpcLogAppender: appendEntries Timeout, request=b8edd47f-9a8a-4d8f-b9ea-91b185ba1497->7ffb1f47-f84a-45ee-8f65-039bc0f66923#62-t1, previous=(t:1, i:21), leaderCommit=15, initializing? false, entries: <empty>
2019-09-10 05:37:22,238 [java.util.concurrent.ThreadPoolExecutor$Worker@4f9f2bc1[State = -1, empty queue]] WARN  server.GrpcLogAppender (GrpcLogAppender.java:timeoutAppendRequest(200)) - b8edd47f-9a8a-4d8f-b9ea-91b185ba1497@group-CC489457D0B6->7ffb1f47-f84a-45ee-8f65-039bc0f66923-GrpcLogAppender: appendEntries Timeout, request=b8edd47f-9a8a-4d8f-b9ea-91b185ba1497->7ffb1f47-f84a-45ee-8f65-039bc0f66923#63-t1, previous=(t:1, i:21), leaderCommit=15, initializing? false, entries: <empty>
2019-09-10 05:37:22,464 [grpc-default-executor-8] INFO  client.GrpcClientProtocolClient (GrpcClientProtocolClient.java:onNext(264)) - client-76029A3753BB->7808bc08-8c64-492d-8125-4fa314b60c8b: receive RaftClientReply:client-76029A3753BB->7808bc08-8c64-492d-8125-4fa314b60c8b@group-CC489457D0B6, cid=225, FAILED org.apache.ratis.protocol.NotLeaderException: Server 7808bc08-8c64-492d-8125-4fa314b60c8b@group-CC489457D0B6 is not the leader b8edd47f-9a8a-4d8f-b9ea-91b185ba1497:192.168.36.76:33186, logIndex=0, commits[7808bc08-8c64-492d-8125-4fa314b60c8b:c15, 7ffb1f47-f84a-45ee-8f65-039bc0f66923:c14, b8edd47f-9a8a-4d8f-b9ea-91b185ba1497:c15]
2019-09-10 05:37:24,739 [java.util.concurrent.ThreadPoolExecutor$Worker@4f9f2bc1[State = -1, empty queue]] WARN  server.GrpcLogAppender (GrpcLogAppender.java:timeoutAppendRequest(200)) - b8edd47f-9a8a-4d8f-b9ea-91b185ba1497@group-CC489457D0B6->7ffb1f47-f84a-45ee-8f65-039bc0f66923-GrpcLogAppender: appendEntries Timeout, request=b8edd47f-9a8a-4d8f-b9ea-91b185ba1497->7ffb1f47-f84a-45ee-8f65-039bc0f66923#64-t1, previous=(t:1, i:21), leaderCommit=15, initializing? false, entries: <empty>
2019-09-10 05:37:26,962 [7ffb1f47-f84a-45ee-8f65-039bc0f66923@group-CC489457D0B6-SegmentedRaftLogWorker] WARN  segmented.SegmentedRaftLogWorker (SegmentedRaftLogWorker.java:getFromFuture(90)) - Timeout 10/~
org.apache.ratis.protocol.TimeoutIOException: Timeout 10s: WriteLog:20: (t:1, i:20), STATEMACHINELOGENTRY, client-76029A3753BB, cid=229-writeStateMachineData
	at org.apache.ratis.util.IOUtils.getFromFuture(IOUtils.java:87)
	at org.apache.ratis.server.raftlog.segmented.SegmentedRaftLogWorker$StateMachineDataPolicy.getFromFuture(SegmentedRaftLogWorker.java:87)
	at org.apache.ratis.server.raftlog.segmented.SegmentedRaftLogWorker$WriteLog.execute(SegmentedRaftLogWorker.java:477)
	at org.apache.ratis.server.raftlog.segmented.SegmentedRaftLogWorker.run(SegmentedRaftLogWorker.java:289)
	at java.lang.Thread.run(Thread.java:748)
Caused by: java.util.concurrent.TimeoutException
	at java.util.concurrent.CompletableFuture.timedGet(CompletableFuture.java:1771)
	at java.util.concurrent.CompletableFuture.get(CompletableFuture.java:1915)
	at org.apache.ratis.util.IOUtils.getFromFuture(IOUtils.java:79)
	... 4 more
2019-09-10 05:37:26,989 [b8edd47f-9a8a-4d8f-b9ea-91b185ba1497@group-CC489457D0B6-SegmentedRaftLogWorker] WARN  segmented.SegmentedRaftLogWorker (SegmentedRaftLogWorker.java:getFromFuture(90)) - Timeout 10/~
org.apache.ratis.protocol.TimeoutIOException: Timeout 10s: WriteLog:19: (t:1, i:19), STATEMACHINELOGENTRY, client-76029A3753BB, cid=228-writeStateMachineData
	at org.apache.ratis.util.IOUtils.getFromFuture(IOUtils.java:87)
	at org.apache.ratis.server.raftlog.segmented.SegmentedRaftLogWorker$StateMachineDataPolicy.getFromFuture(SegmentedRaftLogWorker.java:87)
	at org.apache.ratis.server.raftlog.segmented.SegmentedRaftLogWorker$WriteLog.execute(SegmentedRaftLogWorker.java:477)
	at org.apache.ratis.server.raftlog.segmented.SegmentedRaftLogWorker.run(SegmentedRaftLogWorker.java:289)
	at java.lang.Thread.run(Thread.java:748)
Caused by: java.util.concurrent.TimeoutException
	at java.util.concurrent.CompletableFuture.timedGet(CompletableFuture.java:1771)
	at java.util.concurrent.CompletableFuture.get(CompletableFuture.java:1915)
	at org.apache.ratis.util.IOUtils.getFromFuture(IOUtils.java:79)
	... 4 more
2019-09-10 05:37:27,240 [java.util.concurrent.ThreadPoolExecutor$Worker@4f9f2bc1[State = -1, empty queue]] WARN  server.GrpcLogAppender (GrpcLogAppender.java:timeoutAppendRequest(200)) - b8edd47f-9a8a-4d8f-b9ea-91b185ba1497@group-CC489457D0B6->7ffb1f47-f84a-45ee-8f65-039bc0f66923-GrpcLogAppender: appendEntries Timeout, request=b8edd47f-9a8a-4d8f-b9ea-91b185ba1497->7ffb1f47-f84a-45ee-8f65-039bc0f66923#65-t1, previous=(t:1, i:21), leaderCommit=15, initializing? false, entries: <empty>
2019-09-10 05:37:27,495 [grpc-default-executor-9] INFO  client.GrpcClientProtocolClient (GrpcClientProtocolClient.java:onNext(264)) - client-76029A3753BB->7808bc08-8c64-492d-8125-4fa314b60c8b: receive RaftClientReply:client-76029A3753BB->7808bc08-8c64-492d-8125-4fa314b60c8b@group-CC489457D0B6, cid=225, FAILED org.apache.ratis.protocol.NotLeaderException: Server 7808bc08-8c64-492d-8125-4fa314b60c8b@group-CC489457D0B6 is not the leader b8edd47f-9a8a-4d8f-b9ea-91b185ba1497:192.168.36.76:33186, logIndex=0, commits[7808bc08-8c64-492d-8125-4fa314b60c8b:c15, 7ffb1f47-f84a-45ee-8f65-039bc0f66923:c14, b8edd47f-9a8a-4d8f-b9ea-91b185ba1497:c15]
2019-09-10 05:37:29,741 [java.util.concurrent.ThreadPoolExecutor$Worker@4f9f2bc1[State = -1, empty queue]] WARN  server.GrpcLogAppender (GrpcLogAppender.java:timeoutAppendRequest(200)) - b8edd47f-9a8a-4d8f-b9ea-91b185ba1497@group-CC489457D0B6->7ffb1f47-f84a-45ee-8f65-039bc0f66923-GrpcLogAppender: appendEntries Timeout, request=b8edd47f-9a8a-4d8f-b9ea-91b185ba1497->7ffb1f47-f84a-45ee-8f65-039bc0f66923#66-t1, previous=(t:1, i:21), leaderCommit=15, initializing? false, entries: <empty>
2019-09-10 05:37:32,242 [java.util.concurrent.ThreadPoolExecutor$Worker@4f9f2bc1[State = -1, empty queue]] WARN  server.GrpcLogAppender (GrpcLogAppender.java:timeoutAppendRequest(200)) - b8edd47f-9a8a-4d8f-b9ea-91b185ba1497@group-CC489457D0B6->7ffb1f47-f84a-45ee-8f65-039bc0f66923-GrpcLogAppender: appendEntries Timeout, request=b8edd47f-9a8a-4d8f-b9ea-91b185ba1497->7ffb1f47-f84a-45ee-8f65-039bc0f66923#67-t1, previous=(t:1, i:21), leaderCommit=15, initializing? false, entries: <empty>
2019-09-10 05:37:32,527 [grpc-default-executor-9] INFO  client.GrpcClientProtocolClient (GrpcClientProtocolClient.java:onNext(264)) - client-76029A3753BB->7ffb1f47-f84a-45ee-8f65-039bc0f66923: receive RaftClientReply:client-76029A3753BB->7ffb1f47-f84a-45ee-8f65-039bc0f66923@group-CC489457D0B6, cid=225, FAILED org.apache.ratis.protocol.NotLeaderException: Server 7ffb1f47-f84a-45ee-8f65-039bc0f66923@group-CC489457D0B6 is not the leader b8edd47f-9a8a-4d8f-b9ea-91b185ba1497:192.168.36.76:33186, logIndex=0, commits[7ffb1f47-f84a-45ee-8f65-039bc0f66923:c15, b8edd47f-9a8a-4d8f-b9ea-91b185ba1497:c15, 7808bc08-8c64-492d-8125-4fa314b60c8b:c15]
2019-09-10 05:37:34,743 [java.util.concurrent.ThreadPoolExecutor$Worker@4f9f2bc1[State = -1, empty queue]] WARN  server.GrpcLogAppender (GrpcLogAppender.java:timeoutAppendRequest(200)) - b8edd47f-9a8a-4d8f-b9ea-91b185ba1497@group-CC489457D0B6->7ffb1f47-f84a-45ee-8f65-039bc0f66923-GrpcLogAppender: appendEntries Timeout, request=b8edd47f-9a8a-4d8f-b9ea-91b185ba1497->7ffb1f47-f84a-45ee-8f65-039bc0f66923#68-t1, previous=(t:1, i:21), leaderCommit=15, initializing? false, entries: <empty>
2019-09-10 05:37:36,771 [org.apache.ratis.server.impl.LogAppender$AppenderDaemon$$Lambda$512/623231696@20c28874] ERROR ratis.XceiverServerRatis (XceiverServerRatis.java:triggerPipelineClose(568)) - pipeline Action CLOSE  on pipeline PipelineID=2528d2e7-86be-4d5e-8d8b-cc489457d0b6.Reason : b8edd47f-9a8a-4d8f-b9ea-91b185ba1497 has not seen follower/s 7ffb1f47-f84a-45ee-8f65-039bc0f66923 for 120274ms
2019-09-10 05:37:36,918 [EventQueue-PipelineActionsForPipelineActionHandler] ERROR pipeline.PipelineActionHandler (PipelineActionHandler.java:onMessage(60)) - Received pipeline action CLOSE for Pipeline[ Id: 2528d2e7-86be-4d5e-8d8b-cc489457d0b6, Nodes: b8edd47f-9a8a-4d8f-b9ea-91b185ba1497{ip: 192.168.36.76, host: trunk-nightly-20190910-vk757-903364635, networkLocation: /default-rack, certSerialId: null}7808bc08-8c64-492d-8125-4fa314b60c8b{ip: 192.168.36.76, host: trunk-nightly-20190910-vk757-903364635, networkLocation: /default-rack, certSerialId: null}7ffb1f47-f84a-45ee-8f65-039bc0f66923{ip: 192.168.36.76, host: trunk-nightly-20190910-vk757-903364635, networkLocation: /default-rack, certSerialId: null}, Type:RATIS, Factor:THREE, State:OPEN] from datanode b8edd47f-9a8a-4d8f-b9ea-91b185ba1497{ip: 192.168.36.76, host: trunk-nightly-20190910-vk757-903364635, networkLocation: /default-rack, certSerialId: null}. Reason : b8edd47f-9a8a-4d8f-b9ea-91b185ba1497 has not seen follower/s 7ffb1f47-f84a-45ee-8f65-039bc0f66923 for 120274ms
2019-09-10 05:37:36,919 [EventQueue-PipelineActionsForPipelineActionHandler] INFO  pipeline.SCMPipelineManager (SCMPipelineManager.java:finalizeAndDestroyPipeline(311)) - destroying pipeline:Pipeline[ Id: 2528d2e7-86be-4d5e-8d8b-cc489457d0b6, Nodes: b8edd47f-9a8a-4d8f-b9ea-91b185ba1497{ip: 192.168.36.76, host: trunk-nightly-20190910-vk757-903364635, networkLocation: /default-rack, certSerialId: null}7808bc08-8c64-492d-8125-4fa314b60c8b{ip: 192.168.36.76, host: trunk-nightly-20190910-vk757-903364635, networkLocation: /default-rack, certSerialId: null}7ffb1f47-f84a-45ee-8f65-039bc0f66923{ip: 192.168.36.76, host: trunk-nightly-20190910-vk757-903364635, networkLocation: /default-rack, certSerialId: null}, Type:RATIS, Factor:THREE, State:OPEN]
2019-09-10 05:37:36,919 [EventQueue-PipelineActionsForPipelineActionHandler] INFO  pipeline.PipelineStateManager (PipelineStateManager.java:finalizePipeline(123)) - Pipeline Pipeline[ Id: 2528d2e7-86be-4d5e-8d8b-cc489457d0b6, Nodes: b8edd47f-9a8a-4d8f-b9ea-91b185ba1497{ip: 192.168.36.76, host: trunk-nightly-20190910-vk757-903364635, networkLocation: /default-rack, certSerialId: null}7808bc08-8c64-492d-8125-4fa314b60c8b{ip: 192.168.36.76, host: trunk-nightly-20190910-vk757-903364635, networkLocation: /default-rack, certSerialId: null}7ffb1f47-f84a-45ee-8f65-039bc0f66923{ip: 192.168.36.76, host: trunk-nightly-20190910-vk757-903364635, networkLocation: /default-rack, certSerialId: null}, Type:RATIS, Factor:THREE, State:CLOSED] moved to CLOSED state
2019-09-10 05:37:36,920 [EventQueue-CloseContainerForCloseContainerEventHandler] INFO  container.CloseContainerEventHandler (CloseContainerEventHandler.java:onMessage(61)) - Close container Event triggered for container : #2
2019-09-10 05:37:36,972 [7ffb1f47-f84a-45ee-8f65-039bc0f66923@group-CC489457D0B6-SegmentedRaftLogWorker] WARN  segmented.SegmentedRaftLogWorker (SegmentedRaftLogWorker.java:getFromFuture(90)) - Timeout 11/~
org.apache.ratis.protocol.TimeoutIOException: Timeout 10s: WriteLog:20: (t:1, i:20), STATEMACHINELOGENTRY, client-76029A3753BB, cid=229-writeStateMachineData
	at org.apache.ratis.util.IOUtils.getFromFuture(IOUtils.java:87)
	at org.apache.ratis.server.raftlog.segmented.SegmentedRaftLogWorker$StateMachineDataPolicy.getFromFuture(SegmentedRaftLogWorker.java:87)
	at org.apache.ratis.server.raftlog.segmented.SegmentedRaftLogWorker$WriteLog.execute(SegmentedRaftLogWorker.java:477)
	at org.apache.ratis.server.raftlog.segmented.SegmentedRaftLogWorker.run(SegmentedRaftLogWorker.java:289)
	at java.lang.Thread.run(Thread.java:748)
Caused by: java.util.concurrent.TimeoutException
	at java.util.concurrent.CompletableFuture.timedGet(CompletableFuture.java:1771)
	at java.util.concurrent.CompletableFuture.get(CompletableFuture.java:1915)
	at org.apache.ratis.util.IOUtils.getFromFuture(IOUtils.java:79)
	... 4 more
2019-09-10 05:37:36,991 [b8edd47f-9a8a-4d8f-b9ea-91b185ba1497@group-CC489457D0B6-SegmentedRaftLogWorker] WARN  segmented.SegmentedRaftLogWorker (SegmentedRaftLogWorker.java:getFromFuture(90)) - Timeout 11/~
org.apache.ratis.protocol.TimeoutIOException: Timeout 10s: WriteLog:19: (t:1, i:19), STATEMACHINELOGENTRY, client-76029A3753BB, cid=228-writeStateMachineData
	at org.apache.ratis.util.IOUtils.getFromFuture(IOUtils.java:87)
	at org.apache.ratis.server.raftlog.segmented.SegmentedRaftLogWorker$StateMachineDataPolicy.getFromFuture(SegmentedRaftLogWorker.java:87)
	at org.apache.ratis.server.raftlog.segmented.SegmentedRaftLogWorker$WriteLog.execute(SegmentedRaftLogWorker.java:477)
	at org.apache.ratis.server.raftlog.segmented.SegmentedRaftLogWorker.run(SegmentedRaftLogWorker.java:289)
	at java.lang.Thread.run(Thread.java:748)
Caused by: java.util.concurrent.TimeoutException
	at java.util.concurrent.CompletableFuture.timedGet(CompletableFuture.java:1771)
	at java.util.concurrent.CompletableFuture.get(CompletableFuture.java:1915)
	at org.apache.ratis.util.IOUtils.getFromFuture(IOUtils.java:79)
	... 4 more
2019-09-10 05:37:37,244 [java.util.concurrent.ThreadPoolExecutor$Worker@4f9f2bc1[State = -1, empty queue]] WARN  server.GrpcLogAppender (GrpcLogAppender.java:timeoutAppendRequest(200)) - b8edd47f-9a8a-4d8f-b9ea-91b185ba1497@group-CC489457D0B6->7ffb1f47-f84a-45ee-8f65-039bc0f66923-GrpcLogAppender: appendEntries Timeout, request=b8edd47f-9a8a-4d8f-b9ea-91b185ba1497->7ffb1f47-f84a-45ee-8f65-039bc0f66923#69-t1, previous=(t:1, i:21), leaderCommit=15, initializing? false, entries: <empty>
2019-09-10 05:37:37,555 [grpc-default-executor-8] INFO  client.GrpcClientProtocolClient (GrpcClientProtocolClient.java:onNext(264)) - client-76029A3753BB->7ffb1f47-f84a-45ee-8f65-039bc0f66923: receive RaftClientReply:client-76029A3753BB->7ffb1f47-f84a-45ee-8f65-039bc0f66923@group-CC489457D0B6, cid=225, FAILED org.apache.ratis.protocol.NotLeaderException: Server 7ffb1f47-f84a-45ee-8f65-039bc0f66923@group-CC489457D0B6 is not the leader b8edd47f-9a8a-4d8f-b9ea-91b185ba1497:192.168.36.76:33186, logIndex=0, commits[7ffb1f47-f84a-45ee-8f65-039bc0f66923:c15, b8edd47f-9a8a-4d8f-b9ea-91b185ba1497:c15, 7808bc08-8c64-492d-8125-4fa314b60c8b:c15]
2019-09-10 05:37:38,928 [org.apache.ratis.server.impl.LogAppender$AppenderDaemon$$Lambda$512/623231696@20c28874] ERROR ratis.XceiverServerRatis (XceiverServerRatis.java:triggerPipelineClose(568)) - pipeline Action CLOSE  on pipeline PipelineID=2528d2e7-86be-4d5e-8d8b-cc489457d0b6.Reason : b8edd47f-9a8a-4d8f-b9ea-91b185ba1497 has not seen follower/s 7ffb1f47-f84a-45ee-8f65-039bc0f66923 for 122457ms
2019-09-10 05:37:39,745 [java.util.concurrent.ThreadPoolExecutor$Worker@4f9f2bc1[State = -1, empty queue]] WARN  server.GrpcLogAppender (GrpcLogAppender.java:timeoutAppendRequest(200)) - b8edd47f-9a8a-4d8f-b9ea-91b185ba1497@group-CC489457D0B6->7ffb1f47-f84a-45ee-8f65-039bc0f66923-GrpcLogAppender: appendEntries Timeout, request=b8edd47f-9a8a-4d8f-b9ea-91b185ba1497->7ffb1f47-f84a-45ee-8f65-039bc0f66923#70-t1, previous=(t:1, i:21), leaderCommit=15, initializing? false, entries: <empty>
2019-09-10 05:37:39,926 [EventQueue-PipelineActionsForPipelineActionHandler] ERROR pipeline.PipelineActionHandler (PipelineActionHandler.java:onMessage(60)) - Received pipeline action CLOSE for Pipeline[ Id: 2528d2e7-86be-4d5e-8d8b-cc489457d0b6, Nodes: b8edd47f-9a8a-4d8f-b9ea-91b185ba1497{ip: 192.168.36.76, host: trunk-nightly-20190910-vk757-903364635, networkLocation: /default-rack, certSerialId: null}7808bc08-8c64-492d-8125-4fa314b60c8b{ip: 192.168.36.76, host: trunk-nightly-20190910-vk757-903364635, networkLocation: /default-rack, certSerialId: null}7ffb1f47-f84a-45ee-8f65-039bc0f66923{ip: 192.168.36.76, host: trunk-nightly-20190910-vk757-903364635, networkLocation: /default-rack, certSerialId: null}, Type:RATIS, Factor:THREE, State:CLOSED] from datanode b8edd47f-9a8a-4d8f-b9ea-91b185ba1497{ip: 192.168.36.76, host: trunk-nightly-20190910-vk757-903364635, networkLocation: /default-rack, certSerialId: null}. Reason : b8edd47f-9a8a-4d8f-b9ea-91b185ba1497 has not seen follower/s 7ffb1f47-f84a-45ee-8f65-039bc0f66923 for 122457ms
2019-09-10 05:37:39,926 [EventQueue-PipelineActionsForPipelineActionHandler] INFO  pipeline.SCMPipelineManager (SCMPipelineManager.java:finalizeAndDestroyPipeline(311)) - destroying pipeline:Pipeline[ Id: 2528d2e7-86be-4d5e-8d8b-cc489457d0b6, Nodes: b8edd47f-9a8a-4d8f-b9ea-91b185ba1497{ip: 192.168.36.76, host: trunk-nightly-20190910-vk757-903364635, networkLocation: /default-rack, certSerialId: null}7808bc08-8c64-492d-8125-4fa314b60c8b{ip: 192.168.36.76, host: trunk-nightly-20190910-vk757-903364635, networkLocation: /default-rack, certSerialId: null}7ffb1f47-f84a-45ee-8f65-039bc0f66923{ip: 192.168.36.76, host: trunk-nightly-20190910-vk757-903364635, networkLocation: /default-rack, certSerialId: null}, Type:RATIS, Factor:THREE, State:CLOSED]
2019-09-10 05:37:41,430 [org.apache.ratis.server.impl.LogAppender$AppenderDaemon$$Lambda$512/623231696@20c28874] ERROR ratis.XceiverServerRatis (XceiverServerRatis.java:triggerPipelineClose(568)) - pipeline Action CLOSE  on pipeline PipelineID=2528d2e7-86be-4d5e-8d8b-cc489457d0b6.Reason : b8edd47f-9a8a-4d8f-b9ea-91b185ba1497 has not seen follower/s 7ffb1f47-f84a-45ee-8f65-039bc0f66923 for 124959ms
2019-09-10 05:37:41,926 [EventQueue-PipelineActionsForPipelineActionHandler] ERROR pipeline.PipelineActionHandler (PipelineActionHandler.java:onMessage(60)) - Received pipeline action CLOSE for Pipeline[ Id: 2528d2e7-86be-4d5e-8d8b-cc489457d0b6, Nodes: b8edd47f-9a8a-4d8f-b9ea-91b185ba1497{ip: 192.168.36.76, host: trunk-nightly-20190910-vk757-903364635, networkLocation: /default-rack, certSerialId: null}7808bc08-8c64-492d-8125-4fa314b60c8b{ip: 192.168.36.76, host: trunk-nightly-20190910-vk757-903364635, networkLocation: /default-rack, certSerialId: null}7ffb1f47-f84a-45ee-8f65-039bc0f66923{ip: 192.168.36.76, host: trunk-nightly-20190910-vk757-903364635, networkLocation: /default-rack, certSerialId: null}, Type:RATIS, Factor:THREE, State:CLOSED] from datanode b8edd47f-9a8a-4d8f-b9ea-91b185ba1497{ip: 192.168.36.76, host: trunk-nightly-20190910-vk757-903364635, networkLocation: /default-rack, certSerialId: null}. Reason : b8edd47f-9a8a-4d8f-b9ea-91b185ba1497 has not seen follower/s 7ffb1f47-f84a-45ee-8f65-039bc0f66923 for 124959ms
2019-09-10 05:37:41,931 [EventQueue-PipelineActionsForPipelineActionHandler] INFO  pipeline.SCMPipelineManager (SCMPipelineManager.java:finalizeAndDestroyPipeline(311)) - destroying pipeline:Pipeline[ Id: 2528d2e7-86be-4d5e-8d8b-cc489457d0b6, Nodes: b8edd47f-9a8a-4d8f-b9ea-91b185ba1497{ip: 192.168.36.76, host: trunk-nightly-20190910-vk757-903364635, networkLocation: /default-rack, certSerialId: null}7808bc08-8c64-492d-8125-4fa314b60c8b{ip: 192.168.36.76, host: trunk-nightly-20190910-vk757-903364635, networkLocation: /default-rack, certSerialId: null}7ffb1f47-f84a-45ee-8f65-039bc0f66923{ip: 192.168.36.76, host: trunk-nightly-20190910-vk757-903364635, networkLocation: /default-rack, certSerialId: null}, Type:RATIS, Factor:THREE, State:CLOSED]
2019-09-10 05:37:41,931 [java.util.concurrent.ThreadPoolExecutor$Worker@4f9f2bc1[State = -1, empty queue]] WARN  server.GrpcLogAppender (GrpcLogAppender.java:timeoutAppendRequest(200)) - b8edd47f-9a8a-4d8f-b9ea-91b185ba1497@group-CC489457D0B6->7ffb1f47-f84a-45ee-8f65-039bc0f66923-GrpcLogAppender: appendEntries Timeout, request=b8edd47f-9a8a-4d8f-b9ea-91b185ba1497->7ffb1f47-f84a-45ee-8f65-039bc0f66923#71-t1, previous=(t:1, i:21), leaderCommit=15, initializing? false, entries: size=1, first=(t:1, i:22), STATEMACHINELOGENTRY, client-82253035D124, cid=27
2019-09-10 05:37:42,592 [grpc-default-executor-9] INFO  client.GrpcClientProtocolClient (GrpcClientProtocolClient.java:onNext(264)) - client-76029A3753BB->7ffb1f47-f84a-45ee-8f65-039bc0f66923: receive RaftClientReply:client-76029A3753BB->7ffb1f47-f84a-45ee-8f65-039bc0f66923@group-CC489457D0B6, cid=225, FAILED org.apache.ratis.protocol.NotLeaderException: Server 7ffb1f47-f84a-45ee-8f65-039bc0f66923@group-CC489457D0B6 is not the leader b8edd47f-9a8a-4d8f-b9ea-91b185ba1497:192.168.36.76:33186, logIndex=0, commits[7ffb1f47-f84a-45ee-8f65-039bc0f66923:c15, b8edd47f-9a8a-4d8f-b9ea-91b185ba1497:c15, 7808bc08-8c64-492d-8125-4fa314b60c8b:c15]
2019-09-10 05:37:43,933 [org.apache.ratis.server.impl.LogAppender$AppenderDaemon$$Lambda$512/623231696@20c28874] ERROR ratis.XceiverServerRatis (XceiverServerRatis.java:triggerPipelineClose(568)) - pipeline Action CLOSE  on pipeline PipelineID=2528d2e7-86be-4d5e-8d8b-cc489457d0b6.Reason : b8edd47f-9a8a-4d8f-b9ea-91b185ba1497 has not seen follower/s 7ffb1f47-f84a-45ee-8f65-039bc0f66923 for 127461ms
2019-09-10 05:37:44,430 [java.util.concurrent.ThreadPoolExecutor$Worker@4f9f2bc1[State = -1, empty queue]] WARN  server.GrpcLogAppender (GrpcLogAppender.java:timeoutAppendRequest(200)) - b8edd47f-9a8a-4d8f-b9ea-91b185ba1497@group-CC489457D0B6->7ffb1f47-f84a-45ee-8f65-039bc0f66923-GrpcLogAppender: appendEntries Timeout, request=b8edd47f-9a8a-4d8f-b9ea-91b185ba1497->7ffb1f47-f84a-45ee-8f65-039bc0f66923#72-t1, previous=(t:1, i:22), leaderCommit=15, initializing? false, entries: <empty>
2019-09-10 05:37:44,927 [EventQueue-PipelineActionsForPipelineActionHandler] ERROR pipeline.PipelineActionHandler (PipelineActionHandler.java:onMessage(60)) - Received pipeline action CLOSE for Pipeline[ Id: 2528d2e7-86be-4d5e-8d8b-cc489457d0b6, Nodes: b8edd47f-9a8a-4d8f-b9ea-91b185ba1497{ip: 192.168.36.76, host: trunk-nightly-20190910-vk757-903364635, networkLocation: /default-rack, certSerialId: null}7808bc08-8c64-492d-8125-4fa314b60c8b{ip: 192.168.36.76, host: trunk-nightly-20190910-vk757-903364635, networkLocation: /default-rack, certSerialId: null}7ffb1f47-f84a-45ee-8f65-039bc0f66923{ip: 192.168.36.76, host: trunk-nightly-20190910-vk757-903364635, networkLocation: /default-rack, certSerialId: null}, Type:RATIS, Factor:THREE, State:CLOSED] from datanode b8edd47f-9a8a-4d8f-b9ea-91b185ba1497{ip: 192.168.36.76, host: trunk-nightly-20190910-vk757-903364635, networkLocation: /default-rack, certSerialId: null}. Reason : b8edd47f-9a8a-4d8f-b9ea-91b185ba1497 has not seen follower/s 7ffb1f47-f84a-45ee-8f65-039bc0f66923 for 127461ms
2019-09-10 05:37:44,927 [EventQueue-PipelineActionsForPipelineActionHandler] INFO  pipeline.SCMPipelineManager (SCMPipelineManager.java:finalizeAndDestroyPipeline(311)) - destroying pipeline:Pipeline[ Id: 2528d2e7-86be-4d5e-8d8b-cc489457d0b6, Nodes: b8edd47f-9a8a-4d8f-b9ea-91b185ba1497{ip: 192.168.36.76, host: trunk-nightly-20190910-vk757-903364635, networkLocation: /default-rack, certSerialId: null}7808bc08-8c64-492d-8125-4fa314b60c8b{ip: 192.168.36.76, host: trunk-nightly-20190910-vk757-903364635, networkLocation: /default-rack, certSerialId: null}7ffb1f47-f84a-45ee-8f65-039bc0f66923{ip: 192.168.36.76, host: trunk-nightly-20190910-vk757-903364635, networkLocation: /default-rack, certSerialId: null}, Type:RATIS, Factor:THREE, State:CLOSED]
2019-09-10 05:37:46,433 [org.apache.ratis.server.impl.LogAppender$AppenderDaemon$$Lambda$512/623231696@20c28874] ERROR ratis.XceiverServerRatis (XceiverServerRatis.java:triggerPipelineClose(568)) - pipeline Action CLOSE  on pipeline PipelineID=2528d2e7-86be-4d5e-8d8b-cc489457d0b6.Reason : b8edd47f-9a8a-4d8f-b9ea-91b185ba1497 has not seen follower/s 7ffb1f47-f84a-45ee-8f65-039bc0f66923 for 129962ms
2019-09-10 05:37:46,926 [EventQueue-PipelineActionsForPipelineActionHandler] ERROR pipeline.PipelineActionHandler (PipelineActionHandler.java:onMessage(60)) - Received pipeline action CLOSE for Pipeline[ Id: 2528d2e7-86be-4d5e-8d8b-cc489457d0b6, Nodes: b8edd47f-9a8a-4d8f-b9ea-91b185ba1497{ip: 192.168.36.76, host: trunk-nightly-20190910-vk757-903364635, networkLocation: /default-rack, certSerialId: null}7808bc08-8c64-492d-8125-4fa314b60c8b{ip: 192.168.36.76, host: trunk-nightly-20190910-vk757-903364635, networkLocation: /default-rack, certSerialId: null}7ffb1f47-f84a-45ee-8f65-039bc0f66923{ip: 192.168.36.76, host: trunk-nightly-20190910-vk757-903364635, networkLocation: /default-rack, certSerialId: null}, Type:RATIS, Factor:THREE, State:CLOSED] from datanode b8edd47f-9a8a-4d8f-b9ea-91b185ba1497{ip: 192.168.36.76, host: trunk-nightly-20190910-vk757-903364635, networkLocation: /default-rack, certSerialId: null}. Reason : b8edd47f-9a8a-4d8f-b9ea-91b185ba1497 has not seen follower/s 7ffb1f47-f84a-45ee-8f65-039bc0f66923 for 129962ms
2019-09-10 05:37:46,930 [EventQueue-PipelineActionsForPipelineActionHandler] INFO  pipeline.SCMPipelineManager (SCMPipelineManager.java:finalizeAndDestroyPipeline(311)) - destroying pipeline:Pipeline[ Id: 2528d2e7-86be-4d5e-8d8b-cc489457d0b6, Nodes: b8edd47f-9a8a-4d8f-b9ea-91b185ba1497{ip: 192.168.36.76, host: trunk-nightly-20190910-vk757-903364635, networkLocation: /default-rack, certSerialId: null}7808bc08-8c64-492d-8125-4fa314b60c8b{ip: 192.168.36.76, host: trunk-nightly-20190910-vk757-903364635, networkLocation: /default-rack, certSerialId: null}7ffb1f47-f84a-45ee-8f65-039bc0f66923{ip: 192.168.36.76, host: trunk-nightly-20190910-vk757-903364635, networkLocation: /default-rack, certSerialId: null}, Type:RATIS, Factor:THREE, State:CLOSED]
2019-09-10 05:37:46,931 [java.util.concurrent.ThreadPoolExecutor$Worker@4f9f2bc1[State = -1, empty queue]] WARN  server.GrpcLogAppender (GrpcLogAppender.java:timeoutAppendRequest(200)) - b8edd47f-9a8a-4d8f-b9ea-91b185ba1497@group-CC489457D0B6->7ffb1f47-f84a-45ee-8f65-039bc0f66923-GrpcLogAppender: appendEntries Timeout, request=b8edd47f-9a8a-4d8f-b9ea-91b185ba1497->7ffb1f47-f84a-45ee-8f65-039bc0f66923#73-t1, previous=(t:1, i:22), leaderCommit=15, initializing? false, entries: <empty>
2019-09-10 05:37:46,976 [7ffb1f47-f84a-45ee-8f65-039bc0f66923@group-CC489457D0B6-SegmentedRaftLogWorker] WARN  segmented.SegmentedRaftLogWorker (SegmentedRaftLogWorker.java:getFromFuture(90)) - Timeout 12/~
org.apache.ratis.protocol.TimeoutIOException: Timeout 10s: WriteLog:20: (t:1, i:20), STATEMACHINELOGENTRY, client-76029A3753BB, cid=229-writeStateMachineData
	at org.apache.ratis.util.IOUtils.getFromFuture(IOUtils.java:87)
	at org.apache.ratis.server.raftlog.segmented.SegmentedRaftLogWorker$StateMachineDataPolicy.getFromFuture(SegmentedRaftLogWorker.java:87)
	at org.apache.ratis.server.raftlog.segmented.SegmentedRaftLogWorker$WriteLog.execute(SegmentedRaftLogWorker.java:477)
	at org.apache.ratis.server.raftlog.segmented.SegmentedRaftLogWorker.run(SegmentedRaftLogWorker.java:289)
	at java.lang.Thread.run(Thread.java:748)
Caused by: java.util.concurrent.TimeoutException
	at java.util.concurrent.CompletableFuture.timedGet(CompletableFuture.java:1771)
	at java.util.concurrent.CompletableFuture.get(CompletableFuture.java:1915)
	at org.apache.ratis.util.IOUtils.getFromFuture(IOUtils.java:79)
	... 4 more
2019-09-10 05:37:46,992 [b8edd47f-9a8a-4d8f-b9ea-91b185ba1497@group-CC489457D0B6-SegmentedRaftLogWorker] WARN  segmented.SegmentedRaftLogWorker (SegmentedRaftLogWorker.java:getFromFuture(90)) - Timeout 12/~
org.apache.ratis.protocol.TimeoutIOException: Timeout 10s: WriteLog:19: (t:1, i:19), STATEMACHINELOGENTRY, client-76029A3753BB, cid=228-writeStateMachineData
	at org.apache.ratis.util.IOUtils.getFromFuture(IOUtils.java:87)
	at org.apache.ratis.server.raftlog.segmented.SegmentedRaftLogWorker$StateMachineDataPolicy.getFromFuture(SegmentedRaftLogWorker.java:87)
	at org.apache.ratis.server.raftlog.segmented.SegmentedRaftLogWorker$WriteLog.execute(SegmentedRaftLogWorker.java:477)
	at org.apache.ratis.server.raftlog.segmented.SegmentedRaftLogWorker.run(SegmentedRaftLogWorker.java:289)
	at java.lang.Thread.run(Thread.java:748)
Caused by: java.util.concurrent.TimeoutException
	at java.util.concurrent.CompletableFuture.timedGet(CompletableFuture.java:1771)
	at java.util.concurrent.CompletableFuture.get(CompletableFuture.java:1915)
	at org.apache.ratis.util.IOUtils.getFromFuture(IOUtils.java:79)
	... 4 more
2019-09-10 05:37:47,619 [grpc-default-executor-8] INFO  client.GrpcClientProtocolClient (GrpcClientProtocolClient.java:onNext(264)) - client-76029A3753BB->7ffb1f47-f84a-45ee-8f65-039bc0f66923: receive RaftClientReply:client-76029A3753BB->7ffb1f47-f84a-45ee-8f65-039bc0f66923@group-CC489457D0B6, cid=225, FAILED org.apache.ratis.protocol.NotLeaderException: Server 7ffb1f47-f84a-45ee-8f65-039bc0f66923@group-CC489457D0B6 is not the leader b8edd47f-9a8a-4d8f-b9ea-91b185ba1497:192.168.36.76:33186, logIndex=0, commits[7ffb1f47-f84a-45ee-8f65-039bc0f66923:c15, b8edd47f-9a8a-4d8f-b9ea-91b185ba1497:c15, 7808bc08-8c64-492d-8125-4fa314b60c8b:c15]
2019-09-10 05:37:48,935 [org.apache.ratis.server.impl.LogAppender$AppenderDaemon$$Lambda$512/623231696@20c28874] ERROR ratis.XceiverServerRatis (XceiverServerRatis.java:triggerPipelineClose(568)) - pipeline Action CLOSE  on pipeline PipelineID=2528d2e7-86be-4d5e-8d8b-cc489457d0b6.Reason : b8edd47f-9a8a-4d8f-b9ea-91b185ba1497 has not seen follower/s 7ffb1f47-f84a-45ee-8f65-039bc0f66923 for 132464ms
2019-09-10 05:37:49,433 [java.util.concurrent.ThreadPoolExecutor$Worker@4f9f2bc1[State = -1, empty queue]] WARN  server.GrpcLogAppender (GrpcLogAppender.java:timeoutAppendRequest(200)) - b8edd47f-9a8a-4d8f-b9ea-91b185ba1497@group-CC489457D0B6->7ffb1f47-f84a-45ee-8f65-039bc0f66923-GrpcLogAppender: appendEntries Timeout, request=b8edd47f-9a8a-4d8f-b9ea-91b185ba1497->7ffb1f47-f84a-45ee-8f65-039bc0f66923#74-t1, previous=(t:1, i:22), leaderCommit=15, initializing? false, entries: <empty>
2019-09-10 05:37:49,926 [EventQueue-PipelineActionsForPipelineActionHandler] ERROR pipeline.PipelineActionHandler (PipelineActionHandler.java:onMessage(60)) - Received pipeline action CLOSE for Pipeline[ Id: 2528d2e7-86be-4d5e-8d8b-cc489457d0b6, Nodes: b8edd47f-9a8a-4d8f-b9ea-91b185ba1497{ip: 192.168.36.76, host: trunk-nightly-20190910-vk757-903364635, networkLocation: /default-rack, certSerialId: null}7808bc08-8c64-492d-8125-4fa314b60c8b{ip: 192.168.36.76, host: trunk-nightly-20190910-vk757-903364635, networkLocation: /default-rack, certSerialId: null}7ffb1f47-f84a-45ee-8f65-039bc0f66923{ip: 192.168.36.76, host: trunk-nightly-20190910-vk757-903364635, networkLocation: /default-rack, certSerialId: null}, Type:RATIS, Factor:THREE, State:CLOSED] from datanode b8edd47f-9a8a-4d8f-b9ea-91b185ba1497{ip: 192.168.36.76, host: trunk-nightly-20190910-vk757-903364635, networkLocation: /default-rack, certSerialId: null}. Reason : b8edd47f-9a8a-4d8f-b9ea-91b185ba1497 has not seen follower/s 7ffb1f47-f84a-45ee-8f65-039bc0f66923 for 132464ms
2019-09-10 05:37:49,926 [EventQueue-PipelineActionsForPipelineActionHandler] INFO  pipeline.SCMPipelineManager (SCMPipelineManager.java:finalizeAndDestroyPipeline(311)) - destroying pipeline:Pipeline[ Id: 2528d2e7-86be-4d5e-8d8b-cc489457d0b6, Nodes: b8edd47f-9a8a-4d8f-b9ea-91b185ba1497{ip: 192.168.36.76, host: trunk-nightly-20190910-vk757-903364635, networkLocation: /default-rack, certSerialId: null}7808bc08-8c64-492d-8125-4fa314b60c8b{ip: 192.168.36.76, host: trunk-nightly-20190910-vk757-903364635, networkLocation: /default-rack, certSerialId: null}7ffb1f47-f84a-45ee-8f65-039bc0f66923{ip: 192.168.36.76, host: trunk-nightly-20190910-vk757-903364635, networkLocation: /default-rack, certSerialId: null}, Type:RATIS, Factor:THREE, State:CLOSED]
2019-09-10 05:37:51,435 [org.apache.ratis.server.impl.LogAppender$AppenderDaemon$$Lambda$512/623231696@20c28874] ERROR ratis.XceiverServerRatis (XceiverServerRatis.java:triggerPipelineClose(568)) - pipeline Action CLOSE  on pipeline PipelineID=2528d2e7-86be-4d5e-8d8b-cc489457d0b6.Reason : b8edd47f-9a8a-4d8f-b9ea-91b185ba1497 has not seen follower/s 7ffb1f47-f84a-45ee-8f65-039bc0f66923 for 134964ms
2019-09-10 05:37:51,926 [EventQueue-PipelineActionsForPipelineActionHandler] ERROR pipeline.PipelineActionHandler (PipelineActionHandler.java:onMessage(60)) - Received pipeline action CLOSE for Pipeline[ Id: 2528d2e7-86be-4d5e-8d8b-cc489457d0b6, Nodes: b8edd47f-9a8a-4d8f-b9ea-91b185ba1497{ip: 192.168.36.76, host: trunk-nightly-20190910-vk757-903364635, networkLocation: /default-rack, certSerialId: null}7808bc08-8c64-492d-8125-4fa314b60c8b{ip: 192.168.36.76, host: trunk-nightly-20190910-vk757-903364635, networkLocation: /default-rack, certSerialId: null}7ffb1f47-f84a-45ee-8f65-039bc0f66923{ip: 192.168.36.76, host: trunk-nightly-20190910-vk757-903364635, networkLocation: /default-rack, certSerialId: null}, Type:RATIS, Factor:THREE, State:CLOSED] from datanode b8edd47f-9a8a-4d8f-b9ea-91b185ba1497{ip: 192.168.36.76, host: trunk-nightly-20190910-vk757-903364635, networkLocation: /default-rack, certSerialId: null}. Reason : b8edd47f-9a8a-4d8f-b9ea-91b185ba1497 has not seen follower/s 7ffb1f47-f84a-45ee-8f65-039bc0f66923 for 134964ms
2019-09-10 05:37:51,930 [EventQueue-PipelineActionsForPipelineActionHandler] INFO  pipeline.SCMPipelineManager (SCMPipelineManager.java:finalizeAndDestroyPipeline(311)) - destroying pipeline:Pipeline[ Id: 2528d2e7-86be-4d5e-8d8b-cc489457d0b6, Nodes: b8edd47f-9a8a-4d8f-b9ea-91b185ba1497{ip: 192.168.36.76, host: trunk-nightly-20190910-vk757-903364635, networkLocation: /default-rack, certSerialId: null}7808bc08-8c64-492d-8125-4fa314b60c8b{ip: 192.168.36.76, host: trunk-nightly-20190910-vk757-903364635, networkLocation: /default-rack, certSerialId: null}7ffb1f47-f84a-45ee-8f65-039bc0f66923{ip: 192.168.36.76, host: trunk-nightly-20190910-vk757-903364635, networkLocation: /default-rack, certSerialId: null}, Type:RATIS, Factor:THREE, State:CLOSED]
2019-09-10 05:37:51,934 [java.util.concurrent.ThreadPoolExecutor$Worker@4f9f2bc1[State = -1, empty queue]] WARN  server.GrpcLogAppender (GrpcLogAppender.java:timeoutAppendRequest(200)) - b8edd47f-9a8a-4d8f-b9ea-91b185ba1497@group-CC489457D0B6->7ffb1f47-f84a-45ee-8f65-039bc0f66923-GrpcLogAppender: appendEntries Timeout, request=b8edd47f-9a8a-4d8f-b9ea-91b185ba1497->7ffb1f47-f84a-45ee-8f65-039bc0f66923#75-t1, previous=(t:1, i:22), leaderCommit=15, initializing? false, entries: <empty>
2019-09-10 05:37:52,658 [grpc-default-executor-9] INFO  client.GrpcClientProtocolClient (GrpcClientProtocolClient.java:onNext(264)) - client-76029A3753BB->7ffb1f47-f84a-45ee-8f65-039bc0f66923: receive RaftClientReply:client-76029A3753BB->7ffb1f47-f84a-45ee-8f65-039bc0f66923@group-CC489457D0B6, cid=225, FAILED org.apache.ratis.protocol.NotLeaderException: Server 7ffb1f47-f84a-45ee-8f65-039bc0f66923@group-CC489457D0B6 is not the leader b8edd47f-9a8a-4d8f-b9ea-91b185ba1497:192.168.36.76:33186, logIndex=0, commits[7ffb1f47-f84a-45ee-8f65-039bc0f66923:c15, b8edd47f-9a8a-4d8f-b9ea-91b185ba1497:c15, 7808bc08-8c64-492d-8125-4fa314b60c8b:c15]
2019-09-10 05:37:53,936 [org.apache.ratis.server.impl.LogAppender$AppenderDaemon$$Lambda$512/623231696@20c28874] ERROR ratis.XceiverServerRatis (XceiverServerRatis.java:triggerPipelineClose(568)) - pipeline Action CLOSE  on pipeline PipelineID=2528d2e7-86be-4d5e-8d8b-cc489457d0b6.Reason : b8edd47f-9a8a-4d8f-b9ea-91b185ba1497 has not seen follower/s 7ffb1f47-f84a-45ee-8f65-039bc0f66923 for 137465ms
2019-09-10 05:37:54,435 [java.util.concurrent.ThreadPoolExecutor$Worker@4f9f2bc1[State = -1, empty queue]] WARN  server.GrpcLogAppender (GrpcLogAppender.java:timeoutAppendRequest(200)) - b8edd47f-9a8a-4d8f-b9ea-91b185ba1497@group-CC489457D0B6->7ffb1f47-f84a-45ee-8f65-039bc0f66923-GrpcLogAppender: appendEntries Timeout, request=b8edd47f-9a8a-4d8f-b9ea-91b185ba1497->7ffb1f47-f84a-45ee-8f65-039bc0f66923#76-t1, previous=(t:1, i:22), leaderCommit=15, initializing? false, entries: <empty>
2019-09-10 05:37:54,926 [EventQueue-PipelineActionsForPipelineActionHandler] ERROR pipeline.PipelineActionHandler (PipelineActionHandler.java:onMessage(60)) - Received pipeline action CLOSE for Pipeline[ Id: 2528d2e7-86be-4d5e-8d8b-cc489457d0b6, Nodes: b8edd47f-9a8a-4d8f-b9ea-91b185ba1497{ip: 192.168.36.76, host: trunk-nightly-20190910-vk757-903364635, networkLocation: /default-rack, certSerialId: null}7808bc08-8c64-492d-8125-4fa314b60c8b{ip: 192.168.36.76, host: trunk-nightly-20190910-vk757-903364635, networkLocation: /default-rack, certSerialId: null}7ffb1f47-f84a-45ee-8f65-039bc0f66923{ip: 192.168.36.76, host: trunk-nightly-20190910-vk757-903364635, networkLocation: /default-rack, certSerialId: null}, Type:RATIS, Factor:THREE, State:CLOSED] from datanode b8edd47f-9a8a-4d8f-b9ea-91b185ba1497{ip: 192.168.36.76, host: trunk-nightly-20190910-vk757-903364635, networkLocation: /default-rack, certSerialId: null}. Reason : b8edd47f-9a8a-4d8f-b9ea-91b185ba1497 has not seen follower/s 7ffb1f47-f84a-45ee-8f65-039bc0f66923 for 137465ms
2019-09-10 05:37:54,926 [EventQueue-PipelineActionsForPipelineActionHandler] INFO  pipeline.SCMPipelineManager (SCMPipelineManager.java:finalizeAndDestroyPipeline(311)) - destroying pipeline:Pipeline[ Id: 2528d2e7-86be-4d5e-8d8b-cc489457d0b6, Nodes: b8edd47f-9a8a-4d8f-b9ea-91b185ba1497{ip: 192.168.36.76, host: trunk-nightly-20190910-vk757-903364635, networkLocation: /default-rack, certSerialId: null}7808bc08-8c64-492d-8125-4fa314b60c8b{ip: 192.168.36.76, host: trunk-nightly-20190910-vk757-903364635, networkLocation: /default-rack, certSerialId: null}7ffb1f47-f84a-45ee-8f65-039bc0f66923{ip: 192.168.36.76, host: trunk-nightly-20190910-vk757-903364635, networkLocation: /default-rack, certSerialId: null}, Type:RATIS, Factor:THREE, State:CLOSED]
2019-09-10 05:37:56,436 [org.apache.ratis.server.impl.LogAppender$AppenderDaemon$$Lambda$512/623231696@20c28874] ERROR ratis.XceiverServerRatis (XceiverServerRatis.java:triggerPipelineClose(568)) - pipeline Action CLOSE  on pipeline PipelineID=2528d2e7-86be-4d5e-8d8b-cc489457d0b6.Reason : b8edd47f-9a8a-4d8f-b9ea-91b185ba1497 has not seen follower/s 7ffb1f47-f84a-45ee-8f65-039bc0f66923 for 139966ms
2019-09-10 05:37:56,926 [EventQueue-PipelineActionsForPipelineActionHandler] ERROR pipeline.PipelineActionHandler (PipelineActionHandler.java:onMessage(60)) - Received pipeline action CLOSE for Pipeline[ Id: 2528d2e7-86be-4d5e-8d8b-cc489457d0b6, Nodes: b8edd47f-9a8a-4d8f-b9ea-91b185ba1497{ip: 192.168.36.76, host: trunk-nightly-20190910-vk757-903364635, networkLocation: /default-rack, certSerialId: null}7808bc08-8c64-492d-8125-4fa314b60c8b{ip: 192.168.36.76, host: trunk-nightly-20190910-vk757-903364635, networkLocation: /default-rack, certSerialId: null}7ffb1f47-f84a-45ee-8f65-039bc0f66923{ip: 192.168.36.76, host: trunk-nightly-20190910-vk757-903364635, networkLocation: /default-rack, certSerialId: null}, Type:RATIS, Factor:THREE, State:CLOSED] from datanode b8edd47f-9a8a-4d8f-b9ea-91b185ba1497{ip: 192.168.36.76, host: trunk-nightly-20190910-vk757-903364635, networkLocation: /default-rack, certSerialId: null}. Reason : b8edd47f-9a8a-4d8f-b9ea-91b185ba1497 has not seen follower/s 7ffb1f47-f84a-45ee-8f65-039bc0f66923 for 139966ms
2019-09-10 05:37:56,947 [EventQueue-PipelineActionsForPipelineActionHandler] INFO  pipeline.SCMPipelineManager (SCMPipelineManager.java:finalizeAndDestroyPipeline(311)) - destroying pipeline:Pipeline[ Id: 2528d2e7-86be-4d5e-8d8b-cc489457d0b6, Nodes: b8edd47f-9a8a-4d8f-b9ea-91b185ba1497{ip: 192.168.36.76, host: trunk-nightly-20190910-vk757-903364635, networkLocation: /default-rack, certSerialId: null}7808bc08-8c64-492d-8125-4fa314b60c8b{ip: 192.168.36.76, host: trunk-nightly-20190910-vk757-903364635, networkLocation: /default-rack, certSerialId: null}7ffb1f47-f84a-45ee-8f65-039bc0f66923{ip: 192.168.36.76, host: trunk-nightly-20190910-vk757-903364635, networkLocation: /default-rack, certSerialId: null}, Type:RATIS, Factor:THREE, State:CLOSED]
2019-09-10 05:37:56,947 [java.util.concurrent.ThreadPoolExecutor$Worker@4f9f2bc1[State = -1, empty queue]] WARN  server.GrpcLogAppender (GrpcLogAppender.java:timeoutAppendRequest(200)) - b8edd47f-9a8a-4d8f-b9ea-91b185ba1497@group-CC489457D0B6->7ffb1f47-f84a-45ee-8f65-039bc0f66923-GrpcLogAppender: appendEntries Timeout, request=b8edd47f-9a8a-4d8f-b9ea-91b185ba1497->7ffb1f47-f84a-45ee-8f65-039bc0f66923#77-t1, previous=(t:1, i:22), leaderCommit=15, initializing? false, entries: <empty>
2019-09-10 05:37:56,980 [7ffb1f47-f84a-45ee-8f65-039bc0f66923@group-CC489457D0B6-SegmentedRaftLogWorker] WARN  segmented.SegmentedRaftLogWorker (SegmentedRaftLogWorker.java:getFromFuture(90)) - Timeout 13/~
org.apache.ratis.protocol.TimeoutIOException: Timeout 10s: WriteLog:20: (t:1, i:20), STATEMACHINELOGENTRY, client-76029A3753BB, cid=229-writeStateMachineData
	at org.apache.ratis.util.IOUtils.getFromFuture(IOUtils.java:87)
	at org.apache.ratis.server.raftlog.segmented.SegmentedRaftLogWorker$StateMachineDataPolicy.getFromFuture(SegmentedRaftLogWorker.java:87)
	at org.apache.ratis.server.raftlog.segmented.SegmentedRaftLogWorker$WriteLog.execute(SegmentedRaftLogWorker.java:477)
	at org.apache.ratis.server.raftlog.segmented.SegmentedRaftLogWorker.run(SegmentedRaftLogWorker.java:289)
	at java.lang.Thread.run(Thread.java:748)
Caused by: java.util.concurrent.TimeoutException
	at java.util.concurrent.CompletableFuture.timedGet(CompletableFuture.java:1771)
	at java.util.concurrent.CompletableFuture.get(CompletableFuture.java:1915)
	at org.apache.ratis.util.IOUtils.getFromFuture(IOUtils.java:79)
	... 4 more
2019-09-10 05:37:56,993 [b8edd47f-9a8a-4d8f-b9ea-91b185ba1497@group-CC489457D0B6-SegmentedRaftLogWorker] WARN  segmented.SegmentedRaftLogWorker (SegmentedRaftLogWorker.java:getFromFuture(90)) - Timeout 13/~
org.apache.ratis.protocol.TimeoutIOException: Timeout 10s: WriteLog:19: (t:1, i:19), STATEMACHINELOGENTRY, client-76029A3753BB, cid=228-writeStateMachineData
	at org.apache.ratis.util.IOUtils.getFromFuture(IOUtils.java:87)
	at org.apache.ratis.server.raftlog.segmented.SegmentedRaftLogWorker$StateMachineDataPolicy.getFromFuture(SegmentedRaftLogWorker.java:87)
	at org.apache.ratis.server.raftlog.segmented.SegmentedRaftLogWorker$WriteLog.execute(SegmentedRaftLogWorker.java:477)
	at org.apache.ratis.server.raftlog.segmented.SegmentedRaftLogWorker.run(SegmentedRaftLogWorker.java:289)
	at java.lang.Thread.run(Thread.java:748)
Caused by: java.util.concurrent.TimeoutException
	at java.util.concurrent.CompletableFuture.timedGet(CompletableFuture.java:1771)
	at java.util.concurrent.CompletableFuture.get(CompletableFuture.java:1915)
	at org.apache.ratis.util.IOUtils.getFromFuture(IOUtils.java:79)
	... 4 more
2019-09-10 05:37:57,680 [grpc-default-executor-8] INFO  client.GrpcClientProtocolClient (GrpcClientProtocolClient.java:onNext(264)) - client-76029A3753BB->7ffb1f47-f84a-45ee-8f65-039bc0f66923: receive RaftClientReply:client-76029A3753BB->7ffb1f47-f84a-45ee-8f65-039bc0f66923@group-CC489457D0B6, cid=225, FAILED org.apache.ratis.protocol.NotLeaderException: Server 7ffb1f47-f84a-45ee-8f65-039bc0f66923@group-CC489457D0B6 is not the leader b8edd47f-9a8a-4d8f-b9ea-91b185ba1497:192.168.36.76:33186, logIndex=0, commits[7ffb1f47-f84a-45ee-8f65-039bc0f66923:c15, b8edd47f-9a8a-4d8f-b9ea-91b185ba1497:c15, 7808bc08-8c64-492d-8125-4fa314b60c8b:c15]
2019-09-10 05:37:58,937 [org.apache.ratis.server.impl.LogAppender$AppenderDaemon$$Lambda$512/623231696@20c28874] ERROR ratis.XceiverServerRatis (XceiverServerRatis.java:triggerPipelineClose(568)) - pipeline Action CLOSE  on pipeline PipelineID=2528d2e7-86be-4d5e-8d8b-cc489457d0b6.Reason : b8edd47f-9a8a-4d8f-b9ea-91b185ba1497 has not seen follower/s 7ffb1f47-f84a-45ee-8f65-039bc0f66923 for 142467ms
2019-09-10 05:37:59,437 [java.util.concurrent.ThreadPoolExecutor$Worker@4f9f2bc1[State = -1, empty queue]] WARN  server.GrpcLogAppender (GrpcLogAppender.java:timeoutAppendRequest(200)) - b8edd47f-9a8a-4d8f-b9ea-91b185ba1497@group-CC489457D0B6->7ffb1f47-f84a-45ee-8f65-039bc0f66923-GrpcLogAppender: appendEntries Timeout, request=b8edd47f-9a8a-4d8f-b9ea-91b185ba1497->7ffb1f47-f84a-45ee-8f65-039bc0f66923#78-t1, previous=(t:1, i:22), leaderCommit=15, initializing? false, entries: <empty>
2019-09-10 05:37:59,926 [EventQueue-PipelineActionsForPipelineActionHandler] ERROR pipeline.PipelineActionHandler (PipelineActionHandler.java:onMessage(60)) - Received pipeline action CLOSE for Pipeline[ Id: 2528d2e7-86be-4d5e-8d8b-cc489457d0b6, Nodes: b8edd47f-9a8a-4d8f-b9ea-91b185ba1497{ip: 192.168.36.76, host: trunk-nightly-20190910-vk757-903364635, networkLocation: /default-rack, certSerialId: null}7808bc08-8c64-492d-8125-4fa314b60c8b{ip: 192.168.36.76, host: trunk-nightly-20190910-vk757-903364635, networkLocation: /default-rack, certSerialId: null}7ffb1f47-f84a-45ee-8f65-039bc0f66923{ip: 192.168.36.76, host: trunk-nightly-20190910-vk757-903364635, networkLocation: /default-rack, certSerialId: null}, Type:RATIS, Factor:THREE, State:CLOSED] from datanode b8edd47f-9a8a-4d8f-b9ea-91b185ba1497{ip: 192.168.36.76, host: trunk-nightly-20190910-vk757-903364635, networkLocation: /default-rack, certSerialId: null}. Reason : b8edd47f-9a8a-4d8f-b9ea-91b185ba1497 has not seen follower/s 7ffb1f47-f84a-45ee-8f65-039bc0f66923 for 142467ms
2019-09-10 05:37:59,926 [EventQueue-PipelineActionsForPipelineActionHandler] INFO  pipeline.SCMPipelineManager (SCMPipelineManager.java:finalizeAndDestroyPipeline(311)) - destroying pipeline:Pipeline[ Id: 2528d2e7-86be-4d5e-8d8b-cc489457d0b6, Nodes: b8edd47f-9a8a-4d8f-b9ea-91b185ba1497{ip: 192.168.36.76, host: trunk-nightly-20190910-vk757-903364635, networkLocation: /default-rack, certSerialId: null}7808bc08-8c64-492d-8125-4fa314b60c8b{ip: 192.168.36.76, host: trunk-nightly-20190910-vk757-903364635, networkLocation: /default-rack, certSerialId: null}7ffb1f47-f84a-45ee-8f65-039bc0f66923{ip: 192.168.36.76, host: trunk-nightly-20190910-vk757-903364635, networkLocation: /default-rack, certSerialId: null}, Type:RATIS, Factor:THREE, State:CLOSED]
2019-09-10 05:38:01,440 [org.apache.ratis.server.impl.LogAppender$AppenderDaemon$$Lambda$512/623231696@20c28874] ERROR ratis.XceiverServerRatis (XceiverServerRatis.java:triggerPipelineClose(568)) - pipeline Action CLOSE  on pipeline PipelineID=2528d2e7-86be-4d5e-8d8b-cc489457d0b6.Reason : b8edd47f-9a8a-4d8f-b9ea-91b185ba1497 has not seen follower/s 7ffb1f47-f84a-45ee-8f65-039bc0f66923 for 144969ms
2019-09-10 05:38:01,926 [EventQueue-PipelineActionsForPipelineActionHandler] ERROR pipeline.PipelineActionHandler (PipelineActionHandler.java:onMessage(60)) - Received pipeline action CLOSE for Pipeline[ Id: 2528d2e7-86be-4d5e-8d8b-cc489457d0b6, Nodes: b8edd47f-9a8a-4d8f-b9ea-91b185ba1497{ip: 192.168.36.76, host: trunk-nightly-20190910-vk757-903364635, networkLocation: /default-rack, certSerialId: null}7808bc08-8c64-492d-8125-4fa314b60c8b{ip: 192.168.36.76, host: trunk-nightly-20190910-vk757-903364635, networkLocation: /default-rack, certSerialId: null}7ffb1f47-f84a-45ee-8f65-039bc0f66923{ip: 192.168.36.76, host: trunk-nightly-20190910-vk757-903364635, networkLocation: /default-rack, certSerialId: null}, Type:RATIS, Factor:THREE, State:CLOSED] from datanode b8edd47f-9a8a-4d8f-b9ea-91b185ba1497{ip: 192.168.36.76, host: trunk-nightly-20190910-vk757-903364635, networkLocation: /default-rack, certSerialId: null}. Reason : b8edd47f-9a8a-4d8f-b9ea-91b185ba1497 has not seen follower/s 7ffb1f47-f84a-45ee-8f65-039bc0f66923 for 144969ms
2019-09-10 05:38:01,927 [EventQueue-PipelineActionsForPipelineActionHandler] INFO  pipeline.SCMPipelineManager (SCMPipelineManager.java:finalizeAndDestroyPipeline(311)) - destroying pipeline:Pipeline[ Id: 2528d2e7-86be-4d5e-8d8b-cc489457d0b6, Nodes: b8edd47f-9a8a-4d8f-b9ea-91b185ba1497{ip: 192.168.36.76, host: trunk-nightly-20190910-vk757-903364635, networkLocation: /default-rack, certSerialId: null}7808bc08-8c64-492d-8125-4fa314b60c8b{ip: 192.168.36.76, host: trunk-nightly-20190910-vk757-903364635, networkLocation: /default-rack, certSerialId: null}7ffb1f47-f84a-45ee-8f65-039bc0f66923{ip: 192.168.36.76, host: trunk-nightly-20190910-vk757-903364635, networkLocation: /default-rack, certSerialId: null}, Type:RATIS, Factor:THREE, State:CLOSED]
2019-09-10 05:38:01,938 [java.util.concurrent.ThreadPoolExecutor$Worker@4f9f2bc1[State = -1, empty queue]] WARN  server.GrpcLogAppender (GrpcLogAppender.java:timeoutAppendRequest(200)) - b8edd47f-9a8a-4d8f-b9ea-91b185ba1497@group-CC489457D0B6->7ffb1f47-f84a-45ee-8f65-039bc0f66923-GrpcLogAppender: appendEntries Timeout, request=b8edd47f-9a8a-4d8f-b9ea-91b185ba1497->7ffb1f47-f84a-45ee-8f65-039bc0f66923#79-t1, previous=(t:1, i:22), leaderCommit=15, initializing? false, entries: <empty>
2019-09-10 05:38:02,713 [grpc-default-executor-9] INFO  client.GrpcClientProtocolClient (GrpcClientProtocolClient.java:onNext(264)) - client-76029A3753BB->7ffb1f47-f84a-45ee-8f65-039bc0f66923: receive RaftClientReply:client-76029A3753BB->7ffb1f47-f84a-45ee-8f65-039bc0f66923@group-CC489457D0B6, cid=225, FAILED org.apache.ratis.protocol.NotLeaderException: Server 7ffb1f47-f84a-45ee-8f65-039bc0f66923@group-CC489457D0B6 is not the leader b8edd47f-9a8a-4d8f-b9ea-91b185ba1497:192.168.36.76:33186, logIndex=0, commits[7ffb1f47-f84a-45ee-8f65-039bc0f66923:c15, b8edd47f-9a8a-4d8f-b9ea-91b185ba1497:c15, 7808bc08-8c64-492d-8125-4fa314b60c8b:c15]
2019-09-10 05:38:03,940 [org.apache.ratis.server.impl.LogAppender$AppenderDaemon$$Lambda$512/623231696@20c28874] ERROR ratis.XceiverServerRatis (XceiverServerRatis.java:triggerPipelineClose(568)) - pipeline Action CLOSE  on pipeline PipelineID=2528d2e7-86be-4d5e-8d8b-cc489457d0b6.Reason : b8edd47f-9a8a-4d8f-b9ea-91b185ba1497 has not seen follower/s 7ffb1f47-f84a-45ee-8f65-039bc0f66923 for 147470ms
2019-09-10 05:38:04,439 [java.util.concurrent.ThreadPoolExecutor$Worker@4f9f2bc1[State = -1, empty queue]] WARN  server.GrpcLogAppender (GrpcLogAppender.java:timeoutAppendRequest(200)) - b8edd47f-9a8a-4d8f-b9ea-91b185ba1497@group-CC489457D0B6->7ffb1f47-f84a-45ee-8f65-039bc0f66923-GrpcLogAppender: appendEntries Timeout, request=b8edd47f-9a8a-4d8f-b9ea-91b185ba1497->7ffb1f47-f84a-45ee-8f65-039bc0f66923#80-t1, previous=(t:1, i:22), leaderCommit=15, initializing? false, entries: <empty>
2019-09-10 05:38:04,926 [EventQueue-PipelineActionsForPipelineActionHandler] ERROR pipeline.PipelineActionHandler (PipelineActionHandler.java:onMessage(60)) - Received pipeline action CLOSE for Pipeline[ Id: 2528d2e7-86be-4d5e-8d8b-cc489457d0b6, Nodes: b8edd47f-9a8a-4d8f-b9ea-91b185ba1497{ip: 192.168.36.76, host: trunk-nightly-20190910-vk757-903364635, networkLocation: /default-rack, certSerialId: null}7808bc08-8c64-492d-8125-4fa314b60c8b{ip: 192.168.36.76, host: trunk-nightly-20190910-vk757-903364635, networkLocation: /default-rack, certSerialId: null}7ffb1f47-f84a-45ee-8f65-039bc0f66923{ip: 192.168.36.76, host: trunk-nightly-20190910-vk757-903364635, networkLocation: /default-rack, certSerialId: null}, Type:RATIS, Factor:THREE, State:CLOSED] from datanode b8edd47f-9a8a-4d8f-b9ea-91b185ba1497{ip: 192.168.36.76, host: trunk-nightly-20190910-vk757-903364635, networkLocation: /default-rack, certSerialId: null}. Reason : b8edd47f-9a8a-4d8f-b9ea-91b185ba1497 has not seen follower/s 7ffb1f47-f84a-45ee-8f65-039bc0f66923 for 147470ms
2019-09-10 05:38:04,926 [EventQueue-PipelineActionsForPipelineActionHandler] INFO  pipeline.SCMPipelineManager (SCMPipelineManager.java:finalizeAndDestroyPipeline(311)) - destroying pipeline:Pipeline[ Id: 2528d2e7-86be-4d5e-8d8b-cc489457d0b6, Nodes: b8edd47f-9a8a-4d8f-b9ea-91b185ba1497{ip: 192.168.36.76, host: trunk-nightly-20190910-vk757-903364635, networkLocation: /default-rack, certSerialId: null}7808bc08-8c64-492d-8125-4fa314b60c8b{ip: 192.168.36.76, host: trunk-nightly-20190910-vk757-903364635, networkLocation: /default-rack, certSerialId: null}7ffb1f47-f84a-45ee-8f65-039bc0f66923{ip: 192.168.36.76, host: trunk-nightly-20190910-vk757-903364635, networkLocation: /default-rack, certSerialId: null}, Type:RATIS, Factor:THREE, State:CLOSED]
2019-09-10 05:38:06,441 [org.apache.ratis.server.impl.LogAppender$AppenderDaemon$$Lambda$512/623231696@20c28874] ERROR ratis.XceiverServerRatis (XceiverServerRatis.java:triggerPipelineClose(568)) - pipeline Action CLOSE  on pipeline PipelineID=2528d2e7-86be-4d5e-8d8b-cc489457d0b6.Reason : b8edd47f-9a8a-4d8f-b9ea-91b185ba1497 has not seen follower/s 7ffb1f47-f84a-45ee-8f65-039bc0f66923 for 149970ms
2019-09-10 05:38:06,926 [EventQueue-PipelineActionsForPipelineActionHandler] ERROR pipeline.PipelineActionHandler (PipelineActionHandler.java:onMessage(60)) - Received pipeline action CLOSE for Pipeline[ Id: 2528d2e7-86be-4d5e-8d8b-cc489457d0b6, Nodes: b8edd47f-9a8a-4d8f-b9ea-91b185ba1497{ip: 192.168.36.76, host: trunk-nightly-20190910-vk757-903364635, networkLocation: /default-rack, certSerialId: null}7808bc08-8c64-492d-8125-4fa314b60c8b{ip: 192.168.36.76, host: trunk-nightly-20190910-vk757-903364635, networkLocation: /default-rack, certSerialId: null}7ffb1f47-f84a-45ee-8f65-039bc0f66923{ip: 192.168.36.76, host: trunk-nightly-20190910-vk757-903364635, networkLocation: /default-rack, certSerialId: null}, Type:RATIS, Factor:THREE, State:CLOSED] from datanode b8edd47f-9a8a-4d8f-b9ea-91b185ba1497{ip: 192.168.36.76, host: trunk-nightly-20190910-vk757-903364635, networkLocation: /default-rack, certSerialId: null}. Reason : b8edd47f-9a8a-4d8f-b9ea-91b185ba1497 has not seen follower/s 7ffb1f47-f84a-45ee-8f65-039bc0f66923 for 149970ms
2019-09-10 05:38:06,926 [EventQueue-PipelineActionsForPipelineActionHandler] INFO  pipeline.SCMPipelineManager (SCMPipelineManager.java:finalizeAndDestroyPipeline(311)) - destroying pipeline:Pipeline[ Id: 2528d2e7-86be-4d5e-8d8b-cc489457d0b6, Nodes: b8edd47f-9a8a-4d8f-b9ea-91b185ba1497{ip: 192.168.36.76, host: trunk-nightly-20190910-vk757-903364635, networkLocation: /default-rack, certSerialId: null}7808bc08-8c64-492d-8125-4fa314b60c8b{ip: 192.168.36.76, host: trunk-nightly-20190910-vk757-903364635, networkLocation: /default-rack, certSerialId: null}7ffb1f47-f84a-45ee-8f65-039bc0f66923{ip: 192.168.36.76, host: trunk-nightly-20190910-vk757-903364635, networkLocation: /default-rack, certSerialId: null}, Type:RATIS, Factor:THREE, State:CLOSED]
2019-09-10 05:38:06,940 [java.util.concurrent.ThreadPoolExecutor$Worker@4f9f2bc1[State = -1, empty queue]] WARN  server.GrpcLogAppender (GrpcLogAppender.java:timeoutAppendRequest(200)) - b8edd47f-9a8a-4d8f-b9ea-91b185ba1497@group-CC489457D0B6->7ffb1f47-f84a-45ee-8f65-039bc0f66923-GrpcLogAppender: appendEntries Timeout, request=b8edd47f-9a8a-4d8f-b9ea-91b185ba1497->7ffb1f47-f84a-45ee-8f65-039bc0f66923#81-t1, previous=(t:1, i:22), leaderCommit=15, initializing? false, entries: <empty>
2019-09-10 05:38:06,981 [7ffb1f47-f84a-45ee-8f65-039bc0f66923@group-CC489457D0B6-SegmentedRaftLogWorker] WARN  segmented.SegmentedRaftLogWorker (SegmentedRaftLogWorker.java:getFromFuture(90)) - Timeout 14/~
org.apache.ratis.protocol.TimeoutIOException: Timeout 10s: WriteLog:20: (t:1, i:20), STATEMACHINELOGENTRY, client-76029A3753BB, cid=229-writeStateMachineData
	at org.apache.ratis.util.IOUtils.getFromFuture(IOUtils.java:87)
	at org.apache.ratis.server.raftlog.segmented.SegmentedRaftLogWorker$StateMachineDataPolicy.getFromFuture(SegmentedRaftLogWorker.java:87)
	at org.apache.ratis.server.raftlog.segmented.SegmentedRaftLogWorker$WriteLog.execute(SegmentedRaftLogWorker.java:477)
	at org.apache.ratis.server.raftlog.segmented.SegmentedRaftLogWorker.run(SegmentedRaftLogWorker.java:289)
	at java.lang.Thread.run(Thread.java:748)
Caused by: java.util.concurrent.TimeoutException
	at java.util.concurrent.CompletableFuture.timedGet(CompletableFuture.java:1771)
	at java.util.concurrent.CompletableFuture.get(CompletableFuture.java:1915)
	at org.apache.ratis.util.IOUtils.getFromFuture(IOUtils.java:79)
	... 4 more
2019-09-10 05:38:06,993 [b8edd47f-9a8a-4d8f-b9ea-91b185ba1497@group-CC489457D0B6-SegmentedRaftLogWorker] WARN  segmented.SegmentedRaftLogWorker (SegmentedRaftLogWorker.java:getFromFuture(90)) - Timeout 14/~
org.apache.ratis.protocol.TimeoutIOException: Timeout 10s: WriteLog:19: (t:1, i:19), STATEMACHINELOGENTRY, client-76029A3753BB, cid=228-writeStateMachineData
	at org.apache.ratis.util.IOUtils.getFromFuture(IOUtils.java:87)
	at org.apache.ratis.server.raftlog.segmented.SegmentedRaftLogWorker$StateMachineDataPolicy.getFromFuture(SegmentedRaftLogWorker.java:87)
	at org.apache.ratis.server.raftlog.segmented.SegmentedRaftLogWorker$WriteLog.execute(SegmentedRaftLogWorker.java:477)
	at org.apache.ratis.server.raftlog.segmented.SegmentedRaftLogWorker.run(SegmentedRaftLogWorker.java:289)
	at java.lang.Thread.run(Thread.java:748)
Caused by: java.util.concurrent.TimeoutException
	at java.util.concurrent.CompletableFuture.timedGet(CompletableFuture.java:1771)
	at java.util.concurrent.CompletableFuture.get(CompletableFuture.java:1915)
	at org.apache.ratis.util.IOUtils.getFromFuture(IOUtils.java:79)
	... 4 more
2019-09-10 05:38:07,730 [grpc-default-executor-11] INFO  client.GrpcClientProtocolClient (GrpcClientProtocolClient.java:onNext(264)) - client-76029A3753BB->7ffb1f47-f84a-45ee-8f65-039bc0f66923: receive RaftClientReply:client-76029A3753BB->7ffb1f47-f84a-45ee-8f65-039bc0f66923@group-CC489457D0B6, cid=225, FAILED org.apache.ratis.protocol.NotLeaderException: Server 7ffb1f47-f84a-45ee-8f65-039bc0f66923@group-CC489457D0B6 is not the leader b8edd47f-9a8a-4d8f-b9ea-91b185ba1497:192.168.36.76:33186, logIndex=0, commits[7ffb1f47-f84a-45ee-8f65-039bc0f66923:c15, b8edd47f-9a8a-4d8f-b9ea-91b185ba1497:c15, 7808bc08-8c64-492d-8125-4fa314b60c8b:c15]
2019-09-10 05:38:08,942 [org.apache.ratis.server.impl.LogAppender$AppenderDaemon$$Lambda$512/623231696@20c28874] ERROR ratis.XceiverServerRatis (XceiverServerRatis.java:triggerPipelineClose(568)) - pipeline Action CLOSE  on pipeline PipelineID=2528d2e7-86be-4d5e-8d8b-cc489457d0b6.Reason : b8edd47f-9a8a-4d8f-b9ea-91b185ba1497 has not seen follower/s 7ffb1f47-f84a-45ee-8f65-039bc0f66923 for 152471ms
2019-09-10 05:38:09,441 [java.util.concurrent.ThreadPoolExecutor$Worker@4f9f2bc1[State = -1, empty queue]] WARN  server.GrpcLogAppender (GrpcLogAppender.java:timeoutAppendRequest(200)) - b8edd47f-9a8a-4d8f-b9ea-91b185ba1497@group-CC489457D0B6->7ffb1f47-f84a-45ee-8f65-039bc0f66923-GrpcLogAppender: appendEntries Timeout, request=b8edd47f-9a8a-4d8f-b9ea-91b185ba1497->7ffb1f47-f84a-45ee-8f65-039bc0f66923#82-t1, previous=(t:1, i:22), leaderCommit=15, initializing? false, entries: <empty>
2019-09-10 05:38:09,926 [EventQueue-PipelineActionsForPipelineActionHandler] ERROR pipeline.PipelineActionHandler (PipelineActionHandler.java:onMessage(60)) - Received pipeline action CLOSE for Pipeline[ Id: 2528d2e7-86be-4d5e-8d8b-cc489457d0b6, Nodes: b8edd47f-9a8a-4d8f-b9ea-91b185ba1497{ip: 192.168.36.76, host: trunk-nightly-20190910-vk757-903364635, networkLocation: /default-rack, certSerialId: null}7808bc08-8c64-492d-8125-4fa314b60c8b{ip: 192.168.36.76, host: trunk-nightly-20190910-vk757-903364635, networkLocation: /default-rack, certSerialId: null}7ffb1f47-f84a-45ee-8f65-039bc0f66923{ip: 192.168.36.76, host: trunk-nightly-20190910-vk757-903364635, networkLocation: /default-rack, certSerialId: null}, Type:RATIS, Factor:THREE, State:CLOSED] from datanode b8edd47f-9a8a-4d8f-b9ea-91b185ba1497{ip: 192.168.36.76, host: trunk-nightly-20190910-vk757-903364635, networkLocation: /default-rack, certSerialId: null}. Reason : b8edd47f-9a8a-4d8f-b9ea-91b185ba1497 has not seen follower/s 7ffb1f47-f84a-45ee-8f65-039bc0f66923 for 152471ms
2019-09-10 05:38:09,926 [EventQueue-PipelineActionsForPipelineActionHandler] INFO  pipeline.SCMPipelineManager (SCMPipelineManager.java:finalizeAndDestroyPipeline(311)) - destroying pipeline:Pipeline[ Id: 2528d2e7-86be-4d5e-8d8b-cc489457d0b6, Nodes: b8edd47f-9a8a-4d8f-b9ea-91b185ba1497{ip: 192.168.36.76, host: trunk-nightly-20190910-vk757-903364635, networkLocation: /default-rack, certSerialId: null}7808bc08-8c64-492d-8125-4fa314b60c8b{ip: 192.168.36.76, host: trunk-nightly-20190910-vk757-903364635, networkLocation: /default-rack, certSerialId: null}7ffb1f47-f84a-45ee-8f65-039bc0f66923{ip: 192.168.36.76, host: trunk-nightly-20190910-vk757-903364635, networkLocation: /default-rack, certSerialId: null}, Type:RATIS, Factor:THREE, State:CLOSED]
2019-09-10 05:38:11,443 [org.apache.ratis.server.impl.LogAppender$AppenderDaemon$$Lambda$512/623231696@20c28874] ERROR ratis.XceiverServerRatis (XceiverServerRatis.java:triggerPipelineClose(568)) - pipeline Action CLOSE  on pipeline PipelineID=2528d2e7-86be-4d5e-8d8b-cc489457d0b6.Reason : b8edd47f-9a8a-4d8f-b9ea-91b185ba1497 has not seen follower/s 7ffb1f47-f84a-45ee-8f65-039bc0f66923 for 154972ms
2019-09-10 05:38:11,926 [EventQueue-PipelineActionsForPipelineActionHandler] ERROR pipeline.PipelineActionHandler (PipelineActionHandler.java:onMessage(60)) - Received pipeline action CLOSE for Pipeline[ Id: 2528d2e7-86be-4d5e-8d8b-cc489457d0b6, Nodes: b8edd47f-9a8a-4d8f-b9ea-91b185ba1497{ip: 192.168.36.76, host: trunk-nightly-20190910-vk757-903364635, networkLocation: /default-rack, certSerialId: null}7808bc08-8c64-492d-8125-4fa314b60c8b{ip: 192.168.36.76, host: trunk-nightly-20190910-vk757-903364635, networkLocation: /default-rack, certSerialId: null}7ffb1f47-f84a-45ee-8f65-039bc0f66923{ip: 192.168.36.76, host: trunk-nightly-20190910-vk757-903364635, networkLocation: /default-rack, certSerialId: null}, Type:RATIS, Factor:THREE, State:CLOSED] from datanode b8edd47f-9a8a-4d8f-b9ea-91b185ba1497{ip: 192.168.36.76, host: trunk-nightly-20190910-vk757-903364635, networkLocation: /default-rack, certSerialId: null}. Reason : b8edd47f-9a8a-4d8f-b9ea-91b185ba1497 has not seen follower/s 7ffb1f47-f84a-45ee-8f65-039bc0f66923 for 154972ms
2019-09-10 05:38:11,926 [EventQueue-PipelineActionsForPipelineActionHandler] INFO  pipeline.SCMPipelineManager (SCMPipelineManager.java:finalizeAndDestroyPipeline(311)) - destroying pipeline:Pipeline[ Id: 2528d2e7-86be-4d5e-8d8b-cc489457d0b6, Nodes: b8edd47f-9a8a-4d8f-b9ea-91b185ba1497{ip: 192.168.36.76, host: trunk-nightly-20190910-vk757-903364635, networkLocation: /default-rack, certSerialId: null}7808bc08-8c64-492d-8125-4fa314b60c8b{ip: 192.168.36.76, host: trunk-nightly-20190910-vk757-903364635, networkLocation: /default-rack, certSerialId: null}7ffb1f47-f84a-45ee-8f65-039bc0f66923{ip: 192.168.36.76, host: trunk-nightly-20190910-vk757-903364635, networkLocation: /default-rack, certSerialId: null}, Type:RATIS, Factor:THREE, State:CLOSED]
2019-09-10 05:38:11,942 [java.util.concurrent.ThreadPoolExecutor$Worker@4f9f2bc1[State = -1, empty queue]] WARN  server.GrpcLogAppender (GrpcLogAppender.java:timeoutAppendRequest(200)) - b8edd47f-9a8a-4d8f-b9ea-91b185ba1497@group-CC489457D0B6->7ffb1f47-f84a-45ee-8f65-039bc0f66923-GrpcLogAppender: appendEntries Timeout, request=b8edd47f-9a8a-4d8f-b9ea-91b185ba1497->7ffb1f47-f84a-45ee-8f65-039bc0f66923#83-t1, previous=(t:1, i:22), leaderCommit=15, initializing? false, entries: <empty>
2019-09-10 05:38:12,750 [grpc-default-executor-11] INFO  client.GrpcClientProtocolClient (GrpcClientProtocolClient.java:onNext(264)) - client-76029A3753BB->7808bc08-8c64-492d-8125-4fa314b60c8b: receive RaftClientReply:client-76029A3753BB->7808bc08-8c64-492d-8125-4fa314b60c8b@group-CC489457D0B6, cid=225, FAILED org.apache.ratis.protocol.NotLeaderException: Server 7808bc08-8c64-492d-8125-4fa314b60c8b@group-CC489457D0B6 is not the leader b8edd47f-9a8a-4d8f-b9ea-91b185ba1497:192.168.36.76:33186, logIndex=0, commits[7808bc08-8c64-492d-8125-4fa314b60c8b:c15, 7ffb1f47-f84a-45ee-8f65-039bc0f66923:c14, b8edd47f-9a8a-4d8f-b9ea-91b185ba1497:c15]
2019-09-10 05:38:13,944 [org.apache.ratis.server.impl.LogAppender$AppenderDaemon$$Lambda$512/623231696@20c28874] ERROR ratis.XceiverServerRatis (XceiverServerRatis.java:triggerPipelineClose(568)) - pipeline Action CLOSE  on pipeline PipelineID=2528d2e7-86be-4d5e-8d8b-cc489457d0b6.Reason : b8edd47f-9a8a-4d8f-b9ea-91b185ba1497 has not seen follower/s 7ffb1f47-f84a-45ee-8f65-039bc0f66923 for 157474ms
2019-09-10 05:38:14,443 [java.util.concurrent.ThreadPoolExecutor$Worker@4f9f2bc1[State = -1, empty queue]] WARN  server.GrpcLogAppender (GrpcLogAppender.java:timeoutAppendRequest(200)) - b8edd47f-9a8a-4d8f-b9ea-91b185ba1497@group-CC489457D0B6->7ffb1f47-f84a-45ee-8f65-039bc0f66923-GrpcLogAppender: appendEntries Timeout, request=b8edd47f-9a8a-4d8f-b9ea-91b185ba1497->7ffb1f47-f84a-45ee-8f65-039bc0f66923#84-t1, previous=(t:1, i:22), leaderCommit=15, initializing? false, entries: <empty>
2019-09-10 05:38:14,928 [EventQueue-PipelineActionsForPipelineActionHandler] ERROR pipeline.PipelineActionHandler (PipelineActionHandler.java:onMessage(60)) - Received pipeline action CLOSE for Pipeline[ Id: 2528d2e7-86be-4d5e-8d8b-cc489457d0b6, Nodes: b8edd47f-9a8a-4d8f-b9ea-91b185ba1497{ip: 192.168.36.76, host: trunk-nightly-20190910-vk757-903364635, networkLocation: /default-rack, certSerialId: null}7808bc08-8c64-492d-8125-4fa314b60c8b{ip: 192.168.36.76, host: trunk-nightly-20190910-vk757-903364635, networkLocation: /default-rack, certSerialId: null}7ffb1f47-f84a-45ee-8f65-039bc0f66923{ip: 192.168.36.76, host: trunk-nightly-20190910-vk757-903364635, networkLocation: /default-rack, certSerialId: null}, Type:RATIS, Factor:THREE, State:CLOSED] from datanode b8edd47f-9a8a-4d8f-b9ea-91b185ba1497{ip: 192.168.36.76, host: trunk-nightly-20190910-vk757-903364635, networkLocation: /default-rack, certSerialId: null}. Reason : b8edd47f-9a8a-4d8f-b9ea-91b185ba1497 has not seen follower/s 7ffb1f47-f84a-45ee-8f65-039bc0f66923 for 157474ms
2019-09-10 05:38:14,928 [EventQueue-PipelineActionsForPipelineActionHandler] INFO  pipeline.SCMPipelineManager (SCMPipelineManager.java:finalizeAndDestroyPipeline(311)) - destroying pipeline:Pipeline[ Id: 2528d2e7-86be-4d5e-8d8b-cc489457d0b6, Nodes: b8edd47f-9a8a-4d8f-b9ea-91b185ba1497{ip: 192.168.36.76, host: trunk-nightly-20190910-vk757-903364635, networkLocation: /default-rack, certSerialId: null}7808bc08-8c64-492d-8125-4fa314b60c8b{ip: 192.168.36.76, host: trunk-nightly-20190910-vk757-903364635, networkLocation: /default-rack, certSerialId: null}7ffb1f47-f84a-45ee-8f65-039bc0f66923{ip: 192.168.36.76, host: trunk-nightly-20190910-vk757-903364635, networkLocation: /default-rack, certSerialId: null}, Type:RATIS, Factor:THREE, State:CLOSED]
2019-09-10 05:38:16,445 [org.apache.ratis.server.impl.LogAppender$AppenderDaemon$$Lambda$512/623231696@20c28874] ERROR ratis.XceiverServerRatis (XceiverServerRatis.java:triggerPipelineClose(568)) - pipeline Action CLOSE  on pipeline PipelineID=2528d2e7-86be-4d5e-8d8b-cc489457d0b6.Reason : b8edd47f-9a8a-4d8f-b9ea-91b185ba1497 has not seen follower/s 7ffb1f47-f84a-45ee-8f65-039bc0f66923 for 159974ms
2019-09-10 05:38:16,927 [EventQueue-PipelineActionsForPipelineActionHandler] ERROR pipeline.PipelineActionHandler (PipelineActionHandler.java:onMessage(60)) - Received pipeline action CLOSE for Pipeline[ Id: 2528d2e7-86be-4d5e-8d8b-cc489457d0b6, Nodes: b8edd47f-9a8a-4d8f-b9ea-91b185ba1497{ip: 192.168.36.76, host: trunk-nightly-20190910-vk757-903364635, networkLocation: /default-rack, certSerialId: null}7808bc08-8c64-492d-8125-4fa314b60c8b{ip: 192.168.36.76, host: trunk-nightly-20190910-vk757-903364635, networkLocation: /default-rack, certSerialId: null}7ffb1f47-f84a-45ee-8f65-039bc0f66923{ip: 192.168.36.76, host: trunk-nightly-20190910-vk757-903364635, networkLocation: /default-rack, certSerialId: null}, Type:RATIS, Factor:THREE, State:CLOSED] from datanode b8edd47f-9a8a-4d8f-b9ea-91b185ba1497{ip: 192.168.36.76, host: trunk-nightly-20190910-vk757-903364635, networkLocation: /default-rack, certSerialId: null}. Reason : b8edd47f-9a8a-4d8f-b9ea-91b185ba1497 has not seen follower/s 7ffb1f47-f84a-45ee-8f65-039bc0f66923 for 159974ms
2019-09-10 05:38:16,927 [EventQueue-PipelineActionsForPipelineActionHandler] INFO  pipeline.SCMPipelineManager (SCMPipelineManager.java:finalizeAndDestroyPipeline(311)) - destroying pipeline:Pipeline[ Id: 2528d2e7-86be-4d5e-8d8b-cc489457d0b6, Nodes: b8edd47f-9a8a-4d8f-b9ea-91b185ba1497{ip: 192.168.36.76, host: trunk-nightly-20190910-vk757-903364635, networkLocation: /default-rack, certSerialId: null}7808bc08-8c64-492d-8125-4fa314b60c8b{ip: 192.168.36.76, host: trunk-nightly-20190910-vk757-903364635, networkLocation: /default-rack, certSerialId: null}7ffb1f47-f84a-45ee-8f65-039bc0f66923{ip: 192.168.36.76, host: trunk-nightly-20190910-vk757-903364635, networkLocation: /default-rack, certSerialId: null}, Type:RATIS, Factor:THREE, State:CLOSED]
2019-09-10 05:38:16,944 [java.util.concurrent.ThreadPoolExecutor$Worker@4f9f2bc1[State = -1, empty queue]] WARN  server.GrpcLogAppender (GrpcLogAppender.java:timeoutAppendRequest(200)) - b8edd47f-9a8a-4d8f-b9ea-91b185ba1497@group-CC489457D0B6->7ffb1f47-f84a-45ee-8f65-039bc0f66923-GrpcLogAppender: appendEntries Timeout, request=b8edd47f-9a8a-4d8f-b9ea-91b185ba1497->7ffb1f47-f84a-45ee-8f65-039bc0f66923#85-t1, previous=(t:1, i:22), leaderCommit=15, initializing? false, entries: <empty>
2019-09-10 05:38:16,982 [7ffb1f47-f84a-45ee-8f65-039bc0f66923@group-CC489457D0B6-SegmentedRaftLogWorker] WARN  segmented.SegmentedRaftLogWorker (SegmentedRaftLogWorker.java:getFromFuture(90)) - Timeout 15/~
org.apache.ratis.protocol.TimeoutIOException: Timeout 10s: WriteLog:20: (t:1, i:20), STATEMACHINELOGENTRY, client-76029A3753BB, cid=229-writeStateMachineData
	at org.apache.ratis.util.IOUtils.getFromFuture(IOUtils.java:87)
	at org.apache.ratis.server.raftlog.segmented.SegmentedRaftLogWorker$StateMachineDataPolicy.getFromFuture(SegmentedRaftLogWorker.java:87)
	at org.apache.ratis.server.raftlog.segmented.SegmentedRaftLogWorker$WriteLog.execute(SegmentedRaftLogWorker.java:477)
	at org.apache.ratis.server.raftlog.segmented.SegmentedRaftLogWorker.run(SegmentedRaftLogWorker.java:289)
	at java.lang.Thread.run(Thread.java:748)
Caused by: java.util.concurrent.TimeoutException
	at java.util.concurrent.CompletableFuture.timedGet(CompletableFuture.java:1771)
	at java.util.concurrent.CompletableFuture.get(CompletableFuture.java:1915)
	at org.apache.ratis.util.IOUtils.getFromFuture(IOUtils.java:79)
	... 4 more
2019-09-10 05:38:16,994 [b8edd47f-9a8a-4d8f-b9ea-91b185ba1497@group-CC489457D0B6-SegmentedRaftLogWorker] WARN  segmented.SegmentedRaftLogWorker (SegmentedRaftLogWorker.java:getFromFuture(90)) - Timeout 15/~
org.apache.ratis.protocol.TimeoutIOException: Timeout 10s: WriteLog:19: (t:1, i:19), STATEMACHINELOGENTRY, client-76029A3753BB, cid=228-writeStateMachineData
	at org.apache.ratis.util.IOUtils.getFromFuture(IOUtils.java:87)
	at org.apache.ratis.server.raftlog.segmented.SegmentedRaftLogWorker$StateMachineDataPolicy.getFromFuture(SegmentedRaftLogWorker.java:87)
	at org.apache.ratis.server.raftlog.segmented.SegmentedRaftLogWorker$WriteLog.execute(SegmentedRaftLogWorker.java:477)
	at org.apache.ratis.server.raftlog.segmented.SegmentedRaftLogWorker.run(SegmentedRaftLogWorker.java:289)
	at java.lang.Thread.run(Thread.java:748)
Caused by: java.util.concurrent.TimeoutException
	at java.util.concurrent.CompletableFuture.timedGet(CompletableFuture.java:1771)
	at java.util.concurrent.CompletableFuture.get(CompletableFuture.java:1915)
	at org.apache.ratis.util.IOUtils.getFromFuture(IOUtils.java:79)
	... 4 more
2019-09-10 05:38:17,781 [grpc-default-executor-8] INFO  client.GrpcClientProtocolClient (GrpcClientProtocolClient.java:onNext(264)) - client-76029A3753BB->7ffb1f47-f84a-45ee-8f65-039bc0f66923: receive RaftClientReply:client-76029A3753BB->7ffb1f47-f84a-45ee-8f65-039bc0f66923@group-CC489457D0B6, cid=225, FAILED org.apache.ratis.protocol.NotLeaderException: Server 7ffb1f47-f84a-45ee-8f65-039bc0f66923@group-CC489457D0B6 is not the leader b8edd47f-9a8a-4d8f-b9ea-91b185ba1497:192.168.36.76:33186, logIndex=0, commits[7ffb1f47-f84a-45ee-8f65-039bc0f66923:c15, b8edd47f-9a8a-4d8f-b9ea-91b185ba1497:c15, 7808bc08-8c64-492d-8125-4fa314b60c8b:c15]
2019-09-10 05:38:18,946 [org.apache.ratis.server.impl.LogAppender$AppenderDaemon$$Lambda$512/623231696@20c28874] ERROR ratis.XceiverServerRatis (XceiverServerRatis.java:triggerPipelineClose(568)) - pipeline Action CLOSE  on pipeline PipelineID=2528d2e7-86be-4d5e-8d8b-cc489457d0b6.Reason : b8edd47f-9a8a-4d8f-b9ea-91b185ba1497 has not seen follower/s 7ffb1f47-f84a-45ee-8f65-039bc0f66923 for 162476ms
2019-09-10 05:38:19,445 [java.util.concurrent.ThreadPoolExecutor$Worker@4f9f2bc1[State = -1, empty queue]] WARN  server.GrpcLogAppender (GrpcLogAppender.java:timeoutAppendRequest(200)) - b8edd47f-9a8a-4d8f-b9ea-91b185ba1497@group-CC489457D0B6->7ffb1f47-f84a-45ee-8f65-039bc0f66923-GrpcLogAppender: appendEntries Timeout, request=b8edd47f-9a8a-4d8f-b9ea-91b185ba1497->7ffb1f47-f84a-45ee-8f65-039bc0f66923#86-t1, previous=(t:1, i:22), leaderCommit=15, initializing? false, entries: <empty>
2019-09-10 05:38:19,929 [EventQueue-PipelineActionsForPipelineActionHandler] ERROR pipeline.PipelineActionHandler (PipelineActionHandler.java:onMessage(60)) - Received pipeline action CLOSE for Pipeline[ Id: 2528d2e7-86be-4d5e-8d8b-cc489457d0b6, Nodes: b8edd47f-9a8a-4d8f-b9ea-91b185ba1497{ip: 192.168.36.76, host: trunk-nightly-20190910-vk757-903364635, networkLocation: /default-rack, certSerialId: null}7808bc08-8c64-492d-8125-4fa314b60c8b{ip: 192.168.36.76, host: trunk-nightly-20190910-vk757-903364635, networkLocation: /default-rack, certSerialId: null}7ffb1f47-f84a-45ee-8f65-039bc0f66923{ip: 192.168.36.76, host: trunk-nightly-20190910-vk757-903364635, networkLocation: /default-rack, certSerialId: null}, Type:RATIS, Factor:THREE, State:CLOSED] from datanode b8edd47f-9a8a-4d8f-b9ea-91b185ba1497{ip: 192.168.36.76, host: trunk-nightly-20190910-vk757-903364635, networkLocation: /default-rack, certSerialId: null}. Reason : b8edd47f-9a8a-4d8f-b9ea-91b185ba1497 has not seen follower/s 7ffb1f47-f84a-45ee-8f65-039bc0f66923 for 162476ms
2019-09-10 05:38:19,929 [EventQueue-PipelineActionsForPipelineActionHandler] INFO  pipeline.SCMPipelineManager (SCMPipelineManager.java:finalizeAndDestroyPipeline(311)) - destroying pipeline:Pipeline[ Id: 2528d2e7-86be-4d5e-8d8b-cc489457d0b6, Nodes: b8edd47f-9a8a-4d8f-b9ea-91b185ba1497{ip: 192.168.36.76, host: trunk-nightly-20190910-vk757-903364635, networkLocation: /default-rack, certSerialId: null}7808bc08-8c64-492d-8125-4fa314b60c8b{ip: 192.168.36.76, host: trunk-nightly-20190910-vk757-903364635, networkLocation: /default-rack, certSerialId: null}7ffb1f47-f84a-45ee-8f65-039bc0f66923{ip: 192.168.36.76, host: trunk-nightly-20190910-vk757-903364635, networkLocation: /default-rack, certSerialId: null}, Type:RATIS, Factor:THREE, State:CLOSED]
2019-09-10 05:38:21,449 [org.apache.ratis.server.impl.LogAppender$AppenderDaemon$$Lambda$512/623231696@20c28874] ERROR ratis.XceiverServerRatis (XceiverServerRatis.java:triggerPipelineClose(568)) - pipeline Action CLOSE  on pipeline PipelineID=2528d2e7-86be-4d5e-8d8b-cc489457d0b6.Reason : b8edd47f-9a8a-4d8f-b9ea-91b185ba1497 has not seen follower/s 7ffb1f47-f84a-45ee-8f65-039bc0f66923 for 164978ms
2019-09-10 05:38:21,927 [EventQueue-PipelineActionsForPipelineActionHandler] ERROR pipeline.PipelineActionHandler (PipelineActionHandler.java:onMessage(60)) - Received pipeline action CLOSE for Pipeline[ Id: 2528d2e7-86be-4d5e-8d8b-cc489457d0b6, Nodes: b8edd47f-9a8a-4d8f-b9ea-91b185ba1497{ip: 192.168.36.76, host: trunk-nightly-20190910-vk757-903364635, networkLocation: /default-rack, certSerialId: null}7808bc08-8c64-492d-8125-4fa314b60c8b{ip: 192.168.36.76, host: trunk-nightly-20190910-vk757-903364635, networkLocation: /default-rack, certSerialId: null}7ffb1f47-f84a-45ee-8f65-039bc0f66923{ip: 192.168.36.76, host: trunk-nightly-20190910-vk757-903364635, networkLocation: /default-rack, certSerialId: null}, Type:RATIS, Factor:THREE, State:CLOSED] from datanode b8edd47f-9a8a-4d8f-b9ea-91b185ba1497{ip: 192.168.36.76, host: trunk-nightly-20190910-vk757-903364635, networkLocation: /default-rack, certSerialId: null}. Reason : b8edd47f-9a8a-4d8f-b9ea-91b185ba1497 has not seen follower/s 7ffb1f47-f84a-45ee-8f65-039bc0f66923 for 164978ms
2019-09-10 05:38:21,928 [EventQueue-PipelineActionsForPipelineActionHandler] INFO  pipeline.SCMPipelineManager (SCMPipelineManager.java:finalizeAndDestroyPipeline(311)) - destroying pipeline:Pipeline[ Id: 2528d2e7-86be-4d5e-8d8b-cc489457d0b6, Nodes: b8edd47f-9a8a-4d8f-b9ea-91b185ba1497{ip: 192.168.36.76, host: trunk-nightly-20190910-vk757-903364635, networkLocation: /default-rack, certSerialId: null}7808bc08-8c64-492d-8125-4fa314b60c8b{ip: 192.168.36.76, host: trunk-nightly-20190910-vk757-903364635, networkLocation: /default-rack, certSerialId: null}7ffb1f47-f84a-45ee-8f65-039bc0f66923{ip: 192.168.36.76, host: trunk-nightly-20190910-vk757-903364635, networkLocation: /default-rack, certSerialId: null}, Type:RATIS, Factor:THREE, State:CLOSED]
2019-09-10 05:38:21,946 [java.util.concurrent.ThreadPoolExecutor$Worker@4f9f2bc1[State = -1, empty queue]] WARN  server.GrpcLogAppender (GrpcLogAppender.java:timeoutAppendRequest(200)) - b8edd47f-9a8a-4d8f-b9ea-91b185ba1497@group-CC489457D0B6->7ffb1f47-f84a-45ee-8f65-039bc0f66923-GrpcLogAppender: appendEntries Timeout, request=b8edd47f-9a8a-4d8f-b9ea-91b185ba1497->7ffb1f47-f84a-45ee-8f65-039bc0f66923#87-t1, previous=(t:1, i:22), leaderCommit=15, initializing? false, entries: <empty>
2019-09-10 05:38:22,821 [grpc-default-executor-8] INFO  client.GrpcClientProtocolClient (GrpcClientProtocolClient.java:onNext(264)) - client-76029A3753BB->7808bc08-8c64-492d-8125-4fa314b60c8b: receive RaftClientReply:client-76029A3753BB->7808bc08-8c64-492d-8125-4fa314b60c8b@group-CC489457D0B6, cid=225, FAILED org.apache.ratis.protocol.NotLeaderException: Server 7808bc08-8c64-492d-8125-4fa314b60c8b@group-CC489457D0B6 is not the leader b8edd47f-9a8a-4d8f-b9ea-91b185ba1497:192.168.36.76:33186, logIndex=0, commits[7808bc08-8c64-492d-8125-4fa314b60c8b:c15, 7ffb1f47-f84a-45ee-8f65-039bc0f66923:c14, b8edd47f-9a8a-4d8f-b9ea-91b185ba1497:c15]
2019-09-10 05:38:23,949 [org.apache.ratis.server.impl.LogAppender$AppenderDaemon$$Lambda$512/623231696@20c28874] ERROR ratis.XceiverServerRatis (XceiverServerRatis.java:triggerPipelineClose(568)) - pipeline Action CLOSE  on pipeline PipelineID=2528d2e7-86be-4d5e-8d8b-cc489457d0b6.Reason : b8edd47f-9a8a-4d8f-b9ea-91b185ba1497 has not seen follower/s 7ffb1f47-f84a-45ee-8f65-039bc0f66923 for 167478ms
2019-09-10 05:38:24,448 [java.util.concurrent.ThreadPoolExecutor$Worker@4f9f2bc1[State = -1, empty queue]] WARN  server.GrpcLogAppender (GrpcLogAppender.java:timeoutAppendRequest(200)) - b8edd47f-9a8a-4d8f-b9ea-91b185ba1497@group-CC489457D0B6->7ffb1f47-f84a-45ee-8f65-039bc0f66923-GrpcLogAppender: appendEntries Timeout, request=b8edd47f-9a8a-4d8f-b9ea-91b185ba1497->7ffb1f47-f84a-45ee-8f65-039bc0f66923#88-t1, previous=(t:1, i:22), leaderCommit=15, initializing? false, entries: <empty>
2019-09-10 05:38:24,928 [EventQueue-PipelineActionsForPipelineActionHandler] ERROR pipeline.PipelineActionHandler (PipelineActionHandler.java:onMessage(60)) - Received pipeline action CLOSE for Pipeline[ Id: 2528d2e7-86be-4d5e-8d8b-cc489457d0b6, Nodes: b8edd47f-9a8a-4d8f-b9ea-91b185ba1497{ip: 192.168.36.76, host: trunk-nightly-20190910-vk757-903364635, networkLocation: /default-rack, certSerialId: null}7808bc08-8c64-492d-8125-4fa314b60c8b{ip: 192.168.36.76, host: trunk-nightly-20190910-vk757-903364635, networkLocation: /default-rack, certSerialId: null}7ffb1f47-f84a-45ee-8f65-039bc0f66923{ip: 192.168.36.76, host: trunk-nightly-20190910-vk757-903364635, networkLocation: /default-rack, certSerialId: null}, Type:RATIS, Factor:THREE, State:CLOSED] from datanode b8edd47f-9a8a-4d8f-b9ea-91b185ba1497{ip: 192.168.36.76, host: trunk-nightly-20190910-vk757-903364635, networkLocation: /default-rack, certSerialId: null}. Reason : b8edd47f-9a8a-4d8f-b9ea-91b185ba1497 has not seen follower/s 7ffb1f47-f84a-45ee-8f65-039bc0f66923 for 167478ms
2019-09-10 05:38:24,929 [EventQueue-PipelineActionsForPipelineActionHandler] INFO  pipeline.SCMPipelineManager (SCMPipelineManager.java:finalizeAndDestroyPipeline(311)) - destroying pipeline:Pipeline[ Id: 2528d2e7-86be-4d5e-8d8b-cc489457d0b6, Nodes: b8edd47f-9a8a-4d8f-b9ea-91b185ba1497{ip: 192.168.36.76, host: trunk-nightly-20190910-vk757-903364635, networkLocation: /default-rack, certSerialId: null}7808bc08-8c64-492d-8125-4fa314b60c8b{ip: 192.168.36.76, host: trunk-nightly-20190910-vk757-903364635, networkLocation: /default-rack, certSerialId: null}7ffb1f47-f84a-45ee-8f65-039bc0f66923{ip: 192.168.36.76, host: trunk-nightly-20190910-vk757-903364635, networkLocation: /default-rack, certSerialId: null}, Type:RATIS, Factor:THREE, State:CLOSED]
2019-09-10 05:38:26,450 [org.apache.ratis.server.impl.LogAppender$AppenderDaemon$$Lambda$512/623231696@20c28874] ERROR ratis.XceiverServerRatis (XceiverServerRatis.java:triggerPipelineClose(568)) - pipeline Action CLOSE  on pipeline PipelineID=2528d2e7-86be-4d5e-8d8b-cc489457d0b6.Reason : b8edd47f-9a8a-4d8f-b9ea-91b185ba1497 has not seen follower/s 7ffb1f47-f84a-45ee-8f65-039bc0f66923 for 169979ms
2019-09-10 05:38:26,928 [EventQueue-PipelineActionsForPipelineActionHandler] ERROR pipeline.PipelineActionHandler (PipelineActionHandler.java:onMessage(60)) - Received pipeline action CLOSE for Pipeline[ Id: 2528d2e7-86be-4d5e-8d8b-cc489457d0b6, Nodes: b8edd47f-9a8a-4d8f-b9ea-91b185ba1497{ip: 192.168.36.76, host: trunk-nightly-20190910-vk757-903364635, networkLocation: /default-rack, certSerialId: null}7808bc08-8c64-492d-8125-4fa314b60c8b{ip: 192.168.36.76, host: trunk-nightly-20190910-vk757-903364635, networkLocation: /default-rack, certSerialId: null}7ffb1f47-f84a-45ee-8f65-039bc0f66923{ip: 192.168.36.76, host: trunk-nightly-20190910-vk757-903364635, networkLocation: /default-rack, certSerialId: null}, Type:RATIS, Factor:THREE, State:CLOSED] from datanode b8edd47f-9a8a-4d8f-b9ea-91b185ba1497{ip: 192.168.36.76, host: trunk-nightly-20190910-vk757-903364635, networkLocation: /default-rack, certSerialId: null}. Reason : b8edd47f-9a8a-4d8f-b9ea-91b185ba1497 has not seen follower/s 7ffb1f47-f84a-45ee-8f65-039bc0f66923 for 169979ms
2019-09-10 05:38:26,929 [EventQueue-PipelineActionsForPipelineActionHandler] INFO  pipeline.SCMPipelineManager (SCMPipelineManager.java:finalizeAndDestroyPipeline(311)) - destroying pipeline:Pipeline[ Id: 2528d2e7-86be-4d5e-8d8b-cc489457d0b6, Nodes: b8edd47f-9a8a-4d8f-b9ea-91b185ba1497{ip: 192.168.36.76, host: trunk-nightly-20190910-vk757-903364635, networkLocation: /default-rack, certSerialId: null}7808bc08-8c64-492d-8125-4fa314b60c8b{ip: 192.168.36.76, host: trunk-nightly-20190910-vk757-903364635, networkLocation: /default-rack, certSerialId: null}7ffb1f47-f84a-45ee-8f65-039bc0f66923{ip: 192.168.36.76, host: trunk-nightly-20190910-vk757-903364635, networkLocation: /default-rack, certSerialId: null}, Type:RATIS, Factor:THREE, State:CLOSED]
2019-09-10 05:38:26,949 [java.util.concurrent.ThreadPoolExecutor$Worker@4f9f2bc1[State = -1, empty queue]] WARN  server.GrpcLogAppender (GrpcLogAppender.java:timeoutAppendRequest(200)) - b8edd47f-9a8a-4d8f-b9ea-91b185ba1497@group-CC489457D0B6->7ffb1f47-f84a-45ee-8f65-039bc0f66923-GrpcLogAppender: appendEntries Timeout, request=b8edd47f-9a8a-4d8f-b9ea-91b185ba1497->7ffb1f47-f84a-45ee-8f65-039bc0f66923#89-t1, previous=(t:1, i:22), leaderCommit=15, initializing? false, entries: <empty>
2019-09-10 05:38:26,983 [7ffb1f47-f84a-45ee-8f65-039bc0f66923@group-CC489457D0B6-SegmentedRaftLogWorker] WARN  segmented.SegmentedRaftLogWorker (SegmentedRaftLogWorker.java:getFromFuture(90)) - Timeout 16/~
org.apache.ratis.protocol.TimeoutIOException: Timeout 10s: WriteLog:20: (t:1, i:20), STATEMACHINELOGENTRY, client-76029A3753BB, cid=229-writeStateMachineData
	at org.apache.ratis.util.IOUtils.getFromFuture(IOUtils.java:87)
	at org.apache.ratis.server.raftlog.segmented.SegmentedRaftLogWorker$StateMachineDataPolicy.getFromFuture(SegmentedRaftLogWorker.java:87)
	at org.apache.ratis.server.raftlog.segmented.SegmentedRaftLogWorker$WriteLog.execute(SegmentedRaftLogWorker.java:477)
	at org.apache.ratis.server.raftlog.segmented.SegmentedRaftLogWorker.run(SegmentedRaftLogWorker.java:289)
	at java.lang.Thread.run(Thread.java:748)
Caused by: java.util.concurrent.TimeoutException
	at java.util.concurrent.CompletableFuture.timedGet(CompletableFuture.java:1771)
	at java.util.concurrent.CompletableFuture.get(CompletableFuture.java:1915)
	at org.apache.ratis.util.IOUtils.getFromFuture(IOUtils.java:79)
	... 4 more
2019-09-10 05:38:26,995 [b8edd47f-9a8a-4d8f-b9ea-91b185ba1497@group-CC489457D0B6-SegmentedRaftLogWorker] WARN  segmented.SegmentedRaftLogWorker (SegmentedRaftLogWorker.java:getFromFuture(90)) - Timeout 16/~
org.apache.ratis.protocol.TimeoutIOException: Timeout 10s: WriteLog:19: (t:1, i:19), STATEMACHINELOGENTRY, client-76029A3753BB, cid=228-writeStateMachineData
	at org.apache.ratis.util.IOUtils.getFromFuture(IOUtils.java:87)
	at org.apache.ratis.server.raftlog.segmented.SegmentedRaftLogWorker$StateMachineDataPolicy.getFromFuture(SegmentedRaftLogWorker.java:87)
	at org.apache.ratis.server.raftlog.segmented.SegmentedRaftLogWorker$WriteLog.execute(SegmentedRaftLogWorker.java:477)
	at org.apache.ratis.server.raftlog.segmented.SegmentedRaftLogWorker.run(SegmentedRaftLogWorker.java:289)
	at java.lang.Thread.run(Thread.java:748)
Caused by: java.util.concurrent.TimeoutException
	at java.util.concurrent.CompletableFuture.timedGet(CompletableFuture.java:1771)
	at java.util.concurrent.CompletableFuture.get(CompletableFuture.java:1915)
	at org.apache.ratis.util.IOUtils.getFromFuture(IOUtils.java:79)
	... 4 more
2019-09-10 05:38:27,844 [grpc-default-executor-11] INFO  client.GrpcClientProtocolClient (GrpcClientProtocolClient.java:onNext(264)) - client-76029A3753BB->7808bc08-8c64-492d-8125-4fa314b60c8b: receive RaftClientReply:client-76029A3753BB->7808bc08-8c64-492d-8125-4fa314b60c8b@group-CC489457D0B6, cid=225, FAILED org.apache.ratis.protocol.NotLeaderException: Server 7808bc08-8c64-492d-8125-4fa314b60c8b@group-CC489457D0B6 is not the leader b8edd47f-9a8a-4d8f-b9ea-91b185ba1497:192.168.36.76:33186, logIndex=0, commits[7808bc08-8c64-492d-8125-4fa314b60c8b:c15, 7ffb1f47-f84a-45ee-8f65-039bc0f66923:c14, b8edd47f-9a8a-4d8f-b9ea-91b185ba1497:c15]
2019-09-10 05:38:28,951 [org.apache.ratis.server.impl.LogAppender$AppenderDaemon$$Lambda$512/623231696@20c28874] ERROR ratis.XceiverServerRatis (XceiverServerRatis.java:triggerPipelineClose(568)) - pipeline Action CLOSE  on pipeline PipelineID=2528d2e7-86be-4d5e-8d8b-cc489457d0b6.Reason : b8edd47f-9a8a-4d8f-b9ea-91b185ba1497 has not seen follower/s 7ffb1f47-f84a-45ee-8f65-039bc0f66923 for 172480ms
2019-09-10 05:38:29,450 [java.util.concurrent.ThreadPoolExecutor$Worker@4f9f2bc1[State = -1, empty queue]] WARN  server.GrpcLogAppender (GrpcLogAppender.java:timeoutAppendRequest(200)) - b8edd47f-9a8a-4d8f-b9ea-91b185ba1497@group-CC489457D0B6->7ffb1f47-f84a-45ee-8f65-039bc0f66923-GrpcLogAppender: appendEntries Timeout, request=b8edd47f-9a8a-4d8f-b9ea-91b185ba1497->7ffb1f47-f84a-45ee-8f65-039bc0f66923#90-t1, previous=(t:1, i:22), leaderCommit=15, initializing? false, entries: <empty>
2019-09-10 05:38:29,929 [EventQueue-PipelineActionsForPipelineActionHandler] ERROR pipeline.PipelineActionHandler (PipelineActionHandler.java:onMessage(60)) - Received pipeline action CLOSE for Pipeline[ Id: 2528d2e7-86be-4d5e-8d8b-cc489457d0b6, Nodes: b8edd47f-9a8a-4d8f-b9ea-91b185ba1497{ip: 192.168.36.76, host: trunk-nightly-20190910-vk757-903364635, networkLocation: /default-rack, certSerialId: null}7808bc08-8c64-492d-8125-4fa314b60c8b{ip: 192.168.36.76, host: trunk-nightly-20190910-vk757-903364635, networkLocation: /default-rack, certSerialId: null}7ffb1f47-f84a-45ee-8f65-039bc0f66923{ip: 192.168.36.76, host: trunk-nightly-20190910-vk757-903364635, networkLocation: /default-rack, certSerialId: null}, Type:RATIS, Factor:THREE, State:CLOSED] from datanode b8edd47f-9a8a-4d8f-b9ea-91b185ba1497{ip: 192.168.36.76, host: trunk-nightly-20190910-vk757-903364635, networkLocation: /default-rack, certSerialId: null}. Reason : b8edd47f-9a8a-4d8f-b9ea-91b185ba1497 has not seen follower/s 7ffb1f47-f84a-45ee-8f65-039bc0f66923 for 172480ms
2019-09-10 05:38:29,929 [EventQueue-PipelineActionsForPipelineActionHandler] INFO  pipeline.SCMPipelineManager (SCMPipelineManager.java:finalizeAndDestroyPipeline(311)) - destroying pipeline:Pipeline[ Id: 2528d2e7-86be-4d5e-8d8b-cc489457d0b6, Nodes: b8edd47f-9a8a-4d8f-b9ea-91b185ba1497{ip: 192.168.36.76, host: trunk-nightly-20190910-vk757-903364635, networkLocation: /default-rack, certSerialId: null}7808bc08-8c64-492d-8125-4fa314b60c8b{ip: 192.168.36.76, host: trunk-nightly-20190910-vk757-903364635, networkLocation: /default-rack, certSerialId: null}7ffb1f47-f84a-45ee-8f65-039bc0f66923{ip: 192.168.36.76, host: trunk-nightly-20190910-vk757-903364635, networkLocation: /default-rack, certSerialId: null}, Type:RATIS, Factor:THREE, State:CLOSED]
2019-09-10 05:38:31,454 [org.apache.ratis.server.impl.LogAppender$AppenderDaemon$$Lambda$512/623231696@20c28874] ERROR ratis.XceiverServerRatis (XceiverServerRatis.java:triggerPipelineClose(568)) - pipeline Action CLOSE  on pipeline PipelineID=2528d2e7-86be-4d5e-8d8b-cc489457d0b6.Reason : b8edd47f-9a8a-4d8f-b9ea-91b185ba1497 has not seen follower/s 7ffb1f47-f84a-45ee-8f65-039bc0f66923 for 174983ms
2019-09-10 05:38:31,930 [EventQueue-PipelineActionsForPipelineActionHandler] ERROR pipeline.PipelineActionHandler (PipelineActionHandler.java:onMessage(60)) - Received pipeline action CLOSE for Pipeline[ Id: 2528d2e7-86be-4d5e-8d8b-cc489457d0b6, Nodes: b8edd47f-9a8a-4d8f-b9ea-91b185ba1497{ip: 192.168.36.76, host: trunk-nightly-20190910-vk757-903364635, networkLocation: /default-rack, certSerialId: null}7808bc08-8c64-492d-8125-4fa314b60c8b{ip: 192.168.36.76, host: trunk-nightly-20190910-vk757-903364635, networkLocation: /default-rack, certSerialId: null}7ffb1f47-f84a-45ee-8f65-039bc0f66923{ip: 192.168.36.76, host: trunk-nightly-20190910-vk757-903364635, networkLocation: /default-rack, certSerialId: null}, Type:RATIS, Factor:THREE, State:CLOSED] from datanode b8edd47f-9a8a-4d8f-b9ea-91b185ba1497{ip: 192.168.36.76, host: trunk-nightly-20190910-vk757-903364635, networkLocation: /default-rack, certSerialId: null}. Reason : b8edd47f-9a8a-4d8f-b9ea-91b185ba1497 has not seen follower/s 7ffb1f47-f84a-45ee-8f65-039bc0f66923 for 174983ms
2019-09-10 05:38:31,930 [EventQueue-PipelineActionsForPipelineActionHandler] INFO  pipeline.SCMPipelineManager (SCMPipelineManager.java:finalizeAndDestroyPipeline(311)) - destroying pipeline:Pipeline[ Id: 2528d2e7-86be-4d5e-8d8b-cc489457d0b6, Nodes: b8edd47f-9a8a-4d8f-b9ea-91b185ba1497{ip: 192.168.36.76, host: trunk-nightly-20190910-vk757-903364635, networkLocation: /default-rack, certSerialId: null}7808bc08-8c64-492d-8125-4fa314b60c8b{ip: 192.168.36.76, host: trunk-nightly-20190910-vk757-903364635, networkLocation: /default-rack, certSerialId: null}7ffb1f47-f84a-45ee-8f65-039bc0f66923{ip: 192.168.36.76, host: trunk-nightly-20190910-vk757-903364635, networkLocation: /default-rack, certSerialId: null}, Type:RATIS, Factor:THREE, State:CLOSED]
2019-09-10 05:38:31,951 [java.util.concurrent.ThreadPoolExecutor$Worker@4f9f2bc1[State = -1, empty queue]] WARN  server.GrpcLogAppender (GrpcLogAppender.java:timeoutAppendRequest(200)) - b8edd47f-9a8a-4d8f-b9ea-91b185ba1497@group-CC489457D0B6->7ffb1f47-f84a-45ee-8f65-039bc0f66923-GrpcLogAppender: appendEntries Timeout, request=b8edd47f-9a8a-4d8f-b9ea-91b185ba1497->7ffb1f47-f84a-45ee-8f65-039bc0f66923#91-t1, previous=(t:1, i:22), leaderCommit=15, initializing? false, entries: <empty>
2019-09-10 05:38:32,870 [grpc-default-executor-8] INFO  client.GrpcClientProtocolClient (GrpcClientProtocolClient.java:onNext(264)) - client-76029A3753BB->7808bc08-8c64-492d-8125-4fa314b60c8b: receive RaftClientReply:client-76029A3753BB->7808bc08-8c64-492d-8125-4fa314b60c8b@group-CC489457D0B6, cid=225, FAILED org.apache.ratis.protocol.NotLeaderException: Server 7808bc08-8c64-492d-8125-4fa314b60c8b@group-CC489457D0B6 is not the leader b8edd47f-9a8a-4d8f-b9ea-91b185ba1497:192.168.36.76:33186, logIndex=0, commits[7808bc08-8c64-492d-8125-4fa314b60c8b:c15, 7ffb1f47-f84a-45ee-8f65-039bc0f66923:c14, b8edd47f-9a8a-4d8f-b9ea-91b185ba1497:c15]
2019-09-10 05:38:33,954 [org.apache.ratis.server.impl.LogAppender$AppenderDaemon$$Lambda$512/623231696@20c28874] ERROR ratis.XceiverServerRatis (XceiverServerRatis.java:triggerPipelineClose(568)) - pipeline Action CLOSE  on pipeline PipelineID=2528d2e7-86be-4d5e-8d8b-cc489457d0b6.Reason : b8edd47f-9a8a-4d8f-b9ea-91b185ba1497 has not seen follower/s 7ffb1f47-f84a-45ee-8f65-039bc0f66923 for 177483ms
2019-09-10 05:38:34,453 [java.util.concurrent.ThreadPoolExecutor$Worker@4f9f2bc1[State = -1, empty queue]] WARN  server.GrpcLogAppender (GrpcLogAppender.java:timeoutAppendRequest(200)) - b8edd47f-9a8a-4d8f-b9ea-91b185ba1497@group-CC489457D0B6->7ffb1f47-f84a-45ee-8f65-039bc0f66923-GrpcLogAppender: appendEntries Timeout, request=b8edd47f-9a8a-4d8f-b9ea-91b185ba1497->7ffb1f47-f84a-45ee-8f65-039bc0f66923#92-t1, previous=(t:1, i:22), leaderCommit=15, initializing? false, entries: <empty>
2019-09-10 05:38:34,930 [EventQueue-PipelineActionsForPipelineActionHandler] ERROR pipeline.PipelineActionHandler (PipelineActionHandler.java:onMessage(60)) - Received pipeline action CLOSE for Pipeline[ Id: 2528d2e7-86be-4d5e-8d8b-cc489457d0b6, Nodes: b8edd47f-9a8a-4d8f-b9ea-91b185ba1497{ip: 192.168.36.76, host: trunk-nightly-20190910-vk757-903364635, networkLocation: /default-rack, certSerialId: null}7808bc08-8c64-492d-8125-4fa314b60c8b{ip: 192.168.36.76, host: trunk-nightly-20190910-vk757-903364635, networkLocation: /default-rack, certSerialId: null}7ffb1f47-f84a-45ee-8f65-039bc0f66923{ip: 192.168.36.76, host: trunk-nightly-20190910-vk757-903364635, networkLocation: /default-rack, certSerialId: null}, Type:RATIS, Factor:THREE, State:CLOSED] from datanode b8edd47f-9a8a-4d8f-b9ea-91b185ba1497{ip: 192.168.36.76, host: trunk-nightly-20190910-vk757-903364635, networkLocation: /default-rack, certSerialId: null}. Reason : b8edd47f-9a8a-4d8f-b9ea-91b185ba1497 has not seen follower/s 7ffb1f47-f84a-45ee-8f65-039bc0f66923 for 177483ms
2019-09-10 05:38:34,930 [EventQueue-PipelineActionsForPipelineActionHandler] INFO  pipeline.SCMPipelineManager (SCMPipelineManager.java:finalizeAndDestroyPipeline(311)) - destroying pipeline:Pipeline[ Id: 2528d2e7-86be-4d5e-8d8b-cc489457d0b6, Nodes: b8edd47f-9a8a-4d8f-b9ea-91b185ba1497{ip: 192.168.36.76, host: trunk-nightly-20190910-vk757-903364635, networkLocation: /default-rack, certSerialId: null}7808bc08-8c64-492d-8125-4fa314b60c8b{ip: 192.168.36.76, host: trunk-nightly-20190910-vk757-903364635, networkLocation: /default-rack, certSerialId: null}7ffb1f47-f84a-45ee-8f65-039bc0f66923{ip: 192.168.36.76, host: trunk-nightly-20190910-vk757-903364635, networkLocation: /default-rack, certSerialId: null}, Type:RATIS, Factor:THREE, State:CLOSED]
2019-09-10 05:38:36,456 [org.apache.ratis.server.impl.LogAppender$AppenderDaemon$$Lambda$512/623231696@20c28874] ERROR ratis.XceiverServerRatis (XceiverServerRatis.java:triggerPipelineClose(568)) - pipeline Action CLOSE  on pipeline PipelineID=2528d2e7-86be-4d5e-8d8b-cc489457d0b6.Reason : b8edd47f-9a8a-4d8f-b9ea-91b185ba1497 has not seen follower/s 7ffb1f47-f84a-45ee-8f65-039bc0f66923 for 179985ms
2019-09-10 05:38:36,930 [EventQueue-PipelineActionsForPipelineActionHandler] ERROR pipeline.PipelineActionHandler (PipelineActionHandler.java:onMessage(60)) - Received pipeline action CLOSE for Pipeline[ Id: 2528d2e7-86be-4d5e-8d8b-cc489457d0b6, Nodes: b8edd47f-9a8a-4d8f-b9ea-91b185ba1497{ip: 192.168.36.76, host: trunk-nightly-20190910-vk757-903364635, networkLocation: /default-rack, certSerialId: null}7808bc08-8c64-492d-8125-4fa314b60c8b{ip: 192.168.36.76, host: trunk-nightly-20190910-vk757-903364635, networkLocation: /default-rack, certSerialId: null}7ffb1f47-f84a-45ee-8f65-039bc0f66923{ip: 192.168.36.76, host: trunk-nightly-20190910-vk757-903364635, networkLocation: /default-rack, certSerialId: null}, Type:RATIS, Factor:THREE, State:CLOSED] from datanode b8edd47f-9a8a-4d8f-b9ea-91b185ba1497{ip: 192.168.36.76, host: trunk-nightly-20190910-vk757-903364635, networkLocation: /default-rack, certSerialId: null}. Reason : b8edd47f-9a8a-4d8f-b9ea-91b185ba1497 has not seen follower/s 7ffb1f47-f84a-45ee-8f65-039bc0f66923 for 179985ms
2019-09-10 05:38:36,931 [EventQueue-PipelineActionsForPipelineActionHandler] INFO  pipeline.SCMPipelineManager (SCMPipelineManager.java:finalizeAndDestroyPipeline(311)) - destroying pipeline:Pipeline[ Id: 2528d2e7-86be-4d5e-8d8b-cc489457d0b6, Nodes: b8edd47f-9a8a-4d8f-b9ea-91b185ba1497{ip: 192.168.36.76, host: trunk-nightly-20190910-vk757-903364635, networkLocation: /default-rack, certSerialId: null}7808bc08-8c64-492d-8125-4fa314b60c8b{ip: 192.168.36.76, host: trunk-nightly-20190910-vk757-903364635, networkLocation: /default-rack, certSerialId: null}7ffb1f47-f84a-45ee-8f65-039bc0f66923{ip: 192.168.36.76, host: trunk-nightly-20190910-vk757-903364635, networkLocation: /default-rack, certSerialId: null}, Type:RATIS, Factor:THREE, State:CLOSED]
2019-09-10 05:38:36,954 [java.util.concurrent.ThreadPoolExecutor$Worker@4f9f2bc1[State = -1, empty queue]] WARN  server.GrpcLogAppender (GrpcLogAppender.java:timeoutAppendRequest(200)) - b8edd47f-9a8a-4d8f-b9ea-91b185ba1497@group-CC489457D0B6->7ffb1f47-f84a-45ee-8f65-039bc0f66923-GrpcLogAppender: appendEntries Timeout, request=b8edd47f-9a8a-4d8f-b9ea-91b185ba1497->7ffb1f47-f84a-45ee-8f65-039bc0f66923#93-t1, previous=(t:1, i:22), leaderCommit=15, initializing? false, entries: <empty>
2019-09-10 05:38:36,985 [7ffb1f47-f84a-45ee-8f65-039bc0f66923@group-CC489457D0B6-SegmentedRaftLogWorker] WARN  segmented.SegmentedRaftLogWorker (SegmentedRaftLogWorker.java:getFromFuture(90)) - Timeout 17/~
org.apache.ratis.protocol.TimeoutIOException: Timeout 10s: WriteLog:20: (t:1, i:20), STATEMACHINELOGENTRY, client-76029A3753BB, cid=229-writeStateMachineData
	at org.apache.ratis.util.IOUtils.getFromFuture(IOUtils.java:87)
	at org.apache.ratis.server.raftlog.segmented.SegmentedRaftLogWorker$StateMachineDataPolicy.getFromFuture(SegmentedRaftLogWorker.java:87)
	at org.apache.ratis.server.raftlog.segmented.SegmentedRaftLogWorker$WriteLog.execute(SegmentedRaftLogWorker.java:477)
	at org.apache.ratis.server.raftlog.segmented.SegmentedRaftLogWorker.run(SegmentedRaftLogWorker.java:289)
	at java.lang.Thread.run(Thread.java:748)
Caused by: java.util.concurrent.TimeoutException
	at java.util.concurrent.CompletableFuture.timedGet(CompletableFuture.java:1771)
	at java.util.concurrent.CompletableFuture.get(CompletableFuture.java:1915)
	at org.apache.ratis.util.IOUtils.getFromFuture(IOUtils.java:79)
	... 4 more
2019-09-10 05:38:36,996 [b8edd47f-9a8a-4d8f-b9ea-91b185ba1497@group-CC489457D0B6-SegmentedRaftLogWorker] WARN  segmented.SegmentedRaftLogWorker (SegmentedRaftLogWorker.java:getFromFuture(90)) - Timeout 17/~
org.apache.ratis.protocol.TimeoutIOException: Timeout 10s: WriteLog:19: (t:1, i:19), STATEMACHINELOGENTRY, client-76029A3753BB, cid=228-writeStateMachineData
	at org.apache.ratis.util.IOUtils.getFromFuture(IOUtils.java:87)
	at org.apache.ratis.server.raftlog.segmented.SegmentedRaftLogWorker$StateMachineDataPolicy.getFromFuture(SegmentedRaftLogWorker.java:87)
	at org.apache.ratis.server.raftlog.segmented.SegmentedRaftLogWorker$WriteLog.execute(SegmentedRaftLogWorker.java:477)
	at org.apache.ratis.server.raftlog.segmented.SegmentedRaftLogWorker.run(SegmentedRaftLogWorker.java:289)
	at java.lang.Thread.run(Thread.java:748)
Caused by: java.util.concurrent.TimeoutException
	at java.util.concurrent.CompletableFuture.timedGet(CompletableFuture.java:1771)
	at java.util.concurrent.CompletableFuture.get(CompletableFuture.java:1915)
	at org.apache.ratis.util.IOUtils.getFromFuture(IOUtils.java:79)
	... 4 more
2019-09-10 05:38:37,906 [grpc-default-executor-8] INFO  client.GrpcClientProtocolClient (GrpcClientProtocolClient.java:onNext(264)) - client-76029A3753BB->7ffb1f47-f84a-45ee-8f65-039bc0f66923: receive RaftClientReply:client-76029A3753BB->7ffb1f47-f84a-45ee-8f65-039bc0f66923@group-CC489457D0B6, cid=225, FAILED org.apache.ratis.protocol.NotLeaderException: Server 7ffb1f47-f84a-45ee-8f65-039bc0f66923@group-CC489457D0B6 is not the leader b8edd47f-9a8a-4d8f-b9ea-91b185ba1497:192.168.36.76:33186, logIndex=0, commits[7ffb1f47-f84a-45ee-8f65-039bc0f66923:c15, b8edd47f-9a8a-4d8f-b9ea-91b185ba1497:c15, 7808bc08-8c64-492d-8125-4fa314b60c8b:c15]
2019-09-10 05:38:38,956 [org.apache.ratis.server.impl.LogAppender$AppenderDaemon$$Lambda$512/623231696@20c28874] ERROR ratis.XceiverServerRatis (XceiverServerRatis.java:triggerPipelineClose(568)) - pipeline Action CLOSE  on pipeline PipelineID=2528d2e7-86be-4d5e-8d8b-cc489457d0b6.Reason : b8edd47f-9a8a-4d8f-b9ea-91b185ba1497 has not seen follower/s 7ffb1f47-f84a-45ee-8f65-039bc0f66923 for 182485ms
2019-09-10 05:38:39,455 [java.util.concurrent.ThreadPoolExecutor$Worker@4f9f2bc1[State = -1, empty queue]] WARN  server.GrpcLogAppender (GrpcLogAppender.java:timeoutAppendRequest(200)) - b8edd47f-9a8a-4d8f-b9ea-91b185ba1497@group-CC489457D0B6->7ffb1f47-f84a-45ee-8f65-039bc0f66923-GrpcLogAppender: appendEntries Timeout, request=b8edd47f-9a8a-4d8f-b9ea-91b185ba1497->7ffb1f47-f84a-45ee-8f65-039bc0f66923#94-t1, previous=(t:1, i:22), leaderCommit=15, initializing? false, entries: <empty>
2019-09-10 05:38:39,931 [EventQueue-PipelineActionsForPipelineActionHandler] ERROR pipeline.PipelineActionHandler (PipelineActionHandler.java:onMessage(60)) - Received pipeline action CLOSE for Pipeline[ Id: 2528d2e7-86be-4d5e-8d8b-cc489457d0b6, Nodes: b8edd47f-9a8a-4d8f-b9ea-91b185ba1497{ip: 192.168.36.76, host: trunk-nightly-20190910-vk757-903364635, networkLocation: /default-rack, certSerialId: null}7808bc08-8c64-492d-8125-4fa314b60c8b{ip: 192.168.36.76, host: trunk-nightly-20190910-vk757-903364635, networkLocation: /default-rack, certSerialId: null}7ffb1f47-f84a-45ee-8f65-039bc0f66923{ip: 192.168.36.76, host: trunk-nightly-20190910-vk757-903364635, networkLocation: /default-rack, certSerialId: null}, Type:RATIS, Factor:THREE, State:CLOSED] from datanode b8edd47f-9a8a-4d8f-b9ea-91b185ba1497{ip: 192.168.36.76, host: trunk-nightly-20190910-vk757-903364635, networkLocation: /default-rack, certSerialId: null}. Reason : b8edd47f-9a8a-4d8f-b9ea-91b185ba1497 has not seen follower/s 7ffb1f47-f84a-45ee-8f65-039bc0f66923 for 182485ms
2019-09-10 05:38:39,931 [EventQueue-PipelineActionsForPipelineActionHandler] INFO  pipeline.SCMPipelineManager (SCMPipelineManager.java:finalizeAndDestroyPipeline(311)) - destroying pipeline:Pipeline[ Id: 2528d2e7-86be-4d5e-8d8b-cc489457d0b6, Nodes: b8edd47f-9a8a-4d8f-b9ea-91b185ba1497{ip: 192.168.36.76, host: trunk-nightly-20190910-vk757-903364635, networkLocation: /default-rack, certSerialId: null}7808bc08-8c64-492d-8125-4fa314b60c8b{ip: 192.168.36.76, host: trunk-nightly-20190910-vk757-903364635, networkLocation: /default-rack, certSerialId: null}7ffb1f47-f84a-45ee-8f65-039bc0f66923{ip: 192.168.36.76, host: trunk-nightly-20190910-vk757-903364635, networkLocation: /default-rack, certSerialId: null}, Type:RATIS, Factor:THREE, State:CLOSED]
2019-09-10 05:38:41,457 [org.apache.ratis.server.impl.LogAppender$AppenderDaemon$$Lambda$512/623231696@20c28874] ERROR ratis.XceiverServerRatis (XceiverServerRatis.java:triggerPipelineClose(568)) - pipeline Action CLOSE  on pipeline PipelineID=2528d2e7-86be-4d5e-8d8b-cc489457d0b6.Reason : b8edd47f-9a8a-4d8f-b9ea-91b185ba1497 has not seen follower/s 7ffb1f47-f84a-45ee-8f65-039bc0f66923 for 184986ms
2019-09-10 05:38:41,930 [EventQueue-PipelineActionsForPipelineActionHandler] ERROR pipeline.PipelineActionHandler (PipelineActionHandler.java:onMessage(60)) - Received pipeline action CLOSE for Pipeline[ Id: 2528d2e7-86be-4d5e-8d8b-cc489457d0b6, Nodes: b8edd47f-9a8a-4d8f-b9ea-91b185ba1497{ip: 192.168.36.76, host: trunk-nightly-20190910-vk757-903364635, networkLocation: /default-rack, certSerialId: null}7808bc08-8c64-492d-8125-4fa314b60c8b{ip: 192.168.36.76, host: trunk-nightly-20190910-vk757-903364635, networkLocation: /default-rack, certSerialId: null}7ffb1f47-f84a-45ee-8f65-039bc0f66923{ip: 192.168.36.76, host: trunk-nightly-20190910-vk757-903364635, networkLocation: /default-rack, certSerialId: null}, Type:RATIS, Factor:THREE, State:CLOSED] from datanode b8edd47f-9a8a-4d8f-b9ea-91b185ba1497{ip: 192.168.36.76, host: trunk-nightly-20190910-vk757-903364635, networkLocation: /default-rack, certSerialId: null}. Reason : b8edd47f-9a8a-4d8f-b9ea-91b185ba1497 has not seen follower/s 7ffb1f47-f84a-45ee-8f65-039bc0f66923 for 184986ms
2019-09-10 05:38:41,931 [EventQueue-PipelineActionsForPipelineActionHandler] INFO  pipeline.SCMPipelineManager (SCMPipelineManager.java:finalizeAndDestroyPipeline(311)) - destroying pipeline:Pipeline[ Id: 2528d2e7-86be-4d5e-8d8b-cc489457d0b6, Nodes: b8edd47f-9a8a-4d8f-b9ea-91b185ba1497{ip: 192.168.36.76, host: trunk-nightly-20190910-vk757-903364635, networkLocation: /default-rack, certSerialId: null}7808bc08-8c64-492d-8125-4fa314b60c8b{ip: 192.168.36.76, host: trunk-nightly-20190910-vk757-903364635, networkLocation: /default-rack, certSerialId: null}7ffb1f47-f84a-45ee-8f65-039bc0f66923{ip: 192.168.36.76, host: trunk-nightly-20190910-vk757-903364635, networkLocation: /default-rack, certSerialId: null}, Type:RATIS, Factor:THREE, State:CLOSED]
2019-09-10 05:38:41,956 [java.util.concurrent.ThreadPoolExecutor$Worker@4f9f2bc1[State = -1, empty queue]] WARN  server.GrpcLogAppender (GrpcLogAppender.java:timeoutAppendRequest(200)) - b8edd47f-9a8a-4d8f-b9ea-91b185ba1497@group-CC489457D0B6->7ffb1f47-f84a-45ee-8f65-039bc0f66923-GrpcLogAppender: appendEntries Timeout, request=b8edd47f-9a8a-4d8f-b9ea-91b185ba1497->7ffb1f47-f84a-45ee-8f65-039bc0f66923#95-t1, previous=(t:1, i:22), leaderCommit=15, initializing? false, entries: <empty>
2019-09-10 05:38:42,926 [grpc-default-executor-11] INFO  client.GrpcClientProtocolClient (GrpcClientProtocolClient.java:onNext(264)) - client-76029A3753BB->7ffb1f47-f84a-45ee-8f65-039bc0f66923: receive RaftClientReply:client-76029A3753BB->7ffb1f47-f84a-45ee-8f65-039bc0f66923@group-CC489457D0B6, cid=225, FAILED org.apache.ratis.protocol.NotLeaderException: Server 7ffb1f47-f84a-45ee-8f65-039bc0f66923@group-CC489457D0B6 is not the leader b8edd47f-9a8a-4d8f-b9ea-91b185ba1497:192.168.36.76:33186, logIndex=0, commits[7ffb1f47-f84a-45ee-8f65-039bc0f66923:c15, b8edd47f-9a8a-4d8f-b9ea-91b185ba1497:c15, 7808bc08-8c64-492d-8125-4fa314b60c8b:c15]
2019-09-10 05:38:42,947 [grpc-default-executor-8] INFO  impl.RaftServerProxy (RaftServerProxy.java:remove(95)) - b8edd47f-9a8a-4d8f-b9ea-91b185ba1497: remove    LEADER b8edd47f-9a8a-4d8f-b9ea-91b185ba1497@group-CC489457D0B6:t1, leader=b8edd47f-9a8a-4d8f-b9ea-91b185ba1497, voted=b8edd47f-9a8a-4d8f-b9ea-91b185ba1497, raftlog=b8edd47f-9a8a-4d8f-b9ea-91b185ba1497@group-CC489457D0B6-SegmentedRaftLog:OPENED:c15,f15,i22, conf=0: [7ffb1f47-f84a-45ee-8f65-039bc0f66923:192.168.36.76:38017, b8edd47f-9a8a-4d8f-b9ea-91b185ba1497:192.168.36.76:33186, 7808bc08-8c64-492d-8125-4fa314b60c8b:192.168.36.76:38722], old=null RUNNING
2019-09-10 05:38:42,947 [grpc-default-executor-8] INFO  impl.RaftServerImpl (RaftServerImpl.java:lambda$shutdown$3(251)) - b8edd47f-9a8a-4d8f-b9ea-91b185ba1497@group-CC489457D0B6: shutdown
2019-09-10 05:38:42,948 [grpc-default-executor-8] INFO  util.JmxRegister (JmxRegister.java:unregister(73)) - Successfully un-registered JMX Bean with object name Ratis:service=RaftServer,group=group-CC489457D0B6,id=b8edd47f-9a8a-4d8f-b9ea-91b185ba1497
2019-09-10 05:38:42,948 [grpc-default-executor-8] INFO  impl.RoleInfo (RoleInfo.java:shutdownLeaderState(104)) - b8edd47f-9a8a-4d8f-b9ea-91b185ba1497: shutdown LeaderState
2019-09-10 05:38:42,953 [org.apache.ratis.server.impl.LogAppender$AppenderDaemon$$Lambda$512/623231696@20c28874] WARN  server.GrpcLogAppender (GrpcLogAppender.java:mayWait(143)) - b8edd47f-9a8a-4d8f-b9ea-91b185ba1497@group-CC489457D0B6->7ffb1f47-f84a-45ee-8f65-039bc0f66923-GrpcLogAppender: Wait interrupted by java.lang.InterruptedException
2019-09-10 05:38:42,953 [grpc-default-executor-8] INFO  impl.PendingRequests (PendingRequests.java:sendNotLeaderResponses(202)) - b8edd47f-9a8a-4d8f-b9ea-91b185ba1497-PendingRequests: sendNotLeaderResponses
2019-09-10 05:38:42,953 [org.apache.ratis.server.impl.LogAppender$AppenderDaemon$$Lambda$512/623231696@cd81b15] WARN  server.GrpcLogAppender (GrpcLogAppender.java:mayWait(143)) - b8edd47f-9a8a-4d8f-b9ea-91b185ba1497@group-CC489457D0B6->7808bc08-8c64-492d-8125-4fa314b60c8b-GrpcLogAppender: Wait interrupted by java.lang.InterruptedException
2019-09-10 05:38:42,954 [grpc-default-executor-11] INFO  server.GrpcServerProtocolService (GrpcServerProtocolService.java:onCompleted(113)) - 7ffb1f47-f84a-45ee-8f65-039bc0f66923: Completed APPEND_ENTRIES, lastRequest: b8edd47f-9a8a-4d8f-b9ea-91b185ba1497->7ffb1f47-f84a-45ee-8f65-039bc0f66923#96-t1, previous=(t:1, i:22), leaderCommit=15, initializing? false, entries: <empty>
2019-09-10 05:38:42,954 [grpc-default-executor-9] INFO  server.GrpcServerProtocolService (GrpcServerProtocolService.java:onCompleted(113)) - 7808bc08-8c64-492d-8125-4fa314b60c8b: Completed APPEND_ENTRIES, lastRequest: b8edd47f-9a8a-4d8f-b9ea-91b185ba1497->7808bc08-8c64-492d-8125-4fa314b60c8b#96-t1, previous=(t:1, i:22), leaderCommit=15, initializing? false, entries: <empty>
2019-09-10 05:38:42,955 [grpc-default-executor-9] INFO  server.GrpcLogAppender (GrpcLogAppender.java:onCompleted(293)) - b8edd47f-9a8a-4d8f-b9ea-91b185ba1497@group-CC489457D0B6->7ffb1f47-f84a-45ee-8f65-039bc0f66923-AppendLogResponseHandler: follower responses appendEntries COMPLETED
2019-09-10 05:38:42,955 [grpc-default-executor-11] INFO  server.GrpcLogAppender (GrpcLogAppender.java:onCompleted(293)) - b8edd47f-9a8a-4d8f-b9ea-91b185ba1497@group-CC489457D0B6->7808bc08-8c64-492d-8125-4fa314b60c8b-AppendLogResponseHandler: follower responses appendEntries COMPLETED
2019-09-10 05:38:42,960 [grpc-default-executor-9] INFO  impl.FollowerInfo (FollowerInfo.java:lambda$new$0(51)) - b8edd47f-9a8a-4d8f-b9ea-91b185ba1497@group-CC489457D0B6->7ffb1f47-f84a-45ee-8f65-039bc0f66923: nextIndex: updateUnconditionally 23 -> 16
2019-09-10 05:38:42,960 [grpc-default-executor-11] INFO  impl.FollowerInfo (FollowerInfo.java:lambda$new$0(51)) - b8edd47f-9a8a-4d8f-b9ea-91b185ba1497@group-CC489457D0B6->7808bc08-8c64-492d-8125-4fa314b60c8b: nextIndex: updateUnconditionally 23 -> 22
2019-09-10 05:38:42,960 [b8edd47f-9a8a-4d8f-b9ea-91b185ba1497@group-CC489457D0B6-StateMachineUpdater] INFO  ratis.ContainerStateMachine (ContainerStateMachine.java:takeSnapshot(289)) - group-CC489457D0B6: Taking a snapshot at:(t:1, i:15) file /workdir/hadoop-ozone/integration-test/target/test-dir/MiniOzoneClusterImpl-57336a7d-2d72-4251-b84b-f30cd33fc333/datanode-2/data/ratis/2528d2e7-86be-4d5e-8d8b-cc489457d0b6/sm/snapshot.1_15
2019-09-10 05:38:42,960 [grpc-default-executor-8] INFO  impl.StateMachineUpdater (StateMachineUpdater.java:stopAndJoin(125)) - b8edd47f-9a8a-4d8f-b9ea-91b185ba1497@group-CC489457D0B6-StateMachineUpdater: set stopIndex = 15
2019-09-10 05:38:42,977 [b8edd47f-9a8a-4d8f-b9ea-91b185ba1497@group-CC489457D0B6-StateMachineUpdater] INFO  ratis.ContainerStateMachine (ContainerStateMachine.java:takeSnapshot(300)) - group-CC489457D0B6: Finished taking a snapshot at:(t:1, i:15) file:/workdir/hadoop-ozone/integration-test/target/test-dir/MiniOzoneClusterImpl-57336a7d-2d72-4251-b84b-f30cd33fc333/datanode-2/data/ratis/2528d2e7-86be-4d5e-8d8b-cc489457d0b6/sm/snapshot.1_15 time:18
2019-09-10 05:38:42,977 [b8edd47f-9a8a-4d8f-b9ea-91b185ba1497@group-CC489457D0B6-StateMachineUpdater] INFO  impl.StateMachineUpdater (StateMachineUpdater.java:takeSnapshot(258)) - b8edd47f-9a8a-4d8f-b9ea-91b185ba1497@group-CC489457D0B6-StateMachineUpdater: Took a snapshot at index 15
2019-09-10 05:38:42,978 [b8edd47f-9a8a-4d8f-b9ea-91b185ba1497@group-CC489457D0B6-StateMachineUpdater] INFO  impl.StateMachineUpdater (StateMachineUpdater.java:lambda$new$0(83)) - b8edd47f-9a8a-4d8f-b9ea-91b185ba1497@group-CC489457D0B6-StateMachineUpdater: snapshotIndex: updateIncreasingly -1 -> 15
2019-09-10 05:38:42,978 [grpc-default-executor-8] INFO  impl.RaftServerImpl (ServerState.java:close(385)) - b8edd47f-9a8a-4d8f-b9ea-91b185ba1497@group-CC489457D0B6: closes. applyIndex: 15
2019-09-10 05:38:42,979 [b8edd47f-9a8a-4d8f-b9ea-91b185ba1497@group-CC489457D0B6-SegmentedRaftLogWorker] ERROR ratis.XceiverServerRatis (XceiverServerRatis.java:triggerPipelineClose(568)) - pipeline Action CLOSE  on pipeline PipelineID=2528d2e7-86be-4d5e-8d8b-cc489457d0b6.Reason : WriteLog:19: (t:1, i:19), STATEMACHINELOGENTRY, client-76029A3753BB, cid=228-writeStateMachineData interrupted.
2019-09-10 05:38:42,982 [EventQueue-PipelineActionsForPipelineActionHandler] ERROR pipeline.PipelineActionHandler (PipelineActionHandler.java:onMessage(60)) - Received pipeline action CLOSE for Pipeline[ Id: 2528d2e7-86be-4d5e-8d8b-cc489457d0b6, Nodes: b8edd47f-9a8a-4d8f-b9ea-91b185ba1497{ip: 192.168.36.76, host: trunk-nightly-20190910-vk757-903364635, networkLocation: /default-rack, certSerialId: null}7808bc08-8c64-492d-8125-4fa314b60c8b{ip: 192.168.36.76, host: trunk-nightly-20190910-vk757-903364635, networkLocation: /default-rack, certSerialId: null}7ffb1f47-f84a-45ee-8f65-039bc0f66923{ip: 192.168.36.76, host: trunk-nightly-20190910-vk757-903364635, networkLocation: /default-rack, certSerialId: null}, Type:RATIS, Factor:THREE, State:CLOSED] from datanode b8edd47f-9a8a-4d8f-b9ea-91b185ba1497{ip: 192.168.36.76, host: trunk-nightly-20190910-vk757-903364635, networkLocation: /default-rack, certSerialId: null}. Reason : WriteLog:19: (t:1, i:19), STATEMACHINELOGENTRY, client-76029A3753BB, cid=228-writeStateMachineData interrupted.
2019-09-10 05:38:42,982 [EventQueue-PipelineActionsForPipelineActionHandler] INFO  pipeline.SCMPipelineManager (SCMPipelineManager.java:finalizeAndDestroyPipeline(311)) - destroying pipeline:Pipeline[ Id: 2528d2e7-86be-4d5e-8d8b-cc489457d0b6, Nodes: b8edd47f-9a8a-4d8f-b9ea-91b185ba1497{ip: 192.168.36.76, host: trunk-nightly-20190910-vk757-903364635, networkLocation: /default-rack, certSerialId: null}7808bc08-8c64-492d-8125-4fa314b60c8b{ip: 192.168.36.76, host: trunk-nightly-20190910-vk757-903364635, networkLocation: /default-rack, certSerialId: null}7ffb1f47-f84a-45ee-8f65-039bc0f66923{ip: 192.168.36.76, host: trunk-nightly-20190910-vk757-903364635, networkLocation: /default-rack, certSerialId: null}, Type:RATIS, Factor:THREE, State:CLOSED]
2019-09-10 05:38:42,989 [grpc-default-executor-8] INFO  segmented.SegmentedRaftLogWorker (SegmentedRaftLogWorker.java:close(228)) - b8edd47f-9a8a-4d8f-b9ea-91b185ba1497@group-CC489457D0B6-SegmentedRaftLogWorker close()
2019-09-10 05:38:43,065 [grpc-default-executor-8] INFO  interfaces.Container (KeyValueContainer.java:flushAndSyncDB(384)) - Container 2 is synced with bcsId 0.
2019-09-10 05:38:43,066 [grpc-default-executor-8] INFO  interfaces.Container (KeyValueContainer.java:flushAndSyncDB(384)) - Container 2 is synced with bcsId 0.
2019-09-10 05:38:43,084 [EventQueue-IncrementalContainerReportForIncrementalContainerReportHandler] INFO  container.IncrementalContainerReportHandler (AbstractContainerReportHandler.java:updateContainerState(169)) - Moving container #2 to QUASI_CLOSED state, datanode b8edd47f-9a8a-4d8f-b9ea-91b185ba1497{ip: 192.168.36.76, host: trunk-nightly-20190910-vk757-903364635, networkLocation: /default-rack, certSerialId: null} reported QUASI_CLOSED replica.
2019-09-10 05:38:43,086 [grpc-default-executor-8] INFO  impl.RaftServerProxy (RaftServerProxy.java:remove(95)) - 7808bc08-8c64-492d-8125-4fa314b60c8b: remove  FOLLOWER 7808bc08-8c64-492d-8125-4fa314b60c8b@group-CC489457D0B6:t1, leader=b8edd47f-9a8a-4d8f-b9ea-91b185ba1497, voted=b8edd47f-9a8a-4d8f-b9ea-91b185ba1497, raftlog=7808bc08-8c64-492d-8125-4fa314b60c8b@group-CC489457D0B6-SegmentedRaftLog:OPENED:c15,f22,i22, conf=0: [7ffb1f47-f84a-45ee-8f65-039bc0f66923:192.168.36.76:38017, b8edd47f-9a8a-4d8f-b9ea-91b185ba1497:192.168.36.76:33186, 7808bc08-8c64-492d-8125-4fa314b60c8b:192.168.36.76:38722], old=null RUNNING
2019-09-10 05:38:43,087 [grpc-default-executor-8] INFO  impl.RaftServerImpl (RaftServerImpl.java:lambda$shutdown$3(251)) - 7808bc08-8c64-492d-8125-4fa314b60c8b@group-CC489457D0B6: shutdown
2019-09-10 05:38:43,087 [grpc-default-executor-8] INFO  util.JmxRegister (JmxRegister.java:unregister(73)) - Successfully un-registered JMX Bean with object name Ratis:service=RaftServer,group=group-CC489457D0B6,id=7808bc08-8c64-492d-8125-4fa314b60c8b
2019-09-10 05:38:43,087 [grpc-default-executor-8] INFO  impl.RoleInfo (RoleInfo.java:shutdownFollowerState(121)) - 7808bc08-8c64-492d-8125-4fa314b60c8b: shutdown FollowerState
2019-09-10 05:38:43,088 [grpc-default-executor-8] INFO  impl.StateMachineUpdater (StateMachineUpdater.java:stopAndJoin(125)) - 7808bc08-8c64-492d-8125-4fa314b60c8b@group-CC489457D0B6-StateMachineUpdater: set stopIndex = 15
2019-09-10 05:38:43,088 [Thread-3830] INFO  impl.FollowerState (FollowerState.java:run(115)) - 7808bc08-8c64-492d-8125-4fa314b60c8b: FollowerState was interrupted: java.lang.InterruptedException: sleep interrupted
2019-09-10 05:38:43,088 [7808bc08-8c64-492d-8125-4fa314b60c8b@group-CC489457D0B6-StateMachineUpdater] INFO  ratis.ContainerStateMachine (ContainerStateMachine.java:takeSnapshot(289)) - group-CC489457D0B6: Taking a snapshot at:(t:1, i:14) file /workdir/hadoop-ozone/integration-test/target/test-dir/MiniOzoneClusterImpl-57336a7d-2d72-4251-b84b-f30cd33fc333/datanode-3/data/ratis/2528d2e7-86be-4d5e-8d8b-cc489457d0b6/sm/snapshot.1_14
2019-09-10 05:38:43,120 [7808bc08-8c64-492d-8125-4fa314b60c8b@group-CC489457D0B6-StateMachineUpdater] INFO  ratis.ContainerStateMachine (ContainerStateMachine.java:takeSnapshot(300)) - group-CC489457D0B6: Finished taking a snapshot at:(t:1, i:14) file:/workdir/hadoop-ozone/integration-test/target/test-dir/MiniOzoneClusterImpl-57336a7d-2d72-4251-b84b-f30cd33fc333/datanode-3/data/ratis/2528d2e7-86be-4d5e-8d8b-cc489457d0b6/sm/snapshot.1_14 time:31
2019-09-10 05:38:43,120 [7808bc08-8c64-492d-8125-4fa314b60c8b@group-CC489457D0B6-StateMachineUpdater] INFO  impl.StateMachineUpdater (StateMachineUpdater.java:takeSnapshot(258)) - 7808bc08-8c64-492d-8125-4fa314b60c8b@group-CC489457D0B6-StateMachineUpdater: Took a snapshot at index 14
2019-09-10 05:38:43,120 [7808bc08-8c64-492d-8125-4fa314b60c8b@group-CC489457D0B6-StateMachineUpdater] INFO  impl.StateMachineUpdater (StateMachineUpdater.java:lambda$new$0(83)) - 7808bc08-8c64-492d-8125-4fa314b60c8b@group-CC489457D0B6-StateMachineUpdater: snapshotIndex: updateIncreasingly -1 -> 14
2019-09-10 05:38:43,120 [7808bc08-8c64-492d-8125-4fa314b60c8b@group-CC489457D0B6-StateMachineUpdater] INFO  ratis.ContainerStateMachine (ContainerStateMachine.java:takeSnapshot(289)) - group-CC489457D0B6: Taking a snapshot at:(t:1, i:14) file /workdir/hadoop-ozone/integration-test/target/test-dir/MiniOzoneClusterImpl-57336a7d-2d72-4251-b84b-f30cd33fc333/datanode-3/data/ratis/2528d2e7-86be-4d5e-8d8b-cc489457d0b6/sm/snapshot.1_14
2019-09-10 05:38:43,140 [7808bc08-8c64-492d-8125-4fa314b60c8b@group-CC489457D0B6-StateMachineUpdater] INFO  ratis.ContainerStateMachine (ContainerStateMachine.java:takeSnapshot(300)) - group-CC489457D0B6: Finished taking a snapshot at:(t:1, i:14) file:/workdir/hadoop-ozone/integration-test/target/test-dir/MiniOzoneClusterImpl-57336a7d-2d72-4251-b84b-f30cd33fc333/datanode-3/data/ratis/2528d2e7-86be-4d5e-8d8b-cc489457d0b6/sm/snapshot.1_14 time:20
2019-09-10 05:38:43,140 [7808bc08-8c64-492d-8125-4fa314b60c8b@group-CC489457D0B6-StateMachineUpdater] INFO  impl.StateMachineUpdater (StateMachineUpdater.java:takeSnapshot(258)) - 7808bc08-8c64-492d-8125-4fa314b60c8b@group-CC489457D0B6-StateMachineUpdater: Took a snapshot at index 14
2019-09-10 05:38:43,140 [7808bc08-8c64-492d-8125-4fa314b60c8b@group-CC489457D0B6-StateMachineUpdater] INFO  impl.StateMachineUpdater (StateMachineUpdater.java:lambda$new$0(83)) - 7808bc08-8c64-492d-8125-4fa314b60c8b@group-CC489457D0B6-StateMachineUpdater: snapshotIndex: updateIncreasingly 14 -> 14
2019-09-10 05:38:43,140 [grpc-default-executor-8] INFO  impl.RaftServerImpl (ServerState.java:close(385)) - 7808bc08-8c64-492d-8125-4fa314b60c8b@group-CC489457D0B6: closes. applyIndex: 15
2019-09-10 05:38:43,141 [7808bc08-8c64-492d-8125-4fa314b60c8b@group-CC489457D0B6-SegmentedRaftLogWorker] INFO  segmented.SegmentedRaftLogWorker (SegmentedRaftLogWorker.java:run(313)) - 7808bc08-8c64-492d-8125-4fa314b60c8b@group-CC489457D0B6-SegmentedRaftLogWorker was interrupted, exiting. There are 0 tasks remaining in the queue.
2019-09-10 05:38:43,145 [grpc-default-executor-8] INFO  segmented.SegmentedRaftLogWorker (SegmentedRaftLogWorker.java:close(228)) - 7808bc08-8c64-492d-8125-4fa314b60c8b@group-CC489457D0B6-SegmentedRaftLogWorker close()
2019-09-10 05:38:43,190 [grpc-default-executor-8] INFO  interfaces.Container (KeyValueContainer.java:flushAndSyncDB(384)) - Container 2 is synced with bcsId 0.
2019-09-10 05:38:43,190 [grpc-default-executor-8] INFO  interfaces.Container (KeyValueContainer.java:flushAndSyncDB(384)) - Container 2 is synced with bcsId 0.
2019-09-10 05:38:43,201 [grpc-default-executor-8] INFO  impl.RaftServerProxy (RaftServerProxy.java:remove(95)) - 7ffb1f47-f84a-45ee-8f65-039bc0f66923: remove  FOLLOWER 7ffb1f47-f84a-45ee-8f65-039bc0f66923@group-CC489457D0B6:t1, leader=b8edd47f-9a8a-4d8f-b9ea-91b185ba1497, voted=7ffb1f47-f84a-45ee-8f65-039bc0f66923, raftlog=7ffb1f47-f84a-45ee-8f65-039bc0f66923@group-CC489457D0B6-SegmentedRaftLog:OPENED:c15,f15,i22, conf=0: [7ffb1f47-f84a-45ee-8f65-039bc0f66923:192.168.36.76:38017, b8edd47f-9a8a-4d8f-b9ea-91b185ba1497:192.168.36.76:33186, 7808bc08-8c64-492d-8125-4fa314b60c8b:192.168.36.76:38722], old=null RUNNING
2019-09-10 05:38:43,202 [grpc-default-executor-8] INFO  impl.RaftServerImpl (RaftServerImpl.java:lambda$shutdown$3(251)) - 7ffb1f47-f84a-45ee-8f65-039bc0f66923@group-CC489457D0B6: shutdown
2019-09-10 05:38:43,202 [grpc-default-executor-8] INFO  util.JmxRegister (JmxRegister.java:unregister(73)) - Successfully un-registered JMX Bean with object name Ratis:service=RaftServer,group=group-CC489457D0B6,id=7ffb1f47-f84a-45ee-8f65-039bc0f66923
2019-09-10 05:38:43,202 [grpc-default-executor-8] INFO  impl.RoleInfo (RoleInfo.java:shutdownFollowerState(121)) - 7ffb1f47-f84a-45ee-8f65-039bc0f66923: shutdown FollowerState
2019-09-10 05:38:43,202 [grpc-default-executor-8] INFO  impl.StateMachineUpdater (StateMachineUpdater.java:stopAndJoin(125)) - 7ffb1f47-f84a-45ee-8f65-039bc0f66923@group-CC489457D0B6-StateMachineUpdater: set stopIndex = 15
2019-09-10 05:38:43,202 [Thread-3833] INFO  impl.FollowerState (FollowerState.java:run(115)) - 7ffb1f47-f84a-45ee-8f65-039bc0f66923: FollowerState was interrupted: java.lang.InterruptedException: sleep interrupted
2019-09-10 05:38:43,202 [7ffb1f47-f84a-45ee-8f65-039bc0f66923@group-CC489457D0B6-StateMachineUpdater] INFO  ratis.ContainerStateMachine (ContainerStateMachine.java:takeSnapshot(289)) - group-CC489457D0B6: Taking a snapshot at:(t:1, i:14) file /workdir/hadoop-ozone/integration-test/target/test-dir/MiniOzoneClusterImpl-57336a7d-2d72-4251-b84b-f30cd33fc333/datanode-4/data/ratis/2528d2e7-86be-4d5e-8d8b-cc489457d0b6/sm/snapshot.1_14
2019-09-10 05:38:43,230 [7ffb1f47-f84a-45ee-8f65-039bc0f66923@group-CC489457D0B6-StateMachineUpdater] INFO  ratis.ContainerStateMachine (ContainerStateMachine.java:takeSnapshot(300)) - group-CC489457D0B6: Finished taking a snapshot at:(t:1, i:14) file:/workdir/hadoop-ozone/integration-test/target/test-dir/MiniOzoneClusterImpl-57336a7d-2d72-4251-b84b-f30cd33fc333/datanode-4/data/ratis/2528d2e7-86be-4d5e-8d8b-cc489457d0b6/sm/snapshot.1_14 time:28
2019-09-10 05:38:43,230 [7ffb1f47-f84a-45ee-8f65-039bc0f66923@group-CC489457D0B6-StateMachineUpdater] INFO  impl.StateMachineUpdater (StateMachineUpdater.java:takeSnapshot(258)) - 7ffb1f47-f84a-45ee-8f65-039bc0f66923@group-CC489457D0B6-StateMachineUpdater: Took a snapshot at index 14
2019-09-10 05:38:43,230 [7ffb1f47-f84a-45ee-8f65-039bc0f66923@group-CC489457D0B6-StateMachineUpdater] INFO  impl.StateMachineUpdater (StateMachineUpdater.java:lambda$new$0(83)) - 7ffb1f47-f84a-45ee-8f65-039bc0f66923@group-CC489457D0B6-StateMachineUpdater: snapshotIndex: updateIncreasingly -1 -> 14
2019-09-10 05:38:43,231 [7ffb1f47-f84a-45ee-8f65-039bc0f66923@group-CC489457D0B6-StateMachineUpdater] INFO  ratis.ContainerStateMachine (ContainerStateMachine.java:takeSnapshot(289)) - group-CC489457D0B6: Taking a snapshot at:(t:1, i:14) file /workdir/hadoop-ozone/integration-test/target/test-dir/MiniOzoneClusterImpl-57336a7d-2d72-4251-b84b-f30cd33fc333/datanode-4/data/ratis/2528d2e7-86be-4d5e-8d8b-cc489457d0b6/sm/snapshot.1_14
2019-09-10 05:38:43,249 [7ffb1f47-f84a-45ee-8f65-039bc0f66923@group-CC489457D0B6-StateMachineUpdater] INFO  ratis.ContainerStateMachine (ContainerStateMachine.java:takeSnapshot(300)) - group-CC489457D0B6: Finished taking a snapshot at:(t:1, i:14) file:/workdir/hadoop-ozone/integration-test/target/test-dir/MiniOzoneClusterImpl-57336a7d-2d72-4251-b84b-f30cd33fc333/datanode-4/data/ratis/2528d2e7-86be-4d5e-8d8b-cc489457d0b6/sm/snapshot.1_14 time:18
2019-09-10 05:38:43,250 [7ffb1f47-f84a-45ee-8f65-039bc0f66923@group-CC489457D0B6-StateMachineUpdater] INFO  impl.StateMachineUpdater (StateMachineUpdater.java:takeSnapshot(258)) - 7ffb1f47-f84a-45ee-8f65-039bc0f66923@group-CC489457D0B6-StateMachineUpdater: Took a snapshot at index 14
2019-09-10 05:38:43,250 [7ffb1f47-f84a-45ee-8f65-039bc0f66923@group-CC489457D0B6-StateMachineUpdater] INFO  impl.StateMachineUpdater (StateMachineUpdater.java:lambda$new$0(83)) - 7ffb1f47-f84a-45ee-8f65-039bc0f66923@group-CC489457D0B6-StateMachineUpdater: snapshotIndex: updateIncreasingly 14 -> 14
2019-09-10 05:38:43,250 [grpc-default-executor-8] INFO  impl.RaftServerImpl (ServerState.java:close(385)) - 7ffb1f47-f84a-45ee-8f65-039bc0f66923@group-CC489457D0B6: closes. applyIndex: 15
2019-09-10 05:38:43,253 [7ffb1f47-f84a-45ee-8f65-039bc0f66923@group-CC489457D0B6-SegmentedRaftLogWorker] ERROR ratis.XceiverServerRatis (XceiverServerRatis.java:triggerPipelineClose(568)) - pipeline Action CLOSE  on pipeline PipelineID=2528d2e7-86be-4d5e-8d8b-cc489457d0b6.Reason : WriteLog:20: (t:1, i:20), STATEMACHINELOGENTRY, client-76029A3753BB, cid=229-writeStateMachineData interrupted.
2019-09-10 05:38:43,258 [EventQueue-PipelineActionsForPipelineActionHandler] ERROR pipeline.PipelineActionHandler (PipelineActionHandler.java:onMessage(60)) - Received pipeline action CLOSE for Pipeline[ Id: 2528d2e7-86be-4d5e-8d8b-cc489457d0b6, Nodes: b8edd47f-9a8a-4d8f-b9ea-91b185ba1497{ip: 192.168.36.76, host: trunk-nightly-20190910-vk757-903364635, networkLocation: /default-rack, certSerialId: null}7808bc08-8c64-492d-8125-4fa314b60c8b{ip: 192.168.36.76, host: trunk-nightly-20190910-vk757-903364635, networkLocation: /default-rack, certSerialId: null}7ffb1f47-f84a-45ee-8f65-039bc0f66923{ip: 192.168.36.76, host: trunk-nightly-20190910-vk757-903364635, networkLocation: /default-rack, certSerialId: null}, Type:RATIS, Factor:THREE, State:CLOSED] from datanode 7ffb1f47-f84a-45ee-8f65-039bc0f66923{ip: 192.168.36.76, host: trunk-nightly-20190910-vk757-903364635, networkLocation: /default-rack, certSerialId: null}. Reason : WriteLog:20: (t:1, i:20), STATEMACHINELOGENTRY, client-76029A3753BB, cid=229-writeStateMachineData interrupted.
2019-09-10 05:38:43,258 [EventQueue-PipelineActionsForPipelineActionHandler] INFO  pipeline.SCMPipelineManager (SCMPipelineManager.java:finalizeAndDestroyPipeline(311)) - destroying pipeline:Pipeline[ Id: 2528d2e7-86be-4d5e-8d8b-cc489457d0b6, Nodes: b8edd47f-9a8a-4d8f-b9ea-91b185ba1497{ip: 192.168.36.76, host: trunk-nightly-20190910-vk757-903364635, networkLocation: /default-rack, certSerialId: null}7808bc08-8c64-492d-8125-4fa314b60c8b{ip: 192.168.36.76, host: trunk-nightly-20190910-vk757-903364635, networkLocation: /default-rack, certSerialId: null}7ffb1f47-f84a-45ee-8f65-039bc0f66923{ip: 192.168.36.76, host: trunk-nightly-20190910-vk757-903364635, networkLocation: /default-rack, certSerialId: null}, Type:RATIS, Factor:THREE, State:CLOSED]
2019-09-10 05:38:43,288 [grpc-default-executor-8] INFO  segmented.SegmentedRaftLogWorker (SegmentedRaftLogWorker.java:close(228)) - 7ffb1f47-f84a-45ee-8f65-039bc0f66923@group-CC489457D0B6-SegmentedRaftLogWorker close()
2019-09-10 05:38:43,380 [grpc-default-executor-8] INFO  interfaces.Container (KeyValueContainer.java:flushAndSyncDB(384)) - Container 2 is synced with bcsId 0.
2019-09-10 05:38:43,381 [grpc-default-executor-8] INFO  interfaces.Container (KeyValueContainer.java:flushAndSyncDB(384)) - Container 2 is synced with bcsId 0.
2019-09-10 05:38:43,407 [RatisPipelineUtilsThread] INFO  pipeline.PipelineStateManager (PipelineStateManager.java:removePipeline(108)) - Pipeline Pipeline[ Id: 2528d2e7-86be-4d5e-8d8b-cc489457d0b6, Nodes: b8edd47f-9a8a-4d8f-b9ea-91b185ba1497{ip: 192.168.36.76, host: trunk-nightly-20190910-vk757-903364635, networkLocation: /default-rack, certSerialId: null}7808bc08-8c64-492d-8125-4fa314b60c8b{ip: 192.168.36.76, host: trunk-nightly-20190910-vk757-903364635, networkLocation: /default-rack, certSerialId: null}7ffb1f47-f84a-45ee-8f65-039bc0f66923{ip: 192.168.36.76, host: trunk-nightly-20190910-vk757-903364635, networkLocation: /default-rack, certSerialId: null}, Type:RATIS, Factor:THREE, State:CLOSED] removed from db
2019-09-10 05:38:43,419 [grpc-default-executor-12] INFO  impl.RaftServerProxy (RaftServerProxy.java:addNew(89)) - b8edd47f-9a8a-4d8f-b9ea-91b185ba1497: addNew group-B56684C043A6:[7ffb1f47-f84a-45ee-8f65-039bc0f66923:192.168.36.76:38017, b8edd47f-9a8a-4d8f-b9ea-91b185ba1497:192.168.36.76:33186, 7808bc08-8c64-492d-8125-4fa314b60c8b:192.168.36.76:38722] returns group-B56684C043A6:java.util.concurrent.CompletableFuture@15dd9a3d[Not completed]
2019-09-10 05:38:43,419 [grpc-default-executor-13] INFO  impl.RaftServerProxy (RaftServerProxy.java:addNew(89)) - 7808bc08-8c64-492d-8125-4fa314b60c8b: addNew group-B56684C043A6:[7ffb1f47-f84a-45ee-8f65-039bc0f66923:192.168.36.76:38017, b8edd47f-9a8a-4d8f-b9ea-91b185ba1497:192.168.36.76:33186, 7808bc08-8c64-492d-8125-4fa314b60c8b:192.168.36.76:38722] returns group-B56684C043A6:java.util.concurrent.CompletableFuture@377a41d5[Not completed]
2019-09-10 05:38:43,420 [grpc-default-executor-8] INFO  impl.RaftServerProxy (RaftServerProxy.java:addNew(89)) - 7ffb1f47-f84a-45ee-8f65-039bc0f66923: addNew group-B56684C043A6:[7ffb1f47-f84a-45ee-8f65-039bc0f66923:192.168.36.76:38017, b8edd47f-9a8a-4d8f-b9ea-91b185ba1497:192.168.36.76:33186, 7808bc08-8c64-492d-8125-4fa314b60c8b:192.168.36.76:38722] returns group-B56684C043A6:java.util.concurrent.CompletableFuture@1a73ad07[Not completed]
2019-09-10 05:38:43,421 [pool-609-thread-1] INFO  impl.RaftServerImpl (RaftServerImpl.java:<init>(95)) - b8edd47f-9a8a-4d8f-b9ea-91b185ba1497: new RaftServerImpl for group-B56684C043A6:[7ffb1f47-f84a-45ee-8f65-039bc0f66923:192.168.36.76:38017, b8edd47f-9a8a-4d8f-b9ea-91b185ba1497:192.168.36.76:33186, 7808bc08-8c64-492d-8125-4fa314b60c8b:192.168.36.76:38722] with ContainerStateMachine:uninitialized
2019-09-10 05:38:43,421 [pool-609-thread-1] INFO  server.RaftServerConfigKeys (ConfUtils.java:logGet(43)) - raft.server.rpc.timeout.min = 5s (custom)
2019-09-10 05:38:43,422 [pool-609-thread-1] INFO  server.RaftServerConfigKeys (ConfUtils.java:logGet(43)) - raft.server.rpc.timeout.max = 5200ms (custom)
2019-09-10 05:38:43,422 [pool-609-thread-1] INFO  server.RaftServerConfigKeys (ConfUtils.java:logGet(43)) - raft.server.rpcslowness.timeout = 120s (custom)
2019-09-10 05:38:43,422 [pool-629-thread-1] INFO  impl.RaftServerImpl (RaftServerImpl.java:<init>(95)) - 7ffb1f47-f84a-45ee-8f65-039bc0f66923: new RaftServerImpl for group-B56684C043A6:[7ffb1f47-f84a-45ee-8f65-039bc0f66923:192.168.36.76:38017, b8edd47f-9a8a-4d8f-b9ea-91b185ba1497:192.168.36.76:33186, 7808bc08-8c64-492d-8125-4fa314b60c8b:192.168.36.76:38722] with ContainerStateMachine:uninitialized
2019-09-10 05:38:43,422 [pool-609-thread-1] INFO  server.RaftServerConfigKeys (ConfUtils.java:logGet(43)) - raft.server.sleep.deviation.threshold = 300 (default)
2019-09-10 05:38:43,422 [pool-629-thread-1] INFO  server.RaftServerConfigKeys (ConfUtils.java:logGet(43)) - raft.server.rpc.timeout.min = 5s (custom)
2019-09-10 05:38:43,422 [pool-609-thread-1] INFO  server.RaftServerConfigKeys (ConfUtils.java:logGet(43)) - raft.server.log.appender.install.snapshot.enabled = false (custom)
2019-09-10 05:38:43,422 [pool-619-thread-1] INFO  impl.RaftServerImpl (RaftServerImpl.java:<init>(95)) - 7808bc08-8c64-492d-8125-4fa314b60c8b: new RaftServerImpl for group-B56684C043A6:[7ffb1f47-f84a-45ee-8f65-039bc0f66923:192.168.36.76:38017, b8edd47f-9a8a-4d8f-b9ea-91b185ba1497:192.168.36.76:33186, 7808bc08-8c64-492d-8125-4fa314b60c8b:192.168.36.76:38722] with ContainerStateMachine:uninitialized
2019-09-10 05:38:43,422 [pool-629-thread-1] INFO  server.RaftServerConfigKeys (ConfUtils.java:logGet(43)) - raft.server.rpc.timeout.max = 5200ms (custom)
2019-09-10 05:38:43,422 [pool-619-thread-1] INFO  server.RaftServerConfigKeys (ConfUtils.java:logGet(43)) - raft.server.rpc.timeout.min = 5s (custom)
2019-09-10 05:38:43,422 [pool-609-thread-1] INFO  impl.RaftServerImpl (ServerState.java:<init>(103)) - b8edd47f-9a8a-4d8f-b9ea-91b185ba1497@group-B56684C043A6: ConfigurationManager, init=-1: [7ffb1f47-f84a-45ee-8f65-039bc0f66923:192.168.36.76:38017, b8edd47f-9a8a-4d8f-b9ea-91b185ba1497:192.168.36.76:33186, 7808bc08-8c64-492d-8125-4fa314b60c8b:192.168.36.76:38722], old=null, confs=<EMPTY_MAP>
2019-09-10 05:38:43,423 [pool-619-thread-1] INFO  server.RaftServerConfigKeys (ConfUtils.java:logGet(43)) - raft.server.rpc.timeout.max = 5200ms (custom)
2019-09-10 05:38:43,422 [pool-629-thread-1] INFO  server.RaftServerConfigKeys (ConfUtils.java:logGet(43)) - raft.server.rpcslowness.timeout = 120s (custom)
2019-09-10 05:38:43,423 [pool-609-thread-1] INFO  server.RaftServerConfigKeys (ConfUtils.java:logGet(43)) - raft.server.storage.dir = [/workdir/hadoop-ozone/integration-test/target/test-dir/MiniOzoneClusterImpl-57336a7d-2d72-4251-b84b-f30cd33fc333/datanode-2/data/ratis] (custom)
2019-09-10 05:38:43,423 [pool-619-thread-1] INFO  server.RaftServerConfigKeys (ConfUtils.java:logGet(43)) - raft.server.rpcslowness.timeout = 120s (custom)
2019-09-10 05:38:43,423 [pool-629-thread-1] INFO  server.RaftServerConfigKeys (ConfUtils.java:logGet(43)) - raft.server.sleep.deviation.threshold = 300 (default)
2019-09-10 05:38:43,423 [pool-619-thread-1] INFO  server.RaftServerConfigKeys (ConfUtils.java:logGet(43)) - raft.server.sleep.deviation.threshold = 300 (default)
2019-09-10 05:38:43,423 [pool-629-thread-1] INFO  server.RaftServerConfigKeys (ConfUtils.java:logGet(43)) - raft.server.log.appender.install.snapshot.enabled = false (custom)
2019-09-10 05:38:43,423 [pool-619-thread-1] INFO  server.RaftServerConfigKeys (ConfUtils.java:logGet(43)) - raft.server.log.appender.install.snapshot.enabled = false (custom)
2019-09-10 05:38:43,423 [pool-629-thread-1] INFO  impl.RaftServerImpl (ServerState.java:<init>(103)) - 7ffb1f47-f84a-45ee-8f65-039bc0f66923@group-B56684C043A6: ConfigurationManager, init=-1: [7ffb1f47-f84a-45ee-8f65-039bc0f66923:192.168.36.76:38017, b8edd47f-9a8a-4d8f-b9ea-91b185ba1497:192.168.36.76:33186, 7808bc08-8c64-492d-8125-4fa314b60c8b:192.168.36.76:38722], old=null, confs=<EMPTY_MAP>
2019-09-10 05:38:43,423 [pool-619-thread-1] INFO  impl.RaftServerImpl (ServerState.java:<init>(103)) - 7808bc08-8c64-492d-8125-4fa314b60c8b@group-B56684C043A6: ConfigurationManager, init=-1: [7ffb1f47-f84a-45ee-8f65-039bc0f66923:192.168.36.76:38017, b8edd47f-9a8a-4d8f-b9ea-91b185ba1497:192.168.36.76:33186, 7808bc08-8c64-492d-8125-4fa314b60c8b:192.168.36.76:38722], old=null, confs=<EMPTY_MAP>
2019-09-10 05:38:43,423 [pool-629-thread-1] INFO  server.RaftServerConfigKeys (ConfUtils.java:logGet(43)) - raft.server.storage.dir = [/workdir/hadoop-ozone/integration-test/target/test-dir/MiniOzoneClusterImpl-57336a7d-2d72-4251-b84b-f30cd33fc333/datanode-4/data/ratis] (custom)
2019-09-10 05:38:43,424 [pool-619-thread-1] INFO  server.RaftServerConfigKeys (ConfUtils.java:logGet(43)) - raft.server.storage.dir = [/workdir/hadoop-ozone/integration-test/target/test-dir/MiniOzoneClusterImpl-57336a7d-2d72-4251-b84b-f30cd33fc333/datanode-3/data/ratis] (custom)
2019-09-10 05:38:43,426 [pool-609-thread-1] INFO  storage.RaftStorageDirectory (RaftStorageDirectory.java:analyzeStorage(246)) - The storage directory /workdir/hadoop-ozone/integration-test/target/test-dir/MiniOzoneClusterImpl-57336a7d-2d72-4251-b84b-f30cd33fc333/datanode-2/data/ratis/ea68ab6c-f33b-4349-b283-b56684c043a6 does not exist. Creating ...
2019-09-10 05:38:43,426 [pool-629-thread-1] INFO  storage.RaftStorageDirectory (RaftStorageDirectory.java:analyzeStorage(246)) - The storage directory /workdir/hadoop-ozone/integration-test/target/test-dir/MiniOzoneClusterImpl-57336a7d-2d72-4251-b84b-f30cd33fc333/datanode-4/data/ratis/ea68ab6c-f33b-4349-b283-b56684c043a6 does not exist. Creating ...
2019-09-10 05:38:43,426 [pool-619-thread-1] INFO  storage.RaftStorageDirectory (RaftStorageDirectory.java:analyzeStorage(246)) - The storage directory /workdir/hadoop-ozone/integration-test/target/test-dir/MiniOzoneClusterImpl-57336a7d-2d72-4251-b84b-f30cd33fc333/datanode-3/data/ratis/ea68ab6c-f33b-4349-b283-b56684c043a6 does not exist. Creating ...
2019-09-10 05:38:43,455 [pool-619-thread-1] INFO  storage.RaftStorageDirectory (RaftStorageDirectory.java:tryLock(328)) - Lock on /workdir/hadoop-ozone/integration-test/target/test-dir/MiniOzoneClusterImpl-57336a7d-2d72-4251-b84b-f30cd33fc333/datanode-3/data/ratis/ea68ab6c-f33b-4349-b283-b56684c043a6/in_use.lock acquired by nodename 21943@trunk-nightly-20190910-vk757-903364635
2019-09-10 05:38:43,455 [pool-629-thread-1] INFO  storage.RaftStorageDirectory (RaftStorageDirectory.java:tryLock(328)) - Lock on /workdir/hadoop-ozone/integration-test/target/test-dir/MiniOzoneClusterImpl-57336a7d-2d72-4251-b84b-f30cd33fc333/datanode-4/data/ratis/ea68ab6c-f33b-4349-b283-b56684c043a6/in_use.lock acquired by nodename 21943@trunk-nightly-20190910-vk757-903364635
2019-09-10 05:38:43,455 [pool-609-thread-1] INFO  storage.RaftStorageDirectory (RaftStorageDirectory.java:tryLock(328)) - Lock on /workdir/hadoop-ozone/integration-test/target/test-dir/MiniOzoneClusterImpl-57336a7d-2d72-4251-b84b-f30cd33fc333/datanode-2/data/ratis/ea68ab6c-f33b-4349-b283-b56684c043a6/in_use.lock acquired by nodename 21943@trunk-nightly-20190910-vk757-903364635
2019-09-10 05:38:43,479 [pool-619-thread-1] INFO  storage.RaftStorage (RaftStorage.java:format(72)) - Storage directory /workdir/hadoop-ozone/integration-test/target/test-dir/MiniOzoneClusterImpl-57336a7d-2d72-4251-b84b-f30cd33fc333/datanode-3/data/ratis/ea68ab6c-f33b-4349-b283-b56684c043a6 has been successfully formatted.
2019-09-10 05:38:43,479 [pool-629-thread-1] INFO  storage.RaftStorage (RaftStorage.java:format(72)) - Storage directory /workdir/hadoop-ozone/integration-test/target/test-dir/MiniOzoneClusterImpl-57336a7d-2d72-4251-b84b-f30cd33fc333/datanode-4/data/ratis/ea68ab6c-f33b-4349-b283-b56684c043a6 has been successfully formatted.
2019-09-10 05:38:43,479 [pool-609-thread-1] INFO  storage.RaftStorage (RaftStorage.java:format(72)) - Storage directory /workdir/hadoop-ozone/integration-test/target/test-dir/MiniOzoneClusterImpl-57336a7d-2d72-4251-b84b-f30cd33fc333/datanode-2/data/ratis/ea68ab6c-f33b-4349-b283-b56684c043a6 has been successfully formatted.
2019-09-10 05:38:43,480 [pool-629-thread-1] INFO  ratis.ContainerStateMachine (ContainerStateMachine.java:loadSnapshot(230)) - group-B56684C043A6: The snapshot info is null. Setting the last applied indexto:(t:0, i:~)
2019-09-10 05:38:43,480 [pool-619-thread-1] INFO  ratis.ContainerStateMachine (ContainerStateMachine.java:loadSnapshot(230)) - group-B56684C043A6: The snapshot info is null. Setting the last applied indexto:(t:0, i:~)
2019-09-10 05:38:43,480 [pool-629-thread-1] INFO  server.RaftServerConfigKeys (ConfUtils.java:logGet(43)) - raft.server.notification.no-leader.timeout = 120s (custom)
2019-09-10 05:38:43,480 [pool-609-thread-1] INFO  ratis.ContainerStateMachine (ContainerStateMachine.java:loadSnapshot(230)) - group-B56684C043A6: The snapshot info is null. Setting the last applied indexto:(t:0, i:~)
2019-09-10 05:38:43,480 [pool-629-thread-1] INFO  server.RaftServerConfigKeys (ConfUtils.java:logGet(43)) - raft.server.log.use.memory = false (default)
2019-09-10 05:38:43,480 [pool-619-thread-1] INFO  server.RaftServerConfigKeys (ConfUtils.java:logGet(43)) - raft.server.notification.no-leader.timeout = 120s (custom)
2019-09-10 05:38:43,480 [pool-609-thread-1] INFO  server.RaftServerConfigKeys (ConfUtils.java:logGet(43)) - raft.server.notification.no-leader.timeout = 120s (custom)
2019-09-10 05:38:43,481 [pool-619-thread-1] INFO  server.RaftServerConfigKeys (ConfUtils.java:logGet(43)) - raft.server.log.use.memory = false (default)
2019-09-10 05:38:43,481 [pool-629-thread-1] INFO  server.RaftServerConfigKeys (ConfUtils.java:logGet(43)) - raft.server.log.purge.gap = 1000000 (custom)
2019-09-10 05:38:43,481 [pool-619-thread-1] INFO  server.RaftServerConfigKeys (ConfUtils.java:logGet(43)) - raft.server.log.purge.gap = 1000000 (custom)
2019-09-10 05:38:43,481 [pool-609-thread-1] INFO  server.RaftServerConfigKeys (ConfUtils.java:logGet(43)) - raft.server.log.use.memory = false (default)
2019-09-10 05:38:43,481 [pool-619-thread-1] INFO  server.RaftServerConfigKeys (ConfUtils.java:logGet(43)) - raft.server.log.appender.buffer.byte-limit = 33554432 (custom)
2019-09-10 05:38:43,481 [pool-629-thread-1] INFO  server.RaftServerConfigKeys (ConfUtils.java:logGet(43)) - raft.server.log.appender.buffer.byte-limit = 33554432 (custom)
2019-09-10 05:38:43,481 [pool-619-thread-1] INFO  server.RaftServerConfigKeys (ConfUtils.java:logGet(43)) - raft.server.log.segment.size.max = 1048576 (custom)
2019-09-10 05:38:43,481 [pool-609-thread-1] INFO  server.RaftServerConfigKeys (ConfUtils.java:logGet(43)) - raft.server.log.purge.gap = 1000000 (custom)
2019-09-10 05:38:43,481 [pool-619-thread-1] INFO  server.RaftServerConfigKeys (ConfUtils.java:logGet(43)) - raft.server.log.segment.cache.num.max = 2 (custom)
2019-09-10 05:38:43,481 [pool-629-thread-1] INFO  server.RaftServerConfigKeys (ConfUtils.java:logGet(43)) - raft.server.log.segment.size.max = 1048576 (custom)
2019-09-10 05:38:43,482 [pool-619-thread-1] INFO  segmented.SegmentedRaftLogWorker (SegmentedRaftLogWorker.java:<init>(172)) - new 7808bc08-8c64-492d-8125-4fa314b60c8b@group-B56684C043A6-SegmentedRaftLogWorker for RaftStorage:Storage Directory /workdir/hadoop-ozone/integration-test/target/test-dir/MiniOzoneClusterImpl-57336a7d-2d72-4251-b84b-f30cd33fc333/datanode-3/data/ratis/ea68ab6c-f33b-4349-b283-b56684c043a6
2019-09-10 05:38:43,482 [pool-609-thread-1] INFO  server.RaftServerConfigKeys (ConfUtils.java:logGet(43)) - raft.server.log.appender.buffer.byte-limit = 33554432 (custom)
2019-09-10 05:38:43,482 [pool-619-thread-1] INFO  server.RaftServerConfigKeys (ConfUtils.java:logGet(43)) - raft.server.log.queue.byte-limit = 2147483647 (custom)
2019-09-10 05:38:43,482 [pool-629-thread-1] INFO  server.RaftServerConfigKeys (ConfUtils.java:logGet(43)) - raft.server.log.segment.cache.num.max = 2 (custom)
2019-09-10 05:38:43,482 [pool-619-thread-1] INFO  server.RaftServerConfigKeys (ConfUtils.java:logGet(43)) - raft.server.log.queue.element-limit = 1024 (custom)
2019-09-10 05:38:43,482 [pool-609-thread-1] INFO  server.RaftServerConfigKeys (ConfUtils.java:logGet(43)) - raft.server.log.segment.size.max = 1048576 (custom)
2019-09-10 05:38:43,482 [pool-619-thread-1] INFO  server.RaftServerConfigKeys (ConfUtils.java:logGet(43)) - raft.server.log.segment.size.max = 1048576 (custom)
2019-09-10 05:38:43,482 [pool-629-thread-1] INFO  segmented.SegmentedRaftLogWorker (SegmentedRaftLogWorker.java:<init>(172)) - new 7ffb1f47-f84a-45ee-8f65-039bc0f66923@group-B56684C043A6-SegmentedRaftLogWorker for RaftStorage:Storage Directory /workdir/hadoop-ozone/integration-test/target/test-dir/MiniOzoneClusterImpl-57336a7d-2d72-4251-b84b-f30cd33fc333/datanode-4/data/ratis/ea68ab6c-f33b-4349-b283-b56684c043a6
2019-09-10 05:38:43,483 [pool-619-thread-1] INFO  server.RaftServerConfigKeys (ConfUtils.java:logGet(43)) - raft.server.log.preallocated.size = 16384 (custom)
2019-09-10 05:38:43,483 [pool-609-thread-1] INFO  server.RaftServerConfigKeys (ConfUtils.java:logGet(43)) - raft.server.log.segment.cache.num.max = 2 (custom)
2019-09-10 05:38:43,483 [pool-619-thread-1] INFO  server.RaftServerConfigKeys (ConfUtils.java:logGet(43)) - raft.server.log.write.buffer.size = 33554432 (custom)
2019-09-10 05:38:43,483 [pool-629-thread-1] INFO  server.RaftServerConfigKeys (ConfUtils.java:logGet(43)) - raft.server.log.queue.byte-limit = 2147483647 (custom)
2019-09-10 05:38:43,483 [pool-619-thread-1] INFO  server.RaftServerConfigKeys (ConfUtils.java:logGet(43)) - raft.server.log.force.sync.num = 128 (default)
2019-09-10 05:38:43,483 [pool-609-thread-1] INFO  segmented.SegmentedRaftLogWorker (SegmentedRaftLogWorker.java:<init>(172)) - new b8edd47f-9a8a-4d8f-b9ea-91b185ba1497@group-B56684C043A6-SegmentedRaftLogWorker for RaftStorage:Storage Directory /workdir/hadoop-ozone/integration-test/target/test-dir/MiniOzoneClusterImpl-57336a7d-2d72-4251-b84b-f30cd33fc333/datanode-2/data/ratis/ea68ab6c-f33b-4349-b283-b56684c043a6
2019-09-10 05:38:43,483 [pool-619-thread-1] INFO  server.RaftServerConfigKeys (ConfUtils.java:logGet(43)) - raft.server.log.statemachine.data.sync = true (default)
2019-09-10 05:38:43,483 [pool-629-thread-1] INFO  server.RaftServerConfigKeys (ConfUtils.java:logGet(43)) - raft.server.log.queue.element-limit = 1024 (custom)
2019-09-10 05:38:43,484 [pool-619-thread-1] INFO  server.RaftServerConfigKeys (ConfUtils.java:logGet(43)) - raft.server.log.statemachine.data.sync.timeout = 10s (default)
2019-09-10 05:38:43,484 [pool-619-thread-1] INFO  server.RaftServerConfigKeys (ConfUtils.java:logGet(43)) - raft.server.log.statemachine.data.sync.timeout.retry = -1 (default)
2019-09-10 05:38:43,483 [pool-609-thread-1] INFO  server.RaftServerConfigKeys (ConfUtils.java:logGet(43)) - raft.server.log.queue.byte-limit = 2147483647 (custom)
2019-09-10 05:38:43,484 [pool-619-thread-1] INFO  server.RaftServerConfigKeys (ConfUtils.java:logGet(43)) - raft.server.log.statemachine.data.caching.enabled = true (custom)
2019-09-10 05:38:43,484 [pool-629-thread-1] INFO  server.RaftServerConfigKeys (ConfUtils.java:logGet(43)) - raft.server.log.segment.size.max = 1048576 (custom)
2019-09-10 05:38:43,484 [pool-609-thread-1] INFO  server.RaftServerConfigKeys (ConfUtils.java:logGet(43)) - raft.server.log.queue.element-limit = 1024 (custom)
2019-09-10 05:38:43,484 [pool-629-thread-1] INFO  server.RaftServerConfigKeys (ConfUtils.java:logGet(43)) - raft.server.log.preallocated.size = 16384 (custom)
2019-09-10 05:38:43,484 [pool-619-thread-1] INFO  segmented.SegmentedRaftLogWorker (SegmentedRaftLogWorker.java:lambda$new$0(132)) - 7808bc08-8c64-492d-8125-4fa314b60c8b@group-B56684C043A6-SegmentedRaftLogWorker: flushIndex: setUnconditionally 0 -> -1
2019-09-10 05:38:43,484 [pool-629-thread-1] INFO  server.RaftServerConfigKeys (ConfUtils.java:logGet(43)) - raft.server.log.write.buffer.size = 33554432 (custom)
2019-09-10 05:38:43,484 [pool-609-thread-1] INFO  server.RaftServerConfigKeys (ConfUtils.java:logGet(43)) - raft.server.log.segment.size.max = 1048576 (custom)
2019-09-10 05:38:43,485 [pool-619-thread-1] INFO  server.RaftServerConfigKeys (ConfUtils.java:logGet(43)) - raft.server.snapshot.auto.trigger.enabled = true (custom)
2019-09-10 05:38:43,485 [pool-629-thread-1] INFO  server.RaftServerConfigKeys (ConfUtils.java:logGet(43)) - raft.server.log.force.sync.num = 128 (default)
2019-09-10 05:38:43,485 [pool-619-thread-1] INFO  server.RaftServerConfigKeys (ConfUtils.java:logGet(43)) - raft.server.snapshot.auto.trigger.threshold = 10000 (custom)
2019-09-10 05:38:43,485 [pool-609-thread-1] INFO  server.RaftServerConfigKeys (ConfUtils.java:logGet(43)) - raft.server.log.preallocated.size = 16384 (custom)
2019-09-10 05:38:43,485 [pool-619-thread-1] INFO  server.RaftServerConfigKeys (ConfUtils.java:logGet(43)) - raft.server.snapshot.retention.num.files = -1 (default)
2019-09-10 05:38:43,485 [pool-629-thread-1] INFO  server.RaftServerConfigKeys (ConfUtils.java:logGet(43)) - raft.server.log.statemachine.data.sync = true (default)
2019-09-10 05:38:43,485 [pool-619-thread-1] INFO  server.RaftServerConfigKeys (ConfUtils.java:logGet(43)) - raft.server.retrycache.expirytime = 600000ms (custom)
2019-09-10 05:38:43,485 [pool-609-thread-1] INFO  server.RaftServerConfigKeys (ConfUtils.java:logGet(43)) - raft.server.log.write.buffer.size = 33554432 (custom)
2019-09-10 05:38:43,486 [pool-629-thread-1] INFO  server.RaftServerConfigKeys (ConfUtils.java:logGet(43)) - raft.server.log.statemachine.data.sync.timeout = 10s (default)
2019-09-10 05:38:43,486 [pool-609-thread-1] INFO  server.RaftServerConfigKeys (ConfUtils.java:logGet(43)) - raft.server.log.force.sync.num = 128 (default)
2019-09-10 05:38:43,486 [pool-629-thread-1] INFO  server.RaftServerConfigKeys (ConfUtils.java:logGet(43)) - raft.server.log.statemachine.data.sync.timeout.retry = -1 (default)
2019-09-10 05:38:43,486 [pool-609-thread-1] INFO  server.RaftServerConfigKeys (ConfUtils.java:logGet(43)) - raft.server.log.statemachine.data.sync = true (default)
2019-09-10 05:38:43,486 [pool-629-thread-1] INFO  server.RaftServerConfigKeys (ConfUtils.java:logGet(43)) - raft.server.log.statemachine.data.caching.enabled = true (custom)
2019-09-10 05:38:43,486 [pool-609-thread-1] INFO  server.RaftServerConfigKeys (ConfUtils.java:logGet(43)) - raft.server.log.statemachine.data.sync.timeout = 10s (default)
2019-09-10 05:38:43,487 [pool-609-thread-1] INFO  server.RaftServerConfigKeys (ConfUtils.java:logGet(43)) - raft.server.log.statemachine.data.sync.timeout.retry = -1 (default)
2019-09-10 05:38:43,487 [pool-629-thread-1] INFO  segmented.SegmentedRaftLogWorker (SegmentedRaftLogWorker.java:lambda$new$0(132)) - 7ffb1f47-f84a-45ee-8f65-039bc0f66923@group-B56684C043A6-SegmentedRaftLogWorker: flushIndex: setUnconditionally 0 -> -1
2019-09-10 05:38:43,487 [pool-609-thread-1] INFO  server.RaftServerConfigKeys (ConfUtils.java:logGet(43)) - raft.server.log.statemachine.data.caching.enabled = true (custom)
2019-09-10 05:38:43,487 [pool-629-thread-1] INFO  server.RaftServerConfigKeys (ConfUtils.java:logGet(43)) - raft.server.snapshot.auto.trigger.enabled = true (custom)
2019-09-10 05:38:43,487 [pool-609-thread-1] INFO  segmented.SegmentedRaftLogWorker (SegmentedRaftLogWorker.java:lambda$new$0(132)) - b8edd47f-9a8a-4d8f-b9ea-91b185ba1497@group-B56684C043A6-SegmentedRaftLogWorker: flushIndex: setUnconditionally 0 -> -1
2019-09-10 05:38:43,487 [pool-619-thread-1] INFO  impl.RaftServerImpl (RaftServerImpl.java:start(185)) - 7808bc08-8c64-492d-8125-4fa314b60c8b@group-B56684C043A6: start as a follower, conf=-1: [7ffb1f47-f84a-45ee-8f65-039bc0f66923:192.168.36.76:38017, b8edd47f-9a8a-4d8f-b9ea-91b185ba1497:192.168.36.76:33186, 7808bc08-8c64-492d-8125-4fa314b60c8b:192.168.36.76:38722], old=null
2019-09-10 05:38:43,487 [pool-629-thread-1] INFO  server.RaftServerConfigKeys (ConfUtils.java:logGet(43)) - raft.server.snapshot.auto.trigger.threshold = 10000 (custom)
2019-09-10 05:38:43,488 [pool-609-thread-1] INFO  server.RaftServerConfigKeys (ConfUtils.java:logGet(43)) - raft.server.snapshot.auto.trigger.enabled = true (custom)
2019-09-10 05:38:43,488 [pool-619-thread-1] INFO  impl.RaftServerImpl (RaftServerImpl.java:setRole(174)) - 7808bc08-8c64-492d-8125-4fa314b60c8b@group-B56684C043A6: changes role from      null to FOLLOWER at term 0 for startAsFollower
2019-09-10 05:38:43,488 [pool-609-thread-1] INFO  server.RaftServerConfigKeys (ConfUtils.java:logGet(43)) - raft.server.snapshot.auto.trigger.threshold = 10000 (custom)
2019-09-10 05:38:43,488 [pool-609-thread-1] INFO  server.RaftServerConfigKeys (ConfUtils.java:logGet(43)) - raft.server.snapshot.retention.num.files = -1 (default)
2019-09-10 05:38:43,488 [pool-629-thread-1] INFO  server.RaftServerConfigKeys (ConfUtils.java:logGet(43)) - raft.server.snapshot.retention.num.files = -1 (default)
2019-09-10 05:38:43,488 [pool-609-thread-1] INFO  server.RaftServerConfigKeys (ConfUtils.java:logGet(43)) - raft.server.retrycache.expirytime = 600000ms (custom)
2019-09-10 05:38:43,488 [pool-619-thread-1] INFO  impl.RoleInfo (RoleInfo.java:updateAndGet(143)) - 7808bc08-8c64-492d-8125-4fa314b60c8b: start FollowerState
2019-09-10 05:38:43,488 [pool-629-thread-1] INFO  server.RaftServerConfigKeys (ConfUtils.java:logGet(43)) - raft.server.retrycache.expirytime = 600000ms (custom)
2019-09-10 05:38:43,489 [pool-619-thread-1] INFO  util.JmxRegister (JmxRegister.java:tryRegister(44)) - Successfully registered JMX Bean with object name Ratis:service=RaftServer,group=group-B56684C043A6,id=7808bc08-8c64-492d-8125-4fa314b60c8b
2019-09-10 05:38:43,491 [pool-609-thread-1] INFO  impl.RaftServerImpl (RaftServerImpl.java:start(185)) - b8edd47f-9a8a-4d8f-b9ea-91b185ba1497@group-B56684C043A6: start as a follower, conf=-1: [7ffb1f47-f84a-45ee-8f65-039bc0f66923:192.168.36.76:38017, b8edd47f-9a8a-4d8f-b9ea-91b185ba1497:192.168.36.76:33186, 7808bc08-8c64-492d-8125-4fa314b60c8b:192.168.36.76:38722], old=null
2019-09-10 05:38:43,491 [pool-629-thread-1] INFO  impl.RaftServerImpl (RaftServerImpl.java:start(185)) - 7ffb1f47-f84a-45ee-8f65-039bc0f66923@group-B56684C043A6: start as a follower, conf=-1: [7ffb1f47-f84a-45ee-8f65-039bc0f66923:192.168.36.76:38017, b8edd47f-9a8a-4d8f-b9ea-91b185ba1497:192.168.36.76:33186, 7808bc08-8c64-492d-8125-4fa314b60c8b:192.168.36.76:38722], old=null
2019-09-10 05:38:43,491 [pool-609-thread-1] INFO  impl.RaftServerImpl (RaftServerImpl.java:setRole(174)) - b8edd47f-9a8a-4d8f-b9ea-91b185ba1497@group-B56684C043A6: changes role from      null to FOLLOWER at term 0 for startAsFollower
2019-09-10 05:38:43,491 [pool-629-thread-1] INFO  impl.RaftServerImpl (RaftServerImpl.java:setRole(174)) - 7ffb1f47-f84a-45ee-8f65-039bc0f66923@group-B56684C043A6: changes role from      null to FOLLOWER at term 0 for startAsFollower
2019-09-10 05:38:43,491 [pool-609-thread-1] INFO  impl.RoleInfo (RoleInfo.java:updateAndGet(143)) - b8edd47f-9a8a-4d8f-b9ea-91b185ba1497: start FollowerState
2019-09-10 05:38:43,491 [pool-629-thread-1] INFO  impl.RoleInfo (RoleInfo.java:updateAndGet(143)) - 7ffb1f47-f84a-45ee-8f65-039bc0f66923: start FollowerState
2019-09-10 05:38:43,491 [pool-609-thread-1] INFO  util.JmxRegister (JmxRegister.java:tryRegister(44)) - Successfully registered JMX Bean with object name Ratis:service=RaftServer,group=group-B56684C043A6,id=b8edd47f-9a8a-4d8f-b9ea-91b185ba1497
2019-09-10 05:38:43,491 [pool-629-thread-1] INFO  util.JmxRegister (JmxRegister.java:tryRegister(44)) - Successfully registered JMX Bean with object name Ratis:service=RaftServer,group=group-B56684C043A6,id=7ffb1f47-f84a-45ee-8f65-039bc0f66923
2019-09-10 05:38:43,493 [RatisPipelineUtilsThread] INFO  pipeline.PipelineStateManager (PipelineStateManager.java:addPipeline(56)) - Created pipeline Pipeline[ Id: ea68ab6c-f33b-4349-b283-b56684c043a6, Nodes: b8edd47f-9a8a-4d8f-b9ea-91b185ba1497{ip: 192.168.36.76, host: trunk-nightly-20190910-vk757-903364635, networkLocation: /default-rack, certSerialId: null}7808bc08-8c64-492d-8125-4fa314b60c8b{ip: 192.168.36.76, host: trunk-nightly-20190910-vk757-903364635, networkLocation: /default-rack, certSerialId: null}7ffb1f47-f84a-45ee-8f65-039bc0f66923{ip: 192.168.36.76, host: trunk-nightly-20190910-vk757-903364635, networkLocation: /default-rack, certSerialId: null}, Type:RATIS, Factor:THREE, State:OPEN]
2019-09-10 05:38:44,022 [main] WARN  io.KeyOutputStream (KeyOutputStream.java:handleException(276)) - Encountered exception java.io.IOException: Unexpected Storage Container Exception: java.util.concurrent.CompletionException: java.util.concurrent.CompletionException: org.apache.ratis.protocol.GroupMismatchException: b8edd47f-9a8a-4d8f-b9ea-91b185ba1497: group-CC489457D0B6 not found. on the pipeline Pipeline[ Id: 2528d2e7-86be-4d5e-8d8b-cc489457d0b6, Nodes: b8edd47f-9a8a-4d8f-b9ea-91b185ba1497{ip: 192.168.36.76, host: trunk-nightly-20190910-vk757-903364635, networkLocation: /default-rack, certSerialId: null}7808bc08-8c64-492d-8125-4fa314b60c8b{ip: 192.168.36.76, host: trunk-nightly-20190910-vk757-903364635, networkLocation: /default-rack, certSerialId: null}7ffb1f47-f84a-45ee-8f65-039bc0f66923{ip: 192.168.36.76, host: trunk-nightly-20190910-vk757-903364635, networkLocation: /default-rack, certSerialId: null}, Type:RATIS, Factor:THREE, State:OPEN]. The last committed block length is 0, uncommitted data length is 400 retry count 0
2019-09-10 05:38:44,083 [grpc-default-executor-8] INFO  client.GrpcClientProtocolClient (GrpcClientProtocolClient.java:onNext(264)) - client-E8933669B6A6->b8edd47f-9a8a-4d8f-b9ea-91b185ba1497: receive RaftClientReply:client-E8933669B6A6->b8edd47f-9a8a-4d8f-b9ea-91b185ba1497@group-B56684C043A6, cid=237, FAILED org.apache.ratis.protocol.NotLeaderException: Server b8edd47f-9a8a-4d8f-b9ea-91b185ba1497@group-B56684C043A6 is not the leader, logIndex=0, commits[b8edd47f-9a8a-4d8f-b9ea-91b185ba1497:c-1]
2019-09-10 05:38:45,097 [grpc-default-executor-8] INFO  client.GrpcClientProtocolClient (GrpcClientProtocolClient.java:onNext(264)) - client-E8933669B6A6->7ffb1f47-f84a-45ee-8f65-039bc0f66923: receive RaftClientReply:client-E8933669B6A6->7ffb1f47-f84a-45ee-8f65-039bc0f66923@group-B56684C043A6, cid=237, FAILED org.apache.ratis.protocol.NotLeaderException: Server 7ffb1f47-f84a-45ee-8f65-039bc0f66923@group-B56684C043A6 is not the leader, logIndex=0, commits[7ffb1f47-f84a-45ee-8f65-039bc0f66923:c-1]
2019-09-10 05:38:45,933 [grpc-default-executor-8] INFO  impl.RaftServerProxy (RaftServerProxy.java:remove(95)) - b8edd47f-9a8a-4d8f-b9ea-91b185ba1497: remove group-CC489457D0B6:null
2019-09-10 05:38:45,943 [RatisPipelineUtilsThread] WARN  pipeline.RatisPipelineUtils (RatisPipelineUtils.java:destroyPipeline(66)) - Pipeline destroy failed for pipeline=PipelineID=2528d2e7-86be-4d5e-8d8b-cc489457d0b6 dn=b8edd47f-9a8a-4d8f-b9ea-91b185ba1497{ip: 192.168.36.76, host: trunk-nightly-20190910-vk757-903364635, networkLocation: /default-rack, certSerialId: null}
2019-09-10 05:38:45,945 [grpc-default-executor-8] INFO  impl.RaftServerProxy (RaftServerProxy.java:remove(95)) - 7808bc08-8c64-492d-8125-4fa314b60c8b: remove group-CC489457D0B6:null
2019-09-10 05:38:45,951 [RatisPipelineUtilsThread] WARN  pipeline.RatisPipelineUtils (RatisPipelineUtils.java:destroyPipeline(66)) - Pipeline destroy failed for pipeline=PipelineID=2528d2e7-86be-4d5e-8d8b-cc489457d0b6 dn=7808bc08-8c64-492d-8125-4fa314b60c8b{ip: 192.168.36.76, host: trunk-nightly-20190910-vk757-903364635, networkLocation: /default-rack, certSerialId: null}
2019-09-10 05:38:45,953 [grpc-default-executor-8] INFO  impl.RaftServerProxy (RaftServerProxy.java:remove(95)) - 7ffb1f47-f84a-45ee-8f65-039bc0f66923: remove group-CC489457D0B6:null
2019-09-10 05:38:45,960 [RatisPipelineUtilsThread] WARN  pipeline.RatisPipelineUtils (RatisPipelineUtils.java:destroyPipeline(66)) - Pipeline destroy failed for pipeline=PipelineID=2528d2e7-86be-4d5e-8d8b-cc489457d0b6 dn=7ffb1f47-f84a-45ee-8f65-039bc0f66923{ip: 192.168.36.76, host: trunk-nightly-20190910-vk757-903364635, networkLocation: /default-rack, certSerialId: null}
2019-09-10 05:38:45,960 [RatisPipelineUtilsThread] ERROR pipeline.SCMPipelineManager (Scheduler.java:lambda$schedule$1(70)) - Destroy pipeline failed for pipeline:Pipeline[ Id: 2528d2e7-86be-4d5e-8d8b-cc489457d0b6, Nodes: b8edd47f-9a8a-4d8f-b9ea-91b185ba1497{ip: 192.168.36.76, host: trunk-nightly-20190910-vk757-903364635, networkLocation: /default-rack, certSerialId: null}7808bc08-8c64-492d-8125-4fa314b60c8b{ip: 192.168.36.76, host: trunk-nightly-20190910-vk757-903364635, networkLocation: /default-rack, certSerialId: null}7ffb1f47-f84a-45ee-8f65-039bc0f66923{ip: 192.168.36.76, host: trunk-nightly-20190910-vk757-903364635, networkLocation: /default-rack, certSerialId: null}, Type:RATIS, Factor:THREE, State:CLOSED]
org.apache.hadoop.hdds.scm.pipeline.PipelineNotFoundException: PipelineID=2528d2e7-86be-4d5e-8d8b-cc489457d0b6 not found
	at org.apache.hadoop.hdds.scm.pipeline.PipelineStateMap.getPipeline(PipelineStateMap.java:132)
	at org.apache.hadoop.hdds.scm.pipeline.PipelineStateMap.removePipeline(PipelineStateMap.java:322)
	at org.apache.hadoop.hdds.scm.pipeline.PipelineStateManager.removePipeline(PipelineStateManager.java:107)
	at org.apache.hadoop.hdds.scm.pipeline.SCMPipelineManager.removePipeline(SCMPipelineManager.java:423)
	at org.apache.hadoop.hdds.scm.pipeline.SCMPipelineManager.destroyPipeline(SCMPipelineManager.java:409)
	at org.apache.hadoop.hdds.scm.pipeline.SCMPipelineManager.lambda$finalizeAndDestroyPipeline$0(SCMPipelineManager.java:318)
	at org.apache.hadoop.utils.Scheduler.lambda$schedule$1(Scheduler.java:68)
	at java.util.concurrent.Executors$RunnableAdapter.call(Executors.java:511)
	at java.util.concurrent.FutureTask.run(FutureTask.java:266)
	at java.util.concurrent.ScheduledThreadPoolExecutor$ScheduledFutureTask.access$201(ScheduledThreadPoolExecutor.java:180)
	at java.util.concurrent.ScheduledThreadPoolExecutor$ScheduledFutureTask.run(ScheduledThreadPoolExecutor.java:293)
	at java.util.concurrent.ThreadPoolExecutor.runWorker(ThreadPoolExecutor.java:1149)
	at java.util.concurrent.ThreadPoolExecutor$Worker.run(ThreadPoolExecutor.java:624)
	at java.lang.Thread.run(Thread.java:748)
2019-09-10 05:38:46,105 [grpc-default-executor-8] INFO  client.GrpcClientProtocolClient (GrpcClientProtocolClient.java:onNext(264)) - client-E8933669B6A6->b8edd47f-9a8a-4d8f-b9ea-91b185ba1497: receive RaftClientReply:client-E8933669B6A6->b8edd47f-9a8a-4d8f-b9ea-91b185ba1497@group-B56684C043A6, cid=237, FAILED org.apache.ratis.protocol.NotLeaderException: Server b8edd47f-9a8a-4d8f-b9ea-91b185ba1497@group-B56684C043A6 is not the leader, logIndex=0, commits[b8edd47f-9a8a-4d8f-b9ea-91b185ba1497:c-1]
2019-09-10 05:38:47,112 [grpc-default-executor-13] INFO  client.GrpcClientProtocolClient (GrpcClientProtocolClient.java:onNext(264)) - client-E8933669B6A6->7ffb1f47-f84a-45ee-8f65-039bc0f66923: receive RaftClientReply:client-E8933669B6A6->7ffb1f47-f84a-45ee-8f65-039bc0f66923@group-B56684C043A6, cid=237, FAILED org.apache.ratis.protocol.NotLeaderException: Server 7ffb1f47-f84a-45ee-8f65-039bc0f66923@group-B56684C043A6 is not the leader, logIndex=0, commits[7ffb1f47-f84a-45ee-8f65-039bc0f66923:c-1]
2019-09-10 05:38:47,937 [grpc-default-executor-13] INFO  impl.RaftServerProxy (RaftServerProxy.java:remove(95)) - b8edd47f-9a8a-4d8f-b9ea-91b185ba1497: remove group-CC489457D0B6:null
2019-09-10 05:38:47,945 [RatisPipelineUtilsThread] WARN  pipeline.RatisPipelineUtils (RatisPipelineUtils.java:destroyPipeline(66)) - Pipeline destroy failed for pipeline=PipelineID=2528d2e7-86be-4d5e-8d8b-cc489457d0b6 dn=b8edd47f-9a8a-4d8f-b9ea-91b185ba1497{ip: 192.168.36.76, host: trunk-nightly-20190910-vk757-903364635, networkLocation: /default-rack, certSerialId: null}
2019-09-10 05:38:47,947 [grpc-default-executor-13] INFO  impl.RaftServerProxy (RaftServerProxy.java:remove(95)) - 7808bc08-8c64-492d-8125-4fa314b60c8b: remove group-CC489457D0B6:null
2019-09-10 05:38:47,954 [RatisPipelineUtilsThread] WARN  pipeline.RatisPipelineUtils (RatisPipelineUtils.java:destroyPipeline(66)) - Pipeline destroy failed for pipeline=PipelineID=2528d2e7-86be-4d5e-8d8b-cc489457d0b6 dn=7808bc08-8c64-492d-8125-4fa314b60c8b{ip: 192.168.36.76, host: trunk-nightly-20190910-vk757-903364635, networkLocation: /default-rack, certSerialId: null}
2019-09-10 05:38:47,955 [grpc-default-executor-13] INFO  impl.RaftServerProxy (RaftServerProxy.java:remove(95)) - 7ffb1f47-f84a-45ee-8f65-039bc0f66923: remove group-CC489457D0B6:null
2019-09-10 05:38:47,961 [RatisPipelineUtilsThread] WARN  pipeline.RatisPipelineUtils (RatisPipelineUtils.java:destroyPipeline(66)) - Pipeline destroy failed for pipeline=PipelineID=2528d2e7-86be-4d5e-8d8b-cc489457d0b6 dn=7ffb1f47-f84a-45ee-8f65-039bc0f66923{ip: 192.168.36.76, host: trunk-nightly-20190910-vk757-903364635, networkLocation: /default-rack, certSerialId: null}
2019-09-10 05:38:47,962 [RatisPipelineUtilsThread] ERROR pipeline.SCMPipelineManager (Scheduler.java:lambda$schedule$1(70)) - Destroy pipeline failed for pipeline:Pipeline[ Id: 2528d2e7-86be-4d5e-8d8b-cc489457d0b6, Nodes: b8edd47f-9a8a-4d8f-b9ea-91b185ba1497{ip: 192.168.36.76, host: trunk-nightly-20190910-vk757-903364635, networkLocation: /default-rack, certSerialId: null}7808bc08-8c64-492d-8125-4fa314b60c8b{ip: 192.168.36.76, host: trunk-nightly-20190910-vk757-903364635, networkLocation: /default-rack, certSerialId: null}7ffb1f47-f84a-45ee-8f65-039bc0f66923{ip: 192.168.36.76, host: trunk-nightly-20190910-vk757-903364635, networkLocation: /default-rack, certSerialId: null}, Type:RATIS, Factor:THREE, State:CLOSED]
org.apache.hadoop.hdds.scm.pipeline.PipelineNotFoundException: PipelineID=2528d2e7-86be-4d5e-8d8b-cc489457d0b6 not found
	at org.apache.hadoop.hdds.scm.pipeline.PipelineStateMap.getPipeline(PipelineStateMap.java:132)
	at org.apache.hadoop.hdds.scm.pipeline.PipelineStateMap.removePipeline(PipelineStateMap.java:322)
	at org.apache.hadoop.hdds.scm.pipeline.PipelineStateManager.removePipeline(PipelineStateManager.java:107)
	at org.apache.hadoop.hdds.scm.pipeline.SCMPipelineManager.removePipeline(SCMPipelineManager.java:423)
	at org.apache.hadoop.hdds.scm.pipeline.SCMPipelineManager.destroyPipeline(SCMPipelineManager.java:409)
	at org.apache.hadoop.hdds.scm.pipeline.SCMPipelineManager.lambda$finalizeAndDestroyPipeline$0(SCMPipelineManager.java:318)
	at org.apache.hadoop.utils.Scheduler.lambda$schedule$1(Scheduler.java:68)
	at java.util.concurrent.Executors$RunnableAdapter.call(Executors.java:511)
	at java.util.concurrent.FutureTask.run(FutureTask.java:266)
	at java.util.concurrent.ScheduledThreadPoolExecutor$ScheduledFutureTask.access$201(ScheduledThreadPoolExecutor.java:180)
	at java.util.concurrent.ScheduledThreadPoolExecutor$ScheduledFutureTask.run(ScheduledThreadPoolExecutor.java:293)
	at java.util.concurrent.ThreadPoolExecutor.runWorker(ThreadPoolExecutor.java:1149)
	at java.util.concurrent.ThreadPoolExecutor$Worker.run(ThreadPoolExecutor.java:624)
	at java.lang.Thread.run(Thread.java:748)
2019-09-10 05:38:48,123 [grpc-default-executor-13] INFO  client.GrpcClientProtocolClient (GrpcClientProtocolClient.java:onNext(264)) - client-E8933669B6A6->7808bc08-8c64-492d-8125-4fa314b60c8b: receive RaftClientReply:client-E8933669B6A6->7808bc08-8c64-492d-8125-4fa314b60c8b@group-B56684C043A6, cid=237, FAILED org.apache.ratis.protocol.NotLeaderException: Server 7808bc08-8c64-492d-8125-4fa314b60c8b@group-B56684C043A6 is not the leader, logIndex=0, commits[7808bc08-8c64-492d-8125-4fa314b60c8b:c-1]
2019-09-10 05:38:48,498 [Thread-4380] INFO  impl.FollowerState (FollowerState.java:run(106)) - 7ffb1f47-f84a-45ee-8f65-039bc0f66923:group-B56684C043A6 changes to CANDIDATE, lastRpcTime:5006, electionTimeout:5006ms
2019-09-10 05:38:48,498 [Thread-4380] INFO  impl.RoleInfo (RoleInfo.java:shutdownFollowerState(121)) - 7ffb1f47-f84a-45ee-8f65-039bc0f66923: shutdown FollowerState
2019-09-10 05:38:48,498 [Thread-4380] INFO  impl.RaftServerImpl (RaftServerImpl.java:setRole(174)) - 7ffb1f47-f84a-45ee-8f65-039bc0f66923@group-B56684C043A6: changes role from  FOLLOWER to CANDIDATE at term 0 for changeToCandidate
2019-09-10 05:38:48,498 [Thread-4380] INFO  impl.RoleInfo (RoleInfo.java:updateAndGet(143)) - 7ffb1f47-f84a-45ee-8f65-039bc0f66923: start LeaderElection
2019-09-10 05:38:48,548 [7ffb1f47-f84a-45ee-8f65-039bc0f66923@group-B56684C043A6:LeaderElection97] INFO  impl.LeaderElection (LeaderElection.java:askForVotes(182)) - 7ffb1f47-f84a-45ee-8f65-039bc0f66923@group-B56684C043A6:LeaderElection97: begin an election at term 1 for -1: [7ffb1f47-f84a-45ee-8f65-039bc0f66923:192.168.36.76:38017, b8edd47f-9a8a-4d8f-b9ea-91b185ba1497:192.168.36.76:33186, 7808bc08-8c64-492d-8125-4fa314b60c8b:192.168.36.76:38722], old=null
2019-09-10 05:38:48,551 [grpc-default-executor-8] INFO  impl.RaftServerImpl (RaftServerImpl.java:setRole(174)) - b8edd47f-9a8a-4d8f-b9ea-91b185ba1497@group-B56684C043A6: changes role from  FOLLOWER to FOLLOWER at term 1 for recognizeCandidate:7ffb1f47-f84a-45ee-8f65-039bc0f66923
2019-09-10 05:38:48,551 [grpc-default-executor-8] INFO  impl.RoleInfo (RoleInfo.java:shutdownFollowerState(121)) - b8edd47f-9a8a-4d8f-b9ea-91b185ba1497: shutdown FollowerState
2019-09-10 05:38:48,551 [grpc-default-executor-13] INFO  impl.RaftServerImpl (RaftServerImpl.java:setRole(174)) - 7808bc08-8c64-492d-8125-4fa314b60c8b@group-B56684C043A6: changes role from  FOLLOWER to FOLLOWER at term 1 for recognizeCandidate:7ffb1f47-f84a-45ee-8f65-039bc0f66923
2019-09-10 05:38:48,551 [Thread-4379] INFO  impl.FollowerState (FollowerState.java:run(115)) - b8edd47f-9a8a-4d8f-b9ea-91b185ba1497: FollowerState was interrupted: java.lang.InterruptedException: sleep interrupted
2019-09-10 05:38:48,551 [grpc-default-executor-8] INFO  impl.RoleInfo (RoleInfo.java:updateAndGet(143)) - b8edd47f-9a8a-4d8f-b9ea-91b185ba1497: start FollowerState
2019-09-10 05:38:48,551 [grpc-default-executor-13] INFO  impl.RoleInfo (RoleInfo.java:shutdownFollowerState(121)) - 7808bc08-8c64-492d-8125-4fa314b60c8b: shutdown FollowerState
2019-09-10 05:38:48,555 [grpc-default-executor-13] INFO  impl.RoleInfo (RoleInfo.java:updateAndGet(143)) - 7808bc08-8c64-492d-8125-4fa314b60c8b: start FollowerState
2019-09-10 05:38:48,555 [Thread-4375] INFO  impl.FollowerState (FollowerState.java:run(115)) - 7808bc08-8c64-492d-8125-4fa314b60c8b: FollowerState was interrupted: java.lang.InterruptedException: sleep interrupted
2019-09-10 05:38:48,570 [7ffb1f47-f84a-45ee-8f65-039bc0f66923@group-B56684C043A6:LeaderElection97] INFO  impl.LeaderElection (LeaderElection.java:logAndReturn(56)) - 7ffb1f47-f84a-45ee-8f65-039bc0f66923@group-B56684C043A6:LeaderElection97: Election PASSED; received 1 response(s) [7ffb1f47-f84a-45ee-8f65-039bc0f66923<-7808bc08-8c64-492d-8125-4fa314b60c8b#0:OK-t1] and 0 exception(s); 7ffb1f47-f84a-45ee-8f65-039bc0f66923@group-B56684C043A6:t1, leader=null, voted=7ffb1f47-f84a-45ee-8f65-039bc0f66923, raftlog=7ffb1f47-f84a-45ee-8f65-039bc0f66923@group-B56684C043A6-SegmentedRaftLog:OPENED:c-1,f-1,i0, conf=-1: [7ffb1f47-f84a-45ee-8f65-039bc0f66923:192.168.36.76:38017, b8edd47f-9a8a-4d8f-b9ea-91b185ba1497:192.168.36.76:33186, 7808bc08-8c64-492d-8125-4fa314b60c8b:192.168.36.76:38722], old=null
2019-09-10 05:38:48,570 [7ffb1f47-f84a-45ee-8f65-039bc0f66923@group-B56684C043A6:LeaderElection97] INFO  impl.RoleInfo (RoleInfo.java:shutdownLeaderElection(134)) - 7ffb1f47-f84a-45ee-8f65-039bc0f66923: shutdown LeaderElection
2019-09-10 05:38:48,570 [7ffb1f47-f84a-45ee-8f65-039bc0f66923@group-B56684C043A6:LeaderElection97] INFO  impl.RaftServerImpl (RaftServerImpl.java:setRole(174)) - 7ffb1f47-f84a-45ee-8f65-039bc0f66923@group-B56684C043A6: changes role from CANDIDATE to LEADER at term 1 for changeToLeader
2019-09-10 05:38:48,570 [7ffb1f47-f84a-45ee-8f65-039bc0f66923@group-B56684C043A6:LeaderElection97] INFO  impl.RaftServerImpl (ServerState.java:setLeader(253)) - 7ffb1f47-f84a-45ee-8f65-039bc0f66923@group-B56684C043A6: change Leader from null to 7ffb1f47-f84a-45ee-8f65-039bc0f66923 at term 1 for becomeLeader, leader elected after 5090ms
2019-09-10 05:38:48,571 [7ffb1f47-f84a-45ee-8f65-039bc0f66923@group-B56684C043A6:LeaderElection97] INFO  server.RaftServerConfigKeys (ConfUtils.java:logGet(43)) - raft.server.staging.catchup.gap = 1000 (default)
2019-09-10 05:38:48,571 [7ffb1f47-f84a-45ee-8f65-039bc0f66923@group-B56684C043A6:LeaderElection97] INFO  server.RaftServerConfigKeys (ConfUtils.java:logGet(43)) - raft.server.rpc.sleep.time = 25ms (default)
2019-09-10 05:38:48,571 [7ffb1f47-f84a-45ee-8f65-039bc0f66923@group-B56684C043A6:LeaderElection97] INFO  server.RaftServerConfigKeys (ConfUtils.java:logGet(43)) - raft.server.write.element-limit = 4096 (default)
2019-09-10 05:38:48,571 [7ffb1f47-f84a-45ee-8f65-039bc0f66923@group-B56684C043A6:LeaderElection97] INFO  server.RaftServerConfigKeys (ConfUtils.java:logGet(43)) - raft.server.watch.timeout = 10s (default)
2019-09-10 05:38:48,571 [7ffb1f47-f84a-45ee-8f65-039bc0f66923@group-B56684C043A6:LeaderElection97] INFO  server.RaftServerConfigKeys (ConfUtils.java:logGet(43)) - raft.server.watch.timeout.denomination = 1s (default)
2019-09-10 05:38:48,571 [7ffb1f47-f84a-45ee-8f65-039bc0f66923@group-B56684C043A6:LeaderElection97] INFO  server.RaftServerConfigKeys (ConfUtils.java:logGet(43)) - raft.server.watch.element-limit = 65536 (default)
2019-09-10 05:38:48,573 [7ffb1f47-f84a-45ee-8f65-039bc0f66923@group-B56684C043A6:LeaderElection97] INFO  server.RaftServerConfigKeys (ConfUtils.java:logGet(43)) - raft.server.log.appender.snapshot.chunk.size.max = 16MB (=16777216) (default)
2019-09-10 05:38:48,573 [7ffb1f47-f84a-45ee-8f65-039bc0f66923@group-B56684C043A6:LeaderElection97] INFO  server.RaftServerConfigKeys (ConfUtils.java:logGet(43)) - raft.server.log.appender.buffer.byte-limit = 33554432 (custom)
2019-09-10 05:38:48,573 [7ffb1f47-f84a-45ee-8f65-039bc0f66923@group-B56684C043A6:LeaderElection97] INFO  server.RaftServerConfigKeys (ConfUtils.java:logGet(43)) - raft.server.log.appender.buffer.element-limit = 1 (custom)
2019-09-10 05:38:48,573 [7ffb1f47-f84a-45ee-8f65-039bc0f66923@group-B56684C043A6:LeaderElection97] INFO  grpc.GrpcConfigKeys$Server (ConfUtils.java:logGet(43)) - raft.grpc.server.leader.outstanding.appends.max = 128 (default)
2019-09-10 05:38:48,574 [7ffb1f47-f84a-45ee-8f65-039bc0f66923@group-B56684C043A6:LeaderElection97] INFO  server.RaftServerConfigKeys (ConfUtils.java:logGet(43)) - raft.server.rpc.request.timeout = 3000ms (default)
2019-09-10 05:38:48,574 [7ffb1f47-f84a-45ee-8f65-039bc0f66923@group-B56684C043A6:LeaderElection97] INFO  server.RaftServerConfigKeys (ConfUtils.java:logGet(43)) - raft.server.log.appender.install.snapshot.enabled = false (custom)
2019-09-10 05:38:48,574 [7ffb1f47-f84a-45ee-8f65-039bc0f66923@group-B56684C043A6:LeaderElection97] INFO  server.RaftServerConfigKeys (ConfUtils.java:logGet(43)) - raft.server.log.appender.snapshot.chunk.size.max = 16MB (=16777216) (default)
2019-09-10 05:38:48,574 [7ffb1f47-f84a-45ee-8f65-039bc0f66923@group-B56684C043A6:LeaderElection97] INFO  server.RaftServerConfigKeys (ConfUtils.java:logGet(43)) - raft.server.log.appender.buffer.byte-limit = 33554432 (custom)
2019-09-10 05:38:48,574 [7ffb1f47-f84a-45ee-8f65-039bc0f66923@group-B56684C043A6:LeaderElection97] INFO  server.RaftServerConfigKeys (ConfUtils.java:logGet(43)) - raft.server.log.appender.buffer.element-limit = 1 (custom)
2019-09-10 05:38:48,574 [7ffb1f47-f84a-45ee-8f65-039bc0f66923@group-B56684C043A6:LeaderElection97] INFO  grpc.GrpcConfigKeys$Server (ConfUtils.java:logGet(43)) - raft.grpc.server.leader.outstanding.appends.max = 128 (default)
2019-09-10 05:38:48,574 [7ffb1f47-f84a-45ee-8f65-039bc0f66923@group-B56684C043A6:LeaderElection97] INFO  server.RaftServerConfigKeys (ConfUtils.java:logGet(43)) - raft.server.rpc.request.timeout = 3000ms (default)
2019-09-10 05:38:48,574 [7ffb1f47-f84a-45ee-8f65-039bc0f66923@group-B56684C043A6:LeaderElection97] INFO  server.RaftServerConfigKeys (ConfUtils.java:logGet(43)) - raft.server.log.appender.install.snapshot.enabled = false (custom)
2019-09-10 05:38:48,575 [7ffb1f47-f84a-45ee-8f65-039bc0f66923@group-B56684C043A6:LeaderElection97] INFO  impl.RoleInfo (RoleInfo.java:updateAndGet(143)) - 7ffb1f47-f84a-45ee-8f65-039bc0f66923: start LeaderState
2019-09-10 05:38:48,575 [7ffb1f47-f84a-45ee-8f65-039bc0f66923@group-B56684C043A6:LeaderElection97] INFO  segmented.SegmentedRaftLogWorker (SegmentedRaftLogWorker.java:startLogSegment(380)) - 7ffb1f47-f84a-45ee-8f65-039bc0f66923@group-B56684C043A6-SegmentedRaftLogWorker: Starting segment from index:0
2019-09-10 05:38:48,576 [7ffb1f47-f84a-45ee-8f65-039bc0f66923@group-B56684C043A6:LeaderElection97] INFO  impl.RaftServerImpl (ServerState.java:setRaftConf(354)) - 7ffb1f47-f84a-45ee-8f65-039bc0f66923@group-B56684C043A6: set configuration 0: [7ffb1f47-f84a-45ee-8f65-039bc0f66923:192.168.36.76:38017, b8edd47f-9a8a-4d8f-b9ea-91b185ba1497:192.168.36.76:33186, 7808bc08-8c64-492d-8125-4fa314b60c8b:192.168.36.76:38722], old=null at 0
2019-09-10 05:38:48,612 [grpc-default-executor-13] INFO  impl.RaftServerImpl (ServerState.java:setLeader(253)) - b8edd47f-9a8a-4d8f-b9ea-91b185ba1497@group-B56684C043A6: change Leader from null to 7ffb1f47-f84a-45ee-8f65-039bc0f66923 at term 1 for appendEntries, leader elected after 5131ms
2019-09-10 05:38:48,612 [grpc-default-executor-13] INFO  impl.RaftServerImpl (ServerState.java:setLeader(253)) - 7808bc08-8c64-492d-8125-4fa314b60c8b@group-B56684C043A6: change Leader from null to 7ffb1f47-f84a-45ee-8f65-039bc0f66923 at term 1 for appendEntries, leader elected after 5132ms
2019-09-10 05:38:48,615 [grpc-default-executor-8] INFO  impl.RaftServerImpl (ServerState.java:setRaftConf(354)) - b8edd47f-9a8a-4d8f-b9ea-91b185ba1497@group-B56684C043A6: set configuration 0: [7ffb1f47-f84a-45ee-8f65-039bc0f66923:192.168.36.76:38017, b8edd47f-9a8a-4d8f-b9ea-91b185ba1497:192.168.36.76:33186, 7808bc08-8c64-492d-8125-4fa314b60c8b:192.168.36.76:38722], old=null at 0
2019-09-10 05:38:48,616 [grpc-default-executor-8] INFO  segmented.SegmentedRaftLogWorker (SegmentedRaftLogWorker.java:startLogSegment(380)) - b8edd47f-9a8a-4d8f-b9ea-91b185ba1497@group-B56684C043A6-SegmentedRaftLogWorker: Starting segment from index:0
2019-09-10 05:38:48,616 [grpc-default-executor-13] INFO  impl.RaftServerImpl (ServerState.java:setRaftConf(354)) - 7808bc08-8c64-492d-8125-4fa314b60c8b@group-B56684C043A6: set configuration 0: [7ffb1f47-f84a-45ee-8f65-039bc0f66923:192.168.36.76:38017, b8edd47f-9a8a-4d8f-b9ea-91b185ba1497:192.168.36.76:33186, 7808bc08-8c64-492d-8125-4fa314b60c8b:192.168.36.76:38722], old=null at 0
2019-09-10 05:38:48,616 [grpc-default-executor-13] INFO  segmented.SegmentedRaftLogWorker (SegmentedRaftLogWorker.java:startLogSegment(380)) - 7808bc08-8c64-492d-8125-4fa314b60c8b@group-B56684C043A6-SegmentedRaftLogWorker: Starting segment from index:0
2019-09-10 05:38:48,626 [7ffb1f47-f84a-45ee-8f65-039bc0f66923@group-B56684C043A6-SegmentedRaftLogWorker] INFO  segmented.SegmentedRaftLogWorker (SegmentedRaftLogWorker.java:execute(569)) - 7ffb1f47-f84a-45ee-8f65-039bc0f66923@group-B56684C043A6-SegmentedRaftLogWorker: created new log segment /workdir/hadoop-ozone/integration-test/target/test-dir/MiniOzoneClusterImpl-57336a7d-2d72-4251-b84b-f30cd33fc333/datanode-4/data/ratis/ea68ab6c-f33b-4349-b283-b56684c043a6/current/log_inprogress_0
2019-09-10 05:38:48,651 [7808bc08-8c64-492d-8125-4fa314b60c8b@group-B56684C043A6-SegmentedRaftLogWorker] INFO  segmented.SegmentedRaftLogWorker (SegmentedRaftLogWorker.java:execute(569)) - 7808bc08-8c64-492d-8125-4fa314b60c8b@group-B56684C043A6-SegmentedRaftLogWorker: created new log segment /workdir/hadoop-ozone/integration-test/target/test-dir/MiniOzoneClusterImpl-57336a7d-2d72-4251-b84b-f30cd33fc333/datanode-3/data/ratis/ea68ab6c-f33b-4349-b283-b56684c043a6/current/log_inprogress_0
2019-09-10 05:38:48,651 [b8edd47f-9a8a-4d8f-b9ea-91b185ba1497@group-B56684C043A6-SegmentedRaftLogWorker] INFO  segmented.SegmentedRaftLogWorker (SegmentedRaftLogWorker.java:execute(569)) - b8edd47f-9a8a-4d8f-b9ea-91b185ba1497@group-B56684C043A6-SegmentedRaftLogWorker: created new log segment /workdir/hadoop-ozone/integration-test/target/test-dir/MiniOzoneClusterImpl-57336a7d-2d72-4251-b84b-f30cd33fc333/datanode-2/data/ratis/ea68ab6c-f33b-4349-b283-b56684c043a6/current/log_inprogress_0
2019-09-10 05:38:49,352 [grpc-default-executor-12] INFO  client.GrpcClientProtocolClient (GrpcClientProtocolClient.java:onNext(264)) - client-E8933669B6A6->7ffb1f47-f84a-45ee-8f65-039bc0f66923: receive RaftClientReply:client-E8933669B6A6->7ffb1f47-f84a-45ee-8f65-039bc0f66923@group-B56684C043A6, cid=237, SUCCESS, logIndex=1, commits[7ffb1f47-f84a-45ee-8f65-039bc0f66923:c1, b8edd47f-9a8a-4d8f-b9ea-91b185ba1497:c0, 7808bc08-8c64-492d-8125-4fa314b60c8b:c0]
2019-09-10 05:38:49,380 [grpc-default-executor-11] INFO  client.GrpcClientProtocolClient (GrpcClientProtocolClient.java:onNext(264)) - client-E8933669B6A6->7ffb1f47-f84a-45ee-8f65-039bc0f66923: receive RaftClientReply:client-E8933669B6A6->7ffb1f47-f84a-45ee-8f65-039bc0f66923@group-B56684C043A6, cid=238, SUCCESS, logIndex=3, commits[7ffb1f47-f84a-45ee-8f65-039bc0f66923:c4, b8edd47f-9a8a-4d8f-b9ea-91b185ba1497:c1, 7808bc08-8c64-492d-8125-4fa314b60c8b:c1]
2019-09-10 05:38:49,469 [grpc-default-executor-11] INFO  client.GrpcClientProtocolClient (GrpcClientProtocolClient.java:onNext(264)) - client-E8933669B6A6->7ffb1f47-f84a-45ee-8f65-039bc0f66923: receive RaftClientReply:client-E8933669B6A6->7ffb1f47-f84a-45ee-8f65-039bc0f66923@group-B56684C043A6, cid=239, SUCCESS, logIndex=4, commits[7ffb1f47-f84a-45ee-8f65-039bc0f66923:c12, b8edd47f-9a8a-4d8f-b9ea-91b185ba1497:c7, 7808bc08-8c64-492d-8125-4fa314b60c8b:c7]
2019-09-10 05:38:49,475 [grpc-default-executor-11] INFO  client.GrpcClientProtocolClient (GrpcClientProtocolClient.java:onNext(264)) - client-E8933669B6A6->7ffb1f47-f84a-45ee-8f65-039bc0f66923: receive RaftClientReply:client-E8933669B6A6->7ffb1f47-f84a-45ee-8f65-039bc0f66923@group-B56684C043A6, cid=240, SUCCESS, logIndex=5, commits[7ffb1f47-f84a-45ee-8f65-039bc0f66923:c12, b8edd47f-9a8a-4d8f-b9ea-91b185ba1497:c7, 7808bc08-8c64-492d-8125-4fa314b60c8b:c7]
2019-09-10 05:38:49,475 [grpc-default-executor-11] INFO  client.GrpcClientProtocolClient (GrpcClientProtocolClient.java:onNext(264)) - client-E8933669B6A6->7ffb1f47-f84a-45ee-8f65-039bc0f66923: receive RaftClientReply:client-E8933669B6A6->7ffb1f47-f84a-45ee-8f65-039bc0f66923@group-B56684C043A6, cid=241, SUCCESS, logIndex=6, commits[7ffb1f47-f84a-45ee-8f65-039bc0f66923:c12, b8edd47f-9a8a-4d8f-b9ea-91b185ba1497:c7, 7808bc08-8c64-492d-8125-4fa314b60c8b:c7]
2019-09-10 05:38:49,520 [grpc-default-executor-11] INFO  client.GrpcClientProtocolClient (GrpcClientProtocolClient.java:onNext(264)) - client-E8933669B6A6->7ffb1f47-f84a-45ee-8f65-039bc0f66923: receive RaftClientReply:client-E8933669B6A6->7ffb1f47-f84a-45ee-8f65-039bc0f66923@group-B56684C043A6, cid=242, SUCCESS, logIndex=7, commits[7ffb1f47-f84a-45ee-8f65-039bc0f66923:c12, b8edd47f-9a8a-4d8f-b9ea-91b185ba1497:c7, 7808bc08-8c64-492d-8125-4fa314b60c8b:c7]
2019-09-10 05:38:49,529 [grpc-default-executor-12] INFO  client.GrpcClientProtocolClient (GrpcClientProtocolClient.java:onNext(264)) - client-E8933669B6A6->7ffb1f47-f84a-45ee-8f65-039bc0f66923: receive RaftClientReply:client-E8933669B6A6->7ffb1f47-f84a-45ee-8f65-039bc0f66923@group-B56684C043A6, cid=249, SUCCESS, logIndex=13, commits[7ffb1f47-f84a-45ee-8f65-039bc0f66923:c14, b8edd47f-9a8a-4d8f-b9ea-91b185ba1497:c12, 7808bc08-8c64-492d-8125-4fa314b60c8b:c12]
2019-09-10 05:38:49,533 [grpc-default-executor-12] INFO  client.GrpcClientProtocolClient (GrpcClientProtocolClient.java:onNext(264)) - client-E8933669B6A6->7ffb1f47-f84a-45ee-8f65-039bc0f66923: receive RaftClientReply:client-E8933669B6A6->7ffb1f47-f84a-45ee-8f65-039bc0f66923@group-B56684C043A6, cid=250, SUCCESS, logIndex=14, commits[7ffb1f47-f84a-45ee-8f65-039bc0f66923:c14, b8edd47f-9a8a-4d8f-b9ea-91b185ba1497:c12, 7808bc08-8c64-492d-8125-4fa314b60c8b:c12]
2019-09-10 05:38:49,536 [grpc-default-executor-11] INFO  client.GrpcClientProtocolClient (GrpcClientProtocolClient.java:onNext(264)) - client-E8933669B6A6->7ffb1f47-f84a-45ee-8f65-039bc0f66923: receive RaftClientReply:client-E8933669B6A6->7ffb1f47-f84a-45ee-8f65-039bc0f66923@group-B56684C043A6, cid=251, SUCCESS, logIndex=0, commits[7ffb1f47-f84a-45ee-8f65-039bc0f66923:c16, b8edd47f-9a8a-4d8f-b9ea-91b185ba1497:c14, 7808bc08-8c64-492d-8125-4fa314b60c8b:c14]
2019-09-10 05:38:49,537 [main] INFO  ozone.MiniOzoneClusterImpl (MiniOzoneClusterImpl.java:shutdown(307)) - Shutting down the Mini Ozone Cluster
2019-09-10 05:38:49,537 [main] INFO  ozone.MiniOzoneClusterImpl (MiniOzoneClusterImpl.java:stop(322)) - Stopping the Mini Ozone Cluster
2019-09-10 05:38:49,537 [main] INFO  ozone.MiniOzoneClusterImpl (MiniOzoneClusterImpl.java:stop(324)) - Stopping the OzoneManager
2019-09-10 05:38:49,537 [main] INFO  ipc.Server (Server.java:stop(3082)) - Stopping server on 39259
2019-09-10 05:38:49,564 [IPC Server listener on 39259] INFO  ipc.Server (Server.java:run(1185)) - Stopping IPC Server listener on 39259
2019-09-10 05:38:49,564 [main] INFO  ratis.OzoneManagerDoubleBuffer (OzoneManagerDoubleBuffer.java:stop(248)) - Stopping OMDoubleBuffer flush thread
2019-09-10 05:38:49,564 [IPC Server Responder] INFO  ipc.Server (Server.java:run(1319)) - Stopping IPC Server Responder
2019-09-10 05:38:49,567 [OMDoubleBufferFlushThread] INFO  ratis.OzoneManagerDoubleBuffer (OzoneManagerDoubleBuffer.java:flushTransactions(191)) - OMDoubleBuffer flush thread OMDoubleBufferFlushThread is interrupted and will exit. OMDoubleBufferFlushThread
2019-09-10 05:38:49,567 [main] INFO  utils.BackgroundService (BackgroundService.java:shutdown(148)) - Shutting down service KeyDeletingService
2019-09-10 05:38:49,568 [main] INFO  handler.ContextHandler (ContextHandler.java:doStop(910)) - Stopped o.e.j.w.WebAppContext@647fb583{/,null,UNAVAILABLE}{/ozoneManager}
2019-09-10 05:38:49,569 [main] INFO  server.AbstractConnector (AbstractConnector.java:doStop(318)) - Stopped ServerConnector@7cd3e0da{HTTP/1.1,[http/1.1]}{0.0.0.0:0}
2019-09-10 05:38:49,569 [main] INFO  handler.ContextHandler (ContextHandler.java:doStop(910)) - Stopped o.e.j.s.ServletContextHandler@15994b0b{/static,file:///workdir/hadoop-ozone/integration-test/target/test-classes/webapps/static,UNAVAILABLE}
2019-09-10 05:38:49,570 [main] INFO  handler.ContextHandler (ContextHandler.java:doStop(910)) - Stopped o.e.j.s.ServletContextHandler@53bb71e5{/logs,file:///workdir/hadoop-ozone/integration-test/target/log,UNAVAILABLE}
2019-09-10 05:38:49,572 [main] INFO  ozone.MiniOzoneClusterImpl (MiniOzoneClusterImpl.java:stop(330)) - Shutting the HddsDatanodes
2019-09-10 05:38:50,319 [Datanode State Machine Thread - 0] INFO  statemachine.DatanodeStateMachine (DatanodeStateMachine.java:lambda$startDaemon$0(350)) - Ozone container server started.
2019-09-10 05:38:50,332 [Datanode State Machine Thread - 0] INFO  statemachine.DatanodeStateMachine (DatanodeStateMachine.java:lambda$startDaemon$0(350)) - Ozone container server started.
2019-09-10 05:38:50,938 [grpc-default-executor-12] INFO  impl.RaftServerProxy (RaftServerProxy.java:remove(95)) - b8edd47f-9a8a-4d8f-b9ea-91b185ba1497: remove group-CC489457D0B6:null
2019-09-10 05:38:50,950 [RatisPipelineUtilsThread] WARN  pipeline.RatisPipelineUtils (RatisPipelineUtils.java:destroyPipeline(66)) - Pipeline destroy failed for pipeline=PipelineID=2528d2e7-86be-4d5e-8d8b-cc489457d0b6 dn=b8edd47f-9a8a-4d8f-b9ea-91b185ba1497{ip: 192.168.36.76, host: trunk-nightly-20190910-vk757-903364635, networkLocation: /default-rack, certSerialId: null}
2019-09-10 05:38:50,953 [grpc-default-executor-12] INFO  impl.RaftServerProxy (RaftServerProxy.java:remove(95)) - 7808bc08-8c64-492d-8125-4fa314b60c8b: remove group-CC489457D0B6:null
2019-09-10 05:38:50,960 [RatisPipelineUtilsThread] WARN  pipeline.RatisPipelineUtils (RatisPipelineUtils.java:destroyPipeline(66)) - Pipeline destroy failed for pipeline=PipelineID=2528d2e7-86be-4d5e-8d8b-cc489457d0b6 dn=7808bc08-8c64-492d-8125-4fa314b60c8b{ip: 192.168.36.76, host: trunk-nightly-20190910-vk757-903364635, networkLocation: /default-rack, certSerialId: null}
2019-09-10 05:38:50,962 [grpc-default-executor-12] INFO  impl.RaftServerProxy (RaftServerProxy.java:remove(95)) - 7ffb1f47-f84a-45ee-8f65-039bc0f66923: remove group-CC489457D0B6:null
2019-09-10 05:38:50,969 [RatisPipelineUtilsThread] WARN  pipeline.RatisPipelineUtils (RatisPipelineUtils.java:destroyPipeline(66)) - Pipeline destroy failed for pipeline=PipelineID=2528d2e7-86be-4d5e-8d8b-cc489457d0b6 dn=7ffb1f47-f84a-45ee-8f65-039bc0f66923{ip: 192.168.36.76, host: trunk-nightly-20190910-vk757-903364635, networkLocation: /default-rack, certSerialId: null}
2019-09-10 05:38:50,969 [RatisPipelineUtilsThread] ERROR pipeline.SCMPipelineManager (Scheduler.java:lambda$schedule$1(70)) - Destroy pipeline failed for pipeline:Pipeline[ Id: 2528d2e7-86be-4d5e-8d8b-cc489457d0b6, Nodes: b8edd47f-9a8a-4d8f-b9ea-91b185ba1497{ip: 192.168.36.76, host: trunk-nightly-20190910-vk757-903364635, networkLocation: /default-rack, certSerialId: null}7808bc08-8c64-492d-8125-4fa314b60c8b{ip: 192.168.36.76, host: trunk-nightly-20190910-vk757-903364635, networkLocation: /default-rack, certSerialId: null}7ffb1f47-f84a-45ee-8f65-039bc0f66923{ip: 192.168.36.76, host: trunk-nightly-20190910-vk757-903364635, networkLocation: /default-rack, certSerialId: null}, Type:RATIS, Factor:THREE, State:CLOSED]
org.apache.hadoop.hdds.scm.pipeline.PipelineNotFoundException: PipelineID=2528d2e7-86be-4d5e-8d8b-cc489457d0b6 not found
	at org.apache.hadoop.hdds.scm.pipeline.PipelineStateMap.getPipeline(PipelineStateMap.java:132)
	at org.apache.hadoop.hdds.scm.pipeline.PipelineStateMap.removePipeline(PipelineStateMap.java:322)
	at org.apache.hadoop.hdds.scm.pipeline.PipelineStateManager.removePipeline(PipelineStateManager.java:107)
	at org.apache.hadoop.hdds.scm.pipeline.SCMPipelineManager.removePipeline(SCMPipelineManager.java:423)
	at org.apache.hadoop.hdds.scm.pipeline.SCMPipelineManager.destroyPipeline(SCMPipelineManager.java:409)
	at org.apache.hadoop.hdds.scm.pipeline.SCMPipelineManager.lambda$finalizeAndDestroyPipeline$0(SCMPipelineManager.java:318)
	at org.apache.hadoop.utils.Scheduler.lambda$schedule$1(Scheduler.java:68)
	at java.util.concurrent.Executors$RunnableAdapter.call(Executors.java:511)
	at java.util.concurrent.FutureTask.run(FutureTask.java:266)
	at java.util.concurrent.ScheduledThreadPoolExecutor$ScheduledFutureTask.access$201(ScheduledThreadPoolExecutor.java:180)
	at java.util.concurrent.ScheduledThreadPoolExecutor$ScheduledFutureTask.run(ScheduledThreadPoolExecutor.java:293)
	at java.util.concurrent.ThreadPoolExecutor.runWorker(ThreadPoolExecutor.java:1149)
	at java.util.concurrent.ThreadPoolExecutor$Worker.run(ThreadPoolExecutor.java:624)
	at java.lang.Thread.run(Thread.java:748)
2019-09-10 05:38:52,942 [grpc-default-executor-11] INFO  impl.RaftServerProxy (RaftServerProxy.java:remove(95)) - b8edd47f-9a8a-4d8f-b9ea-91b185ba1497: remove group-CC489457D0B6:null
2019-09-10 05:38:52,957 [RatisPipelineUtilsThread] WARN  pipeline.RatisPipelineUtils (RatisPipelineUtils.java:destroyPipeline(66)) - Pipeline destroy failed for pipeline=PipelineID=2528d2e7-86be-4d5e-8d8b-cc489457d0b6 dn=b8edd47f-9a8a-4d8f-b9ea-91b185ba1497{ip: 192.168.36.76, host: trunk-nightly-20190910-vk757-903364635, networkLocation: /default-rack, certSerialId: null}
2019-09-10 05:38:52,960 [grpc-default-executor-11] INFO  impl.RaftServerProxy (RaftServerProxy.java:remove(95)) - 7808bc08-8c64-492d-8125-4fa314b60c8b: remove group-CC489457D0B6:null
2019-09-10 05:38:52,965 [RatisPipelineUtilsThread] WARN  pipeline.RatisPipelineUtils (RatisPipelineUtils.java:destroyPipeline(66)) - Pipeline destroy failed for pipeline=PipelineID=2528d2e7-86be-4d5e-8d8b-cc489457d0b6 dn=7808bc08-8c64-492d-8125-4fa314b60c8b{ip: 192.168.36.76, host: trunk-nightly-20190910-vk757-903364635, networkLocation: /default-rack, certSerialId: null}
2019-09-10 05:38:52,967 [grpc-default-executor-11] INFO  impl.RaftServerProxy (RaftServerProxy.java:remove(95)) - 7ffb1f47-f84a-45ee-8f65-039bc0f66923: remove group-CC489457D0B6:null
2019-09-10 05:38:52,973 [RatisPipelineUtilsThread] WARN  pipeline.RatisPipelineUtils (RatisPipelineUtils.java:destroyPipeline(66)) - Pipeline destroy failed for pipeline=PipelineID=2528d2e7-86be-4d5e-8d8b-cc489457d0b6 dn=7ffb1f47-f84a-45ee-8f65-039bc0f66923{ip: 192.168.36.76, host: trunk-nightly-20190910-vk757-903364635, networkLocation: /default-rack, certSerialId: null}
2019-09-10 05:38:52,974 [RatisPipelineUtilsThread] ERROR pipeline.SCMPipelineManager (Scheduler.java:lambda$schedule$1(70)) - Destroy pipeline failed for pipeline:Pipeline[ Id: 2528d2e7-86be-4d5e-8d8b-cc489457d0b6, Nodes: b8edd47f-9a8a-4d8f-b9ea-91b185ba1497{ip: 192.168.36.76, host: trunk-nightly-20190910-vk757-903364635, networkLocation: /default-rack, certSerialId: null}7808bc08-8c64-492d-8125-4fa314b60c8b{ip: 192.168.36.76, host: trunk-nightly-20190910-vk757-903364635, networkLocation: /default-rack, certSerialId: null}7ffb1f47-f84a-45ee-8f65-039bc0f66923{ip: 192.168.36.76, host: trunk-nightly-20190910-vk757-903364635, networkLocation: /default-rack, certSerialId: null}, Type:RATIS, Factor:THREE, State:CLOSED]
org.apache.hadoop.hdds.scm.pipeline.PipelineNotFoundException: PipelineID=2528d2e7-86be-4d5e-8d8b-cc489457d0b6 not found
	at org.apache.hadoop.hdds.scm.pipeline.PipelineStateMap.getPipeline(PipelineStateMap.java:132)
	at org.apache.hadoop.hdds.scm.pipeline.PipelineStateMap.removePipeline(PipelineStateMap.java:322)
	at org.apache.hadoop.hdds.scm.pipeline.PipelineStateManager.removePipeline(PipelineStateManager.java:107)
	at org.apache.hadoop.hdds.scm.pipeline.SCMPipelineManager.removePipeline(SCMPipelineManager.java:423)
	at org.apache.hadoop.hdds.scm.pipeline.SCMPipelineManager.destroyPipeline(SCMPipelineManager.java:409)
	at org.apache.hadoop.hdds.scm.pipeline.SCMPipelineManager.lambda$finalizeAndDestroyPipeline$0(SCMPipelineManager.java:318)
	at org.apache.hadoop.utils.Scheduler.lambda$schedule$1(Scheduler.java:68)
	at java.util.concurrent.Executors$RunnableAdapter.call(Executors.java:511)
	at java.util.concurrent.FutureTask.run(FutureTask.java:266)
	at java.util.concurrent.ScheduledThreadPoolExecutor$ScheduledFutureTask.access$201(ScheduledThreadPoolExecutor.java:180)
	at java.util.concurrent.ScheduledThreadPoolExecutor$ScheduledFutureTask.run(ScheduledThreadPoolExecutor.java:293)
	at java.util.concurrent.ThreadPoolExecutor.runWorker(ThreadPoolExecutor.java:1149)
	at java.util.concurrent.ThreadPoolExecutor$Worker.run(ThreadPoolExecutor.java:624)
	at java.lang.Thread.run(Thread.java:748)
2019-09-10 05:38:54,356 [EventQueue-StaleNodeForStaleNodeHandler] INFO  node.StaleNodeHandler (StaleNodeHandler.java:onMessage(58)) - Datanode 7ffb1f47-f84a-45ee-8f65-039bc0f66923{ip: 192.168.36.76, host: trunk-nightly-20190910-vk757-903364635, networkLocation: /default-rack, certSerialId: null} moved to stale state. Finalizing its pipelines [PipelineID=ea68ab6c-f33b-4349-b283-b56684c043a6, PipelineID=605bd567-9419-44a4-a16d-8ee0600724d6]
2019-09-10 05:38:54,356 [EventQueue-StaleNodeForStaleNodeHandler] INFO  pipeline.SCMPipelineManager (SCMPipelineManager.java:finalizeAndDestroyPipeline(311)) - destroying pipeline:Pipeline[ Id: ea68ab6c-f33b-4349-b283-b56684c043a6, Nodes: b8edd47f-9a8a-4d8f-b9ea-91b185ba1497{ip: 192.168.36.76, host: trunk-nightly-20190910-vk757-903364635, networkLocation: /default-rack, certSerialId: null}7808bc08-8c64-492d-8125-4fa314b60c8b{ip: 192.168.36.76, host: trunk-nightly-20190910-vk757-903364635, networkLocation: /default-rack, certSerialId: null}7ffb1f47-f84a-45ee-8f65-039bc0f66923{ip: 192.168.36.76, host: trunk-nightly-20190910-vk757-903364635, networkLocation: /default-rack, certSerialId: null}, Type:RATIS, Factor:THREE, State:OPEN]
2019-09-10 05:38:54,356 [EventQueue-StaleNodeForStaleNodeHandler] INFO  pipeline.PipelineStateManager (PipelineStateManager.java:finalizePipeline(123)) - Pipeline Pipeline[ Id: ea68ab6c-f33b-4349-b283-b56684c043a6, Nodes: b8edd47f-9a8a-4d8f-b9ea-91b185ba1497{ip: 192.168.36.76, host: trunk-nightly-20190910-vk757-903364635, networkLocation: /default-rack, certSerialId: null}7808bc08-8c64-492d-8125-4fa314b60c8b{ip: 192.168.36.76, host: trunk-nightly-20190910-vk757-903364635, networkLocation: /default-rack, certSerialId: null}7ffb1f47-f84a-45ee-8f65-039bc0f66923{ip: 192.168.36.76, host: trunk-nightly-20190910-vk757-903364635, networkLocation: /default-rack, certSerialId: null}, Type:RATIS, Factor:THREE, State:CLOSED] moved to CLOSED state
2019-09-10 05:38:54,357 [EventQueue-StaleNodeForStaleNodeHandler] INFO  pipeline.SCMPipelineManager (SCMPipelineManager.java:finalizeAndDestroyPipeline(311)) - destroying pipeline:Pipeline[ Id: 605bd567-9419-44a4-a16d-8ee0600724d6, Nodes: 7ffb1f47-f84a-45ee-8f65-039bc0f66923{ip: 192.168.36.76, host: trunk-nightly-20190910-vk757-903364635, networkLocation: /default-rack, certSerialId: null}, Type:RATIS, Factor:ONE, State:OPEN]
2019-09-10 05:38:54,357 [EventQueue-CloseContainerForCloseContainerEventHandler] INFO  container.CloseContainerEventHandler (CloseContainerEventHandler.java:onMessage(61)) - Close container Event triggered for container : #3
2019-09-10 05:38:54,357 [EventQueue-StaleNodeForStaleNodeHandler] INFO  pipeline.PipelineStateManager (PipelineStateManager.java:finalizePipeline(123)) - Pipeline Pipeline[ Id: 605bd567-9419-44a4-a16d-8ee0600724d6, Nodes: 7ffb1f47-f84a-45ee-8f65-039bc0f66923{ip: 192.168.36.76, host: trunk-nightly-20190910-vk757-903364635, networkLocation: /default-rack, certSerialId: null}, Type:RATIS, Factor:ONE, State:CLOSED] moved to CLOSED state
2019-09-10 05:38:54,357 [EventQueue-StaleNodeForStaleNodeHandler] INFO  node.StaleNodeHandler (StaleNodeHandler.java:onMessage(58)) - Datanode b365e7c3-3384-4dda-bf54-3c9a5d02b5a0{ip: 192.168.36.76, host: trunk-nightly-20190910-vk757-903364635, networkLocation: /default-rack, certSerialId: null} moved to stale state. Finalizing its pipelines [PipelineID=f8f5dd72-f7b9-441d-9d7c-0bec4dae2d2d, PipelineID=dc99524c-3982-4956-b46c-b6db05e82c1a]
2019-09-10 05:38:54,357 [EventQueue-StaleNodeForStaleNodeHandler] INFO  pipeline.SCMPipelineManager (SCMPipelineManager.java:finalizeAndDestroyPipeline(311)) - destroying pipeline:Pipeline[ Id: f8f5dd72-f7b9-441d-9d7c-0bec4dae2d2d, Nodes: b365e7c3-3384-4dda-bf54-3c9a5d02b5a0{ip: 192.168.36.76, host: trunk-nightly-20190910-vk757-903364635, networkLocation: /default-rack, certSerialId: null}, Type:RATIS, Factor:ONE, State:OPEN]
2019-09-10 05:38:54,357 [EventQueue-StaleNodeForStaleNodeHandler] INFO  pipeline.PipelineStateManager (PipelineStateManager.java:finalizePipeline(123)) - Pipeline Pipeline[ Id: f8f5dd72-f7b9-441d-9d7c-0bec4dae2d2d, Nodes: b365e7c3-3384-4dda-bf54-3c9a5d02b5a0{ip: 192.168.36.76, host: trunk-nightly-20190910-vk757-903364635, networkLocation: /default-rack, certSerialId: null}, Type:RATIS, Factor:ONE, State:CLOSED] moved to CLOSED state
2019-09-10 05:38:54,357 [EventQueue-StaleNodeForStaleNodeHandler] INFO  pipeline.SCMPipelineManager (SCMPipelineManager.java:finalizeAndDestroyPipeline(311)) - destroying pipeline:Pipeline[ Id: dc99524c-3982-4956-b46c-b6db05e82c1a, Nodes: b365e7c3-3384-4dda-bf54-3c9a5d02b5a0{ip: 192.168.36.76, host: trunk-nightly-20190910-vk757-903364635, networkLocation: /default-rack, certSerialId: null}09940887-b3de-422b-adff-478b86b01adb{ip: 192.168.36.76, host: trunk-nightly-20190910-vk757-903364635, networkLocation: /default-rack, certSerialId: null}6e39a6b0-7c21-4c58-b01b-b05d763a4956{ip: 192.168.36.76, host: trunk-nightly-20190910-vk757-903364635, networkLocation: /default-rack, certSerialId: null}, Type:RATIS, Factor:THREE, State:OPEN]
2019-09-10 05:38:54,358 [EventQueue-StaleNodeForStaleNodeHandler] INFO  pipeline.PipelineStateManager (PipelineStateManager.java:finalizePipeline(123)) - Pipeline Pipeline[ Id: dc99524c-3982-4956-b46c-b6db05e82c1a, Nodes: b365e7c3-3384-4dda-bf54-3c9a5d02b5a0{ip: 192.168.36.76, host: trunk-nightly-20190910-vk757-903364635, networkLocation: /default-rack, certSerialId: null}09940887-b3de-422b-adff-478b86b01adb{ip: 192.168.36.76, host: trunk-nightly-20190910-vk757-903364635, networkLocation: /default-rack, certSerialId: null}6e39a6b0-7c21-4c58-b01b-b05d763a4956{ip: 192.168.36.76, host: trunk-nightly-20190910-vk757-903364635, networkLocation: /default-rack, certSerialId: null}, Type:RATIS, Factor:THREE, State:CLOSED] moved to CLOSED state
2019-09-10 05:38:54,572 [main] INFO  ozoneimpl.OzoneContainer (OzoneContainer.java:stop(231)) - Attempting to stop container services.
2019-09-10 05:38:54,572 [ForkJoinPool.commonPool-worker-0] INFO  ozoneimpl.OzoneContainer (OzoneContainer.java:stop(231)) - Attempting to stop container services.
2019-09-10 05:38:54,574 [main] INFO  impl.RaftServerProxy (RaftServerProxy.java:lambda$close$4(314)) - 7ffb1f47-f84a-45ee-8f65-039bc0f66923: close
2019-09-10 05:38:54,574 [ForkJoinPool.commonPool-worker-0] INFO  impl.RaftServerProxy (RaftServerProxy.java:lambda$close$4(314)) - b365e7c3-3384-4dda-bf54-3c9a5d02b5a0: close
2019-09-10 05:38:54,574 [main] INFO  impl.RaftServerImpl (RaftServerImpl.java:lambda$shutdown$3(251)) - 7ffb1f47-f84a-45ee-8f65-039bc0f66923@group-B56684C043A6: shutdown
2019-09-10 05:38:54,574 [ForkJoinPool.commonPool-worker-0] INFO  impl.RaftServerImpl (RaftServerImpl.java:lambda$shutdown$3(251)) - b365e7c3-3384-4dda-bf54-3c9a5d02b5a0@group-0BEC4DAE2D2D: shutdown
2019-09-10 05:38:54,575 [main] INFO  util.JmxRegister (JmxRegister.java:unregister(73)) - Successfully un-registered JMX Bean with object name Ratis:service=RaftServer,group=group-B56684C043A6,id=7ffb1f47-f84a-45ee-8f65-039bc0f66923
2019-09-10 05:38:54,575 [ForkJoinPool.commonPool-worker-0] INFO  util.JmxRegister (JmxRegister.java:unregister(73)) - Successfully un-registered JMX Bean with object name Ratis:service=RaftServer,group=group-0BEC4DAE2D2D,id=b365e7c3-3384-4dda-bf54-3c9a5d02b5a0
2019-09-10 05:38:54,576 [main] INFO  impl.RoleInfo (RoleInfo.java:shutdownLeaderState(104)) - 7ffb1f47-f84a-45ee-8f65-039bc0f66923: shutdown LeaderState
2019-09-10 05:38:54,576 [ForkJoinPool.commonPool-worker-0] INFO  impl.RoleInfo (RoleInfo.java:shutdownLeaderState(104)) - b365e7c3-3384-4dda-bf54-3c9a5d02b5a0: shutdown LeaderState
2019-09-10 05:38:54,585 [org.apache.ratis.server.impl.LogAppender$AppenderDaemon$$Lambda$512/623231696@228bf64a] WARN  server.GrpcLogAppender (GrpcLogAppender.java:mayWait(143)) - 7ffb1f47-f84a-45ee-8f65-039bc0f66923@group-B56684C043A6->b8edd47f-9a8a-4d8f-b9ea-91b185ba1497-GrpcLogAppender: Wait interrupted by java.lang.InterruptedException
2019-09-10 05:38:54,585 [main] INFO  impl.PendingRequests (PendingRequests.java:sendNotLeaderResponses(202)) - 7ffb1f47-f84a-45ee-8f65-039bc0f66923-PendingRequests: sendNotLeaderResponses
2019-09-10 05:38:54,585 [org.apache.ratis.server.impl.LogAppender$AppenderDaemon$$Lambda$512/623231696@476219d3] WARN  server.GrpcLogAppender (GrpcLogAppender.java:mayWait(143)) - 7ffb1f47-f84a-45ee-8f65-039bc0f66923@group-B56684C043A6->7808bc08-8c64-492d-8125-4fa314b60c8b-GrpcLogAppender: Wait interrupted by java.lang.InterruptedException
2019-09-10 05:38:54,585 [ForkJoinPool.commonPool-worker-0] INFO  impl.PendingRequests (PendingRequests.java:sendNotLeaderResponses(202)) - b365e7c3-3384-4dda-bf54-3c9a5d02b5a0-PendingRequests: sendNotLeaderResponses
2019-09-10 05:38:54,586 [grpc-default-executor-11] INFO  server.GrpcServerProtocolService (GrpcServerProtocolService.java:onCompleted(113)) - 7808bc08-8c64-492d-8125-4fa314b60c8b: Completed APPEND_ENTRIES, lastRequest: 7ffb1f47-f84a-45ee-8f65-039bc0f66923->7808bc08-8c64-492d-8125-4fa314b60c8b#19-t1, previous=(t:1, i:16), leaderCommit=16, initializing? false, entries: <empty>
2019-09-10 05:38:54,586 [grpc-default-executor-12] INFO  server.GrpcServerProtocolService (GrpcServerProtocolService.java:onCompleted(113)) - b8edd47f-9a8a-4d8f-b9ea-91b185ba1497: Completed APPEND_ENTRIES, lastRequest: 7ffb1f47-f84a-45ee-8f65-039bc0f66923->b8edd47f-9a8a-4d8f-b9ea-91b185ba1497#19-t1, previous=(t:1, i:16), leaderCommit=16, initializing? false, entries: <empty>
2019-09-10 05:38:54,592 [7ffb1f47-f84a-45ee-8f65-039bc0f66923@group-B56684C043A6-StateMachineUpdater] INFO  ratis.ContainerStateMachine (ContainerStateMachine.java:takeSnapshot(289)) - group-B56684C043A6: Taking a snapshot at:(t:1, i:14) file /workdir/hadoop-ozone/integration-test/target/test-dir/MiniOzoneClusterImpl-57336a7d-2d72-4251-b84b-f30cd33fc333/datanode-4/data/ratis/ea68ab6c-f33b-4349-b283-b56684c043a6/sm/snapshot.1_14
2019-09-10 05:38:54,592 [main] INFO  impl.StateMachineUpdater (StateMachineUpdater.java:stopAndJoin(125)) - 7ffb1f47-f84a-45ee-8f65-039bc0f66923@group-B56684C043A6-StateMachineUpdater: set stopIndex = 16
2019-09-10 05:38:54,592 [ForkJoinPool.commonPool-worker-0] INFO  impl.StateMachineUpdater (StateMachineUpdater.java:stopAndJoin(125)) - b365e7c3-3384-4dda-bf54-3c9a5d02b5a0@group-0BEC4DAE2D2D-StateMachineUpdater: set stopIndex = 0
2019-09-10 05:38:54,593 [grpc-default-executor-12] INFO  server.GrpcLogAppender (GrpcLogAppender.java:onCompleted(293)) - 7ffb1f47-f84a-45ee-8f65-039bc0f66923@group-B56684C043A6->b8edd47f-9a8a-4d8f-b9ea-91b185ba1497-AppendLogResponseHandler: follower responses appendEntries COMPLETED
2019-09-10 05:38:54,593 [grpc-default-executor-13] INFO  server.GrpcLogAppender (GrpcLogAppender.java:onCompleted(293)) - 7ffb1f47-f84a-45ee-8f65-039bc0f66923@group-B56684C043A6->7808bc08-8c64-492d-8125-4fa314b60c8b-AppendLogResponseHandler: follower responses appendEntries COMPLETED
2019-09-10 05:38:54,594 [grpc-default-executor-12] INFO  impl.FollowerInfo (FollowerInfo.java:lambda$new$0(51)) - 7ffb1f47-f84a-45ee-8f65-039bc0f66923@group-B56684C043A6->b8edd47f-9a8a-4d8f-b9ea-91b185ba1497: nextIndex: updateUnconditionally 17 -> 16
2019-09-10 05:38:54,593 [ForkJoinPool.commonPool-worker-0] INFO  impl.RaftServerImpl (ServerState.java:close(385)) - b365e7c3-3384-4dda-bf54-3c9a5d02b5a0@group-0BEC4DAE2D2D: closes. applyIndex: 0
2019-09-10 05:38:54,594 [grpc-default-executor-13] INFO  impl.FollowerInfo (FollowerInfo.java:lambda$new$0(51)) - 7ffb1f47-f84a-45ee-8f65-039bc0f66923@group-B56684C043A6->7808bc08-8c64-492d-8125-4fa314b60c8b: nextIndex: updateUnconditionally 17 -> 16
2019-09-10 05:38:54,594 [b365e7c3-3384-4dda-bf54-3c9a5d02b5a0@group-0BEC4DAE2D2D-SegmentedRaftLogWorker] INFO  segmented.SegmentedRaftLogWorker (SegmentedRaftLogWorker.java:run(313)) - b365e7c3-3384-4dda-bf54-3c9a5d02b5a0@group-0BEC4DAE2D2D-SegmentedRaftLogWorker was interrupted, exiting. There are 0 tasks remaining in the queue.
2019-09-10 05:38:54,604 [ForkJoinPool.commonPool-worker-0] INFO  segmented.SegmentedRaftLogWorker (SegmentedRaftLogWorker.java:close(228)) - b365e7c3-3384-4dda-bf54-3c9a5d02b5a0@group-0BEC4DAE2D2D-SegmentedRaftLogWorker close()
2019-09-10 05:38:54,610 [ForkJoinPool.commonPool-worker-0] INFO  impl.RaftServerImpl (RaftServerImpl.java:lambda$shutdown$3(251)) - b365e7c3-3384-4dda-bf54-3c9a5d02b5a0@group-B6DB05E82C1A: shutdown
2019-09-10 05:38:54,610 [ForkJoinPool.commonPool-worker-0] INFO  util.JmxRegister (JmxRegister.java:unregister(73)) - Successfully un-registered JMX Bean with object name Ratis:service=RaftServer,group=group-B6DB05E82C1A,id=b365e7c3-3384-4dda-bf54-3c9a5d02b5a0
2019-09-10 05:38:54,610 [ForkJoinPool.commonPool-worker-0] INFO  impl.RoleInfo (RoleInfo.java:shutdownLeaderState(104)) - b365e7c3-3384-4dda-bf54-3c9a5d02b5a0: shutdown LeaderState
2019-09-10 05:38:54,616 [ForkJoinPool.commonPool-worker-0] INFO  impl.PendingRequests (PendingRequests.java:sendNotLeaderResponses(202)) - b365e7c3-3384-4dda-bf54-3c9a5d02b5a0-PendingRequests: sendNotLeaderResponses
2019-09-10 05:38:54,616 [org.apache.ratis.server.impl.LogAppender$AppenderDaemon$$Lambda$512/623231696@57f73d62] WARN  server.GrpcLogAppender (GrpcLogAppender.java:mayWait(143)) - b365e7c3-3384-4dda-bf54-3c9a5d02b5a0@group-B6DB05E82C1A->09940887-b3de-422b-adff-478b86b01adb-GrpcLogAppender: Wait interrupted by java.lang.InterruptedException
2019-09-10 05:38:54,616 [org.apache.ratis.server.impl.LogAppender$AppenderDaemon$$Lambda$512/623231696@21dd712e] WARN  server.GrpcLogAppender (GrpcLogAppender.java:mayWait(143)) - b365e7c3-3384-4dda-bf54-3c9a5d02b5a0@group-B6DB05E82C1A->6e39a6b0-7c21-4c58-b01b-b05d763a4956-GrpcLogAppender: Wait interrupted by java.lang.InterruptedException
2019-09-10 05:38:54,616 [ForkJoinPool.commonPool-worker-0] INFO  impl.StateMachineUpdater (StateMachineUpdater.java:stopAndJoin(125)) - b365e7c3-3384-4dda-bf54-3c9a5d02b5a0@group-B6DB05E82C1A-StateMachineUpdater: set stopIndex = 0
2019-09-10 05:38:54,617 [ForkJoinPool.commonPool-worker-0] INFO  impl.RaftServerImpl (ServerState.java:close(385)) - b365e7c3-3384-4dda-bf54-3c9a5d02b5a0@group-B6DB05E82C1A: closes. applyIndex: 0
2019-09-10 05:38:54,617 [grpc-default-executor-12] INFO  server.GrpcServerProtocolService (GrpcServerProtocolService.java:onCompleted(113)) - 09940887-b3de-422b-adff-478b86b01adb: Completed APPEND_ENTRIES, lastRequest: b365e7c3-3384-4dda-bf54-3c9a5d02b5a0->09940887-b3de-422b-adff-478b86b01adb#81-t1, previous=(t:1, i:0), leaderCommit=0, initializing? false, entries: <empty>
2019-09-10 05:38:54,617 [grpc-default-executor-13] INFO  server.GrpcServerProtocolService (GrpcServerProtocolService.java:onCompleted(113)) - 6e39a6b0-7c21-4c58-b01b-b05d763a4956: Completed APPEND_ENTRIES, lastRequest: b365e7c3-3384-4dda-bf54-3c9a5d02b5a0->6e39a6b0-7c21-4c58-b01b-b05d763a4956#81-t1, previous=(t:1, i:0), leaderCommit=0, initializing? false, entries: <empty>
2019-09-10 05:38:54,617 [b365e7c3-3384-4dda-bf54-3c9a5d02b5a0@group-B6DB05E82C1A-SegmentedRaftLogWorker] INFO  segmented.SegmentedRaftLogWorker (SegmentedRaftLogWorker.java:run(313)) - b365e7c3-3384-4dda-bf54-3c9a5d02b5a0@group-B6DB05E82C1A-SegmentedRaftLogWorker was interrupted, exiting. There are 0 tasks remaining in the queue.
2019-09-10 05:38:54,617 [grpc-default-executor-13] INFO  server.GrpcLogAppender (GrpcLogAppender.java:onCompleted(293)) - b365e7c3-3384-4dda-bf54-3c9a5d02b5a0@group-B6DB05E82C1A->09940887-b3de-422b-adff-478b86b01adb-AppendLogResponseHandler: follower responses appendEntries COMPLETED
2019-09-10 05:38:54,620 [ForkJoinPool.commonPool-worker-0] INFO  segmented.SegmentedRaftLogWorker (SegmentedRaftLogWorker.java:close(228)) - b365e7c3-3384-4dda-bf54-3c9a5d02b5a0@group-B6DB05E82C1A-SegmentedRaftLogWorker close()
2019-09-10 05:38:54,620 [grpc-default-executor-12] INFO  server.GrpcLogAppender (GrpcLogAppender.java:onCompleted(293)) - b365e7c3-3384-4dda-bf54-3c9a5d02b5a0@group-B6DB05E82C1A->6e39a6b0-7c21-4c58-b01b-b05d763a4956-AppendLogResponseHandler: follower responses appendEntries COMPLETED
2019-09-10 05:38:54,620 [grpc-default-executor-13] INFO  impl.FollowerInfo (FollowerInfo.java:lambda$new$0(51)) - b365e7c3-3384-4dda-bf54-3c9a5d02b5a0@group-B6DB05E82C1A->09940887-b3de-422b-adff-478b86b01adb: nextIndex: updateUnconditionally 1 -> 0
2019-09-10 05:38:54,625 [grpc-default-executor-12] INFO  impl.FollowerInfo (FollowerInfo.java:lambda$new$0(51)) - b365e7c3-3384-4dda-bf54-3c9a5d02b5a0@group-B6DB05E82C1A->6e39a6b0-7c21-4c58-b01b-b05d763a4956: nextIndex: updateUnconditionally 1 -> 0
2019-09-10 05:38:54,625 [ForkJoinPool.commonPool-worker-0] INFO  server.GrpcService (GrpcService.java:closeImpl(164)) - b365e7c3-3384-4dda-bf54-3c9a5d02b5a0: shutdown server with port 44254 now
2019-09-10 05:38:54,626 [ForkJoinPool.commonPool-worker-0] INFO  server.GrpcService (GrpcService.java:closeImpl(172)) - b365e7c3-3384-4dda-bf54-3c9a5d02b5a0: shutdown server with port 44254 successfully
2019-09-10 05:38:54,629 [7ffb1f47-f84a-45ee-8f65-039bc0f66923@group-B56684C043A6-StateMachineUpdater] INFO  ratis.ContainerStateMachine (ContainerStateMachine.java:takeSnapshot(300)) - group-B56684C043A6: Finished taking a snapshot at:(t:1, i:14) file:/workdir/hadoop-ozone/integration-test/target/test-dir/MiniOzoneClusterImpl-57336a7d-2d72-4251-b84b-f30cd33fc333/datanode-4/data/ratis/ea68ab6c-f33b-4349-b283-b56684c043a6/sm/snapshot.1_14 time:37
2019-09-10 05:38:54,629 [7ffb1f47-f84a-45ee-8f65-039bc0f66923@group-B56684C043A6-StateMachineUpdater] INFO  impl.StateMachineUpdater (StateMachineUpdater.java:takeSnapshot(258)) - 7ffb1f47-f84a-45ee-8f65-039bc0f66923@group-B56684C043A6-StateMachineUpdater: Took a snapshot at index 14
2019-09-10 05:38:54,629 [7ffb1f47-f84a-45ee-8f65-039bc0f66923@group-B56684C043A6-StateMachineUpdater] INFO  impl.StateMachineUpdater (StateMachineUpdater.java:lambda$new$0(83)) - 7ffb1f47-f84a-45ee-8f65-039bc0f66923@group-B56684C043A6-StateMachineUpdater: snapshotIndex: updateIncreasingly -1 -> 14
2019-09-10 05:38:54,630 [7ffb1f47-f84a-45ee-8f65-039bc0f66923@group-B56684C043A6-StateMachineUpdater] INFO  ratis.ContainerStateMachine (ContainerStateMachine.java:takeSnapshot(289)) - group-B56684C043A6: Taking a snapshot at:(t:1, i:14) file /workdir/hadoop-ozone/integration-test/target/test-dir/MiniOzoneClusterImpl-57336a7d-2d72-4251-b84b-f30cd33fc333/datanode-4/data/ratis/ea68ab6c-f33b-4349-b283-b56684c043a6/sm/snapshot.1_14
2019-09-10 05:38:54,633 [refreshUsed-/workdir/hadoop-ozone/integration-test/target/test-dir/MiniOzoneClusterImpl-57336a7d-2d72-4251-b84b-f30cd33fc333/datanode-1/data/containers] WARN  fs.CachingGetSpaceUsed (CachingGetSpaceUsed.java:run(183)) - Thread Interrupted waiting to refresh disk information: sleep interrupted
2019-09-10 05:38:54,643 [7ffb1f47-f84a-45ee-8f65-039bc0f66923@group-B56684C043A6-StateMachineUpdater] INFO  ratis.ContainerStateMachine (ContainerStateMachine.java:takeSnapshot(300)) - group-B56684C043A6: Finished taking a snapshot at:(t:1, i:14) file:/workdir/hadoop-ozone/integration-test/target/test-dir/MiniOzoneClusterImpl-57336a7d-2d72-4251-b84b-f30cd33fc333/datanode-4/data/ratis/ea68ab6c-f33b-4349-b283-b56684c043a6/sm/snapshot.1_14 time:13
2019-09-10 05:38:54,643 [7ffb1f47-f84a-45ee-8f65-039bc0f66923@group-B56684C043A6-StateMachineUpdater] INFO  impl.StateMachineUpdater (StateMachineUpdater.java:takeSnapshot(258)) - 7ffb1f47-f84a-45ee-8f65-039bc0f66923@group-B56684C043A6-StateMachineUpdater: Took a snapshot at index 14
2019-09-10 05:38:54,643 [7ffb1f47-f84a-45ee-8f65-039bc0f66923@group-B56684C043A6-StateMachineUpdater] INFO  impl.StateMachineUpdater (StateMachineUpdater.java:lambda$new$0(83)) - 7ffb1f47-f84a-45ee-8f65-039bc0f66923@group-B56684C043A6-StateMachineUpdater: snapshotIndex: updateIncreasingly 14 -> 14
2019-09-10 05:38:54,643 [main] INFO  impl.RaftServerImpl (ServerState.java:close(385)) - 7ffb1f47-f84a-45ee-8f65-039bc0f66923@group-B56684C043A6: closes. applyIndex: 16
2019-09-10 05:38:54,644 [7ffb1f47-f84a-45ee-8f65-039bc0f66923@group-B56684C043A6-SegmentedRaftLogWorker] INFO  segmented.SegmentedRaftLogWorker (SegmentedRaftLogWorker.java:run(313)) - 7ffb1f47-f84a-45ee-8f65-039bc0f66923@group-B56684C043A6-SegmentedRaftLogWorker was interrupted, exiting. There are 0 tasks remaining in the queue.
2019-09-10 05:38:54,646 [main] INFO  segmented.SegmentedRaftLogWorker (SegmentedRaftLogWorker.java:close(228)) - 7ffb1f47-f84a-45ee-8f65-039bc0f66923@group-B56684C043A6-SegmentedRaftLogWorker close()
2019-09-10 05:38:54,651 [main] INFO  impl.RaftServerImpl (RaftServerImpl.java:lambda$shutdown$3(251)) - 7ffb1f47-f84a-45ee-8f65-039bc0f66923@group-8EE0600724D6: shutdown
2019-09-10 05:38:54,652 [main] INFO  util.JmxRegister (JmxRegister.java:unregister(73)) - Successfully un-registered JMX Bean with object name Ratis:service=RaftServer,group=group-8EE0600724D6,id=7ffb1f47-f84a-45ee-8f65-039bc0f66923
2019-09-10 05:38:54,652 [main] INFO  impl.RoleInfo (RoleInfo.java:shutdownLeaderState(104)) - 7ffb1f47-f84a-45ee-8f65-039bc0f66923: shutdown LeaderState
2019-09-10 05:38:54,652 [main] INFO  impl.PendingRequests (PendingRequests.java:sendNotLeaderResponses(202)) - 7ffb1f47-f84a-45ee-8f65-039bc0f66923-PendingRequests: sendNotLeaderResponses
2019-09-10 05:38:54,653 [main] INFO  impl.StateMachineUpdater (StateMachineUpdater.java:stopAndJoin(125)) - 7ffb1f47-f84a-45ee-8f65-039bc0f66923@group-8EE0600724D6-StateMachineUpdater: set stopIndex = 0
2019-09-10 05:38:54,653 [main] INFO  impl.RaftServerImpl (ServerState.java:close(385)) - 7ffb1f47-f84a-45ee-8f65-039bc0f66923@group-8EE0600724D6: closes. applyIndex: 0
2019-09-10 05:38:54,654 [7ffb1f47-f84a-45ee-8f65-039bc0f66923@group-8EE0600724D6-SegmentedRaftLogWorker] INFO  segmented.SegmentedRaftLogWorker (SegmentedRaftLogWorker.java:run(313)) - 7ffb1f47-f84a-45ee-8f65-039bc0f66923@group-8EE0600724D6-SegmentedRaftLogWorker was interrupted, exiting. There are 0 tasks remaining in the queue.
2019-09-10 05:38:54,656 [main] INFO  segmented.SegmentedRaftLogWorker (SegmentedRaftLogWorker.java:close(228)) - 7ffb1f47-f84a-45ee-8f65-039bc0f66923@group-8EE0600724D6-SegmentedRaftLogWorker close()
2019-09-10 05:38:54,661 [main] INFO  server.GrpcService (GrpcService.java:closeImpl(164)) - 7ffb1f47-f84a-45ee-8f65-039bc0f66923: shutdown server with port 38017 now
2019-09-10 05:38:54,661 [grpc-default-executor-11] WARN  client.GrpcClientProtocolService (LogUtils.java:warn(134)) - 26-UnorderedRequestStreamObserver26: onError: org.apache.ratis.thirdparty.io.grpc.StatusRuntimeException: CANCELLED: cancelled before receiving half close
2019-09-10 05:38:54,662 [main] INFO  server.GrpcService (GrpcService.java:closeImpl(172)) - 7ffb1f47-f84a-45ee-8f65-039bc0f66923: shutdown server with port 38017 successfully
2019-09-10 05:38:54,662 [ForkJoinPool.commonPool-worker-0] INFO  utils.BackgroundService (BackgroundService.java:shutdown(148)) - Shutting down service BlockDeletingService
2019-09-10 05:38:54,671 [ForkJoinPool.commonPool-worker-0] INFO  statemachine.DatanodeStateMachine (DatanodeStateMachine.java:stopDaemon(395)) - Ozone container server stopped.
2019-09-10 05:38:54,671 [refreshUsed-/workdir/hadoop-ozone/integration-test/target/test-dir/MiniOzoneClusterImpl-57336a7d-2d72-4251-b84b-f30cd33fc333/datanode-4/data/containers] WARN  fs.CachingGetSpaceUsed (CachingGetSpaceUsed.java:run(183)) - Thread Interrupted waiting to refresh disk information: sleep interrupted
2019-09-10 05:38:54,680 [ForkJoinPool.commonPool-worker-0] INFO  handler.ContextHandler (ContextHandler.java:doStop(910)) - Stopped o.e.j.w.WebAppContext@4aa3fc9a{/,null,UNAVAILABLE}{/hddsDatanode}
2019-09-10 05:38:54,682 [ForkJoinPool.commonPool-worker-0] INFO  server.AbstractConnector (AbstractConnector.java:doStop(318)) - Stopped ServerConnector@70f4f89e{HTTP/1.1,[http/1.1]}{0.0.0.0:0}
2019-09-10 05:38:54,684 [ForkJoinPool.commonPool-worker-0] INFO  handler.ContextHandler (ContextHandler.java:doStop(910)) - Stopped o.e.j.s.ServletContextHandler@63db743d{/static,jar:file:/home/user/.m2/repository/org/apache/hadoop/hadoop-hdds-container-service/0.5.0-SNAPSHOT/hadoop-hdds-container-service-0.5.0-SNAPSHOT.jar!/webapps/static,UNAVAILABLE}
2019-09-10 05:38:54,686 [ForkJoinPool.commonPool-worker-0] INFO  handler.ContextHandler (ContextHandler.java:doStop(910)) - Stopped o.e.j.s.ServletContextHandler@1de7f898{/logs,file:///workdir/hadoop-ozone/integration-test/target/log,UNAVAILABLE}
2019-09-10 05:38:54,697 [main] INFO  utils.BackgroundService (BackgroundService.java:shutdown(148)) - Shutting down service BlockDeletingService
2019-09-10 05:38:54,703 [main] INFO  statemachine.DatanodeStateMachine (DatanodeStateMachine.java:stopDaemon(395)) - Ozone container server stopped.
2019-09-10 05:38:54,704 [main] INFO  handler.ContextHandler (ContextHandler.java:doStop(910)) - Stopped o.e.j.w.WebAppContext@2262f0d8{/,null,UNAVAILABLE}{/hddsDatanode}
2019-09-10 05:38:54,705 [main] INFO  server.AbstractConnector (AbstractConnector.java:doStop(318)) - Stopped ServerConnector@283a8ad6{HTTP/1.1,[http/1.1]}{0.0.0.0:0}
2019-09-10 05:38:54,705 [main] INFO  handler.ContextHandler (ContextHandler.java:doStop(910)) - Stopped o.e.j.s.ServletContextHandler@64f32e9e{/static,jar:file:/home/user/.m2/repository/org/apache/hadoop/hadoop-hdds-container-service/0.5.0-SNAPSHOT/hadoop-hdds-container-service-0.5.0-SNAPSHOT.jar!/webapps/static,UNAVAILABLE}
2019-09-10 05:38:54,705 [main] INFO  handler.ContextHandler (ContextHandler.java:doStop(910)) - Stopped o.e.j.s.ServletContextHandler@54329480{/logs,file:///workdir/hadoop-ozone/integration-test/target/log,UNAVAILABLE}
2019-09-10 05:38:55,331 [Datanode State Machine Thread - 0] INFO  statemachine.DatanodeStateMachine (DatanodeStateMachine.java:lambda$startDaemon$0(350)) - Ozone container server started.
2019-09-10 05:38:55,331 [Datanode State Machine Thread - 0] INFO  statemachine.DatanodeStateMachine (DatanodeStateMachine.java:lambda$startDaemon$0(350)) - Ozone container server started.
2019-09-10 05:38:55,930 [grpc-default-executor-11] INFO  impl.RaftServerProxy (RaftServerProxy.java:remove(95)) - b8edd47f-9a8a-4d8f-b9ea-91b185ba1497: remove group-CC489457D0B6:null
2019-09-10 05:38:55,938 [RatisPipelineUtilsThread] WARN  pipeline.RatisPipelineUtils (RatisPipelineUtils.java:destroyPipeline(66)) - Pipeline destroy failed for pipeline=PipelineID=2528d2e7-86be-4d5e-8d8b-cc489457d0b6 dn=b8edd47f-9a8a-4d8f-b9ea-91b185ba1497{ip: 192.168.36.76, host: trunk-nightly-20190910-vk757-903364635, networkLocation: /default-rack, certSerialId: null}
2019-09-10 05:38:55,940 [grpc-default-executor-11] INFO  impl.RaftServerProxy (RaftServerProxy.java:remove(95)) - 7808bc08-8c64-492d-8125-4fa314b60c8b: remove group-CC489457D0B6:null
2019-09-10 05:38:55,945 [RatisPipelineUtilsThread] WARN  pipeline.RatisPipelineUtils (RatisPipelineUtils.java:destroyPipeline(66)) - Pipeline destroy failed for pipeline=PipelineID=2528d2e7-86be-4d5e-8d8b-cc489457d0b6 dn=7808bc08-8c64-492d-8125-4fa314b60c8b{ip: 192.168.36.76, host: trunk-nightly-20190910-vk757-903364635, networkLocation: /default-rack, certSerialId: null}
2019-09-10 05:38:55,947 [RatisPipelineUtilsThread] WARN  pipeline.RatisPipelineUtils (RatisPipelineUtils.java:destroyPipeline(66)) - Pipeline destroy failed for pipeline=PipelineID=2528d2e7-86be-4d5e-8d8b-cc489457d0b6 dn=7ffb1f47-f84a-45ee-8f65-039bc0f66923{ip: 192.168.36.76, host: trunk-nightly-20190910-vk757-903364635, networkLocation: /default-rack, certSerialId: null}
2019-09-10 05:38:55,947 [RatisPipelineUtilsThread] ERROR pipeline.SCMPipelineManager (Scheduler.java:lambda$schedule$1(70)) - Destroy pipeline failed for pipeline:Pipeline[ Id: 2528d2e7-86be-4d5e-8d8b-cc489457d0b6, Nodes: b8edd47f-9a8a-4d8f-b9ea-91b185ba1497{ip: 192.168.36.76, host: trunk-nightly-20190910-vk757-903364635, networkLocation: /default-rack, certSerialId: null}7808bc08-8c64-492d-8125-4fa314b60c8b{ip: 192.168.36.76, host: trunk-nightly-20190910-vk757-903364635, networkLocation: /default-rack, certSerialId: null}7ffb1f47-f84a-45ee-8f65-039bc0f66923{ip: 192.168.36.76, host: trunk-nightly-20190910-vk757-903364635, networkLocation: /default-rack, certSerialId: null}, Type:RATIS, Factor:THREE, State:CLOSED]
org.apache.hadoop.hdds.scm.pipeline.PipelineNotFoundException: PipelineID=2528d2e7-86be-4d5e-8d8b-cc489457d0b6 not found
	at org.apache.hadoop.hdds.scm.pipeline.PipelineStateMap.getPipeline(PipelineStateMap.java:132)
	at org.apache.hadoop.hdds.scm.pipeline.PipelineStateMap.removePipeline(PipelineStateMap.java:322)
	at org.apache.hadoop.hdds.scm.pipeline.PipelineStateManager.removePipeline(PipelineStateManager.java:107)
	at org.apache.hadoop.hdds.scm.pipeline.SCMPipelineManager.removePipeline(SCMPipelineManager.java:423)
	at org.apache.hadoop.hdds.scm.pipeline.SCMPipelineManager.destroyPipeline(SCMPipelineManager.java:409)
	at org.apache.hadoop.hdds.scm.pipeline.SCMPipelineManager.lambda$finalizeAndDestroyPipeline$0(SCMPipelineManager.java:318)
	at org.apache.hadoop.utils.Scheduler.lambda$schedule$1(Scheduler.java:68)
	at java.util.concurrent.Executors$RunnableAdapter.call(Executors.java:511)
	at java.util.concurrent.FutureTask.run(FutureTask.java:266)
	at java.util.concurrent.ScheduledThreadPoolExecutor$ScheduledFutureTask.access$201(ScheduledThreadPoolExecutor.java:180)
	at java.util.concurrent.ScheduledThreadPoolExecutor$ScheduledFutureTask.run(ScheduledThreadPoolExecutor.java:293)
	at java.util.concurrent.ThreadPoolExecutor.runWorker(ThreadPoolExecutor.java:1149)
	at java.util.concurrent.ThreadPoolExecutor$Worker.run(ThreadPoolExecutor.java:624)
	at java.lang.Thread.run(Thread.java:748)
2019-09-10 05:38:57,941 [grpc-default-executor-11] INFO  impl.RaftServerProxy (RaftServerProxy.java:remove(95)) - b8edd47f-9a8a-4d8f-b9ea-91b185ba1497: remove group-CC489457D0B6:null
2019-09-10 05:38:57,954 [RatisPipelineUtilsThread] WARN  pipeline.RatisPipelineUtils (RatisPipelineUtils.java:destroyPipeline(66)) - Pipeline destroy failed for pipeline=PipelineID=2528d2e7-86be-4d5e-8d8b-cc489457d0b6 dn=b8edd47f-9a8a-4d8f-b9ea-91b185ba1497{ip: 192.168.36.76, host: trunk-nightly-20190910-vk757-903364635, networkLocation: /default-rack, certSerialId: null}
2019-09-10 05:38:57,956 [grpc-default-executor-11] INFO  impl.RaftServerProxy (RaftServerProxy.java:remove(95)) - 7808bc08-8c64-492d-8125-4fa314b60c8b: remove group-CC489457D0B6:null
2019-09-10 05:38:57,962 [RatisPipelineUtilsThread] WARN  pipeline.RatisPipelineUtils (RatisPipelineUtils.java:destroyPipeline(66)) - Pipeline destroy failed for pipeline=PipelineID=2528d2e7-86be-4d5e-8d8b-cc489457d0b6 dn=7808bc08-8c64-492d-8125-4fa314b60c8b{ip: 192.168.36.76, host: trunk-nightly-20190910-vk757-903364635, networkLocation: /default-rack, certSerialId: null}
2019-09-10 05:38:57,964 [RatisPipelineUtilsThread] WARN  pipeline.RatisPipelineUtils (RatisPipelineUtils.java:destroyPipeline(66)) - Pipeline destroy failed for pipeline=PipelineID=2528d2e7-86be-4d5e-8d8b-cc489457d0b6 dn=7ffb1f47-f84a-45ee-8f65-039bc0f66923{ip: 192.168.36.76, host: trunk-nightly-20190910-vk757-903364635, networkLocation: /default-rack, certSerialId: null}
2019-09-10 05:38:57,965 [RatisPipelineUtilsThread] ERROR pipeline.SCMPipelineManager (Scheduler.java:lambda$schedule$1(70)) - Destroy pipeline failed for pipeline:Pipeline[ Id: 2528d2e7-86be-4d5e-8d8b-cc489457d0b6, Nodes: b8edd47f-9a8a-4d8f-b9ea-91b185ba1497{ip: 192.168.36.76, host: trunk-nightly-20190910-vk757-903364635, networkLocation: /default-rack, certSerialId: null}7808bc08-8c64-492d-8125-4fa314b60c8b{ip: 192.168.36.76, host: trunk-nightly-20190910-vk757-903364635, networkLocation: /default-rack, certSerialId: null}7ffb1f47-f84a-45ee-8f65-039bc0f66923{ip: 192.168.36.76, host: trunk-nightly-20190910-vk757-903364635, networkLocation: /default-rack, certSerialId: null}, Type:RATIS, Factor:THREE, State:CLOSED]
org.apache.hadoop.hdds.scm.pipeline.PipelineNotFoundException: PipelineID=2528d2e7-86be-4d5e-8d8b-cc489457d0b6 not found
	at org.apache.hadoop.hdds.scm.pipeline.PipelineStateMap.getPipeline(PipelineStateMap.java:132)
	at org.apache.hadoop.hdds.scm.pipeline.PipelineStateMap.removePipeline(PipelineStateMap.java:322)
	at org.apache.hadoop.hdds.scm.pipeline.PipelineStateManager.removePipeline(PipelineStateManager.java:107)
	at org.apache.hadoop.hdds.scm.pipeline.SCMPipelineManager.removePipeline(SCMPipelineManager.java:423)
	at org.apache.hadoop.hdds.scm.pipeline.SCMPipelineManager.destroyPipeline(SCMPipelineManager.java:409)
	at org.apache.hadoop.hdds.scm.pipeline.SCMPipelineManager.lambda$finalizeAndDestroyPipeline$0(SCMPipelineManager.java:318)
	at org.apache.hadoop.utils.Scheduler.lambda$schedule$1(Scheduler.java:68)
	at java.util.concurrent.Executors$RunnableAdapter.call(Executors.java:511)
	at java.util.concurrent.FutureTask.run(FutureTask.java:266)
	at java.util.concurrent.ScheduledThreadPoolExecutor$ScheduledFutureTask.access$201(ScheduledThreadPoolExecutor.java:180)
	at java.util.concurrent.ScheduledThreadPoolExecutor$ScheduledFutureTask.run(ScheduledThreadPoolExecutor.java:293)
	at java.util.concurrent.ThreadPoolExecutor.runWorker(ThreadPoolExecutor.java:1149)
	at java.util.concurrent.ThreadPoolExecutor$Worker.run(ThreadPoolExecutor.java:624)
	at java.lang.Thread.run(Thread.java:748)
2019-09-10 05:38:59,364 [EventQueue-StaleNodeForStaleNodeHandler] INFO  node.StaleNodeHandler (StaleNodeHandler.java:onMessage(58)) - Datanode b8edd47f-9a8a-4d8f-b9ea-91b185ba1497{ip: 192.168.36.76, host: trunk-nightly-20190910-vk757-903364635, networkLocation: /default-rack, certSerialId: null} moved to stale state. Finalizing its pipelines [PipelineID=ea68ab6c-f33b-4349-b283-b56684c043a6, PipelineID=7c6d299b-6fe8-4c42-a8c9-797fc26d566e]
2019-09-10 05:38:59,364 [EventQueue-StaleNodeForStaleNodeHandler] INFO  pipeline.SCMPipelineManager (SCMPipelineManager.java:finalizeAndDestroyPipeline(311)) - destroying pipeline:Pipeline[ Id: ea68ab6c-f33b-4349-b283-b56684c043a6, Nodes: b8edd47f-9a8a-4d8f-b9ea-91b185ba1497{ip: 192.168.36.76, host: trunk-nightly-20190910-vk757-903364635, networkLocation: /default-rack, certSerialId: null}7808bc08-8c64-492d-8125-4fa314b60c8b{ip: 192.168.36.76, host: trunk-nightly-20190910-vk757-903364635, networkLocation: /default-rack, certSerialId: null}7ffb1f47-f84a-45ee-8f65-039bc0f66923{ip: 192.168.36.76, host: trunk-nightly-20190910-vk757-903364635, networkLocation: /default-rack, certSerialId: null}, Type:RATIS, Factor:THREE, State:CLOSED]
2019-09-10 05:38:59,364 [EventQueue-StaleNodeForStaleNodeHandler] INFO  pipeline.SCMPipelineManager (SCMPipelineManager.java:finalizeAndDestroyPipeline(311)) - destroying pipeline:Pipeline[ Id: 7c6d299b-6fe8-4c42-a8c9-797fc26d566e, Nodes: b8edd47f-9a8a-4d8f-b9ea-91b185ba1497{ip: 192.168.36.76, host: trunk-nightly-20190910-vk757-903364635, networkLocation: /default-rack, certSerialId: null}, Type:RATIS, Factor:ONE, State:OPEN]
2019-09-10 05:38:59,364 [EventQueue-StaleNodeForStaleNodeHandler] INFO  pipeline.PipelineStateManager (PipelineStateManager.java:finalizePipeline(123)) - Pipeline Pipeline[ Id: 7c6d299b-6fe8-4c42-a8c9-797fc26d566e, Nodes: b8edd47f-9a8a-4d8f-b9ea-91b185ba1497{ip: 192.168.36.76, host: trunk-nightly-20190910-vk757-903364635, networkLocation: /default-rack, certSerialId: null}, Type:RATIS, Factor:ONE, State:CLOSED] moved to CLOSED state
2019-09-10 05:38:59,364 [EventQueue-StaleNodeForStaleNodeHandler] INFO  node.StaleNodeHandler (StaleNodeHandler.java:onMessage(58)) - Datanode 7808bc08-8c64-492d-8125-4fa314b60c8b{ip: 192.168.36.76, host: trunk-nightly-20190910-vk757-903364635, networkLocation: /default-rack, certSerialId: null} moved to stale state. Finalizing its pipelines [PipelineID=c9746860-a7e3-40ce-8c39-4113a7ffae38, PipelineID=ea68ab6c-f33b-4349-b283-b56684c043a6]
2019-09-10 05:38:59,364 [EventQueue-StaleNodeForStaleNodeHandler] INFO  pipeline.SCMPipelineManager (SCMPipelineManager.java:finalizeAndDestroyPipeline(311)) - destroying pipeline:Pipeline[ Id: c9746860-a7e3-40ce-8c39-4113a7ffae38, Nodes: 7808bc08-8c64-492d-8125-4fa314b60c8b{ip: 192.168.36.76, host: trunk-nightly-20190910-vk757-903364635, networkLocation: /default-rack, certSerialId: null}, Type:RATIS, Factor:ONE, State:OPEN]
2019-09-10 05:38:59,364 [EventQueue-StaleNodeForStaleNodeHandler] INFO  pipeline.PipelineStateManager (PipelineStateManager.java:finalizePipeline(123)) - Pipeline Pipeline[ Id: c9746860-a7e3-40ce-8c39-4113a7ffae38, Nodes: 7808bc08-8c64-492d-8125-4fa314b60c8b{ip: 192.168.36.76, host: trunk-nightly-20190910-vk757-903364635, networkLocation: /default-rack, certSerialId: null}, Type:RATIS, Factor:ONE, State:CLOSED] moved to CLOSED state
2019-09-10 05:38:59,364 [EventQueue-StaleNodeForStaleNodeHandler] INFO  pipeline.SCMPipelineManager (SCMPipelineManager.java:finalizeAndDestroyPipeline(311)) - destroying pipeline:Pipeline[ Id: ea68ab6c-f33b-4349-b283-b56684c043a6, Nodes: b8edd47f-9a8a-4d8f-b9ea-91b185ba1497{ip: 192.168.36.76, host: trunk-nightly-20190910-vk757-903364635, networkLocation: /default-rack, certSerialId: null}7808bc08-8c64-492d-8125-4fa314b60c8b{ip: 192.168.36.76, host: trunk-nightly-20190910-vk757-903364635, networkLocation: /default-rack, certSerialId: null}7ffb1f47-f84a-45ee-8f65-039bc0f66923{ip: 192.168.36.76, host: trunk-nightly-20190910-vk757-903364635, networkLocation: /default-rack, certSerialId: null}, Type:RATIS, Factor:THREE, State:CLOSED]
2019-09-10 05:38:59,688 [ForkJoinPool.commonPool-worker-0] INFO  ozoneimpl.OzoneContainer (OzoneContainer.java:stop(231)) - Attempting to stop container services.
2019-09-10 05:38:59,688 [ForkJoinPool.commonPool-worker-0] INFO  impl.RaftServerProxy (RaftServerProxy.java:lambda$close$4(314)) - b8edd47f-9a8a-4d8f-b9ea-91b185ba1497: close
2019-09-10 05:38:59,689 [ForkJoinPool.commonPool-worker-0] INFO  impl.RaftServerImpl (RaftServerImpl.java:lambda$shutdown$3(251)) - b8edd47f-9a8a-4d8f-b9ea-91b185ba1497@group-B56684C043A6: shutdown
2019-09-10 05:38:59,689 [ForkJoinPool.commonPool-worker-0] INFO  util.JmxRegister (JmxRegister.java:unregister(73)) - Successfully un-registered JMX Bean with object name Ratis:service=RaftServer,group=group-B56684C043A6,id=b8edd47f-9a8a-4d8f-b9ea-91b185ba1497
2019-09-10 05:38:59,690 [ForkJoinPool.commonPool-worker-0] INFO  impl.RoleInfo (RoleInfo.java:shutdownFollowerState(121)) - b8edd47f-9a8a-4d8f-b9ea-91b185ba1497: shutdown FollowerState
2019-09-10 05:38:59,690 [ForkJoinPool.commonPool-worker-0] INFO  impl.StateMachineUpdater (StateMachineUpdater.java:stopAndJoin(125)) - b8edd47f-9a8a-4d8f-b9ea-91b185ba1497@group-B56684C043A6-StateMachineUpdater: set stopIndex = 16
2019-09-10 05:38:59,690 [b8edd47f-9a8a-4d8f-b9ea-91b185ba1497@group-B56684C043A6-StateMachineUpdater] INFO  ratis.ContainerStateMachine (ContainerStateMachine.java:takeSnapshot(289)) - group-B56684C043A6: Taking a snapshot at:(t:1, i:14) file /workdir/hadoop-ozone/integration-test/target/test-dir/MiniOzoneClusterImpl-57336a7d-2d72-4251-b84b-f30cd33fc333/datanode-2/data/ratis/ea68ab6c-f33b-4349-b283-b56684c043a6/sm/snapshot.1_14
2019-09-10 05:38:59,690 [Thread-4410] INFO  impl.FollowerState (FollowerState.java:run(115)) - b8edd47f-9a8a-4d8f-b9ea-91b185ba1497: FollowerState was interrupted: java.lang.InterruptedException: sleep interrupted
2019-09-10 05:38:59,704 [b8edd47f-9a8a-4d8f-b9ea-91b185ba1497@group-B56684C043A6-StateMachineUpdater] INFO  ratis.ContainerStateMachine (ContainerStateMachine.java:takeSnapshot(300)) - group-B56684C043A6: Finished taking a snapshot at:(t:1, i:14) file:/workdir/hadoop-ozone/integration-test/target/test-dir/MiniOzoneClusterImpl-57336a7d-2d72-4251-b84b-f30cd33fc333/datanode-2/data/ratis/ea68ab6c-f33b-4349-b283-b56684c043a6/sm/snapshot.1_14 time:14
2019-09-10 05:38:59,704 [b8edd47f-9a8a-4d8f-b9ea-91b185ba1497@group-B56684C043A6-StateMachineUpdater] INFO  impl.StateMachineUpdater (StateMachineUpdater.java:takeSnapshot(258)) - b8edd47f-9a8a-4d8f-b9ea-91b185ba1497@group-B56684C043A6-StateMachineUpdater: Took a snapshot at index 14
2019-09-10 05:38:59,704 [b8edd47f-9a8a-4d8f-b9ea-91b185ba1497@group-B56684C043A6-StateMachineUpdater] INFO  impl.StateMachineUpdater (StateMachineUpdater.java:lambda$new$0(83)) - b8edd47f-9a8a-4d8f-b9ea-91b185ba1497@group-B56684C043A6-StateMachineUpdater: snapshotIndex: updateIncreasingly -1 -> 14
2019-09-10 05:38:59,704 [b8edd47f-9a8a-4d8f-b9ea-91b185ba1497@group-B56684C043A6-StateMachineUpdater] INFO  ratis.ContainerStateMachine (ContainerStateMachine.java:takeSnapshot(289)) - group-B56684C043A6: Taking a snapshot at:(t:1, i:14) file /workdir/hadoop-ozone/integration-test/target/test-dir/MiniOzoneClusterImpl-57336a7d-2d72-4251-b84b-f30cd33fc333/datanode-2/data/ratis/ea68ab6c-f33b-4349-b283-b56684c043a6/sm/snapshot.1_14
2019-09-10 05:38:59,707 [main] INFO  ozoneimpl.OzoneContainer (OzoneContainer.java:stop(231)) - Attempting to stop container services.
2019-09-10 05:38:59,707 [main] INFO  impl.RaftServerProxy (RaftServerProxy.java:lambda$close$4(314)) - 7808bc08-8c64-492d-8125-4fa314b60c8b: close
2019-09-10 05:38:59,708 [main] INFO  impl.RaftServerImpl (RaftServerImpl.java:lambda$shutdown$3(251)) - 7808bc08-8c64-492d-8125-4fa314b60c8b@group-4113A7FFAE38: shutdown
2019-09-10 05:38:59,708 [main] INFO  util.JmxRegister (JmxRegister.java:unregister(73)) - Successfully un-registered JMX Bean with object name Ratis:service=RaftServer,group=group-4113A7FFAE38,id=7808bc08-8c64-492d-8125-4fa314b60c8b
2019-09-10 05:38:59,709 [main] INFO  impl.RoleInfo (RoleInfo.java:shutdownLeaderState(104)) - 7808bc08-8c64-492d-8125-4fa314b60c8b: shutdown LeaderState
2019-09-10 05:38:59,709 [main] INFO  impl.PendingRequests (PendingRequests.java:sendNotLeaderResponses(202)) - 7808bc08-8c64-492d-8125-4fa314b60c8b-PendingRequests: sendNotLeaderResponses
2019-09-10 05:38:59,710 [main] INFO  impl.StateMachineUpdater (StateMachineUpdater.java:stopAndJoin(125)) - 7808bc08-8c64-492d-8125-4fa314b60c8b@group-4113A7FFAE38-StateMachineUpdater: set stopIndex = 0
2019-09-10 05:38:59,710 [main] INFO  impl.RaftServerImpl (ServerState.java:close(385)) - 7808bc08-8c64-492d-8125-4fa314b60c8b@group-4113A7FFAE38: closes. applyIndex: 0
2019-09-10 05:38:59,711 [7808bc08-8c64-492d-8125-4fa314b60c8b@group-4113A7FFAE38-SegmentedRaftLogWorker] INFO  segmented.SegmentedRaftLogWorker (SegmentedRaftLogWorker.java:run(313)) - 7808bc08-8c64-492d-8125-4fa314b60c8b@group-4113A7FFAE38-SegmentedRaftLogWorker was interrupted, exiting. There are 0 tasks remaining in the queue.
2019-09-10 05:38:59,714 [main] INFO  segmented.SegmentedRaftLogWorker (SegmentedRaftLogWorker.java:close(228)) - 7808bc08-8c64-492d-8125-4fa314b60c8b@group-4113A7FFAE38-SegmentedRaftLogWorker close()
2019-09-10 05:38:59,718 [main] INFO  impl.RaftServerImpl (RaftServerImpl.java:lambda$shutdown$3(251)) - 7808bc08-8c64-492d-8125-4fa314b60c8b@group-B56684C043A6: shutdown
2019-09-10 05:38:59,719 [main] INFO  util.JmxRegister (JmxRegister.java:unregister(73)) - Successfully un-registered JMX Bean with object name Ratis:service=RaftServer,group=group-B56684C043A6,id=7808bc08-8c64-492d-8125-4fa314b60c8b
2019-09-10 05:38:59,719 [main] INFO  impl.RoleInfo (RoleInfo.java:shutdownFollowerState(121)) - 7808bc08-8c64-492d-8125-4fa314b60c8b: shutdown FollowerState
2019-09-10 05:38:59,720 [main] INFO  impl.StateMachineUpdater (StateMachineUpdater.java:stopAndJoin(125)) - 7808bc08-8c64-492d-8125-4fa314b60c8b@group-B56684C043A6-StateMachineUpdater: set stopIndex = 16
2019-09-10 05:38:59,720 [7808bc08-8c64-492d-8125-4fa314b60c8b@group-B56684C043A6-StateMachineUpdater] INFO  ratis.ContainerStateMachine (ContainerStateMachine.java:takeSnapshot(289)) - group-B56684C043A6: Taking a snapshot at:(t:1, i:14) file /workdir/hadoop-ozone/integration-test/target/test-dir/MiniOzoneClusterImpl-57336a7d-2d72-4251-b84b-f30cd33fc333/datanode-3/data/ratis/ea68ab6c-f33b-4349-b283-b56684c043a6/sm/snapshot.1_14
2019-09-10 05:38:59,720 [Thread-4411] INFO  impl.FollowerState (FollowerState.java:run(115)) - 7808bc08-8c64-492d-8125-4fa314b60c8b: FollowerState was interrupted: java.lang.InterruptedException: sleep interrupted
2019-09-10 05:38:59,746 [b8edd47f-9a8a-4d8f-b9ea-91b185ba1497@group-B56684C043A6-StateMachineUpdater] INFO  ratis.ContainerStateMachine (ContainerStateMachine.java:takeSnapshot(300)) - group-B56684C043A6: Finished taking a snapshot at:(t:1, i:14) file:/workdir/hadoop-ozone/integration-test/target/test-dir/MiniOzoneClusterImpl-57336a7d-2d72-4251-b84b-f30cd33fc333/datanode-2/data/ratis/ea68ab6c-f33b-4349-b283-b56684c043a6/sm/snapshot.1_14 time:41
2019-09-10 05:38:59,746 [b8edd47f-9a8a-4d8f-b9ea-91b185ba1497@group-B56684C043A6-StateMachineUpdater] INFO  impl.StateMachineUpdater (StateMachineUpdater.java:takeSnapshot(258)) - b8edd47f-9a8a-4d8f-b9ea-91b185ba1497@group-B56684C043A6-StateMachineUpdater: Took a snapshot at index 14
2019-09-10 05:38:59,746 [b8edd47f-9a8a-4d8f-b9ea-91b185ba1497@group-B56684C043A6-StateMachineUpdater] INFO  impl.StateMachineUpdater (StateMachineUpdater.java:lambda$new$0(83)) - b8edd47f-9a8a-4d8f-b9ea-91b185ba1497@group-B56684C043A6-StateMachineUpdater: snapshotIndex: updateIncreasingly 14 -> 14
2019-09-10 05:38:59,746 [ForkJoinPool.commonPool-worker-0] INFO  impl.RaftServerImpl (ServerState.java:close(385)) - b8edd47f-9a8a-4d8f-b9ea-91b185ba1497@group-B56684C043A6: closes. applyIndex: 16
2019-09-10 05:38:59,747 [b8edd47f-9a8a-4d8f-b9ea-91b185ba1497@group-B56684C043A6-SegmentedRaftLogWorker] INFO  segmented.SegmentedRaftLogWorker (SegmentedRaftLogWorker.java:run(313)) - b8edd47f-9a8a-4d8f-b9ea-91b185ba1497@group-B56684C043A6-SegmentedRaftLogWorker was interrupted, exiting. There are 0 tasks remaining in the queue.
2019-09-10 05:38:59,749 [ForkJoinPool.commonPool-worker-0] INFO  segmented.SegmentedRaftLogWorker (SegmentedRaftLogWorker.java:close(228)) - b8edd47f-9a8a-4d8f-b9ea-91b185ba1497@group-B56684C043A6-SegmentedRaftLogWorker close()
2019-09-10 05:38:59,749 [7808bc08-8c64-492d-8125-4fa314b60c8b@group-B56684C043A6-StateMachineUpdater] INFO  ratis.ContainerStateMachine (ContainerStateMachine.java:takeSnapshot(300)) - group-B56684C043A6: Finished taking a snapshot at:(t:1, i:14) file:/workdir/hadoop-ozone/integration-test/target/test-dir/MiniOzoneClusterImpl-57336a7d-2d72-4251-b84b-f30cd33fc333/datanode-3/data/ratis/ea68ab6c-f33b-4349-b283-b56684c043a6/sm/snapshot.1_14 time:29
2019-09-10 05:38:59,753 [ForkJoinPool.commonPool-worker-0] INFO  impl.RaftServerImpl (RaftServerImpl.java:lambda$shutdown$3(251)) - b8edd47f-9a8a-4d8f-b9ea-91b185ba1497@group-797FC26D566E: shutdown
2019-09-10 05:38:59,754 [ForkJoinPool.commonPool-worker-0] INFO  util.JmxRegister (JmxRegister.java:unregister(73)) - Successfully un-registered JMX Bean with object name Ratis:service=RaftServer,group=group-797FC26D566E,id=b8edd47f-9a8a-4d8f-b9ea-91b185ba1497
2019-09-10 05:38:59,753 [7808bc08-8c64-492d-8125-4fa314b60c8b@group-B56684C043A6-StateMachineUpdater] INFO  impl.StateMachineUpdater (StateMachineUpdater.java:takeSnapshot(258)) - 7808bc08-8c64-492d-8125-4fa314b60c8b@group-B56684C043A6-StateMachineUpdater: Took a snapshot at index 14
2019-09-10 05:38:59,754 [ForkJoinPool.commonPool-worker-0] INFO  impl.RoleInfo (RoleInfo.java:shutdownLeaderState(104)) - b8edd47f-9a8a-4d8f-b9ea-91b185ba1497: shutdown LeaderState
2019-09-10 05:38:59,754 [7808bc08-8c64-492d-8125-4fa314b60c8b@group-B56684C043A6-StateMachineUpdater] INFO  impl.StateMachineUpdater (StateMachineUpdater.java:lambda$new$0(83)) - 7808bc08-8c64-492d-8125-4fa314b60c8b@group-B56684C043A6-StateMachineUpdater: snapshotIndex: updateIncreasingly -1 -> 14
2019-09-10 05:38:59,754 [ForkJoinPool.commonPool-worker-0] INFO  impl.PendingRequests (PendingRequests.java:sendNotLeaderResponses(202)) - b8edd47f-9a8a-4d8f-b9ea-91b185ba1497-PendingRequests: sendNotLeaderResponses
2019-09-10 05:38:59,755 [7808bc08-8c64-492d-8125-4fa314b60c8b@group-B56684C043A6-StateMachineUpdater] INFO  ratis.ContainerStateMachine (ContainerStateMachine.java:takeSnapshot(289)) - group-B56684C043A6: Taking a snapshot at:(t:1, i:14) file /workdir/hadoop-ozone/integration-test/target/test-dir/MiniOzoneClusterImpl-57336a7d-2d72-4251-b84b-f30cd33fc333/datanode-3/data/ratis/ea68ab6c-f33b-4349-b283-b56684c043a6/sm/snapshot.1_14
2019-09-10 05:38:59,755 [ForkJoinPool.commonPool-worker-0] INFO  impl.StateMachineUpdater (StateMachineUpdater.java:stopAndJoin(125)) - b8edd47f-9a8a-4d8f-b9ea-91b185ba1497@group-797FC26D566E-StateMachineUpdater: set stopIndex = 0
2019-09-10 05:38:59,755 [ForkJoinPool.commonPool-worker-0] INFO  impl.RaftServerImpl (ServerState.java:close(385)) - b8edd47f-9a8a-4d8f-b9ea-91b185ba1497@group-797FC26D566E: closes. applyIndex: 0
2019-09-10 05:38:59,756 [b8edd47f-9a8a-4d8f-b9ea-91b185ba1497@group-797FC26D566E-SegmentedRaftLogWorker] INFO  segmented.SegmentedRaftLogWorker (SegmentedRaftLogWorker.java:run(313)) - b8edd47f-9a8a-4d8f-b9ea-91b185ba1497@group-797FC26D566E-SegmentedRaftLogWorker was interrupted, exiting. There are 0 tasks remaining in the queue.
2019-09-10 05:38:59,758 [ForkJoinPool.commonPool-worker-0] INFO  segmented.SegmentedRaftLogWorker (SegmentedRaftLogWorker.java:close(228)) - b8edd47f-9a8a-4d8f-b9ea-91b185ba1497@group-797FC26D566E-SegmentedRaftLogWorker close()
2019-09-10 05:38:59,766 [ForkJoinPool.commonPool-worker-0] INFO  server.GrpcService (GrpcService.java:closeImpl(164)) - b8edd47f-9a8a-4d8f-b9ea-91b185ba1497: shutdown server with port 33186 now
2019-09-10 05:38:59,767 [ForkJoinPool.commonPool-worker-0] INFO  server.GrpcService (GrpcService.java:closeImpl(172)) - b8edd47f-9a8a-4d8f-b9ea-91b185ba1497: shutdown server with port 33186 successfully
2019-09-10 05:38:59,769 [refreshUsed-/workdir/hadoop-ozone/integration-test/target/test-dir/MiniOzoneClusterImpl-57336a7d-2d72-4251-b84b-f30cd33fc333/datanode-2/data/containers] WARN  fs.CachingGetSpaceUsed (CachingGetSpaceUsed.java:run(183)) - Thread Interrupted waiting to refresh disk information: sleep interrupted
2019-09-10 05:38:59,789 [ForkJoinPool.commonPool-worker-0] INFO  utils.BackgroundService (BackgroundService.java:shutdown(148)) - Shutting down service BlockDeletingService
2019-09-10 05:38:59,792 [7808bc08-8c64-492d-8125-4fa314b60c8b@group-B56684C043A6-StateMachineUpdater] INFO  ratis.ContainerStateMachine (ContainerStateMachine.java:takeSnapshot(300)) - group-B56684C043A6: Finished taking a snapshot at:(t:1, i:14) file:/workdir/hadoop-ozone/integration-test/target/test-dir/MiniOzoneClusterImpl-57336a7d-2d72-4251-b84b-f30cd33fc333/datanode-3/data/ratis/ea68ab6c-f33b-4349-b283-b56684c043a6/sm/snapshot.1_14 time:37
2019-09-10 05:38:59,794 [7808bc08-8c64-492d-8125-4fa314b60c8b@group-B56684C043A6-StateMachineUpdater] INFO  impl.StateMachineUpdater (StateMachineUpdater.java:takeSnapshot(258)) - 7808bc08-8c64-492d-8125-4fa314b60c8b@group-B56684C043A6-StateMachineUpdater: Took a snapshot at index 14
2019-09-10 05:38:59,794 [7808bc08-8c64-492d-8125-4fa314b60c8b@group-B56684C043A6-StateMachineUpdater] INFO  impl.StateMachineUpdater (StateMachineUpdater.java:lambda$new$0(83)) - 7808bc08-8c64-492d-8125-4fa314b60c8b@group-B56684C043A6-StateMachineUpdater: snapshotIndex: updateIncreasingly 14 -> 14
2019-09-10 05:38:59,796 [ForkJoinPool.commonPool-worker-0] INFO  statemachine.DatanodeStateMachine (DatanodeStateMachine.java:stopDaemon(395)) - Ozone container server stopped.
2019-09-10 05:38:59,796 [main] INFO  impl.RaftServerImpl (ServerState.java:close(385)) - 7808bc08-8c64-492d-8125-4fa314b60c8b@group-B56684C043A6: closes. applyIndex: 16
2019-09-10 05:38:59,801 [7808bc08-8c64-492d-8125-4fa314b60c8b@group-B56684C043A6-SegmentedRaftLogWorker] INFO  segmented.SegmentedRaftLogWorker (SegmentedRaftLogWorker.java:run(313)) - 7808bc08-8c64-492d-8125-4fa314b60c8b@group-B56684C043A6-SegmentedRaftLogWorker was interrupted, exiting. There are 0 tasks remaining in the queue.
2019-09-10 05:38:59,801 [main] INFO  segmented.SegmentedRaftLogWorker (SegmentedRaftLogWorker.java:close(228)) - 7808bc08-8c64-492d-8125-4fa314b60c8b@group-B56684C043A6-SegmentedRaftLogWorker close()
2019-09-10 05:38:59,803 [ForkJoinPool.commonPool-worker-0] INFO  handler.ContextHandler (ContextHandler.java:doStop(910)) - Stopped o.e.j.w.WebAppContext@7757025d{/,null,UNAVAILABLE}{/hddsDatanode}
2019-09-10 05:38:59,806 [main] INFO  server.GrpcService (GrpcService.java:closeImpl(164)) - 7808bc08-8c64-492d-8125-4fa314b60c8b: shutdown server with port 38722 now
2019-09-10 05:38:59,807 [main] INFO  server.GrpcService (GrpcService.java:closeImpl(172)) - 7808bc08-8c64-492d-8125-4fa314b60c8b: shutdown server with port 38722 successfully
2019-09-10 05:38:59,807 [ForkJoinPool.commonPool-worker-0] INFO  server.AbstractConnector (AbstractConnector.java:doStop(318)) - Stopped ServerConnector@68fc9167{HTTP/1.1,[http/1.1]}{0.0.0.0:0}
2019-09-10 05:38:59,809 [ForkJoinPool.commonPool-worker-0] INFO  handler.ContextHandler (ContextHandler.java:doStop(910)) - Stopped o.e.j.s.ServletContextHandler@38089dae{/static,jar:file:/home/user/.m2/repository/org/apache/hadoop/hadoop-hdds-container-service/0.5.0-SNAPSHOT/hadoop-hdds-container-service-0.5.0-SNAPSHOT.jar!/webapps/static,UNAVAILABLE}
2019-09-10 05:38:59,812 [ForkJoinPool.commonPool-worker-0] INFO  handler.ContextHandler (ContextHandler.java:doStop(910)) - Stopped o.e.j.s.ServletContextHandler@4052913c{/logs,file:///workdir/hadoop-ozone/integration-test/target/log,UNAVAILABLE}
2019-09-10 05:38:59,812 [refreshUsed-/workdir/hadoop-ozone/integration-test/target/test-dir/MiniOzoneClusterImpl-57336a7d-2d72-4251-b84b-f30cd33fc333/datanode-3/data/containers] WARN  fs.CachingGetSpaceUsed (CachingGetSpaceUsed.java:run(183)) - Thread Interrupted waiting to refresh disk information: sleep interrupted
2019-09-10 05:38:59,830 [main] INFO  utils.BackgroundService (BackgroundService.java:shutdown(148)) - Shutting down service BlockDeletingService
2019-09-10 05:38:59,835 [main] INFO  statemachine.DatanodeStateMachine (DatanodeStateMachine.java:stopDaemon(395)) - Ozone container server stopped.
2019-09-10 05:38:59,836 [main] INFO  handler.ContextHandler (ContextHandler.java:doStop(910)) - Stopped o.e.j.w.WebAppContext@74f4a2ba{/,null,UNAVAILABLE}{/hddsDatanode}
2019-09-10 05:38:59,837 [main] INFO  server.AbstractConnector (AbstractConnector.java:doStop(318)) - Stopped ServerConnector@5e385b6f{HTTP/1.1,[http/1.1]}{0.0.0.0:0}
2019-09-10 05:38:59,837 [main] INFO  handler.ContextHandler (ContextHandler.java:doStop(910)) - Stopped o.e.j.s.ServletContextHandler@4af12a63{/static,jar:file:/home/user/.m2/repository/org/apache/hadoop/hadoop-hdds-container-service/0.5.0-SNAPSHOT/hadoop-hdds-container-service-0.5.0-SNAPSHOT.jar!/webapps/static,UNAVAILABLE}
2019-09-10 05:38:59,838 [main] INFO  handler.ContextHandler (ContextHandler.java:doStop(910)) - Stopped o.e.j.s.ServletContextHandler@50778bde{/logs,file:///workdir/hadoop-ozone/integration-test/target/log,UNAVAILABLE}
2019-09-10 05:39:00,257 [Datanode State Machine Thread - 0] INFO  statemachine.DatanodeStateMachine (DatanodeStateMachine.java:lambda$startDaemon$0(350)) - Ozone container server started.
2019-09-10 05:39:00,704 [Datanode State Machine Thread - 0] INFO  statemachine.DatanodeStateMachine (DatanodeStateMachine.java:lambda$startDaemon$0(350)) - Ozone container server started.
2019-09-10 05:39:00,929 [RatisPipelineUtilsThread] WARN  pipeline.RatisPipelineUtils (RatisPipelineUtils.java:destroyPipeline(66)) - Pipeline destroy failed for pipeline=PipelineID=2528d2e7-86be-4d5e-8d8b-cc489457d0b6 dn=b8edd47f-9a8a-4d8f-b9ea-91b185ba1497{ip: 192.168.36.76, host: trunk-nightly-20190910-vk757-903364635, networkLocation: /default-rack, certSerialId: null}
2019-09-10 05:39:00,930 [RatisPipelineUtilsThread] WARN  pipeline.RatisPipelineUtils (RatisPipelineUtils.java:destroyPipeline(66)) - Pipeline destroy failed for pipeline=PipelineID=2528d2e7-86be-4d5e-8d8b-cc489457d0b6 dn=7808bc08-8c64-492d-8125-4fa314b60c8b{ip: 192.168.36.76, host: trunk-nightly-20190910-vk757-903364635, networkLocation: /default-rack, certSerialId: null}
2019-09-10 05:39:00,931 [RatisPipelineUtilsThread] WARN  pipeline.RatisPipelineUtils (RatisPipelineUtils.java:destroyPipeline(66)) - Pipeline destroy failed for pipeline=PipelineID=2528d2e7-86be-4d5e-8d8b-cc489457d0b6 dn=7ffb1f47-f84a-45ee-8f65-039bc0f66923{ip: 192.168.36.76, host: trunk-nightly-20190910-vk757-903364635, networkLocation: /default-rack, certSerialId: null}
2019-09-10 05:39:00,932 [RatisPipelineUtilsThread] ERROR pipeline.SCMPipelineManager (Scheduler.java:lambda$schedule$1(70)) - Destroy pipeline failed for pipeline:Pipeline[ Id: 2528d2e7-86be-4d5e-8d8b-cc489457d0b6, Nodes: b8edd47f-9a8a-4d8f-b9ea-91b185ba1497{ip: 192.168.36.76, host: trunk-nightly-20190910-vk757-903364635, networkLocation: /default-rack, certSerialId: null}7808bc08-8c64-492d-8125-4fa314b60c8b{ip: 192.168.36.76, host: trunk-nightly-20190910-vk757-903364635, networkLocation: /default-rack, certSerialId: null}7ffb1f47-f84a-45ee-8f65-039bc0f66923{ip: 192.168.36.76, host: trunk-nightly-20190910-vk757-903364635, networkLocation: /default-rack, certSerialId: null}, Type:RATIS, Factor:THREE, State:CLOSED]
org.apache.hadoop.hdds.scm.pipeline.PipelineNotFoundException: PipelineID=2528d2e7-86be-4d5e-8d8b-cc489457d0b6 not found
	at org.apache.hadoop.hdds.scm.pipeline.PipelineStateMap.getPipeline(PipelineStateMap.java:132)
	at org.apache.hadoop.hdds.scm.pipeline.PipelineStateMap.removePipeline(PipelineStateMap.java:322)
	at org.apache.hadoop.hdds.scm.pipeline.PipelineStateManager.removePipeline(PipelineStateManager.java:107)
	at org.apache.hadoop.hdds.scm.pipeline.SCMPipelineManager.removePipeline(SCMPipelineManager.java:423)
	at org.apache.hadoop.hdds.scm.pipeline.SCMPipelineManager.destroyPipeline(SCMPipelineManager.java:409)
	at org.apache.hadoop.hdds.scm.pipeline.SCMPipelineManager.lambda$finalizeAndDestroyPipeline$0(SCMPipelineManager.java:318)
	at org.apache.hadoop.utils.Scheduler.lambda$schedule$1(Scheduler.java:68)
	at java.util.concurrent.Executors$RunnableAdapter.call(Executors.java:511)
	at java.util.concurrent.FutureTask.run(FutureTask.java:266)
	at java.util.concurrent.ScheduledThreadPoolExecutor$ScheduledFutureTask.access$201(ScheduledThreadPoolExecutor.java:180)
	at java.util.concurrent.ScheduledThreadPoolExecutor$ScheduledFutureTask.run(ScheduledThreadPoolExecutor.java:293)
	at java.util.concurrent.ThreadPoolExecutor.runWorker(ThreadPoolExecutor.java:1149)
	at java.util.concurrent.ThreadPoolExecutor$Worker.run(ThreadPoolExecutor.java:624)
	at java.lang.Thread.run(Thread.java:748)
2019-09-10 05:39:01,085 [Thread-3848] INFO  impl.FollowerState (FollowerState.java:run(106)) - 6e39a6b0-7c21-4c58-b01b-b05d763a4956:group-B6DB05E82C1A changes to CANDIDATE, lastRpcTime:8581, electionTimeout:5000ms
2019-09-10 05:39:01,086 [Thread-3848] INFO  impl.RoleInfo (RoleInfo.java:shutdownFollowerState(121)) - 6e39a6b0-7c21-4c58-b01b-b05d763a4956: shutdown FollowerState
2019-09-10 05:39:01,086 [Thread-3848] INFO  impl.RaftServerImpl (RaftServerImpl.java:setRole(174)) - 6e39a6b0-7c21-4c58-b01b-b05d763a4956@group-B6DB05E82C1A: changes role from  FOLLOWER to CANDIDATE at term 1 for changeToCandidate
2019-09-10 05:39:01,086 [Thread-3848] INFO  impl.RoleInfo (RoleInfo.java:updateAndGet(143)) - 6e39a6b0-7c21-4c58-b01b-b05d763a4956: start LeaderElection
2019-09-10 05:39:01,087 [6e39a6b0-7c21-4c58-b01b-b05d763a4956@group-B6DB05E82C1A:LeaderElection98] INFO  impl.RaftServerImpl (ServerState.java:setLeader(253)) - 6e39a6b0-7c21-4c58-b01b-b05d763a4956@group-B6DB05E82C1A: change Leader from b365e7c3-3384-4dda-bf54-3c9a5d02b5a0 to null at term 1 for initElection
2019-09-10 05:39:01,104 [6e39a6b0-7c21-4c58-b01b-b05d763a4956@group-B6DB05E82C1A:LeaderElection98] INFO  impl.LeaderElection (LeaderElection.java:askForVotes(182)) - 6e39a6b0-7c21-4c58-b01b-b05d763a4956@group-B6DB05E82C1A:LeaderElection98: begin an election at term 2 for 0: [09940887-b3de-422b-adff-478b86b01adb:192.168.36.76:33140, 6e39a6b0-7c21-4c58-b01b-b05d763a4956:192.168.36.76:44714, b365e7c3-3384-4dda-bf54-3c9a5d02b5a0:192.168.36.76:44254], old=null
2019-09-10 05:39:01,106 [6e39a6b0-7c21-4c58-b01b-b05d763a4956@group-B6DB05E82C1A:LeaderElection98] INFO  impl.LeaderElection (LogUtils.java:infoOrTrace(149)) - 6e39a6b0-7c21-4c58-b01b-b05d763a4956@group-B6DB05E82C1A:LeaderElection98 got exception when requesting votes: {}
java.util.concurrent.ExecutionException: org.apache.ratis.thirdparty.io.grpc.StatusRuntimeException: UNAVAILABLE: io exception
	at java.util.concurrent.FutureTask.report(FutureTask.java:122)
	at java.util.concurrent.FutureTask.get(FutureTask.java:192)
	at org.apache.ratis.server.impl.LeaderElection.waitForResults(LeaderElection.java:263)
	at org.apache.ratis.server.impl.LeaderElection.askForVotes(LeaderElection.java:201)
	at org.apache.ratis.server.impl.LeaderElection.run(LeaderElection.java:133)
	at java.lang.Thread.run(Thread.java:748)
Caused by: org.apache.ratis.thirdparty.io.grpc.StatusRuntimeException: UNAVAILABLE: io exception
	at org.apache.ratis.thirdparty.io.grpc.stub.ClientCalls.toStatusRuntimeException(ClientCalls.java:233)
	at org.apache.ratis.thirdparty.io.grpc.stub.ClientCalls.getUnchecked(ClientCalls.java:214)
	at org.apache.ratis.thirdparty.io.grpc.stub.ClientCalls.blockingUnaryCall(ClientCalls.java:139)
	at org.apache.ratis.proto.grpc.RaftServerProtocolServiceGrpc$RaftServerProtocolServiceBlockingStub.requestVote(RaftServerProtocolServiceGrpc.java:265)
	at org.apache.ratis.grpc.server.GrpcServerProtocolClient.requestVote(GrpcServerProtocolClient.java:90)
	at org.apache.ratis.grpc.server.GrpcService.requestVote(GrpcService.java:204)
	at org.apache.ratis.server.impl.LeaderElection.lambda$submitRequests$1(LeaderElection.java:238)
	at java.util.concurrent.FutureTask.run(FutureTask.java:266)
	at java.util.concurrent.Executors$RunnableAdapter.call(Executors.java:511)
	at java.util.concurrent.FutureTask.run(FutureTask.java:266)
	at java.util.concurrent.ThreadPoolExecutor.runWorker(ThreadPoolExecutor.java:1149)
	at java.util.concurrent.ThreadPoolExecutor$Worker.run(ThreadPoolExecutor.java:624)
	... 1 more
Caused by: org.apache.ratis.thirdparty.io.netty.channel.AbstractChannel$AnnotatedConnectException: Connection refused: /192.168.36.76:44254
	at sun.nio.ch.SocketChannelImpl.checkConnect(Native Method)
	at sun.nio.ch.SocketChannelImpl.finishConnect(SocketChannelImpl.java:717)
	at org.apache.ratis.thirdparty.io.netty.channel.socket.nio.NioSocketChannel.doFinishConnect(NioSocketChannel.java:327)
	at org.apache.ratis.thirdparty.io.netty.channel.nio.AbstractNioChannel$AbstractNioUnsafe.finishConnect(AbstractNioChannel.java:340)
	at org.apache.ratis.thirdparty.io.netty.channel.nio.NioEventLoop.processSelectedKey(NioEventLoop.java:632)
	at org.apache.ratis.thirdparty.io.netty.channel.nio.NioEventLoop.processSelectedKeysOptimized(NioEventLoop.java:579)
	at org.apache.ratis.thirdparty.io.netty.channel.nio.NioEventLoop.processSelectedKeys(NioEventLoop.java:496)
	at org.apache.ratis.thirdparty.io.netty.channel.nio.NioEventLoop.run(NioEventLoop.java:458)
	at org.apache.ratis.thirdparty.io.netty.util.concurrent.SingleThreadEventExecutor$5.run(SingleThreadEventExecutor.java:897)
	at org.apache.ratis.thirdparty.io.netty.util.concurrent.FastThreadLocalRunnable.run(FastThreadLocalRunnable.java:30)
	... 1 more
Caused by: java.net.ConnectException: Connection refused
	... 11 more
2019-09-10 05:39:01,110 [grpc-default-executor-11] INFO  impl.RaftServerImpl (ServerState.java:setLeader(253)) - 09940887-b3de-422b-adff-478b86b01adb@group-B6DB05E82C1A: change Leader from b365e7c3-3384-4dda-bf54-3c9a5d02b5a0 to null at term 2 for updateCurrentTerm
2019-09-10 05:39:01,110 [grpc-default-executor-11] INFO  impl.RaftServerImpl (RaftServerImpl.java:setRole(174)) - 09940887-b3de-422b-adff-478b86b01adb@group-B6DB05E82C1A: changes role from  FOLLOWER to FOLLOWER at term 2 for recognizeCandidate:6e39a6b0-7c21-4c58-b01b-b05d763a4956
2019-09-10 05:39:01,110 [grpc-default-executor-11] INFO  impl.RoleInfo (RoleInfo.java:shutdownFollowerState(121)) - 09940887-b3de-422b-adff-478b86b01adb: shutdown FollowerState
2019-09-10 05:39:01,111 [grpc-default-executor-11] INFO  impl.RoleInfo (RoleInfo.java:updateAndGet(143)) - 09940887-b3de-422b-adff-478b86b01adb: start FollowerState
2019-09-10 05:39:01,111 [Thread-3850] INFO  impl.FollowerState (FollowerState.java:run(115)) - 09940887-b3de-422b-adff-478b86b01adb: FollowerState was interrupted: java.lang.InterruptedException: sleep interrupted
2019-09-10 05:39:01,130 [6e39a6b0-7c21-4c58-b01b-b05d763a4956@group-B6DB05E82C1A:LeaderElection98] INFO  impl.LeaderElection (LeaderElection.java:logAndReturn(56)) - 6e39a6b0-7c21-4c58-b01b-b05d763a4956@group-B6DB05E82C1A:LeaderElection98: Election PASSED; received 1 response(s) [6e39a6b0-7c21-4c58-b01b-b05d763a4956<-09940887-b3de-422b-adff-478b86b01adb#0:OK-t2] and 1 exception(s); 6e39a6b0-7c21-4c58-b01b-b05d763a4956@group-B6DB05E82C1A:t2, leader=null, voted=6e39a6b0-7c21-4c58-b01b-b05d763a4956, raftlog=6e39a6b0-7c21-4c58-b01b-b05d763a4956@group-B6DB05E82C1A-SegmentedRaftLog:OPENED:c0,f0,i0, conf=0: [09940887-b3de-422b-adff-478b86b01adb:192.168.36.76:33140, 6e39a6b0-7c21-4c58-b01b-b05d763a4956:192.168.36.76:44714, b365e7c3-3384-4dda-bf54-3c9a5d02b5a0:192.168.36.76:44254], old=null
2019-09-10 05:39:01,131 [6e39a6b0-7c21-4c58-b01b-b05d763a4956@group-B6DB05E82C1A:LeaderElection98] INFO  impl.LeaderElection (LogUtils.java:infoOrTrace(149)) -   Exception 0: {}
java.util.concurrent.ExecutionException: org.apache.ratis.thirdparty.io.grpc.StatusRuntimeException: UNAVAILABLE: io exception
	at java.util.concurrent.FutureTask.report(FutureTask.java:122)
	at java.util.concurrent.FutureTask.get(FutureTask.java:192)
	at org.apache.ratis.server.impl.LeaderElection.waitForResults(LeaderElection.java:263)
	at org.apache.ratis.server.impl.LeaderElection.askForVotes(LeaderElection.java:201)
	at org.apache.ratis.server.impl.LeaderElection.run(LeaderElection.java:133)
	at java.lang.Thread.run(Thread.java:748)
Caused by: org.apache.ratis.thirdparty.io.grpc.StatusRuntimeException: UNAVAILABLE: io exception
	at org.apache.ratis.thirdparty.io.grpc.stub.ClientCalls.toStatusRuntimeException(ClientCalls.java:233)
	at org.apache.ratis.thirdparty.io.grpc.stub.ClientCalls.getUnchecked(ClientCalls.java:214)
	at org.apache.ratis.thirdparty.io.grpc.stub.ClientCalls.blockingUnaryCall(ClientCalls.java:139)
	at org.apache.ratis.proto.grpc.RaftServerProtocolServiceGrpc$RaftServerProtocolServiceBlockingStub.requestVote(RaftServerProtocolServiceGrpc.java:265)
	at org.apache.ratis.grpc.server.GrpcServerProtocolClient.requestVote(GrpcServerProtocolClient.java:90)
	at org.apache.ratis.grpc.server.GrpcService.requestVote(GrpcService.java:204)
	at org.apache.ratis.server.impl.LeaderElection.lambda$submitRequests$1(LeaderElection.java:238)
	at java.util.concurrent.FutureTask.run(FutureTask.java:266)
	at java.util.concurrent.Executors$RunnableAdapter.call(Executors.java:511)
	at java.util.concurrent.FutureTask.run(FutureTask.java:266)
	at java.util.concurrent.ThreadPoolExecutor.runWorker(ThreadPoolExecutor.java:1149)
	at java.util.concurrent.ThreadPoolExecutor$Worker.run(ThreadPoolExecutor.java:624)
	... 1 more
Caused by: org.apache.ratis.thirdparty.io.netty.channel.AbstractChannel$AnnotatedConnectException: Connection refused: /192.168.36.76:44254
	at sun.nio.ch.SocketChannelImpl.checkConnect(Native Method)
	at sun.nio.ch.SocketChannelImpl.finishConnect(SocketChannelImpl.java:717)
	at org.apache.ratis.thirdparty.io.netty.channel.socket.nio.NioSocketChannel.doFinishConnect(NioSocketChannel.java:327)
	at org.apache.ratis.thirdparty.io.netty.channel.nio.AbstractNioChannel$AbstractNioUnsafe.finishConnect(AbstractNioChannel.java:340)
	at org.apache.ratis.thirdparty.io.netty.channel.nio.NioEventLoop.processSelectedKey(NioEventLoop.java:632)
	at org.apache.ratis.thirdparty.io.netty.channel.nio.NioEventLoop.processSelectedKeysOptimized(NioEventLoop.java:579)
	at org.apache.ratis.thirdparty.io.netty.channel.nio.NioEventLoop.processSelectedKeys(NioEventLoop.java:496)
	at org.apache.ratis.thirdparty.io.netty.channel.nio.NioEventLoop.run(NioEventLoop.java:458)
	at org.apache.ratis.thirdparty.io.netty.util.concurrent.SingleThreadEventExecutor$5.run(SingleThreadEventExecutor.java:897)
	at org.apache.ratis.thirdparty.io.netty.util.concurrent.FastThreadLocalRunnable.run(FastThreadLocalRunnable.java:30)
	... 1 more
Caused by: java.net.ConnectException: Connection refused
	... 11 more
2019-09-10 05:39:01,131 [6e39a6b0-7c21-4c58-b01b-b05d763a4956@group-B6DB05E82C1A:LeaderElection98] INFO  impl.RoleInfo (RoleInfo.java:shutdownLeaderElection(134)) - 6e39a6b0-7c21-4c58-b01b-b05d763a4956: shutdown LeaderElection
2019-09-10 05:39:01,131 [6e39a6b0-7c21-4c58-b01b-b05d763a4956@group-B6DB05E82C1A:LeaderElection98] INFO  impl.RaftServerImpl (RaftServerImpl.java:setRole(174)) - 6e39a6b0-7c21-4c58-b01b-b05d763a4956@group-B6DB05E82C1A: changes role from CANDIDATE to LEADER at term 2 for changeToLeader
2019-09-10 05:39:01,132 [6e39a6b0-7c21-4c58-b01b-b05d763a4956@group-B6DB05E82C1A:LeaderElection98] INFO  impl.RaftServerImpl (ServerState.java:setLeader(253)) - 6e39a6b0-7c21-4c58-b01b-b05d763a4956@group-B6DB05E82C1A: change Leader from null to 6e39a6b0-7c21-4c58-b01b-b05d763a4956 at term 2 for becomeLeader, leader elected after 44ms
2019-09-10 05:39:01,132 [6e39a6b0-7c21-4c58-b01b-b05d763a4956@group-B6DB05E82C1A:LeaderElection98] INFO  server.RaftServerConfigKeys (ConfUtils.java:logGet(43)) - raft.server.staging.catchup.gap = 1000 (default)
2019-09-10 05:39:01,132 [6e39a6b0-7c21-4c58-b01b-b05d763a4956@group-B6DB05E82C1A:LeaderElection98] INFO  server.RaftServerConfigKeys (ConfUtils.java:logGet(43)) - raft.server.rpc.sleep.time = 25ms (default)
2019-09-10 05:39:01,132 [6e39a6b0-7c21-4c58-b01b-b05d763a4956@group-B6DB05E82C1A:LeaderElection98] INFO  server.RaftServerConfigKeys (ConfUtils.java:logGet(43)) - raft.server.write.element-limit = 4096 (default)
2019-09-10 05:39:01,133 [6e39a6b0-7c21-4c58-b01b-b05d763a4956@group-B6DB05E82C1A:LeaderElection98] INFO  server.RaftServerConfigKeys (ConfUtils.java:logGet(43)) - raft.server.watch.timeout = 10s (default)
2019-09-10 05:39:01,133 [6e39a6b0-7c21-4c58-b01b-b05d763a4956@group-B6DB05E82C1A:LeaderElection98] INFO  server.RaftServerConfigKeys (ConfUtils.java:logGet(43)) - raft.server.watch.timeout.denomination = 1s (default)
2019-09-10 05:39:01,133 [6e39a6b0-7c21-4c58-b01b-b05d763a4956@group-B6DB05E82C1A:LeaderElection98] INFO  server.RaftServerConfigKeys (ConfUtils.java:logGet(43)) - raft.server.watch.element-limit = 65536 (default)
2019-09-10 05:39:01,136 [6e39a6b0-7c21-4c58-b01b-b05d763a4956@group-B6DB05E82C1A:LeaderElection98] INFO  server.RaftServerConfigKeys (ConfUtils.java:logGet(43)) - raft.server.log.appender.snapshot.chunk.size.max = 16MB (=16777216) (default)
2019-09-10 05:39:01,136 [6e39a6b0-7c21-4c58-b01b-b05d763a4956@group-B6DB05E82C1A:LeaderElection98] INFO  server.RaftServerConfigKeys (ConfUtils.java:logGet(43)) - raft.server.log.appender.buffer.byte-limit = 33554432 (custom)
2019-09-10 05:39:01,136 [6e39a6b0-7c21-4c58-b01b-b05d763a4956@group-B6DB05E82C1A:LeaderElection98] INFO  server.RaftServerConfigKeys (ConfUtils.java:logGet(43)) - raft.server.log.appender.buffer.element-limit = 1 (custom)
2019-09-10 05:39:01,137 [6e39a6b0-7c21-4c58-b01b-b05d763a4956@group-B6DB05E82C1A:LeaderElection98] INFO  grpc.GrpcConfigKeys$Server (ConfUtils.java:logGet(43)) - raft.grpc.server.leader.outstanding.appends.max = 128 (default)
2019-09-10 05:39:01,137 [6e39a6b0-7c21-4c58-b01b-b05d763a4956@group-B6DB05E82C1A:LeaderElection98] INFO  server.RaftServerConfigKeys (ConfUtils.java:logGet(43)) - raft.server.rpc.request.timeout = 3000ms (default)
2019-09-10 05:39:01,137 [6e39a6b0-7c21-4c58-b01b-b05d763a4956@group-B6DB05E82C1A:LeaderElection98] INFO  server.RaftServerConfigKeys (ConfUtils.java:logGet(43)) - raft.server.log.appender.install.snapshot.enabled = false (custom)
2019-09-10 05:39:01,137 [6e39a6b0-7c21-4c58-b01b-b05d763a4956@group-B6DB05E82C1A:LeaderElection98] INFO  server.RaftServerConfigKeys (ConfUtils.java:logGet(43)) - raft.server.log.appender.snapshot.chunk.size.max = 16MB (=16777216) (default)
2019-09-10 05:39:01,137 [6e39a6b0-7c21-4c58-b01b-b05d763a4956@group-B6DB05E82C1A:LeaderElection98] INFO  server.RaftServerConfigKeys (ConfUtils.java:logGet(43)) - raft.server.log.appender.buffer.byte-limit = 33554432 (custom)
2019-09-10 05:39:01,138 [6e39a6b0-7c21-4c58-b01b-b05d763a4956@group-B6DB05E82C1A:LeaderElection98] INFO  server.RaftServerConfigKeys (ConfUtils.java:logGet(43)) - raft.server.log.appender.buffer.element-limit = 1 (custom)
2019-09-10 05:39:01,138 [6e39a6b0-7c21-4c58-b01b-b05d763a4956@group-B6DB05E82C1A:LeaderElection98] INFO  grpc.GrpcConfigKeys$Server (ConfUtils.java:logGet(43)) - raft.grpc.server.leader.outstanding.appends.max = 128 (default)
2019-09-10 05:39:01,138 [6e39a6b0-7c21-4c58-b01b-b05d763a4956@group-B6DB05E82C1A:LeaderElection98] INFO  server.RaftServerConfigKeys (ConfUtils.java:logGet(43)) - raft.server.rpc.request.timeout = 3000ms (default)
2019-09-10 05:39:01,138 [6e39a6b0-7c21-4c58-b01b-b05d763a4956@group-B6DB05E82C1A:LeaderElection98] INFO  server.RaftServerConfigKeys (ConfUtils.java:logGet(43)) - raft.server.log.appender.install.snapshot.enabled = false (custom)
2019-09-10 05:39:01,139 [6e39a6b0-7c21-4c58-b01b-b05d763a4956@group-B6DB05E82C1A:LeaderElection98] INFO  impl.RoleInfo (RoleInfo.java:updateAndGet(143)) - 6e39a6b0-7c21-4c58-b01b-b05d763a4956: start LeaderState
2019-09-10 05:39:01,139 [6e39a6b0-7c21-4c58-b01b-b05d763a4956@group-B6DB05E82C1A:LeaderElection98] INFO  segmented.SegmentedRaftLogWorker (SegmentedRaftLogWorker.java:rollLogSegment(385)) - 6e39a6b0-7c21-4c58-b01b-b05d763a4956@group-B6DB05E82C1A-SegmentedRaftLogWorker: Rolling segment log-0_0 to index:0
2019-09-10 05:39:01,140 [6e39a6b0-7c21-4c58-b01b-b05d763a4956@group-B6DB05E82C1A-SegmentedRaftLogWorker] INFO  segmented.SegmentedRaftLogWorker (SegmentedRaftLogWorker.java:execute(526)) - 6e39a6b0-7c21-4c58-b01b-b05d763a4956@group-B6DB05E82C1A-SegmentedRaftLogWorker: Rolled log segment from /workdir/hadoop-ozone/integration-test/target/test-dir/MiniOzoneClusterImpl-57336a7d-2d72-4251-b84b-f30cd33fc333/datanode-6/data/ratis/dc99524c-3982-4956-b46c-b6db05e82c1a/current/log_inprogress_0 to /workdir/hadoop-ozone/integration-test/target/test-dir/MiniOzoneClusterImpl-57336a7d-2d72-4251-b84b-f30cd33fc333/datanode-6/data/ratis/dc99524c-3982-4956-b46c-b6db05e82c1a/current/log_0-0
2019-09-10 05:39:01,141 [6e39a6b0-7c21-4c58-b01b-b05d763a4956@group-B6DB05E82C1A:LeaderElection98] INFO  impl.RaftServerImpl (ServerState.java:setRaftConf(354)) - 6e39a6b0-7c21-4c58-b01b-b05d763a4956@group-B6DB05E82C1A: set configuration 1: [09940887-b3de-422b-adff-478b86b01adb:192.168.36.76:33140, 6e39a6b0-7c21-4c58-b01b-b05d763a4956:192.168.36.76:44714, b365e7c3-3384-4dda-bf54-3c9a5d02b5a0:192.168.36.76:44254], old=null at 1
2019-09-10 05:39:01,141 [grpc-default-executor-11] WARN  server.GrpcLogAppender (LogUtils.java:warn(134)) - 6e39a6b0-7c21-4c58-b01b-b05d763a4956@group-B6DB05E82C1A->b365e7c3-3384-4dda-bf54-3c9a5d02b5a0-AppendLogResponseHandler: Failed appendEntries: org.apache.ratis.thirdparty.io.grpc.StatusRuntimeException: UNAVAILABLE: io exception
2019-09-10 05:39:01,142 [grpc-default-executor-12] INFO  impl.RaftServerImpl (ServerState.java:setLeader(253)) - 09940887-b3de-422b-adff-478b86b01adb@group-B6DB05E82C1A: change Leader from null to 6e39a6b0-7c21-4c58-b01b-b05d763a4956 at term 2 for appendEntries, leader elected after 31ms
2019-09-10 05:39:01,169 [grpc-default-executor-11] INFO  impl.FollowerInfo (FollowerInfo.java:lambda$new$0(51)) - 6e39a6b0-7c21-4c58-b01b-b05d763a4956@group-B6DB05E82C1A->b365e7c3-3384-4dda-bf54-3c9a5d02b5a0: nextIndex: updateUnconditionally 1 -> 0
2019-09-10 05:39:01,170 [grpc-default-executor-11] INFO  impl.RaftServerImpl (ServerState.java:setRaftConf(354)) - 09940887-b3de-422b-adff-478b86b01adb@group-B6DB05E82C1A: set configuration 1: [09940887-b3de-422b-adff-478b86b01adb:192.168.36.76:33140, 6e39a6b0-7c21-4c58-b01b-b05d763a4956:192.168.36.76:44714, b365e7c3-3384-4dda-bf54-3c9a5d02b5a0:192.168.36.76:44254], old=null at 1
2019-09-10 05:39:01,171 [grpc-default-executor-11] INFO  segmented.SegmentedRaftLogWorker (SegmentedRaftLogWorker.java:rollLogSegment(385)) - 09940887-b3de-422b-adff-478b86b01adb@group-B6DB05E82C1A-SegmentedRaftLogWorker: Rolling segment log-0_0 to index:0
2019-09-10 05:39:01,171 [09940887-b3de-422b-adff-478b86b01adb@group-B6DB05E82C1A-SegmentedRaftLogWorker] INFO  segmented.SegmentedRaftLogWorker (SegmentedRaftLogWorker.java:execute(526)) - 09940887-b3de-422b-adff-478b86b01adb@group-B6DB05E82C1A-SegmentedRaftLogWorker: Rolled log segment from /workdir/hadoop-ozone/integration-test/target/test-dir/MiniOzoneClusterImpl-57336a7d-2d72-4251-b84b-f30cd33fc333/datanode-0/data/ratis/dc99524c-3982-4956-b46c-b6db05e82c1a/current/log_inprogress_0 to /workdir/hadoop-ozone/integration-test/target/test-dir/MiniOzoneClusterImpl-57336a7d-2d72-4251-b84b-f30cd33fc333/datanode-0/data/ratis/dc99524c-3982-4956-b46c-b6db05e82c1a/current/log_0-0
2019-09-10 05:39:01,184 [6e39a6b0-7c21-4c58-b01b-b05d763a4956@group-B6DB05E82C1A-SegmentedRaftLogWorker] INFO  segmented.SegmentedRaftLogWorker (SegmentedRaftLogWorker.java:execute(569)) - 6e39a6b0-7c21-4c58-b01b-b05d763a4956@group-B6DB05E82C1A-SegmentedRaftLogWorker: created new log segment /workdir/hadoop-ozone/integration-test/target/test-dir/MiniOzoneClusterImpl-57336a7d-2d72-4251-b84b-f30cd33fc333/datanode-6/data/ratis/dc99524c-3982-4956-b46c-b6db05e82c1a/current/log_inprogress_1
2019-09-10 05:39:01,206 [09940887-b3de-422b-adff-478b86b01adb@group-B6DB05E82C1A-SegmentedRaftLogWorker] INFO  segmented.SegmentedRaftLogWorker (SegmentedRaftLogWorker.java:execute(569)) - 09940887-b3de-422b-adff-478b86b01adb@group-B6DB05E82C1A-SegmentedRaftLogWorker: created new log segment /workdir/hadoop-ozone/integration-test/target/test-dir/MiniOzoneClusterImpl-57336a7d-2d72-4251-b84b-f30cd33fc333/datanode-0/data/ratis/dc99524c-3982-4956-b46c-b6db05e82c1a/current/log_inprogress_1
2019-09-10 05:39:01,217 [grpc-default-executor-13] WARN  server.GrpcLogAppender (LogUtils.java:warn(134)) - 6e39a6b0-7c21-4c58-b01b-b05d763a4956@group-B6DB05E82C1A->b365e7c3-3384-4dda-bf54-3c9a5d02b5a0-AppendLogResponseHandler: Failed appendEntries: org.apache.ratis.thirdparty.io.grpc.StatusRuntimeException: UNAVAILABLE: io exception
2019-09-10 05:39:01,217 [grpc-default-executor-13] INFO  impl.FollowerInfo (FollowerInfo.java:lambda$new$0(51)) - 6e39a6b0-7c21-4c58-b01b-b05d763a4956@group-B6DB05E82C1A->b365e7c3-3384-4dda-bf54-3c9a5d02b5a0: nextIndex: updateUnconditionally 1 -> 0
2019-09-10 05:39:01,222 [grpc-default-executor-12] WARN  server.GrpcLogAppender (LogUtils.java:warn(134)) - 6e39a6b0-7c21-4c58-b01b-b05d763a4956@group-B6DB05E82C1A->b365e7c3-3384-4dda-bf54-3c9a5d02b5a0-AppendLogResponseHandler: Failed appendEntries: org.apache.ratis.thirdparty.io.grpc.StatusRuntimeException: UNAVAILABLE: io exception
2019-09-10 05:39:01,223 [grpc-default-executor-12] INFO  impl.FollowerInfo (FollowerInfo.java:lambda$new$0(51)) - 6e39a6b0-7c21-4c58-b01b-b05d763a4956@group-B6DB05E82C1A->b365e7c3-3384-4dda-bf54-3c9a5d02b5a0: nextIndex: updateUnconditionally 1 -> 0
2019-09-10 05:39:02,952 [RatisPipelineUtilsThread] WARN  pipeline.RatisPipelineUtils (RatisPipelineUtils.java:destroyPipeline(66)) - Pipeline destroy failed for pipeline=PipelineID=2528d2e7-86be-4d5e-8d8b-cc489457d0b6 dn=b8edd47f-9a8a-4d8f-b9ea-91b185ba1497{ip: 192.168.36.76, host: trunk-nightly-20190910-vk757-903364635, networkLocation: /default-rack, certSerialId: null}
2019-09-10 05:39:02,954 [RatisPipelineUtilsThread] WARN  pipeline.RatisPipelineUtils (RatisPipelineUtils.java:destroyPipeline(66)) - Pipeline destroy failed for pipeline=PipelineID=2528d2e7-86be-4d5e-8d8b-cc489457d0b6 dn=7808bc08-8c64-492d-8125-4fa314b60c8b{ip: 192.168.36.76, host: trunk-nightly-20190910-vk757-903364635, networkLocation: /default-rack, certSerialId: null}
2019-09-10 05:39:02,956 [RatisPipelineUtilsThread] WARN  pipeline.RatisPipelineUtils (RatisPipelineUtils.java:destroyPipeline(66)) - Pipeline destroy failed for pipeline=PipelineID=2528d2e7-86be-4d5e-8d8b-cc489457d0b6 dn=7ffb1f47-f84a-45ee-8f65-039bc0f66923{ip: 192.168.36.76, host: trunk-nightly-20190910-vk757-903364635, networkLocation: /default-rack, certSerialId: null}
2019-09-10 05:39:02,956 [RatisPipelineUtilsThread] ERROR pipeline.SCMPipelineManager (Scheduler.java:lambda$schedule$1(70)) - Destroy pipeline failed for pipeline:Pipeline[ Id: 2528d2e7-86be-4d5e-8d8b-cc489457d0b6, Nodes: b8edd47f-9a8a-4d8f-b9ea-91b185ba1497{ip: 192.168.36.76, host: trunk-nightly-20190910-vk757-903364635, networkLocation: /default-rack, certSerialId: null}7808bc08-8c64-492d-8125-4fa314b60c8b{ip: 192.168.36.76, host: trunk-nightly-20190910-vk757-903364635, networkLocation: /default-rack, certSerialId: null}7ffb1f47-f84a-45ee-8f65-039bc0f66923{ip: 192.168.36.76, host: trunk-nightly-20190910-vk757-903364635, networkLocation: /default-rack, certSerialId: null}, Type:RATIS, Factor:THREE, State:CLOSED]
org.apache.hadoop.hdds.scm.pipeline.PipelineNotFoundException: PipelineID=2528d2e7-86be-4d5e-8d8b-cc489457d0b6 not found
	at org.apache.hadoop.hdds.scm.pipeline.PipelineStateMap.getPipeline(PipelineStateMap.java:132)
	at org.apache.hadoop.hdds.scm.pipeline.PipelineStateMap.removePipeline(PipelineStateMap.java:322)
	at org.apache.hadoop.hdds.scm.pipeline.PipelineStateManager.removePipeline(PipelineStateManager.java:107)
	at org.apache.hadoop.hdds.scm.pipeline.SCMPipelineManager.removePipeline(SCMPipelineManager.java:423)
	at org.apache.hadoop.hdds.scm.pipeline.SCMPipelineManager.destroyPipeline(SCMPipelineManager.java:409)
	at org.apache.hadoop.hdds.scm.pipeline.SCMPipelineManager.lambda$finalizeAndDestroyPipeline$0(SCMPipelineManager.java:318)
	at org.apache.hadoop.utils.Scheduler.lambda$schedule$1(Scheduler.java:68)
	at java.util.concurrent.Executors$RunnableAdapter.call(Executors.java:511)
	at java.util.concurrent.FutureTask.run(FutureTask.java:266)
	at java.util.concurrent.ScheduledThreadPoolExecutor$ScheduledFutureTask.access$201(ScheduledThreadPoolExecutor.java:180)
	at java.util.concurrent.ScheduledThreadPoolExecutor$ScheduledFutureTask.run(ScheduledThreadPoolExecutor.java:293)
	at java.util.concurrent.ThreadPoolExecutor.runWorker(ThreadPoolExecutor.java:1149)
	at java.util.concurrent.ThreadPoolExecutor$Worker.run(ThreadPoolExecutor.java:624)
	at java.lang.Thread.run(Thread.java:748)
2019-09-10 05:39:03,724 [grpc-default-executor-13] WARN  server.GrpcLogAppender (LogUtils.java:warn(134)) - 6e39a6b0-7c21-4c58-b01b-b05d763a4956@group-B6DB05E82C1A->b365e7c3-3384-4dda-bf54-3c9a5d02b5a0-AppendLogResponseHandler: Failed appendEntries: org.apache.ratis.thirdparty.io.grpc.StatusRuntimeException: UNAVAILABLE: io exception
2019-09-10 05:39:03,731 [grpc-default-executor-13] INFO  impl.FollowerInfo (FollowerInfo.java:lambda$new$0(51)) - 6e39a6b0-7c21-4c58-b01b-b05d763a4956@group-B6DB05E82C1A->b365e7c3-3384-4dda-bf54-3c9a5d02b5a0: nextIndex: updateUnconditionally 0 -> 0
2019-09-10 05:39:04,273 [EventQueue-StaleNodeForStaleNodeHandler] INFO  node.StaleNodeHandler (StaleNodeHandler.java:onMessage(58)) - Datanode 09940887-b3de-422b-adff-478b86b01adb{ip: 192.168.36.76, host: trunk-nightly-20190910-vk757-903364635, networkLocation: /default-rack, certSerialId: null} moved to stale state. Finalizing its pipelines [PipelineID=dc99524c-3982-4956-b46c-b6db05e82c1a, PipelineID=6f710583-de0c-4e1d-b9af-071029a5b8dc]
2019-09-10 05:39:04,274 [EventQueue-StaleNodeForStaleNodeHandler] INFO  pipeline.SCMPipelineManager (SCMPipelineManager.java:finalizeAndDestroyPipeline(311)) - destroying pipeline:Pipeline[ Id: dc99524c-3982-4956-b46c-b6db05e82c1a, Nodes: b365e7c3-3384-4dda-bf54-3c9a5d02b5a0{ip: 192.168.36.76, host: trunk-nightly-20190910-vk757-903364635, networkLocation: /default-rack, certSerialId: null}09940887-b3de-422b-adff-478b86b01adb{ip: 192.168.36.76, host: trunk-nightly-20190910-vk757-903364635, networkLocation: /default-rack, certSerialId: null}6e39a6b0-7c21-4c58-b01b-b05d763a4956{ip: 192.168.36.76, host: trunk-nightly-20190910-vk757-903364635, networkLocation: /default-rack, certSerialId: null}, Type:RATIS, Factor:THREE, State:CLOSED]
2019-09-10 05:39:04,275 [EventQueue-StaleNodeForStaleNodeHandler] INFO  pipeline.SCMPipelineManager (SCMPipelineManager.java:finalizeAndDestroyPipeline(311)) - destroying pipeline:Pipeline[ Id: 6f710583-de0c-4e1d-b9af-071029a5b8dc, Nodes: 09940887-b3de-422b-adff-478b86b01adb{ip: 192.168.36.76, host: trunk-nightly-20190910-vk757-903364635, networkLocation: /default-rack, certSerialId: null}, Type:RATIS, Factor:ONE, State:OPEN]
2019-09-10 05:39:04,275 [EventQueue-StaleNodeForStaleNodeHandler] INFO  pipeline.PipelineStateManager (PipelineStateManager.java:finalizePipeline(123)) - Pipeline Pipeline[ Id: 6f710583-de0c-4e1d-b9af-071029a5b8dc, Nodes: 09940887-b3de-422b-adff-478b86b01adb{ip: 192.168.36.76, host: trunk-nightly-20190910-vk757-903364635, networkLocation: /default-rack, certSerialId: null}, Type:RATIS, Factor:ONE, State:CLOSED] moved to CLOSED state
2019-09-10 05:39:04,774 [EventQueue-StaleNodeForStaleNodeHandler] INFO  node.StaleNodeHandler (StaleNodeHandler.java:onMessage(58)) - Datanode 6e39a6b0-7c21-4c58-b01b-b05d763a4956{ip: 192.168.36.76, host: trunk-nightly-20190910-vk757-903364635, networkLocation: /default-rack, certSerialId: null} moved to stale state. Finalizing its pipelines [PipelineID=a25ead9b-d09b-47d8-ba55-13caa85153c8, PipelineID=dc99524c-3982-4956-b46c-b6db05e82c1a]
2019-09-10 05:39:04,774 [EventQueue-StaleNodeForStaleNodeHandler] INFO  pipeline.SCMPipelineManager (SCMPipelineManager.java:finalizeAndDestroyPipeline(311)) - destroying pipeline:Pipeline[ Id: a25ead9b-d09b-47d8-ba55-13caa85153c8, Nodes: 6e39a6b0-7c21-4c58-b01b-b05d763a4956{ip: 192.168.36.76, host: trunk-nightly-20190910-vk757-903364635, networkLocation: /default-rack, certSerialId: null}, Type:RATIS, Factor:ONE, State:OPEN]
2019-09-10 05:39:04,774 [EventQueue-StaleNodeForStaleNodeHandler] INFO  pipeline.PipelineStateManager (PipelineStateManager.java:finalizePipeline(123)) - Pipeline Pipeline[ Id: a25ead9b-d09b-47d8-ba55-13caa85153c8, Nodes: 6e39a6b0-7c21-4c58-b01b-b05d763a4956{ip: 192.168.36.76, host: trunk-nightly-20190910-vk757-903364635, networkLocation: /default-rack, certSerialId: null}, Type:RATIS, Factor:ONE, State:CLOSED] moved to CLOSED state
2019-09-10 05:39:04,774 [EventQueue-StaleNodeForStaleNodeHandler] INFO  pipeline.SCMPipelineManager (SCMPipelineManager.java:finalizeAndDestroyPipeline(311)) - destroying pipeline:Pipeline[ Id: dc99524c-3982-4956-b46c-b6db05e82c1a, Nodes: b365e7c3-3384-4dda-bf54-3c9a5d02b5a0{ip: 192.168.36.76, host: trunk-nightly-20190910-vk757-903364635, networkLocation: /default-rack, certSerialId: null}09940887-b3de-422b-adff-478b86b01adb{ip: 192.168.36.76, host: trunk-nightly-20190910-vk757-903364635, networkLocation: /default-rack, certSerialId: null}6e39a6b0-7c21-4c58-b01b-b05d763a4956{ip: 192.168.36.76, host: trunk-nightly-20190910-vk757-903364635, networkLocation: /default-rack, certSerialId: null}, Type:RATIS, Factor:THREE, State:CLOSED]
2019-09-10 05:39:04,815 [ForkJoinPool.commonPool-worker-0] INFO  ozoneimpl.OzoneContainer (OzoneContainer.java:stop(231)) - Attempting to stop container services.
2019-09-10 05:39:04,815 [ForkJoinPool.commonPool-worker-0] INFO  impl.RaftServerProxy (RaftServerProxy.java:lambda$close$4(314)) - 09940887-b3de-422b-adff-478b86b01adb: close
2019-09-10 05:39:04,816 [ForkJoinPool.commonPool-worker-0] INFO  impl.RaftServerImpl (RaftServerImpl.java:lambda$shutdown$3(251)) - 09940887-b3de-422b-adff-478b86b01adb@group-B6DB05E82C1A: shutdown
2019-09-10 05:39:04,816 [ForkJoinPool.commonPool-worker-0] INFO  util.JmxRegister (JmxRegister.java:unregister(73)) - Successfully un-registered JMX Bean with object name Ratis:service=RaftServer,group=group-B6DB05E82C1A,id=09940887-b3de-422b-adff-478b86b01adb
2019-09-10 05:39:04,816 [ForkJoinPool.commonPool-worker-0] INFO  impl.RoleInfo (RoleInfo.java:shutdownFollowerState(121)) - 09940887-b3de-422b-adff-478b86b01adb: shutdown FollowerState
2019-09-10 05:39:04,817 [ForkJoinPool.commonPool-worker-0] INFO  impl.StateMachineUpdater (StateMachineUpdater.java:stopAndJoin(125)) - 09940887-b3de-422b-adff-478b86b01adb@group-B6DB05E82C1A-StateMachineUpdater: set stopIndex = 2
2019-09-10 05:39:04,817 [Thread-4489] INFO  impl.FollowerState (FollowerState.java:run(115)) - 09940887-b3de-422b-adff-478b86b01adb: FollowerState was interrupted: java.lang.InterruptedException: sleep interrupted
2019-09-10 05:39:04,817 [ForkJoinPool.commonPool-worker-0] INFO  impl.RaftServerImpl (ServerState.java:close(385)) - 09940887-b3de-422b-adff-478b86b01adb@group-B6DB05E82C1A: closes. applyIndex: 2
2019-09-10 05:39:04,822 [09940887-b3de-422b-adff-478b86b01adb@group-B6DB05E82C1A-SegmentedRaftLogWorker] INFO  segmented.SegmentedRaftLogWorker (SegmentedRaftLogWorker.java:run(313)) - 09940887-b3de-422b-adff-478b86b01adb@group-B6DB05E82C1A-SegmentedRaftLogWorker was interrupted, exiting. There are 0 tasks remaining in the queue.
2019-09-10 05:39:04,824 [ForkJoinPool.commonPool-worker-0] INFO  segmented.SegmentedRaftLogWorker (SegmentedRaftLogWorker.java:close(228)) - 09940887-b3de-422b-adff-478b86b01adb@group-B6DB05E82C1A-SegmentedRaftLogWorker close()
2019-09-10 05:39:04,826 [ForkJoinPool.commonPool-worker-0] INFO  impl.RaftServerImpl (RaftServerImpl.java:lambda$shutdown$3(251)) - 09940887-b3de-422b-adff-478b86b01adb@group-071029A5B8DC: shutdown
2019-09-10 05:39:04,827 [ForkJoinPool.commonPool-worker-0] INFO  util.JmxRegister (JmxRegister.java:unregister(73)) - Successfully un-registered JMX Bean with object name Ratis:service=RaftServer,group=group-071029A5B8DC,id=09940887-b3de-422b-adff-478b86b01adb
2019-09-10 05:39:04,827 [ForkJoinPool.commonPool-worker-0] INFO  impl.RoleInfo (RoleInfo.java:shutdownLeaderState(104)) - 09940887-b3de-422b-adff-478b86b01adb: shutdown LeaderState
2019-09-10 05:39:04,827 [ForkJoinPool.commonPool-worker-0] INFO  impl.PendingRequests (PendingRequests.java:sendNotLeaderResponses(202)) - 09940887-b3de-422b-adff-478b86b01adb-PendingRequests: sendNotLeaderResponses
2019-09-10 05:39:04,828 [ForkJoinPool.commonPool-worker-0] INFO  impl.StateMachineUpdater (StateMachineUpdater.java:stopAndJoin(125)) - 09940887-b3de-422b-adff-478b86b01adb@group-071029A5B8DC-StateMachineUpdater: set stopIndex = 0
2019-09-10 05:39:04,828 [ForkJoinPool.commonPool-worker-0] INFO  impl.RaftServerImpl (ServerState.java:close(385)) - 09940887-b3de-422b-adff-478b86b01adb@group-071029A5B8DC: closes. applyIndex: 0
2019-09-10 05:39:04,829 [09940887-b3de-422b-adff-478b86b01adb@group-071029A5B8DC-SegmentedRaftLogWorker] INFO  segmented.SegmentedRaftLogWorker (SegmentedRaftLogWorker.java:run(313)) - 09940887-b3de-422b-adff-478b86b01adb@group-071029A5B8DC-SegmentedRaftLogWorker was interrupted, exiting. There are 0 tasks remaining in the queue.
2019-09-10 05:39:04,829 [ForkJoinPool.commonPool-worker-0] INFO  segmented.SegmentedRaftLogWorker (SegmentedRaftLogWorker.java:close(228)) - 09940887-b3de-422b-adff-478b86b01adb@group-071029A5B8DC-SegmentedRaftLogWorker close()
2019-09-10 05:39:04,831 [ForkJoinPool.commonPool-worker-0] INFO  server.GrpcService (GrpcService.java:closeImpl(164)) - 09940887-b3de-422b-adff-478b86b01adb: shutdown server with port 33140 now
2019-09-10 05:39:04,833 [grpc-default-executor-11] WARN  server.GrpcServerProtocolService (LogUtils.java:warn(134)) - 09940887-b3de-422b-adff-478b86b01adb: installSnapshot onError, lastRequest: 6e39a6b0-7c21-4c58-b01b-b05d763a4956->09940887-b3de-422b-adff-478b86b01adb#3-t2, previous=(t:2, i:2), leaderCommit=2, initializing? false, entries: <empty>: org.apache.ratis.thirdparty.io.grpc.StatusRuntimeException: CANCELLED: cancelled before receiving half close
2019-09-10 05:39:04,833 [ForkJoinPool.commonPool-worker-0] INFO  server.GrpcService (GrpcService.java:closeImpl(172)) - 09940887-b3de-422b-adff-478b86b01adb: shutdown server with port 33140 successfully
2019-09-10 05:39:04,833 [grpc-default-executor-12] WARN  server.GrpcLogAppender (LogUtils.java:warn(134)) - 6e39a6b0-7c21-4c58-b01b-b05d763a4956@group-B6DB05E82C1A->09940887-b3de-422b-adff-478b86b01adb-AppendLogResponseHandler: Failed appendEntries: org.apache.ratis.thirdparty.io.grpc.StatusRuntimeException: CANCELLED: HTTP/2 error code: CANCEL
Received Rst Stream
2019-09-10 05:39:04,834 [grpc-default-executor-12] INFO  impl.FollowerInfo (FollowerInfo.java:lambda$new$0(51)) - 6e39a6b0-7c21-4c58-b01b-b05d763a4956@group-B6DB05E82C1A->09940887-b3de-422b-adff-478b86b01adb: nextIndex: updateUnconditionally 3 -> 2
2019-09-10 05:39:04,837 [refreshUsed-/workdir/hadoop-ozone/integration-test/target/test-dir/MiniOzoneClusterImpl-57336a7d-2d72-4251-b84b-f30cd33fc333/datanode-0/data/containers] WARN  fs.CachingGetSpaceUsed (CachingGetSpaceUsed.java:run(183)) - Thread Interrupted waiting to refresh disk information: sleep interrupted
2019-09-10 05:39:04,841 [main] INFO  ozoneimpl.OzoneContainer (OzoneContainer.java:stop(231)) - Attempting to stop container services.
2019-09-10 05:39:04,841 [main] INFO  impl.RaftServerProxy (RaftServerProxy.java:lambda$close$4(314)) - 6e39a6b0-7c21-4c58-b01b-b05d763a4956: close
2019-09-10 05:39:04,842 [main] INFO  impl.RaftServerImpl (RaftServerImpl.java:lambda$shutdown$3(251)) - 6e39a6b0-7c21-4c58-b01b-b05d763a4956@group-13CAA85153C8: shutdown
2019-09-10 05:39:04,842 [main] INFO  util.JmxRegister (JmxRegister.java:unregister(73)) - Successfully un-registered JMX Bean with object name Ratis:service=RaftServer,group=group-13CAA85153C8,id=6e39a6b0-7c21-4c58-b01b-b05d763a4956
2019-09-10 05:39:04,842 [main] INFO  impl.RoleInfo (RoleInfo.java:shutdownLeaderState(104)) - 6e39a6b0-7c21-4c58-b01b-b05d763a4956: shutdown LeaderState
2019-09-10 05:39:04,843 [main] INFO  impl.PendingRequests (PendingRequests.java:sendNotLeaderResponses(202)) - 6e39a6b0-7c21-4c58-b01b-b05d763a4956-PendingRequests: sendNotLeaderResponses
2019-09-10 05:39:04,843 [main] INFO  impl.StateMachineUpdater (StateMachineUpdater.java:stopAndJoin(125)) - 6e39a6b0-7c21-4c58-b01b-b05d763a4956@group-13CAA85153C8-StateMachineUpdater: set stopIndex = 0
2019-09-10 05:39:04,843 [main] INFO  impl.RaftServerImpl (ServerState.java:close(385)) - 6e39a6b0-7c21-4c58-b01b-b05d763a4956@group-13CAA85153C8: closes. applyIndex: 0
2019-09-10 05:39:04,844 [6e39a6b0-7c21-4c58-b01b-b05d763a4956@group-13CAA85153C8-SegmentedRaftLogWorker] INFO  segmented.SegmentedRaftLogWorker (SegmentedRaftLogWorker.java:run(313)) - 6e39a6b0-7c21-4c58-b01b-b05d763a4956@group-13CAA85153C8-SegmentedRaftLogWorker was interrupted, exiting. There are 0 tasks remaining in the queue.
2019-09-10 05:39:04,844 [main] INFO  segmented.SegmentedRaftLogWorker (SegmentedRaftLogWorker.java:close(228)) - 6e39a6b0-7c21-4c58-b01b-b05d763a4956@group-13CAA85153C8-SegmentedRaftLogWorker close()
2019-09-10 05:39:04,846 [main] INFO  impl.RaftServerImpl (RaftServerImpl.java:lambda$shutdown$3(251)) - 6e39a6b0-7c21-4c58-b01b-b05d763a4956@group-B6DB05E82C1A: shutdown
2019-09-10 05:39:04,846 [main] INFO  util.JmxRegister (JmxRegister.java:unregister(73)) - Successfully un-registered JMX Bean with object name Ratis:service=RaftServer,group=group-B6DB05E82C1A,id=6e39a6b0-7c21-4c58-b01b-b05d763a4956
2019-09-10 05:39:04,846 [main] INFO  impl.RoleInfo (RoleInfo.java:shutdownLeaderState(104)) - 6e39a6b0-7c21-4c58-b01b-b05d763a4956: shutdown LeaderState
2019-09-10 05:39:04,849 [main] INFO  impl.PendingRequests (PendingRequests.java:sendNotLeaderResponses(202)) - 6e39a6b0-7c21-4c58-b01b-b05d763a4956-PendingRequests: sendNotLeaderResponses
2019-09-10 05:39:04,850 [org.apache.ratis.server.impl.LogAppender$AppenderDaemon$$Lambda$512/623231696@6e6d781a] WARN  server.GrpcLogAppender (GrpcLogAppender.java:mayWait(143)) - 6e39a6b0-7c21-4c58-b01b-b05d763a4956@group-B6DB05E82C1A->09940887-b3de-422b-adff-478b86b01adb-GrpcLogAppender: Wait interrupted by java.lang.InterruptedException
2019-09-10 05:39:04,851 [main] INFO  impl.StateMachineUpdater (StateMachineUpdater.java:stopAndJoin(125)) - 6e39a6b0-7c21-4c58-b01b-b05d763a4956@group-B6DB05E82C1A-StateMachineUpdater: set stopIndex = 2
2019-09-10 05:39:04,852 [main] INFO  impl.RaftServerImpl (ServerState.java:close(385)) - 6e39a6b0-7c21-4c58-b01b-b05d763a4956@group-B6DB05E82C1A: closes. applyIndex: 2
2019-09-10 05:39:04,850 [org.apache.ratis.server.impl.LogAppender$AppenderDaemon$$Lambda$512/623231696@21370549] WARN  server.GrpcLogAppender (GrpcLogAppender.java:mayWait(143)) - 6e39a6b0-7c21-4c58-b01b-b05d763a4956@group-B6DB05E82C1A->b365e7c3-3384-4dda-bf54-3c9a5d02b5a0-GrpcLogAppender: Wait interrupted by java.lang.InterruptedException
2019-09-10 05:39:04,852 [6e39a6b0-7c21-4c58-b01b-b05d763a4956@group-B6DB05E82C1A-SegmentedRaftLogWorker] INFO  segmented.SegmentedRaftLogWorker (SegmentedRaftLogWorker.java:run(313)) - 6e39a6b0-7c21-4c58-b01b-b05d763a4956@group-B6DB05E82C1A-SegmentedRaftLogWorker was interrupted, exiting. There are 0 tasks remaining in the queue.
2019-09-10 05:39:04,854 [main] INFO  segmented.SegmentedRaftLogWorker (SegmentedRaftLogWorker.java:close(228)) - 6e39a6b0-7c21-4c58-b01b-b05d763a4956@group-B6DB05E82C1A-SegmentedRaftLogWorker close()
2019-09-10 05:39:04,856 [main] INFO  server.GrpcService (GrpcService.java:closeImpl(164)) - 6e39a6b0-7c21-4c58-b01b-b05d763a4956: shutdown server with port 44714 now
2019-09-10 05:39:04,856 [main] INFO  server.GrpcService (GrpcService.java:closeImpl(172)) - 6e39a6b0-7c21-4c58-b01b-b05d763a4956: shutdown server with port 44714 successfully
2019-09-10 05:39:04,859 [refreshUsed-/workdir/hadoop-ozone/integration-test/target/test-dir/MiniOzoneClusterImpl-57336a7d-2d72-4251-b84b-f30cd33fc333/datanode-6/data/containers] WARN  fs.CachingGetSpaceUsed (CachingGetSpaceUsed.java:run(183)) - Thread Interrupted waiting to refresh disk information: sleep interrupted
2019-09-10 05:39:04,868 [ForkJoinPool.commonPool-worker-0] INFO  utils.BackgroundService (BackgroundService.java:shutdown(148)) - Shutting down service BlockDeletingService
2019-09-10 05:39:04,872 [ForkJoinPool.commonPool-worker-0] INFO  statemachine.DatanodeStateMachine (DatanodeStateMachine.java:stopDaemon(395)) - Ozone container server stopped.
2019-09-10 05:39:04,877 [ForkJoinPool.commonPool-worker-0] INFO  handler.ContextHandler (ContextHandler.java:doStop(910)) - Stopped o.e.j.w.WebAppContext@3e151e1f{/,null,UNAVAILABLE}{/hddsDatanode}
2019-09-10 05:39:04,878 [ForkJoinPool.commonPool-worker-0] INFO  server.AbstractConnector (AbstractConnector.java:doStop(318)) - Stopped ServerConnector@d70e9a{HTTP/1.1,[http/1.1]}{0.0.0.0:0}
2019-09-10 05:39:04,879 [ForkJoinPool.commonPool-worker-0] INFO  handler.ContextHandler (ContextHandler.java:doStop(910)) - Stopped o.e.j.s.ServletContextHandler@3b96f8b0{/static,jar:file:/home/user/.m2/repository/org/apache/hadoop/hadoop-hdds-container-service/0.5.0-SNAPSHOT/hadoop-hdds-container-service-0.5.0-SNAPSHOT.jar!/webapps/static,UNAVAILABLE}
2019-09-10 05:39:04,881 [main] INFO  utils.BackgroundService (BackgroundService.java:shutdown(148)) - Shutting down service BlockDeletingService
2019-09-10 05:39:04,881 [ForkJoinPool.commonPool-worker-0] INFO  handler.ContextHandler (ContextHandler.java:doStop(910)) - Stopped o.e.j.s.ServletContextHandler@3d512652{/logs,file:///workdir/hadoop-ozone/integration-test/target/log,UNAVAILABLE}
2019-09-10 05:39:04,885 [main] INFO  statemachine.DatanodeStateMachine (DatanodeStateMachine.java:stopDaemon(395)) - Ozone container server stopped.
2019-09-10 05:39:04,886 [main] INFO  handler.ContextHandler (ContextHandler.java:doStop(910)) - Stopped o.e.j.w.WebAppContext@7e77678c{/,null,UNAVAILABLE}{/hddsDatanode}
2019-09-10 05:39:04,887 [main] INFO  server.AbstractConnector (AbstractConnector.java:doStop(318)) - Stopped ServerConnector@113eed88{HTTP/1.1,[http/1.1]}{0.0.0.0:0}
2019-09-10 05:39:04,887 [main] INFO  handler.ContextHandler (ContextHandler.java:doStop(910)) - Stopped o.e.j.s.ServletContextHandler@7f8c3646{/static,jar:file:/home/user/.m2/repository/org/apache/hadoop/hadoop-hdds-container-service/0.5.0-SNAPSHOT/hadoop-hdds-container-service-0.5.0-SNAPSHOT.jar!/webapps/static,UNAVAILABLE}
2019-09-10 05:39:04,887 [main] INFO  handler.ContextHandler (ContextHandler.java:doStop(910)) - Stopped o.e.j.s.ServletContextHandler@ce561cc{/logs,file:///workdir/hadoop-ozone/integration-test/target/log,UNAVAILABLE}
2019-09-10 05:39:05,656 [Datanode State Machine Thread - 0] INFO  statemachine.DatanodeStateMachine (DatanodeStateMachine.java:lambda$startDaemon$0(350)) - Ozone container server started.
2019-09-10 05:39:05,932 [RatisPipelineUtilsThread] WARN  pipeline.RatisPipelineUtils (RatisPipelineUtils.java:destroyPipeline(66)) - Pipeline destroy failed for pipeline=PipelineID=2528d2e7-86be-4d5e-8d8b-cc489457d0b6 dn=b8edd47f-9a8a-4d8f-b9ea-91b185ba1497{ip: 192.168.36.76, host: trunk-nightly-20190910-vk757-903364635, networkLocation: /default-rack, certSerialId: null}
2019-09-10 05:39:05,934 [RatisPipelineUtilsThread] WARN  pipeline.RatisPipelineUtils (RatisPipelineUtils.java:destroyPipeline(66)) - Pipeline destroy failed for pipeline=PipelineID=2528d2e7-86be-4d5e-8d8b-cc489457d0b6 dn=7808bc08-8c64-492d-8125-4fa314b60c8b{ip: 192.168.36.76, host: trunk-nightly-20190910-vk757-903364635, networkLocation: /default-rack, certSerialId: null}
2019-09-10 05:39:05,936 [RatisPipelineUtilsThread] WARN  pipeline.RatisPipelineUtils (RatisPipelineUtils.java:destroyPipeline(66)) - Pipeline destroy failed for pipeline=PipelineID=2528d2e7-86be-4d5e-8d8b-cc489457d0b6 dn=7ffb1f47-f84a-45ee-8f65-039bc0f66923{ip: 192.168.36.76, host: trunk-nightly-20190910-vk757-903364635, networkLocation: /default-rack, certSerialId: null}
2019-09-10 05:39:05,936 [RatisPipelineUtilsThread] ERROR pipeline.SCMPipelineManager (Scheduler.java:lambda$schedule$1(70)) - Destroy pipeline failed for pipeline:Pipeline[ Id: 2528d2e7-86be-4d5e-8d8b-cc489457d0b6, Nodes: b8edd47f-9a8a-4d8f-b9ea-91b185ba1497{ip: 192.168.36.76, host: trunk-nightly-20190910-vk757-903364635, networkLocation: /default-rack, certSerialId: null}7808bc08-8c64-492d-8125-4fa314b60c8b{ip: 192.168.36.76, host: trunk-nightly-20190910-vk757-903364635, networkLocation: /default-rack, certSerialId: null}7ffb1f47-f84a-45ee-8f65-039bc0f66923{ip: 192.168.36.76, host: trunk-nightly-20190910-vk757-903364635, networkLocation: /default-rack, certSerialId: null}, Type:RATIS, Factor:THREE, State:CLOSED]
org.apache.hadoop.hdds.scm.pipeline.PipelineNotFoundException: PipelineID=2528d2e7-86be-4d5e-8d8b-cc489457d0b6 not found
	at org.apache.hadoop.hdds.scm.pipeline.PipelineStateMap.getPipeline(PipelineStateMap.java:132)
	at org.apache.hadoop.hdds.scm.pipeline.PipelineStateMap.removePipeline(PipelineStateMap.java:322)
	at org.apache.hadoop.hdds.scm.pipeline.PipelineStateManager.removePipeline(PipelineStateManager.java:107)
	at org.apache.hadoop.hdds.scm.pipeline.SCMPipelineManager.removePipeline(SCMPipelineManager.java:423)
	at org.apache.hadoop.hdds.scm.pipeline.SCMPipelineManager.destroyPipeline(SCMPipelineManager.java:409)
	at org.apache.hadoop.hdds.scm.pipeline.SCMPipelineManager.lambda$finalizeAndDestroyPipeline$0(SCMPipelineManager.java:318)
	at org.apache.hadoop.utils.Scheduler.lambda$schedule$1(Scheduler.java:68)
	at java.util.concurrent.Executors$RunnableAdapter.call(Executors.java:511)
	at java.util.concurrent.FutureTask.run(FutureTask.java:266)
	at java.util.concurrent.ScheduledThreadPoolExecutor$ScheduledFutureTask.access$201(ScheduledThreadPoolExecutor.java:180)
	at java.util.concurrent.ScheduledThreadPoolExecutor$ScheduledFutureTask.run(ScheduledThreadPoolExecutor.java:293)
	at java.util.concurrent.ThreadPoolExecutor.runWorker(ThreadPoolExecutor.java:1149)
	at java.util.concurrent.ThreadPoolExecutor$Worker.run(ThreadPoolExecutor.java:624)
	at java.lang.Thread.run(Thread.java:748)
2019-09-10 05:39:07,937 [RatisPipelineUtilsThread] WARN  pipeline.RatisPipelineUtils (RatisPipelineUtils.java:destroyPipeline(66)) - Pipeline destroy failed for pipeline=PipelineID=2528d2e7-86be-4d5e-8d8b-cc489457d0b6 dn=b8edd47f-9a8a-4d8f-b9ea-91b185ba1497{ip: 192.168.36.76, host: trunk-nightly-20190910-vk757-903364635, networkLocation: /default-rack, certSerialId: null}
2019-09-10 05:39:07,940 [RatisPipelineUtilsThread] WARN  pipeline.RatisPipelineUtils (RatisPipelineUtils.java:destroyPipeline(66)) - Pipeline destroy failed for pipeline=PipelineID=2528d2e7-86be-4d5e-8d8b-cc489457d0b6 dn=7808bc08-8c64-492d-8125-4fa314b60c8b{ip: 192.168.36.76, host: trunk-nightly-20190910-vk757-903364635, networkLocation: /default-rack, certSerialId: null}
2019-09-10 05:39:07,942 [RatisPipelineUtilsThread] WARN  pipeline.RatisPipelineUtils (RatisPipelineUtils.java:destroyPipeline(66)) - Pipeline destroy failed for pipeline=PipelineID=2528d2e7-86be-4d5e-8d8b-cc489457d0b6 dn=7ffb1f47-f84a-45ee-8f65-039bc0f66923{ip: 192.168.36.76, host: trunk-nightly-20190910-vk757-903364635, networkLocation: /default-rack, certSerialId: null}
2019-09-10 05:39:07,942 [RatisPipelineUtilsThread] ERROR pipeline.SCMPipelineManager (Scheduler.java:lambda$schedule$1(70)) - Destroy pipeline failed for pipeline:Pipeline[ Id: 2528d2e7-86be-4d5e-8d8b-cc489457d0b6, Nodes: b8edd47f-9a8a-4d8f-b9ea-91b185ba1497{ip: 192.168.36.76, host: trunk-nightly-20190910-vk757-903364635, networkLocation: /default-rack, certSerialId: null}7808bc08-8c64-492d-8125-4fa314b60c8b{ip: 192.168.36.76, host: trunk-nightly-20190910-vk757-903364635, networkLocation: /default-rack, certSerialId: null}7ffb1f47-f84a-45ee-8f65-039bc0f66923{ip: 192.168.36.76, host: trunk-nightly-20190910-vk757-903364635, networkLocation: /default-rack, certSerialId: null}, Type:RATIS, Factor:THREE, State:CLOSED]
org.apache.hadoop.hdds.scm.pipeline.PipelineNotFoundException: PipelineID=2528d2e7-86be-4d5e-8d8b-cc489457d0b6 not found
	at org.apache.hadoop.hdds.scm.pipeline.PipelineStateMap.getPipeline(PipelineStateMap.java:132)
	at org.apache.hadoop.hdds.scm.pipeline.PipelineStateMap.removePipeline(PipelineStateMap.java:322)
	at org.apache.hadoop.hdds.scm.pipeline.PipelineStateManager.removePipeline(PipelineStateManager.java:107)
	at org.apache.hadoop.hdds.scm.pipeline.SCMPipelineManager.removePipeline(SCMPipelineManager.java:423)
	at org.apache.hadoop.hdds.scm.pipeline.SCMPipelineManager.destroyPipeline(SCMPipelineManager.java:409)
	at org.apache.hadoop.hdds.scm.pipeline.SCMPipelineManager.lambda$finalizeAndDestroyPipeline$0(SCMPipelineManager.java:318)
	at org.apache.hadoop.utils.Scheduler.lambda$schedule$1(Scheduler.java:68)
	at java.util.concurrent.Executors$RunnableAdapter.call(Executors.java:511)
	at java.util.concurrent.FutureTask.run(FutureTask.java:266)
	at java.util.concurrent.ScheduledThreadPoolExecutor$ScheduledFutureTask.access$201(ScheduledThreadPoolExecutor.java:180)
	at java.util.concurrent.ScheduledThreadPoolExecutor$ScheduledFutureTask.run(ScheduledThreadPoolExecutor.java:293)
	at java.util.concurrent.ThreadPoolExecutor.runWorker(ThreadPoolExecutor.java:1149)
	at java.util.concurrent.ThreadPoolExecutor$Worker.run(ThreadPoolExecutor.java:624)
	at java.lang.Thread.run(Thread.java:748)
2019-09-10 05:39:09,681 [EventQueue-StaleNodeForStaleNodeHandler] INFO  node.StaleNodeHandler (StaleNodeHandler.java:onMessage(58)) - Datanode ece71e89-09ce-4721-bc39-9e7097bbf4e8{ip: 192.168.36.76, host: trunk-nightly-20190910-vk757-903364635, networkLocation: /default-rack, certSerialId: null} moved to stale state. Finalizing its pipelines [PipelineID=ba68f029-427d-430a-bcd7-e814967ddb6f]
2019-09-10 05:39:09,682 [EventQueue-StaleNodeForStaleNodeHandler] INFO  pipeline.SCMPipelineManager (SCMPipelineManager.java:finalizeAndDestroyPipeline(311)) - destroying pipeline:Pipeline[ Id: ba68f029-427d-430a-bcd7-e814967ddb6f, Nodes: ece71e89-09ce-4721-bc39-9e7097bbf4e8{ip: 192.168.36.76, host: trunk-nightly-20190910-vk757-903364635, networkLocation: /default-rack, certSerialId: null}, Type:RATIS, Factor:ONE, State:OPEN]
2019-09-10 05:39:09,682 [EventQueue-StaleNodeForStaleNodeHandler] INFO  pipeline.PipelineStateManager (PipelineStateManager.java:finalizePipeline(123)) - Pipeline Pipeline[ Id: ba68f029-427d-430a-bcd7-e814967ddb6f, Nodes: ece71e89-09ce-4721-bc39-9e7097bbf4e8{ip: 192.168.36.76, host: trunk-nightly-20190910-vk757-903364635, networkLocation: /default-rack, certSerialId: null}, Type:RATIS, Factor:ONE, State:CLOSED] moved to CLOSED state
2019-09-10 05:39:09,887 [ForkJoinPool.commonPool-worker-0] INFO  ozoneimpl.OzoneContainer (OzoneContainer.java:stop(231)) - Attempting to stop container services.
2019-09-10 05:39:09,888 [ForkJoinPool.commonPool-worker-0] INFO  impl.RaftServerProxy (RaftServerProxy.java:lambda$close$4(314)) - ece71e89-09ce-4721-bc39-9e7097bbf4e8: close
2019-09-10 05:39:09,888 [ForkJoinPool.commonPool-worker-0] INFO  impl.RaftServerImpl (RaftServerImpl.java:lambda$shutdown$3(251)) - ece71e89-09ce-4721-bc39-9e7097bbf4e8@group-E814967DDB6F: shutdown
2019-09-10 05:39:09,888 [ForkJoinPool.commonPool-worker-0] INFO  util.JmxRegister (JmxRegister.java:unregister(73)) - Successfully un-registered JMX Bean with object name Ratis:service=RaftServer,group=group-E814967DDB6F,id=ece71e89-09ce-4721-bc39-9e7097bbf4e8
2019-09-10 05:39:09,889 [ForkJoinPool.commonPool-worker-0] INFO  impl.RoleInfo (RoleInfo.java:shutdownLeaderState(104)) - ece71e89-09ce-4721-bc39-9e7097bbf4e8: shutdown LeaderState
2019-09-10 05:39:09,889 [ForkJoinPool.commonPool-worker-0] INFO  impl.PendingRequests (PendingRequests.java:sendNotLeaderResponses(202)) - ece71e89-09ce-4721-bc39-9e7097bbf4e8-PendingRequests: sendNotLeaderResponses
2019-09-10 05:39:09,890 [ForkJoinPool.commonPool-worker-0] INFO  impl.StateMachineUpdater (StateMachineUpdater.java:stopAndJoin(125)) - ece71e89-09ce-4721-bc39-9e7097bbf4e8@group-E814967DDB6F-StateMachineUpdater: set stopIndex = 0
2019-09-10 05:39:09,890 [ForkJoinPool.commonPool-worker-0] INFO  impl.RaftServerImpl (ServerState.java:close(385)) - ece71e89-09ce-4721-bc39-9e7097bbf4e8@group-E814967DDB6F: closes. applyIndex: 0
2019-09-10 05:39:09,891 [ece71e89-09ce-4721-bc39-9e7097bbf4e8@group-E814967DDB6F-SegmentedRaftLogWorker] INFO  segmented.SegmentedRaftLogWorker (SegmentedRaftLogWorker.java:run(313)) - ece71e89-09ce-4721-bc39-9e7097bbf4e8@group-E814967DDB6F-SegmentedRaftLogWorker was interrupted, exiting. There are 0 tasks remaining in the queue.
2019-09-10 05:39:09,891 [ForkJoinPool.commonPool-worker-0] INFO  segmented.SegmentedRaftLogWorker (SegmentedRaftLogWorker.java:close(228)) - ece71e89-09ce-4721-bc39-9e7097bbf4e8@group-E814967DDB6F-SegmentedRaftLogWorker close()
2019-09-10 05:39:09,896 [ForkJoinPool.commonPool-worker-0] INFO  server.GrpcService (GrpcService.java:closeImpl(164)) - ece71e89-09ce-4721-bc39-9e7097bbf4e8: shutdown server with port 43006 now
2019-09-10 05:39:09,899 [ForkJoinPool.commonPool-worker-0] INFO  server.GrpcService (GrpcService.java:closeImpl(172)) - ece71e89-09ce-4721-bc39-9e7097bbf4e8: shutdown server with port 43006 successfully
2019-09-10 05:39:09,902 [refreshUsed-/workdir/hadoop-ozone/integration-test/target/test-dir/MiniOzoneClusterImpl-57336a7d-2d72-4251-b84b-f30cd33fc333/datanode-5/data/containers] WARN  fs.CachingGetSpaceUsed (CachingGetSpaceUsed.java:run(183)) - Thread Interrupted waiting to refresh disk information: sleep interrupted
2019-09-10 05:39:09,919 [ForkJoinPool.commonPool-worker-0] INFO  utils.BackgroundService (BackgroundService.java:shutdown(148)) - Shutting down service BlockDeletingService
2019-09-10 05:39:09,924 [ForkJoinPool.commonPool-worker-0] INFO  statemachine.DatanodeStateMachine (DatanodeStateMachine.java:stopDaemon(395)) - Ozone container server stopped.
2019-09-10 05:39:09,929 [ForkJoinPool.commonPool-worker-0] INFO  handler.ContextHandler (ContextHandler.java:doStop(910)) - Stopped o.e.j.w.WebAppContext@61d2f267{/,null,UNAVAILABLE}{/hddsDatanode}
2019-09-10 05:39:09,930 [ForkJoinPool.commonPool-worker-0] INFO  server.AbstractConnector (AbstractConnector.java:doStop(318)) - Stopped ServerConnector@26d40c77{HTTP/1.1,[http/1.1]}{0.0.0.0:0}
2019-09-10 05:39:09,932 [ForkJoinPool.commonPool-worker-0] INFO  handler.ContextHandler (ContextHandler.java:doStop(910)) - Stopped o.e.j.s.ServletContextHandler@baa227e{/static,jar:file:/home/user/.m2/repository/org/apache/hadoop/hadoop-hdds-container-service/0.5.0-SNAPSHOT/hadoop-hdds-container-service-0.5.0-SNAPSHOT.jar!/webapps/static,UNAVAILABLE}
2019-09-10 05:39:09,933 [ForkJoinPool.commonPool-worker-0] INFO  handler.ContextHandler (ContextHandler.java:doStop(910)) - Stopped o.e.j.s.ServletContextHandler@668a32a4{/logs,file:///workdir/hadoop-ozone/integration-test/target/log,UNAVAILABLE}
2019-09-10 05:39:09,934 [main] INFO  ozone.MiniOzoneClusterImpl (MiniOzoneClusterImpl.java:stop(339)) - Stopping the StorageContainerManager
2019-09-10 05:39:09,935 [main] INFO  server.StorageContainerManager (StorageContainerManager.java:stop(801)) - Stopping Replication Manager Service.
2019-09-10 05:39:09,935 [main] INFO  container.ReplicationManager (ReplicationManager.java:stop(203)) - Stopping Replication Monitor Thread.
2019-09-10 05:39:09,935 [main] INFO  server.StorageContainerManager (StorageContainerManager.java:stop(808)) - Stopping Lease Manager of the command watchers
2019-09-10 05:39:09,936 [main] INFO  server.StorageContainerManager (StorageContainerManager.java:stop(815)) - Stopping datanode service RPC server
2019-09-10 05:39:09,936 [main] INFO  server.SCMDatanodeProtocolServer (SCMDatanodeProtocolServer.java:stop(367)) - Stopping the RPC server for DataNodes
2019-09-10 05:39:09,936 [main] INFO  ipc.Server (Server.java:stop(3082)) - Stopping server on 41035
2019-09-10 05:39:09,940 [IPC Server listener on 41035] INFO  ipc.Server (Server.java:run(1185)) - Stopping IPC Server listener on 41035
2019-09-10 05:39:09,940 [IPC Server Responder] INFO  ipc.Server (Server.java:run(1319)) - Stopping IPC Server Responder
2019-09-10 05:39:09,980 [SCM Heartbeat Processing Thread - 0] WARN  node.NodeStateManager (NodeStateManager.java:scheduleNextHealthCheck(646)) - Current Thread is interrupted, shutting down HB processing thread for Node Manager.
2019-09-10 05:39:09,981 [main] INFO  server.StorageContainerManager (StorageContainerManager.java:stop(823)) - Stopping block service RPC server
2019-09-10 05:39:09,981 [main] INFO  server.SCMBlockProtocolServer (SCMBlockProtocolServer.java:stop(155)) - Stopping the RPC server for Block Protocol
2019-09-10 05:39:09,981 [main] INFO  ipc.Server (Server.java:stop(3082)) - Stopping server on 33089
2019-09-10 05:39:09,985 [IPC Server listener on 33089] INFO  ipc.Server (Server.java:run(1185)) - Stopping IPC Server listener on 33089
2019-09-10 05:39:09,985 [main] INFO  server.StorageContainerManager (StorageContainerManager.java:stop(830)) - Stopping the StorageContainerLocationProtocol RPC server
2019-09-10 05:39:09,985 [IPC Server Responder] INFO  ipc.Server (Server.java:run(1319)) - Stopping IPC Server Responder
2019-09-10 05:39:09,986 [main] INFO  server.SCMClientProtocolServer (SCMClientProtocolServer.java:stop(159)) - Stopping the RPC server for Client Protocol
2019-09-10 05:39:09,987 [main] INFO  ipc.Server (Server.java:stop(3082)) - Stopping server on 46103
2019-09-10 05:39:09,990 [IPC Server listener on 46103] INFO  ipc.Server (Server.java:run(1185)) - Stopping IPC Server listener on 46103
2019-09-10 05:39:09,990 [main] INFO  server.StorageContainerManager (StorageContainerManager.java:stop(837)) - Stopping Storage Container Manager HTTP server.
2019-09-10 05:39:09,990 [IPC Server Responder] INFO  ipc.Server (Server.java:run(1319)) - Stopping IPC Server Responder
2019-09-10 05:39:09,992 [main] INFO  handler.ContextHandler (ContextHandler.java:doStop(910)) - Stopped o.e.j.w.WebAppContext@394a6d2b{/,null,UNAVAILABLE}{/scm}
2019-09-10 05:39:09,993 [main] INFO  server.AbstractConnector (AbstractConnector.java:doStop(318)) - Stopped ServerConnector@635ff2a5{HTTP/1.1,[http/1.1]}{0.0.0.0:0}
2019-09-10 05:39:09,993 [main] INFO  handler.ContextHandler (ContextHandler.java:doStop(910)) - Stopped o.e.j.s.ServletContextHandler@3070f3e6{/static,file:///workdir/hadoop-ozone/integration-test/target/test-classes/webapps/static,UNAVAILABLE}
2019-09-10 05:39:09,994 [main] INFO  handler.ContextHandler (ContextHandler.java:doStop(910)) - Stopped o.e.j.s.ServletContextHandler@72224107{/logs,file:///workdir/hadoop-ozone/integration-test/target/log,UNAVAILABLE}
2019-09-10 05:39:09,995 [main] INFO  server.StorageContainerManager (StorageContainerManager.java:stop(848)) - Stopping Block Manager Service.
2019-09-10 05:39:09,995 [main] INFO  utils.BackgroundService (BackgroundService.java:shutdown(148)) - Shutting down service SCMBlockDeletingService
2019-09-10 05:39:09,995 [main] INFO  utils.BackgroundService (BackgroundService.java:shutdown(148)) - Shutting down service SCMBlockDeletingService
2019-09-10 05:39:09,996 [main] INFO  server.StorageContainerManager (StorageContainerManager.java:stop(870)) - Stopping SCM Event Queue.
2019-09-10 05:39:10,001 [main] INFO  impl.MetricsSystemImpl (MetricsSystemImpl.java:stop(210)) - Stopping HddsDatanode metrics system...
2019-09-10 05:39:10,040 [main] INFO  impl.MetricsSystemImpl (MetricsSystemImpl.java:stop(216)) - HddsDatanode metrics system stopped.
]]></system-out>
    <system-err><![CDATA[Sep 10, 2019 5:35:26 AM org.apache.ratis.thirdparty.io.grpc.internal.ManagedChannelOrphanWrapper$ManagedChannelReference cleanQueue
SEVERE: *~*~*~ Channel ManagedChannelImpl{logId=2866, target=192.168.36.76:35461} was not shutdown properly!!! ~*~*~*
    Make sure to call shutdown()/shutdownNow() and wait until awaitTermination() returns true.
java.lang.RuntimeException: ManagedChannel allocation site
	at org.apache.ratis.thirdparty.io.grpc.internal.ManagedChannelOrphanWrapper$ManagedChannelReference.<init>(ManagedChannelOrphanWrapper.java:103)
	at org.apache.ratis.thirdparty.io.grpc.internal.ManagedChannelOrphanWrapper.<init>(ManagedChannelOrphanWrapper.java:53)
	at org.apache.ratis.thirdparty.io.grpc.internal.ManagedChannelOrphanWrapper.<init>(ManagedChannelOrphanWrapper.java:44)
	at org.apache.ratis.thirdparty.io.grpc.internal.AbstractManagedChannelImplBuilder.build(AbstractManagedChannelImplBuilder.java:411)
	at org.apache.ratis.grpc.client.GrpcClientProtocolClient.<init>(GrpcClientProtocolClient.java:127)
	at org.apache.ratis.grpc.client.GrpcClientRpc.lambda$new$0(GrpcClientRpc.java:55)
	at org.apache.ratis.util.PeerProxyMap$PeerAndProxy.lambda$getProxy$0(PeerProxyMap.java:61)
	at org.apache.ratis.util.LifeCycle.startAndTransition(LifeCycle.java:202)
	at org.apache.ratis.util.PeerProxyMap$PeerAndProxy.getProxy(PeerProxyMap.java:60)
	at org.apache.ratis.util.PeerProxyMap.getProxy(PeerProxyMap.java:108)
	at org.apache.ratis.grpc.client.GrpcClientRpc.sendRequestAsync(GrpcClientRpc.java:66)
	at org.apache.ratis.client.impl.OrderedAsync.sendRequest(OrderedAsync.java:208)
	at org.apache.ratis.client.impl.OrderedAsync.sendRequestWithRetry(OrderedAsync.java:169)
	at org.apache.ratis.util.SlidingWindow$Client.sendOrDelayRequest(SlidingWindow.java:278)
	at org.apache.ratis.util.SlidingWindow$Client.retry(SlidingWindow.java:294)
	at org.apache.ratis.client.impl.OrderedAsync.lambda$scheduleWithTimeout$7(OrderedAsync.java:195)
	at org.apache.ratis.util.TimeoutScheduler.lambda$onTimeout$0(TimeoutScheduler.java:113)
	at org.apache.ratis.util.TimeoutScheduler.lambda$onTimeout$1(TimeoutScheduler.java:133)
	at org.apache.ratis.util.LogUtils.runAndLog(LogUtils.java:50)
	at org.apache.ratis.util.LogUtils$1.run(LogUtils.java:91)
	at java.util.concurrent.Executors$RunnableAdapter.call(Executors.java:511)
	at java.util.concurrent.FutureTask.run(FutureTask.java:266)
	at java.util.concurrent.ScheduledThreadPoolExecutor$ScheduledFutureTask.access$201(ScheduledThreadPoolExecutor.java:180)
	at java.util.concurrent.ScheduledThreadPoolExecutor$ScheduledFutureTask.run(ScheduledThreadPoolExecutor.java:293)
	at java.util.concurrent.ThreadPoolExecutor.runWorker(ThreadPoolExecutor.java:1149)
	at java.util.concurrent.ThreadPoolExecutor$Worker.run(ThreadPoolExecutor.java:624)
	at java.lang.Thread.run(Thread.java:748)

Sep 10, 2019 5:35:26 AM org.apache.ratis.thirdparty.io.grpc.internal.ManagedChannelOrphanWrapper$ManagedChannelReference cleanQueue
SEVERE: *~*~*~ Channel ManagedChannelImpl{logId=2584, target=192.168.36.76:38096} was not shutdown properly!!! ~*~*~*
    Make sure to call shutdown()/shutdownNow() and wait until awaitTermination() returns true.
java.lang.RuntimeException: ManagedChannel allocation site
	at org.apache.ratis.thirdparty.io.grpc.internal.ManagedChannelOrphanWrapper$ManagedChannelReference.<init>(ManagedChannelOrphanWrapper.java:103)
	at org.apache.ratis.thirdparty.io.grpc.internal.ManagedChannelOrphanWrapper.<init>(ManagedChannelOrphanWrapper.java:53)
	at org.apache.ratis.thirdparty.io.grpc.internal.ManagedChannelOrphanWrapper.<init>(ManagedChannelOrphanWrapper.java:44)
	at org.apache.ratis.thirdparty.io.grpc.internal.AbstractManagedChannelImplBuilder.build(AbstractManagedChannelImplBuilder.java:411)
	at org.apache.ratis.grpc.client.GrpcClientProtocolClient.<init>(GrpcClientProtocolClient.java:127)
	at org.apache.ratis.grpc.client.GrpcClientRpc.lambda$new$0(GrpcClientRpc.java:55)
	at org.apache.ratis.util.PeerProxyMap$PeerAndProxy.lambda$getProxy$0(PeerProxyMap.java:61)
	at org.apache.ratis.util.LifeCycle.startAndTransition(LifeCycle.java:202)
	at org.apache.ratis.util.PeerProxyMap$PeerAndProxy.getProxy(PeerProxyMap.java:60)
	at org.apache.ratis.util.PeerProxyMap.getProxy(PeerProxyMap.java:108)
	at org.apache.ratis.grpc.client.GrpcClientRpc.sendRequestAsync(GrpcClientRpc.java:66)
	at org.apache.ratis.client.impl.OrderedAsync.sendRequest(OrderedAsync.java:208)
	at org.apache.ratis.client.impl.OrderedAsync.sendRequestWithRetry(OrderedAsync.java:169)
	at org.apache.ratis.util.SlidingWindow$Client.sendOrDelayRequest(SlidingWindow.java:278)
	at org.apache.ratis.util.SlidingWindow$Client.retry(SlidingWindow.java:294)
	at org.apache.ratis.client.impl.OrderedAsync.lambda$scheduleWithTimeout$7(OrderedAsync.java:195)
	at org.apache.ratis.util.TimeoutScheduler.lambda$onTimeout$0(TimeoutScheduler.java:113)
	at org.apache.ratis.util.TimeoutScheduler.lambda$onTimeout$1(TimeoutScheduler.java:133)
	at org.apache.ratis.util.LogUtils.runAndLog(LogUtils.java:50)
	at org.apache.ratis.util.LogUtils$1.run(LogUtils.java:91)
	at java.util.concurrent.Executors$RunnableAdapter.call(Executors.java:511)
	at java.util.concurrent.FutureTask.run(FutureTask.java:266)
	at java.util.concurrent.ScheduledThreadPoolExecutor$ScheduledFutureTask.access$201(ScheduledThreadPoolExecutor.java:180)
	at java.util.concurrent.ScheduledThreadPoolExecutor$ScheduledFutureTask.run(ScheduledThreadPoolExecutor.java:293)
	at java.util.concurrent.ThreadPoolExecutor.runWorker(ThreadPoolExecutor.java:1149)
	at java.util.concurrent.ThreadPoolExecutor$Worker.run(ThreadPoolExecutor.java:624)
	at java.lang.Thread.run(Thread.java:748)

Sep 10, 2019 5:35:26 AM org.apache.ratis.thirdparty.io.grpc.internal.ManagedChannelOrphanWrapper$ManagedChannelReference cleanQueue
SEVERE: *~*~*~ Channel ManagedChannelImpl{logId=2599, target=192.168.36.76:43290} was not shutdown properly!!! ~*~*~*
    Make sure to call shutdown()/shutdownNow() and wait until awaitTermination() returns true.
java.lang.RuntimeException: ManagedChannel allocation site
	at org.apache.ratis.thirdparty.io.grpc.internal.ManagedChannelOrphanWrapper$ManagedChannelReference.<init>(ManagedChannelOrphanWrapper.java:103)
	at org.apache.ratis.thirdparty.io.grpc.internal.ManagedChannelOrphanWrapper.<init>(ManagedChannelOrphanWrapper.java:53)
	at org.apache.ratis.thirdparty.io.grpc.internal.ManagedChannelOrphanWrapper.<init>(ManagedChannelOrphanWrapper.java:44)
	at org.apache.ratis.thirdparty.io.grpc.internal.AbstractManagedChannelImplBuilder.build(AbstractManagedChannelImplBuilder.java:411)
	at org.apache.hadoop.hdds.scm.XceiverClientGrpc.connectToDatanode(XceiverClientGrpc.java:175)
	at org.apache.hadoop.hdds.scm.XceiverClientGrpc.reconnect(XceiverClientGrpc.java:423)
	at org.apache.hadoop.hdds.scm.XceiverClientGrpc.sendCommandAsync(XceiverClientGrpc.java:372)
	at org.apache.hadoop.hdds.scm.XceiverClientGrpc.sendCommandWithRetry(XceiverClientGrpc.java:285)
	at org.apache.hadoop.hdds.scm.XceiverClientGrpc.sendCommandWithTraceIDAndRetry(XceiverClientGrpc.java:251)
	at org.apache.hadoop.hdds.scm.XceiverClientGrpc.sendCommand(XceiverClientGrpc.java:234)
	at org.apache.hadoop.hdds.scm.storage.ContainerProtocolCalls.getBlock(ContainerProtocolCalls.java:118)
	at org.apache.hadoop.hdds.scm.storage.BlockInputStream.getChunkInfos(BlockInputStream.java:167)
	at org.apache.hadoop.hdds.scm.storage.BlockInputStream.initialize(BlockInputStream.java:118)
	at org.apache.hadoop.hdds.scm.storage.BlockInputStream.read(BlockInputStream.java:222)
	at org.apache.hadoop.ozone.client.io.KeyInputStream.read(KeyInputStream.java:171)
	at org.apache.hadoop.ozone.client.io.OzoneInputStream.read(OzoneInputStream.java:47)
	at java.io.InputStream.read(InputStream.java:101)
	at org.apache.hadoop.ozone.container.ContainerTestHelper.validateData(ContainerTestHelper.java:714)
	at org.apache.hadoop.ozone.client.rpc.TestBlockOutputStreamWithFailures.validateData(TestBlockOutputStreamWithFailures.java:1216)
	at org.apache.hadoop.ozone.client.rpc.TestBlockOutputStreamWithFailures.testWatchForCommitWithSingleNodeRatis(TestBlockOutputStreamWithFailures.java:918)
	at sun.reflect.NativeMethodAccessorImpl.invoke0(Native Method)
	at sun.reflect.NativeMethodAccessorImpl.invoke(NativeMethodAccessorImpl.java:62)
	at sun.reflect.DelegatingMethodAccessorImpl.invoke(DelegatingMethodAccessorImpl.java:43)
	at java.lang.reflect.Method.invoke(Method.java:498)
	at org.junit.runners.model.FrameworkMethod$1.runReflectiveCall(FrameworkMethod.java:47)
	at org.junit.internal.runners.model.ReflectiveCallable.run(ReflectiveCallable.java:12)
	at org.junit.runners.model.FrameworkMethod.invokeExplosively(FrameworkMethod.java:44)
	at org.junit.internal.runners.statements.InvokeMethod.evaluate(InvokeMethod.java:17)
	at org.junit.internal.runners.statements.RunBefores.evaluate(RunBefores.java:26)
	at org.junit.internal.runners.statements.RunAfters.evaluate(RunAfters.java:27)
	at org.junit.runners.ParentRunner.runLeaf(ParentRunner.java:271)
	at org.junit.runners.BlockJUnit4ClassRunner.runChild(BlockJUnit4ClassRunner.java:70)
	at org.junit.runners.BlockJUnit4ClassRunner.runChild(BlockJUnit4ClassRunner.java:50)
	at org.junit.runners.ParentRunner$3.run(ParentRunner.java:238)
	at org.junit.runners.ParentRunner$1.schedule(ParentRunner.java:63)
	at org.junit.runners.ParentRunner.runChildren(ParentRunner.java:236)
	at org.junit.runners.ParentRunner.access$000(ParentRunner.java:53)
	at org.junit.runners.ParentRunner$2.evaluate(ParentRunner.java:229)
	at org.junit.runners.ParentRunner.run(ParentRunner.java:309)
	at org.apache.maven.surefire.junit4.JUnit4Provider.execute(JUnit4Provider.java:365)
	at org.apache.maven.surefire.junit4.JUnit4Provider.executeWithRerun(JUnit4Provider.java:273)
	at org.apache.maven.surefire.junit4.JUnit4Provider.executeTestSet(JUnit4Provider.java:238)
	at org.apache.maven.surefire.junit4.JUnit4Provider.invoke(JUnit4Provider.java:159)
	at org.apache.maven.surefire.booter.ForkedBooter.invokeProviderInSameClassLoader(ForkedBooter.java:384)
	at org.apache.maven.surefire.booter.ForkedBooter.runSuitesInProcess(ForkedBooter.java:345)
	at org.apache.maven.surefire.booter.ForkedBooter.execute(ForkedBooter.java:126)
	at org.apache.maven.surefire.booter.ForkedBooter.main(ForkedBooter.java:418)

Sep 10, 2019 5:35:26 AM org.apache.ratis.thirdparty.io.grpc.internal.ManagedChannelOrphanWrapper$ManagedChannelReference cleanQueue
SEVERE: *~*~*~ Channel ManagedChannelImpl{logId=2876, target=192.168.36.76:45794} was not shutdown properly!!! ~*~*~*
    Make sure to call shutdown()/shutdownNow() and wait until awaitTermination() returns true.
java.lang.RuntimeException: ManagedChannel allocation site
	at org.apache.ratis.thirdparty.io.grpc.internal.ManagedChannelOrphanWrapper$ManagedChannelReference.<init>(ManagedChannelOrphanWrapper.java:103)
	at org.apache.ratis.thirdparty.io.grpc.internal.ManagedChannelOrphanWrapper.<init>(ManagedChannelOrphanWrapper.java:53)
	at org.apache.ratis.thirdparty.io.grpc.internal.ManagedChannelOrphanWrapper.<init>(ManagedChannelOrphanWrapper.java:44)
	at org.apache.ratis.thirdparty.io.grpc.internal.AbstractManagedChannelImplBuilder.build(AbstractManagedChannelImplBuilder.java:411)
	at org.apache.ratis.grpc.client.GrpcClientProtocolClient.<init>(GrpcClientProtocolClient.java:127)
	at org.apache.ratis.grpc.client.GrpcClientRpc.lambda$new$0(GrpcClientRpc.java:55)
	at org.apache.ratis.util.PeerProxyMap$PeerAndProxy.lambda$getProxy$0(PeerProxyMap.java:61)
	at org.apache.ratis.util.LifeCycle.startAndTransition(LifeCycle.java:202)
	at org.apache.ratis.util.PeerProxyMap$PeerAndProxy.getProxy(PeerProxyMap.java:60)
	at org.apache.ratis.util.PeerProxyMap.getProxy(PeerProxyMap.java:108)
	at org.apache.ratis.grpc.client.GrpcClientRpc.sendRequestAsync(GrpcClientRpc.java:66)
	at org.apache.ratis.client.impl.OrderedAsync.sendRequest(OrderedAsync.java:208)
	at org.apache.ratis.client.impl.OrderedAsync.sendRequestWithRetry(OrderedAsync.java:169)
	at org.apache.ratis.util.SlidingWindow$Client.sendOrDelayRequest(SlidingWindow.java:278)
	at org.apache.ratis.util.SlidingWindow$Client.retry(SlidingWindow.java:294)
	at org.apache.ratis.client.impl.OrderedAsync.lambda$scheduleWithTimeout$7(OrderedAsync.java:195)
	at org.apache.ratis.util.TimeoutScheduler.lambda$onTimeout$0(TimeoutScheduler.java:113)
	at org.apache.ratis.util.TimeoutScheduler.lambda$onTimeout$1(TimeoutScheduler.java:133)
	at org.apache.ratis.util.LogUtils.runAndLog(LogUtils.java:50)
	at org.apache.ratis.util.LogUtils$1.run(LogUtils.java:91)
	at java.util.concurrent.Executors$RunnableAdapter.call(Executors.java:511)
	at java.util.concurrent.FutureTask.run(FutureTask.java:266)
	at java.util.concurrent.ScheduledThreadPoolExecutor$ScheduledFutureTask.access$201(ScheduledThreadPoolExecutor.java:180)
	at java.util.concurrent.ScheduledThreadPoolExecutor$ScheduledFutureTask.run(ScheduledThreadPoolExecutor.java:293)
	at java.util.concurrent.ThreadPoolExecutor.runWorker(ThreadPoolExecutor.java:1149)
	at java.util.concurrent.ThreadPoolExecutor$Worker.run(ThreadPoolExecutor.java:624)
	at java.lang.Thread.run(Thread.java:748)

Sep 10, 2019 5:35:26 AM org.apache.ratis.thirdparty.io.grpc.internal.ManagedChannelOrphanWrapper$ManagedChannelReference cleanQueue
SEVERE: *~*~*~ Channel ManagedChannelImpl{logId=2589, target=192.168.36.76:45977} was not shutdown properly!!! ~*~*~*
    Make sure to call shutdown()/shutdownNow() and wait until awaitTermination() returns true.
java.lang.RuntimeException: ManagedChannel allocation site
	at org.apache.ratis.thirdparty.io.grpc.internal.ManagedChannelOrphanWrapper$ManagedChannelReference.<init>(ManagedChannelOrphanWrapper.java:103)
	at org.apache.ratis.thirdparty.io.grpc.internal.ManagedChannelOrphanWrapper.<init>(ManagedChannelOrphanWrapper.java:53)
	at org.apache.ratis.thirdparty.io.grpc.internal.ManagedChannelOrphanWrapper.<init>(ManagedChannelOrphanWrapper.java:44)
	at org.apache.ratis.thirdparty.io.grpc.internal.AbstractManagedChannelImplBuilder.build(AbstractManagedChannelImplBuilder.java:411)
	at org.apache.ratis.grpc.client.GrpcClientProtocolClient.<init>(GrpcClientProtocolClient.java:127)
	at org.apache.ratis.grpc.client.GrpcClientRpc.lambda$new$0(GrpcClientRpc.java:55)
	at org.apache.ratis.util.PeerProxyMap$PeerAndProxy.lambda$getProxy$0(PeerProxyMap.java:61)
	at org.apache.ratis.util.LifeCycle.startAndTransition(LifeCycle.java:202)
	at org.apache.ratis.util.PeerProxyMap$PeerAndProxy.getProxy(PeerProxyMap.java:60)
	at org.apache.ratis.util.PeerProxyMap.getProxy(PeerProxyMap.java:108)
	at org.apache.ratis.grpc.client.GrpcClientRpc.sendRequestAsync(GrpcClientRpc.java:66)
	at org.apache.ratis.client.impl.OrderedAsync.sendRequest(OrderedAsync.java:208)
	at org.apache.ratis.client.impl.OrderedAsync.sendRequestWithRetry(OrderedAsync.java:169)
	at org.apache.ratis.util.SlidingWindow$Client.sendOrDelayRequest(SlidingWindow.java:278)
	at org.apache.ratis.util.SlidingWindow$Client.submitNewRequest(SlidingWindow.java:257)
	at org.apache.ratis.client.impl.OrderedAsync.send(OrderedAsync.java:155)
	at org.apache.ratis.client.impl.RaftClientImpl.sendAsync(RaftClientImpl.java:144)
	at org.apache.ratis.client.impl.RaftClientImpl.sendAsync(RaftClientImpl.java:124)
	at org.apache.hadoop.hdds.scm.XceiverClientRatis.sendRequestAsync(XceiverClientRatis.java:224)
	at org.apache.hadoop.hdds.scm.XceiverClientRatis.sendCommandAsync(XceiverClientRatis.java:302)
	at org.apache.hadoop.hdds.scm.storage.ContainerProtocolCalls.writeChunkAsync(ContainerProtocolCalls.java:310)
	at org.apache.hadoop.hdds.scm.storage.BlockOutputStream.writeChunkToContainer(BlockOutputStream.java:601)
	at org.apache.hadoop.hdds.scm.storage.BlockOutputStream.writeChunk(BlockOutputStream.java:459)
	at org.apache.hadoop.hdds.scm.storage.BlockOutputStream.writeOnRetry(BlockOutputStream.java:285)
	at org.apache.hadoop.ozone.client.io.BlockOutputStreamEntry.writeOnRetry(BlockOutputStreamEntry.java:200)
	at org.apache.hadoop.ozone.client.io.KeyOutputStream.handleWrite(KeyOutputStream.java:209)
	at org.apache.hadoop.ozone.client.io.KeyOutputStream.handleRetry(KeyOutputStream.java:376)
	at org.apache.hadoop.ozone.client.io.KeyOutputStream.handleException(KeyOutputStream.java:325)
	at org.apache.hadoop.ozone.client.io.KeyOutputStream.handleFlushOrClose(KeyOutputStream.java:448)
	at org.apache.hadoop.ozone.client.io.KeyOutputStream.handleWrite(KeyOutputStream.java:235)
	at org.apache.hadoop.ozone.client.io.KeyOutputStream.write(KeyOutputStream.java:193)
	at org.apache.hadoop.ozone.client.io.OzoneOutputStream.write(OzoneOutputStream.java:49)
	at java.io.OutputStream.write(OutputStream.java:75)
	at org.apache.hadoop.ozone.client.rpc.TestBlockOutputStreamWithFailures.testWatchForCommitWithSingleNodeRatis(TestBlockOutputStreamWithFailures.java:885)
	at sun.reflect.NativeMethodAccessorImpl.invoke0(Native Method)
	at sun.reflect.NativeMethodAccessorImpl.invoke(NativeMethodAccessorImpl.java:62)
	at sun.reflect.DelegatingMethodAccessorImpl.invoke(DelegatingMethodAccessorImpl.java:43)
	at java.lang.reflect.Method.invoke(Method.java:498)
	at org.junit.runners.model.FrameworkMethod$1.runReflectiveCall(FrameworkMethod.java:47)
	at org.junit.internal.runners.model.ReflectiveCallable.run(ReflectiveCallable.java:12)
	at org.junit.runners.model.FrameworkMethod.invokeExplosively(FrameworkMethod.java:44)
	at org.junit.internal.runners.statements.InvokeMethod.evaluate(InvokeMethod.java:17)
	at org.junit.internal.runners.statements.RunBefores.evaluate(RunBefores.java:26)
	at org.junit.internal.runners.statements.RunAfters.evaluate(RunAfters.java:27)
	at org.junit.runners.ParentRunner.runLeaf(ParentRunner.java:271)
	at org.junit.runners.BlockJUnit4ClassRunner.runChild(BlockJUnit4ClassRunner.java:70)
	at org.junit.runners.BlockJUnit4ClassRunner.runChild(BlockJUnit4ClassRunner.java:50)
	at org.junit.runners.ParentRunner$3.run(ParentRunner.java:238)
	at org.junit.runners.ParentRunner$1.schedule(ParentRunner.java:63)
	at org.junit.runners.ParentRunner.runChildren(ParentRunner.java:236)
	at org.junit.runners.ParentRunner.access$000(ParentRunner.java:53)
	at org.junit.runners.ParentRunner$2.evaluate(ParentRunner.java:229)
	at org.junit.runners.ParentRunner.run(ParentRunner.java:309)
	at org.apache.maven.surefire.junit4.JUnit4Provider.execute(JUnit4Provider.java:365)
	at org.apache.maven.surefire.junit4.JUnit4Provider.executeWithRerun(JUnit4Provider.java:273)
	at org.apache.maven.surefire.junit4.JUnit4Provider.executeTestSet(JUnit4Provider.java:238)
	at org.apache.maven.surefire.junit4.JUnit4Provider.invoke(JUnit4Provider.java:159)
	at org.apache.maven.surefire.booter.ForkedBooter.invokeProviderInSameClassLoader(ForkedBooter.java:384)
	at org.apache.maven.surefire.booter.ForkedBooter.runSuitesInProcess(ForkedBooter.java:345)
	at org.apache.maven.surefire.booter.ForkedBooter.execute(ForkedBooter.java:126)
	at org.apache.maven.surefire.booter.ForkedBooter.main(ForkedBooter.java:418)

Sep 10, 2019 5:35:26 AM org.apache.ratis.thirdparty.io.grpc.internal.ManagedChannelOrphanWrapper$ManagedChannelReference cleanQueue
SEVERE: *~*~*~ Channel ManagedChannelImpl{logId=2594, target=192.168.36.76:39554} was not shutdown properly!!! ~*~*~*
    Make sure to call shutdown()/shutdownNow() and wait until awaitTermination() returns true.
java.lang.RuntimeException: ManagedChannel allocation site
	at org.apache.ratis.thirdparty.io.grpc.internal.ManagedChannelOrphanWrapper$ManagedChannelReference.<init>(ManagedChannelOrphanWrapper.java:103)
	at org.apache.ratis.thirdparty.io.grpc.internal.ManagedChannelOrphanWrapper.<init>(ManagedChannelOrphanWrapper.java:53)
	at org.apache.ratis.thirdparty.io.grpc.internal.ManagedChannelOrphanWrapper.<init>(ManagedChannelOrphanWrapper.java:44)
	at org.apache.ratis.thirdparty.io.grpc.internal.AbstractManagedChannelImplBuilder.build(AbstractManagedChannelImplBuilder.java:411)
	at org.apache.hadoop.hdds.scm.XceiverClientGrpc.connectToDatanode(XceiverClientGrpc.java:175)
	at org.apache.hadoop.hdds.scm.XceiverClientGrpc.reconnect(XceiverClientGrpc.java:423)
	at org.apache.hadoop.hdds.scm.XceiverClientGrpc.sendCommandAsync(XceiverClientGrpc.java:372)
	at org.apache.hadoop.hdds.scm.XceiverClientGrpc.sendCommandWithRetry(XceiverClientGrpc.java:285)
	at org.apache.hadoop.hdds.scm.XceiverClientGrpc.sendCommandWithTraceIDAndRetry(XceiverClientGrpc.java:251)
	at org.apache.hadoop.hdds.scm.XceiverClientGrpc.sendCommand(XceiverClientGrpc.java:234)
	at org.apache.hadoop.hdds.scm.storage.ContainerProtocolCalls.getBlock(ContainerProtocolCalls.java:118)
	at org.apache.hadoop.hdds.scm.storage.BlockInputStream.getChunkInfos(BlockInputStream.java:167)
	at org.apache.hadoop.hdds.scm.storage.BlockInputStream.initialize(BlockInputStream.java:118)
	at org.apache.hadoop.hdds.scm.storage.BlockInputStream.read(BlockInputStream.java:222)
	at org.apache.hadoop.ozone.client.io.KeyInputStream.read(KeyInputStream.java:171)
	at org.apache.hadoop.ozone.client.io.OzoneInputStream.read(OzoneInputStream.java:47)
	at java.io.InputStream.read(InputStream.java:101)
	at org.apache.hadoop.ozone.container.ContainerTestHelper.validateData(ContainerTestHelper.java:714)
	at org.apache.hadoop.ozone.client.rpc.TestBlockOutputStreamWithFailures.validateData(TestBlockOutputStreamWithFailures.java:1216)
	at org.apache.hadoop.ozone.client.rpc.TestBlockOutputStreamWithFailures.testWatchForCommitWithSingleNodeRatis(TestBlockOutputStreamWithFailures.java:918)
	at sun.reflect.NativeMethodAccessorImpl.invoke0(Native Method)
	at sun.reflect.NativeMethodAccessorImpl.invoke(NativeMethodAccessorImpl.java:62)
	at sun.reflect.DelegatingMethodAccessorImpl.invoke(DelegatingMethodAccessorImpl.java:43)
	at java.lang.reflect.Method.invoke(Method.java:498)
	at org.junit.runners.model.FrameworkMethod$1.runReflectiveCall(FrameworkMethod.java:47)
	at org.junit.internal.runners.model.ReflectiveCallable.run(ReflectiveCallable.java:12)
	at org.junit.runners.model.FrameworkMethod.invokeExplosively(FrameworkMethod.java:44)
	at org.junit.internal.runners.statements.InvokeMethod.evaluate(InvokeMethod.java:17)
	at org.junit.internal.runners.statements.RunBefores.evaluate(RunBefores.java:26)
	at org.junit.internal.runners.statements.RunAfters.evaluate(RunAfters.java:27)
	at org.junit.runners.ParentRunner.runLeaf(ParentRunner.java:271)
	at org.junit.runners.BlockJUnit4ClassRunner.runChild(BlockJUnit4ClassRunner.java:70)
	at org.junit.runners.BlockJUnit4ClassRunner.runChild(BlockJUnit4ClassRunner.java:50)
	at org.junit.runners.ParentRunner$3.run(ParentRunner.java:238)
	at org.junit.runners.ParentRunner$1.schedule(ParentRunner.java:63)
	at org.junit.runners.ParentRunner.runChildren(ParentRunner.java:236)
	at org.junit.runners.ParentRunner.access$000(ParentRunner.java:53)
	at org.junit.runners.ParentRunner$2.evaluate(ParentRunner.java:229)
	at org.junit.runners.ParentRunner.run(ParentRunner.java:309)
	at org.apache.maven.surefire.junit4.JUnit4Provider.execute(JUnit4Provider.java:365)
	at org.apache.maven.surefire.junit4.JUnit4Provider.executeWithRerun(JUnit4Provider.java:273)
	at org.apache.maven.surefire.junit4.JUnit4Provider.executeTestSet(JUnit4Provider.java:238)
	at org.apache.maven.surefire.junit4.JUnit4Provider.invoke(JUnit4Provider.java:159)
	at org.apache.maven.surefire.booter.ForkedBooter.invokeProviderInSameClassLoader(ForkedBooter.java:384)
	at org.apache.maven.surefire.booter.ForkedBooter.runSuitesInProcess(ForkedBooter.java:345)
	at org.apache.maven.surefire.booter.ForkedBooter.execute(ForkedBooter.java:126)
	at org.apache.maven.surefire.booter.ForkedBooter.main(ForkedBooter.java:418)

Sep 10, 2019 5:39:04 AM org.apache.ratis.thirdparty.io.grpc.internal.SerializingExecutor run
SEVERE: Exception while executing runnable org.apache.ratis.thirdparty.io.grpc.internal.ServerImpl$JumpToApplicationThreadServerStreamListener$1Closed@4e596a3f
org.apache.ratis.thirdparty.io.grpc.StatusRuntimeException: CANCELLED: call already cancelled
	at org.apache.ratis.thirdparty.io.grpc.Status.asRuntimeException(Status.java:517)
	at org.apache.ratis.thirdparty.io.grpc.stub.ServerCalls$ServerCallStreamObserverImpl.onCompleted(ServerCalls.java:356)
	at org.apache.ratis.grpc.server.GrpcServerProtocolService$ServerRequestStreamObserver.onError(GrpcServerProtocolService.java:121)
	at org.apache.ratis.thirdparty.io.grpc.stub.ServerCalls$StreamingServerCallHandler$StreamingServerCallListener.onCancel(ServerCalls.java:269)
	at org.apache.ratis.thirdparty.io.grpc.internal.ServerCallImpl$ServerStreamListenerImpl.closed(ServerCallImpl.java:293)
	at org.apache.ratis.thirdparty.io.grpc.internal.ServerImpl$JumpToApplicationThreadServerStreamListener$1Closed.runInContext(ServerImpl.java:741)
	at org.apache.ratis.thirdparty.io.grpc.internal.ContextRunnable.run(ContextRunnable.java:37)
	at org.apache.ratis.thirdparty.io.grpc.internal.SerializingExecutor.run(SerializingExecutor.java:123)
	at java.util.concurrent.ThreadPoolExecutor.runWorker(ThreadPoolExecutor.java:1149)
	at java.util.concurrent.ThreadPoolExecutor$Worker.run(ThreadPoolExecutor.java:624)
	at java.lang.Thread.run(Thread.java:748)

]]></system-err>
  </testcase>
  <testcase name="testExceptionDuringClose" classname="org.apache.hadoop.ozone.client.rpc.TestBlockOutputStreamWithFailures" time="35.944">
    <failure message="expected:&lt;80&gt; but was:&lt;82&gt;" type="java.lang.AssertionError"><![CDATA[java.lang.AssertionError: expected:<80> but was:<82>
	at org.junit.Assert.fail(Assert.java:88)
	at org.junit.Assert.failNotEquals(Assert.java:743)
	at org.junit.Assert.assertEquals(Assert.java:118)
	at org.junit.Assert.assertEquals(Assert.java:555)
	at org.junit.Assert.assertEquals(Assert.java:542)
	at org.apache.hadoop.ozone.client.rpc.TestBlockOutputStreamWithFailures.testExceptionDuringClose(TestBlockOutputStreamWithFailures.java:726)
	at sun.reflect.NativeMethodAccessorImpl.invoke0(Native Method)
	at sun.reflect.NativeMethodAccessorImpl.invoke(NativeMethodAccessorImpl.java:62)
	at sun.reflect.DelegatingMethodAccessorImpl.invoke(DelegatingMethodAccessorImpl.java:43)
	at java.lang.reflect.Method.invoke(Method.java:498)
	at org.junit.runners.model.FrameworkMethod$1.runReflectiveCall(FrameworkMethod.java:47)
	at org.junit.internal.runners.model.ReflectiveCallable.run(ReflectiveCallable.java:12)
	at org.junit.runners.model.FrameworkMethod.invokeExplosively(FrameworkMethod.java:44)
	at org.junit.internal.runners.statements.InvokeMethod.evaluate(InvokeMethod.java:17)
	at org.junit.internal.runners.statements.RunBefores.evaluate(RunBefores.java:26)
	at org.junit.internal.runners.statements.RunAfters.evaluate(RunAfters.java:27)
	at org.junit.runners.ParentRunner.runLeaf(ParentRunner.java:271)
	at org.junit.runners.BlockJUnit4ClassRunner.runChild(BlockJUnit4ClassRunner.java:70)
	at org.junit.runners.BlockJUnit4ClassRunner.runChild(BlockJUnit4ClassRunner.java:50)
	at org.junit.runners.ParentRunner$3.run(ParentRunner.java:238)
	at org.junit.runners.ParentRunner$1.schedule(ParentRunner.java:63)
	at org.junit.runners.ParentRunner.runChildren(ParentRunner.java:236)
	at org.junit.runners.ParentRunner.access$000(ParentRunner.java:53)
	at org.junit.runners.ParentRunner$2.evaluate(ParentRunner.java:229)
	at org.junit.runners.ParentRunner.run(ParentRunner.java:309)
	at org.apache.maven.surefire.junit4.JUnit4Provider.execute(JUnit4Provider.java:365)
	at org.apache.maven.surefire.junit4.JUnit4Provider.executeWithRerun(JUnit4Provider.java:273)
	at org.apache.maven.surefire.junit4.JUnit4Provider.executeTestSet(JUnit4Provider.java:238)
	at org.apache.maven.surefire.junit4.JUnit4Provider.invoke(JUnit4Provider.java:159)
	at org.apache.maven.surefire.booter.ForkedBooter.invokeProviderInSameClassLoader(ForkedBooter.java:384)
	at org.apache.maven.surefire.booter.ForkedBooter.runSuitesInProcess(ForkedBooter.java:345)
	at org.apache.maven.surefire.booter.ForkedBooter.execute(ForkedBooter.java:126)
	at org.apache.maven.surefire.booter.ForkedBooter.main(ForkedBooter.java:418)
]]></failure>
    <system-out><![CDATA[2019-09-10 05:39:10,441 [main] WARN  server.ServerUtils (ServerUtils.java:getScmDbDir(145)) - ozone.scm.db.dirs is not configured. We recommend adding this setting. Falling back to ozone.metadata.dirs instead.
2019-09-10 05:39:10,467 [main] WARN  server.ServerUtils (ServerUtils.java:getScmDbDir(145)) - ozone.scm.db.dirs is not configured. We recommend adding this setting. Falling back to ozone.metadata.dirs instead.
2019-09-10 05:39:10,468 [main] WARN  server.ServerUtils (ServerUtils.java:getScmDbDir(145)) - ozone.scm.db.dirs is not configured. We recommend adding this setting. Falling back to ozone.metadata.dirs instead.
2019-09-10 05:39:10,468 [main] INFO  db.DBStoreBuilder (DBStoreBuilder.java:addTable(110)) - using custom profile for table: deletedBlocks
2019-09-10 05:39:10,469 [main] INFO  db.DBStoreBuilder (DBStoreBuilder.java:processTables(161)) - Using default column profile:DBProfile.DISK for Table:deletedBlocks
2019-09-10 05:39:10,469 [main] INFO  db.DBStoreBuilder (DBStoreBuilder.java:addTable(110)) - using custom profile for table: validCerts
2019-09-10 05:39:10,469 [main] INFO  db.DBStoreBuilder (DBStoreBuilder.java:processTables(161)) - Using default column profile:DBProfile.DISK for Table:validCerts
2019-09-10 05:39:10,470 [main] INFO  db.DBStoreBuilder (DBStoreBuilder.java:addTable(110)) - using custom profile for table: revokedCerts
2019-09-10 05:39:10,470 [main] INFO  db.DBStoreBuilder (DBStoreBuilder.java:processTables(161)) - Using default column profile:DBProfile.DISK for Table:revokedCerts
2019-09-10 05:39:10,470 [main] INFO  db.DBStoreBuilder (DBStoreBuilder.java:addTable(110)) - using custom profile for table: default
2019-09-10 05:39:10,470 [main] INFO  db.DBStoreBuilder (DBStoreBuilder.java:processTables(167)) - Using default column profile:DBProfile.DISK for Table:default
2019-09-10 05:39:10,471 [main] INFO  db.DBStoreBuilder (DBStoreBuilder.java:getDbProfile(198)) - Using default options. DBProfile.DISK
2019-09-10 05:39:10,593 [main] INFO  net.NodeSchemaLoader (NodeSchemaLoader.java:loadSchemaFromFile(125)) - Loading file from sun.misc.CompoundEnumeration@27afbf14
2019-09-10 05:39:10,594 [main] INFO  net.NodeSchemaLoader (NodeSchemaLoader.java:loadSchema(171)) - Loading network topology layer schema file
2019-09-10 05:39:10,599 [main] INFO  node.SCMNodeManager (SCMNodeManager.java:<init>(114)) - Entering startup safe mode.
2019-09-10 05:39:10,600 [main] INFO  algorithms.ContainerPlacementPolicyFactory (ContainerPlacementPolicyFactory.java:getPolicy(57)) - Create container placement policy of type org.apache.hadoop.hdds.scm.container.placement.algorithms.SCMContainerPlacementRandom
2019-09-10 05:39:10,601 [main] WARN  server.ServerUtils (ServerUtils.java:getScmDbDir(145)) - ozone.scm.db.dirs is not configured. We recommend adding this setting. Falling back to ozone.metadata.dirs instead.
2019-09-10 05:39:10,660 [main] INFO  pipeline.SCMPipelineManager (SCMPipelineManager.java:initializePipelineState(128)) - No pipeline exists in current db
2019-09-10 05:39:10,661 [main] WARN  server.ServerUtils (ServerUtils.java:getScmDbDir(145)) - ozone.scm.db.dirs is not configured. We recommend adding this setting. Falling back to ozone.metadata.dirs instead.
2019-09-10 05:39:10,730 [main] WARN  events.EventQueue (EventQueue.java:fireEvent(183)) - No event handler registered for event TypedEvent{payloadType=SafeModeStatus, name='SafeModeStatus'}
2019-09-10 05:39:10,731 [main] INFO  ipc.CallQueueManager (CallQueueManager.java:<init>(84)) - Using callQueue: class java.util.concurrent.LinkedBlockingQueue, queueCapacity: 2000, scheduler: class org.apache.hadoop.ipc.DefaultRpcScheduler, ipcBackoff: false.
2019-09-10 05:39:10,732 [Socket Reader #1 for port 37221] INFO  ipc.Server (Server.java:run(1074)) - Starting Socket Reader #1 for port 37221
2019-09-10 05:39:10,735 [main] INFO  ipc.CallQueueManager (CallQueueManager.java:<init>(84)) - Using callQueue: class java.util.concurrent.LinkedBlockingQueue, queueCapacity: 2000, scheduler: class org.apache.hadoop.ipc.DefaultRpcScheduler, ipcBackoff: false.
2019-09-10 05:39:10,736 [Socket Reader #1 for port 44139] INFO  ipc.Server (Server.java:run(1074)) - Starting Socket Reader #1 for port 44139
2019-09-10 05:39:10,743 [main] INFO  ipc.CallQueueManager (CallQueueManager.java:<init>(84)) - Using callQueue: class java.util.concurrent.LinkedBlockingQueue, queueCapacity: 2000, scheduler: class org.apache.hadoop.ipc.DefaultRpcScheduler, ipcBackoff: false.
2019-09-10 05:39:10,743 [Socket Reader #1 for port 33366] INFO  ipc.Server (Server.java:run(1074)) - Starting Socket Reader #1 for port 33366
2019-09-10 05:39:10,748 [main] INFO  hdfs.DFSUtil (DFSUtil.java:httpServerTemplateForNNAndJN(1641)) - Starting Web-server for scm at: http://0.0.0.0:0
2019-09-10 05:39:10,750 [main] INFO  server.AuthenticationFilter (AuthenticationFilter.java:constructSecretProvider(240)) - Unable to initialize FileSignerSecretProvider, falling back to use random secrets.
2019-09-10 05:39:10,750 [main] WARN  http.HttpRequestLog (HttpRequestLog.java:getRequestLog(97)) - Jetty request log can only be enabled using Log4j
2019-09-10 05:39:10,752 [main] INFO  http.HttpServer2 (HttpServer2.java:addGlobalFilter(975)) - Added global filter 'safety' (class=org.apache.hadoop.http.HttpServer2$QuotingInputFilter)
2019-09-10 05:39:10,752 [main] INFO  http.HttpServer2 (HttpServer2.java:addFilter(948)) - Added filter static_user_filter (class=org.apache.hadoop.http.lib.StaticUserWebFilter$StaticUserFilter) to context scm
2019-09-10 05:39:10,752 [main] INFO  http.HttpServer2 (HttpServer2.java:addFilter(958)) - Added filter static_user_filter (class=org.apache.hadoop.http.lib.StaticUserWebFilter$StaticUserFilter) to context static
2019-09-10 05:39:10,753 [main] INFO  http.HttpServer2 (HttpServer2.java:addFilter(958)) - Added filter static_user_filter (class=org.apache.hadoop.http.lib.StaticUserWebFilter$StaticUserFilter) to context logs
2019-09-10 05:39:10,754 [main] INFO  server.StorageContainerManager (StorageContainerManager.java:start(763)) - StorageContainerLocationProtocol RPC server is listening at /0.0.0.0:33366
2019-09-10 05:39:10,756 [main] WARN  impl.MetricsConfig (MetricsConfig.java:loadFirst(134)) - Cannot locate configuration: tried hadoop-metrics2-storagecontainermanager.properties,hadoop-metrics2.properties
2019-09-10 05:39:10,756 [main] INFO  impl.MetricsSystemImpl (MetricsSystemImpl.java:startTimer(374)) - Scheduled Metric snapshot period at 10 second(s).
2019-09-10 05:39:10,757 [main] INFO  impl.MetricsSystemImpl (MetricsSystemImpl.java:start(191)) - StorageContainerManager metrics system started
2019-09-10 05:39:10,961 [main] WARN  impl.MetricsSystemImpl (MetricsSystemImpl.java:register(276)) - Sink prometheus already exists!
2019-09-10 05:39:11,033 [main] INFO  server.SCMClientProtocolServer (SCMClientProtocolServer.java:start(151)) - RPC server for Client  is listening at /0.0.0.0:33366
2019-09-10 05:39:11,033 [IPC Server Responder] INFO  ipc.Server (Server.java:run(1314)) - IPC Server Responder: starting
2019-09-10 05:39:11,033 [IPC Server listener on 33366] INFO  ipc.Server (Server.java:run(1153)) - IPC Server listener on 33366: starting
2019-09-10 05:39:11,039 [main] INFO  server.StorageContainerManager (StorageContainerManager.java:start(773)) - ScmBlockLocationProtocol RPC server is listening at /0.0.0.0:44139
2019-09-10 05:39:11,039 [main] INFO  server.SCMBlockProtocolServer (SCMBlockProtocolServer.java:start(146)) - RPC server for Block Protocol is listening at /0.0.0.0:44139
2019-09-10 05:39:11,040 [IPC Server Responder] INFO  ipc.Server (Server.java:run(1314)) - IPC Server Responder: starting
2019-09-10 05:39:11,040 [IPC Server listener on 44139] INFO  ipc.Server (Server.java:run(1153)) - IPC Server listener on 44139: starting
2019-09-10 05:39:11,045 [main] INFO  server.StorageContainerManager (StorageContainerManager.java:start(777)) - ScmDatanodeProtocl RPC server is listening at /0.0.0.0:37221
2019-09-10 05:39:11,046 [main] INFO  server.SCMDatanodeProtocolServer (SCMDatanodeProtocolServer.java:start(191)) - RPC server for DataNodes is listening at /0.0.0.0:37221
2019-09-10 05:39:11,046 [IPC Server Responder] INFO  ipc.Server (Server.java:run(1314)) - IPC Server Responder: starting
2019-09-10 05:39:11,046 [IPC Server listener on 37221] INFO  ipc.Server (Server.java:run(1153)) - IPC Server listener on 37221: starting
2019-09-10 05:39:11,054 [main] INFO  http.HttpServer2 (HttpServer2.java:bindListener(1191)) - Jetty bound to port 45534
2019-09-10 05:39:11,055 [main] INFO  server.Server (Server.java:doStart(351)) - jetty-9.3.24.v20180605, build timestamp: 2018-06-05T17:11:56Z, git hash: 84205aa28f11a4f31f2a3b86d1bba2cc8ab69827
2019-09-10 05:39:11,057 [main] INFO  handler.ContextHandler (ContextHandler.java:doStart(781)) - Started o.e.j.s.ServletContextHandler@2342f1ff{/logs,file:///workdir/hadoop-ozone/integration-test/target/log,AVAILABLE}
2019-09-10 05:39:11,057 [main] INFO  handler.ContextHandler (ContextHandler.java:doStart(781)) - Started o.e.j.s.ServletContextHandler@cec590c{/static,file:///workdir/hadoop-ozone/integration-test/target/test-classes/webapps/static,AVAILABLE}
2019-09-10 05:39:11,066 [main] INFO  handler.ContextHandler (ContextHandler.java:doStart(781)) - Started o.e.j.w.WebAppContext@273dec10{/,file:///workdir/hadoop-ozone/integration-test/target/test-classes/webapps/scm/,AVAILABLE}{/scm}
2019-09-10 05:39:11,067 [main] INFO  server.AbstractConnector (AbstractConnector.java:doStart(278)) - Started ServerConnector@6cceb281{HTTP/1.1,[http/1.1]}{0.0.0.0:45534}
2019-09-10 05:39:11,076 [main] INFO  server.Server (Server.java:doStart(419)) - Started @843465ms
2019-09-10 05:39:11,076 [main] WARN  impl.MetricsSystemImpl (MetricsSystemImpl.java:register(276)) - Sink prometheus already exists!
2019-09-10 05:39:11,079 [main] INFO  server.BaseHttpServer (BaseHttpServer.java:updateConnectorAddress(215)) - HTTP server of SCM is listening at http://0.0.0.0:45534
2019-09-10 05:39:11,079 [main] WARN  server.ServerUtils (ServerUtils.java:getDBPath(222)) - ozone.om.db.dirs is not configured. We recommend adding this setting. Falling back to ozone.metadata.dirs instead.
2019-09-10 05:39:11,081 [org.apache.hadoop.util.JvmPauseMonitor$Monitor@619c3546] INFO  util.JvmPauseMonitor (JvmPauseMonitor.java:run(188)) - Starting JVM pause monitor
2019-09-10 05:39:11,094 [main] WARN  server.ServerUtils (ServerUtils.java:getDBPath(222)) - ozone.om.db.dirs is not configured. We recommend adding this setting. Falling back to ozone.metadata.dirs instead.
2019-09-10 05:39:11,095 [main] WARN  server.ServerUtils (ServerUtils.java:getDBPath(222)) - ozone.om.db.dirs is not configured. We recommend adding this setting. Falling back to ozone.metadata.dirs instead.
2019-09-10 05:39:11,095 [main] INFO  om.OzoneManager (OzoneManager.java:setOMNodeDetails(649)) - OM Service ID is not set. Setting it to the default ID: omServiceIdDefault
2019-09-10 05:39:11,095 [main] INFO  om.OzoneManager (OzoneManager.java:setOMNodeDetails(655)) - OM Node ID is not set. Setting it to the OmStorage's OmID: 3c513729-cd50-481a-946f-49df03992956
2019-09-10 05:39:11,095 [main] INFO  om.OzoneManager (OzoneManager.java:loadOMHAConfigs(606)) - Found matching OM address with OMServiceId: null, OMNodeId: null, RPC Address: localhost:0 and Ratis port: 9872
2019-09-10 05:39:11,104 [main] WARN  server.ServerUtils (ServerUtils.java:getDBPath(222)) - ozone.om.db.dirs is not configured. We recommend adding this setting. Falling back to ozone.metadata.dirs instead.
2019-09-10 05:39:11,105 [main] INFO  db.DBStoreBuilder (DBStoreBuilder.java:addTable(110)) - using custom profile for table: userTable
2019-09-10 05:39:11,105 [main] INFO  db.DBStoreBuilder (DBStoreBuilder.java:processTables(161)) - Using default column profile:DBProfile.DISK for Table:userTable
2019-09-10 05:39:11,105 [main] INFO  db.DBStoreBuilder (DBStoreBuilder.java:addTable(110)) - using custom profile for table: volumeTable
2019-09-10 05:39:11,105 [main] INFO  db.DBStoreBuilder (DBStoreBuilder.java:processTables(161)) - Using default column profile:DBProfile.DISK for Table:volumeTable
2019-09-10 05:39:11,105 [main] INFO  db.DBStoreBuilder (DBStoreBuilder.java:addTable(110)) - using custom profile for table: bucketTable
2019-09-10 05:39:11,105 [main] INFO  db.DBStoreBuilder (DBStoreBuilder.java:processTables(161)) - Using default column profile:DBProfile.DISK for Table:bucketTable
2019-09-10 05:39:11,105 [main] INFO  db.DBStoreBuilder (DBStoreBuilder.java:addTable(110)) - using custom profile for table: keyTable
2019-09-10 05:39:11,106 [main] INFO  db.DBStoreBuilder (DBStoreBuilder.java:processTables(161)) - Using default column profile:DBProfile.DISK for Table:keyTable
2019-09-10 05:39:11,106 [main] INFO  db.DBStoreBuilder (DBStoreBuilder.java:addTable(110)) - using custom profile for table: deletedTable
2019-09-10 05:39:11,106 [main] INFO  db.DBStoreBuilder (DBStoreBuilder.java:processTables(161)) - Using default column profile:DBProfile.DISK for Table:deletedTable
2019-09-10 05:39:11,106 [main] INFO  db.DBStoreBuilder (DBStoreBuilder.java:addTable(110)) - using custom profile for table: openKeyTable
2019-09-10 05:39:11,106 [main] INFO  db.DBStoreBuilder (DBStoreBuilder.java:processTables(161)) - Using default column profile:DBProfile.DISK for Table:openKeyTable
2019-09-10 05:39:11,106 [main] INFO  db.DBStoreBuilder (DBStoreBuilder.java:addTable(110)) - using custom profile for table: s3Table
2019-09-10 05:39:11,107 [main] INFO  db.DBStoreBuilder (DBStoreBuilder.java:processTables(161)) - Using default column profile:DBProfile.DISK for Table:s3Table
2019-09-10 05:39:11,107 [main] INFO  db.DBStoreBuilder (DBStoreBuilder.java:addTable(110)) - using custom profile for table: multipartInfoTable
2019-09-10 05:39:11,107 [main] INFO  db.DBStoreBuilder (DBStoreBuilder.java:processTables(161)) - Using default column profile:DBProfile.DISK for Table:multipartInfoTable
2019-09-10 05:39:11,107 [main] INFO  db.DBStoreBuilder (DBStoreBuilder.java:addTable(110)) - using custom profile for table: dTokenTable
2019-09-10 05:39:11,107 [main] INFO  db.DBStoreBuilder (DBStoreBuilder.java:processTables(161)) - Using default column profile:DBProfile.DISK for Table:dTokenTable
2019-09-10 05:39:11,107 [main] INFO  db.DBStoreBuilder (DBStoreBuilder.java:addTable(110)) - using custom profile for table: s3SecretTable
2019-09-10 05:39:11,108 [main] INFO  db.DBStoreBuilder (DBStoreBuilder.java:processTables(161)) - Using default column profile:DBProfile.DISK for Table:s3SecretTable
2019-09-10 05:39:11,108 [main] INFO  db.DBStoreBuilder (DBStoreBuilder.java:addTable(110)) - using custom profile for table: prefixTable
2019-09-10 05:39:11,108 [main] INFO  db.DBStoreBuilder (DBStoreBuilder.java:processTables(161)) - Using default column profile:DBProfile.DISK for Table:prefixTable
2019-09-10 05:39:11,108 [main] INFO  db.DBStoreBuilder (DBStoreBuilder.java:addTable(110)) - using custom profile for table: default
2019-09-10 05:39:11,108 [main] INFO  db.DBStoreBuilder (DBStoreBuilder.java:processTables(167)) - Using default column profile:DBProfile.DISK for Table:default
2019-09-10 05:39:11,108 [main] INFO  db.DBStoreBuilder (DBStoreBuilder.java:getDbProfile(198)) - Using default options. DBProfile.DISK
2019-09-10 05:39:11,826 [main] INFO  ipc.CallQueueManager (CallQueueManager.java:<init>(84)) - Using callQueue: class java.util.concurrent.LinkedBlockingQueue, queueCapacity: 2000, scheduler: class org.apache.hadoop.ipc.DefaultRpcScheduler, ipcBackoff: false.
2019-09-10 05:39:11,827 [Socket Reader #1 for port 43940] INFO  ipc.Server (Server.java:run(1074)) - Starting Socket Reader #1 for port 43940
2019-09-10 05:39:11,841 [main] INFO  om.OzoneManager (OzoneManager.java:start(1240)) - OzoneManager RPC server is listening at localhost/127.0.0.1:43940
2019-09-10 05:39:11,841 [main] INFO  impl.MetricsSystemImpl (MetricsSystemImpl.java:init(158)) - OzoneManager metrics system started (again)
2019-09-10 05:39:11,842 [IPC Server listener on 43940] INFO  ipc.Server (Server.java:run(1153)) - IPC Server listener on 43940: starting
2019-09-10 05:39:11,842 [IPC Server Responder] INFO  ipc.Server (Server.java:run(1314)) - IPC Server Responder: starting
2019-09-10 05:39:11,846 [main] INFO  hdfs.DFSUtil (DFSUtil.java:httpServerTemplateForNNAndJN(1641)) - Starting Web-server for ozoneManager at: http://0.0.0.0:0
2019-09-10 05:39:11,847 [main] INFO  server.AuthenticationFilter (AuthenticationFilter.java:constructSecretProvider(240)) - Unable to initialize FileSignerSecretProvider, falling back to use random secrets.
2019-09-10 05:39:11,848 [main] WARN  http.HttpRequestLog (HttpRequestLog.java:getRequestLog(97)) - Jetty request log can only be enabled using Log4j
2019-09-10 05:39:11,849 [main] INFO  http.HttpServer2 (HttpServer2.java:addGlobalFilter(975)) - Added global filter 'safety' (class=org.apache.hadoop.http.HttpServer2$QuotingInputFilter)
2019-09-10 05:39:11,849 [main] INFO  http.HttpServer2 (HttpServer2.java:addFilter(948)) - Added filter static_user_filter (class=org.apache.hadoop.http.lib.StaticUserWebFilter$StaticUserFilter) to context ozoneManager
2019-09-10 05:39:11,849 [main] INFO  http.HttpServer2 (HttpServer2.java:addFilter(958)) - Added filter static_user_filter (class=org.apache.hadoop.http.lib.StaticUserWebFilter$StaticUserFilter) to context static
2019-09-10 05:39:11,850 [main] INFO  http.HttpServer2 (HttpServer2.java:addFilter(958)) - Added filter static_user_filter (class=org.apache.hadoop.http.lib.StaticUserWebFilter$StaticUserFilter) to context logs
2019-09-10 05:39:11,850 [main] INFO  http.HttpServer2 (HttpServer2.java:bindListener(1191)) - Jetty bound to port 38588
2019-09-10 05:39:11,850 [main] INFO  server.Server (Server.java:doStart(351)) - jetty-9.3.24.v20180605, build timestamp: 2018-06-05T17:11:56Z, git hash: 84205aa28f11a4f31f2a3b86d1bba2cc8ab69827
2019-09-10 05:39:11,851 [main] INFO  handler.ContextHandler (ContextHandler.java:doStart(781)) - Started o.e.j.s.ServletContextHandler@1b1e1f02{/logs,file:///workdir/hadoop-ozone/integration-test/target/log,AVAILABLE}
2019-09-10 05:39:11,852 [main] INFO  handler.ContextHandler (ContextHandler.java:doStart(781)) - Started o.e.j.s.ServletContextHandler@5c5f0edc{/static,file:///workdir/hadoop-ozone/integration-test/target/test-classes/webapps/static,AVAILABLE}
2019-09-10 05:39:11,855 [main] INFO  handler.ContextHandler (ContextHandler.java:doStart(781)) - Started o.e.j.w.WebAppContext@58186f9f{/,file:///workdir/hadoop-ozone/integration-test/target/test-classes/webapps/ozoneManager/,AVAILABLE}{/ozoneManager}
2019-09-10 05:39:11,855 [main] INFO  server.AbstractConnector (AbstractConnector.java:doStart(278)) - Started ServerConnector@62faf77{HTTP/1.1,[http/1.1]}{0.0.0.0:38588}
2019-09-10 05:39:11,856 [main] INFO  server.Server (Server.java:doStart(419)) - Started @844245ms
2019-09-10 05:39:11,857 [main] WARN  impl.MetricsSystemImpl (MetricsSystemImpl.java:register(276)) - Sink prometheus already exists!
2019-09-10 05:39:11,857 [main] INFO  server.BaseHttpServer (BaseHttpServer.java:updateConnectorAddress(215)) - HTTP server of OZONEMANAGER is listening at http://0.0.0.0:38588
2019-09-10 05:39:11,870 [main] INFO  impl.MetricsSystemImpl (MetricsSystemImpl.java:init(158)) - HddsDatanode metrics system started (again)
2019-09-10 05:39:11,874 [main] INFO  ozone.HddsDatanodeService (HddsDatanodeService.java:start(184)) - HddsDatanodeService host:trunk-nightly-20190910-vk757-903364635 ip:192.168.36.76
2019-09-10 05:39:11,888 [main] INFO  volume.HddsVolume (HddsVolume.java:<init>(176)) - Creating Volume: /workdir/hadoop-ozone/integration-test/target/test-dir/MiniOzoneClusterImpl-bea64e6c-8861-4610-b5db-527a5cfae2b5/datanode-0/data/containers/hdds of  storage type : DISK and capacity : 1482555576320
2019-09-10 05:39:11,889 [main] INFO  volume.VolumeSet (VolumeSet.java:initializeVolumeSet(170)) - Added Volume : /workdir/hadoop-ozone/integration-test/target/test-dir/MiniOzoneClusterImpl-bea64e6c-8861-4610-b5db-527a5cfae2b5/datanode-0/data/containers/hdds to VolumeSet
2019-09-10 05:39:11,889 [main] INFO  volume.ThrottledAsyncChecker (ThrottledAsyncChecker.java:schedule(139)) - Scheduling a check for org.apache.hadoop.ozone.container.common.volume.HddsVolume@274bae2c
2019-09-10 05:39:11,915 [main] INFO  volume.HddsVolumeChecker (HddsVolumeChecker.java:checkAllVolumes(202)) - Scheduled health check for volume org.apache.hadoop.ozone.container.common.volume.HddsVolume@274bae2c
2019-09-10 05:39:11,933 [main] INFO  impl.RaftServerProxy (ConfUtils.java:logGet(43)) - raft.rpc.type = GRPC (default)
2019-09-10 05:39:11,933 [main] INFO  grpc.GrpcFactory (GrpcFactory.java:checkPooledByteBufAllocatorUseCacheForAllThreads(45)) - PERFORMANCE WARNING: useCacheForAllThreads is true that may cause Netty to create a lot garbage objects and, as a result, trigger GC.
	It is recommended to disable useCacheForAllThreads by setting -Dorg.apache.ratis.thirdparty.io.netty.allocator.useCacheForAllThreads=false in command line.
2019-09-10 05:39:11,933 [main] INFO  grpc.GrpcConfigKeys$Server (ConfUtils.java:logGet(43)) - raft.grpc.server.port = 0 (default)
2019-09-10 05:39:11,933 [main] INFO  server.GrpcService (ConfUtils.java:logGet(43)) - raft.grpc.message.size.max = 33570816 (custom)
2019-09-10 05:39:11,934 [main] INFO  server.RaftServerConfigKeys (ConfUtils.java:logGet(43)) - raft.server.log.appender.buffer.byte-limit = 33554432 (custom)
2019-09-10 05:39:11,934 [main] INFO  server.GrpcService (ConfUtils.java:logGet(43)) - raft.grpc.flow.control.window = 1MB (=1048576) (default)
2019-09-10 05:39:11,934 [main] INFO  server.RaftServerConfigKeys (ConfUtils.java:logGet(43)) - raft.server.rpc.request.timeout = 3000ms (default)
2019-09-10 05:39:11,937 [main] INFO  server.RaftServerConfigKeys (ConfUtils.java:logGet(43)) - raft.server.storage.dir = [/workdir/hadoop-ozone/integration-test/target/test-dir/MiniOzoneClusterImpl-bea64e6c-8861-4610-b5db-527a5cfae2b5/datanode-0/data/ratis] (custom)
2019-09-10 05:39:11,939 [main] INFO  hdfs.DFSUtil (DFSUtil.java:httpServerTemplateForNNAndJN(1641)) - Starting Web-server for hddsDatanode at: http://0.0.0.0:0
2019-09-10 05:39:11,941 [main] INFO  server.AuthenticationFilter (AuthenticationFilter.java:constructSecretProvider(240)) - Unable to initialize FileSignerSecretProvider, falling back to use random secrets.
2019-09-10 05:39:11,941 [main] WARN  http.HttpRequestLog (HttpRequestLog.java:getRequestLog(97)) - Jetty request log can only be enabled using Log4j
2019-09-10 05:39:11,943 [main] INFO  http.HttpServer2 (HttpServer2.java:addGlobalFilter(975)) - Added global filter 'safety' (class=org.apache.hadoop.http.HttpServer2$QuotingInputFilter)
2019-09-10 05:39:11,944 [main] INFO  http.HttpServer2 (HttpServer2.java:addFilter(948)) - Added filter static_user_filter (class=org.apache.hadoop.http.lib.StaticUserWebFilter$StaticUserFilter) to context hddsDatanode
2019-09-10 05:39:11,944 [main] INFO  http.HttpServer2 (HttpServer2.java:addFilter(958)) - Added filter static_user_filter (class=org.apache.hadoop.http.lib.StaticUserWebFilter$StaticUserFilter) to context logs
2019-09-10 05:39:11,944 [main] INFO  http.HttpServer2 (HttpServer2.java:addFilter(958)) - Added filter static_user_filter (class=org.apache.hadoop.http.lib.StaticUserWebFilter$StaticUserFilter) to context static
2019-09-10 05:39:11,944 [main] INFO  http.HttpServer2 (HttpServer2.java:bindListener(1191)) - Jetty bound to port 39032
2019-09-10 05:39:11,945 [main] INFO  server.Server (Server.java:doStart(351)) - jetty-9.3.24.v20180605, build timestamp: 2018-06-05T17:11:56Z, git hash: 84205aa28f11a4f31f2a3b86d1bba2cc8ab69827
2019-09-10 05:39:11,946 [main] INFO  handler.ContextHandler (ContextHandler.java:doStart(781)) - Started o.e.j.s.ServletContextHandler@350bbd5d{/logs,file:///workdir/hadoop-ozone/integration-test/target/log,AVAILABLE}
2019-09-10 05:39:11,946 [main] INFO  handler.ContextHandler (ContextHandler.java:doStart(781)) - Started o.e.j.s.ServletContextHandler@16c5b50a{/static,jar:file:/home/user/.m2/repository/org/apache/hadoop/hadoop-hdds-container-service/0.5.0-SNAPSHOT/hadoop-hdds-container-service-0.5.0-SNAPSHOT.jar!/webapps/static,AVAILABLE}
2019-09-10 05:39:11,974 [main] INFO  handler.ContextHandler (ContextHandler.java:doStart(781)) - Started o.e.j.w.WebAppContext@73b74615{/,file:///tmp/jetty-0.0.0.0-39032-hddsDatanode-_-any-6720955932149121158.dir/webapp/,AVAILABLE}{/hddsDatanode}
2019-09-10 05:39:11,975 [main] INFO  server.AbstractConnector (AbstractConnector.java:doStart(278)) - Started ServerConnector@22686ddb{HTTP/1.1,[http/1.1]}{0.0.0.0:39032}
2019-09-10 05:39:11,976 [main] INFO  server.Server (Server.java:doStart(419)) - Started @844365ms
2019-09-10 05:39:11,976 [main] WARN  impl.MetricsSystemImpl (MetricsSystemImpl.java:register(276)) - Sink prometheus already exists!
2019-09-10 05:39:11,977 [main] INFO  server.BaseHttpServer (BaseHttpServer.java:updateConnectorAddress(215)) - HTTP server of HDDSDATANODE is listening at http://0.0.0.0:39032
2019-09-10 05:39:11,977 [main] INFO  impl.MetricsSystemImpl (MetricsSystemImpl.java:init(158)) - HddsDatanode metrics system started (again)
2019-09-10 05:39:11,981 [org.apache.hadoop.util.JvmPauseMonitor$Monitor@1d4f27b1] INFO  util.JvmPauseMonitor (JvmPauseMonitor.java:run(188)) - Starting JVM pause monitor
2019-09-10 05:39:11,982 [main] INFO  ozone.HddsDatanodeService (HddsDatanodeService.java:start(184)) - HddsDatanodeService host:trunk-nightly-20190910-vk757-903364635 ip:192.168.36.76
2019-09-10 05:39:11,983 [Datanode State Machine Thread - 0] INFO  datanode.InitDatanodeState (InitDatanodeState.java:persistContainerDatanodeDetails(140)) - DatanodeDetails is persisted to /workdir/hadoop-ozone/integration-test/target/test-dir/MiniOzoneClusterImpl-bea64e6c-8861-4610-b5db-527a5cfae2b5/datanode-0/meta/datanode.id
2019-09-10 05:39:11,987 [main] INFO  volume.HddsVolume (HddsVolume.java:<init>(176)) - Creating Volume: /workdir/hadoop-ozone/integration-test/target/test-dir/MiniOzoneClusterImpl-bea64e6c-8861-4610-b5db-527a5cfae2b5/datanode-1/data/containers/hdds of  storage type : DISK and capacity : 1482555576320
2019-09-10 05:39:11,988 [main] INFO  volume.VolumeSet (VolumeSet.java:initializeVolumeSet(170)) - Added Volume : /workdir/hadoop-ozone/integration-test/target/test-dir/MiniOzoneClusterImpl-bea64e6c-8861-4610-b5db-527a5cfae2b5/datanode-1/data/containers/hdds to VolumeSet
2019-09-10 05:39:11,988 [main] INFO  volume.ThrottledAsyncChecker (ThrottledAsyncChecker.java:schedule(139)) - Scheduling a check for org.apache.hadoop.ozone.container.common.volume.HddsVolume@166ce247
2019-09-10 05:39:11,988 [main] INFO  volume.HddsVolumeChecker (HddsVolumeChecker.java:checkAllVolumes(202)) - Scheduled health check for volume org.apache.hadoop.ozone.container.common.volume.HddsVolume@166ce247
2019-09-10 05:39:12,001 [main] INFO  impl.RaftServerProxy (ConfUtils.java:logGet(43)) - raft.rpc.type = GRPC (default)
2019-09-10 05:39:12,001 [main] INFO  grpc.GrpcFactory (GrpcFactory.java:checkPooledByteBufAllocatorUseCacheForAllThreads(45)) - PERFORMANCE WARNING: useCacheForAllThreads is true that may cause Netty to create a lot garbage objects and, as a result, trigger GC.
	It is recommended to disable useCacheForAllThreads by setting -Dorg.apache.ratis.thirdparty.io.netty.allocator.useCacheForAllThreads=false in command line.
2019-09-10 05:39:12,002 [main] INFO  grpc.GrpcConfigKeys$Server (ConfUtils.java:logGet(43)) - raft.grpc.server.port = 0 (default)
2019-09-10 05:39:12,002 [main] INFO  server.GrpcService (ConfUtils.java:logGet(43)) - raft.grpc.message.size.max = 33570816 (custom)
2019-09-10 05:39:12,002 [main] INFO  server.RaftServerConfigKeys (ConfUtils.java:logGet(43)) - raft.server.log.appender.buffer.byte-limit = 33554432 (custom)
2019-09-10 05:39:12,002 [main] INFO  server.GrpcService (ConfUtils.java:logGet(43)) - raft.grpc.flow.control.window = 1MB (=1048576) (default)
2019-09-10 05:39:12,002 [main] INFO  server.RaftServerConfigKeys (ConfUtils.java:logGet(43)) - raft.server.rpc.request.timeout = 3000ms (default)
2019-09-10 05:39:12,003 [main] INFO  server.RaftServerConfigKeys (ConfUtils.java:logGet(43)) - raft.server.storage.dir = [/workdir/hadoop-ozone/integration-test/target/test-dir/MiniOzoneClusterImpl-bea64e6c-8861-4610-b5db-527a5cfae2b5/datanode-1/data/ratis] (custom)
2019-09-10 05:39:12,004 [main] INFO  hdfs.DFSUtil (DFSUtil.java:httpServerTemplateForNNAndJN(1641)) - Starting Web-server for hddsDatanode at: http://0.0.0.0:0
2019-09-10 05:39:12,005 [main] INFO  server.AuthenticationFilter (AuthenticationFilter.java:constructSecretProvider(240)) - Unable to initialize FileSignerSecretProvider, falling back to use random secrets.
2019-09-10 05:39:12,005 [main] WARN  http.HttpRequestLog (HttpRequestLog.java:getRequestLog(97)) - Jetty request log can only be enabled using Log4j
2019-09-10 05:39:12,007 [main] INFO  http.HttpServer2 (HttpServer2.java:addGlobalFilter(975)) - Added global filter 'safety' (class=org.apache.hadoop.http.HttpServer2$QuotingInputFilter)
2019-09-10 05:39:12,007 [main] INFO  http.HttpServer2 (HttpServer2.java:addFilter(948)) - Added filter static_user_filter (class=org.apache.hadoop.http.lib.StaticUserWebFilter$StaticUserFilter) to context hddsDatanode
2019-09-10 05:39:12,007 [main] INFO  http.HttpServer2 (HttpServer2.java:addFilter(958)) - Added filter static_user_filter (class=org.apache.hadoop.http.lib.StaticUserWebFilter$StaticUserFilter) to context logs
2019-09-10 05:39:12,007 [main] INFO  http.HttpServer2 (HttpServer2.java:addFilter(958)) - Added filter static_user_filter (class=org.apache.hadoop.http.lib.StaticUserWebFilter$StaticUserFilter) to context static
2019-09-10 05:39:12,008 [main] INFO  http.HttpServer2 (HttpServer2.java:bindListener(1191)) - Jetty bound to port 45233
2019-09-10 05:39:12,008 [main] INFO  server.Server (Server.java:doStart(351)) - jetty-9.3.24.v20180605, build timestamp: 2018-06-05T17:11:56Z, git hash: 84205aa28f11a4f31f2a3b86d1bba2cc8ab69827
2019-09-10 05:39:12,009 [main] INFO  handler.ContextHandler (ContextHandler.java:doStart(781)) - Started o.e.j.s.ServletContextHandler@1c2dd89b{/logs,file:///workdir/hadoop-ozone/integration-test/target/log,AVAILABLE}
2019-09-10 05:39:12,010 [main] INFO  handler.ContextHandler (ContextHandler.java:doStart(781)) - Started o.e.j.s.ServletContextHandler@19faedcc{/static,jar:file:/home/user/.m2/repository/org/apache/hadoop/hadoop-hdds-container-service/0.5.0-SNAPSHOT/hadoop-hdds-container-service-0.5.0-SNAPSHOT.jar!/webapps/static,AVAILABLE}
2019-09-10 05:39:12,037 [main] INFO  handler.ContextHandler (ContextHandler.java:doStart(781)) - Started o.e.j.w.WebAppContext@33ebe4f0{/,file:///tmp/jetty-0.0.0.0-45233-hddsDatanode-_-any-7649469584062948863.dir/webapp/,AVAILABLE}{/hddsDatanode}
2019-09-10 05:39:12,038 [main] INFO  server.AbstractConnector (AbstractConnector.java:doStart(278)) - Started ServerConnector@37cfda1c{HTTP/1.1,[http/1.1]}{0.0.0.0:45233}
2019-09-10 05:39:12,040 [main] INFO  server.Server (Server.java:doStart(419)) - Started @844428ms
2019-09-10 05:39:12,040 [main] WARN  impl.MetricsSystemImpl (MetricsSystemImpl.java:register(276)) - Sink prometheus already exists!
2019-09-10 05:39:12,040 [main] INFO  server.BaseHttpServer (BaseHttpServer.java:updateConnectorAddress(215)) - HTTP server of HDDSDATANODE is listening at http://0.0.0.0:45233
2019-09-10 05:39:12,041 [main] INFO  impl.MetricsSystemImpl (MetricsSystemImpl.java:init(158)) - HddsDatanode metrics system started (again)
2019-09-10 05:39:12,045 [org.apache.hadoop.util.JvmPauseMonitor$Monitor@2d7086f5] INFO  util.JvmPauseMonitor (JvmPauseMonitor.java:run(188)) - Starting JVM pause monitor
2019-09-10 05:39:12,046 [main] INFO  ozone.HddsDatanodeService (HddsDatanodeService.java:start(184)) - HddsDatanodeService host:trunk-nightly-20190910-vk757-903364635 ip:192.168.36.76
2019-09-10 05:39:12,046 [Datanode State Machine Thread - 0] INFO  datanode.InitDatanodeState (InitDatanodeState.java:persistContainerDatanodeDetails(140)) - DatanodeDetails is persisted to /workdir/hadoop-ozone/integration-test/target/test-dir/MiniOzoneClusterImpl-bea64e6c-8861-4610-b5db-527a5cfae2b5/datanode-1/meta/datanode.id
2019-09-10 05:39:12,053 [main] INFO  volume.HddsVolume (HddsVolume.java:<init>(176)) - Creating Volume: /workdir/hadoop-ozone/integration-test/target/test-dir/MiniOzoneClusterImpl-bea64e6c-8861-4610-b5db-527a5cfae2b5/datanode-2/data/containers/hdds of  storage type : DISK and capacity : 1482555576320
2019-09-10 05:39:12,054 [main] INFO  volume.VolumeSet (VolumeSet.java:initializeVolumeSet(170)) - Added Volume : /workdir/hadoop-ozone/integration-test/target/test-dir/MiniOzoneClusterImpl-bea64e6c-8861-4610-b5db-527a5cfae2b5/datanode-2/data/containers/hdds to VolumeSet
2019-09-10 05:39:12,055 [main] INFO  volume.ThrottledAsyncChecker (ThrottledAsyncChecker.java:schedule(139)) - Scheduling a check for org.apache.hadoop.ozone.container.common.volume.HddsVolume@59933644
2019-09-10 05:39:12,055 [main] INFO  volume.HddsVolumeChecker (HddsVolumeChecker.java:checkAllVolumes(202)) - Scheduled health check for volume org.apache.hadoop.ozone.container.common.volume.HddsVolume@59933644
2019-09-10 05:39:12,068 [main] INFO  impl.RaftServerProxy (ConfUtils.java:logGet(43)) - raft.rpc.type = GRPC (default)
2019-09-10 05:39:12,068 [main] INFO  grpc.GrpcFactory (GrpcFactory.java:checkPooledByteBufAllocatorUseCacheForAllThreads(45)) - PERFORMANCE WARNING: useCacheForAllThreads is true that may cause Netty to create a lot garbage objects and, as a result, trigger GC.
	It is recommended to disable useCacheForAllThreads by setting -Dorg.apache.ratis.thirdparty.io.netty.allocator.useCacheForAllThreads=false in command line.
2019-09-10 05:39:12,068 [main] INFO  grpc.GrpcConfigKeys$Server (ConfUtils.java:logGet(43)) - raft.grpc.server.port = 0 (default)
2019-09-10 05:39:12,069 [main] INFO  server.GrpcService (ConfUtils.java:logGet(43)) - raft.grpc.message.size.max = 33570816 (custom)
2019-09-10 05:39:12,069 [main] INFO  server.RaftServerConfigKeys (ConfUtils.java:logGet(43)) - raft.server.log.appender.buffer.byte-limit = 33554432 (custom)
2019-09-10 05:39:12,069 [main] INFO  server.GrpcService (ConfUtils.java:logGet(43)) - raft.grpc.flow.control.window = 1MB (=1048576) (default)
2019-09-10 05:39:12,069 [main] INFO  server.RaftServerConfigKeys (ConfUtils.java:logGet(43)) - raft.server.rpc.request.timeout = 3000ms (default)
2019-09-10 05:39:12,070 [main] INFO  server.RaftServerConfigKeys (ConfUtils.java:logGet(43)) - raft.server.storage.dir = [/workdir/hadoop-ozone/integration-test/target/test-dir/MiniOzoneClusterImpl-bea64e6c-8861-4610-b5db-527a5cfae2b5/datanode-2/data/ratis] (custom)
2019-09-10 05:39:12,071 [main] INFO  hdfs.DFSUtil (DFSUtil.java:httpServerTemplateForNNAndJN(1641)) - Starting Web-server for hddsDatanode at: http://0.0.0.0:0
2019-09-10 05:39:12,072 [main] INFO  server.AuthenticationFilter (AuthenticationFilter.java:constructSecretProvider(240)) - Unable to initialize FileSignerSecretProvider, falling back to use random secrets.
2019-09-10 05:39:12,072 [main] WARN  http.HttpRequestLog (HttpRequestLog.java:getRequestLog(97)) - Jetty request log can only be enabled using Log4j
2019-09-10 05:39:12,073 [main] INFO  http.HttpServer2 (HttpServer2.java:addGlobalFilter(975)) - Added global filter 'safety' (class=org.apache.hadoop.http.HttpServer2$QuotingInputFilter)
2019-09-10 05:39:12,074 [main] INFO  http.HttpServer2 (HttpServer2.java:addFilter(948)) - Added filter static_user_filter (class=org.apache.hadoop.http.lib.StaticUserWebFilter$StaticUserFilter) to context hddsDatanode
2019-09-10 05:39:12,074 [main] INFO  http.HttpServer2 (HttpServer2.java:addFilter(958)) - Added filter static_user_filter (class=org.apache.hadoop.http.lib.StaticUserWebFilter$StaticUserFilter) to context static
2019-09-10 05:39:12,074 [main] INFO  http.HttpServer2 (HttpServer2.java:addFilter(958)) - Added filter static_user_filter (class=org.apache.hadoop.http.lib.StaticUserWebFilter$StaticUserFilter) to context logs
2019-09-10 05:39:12,074 [main] INFO  http.HttpServer2 (HttpServer2.java:bindListener(1191)) - Jetty bound to port 33718
2019-09-10 05:39:12,075 [main] INFO  server.Server (Server.java:doStart(351)) - jetty-9.3.24.v20180605, build timestamp: 2018-06-05T17:11:56Z, git hash: 84205aa28f11a4f31f2a3b86d1bba2cc8ab69827
2019-09-10 05:39:12,076 [main] INFO  handler.ContextHandler (ContextHandler.java:doStart(781)) - Started o.e.j.s.ServletContextHandler@655621fd{/logs,file:///workdir/hadoop-ozone/integration-test/target/log,AVAILABLE}
2019-09-10 05:39:12,076 [main] INFO  handler.ContextHandler (ContextHandler.java:doStart(781)) - Started o.e.j.s.ServletContextHandler@fcd0e8d{/static,jar:file:/home/user/.m2/repository/org/apache/hadoop/hadoop-hdds-container-service/0.5.0-SNAPSHOT/hadoop-hdds-container-service-0.5.0-SNAPSHOT.jar!/webapps/static,AVAILABLE}
2019-09-10 05:39:12,104 [main] INFO  handler.ContextHandler (ContextHandler.java:doStart(781)) - Started o.e.j.w.WebAppContext@32b112a1{/,file:///tmp/jetty-0.0.0.0-33718-hddsDatanode-_-any-1641525923718975891.dir/webapp/,AVAILABLE}{/hddsDatanode}
2019-09-10 05:39:12,104 [main] INFO  server.AbstractConnector (AbstractConnector.java:doStart(278)) - Started ServerConnector@5635bcd2{HTTP/1.1,[http/1.1]}{0.0.0.0:33718}
2019-09-10 05:39:12,105 [main] INFO  server.Server (Server.java:doStart(419)) - Started @844494ms
2019-09-10 05:39:12,105 [main] WARN  impl.MetricsSystemImpl (MetricsSystemImpl.java:register(276)) - Sink prometheus already exists!
2019-09-10 05:39:12,106 [main] INFO  server.BaseHttpServer (BaseHttpServer.java:updateConnectorAddress(215)) - HTTP server of HDDSDATANODE is listening at http://0.0.0.0:33718
2019-09-10 05:39:12,106 [main] INFO  impl.MetricsSystemImpl (MetricsSystemImpl.java:init(158)) - HddsDatanode metrics system started (again)
2019-09-10 05:39:12,112 [org.apache.hadoop.util.JvmPauseMonitor$Monitor@3720f353] INFO  util.JvmPauseMonitor (JvmPauseMonitor.java:run(188)) - Starting JVM pause monitor
2019-09-10 05:39:12,113 [Datanode State Machine Thread - 0] INFO  datanode.InitDatanodeState (InitDatanodeState.java:persistContainerDatanodeDetails(140)) - DatanodeDetails is persisted to /workdir/hadoop-ozone/integration-test/target/test-dir/MiniOzoneClusterImpl-bea64e6c-8861-4610-b5db-527a5cfae2b5/datanode-2/meta/datanode.id
2019-09-10 05:39:12,113 [main] INFO  ozone.HddsDatanodeService (HddsDatanodeService.java:start(184)) - HddsDatanodeService host:trunk-nightly-20190910-vk757-903364635 ip:192.168.36.76
2019-09-10 05:39:12,119 [main] INFO  volume.HddsVolume (HddsVolume.java:<init>(176)) - Creating Volume: /workdir/hadoop-ozone/integration-test/target/test-dir/MiniOzoneClusterImpl-bea64e6c-8861-4610-b5db-527a5cfae2b5/datanode-3/data/containers/hdds of  storage type : DISK and capacity : 1482555576320
2019-09-10 05:39:12,120 [main] INFO  volume.VolumeSet (VolumeSet.java:initializeVolumeSet(170)) - Added Volume : /workdir/hadoop-ozone/integration-test/target/test-dir/MiniOzoneClusterImpl-bea64e6c-8861-4610-b5db-527a5cfae2b5/datanode-3/data/containers/hdds to VolumeSet
2019-09-10 05:39:12,120 [main] INFO  volume.ThrottledAsyncChecker (ThrottledAsyncChecker.java:schedule(139)) - Scheduling a check for org.apache.hadoop.ozone.container.common.volume.HddsVolume@520a95ff
2019-09-10 05:39:12,120 [main] INFO  volume.HddsVolumeChecker (HddsVolumeChecker.java:checkAllVolumes(202)) - Scheduled health check for volume org.apache.hadoop.ozone.container.common.volume.HddsVolume@520a95ff
2019-09-10 05:39:12,135 [main] INFO  impl.RaftServerProxy (ConfUtils.java:logGet(43)) - raft.rpc.type = GRPC (default)
2019-09-10 05:39:12,135 [main] INFO  grpc.GrpcFactory (GrpcFactory.java:checkPooledByteBufAllocatorUseCacheForAllThreads(45)) - PERFORMANCE WARNING: useCacheForAllThreads is true that may cause Netty to create a lot garbage objects and, as a result, trigger GC.
	It is recommended to disable useCacheForAllThreads by setting -Dorg.apache.ratis.thirdparty.io.netty.allocator.useCacheForAllThreads=false in command line.
2019-09-10 05:39:12,135 [main] INFO  grpc.GrpcConfigKeys$Server (ConfUtils.java:logGet(43)) - raft.grpc.server.port = 0 (default)
2019-09-10 05:39:12,136 [main] INFO  server.GrpcService (ConfUtils.java:logGet(43)) - raft.grpc.message.size.max = 33570816 (custom)
2019-09-10 05:39:12,136 [main] INFO  server.RaftServerConfigKeys (ConfUtils.java:logGet(43)) - raft.server.log.appender.buffer.byte-limit = 33554432 (custom)
2019-09-10 05:39:12,136 [main] INFO  server.GrpcService (ConfUtils.java:logGet(43)) - raft.grpc.flow.control.window = 1MB (=1048576) (default)
2019-09-10 05:39:12,136 [main] INFO  server.RaftServerConfigKeys (ConfUtils.java:logGet(43)) - raft.server.rpc.request.timeout = 3000ms (default)
2019-09-10 05:39:12,137 [main] INFO  server.RaftServerConfigKeys (ConfUtils.java:logGet(43)) - raft.server.storage.dir = [/workdir/hadoop-ozone/integration-test/target/test-dir/MiniOzoneClusterImpl-bea64e6c-8861-4610-b5db-527a5cfae2b5/datanode-3/data/ratis] (custom)
2019-09-10 05:39:12,138 [main] INFO  hdfs.DFSUtil (DFSUtil.java:httpServerTemplateForNNAndJN(1641)) - Starting Web-server for hddsDatanode at: http://0.0.0.0:0
2019-09-10 05:39:12,139 [main] INFO  server.AuthenticationFilter (AuthenticationFilter.java:constructSecretProvider(240)) - Unable to initialize FileSignerSecretProvider, falling back to use random secrets.
2019-09-10 05:39:12,140 [main] WARN  http.HttpRequestLog (HttpRequestLog.java:getRequestLog(97)) - Jetty request log can only be enabled using Log4j
2019-09-10 05:39:12,141 [main] INFO  http.HttpServer2 (HttpServer2.java:addGlobalFilter(975)) - Added global filter 'safety' (class=org.apache.hadoop.http.HttpServer2$QuotingInputFilter)
2019-09-10 05:39:12,141 [main] INFO  http.HttpServer2 (HttpServer2.java:addFilter(948)) - Added filter static_user_filter (class=org.apache.hadoop.http.lib.StaticUserWebFilter$StaticUserFilter) to context hddsDatanode
2019-09-10 05:39:12,142 [main] INFO  http.HttpServer2 (HttpServer2.java:addFilter(958)) - Added filter static_user_filter (class=org.apache.hadoop.http.lib.StaticUserWebFilter$StaticUserFilter) to context logs
2019-09-10 05:39:12,142 [main] INFO  http.HttpServer2 (HttpServer2.java:addFilter(958)) - Added filter static_user_filter (class=org.apache.hadoop.http.lib.StaticUserWebFilter$StaticUserFilter) to context static
2019-09-10 05:39:12,142 [main] INFO  http.HttpServer2 (HttpServer2.java:bindListener(1191)) - Jetty bound to port 46043
2019-09-10 05:39:12,142 [main] INFO  server.Server (Server.java:doStart(351)) - jetty-9.3.24.v20180605, build timestamp: 2018-06-05T17:11:56Z, git hash: 84205aa28f11a4f31f2a3b86d1bba2cc8ab69827
2019-09-10 05:39:12,144 [main] INFO  handler.ContextHandler (ContextHandler.java:doStart(781)) - Started o.e.j.s.ServletContextHandler@50df37eb{/logs,file:///workdir/hadoop-ozone/integration-test/target/log,AVAILABLE}
2019-09-10 05:39:12,144 [main] INFO  handler.ContextHandler (ContextHandler.java:doStart(781)) - Started o.e.j.s.ServletContextHandler@41143873{/static,jar:file:/home/user/.m2/repository/org/apache/hadoop/hadoop-hdds-container-service/0.5.0-SNAPSHOT/hadoop-hdds-container-service-0.5.0-SNAPSHOT.jar!/webapps/static,AVAILABLE}
2019-09-10 05:39:12,172 [main] INFO  handler.ContextHandler (ContextHandler.java:doStart(781)) - Started o.e.j.w.WebAppContext@52b32b70{/,file:///tmp/jetty-0.0.0.0-46043-hddsDatanode-_-any-723766410500925776.dir/webapp/,AVAILABLE}{/hddsDatanode}
2019-09-10 05:39:12,172 [main] INFO  server.AbstractConnector (AbstractConnector.java:doStart(278)) - Started ServerConnector@18c820d2{HTTP/1.1,[http/1.1]}{0.0.0.0:46043}
2019-09-10 05:39:12,173 [main] INFO  server.Server (Server.java:doStart(419)) - Started @844562ms
2019-09-10 05:39:12,174 [main] WARN  impl.MetricsSystemImpl (MetricsSystemImpl.java:register(276)) - Sink prometheus already exists!
2019-09-10 05:39:12,174 [main] INFO  server.BaseHttpServer (BaseHttpServer.java:updateConnectorAddress(215)) - HTTP server of HDDSDATANODE is listening at http://0.0.0.0:46043
2019-09-10 05:39:12,174 [main] INFO  impl.MetricsSystemImpl (MetricsSystemImpl.java:init(158)) - HddsDatanode metrics system started (again)
2019-09-10 05:39:12,180 [org.apache.hadoop.util.JvmPauseMonitor$Monitor@617b9952] INFO  util.JvmPauseMonitor (JvmPauseMonitor.java:run(188)) - Starting JVM pause monitor
2019-09-10 05:39:12,180 [main] INFO  ozone.HddsDatanodeService (HddsDatanodeService.java:start(184)) - HddsDatanodeService host:trunk-nightly-20190910-vk757-903364635 ip:192.168.36.76
2019-09-10 05:39:12,181 [Datanode State Machine Thread - 0] INFO  datanode.InitDatanodeState (InitDatanodeState.java:persistContainerDatanodeDetails(140)) - DatanodeDetails is persisted to /workdir/hadoop-ozone/integration-test/target/test-dir/MiniOzoneClusterImpl-bea64e6c-8861-4610-b5db-527a5cfae2b5/datanode-3/meta/datanode.id
2019-09-10 05:39:12,186 [main] INFO  volume.HddsVolume (HddsVolume.java:<init>(176)) - Creating Volume: /workdir/hadoop-ozone/integration-test/target/test-dir/MiniOzoneClusterImpl-bea64e6c-8861-4610-b5db-527a5cfae2b5/datanode-4/data/containers/hdds of  storage type : DISK and capacity : 1482555576320
2019-09-10 05:39:12,186 [main] INFO  volume.VolumeSet (VolumeSet.java:initializeVolumeSet(170)) - Added Volume : /workdir/hadoop-ozone/integration-test/target/test-dir/MiniOzoneClusterImpl-bea64e6c-8861-4610-b5db-527a5cfae2b5/datanode-4/data/containers/hdds to VolumeSet
2019-09-10 05:39:12,186 [main] INFO  volume.ThrottledAsyncChecker (ThrottledAsyncChecker.java:schedule(139)) - Scheduling a check for org.apache.hadoop.ozone.container.common.volume.HddsVolume@6d001fbe
2019-09-10 05:39:12,187 [main] INFO  volume.HddsVolumeChecker (HddsVolumeChecker.java:checkAllVolumes(202)) - Scheduled health check for volume org.apache.hadoop.ozone.container.common.volume.HddsVolume@6d001fbe
2019-09-10 05:39:12,201 [main] INFO  impl.RaftServerProxy (ConfUtils.java:logGet(43)) - raft.rpc.type = GRPC (default)
2019-09-10 05:39:12,201 [main] INFO  grpc.GrpcFactory (GrpcFactory.java:checkPooledByteBufAllocatorUseCacheForAllThreads(45)) - PERFORMANCE WARNING: useCacheForAllThreads is true that may cause Netty to create a lot garbage objects and, as a result, trigger GC.
	It is recommended to disable useCacheForAllThreads by setting -Dorg.apache.ratis.thirdparty.io.netty.allocator.useCacheForAllThreads=false in command line.
2019-09-10 05:39:12,201 [main] INFO  grpc.GrpcConfigKeys$Server (ConfUtils.java:logGet(43)) - raft.grpc.server.port = 0 (default)
2019-09-10 05:39:12,201 [main] INFO  server.GrpcService (ConfUtils.java:logGet(43)) - raft.grpc.message.size.max = 33570816 (custom)
2019-09-10 05:39:12,201 [main] INFO  server.RaftServerConfigKeys (ConfUtils.java:logGet(43)) - raft.server.log.appender.buffer.byte-limit = 33554432 (custom)
2019-09-10 05:39:12,202 [main] INFO  server.GrpcService (ConfUtils.java:logGet(43)) - raft.grpc.flow.control.window = 1MB (=1048576) (default)
2019-09-10 05:39:12,202 [main] INFO  server.RaftServerConfigKeys (ConfUtils.java:logGet(43)) - raft.server.rpc.request.timeout = 3000ms (default)
2019-09-10 05:39:12,202 [main] INFO  server.RaftServerConfigKeys (ConfUtils.java:logGet(43)) - raft.server.storage.dir = [/workdir/hadoop-ozone/integration-test/target/test-dir/MiniOzoneClusterImpl-bea64e6c-8861-4610-b5db-527a5cfae2b5/datanode-4/data/ratis] (custom)
2019-09-10 05:39:12,203 [main] INFO  hdfs.DFSUtil (DFSUtil.java:httpServerTemplateForNNAndJN(1641)) - Starting Web-server for hddsDatanode at: http://0.0.0.0:0
2019-09-10 05:39:12,204 [main] INFO  server.AuthenticationFilter (AuthenticationFilter.java:constructSecretProvider(240)) - Unable to initialize FileSignerSecretProvider, falling back to use random secrets.
2019-09-10 05:39:12,205 [main] WARN  http.HttpRequestLog (HttpRequestLog.java:getRequestLog(97)) - Jetty request log can only be enabled using Log4j
2019-09-10 05:39:12,206 [main] INFO  http.HttpServer2 (HttpServer2.java:addGlobalFilter(975)) - Added global filter 'safety' (class=org.apache.hadoop.http.HttpServer2$QuotingInputFilter)
2019-09-10 05:39:12,207 [main] INFO  http.HttpServer2 (HttpServer2.java:addFilter(948)) - Added filter static_user_filter (class=org.apache.hadoop.http.lib.StaticUserWebFilter$StaticUserFilter) to context hddsDatanode
2019-09-10 05:39:12,207 [main] INFO  http.HttpServer2 (HttpServer2.java:addFilter(958)) - Added filter static_user_filter (class=org.apache.hadoop.http.lib.StaticUserWebFilter$StaticUserFilter) to context logs
2019-09-10 05:39:12,207 [main] INFO  http.HttpServer2 (HttpServer2.java:addFilter(958)) - Added filter static_user_filter (class=org.apache.hadoop.http.lib.StaticUserWebFilter$StaticUserFilter) to context static
2019-09-10 05:39:12,208 [main] INFO  http.HttpServer2 (HttpServer2.java:bindListener(1191)) - Jetty bound to port 34443
2019-09-10 05:39:12,208 [main] INFO  server.Server (Server.java:doStart(351)) - jetty-9.3.24.v20180605, build timestamp: 2018-06-05T17:11:56Z, git hash: 84205aa28f11a4f31f2a3b86d1bba2cc8ab69827
2019-09-10 05:39:12,209 [main] INFO  handler.ContextHandler (ContextHandler.java:doStart(781)) - Started o.e.j.s.ServletContextHandler@59a2d756{/logs,file:///workdir/hadoop-ozone/integration-test/target/log,AVAILABLE}
2019-09-10 05:39:12,210 [main] INFO  handler.ContextHandler (ContextHandler.java:doStart(781)) - Started o.e.j.s.ServletContextHandler@4be12f6c{/static,jar:file:/home/user/.m2/repository/org/apache/hadoop/hadoop-hdds-container-service/0.5.0-SNAPSHOT/hadoop-hdds-container-service-0.5.0-SNAPSHOT.jar!/webapps/static,AVAILABLE}
2019-09-10 05:39:12,238 [main] INFO  handler.ContextHandler (ContextHandler.java:doStart(781)) - Started o.e.j.w.WebAppContext@2086d469{/,file:///tmp/jetty-0.0.0.0-34443-hddsDatanode-_-any-1840842228485143975.dir/webapp/,AVAILABLE}{/hddsDatanode}
2019-09-10 05:39:12,238 [main] INFO  server.AbstractConnector (AbstractConnector.java:doStart(278)) - Started ServerConnector@b1d19ff{HTTP/1.1,[http/1.1]}{0.0.0.0:34443}
2019-09-10 05:39:12,243 [main] INFO  server.Server (Server.java:doStart(419)) - Started @844627ms
2019-09-10 05:39:12,244 [main] WARN  impl.MetricsSystemImpl (MetricsSystemImpl.java:register(276)) - Sink prometheus already exists!
2019-09-10 05:39:12,245 [main] INFO  server.BaseHttpServer (BaseHttpServer.java:updateConnectorAddress(215)) - HTTP server of HDDSDATANODE is listening at http://0.0.0.0:34443
2019-09-10 05:39:12,245 [main] INFO  impl.MetricsSystemImpl (MetricsSystemImpl.java:init(158)) - HddsDatanode metrics system started (again)
2019-09-10 05:39:12,251 [org.apache.hadoop.util.JvmPauseMonitor$Monitor@77f71531] INFO  util.JvmPauseMonitor (JvmPauseMonitor.java:run(188)) - Starting JVM pause monitor
2019-09-10 05:39:12,253 [main] INFO  ozone.HddsDatanodeService (HddsDatanodeService.java:start(184)) - HddsDatanodeService host:trunk-nightly-20190910-vk757-903364635 ip:192.168.36.76
2019-09-10 05:39:12,253 [Datanode State Machine Thread - 0] INFO  datanode.InitDatanodeState (InitDatanodeState.java:persistContainerDatanodeDetails(140)) - DatanodeDetails is persisted to /workdir/hadoop-ozone/integration-test/target/test-dir/MiniOzoneClusterImpl-bea64e6c-8861-4610-b5db-527a5cfae2b5/datanode-4/meta/datanode.id
2019-09-10 05:39:12,259 [main] INFO  volume.HddsVolume (HddsVolume.java:<init>(176)) - Creating Volume: /workdir/hadoop-ozone/integration-test/target/test-dir/MiniOzoneClusterImpl-bea64e6c-8861-4610-b5db-527a5cfae2b5/datanode-5/data/containers/hdds of  storage type : DISK and capacity : 1482555576320
2019-09-10 05:39:12,259 [main] INFO  volume.VolumeSet (VolumeSet.java:initializeVolumeSet(170)) - Added Volume : /workdir/hadoop-ozone/integration-test/target/test-dir/MiniOzoneClusterImpl-bea64e6c-8861-4610-b5db-527a5cfae2b5/datanode-5/data/containers/hdds to VolumeSet
2019-09-10 05:39:12,259 [main] INFO  volume.ThrottledAsyncChecker (ThrottledAsyncChecker.java:schedule(139)) - Scheduling a check for org.apache.hadoop.ozone.container.common.volume.HddsVolume@7e8f23ad
2019-09-10 05:39:12,260 [main] INFO  volume.HddsVolumeChecker (HddsVolumeChecker.java:checkAllVolumes(202)) - Scheduled health check for volume org.apache.hadoop.ozone.container.common.volume.HddsVolume@7e8f23ad
2019-09-10 05:39:12,273 [main] INFO  impl.RaftServerProxy (ConfUtils.java:logGet(43)) - raft.rpc.type = GRPC (default)
2019-09-10 05:39:12,273 [main] INFO  grpc.GrpcFactory (GrpcFactory.java:checkPooledByteBufAllocatorUseCacheForAllThreads(45)) - PERFORMANCE WARNING: useCacheForAllThreads is true that may cause Netty to create a lot garbage objects and, as a result, trigger GC.
	It is recommended to disable useCacheForAllThreads by setting -Dorg.apache.ratis.thirdparty.io.netty.allocator.useCacheForAllThreads=false in command line.
2019-09-10 05:39:12,273 [main] INFO  grpc.GrpcConfigKeys$Server (ConfUtils.java:logGet(43)) - raft.grpc.server.port = 0 (default)
2019-09-10 05:39:12,273 [main] INFO  server.GrpcService (ConfUtils.java:logGet(43)) - raft.grpc.message.size.max = 33570816 (custom)
2019-09-10 05:39:12,274 [main] INFO  server.RaftServerConfigKeys (ConfUtils.java:logGet(43)) - raft.server.log.appender.buffer.byte-limit = 33554432 (custom)
2019-09-10 05:39:12,274 [main] INFO  server.GrpcService (ConfUtils.java:logGet(43)) - raft.grpc.flow.control.window = 1MB (=1048576) (default)
2019-09-10 05:39:12,274 [main] INFO  server.RaftServerConfigKeys (ConfUtils.java:logGet(43)) - raft.server.rpc.request.timeout = 3000ms (default)
2019-09-10 05:39:12,274 [main] INFO  server.RaftServerConfigKeys (ConfUtils.java:logGet(43)) - raft.server.storage.dir = [/workdir/hadoop-ozone/integration-test/target/test-dir/MiniOzoneClusterImpl-bea64e6c-8861-4610-b5db-527a5cfae2b5/datanode-5/data/ratis] (custom)
2019-09-10 05:39:12,275 [main] INFO  hdfs.DFSUtil (DFSUtil.java:httpServerTemplateForNNAndJN(1641)) - Starting Web-server for hddsDatanode at: http://0.0.0.0:0
2019-09-10 05:39:12,276 [main] INFO  server.AuthenticationFilter (AuthenticationFilter.java:constructSecretProvider(240)) - Unable to initialize FileSignerSecretProvider, falling back to use random secrets.
2019-09-10 05:39:12,277 [main] WARN  http.HttpRequestLog (HttpRequestLog.java:getRequestLog(97)) - Jetty request log can only be enabled using Log4j
2019-09-10 05:39:12,278 [main] INFO  http.HttpServer2 (HttpServer2.java:addGlobalFilter(975)) - Added global filter 'safety' (class=org.apache.hadoop.http.HttpServer2$QuotingInputFilter)
2019-09-10 05:39:12,278 [main] INFO  http.HttpServer2 (HttpServer2.java:addFilter(948)) - Added filter static_user_filter (class=org.apache.hadoop.http.lib.StaticUserWebFilter$StaticUserFilter) to context hddsDatanode
2019-09-10 05:39:12,278 [main] INFO  http.HttpServer2 (HttpServer2.java:addFilter(958)) - Added filter static_user_filter (class=org.apache.hadoop.http.lib.StaticUserWebFilter$StaticUserFilter) to context static
2019-09-10 05:39:12,278 [main] INFO  http.HttpServer2 (HttpServer2.java:addFilter(958)) - Added filter static_user_filter (class=org.apache.hadoop.http.lib.StaticUserWebFilter$StaticUserFilter) to context logs
2019-09-10 05:39:12,279 [main] INFO  http.HttpServer2 (HttpServer2.java:bindListener(1191)) - Jetty bound to port 37306
2019-09-10 05:39:12,279 [main] INFO  server.Server (Server.java:doStart(351)) - jetty-9.3.24.v20180605, build timestamp: 2018-06-05T17:11:56Z, git hash: 84205aa28f11a4f31f2a3b86d1bba2cc8ab69827
2019-09-10 05:39:12,280 [main] INFO  handler.ContextHandler (ContextHandler.java:doStart(781)) - Started o.e.j.s.ServletContextHandler@7eae55{/logs,file:///workdir/hadoop-ozone/integration-test/target/log,AVAILABLE}
2019-09-10 05:39:12,281 [main] INFO  handler.ContextHandler (ContextHandler.java:doStart(781)) - Started o.e.j.s.ServletContextHandler@3ef0e576{/static,jar:file:/home/user/.m2/repository/org/apache/hadoop/hadoop-hdds-container-service/0.5.0-SNAPSHOT/hadoop-hdds-container-service-0.5.0-SNAPSHOT.jar!/webapps/static,AVAILABLE}
2019-09-10 05:39:12,307 [main] INFO  handler.ContextHandler (ContextHandler.java:doStart(781)) - Started o.e.j.w.WebAppContext@640a8f93{/,file:///tmp/jetty-0.0.0.0-37306-hddsDatanode-_-any-3889536824591305700.dir/webapp/,AVAILABLE}{/hddsDatanode}
2019-09-10 05:39:12,308 [main] INFO  server.AbstractConnector (AbstractConnector.java:doStart(278)) - Started ServerConnector@6335f04a{HTTP/1.1,[http/1.1]}{0.0.0.0:37306}
2019-09-10 05:39:12,309 [main] INFO  server.Server (Server.java:doStart(419)) - Started @844698ms
2019-09-10 05:39:12,309 [main] WARN  impl.MetricsSystemImpl (MetricsSystemImpl.java:register(276)) - Sink prometheus already exists!
2019-09-10 05:39:12,310 [main] INFO  server.BaseHttpServer (BaseHttpServer.java:updateConnectorAddress(215)) - HTTP server of HDDSDATANODE is listening at http://0.0.0.0:37306
2019-09-10 05:39:12,310 [main] INFO  impl.MetricsSystemImpl (MetricsSystemImpl.java:init(158)) - HddsDatanode metrics system started (again)
2019-09-10 05:39:12,316 [org.apache.hadoop.util.JvmPauseMonitor$Monitor@e40781c] INFO  util.JvmPauseMonitor (JvmPauseMonitor.java:run(188)) - Starting JVM pause monitor
2019-09-10 05:39:12,317 [main] INFO  ozone.HddsDatanodeService (HddsDatanodeService.java:start(184)) - HddsDatanodeService host:trunk-nightly-20190910-vk757-903364635 ip:192.168.36.76
2019-09-10 05:39:12,317 [Datanode State Machine Thread - 0] INFO  datanode.InitDatanodeState (InitDatanodeState.java:persistContainerDatanodeDetails(140)) - DatanodeDetails is persisted to /workdir/hadoop-ozone/integration-test/target/test-dir/MiniOzoneClusterImpl-bea64e6c-8861-4610-b5db-527a5cfae2b5/datanode-5/meta/datanode.id
2019-09-10 05:39:12,323 [main] INFO  volume.HddsVolume (HddsVolume.java:<init>(176)) - Creating Volume: /workdir/hadoop-ozone/integration-test/target/test-dir/MiniOzoneClusterImpl-bea64e6c-8861-4610-b5db-527a5cfae2b5/datanode-6/data/containers/hdds of  storage type : DISK and capacity : 1482555576320
2019-09-10 05:39:12,323 [main] INFO  volume.VolumeSet (VolumeSet.java:initializeVolumeSet(170)) - Added Volume : /workdir/hadoop-ozone/integration-test/target/test-dir/MiniOzoneClusterImpl-bea64e6c-8861-4610-b5db-527a5cfae2b5/datanode-6/data/containers/hdds to VolumeSet
2019-09-10 05:39:12,323 [main] INFO  volume.ThrottledAsyncChecker (ThrottledAsyncChecker.java:schedule(139)) - Scheduling a check for org.apache.hadoop.ozone.container.common.volume.HddsVolume@678586f0
2019-09-10 05:39:12,324 [main] INFO  volume.HddsVolumeChecker (HddsVolumeChecker.java:checkAllVolumes(202)) - Scheduled health check for volume org.apache.hadoop.ozone.container.common.volume.HddsVolume@678586f0
2019-09-10 05:39:12,335 [main] INFO  impl.RaftServerProxy (ConfUtils.java:logGet(43)) - raft.rpc.type = GRPC (default)
2019-09-10 05:39:12,335 [main] INFO  grpc.GrpcFactory (GrpcFactory.java:checkPooledByteBufAllocatorUseCacheForAllThreads(45)) - PERFORMANCE WARNING: useCacheForAllThreads is true that may cause Netty to create a lot garbage objects and, as a result, trigger GC.
	It is recommended to disable useCacheForAllThreads by setting -Dorg.apache.ratis.thirdparty.io.netty.allocator.useCacheForAllThreads=false in command line.
2019-09-10 05:39:12,335 [main] INFO  grpc.GrpcConfigKeys$Server (ConfUtils.java:logGet(43)) - raft.grpc.server.port = 0 (default)
2019-09-10 05:39:12,336 [main] INFO  server.GrpcService (ConfUtils.java:logGet(43)) - raft.grpc.message.size.max = 33570816 (custom)
2019-09-10 05:39:12,336 [main] INFO  server.RaftServerConfigKeys (ConfUtils.java:logGet(43)) - raft.server.log.appender.buffer.byte-limit = 33554432 (custom)
2019-09-10 05:39:12,336 [main] INFO  server.GrpcService (ConfUtils.java:logGet(43)) - raft.grpc.flow.control.window = 1MB (=1048576) (default)
2019-09-10 05:39:12,336 [main] INFO  server.RaftServerConfigKeys (ConfUtils.java:logGet(43)) - raft.server.rpc.request.timeout = 3000ms (default)
2019-09-10 05:39:12,336 [main] INFO  server.RaftServerConfigKeys (ConfUtils.java:logGet(43)) - raft.server.storage.dir = [/workdir/hadoop-ozone/integration-test/target/test-dir/MiniOzoneClusterImpl-bea64e6c-8861-4610-b5db-527a5cfae2b5/datanode-6/data/ratis] (custom)
2019-09-10 05:39:12,337 [main] INFO  hdfs.DFSUtil (DFSUtil.java:httpServerTemplateForNNAndJN(1641)) - Starting Web-server for hddsDatanode at: http://0.0.0.0:0
2019-09-10 05:39:12,338 [main] INFO  server.AuthenticationFilter (AuthenticationFilter.java:constructSecretProvider(240)) - Unable to initialize FileSignerSecretProvider, falling back to use random secrets.
2019-09-10 05:39:12,339 [main] WARN  http.HttpRequestLog (HttpRequestLog.java:getRequestLog(97)) - Jetty request log can only be enabled using Log4j
2019-09-10 05:39:12,340 [main] INFO  http.HttpServer2 (HttpServer2.java:addGlobalFilter(975)) - Added global filter 'safety' (class=org.apache.hadoop.http.HttpServer2$QuotingInputFilter)
2019-09-10 05:39:12,340 [main] INFO  http.HttpServer2 (HttpServer2.java:addFilter(948)) - Added filter static_user_filter (class=org.apache.hadoop.http.lib.StaticUserWebFilter$StaticUserFilter) to context hddsDatanode
2019-09-10 05:39:12,341 [main] INFO  http.HttpServer2 (HttpServer2.java:addFilter(958)) - Added filter static_user_filter (class=org.apache.hadoop.http.lib.StaticUserWebFilter$StaticUserFilter) to context static
2019-09-10 05:39:12,341 [main] INFO  http.HttpServer2 (HttpServer2.java:addFilter(958)) - Added filter static_user_filter (class=org.apache.hadoop.http.lib.StaticUserWebFilter$StaticUserFilter) to context logs
2019-09-10 05:39:12,341 [main] INFO  http.HttpServer2 (HttpServer2.java:bindListener(1191)) - Jetty bound to port 41620
2019-09-10 05:39:12,341 [main] INFO  server.Server (Server.java:doStart(351)) - jetty-9.3.24.v20180605, build timestamp: 2018-06-05T17:11:56Z, git hash: 84205aa28f11a4f31f2a3b86d1bba2cc8ab69827
2019-09-10 05:39:12,343 [main] INFO  handler.ContextHandler (ContextHandler.java:doStart(781)) - Started o.e.j.s.ServletContextHandler@54bb1194{/logs,file:///workdir/hadoop-ozone/integration-test/target/log,AVAILABLE}
2019-09-10 05:39:12,343 [main] INFO  handler.ContextHandler (ContextHandler.java:doStart(781)) - Started o.e.j.s.ServletContextHandler@1f42366{/static,jar:file:/home/user/.m2/repository/org/apache/hadoop/hadoop-hdds-container-service/0.5.0-SNAPSHOT/hadoop-hdds-container-service-0.5.0-SNAPSHOT.jar!/webapps/static,AVAILABLE}
2019-09-10 05:39:12,368 [main] INFO  handler.ContextHandler (ContextHandler.java:doStart(781)) - Started o.e.j.w.WebAppContext@58cda03f{/,file:///tmp/jetty-0.0.0.0-41620-hddsDatanode-_-any-113377897798135626.dir/webapp/,AVAILABLE}{/hddsDatanode}
2019-09-10 05:39:12,368 [main] INFO  server.AbstractConnector (AbstractConnector.java:doStart(278)) - Started ServerConnector@7757a37f{HTTP/1.1,[http/1.1]}{0.0.0.0:41620}
2019-09-10 05:39:12,369 [main] INFO  server.Server (Server.java:doStart(419)) - Started @844758ms
2019-09-10 05:39:12,370 [main] WARN  impl.MetricsSystemImpl (MetricsSystemImpl.java:register(276)) - Sink prometheus already exists!
2019-09-10 05:39:12,370 [main] INFO  server.BaseHttpServer (BaseHttpServer.java:updateConnectorAddress(215)) - HTTP server of HDDSDATANODE is listening at http://0.0.0.0:41620
2019-09-10 05:39:12,370 [main] INFO  ozone.MiniOzoneClusterImpl (MiniOzoneClusterImpl.java:lambda$waitForClusterToBeReady$0(140)) - Waiting for cluster to be ready. Got 0 of 7 DN Heartbeats.
2019-09-10 05:39:12,372 [org.apache.hadoop.util.JvmPauseMonitor$Monitor@6473e9d3] INFO  util.JvmPauseMonitor (JvmPauseMonitor.java:run(188)) - Starting JVM pause monitor
2019-09-10 05:39:12,373 [Datanode State Machine Thread - 0] INFO  datanode.InitDatanodeState (InitDatanodeState.java:persistContainerDatanodeDetails(140)) - DatanodeDetails is persisted to /workdir/hadoop-ozone/integration-test/target/test-dir/MiniOzoneClusterImpl-bea64e6c-8861-4610-b5db-527a5cfae2b5/datanode-6/meta/datanode.id
2019-09-10 05:39:13,376 [main] INFO  ozone.MiniOzoneClusterImpl (MiniOzoneClusterImpl.java:lambda$waitForClusterToBeReady$0(140)) - Waiting for cluster to be ready. Got 0 of 7 DN Heartbeats.
2019-09-10 05:39:14,011 [Datanode State Machine Thread - 0] INFO  ozoneimpl.OzoneContainer (OzoneContainer.java:start(217)) - Attempting to start container services.
2019-09-10 05:39:14,012 [Datanode State Machine Thread - 0] INFO  ozoneimpl.OzoneContainer (OzoneContainer.java:startContainerScrub(179)) - Background container scanner has been disabled.
2019-09-10 05:39:14,013 [Datanode State Machine Thread - 0] INFO  ratis.XceiverServerRatis (XceiverServerRatis.java:start(404)) - Starting XceiverServerRatis 9e976c14-1eb0-4a89-8bf4-d18e531efd12 at port 0
2019-09-10 05:39:14,023 [Datanode State Machine Thread - 0] INFO  impl.RaftServerProxy (RaftServerProxy.java:lambda$start$3(299)) - 9e976c14-1eb0-4a89-8bf4-d18e531efd12: start RPC server
2019-09-10 05:39:14,029 [Datanode State Machine Thread - 0] INFO  server.GrpcService (GrpcService.java:startImpl(158)) - 9e976c14-1eb0-4a89-8bf4-d18e531efd12: GrpcService started, listening on 0.0.0.0/0.0.0.0:35555
2019-09-10 05:39:14,030 [Datanode State Machine Thread - 0] INFO  ratis.XceiverServerRatis (XceiverServerRatis.java:start(414)) - XceiverServerRatis 9e976c14-1eb0-4a89-8bf4-d18e531efd12 is started using port 35555
2019-09-10 05:39:14,030 [Datanode State Machine Thread - 0] INFO  server.XceiverServerGrpc (XceiverServerGrpc.java:start(163)) - XceiverServerGrpc 9e976c14-1eb0-4a89-8bf4-d18e531efd12 is started using port 38388
2019-09-10 05:39:14,081 [Datanode State Machine Thread - 0] INFO  ozoneimpl.OzoneContainer (OzoneContainer.java:start(217)) - Attempting to start container services.
2019-09-10 05:39:14,081 [Datanode State Machine Thread - 0] INFO  ozoneimpl.OzoneContainer (OzoneContainer.java:startContainerScrub(179)) - Background container scanner has been disabled.
2019-09-10 05:39:14,081 [Datanode State Machine Thread - 0] INFO  ratis.XceiverServerRatis (XceiverServerRatis.java:start(404)) - Starting XceiverServerRatis e42ae758-4ea9-4f6d-8c37-d6691f5271b9 at port 0
2019-09-10 05:39:14,087 [Datanode State Machine Thread - 0] INFO  impl.RaftServerProxy (RaftServerProxy.java:lambda$start$3(299)) - e42ae758-4ea9-4f6d-8c37-d6691f5271b9: start RPC server
2019-09-10 05:39:14,088 [Datanode State Machine Thread - 0] INFO  server.GrpcService (GrpcService.java:startImpl(158)) - e42ae758-4ea9-4f6d-8c37-d6691f5271b9: GrpcService started, listening on 0.0.0.0/0.0.0.0:44169
2019-09-10 05:39:14,088 [Datanode State Machine Thread - 0] INFO  ratis.XceiverServerRatis (XceiverServerRatis.java:start(414)) - XceiverServerRatis e42ae758-4ea9-4f6d-8c37-d6691f5271b9 is started using port 44169
2019-09-10 05:39:14,091 [Datanode State Machine Thread - 0] INFO  server.XceiverServerGrpc (XceiverServerGrpc.java:start(163)) - XceiverServerGrpc e42ae758-4ea9-4f6d-8c37-d6691f5271b9 is started using port 45075
2019-09-10 05:39:14,141 [Datanode State Machine Thread - 0] INFO  ozoneimpl.OzoneContainer (OzoneContainer.java:start(217)) - Attempting to start container services.
2019-09-10 05:39:14,141 [Datanode State Machine Thread - 0] INFO  ozoneimpl.OzoneContainer (OzoneContainer.java:startContainerScrub(179)) - Background container scanner has been disabled.
2019-09-10 05:39:14,141 [Datanode State Machine Thread - 0] INFO  ratis.XceiverServerRatis (XceiverServerRatis.java:start(404)) - Starting XceiverServerRatis e9710f5a-4540-4253-93a1-96ebbace2ee0 at port 0
2019-09-10 05:39:14,148 [Datanode State Machine Thread - 0] INFO  impl.RaftServerProxy (RaftServerProxy.java:lambda$start$3(299)) - e9710f5a-4540-4253-93a1-96ebbace2ee0: start RPC server
2019-09-10 05:39:14,149 [Datanode State Machine Thread - 0] INFO  server.GrpcService (GrpcService.java:startImpl(158)) - e9710f5a-4540-4253-93a1-96ebbace2ee0: GrpcService started, listening on 0.0.0.0/0.0.0.0:37127
2019-09-10 05:39:14,149 [Datanode State Machine Thread - 0] INFO  ratis.XceiverServerRatis (XceiverServerRatis.java:start(414)) - XceiverServerRatis e9710f5a-4540-4253-93a1-96ebbace2ee0 is started using port 37127
2019-09-10 05:39:14,155 [Datanode State Machine Thread - 0] INFO  server.XceiverServerGrpc (XceiverServerGrpc.java:start(163)) - XceiverServerGrpc e9710f5a-4540-4253-93a1-96ebbace2ee0 is started using port 44888
2019-09-10 05:39:14,206 [Datanode State Machine Thread - 0] INFO  ozoneimpl.OzoneContainer (OzoneContainer.java:start(217)) - Attempting to start container services.
2019-09-10 05:39:14,206 [Datanode State Machine Thread - 0] INFO  ozoneimpl.OzoneContainer (OzoneContainer.java:startContainerScrub(179)) - Background container scanner has been disabled.
2019-09-10 05:39:14,207 [Datanode State Machine Thread - 0] INFO  ratis.XceiverServerRatis (XceiverServerRatis.java:start(404)) - Starting XceiverServerRatis 609ec3c0-9d0d-4099-a96c-9dbce2d5132e at port 0
2019-09-10 05:39:14,215 [Datanode State Machine Thread - 0] INFO  impl.RaftServerProxy (RaftServerProxy.java:lambda$start$3(299)) - 609ec3c0-9d0d-4099-a96c-9dbce2d5132e: start RPC server
2019-09-10 05:39:14,217 [Datanode State Machine Thread - 0] INFO  server.GrpcService (GrpcService.java:startImpl(158)) - 609ec3c0-9d0d-4099-a96c-9dbce2d5132e: GrpcService started, listening on 0.0.0.0/0.0.0.0:35964
2019-09-10 05:39:14,217 [Datanode State Machine Thread - 0] INFO  ratis.XceiverServerRatis (XceiverServerRatis.java:start(414)) - XceiverServerRatis 609ec3c0-9d0d-4099-a96c-9dbce2d5132e is started using port 35964
2019-09-10 05:39:14,218 [Datanode State Machine Thread - 0] INFO  server.XceiverServerGrpc (XceiverServerGrpc.java:start(163)) - XceiverServerGrpc 609ec3c0-9d0d-4099-a96c-9dbce2d5132e is started using port 45743
2019-09-10 05:39:14,266 [Datanode State Machine Thread - 0] INFO  ozoneimpl.OzoneContainer (OzoneContainer.java:start(217)) - Attempting to start container services.
2019-09-10 05:39:14,266 [Datanode State Machine Thread - 0] INFO  ozoneimpl.OzoneContainer (OzoneContainer.java:startContainerScrub(179)) - Background container scanner has been disabled.
2019-09-10 05:39:14,266 [Datanode State Machine Thread - 0] INFO  ratis.XceiverServerRatis (XceiverServerRatis.java:start(404)) - Starting XceiverServerRatis 48aec7a3-643c-4634-bc1c-f1d63eb87aec at port 0
2019-09-10 05:39:14,274 [Datanode State Machine Thread - 0] INFO  impl.RaftServerProxy (RaftServerProxy.java:lambda$start$3(299)) - 48aec7a3-643c-4634-bc1c-f1d63eb87aec: start RPC server
2019-09-10 05:39:14,276 [Datanode State Machine Thread - 0] INFO  server.GrpcService (GrpcService.java:startImpl(158)) - 48aec7a3-643c-4634-bc1c-f1d63eb87aec: GrpcService started, listening on 0.0.0.0/0.0.0.0:37975
2019-09-10 05:39:14,276 [Datanode State Machine Thread - 0] INFO  ratis.XceiverServerRatis (XceiverServerRatis.java:start(414)) - XceiverServerRatis 48aec7a3-643c-4634-bc1c-f1d63eb87aec is started using port 37975
2019-09-10 05:39:14,277 [Datanode State Machine Thread - 0] INFO  server.XceiverServerGrpc (XceiverServerGrpc.java:start(163)) - XceiverServerGrpc 48aec7a3-643c-4634-bc1c-f1d63eb87aec is started using port 45466
2019-09-10 05:39:14,347 [Datanode State Machine Thread - 0] INFO  ozoneimpl.OzoneContainer (OzoneContainer.java:start(217)) - Attempting to start container services.
2019-09-10 05:39:14,347 [Datanode State Machine Thread - 0] INFO  ozoneimpl.OzoneContainer (OzoneContainer.java:startContainerScrub(179)) - Background container scanner has been disabled.
2019-09-10 05:39:14,347 [Datanode State Machine Thread - 0] INFO  ratis.XceiverServerRatis (XceiverServerRatis.java:start(404)) - Starting XceiverServerRatis 5b3d6723-2425-464a-a9e3-6f5bc8440fc1 at port 0
2019-09-10 05:39:14,355 [Datanode State Machine Thread - 0] INFO  impl.RaftServerProxy (RaftServerProxy.java:lambda$start$3(299)) - 5b3d6723-2425-464a-a9e3-6f5bc8440fc1: start RPC server
2019-09-10 05:39:14,358 [Datanode State Machine Thread - 0] INFO  server.GrpcService (GrpcService.java:startImpl(158)) - 5b3d6723-2425-464a-a9e3-6f5bc8440fc1: GrpcService started, listening on 0.0.0.0/0.0.0.0:38760
2019-09-10 05:39:14,359 [Datanode State Machine Thread - 0] INFO  ratis.XceiverServerRatis (XceiverServerRatis.java:start(414)) - XceiverServerRatis 5b3d6723-2425-464a-a9e3-6f5bc8440fc1 is started using port 38760
2019-09-10 05:39:14,359 [Datanode State Machine Thread - 0] INFO  server.XceiverServerGrpc (XceiverServerGrpc.java:start(163)) - XceiverServerGrpc 5b3d6723-2425-464a-a9e3-6f5bc8440fc1 is started using port 41155
2019-09-10 05:39:14,377 [main] INFO  ozone.MiniOzoneClusterImpl (MiniOzoneClusterImpl.java:lambda$waitForClusterToBeReady$0(140)) - Waiting for cluster to be ready. Got 0 of 7 DN Heartbeats.
2019-09-10 05:39:14,390 [Datanode State Machine Thread - 0] INFO  ozoneimpl.OzoneContainer (OzoneContainer.java:start(217)) - Attempting to start container services.
2019-09-10 05:39:14,390 [Datanode State Machine Thread - 0] INFO  ozoneimpl.OzoneContainer (OzoneContainer.java:startContainerScrub(179)) - Background container scanner has been disabled.
2019-09-10 05:39:14,390 [Datanode State Machine Thread - 0] INFO  ratis.XceiverServerRatis (XceiverServerRatis.java:start(404)) - Starting XceiverServerRatis bce8a7d4-8dd0-462c-884e-e9994e0d492a at port 0
2019-09-10 05:39:14,395 [Datanode State Machine Thread - 0] INFO  impl.RaftServerProxy (RaftServerProxy.java:lambda$start$3(299)) - bce8a7d4-8dd0-462c-884e-e9994e0d492a: start RPC server
2019-09-10 05:39:14,396 [Datanode State Machine Thread - 0] INFO  server.GrpcService (GrpcService.java:startImpl(158)) - bce8a7d4-8dd0-462c-884e-e9994e0d492a: GrpcService started, listening on 0.0.0.0/0.0.0.0:41181
2019-09-10 05:39:14,396 [Datanode State Machine Thread - 0] INFO  ratis.XceiverServerRatis (XceiverServerRatis.java:start(414)) - XceiverServerRatis bce8a7d4-8dd0-462c-884e-e9994e0d492a is started using port 41181
2019-09-10 05:39:14,397 [Datanode State Machine Thread - 0] INFO  server.XceiverServerGrpc (XceiverServerGrpc.java:start(163)) - XceiverServerGrpc bce8a7d4-8dd0-462c-884e-e9994e0d492a is started using port 44630
2019-09-10 05:39:15,378 [main] INFO  ozone.MiniOzoneClusterImpl (MiniOzoneClusterImpl.java:lambda$waitForClusterToBeReady$0(140)) - Waiting for cluster to be ready. Got 0 of 7 DN Heartbeats.
2019-09-10 05:39:16,004 [IPC Server handler 15 on 37221] INFO  net.NetworkTopology (NetworkTopologyImpl.java:add(110)) - Added a new node: /default-rack/9e976c14-1eb0-4a89-8bf4-d18e531efd12
2019-09-10 05:39:16,010 [IPC Server handler 15 on 37221] INFO  node.SCMNodeManager (SCMNodeManager.java:register(266)) - Registered Data node : 9e976c14-1eb0-4a89-8bf4-d18e531efd12{ip: 192.168.36.76, host: trunk-nightly-20190910-vk757-903364635, networkLocation: /default-rack, certSerialId: null}
2019-09-10 05:39:16,011 [EventQueue-NodeRegistrationContainerReportForDataNodeSafeModeRule] INFO  safemode.SCMSafeModeManager (DataNodeSafeModeRule.java:process(71)) - SCM in safe mode. 1 DataNodes registered, 1 required.
2019-09-10 05:39:16,014 [EventQueue-NodeRegistrationContainerReportForDataNodeSafeModeRule] INFO  safemode.SCMSafeModeManager (SCMSafeModeManager.java:validateSafeModeExitRules(177)) - ScmSafeModeManager, all rules are successfully validated
2019-09-10 05:39:16,014 [EventQueue-NodeRegistrationContainerReportForDataNodeSafeModeRule] INFO  safemode.SCMSafeModeManager (SCMSafeModeManager.java:exitSafeMode(193)) - SCM exiting safe mode.
2019-09-10 05:39:16,048 [grpc-default-executor-11] INFO  impl.RaftServerProxy (RaftServerProxy.java:addNew(89)) - 9e976c14-1eb0-4a89-8bf4-d18e531efd12: addNew group-EA9CABA29208:[9e976c14-1eb0-4a89-8bf4-d18e531efd12:192.168.36.76:35555] returns group-EA9CABA29208:java.util.concurrent.CompletableFuture@6f93f97a[Not completed]
2019-09-10 05:39:16,049 [IPC Server handler 14 on 37221] INFO  net.NetworkTopology (NetworkTopologyImpl.java:add(110)) - Added a new node: /default-rack/e42ae758-4ea9-4f6d-8c37-d6691f5271b9
2019-09-10 05:39:16,049 [IPC Server handler 14 on 37221] INFO  node.SCMNodeManager (SCMNodeManager.java:register(266)) - Registered Data node : e42ae758-4ea9-4f6d-8c37-d6691f5271b9{ip: 192.168.36.76, host: trunk-nightly-20190910-vk757-903364635, networkLocation: /default-rack, certSerialId: null}
2019-09-10 05:39:16,051 [pool-680-thread-1] INFO  impl.RaftServerImpl (RaftServerImpl.java:<init>(95)) - 9e976c14-1eb0-4a89-8bf4-d18e531efd12: new RaftServerImpl for group-EA9CABA29208:[9e976c14-1eb0-4a89-8bf4-d18e531efd12:192.168.36.76:35555] with ContainerStateMachine:uninitialized
2019-09-10 05:39:16,051 [pool-680-thread-1] INFO  server.RaftServerConfigKeys (ConfUtils.java:logGet(43)) - raft.server.rpc.timeout.min = 5s (custom)
2019-09-10 05:39:16,051 [pool-680-thread-1] INFO  server.RaftServerConfigKeys (ConfUtils.java:logGet(43)) - raft.server.rpc.timeout.max = 5200ms (custom)
2019-09-10 05:39:16,052 [pool-680-thread-1] INFO  server.RaftServerConfigKeys (ConfUtils.java:logGet(43)) - raft.server.rpcslowness.timeout = 120s (custom)
2019-09-10 05:39:16,052 [pool-680-thread-1] INFO  server.RaftServerConfigKeys (ConfUtils.java:logGet(43)) - raft.server.sleep.deviation.threshold = 300 (default)
2019-09-10 05:39:16,052 [pool-680-thread-1] INFO  server.RaftServerConfigKeys (ConfUtils.java:logGet(43)) - raft.server.log.appender.install.snapshot.enabled = false (custom)
2019-09-10 05:39:16,052 [pool-680-thread-1] INFO  impl.RaftServerImpl (ServerState.java:<init>(103)) - 9e976c14-1eb0-4a89-8bf4-d18e531efd12@group-EA9CABA29208: ConfigurationManager, init=-1: [9e976c14-1eb0-4a89-8bf4-d18e531efd12:192.168.36.76:35555], old=null, confs=<EMPTY_MAP>
2019-09-10 05:39:16,053 [pool-680-thread-1] INFO  server.RaftServerConfigKeys (ConfUtils.java:logGet(43)) - raft.server.storage.dir = [/workdir/hadoop-ozone/integration-test/target/test-dir/MiniOzoneClusterImpl-bea64e6c-8861-4610-b5db-527a5cfae2b5/datanode-0/data/ratis] (custom)
2019-09-10 05:39:16,053 [pool-680-thread-1] INFO  storage.RaftStorageDirectory (RaftStorageDirectory.java:analyzeStorage(246)) - The storage directory /workdir/hadoop-ozone/integration-test/target/test-dir/MiniOzoneClusterImpl-bea64e6c-8861-4610-b5db-527a5cfae2b5/datanode-0/data/ratis/1d61111c-41ac-4ef4-ba45-ea9caba29208 does not exist. Creating ...
2019-09-10 05:39:16,085 [pool-680-thread-1] INFO  storage.RaftStorageDirectory (RaftStorageDirectory.java:tryLock(328)) - Lock on /workdir/hadoop-ozone/integration-test/target/test-dir/MiniOzoneClusterImpl-bea64e6c-8861-4610-b5db-527a5cfae2b5/datanode-0/data/ratis/1d61111c-41ac-4ef4-ba45-ea9caba29208/in_use.lock acquired by nodename 21943@trunk-nightly-20190910-vk757-903364635
2019-09-10 05:39:16,114 [IPC Server handler 0 on 37221] INFO  net.NetworkTopology (NetworkTopologyImpl.java:add(110)) - Added a new node: /default-rack/e9710f5a-4540-4253-93a1-96ebbace2ee0
2019-09-10 05:39:16,114 [IPC Server handler 0 on 37221] INFO  node.SCMNodeManager (SCMNodeManager.java:register(266)) - Registered Data node : e9710f5a-4540-4253-93a1-96ebbace2ee0{ip: 192.168.36.76, host: trunk-nightly-20190910-vk757-903364635, networkLocation: /default-rack, certSerialId: null}
2019-09-10 05:39:16,125 [pool-680-thread-1] INFO  storage.RaftStorage (RaftStorage.java:format(72)) - Storage directory /workdir/hadoop-ozone/integration-test/target/test-dir/MiniOzoneClusterImpl-bea64e6c-8861-4610-b5db-527a5cfae2b5/datanode-0/data/ratis/1d61111c-41ac-4ef4-ba45-ea9caba29208 has been successfully formatted.
2019-09-10 05:39:16,125 [pool-680-thread-1] INFO  ratis.ContainerStateMachine (ContainerStateMachine.java:loadSnapshot(230)) - group-EA9CABA29208: The snapshot info is null. Setting the last applied indexto:(t:0, i:~)
2019-09-10 05:39:16,126 [pool-680-thread-1] INFO  server.RaftServerConfigKeys (ConfUtils.java:logGet(43)) - raft.server.notification.no-leader.timeout = 120s (custom)
2019-09-10 05:39:16,126 [pool-680-thread-1] INFO  server.RaftServerConfigKeys (ConfUtils.java:logGet(43)) - raft.server.log.use.memory = false (default)
2019-09-10 05:39:16,126 [pool-680-thread-1] INFO  server.RaftServerConfigKeys (ConfUtils.java:logGet(43)) - raft.server.log.purge.gap = 1000000 (custom)
2019-09-10 05:39:16,126 [pool-680-thread-1] INFO  server.RaftServerConfigKeys (ConfUtils.java:logGet(43)) - raft.server.log.appender.buffer.byte-limit = 33554432 (custom)
2019-09-10 05:39:16,127 [pool-680-thread-1] INFO  server.RaftServerConfigKeys (ConfUtils.java:logGet(43)) - raft.server.log.segment.size.max = 1048576 (custom)
2019-09-10 05:39:16,127 [pool-680-thread-1] INFO  server.RaftServerConfigKeys (ConfUtils.java:logGet(43)) - raft.server.log.segment.cache.num.max = 2 (custom)
2019-09-10 05:39:16,127 [pool-680-thread-1] INFO  segmented.SegmentedRaftLogWorker (SegmentedRaftLogWorker.java:<init>(172)) - new 9e976c14-1eb0-4a89-8bf4-d18e531efd12@group-EA9CABA29208-SegmentedRaftLogWorker for RaftStorage:Storage Directory /workdir/hadoop-ozone/integration-test/target/test-dir/MiniOzoneClusterImpl-bea64e6c-8861-4610-b5db-527a5cfae2b5/datanode-0/data/ratis/1d61111c-41ac-4ef4-ba45-ea9caba29208
2019-09-10 05:39:16,130 [pool-680-thread-1] INFO  server.RaftServerConfigKeys (ConfUtils.java:logGet(43)) - raft.server.log.queue.byte-limit = 2147483647 (custom)
2019-09-10 05:39:16,130 [pool-680-thread-1] INFO  server.RaftServerConfigKeys (ConfUtils.java:logGet(43)) - raft.server.log.queue.element-limit = 1024 (custom)
2019-09-10 05:39:16,130 [pool-680-thread-1] INFO  server.RaftServerConfigKeys (ConfUtils.java:logGet(43)) - raft.server.log.segment.size.max = 1048576 (custom)
2019-09-10 05:39:16,130 [pool-680-thread-1] INFO  server.RaftServerConfigKeys (ConfUtils.java:logGet(43)) - raft.server.log.preallocated.size = 16384 (custom)
2019-09-10 05:39:16,130 [pool-680-thread-1] INFO  server.RaftServerConfigKeys (ConfUtils.java:logGet(43)) - raft.server.log.write.buffer.size = 33554432 (custom)
2019-09-10 05:39:16,131 [pool-680-thread-1] INFO  server.RaftServerConfigKeys (ConfUtils.java:logGet(43)) - raft.server.log.force.sync.num = 128 (default)
2019-09-10 05:39:16,131 [pool-680-thread-1] INFO  server.RaftServerConfigKeys (ConfUtils.java:logGet(43)) - raft.server.log.statemachine.data.sync = true (default)
2019-09-10 05:39:16,131 [pool-680-thread-1] INFO  server.RaftServerConfigKeys (ConfUtils.java:logGet(43)) - raft.server.log.statemachine.data.sync.timeout = 10s (default)
2019-09-10 05:39:16,131 [pool-680-thread-1] INFO  server.RaftServerConfigKeys (ConfUtils.java:logGet(43)) - raft.server.log.statemachine.data.sync.timeout.retry = -1 (default)
2019-09-10 05:39:16,131 [pool-680-thread-1] INFO  server.RaftServerConfigKeys (ConfUtils.java:logGet(43)) - raft.server.log.statemachine.data.caching.enabled = true (custom)
2019-09-10 05:39:16,132 [pool-680-thread-1] INFO  segmented.SegmentedRaftLogWorker (SegmentedRaftLogWorker.java:lambda$new$0(132)) - 9e976c14-1eb0-4a89-8bf4-d18e531efd12@group-EA9CABA29208-SegmentedRaftLogWorker: flushIndex: setUnconditionally 0 -> -1
2019-09-10 05:39:16,132 [pool-680-thread-1] INFO  server.RaftServerConfigKeys (ConfUtils.java:logGet(43)) - raft.server.snapshot.auto.trigger.enabled = true (custom)
2019-09-10 05:39:16,132 [pool-680-thread-1] INFO  server.RaftServerConfigKeys (ConfUtils.java:logGet(43)) - raft.server.snapshot.auto.trigger.threshold = 10000 (custom)
2019-09-10 05:39:16,133 [pool-680-thread-1] INFO  server.RaftServerConfigKeys (ConfUtils.java:logGet(43)) - raft.server.snapshot.retention.num.files = -1 (default)
2019-09-10 05:39:16,133 [pool-680-thread-1] INFO  server.RaftServerConfigKeys (ConfUtils.java:logGet(43)) - raft.server.retrycache.expirytime = 600000ms (custom)
2019-09-10 05:39:16,135 [pool-680-thread-1] INFO  impl.RaftServerImpl (RaftServerImpl.java:start(185)) - 9e976c14-1eb0-4a89-8bf4-d18e531efd12@group-EA9CABA29208: start as a follower, conf=-1: [9e976c14-1eb0-4a89-8bf4-d18e531efd12:192.168.36.76:35555], old=null
2019-09-10 05:39:16,135 [pool-680-thread-1] INFO  impl.RaftServerImpl (RaftServerImpl.java:setRole(174)) - 9e976c14-1eb0-4a89-8bf4-d18e531efd12@group-EA9CABA29208: changes role from      null to FOLLOWER at term 0 for startAsFollower
2019-09-10 05:39:16,135 [pool-680-thread-1] INFO  impl.RoleInfo (RoleInfo.java:updateAndGet(143)) - 9e976c14-1eb0-4a89-8bf4-d18e531efd12: start FollowerState
2019-09-10 05:39:16,136 [pool-680-thread-1] INFO  util.JmxRegister (JmxRegister.java:tryRegister(44)) - Successfully registered JMX Bean with object name Ratis:service=RaftServer,group=group-EA9CABA29208,id=9e976c14-1eb0-4a89-8bf4-d18e531efd12
2019-09-10 05:39:16,139 [RatisPipelineUtilsThread] INFO  pipeline.PipelineStateManager (PipelineStateManager.java:addPipeline(56)) - Created pipeline Pipeline[ Id: 1d61111c-41ac-4ef4-ba45-ea9caba29208, Nodes: 9e976c14-1eb0-4a89-8bf4-d18e531efd12{ip: 192.168.36.76, host: trunk-nightly-20190910-vk757-903364635, networkLocation: /default-rack, certSerialId: null}, Type:RATIS, Factor:ONE, State:OPEN]
2019-09-10 05:39:16,147 [grpc-default-executor-11] INFO  impl.RaftServerProxy (RaftServerProxy.java:addNew(89)) - e42ae758-4ea9-4f6d-8c37-d6691f5271b9: addNew group-946281E8C6AF:[e42ae758-4ea9-4f6d-8c37-d6691f5271b9:192.168.36.76:44169] returns group-946281E8C6AF:java.util.concurrent.CompletableFuture@13fe6d3a[Not completed]
2019-09-10 05:39:16,147 [pool-690-thread-1] INFO  impl.RaftServerImpl (RaftServerImpl.java:<init>(95)) - e42ae758-4ea9-4f6d-8c37-d6691f5271b9: new RaftServerImpl for group-946281E8C6AF:[e42ae758-4ea9-4f6d-8c37-d6691f5271b9:192.168.36.76:44169] with ContainerStateMachine:uninitialized
2019-09-10 05:39:16,148 [pool-690-thread-1] INFO  server.RaftServerConfigKeys (ConfUtils.java:logGet(43)) - raft.server.rpc.timeout.min = 5s (custom)
2019-09-10 05:39:16,148 [pool-690-thread-1] INFO  server.RaftServerConfigKeys (ConfUtils.java:logGet(43)) - raft.server.rpc.timeout.max = 5200ms (custom)
2019-09-10 05:39:16,148 [pool-690-thread-1] INFO  server.RaftServerConfigKeys (ConfUtils.java:logGet(43)) - raft.server.rpcslowness.timeout = 120s (custom)
2019-09-10 05:39:16,148 [pool-690-thread-1] INFO  server.RaftServerConfigKeys (ConfUtils.java:logGet(43)) - raft.server.sleep.deviation.threshold = 300 (default)
2019-09-10 05:39:16,148 [pool-690-thread-1] INFO  server.RaftServerConfigKeys (ConfUtils.java:logGet(43)) - raft.server.log.appender.install.snapshot.enabled = false (custom)
2019-09-10 05:39:16,148 [pool-690-thread-1] INFO  impl.RaftServerImpl (ServerState.java:<init>(103)) - e42ae758-4ea9-4f6d-8c37-d6691f5271b9@group-946281E8C6AF: ConfigurationManager, init=-1: [e42ae758-4ea9-4f6d-8c37-d6691f5271b9:192.168.36.76:44169], old=null, confs=<EMPTY_MAP>
2019-09-10 05:39:16,148 [pool-690-thread-1] INFO  server.RaftServerConfigKeys (ConfUtils.java:logGet(43)) - raft.server.storage.dir = [/workdir/hadoop-ozone/integration-test/target/test-dir/MiniOzoneClusterImpl-bea64e6c-8861-4610-b5db-527a5cfae2b5/datanode-1/data/ratis] (custom)
2019-09-10 05:39:16,148 [pool-690-thread-1] INFO  storage.RaftStorageDirectory (RaftStorageDirectory.java:analyzeStorage(246)) - The storage directory /workdir/hadoop-ozone/integration-test/target/test-dir/MiniOzoneClusterImpl-bea64e6c-8861-4610-b5db-527a5cfae2b5/datanode-1/data/ratis/6f4b9efb-5464-4a42-be08-946281e8c6af does not exist. Creating ...
2019-09-10 05:39:16,180 [pool-690-thread-1] INFO  storage.RaftStorageDirectory (RaftStorageDirectory.java:tryLock(328)) - Lock on /workdir/hadoop-ozone/integration-test/target/test-dir/MiniOzoneClusterImpl-bea64e6c-8861-4610-b5db-527a5cfae2b5/datanode-1/data/ratis/6f4b9efb-5464-4a42-be08-946281e8c6af/in_use.lock acquired by nodename 21943@trunk-nightly-20190910-vk757-903364635
2019-09-10 05:39:16,183 [IPC Server handler 18 on 37221] INFO  net.NetworkTopology (NetworkTopologyImpl.java:add(110)) - Added a new node: /default-rack/609ec3c0-9d0d-4099-a96c-9dbce2d5132e
2019-09-10 05:39:16,184 [IPC Server handler 18 on 37221] INFO  node.SCMNodeManager (SCMNodeManager.java:register(266)) - Registered Data node : 609ec3c0-9d0d-4099-a96c-9dbce2d5132e{ip: 192.168.36.76, host: trunk-nightly-20190910-vk757-903364635, networkLocation: /default-rack, certSerialId: null}
2019-09-10 05:39:16,195 [pool-690-thread-1] INFO  storage.RaftStorage (RaftStorage.java:format(72)) - Storage directory /workdir/hadoop-ozone/integration-test/target/test-dir/MiniOzoneClusterImpl-bea64e6c-8861-4610-b5db-527a5cfae2b5/datanode-1/data/ratis/6f4b9efb-5464-4a42-be08-946281e8c6af has been successfully formatted.
2019-09-10 05:39:16,195 [pool-690-thread-1] INFO  ratis.ContainerStateMachine (ContainerStateMachine.java:loadSnapshot(230)) - group-946281E8C6AF: The snapshot info is null. Setting the last applied indexto:(t:0, i:~)
2019-09-10 05:39:16,195 [pool-690-thread-1] INFO  server.RaftServerConfigKeys (ConfUtils.java:logGet(43)) - raft.server.notification.no-leader.timeout = 120s (custom)
2019-09-10 05:39:16,195 [pool-690-thread-1] INFO  server.RaftServerConfigKeys (ConfUtils.java:logGet(43)) - raft.server.log.use.memory = false (default)
2019-09-10 05:39:16,196 [pool-690-thread-1] INFO  server.RaftServerConfigKeys (ConfUtils.java:logGet(43)) - raft.server.log.purge.gap = 1000000 (custom)
2019-09-10 05:39:16,196 [pool-690-thread-1] INFO  server.RaftServerConfigKeys (ConfUtils.java:logGet(43)) - raft.server.log.appender.buffer.byte-limit = 33554432 (custom)
2019-09-10 05:39:16,196 [pool-690-thread-1] INFO  server.RaftServerConfigKeys (ConfUtils.java:logGet(43)) - raft.server.log.segment.size.max = 1048576 (custom)
2019-09-10 05:39:16,196 [pool-690-thread-1] INFO  server.RaftServerConfigKeys (ConfUtils.java:logGet(43)) - raft.server.log.segment.cache.num.max = 2 (custom)
2019-09-10 05:39:16,196 [pool-690-thread-1] INFO  segmented.SegmentedRaftLogWorker (SegmentedRaftLogWorker.java:<init>(172)) - new e42ae758-4ea9-4f6d-8c37-d6691f5271b9@group-946281E8C6AF-SegmentedRaftLogWorker for RaftStorage:Storage Directory /workdir/hadoop-ozone/integration-test/target/test-dir/MiniOzoneClusterImpl-bea64e6c-8861-4610-b5db-527a5cfae2b5/datanode-1/data/ratis/6f4b9efb-5464-4a42-be08-946281e8c6af
2019-09-10 05:39:16,198 [pool-690-thread-1] INFO  server.RaftServerConfigKeys (ConfUtils.java:logGet(43)) - raft.server.log.queue.byte-limit = 2147483647 (custom)
2019-09-10 05:39:16,198 [pool-690-thread-1] INFO  server.RaftServerConfigKeys (ConfUtils.java:logGet(43)) - raft.server.log.queue.element-limit = 1024 (custom)
2019-09-10 05:39:16,198 [pool-690-thread-1] INFO  server.RaftServerConfigKeys (ConfUtils.java:logGet(43)) - raft.server.log.segment.size.max = 1048576 (custom)
2019-09-10 05:39:16,198 [pool-690-thread-1] INFO  server.RaftServerConfigKeys (ConfUtils.java:logGet(43)) - raft.server.log.preallocated.size = 16384 (custom)
2019-09-10 05:39:16,198 [pool-690-thread-1] INFO  server.RaftServerConfigKeys (ConfUtils.java:logGet(43)) - raft.server.log.write.buffer.size = 33554432 (custom)
2019-09-10 05:39:16,198 [pool-690-thread-1] INFO  server.RaftServerConfigKeys (ConfUtils.java:logGet(43)) - raft.server.log.force.sync.num = 128 (default)
2019-09-10 05:39:16,198 [pool-690-thread-1] INFO  server.RaftServerConfigKeys (ConfUtils.java:logGet(43)) - raft.server.log.statemachine.data.sync = true (default)
2019-09-10 05:39:16,199 [pool-690-thread-1] INFO  server.RaftServerConfigKeys (ConfUtils.java:logGet(43)) - raft.server.log.statemachine.data.sync.timeout = 10s (default)
2019-09-10 05:39:16,199 [pool-690-thread-1] INFO  server.RaftServerConfigKeys (ConfUtils.java:logGet(43)) - raft.server.log.statemachine.data.sync.timeout.retry = -1 (default)
2019-09-10 05:39:16,199 [pool-690-thread-1] INFO  server.RaftServerConfigKeys (ConfUtils.java:logGet(43)) - raft.server.log.statemachine.data.caching.enabled = true (custom)
2019-09-10 05:39:16,199 [pool-690-thread-1] INFO  segmented.SegmentedRaftLogWorker (SegmentedRaftLogWorker.java:lambda$new$0(132)) - e42ae758-4ea9-4f6d-8c37-d6691f5271b9@group-946281E8C6AF-SegmentedRaftLogWorker: flushIndex: setUnconditionally 0 -> -1
2019-09-10 05:39:16,199 [pool-690-thread-1] INFO  server.RaftServerConfigKeys (ConfUtils.java:logGet(43)) - raft.server.snapshot.auto.trigger.enabled = true (custom)
2019-09-10 05:39:16,200 [pool-690-thread-1] INFO  server.RaftServerConfigKeys (ConfUtils.java:logGet(43)) - raft.server.snapshot.auto.trigger.threshold = 10000 (custom)
2019-09-10 05:39:16,200 [pool-690-thread-1] INFO  server.RaftServerConfigKeys (ConfUtils.java:logGet(43)) - raft.server.snapshot.retention.num.files = -1 (default)
2019-09-10 05:39:16,200 [pool-690-thread-1] INFO  server.RaftServerConfigKeys (ConfUtils.java:logGet(43)) - raft.server.retrycache.expirytime = 600000ms (custom)
2019-09-10 05:39:16,201 [pool-690-thread-1] INFO  impl.RaftServerImpl (RaftServerImpl.java:start(185)) - e42ae758-4ea9-4f6d-8c37-d6691f5271b9@group-946281E8C6AF: start as a follower, conf=-1: [e42ae758-4ea9-4f6d-8c37-d6691f5271b9:192.168.36.76:44169], old=null
2019-09-10 05:39:16,201 [pool-690-thread-1] INFO  impl.RaftServerImpl (RaftServerImpl.java:setRole(174)) - e42ae758-4ea9-4f6d-8c37-d6691f5271b9@group-946281E8C6AF: changes role from      null to FOLLOWER at term 0 for startAsFollower
2019-09-10 05:39:16,201 [pool-690-thread-1] INFO  impl.RoleInfo (RoleInfo.java:updateAndGet(143)) - e42ae758-4ea9-4f6d-8c37-d6691f5271b9: start FollowerState
2019-09-10 05:39:16,202 [pool-690-thread-1] INFO  util.JmxRegister (JmxRegister.java:tryRegister(44)) - Successfully registered JMX Bean with object name Ratis:service=RaftServer,group=group-946281E8C6AF,id=e42ae758-4ea9-4f6d-8c37-d6691f5271b9
2019-09-10 05:39:16,203 [RatisPipelineUtilsThread] INFO  pipeline.PipelineStateManager (PipelineStateManager.java:addPipeline(56)) - Created pipeline Pipeline[ Id: 6f4b9efb-5464-4a42-be08-946281e8c6af, Nodes: e42ae758-4ea9-4f6d-8c37-d6691f5271b9{ip: 192.168.36.76, host: trunk-nightly-20190910-vk757-903364635, networkLocation: /default-rack, certSerialId: null}, Type:RATIS, Factor:ONE, State:OPEN]
2019-09-10 05:39:16,211 [grpc-default-executor-11] INFO  impl.RaftServerProxy (RaftServerProxy.java:addNew(89)) - 609ec3c0-9d0d-4099-a96c-9dbce2d5132e: addNew group-6D09D1773C69:[609ec3c0-9d0d-4099-a96c-9dbce2d5132e:192.168.36.76:35964] returns group-6D09D1773C69:java.util.concurrent.CompletableFuture@142f62fe[Not completed]
2019-09-10 05:39:16,211 [pool-710-thread-1] INFO  impl.RaftServerImpl (RaftServerImpl.java:<init>(95)) - 609ec3c0-9d0d-4099-a96c-9dbce2d5132e: new RaftServerImpl for group-6D09D1773C69:[609ec3c0-9d0d-4099-a96c-9dbce2d5132e:192.168.36.76:35964] with ContainerStateMachine:uninitialized
2019-09-10 05:39:16,212 [pool-710-thread-1] INFO  server.RaftServerConfigKeys (ConfUtils.java:logGet(43)) - raft.server.rpc.timeout.min = 5s (custom)
2019-09-10 05:39:16,212 [pool-710-thread-1] INFO  server.RaftServerConfigKeys (ConfUtils.java:logGet(43)) - raft.server.rpc.timeout.max = 5200ms (custom)
2019-09-10 05:39:16,212 [pool-710-thread-1] INFO  server.RaftServerConfigKeys (ConfUtils.java:logGet(43)) - raft.server.rpcslowness.timeout = 120s (custom)
2019-09-10 05:39:16,212 [pool-710-thread-1] INFO  server.RaftServerConfigKeys (ConfUtils.java:logGet(43)) - raft.server.sleep.deviation.threshold = 300 (default)
2019-09-10 05:39:16,212 [pool-710-thread-1] INFO  server.RaftServerConfigKeys (ConfUtils.java:logGet(43)) - raft.server.log.appender.install.snapshot.enabled = false (custom)
2019-09-10 05:39:16,212 [pool-710-thread-1] INFO  impl.RaftServerImpl (ServerState.java:<init>(103)) - 609ec3c0-9d0d-4099-a96c-9dbce2d5132e@group-6D09D1773C69: ConfigurationManager, init=-1: [609ec3c0-9d0d-4099-a96c-9dbce2d5132e:192.168.36.76:35964], old=null, confs=<EMPTY_MAP>
2019-09-10 05:39:16,212 [pool-710-thread-1] INFO  server.RaftServerConfigKeys (ConfUtils.java:logGet(43)) - raft.server.storage.dir = [/workdir/hadoop-ozone/integration-test/target/test-dir/MiniOzoneClusterImpl-bea64e6c-8861-4610-b5db-527a5cfae2b5/datanode-3/data/ratis] (custom)
2019-09-10 05:39:16,212 [pool-710-thread-1] INFO  storage.RaftStorageDirectory (RaftStorageDirectory.java:analyzeStorage(246)) - The storage directory /workdir/hadoop-ozone/integration-test/target/test-dir/MiniOzoneClusterImpl-bea64e6c-8861-4610-b5db-527a5cfae2b5/datanode-3/data/ratis/496aecd8-6c02-4f21-9622-6d09d1773c69 does not exist. Creating ...
2019-09-10 05:39:16,236 [pool-710-thread-1] INFO  storage.RaftStorageDirectory (RaftStorageDirectory.java:tryLock(328)) - Lock on /workdir/hadoop-ozone/integration-test/target/test-dir/MiniOzoneClusterImpl-bea64e6c-8861-4610-b5db-527a5cfae2b5/datanode-3/data/ratis/496aecd8-6c02-4f21-9622-6d09d1773c69/in_use.lock acquired by nodename 21943@trunk-nightly-20190910-vk757-903364635
2019-09-10 05:39:16,252 [IPC Server handler 6 on 37221] INFO  net.NetworkTopology (NetworkTopologyImpl.java:add(110)) - Added a new node: /default-rack/48aec7a3-643c-4634-bc1c-f1d63eb87aec
2019-09-10 05:39:16,252 [IPC Server handler 6 on 37221] INFO  node.SCMNodeManager (SCMNodeManager.java:register(266)) - Registered Data node : 48aec7a3-643c-4634-bc1c-f1d63eb87aec{ip: 192.168.36.76, host: trunk-nightly-20190910-vk757-903364635, networkLocation: /default-rack, certSerialId: null}
2019-09-10 05:39:16,279 [pool-710-thread-1] INFO  storage.RaftStorage (RaftStorage.java:format(72)) - Storage directory /workdir/hadoop-ozone/integration-test/target/test-dir/MiniOzoneClusterImpl-bea64e6c-8861-4610-b5db-527a5cfae2b5/datanode-3/data/ratis/496aecd8-6c02-4f21-9622-6d09d1773c69 has been successfully formatted.
2019-09-10 05:39:16,279 [pool-710-thread-1] INFO  ratis.ContainerStateMachine (ContainerStateMachine.java:loadSnapshot(230)) - group-6D09D1773C69: The snapshot info is null. Setting the last applied indexto:(t:0, i:~)
2019-09-10 05:39:16,279 [pool-710-thread-1] INFO  server.RaftServerConfigKeys (ConfUtils.java:logGet(43)) - raft.server.notification.no-leader.timeout = 120s (custom)
2019-09-10 05:39:16,279 [pool-710-thread-1] INFO  server.RaftServerConfigKeys (ConfUtils.java:logGet(43)) - raft.server.log.use.memory = false (default)
2019-09-10 05:39:16,279 [pool-710-thread-1] INFO  server.RaftServerConfigKeys (ConfUtils.java:logGet(43)) - raft.server.log.purge.gap = 1000000 (custom)
2019-09-10 05:39:16,279 [pool-710-thread-1] INFO  server.RaftServerConfigKeys (ConfUtils.java:logGet(43)) - raft.server.log.appender.buffer.byte-limit = 33554432 (custom)
2019-09-10 05:39:16,280 [pool-710-thread-1] INFO  server.RaftServerConfigKeys (ConfUtils.java:logGet(43)) - raft.server.log.segment.size.max = 1048576 (custom)
2019-09-10 05:39:16,280 [pool-710-thread-1] INFO  server.RaftServerConfigKeys (ConfUtils.java:logGet(43)) - raft.server.log.segment.cache.num.max = 2 (custom)
2019-09-10 05:39:16,280 [pool-710-thread-1] INFO  segmented.SegmentedRaftLogWorker (SegmentedRaftLogWorker.java:<init>(172)) - new 609ec3c0-9d0d-4099-a96c-9dbce2d5132e@group-6D09D1773C69-SegmentedRaftLogWorker for RaftStorage:Storage Directory /workdir/hadoop-ozone/integration-test/target/test-dir/MiniOzoneClusterImpl-bea64e6c-8861-4610-b5db-527a5cfae2b5/datanode-3/data/ratis/496aecd8-6c02-4f21-9622-6d09d1773c69
2019-09-10 05:39:16,281 [pool-710-thread-1] INFO  server.RaftServerConfigKeys (ConfUtils.java:logGet(43)) - raft.server.log.queue.byte-limit = 2147483647 (custom)
2019-09-10 05:39:16,282 [pool-710-thread-1] INFO  server.RaftServerConfigKeys (ConfUtils.java:logGet(43)) - raft.server.log.queue.element-limit = 1024 (custom)
2019-09-10 05:39:16,282 [pool-710-thread-1] INFO  server.RaftServerConfigKeys (ConfUtils.java:logGet(43)) - raft.server.log.segment.size.max = 1048576 (custom)
2019-09-10 05:39:16,282 [pool-710-thread-1] INFO  server.RaftServerConfigKeys (ConfUtils.java:logGet(43)) - raft.server.log.preallocated.size = 16384 (custom)
2019-09-10 05:39:16,282 [pool-710-thread-1] INFO  server.RaftServerConfigKeys (ConfUtils.java:logGet(43)) - raft.server.log.write.buffer.size = 33554432 (custom)
2019-09-10 05:39:16,282 [pool-710-thread-1] INFO  server.RaftServerConfigKeys (ConfUtils.java:logGet(43)) - raft.server.log.force.sync.num = 128 (default)
2019-09-10 05:39:16,282 [pool-710-thread-1] INFO  server.RaftServerConfigKeys (ConfUtils.java:logGet(43)) - raft.server.log.statemachine.data.sync = true (default)
2019-09-10 05:39:16,282 [pool-710-thread-1] INFO  server.RaftServerConfigKeys (ConfUtils.java:logGet(43)) - raft.server.log.statemachine.data.sync.timeout = 10s (default)
2019-09-10 05:39:16,283 [pool-710-thread-1] INFO  server.RaftServerConfigKeys (ConfUtils.java:logGet(43)) - raft.server.log.statemachine.data.sync.timeout.retry = -1 (default)
2019-09-10 05:39:16,283 [pool-710-thread-1] INFO  server.RaftServerConfigKeys (ConfUtils.java:logGet(43)) - raft.server.log.statemachine.data.caching.enabled = true (custom)
2019-09-10 05:39:16,283 [pool-710-thread-1] INFO  segmented.SegmentedRaftLogWorker (SegmentedRaftLogWorker.java:lambda$new$0(132)) - 609ec3c0-9d0d-4099-a96c-9dbce2d5132e@group-6D09D1773C69-SegmentedRaftLogWorker: flushIndex: setUnconditionally 0 -> -1
2019-09-10 05:39:16,283 [pool-710-thread-1] INFO  server.RaftServerConfigKeys (ConfUtils.java:logGet(43)) - raft.server.snapshot.auto.trigger.enabled = true (custom)
2019-09-10 05:39:16,284 [pool-710-thread-1] INFO  server.RaftServerConfigKeys (ConfUtils.java:logGet(43)) - raft.server.snapshot.auto.trigger.threshold = 10000 (custom)
2019-09-10 05:39:16,284 [pool-710-thread-1] INFO  server.RaftServerConfigKeys (ConfUtils.java:logGet(43)) - raft.server.snapshot.retention.num.files = -1 (default)
2019-09-10 05:39:16,284 [pool-710-thread-1] INFO  server.RaftServerConfigKeys (ConfUtils.java:logGet(43)) - raft.server.retrycache.expirytime = 600000ms (custom)
2019-09-10 05:39:16,286 [pool-710-thread-1] INFO  impl.RaftServerImpl (RaftServerImpl.java:start(185)) - 609ec3c0-9d0d-4099-a96c-9dbce2d5132e@group-6D09D1773C69: start as a follower, conf=-1: [609ec3c0-9d0d-4099-a96c-9dbce2d5132e:192.168.36.76:35964], old=null
2019-09-10 05:39:16,286 [pool-710-thread-1] INFO  impl.RaftServerImpl (RaftServerImpl.java:setRole(174)) - 609ec3c0-9d0d-4099-a96c-9dbce2d5132e@group-6D09D1773C69: changes role from      null to FOLLOWER at term 0 for startAsFollower
2019-09-10 05:39:16,286 [pool-710-thread-1] INFO  impl.RoleInfo (RoleInfo.java:updateAndGet(143)) - 609ec3c0-9d0d-4099-a96c-9dbce2d5132e: start FollowerState
2019-09-10 05:39:16,287 [pool-710-thread-1] INFO  util.JmxRegister (JmxRegister.java:tryRegister(44)) - Successfully registered JMX Bean with object name Ratis:service=RaftServer,group=group-6D09D1773C69,id=609ec3c0-9d0d-4099-a96c-9dbce2d5132e
2019-09-10 05:39:16,288 [RatisPipelineUtilsThread] INFO  pipeline.PipelineStateManager (PipelineStateManager.java:addPipeline(56)) - Created pipeline Pipeline[ Id: 496aecd8-6c02-4f21-9622-6d09d1773c69, Nodes: 609ec3c0-9d0d-4099-a96c-9dbce2d5132e{ip: 192.168.36.76, host: trunk-nightly-20190910-vk757-903364635, networkLocation: /default-rack, certSerialId: null}, Type:RATIS, Factor:ONE, State:OPEN]
2019-09-10 05:39:16,296 [grpc-default-executor-11] INFO  impl.RaftServerProxy (RaftServerProxy.java:addNew(89)) - 48aec7a3-643c-4634-bc1c-f1d63eb87aec: addNew group-5E2DE17D801F:[48aec7a3-643c-4634-bc1c-f1d63eb87aec:192.168.36.76:37975] returns group-5E2DE17D801F:java.util.concurrent.CompletableFuture@2c5d70e7[Not completed]
2019-09-10 05:39:16,297 [pool-720-thread-1] INFO  impl.RaftServerImpl (RaftServerImpl.java:<init>(95)) - 48aec7a3-643c-4634-bc1c-f1d63eb87aec: new RaftServerImpl for group-5E2DE17D801F:[48aec7a3-643c-4634-bc1c-f1d63eb87aec:192.168.36.76:37975] with ContainerStateMachine:uninitialized
2019-09-10 05:39:16,297 [pool-720-thread-1] INFO  server.RaftServerConfigKeys (ConfUtils.java:logGet(43)) - raft.server.rpc.timeout.min = 5s (custom)
2019-09-10 05:39:16,297 [pool-720-thread-1] INFO  server.RaftServerConfigKeys (ConfUtils.java:logGet(43)) - raft.server.rpc.timeout.max = 5200ms (custom)
2019-09-10 05:39:16,298 [pool-720-thread-1] INFO  server.RaftServerConfigKeys (ConfUtils.java:logGet(43)) - raft.server.rpcslowness.timeout = 120s (custom)
2019-09-10 05:39:16,298 [pool-720-thread-1] INFO  server.RaftServerConfigKeys (ConfUtils.java:logGet(43)) - raft.server.sleep.deviation.threshold = 300 (default)
2019-09-10 05:39:16,298 [pool-720-thread-1] INFO  server.RaftServerConfigKeys (ConfUtils.java:logGet(43)) - raft.server.log.appender.install.snapshot.enabled = false (custom)
2019-09-10 05:39:16,298 [pool-720-thread-1] INFO  impl.RaftServerImpl (ServerState.java:<init>(103)) - 48aec7a3-643c-4634-bc1c-f1d63eb87aec@group-5E2DE17D801F: ConfigurationManager, init=-1: [48aec7a3-643c-4634-bc1c-f1d63eb87aec:192.168.36.76:37975], old=null, confs=<EMPTY_MAP>
2019-09-10 05:39:16,298 [pool-720-thread-1] INFO  server.RaftServerConfigKeys (ConfUtils.java:logGet(43)) - raft.server.storage.dir = [/workdir/hadoop-ozone/integration-test/target/test-dir/MiniOzoneClusterImpl-bea64e6c-8861-4610-b5db-527a5cfae2b5/datanode-4/data/ratis] (custom)
2019-09-10 05:39:16,298 [pool-720-thread-1] INFO  storage.RaftStorageDirectory (RaftStorageDirectory.java:analyzeStorage(246)) - The storage directory /workdir/hadoop-ozone/integration-test/target/test-dir/MiniOzoneClusterImpl-bea64e6c-8861-4610-b5db-527a5cfae2b5/datanode-4/data/ratis/39dbffa8-14bb-4b51-9bea-5e2de17d801f does not exist. Creating ...
2019-09-10 05:39:16,317 [IPC Server handler 17 on 37221] INFO  net.NetworkTopology (NetworkTopologyImpl.java:add(110)) - Added a new node: /default-rack/5b3d6723-2425-464a-a9e3-6f5bc8440fc1
2019-09-10 05:39:16,317 [IPC Server handler 17 on 37221] INFO  node.SCMNodeManager (SCMNodeManager.java:register(266)) - Registered Data node : 5b3d6723-2425-464a-a9e3-6f5bc8440fc1{ip: 192.168.36.76, host: trunk-nightly-20190910-vk757-903364635, networkLocation: /default-rack, certSerialId: null}
2019-09-10 05:39:16,331 [pool-720-thread-1] INFO  storage.RaftStorageDirectory (RaftStorageDirectory.java:tryLock(328)) - Lock on /workdir/hadoop-ozone/integration-test/target/test-dir/MiniOzoneClusterImpl-bea64e6c-8861-4610-b5db-527a5cfae2b5/datanode-4/data/ratis/39dbffa8-14bb-4b51-9bea-5e2de17d801f/in_use.lock acquired by nodename 21943@trunk-nightly-20190910-vk757-903364635
2019-09-10 05:39:16,373 [pool-720-thread-1] INFO  storage.RaftStorage (RaftStorage.java:format(72)) - Storage directory /workdir/hadoop-ozone/integration-test/target/test-dir/MiniOzoneClusterImpl-bea64e6c-8861-4610-b5db-527a5cfae2b5/datanode-4/data/ratis/39dbffa8-14bb-4b51-9bea-5e2de17d801f has been successfully formatted.
2019-09-10 05:39:16,373 [IPC Server handler 15 on 37221] INFO  net.NetworkTopology (NetworkTopologyImpl.java:add(110)) - Added a new node: /default-rack/bce8a7d4-8dd0-462c-884e-e9994e0d492a
2019-09-10 05:39:16,373 [pool-720-thread-1] INFO  ratis.ContainerStateMachine (ContainerStateMachine.java:loadSnapshot(230)) - group-5E2DE17D801F: The snapshot info is null. Setting the last applied indexto:(t:0, i:~)
2019-09-10 05:39:16,373 [IPC Server handler 15 on 37221] INFO  node.SCMNodeManager (SCMNodeManager.java:register(266)) - Registered Data node : bce8a7d4-8dd0-462c-884e-e9994e0d492a{ip: 192.168.36.76, host: trunk-nightly-20190910-vk757-903364635, networkLocation: /default-rack, certSerialId: null}
2019-09-10 05:39:16,373 [pool-720-thread-1] INFO  server.RaftServerConfigKeys (ConfUtils.java:logGet(43)) - raft.server.notification.no-leader.timeout = 120s (custom)
2019-09-10 05:39:16,373 [pool-720-thread-1] INFO  server.RaftServerConfigKeys (ConfUtils.java:logGet(43)) - raft.server.log.use.memory = false (default)
2019-09-10 05:39:16,374 [pool-720-thread-1] INFO  server.RaftServerConfigKeys (ConfUtils.java:logGet(43)) - raft.server.log.purge.gap = 1000000 (custom)
2019-09-10 05:39:16,374 [pool-720-thread-1] INFO  server.RaftServerConfigKeys (ConfUtils.java:logGet(43)) - raft.server.log.appender.buffer.byte-limit = 33554432 (custom)
2019-09-10 05:39:16,374 [pool-720-thread-1] INFO  server.RaftServerConfigKeys (ConfUtils.java:logGet(43)) - raft.server.log.segment.size.max = 1048576 (custom)
2019-09-10 05:39:16,374 [pool-720-thread-1] INFO  server.RaftServerConfigKeys (ConfUtils.java:logGet(43)) - raft.server.log.segment.cache.num.max = 2 (custom)
2019-09-10 05:39:16,374 [pool-720-thread-1] INFO  segmented.SegmentedRaftLogWorker (SegmentedRaftLogWorker.java:<init>(172)) - new 48aec7a3-643c-4634-bc1c-f1d63eb87aec@group-5E2DE17D801F-SegmentedRaftLogWorker for RaftStorage:Storage Directory /workdir/hadoop-ozone/integration-test/target/test-dir/MiniOzoneClusterImpl-bea64e6c-8861-4610-b5db-527a5cfae2b5/datanode-4/data/ratis/39dbffa8-14bb-4b51-9bea-5e2de17d801f
2019-09-10 05:39:16,376 [pool-720-thread-1] INFO  server.RaftServerConfigKeys (ConfUtils.java:logGet(43)) - raft.server.log.queue.byte-limit = 2147483647 (custom)
2019-09-10 05:39:16,376 [pool-720-thread-1] INFO  server.RaftServerConfigKeys (ConfUtils.java:logGet(43)) - raft.server.log.queue.element-limit = 1024 (custom)
2019-09-10 05:39:16,376 [pool-720-thread-1] INFO  server.RaftServerConfigKeys (ConfUtils.java:logGet(43)) - raft.server.log.segment.size.max = 1048576 (custom)
2019-09-10 05:39:16,376 [pool-720-thread-1] INFO  server.RaftServerConfigKeys (ConfUtils.java:logGet(43)) - raft.server.log.preallocated.size = 16384 (custom)
2019-09-10 05:39:16,376 [pool-720-thread-1] INFO  server.RaftServerConfigKeys (ConfUtils.java:logGet(43)) - raft.server.log.write.buffer.size = 33554432 (custom)
2019-09-10 05:39:16,376 [pool-720-thread-1] INFO  server.RaftServerConfigKeys (ConfUtils.java:logGet(43)) - raft.server.log.force.sync.num = 128 (default)
2019-09-10 05:39:16,376 [pool-720-thread-1] INFO  server.RaftServerConfigKeys (ConfUtils.java:logGet(43)) - raft.server.log.statemachine.data.sync = true (default)
2019-09-10 05:39:16,377 [pool-720-thread-1] INFO  server.RaftServerConfigKeys (ConfUtils.java:logGet(43)) - raft.server.log.statemachine.data.sync.timeout = 10s (default)
2019-09-10 05:39:16,377 [pool-720-thread-1] INFO  server.RaftServerConfigKeys (ConfUtils.java:logGet(43)) - raft.server.log.statemachine.data.sync.timeout.retry = -1 (default)
2019-09-10 05:39:16,377 [pool-720-thread-1] INFO  server.RaftServerConfigKeys (ConfUtils.java:logGet(43)) - raft.server.log.statemachine.data.caching.enabled = true (custom)
2019-09-10 05:39:16,377 [pool-720-thread-1] INFO  segmented.SegmentedRaftLogWorker (SegmentedRaftLogWorker.java:lambda$new$0(132)) - 48aec7a3-643c-4634-bc1c-f1d63eb87aec@group-5E2DE17D801F-SegmentedRaftLogWorker: flushIndex: setUnconditionally 0 -> -1
2019-09-10 05:39:16,378 [pool-720-thread-1] INFO  server.RaftServerConfigKeys (ConfUtils.java:logGet(43)) - raft.server.snapshot.auto.trigger.enabled = true (custom)
2019-09-10 05:39:16,378 [pool-720-thread-1] INFO  server.RaftServerConfigKeys (ConfUtils.java:logGet(43)) - raft.server.snapshot.auto.trigger.threshold = 10000 (custom)
2019-09-10 05:39:16,378 [pool-720-thread-1] INFO  server.RaftServerConfigKeys (ConfUtils.java:logGet(43)) - raft.server.snapshot.retention.num.files = -1 (default)
2019-09-10 05:39:16,378 [pool-720-thread-1] INFO  server.RaftServerConfigKeys (ConfUtils.java:logGet(43)) - raft.server.retrycache.expirytime = 600000ms (custom)
2019-09-10 05:39:16,378 [main] INFO  ozone.MiniOzoneClusterImpl (MiniOzoneClusterImpl.java:lambda$waitForClusterToBeReady$0(140)) - Cluster is ready. Got 7 of 7 DN Heartbeats.
2019-09-10 05:39:16,380 [pool-720-thread-1] INFO  impl.RaftServerImpl (RaftServerImpl.java:start(185)) - 48aec7a3-643c-4634-bc1c-f1d63eb87aec@group-5E2DE17D801F: start as a follower, conf=-1: [48aec7a3-643c-4634-bc1c-f1d63eb87aec:192.168.36.76:37975], old=null
2019-09-10 05:39:16,380 [pool-720-thread-1] INFO  impl.RaftServerImpl (RaftServerImpl.java:setRole(174)) - 48aec7a3-643c-4634-bc1c-f1d63eb87aec@group-5E2DE17D801F: changes role from      null to FOLLOWER at term 0 for startAsFollower
2019-09-10 05:39:16,380 [pool-720-thread-1] INFO  impl.RoleInfo (RoleInfo.java:updateAndGet(143)) - 48aec7a3-643c-4634-bc1c-f1d63eb87aec: start FollowerState
2019-09-10 05:39:16,380 [pool-720-thread-1] INFO  util.JmxRegister (JmxRegister.java:tryRegister(44)) - Successfully registered JMX Bean with object name Ratis:service=RaftServer,group=group-5E2DE17D801F,id=48aec7a3-643c-4634-bc1c-f1d63eb87aec
2019-09-10 05:39:16,414 [RatisPipelineUtilsThread] INFO  pipeline.PipelineStateManager (PipelineStateManager.java:addPipeline(56)) - Created pipeline Pipeline[ Id: 39dbffa8-14bb-4b51-9bea-5e2de17d801f, Nodes: 48aec7a3-643c-4634-bc1c-f1d63eb87aec{ip: 192.168.36.76, host: trunk-nightly-20190910-vk757-903364635, networkLocation: /default-rack, certSerialId: null}, Type:RATIS, Factor:ONE, State:OPEN]
2019-09-10 05:39:16,422 [grpc-default-executor-11] INFO  impl.RaftServerProxy (RaftServerProxy.java:addNew(89)) - bce8a7d4-8dd0-462c-884e-e9994e0d492a: addNew group-F60B237F9545:[bce8a7d4-8dd0-462c-884e-e9994e0d492a:192.168.36.76:41181] returns group-F60B237F9545:java.util.concurrent.CompletableFuture@3c3103ea[Not completed]
2019-09-10 05:39:16,441 [pool-740-thread-1] INFO  impl.RaftServerImpl (RaftServerImpl.java:<init>(95)) - bce8a7d4-8dd0-462c-884e-e9994e0d492a: new RaftServerImpl for group-F60B237F9545:[bce8a7d4-8dd0-462c-884e-e9994e0d492a:192.168.36.76:41181] with ContainerStateMachine:uninitialized
2019-09-10 05:39:16,442 [pool-740-thread-1] INFO  server.RaftServerConfigKeys (ConfUtils.java:logGet(43)) - raft.server.rpc.timeout.min = 5s (custom)
2019-09-10 05:39:16,442 [pool-740-thread-1] INFO  server.RaftServerConfigKeys (ConfUtils.java:logGet(43)) - raft.server.rpc.timeout.max = 5200ms (custom)
2019-09-10 05:39:16,442 [pool-740-thread-1] INFO  server.RaftServerConfigKeys (ConfUtils.java:logGet(43)) - raft.server.rpcslowness.timeout = 120s (custom)
2019-09-10 05:39:16,442 [pool-740-thread-1] INFO  server.RaftServerConfigKeys (ConfUtils.java:logGet(43)) - raft.server.sleep.deviation.threshold = 300 (default)
2019-09-10 05:39:16,442 [pool-740-thread-1] INFO  server.RaftServerConfigKeys (ConfUtils.java:logGet(43)) - raft.server.log.appender.install.snapshot.enabled = false (custom)
2019-09-10 05:39:16,442 [pool-740-thread-1] INFO  impl.RaftServerImpl (ServerState.java:<init>(103)) - bce8a7d4-8dd0-462c-884e-e9994e0d492a@group-F60B237F9545: ConfigurationManager, init=-1: [bce8a7d4-8dd0-462c-884e-e9994e0d492a:192.168.36.76:41181], old=null, confs=<EMPTY_MAP>
2019-09-10 05:39:16,442 [pool-740-thread-1] INFO  server.RaftServerConfigKeys (ConfUtils.java:logGet(43)) - raft.server.storage.dir = [/workdir/hadoop-ozone/integration-test/target/test-dir/MiniOzoneClusterImpl-bea64e6c-8861-4610-b5db-527a5cfae2b5/datanode-6/data/ratis] (custom)
2019-09-10 05:39:16,442 [pool-740-thread-1] INFO  storage.RaftStorageDirectory (RaftStorageDirectory.java:analyzeStorage(246)) - The storage directory /workdir/hadoop-ozone/integration-test/target/test-dir/MiniOzoneClusterImpl-bea64e6c-8861-4610-b5db-527a5cfae2b5/datanode-6/data/ratis/2ef98211-e685-422f-9d05-f60b237f9545 does not exist. Creating ...
2019-09-10 05:39:16,466 [main] INFO  rpc.RpcClient (RpcClient.java:createVolume(298)) - Creating Volume: testblockoutputstream, with jenkins1000 as owner.
2019-09-10 05:39:16,472 [IPC Server handler 3 on 43940] INFO  volume.OMVolumeCreateRequest (OMVolumeCreateRequest.java:validateAndUpdateCache(189)) - created volume:testblockoutputstream for user:jenkins1000
2019-09-10 05:39:16,473 [pool-740-thread-1] INFO  storage.RaftStorageDirectory (RaftStorageDirectory.java:tryLock(328)) - Lock on /workdir/hadoop-ozone/integration-test/target/test-dir/MiniOzoneClusterImpl-bea64e6c-8861-4610-b5db-527a5cfae2b5/datanode-6/data/ratis/2ef98211-e685-422f-9d05-f60b237f9545/in_use.lock acquired by nodename 21943@trunk-nightly-20190910-vk757-903364635
2019-09-10 05:39:16,495 [main] INFO  rpc.RpcClient (RpcClient.java:createBucket(437)) - Creating Bucket: testblockoutputstream/testblockoutputstream, with Versioning false and Storage Type set to DISK and Encryption set to false 
2019-09-10 05:39:16,500 [pool-740-thread-1] INFO  storage.RaftStorage (RaftStorage.java:format(72)) - Storage directory /workdir/hadoop-ozone/integration-test/target/test-dir/MiniOzoneClusterImpl-bea64e6c-8861-4610-b5db-527a5cfae2b5/datanode-6/data/ratis/2ef98211-e685-422f-9d05-f60b237f9545 has been successfully formatted.
2019-09-10 05:39:16,500 [pool-740-thread-1] INFO  ratis.ContainerStateMachine (ContainerStateMachine.java:loadSnapshot(230)) - group-F60B237F9545: The snapshot info is null. Setting the last applied indexto:(t:0, i:~)
2019-09-10 05:39:16,500 [pool-740-thread-1] INFO  server.RaftServerConfigKeys (ConfUtils.java:logGet(43)) - raft.server.notification.no-leader.timeout = 120s (custom)
2019-09-10 05:39:16,500 [pool-740-thread-1] INFO  server.RaftServerConfigKeys (ConfUtils.java:logGet(43)) - raft.server.log.use.memory = false (default)
2019-09-10 05:39:16,500 [pool-740-thread-1] INFO  server.RaftServerConfigKeys (ConfUtils.java:logGet(43)) - raft.server.log.purge.gap = 1000000 (custom)
2019-09-10 05:39:16,503 [pool-740-thread-1] INFO  server.RaftServerConfigKeys (ConfUtils.java:logGet(43)) - raft.server.log.appender.buffer.byte-limit = 33554432 (custom)
2019-09-10 05:39:16,505 [pool-740-thread-1] INFO  server.RaftServerConfigKeys (ConfUtils.java:logGet(43)) - raft.server.log.segment.size.max = 1048576 (custom)
2019-09-10 05:39:16,506 [pool-740-thread-1] INFO  server.RaftServerConfigKeys (ConfUtils.java:logGet(43)) - raft.server.log.segment.cache.num.max = 2 (custom)
2019-09-10 05:39:16,506 [pool-740-thread-1] INFO  segmented.SegmentedRaftLogWorker (SegmentedRaftLogWorker.java:<init>(172)) - new bce8a7d4-8dd0-462c-884e-e9994e0d492a@group-F60B237F9545-SegmentedRaftLogWorker for RaftStorage:Storage Directory /workdir/hadoop-ozone/integration-test/target/test-dir/MiniOzoneClusterImpl-bea64e6c-8861-4610-b5db-527a5cfae2b5/datanode-6/data/ratis/2ef98211-e685-422f-9d05-f60b237f9545
2019-09-10 05:39:16,507 [pool-740-thread-1] INFO  server.RaftServerConfigKeys (ConfUtils.java:logGet(43)) - raft.server.log.queue.byte-limit = 2147483647 (custom)
2019-09-10 05:39:16,507 [pool-740-thread-1] INFO  server.RaftServerConfigKeys (ConfUtils.java:logGet(43)) - raft.server.log.queue.element-limit = 1024 (custom)
2019-09-10 05:39:16,508 [pool-740-thread-1] INFO  server.RaftServerConfigKeys (ConfUtils.java:logGet(43)) - raft.server.log.segment.size.max = 1048576 (custom)
2019-09-10 05:39:16,508 [pool-740-thread-1] INFO  server.RaftServerConfigKeys (ConfUtils.java:logGet(43)) - raft.server.log.preallocated.size = 16384 (custom)
2019-09-10 05:39:16,508 [pool-740-thread-1] INFO  server.RaftServerConfigKeys (ConfUtils.java:logGet(43)) - raft.server.log.write.buffer.size = 33554432 (custom)
2019-09-10 05:39:16,508 [pool-740-thread-1] INFO  server.RaftServerConfigKeys (ConfUtils.java:logGet(43)) - raft.server.log.force.sync.num = 128 (default)
2019-09-10 05:39:16,508 [pool-740-thread-1] INFO  server.RaftServerConfigKeys (ConfUtils.java:logGet(43)) - raft.server.log.statemachine.data.sync = true (default)
2019-09-10 05:39:16,508 [pool-740-thread-1] INFO  server.RaftServerConfigKeys (ConfUtils.java:logGet(43)) - raft.server.log.statemachine.data.sync.timeout = 10s (default)
2019-09-10 05:39:16,508 [pool-740-thread-1] INFO  server.RaftServerConfigKeys (ConfUtils.java:logGet(43)) - raft.server.log.statemachine.data.sync.timeout.retry = -1 (default)
2019-09-10 05:39:16,508 [pool-740-thread-1] INFO  server.RaftServerConfigKeys (ConfUtils.java:logGet(43)) - raft.server.log.statemachine.data.caching.enabled = true (custom)
2019-09-10 05:39:16,509 [pool-740-thread-1] INFO  segmented.SegmentedRaftLogWorker (SegmentedRaftLogWorker.java:lambda$new$0(132)) - bce8a7d4-8dd0-462c-884e-e9994e0d492a@group-F60B237F9545-SegmentedRaftLogWorker: flushIndex: setUnconditionally 0 -> -1
2019-09-10 05:39:16,509 [pool-740-thread-1] INFO  server.RaftServerConfigKeys (ConfUtils.java:logGet(43)) - raft.server.snapshot.auto.trigger.enabled = true (custom)
2019-09-10 05:39:16,509 [pool-740-thread-1] INFO  server.RaftServerConfigKeys (ConfUtils.java:logGet(43)) - raft.server.snapshot.auto.trigger.threshold = 10000 (custom)
2019-09-10 05:39:16,509 [pool-740-thread-1] INFO  server.RaftServerConfigKeys (ConfUtils.java:logGet(43)) - raft.server.snapshot.retention.num.files = -1 (default)
2019-09-10 05:39:16,509 [pool-740-thread-1] INFO  server.RaftServerConfigKeys (ConfUtils.java:logGet(43)) - raft.server.retrycache.expirytime = 600000ms (custom)
2019-09-10 05:39:16,510 [pool-740-thread-1] INFO  impl.RaftServerImpl (RaftServerImpl.java:start(185)) - bce8a7d4-8dd0-462c-884e-e9994e0d492a@group-F60B237F9545: start as a follower, conf=-1: [bce8a7d4-8dd0-462c-884e-e9994e0d492a:192.168.36.76:41181], old=null
2019-09-10 05:39:16,511 [pool-740-thread-1] INFO  impl.RaftServerImpl (RaftServerImpl.java:setRole(174)) - bce8a7d4-8dd0-462c-884e-e9994e0d492a@group-F60B237F9545: changes role from      null to FOLLOWER at term 0 for startAsFollower
2019-09-10 05:39:16,511 [pool-740-thread-1] INFO  impl.RoleInfo (RoleInfo.java:updateAndGet(143)) - bce8a7d4-8dd0-462c-884e-e9994e0d492a: start FollowerState
2019-09-10 05:39:16,511 [pool-740-thread-1] INFO  util.JmxRegister (JmxRegister.java:tryRegister(44)) - Successfully registered JMX Bean with object name Ratis:service=RaftServer,group=group-F60B237F9545,id=bce8a7d4-8dd0-462c-884e-e9994e0d492a
2019-09-10 05:39:16,513 [RatisPipelineUtilsThread] INFO  pipeline.PipelineStateManager (PipelineStateManager.java:addPipeline(56)) - Created pipeline Pipeline[ Id: 2ef98211-e685-422f-9d05-f60b237f9545, Nodes: bce8a7d4-8dd0-462c-884e-e9994e0d492a{ip: 192.168.36.76, host: trunk-nightly-20190910-vk757-903364635, networkLocation: /default-rack, certSerialId: null}, Type:RATIS, Factor:ONE, State:OPEN]
2019-09-10 05:39:16,518 [grpc-default-executor-11] INFO  impl.RaftServerProxy (RaftServerProxy.java:addNew(89)) - e9710f5a-4540-4253-93a1-96ebbace2ee0: addNew group-625F5230EC8F:[e9710f5a-4540-4253-93a1-96ebbace2ee0:192.168.36.76:37127] returns group-625F5230EC8F:java.util.concurrent.CompletableFuture@403c1cd[Not completed]
2019-09-10 05:39:16,520 [pool-700-thread-1] INFO  impl.RaftServerImpl (RaftServerImpl.java:<init>(95)) - e9710f5a-4540-4253-93a1-96ebbace2ee0: new RaftServerImpl for group-625F5230EC8F:[e9710f5a-4540-4253-93a1-96ebbace2ee0:192.168.36.76:37127] with ContainerStateMachine:uninitialized
2019-09-10 05:39:16,520 [pool-700-thread-1] INFO  server.RaftServerConfigKeys (ConfUtils.java:logGet(43)) - raft.server.rpc.timeout.min = 5s (custom)
2019-09-10 05:39:16,520 [pool-700-thread-1] INFO  server.RaftServerConfigKeys (ConfUtils.java:logGet(43)) - raft.server.rpc.timeout.max = 5200ms (custom)
2019-09-10 05:39:16,521 [pool-700-thread-1] INFO  server.RaftServerConfigKeys (ConfUtils.java:logGet(43)) - raft.server.rpcslowness.timeout = 120s (custom)
2019-09-10 05:39:16,521 [pool-700-thread-1] INFO  server.RaftServerConfigKeys (ConfUtils.java:logGet(43)) - raft.server.sleep.deviation.threshold = 300 (default)
2019-09-10 05:39:16,521 [pool-700-thread-1] INFO  server.RaftServerConfigKeys (ConfUtils.java:logGet(43)) - raft.server.log.appender.install.snapshot.enabled = false (custom)
2019-09-10 05:39:16,521 [pool-700-thread-1] INFO  impl.RaftServerImpl (ServerState.java:<init>(103)) - e9710f5a-4540-4253-93a1-96ebbace2ee0@group-625F5230EC8F: ConfigurationManager, init=-1: [e9710f5a-4540-4253-93a1-96ebbace2ee0:192.168.36.76:37127], old=null, confs=<EMPTY_MAP>
2019-09-10 05:39:16,521 [pool-700-thread-1] INFO  server.RaftServerConfigKeys (ConfUtils.java:logGet(43)) - raft.server.storage.dir = [/workdir/hadoop-ozone/integration-test/target/test-dir/MiniOzoneClusterImpl-bea64e6c-8861-4610-b5db-527a5cfae2b5/datanode-2/data/ratis] (custom)
2019-09-10 05:39:16,521 [pool-700-thread-1] INFO  storage.RaftStorageDirectory (RaftStorageDirectory.java:analyzeStorage(246)) - The storage directory /workdir/hadoop-ozone/integration-test/target/test-dir/MiniOzoneClusterImpl-bea64e6c-8861-4610-b5db-527a5cfae2b5/datanode-2/data/ratis/2c51ce17-c791-41c9-a0c2-625f5230ec8f does not exist. Creating ...
2019-09-10 05:39:16,534 [pool-700-thread-1] INFO  storage.RaftStorageDirectory (RaftStorageDirectory.java:tryLock(328)) - Lock on /workdir/hadoop-ozone/integration-test/target/test-dir/MiniOzoneClusterImpl-bea64e6c-8861-4610-b5db-527a5cfae2b5/datanode-2/data/ratis/2c51ce17-c791-41c9-a0c2-625f5230ec8f/in_use.lock acquired by nodename 21943@trunk-nightly-20190910-vk757-903364635
2019-09-10 05:39:16,547 [pool-700-thread-1] INFO  storage.RaftStorage (RaftStorage.java:format(72)) - Storage directory /workdir/hadoop-ozone/integration-test/target/test-dir/MiniOzoneClusterImpl-bea64e6c-8861-4610-b5db-527a5cfae2b5/datanode-2/data/ratis/2c51ce17-c791-41c9-a0c2-625f5230ec8f has been successfully formatted.
2019-09-10 05:39:16,547 [pool-700-thread-1] INFO  ratis.ContainerStateMachine (ContainerStateMachine.java:loadSnapshot(230)) - group-625F5230EC8F: The snapshot info is null. Setting the last applied indexto:(t:0, i:~)
2019-09-10 05:39:16,547 [pool-700-thread-1] INFO  server.RaftServerConfigKeys (ConfUtils.java:logGet(43)) - raft.server.notification.no-leader.timeout = 120s (custom)
2019-09-10 05:39:16,547 [pool-700-thread-1] INFO  server.RaftServerConfigKeys (ConfUtils.java:logGet(43)) - raft.server.log.use.memory = false (default)
2019-09-10 05:39:16,547 [pool-700-thread-1] INFO  server.RaftServerConfigKeys (ConfUtils.java:logGet(43)) - raft.server.log.purge.gap = 1000000 (custom)
2019-09-10 05:39:16,548 [pool-700-thread-1] INFO  server.RaftServerConfigKeys (ConfUtils.java:logGet(43)) - raft.server.log.appender.buffer.byte-limit = 33554432 (custom)
2019-09-10 05:39:16,548 [pool-700-thread-1] INFO  server.RaftServerConfigKeys (ConfUtils.java:logGet(43)) - raft.server.log.segment.size.max = 1048576 (custom)
2019-09-10 05:39:16,548 [pool-700-thread-1] INFO  server.RaftServerConfigKeys (ConfUtils.java:logGet(43)) - raft.server.log.segment.cache.num.max = 2 (custom)
2019-09-10 05:39:16,548 [pool-700-thread-1] INFO  segmented.SegmentedRaftLogWorker (SegmentedRaftLogWorker.java:<init>(172)) - new e9710f5a-4540-4253-93a1-96ebbace2ee0@group-625F5230EC8F-SegmentedRaftLogWorker for RaftStorage:Storage Directory /workdir/hadoop-ozone/integration-test/target/test-dir/MiniOzoneClusterImpl-bea64e6c-8861-4610-b5db-527a5cfae2b5/datanode-2/data/ratis/2c51ce17-c791-41c9-a0c2-625f5230ec8f
2019-09-10 05:39:16,549 [pool-700-thread-1] INFO  server.RaftServerConfigKeys (ConfUtils.java:logGet(43)) - raft.server.log.queue.byte-limit = 2147483647 (custom)
2019-09-10 05:39:16,549 [pool-700-thread-1] INFO  server.RaftServerConfigKeys (ConfUtils.java:logGet(43)) - raft.server.log.queue.element-limit = 1024 (custom)
2019-09-10 05:39:16,549 [pool-700-thread-1] INFO  server.RaftServerConfigKeys (ConfUtils.java:logGet(43)) - raft.server.log.segment.size.max = 1048576 (custom)
2019-09-10 05:39:16,549 [pool-700-thread-1] INFO  server.RaftServerConfigKeys (ConfUtils.java:logGet(43)) - raft.server.log.preallocated.size = 16384 (custom)
2019-09-10 05:39:16,549 [pool-700-thread-1] INFO  server.RaftServerConfigKeys (ConfUtils.java:logGet(43)) - raft.server.log.write.buffer.size = 33554432 (custom)
2019-09-10 05:39:16,550 [pool-700-thread-1] INFO  server.RaftServerConfigKeys (ConfUtils.java:logGet(43)) - raft.server.log.force.sync.num = 128 (default)
2019-09-10 05:39:16,550 [pool-700-thread-1] INFO  server.RaftServerConfigKeys (ConfUtils.java:logGet(43)) - raft.server.log.statemachine.data.sync = true (default)
2019-09-10 05:39:16,550 [pool-700-thread-1] INFO  server.RaftServerConfigKeys (ConfUtils.java:logGet(43)) - raft.server.log.statemachine.data.sync.timeout = 10s (default)
2019-09-10 05:39:16,550 [pool-700-thread-1] INFO  server.RaftServerConfigKeys (ConfUtils.java:logGet(43)) - raft.server.log.statemachine.data.sync.timeout.retry = -1 (default)
2019-09-10 05:39:16,550 [pool-700-thread-1] INFO  server.RaftServerConfigKeys (ConfUtils.java:logGet(43)) - raft.server.log.statemachine.data.caching.enabled = true (custom)
2019-09-10 05:39:16,550 [pool-700-thread-1] INFO  segmented.SegmentedRaftLogWorker (SegmentedRaftLogWorker.java:lambda$new$0(132)) - e9710f5a-4540-4253-93a1-96ebbace2ee0@group-625F5230EC8F-SegmentedRaftLogWorker: flushIndex: setUnconditionally 0 -> -1
2019-09-10 05:39:16,550 [pool-700-thread-1] INFO  server.RaftServerConfigKeys (ConfUtils.java:logGet(43)) - raft.server.snapshot.auto.trigger.enabled = true (custom)
2019-09-10 05:39:16,551 [pool-700-thread-1] INFO  server.RaftServerConfigKeys (ConfUtils.java:logGet(43)) - raft.server.snapshot.auto.trigger.threshold = 10000 (custom)
2019-09-10 05:39:16,551 [pool-700-thread-1] INFO  server.RaftServerConfigKeys (ConfUtils.java:logGet(43)) - raft.server.snapshot.retention.num.files = -1 (default)
2019-09-10 05:39:16,551 [pool-700-thread-1] INFO  server.RaftServerConfigKeys (ConfUtils.java:logGet(43)) - raft.server.retrycache.expirytime = 600000ms (custom)
2019-09-10 05:39:16,552 [pool-700-thread-1] INFO  impl.RaftServerImpl (RaftServerImpl.java:start(185)) - e9710f5a-4540-4253-93a1-96ebbace2ee0@group-625F5230EC8F: start as a follower, conf=-1: [e9710f5a-4540-4253-93a1-96ebbace2ee0:192.168.36.76:37127], old=null
2019-09-10 05:39:16,552 [pool-700-thread-1] INFO  impl.RaftServerImpl (RaftServerImpl.java:setRole(174)) - e9710f5a-4540-4253-93a1-96ebbace2ee0@group-625F5230EC8F: changes role from      null to FOLLOWER at term 0 for startAsFollower
2019-09-10 05:39:16,552 [pool-700-thread-1] INFO  impl.RoleInfo (RoleInfo.java:updateAndGet(143)) - e9710f5a-4540-4253-93a1-96ebbace2ee0: start FollowerState
2019-09-10 05:39:16,552 [pool-700-thread-1] INFO  util.JmxRegister (JmxRegister.java:tryRegister(44)) - Successfully registered JMX Bean with object name Ratis:service=RaftServer,group=group-625F5230EC8F,id=e9710f5a-4540-4253-93a1-96ebbace2ee0
2019-09-10 05:39:16,554 [RatisPipelineUtilsThread] INFO  pipeline.PipelineStateManager (PipelineStateManager.java:addPipeline(56)) - Created pipeline Pipeline[ Id: 2c51ce17-c791-41c9-a0c2-625f5230ec8f, Nodes: e9710f5a-4540-4253-93a1-96ebbace2ee0{ip: 192.168.36.76, host: trunk-nightly-20190910-vk757-903364635, networkLocation: /default-rack, certSerialId: null}, Type:RATIS, Factor:ONE, State:OPEN]
2019-09-10 05:39:16,559 [grpc-default-executor-11] INFO  impl.RaftServerProxy (RaftServerProxy.java:addNew(89)) - 5b3d6723-2425-464a-a9e3-6f5bc8440fc1: addNew group-08FAE14E0180:[5b3d6723-2425-464a-a9e3-6f5bc8440fc1:192.168.36.76:38760] returns group-08FAE14E0180:java.util.concurrent.CompletableFuture@1cc72f4c[Not completed]
2019-09-10 05:39:16,561 [pool-730-thread-1] INFO  impl.RaftServerImpl (RaftServerImpl.java:<init>(95)) - 5b3d6723-2425-464a-a9e3-6f5bc8440fc1: new RaftServerImpl for group-08FAE14E0180:[5b3d6723-2425-464a-a9e3-6f5bc8440fc1:192.168.36.76:38760] with ContainerStateMachine:uninitialized
2019-09-10 05:39:16,561 [pool-730-thread-1] INFO  server.RaftServerConfigKeys (ConfUtils.java:logGet(43)) - raft.server.rpc.timeout.min = 5s (custom)
2019-09-10 05:39:16,561 [pool-730-thread-1] INFO  server.RaftServerConfigKeys (ConfUtils.java:logGet(43)) - raft.server.rpc.timeout.max = 5200ms (custom)
2019-09-10 05:39:16,561 [pool-730-thread-1] INFO  server.RaftServerConfigKeys (ConfUtils.java:logGet(43)) - raft.server.rpcslowness.timeout = 120s (custom)
2019-09-10 05:39:16,561 [pool-730-thread-1] INFO  server.RaftServerConfigKeys (ConfUtils.java:logGet(43)) - raft.server.sleep.deviation.threshold = 300 (default)
2019-09-10 05:39:16,561 [pool-730-thread-1] INFO  server.RaftServerConfigKeys (ConfUtils.java:logGet(43)) - raft.server.log.appender.install.snapshot.enabled = false (custom)
2019-09-10 05:39:16,561 [pool-730-thread-1] INFO  impl.RaftServerImpl (ServerState.java:<init>(103)) - 5b3d6723-2425-464a-a9e3-6f5bc8440fc1@group-08FAE14E0180: ConfigurationManager, init=-1: [5b3d6723-2425-464a-a9e3-6f5bc8440fc1:192.168.36.76:38760], old=null, confs=<EMPTY_MAP>
2019-09-10 05:39:16,561 [pool-730-thread-1] INFO  server.RaftServerConfigKeys (ConfUtils.java:logGet(43)) - raft.server.storage.dir = [/workdir/hadoop-ozone/integration-test/target/test-dir/MiniOzoneClusterImpl-bea64e6c-8861-4610-b5db-527a5cfae2b5/datanode-5/data/ratis] (custom)
2019-09-10 05:39:16,562 [pool-730-thread-1] INFO  storage.RaftStorageDirectory (RaftStorageDirectory.java:analyzeStorage(246)) - The storage directory /workdir/hadoop-ozone/integration-test/target/test-dir/MiniOzoneClusterImpl-bea64e6c-8861-4610-b5db-527a5cfae2b5/datanode-5/data/ratis/01716534-b070-490e-9672-08fae14e0180 does not exist. Creating ...
2019-09-10 05:39:16,584 [pool-730-thread-1] INFO  storage.RaftStorageDirectory (RaftStorageDirectory.java:tryLock(328)) - Lock on /workdir/hadoop-ozone/integration-test/target/test-dir/MiniOzoneClusterImpl-bea64e6c-8861-4610-b5db-527a5cfae2b5/datanode-5/data/ratis/01716534-b070-490e-9672-08fae14e0180/in_use.lock acquired by nodename 21943@trunk-nightly-20190910-vk757-903364635
2019-09-10 05:39:16,605 [pool-730-thread-1] INFO  storage.RaftStorage (RaftStorage.java:format(72)) - Storage directory /workdir/hadoop-ozone/integration-test/target/test-dir/MiniOzoneClusterImpl-bea64e6c-8861-4610-b5db-527a5cfae2b5/datanode-5/data/ratis/01716534-b070-490e-9672-08fae14e0180 has been successfully formatted.
2019-09-10 05:39:16,606 [pool-730-thread-1] INFO  ratis.ContainerStateMachine (ContainerStateMachine.java:loadSnapshot(230)) - group-08FAE14E0180: The snapshot info is null. Setting the last applied indexto:(t:0, i:~)
2019-09-10 05:39:16,606 [pool-730-thread-1] INFO  server.RaftServerConfigKeys (ConfUtils.java:logGet(43)) - raft.server.notification.no-leader.timeout = 120s (custom)
2019-09-10 05:39:16,606 [pool-730-thread-1] INFO  server.RaftServerConfigKeys (ConfUtils.java:logGet(43)) - raft.server.log.use.memory = false (default)
2019-09-10 05:39:16,606 [pool-730-thread-1] INFO  server.RaftServerConfigKeys (ConfUtils.java:logGet(43)) - raft.server.log.purge.gap = 1000000 (custom)
2019-09-10 05:39:16,606 [pool-730-thread-1] INFO  server.RaftServerConfigKeys (ConfUtils.java:logGet(43)) - raft.server.log.appender.buffer.byte-limit = 33554432 (custom)
2019-09-10 05:39:16,606 [pool-730-thread-1] INFO  server.RaftServerConfigKeys (ConfUtils.java:logGet(43)) - raft.server.log.segment.size.max = 1048576 (custom)
2019-09-10 05:39:16,607 [pool-730-thread-1] INFO  server.RaftServerConfigKeys (ConfUtils.java:logGet(43)) - raft.server.log.segment.cache.num.max = 2 (custom)
2019-09-10 05:39:16,607 [pool-730-thread-1] INFO  segmented.SegmentedRaftLogWorker (SegmentedRaftLogWorker.java:<init>(172)) - new 5b3d6723-2425-464a-a9e3-6f5bc8440fc1@group-08FAE14E0180-SegmentedRaftLogWorker for RaftStorage:Storage Directory /workdir/hadoop-ozone/integration-test/target/test-dir/MiniOzoneClusterImpl-bea64e6c-8861-4610-b5db-527a5cfae2b5/datanode-5/data/ratis/01716534-b070-490e-9672-08fae14e0180
2019-09-10 05:39:16,608 [pool-730-thread-1] INFO  server.RaftServerConfigKeys (ConfUtils.java:logGet(43)) - raft.server.log.queue.byte-limit = 2147483647 (custom)
2019-09-10 05:39:16,608 [pool-730-thread-1] INFO  server.RaftServerConfigKeys (ConfUtils.java:logGet(43)) - raft.server.log.queue.element-limit = 1024 (custom)
2019-09-10 05:39:16,608 [pool-730-thread-1] INFO  server.RaftServerConfigKeys (ConfUtils.java:logGet(43)) - raft.server.log.segment.size.max = 1048576 (custom)
2019-09-10 05:39:16,608 [pool-730-thread-1] INFO  server.RaftServerConfigKeys (ConfUtils.java:logGet(43)) - raft.server.log.preallocated.size = 16384 (custom)
2019-09-10 05:39:16,609 [pool-730-thread-1] INFO  server.RaftServerConfigKeys (ConfUtils.java:logGet(43)) - raft.server.log.write.buffer.size = 33554432 (custom)
2019-09-10 05:39:16,609 [pool-730-thread-1] INFO  server.RaftServerConfigKeys (ConfUtils.java:logGet(43)) - raft.server.log.force.sync.num = 128 (default)
2019-09-10 05:39:16,609 [pool-730-thread-1] INFO  server.RaftServerConfigKeys (ConfUtils.java:logGet(43)) - raft.server.log.statemachine.data.sync = true (default)
2019-09-10 05:39:16,609 [pool-730-thread-1] INFO  server.RaftServerConfigKeys (ConfUtils.java:logGet(43)) - raft.server.log.statemachine.data.sync.timeout = 10s (default)
2019-09-10 05:39:16,609 [pool-730-thread-1] INFO  server.RaftServerConfigKeys (ConfUtils.java:logGet(43)) - raft.server.log.statemachine.data.sync.timeout.retry = -1 (default)
2019-09-10 05:39:16,609 [pool-730-thread-1] INFO  server.RaftServerConfigKeys (ConfUtils.java:logGet(43)) - raft.server.log.statemachine.data.caching.enabled = true (custom)
2019-09-10 05:39:16,609 [pool-730-thread-1] INFO  segmented.SegmentedRaftLogWorker (SegmentedRaftLogWorker.java:lambda$new$0(132)) - 5b3d6723-2425-464a-a9e3-6f5bc8440fc1@group-08FAE14E0180-SegmentedRaftLogWorker: flushIndex: setUnconditionally 0 -> -1
2019-09-10 05:39:16,610 [pool-730-thread-1] INFO  server.RaftServerConfigKeys (ConfUtils.java:logGet(43)) - raft.server.snapshot.auto.trigger.enabled = true (custom)
2019-09-10 05:39:16,610 [pool-730-thread-1] INFO  server.RaftServerConfigKeys (ConfUtils.java:logGet(43)) - raft.server.snapshot.auto.trigger.threshold = 10000 (custom)
2019-09-10 05:39:16,610 [pool-730-thread-1] INFO  server.RaftServerConfigKeys (ConfUtils.java:logGet(43)) - raft.server.snapshot.retention.num.files = -1 (default)
2019-09-10 05:39:16,610 [pool-730-thread-1] INFO  server.RaftServerConfigKeys (ConfUtils.java:logGet(43)) - raft.server.retrycache.expirytime = 600000ms (custom)
2019-09-10 05:39:16,611 [pool-730-thread-1] INFO  impl.RaftServerImpl (RaftServerImpl.java:start(185)) - 5b3d6723-2425-464a-a9e3-6f5bc8440fc1@group-08FAE14E0180: start as a follower, conf=-1: [5b3d6723-2425-464a-a9e3-6f5bc8440fc1:192.168.36.76:38760], old=null
2019-09-10 05:39:16,611 [pool-730-thread-1] INFO  impl.RaftServerImpl (RaftServerImpl.java:setRole(174)) - 5b3d6723-2425-464a-a9e3-6f5bc8440fc1@group-08FAE14E0180: changes role from      null to FOLLOWER at term 0 for startAsFollower
2019-09-10 05:39:16,612 [pool-730-thread-1] INFO  impl.RoleInfo (RoleInfo.java:updateAndGet(143)) - 5b3d6723-2425-464a-a9e3-6f5bc8440fc1: start FollowerState
2019-09-10 05:39:16,612 [pool-730-thread-1] INFO  util.JmxRegister (JmxRegister.java:tryRegister(44)) - Successfully registered JMX Bean with object name Ratis:service=RaftServer,group=group-08FAE14E0180,id=5b3d6723-2425-464a-a9e3-6f5bc8440fc1
2019-09-10 05:39:16,613 [RatisPipelineUtilsThread] INFO  pipeline.PipelineStateManager (PipelineStateManager.java:addPipeline(56)) - Created pipeline Pipeline[ Id: 01716534-b070-490e-9672-08fae14e0180, Nodes: 5b3d6723-2425-464a-a9e3-6f5bc8440fc1{ip: 192.168.36.76, host: trunk-nightly-20190910-vk757-903364635, networkLocation: /default-rack, certSerialId: null}, Type:RATIS, Factor:ONE, State:OPEN]
2019-09-10 05:39:16,645 [grpc-default-executor-13] INFO  impl.RaftServerProxy (RaftServerProxy.java:addNew(89)) - bce8a7d4-8dd0-462c-884e-e9994e0d492a: addNew group-6C0282CCCCEA:[bce8a7d4-8dd0-462c-884e-e9994e0d492a:192.168.36.76:41181, e42ae758-4ea9-4f6d-8c37-d6691f5271b9:192.168.36.76:44169, 609ec3c0-9d0d-4099-a96c-9dbce2d5132e:192.168.36.76:35964] returns group-6C0282CCCCEA:java.util.concurrent.CompletableFuture@5203b7f8[Not completed]
2019-09-10 05:39:16,645 [grpc-default-executor-12] INFO  impl.RaftServerProxy (RaftServerProxy.java:addNew(89)) - 609ec3c0-9d0d-4099-a96c-9dbce2d5132e: addNew group-6C0282CCCCEA:[bce8a7d4-8dd0-462c-884e-e9994e0d492a:192.168.36.76:41181, e42ae758-4ea9-4f6d-8c37-d6691f5271b9:192.168.36.76:44169, 609ec3c0-9d0d-4099-a96c-9dbce2d5132e:192.168.36.76:35964] returns group-6C0282CCCCEA:java.util.concurrent.CompletableFuture@10faacf5[Not completed]
2019-09-10 05:39:16,646 [grpc-default-executor-11] INFO  impl.RaftServerProxy (RaftServerProxy.java:addNew(89)) - e42ae758-4ea9-4f6d-8c37-d6691f5271b9: addNew group-6C0282CCCCEA:[bce8a7d4-8dd0-462c-884e-e9994e0d492a:192.168.36.76:41181, e42ae758-4ea9-4f6d-8c37-d6691f5271b9:192.168.36.76:44169, 609ec3c0-9d0d-4099-a96c-9dbce2d5132e:192.168.36.76:35964] returns group-6C0282CCCCEA:java.util.concurrent.CompletableFuture@7bd3ea82[Not completed]
2019-09-10 05:39:16,646 [pool-740-thread-1] INFO  impl.RaftServerImpl (RaftServerImpl.java:<init>(95)) - bce8a7d4-8dd0-462c-884e-e9994e0d492a: new RaftServerImpl for group-6C0282CCCCEA:[bce8a7d4-8dd0-462c-884e-e9994e0d492a:192.168.36.76:41181, e42ae758-4ea9-4f6d-8c37-d6691f5271b9:192.168.36.76:44169, 609ec3c0-9d0d-4099-a96c-9dbce2d5132e:192.168.36.76:35964] with ContainerStateMachine:uninitialized
2019-09-10 05:39:16,647 [pool-740-thread-1] INFO  server.RaftServerConfigKeys (ConfUtils.java:logGet(43)) - raft.server.rpc.timeout.min = 5s (custom)
2019-09-10 05:39:16,647 [pool-740-thread-1] INFO  server.RaftServerConfigKeys (ConfUtils.java:logGet(43)) - raft.server.rpc.timeout.max = 5200ms (custom)
2019-09-10 05:39:16,647 [pool-740-thread-1] INFO  server.RaftServerConfigKeys (ConfUtils.java:logGet(43)) - raft.server.rpcslowness.timeout = 120s (custom)
2019-09-10 05:39:16,647 [pool-740-thread-1] INFO  server.RaftServerConfigKeys (ConfUtils.java:logGet(43)) - raft.server.sleep.deviation.threshold = 300 (default)
2019-09-10 05:39:16,647 [pool-740-thread-1] INFO  server.RaftServerConfigKeys (ConfUtils.java:logGet(43)) - raft.server.log.appender.install.snapshot.enabled = false (custom)
2019-09-10 05:39:16,647 [pool-740-thread-1] INFO  impl.RaftServerImpl (ServerState.java:<init>(103)) - bce8a7d4-8dd0-462c-884e-e9994e0d492a@group-6C0282CCCCEA: ConfigurationManager, init=-1: [bce8a7d4-8dd0-462c-884e-e9994e0d492a:192.168.36.76:41181, e42ae758-4ea9-4f6d-8c37-d6691f5271b9:192.168.36.76:44169, 609ec3c0-9d0d-4099-a96c-9dbce2d5132e:192.168.36.76:35964], old=null, confs=<EMPTY_MAP>
2019-09-10 05:39:16,647 [pool-690-thread-1] INFO  impl.RaftServerImpl (RaftServerImpl.java:<init>(95)) - e42ae758-4ea9-4f6d-8c37-d6691f5271b9: new RaftServerImpl for group-6C0282CCCCEA:[bce8a7d4-8dd0-462c-884e-e9994e0d492a:192.168.36.76:41181, e42ae758-4ea9-4f6d-8c37-d6691f5271b9:192.168.36.76:44169, 609ec3c0-9d0d-4099-a96c-9dbce2d5132e:192.168.36.76:35964] with ContainerStateMachine:uninitialized
2019-09-10 05:39:16,647 [pool-740-thread-1] INFO  server.RaftServerConfigKeys (ConfUtils.java:logGet(43)) - raft.server.storage.dir = [/workdir/hadoop-ozone/integration-test/target/test-dir/MiniOzoneClusterImpl-bea64e6c-8861-4610-b5db-527a5cfae2b5/datanode-6/data/ratis] (custom)
2019-09-10 05:39:16,647 [pool-690-thread-1] INFO  server.RaftServerConfigKeys (ConfUtils.java:logGet(43)) - raft.server.rpc.timeout.min = 5s (custom)
2019-09-10 05:39:16,647 [pool-710-thread-1] INFO  impl.RaftServerImpl (RaftServerImpl.java:<init>(95)) - 609ec3c0-9d0d-4099-a96c-9dbce2d5132e: new RaftServerImpl for group-6C0282CCCCEA:[bce8a7d4-8dd0-462c-884e-e9994e0d492a:192.168.36.76:41181, e42ae758-4ea9-4f6d-8c37-d6691f5271b9:192.168.36.76:44169, 609ec3c0-9d0d-4099-a96c-9dbce2d5132e:192.168.36.76:35964] with ContainerStateMachine:uninitialized
2019-09-10 05:39:16,648 [pool-740-thread-1] INFO  storage.RaftStorageDirectory (RaftStorageDirectory.java:analyzeStorage(246)) - The storage directory /workdir/hadoop-ozone/integration-test/target/test-dir/MiniOzoneClusterImpl-bea64e6c-8861-4610-b5db-527a5cfae2b5/datanode-6/data/ratis/c2eee720-f9c2-47a4-9064-6c0282ccccea does not exist. Creating ...
2019-09-10 05:39:16,648 [pool-690-thread-1] INFO  server.RaftServerConfigKeys (ConfUtils.java:logGet(43)) - raft.server.rpc.timeout.max = 5200ms (custom)
2019-09-10 05:39:16,648 [pool-710-thread-1] INFO  server.RaftServerConfigKeys (ConfUtils.java:logGet(43)) - raft.server.rpc.timeout.min = 5s (custom)
2019-09-10 05:39:16,648 [pool-690-thread-1] INFO  server.RaftServerConfigKeys (ConfUtils.java:logGet(43)) - raft.server.rpcslowness.timeout = 120s (custom)
2019-09-10 05:39:16,648 [pool-710-thread-1] INFO  server.RaftServerConfigKeys (ConfUtils.java:logGet(43)) - raft.server.rpc.timeout.max = 5200ms (custom)
2019-09-10 05:39:16,648 [pool-690-thread-1] INFO  server.RaftServerConfigKeys (ConfUtils.java:logGet(43)) - raft.server.sleep.deviation.threshold = 300 (default)
2019-09-10 05:39:16,648 [pool-710-thread-1] INFO  server.RaftServerConfigKeys (ConfUtils.java:logGet(43)) - raft.server.rpcslowness.timeout = 120s (custom)
2019-09-10 05:39:16,648 [pool-690-thread-1] INFO  server.RaftServerConfigKeys (ConfUtils.java:logGet(43)) - raft.server.log.appender.install.snapshot.enabled = false (custom)
2019-09-10 05:39:16,649 [pool-710-thread-1] INFO  server.RaftServerConfigKeys (ConfUtils.java:logGet(43)) - raft.server.sleep.deviation.threshold = 300 (default)
2019-09-10 05:39:16,649 [pool-690-thread-1] INFO  impl.RaftServerImpl (ServerState.java:<init>(103)) - e42ae758-4ea9-4f6d-8c37-d6691f5271b9@group-6C0282CCCCEA: ConfigurationManager, init=-1: [bce8a7d4-8dd0-462c-884e-e9994e0d492a:192.168.36.76:41181, e42ae758-4ea9-4f6d-8c37-d6691f5271b9:192.168.36.76:44169, 609ec3c0-9d0d-4099-a96c-9dbce2d5132e:192.168.36.76:35964], old=null, confs=<EMPTY_MAP>
2019-09-10 05:39:16,649 [pool-710-thread-1] INFO  server.RaftServerConfigKeys (ConfUtils.java:logGet(43)) - raft.server.log.appender.install.snapshot.enabled = false (custom)
2019-09-10 05:39:16,649 [pool-690-thread-1] INFO  server.RaftServerConfigKeys (ConfUtils.java:logGet(43)) - raft.server.storage.dir = [/workdir/hadoop-ozone/integration-test/target/test-dir/MiniOzoneClusterImpl-bea64e6c-8861-4610-b5db-527a5cfae2b5/datanode-1/data/ratis] (custom)
2019-09-10 05:39:16,649 [pool-710-thread-1] INFO  impl.RaftServerImpl (ServerState.java:<init>(103)) - 609ec3c0-9d0d-4099-a96c-9dbce2d5132e@group-6C0282CCCCEA: ConfigurationManager, init=-1: [bce8a7d4-8dd0-462c-884e-e9994e0d492a:192.168.36.76:41181, e42ae758-4ea9-4f6d-8c37-d6691f5271b9:192.168.36.76:44169, 609ec3c0-9d0d-4099-a96c-9dbce2d5132e:192.168.36.76:35964], old=null, confs=<EMPTY_MAP>
2019-09-10 05:39:16,649 [pool-710-thread-1] INFO  server.RaftServerConfigKeys (ConfUtils.java:logGet(43)) - raft.server.storage.dir = [/workdir/hadoop-ozone/integration-test/target/test-dir/MiniOzoneClusterImpl-bea64e6c-8861-4610-b5db-527a5cfae2b5/datanode-3/data/ratis] (custom)
2019-09-10 05:39:16,649 [pool-690-thread-1] INFO  storage.RaftStorageDirectory (RaftStorageDirectory.java:analyzeStorage(246)) - The storage directory /workdir/hadoop-ozone/integration-test/target/test-dir/MiniOzoneClusterImpl-bea64e6c-8861-4610-b5db-527a5cfae2b5/datanode-1/data/ratis/c2eee720-f9c2-47a4-9064-6c0282ccccea does not exist. Creating ...
2019-09-10 05:39:16,649 [pool-710-thread-1] INFO  storage.RaftStorageDirectory (RaftStorageDirectory.java:analyzeStorage(246)) - The storage directory /workdir/hadoop-ozone/integration-test/target/test-dir/MiniOzoneClusterImpl-bea64e6c-8861-4610-b5db-527a5cfae2b5/datanode-3/data/ratis/c2eee720-f9c2-47a4-9064-6c0282ccccea does not exist. Creating ...
2019-09-10 05:39:16,662 [pool-710-thread-1] INFO  storage.RaftStorageDirectory (RaftStorageDirectory.java:tryLock(328)) - Lock on /workdir/hadoop-ozone/integration-test/target/test-dir/MiniOzoneClusterImpl-bea64e6c-8861-4610-b5db-527a5cfae2b5/datanode-3/data/ratis/c2eee720-f9c2-47a4-9064-6c0282ccccea/in_use.lock acquired by nodename 21943@trunk-nightly-20190910-vk757-903364635
2019-09-10 05:39:16,662 [pool-690-thread-1] INFO  storage.RaftStorageDirectory (RaftStorageDirectory.java:tryLock(328)) - Lock on /workdir/hadoop-ozone/integration-test/target/test-dir/MiniOzoneClusterImpl-bea64e6c-8861-4610-b5db-527a5cfae2b5/datanode-1/data/ratis/c2eee720-f9c2-47a4-9064-6c0282ccccea/in_use.lock acquired by nodename 21943@trunk-nightly-20190910-vk757-903364635
2019-09-10 05:39:16,662 [pool-740-thread-1] INFO  storage.RaftStorageDirectory (RaftStorageDirectory.java:tryLock(328)) - Lock on /workdir/hadoop-ozone/integration-test/target/test-dir/MiniOzoneClusterImpl-bea64e6c-8861-4610-b5db-527a5cfae2b5/datanode-6/data/ratis/c2eee720-f9c2-47a4-9064-6c0282ccccea/in_use.lock acquired by nodename 21943@trunk-nightly-20190910-vk757-903364635
2019-09-10 05:39:16,693 [pool-740-thread-1] INFO  storage.RaftStorage (RaftStorage.java:format(72)) - Storage directory /workdir/hadoop-ozone/integration-test/target/test-dir/MiniOzoneClusterImpl-bea64e6c-8861-4610-b5db-527a5cfae2b5/datanode-6/data/ratis/c2eee720-f9c2-47a4-9064-6c0282ccccea has been successfully formatted.
2019-09-10 05:39:16,693 [pool-710-thread-1] INFO  storage.RaftStorage (RaftStorage.java:format(72)) - Storage directory /workdir/hadoop-ozone/integration-test/target/test-dir/MiniOzoneClusterImpl-bea64e6c-8861-4610-b5db-527a5cfae2b5/datanode-3/data/ratis/c2eee720-f9c2-47a4-9064-6c0282ccccea has been successfully formatted.
2019-09-10 05:39:16,693 [pool-690-thread-1] INFO  storage.RaftStorage (RaftStorage.java:format(72)) - Storage directory /workdir/hadoop-ozone/integration-test/target/test-dir/MiniOzoneClusterImpl-bea64e6c-8861-4610-b5db-527a5cfae2b5/datanode-1/data/ratis/c2eee720-f9c2-47a4-9064-6c0282ccccea has been successfully formatted.
2019-09-10 05:39:16,694 [pool-710-thread-1] INFO  ratis.ContainerStateMachine (ContainerStateMachine.java:loadSnapshot(230)) - group-6C0282CCCCEA: The snapshot info is null. Setting the last applied indexto:(t:0, i:~)
2019-09-10 05:39:16,693 [pool-740-thread-1] INFO  ratis.ContainerStateMachine (ContainerStateMachine.java:loadSnapshot(230)) - group-6C0282CCCCEA: The snapshot info is null. Setting the last applied indexto:(t:0, i:~)
2019-09-10 05:39:16,694 [pool-710-thread-1] INFO  server.RaftServerConfigKeys (ConfUtils.java:logGet(43)) - raft.server.notification.no-leader.timeout = 120s (custom)
2019-09-10 05:39:16,694 [pool-690-thread-1] INFO  ratis.ContainerStateMachine (ContainerStateMachine.java:loadSnapshot(230)) - group-6C0282CCCCEA: The snapshot info is null. Setting the last applied indexto:(t:0, i:~)
2019-09-10 05:39:16,694 [pool-710-thread-1] INFO  server.RaftServerConfigKeys (ConfUtils.java:logGet(43)) - raft.server.log.use.memory = false (default)
2019-09-10 05:39:16,694 [pool-740-thread-1] INFO  server.RaftServerConfigKeys (ConfUtils.java:logGet(43)) - raft.server.notification.no-leader.timeout = 120s (custom)
2019-09-10 05:39:16,694 [pool-710-thread-1] INFO  server.RaftServerConfigKeys (ConfUtils.java:logGet(43)) - raft.server.log.purge.gap = 1000000 (custom)
2019-09-10 05:39:16,694 [pool-690-thread-1] INFO  server.RaftServerConfigKeys (ConfUtils.java:logGet(43)) - raft.server.notification.no-leader.timeout = 120s (custom)
2019-09-10 05:39:16,694 [pool-710-thread-1] INFO  server.RaftServerConfigKeys (ConfUtils.java:logGet(43)) - raft.server.log.appender.buffer.byte-limit = 33554432 (custom)
2019-09-10 05:39:16,694 [pool-740-thread-1] INFO  server.RaftServerConfigKeys (ConfUtils.java:logGet(43)) - raft.server.log.use.memory = false (default)
2019-09-10 05:39:16,694 [pool-710-thread-1] INFO  server.RaftServerConfigKeys (ConfUtils.java:logGet(43)) - raft.server.log.segment.size.max = 1048576 (custom)
2019-09-10 05:39:16,694 [pool-690-thread-1] INFO  server.RaftServerConfigKeys (ConfUtils.java:logGet(43)) - raft.server.log.use.memory = false (default)
2019-09-10 05:39:16,695 [pool-710-thread-1] INFO  server.RaftServerConfigKeys (ConfUtils.java:logGet(43)) - raft.server.log.segment.cache.num.max = 2 (custom)
2019-09-10 05:39:16,695 [pool-740-thread-1] INFO  server.RaftServerConfigKeys (ConfUtils.java:logGet(43)) - raft.server.log.purge.gap = 1000000 (custom)
2019-09-10 05:39:16,695 [pool-710-thread-1] INFO  segmented.SegmentedRaftLogWorker (SegmentedRaftLogWorker.java:<init>(172)) - new 609ec3c0-9d0d-4099-a96c-9dbce2d5132e@group-6C0282CCCCEA-SegmentedRaftLogWorker for RaftStorage:Storage Directory /workdir/hadoop-ozone/integration-test/target/test-dir/MiniOzoneClusterImpl-bea64e6c-8861-4610-b5db-527a5cfae2b5/datanode-3/data/ratis/c2eee720-f9c2-47a4-9064-6c0282ccccea
2019-09-10 05:39:16,695 [pool-690-thread-1] INFO  server.RaftServerConfigKeys (ConfUtils.java:logGet(43)) - raft.server.log.purge.gap = 1000000 (custom)
2019-09-10 05:39:16,695 [pool-710-thread-1] INFO  server.RaftServerConfigKeys (ConfUtils.java:logGet(43)) - raft.server.log.queue.byte-limit = 2147483647 (custom)
2019-09-10 05:39:16,695 [pool-740-thread-1] INFO  server.RaftServerConfigKeys (ConfUtils.java:logGet(43)) - raft.server.log.appender.buffer.byte-limit = 33554432 (custom)
2019-09-10 05:39:16,695 [pool-710-thread-1] INFO  server.RaftServerConfigKeys (ConfUtils.java:logGet(43)) - raft.server.log.queue.element-limit = 1024 (custom)
2019-09-10 05:39:16,695 [pool-690-thread-1] INFO  server.RaftServerConfigKeys (ConfUtils.java:logGet(43)) - raft.server.log.appender.buffer.byte-limit = 33554432 (custom)
2019-09-10 05:39:16,696 [pool-710-thread-1] INFO  server.RaftServerConfigKeys (ConfUtils.java:logGet(43)) - raft.server.log.segment.size.max = 1048576 (custom)
2019-09-10 05:39:16,695 [pool-740-thread-1] INFO  server.RaftServerConfigKeys (ConfUtils.java:logGet(43)) - raft.server.log.segment.size.max = 1048576 (custom)
2019-09-10 05:39:16,696 [pool-710-thread-1] INFO  server.RaftServerConfigKeys (ConfUtils.java:logGet(43)) - raft.server.log.preallocated.size = 16384 (custom)
2019-09-10 05:39:16,696 [pool-690-thread-1] INFO  server.RaftServerConfigKeys (ConfUtils.java:logGet(43)) - raft.server.log.segment.size.max = 1048576 (custom)
2019-09-10 05:39:16,696 [pool-710-thread-1] INFO  server.RaftServerConfigKeys (ConfUtils.java:logGet(43)) - raft.server.log.write.buffer.size = 33554432 (custom)
2019-09-10 05:39:16,696 [pool-710-thread-1] INFO  server.RaftServerConfigKeys (ConfUtils.java:logGet(43)) - raft.server.log.force.sync.num = 128 (default)
2019-09-10 05:39:16,696 [pool-740-thread-1] INFO  server.RaftServerConfigKeys (ConfUtils.java:logGet(43)) - raft.server.log.segment.cache.num.max = 2 (custom)
2019-09-10 05:39:16,696 [pool-710-thread-1] INFO  server.RaftServerConfigKeys (ConfUtils.java:logGet(43)) - raft.server.log.statemachine.data.sync = true (default)
2019-09-10 05:39:16,696 [pool-690-thread-1] INFO  server.RaftServerConfigKeys (ConfUtils.java:logGet(43)) - raft.server.log.segment.cache.num.max = 2 (custom)
2019-09-10 05:39:16,696 [pool-710-thread-1] INFO  server.RaftServerConfigKeys (ConfUtils.java:logGet(43)) - raft.server.log.statemachine.data.sync.timeout = 10s (default)
2019-09-10 05:39:16,696 [pool-740-thread-1] INFO  segmented.SegmentedRaftLogWorker (SegmentedRaftLogWorker.java:<init>(172)) - new bce8a7d4-8dd0-462c-884e-e9994e0d492a@group-6C0282CCCCEA-SegmentedRaftLogWorker for RaftStorage:Storage Directory /workdir/hadoop-ozone/integration-test/target/test-dir/MiniOzoneClusterImpl-bea64e6c-8861-4610-b5db-527a5cfae2b5/datanode-6/data/ratis/c2eee720-f9c2-47a4-9064-6c0282ccccea
2019-09-10 05:39:16,697 [pool-710-thread-1] INFO  server.RaftServerConfigKeys (ConfUtils.java:logGet(43)) - raft.server.log.statemachine.data.sync.timeout.retry = -1 (default)
2019-09-10 05:39:16,697 [pool-690-thread-1] INFO  segmented.SegmentedRaftLogWorker (SegmentedRaftLogWorker.java:<init>(172)) - new e42ae758-4ea9-4f6d-8c37-d6691f5271b9@group-6C0282CCCCEA-SegmentedRaftLogWorker for RaftStorage:Storage Directory /workdir/hadoop-ozone/integration-test/target/test-dir/MiniOzoneClusterImpl-bea64e6c-8861-4610-b5db-527a5cfae2b5/datanode-1/data/ratis/c2eee720-f9c2-47a4-9064-6c0282ccccea
2019-09-10 05:39:16,697 [pool-710-thread-1] INFO  server.RaftServerConfigKeys (ConfUtils.java:logGet(43)) - raft.server.log.statemachine.data.caching.enabled = true (custom)
2019-09-10 05:39:16,697 [pool-740-thread-1] INFO  server.RaftServerConfigKeys (ConfUtils.java:logGet(43)) - raft.server.log.queue.byte-limit = 2147483647 (custom)
2019-09-10 05:39:16,697 [pool-690-thread-1] INFO  server.RaftServerConfigKeys (ConfUtils.java:logGet(43)) - raft.server.log.queue.byte-limit = 2147483647 (custom)
2019-09-10 05:39:16,697 [pool-710-thread-1] INFO  segmented.SegmentedRaftLogWorker (SegmentedRaftLogWorker.java:lambda$new$0(132)) - 609ec3c0-9d0d-4099-a96c-9dbce2d5132e@group-6C0282CCCCEA-SegmentedRaftLogWorker: flushIndex: setUnconditionally 0 -> -1
2019-09-10 05:39:16,697 [pool-740-thread-1] INFO  server.RaftServerConfigKeys (ConfUtils.java:logGet(43)) - raft.server.log.queue.element-limit = 1024 (custom)
2019-09-10 05:39:16,697 [pool-690-thread-1] INFO  server.RaftServerConfigKeys (ConfUtils.java:logGet(43)) - raft.server.log.queue.element-limit = 1024 (custom)
2019-09-10 05:39:16,698 [pool-710-thread-1] INFO  server.RaftServerConfigKeys (ConfUtils.java:logGet(43)) - raft.server.snapshot.auto.trigger.enabled = true (custom)
2019-09-10 05:39:16,697 [pool-740-thread-1] INFO  server.RaftServerConfigKeys (ConfUtils.java:logGet(43)) - raft.server.log.segment.size.max = 1048576 (custom)
2019-09-10 05:39:16,698 [pool-710-thread-1] INFO  server.RaftServerConfigKeys (ConfUtils.java:logGet(43)) - raft.server.snapshot.auto.trigger.threshold = 10000 (custom)
2019-09-10 05:39:16,698 [pool-690-thread-1] INFO  server.RaftServerConfigKeys (ConfUtils.java:logGet(43)) - raft.server.log.segment.size.max = 1048576 (custom)
2019-09-10 05:39:16,698 [pool-710-thread-1] INFO  server.RaftServerConfigKeys (ConfUtils.java:logGet(43)) - raft.server.snapshot.retention.num.files = -1 (default)
2019-09-10 05:39:16,698 [pool-740-thread-1] INFO  server.RaftServerConfigKeys (ConfUtils.java:logGet(43)) - raft.server.log.preallocated.size = 16384 (custom)
2019-09-10 05:39:16,698 [pool-710-thread-1] INFO  server.RaftServerConfigKeys (ConfUtils.java:logGet(43)) - raft.server.retrycache.expirytime = 600000ms (custom)
2019-09-10 05:39:16,698 [pool-690-thread-1] INFO  server.RaftServerConfigKeys (ConfUtils.java:logGet(43)) - raft.server.log.preallocated.size = 16384 (custom)
2019-09-10 05:39:16,698 [pool-740-thread-1] INFO  server.RaftServerConfigKeys (ConfUtils.java:logGet(43)) - raft.server.log.write.buffer.size = 33554432 (custom)
2019-09-10 05:39:16,698 [pool-690-thread-1] INFO  server.RaftServerConfigKeys (ConfUtils.java:logGet(43)) - raft.server.log.write.buffer.size = 33554432 (custom)
2019-09-10 05:39:16,698 [pool-740-thread-1] INFO  server.RaftServerConfigKeys (ConfUtils.java:logGet(43)) - raft.server.log.force.sync.num = 128 (default)
2019-09-10 05:39:16,698 [pool-690-thread-1] INFO  server.RaftServerConfigKeys (ConfUtils.java:logGet(43)) - raft.server.log.force.sync.num = 128 (default)
2019-09-10 05:39:16,699 [pool-740-thread-1] INFO  server.RaftServerConfigKeys (ConfUtils.java:logGet(43)) - raft.server.log.statemachine.data.sync = true (default)
2019-09-10 05:39:16,699 [pool-690-thread-1] INFO  server.RaftServerConfigKeys (ConfUtils.java:logGet(43)) - raft.server.log.statemachine.data.sync = true (default)
2019-09-10 05:39:16,699 [pool-740-thread-1] INFO  server.RaftServerConfigKeys (ConfUtils.java:logGet(43)) - raft.server.log.statemachine.data.sync.timeout = 10s (default)
2019-09-10 05:39:16,699 [pool-690-thread-1] INFO  server.RaftServerConfigKeys (ConfUtils.java:logGet(43)) - raft.server.log.statemachine.data.sync.timeout = 10s (default)
2019-09-10 05:39:16,699 [pool-740-thread-1] INFO  server.RaftServerConfigKeys (ConfUtils.java:logGet(43)) - raft.server.log.statemachine.data.sync.timeout.retry = -1 (default)
2019-09-10 05:39:16,699 [pool-690-thread-1] INFO  server.RaftServerConfigKeys (ConfUtils.java:logGet(43)) - raft.server.log.statemachine.data.sync.timeout.retry = -1 (default)
2019-09-10 05:39:16,699 [pool-740-thread-1] INFO  server.RaftServerConfigKeys (ConfUtils.java:logGet(43)) - raft.server.log.statemachine.data.caching.enabled = true (custom)
2019-09-10 05:39:16,699 [pool-690-thread-1] INFO  server.RaftServerConfigKeys (ConfUtils.java:logGet(43)) - raft.server.log.statemachine.data.caching.enabled = true (custom)
2019-09-10 05:39:16,699 [pool-740-thread-1] INFO  segmented.SegmentedRaftLogWorker (SegmentedRaftLogWorker.java:lambda$new$0(132)) - bce8a7d4-8dd0-462c-884e-e9994e0d492a@group-6C0282CCCCEA-SegmentedRaftLogWorker: flushIndex: setUnconditionally 0 -> -1
2019-09-10 05:39:16,699 [pool-710-thread-1] INFO  impl.RaftServerImpl (RaftServerImpl.java:start(185)) - 609ec3c0-9d0d-4099-a96c-9dbce2d5132e@group-6C0282CCCCEA: start as a follower, conf=-1: [bce8a7d4-8dd0-462c-884e-e9994e0d492a:192.168.36.76:41181, e42ae758-4ea9-4f6d-8c37-d6691f5271b9:192.168.36.76:44169, 609ec3c0-9d0d-4099-a96c-9dbce2d5132e:192.168.36.76:35964], old=null
2019-09-10 05:39:16,699 [pool-690-thread-1] INFO  segmented.SegmentedRaftLogWorker (SegmentedRaftLogWorker.java:lambda$new$0(132)) - e42ae758-4ea9-4f6d-8c37-d6691f5271b9@group-6C0282CCCCEA-SegmentedRaftLogWorker: flushIndex: setUnconditionally 0 -> -1
2019-09-10 05:39:16,700 [pool-710-thread-1] INFO  impl.RaftServerImpl (RaftServerImpl.java:setRole(174)) - 609ec3c0-9d0d-4099-a96c-9dbce2d5132e@group-6C0282CCCCEA: changes role from      null to FOLLOWER at term 0 for startAsFollower
2019-09-10 05:39:16,700 [pool-690-thread-1] INFO  server.RaftServerConfigKeys (ConfUtils.java:logGet(43)) - raft.server.snapshot.auto.trigger.enabled = true (custom)
2019-09-10 05:39:16,700 [pool-740-thread-1] INFO  server.RaftServerConfigKeys (ConfUtils.java:logGet(43)) - raft.server.snapshot.auto.trigger.enabled = true (custom)
2019-09-10 05:39:16,700 [pool-690-thread-1] INFO  server.RaftServerConfigKeys (ConfUtils.java:logGet(43)) - raft.server.snapshot.auto.trigger.threshold = 10000 (custom)
2019-09-10 05:39:16,700 [pool-710-thread-1] INFO  impl.RoleInfo (RoleInfo.java:updateAndGet(143)) - 609ec3c0-9d0d-4099-a96c-9dbce2d5132e: start FollowerState
2019-09-10 05:39:16,700 [pool-690-thread-1] INFO  server.RaftServerConfigKeys (ConfUtils.java:logGet(43)) - raft.server.snapshot.retention.num.files = -1 (default)
2019-09-10 05:39:16,700 [pool-740-thread-1] INFO  server.RaftServerConfigKeys (ConfUtils.java:logGet(43)) - raft.server.snapshot.auto.trigger.threshold = 10000 (custom)
2019-09-10 05:39:16,700 [pool-690-thread-1] INFO  server.RaftServerConfigKeys (ConfUtils.java:logGet(43)) - raft.server.retrycache.expirytime = 600000ms (custom)
2019-09-10 05:39:16,700 [pool-740-thread-1] INFO  server.RaftServerConfigKeys (ConfUtils.java:logGet(43)) - raft.server.snapshot.retention.num.files = -1 (default)
2019-09-10 05:39:16,700 [pool-710-thread-1] INFO  util.JmxRegister (JmxRegister.java:tryRegister(44)) - Successfully registered JMX Bean with object name Ratis:service=RaftServer,group=group-6C0282CCCCEA,id=609ec3c0-9d0d-4099-a96c-9dbce2d5132e
2019-09-10 05:39:16,700 [pool-740-thread-1] INFO  server.RaftServerConfigKeys (ConfUtils.java:logGet(43)) - raft.server.retrycache.expirytime = 600000ms (custom)
2019-09-10 05:39:16,713 [pool-690-thread-1] INFO  impl.RaftServerImpl (RaftServerImpl.java:start(185)) - e42ae758-4ea9-4f6d-8c37-d6691f5271b9@group-6C0282CCCCEA: start as a follower, conf=-1: [bce8a7d4-8dd0-462c-884e-e9994e0d492a:192.168.36.76:41181, e42ae758-4ea9-4f6d-8c37-d6691f5271b9:192.168.36.76:44169, 609ec3c0-9d0d-4099-a96c-9dbce2d5132e:192.168.36.76:35964], old=null
2019-09-10 05:39:16,713 [pool-690-thread-1] INFO  impl.RaftServerImpl (RaftServerImpl.java:setRole(174)) - e42ae758-4ea9-4f6d-8c37-d6691f5271b9@group-6C0282CCCCEA: changes role from      null to FOLLOWER at term 0 for startAsFollower
2019-09-10 05:39:16,713 [pool-740-thread-1] INFO  impl.RaftServerImpl (RaftServerImpl.java:start(185)) - bce8a7d4-8dd0-462c-884e-e9994e0d492a@group-6C0282CCCCEA: start as a follower, conf=-1: [bce8a7d4-8dd0-462c-884e-e9994e0d492a:192.168.36.76:41181, e42ae758-4ea9-4f6d-8c37-d6691f5271b9:192.168.36.76:44169, 609ec3c0-9d0d-4099-a96c-9dbce2d5132e:192.168.36.76:35964], old=null
2019-09-10 05:39:16,713 [pool-690-thread-1] INFO  impl.RoleInfo (RoleInfo.java:updateAndGet(143)) - e42ae758-4ea9-4f6d-8c37-d6691f5271b9: start FollowerState
2019-09-10 05:39:16,713 [pool-740-thread-1] INFO  impl.RaftServerImpl (RaftServerImpl.java:setRole(174)) - bce8a7d4-8dd0-462c-884e-e9994e0d492a@group-6C0282CCCCEA: changes role from      null to FOLLOWER at term 0 for startAsFollower
2019-09-10 05:39:16,713 [pool-740-thread-1] INFO  impl.RoleInfo (RoleInfo.java:updateAndGet(143)) - bce8a7d4-8dd0-462c-884e-e9994e0d492a: start FollowerState
2019-09-10 05:39:16,713 [pool-690-thread-1] INFO  util.JmxRegister (JmxRegister.java:tryRegister(44)) - Successfully registered JMX Bean with object name Ratis:service=RaftServer,group=group-6C0282CCCCEA,id=e42ae758-4ea9-4f6d-8c37-d6691f5271b9
2019-09-10 05:39:16,714 [pool-740-thread-1] INFO  util.JmxRegister (JmxRegister.java:tryRegister(44)) - Successfully registered JMX Bean with object name Ratis:service=RaftServer,group=group-6C0282CCCCEA,id=bce8a7d4-8dd0-462c-884e-e9994e0d492a
2019-09-10 05:39:16,716 [RatisPipelineUtilsThread] INFO  pipeline.PipelineStateManager (PipelineStateManager.java:addPipeline(56)) - Created pipeline Pipeline[ Id: c2eee720-f9c2-47a4-9064-6c0282ccccea, Nodes: bce8a7d4-8dd0-462c-884e-e9994e0d492a{ip: 192.168.36.76, host: trunk-nightly-20190910-vk757-903364635, networkLocation: /default-rack, certSerialId: null}609ec3c0-9d0d-4099-a96c-9dbce2d5132e{ip: 192.168.36.76, host: trunk-nightly-20190910-vk757-903364635, networkLocation: /default-rack, certSerialId: null}e42ae758-4ea9-4f6d-8c37-d6691f5271b9{ip: 192.168.36.76, host: trunk-nightly-20190910-vk757-903364635, networkLocation: /default-rack, certSerialId: null}, Type:RATIS, Factor:THREE, State:OPEN]
2019-09-10 05:39:16,727 [grpc-default-executor-11] INFO  impl.RaftServerProxy (RaftServerProxy.java:addNew(89)) - 9e976c14-1eb0-4a89-8bf4-d18e531efd12: addNew group-934BE7222E24:[9e976c14-1eb0-4a89-8bf4-d18e531efd12:192.168.36.76:35555, 48aec7a3-643c-4634-bc1c-f1d63eb87aec:192.168.36.76:37975, e9710f5a-4540-4253-93a1-96ebbace2ee0:192.168.36.76:37127] returns group-934BE7222E24:java.util.concurrent.CompletableFuture@10ec1681[Not completed]
2019-09-10 05:39:16,727 [grpc-default-executor-13] INFO  impl.RaftServerProxy (RaftServerProxy.java:addNew(89)) - 48aec7a3-643c-4634-bc1c-f1d63eb87aec: addNew group-934BE7222E24:[9e976c14-1eb0-4a89-8bf4-d18e531efd12:192.168.36.76:35555, 48aec7a3-643c-4634-bc1c-f1d63eb87aec:192.168.36.76:37975, e9710f5a-4540-4253-93a1-96ebbace2ee0:192.168.36.76:37127] returns group-934BE7222E24:java.util.concurrent.CompletableFuture@16e4ee64[Not completed]
2019-09-10 05:39:16,727 [grpc-default-executor-12] INFO  impl.RaftServerProxy (RaftServerProxy.java:addNew(89)) - e9710f5a-4540-4253-93a1-96ebbace2ee0: addNew group-934BE7222E24:[9e976c14-1eb0-4a89-8bf4-d18e531efd12:192.168.36.76:35555, 48aec7a3-643c-4634-bc1c-f1d63eb87aec:192.168.36.76:37975, e9710f5a-4540-4253-93a1-96ebbace2ee0:192.168.36.76:37127] returns group-934BE7222E24:java.util.concurrent.CompletableFuture@55819758[Not completed]
2019-09-10 05:39:16,728 [pool-700-thread-1] INFO  impl.RaftServerImpl (RaftServerImpl.java:<init>(95)) - e9710f5a-4540-4253-93a1-96ebbace2ee0: new RaftServerImpl for group-934BE7222E24:[9e976c14-1eb0-4a89-8bf4-d18e531efd12:192.168.36.76:35555, 48aec7a3-643c-4634-bc1c-f1d63eb87aec:192.168.36.76:37975, e9710f5a-4540-4253-93a1-96ebbace2ee0:192.168.36.76:37127] with ContainerStateMachine:uninitialized
2019-09-10 05:39:16,728 [pool-700-thread-1] INFO  server.RaftServerConfigKeys (ConfUtils.java:logGet(43)) - raft.server.rpc.timeout.min = 5s (custom)
2019-09-10 05:39:16,728 [pool-700-thread-1] INFO  server.RaftServerConfigKeys (ConfUtils.java:logGet(43)) - raft.server.rpc.timeout.max = 5200ms (custom)
2019-09-10 05:39:16,728 [pool-700-thread-1] INFO  server.RaftServerConfigKeys (ConfUtils.java:logGet(43)) - raft.server.rpcslowness.timeout = 120s (custom)
2019-09-10 05:39:16,728 [pool-700-thread-1] INFO  server.RaftServerConfigKeys (ConfUtils.java:logGet(43)) - raft.server.sleep.deviation.threshold = 300 (default)
2019-09-10 05:39:16,728 [pool-700-thread-1] INFO  server.RaftServerConfigKeys (ConfUtils.java:logGet(43)) - raft.server.log.appender.install.snapshot.enabled = false (custom)
2019-09-10 05:39:16,728 [pool-680-thread-1] INFO  impl.RaftServerImpl (RaftServerImpl.java:<init>(95)) - 9e976c14-1eb0-4a89-8bf4-d18e531efd12: new RaftServerImpl for group-934BE7222E24:[9e976c14-1eb0-4a89-8bf4-d18e531efd12:192.168.36.76:35555, 48aec7a3-643c-4634-bc1c-f1d63eb87aec:192.168.36.76:37975, e9710f5a-4540-4253-93a1-96ebbace2ee0:192.168.36.76:37127] with ContainerStateMachine:uninitialized
2019-09-10 05:39:16,728 [pool-700-thread-1] INFO  impl.RaftServerImpl (ServerState.java:<init>(103)) - e9710f5a-4540-4253-93a1-96ebbace2ee0@group-934BE7222E24: ConfigurationManager, init=-1: [9e976c14-1eb0-4a89-8bf4-d18e531efd12:192.168.36.76:35555, 48aec7a3-643c-4634-bc1c-f1d63eb87aec:192.168.36.76:37975, e9710f5a-4540-4253-93a1-96ebbace2ee0:192.168.36.76:37127], old=null, confs=<EMPTY_MAP>
2019-09-10 05:39:16,728 [pool-680-thread-1] INFO  server.RaftServerConfigKeys (ConfUtils.java:logGet(43)) - raft.server.rpc.timeout.min = 5s (custom)
2019-09-10 05:39:16,728 [pool-700-thread-1] INFO  server.RaftServerConfigKeys (ConfUtils.java:logGet(43)) - raft.server.storage.dir = [/workdir/hadoop-ozone/integration-test/target/test-dir/MiniOzoneClusterImpl-bea64e6c-8861-4610-b5db-527a5cfae2b5/datanode-2/data/ratis] (custom)
2019-09-10 05:39:16,729 [pool-720-thread-1] INFO  impl.RaftServerImpl (RaftServerImpl.java:<init>(95)) - 48aec7a3-643c-4634-bc1c-f1d63eb87aec: new RaftServerImpl for group-934BE7222E24:[9e976c14-1eb0-4a89-8bf4-d18e531efd12:192.168.36.76:35555, 48aec7a3-643c-4634-bc1c-f1d63eb87aec:192.168.36.76:37975, e9710f5a-4540-4253-93a1-96ebbace2ee0:192.168.36.76:37127] with ContainerStateMachine:uninitialized
2019-09-10 05:39:16,729 [pool-680-thread-1] INFO  server.RaftServerConfigKeys (ConfUtils.java:logGet(43)) - raft.server.rpc.timeout.max = 5200ms (custom)
2019-09-10 05:39:16,729 [pool-700-thread-1] INFO  storage.RaftStorageDirectory (RaftStorageDirectory.java:analyzeStorage(246)) - The storage directory /workdir/hadoop-ozone/integration-test/target/test-dir/MiniOzoneClusterImpl-bea64e6c-8861-4610-b5db-527a5cfae2b5/datanode-2/data/ratis/dea7c157-e074-4371-a2b0-934be7222e24 does not exist. Creating ...
2019-09-10 05:39:16,729 [pool-720-thread-1] INFO  server.RaftServerConfigKeys (ConfUtils.java:logGet(43)) - raft.server.rpc.timeout.min = 5s (custom)
2019-09-10 05:39:16,729 [pool-680-thread-1] INFO  server.RaftServerConfigKeys (ConfUtils.java:logGet(43)) - raft.server.rpcslowness.timeout = 120s (custom)
2019-09-10 05:39:16,729 [pool-720-thread-1] INFO  server.RaftServerConfigKeys (ConfUtils.java:logGet(43)) - raft.server.rpc.timeout.max = 5200ms (custom)
2019-09-10 05:39:16,729 [pool-680-thread-1] INFO  server.RaftServerConfigKeys (ConfUtils.java:logGet(43)) - raft.server.sleep.deviation.threshold = 300 (default)
2019-09-10 05:39:16,729 [pool-720-thread-1] INFO  server.RaftServerConfigKeys (ConfUtils.java:logGet(43)) - raft.server.rpcslowness.timeout = 120s (custom)
2019-09-10 05:39:16,729 [pool-680-thread-1] INFO  server.RaftServerConfigKeys (ConfUtils.java:logGet(43)) - raft.server.log.appender.install.snapshot.enabled = false (custom)
2019-09-10 05:39:16,729 [pool-720-thread-1] INFO  server.RaftServerConfigKeys (ConfUtils.java:logGet(43)) - raft.server.sleep.deviation.threshold = 300 (default)
2019-09-10 05:39:16,730 [pool-680-thread-1] INFO  impl.RaftServerImpl (ServerState.java:<init>(103)) - 9e976c14-1eb0-4a89-8bf4-d18e531efd12@group-934BE7222E24: ConfigurationManager, init=-1: [9e976c14-1eb0-4a89-8bf4-d18e531efd12:192.168.36.76:35555, 48aec7a3-643c-4634-bc1c-f1d63eb87aec:192.168.36.76:37975, e9710f5a-4540-4253-93a1-96ebbace2ee0:192.168.36.76:37127], old=null, confs=<EMPTY_MAP>
2019-09-10 05:39:16,730 [pool-720-thread-1] INFO  server.RaftServerConfigKeys (ConfUtils.java:logGet(43)) - raft.server.log.appender.install.snapshot.enabled = false (custom)
2019-09-10 05:39:16,730 [pool-680-thread-1] INFO  server.RaftServerConfigKeys (ConfUtils.java:logGet(43)) - raft.server.storage.dir = [/workdir/hadoop-ozone/integration-test/target/test-dir/MiniOzoneClusterImpl-bea64e6c-8861-4610-b5db-527a5cfae2b5/datanode-0/data/ratis] (custom)
2019-09-10 05:39:16,730 [pool-720-thread-1] INFO  impl.RaftServerImpl (ServerState.java:<init>(103)) - 48aec7a3-643c-4634-bc1c-f1d63eb87aec@group-934BE7222E24: ConfigurationManager, init=-1: [9e976c14-1eb0-4a89-8bf4-d18e531efd12:192.168.36.76:35555, 48aec7a3-643c-4634-bc1c-f1d63eb87aec:192.168.36.76:37975, e9710f5a-4540-4253-93a1-96ebbace2ee0:192.168.36.76:37127], old=null, confs=<EMPTY_MAP>
2019-09-10 05:39:16,730 [pool-720-thread-1] INFO  server.RaftServerConfigKeys (ConfUtils.java:logGet(43)) - raft.server.storage.dir = [/workdir/hadoop-ozone/integration-test/target/test-dir/MiniOzoneClusterImpl-bea64e6c-8861-4610-b5db-527a5cfae2b5/datanode-4/data/ratis] (custom)
2019-09-10 05:39:16,730 [pool-680-thread-1] INFO  storage.RaftStorageDirectory (RaftStorageDirectory.java:analyzeStorage(246)) - The storage directory /workdir/hadoop-ozone/integration-test/target/test-dir/MiniOzoneClusterImpl-bea64e6c-8861-4610-b5db-527a5cfae2b5/datanode-0/data/ratis/dea7c157-e074-4371-a2b0-934be7222e24 does not exist. Creating ...
2019-09-10 05:39:16,730 [pool-720-thread-1] INFO  storage.RaftStorageDirectory (RaftStorageDirectory.java:analyzeStorage(246)) - The storage directory /workdir/hadoop-ozone/integration-test/target/test-dir/MiniOzoneClusterImpl-bea64e6c-8861-4610-b5db-527a5cfae2b5/datanode-4/data/ratis/dea7c157-e074-4371-a2b0-934be7222e24 does not exist. Creating ...
2019-09-10 05:39:16,765 [pool-680-thread-1] INFO  storage.RaftStorageDirectory (RaftStorageDirectory.java:tryLock(328)) - Lock on /workdir/hadoop-ozone/integration-test/target/test-dir/MiniOzoneClusterImpl-bea64e6c-8861-4610-b5db-527a5cfae2b5/datanode-0/data/ratis/dea7c157-e074-4371-a2b0-934be7222e24/in_use.lock acquired by nodename 21943@trunk-nightly-20190910-vk757-903364635
2019-09-10 05:39:16,765 [pool-720-thread-1] INFO  storage.RaftStorageDirectory (RaftStorageDirectory.java:tryLock(328)) - Lock on /workdir/hadoop-ozone/integration-test/target/test-dir/MiniOzoneClusterImpl-bea64e6c-8861-4610-b5db-527a5cfae2b5/datanode-4/data/ratis/dea7c157-e074-4371-a2b0-934be7222e24/in_use.lock acquired by nodename 21943@trunk-nightly-20190910-vk757-903364635
2019-09-10 05:39:16,765 [pool-700-thread-1] INFO  storage.RaftStorageDirectory (RaftStorageDirectory.java:tryLock(328)) - Lock on /workdir/hadoop-ozone/integration-test/target/test-dir/MiniOzoneClusterImpl-bea64e6c-8861-4610-b5db-527a5cfae2b5/datanode-2/data/ratis/dea7c157-e074-4371-a2b0-934be7222e24/in_use.lock acquired by nodename 21943@trunk-nightly-20190910-vk757-903364635
2019-09-10 05:39:16,791 [pool-700-thread-1] INFO  storage.RaftStorage (RaftStorage.java:format(72)) - Storage directory /workdir/hadoop-ozone/integration-test/target/test-dir/MiniOzoneClusterImpl-bea64e6c-8861-4610-b5db-527a5cfae2b5/datanode-2/data/ratis/dea7c157-e074-4371-a2b0-934be7222e24 has been successfully formatted.
2019-09-10 05:39:16,791 [pool-680-thread-1] INFO  storage.RaftStorage (RaftStorage.java:format(72)) - Storage directory /workdir/hadoop-ozone/integration-test/target/test-dir/MiniOzoneClusterImpl-bea64e6c-8861-4610-b5db-527a5cfae2b5/datanode-0/data/ratis/dea7c157-e074-4371-a2b0-934be7222e24 has been successfully formatted.
2019-09-10 05:39:16,791 [pool-720-thread-1] INFO  storage.RaftStorage (RaftStorage.java:format(72)) - Storage directory /workdir/hadoop-ozone/integration-test/target/test-dir/MiniOzoneClusterImpl-bea64e6c-8861-4610-b5db-527a5cfae2b5/datanode-4/data/ratis/dea7c157-e074-4371-a2b0-934be7222e24 has been successfully formatted.
2019-09-10 05:39:16,792 [pool-680-thread-1] INFO  ratis.ContainerStateMachine (ContainerStateMachine.java:loadSnapshot(230)) - group-934BE7222E24: The snapshot info is null. Setting the last applied indexto:(t:0, i:~)
2019-09-10 05:39:16,791 [pool-700-thread-1] INFO  ratis.ContainerStateMachine (ContainerStateMachine.java:loadSnapshot(230)) - group-934BE7222E24: The snapshot info is null. Setting the last applied indexto:(t:0, i:~)
2019-09-10 05:39:16,792 [pool-680-thread-1] INFO  server.RaftServerConfigKeys (ConfUtils.java:logGet(43)) - raft.server.notification.no-leader.timeout = 120s (custom)
2019-09-10 05:39:16,792 [pool-720-thread-1] INFO  ratis.ContainerStateMachine (ContainerStateMachine.java:loadSnapshot(230)) - group-934BE7222E24: The snapshot info is null. Setting the last applied indexto:(t:0, i:~)
2019-09-10 05:39:16,792 [pool-680-thread-1] INFO  server.RaftServerConfigKeys (ConfUtils.java:logGet(43)) - raft.server.log.use.memory = false (default)
2019-09-10 05:39:16,792 [pool-700-thread-1] INFO  server.RaftServerConfigKeys (ConfUtils.java:logGet(43)) - raft.server.notification.no-leader.timeout = 120s (custom)
2019-09-10 05:39:16,792 [pool-680-thread-1] INFO  server.RaftServerConfigKeys (ConfUtils.java:logGet(43)) - raft.server.log.purge.gap = 1000000 (custom)
2019-09-10 05:39:16,792 [pool-720-thread-1] INFO  server.RaftServerConfigKeys (ConfUtils.java:logGet(43)) - raft.server.notification.no-leader.timeout = 120s (custom)
2019-09-10 05:39:16,793 [pool-680-thread-1] INFO  server.RaftServerConfigKeys (ConfUtils.java:logGet(43)) - raft.server.log.appender.buffer.byte-limit = 33554432 (custom)
2019-09-10 05:39:16,792 [pool-700-thread-1] INFO  server.RaftServerConfigKeys (ConfUtils.java:logGet(43)) - raft.server.log.use.memory = false (default)
2019-09-10 05:39:16,793 [pool-680-thread-1] INFO  server.RaftServerConfigKeys (ConfUtils.java:logGet(43)) - raft.server.log.segment.size.max = 1048576 (custom)
2019-09-10 05:39:16,793 [pool-720-thread-1] INFO  server.RaftServerConfigKeys (ConfUtils.java:logGet(43)) - raft.server.log.use.memory = false (default)
2019-09-10 05:39:16,793 [pool-680-thread-1] INFO  server.RaftServerConfigKeys (ConfUtils.java:logGet(43)) - raft.server.log.segment.cache.num.max = 2 (custom)
2019-09-10 05:39:16,793 [pool-700-thread-1] INFO  server.RaftServerConfigKeys (ConfUtils.java:logGet(43)) - raft.server.log.purge.gap = 1000000 (custom)
2019-09-10 05:39:16,793 [pool-680-thread-1] INFO  segmented.SegmentedRaftLogWorker (SegmentedRaftLogWorker.java:<init>(172)) - new 9e976c14-1eb0-4a89-8bf4-d18e531efd12@group-934BE7222E24-SegmentedRaftLogWorker for RaftStorage:Storage Directory /workdir/hadoop-ozone/integration-test/target/test-dir/MiniOzoneClusterImpl-bea64e6c-8861-4610-b5db-527a5cfae2b5/datanode-0/data/ratis/dea7c157-e074-4371-a2b0-934be7222e24
2019-09-10 05:39:16,793 [pool-720-thread-1] INFO  server.RaftServerConfigKeys (ConfUtils.java:logGet(43)) - raft.server.log.purge.gap = 1000000 (custom)
2019-09-10 05:39:16,794 [pool-680-thread-1] INFO  server.RaftServerConfigKeys (ConfUtils.java:logGet(43)) - raft.server.log.queue.byte-limit = 2147483647 (custom)
2019-09-10 05:39:16,793 [pool-700-thread-1] INFO  server.RaftServerConfigKeys (ConfUtils.java:logGet(43)) - raft.server.log.appender.buffer.byte-limit = 33554432 (custom)
2019-09-10 05:39:16,794 [pool-680-thread-1] INFO  server.RaftServerConfigKeys (ConfUtils.java:logGet(43)) - raft.server.log.queue.element-limit = 1024 (custom)
2019-09-10 05:39:16,794 [pool-720-thread-1] INFO  server.RaftServerConfigKeys (ConfUtils.java:logGet(43)) - raft.server.log.appender.buffer.byte-limit = 33554432 (custom)
2019-09-10 05:39:16,794 [pool-680-thread-1] INFO  server.RaftServerConfigKeys (ConfUtils.java:logGet(43)) - raft.server.log.segment.size.max = 1048576 (custom)
2019-09-10 05:39:16,794 [pool-700-thread-1] INFO  server.RaftServerConfigKeys (ConfUtils.java:logGet(43)) - raft.server.log.segment.size.max = 1048576 (custom)
2019-09-10 05:39:16,794 [pool-680-thread-1] INFO  server.RaftServerConfigKeys (ConfUtils.java:logGet(43)) - raft.server.log.preallocated.size = 16384 (custom)
2019-09-10 05:39:16,794 [pool-720-thread-1] INFO  server.RaftServerConfigKeys (ConfUtils.java:logGet(43)) - raft.server.log.segment.size.max = 1048576 (custom)
2019-09-10 05:39:16,795 [pool-680-thread-1] INFO  server.RaftServerConfigKeys (ConfUtils.java:logGet(43)) - raft.server.log.write.buffer.size = 33554432 (custom)
2019-09-10 05:39:16,794 [pool-700-thread-1] INFO  server.RaftServerConfigKeys (ConfUtils.java:logGet(43)) - raft.server.log.segment.cache.num.max = 2 (custom)
2019-09-10 05:39:16,795 [pool-680-thread-1] INFO  server.RaftServerConfigKeys (ConfUtils.java:logGet(43)) - raft.server.log.force.sync.num = 128 (default)
2019-09-10 05:39:16,795 [pool-720-thread-1] INFO  server.RaftServerConfigKeys (ConfUtils.java:logGet(43)) - raft.server.log.segment.cache.num.max = 2 (custom)
2019-09-10 05:39:16,795 [pool-680-thread-1] INFO  server.RaftServerConfigKeys (ConfUtils.java:logGet(43)) - raft.server.log.statemachine.data.sync = true (default)
2019-09-10 05:39:16,795 [pool-700-thread-1] INFO  segmented.SegmentedRaftLogWorker (SegmentedRaftLogWorker.java:<init>(172)) - new e9710f5a-4540-4253-93a1-96ebbace2ee0@group-934BE7222E24-SegmentedRaftLogWorker for RaftStorage:Storage Directory /workdir/hadoop-ozone/integration-test/target/test-dir/MiniOzoneClusterImpl-bea64e6c-8861-4610-b5db-527a5cfae2b5/datanode-2/data/ratis/dea7c157-e074-4371-a2b0-934be7222e24
2019-09-10 05:39:16,796 [pool-680-thread-1] INFO  server.RaftServerConfigKeys (ConfUtils.java:logGet(43)) - raft.server.log.statemachine.data.sync.timeout = 10s (default)
2019-09-10 05:39:16,795 [pool-720-thread-1] INFO  segmented.SegmentedRaftLogWorker (SegmentedRaftLogWorker.java:<init>(172)) - new 48aec7a3-643c-4634-bc1c-f1d63eb87aec@group-934BE7222E24-SegmentedRaftLogWorker for RaftStorage:Storage Directory /workdir/hadoop-ozone/integration-test/target/test-dir/MiniOzoneClusterImpl-bea64e6c-8861-4610-b5db-527a5cfae2b5/datanode-4/data/ratis/dea7c157-e074-4371-a2b0-934be7222e24
2019-09-10 05:39:16,796 [pool-680-thread-1] INFO  server.RaftServerConfigKeys (ConfUtils.java:logGet(43)) - raft.server.log.statemachine.data.sync.timeout.retry = -1 (default)
2019-09-10 05:39:16,796 [pool-700-thread-1] INFO  server.RaftServerConfigKeys (ConfUtils.java:logGet(43)) - raft.server.log.queue.byte-limit = 2147483647 (custom)
2019-09-10 05:39:16,796 [pool-680-thread-1] INFO  server.RaftServerConfigKeys (ConfUtils.java:logGet(43)) - raft.server.log.statemachine.data.caching.enabled = true (custom)
2019-09-10 05:39:16,796 [pool-720-thread-1] INFO  server.RaftServerConfigKeys (ConfUtils.java:logGet(43)) - raft.server.log.queue.byte-limit = 2147483647 (custom)
2019-09-10 05:39:16,796 [pool-700-thread-1] INFO  server.RaftServerConfigKeys (ConfUtils.java:logGet(43)) - raft.server.log.queue.element-limit = 1024 (custom)
2019-09-10 05:39:16,797 [pool-680-thread-1] INFO  segmented.SegmentedRaftLogWorker (SegmentedRaftLogWorker.java:lambda$new$0(132)) - 9e976c14-1eb0-4a89-8bf4-d18e531efd12@group-934BE7222E24-SegmentedRaftLogWorker: flushIndex: setUnconditionally 0 -> -1
2019-09-10 05:39:16,797 [pool-720-thread-1] INFO  server.RaftServerConfigKeys (ConfUtils.java:logGet(43)) - raft.server.log.queue.element-limit = 1024 (custom)
2019-09-10 05:39:16,797 [pool-700-thread-1] INFO  server.RaftServerConfigKeys (ConfUtils.java:logGet(43)) - raft.server.log.segment.size.max = 1048576 (custom)
2019-09-10 05:39:16,797 [pool-680-thread-1] INFO  server.RaftServerConfigKeys (ConfUtils.java:logGet(43)) - raft.server.snapshot.auto.trigger.enabled = true (custom)
2019-09-10 05:39:16,797 [pool-720-thread-1] INFO  server.RaftServerConfigKeys (ConfUtils.java:logGet(43)) - raft.server.log.segment.size.max = 1048576 (custom)
2019-09-10 05:39:16,797 [pool-680-thread-1] INFO  server.RaftServerConfigKeys (ConfUtils.java:logGet(43)) - raft.server.snapshot.auto.trigger.threshold = 10000 (custom)
2019-09-10 05:39:16,797 [pool-700-thread-1] INFO  server.RaftServerConfigKeys (ConfUtils.java:logGet(43)) - raft.server.log.preallocated.size = 16384 (custom)
2019-09-10 05:39:16,797 [pool-680-thread-1] INFO  server.RaftServerConfigKeys (ConfUtils.java:logGet(43)) - raft.server.snapshot.retention.num.files = -1 (default)
2019-09-10 05:39:16,797 [pool-720-thread-1] INFO  server.RaftServerConfigKeys (ConfUtils.java:logGet(43)) - raft.server.log.preallocated.size = 16384 (custom)
2019-09-10 05:39:16,798 [pool-680-thread-1] INFO  server.RaftServerConfigKeys (ConfUtils.java:logGet(43)) - raft.server.retrycache.expirytime = 600000ms (custom)
2019-09-10 05:39:16,798 [pool-700-thread-1] INFO  server.RaftServerConfigKeys (ConfUtils.java:logGet(43)) - raft.server.log.write.buffer.size = 33554432 (custom)
2019-09-10 05:39:16,798 [pool-720-thread-1] INFO  server.RaftServerConfigKeys (ConfUtils.java:logGet(43)) - raft.server.log.write.buffer.size = 33554432 (custom)
2019-09-10 05:39:16,798 [pool-700-thread-1] INFO  server.RaftServerConfigKeys (ConfUtils.java:logGet(43)) - raft.server.log.force.sync.num = 128 (default)
2019-09-10 05:39:16,798 [pool-720-thread-1] INFO  server.RaftServerConfigKeys (ConfUtils.java:logGet(43)) - raft.server.log.force.sync.num = 128 (default)
2019-09-10 05:39:16,798 [pool-700-thread-1] INFO  server.RaftServerConfigKeys (ConfUtils.java:logGet(43)) - raft.server.log.statemachine.data.sync = true (default)
2019-09-10 05:39:16,798 [pool-720-thread-1] INFO  server.RaftServerConfigKeys (ConfUtils.java:logGet(43)) - raft.server.log.statemachine.data.sync = true (default)
2019-09-10 05:39:16,799 [pool-700-thread-1] INFO  server.RaftServerConfigKeys (ConfUtils.java:logGet(43)) - raft.server.log.statemachine.data.sync.timeout = 10s (default)
2019-09-10 05:39:16,799 [pool-720-thread-1] INFO  server.RaftServerConfigKeys (ConfUtils.java:logGet(43)) - raft.server.log.statemachine.data.sync.timeout = 10s (default)
2019-09-10 05:39:16,799 [pool-700-thread-1] INFO  server.RaftServerConfigKeys (ConfUtils.java:logGet(43)) - raft.server.log.statemachine.data.sync.timeout.retry = -1 (default)
2019-09-10 05:39:16,799 [pool-720-thread-1] INFO  server.RaftServerConfigKeys (ConfUtils.java:logGet(43)) - raft.server.log.statemachine.data.sync.timeout.retry = -1 (default)
2019-09-10 05:39:16,799 [pool-700-thread-1] INFO  server.RaftServerConfigKeys (ConfUtils.java:logGet(43)) - raft.server.log.statemachine.data.caching.enabled = true (custom)
2019-09-10 05:39:16,799 [pool-720-thread-1] INFO  server.RaftServerConfigKeys (ConfUtils.java:logGet(43)) - raft.server.log.statemachine.data.caching.enabled = true (custom)
2019-09-10 05:39:16,799 [pool-720-thread-1] INFO  segmented.SegmentedRaftLogWorker (SegmentedRaftLogWorker.java:lambda$new$0(132)) - 48aec7a3-643c-4634-bc1c-f1d63eb87aec@group-934BE7222E24-SegmentedRaftLogWorker: flushIndex: setUnconditionally 0 -> -1
2019-09-10 05:39:16,799 [pool-680-thread-1] INFO  impl.RaftServerImpl (RaftServerImpl.java:start(185)) - 9e976c14-1eb0-4a89-8bf4-d18e531efd12@group-934BE7222E24: start as a follower, conf=-1: [9e976c14-1eb0-4a89-8bf4-d18e531efd12:192.168.36.76:35555, 48aec7a3-643c-4634-bc1c-f1d63eb87aec:192.168.36.76:37975, e9710f5a-4540-4253-93a1-96ebbace2ee0:192.168.36.76:37127], old=null
2019-09-10 05:39:16,799 [pool-700-thread-1] INFO  segmented.SegmentedRaftLogWorker (SegmentedRaftLogWorker.java:lambda$new$0(132)) - e9710f5a-4540-4253-93a1-96ebbace2ee0@group-934BE7222E24-SegmentedRaftLogWorker: flushIndex: setUnconditionally 0 -> -1
2019-09-10 05:39:16,800 [pool-680-thread-1] INFO  impl.RaftServerImpl (RaftServerImpl.java:setRole(174)) - 9e976c14-1eb0-4a89-8bf4-d18e531efd12@group-934BE7222E24: changes role from      null to FOLLOWER at term 0 for startAsFollower
2019-09-10 05:39:16,800 [pool-680-thread-1] INFO  impl.RoleInfo (RoleInfo.java:updateAndGet(143)) - 9e976c14-1eb0-4a89-8bf4-d18e531efd12: start FollowerState
2019-09-10 05:39:16,800 [pool-720-thread-1] INFO  server.RaftServerConfigKeys (ConfUtils.java:logGet(43)) - raft.server.snapshot.auto.trigger.enabled = true (custom)
2019-09-10 05:39:16,800 [pool-700-thread-1] INFO  server.RaftServerConfigKeys (ConfUtils.java:logGet(43)) - raft.server.snapshot.auto.trigger.enabled = true (custom)
2019-09-10 05:39:16,800 [pool-720-thread-1] INFO  server.RaftServerConfigKeys (ConfUtils.java:logGet(43)) - raft.server.snapshot.auto.trigger.threshold = 10000 (custom)
2019-09-10 05:39:16,800 [pool-700-thread-1] INFO  server.RaftServerConfigKeys (ConfUtils.java:logGet(43)) - raft.server.snapshot.auto.trigger.threshold = 10000 (custom)
2019-09-10 05:39:16,800 [pool-680-thread-1] INFO  util.JmxRegister (JmxRegister.java:tryRegister(44)) - Successfully registered JMX Bean with object name Ratis:service=RaftServer,group=group-934BE7222E24,id=9e976c14-1eb0-4a89-8bf4-d18e531efd12
2019-09-10 05:39:16,800 [pool-700-thread-1] INFO  server.RaftServerConfigKeys (ConfUtils.java:logGet(43)) - raft.server.snapshot.retention.num.files = -1 (default)
2019-09-10 05:39:16,800 [pool-720-thread-1] INFO  server.RaftServerConfigKeys (ConfUtils.java:logGet(43)) - raft.server.snapshot.retention.num.files = -1 (default)
2019-09-10 05:39:16,801 [pool-700-thread-1] INFO  server.RaftServerConfigKeys (ConfUtils.java:logGet(43)) - raft.server.retrycache.expirytime = 600000ms (custom)
2019-09-10 05:39:16,801 [pool-720-thread-1] INFO  server.RaftServerConfigKeys (ConfUtils.java:logGet(43)) - raft.server.retrycache.expirytime = 600000ms (custom)
2019-09-10 05:39:16,804 [pool-700-thread-1] INFO  impl.RaftServerImpl (RaftServerImpl.java:start(185)) - e9710f5a-4540-4253-93a1-96ebbace2ee0@group-934BE7222E24: start as a follower, conf=-1: [9e976c14-1eb0-4a89-8bf4-d18e531efd12:192.168.36.76:35555, 48aec7a3-643c-4634-bc1c-f1d63eb87aec:192.168.36.76:37975, e9710f5a-4540-4253-93a1-96ebbace2ee0:192.168.36.76:37127], old=null
2019-09-10 05:39:16,804 [pool-720-thread-1] INFO  impl.RaftServerImpl (RaftServerImpl.java:start(185)) - 48aec7a3-643c-4634-bc1c-f1d63eb87aec@group-934BE7222E24: start as a follower, conf=-1: [9e976c14-1eb0-4a89-8bf4-d18e531efd12:192.168.36.76:35555, 48aec7a3-643c-4634-bc1c-f1d63eb87aec:192.168.36.76:37975, e9710f5a-4540-4253-93a1-96ebbace2ee0:192.168.36.76:37127], old=null
2019-09-10 05:39:16,804 [pool-700-thread-1] INFO  impl.RaftServerImpl (RaftServerImpl.java:setRole(174)) - e9710f5a-4540-4253-93a1-96ebbace2ee0@group-934BE7222E24: changes role from      null to FOLLOWER at term 0 for startAsFollower
2019-09-10 05:39:16,804 [pool-720-thread-1] INFO  impl.RaftServerImpl (RaftServerImpl.java:setRole(174)) - 48aec7a3-643c-4634-bc1c-f1d63eb87aec@group-934BE7222E24: changes role from      null to FOLLOWER at term 0 for startAsFollower
2019-09-10 05:39:16,804 [pool-700-thread-1] INFO  impl.RoleInfo (RoleInfo.java:updateAndGet(143)) - e9710f5a-4540-4253-93a1-96ebbace2ee0: start FollowerState
2019-09-10 05:39:16,804 [pool-720-thread-1] INFO  impl.RoleInfo (RoleInfo.java:updateAndGet(143)) - 48aec7a3-643c-4634-bc1c-f1d63eb87aec: start FollowerState
2019-09-10 05:39:16,804 [pool-700-thread-1] INFO  util.JmxRegister (JmxRegister.java:tryRegister(44)) - Successfully registered JMX Bean with object name Ratis:service=RaftServer,group=group-934BE7222E24,id=e9710f5a-4540-4253-93a1-96ebbace2ee0
2019-09-10 05:39:16,805 [pool-720-thread-1] INFO  util.JmxRegister (JmxRegister.java:tryRegister(44)) - Successfully registered JMX Bean with object name Ratis:service=RaftServer,group=group-934BE7222E24,id=48aec7a3-643c-4634-bc1c-f1d63eb87aec
2019-09-10 05:39:16,807 [RatisPipelineUtilsThread] INFO  pipeline.PipelineStateManager (PipelineStateManager.java:addPipeline(56)) - Created pipeline Pipeline[ Id: dea7c157-e074-4371-a2b0-934be7222e24, Nodes: 48aec7a3-643c-4634-bc1c-f1d63eb87aec{ip: 192.168.36.76, host: trunk-nightly-20190910-vk757-903364635, networkLocation: /default-rack, certSerialId: null}9e976c14-1eb0-4a89-8bf4-d18e531efd12{ip: 192.168.36.76, host: trunk-nightly-20190910-vk757-903364635, networkLocation: /default-rack, certSerialId: null}e9710f5a-4540-4253-93a1-96ebbace2ee0{ip: 192.168.36.76, host: trunk-nightly-20190910-vk757-903364635, networkLocation: /default-rack, certSerialId: null}, Type:RATIS, Factor:THREE, State:OPEN]
2019-09-10 05:39:16,831 [grpc-default-executor-12] INFO  client.GrpcClientProtocolClient (GrpcClientProtocolClient.java:onNext(264)) - client-B3271E313DB3->48aec7a3-643c-4634-bc1c-f1d63eb87aec: receive RaftClientReply:client-B3271E313DB3->48aec7a3-643c-4634-bc1c-f1d63eb87aec@group-934BE7222E24, cid=289, FAILED org.apache.ratis.protocol.NotLeaderException: Server 48aec7a3-643c-4634-bc1c-f1d63eb87aec@group-934BE7222E24 is not the leader, logIndex=0, commits[48aec7a3-643c-4634-bc1c-f1d63eb87aec:c-1]
2019-09-10 05:39:17,844 [grpc-default-executor-12] INFO  client.GrpcClientProtocolClient (GrpcClientProtocolClient.java:onNext(264)) - client-B3271E313DB3->e9710f5a-4540-4253-93a1-96ebbace2ee0: receive RaftClientReply:client-B3271E313DB3->e9710f5a-4540-4253-93a1-96ebbace2ee0@group-934BE7222E24, cid=289, FAILED org.apache.ratis.protocol.NotLeaderException: Server e9710f5a-4540-4253-93a1-96ebbace2ee0@group-934BE7222E24 is not the leader, logIndex=0, commits[e9710f5a-4540-4253-93a1-96ebbace2ee0:c-1]
2019-09-10 05:39:18,854 [grpc-default-executor-12] INFO  client.GrpcClientProtocolClient (GrpcClientProtocolClient.java:onNext(264)) - client-B3271E313DB3->9e976c14-1eb0-4a89-8bf4-d18e531efd12: receive RaftClientReply:client-B3271E313DB3->9e976c14-1eb0-4a89-8bf4-d18e531efd12@group-934BE7222E24, cid=289, FAILED org.apache.ratis.protocol.NotLeaderException: Server 9e976c14-1eb0-4a89-8bf4-d18e531efd12@group-934BE7222E24 is not the leader, logIndex=0, commits[9e976c14-1eb0-4a89-8bf4-d18e531efd12:c-1]
2019-09-10 05:39:19,015 [Thread-4730] INFO  container.ReplicationManager (ReplicationManager.java:start(162)) - Starting Replication Monitor Thread.
2019-09-10 05:39:19,019 [ReplicationMonitor] INFO  container.ReplicationManager (ReplicationManager.java:run(225)) - Replication Monitor Thread took 0 milliseconds for processing 1 containers.
2019-09-10 05:39:19,870 [grpc-default-executor-12] INFO  client.GrpcClientProtocolClient (GrpcClientProtocolClient.java:onNext(264)) - client-B3271E313DB3->48aec7a3-643c-4634-bc1c-f1d63eb87aec: receive RaftClientReply:client-B3271E313DB3->48aec7a3-643c-4634-bc1c-f1d63eb87aec@group-934BE7222E24, cid=289, FAILED org.apache.ratis.protocol.NotLeaderException: Server 48aec7a3-643c-4634-bc1c-f1d63eb87aec@group-934BE7222E24 is not the leader, logIndex=0, commits[48aec7a3-643c-4634-bc1c-f1d63eb87aec:c-1]
2019-09-10 05:39:20,886 [grpc-default-executor-12] INFO  client.GrpcClientProtocolClient (GrpcClientProtocolClient.java:onNext(264)) - client-B3271E313DB3->9e976c14-1eb0-4a89-8bf4-d18e531efd12: receive RaftClientReply:client-B3271E313DB3->9e976c14-1eb0-4a89-8bf4-d18e531efd12@group-934BE7222E24, cid=289, FAILED org.apache.ratis.protocol.NotLeaderException: Server 9e976c14-1eb0-4a89-8bf4-d18e531efd12@group-934BE7222E24 is not the leader, logIndex=0, commits[9e976c14-1eb0-4a89-8bf4-d18e531efd12:c-1]
2019-09-10 05:39:21,193 [Thread-4732] INFO  impl.FollowerState (FollowerState.java:run(106)) - 9e976c14-1eb0-4a89-8bf4-d18e531efd12:group-EA9CABA29208 changes to CANDIDATE, lastRpcTime:5057, electionTimeout:5057ms
2019-09-10 05:39:21,193 [Thread-4732] INFO  impl.RoleInfo (RoleInfo.java:shutdownFollowerState(121)) - 9e976c14-1eb0-4a89-8bf4-d18e531efd12: shutdown FollowerState
2019-09-10 05:39:21,194 [Thread-4732] INFO  impl.RaftServerImpl (RaftServerImpl.java:setRole(174)) - 9e976c14-1eb0-4a89-8bf4-d18e531efd12@group-EA9CABA29208: changes role from  FOLLOWER to CANDIDATE at term 0 for changeToCandidate
2019-09-10 05:39:21,194 [Thread-4732] INFO  impl.RoleInfo (RoleInfo.java:updateAndGet(143)) - 9e976c14-1eb0-4a89-8bf4-d18e531efd12: start LeaderElection
2019-09-10 05:39:21,214 [9e976c14-1eb0-4a89-8bf4-d18e531efd12@group-EA9CABA29208:LeaderElection99] INFO  impl.LeaderElection (LeaderElection.java:askForVotes(182)) - 9e976c14-1eb0-4a89-8bf4-d18e531efd12@group-EA9CABA29208:LeaderElection99: begin an election at term 1 for -1: [9e976c14-1eb0-4a89-8bf4-d18e531efd12:192.168.36.76:35555], old=null
2019-09-10 05:39:21,215 [9e976c14-1eb0-4a89-8bf4-d18e531efd12@group-EA9CABA29208:LeaderElection99] INFO  impl.RoleInfo (RoleInfo.java:shutdownLeaderElection(134)) - 9e976c14-1eb0-4a89-8bf4-d18e531efd12: shutdown LeaderElection
2019-09-10 05:39:21,215 [9e976c14-1eb0-4a89-8bf4-d18e531efd12@group-EA9CABA29208:LeaderElection99] INFO  impl.RaftServerImpl (RaftServerImpl.java:setRole(174)) - 9e976c14-1eb0-4a89-8bf4-d18e531efd12@group-EA9CABA29208: changes role from CANDIDATE to LEADER at term 1 for changeToLeader
2019-09-10 05:39:21,215 [9e976c14-1eb0-4a89-8bf4-d18e531efd12@group-EA9CABA29208:LeaderElection99] INFO  impl.RaftServerImpl (ServerState.java:setLeader(253)) - 9e976c14-1eb0-4a89-8bf4-d18e531efd12@group-EA9CABA29208: change Leader from null to 9e976c14-1eb0-4a89-8bf4-d18e531efd12 at term 1 for becomeLeader, leader elected after 5089ms
2019-09-10 05:39:21,215 [9e976c14-1eb0-4a89-8bf4-d18e531efd12@group-EA9CABA29208:LeaderElection99] INFO  server.RaftServerConfigKeys (ConfUtils.java:logGet(43)) - raft.server.staging.catchup.gap = 1000 (default)
2019-09-10 05:39:21,215 [9e976c14-1eb0-4a89-8bf4-d18e531efd12@group-EA9CABA29208:LeaderElection99] INFO  server.RaftServerConfigKeys (ConfUtils.java:logGet(43)) - raft.server.rpc.sleep.time = 25ms (default)
2019-09-10 05:39:21,216 [9e976c14-1eb0-4a89-8bf4-d18e531efd12@group-EA9CABA29208:LeaderElection99] INFO  server.RaftServerConfigKeys (ConfUtils.java:logGet(43)) - raft.server.write.element-limit = 4096 (default)
2019-09-10 05:39:21,216 [9e976c14-1eb0-4a89-8bf4-d18e531efd12@group-EA9CABA29208:LeaderElection99] INFO  server.RaftServerConfigKeys (ConfUtils.java:logGet(43)) - raft.server.watch.timeout = 10s (default)
2019-09-10 05:39:21,216 [9e976c14-1eb0-4a89-8bf4-d18e531efd12@group-EA9CABA29208:LeaderElection99] INFO  server.RaftServerConfigKeys (ConfUtils.java:logGet(43)) - raft.server.watch.timeout.denomination = 1s (default)
2019-09-10 05:39:21,216 [9e976c14-1eb0-4a89-8bf4-d18e531efd12@group-EA9CABA29208:LeaderElection99] INFO  server.RaftServerConfigKeys (ConfUtils.java:logGet(43)) - raft.server.watch.element-limit = 65536 (default)
2019-09-10 05:39:21,219 [9e976c14-1eb0-4a89-8bf4-d18e531efd12@group-EA9CABA29208:LeaderElection99] INFO  impl.RoleInfo (RoleInfo.java:updateAndGet(143)) - 9e976c14-1eb0-4a89-8bf4-d18e531efd12: start LeaderState
2019-09-10 05:39:21,219 [9e976c14-1eb0-4a89-8bf4-d18e531efd12@group-EA9CABA29208:LeaderElection99] INFO  segmented.SegmentedRaftLogWorker (SegmentedRaftLogWorker.java:startLogSegment(380)) - 9e976c14-1eb0-4a89-8bf4-d18e531efd12@group-EA9CABA29208-SegmentedRaftLogWorker: Starting segment from index:0
2019-09-10 05:39:21,220 [9e976c14-1eb0-4a89-8bf4-d18e531efd12@group-EA9CABA29208:LeaderElection99] INFO  impl.RaftServerImpl (ServerState.java:setRaftConf(354)) - 9e976c14-1eb0-4a89-8bf4-d18e531efd12@group-EA9CABA29208: set configuration 0: [9e976c14-1eb0-4a89-8bf4-d18e531efd12:192.168.36.76:35555], old=null at 0
2019-09-10 05:39:21,240 [Thread-4735] INFO  impl.FollowerState (FollowerState.java:run(106)) - e42ae758-4ea9-4f6d-8c37-d6691f5271b9:group-946281E8C6AF changes to CANDIDATE, lastRpcTime:5038, electionTimeout:5038ms
2019-09-10 05:39:21,240 [Thread-4735] INFO  impl.RoleInfo (RoleInfo.java:shutdownFollowerState(121)) - e42ae758-4ea9-4f6d-8c37-d6691f5271b9: shutdown FollowerState
2019-09-10 05:39:21,240 [Thread-4735] INFO  impl.RaftServerImpl (RaftServerImpl.java:setRole(174)) - e42ae758-4ea9-4f6d-8c37-d6691f5271b9@group-946281E8C6AF: changes role from  FOLLOWER to CANDIDATE at term 0 for changeToCandidate
2019-09-10 05:39:21,240 [Thread-4735] INFO  impl.RoleInfo (RoleInfo.java:updateAndGet(143)) - e42ae758-4ea9-4f6d-8c37-d6691f5271b9: start LeaderElection
2019-09-10 05:39:21,294 [9e976c14-1eb0-4a89-8bf4-d18e531efd12@group-EA9CABA29208-SegmentedRaftLogWorker] INFO  segmented.SegmentedRaftLogWorker (SegmentedRaftLogWorker.java:execute(569)) - 9e976c14-1eb0-4a89-8bf4-d18e531efd12@group-EA9CABA29208-SegmentedRaftLogWorker: created new log segment /workdir/hadoop-ozone/integration-test/target/test-dir/MiniOzoneClusterImpl-bea64e6c-8861-4610-b5db-527a5cfae2b5/datanode-0/data/ratis/1d61111c-41ac-4ef4-ba45-ea9caba29208/current/log_inprogress_0
2019-09-10 05:39:21,295 [e42ae758-4ea9-4f6d-8c37-d6691f5271b9@group-946281E8C6AF:LeaderElection100] INFO  impl.LeaderElection (LeaderElection.java:askForVotes(182)) - e42ae758-4ea9-4f6d-8c37-d6691f5271b9@group-946281E8C6AF:LeaderElection100: begin an election at term 1 for -1: [e42ae758-4ea9-4f6d-8c37-d6691f5271b9:192.168.36.76:44169], old=null
2019-09-10 05:39:21,295 [e42ae758-4ea9-4f6d-8c37-d6691f5271b9@group-946281E8C6AF:LeaderElection100] INFO  impl.RoleInfo (RoleInfo.java:shutdownLeaderElection(134)) - e42ae758-4ea9-4f6d-8c37-d6691f5271b9: shutdown LeaderElection
2019-09-10 05:39:21,295 [e42ae758-4ea9-4f6d-8c37-d6691f5271b9@group-946281E8C6AF:LeaderElection100] INFO  impl.RaftServerImpl (RaftServerImpl.java:setRole(174)) - e42ae758-4ea9-4f6d-8c37-d6691f5271b9@group-946281E8C6AF: changes role from CANDIDATE to LEADER at term 1 for changeToLeader
2019-09-10 05:39:21,295 [e42ae758-4ea9-4f6d-8c37-d6691f5271b9@group-946281E8C6AF:LeaderElection100] INFO  impl.RaftServerImpl (ServerState.java:setLeader(253)) - e42ae758-4ea9-4f6d-8c37-d6691f5271b9@group-946281E8C6AF: change Leader from null to e42ae758-4ea9-4f6d-8c37-d6691f5271b9 at term 1 for becomeLeader, leader elected after 5099ms
2019-09-10 05:39:21,295 [e42ae758-4ea9-4f6d-8c37-d6691f5271b9@group-946281E8C6AF:LeaderElection100] INFO  server.RaftServerConfigKeys (ConfUtils.java:logGet(43)) - raft.server.staging.catchup.gap = 1000 (default)
2019-09-10 05:39:21,295 [e42ae758-4ea9-4f6d-8c37-d6691f5271b9@group-946281E8C6AF:LeaderElection100] INFO  server.RaftServerConfigKeys (ConfUtils.java:logGet(43)) - raft.server.rpc.sleep.time = 25ms (default)
2019-09-10 05:39:21,295 [e42ae758-4ea9-4f6d-8c37-d6691f5271b9@group-946281E8C6AF:LeaderElection100] INFO  server.RaftServerConfigKeys (ConfUtils.java:logGet(43)) - raft.server.write.element-limit = 4096 (default)
2019-09-10 05:39:21,296 [e42ae758-4ea9-4f6d-8c37-d6691f5271b9@group-946281E8C6AF:LeaderElection100] INFO  server.RaftServerConfigKeys (ConfUtils.java:logGet(43)) - raft.server.watch.timeout = 10s (default)
2019-09-10 05:39:21,296 [e42ae758-4ea9-4f6d-8c37-d6691f5271b9@group-946281E8C6AF:LeaderElection100] INFO  server.RaftServerConfigKeys (ConfUtils.java:logGet(43)) - raft.server.watch.timeout.denomination = 1s (default)
2019-09-10 05:39:21,296 [e42ae758-4ea9-4f6d-8c37-d6691f5271b9@group-946281E8C6AF:LeaderElection100] INFO  server.RaftServerConfigKeys (ConfUtils.java:logGet(43)) - raft.server.watch.element-limit = 65536 (default)
2019-09-10 05:39:21,297 [e42ae758-4ea9-4f6d-8c37-d6691f5271b9@group-946281E8C6AF:LeaderElection100] INFO  impl.RoleInfo (RoleInfo.java:updateAndGet(143)) - e42ae758-4ea9-4f6d-8c37-d6691f5271b9: start LeaderState
2019-09-10 05:39:21,297 [e42ae758-4ea9-4f6d-8c37-d6691f5271b9@group-946281E8C6AF:LeaderElection100] INFO  segmented.SegmentedRaftLogWorker (SegmentedRaftLogWorker.java:startLogSegment(380)) - e42ae758-4ea9-4f6d-8c37-d6691f5271b9@group-946281E8C6AF-SegmentedRaftLogWorker: Starting segment from index:0
2019-09-10 05:39:21,298 [e42ae758-4ea9-4f6d-8c37-d6691f5271b9@group-946281E8C6AF:LeaderElection100] INFO  impl.RaftServerImpl (ServerState.java:setRaftConf(354)) - e42ae758-4ea9-4f6d-8c37-d6691f5271b9@group-946281E8C6AF: set configuration 0: [e42ae758-4ea9-4f6d-8c37-d6691f5271b9:192.168.36.76:44169], old=null at 0
2019-09-10 05:39:21,352 [e42ae758-4ea9-4f6d-8c37-d6691f5271b9@group-946281E8C6AF-SegmentedRaftLogWorker] INFO  segmented.SegmentedRaftLogWorker (SegmentedRaftLogWorker.java:execute(569)) - e42ae758-4ea9-4f6d-8c37-d6691f5271b9@group-946281E8C6AF-SegmentedRaftLogWorker: created new log segment /workdir/hadoop-ozone/integration-test/target/test-dir/MiniOzoneClusterImpl-bea64e6c-8861-4610-b5db-527a5cfae2b5/datanode-1/data/ratis/6f4b9efb-5464-4a42-be08-946281e8c6af/current/log_inprogress_0
2019-09-10 05:39:21,376 [Thread-4738] INFO  impl.FollowerState (FollowerState.java:run(106)) - 609ec3c0-9d0d-4099-a96c-9dbce2d5132e:group-6D09D1773C69 changes to CANDIDATE, lastRpcTime:5089, electionTimeout:5089ms
2019-09-10 05:39:21,376 [Thread-4738] INFO  impl.RoleInfo (RoleInfo.java:shutdownFollowerState(121)) - 609ec3c0-9d0d-4099-a96c-9dbce2d5132e: shutdown FollowerState
2019-09-10 05:39:21,376 [Thread-4738] INFO  impl.RaftServerImpl (RaftServerImpl.java:setRole(174)) - 609ec3c0-9d0d-4099-a96c-9dbce2d5132e@group-6D09D1773C69: changes role from  FOLLOWER to CANDIDATE at term 0 for changeToCandidate
2019-09-10 05:39:21,376 [Thread-4738] INFO  impl.RoleInfo (RoleInfo.java:updateAndGet(143)) - 609ec3c0-9d0d-4099-a96c-9dbce2d5132e: start LeaderElection
2019-09-10 05:39:21,388 [609ec3c0-9d0d-4099-a96c-9dbce2d5132e@group-6D09D1773C69:LeaderElection101] INFO  impl.LeaderElection (LeaderElection.java:askForVotes(182)) - 609ec3c0-9d0d-4099-a96c-9dbce2d5132e@group-6D09D1773C69:LeaderElection101: begin an election at term 1 for -1: [609ec3c0-9d0d-4099-a96c-9dbce2d5132e:192.168.36.76:35964], old=null
2019-09-10 05:39:21,388 [609ec3c0-9d0d-4099-a96c-9dbce2d5132e@group-6D09D1773C69:LeaderElection101] INFO  impl.RoleInfo (RoleInfo.java:shutdownLeaderElection(134)) - 609ec3c0-9d0d-4099-a96c-9dbce2d5132e: shutdown LeaderElection
2019-09-10 05:39:21,388 [609ec3c0-9d0d-4099-a96c-9dbce2d5132e@group-6D09D1773C69:LeaderElection101] INFO  impl.RaftServerImpl (RaftServerImpl.java:setRole(174)) - 609ec3c0-9d0d-4099-a96c-9dbce2d5132e@group-6D09D1773C69: changes role from CANDIDATE to LEADER at term 1 for changeToLeader
2019-09-10 05:39:21,388 [609ec3c0-9d0d-4099-a96c-9dbce2d5132e@group-6D09D1773C69:LeaderElection101] INFO  impl.RaftServerImpl (ServerState.java:setLeader(253)) - 609ec3c0-9d0d-4099-a96c-9dbce2d5132e@group-6D09D1773C69: change Leader from null to 609ec3c0-9d0d-4099-a96c-9dbce2d5132e at term 1 for becomeLeader, leader elected after 5109ms
2019-09-10 05:39:21,388 [609ec3c0-9d0d-4099-a96c-9dbce2d5132e@group-6D09D1773C69:LeaderElection101] INFO  server.RaftServerConfigKeys (ConfUtils.java:logGet(43)) - raft.server.staging.catchup.gap = 1000 (default)
2019-09-10 05:39:21,389 [609ec3c0-9d0d-4099-a96c-9dbce2d5132e@group-6D09D1773C69:LeaderElection101] INFO  server.RaftServerConfigKeys (ConfUtils.java:logGet(43)) - raft.server.rpc.sleep.time = 25ms (default)
2019-09-10 05:39:21,389 [609ec3c0-9d0d-4099-a96c-9dbce2d5132e@group-6D09D1773C69:LeaderElection101] INFO  server.RaftServerConfigKeys (ConfUtils.java:logGet(43)) - raft.server.write.element-limit = 4096 (default)
2019-09-10 05:39:21,389 [609ec3c0-9d0d-4099-a96c-9dbce2d5132e@group-6D09D1773C69:LeaderElection101] INFO  server.RaftServerConfigKeys (ConfUtils.java:logGet(43)) - raft.server.watch.timeout = 10s (default)
2019-09-10 05:39:21,389 [609ec3c0-9d0d-4099-a96c-9dbce2d5132e@group-6D09D1773C69:LeaderElection101] INFO  server.RaftServerConfigKeys (ConfUtils.java:logGet(43)) - raft.server.watch.timeout.denomination = 1s (default)
2019-09-10 05:39:21,389 [609ec3c0-9d0d-4099-a96c-9dbce2d5132e@group-6D09D1773C69:LeaderElection101] INFO  server.RaftServerConfigKeys (ConfUtils.java:logGet(43)) - raft.server.watch.element-limit = 65536 (default)
2019-09-10 05:39:21,390 [609ec3c0-9d0d-4099-a96c-9dbce2d5132e@group-6D09D1773C69:LeaderElection101] INFO  impl.RoleInfo (RoleInfo.java:updateAndGet(143)) - 609ec3c0-9d0d-4099-a96c-9dbce2d5132e: start LeaderState
2019-09-10 05:39:21,391 [609ec3c0-9d0d-4099-a96c-9dbce2d5132e@group-6D09D1773C69:LeaderElection101] INFO  segmented.SegmentedRaftLogWorker (SegmentedRaftLogWorker.java:startLogSegment(380)) - 609ec3c0-9d0d-4099-a96c-9dbce2d5132e@group-6D09D1773C69-SegmentedRaftLogWorker: Starting segment from index:0
2019-09-10 05:39:21,391 [609ec3c0-9d0d-4099-a96c-9dbce2d5132e@group-6D09D1773C69:LeaderElection101] INFO  impl.RaftServerImpl (ServerState.java:setRaftConf(354)) - 609ec3c0-9d0d-4099-a96c-9dbce2d5132e@group-6D09D1773C69: set configuration 0: [609ec3c0-9d0d-4099-a96c-9dbce2d5132e:192.168.36.76:35964], old=null at 0
2019-09-10 05:39:21,421 [609ec3c0-9d0d-4099-a96c-9dbce2d5132e@group-6D09D1773C69-SegmentedRaftLogWorker] INFO  segmented.SegmentedRaftLogWorker (SegmentedRaftLogWorker.java:execute(569)) - 609ec3c0-9d0d-4099-a96c-9dbce2d5132e@group-6D09D1773C69-SegmentedRaftLogWorker: created new log segment /workdir/hadoop-ozone/integration-test/target/test-dir/MiniOzoneClusterImpl-bea64e6c-8861-4610-b5db-527a5cfae2b5/datanode-3/data/ratis/496aecd8-6c02-4f21-9622-6d09d1773c69/current/log_inprogress_0
2019-09-10 05:39:21,474 [Thread-4741] INFO  impl.FollowerState (FollowerState.java:run(106)) - 48aec7a3-643c-4634-bc1c-f1d63eb87aec:group-5E2DE17D801F changes to CANDIDATE, lastRpcTime:5094, electionTimeout:5094ms
2019-09-10 05:39:21,475 [Thread-4741] INFO  impl.RoleInfo (RoleInfo.java:shutdownFollowerState(121)) - 48aec7a3-643c-4634-bc1c-f1d63eb87aec: shutdown FollowerState
2019-09-10 05:39:21,475 [Thread-4741] INFO  impl.RaftServerImpl (RaftServerImpl.java:setRole(174)) - 48aec7a3-643c-4634-bc1c-f1d63eb87aec@group-5E2DE17D801F: changes role from  FOLLOWER to CANDIDATE at term 0 for changeToCandidate
2019-09-10 05:39:21,475 [Thread-4741] INFO  impl.RoleInfo (RoleInfo.java:updateAndGet(143)) - 48aec7a3-643c-4634-bc1c-f1d63eb87aec: start LeaderElection
2019-09-10 05:39:21,524 [48aec7a3-643c-4634-bc1c-f1d63eb87aec@group-5E2DE17D801F:LeaderElection102] INFO  impl.LeaderElection (LeaderElection.java:askForVotes(182)) - 48aec7a3-643c-4634-bc1c-f1d63eb87aec@group-5E2DE17D801F:LeaderElection102: begin an election at term 1 for -1: [48aec7a3-643c-4634-bc1c-f1d63eb87aec:192.168.36.76:37975], old=null
2019-09-10 05:39:21,524 [48aec7a3-643c-4634-bc1c-f1d63eb87aec@group-5E2DE17D801F:LeaderElection102] INFO  impl.RoleInfo (RoleInfo.java:shutdownLeaderElection(134)) - 48aec7a3-643c-4634-bc1c-f1d63eb87aec: shutdown LeaderElection
2019-09-10 05:39:21,524 [48aec7a3-643c-4634-bc1c-f1d63eb87aec@group-5E2DE17D801F:LeaderElection102] INFO  impl.RaftServerImpl (RaftServerImpl.java:setRole(174)) - 48aec7a3-643c-4634-bc1c-f1d63eb87aec@group-5E2DE17D801F: changes role from CANDIDATE to LEADER at term 1 for changeToLeader
2019-09-10 05:39:21,524 [48aec7a3-643c-4634-bc1c-f1d63eb87aec@group-5E2DE17D801F:LeaderElection102] INFO  impl.RaftServerImpl (ServerState.java:setLeader(253)) - 48aec7a3-643c-4634-bc1c-f1d63eb87aec@group-5E2DE17D801F: change Leader from null to 48aec7a3-643c-4634-bc1c-f1d63eb87aec at term 1 for becomeLeader, leader elected after 5151ms
2019-09-10 05:39:21,525 [48aec7a3-643c-4634-bc1c-f1d63eb87aec@group-5E2DE17D801F:LeaderElection102] INFO  server.RaftServerConfigKeys (ConfUtils.java:logGet(43)) - raft.server.staging.catchup.gap = 1000 (default)
2019-09-10 05:39:21,525 [48aec7a3-643c-4634-bc1c-f1d63eb87aec@group-5E2DE17D801F:LeaderElection102] INFO  server.RaftServerConfigKeys (ConfUtils.java:logGet(43)) - raft.server.rpc.sleep.time = 25ms (default)
2019-09-10 05:39:21,525 [48aec7a3-643c-4634-bc1c-f1d63eb87aec@group-5E2DE17D801F:LeaderElection102] INFO  server.RaftServerConfigKeys (ConfUtils.java:logGet(43)) - raft.server.write.element-limit = 4096 (default)
2019-09-10 05:39:21,525 [48aec7a3-643c-4634-bc1c-f1d63eb87aec@group-5E2DE17D801F:LeaderElection102] INFO  server.RaftServerConfigKeys (ConfUtils.java:logGet(43)) - raft.server.watch.timeout = 10s (default)
2019-09-10 05:39:21,525 [48aec7a3-643c-4634-bc1c-f1d63eb87aec@group-5E2DE17D801F:LeaderElection102] INFO  server.RaftServerConfigKeys (ConfUtils.java:logGet(43)) - raft.server.watch.timeout.denomination = 1s (default)
2019-09-10 05:39:21,525 [48aec7a3-643c-4634-bc1c-f1d63eb87aec@group-5E2DE17D801F:LeaderElection102] INFO  server.RaftServerConfigKeys (ConfUtils.java:logGet(43)) - raft.server.watch.element-limit = 65536 (default)
2019-09-10 05:39:21,526 [48aec7a3-643c-4634-bc1c-f1d63eb87aec@group-5E2DE17D801F:LeaderElection102] INFO  impl.RoleInfo (RoleInfo.java:updateAndGet(143)) - 48aec7a3-643c-4634-bc1c-f1d63eb87aec: start LeaderState
2019-09-10 05:39:21,527 [48aec7a3-643c-4634-bc1c-f1d63eb87aec@group-5E2DE17D801F:LeaderElection102] INFO  segmented.SegmentedRaftLogWorker (SegmentedRaftLogWorker.java:startLogSegment(380)) - 48aec7a3-643c-4634-bc1c-f1d63eb87aec@group-5E2DE17D801F-SegmentedRaftLogWorker: Starting segment from index:0
2019-09-10 05:39:21,527 [48aec7a3-643c-4634-bc1c-f1d63eb87aec@group-5E2DE17D801F:LeaderElection102] INFO  impl.RaftServerImpl (ServerState.java:setRaftConf(354)) - 48aec7a3-643c-4634-bc1c-f1d63eb87aec@group-5E2DE17D801F: set configuration 0: [48aec7a3-643c-4634-bc1c-f1d63eb87aec:192.168.36.76:37975], old=null at 0
2019-09-10 05:39:21,553 [Thread-4747] INFO  impl.FollowerState (FollowerState.java:run(106)) - bce8a7d4-8dd0-462c-884e-e9994e0d492a:group-F60B237F9545 changes to CANDIDATE, lastRpcTime:5042, electionTimeout:5042ms
2019-09-10 05:39:21,553 [Thread-4747] INFO  impl.RoleInfo (RoleInfo.java:shutdownFollowerState(121)) - bce8a7d4-8dd0-462c-884e-e9994e0d492a: shutdown FollowerState
2019-09-10 05:39:21,554 [Thread-4747] INFO  impl.RaftServerImpl (RaftServerImpl.java:setRole(174)) - bce8a7d4-8dd0-462c-884e-e9994e0d492a@group-F60B237F9545: changes role from  FOLLOWER to CANDIDATE at term 0 for changeToCandidate
2019-09-10 05:39:21,554 [Thread-4747] INFO  impl.RoleInfo (RoleInfo.java:updateAndGet(143)) - bce8a7d4-8dd0-462c-884e-e9994e0d492a: start LeaderElection
2019-09-10 05:39:21,590 [48aec7a3-643c-4634-bc1c-f1d63eb87aec@group-5E2DE17D801F-SegmentedRaftLogWorker] INFO  segmented.SegmentedRaftLogWorker (SegmentedRaftLogWorker.java:execute(569)) - 48aec7a3-643c-4634-bc1c-f1d63eb87aec@group-5E2DE17D801F-SegmentedRaftLogWorker: created new log segment /workdir/hadoop-ozone/integration-test/target/test-dir/MiniOzoneClusterImpl-bea64e6c-8861-4610-b5db-527a5cfae2b5/datanode-4/data/ratis/39dbffa8-14bb-4b51-9bea-5e2de17d801f/current/log_inprogress_0
2019-09-10 05:39:21,590 [bce8a7d4-8dd0-462c-884e-e9994e0d492a@group-F60B237F9545:LeaderElection103] INFO  impl.LeaderElection (LeaderElection.java:askForVotes(182)) - bce8a7d4-8dd0-462c-884e-e9994e0d492a@group-F60B237F9545:LeaderElection103: begin an election at term 1 for -1: [bce8a7d4-8dd0-462c-884e-e9994e0d492a:192.168.36.76:41181], old=null
2019-09-10 05:39:21,590 [bce8a7d4-8dd0-462c-884e-e9994e0d492a@group-F60B237F9545:LeaderElection103] INFO  impl.RoleInfo (RoleInfo.java:shutdownLeaderElection(134)) - bce8a7d4-8dd0-462c-884e-e9994e0d492a: shutdown LeaderElection
2019-09-10 05:39:21,590 [bce8a7d4-8dd0-462c-884e-e9994e0d492a@group-F60B237F9545:LeaderElection103] INFO  impl.RaftServerImpl (RaftServerImpl.java:setRole(174)) - bce8a7d4-8dd0-462c-884e-e9994e0d492a@group-F60B237F9545: changes role from CANDIDATE to LEADER at term 1 for changeToLeader
2019-09-10 05:39:21,591 [bce8a7d4-8dd0-462c-884e-e9994e0d492a@group-F60B237F9545:LeaderElection103] INFO  impl.RaftServerImpl (ServerState.java:setLeader(253)) - bce8a7d4-8dd0-462c-884e-e9994e0d492a@group-F60B237F9545: change Leader from null to bce8a7d4-8dd0-462c-884e-e9994e0d492a at term 1 for becomeLeader, leader elected after 5090ms
2019-09-10 05:39:21,591 [bce8a7d4-8dd0-462c-884e-e9994e0d492a@group-F60B237F9545:LeaderElection103] INFO  server.RaftServerConfigKeys (ConfUtils.java:logGet(43)) - raft.server.staging.catchup.gap = 1000 (default)
2019-09-10 05:39:21,591 [bce8a7d4-8dd0-462c-884e-e9994e0d492a@group-F60B237F9545:LeaderElection103] INFO  server.RaftServerConfigKeys (ConfUtils.java:logGet(43)) - raft.server.rpc.sleep.time = 25ms (default)
2019-09-10 05:39:21,591 [bce8a7d4-8dd0-462c-884e-e9994e0d492a@group-F60B237F9545:LeaderElection103] INFO  server.RaftServerConfigKeys (ConfUtils.java:logGet(43)) - raft.server.write.element-limit = 4096 (default)
2019-09-10 05:39:21,591 [bce8a7d4-8dd0-462c-884e-e9994e0d492a@group-F60B237F9545:LeaderElection103] INFO  server.RaftServerConfigKeys (ConfUtils.java:logGet(43)) - raft.server.watch.timeout = 10s (default)
2019-09-10 05:39:21,591 [bce8a7d4-8dd0-462c-884e-e9994e0d492a@group-F60B237F9545:LeaderElection103] INFO  server.RaftServerConfigKeys (ConfUtils.java:logGet(43)) - raft.server.watch.timeout.denomination = 1s (default)
2019-09-10 05:39:21,591 [bce8a7d4-8dd0-462c-884e-e9994e0d492a@group-F60B237F9545:LeaderElection103] INFO  server.RaftServerConfigKeys (ConfUtils.java:logGet(43)) - raft.server.watch.element-limit = 65536 (default)
2019-09-10 05:39:21,593 [bce8a7d4-8dd0-462c-884e-e9994e0d492a@group-F60B237F9545:LeaderElection103] INFO  impl.RoleInfo (RoleInfo.java:updateAndGet(143)) - bce8a7d4-8dd0-462c-884e-e9994e0d492a: start LeaderState
2019-09-10 05:39:21,593 [bce8a7d4-8dd0-462c-884e-e9994e0d492a@group-F60B237F9545:LeaderElection103] INFO  segmented.SegmentedRaftLogWorker (SegmentedRaftLogWorker.java:startLogSegment(380)) - bce8a7d4-8dd0-462c-884e-e9994e0d492a@group-F60B237F9545-SegmentedRaftLogWorker: Starting segment from index:0
2019-09-10 05:39:21,594 [bce8a7d4-8dd0-462c-884e-e9994e0d492a@group-F60B237F9545:LeaderElection103] INFO  impl.RaftServerImpl (ServerState.java:setRaftConf(354)) - bce8a7d4-8dd0-462c-884e-e9994e0d492a@group-F60B237F9545: set configuration 0: [bce8a7d4-8dd0-462c-884e-e9994e0d492a:192.168.36.76:41181], old=null at 0
2019-09-10 05:39:21,618 [Thread-4750] INFO  impl.FollowerState (FollowerState.java:run(106)) - e9710f5a-4540-4253-93a1-96ebbace2ee0:group-625F5230EC8F changes to CANDIDATE, lastRpcTime:5066, electionTimeout:5066ms
2019-09-10 05:39:21,619 [Thread-4750] INFO  impl.RoleInfo (RoleInfo.java:shutdownFollowerState(121)) - e9710f5a-4540-4253-93a1-96ebbace2ee0: shutdown FollowerState
2019-09-10 05:39:21,619 [Thread-4750] INFO  impl.RaftServerImpl (RaftServerImpl.java:setRole(174)) - e9710f5a-4540-4253-93a1-96ebbace2ee0@group-625F5230EC8F: changes role from  FOLLOWER to CANDIDATE at term 0 for changeToCandidate
2019-09-10 05:39:21,619 [Thread-4750] INFO  impl.RoleInfo (RoleInfo.java:updateAndGet(143)) - e9710f5a-4540-4253-93a1-96ebbace2ee0: start LeaderElection
2019-09-10 05:39:21,670 [bce8a7d4-8dd0-462c-884e-e9994e0d492a@group-F60B237F9545-SegmentedRaftLogWorker] INFO  segmented.SegmentedRaftLogWorker (SegmentedRaftLogWorker.java:execute(569)) - bce8a7d4-8dd0-462c-884e-e9994e0d492a@group-F60B237F9545-SegmentedRaftLogWorker: created new log segment /workdir/hadoop-ozone/integration-test/target/test-dir/MiniOzoneClusterImpl-bea64e6c-8861-4610-b5db-527a5cfae2b5/datanode-6/data/ratis/2ef98211-e685-422f-9d05-f60b237f9545/current/log_inprogress_0
2019-09-10 05:39:21,670 [e9710f5a-4540-4253-93a1-96ebbace2ee0@group-625F5230EC8F:LeaderElection104] INFO  impl.LeaderElection (LeaderElection.java:askForVotes(182)) - e9710f5a-4540-4253-93a1-96ebbace2ee0@group-625F5230EC8F:LeaderElection104: begin an election at term 1 for -1: [e9710f5a-4540-4253-93a1-96ebbace2ee0:192.168.36.76:37127], old=null
2019-09-10 05:39:21,671 [e9710f5a-4540-4253-93a1-96ebbace2ee0@group-625F5230EC8F:LeaderElection104] INFO  impl.RoleInfo (RoleInfo.java:shutdownLeaderElection(134)) - e9710f5a-4540-4253-93a1-96ebbace2ee0: shutdown LeaderElection
2019-09-10 05:39:21,671 [e9710f5a-4540-4253-93a1-96ebbace2ee0@group-625F5230EC8F:LeaderElection104] INFO  impl.RaftServerImpl (RaftServerImpl.java:setRole(174)) - e9710f5a-4540-4253-93a1-96ebbace2ee0@group-625F5230EC8F: changes role from CANDIDATE to LEADER at term 1 for changeToLeader
2019-09-10 05:39:21,671 [e9710f5a-4540-4253-93a1-96ebbace2ee0@group-625F5230EC8F:LeaderElection104] INFO  impl.RaftServerImpl (ServerState.java:setLeader(253)) - e9710f5a-4540-4253-93a1-96ebbace2ee0@group-625F5230EC8F: change Leader from null to e9710f5a-4540-4253-93a1-96ebbace2ee0 at term 1 for becomeLeader, leader elected after 5123ms
2019-09-10 05:39:21,671 [e9710f5a-4540-4253-93a1-96ebbace2ee0@group-625F5230EC8F:LeaderElection104] INFO  server.RaftServerConfigKeys (ConfUtils.java:logGet(43)) - raft.server.staging.catchup.gap = 1000 (default)
2019-09-10 05:39:21,671 [e9710f5a-4540-4253-93a1-96ebbace2ee0@group-625F5230EC8F:LeaderElection104] INFO  server.RaftServerConfigKeys (ConfUtils.java:logGet(43)) - raft.server.rpc.sleep.time = 25ms (default)
2019-09-10 05:39:21,671 [e9710f5a-4540-4253-93a1-96ebbace2ee0@group-625F5230EC8F:LeaderElection104] INFO  server.RaftServerConfigKeys (ConfUtils.java:logGet(43)) - raft.server.write.element-limit = 4096 (default)
2019-09-10 05:39:21,672 [e9710f5a-4540-4253-93a1-96ebbace2ee0@group-625F5230EC8F:LeaderElection104] INFO  server.RaftServerConfigKeys (ConfUtils.java:logGet(43)) - raft.server.watch.timeout = 10s (default)
2019-09-10 05:39:21,672 [e9710f5a-4540-4253-93a1-96ebbace2ee0@group-625F5230EC8F:LeaderElection104] INFO  server.RaftServerConfigKeys (ConfUtils.java:logGet(43)) - raft.server.watch.timeout.denomination = 1s (default)
2019-09-10 05:39:21,672 [e9710f5a-4540-4253-93a1-96ebbace2ee0@group-625F5230EC8F:LeaderElection104] INFO  server.RaftServerConfigKeys (ConfUtils.java:logGet(43)) - raft.server.watch.element-limit = 65536 (default)
2019-09-10 05:39:21,674 [e9710f5a-4540-4253-93a1-96ebbace2ee0@group-625F5230EC8F:LeaderElection104] INFO  impl.RoleInfo (RoleInfo.java:updateAndGet(143)) - e9710f5a-4540-4253-93a1-96ebbace2ee0: start LeaderState
2019-09-10 05:39:21,674 [e9710f5a-4540-4253-93a1-96ebbace2ee0@group-625F5230EC8F:LeaderElection104] INFO  segmented.SegmentedRaftLogWorker (SegmentedRaftLogWorker.java:startLogSegment(380)) - e9710f5a-4540-4253-93a1-96ebbace2ee0@group-625F5230EC8F-SegmentedRaftLogWorker: Starting segment from index:0
2019-09-10 05:39:21,675 [e9710f5a-4540-4253-93a1-96ebbace2ee0@group-625F5230EC8F:LeaderElection104] INFO  impl.RaftServerImpl (ServerState.java:setRaftConf(354)) - e9710f5a-4540-4253-93a1-96ebbace2ee0@group-625F5230EC8F: set configuration 0: [e9710f5a-4540-4253-93a1-96ebbace2ee0:192.168.36.76:37127], old=null at 0
2019-09-10 05:39:21,722 [e9710f5a-4540-4253-93a1-96ebbace2ee0@group-625F5230EC8F-SegmentedRaftLogWorker] INFO  segmented.SegmentedRaftLogWorker (SegmentedRaftLogWorker.java:execute(569)) - e9710f5a-4540-4253-93a1-96ebbace2ee0@group-625F5230EC8F-SegmentedRaftLogWorker: created new log segment /workdir/hadoop-ozone/integration-test/target/test-dir/MiniOzoneClusterImpl-bea64e6c-8861-4610-b5db-527a5cfae2b5/datanode-2/data/ratis/2c51ce17-c791-41c9-a0c2-625f5230ec8f/current/log_inprogress_0
2019-09-10 05:39:21,724 [Thread-4760] INFO  impl.FollowerState (FollowerState.java:run(106)) - e42ae758-4ea9-4f6d-8c37-d6691f5271b9:group-6C0282CCCCEA changes to CANDIDATE, lastRpcTime:5011, electionTimeout:5011ms
2019-09-10 05:39:21,725 [Thread-4756] INFO  impl.FollowerState (FollowerState.java:run(106)) - 609ec3c0-9d0d-4099-a96c-9dbce2d5132e:group-6C0282CCCCEA changes to CANDIDATE, lastRpcTime:5024, electionTimeout:5024ms
2019-09-10 05:39:21,725 [Thread-4760] INFO  impl.RoleInfo (RoleInfo.java:shutdownFollowerState(121)) - e42ae758-4ea9-4f6d-8c37-d6691f5271b9: shutdown FollowerState
2019-09-10 05:39:21,725 [Thread-4760] INFO  impl.RaftServerImpl (RaftServerImpl.java:setRole(174)) - e42ae758-4ea9-4f6d-8c37-d6691f5271b9@group-6C0282CCCCEA: changes role from  FOLLOWER to CANDIDATE at term 0 for changeToCandidate
2019-09-10 05:39:21,725 [Thread-4756] INFO  impl.RoleInfo (RoleInfo.java:shutdownFollowerState(121)) - 609ec3c0-9d0d-4099-a96c-9dbce2d5132e: shutdown FollowerState
2019-09-10 05:39:21,725 [Thread-4760] INFO  impl.RoleInfo (RoleInfo.java:updateAndGet(143)) - e42ae758-4ea9-4f6d-8c37-d6691f5271b9: start LeaderElection
2019-09-10 05:39:21,725 [Thread-4756] INFO  impl.RaftServerImpl (RaftServerImpl.java:setRole(174)) - 609ec3c0-9d0d-4099-a96c-9dbce2d5132e@group-6C0282CCCCEA: changes role from  FOLLOWER to CANDIDATE at term 0 for changeToCandidate
2019-09-10 05:39:21,725 [Thread-4756] INFO  impl.RoleInfo (RoleInfo.java:updateAndGet(143)) - 609ec3c0-9d0d-4099-a96c-9dbce2d5132e: start LeaderElection
2019-09-10 05:39:21,745 [Thread-4753] INFO  impl.FollowerState (FollowerState.java:run(106)) - 5b3d6723-2425-464a-a9e3-6f5bc8440fc1:group-08FAE14E0180 changes to CANDIDATE, lastRpcTime:5133, electionTimeout:5133ms
2019-09-10 05:39:21,745 [Thread-4753] INFO  impl.RoleInfo (RoleInfo.java:shutdownFollowerState(121)) - 5b3d6723-2425-464a-a9e3-6f5bc8440fc1: shutdown FollowerState
2019-09-10 05:39:21,745 [Thread-4753] INFO  impl.RaftServerImpl (RaftServerImpl.java:setRole(174)) - 5b3d6723-2425-464a-a9e3-6f5bc8440fc1@group-08FAE14E0180: changes role from  FOLLOWER to CANDIDATE at term 0 for changeToCandidate
2019-09-10 05:39:21,746 [Thread-4753] INFO  impl.RoleInfo (RoleInfo.java:updateAndGet(143)) - 5b3d6723-2425-464a-a9e3-6f5bc8440fc1: start LeaderElection
2019-09-10 05:39:21,755 [609ec3c0-9d0d-4099-a96c-9dbce2d5132e@group-6C0282CCCCEA:LeaderElection106] INFO  impl.LeaderElection (LeaderElection.java:askForVotes(182)) - 609ec3c0-9d0d-4099-a96c-9dbce2d5132e@group-6C0282CCCCEA:LeaderElection106: begin an election at term 1 for -1: [bce8a7d4-8dd0-462c-884e-e9994e0d492a:192.168.36.76:41181, e42ae758-4ea9-4f6d-8c37-d6691f5271b9:192.168.36.76:44169, 609ec3c0-9d0d-4099-a96c-9dbce2d5132e:192.168.36.76:35964], old=null
2019-09-10 05:39:21,755 [e42ae758-4ea9-4f6d-8c37-d6691f5271b9@group-6C0282CCCCEA:LeaderElection105] INFO  impl.LeaderElection (LeaderElection.java:askForVotes(182)) - e42ae758-4ea9-4f6d-8c37-d6691f5271b9@group-6C0282CCCCEA:LeaderElection105: begin an election at term 1 for -1: [bce8a7d4-8dd0-462c-884e-e9994e0d492a:192.168.36.76:41181, e42ae758-4ea9-4f6d-8c37-d6691f5271b9:192.168.36.76:44169, 609ec3c0-9d0d-4099-a96c-9dbce2d5132e:192.168.36.76:35964], old=null
2019-09-10 05:39:21,768 [grpc-default-executor-11] INFO  impl.RaftServerImpl (RaftServerImpl.java:setRole(174)) - bce8a7d4-8dd0-462c-884e-e9994e0d492a@group-6C0282CCCCEA: changes role from  FOLLOWER to FOLLOWER at term 1 for recognizeCandidate:609ec3c0-9d0d-4099-a96c-9dbce2d5132e
2019-09-10 05:39:21,769 [grpc-default-executor-11] INFO  impl.RoleInfo (RoleInfo.java:shutdownFollowerState(121)) - bce8a7d4-8dd0-462c-884e-e9994e0d492a: shutdown FollowerState
2019-09-10 05:39:21,772 [grpc-default-executor-11] INFO  impl.RoleInfo (RoleInfo.java:updateAndGet(143)) - bce8a7d4-8dd0-462c-884e-e9994e0d492a: start FollowerState
2019-09-10 05:39:21,772 [Thread-4761] INFO  impl.FollowerState (FollowerState.java:run(115)) - bce8a7d4-8dd0-462c-884e-e9994e0d492a: FollowerState was interrupted: java.lang.InterruptedException: sleep interrupted
2019-09-10 05:39:21,775 [5b3d6723-2425-464a-a9e3-6f5bc8440fc1@group-08FAE14E0180:LeaderElection107] INFO  impl.LeaderElection (LeaderElection.java:askForVotes(182)) - 5b3d6723-2425-464a-a9e3-6f5bc8440fc1@group-08FAE14E0180:LeaderElection107: begin an election at term 1 for -1: [5b3d6723-2425-464a-a9e3-6f5bc8440fc1:192.168.36.76:38760], old=null
2019-09-10 05:39:21,775 [5b3d6723-2425-464a-a9e3-6f5bc8440fc1@group-08FAE14E0180:LeaderElection107] INFO  impl.RoleInfo (RoleInfo.java:shutdownLeaderElection(134)) - 5b3d6723-2425-464a-a9e3-6f5bc8440fc1: shutdown LeaderElection
2019-09-10 05:39:21,776 [5b3d6723-2425-464a-a9e3-6f5bc8440fc1@group-08FAE14E0180:LeaderElection107] INFO  impl.RaftServerImpl (RaftServerImpl.java:setRole(174)) - 5b3d6723-2425-464a-a9e3-6f5bc8440fc1@group-08FAE14E0180: changes role from CANDIDATE to LEADER at term 1 for changeToLeader
2019-09-10 05:39:21,776 [5b3d6723-2425-464a-a9e3-6f5bc8440fc1@group-08FAE14E0180:LeaderElection107] INFO  impl.RaftServerImpl (ServerState.java:setLeader(253)) - 5b3d6723-2425-464a-a9e3-6f5bc8440fc1@group-08FAE14E0180: change Leader from null to 5b3d6723-2425-464a-a9e3-6f5bc8440fc1 at term 1 for becomeLeader, leader elected after 5169ms
2019-09-10 05:39:21,776 [5b3d6723-2425-464a-a9e3-6f5bc8440fc1@group-08FAE14E0180:LeaderElection107] INFO  server.RaftServerConfigKeys (ConfUtils.java:logGet(43)) - raft.server.staging.catchup.gap = 1000 (default)
2019-09-10 05:39:21,776 [5b3d6723-2425-464a-a9e3-6f5bc8440fc1@group-08FAE14E0180:LeaderElection107] INFO  server.RaftServerConfigKeys (ConfUtils.java:logGet(43)) - raft.server.rpc.sleep.time = 25ms (default)
2019-09-10 05:39:21,776 [5b3d6723-2425-464a-a9e3-6f5bc8440fc1@group-08FAE14E0180:LeaderElection107] INFO  server.RaftServerConfigKeys (ConfUtils.java:logGet(43)) - raft.server.write.element-limit = 4096 (default)
2019-09-10 05:39:21,776 [5b3d6723-2425-464a-a9e3-6f5bc8440fc1@group-08FAE14E0180:LeaderElection107] INFO  server.RaftServerConfigKeys (ConfUtils.java:logGet(43)) - raft.server.watch.timeout = 10s (default)
2019-09-10 05:39:21,776 [5b3d6723-2425-464a-a9e3-6f5bc8440fc1@group-08FAE14E0180:LeaderElection107] INFO  server.RaftServerConfigKeys (ConfUtils.java:logGet(43)) - raft.server.watch.timeout.denomination = 1s (default)
2019-09-10 05:39:21,776 [5b3d6723-2425-464a-a9e3-6f5bc8440fc1@group-08FAE14E0180:LeaderElection107] INFO  server.RaftServerConfigKeys (ConfUtils.java:logGet(43)) - raft.server.watch.element-limit = 65536 (default)
2019-09-10 05:39:21,778 [5b3d6723-2425-464a-a9e3-6f5bc8440fc1@group-08FAE14E0180:LeaderElection107] INFO  impl.RoleInfo (RoleInfo.java:updateAndGet(143)) - 5b3d6723-2425-464a-a9e3-6f5bc8440fc1: start LeaderState
2019-09-10 05:39:21,778 [5b3d6723-2425-464a-a9e3-6f5bc8440fc1@group-08FAE14E0180:LeaderElection107] INFO  segmented.SegmentedRaftLogWorker (SegmentedRaftLogWorker.java:startLogSegment(380)) - 5b3d6723-2425-464a-a9e3-6f5bc8440fc1@group-08FAE14E0180-SegmentedRaftLogWorker: Starting segment from index:0
2019-09-10 05:39:21,779 [5b3d6723-2425-464a-a9e3-6f5bc8440fc1@group-08FAE14E0180:LeaderElection107] INFO  impl.RaftServerImpl (ServerState.java:setRaftConf(354)) - 5b3d6723-2425-464a-a9e3-6f5bc8440fc1@group-08FAE14E0180: set configuration 0: [5b3d6723-2425-464a-a9e3-6f5bc8440fc1:192.168.36.76:38760], old=null at 0
2019-09-10 05:39:21,789 [609ec3c0-9d0d-4099-a96c-9dbce2d5132e@group-6C0282CCCCEA:LeaderElection106] INFO  impl.LeaderElection (LeaderElection.java:logAndReturn(56)) - 609ec3c0-9d0d-4099-a96c-9dbce2d5132e@group-6C0282CCCCEA:LeaderElection106: Election PASSED; received 2 response(s) [609ec3c0-9d0d-4099-a96c-9dbce2d5132e<-bce8a7d4-8dd0-462c-884e-e9994e0d492a#0:OK-t1, 609ec3c0-9d0d-4099-a96c-9dbce2d5132e<-e42ae758-4ea9-4f6d-8c37-d6691f5271b9#0:FAIL-t1] and 0 exception(s); 609ec3c0-9d0d-4099-a96c-9dbce2d5132e@group-6C0282CCCCEA:t1, leader=null, voted=609ec3c0-9d0d-4099-a96c-9dbce2d5132e, raftlog=609ec3c0-9d0d-4099-a96c-9dbce2d5132e@group-6C0282CCCCEA-SegmentedRaftLog:OPENED:c-1,f-1,i0, conf=-1: [bce8a7d4-8dd0-462c-884e-e9994e0d492a:192.168.36.76:41181, e42ae758-4ea9-4f6d-8c37-d6691f5271b9:192.168.36.76:44169, 609ec3c0-9d0d-4099-a96c-9dbce2d5132e:192.168.36.76:35964], old=null
2019-09-10 05:39:21,789 [e42ae758-4ea9-4f6d-8c37-d6691f5271b9@group-6C0282CCCCEA:LeaderElection105] INFO  impl.LeaderElection (LeaderElection.java:logAndReturn(56)) - e42ae758-4ea9-4f6d-8c37-d6691f5271b9@group-6C0282CCCCEA:LeaderElection105: Election REJECTED; received 2 response(s) [e42ae758-4ea9-4f6d-8c37-d6691f5271b9<-bce8a7d4-8dd0-462c-884e-e9994e0d492a#0:FAIL-t1, e42ae758-4ea9-4f6d-8c37-d6691f5271b9<-609ec3c0-9d0d-4099-a96c-9dbce2d5132e#0:FAIL-t1] and 0 exception(s); e42ae758-4ea9-4f6d-8c37-d6691f5271b9@group-6C0282CCCCEA:t1, leader=null, voted=e42ae758-4ea9-4f6d-8c37-d6691f5271b9, raftlog=e42ae758-4ea9-4f6d-8c37-d6691f5271b9@group-6C0282CCCCEA-SegmentedRaftLog:OPENED:c-1,f-1,i0, conf=-1: [bce8a7d4-8dd0-462c-884e-e9994e0d492a:192.168.36.76:41181, e42ae758-4ea9-4f6d-8c37-d6691f5271b9:192.168.36.76:44169, 609ec3c0-9d0d-4099-a96c-9dbce2d5132e:192.168.36.76:35964], old=null
2019-09-10 05:39:21,789 [609ec3c0-9d0d-4099-a96c-9dbce2d5132e@group-6C0282CCCCEA:LeaderElection106] INFO  impl.RoleInfo (RoleInfo.java:shutdownLeaderElection(134)) - 609ec3c0-9d0d-4099-a96c-9dbce2d5132e: shutdown LeaderElection
2019-09-10 05:39:21,790 [e42ae758-4ea9-4f6d-8c37-d6691f5271b9@group-6C0282CCCCEA:LeaderElection105] INFO  impl.RaftServerImpl (RaftServerImpl.java:setRole(174)) - e42ae758-4ea9-4f6d-8c37-d6691f5271b9@group-6C0282CCCCEA: changes role from CANDIDATE to FOLLOWER at term 1 for DISCOVERED_A_NEW_TERM
2019-09-10 05:39:21,790 [e42ae758-4ea9-4f6d-8c37-d6691f5271b9@group-6C0282CCCCEA:LeaderElection105] INFO  impl.RoleInfo (RoleInfo.java:shutdownLeaderElection(134)) - e42ae758-4ea9-4f6d-8c37-d6691f5271b9: shutdown LeaderElection
2019-09-10 05:39:21,790 [609ec3c0-9d0d-4099-a96c-9dbce2d5132e@group-6C0282CCCCEA:LeaderElection106] INFO  impl.RaftServerImpl (RaftServerImpl.java:setRole(174)) - 609ec3c0-9d0d-4099-a96c-9dbce2d5132e@group-6C0282CCCCEA: changes role from CANDIDATE to LEADER at term 1 for changeToLeader
2019-09-10 05:39:21,790 [e42ae758-4ea9-4f6d-8c37-d6691f5271b9@group-6C0282CCCCEA:LeaderElection105] INFO  impl.RoleInfo (RoleInfo.java:updateAndGet(143)) - e42ae758-4ea9-4f6d-8c37-d6691f5271b9: start FollowerState
2019-09-10 05:39:21,790 [609ec3c0-9d0d-4099-a96c-9dbce2d5132e@group-6C0282CCCCEA:LeaderElection106] INFO  impl.RaftServerImpl (ServerState.java:setLeader(253)) - 609ec3c0-9d0d-4099-a96c-9dbce2d5132e@group-6C0282CCCCEA: change Leader from null to 609ec3c0-9d0d-4099-a96c-9dbce2d5132e at term 1 for becomeLeader, leader elected after 5096ms
2019-09-10 05:39:21,790 [609ec3c0-9d0d-4099-a96c-9dbce2d5132e@group-6C0282CCCCEA:LeaderElection106] INFO  server.RaftServerConfigKeys (ConfUtils.java:logGet(43)) - raft.server.staging.catchup.gap = 1000 (default)
2019-09-10 05:39:21,790 [609ec3c0-9d0d-4099-a96c-9dbce2d5132e@group-6C0282CCCCEA:LeaderElection106] INFO  server.RaftServerConfigKeys (ConfUtils.java:logGet(43)) - raft.server.rpc.sleep.time = 25ms (default)
2019-09-10 05:39:21,791 [609ec3c0-9d0d-4099-a96c-9dbce2d5132e@group-6C0282CCCCEA:LeaderElection106] INFO  server.RaftServerConfigKeys (ConfUtils.java:logGet(43)) - raft.server.write.element-limit = 4096 (default)
2019-09-10 05:39:21,791 [609ec3c0-9d0d-4099-a96c-9dbce2d5132e@group-6C0282CCCCEA:LeaderElection106] INFO  server.RaftServerConfigKeys (ConfUtils.java:logGet(43)) - raft.server.watch.timeout = 10s (default)
2019-09-10 05:39:21,791 [609ec3c0-9d0d-4099-a96c-9dbce2d5132e@group-6C0282CCCCEA:LeaderElection106] INFO  server.RaftServerConfigKeys (ConfUtils.java:logGet(43)) - raft.server.watch.timeout.denomination = 1s (default)
2019-09-10 05:39:21,791 [609ec3c0-9d0d-4099-a96c-9dbce2d5132e@group-6C0282CCCCEA:LeaderElection106] INFO  server.RaftServerConfigKeys (ConfUtils.java:logGet(43)) - raft.server.watch.element-limit = 65536 (default)
2019-09-10 05:39:21,793 [609ec3c0-9d0d-4099-a96c-9dbce2d5132e@group-6C0282CCCCEA:LeaderElection106] INFO  server.RaftServerConfigKeys (ConfUtils.java:logGet(43)) - raft.server.log.appender.snapshot.chunk.size.max = 16MB (=16777216) (default)
2019-09-10 05:39:21,793 [609ec3c0-9d0d-4099-a96c-9dbce2d5132e@group-6C0282CCCCEA:LeaderElection106] INFO  server.RaftServerConfigKeys (ConfUtils.java:logGet(43)) - raft.server.log.appender.buffer.byte-limit = 33554432 (custom)
2019-09-10 05:39:21,794 [609ec3c0-9d0d-4099-a96c-9dbce2d5132e@group-6C0282CCCCEA:LeaderElection106] INFO  server.RaftServerConfigKeys (ConfUtils.java:logGet(43)) - raft.server.log.appender.buffer.element-limit = 1 (custom)
2019-09-10 05:39:21,794 [609ec3c0-9d0d-4099-a96c-9dbce2d5132e@group-6C0282CCCCEA:LeaderElection106] INFO  grpc.GrpcConfigKeys$Server (ConfUtils.java:logGet(43)) - raft.grpc.server.leader.outstanding.appends.max = 128 (default)
2019-09-10 05:39:21,794 [609ec3c0-9d0d-4099-a96c-9dbce2d5132e@group-6C0282CCCCEA:LeaderElection106] INFO  server.RaftServerConfigKeys (ConfUtils.java:logGet(43)) - raft.server.rpc.request.timeout = 3000ms (default)
2019-09-10 05:39:21,794 [609ec3c0-9d0d-4099-a96c-9dbce2d5132e@group-6C0282CCCCEA:LeaderElection106] INFO  server.RaftServerConfigKeys (ConfUtils.java:logGet(43)) - raft.server.log.appender.install.snapshot.enabled = false (custom)
2019-09-10 05:39:21,795 [609ec3c0-9d0d-4099-a96c-9dbce2d5132e@group-6C0282CCCCEA:LeaderElection106] INFO  server.RaftServerConfigKeys (ConfUtils.java:logGet(43)) - raft.server.log.appender.snapshot.chunk.size.max = 16MB (=16777216) (default)
2019-09-10 05:39:21,795 [609ec3c0-9d0d-4099-a96c-9dbce2d5132e@group-6C0282CCCCEA:LeaderElection106] INFO  server.RaftServerConfigKeys (ConfUtils.java:logGet(43)) - raft.server.log.appender.buffer.byte-limit = 33554432 (custom)
2019-09-10 05:39:21,795 [609ec3c0-9d0d-4099-a96c-9dbce2d5132e@group-6C0282CCCCEA:LeaderElection106] INFO  server.RaftServerConfigKeys (ConfUtils.java:logGet(43)) - raft.server.log.appender.buffer.element-limit = 1 (custom)
2019-09-10 05:39:21,795 [609ec3c0-9d0d-4099-a96c-9dbce2d5132e@group-6C0282CCCCEA:LeaderElection106] INFO  grpc.GrpcConfigKeys$Server (ConfUtils.java:logGet(43)) - raft.grpc.server.leader.outstanding.appends.max = 128 (default)
2019-09-10 05:39:21,795 [609ec3c0-9d0d-4099-a96c-9dbce2d5132e@group-6C0282CCCCEA:LeaderElection106] INFO  server.RaftServerConfigKeys (ConfUtils.java:logGet(43)) - raft.server.rpc.request.timeout = 3000ms (default)
2019-09-10 05:39:21,795 [609ec3c0-9d0d-4099-a96c-9dbce2d5132e@group-6C0282CCCCEA:LeaderElection106] INFO  server.RaftServerConfigKeys (ConfUtils.java:logGet(43)) - raft.server.log.appender.install.snapshot.enabled = false (custom)
2019-09-10 05:39:21,796 [609ec3c0-9d0d-4099-a96c-9dbce2d5132e@group-6C0282CCCCEA:LeaderElection106] INFO  impl.RoleInfo (RoleInfo.java:updateAndGet(143)) - 609ec3c0-9d0d-4099-a96c-9dbce2d5132e: start LeaderState
2019-09-10 05:39:21,796 [609ec3c0-9d0d-4099-a96c-9dbce2d5132e@group-6C0282CCCCEA:LeaderElection106] INFO  segmented.SegmentedRaftLogWorker (SegmentedRaftLogWorker.java:startLogSegment(380)) - 609ec3c0-9d0d-4099-a96c-9dbce2d5132e@group-6C0282CCCCEA-SegmentedRaftLogWorker: Starting segment from index:0
2019-09-10 05:39:21,809 [609ec3c0-9d0d-4099-a96c-9dbce2d5132e@group-6C0282CCCCEA:LeaderElection106] INFO  impl.RaftServerImpl (ServerState.java:setRaftConf(354)) - 609ec3c0-9d0d-4099-a96c-9dbce2d5132e@group-6C0282CCCCEA: set configuration 0: [bce8a7d4-8dd0-462c-884e-e9994e0d492a:192.168.36.76:41181, e42ae758-4ea9-4f6d-8c37-d6691f5271b9:192.168.36.76:44169, 609ec3c0-9d0d-4099-a96c-9dbce2d5132e:192.168.36.76:35964], old=null at 0
2019-09-10 05:39:21,854 [Thread-4769] INFO  impl.FollowerState (FollowerState.java:run(106)) - e9710f5a-4540-4253-93a1-96ebbace2ee0:group-934BE7222E24 changes to CANDIDATE, lastRpcTime:5050, electionTimeout:5034ms
2019-09-10 05:39:21,854 [5b3d6723-2425-464a-a9e3-6f5bc8440fc1@group-08FAE14E0180-SegmentedRaftLogWorker] INFO  segmented.SegmentedRaftLogWorker (SegmentedRaftLogWorker.java:execute(569)) - 5b3d6723-2425-464a-a9e3-6f5bc8440fc1@group-08FAE14E0180-SegmentedRaftLogWorker: created new log segment /workdir/hadoop-ozone/integration-test/target/test-dir/MiniOzoneClusterImpl-bea64e6c-8861-4610-b5db-527a5cfae2b5/datanode-5/data/ratis/01716534-b070-490e-9672-08fae14e0180/current/log_inprogress_0
2019-09-10 05:39:21,855 [Thread-4769] INFO  impl.RoleInfo (RoleInfo.java:shutdownFollowerState(121)) - e9710f5a-4540-4253-93a1-96ebbace2ee0: shutdown FollowerState
2019-09-10 05:39:21,855 [Thread-4769] INFO  impl.RaftServerImpl (RaftServerImpl.java:setRole(174)) - e9710f5a-4540-4253-93a1-96ebbace2ee0@group-934BE7222E24: changes role from  FOLLOWER to CANDIDATE at term 0 for changeToCandidate
2019-09-10 05:39:21,855 [Thread-4769] INFO  impl.RoleInfo (RoleInfo.java:updateAndGet(143)) - e9710f5a-4540-4253-93a1-96ebbace2ee0: start LeaderElection
2019-09-10 05:39:21,855 [grpc-default-executor-8] INFO  impl.RaftServerImpl (ServerState.java:setLeader(253)) - bce8a7d4-8dd0-462c-884e-e9994e0d492a@group-6C0282CCCCEA: change Leader from null to 609ec3c0-9d0d-4099-a96c-9dbce2d5132e at term 1 for appendEntries, leader elected after 5161ms
2019-09-10 05:39:21,859 [Thread-4765] INFO  impl.FollowerState (FollowerState.java:run(106)) - 9e976c14-1eb0-4a89-8bf4-d18e531efd12:group-934BE7222E24 changes to CANDIDATE, lastRpcTime:5058, electionTimeout:5058ms
2019-09-10 05:39:21,855 [grpc-default-executor-11] INFO  impl.RaftServerImpl (ServerState.java:setLeader(253)) - e42ae758-4ea9-4f6d-8c37-d6691f5271b9@group-6C0282CCCCEA: change Leader from null to 609ec3c0-9d0d-4099-a96c-9dbce2d5132e at term 1 for appendEntries, leader elected after 5161ms
2019-09-10 05:39:21,859 [Thread-4765] INFO  impl.RoleInfo (RoleInfo.java:shutdownFollowerState(121)) - 9e976c14-1eb0-4a89-8bf4-d18e531efd12: shutdown FollowerState
2019-09-10 05:39:21,860 [Thread-4765] INFO  impl.RaftServerImpl (RaftServerImpl.java:setRole(174)) - 9e976c14-1eb0-4a89-8bf4-d18e531efd12@group-934BE7222E24: changes role from  FOLLOWER to CANDIDATE at term 0 for changeToCandidate
2019-09-10 05:39:21,860 [Thread-4765] INFO  impl.RoleInfo (RoleInfo.java:updateAndGet(143)) - 9e976c14-1eb0-4a89-8bf4-d18e531efd12: start LeaderElection
2019-09-10 05:39:21,865 [grpc-default-executor-8] INFO  impl.RaftServerImpl (ServerState.java:setRaftConf(354)) - bce8a7d4-8dd0-462c-884e-e9994e0d492a@group-6C0282CCCCEA: set configuration 0: [bce8a7d4-8dd0-462c-884e-e9994e0d492a:192.168.36.76:41181, e42ae758-4ea9-4f6d-8c37-d6691f5271b9:192.168.36.76:44169, 609ec3c0-9d0d-4099-a96c-9dbce2d5132e:192.168.36.76:35964], old=null at 0
2019-09-10 05:39:21,865 [grpc-default-executor-11] INFO  impl.RaftServerImpl (ServerState.java:setRaftConf(354)) - e42ae758-4ea9-4f6d-8c37-d6691f5271b9@group-6C0282CCCCEA: set configuration 0: [bce8a7d4-8dd0-462c-884e-e9994e0d492a:192.168.36.76:41181, e42ae758-4ea9-4f6d-8c37-d6691f5271b9:192.168.36.76:44169, 609ec3c0-9d0d-4099-a96c-9dbce2d5132e:192.168.36.76:35964], old=null at 0
2019-09-10 05:39:21,865 [grpc-default-executor-8] INFO  segmented.SegmentedRaftLogWorker (SegmentedRaftLogWorker.java:startLogSegment(380)) - bce8a7d4-8dd0-462c-884e-e9994e0d492a@group-6C0282CCCCEA-SegmentedRaftLogWorker: Starting segment from index:0
2019-09-10 05:39:21,865 [grpc-default-executor-11] INFO  segmented.SegmentedRaftLogWorker (SegmentedRaftLogWorker.java:startLogSegment(380)) - e42ae758-4ea9-4f6d-8c37-d6691f5271b9@group-6C0282CCCCEA-SegmentedRaftLogWorker: Starting segment from index:0
2019-09-10 05:39:21,904 [609ec3c0-9d0d-4099-a96c-9dbce2d5132e@group-6C0282CCCCEA-SegmentedRaftLogWorker] INFO  segmented.SegmentedRaftLogWorker (SegmentedRaftLogWorker.java:execute(569)) - 609ec3c0-9d0d-4099-a96c-9dbce2d5132e@group-6C0282CCCCEA-SegmentedRaftLogWorker: created new log segment /workdir/hadoop-ozone/integration-test/target/test-dir/MiniOzoneClusterImpl-bea64e6c-8861-4610-b5db-527a5cfae2b5/datanode-3/data/ratis/c2eee720-f9c2-47a4-9064-6c0282ccccea/current/log_inprogress_0
2019-09-10 05:39:21,904 [e9710f5a-4540-4253-93a1-96ebbace2ee0@group-934BE7222E24:LeaderElection108] INFO  impl.LeaderElection (LeaderElection.java:askForVotes(182)) - e9710f5a-4540-4253-93a1-96ebbace2ee0@group-934BE7222E24:LeaderElection108: begin an election at term 1 for -1: [9e976c14-1eb0-4a89-8bf4-d18e531efd12:192.168.36.76:35555, 48aec7a3-643c-4634-bc1c-f1d63eb87aec:192.168.36.76:37975, e9710f5a-4540-4253-93a1-96ebbace2ee0:192.168.36.76:37127], old=null
2019-09-10 05:39:21,904 [9e976c14-1eb0-4a89-8bf4-d18e531efd12@group-934BE7222E24:LeaderElection109] INFO  impl.LeaderElection (LeaderElection.java:askForVotes(182)) - 9e976c14-1eb0-4a89-8bf4-d18e531efd12@group-934BE7222E24:LeaderElection109: begin an election at term 1 for -1: [9e976c14-1eb0-4a89-8bf4-d18e531efd12:192.168.36.76:35555, 48aec7a3-643c-4634-bc1c-f1d63eb87aec:192.168.36.76:37975, e9710f5a-4540-4253-93a1-96ebbace2ee0:192.168.36.76:37127], old=null
2019-09-10 05:39:21,907 [grpc-default-executor-11] INFO  client.GrpcClientProtocolClient (GrpcClientProtocolClient.java:onNext(264)) - client-B3271E313DB3->e9710f5a-4540-4253-93a1-96ebbace2ee0: receive RaftClientReply:client-B3271E313DB3->e9710f5a-4540-4253-93a1-96ebbace2ee0@group-934BE7222E24, cid=289, FAILED org.apache.ratis.protocol.NotLeaderException: Server e9710f5a-4540-4253-93a1-96ebbace2ee0@group-934BE7222E24 is not the leader, logIndex=0, commits[e9710f5a-4540-4253-93a1-96ebbace2ee0:c-1]
2019-09-10 05:39:21,912 [grpc-default-executor-11] INFO  impl.RaftServerImpl (RaftServerImpl.java:setRole(174)) - 48aec7a3-643c-4634-bc1c-f1d63eb87aec@group-934BE7222E24: changes role from  FOLLOWER to FOLLOWER at term 1 for recognizeCandidate:e9710f5a-4540-4253-93a1-96ebbace2ee0
2019-09-10 05:39:21,912 [grpc-default-executor-11] INFO  impl.RoleInfo (RoleInfo.java:shutdownFollowerState(121)) - 48aec7a3-643c-4634-bc1c-f1d63eb87aec: shutdown FollowerState
2019-09-10 05:39:21,912 [grpc-default-executor-11] INFO  impl.RoleInfo (RoleInfo.java:updateAndGet(143)) - 48aec7a3-643c-4634-bc1c-f1d63eb87aec: start FollowerState
2019-09-10 05:39:21,913 [Thread-4770] INFO  impl.FollowerState (FollowerState.java:run(115)) - 48aec7a3-643c-4634-bc1c-f1d63eb87aec: FollowerState was interrupted: java.lang.InterruptedException: sleep interrupted
2019-09-10 05:39:21,928 [e42ae758-4ea9-4f6d-8c37-d6691f5271b9@group-6C0282CCCCEA-SegmentedRaftLogWorker] INFO  segmented.SegmentedRaftLogWorker (SegmentedRaftLogWorker.java:execute(569)) - e42ae758-4ea9-4f6d-8c37-d6691f5271b9@group-6C0282CCCCEA-SegmentedRaftLogWorker: created new log segment /workdir/hadoop-ozone/integration-test/target/test-dir/MiniOzoneClusterImpl-bea64e6c-8861-4610-b5db-527a5cfae2b5/datanode-1/data/ratis/c2eee720-f9c2-47a4-9064-6c0282ccccea/current/log_inprogress_0
2019-09-10 05:39:21,928 [bce8a7d4-8dd0-462c-884e-e9994e0d492a@group-6C0282CCCCEA-SegmentedRaftLogWorker] INFO  segmented.SegmentedRaftLogWorker (SegmentedRaftLogWorker.java:execute(569)) - bce8a7d4-8dd0-462c-884e-e9994e0d492a@group-6C0282CCCCEA-SegmentedRaftLogWorker: created new log segment /workdir/hadoop-ozone/integration-test/target/test-dir/MiniOzoneClusterImpl-bea64e6c-8861-4610-b5db-527a5cfae2b5/datanode-6/data/ratis/c2eee720-f9c2-47a4-9064-6c0282ccccea/current/log_inprogress_0
2019-09-10 05:39:21,930 [9e976c14-1eb0-4a89-8bf4-d18e531efd12@group-934BE7222E24:LeaderElection109] INFO  impl.LeaderElection (LeaderElection.java:logAndReturn(56)) - 9e976c14-1eb0-4a89-8bf4-d18e531efd12@group-934BE7222E24:LeaderElection109: Election REJECTED; received 2 response(s) [9e976c14-1eb0-4a89-8bf4-d18e531efd12<-48aec7a3-643c-4634-bc1c-f1d63eb87aec#0:FAIL-t1, 9e976c14-1eb0-4a89-8bf4-d18e531efd12<-e9710f5a-4540-4253-93a1-96ebbace2ee0#0:FAIL-t1] and 0 exception(s); 9e976c14-1eb0-4a89-8bf4-d18e531efd12@group-934BE7222E24:t1, leader=null, voted=9e976c14-1eb0-4a89-8bf4-d18e531efd12, raftlog=9e976c14-1eb0-4a89-8bf4-d18e531efd12@group-934BE7222E24-SegmentedRaftLog:OPENED:c-1,f-1,i0, conf=-1: [9e976c14-1eb0-4a89-8bf4-d18e531efd12:192.168.36.76:35555, 48aec7a3-643c-4634-bc1c-f1d63eb87aec:192.168.36.76:37975, e9710f5a-4540-4253-93a1-96ebbace2ee0:192.168.36.76:37127], old=null
2019-09-10 05:39:21,930 [e9710f5a-4540-4253-93a1-96ebbace2ee0@group-934BE7222E24:LeaderElection108] INFO  impl.LeaderElection (LeaderElection.java:logAndReturn(56)) - e9710f5a-4540-4253-93a1-96ebbace2ee0@group-934BE7222E24:LeaderElection108: Election PASSED; received 2 response(s) [e9710f5a-4540-4253-93a1-96ebbace2ee0<-9e976c14-1eb0-4a89-8bf4-d18e531efd12#0:FAIL-t1, e9710f5a-4540-4253-93a1-96ebbace2ee0<-48aec7a3-643c-4634-bc1c-f1d63eb87aec#0:OK-t1] and 0 exception(s); e9710f5a-4540-4253-93a1-96ebbace2ee0@group-934BE7222E24:t1, leader=null, voted=e9710f5a-4540-4253-93a1-96ebbace2ee0, raftlog=e9710f5a-4540-4253-93a1-96ebbace2ee0@group-934BE7222E24-SegmentedRaftLog:OPENED:c-1,f-1,i0, conf=-1: [9e976c14-1eb0-4a89-8bf4-d18e531efd12:192.168.36.76:35555, 48aec7a3-643c-4634-bc1c-f1d63eb87aec:192.168.36.76:37975, e9710f5a-4540-4253-93a1-96ebbace2ee0:192.168.36.76:37127], old=null
2019-09-10 05:39:21,930 [9e976c14-1eb0-4a89-8bf4-d18e531efd12@group-934BE7222E24:LeaderElection109] INFO  impl.RaftServerImpl (RaftServerImpl.java:setRole(174)) - 9e976c14-1eb0-4a89-8bf4-d18e531efd12@group-934BE7222E24: changes role from CANDIDATE to FOLLOWER at term 1 for DISCOVERED_A_NEW_TERM
2019-09-10 05:39:21,931 [e9710f5a-4540-4253-93a1-96ebbace2ee0@group-934BE7222E24:LeaderElection108] INFO  impl.RoleInfo (RoleInfo.java:shutdownLeaderElection(134)) - e9710f5a-4540-4253-93a1-96ebbace2ee0: shutdown LeaderElection
2019-09-10 05:39:21,931 [9e976c14-1eb0-4a89-8bf4-d18e531efd12@group-934BE7222E24:LeaderElection109] INFO  impl.RoleInfo (RoleInfo.java:shutdownLeaderElection(134)) - 9e976c14-1eb0-4a89-8bf4-d18e531efd12: shutdown LeaderElection
2019-09-10 05:39:21,931 [e9710f5a-4540-4253-93a1-96ebbace2ee0@group-934BE7222E24:LeaderElection108] INFO  impl.RaftServerImpl (RaftServerImpl.java:setRole(174)) - e9710f5a-4540-4253-93a1-96ebbace2ee0@group-934BE7222E24: changes role from CANDIDATE to LEADER at term 1 for changeToLeader
2019-09-10 05:39:21,931 [9e976c14-1eb0-4a89-8bf4-d18e531efd12@group-934BE7222E24:LeaderElection109] INFO  impl.RoleInfo (RoleInfo.java:updateAndGet(143)) - 9e976c14-1eb0-4a89-8bf4-d18e531efd12: start FollowerState
2019-09-10 05:39:21,931 [e9710f5a-4540-4253-93a1-96ebbace2ee0@group-934BE7222E24:LeaderElection108] INFO  impl.RaftServerImpl (ServerState.java:setLeader(253)) - e9710f5a-4540-4253-93a1-96ebbace2ee0@group-934BE7222E24: change Leader from null to e9710f5a-4540-4253-93a1-96ebbace2ee0 at term 1 for becomeLeader, leader elected after 5139ms
2019-09-10 05:39:21,931 [e9710f5a-4540-4253-93a1-96ebbace2ee0@group-934BE7222E24:LeaderElection108] INFO  server.RaftServerConfigKeys (ConfUtils.java:logGet(43)) - raft.server.staging.catchup.gap = 1000 (default)
2019-09-10 05:39:21,931 [e9710f5a-4540-4253-93a1-96ebbace2ee0@group-934BE7222E24:LeaderElection108] INFO  server.RaftServerConfigKeys (ConfUtils.java:logGet(43)) - raft.server.rpc.sleep.time = 25ms (default)
2019-09-10 05:39:21,931 [e9710f5a-4540-4253-93a1-96ebbace2ee0@group-934BE7222E24:LeaderElection108] INFO  server.RaftServerConfigKeys (ConfUtils.java:logGet(43)) - raft.server.write.element-limit = 4096 (default)
2019-09-10 05:39:21,932 [e9710f5a-4540-4253-93a1-96ebbace2ee0@group-934BE7222E24:LeaderElection108] INFO  server.RaftServerConfigKeys (ConfUtils.java:logGet(43)) - raft.server.watch.timeout = 10s (default)
2019-09-10 05:39:21,932 [e9710f5a-4540-4253-93a1-96ebbace2ee0@group-934BE7222E24:LeaderElection108] INFO  server.RaftServerConfigKeys (ConfUtils.java:logGet(43)) - raft.server.watch.timeout.denomination = 1s (default)
2019-09-10 05:39:21,932 [e9710f5a-4540-4253-93a1-96ebbace2ee0@group-934BE7222E24:LeaderElection108] INFO  server.RaftServerConfigKeys (ConfUtils.java:logGet(43)) - raft.server.watch.element-limit = 65536 (default)
2019-09-10 05:39:21,933 [e9710f5a-4540-4253-93a1-96ebbace2ee0@group-934BE7222E24:LeaderElection108] INFO  server.RaftServerConfigKeys (ConfUtils.java:logGet(43)) - raft.server.log.appender.snapshot.chunk.size.max = 16MB (=16777216) (default)
2019-09-10 05:39:21,933 [e9710f5a-4540-4253-93a1-96ebbace2ee0@group-934BE7222E24:LeaderElection108] INFO  server.RaftServerConfigKeys (ConfUtils.java:logGet(43)) - raft.server.log.appender.buffer.byte-limit = 33554432 (custom)
2019-09-10 05:39:21,934 [e9710f5a-4540-4253-93a1-96ebbace2ee0@group-934BE7222E24:LeaderElection108] INFO  server.RaftServerConfigKeys (ConfUtils.java:logGet(43)) - raft.server.log.appender.buffer.element-limit = 1 (custom)
2019-09-10 05:39:21,934 [e9710f5a-4540-4253-93a1-96ebbace2ee0@group-934BE7222E24:LeaderElection108] INFO  grpc.GrpcConfigKeys$Server (ConfUtils.java:logGet(43)) - raft.grpc.server.leader.outstanding.appends.max = 128 (default)
2019-09-10 05:39:21,934 [e9710f5a-4540-4253-93a1-96ebbace2ee0@group-934BE7222E24:LeaderElection108] INFO  server.RaftServerConfigKeys (ConfUtils.java:logGet(43)) - raft.server.rpc.request.timeout = 3000ms (default)
2019-09-10 05:39:21,934 [e9710f5a-4540-4253-93a1-96ebbace2ee0@group-934BE7222E24:LeaderElection108] INFO  server.RaftServerConfigKeys (ConfUtils.java:logGet(43)) - raft.server.log.appender.install.snapshot.enabled = false (custom)
2019-09-10 05:39:21,934 [e9710f5a-4540-4253-93a1-96ebbace2ee0@group-934BE7222E24:LeaderElection108] INFO  server.RaftServerConfigKeys (ConfUtils.java:logGet(43)) - raft.server.log.appender.snapshot.chunk.size.max = 16MB (=16777216) (default)
2019-09-10 05:39:21,934 [e9710f5a-4540-4253-93a1-96ebbace2ee0@group-934BE7222E24:LeaderElection108] INFO  server.RaftServerConfigKeys (ConfUtils.java:logGet(43)) - raft.server.log.appender.buffer.byte-limit = 33554432 (custom)
2019-09-10 05:39:21,934 [e9710f5a-4540-4253-93a1-96ebbace2ee0@group-934BE7222E24:LeaderElection108] INFO  server.RaftServerConfigKeys (ConfUtils.java:logGet(43)) - raft.server.log.appender.buffer.element-limit = 1 (custom)
2019-09-10 05:39:21,935 [e9710f5a-4540-4253-93a1-96ebbace2ee0@group-934BE7222E24:LeaderElection108] INFO  grpc.GrpcConfigKeys$Server (ConfUtils.java:logGet(43)) - raft.grpc.server.leader.outstanding.appends.max = 128 (default)
2019-09-10 05:39:21,935 [e9710f5a-4540-4253-93a1-96ebbace2ee0@group-934BE7222E24:LeaderElection108] INFO  server.RaftServerConfigKeys (ConfUtils.java:logGet(43)) - raft.server.rpc.request.timeout = 3000ms (default)
2019-09-10 05:39:21,935 [e9710f5a-4540-4253-93a1-96ebbace2ee0@group-934BE7222E24:LeaderElection108] INFO  server.RaftServerConfigKeys (ConfUtils.java:logGet(43)) - raft.server.log.appender.install.snapshot.enabled = false (custom)
2019-09-10 05:39:21,935 [e9710f5a-4540-4253-93a1-96ebbace2ee0@group-934BE7222E24:LeaderElection108] INFO  impl.RoleInfo (RoleInfo.java:updateAndGet(143)) - e9710f5a-4540-4253-93a1-96ebbace2ee0: start LeaderState
2019-09-10 05:39:21,935 [e9710f5a-4540-4253-93a1-96ebbace2ee0@group-934BE7222E24:LeaderElection108] INFO  segmented.SegmentedRaftLogWorker (SegmentedRaftLogWorker.java:startLogSegment(380)) - e9710f5a-4540-4253-93a1-96ebbace2ee0@group-934BE7222E24-SegmentedRaftLogWorker: Starting segment from index:0
2019-09-10 05:39:21,936 [e9710f5a-4540-4253-93a1-96ebbace2ee0@group-934BE7222E24:LeaderElection108] INFO  impl.RaftServerImpl (ServerState.java:setRaftConf(354)) - e9710f5a-4540-4253-93a1-96ebbace2ee0@group-934BE7222E24: set configuration 0: [9e976c14-1eb0-4a89-8bf4-d18e531efd12:192.168.36.76:35555, 48aec7a3-643c-4634-bc1c-f1d63eb87aec:192.168.36.76:37975, e9710f5a-4540-4253-93a1-96ebbace2ee0:192.168.36.76:37127], old=null at 0
2019-09-10 05:39:21,937 [grpc-default-executor-9] INFO  impl.RaftServerImpl (ServerState.java:setLeader(253)) - 48aec7a3-643c-4634-bc1c-f1d63eb87aec@group-934BE7222E24: change Leader from null to e9710f5a-4540-4253-93a1-96ebbace2ee0 at term 1 for appendEntries, leader elected after 5144ms
2019-09-10 05:39:21,937 [grpc-default-executor-12] INFO  impl.RaftServerImpl (ServerState.java:setLeader(253)) - 9e976c14-1eb0-4a89-8bf4-d18e531efd12@group-934BE7222E24: change Leader from null to e9710f5a-4540-4253-93a1-96ebbace2ee0 at term 1 for appendEntries, leader elected after 5145ms
2019-09-10 05:39:21,938 [grpc-default-executor-9] INFO  impl.RaftServerImpl (ServerState.java:setRaftConf(354)) - 48aec7a3-643c-4634-bc1c-f1d63eb87aec@group-934BE7222E24: set configuration 0: [9e976c14-1eb0-4a89-8bf4-d18e531efd12:192.168.36.76:35555, 48aec7a3-643c-4634-bc1c-f1d63eb87aec:192.168.36.76:37975, e9710f5a-4540-4253-93a1-96ebbace2ee0:192.168.36.76:37127], old=null at 0
2019-09-10 05:39:21,938 [grpc-default-executor-9] INFO  segmented.SegmentedRaftLogWorker (SegmentedRaftLogWorker.java:startLogSegment(380)) - 48aec7a3-643c-4634-bc1c-f1d63eb87aec@group-934BE7222E24-SegmentedRaftLogWorker: Starting segment from index:0
2019-09-10 05:39:21,938 [grpc-default-executor-12] INFO  impl.RaftServerImpl (ServerState.java:setRaftConf(354)) - 9e976c14-1eb0-4a89-8bf4-d18e531efd12@group-934BE7222E24: set configuration 0: [9e976c14-1eb0-4a89-8bf4-d18e531efd12:192.168.36.76:35555, 48aec7a3-643c-4634-bc1c-f1d63eb87aec:192.168.36.76:37975, e9710f5a-4540-4253-93a1-96ebbace2ee0:192.168.36.76:37127], old=null at 0
2019-09-10 05:39:21,938 [grpc-default-executor-12] INFO  segmented.SegmentedRaftLogWorker (SegmentedRaftLogWorker.java:startLogSegment(380)) - 9e976c14-1eb0-4a89-8bf4-d18e531efd12@group-934BE7222E24-SegmentedRaftLogWorker: Starting segment from index:0
2019-09-10 05:39:21,989 [9e976c14-1eb0-4a89-8bf4-d18e531efd12@group-934BE7222E24-SegmentedRaftLogWorker] INFO  segmented.SegmentedRaftLogWorker (SegmentedRaftLogWorker.java:execute(569)) - 9e976c14-1eb0-4a89-8bf4-d18e531efd12@group-934BE7222E24-SegmentedRaftLogWorker: created new log segment /workdir/hadoop-ozone/integration-test/target/test-dir/MiniOzoneClusterImpl-bea64e6c-8861-4610-b5db-527a5cfae2b5/datanode-0/data/ratis/dea7c157-e074-4371-a2b0-934be7222e24/current/log_inprogress_0
2019-09-10 05:39:21,989 [48aec7a3-643c-4634-bc1c-f1d63eb87aec@group-934BE7222E24-SegmentedRaftLogWorker] INFO  segmented.SegmentedRaftLogWorker (SegmentedRaftLogWorker.java:execute(569)) - 48aec7a3-643c-4634-bc1c-f1d63eb87aec@group-934BE7222E24-SegmentedRaftLogWorker: created new log segment /workdir/hadoop-ozone/integration-test/target/test-dir/MiniOzoneClusterImpl-bea64e6c-8861-4610-b5db-527a5cfae2b5/datanode-4/data/ratis/dea7c157-e074-4371-a2b0-934be7222e24/current/log_inprogress_0
2019-09-10 05:39:21,989 [e9710f5a-4540-4253-93a1-96ebbace2ee0@group-934BE7222E24-SegmentedRaftLogWorker] INFO  segmented.SegmentedRaftLogWorker (SegmentedRaftLogWorker.java:execute(569)) - e9710f5a-4540-4253-93a1-96ebbace2ee0@group-934BE7222E24-SegmentedRaftLogWorker: created new log segment /workdir/hadoop-ozone/integration-test/target/test-dir/MiniOzoneClusterImpl-bea64e6c-8861-4610-b5db-527a5cfae2b5/datanode-2/data/ratis/dea7c157-e074-4371-a2b0-934be7222e24/current/log_inprogress_0
2019-09-10 05:39:22,916 [grpc-default-executor-12] INFO  client.GrpcClientProtocolClient (GrpcClientProtocolClient.java:onNext(264)) - client-B3271E313DB3->9e976c14-1eb0-4a89-8bf4-d18e531efd12: receive RaftClientReply:client-B3271E313DB3->9e976c14-1eb0-4a89-8bf4-d18e531efd12@group-934BE7222E24, cid=289, FAILED org.apache.ratis.protocol.NotLeaderException: Server 9e976c14-1eb0-4a89-8bf4-d18e531efd12@group-934BE7222E24 is not the leader e9710f5a-4540-4253-93a1-96ebbace2ee0:192.168.36.76:37127, logIndex=0, commits[9e976c14-1eb0-4a89-8bf4-d18e531efd12:c-1, 48aec7a3-643c-4634-bc1c-f1d63eb87aec:c-1, e9710f5a-4540-4253-93a1-96ebbace2ee0:c-1]
2019-09-10 05:39:23,126 [grpc-default-executor-11] INFO  client.GrpcClientProtocolClient (GrpcClientProtocolClient.java:onNext(264)) - client-B3271E313DB3->e9710f5a-4540-4253-93a1-96ebbace2ee0: receive RaftClientReply:client-B3271E313DB3->e9710f5a-4540-4253-93a1-96ebbace2ee0@group-934BE7222E24, cid=289, SUCCESS, logIndex=1, commits[e9710f5a-4540-4253-93a1-96ebbace2ee0:c1, 9e976c14-1eb0-4a89-8bf4-d18e531efd12:c0, 48aec7a3-643c-4634-bc1c-f1d63eb87aec:c0]
2019-09-10 05:39:23,161 [grpc-default-executor-9] INFO  client.GrpcClientProtocolClient (GrpcClientProtocolClient.java:onNext(264)) - client-B3271E313DB3->e9710f5a-4540-4253-93a1-96ebbace2ee0: receive RaftClientReply:client-B3271E313DB3->e9710f5a-4540-4253-93a1-96ebbace2ee0@group-934BE7222E24, cid=290, SUCCESS, logIndex=3, commits[e9710f5a-4540-4253-93a1-96ebbace2ee0:c4, 9e976c14-1eb0-4a89-8bf4-d18e531efd12:c2, 48aec7a3-643c-4634-bc1c-f1d63eb87aec:c2]
2019-09-10 05:39:23,238 [grpc-default-executor-9] INFO  client.GrpcClientProtocolClient (GrpcClientProtocolClient.java:onNext(264)) - client-B3271E313DB3->e9710f5a-4540-4253-93a1-96ebbace2ee0: receive RaftClientReply:client-B3271E313DB3->e9710f5a-4540-4253-93a1-96ebbace2ee0@group-934BE7222E24, cid=291, SUCCESS, logIndex=4, commits[e9710f5a-4540-4253-93a1-96ebbace2ee0:c6, 9e976c14-1eb0-4a89-8bf4-d18e531efd12:c2, 48aec7a3-643c-4634-bc1c-f1d63eb87aec:c2]
2019-09-10 05:39:24,239 [main] WARN  scm.XceiverClientRatis (XceiverClientRatis.java:watchForCommit(262)) - 3 way commit failed on pipeline Pipeline[ Id: dea7c157-e074-4371-a2b0-934be7222e24, Nodes: 48aec7a3-643c-4634-bc1c-f1d63eb87aec{ip: 192.168.36.76, host: trunk-nightly-20190910-vk757-903364635, networkLocation: /default-rack, certSerialId: null}9e976c14-1eb0-4a89-8bf4-d18e531efd12{ip: 192.168.36.76, host: trunk-nightly-20190910-vk757-903364635, networkLocation: /default-rack, certSerialId: null}e9710f5a-4540-4253-93a1-96ebbace2ee0{ip: 192.168.36.76, host: trunk-nightly-20190910-vk757-903364635, networkLocation: /default-rack, certSerialId: null}, Type:RATIS, Factor:THREE, State:OPEN]
java.util.concurrent.TimeoutException
	at java.util.concurrent.CompletableFuture.timedGet(CompletableFuture.java:1771)
	at java.util.concurrent.CompletableFuture.get(CompletableFuture.java:1915)
	at org.apache.hadoop.hdds.scm.XceiverClientRatis.watchForCommit(XceiverClientRatis.java:259)
	at org.apache.hadoop.hdds.scm.storage.CommitWatcher.watchForCommit(CommitWatcher.java:194)
	at org.apache.hadoop.hdds.scm.storage.CommitWatcher.watchOnLastIndex(CommitWatcher.java:157)
	at org.apache.hadoop.hdds.scm.storage.BlockOutputStream.watchForCommit(BlockOutputStream.java:347)
	at org.apache.hadoop.hdds.scm.storage.BlockOutputStream.handleFlush(BlockOutputStream.java:479)
	at org.apache.hadoop.hdds.scm.storage.BlockOutputStream.flush(BlockOutputStream.java:428)
	at org.apache.hadoop.ozone.client.io.BlockOutputStreamEntry.flush(BlockOutputStreamEntry.java:136)
	at org.apache.hadoop.ozone.client.io.KeyOutputStream.handleFlushOrClose(KeyOutputStream.java:442)
	at org.apache.hadoop.ozone.client.io.KeyOutputStream.flush(KeyOutputStream.java:396)
	at org.apache.hadoop.ozone.client.io.OzoneOutputStream.flush(OzoneOutputStream.java:54)
	at org.apache.hadoop.ozone.client.rpc.TestBlockOutputStreamWithFailures.testExceptionDuringClose(TestBlockOutputStreamWithFailures.java:720)
	at sun.reflect.NativeMethodAccessorImpl.invoke0(Native Method)
	at sun.reflect.NativeMethodAccessorImpl.invoke(NativeMethodAccessorImpl.java:62)
	at sun.reflect.DelegatingMethodAccessorImpl.invoke(DelegatingMethodAccessorImpl.java:43)
	at java.lang.reflect.Method.invoke(Method.java:498)
	at org.junit.runners.model.FrameworkMethod$1.runReflectiveCall(FrameworkMethod.java:47)
	at org.junit.internal.runners.model.ReflectiveCallable.run(ReflectiveCallable.java:12)
	at org.junit.runners.model.FrameworkMethod.invokeExplosively(FrameworkMethod.java:44)
	at org.junit.internal.runners.statements.InvokeMethod.evaluate(InvokeMethod.java:17)
	at org.junit.internal.runners.statements.RunBefores.evaluate(RunBefores.java:26)
	at org.junit.internal.runners.statements.RunAfters.evaluate(RunAfters.java:27)
	at org.junit.runners.ParentRunner.runLeaf(ParentRunner.java:271)
	at org.junit.runners.BlockJUnit4ClassRunner.runChild(BlockJUnit4ClassRunner.java:70)
	at org.junit.runners.BlockJUnit4ClassRunner.runChild(BlockJUnit4ClassRunner.java:50)
	at org.junit.runners.ParentRunner$3.run(ParentRunner.java:238)
	at org.junit.runners.ParentRunner$1.schedule(ParentRunner.java:63)
	at org.junit.runners.ParentRunner.runChildren(ParentRunner.java:236)
	at org.junit.runners.ParentRunner.access$000(ParentRunner.java:53)
	at org.junit.runners.ParentRunner$2.evaluate(ParentRunner.java:229)
	at org.junit.runners.ParentRunner.run(ParentRunner.java:309)
	at org.apache.maven.surefire.junit4.JUnit4Provider.execute(JUnit4Provider.java:365)
	at org.apache.maven.surefire.junit4.JUnit4Provider.executeWithRerun(JUnit4Provider.java:273)
	at org.apache.maven.surefire.junit4.JUnit4Provider.executeTestSet(JUnit4Provider.java:238)
	at org.apache.maven.surefire.junit4.JUnit4Provider.invoke(JUnit4Provider.java:159)
	at org.apache.maven.surefire.booter.ForkedBooter.invokeProviderInSameClassLoader(ForkedBooter.java:384)
	at org.apache.maven.surefire.booter.ForkedBooter.runSuitesInProcess(ForkedBooter.java:345)
	at org.apache.maven.surefire.booter.ForkedBooter.execute(ForkedBooter.java:126)
	at org.apache.maven.surefire.booter.ForkedBooter.main(ForkedBooter.java:418)
2019-09-10 05:39:25,243 [main] WARN  storage.CommitWatcher (CommitWatcher.java:watchForCommit(203)) - watchForCommit failed for index 4
java.util.concurrent.TimeoutException
	at java.util.concurrent.CompletableFuture.timedGet(CompletableFuture.java:1771)
	at java.util.concurrent.CompletableFuture.get(CompletableFuture.java:1915)
	at org.apache.hadoop.hdds.scm.XceiverClientRatis.watchForCommit(XceiverClientRatis.java:268)
	at org.apache.hadoop.hdds.scm.storage.CommitWatcher.watchForCommit(CommitWatcher.java:194)
	at org.apache.hadoop.hdds.scm.storage.CommitWatcher.watchOnLastIndex(CommitWatcher.java:157)
	at org.apache.hadoop.hdds.scm.storage.BlockOutputStream.watchForCommit(BlockOutputStream.java:347)
	at org.apache.hadoop.hdds.scm.storage.BlockOutputStream.handleFlush(BlockOutputStream.java:479)
	at org.apache.hadoop.hdds.scm.storage.BlockOutputStream.flush(BlockOutputStream.java:428)
	at org.apache.hadoop.ozone.client.io.BlockOutputStreamEntry.flush(BlockOutputStreamEntry.java:136)
	at org.apache.hadoop.ozone.client.io.KeyOutputStream.handleFlushOrClose(KeyOutputStream.java:442)
	at org.apache.hadoop.ozone.client.io.KeyOutputStream.flush(KeyOutputStream.java:396)
	at org.apache.hadoop.ozone.client.io.OzoneOutputStream.flush(OzoneOutputStream.java:54)
	at org.apache.hadoop.ozone.client.rpc.TestBlockOutputStreamWithFailures.testExceptionDuringClose(TestBlockOutputStreamWithFailures.java:720)
	at sun.reflect.NativeMethodAccessorImpl.invoke0(Native Method)
	at sun.reflect.NativeMethodAccessorImpl.invoke(NativeMethodAccessorImpl.java:62)
	at sun.reflect.DelegatingMethodAccessorImpl.invoke(DelegatingMethodAccessorImpl.java:43)
	at java.lang.reflect.Method.invoke(Method.java:498)
	at org.junit.runners.model.FrameworkMethod$1.runReflectiveCall(FrameworkMethod.java:47)
	at org.junit.internal.runners.model.ReflectiveCallable.run(ReflectiveCallable.java:12)
	at org.junit.runners.model.FrameworkMethod.invokeExplosively(FrameworkMethod.java:44)
	at org.junit.internal.runners.statements.InvokeMethod.evaluate(InvokeMethod.java:17)
	at org.junit.internal.runners.statements.RunBefores.evaluate(RunBefores.java:26)
	at org.junit.internal.runners.statements.RunAfters.evaluate(RunAfters.java:27)
	at org.junit.runners.ParentRunner.runLeaf(ParentRunner.java:271)
	at org.junit.runners.BlockJUnit4ClassRunner.runChild(BlockJUnit4ClassRunner.java:70)
	at org.junit.runners.BlockJUnit4ClassRunner.runChild(BlockJUnit4ClassRunner.java:50)
	at org.junit.runners.ParentRunner$3.run(ParentRunner.java:238)
	at org.junit.runners.ParentRunner$1.schedule(ParentRunner.java:63)
	at org.junit.runners.ParentRunner.runChildren(ParentRunner.java:236)
	at org.junit.runners.ParentRunner.access$000(ParentRunner.java:53)
	at org.junit.runners.ParentRunner$2.evaluate(ParentRunner.java:229)
	at org.junit.runners.ParentRunner.run(ParentRunner.java:309)
	at org.apache.maven.surefire.junit4.JUnit4Provider.execute(JUnit4Provider.java:365)
	at org.apache.maven.surefire.junit4.JUnit4Provider.executeWithRerun(JUnit4Provider.java:273)
	at org.apache.maven.surefire.junit4.JUnit4Provider.executeTestSet(JUnit4Provider.java:238)
	at org.apache.maven.surefire.junit4.JUnit4Provider.invoke(JUnit4Provider.java:159)
	at org.apache.maven.surefire.booter.ForkedBooter.invokeProviderInSameClassLoader(ForkedBooter.java:384)
	at org.apache.maven.surefire.booter.ForkedBooter.runSuitesInProcess(ForkedBooter.java:345)
	at org.apache.maven.surefire.booter.ForkedBooter.execute(ForkedBooter.java:126)
	at org.apache.maven.surefire.booter.ForkedBooter.main(ForkedBooter.java:418)
2019-09-10 05:39:25,245 [main] WARN  io.KeyOutputStream (KeyOutputStream.java:handleException(276)) - Encountered exception java.io.IOException: Unexpected Storage Container Exception: java.io.IOException: Unexpected Storage Container Exception: java.util.concurrent.TimeoutException on the pipeline Pipeline[ Id: dea7c157-e074-4371-a2b0-934be7222e24, Nodes: 48aec7a3-643c-4634-bc1c-f1d63eb87aec{ip: 192.168.36.76, host: trunk-nightly-20190910-vk757-903364635, networkLocation: /default-rack, certSerialId: null}9e976c14-1eb0-4a89-8bf4-d18e531efd12{ip: 192.168.36.76, host: trunk-nightly-20190910-vk757-903364635, networkLocation: /default-rack, certSerialId: null}e9710f5a-4540-4253-93a1-96ebbace2ee0{ip: 192.168.36.76, host: trunk-nightly-20190910-vk757-903364635, networkLocation: /default-rack, certSerialId: null}, Type:RATIS, Factor:THREE, State:OPEN]. The last committed block length is 0, uncommitted data length is 167 retry count 0
2019-09-10 05:39:25,262 [grpc-default-executor-9] INFO  client.GrpcClientProtocolClient (GrpcClientProtocolClient.java:onNext(264)) - client-3DC55BAC00F7->bce8a7d4-8dd0-462c-884e-e9994e0d492a: receive RaftClientReply:client-3DC55BAC00F7->bce8a7d4-8dd0-462c-884e-e9994e0d492a@group-6C0282CCCCEA, cid=294, FAILED org.apache.ratis.protocol.NotLeaderException: Server bce8a7d4-8dd0-462c-884e-e9994e0d492a@group-6C0282CCCCEA is not the leader 609ec3c0-9d0d-4099-a96c-9dbce2d5132e:192.168.36.76:35964, logIndex=0, commits[bce8a7d4-8dd0-462c-884e-e9994e0d492a:c0, e42ae758-4ea9-4f6d-8c37-d6691f5271b9:c0, 609ec3c0-9d0d-4099-a96c-9dbce2d5132e:c0]
2019-09-10 05:39:25,617 [grpc-default-executor-11] INFO  client.GrpcClientProtocolClient (GrpcClientProtocolClient.java:onNext(264)) - client-3DC55BAC00F7->609ec3c0-9d0d-4099-a96c-9dbce2d5132e: receive RaftClientReply:client-3DC55BAC00F7->609ec3c0-9d0d-4099-a96c-9dbce2d5132e@group-6C0282CCCCEA, cid=294, SUCCESS, logIndex=1, commits[609ec3c0-9d0d-4099-a96c-9dbce2d5132e:c1, bce8a7d4-8dd0-462c-884e-e9994e0d492a:c0, e42ae758-4ea9-4f6d-8c37-d6691f5271b9:c0]
2019-09-10 05:39:25,648 [grpc-default-executor-12] INFO  client.GrpcClientProtocolClient (GrpcClientProtocolClient.java:onNext(264)) - client-3DC55BAC00F7->609ec3c0-9d0d-4099-a96c-9dbce2d5132e: receive RaftClientReply:client-3DC55BAC00F7->609ec3c0-9d0d-4099-a96c-9dbce2d5132e@group-6C0282CCCCEA, cid=295, SUCCESS, logIndex=3, commits[609ec3c0-9d0d-4099-a96c-9dbce2d5132e:c4, bce8a7d4-8dd0-462c-884e-e9994e0d492a:c1, e42ae758-4ea9-4f6d-8c37-d6691f5271b9:c2]
2019-09-10 05:39:25,652 [grpc-default-executor-12] INFO  client.GrpcClientProtocolClient (GrpcClientProtocolClient.java:onNext(264)) - client-B3271E313DB3->e9710f5a-4540-4253-93a1-96ebbace2ee0: receive RaftClientReply:client-B3271E313DB3->e9710f5a-4540-4253-93a1-96ebbace2ee0@group-934BE7222E24, cid=293, SUCCESS, logIndex=0, commits[e9710f5a-4540-4253-93a1-96ebbace2ee0:c6, 9e976c14-1eb0-4a89-8bf4-d18e531efd12:c6, 48aec7a3-643c-4634-bc1c-f1d63eb87aec:c2]
2019-09-10 05:39:25,663 [grpc-default-executor-12] INFO  client.GrpcClientProtocolClient (GrpcClientProtocolClient.java:onNext(264)) - client-B3271E313DB3->e9710f5a-4540-4253-93a1-96ebbace2ee0: receive RaftClientReply:client-B3271E313DB3->e9710f5a-4540-4253-93a1-96ebbace2ee0@group-934BE7222E24, cid=292, SUCCESS, logIndex=0, commits[e9710f5a-4540-4253-93a1-96ebbace2ee0:c6, 9e976c14-1eb0-4a89-8bf4-d18e531efd12:c6, 48aec7a3-643c-4634-bc1c-f1d63eb87aec:c6]
2019-09-10 05:39:25,686 [grpc-default-executor-12] INFO  client.GrpcClientProtocolClient (GrpcClientProtocolClient.java:onNext(264)) - client-3DC55BAC00F7->609ec3c0-9d0d-4099-a96c-9dbce2d5132e: receive RaftClientReply:client-3DC55BAC00F7->609ec3c0-9d0d-4099-a96c-9dbce2d5132e@group-6C0282CCCCEA, cid=296, SUCCESS, logIndex=4, commits[609ec3c0-9d0d-4099-a96c-9dbce2d5132e:c6, bce8a7d4-8dd0-462c-884e-e9994e0d492a:c4, e42ae758-4ea9-4f6d-8c37-d6691f5271b9:c4]
2019-09-10 05:39:25,687 [main] INFO  ozone.MiniOzoneClusterImpl (MiniOzoneClusterImpl.java:shutdown(307)) - Shutting down the Mini Ozone Cluster
2019-09-10 05:39:25,688 [main] INFO  ozone.MiniOzoneClusterImpl (MiniOzoneClusterImpl.java:stop(322)) - Stopping the Mini Ozone Cluster
2019-09-10 05:39:25,688 [main] INFO  ozone.MiniOzoneClusterImpl (MiniOzoneClusterImpl.java:stop(324)) - Stopping the OzoneManager
2019-09-10 05:39:25,688 [main] INFO  ipc.Server (Server.java:stop(3082)) - Stopping server on 43940
2019-09-10 05:39:25,711 [main] INFO  ratis.OzoneManagerDoubleBuffer (OzoneManagerDoubleBuffer.java:stop(248)) - Stopping OMDoubleBuffer flush thread
2019-09-10 05:39:25,713 [IPC Server listener on 43940] INFO  ipc.Server (Server.java:run(1185)) - Stopping IPC Server listener on 43940
2019-09-10 05:39:25,716 [IPC Server Responder] INFO  ipc.Server (Server.java:run(1319)) - Stopping IPC Server Responder
2019-09-10 05:39:25,722 [OMDoubleBufferFlushThread] INFO  ratis.OzoneManagerDoubleBuffer (OzoneManagerDoubleBuffer.java:flushTransactions(191)) - OMDoubleBuffer flush thread OMDoubleBufferFlushThread is interrupted and will exit. OMDoubleBufferFlushThread
2019-09-10 05:39:25,742 [main] INFO  utils.BackgroundService (BackgroundService.java:shutdown(148)) - Shutting down service KeyDeletingService
2019-09-10 05:39:25,743 [main] INFO  handler.ContextHandler (ContextHandler.java:doStop(910)) - Stopped o.e.j.w.WebAppContext@58186f9f{/,null,UNAVAILABLE}{/ozoneManager}
2019-09-10 05:39:25,745 [main] INFO  server.AbstractConnector (AbstractConnector.java:doStop(318)) - Stopped ServerConnector@62faf77{HTTP/1.1,[http/1.1]}{0.0.0.0:0}
2019-09-10 05:39:25,745 [main] INFO  handler.ContextHandler (ContextHandler.java:doStop(910)) - Stopped o.e.j.s.ServletContextHandler@5c5f0edc{/static,file:///workdir/hadoop-ozone/integration-test/target/test-classes/webapps/static,UNAVAILABLE}
2019-09-10 05:39:25,745 [main] INFO  handler.ContextHandler (ContextHandler.java:doStop(910)) - Stopped o.e.j.s.ServletContextHandler@1b1e1f02{/logs,file:///workdir/hadoop-ozone/integration-test/target/log,UNAVAILABLE}
2019-09-10 05:39:25,749 [main] INFO  ozone.MiniOzoneClusterImpl (MiniOzoneClusterImpl.java:stop(330)) - Shutting the HddsDatanodes
2019-09-10 05:39:26,117 [Datanode State Machine Thread - 0] INFO  statemachine.DatanodeStateMachine (DatanodeStateMachine.java:lambda$startDaemon$0(350)) - Ozone container server started.
2019-09-10 05:39:26,597 [Datanode State Machine Thread - 0] INFO  statemachine.DatanodeStateMachine (DatanodeStateMachine.java:lambda$startDaemon$0(350)) - Ozone container server started.
2019-09-10 05:39:30,167 [EventQueue-StaleNodeForStaleNodeHandler] INFO  node.StaleNodeHandler (StaleNodeHandler.java:onMessage(58)) - Datanode 48aec7a3-643c-4634-bc1c-f1d63eb87aec{ip: 192.168.36.76, host: trunk-nightly-20190910-vk757-903364635, networkLocation: /default-rack, certSerialId: null} moved to stale state. Finalizing its pipelines [PipelineID=dea7c157-e074-4371-a2b0-934be7222e24, PipelineID=39dbffa8-14bb-4b51-9bea-5e2de17d801f]
2019-09-10 05:39:30,168 [EventQueue-StaleNodeForStaleNodeHandler] INFO  pipeline.SCMPipelineManager (SCMPipelineManager.java:finalizeAndDestroyPipeline(311)) - destroying pipeline:Pipeline[ Id: dea7c157-e074-4371-a2b0-934be7222e24, Nodes: 48aec7a3-643c-4634-bc1c-f1d63eb87aec{ip: 192.168.36.76, host: trunk-nightly-20190910-vk757-903364635, networkLocation: /default-rack, certSerialId: null}9e976c14-1eb0-4a89-8bf4-d18e531efd12{ip: 192.168.36.76, host: trunk-nightly-20190910-vk757-903364635, networkLocation: /default-rack, certSerialId: null}e9710f5a-4540-4253-93a1-96ebbace2ee0{ip: 192.168.36.76, host: trunk-nightly-20190910-vk757-903364635, networkLocation: /default-rack, certSerialId: null}, Type:RATIS, Factor:THREE, State:OPEN]
2019-09-10 05:39:30,169 [EventQueue-StaleNodeForStaleNodeHandler] INFO  pipeline.PipelineStateManager (PipelineStateManager.java:finalizePipeline(123)) - Pipeline Pipeline[ Id: dea7c157-e074-4371-a2b0-934be7222e24, Nodes: 48aec7a3-643c-4634-bc1c-f1d63eb87aec{ip: 192.168.36.76, host: trunk-nightly-20190910-vk757-903364635, networkLocation: /default-rack, certSerialId: null}9e976c14-1eb0-4a89-8bf4-d18e531efd12{ip: 192.168.36.76, host: trunk-nightly-20190910-vk757-903364635, networkLocation: /default-rack, certSerialId: null}e9710f5a-4540-4253-93a1-96ebbace2ee0{ip: 192.168.36.76, host: trunk-nightly-20190910-vk757-903364635, networkLocation: /default-rack, certSerialId: null}, Type:RATIS, Factor:THREE, State:CLOSED] moved to CLOSED state
2019-09-10 05:39:30,173 [EventQueue-CloseContainerForCloseContainerEventHandler] INFO  container.CloseContainerEventHandler (CloseContainerEventHandler.java:onMessage(61)) - Close container Event triggered for container : #1
2019-09-10 05:39:30,173 [EventQueue-StaleNodeForStaleNodeHandler] INFO  pipeline.SCMPipelineManager (SCMPipelineManager.java:finalizeAndDestroyPipeline(311)) - destroying pipeline:Pipeline[ Id: 39dbffa8-14bb-4b51-9bea-5e2de17d801f, Nodes: 48aec7a3-643c-4634-bc1c-f1d63eb87aec{ip: 192.168.36.76, host: trunk-nightly-20190910-vk757-903364635, networkLocation: /default-rack, certSerialId: null}, Type:RATIS, Factor:ONE, State:OPEN]
2019-09-10 05:39:30,173 [EventQueue-StaleNodeForStaleNodeHandler] INFO  pipeline.PipelineStateManager (PipelineStateManager.java:finalizePipeline(123)) - Pipeline Pipeline[ Id: 39dbffa8-14bb-4b51-9bea-5e2de17d801f, Nodes: 48aec7a3-643c-4634-bc1c-f1d63eb87aec{ip: 192.168.36.76, host: trunk-nightly-20190910-vk757-903364635, networkLocation: /default-rack, certSerialId: null}, Type:RATIS, Factor:ONE, State:CLOSED] moved to CLOSED state
2019-09-10 05:39:30,668 [EventQueue-StaleNodeForStaleNodeHandler] INFO  node.StaleNodeHandler (StaleNodeHandler.java:onMessage(58)) - Datanode e42ae758-4ea9-4f6d-8c37-d6691f5271b9{ip: 192.168.36.76, host: trunk-nightly-20190910-vk757-903364635, networkLocation: /default-rack, certSerialId: null} moved to stale state. Finalizing its pipelines [PipelineID=c2eee720-f9c2-47a4-9064-6c0282ccccea, PipelineID=6f4b9efb-5464-4a42-be08-946281e8c6af]
2019-09-10 05:39:30,668 [EventQueue-StaleNodeForStaleNodeHandler] INFO  pipeline.SCMPipelineManager (SCMPipelineManager.java:finalizeAndDestroyPipeline(311)) - destroying pipeline:Pipeline[ Id: c2eee720-f9c2-47a4-9064-6c0282ccccea, Nodes: bce8a7d4-8dd0-462c-884e-e9994e0d492a{ip: 192.168.36.76, host: trunk-nightly-20190910-vk757-903364635, networkLocation: /default-rack, certSerialId: null}609ec3c0-9d0d-4099-a96c-9dbce2d5132e{ip: 192.168.36.76, host: trunk-nightly-20190910-vk757-903364635, networkLocation: /default-rack, certSerialId: null}e42ae758-4ea9-4f6d-8c37-d6691f5271b9{ip: 192.168.36.76, host: trunk-nightly-20190910-vk757-903364635, networkLocation: /default-rack, certSerialId: null}, Type:RATIS, Factor:THREE, State:OPEN]
2019-09-10 05:39:30,668 [EventQueue-StaleNodeForStaleNodeHandler] INFO  pipeline.PipelineStateManager (PipelineStateManager.java:finalizePipeline(123)) - Pipeline Pipeline[ Id: c2eee720-f9c2-47a4-9064-6c0282ccccea, Nodes: bce8a7d4-8dd0-462c-884e-e9994e0d492a{ip: 192.168.36.76, host: trunk-nightly-20190910-vk757-903364635, networkLocation: /default-rack, certSerialId: null}609ec3c0-9d0d-4099-a96c-9dbce2d5132e{ip: 192.168.36.76, host: trunk-nightly-20190910-vk757-903364635, networkLocation: /default-rack, certSerialId: null}e42ae758-4ea9-4f6d-8c37-d6691f5271b9{ip: 192.168.36.76, host: trunk-nightly-20190910-vk757-903364635, networkLocation: /default-rack, certSerialId: null}, Type:RATIS, Factor:THREE, State:CLOSED] moved to CLOSED state
2019-09-10 05:39:30,669 [EventQueue-CloseContainerForCloseContainerEventHandler] INFO  container.CloseContainerEventHandler (CloseContainerEventHandler.java:onMessage(61)) - Close container Event triggered for container : #2
2019-09-10 05:39:30,669 [EventQueue-StaleNodeForStaleNodeHandler] INFO  pipeline.SCMPipelineManager (SCMPipelineManager.java:finalizeAndDestroyPipeline(311)) - destroying pipeline:Pipeline[ Id: 6f4b9efb-5464-4a42-be08-946281e8c6af, Nodes: e42ae758-4ea9-4f6d-8c37-d6691f5271b9{ip: 192.168.36.76, host: trunk-nightly-20190910-vk757-903364635, networkLocation: /default-rack, certSerialId: null}, Type:RATIS, Factor:ONE, State:OPEN]
2019-09-10 05:39:30,669 [EventQueue-StaleNodeForStaleNodeHandler] INFO  pipeline.PipelineStateManager (PipelineStateManager.java:finalizePipeline(123)) - Pipeline Pipeline[ Id: 6f4b9efb-5464-4a42-be08-946281e8c6af, Nodes: e42ae758-4ea9-4f6d-8c37-d6691f5271b9{ip: 192.168.36.76, host: trunk-nightly-20190910-vk757-903364635, networkLocation: /default-rack, certSerialId: null}, Type:RATIS, Factor:ONE, State:CLOSED] moved to CLOSED state
2019-09-10 05:39:30,751 [ForkJoinPool.commonPool-worker-1] INFO  ozoneimpl.OzoneContainer (OzoneContainer.java:stop(231)) - Attempting to stop container services.
2019-09-10 05:39:30,751 [main] INFO  ozoneimpl.OzoneContainer (OzoneContainer.java:stop(231)) - Attempting to stop container services.
2019-09-10 05:39:30,751 [ForkJoinPool.commonPool-worker-1] INFO  impl.RaftServerProxy (RaftServerProxy.java:lambda$close$4(314)) - e42ae758-4ea9-4f6d-8c37-d6691f5271b9: close
2019-09-10 05:39:30,752 [main] INFO  impl.RaftServerProxy (RaftServerProxy.java:lambda$close$4(314)) - 48aec7a3-643c-4634-bc1c-f1d63eb87aec: close
2019-09-10 05:39:30,752 [ForkJoinPool.commonPool-worker-1] INFO  impl.RaftServerImpl (RaftServerImpl.java:lambda$shutdown$3(251)) - e42ae758-4ea9-4f6d-8c37-d6691f5271b9@group-6C0282CCCCEA: shutdown
2019-09-10 05:39:30,753 [main] INFO  impl.RaftServerImpl (RaftServerImpl.java:lambda$shutdown$3(251)) - 48aec7a3-643c-4634-bc1c-f1d63eb87aec@group-934BE7222E24: shutdown
2019-09-10 05:39:30,753 [ForkJoinPool.commonPool-worker-1] INFO  util.JmxRegister (JmxRegister.java:unregister(73)) - Successfully un-registered JMX Bean with object name Ratis:service=RaftServer,group=group-6C0282CCCCEA,id=e42ae758-4ea9-4f6d-8c37-d6691f5271b9
2019-09-10 05:39:30,753 [main] INFO  util.JmxRegister (JmxRegister.java:unregister(73)) - Successfully un-registered JMX Bean with object name Ratis:service=RaftServer,group=group-934BE7222E24,id=48aec7a3-643c-4634-bc1c-f1d63eb87aec
2019-09-10 05:39:30,754 [ForkJoinPool.commonPool-worker-1] INFO  impl.RoleInfo (RoleInfo.java:shutdownFollowerState(121)) - e42ae758-4ea9-4f6d-8c37-d6691f5271b9: shutdown FollowerState
2019-09-10 05:39:30,754 [main] INFO  impl.RoleInfo (RoleInfo.java:shutdownFollowerState(121)) - 48aec7a3-643c-4634-bc1c-f1d63eb87aec: shutdown FollowerState
2019-09-10 05:39:30,755 [e42ae758-4ea9-4f6d-8c37-d6691f5271b9@group-6C0282CCCCEA-StateMachineUpdater] INFO  ratis.ContainerStateMachine (ContainerStateMachine.java:takeSnapshot(289)) - group-6C0282CCCCEA: Taking a snapshot at:(t:1, i:4) file /workdir/hadoop-ozone/integration-test/target/test-dir/MiniOzoneClusterImpl-bea64e6c-8861-4610-b5db-527a5cfae2b5/datanode-1/data/ratis/c2eee720-f9c2-47a4-9064-6c0282ccccea/sm/snapshot.1_4
2019-09-10 05:39:30,754 [Thread-4806] INFO  impl.FollowerState (FollowerState.java:run(115)) - e42ae758-4ea9-4f6d-8c37-d6691f5271b9: FollowerState was interrupted: java.lang.InterruptedException: sleep interrupted
2019-09-10 05:39:30,754 [ForkJoinPool.commonPool-worker-1] INFO  impl.StateMachineUpdater (StateMachineUpdater.java:stopAndJoin(125)) - e42ae758-4ea9-4f6d-8c37-d6691f5271b9@group-6C0282CCCCEA-StateMachineUpdater: set stopIndex = 6
2019-09-10 05:39:30,755 [Thread-4822] INFO  impl.FollowerState (FollowerState.java:run(115)) - 48aec7a3-643c-4634-bc1c-f1d63eb87aec: FollowerState was interrupted: java.lang.InterruptedException: sleep interrupted
2019-09-10 05:39:30,755 [48aec7a3-643c-4634-bc1c-f1d63eb87aec@group-934BE7222E24-StateMachineUpdater] INFO  ratis.ContainerStateMachine (ContainerStateMachine.java:takeSnapshot(289)) - group-934BE7222E24: Taking a snapshot at:(t:1, i:6) file /workdir/hadoop-ozone/integration-test/target/test-dir/MiniOzoneClusterImpl-bea64e6c-8861-4610-b5db-527a5cfae2b5/datanode-4/data/ratis/dea7c157-e074-4371-a2b0-934be7222e24/sm/snapshot.1_6
2019-09-10 05:39:30,755 [main] INFO  impl.StateMachineUpdater (StateMachineUpdater.java:stopAndJoin(125)) - 48aec7a3-643c-4634-bc1c-f1d63eb87aec@group-934BE7222E24-StateMachineUpdater: set stopIndex = 6
2019-09-10 05:39:30,862 [48aec7a3-643c-4634-bc1c-f1d63eb87aec@group-934BE7222E24-StateMachineUpdater] INFO  ratis.ContainerStateMachine (ContainerStateMachine.java:takeSnapshot(300)) - group-934BE7222E24: Finished taking a snapshot at:(t:1, i:6) file:/workdir/hadoop-ozone/integration-test/target/test-dir/MiniOzoneClusterImpl-bea64e6c-8861-4610-b5db-527a5cfae2b5/datanode-4/data/ratis/dea7c157-e074-4371-a2b0-934be7222e24/sm/snapshot.1_6 time:107
2019-09-10 05:39:30,862 [e42ae758-4ea9-4f6d-8c37-d6691f5271b9@group-6C0282CCCCEA-StateMachineUpdater] INFO  ratis.ContainerStateMachine (ContainerStateMachine.java:takeSnapshot(300)) - group-6C0282CCCCEA: Finished taking a snapshot at:(t:1, i:4) file:/workdir/hadoop-ozone/integration-test/target/test-dir/MiniOzoneClusterImpl-bea64e6c-8861-4610-b5db-527a5cfae2b5/datanode-1/data/ratis/c2eee720-f9c2-47a4-9064-6c0282ccccea/sm/snapshot.1_4 time:107
2019-09-10 05:39:30,862 [48aec7a3-643c-4634-bc1c-f1d63eb87aec@group-934BE7222E24-StateMachineUpdater] INFO  impl.StateMachineUpdater (StateMachineUpdater.java:takeSnapshot(258)) - 48aec7a3-643c-4634-bc1c-f1d63eb87aec@group-934BE7222E24-StateMachineUpdater: Took a snapshot at index 6
2019-09-10 05:39:30,862 [e42ae758-4ea9-4f6d-8c37-d6691f5271b9@group-6C0282CCCCEA-StateMachineUpdater] INFO  impl.StateMachineUpdater (StateMachineUpdater.java:takeSnapshot(258)) - e42ae758-4ea9-4f6d-8c37-d6691f5271b9@group-6C0282CCCCEA-StateMachineUpdater: Took a snapshot at index 4
2019-09-10 05:39:30,863 [48aec7a3-643c-4634-bc1c-f1d63eb87aec@group-934BE7222E24-StateMachineUpdater] INFO  impl.StateMachineUpdater (StateMachineUpdater.java:lambda$new$0(83)) - 48aec7a3-643c-4634-bc1c-f1d63eb87aec@group-934BE7222E24-StateMachineUpdater: snapshotIndex: updateIncreasingly -1 -> 6
2019-09-10 05:39:30,863 [e42ae758-4ea9-4f6d-8c37-d6691f5271b9@group-6C0282CCCCEA-StateMachineUpdater] INFO  impl.StateMachineUpdater (StateMachineUpdater.java:lambda$new$0(83)) - e42ae758-4ea9-4f6d-8c37-d6691f5271b9@group-6C0282CCCCEA-StateMachineUpdater: snapshotIndex: updateIncreasingly -1 -> 4
2019-09-10 05:39:30,863 [e42ae758-4ea9-4f6d-8c37-d6691f5271b9@group-6C0282CCCCEA-StateMachineUpdater] INFO  ratis.ContainerStateMachine (ContainerStateMachine.java:takeSnapshot(289)) - group-6C0282CCCCEA: Taking a snapshot at:(t:1, i:4) file /workdir/hadoop-ozone/integration-test/target/test-dir/MiniOzoneClusterImpl-bea64e6c-8861-4610-b5db-527a5cfae2b5/datanode-1/data/ratis/c2eee720-f9c2-47a4-9064-6c0282ccccea/sm/snapshot.1_4
2019-09-10 05:39:30,863 [main] INFO  impl.RaftServerImpl (ServerState.java:close(385)) - 48aec7a3-643c-4634-bc1c-f1d63eb87aec@group-934BE7222E24: closes. applyIndex: 6
2019-09-10 05:39:30,864 [48aec7a3-643c-4634-bc1c-f1d63eb87aec@group-934BE7222E24-SegmentedRaftLogWorker] INFO  segmented.SegmentedRaftLogWorker (SegmentedRaftLogWorker.java:run(313)) - 48aec7a3-643c-4634-bc1c-f1d63eb87aec@group-934BE7222E24-SegmentedRaftLogWorker was interrupted, exiting. There are 0 tasks remaining in the queue.
2019-09-10 05:39:30,867 [main] INFO  segmented.SegmentedRaftLogWorker (SegmentedRaftLogWorker.java:close(228)) - 48aec7a3-643c-4634-bc1c-f1d63eb87aec@group-934BE7222E24-SegmentedRaftLogWorker close()
2019-09-10 05:39:30,872 [main] INFO  impl.RaftServerImpl (RaftServerImpl.java:lambda$shutdown$3(251)) - 48aec7a3-643c-4634-bc1c-f1d63eb87aec@group-5E2DE17D801F: shutdown
2019-09-10 05:39:30,872 [main] INFO  util.JmxRegister (JmxRegister.java:unregister(73)) - Successfully un-registered JMX Bean with object name Ratis:service=RaftServer,group=group-5E2DE17D801F,id=48aec7a3-643c-4634-bc1c-f1d63eb87aec
2019-09-10 05:39:30,872 [main] INFO  impl.RoleInfo (RoleInfo.java:shutdownLeaderState(104)) - 48aec7a3-643c-4634-bc1c-f1d63eb87aec: shutdown LeaderState
2019-09-10 05:39:30,873 [main] INFO  impl.PendingRequests (PendingRequests.java:sendNotLeaderResponses(202)) - 48aec7a3-643c-4634-bc1c-f1d63eb87aec-PendingRequests: sendNotLeaderResponses
2019-09-10 05:39:30,873 [main] INFO  impl.StateMachineUpdater (StateMachineUpdater.java:stopAndJoin(125)) - 48aec7a3-643c-4634-bc1c-f1d63eb87aec@group-5E2DE17D801F-StateMachineUpdater: set stopIndex = 0
2019-09-10 05:39:30,873 [main] INFO  impl.RaftServerImpl (ServerState.java:close(385)) - 48aec7a3-643c-4634-bc1c-f1d63eb87aec@group-5E2DE17D801F: closes. applyIndex: 0
2019-09-10 05:39:30,874 [48aec7a3-643c-4634-bc1c-f1d63eb87aec@group-5E2DE17D801F-SegmentedRaftLogWorker] INFO  segmented.SegmentedRaftLogWorker (SegmentedRaftLogWorker.java:run(313)) - 48aec7a3-643c-4634-bc1c-f1d63eb87aec@group-5E2DE17D801F-SegmentedRaftLogWorker was interrupted, exiting. There are 0 tasks remaining in the queue.
2019-09-10 05:39:30,876 [e42ae758-4ea9-4f6d-8c37-d6691f5271b9@group-6C0282CCCCEA-StateMachineUpdater] INFO  ratis.ContainerStateMachine (ContainerStateMachine.java:takeSnapshot(300)) - group-6C0282CCCCEA: Finished taking a snapshot at:(t:1, i:4) file:/workdir/hadoop-ozone/integration-test/target/test-dir/MiniOzoneClusterImpl-bea64e6c-8861-4610-b5db-527a5cfae2b5/datanode-1/data/ratis/c2eee720-f9c2-47a4-9064-6c0282ccccea/sm/snapshot.1_4 time:13
2019-09-10 05:39:30,876 [main] INFO  segmented.SegmentedRaftLogWorker (SegmentedRaftLogWorker.java:close(228)) - 48aec7a3-643c-4634-bc1c-f1d63eb87aec@group-5E2DE17D801F-SegmentedRaftLogWorker close()
2019-09-10 05:39:30,876 [e42ae758-4ea9-4f6d-8c37-d6691f5271b9@group-6C0282CCCCEA-StateMachineUpdater] INFO  impl.StateMachineUpdater (StateMachineUpdater.java:takeSnapshot(258)) - e42ae758-4ea9-4f6d-8c37-d6691f5271b9@group-6C0282CCCCEA-StateMachineUpdater: Took a snapshot at index 4
2019-09-10 05:39:30,881 [e42ae758-4ea9-4f6d-8c37-d6691f5271b9@group-6C0282CCCCEA-StateMachineUpdater] INFO  impl.StateMachineUpdater (StateMachineUpdater.java:lambda$new$0(83)) - e42ae758-4ea9-4f6d-8c37-d6691f5271b9@group-6C0282CCCCEA-StateMachineUpdater: snapshotIndex: updateIncreasingly 4 -> 4
2019-09-10 05:39:30,881 [main] INFO  server.GrpcService (GrpcService.java:closeImpl(164)) - 48aec7a3-643c-4634-bc1c-f1d63eb87aec: shutdown server with port 37975 now
2019-09-10 05:39:30,881 [ForkJoinPool.commonPool-worker-1] INFO  impl.RaftServerImpl (ServerState.java:close(385)) - e42ae758-4ea9-4f6d-8c37-d6691f5271b9@group-6C0282CCCCEA: closes. applyIndex: 6
2019-09-10 05:39:30,882 [e42ae758-4ea9-4f6d-8c37-d6691f5271b9@group-6C0282CCCCEA-SegmentedRaftLogWorker] INFO  segmented.SegmentedRaftLogWorker (SegmentedRaftLogWorker.java:run(313)) - e42ae758-4ea9-4f6d-8c37-d6691f5271b9@group-6C0282CCCCEA-SegmentedRaftLogWorker was interrupted, exiting. There are 0 tasks remaining in the queue.
2019-09-10 05:39:30,884 [ForkJoinPool.commonPool-worker-1] INFO  segmented.SegmentedRaftLogWorker (SegmentedRaftLogWorker.java:close(228)) - e42ae758-4ea9-4f6d-8c37-d6691f5271b9@group-6C0282CCCCEA-SegmentedRaftLogWorker close()
2019-09-10 05:39:30,889 [ForkJoinPool.commonPool-worker-1] INFO  impl.RaftServerImpl (RaftServerImpl.java:lambda$shutdown$3(251)) - e42ae758-4ea9-4f6d-8c37-d6691f5271b9@group-946281E8C6AF: shutdown
2019-09-10 05:39:30,889 [ForkJoinPool.commonPool-worker-1] INFO  util.JmxRegister (JmxRegister.java:unregister(73)) - Successfully un-registered JMX Bean with object name Ratis:service=RaftServer,group=group-946281E8C6AF,id=e42ae758-4ea9-4f6d-8c37-d6691f5271b9
2019-09-10 05:39:30,889 [grpc-default-executor-12] WARN  server.GrpcLogAppender (LogUtils.java:warn(134)) - e9710f5a-4540-4253-93a1-96ebbace2ee0@group-934BE7222E24->48aec7a3-643c-4634-bc1c-f1d63eb87aec-AppendLogResponseHandler: Failed appendEntries: org.apache.ratis.thirdparty.io.grpc.StatusRuntimeException: CANCELLED: HTTP/2 error code: CANCEL
Received Rst Stream
2019-09-10 05:39:30,890 [ForkJoinPool.commonPool-worker-1] INFO  impl.RoleInfo (RoleInfo.java:shutdownLeaderState(104)) - e42ae758-4ea9-4f6d-8c37-d6691f5271b9: shutdown LeaderState
2019-09-10 05:39:30,889 [main] INFO  server.GrpcService (GrpcService.java:closeImpl(172)) - 48aec7a3-643c-4634-bc1c-f1d63eb87aec: shutdown server with port 37975 successfully
2019-09-10 05:39:30,889 [grpc-default-executor-9] WARN  server.GrpcServerProtocolService (LogUtils.java:warn(134)) - 48aec7a3-643c-4634-bc1c-f1d63eb87aec: installSnapshot onError, lastRequest: e9710f5a-4540-4253-93a1-96ebbace2ee0->48aec7a3-643c-4634-bc1c-f1d63eb87aec#10-t1, previous=(t:1, i:6), leaderCommit=6, initializing? false, entries: <empty>: org.apache.ratis.thirdparty.io.grpc.StatusRuntimeException: CANCELLED: cancelled before receiving half close
2019-09-10 05:39:30,890 [ForkJoinPool.commonPool-worker-1] INFO  impl.PendingRequests (PendingRequests.java:sendNotLeaderResponses(202)) - e42ae758-4ea9-4f6d-8c37-d6691f5271b9-PendingRequests: sendNotLeaderResponses
2019-09-10 05:39:30,890 [grpc-default-executor-12] INFO  impl.FollowerInfo (FollowerInfo.java:lambda$new$0(51)) - e9710f5a-4540-4253-93a1-96ebbace2ee0@group-934BE7222E24->48aec7a3-643c-4634-bc1c-f1d63eb87aec: nextIndex: updateUnconditionally 7 -> 6
2019-09-10 05:39:30,892 [ForkJoinPool.commonPool-worker-1] INFO  impl.StateMachineUpdater (StateMachineUpdater.java:stopAndJoin(125)) - e42ae758-4ea9-4f6d-8c37-d6691f5271b9@group-946281E8C6AF-StateMachineUpdater: set stopIndex = 0
2019-09-10 05:39:30,893 [ForkJoinPool.commonPool-worker-1] INFO  impl.RaftServerImpl (ServerState.java:close(385)) - e42ae758-4ea9-4f6d-8c37-d6691f5271b9@group-946281E8C6AF: closes. applyIndex: 0
2019-09-10 05:39:30,893 [refreshUsed-/workdir/hadoop-ozone/integration-test/target/test-dir/MiniOzoneClusterImpl-bea64e6c-8861-4610-b5db-527a5cfae2b5/datanode-4/data/containers] WARN  fs.CachingGetSpaceUsed (CachingGetSpaceUsed.java:run(183)) - Thread Interrupted waiting to refresh disk information: sleep interrupted
2019-09-10 05:39:30,893 [e42ae758-4ea9-4f6d-8c37-d6691f5271b9@group-946281E8C6AF-SegmentedRaftLogWorker] INFO  segmented.SegmentedRaftLogWorker (SegmentedRaftLogWorker.java:run(313)) - e42ae758-4ea9-4f6d-8c37-d6691f5271b9@group-946281E8C6AF-SegmentedRaftLogWorker was interrupted, exiting. There are 0 tasks remaining in the queue.
2019-09-10 05:39:30,896 [ForkJoinPool.commonPool-worker-1] INFO  segmented.SegmentedRaftLogWorker (SegmentedRaftLogWorker.java:close(228)) - e42ae758-4ea9-4f6d-8c37-d6691f5271b9@group-946281E8C6AF-SegmentedRaftLogWorker close()
2019-09-10 05:39:30,913 [ForkJoinPool.commonPool-worker-1] INFO  server.GrpcService (GrpcService.java:closeImpl(164)) - e42ae758-4ea9-4f6d-8c37-d6691f5271b9: shutdown server with port 44169 now
2019-09-10 05:39:30,914 [grpc-default-executor-12] WARN  server.GrpcServerProtocolService (LogUtils.java:warn(134)) - e42ae758-4ea9-4f6d-8c37-d6691f5271b9: installSnapshot onError, lastRequest: 609ec3c0-9d0d-4099-a96c-9dbce2d5132e->e42ae758-4ea9-4f6d-8c37-d6691f5271b9#10-t1, previous=(t:1, i:6), leaderCommit=6, initializing? false, entries: <empty>: org.apache.ratis.thirdparty.io.grpc.StatusRuntimeException: CANCELLED: cancelled before receiving half close
2019-09-10 05:39:30,915 [ForkJoinPool.commonPool-worker-1] INFO  server.GrpcService (GrpcService.java:closeImpl(172)) - e42ae758-4ea9-4f6d-8c37-d6691f5271b9: shutdown server with port 44169 successfully
2019-09-10 05:39:30,925 [grpc-default-executor-9] WARN  server.GrpcLogAppender (LogUtils.java:warn(134)) - 609ec3c0-9d0d-4099-a96c-9dbce2d5132e@group-6C0282CCCCEA->e42ae758-4ea9-4f6d-8c37-d6691f5271b9-AppendLogResponseHandler: Failed appendEntries: org.apache.ratis.thirdparty.io.grpc.StatusRuntimeException: CANCELLED: HTTP/2 error code: CANCEL
Received Rst Stream
2019-09-10 05:39:30,926 [grpc-default-executor-9] INFO  impl.FollowerInfo (FollowerInfo.java:lambda$new$0(51)) - 609ec3c0-9d0d-4099-a96c-9dbce2d5132e@group-6C0282CCCCEA->e42ae758-4ea9-4f6d-8c37-d6691f5271b9: nextIndex: updateUnconditionally 7 -> 6
2019-09-10 05:39:30,927 [refreshUsed-/workdir/hadoop-ozone/integration-test/target/test-dir/MiniOzoneClusterImpl-bea64e6c-8861-4610-b5db-527a5cfae2b5/datanode-1/data/containers] WARN  fs.CachingGetSpaceUsed (CachingGetSpaceUsed.java:run(183)) - Thread Interrupted waiting to refresh disk information: sleep interrupted
2019-09-10 05:39:30,940 [main] INFO  utils.BackgroundService (BackgroundService.java:shutdown(148)) - Shutting down service BlockDeletingService
2019-09-10 05:39:30,945 [ForkJoinPool.commonPool-worker-1] INFO  utils.BackgroundService (BackgroundService.java:shutdown(148)) - Shutting down service BlockDeletingService
2019-09-10 05:39:30,951 [main] INFO  statemachine.DatanodeStateMachine (DatanodeStateMachine.java:stopDaemon(395)) - Ozone container server stopped.
2019-09-10 05:39:30,953 [ForkJoinPool.commonPool-worker-1] INFO  statemachine.DatanodeStateMachine (DatanodeStateMachine.java:stopDaemon(395)) - Ozone container server stopped.
2019-09-10 05:39:30,961 [ForkJoinPool.commonPool-worker-1] INFO  handler.ContextHandler (ContextHandler.java:doStop(910)) - Stopped o.e.j.w.WebAppContext@33ebe4f0{/,null,UNAVAILABLE}{/hddsDatanode}
2019-09-10 05:39:30,961 [main] INFO  handler.ContextHandler (ContextHandler.java:doStop(910)) - Stopped o.e.j.w.WebAppContext@2086d469{/,null,UNAVAILABLE}{/hddsDatanode}
2019-09-10 05:39:30,962 [ForkJoinPool.commonPool-worker-1] INFO  server.AbstractConnector (AbstractConnector.java:doStop(318)) - Stopped ServerConnector@37cfda1c{HTTP/1.1,[http/1.1]}{0.0.0.0:0}
2019-09-10 05:39:30,962 [main] INFO  server.AbstractConnector (AbstractConnector.java:doStop(318)) - Stopped ServerConnector@b1d19ff{HTTP/1.1,[http/1.1]}{0.0.0.0:0}
2019-09-10 05:39:30,964 [ForkJoinPool.commonPool-worker-1] INFO  handler.ContextHandler (ContextHandler.java:doStop(910)) - Stopped o.e.j.s.ServletContextHandler@19faedcc{/static,jar:file:/home/user/.m2/repository/org/apache/hadoop/hadoop-hdds-container-service/0.5.0-SNAPSHOT/hadoop-hdds-container-service-0.5.0-SNAPSHOT.jar!/webapps/static,UNAVAILABLE}
2019-09-10 05:39:30,964 [main] INFO  handler.ContextHandler (ContextHandler.java:doStop(910)) - Stopped o.e.j.s.ServletContextHandler@4be12f6c{/static,jar:file:/home/user/.m2/repository/org/apache/hadoop/hadoop-hdds-container-service/0.5.0-SNAPSHOT/hadoop-hdds-container-service-0.5.0-SNAPSHOT.jar!/webapps/static,UNAVAILABLE}
2019-09-10 05:39:30,966 [ForkJoinPool.commonPool-worker-1] INFO  handler.ContextHandler (ContextHandler.java:doStop(910)) - Stopped o.e.j.s.ServletContextHandler@1c2dd89b{/logs,file:///workdir/hadoop-ozone/integration-test/target/log,UNAVAILABLE}
2019-09-10 05:39:30,966 [main] INFO  handler.ContextHandler (ContextHandler.java:doStop(910)) - Stopped o.e.j.s.ServletContextHandler@59a2d756{/logs,file:///workdir/hadoop-ozone/integration-test/target/log,UNAVAILABLE}
2019-09-10 05:39:31,102 [Datanode State Machine Thread - 0] INFO  statemachine.DatanodeStateMachine (DatanodeStateMachine.java:lambda$startDaemon$0(350)) - Ozone container server started.
2019-09-10 05:39:31,602 [Datanode State Machine Thread - 0] INFO  statemachine.DatanodeStateMachine (DatanodeStateMachine.java:lambda$startDaemon$0(350)) - Ozone container server started.
2019-09-10 05:39:33,159 [grpc-default-executor-11] WARN  server.GrpcLogAppender (LogUtils.java:warn(134)) - 609ec3c0-9d0d-4099-a96c-9dbce2d5132e@group-6C0282CCCCEA->e42ae758-4ea9-4f6d-8c37-d6691f5271b9-AppendLogResponseHandler: Failed appendEntries: org.apache.ratis.thirdparty.io.grpc.StatusRuntimeException: UNAVAILABLE: io exception
2019-09-10 05:39:33,159 [grpc-default-executor-11] INFO  impl.FollowerInfo (FollowerInfo.java:lambda$new$0(51)) - 609ec3c0-9d0d-4099-a96c-9dbce2d5132e@group-6C0282CCCCEA->e42ae758-4ea9-4f6d-8c37-d6691f5271b9: nextIndex: updateUnconditionally 6 -> 5
2019-09-10 05:39:33,166 [grpc-default-executor-11] WARN  server.GrpcLogAppender (LogUtils.java:warn(134)) - e9710f5a-4540-4253-93a1-96ebbace2ee0@group-934BE7222E24->48aec7a3-643c-4634-bc1c-f1d63eb87aec-AppendLogResponseHandler: Failed appendEntries: org.apache.ratis.thirdparty.io.grpc.StatusRuntimeException: UNAVAILABLE: io exception
2019-09-10 05:39:33,166 [grpc-default-executor-11] INFO  impl.FollowerInfo (FollowerInfo.java:lambda$new$0(51)) - e9710f5a-4540-4253-93a1-96ebbace2ee0@group-934BE7222E24->48aec7a3-643c-4634-bc1c-f1d63eb87aec: nextIndex: updateUnconditionally 6 -> 5
2019-09-10 05:39:35,176 [EventQueue-StaleNodeForStaleNodeHandler] INFO  node.StaleNodeHandler (StaleNodeHandler.java:onMessage(58)) - Datanode e9710f5a-4540-4253-93a1-96ebbace2ee0{ip: 192.168.36.76, host: trunk-nightly-20190910-vk757-903364635, networkLocation: /default-rack, certSerialId: null} moved to stale state. Finalizing its pipelines [PipelineID=dea7c157-e074-4371-a2b0-934be7222e24, PipelineID=2c51ce17-c791-41c9-a0c2-625f5230ec8f]
2019-09-10 05:39:35,177 [EventQueue-StaleNodeForStaleNodeHandler] INFO  pipeline.SCMPipelineManager (SCMPipelineManager.java:finalizeAndDestroyPipeline(311)) - destroying pipeline:Pipeline[ Id: dea7c157-e074-4371-a2b0-934be7222e24, Nodes: 48aec7a3-643c-4634-bc1c-f1d63eb87aec{ip: 192.168.36.76, host: trunk-nightly-20190910-vk757-903364635, networkLocation: /default-rack, certSerialId: null}9e976c14-1eb0-4a89-8bf4-d18e531efd12{ip: 192.168.36.76, host: trunk-nightly-20190910-vk757-903364635, networkLocation: /default-rack, certSerialId: null}e9710f5a-4540-4253-93a1-96ebbace2ee0{ip: 192.168.36.76, host: trunk-nightly-20190910-vk757-903364635, networkLocation: /default-rack, certSerialId: null}, Type:RATIS, Factor:THREE, State:CLOSED]
2019-09-10 05:39:35,177 [EventQueue-StaleNodeForStaleNodeHandler] INFO  pipeline.SCMPipelineManager (SCMPipelineManager.java:finalizeAndDestroyPipeline(311)) - destroying pipeline:Pipeline[ Id: 2c51ce17-c791-41c9-a0c2-625f5230ec8f, Nodes: e9710f5a-4540-4253-93a1-96ebbace2ee0{ip: 192.168.36.76, host: trunk-nightly-20190910-vk757-903364635, networkLocation: /default-rack, certSerialId: null}, Type:RATIS, Factor:ONE, State:OPEN]
2019-09-10 05:39:35,177 [EventQueue-StaleNodeForStaleNodeHandler] INFO  pipeline.PipelineStateManager (PipelineStateManager.java:finalizePipeline(123)) - Pipeline Pipeline[ Id: 2c51ce17-c791-41c9-a0c2-625f5230ec8f, Nodes: e9710f5a-4540-4253-93a1-96ebbace2ee0{ip: 192.168.36.76, host: trunk-nightly-20190910-vk757-903364635, networkLocation: /default-rack, certSerialId: null}, Type:RATIS, Factor:ONE, State:CLOSED] moved to CLOSED state
2019-09-10 05:39:35,661 [grpc-default-executor-12] WARN  server.GrpcLogAppender (LogUtils.java:warn(134)) - 609ec3c0-9d0d-4099-a96c-9dbce2d5132e@group-6C0282CCCCEA->e42ae758-4ea9-4f6d-8c37-d6691f5271b9-AppendLogResponseHandler: Failed appendEntries: org.apache.ratis.thirdparty.io.grpc.StatusRuntimeException: UNAVAILABLE: io exception
2019-09-10 05:39:35,661 [grpc-default-executor-12] INFO  impl.FollowerInfo (FollowerInfo.java:lambda$new$0(51)) - 609ec3c0-9d0d-4099-a96c-9dbce2d5132e@group-6C0282CCCCEA->e42ae758-4ea9-4f6d-8c37-d6691f5271b9: nextIndex: updateUnconditionally 5 -> 4
2019-09-10 05:39:35,666 [grpc-default-executor-12] WARN  server.GrpcLogAppender (LogUtils.java:warn(134)) - e9710f5a-4540-4253-93a1-96ebbace2ee0@group-934BE7222E24->48aec7a3-643c-4634-bc1c-f1d63eb87aec-AppendLogResponseHandler: Failed appendEntries: org.apache.ratis.thirdparty.io.grpc.StatusRuntimeException: UNAVAILABLE: io exception
2019-09-10 05:39:35,666 [grpc-default-executor-12] INFO  impl.FollowerInfo (FollowerInfo.java:lambda$new$0(51)) - e9710f5a-4540-4253-93a1-96ebbace2ee0@group-934BE7222E24->48aec7a3-643c-4634-bc1c-f1d63eb87aec: nextIndex: updateUnconditionally 5 -> 4
2019-09-10 05:39:35,677 [EventQueue-StaleNodeForStaleNodeHandler] INFO  node.StaleNodeHandler (StaleNodeHandler.java:onMessage(58)) - Datanode 609ec3c0-9d0d-4099-a96c-9dbce2d5132e{ip: 192.168.36.76, host: trunk-nightly-20190910-vk757-903364635, networkLocation: /default-rack, certSerialId: null} moved to stale state. Finalizing its pipelines [PipelineID=496aecd8-6c02-4f21-9622-6d09d1773c69, PipelineID=c2eee720-f9c2-47a4-9064-6c0282ccccea]
2019-09-10 05:39:35,677 [EventQueue-StaleNodeForStaleNodeHandler] INFO  pipeline.SCMPipelineManager (SCMPipelineManager.java:finalizeAndDestroyPipeline(311)) - destroying pipeline:Pipeline[ Id: 496aecd8-6c02-4f21-9622-6d09d1773c69, Nodes: 609ec3c0-9d0d-4099-a96c-9dbce2d5132e{ip: 192.168.36.76, host: trunk-nightly-20190910-vk757-903364635, networkLocation: /default-rack, certSerialId: null}, Type:RATIS, Factor:ONE, State:OPEN]
2019-09-10 05:39:35,677 [EventQueue-StaleNodeForStaleNodeHandler] INFO  pipeline.PipelineStateManager (PipelineStateManager.java:finalizePipeline(123)) - Pipeline Pipeline[ Id: 496aecd8-6c02-4f21-9622-6d09d1773c69, Nodes: 609ec3c0-9d0d-4099-a96c-9dbce2d5132e{ip: 192.168.36.76, host: trunk-nightly-20190910-vk757-903364635, networkLocation: /default-rack, certSerialId: null}, Type:RATIS, Factor:ONE, State:CLOSED] moved to CLOSED state
2019-09-10 05:39:35,678 [EventQueue-StaleNodeForStaleNodeHandler] INFO  pipeline.SCMPipelineManager (SCMPipelineManager.java:finalizeAndDestroyPipeline(311)) - destroying pipeline:Pipeline[ Id: c2eee720-f9c2-47a4-9064-6c0282ccccea, Nodes: bce8a7d4-8dd0-462c-884e-e9994e0d492a{ip: 192.168.36.76, host: trunk-nightly-20190910-vk757-903364635, networkLocation: /default-rack, certSerialId: null}609ec3c0-9d0d-4099-a96c-9dbce2d5132e{ip: 192.168.36.76, host: trunk-nightly-20190910-vk757-903364635, networkLocation: /default-rack, certSerialId: null}e42ae758-4ea9-4f6d-8c37-d6691f5271b9{ip: 192.168.36.76, host: trunk-nightly-20190910-vk757-903364635, networkLocation: /default-rack, certSerialId: null}, Type:RATIS, Factor:THREE, State:CLOSED]
2019-09-10 05:39:35,969 [main] INFO  ozoneimpl.OzoneContainer (OzoneContainer.java:stop(231)) - Attempting to stop container services.
2019-09-10 05:39:35,969 [ForkJoinPool.commonPool-worker-1] INFO  ozoneimpl.OzoneContainer (OzoneContainer.java:stop(231)) - Attempting to stop container services.
2019-09-10 05:39:35,971 [main] INFO  impl.RaftServerProxy (RaftServerProxy.java:lambda$close$4(314)) - 609ec3c0-9d0d-4099-a96c-9dbce2d5132e: close
2019-09-10 05:39:35,971 [ForkJoinPool.commonPool-worker-1] INFO  impl.RaftServerProxy (RaftServerProxy.java:lambda$close$4(314)) - e9710f5a-4540-4253-93a1-96ebbace2ee0: close
2019-09-10 05:39:35,972 [main] INFO  impl.RaftServerImpl (RaftServerImpl.java:lambda$shutdown$3(251)) - 609ec3c0-9d0d-4099-a96c-9dbce2d5132e@group-6D09D1773C69: shutdown
2019-09-10 05:39:35,972 [ForkJoinPool.commonPool-worker-1] INFO  impl.RaftServerImpl (RaftServerImpl.java:lambda$shutdown$3(251)) - e9710f5a-4540-4253-93a1-96ebbace2ee0@group-934BE7222E24: shutdown
2019-09-10 05:39:35,972 [main] INFO  util.JmxRegister (JmxRegister.java:unregister(73)) - Successfully un-registered JMX Bean with object name Ratis:service=RaftServer,group=group-6D09D1773C69,id=609ec3c0-9d0d-4099-a96c-9dbce2d5132e
2019-09-10 05:39:35,972 [ForkJoinPool.commonPool-worker-1] INFO  util.JmxRegister (JmxRegister.java:unregister(73)) - Successfully un-registered JMX Bean with object name Ratis:service=RaftServer,group=group-934BE7222E24,id=e9710f5a-4540-4253-93a1-96ebbace2ee0
2019-09-10 05:39:35,973 [main] INFO  impl.RoleInfo (RoleInfo.java:shutdownLeaderState(104)) - 609ec3c0-9d0d-4099-a96c-9dbce2d5132e: shutdown LeaderState
2019-09-10 05:39:35,973 [ForkJoinPool.commonPool-worker-1] INFO  impl.RoleInfo (RoleInfo.java:shutdownLeaderState(104)) - e9710f5a-4540-4253-93a1-96ebbace2ee0: shutdown LeaderState
2019-09-10 05:39:35,974 [main] INFO  impl.PendingRequests (PendingRequests.java:sendNotLeaderResponses(202)) - 609ec3c0-9d0d-4099-a96c-9dbce2d5132e-PendingRequests: sendNotLeaderResponses
2019-09-10 05:39:35,986 [org.apache.ratis.server.impl.LogAppender$AppenderDaemon$$Lambda$512/623231696@7f32da30] WARN  server.GrpcLogAppender (GrpcLogAppender.java:mayWait(143)) - e9710f5a-4540-4253-93a1-96ebbace2ee0@group-934BE7222E24->9e976c14-1eb0-4a89-8bf4-d18e531efd12-GrpcLogAppender: Wait interrupted by java.lang.InterruptedException
2019-09-10 05:39:35,985 [org.apache.ratis.server.impl.LogAppender$AppenderDaemon$$Lambda$512/623231696@ec8768c] WARN  server.GrpcLogAppender (GrpcLogAppender.java:mayWait(143)) - e9710f5a-4540-4253-93a1-96ebbace2ee0@group-934BE7222E24->48aec7a3-643c-4634-bc1c-f1d63eb87aec-GrpcLogAppender: Wait interrupted by java.lang.InterruptedException
2019-09-10 05:39:35,985 [ForkJoinPool.commonPool-worker-1] INFO  impl.PendingRequests (PendingRequests.java:sendNotLeaderResponses(202)) - e9710f5a-4540-4253-93a1-96ebbace2ee0-PendingRequests: sendNotLeaderResponses
2019-09-10 05:39:35,987 [main] INFO  impl.StateMachineUpdater (StateMachineUpdater.java:stopAndJoin(125)) - 609ec3c0-9d0d-4099-a96c-9dbce2d5132e@group-6D09D1773C69-StateMachineUpdater: set stopIndex = 0
2019-09-10 05:39:35,987 [main] INFO  impl.RaftServerImpl (ServerState.java:close(385)) - 609ec3c0-9d0d-4099-a96c-9dbce2d5132e@group-6D09D1773C69: closes. applyIndex: 0
2019-09-10 05:39:35,987 [ForkJoinPool.commonPool-worker-1] INFO  impl.StateMachineUpdater (StateMachineUpdater.java:stopAndJoin(125)) - e9710f5a-4540-4253-93a1-96ebbace2ee0@group-934BE7222E24-StateMachineUpdater: set stopIndex = 6
2019-09-10 05:39:35,988 [grpc-default-executor-12] INFO  server.GrpcServerProtocolService (GrpcServerProtocolService.java:onCompleted(113)) - 9e976c14-1eb0-4a89-8bf4-d18e531efd12: Completed APPEND_ENTRIES, lastRequest: e9710f5a-4540-4253-93a1-96ebbace2ee0->9e976c14-1eb0-4a89-8bf4-d18e531efd12#12-t1, previous=(t:1, i:6), leaderCommit=6, initializing? false, entries: <empty>
2019-09-10 05:39:35,988 [e9710f5a-4540-4253-93a1-96ebbace2ee0@group-934BE7222E24-StateMachineUpdater] INFO  ratis.ContainerStateMachine (ContainerStateMachine.java:takeSnapshot(289)) - group-934BE7222E24: Taking a snapshot at:(t:1, i:6) file /workdir/hadoop-ozone/integration-test/target/test-dir/MiniOzoneClusterImpl-bea64e6c-8861-4610-b5db-527a5cfae2b5/datanode-2/data/ratis/dea7c157-e074-4371-a2b0-934be7222e24/sm/snapshot.1_6
2019-09-10 05:39:35,988 [609ec3c0-9d0d-4099-a96c-9dbce2d5132e@group-6D09D1773C69-SegmentedRaftLogWorker] INFO  segmented.SegmentedRaftLogWorker (SegmentedRaftLogWorker.java:run(313)) - 609ec3c0-9d0d-4099-a96c-9dbce2d5132e@group-6D09D1773C69-SegmentedRaftLogWorker was interrupted, exiting. There are 0 tasks remaining in the queue.
2019-09-10 05:39:35,988 [grpc-default-executor-12] INFO  server.GrpcLogAppender (GrpcLogAppender.java:onCompleted(293)) - e9710f5a-4540-4253-93a1-96ebbace2ee0@group-934BE7222E24->9e976c14-1eb0-4a89-8bf4-d18e531efd12-AppendLogResponseHandler: follower responses appendEntries COMPLETED
2019-09-10 05:39:35,990 [main] INFO  segmented.SegmentedRaftLogWorker (SegmentedRaftLogWorker.java:close(228)) - 609ec3c0-9d0d-4099-a96c-9dbce2d5132e@group-6D09D1773C69-SegmentedRaftLogWorker close()
2019-09-10 05:39:35,991 [grpc-default-executor-12] INFO  impl.FollowerInfo (FollowerInfo.java:lambda$new$0(51)) - e9710f5a-4540-4253-93a1-96ebbace2ee0@group-934BE7222E24->9e976c14-1eb0-4a89-8bf4-d18e531efd12: nextIndex: updateUnconditionally 7 -> 6
2019-09-10 05:39:35,992 [main] INFO  impl.RaftServerImpl (RaftServerImpl.java:lambda$shutdown$3(251)) - 609ec3c0-9d0d-4099-a96c-9dbce2d5132e@group-6C0282CCCCEA: shutdown
2019-09-10 05:39:35,993 [main] INFO  util.JmxRegister (JmxRegister.java:unregister(73)) - Successfully un-registered JMX Bean with object name Ratis:service=RaftServer,group=group-6C0282CCCCEA,id=609ec3c0-9d0d-4099-a96c-9dbce2d5132e
2019-09-10 05:39:35,993 [main] INFO  impl.RoleInfo (RoleInfo.java:shutdownLeaderState(104)) - 609ec3c0-9d0d-4099-a96c-9dbce2d5132e: shutdown LeaderState
2019-09-10 05:39:35,994 [org.apache.ratis.server.impl.LogAppender$AppenderDaemon$$Lambda$512/623231696@23dd4828] WARN  server.GrpcLogAppender (GrpcLogAppender.java:mayWait(143)) - 609ec3c0-9d0d-4099-a96c-9dbce2d5132e@group-6C0282CCCCEA->bce8a7d4-8dd0-462c-884e-e9994e0d492a-GrpcLogAppender: Wait interrupted by java.lang.InterruptedException
2019-09-10 05:39:35,994 [org.apache.ratis.server.impl.LogAppender$AppenderDaemon$$Lambda$512/623231696@72247d3d] WARN  server.GrpcLogAppender (GrpcLogAppender.java:mayWait(143)) - 609ec3c0-9d0d-4099-a96c-9dbce2d5132e@group-6C0282CCCCEA->e42ae758-4ea9-4f6d-8c37-d6691f5271b9-GrpcLogAppender: Wait interrupted by java.lang.InterruptedException
2019-09-10 05:39:35,994 [main] INFO  impl.PendingRequests (PendingRequests.java:sendNotLeaderResponses(202)) - 609ec3c0-9d0d-4099-a96c-9dbce2d5132e-PendingRequests: sendNotLeaderResponses
2019-09-10 05:39:35,994 [grpc-default-executor-12] INFO  server.GrpcServerProtocolService (GrpcServerProtocolService.java:onCompleted(113)) - bce8a7d4-8dd0-462c-884e-e9994e0d492a: Completed APPEND_ENTRIES, lastRequest: 609ec3c0-9d0d-4099-a96c-9dbce2d5132e->bce8a7d4-8dd0-462c-884e-e9994e0d492a#12-t1, previous=(t:1, i:6), leaderCommit=6, initializing? false, entries: <empty>
2019-09-10 05:39:35,999 [609ec3c0-9d0d-4099-a96c-9dbce2d5132e@group-6C0282CCCCEA-StateMachineUpdater] INFO  ratis.ContainerStateMachine (ContainerStateMachine.java:takeSnapshot(289)) - group-6C0282CCCCEA: Taking a snapshot at:(t:1, i:6) file /workdir/hadoop-ozone/integration-test/target/test-dir/MiniOzoneClusterImpl-bea64e6c-8861-4610-b5db-527a5cfae2b5/datanode-3/data/ratis/c2eee720-f9c2-47a4-9064-6c0282ccccea/sm/snapshot.1_6
2019-09-10 05:39:35,998 [main] INFO  impl.StateMachineUpdater (StateMachineUpdater.java:stopAndJoin(125)) - 609ec3c0-9d0d-4099-a96c-9dbce2d5132e@group-6C0282CCCCEA-StateMachineUpdater: set stopIndex = 6
2019-09-10 05:39:35,999 [grpc-default-executor-12] INFO  server.GrpcLogAppender (GrpcLogAppender.java:onCompleted(293)) - 609ec3c0-9d0d-4099-a96c-9dbce2d5132e@group-6C0282CCCCEA->bce8a7d4-8dd0-462c-884e-e9994e0d492a-AppendLogResponseHandler: follower responses appendEntries COMPLETED
2019-09-10 05:39:35,999 [grpc-default-executor-12] INFO  impl.FollowerInfo (FollowerInfo.java:lambda$new$0(51)) - 609ec3c0-9d0d-4099-a96c-9dbce2d5132e@group-6C0282CCCCEA->bce8a7d4-8dd0-462c-884e-e9994e0d492a: nextIndex: updateUnconditionally 7 -> 6
2019-09-10 05:39:36,004 [609ec3c0-9d0d-4099-a96c-9dbce2d5132e@group-6C0282CCCCEA-StateMachineUpdater] INFO  ratis.ContainerStateMachine (ContainerStateMachine.java:takeSnapshot(300)) - group-6C0282CCCCEA: Finished taking a snapshot at:(t:1, i:6) file:/workdir/hadoop-ozone/integration-test/target/test-dir/MiniOzoneClusterImpl-bea64e6c-8861-4610-b5db-527a5cfae2b5/datanode-3/data/ratis/c2eee720-f9c2-47a4-9064-6c0282ccccea/sm/snapshot.1_6 time:5
2019-09-10 05:39:36,004 [609ec3c0-9d0d-4099-a96c-9dbce2d5132e@group-6C0282CCCCEA-StateMachineUpdater] INFO  impl.StateMachineUpdater (StateMachineUpdater.java:takeSnapshot(258)) - 609ec3c0-9d0d-4099-a96c-9dbce2d5132e@group-6C0282CCCCEA-StateMachineUpdater: Took a snapshot at index 6
2019-09-10 05:39:36,004 [e9710f5a-4540-4253-93a1-96ebbace2ee0@group-934BE7222E24-StateMachineUpdater] INFO  ratis.ContainerStateMachine (ContainerStateMachine.java:takeSnapshot(300)) - group-934BE7222E24: Finished taking a snapshot at:(t:1, i:6) file:/workdir/hadoop-ozone/integration-test/target/test-dir/MiniOzoneClusterImpl-bea64e6c-8861-4610-b5db-527a5cfae2b5/datanode-2/data/ratis/dea7c157-e074-4371-a2b0-934be7222e24/sm/snapshot.1_6 time:16
2019-09-10 05:39:36,004 [609ec3c0-9d0d-4099-a96c-9dbce2d5132e@group-6C0282CCCCEA-StateMachineUpdater] INFO  impl.StateMachineUpdater (StateMachineUpdater.java:lambda$new$0(83)) - 609ec3c0-9d0d-4099-a96c-9dbce2d5132e@group-6C0282CCCCEA-StateMachineUpdater: snapshotIndex: updateIncreasingly -1 -> 6
2019-09-10 05:39:36,004 [e9710f5a-4540-4253-93a1-96ebbace2ee0@group-934BE7222E24-StateMachineUpdater] INFO  impl.StateMachineUpdater (StateMachineUpdater.java:takeSnapshot(258)) - e9710f5a-4540-4253-93a1-96ebbace2ee0@group-934BE7222E24-StateMachineUpdater: Took a snapshot at index 6
2019-09-10 05:39:36,005 [e9710f5a-4540-4253-93a1-96ebbace2ee0@group-934BE7222E24-StateMachineUpdater] INFO  impl.StateMachineUpdater (StateMachineUpdater.java:lambda$new$0(83)) - e9710f5a-4540-4253-93a1-96ebbace2ee0@group-934BE7222E24-StateMachineUpdater: snapshotIndex: updateIncreasingly -1 -> 6
2019-09-10 05:39:36,005 [main] INFO  impl.RaftServerImpl (ServerState.java:close(385)) - 609ec3c0-9d0d-4099-a96c-9dbce2d5132e@group-6C0282CCCCEA: closes. applyIndex: 6
2019-09-10 05:39:36,005 [ForkJoinPool.commonPool-worker-1] INFO  impl.RaftServerImpl (ServerState.java:close(385)) - e9710f5a-4540-4253-93a1-96ebbace2ee0@group-934BE7222E24: closes. applyIndex: 6
2019-09-10 05:39:36,005 [609ec3c0-9d0d-4099-a96c-9dbce2d5132e@group-6C0282CCCCEA-SegmentedRaftLogWorker] INFO  segmented.SegmentedRaftLogWorker (SegmentedRaftLogWorker.java:run(313)) - 609ec3c0-9d0d-4099-a96c-9dbce2d5132e@group-6C0282CCCCEA-SegmentedRaftLogWorker was interrupted, exiting. There are 0 tasks remaining in the queue.
2019-09-10 05:39:36,005 [e9710f5a-4540-4253-93a1-96ebbace2ee0@group-934BE7222E24-SegmentedRaftLogWorker] INFO  segmented.SegmentedRaftLogWorker (SegmentedRaftLogWorker.java:run(313)) - e9710f5a-4540-4253-93a1-96ebbace2ee0@group-934BE7222E24-SegmentedRaftLogWorker was interrupted, exiting. There are 0 tasks remaining in the queue.
2019-09-10 05:39:36,007 [main] INFO  segmented.SegmentedRaftLogWorker (SegmentedRaftLogWorker.java:close(228)) - 609ec3c0-9d0d-4099-a96c-9dbce2d5132e@group-6C0282CCCCEA-SegmentedRaftLogWorker close()
2019-09-10 05:39:36,009 [ForkJoinPool.commonPool-worker-1] INFO  segmented.SegmentedRaftLogWorker (SegmentedRaftLogWorker.java:close(228)) - e9710f5a-4540-4253-93a1-96ebbace2ee0@group-934BE7222E24-SegmentedRaftLogWorker close()
2019-09-10 05:39:36,010 [main] INFO  server.GrpcService (GrpcService.java:closeImpl(164)) - 609ec3c0-9d0d-4099-a96c-9dbce2d5132e: shutdown server with port 35964 now
2019-09-10 05:39:36,012 [ForkJoinPool.commonPool-worker-1] INFO  impl.RaftServerImpl (RaftServerImpl.java:lambda$shutdown$3(251)) - e9710f5a-4540-4253-93a1-96ebbace2ee0@group-625F5230EC8F: shutdown
2019-09-10 05:39:36,012 [ForkJoinPool.commonPool-worker-1] INFO  util.JmxRegister (JmxRegister.java:unregister(73)) - Successfully un-registered JMX Bean with object name Ratis:service=RaftServer,group=group-625F5230EC8F,id=e9710f5a-4540-4253-93a1-96ebbace2ee0
2019-09-10 05:39:36,012 [main] INFO  server.GrpcService (GrpcService.java:closeImpl(172)) - 609ec3c0-9d0d-4099-a96c-9dbce2d5132e: shutdown server with port 35964 successfully
2019-09-10 05:39:36,012 [ForkJoinPool.commonPool-worker-1] INFO  impl.RoleInfo (RoleInfo.java:shutdownLeaderState(104)) - e9710f5a-4540-4253-93a1-96ebbace2ee0: shutdown LeaderState
2019-09-10 05:39:36,013 [ForkJoinPool.commonPool-worker-1] INFO  impl.PendingRequests (PendingRequests.java:sendNotLeaderResponses(202)) - e9710f5a-4540-4253-93a1-96ebbace2ee0-PendingRequests: sendNotLeaderResponses
2019-09-10 05:39:36,014 [ForkJoinPool.commonPool-worker-1] INFO  impl.StateMachineUpdater (StateMachineUpdater.java:stopAndJoin(125)) - e9710f5a-4540-4253-93a1-96ebbace2ee0@group-625F5230EC8F-StateMachineUpdater: set stopIndex = 0
2019-09-10 05:39:36,014 [ForkJoinPool.commonPool-worker-1] INFO  impl.RaftServerImpl (ServerState.java:close(385)) - e9710f5a-4540-4253-93a1-96ebbace2ee0@group-625F5230EC8F: closes. applyIndex: 0
2019-09-10 05:39:36,015 [e9710f5a-4540-4253-93a1-96ebbace2ee0@group-625F5230EC8F-SegmentedRaftLogWorker] INFO  segmented.SegmentedRaftLogWorker (SegmentedRaftLogWorker.java:run(313)) - e9710f5a-4540-4253-93a1-96ebbace2ee0@group-625F5230EC8F-SegmentedRaftLogWorker was interrupted, exiting. There are 0 tasks remaining in the queue.
2019-09-10 05:39:36,017 [ForkJoinPool.commonPool-worker-1] INFO  segmented.SegmentedRaftLogWorker (SegmentedRaftLogWorker.java:close(228)) - e9710f5a-4540-4253-93a1-96ebbace2ee0@group-625F5230EC8F-SegmentedRaftLogWorker close()
2019-09-10 05:39:36,019 [refreshUsed-/workdir/hadoop-ozone/integration-test/target/test-dir/MiniOzoneClusterImpl-bea64e6c-8861-4610-b5db-527a5cfae2b5/datanode-3/data/containers] WARN  fs.CachingGetSpaceUsed (CachingGetSpaceUsed.java:run(183)) - Thread Interrupted waiting to refresh disk information: sleep interrupted
2019-09-10 05:39:36,021 [ForkJoinPool.commonPool-worker-1] INFO  server.GrpcService (GrpcService.java:closeImpl(164)) - e9710f5a-4540-4253-93a1-96ebbace2ee0: shutdown server with port 37127 now
2019-09-10 05:39:36,022 [grpc-default-executor-9] WARN  client.GrpcClientProtocolService (LogUtils.java:warn(134)) - 3-UnorderedRequestStreamObserver3: onError: org.apache.ratis.thirdparty.io.grpc.StatusRuntimeException: CANCELLED: cancelled before receiving half close
2019-09-10 05:39:36,022 [ForkJoinPool.commonPool-worker-1] INFO  server.GrpcService (GrpcService.java:closeImpl(172)) - e9710f5a-4540-4253-93a1-96ebbace2ee0: shutdown server with port 37127 successfully
2019-09-10 05:39:36,024 [refreshUsed-/workdir/hadoop-ozone/integration-test/target/test-dir/MiniOzoneClusterImpl-bea64e6c-8861-4610-b5db-527a5cfae2b5/datanode-2/data/containers] WARN  fs.CachingGetSpaceUsed (CachingGetSpaceUsed.java:run(183)) - Thread Interrupted waiting to refresh disk information: sleep interrupted
2019-09-10 05:39:36,036 [main] INFO  utils.BackgroundService (BackgroundService.java:shutdown(148)) - Shutting down service BlockDeletingService
2019-09-10 05:39:36,041 [main] INFO  statemachine.DatanodeStateMachine (DatanodeStateMachine.java:stopDaemon(395)) - Ozone container server stopped.
2019-09-10 05:39:36,042 [ForkJoinPool.commonPool-worker-1] INFO  utils.BackgroundService (BackgroundService.java:shutdown(148)) - Shutting down service BlockDeletingService
2019-09-10 05:39:36,047 [ForkJoinPool.commonPool-worker-1] INFO  statemachine.DatanodeStateMachine (DatanodeStateMachine.java:stopDaemon(395)) - Ozone container server stopped.
2019-09-10 05:39:36,050 [main] INFO  handler.ContextHandler (ContextHandler.java:doStop(910)) - Stopped o.e.j.w.WebAppContext@52b32b70{/,null,UNAVAILABLE}{/hddsDatanode}
2019-09-10 05:39:36,052 [ForkJoinPool.commonPool-worker-1] INFO  handler.ContextHandler (ContextHandler.java:doStop(910)) - Stopped o.e.j.w.WebAppContext@32b112a1{/,null,UNAVAILABLE}{/hddsDatanode}
2019-09-10 05:39:36,053 [main] INFO  server.AbstractConnector (AbstractConnector.java:doStop(318)) - Stopped ServerConnector@18c820d2{HTTP/1.1,[http/1.1]}{0.0.0.0:0}
2019-09-10 05:39:36,053 [ForkJoinPool.commonPool-worker-1] INFO  server.AbstractConnector (AbstractConnector.java:doStop(318)) - Stopped ServerConnector@5635bcd2{HTTP/1.1,[http/1.1]}{0.0.0.0:0}
2019-09-10 05:39:36,053 [main] INFO  handler.ContextHandler (ContextHandler.java:doStop(910)) - Stopped o.e.j.s.ServletContextHandler@41143873{/static,jar:file:/home/user/.m2/repository/org/apache/hadoop/hadoop-hdds-container-service/0.5.0-SNAPSHOT/hadoop-hdds-container-service-0.5.0-SNAPSHOT.jar!/webapps/static,UNAVAILABLE}
2019-09-10 05:39:36,055 [ForkJoinPool.commonPool-worker-1] INFO  handler.ContextHandler (ContextHandler.java:doStop(910)) - Stopped o.e.j.s.ServletContextHandler@fcd0e8d{/static,jar:file:/home/user/.m2/repository/org/apache/hadoop/hadoop-hdds-container-service/0.5.0-SNAPSHOT/hadoop-hdds-container-service-0.5.0-SNAPSHOT.jar!/webapps/static,UNAVAILABLE}
2019-09-10 05:39:36,055 [main] INFO  handler.ContextHandler (ContextHandler.java:doStop(910)) - Stopped o.e.j.s.ServletContextHandler@50df37eb{/logs,file:///workdir/hadoop-ozone/integration-test/target/log,UNAVAILABLE}
2019-09-10 05:39:36,057 [ForkJoinPool.commonPool-worker-1] INFO  handler.ContextHandler (ContextHandler.java:doStop(910)) - Stopped o.e.j.s.ServletContextHandler@655621fd{/logs,file:///workdir/hadoop-ozone/integration-test/target/log,UNAVAILABLE}
2019-09-10 05:39:36,172 [Datanode State Machine Thread - 0] INFO  statemachine.DatanodeStateMachine (DatanodeStateMachine.java:lambda$startDaemon$0(350)) - Ozone container server started.
2019-09-10 05:39:36,635 [Datanode State Machine Thread - 0] INFO  statemachine.DatanodeStateMachine (DatanodeStateMachine.java:lambda$startDaemon$0(350)) - Ozone container server started.
2019-09-10 05:39:40,192 [EventQueue-StaleNodeForStaleNodeHandler] INFO  node.StaleNodeHandler (StaleNodeHandler.java:onMessage(58)) - Datanode 9e976c14-1eb0-4a89-8bf4-d18e531efd12{ip: 192.168.36.76, host: trunk-nightly-20190910-vk757-903364635, networkLocation: /default-rack, certSerialId: null} moved to stale state. Finalizing its pipelines [PipelineID=1d61111c-41ac-4ef4-ba45-ea9caba29208, PipelineID=dea7c157-e074-4371-a2b0-934be7222e24]
2019-09-10 05:39:40,192 [EventQueue-StaleNodeForStaleNodeHandler] INFO  pipeline.SCMPipelineManager (SCMPipelineManager.java:finalizeAndDestroyPipeline(311)) - destroying pipeline:Pipeline[ Id: 1d61111c-41ac-4ef4-ba45-ea9caba29208, Nodes: 9e976c14-1eb0-4a89-8bf4-d18e531efd12{ip: 192.168.36.76, host: trunk-nightly-20190910-vk757-903364635, networkLocation: /default-rack, certSerialId: null}, Type:RATIS, Factor:ONE, State:OPEN]
2019-09-10 05:39:40,193 [EventQueue-StaleNodeForStaleNodeHandler] INFO  pipeline.PipelineStateManager (PipelineStateManager.java:finalizePipeline(123)) - Pipeline Pipeline[ Id: 1d61111c-41ac-4ef4-ba45-ea9caba29208, Nodes: 9e976c14-1eb0-4a89-8bf4-d18e531efd12{ip: 192.168.36.76, host: trunk-nightly-20190910-vk757-903364635, networkLocation: /default-rack, certSerialId: null}, Type:RATIS, Factor:ONE, State:CLOSED] moved to CLOSED state
2019-09-10 05:39:40,193 [EventQueue-StaleNodeForStaleNodeHandler] INFO  pipeline.SCMPipelineManager (SCMPipelineManager.java:finalizeAndDestroyPipeline(311)) - destroying pipeline:Pipeline[ Id: dea7c157-e074-4371-a2b0-934be7222e24, Nodes: 48aec7a3-643c-4634-bc1c-f1d63eb87aec{ip: 192.168.36.76, host: trunk-nightly-20190910-vk757-903364635, networkLocation: /default-rack, certSerialId: null}9e976c14-1eb0-4a89-8bf4-d18e531efd12{ip: 192.168.36.76, host: trunk-nightly-20190910-vk757-903364635, networkLocation: /default-rack, certSerialId: null}e9710f5a-4540-4253-93a1-96ebbace2ee0{ip: 192.168.36.76, host: trunk-nightly-20190910-vk757-903364635, networkLocation: /default-rack, certSerialId: null}, Type:RATIS, Factor:THREE, State:CLOSED]
2019-09-10 05:39:40,692 [EventQueue-StaleNodeForStaleNodeHandler] INFO  node.StaleNodeHandler (StaleNodeHandler.java:onMessage(58)) - Datanode bce8a7d4-8dd0-462c-884e-e9994e0d492a{ip: 192.168.36.76, host: trunk-nightly-20190910-vk757-903364635, networkLocation: /default-rack, certSerialId: null} moved to stale state. Finalizing its pipelines [PipelineID=2ef98211-e685-422f-9d05-f60b237f9545, PipelineID=c2eee720-f9c2-47a4-9064-6c0282ccccea]
2019-09-10 05:39:40,692 [EventQueue-StaleNodeForStaleNodeHandler] INFO  pipeline.SCMPipelineManager (SCMPipelineManager.java:finalizeAndDestroyPipeline(311)) - destroying pipeline:Pipeline[ Id: 2ef98211-e685-422f-9d05-f60b237f9545, Nodes: bce8a7d4-8dd0-462c-884e-e9994e0d492a{ip: 192.168.36.76, host: trunk-nightly-20190910-vk757-903364635, networkLocation: /default-rack, certSerialId: null}, Type:RATIS, Factor:ONE, State:OPEN]
2019-09-10 05:39:40,692 [EventQueue-StaleNodeForStaleNodeHandler] INFO  pipeline.PipelineStateManager (PipelineStateManager.java:finalizePipeline(123)) - Pipeline Pipeline[ Id: 2ef98211-e685-422f-9d05-f60b237f9545, Nodes: bce8a7d4-8dd0-462c-884e-e9994e0d492a{ip: 192.168.36.76, host: trunk-nightly-20190910-vk757-903364635, networkLocation: /default-rack, certSerialId: null}, Type:RATIS, Factor:ONE, State:CLOSED] moved to CLOSED state
2019-09-10 05:39:40,693 [EventQueue-StaleNodeForStaleNodeHandler] INFO  pipeline.SCMPipelineManager (SCMPipelineManager.java:finalizeAndDestroyPipeline(311)) - destroying pipeline:Pipeline[ Id: c2eee720-f9c2-47a4-9064-6c0282ccccea, Nodes: bce8a7d4-8dd0-462c-884e-e9994e0d492a{ip: 192.168.36.76, host: trunk-nightly-20190910-vk757-903364635, networkLocation: /default-rack, certSerialId: null}609ec3c0-9d0d-4099-a96c-9dbce2d5132e{ip: 192.168.36.76, host: trunk-nightly-20190910-vk757-903364635, networkLocation: /default-rack, certSerialId: null}e42ae758-4ea9-4f6d-8c37-d6691f5271b9{ip: 192.168.36.76, host: trunk-nightly-20190910-vk757-903364635, networkLocation: /default-rack, certSerialId: null}, Type:RATIS, Factor:THREE, State:CLOSED]
2019-09-10 05:39:41,059 [main] INFO  ozoneimpl.OzoneContainer (OzoneContainer.java:stop(231)) - Attempting to stop container services.
2019-09-10 05:39:41,059 [ForkJoinPool.commonPool-worker-1] INFO  ozoneimpl.OzoneContainer (OzoneContainer.java:stop(231)) - Attempting to stop container services.
2019-09-10 05:39:41,061 [ForkJoinPool.commonPool-worker-1] INFO  impl.RaftServerProxy (RaftServerProxy.java:lambda$close$4(314)) - 9e976c14-1eb0-4a89-8bf4-d18e531efd12: close
2019-09-10 05:39:41,061 [main] INFO  impl.RaftServerProxy (RaftServerProxy.java:lambda$close$4(314)) - bce8a7d4-8dd0-462c-884e-e9994e0d492a: close
2019-09-10 05:39:41,062 [ForkJoinPool.commonPool-worker-1] INFO  impl.RaftServerImpl (RaftServerImpl.java:lambda$shutdown$3(251)) - 9e976c14-1eb0-4a89-8bf4-d18e531efd12@group-EA9CABA29208: shutdown
2019-09-10 05:39:41,062 [main] INFO  impl.RaftServerImpl (RaftServerImpl.java:lambda$shutdown$3(251)) - bce8a7d4-8dd0-462c-884e-e9994e0d492a@group-F60B237F9545: shutdown
2019-09-10 05:39:41,062 [ForkJoinPool.commonPool-worker-1] INFO  util.JmxRegister (JmxRegister.java:unregister(73)) - Successfully un-registered JMX Bean with object name Ratis:service=RaftServer,group=group-EA9CABA29208,id=9e976c14-1eb0-4a89-8bf4-d18e531efd12
2019-09-10 05:39:41,062 [main] INFO  util.JmxRegister (JmxRegister.java:unregister(73)) - Successfully un-registered JMX Bean with object name Ratis:service=RaftServer,group=group-F60B237F9545,id=bce8a7d4-8dd0-462c-884e-e9994e0d492a
2019-09-10 05:39:41,062 [ForkJoinPool.commonPool-worker-1] INFO  impl.RoleInfo (RoleInfo.java:shutdownLeaderState(104)) - 9e976c14-1eb0-4a89-8bf4-d18e531efd12: shutdown LeaderState
2019-09-10 05:39:41,063 [main] INFO  impl.RoleInfo (RoleInfo.java:shutdownLeaderState(104)) - bce8a7d4-8dd0-462c-884e-e9994e0d492a: shutdown LeaderState
2019-09-10 05:39:41,063 [ForkJoinPool.commonPool-worker-1] INFO  impl.PendingRequests (PendingRequests.java:sendNotLeaderResponses(202)) - 9e976c14-1eb0-4a89-8bf4-d18e531efd12-PendingRequests: sendNotLeaderResponses
2019-09-10 05:39:41,063 [main] INFO  impl.PendingRequests (PendingRequests.java:sendNotLeaderResponses(202)) - bce8a7d4-8dd0-462c-884e-e9994e0d492a-PendingRequests: sendNotLeaderResponses
2019-09-10 05:39:41,064 [main] INFO  impl.StateMachineUpdater (StateMachineUpdater.java:stopAndJoin(125)) - bce8a7d4-8dd0-462c-884e-e9994e0d492a@group-F60B237F9545-StateMachineUpdater: set stopIndex = 0
2019-09-10 05:39:41,064 [ForkJoinPool.commonPool-worker-1] INFO  impl.StateMachineUpdater (StateMachineUpdater.java:stopAndJoin(125)) - 9e976c14-1eb0-4a89-8bf4-d18e531efd12@group-EA9CABA29208-StateMachineUpdater: set stopIndex = 0
2019-09-10 05:39:41,064 [main] INFO  impl.RaftServerImpl (ServerState.java:close(385)) - bce8a7d4-8dd0-462c-884e-e9994e0d492a@group-F60B237F9545: closes. applyIndex: 0
2019-09-10 05:39:41,064 [ForkJoinPool.commonPool-worker-1] INFO  impl.RaftServerImpl (ServerState.java:close(385)) - 9e976c14-1eb0-4a89-8bf4-d18e531efd12@group-EA9CABA29208: closes. applyIndex: 0
2019-09-10 05:39:41,065 [9e976c14-1eb0-4a89-8bf4-d18e531efd12@group-EA9CABA29208-SegmentedRaftLogWorker] INFO  segmented.SegmentedRaftLogWorker (SegmentedRaftLogWorker.java:run(313)) - 9e976c14-1eb0-4a89-8bf4-d18e531efd12@group-EA9CABA29208-SegmentedRaftLogWorker was interrupted, exiting. There are 0 tasks remaining in the queue.
2019-09-10 05:39:41,065 [bce8a7d4-8dd0-462c-884e-e9994e0d492a@group-F60B237F9545-SegmentedRaftLogWorker] INFO  segmented.SegmentedRaftLogWorker (SegmentedRaftLogWorker.java:run(313)) - bce8a7d4-8dd0-462c-884e-e9994e0d492a@group-F60B237F9545-SegmentedRaftLogWorker was interrupted, exiting. There are 0 tasks remaining in the queue.
2019-09-10 05:39:41,069 [ForkJoinPool.commonPool-worker-1] INFO  segmented.SegmentedRaftLogWorker (SegmentedRaftLogWorker.java:close(228)) - 9e976c14-1eb0-4a89-8bf4-d18e531efd12@group-EA9CABA29208-SegmentedRaftLogWorker close()
2019-09-10 05:39:41,072 [ForkJoinPool.commonPool-worker-1] INFO  impl.RaftServerImpl (RaftServerImpl.java:lambda$shutdown$3(251)) - 9e976c14-1eb0-4a89-8bf4-d18e531efd12@group-934BE7222E24: shutdown
2019-09-10 05:39:41,074 [ForkJoinPool.commonPool-worker-1] INFO  util.JmxRegister (JmxRegister.java:unregister(73)) - Successfully un-registered JMX Bean with object name Ratis:service=RaftServer,group=group-934BE7222E24,id=9e976c14-1eb0-4a89-8bf4-d18e531efd12
2019-09-10 05:39:41,074 [ForkJoinPool.commonPool-worker-1] INFO  impl.RoleInfo (RoleInfo.java:shutdownFollowerState(121)) - 9e976c14-1eb0-4a89-8bf4-d18e531efd12: shutdown FollowerState
2019-09-10 05:39:41,074 [ForkJoinPool.commonPool-worker-1] INFO  impl.StateMachineUpdater (StateMachineUpdater.java:stopAndJoin(125)) - 9e976c14-1eb0-4a89-8bf4-d18e531efd12@group-934BE7222E24-StateMachineUpdater: set stopIndex = 6
2019-09-10 05:39:41,074 [9e976c14-1eb0-4a89-8bf4-d18e531efd12@group-934BE7222E24-StateMachineUpdater] INFO  ratis.ContainerStateMachine (ContainerStateMachine.java:takeSnapshot(289)) - group-934BE7222E24: Taking a snapshot at:(t:1, i:6) file /workdir/hadoop-ozone/integration-test/target/test-dir/MiniOzoneClusterImpl-bea64e6c-8861-4610-b5db-527a5cfae2b5/datanode-0/data/ratis/dea7c157-e074-4371-a2b0-934be7222e24/sm/snapshot.1_6
2019-09-10 05:39:41,075 [Thread-4824] INFO  impl.FollowerState (FollowerState.java:run(115)) - 9e976c14-1eb0-4a89-8bf4-d18e531efd12: FollowerState was interrupted: java.lang.InterruptedException: sleep interrupted
2019-09-10 05:39:41,081 [main] INFO  segmented.SegmentedRaftLogWorker (SegmentedRaftLogWorker.java:close(228)) - bce8a7d4-8dd0-462c-884e-e9994e0d492a@group-F60B237F9545-SegmentedRaftLogWorker close()
2019-09-10 05:39:41,092 [main] INFO  impl.RaftServerImpl (RaftServerImpl.java:lambda$shutdown$3(251)) - bce8a7d4-8dd0-462c-884e-e9994e0d492a@group-6C0282CCCCEA: shutdown
2019-09-10 05:39:41,092 [main] INFO  util.JmxRegister (JmxRegister.java:unregister(73)) - Successfully un-registered JMX Bean with object name Ratis:service=RaftServer,group=group-6C0282CCCCEA,id=bce8a7d4-8dd0-462c-884e-e9994e0d492a
2019-09-10 05:39:41,092 [main] INFO  impl.RoleInfo (RoleInfo.java:shutdownFollowerState(121)) - bce8a7d4-8dd0-462c-884e-e9994e0d492a: shutdown FollowerState
2019-09-10 05:39:41,093 [main] INFO  impl.StateMachineUpdater (StateMachineUpdater.java:stopAndJoin(125)) - bce8a7d4-8dd0-462c-884e-e9994e0d492a@group-6C0282CCCCEA-StateMachineUpdater: set stopIndex = 6
2019-09-10 05:39:41,093 [bce8a7d4-8dd0-462c-884e-e9994e0d492a@group-6C0282CCCCEA-StateMachineUpdater] INFO  ratis.ContainerStateMachine (ContainerStateMachine.java:takeSnapshot(289)) - group-6C0282CCCCEA: Taking a snapshot at:(t:1, i:4) file /workdir/hadoop-ozone/integration-test/target/test-dir/MiniOzoneClusterImpl-bea64e6c-8861-4610-b5db-527a5cfae2b5/datanode-6/data/ratis/c2eee720-f9c2-47a4-9064-6c0282ccccea/sm/snapshot.1_4
2019-09-10 05:39:41,093 [Thread-4804] INFO  impl.FollowerState (FollowerState.java:run(115)) - bce8a7d4-8dd0-462c-884e-e9994e0d492a: FollowerState was interrupted: java.lang.InterruptedException: sleep interrupted
2019-09-10 05:39:41,136 [9e976c14-1eb0-4a89-8bf4-d18e531efd12@group-934BE7222E24-StateMachineUpdater] INFO  ratis.ContainerStateMachine (ContainerStateMachine.java:takeSnapshot(300)) - group-934BE7222E24: Finished taking a snapshot at:(t:1, i:6) file:/workdir/hadoop-ozone/integration-test/target/test-dir/MiniOzoneClusterImpl-bea64e6c-8861-4610-b5db-527a5cfae2b5/datanode-0/data/ratis/dea7c157-e074-4371-a2b0-934be7222e24/sm/snapshot.1_6 time:62
2019-09-10 05:39:41,136 [bce8a7d4-8dd0-462c-884e-e9994e0d492a@group-6C0282CCCCEA-StateMachineUpdater] INFO  ratis.ContainerStateMachine (ContainerStateMachine.java:takeSnapshot(300)) - group-6C0282CCCCEA: Finished taking a snapshot at:(t:1, i:4) file:/workdir/hadoop-ozone/integration-test/target/test-dir/MiniOzoneClusterImpl-bea64e6c-8861-4610-b5db-527a5cfae2b5/datanode-6/data/ratis/c2eee720-f9c2-47a4-9064-6c0282ccccea/sm/snapshot.1_4 time:43
2019-09-10 05:39:41,136 [9e976c14-1eb0-4a89-8bf4-d18e531efd12@group-934BE7222E24-StateMachineUpdater] INFO  impl.StateMachineUpdater (StateMachineUpdater.java:takeSnapshot(258)) - 9e976c14-1eb0-4a89-8bf4-d18e531efd12@group-934BE7222E24-StateMachineUpdater: Took a snapshot at index 6
2019-09-10 05:39:41,136 [bce8a7d4-8dd0-462c-884e-e9994e0d492a@group-6C0282CCCCEA-StateMachineUpdater] INFO  impl.StateMachineUpdater (StateMachineUpdater.java:takeSnapshot(258)) - bce8a7d4-8dd0-462c-884e-e9994e0d492a@group-6C0282CCCCEA-StateMachineUpdater: Took a snapshot at index 4
2019-09-10 05:39:41,137 [9e976c14-1eb0-4a89-8bf4-d18e531efd12@group-934BE7222E24-StateMachineUpdater] INFO  impl.StateMachineUpdater (StateMachineUpdater.java:lambda$new$0(83)) - 9e976c14-1eb0-4a89-8bf4-d18e531efd12@group-934BE7222E24-StateMachineUpdater: snapshotIndex: updateIncreasingly -1 -> 6
2019-09-10 05:39:41,137 [bce8a7d4-8dd0-462c-884e-e9994e0d492a@group-6C0282CCCCEA-StateMachineUpdater] INFO  impl.StateMachineUpdater (StateMachineUpdater.java:lambda$new$0(83)) - bce8a7d4-8dd0-462c-884e-e9994e0d492a@group-6C0282CCCCEA-StateMachineUpdater: snapshotIndex: updateIncreasingly -1 -> 4
2019-09-10 05:39:41,137 [bce8a7d4-8dd0-462c-884e-e9994e0d492a@group-6C0282CCCCEA-StateMachineUpdater] INFO  ratis.ContainerStateMachine (ContainerStateMachine.java:takeSnapshot(289)) - group-6C0282CCCCEA: Taking a snapshot at:(t:1, i:4) file /workdir/hadoop-ozone/integration-test/target/test-dir/MiniOzoneClusterImpl-bea64e6c-8861-4610-b5db-527a5cfae2b5/datanode-6/data/ratis/c2eee720-f9c2-47a4-9064-6c0282ccccea/sm/snapshot.1_4
2019-09-10 05:39:41,137 [ForkJoinPool.commonPool-worker-1] INFO  impl.RaftServerImpl (ServerState.java:close(385)) - 9e976c14-1eb0-4a89-8bf4-d18e531efd12@group-934BE7222E24: closes. applyIndex: 6
2019-09-10 05:39:41,138 [9e976c14-1eb0-4a89-8bf4-d18e531efd12@group-934BE7222E24-SegmentedRaftLogWorker] INFO  segmented.SegmentedRaftLogWorker (SegmentedRaftLogWorker.java:run(313)) - 9e976c14-1eb0-4a89-8bf4-d18e531efd12@group-934BE7222E24-SegmentedRaftLogWorker was interrupted, exiting. There are 0 tasks remaining in the queue.
2019-09-10 05:39:41,138 [ForkJoinPool.commonPool-worker-1] INFO  segmented.SegmentedRaftLogWorker (SegmentedRaftLogWorker.java:close(228)) - 9e976c14-1eb0-4a89-8bf4-d18e531efd12@group-934BE7222E24-SegmentedRaftLogWorker close()
2019-09-10 05:39:41,139 [ForkJoinPool.commonPool-worker-1] INFO  server.GrpcService (GrpcService.java:closeImpl(164)) - 9e976c14-1eb0-4a89-8bf4-d18e531efd12: shutdown server with port 35555 now
2019-09-10 05:39:41,139 [ForkJoinPool.commonPool-worker-1] INFO  server.GrpcService (GrpcService.java:closeImpl(172)) - 9e976c14-1eb0-4a89-8bf4-d18e531efd12: shutdown server with port 35555 successfully
2019-09-10 05:39:41,145 [refreshUsed-/workdir/hadoop-ozone/integration-test/target/test-dir/MiniOzoneClusterImpl-bea64e6c-8861-4610-b5db-527a5cfae2b5/datanode-0/data/containers] WARN  fs.CachingGetSpaceUsed (CachingGetSpaceUsed.java:run(183)) - Thread Interrupted waiting to refresh disk information: sleep interrupted
2019-09-10 05:39:41,160 [ForkJoinPool.commonPool-worker-1] INFO  utils.BackgroundService (BackgroundService.java:shutdown(148)) - Shutting down service BlockDeletingService
2019-09-10 05:39:41,162 [bce8a7d4-8dd0-462c-884e-e9994e0d492a@group-6C0282CCCCEA-StateMachineUpdater] INFO  ratis.ContainerStateMachine (ContainerStateMachine.java:takeSnapshot(300)) - group-6C0282CCCCEA: Finished taking a snapshot at:(t:1, i:4) file:/workdir/hadoop-ozone/integration-test/target/test-dir/MiniOzoneClusterImpl-bea64e6c-8861-4610-b5db-527a5cfae2b5/datanode-6/data/ratis/c2eee720-f9c2-47a4-9064-6c0282ccccea/sm/snapshot.1_4 time:26
2019-09-10 05:39:41,165 [ForkJoinPool.commonPool-worker-1] INFO  statemachine.DatanodeStateMachine (DatanodeStateMachine.java:stopDaemon(395)) - Ozone container server stopped.
2019-09-10 05:39:41,165 [bce8a7d4-8dd0-462c-884e-e9994e0d492a@group-6C0282CCCCEA-StateMachineUpdater] INFO  impl.StateMachineUpdater (StateMachineUpdater.java:takeSnapshot(258)) - bce8a7d4-8dd0-462c-884e-e9994e0d492a@group-6C0282CCCCEA-StateMachineUpdater: Took a snapshot at index 4
2019-09-10 05:39:41,165 [bce8a7d4-8dd0-462c-884e-e9994e0d492a@group-6C0282CCCCEA-StateMachineUpdater] INFO  impl.StateMachineUpdater (StateMachineUpdater.java:lambda$new$0(83)) - bce8a7d4-8dd0-462c-884e-e9994e0d492a@group-6C0282CCCCEA-StateMachineUpdater: snapshotIndex: updateIncreasingly 4 -> 4
2019-09-10 05:39:41,167 [main] INFO  impl.RaftServerImpl (ServerState.java:close(385)) - bce8a7d4-8dd0-462c-884e-e9994e0d492a@group-6C0282CCCCEA: closes. applyIndex: 6
2019-09-10 05:39:41,169 [bce8a7d4-8dd0-462c-884e-e9994e0d492a@group-6C0282CCCCEA-SegmentedRaftLogWorker] INFO  segmented.SegmentedRaftLogWorker (SegmentedRaftLogWorker.java:run(313)) - bce8a7d4-8dd0-462c-884e-e9994e0d492a@group-6C0282CCCCEA-SegmentedRaftLogWorker was interrupted, exiting. There are 0 tasks remaining in the queue.
2019-09-10 05:39:41,169 [main] INFO  segmented.SegmentedRaftLogWorker (SegmentedRaftLogWorker.java:close(228)) - bce8a7d4-8dd0-462c-884e-e9994e0d492a@group-6C0282CCCCEA-SegmentedRaftLogWorker close()
2019-09-10 05:39:41,171 [main] INFO  server.GrpcService (GrpcService.java:closeImpl(164)) - bce8a7d4-8dd0-462c-884e-e9994e0d492a: shutdown server with port 41181 now
2019-09-10 05:39:41,171 [ForkJoinPool.commonPool-worker-1] INFO  handler.ContextHandler (ContextHandler.java:doStop(910)) - Stopped o.e.j.w.WebAppContext@73b74615{/,null,UNAVAILABLE}{/hddsDatanode}
2019-09-10 05:39:41,171 [main] INFO  server.GrpcService (GrpcService.java:closeImpl(172)) - bce8a7d4-8dd0-462c-884e-e9994e0d492a: shutdown server with port 41181 successfully
2019-09-10 05:39:41,172 [ForkJoinPool.commonPool-worker-1] INFO  server.AbstractConnector (AbstractConnector.java:doStop(318)) - Stopped ServerConnector@22686ddb{HTTP/1.1,[http/1.1]}{0.0.0.0:0}
2019-09-10 05:39:41,179 [ForkJoinPool.commonPool-worker-1] INFO  handler.ContextHandler (ContextHandler.java:doStop(910)) - Stopped o.e.j.s.ServletContextHandler@16c5b50a{/static,jar:file:/home/user/.m2/repository/org/apache/hadoop/hadoop-hdds-container-service/0.5.0-SNAPSHOT/hadoop-hdds-container-service-0.5.0-SNAPSHOT.jar!/webapps/static,UNAVAILABLE}
2019-09-10 05:39:41,180 [ForkJoinPool.commonPool-worker-1] INFO  handler.ContextHandler (ContextHandler.java:doStop(910)) - Stopped o.e.j.s.ServletContextHandler@350bbd5d{/logs,file:///workdir/hadoop-ozone/integration-test/target/log,UNAVAILABLE}
2019-09-10 05:39:41,180 [refreshUsed-/workdir/hadoop-ozone/integration-test/target/test-dir/MiniOzoneClusterImpl-bea64e6c-8861-4610-b5db-527a5cfae2b5/datanode-6/data/containers] WARN  fs.CachingGetSpaceUsed (CachingGetSpaceUsed.java:run(183)) - Thread Interrupted waiting to refresh disk information: sleep interrupted
2019-09-10 05:39:41,194 [main] INFO  utils.BackgroundService (BackgroundService.java:shutdown(148)) - Shutting down service BlockDeletingService
2019-09-10 05:39:41,199 [main] INFO  statemachine.DatanodeStateMachine (DatanodeStateMachine.java:stopDaemon(395)) - Ozone container server stopped.
2019-09-10 05:39:41,201 [main] INFO  handler.ContextHandler (ContextHandler.java:doStop(910)) - Stopped o.e.j.w.WebAppContext@58cda03f{/,null,UNAVAILABLE}{/hddsDatanode}
2019-09-10 05:39:41,202 [main] INFO  server.AbstractConnector (AbstractConnector.java:doStop(318)) - Stopped ServerConnector@7757a37f{HTTP/1.1,[http/1.1]}{0.0.0.0:0}
2019-09-10 05:39:41,202 [main] INFO  handler.ContextHandler (ContextHandler.java:doStop(910)) - Stopped o.e.j.s.ServletContextHandler@1f42366{/static,jar:file:/home/user/.m2/repository/org/apache/hadoop/hadoop-hdds-container-service/0.5.0-SNAPSHOT/hadoop-hdds-container-service-0.5.0-SNAPSHOT.jar!/webapps/static,UNAVAILABLE}
2019-09-10 05:39:41,202 [main] INFO  handler.ContextHandler (ContextHandler.java:doStop(910)) - Stopped o.e.j.s.ServletContextHandler@54bb1194{/logs,file:///workdir/hadoop-ozone/integration-test/target/log,UNAVAILABLE}
2019-09-10 05:39:41,320 [Datanode State Machine Thread - 0] INFO  statemachine.DatanodeStateMachine (DatanodeStateMachine.java:lambda$startDaemon$0(350)) - Ozone container server started.
2019-09-10 05:39:45,398 [EventQueue-StaleNodeForStaleNodeHandler] INFO  node.StaleNodeHandler (StaleNodeHandler.java:onMessage(58)) - Datanode 5b3d6723-2425-464a-a9e3-6f5bc8440fc1{ip: 192.168.36.76, host: trunk-nightly-20190910-vk757-903364635, networkLocation: /default-rack, certSerialId: null} moved to stale state. Finalizing its pipelines [PipelineID=01716534-b070-490e-9672-08fae14e0180]
2019-09-10 05:39:45,399 [EventQueue-StaleNodeForStaleNodeHandler] INFO  pipeline.SCMPipelineManager (SCMPipelineManager.java:finalizeAndDestroyPipeline(311)) - destroying pipeline:Pipeline[ Id: 01716534-b070-490e-9672-08fae14e0180, Nodes: 5b3d6723-2425-464a-a9e3-6f5bc8440fc1{ip: 192.168.36.76, host: trunk-nightly-20190910-vk757-903364635, networkLocation: /default-rack, certSerialId: null}, Type:RATIS, Factor:ONE, State:OPEN]
2019-09-10 05:39:45,399 [EventQueue-StaleNodeForStaleNodeHandler] INFO  pipeline.PipelineStateManager (PipelineStateManager.java:finalizePipeline(123)) - Pipeline Pipeline[ Id: 01716534-b070-490e-9672-08fae14e0180, Nodes: 5b3d6723-2425-464a-a9e3-6f5bc8440fc1{ip: 192.168.36.76, host: trunk-nightly-20190910-vk757-903364635, networkLocation: /default-rack, certSerialId: null}, Type:RATIS, Factor:ONE, State:CLOSED] moved to CLOSED state
2019-09-10 05:39:46,185 [ForkJoinPool.commonPool-worker-1] INFO  ozoneimpl.OzoneContainer (OzoneContainer.java:stop(231)) - Attempting to stop container services.
2019-09-10 05:39:46,186 [ForkJoinPool.commonPool-worker-1] INFO  impl.RaftServerProxy (RaftServerProxy.java:lambda$close$4(314)) - 5b3d6723-2425-464a-a9e3-6f5bc8440fc1: close
2019-09-10 05:39:46,187 [ForkJoinPool.commonPool-worker-1] INFO  impl.RaftServerImpl (RaftServerImpl.java:lambda$shutdown$3(251)) - 5b3d6723-2425-464a-a9e3-6f5bc8440fc1@group-08FAE14E0180: shutdown
2019-09-10 05:39:46,187 [ForkJoinPool.commonPool-worker-1] INFO  util.JmxRegister (JmxRegister.java:unregister(73)) - Successfully un-registered JMX Bean with object name Ratis:service=RaftServer,group=group-08FAE14E0180,id=5b3d6723-2425-464a-a9e3-6f5bc8440fc1
2019-09-10 05:39:46,187 [ForkJoinPool.commonPool-worker-1] INFO  impl.RoleInfo (RoleInfo.java:shutdownLeaderState(104)) - 5b3d6723-2425-464a-a9e3-6f5bc8440fc1: shutdown LeaderState
2019-09-10 05:39:46,188 [ForkJoinPool.commonPool-worker-1] INFO  impl.PendingRequests (PendingRequests.java:sendNotLeaderResponses(202)) - 5b3d6723-2425-464a-a9e3-6f5bc8440fc1-PendingRequests: sendNotLeaderResponses
2019-09-10 05:39:46,188 [ForkJoinPool.commonPool-worker-1] INFO  impl.StateMachineUpdater (StateMachineUpdater.java:stopAndJoin(125)) - 5b3d6723-2425-464a-a9e3-6f5bc8440fc1@group-08FAE14E0180-StateMachineUpdater: set stopIndex = 0
2019-09-10 05:39:46,189 [ForkJoinPool.commonPool-worker-1] INFO  impl.RaftServerImpl (ServerState.java:close(385)) - 5b3d6723-2425-464a-a9e3-6f5bc8440fc1@group-08FAE14E0180: closes. applyIndex: 0
2019-09-10 05:39:46,190 [5b3d6723-2425-464a-a9e3-6f5bc8440fc1@group-08FAE14E0180-SegmentedRaftLogWorker] INFO  segmented.SegmentedRaftLogWorker (SegmentedRaftLogWorker.java:run(313)) - 5b3d6723-2425-464a-a9e3-6f5bc8440fc1@group-08FAE14E0180-SegmentedRaftLogWorker was interrupted, exiting. There are 0 tasks remaining in the queue.
2019-09-10 05:39:46,190 [ForkJoinPool.commonPool-worker-1] INFO  segmented.SegmentedRaftLogWorker (SegmentedRaftLogWorker.java:close(228)) - 5b3d6723-2425-464a-a9e3-6f5bc8440fc1@group-08FAE14E0180-SegmentedRaftLogWorker close()
2019-09-10 05:39:46,191 [ForkJoinPool.commonPool-worker-1] INFO  server.GrpcService (GrpcService.java:closeImpl(164)) - 5b3d6723-2425-464a-a9e3-6f5bc8440fc1: shutdown server with port 38760 now
2019-09-10 05:39:46,191 [ForkJoinPool.commonPool-worker-1] INFO  server.GrpcService (GrpcService.java:closeImpl(172)) - 5b3d6723-2425-464a-a9e3-6f5bc8440fc1: shutdown server with port 38760 successfully
2019-09-10 05:39:46,202 [refreshUsed-/workdir/hadoop-ozone/integration-test/target/test-dir/MiniOzoneClusterImpl-bea64e6c-8861-4610-b5db-527a5cfae2b5/datanode-5/data/containers] WARN  fs.CachingGetSpaceUsed (CachingGetSpaceUsed.java:run(183)) - Thread Interrupted waiting to refresh disk information: sleep interrupted
2019-09-10 05:39:46,220 [ForkJoinPool.commonPool-worker-1] INFO  utils.BackgroundService (BackgroundService.java:shutdown(148)) - Shutting down service BlockDeletingService
2019-09-10 05:39:46,226 [ForkJoinPool.commonPool-worker-1] INFO  statemachine.DatanodeStateMachine (DatanodeStateMachine.java:stopDaemon(395)) - Ozone container server stopped.
2019-09-10 05:39:46,230 [ForkJoinPool.commonPool-worker-1] INFO  handler.ContextHandler (ContextHandler.java:doStop(910)) - Stopped o.e.j.w.WebAppContext@640a8f93{/,null,UNAVAILABLE}{/hddsDatanode}
2019-09-10 05:39:46,231 [ForkJoinPool.commonPool-worker-1] INFO  server.AbstractConnector (AbstractConnector.java:doStop(318)) - Stopped ServerConnector@6335f04a{HTTP/1.1,[http/1.1]}{0.0.0.0:0}
2019-09-10 05:39:46,231 [ForkJoinPool.commonPool-worker-1] INFO  handler.ContextHandler (ContextHandler.java:doStop(910)) - Stopped o.e.j.s.ServletContextHandler@3ef0e576{/static,jar:file:/home/user/.m2/repository/org/apache/hadoop/hadoop-hdds-container-service/0.5.0-SNAPSHOT/hadoop-hdds-container-service-0.5.0-SNAPSHOT.jar!/webapps/static,UNAVAILABLE}
2019-09-10 05:39:46,231 [ForkJoinPool.commonPool-worker-1] INFO  handler.ContextHandler (ContextHandler.java:doStop(910)) - Stopped o.e.j.s.ServletContextHandler@7eae55{/logs,file:///workdir/hadoop-ozone/integration-test/target/log,UNAVAILABLE}
2019-09-10 05:39:46,232 [main] INFO  ozone.MiniOzoneClusterImpl (MiniOzoneClusterImpl.java:stop(339)) - Stopping the StorageContainerManager
2019-09-10 05:39:46,233 [main] INFO  server.StorageContainerManager (StorageContainerManager.java:stop(801)) - Stopping Replication Manager Service.
2019-09-10 05:39:46,233 [main] INFO  container.ReplicationManager (ReplicationManager.java:stop(203)) - Stopping Replication Monitor Thread.
2019-09-10 05:39:46,233 [main] INFO  server.StorageContainerManager (StorageContainerManager.java:stop(808)) - Stopping Lease Manager of the command watchers
2019-09-10 05:39:46,233 [main] INFO  server.StorageContainerManager (StorageContainerManager.java:stop(815)) - Stopping datanode service RPC server
2019-09-10 05:39:46,233 [main] INFO  server.SCMDatanodeProtocolServer (SCMDatanodeProtocolServer.java:stop(367)) - Stopping the RPC server for DataNodes
2019-09-10 05:39:46,234 [main] INFO  ipc.Server (Server.java:stop(3082)) - Stopping server on 37221
2019-09-10 05:39:46,239 [IPC Server listener on 37221] INFO  ipc.Server (Server.java:run(1185)) - Stopping IPC Server listener on 37221
2019-09-10 05:39:46,239 [IPC Server Responder] INFO  ipc.Server (Server.java:run(1319)) - Stopping IPC Server Responder
2019-09-10 05:39:46,299 [SCM Heartbeat Processing Thread - 0] WARN  node.NodeStateManager (NodeStateManager.java:scheduleNextHealthCheck(646)) - Current Thread is interrupted, shutting down HB processing thread for Node Manager.
2019-09-10 05:39:46,299 [main] INFO  server.StorageContainerManager (StorageContainerManager.java:stop(823)) - Stopping block service RPC server
2019-09-10 05:39:46,299 [main] INFO  server.SCMBlockProtocolServer (SCMBlockProtocolServer.java:stop(155)) - Stopping the RPC server for Block Protocol
2019-09-10 05:39:46,299 [main] INFO  ipc.Server (Server.java:stop(3082)) - Stopping server on 44139
2019-09-10 05:39:46,302 [IPC Server listener on 44139] INFO  ipc.Server (Server.java:run(1185)) - Stopping IPC Server listener on 44139
2019-09-10 05:39:46,302 [main] INFO  server.StorageContainerManager (StorageContainerManager.java:stop(830)) - Stopping the StorageContainerLocationProtocol RPC server
2019-09-10 05:39:46,302 [main] INFO  server.SCMClientProtocolServer (SCMClientProtocolServer.java:stop(159)) - Stopping the RPC server for Client Protocol
2019-09-10 05:39:46,302 [main] INFO  ipc.Server (Server.java:stop(3082)) - Stopping server on 33366
2019-09-10 05:39:46,302 [IPC Server Responder] INFO  ipc.Server (Server.java:run(1319)) - Stopping IPC Server Responder
2019-09-10 05:39:46,305 [IPC Server listener on 33366] INFO  ipc.Server (Server.java:run(1185)) - Stopping IPC Server listener on 33366
2019-09-10 05:39:46,305 [main] INFO  server.StorageContainerManager (StorageContainerManager.java:stop(837)) - Stopping Storage Container Manager HTTP server.
2019-09-10 05:39:46,305 [IPC Server Responder] INFO  ipc.Server (Server.java:run(1319)) - Stopping IPC Server Responder
2019-09-10 05:39:46,306 [main] INFO  handler.ContextHandler (ContextHandler.java:doStop(910)) - Stopped o.e.j.w.WebAppContext@273dec10{/,null,UNAVAILABLE}{/scm}
2019-09-10 05:39:46,307 [main] INFO  server.AbstractConnector (AbstractConnector.java:doStop(318)) - Stopped ServerConnector@6cceb281{HTTP/1.1,[http/1.1]}{0.0.0.0:0}
2019-09-10 05:39:46,307 [main] INFO  handler.ContextHandler (ContextHandler.java:doStop(910)) - Stopped o.e.j.s.ServletContextHandler@cec590c{/static,file:///workdir/hadoop-ozone/integration-test/target/test-classes/webapps/static,UNAVAILABLE}
2019-09-10 05:39:46,307 [main] INFO  handler.ContextHandler (ContextHandler.java:doStop(910)) - Stopped o.e.j.s.ServletContextHandler@2342f1ff{/logs,file:///workdir/hadoop-ozone/integration-test/target/log,UNAVAILABLE}
2019-09-10 05:39:46,308 [main] INFO  server.StorageContainerManager (StorageContainerManager.java:stop(848)) - Stopping Block Manager Service.
2019-09-10 05:39:46,308 [main] INFO  utils.BackgroundService (BackgroundService.java:shutdown(148)) - Shutting down service SCMBlockDeletingService
2019-09-10 05:39:46,308 [main] INFO  utils.BackgroundService (BackgroundService.java:shutdown(148)) - Shutting down service SCMBlockDeletingService
2019-09-10 05:39:46,309 [main] INFO  server.StorageContainerManager (StorageContainerManager.java:stop(870)) - Stopping SCM Event Queue.
2019-09-10 05:39:46,313 [main] INFO  impl.MetricsSystemImpl (MetricsSystemImpl.java:stop(210)) - Stopping HddsDatanode metrics system...
2019-09-10 05:39:46,341 [main] INFO  impl.MetricsSystemImpl (MetricsSystemImpl.java:stop(216)) - HddsDatanode metrics system stopped.
]]></system-out>
    <system-err><![CDATA[Sep 10, 2019 5:39:16 AM org.apache.ratis.thirdparty.io.grpc.internal.ManagedChannelOrphanWrapper$ManagedChannelReference cleanQueue
SEVERE: *~*~*~ Channel ManagedChannelImpl{logId=3116, target=192.168.36.76:40556} was not shutdown properly!!! ~*~*~*
    Make sure to call shutdown()/shutdownNow() and wait until awaitTermination() returns true.
java.lang.RuntimeException: ManagedChannel allocation site
	at org.apache.ratis.thirdparty.io.grpc.internal.ManagedChannelOrphanWrapper$ManagedChannelReference.<init>(ManagedChannelOrphanWrapper.java:103)
	at org.apache.ratis.thirdparty.io.grpc.internal.ManagedChannelOrphanWrapper.<init>(ManagedChannelOrphanWrapper.java:53)
	at org.apache.ratis.thirdparty.io.grpc.internal.ManagedChannelOrphanWrapper.<init>(ManagedChannelOrphanWrapper.java:44)
	at org.apache.ratis.thirdparty.io.grpc.internal.AbstractManagedChannelImplBuilder.build(AbstractManagedChannelImplBuilder.java:411)
	at org.apache.hadoop.hdds.scm.XceiverClientGrpc.connectToDatanode(XceiverClientGrpc.java:175)
	at org.apache.hadoop.hdds.scm.XceiverClientGrpc.reconnect(XceiverClientGrpc.java:423)
	at org.apache.hadoop.hdds.scm.XceiverClientGrpc.sendCommandAsync(XceiverClientGrpc.java:372)
	at org.apache.hadoop.hdds.scm.XceiverClientGrpc.sendCommandWithRetry(XceiverClientGrpc.java:285)
	at org.apache.hadoop.hdds.scm.XceiverClientGrpc.sendCommandWithTraceIDAndRetry(XceiverClientGrpc.java:251)
	at org.apache.hadoop.hdds.scm.XceiverClientGrpc.sendCommand(XceiverClientGrpc.java:234)
	at org.apache.hadoop.hdds.scm.storage.ContainerProtocolCalls.readChunk(ContainerProtocolCalls.java:245)
	at org.apache.hadoop.hdds.scm.storage.ChunkInputStream.readChunk(ChunkInputStream.java:335)
	at org.apache.hadoop.hdds.scm.storage.ChunkInputStream.readChunkFromContainer(ChunkInputStream.java:307)
	at org.apache.hadoop.hdds.scm.storage.ChunkInputStream.prepareRead(ChunkInputStream.java:259)
	at org.apache.hadoop.hdds.scm.storage.ChunkInputStream.read(ChunkInputStream.java:144)
	at org.apache.hadoop.hdds.scm.storage.BlockInputStream.read(BlockInputStream.java:239)
	at org.apache.hadoop.ozone.client.io.KeyInputStream.read(KeyInputStream.java:171)
	at org.apache.hadoop.ozone.client.io.OzoneInputStream.read(OzoneInputStream.java:47)
	at java.io.InputStream.read(InputStream.java:101)
	at org.apache.hadoop.ozone.container.ContainerTestHelper.validateData(ContainerTestHelper.java:714)
	at org.apache.hadoop.ozone.client.rpc.TestBlockOutputStreamWithFailures.validateData(TestBlockOutputStreamWithFailures.java:1216)
	at org.apache.hadoop.ozone.client.rpc.TestBlockOutputStreamWithFailures.testFailureWithPrimeSizedData(TestBlockOutputStreamWithFailures.java:662)
	at sun.reflect.NativeMethodAccessorImpl.invoke0(Native Method)
	at sun.reflect.NativeMethodAccessorImpl.invoke(NativeMethodAccessorImpl.java:62)
	at sun.reflect.DelegatingMethodAccessorImpl.invoke(DelegatingMethodAccessorImpl.java:43)
	at java.lang.reflect.Method.invoke(Method.java:498)
	at org.junit.runners.model.FrameworkMethod$1.runReflectiveCall(FrameworkMethod.java:47)
	at org.junit.internal.runners.model.ReflectiveCallable.run(ReflectiveCallable.java:12)
	at org.junit.runners.model.FrameworkMethod.invokeExplosively(FrameworkMethod.java:44)
	at org.junit.internal.runners.statements.InvokeMethod.evaluate(InvokeMethod.java:17)
	at org.junit.internal.runners.statements.RunBefores.evaluate(RunBefores.java:26)
	at org.junit.internal.runners.statements.RunAfters.evaluate(RunAfters.java:27)
	at org.junit.runners.ParentRunner.runLeaf(ParentRunner.java:271)
	at org.junit.runners.BlockJUnit4ClassRunner.runChild(BlockJUnit4ClassRunner.java:70)
	at org.junit.runners.BlockJUnit4ClassRunner.runChild(BlockJUnit4ClassRunner.java:50)
	at org.junit.runners.ParentRunner$3.run(ParentRunner.java:238)
	at org.junit.runners.ParentRunner$1.schedule(ParentRunner.java:63)
	at org.junit.runners.ParentRunner.runChildren(ParentRunner.java:236)
	at org.junit.runners.ParentRunner.access$000(ParentRunner.java:53)
	at org.junit.runners.ParentRunner$2.evaluate(ParentRunner.java:229)
	at org.junit.runners.ParentRunner.run(ParentRunner.java:309)
	at org.apache.maven.surefire.junit4.JUnit4Provider.execute(JUnit4Provider.java:365)
	at org.apache.maven.surefire.junit4.JUnit4Provider.executeWithRerun(JUnit4Provider.java:273)
	at org.apache.maven.surefire.junit4.JUnit4Provider.executeTestSet(JUnit4Provider.java:238)
	at org.apache.maven.surefire.junit4.JUnit4Provider.invoke(JUnit4Provider.java:159)
	at org.apache.maven.surefire.booter.ForkedBooter.invokeProviderInSameClassLoader(ForkedBooter.java:384)
	at org.apache.maven.surefire.booter.ForkedBooter.runSuitesInProcess(ForkedBooter.java:345)
	at org.apache.maven.surefire.booter.ForkedBooter.execute(ForkedBooter.java:126)
	at org.apache.maven.surefire.booter.ForkedBooter.main(ForkedBooter.java:418)

Sep 10, 2019 5:39:16 AM org.apache.ratis.thirdparty.io.grpc.internal.ManagedChannelOrphanWrapper$ManagedChannelReference cleanQueue
SEVERE: *~*~*~ Channel ManagedChannelImpl{logId=3111, target=192.168.36.76:42600} was not shutdown properly!!! ~*~*~*
    Make sure to call shutdown()/shutdownNow() and wait until awaitTermination() returns true.
java.lang.RuntimeException: ManagedChannel allocation site
	at org.apache.ratis.thirdparty.io.grpc.internal.ManagedChannelOrphanWrapper$ManagedChannelReference.<init>(ManagedChannelOrphanWrapper.java:103)
	at org.apache.ratis.thirdparty.io.grpc.internal.ManagedChannelOrphanWrapper.<init>(ManagedChannelOrphanWrapper.java:53)
	at org.apache.ratis.thirdparty.io.grpc.internal.ManagedChannelOrphanWrapper.<init>(ManagedChannelOrphanWrapper.java:44)
	at org.apache.ratis.thirdparty.io.grpc.internal.AbstractManagedChannelImplBuilder.build(AbstractManagedChannelImplBuilder.java:411)
	at org.apache.hadoop.hdds.scm.XceiverClientGrpc.connectToDatanode(XceiverClientGrpc.java:175)
	at org.apache.hadoop.hdds.scm.XceiverClientGrpc.reconnect(XceiverClientGrpc.java:423)
	at org.apache.hadoop.hdds.scm.XceiverClientGrpc.sendCommandAsync(XceiverClientGrpc.java:372)
	at org.apache.hadoop.hdds.scm.XceiverClientGrpc.sendCommandWithRetry(XceiverClientGrpc.java:285)
	at org.apache.hadoop.hdds.scm.XceiverClientGrpc.sendCommandWithTraceIDAndRetry(XceiverClientGrpc.java:251)
	at org.apache.hadoop.hdds.scm.XceiverClientGrpc.sendCommand(XceiverClientGrpc.java:234)
	at org.apache.hadoop.hdds.scm.storage.ContainerProtocolCalls.getBlock(ContainerProtocolCalls.java:118)
	at org.apache.hadoop.hdds.scm.storage.BlockInputStream.getChunkInfos(BlockInputStream.java:167)
	at org.apache.hadoop.hdds.scm.storage.BlockInputStream.initialize(BlockInputStream.java:118)
	at org.apache.hadoop.hdds.scm.storage.BlockInputStream.read(BlockInputStream.java:222)
	at org.apache.hadoop.ozone.client.io.KeyInputStream.read(KeyInputStream.java:171)
	at org.apache.hadoop.ozone.client.io.OzoneInputStream.read(OzoneInputStream.java:47)
	at java.io.InputStream.read(InputStream.java:101)
	at org.apache.hadoop.ozone.container.ContainerTestHelper.validateData(ContainerTestHelper.java:714)
	at org.apache.hadoop.ozone.client.rpc.TestBlockOutputStreamWithFailures.validateData(TestBlockOutputStreamWithFailures.java:1216)
	at org.apache.hadoop.ozone.client.rpc.TestBlockOutputStreamWithFailures.testFailureWithPrimeSizedData(TestBlockOutputStreamWithFailures.java:662)
	at sun.reflect.NativeMethodAccessorImpl.invoke0(Native Method)
	at sun.reflect.NativeMethodAccessorImpl.invoke(NativeMethodAccessorImpl.java:62)
	at sun.reflect.DelegatingMethodAccessorImpl.invoke(DelegatingMethodAccessorImpl.java:43)
	at java.lang.reflect.Method.invoke(Method.java:498)
	at org.junit.runners.model.FrameworkMethod$1.runReflectiveCall(FrameworkMethod.java:47)
	at org.junit.internal.runners.model.ReflectiveCallable.run(ReflectiveCallable.java:12)
	at org.junit.runners.model.FrameworkMethod.invokeExplosively(FrameworkMethod.java:44)
	at org.junit.internal.runners.statements.InvokeMethod.evaluate(InvokeMethod.java:17)
	at org.junit.internal.runners.statements.RunBefores.evaluate(RunBefores.java:26)
	at org.junit.internal.runners.statements.RunAfters.evaluate(RunAfters.java:27)
	at org.junit.runners.ParentRunner.runLeaf(ParentRunner.java:271)
	at org.junit.runners.BlockJUnit4ClassRunner.runChild(BlockJUnit4ClassRunner.java:70)
	at org.junit.runners.BlockJUnit4ClassRunner.runChild(BlockJUnit4ClassRunner.java:50)
	at org.junit.runners.ParentRunner$3.run(ParentRunner.java:238)
	at org.junit.runners.ParentRunner$1.schedule(ParentRunner.java:63)
	at org.junit.runners.ParentRunner.runChildren(ParentRunner.java:236)
	at org.junit.runners.ParentRunner.access$000(ParentRunner.java:53)
	at org.junit.runners.ParentRunner$2.evaluate(ParentRunner.java:229)
	at org.junit.runners.ParentRunner.run(ParentRunner.java:309)
	at org.apache.maven.surefire.junit4.JUnit4Provider.execute(JUnit4Provider.java:365)
	at org.apache.maven.surefire.junit4.JUnit4Provider.executeWithRerun(JUnit4Provider.java:273)
	at org.apache.maven.surefire.junit4.JUnit4Provider.executeTestSet(JUnit4Provider.java:238)
	at org.apache.maven.surefire.junit4.JUnit4Provider.invoke(JUnit4Provider.java:159)
	at org.apache.maven.surefire.booter.ForkedBooter.invokeProviderInSameClassLoader(ForkedBooter.java:384)
	at org.apache.maven.surefire.booter.ForkedBooter.runSuitesInProcess(ForkedBooter.java:345)
	at org.apache.maven.surefire.booter.ForkedBooter.execute(ForkedBooter.java:126)
	at org.apache.maven.surefire.booter.ForkedBooter.main(ForkedBooter.java:418)

Sep 10, 2019 5:39:16 AM org.apache.ratis.thirdparty.io.grpc.internal.ManagedChannelOrphanWrapper$ManagedChannelReference cleanQueue
SEVERE: *~*~*~ Channel ManagedChannelImpl{logId=3121, target=192.168.36.76:43567} was not shutdown properly!!! ~*~*~*
    Make sure to call shutdown()/shutdownNow() and wait until awaitTermination() returns true.
java.lang.RuntimeException: ManagedChannel allocation site
	at org.apache.ratis.thirdparty.io.grpc.internal.ManagedChannelOrphanWrapper$ManagedChannelReference.<init>(ManagedChannelOrphanWrapper.java:103)
	at org.apache.ratis.thirdparty.io.grpc.internal.ManagedChannelOrphanWrapper.<init>(ManagedChannelOrphanWrapper.java:53)
	at org.apache.ratis.thirdparty.io.grpc.internal.ManagedChannelOrphanWrapper.<init>(ManagedChannelOrphanWrapper.java:44)
	at org.apache.ratis.thirdparty.io.grpc.internal.AbstractManagedChannelImplBuilder.build(AbstractManagedChannelImplBuilder.java:411)
	at org.apache.hadoop.hdds.scm.XceiverClientGrpc.connectToDatanode(XceiverClientGrpc.java:175)
	at org.apache.hadoop.hdds.scm.XceiverClientGrpc.reconnect(XceiverClientGrpc.java:423)
	at org.apache.hadoop.hdds.scm.XceiverClientGrpc.sendCommandAsync(XceiverClientGrpc.java:372)
	at org.apache.hadoop.hdds.scm.XceiverClientGrpc.sendCommandWithRetry(XceiverClientGrpc.java:285)
	at org.apache.hadoop.hdds.scm.XceiverClientGrpc.sendCommandWithTraceIDAndRetry(XceiverClientGrpc.java:251)
	at org.apache.hadoop.hdds.scm.XceiverClientGrpc.sendCommand(XceiverClientGrpc.java:234)
	at org.apache.hadoop.hdds.scm.storage.ContainerProtocolCalls.getBlock(ContainerProtocolCalls.java:118)
	at org.apache.hadoop.hdds.scm.storage.BlockInputStream.getChunkInfos(BlockInputStream.java:167)
	at org.apache.hadoop.hdds.scm.storage.BlockInputStream.initialize(BlockInputStream.java:118)
	at org.apache.hadoop.hdds.scm.storage.BlockInputStream.read(BlockInputStream.java:222)
	at org.apache.hadoop.ozone.client.io.KeyInputStream.read(KeyInputStream.java:171)
	at org.apache.hadoop.ozone.client.io.OzoneInputStream.read(OzoneInputStream.java:47)
	at java.io.InputStream.read(InputStream.java:101)
	at org.apache.hadoop.ozone.container.ContainerTestHelper.validateData(ContainerTestHelper.java:714)
	at org.apache.hadoop.ozone.client.rpc.TestBlockOutputStreamWithFailures.validateData(TestBlockOutputStreamWithFailures.java:1216)
	at org.apache.hadoop.ozone.client.rpc.TestBlockOutputStreamWithFailures.testFailureWithPrimeSizedData(TestBlockOutputStreamWithFailures.java:662)
	at sun.reflect.NativeMethodAccessorImpl.invoke0(Native Method)
	at sun.reflect.NativeMethodAccessorImpl.invoke(NativeMethodAccessorImpl.java:62)
	at sun.reflect.DelegatingMethodAccessorImpl.invoke(DelegatingMethodAccessorImpl.java:43)
	at java.lang.reflect.Method.invoke(Method.java:498)
	at org.junit.runners.model.FrameworkMethod$1.runReflectiveCall(FrameworkMethod.java:47)
	at org.junit.internal.runners.model.ReflectiveCallable.run(ReflectiveCallable.java:12)
	at org.junit.runners.model.FrameworkMethod.invokeExplosively(FrameworkMethod.java:44)
	at org.junit.internal.runners.statements.InvokeMethod.evaluate(InvokeMethod.java:17)
	at org.junit.internal.runners.statements.RunBefores.evaluate(RunBefores.java:26)
	at org.junit.internal.runners.statements.RunAfters.evaluate(RunAfters.java:27)
	at org.junit.runners.ParentRunner.runLeaf(ParentRunner.java:271)
	at org.junit.runners.BlockJUnit4ClassRunner.runChild(BlockJUnit4ClassRunner.java:70)
	at org.junit.runners.BlockJUnit4ClassRunner.runChild(BlockJUnit4ClassRunner.java:50)
	at org.junit.runners.ParentRunner$3.run(ParentRunner.java:238)
	at org.junit.runners.ParentRunner$1.schedule(ParentRunner.java:63)
	at org.junit.runners.ParentRunner.runChildren(ParentRunner.java:236)
	at org.junit.runners.ParentRunner.access$000(ParentRunner.java:53)
	at org.junit.runners.ParentRunner$2.evaluate(ParentRunner.java:229)
	at org.junit.runners.ParentRunner.run(ParentRunner.java:309)
	at org.apache.maven.surefire.junit4.JUnit4Provider.execute(JUnit4Provider.java:365)
	at org.apache.maven.surefire.junit4.JUnit4Provider.executeWithRerun(JUnit4Provider.java:273)
	at org.apache.maven.surefire.junit4.JUnit4Provider.executeTestSet(JUnit4Provider.java:238)
	at org.apache.maven.surefire.junit4.JUnit4Provider.invoke(JUnit4Provider.java:159)
	at org.apache.maven.surefire.booter.ForkedBooter.invokeProviderInSameClassLoader(ForkedBooter.java:384)
	at org.apache.maven.surefire.booter.ForkedBooter.runSuitesInProcess(ForkedBooter.java:345)
	at org.apache.maven.surefire.booter.ForkedBooter.execute(ForkedBooter.java:126)
	at org.apache.maven.surefire.booter.ForkedBooter.main(ForkedBooter.java:418)

Sep 10, 2019 5:39:16 AM org.apache.ratis.thirdparty.io.grpc.internal.ManagedChannelOrphanWrapper$ManagedChannelReference cleanQueue
SEVERE: *~*~*~ Channel ManagedChannelImpl{logId=3126, target=192.168.36.76:40802} was not shutdown properly!!! ~*~*~*
    Make sure to call shutdown()/shutdownNow() and wait until awaitTermination() returns true.
java.lang.RuntimeException: ManagedChannel allocation site
	at org.apache.ratis.thirdparty.io.grpc.internal.ManagedChannelOrphanWrapper$ManagedChannelReference.<init>(ManagedChannelOrphanWrapper.java:103)
	at org.apache.ratis.thirdparty.io.grpc.internal.ManagedChannelOrphanWrapper.<init>(ManagedChannelOrphanWrapper.java:53)
	at org.apache.ratis.thirdparty.io.grpc.internal.ManagedChannelOrphanWrapper.<init>(ManagedChannelOrphanWrapper.java:44)
	at org.apache.ratis.thirdparty.io.grpc.internal.AbstractManagedChannelImplBuilder.build(AbstractManagedChannelImplBuilder.java:411)
	at org.apache.hadoop.hdds.scm.XceiverClientGrpc.connectToDatanode(XceiverClientGrpc.java:175)
	at org.apache.hadoop.hdds.scm.XceiverClientGrpc.reconnect(XceiverClientGrpc.java:423)
	at org.apache.hadoop.hdds.scm.XceiverClientGrpc.sendCommandAsync(XceiverClientGrpc.java:372)
	at org.apache.hadoop.hdds.scm.XceiverClientGrpc.sendCommandWithRetry(XceiverClientGrpc.java:285)
	at org.apache.hadoop.hdds.scm.XceiverClientGrpc.sendCommandWithTraceIDAndRetry(XceiverClientGrpc.java:251)
	at org.apache.hadoop.hdds.scm.XceiverClientGrpc.sendCommand(XceiverClientGrpc.java:234)
	at org.apache.hadoop.hdds.scm.storage.ContainerProtocolCalls.readChunk(ContainerProtocolCalls.java:245)
	at org.apache.hadoop.hdds.scm.storage.ChunkInputStream.readChunk(ChunkInputStream.java:335)
	at org.apache.hadoop.hdds.scm.storage.ChunkInputStream.readChunkFromContainer(ChunkInputStream.java:307)
	at org.apache.hadoop.hdds.scm.storage.ChunkInputStream.prepareRead(ChunkInputStream.java:259)
	at org.apache.hadoop.hdds.scm.storage.ChunkInputStream.read(ChunkInputStream.java:144)
	at org.apache.hadoop.hdds.scm.storage.BlockInputStream.read(BlockInputStream.java:239)
	at org.apache.hadoop.ozone.client.io.KeyInputStream.read(KeyInputStream.java:171)
	at org.apache.hadoop.ozone.client.io.OzoneInputStream.read(OzoneInputStream.java:47)
	at java.io.InputStream.read(InputStream.java:101)
	at org.apache.hadoop.ozone.container.ContainerTestHelper.validateData(ContainerTestHelper.java:714)
	at org.apache.hadoop.ozone.client.rpc.TestBlockOutputStreamWithFailures.validateData(TestBlockOutputStreamWithFailures.java:1216)
	at org.apache.hadoop.ozone.client.rpc.TestBlockOutputStreamWithFailures.testFailureWithPrimeSizedData(TestBlockOutputStreamWithFailures.java:662)
	at sun.reflect.NativeMethodAccessorImpl.invoke0(Native Method)
	at sun.reflect.NativeMethodAccessorImpl.invoke(NativeMethodAccessorImpl.java:62)
	at sun.reflect.DelegatingMethodAccessorImpl.invoke(DelegatingMethodAccessorImpl.java:43)
	at java.lang.reflect.Method.invoke(Method.java:498)
	at org.junit.runners.model.FrameworkMethod$1.runReflectiveCall(FrameworkMethod.java:47)
	at org.junit.internal.runners.model.ReflectiveCallable.run(ReflectiveCallable.java:12)
	at org.junit.runners.model.FrameworkMethod.invokeExplosively(FrameworkMethod.java:44)
	at org.junit.internal.runners.statements.InvokeMethod.evaluate(InvokeMethod.java:17)
	at org.junit.internal.runners.statements.RunBefores.evaluate(RunBefores.java:26)
	at org.junit.internal.runners.statements.RunAfters.evaluate(RunAfters.java:27)
	at org.junit.runners.ParentRunner.runLeaf(ParentRunner.java:271)
	at org.junit.runners.BlockJUnit4ClassRunner.runChild(BlockJUnit4ClassRunner.java:70)
	at org.junit.runners.BlockJUnit4ClassRunner.runChild(BlockJUnit4ClassRunner.java:50)
	at org.junit.runners.ParentRunner$3.run(ParentRunner.java:238)
	at org.junit.runners.ParentRunner$1.schedule(ParentRunner.java:63)
	at org.junit.runners.ParentRunner.runChildren(ParentRunner.java:236)
	at org.junit.runners.ParentRunner.access$000(ParentRunner.java:53)
	at org.junit.runners.ParentRunner$2.evaluate(ParentRunner.java:229)
	at org.junit.runners.ParentRunner.run(ParentRunner.java:309)
	at org.apache.maven.surefire.junit4.JUnit4Provider.execute(JUnit4Provider.java:365)
	at org.apache.maven.surefire.junit4.JUnit4Provider.executeWithRerun(JUnit4Provider.java:273)
	at org.apache.maven.surefire.junit4.JUnit4Provider.executeTestSet(JUnit4Provider.java:238)
	at org.apache.maven.surefire.junit4.JUnit4Provider.invoke(JUnit4Provider.java:159)
	at org.apache.maven.surefire.booter.ForkedBooter.invokeProviderInSameClassLoader(ForkedBooter.java:384)
	at org.apache.maven.surefire.booter.ForkedBooter.runSuitesInProcess(ForkedBooter.java:345)
	at org.apache.maven.surefire.booter.ForkedBooter.execute(ForkedBooter.java:126)
	at org.apache.maven.surefire.booter.ForkedBooter.main(ForkedBooter.java:418)

Sep 10, 2019 5:39:16 AM org.apache.ratis.thirdparty.io.grpc.internal.ManagedChannelOrphanWrapper$ManagedChannelReference cleanQueue
SEVERE: *~*~*~ Channel ManagedChannelImpl{logId=3106, target=192.168.36.76:45373} was not shutdown properly!!! ~*~*~*
    Make sure to call shutdown()/shutdownNow() and wait until awaitTermination() returns true.
java.lang.RuntimeException: ManagedChannel allocation site
	at org.apache.ratis.thirdparty.io.grpc.internal.ManagedChannelOrphanWrapper$ManagedChannelReference.<init>(ManagedChannelOrphanWrapper.java:103)
	at org.apache.ratis.thirdparty.io.grpc.internal.ManagedChannelOrphanWrapper.<init>(ManagedChannelOrphanWrapper.java:53)
	at org.apache.ratis.thirdparty.io.grpc.internal.ManagedChannelOrphanWrapper.<init>(ManagedChannelOrphanWrapper.java:44)
	at org.apache.ratis.thirdparty.io.grpc.internal.AbstractManagedChannelImplBuilder.build(AbstractManagedChannelImplBuilder.java:411)
	at org.apache.ratis.grpc.client.GrpcClientProtocolClient.<init>(GrpcClientProtocolClient.java:127)
	at org.apache.ratis.grpc.client.GrpcClientRpc.lambda$new$0(GrpcClientRpc.java:55)
	at org.apache.ratis.util.PeerProxyMap$PeerAndProxy.lambda$getProxy$0(PeerProxyMap.java:61)
	at org.apache.ratis.util.LifeCycle.startAndTransition(LifeCycle.java:202)
	at org.apache.ratis.util.PeerProxyMap$PeerAndProxy.getProxy(PeerProxyMap.java:60)
	at org.apache.ratis.util.PeerProxyMap.getProxy(PeerProxyMap.java:108)
	at org.apache.ratis.grpc.client.GrpcClientRpc.sendRequestAsync(GrpcClientRpc.java:66)
	at org.apache.ratis.client.impl.OrderedAsync.sendRequest(OrderedAsync.java:208)
	at org.apache.ratis.client.impl.OrderedAsync.sendRequestWithRetry(OrderedAsync.java:169)
	at org.apache.ratis.util.SlidingWindow$Client.sendOrDelayRequest(SlidingWindow.java:278)
	at org.apache.ratis.util.SlidingWindow$Client.retry(SlidingWindow.java:294)
	at org.apache.ratis.client.impl.OrderedAsync.lambda$scheduleWithTimeout$7(OrderedAsync.java:195)
	at org.apache.ratis.util.TimeoutScheduler.lambda$onTimeout$0(TimeoutScheduler.java:113)
	at org.apache.ratis.util.TimeoutScheduler.lambda$onTimeout$1(TimeoutScheduler.java:133)
	at org.apache.ratis.util.LogUtils.runAndLog(LogUtils.java:50)
	at org.apache.ratis.util.LogUtils$1.run(LogUtils.java:91)
	at java.util.concurrent.Executors$RunnableAdapter.call(Executors.java:511)
	at java.util.concurrent.FutureTask.run(FutureTask.java:266)
	at java.util.concurrent.ScheduledThreadPoolExecutor$ScheduledFutureTask.access$201(ScheduledThreadPoolExecutor.java:180)
	at java.util.concurrent.ScheduledThreadPoolExecutor$ScheduledFutureTask.run(ScheduledThreadPoolExecutor.java:293)
	at java.util.concurrent.ThreadPoolExecutor.runWorker(ThreadPoolExecutor.java:1149)
	at java.util.concurrent.ThreadPoolExecutor$Worker.run(ThreadPoolExecutor.java:624)
	at java.lang.Thread.run(Thread.java:748)

Sep 10, 2019 5:39:30 AM org.apache.ratis.thirdparty.io.grpc.internal.SerializingExecutor run
SEVERE: Exception while executing runnable org.apache.ratis.thirdparty.io.grpc.internal.ServerImpl$JumpToApplicationThreadServerStreamListener$1Closed@4907c039
org.apache.ratis.thirdparty.io.grpc.StatusRuntimeException: CANCELLED: call already cancelled
	at org.apache.ratis.thirdparty.io.grpc.Status.asRuntimeException(Status.java:517)
	at org.apache.ratis.thirdparty.io.grpc.stub.ServerCalls$ServerCallStreamObserverImpl.onCompleted(ServerCalls.java:356)
	at org.apache.ratis.grpc.server.GrpcServerProtocolService$ServerRequestStreamObserver.onError(GrpcServerProtocolService.java:121)
	at org.apache.ratis.thirdparty.io.grpc.stub.ServerCalls$StreamingServerCallHandler$StreamingServerCallListener.onCancel(ServerCalls.java:269)
	at org.apache.ratis.thirdparty.io.grpc.internal.ServerCallImpl$ServerStreamListenerImpl.closed(ServerCallImpl.java:293)
	at org.apache.ratis.thirdparty.io.grpc.internal.ServerImpl$JumpToApplicationThreadServerStreamListener$1Closed.runInContext(ServerImpl.java:741)
	at org.apache.ratis.thirdparty.io.grpc.internal.ContextRunnable.run(ContextRunnable.java:37)
	at org.apache.ratis.thirdparty.io.grpc.internal.SerializingExecutor.run(SerializingExecutor.java:123)
	at java.util.concurrent.ThreadPoolExecutor.runWorker(ThreadPoolExecutor.java:1149)
	at java.util.concurrent.ThreadPoolExecutor$Worker.run(ThreadPoolExecutor.java:624)
	at java.lang.Thread.run(Thread.java:748)

Sep 10, 2019 5:39:30 AM org.apache.ratis.thirdparty.io.grpc.internal.SerializingExecutor run
SEVERE: Exception while executing runnable org.apache.ratis.thirdparty.io.grpc.internal.ServerImpl$JumpToApplicationThreadServerStreamListener$1Closed@2329c11
org.apache.ratis.thirdparty.io.grpc.StatusRuntimeException: CANCELLED: call already cancelled
	at org.apache.ratis.thirdparty.io.grpc.Status.asRuntimeException(Status.java:517)
	at org.apache.ratis.thirdparty.io.grpc.stub.ServerCalls$ServerCallStreamObserverImpl.onCompleted(ServerCalls.java:356)
	at org.apache.ratis.grpc.server.GrpcServerProtocolService$ServerRequestStreamObserver.onError(GrpcServerProtocolService.java:121)
	at org.apache.ratis.thirdparty.io.grpc.stub.ServerCalls$StreamingServerCallHandler$StreamingServerCallListener.onCancel(ServerCalls.java:269)
	at org.apache.ratis.thirdparty.io.grpc.internal.ServerCallImpl$ServerStreamListenerImpl.closed(ServerCallImpl.java:293)
	at org.apache.ratis.thirdparty.io.grpc.internal.ServerImpl$JumpToApplicationThreadServerStreamListener$1Closed.runInContext(ServerImpl.java:741)
	at org.apache.ratis.thirdparty.io.grpc.internal.ContextRunnable.run(ContextRunnable.java:37)
	at org.apache.ratis.thirdparty.io.grpc.internal.SerializingExecutor.run(SerializingExecutor.java:123)
	at java.util.concurrent.ThreadPoolExecutor.runWorker(ThreadPoolExecutor.java:1149)
	at java.util.concurrent.ThreadPoolExecutor$Worker.run(ThreadPoolExecutor.java:624)
	at java.lang.Thread.run(Thread.java:748)

]]></system-err>
  </testcase>
</testsuite>