<?xml version="1.0" encoding="UTF-8"?>
<testsuite xmlns:xsi="http://www.w3.org/2001/XMLSchema-instance" xsi:noNamespaceSchemaLocation="https://maven.apache.org/surefire/maven-surefire-plugin/xsd/surefire-test-report.xsd" name="org.apache.hadoop.ozone.container.common.statemachine.commandhandler.TestBlockDeletion" time="377.874" tests="1" errors="1" skipped="0" failures="0">
  <properties>
    <property name="awt.toolkit" value="sun.awt.X11.XToolkit"/>
    <property name="file.encoding.pkg" value="sun.io"/>
    <property name="java.specification.version" value="1.8"/>
    <property name="sun.cpu.isalist" value=""/>
    <property name="sun.jnu.encoding" value="UTF-8"/>
    <property name="java.class.path" value="/workdir/hadoop-ozone/integration-test/target/test-classes:/workdir/hadoop-ozone/integration-test/target/classes:/home/user/.m2/repository/org/apache/hadoop/hadoop-ozone-common/0.5.0-SNAPSHOT/hadoop-ozone-common-0.5.0-SNAPSHOT.jar:/home/user/.m2/repository/org/apache/commons/commons-compress/1.4.1/commons-compress-1.4.1.jar:/home/user/.m2/repository/org/tukaani/xz/1.0/xz-1.0.jar:/home/user/.m2/repository/org/apache/hadoop/hadoop-common/3.2.0/hadoop-common-3.2.0.jar:/home/user/.m2/repository/org/apache/hadoop/hadoop-hdfs/3.2.0/hadoop-hdfs-3.2.0.jar:/home/user/.m2/repository/org/apache/hadoop/hadoop-hdfs-client/3.2.0/hadoop-hdfs-client-3.2.0.jar:/home/user/.m2/repository/com/fasterxml/jackson/core/jackson-annotations/2.9.5/jackson-annotations-2.9.5.jar:/home/user/.m2/repository/org/apache/hadoop/hadoop-hdds-common/0.5.0-SNAPSHOT/hadoop-hdds-common-0.5.0-SNAPSHOT.jar:/home/user/.m2/repository/javax/annotation/javax.annotation-api/1.2/javax.annotation-api-1.2.jar:/home/user/.m2/repository/org/apache/ratis/ratis-server/0.4.0-78e95b9-SNAPSHOT/ratis-server-0.4.0-78e95b9-SNAPSHOT.jar:/home/user/.m2/repository/org/apache/ratis/ratis-thirdparty-misc/0.2.0/ratis-thirdparty-misc-0.2.0.jar:/home/user/.m2/repository/org/apache/ratis/ratis-proto/0.4.0-78e95b9-SNAPSHOT/ratis-proto-0.4.0-78e95b9-SNAPSHOT.jar:/home/user/.m2/repository/org/apache/ratis/ratis-common/0.4.0-78e95b9-SNAPSHOT/ratis-common-0.4.0-78e95b9-SNAPSHOT.jar:/home/user/.m2/repository/org/apache/ratis/ratis-client/0.4.0-78e95b9-SNAPSHOT/ratis-client-0.4.0-78e95b9-SNAPSHOT.jar:/home/user/.m2/repository/org/apache/ratis/ratis-metrics/0.4.0-78e95b9-SNAPSHOT/ratis-metrics-0.4.0-78e95b9-SNAPSHOT.jar:/home/user/.m2/repository/com/github/joshelser/dropwizard-metrics-hadoop-metrics2-reporter/0.1.2/dropwizard-metrics-hadoop-metrics2-reporter-0.1.2.jar:/home/user/.m2/repository/io/dropwizard/metrics/metrics-jvm/3.2.5/metrics-jvm-3.2.5.jar:/home/user/.m2/repository/io/dropwizard/metrics/metrics-ganglia/3.2.5/metrics-ganglia-3.2.5.jar:/home/user/.m2/repository/info/ganglia/gmetric4j/gmetric4j/1.0.7/gmetric4j-1.0.7.jar:/home/user/.m2/repository/org/apache/ratis/ratis-netty/0.4.0-78e95b9-SNAPSHOT/ratis-netty-0.4.0-78e95b9-SNAPSHOT.jar:/home/user/.m2/repository/org/apache/ratis/ratis-grpc/0.4.0-78e95b9-SNAPSHOT/ratis-grpc-0.4.0-78e95b9-SNAPSHOT.jar:/home/user/.m2/repository/org/rocksdb/rocksdbjni/6.0.1/rocksdbjni-6.0.1.jar:/home/user/.m2/repository/org/apache/logging/log4j/log4j-api/2.11.0/log4j-api-2.11.0.jar:/home/user/.m2/repository/org/apache/logging/log4j/log4j-core/2.11.0/log4j-core-2.11.0.jar:/home/user/.m2/repository/com/lmax/disruptor/3.4.2/disruptor-3.4.2.jar:/home/user/.m2/repository/org/apache/commons/commons-pool2/2.6.0/commons-pool2-2.6.0.jar:/home/user/.m2/repository/org/bouncycastle/bcpkix-jdk15on/1.60/bcpkix-jdk15on-1.60.jar:/home/user/.m2/repository/commons-validator/commons-validator/1.6/commons-validator-1.6.jar:/home/user/.m2/repository/commons-digester/commons-digester/1.8.1/commons-digester-1.8.1.jar:/home/user/.m2/repository/io/jaegertracing/jaeger-client/0.33.1/jaeger-client-0.33.1.jar:/home/user/.m2/repository/io/jaegertracing/jaeger-thrift/0.33.1/jaeger-thrift-0.33.1.jar:/home/user/.m2/repository/org/apache/thrift/libthrift/0.11.0/libthrift-0.11.0.jar:/home/user/.m2/repository/com/squareup/okhttp3/okhttp/3.9.0/okhttp-3.9.0.jar:/home/user/.m2/repository/com/squareup/okio/okio/1.13.0/okio-1.13.0.jar:/home/user/.m2/repository/io/jaegertracing/jaeger-core/0.33.1/jaeger-core-0.33.1.jar:/home/user/.m2/repository/io/jaegertracing/jaeger-tracerresolver/0.33.1/jaeger-tracerresolver-0.33.1.jar:/home/user/.m2/repository/io/opentracing/contrib/opentracing-tracerresolver/0.1.5/opentracing-tracerresolver-0.1.5.jar:/home/user/.m2/repository/io/opentracing/opentracing-util/0.31.0/opentracing-util-0.31.0.jar:/home/user/.m2/repository/io/opentracing/opentracing-api/0.31.0/opentracing-api-0.31.0.jar:/home/user/.m2/repository/io/opentracing/opentracing-noop/0.31.0/opentracing-noop-0.31.0.jar:/home/user/.m2/repository/org/apache/hadoop/hadoop-hdds-server-framework/0.5.0-SNAPSHOT/hadoop-hdds-server-framework-0.5.0-SNAPSHOT.jar:/home/user/.m2/repository/org/apache/hadoop/hadoop-hdds-container-service/0.5.0-SNAPSHOT/hadoop-hdds-container-service-0.5.0-SNAPSHOT.jar:/home/user/.m2/repository/org/apache/hadoop/hadoop-hdds-client/0.5.0-SNAPSHOT/hadoop-hdds-client-0.5.0-SNAPSHOT.jar:/home/user/.m2/repository/org/apache/hadoop/hadoop-hdds-tools/0.5.0-SNAPSHOT/hadoop-hdds-tools-0.5.0-SNAPSHOT.jar:/home/user/.m2/repository/org/apache/hadoop/hadoop-hdds-server-scm/0.5.0-SNAPSHOT/hadoop-hdds-server-scm-0.5.0-SNAPSHOT.jar:/home/user/.m2/repository/org/apache/hadoop/hadoop-hdds-docs/0.5.0-SNAPSHOT/hadoop-hdds-docs-0.5.0-SNAPSHOT.jar:/home/user/.m2/repository/io/dropwizard/metrics/metrics-core/3.2.4/metrics-core-3.2.4.jar:/home/user/.m2/repository/org/hamcrest/hamcrest-all/1.3/hamcrest-all-1.3.jar:/home/user/.m2/repository/org/bouncycastle/bcprov-jdk15on/1.60/bcprov-jdk15on-1.60.jar:/home/user/.m2/repository/info/picocli/picocli/3.9.6/picocli-3.9.6.jar:/home/user/.m2/repository/com/google/protobuf/protobuf-java/2.5.0/protobuf-java-2.5.0.jar:/home/user/.m2/repository/com/google/guava/guava/11.0.2/guava-11.0.2.jar:/home/user/.m2/repository/org/apache/hadoop/hadoop-ozone-ozone-manager/0.5.0-SNAPSHOT/hadoop-ozone-ozone-manager-0.5.0-SNAPSHOT.jar:/home/user/.m2/repository/org/apache/hadoop/hadoop-minikdc/3.2.0/hadoop-minikdc-3.2.0.jar:/home/user/.m2/repository/commons-io/commons-io/2.5/commons-io-2.5.jar:/home/user/.m2/repository/org/apache/kerby/kerb-simplekdc/1.0.1/kerb-simplekdc-1.0.1.jar:/home/user/.m2/repository/org/apache/kerby/kerb-client/1.0.1/kerb-client-1.0.1.jar:/home/user/.m2/repository/org/apache/kerby/kerby-config/1.0.1/kerby-config-1.0.1.jar:/home/user/.m2/repository/org/apache/kerby/kerb-core/1.0.1/kerb-core-1.0.1.jar:/home/user/.m2/repository/org/apache/kerby/kerby-pkix/1.0.1/kerby-pkix-1.0.1.jar:/home/user/.m2/repository/org/apache/kerby/kerby-asn1/1.0.1/kerby-asn1-1.0.1.jar:/home/user/.m2/repository/org/apache/kerby/kerby-util/1.0.1/kerby-util-1.0.1.jar:/home/user/.m2/repository/org/apache/kerby/kerb-common/1.0.1/kerb-common-1.0.1.jar:/home/user/.m2/repository/org/apache/kerby/kerb-crypto/1.0.1/kerb-crypto-1.0.1.jar:/home/user/.m2/repository/org/apache/kerby/kerb-util/1.0.1/kerb-util-1.0.1.jar:/home/user/.m2/repository/org/apache/kerby/token-provider/1.0.1/token-provider-1.0.1.jar:/home/user/.m2/repository/org/apache/kerby/kerb-admin/1.0.1/kerb-admin-1.0.1.jar:/home/user/.m2/repository/org/apache/kerby/kerb-server/1.0.1/kerb-server-1.0.1.jar:/home/user/.m2/repository/org/apache/kerby/kerb-identity/1.0.1/kerb-identity-1.0.1.jar:/home/user/.m2/repository/org/apache/kerby/kerby-xdr/1.0.1/kerby-xdr-1.0.1.jar:/home/user/.m2/repository/org/slf4j/slf4j-log4j12/1.7.25/slf4j-log4j12-1.7.25.jar:/home/user/.m2/repository/org/apache/hadoop/hadoop-ozone-s3gateway/0.5.0-SNAPSHOT/hadoop-ozone-s3gateway-0.5.0-SNAPSHOT.jar:/home/user/.m2/repository/org/jboss/weld/servlet/weld-servlet/2.4.7.Final/weld-servlet-2.4.7.Final.jar:/home/user/.m2/repository/org/glassfish/jersey/containers/jersey-container-servlet-core/2.27/jersey-container-servlet-core-2.27.jar:/home/user/.m2/repository/org/glassfish/hk2/external/javax.inject/2.5.0-b42/javax.inject-2.5.0-b42.jar:/home/user/.m2/repository/org/glassfish/jersey/core/jersey-common/2.27/jersey-common-2.27.jar:/home/user/.m2/repository/org/glassfish/hk2/osgi-resource-locator/1.0.1/osgi-resource-locator-1.0.1.jar:/home/user/.m2/repository/javax/ws/rs/javax.ws.rs-api/2.1/javax.ws.rs-api-2.1.jar:/home/user/.m2/repository/org/glassfish/jersey/ext/cdi/jersey-cdi1x/2.27/jersey-cdi1x-2.27.jar:/home/user/.m2/repository/org/glassfish/jersey/inject/jersey-hk2/2.27/jersey-hk2-2.27.jar:/home/user/.m2/repository/org/glassfish/hk2/hk2-locator/2.5.0-b42/hk2-locator-2.5.0-b42.jar:/home/user/.m2/repository/org/javassist/javassist/3.22.0-CR2/javassist-3.22.0-CR2.jar:/home/user/.m2/repository/org/glassfish/hk2/hk2-api/2.5.0/hk2-api-2.5.0.jar:/home/user/.m2/repository/org/glassfish/hk2/external/jakarta.inject/2.5.0/jakarta.inject-2.5.0.jar:/home/user/.m2/repository/org/glassfish/hk2/hk2-utils/2.5.0/hk2-utils-2.5.0.jar:/home/user/.m2/repository/jakarta/annotation/jakarta.annotation-api/1.3.4/jakarta.annotation-api-1.3.4.jar:/home/user/.m2/repository/org/glassfish/hk2/external/aopalliance-repackaged/2.5.0/aopalliance-repackaged-2.5.0.jar:/home/user/.m2/repository/com/fasterxml/jackson/dataformat/jackson-dataformat-xml/2.9.0/jackson-dataformat-xml-2.9.0.jar:/home/user/.m2/repository/com/fasterxml/jackson/core/jackson-core/2.9.5/jackson-core-2.9.5.jar:/home/user/.m2/repository/com/fasterxml/jackson/module/jackson-module-jaxb-annotations/2.9.5/jackson-module-jaxb-annotations-2.9.5.jar:/home/user/.m2/repository/javax/enterprise/cdi-api/1.2/cdi-api-1.2.jar:/home/user/.m2/repository/javax/el/javax.el-api/3.0.0/javax.el-api-3.0.0.jar:/home/user/.m2/repository/javax/interceptor/javax.interceptor-api/1.2/javax.interceptor-api-1.2.jar:/home/user/.m2/repository/javax/inject/javax.inject/1/javax.inject-1.jar:/home/user/.m2/repository/com/sun/xml/bind/jaxb-impl/2.3.0.1/jaxb-impl-2.3.0.1.jar:/home/user/.m2/repository/com/sun/xml/bind/jaxb-core/2.3.0.1/jaxb-core-2.3.0.1.jar:/home/user/.m2/repository/javax/xml/bind/jaxb-api/2.3.0/jaxb-api-2.3.0.jar:/home/user/.m2/repository/javax/activation/activation/1.1.1/activation-1.1.1.jar:/home/user/.m2/repository/org/apache/hadoop/hadoop-ozone-csi/0.5.0-SNAPSHOT/hadoop-ozone-csi-0.5.0-SNAPSHOT.jar:/home/user/.m2/repository/com/google/protobuf/protobuf-java-util/3.5.1/protobuf-java-util-3.5.1.jar:/home/user/.m2/repository/org/apache/hadoop/hadoop-hdds-config/0.5.0-SNAPSHOT/hadoop-hdds-config-0.5.0-SNAPSHOT.jar:/home/user/.m2/repository/io/grpc/grpc-netty/1.17.1/grpc-netty-1.17.1.jar:/home/user/.m2/repository/io/grpc/grpc-core/1.17.1/grpc-core-1.17.1.jar:/home/user/.m2/repository/io/grpc/grpc-context/1.17.1/grpc-context-1.17.1.jar:/home/user/.m2/repository/com/google/errorprone/error_prone_annotations/2.2.0/error_prone_annotations-2.2.0.jar:/home/user/.m2/repository/org/codehaus/mojo/animal-sniffer-annotations/1.17/animal-sniffer-annotations-1.17.jar:/home/user/.m2/repository/io/opencensus/opencensus-api/0.17.0/opencensus-api-0.17.0.jar:/home/user/.m2/repository/io/opencensus/opencensus-contrib-grpc-metrics/0.17.0/opencensus-contrib-grpc-metrics-0.17.0.jar:/home/user/.m2/repository/io/netty/netty-codec-http2/4.1.30.Final/netty-codec-http2-4.1.30.Final.jar:/home/user/.m2/repository/io/netty/netty-codec-http/4.1.30.Final/netty-codec-http-4.1.30.Final.jar:/home/user/.m2/repository/io/netty/netty-codec/4.1.30.Final/netty-codec-4.1.30.Final.jar:/home/user/.m2/repository/io/netty/netty-handler/4.1.30.Final/netty-handler-4.1.30.Final.jar:/home/user/.m2/repository/io/netty/netty-handler-proxy/4.1.30.Final/netty-handler-proxy-4.1.30.Final.jar:/home/user/.m2/repository/io/netty/netty-codec-socks/4.1.30.Final/netty-codec-socks-4.1.30.Final.jar:/home/user/.m2/repository/io/netty/netty-transport-native-epoll/4.1.30.Final/netty-transport-native-epoll-4.1.30.Final.jar:/home/user/.m2/repository/io/netty/netty-common/4.1.30.Final/netty-common-4.1.30.Final.jar:/home/user/.m2/repository/io/netty/netty-buffer/4.1.30.Final/netty-buffer-4.1.30.Final.jar:/home/user/.m2/repository/io/netty/netty-transport/4.1.30.Final/netty-transport-4.1.30.Final.jar:/home/user/.m2/repository/io/netty/netty-resolver/4.1.30.Final/netty-resolver-4.1.30.Final.jar:/home/user/.m2/repository/io/netty/netty-transport-native-unix-common/4.1.30.Final/netty-transport-native-unix-common-4.1.30.Final.jar:/home/user/.m2/repository/io/grpc/grpc-protobuf/1.17.1/grpc-protobuf-1.17.1.jar:/home/user/.m2/repository/com/google/api/grpc/proto-google-common-protos/1.0.0/proto-google-common-protos-1.0.0.jar:/home/user/.m2/repository/io/grpc/grpc-protobuf-lite/1.17.1/grpc-protobuf-lite-1.17.1.jar:/home/user/.m2/repository/io/grpc/grpc-stub/1.17.1/grpc-stub-1.17.1.jar:/home/user/.m2/repository/org/apache/hadoop/hadoop-ozone-recon/0.5.0-SNAPSHOT/hadoop-ozone-recon-0.5.0-SNAPSHOT.jar:/home/user/.m2/repository/org/apache/hadoop/hadoop-ozone-reconcodegen/0.5.0-SNAPSHOT/hadoop-ozone-reconcodegen-0.5.0-SNAPSHOT.jar:/home/user/.m2/repository/com/google/inject/extensions/guice-multibindings/4.0/guice-multibindings-4.0.jar:/home/user/.m2/repository/com/google/inject/guice/4.0/guice-4.0.jar:/home/user/.m2/repository/aopalliance/aopalliance/1.0/aopalliance-1.0.jar:/home/user/.m2/repository/com/google/inject/extensions/guice-servlet/4.0/guice-servlet-4.0.jar:/home/user/.m2/repository/org/glassfish/jersey/containers/jersey-container-servlet/2.27/jersey-container-servlet-2.27.jar:/home/user/.m2/repository/org/glassfish/hk2/guice-bridge/2.5.0/guice-bridge-2.5.0.jar:/home/user/.m2/repository/org/glassfish/jersey/core/jersey-server/2.27/jersey-server-2.27.jar:/home/user/.m2/repository/org/glassfish/jersey/core/jersey-client/2.27/jersey-client-2.27.jar:/home/user/.m2/repository/org/glassfish/jersey/media/jersey-media-jaxb/2.27/jersey-media-jaxb-2.27.jar:/home/user/.m2/repository/javax/validation/validation-api/1.1.0.Final/validation-api-1.1.0.Final.jar:/home/user/.m2/repository/org/glassfish/jersey/media/jersey-media-json-jackson/2.27/jersey-media-json-jackson-2.27.jar:/home/user/.m2/repository/org/glassfish/jersey/ext/jersey-entity-filtering/2.27/jersey-entity-filtering-2.27.jar:/home/user/.m2/repository/com/google/inject/extensions/guice-assistedinject/4.0/guice-assistedinject-4.0.jar:/home/user/.m2/repository/org/jooq/jooq/3.11.10/jooq-3.11.10.jar:/home/user/.m2/repository/org/jooq/jooq-meta/3.11.10/jooq-meta-3.11.10.jar:/home/user/.m2/repository/org/jooq/jooq-codegen/3.11.10/jooq-codegen-3.11.10.jar:/home/user/.m2/repository/com/jolbox/bonecp/0.8.0.RELEASE/bonecp-0.8.0.RELEASE.jar:/home/user/.m2/repository/org/xerial/sqlite-jdbc/3.25.2/sqlite-jdbc-3.25.2.jar:/home/user/.m2/repository/org/springframework/spring-jdbc/5.1.3.RELEASE/spring-jdbc-5.1.3.RELEASE.jar:/home/user/.m2/repository/org/springframework/spring-beans/5.1.3.RELEASE/spring-beans-5.1.3.RELEASE.jar:/home/user/.m2/repository/org/springframework/spring-core/5.1.3.RELEASE/spring-core-5.1.3.RELEASE.jar:/home/user/.m2/repository/org/springframework/spring-jcl/5.1.3.RELEASE/spring-jcl-5.1.3.RELEASE.jar:/home/user/.m2/repository/org/springframework/spring-tx/5.1.3.RELEASE/spring-tx-5.1.3.RELEASE.jar:/home/user/.m2/repository/org/apache/hadoop/hadoop-ozone-client/0.5.0-SNAPSHOT/hadoop-ozone-client-0.5.0-SNAPSHOT.jar:/home/user/.m2/repository/commons-lang/commons-lang/2.6/commons-lang-2.6.jar:/home/user/.m2/repository/org/apache/hadoop/hadoop-ozone-ozone-manager/0.5.0-SNAPSHOT/hadoop-ozone-ozone-manager-0.5.0-SNAPSHOT-tests.jar:/home/user/.m2/repository/junit/junit/4.11/junit-4.11.jar:/home/user/.m2/repository/org/hamcrest/hamcrest-core/1.3/hamcrest-core-1.3.jar:/home/user/.m2/repository/org/openjdk/jmh/jmh-core/1.19/jmh-core-1.19.jar:/home/user/.m2/repository/net/sf/jopt-simple/jopt-simple/4.6/jopt-simple-4.6.jar:/home/user/.m2/repository/org/apache/commons/commons-math3/3.1.1/commons-math3-3.1.1.jar:/home/user/.m2/repository/org/openjdk/jmh/jmh-generator-annprocess/1.19/jmh-generator-annprocess-1.19.jar:/home/user/.m2/repository/org/mockito/mockito-all/1.8.5/mockito-all-1.8.5.jar:/home/user/.m2/repository/org/apache/hadoop/hadoop-kms/3.2.0/hadoop-kms-3.2.0.jar:/home/user/.m2/repository/org/apache/hadoop/hadoop-auth/3.2.0/hadoop-auth-3.2.0.jar:/home/user/.m2/repository/com/nimbusds/nimbus-jose-jwt/4.41.1/nimbus-jose-jwt-4.41.1.jar:/home/user/.m2/repository/com/github/stephenc/jcip/jcip-annotations/1.0-1/jcip-annotations-1.0-1.jar:/home/user/.m2/repository/net/minidev/json-smart/2.3/json-smart-2.3.jar:/home/user/.m2/repository/net/minidev/accessors-smart/1.2/accessors-smart-1.2.jar:/home/user/.m2/repository/org/ow2/asm/asm/5.0.4/asm-5.0.4.jar:/home/user/.m2/repository/org/apache/curator/curator-framework/2.12.0/curator-framework-2.12.0.jar:/home/user/.m2/repository/com/sun/jersey/jersey-core/1.19/jersey-core-1.19.jar:/home/user/.m2/repository/javax/ws/rs/jsr311-api/1.1.1/jsr311-api-1.1.1.jar:/home/user/.m2/repository/com/sun/jersey/jersey-server/1.19/jersey-server-1.19.jar:/home/user/.m2/repository/javax/servlet/javax.servlet-api/3.1.0/javax.servlet-api-3.1.0.jar:/home/user/.m2/repository/org/eclipse/jetty/jetty-server/9.3.24.v20180605/jetty-server-9.3.24.v20180605.jar:/home/user/.m2/repository/org/eclipse/jetty/jetty-http/9.3.24.v20180605/jetty-http-9.3.24.v20180605.jar:/home/user/.m2/repository/org/eclipse/jetty/jetty-io/9.3.24.v20180605/jetty-io-9.3.24.v20180605.jar:/home/user/.m2/repository/org/eclipse/jetty/jetty-webapp/9.3.24.v20180605/jetty-webapp-9.3.24.v20180605.jar:/home/user/.m2/repository/org/eclipse/jetty/jetty-xml/9.3.24.v20180605/jetty-xml-9.3.24.v20180605.jar:/home/user/.m2/repository/log4j/log4j/1.2.17/log4j-1.2.17.jar:/home/user/.m2/repository/org/slf4j/slf4j-api/1.7.25/slf4j-api-1.7.25.jar:/home/user/.m2/repository/org/slf4j/jul-to-slf4j/1.7.25/jul-to-slf4j-1.7.25.jar:/home/user/.m2/repository/org/eclipse/jetty/jetty-util/9.3.24.v20180605/jetty-util-9.3.24.v20180605.jar:/home/user/.m2/repository/com/fasterxml/jackson/core/jackson-databind/2.9.5/jackson-databind-2.9.5.jar:/home/user/.m2/repository/org/apache/hadoop/hadoop-kms/3.2.0/hadoop-kms-3.2.0-tests.jar:/home/user/.m2/repository/org/apache/hadoop/hadoop-hdds-server-scm/0.5.0-SNAPSHOT/hadoop-hdds-server-scm-0.5.0-SNAPSHOT-tests.jar:/home/user/.m2/repository/org/apache/hadoop/hadoop-hdds-container-service/0.5.0-SNAPSHOT/hadoop-hdds-container-service-0.5.0-SNAPSHOT-tests.jar:/home/user/.m2/repository/org/yaml/snakeyaml/1.16/snakeyaml-1.16.jar:/home/user/.m2/repository/org/apache/hadoop/hadoop-common/3.2.0/hadoop-common-3.2.0-tests.jar:/home/user/.m2/repository/org/apache/hadoop/hadoop-annotations/3.2.0/hadoop-annotations-3.2.0.jar:/usr/lib/jvm/java-1.8-openjdk/jre/../lib/tools.jar:/home/user/.m2/repository/commons-cli/commons-cli/1.2/commons-cli-1.2.jar:/home/user/.m2/repository/org/apache/httpcomponents/httpclient/4.5.2/httpclient-4.5.2.jar:/home/user/.m2/repository/org/apache/httpcomponents/httpcore/4.4.4/httpcore-4.4.4.jar:/home/user/.m2/repository/commons-codec/commons-codec/1.11/commons-codec-1.11.jar:/home/user/.m2/repository/commons-net/commons-net/3.6/commons-net-3.6.jar:/home/user/.m2/repository/commons-collections/commons-collections/3.2.2/commons-collections-3.2.2.jar:/home/user/.m2/repository/org/eclipse/jetty/jetty-servlet/9.3.24.v20180605/jetty-servlet-9.3.24.v20180605.jar:/home/user/.m2/repository/org/eclipse/jetty/jetty-security/9.3.24.v20180605/jetty-security-9.3.24.v20180605.jar:/home/user/.m2/repository/javax/servlet/jsp/jsp-api/2.1/jsp-api-2.1.jar:/home/user/.m2/repository/com/sun/jersey/jersey-servlet/1.19/jersey-servlet-1.19.jar:/home/user/.m2/repository/com/sun/jersey/jersey-json/1.19/jersey-json-1.19.jar:/home/user/.m2/repository/org/codehaus/jettison/jettison/1.1/jettison-1.1.jar:/home/user/.m2/repository/org/codehaus/jackson/jackson-core-asl/1.9.13/jackson-core-asl-1.9.13.jar:/home/user/.m2/repository/org/codehaus/jackson/jackson-mapper-asl/1.9.13/jackson-mapper-asl-1.9.13.jar:/home/user/.m2/repository/org/codehaus/jackson/jackson-jaxrs/1.9.13/jackson-jaxrs-1.9.13.jar:/home/user/.m2/repository/org/codehaus/jackson/jackson-xc/1.9.13/jackson-xc-1.9.13.jar:/home/user/.m2/repository/commons-logging/commons-logging/1.1.3/commons-logging-1.1.3.jar:/home/user/.m2/repository/commons-beanutils/commons-beanutils/1.9.3/commons-beanutils-1.9.3.jar:/home/user/.m2/repository/org/apache/commons/commons-configuration2/2.1.1/commons-configuration2-2.1.1.jar:/home/user/.m2/repository/org/apache/commons/commons-lang3/3.7/commons-lang3-3.7.jar:/home/user/.m2/repository/org/apache/commons/commons-text/1.4/commons-text-1.4.jar:/home/user/.m2/repository/org/apache/avro/avro/1.7.7/avro-1.7.7.jar:/home/user/.m2/repository/com/thoughtworks/paranamer/paranamer/2.3/paranamer-2.3.jar:/home/user/.m2/repository/org/xerial/snappy/snappy-java/1.0.5/snappy-java-1.0.5.jar:/home/user/.m2/repository/com/google/re2j/re2j/1.1/re2j-1.1.jar:/home/user/.m2/repository/com/google/code/gson/gson/2.2.4/gson-2.2.4.jar:/home/user/.m2/repository/com/jcraft/jsch/0.1.54/jsch-0.1.54.jar:/home/user/.m2/repository/org/apache/curator/curator-client/2.12.0/curator-client-2.12.0.jar:/home/user/.m2/repository/org/apache/curator/curator-recipes/2.12.0/curator-recipes-2.12.0.jar:/home/user/.m2/repository/com/google/code/findbugs/jsr305/3.0.0/jsr305-3.0.0.jar:/home/user/.m2/repository/org/apache/htrace/htrace-core4/4.1.0-incubating/htrace-core4-4.1.0-incubating.jar:/home/user/.m2/repository/org/apache/zookeeper/zookeeper/3.4.13/zookeeper-3.4.13.jar:/home/user/.m2/repository/org/apache/yetus/audience-annotations/0.5.0/audience-annotations-0.5.0.jar:/home/user/.m2/repository/org/codehaus/woodstox/stax2-api/3.1.4/stax2-api-3.1.4.jar:/home/user/.m2/repository/com/fasterxml/woodstox/woodstox-core/5.0.3/woodstox-core-5.0.3.jar:/home/user/.m2/repository/dnsjava/dnsjava/2.1.7/dnsjava-2.1.7.jar:/home/user/.m2/repository/org/apache/hadoop/hadoop-hdfs/3.2.0/hadoop-hdfs-3.2.0-tests.jar:/home/user/.m2/repository/org/eclipse/jetty/jetty-util-ajax/9.3.24.v20180605/jetty-util-ajax-9.3.24.v20180605.jar:/home/user/.m2/repository/commons-daemon/commons-daemon/1.0.13/commons-daemon-1.0.13.jar:/home/user/.m2/repository/io/netty/netty/3.10.5.Final/netty-3.10.5.Final.jar:/home/user/.m2/repository/io/netty/netty-all/4.0.52.Final/netty-all-4.0.52.Final.jar:/home/user/.m2/repository/org/fusesource/leveldbjni/leveldbjni-all/1.8/leveldbjni-all-1.8.jar:"/>
    <property name="java.vm.vendor" value="IcedTea"/>
    <property name="sun.arch.data.model" value="64"/>
    <property name="test.build.dir" value="/workdir/hadoop-ozone/integration-test/target/test-dir"/>
    <property name="test.cache.data" value=""/>
    <property name="java.vendor.url" value="https://icedtea.classpath.org"/>
    <property name="user.timezone" value=""/>
    <property name="java.vm.specification.version" value="1.8"/>
    <property name="os.name" value="Linux"/>
    <property name="test.build.data" value="/workdir/hadoop-ozone/integration-test/target/test-dir"/>
    <property name="user.country" value="US"/>
    <property name="sun.java.launcher" value="SUN_STANDARD"/>
    <property name="sun.boot.library.path" value="/usr/lib/jvm/java-1.8-openjdk/jre/lib/amd64"/>
    <property name="sun.java.command" value="/workdir/hadoop-ozone/integration-test/target/surefire/surefirebooter4628056630599913970.jar /workdir/hadoop-ozone/integration-test/target/surefire 2019-09-10T05-13-10_557-jvmRun1 surefire7934445918035685379tmp surefire_817021948413275275044tmp"/>
    <property name="test" value="!TestMiniChaosOzoneCluster"/>
    <property name="surefire.test.class.path" value="/workdir/hadoop-ozone/integration-test/target/test-classes:/workdir/hadoop-ozone/integration-test/target/classes:/home/user/.m2/repository/org/apache/hadoop/hadoop-ozone-common/0.5.0-SNAPSHOT/hadoop-ozone-common-0.5.0-SNAPSHOT.jar:/home/user/.m2/repository/org/apache/commons/commons-compress/1.4.1/commons-compress-1.4.1.jar:/home/user/.m2/repository/org/tukaani/xz/1.0/xz-1.0.jar:/home/user/.m2/repository/org/apache/hadoop/hadoop-common/3.2.0/hadoop-common-3.2.0.jar:/home/user/.m2/repository/org/apache/hadoop/hadoop-hdfs/3.2.0/hadoop-hdfs-3.2.0.jar:/home/user/.m2/repository/org/apache/hadoop/hadoop-hdfs-client/3.2.0/hadoop-hdfs-client-3.2.0.jar:/home/user/.m2/repository/com/fasterxml/jackson/core/jackson-annotations/2.9.5/jackson-annotations-2.9.5.jar:/home/user/.m2/repository/org/apache/hadoop/hadoop-hdds-common/0.5.0-SNAPSHOT/hadoop-hdds-common-0.5.0-SNAPSHOT.jar:/home/user/.m2/repository/javax/annotation/javax.annotation-api/1.2/javax.annotation-api-1.2.jar:/home/user/.m2/repository/org/apache/ratis/ratis-server/0.4.0-78e95b9-SNAPSHOT/ratis-server-0.4.0-78e95b9-SNAPSHOT.jar:/home/user/.m2/repository/org/apache/ratis/ratis-thirdparty-misc/0.2.0/ratis-thirdparty-misc-0.2.0.jar:/home/user/.m2/repository/org/apache/ratis/ratis-proto/0.4.0-78e95b9-SNAPSHOT/ratis-proto-0.4.0-78e95b9-SNAPSHOT.jar:/home/user/.m2/repository/org/apache/ratis/ratis-common/0.4.0-78e95b9-SNAPSHOT/ratis-common-0.4.0-78e95b9-SNAPSHOT.jar:/home/user/.m2/repository/org/apache/ratis/ratis-client/0.4.0-78e95b9-SNAPSHOT/ratis-client-0.4.0-78e95b9-SNAPSHOT.jar:/home/user/.m2/repository/org/apache/ratis/ratis-metrics/0.4.0-78e95b9-SNAPSHOT/ratis-metrics-0.4.0-78e95b9-SNAPSHOT.jar:/home/user/.m2/repository/com/github/joshelser/dropwizard-metrics-hadoop-metrics2-reporter/0.1.2/dropwizard-metrics-hadoop-metrics2-reporter-0.1.2.jar:/home/user/.m2/repository/io/dropwizard/metrics/metrics-jvm/3.2.5/metrics-jvm-3.2.5.jar:/home/user/.m2/repository/io/dropwizard/metrics/metrics-ganglia/3.2.5/metrics-ganglia-3.2.5.jar:/home/user/.m2/repository/info/ganglia/gmetric4j/gmetric4j/1.0.7/gmetric4j-1.0.7.jar:/home/user/.m2/repository/org/apache/ratis/ratis-netty/0.4.0-78e95b9-SNAPSHOT/ratis-netty-0.4.0-78e95b9-SNAPSHOT.jar:/home/user/.m2/repository/org/apache/ratis/ratis-grpc/0.4.0-78e95b9-SNAPSHOT/ratis-grpc-0.4.0-78e95b9-SNAPSHOT.jar:/home/user/.m2/repository/org/rocksdb/rocksdbjni/6.0.1/rocksdbjni-6.0.1.jar:/home/user/.m2/repository/org/apache/logging/log4j/log4j-api/2.11.0/log4j-api-2.11.0.jar:/home/user/.m2/repository/org/apache/logging/log4j/log4j-core/2.11.0/log4j-core-2.11.0.jar:/home/user/.m2/repository/com/lmax/disruptor/3.4.2/disruptor-3.4.2.jar:/home/user/.m2/repository/org/apache/commons/commons-pool2/2.6.0/commons-pool2-2.6.0.jar:/home/user/.m2/repository/org/bouncycastle/bcpkix-jdk15on/1.60/bcpkix-jdk15on-1.60.jar:/home/user/.m2/repository/commons-validator/commons-validator/1.6/commons-validator-1.6.jar:/home/user/.m2/repository/commons-digester/commons-digester/1.8.1/commons-digester-1.8.1.jar:/home/user/.m2/repository/io/jaegertracing/jaeger-client/0.33.1/jaeger-client-0.33.1.jar:/home/user/.m2/repository/io/jaegertracing/jaeger-thrift/0.33.1/jaeger-thrift-0.33.1.jar:/home/user/.m2/repository/org/apache/thrift/libthrift/0.11.0/libthrift-0.11.0.jar:/home/user/.m2/repository/com/squareup/okhttp3/okhttp/3.9.0/okhttp-3.9.0.jar:/home/user/.m2/repository/com/squareup/okio/okio/1.13.0/okio-1.13.0.jar:/home/user/.m2/repository/io/jaegertracing/jaeger-core/0.33.1/jaeger-core-0.33.1.jar:/home/user/.m2/repository/io/jaegertracing/jaeger-tracerresolver/0.33.1/jaeger-tracerresolver-0.33.1.jar:/home/user/.m2/repository/io/opentracing/contrib/opentracing-tracerresolver/0.1.5/opentracing-tracerresolver-0.1.5.jar:/home/user/.m2/repository/io/opentracing/opentracing-util/0.31.0/opentracing-util-0.31.0.jar:/home/user/.m2/repository/io/opentracing/opentracing-api/0.31.0/opentracing-api-0.31.0.jar:/home/user/.m2/repository/io/opentracing/opentracing-noop/0.31.0/opentracing-noop-0.31.0.jar:/home/user/.m2/repository/org/apache/hadoop/hadoop-hdds-server-framework/0.5.0-SNAPSHOT/hadoop-hdds-server-framework-0.5.0-SNAPSHOT.jar:/home/user/.m2/repository/org/apache/hadoop/hadoop-hdds-container-service/0.5.0-SNAPSHOT/hadoop-hdds-container-service-0.5.0-SNAPSHOT.jar:/home/user/.m2/repository/org/apache/hadoop/hadoop-hdds-client/0.5.0-SNAPSHOT/hadoop-hdds-client-0.5.0-SNAPSHOT.jar:/home/user/.m2/repository/org/apache/hadoop/hadoop-hdds-tools/0.5.0-SNAPSHOT/hadoop-hdds-tools-0.5.0-SNAPSHOT.jar:/home/user/.m2/repository/org/apache/hadoop/hadoop-hdds-server-scm/0.5.0-SNAPSHOT/hadoop-hdds-server-scm-0.5.0-SNAPSHOT.jar:/home/user/.m2/repository/org/apache/hadoop/hadoop-hdds-docs/0.5.0-SNAPSHOT/hadoop-hdds-docs-0.5.0-SNAPSHOT.jar:/home/user/.m2/repository/io/dropwizard/metrics/metrics-core/3.2.4/metrics-core-3.2.4.jar:/home/user/.m2/repository/org/hamcrest/hamcrest-all/1.3/hamcrest-all-1.3.jar:/home/user/.m2/repository/org/bouncycastle/bcprov-jdk15on/1.60/bcprov-jdk15on-1.60.jar:/home/user/.m2/repository/info/picocli/picocli/3.9.6/picocli-3.9.6.jar:/home/user/.m2/repository/com/google/protobuf/protobuf-java/2.5.0/protobuf-java-2.5.0.jar:/home/user/.m2/repository/com/google/guava/guava/11.0.2/guava-11.0.2.jar:/home/user/.m2/repository/org/apache/hadoop/hadoop-ozone-ozone-manager/0.5.0-SNAPSHOT/hadoop-ozone-ozone-manager-0.5.0-SNAPSHOT.jar:/home/user/.m2/repository/org/apache/hadoop/hadoop-minikdc/3.2.0/hadoop-minikdc-3.2.0.jar:/home/user/.m2/repository/commons-io/commons-io/2.5/commons-io-2.5.jar:/home/user/.m2/repository/org/apache/kerby/kerb-simplekdc/1.0.1/kerb-simplekdc-1.0.1.jar:/home/user/.m2/repository/org/apache/kerby/kerb-client/1.0.1/kerb-client-1.0.1.jar:/home/user/.m2/repository/org/apache/kerby/kerby-config/1.0.1/kerby-config-1.0.1.jar:/home/user/.m2/repository/org/apache/kerby/kerb-core/1.0.1/kerb-core-1.0.1.jar:/home/user/.m2/repository/org/apache/kerby/kerby-pkix/1.0.1/kerby-pkix-1.0.1.jar:/home/user/.m2/repository/org/apache/kerby/kerby-asn1/1.0.1/kerby-asn1-1.0.1.jar:/home/user/.m2/repository/org/apache/kerby/kerby-util/1.0.1/kerby-util-1.0.1.jar:/home/user/.m2/repository/org/apache/kerby/kerb-common/1.0.1/kerb-common-1.0.1.jar:/home/user/.m2/repository/org/apache/kerby/kerb-crypto/1.0.1/kerb-crypto-1.0.1.jar:/home/user/.m2/repository/org/apache/kerby/kerb-util/1.0.1/kerb-util-1.0.1.jar:/home/user/.m2/repository/org/apache/kerby/token-provider/1.0.1/token-provider-1.0.1.jar:/home/user/.m2/repository/org/apache/kerby/kerb-admin/1.0.1/kerb-admin-1.0.1.jar:/home/user/.m2/repository/org/apache/kerby/kerb-server/1.0.1/kerb-server-1.0.1.jar:/home/user/.m2/repository/org/apache/kerby/kerb-identity/1.0.1/kerb-identity-1.0.1.jar:/home/user/.m2/repository/org/apache/kerby/kerby-xdr/1.0.1/kerby-xdr-1.0.1.jar:/home/user/.m2/repository/org/slf4j/slf4j-log4j12/1.7.25/slf4j-log4j12-1.7.25.jar:/home/user/.m2/repository/org/apache/hadoop/hadoop-ozone-s3gateway/0.5.0-SNAPSHOT/hadoop-ozone-s3gateway-0.5.0-SNAPSHOT.jar:/home/user/.m2/repository/org/jboss/weld/servlet/weld-servlet/2.4.7.Final/weld-servlet-2.4.7.Final.jar:/home/user/.m2/repository/org/glassfish/jersey/containers/jersey-container-servlet-core/2.27/jersey-container-servlet-core-2.27.jar:/home/user/.m2/repository/org/glassfish/hk2/external/javax.inject/2.5.0-b42/javax.inject-2.5.0-b42.jar:/home/user/.m2/repository/org/glassfish/jersey/core/jersey-common/2.27/jersey-common-2.27.jar:/home/user/.m2/repository/org/glassfish/hk2/osgi-resource-locator/1.0.1/osgi-resource-locator-1.0.1.jar:/home/user/.m2/repository/javax/ws/rs/javax.ws.rs-api/2.1/javax.ws.rs-api-2.1.jar:/home/user/.m2/repository/org/glassfish/jersey/ext/cdi/jersey-cdi1x/2.27/jersey-cdi1x-2.27.jar:/home/user/.m2/repository/org/glassfish/jersey/inject/jersey-hk2/2.27/jersey-hk2-2.27.jar:/home/user/.m2/repository/org/glassfish/hk2/hk2-locator/2.5.0-b42/hk2-locator-2.5.0-b42.jar:/home/user/.m2/repository/org/javassist/javassist/3.22.0-CR2/javassist-3.22.0-CR2.jar:/home/user/.m2/repository/org/glassfish/hk2/hk2-api/2.5.0/hk2-api-2.5.0.jar:/home/user/.m2/repository/org/glassfish/hk2/external/jakarta.inject/2.5.0/jakarta.inject-2.5.0.jar:/home/user/.m2/repository/org/glassfish/hk2/hk2-utils/2.5.0/hk2-utils-2.5.0.jar:/home/user/.m2/repository/jakarta/annotation/jakarta.annotation-api/1.3.4/jakarta.annotation-api-1.3.4.jar:/home/user/.m2/repository/org/glassfish/hk2/external/aopalliance-repackaged/2.5.0/aopalliance-repackaged-2.5.0.jar:/home/user/.m2/repository/com/fasterxml/jackson/dataformat/jackson-dataformat-xml/2.9.0/jackson-dataformat-xml-2.9.0.jar:/home/user/.m2/repository/com/fasterxml/jackson/core/jackson-core/2.9.5/jackson-core-2.9.5.jar:/home/user/.m2/repository/com/fasterxml/jackson/module/jackson-module-jaxb-annotations/2.9.5/jackson-module-jaxb-annotations-2.9.5.jar:/home/user/.m2/repository/javax/enterprise/cdi-api/1.2/cdi-api-1.2.jar:/home/user/.m2/repository/javax/el/javax.el-api/3.0.0/javax.el-api-3.0.0.jar:/home/user/.m2/repository/javax/interceptor/javax.interceptor-api/1.2/javax.interceptor-api-1.2.jar:/home/user/.m2/repository/javax/inject/javax.inject/1/javax.inject-1.jar:/home/user/.m2/repository/com/sun/xml/bind/jaxb-impl/2.3.0.1/jaxb-impl-2.3.0.1.jar:/home/user/.m2/repository/com/sun/xml/bind/jaxb-core/2.3.0.1/jaxb-core-2.3.0.1.jar:/home/user/.m2/repository/javax/xml/bind/jaxb-api/2.3.0/jaxb-api-2.3.0.jar:/home/user/.m2/repository/javax/activation/activation/1.1.1/activation-1.1.1.jar:/home/user/.m2/repository/org/apache/hadoop/hadoop-ozone-csi/0.5.0-SNAPSHOT/hadoop-ozone-csi-0.5.0-SNAPSHOT.jar:/home/user/.m2/repository/com/google/protobuf/protobuf-java-util/3.5.1/protobuf-java-util-3.5.1.jar:/home/user/.m2/repository/org/apache/hadoop/hadoop-hdds-config/0.5.0-SNAPSHOT/hadoop-hdds-config-0.5.0-SNAPSHOT.jar:/home/user/.m2/repository/io/grpc/grpc-netty/1.17.1/grpc-netty-1.17.1.jar:/home/user/.m2/repository/io/grpc/grpc-core/1.17.1/grpc-core-1.17.1.jar:/home/user/.m2/repository/io/grpc/grpc-context/1.17.1/grpc-context-1.17.1.jar:/home/user/.m2/repository/com/google/errorprone/error_prone_annotations/2.2.0/error_prone_annotations-2.2.0.jar:/home/user/.m2/repository/org/codehaus/mojo/animal-sniffer-annotations/1.17/animal-sniffer-annotations-1.17.jar:/home/user/.m2/repository/io/opencensus/opencensus-api/0.17.0/opencensus-api-0.17.0.jar:/home/user/.m2/repository/io/opencensus/opencensus-contrib-grpc-metrics/0.17.0/opencensus-contrib-grpc-metrics-0.17.0.jar:/home/user/.m2/repository/io/netty/netty-codec-http2/4.1.30.Final/netty-codec-http2-4.1.30.Final.jar:/home/user/.m2/repository/io/netty/netty-codec-http/4.1.30.Final/netty-codec-http-4.1.30.Final.jar:/home/user/.m2/repository/io/netty/netty-codec/4.1.30.Final/netty-codec-4.1.30.Final.jar:/home/user/.m2/repository/io/netty/netty-handler/4.1.30.Final/netty-handler-4.1.30.Final.jar:/home/user/.m2/repository/io/netty/netty-handler-proxy/4.1.30.Final/netty-handler-proxy-4.1.30.Final.jar:/home/user/.m2/repository/io/netty/netty-codec-socks/4.1.30.Final/netty-codec-socks-4.1.30.Final.jar:/home/user/.m2/repository/io/netty/netty-transport-native-epoll/4.1.30.Final/netty-transport-native-epoll-4.1.30.Final.jar:/home/user/.m2/repository/io/netty/netty-common/4.1.30.Final/netty-common-4.1.30.Final.jar:/home/user/.m2/repository/io/netty/netty-buffer/4.1.30.Final/netty-buffer-4.1.30.Final.jar:/home/user/.m2/repository/io/netty/netty-transport/4.1.30.Final/netty-transport-4.1.30.Final.jar:/home/user/.m2/repository/io/netty/netty-resolver/4.1.30.Final/netty-resolver-4.1.30.Final.jar:/home/user/.m2/repository/io/netty/netty-transport-native-unix-common/4.1.30.Final/netty-transport-native-unix-common-4.1.30.Final.jar:/home/user/.m2/repository/io/grpc/grpc-protobuf/1.17.1/grpc-protobuf-1.17.1.jar:/home/user/.m2/repository/com/google/api/grpc/proto-google-common-protos/1.0.0/proto-google-common-protos-1.0.0.jar:/home/user/.m2/repository/io/grpc/grpc-protobuf-lite/1.17.1/grpc-protobuf-lite-1.17.1.jar:/home/user/.m2/repository/io/grpc/grpc-stub/1.17.1/grpc-stub-1.17.1.jar:/home/user/.m2/repository/org/apache/hadoop/hadoop-ozone-recon/0.5.0-SNAPSHOT/hadoop-ozone-recon-0.5.0-SNAPSHOT.jar:/home/user/.m2/repository/org/apache/hadoop/hadoop-ozone-reconcodegen/0.5.0-SNAPSHOT/hadoop-ozone-reconcodegen-0.5.0-SNAPSHOT.jar:/home/user/.m2/repository/com/google/inject/extensions/guice-multibindings/4.0/guice-multibindings-4.0.jar:/home/user/.m2/repository/com/google/inject/guice/4.0/guice-4.0.jar:/home/user/.m2/repository/aopalliance/aopalliance/1.0/aopalliance-1.0.jar:/home/user/.m2/repository/com/google/inject/extensions/guice-servlet/4.0/guice-servlet-4.0.jar:/home/user/.m2/repository/org/glassfish/jersey/containers/jersey-container-servlet/2.27/jersey-container-servlet-2.27.jar:/home/user/.m2/repository/org/glassfish/hk2/guice-bridge/2.5.0/guice-bridge-2.5.0.jar:/home/user/.m2/repository/org/glassfish/jersey/core/jersey-server/2.27/jersey-server-2.27.jar:/home/user/.m2/repository/org/glassfish/jersey/core/jersey-client/2.27/jersey-client-2.27.jar:/home/user/.m2/repository/org/glassfish/jersey/media/jersey-media-jaxb/2.27/jersey-media-jaxb-2.27.jar:/home/user/.m2/repository/javax/validation/validation-api/1.1.0.Final/validation-api-1.1.0.Final.jar:/home/user/.m2/repository/org/glassfish/jersey/media/jersey-media-json-jackson/2.27/jersey-media-json-jackson-2.27.jar:/home/user/.m2/repository/org/glassfish/jersey/ext/jersey-entity-filtering/2.27/jersey-entity-filtering-2.27.jar:/home/user/.m2/repository/com/google/inject/extensions/guice-assistedinject/4.0/guice-assistedinject-4.0.jar:/home/user/.m2/repository/org/jooq/jooq/3.11.10/jooq-3.11.10.jar:/home/user/.m2/repository/org/jooq/jooq-meta/3.11.10/jooq-meta-3.11.10.jar:/home/user/.m2/repository/org/jooq/jooq-codegen/3.11.10/jooq-codegen-3.11.10.jar:/home/user/.m2/repository/com/jolbox/bonecp/0.8.0.RELEASE/bonecp-0.8.0.RELEASE.jar:/home/user/.m2/repository/org/xerial/sqlite-jdbc/3.25.2/sqlite-jdbc-3.25.2.jar:/home/user/.m2/repository/org/springframework/spring-jdbc/5.1.3.RELEASE/spring-jdbc-5.1.3.RELEASE.jar:/home/user/.m2/repository/org/springframework/spring-beans/5.1.3.RELEASE/spring-beans-5.1.3.RELEASE.jar:/home/user/.m2/repository/org/springframework/spring-core/5.1.3.RELEASE/spring-core-5.1.3.RELEASE.jar:/home/user/.m2/repository/org/springframework/spring-jcl/5.1.3.RELEASE/spring-jcl-5.1.3.RELEASE.jar:/home/user/.m2/repository/org/springframework/spring-tx/5.1.3.RELEASE/spring-tx-5.1.3.RELEASE.jar:/home/user/.m2/repository/org/apache/hadoop/hadoop-ozone-client/0.5.0-SNAPSHOT/hadoop-ozone-client-0.5.0-SNAPSHOT.jar:/home/user/.m2/repository/commons-lang/commons-lang/2.6/commons-lang-2.6.jar:/home/user/.m2/repository/org/apache/hadoop/hadoop-ozone-ozone-manager/0.5.0-SNAPSHOT/hadoop-ozone-ozone-manager-0.5.0-SNAPSHOT-tests.jar:/home/user/.m2/repository/junit/junit/4.11/junit-4.11.jar:/home/user/.m2/repository/org/hamcrest/hamcrest-core/1.3/hamcrest-core-1.3.jar:/home/user/.m2/repository/org/openjdk/jmh/jmh-core/1.19/jmh-core-1.19.jar:/home/user/.m2/repository/net/sf/jopt-simple/jopt-simple/4.6/jopt-simple-4.6.jar:/home/user/.m2/repository/org/apache/commons/commons-math3/3.1.1/commons-math3-3.1.1.jar:/home/user/.m2/repository/org/openjdk/jmh/jmh-generator-annprocess/1.19/jmh-generator-annprocess-1.19.jar:/home/user/.m2/repository/org/mockito/mockito-all/1.8.5/mockito-all-1.8.5.jar:/home/user/.m2/repository/org/apache/hadoop/hadoop-kms/3.2.0/hadoop-kms-3.2.0.jar:/home/user/.m2/repository/org/apache/hadoop/hadoop-auth/3.2.0/hadoop-auth-3.2.0.jar:/home/user/.m2/repository/com/nimbusds/nimbus-jose-jwt/4.41.1/nimbus-jose-jwt-4.41.1.jar:/home/user/.m2/repository/com/github/stephenc/jcip/jcip-annotations/1.0-1/jcip-annotations-1.0-1.jar:/home/user/.m2/repository/net/minidev/json-smart/2.3/json-smart-2.3.jar:/home/user/.m2/repository/net/minidev/accessors-smart/1.2/accessors-smart-1.2.jar:/home/user/.m2/repository/org/ow2/asm/asm/5.0.4/asm-5.0.4.jar:/home/user/.m2/repository/org/apache/curator/curator-framework/2.12.0/curator-framework-2.12.0.jar:/home/user/.m2/repository/com/sun/jersey/jersey-core/1.19/jersey-core-1.19.jar:/home/user/.m2/repository/javax/ws/rs/jsr311-api/1.1.1/jsr311-api-1.1.1.jar:/home/user/.m2/repository/com/sun/jersey/jersey-server/1.19/jersey-server-1.19.jar:/home/user/.m2/repository/javax/servlet/javax.servlet-api/3.1.0/javax.servlet-api-3.1.0.jar:/home/user/.m2/repository/org/eclipse/jetty/jetty-server/9.3.24.v20180605/jetty-server-9.3.24.v20180605.jar:/home/user/.m2/repository/org/eclipse/jetty/jetty-http/9.3.24.v20180605/jetty-http-9.3.24.v20180605.jar:/home/user/.m2/repository/org/eclipse/jetty/jetty-io/9.3.24.v20180605/jetty-io-9.3.24.v20180605.jar:/home/user/.m2/repository/org/eclipse/jetty/jetty-webapp/9.3.24.v20180605/jetty-webapp-9.3.24.v20180605.jar:/home/user/.m2/repository/org/eclipse/jetty/jetty-xml/9.3.24.v20180605/jetty-xml-9.3.24.v20180605.jar:/home/user/.m2/repository/log4j/log4j/1.2.17/log4j-1.2.17.jar:/home/user/.m2/repository/org/slf4j/slf4j-api/1.7.25/slf4j-api-1.7.25.jar:/home/user/.m2/repository/org/slf4j/jul-to-slf4j/1.7.25/jul-to-slf4j-1.7.25.jar:/home/user/.m2/repository/org/eclipse/jetty/jetty-util/9.3.24.v20180605/jetty-util-9.3.24.v20180605.jar:/home/user/.m2/repository/com/fasterxml/jackson/core/jackson-databind/2.9.5/jackson-databind-2.9.5.jar:/home/user/.m2/repository/org/apache/hadoop/hadoop-kms/3.2.0/hadoop-kms-3.2.0-tests.jar:/home/user/.m2/repository/org/apache/hadoop/hadoop-hdds-server-scm/0.5.0-SNAPSHOT/hadoop-hdds-server-scm-0.5.0-SNAPSHOT-tests.jar:/home/user/.m2/repository/org/apache/hadoop/hadoop-hdds-container-service/0.5.0-SNAPSHOT/hadoop-hdds-container-service-0.5.0-SNAPSHOT-tests.jar:/home/user/.m2/repository/org/yaml/snakeyaml/1.16/snakeyaml-1.16.jar:/home/user/.m2/repository/org/apache/hadoop/hadoop-common/3.2.0/hadoop-common-3.2.0-tests.jar:/home/user/.m2/repository/org/apache/hadoop/hadoop-annotations/3.2.0/hadoop-annotations-3.2.0.jar:/usr/lib/jvm/java-1.8-openjdk/jre/../lib/tools.jar:/home/user/.m2/repository/commons-cli/commons-cli/1.2/commons-cli-1.2.jar:/home/user/.m2/repository/org/apache/httpcomponents/httpclient/4.5.2/httpclient-4.5.2.jar:/home/user/.m2/repository/org/apache/httpcomponents/httpcore/4.4.4/httpcore-4.4.4.jar:/home/user/.m2/repository/commons-codec/commons-codec/1.11/commons-codec-1.11.jar:/home/user/.m2/repository/commons-net/commons-net/3.6/commons-net-3.6.jar:/home/user/.m2/repository/commons-collections/commons-collections/3.2.2/commons-collections-3.2.2.jar:/home/user/.m2/repository/org/eclipse/jetty/jetty-servlet/9.3.24.v20180605/jetty-servlet-9.3.24.v20180605.jar:/home/user/.m2/repository/org/eclipse/jetty/jetty-security/9.3.24.v20180605/jetty-security-9.3.24.v20180605.jar:/home/user/.m2/repository/javax/servlet/jsp/jsp-api/2.1/jsp-api-2.1.jar:/home/user/.m2/repository/com/sun/jersey/jersey-servlet/1.19/jersey-servlet-1.19.jar:/home/user/.m2/repository/com/sun/jersey/jersey-json/1.19/jersey-json-1.19.jar:/home/user/.m2/repository/org/codehaus/jettison/jettison/1.1/jettison-1.1.jar:/home/user/.m2/repository/org/codehaus/jackson/jackson-core-asl/1.9.13/jackson-core-asl-1.9.13.jar:/home/user/.m2/repository/org/codehaus/jackson/jackson-mapper-asl/1.9.13/jackson-mapper-asl-1.9.13.jar:/home/user/.m2/repository/org/codehaus/jackson/jackson-jaxrs/1.9.13/jackson-jaxrs-1.9.13.jar:/home/user/.m2/repository/org/codehaus/jackson/jackson-xc/1.9.13/jackson-xc-1.9.13.jar:/home/user/.m2/repository/commons-logging/commons-logging/1.1.3/commons-logging-1.1.3.jar:/home/user/.m2/repository/commons-beanutils/commons-beanutils/1.9.3/commons-beanutils-1.9.3.jar:/home/user/.m2/repository/org/apache/commons/commons-configuration2/2.1.1/commons-configuration2-2.1.1.jar:/home/user/.m2/repository/org/apache/commons/commons-lang3/3.7/commons-lang3-3.7.jar:/home/user/.m2/repository/org/apache/commons/commons-text/1.4/commons-text-1.4.jar:/home/user/.m2/repository/org/apache/avro/avro/1.7.7/avro-1.7.7.jar:/home/user/.m2/repository/com/thoughtworks/paranamer/paranamer/2.3/paranamer-2.3.jar:/home/user/.m2/repository/org/xerial/snappy/snappy-java/1.0.5/snappy-java-1.0.5.jar:/home/user/.m2/repository/com/google/re2j/re2j/1.1/re2j-1.1.jar:/home/user/.m2/repository/com/google/code/gson/gson/2.2.4/gson-2.2.4.jar:/home/user/.m2/repository/com/jcraft/jsch/0.1.54/jsch-0.1.54.jar:/home/user/.m2/repository/org/apache/curator/curator-client/2.12.0/curator-client-2.12.0.jar:/home/user/.m2/repository/org/apache/curator/curator-recipes/2.12.0/curator-recipes-2.12.0.jar:/home/user/.m2/repository/com/google/code/findbugs/jsr305/3.0.0/jsr305-3.0.0.jar:/home/user/.m2/repository/org/apache/htrace/htrace-core4/4.1.0-incubating/htrace-core4-4.1.0-incubating.jar:/home/user/.m2/repository/org/apache/zookeeper/zookeeper/3.4.13/zookeeper-3.4.13.jar:/home/user/.m2/repository/org/apache/yetus/audience-annotations/0.5.0/audience-annotations-0.5.0.jar:/home/user/.m2/repository/org/codehaus/woodstox/stax2-api/3.1.4/stax2-api-3.1.4.jar:/home/user/.m2/repository/com/fasterxml/woodstox/woodstox-core/5.0.3/woodstox-core-5.0.3.jar:/home/user/.m2/repository/dnsjava/dnsjava/2.1.7/dnsjava-2.1.7.jar:/home/user/.m2/repository/org/apache/hadoop/hadoop-hdfs/3.2.0/hadoop-hdfs-3.2.0-tests.jar:/home/user/.m2/repository/org/eclipse/jetty/jetty-util-ajax/9.3.24.v20180605/jetty-util-ajax-9.3.24.v20180605.jar:/home/user/.m2/repository/commons-daemon/commons-daemon/1.0.13/commons-daemon-1.0.13.jar:/home/user/.m2/repository/io/netty/netty/3.10.5.Final/netty-3.10.5.Final.jar:/home/user/.m2/repository/io/netty/netty-all/4.0.52.Final/netty-all-4.0.52.Final.jar:/home/user/.m2/repository/org/fusesource/leveldbjni/leveldbjni-all/1.8/leveldbjni-all-1.8.jar:"/>
    <property name="sun.cpu.endian" value="little"/>
    <property name="user.home" value="/home/user"/>
    <property name="user.language" value="en"/>
    <property name="java.specification.vendor" value="Oracle Corporation"/>
    <property name="java.home" value="/usr/lib/jvm/java-1.8-openjdk/jre"/>
    <property name="java.security.krb5.conf" value="/workdir/hadoop-ozone/integration-test/target/test-classes/krb5.conf"/>
    <property name="basedir" value="/workdir/hadoop-ozone/integration-test"/>
    <property name="file.separator" value="/"/>
    <property name="line.separator" value="&#10;"/>
    <property name="java.vm.specification.vendor" value="Oracle Corporation"/>
    <property name="java.specification.name" value="Java Platform API Specification"/>
    <property name="java.awt.graphicsenv" value="sun.awt.X11GraphicsEnvironment"/>
    <property name="surefire.real.class.path" value="/workdir/hadoop-ozone/integration-test/target/surefire/surefirebooter4628056630599913970.jar"/>
    <property name="hadoop.log.dir" value="/workdir/hadoop-ozone/integration-test/target/log"/>
    <property name="sun.boot.class.path" value="/usr/lib/jvm/java-1.8-openjdk/jre/lib/resources.jar:/usr/lib/jvm/java-1.8-openjdk/jre/lib/rt.jar:/usr/lib/jvm/java-1.8-openjdk/jre/lib/sunrsasign.jar:/usr/lib/jvm/java-1.8-openjdk/jre/lib/jsse.jar:/usr/lib/jvm/java-1.8-openjdk/jre/lib/jce.jar:/usr/lib/jvm/java-1.8-openjdk/jre/lib/charsets.jar:/usr/lib/jvm/java-1.8-openjdk/jre/lib/jfr.jar:/usr/lib/jvm/java-1.8-openjdk/jre/classes"/>
    <property name="sun.management.compiler" value="HotSpot 64-Bit Tiered Compilers"/>
    <property name="java.runtime.version" value="1.8.0_212-b04"/>
    <property name="java.net.preferIPv4Stack" value="true"/>
    <property name="user.name" value="jenkins1000"/>
    <property name="path.separator" value=":"/>
    <property name="java.security.egd" value="file:///dev/urandom"/>
    <property name="os.version" value="3.10.0-957.12.2.el7.x86_64"/>
    <property name="java.endorsed.dirs" value="/usr/lib/jvm/java-1.8-openjdk/jre/lib/endorsed"/>
    <property name="java.runtime.name" value="OpenJDK Runtime Environment"/>
    <property name="file.encoding" value="UTF-8"/>
    <property name="java.vm.name" value="OpenJDK 64-Bit Server VM"/>
    <property name="test.build.webapps" value=""/>
    <property name="localRepository" value="/home/user/.m2/repository"/>
    <property name="java.vendor.url.bug" value="https://icedtea.classpath.org/bugzilla"/>
    <property name="java.io.tmpdir" value="/tmp"/>
    <property name="require.test.libhadoop" value=""/>
    <property name="java.version" value="1.8.0_212"/>
    <property name="user.dir" value="/workdir/hadoop-ozone/integration-test"/>
    <property name="os.arch" value="amd64"/>
    <property name="java.vm.specification.name" value="Java Virtual Machine Specification"/>
    <property name="test.build.classes" value="/workdir/hadoop-ozone/integration-test/target/test-classes"/>
    <property name="java.awt.printerjob" value="sun.print.PSPrinterJob"/>
    <property name="sun.os.patch.level" value="unknown"/>
    <property name="hadoop.tmp.dir" value="/workdir/hadoop-ozone/integration-test/target/tmp"/>
    <property name="java.library.path" value="/usr/lib/jvm/java-1.8-openjdk/jre/lib/amd64/server:/usr/lib/jvm/java-1.8-openjdk/jre/lib/amd64:/usr/lib/jvm/java-1.8-openjdk/jre/../lib/amd64:/workdir/hadoop-ozone/integration-test/target/native/target/usr/local/lib:/workdir/hadoop-ozone/integration-test/../../hadoop-common-project/hadoop-common/target/native/target/usr/local/lib:/usr/java/packages/lib/amd64:/usr/lib64:/lib64:/lib:/usr/lib"/>
    <property name="java.vm.info" value="mixed mode"/>
    <property name="java.vendor" value="IcedTea"/>
    <property name="java.vm.version" value="25.212-b04"/>
    <property name="java.ext.dirs" value="/usr/lib/jvm/java-1.8-openjdk/jre/lib/ext:/usr/java/packages/lib/ext"/>
    <property name="sun.io.unicode.encoding" value="UnicodeLittle"/>
    <property name="java.class.version" value="52.0"/>
  </properties>
  <testcase name="testBlockDeletion" classname="org.apache.hadoop.ozone.container.common.statemachine.commandhandler.TestBlockDeletion" time="366.71">
    <error message="Allocated 0 blocks. Requested 1 blocks" type="INTERNAL_ERROR org.apache.hadoop.ozone.om.exceptions.OMException">INTERNAL_ERROR org.apache.hadoop.ozone.om.exceptions.OMException: Allocated 0 blocks. Requested 1 blocks
	at org.apache.hadoop.ozone.om.protocolPB.OzoneManagerProtocolClientSideTranslatorPB.handleError(OzoneManagerProtocolClientSideTranslatorPB.java:725)
	at org.apache.hadoop.ozone.om.protocolPB.OzoneManagerProtocolClientSideTranslatorPB.allocateBlock(OzoneManagerProtocolClientSideTranslatorPB.java:757)
	at org.apache.hadoop.ozone.client.io.BlockOutputStreamEntryPool.allocateNewBlock(BlockOutputStreamEntryPool.java:248)
	at org.apache.hadoop.ozone.client.io.BlockOutputStreamEntryPool.allocateBlockIfNeeded(BlockOutputStreamEntryPool.java:296)
	at org.apache.hadoop.ozone.client.io.KeyOutputStream.handleWrite(KeyOutputStream.java:201)
	at org.apache.hadoop.ozone.client.io.KeyOutputStream.handleRetry(KeyOutputStream.java:376)
	at org.apache.hadoop.ozone.client.io.KeyOutputStream.handleException(KeyOutputStream.java:325)
	at org.apache.hadoop.ozone.client.io.KeyOutputStream.handleWrite(KeyOutputStream.java:231)
	at org.apache.hadoop.ozone.client.io.KeyOutputStream.write(KeyOutputStream.java:193)
	at org.apache.hadoop.ozone.client.io.OzoneOutputStream.write(OzoneOutputStream.java:49)
	at java.io.OutputStream.write(OutputStream.java:75)
	at org.apache.hadoop.ozone.container.common.statemachine.commandhandler.TestBlockDeletion.testBlockDeletion(TestBlockDeletion.java:140)
	at sun.reflect.NativeMethodAccessorImpl.invoke0(Native Method)
	at sun.reflect.NativeMethodAccessorImpl.invoke(NativeMethodAccessorImpl.java:62)
	at sun.reflect.DelegatingMethodAccessorImpl.invoke(DelegatingMethodAccessorImpl.java:43)
	at java.lang.reflect.Method.invoke(Method.java:498)
	at org.junit.runners.model.FrameworkMethod$1.runReflectiveCall(FrameworkMethod.java:47)
	at org.junit.internal.runners.model.ReflectiveCallable.run(ReflectiveCallable.java:12)
	at org.junit.runners.model.FrameworkMethod.invokeExplosively(FrameworkMethod.java:44)
	at org.junit.internal.runners.statements.InvokeMethod.evaluate(InvokeMethod.java:17)
	at org.junit.runners.ParentRunner.runLeaf(ParentRunner.java:271)
	at org.junit.runners.BlockJUnit4ClassRunner.runChild(BlockJUnit4ClassRunner.java:70)
	at org.junit.runners.BlockJUnit4ClassRunner.runChild(BlockJUnit4ClassRunner.java:50)
	at org.junit.runners.ParentRunner$3.run(ParentRunner.java:238)
	at org.junit.runners.ParentRunner$1.schedule(ParentRunner.java:63)
	at org.junit.runners.ParentRunner.runChildren(ParentRunner.java:236)
	at org.junit.runners.ParentRunner.access$000(ParentRunner.java:53)
	at org.junit.runners.ParentRunner$2.evaluate(ParentRunner.java:229)
	at org.junit.internal.runners.statements.RunBefores.evaluate(RunBefores.java:26)
	at org.junit.runners.ParentRunner.run(ParentRunner.java:309)
	at org.apache.maven.surefire.junit4.JUnit4Provider.execute(JUnit4Provider.java:365)
	at org.apache.maven.surefire.junit4.JUnit4Provider.executeWithRerun(JUnit4Provider.java:273)
	at org.apache.maven.surefire.junit4.JUnit4Provider.executeTestSet(JUnit4Provider.java:238)
	at org.apache.maven.surefire.junit4.JUnit4Provider.invoke(JUnit4Provider.java:159)
	at org.apache.maven.surefire.booter.ForkedBooter.invokeProviderInSameClassLoader(ForkedBooter.java:384)
	at org.apache.maven.surefire.booter.ForkedBooter.runSuitesInProcess(ForkedBooter.java:345)
	at org.apache.maven.surefire.booter.ForkedBooter.execute(ForkedBooter.java:126)
	at org.apache.maven.surefire.booter.ForkedBooter.main(ForkedBooter.java:418)
</error>
    <system-out><![CDATA[2019-09-10 07:02:54,975 [main] WARN  server.ServerUtils (ServerUtils.java:getScmDbDir(145)) - ozone.scm.db.dirs is not configured. We recommend adding this setting. Falling back to ozone.metadata.dirs instead.
2019-09-10 07:02:55,096 [main] WARN  server.ServerUtils (ServerUtils.java:getScmDbDir(145)) - ozone.scm.db.dirs is not configured. We recommend adding this setting. Falling back to ozone.metadata.dirs instead.
2019-09-10 07:02:55,099 [main] WARN  server.ServerUtils (ServerUtils.java:getScmDbDir(145)) - ozone.scm.db.dirs is not configured. We recommend adding this setting. Falling back to ozone.metadata.dirs instead.
2019-09-10 07:02:55,116 [main] INFO  util.log (Log.java:initialized(192)) - Logging initialized @938ms
2019-09-10 07:02:55,237 [main] INFO  db.DBStoreBuilder (DBStoreBuilder.java:addTable(110)) - using custom profile for table: deletedBlocks
2019-09-10 07:02:55,238 [main] INFO  db.DBStoreBuilder (DBStoreBuilder.java:processTables(161)) - Using default column profile:DBProfile.DISK for Table:deletedBlocks
2019-09-10 07:02:55,239 [main] INFO  db.DBStoreBuilder (DBStoreBuilder.java:addTable(110)) - using custom profile for table: validCerts
2019-09-10 07:02:55,239 [main] INFO  db.DBStoreBuilder (DBStoreBuilder.java:processTables(161)) - Using default column profile:DBProfile.DISK for Table:validCerts
2019-09-10 07:02:55,240 [main] INFO  db.DBStoreBuilder (DBStoreBuilder.java:addTable(110)) - using custom profile for table: revokedCerts
2019-09-10 07:02:55,240 [main] INFO  db.DBStoreBuilder (DBStoreBuilder.java:processTables(161)) - Using default column profile:DBProfile.DISK for Table:revokedCerts
2019-09-10 07:02:55,260 [main] INFO  db.DBStoreBuilder (DBStoreBuilder.java:addTable(110)) - using custom profile for table: default
2019-09-10 07:02:55,260 [main] INFO  db.DBStoreBuilder (DBStoreBuilder.java:processTables(167)) - Using default column profile:DBProfile.DISK for Table:default
2019-09-10 07:02:55,262 [main] INFO  db.DBStoreBuilder (DBStoreBuilder.java:getDbProfile(198)) - Using default options. DBProfile.DISK
2019-09-10 07:02:55,717 [main] INFO  net.NodeSchemaLoader (NodeSchemaLoader.java:loadSchemaFromFile(125)) - Loading file from sun.misc.CompoundEnumeration@618b19ad
2019-09-10 07:02:55,719 [main] INFO  net.NodeSchemaLoader (NodeSchemaLoader.java:loadSchema(171)) - Loading network topology layer schema file
2019-09-10 07:02:55,793 [main] INFO  node.SCMNodeManager (SCMNodeManager.java:<init>(114)) - Entering startup safe mode.
2019-09-10 07:02:55,869 [main] INFO  algorithms.ContainerPlacementPolicyFactory (ContainerPlacementPolicyFactory.java:getPolicy(57)) - Create container placement policy of type org.apache.hadoop.hdds.scm.container.placement.algorithms.SCMContainerPlacementRandom
2019-09-10 07:02:55,884 [main] WARN  server.ServerUtils (ServerUtils.java:getScmDbDir(145)) - ozone.scm.db.dirs is not configured. We recommend adding this setting. Falling back to ozone.metadata.dirs instead.
2019-09-10 07:02:55,991 [main] INFO  pipeline.SCMPipelineManager (SCMPipelineManager.java:initializePipelineState(128)) - No pipeline exists in current db
2019-09-10 07:02:55,994 [main] WARN  server.ServerUtils (ServerUtils.java:getScmDbDir(145)) - ozone.scm.db.dirs is not configured. We recommend adding this setting. Falling back to ozone.metadata.dirs instead.
2019-09-10 07:02:56,155 [main] WARN  events.EventQueue (EventQueue.java:fireEvent(183)) - No event handler registered for event TypedEvent{payloadType=SafeModeStatus, name='SafeModeStatus'}
2019-09-10 07:02:56,535 [main] INFO  ipc.CallQueueManager (CallQueueManager.java:<init>(84)) - Using callQueue: class java.util.concurrent.LinkedBlockingQueue, queueCapacity: 2000, scheduler: class org.apache.hadoop.ipc.DefaultRpcScheduler, ipcBackoff: false.
2019-09-10 07:02:56,687 [Socket Reader #1 for port 45991] INFO  ipc.Server (Server.java:run(1074)) - Starting Socket Reader #1 for port 45991
2019-09-10 07:02:56,722 [main] INFO  ipc.CallQueueManager (CallQueueManager.java:<init>(84)) - Using callQueue: class java.util.concurrent.LinkedBlockingQueue, queueCapacity: 2000, scheduler: class org.apache.hadoop.ipc.DefaultRpcScheduler, ipcBackoff: false.
2019-09-10 07:02:56,723 [Socket Reader #1 for port 44077] INFO  ipc.Server (Server.java:run(1074)) - Starting Socket Reader #1 for port 44077
2019-09-10 07:02:56,733 [main] INFO  ipc.CallQueueManager (CallQueueManager.java:<init>(84)) - Using callQueue: class java.util.concurrent.LinkedBlockingQueue, queueCapacity: 2000, scheduler: class org.apache.hadoop.ipc.DefaultRpcScheduler, ipcBackoff: false.
2019-09-10 07:02:56,734 [Socket Reader #1 for port 44151] INFO  ipc.Server (Server.java:run(1074)) - Starting Socket Reader #1 for port 44151
2019-09-10 07:02:56,758 [main] INFO  hdfs.DFSUtil (DFSUtil.java:httpServerTemplateForNNAndJN(1641)) - Starting Web-server for scm at: http://0.0.0.0:0
2019-09-10 07:02:56,931 [main] INFO  server.AuthenticationFilter (AuthenticationFilter.java:constructSecretProvider(240)) - Unable to initialize FileSignerSecretProvider, falling back to use random secrets.
2019-09-10 07:02:56,939 [main] WARN  http.HttpRequestLog (HttpRequestLog.java:getRequestLog(97)) - Jetty request log can only be enabled using Log4j
2019-09-10 07:02:56,948 [main] INFO  http.HttpServer2 (HttpServer2.java:addGlobalFilter(975)) - Added global filter 'safety' (class=org.apache.hadoop.http.HttpServer2$QuotingInputFilter)
2019-09-10 07:02:56,950 [main] INFO  http.HttpServer2 (HttpServer2.java:addFilter(948)) - Added filter static_user_filter (class=org.apache.hadoop.http.lib.StaticUserWebFilter$StaticUserFilter) to context scm
2019-09-10 07:02:56,950 [main] INFO  http.HttpServer2 (HttpServer2.java:addFilter(958)) - Added filter static_user_filter (class=org.apache.hadoop.http.lib.StaticUserWebFilter$StaticUserFilter) to context logs
2019-09-10 07:02:56,951 [main] INFO  http.HttpServer2 (HttpServer2.java:addFilter(958)) - Added filter static_user_filter (class=org.apache.hadoop.http.lib.StaticUserWebFilter$StaticUserFilter) to context static
2019-09-10 07:02:56,982 [main] INFO  server.StorageContainerManager (StorageContainerManager.java:start(763)) - StorageContainerLocationProtocol RPC server is listening at /0.0.0.0:44151
2019-09-10 07:02:57,043 [main] WARN  impl.MetricsConfig (MetricsConfig.java:loadFirst(134)) - Cannot locate configuration: tried hadoop-metrics2-storagecontainermanager.properties,hadoop-metrics2.properties
2019-09-10 07:02:57,057 [main] INFO  impl.MetricsSystemImpl (MetricsSystemImpl.java:startTimer(374)) - Scheduled Metric snapshot period at 10 second(s).
2019-09-10 07:02:57,057 [main] INFO  impl.MetricsSystemImpl (MetricsSystemImpl.java:start(191)) - StorageContainerManager metrics system started
2019-09-10 07:02:57,288 [main] INFO  server.SCMClientProtocolServer (SCMClientProtocolServer.java:start(151)) - RPC server for Client  is listening at /0.0.0.0:44151
2019-09-10 07:02:57,289 [IPC Server Responder] INFO  ipc.Server (Server.java:run(1314)) - IPC Server Responder: starting
2019-09-10 07:02:57,289 [IPC Server listener on 44151] INFO  ipc.Server (Server.java:run(1153)) - IPC Server listener on 44151: starting
2019-09-10 07:02:57,292 [main] INFO  server.StorageContainerManager (StorageContainerManager.java:start(773)) - ScmBlockLocationProtocol RPC server is listening at /0.0.0.0:44077
2019-09-10 07:02:57,293 [main] INFO  server.SCMBlockProtocolServer (SCMBlockProtocolServer.java:start(146)) - RPC server for Block Protocol is listening at /0.0.0.0:44077
2019-09-10 07:02:57,293 [IPC Server Responder] INFO  ipc.Server (Server.java:run(1314)) - IPC Server Responder: starting
2019-09-10 07:02:57,294 [IPC Server listener on 44077] INFO  ipc.Server (Server.java:run(1153)) - IPC Server listener on 44077: starting
2019-09-10 07:02:57,296 [main] INFO  server.StorageContainerManager (StorageContainerManager.java:start(777)) - ScmDatanodeProtocl RPC server is listening at /0.0.0.0:45991
2019-09-10 07:02:57,296 [main] INFO  server.SCMDatanodeProtocolServer (SCMDatanodeProtocolServer.java:start(191)) - RPC server for DataNodes is listening at /0.0.0.0:45991
2019-09-10 07:02:57,297 [IPC Server Responder] INFO  ipc.Server (Server.java:run(1314)) - IPC Server Responder: starting
2019-09-10 07:02:57,297 [IPC Server listener on 45991] INFO  ipc.Server (Server.java:run(1153)) - IPC Server listener on 45991: starting
2019-09-10 07:02:57,302 [main] INFO  http.HttpServer2 (HttpServer2.java:bindListener(1191)) - Jetty bound to port 40397
2019-09-10 07:02:57,304 [main] INFO  server.Server (Server.java:doStart(351)) - jetty-9.3.24.v20180605, build timestamp: 2018-06-05T17:11:56Z, git hash: 84205aa28f11a4f31f2a3b86d1bba2cc8ab69827
2019-09-10 07:02:57,356 [main] INFO  handler.ContextHandler (ContextHandler.java:doStart(781)) - Started o.e.j.s.ServletContextHandler@4fce136b{/logs,file:///workdir/hadoop-ozone/integration-test/target/log,AVAILABLE}
2019-09-10 07:02:57,357 [main] INFO  handler.ContextHandler (ContextHandler.java:doStart(781)) - Started o.e.j.s.ServletContextHandler@43b6123e{/static,file:///workdir/hadoop-ozone/integration-test/target/test-classes/webapps/static,AVAILABLE}
2019-09-10 07:02:57,394 [main] INFO  handler.ContextHandler (ContextHandler.java:doStart(781)) - Started o.e.j.w.WebAppContext@6db66836{/,file:///workdir/hadoop-ozone/integration-test/target/test-classes/webapps/scm/,AVAILABLE}{/scm}
2019-09-10 07:02:57,400 [main] INFO  server.AbstractConnector (AbstractConnector.java:doStart(278)) - Started ServerConnector@1ee4730{HTTP/1.1,[http/1.1]}{0.0.0.0:40397}
2019-09-10 07:02:57,400 [main] INFO  server.Server (Server.java:doStart(419)) - Started @3222ms
2019-09-10 07:02:57,402 [main] INFO  impl.MetricsSinkAdapter (MetricsSinkAdapter.java:start(204)) - Sink prometheus started
2019-09-10 07:02:57,403 [main] INFO  impl.MetricsSystemImpl (MetricsSystemImpl.java:registerSink(301)) - Registered sink prometheus
2019-09-10 07:02:57,404 [main] INFO  server.BaseHttpServer (BaseHttpServer.java:updateConnectorAddress(215)) - HTTP server of SCM is listening at http://0.0.0.0:40397
2019-09-10 07:02:57,410 [org.apache.hadoop.util.JvmPauseMonitor$Monitor@51f49060] INFO  util.JvmPauseMonitor (JvmPauseMonitor.java:run(188)) - Starting JVM pause monitor
2019-09-10 07:02:57,411 [SCMBlockDeletingService#1] DEBUG block.SCMBlockDeletingService (SCMBlockDeletingService.java:call(138)) - Running DeletedBlockTransactionScanner
2019-09-10 07:02:57,414 [main] WARN  server.ServerUtils (ServerUtils.java:getDBPath(222)) - ozone.om.db.dirs is not configured. We recommend adding this setting. Falling back to ozone.metadata.dirs instead.
2019-09-10 07:02:57,424 [SCMBlockDeletingService#1] DEBUG block.SCMBlockDeletingService (SCMBlockDeletingService.java:call(155)) - Scanned deleted blocks log and got 0 delTX to process.
2019-09-10 07:02:57,526 [SCMBlockDeletingService#1] DEBUG block.SCMBlockDeletingService (SCMBlockDeletingService.java:call(138)) - Running DeletedBlockTransactionScanner
2019-09-10 07:02:57,527 [SCMBlockDeletingService#1] DEBUG block.SCMBlockDeletingService (SCMBlockDeletingService.java:call(155)) - Scanned deleted blocks log and got 0 delTX to process.
2019-09-10 07:02:57,537 [main] WARN  server.ServerUtils (ServerUtils.java:getDBPath(222)) - ozone.om.db.dirs is not configured. We recommend adding this setting. Falling back to ozone.metadata.dirs instead.
2019-09-10 07:02:57,537 [main] WARN  server.ServerUtils (ServerUtils.java:getDBPath(222)) - ozone.om.db.dirs is not configured. We recommend adding this setting. Falling back to ozone.metadata.dirs instead.
2019-09-10 07:02:57,538 [main] INFO  om.OzoneManager (OzoneManager.java:setOMNodeDetails(649)) - OM Service ID is not set. Setting it to the default ID: omServiceIdDefault
2019-09-10 07:02:57,538 [main] INFO  om.OzoneManager (OzoneManager.java:setOMNodeDetails(655)) - OM Node ID is not set. Setting it to the OmStorage's OmID: ae6e9e36-30fe-4fa2-b431-5ee18055d297
2019-09-10 07:02:57,540 [main] INFO  om.OzoneManager (OzoneManager.java:loadOMHAConfigs(606)) - Found matching OM address with OMServiceId: null, OMNodeId: null, RPC Address: localhost:0 and Ratis port: 9872
2019-09-10 07:02:57,628 [SCMBlockDeletingService#1] DEBUG block.SCMBlockDeletingService (SCMBlockDeletingService.java:call(138)) - Running DeletedBlockTransactionScanner
2019-09-10 07:02:57,628 [SCMBlockDeletingService#1] DEBUG block.SCMBlockDeletingService (SCMBlockDeletingService.java:call(155)) - Scanned deleted blocks log and got 0 delTX to process.
2019-09-10 07:02:57,729 [SCMBlockDeletingService#1] DEBUG block.SCMBlockDeletingService (SCMBlockDeletingService.java:call(138)) - Running DeletedBlockTransactionScanner
2019-09-10 07:02:57,729 [SCMBlockDeletingService#1] DEBUG block.SCMBlockDeletingService (SCMBlockDeletingService.java:call(155)) - Scanned deleted blocks log and got 0 delTX to process.
2019-09-10 07:02:57,830 [SCMBlockDeletingService#1] DEBUG block.SCMBlockDeletingService (SCMBlockDeletingService.java:call(138)) - Running DeletedBlockTransactionScanner
2019-09-10 07:02:57,831 [SCMBlockDeletingService#1] DEBUG block.SCMBlockDeletingService (SCMBlockDeletingService.java:call(155)) - Scanned deleted blocks log and got 0 delTX to process.
2019-09-10 07:02:57,931 [SCMBlockDeletingService#1] DEBUG block.SCMBlockDeletingService (SCMBlockDeletingService.java:call(138)) - Running DeletedBlockTransactionScanner
2019-09-10 07:02:57,932 [SCMBlockDeletingService#1] DEBUG block.SCMBlockDeletingService (SCMBlockDeletingService.java:call(155)) - Scanned deleted blocks log and got 0 delTX to process.
2019-09-10 07:02:58,032 [SCMBlockDeletingService#1] DEBUG block.SCMBlockDeletingService (SCMBlockDeletingService.java:call(138)) - Running DeletedBlockTransactionScanner
2019-09-10 07:02:58,033 [SCMBlockDeletingService#1] DEBUG block.SCMBlockDeletingService (SCMBlockDeletingService.java:call(155)) - Scanned deleted blocks log and got 0 delTX to process.
2019-09-10 07:02:58,134 [SCMBlockDeletingService#1] DEBUG block.SCMBlockDeletingService (SCMBlockDeletingService.java:call(138)) - Running DeletedBlockTransactionScanner
2019-09-10 07:02:58,135 [SCMBlockDeletingService#1] DEBUG block.SCMBlockDeletingService (SCMBlockDeletingService.java:call(155)) - Scanned deleted blocks log and got 0 delTX to process.
2019-09-10 07:02:58,235 [SCMBlockDeletingService#0] DEBUG block.SCMBlockDeletingService (SCMBlockDeletingService.java:call(138)) - Running DeletedBlockTransactionScanner
2019-09-10 07:02:58,236 [SCMBlockDeletingService#0] DEBUG block.SCMBlockDeletingService (SCMBlockDeletingService.java:call(155)) - Scanned deleted blocks log and got 0 delTX to process.
2019-09-10 07:02:58,328 [main] WARN  server.ServerUtils (ServerUtils.java:getDBPath(222)) - ozone.om.db.dirs is not configured. We recommend adding this setting. Falling back to ozone.metadata.dirs instead.
2019-09-10 07:02:58,336 [main] INFO  db.DBStoreBuilder (DBStoreBuilder.java:addTable(110)) - using custom profile for table: userTable
2019-09-10 07:02:58,336 [main] INFO  db.DBStoreBuilder (DBStoreBuilder.java:processTables(161)) - Using default column profile:DBProfile.DISK for Table:userTable
2019-09-10 07:02:58,336 [main] INFO  db.DBStoreBuilder (DBStoreBuilder.java:addTable(110)) - using custom profile for table: volumeTable
2019-09-10 07:02:58,337 [main] INFO  db.DBStoreBuilder (DBStoreBuilder.java:processTables(161)) - Using default column profile:DBProfile.DISK for Table:volumeTable
2019-09-10 07:02:58,337 [SCMBlockDeletingService#1] DEBUG block.SCMBlockDeletingService (SCMBlockDeletingService.java:call(138)) - Running DeletedBlockTransactionScanner
2019-09-10 07:02:58,337 [main] INFO  db.DBStoreBuilder (DBStoreBuilder.java:addTable(110)) - using custom profile for table: bucketTable
2019-09-10 07:02:58,337 [main] INFO  db.DBStoreBuilder (DBStoreBuilder.java:processTables(161)) - Using default column profile:DBProfile.DISK for Table:bucketTable
2019-09-10 07:02:58,337 [SCMBlockDeletingService#1] DEBUG block.SCMBlockDeletingService (SCMBlockDeletingService.java:call(155)) - Scanned deleted blocks log and got 0 delTX to process.
2019-09-10 07:02:58,337 [main] INFO  db.DBStoreBuilder (DBStoreBuilder.java:addTable(110)) - using custom profile for table: keyTable
2019-09-10 07:02:58,338 [main] INFO  db.DBStoreBuilder (DBStoreBuilder.java:processTables(161)) - Using default column profile:DBProfile.DISK for Table:keyTable
2019-09-10 07:02:58,338 [main] INFO  db.DBStoreBuilder (DBStoreBuilder.java:addTable(110)) - using custom profile for table: deletedTable
2019-09-10 07:02:58,338 [main] INFO  db.DBStoreBuilder (DBStoreBuilder.java:processTables(161)) - Using default column profile:DBProfile.DISK for Table:deletedTable
2019-09-10 07:02:58,338 [main] INFO  db.DBStoreBuilder (DBStoreBuilder.java:addTable(110)) - using custom profile for table: openKeyTable
2019-09-10 07:02:58,339 [main] INFO  db.DBStoreBuilder (DBStoreBuilder.java:processTables(161)) - Using default column profile:DBProfile.DISK for Table:openKeyTable
2019-09-10 07:02:58,339 [main] INFO  db.DBStoreBuilder (DBStoreBuilder.java:addTable(110)) - using custom profile for table: s3Table
2019-09-10 07:02:58,339 [main] INFO  db.DBStoreBuilder (DBStoreBuilder.java:processTables(161)) - Using default column profile:DBProfile.DISK for Table:s3Table
2019-09-10 07:02:58,339 [main] INFO  db.DBStoreBuilder (DBStoreBuilder.java:addTable(110)) - using custom profile for table: multipartInfoTable
2019-09-10 07:02:58,339 [main] INFO  db.DBStoreBuilder (DBStoreBuilder.java:processTables(161)) - Using default column profile:DBProfile.DISK for Table:multipartInfoTable
2019-09-10 07:02:58,340 [main] INFO  db.DBStoreBuilder (DBStoreBuilder.java:addTable(110)) - using custom profile for table: dTokenTable
2019-09-10 07:02:58,340 [main] INFO  db.DBStoreBuilder (DBStoreBuilder.java:processTables(161)) - Using default column profile:DBProfile.DISK for Table:dTokenTable
2019-09-10 07:02:58,340 [main] INFO  db.DBStoreBuilder (DBStoreBuilder.java:addTable(110)) - using custom profile for table: s3SecretTable
2019-09-10 07:02:58,340 [main] INFO  db.DBStoreBuilder (DBStoreBuilder.java:processTables(161)) - Using default column profile:DBProfile.DISK for Table:s3SecretTable
2019-09-10 07:02:58,341 [main] INFO  db.DBStoreBuilder (DBStoreBuilder.java:addTable(110)) - using custom profile for table: prefixTable
2019-09-10 07:02:58,341 [main] INFO  db.DBStoreBuilder (DBStoreBuilder.java:processTables(161)) - Using default column profile:DBProfile.DISK for Table:prefixTable
2019-09-10 07:02:58,341 [main] INFO  db.DBStoreBuilder (DBStoreBuilder.java:addTable(110)) - using custom profile for table: default
2019-09-10 07:02:58,341 [main] INFO  db.DBStoreBuilder (DBStoreBuilder.java:processTables(167)) - Using default column profile:DBProfile.DISK for Table:default
2019-09-10 07:02:58,341 [main] INFO  db.DBStoreBuilder (DBStoreBuilder.java:getDbProfile(198)) - Using default options. DBProfile.DISK
2019-09-10 07:02:58,438 [SCMBlockDeletingService#1] DEBUG block.SCMBlockDeletingService (SCMBlockDeletingService.java:call(138)) - Running DeletedBlockTransactionScanner
2019-09-10 07:02:58,439 [SCMBlockDeletingService#1] DEBUG block.SCMBlockDeletingService (SCMBlockDeletingService.java:call(155)) - Scanned deleted blocks log and got 0 delTX to process.
2019-09-10 07:02:58,539 [SCMBlockDeletingService#1] DEBUG block.SCMBlockDeletingService (SCMBlockDeletingService.java:call(138)) - Running DeletedBlockTransactionScanner
2019-09-10 07:02:58,540 [SCMBlockDeletingService#1] DEBUG block.SCMBlockDeletingService (SCMBlockDeletingService.java:call(155)) - Scanned deleted blocks log and got 0 delTX to process.
2019-09-10 07:02:58,641 [SCMBlockDeletingService#1] DEBUG block.SCMBlockDeletingService (SCMBlockDeletingService.java:call(138)) - Running DeletedBlockTransactionScanner
2019-09-10 07:02:58,641 [SCMBlockDeletingService#1] DEBUG block.SCMBlockDeletingService (SCMBlockDeletingService.java:call(155)) - Scanned deleted blocks log and got 0 delTX to process.
2019-09-10 07:02:58,742 [SCMBlockDeletingService#0] DEBUG block.SCMBlockDeletingService (SCMBlockDeletingService.java:call(138)) - Running DeletedBlockTransactionScanner
2019-09-10 07:02:58,742 [SCMBlockDeletingService#0] DEBUG block.SCMBlockDeletingService (SCMBlockDeletingService.java:call(155)) - Scanned deleted blocks log and got 0 delTX to process.
2019-09-10 07:02:58,843 [SCMBlockDeletingService#0] DEBUG block.SCMBlockDeletingService (SCMBlockDeletingService.java:call(138)) - Running DeletedBlockTransactionScanner
2019-09-10 07:02:58,843 [SCMBlockDeletingService#0] DEBUG block.SCMBlockDeletingService (SCMBlockDeletingService.java:call(155)) - Scanned deleted blocks log and got 0 delTX to process.
2019-09-10 07:02:58,944 [SCMBlockDeletingService#0] DEBUG block.SCMBlockDeletingService (SCMBlockDeletingService.java:call(138)) - Running DeletedBlockTransactionScanner
2019-09-10 07:02:58,944 [SCMBlockDeletingService#0] DEBUG block.SCMBlockDeletingService (SCMBlockDeletingService.java:call(155)) - Scanned deleted blocks log and got 0 delTX to process.
2019-09-10 07:02:59,045 [SCMBlockDeletingService#1] DEBUG block.SCMBlockDeletingService (SCMBlockDeletingService.java:call(138)) - Running DeletedBlockTransactionScanner
2019-09-10 07:02:59,046 [SCMBlockDeletingService#1] DEBUG block.SCMBlockDeletingService (SCMBlockDeletingService.java:call(155)) - Scanned deleted blocks log and got 0 delTX to process.
2019-09-10 07:02:59,146 [SCMBlockDeletingService#0] DEBUG block.SCMBlockDeletingService (SCMBlockDeletingService.java:call(138)) - Running DeletedBlockTransactionScanner
2019-09-10 07:02:59,147 [SCMBlockDeletingService#0] DEBUG block.SCMBlockDeletingService (SCMBlockDeletingService.java:call(155)) - Scanned deleted blocks log and got 0 delTX to process.
2019-09-10 07:02:59,210 [main] INFO  ipc.CallQueueManager (CallQueueManager.java:<init>(84)) - Using callQueue: class java.util.concurrent.LinkedBlockingQueue, queueCapacity: 2000, scheduler: class org.apache.hadoop.ipc.DefaultRpcScheduler, ipcBackoff: false.
2019-09-10 07:02:59,211 [Socket Reader #1 for port 39112] INFO  ipc.Server (Server.java:run(1074)) - Starting Socket Reader #1 for port 39112
2019-09-10 07:02:59,231 [main] INFO  om.OzoneManager (OzoneManager.java:start(1240)) - OzoneManager RPC server is listening at localhost/127.0.0.1:39112
2019-09-10 07:02:59,232 [main] INFO  impl.MetricsSystemImpl (MetricsSystemImpl.java:init(158)) - OzoneManager metrics system started (again)
2019-09-10 07:02:59,233 [IPC Server Responder] INFO  ipc.Server (Server.java:run(1314)) - IPC Server Responder: starting
2019-09-10 07:02:59,233 [IPC Server listener on 39112] INFO  ipc.Server (Server.java:run(1153)) - IPC Server listener on 39112: starting
2019-09-10 07:02:59,239 [main] INFO  hdfs.DFSUtil (DFSUtil.java:httpServerTemplateForNNAndJN(1641)) - Starting Web-server for ozoneManager at: http://0.0.0.0:0
2019-09-10 07:02:59,240 [main] INFO  server.AuthenticationFilter (AuthenticationFilter.java:constructSecretProvider(240)) - Unable to initialize FileSignerSecretProvider, falling back to use random secrets.
2019-09-10 07:02:59,241 [main] WARN  http.HttpRequestLog (HttpRequestLog.java:getRequestLog(97)) - Jetty request log can only be enabled using Log4j
2019-09-10 07:02:59,243 [main] INFO  http.HttpServer2 (HttpServer2.java:addGlobalFilter(975)) - Added global filter 'safety' (class=org.apache.hadoop.http.HttpServer2$QuotingInputFilter)
2019-09-10 07:02:59,244 [main] INFO  http.HttpServer2 (HttpServer2.java:addFilter(948)) - Added filter static_user_filter (class=org.apache.hadoop.http.lib.StaticUserWebFilter$StaticUserFilter) to context ozoneManager
2019-09-10 07:02:59,244 [main] INFO  http.HttpServer2 (HttpServer2.java:addFilter(958)) - Added filter static_user_filter (class=org.apache.hadoop.http.lib.StaticUserWebFilter$StaticUserFilter) to context static
2019-09-10 07:02:59,244 [main] INFO  http.HttpServer2 (HttpServer2.java:addFilter(958)) - Added filter static_user_filter (class=org.apache.hadoop.http.lib.StaticUserWebFilter$StaticUserFilter) to context logs
2019-09-10 07:02:59,246 [main] INFO  http.HttpServer2 (HttpServer2.java:bindListener(1191)) - Jetty bound to port 39739
2019-09-10 07:02:59,246 [main] INFO  server.Server (Server.java:doStart(351)) - jetty-9.3.24.v20180605, build timestamp: 2018-06-05T17:11:56Z, git hash: 84205aa28f11a4f31f2a3b86d1bba2cc8ab69827
2019-09-10 07:02:59,248 [SCMBlockDeletingService#1] DEBUG block.SCMBlockDeletingService (SCMBlockDeletingService.java:call(138)) - Running DeletedBlockTransactionScanner
2019-09-10 07:02:59,248 [SCMBlockDeletingService#1] DEBUG block.SCMBlockDeletingService (SCMBlockDeletingService.java:call(155)) - Scanned deleted blocks log and got 0 delTX to process.
2019-09-10 07:02:59,248 [main] INFO  handler.ContextHandler (ContextHandler.java:doStart(781)) - Started o.e.j.s.ServletContextHandler@4d0b0fd4{/logs,file:///workdir/hadoop-ozone/integration-test/target/log,AVAILABLE}
2019-09-10 07:02:59,249 [main] INFO  handler.ContextHandler (ContextHandler.java:doStart(781)) - Started o.e.j.s.ServletContextHandler@6c37bd27{/static,file:///workdir/hadoop-ozone/integration-test/target/test-classes/webapps/static,AVAILABLE}
2019-09-10 07:02:59,258 [main] INFO  handler.ContextHandler (ContextHandler.java:doStart(781)) - Started o.e.j.w.WebAppContext@73a00e09{/,file:///workdir/hadoop-ozone/integration-test/target/test-classes/webapps/ozoneManager/,AVAILABLE}{/ozoneManager}
2019-09-10 07:02:59,260 [main] INFO  server.AbstractConnector (AbstractConnector.java:doStart(278)) - Started ServerConnector@26dcd8c0{HTTP/1.1,[http/1.1]}{0.0.0.0:39739}
2019-09-10 07:02:59,264 [main] INFO  server.Server (Server.java:doStart(419)) - Started @5086ms
2019-09-10 07:02:59,264 [main] WARN  impl.MetricsSystemImpl (MetricsSystemImpl.java:register(276)) - Sink prometheus already exists!
2019-09-10 07:02:59,266 [main] INFO  server.BaseHttpServer (BaseHttpServer.java:updateConnectorAddress(215)) - HTTP server of OZONEMANAGER is listening at http://0.0.0.0:39739
2019-09-10 07:02:59,487 [SCMBlockDeletingService#0] DEBUG block.SCMBlockDeletingService (SCMBlockDeletingService.java:call(138)) - Running DeletedBlockTransactionScanner
2019-09-10 07:02:59,488 [SCMBlockDeletingService#0] DEBUG block.SCMBlockDeletingService (SCMBlockDeletingService.java:call(155)) - Scanned deleted blocks log and got 0 delTX to process.
2019-09-10 07:02:59,588 [SCMBlockDeletingService#0] DEBUG block.SCMBlockDeletingService (SCMBlockDeletingService.java:call(138)) - Running DeletedBlockTransactionScanner
2019-09-10 07:02:59,589 [SCMBlockDeletingService#0] DEBUG block.SCMBlockDeletingService (SCMBlockDeletingService.java:call(155)) - Scanned deleted blocks log and got 0 delTX to process.
2019-09-10 07:02:59,626 [main] INFO  impl.MetricsSystemImpl (MetricsSystemImpl.java:init(158)) - HddsDatanode metrics system started (again)
2019-09-10 07:02:59,674 [main] INFO  ozone.HddsDatanodeService (HddsDatanodeService.java:start(184)) - HddsDatanodeService host:trunk-nightly-20190910-vk757-903364635 ip:192.168.36.76
2019-09-10 07:02:59,689 [SCMBlockDeletingService#0] DEBUG block.SCMBlockDeletingService (SCMBlockDeletingService.java:call(138)) - Running DeletedBlockTransactionScanner
2019-09-10 07:02:59,690 [SCMBlockDeletingService#0] DEBUG block.SCMBlockDeletingService (SCMBlockDeletingService.java:call(155)) - Scanned deleted blocks log and got 0 delTX to process.
2019-09-10 07:02:59,707 [main] INFO  volume.HddsVolume (HddsVolume.java:<init>(176)) - Creating Volume: /workdir/hadoop-ozone/integration-test/target/test-dir/MiniOzoneClusterImpl-d81683b7-9cbd-46ae-b692-2e79b67436cc/datanode-0/data/containers/hdds of  storage type : DISK and capacity : 1482555576320
2019-09-10 07:02:59,712 [main] INFO  volume.VolumeSet (VolumeSet.java:initializeVolumeSet(170)) - Added Volume : /workdir/hadoop-ozone/integration-test/target/test-dir/MiniOzoneClusterImpl-d81683b7-9cbd-46ae-b692-2e79b67436cc/datanode-0/data/containers/hdds to VolumeSet
2019-09-10 07:02:59,715 [main] INFO  volume.ThrottledAsyncChecker (ThrottledAsyncChecker.java:schedule(139)) - Scheduling a check for org.apache.hadoop.ozone.container.common.volume.HddsVolume@5c82cd4f
2019-09-10 07:02:59,743 [main] INFO  volume.HddsVolumeChecker (HddsVolumeChecker.java:checkAllVolumes(202)) - Scheduled health check for volume org.apache.hadoop.ozone.container.common.volume.HddsVolume@5c82cd4f
2019-09-10 07:02:59,790 [SCMBlockDeletingService#1] DEBUG block.SCMBlockDeletingService (SCMBlockDeletingService.java:call(138)) - Running DeletedBlockTransactionScanner
2019-09-10 07:02:59,792 [SCMBlockDeletingService#1] DEBUG block.SCMBlockDeletingService (SCMBlockDeletingService.java:call(155)) - Scanned deleted blocks log and got 0 delTX to process.
2019-09-10 07:02:59,892 [SCMBlockDeletingService#1] DEBUG block.SCMBlockDeletingService (SCMBlockDeletingService.java:call(138)) - Running DeletedBlockTransactionScanner
2019-09-10 07:02:59,893 [SCMBlockDeletingService#1] DEBUG block.SCMBlockDeletingService (SCMBlockDeletingService.java:call(155)) - Scanned deleted blocks log and got 0 delTX to process.
2019-09-10 07:02:59,898 [main] INFO  impl.RaftServerProxy (ConfUtils.java:logGet(43)) - raft.rpc.type = GRPC (default)
2019-09-10 07:02:59,974 [main] INFO  grpc.GrpcFactory (GrpcFactory.java:checkPooledByteBufAllocatorUseCacheForAllThreads(45)) - PERFORMANCE WARNING: useCacheForAllThreads is true that may cause Netty to create a lot garbage objects and, as a result, trigger GC.
	It is recommended to disable useCacheForAllThreads by setting -Dorg.apache.ratis.thirdparty.io.netty.allocator.useCacheForAllThreads=false in command line.
2019-09-10 07:02:59,979 [main] INFO  grpc.GrpcConfigKeys$Server (ConfUtils.java:logGet(43)) - raft.grpc.server.port = 0 (default)
2019-09-10 07:02:59,980 [main] INFO  server.GrpcService (ConfUtils.java:logGet(43)) - raft.grpc.message.size.max = 33570816 (custom)
2019-09-10 07:02:59,982 [main] INFO  server.RaftServerConfigKeys (ConfUtils.java:logGet(43)) - raft.server.log.appender.buffer.byte-limit = 33554432 (custom)
2019-09-10 07:02:59,982 [main] INFO  server.GrpcService (ConfUtils.java:logGet(43)) - raft.grpc.flow.control.window = 1MB (=1048576) (default)
2019-09-10 07:02:59,983 [main] INFO  server.RaftServerConfigKeys (ConfUtils.java:logGet(43)) - raft.server.rpc.request.timeout = 3000ms (default)
2019-09-10 07:02:59,994 [SCMBlockDeletingService#0] DEBUG block.SCMBlockDeletingService (SCMBlockDeletingService.java:call(138)) - Running DeletedBlockTransactionScanner
2019-09-10 07:02:59,994 [SCMBlockDeletingService#0] DEBUG block.SCMBlockDeletingService (SCMBlockDeletingService.java:call(155)) - Scanned deleted blocks log and got 0 delTX to process.
2019-09-10 07:03:00,095 [SCMBlockDeletingService#0] DEBUG block.SCMBlockDeletingService (SCMBlockDeletingService.java:call(138)) - Running DeletedBlockTransactionScanner
2019-09-10 07:03:00,095 [SCMBlockDeletingService#0] DEBUG block.SCMBlockDeletingService (SCMBlockDeletingService.java:call(155)) - Scanned deleted blocks log and got 0 delTX to process.
2019-09-10 07:03:00,148 [main] INFO  server.RaftServerConfigKeys (ConfUtils.java:logGet(43)) - raft.server.storage.dir = [/workdir/hadoop-ozone/integration-test/target/test-dir/MiniOzoneClusterImpl-d81683b7-9cbd-46ae-b692-2e79b67436cc/datanode-0/data/ratis] (custom)
2019-09-10 07:03:00,196 [SCMBlockDeletingService#0] DEBUG block.SCMBlockDeletingService (SCMBlockDeletingService.java:call(138)) - Running DeletedBlockTransactionScanner
2019-09-10 07:03:00,196 [SCMBlockDeletingService#0] DEBUG block.SCMBlockDeletingService (SCMBlockDeletingService.java:call(155)) - Scanned deleted blocks log and got 0 delTX to process.
2019-09-10 07:03:00,201 [main] INFO  hdfs.DFSUtil (DFSUtil.java:httpServerTemplateForNNAndJN(1641)) - Starting Web-server for hddsDatanode at: http://0.0.0.0:0
2019-09-10 07:03:00,203 [main] INFO  server.AuthenticationFilter (AuthenticationFilter.java:constructSecretProvider(240)) - Unable to initialize FileSignerSecretProvider, falling back to use random secrets.
2019-09-10 07:03:00,204 [main] WARN  http.HttpRequestLog (HttpRequestLog.java:getRequestLog(97)) - Jetty request log can only be enabled using Log4j
2019-09-10 07:03:00,208 [main] INFO  http.HttpServer2 (HttpServer2.java:addGlobalFilter(975)) - Added global filter 'safety' (class=org.apache.hadoop.http.HttpServer2$QuotingInputFilter)
2019-09-10 07:03:00,209 [main] INFO  http.HttpServer2 (HttpServer2.java:addFilter(948)) - Added filter static_user_filter (class=org.apache.hadoop.http.lib.StaticUserWebFilter$StaticUserFilter) to context hddsDatanode
2019-09-10 07:03:00,209 [main] INFO  http.HttpServer2 (HttpServer2.java:addFilter(958)) - Added filter static_user_filter (class=org.apache.hadoop.http.lib.StaticUserWebFilter$StaticUserFilter) to context static
2019-09-10 07:03:00,210 [main] INFO  http.HttpServer2 (HttpServer2.java:addFilter(958)) - Added filter static_user_filter (class=org.apache.hadoop.http.lib.StaticUserWebFilter$StaticUserFilter) to context logs
2019-09-10 07:03:00,211 [main] INFO  http.HttpServer2 (HttpServer2.java:bindListener(1191)) - Jetty bound to port 36075
2019-09-10 07:03:00,212 [main] INFO  server.Server (Server.java:doStart(351)) - jetty-9.3.24.v20180605, build timestamp: 2018-06-05T17:11:56Z, git hash: 84205aa28f11a4f31f2a3b86d1bba2cc8ab69827
2019-09-10 07:03:00,215 [main] INFO  handler.ContextHandler (ContextHandler.java:doStart(781)) - Started o.e.j.s.ServletContextHandler@7f353d99{/logs,file:///workdir/hadoop-ozone/integration-test/target/log,AVAILABLE}
2019-09-10 07:03:00,216 [main] INFO  handler.ContextHandler (ContextHandler.java:doStart(781)) - Started o.e.j.s.ServletContextHandler@5d43409a{/static,jar:file:/home/user/.m2/repository/org/apache/hadoop/hadoop-hdds-container-service/0.5.0-SNAPSHOT/hadoop-hdds-container-service-0.5.0-SNAPSHOT.jar!/webapps/static,AVAILABLE}
2019-09-10 07:03:00,266 [main] INFO  handler.ContextHandler (ContextHandler.java:doStart(781)) - Started o.e.j.w.WebAppContext@767a014e{/,file:///tmp/jetty-0.0.0.0-36075-hddsDatanode-_-any-5102446721248125929.dir/webapp/,AVAILABLE}{/hddsDatanode}
2019-09-10 07:03:00,266 [main] INFO  server.AbstractConnector (AbstractConnector.java:doStart(278)) - Started ServerConnector@d109c4f{HTTP/1.1,[http/1.1]}{0.0.0.0:36075}
2019-09-10 07:03:00,268 [main] INFO  server.Server (Server.java:doStart(419)) - Started @6090ms
2019-09-10 07:03:00,269 [main] WARN  impl.MetricsSystemImpl (MetricsSystemImpl.java:register(276)) - Sink prometheus already exists!
2019-09-10 07:03:00,270 [main] INFO  server.BaseHttpServer (BaseHttpServer.java:updateConnectorAddress(215)) - HTTP server of HDDSDATANODE is listening at http://0.0.0.0:36075
2019-09-10 07:03:00,272 [main] INFO  ozone.MiniOzoneClusterImpl (MiniOzoneClusterImpl.java:lambda$waitForClusterToBeReady$0(140)) - Waiting for cluster to be ready. Got 0 of 1 DN Heartbeats.
2019-09-10 07:03:00,277 [org.apache.hadoop.util.JvmPauseMonitor$Monitor@2221b5ad] INFO  util.JvmPauseMonitor (JvmPauseMonitor.java:run(188)) - Starting JVM pause monitor
2019-09-10 07:03:00,297 [SCMBlockDeletingService#0] DEBUG block.SCMBlockDeletingService (SCMBlockDeletingService.java:call(138)) - Running DeletedBlockTransactionScanner
2019-09-10 07:03:00,297 [SCMBlockDeletingService#0] DEBUG block.SCMBlockDeletingService (SCMBlockDeletingService.java:call(155)) - Scanned deleted blocks log and got 0 delTX to process.
2019-09-10 07:03:00,398 [SCMBlockDeletingService#0] DEBUG block.SCMBlockDeletingService (SCMBlockDeletingService.java:call(138)) - Running DeletedBlockTransactionScanner
2019-09-10 07:03:00,398 [SCMBlockDeletingService#0] DEBUG block.SCMBlockDeletingService (SCMBlockDeletingService.java:call(155)) - Scanned deleted blocks log and got 0 delTX to process.
2019-09-10 07:03:00,411 [Datanode State Machine Thread - 0] INFO  datanode.InitDatanodeState (InitDatanodeState.java:persistContainerDatanodeDetails(140)) - DatanodeDetails is persisted to /workdir/hadoop-ozone/integration-test/target/test-dir/MiniOzoneClusterImpl-d81683b7-9cbd-46ae-b692-2e79b67436cc/datanode-0/meta/datanode.id
2019-09-10 07:03:00,499 [SCMBlockDeletingService#0] DEBUG block.SCMBlockDeletingService (SCMBlockDeletingService.java:call(138)) - Running DeletedBlockTransactionScanner
2019-09-10 07:03:00,499 [SCMBlockDeletingService#0] DEBUG block.SCMBlockDeletingService (SCMBlockDeletingService.java:call(155)) - Scanned deleted blocks log and got 0 delTX to process.
2019-09-10 07:03:00,600 [SCMBlockDeletingService#0] DEBUG block.SCMBlockDeletingService (SCMBlockDeletingService.java:call(138)) - Running DeletedBlockTransactionScanner
2019-09-10 07:03:00,600 [SCMBlockDeletingService#0] DEBUG block.SCMBlockDeletingService (SCMBlockDeletingService.java:call(155)) - Scanned deleted blocks log and got 0 delTX to process.
2019-09-10 07:03:00,701 [SCMBlockDeletingService#0] DEBUG block.SCMBlockDeletingService (SCMBlockDeletingService.java:call(138)) - Running DeletedBlockTransactionScanner
2019-09-10 07:03:00,701 [SCMBlockDeletingService#0] DEBUG block.SCMBlockDeletingService (SCMBlockDeletingService.java:call(155)) - Scanned deleted blocks log and got 0 delTX to process.
2019-09-10 07:03:00,802 [SCMBlockDeletingService#0] DEBUG block.SCMBlockDeletingService (SCMBlockDeletingService.java:call(138)) - Running DeletedBlockTransactionScanner
2019-09-10 07:03:00,802 [SCMBlockDeletingService#0] DEBUG block.SCMBlockDeletingService (SCMBlockDeletingService.java:call(155)) - Scanned deleted blocks log and got 0 delTX to process.
2019-09-10 07:03:00,903 [SCMBlockDeletingService#0] DEBUG block.SCMBlockDeletingService (SCMBlockDeletingService.java:call(138)) - Running DeletedBlockTransactionScanner
2019-09-10 07:03:00,903 [SCMBlockDeletingService#0] DEBUG block.SCMBlockDeletingService (SCMBlockDeletingService.java:call(155)) - Scanned deleted blocks log and got 0 delTX to process.
2019-09-10 07:03:01,004 [SCMBlockDeletingService#0] DEBUG block.SCMBlockDeletingService (SCMBlockDeletingService.java:call(138)) - Running DeletedBlockTransactionScanner
2019-09-10 07:03:01,004 [SCMBlockDeletingService#0] DEBUG block.SCMBlockDeletingService (SCMBlockDeletingService.java:call(155)) - Scanned deleted blocks log and got 0 delTX to process.
2019-09-10 07:03:01,105 [SCMBlockDeletingService#0] DEBUG block.SCMBlockDeletingService (SCMBlockDeletingService.java:call(138)) - Running DeletedBlockTransactionScanner
2019-09-10 07:03:01,105 [SCMBlockDeletingService#0] DEBUG block.SCMBlockDeletingService (SCMBlockDeletingService.java:call(155)) - Scanned deleted blocks log and got 0 delTX to process.
2019-09-10 07:03:01,206 [SCMBlockDeletingService#0] DEBUG block.SCMBlockDeletingService (SCMBlockDeletingService.java:call(138)) - Running DeletedBlockTransactionScanner
2019-09-10 07:03:01,206 [SCMBlockDeletingService#0] DEBUG block.SCMBlockDeletingService (SCMBlockDeletingService.java:call(155)) - Scanned deleted blocks log and got 0 delTX to process.
2019-09-10 07:03:01,273 [main] INFO  ozone.MiniOzoneClusterImpl (MiniOzoneClusterImpl.java:lambda$waitForClusterToBeReady$0(140)) - Waiting for cluster to be ready. Got 0 of 1 DN Heartbeats.
2019-09-10 07:03:01,307 [SCMBlockDeletingService#1] DEBUG block.SCMBlockDeletingService (SCMBlockDeletingService.java:call(138)) - Running DeletedBlockTransactionScanner
2019-09-10 07:03:01,307 [SCMBlockDeletingService#1] DEBUG block.SCMBlockDeletingService (SCMBlockDeletingService.java:call(155)) - Scanned deleted blocks log and got 0 delTX to process.
2019-09-10 07:03:01,408 [SCMBlockDeletingService#1] DEBUG block.SCMBlockDeletingService (SCMBlockDeletingService.java:call(138)) - Running DeletedBlockTransactionScanner
2019-09-10 07:03:01,409 [SCMBlockDeletingService#1] DEBUG block.SCMBlockDeletingService (SCMBlockDeletingService.java:call(155)) - Scanned deleted blocks log and got 0 delTX to process.
2019-09-10 07:03:01,509 [SCMBlockDeletingService#1] DEBUG block.SCMBlockDeletingService (SCMBlockDeletingService.java:call(138)) - Running DeletedBlockTransactionScanner
2019-09-10 07:03:01,510 [SCMBlockDeletingService#1] DEBUG block.SCMBlockDeletingService (SCMBlockDeletingService.java:call(155)) - Scanned deleted blocks log and got 0 delTX to process.
2019-09-10 07:03:01,610 [SCMBlockDeletingService#1] DEBUG block.SCMBlockDeletingService (SCMBlockDeletingService.java:call(138)) - Running DeletedBlockTransactionScanner
2019-09-10 07:03:01,611 [SCMBlockDeletingService#1] DEBUG block.SCMBlockDeletingService (SCMBlockDeletingService.java:call(155)) - Scanned deleted blocks log and got 0 delTX to process.
2019-09-10 07:03:01,711 [SCMBlockDeletingService#1] DEBUG block.SCMBlockDeletingService (SCMBlockDeletingService.java:call(138)) - Running DeletedBlockTransactionScanner
2019-09-10 07:03:01,712 [SCMBlockDeletingService#1] DEBUG block.SCMBlockDeletingService (SCMBlockDeletingService.java:call(155)) - Scanned deleted blocks log and got 0 delTX to process.
2019-09-10 07:03:01,812 [SCMBlockDeletingService#1] DEBUG block.SCMBlockDeletingService (SCMBlockDeletingService.java:call(138)) - Running DeletedBlockTransactionScanner
2019-09-10 07:03:01,813 [SCMBlockDeletingService#1] DEBUG block.SCMBlockDeletingService (SCMBlockDeletingService.java:call(155)) - Scanned deleted blocks log and got 0 delTX to process.
2019-09-10 07:03:01,913 [SCMBlockDeletingService#1] DEBUG block.SCMBlockDeletingService (SCMBlockDeletingService.java:call(138)) - Running DeletedBlockTransactionScanner
2019-09-10 07:03:01,914 [SCMBlockDeletingService#1] DEBUG block.SCMBlockDeletingService (SCMBlockDeletingService.java:call(155)) - Scanned deleted blocks log and got 0 delTX to process.
2019-09-10 07:03:02,014 [SCMBlockDeletingService#1] DEBUG block.SCMBlockDeletingService (SCMBlockDeletingService.java:call(138)) - Running DeletedBlockTransactionScanner
2019-09-10 07:03:02,015 [SCMBlockDeletingService#1] DEBUG block.SCMBlockDeletingService (SCMBlockDeletingService.java:call(155)) - Scanned deleted blocks log and got 0 delTX to process.
2019-09-10 07:03:02,115 [SCMBlockDeletingService#1] DEBUG block.SCMBlockDeletingService (SCMBlockDeletingService.java:call(138)) - Running DeletedBlockTransactionScanner
2019-09-10 07:03:02,116 [SCMBlockDeletingService#1] DEBUG block.SCMBlockDeletingService (SCMBlockDeletingService.java:call(155)) - Scanned deleted blocks log and got 0 delTX to process.
2019-09-10 07:03:02,216 [SCMBlockDeletingService#1] DEBUG block.SCMBlockDeletingService (SCMBlockDeletingService.java:call(138)) - Running DeletedBlockTransactionScanner
2019-09-10 07:03:02,217 [SCMBlockDeletingService#1] DEBUG block.SCMBlockDeletingService (SCMBlockDeletingService.java:call(155)) - Scanned deleted blocks log and got 0 delTX to process.
2019-09-10 07:03:02,273 [main] INFO  ozone.MiniOzoneClusterImpl (MiniOzoneClusterImpl.java:lambda$waitForClusterToBeReady$0(140)) - Waiting for cluster to be ready. Got 0 of 1 DN Heartbeats.
2019-09-10 07:03:02,317 [SCMBlockDeletingService#1] DEBUG block.SCMBlockDeletingService (SCMBlockDeletingService.java:call(138)) - Running DeletedBlockTransactionScanner
2019-09-10 07:03:02,319 [SCMBlockDeletingService#1] DEBUG block.SCMBlockDeletingService (SCMBlockDeletingService.java:call(155)) - Scanned deleted blocks log and got 0 delTX to process.
2019-09-10 07:03:02,419 [SCMBlockDeletingService#1] DEBUG block.SCMBlockDeletingService (SCMBlockDeletingService.java:call(138)) - Running DeletedBlockTransactionScanner
2019-09-10 07:03:02,420 [SCMBlockDeletingService#1] DEBUG block.SCMBlockDeletingService (SCMBlockDeletingService.java:call(155)) - Scanned deleted blocks log and got 0 delTX to process.
2019-09-10 07:03:02,463 [Datanode State Machine Thread - 0] INFO  ozoneimpl.OzoneContainer (OzoneContainer.java:start(217)) - Attempting to start container services.
2019-09-10 07:03:02,466 [Datanode State Machine Thread - 0] INFO  ozoneimpl.OzoneContainer (OzoneContainer.java:startContainerScrub(179)) - Background container scanner has been disabled.
2019-09-10 07:03:02,467 [Datanode State Machine Thread - 0] INFO  ratis.XceiverServerRatis (XceiverServerRatis.java:start(404)) - Starting XceiverServerRatis 05f13708-5e6e-4ea1-a525-a3c8f7f54426 at port 0
2019-09-10 07:03:02,498 [Datanode State Machine Thread - 0] INFO  impl.RaftServerProxy (RaftServerProxy.java:lambda$start$3(299)) - 05f13708-5e6e-4ea1-a525-a3c8f7f54426: start RPC server
2019-09-10 07:03:02,520 [SCMBlockDeletingService#1] DEBUG block.SCMBlockDeletingService (SCMBlockDeletingService.java:call(138)) - Running DeletedBlockTransactionScanner
2019-09-10 07:03:02,521 [SCMBlockDeletingService#1] DEBUG block.SCMBlockDeletingService (SCMBlockDeletingService.java:call(155)) - Scanned deleted blocks log and got 0 delTX to process.
2019-09-10 07:03:02,621 [SCMBlockDeletingService#1] DEBUG block.SCMBlockDeletingService (SCMBlockDeletingService.java:call(138)) - Running DeletedBlockTransactionScanner
2019-09-10 07:03:02,622 [SCMBlockDeletingService#1] DEBUG block.SCMBlockDeletingService (SCMBlockDeletingService.java:call(155)) - Scanned deleted blocks log and got 0 delTX to process.
2019-09-10 07:03:02,656 [Datanode State Machine Thread - 0] INFO  server.GrpcService (GrpcService.java:startImpl(158)) - 05f13708-5e6e-4ea1-a525-a3c8f7f54426: GrpcService started, listening on 0.0.0.0/0.0.0.0:44353
2019-09-10 07:03:02,657 [Datanode State Machine Thread - 0] INFO  ratis.XceiverServerRatis (XceiverServerRatis.java:start(414)) - XceiverServerRatis 05f13708-5e6e-4ea1-a525-a3c8f7f54426 is started using port 44353
2019-09-10 07:03:02,662 [Datanode State Machine Thread - 0] INFO  server.XceiverServerGrpc (XceiverServerGrpc.java:start(163)) - XceiverServerGrpc 05f13708-5e6e-4ea1-a525-a3c8f7f54426 is started using port 43509
2019-09-10 07:03:02,722 [SCMBlockDeletingService#1] DEBUG block.SCMBlockDeletingService (SCMBlockDeletingService.java:call(138)) - Running DeletedBlockTransactionScanner
2019-09-10 07:03:02,723 [SCMBlockDeletingService#1] DEBUG block.SCMBlockDeletingService (SCMBlockDeletingService.java:call(155)) - Scanned deleted blocks log and got 0 delTX to process.
2019-09-10 07:03:02,823 [SCMBlockDeletingService#1] DEBUG block.SCMBlockDeletingService (SCMBlockDeletingService.java:call(138)) - Running DeletedBlockTransactionScanner
2019-09-10 07:03:02,824 [SCMBlockDeletingService#1] DEBUG block.SCMBlockDeletingService (SCMBlockDeletingService.java:call(155)) - Scanned deleted blocks log and got 0 delTX to process.
2019-09-10 07:03:02,924 [SCMBlockDeletingService#1] DEBUG block.SCMBlockDeletingService (SCMBlockDeletingService.java:call(138)) - Running DeletedBlockTransactionScanner
2019-09-10 07:03:02,925 [SCMBlockDeletingService#1] DEBUG block.SCMBlockDeletingService (SCMBlockDeletingService.java:call(155)) - Scanned deleted blocks log and got 0 delTX to process.
2019-09-10 07:03:03,025 [SCMBlockDeletingService#1] DEBUG block.SCMBlockDeletingService (SCMBlockDeletingService.java:call(138)) - Running DeletedBlockTransactionScanner
2019-09-10 07:03:03,026 [SCMBlockDeletingService#1] DEBUG block.SCMBlockDeletingService (SCMBlockDeletingService.java:call(155)) - Scanned deleted blocks log and got 0 delTX to process.
2019-09-10 07:03:03,127 [SCMBlockDeletingService#1] DEBUG block.SCMBlockDeletingService (SCMBlockDeletingService.java:call(138)) - Running DeletedBlockTransactionScanner
2019-09-10 07:03:03,127 [SCMBlockDeletingService#1] DEBUG block.SCMBlockDeletingService (SCMBlockDeletingService.java:call(155)) - Scanned deleted blocks log and got 0 delTX to process.
2019-09-10 07:03:03,228 [SCMBlockDeletingService#1] DEBUG block.SCMBlockDeletingService (SCMBlockDeletingService.java:call(138)) - Running DeletedBlockTransactionScanner
2019-09-10 07:03:03,228 [SCMBlockDeletingService#1] DEBUG block.SCMBlockDeletingService (SCMBlockDeletingService.java:call(155)) - Scanned deleted blocks log and got 0 delTX to process.
2019-09-10 07:03:03,274 [main] INFO  ozone.MiniOzoneClusterImpl (MiniOzoneClusterImpl.java:lambda$waitForClusterToBeReady$0(140)) - Waiting for cluster to be ready. Got 0 of 1 DN Heartbeats.
2019-09-10 07:03:03,329 [SCMBlockDeletingService#0] DEBUG block.SCMBlockDeletingService (SCMBlockDeletingService.java:call(138)) - Running DeletedBlockTransactionScanner
2019-09-10 07:03:03,329 [SCMBlockDeletingService#0] DEBUG block.SCMBlockDeletingService (SCMBlockDeletingService.java:call(155)) - Scanned deleted blocks log and got 0 delTX to process.
2019-09-10 07:03:03,430 [SCMBlockDeletingService#0] DEBUG block.SCMBlockDeletingService (SCMBlockDeletingService.java:call(138)) - Running DeletedBlockTransactionScanner
2019-09-10 07:03:03,430 [SCMBlockDeletingService#0] DEBUG block.SCMBlockDeletingService (SCMBlockDeletingService.java:call(155)) - Scanned deleted blocks log and got 0 delTX to process.
2019-09-10 07:03:03,531 [SCMBlockDeletingService#0] DEBUG block.SCMBlockDeletingService (SCMBlockDeletingService.java:call(138)) - Running DeletedBlockTransactionScanner
2019-09-10 07:03:03,531 [SCMBlockDeletingService#0] DEBUG block.SCMBlockDeletingService (SCMBlockDeletingService.java:call(155)) - Scanned deleted blocks log and got 0 delTX to process.
2019-09-10 07:03:03,632 [SCMBlockDeletingService#0] DEBUG block.SCMBlockDeletingService (SCMBlockDeletingService.java:call(138)) - Running DeletedBlockTransactionScanner
2019-09-10 07:03:03,632 [SCMBlockDeletingService#0] DEBUG block.SCMBlockDeletingService (SCMBlockDeletingService.java:call(155)) - Scanned deleted blocks log and got 0 delTX to process.
2019-09-10 07:03:03,733 [SCMBlockDeletingService#0] DEBUG block.SCMBlockDeletingService (SCMBlockDeletingService.java:call(138)) - Running DeletedBlockTransactionScanner
2019-09-10 07:03:03,733 [SCMBlockDeletingService#0] DEBUG block.SCMBlockDeletingService (SCMBlockDeletingService.java:call(155)) - Scanned deleted blocks log and got 0 delTX to process.
2019-09-10 07:03:03,834 [SCMBlockDeletingService#0] DEBUG block.SCMBlockDeletingService (SCMBlockDeletingService.java:call(138)) - Running DeletedBlockTransactionScanner
2019-09-10 07:03:03,834 [SCMBlockDeletingService#0] DEBUG block.SCMBlockDeletingService (SCMBlockDeletingService.java:call(155)) - Scanned deleted blocks log and got 0 delTX to process.
2019-09-10 07:03:03,935 [SCMBlockDeletingService#0] DEBUG block.SCMBlockDeletingService (SCMBlockDeletingService.java:call(138)) - Running DeletedBlockTransactionScanner
2019-09-10 07:03:03,935 [SCMBlockDeletingService#0] DEBUG block.SCMBlockDeletingService (SCMBlockDeletingService.java:call(155)) - Scanned deleted blocks log and got 0 delTX to process.
2019-09-10 07:03:04,035 [SCMBlockDeletingService#0] DEBUG block.SCMBlockDeletingService (SCMBlockDeletingService.java:call(138)) - Running DeletedBlockTransactionScanner
2019-09-10 07:03:04,036 [SCMBlockDeletingService#0] DEBUG block.SCMBlockDeletingService (SCMBlockDeletingService.java:call(155)) - Scanned deleted blocks log and got 0 delTX to process.
2019-09-10 07:03:04,136 [SCMBlockDeletingService#0] DEBUG block.SCMBlockDeletingService (SCMBlockDeletingService.java:call(138)) - Running DeletedBlockTransactionScanner
2019-09-10 07:03:04,136 [SCMBlockDeletingService#0] DEBUG block.SCMBlockDeletingService (SCMBlockDeletingService.java:call(155)) - Scanned deleted blocks log and got 0 delTX to process.
2019-09-10 07:03:04,237 [SCMBlockDeletingService#0] DEBUG block.SCMBlockDeletingService (SCMBlockDeletingService.java:call(138)) - Running DeletedBlockTransactionScanner
2019-09-10 07:03:04,237 [SCMBlockDeletingService#0] DEBUG block.SCMBlockDeletingService (SCMBlockDeletingService.java:call(155)) - Scanned deleted blocks log and got 0 delTX to process.
2019-09-10 07:03:04,275 [main] INFO  ozone.MiniOzoneClusterImpl (MiniOzoneClusterImpl.java:lambda$waitForClusterToBeReady$0(140)) - Waiting for cluster to be ready. Got 0 of 1 DN Heartbeats.
2019-09-10 07:03:04,318 [IPC Server handler 0 on 45991] INFO  net.NetworkTopology (NetworkTopologyImpl.java:add(110)) - Added a new node: /default-rack/05f13708-5e6e-4ea1-a525-a3c8f7f54426
2019-09-10 07:03:04,319 [IPC Server handler 0 on 45991] INFO  node.SCMNodeManager (SCMNodeManager.java:register(266)) - Registered Data node : 05f13708-5e6e-4ea1-a525-a3c8f7f54426{ip: 192.168.36.76, host: trunk-nightly-20190910-vk757-903364635, networkLocation: /default-rack, certSerialId: null}
2019-09-10 07:03:04,324 [EventQueue-NodeRegistrationContainerReportForDataNodeSafeModeRule] INFO  safemode.SCMSafeModeManager (DataNodeSafeModeRule.java:process(71)) - SCM in safe mode. 1 DataNodes registered, 1 required.
2019-09-10 07:03:04,325 [EventQueue-NodeRegistrationContainerReportForDataNodeSafeModeRule] INFO  safemode.SCMSafeModeManager (SCMSafeModeManager.java:validateSafeModeExitRules(177)) - ScmSafeModeManager, all rules are successfully validated
2019-09-10 07:03:04,325 [EventQueue-NodeRegistrationContainerReportForDataNodeSafeModeRule] INFO  safemode.SCMSafeModeManager (SCMSafeModeManager.java:exitSafeMode(193)) - SCM exiting safe mode.
2019-09-10 07:03:04,338 [SCMBlockDeletingService#0] DEBUG block.SCMBlockDeletingService (SCMBlockDeletingService.java:call(138)) - Running DeletedBlockTransactionScanner
2019-09-10 07:03:04,338 [SCMBlockDeletingService#0] DEBUG block.SCMBlockDeletingService (SCMBlockDeletingService.java:call(155)) - Scanned deleted blocks log and got 0 delTX to process.
2019-09-10 07:03:04,439 [SCMBlockDeletingService#0] DEBUG block.SCMBlockDeletingService (SCMBlockDeletingService.java:call(138)) - Running DeletedBlockTransactionScanner
2019-09-10 07:03:04,439 [SCMBlockDeletingService#0] DEBUG block.SCMBlockDeletingService (SCMBlockDeletingService.java:call(155)) - Scanned deleted blocks log and got 0 delTX to process.
2019-09-10 07:03:04,540 [SCMBlockDeletingService#0] DEBUG block.SCMBlockDeletingService (SCMBlockDeletingService.java:call(138)) - Running DeletedBlockTransactionScanner
2019-09-10 07:03:04,540 [SCMBlockDeletingService#0] DEBUG block.SCMBlockDeletingService (SCMBlockDeletingService.java:call(155)) - Scanned deleted blocks log and got 0 delTX to process.
2019-09-10 07:03:04,641 [SCMBlockDeletingService#0] DEBUG block.SCMBlockDeletingService (SCMBlockDeletingService.java:call(138)) - Running DeletedBlockTransactionScanner
2019-09-10 07:03:04,641 [SCMBlockDeletingService#0] DEBUG block.SCMBlockDeletingService (SCMBlockDeletingService.java:call(155)) - Scanned deleted blocks log and got 0 delTX to process.
2019-09-10 07:03:04,742 [SCMBlockDeletingService#0] DEBUG block.SCMBlockDeletingService (SCMBlockDeletingService.java:call(138)) - Running DeletedBlockTransactionScanner
2019-09-10 07:03:04,742 [SCMBlockDeletingService#0] DEBUG block.SCMBlockDeletingService (SCMBlockDeletingService.java:call(155)) - Scanned deleted blocks log and got 0 delTX to process.
2019-09-10 07:03:04,843 [SCMBlockDeletingService#1] DEBUG block.SCMBlockDeletingService (SCMBlockDeletingService.java:call(138)) - Running DeletedBlockTransactionScanner
2019-09-10 07:03:04,843 [SCMBlockDeletingService#1] DEBUG block.SCMBlockDeletingService (SCMBlockDeletingService.java:call(155)) - Scanned deleted blocks log and got 0 delTX to process.
2019-09-10 07:03:04,846 [grpc-default-executor-0] INFO  impl.RaftServerProxy (RaftServerProxy.java:addNew(89)) - 05f13708-5e6e-4ea1-a525-a3c8f7f54426: addNew group-34B10843FE54:[05f13708-5e6e-4ea1-a525-a3c8f7f54426:192.168.36.76:44353] returns group-34B10843FE54:java.util.concurrent.CompletableFuture@6850ec3[Not completed]
2019-09-10 07:03:04,860 [pool-27-thread-1] INFO  impl.RaftServerImpl (RaftServerImpl.java:<init>(95)) - 05f13708-5e6e-4ea1-a525-a3c8f7f54426: new RaftServerImpl for group-34B10843FE54:[05f13708-5e6e-4ea1-a525-a3c8f7f54426:192.168.36.76:44353] with ContainerStateMachine:uninitialized
2019-09-10 07:03:04,862 [pool-27-thread-1] INFO  server.RaftServerConfigKeys (ConfUtils.java:logGet(43)) - raft.server.rpc.timeout.min = 5s (custom)
2019-09-10 07:03:04,863 [pool-27-thread-1] INFO  server.RaftServerConfigKeys (ConfUtils.java:logGet(43)) - raft.server.rpc.timeout.max = 5200ms (custom)
2019-09-10 07:03:04,863 [pool-27-thread-1] INFO  server.RaftServerConfigKeys (ConfUtils.java:logGet(43)) - raft.server.rpcslowness.timeout = 120s (custom)
2019-09-10 07:03:04,864 [pool-27-thread-1] INFO  server.RaftServerConfigKeys (ConfUtils.java:logGet(43)) - raft.server.sleep.deviation.threshold = 300 (default)
2019-09-10 07:03:04,864 [pool-27-thread-1] INFO  server.RaftServerConfigKeys (ConfUtils.java:logGet(43)) - raft.server.log.appender.install.snapshot.enabled = false (custom)
2019-09-10 07:03:04,872 [pool-27-thread-1] INFO  impl.RaftServerImpl (ServerState.java:<init>(103)) - 05f13708-5e6e-4ea1-a525-a3c8f7f54426@group-34B10843FE54: ConfigurationManager, init=-1: [05f13708-5e6e-4ea1-a525-a3c8f7f54426:192.168.36.76:44353], old=null, confs=<EMPTY_MAP>
2019-09-10 07:03:04,872 [pool-27-thread-1] INFO  server.RaftServerConfigKeys (ConfUtils.java:logGet(43)) - raft.server.storage.dir = [/workdir/hadoop-ozone/integration-test/target/test-dir/MiniOzoneClusterImpl-d81683b7-9cbd-46ae-b692-2e79b67436cc/datanode-0/data/ratis] (custom)
2019-09-10 07:03:04,879 [pool-27-thread-1] INFO  storage.RaftStorageDirectory (RaftStorageDirectory.java:analyzeStorage(246)) - The storage directory /workdir/hadoop-ozone/integration-test/target/test-dir/MiniOzoneClusterImpl-d81683b7-9cbd-46ae-b692-2e79b67436cc/datanode-0/data/ratis/50640c6e-e08a-4019-af62-34b10843fe54 does not exist. Creating ...
2019-09-10 07:03:04,905 [pool-27-thread-1] INFO  storage.RaftStorageDirectory (RaftStorageDirectory.java:tryLock(328)) - Lock on /workdir/hadoop-ozone/integration-test/target/test-dir/MiniOzoneClusterImpl-d81683b7-9cbd-46ae-b692-2e79b67436cc/datanode-0/data/ratis/50640c6e-e08a-4019-af62-34b10843fe54/in_use.lock acquired by nodename 13384@trunk-nightly-20190910-vk757-903364635
2019-09-10 07:03:04,940 [pool-27-thread-1] INFO  storage.RaftStorage (RaftStorage.java:format(72)) - Storage directory /workdir/hadoop-ozone/integration-test/target/test-dir/MiniOzoneClusterImpl-d81683b7-9cbd-46ae-b692-2e79b67436cc/datanode-0/data/ratis/50640c6e-e08a-4019-af62-34b10843fe54 has been successfully formatted.
2019-09-10 07:03:04,944 [SCMBlockDeletingService#1] DEBUG block.SCMBlockDeletingService (SCMBlockDeletingService.java:call(138)) - Running DeletedBlockTransactionScanner
2019-09-10 07:03:04,945 [pool-27-thread-1] INFO  ratis.ContainerStateMachine (ContainerStateMachine.java:loadSnapshot(230)) - group-34B10843FE54: The snapshot info is null. Setting the last applied indexto:(t:0, i:~)
2019-09-10 07:03:04,945 [SCMBlockDeletingService#1] DEBUG block.SCMBlockDeletingService (SCMBlockDeletingService.java:call(155)) - Scanned deleted blocks log and got 0 delTX to process.
2019-09-10 07:03:04,945 [pool-27-thread-1] INFO  server.RaftServerConfigKeys (ConfUtils.java:logGet(43)) - raft.server.notification.no-leader.timeout = 120s (custom)
2019-09-10 07:03:04,948 [pool-27-thread-1] INFO  server.RaftServerConfigKeys (ConfUtils.java:logGet(43)) - raft.server.log.use.memory = false (default)
2019-09-10 07:03:04,955 [pool-27-thread-1] INFO  server.RaftServerConfigKeys (ConfUtils.java:logGet(43)) - raft.server.log.purge.gap = 1000000 (custom)
2019-09-10 07:03:04,956 [pool-27-thread-1] INFO  server.RaftServerConfigKeys (ConfUtils.java:logGet(43)) - raft.server.log.appender.buffer.byte-limit = 33554432 (custom)
2019-09-10 07:03:04,958 [pool-27-thread-1] INFO  server.RaftServerConfigKeys (ConfUtils.java:logGet(43)) - raft.server.log.segment.size.max = 1048576 (custom)
2019-09-10 07:03:04,964 [pool-27-thread-1] INFO  server.RaftServerConfigKeys (ConfUtils.java:logGet(43)) - raft.server.log.segment.cache.num.max = 2 (custom)
2019-09-10 07:03:04,971 [pool-27-thread-1] INFO  segmented.SegmentedRaftLogWorker (SegmentedRaftLogWorker.java:<init>(172)) - new 05f13708-5e6e-4ea1-a525-a3c8f7f54426@group-34B10843FE54-SegmentedRaftLogWorker for RaftStorage:Storage Directory /workdir/hadoop-ozone/integration-test/target/test-dir/MiniOzoneClusterImpl-d81683b7-9cbd-46ae-b692-2e79b67436cc/datanode-0/data/ratis/50640c6e-e08a-4019-af62-34b10843fe54
2019-09-10 07:03:04,973 [pool-27-thread-1] INFO  impl.MetricsSystemImpl (MetricsSystemImpl.java:init(158)) - ratis metrics system started (again)
2019-09-10 07:03:05,013 [pool-27-thread-1] INFO  server.RaftServerConfigKeys (ConfUtils.java:logGet(43)) - raft.server.log.queue.byte-limit = 2147483647 (custom)
2019-09-10 07:03:05,014 [pool-27-thread-1] INFO  server.RaftServerConfigKeys (ConfUtils.java:logGet(43)) - raft.server.log.queue.element-limit = 1024 (custom)
2019-09-10 07:03:05,017 [pool-27-thread-1] INFO  server.RaftServerConfigKeys (ConfUtils.java:logGet(43)) - raft.server.log.segment.size.max = 1048576 (custom)
2019-09-10 07:03:05,018 [pool-27-thread-1] INFO  server.RaftServerConfigKeys (ConfUtils.java:logGet(43)) - raft.server.log.preallocated.size = 16384 (custom)
2019-09-10 07:03:05,018 [pool-27-thread-1] INFO  server.RaftServerConfigKeys (ConfUtils.java:logGet(43)) - raft.server.log.write.buffer.size = 33554432 (custom)
2019-09-10 07:03:05,019 [pool-27-thread-1] INFO  server.RaftServerConfigKeys (ConfUtils.java:logGet(43)) - raft.server.log.force.sync.num = 128 (default)
2019-09-10 07:03:05,020 [pool-27-thread-1] INFO  server.RaftServerConfigKeys (ConfUtils.java:logGet(43)) - raft.server.log.statemachine.data.sync = true (default)
2019-09-10 07:03:05,020 [pool-27-thread-1] INFO  server.RaftServerConfigKeys (ConfUtils.java:logGet(43)) - raft.server.log.statemachine.data.sync.timeout = 10s (default)
2019-09-10 07:03:05,020 [pool-27-thread-1] INFO  server.RaftServerConfigKeys (ConfUtils.java:logGet(43)) - raft.server.log.statemachine.data.sync.timeout.retry = -1 (default)
2019-09-10 07:03:05,029 [pool-27-thread-1] INFO  server.RaftServerConfigKeys (ConfUtils.java:logGet(43)) - raft.server.log.statemachine.data.caching.enabled = true (custom)
2019-09-10 07:03:05,034 [pool-27-thread-1] INFO  segmented.SegmentedRaftLogWorker (SegmentedRaftLogWorker.java:lambda$new$0(132)) - 05f13708-5e6e-4ea1-a525-a3c8f7f54426@group-34B10843FE54-SegmentedRaftLogWorker: flushIndex: setUnconditionally 0 -> -1
2019-09-10 07:03:05,038 [pool-27-thread-1] INFO  server.RaftServerConfigKeys (ConfUtils.java:logGet(43)) - raft.server.snapshot.auto.trigger.enabled = true (custom)
2019-09-10 07:03:05,039 [pool-27-thread-1] INFO  server.RaftServerConfigKeys (ConfUtils.java:logGet(43)) - raft.server.snapshot.auto.trigger.threshold = 10000 (custom)
2019-09-10 07:03:05,040 [pool-27-thread-1] INFO  server.RaftServerConfigKeys (ConfUtils.java:logGet(43)) - raft.server.snapshot.retention.num.files = -1 (default)
2019-09-10 07:03:05,040 [pool-27-thread-1] INFO  server.RaftServerConfigKeys (ConfUtils.java:logGet(43)) - raft.server.retrycache.expirytime = 600000ms (custom)
2019-09-10 07:03:05,045 [SCMBlockDeletingService#1] DEBUG block.SCMBlockDeletingService (SCMBlockDeletingService.java:call(138)) - Running DeletedBlockTransactionScanner
2019-09-10 07:03:05,046 [SCMBlockDeletingService#1] DEBUG block.SCMBlockDeletingService (SCMBlockDeletingService.java:call(155)) - Scanned deleted blocks log and got 0 delTX to process.
2019-09-10 07:03:05,068 [pool-27-thread-1] INFO  impl.RaftServerImpl (RaftServerImpl.java:start(185)) - 05f13708-5e6e-4ea1-a525-a3c8f7f54426@group-34B10843FE54: start as a follower, conf=-1: [05f13708-5e6e-4ea1-a525-a3c8f7f54426:192.168.36.76:44353], old=null
2019-09-10 07:03:05,069 [pool-27-thread-1] INFO  impl.RaftServerImpl (RaftServerImpl.java:setRole(174)) - 05f13708-5e6e-4ea1-a525-a3c8f7f54426@group-34B10843FE54: changes role from      null to FOLLOWER at term 0 for startAsFollower
2019-09-10 07:03:05,070 [pool-27-thread-1] INFO  impl.RoleInfo (RoleInfo.java:updateAndGet(143)) - 05f13708-5e6e-4ea1-a525-a3c8f7f54426: start FollowerState
2019-09-10 07:03:05,072 [pool-27-thread-1] INFO  util.JmxRegister (JmxRegister.java:tryRegister(44)) - Successfully registered JMX Bean with object name Ratis:service=RaftServer,group=group-34B10843FE54,id=05f13708-5e6e-4ea1-a525-a3c8f7f54426
2019-09-10 07:03:05,135 [RatisPipelineUtilsThread] INFO  pipeline.PipelineStateManager (PipelineStateManager.java:addPipeline(56)) - Created pipeline Pipeline[ Id: 50640c6e-e08a-4019-af62-34b10843fe54, Nodes: 05f13708-5e6e-4ea1-a525-a3c8f7f54426{ip: 192.168.36.76, host: trunk-nightly-20190910-vk757-903364635, networkLocation: /default-rack, certSerialId: null}, Type:RATIS, Factor:ONE, State:OPEN]
2019-09-10 07:03:05,146 [SCMBlockDeletingService#1] DEBUG block.SCMBlockDeletingService (SCMBlockDeletingService.java:call(138)) - Running DeletedBlockTransactionScanner
2019-09-10 07:03:05,147 [SCMBlockDeletingService#1] DEBUG block.SCMBlockDeletingService (SCMBlockDeletingService.java:call(155)) - Scanned deleted blocks log and got 0 delTX to process.
2019-09-10 07:03:05,247 [SCMBlockDeletingService#1] DEBUG block.SCMBlockDeletingService (SCMBlockDeletingService.java:call(138)) - Running DeletedBlockTransactionScanner
2019-09-10 07:03:05,248 [SCMBlockDeletingService#1] DEBUG block.SCMBlockDeletingService (SCMBlockDeletingService.java:call(155)) - Scanned deleted blocks log and got 0 delTX to process.
2019-09-10 07:03:05,275 [main] INFO  ozone.MiniOzoneClusterImpl (MiniOzoneClusterImpl.java:lambda$waitForClusterToBeReady$0(140)) - Cluster is ready. Got 1 of 1 DN Heartbeats.
2019-09-10 07:03:05,348 [SCMBlockDeletingService#1] DEBUG block.SCMBlockDeletingService (SCMBlockDeletingService.java:call(138)) - Running DeletedBlockTransactionScanner
2019-09-10 07:03:05,349 [SCMBlockDeletingService#1] DEBUG block.SCMBlockDeletingService (SCMBlockDeletingService.java:call(155)) - Scanned deleted blocks log and got 0 delTX to process.
2019-09-10 07:03:05,449 [SCMBlockDeletingService#1] DEBUG block.SCMBlockDeletingService (SCMBlockDeletingService.java:call(138)) - Running DeletedBlockTransactionScanner
2019-09-10 07:03:05,449 [SCMBlockDeletingService#1] DEBUG block.SCMBlockDeletingService (SCMBlockDeletingService.java:call(155)) - Scanned deleted blocks log and got 0 delTX to process.
2019-09-10 07:03:05,550 [SCMBlockDeletingService#0] DEBUG block.SCMBlockDeletingService (SCMBlockDeletingService.java:call(138)) - Running DeletedBlockTransactionScanner
2019-09-10 07:03:05,551 [SCMBlockDeletingService#0] DEBUG block.SCMBlockDeletingService (SCMBlockDeletingService.java:call(155)) - Scanned deleted blocks log and got 0 delTX to process.
2019-09-10 07:03:05,651 [SCMBlockDeletingService#0] DEBUG block.SCMBlockDeletingService (SCMBlockDeletingService.java:call(138)) - Running DeletedBlockTransactionScanner
2019-09-10 07:03:05,651 [SCMBlockDeletingService#0] DEBUG block.SCMBlockDeletingService (SCMBlockDeletingService.java:call(155)) - Scanned deleted blocks log and got 0 delTX to process.
2019-09-10 07:03:05,752 [SCMBlockDeletingService#1] DEBUG block.SCMBlockDeletingService (SCMBlockDeletingService.java:call(138)) - Running DeletedBlockTransactionScanner
2019-09-10 07:03:05,752 [SCMBlockDeletingService#1] DEBUG block.SCMBlockDeletingService (SCMBlockDeletingService.java:call(155)) - Scanned deleted blocks log and got 0 delTX to process.
2019-09-10 07:03:05,853 [SCMBlockDeletingService#1] DEBUG block.SCMBlockDeletingService (SCMBlockDeletingService.java:call(138)) - Running DeletedBlockTransactionScanner
2019-09-10 07:03:05,853 [SCMBlockDeletingService#1] DEBUG block.SCMBlockDeletingService (SCMBlockDeletingService.java:call(155)) - Scanned deleted blocks log and got 0 delTX to process.
2019-09-10 07:03:05,954 [SCMBlockDeletingService#1] DEBUG block.SCMBlockDeletingService (SCMBlockDeletingService.java:call(138)) - Running DeletedBlockTransactionScanner
2019-09-10 07:03:05,954 [SCMBlockDeletingService#1] DEBUG block.SCMBlockDeletingService (SCMBlockDeletingService.java:call(155)) - Scanned deleted blocks log and got 0 delTX to process.
2019-09-10 07:03:06,055 [SCMBlockDeletingService#1] DEBUG block.SCMBlockDeletingService (SCMBlockDeletingService.java:call(138)) - Running DeletedBlockTransactionScanner
2019-09-10 07:03:06,056 [SCMBlockDeletingService#1] DEBUG block.SCMBlockDeletingService (SCMBlockDeletingService.java:call(155)) - Scanned deleted blocks log and got 0 delTX to process.
2019-09-10 07:03:06,156 [SCMBlockDeletingService#1] DEBUG block.SCMBlockDeletingService (SCMBlockDeletingService.java:call(138)) - Running DeletedBlockTransactionScanner
2019-09-10 07:03:06,157 [SCMBlockDeletingService#1] DEBUG block.SCMBlockDeletingService (SCMBlockDeletingService.java:call(155)) - Scanned deleted blocks log and got 0 delTX to process.
2019-09-10 07:03:06,257 [SCMBlockDeletingService#1] DEBUG block.SCMBlockDeletingService (SCMBlockDeletingService.java:call(138)) - Running DeletedBlockTransactionScanner
2019-09-10 07:03:06,258 [SCMBlockDeletingService#1] DEBUG block.SCMBlockDeletingService (SCMBlockDeletingService.java:call(155)) - Scanned deleted blocks log and got 0 delTX to process.
2019-09-10 07:03:06,358 [SCMBlockDeletingService#1] DEBUG block.SCMBlockDeletingService (SCMBlockDeletingService.java:call(138)) - Running DeletedBlockTransactionScanner
2019-09-10 07:03:06,359 [SCMBlockDeletingService#1] DEBUG block.SCMBlockDeletingService (SCMBlockDeletingService.java:call(155)) - Scanned deleted blocks log and got 0 delTX to process.
2019-09-10 07:03:06,459 [SCMBlockDeletingService#1] DEBUG block.SCMBlockDeletingService (SCMBlockDeletingService.java:call(138)) - Running DeletedBlockTransactionScanner
2019-09-10 07:03:06,460 [SCMBlockDeletingService#1] DEBUG block.SCMBlockDeletingService (SCMBlockDeletingService.java:call(155)) - Scanned deleted blocks log and got 0 delTX to process.
2019-09-10 07:03:06,560 [SCMBlockDeletingService#1] DEBUG block.SCMBlockDeletingService (SCMBlockDeletingService.java:call(138)) - Running DeletedBlockTransactionScanner
2019-09-10 07:03:06,561 [SCMBlockDeletingService#1] DEBUG block.SCMBlockDeletingService (SCMBlockDeletingService.java:call(155)) - Scanned deleted blocks log and got 0 delTX to process.
2019-09-10 07:03:06,661 [SCMBlockDeletingService#1] DEBUG block.SCMBlockDeletingService (SCMBlockDeletingService.java:call(138)) - Running DeletedBlockTransactionScanner
2019-09-10 07:03:06,662 [SCMBlockDeletingService#1] DEBUG block.SCMBlockDeletingService (SCMBlockDeletingService.java:call(155)) - Scanned deleted blocks log and got 0 delTX to process.
2019-09-10 07:03:06,763 [SCMBlockDeletingService#1] DEBUG block.SCMBlockDeletingService (SCMBlockDeletingService.java:call(138)) - Running DeletedBlockTransactionScanner
2019-09-10 07:03:06,764 [SCMBlockDeletingService#1] DEBUG block.SCMBlockDeletingService (SCMBlockDeletingService.java:call(155)) - Scanned deleted blocks log and got 0 delTX to process.
2019-09-10 07:03:06,865 [SCMBlockDeletingService#1] DEBUG block.SCMBlockDeletingService (SCMBlockDeletingService.java:call(138)) - Running DeletedBlockTransactionScanner
2019-09-10 07:03:06,865 [SCMBlockDeletingService#1] DEBUG block.SCMBlockDeletingService (SCMBlockDeletingService.java:call(155)) - Scanned deleted blocks log and got 0 delTX to process.
2019-09-10 07:03:06,966 [SCMBlockDeletingService#1] DEBUG block.SCMBlockDeletingService (SCMBlockDeletingService.java:call(138)) - Running DeletedBlockTransactionScanner
2019-09-10 07:03:06,966 [SCMBlockDeletingService#1] DEBUG block.SCMBlockDeletingService (SCMBlockDeletingService.java:call(155)) - Scanned deleted blocks log and got 0 delTX to process.
2019-09-10 07:03:07,066 [SCMBlockDeletingService#1] DEBUG block.SCMBlockDeletingService (SCMBlockDeletingService.java:call(138)) - Running DeletedBlockTransactionScanner
2019-09-10 07:03:07,067 [SCMBlockDeletingService#1] DEBUG block.SCMBlockDeletingService (SCMBlockDeletingService.java:call(155)) - Scanned deleted blocks log and got 0 delTX to process.
2019-09-10 07:03:07,167 [SCMBlockDeletingService#1] DEBUG block.SCMBlockDeletingService (SCMBlockDeletingService.java:call(138)) - Running DeletedBlockTransactionScanner
2019-09-10 07:03:07,168 [SCMBlockDeletingService#1] DEBUG block.SCMBlockDeletingService (SCMBlockDeletingService.java:call(155)) - Scanned deleted blocks log and got 0 delTX to process.
2019-09-10 07:03:07,268 [SCMBlockDeletingService#1] DEBUG block.SCMBlockDeletingService (SCMBlockDeletingService.java:call(138)) - Running DeletedBlockTransactionScanner
2019-09-10 07:03:07,269 [SCMBlockDeletingService#1] DEBUG block.SCMBlockDeletingService (SCMBlockDeletingService.java:call(155)) - Scanned deleted blocks log and got 0 delTX to process.
2019-09-10 07:03:07,333 [Thread-156] INFO  container.ReplicationManager (ReplicationManager.java:start(162)) - Starting Replication Monitor Thread.
2019-09-10 07:03:07,336 [ReplicationMonitor] INFO  container.ReplicationManager (ReplicationManager.java:run(225)) - Replication Monitor Thread took 2 milliseconds for processing 0 containers.
2019-09-10 07:03:07,369 [SCMBlockDeletingService#1] DEBUG block.SCMBlockDeletingService (SCMBlockDeletingService.java:call(138)) - Running DeletedBlockTransactionScanner
2019-09-10 07:03:07,370 [SCMBlockDeletingService#1] DEBUG block.SCMBlockDeletingService (SCMBlockDeletingService.java:call(155)) - Scanned deleted blocks log and got 0 delTX to process.
2019-09-10 07:03:07,470 [SCMBlockDeletingService#1] DEBUG block.SCMBlockDeletingService (SCMBlockDeletingService.java:call(138)) - Running DeletedBlockTransactionScanner
2019-09-10 07:03:07,471 [SCMBlockDeletingService#1] DEBUG block.SCMBlockDeletingService (SCMBlockDeletingService.java:call(155)) - Scanned deleted blocks log and got 0 delTX to process.
2019-09-10 07:03:07,571 [SCMBlockDeletingService#1] DEBUG block.SCMBlockDeletingService (SCMBlockDeletingService.java:call(138)) - Running DeletedBlockTransactionScanner
2019-09-10 07:03:07,572 [SCMBlockDeletingService#1] DEBUG block.SCMBlockDeletingService (SCMBlockDeletingService.java:call(155)) - Scanned deleted blocks log and got 0 delTX to process.
2019-09-10 07:03:07,672 [SCMBlockDeletingService#1] DEBUG block.SCMBlockDeletingService (SCMBlockDeletingService.java:call(138)) - Running DeletedBlockTransactionScanner
2019-09-10 07:03:07,673 [SCMBlockDeletingService#1] DEBUG block.SCMBlockDeletingService (SCMBlockDeletingService.java:call(155)) - Scanned deleted blocks log and got 0 delTX to process.
2019-09-10 07:03:07,773 [SCMBlockDeletingService#1] DEBUG block.SCMBlockDeletingService (SCMBlockDeletingService.java:call(138)) - Running DeletedBlockTransactionScanner
2019-09-10 07:03:07,774 [SCMBlockDeletingService#1] DEBUG block.SCMBlockDeletingService (SCMBlockDeletingService.java:call(155)) - Scanned deleted blocks log and got 0 delTX to process.
2019-09-10 07:03:07,874 [SCMBlockDeletingService#1] DEBUG block.SCMBlockDeletingService (SCMBlockDeletingService.java:call(138)) - Running DeletedBlockTransactionScanner
2019-09-10 07:03:07,875 [SCMBlockDeletingService#1] DEBUG block.SCMBlockDeletingService (SCMBlockDeletingService.java:call(155)) - Scanned deleted blocks log and got 0 delTX to process.
2019-09-10 07:03:07,975 [SCMBlockDeletingService#1] DEBUG block.SCMBlockDeletingService (SCMBlockDeletingService.java:call(138)) - Running DeletedBlockTransactionScanner
2019-09-10 07:03:07,976 [SCMBlockDeletingService#1] DEBUG block.SCMBlockDeletingService (SCMBlockDeletingService.java:call(155)) - Scanned deleted blocks log and got 0 delTX to process.
2019-09-10 07:03:08,076 [SCMBlockDeletingService#1] DEBUG block.SCMBlockDeletingService (SCMBlockDeletingService.java:call(138)) - Running DeletedBlockTransactionScanner
2019-09-10 07:03:08,077 [SCMBlockDeletingService#1] DEBUG block.SCMBlockDeletingService (SCMBlockDeletingService.java:call(155)) - Scanned deleted blocks log and got 0 delTX to process.
2019-09-10 07:03:08,177 [SCMBlockDeletingService#1] DEBUG block.SCMBlockDeletingService (SCMBlockDeletingService.java:call(138)) - Running DeletedBlockTransactionScanner
2019-09-10 07:03:08,178 [SCMBlockDeletingService#1] DEBUG block.SCMBlockDeletingService (SCMBlockDeletingService.java:call(155)) - Scanned deleted blocks log and got 0 delTX to process.
2019-09-10 07:03:08,235 [main] INFO  rpc.RpcClient (RpcClient.java:createVolume(298)) - Creating Volume: d0c05a5a-53fd-445c-a38d-bea3c59acd20, with jenkins1000 as owner.
2019-09-10 07:03:08,278 [SCMBlockDeletingService#1] DEBUG block.SCMBlockDeletingService (SCMBlockDeletingService.java:call(138)) - Running DeletedBlockTransactionScanner
2019-09-10 07:03:08,278 [SCMBlockDeletingService#1] DEBUG block.SCMBlockDeletingService (SCMBlockDeletingService.java:call(155)) - Scanned deleted blocks log and got 0 delTX to process.
2019-09-10 07:03:08,334 [IPC Server handler 1 on 39112] INFO  volume.OMVolumeCreateRequest (OMVolumeCreateRequest.java:validateAndUpdateCache(189)) - created volume:d0c05a5a-53fd-445c-a38d-bea3c59acd20 for user:jenkins1000
2019-09-10 07:03:08,358 [main] INFO  rpc.RpcClient (RpcClient.java:createBucket(437)) - Creating Bucket: d0c05a5a-53fd-445c-a38d-bea3c59acd20/5abc63aa-889d-4b38-9f5b-e9bc7cc32da8, with Versioning false and Storage Type set to DISK and Encryption set to false 
2019-09-10 07:03:08,379 [SCMBlockDeletingService#1] DEBUG block.SCMBlockDeletingService (SCMBlockDeletingService.java:call(138)) - Running DeletedBlockTransactionScanner
2019-09-10 07:03:08,379 [SCMBlockDeletingService#1] DEBUG block.SCMBlockDeletingService (SCMBlockDeletingService.java:call(155)) - Scanned deleted blocks log and got 0 delTX to process.
2019-09-10 07:03:08,482 [SCMBlockDeletingService#1] DEBUG block.SCMBlockDeletingService (SCMBlockDeletingService.java:call(138)) - Running DeletedBlockTransactionScanner
2019-09-10 07:03:08,483 [SCMBlockDeletingService#1] DEBUG block.SCMBlockDeletingService (SCMBlockDeletingService.java:call(155)) - Scanned deleted blocks log and got 0 delTX to process.
2019-09-10 07:03:08,584 [SCMBlockDeletingService#1] DEBUG block.SCMBlockDeletingService (SCMBlockDeletingService.java:call(138)) - Running DeletedBlockTransactionScanner
2019-09-10 07:03:08,584 [SCMBlockDeletingService#1] DEBUG block.SCMBlockDeletingService (SCMBlockDeletingService.java:call(155)) - Scanned deleted blocks log and got 0 delTX to process.
2019-09-10 07:03:08,903 [SCMBlockDeletingService#1] DEBUG block.SCMBlockDeletingService (SCMBlockDeletingService.java:call(138)) - Running DeletedBlockTransactionScanner
2019-09-10 07:03:08,905 [SCMBlockDeletingService#1] DEBUG block.SCMBlockDeletingService (SCMBlockDeletingService.java:call(155)) - Scanned deleted blocks log and got 0 delTX to process.
2019-09-10 07:03:09,005 [SCMBlockDeletingService#1] DEBUG block.SCMBlockDeletingService (SCMBlockDeletingService.java:call(138)) - Running DeletedBlockTransactionScanner
2019-09-10 07:03:09,006 [SCMBlockDeletingService#1] DEBUG block.SCMBlockDeletingService (SCMBlockDeletingService.java:call(155)) - Scanned deleted blocks log and got 0 delTX to process.
2019-09-10 07:03:09,084 [main] INFO  impl.MetricsSystemImpl (MetricsSystemImpl.java:init(158)) - XceiverClientMetrics metrics system started (again)
2019-09-10 07:03:09,106 [SCMBlockDeletingService#1] DEBUG block.SCMBlockDeletingService (SCMBlockDeletingService.java:call(138)) - Running DeletedBlockTransactionScanner
2019-09-10 07:03:09,107 [SCMBlockDeletingService#1] DEBUG block.SCMBlockDeletingService (SCMBlockDeletingService.java:call(155)) - Scanned deleted blocks log and got 0 delTX to process.
2019-09-10 07:03:09,207 [SCMBlockDeletingService#1] DEBUG block.SCMBlockDeletingService (SCMBlockDeletingService.java:call(138)) - Running DeletedBlockTransactionScanner
2019-09-10 07:03:09,208 [SCMBlockDeletingService#1] DEBUG block.SCMBlockDeletingService (SCMBlockDeletingService.java:call(155)) - Scanned deleted blocks log and got 0 delTX to process.
2019-09-10 07:03:09,224 [grpc-default-executor-0] INFO  client.GrpcClientProtocolClient (GrpcClientProtocolClient.java:onNext(264)) - client-7F424F215E90->05f13708-5e6e-4ea1-a525-a3c8f7f54426: receive RaftClientReply:client-7F424F215E90->05f13708-5e6e-4ea1-a525-a3c8f7f54426@group-34B10843FE54, cid=1, FAILED org.apache.ratis.protocol.NotLeaderException: Server 05f13708-5e6e-4ea1-a525-a3c8f7f54426@group-34B10843FE54 is not the leader, logIndex=0, commits[05f13708-5e6e-4ea1-a525-a3c8f7f54426:c-1]
2019-09-10 07:03:09,308 [SCMBlockDeletingService#1] DEBUG block.SCMBlockDeletingService (SCMBlockDeletingService.java:call(138)) - Running DeletedBlockTransactionScanner
2019-09-10 07:03:09,309 [SCMBlockDeletingService#1] DEBUG block.SCMBlockDeletingService (SCMBlockDeletingService.java:call(155)) - Scanned deleted blocks log and got 0 delTX to process.
2019-09-10 07:03:09,409 [SCMBlockDeletingService#1] DEBUG block.SCMBlockDeletingService (SCMBlockDeletingService.java:call(138)) - Running DeletedBlockTransactionScanner
2019-09-10 07:03:09,410 [SCMBlockDeletingService#1] DEBUG block.SCMBlockDeletingService (SCMBlockDeletingService.java:call(155)) - Scanned deleted blocks log and got 0 delTX to process.
2019-09-10 07:03:09,510 [SCMBlockDeletingService#1] DEBUG block.SCMBlockDeletingService (SCMBlockDeletingService.java:call(138)) - Running DeletedBlockTransactionScanner
2019-09-10 07:03:09,510 [SCMBlockDeletingService#1] DEBUG block.SCMBlockDeletingService (SCMBlockDeletingService.java:call(155)) - Scanned deleted blocks log and got 0 delTX to process.
2019-09-10 07:03:09,611 [SCMBlockDeletingService#1] DEBUG block.SCMBlockDeletingService (SCMBlockDeletingService.java:call(138)) - Running DeletedBlockTransactionScanner
2019-09-10 07:03:09,611 [SCMBlockDeletingService#1] DEBUG block.SCMBlockDeletingService (SCMBlockDeletingService.java:call(155)) - Scanned deleted blocks log and got 0 delTX to process.
2019-09-10 07:03:09,712 [SCMBlockDeletingService#1] DEBUG block.SCMBlockDeletingService (SCMBlockDeletingService.java:call(138)) - Running DeletedBlockTransactionScanner
2019-09-10 07:03:09,712 [SCMBlockDeletingService#1] DEBUG block.SCMBlockDeletingService (SCMBlockDeletingService.java:call(155)) - Scanned deleted blocks log and got 0 delTX to process.
2019-09-10 07:03:09,812 [SCMBlockDeletingService#1] DEBUG block.SCMBlockDeletingService (SCMBlockDeletingService.java:call(138)) - Running DeletedBlockTransactionScanner
2019-09-10 07:03:09,813 [SCMBlockDeletingService#1] DEBUG block.SCMBlockDeletingService (SCMBlockDeletingService.java:call(155)) - Scanned deleted blocks log and got 0 delTX to process.
2019-09-10 07:03:09,913 [SCMBlockDeletingService#1] DEBUG block.SCMBlockDeletingService (SCMBlockDeletingService.java:call(138)) - Running DeletedBlockTransactionScanner
2019-09-10 07:03:09,914 [SCMBlockDeletingService#1] DEBUG block.SCMBlockDeletingService (SCMBlockDeletingService.java:call(155)) - Scanned deleted blocks log and got 0 delTX to process.
2019-09-10 07:03:10,014 [SCMBlockDeletingService#1] DEBUG block.SCMBlockDeletingService (SCMBlockDeletingService.java:call(138)) - Running DeletedBlockTransactionScanner
2019-09-10 07:03:10,014 [SCMBlockDeletingService#1] DEBUG block.SCMBlockDeletingService (SCMBlockDeletingService.java:call(155)) - Scanned deleted blocks log and got 0 delTX to process.
2019-09-10 07:03:10,115 [SCMBlockDeletingService#1] DEBUG block.SCMBlockDeletingService (SCMBlockDeletingService.java:call(138)) - Running DeletedBlockTransactionScanner
2019-09-10 07:03:10,115 [SCMBlockDeletingService#1] DEBUG block.SCMBlockDeletingService (SCMBlockDeletingService.java:call(155)) - Scanned deleted blocks log and got 0 delTX to process.
2019-09-10 07:03:10,216 [SCMBlockDeletingService#1] DEBUG block.SCMBlockDeletingService (SCMBlockDeletingService.java:call(138)) - Running DeletedBlockTransactionScanner
2019-09-10 07:03:10,216 [SCMBlockDeletingService#1] DEBUG block.SCMBlockDeletingService (SCMBlockDeletingService.java:call(155)) - Scanned deleted blocks log and got 0 delTX to process.
2019-09-10 07:03:10,259 [Thread-158] INFO  impl.FollowerState (FollowerState.java:run(106)) - 05f13708-5e6e-4ea1-a525-a3c8f7f54426:group-34B10843FE54 changes to CANDIDATE, lastRpcTime:5189, electionTimeout:5188ms
2019-09-10 07:03:10,261 [Thread-158] INFO  impl.RoleInfo (RoleInfo.java:shutdownFollowerState(121)) - 05f13708-5e6e-4ea1-a525-a3c8f7f54426: shutdown FollowerState
2019-09-10 07:03:10,262 [Thread-158] INFO  impl.RaftServerImpl (RaftServerImpl.java:setRole(174)) - 05f13708-5e6e-4ea1-a525-a3c8f7f54426@group-34B10843FE54: changes role from  FOLLOWER to CANDIDATE at term 0 for changeToCandidate
2019-09-10 07:03:10,266 [Thread-158] INFO  impl.RoleInfo (RoleInfo.java:updateAndGet(143)) - 05f13708-5e6e-4ea1-a525-a3c8f7f54426: start LeaderElection
2019-09-10 07:03:10,311 [05f13708-5e6e-4ea1-a525-a3c8f7f54426@group-34B10843FE54:LeaderElection1] INFO  impl.LeaderElection (LeaderElection.java:askForVotes(182)) - 05f13708-5e6e-4ea1-a525-a3c8f7f54426@group-34B10843FE54:LeaderElection1: begin an election at term 1 for -1: [05f13708-5e6e-4ea1-a525-a3c8f7f54426:192.168.36.76:44353], old=null
2019-09-10 07:03:10,313 [05f13708-5e6e-4ea1-a525-a3c8f7f54426@group-34B10843FE54:LeaderElection1] INFO  impl.RoleInfo (RoleInfo.java:shutdownLeaderElection(134)) - 05f13708-5e6e-4ea1-a525-a3c8f7f54426: shutdown LeaderElection
2019-09-10 07:03:10,313 [05f13708-5e6e-4ea1-a525-a3c8f7f54426@group-34B10843FE54:LeaderElection1] INFO  impl.RaftServerImpl (RaftServerImpl.java:setRole(174)) - 05f13708-5e6e-4ea1-a525-a3c8f7f54426@group-34B10843FE54: changes role from CANDIDATE to LEADER at term 1 for changeToLeader
2019-09-10 07:03:10,314 [05f13708-5e6e-4ea1-a525-a3c8f7f54426@group-34B10843FE54:LeaderElection1] INFO  impl.RaftServerImpl (ServerState.java:setLeader(253)) - 05f13708-5e6e-4ea1-a525-a3c8f7f54426@group-34B10843FE54: change Leader from null to 05f13708-5e6e-4ea1-a525-a3c8f7f54426 at term 1 for becomeLeader, leader elected after 5368ms
2019-09-10 07:03:10,317 [SCMBlockDeletingService#1] DEBUG block.SCMBlockDeletingService (SCMBlockDeletingService.java:call(138)) - Running DeletedBlockTransactionScanner
2019-09-10 07:03:10,317 [SCMBlockDeletingService#1] DEBUG block.SCMBlockDeletingService (SCMBlockDeletingService.java:call(155)) - Scanned deleted blocks log and got 0 delTX to process.
2019-09-10 07:03:10,321 [05f13708-5e6e-4ea1-a525-a3c8f7f54426@group-34B10843FE54:LeaderElection1] INFO  server.RaftServerConfigKeys (ConfUtils.java:logGet(43)) - raft.server.staging.catchup.gap = 1000 (default)
2019-09-10 07:03:10,321 [05f13708-5e6e-4ea1-a525-a3c8f7f54426@group-34B10843FE54:LeaderElection1] INFO  server.RaftServerConfigKeys (ConfUtils.java:logGet(43)) - raft.server.rpc.sleep.time = 25ms (default)
2019-09-10 07:03:10,324 [05f13708-5e6e-4ea1-a525-a3c8f7f54426@group-34B10843FE54:LeaderElection1] INFO  server.RaftServerConfigKeys (ConfUtils.java:logGet(43)) - raft.server.write.element-limit = 4096 (default)
2019-09-10 07:03:10,327 [05f13708-5e6e-4ea1-a525-a3c8f7f54426@group-34B10843FE54:LeaderElection1] INFO  server.RaftServerConfigKeys (ConfUtils.java:logGet(43)) - raft.server.watch.timeout = 10s (default)
2019-09-10 07:03:10,327 [05f13708-5e6e-4ea1-a525-a3c8f7f54426@group-34B10843FE54:LeaderElection1] INFO  server.RaftServerConfigKeys (ConfUtils.java:logGet(43)) - raft.server.watch.timeout.denomination = 1s (default)
2019-09-10 07:03:10,328 [05f13708-5e6e-4ea1-a525-a3c8f7f54426@group-34B10843FE54:LeaderElection1] INFO  server.RaftServerConfigKeys (ConfUtils.java:logGet(43)) - raft.server.watch.element-limit = 65536 (default)
2019-09-10 07:03:10,370 [05f13708-5e6e-4ea1-a525-a3c8f7f54426@group-34B10843FE54:LeaderElection1] INFO  impl.RoleInfo (RoleInfo.java:updateAndGet(143)) - 05f13708-5e6e-4ea1-a525-a3c8f7f54426: start LeaderState
2019-09-10 07:03:10,393 [05f13708-5e6e-4ea1-a525-a3c8f7f54426@group-34B10843FE54:LeaderElection1] INFO  segmented.SegmentedRaftLogWorker (SegmentedRaftLogWorker.java:startLogSegment(380)) - 05f13708-5e6e-4ea1-a525-a3c8f7f54426@group-34B10843FE54-SegmentedRaftLogWorker: Starting segment from index:0
2019-09-10 07:03:10,403 [05f13708-5e6e-4ea1-a525-a3c8f7f54426@group-34B10843FE54:LeaderElection1] INFO  impl.RaftServerImpl (ServerState.java:setRaftConf(354)) - 05f13708-5e6e-4ea1-a525-a3c8f7f54426@group-34B10843FE54: set configuration 0: [05f13708-5e6e-4ea1-a525-a3c8f7f54426:192.168.36.76:44353], old=null at 0
2019-09-10 07:03:10,417 [SCMBlockDeletingService#1] DEBUG block.SCMBlockDeletingService (SCMBlockDeletingService.java:call(138)) - Running DeletedBlockTransactionScanner
2019-09-10 07:03:10,418 [SCMBlockDeletingService#1] DEBUG block.SCMBlockDeletingService (SCMBlockDeletingService.java:call(155)) - Scanned deleted blocks log and got 0 delTX to process.
2019-09-10 07:03:10,518 [SCMBlockDeletingService#1] DEBUG block.SCMBlockDeletingService (SCMBlockDeletingService.java:call(138)) - Running DeletedBlockTransactionScanner
2019-09-10 07:03:10,519 [SCMBlockDeletingService#1] DEBUG block.SCMBlockDeletingService (SCMBlockDeletingService.java:call(155)) - Scanned deleted blocks log and got 0 delTX to process.
2019-09-10 07:03:10,603 [05f13708-5e6e-4ea1-a525-a3c8f7f54426@group-34B10843FE54-SegmentedRaftLogWorker] INFO  segmented.SegmentedRaftLogWorker (SegmentedRaftLogWorker.java:execute(569)) - 05f13708-5e6e-4ea1-a525-a3c8f7f54426@group-34B10843FE54-SegmentedRaftLogWorker: created new log segment /workdir/hadoop-ozone/integration-test/target/test-dir/MiniOzoneClusterImpl-d81683b7-9cbd-46ae-b692-2e79b67436cc/datanode-0/data/ratis/50640c6e-e08a-4019-af62-34b10843fe54/current/log_inprogress_0
2019-09-10 07:03:10,619 [SCMBlockDeletingService#1] DEBUG block.SCMBlockDeletingService (SCMBlockDeletingService.java:call(138)) - Running DeletedBlockTransactionScanner
2019-09-10 07:03:10,620 [SCMBlockDeletingService#1] DEBUG block.SCMBlockDeletingService (SCMBlockDeletingService.java:call(155)) - Scanned deleted blocks log and got 0 delTX to process.
2019-09-10 07:03:10,720 [SCMBlockDeletingService#1] DEBUG block.SCMBlockDeletingService (SCMBlockDeletingService.java:call(138)) - Running DeletedBlockTransactionScanner
2019-09-10 07:03:10,721 [SCMBlockDeletingService#1] DEBUG block.SCMBlockDeletingService (SCMBlockDeletingService.java:call(155)) - Scanned deleted blocks log and got 0 delTX to process.
2019-09-10 07:03:10,821 [SCMBlockDeletingService#1] DEBUG block.SCMBlockDeletingService (SCMBlockDeletingService.java:call(138)) - Running DeletedBlockTransactionScanner
2019-09-10 07:03:10,822 [SCMBlockDeletingService#1] DEBUG block.SCMBlockDeletingService (SCMBlockDeletingService.java:call(155)) - Scanned deleted blocks log and got 0 delTX to process.
2019-09-10 07:03:10,922 [SCMBlockDeletingService#1] DEBUG block.SCMBlockDeletingService (SCMBlockDeletingService.java:call(138)) - Running DeletedBlockTransactionScanner
2019-09-10 07:03:10,923 [SCMBlockDeletingService#1] DEBUG block.SCMBlockDeletingService (SCMBlockDeletingService.java:call(155)) - Scanned deleted blocks log and got 0 delTX to process.
2019-09-10 07:03:11,023 [SCMBlockDeletingService#1] DEBUG block.SCMBlockDeletingService (SCMBlockDeletingService.java:call(138)) - Running DeletedBlockTransactionScanner
2019-09-10 07:03:11,024 [SCMBlockDeletingService#1] DEBUG block.SCMBlockDeletingService (SCMBlockDeletingService.java:call(155)) - Scanned deleted blocks log and got 0 delTX to process.
2019-09-10 07:03:11,124 [SCMBlockDeletingService#1] DEBUG block.SCMBlockDeletingService (SCMBlockDeletingService.java:call(138)) - Running DeletedBlockTransactionScanner
2019-09-10 07:03:11,125 [SCMBlockDeletingService#1] DEBUG block.SCMBlockDeletingService (SCMBlockDeletingService.java:call(155)) - Scanned deleted blocks log and got 0 delTX to process.
2019-09-10 07:03:11,225 [SCMBlockDeletingService#1] DEBUG block.SCMBlockDeletingService (SCMBlockDeletingService.java:call(138)) - Running DeletedBlockTransactionScanner
2019-09-10 07:03:11,225 [SCMBlockDeletingService#1] DEBUG block.SCMBlockDeletingService (SCMBlockDeletingService.java:call(155)) - Scanned deleted blocks log and got 0 delTX to process.
2019-09-10 07:03:11,326 [SCMBlockDeletingService#1] DEBUG block.SCMBlockDeletingService (SCMBlockDeletingService.java:call(138)) - Running DeletedBlockTransactionScanner
2019-09-10 07:03:11,326 [SCMBlockDeletingService#1] DEBUG block.SCMBlockDeletingService (SCMBlockDeletingService.java:call(155)) - Scanned deleted blocks log and got 0 delTX to process.
2019-09-10 07:03:11,427 [SCMBlockDeletingService#1] DEBUG block.SCMBlockDeletingService (SCMBlockDeletingService.java:call(138)) - Running DeletedBlockTransactionScanner
2019-09-10 07:03:11,427 [SCMBlockDeletingService#1] DEBUG block.SCMBlockDeletingService (SCMBlockDeletingService.java:call(155)) - Scanned deleted blocks log and got 0 delTX to process.
2019-09-10 07:03:11,528 [SCMBlockDeletingService#0] DEBUG block.SCMBlockDeletingService (SCMBlockDeletingService.java:call(138)) - Running DeletedBlockTransactionScanner
2019-09-10 07:03:11,528 [SCMBlockDeletingService#0] DEBUG block.SCMBlockDeletingService (SCMBlockDeletingService.java:call(155)) - Scanned deleted blocks log and got 0 delTX to process.
2019-09-10 07:03:11,562 [grpc-default-executor-0] INFO  client.GrpcClientProtocolClient (GrpcClientProtocolClient.java:onNext(264)) - client-7F424F215E90->05f13708-5e6e-4ea1-a525-a3c8f7f54426: receive RaftClientReply:client-7F424F215E90->05f13708-5e6e-4ea1-a525-a3c8f7f54426@group-34B10843FE54, cid=1, SUCCESS, logIndex=1, commits[05f13708-5e6e-4ea1-a525-a3c8f7f54426:c1]
2019-09-10 07:03:11,629 [SCMBlockDeletingService#0] DEBUG block.SCMBlockDeletingService (SCMBlockDeletingService.java:call(138)) - Running DeletedBlockTransactionScanner
2019-09-10 07:03:11,629 [SCMBlockDeletingService#0] DEBUG block.SCMBlockDeletingService (SCMBlockDeletingService.java:call(155)) - Scanned deleted blocks log and got 0 delTX to process.
2019-09-10 07:03:11,711 [grpc-default-executor-1] INFO  client.GrpcClientProtocolClient (GrpcClientProtocolClient.java:onNext(264)) - client-7F424F215E90->05f13708-5e6e-4ea1-a525-a3c8f7f54426: receive RaftClientReply:client-7F424F215E90->05f13708-5e6e-4ea1-a525-a3c8f7f54426@group-34B10843FE54, cid=2, SUCCESS, logIndex=3, commits[05f13708-5e6e-4ea1-a525-a3c8f7f54426:c7]
2019-09-10 07:03:11,725 [grpc-default-executor-1] INFO  client.GrpcClientProtocolClient (GrpcClientProtocolClient.java:onNext(264)) - client-7F424F215E90->05f13708-5e6e-4ea1-a525-a3c8f7f54426: receive RaftClientReply:client-7F424F215E90->05f13708-5e6e-4ea1-a525-a3c8f7f54426@group-34B10843FE54, cid=3, SUCCESS, logIndex=5, commits[05f13708-5e6e-4ea1-a525-a3c8f7f54426:c7]
2019-09-10 07:03:11,727 [grpc-default-executor-1] INFO  client.GrpcClientProtocolClient (GrpcClientProtocolClient.java:onNext(264)) - client-7F424F215E90->05f13708-5e6e-4ea1-a525-a3c8f7f54426: receive RaftClientReply:client-7F424F215E90->05f13708-5e6e-4ea1-a525-a3c8f7f54426@group-34B10843FE54, cid=4, SUCCESS, logIndex=6, commits[05f13708-5e6e-4ea1-a525-a3c8f7f54426:c7]
2019-09-10 07:03:11,729 [SCMBlockDeletingService#0] DEBUG block.SCMBlockDeletingService (SCMBlockDeletingService.java:call(138)) - Running DeletedBlockTransactionScanner
2019-09-10 07:03:11,730 [SCMBlockDeletingService#0] DEBUG block.SCMBlockDeletingService (SCMBlockDeletingService.java:call(155)) - Scanned deleted blocks log and got 0 delTX to process.
2019-09-10 07:03:11,819 [grpc-default-executor-1] INFO  client.GrpcClientProtocolClient (GrpcClientProtocolClient.java:onNext(264)) - client-7F424F215E90->05f13708-5e6e-4ea1-a525-a3c8f7f54426: receive RaftClientReply:client-7F424F215E90->05f13708-5e6e-4ea1-a525-a3c8f7f54426@group-34B10843FE54, cid=5, SUCCESS, logIndex=8, commits[05f13708-5e6e-4ea1-a525-a3c8f7f54426:c9]
2019-09-10 07:03:11,821 [grpc-default-executor-1] INFO  client.GrpcClientProtocolClient (GrpcClientProtocolClient.java:onNext(264)) - client-7F424F215E90->05f13708-5e6e-4ea1-a525-a3c8f7f54426: receive RaftClientReply:client-7F424F215E90->05f13708-5e6e-4ea1-a525-a3c8f7f54426@group-34B10843FE54, cid=6, SUCCESS, logIndex=9, commits[05f13708-5e6e-4ea1-a525-a3c8f7f54426:c9]
2019-09-10 07:03:11,830 [SCMBlockDeletingService#0] DEBUG block.SCMBlockDeletingService (SCMBlockDeletingService.java:call(138)) - Running DeletedBlockTransactionScanner
2019-09-10 07:03:11,831 [SCMBlockDeletingService#0] DEBUG block.SCMBlockDeletingService (SCMBlockDeletingService.java:call(155)) - Scanned deleted blocks log and got 0 delTX to process.
2019-09-10 07:03:11,842 [grpc-default-executor-1] INFO  client.GrpcClientProtocolClient (GrpcClientProtocolClient.java:onNext(264)) - client-7F424F215E90->05f13708-5e6e-4ea1-a525-a3c8f7f54426: receive RaftClientReply:client-7F424F215E90->05f13708-5e6e-4ea1-a525-a3c8f7f54426@group-34B10843FE54, cid=7, SUCCESS, logIndex=10, commits[05f13708-5e6e-4ea1-a525-a3c8f7f54426:c11]
2019-09-10 07:03:11,843 [grpc-default-executor-1] INFO  client.GrpcClientProtocolClient (GrpcClientProtocolClient.java:onNext(264)) - client-7F424F215E90->05f13708-5e6e-4ea1-a525-a3c8f7f54426: receive RaftClientReply:client-7F424F215E90->05f13708-5e6e-4ea1-a525-a3c8f7f54426@group-34B10843FE54, cid=8, SUCCESS, logIndex=11, commits[05f13708-5e6e-4ea1-a525-a3c8f7f54426:c11]
2019-09-10 07:03:11,931 [SCMBlockDeletingService#0] DEBUG block.SCMBlockDeletingService (SCMBlockDeletingService.java:call(138)) - Running DeletedBlockTransactionScanner
2019-09-10 07:03:11,931 [SCMBlockDeletingService#0] DEBUG block.SCMBlockDeletingService (SCMBlockDeletingService.java:call(155)) - Scanned deleted blocks log and got 0 delTX to process.
2019-09-10 07:03:12,032 [SCMBlockDeletingService#1] DEBUG block.SCMBlockDeletingService (SCMBlockDeletingService.java:call(138)) - Running DeletedBlockTransactionScanner
2019-09-10 07:03:12,033 [SCMBlockDeletingService#1] DEBUG block.SCMBlockDeletingService (SCMBlockDeletingService.java:call(155)) - Scanned deleted blocks log and got 0 delTX to process.
2019-09-10 07:03:12,133 [SCMBlockDeletingService#1] DEBUG block.SCMBlockDeletingService (SCMBlockDeletingService.java:call(138)) - Running DeletedBlockTransactionScanner
2019-09-10 07:03:12,134 [SCMBlockDeletingService#1] DEBUG block.SCMBlockDeletingService (SCMBlockDeletingService.java:call(155)) - Scanned deleted blocks log and got 0 delTX to process.
2019-09-10 07:03:12,234 [SCMBlockDeletingService#1] DEBUG block.SCMBlockDeletingService (SCMBlockDeletingService.java:call(138)) - Running DeletedBlockTransactionScanner
2019-09-10 07:03:12,235 [SCMBlockDeletingService#1] DEBUG block.SCMBlockDeletingService (SCMBlockDeletingService.java:call(155)) - Scanned deleted blocks log and got 0 delTX to process.
2019-09-10 07:03:12,335 [SCMBlockDeletingService#0] DEBUG block.SCMBlockDeletingService (SCMBlockDeletingService.java:call(138)) - Running DeletedBlockTransactionScanner
2019-09-10 07:03:12,336 [SCMBlockDeletingService#0] DEBUG block.SCMBlockDeletingService (SCMBlockDeletingService.java:call(155)) - Scanned deleted blocks log and got 0 delTX to process.
2019-09-10 07:03:12,436 [SCMBlockDeletingService#1] DEBUG block.SCMBlockDeletingService (SCMBlockDeletingService.java:call(138)) - Running DeletedBlockTransactionScanner
2019-09-10 07:03:12,436 [SCMBlockDeletingService#1] DEBUG block.SCMBlockDeletingService (SCMBlockDeletingService.java:call(155)) - Scanned deleted blocks log and got 0 delTX to process.
2019-09-10 07:03:12,537 [SCMBlockDeletingService#1] DEBUG block.SCMBlockDeletingService (SCMBlockDeletingService.java:call(138)) - Running DeletedBlockTransactionScanner
2019-09-10 07:03:12,538 [SCMBlockDeletingService#1] DEBUG block.SCMBlockDeletingService (SCMBlockDeletingService.java:call(155)) - Scanned deleted blocks log and got 0 delTX to process.
2019-09-10 07:03:12,638 [SCMBlockDeletingService#1] DEBUG block.SCMBlockDeletingService (SCMBlockDeletingService.java:call(138)) - Running DeletedBlockTransactionScanner
2019-09-10 07:03:12,639 [SCMBlockDeletingService#1] DEBUG block.SCMBlockDeletingService (SCMBlockDeletingService.java:call(155)) - Scanned deleted blocks log and got 0 delTX to process.
2019-09-10 07:03:12,739 [SCMBlockDeletingService#1] DEBUG block.SCMBlockDeletingService (SCMBlockDeletingService.java:call(138)) - Running DeletedBlockTransactionScanner
2019-09-10 07:03:12,739 [SCMBlockDeletingService#1] DEBUG block.SCMBlockDeletingService (SCMBlockDeletingService.java:call(155)) - Scanned deleted blocks log and got 0 delTX to process.
2019-09-10 07:03:12,840 [SCMBlockDeletingService#1] DEBUG block.SCMBlockDeletingService (SCMBlockDeletingService.java:call(138)) - Running DeletedBlockTransactionScanner
2019-09-10 07:03:12,840 [SCMBlockDeletingService#1] DEBUG block.SCMBlockDeletingService (SCMBlockDeletingService.java:call(155)) - Scanned deleted blocks log and got 0 delTX to process.
2019-09-10 07:03:12,941 [SCMBlockDeletingService#1] DEBUG block.SCMBlockDeletingService (SCMBlockDeletingService.java:call(138)) - Running DeletedBlockTransactionScanner
2019-09-10 07:03:12,942 [SCMBlockDeletingService#1] DEBUG block.SCMBlockDeletingService (SCMBlockDeletingService.java:call(155)) - Scanned deleted blocks log and got 0 delTX to process.
2019-09-10 07:03:13,042 [SCMBlockDeletingService#1] DEBUG block.SCMBlockDeletingService (SCMBlockDeletingService.java:call(138)) - Running DeletedBlockTransactionScanner
2019-09-10 07:03:13,043 [SCMBlockDeletingService#1] DEBUG block.SCMBlockDeletingService (SCMBlockDeletingService.java:call(155)) - Scanned deleted blocks log and got 0 delTX to process.
2019-09-10 07:03:13,143 [SCMBlockDeletingService#0] DEBUG block.SCMBlockDeletingService (SCMBlockDeletingService.java:call(138)) - Running DeletedBlockTransactionScanner
2019-09-10 07:03:13,144 [SCMBlockDeletingService#0] DEBUG block.SCMBlockDeletingService (SCMBlockDeletingService.java:call(155)) - Scanned deleted blocks log and got 0 delTX to process.
2019-09-10 07:03:13,244 [SCMBlockDeletingService#0] DEBUG block.SCMBlockDeletingService (SCMBlockDeletingService.java:call(138)) - Running DeletedBlockTransactionScanner
2019-09-10 07:03:13,245 [SCMBlockDeletingService#0] DEBUG block.SCMBlockDeletingService (SCMBlockDeletingService.java:call(155)) - Scanned deleted blocks log and got 0 delTX to process.
2019-09-10 07:03:13,346 [SCMBlockDeletingService#0] DEBUG block.SCMBlockDeletingService (SCMBlockDeletingService.java:call(138)) - Running DeletedBlockTransactionScanner
2019-09-10 07:03:13,346 [SCMBlockDeletingService#0] DEBUG block.SCMBlockDeletingService (SCMBlockDeletingService.java:call(155)) - Scanned deleted blocks log and got 0 delTX to process.
2019-09-10 07:03:13,446 [SCMBlockDeletingService#0] DEBUG block.SCMBlockDeletingService (SCMBlockDeletingService.java:call(138)) - Running DeletedBlockTransactionScanner
2019-09-10 07:03:13,447 [SCMBlockDeletingService#0] DEBUG block.SCMBlockDeletingService (SCMBlockDeletingService.java:call(155)) - Scanned deleted blocks log and got 0 delTX to process.
2019-09-10 07:03:13,547 [SCMBlockDeletingService#0] DEBUG block.SCMBlockDeletingService (SCMBlockDeletingService.java:call(138)) - Running DeletedBlockTransactionScanner
2019-09-10 07:03:13,548 [SCMBlockDeletingService#0] DEBUG block.SCMBlockDeletingService (SCMBlockDeletingService.java:call(155)) - Scanned deleted blocks log and got 0 delTX to process.
2019-09-10 07:03:13,648 [SCMBlockDeletingService#0] DEBUG block.SCMBlockDeletingService (SCMBlockDeletingService.java:call(138)) - Running DeletedBlockTransactionScanner
2019-09-10 07:03:13,648 [SCMBlockDeletingService#0] DEBUG block.SCMBlockDeletingService (SCMBlockDeletingService.java:call(155)) - Scanned deleted blocks log and got 0 delTX to process.
2019-09-10 07:03:13,749 [SCMBlockDeletingService#0] DEBUG block.SCMBlockDeletingService (SCMBlockDeletingService.java:call(138)) - Running DeletedBlockTransactionScanner
2019-09-10 07:03:13,749 [SCMBlockDeletingService#0] DEBUG block.SCMBlockDeletingService (SCMBlockDeletingService.java:call(155)) - Scanned deleted blocks log and got 0 delTX to process.
2019-09-10 07:03:13,850 [SCMBlockDeletingService#0] DEBUG block.SCMBlockDeletingService (SCMBlockDeletingService.java:call(138)) - Running DeletedBlockTransactionScanner
2019-09-10 07:03:13,850 [SCMBlockDeletingService#0] DEBUG block.SCMBlockDeletingService (SCMBlockDeletingService.java:call(155)) - Scanned deleted blocks log and got 0 delTX to process.
2019-09-10 07:03:13,950 [SCMBlockDeletingService#0] DEBUG block.SCMBlockDeletingService (SCMBlockDeletingService.java:call(138)) - Running DeletedBlockTransactionScanner
2019-09-10 07:03:13,951 [SCMBlockDeletingService#0] DEBUG block.SCMBlockDeletingService (SCMBlockDeletingService.java:call(155)) - Scanned deleted blocks log and got 0 delTX to process.
2019-09-10 07:03:14,051 [SCMBlockDeletingService#0] DEBUG block.SCMBlockDeletingService (SCMBlockDeletingService.java:call(138)) - Running DeletedBlockTransactionScanner
2019-09-10 07:03:14,052 [SCMBlockDeletingService#0] DEBUG block.SCMBlockDeletingService (SCMBlockDeletingService.java:call(155)) - Scanned deleted blocks log and got 0 delTX to process.
2019-09-10 07:03:14,152 [SCMBlockDeletingService#0] DEBUG block.SCMBlockDeletingService (SCMBlockDeletingService.java:call(138)) - Running DeletedBlockTransactionScanner
2019-09-10 07:03:14,152 [SCMBlockDeletingService#0] DEBUG block.SCMBlockDeletingService (SCMBlockDeletingService.java:call(155)) - Scanned deleted blocks log and got 0 delTX to process.
2019-09-10 07:03:14,253 [SCMBlockDeletingService#0] DEBUG block.SCMBlockDeletingService (SCMBlockDeletingService.java:call(138)) - Running DeletedBlockTransactionScanner
2019-09-10 07:03:14,253 [SCMBlockDeletingService#0] DEBUG block.SCMBlockDeletingService (SCMBlockDeletingService.java:call(155)) - Scanned deleted blocks log and got 0 delTX to process.
2019-09-10 07:03:14,353 [SCMBlockDeletingService#0] DEBUG block.SCMBlockDeletingService (SCMBlockDeletingService.java:call(138)) - Running DeletedBlockTransactionScanner
2019-09-10 07:03:14,354 [SCMBlockDeletingService#0] DEBUG block.SCMBlockDeletingService (SCMBlockDeletingService.java:call(155)) - Scanned deleted blocks log and got 0 delTX to process.
2019-09-10 07:03:14,454 [SCMBlockDeletingService#0] DEBUG block.SCMBlockDeletingService (SCMBlockDeletingService.java:call(138)) - Running DeletedBlockTransactionScanner
2019-09-10 07:03:14,454 [SCMBlockDeletingService#0] DEBUG block.SCMBlockDeletingService (SCMBlockDeletingService.java:call(155)) - Scanned deleted blocks log and got 0 delTX to process.
2019-09-10 07:03:14,555 [SCMBlockDeletingService#0] DEBUG block.SCMBlockDeletingService (SCMBlockDeletingService.java:call(138)) - Running DeletedBlockTransactionScanner
2019-09-10 07:03:14,555 [SCMBlockDeletingService#0] DEBUG block.SCMBlockDeletingService (SCMBlockDeletingService.java:call(155)) - Scanned deleted blocks log and got 0 delTX to process.
2019-09-10 07:03:14,655 [SCMBlockDeletingService#0] DEBUG block.SCMBlockDeletingService (SCMBlockDeletingService.java:call(138)) - Running DeletedBlockTransactionScanner
2019-09-10 07:03:14,656 [SCMBlockDeletingService#0] DEBUG block.SCMBlockDeletingService (SCMBlockDeletingService.java:call(155)) - Scanned deleted blocks log and got 0 delTX to process.
2019-09-10 07:03:14,756 [SCMBlockDeletingService#0] DEBUG block.SCMBlockDeletingService (SCMBlockDeletingService.java:call(138)) - Running DeletedBlockTransactionScanner
2019-09-10 07:03:14,756 [SCMBlockDeletingService#0] DEBUG block.SCMBlockDeletingService (SCMBlockDeletingService.java:call(155)) - Scanned deleted blocks log and got 0 delTX to process.
2019-09-10 07:03:14,857 [SCMBlockDeletingService#0] DEBUG block.SCMBlockDeletingService (SCMBlockDeletingService.java:call(138)) - Running DeletedBlockTransactionScanner
2019-09-10 07:03:14,857 [SCMBlockDeletingService#0] DEBUG block.SCMBlockDeletingService (SCMBlockDeletingService.java:call(155)) - Scanned deleted blocks log and got 0 delTX to process.
2019-09-10 07:03:14,957 [SCMBlockDeletingService#0] DEBUG block.SCMBlockDeletingService (SCMBlockDeletingService.java:call(138)) - Running DeletedBlockTransactionScanner
2019-09-10 07:03:14,958 [SCMBlockDeletingService#0] DEBUG block.SCMBlockDeletingService (SCMBlockDeletingService.java:call(155)) - Scanned deleted blocks log and got 0 delTX to process.
2019-09-10 07:03:15,058 [SCMBlockDeletingService#0] DEBUG block.SCMBlockDeletingService (SCMBlockDeletingService.java:call(138)) - Running DeletedBlockTransactionScanner
2019-09-10 07:03:15,059 [SCMBlockDeletingService#0] DEBUG block.SCMBlockDeletingService (SCMBlockDeletingService.java:call(155)) - Scanned deleted blocks log and got 0 delTX to process.
2019-09-10 07:03:15,159 [SCMBlockDeletingService#0] DEBUG block.SCMBlockDeletingService (SCMBlockDeletingService.java:call(138)) - Running DeletedBlockTransactionScanner
2019-09-10 07:03:15,159 [SCMBlockDeletingService#0] DEBUG block.SCMBlockDeletingService (SCMBlockDeletingService.java:call(155)) - Scanned deleted blocks log and got 0 delTX to process.
2019-09-10 07:03:15,260 [SCMBlockDeletingService#0] DEBUG block.SCMBlockDeletingService (SCMBlockDeletingService.java:call(138)) - Running DeletedBlockTransactionScanner
2019-09-10 07:03:15,260 [SCMBlockDeletingService#0] DEBUG block.SCMBlockDeletingService (SCMBlockDeletingService.java:call(155)) - Scanned deleted blocks log and got 0 delTX to process.
2019-09-10 07:03:15,360 [SCMBlockDeletingService#0] DEBUG block.SCMBlockDeletingService (SCMBlockDeletingService.java:call(138)) - Running DeletedBlockTransactionScanner
2019-09-10 07:03:15,361 [SCMBlockDeletingService#0] DEBUG block.SCMBlockDeletingService (SCMBlockDeletingService.java:call(155)) - Scanned deleted blocks log and got 0 delTX to process.
2019-09-10 07:03:15,461 [SCMBlockDeletingService#0] DEBUG block.SCMBlockDeletingService (SCMBlockDeletingService.java:call(138)) - Running DeletedBlockTransactionScanner
2019-09-10 07:03:15,462 [SCMBlockDeletingService#0] DEBUG block.SCMBlockDeletingService (SCMBlockDeletingService.java:call(155)) - Scanned deleted blocks log and got 0 delTX to process.
2019-09-10 07:03:15,562 [SCMBlockDeletingService#0] DEBUG block.SCMBlockDeletingService (SCMBlockDeletingService.java:call(138)) - Running DeletedBlockTransactionScanner
2019-09-10 07:03:15,562 [SCMBlockDeletingService#0] DEBUG block.SCMBlockDeletingService (SCMBlockDeletingService.java:call(155)) - Scanned deleted blocks log and got 0 delTX to process.
2019-09-10 07:03:15,663 [SCMBlockDeletingService#0] DEBUG block.SCMBlockDeletingService (SCMBlockDeletingService.java:call(138)) - Running DeletedBlockTransactionScanner
2019-09-10 07:03:15,663 [SCMBlockDeletingService#0] DEBUG block.SCMBlockDeletingService (SCMBlockDeletingService.java:call(155)) - Scanned deleted blocks log and got 0 delTX to process.
2019-09-10 07:03:15,764 [SCMBlockDeletingService#0] DEBUG block.SCMBlockDeletingService (SCMBlockDeletingService.java:call(138)) - Running DeletedBlockTransactionScanner
2019-09-10 07:03:15,764 [SCMBlockDeletingService#0] DEBUG block.SCMBlockDeletingService (SCMBlockDeletingService.java:call(155)) - Scanned deleted blocks log and got 0 delTX to process.
2019-09-10 07:03:15,864 [SCMBlockDeletingService#0] DEBUG block.SCMBlockDeletingService (SCMBlockDeletingService.java:call(138)) - Running DeletedBlockTransactionScanner
2019-09-10 07:03:15,865 [SCMBlockDeletingService#0] DEBUG block.SCMBlockDeletingService (SCMBlockDeletingService.java:call(155)) - Scanned deleted blocks log and got 0 delTX to process.
2019-09-10 07:03:15,966 [SCMBlockDeletingService#0] DEBUG block.SCMBlockDeletingService (SCMBlockDeletingService.java:call(138)) - Running DeletedBlockTransactionScanner
2019-09-10 07:03:15,966 [SCMBlockDeletingService#0] DEBUG block.SCMBlockDeletingService (SCMBlockDeletingService.java:call(155)) - Scanned deleted blocks log and got 0 delTX to process.
2019-09-10 07:03:16,067 [SCMBlockDeletingService#0] DEBUG block.SCMBlockDeletingService (SCMBlockDeletingService.java:call(138)) - Running DeletedBlockTransactionScanner
2019-09-10 07:03:16,067 [SCMBlockDeletingService#0] DEBUG block.SCMBlockDeletingService (SCMBlockDeletingService.java:call(155)) - Scanned deleted blocks log and got 0 delTX to process.
2019-09-10 07:03:16,168 [SCMBlockDeletingService#0] DEBUG block.SCMBlockDeletingService (SCMBlockDeletingService.java:call(138)) - Running DeletedBlockTransactionScanner
2019-09-10 07:03:16,168 [SCMBlockDeletingService#0] DEBUG block.SCMBlockDeletingService (SCMBlockDeletingService.java:call(155)) - Scanned deleted blocks log and got 0 delTX to process.
2019-09-10 07:03:16,268 [SCMBlockDeletingService#0] DEBUG block.SCMBlockDeletingService (SCMBlockDeletingService.java:call(138)) - Running DeletedBlockTransactionScanner
2019-09-10 07:03:16,269 [SCMBlockDeletingService#0] DEBUG block.SCMBlockDeletingService (SCMBlockDeletingService.java:call(155)) - Scanned deleted blocks log and got 0 delTX to process.
2019-09-10 07:03:16,370 [SCMBlockDeletingService#0] DEBUG block.SCMBlockDeletingService (SCMBlockDeletingService.java:call(138)) - Running DeletedBlockTransactionScanner
2019-09-10 07:03:16,371 [SCMBlockDeletingService#0] DEBUG block.SCMBlockDeletingService (SCMBlockDeletingService.java:call(155)) - Scanned deleted blocks log and got 0 delTX to process.
2019-09-10 07:03:16,471 [SCMBlockDeletingService#0] DEBUG block.SCMBlockDeletingService (SCMBlockDeletingService.java:call(138)) - Running DeletedBlockTransactionScanner
2019-09-10 07:03:16,472 [SCMBlockDeletingService#0] DEBUG block.SCMBlockDeletingService (SCMBlockDeletingService.java:call(155)) - Scanned deleted blocks log and got 0 delTX to process.
2019-09-10 07:03:16,572 [SCMBlockDeletingService#0] DEBUG block.SCMBlockDeletingService (SCMBlockDeletingService.java:call(138)) - Running DeletedBlockTransactionScanner
2019-09-10 07:03:16,572 [SCMBlockDeletingService#0] DEBUG block.SCMBlockDeletingService (SCMBlockDeletingService.java:call(155)) - Scanned deleted blocks log and got 0 delTX to process.
2019-09-10 07:03:16,673 [SCMBlockDeletingService#0] DEBUG block.SCMBlockDeletingService (SCMBlockDeletingService.java:call(138)) - Running DeletedBlockTransactionScanner
2019-09-10 07:03:16,673 [SCMBlockDeletingService#0] DEBUG block.SCMBlockDeletingService (SCMBlockDeletingService.java:call(155)) - Scanned deleted blocks log and got 0 delTX to process.
2019-09-10 07:03:16,774 [SCMBlockDeletingService#0] DEBUG block.SCMBlockDeletingService (SCMBlockDeletingService.java:call(138)) - Running DeletedBlockTransactionScanner
2019-09-10 07:03:16,775 [SCMBlockDeletingService#0] DEBUG block.SCMBlockDeletingService (SCMBlockDeletingService.java:call(155)) - Scanned deleted blocks log and got 0 delTX to process.
2019-09-10 07:03:16,875 [SCMBlockDeletingService#0] DEBUG block.SCMBlockDeletingService (SCMBlockDeletingService.java:call(138)) - Running DeletedBlockTransactionScanner
2019-09-10 07:03:16,876 [SCMBlockDeletingService#0] DEBUG block.SCMBlockDeletingService (SCMBlockDeletingService.java:call(155)) - Scanned deleted blocks log and got 0 delTX to process.
2019-09-10 07:03:16,976 [SCMBlockDeletingService#0] DEBUG block.SCMBlockDeletingService (SCMBlockDeletingService.java:call(138)) - Running DeletedBlockTransactionScanner
2019-09-10 07:03:16,976 [SCMBlockDeletingService#0] DEBUG block.SCMBlockDeletingService (SCMBlockDeletingService.java:call(155)) - Scanned deleted blocks log and got 0 delTX to process.
2019-09-10 07:03:17,078 [SCMBlockDeletingService#0] DEBUG block.SCMBlockDeletingService (SCMBlockDeletingService.java:call(138)) - Running DeletedBlockTransactionScanner
2019-09-10 07:03:17,082 [SCMBlockDeletingService#0] DEBUG block.SCMBlockDeletingService (SCMBlockDeletingService.java:call(155)) - Scanned deleted blocks log and got 0 delTX to process.
2019-09-10 07:03:17,185 [SCMBlockDeletingService#0] DEBUG block.SCMBlockDeletingService (SCMBlockDeletingService.java:call(138)) - Running DeletedBlockTransactionScanner
2019-09-10 07:03:17,185 [SCMBlockDeletingService#0] DEBUG block.SCMBlockDeletingService (SCMBlockDeletingService.java:call(155)) - Scanned deleted blocks log and got 0 delTX to process.
2019-09-10 07:03:17,285 [SCMBlockDeletingService#0] DEBUG block.SCMBlockDeletingService (SCMBlockDeletingService.java:call(138)) - Running DeletedBlockTransactionScanner
2019-09-10 07:03:17,286 [SCMBlockDeletingService#0] DEBUG block.SCMBlockDeletingService (SCMBlockDeletingService.java:call(155)) - Scanned deleted blocks log and got 0 delTX to process.
2019-09-10 07:03:17,386 [SCMBlockDeletingService#0] DEBUG block.SCMBlockDeletingService (SCMBlockDeletingService.java:call(138)) - Running DeletedBlockTransactionScanner
2019-09-10 07:03:17,387 [SCMBlockDeletingService#0] DEBUG block.SCMBlockDeletingService (SCMBlockDeletingService.java:call(155)) - Scanned deleted blocks log and got 0 delTX to process.
2019-09-10 07:03:17,487 [SCMBlockDeletingService#0] DEBUG block.SCMBlockDeletingService (SCMBlockDeletingService.java:call(138)) - Running DeletedBlockTransactionScanner
2019-09-10 07:03:17,488 [SCMBlockDeletingService#0] DEBUG block.SCMBlockDeletingService (SCMBlockDeletingService.java:call(155)) - Scanned deleted blocks log and got 0 delTX to process.
2019-09-10 07:03:17,588 [SCMBlockDeletingService#0] DEBUG block.SCMBlockDeletingService (SCMBlockDeletingService.java:call(138)) - Running DeletedBlockTransactionScanner
2019-09-10 07:03:17,599 [SCMBlockDeletingService#0] DEBUG block.SCMBlockDeletingService (SCMBlockDeletingService.java:call(155)) - Scanned deleted blocks log and got 0 delTX to process.
2019-09-10 07:03:17,699 [SCMBlockDeletingService#0] DEBUG block.SCMBlockDeletingService (SCMBlockDeletingService.java:call(138)) - Running DeletedBlockTransactionScanner
2019-09-10 07:03:17,700 [SCMBlockDeletingService#0] DEBUG block.SCMBlockDeletingService (SCMBlockDeletingService.java:call(155)) - Scanned deleted blocks log and got 0 delTX to process.
2019-09-10 07:03:17,800 [SCMBlockDeletingService#0] DEBUG block.SCMBlockDeletingService (SCMBlockDeletingService.java:call(138)) - Running DeletedBlockTransactionScanner
2019-09-10 07:03:17,800 [SCMBlockDeletingService#0] DEBUG block.SCMBlockDeletingService (SCMBlockDeletingService.java:call(155)) - Scanned deleted blocks log and got 0 delTX to process.
2019-09-10 07:03:17,901 [SCMBlockDeletingService#0] DEBUG block.SCMBlockDeletingService (SCMBlockDeletingService.java:call(138)) - Running DeletedBlockTransactionScanner
2019-09-10 07:03:17,901 [SCMBlockDeletingService#0] DEBUG block.SCMBlockDeletingService (SCMBlockDeletingService.java:call(155)) - Scanned deleted blocks log and got 0 delTX to process.
2019-09-10 07:03:18,002 [SCMBlockDeletingService#1] DEBUG block.SCMBlockDeletingService (SCMBlockDeletingService.java:call(138)) - Running DeletedBlockTransactionScanner
2019-09-10 07:03:18,002 [SCMBlockDeletingService#1] DEBUG block.SCMBlockDeletingService (SCMBlockDeletingService.java:call(155)) - Scanned deleted blocks log and got 0 delTX to process.
2019-09-10 07:03:18,102 [SCMBlockDeletingService#1] DEBUG block.SCMBlockDeletingService (SCMBlockDeletingService.java:call(138)) - Running DeletedBlockTransactionScanner
2019-09-10 07:03:18,103 [SCMBlockDeletingService#1] DEBUG block.SCMBlockDeletingService (SCMBlockDeletingService.java:call(155)) - Scanned deleted blocks log and got 0 delTX to process.
2019-09-10 07:03:18,203 [SCMBlockDeletingService#1] DEBUG block.SCMBlockDeletingService (SCMBlockDeletingService.java:call(138)) - Running DeletedBlockTransactionScanner
2019-09-10 07:03:18,204 [SCMBlockDeletingService#1] DEBUG block.SCMBlockDeletingService (SCMBlockDeletingService.java:call(155)) - Scanned deleted blocks log and got 0 delTX to process.
2019-09-10 07:03:18,304 [SCMBlockDeletingService#1] DEBUG block.SCMBlockDeletingService (SCMBlockDeletingService.java:call(138)) - Running DeletedBlockTransactionScanner
2019-09-10 07:03:18,304 [SCMBlockDeletingService#1] DEBUG block.SCMBlockDeletingService (SCMBlockDeletingService.java:call(155)) - Scanned deleted blocks log and got 0 delTX to process.
2019-09-10 07:03:18,405 [SCMBlockDeletingService#0] DEBUG block.SCMBlockDeletingService (SCMBlockDeletingService.java:call(138)) - Running DeletedBlockTransactionScanner
2019-09-10 07:03:18,405 [SCMBlockDeletingService#0] DEBUG block.SCMBlockDeletingService (SCMBlockDeletingService.java:call(155)) - Scanned deleted blocks log and got 0 delTX to process.
2019-09-10 07:03:18,505 [SCMBlockDeletingService#0] DEBUG block.SCMBlockDeletingService (SCMBlockDeletingService.java:call(138)) - Running DeletedBlockTransactionScanner
2019-09-10 07:03:18,506 [SCMBlockDeletingService#0] DEBUG block.SCMBlockDeletingService (SCMBlockDeletingService.java:call(155)) - Scanned deleted blocks log and got 0 delTX to process.
2019-09-10 07:03:18,606 [SCMBlockDeletingService#0] DEBUG block.SCMBlockDeletingService (SCMBlockDeletingService.java:call(138)) - Running DeletedBlockTransactionScanner
2019-09-10 07:03:18,607 [SCMBlockDeletingService#0] DEBUG block.SCMBlockDeletingService (SCMBlockDeletingService.java:call(155)) - Scanned deleted blocks log and got 0 delTX to process.
2019-09-10 07:03:18,707 [SCMBlockDeletingService#0] DEBUG block.SCMBlockDeletingService (SCMBlockDeletingService.java:call(138)) - Running DeletedBlockTransactionScanner
2019-09-10 07:03:18,707 [SCMBlockDeletingService#0] DEBUG block.SCMBlockDeletingService (SCMBlockDeletingService.java:call(155)) - Scanned deleted blocks log and got 0 delTX to process.
2019-09-10 07:03:18,807 [SCMBlockDeletingService#1] DEBUG block.SCMBlockDeletingService (SCMBlockDeletingService.java:call(138)) - Running DeletedBlockTransactionScanner
2019-09-10 07:03:18,808 [SCMBlockDeletingService#1] DEBUG block.SCMBlockDeletingService (SCMBlockDeletingService.java:call(155)) - Scanned deleted blocks log and got 0 delTX to process.
2019-09-10 07:03:18,908 [SCMBlockDeletingService#1] DEBUG block.SCMBlockDeletingService (SCMBlockDeletingService.java:call(138)) - Running DeletedBlockTransactionScanner
2019-09-10 07:03:18,908 [SCMBlockDeletingService#1] DEBUG block.SCMBlockDeletingService (SCMBlockDeletingService.java:call(155)) - Scanned deleted blocks log and got 0 delTX to process.
2019-09-10 07:03:19,009 [SCMBlockDeletingService#1] DEBUG block.SCMBlockDeletingService (SCMBlockDeletingService.java:call(138)) - Running DeletedBlockTransactionScanner
2019-09-10 07:03:19,010 [SCMBlockDeletingService#1] DEBUG block.SCMBlockDeletingService (SCMBlockDeletingService.java:call(155)) - Scanned deleted blocks log and got 0 delTX to process.
2019-09-10 07:03:19,111 [SCMBlockDeletingService#1] DEBUG block.SCMBlockDeletingService (SCMBlockDeletingService.java:call(138)) - Running DeletedBlockTransactionScanner
2019-09-10 07:03:19,111 [SCMBlockDeletingService#1] DEBUG block.SCMBlockDeletingService (SCMBlockDeletingService.java:call(155)) - Scanned deleted blocks log and got 0 delTX to process.
2019-09-10 07:03:19,212 [SCMBlockDeletingService#1] DEBUG block.SCMBlockDeletingService (SCMBlockDeletingService.java:call(138)) - Running DeletedBlockTransactionScanner
2019-09-10 07:03:19,212 [SCMBlockDeletingService#1] DEBUG block.SCMBlockDeletingService (SCMBlockDeletingService.java:call(155)) - Scanned deleted blocks log and got 0 delTX to process.
2019-09-10 07:03:19,313 [SCMBlockDeletingService#1] DEBUG block.SCMBlockDeletingService (SCMBlockDeletingService.java:call(138)) - Running DeletedBlockTransactionScanner
2019-09-10 07:03:19,314 [SCMBlockDeletingService#1] DEBUG block.SCMBlockDeletingService (SCMBlockDeletingService.java:call(155)) - Scanned deleted blocks log and got 0 delTX to process.
2019-09-10 07:03:19,415 [SCMBlockDeletingService#0] DEBUG block.SCMBlockDeletingService (SCMBlockDeletingService.java:call(138)) - Running DeletedBlockTransactionScanner
2019-09-10 07:03:19,415 [SCMBlockDeletingService#0] DEBUG block.SCMBlockDeletingService (SCMBlockDeletingService.java:call(155)) - Scanned deleted blocks log and got 0 delTX to process.
2019-09-10 07:03:19,516 [SCMBlockDeletingService#0] DEBUG block.SCMBlockDeletingService (SCMBlockDeletingService.java:call(138)) - Running DeletedBlockTransactionScanner
2019-09-10 07:03:19,516 [SCMBlockDeletingService#0] DEBUG block.SCMBlockDeletingService (SCMBlockDeletingService.java:call(155)) - Scanned deleted blocks log and got 0 delTX to process.
2019-09-10 07:03:19,616 [SCMBlockDeletingService#0] DEBUG block.SCMBlockDeletingService (SCMBlockDeletingService.java:call(138)) - Running DeletedBlockTransactionScanner
2019-09-10 07:03:19,617 [SCMBlockDeletingService#0] DEBUG block.SCMBlockDeletingService (SCMBlockDeletingService.java:call(155)) - Scanned deleted blocks log and got 0 delTX to process.
2019-09-10 07:03:19,717 [SCMBlockDeletingService#0] DEBUG block.SCMBlockDeletingService (SCMBlockDeletingService.java:call(138)) - Running DeletedBlockTransactionScanner
2019-09-10 07:03:19,718 [SCMBlockDeletingService#0] DEBUG block.SCMBlockDeletingService (SCMBlockDeletingService.java:call(155)) - Scanned deleted blocks log and got 0 delTX to process.
2019-09-10 07:03:19,818 [SCMBlockDeletingService#0] DEBUG block.SCMBlockDeletingService (SCMBlockDeletingService.java:call(138)) - Running DeletedBlockTransactionScanner
2019-09-10 07:03:19,819 [SCMBlockDeletingService#0] DEBUG block.SCMBlockDeletingService (SCMBlockDeletingService.java:call(155)) - Scanned deleted blocks log and got 0 delTX to process.
2019-09-10 07:03:19,919 [SCMBlockDeletingService#0] DEBUG block.SCMBlockDeletingService (SCMBlockDeletingService.java:call(138)) - Running DeletedBlockTransactionScanner
2019-09-10 07:03:19,919 [SCMBlockDeletingService#0] DEBUG block.SCMBlockDeletingService (SCMBlockDeletingService.java:call(155)) - Scanned deleted blocks log and got 0 delTX to process.
2019-09-10 07:03:20,020 [SCMBlockDeletingService#0] DEBUG block.SCMBlockDeletingService (SCMBlockDeletingService.java:call(138)) - Running DeletedBlockTransactionScanner
2019-09-10 07:03:20,020 [SCMBlockDeletingService#0] DEBUG block.SCMBlockDeletingService (SCMBlockDeletingService.java:call(155)) - Scanned deleted blocks log and got 0 delTX to process.
2019-09-10 07:03:20,120 [SCMBlockDeletingService#0] DEBUG block.SCMBlockDeletingService (SCMBlockDeletingService.java:call(138)) - Running DeletedBlockTransactionScanner
2019-09-10 07:03:20,121 [SCMBlockDeletingService#0] DEBUG block.SCMBlockDeletingService (SCMBlockDeletingService.java:call(155)) - Scanned deleted blocks log and got 0 delTX to process.
2019-09-10 07:03:20,221 [SCMBlockDeletingService#0] DEBUG block.SCMBlockDeletingService (SCMBlockDeletingService.java:call(138)) - Running DeletedBlockTransactionScanner
2019-09-10 07:03:20,221 [SCMBlockDeletingService#0] DEBUG block.SCMBlockDeletingService (SCMBlockDeletingService.java:call(155)) - Scanned deleted blocks log and got 0 delTX to process.
2019-09-10 07:03:20,322 [SCMBlockDeletingService#0] DEBUG block.SCMBlockDeletingService (SCMBlockDeletingService.java:call(138)) - Running DeletedBlockTransactionScanner
2019-09-10 07:03:20,322 [SCMBlockDeletingService#0] DEBUG block.SCMBlockDeletingService (SCMBlockDeletingService.java:call(155)) - Scanned deleted blocks log and got 0 delTX to process.
2019-09-10 07:03:20,422 [SCMBlockDeletingService#0] DEBUG block.SCMBlockDeletingService (SCMBlockDeletingService.java:call(138)) - Running DeletedBlockTransactionScanner
2019-09-10 07:03:20,423 [SCMBlockDeletingService#0] DEBUG block.SCMBlockDeletingService (SCMBlockDeletingService.java:call(155)) - Scanned deleted blocks log and got 0 delTX to process.
2019-09-10 07:03:20,523 [SCMBlockDeletingService#0] DEBUG block.SCMBlockDeletingService (SCMBlockDeletingService.java:call(138)) - Running DeletedBlockTransactionScanner
2019-09-10 07:03:20,524 [SCMBlockDeletingService#0] DEBUG block.SCMBlockDeletingService (SCMBlockDeletingService.java:call(155)) - Scanned deleted blocks log and got 0 delTX to process.
2019-09-10 07:03:20,624 [SCMBlockDeletingService#0] DEBUG block.SCMBlockDeletingService (SCMBlockDeletingService.java:call(138)) - Running DeletedBlockTransactionScanner
2019-09-10 07:03:20,624 [SCMBlockDeletingService#0] DEBUG block.SCMBlockDeletingService (SCMBlockDeletingService.java:call(155)) - Scanned deleted blocks log and got 0 delTX to process.
2019-09-10 07:03:20,725 [SCMBlockDeletingService#0] DEBUG block.SCMBlockDeletingService (SCMBlockDeletingService.java:call(138)) - Running DeletedBlockTransactionScanner
2019-09-10 07:03:20,725 [SCMBlockDeletingService#0] DEBUG block.SCMBlockDeletingService (SCMBlockDeletingService.java:call(155)) - Scanned deleted blocks log and got 0 delTX to process.
2019-09-10 07:03:20,825 [SCMBlockDeletingService#0] DEBUG block.SCMBlockDeletingService (SCMBlockDeletingService.java:call(138)) - Running DeletedBlockTransactionScanner
2019-09-10 07:03:20,826 [SCMBlockDeletingService#0] DEBUG block.SCMBlockDeletingService (SCMBlockDeletingService.java:call(155)) - Scanned deleted blocks log and got 0 delTX to process.
2019-09-10 07:03:20,926 [SCMBlockDeletingService#0] DEBUG block.SCMBlockDeletingService (SCMBlockDeletingService.java:call(138)) - Running DeletedBlockTransactionScanner
2019-09-10 07:03:20,927 [SCMBlockDeletingService#0] DEBUG block.SCMBlockDeletingService (SCMBlockDeletingService.java:call(155)) - Scanned deleted blocks log and got 0 delTX to process.
2019-09-10 07:03:21,027 [SCMBlockDeletingService#0] DEBUG block.SCMBlockDeletingService (SCMBlockDeletingService.java:call(138)) - Running DeletedBlockTransactionScanner
2019-09-10 07:03:21,028 [SCMBlockDeletingService#0] DEBUG block.SCMBlockDeletingService (SCMBlockDeletingService.java:call(155)) - Scanned deleted blocks log and got 0 delTX to process.
2019-09-10 07:03:21,128 [SCMBlockDeletingService#0] DEBUG block.SCMBlockDeletingService (SCMBlockDeletingService.java:call(138)) - Running DeletedBlockTransactionScanner
2019-09-10 07:03:21,129 [SCMBlockDeletingService#0] DEBUG block.SCMBlockDeletingService (SCMBlockDeletingService.java:call(155)) - Scanned deleted blocks log and got 0 delTX to process.
2019-09-10 07:03:21,229 [SCMBlockDeletingService#0] DEBUG block.SCMBlockDeletingService (SCMBlockDeletingService.java:call(138)) - Running DeletedBlockTransactionScanner
2019-09-10 07:03:21,229 [SCMBlockDeletingService#0] DEBUG block.SCMBlockDeletingService (SCMBlockDeletingService.java:call(155)) - Scanned deleted blocks log and got 0 delTX to process.
2019-09-10 07:03:21,329 [SCMBlockDeletingService#0] DEBUG block.SCMBlockDeletingService (SCMBlockDeletingService.java:call(138)) - Running DeletedBlockTransactionScanner
2019-09-10 07:03:21,330 [SCMBlockDeletingService#0] DEBUG block.SCMBlockDeletingService (SCMBlockDeletingService.java:call(155)) - Scanned deleted blocks log and got 0 delTX to process.
2019-09-10 07:03:21,430 [SCMBlockDeletingService#0] DEBUG block.SCMBlockDeletingService (SCMBlockDeletingService.java:call(138)) - Running DeletedBlockTransactionScanner
2019-09-10 07:03:21,431 [SCMBlockDeletingService#0] DEBUG block.SCMBlockDeletingService (SCMBlockDeletingService.java:call(155)) - Scanned deleted blocks log and got 0 delTX to process.
2019-09-10 07:03:21,531 [SCMBlockDeletingService#0] DEBUG block.SCMBlockDeletingService (SCMBlockDeletingService.java:call(138)) - Running DeletedBlockTransactionScanner
2019-09-10 07:03:21,532 [SCMBlockDeletingService#0] DEBUG block.SCMBlockDeletingService (SCMBlockDeletingService.java:call(155)) - Scanned deleted blocks log and got 0 delTX to process.
2019-09-10 07:03:21,632 [SCMBlockDeletingService#0] DEBUG block.SCMBlockDeletingService (SCMBlockDeletingService.java:call(138)) - Running DeletedBlockTransactionScanner
2019-09-10 07:03:21,633 [SCMBlockDeletingService#0] DEBUG block.SCMBlockDeletingService (SCMBlockDeletingService.java:call(155)) - Scanned deleted blocks log and got 0 delTX to process.
2019-09-10 07:03:21,733 [SCMBlockDeletingService#0] DEBUG block.SCMBlockDeletingService (SCMBlockDeletingService.java:call(138)) - Running DeletedBlockTransactionScanner
2019-09-10 07:03:21,734 [SCMBlockDeletingService#0] DEBUG block.SCMBlockDeletingService (SCMBlockDeletingService.java:call(155)) - Scanned deleted blocks log and got 0 delTX to process.
2019-09-10 07:03:21,834 [SCMBlockDeletingService#0] DEBUG block.SCMBlockDeletingService (SCMBlockDeletingService.java:call(138)) - Running DeletedBlockTransactionScanner
2019-09-10 07:03:21,834 [SCMBlockDeletingService#0] DEBUG block.SCMBlockDeletingService (SCMBlockDeletingService.java:call(155)) - Scanned deleted blocks log and got 0 delTX to process.
2019-09-10 07:03:21,935 [SCMBlockDeletingService#0] DEBUG block.SCMBlockDeletingService (SCMBlockDeletingService.java:call(138)) - Running DeletedBlockTransactionScanner
2019-09-10 07:03:21,935 [SCMBlockDeletingService#0] DEBUG block.SCMBlockDeletingService (SCMBlockDeletingService.java:call(155)) - Scanned deleted blocks log and got 0 delTX to process.
2019-09-10 07:03:22,035 [SCMBlockDeletingService#0] DEBUG block.SCMBlockDeletingService (SCMBlockDeletingService.java:call(138)) - Running DeletedBlockTransactionScanner
2019-09-10 07:03:22,036 [SCMBlockDeletingService#0] DEBUG block.SCMBlockDeletingService (SCMBlockDeletingService.java:call(155)) - Scanned deleted blocks log and got 0 delTX to process.
2019-09-10 07:03:22,057 [05f13708-5e6e-4ea1-a525-a3c8f7f54426@group-34B10843FE54-SegmentedRaftLogWorker] WARN  segmented.SegmentedRaftLogWorker (SegmentedRaftLogWorker.java:getFromFuture(90)) - Timeout 0/~
org.apache.ratis.protocol.TimeoutIOException: Timeout 10s: WriteLog:16: (t:1, i:16), STATEMACHINELOGENTRY, client-7F424F215E90, cid=11-writeStateMachineData
	at org.apache.ratis.util.IOUtils.getFromFuture(IOUtils.java:87)
	at org.apache.ratis.server.raftlog.segmented.SegmentedRaftLogWorker$StateMachineDataPolicy.getFromFuture(SegmentedRaftLogWorker.java:87)
	at org.apache.ratis.server.raftlog.segmented.SegmentedRaftLogWorker$WriteLog.execute(SegmentedRaftLogWorker.java:477)
	at org.apache.ratis.server.raftlog.segmented.SegmentedRaftLogWorker.run(SegmentedRaftLogWorker.java:289)
	at java.lang.Thread.run(Thread.java:748)
Caused by: java.util.concurrent.TimeoutException
	at java.util.concurrent.CompletableFuture.timedGet(CompletableFuture.java:1771)
	at java.util.concurrent.CompletableFuture.get(CompletableFuture.java:1915)
	at org.apache.ratis.util.IOUtils.getFromFuture(IOUtils.java:79)
	... 4 more
2019-09-10 07:03:22,136 [SCMBlockDeletingService#0] DEBUG block.SCMBlockDeletingService (SCMBlockDeletingService.java:call(138)) - Running DeletedBlockTransactionScanner
2019-09-10 07:03:22,137 [SCMBlockDeletingService#0] DEBUG block.SCMBlockDeletingService (SCMBlockDeletingService.java:call(155)) - Scanned deleted blocks log and got 0 delTX to process.
2019-09-10 07:03:22,237 [SCMBlockDeletingService#0] DEBUG block.SCMBlockDeletingService (SCMBlockDeletingService.java:call(138)) - Running DeletedBlockTransactionScanner
2019-09-10 07:03:22,237 [SCMBlockDeletingService#0] DEBUG block.SCMBlockDeletingService (SCMBlockDeletingService.java:call(155)) - Scanned deleted blocks log and got 0 delTX to process.
2019-09-10 07:03:22,338 [SCMBlockDeletingService#0] DEBUG block.SCMBlockDeletingService (SCMBlockDeletingService.java:call(138)) - Running DeletedBlockTransactionScanner
2019-09-10 07:03:22,338 [SCMBlockDeletingService#0] DEBUG block.SCMBlockDeletingService (SCMBlockDeletingService.java:call(155)) - Scanned deleted blocks log and got 0 delTX to process.
2019-09-10 07:03:22,438 [SCMBlockDeletingService#0] DEBUG block.SCMBlockDeletingService (SCMBlockDeletingService.java:call(138)) - Running DeletedBlockTransactionScanner
2019-09-10 07:03:22,439 [SCMBlockDeletingService#0] DEBUG block.SCMBlockDeletingService (SCMBlockDeletingService.java:call(155)) - Scanned deleted blocks log and got 0 delTX to process.
2019-09-10 07:03:22,539 [SCMBlockDeletingService#0] DEBUG block.SCMBlockDeletingService (SCMBlockDeletingService.java:call(138)) - Running DeletedBlockTransactionScanner
2019-09-10 07:03:22,540 [SCMBlockDeletingService#0] DEBUG block.SCMBlockDeletingService (SCMBlockDeletingService.java:call(155)) - Scanned deleted blocks log and got 0 delTX to process.
2019-09-10 07:03:22,640 [SCMBlockDeletingService#0] DEBUG block.SCMBlockDeletingService (SCMBlockDeletingService.java:call(138)) - Running DeletedBlockTransactionScanner
2019-09-10 07:03:22,640 [SCMBlockDeletingService#0] DEBUG block.SCMBlockDeletingService (SCMBlockDeletingService.java:call(155)) - Scanned deleted blocks log and got 0 delTX to process.
2019-09-10 07:03:22,741 [SCMBlockDeletingService#0] DEBUG block.SCMBlockDeletingService (SCMBlockDeletingService.java:call(138)) - Running DeletedBlockTransactionScanner
2019-09-10 07:03:22,741 [SCMBlockDeletingService#0] DEBUG block.SCMBlockDeletingService (SCMBlockDeletingService.java:call(155)) - Scanned deleted blocks log and got 0 delTX to process.
2019-09-10 07:03:22,842 [SCMBlockDeletingService#0] DEBUG block.SCMBlockDeletingService (SCMBlockDeletingService.java:call(138)) - Running DeletedBlockTransactionScanner
2019-09-10 07:03:22,842 [SCMBlockDeletingService#0] DEBUG block.SCMBlockDeletingService (SCMBlockDeletingService.java:call(155)) - Scanned deleted blocks log and got 0 delTX to process.
2019-09-10 07:03:22,942 [SCMBlockDeletingService#0] DEBUG block.SCMBlockDeletingService (SCMBlockDeletingService.java:call(138)) - Running DeletedBlockTransactionScanner
2019-09-10 07:03:22,943 [SCMBlockDeletingService#0] DEBUG block.SCMBlockDeletingService (SCMBlockDeletingService.java:call(155)) - Scanned deleted blocks log and got 0 delTX to process.
2019-09-10 07:03:23,043 [SCMBlockDeletingService#0] DEBUG block.SCMBlockDeletingService (SCMBlockDeletingService.java:call(138)) - Running DeletedBlockTransactionScanner
2019-09-10 07:03:23,044 [SCMBlockDeletingService#0] DEBUG block.SCMBlockDeletingService (SCMBlockDeletingService.java:call(155)) - Scanned deleted blocks log and got 0 delTX to process.
2019-09-10 07:03:23,144 [SCMBlockDeletingService#0] DEBUG block.SCMBlockDeletingService (SCMBlockDeletingService.java:call(138)) - Running DeletedBlockTransactionScanner
2019-09-10 07:03:23,144 [SCMBlockDeletingService#0] DEBUG block.SCMBlockDeletingService (SCMBlockDeletingService.java:call(155)) - Scanned deleted blocks log and got 0 delTX to process.
2019-09-10 07:03:23,245 [SCMBlockDeletingService#0] DEBUG block.SCMBlockDeletingService (SCMBlockDeletingService.java:call(138)) - Running DeletedBlockTransactionScanner
2019-09-10 07:03:23,245 [SCMBlockDeletingService#0] DEBUG block.SCMBlockDeletingService (SCMBlockDeletingService.java:call(155)) - Scanned deleted blocks log and got 0 delTX to process.
2019-09-10 07:03:23,346 [SCMBlockDeletingService#1] DEBUG block.SCMBlockDeletingService (SCMBlockDeletingService.java:call(138)) - Running DeletedBlockTransactionScanner
2019-09-10 07:03:23,346 [SCMBlockDeletingService#1] DEBUG block.SCMBlockDeletingService (SCMBlockDeletingService.java:call(155)) - Scanned deleted blocks log and got 0 delTX to process.
2019-09-10 07:03:23,446 [SCMBlockDeletingService#1] DEBUG block.SCMBlockDeletingService (SCMBlockDeletingService.java:call(138)) - Running DeletedBlockTransactionScanner
2019-09-10 07:03:23,447 [SCMBlockDeletingService#1] DEBUG block.SCMBlockDeletingService (SCMBlockDeletingService.java:call(155)) - Scanned deleted blocks log and got 0 delTX to process.
2019-09-10 07:03:23,547 [SCMBlockDeletingService#1] DEBUG block.SCMBlockDeletingService (SCMBlockDeletingService.java:call(138)) - Running DeletedBlockTransactionScanner
2019-09-10 07:03:23,547 [SCMBlockDeletingService#1] DEBUG block.SCMBlockDeletingService (SCMBlockDeletingService.java:call(155)) - Scanned deleted blocks log and got 0 delTX to process.
2019-09-10 07:03:23,648 [SCMBlockDeletingService#1] DEBUG block.SCMBlockDeletingService (SCMBlockDeletingService.java:call(138)) - Running DeletedBlockTransactionScanner
2019-09-10 07:03:23,648 [SCMBlockDeletingService#1] DEBUG block.SCMBlockDeletingService (SCMBlockDeletingService.java:call(155)) - Scanned deleted blocks log and got 0 delTX to process.
2019-09-10 07:03:23,749 [SCMBlockDeletingService#1] DEBUG block.SCMBlockDeletingService (SCMBlockDeletingService.java:call(138)) - Running DeletedBlockTransactionScanner
2019-09-10 07:03:23,749 [SCMBlockDeletingService#1] DEBUG block.SCMBlockDeletingService (SCMBlockDeletingService.java:call(155)) - Scanned deleted blocks log and got 0 delTX to process.
2019-09-10 07:03:23,849 [SCMBlockDeletingService#1] DEBUG block.SCMBlockDeletingService (SCMBlockDeletingService.java:call(138)) - Running DeletedBlockTransactionScanner
2019-09-10 07:03:23,850 [SCMBlockDeletingService#1] DEBUG block.SCMBlockDeletingService (SCMBlockDeletingService.java:call(155)) - Scanned deleted blocks log and got 0 delTX to process.
2019-09-10 07:03:23,950 [SCMBlockDeletingService#1] DEBUG block.SCMBlockDeletingService (SCMBlockDeletingService.java:call(138)) - Running DeletedBlockTransactionScanner
2019-09-10 07:03:23,951 [SCMBlockDeletingService#1] DEBUG block.SCMBlockDeletingService (SCMBlockDeletingService.java:call(155)) - Scanned deleted blocks log and got 0 delTX to process.
2019-09-10 07:03:24,051 [SCMBlockDeletingService#1] DEBUG block.SCMBlockDeletingService (SCMBlockDeletingService.java:call(138)) - Running DeletedBlockTransactionScanner
2019-09-10 07:03:24,052 [SCMBlockDeletingService#1] DEBUG block.SCMBlockDeletingService (SCMBlockDeletingService.java:call(155)) - Scanned deleted blocks log and got 0 delTX to process.
2019-09-10 07:03:24,152 [SCMBlockDeletingService#1] DEBUG block.SCMBlockDeletingService (SCMBlockDeletingService.java:call(138)) - Running DeletedBlockTransactionScanner
2019-09-10 07:03:24,153 [SCMBlockDeletingService#1] DEBUG block.SCMBlockDeletingService (SCMBlockDeletingService.java:call(155)) - Scanned deleted blocks log and got 0 delTX to process.
2019-09-10 07:03:24,253 [SCMBlockDeletingService#1] DEBUG block.SCMBlockDeletingService (SCMBlockDeletingService.java:call(138)) - Running DeletedBlockTransactionScanner
2019-09-10 07:03:24,253 [SCMBlockDeletingService#1] DEBUG block.SCMBlockDeletingService (SCMBlockDeletingService.java:call(155)) - Scanned deleted blocks log and got 0 delTX to process.
2019-09-10 07:03:24,354 [SCMBlockDeletingService#1] DEBUG block.SCMBlockDeletingService (SCMBlockDeletingService.java:call(138)) - Running DeletedBlockTransactionScanner
2019-09-10 07:03:24,354 [SCMBlockDeletingService#1] DEBUG block.SCMBlockDeletingService (SCMBlockDeletingService.java:call(155)) - Scanned deleted blocks log and got 0 delTX to process.
2019-09-10 07:03:24,454 [SCMBlockDeletingService#1] DEBUG block.SCMBlockDeletingService (SCMBlockDeletingService.java:call(138)) - Running DeletedBlockTransactionScanner
2019-09-10 07:03:24,454 [SCMBlockDeletingService#1] DEBUG block.SCMBlockDeletingService (SCMBlockDeletingService.java:call(155)) - Scanned deleted blocks log and got 0 delTX to process.
2019-09-10 07:03:24,555 [SCMBlockDeletingService#0] DEBUG block.SCMBlockDeletingService (SCMBlockDeletingService.java:call(138)) - Running DeletedBlockTransactionScanner
2019-09-10 07:03:24,555 [SCMBlockDeletingService#0] DEBUG block.SCMBlockDeletingService (SCMBlockDeletingService.java:call(155)) - Scanned deleted blocks log and got 0 delTX to process.
2019-09-10 07:03:24,655 [SCMBlockDeletingService#0] DEBUG block.SCMBlockDeletingService (SCMBlockDeletingService.java:call(138)) - Running DeletedBlockTransactionScanner
2019-09-10 07:03:24,656 [SCMBlockDeletingService#0] DEBUG block.SCMBlockDeletingService (SCMBlockDeletingService.java:call(155)) - Scanned deleted blocks log and got 0 delTX to process.
2019-09-10 07:03:24,756 [SCMBlockDeletingService#0] DEBUG block.SCMBlockDeletingService (SCMBlockDeletingService.java:call(138)) - Running DeletedBlockTransactionScanner
2019-09-10 07:03:24,756 [SCMBlockDeletingService#0] DEBUG block.SCMBlockDeletingService (SCMBlockDeletingService.java:call(155)) - Scanned deleted blocks log and got 0 delTX to process.
2019-09-10 07:03:24,857 [SCMBlockDeletingService#1] DEBUG block.SCMBlockDeletingService (SCMBlockDeletingService.java:call(138)) - Running DeletedBlockTransactionScanner
2019-09-10 07:03:24,857 [SCMBlockDeletingService#1] DEBUG block.SCMBlockDeletingService (SCMBlockDeletingService.java:call(155)) - Scanned deleted blocks log and got 0 delTX to process.
2019-09-10 07:03:24,957 [SCMBlockDeletingService#1] DEBUG block.SCMBlockDeletingService (SCMBlockDeletingService.java:call(138)) - Running DeletedBlockTransactionScanner
2019-09-10 07:03:24,958 [SCMBlockDeletingService#1] DEBUG block.SCMBlockDeletingService (SCMBlockDeletingService.java:call(155)) - Scanned deleted blocks log and got 0 delTX to process.
2019-09-10 07:03:25,058 [SCMBlockDeletingService#1] DEBUG block.SCMBlockDeletingService (SCMBlockDeletingService.java:call(138)) - Running DeletedBlockTransactionScanner
2019-09-10 07:03:25,058 [SCMBlockDeletingService#1] DEBUG block.SCMBlockDeletingService (SCMBlockDeletingService.java:call(155)) - Scanned deleted blocks log and got 0 delTX to process.
2019-09-10 07:03:25,159 [SCMBlockDeletingService#1] DEBUG block.SCMBlockDeletingService (SCMBlockDeletingService.java:call(138)) - Running DeletedBlockTransactionScanner
2019-09-10 07:03:25,159 [SCMBlockDeletingService#1] DEBUG block.SCMBlockDeletingService (SCMBlockDeletingService.java:call(155)) - Scanned deleted blocks log and got 0 delTX to process.
2019-09-10 07:03:25,260 [SCMBlockDeletingService#1] DEBUG block.SCMBlockDeletingService (SCMBlockDeletingService.java:call(138)) - Running DeletedBlockTransactionScanner
2019-09-10 07:03:25,260 [SCMBlockDeletingService#1] DEBUG block.SCMBlockDeletingService (SCMBlockDeletingService.java:call(155)) - Scanned deleted blocks log and got 0 delTX to process.
2019-09-10 07:03:25,360 [SCMBlockDeletingService#1] DEBUG block.SCMBlockDeletingService (SCMBlockDeletingService.java:call(138)) - Running DeletedBlockTransactionScanner
2019-09-10 07:03:25,361 [SCMBlockDeletingService#1] DEBUG block.SCMBlockDeletingService (SCMBlockDeletingService.java:call(155)) - Scanned deleted blocks log and got 0 delTX to process.
2019-09-10 07:03:25,461 [SCMBlockDeletingService#1] DEBUG block.SCMBlockDeletingService (SCMBlockDeletingService.java:call(138)) - Running DeletedBlockTransactionScanner
2019-09-10 07:03:25,462 [SCMBlockDeletingService#1] DEBUG block.SCMBlockDeletingService (SCMBlockDeletingService.java:call(155)) - Scanned deleted blocks log and got 0 delTX to process.
2019-09-10 07:03:25,562 [SCMBlockDeletingService#1] DEBUG block.SCMBlockDeletingService (SCMBlockDeletingService.java:call(138)) - Running DeletedBlockTransactionScanner
2019-09-10 07:03:25,562 [SCMBlockDeletingService#1] DEBUG block.SCMBlockDeletingService (SCMBlockDeletingService.java:call(155)) - Scanned deleted blocks log and got 0 delTX to process.
2019-09-10 07:03:25,663 [SCMBlockDeletingService#1] DEBUG block.SCMBlockDeletingService (SCMBlockDeletingService.java:call(138)) - Running DeletedBlockTransactionScanner
2019-09-10 07:03:25,663 [SCMBlockDeletingService#1] DEBUG block.SCMBlockDeletingService (SCMBlockDeletingService.java:call(155)) - Scanned deleted blocks log and got 0 delTX to process.
2019-09-10 07:03:25,763 [SCMBlockDeletingService#1] DEBUG block.SCMBlockDeletingService (SCMBlockDeletingService.java:call(138)) - Running DeletedBlockTransactionScanner
2019-09-10 07:03:25,764 [SCMBlockDeletingService#1] DEBUG block.SCMBlockDeletingService (SCMBlockDeletingService.java:call(155)) - Scanned deleted blocks log and got 0 delTX to process.
2019-09-10 07:03:25,864 [SCMBlockDeletingService#1] DEBUG block.SCMBlockDeletingService (SCMBlockDeletingService.java:call(138)) - Running DeletedBlockTransactionScanner
2019-09-10 07:03:25,865 [SCMBlockDeletingService#1] DEBUG block.SCMBlockDeletingService (SCMBlockDeletingService.java:call(155)) - Scanned deleted blocks log and got 0 delTX to process.
2019-09-10 07:03:25,965 [SCMBlockDeletingService#1] DEBUG block.SCMBlockDeletingService (SCMBlockDeletingService.java:call(138)) - Running DeletedBlockTransactionScanner
2019-09-10 07:03:25,966 [SCMBlockDeletingService#1] DEBUG block.SCMBlockDeletingService (SCMBlockDeletingService.java:call(155)) - Scanned deleted blocks log and got 0 delTX to process.
2019-09-10 07:03:26,066 [SCMBlockDeletingService#1] DEBUG block.SCMBlockDeletingService (SCMBlockDeletingService.java:call(138)) - Running DeletedBlockTransactionScanner
2019-09-10 07:03:26,066 [SCMBlockDeletingService#1] DEBUG block.SCMBlockDeletingService (SCMBlockDeletingService.java:call(155)) - Scanned deleted blocks log and got 0 delTX to process.
2019-09-10 07:03:26,167 [SCMBlockDeletingService#1] DEBUG block.SCMBlockDeletingService (SCMBlockDeletingService.java:call(138)) - Running DeletedBlockTransactionScanner
2019-09-10 07:03:26,167 [SCMBlockDeletingService#1] DEBUG block.SCMBlockDeletingService (SCMBlockDeletingService.java:call(155)) - Scanned deleted blocks log and got 0 delTX to process.
2019-09-10 07:03:26,267 [SCMBlockDeletingService#1] DEBUG block.SCMBlockDeletingService (SCMBlockDeletingService.java:call(138)) - Running DeletedBlockTransactionScanner
2019-09-10 07:03:26,268 [SCMBlockDeletingService#1] DEBUG block.SCMBlockDeletingService (SCMBlockDeletingService.java:call(155)) - Scanned deleted blocks log and got 0 delTX to process.
2019-09-10 07:03:26,368 [SCMBlockDeletingService#1] DEBUG block.SCMBlockDeletingService (SCMBlockDeletingService.java:call(138)) - Running DeletedBlockTransactionScanner
2019-09-10 07:03:26,368 [SCMBlockDeletingService#1] DEBUG block.SCMBlockDeletingService (SCMBlockDeletingService.java:call(155)) - Scanned deleted blocks log and got 0 delTX to process.
2019-09-10 07:03:26,469 [SCMBlockDeletingService#1] DEBUG block.SCMBlockDeletingService (SCMBlockDeletingService.java:call(138)) - Running DeletedBlockTransactionScanner
2019-09-10 07:03:26,469 [SCMBlockDeletingService#1] DEBUG block.SCMBlockDeletingService (SCMBlockDeletingService.java:call(155)) - Scanned deleted blocks log and got 0 delTX to process.
2019-09-10 07:03:26,570 [SCMBlockDeletingService#1] DEBUG block.SCMBlockDeletingService (SCMBlockDeletingService.java:call(138)) - Running DeletedBlockTransactionScanner
2019-09-10 07:03:26,570 [SCMBlockDeletingService#1] DEBUG block.SCMBlockDeletingService (SCMBlockDeletingService.java:call(155)) - Scanned deleted blocks log and got 0 delTX to process.
2019-09-10 07:03:26,670 [SCMBlockDeletingService#1] DEBUG block.SCMBlockDeletingService (SCMBlockDeletingService.java:call(138)) - Running DeletedBlockTransactionScanner
2019-09-10 07:03:26,671 [SCMBlockDeletingService#1] DEBUG block.SCMBlockDeletingService (SCMBlockDeletingService.java:call(155)) - Scanned deleted blocks log and got 0 delTX to process.
2019-09-10 07:03:26,771 [SCMBlockDeletingService#1] DEBUG block.SCMBlockDeletingService (SCMBlockDeletingService.java:call(138)) - Running DeletedBlockTransactionScanner
2019-09-10 07:03:26,771 [SCMBlockDeletingService#1] DEBUG block.SCMBlockDeletingService (SCMBlockDeletingService.java:call(155)) - Scanned deleted blocks log and got 0 delTX to process.
2019-09-10 07:03:26,872 [SCMBlockDeletingService#1] DEBUG block.SCMBlockDeletingService (SCMBlockDeletingService.java:call(138)) - Running DeletedBlockTransactionScanner
2019-09-10 07:03:26,872 [SCMBlockDeletingService#1] DEBUG block.SCMBlockDeletingService (SCMBlockDeletingService.java:call(155)) - Scanned deleted blocks log and got 0 delTX to process.
2019-09-10 07:03:26,973 [SCMBlockDeletingService#1] DEBUG block.SCMBlockDeletingService (SCMBlockDeletingService.java:call(138)) - Running DeletedBlockTransactionScanner
2019-09-10 07:03:26,973 [SCMBlockDeletingService#1] DEBUG block.SCMBlockDeletingService (SCMBlockDeletingService.java:call(155)) - Scanned deleted blocks log and got 0 delTX to process.
2019-09-10 07:03:27,074 [SCMBlockDeletingService#1] DEBUG block.SCMBlockDeletingService (SCMBlockDeletingService.java:call(138)) - Running DeletedBlockTransactionScanner
2019-09-10 07:03:27,074 [SCMBlockDeletingService#1] DEBUG block.SCMBlockDeletingService (SCMBlockDeletingService.java:call(155)) - Scanned deleted blocks log and got 0 delTX to process.
2019-09-10 07:03:27,174 [SCMBlockDeletingService#1] DEBUG block.SCMBlockDeletingService (SCMBlockDeletingService.java:call(138)) - Running DeletedBlockTransactionScanner
2019-09-10 07:03:27,175 [SCMBlockDeletingService#1] DEBUG block.SCMBlockDeletingService (SCMBlockDeletingService.java:call(155)) - Scanned deleted blocks log and got 0 delTX to process.
2019-09-10 07:03:27,275 [SCMBlockDeletingService#1] DEBUG block.SCMBlockDeletingService (SCMBlockDeletingService.java:call(138)) - Running DeletedBlockTransactionScanner
2019-09-10 07:03:27,276 [SCMBlockDeletingService#1] DEBUG block.SCMBlockDeletingService (SCMBlockDeletingService.java:call(155)) - Scanned deleted blocks log and got 0 delTX to process.
2019-09-10 07:03:27,376 [SCMBlockDeletingService#1] DEBUG block.SCMBlockDeletingService (SCMBlockDeletingService.java:call(138)) - Running DeletedBlockTransactionScanner
2019-09-10 07:03:27,376 [SCMBlockDeletingService#1] DEBUG block.SCMBlockDeletingService (SCMBlockDeletingService.java:call(155)) - Scanned deleted blocks log and got 0 delTX to process.
2019-09-10 07:03:27,477 [SCMBlockDeletingService#1] DEBUG block.SCMBlockDeletingService (SCMBlockDeletingService.java:call(138)) - Running DeletedBlockTransactionScanner
2019-09-10 07:03:27,477 [SCMBlockDeletingService#1] DEBUG block.SCMBlockDeletingService (SCMBlockDeletingService.java:call(155)) - Scanned deleted blocks log and got 0 delTX to process.
2019-09-10 07:03:27,578 [SCMBlockDeletingService#1] DEBUG block.SCMBlockDeletingService (SCMBlockDeletingService.java:call(138)) - Running DeletedBlockTransactionScanner
2019-09-10 07:03:27,578 [SCMBlockDeletingService#1] DEBUG block.SCMBlockDeletingService (SCMBlockDeletingService.java:call(155)) - Scanned deleted blocks log and got 0 delTX to process.
2019-09-10 07:03:27,678 [SCMBlockDeletingService#1] DEBUG block.SCMBlockDeletingService (SCMBlockDeletingService.java:call(138)) - Running DeletedBlockTransactionScanner
2019-09-10 07:03:27,679 [SCMBlockDeletingService#1] DEBUG block.SCMBlockDeletingService (SCMBlockDeletingService.java:call(155)) - Scanned deleted blocks log and got 0 delTX to process.
2019-09-10 07:03:27,779 [SCMBlockDeletingService#1] DEBUG block.SCMBlockDeletingService (SCMBlockDeletingService.java:call(138)) - Running DeletedBlockTransactionScanner
2019-09-10 07:03:27,779 [SCMBlockDeletingService#1] DEBUG block.SCMBlockDeletingService (SCMBlockDeletingService.java:call(155)) - Scanned deleted blocks log and got 0 delTX to process.
2019-09-10 07:03:27,880 [SCMBlockDeletingService#1] DEBUG block.SCMBlockDeletingService (SCMBlockDeletingService.java:call(138)) - Running DeletedBlockTransactionScanner
2019-09-10 07:03:27,880 [SCMBlockDeletingService#1] DEBUG block.SCMBlockDeletingService (SCMBlockDeletingService.java:call(155)) - Scanned deleted blocks log and got 0 delTX to process.
2019-09-10 07:03:27,981 [SCMBlockDeletingService#1] DEBUG block.SCMBlockDeletingService (SCMBlockDeletingService.java:call(138)) - Running DeletedBlockTransactionScanner
2019-09-10 07:03:27,981 [SCMBlockDeletingService#1] DEBUG block.SCMBlockDeletingService (SCMBlockDeletingService.java:call(155)) - Scanned deleted blocks log and got 0 delTX to process.
2019-09-10 07:03:28,082 [SCMBlockDeletingService#1] DEBUG block.SCMBlockDeletingService (SCMBlockDeletingService.java:call(138)) - Running DeletedBlockTransactionScanner
2019-09-10 07:03:28,082 [SCMBlockDeletingService#1] DEBUG block.SCMBlockDeletingService (SCMBlockDeletingService.java:call(155)) - Scanned deleted blocks log and got 0 delTX to process.
2019-09-10 07:03:28,182 [SCMBlockDeletingService#1] DEBUG block.SCMBlockDeletingService (SCMBlockDeletingService.java:call(138)) - Running DeletedBlockTransactionScanner
2019-09-10 07:03:28,183 [SCMBlockDeletingService#1] DEBUG block.SCMBlockDeletingService (SCMBlockDeletingService.java:call(155)) - Scanned deleted blocks log and got 0 delTX to process.
2019-09-10 07:03:28,283 [SCMBlockDeletingService#0] DEBUG block.SCMBlockDeletingService (SCMBlockDeletingService.java:call(138)) - Running DeletedBlockTransactionScanner
2019-09-10 07:03:28,283 [SCMBlockDeletingService#0] DEBUG block.SCMBlockDeletingService (SCMBlockDeletingService.java:call(155)) - Scanned deleted blocks log and got 0 delTX to process.
2019-09-10 07:03:28,384 [SCMBlockDeletingService#0] DEBUG block.SCMBlockDeletingService (SCMBlockDeletingService.java:call(138)) - Running DeletedBlockTransactionScanner
2019-09-10 07:03:28,384 [SCMBlockDeletingService#0] DEBUG block.SCMBlockDeletingService (SCMBlockDeletingService.java:call(155)) - Scanned deleted blocks log and got 0 delTX to process.
2019-09-10 07:03:28,484 [SCMBlockDeletingService#0] DEBUG block.SCMBlockDeletingService (SCMBlockDeletingService.java:call(138)) - Running DeletedBlockTransactionScanner
2019-09-10 07:03:28,485 [SCMBlockDeletingService#0] DEBUG block.SCMBlockDeletingService (SCMBlockDeletingService.java:call(155)) - Scanned deleted blocks log and got 0 delTX to process.
2019-09-10 07:03:28,585 [SCMBlockDeletingService#0] DEBUG block.SCMBlockDeletingService (SCMBlockDeletingService.java:call(138)) - Running DeletedBlockTransactionScanner
2019-09-10 07:03:28,585 [SCMBlockDeletingService#0] DEBUG block.SCMBlockDeletingService (SCMBlockDeletingService.java:call(155)) - Scanned deleted blocks log and got 0 delTX to process.
2019-09-10 07:03:28,685 [SCMBlockDeletingService#1] DEBUG block.SCMBlockDeletingService (SCMBlockDeletingService.java:call(138)) - Running DeletedBlockTransactionScanner
2019-09-10 07:03:28,686 [SCMBlockDeletingService#1] DEBUG block.SCMBlockDeletingService (SCMBlockDeletingService.java:call(155)) - Scanned deleted blocks log and got 0 delTX to process.
2019-09-10 07:03:28,786 [SCMBlockDeletingService#1] DEBUG block.SCMBlockDeletingService (SCMBlockDeletingService.java:call(138)) - Running DeletedBlockTransactionScanner
2019-09-10 07:03:28,786 [SCMBlockDeletingService#1] DEBUG block.SCMBlockDeletingService (SCMBlockDeletingService.java:call(155)) - Scanned deleted blocks log and got 0 delTX to process.
2019-09-10 07:03:28,886 [SCMBlockDeletingService#1] DEBUG block.SCMBlockDeletingService (SCMBlockDeletingService.java:call(138)) - Running DeletedBlockTransactionScanner
2019-09-10 07:03:28,887 [SCMBlockDeletingService#1] DEBUG block.SCMBlockDeletingService (SCMBlockDeletingService.java:call(155)) - Scanned deleted blocks log and got 0 delTX to process.
2019-09-10 07:03:28,987 [SCMBlockDeletingService#1] DEBUG block.SCMBlockDeletingService (SCMBlockDeletingService.java:call(138)) - Running DeletedBlockTransactionScanner
2019-09-10 07:03:28,987 [SCMBlockDeletingService#1] DEBUG block.SCMBlockDeletingService (SCMBlockDeletingService.java:call(155)) - Scanned deleted blocks log and got 0 delTX to process.
2019-09-10 07:03:29,088 [SCMBlockDeletingService#1] DEBUG block.SCMBlockDeletingService (SCMBlockDeletingService.java:call(138)) - Running DeletedBlockTransactionScanner
2019-09-10 07:03:29,088 [SCMBlockDeletingService#1] DEBUG block.SCMBlockDeletingService (SCMBlockDeletingService.java:call(155)) - Scanned deleted blocks log and got 0 delTX to process.
2019-09-10 07:03:29,189 [SCMBlockDeletingService#1] DEBUG block.SCMBlockDeletingService (SCMBlockDeletingService.java:call(138)) - Running DeletedBlockTransactionScanner
2019-09-10 07:03:29,189 [SCMBlockDeletingService#1] DEBUG block.SCMBlockDeletingService (SCMBlockDeletingService.java:call(155)) - Scanned deleted blocks log and got 0 delTX to process.
2019-09-10 07:03:29,290 [SCMBlockDeletingService#1] DEBUG block.SCMBlockDeletingService (SCMBlockDeletingService.java:call(138)) - Running DeletedBlockTransactionScanner
2019-09-10 07:03:29,290 [SCMBlockDeletingService#1] DEBUG block.SCMBlockDeletingService (SCMBlockDeletingService.java:call(155)) - Scanned deleted blocks log and got 0 delTX to process.
2019-09-10 07:03:29,390 [SCMBlockDeletingService#1] DEBUG block.SCMBlockDeletingService (SCMBlockDeletingService.java:call(138)) - Running DeletedBlockTransactionScanner
2019-09-10 07:03:29,391 [SCMBlockDeletingService#1] DEBUG block.SCMBlockDeletingService (SCMBlockDeletingService.java:call(155)) - Scanned deleted blocks log and got 0 delTX to process.
2019-09-10 07:03:29,491 [SCMBlockDeletingService#1] DEBUG block.SCMBlockDeletingService (SCMBlockDeletingService.java:call(138)) - Running DeletedBlockTransactionScanner
2019-09-10 07:03:29,492 [SCMBlockDeletingService#1] DEBUG block.SCMBlockDeletingService (SCMBlockDeletingService.java:call(155)) - Scanned deleted blocks log and got 0 delTX to process.
2019-09-10 07:03:29,592 [SCMBlockDeletingService#1] DEBUG block.SCMBlockDeletingService (SCMBlockDeletingService.java:call(138)) - Running DeletedBlockTransactionScanner
2019-09-10 07:03:29,592 [SCMBlockDeletingService#1] DEBUG block.SCMBlockDeletingService (SCMBlockDeletingService.java:call(155)) - Scanned deleted blocks log and got 0 delTX to process.
2019-09-10 07:03:29,693 [SCMBlockDeletingService#1] DEBUG block.SCMBlockDeletingService (SCMBlockDeletingService.java:call(138)) - Running DeletedBlockTransactionScanner
2019-09-10 07:03:29,693 [SCMBlockDeletingService#1] DEBUG block.SCMBlockDeletingService (SCMBlockDeletingService.java:call(155)) - Scanned deleted blocks log and got 0 delTX to process.
2019-09-10 07:03:29,794 [SCMBlockDeletingService#1] DEBUG block.SCMBlockDeletingService (SCMBlockDeletingService.java:call(138)) - Running DeletedBlockTransactionScanner
2019-09-10 07:03:29,794 [SCMBlockDeletingService#1] DEBUG block.SCMBlockDeletingService (SCMBlockDeletingService.java:call(155)) - Scanned deleted blocks log and got 0 delTX to process.
2019-09-10 07:03:29,894 [SCMBlockDeletingService#1] DEBUG block.SCMBlockDeletingService (SCMBlockDeletingService.java:call(138)) - Running DeletedBlockTransactionScanner
2019-09-10 07:03:29,895 [SCMBlockDeletingService#1] DEBUG block.SCMBlockDeletingService (SCMBlockDeletingService.java:call(155)) - Scanned deleted blocks log and got 0 delTX to process.
2019-09-10 07:03:29,995 [SCMBlockDeletingService#0] DEBUG block.SCMBlockDeletingService (SCMBlockDeletingService.java:call(138)) - Running DeletedBlockTransactionScanner
2019-09-10 07:03:29,995 [SCMBlockDeletingService#0] DEBUG block.SCMBlockDeletingService (SCMBlockDeletingService.java:call(155)) - Scanned deleted blocks log and got 0 delTX to process.
2019-09-10 07:03:30,096 [SCMBlockDeletingService#0] DEBUG block.SCMBlockDeletingService (SCMBlockDeletingService.java:call(138)) - Running DeletedBlockTransactionScanner
2019-09-10 07:03:30,096 [SCMBlockDeletingService#0] DEBUG block.SCMBlockDeletingService (SCMBlockDeletingService.java:call(155)) - Scanned deleted blocks log and got 0 delTX to process.
2019-09-10 07:03:30,196 [SCMBlockDeletingService#0] DEBUG block.SCMBlockDeletingService (SCMBlockDeletingService.java:call(138)) - Running DeletedBlockTransactionScanner
2019-09-10 07:03:30,197 [SCMBlockDeletingService#0] DEBUG block.SCMBlockDeletingService (SCMBlockDeletingService.java:call(155)) - Scanned deleted blocks log and got 0 delTX to process.
2019-09-10 07:03:30,297 [SCMBlockDeletingService#0] DEBUG block.SCMBlockDeletingService (SCMBlockDeletingService.java:call(138)) - Running DeletedBlockTransactionScanner
2019-09-10 07:03:30,297 [SCMBlockDeletingService#0] DEBUG block.SCMBlockDeletingService (SCMBlockDeletingService.java:call(155)) - Scanned deleted blocks log and got 0 delTX to process.
2019-09-10 07:03:30,398 [SCMBlockDeletingService#0] DEBUG block.SCMBlockDeletingService (SCMBlockDeletingService.java:call(138)) - Running DeletedBlockTransactionScanner
2019-09-10 07:03:30,398 [SCMBlockDeletingService#0] DEBUG block.SCMBlockDeletingService (SCMBlockDeletingService.java:call(155)) - Scanned deleted blocks log and got 0 delTX to process.
2019-09-10 07:03:30,498 [SCMBlockDeletingService#0] DEBUG block.SCMBlockDeletingService (SCMBlockDeletingService.java:call(138)) - Running DeletedBlockTransactionScanner
2019-09-10 07:03:30,499 [SCMBlockDeletingService#0] DEBUG block.SCMBlockDeletingService (SCMBlockDeletingService.java:call(155)) - Scanned deleted blocks log and got 0 delTX to process.
2019-09-10 07:03:30,599 [SCMBlockDeletingService#0] DEBUG block.SCMBlockDeletingService (SCMBlockDeletingService.java:call(138)) - Running DeletedBlockTransactionScanner
2019-09-10 07:03:30,599 [SCMBlockDeletingService#0] DEBUG block.SCMBlockDeletingService (SCMBlockDeletingService.java:call(155)) - Scanned deleted blocks log and got 0 delTX to process.
2019-09-10 07:03:30,700 [SCMBlockDeletingService#0] DEBUG block.SCMBlockDeletingService (SCMBlockDeletingService.java:call(138)) - Running DeletedBlockTransactionScanner
2019-09-10 07:03:30,700 [SCMBlockDeletingService#0] DEBUG block.SCMBlockDeletingService (SCMBlockDeletingService.java:call(155)) - Scanned deleted blocks log and got 0 delTX to process.
2019-09-10 07:03:30,800 [SCMBlockDeletingService#0] DEBUG block.SCMBlockDeletingService (SCMBlockDeletingService.java:call(138)) - Running DeletedBlockTransactionScanner
2019-09-10 07:03:30,800 [SCMBlockDeletingService#0] DEBUG block.SCMBlockDeletingService (SCMBlockDeletingService.java:call(155)) - Scanned deleted blocks log and got 0 delTX to process.
2019-09-10 07:03:30,901 [SCMBlockDeletingService#0] DEBUG block.SCMBlockDeletingService (SCMBlockDeletingService.java:call(138)) - Running DeletedBlockTransactionScanner
2019-09-10 07:03:30,901 [SCMBlockDeletingService#0] DEBUG block.SCMBlockDeletingService (SCMBlockDeletingService.java:call(155)) - Scanned deleted blocks log and got 0 delTX to process.
2019-09-10 07:03:31,001 [SCMBlockDeletingService#0] DEBUG block.SCMBlockDeletingService (SCMBlockDeletingService.java:call(138)) - Running DeletedBlockTransactionScanner
2019-09-10 07:03:31,002 [SCMBlockDeletingService#0] DEBUG block.SCMBlockDeletingService (SCMBlockDeletingService.java:call(155)) - Scanned deleted blocks log and got 0 delTX to process.
2019-09-10 07:03:31,102 [SCMBlockDeletingService#0] DEBUG block.SCMBlockDeletingService (SCMBlockDeletingService.java:call(138)) - Running DeletedBlockTransactionScanner
2019-09-10 07:03:31,103 [SCMBlockDeletingService#0] DEBUG block.SCMBlockDeletingService (SCMBlockDeletingService.java:call(155)) - Scanned deleted blocks log and got 0 delTX to process.
2019-09-10 07:03:31,203 [SCMBlockDeletingService#0] DEBUG block.SCMBlockDeletingService (SCMBlockDeletingService.java:call(138)) - Running DeletedBlockTransactionScanner
2019-09-10 07:03:31,203 [SCMBlockDeletingService#0] DEBUG block.SCMBlockDeletingService (SCMBlockDeletingService.java:call(155)) - Scanned deleted blocks log and got 0 delTX to process.
2019-09-10 07:03:31,304 [SCMBlockDeletingService#0] DEBUG block.SCMBlockDeletingService (SCMBlockDeletingService.java:call(138)) - Running DeletedBlockTransactionScanner
2019-09-10 07:03:31,304 [SCMBlockDeletingService#0] DEBUG block.SCMBlockDeletingService (SCMBlockDeletingService.java:call(155)) - Scanned deleted blocks log and got 0 delTX to process.
2019-09-10 07:03:31,405 [SCMBlockDeletingService#0] DEBUG block.SCMBlockDeletingService (SCMBlockDeletingService.java:call(138)) - Running DeletedBlockTransactionScanner
2019-09-10 07:03:31,405 [SCMBlockDeletingService#0] DEBUG block.SCMBlockDeletingService (SCMBlockDeletingService.java:call(155)) - Scanned deleted blocks log and got 0 delTX to process.
2019-09-10 07:03:31,505 [SCMBlockDeletingService#0] DEBUG block.SCMBlockDeletingService (SCMBlockDeletingService.java:call(138)) - Running DeletedBlockTransactionScanner
2019-09-10 07:03:31,506 [SCMBlockDeletingService#0] DEBUG block.SCMBlockDeletingService (SCMBlockDeletingService.java:call(155)) - Scanned deleted blocks log and got 0 delTX to process.
2019-09-10 07:03:31,606 [SCMBlockDeletingService#0] DEBUG block.SCMBlockDeletingService (SCMBlockDeletingService.java:call(138)) - Running DeletedBlockTransactionScanner
2019-09-10 07:03:31,607 [SCMBlockDeletingService#0] DEBUG block.SCMBlockDeletingService (SCMBlockDeletingService.java:call(155)) - Scanned deleted blocks log and got 0 delTX to process.
2019-09-10 07:03:31,707 [SCMBlockDeletingService#0] DEBUG block.SCMBlockDeletingService (SCMBlockDeletingService.java:call(138)) - Running DeletedBlockTransactionScanner
2019-09-10 07:03:31,707 [SCMBlockDeletingService#0] DEBUG block.SCMBlockDeletingService (SCMBlockDeletingService.java:call(155)) - Scanned deleted blocks log and got 0 delTX to process.
2019-09-10 07:03:31,808 [SCMBlockDeletingService#0] DEBUG block.SCMBlockDeletingService (SCMBlockDeletingService.java:call(138)) - Running DeletedBlockTransactionScanner
2019-09-10 07:03:31,808 [SCMBlockDeletingService#0] DEBUG block.SCMBlockDeletingService (SCMBlockDeletingService.java:call(155)) - Scanned deleted blocks log and got 0 delTX to process.
2019-09-10 07:03:31,909 [SCMBlockDeletingService#1] DEBUG block.SCMBlockDeletingService (SCMBlockDeletingService.java:call(138)) - Running DeletedBlockTransactionScanner
2019-09-10 07:03:31,909 [SCMBlockDeletingService#1] DEBUG block.SCMBlockDeletingService (SCMBlockDeletingService.java:call(155)) - Scanned deleted blocks log and got 0 delTX to process.
2019-09-10 07:03:32,009 [SCMBlockDeletingService#1] DEBUG block.SCMBlockDeletingService (SCMBlockDeletingService.java:call(138)) - Running DeletedBlockTransactionScanner
2019-09-10 07:03:32,010 [SCMBlockDeletingService#1] DEBUG block.SCMBlockDeletingService (SCMBlockDeletingService.java:call(155)) - Scanned deleted blocks log and got 0 delTX to process.
2019-09-10 07:03:32,062 [05f13708-5e6e-4ea1-a525-a3c8f7f54426@group-34B10843FE54-SegmentedRaftLogWorker] WARN  segmented.SegmentedRaftLogWorker (SegmentedRaftLogWorker.java:getFromFuture(90)) - Timeout 1/~
org.apache.ratis.protocol.TimeoutIOException: Timeout 10s: WriteLog:16: (t:1, i:16), STATEMACHINELOGENTRY, client-7F424F215E90, cid=11-writeStateMachineData
	at org.apache.ratis.util.IOUtils.getFromFuture(IOUtils.java:87)
	at org.apache.ratis.server.raftlog.segmented.SegmentedRaftLogWorker$StateMachineDataPolicy.getFromFuture(SegmentedRaftLogWorker.java:87)
	at org.apache.ratis.server.raftlog.segmented.SegmentedRaftLogWorker$WriteLog.execute(SegmentedRaftLogWorker.java:477)
	at org.apache.ratis.server.raftlog.segmented.SegmentedRaftLogWorker.run(SegmentedRaftLogWorker.java:289)
	at java.lang.Thread.run(Thread.java:748)
Caused by: java.util.concurrent.TimeoutException
	at java.util.concurrent.CompletableFuture.timedGet(CompletableFuture.java:1771)
	at java.util.concurrent.CompletableFuture.get(CompletableFuture.java:1915)
	at org.apache.ratis.util.IOUtils.getFromFuture(IOUtils.java:79)
	... 4 more
2019-09-10 07:03:32,110 [SCMBlockDeletingService#1] DEBUG block.SCMBlockDeletingService (SCMBlockDeletingService.java:call(138)) - Running DeletedBlockTransactionScanner
2019-09-10 07:03:32,110 [SCMBlockDeletingService#1] DEBUG block.SCMBlockDeletingService (SCMBlockDeletingService.java:call(155)) - Scanned deleted blocks log and got 0 delTX to process.
2019-09-10 07:03:32,211 [SCMBlockDeletingService#1] DEBUG block.SCMBlockDeletingService (SCMBlockDeletingService.java:call(138)) - Running DeletedBlockTransactionScanner
2019-09-10 07:03:32,211 [SCMBlockDeletingService#1] DEBUG block.SCMBlockDeletingService (SCMBlockDeletingService.java:call(155)) - Scanned deleted blocks log and got 0 delTX to process.
2019-09-10 07:03:32,312 [SCMBlockDeletingService#1] DEBUG block.SCMBlockDeletingService (SCMBlockDeletingService.java:call(138)) - Running DeletedBlockTransactionScanner
2019-09-10 07:03:32,312 [SCMBlockDeletingService#1] DEBUG block.SCMBlockDeletingService (SCMBlockDeletingService.java:call(155)) - Scanned deleted blocks log and got 0 delTX to process.
2019-09-10 07:03:32,412 [SCMBlockDeletingService#1] DEBUG block.SCMBlockDeletingService (SCMBlockDeletingService.java:call(138)) - Running DeletedBlockTransactionScanner
2019-09-10 07:03:32,413 [SCMBlockDeletingService#1] DEBUG block.SCMBlockDeletingService (SCMBlockDeletingService.java:call(155)) - Scanned deleted blocks log and got 0 delTX to process.
2019-09-10 07:03:32,514 [SCMBlockDeletingService#0] DEBUG block.SCMBlockDeletingService (SCMBlockDeletingService.java:call(138)) - Running DeletedBlockTransactionScanner
2019-09-10 07:03:32,514 [SCMBlockDeletingService#0] DEBUG block.SCMBlockDeletingService (SCMBlockDeletingService.java:call(155)) - Scanned deleted blocks log and got 0 delTX to process.
2019-09-10 07:03:32,615 [SCMBlockDeletingService#0] DEBUG block.SCMBlockDeletingService (SCMBlockDeletingService.java:call(138)) - Running DeletedBlockTransactionScanner
2019-09-10 07:03:32,615 [SCMBlockDeletingService#0] DEBUG block.SCMBlockDeletingService (SCMBlockDeletingService.java:call(155)) - Scanned deleted blocks log and got 0 delTX to process.
2019-09-10 07:03:32,715 [SCMBlockDeletingService#0] DEBUG block.SCMBlockDeletingService (SCMBlockDeletingService.java:call(138)) - Running DeletedBlockTransactionScanner
2019-09-10 07:03:32,716 [SCMBlockDeletingService#0] DEBUG block.SCMBlockDeletingService (SCMBlockDeletingService.java:call(155)) - Scanned deleted blocks log and got 0 delTX to process.
2019-09-10 07:03:32,816 [SCMBlockDeletingService#1] DEBUG block.SCMBlockDeletingService (SCMBlockDeletingService.java:call(138)) - Running DeletedBlockTransactionScanner
2019-09-10 07:03:32,817 [SCMBlockDeletingService#1] DEBUG block.SCMBlockDeletingService (SCMBlockDeletingService.java:call(155)) - Scanned deleted blocks log and got 0 delTX to process.
2019-09-10 07:03:32,917 [SCMBlockDeletingService#1] DEBUG block.SCMBlockDeletingService (SCMBlockDeletingService.java:call(138)) - Running DeletedBlockTransactionScanner
2019-09-10 07:03:32,918 [SCMBlockDeletingService#1] DEBUG block.SCMBlockDeletingService (SCMBlockDeletingService.java:call(155)) - Scanned deleted blocks log and got 0 delTX to process.
2019-09-10 07:03:33,018 [SCMBlockDeletingService#1] DEBUG block.SCMBlockDeletingService (SCMBlockDeletingService.java:call(138)) - Running DeletedBlockTransactionScanner
2019-09-10 07:03:33,019 [SCMBlockDeletingService#1] DEBUG block.SCMBlockDeletingService (SCMBlockDeletingService.java:call(155)) - Scanned deleted blocks log and got 0 delTX to process.
2019-09-10 07:03:33,119 [SCMBlockDeletingService#1] DEBUG block.SCMBlockDeletingService (SCMBlockDeletingService.java:call(138)) - Running DeletedBlockTransactionScanner
2019-09-10 07:03:33,120 [SCMBlockDeletingService#1] DEBUG block.SCMBlockDeletingService (SCMBlockDeletingService.java:call(155)) - Scanned deleted blocks log and got 0 delTX to process.
2019-09-10 07:03:33,220 [SCMBlockDeletingService#1] DEBUG block.SCMBlockDeletingService (SCMBlockDeletingService.java:call(138)) - Running DeletedBlockTransactionScanner
2019-09-10 07:03:33,221 [SCMBlockDeletingService#1] DEBUG block.SCMBlockDeletingService (SCMBlockDeletingService.java:call(155)) - Scanned deleted blocks log and got 0 delTX to process.
2019-09-10 07:03:33,321 [SCMBlockDeletingService#0] DEBUG block.SCMBlockDeletingService (SCMBlockDeletingService.java:call(138)) - Running DeletedBlockTransactionScanner
2019-09-10 07:03:33,322 [SCMBlockDeletingService#0] DEBUG block.SCMBlockDeletingService (SCMBlockDeletingService.java:call(155)) - Scanned deleted blocks log and got 0 delTX to process.
2019-09-10 07:03:33,422 [SCMBlockDeletingService#0] DEBUG block.SCMBlockDeletingService (SCMBlockDeletingService.java:call(138)) - Running DeletedBlockTransactionScanner
2019-09-10 07:03:33,422 [SCMBlockDeletingService#0] DEBUG block.SCMBlockDeletingService (SCMBlockDeletingService.java:call(155)) - Scanned deleted blocks log and got 0 delTX to process.
2019-09-10 07:03:33,523 [SCMBlockDeletingService#0] DEBUG block.SCMBlockDeletingService (SCMBlockDeletingService.java:call(138)) - Running DeletedBlockTransactionScanner
2019-09-10 07:03:33,523 [SCMBlockDeletingService#0] DEBUG block.SCMBlockDeletingService (SCMBlockDeletingService.java:call(155)) - Scanned deleted blocks log and got 0 delTX to process.
2019-09-10 07:03:33,623 [SCMBlockDeletingService#1] DEBUG block.SCMBlockDeletingService (SCMBlockDeletingService.java:call(138)) - Running DeletedBlockTransactionScanner
2019-09-10 07:03:33,624 [SCMBlockDeletingService#1] DEBUG block.SCMBlockDeletingService (SCMBlockDeletingService.java:call(155)) - Scanned deleted blocks log and got 0 delTX to process.
2019-09-10 07:03:33,724 [SCMBlockDeletingService#1] DEBUG block.SCMBlockDeletingService (SCMBlockDeletingService.java:call(138)) - Running DeletedBlockTransactionScanner
2019-09-10 07:03:33,724 [SCMBlockDeletingService#1] DEBUG block.SCMBlockDeletingService (SCMBlockDeletingService.java:call(155)) - Scanned deleted blocks log and got 0 delTX to process.
2019-09-10 07:03:33,825 [SCMBlockDeletingService#1] DEBUG block.SCMBlockDeletingService (SCMBlockDeletingService.java:call(138)) - Running DeletedBlockTransactionScanner
2019-09-10 07:03:33,825 [SCMBlockDeletingService#1] DEBUG block.SCMBlockDeletingService (SCMBlockDeletingService.java:call(155)) - Scanned deleted blocks log and got 0 delTX to process.
2019-09-10 07:03:33,926 [SCMBlockDeletingService#1] DEBUG block.SCMBlockDeletingService (SCMBlockDeletingService.java:call(138)) - Running DeletedBlockTransactionScanner
2019-09-10 07:03:33,926 [SCMBlockDeletingService#1] DEBUG block.SCMBlockDeletingService (SCMBlockDeletingService.java:call(155)) - Scanned deleted blocks log and got 0 delTX to process.
2019-09-10 07:03:34,026 [SCMBlockDeletingService#1] DEBUG block.SCMBlockDeletingService (SCMBlockDeletingService.java:call(138)) - Running DeletedBlockTransactionScanner
2019-09-10 07:03:34,027 [SCMBlockDeletingService#1] DEBUG block.SCMBlockDeletingService (SCMBlockDeletingService.java:call(155)) - Scanned deleted blocks log and got 0 delTX to process.
2019-09-10 07:03:34,127 [SCMBlockDeletingService#1] DEBUG block.SCMBlockDeletingService (SCMBlockDeletingService.java:call(138)) - Running DeletedBlockTransactionScanner
2019-09-10 07:03:34,128 [SCMBlockDeletingService#1] DEBUG block.SCMBlockDeletingService (SCMBlockDeletingService.java:call(155)) - Scanned deleted blocks log and got 0 delTX to process.
2019-09-10 07:03:34,228 [SCMBlockDeletingService#1] DEBUG block.SCMBlockDeletingService (SCMBlockDeletingService.java:call(138)) - Running DeletedBlockTransactionScanner
2019-09-10 07:03:34,228 [SCMBlockDeletingService#1] DEBUG block.SCMBlockDeletingService (SCMBlockDeletingService.java:call(155)) - Scanned deleted blocks log and got 0 delTX to process.
2019-09-10 07:03:34,329 [SCMBlockDeletingService#1] DEBUG block.SCMBlockDeletingService (SCMBlockDeletingService.java:call(138)) - Running DeletedBlockTransactionScanner
2019-09-10 07:03:34,329 [SCMBlockDeletingService#1] DEBUG block.SCMBlockDeletingService (SCMBlockDeletingService.java:call(155)) - Scanned deleted blocks log and got 0 delTX to process.
2019-09-10 07:03:34,429 [SCMBlockDeletingService#1] DEBUG block.SCMBlockDeletingService (SCMBlockDeletingService.java:call(138)) - Running DeletedBlockTransactionScanner
2019-09-10 07:03:34,430 [SCMBlockDeletingService#1] DEBUG block.SCMBlockDeletingService (SCMBlockDeletingService.java:call(155)) - Scanned deleted blocks log and got 0 delTX to process.
2019-09-10 07:03:34,530 [SCMBlockDeletingService#1] DEBUG block.SCMBlockDeletingService (SCMBlockDeletingService.java:call(138)) - Running DeletedBlockTransactionScanner
2019-09-10 07:03:34,530 [SCMBlockDeletingService#1] DEBUG block.SCMBlockDeletingService (SCMBlockDeletingService.java:call(155)) - Scanned deleted blocks log and got 0 delTX to process.
2019-09-10 07:03:34,631 [SCMBlockDeletingService#1] DEBUG block.SCMBlockDeletingService (SCMBlockDeletingService.java:call(138)) - Running DeletedBlockTransactionScanner
2019-09-10 07:03:34,631 [SCMBlockDeletingService#1] DEBUG block.SCMBlockDeletingService (SCMBlockDeletingService.java:call(155)) - Scanned deleted blocks log and got 0 delTX to process.
2019-09-10 07:03:34,731 [SCMBlockDeletingService#1] DEBUG block.SCMBlockDeletingService (SCMBlockDeletingService.java:call(138)) - Running DeletedBlockTransactionScanner
2019-09-10 07:03:34,732 [SCMBlockDeletingService#1] DEBUG block.SCMBlockDeletingService (SCMBlockDeletingService.java:call(155)) - Scanned deleted blocks log and got 0 delTX to process.
2019-09-10 07:03:34,832 [SCMBlockDeletingService#1] DEBUG block.SCMBlockDeletingService (SCMBlockDeletingService.java:call(138)) - Running DeletedBlockTransactionScanner
2019-09-10 07:03:34,832 [SCMBlockDeletingService#1] DEBUG block.SCMBlockDeletingService (SCMBlockDeletingService.java:call(155)) - Scanned deleted blocks log and got 0 delTX to process.
2019-09-10 07:03:34,933 [SCMBlockDeletingService#1] DEBUG block.SCMBlockDeletingService (SCMBlockDeletingService.java:call(138)) - Running DeletedBlockTransactionScanner
2019-09-10 07:03:34,933 [SCMBlockDeletingService#1] DEBUG block.SCMBlockDeletingService (SCMBlockDeletingService.java:call(155)) - Scanned deleted blocks log and got 0 delTX to process.
2019-09-10 07:03:35,033 [SCMBlockDeletingService#1] DEBUG block.SCMBlockDeletingService (SCMBlockDeletingService.java:call(138)) - Running DeletedBlockTransactionScanner
2019-09-10 07:03:35,034 [SCMBlockDeletingService#1] DEBUG block.SCMBlockDeletingService (SCMBlockDeletingService.java:call(155)) - Scanned deleted blocks log and got 0 delTX to process.
2019-09-10 07:03:35,134 [SCMBlockDeletingService#1] DEBUG block.SCMBlockDeletingService (SCMBlockDeletingService.java:call(138)) - Running DeletedBlockTransactionScanner
2019-09-10 07:03:35,135 [SCMBlockDeletingService#1] DEBUG block.SCMBlockDeletingService (SCMBlockDeletingService.java:call(155)) - Scanned deleted blocks log and got 0 delTX to process.
2019-09-10 07:03:35,235 [SCMBlockDeletingService#1] DEBUG block.SCMBlockDeletingService (SCMBlockDeletingService.java:call(138)) - Running DeletedBlockTransactionScanner
2019-09-10 07:03:35,235 [SCMBlockDeletingService#1] DEBUG block.SCMBlockDeletingService (SCMBlockDeletingService.java:call(155)) - Scanned deleted blocks log and got 0 delTX to process.
2019-09-10 07:03:35,336 [SCMBlockDeletingService#1] DEBUG block.SCMBlockDeletingService (SCMBlockDeletingService.java:call(138)) - Running DeletedBlockTransactionScanner
2019-09-10 07:03:35,336 [SCMBlockDeletingService#1] DEBUG block.SCMBlockDeletingService (SCMBlockDeletingService.java:call(155)) - Scanned deleted blocks log and got 0 delTX to process.
2019-09-10 07:03:35,437 [SCMBlockDeletingService#1] DEBUG block.SCMBlockDeletingService (SCMBlockDeletingService.java:call(138)) - Running DeletedBlockTransactionScanner
2019-09-10 07:03:35,438 [SCMBlockDeletingService#1] DEBUG block.SCMBlockDeletingService (SCMBlockDeletingService.java:call(155)) - Scanned deleted blocks log and got 0 delTX to process.
2019-09-10 07:03:35,538 [SCMBlockDeletingService#1] DEBUG block.SCMBlockDeletingService (SCMBlockDeletingService.java:call(138)) - Running DeletedBlockTransactionScanner
2019-09-10 07:03:35,539 [SCMBlockDeletingService#1] DEBUG block.SCMBlockDeletingService (SCMBlockDeletingService.java:call(155)) - Scanned deleted blocks log and got 0 delTX to process.
2019-09-10 07:03:35,639 [SCMBlockDeletingService#0] DEBUG block.SCMBlockDeletingService (SCMBlockDeletingService.java:call(138)) - Running DeletedBlockTransactionScanner
2019-09-10 07:03:35,639 [SCMBlockDeletingService#0] DEBUG block.SCMBlockDeletingService (SCMBlockDeletingService.java:call(155)) - Scanned deleted blocks log and got 0 delTX to process.
2019-09-10 07:03:35,740 [SCMBlockDeletingService#0] DEBUG block.SCMBlockDeletingService (SCMBlockDeletingService.java:call(138)) - Running DeletedBlockTransactionScanner
2019-09-10 07:03:35,740 [SCMBlockDeletingService#0] DEBUG block.SCMBlockDeletingService (SCMBlockDeletingService.java:call(155)) - Scanned deleted blocks log and got 0 delTX to process.
2019-09-10 07:03:35,840 [SCMBlockDeletingService#0] DEBUG block.SCMBlockDeletingService (SCMBlockDeletingService.java:call(138)) - Running DeletedBlockTransactionScanner
2019-09-10 07:03:35,841 [SCMBlockDeletingService#0] DEBUG block.SCMBlockDeletingService (SCMBlockDeletingService.java:call(155)) - Scanned deleted blocks log and got 0 delTX to process.
2019-09-10 07:03:35,941 [SCMBlockDeletingService#1] DEBUG block.SCMBlockDeletingService (SCMBlockDeletingService.java:call(138)) - Running DeletedBlockTransactionScanner
2019-09-10 07:03:35,942 [SCMBlockDeletingService#1] DEBUG block.SCMBlockDeletingService (SCMBlockDeletingService.java:call(155)) - Scanned deleted blocks log and got 0 delTX to process.
2019-09-10 07:03:36,042 [SCMBlockDeletingService#1] DEBUG block.SCMBlockDeletingService (SCMBlockDeletingService.java:call(138)) - Running DeletedBlockTransactionScanner
2019-09-10 07:03:36,043 [SCMBlockDeletingService#1] DEBUG block.SCMBlockDeletingService (SCMBlockDeletingService.java:call(155)) - Scanned deleted blocks log and got 0 delTX to process.
2019-09-10 07:03:36,143 [SCMBlockDeletingService#1] DEBUG block.SCMBlockDeletingService (SCMBlockDeletingService.java:call(138)) - Running DeletedBlockTransactionScanner
2019-09-10 07:03:36,144 [SCMBlockDeletingService#1] DEBUG block.SCMBlockDeletingService (SCMBlockDeletingService.java:call(155)) - Scanned deleted blocks log and got 0 delTX to process.
2019-09-10 07:03:36,244 [SCMBlockDeletingService#1] DEBUG block.SCMBlockDeletingService (SCMBlockDeletingService.java:call(138)) - Running DeletedBlockTransactionScanner
2019-09-10 07:03:36,244 [SCMBlockDeletingService#1] DEBUG block.SCMBlockDeletingService (SCMBlockDeletingService.java:call(155)) - Scanned deleted blocks log and got 0 delTX to process.
2019-09-10 07:03:36,345 [SCMBlockDeletingService#1] DEBUG block.SCMBlockDeletingService (SCMBlockDeletingService.java:call(138)) - Running DeletedBlockTransactionScanner
2019-09-10 07:03:36,345 [SCMBlockDeletingService#1] DEBUG block.SCMBlockDeletingService (SCMBlockDeletingService.java:call(155)) - Scanned deleted blocks log and got 0 delTX to process.
2019-09-10 07:03:36,446 [SCMBlockDeletingService#1] DEBUG block.SCMBlockDeletingService (SCMBlockDeletingService.java:call(138)) - Running DeletedBlockTransactionScanner
2019-09-10 07:03:36,446 [SCMBlockDeletingService#1] DEBUG block.SCMBlockDeletingService (SCMBlockDeletingService.java:call(155)) - Scanned deleted blocks log and got 0 delTX to process.
2019-09-10 07:03:36,546 [SCMBlockDeletingService#1] DEBUG block.SCMBlockDeletingService (SCMBlockDeletingService.java:call(138)) - Running DeletedBlockTransactionScanner
2019-09-10 07:03:36,547 [SCMBlockDeletingService#1] DEBUG block.SCMBlockDeletingService (SCMBlockDeletingService.java:call(155)) - Scanned deleted blocks log and got 0 delTX to process.
2019-09-10 07:03:36,647 [SCMBlockDeletingService#1] DEBUG block.SCMBlockDeletingService (SCMBlockDeletingService.java:call(138)) - Running DeletedBlockTransactionScanner
2019-09-10 07:03:36,648 [SCMBlockDeletingService#1] DEBUG block.SCMBlockDeletingService (SCMBlockDeletingService.java:call(155)) - Scanned deleted blocks log and got 0 delTX to process.
2019-09-10 07:03:36,748 [SCMBlockDeletingService#1] DEBUG block.SCMBlockDeletingService (SCMBlockDeletingService.java:call(138)) - Running DeletedBlockTransactionScanner
2019-09-10 07:03:36,748 [SCMBlockDeletingService#1] DEBUG block.SCMBlockDeletingService (SCMBlockDeletingService.java:call(155)) - Scanned deleted blocks log and got 0 delTX to process.
2019-09-10 07:03:36,849 [SCMBlockDeletingService#1] DEBUG block.SCMBlockDeletingService (SCMBlockDeletingService.java:call(138)) - Running DeletedBlockTransactionScanner
2019-09-10 07:03:36,850 [SCMBlockDeletingService#1] DEBUG block.SCMBlockDeletingService (SCMBlockDeletingService.java:call(155)) - Scanned deleted blocks log and got 0 delTX to process.
2019-09-10 07:03:36,950 [SCMBlockDeletingService#1] DEBUG block.SCMBlockDeletingService (SCMBlockDeletingService.java:call(138)) - Running DeletedBlockTransactionScanner
2019-09-10 07:03:36,950 [SCMBlockDeletingService#1] DEBUG block.SCMBlockDeletingService (SCMBlockDeletingService.java:call(155)) - Scanned deleted blocks log and got 0 delTX to process.
2019-09-10 07:03:37,051 [SCMBlockDeletingService#1] DEBUG block.SCMBlockDeletingService (SCMBlockDeletingService.java:call(138)) - Running DeletedBlockTransactionScanner
2019-09-10 07:03:37,051 [SCMBlockDeletingService#1] DEBUG block.SCMBlockDeletingService (SCMBlockDeletingService.java:call(155)) - Scanned deleted blocks log and got 0 delTX to process.
2019-09-10 07:03:37,152 [SCMBlockDeletingService#1] DEBUG block.SCMBlockDeletingService (SCMBlockDeletingService.java:call(138)) - Running DeletedBlockTransactionScanner
2019-09-10 07:03:37,152 [SCMBlockDeletingService#1] DEBUG block.SCMBlockDeletingService (SCMBlockDeletingService.java:call(155)) - Scanned deleted blocks log and got 0 delTX to process.
2019-09-10 07:03:37,253 [SCMBlockDeletingService#1] DEBUG block.SCMBlockDeletingService (SCMBlockDeletingService.java:call(138)) - Running DeletedBlockTransactionScanner
2019-09-10 07:03:37,253 [SCMBlockDeletingService#1] DEBUG block.SCMBlockDeletingService (SCMBlockDeletingService.java:call(155)) - Scanned deleted blocks log and got 0 delTX to process.
2019-09-10 07:03:37,353 [SCMBlockDeletingService#1] DEBUG block.SCMBlockDeletingService (SCMBlockDeletingService.java:call(138)) - Running DeletedBlockTransactionScanner
2019-09-10 07:03:37,354 [SCMBlockDeletingService#1] DEBUG block.SCMBlockDeletingService (SCMBlockDeletingService.java:call(155)) - Scanned deleted blocks log and got 0 delTX to process.
2019-09-10 07:03:37,454 [SCMBlockDeletingService#1] DEBUG block.SCMBlockDeletingService (SCMBlockDeletingService.java:call(138)) - Running DeletedBlockTransactionScanner
2019-09-10 07:03:37,454 [SCMBlockDeletingService#1] DEBUG block.SCMBlockDeletingService (SCMBlockDeletingService.java:call(155)) - Scanned deleted blocks log and got 0 delTX to process.
2019-09-10 07:03:37,555 [SCMBlockDeletingService#1] DEBUG block.SCMBlockDeletingService (SCMBlockDeletingService.java:call(138)) - Running DeletedBlockTransactionScanner
2019-09-10 07:03:37,555 [SCMBlockDeletingService#1] DEBUG block.SCMBlockDeletingService (SCMBlockDeletingService.java:call(155)) - Scanned deleted blocks log and got 0 delTX to process.
2019-09-10 07:03:37,656 [SCMBlockDeletingService#1] DEBUG block.SCMBlockDeletingService (SCMBlockDeletingService.java:call(138)) - Running DeletedBlockTransactionScanner
2019-09-10 07:03:37,656 [SCMBlockDeletingService#1] DEBUG block.SCMBlockDeletingService (SCMBlockDeletingService.java:call(155)) - Scanned deleted blocks log and got 0 delTX to process.
2019-09-10 07:03:37,756 [SCMBlockDeletingService#1] DEBUG block.SCMBlockDeletingService (SCMBlockDeletingService.java:call(138)) - Running DeletedBlockTransactionScanner
2019-09-10 07:03:37,757 [SCMBlockDeletingService#1] DEBUG block.SCMBlockDeletingService (SCMBlockDeletingService.java:call(155)) - Scanned deleted blocks log and got 0 delTX to process.
2019-09-10 07:03:37,857 [SCMBlockDeletingService#1] DEBUG block.SCMBlockDeletingService (SCMBlockDeletingService.java:call(138)) - Running DeletedBlockTransactionScanner
2019-09-10 07:03:37,857 [SCMBlockDeletingService#1] DEBUG block.SCMBlockDeletingService (SCMBlockDeletingService.java:call(155)) - Scanned deleted blocks log and got 0 delTX to process.
2019-09-10 07:03:37,957 [SCMBlockDeletingService#1] DEBUG block.SCMBlockDeletingService (SCMBlockDeletingService.java:call(138)) - Running DeletedBlockTransactionScanner
2019-09-10 07:03:37,958 [SCMBlockDeletingService#1] DEBUG block.SCMBlockDeletingService (SCMBlockDeletingService.java:call(155)) - Scanned deleted blocks log and got 0 delTX to process.
2019-09-10 07:03:38,058 [SCMBlockDeletingService#1] DEBUG block.SCMBlockDeletingService (SCMBlockDeletingService.java:call(138)) - Running DeletedBlockTransactionScanner
2019-09-10 07:03:38,058 [SCMBlockDeletingService#1] DEBUG block.SCMBlockDeletingService (SCMBlockDeletingService.java:call(155)) - Scanned deleted blocks log and got 0 delTX to process.
2019-09-10 07:03:38,159 [SCMBlockDeletingService#1] DEBUG block.SCMBlockDeletingService (SCMBlockDeletingService.java:call(138)) - Running DeletedBlockTransactionScanner
2019-09-10 07:03:38,159 [SCMBlockDeletingService#1] DEBUG block.SCMBlockDeletingService (SCMBlockDeletingService.java:call(155)) - Scanned deleted blocks log and got 0 delTX to process.
2019-09-10 07:03:38,260 [SCMBlockDeletingService#1] DEBUG block.SCMBlockDeletingService (SCMBlockDeletingService.java:call(138)) - Running DeletedBlockTransactionScanner
2019-09-10 07:03:38,260 [SCMBlockDeletingService#1] DEBUG block.SCMBlockDeletingService (SCMBlockDeletingService.java:call(155)) - Scanned deleted blocks log and got 0 delTX to process.
2019-09-10 07:03:38,361 [SCMBlockDeletingService#0] DEBUG block.SCMBlockDeletingService (SCMBlockDeletingService.java:call(138)) - Running DeletedBlockTransactionScanner
2019-09-10 07:03:38,361 [SCMBlockDeletingService#0] DEBUG block.SCMBlockDeletingService (SCMBlockDeletingService.java:call(155)) - Scanned deleted blocks log and got 0 delTX to process.
2019-09-10 07:03:38,461 [SCMBlockDeletingService#0] DEBUG block.SCMBlockDeletingService (SCMBlockDeletingService.java:call(138)) - Running DeletedBlockTransactionScanner
2019-09-10 07:03:38,462 [SCMBlockDeletingService#0] DEBUG block.SCMBlockDeletingService (SCMBlockDeletingService.java:call(155)) - Scanned deleted blocks log and got 0 delTX to process.
2019-09-10 07:03:38,562 [SCMBlockDeletingService#0] DEBUG block.SCMBlockDeletingService (SCMBlockDeletingService.java:call(138)) - Running DeletedBlockTransactionScanner
2019-09-10 07:03:38,562 [SCMBlockDeletingService#0] DEBUG block.SCMBlockDeletingService (SCMBlockDeletingService.java:call(155)) - Scanned deleted blocks log and got 0 delTX to process.
2019-09-10 07:03:38,663 [SCMBlockDeletingService#0] DEBUG block.SCMBlockDeletingService (SCMBlockDeletingService.java:call(138)) - Running DeletedBlockTransactionScanner
2019-09-10 07:03:38,664 [SCMBlockDeletingService#0] DEBUG block.SCMBlockDeletingService (SCMBlockDeletingService.java:call(155)) - Scanned deleted blocks log and got 0 delTX to process.
2019-09-10 07:03:38,764 [SCMBlockDeletingService#0] DEBUG block.SCMBlockDeletingService (SCMBlockDeletingService.java:call(138)) - Running DeletedBlockTransactionScanner
2019-09-10 07:03:38,764 [SCMBlockDeletingService#0] DEBUG block.SCMBlockDeletingService (SCMBlockDeletingService.java:call(155)) - Scanned deleted blocks log and got 0 delTX to process.
2019-09-10 07:03:38,865 [SCMBlockDeletingService#0] DEBUG block.SCMBlockDeletingService (SCMBlockDeletingService.java:call(138)) - Running DeletedBlockTransactionScanner
2019-09-10 07:03:38,865 [SCMBlockDeletingService#0] DEBUG block.SCMBlockDeletingService (SCMBlockDeletingService.java:call(155)) - Scanned deleted blocks log and got 0 delTX to process.
2019-09-10 07:03:38,965 [SCMBlockDeletingService#0] DEBUG block.SCMBlockDeletingService (SCMBlockDeletingService.java:call(138)) - Running DeletedBlockTransactionScanner
2019-09-10 07:03:38,965 [SCMBlockDeletingService#0] DEBUG block.SCMBlockDeletingService (SCMBlockDeletingService.java:call(155)) - Scanned deleted blocks log and got 0 delTX to process.
2019-09-10 07:03:39,066 [SCMBlockDeletingService#0] DEBUG block.SCMBlockDeletingService (SCMBlockDeletingService.java:call(138)) - Running DeletedBlockTransactionScanner
2019-09-10 07:03:39,067 [SCMBlockDeletingService#0] DEBUG block.SCMBlockDeletingService (SCMBlockDeletingService.java:call(155)) - Scanned deleted blocks log and got 0 delTX to process.
2019-09-10 07:03:39,167 [SCMBlockDeletingService#0] DEBUG block.SCMBlockDeletingService (SCMBlockDeletingService.java:call(138)) - Running DeletedBlockTransactionScanner
2019-09-10 07:03:39,167 [SCMBlockDeletingService#0] DEBUG block.SCMBlockDeletingService (SCMBlockDeletingService.java:call(155)) - Scanned deleted blocks log and got 0 delTX to process.
2019-09-10 07:03:39,268 [SCMBlockDeletingService#0] DEBUG block.SCMBlockDeletingService (SCMBlockDeletingService.java:call(138)) - Running DeletedBlockTransactionScanner
2019-09-10 07:03:39,268 [SCMBlockDeletingService#0] DEBUG block.SCMBlockDeletingService (SCMBlockDeletingService.java:call(155)) - Scanned deleted blocks log and got 0 delTX to process.
2019-09-10 07:03:39,368 [SCMBlockDeletingService#0] DEBUG block.SCMBlockDeletingService (SCMBlockDeletingService.java:call(138)) - Running DeletedBlockTransactionScanner
2019-09-10 07:03:39,369 [SCMBlockDeletingService#0] DEBUG block.SCMBlockDeletingService (SCMBlockDeletingService.java:call(155)) - Scanned deleted blocks log and got 0 delTX to process.
2019-09-10 07:03:39,469 [SCMBlockDeletingService#0] DEBUG block.SCMBlockDeletingService (SCMBlockDeletingService.java:call(138)) - Running DeletedBlockTransactionScanner
2019-09-10 07:03:39,470 [SCMBlockDeletingService#0] DEBUG block.SCMBlockDeletingService (SCMBlockDeletingService.java:call(155)) - Scanned deleted blocks log and got 0 delTX to process.
2019-09-10 07:03:39,570 [SCMBlockDeletingService#1] DEBUG block.SCMBlockDeletingService (SCMBlockDeletingService.java:call(138)) - Running DeletedBlockTransactionScanner
2019-09-10 07:03:39,570 [SCMBlockDeletingService#1] DEBUG block.SCMBlockDeletingService (SCMBlockDeletingService.java:call(155)) - Scanned deleted blocks log and got 0 delTX to process.
2019-09-10 07:03:39,671 [SCMBlockDeletingService#1] DEBUG block.SCMBlockDeletingService (SCMBlockDeletingService.java:call(138)) - Running DeletedBlockTransactionScanner
2019-09-10 07:03:39,671 [SCMBlockDeletingService#1] DEBUG block.SCMBlockDeletingService (SCMBlockDeletingService.java:call(155)) - Scanned deleted blocks log and got 0 delTX to process.
2019-09-10 07:03:39,771 [SCMBlockDeletingService#1] DEBUG block.SCMBlockDeletingService (SCMBlockDeletingService.java:call(138)) - Running DeletedBlockTransactionScanner
2019-09-10 07:03:39,772 [SCMBlockDeletingService#1] DEBUG block.SCMBlockDeletingService (SCMBlockDeletingService.java:call(155)) - Scanned deleted blocks log and got 0 delTX to process.
2019-09-10 07:03:39,872 [SCMBlockDeletingService#1] DEBUG block.SCMBlockDeletingService (SCMBlockDeletingService.java:call(138)) - Running DeletedBlockTransactionScanner
2019-09-10 07:03:39,872 [SCMBlockDeletingService#1] DEBUG block.SCMBlockDeletingService (SCMBlockDeletingService.java:call(155)) - Scanned deleted blocks log and got 0 delTX to process.
2019-09-10 07:03:39,973 [SCMBlockDeletingService#1] DEBUG block.SCMBlockDeletingService (SCMBlockDeletingService.java:call(138)) - Running DeletedBlockTransactionScanner
2019-09-10 07:03:39,973 [SCMBlockDeletingService#1] DEBUG block.SCMBlockDeletingService (SCMBlockDeletingService.java:call(155)) - Scanned deleted blocks log and got 0 delTX to process.
2019-09-10 07:03:40,073 [SCMBlockDeletingService#1] DEBUG block.SCMBlockDeletingService (SCMBlockDeletingService.java:call(138)) - Running DeletedBlockTransactionScanner
2019-09-10 07:03:40,074 [SCMBlockDeletingService#1] DEBUG block.SCMBlockDeletingService (SCMBlockDeletingService.java:call(155)) - Scanned deleted blocks log and got 0 delTX to process.
2019-09-10 07:03:40,174 [SCMBlockDeletingService#1] DEBUG block.SCMBlockDeletingService (SCMBlockDeletingService.java:call(138)) - Running DeletedBlockTransactionScanner
2019-09-10 07:03:40,174 [SCMBlockDeletingService#1] DEBUG block.SCMBlockDeletingService (SCMBlockDeletingService.java:call(155)) - Scanned deleted blocks log and got 0 delTX to process.
2019-09-10 07:03:40,275 [SCMBlockDeletingService#1] DEBUG block.SCMBlockDeletingService (SCMBlockDeletingService.java:call(138)) - Running DeletedBlockTransactionScanner
2019-09-10 07:03:40,275 [SCMBlockDeletingService#1] DEBUG block.SCMBlockDeletingService (SCMBlockDeletingService.java:call(155)) - Scanned deleted blocks log and got 0 delTX to process.
2019-09-10 07:03:40,376 [SCMBlockDeletingService#1] DEBUG block.SCMBlockDeletingService (SCMBlockDeletingService.java:call(138)) - Running DeletedBlockTransactionScanner
2019-09-10 07:03:40,376 [SCMBlockDeletingService#1] DEBUG block.SCMBlockDeletingService (SCMBlockDeletingService.java:call(155)) - Scanned deleted blocks log and got 0 delTX to process.
2019-09-10 07:03:40,476 [SCMBlockDeletingService#1] DEBUG block.SCMBlockDeletingService (SCMBlockDeletingService.java:call(138)) - Running DeletedBlockTransactionScanner
2019-09-10 07:03:40,476 [SCMBlockDeletingService#1] DEBUG block.SCMBlockDeletingService (SCMBlockDeletingService.java:call(155)) - Scanned deleted blocks log and got 0 delTX to process.
2019-09-10 07:03:40,577 [SCMBlockDeletingService#1] DEBUG block.SCMBlockDeletingService (SCMBlockDeletingService.java:call(138)) - Running DeletedBlockTransactionScanner
2019-09-10 07:03:40,577 [SCMBlockDeletingService#1] DEBUG block.SCMBlockDeletingService (SCMBlockDeletingService.java:call(155)) - Scanned deleted blocks log and got 0 delTX to process.
2019-09-10 07:03:40,677 [SCMBlockDeletingService#1] DEBUG block.SCMBlockDeletingService (SCMBlockDeletingService.java:call(138)) - Running DeletedBlockTransactionScanner
2019-09-10 07:03:40,677 [SCMBlockDeletingService#1] DEBUG block.SCMBlockDeletingService (SCMBlockDeletingService.java:call(155)) - Scanned deleted blocks log and got 0 delTX to process.
2019-09-10 07:03:40,778 [SCMBlockDeletingService#1] DEBUG block.SCMBlockDeletingService (SCMBlockDeletingService.java:call(138)) - Running DeletedBlockTransactionScanner
2019-09-10 07:03:40,778 [SCMBlockDeletingService#1] DEBUG block.SCMBlockDeletingService (SCMBlockDeletingService.java:call(155)) - Scanned deleted blocks log and got 0 delTX to process.
2019-09-10 07:03:40,878 [SCMBlockDeletingService#1] DEBUG block.SCMBlockDeletingService (SCMBlockDeletingService.java:call(138)) - Running DeletedBlockTransactionScanner
2019-09-10 07:03:40,879 [SCMBlockDeletingService#1] DEBUG block.SCMBlockDeletingService (SCMBlockDeletingService.java:call(155)) - Scanned deleted blocks log and got 0 delTX to process.
2019-09-10 07:03:40,979 [SCMBlockDeletingService#1] DEBUG block.SCMBlockDeletingService (SCMBlockDeletingService.java:call(138)) - Running DeletedBlockTransactionScanner
2019-09-10 07:03:40,979 [SCMBlockDeletingService#1] DEBUG block.SCMBlockDeletingService (SCMBlockDeletingService.java:call(155)) - Scanned deleted blocks log and got 0 delTX to process.
2019-09-10 07:03:41,080 [SCMBlockDeletingService#1] DEBUG block.SCMBlockDeletingService (SCMBlockDeletingService.java:call(138)) - Running DeletedBlockTransactionScanner
2019-09-10 07:03:41,080 [SCMBlockDeletingService#1] DEBUG block.SCMBlockDeletingService (SCMBlockDeletingService.java:call(155)) - Scanned deleted blocks log and got 0 delTX to process.
2019-09-10 07:03:41,181 [SCMBlockDeletingService#1] DEBUG block.SCMBlockDeletingService (SCMBlockDeletingService.java:call(138)) - Running DeletedBlockTransactionScanner
2019-09-10 07:03:41,181 [SCMBlockDeletingService#1] DEBUG block.SCMBlockDeletingService (SCMBlockDeletingService.java:call(155)) - Scanned deleted blocks log and got 0 delTX to process.
2019-09-10 07:03:41,281 [SCMBlockDeletingService#1] DEBUG block.SCMBlockDeletingService (SCMBlockDeletingService.java:call(138)) - Running DeletedBlockTransactionScanner
2019-09-10 07:03:41,282 [SCMBlockDeletingService#1] DEBUG block.SCMBlockDeletingService (SCMBlockDeletingService.java:call(155)) - Scanned deleted blocks log and got 0 delTX to process.
2019-09-10 07:03:41,382 [SCMBlockDeletingService#1] DEBUG block.SCMBlockDeletingService (SCMBlockDeletingService.java:call(138)) - Running DeletedBlockTransactionScanner
2019-09-10 07:03:41,383 [SCMBlockDeletingService#1] DEBUG block.SCMBlockDeletingService (SCMBlockDeletingService.java:call(155)) - Scanned deleted blocks log and got 0 delTX to process.
2019-09-10 07:03:41,483 [SCMBlockDeletingService#1] DEBUG block.SCMBlockDeletingService (SCMBlockDeletingService.java:call(138)) - Running DeletedBlockTransactionScanner
2019-09-10 07:03:41,483 [SCMBlockDeletingService#1] DEBUG block.SCMBlockDeletingService (SCMBlockDeletingService.java:call(155)) - Scanned deleted blocks log and got 0 delTX to process.
2019-09-10 07:03:41,584 [SCMBlockDeletingService#1] DEBUG block.SCMBlockDeletingService (SCMBlockDeletingService.java:call(138)) - Running DeletedBlockTransactionScanner
2019-09-10 07:03:41,584 [SCMBlockDeletingService#1] DEBUG block.SCMBlockDeletingService (SCMBlockDeletingService.java:call(155)) - Scanned deleted blocks log and got 0 delTX to process.
2019-09-10 07:03:41,684 [SCMBlockDeletingService#1] DEBUG block.SCMBlockDeletingService (SCMBlockDeletingService.java:call(138)) - Running DeletedBlockTransactionScanner
2019-09-10 07:03:41,685 [SCMBlockDeletingService#1] DEBUG block.SCMBlockDeletingService (SCMBlockDeletingService.java:call(155)) - Scanned deleted blocks log and got 0 delTX to process.
2019-09-10 07:03:41,785 [SCMBlockDeletingService#1] DEBUG block.SCMBlockDeletingService (SCMBlockDeletingService.java:call(138)) - Running DeletedBlockTransactionScanner
2019-09-10 07:03:41,785 [SCMBlockDeletingService#1] DEBUG block.SCMBlockDeletingService (SCMBlockDeletingService.java:call(155)) - Scanned deleted blocks log and got 0 delTX to process.
2019-09-10 07:03:41,886 [SCMBlockDeletingService#1] DEBUG block.SCMBlockDeletingService (SCMBlockDeletingService.java:call(138)) - Running DeletedBlockTransactionScanner
2019-09-10 07:03:41,886 [SCMBlockDeletingService#1] DEBUG block.SCMBlockDeletingService (SCMBlockDeletingService.java:call(155)) - Scanned deleted blocks log and got 0 delTX to process.
2019-09-10 07:03:41,986 [SCMBlockDeletingService#1] DEBUG block.SCMBlockDeletingService (SCMBlockDeletingService.java:call(138)) - Running DeletedBlockTransactionScanner
2019-09-10 07:03:41,986 [SCMBlockDeletingService#1] DEBUG block.SCMBlockDeletingService (SCMBlockDeletingService.java:call(155)) - Scanned deleted blocks log and got 0 delTX to process.
2019-09-10 07:03:42,063 [05f13708-5e6e-4ea1-a525-a3c8f7f54426@group-34B10843FE54-SegmentedRaftLogWorker] WARN  segmented.SegmentedRaftLogWorker (SegmentedRaftLogWorker.java:getFromFuture(90)) - Timeout 2/~
org.apache.ratis.protocol.TimeoutIOException: Timeout 10s: WriteLog:16: (t:1, i:16), STATEMACHINELOGENTRY, client-7F424F215E90, cid=11-writeStateMachineData
	at org.apache.ratis.util.IOUtils.getFromFuture(IOUtils.java:87)
	at org.apache.ratis.server.raftlog.segmented.SegmentedRaftLogWorker$StateMachineDataPolicy.getFromFuture(SegmentedRaftLogWorker.java:87)
	at org.apache.ratis.server.raftlog.segmented.SegmentedRaftLogWorker$WriteLog.execute(SegmentedRaftLogWorker.java:477)
	at org.apache.ratis.server.raftlog.segmented.SegmentedRaftLogWorker.run(SegmentedRaftLogWorker.java:289)
	at java.lang.Thread.run(Thread.java:748)
Caused by: java.util.concurrent.TimeoutException
	at java.util.concurrent.CompletableFuture.timedGet(CompletableFuture.java:1771)
	at java.util.concurrent.CompletableFuture.get(CompletableFuture.java:1915)
	at org.apache.ratis.util.IOUtils.getFromFuture(IOUtils.java:79)
	... 4 more
2019-09-10 07:03:42,087 [SCMBlockDeletingService#1] DEBUG block.SCMBlockDeletingService (SCMBlockDeletingService.java:call(138)) - Running DeletedBlockTransactionScanner
2019-09-10 07:03:42,087 [SCMBlockDeletingService#1] DEBUG block.SCMBlockDeletingService (SCMBlockDeletingService.java:call(155)) - Scanned deleted blocks log and got 0 delTX to process.
2019-09-10 07:03:42,188 [SCMBlockDeletingService#1] DEBUG block.SCMBlockDeletingService (SCMBlockDeletingService.java:call(138)) - Running DeletedBlockTransactionScanner
2019-09-10 07:03:42,188 [SCMBlockDeletingService#1] DEBUG block.SCMBlockDeletingService (SCMBlockDeletingService.java:call(155)) - Scanned deleted blocks log and got 0 delTX to process.
2019-09-10 07:03:42,288 [SCMBlockDeletingService#1] DEBUG block.SCMBlockDeletingService (SCMBlockDeletingService.java:call(138)) - Running DeletedBlockTransactionScanner
2019-09-10 07:03:42,289 [SCMBlockDeletingService#1] DEBUG block.SCMBlockDeletingService (SCMBlockDeletingService.java:call(155)) - Scanned deleted blocks log and got 0 delTX to process.
2019-09-10 07:03:42,389 [SCMBlockDeletingService#1] DEBUG block.SCMBlockDeletingService (SCMBlockDeletingService.java:call(138)) - Running DeletedBlockTransactionScanner
2019-09-10 07:03:42,389 [SCMBlockDeletingService#1] DEBUG block.SCMBlockDeletingService (SCMBlockDeletingService.java:call(155)) - Scanned deleted blocks log and got 0 delTX to process.
2019-09-10 07:03:42,490 [SCMBlockDeletingService#1] DEBUG block.SCMBlockDeletingService (SCMBlockDeletingService.java:call(138)) - Running DeletedBlockTransactionScanner
2019-09-10 07:03:42,490 [SCMBlockDeletingService#1] DEBUG block.SCMBlockDeletingService (SCMBlockDeletingService.java:call(155)) - Scanned deleted blocks log and got 0 delTX to process.
2019-09-10 07:03:42,590 [SCMBlockDeletingService#1] DEBUG block.SCMBlockDeletingService (SCMBlockDeletingService.java:call(138)) - Running DeletedBlockTransactionScanner
2019-09-10 07:03:42,590 [SCMBlockDeletingService#1] DEBUG block.SCMBlockDeletingService (SCMBlockDeletingService.java:call(155)) - Scanned deleted blocks log and got 0 delTX to process.
2019-09-10 07:03:42,691 [SCMBlockDeletingService#1] DEBUG block.SCMBlockDeletingService (SCMBlockDeletingService.java:call(138)) - Running DeletedBlockTransactionScanner
2019-09-10 07:03:42,691 [SCMBlockDeletingService#1] DEBUG block.SCMBlockDeletingService (SCMBlockDeletingService.java:call(155)) - Scanned deleted blocks log and got 0 delTX to process.
2019-09-10 07:03:42,791 [SCMBlockDeletingService#1] DEBUG block.SCMBlockDeletingService (SCMBlockDeletingService.java:call(138)) - Running DeletedBlockTransactionScanner
2019-09-10 07:03:42,792 [SCMBlockDeletingService#1] DEBUG block.SCMBlockDeletingService (SCMBlockDeletingService.java:call(155)) - Scanned deleted blocks log and got 0 delTX to process.
2019-09-10 07:03:42,892 [SCMBlockDeletingService#1] DEBUG block.SCMBlockDeletingService (SCMBlockDeletingService.java:call(138)) - Running DeletedBlockTransactionScanner
2019-09-10 07:03:42,892 [SCMBlockDeletingService#1] DEBUG block.SCMBlockDeletingService (SCMBlockDeletingService.java:call(155)) - Scanned deleted blocks log and got 0 delTX to process.
2019-09-10 07:03:42,993 [SCMBlockDeletingService#1] DEBUG block.SCMBlockDeletingService (SCMBlockDeletingService.java:call(138)) - Running DeletedBlockTransactionScanner
2019-09-10 07:03:42,993 [SCMBlockDeletingService#1] DEBUG block.SCMBlockDeletingService (SCMBlockDeletingService.java:call(155)) - Scanned deleted blocks log and got 0 delTX to process.
2019-09-10 07:03:43,093 [SCMBlockDeletingService#1] DEBUG block.SCMBlockDeletingService (SCMBlockDeletingService.java:call(138)) - Running DeletedBlockTransactionScanner
2019-09-10 07:03:43,094 [SCMBlockDeletingService#1] DEBUG block.SCMBlockDeletingService (SCMBlockDeletingService.java:call(155)) - Scanned deleted blocks log and got 0 delTX to process.
2019-09-10 07:03:43,194 [SCMBlockDeletingService#1] DEBUG block.SCMBlockDeletingService (SCMBlockDeletingService.java:call(138)) - Running DeletedBlockTransactionScanner
2019-09-10 07:03:43,195 [SCMBlockDeletingService#1] DEBUG block.SCMBlockDeletingService (SCMBlockDeletingService.java:call(155)) - Scanned deleted blocks log and got 0 delTX to process.
2019-09-10 07:03:43,295 [SCMBlockDeletingService#1] DEBUG block.SCMBlockDeletingService (SCMBlockDeletingService.java:call(138)) - Running DeletedBlockTransactionScanner
2019-09-10 07:03:43,296 [SCMBlockDeletingService#1] DEBUG block.SCMBlockDeletingService (SCMBlockDeletingService.java:call(155)) - Scanned deleted blocks log and got 0 delTX to process.
2019-09-10 07:03:43,396 [SCMBlockDeletingService#1] DEBUG block.SCMBlockDeletingService (SCMBlockDeletingService.java:call(138)) - Running DeletedBlockTransactionScanner
2019-09-10 07:03:43,396 [SCMBlockDeletingService#1] DEBUG block.SCMBlockDeletingService (SCMBlockDeletingService.java:call(155)) - Scanned deleted blocks log and got 0 delTX to process.
2019-09-10 07:03:43,497 [SCMBlockDeletingService#1] DEBUG block.SCMBlockDeletingService (SCMBlockDeletingService.java:call(138)) - Running DeletedBlockTransactionScanner
2019-09-10 07:03:43,497 [SCMBlockDeletingService#1] DEBUG block.SCMBlockDeletingService (SCMBlockDeletingService.java:call(155)) - Scanned deleted blocks log and got 0 delTX to process.
2019-09-10 07:03:43,597 [SCMBlockDeletingService#1] DEBUG block.SCMBlockDeletingService (SCMBlockDeletingService.java:call(138)) - Running DeletedBlockTransactionScanner
2019-09-10 07:03:43,598 [SCMBlockDeletingService#1] DEBUG block.SCMBlockDeletingService (SCMBlockDeletingService.java:call(155)) - Scanned deleted blocks log and got 0 delTX to process.
2019-09-10 07:03:43,698 [SCMBlockDeletingService#1] DEBUG block.SCMBlockDeletingService (SCMBlockDeletingService.java:call(138)) - Running DeletedBlockTransactionScanner
2019-09-10 07:03:43,698 [SCMBlockDeletingService#1] DEBUG block.SCMBlockDeletingService (SCMBlockDeletingService.java:call(155)) - Scanned deleted blocks log and got 0 delTX to process.
2019-09-10 07:03:43,798 [SCMBlockDeletingService#1] DEBUG block.SCMBlockDeletingService (SCMBlockDeletingService.java:call(138)) - Running DeletedBlockTransactionScanner
2019-09-10 07:03:43,799 [SCMBlockDeletingService#1] DEBUG block.SCMBlockDeletingService (SCMBlockDeletingService.java:call(155)) - Scanned deleted blocks log and got 0 delTX to process.
2019-09-10 07:03:43,899 [SCMBlockDeletingService#1] DEBUG block.SCMBlockDeletingService (SCMBlockDeletingService.java:call(138)) - Running DeletedBlockTransactionScanner
2019-09-10 07:03:43,899 [SCMBlockDeletingService#1] DEBUG block.SCMBlockDeletingService (SCMBlockDeletingService.java:call(155)) - Scanned deleted blocks log and got 0 delTX to process.
2019-09-10 07:03:44,000 [SCMBlockDeletingService#0] DEBUG block.SCMBlockDeletingService (SCMBlockDeletingService.java:call(138)) - Running DeletedBlockTransactionScanner
2019-09-10 07:03:44,000 [SCMBlockDeletingService#0] DEBUG block.SCMBlockDeletingService (SCMBlockDeletingService.java:call(155)) - Scanned deleted blocks log and got 0 delTX to process.
2019-09-10 07:03:44,100 [SCMBlockDeletingService#0] DEBUG block.SCMBlockDeletingService (SCMBlockDeletingService.java:call(138)) - Running DeletedBlockTransactionScanner
2019-09-10 07:03:44,101 [SCMBlockDeletingService#0] DEBUG block.SCMBlockDeletingService (SCMBlockDeletingService.java:call(155)) - Scanned deleted blocks log and got 0 delTX to process.
2019-09-10 07:03:44,201 [SCMBlockDeletingService#0] DEBUG block.SCMBlockDeletingService (SCMBlockDeletingService.java:call(138)) - Running DeletedBlockTransactionScanner
2019-09-10 07:03:44,201 [SCMBlockDeletingService#0] DEBUG block.SCMBlockDeletingService (SCMBlockDeletingService.java:call(155)) - Scanned deleted blocks log and got 0 delTX to process.
2019-09-10 07:03:44,302 [SCMBlockDeletingService#0] DEBUG block.SCMBlockDeletingService (SCMBlockDeletingService.java:call(138)) - Running DeletedBlockTransactionScanner
2019-09-10 07:03:44,302 [SCMBlockDeletingService#0] DEBUG block.SCMBlockDeletingService (SCMBlockDeletingService.java:call(155)) - Scanned deleted blocks log and got 0 delTX to process.
2019-09-10 07:03:44,402 [SCMBlockDeletingService#0] DEBUG block.SCMBlockDeletingService (SCMBlockDeletingService.java:call(138)) - Running DeletedBlockTransactionScanner
2019-09-10 07:03:44,403 [SCMBlockDeletingService#0] DEBUG block.SCMBlockDeletingService (SCMBlockDeletingService.java:call(155)) - Scanned deleted blocks log and got 0 delTX to process.
2019-09-10 07:03:44,503 [SCMBlockDeletingService#0] DEBUG block.SCMBlockDeletingService (SCMBlockDeletingService.java:call(138)) - Running DeletedBlockTransactionScanner
2019-09-10 07:03:44,503 [SCMBlockDeletingService#0] DEBUG block.SCMBlockDeletingService (SCMBlockDeletingService.java:call(155)) - Scanned deleted blocks log and got 0 delTX to process.
2019-09-10 07:03:44,604 [SCMBlockDeletingService#0] DEBUG block.SCMBlockDeletingService (SCMBlockDeletingService.java:call(138)) - Running DeletedBlockTransactionScanner
2019-09-10 07:03:44,604 [SCMBlockDeletingService#0] DEBUG block.SCMBlockDeletingService (SCMBlockDeletingService.java:call(155)) - Scanned deleted blocks log and got 0 delTX to process.
2019-09-10 07:03:44,704 [SCMBlockDeletingService#0] DEBUG block.SCMBlockDeletingService (SCMBlockDeletingService.java:call(138)) - Running DeletedBlockTransactionScanner
2019-09-10 07:03:44,705 [SCMBlockDeletingService#0] DEBUG block.SCMBlockDeletingService (SCMBlockDeletingService.java:call(155)) - Scanned deleted blocks log and got 0 delTX to process.
2019-09-10 07:03:44,805 [SCMBlockDeletingService#0] DEBUG block.SCMBlockDeletingService (SCMBlockDeletingService.java:call(138)) - Running DeletedBlockTransactionScanner
2019-09-10 07:03:44,805 [SCMBlockDeletingService#0] DEBUG block.SCMBlockDeletingService (SCMBlockDeletingService.java:call(155)) - Scanned deleted blocks log and got 0 delTX to process.
2019-09-10 07:03:44,906 [SCMBlockDeletingService#0] DEBUG block.SCMBlockDeletingService (SCMBlockDeletingService.java:call(138)) - Running DeletedBlockTransactionScanner
2019-09-10 07:03:44,906 [SCMBlockDeletingService#0] DEBUG block.SCMBlockDeletingService (SCMBlockDeletingService.java:call(155)) - Scanned deleted blocks log and got 0 delTX to process.
2019-09-10 07:03:45,006 [SCMBlockDeletingService#0] DEBUG block.SCMBlockDeletingService (SCMBlockDeletingService.java:call(138)) - Running DeletedBlockTransactionScanner
2019-09-10 07:03:45,007 [SCMBlockDeletingService#0] DEBUG block.SCMBlockDeletingService (SCMBlockDeletingService.java:call(155)) - Scanned deleted blocks log and got 0 delTX to process.
2019-09-10 07:03:45,107 [SCMBlockDeletingService#0] DEBUG block.SCMBlockDeletingService (SCMBlockDeletingService.java:call(138)) - Running DeletedBlockTransactionScanner
2019-09-10 07:03:45,107 [SCMBlockDeletingService#0] DEBUG block.SCMBlockDeletingService (SCMBlockDeletingService.java:call(155)) - Scanned deleted blocks log and got 0 delTX to process.
2019-09-10 07:03:45,208 [SCMBlockDeletingService#0] DEBUG block.SCMBlockDeletingService (SCMBlockDeletingService.java:call(138)) - Running DeletedBlockTransactionScanner
2019-09-10 07:03:45,208 [SCMBlockDeletingService#0] DEBUG block.SCMBlockDeletingService (SCMBlockDeletingService.java:call(155)) - Scanned deleted blocks log and got 0 delTX to process.
2019-09-10 07:03:45,309 [SCMBlockDeletingService#0] DEBUG block.SCMBlockDeletingService (SCMBlockDeletingService.java:call(138)) - Running DeletedBlockTransactionScanner
2019-09-10 07:03:45,309 [SCMBlockDeletingService#0] DEBUG block.SCMBlockDeletingService (SCMBlockDeletingService.java:call(155)) - Scanned deleted blocks log and got 0 delTX to process.
2019-09-10 07:03:45,409 [SCMBlockDeletingService#0] DEBUG block.SCMBlockDeletingService (SCMBlockDeletingService.java:call(138)) - Running DeletedBlockTransactionScanner
2019-09-10 07:03:45,409 [SCMBlockDeletingService#0] DEBUG block.SCMBlockDeletingService (SCMBlockDeletingService.java:call(155)) - Scanned deleted blocks log and got 0 delTX to process.
2019-09-10 07:03:45,510 [SCMBlockDeletingService#0] DEBUG block.SCMBlockDeletingService (SCMBlockDeletingService.java:call(138)) - Running DeletedBlockTransactionScanner
2019-09-10 07:03:45,510 [SCMBlockDeletingService#0] DEBUG block.SCMBlockDeletingService (SCMBlockDeletingService.java:call(155)) - Scanned deleted blocks log and got 0 delTX to process.
2019-09-10 07:03:45,610 [SCMBlockDeletingService#0] DEBUG block.SCMBlockDeletingService (SCMBlockDeletingService.java:call(138)) - Running DeletedBlockTransactionScanner
2019-09-10 07:03:45,611 [SCMBlockDeletingService#0] DEBUG block.SCMBlockDeletingService (SCMBlockDeletingService.java:call(155)) - Scanned deleted blocks log and got 0 delTX to process.
2019-09-10 07:03:45,711 [SCMBlockDeletingService#0] DEBUG block.SCMBlockDeletingService (SCMBlockDeletingService.java:call(138)) - Running DeletedBlockTransactionScanner
2019-09-10 07:03:45,711 [SCMBlockDeletingService#0] DEBUG block.SCMBlockDeletingService (SCMBlockDeletingService.java:call(155)) - Scanned deleted blocks log and got 0 delTX to process.
2019-09-10 07:03:45,812 [SCMBlockDeletingService#0] DEBUG block.SCMBlockDeletingService (SCMBlockDeletingService.java:call(138)) - Running DeletedBlockTransactionScanner
2019-09-10 07:03:45,812 [SCMBlockDeletingService#0] DEBUG block.SCMBlockDeletingService (SCMBlockDeletingService.java:call(155)) - Scanned deleted blocks log and got 0 delTX to process.
2019-09-10 07:03:45,912 [SCMBlockDeletingService#0] DEBUG block.SCMBlockDeletingService (SCMBlockDeletingService.java:call(138)) - Running DeletedBlockTransactionScanner
2019-09-10 07:03:45,913 [SCMBlockDeletingService#0] DEBUG block.SCMBlockDeletingService (SCMBlockDeletingService.java:call(155)) - Scanned deleted blocks log and got 0 delTX to process.
2019-09-10 07:03:46,013 [SCMBlockDeletingService#0] DEBUG block.SCMBlockDeletingService (SCMBlockDeletingService.java:call(138)) - Running DeletedBlockTransactionScanner
2019-09-10 07:03:46,013 [SCMBlockDeletingService#0] DEBUG block.SCMBlockDeletingService (SCMBlockDeletingService.java:call(155)) - Scanned deleted blocks log and got 0 delTX to process.
2019-09-10 07:03:46,114 [SCMBlockDeletingService#1] DEBUG block.SCMBlockDeletingService (SCMBlockDeletingService.java:call(138)) - Running DeletedBlockTransactionScanner
2019-09-10 07:03:46,114 [SCMBlockDeletingService#1] DEBUG block.SCMBlockDeletingService (SCMBlockDeletingService.java:call(155)) - Scanned deleted blocks log and got 0 delTX to process.
2019-09-10 07:03:46,214 [SCMBlockDeletingService#1] DEBUG block.SCMBlockDeletingService (SCMBlockDeletingService.java:call(138)) - Running DeletedBlockTransactionScanner
2019-09-10 07:03:46,215 [SCMBlockDeletingService#1] DEBUG block.SCMBlockDeletingService (SCMBlockDeletingService.java:call(155)) - Scanned deleted blocks log and got 0 delTX to process.
2019-09-10 07:03:46,315 [SCMBlockDeletingService#0] DEBUG block.SCMBlockDeletingService (SCMBlockDeletingService.java:call(138)) - Running DeletedBlockTransactionScanner
2019-09-10 07:03:46,315 [SCMBlockDeletingService#0] DEBUG block.SCMBlockDeletingService (SCMBlockDeletingService.java:call(155)) - Scanned deleted blocks log and got 0 delTX to process.
2019-09-10 07:03:46,416 [SCMBlockDeletingService#0] DEBUG block.SCMBlockDeletingService (SCMBlockDeletingService.java:call(138)) - Running DeletedBlockTransactionScanner
2019-09-10 07:03:46,416 [SCMBlockDeletingService#0] DEBUG block.SCMBlockDeletingService (SCMBlockDeletingService.java:call(155)) - Scanned deleted blocks log and got 0 delTX to process.
2019-09-10 07:03:46,516 [SCMBlockDeletingService#0] DEBUG block.SCMBlockDeletingService (SCMBlockDeletingService.java:call(138)) - Running DeletedBlockTransactionScanner
2019-09-10 07:03:46,517 [SCMBlockDeletingService#0] DEBUG block.SCMBlockDeletingService (SCMBlockDeletingService.java:call(155)) - Scanned deleted blocks log and got 0 delTX to process.
2019-09-10 07:03:46,617 [SCMBlockDeletingService#0] DEBUG block.SCMBlockDeletingService (SCMBlockDeletingService.java:call(138)) - Running DeletedBlockTransactionScanner
2019-09-10 07:03:46,617 [SCMBlockDeletingService#0] DEBUG block.SCMBlockDeletingService (SCMBlockDeletingService.java:call(155)) - Scanned deleted blocks log and got 0 delTX to process.
2019-09-10 07:03:46,718 [SCMBlockDeletingService#0] DEBUG block.SCMBlockDeletingService (SCMBlockDeletingService.java:call(138)) - Running DeletedBlockTransactionScanner
2019-09-10 07:03:46,718 [SCMBlockDeletingService#0] DEBUG block.SCMBlockDeletingService (SCMBlockDeletingService.java:call(155)) - Scanned deleted blocks log and got 0 delTX to process.
2019-09-10 07:03:46,818 [SCMBlockDeletingService#0] DEBUG block.SCMBlockDeletingService (SCMBlockDeletingService.java:call(138)) - Running DeletedBlockTransactionScanner
2019-09-10 07:03:46,819 [SCMBlockDeletingService#0] DEBUG block.SCMBlockDeletingService (SCMBlockDeletingService.java:call(155)) - Scanned deleted blocks log and got 0 delTX to process.
2019-09-10 07:03:46,919 [SCMBlockDeletingService#0] DEBUG block.SCMBlockDeletingService (SCMBlockDeletingService.java:call(138)) - Running DeletedBlockTransactionScanner
2019-09-10 07:03:46,919 [SCMBlockDeletingService#0] DEBUG block.SCMBlockDeletingService (SCMBlockDeletingService.java:call(155)) - Scanned deleted blocks log and got 0 delTX to process.
2019-09-10 07:03:47,020 [SCMBlockDeletingService#0] DEBUG block.SCMBlockDeletingService (SCMBlockDeletingService.java:call(138)) - Running DeletedBlockTransactionScanner
2019-09-10 07:03:47,020 [SCMBlockDeletingService#0] DEBUG block.SCMBlockDeletingService (SCMBlockDeletingService.java:call(155)) - Scanned deleted blocks log and got 0 delTX to process.
2019-09-10 07:03:47,121 [SCMBlockDeletingService#0] DEBUG block.SCMBlockDeletingService (SCMBlockDeletingService.java:call(138)) - Running DeletedBlockTransactionScanner
2019-09-10 07:03:47,121 [SCMBlockDeletingService#0] DEBUG block.SCMBlockDeletingService (SCMBlockDeletingService.java:call(155)) - Scanned deleted blocks log and got 0 delTX to process.
2019-09-10 07:03:47,221 [SCMBlockDeletingService#0] DEBUG block.SCMBlockDeletingService (SCMBlockDeletingService.java:call(138)) - Running DeletedBlockTransactionScanner
2019-09-10 07:03:47,222 [SCMBlockDeletingService#0] DEBUG block.SCMBlockDeletingService (SCMBlockDeletingService.java:call(155)) - Scanned deleted blocks log and got 0 delTX to process.
2019-09-10 07:03:47,322 [SCMBlockDeletingService#1] DEBUG block.SCMBlockDeletingService (SCMBlockDeletingService.java:call(138)) - Running DeletedBlockTransactionScanner
2019-09-10 07:03:47,323 [SCMBlockDeletingService#1] DEBUG block.SCMBlockDeletingService (SCMBlockDeletingService.java:call(155)) - Scanned deleted blocks log and got 0 delTX to process.
2019-09-10 07:03:47,423 [SCMBlockDeletingService#1] DEBUG block.SCMBlockDeletingService (SCMBlockDeletingService.java:call(138)) - Running DeletedBlockTransactionScanner
2019-09-10 07:03:47,423 [SCMBlockDeletingService#1] DEBUG block.SCMBlockDeletingService (SCMBlockDeletingService.java:call(155)) - Scanned deleted blocks log and got 0 delTX to process.
2019-09-10 07:03:47,524 [SCMBlockDeletingService#1] DEBUG block.SCMBlockDeletingService (SCMBlockDeletingService.java:call(138)) - Running DeletedBlockTransactionScanner
2019-09-10 07:03:47,524 [SCMBlockDeletingService#1] DEBUG block.SCMBlockDeletingService (SCMBlockDeletingService.java:call(155)) - Scanned deleted blocks log and got 0 delTX to process.
2019-09-10 07:03:47,625 [SCMBlockDeletingService#1] DEBUG block.SCMBlockDeletingService (SCMBlockDeletingService.java:call(138)) - Running DeletedBlockTransactionScanner
2019-09-10 07:03:47,625 [SCMBlockDeletingService#1] DEBUG block.SCMBlockDeletingService (SCMBlockDeletingService.java:call(155)) - Scanned deleted blocks log and got 0 delTX to process.
2019-09-10 07:03:47,725 [SCMBlockDeletingService#1] DEBUG block.SCMBlockDeletingService (SCMBlockDeletingService.java:call(138)) - Running DeletedBlockTransactionScanner
2019-09-10 07:03:47,726 [SCMBlockDeletingService#1] DEBUG block.SCMBlockDeletingService (SCMBlockDeletingService.java:call(155)) - Scanned deleted blocks log and got 0 delTX to process.
2019-09-10 07:03:47,826 [SCMBlockDeletingService#0] DEBUG block.SCMBlockDeletingService (SCMBlockDeletingService.java:call(138)) - Running DeletedBlockTransactionScanner
2019-09-10 07:03:47,826 [SCMBlockDeletingService#0] DEBUG block.SCMBlockDeletingService (SCMBlockDeletingService.java:call(155)) - Scanned deleted blocks log and got 0 delTX to process.
2019-09-10 07:03:47,927 [SCMBlockDeletingService#0] DEBUG block.SCMBlockDeletingService (SCMBlockDeletingService.java:call(138)) - Running DeletedBlockTransactionScanner
2019-09-10 07:03:47,927 [SCMBlockDeletingService#0] DEBUG block.SCMBlockDeletingService (SCMBlockDeletingService.java:call(155)) - Scanned deleted blocks log and got 0 delTX to process.
2019-09-10 07:03:48,027 [SCMBlockDeletingService#0] DEBUG block.SCMBlockDeletingService (SCMBlockDeletingService.java:call(138)) - Running DeletedBlockTransactionScanner
2019-09-10 07:03:48,028 [SCMBlockDeletingService#0] DEBUG block.SCMBlockDeletingService (SCMBlockDeletingService.java:call(155)) - Scanned deleted blocks log and got 0 delTX to process.
2019-09-10 07:03:48,128 [SCMBlockDeletingService#0] DEBUG block.SCMBlockDeletingService (SCMBlockDeletingService.java:call(138)) - Running DeletedBlockTransactionScanner
2019-09-10 07:03:48,128 [SCMBlockDeletingService#0] DEBUG block.SCMBlockDeletingService (SCMBlockDeletingService.java:call(155)) - Scanned deleted blocks log and got 0 delTX to process.
2019-09-10 07:03:48,229 [SCMBlockDeletingService#1] DEBUG block.SCMBlockDeletingService (SCMBlockDeletingService.java:call(138)) - Running DeletedBlockTransactionScanner
2019-09-10 07:03:48,229 [SCMBlockDeletingService#1] DEBUG block.SCMBlockDeletingService (SCMBlockDeletingService.java:call(155)) - Scanned deleted blocks log and got 0 delTX to process.
2019-09-10 07:03:48,329 [SCMBlockDeletingService#1] DEBUG block.SCMBlockDeletingService (SCMBlockDeletingService.java:call(138)) - Running DeletedBlockTransactionScanner
2019-09-10 07:03:48,330 [SCMBlockDeletingService#1] DEBUG block.SCMBlockDeletingService (SCMBlockDeletingService.java:call(155)) - Scanned deleted blocks log and got 0 delTX to process.
2019-09-10 07:03:48,430 [SCMBlockDeletingService#1] DEBUG block.SCMBlockDeletingService (SCMBlockDeletingService.java:call(138)) - Running DeletedBlockTransactionScanner
2019-09-10 07:03:48,430 [SCMBlockDeletingService#1] DEBUG block.SCMBlockDeletingService (SCMBlockDeletingService.java:call(155)) - Scanned deleted blocks log and got 0 delTX to process.
2019-09-10 07:03:48,530 [SCMBlockDeletingService#0] DEBUG block.SCMBlockDeletingService (SCMBlockDeletingService.java:call(138)) - Running DeletedBlockTransactionScanner
2019-09-10 07:03:48,531 [SCMBlockDeletingService#0] DEBUG block.SCMBlockDeletingService (SCMBlockDeletingService.java:call(155)) - Scanned deleted blocks log and got 0 delTX to process.
2019-09-10 07:03:48,631 [SCMBlockDeletingService#0] DEBUG block.SCMBlockDeletingService (SCMBlockDeletingService.java:call(138)) - Running DeletedBlockTransactionScanner
2019-09-10 07:03:48,631 [SCMBlockDeletingService#0] DEBUG block.SCMBlockDeletingService (SCMBlockDeletingService.java:call(155)) - Scanned deleted blocks log and got 0 delTX to process.
2019-09-10 07:03:48,732 [SCMBlockDeletingService#1] DEBUG block.SCMBlockDeletingService (SCMBlockDeletingService.java:call(138)) - Running DeletedBlockTransactionScanner
2019-09-10 07:03:48,732 [SCMBlockDeletingService#1] DEBUG block.SCMBlockDeletingService (SCMBlockDeletingService.java:call(155)) - Scanned deleted blocks log and got 0 delTX to process.
2019-09-10 07:03:48,832 [SCMBlockDeletingService#1] DEBUG block.SCMBlockDeletingService (SCMBlockDeletingService.java:call(138)) - Running DeletedBlockTransactionScanner
2019-09-10 07:03:48,833 [SCMBlockDeletingService#1] DEBUG block.SCMBlockDeletingService (SCMBlockDeletingService.java:call(155)) - Scanned deleted blocks log and got 0 delTX to process.
2019-09-10 07:03:48,933 [SCMBlockDeletingService#0] DEBUG block.SCMBlockDeletingService (SCMBlockDeletingService.java:call(138)) - Running DeletedBlockTransactionScanner
2019-09-10 07:03:48,933 [SCMBlockDeletingService#0] DEBUG block.SCMBlockDeletingService (SCMBlockDeletingService.java:call(155)) - Scanned deleted blocks log and got 0 delTX to process.
2019-09-10 07:03:49,033 [SCMBlockDeletingService#0] DEBUG block.SCMBlockDeletingService (SCMBlockDeletingService.java:call(138)) - Running DeletedBlockTransactionScanner
2019-09-10 07:03:49,034 [SCMBlockDeletingService#0] DEBUG block.SCMBlockDeletingService (SCMBlockDeletingService.java:call(155)) - Scanned deleted blocks log and got 0 delTX to process.
2019-09-10 07:03:49,134 [SCMBlockDeletingService#0] DEBUG block.SCMBlockDeletingService (SCMBlockDeletingService.java:call(138)) - Running DeletedBlockTransactionScanner
2019-09-10 07:03:49,134 [SCMBlockDeletingService#0] DEBUG block.SCMBlockDeletingService (SCMBlockDeletingService.java:call(155)) - Scanned deleted blocks log and got 0 delTX to process.
2019-09-10 07:03:49,235 [SCMBlockDeletingService#0] DEBUG block.SCMBlockDeletingService (SCMBlockDeletingService.java:call(138)) - Running DeletedBlockTransactionScanner
2019-09-10 07:03:49,235 [SCMBlockDeletingService#0] DEBUG block.SCMBlockDeletingService (SCMBlockDeletingService.java:call(155)) - Scanned deleted blocks log and got 0 delTX to process.
2019-09-10 07:03:49,335 [SCMBlockDeletingService#0] DEBUG block.SCMBlockDeletingService (SCMBlockDeletingService.java:call(138)) - Running DeletedBlockTransactionScanner
2019-09-10 07:03:49,336 [SCMBlockDeletingService#0] DEBUG block.SCMBlockDeletingService (SCMBlockDeletingService.java:call(155)) - Scanned deleted blocks log and got 0 delTX to process.
2019-09-10 07:03:49,436 [SCMBlockDeletingService#1] DEBUG block.SCMBlockDeletingService (SCMBlockDeletingService.java:call(138)) - Running DeletedBlockTransactionScanner
2019-09-10 07:03:49,436 [SCMBlockDeletingService#1] DEBUG block.SCMBlockDeletingService (SCMBlockDeletingService.java:call(155)) - Scanned deleted blocks log and got 0 delTX to process.
2019-09-10 07:03:49,537 [SCMBlockDeletingService#1] DEBUG block.SCMBlockDeletingService (SCMBlockDeletingService.java:call(138)) - Running DeletedBlockTransactionScanner
2019-09-10 07:03:49,537 [SCMBlockDeletingService#1] DEBUG block.SCMBlockDeletingService (SCMBlockDeletingService.java:call(155)) - Scanned deleted blocks log and got 0 delTX to process.
2019-09-10 07:03:49,638 [SCMBlockDeletingService#1] DEBUG block.SCMBlockDeletingService (SCMBlockDeletingService.java:call(138)) - Running DeletedBlockTransactionScanner
2019-09-10 07:03:49,638 [SCMBlockDeletingService#1] DEBUG block.SCMBlockDeletingService (SCMBlockDeletingService.java:call(155)) - Scanned deleted blocks log and got 0 delTX to process.
2019-09-10 07:03:49,738 [SCMBlockDeletingService#1] DEBUG block.SCMBlockDeletingService (SCMBlockDeletingService.java:call(138)) - Running DeletedBlockTransactionScanner
2019-09-10 07:03:49,738 [SCMBlockDeletingService#1] DEBUG block.SCMBlockDeletingService (SCMBlockDeletingService.java:call(155)) - Scanned deleted blocks log and got 0 delTX to process.
2019-09-10 07:03:49,839 [SCMBlockDeletingService#1] DEBUG block.SCMBlockDeletingService (SCMBlockDeletingService.java:call(138)) - Running DeletedBlockTransactionScanner
2019-09-10 07:03:49,839 [SCMBlockDeletingService#1] DEBUG block.SCMBlockDeletingService (SCMBlockDeletingService.java:call(155)) - Scanned deleted blocks log and got 0 delTX to process.
2019-09-10 07:03:49,940 [SCMBlockDeletingService#1] DEBUG block.SCMBlockDeletingService (SCMBlockDeletingService.java:call(138)) - Running DeletedBlockTransactionScanner
2019-09-10 07:03:49,940 [SCMBlockDeletingService#1] DEBUG block.SCMBlockDeletingService (SCMBlockDeletingService.java:call(155)) - Scanned deleted blocks log and got 0 delTX to process.
2019-09-10 07:03:50,040 [SCMBlockDeletingService#1] DEBUG block.SCMBlockDeletingService (SCMBlockDeletingService.java:call(138)) - Running DeletedBlockTransactionScanner
2019-09-10 07:03:50,041 [SCMBlockDeletingService#1] DEBUG block.SCMBlockDeletingService (SCMBlockDeletingService.java:call(155)) - Scanned deleted blocks log and got 0 delTX to process.
2019-09-10 07:03:50,141 [SCMBlockDeletingService#1] DEBUG block.SCMBlockDeletingService (SCMBlockDeletingService.java:call(138)) - Running DeletedBlockTransactionScanner
2019-09-10 07:03:50,141 [SCMBlockDeletingService#1] DEBUG block.SCMBlockDeletingService (SCMBlockDeletingService.java:call(155)) - Scanned deleted blocks log and got 0 delTX to process.
2019-09-10 07:03:50,242 [SCMBlockDeletingService#1] DEBUG block.SCMBlockDeletingService (SCMBlockDeletingService.java:call(138)) - Running DeletedBlockTransactionScanner
2019-09-10 07:03:50,242 [SCMBlockDeletingService#1] DEBUG block.SCMBlockDeletingService (SCMBlockDeletingService.java:call(155)) - Scanned deleted blocks log and got 0 delTX to process.
2019-09-10 07:03:50,342 [SCMBlockDeletingService#1] DEBUG block.SCMBlockDeletingService (SCMBlockDeletingService.java:call(138)) - Running DeletedBlockTransactionScanner
2019-09-10 07:03:50,342 [SCMBlockDeletingService#1] DEBUG block.SCMBlockDeletingService (SCMBlockDeletingService.java:call(155)) - Scanned deleted blocks log and got 0 delTX to process.
2019-09-10 07:03:50,443 [SCMBlockDeletingService#1] DEBUG block.SCMBlockDeletingService (SCMBlockDeletingService.java:call(138)) - Running DeletedBlockTransactionScanner
2019-09-10 07:03:50,443 [SCMBlockDeletingService#1] DEBUG block.SCMBlockDeletingService (SCMBlockDeletingService.java:call(155)) - Scanned deleted blocks log and got 0 delTX to process.
2019-09-10 07:03:50,543 [SCMBlockDeletingService#0] DEBUG block.SCMBlockDeletingService (SCMBlockDeletingService.java:call(138)) - Running DeletedBlockTransactionScanner
2019-09-10 07:03:50,544 [SCMBlockDeletingService#0] DEBUG block.SCMBlockDeletingService (SCMBlockDeletingService.java:call(155)) - Scanned deleted blocks log and got 0 delTX to process.
2019-09-10 07:03:50,644 [SCMBlockDeletingService#0] DEBUG block.SCMBlockDeletingService (SCMBlockDeletingService.java:call(138)) - Running DeletedBlockTransactionScanner
2019-09-10 07:03:50,644 [SCMBlockDeletingService#0] DEBUG block.SCMBlockDeletingService (SCMBlockDeletingService.java:call(155)) - Scanned deleted blocks log and got 0 delTX to process.
2019-09-10 07:03:50,745 [SCMBlockDeletingService#0] DEBUG block.SCMBlockDeletingService (SCMBlockDeletingService.java:call(138)) - Running DeletedBlockTransactionScanner
2019-09-10 07:03:50,745 [SCMBlockDeletingService#0] DEBUG block.SCMBlockDeletingService (SCMBlockDeletingService.java:call(155)) - Scanned deleted blocks log and got 0 delTX to process.
2019-09-10 07:03:50,845 [SCMBlockDeletingService#0] DEBUG block.SCMBlockDeletingService (SCMBlockDeletingService.java:call(138)) - Running DeletedBlockTransactionScanner
2019-09-10 07:03:50,846 [SCMBlockDeletingService#0] DEBUG block.SCMBlockDeletingService (SCMBlockDeletingService.java:call(155)) - Scanned deleted blocks log and got 0 delTX to process.
2019-09-10 07:03:50,946 [SCMBlockDeletingService#0] DEBUG block.SCMBlockDeletingService (SCMBlockDeletingService.java:call(138)) - Running DeletedBlockTransactionScanner
2019-09-10 07:03:50,946 [SCMBlockDeletingService#0] DEBUG block.SCMBlockDeletingService (SCMBlockDeletingService.java:call(155)) - Scanned deleted blocks log and got 0 delTX to process.
2019-09-10 07:03:51,047 [SCMBlockDeletingService#0] DEBUG block.SCMBlockDeletingService (SCMBlockDeletingService.java:call(138)) - Running DeletedBlockTransactionScanner
2019-09-10 07:03:51,047 [SCMBlockDeletingService#0] DEBUG block.SCMBlockDeletingService (SCMBlockDeletingService.java:call(155)) - Scanned deleted blocks log and got 0 delTX to process.
2019-09-10 07:03:51,147 [SCMBlockDeletingService#0] DEBUG block.SCMBlockDeletingService (SCMBlockDeletingService.java:call(138)) - Running DeletedBlockTransactionScanner
2019-09-10 07:03:51,148 [SCMBlockDeletingService#0] DEBUG block.SCMBlockDeletingService (SCMBlockDeletingService.java:call(155)) - Scanned deleted blocks log and got 0 delTX to process.
2019-09-10 07:03:51,248 [SCMBlockDeletingService#0] DEBUG block.SCMBlockDeletingService (SCMBlockDeletingService.java:call(138)) - Running DeletedBlockTransactionScanner
2019-09-10 07:03:51,248 [SCMBlockDeletingService#0] DEBUG block.SCMBlockDeletingService (SCMBlockDeletingService.java:call(155)) - Scanned deleted blocks log and got 0 delTX to process.
2019-09-10 07:03:51,349 [SCMBlockDeletingService#1] DEBUG block.SCMBlockDeletingService (SCMBlockDeletingService.java:call(138)) - Running DeletedBlockTransactionScanner
2019-09-10 07:03:51,349 [SCMBlockDeletingService#1] DEBUG block.SCMBlockDeletingService (SCMBlockDeletingService.java:call(155)) - Scanned deleted blocks log and got 0 delTX to process.
2019-09-10 07:03:51,450 [SCMBlockDeletingService#1] DEBUG block.SCMBlockDeletingService (SCMBlockDeletingService.java:call(138)) - Running DeletedBlockTransactionScanner
2019-09-10 07:03:51,450 [SCMBlockDeletingService#1] DEBUG block.SCMBlockDeletingService (SCMBlockDeletingService.java:call(155)) - Scanned deleted blocks log and got 0 delTX to process.
2019-09-10 07:03:51,550 [SCMBlockDeletingService#1] DEBUG block.SCMBlockDeletingService (SCMBlockDeletingService.java:call(138)) - Running DeletedBlockTransactionScanner
2019-09-10 07:03:51,551 [SCMBlockDeletingService#1] DEBUG block.SCMBlockDeletingService (SCMBlockDeletingService.java:call(155)) - Scanned deleted blocks log and got 0 delTX to process.
2019-09-10 07:03:51,651 [SCMBlockDeletingService#1] DEBUG block.SCMBlockDeletingService (SCMBlockDeletingService.java:call(138)) - Running DeletedBlockTransactionScanner
2019-09-10 07:03:51,651 [SCMBlockDeletingService#1] DEBUG block.SCMBlockDeletingService (SCMBlockDeletingService.java:call(155)) - Scanned deleted blocks log and got 0 delTX to process.
2019-09-10 07:03:51,752 [SCMBlockDeletingService#1] DEBUG block.SCMBlockDeletingService (SCMBlockDeletingService.java:call(138)) - Running DeletedBlockTransactionScanner
2019-09-10 07:03:51,752 [SCMBlockDeletingService#1] DEBUG block.SCMBlockDeletingService (SCMBlockDeletingService.java:call(155)) - Scanned deleted blocks log and got 0 delTX to process.
2019-09-10 07:03:51,853 [SCMBlockDeletingService#1] DEBUG block.SCMBlockDeletingService (SCMBlockDeletingService.java:call(138)) - Running DeletedBlockTransactionScanner
2019-09-10 07:03:51,853 [SCMBlockDeletingService#1] DEBUG block.SCMBlockDeletingService (SCMBlockDeletingService.java:call(155)) - Scanned deleted blocks log and got 0 delTX to process.
2019-09-10 07:03:51,953 [SCMBlockDeletingService#1] DEBUG block.SCMBlockDeletingService (SCMBlockDeletingService.java:call(138)) - Running DeletedBlockTransactionScanner
2019-09-10 07:03:51,954 [SCMBlockDeletingService#1] DEBUG block.SCMBlockDeletingService (SCMBlockDeletingService.java:call(155)) - Scanned deleted blocks log and got 0 delTX to process.
2019-09-10 07:03:52,054 [SCMBlockDeletingService#1] DEBUG block.SCMBlockDeletingService (SCMBlockDeletingService.java:call(138)) - Running DeletedBlockTransactionScanner
2019-09-10 07:03:52,055 [SCMBlockDeletingService#1] DEBUG block.SCMBlockDeletingService (SCMBlockDeletingService.java:call(155)) - Scanned deleted blocks log and got 0 delTX to process.
2019-09-10 07:03:52,064 [05f13708-5e6e-4ea1-a525-a3c8f7f54426@group-34B10843FE54-SegmentedRaftLogWorker] WARN  segmented.SegmentedRaftLogWorker (SegmentedRaftLogWorker.java:getFromFuture(90)) - Timeout 3/~
org.apache.ratis.protocol.TimeoutIOException: Timeout 10s: WriteLog:16: (t:1, i:16), STATEMACHINELOGENTRY, client-7F424F215E90, cid=11-writeStateMachineData
	at org.apache.ratis.util.IOUtils.getFromFuture(IOUtils.java:87)
	at org.apache.ratis.server.raftlog.segmented.SegmentedRaftLogWorker$StateMachineDataPolicy.getFromFuture(SegmentedRaftLogWorker.java:87)
	at org.apache.ratis.server.raftlog.segmented.SegmentedRaftLogWorker$WriteLog.execute(SegmentedRaftLogWorker.java:477)
	at org.apache.ratis.server.raftlog.segmented.SegmentedRaftLogWorker.run(SegmentedRaftLogWorker.java:289)
	at java.lang.Thread.run(Thread.java:748)
Caused by: java.util.concurrent.TimeoutException
	at java.util.concurrent.CompletableFuture.timedGet(CompletableFuture.java:1771)
	at java.util.concurrent.CompletableFuture.get(CompletableFuture.java:1915)
	at org.apache.ratis.util.IOUtils.getFromFuture(IOUtils.java:79)
	... 4 more
2019-09-10 07:03:52,155 [SCMBlockDeletingService#1] DEBUG block.SCMBlockDeletingService (SCMBlockDeletingService.java:call(138)) - Running DeletedBlockTransactionScanner
2019-09-10 07:03:52,156 [SCMBlockDeletingService#1] DEBUG block.SCMBlockDeletingService (SCMBlockDeletingService.java:call(155)) - Scanned deleted blocks log and got 0 delTX to process.
2019-09-10 07:03:52,256 [SCMBlockDeletingService#1] DEBUG block.SCMBlockDeletingService (SCMBlockDeletingService.java:call(138)) - Running DeletedBlockTransactionScanner
2019-09-10 07:03:52,256 [SCMBlockDeletingService#1] DEBUG block.SCMBlockDeletingService (SCMBlockDeletingService.java:call(155)) - Scanned deleted blocks log and got 0 delTX to process.
2019-09-10 07:03:52,357 [SCMBlockDeletingService#1] DEBUG block.SCMBlockDeletingService (SCMBlockDeletingService.java:call(138)) - Running DeletedBlockTransactionScanner
2019-09-10 07:03:52,357 [SCMBlockDeletingService#1] DEBUG block.SCMBlockDeletingService (SCMBlockDeletingService.java:call(155)) - Scanned deleted blocks log and got 0 delTX to process.
2019-09-10 07:03:52,457 [SCMBlockDeletingService#1] DEBUG block.SCMBlockDeletingService (SCMBlockDeletingService.java:call(138)) - Running DeletedBlockTransactionScanner
2019-09-10 07:03:52,458 [SCMBlockDeletingService#1] DEBUG block.SCMBlockDeletingService (SCMBlockDeletingService.java:call(155)) - Scanned deleted blocks log and got 0 delTX to process.
2019-09-10 07:03:52,558 [SCMBlockDeletingService#1] DEBUG block.SCMBlockDeletingService (SCMBlockDeletingService.java:call(138)) - Running DeletedBlockTransactionScanner
2019-09-10 07:03:52,559 [SCMBlockDeletingService#1] DEBUG block.SCMBlockDeletingService (SCMBlockDeletingService.java:call(155)) - Scanned deleted blocks log and got 0 delTX to process.
2019-09-10 07:03:52,659 [SCMBlockDeletingService#1] DEBUG block.SCMBlockDeletingService (SCMBlockDeletingService.java:call(138)) - Running DeletedBlockTransactionScanner
2019-09-10 07:03:52,659 [SCMBlockDeletingService#1] DEBUG block.SCMBlockDeletingService (SCMBlockDeletingService.java:call(155)) - Scanned deleted blocks log and got 0 delTX to process.
2019-09-10 07:03:52,760 [SCMBlockDeletingService#1] DEBUG block.SCMBlockDeletingService (SCMBlockDeletingService.java:call(138)) - Running DeletedBlockTransactionScanner
2019-09-10 07:03:52,760 [SCMBlockDeletingService#1] DEBUG block.SCMBlockDeletingService (SCMBlockDeletingService.java:call(155)) - Scanned deleted blocks log and got 0 delTX to process.
2019-09-10 07:03:52,860 [SCMBlockDeletingService#1] DEBUG block.SCMBlockDeletingService (SCMBlockDeletingService.java:call(138)) - Running DeletedBlockTransactionScanner
2019-09-10 07:03:52,860 [SCMBlockDeletingService#1] DEBUG block.SCMBlockDeletingService (SCMBlockDeletingService.java:call(155)) - Scanned deleted blocks log and got 0 delTX to process.
2019-09-10 07:03:52,961 [SCMBlockDeletingService#1] DEBUG block.SCMBlockDeletingService (SCMBlockDeletingService.java:call(138)) - Running DeletedBlockTransactionScanner
2019-09-10 07:03:52,961 [SCMBlockDeletingService#1] DEBUG block.SCMBlockDeletingService (SCMBlockDeletingService.java:call(155)) - Scanned deleted blocks log and got 0 delTX to process.
2019-09-10 07:03:53,061 [SCMBlockDeletingService#1] DEBUG block.SCMBlockDeletingService (SCMBlockDeletingService.java:call(138)) - Running DeletedBlockTransactionScanner
2019-09-10 07:03:53,062 [SCMBlockDeletingService#1] DEBUG block.SCMBlockDeletingService (SCMBlockDeletingService.java:call(155)) - Scanned deleted blocks log and got 0 delTX to process.
2019-09-10 07:03:53,162 [SCMBlockDeletingService#0] DEBUG block.SCMBlockDeletingService (SCMBlockDeletingService.java:call(138)) - Running DeletedBlockTransactionScanner
2019-09-10 07:03:53,162 [SCMBlockDeletingService#0] DEBUG block.SCMBlockDeletingService (SCMBlockDeletingService.java:call(155)) - Scanned deleted blocks log and got 0 delTX to process.
2019-09-10 07:03:53,263 [SCMBlockDeletingService#0] DEBUG block.SCMBlockDeletingService (SCMBlockDeletingService.java:call(138)) - Running DeletedBlockTransactionScanner
2019-09-10 07:03:53,263 [SCMBlockDeletingService#0] DEBUG block.SCMBlockDeletingService (SCMBlockDeletingService.java:call(155)) - Scanned deleted blocks log and got 0 delTX to process.
2019-09-10 07:03:53,364 [SCMBlockDeletingService#0] DEBUG block.SCMBlockDeletingService (SCMBlockDeletingService.java:call(138)) - Running DeletedBlockTransactionScanner
2019-09-10 07:03:53,364 [SCMBlockDeletingService#0] DEBUG block.SCMBlockDeletingService (SCMBlockDeletingService.java:call(155)) - Scanned deleted blocks log and got 0 delTX to process.
2019-09-10 07:03:53,464 [SCMBlockDeletingService#0] DEBUG block.SCMBlockDeletingService (SCMBlockDeletingService.java:call(138)) - Running DeletedBlockTransactionScanner
2019-09-10 07:03:53,465 [SCMBlockDeletingService#0] DEBUG block.SCMBlockDeletingService (SCMBlockDeletingService.java:call(155)) - Scanned deleted blocks log and got 0 delTX to process.
2019-09-10 07:03:53,565 [SCMBlockDeletingService#0] DEBUG block.SCMBlockDeletingService (SCMBlockDeletingService.java:call(138)) - Running DeletedBlockTransactionScanner
2019-09-10 07:03:53,565 [SCMBlockDeletingService#0] DEBUG block.SCMBlockDeletingService (SCMBlockDeletingService.java:call(155)) - Scanned deleted blocks log and got 0 delTX to process.
2019-09-10 07:03:53,666 [SCMBlockDeletingService#0] DEBUG block.SCMBlockDeletingService (SCMBlockDeletingService.java:call(138)) - Running DeletedBlockTransactionScanner
2019-09-10 07:03:53,666 [SCMBlockDeletingService#0] DEBUG block.SCMBlockDeletingService (SCMBlockDeletingService.java:call(155)) - Scanned deleted blocks log and got 0 delTX to process.
2019-09-10 07:03:53,767 [SCMBlockDeletingService#0] DEBUG block.SCMBlockDeletingService (SCMBlockDeletingService.java:call(138)) - Running DeletedBlockTransactionScanner
2019-09-10 07:03:53,767 [SCMBlockDeletingService#0] DEBUG block.SCMBlockDeletingService (SCMBlockDeletingService.java:call(155)) - Scanned deleted blocks log and got 0 delTX to process.
2019-09-10 07:03:53,867 [SCMBlockDeletingService#0] DEBUG block.SCMBlockDeletingService (SCMBlockDeletingService.java:call(138)) - Running DeletedBlockTransactionScanner
2019-09-10 07:03:53,867 [SCMBlockDeletingService#0] DEBUG block.SCMBlockDeletingService (SCMBlockDeletingService.java:call(155)) - Scanned deleted blocks log and got 0 delTX to process.
2019-09-10 07:03:53,968 [SCMBlockDeletingService#0] DEBUG block.SCMBlockDeletingService (SCMBlockDeletingService.java:call(138)) - Running DeletedBlockTransactionScanner
2019-09-10 07:03:53,968 [SCMBlockDeletingService#0] DEBUG block.SCMBlockDeletingService (SCMBlockDeletingService.java:call(155)) - Scanned deleted blocks log and got 0 delTX to process.
2019-09-10 07:03:54,069 [SCMBlockDeletingService#0] DEBUG block.SCMBlockDeletingService (SCMBlockDeletingService.java:call(138)) - Running DeletedBlockTransactionScanner
2019-09-10 07:03:54,069 [SCMBlockDeletingService#0] DEBUG block.SCMBlockDeletingService (SCMBlockDeletingService.java:call(155)) - Scanned deleted blocks log and got 0 delTX to process.
2019-09-10 07:03:54,169 [SCMBlockDeletingService#0] DEBUG block.SCMBlockDeletingService (SCMBlockDeletingService.java:call(138)) - Running DeletedBlockTransactionScanner
2019-09-10 07:03:54,170 [SCMBlockDeletingService#0] DEBUG block.SCMBlockDeletingService (SCMBlockDeletingService.java:call(155)) - Scanned deleted blocks log and got 0 delTX to process.
2019-09-10 07:03:54,270 [SCMBlockDeletingService#0] DEBUG block.SCMBlockDeletingService (SCMBlockDeletingService.java:call(138)) - Running DeletedBlockTransactionScanner
2019-09-10 07:03:54,270 [SCMBlockDeletingService#0] DEBUG block.SCMBlockDeletingService (SCMBlockDeletingService.java:call(155)) - Scanned deleted blocks log and got 0 delTX to process.
2019-09-10 07:03:54,371 [SCMBlockDeletingService#0] DEBUG block.SCMBlockDeletingService (SCMBlockDeletingService.java:call(138)) - Running DeletedBlockTransactionScanner
2019-09-10 07:03:54,371 [SCMBlockDeletingService#0] DEBUG block.SCMBlockDeletingService (SCMBlockDeletingService.java:call(155)) - Scanned deleted blocks log and got 0 delTX to process.
2019-09-10 07:03:54,471 [SCMBlockDeletingService#0] DEBUG block.SCMBlockDeletingService (SCMBlockDeletingService.java:call(138)) - Running DeletedBlockTransactionScanner
2019-09-10 07:03:54,472 [SCMBlockDeletingService#0] DEBUG block.SCMBlockDeletingService (SCMBlockDeletingService.java:call(155)) - Scanned deleted blocks log and got 0 delTX to process.
2019-09-10 07:03:54,572 [SCMBlockDeletingService#0] DEBUG block.SCMBlockDeletingService (SCMBlockDeletingService.java:call(138)) - Running DeletedBlockTransactionScanner
2019-09-10 07:03:54,572 [SCMBlockDeletingService#0] DEBUG block.SCMBlockDeletingService (SCMBlockDeletingService.java:call(155)) - Scanned deleted blocks log and got 0 delTX to process.
2019-09-10 07:03:54,673 [SCMBlockDeletingService#0] DEBUG block.SCMBlockDeletingService (SCMBlockDeletingService.java:call(138)) - Running DeletedBlockTransactionScanner
2019-09-10 07:03:54,673 [SCMBlockDeletingService#0] DEBUG block.SCMBlockDeletingService (SCMBlockDeletingService.java:call(155)) - Scanned deleted blocks log and got 0 delTX to process.
2019-09-10 07:03:54,773 [SCMBlockDeletingService#0] DEBUG block.SCMBlockDeletingService (SCMBlockDeletingService.java:call(138)) - Running DeletedBlockTransactionScanner
2019-09-10 07:03:54,773 [SCMBlockDeletingService#0] DEBUG block.SCMBlockDeletingService (SCMBlockDeletingService.java:call(155)) - Scanned deleted blocks log and got 0 delTX to process.
2019-09-10 07:03:54,874 [SCMBlockDeletingService#0] DEBUG block.SCMBlockDeletingService (SCMBlockDeletingService.java:call(138)) - Running DeletedBlockTransactionScanner
2019-09-10 07:03:54,874 [SCMBlockDeletingService#0] DEBUG block.SCMBlockDeletingService (SCMBlockDeletingService.java:call(155)) - Scanned deleted blocks log and got 0 delTX to process.
2019-09-10 07:03:54,974 [SCMBlockDeletingService#0] DEBUG block.SCMBlockDeletingService (SCMBlockDeletingService.java:call(138)) - Running DeletedBlockTransactionScanner
2019-09-10 07:03:54,975 [SCMBlockDeletingService#0] DEBUG block.SCMBlockDeletingService (SCMBlockDeletingService.java:call(155)) - Scanned deleted blocks log and got 0 delTX to process.
2019-09-10 07:03:55,075 [SCMBlockDeletingService#0] DEBUG block.SCMBlockDeletingService (SCMBlockDeletingService.java:call(138)) - Running DeletedBlockTransactionScanner
2019-09-10 07:03:55,076 [SCMBlockDeletingService#0] DEBUG block.SCMBlockDeletingService (SCMBlockDeletingService.java:call(155)) - Scanned deleted blocks log and got 0 delTX to process.
2019-09-10 07:03:55,176 [SCMBlockDeletingService#1] DEBUG block.SCMBlockDeletingService (SCMBlockDeletingService.java:call(138)) - Running DeletedBlockTransactionScanner
2019-09-10 07:03:55,176 [SCMBlockDeletingService#1] DEBUG block.SCMBlockDeletingService (SCMBlockDeletingService.java:call(155)) - Scanned deleted blocks log and got 0 delTX to process.
2019-09-10 07:03:55,277 [SCMBlockDeletingService#0] DEBUG block.SCMBlockDeletingService (SCMBlockDeletingService.java:call(138)) - Running DeletedBlockTransactionScanner
2019-09-10 07:03:55,277 [SCMBlockDeletingService#0] DEBUG block.SCMBlockDeletingService (SCMBlockDeletingService.java:call(155)) - Scanned deleted blocks log and got 0 delTX to process.
2019-09-10 07:03:55,378 [SCMBlockDeletingService#0] DEBUG block.SCMBlockDeletingService (SCMBlockDeletingService.java:call(138)) - Running DeletedBlockTransactionScanner
2019-09-10 07:03:55,378 [SCMBlockDeletingService#0] DEBUG block.SCMBlockDeletingService (SCMBlockDeletingService.java:call(155)) - Scanned deleted blocks log and got 0 delTX to process.
2019-09-10 07:03:55,478 [SCMBlockDeletingService#0] DEBUG block.SCMBlockDeletingService (SCMBlockDeletingService.java:call(138)) - Running DeletedBlockTransactionScanner
2019-09-10 07:03:55,479 [SCMBlockDeletingService#0] DEBUG block.SCMBlockDeletingService (SCMBlockDeletingService.java:call(155)) - Scanned deleted blocks log and got 0 delTX to process.
2019-09-10 07:03:55,579 [SCMBlockDeletingService#0] DEBUG block.SCMBlockDeletingService (SCMBlockDeletingService.java:call(138)) - Running DeletedBlockTransactionScanner
2019-09-10 07:03:55,579 [SCMBlockDeletingService#0] DEBUG block.SCMBlockDeletingService (SCMBlockDeletingService.java:call(155)) - Scanned deleted blocks log and got 0 delTX to process.
2019-09-10 07:03:55,680 [SCMBlockDeletingService#0] DEBUG block.SCMBlockDeletingService (SCMBlockDeletingService.java:call(138)) - Running DeletedBlockTransactionScanner
2019-09-10 07:03:55,680 [SCMBlockDeletingService#0] DEBUG block.SCMBlockDeletingService (SCMBlockDeletingService.java:call(155)) - Scanned deleted blocks log and got 0 delTX to process.
2019-09-10 07:03:55,780 [SCMBlockDeletingService#0] DEBUG block.SCMBlockDeletingService (SCMBlockDeletingService.java:call(138)) - Running DeletedBlockTransactionScanner
2019-09-10 07:03:55,781 [SCMBlockDeletingService#0] DEBUG block.SCMBlockDeletingService (SCMBlockDeletingService.java:call(155)) - Scanned deleted blocks log and got 0 delTX to process.
2019-09-10 07:03:55,881 [SCMBlockDeletingService#0] DEBUG block.SCMBlockDeletingService (SCMBlockDeletingService.java:call(138)) - Running DeletedBlockTransactionScanner
2019-09-10 07:03:55,882 [SCMBlockDeletingService#0] DEBUG block.SCMBlockDeletingService (SCMBlockDeletingService.java:call(155)) - Scanned deleted blocks log and got 0 delTX to process.
2019-09-10 07:03:55,982 [SCMBlockDeletingService#0] DEBUG block.SCMBlockDeletingService (SCMBlockDeletingService.java:call(138)) - Running DeletedBlockTransactionScanner
2019-09-10 07:03:55,982 [SCMBlockDeletingService#0] DEBUG block.SCMBlockDeletingService (SCMBlockDeletingService.java:call(155)) - Scanned deleted blocks log and got 0 delTX to process.
2019-09-10 07:03:56,083 [SCMBlockDeletingService#0] DEBUG block.SCMBlockDeletingService (SCMBlockDeletingService.java:call(138)) - Running DeletedBlockTransactionScanner
2019-09-10 07:03:56,083 [SCMBlockDeletingService#0] DEBUG block.SCMBlockDeletingService (SCMBlockDeletingService.java:call(155)) - Scanned deleted blocks log and got 0 delTX to process.
2019-09-10 07:03:56,184 [SCMBlockDeletingService#0] DEBUG block.SCMBlockDeletingService (SCMBlockDeletingService.java:call(138)) - Running DeletedBlockTransactionScanner
2019-09-10 07:03:56,184 [SCMBlockDeletingService#0] DEBUG block.SCMBlockDeletingService (SCMBlockDeletingService.java:call(155)) - Scanned deleted blocks log and got 0 delTX to process.
2019-09-10 07:03:56,284 [SCMBlockDeletingService#0] DEBUG block.SCMBlockDeletingService (SCMBlockDeletingService.java:call(138)) - Running DeletedBlockTransactionScanner
2019-09-10 07:03:56,285 [SCMBlockDeletingService#0] DEBUG block.SCMBlockDeletingService (SCMBlockDeletingService.java:call(155)) - Scanned deleted blocks log and got 0 delTX to process.
2019-09-10 07:03:56,385 [SCMBlockDeletingService#0] DEBUG block.SCMBlockDeletingService (SCMBlockDeletingService.java:call(138)) - Running DeletedBlockTransactionScanner
2019-09-10 07:03:56,385 [SCMBlockDeletingService#0] DEBUG block.SCMBlockDeletingService (SCMBlockDeletingService.java:call(155)) - Scanned deleted blocks log and got 0 delTX to process.
2019-09-10 07:03:56,486 [SCMBlockDeletingService#0] DEBUG block.SCMBlockDeletingService (SCMBlockDeletingService.java:call(138)) - Running DeletedBlockTransactionScanner
2019-09-10 07:03:56,486 [SCMBlockDeletingService#0] DEBUG block.SCMBlockDeletingService (SCMBlockDeletingService.java:call(155)) - Scanned deleted blocks log and got 0 delTX to process.
2019-09-10 07:03:56,586 [SCMBlockDeletingService#0] DEBUG block.SCMBlockDeletingService (SCMBlockDeletingService.java:call(138)) - Running DeletedBlockTransactionScanner
2019-09-10 07:03:56,587 [SCMBlockDeletingService#0] DEBUG block.SCMBlockDeletingService (SCMBlockDeletingService.java:call(155)) - Scanned deleted blocks log and got 0 delTX to process.
2019-09-10 07:03:56,687 [SCMBlockDeletingService#0] DEBUG block.SCMBlockDeletingService (SCMBlockDeletingService.java:call(138)) - Running DeletedBlockTransactionScanner
2019-09-10 07:03:56,687 [SCMBlockDeletingService#0] DEBUG block.SCMBlockDeletingService (SCMBlockDeletingService.java:call(155)) - Scanned deleted blocks log and got 0 delTX to process.
2019-09-10 07:03:56,788 [SCMBlockDeletingService#0] DEBUG block.SCMBlockDeletingService (SCMBlockDeletingService.java:call(138)) - Running DeletedBlockTransactionScanner
2019-09-10 07:03:56,788 [SCMBlockDeletingService#0] DEBUG block.SCMBlockDeletingService (SCMBlockDeletingService.java:call(155)) - Scanned deleted blocks log and got 0 delTX to process.
2019-09-10 07:03:56,888 [SCMBlockDeletingService#0] DEBUG block.SCMBlockDeletingService (SCMBlockDeletingService.java:call(138)) - Running DeletedBlockTransactionScanner
2019-09-10 07:03:56,889 [SCMBlockDeletingService#0] DEBUG block.SCMBlockDeletingService (SCMBlockDeletingService.java:call(155)) - Scanned deleted blocks log and got 0 delTX to process.
2019-09-10 07:03:56,989 [SCMBlockDeletingService#0] DEBUG block.SCMBlockDeletingService (SCMBlockDeletingService.java:call(138)) - Running DeletedBlockTransactionScanner
2019-09-10 07:03:56,989 [SCMBlockDeletingService#0] DEBUG block.SCMBlockDeletingService (SCMBlockDeletingService.java:call(155)) - Scanned deleted blocks log and got 0 delTX to process.
2019-09-10 07:03:57,090 [SCMBlockDeletingService#0] DEBUG block.SCMBlockDeletingService (SCMBlockDeletingService.java:call(138)) - Running DeletedBlockTransactionScanner
2019-09-10 07:03:57,090 [SCMBlockDeletingService#0] DEBUG block.SCMBlockDeletingService (SCMBlockDeletingService.java:call(155)) - Scanned deleted blocks log and got 0 delTX to process.
2019-09-10 07:03:57,190 [SCMBlockDeletingService#0] DEBUG block.SCMBlockDeletingService (SCMBlockDeletingService.java:call(138)) - Running DeletedBlockTransactionScanner
2019-09-10 07:03:57,191 [SCMBlockDeletingService#0] DEBUG block.SCMBlockDeletingService (SCMBlockDeletingService.java:call(155)) - Scanned deleted blocks log and got 0 delTX to process.
2019-09-10 07:03:57,291 [SCMBlockDeletingService#0] DEBUG block.SCMBlockDeletingService (SCMBlockDeletingService.java:call(138)) - Running DeletedBlockTransactionScanner
2019-09-10 07:03:57,291 [SCMBlockDeletingService#0] DEBUG block.SCMBlockDeletingService (SCMBlockDeletingService.java:call(155)) - Scanned deleted blocks log and got 0 delTX to process.
2019-09-10 07:03:57,392 [SCMBlockDeletingService#0] DEBUG block.SCMBlockDeletingService (SCMBlockDeletingService.java:call(138)) - Running DeletedBlockTransactionScanner
2019-09-10 07:03:57,392 [SCMBlockDeletingService#0] DEBUG block.SCMBlockDeletingService (SCMBlockDeletingService.java:call(155)) - Scanned deleted blocks log and got 0 delTX to process.
2019-09-10 07:03:57,493 [SCMBlockDeletingService#0] DEBUG block.SCMBlockDeletingService (SCMBlockDeletingService.java:call(138)) - Running DeletedBlockTransactionScanner
2019-09-10 07:03:57,493 [SCMBlockDeletingService#0] DEBUG block.SCMBlockDeletingService (SCMBlockDeletingService.java:call(155)) - Scanned deleted blocks log and got 0 delTX to process.
2019-09-10 07:03:57,593 [SCMBlockDeletingService#0] DEBUG block.SCMBlockDeletingService (SCMBlockDeletingService.java:call(138)) - Running DeletedBlockTransactionScanner
2019-09-10 07:03:57,593 [SCMBlockDeletingService#0] DEBUG block.SCMBlockDeletingService (SCMBlockDeletingService.java:call(155)) - Scanned deleted blocks log and got 0 delTX to process.
2019-09-10 07:03:57,694 [SCMBlockDeletingService#0] DEBUG block.SCMBlockDeletingService (SCMBlockDeletingService.java:call(138)) - Running DeletedBlockTransactionScanner
2019-09-10 07:03:57,694 [SCMBlockDeletingService#0] DEBUG block.SCMBlockDeletingService (SCMBlockDeletingService.java:call(155)) - Scanned deleted blocks log and got 0 delTX to process.
2019-09-10 07:03:57,794 [SCMBlockDeletingService#0] DEBUG block.SCMBlockDeletingService (SCMBlockDeletingService.java:call(138)) - Running DeletedBlockTransactionScanner
2019-09-10 07:03:57,795 [SCMBlockDeletingService#0] DEBUG block.SCMBlockDeletingService (SCMBlockDeletingService.java:call(155)) - Scanned deleted blocks log and got 0 delTX to process.
2019-09-10 07:03:57,895 [SCMBlockDeletingService#0] DEBUG block.SCMBlockDeletingService (SCMBlockDeletingService.java:call(138)) - Running DeletedBlockTransactionScanner
2019-09-10 07:03:57,895 [SCMBlockDeletingService#0] DEBUG block.SCMBlockDeletingService (SCMBlockDeletingService.java:call(155)) - Scanned deleted blocks log and got 0 delTX to process.
2019-09-10 07:03:57,996 [SCMBlockDeletingService#0] DEBUG block.SCMBlockDeletingService (SCMBlockDeletingService.java:call(138)) - Running DeletedBlockTransactionScanner
2019-09-10 07:03:57,996 [SCMBlockDeletingService#0] DEBUG block.SCMBlockDeletingService (SCMBlockDeletingService.java:call(155)) - Scanned deleted blocks log and got 0 delTX to process.
2019-09-10 07:03:58,097 [SCMBlockDeletingService#0] DEBUG block.SCMBlockDeletingService (SCMBlockDeletingService.java:call(138)) - Running DeletedBlockTransactionScanner
2019-09-10 07:03:58,097 [SCMBlockDeletingService#0] DEBUG block.SCMBlockDeletingService (SCMBlockDeletingService.java:call(155)) - Scanned deleted blocks log and got 0 delTX to process.
2019-09-10 07:03:58,197 [SCMBlockDeletingService#0] DEBUG block.SCMBlockDeletingService (SCMBlockDeletingService.java:call(138)) - Running DeletedBlockTransactionScanner
2019-09-10 07:03:58,198 [SCMBlockDeletingService#0] DEBUG block.SCMBlockDeletingService (SCMBlockDeletingService.java:call(155)) - Scanned deleted blocks log and got 0 delTX to process.
2019-09-10 07:03:58,298 [SCMBlockDeletingService#0] DEBUG block.SCMBlockDeletingService (SCMBlockDeletingService.java:call(138)) - Running DeletedBlockTransactionScanner
2019-09-10 07:03:58,298 [SCMBlockDeletingService#0] DEBUG block.SCMBlockDeletingService (SCMBlockDeletingService.java:call(155)) - Scanned deleted blocks log and got 0 delTX to process.
2019-09-10 07:03:58,399 [SCMBlockDeletingService#0] DEBUG block.SCMBlockDeletingService (SCMBlockDeletingService.java:call(138)) - Running DeletedBlockTransactionScanner
2019-09-10 07:03:58,399 [SCMBlockDeletingService#0] DEBUG block.SCMBlockDeletingService (SCMBlockDeletingService.java:call(155)) - Scanned deleted blocks log and got 0 delTX to process.
2019-09-10 07:03:58,499 [SCMBlockDeletingService#0] DEBUG block.SCMBlockDeletingService (SCMBlockDeletingService.java:call(138)) - Running DeletedBlockTransactionScanner
2019-09-10 07:03:58,499 [SCMBlockDeletingService#0] DEBUG block.SCMBlockDeletingService (SCMBlockDeletingService.java:call(155)) - Scanned deleted blocks log and got 0 delTX to process.
2019-09-10 07:03:58,600 [SCMBlockDeletingService#0] DEBUG block.SCMBlockDeletingService (SCMBlockDeletingService.java:call(138)) - Running DeletedBlockTransactionScanner
2019-09-10 07:03:58,600 [SCMBlockDeletingService#0] DEBUG block.SCMBlockDeletingService (SCMBlockDeletingService.java:call(155)) - Scanned deleted blocks log and got 0 delTX to process.
2019-09-10 07:03:58,700 [SCMBlockDeletingService#0] DEBUG block.SCMBlockDeletingService (SCMBlockDeletingService.java:call(138)) - Running DeletedBlockTransactionScanner
2019-09-10 07:03:58,701 [SCMBlockDeletingService#0] DEBUG block.SCMBlockDeletingService (SCMBlockDeletingService.java:call(155)) - Scanned deleted blocks log and got 0 delTX to process.
2019-09-10 07:03:58,801 [SCMBlockDeletingService#0] DEBUG block.SCMBlockDeletingService (SCMBlockDeletingService.java:call(138)) - Running DeletedBlockTransactionScanner
2019-09-10 07:03:58,801 [SCMBlockDeletingService#0] DEBUG block.SCMBlockDeletingService (SCMBlockDeletingService.java:call(155)) - Scanned deleted blocks log and got 0 delTX to process.
2019-09-10 07:03:58,902 [SCMBlockDeletingService#1] DEBUG block.SCMBlockDeletingService (SCMBlockDeletingService.java:call(138)) - Running DeletedBlockTransactionScanner
2019-09-10 07:03:58,902 [SCMBlockDeletingService#1] DEBUG block.SCMBlockDeletingService (SCMBlockDeletingService.java:call(155)) - Scanned deleted blocks log and got 0 delTX to process.
2019-09-10 07:03:59,002 [SCMBlockDeletingService#1] DEBUG block.SCMBlockDeletingService (SCMBlockDeletingService.java:call(138)) - Running DeletedBlockTransactionScanner
2019-09-10 07:03:59,003 [SCMBlockDeletingService#1] DEBUG block.SCMBlockDeletingService (SCMBlockDeletingService.java:call(155)) - Scanned deleted blocks log and got 0 delTX to process.
2019-09-10 07:03:59,103 [SCMBlockDeletingService#1] DEBUG block.SCMBlockDeletingService (SCMBlockDeletingService.java:call(138)) - Running DeletedBlockTransactionScanner
2019-09-10 07:03:59,104 [SCMBlockDeletingService#1] DEBUG block.SCMBlockDeletingService (SCMBlockDeletingService.java:call(155)) - Scanned deleted blocks log and got 0 delTX to process.
2019-09-10 07:03:59,204 [SCMBlockDeletingService#0] DEBUG block.SCMBlockDeletingService (SCMBlockDeletingService.java:call(138)) - Running DeletedBlockTransactionScanner
2019-09-10 07:03:59,204 [SCMBlockDeletingService#0] DEBUG block.SCMBlockDeletingService (SCMBlockDeletingService.java:call(155)) - Scanned deleted blocks log and got 0 delTX to process.
2019-09-10 07:03:59,305 [SCMBlockDeletingService#0] DEBUG block.SCMBlockDeletingService (SCMBlockDeletingService.java:call(138)) - Running DeletedBlockTransactionScanner
2019-09-10 07:03:59,305 [SCMBlockDeletingService#0] DEBUG block.SCMBlockDeletingService (SCMBlockDeletingService.java:call(155)) - Scanned deleted blocks log and got 0 delTX to process.
2019-09-10 07:03:59,405 [SCMBlockDeletingService#0] DEBUG block.SCMBlockDeletingService (SCMBlockDeletingService.java:call(138)) - Running DeletedBlockTransactionScanner
2019-09-10 07:03:59,406 [SCMBlockDeletingService#0] DEBUG block.SCMBlockDeletingService (SCMBlockDeletingService.java:call(155)) - Scanned deleted blocks log and got 0 delTX to process.
2019-09-10 07:03:59,506 [SCMBlockDeletingService#0] DEBUG block.SCMBlockDeletingService (SCMBlockDeletingService.java:call(138)) - Running DeletedBlockTransactionScanner
2019-09-10 07:03:59,506 [SCMBlockDeletingService#0] DEBUG block.SCMBlockDeletingService (SCMBlockDeletingService.java:call(155)) - Scanned deleted blocks log and got 0 delTX to process.
2019-09-10 07:03:59,606 [SCMBlockDeletingService#0] DEBUG block.SCMBlockDeletingService (SCMBlockDeletingService.java:call(138)) - Running DeletedBlockTransactionScanner
2019-09-10 07:03:59,607 [SCMBlockDeletingService#0] DEBUG block.SCMBlockDeletingService (SCMBlockDeletingService.java:call(155)) - Scanned deleted blocks log and got 0 delTX to process.
2019-09-10 07:03:59,707 [SCMBlockDeletingService#0] DEBUG block.SCMBlockDeletingService (SCMBlockDeletingService.java:call(138)) - Running DeletedBlockTransactionScanner
2019-09-10 07:03:59,707 [SCMBlockDeletingService#0] DEBUG block.SCMBlockDeletingService (SCMBlockDeletingService.java:call(155)) - Scanned deleted blocks log and got 0 delTX to process.
2019-09-10 07:03:59,808 [SCMBlockDeletingService#0] DEBUG block.SCMBlockDeletingService (SCMBlockDeletingService.java:call(138)) - Running DeletedBlockTransactionScanner
2019-09-10 07:03:59,808 [SCMBlockDeletingService#0] DEBUG block.SCMBlockDeletingService (SCMBlockDeletingService.java:call(155)) - Scanned deleted blocks log and got 0 delTX to process.
2019-09-10 07:03:59,908 [SCMBlockDeletingService#0] DEBUG block.SCMBlockDeletingService (SCMBlockDeletingService.java:call(138)) - Running DeletedBlockTransactionScanner
2019-09-10 07:03:59,909 [SCMBlockDeletingService#0] DEBUG block.SCMBlockDeletingService (SCMBlockDeletingService.java:call(155)) - Scanned deleted blocks log and got 0 delTX to process.
2019-09-10 07:04:00,009 [SCMBlockDeletingService#0] DEBUG block.SCMBlockDeletingService (SCMBlockDeletingService.java:call(138)) - Running DeletedBlockTransactionScanner
2019-09-10 07:04:00,009 [SCMBlockDeletingService#0] DEBUG block.SCMBlockDeletingService (SCMBlockDeletingService.java:call(155)) - Scanned deleted blocks log and got 0 delTX to process.
2019-09-10 07:04:00,110 [SCMBlockDeletingService#0] DEBUG block.SCMBlockDeletingService (SCMBlockDeletingService.java:call(138)) - Running DeletedBlockTransactionScanner
2019-09-10 07:04:00,110 [SCMBlockDeletingService#0] DEBUG block.SCMBlockDeletingService (SCMBlockDeletingService.java:call(155)) - Scanned deleted blocks log and got 0 delTX to process.
2019-09-10 07:04:00,210 [SCMBlockDeletingService#0] DEBUG block.SCMBlockDeletingService (SCMBlockDeletingService.java:call(138)) - Running DeletedBlockTransactionScanner
2019-09-10 07:04:00,211 [SCMBlockDeletingService#0] DEBUG block.SCMBlockDeletingService (SCMBlockDeletingService.java:call(155)) - Scanned deleted blocks log and got 0 delTX to process.
2019-09-10 07:04:00,311 [SCMBlockDeletingService#1] DEBUG block.SCMBlockDeletingService (SCMBlockDeletingService.java:call(138)) - Running DeletedBlockTransactionScanner
2019-09-10 07:04:00,311 [SCMBlockDeletingService#1] DEBUG block.SCMBlockDeletingService (SCMBlockDeletingService.java:call(155)) - Scanned deleted blocks log and got 0 delTX to process.
2019-09-10 07:04:00,412 [SCMBlockDeletingService#1] DEBUG block.SCMBlockDeletingService (SCMBlockDeletingService.java:call(138)) - Running DeletedBlockTransactionScanner
2019-09-10 07:04:00,412 [SCMBlockDeletingService#1] DEBUG block.SCMBlockDeletingService (SCMBlockDeletingService.java:call(155)) - Scanned deleted blocks log and got 0 delTX to process.
2019-09-10 07:04:00,512 [SCMBlockDeletingService#1] DEBUG block.SCMBlockDeletingService (SCMBlockDeletingService.java:call(138)) - Running DeletedBlockTransactionScanner
2019-09-10 07:04:00,512 [SCMBlockDeletingService#1] DEBUG block.SCMBlockDeletingService (SCMBlockDeletingService.java:call(155)) - Scanned deleted blocks log and got 0 delTX to process.
2019-09-10 07:04:00,613 [SCMBlockDeletingService#1] DEBUG block.SCMBlockDeletingService (SCMBlockDeletingService.java:call(138)) - Running DeletedBlockTransactionScanner
2019-09-10 07:04:00,613 [SCMBlockDeletingService#1] DEBUG block.SCMBlockDeletingService (SCMBlockDeletingService.java:call(155)) - Scanned deleted blocks log and got 0 delTX to process.
2019-09-10 07:04:00,713 [SCMBlockDeletingService#1] DEBUG block.SCMBlockDeletingService (SCMBlockDeletingService.java:call(138)) - Running DeletedBlockTransactionScanner
2019-09-10 07:04:00,714 [SCMBlockDeletingService#1] DEBUG block.SCMBlockDeletingService (SCMBlockDeletingService.java:call(155)) - Scanned deleted blocks log and got 0 delTX to process.
2019-09-10 07:04:00,814 [SCMBlockDeletingService#1] DEBUG block.SCMBlockDeletingService (SCMBlockDeletingService.java:call(138)) - Running DeletedBlockTransactionScanner
2019-09-10 07:04:00,814 [SCMBlockDeletingService#1] DEBUG block.SCMBlockDeletingService (SCMBlockDeletingService.java:call(155)) - Scanned deleted blocks log and got 0 delTX to process.
2019-09-10 07:04:00,915 [SCMBlockDeletingService#1] DEBUG block.SCMBlockDeletingService (SCMBlockDeletingService.java:call(138)) - Running DeletedBlockTransactionScanner
2019-09-10 07:04:00,915 [SCMBlockDeletingService#1] DEBUG block.SCMBlockDeletingService (SCMBlockDeletingService.java:call(155)) - Scanned deleted blocks log and got 0 delTX to process.
2019-09-10 07:04:01,015 [SCMBlockDeletingService#1] DEBUG block.SCMBlockDeletingService (SCMBlockDeletingService.java:call(138)) - Running DeletedBlockTransactionScanner
2019-09-10 07:04:01,015 [SCMBlockDeletingService#1] DEBUG block.SCMBlockDeletingService (SCMBlockDeletingService.java:call(155)) - Scanned deleted blocks log and got 0 delTX to process.
2019-09-10 07:04:01,116 [SCMBlockDeletingService#1] DEBUG block.SCMBlockDeletingService (SCMBlockDeletingService.java:call(138)) - Running DeletedBlockTransactionScanner
2019-09-10 07:04:01,116 [SCMBlockDeletingService#1] DEBUG block.SCMBlockDeletingService (SCMBlockDeletingService.java:call(155)) - Scanned deleted blocks log and got 0 delTX to process.
2019-09-10 07:04:01,216 [SCMBlockDeletingService#1] DEBUG block.SCMBlockDeletingService (SCMBlockDeletingService.java:call(138)) - Running DeletedBlockTransactionScanner
2019-09-10 07:04:01,217 [SCMBlockDeletingService#1] DEBUG block.SCMBlockDeletingService (SCMBlockDeletingService.java:call(155)) - Scanned deleted blocks log and got 0 delTX to process.
2019-09-10 07:04:01,317 [SCMBlockDeletingService#1] DEBUG block.SCMBlockDeletingService (SCMBlockDeletingService.java:call(138)) - Running DeletedBlockTransactionScanner
2019-09-10 07:04:01,317 [SCMBlockDeletingService#1] DEBUG block.SCMBlockDeletingService (SCMBlockDeletingService.java:call(155)) - Scanned deleted blocks log and got 0 delTX to process.
2019-09-10 07:04:01,418 [SCMBlockDeletingService#0] DEBUG block.SCMBlockDeletingService (SCMBlockDeletingService.java:call(138)) - Running DeletedBlockTransactionScanner
2019-09-10 07:04:01,418 [SCMBlockDeletingService#0] DEBUG block.SCMBlockDeletingService (SCMBlockDeletingService.java:call(155)) - Scanned deleted blocks log and got 0 delTX to process.
2019-09-10 07:04:01,519 [SCMBlockDeletingService#0] DEBUG block.SCMBlockDeletingService (SCMBlockDeletingService.java:call(138)) - Running DeletedBlockTransactionScanner
2019-09-10 07:04:01,519 [SCMBlockDeletingService#0] DEBUG block.SCMBlockDeletingService (SCMBlockDeletingService.java:call(155)) - Scanned deleted blocks log and got 0 delTX to process.
2019-09-10 07:04:01,619 [SCMBlockDeletingService#0] DEBUG block.SCMBlockDeletingService (SCMBlockDeletingService.java:call(138)) - Running DeletedBlockTransactionScanner
2019-09-10 07:04:01,620 [SCMBlockDeletingService#0] DEBUG block.SCMBlockDeletingService (SCMBlockDeletingService.java:call(155)) - Scanned deleted blocks log and got 0 delTX to process.
2019-09-10 07:04:01,720 [SCMBlockDeletingService#0] DEBUG block.SCMBlockDeletingService (SCMBlockDeletingService.java:call(138)) - Running DeletedBlockTransactionScanner
2019-09-10 07:04:01,720 [SCMBlockDeletingService#0] DEBUG block.SCMBlockDeletingService (SCMBlockDeletingService.java:call(155)) - Scanned deleted blocks log and got 0 delTX to process.
2019-09-10 07:04:01,821 [SCMBlockDeletingService#0] DEBUG block.SCMBlockDeletingService (SCMBlockDeletingService.java:call(138)) - Running DeletedBlockTransactionScanner
2019-09-10 07:04:01,821 [SCMBlockDeletingService#0] DEBUG block.SCMBlockDeletingService (SCMBlockDeletingService.java:call(155)) - Scanned deleted blocks log and got 0 delTX to process.
2019-09-10 07:04:01,921 [SCMBlockDeletingService#0] DEBUG block.SCMBlockDeletingService (SCMBlockDeletingService.java:call(138)) - Running DeletedBlockTransactionScanner
2019-09-10 07:04:01,922 [SCMBlockDeletingService#0] DEBUG block.SCMBlockDeletingService (SCMBlockDeletingService.java:call(155)) - Scanned deleted blocks log and got 0 delTX to process.
2019-09-10 07:04:02,022 [SCMBlockDeletingService#0] DEBUG block.SCMBlockDeletingService (SCMBlockDeletingService.java:call(138)) - Running DeletedBlockTransactionScanner
2019-09-10 07:04:02,023 [SCMBlockDeletingService#0] DEBUG block.SCMBlockDeletingService (SCMBlockDeletingService.java:call(155)) - Scanned deleted blocks log and got 0 delTX to process.
2019-09-10 07:04:02,065 [05f13708-5e6e-4ea1-a525-a3c8f7f54426@group-34B10843FE54-SegmentedRaftLogWorker] WARN  segmented.SegmentedRaftLogWorker (SegmentedRaftLogWorker.java:getFromFuture(90)) - Timeout 4/~
org.apache.ratis.protocol.TimeoutIOException: Timeout 10s: WriteLog:16: (t:1, i:16), STATEMACHINELOGENTRY, client-7F424F215E90, cid=11-writeStateMachineData
	at org.apache.ratis.util.IOUtils.getFromFuture(IOUtils.java:87)
	at org.apache.ratis.server.raftlog.segmented.SegmentedRaftLogWorker$StateMachineDataPolicy.getFromFuture(SegmentedRaftLogWorker.java:87)
	at org.apache.ratis.server.raftlog.segmented.SegmentedRaftLogWorker$WriteLog.execute(SegmentedRaftLogWorker.java:477)
	at org.apache.ratis.server.raftlog.segmented.SegmentedRaftLogWorker.run(SegmentedRaftLogWorker.java:289)
	at java.lang.Thread.run(Thread.java:748)
Caused by: java.util.concurrent.TimeoutException
	at java.util.concurrent.CompletableFuture.timedGet(CompletableFuture.java:1771)
	at java.util.concurrent.CompletableFuture.get(CompletableFuture.java:1915)
	at org.apache.ratis.util.IOUtils.getFromFuture(IOUtils.java:79)
	... 4 more
2019-09-10 07:04:02,123 [SCMBlockDeletingService#0] DEBUG block.SCMBlockDeletingService (SCMBlockDeletingService.java:call(138)) - Running DeletedBlockTransactionScanner
2019-09-10 07:04:02,123 [SCMBlockDeletingService#0] DEBUG block.SCMBlockDeletingService (SCMBlockDeletingService.java:call(155)) - Scanned deleted blocks log and got 0 delTX to process.
2019-09-10 07:04:02,224 [SCMBlockDeletingService#0] DEBUG block.SCMBlockDeletingService (SCMBlockDeletingService.java:call(138)) - Running DeletedBlockTransactionScanner
2019-09-10 07:04:02,224 [SCMBlockDeletingService#0] DEBUG block.SCMBlockDeletingService (SCMBlockDeletingService.java:call(155)) - Scanned deleted blocks log and got 0 delTX to process.
2019-09-10 07:04:02,324 [SCMBlockDeletingService#0] DEBUG block.SCMBlockDeletingService (SCMBlockDeletingService.java:call(138)) - Running DeletedBlockTransactionScanner
2019-09-10 07:04:02,325 [SCMBlockDeletingService#0] DEBUG block.SCMBlockDeletingService (SCMBlockDeletingService.java:call(155)) - Scanned deleted blocks log and got 0 delTX to process.
2019-09-10 07:04:02,425 [SCMBlockDeletingService#0] DEBUG block.SCMBlockDeletingService (SCMBlockDeletingService.java:call(138)) - Running DeletedBlockTransactionScanner
2019-09-10 07:04:02,425 [SCMBlockDeletingService#0] DEBUG block.SCMBlockDeletingService (SCMBlockDeletingService.java:call(155)) - Scanned deleted blocks log and got 0 delTX to process.
2019-09-10 07:04:02,526 [SCMBlockDeletingService#0] DEBUG block.SCMBlockDeletingService (SCMBlockDeletingService.java:call(138)) - Running DeletedBlockTransactionScanner
2019-09-10 07:04:02,526 [SCMBlockDeletingService#0] DEBUG block.SCMBlockDeletingService (SCMBlockDeletingService.java:call(155)) - Scanned deleted blocks log and got 0 delTX to process.
2019-09-10 07:04:02,627 [SCMBlockDeletingService#0] DEBUG block.SCMBlockDeletingService (SCMBlockDeletingService.java:call(138)) - Running DeletedBlockTransactionScanner
2019-09-10 07:04:02,627 [SCMBlockDeletingService#0] DEBUG block.SCMBlockDeletingService (SCMBlockDeletingService.java:call(155)) - Scanned deleted blocks log and got 0 delTX to process.
2019-09-10 07:04:02,727 [SCMBlockDeletingService#0] DEBUG block.SCMBlockDeletingService (SCMBlockDeletingService.java:call(138)) - Running DeletedBlockTransactionScanner
2019-09-10 07:04:02,727 [SCMBlockDeletingService#0] DEBUG block.SCMBlockDeletingService (SCMBlockDeletingService.java:call(155)) - Scanned deleted blocks log and got 0 delTX to process.
2019-09-10 07:04:02,828 [SCMBlockDeletingService#0] DEBUG block.SCMBlockDeletingService (SCMBlockDeletingService.java:call(138)) - Running DeletedBlockTransactionScanner
2019-09-10 07:04:02,828 [SCMBlockDeletingService#0] DEBUG block.SCMBlockDeletingService (SCMBlockDeletingService.java:call(155)) - Scanned deleted blocks log and got 0 delTX to process.
2019-09-10 07:04:02,928 [SCMBlockDeletingService#0] DEBUG block.SCMBlockDeletingService (SCMBlockDeletingService.java:call(138)) - Running DeletedBlockTransactionScanner
2019-09-10 07:04:02,929 [SCMBlockDeletingService#0] DEBUG block.SCMBlockDeletingService (SCMBlockDeletingService.java:call(155)) - Scanned deleted blocks log and got 0 delTX to process.
2019-09-10 07:04:03,029 [SCMBlockDeletingService#0] DEBUG block.SCMBlockDeletingService (SCMBlockDeletingService.java:call(138)) - Running DeletedBlockTransactionScanner
2019-09-10 07:04:03,029 [SCMBlockDeletingService#0] DEBUG block.SCMBlockDeletingService (SCMBlockDeletingService.java:call(155)) - Scanned deleted blocks log and got 0 delTX to process.
2019-09-10 07:04:03,130 [SCMBlockDeletingService#1] DEBUG block.SCMBlockDeletingService (SCMBlockDeletingService.java:call(138)) - Running DeletedBlockTransactionScanner
2019-09-10 07:04:03,130 [SCMBlockDeletingService#1] DEBUG block.SCMBlockDeletingService (SCMBlockDeletingService.java:call(155)) - Scanned deleted blocks log and got 0 delTX to process.
2019-09-10 07:04:03,231 [SCMBlockDeletingService#1] DEBUG block.SCMBlockDeletingService (SCMBlockDeletingService.java:call(138)) - Running DeletedBlockTransactionScanner
2019-09-10 07:04:03,232 [SCMBlockDeletingService#1] DEBUG block.SCMBlockDeletingService (SCMBlockDeletingService.java:call(155)) - Scanned deleted blocks log and got 0 delTX to process.
2019-09-10 07:04:03,332 [SCMBlockDeletingService#1] DEBUG block.SCMBlockDeletingService (SCMBlockDeletingService.java:call(138)) - Running DeletedBlockTransactionScanner
2019-09-10 07:04:03,332 [SCMBlockDeletingService#1] DEBUG block.SCMBlockDeletingService (SCMBlockDeletingService.java:call(155)) - Scanned deleted blocks log and got 0 delTX to process.
2019-09-10 07:04:03,433 [SCMBlockDeletingService#1] DEBUG block.SCMBlockDeletingService (SCMBlockDeletingService.java:call(138)) - Running DeletedBlockTransactionScanner
2019-09-10 07:04:03,433 [SCMBlockDeletingService#1] DEBUG block.SCMBlockDeletingService (SCMBlockDeletingService.java:call(155)) - Scanned deleted blocks log and got 0 delTX to process.
2019-09-10 07:04:03,533 [SCMBlockDeletingService#1] DEBUG block.SCMBlockDeletingService (SCMBlockDeletingService.java:call(138)) - Running DeletedBlockTransactionScanner
2019-09-10 07:04:03,534 [SCMBlockDeletingService#1] DEBUG block.SCMBlockDeletingService (SCMBlockDeletingService.java:call(155)) - Scanned deleted blocks log and got 0 delTX to process.
2019-09-10 07:04:03,634 [SCMBlockDeletingService#1] DEBUG block.SCMBlockDeletingService (SCMBlockDeletingService.java:call(138)) - Running DeletedBlockTransactionScanner
2019-09-10 07:04:03,634 [SCMBlockDeletingService#1] DEBUG block.SCMBlockDeletingService (SCMBlockDeletingService.java:call(155)) - Scanned deleted blocks log and got 0 delTX to process.
2019-09-10 07:04:03,735 [SCMBlockDeletingService#1] DEBUG block.SCMBlockDeletingService (SCMBlockDeletingService.java:call(138)) - Running DeletedBlockTransactionScanner
2019-09-10 07:04:03,735 [SCMBlockDeletingService#1] DEBUG block.SCMBlockDeletingService (SCMBlockDeletingService.java:call(155)) - Scanned deleted blocks log and got 0 delTX to process.
2019-09-10 07:04:03,835 [SCMBlockDeletingService#1] DEBUG block.SCMBlockDeletingService (SCMBlockDeletingService.java:call(138)) - Running DeletedBlockTransactionScanner
2019-09-10 07:04:03,836 [SCMBlockDeletingService#1] DEBUG block.SCMBlockDeletingService (SCMBlockDeletingService.java:call(155)) - Scanned deleted blocks log and got 0 delTX to process.
2019-09-10 07:04:03,936 [SCMBlockDeletingService#1] DEBUG block.SCMBlockDeletingService (SCMBlockDeletingService.java:call(138)) - Running DeletedBlockTransactionScanner
2019-09-10 07:04:03,936 [SCMBlockDeletingService#1] DEBUG block.SCMBlockDeletingService (SCMBlockDeletingService.java:call(155)) - Scanned deleted blocks log and got 0 delTX to process.
2019-09-10 07:04:04,037 [SCMBlockDeletingService#1] DEBUG block.SCMBlockDeletingService (SCMBlockDeletingService.java:call(138)) - Running DeletedBlockTransactionScanner
2019-09-10 07:04:04,037 [SCMBlockDeletingService#1] DEBUG block.SCMBlockDeletingService (SCMBlockDeletingService.java:call(155)) - Scanned deleted blocks log and got 0 delTX to process.
2019-09-10 07:04:04,138 [SCMBlockDeletingService#1] DEBUG block.SCMBlockDeletingService (SCMBlockDeletingService.java:call(138)) - Running DeletedBlockTransactionScanner
2019-09-10 07:04:04,138 [SCMBlockDeletingService#1] DEBUG block.SCMBlockDeletingService (SCMBlockDeletingService.java:call(155)) - Scanned deleted blocks log and got 0 delTX to process.
2019-09-10 07:04:04,239 [SCMBlockDeletingService#1] DEBUG block.SCMBlockDeletingService (SCMBlockDeletingService.java:call(138)) - Running DeletedBlockTransactionScanner
2019-09-10 07:04:04,239 [SCMBlockDeletingService#1] DEBUG block.SCMBlockDeletingService (SCMBlockDeletingService.java:call(155)) - Scanned deleted blocks log and got 0 delTX to process.
2019-09-10 07:04:04,339 [SCMBlockDeletingService#1] DEBUG block.SCMBlockDeletingService (SCMBlockDeletingService.java:call(138)) - Running DeletedBlockTransactionScanner
2019-09-10 07:04:04,340 [SCMBlockDeletingService#1] DEBUG block.SCMBlockDeletingService (SCMBlockDeletingService.java:call(155)) - Scanned deleted blocks log and got 0 delTX to process.
2019-09-10 07:04:04,440 [SCMBlockDeletingService#1] DEBUG block.SCMBlockDeletingService (SCMBlockDeletingService.java:call(138)) - Running DeletedBlockTransactionScanner
2019-09-10 07:04:04,440 [SCMBlockDeletingService#1] DEBUG block.SCMBlockDeletingService (SCMBlockDeletingService.java:call(155)) - Scanned deleted blocks log and got 0 delTX to process.
2019-09-10 07:04:04,541 [SCMBlockDeletingService#1] DEBUG block.SCMBlockDeletingService (SCMBlockDeletingService.java:call(138)) - Running DeletedBlockTransactionScanner
2019-09-10 07:04:04,541 [SCMBlockDeletingService#1] DEBUG block.SCMBlockDeletingService (SCMBlockDeletingService.java:call(155)) - Scanned deleted blocks log and got 0 delTX to process.
2019-09-10 07:04:04,642 [SCMBlockDeletingService#1] DEBUG block.SCMBlockDeletingService (SCMBlockDeletingService.java:call(138)) - Running DeletedBlockTransactionScanner
2019-09-10 07:04:04,642 [SCMBlockDeletingService#1] DEBUG block.SCMBlockDeletingService (SCMBlockDeletingService.java:call(155)) - Scanned deleted blocks log and got 0 delTX to process.
2019-09-10 07:04:04,742 [SCMBlockDeletingService#1] DEBUG block.SCMBlockDeletingService (SCMBlockDeletingService.java:call(138)) - Running DeletedBlockTransactionScanner
2019-09-10 07:04:04,743 [SCMBlockDeletingService#1] DEBUG block.SCMBlockDeletingService (SCMBlockDeletingService.java:call(155)) - Scanned deleted blocks log and got 0 delTX to process.
2019-09-10 07:04:04,843 [SCMBlockDeletingService#1] DEBUG block.SCMBlockDeletingService (SCMBlockDeletingService.java:call(138)) - Running DeletedBlockTransactionScanner
2019-09-10 07:04:04,843 [SCMBlockDeletingService#1] DEBUG block.SCMBlockDeletingService (SCMBlockDeletingService.java:call(155)) - Scanned deleted blocks log and got 0 delTX to process.
2019-09-10 07:04:04,944 [SCMBlockDeletingService#1] DEBUG block.SCMBlockDeletingService (SCMBlockDeletingService.java:call(138)) - Running DeletedBlockTransactionScanner
2019-09-10 07:04:04,944 [SCMBlockDeletingService#1] DEBUG block.SCMBlockDeletingService (SCMBlockDeletingService.java:call(155)) - Scanned deleted blocks log and got 0 delTX to process.
2019-09-10 07:04:05,044 [SCMBlockDeletingService#1] DEBUG block.SCMBlockDeletingService (SCMBlockDeletingService.java:call(138)) - Running DeletedBlockTransactionScanner
2019-09-10 07:04:05,045 [SCMBlockDeletingService#1] DEBUG block.SCMBlockDeletingService (SCMBlockDeletingService.java:call(155)) - Scanned deleted blocks log and got 0 delTX to process.
2019-09-10 07:04:05,145 [SCMBlockDeletingService#1] DEBUG block.SCMBlockDeletingService (SCMBlockDeletingService.java:call(138)) - Running DeletedBlockTransactionScanner
2019-09-10 07:04:05,145 [SCMBlockDeletingService#1] DEBUG block.SCMBlockDeletingService (SCMBlockDeletingService.java:call(155)) - Scanned deleted blocks log and got 0 delTX to process.
2019-09-10 07:04:05,246 [SCMBlockDeletingService#1] DEBUG block.SCMBlockDeletingService (SCMBlockDeletingService.java:call(138)) - Running DeletedBlockTransactionScanner
2019-09-10 07:04:05,247 [SCMBlockDeletingService#1] DEBUG block.SCMBlockDeletingService (SCMBlockDeletingService.java:call(155)) - Scanned deleted blocks log and got 0 delTX to process.
2019-09-10 07:04:05,348 [SCMBlockDeletingService#0] DEBUG block.SCMBlockDeletingService (SCMBlockDeletingService.java:call(138)) - Running DeletedBlockTransactionScanner
2019-09-10 07:04:05,348 [SCMBlockDeletingService#0] DEBUG block.SCMBlockDeletingService (SCMBlockDeletingService.java:call(155)) - Scanned deleted blocks log and got 0 delTX to process.
2019-09-10 07:04:05,448 [SCMBlockDeletingService#0] DEBUG block.SCMBlockDeletingService (SCMBlockDeletingService.java:call(138)) - Running DeletedBlockTransactionScanner
2019-09-10 07:04:05,448 [SCMBlockDeletingService#0] DEBUG block.SCMBlockDeletingService (SCMBlockDeletingService.java:call(155)) - Scanned deleted blocks log and got 0 delTX to process.
2019-09-10 07:04:05,549 [SCMBlockDeletingService#0] DEBUG block.SCMBlockDeletingService (SCMBlockDeletingService.java:call(138)) - Running DeletedBlockTransactionScanner
2019-09-10 07:04:05,549 [SCMBlockDeletingService#0] DEBUG block.SCMBlockDeletingService (SCMBlockDeletingService.java:call(155)) - Scanned deleted blocks log and got 0 delTX to process.
2019-09-10 07:04:05,649 [SCMBlockDeletingService#0] DEBUG block.SCMBlockDeletingService (SCMBlockDeletingService.java:call(138)) - Running DeletedBlockTransactionScanner
2019-09-10 07:04:05,650 [SCMBlockDeletingService#0] DEBUG block.SCMBlockDeletingService (SCMBlockDeletingService.java:call(155)) - Scanned deleted blocks log and got 0 delTX to process.
2019-09-10 07:04:05,750 [SCMBlockDeletingService#0] DEBUG block.SCMBlockDeletingService (SCMBlockDeletingService.java:call(138)) - Running DeletedBlockTransactionScanner
2019-09-10 07:04:05,751 [SCMBlockDeletingService#0] DEBUG block.SCMBlockDeletingService (SCMBlockDeletingService.java:call(155)) - Scanned deleted blocks log and got 0 delTX to process.
2019-09-10 07:04:05,851 [SCMBlockDeletingService#0] DEBUG block.SCMBlockDeletingService (SCMBlockDeletingService.java:call(138)) - Running DeletedBlockTransactionScanner
2019-09-10 07:04:05,851 [SCMBlockDeletingService#0] DEBUG block.SCMBlockDeletingService (SCMBlockDeletingService.java:call(155)) - Scanned deleted blocks log and got 0 delTX to process.
2019-09-10 07:04:05,952 [SCMBlockDeletingService#0] DEBUG block.SCMBlockDeletingService (SCMBlockDeletingService.java:call(138)) - Running DeletedBlockTransactionScanner
2019-09-10 07:04:05,952 [SCMBlockDeletingService#0] DEBUG block.SCMBlockDeletingService (SCMBlockDeletingService.java:call(155)) - Scanned deleted blocks log and got 0 delTX to process.
2019-09-10 07:04:06,052 [SCMBlockDeletingService#0] DEBUG block.SCMBlockDeletingService (SCMBlockDeletingService.java:call(138)) - Running DeletedBlockTransactionScanner
2019-09-10 07:04:06,053 [SCMBlockDeletingService#0] DEBUG block.SCMBlockDeletingService (SCMBlockDeletingService.java:call(155)) - Scanned deleted blocks log and got 0 delTX to process.
2019-09-10 07:04:06,153 [SCMBlockDeletingService#0] DEBUG block.SCMBlockDeletingService (SCMBlockDeletingService.java:call(138)) - Running DeletedBlockTransactionScanner
2019-09-10 07:04:06,154 [SCMBlockDeletingService#0] DEBUG block.SCMBlockDeletingService (SCMBlockDeletingService.java:call(155)) - Scanned deleted blocks log and got 0 delTX to process.
2019-09-10 07:04:06,254 [SCMBlockDeletingService#1] DEBUG block.SCMBlockDeletingService (SCMBlockDeletingService.java:call(138)) - Running DeletedBlockTransactionScanner
2019-09-10 07:04:06,255 [SCMBlockDeletingService#1] DEBUG block.SCMBlockDeletingService (SCMBlockDeletingService.java:call(155)) - Scanned deleted blocks log and got 0 delTX to process.
2019-09-10 07:04:06,355 [SCMBlockDeletingService#1] DEBUG block.SCMBlockDeletingService (SCMBlockDeletingService.java:call(138)) - Running DeletedBlockTransactionScanner
2019-09-10 07:04:06,355 [SCMBlockDeletingService#1] DEBUG block.SCMBlockDeletingService (SCMBlockDeletingService.java:call(155)) - Scanned deleted blocks log and got 0 delTX to process.
2019-09-10 07:04:06,455 [SCMBlockDeletingService#0] DEBUG block.SCMBlockDeletingService (SCMBlockDeletingService.java:call(138)) - Running DeletedBlockTransactionScanner
2019-09-10 07:04:06,456 [SCMBlockDeletingService#0] DEBUG block.SCMBlockDeletingService (SCMBlockDeletingService.java:call(155)) - Scanned deleted blocks log and got 0 delTX to process.
2019-09-10 07:04:06,556 [SCMBlockDeletingService#0] DEBUG block.SCMBlockDeletingService (SCMBlockDeletingService.java:call(138)) - Running DeletedBlockTransactionScanner
2019-09-10 07:04:06,556 [SCMBlockDeletingService#0] DEBUG block.SCMBlockDeletingService (SCMBlockDeletingService.java:call(155)) - Scanned deleted blocks log and got 0 delTX to process.
2019-09-10 07:04:06,657 [SCMBlockDeletingService#0] DEBUG block.SCMBlockDeletingService (SCMBlockDeletingService.java:call(138)) - Running DeletedBlockTransactionScanner
2019-09-10 07:04:06,657 [SCMBlockDeletingService#0] DEBUG block.SCMBlockDeletingService (SCMBlockDeletingService.java:call(155)) - Scanned deleted blocks log and got 0 delTX to process.
2019-09-10 07:04:06,757 [SCMBlockDeletingService#0] DEBUG block.SCMBlockDeletingService (SCMBlockDeletingService.java:call(138)) - Running DeletedBlockTransactionScanner
2019-09-10 07:04:06,758 [SCMBlockDeletingService#0] DEBUG block.SCMBlockDeletingService (SCMBlockDeletingService.java:call(155)) - Scanned deleted blocks log and got 0 delTX to process.
2019-09-10 07:04:06,858 [SCMBlockDeletingService#0] DEBUG block.SCMBlockDeletingService (SCMBlockDeletingService.java:call(138)) - Running DeletedBlockTransactionScanner
2019-09-10 07:04:06,858 [SCMBlockDeletingService#0] DEBUG block.SCMBlockDeletingService (SCMBlockDeletingService.java:call(155)) - Scanned deleted blocks log and got 0 delTX to process.
2019-09-10 07:04:06,959 [SCMBlockDeletingService#0] DEBUG block.SCMBlockDeletingService (SCMBlockDeletingService.java:call(138)) - Running DeletedBlockTransactionScanner
2019-09-10 07:04:06,960 [SCMBlockDeletingService#0] DEBUG block.SCMBlockDeletingService (SCMBlockDeletingService.java:call(155)) - Scanned deleted blocks log and got 0 delTX to process.
2019-09-10 07:04:07,060 [SCMBlockDeletingService#0] DEBUG block.SCMBlockDeletingService (SCMBlockDeletingService.java:call(138)) - Running DeletedBlockTransactionScanner
2019-09-10 07:04:07,061 [SCMBlockDeletingService#0] DEBUG block.SCMBlockDeletingService (SCMBlockDeletingService.java:call(155)) - Scanned deleted blocks log and got 0 delTX to process.
2019-09-10 07:04:07,161 [SCMBlockDeletingService#0] DEBUG block.SCMBlockDeletingService (SCMBlockDeletingService.java:call(138)) - Running DeletedBlockTransactionScanner
2019-09-10 07:04:07,162 [SCMBlockDeletingService#0] DEBUG block.SCMBlockDeletingService (SCMBlockDeletingService.java:call(155)) - Scanned deleted blocks log and got 0 delTX to process.
2019-09-10 07:04:07,262 [SCMBlockDeletingService#0] DEBUG block.SCMBlockDeletingService (SCMBlockDeletingService.java:call(138)) - Running DeletedBlockTransactionScanner
2019-09-10 07:04:07,262 [SCMBlockDeletingService#0] DEBUG block.SCMBlockDeletingService (SCMBlockDeletingService.java:call(155)) - Scanned deleted blocks log and got 0 delTX to process.
2019-09-10 07:04:07,363 [SCMBlockDeletingService#0] DEBUG block.SCMBlockDeletingService (SCMBlockDeletingService.java:call(138)) - Running DeletedBlockTransactionScanner
2019-09-10 07:04:07,363 [SCMBlockDeletingService#0] DEBUG block.SCMBlockDeletingService (SCMBlockDeletingService.java:call(155)) - Scanned deleted blocks log and got 0 delTX to process.
2019-09-10 07:04:07,463 [SCMBlockDeletingService#1] DEBUG block.SCMBlockDeletingService (SCMBlockDeletingService.java:call(138)) - Running DeletedBlockTransactionScanner
2019-09-10 07:04:07,464 [SCMBlockDeletingService#1] DEBUG block.SCMBlockDeletingService (SCMBlockDeletingService.java:call(155)) - Scanned deleted blocks log and got 0 delTX to process.
2019-09-10 07:04:07,564 [SCMBlockDeletingService#1] DEBUG block.SCMBlockDeletingService (SCMBlockDeletingService.java:call(138)) - Running DeletedBlockTransactionScanner
2019-09-10 07:04:07,564 [SCMBlockDeletingService#1] DEBUG block.SCMBlockDeletingService (SCMBlockDeletingService.java:call(155)) - Scanned deleted blocks log and got 0 delTX to process.
2019-09-10 07:04:07,665 [SCMBlockDeletingService#1] DEBUG block.SCMBlockDeletingService (SCMBlockDeletingService.java:call(138)) - Running DeletedBlockTransactionScanner
2019-09-10 07:04:07,665 [SCMBlockDeletingService#1] DEBUG block.SCMBlockDeletingService (SCMBlockDeletingService.java:call(155)) - Scanned deleted blocks log and got 0 delTX to process.
2019-09-10 07:04:07,765 [SCMBlockDeletingService#0] DEBUG block.SCMBlockDeletingService (SCMBlockDeletingService.java:call(138)) - Running DeletedBlockTransactionScanner
2019-09-10 07:04:07,766 [SCMBlockDeletingService#0] DEBUG block.SCMBlockDeletingService (SCMBlockDeletingService.java:call(155)) - Scanned deleted blocks log and got 0 delTX to process.
2019-09-10 07:04:07,866 [SCMBlockDeletingService#0] DEBUG block.SCMBlockDeletingService (SCMBlockDeletingService.java:call(138)) - Running DeletedBlockTransactionScanner
2019-09-10 07:04:07,866 [SCMBlockDeletingService#0] DEBUG block.SCMBlockDeletingService (SCMBlockDeletingService.java:call(155)) - Scanned deleted blocks log and got 0 delTX to process.
2019-09-10 07:04:07,967 [SCMBlockDeletingService#0] DEBUG block.SCMBlockDeletingService (SCMBlockDeletingService.java:call(138)) - Running DeletedBlockTransactionScanner
2019-09-10 07:04:07,967 [SCMBlockDeletingService#0] DEBUG block.SCMBlockDeletingService (SCMBlockDeletingService.java:call(155)) - Scanned deleted blocks log and got 0 delTX to process.
2019-09-10 07:04:08,067 [SCMBlockDeletingService#0] DEBUG block.SCMBlockDeletingService (SCMBlockDeletingService.java:call(138)) - Running DeletedBlockTransactionScanner
2019-09-10 07:04:08,068 [SCMBlockDeletingService#0] DEBUG block.SCMBlockDeletingService (SCMBlockDeletingService.java:call(155)) - Scanned deleted blocks log and got 0 delTX to process.
2019-09-10 07:04:08,168 [SCMBlockDeletingService#0] DEBUG block.SCMBlockDeletingService (SCMBlockDeletingService.java:call(138)) - Running DeletedBlockTransactionScanner
2019-09-10 07:04:08,168 [SCMBlockDeletingService#0] DEBUG block.SCMBlockDeletingService (SCMBlockDeletingService.java:call(155)) - Scanned deleted blocks log and got 0 delTX to process.
2019-09-10 07:04:08,268 [SCMBlockDeletingService#0] DEBUG block.SCMBlockDeletingService (SCMBlockDeletingService.java:call(138)) - Running DeletedBlockTransactionScanner
2019-09-10 07:04:08,269 [SCMBlockDeletingService#0] DEBUG block.SCMBlockDeletingService (SCMBlockDeletingService.java:call(155)) - Scanned deleted blocks log and got 0 delTX to process.
2019-09-10 07:04:08,369 [SCMBlockDeletingService#0] DEBUG block.SCMBlockDeletingService (SCMBlockDeletingService.java:call(138)) - Running DeletedBlockTransactionScanner
2019-09-10 07:04:08,369 [SCMBlockDeletingService#0] DEBUG block.SCMBlockDeletingService (SCMBlockDeletingService.java:call(155)) - Scanned deleted blocks log and got 0 delTX to process.
2019-09-10 07:04:08,469 [SCMBlockDeletingService#0] DEBUG block.SCMBlockDeletingService (SCMBlockDeletingService.java:call(138)) - Running DeletedBlockTransactionScanner
2019-09-10 07:04:08,469 [SCMBlockDeletingService#0] DEBUG block.SCMBlockDeletingService (SCMBlockDeletingService.java:call(155)) - Scanned deleted blocks log and got 0 delTX to process.
2019-09-10 07:04:08,570 [SCMBlockDeletingService#0] DEBUG block.SCMBlockDeletingService (SCMBlockDeletingService.java:call(138)) - Running DeletedBlockTransactionScanner
2019-09-10 07:04:08,570 [SCMBlockDeletingService#0] DEBUG block.SCMBlockDeletingService (SCMBlockDeletingService.java:call(155)) - Scanned deleted blocks log and got 0 delTX to process.
2019-09-10 07:04:08,670 [SCMBlockDeletingService#0] DEBUG block.SCMBlockDeletingService (SCMBlockDeletingService.java:call(138)) - Running DeletedBlockTransactionScanner
2019-09-10 07:04:08,671 [SCMBlockDeletingService#0] DEBUG block.SCMBlockDeletingService (SCMBlockDeletingService.java:call(155)) - Scanned deleted blocks log and got 0 delTX to process.
2019-09-10 07:04:08,771 [SCMBlockDeletingService#1] DEBUG block.SCMBlockDeletingService (SCMBlockDeletingService.java:call(138)) - Running DeletedBlockTransactionScanner
2019-09-10 07:04:08,771 [SCMBlockDeletingService#1] DEBUG block.SCMBlockDeletingService (SCMBlockDeletingService.java:call(155)) - Scanned deleted blocks log and got 0 delTX to process.
2019-09-10 07:04:08,871 [SCMBlockDeletingService#1] DEBUG block.SCMBlockDeletingService (SCMBlockDeletingService.java:call(138)) - Running DeletedBlockTransactionScanner
2019-09-10 07:04:08,871 [SCMBlockDeletingService#1] DEBUG block.SCMBlockDeletingService (SCMBlockDeletingService.java:call(155)) - Scanned deleted blocks log and got 0 delTX to process.
2019-09-10 07:04:08,972 [SCMBlockDeletingService#1] DEBUG block.SCMBlockDeletingService (SCMBlockDeletingService.java:call(138)) - Running DeletedBlockTransactionScanner
2019-09-10 07:04:08,972 [SCMBlockDeletingService#1] DEBUG block.SCMBlockDeletingService (SCMBlockDeletingService.java:call(155)) - Scanned deleted blocks log and got 0 delTX to process.
2019-09-10 07:04:09,072 [SCMBlockDeletingService#1] DEBUG block.SCMBlockDeletingService (SCMBlockDeletingService.java:call(138)) - Running DeletedBlockTransactionScanner
2019-09-10 07:04:09,073 [SCMBlockDeletingService#1] DEBUG block.SCMBlockDeletingService (SCMBlockDeletingService.java:call(155)) - Scanned deleted blocks log and got 0 delTX to process.
2019-09-10 07:04:09,173 [SCMBlockDeletingService#1] DEBUG block.SCMBlockDeletingService (SCMBlockDeletingService.java:call(138)) - Running DeletedBlockTransactionScanner
2019-09-10 07:04:09,173 [SCMBlockDeletingService#1] DEBUG block.SCMBlockDeletingService (SCMBlockDeletingService.java:call(155)) - Scanned deleted blocks log and got 0 delTX to process.
2019-09-10 07:04:09,274 [SCMBlockDeletingService#1] DEBUG block.SCMBlockDeletingService (SCMBlockDeletingService.java:call(138)) - Running DeletedBlockTransactionScanner
2019-09-10 07:04:09,274 [SCMBlockDeletingService#1] DEBUG block.SCMBlockDeletingService (SCMBlockDeletingService.java:call(155)) - Scanned deleted blocks log and got 0 delTX to process.
2019-09-10 07:04:09,374 [SCMBlockDeletingService#1] DEBUG block.SCMBlockDeletingService (SCMBlockDeletingService.java:call(138)) - Running DeletedBlockTransactionScanner
2019-09-10 07:04:09,375 [SCMBlockDeletingService#1] DEBUG block.SCMBlockDeletingService (SCMBlockDeletingService.java:call(155)) - Scanned deleted blocks log and got 0 delTX to process.
2019-09-10 07:04:09,475 [SCMBlockDeletingService#1] DEBUG block.SCMBlockDeletingService (SCMBlockDeletingService.java:call(138)) - Running DeletedBlockTransactionScanner
2019-09-10 07:04:09,475 [SCMBlockDeletingService#1] DEBUG block.SCMBlockDeletingService (SCMBlockDeletingService.java:call(155)) - Scanned deleted blocks log and got 0 delTX to process.
2019-09-10 07:04:09,575 [SCMBlockDeletingService#1] DEBUG block.SCMBlockDeletingService (SCMBlockDeletingService.java:call(138)) - Running DeletedBlockTransactionScanner
2019-09-10 07:04:09,575 [SCMBlockDeletingService#1] DEBUG block.SCMBlockDeletingService (SCMBlockDeletingService.java:call(155)) - Scanned deleted blocks log and got 0 delTX to process.
2019-09-10 07:04:09,676 [SCMBlockDeletingService#0] DEBUG block.SCMBlockDeletingService (SCMBlockDeletingService.java:call(138)) - Running DeletedBlockTransactionScanner
2019-09-10 07:04:09,676 [SCMBlockDeletingService#0] DEBUG block.SCMBlockDeletingService (SCMBlockDeletingService.java:call(155)) - Scanned deleted blocks log and got 0 delTX to process.
2019-09-10 07:04:09,776 [SCMBlockDeletingService#0] DEBUG block.SCMBlockDeletingService (SCMBlockDeletingService.java:call(138)) - Running DeletedBlockTransactionScanner
2019-09-10 07:04:09,777 [SCMBlockDeletingService#0] DEBUG block.SCMBlockDeletingService (SCMBlockDeletingService.java:call(155)) - Scanned deleted blocks log and got 0 delTX to process.
2019-09-10 07:04:09,877 [SCMBlockDeletingService#1] DEBUG block.SCMBlockDeletingService (SCMBlockDeletingService.java:call(138)) - Running DeletedBlockTransactionScanner
2019-09-10 07:04:09,877 [SCMBlockDeletingService#1] DEBUG block.SCMBlockDeletingService (SCMBlockDeletingService.java:call(155)) - Scanned deleted blocks log and got 0 delTX to process.
2019-09-10 07:04:09,978 [SCMBlockDeletingService#1] DEBUG block.SCMBlockDeletingService (SCMBlockDeletingService.java:call(138)) - Running DeletedBlockTransactionScanner
2019-09-10 07:04:09,978 [SCMBlockDeletingService#1] DEBUG block.SCMBlockDeletingService (SCMBlockDeletingService.java:call(155)) - Scanned deleted blocks log and got 0 delTX to process.
2019-09-10 07:04:10,078 [SCMBlockDeletingService#1] DEBUG block.SCMBlockDeletingService (SCMBlockDeletingService.java:call(138)) - Running DeletedBlockTransactionScanner
2019-09-10 07:04:10,079 [SCMBlockDeletingService#1] DEBUG block.SCMBlockDeletingService (SCMBlockDeletingService.java:call(155)) - Scanned deleted blocks log and got 0 delTX to process.
2019-09-10 07:04:10,179 [SCMBlockDeletingService#1] DEBUG block.SCMBlockDeletingService (SCMBlockDeletingService.java:call(138)) - Running DeletedBlockTransactionScanner
2019-09-10 07:04:10,179 [SCMBlockDeletingService#1] DEBUG block.SCMBlockDeletingService (SCMBlockDeletingService.java:call(155)) - Scanned deleted blocks log and got 0 delTX to process.
2019-09-10 07:04:10,280 [SCMBlockDeletingService#0] DEBUG block.SCMBlockDeletingService (SCMBlockDeletingService.java:call(138)) - Running DeletedBlockTransactionScanner
2019-09-10 07:04:10,280 [SCMBlockDeletingService#0] DEBUG block.SCMBlockDeletingService (SCMBlockDeletingService.java:call(155)) - Scanned deleted blocks log and got 0 delTX to process.
2019-09-10 07:04:10,380 [SCMBlockDeletingService#0] DEBUG block.SCMBlockDeletingService (SCMBlockDeletingService.java:call(138)) - Running DeletedBlockTransactionScanner
2019-09-10 07:04:10,381 [SCMBlockDeletingService#0] DEBUG block.SCMBlockDeletingService (SCMBlockDeletingService.java:call(155)) - Scanned deleted blocks log and got 0 delTX to process.
2019-09-10 07:04:10,481 [SCMBlockDeletingService#0] DEBUG block.SCMBlockDeletingService (SCMBlockDeletingService.java:call(138)) - Running DeletedBlockTransactionScanner
2019-09-10 07:04:10,481 [SCMBlockDeletingService#0] DEBUG block.SCMBlockDeletingService (SCMBlockDeletingService.java:call(155)) - Scanned deleted blocks log and got 0 delTX to process.
2019-09-10 07:04:10,582 [SCMBlockDeletingService#0] DEBUG block.SCMBlockDeletingService (SCMBlockDeletingService.java:call(138)) - Running DeletedBlockTransactionScanner
2019-09-10 07:04:10,582 [SCMBlockDeletingService#0] DEBUG block.SCMBlockDeletingService (SCMBlockDeletingService.java:call(155)) - Scanned deleted blocks log and got 0 delTX to process.
2019-09-10 07:04:10,682 [SCMBlockDeletingService#0] DEBUG block.SCMBlockDeletingService (SCMBlockDeletingService.java:call(138)) - Running DeletedBlockTransactionScanner
2019-09-10 07:04:10,682 [SCMBlockDeletingService#0] DEBUG block.SCMBlockDeletingService (SCMBlockDeletingService.java:call(155)) - Scanned deleted blocks log and got 0 delTX to process.
2019-09-10 07:04:10,783 [SCMBlockDeletingService#0] DEBUG block.SCMBlockDeletingService (SCMBlockDeletingService.java:call(138)) - Running DeletedBlockTransactionScanner
2019-09-10 07:04:10,783 [SCMBlockDeletingService#0] DEBUG block.SCMBlockDeletingService (SCMBlockDeletingService.java:call(155)) - Scanned deleted blocks log and got 0 delTX to process.
2019-09-10 07:04:10,883 [SCMBlockDeletingService#0] DEBUG block.SCMBlockDeletingService (SCMBlockDeletingService.java:call(138)) - Running DeletedBlockTransactionScanner
2019-09-10 07:04:10,883 [SCMBlockDeletingService#0] DEBUG block.SCMBlockDeletingService (SCMBlockDeletingService.java:call(155)) - Scanned deleted blocks log and got 0 delTX to process.
2019-09-10 07:04:10,984 [SCMBlockDeletingService#0] DEBUG block.SCMBlockDeletingService (SCMBlockDeletingService.java:call(138)) - Running DeletedBlockTransactionScanner
2019-09-10 07:04:10,984 [SCMBlockDeletingService#0] DEBUG block.SCMBlockDeletingService (SCMBlockDeletingService.java:call(155)) - Scanned deleted blocks log and got 0 delTX to process.
2019-09-10 07:04:11,084 [SCMBlockDeletingService#0] DEBUG block.SCMBlockDeletingService (SCMBlockDeletingService.java:call(138)) - Running DeletedBlockTransactionScanner
2019-09-10 07:04:11,085 [SCMBlockDeletingService#0] DEBUG block.SCMBlockDeletingService (SCMBlockDeletingService.java:call(155)) - Scanned deleted blocks log and got 0 delTX to process.
2019-09-10 07:04:11,185 [SCMBlockDeletingService#0] DEBUG block.SCMBlockDeletingService (SCMBlockDeletingService.java:call(138)) - Running DeletedBlockTransactionScanner
2019-09-10 07:04:11,186 [SCMBlockDeletingService#0] DEBUG block.SCMBlockDeletingService (SCMBlockDeletingService.java:call(155)) - Scanned deleted blocks log and got 0 delTX to process.
2019-09-10 07:04:11,286 [SCMBlockDeletingService#0] DEBUG block.SCMBlockDeletingService (SCMBlockDeletingService.java:call(138)) - Running DeletedBlockTransactionScanner
2019-09-10 07:04:11,286 [SCMBlockDeletingService#0] DEBUG block.SCMBlockDeletingService (SCMBlockDeletingService.java:call(155)) - Scanned deleted blocks log and got 0 delTX to process.
2019-09-10 07:04:11,387 [SCMBlockDeletingService#0] DEBUG block.SCMBlockDeletingService (SCMBlockDeletingService.java:call(138)) - Running DeletedBlockTransactionScanner
2019-09-10 07:04:11,387 [SCMBlockDeletingService#0] DEBUG block.SCMBlockDeletingService (SCMBlockDeletingService.java:call(155)) - Scanned deleted blocks log and got 0 delTX to process.
2019-09-10 07:04:11,488 [SCMBlockDeletingService#0] DEBUG block.SCMBlockDeletingService (SCMBlockDeletingService.java:call(138)) - Running DeletedBlockTransactionScanner
2019-09-10 07:04:11,488 [SCMBlockDeletingService#0] DEBUG block.SCMBlockDeletingService (SCMBlockDeletingService.java:call(155)) - Scanned deleted blocks log and got 0 delTX to process.
2019-09-10 07:04:11,588 [SCMBlockDeletingService#0] DEBUG block.SCMBlockDeletingService (SCMBlockDeletingService.java:call(138)) - Running DeletedBlockTransactionScanner
2019-09-10 07:04:11,589 [SCMBlockDeletingService#0] DEBUG block.SCMBlockDeletingService (SCMBlockDeletingService.java:call(155)) - Scanned deleted blocks log and got 0 delTX to process.
2019-09-10 07:04:11,689 [SCMBlockDeletingService#1] DEBUG block.SCMBlockDeletingService (SCMBlockDeletingService.java:call(138)) - Running DeletedBlockTransactionScanner
2019-09-10 07:04:11,689 [SCMBlockDeletingService#1] DEBUG block.SCMBlockDeletingService (SCMBlockDeletingService.java:call(155)) - Scanned deleted blocks log and got 0 delTX to process.
2019-09-10 07:04:11,790 [SCMBlockDeletingService#1] DEBUG block.SCMBlockDeletingService (SCMBlockDeletingService.java:call(138)) - Running DeletedBlockTransactionScanner
2019-09-10 07:04:11,790 [SCMBlockDeletingService#1] DEBUG block.SCMBlockDeletingService (SCMBlockDeletingService.java:call(155)) - Scanned deleted blocks log and got 0 delTX to process.
2019-09-10 07:04:11,890 [SCMBlockDeletingService#1] DEBUG block.SCMBlockDeletingService (SCMBlockDeletingService.java:call(138)) - Running DeletedBlockTransactionScanner
2019-09-10 07:04:11,891 [SCMBlockDeletingService#1] DEBUG block.SCMBlockDeletingService (SCMBlockDeletingService.java:call(155)) - Scanned deleted blocks log and got 0 delTX to process.
2019-09-10 07:04:11,991 [SCMBlockDeletingService#1] DEBUG block.SCMBlockDeletingService (SCMBlockDeletingService.java:call(138)) - Running DeletedBlockTransactionScanner
2019-09-10 07:04:11,991 [SCMBlockDeletingService#1] DEBUG block.SCMBlockDeletingService (SCMBlockDeletingService.java:call(155)) - Scanned deleted blocks log and got 0 delTX to process.
2019-09-10 07:04:12,066 [05f13708-5e6e-4ea1-a525-a3c8f7f54426@group-34B10843FE54-SegmentedRaftLogWorker] WARN  segmented.SegmentedRaftLogWorker (SegmentedRaftLogWorker.java:getFromFuture(90)) - Timeout 5/~
org.apache.ratis.protocol.TimeoutIOException: Timeout 10s: WriteLog:16: (t:1, i:16), STATEMACHINELOGENTRY, client-7F424F215E90, cid=11-writeStateMachineData
	at org.apache.ratis.util.IOUtils.getFromFuture(IOUtils.java:87)
	at org.apache.ratis.server.raftlog.segmented.SegmentedRaftLogWorker$StateMachineDataPolicy.getFromFuture(SegmentedRaftLogWorker.java:87)
	at org.apache.ratis.server.raftlog.segmented.SegmentedRaftLogWorker$WriteLog.execute(SegmentedRaftLogWorker.java:477)
	at org.apache.ratis.server.raftlog.segmented.SegmentedRaftLogWorker.run(SegmentedRaftLogWorker.java:289)
	at java.lang.Thread.run(Thread.java:748)
Caused by: java.util.concurrent.TimeoutException
	at java.util.concurrent.CompletableFuture.timedGet(CompletableFuture.java:1771)
	at java.util.concurrent.CompletableFuture.get(CompletableFuture.java:1915)
	at org.apache.ratis.util.IOUtils.getFromFuture(IOUtils.java:79)
	... 4 more
2019-09-10 07:04:12,092 [SCMBlockDeletingService#1] DEBUG block.SCMBlockDeletingService (SCMBlockDeletingService.java:call(138)) - Running DeletedBlockTransactionScanner
2019-09-10 07:04:12,092 [SCMBlockDeletingService#1] DEBUG block.SCMBlockDeletingService (SCMBlockDeletingService.java:call(155)) - Scanned deleted blocks log and got 0 delTX to process.
2019-09-10 07:04:12,192 [SCMBlockDeletingService#1] DEBUG block.SCMBlockDeletingService (SCMBlockDeletingService.java:call(138)) - Running DeletedBlockTransactionScanner
2019-09-10 07:04:12,193 [SCMBlockDeletingService#1] DEBUG block.SCMBlockDeletingService (SCMBlockDeletingService.java:call(155)) - Scanned deleted blocks log and got 0 delTX to process.
2019-09-10 07:04:12,293 [SCMBlockDeletingService#0] DEBUG block.SCMBlockDeletingService (SCMBlockDeletingService.java:call(138)) - Running DeletedBlockTransactionScanner
2019-09-10 07:04:12,293 [SCMBlockDeletingService#0] DEBUG block.SCMBlockDeletingService (SCMBlockDeletingService.java:call(155)) - Scanned deleted blocks log and got 0 delTX to process.
2019-09-10 07:04:12,394 [SCMBlockDeletingService#0] DEBUG block.SCMBlockDeletingService (SCMBlockDeletingService.java:call(138)) - Running DeletedBlockTransactionScanner
2019-09-10 07:04:12,394 [SCMBlockDeletingService#0] DEBUG block.SCMBlockDeletingService (SCMBlockDeletingService.java:call(155)) - Scanned deleted blocks log and got 0 delTX to process.
2019-09-10 07:04:12,494 [SCMBlockDeletingService#0] DEBUG block.SCMBlockDeletingService (SCMBlockDeletingService.java:call(138)) - Running DeletedBlockTransactionScanner
2019-09-10 07:04:12,495 [SCMBlockDeletingService#0] DEBUG block.SCMBlockDeletingService (SCMBlockDeletingService.java:call(155)) - Scanned deleted blocks log and got 0 delTX to process.
2019-09-10 07:04:12,595 [SCMBlockDeletingService#0] DEBUG block.SCMBlockDeletingService (SCMBlockDeletingService.java:call(138)) - Running DeletedBlockTransactionScanner
2019-09-10 07:04:12,596 [SCMBlockDeletingService#0] DEBUG block.SCMBlockDeletingService (SCMBlockDeletingService.java:call(155)) - Scanned deleted blocks log and got 0 delTX to process.
2019-09-10 07:04:12,696 [SCMBlockDeletingService#0] DEBUG block.SCMBlockDeletingService (SCMBlockDeletingService.java:call(138)) - Running DeletedBlockTransactionScanner
2019-09-10 07:04:12,696 [SCMBlockDeletingService#0] DEBUG block.SCMBlockDeletingService (SCMBlockDeletingService.java:call(155)) - Scanned deleted blocks log and got 0 delTX to process.
2019-09-10 07:04:12,796 [SCMBlockDeletingService#0] DEBUG block.SCMBlockDeletingService (SCMBlockDeletingService.java:call(138)) - Running DeletedBlockTransactionScanner
2019-09-10 07:04:12,797 [SCMBlockDeletingService#0] DEBUG block.SCMBlockDeletingService (SCMBlockDeletingService.java:call(155)) - Scanned deleted blocks log and got 0 delTX to process.
2019-09-10 07:04:12,897 [SCMBlockDeletingService#0] DEBUG block.SCMBlockDeletingService (SCMBlockDeletingService.java:call(138)) - Running DeletedBlockTransactionScanner
2019-09-10 07:04:12,897 [SCMBlockDeletingService#0] DEBUG block.SCMBlockDeletingService (SCMBlockDeletingService.java:call(155)) - Scanned deleted blocks log and got 0 delTX to process.
2019-09-10 07:04:12,998 [SCMBlockDeletingService#0] DEBUG block.SCMBlockDeletingService (SCMBlockDeletingService.java:call(138)) - Running DeletedBlockTransactionScanner
2019-09-10 07:04:12,998 [SCMBlockDeletingService#0] DEBUG block.SCMBlockDeletingService (SCMBlockDeletingService.java:call(155)) - Scanned deleted blocks log and got 0 delTX to process.
2019-09-10 07:04:13,099 [SCMBlockDeletingService#0] DEBUG block.SCMBlockDeletingService (SCMBlockDeletingService.java:call(138)) - Running DeletedBlockTransactionScanner
2019-09-10 07:04:13,099 [SCMBlockDeletingService#0] DEBUG block.SCMBlockDeletingService (SCMBlockDeletingService.java:call(155)) - Scanned deleted blocks log and got 0 delTX to process.
2019-09-10 07:04:13,199 [SCMBlockDeletingService#0] DEBUG block.SCMBlockDeletingService (SCMBlockDeletingService.java:call(138)) - Running DeletedBlockTransactionScanner
2019-09-10 07:04:13,200 [SCMBlockDeletingService#0] DEBUG block.SCMBlockDeletingService (SCMBlockDeletingService.java:call(155)) - Scanned deleted blocks log and got 0 delTX to process.
2019-09-10 07:04:13,300 [SCMBlockDeletingService#0] DEBUG block.SCMBlockDeletingService (SCMBlockDeletingService.java:call(138)) - Running DeletedBlockTransactionScanner
2019-09-10 07:04:13,300 [SCMBlockDeletingService#0] DEBUG block.SCMBlockDeletingService (SCMBlockDeletingService.java:call(155)) - Scanned deleted blocks log and got 0 delTX to process.
2019-09-10 07:04:13,401 [SCMBlockDeletingService#0] DEBUG block.SCMBlockDeletingService (SCMBlockDeletingService.java:call(138)) - Running DeletedBlockTransactionScanner
2019-09-10 07:04:13,402 [SCMBlockDeletingService#0] DEBUG block.SCMBlockDeletingService (SCMBlockDeletingService.java:call(155)) - Scanned deleted blocks log and got 0 delTX to process.
2019-09-10 07:04:13,502 [SCMBlockDeletingService#1] DEBUG block.SCMBlockDeletingService (SCMBlockDeletingService.java:call(138)) - Running DeletedBlockTransactionScanner
2019-09-10 07:04:13,502 [SCMBlockDeletingService#1] DEBUG block.SCMBlockDeletingService (SCMBlockDeletingService.java:call(155)) - Scanned deleted blocks log and got 0 delTX to process.
2019-09-10 07:04:13,603 [SCMBlockDeletingService#1] DEBUG block.SCMBlockDeletingService (SCMBlockDeletingService.java:call(138)) - Running DeletedBlockTransactionScanner
2019-09-10 07:04:13,603 [SCMBlockDeletingService#1] DEBUG block.SCMBlockDeletingService (SCMBlockDeletingService.java:call(155)) - Scanned deleted blocks log and got 0 delTX to process.
2019-09-10 07:04:13,703 [SCMBlockDeletingService#0] DEBUG block.SCMBlockDeletingService (SCMBlockDeletingService.java:call(138)) - Running DeletedBlockTransactionScanner
2019-09-10 07:04:13,704 [SCMBlockDeletingService#0] DEBUG block.SCMBlockDeletingService (SCMBlockDeletingService.java:call(155)) - Scanned deleted blocks log and got 0 delTX to process.
2019-09-10 07:04:13,804 [SCMBlockDeletingService#0] DEBUG block.SCMBlockDeletingService (SCMBlockDeletingService.java:call(138)) - Running DeletedBlockTransactionScanner
2019-09-10 07:04:13,804 [SCMBlockDeletingService#0] DEBUG block.SCMBlockDeletingService (SCMBlockDeletingService.java:call(155)) - Scanned deleted blocks log and got 0 delTX to process.
2019-09-10 07:04:13,905 [SCMBlockDeletingService#0] DEBUG block.SCMBlockDeletingService (SCMBlockDeletingService.java:call(138)) - Running DeletedBlockTransactionScanner
2019-09-10 07:04:13,905 [SCMBlockDeletingService#0] DEBUG block.SCMBlockDeletingService (SCMBlockDeletingService.java:call(155)) - Scanned deleted blocks log and got 0 delTX to process.
2019-09-10 07:04:14,006 [SCMBlockDeletingService#0] DEBUG block.SCMBlockDeletingService (SCMBlockDeletingService.java:call(138)) - Running DeletedBlockTransactionScanner
2019-09-10 07:04:14,006 [SCMBlockDeletingService#0] DEBUG block.SCMBlockDeletingService (SCMBlockDeletingService.java:call(155)) - Scanned deleted blocks log and got 0 delTX to process.
2019-09-10 07:04:14,106 [SCMBlockDeletingService#0] DEBUG block.SCMBlockDeletingService (SCMBlockDeletingService.java:call(138)) - Running DeletedBlockTransactionScanner
2019-09-10 07:04:14,107 [SCMBlockDeletingService#0] DEBUG block.SCMBlockDeletingService (SCMBlockDeletingService.java:call(155)) - Scanned deleted blocks log and got 0 delTX to process.
2019-09-10 07:04:14,207 [SCMBlockDeletingService#0] DEBUG block.SCMBlockDeletingService (SCMBlockDeletingService.java:call(138)) - Running DeletedBlockTransactionScanner
2019-09-10 07:04:14,208 [SCMBlockDeletingService#0] DEBUG block.SCMBlockDeletingService (SCMBlockDeletingService.java:call(155)) - Scanned deleted blocks log and got 0 delTX to process.
2019-09-10 07:04:14,308 [SCMBlockDeletingService#0] DEBUG block.SCMBlockDeletingService (SCMBlockDeletingService.java:call(138)) - Running DeletedBlockTransactionScanner
2019-09-10 07:04:14,308 [SCMBlockDeletingService#0] DEBUG block.SCMBlockDeletingService (SCMBlockDeletingService.java:call(155)) - Scanned deleted blocks log and got 0 delTX to process.
2019-09-10 07:04:14,409 [SCMBlockDeletingService#0] DEBUG block.SCMBlockDeletingService (SCMBlockDeletingService.java:call(138)) - Running DeletedBlockTransactionScanner
2019-09-10 07:04:14,409 [SCMBlockDeletingService#0] DEBUG block.SCMBlockDeletingService (SCMBlockDeletingService.java:call(155)) - Scanned deleted blocks log and got 0 delTX to process.
2019-09-10 07:04:14,509 [SCMBlockDeletingService#0] DEBUG block.SCMBlockDeletingService (SCMBlockDeletingService.java:call(138)) - Running DeletedBlockTransactionScanner
2019-09-10 07:04:14,510 [SCMBlockDeletingService#0] DEBUG block.SCMBlockDeletingService (SCMBlockDeletingService.java:call(155)) - Scanned deleted blocks log and got 0 delTX to process.
2019-09-10 07:04:14,610 [SCMBlockDeletingService#0] DEBUG block.SCMBlockDeletingService (SCMBlockDeletingService.java:call(138)) - Running DeletedBlockTransactionScanner
2019-09-10 07:04:14,610 [SCMBlockDeletingService#0] DEBUG block.SCMBlockDeletingService (SCMBlockDeletingService.java:call(155)) - Scanned deleted blocks log and got 0 delTX to process.
2019-09-10 07:04:14,711 [SCMBlockDeletingService#0] DEBUG block.SCMBlockDeletingService (SCMBlockDeletingService.java:call(138)) - Running DeletedBlockTransactionScanner
2019-09-10 07:04:14,711 [SCMBlockDeletingService#0] DEBUG block.SCMBlockDeletingService (SCMBlockDeletingService.java:call(155)) - Scanned deleted blocks log and got 0 delTX to process.
2019-09-10 07:04:14,812 [SCMBlockDeletingService#0] DEBUG block.SCMBlockDeletingService (SCMBlockDeletingService.java:call(138)) - Running DeletedBlockTransactionScanner
2019-09-10 07:04:14,812 [SCMBlockDeletingService#0] DEBUG block.SCMBlockDeletingService (SCMBlockDeletingService.java:call(155)) - Scanned deleted blocks log and got 0 delTX to process.
2019-09-10 07:04:14,912 [SCMBlockDeletingService#0] DEBUG block.SCMBlockDeletingService (SCMBlockDeletingService.java:call(138)) - Running DeletedBlockTransactionScanner
2019-09-10 07:04:14,913 [SCMBlockDeletingService#0] DEBUG block.SCMBlockDeletingService (SCMBlockDeletingService.java:call(155)) - Scanned deleted blocks log and got 0 delTX to process.
2019-09-10 07:04:15,013 [SCMBlockDeletingService#0] DEBUG block.SCMBlockDeletingService (SCMBlockDeletingService.java:call(138)) - Running DeletedBlockTransactionScanner
2019-09-10 07:04:15,014 [SCMBlockDeletingService#0] DEBUG block.SCMBlockDeletingService (SCMBlockDeletingService.java:call(155)) - Scanned deleted blocks log and got 0 delTX to process.
2019-09-10 07:04:15,114 [SCMBlockDeletingService#0] DEBUG block.SCMBlockDeletingService (SCMBlockDeletingService.java:call(138)) - Running DeletedBlockTransactionScanner
2019-09-10 07:04:15,115 [SCMBlockDeletingService#0] DEBUG block.SCMBlockDeletingService (SCMBlockDeletingService.java:call(155)) - Scanned deleted blocks log and got 0 delTX to process.
2019-09-10 07:04:15,215 [SCMBlockDeletingService#0] DEBUG block.SCMBlockDeletingService (SCMBlockDeletingService.java:call(138)) - Running DeletedBlockTransactionScanner
2019-09-10 07:04:15,215 [SCMBlockDeletingService#0] DEBUG block.SCMBlockDeletingService (SCMBlockDeletingService.java:call(155)) - Scanned deleted blocks log and got 0 delTX to process.
2019-09-10 07:04:15,315 [SCMBlockDeletingService#0] DEBUG block.SCMBlockDeletingService (SCMBlockDeletingService.java:call(138)) - Running DeletedBlockTransactionScanner
2019-09-10 07:04:15,316 [SCMBlockDeletingService#0] DEBUG block.SCMBlockDeletingService (SCMBlockDeletingService.java:call(155)) - Scanned deleted blocks log and got 0 delTX to process.
2019-09-10 07:04:15,416 [SCMBlockDeletingService#0] DEBUG block.SCMBlockDeletingService (SCMBlockDeletingService.java:call(138)) - Running DeletedBlockTransactionScanner
2019-09-10 07:04:15,417 [SCMBlockDeletingService#0] DEBUG block.SCMBlockDeletingService (SCMBlockDeletingService.java:call(155)) - Scanned deleted blocks log and got 0 delTX to process.
2019-09-10 07:04:15,517 [SCMBlockDeletingService#0] DEBUG block.SCMBlockDeletingService (SCMBlockDeletingService.java:call(138)) - Running DeletedBlockTransactionScanner
2019-09-10 07:04:15,517 [SCMBlockDeletingService#0] DEBUG block.SCMBlockDeletingService (SCMBlockDeletingService.java:call(155)) - Scanned deleted blocks log and got 0 delTX to process.
2019-09-10 07:04:15,617 [SCMBlockDeletingService#0] DEBUG block.SCMBlockDeletingService (SCMBlockDeletingService.java:call(138)) - Running DeletedBlockTransactionScanner
2019-09-10 07:04:15,617 [SCMBlockDeletingService#0] DEBUG block.SCMBlockDeletingService (SCMBlockDeletingService.java:call(155)) - Scanned deleted blocks log and got 0 delTX to process.
2019-09-10 07:04:15,718 [SCMBlockDeletingService#0] DEBUG block.SCMBlockDeletingService (SCMBlockDeletingService.java:call(138)) - Running DeletedBlockTransactionScanner
2019-09-10 07:04:15,718 [SCMBlockDeletingService#0] DEBUG block.SCMBlockDeletingService (SCMBlockDeletingService.java:call(155)) - Scanned deleted blocks log and got 0 delTX to process.
2019-09-10 07:04:15,818 [SCMBlockDeletingService#0] DEBUG block.SCMBlockDeletingService (SCMBlockDeletingService.java:call(138)) - Running DeletedBlockTransactionScanner
2019-09-10 07:04:15,819 [SCMBlockDeletingService#0] DEBUG block.SCMBlockDeletingService (SCMBlockDeletingService.java:call(155)) - Scanned deleted blocks log and got 0 delTX to process.
2019-09-10 07:04:15,919 [SCMBlockDeletingService#0] DEBUG block.SCMBlockDeletingService (SCMBlockDeletingService.java:call(138)) - Running DeletedBlockTransactionScanner
2019-09-10 07:04:15,919 [SCMBlockDeletingService#0] DEBUG block.SCMBlockDeletingService (SCMBlockDeletingService.java:call(155)) - Scanned deleted blocks log and got 0 delTX to process.
2019-09-10 07:04:16,020 [SCMBlockDeletingService#0] DEBUG block.SCMBlockDeletingService (SCMBlockDeletingService.java:call(138)) - Running DeletedBlockTransactionScanner
2019-09-10 07:04:16,020 [SCMBlockDeletingService#0] DEBUG block.SCMBlockDeletingService (SCMBlockDeletingService.java:call(155)) - Scanned deleted blocks log and got 0 delTX to process.
2019-09-10 07:04:16,121 [SCMBlockDeletingService#0] DEBUG block.SCMBlockDeletingService (SCMBlockDeletingService.java:call(138)) - Running DeletedBlockTransactionScanner
2019-09-10 07:04:16,121 [SCMBlockDeletingService#0] DEBUG block.SCMBlockDeletingService (SCMBlockDeletingService.java:call(155)) - Scanned deleted blocks log and got 0 delTX to process.
2019-09-10 07:04:16,221 [SCMBlockDeletingService#0] DEBUG block.SCMBlockDeletingService (SCMBlockDeletingService.java:call(138)) - Running DeletedBlockTransactionScanner
2019-09-10 07:04:16,222 [SCMBlockDeletingService#0] DEBUG block.SCMBlockDeletingService (SCMBlockDeletingService.java:call(155)) - Scanned deleted blocks log and got 0 delTX to process.
2019-09-10 07:04:16,322 [SCMBlockDeletingService#0] DEBUG block.SCMBlockDeletingService (SCMBlockDeletingService.java:call(138)) - Running DeletedBlockTransactionScanner
2019-09-10 07:04:16,322 [SCMBlockDeletingService#0] DEBUG block.SCMBlockDeletingService (SCMBlockDeletingService.java:call(155)) - Scanned deleted blocks log and got 0 delTX to process.
2019-09-10 07:04:16,423 [SCMBlockDeletingService#0] DEBUG block.SCMBlockDeletingService (SCMBlockDeletingService.java:call(138)) - Running DeletedBlockTransactionScanner
2019-09-10 07:04:16,423 [SCMBlockDeletingService#0] DEBUG block.SCMBlockDeletingService (SCMBlockDeletingService.java:call(155)) - Scanned deleted blocks log and got 0 delTX to process.
2019-09-10 07:04:16,523 [SCMBlockDeletingService#0] DEBUG block.SCMBlockDeletingService (SCMBlockDeletingService.java:call(138)) - Running DeletedBlockTransactionScanner
2019-09-10 07:04:16,524 [SCMBlockDeletingService#0] DEBUG block.SCMBlockDeletingService (SCMBlockDeletingService.java:call(155)) - Scanned deleted blocks log and got 0 delTX to process.
2019-09-10 07:04:16,624 [SCMBlockDeletingService#0] DEBUG block.SCMBlockDeletingService (SCMBlockDeletingService.java:call(138)) - Running DeletedBlockTransactionScanner
2019-09-10 07:04:16,624 [SCMBlockDeletingService#0] DEBUG block.SCMBlockDeletingService (SCMBlockDeletingService.java:call(155)) - Scanned deleted blocks log and got 0 delTX to process.
2019-09-10 07:04:16,725 [SCMBlockDeletingService#0] DEBUG block.SCMBlockDeletingService (SCMBlockDeletingService.java:call(138)) - Running DeletedBlockTransactionScanner
2019-09-10 07:04:16,725 [SCMBlockDeletingService#0] DEBUG block.SCMBlockDeletingService (SCMBlockDeletingService.java:call(155)) - Scanned deleted blocks log and got 0 delTX to process.
2019-09-10 07:04:16,825 [SCMBlockDeletingService#0] DEBUG block.SCMBlockDeletingService (SCMBlockDeletingService.java:call(138)) - Running DeletedBlockTransactionScanner
2019-09-10 07:04:16,825 [SCMBlockDeletingService#0] DEBUG block.SCMBlockDeletingService (SCMBlockDeletingService.java:call(155)) - Scanned deleted blocks log and got 0 delTX to process.
2019-09-10 07:04:16,926 [SCMBlockDeletingService#0] DEBUG block.SCMBlockDeletingService (SCMBlockDeletingService.java:call(138)) - Running DeletedBlockTransactionScanner
2019-09-10 07:04:16,926 [SCMBlockDeletingService#0] DEBUG block.SCMBlockDeletingService (SCMBlockDeletingService.java:call(155)) - Scanned deleted blocks log and got 0 delTX to process.
2019-09-10 07:04:17,026 [SCMBlockDeletingService#0] DEBUG block.SCMBlockDeletingService (SCMBlockDeletingService.java:call(138)) - Running DeletedBlockTransactionScanner
2019-09-10 07:04:17,027 [SCMBlockDeletingService#0] DEBUG block.SCMBlockDeletingService (SCMBlockDeletingService.java:call(155)) - Scanned deleted blocks log and got 0 delTX to process.
2019-09-10 07:04:17,127 [SCMBlockDeletingService#0] DEBUG block.SCMBlockDeletingService (SCMBlockDeletingService.java:call(138)) - Running DeletedBlockTransactionScanner
2019-09-10 07:04:17,128 [SCMBlockDeletingService#0] DEBUG block.SCMBlockDeletingService (SCMBlockDeletingService.java:call(155)) - Scanned deleted blocks log and got 0 delTX to process.
2019-09-10 07:04:17,228 [SCMBlockDeletingService#0] DEBUG block.SCMBlockDeletingService (SCMBlockDeletingService.java:call(138)) - Running DeletedBlockTransactionScanner
2019-09-10 07:04:17,228 [SCMBlockDeletingService#0] DEBUG block.SCMBlockDeletingService (SCMBlockDeletingService.java:call(155)) - Scanned deleted blocks log and got 0 delTX to process.
2019-09-10 07:04:17,329 [SCMBlockDeletingService#0] DEBUG block.SCMBlockDeletingService (SCMBlockDeletingService.java:call(138)) - Running DeletedBlockTransactionScanner
2019-09-10 07:04:17,329 [SCMBlockDeletingService#0] DEBUG block.SCMBlockDeletingService (SCMBlockDeletingService.java:call(155)) - Scanned deleted blocks log and got 0 delTX to process.
2019-09-10 07:04:17,429 [SCMBlockDeletingService#0] DEBUG block.SCMBlockDeletingService (SCMBlockDeletingService.java:call(138)) - Running DeletedBlockTransactionScanner
2019-09-10 07:04:17,430 [SCMBlockDeletingService#0] DEBUG block.SCMBlockDeletingService (SCMBlockDeletingService.java:call(155)) - Scanned deleted blocks log and got 0 delTX to process.
2019-09-10 07:04:17,530 [SCMBlockDeletingService#0] DEBUG block.SCMBlockDeletingService (SCMBlockDeletingService.java:call(138)) - Running DeletedBlockTransactionScanner
2019-09-10 07:04:17,530 [SCMBlockDeletingService#0] DEBUG block.SCMBlockDeletingService (SCMBlockDeletingService.java:call(155)) - Scanned deleted blocks log and got 0 delTX to process.
2019-09-10 07:04:17,630 [SCMBlockDeletingService#0] DEBUG block.SCMBlockDeletingService (SCMBlockDeletingService.java:call(138)) - Running DeletedBlockTransactionScanner
2019-09-10 07:04:17,631 [SCMBlockDeletingService#0] DEBUG block.SCMBlockDeletingService (SCMBlockDeletingService.java:call(155)) - Scanned deleted blocks log and got 0 delTX to process.
2019-09-10 07:04:17,731 [SCMBlockDeletingService#0] DEBUG block.SCMBlockDeletingService (SCMBlockDeletingService.java:call(138)) - Running DeletedBlockTransactionScanner
2019-09-10 07:04:17,731 [SCMBlockDeletingService#0] DEBUG block.SCMBlockDeletingService (SCMBlockDeletingService.java:call(155)) - Scanned deleted blocks log and got 0 delTX to process.
2019-09-10 07:04:17,831 [SCMBlockDeletingService#0] DEBUG block.SCMBlockDeletingService (SCMBlockDeletingService.java:call(138)) - Running DeletedBlockTransactionScanner
2019-09-10 07:04:17,831 [SCMBlockDeletingService#0] DEBUG block.SCMBlockDeletingService (SCMBlockDeletingService.java:call(155)) - Scanned deleted blocks log and got 0 delTX to process.
2019-09-10 07:04:17,932 [SCMBlockDeletingService#0] DEBUG block.SCMBlockDeletingService (SCMBlockDeletingService.java:call(138)) - Running DeletedBlockTransactionScanner
2019-09-10 07:04:17,932 [SCMBlockDeletingService#0] DEBUG block.SCMBlockDeletingService (SCMBlockDeletingService.java:call(155)) - Scanned deleted blocks log and got 0 delTX to process.
2019-09-10 07:04:18,032 [SCMBlockDeletingService#0] DEBUG block.SCMBlockDeletingService (SCMBlockDeletingService.java:call(138)) - Running DeletedBlockTransactionScanner
2019-09-10 07:04:18,032 [SCMBlockDeletingService#0] DEBUG block.SCMBlockDeletingService (SCMBlockDeletingService.java:call(155)) - Scanned deleted blocks log and got 0 delTX to process.
2019-09-10 07:04:18,133 [SCMBlockDeletingService#1] DEBUG block.SCMBlockDeletingService (SCMBlockDeletingService.java:call(138)) - Running DeletedBlockTransactionScanner
2019-09-10 07:04:18,133 [SCMBlockDeletingService#1] DEBUG block.SCMBlockDeletingService (SCMBlockDeletingService.java:call(155)) - Scanned deleted blocks log and got 0 delTX to process.
2019-09-10 07:04:18,233 [SCMBlockDeletingService#0] DEBUG block.SCMBlockDeletingService (SCMBlockDeletingService.java:call(138)) - Running DeletedBlockTransactionScanner
2019-09-10 07:04:18,233 [SCMBlockDeletingService#0] DEBUG block.SCMBlockDeletingService (SCMBlockDeletingService.java:call(155)) - Scanned deleted blocks log and got 0 delTX to process.
2019-09-10 07:04:18,334 [SCMBlockDeletingService#0] DEBUG block.SCMBlockDeletingService (SCMBlockDeletingService.java:call(138)) - Running DeletedBlockTransactionScanner
2019-09-10 07:04:18,334 [SCMBlockDeletingService#0] DEBUG block.SCMBlockDeletingService (SCMBlockDeletingService.java:call(155)) - Scanned deleted blocks log and got 0 delTX to process.
2019-09-10 07:04:18,434 [SCMBlockDeletingService#0] DEBUG block.SCMBlockDeletingService (SCMBlockDeletingService.java:call(138)) - Running DeletedBlockTransactionScanner
2019-09-10 07:04:18,435 [SCMBlockDeletingService#0] DEBUG block.SCMBlockDeletingService (SCMBlockDeletingService.java:call(155)) - Scanned deleted blocks log and got 0 delTX to process.
2019-09-10 07:04:18,535 [SCMBlockDeletingService#0] DEBUG block.SCMBlockDeletingService (SCMBlockDeletingService.java:call(138)) - Running DeletedBlockTransactionScanner
2019-09-10 07:04:18,535 [SCMBlockDeletingService#0] DEBUG block.SCMBlockDeletingService (SCMBlockDeletingService.java:call(155)) - Scanned deleted blocks log and got 0 delTX to process.
2019-09-10 07:04:18,635 [SCMBlockDeletingService#0] DEBUG block.SCMBlockDeletingService (SCMBlockDeletingService.java:call(138)) - Running DeletedBlockTransactionScanner
2019-09-10 07:04:18,636 [SCMBlockDeletingService#0] DEBUG block.SCMBlockDeletingService (SCMBlockDeletingService.java:call(155)) - Scanned deleted blocks log and got 0 delTX to process.
2019-09-10 07:04:18,736 [SCMBlockDeletingService#0] DEBUG block.SCMBlockDeletingService (SCMBlockDeletingService.java:call(138)) - Running DeletedBlockTransactionScanner
2019-09-10 07:04:18,736 [SCMBlockDeletingService#0] DEBUG block.SCMBlockDeletingService (SCMBlockDeletingService.java:call(155)) - Scanned deleted blocks log and got 0 delTX to process.
2019-09-10 07:04:18,836 [SCMBlockDeletingService#0] DEBUG block.SCMBlockDeletingService (SCMBlockDeletingService.java:call(138)) - Running DeletedBlockTransactionScanner
2019-09-10 07:04:18,837 [SCMBlockDeletingService#0] DEBUG block.SCMBlockDeletingService (SCMBlockDeletingService.java:call(155)) - Scanned deleted blocks log and got 0 delTX to process.
2019-09-10 07:04:18,937 [SCMBlockDeletingService#1] DEBUG block.SCMBlockDeletingService (SCMBlockDeletingService.java:call(138)) - Running DeletedBlockTransactionScanner
2019-09-10 07:04:18,938 [SCMBlockDeletingService#1] DEBUG block.SCMBlockDeletingService (SCMBlockDeletingService.java:call(155)) - Scanned deleted blocks log and got 0 delTX to process.
2019-09-10 07:04:19,038 [SCMBlockDeletingService#0] DEBUG block.SCMBlockDeletingService (SCMBlockDeletingService.java:call(138)) - Running DeletedBlockTransactionScanner
2019-09-10 07:04:19,038 [SCMBlockDeletingService#0] DEBUG block.SCMBlockDeletingService (SCMBlockDeletingService.java:call(155)) - Scanned deleted blocks log and got 0 delTX to process.
2019-09-10 07:04:19,139 [SCMBlockDeletingService#0] DEBUG block.SCMBlockDeletingService (SCMBlockDeletingService.java:call(138)) - Running DeletedBlockTransactionScanner
2019-09-10 07:04:19,139 [SCMBlockDeletingService#0] DEBUG block.SCMBlockDeletingService (SCMBlockDeletingService.java:call(155)) - Scanned deleted blocks log and got 0 delTX to process.
2019-09-10 07:04:19,239 [SCMBlockDeletingService#0] DEBUG block.SCMBlockDeletingService (SCMBlockDeletingService.java:call(138)) - Running DeletedBlockTransactionScanner
2019-09-10 07:04:19,240 [SCMBlockDeletingService#0] DEBUG block.SCMBlockDeletingService (SCMBlockDeletingService.java:call(155)) - Scanned deleted blocks log and got 0 delTX to process.
2019-09-10 07:04:19,340 [SCMBlockDeletingService#0] DEBUG block.SCMBlockDeletingService (SCMBlockDeletingService.java:call(138)) - Running DeletedBlockTransactionScanner
2019-09-10 07:04:19,340 [SCMBlockDeletingService#0] DEBUG block.SCMBlockDeletingService (SCMBlockDeletingService.java:call(155)) - Scanned deleted blocks log and got 0 delTX to process.
2019-09-10 07:04:19,440 [SCMBlockDeletingService#1] DEBUG block.SCMBlockDeletingService (SCMBlockDeletingService.java:call(138)) - Running DeletedBlockTransactionScanner
2019-09-10 07:04:19,441 [SCMBlockDeletingService#1] DEBUG block.SCMBlockDeletingService (SCMBlockDeletingService.java:call(155)) - Scanned deleted blocks log and got 0 delTX to process.
2019-09-10 07:04:19,541 [SCMBlockDeletingService#1] DEBUG block.SCMBlockDeletingService (SCMBlockDeletingService.java:call(138)) - Running DeletedBlockTransactionScanner
2019-09-10 07:04:19,541 [SCMBlockDeletingService#1] DEBUG block.SCMBlockDeletingService (SCMBlockDeletingService.java:call(155)) - Scanned deleted blocks log and got 0 delTX to process.
2019-09-10 07:04:19,641 [SCMBlockDeletingService#1] DEBUG block.SCMBlockDeletingService (SCMBlockDeletingService.java:call(138)) - Running DeletedBlockTransactionScanner
2019-09-10 07:04:19,642 [SCMBlockDeletingService#1] DEBUG block.SCMBlockDeletingService (SCMBlockDeletingService.java:call(155)) - Scanned deleted blocks log and got 0 delTX to process.
2019-09-10 07:04:19,742 [SCMBlockDeletingService#1] DEBUG block.SCMBlockDeletingService (SCMBlockDeletingService.java:call(138)) - Running DeletedBlockTransactionScanner
2019-09-10 07:04:19,742 [SCMBlockDeletingService#1] DEBUG block.SCMBlockDeletingService (SCMBlockDeletingService.java:call(155)) - Scanned deleted blocks log and got 0 delTX to process.
2019-09-10 07:04:19,842 [SCMBlockDeletingService#1] DEBUG block.SCMBlockDeletingService (SCMBlockDeletingService.java:call(138)) - Running DeletedBlockTransactionScanner
2019-09-10 07:04:19,843 [SCMBlockDeletingService#1] DEBUG block.SCMBlockDeletingService (SCMBlockDeletingService.java:call(155)) - Scanned deleted blocks log and got 0 delTX to process.
2019-09-10 07:04:19,943 [SCMBlockDeletingService#1] DEBUG block.SCMBlockDeletingService (SCMBlockDeletingService.java:call(138)) - Running DeletedBlockTransactionScanner
2019-09-10 07:04:19,943 [SCMBlockDeletingService#1] DEBUG block.SCMBlockDeletingService (SCMBlockDeletingService.java:call(155)) - Scanned deleted blocks log and got 0 delTX to process.
2019-09-10 07:04:20,044 [SCMBlockDeletingService#1] DEBUG block.SCMBlockDeletingService (SCMBlockDeletingService.java:call(138)) - Running DeletedBlockTransactionScanner
2019-09-10 07:04:20,044 [SCMBlockDeletingService#1] DEBUG block.SCMBlockDeletingService (SCMBlockDeletingService.java:call(155)) - Scanned deleted blocks log and got 0 delTX to process.
2019-09-10 07:04:20,144 [SCMBlockDeletingService#0] DEBUG block.SCMBlockDeletingService (SCMBlockDeletingService.java:call(138)) - Running DeletedBlockTransactionScanner
2019-09-10 07:04:20,144 [SCMBlockDeletingService#0] DEBUG block.SCMBlockDeletingService (SCMBlockDeletingService.java:call(155)) - Scanned deleted blocks log and got 0 delTX to process.
2019-09-10 07:04:20,245 [SCMBlockDeletingService#0] DEBUG block.SCMBlockDeletingService (SCMBlockDeletingService.java:call(138)) - Running DeletedBlockTransactionScanner
2019-09-10 07:04:20,245 [SCMBlockDeletingService#0] DEBUG block.SCMBlockDeletingService (SCMBlockDeletingService.java:call(155)) - Scanned deleted blocks log and got 0 delTX to process.
2019-09-10 07:04:20,345 [SCMBlockDeletingService#1] DEBUG block.SCMBlockDeletingService (SCMBlockDeletingService.java:call(138)) - Running DeletedBlockTransactionScanner
2019-09-10 07:04:20,345 [SCMBlockDeletingService#1] DEBUG block.SCMBlockDeletingService (SCMBlockDeletingService.java:call(155)) - Scanned deleted blocks log and got 0 delTX to process.
2019-09-10 07:04:20,446 [SCMBlockDeletingService#1] DEBUG block.SCMBlockDeletingService (SCMBlockDeletingService.java:call(138)) - Running DeletedBlockTransactionScanner
2019-09-10 07:04:20,446 [SCMBlockDeletingService#1] DEBUG block.SCMBlockDeletingService (SCMBlockDeletingService.java:call(155)) - Scanned deleted blocks log and got 0 delTX to process.
2019-09-10 07:04:20,547 [SCMBlockDeletingService#0] DEBUG block.SCMBlockDeletingService (SCMBlockDeletingService.java:call(138)) - Running DeletedBlockTransactionScanner
2019-09-10 07:04:20,547 [SCMBlockDeletingService#0] DEBUG block.SCMBlockDeletingService (SCMBlockDeletingService.java:call(155)) - Scanned deleted blocks log and got 0 delTX to process.
2019-09-10 07:04:20,647 [SCMBlockDeletingService#0] DEBUG block.SCMBlockDeletingService (SCMBlockDeletingService.java:call(138)) - Running DeletedBlockTransactionScanner
2019-09-10 07:04:20,647 [SCMBlockDeletingService#0] DEBUG block.SCMBlockDeletingService (SCMBlockDeletingService.java:call(155)) - Scanned deleted blocks log and got 0 delTX to process.
2019-09-10 07:04:20,748 [SCMBlockDeletingService#0] DEBUG block.SCMBlockDeletingService (SCMBlockDeletingService.java:call(138)) - Running DeletedBlockTransactionScanner
2019-09-10 07:04:20,748 [SCMBlockDeletingService#0] DEBUG block.SCMBlockDeletingService (SCMBlockDeletingService.java:call(155)) - Scanned deleted blocks log and got 0 delTX to process.
2019-09-10 07:04:20,848 [SCMBlockDeletingService#0] DEBUG block.SCMBlockDeletingService (SCMBlockDeletingService.java:call(138)) - Running DeletedBlockTransactionScanner
2019-09-10 07:04:20,848 [SCMBlockDeletingService#0] DEBUG block.SCMBlockDeletingService (SCMBlockDeletingService.java:call(155)) - Scanned deleted blocks log and got 0 delTX to process.
2019-09-10 07:04:20,948 [SCMBlockDeletingService#0] DEBUG block.SCMBlockDeletingService (SCMBlockDeletingService.java:call(138)) - Running DeletedBlockTransactionScanner
2019-09-10 07:04:20,949 [SCMBlockDeletingService#0] DEBUG block.SCMBlockDeletingService (SCMBlockDeletingService.java:call(155)) - Scanned deleted blocks log and got 0 delTX to process.
2019-09-10 07:04:21,049 [SCMBlockDeletingService#0] DEBUG block.SCMBlockDeletingService (SCMBlockDeletingService.java:call(138)) - Running DeletedBlockTransactionScanner
2019-09-10 07:04:21,049 [SCMBlockDeletingService#0] DEBUG block.SCMBlockDeletingService (SCMBlockDeletingService.java:call(155)) - Scanned deleted blocks log and got 0 delTX to process.
2019-09-10 07:04:21,150 [SCMBlockDeletingService#0] DEBUG block.SCMBlockDeletingService (SCMBlockDeletingService.java:call(138)) - Running DeletedBlockTransactionScanner
2019-09-10 07:04:21,150 [SCMBlockDeletingService#0] DEBUG block.SCMBlockDeletingService (SCMBlockDeletingService.java:call(155)) - Scanned deleted blocks log and got 0 delTX to process.
2019-09-10 07:04:21,250 [SCMBlockDeletingService#0] DEBUG block.SCMBlockDeletingService (SCMBlockDeletingService.java:call(138)) - Running DeletedBlockTransactionScanner
2019-09-10 07:04:21,250 [SCMBlockDeletingService#0] DEBUG block.SCMBlockDeletingService (SCMBlockDeletingService.java:call(155)) - Scanned deleted blocks log and got 0 delTX to process.
2019-09-10 07:04:21,351 [SCMBlockDeletingService#0] DEBUG block.SCMBlockDeletingService (SCMBlockDeletingService.java:call(138)) - Running DeletedBlockTransactionScanner
2019-09-10 07:04:21,351 [SCMBlockDeletingService#0] DEBUG block.SCMBlockDeletingService (SCMBlockDeletingService.java:call(155)) - Scanned deleted blocks log and got 0 delTX to process.
2019-09-10 07:04:21,451 [SCMBlockDeletingService#1] DEBUG block.SCMBlockDeletingService (SCMBlockDeletingService.java:call(138)) - Running DeletedBlockTransactionScanner
2019-09-10 07:04:21,451 [SCMBlockDeletingService#1] DEBUG block.SCMBlockDeletingService (SCMBlockDeletingService.java:call(155)) - Scanned deleted blocks log and got 0 delTX to process.
2019-09-10 07:04:21,552 [SCMBlockDeletingService#0] DEBUG block.SCMBlockDeletingService (SCMBlockDeletingService.java:call(138)) - Running DeletedBlockTransactionScanner
2019-09-10 07:04:21,552 [SCMBlockDeletingService#0] DEBUG block.SCMBlockDeletingService (SCMBlockDeletingService.java:call(155)) - Scanned deleted blocks log and got 0 delTX to process.
2019-09-10 07:04:21,652 [SCMBlockDeletingService#0] DEBUG block.SCMBlockDeletingService (SCMBlockDeletingService.java:call(138)) - Running DeletedBlockTransactionScanner
2019-09-10 07:04:21,652 [SCMBlockDeletingService#0] DEBUG block.SCMBlockDeletingService (SCMBlockDeletingService.java:call(155)) - Scanned deleted blocks log and got 0 delTX to process.
2019-09-10 07:04:21,753 [SCMBlockDeletingService#0] DEBUG block.SCMBlockDeletingService (SCMBlockDeletingService.java:call(138)) - Running DeletedBlockTransactionScanner
2019-09-10 07:04:21,753 [SCMBlockDeletingService#0] DEBUG block.SCMBlockDeletingService (SCMBlockDeletingService.java:call(155)) - Scanned deleted blocks log and got 0 delTX to process.
2019-09-10 07:04:21,853 [SCMBlockDeletingService#0] DEBUG block.SCMBlockDeletingService (SCMBlockDeletingService.java:call(138)) - Running DeletedBlockTransactionScanner
2019-09-10 07:04:21,853 [SCMBlockDeletingService#0] DEBUG block.SCMBlockDeletingService (SCMBlockDeletingService.java:call(155)) - Scanned deleted blocks log and got 0 delTX to process.
2019-09-10 07:04:21,954 [SCMBlockDeletingService#0] DEBUG block.SCMBlockDeletingService (SCMBlockDeletingService.java:call(138)) - Running DeletedBlockTransactionScanner
2019-09-10 07:04:21,954 [SCMBlockDeletingService#0] DEBUG block.SCMBlockDeletingService (SCMBlockDeletingService.java:call(155)) - Scanned deleted blocks log and got 0 delTX to process.
2019-09-10 07:04:22,054 [SCMBlockDeletingService#0] DEBUG block.SCMBlockDeletingService (SCMBlockDeletingService.java:call(138)) - Running DeletedBlockTransactionScanner
2019-09-10 07:04:22,054 [SCMBlockDeletingService#0] DEBUG block.SCMBlockDeletingService (SCMBlockDeletingService.java:call(155)) - Scanned deleted blocks log and got 0 delTX to process.
2019-09-10 07:04:22,067 [05f13708-5e6e-4ea1-a525-a3c8f7f54426@group-34B10843FE54-SegmentedRaftLogWorker] WARN  segmented.SegmentedRaftLogWorker (SegmentedRaftLogWorker.java:getFromFuture(90)) - Timeout 6/~
org.apache.ratis.protocol.TimeoutIOException: Timeout 10s: WriteLog:16: (t:1, i:16), STATEMACHINELOGENTRY, client-7F424F215E90, cid=11-writeStateMachineData
	at org.apache.ratis.util.IOUtils.getFromFuture(IOUtils.java:87)
	at org.apache.ratis.server.raftlog.segmented.SegmentedRaftLogWorker$StateMachineDataPolicy.getFromFuture(SegmentedRaftLogWorker.java:87)
	at org.apache.ratis.server.raftlog.segmented.SegmentedRaftLogWorker$WriteLog.execute(SegmentedRaftLogWorker.java:477)
	at org.apache.ratis.server.raftlog.segmented.SegmentedRaftLogWorker.run(SegmentedRaftLogWorker.java:289)
	at java.lang.Thread.run(Thread.java:748)
Caused by: java.util.concurrent.TimeoutException
	at java.util.concurrent.CompletableFuture.timedGet(CompletableFuture.java:1771)
	at java.util.concurrent.CompletableFuture.get(CompletableFuture.java:1915)
	at org.apache.ratis.util.IOUtils.getFromFuture(IOUtils.java:79)
	... 4 more
2019-09-10 07:04:22,154 [SCMBlockDeletingService#0] DEBUG block.SCMBlockDeletingService (SCMBlockDeletingService.java:call(138)) - Running DeletedBlockTransactionScanner
2019-09-10 07:04:22,155 [SCMBlockDeletingService#0] DEBUG block.SCMBlockDeletingService (SCMBlockDeletingService.java:call(155)) - Scanned deleted blocks log and got 0 delTX to process.
2019-09-10 07:04:22,255 [SCMBlockDeletingService#1] DEBUG block.SCMBlockDeletingService (SCMBlockDeletingService.java:call(138)) - Running DeletedBlockTransactionScanner
2019-09-10 07:04:22,255 [SCMBlockDeletingService#1] DEBUG block.SCMBlockDeletingService (SCMBlockDeletingService.java:call(155)) - Scanned deleted blocks log and got 0 delTX to process.
2019-09-10 07:04:22,355 [SCMBlockDeletingService#0] DEBUG block.SCMBlockDeletingService (SCMBlockDeletingService.java:call(138)) - Running DeletedBlockTransactionScanner
2019-09-10 07:04:22,355 [SCMBlockDeletingService#0] DEBUG block.SCMBlockDeletingService (SCMBlockDeletingService.java:call(155)) - Scanned deleted blocks log and got 0 delTX to process.
2019-09-10 07:04:22,456 [SCMBlockDeletingService#0] DEBUG block.SCMBlockDeletingService (SCMBlockDeletingService.java:call(138)) - Running DeletedBlockTransactionScanner
2019-09-10 07:04:22,456 [SCMBlockDeletingService#0] DEBUG block.SCMBlockDeletingService (SCMBlockDeletingService.java:call(155)) - Scanned deleted blocks log and got 0 delTX to process.
2019-09-10 07:04:22,556 [SCMBlockDeletingService#0] DEBUG block.SCMBlockDeletingService (SCMBlockDeletingService.java:call(138)) - Running DeletedBlockTransactionScanner
2019-09-10 07:04:22,556 [SCMBlockDeletingService#0] DEBUG block.SCMBlockDeletingService (SCMBlockDeletingService.java:call(155)) - Scanned deleted blocks log and got 0 delTX to process.
2019-09-10 07:04:22,656 [SCMBlockDeletingService#0] DEBUG block.SCMBlockDeletingService (SCMBlockDeletingService.java:call(138)) - Running DeletedBlockTransactionScanner
2019-09-10 07:04:22,657 [SCMBlockDeletingService#0] DEBUG block.SCMBlockDeletingService (SCMBlockDeletingService.java:call(155)) - Scanned deleted blocks log and got 0 delTX to process.
2019-09-10 07:04:22,757 [SCMBlockDeletingService#1] DEBUG block.SCMBlockDeletingService (SCMBlockDeletingService.java:call(138)) - Running DeletedBlockTransactionScanner
2019-09-10 07:04:22,757 [SCMBlockDeletingService#1] DEBUG block.SCMBlockDeletingService (SCMBlockDeletingService.java:call(155)) - Scanned deleted blocks log and got 0 delTX to process.
2019-09-10 07:04:22,857 [SCMBlockDeletingService#1] DEBUG block.SCMBlockDeletingService (SCMBlockDeletingService.java:call(138)) - Running DeletedBlockTransactionScanner
2019-09-10 07:04:22,857 [SCMBlockDeletingService#1] DEBUG block.SCMBlockDeletingService (SCMBlockDeletingService.java:call(155)) - Scanned deleted blocks log and got 0 delTX to process.
2019-09-10 07:04:22,958 [SCMBlockDeletingService#1] DEBUG block.SCMBlockDeletingService (SCMBlockDeletingService.java:call(138)) - Running DeletedBlockTransactionScanner
2019-09-10 07:04:22,958 [SCMBlockDeletingService#1] DEBUG block.SCMBlockDeletingService (SCMBlockDeletingService.java:call(155)) - Scanned deleted blocks log and got 0 delTX to process.
2019-09-10 07:04:23,058 [SCMBlockDeletingService#1] DEBUG block.SCMBlockDeletingService (SCMBlockDeletingService.java:call(138)) - Running DeletedBlockTransactionScanner
2019-09-10 07:04:23,059 [SCMBlockDeletingService#1] DEBUG block.SCMBlockDeletingService (SCMBlockDeletingService.java:call(155)) - Scanned deleted blocks log and got 0 delTX to process.
2019-09-10 07:04:23,159 [SCMBlockDeletingService#1] DEBUG block.SCMBlockDeletingService (SCMBlockDeletingService.java:call(138)) - Running DeletedBlockTransactionScanner
2019-09-10 07:04:23,160 [SCMBlockDeletingService#1] DEBUG block.SCMBlockDeletingService (SCMBlockDeletingService.java:call(155)) - Scanned deleted blocks log and got 0 delTX to process.
2019-09-10 07:04:23,260 [SCMBlockDeletingService#0] DEBUG block.SCMBlockDeletingService (SCMBlockDeletingService.java:call(138)) - Running DeletedBlockTransactionScanner
2019-09-10 07:04:23,260 [SCMBlockDeletingService#0] DEBUG block.SCMBlockDeletingService (SCMBlockDeletingService.java:call(155)) - Scanned deleted blocks log and got 0 delTX to process.
2019-09-10 07:04:23,360 [SCMBlockDeletingService#0] DEBUG block.SCMBlockDeletingService (SCMBlockDeletingService.java:call(138)) - Running DeletedBlockTransactionScanner
2019-09-10 07:04:23,361 [SCMBlockDeletingService#0] DEBUG block.SCMBlockDeletingService (SCMBlockDeletingService.java:call(155)) - Scanned deleted blocks log and got 0 delTX to process.
2019-09-10 07:04:23,461 [SCMBlockDeletingService#0] DEBUG block.SCMBlockDeletingService (SCMBlockDeletingService.java:call(138)) - Running DeletedBlockTransactionScanner
2019-09-10 07:04:23,461 [SCMBlockDeletingService#0] DEBUG block.SCMBlockDeletingService (SCMBlockDeletingService.java:call(155)) - Scanned deleted blocks log and got 0 delTX to process.
2019-09-10 07:04:23,562 [SCMBlockDeletingService#0] DEBUG block.SCMBlockDeletingService (SCMBlockDeletingService.java:call(138)) - Running DeletedBlockTransactionScanner
2019-09-10 07:04:23,562 [SCMBlockDeletingService#0] DEBUG block.SCMBlockDeletingService (SCMBlockDeletingService.java:call(155)) - Scanned deleted blocks log and got 0 delTX to process.
2019-09-10 07:04:23,662 [SCMBlockDeletingService#0] DEBUG block.SCMBlockDeletingService (SCMBlockDeletingService.java:call(138)) - Running DeletedBlockTransactionScanner
2019-09-10 07:04:23,663 [SCMBlockDeletingService#0] DEBUG block.SCMBlockDeletingService (SCMBlockDeletingService.java:call(155)) - Scanned deleted blocks log and got 0 delTX to process.
2019-09-10 07:04:23,763 [SCMBlockDeletingService#1] DEBUG block.SCMBlockDeletingService (SCMBlockDeletingService.java:call(138)) - Running DeletedBlockTransactionScanner
2019-09-10 07:04:23,763 [SCMBlockDeletingService#1] DEBUG block.SCMBlockDeletingService (SCMBlockDeletingService.java:call(155)) - Scanned deleted blocks log and got 0 delTX to process.
2019-09-10 07:04:23,863 [SCMBlockDeletingService#0] DEBUG block.SCMBlockDeletingService (SCMBlockDeletingService.java:call(138)) - Running DeletedBlockTransactionScanner
2019-09-10 07:04:23,863 [SCMBlockDeletingService#0] DEBUG block.SCMBlockDeletingService (SCMBlockDeletingService.java:call(155)) - Scanned deleted blocks log and got 0 delTX to process.
2019-09-10 07:04:23,964 [SCMBlockDeletingService#0] DEBUG block.SCMBlockDeletingService (SCMBlockDeletingService.java:call(138)) - Running DeletedBlockTransactionScanner
2019-09-10 07:04:23,964 [SCMBlockDeletingService#0] DEBUG block.SCMBlockDeletingService (SCMBlockDeletingService.java:call(155)) - Scanned deleted blocks log and got 0 delTX to process.
2019-09-10 07:04:24,064 [SCMBlockDeletingService#0] DEBUG block.SCMBlockDeletingService (SCMBlockDeletingService.java:call(138)) - Running DeletedBlockTransactionScanner
2019-09-10 07:04:24,064 [SCMBlockDeletingService#0] DEBUG block.SCMBlockDeletingService (SCMBlockDeletingService.java:call(155)) - Scanned deleted blocks log and got 0 delTX to process.
2019-09-10 07:04:24,165 [SCMBlockDeletingService#0] DEBUG block.SCMBlockDeletingService (SCMBlockDeletingService.java:call(138)) - Running DeletedBlockTransactionScanner
2019-09-10 07:04:24,165 [SCMBlockDeletingService#0] DEBUG block.SCMBlockDeletingService (SCMBlockDeletingService.java:call(155)) - Scanned deleted blocks log and got 0 delTX to process.
2019-09-10 07:04:24,265 [SCMBlockDeletingService#0] DEBUG block.SCMBlockDeletingService (SCMBlockDeletingService.java:call(138)) - Running DeletedBlockTransactionScanner
2019-09-10 07:04:24,266 [SCMBlockDeletingService#0] DEBUG block.SCMBlockDeletingService (SCMBlockDeletingService.java:call(155)) - Scanned deleted blocks log and got 0 delTX to process.
2019-09-10 07:04:24,366 [SCMBlockDeletingService#0] DEBUG block.SCMBlockDeletingService (SCMBlockDeletingService.java:call(138)) - Running DeletedBlockTransactionScanner
2019-09-10 07:04:24,366 [SCMBlockDeletingService#0] DEBUG block.SCMBlockDeletingService (SCMBlockDeletingService.java:call(155)) - Scanned deleted blocks log and got 0 delTX to process.
2019-09-10 07:04:24,466 [SCMBlockDeletingService#0] DEBUG block.SCMBlockDeletingService (SCMBlockDeletingService.java:call(138)) - Running DeletedBlockTransactionScanner
2019-09-10 07:04:24,467 [SCMBlockDeletingService#0] DEBUG block.SCMBlockDeletingService (SCMBlockDeletingService.java:call(155)) - Scanned deleted blocks log and got 0 delTX to process.
2019-09-10 07:04:24,567 [SCMBlockDeletingService#0] DEBUG block.SCMBlockDeletingService (SCMBlockDeletingService.java:call(138)) - Running DeletedBlockTransactionScanner
2019-09-10 07:04:24,567 [SCMBlockDeletingService#0] DEBUG block.SCMBlockDeletingService (SCMBlockDeletingService.java:call(155)) - Scanned deleted blocks log and got 0 delTX to process.
2019-09-10 07:04:24,667 [SCMBlockDeletingService#0] DEBUG block.SCMBlockDeletingService (SCMBlockDeletingService.java:call(138)) - Running DeletedBlockTransactionScanner
2019-09-10 07:04:24,668 [SCMBlockDeletingService#0] DEBUG block.SCMBlockDeletingService (SCMBlockDeletingService.java:call(155)) - Scanned deleted blocks log and got 0 delTX to process.
2019-09-10 07:04:24,768 [SCMBlockDeletingService#0] DEBUG block.SCMBlockDeletingService (SCMBlockDeletingService.java:call(138)) - Running DeletedBlockTransactionScanner
2019-09-10 07:04:24,768 [SCMBlockDeletingService#0] DEBUG block.SCMBlockDeletingService (SCMBlockDeletingService.java:call(155)) - Scanned deleted blocks log and got 0 delTX to process.
2019-09-10 07:04:24,869 [SCMBlockDeletingService#0] DEBUG block.SCMBlockDeletingService (SCMBlockDeletingService.java:call(138)) - Running DeletedBlockTransactionScanner
2019-09-10 07:04:24,869 [SCMBlockDeletingService#0] DEBUG block.SCMBlockDeletingService (SCMBlockDeletingService.java:call(155)) - Scanned deleted blocks log and got 0 delTX to process.
2019-09-10 07:04:24,969 [SCMBlockDeletingService#0] DEBUG block.SCMBlockDeletingService (SCMBlockDeletingService.java:call(138)) - Running DeletedBlockTransactionScanner
2019-09-10 07:04:24,970 [SCMBlockDeletingService#0] DEBUG block.SCMBlockDeletingService (SCMBlockDeletingService.java:call(155)) - Scanned deleted blocks log and got 0 delTX to process.
2019-09-10 07:04:25,070 [SCMBlockDeletingService#0] DEBUG block.SCMBlockDeletingService (SCMBlockDeletingService.java:call(138)) - Running DeletedBlockTransactionScanner
2019-09-10 07:04:25,071 [SCMBlockDeletingService#0] DEBUG block.SCMBlockDeletingService (SCMBlockDeletingService.java:call(155)) - Scanned deleted blocks log and got 0 delTX to process.
2019-09-10 07:04:25,171 [SCMBlockDeletingService#0] DEBUG block.SCMBlockDeletingService (SCMBlockDeletingService.java:call(138)) - Running DeletedBlockTransactionScanner
2019-09-10 07:04:25,171 [SCMBlockDeletingService#0] DEBUG block.SCMBlockDeletingService (SCMBlockDeletingService.java:call(155)) - Scanned deleted blocks log and got 0 delTX to process.
2019-09-10 07:04:25,272 [SCMBlockDeletingService#0] DEBUG block.SCMBlockDeletingService (SCMBlockDeletingService.java:call(138)) - Running DeletedBlockTransactionScanner
2019-09-10 07:04:25,272 [SCMBlockDeletingService#0] DEBUG block.SCMBlockDeletingService (SCMBlockDeletingService.java:call(155)) - Scanned deleted blocks log and got 0 delTX to process.
2019-09-10 07:04:25,372 [SCMBlockDeletingService#0] DEBUG block.SCMBlockDeletingService (SCMBlockDeletingService.java:call(138)) - Running DeletedBlockTransactionScanner
2019-09-10 07:04:25,373 [SCMBlockDeletingService#0] DEBUG block.SCMBlockDeletingService (SCMBlockDeletingService.java:call(155)) - Scanned deleted blocks log and got 0 delTX to process.
2019-09-10 07:04:25,473 [SCMBlockDeletingService#0] DEBUG block.SCMBlockDeletingService (SCMBlockDeletingService.java:call(138)) - Running DeletedBlockTransactionScanner
2019-09-10 07:04:25,473 [SCMBlockDeletingService#0] DEBUG block.SCMBlockDeletingService (SCMBlockDeletingService.java:call(155)) - Scanned deleted blocks log and got 0 delTX to process.
2019-09-10 07:04:25,574 [SCMBlockDeletingService#0] DEBUG block.SCMBlockDeletingService (SCMBlockDeletingService.java:call(138)) - Running DeletedBlockTransactionScanner
2019-09-10 07:04:25,574 [SCMBlockDeletingService#0] DEBUG block.SCMBlockDeletingService (SCMBlockDeletingService.java:call(155)) - Scanned deleted blocks log and got 0 delTX to process.
2019-09-10 07:04:25,674 [SCMBlockDeletingService#0] DEBUG block.SCMBlockDeletingService (SCMBlockDeletingService.java:call(138)) - Running DeletedBlockTransactionScanner
2019-09-10 07:04:25,675 [SCMBlockDeletingService#0] DEBUG block.SCMBlockDeletingService (SCMBlockDeletingService.java:call(155)) - Scanned deleted blocks log and got 0 delTX to process.
2019-09-10 07:04:25,775 [SCMBlockDeletingService#0] DEBUG block.SCMBlockDeletingService (SCMBlockDeletingService.java:call(138)) - Running DeletedBlockTransactionScanner
2019-09-10 07:04:25,775 [SCMBlockDeletingService#0] DEBUG block.SCMBlockDeletingService (SCMBlockDeletingService.java:call(155)) - Scanned deleted blocks log and got 0 delTX to process.
2019-09-10 07:04:25,876 [SCMBlockDeletingService#0] DEBUG block.SCMBlockDeletingService (SCMBlockDeletingService.java:call(138)) - Running DeletedBlockTransactionScanner
2019-09-10 07:04:25,876 [SCMBlockDeletingService#0] DEBUG block.SCMBlockDeletingService (SCMBlockDeletingService.java:call(155)) - Scanned deleted blocks log and got 0 delTX to process.
2019-09-10 07:04:25,977 [SCMBlockDeletingService#0] DEBUG block.SCMBlockDeletingService (SCMBlockDeletingService.java:call(138)) - Running DeletedBlockTransactionScanner
2019-09-10 07:04:25,977 [SCMBlockDeletingService#0] DEBUG block.SCMBlockDeletingService (SCMBlockDeletingService.java:call(155)) - Scanned deleted blocks log and got 0 delTX to process.
2019-09-10 07:04:26,077 [SCMBlockDeletingService#0] DEBUG block.SCMBlockDeletingService (SCMBlockDeletingService.java:call(138)) - Running DeletedBlockTransactionScanner
2019-09-10 07:04:26,078 [SCMBlockDeletingService#0] DEBUG block.SCMBlockDeletingService (SCMBlockDeletingService.java:call(155)) - Scanned deleted blocks log and got 0 delTX to process.
2019-09-10 07:04:26,178 [SCMBlockDeletingService#0] DEBUG block.SCMBlockDeletingService (SCMBlockDeletingService.java:call(138)) - Running DeletedBlockTransactionScanner
2019-09-10 07:04:26,178 [SCMBlockDeletingService#0] DEBUG block.SCMBlockDeletingService (SCMBlockDeletingService.java:call(155)) - Scanned deleted blocks log and got 0 delTX to process.
2019-09-10 07:04:26,279 [SCMBlockDeletingService#0] DEBUG block.SCMBlockDeletingService (SCMBlockDeletingService.java:call(138)) - Running DeletedBlockTransactionScanner
2019-09-10 07:04:26,279 [SCMBlockDeletingService#0] DEBUG block.SCMBlockDeletingService (SCMBlockDeletingService.java:call(155)) - Scanned deleted blocks log and got 0 delTX to process.
2019-09-10 07:04:26,379 [SCMBlockDeletingService#0] DEBUG block.SCMBlockDeletingService (SCMBlockDeletingService.java:call(138)) - Running DeletedBlockTransactionScanner
2019-09-10 07:04:26,379 [SCMBlockDeletingService#0] DEBUG block.SCMBlockDeletingService (SCMBlockDeletingService.java:call(155)) - Scanned deleted blocks log and got 0 delTX to process.
2019-09-10 07:04:26,480 [SCMBlockDeletingService#0] DEBUG block.SCMBlockDeletingService (SCMBlockDeletingService.java:call(138)) - Running DeletedBlockTransactionScanner
2019-09-10 07:04:26,480 [SCMBlockDeletingService#0] DEBUG block.SCMBlockDeletingService (SCMBlockDeletingService.java:call(155)) - Scanned deleted blocks log and got 0 delTX to process.
2019-09-10 07:04:26,580 [SCMBlockDeletingService#0] DEBUG block.SCMBlockDeletingService (SCMBlockDeletingService.java:call(138)) - Running DeletedBlockTransactionScanner
2019-09-10 07:04:26,581 [SCMBlockDeletingService#0] DEBUG block.SCMBlockDeletingService (SCMBlockDeletingService.java:call(155)) - Scanned deleted blocks log and got 0 delTX to process.
2019-09-10 07:04:26,681 [SCMBlockDeletingService#0] DEBUG block.SCMBlockDeletingService (SCMBlockDeletingService.java:call(138)) - Running DeletedBlockTransactionScanner
2019-09-10 07:04:26,681 [SCMBlockDeletingService#0] DEBUG block.SCMBlockDeletingService (SCMBlockDeletingService.java:call(155)) - Scanned deleted blocks log and got 0 delTX to process.
2019-09-10 07:04:26,782 [SCMBlockDeletingService#0] DEBUG block.SCMBlockDeletingService (SCMBlockDeletingService.java:call(138)) - Running DeletedBlockTransactionScanner
2019-09-10 07:04:26,782 [SCMBlockDeletingService#0] DEBUG block.SCMBlockDeletingService (SCMBlockDeletingService.java:call(155)) - Scanned deleted blocks log and got 0 delTX to process.
2019-09-10 07:04:26,882 [SCMBlockDeletingService#0] DEBUG block.SCMBlockDeletingService (SCMBlockDeletingService.java:call(138)) - Running DeletedBlockTransactionScanner
2019-09-10 07:04:26,882 [SCMBlockDeletingService#0] DEBUG block.SCMBlockDeletingService (SCMBlockDeletingService.java:call(155)) - Scanned deleted blocks log and got 0 delTX to process.
2019-09-10 07:04:26,983 [SCMBlockDeletingService#0] DEBUG block.SCMBlockDeletingService (SCMBlockDeletingService.java:call(138)) - Running DeletedBlockTransactionScanner
2019-09-10 07:04:26,983 [SCMBlockDeletingService#0] DEBUG block.SCMBlockDeletingService (SCMBlockDeletingService.java:call(155)) - Scanned deleted blocks log and got 0 delTX to process.
2019-09-10 07:04:27,083 [SCMBlockDeletingService#0] DEBUG block.SCMBlockDeletingService (SCMBlockDeletingService.java:call(138)) - Running DeletedBlockTransactionScanner
2019-09-10 07:04:27,084 [SCMBlockDeletingService#0] DEBUG block.SCMBlockDeletingService (SCMBlockDeletingService.java:call(155)) - Scanned deleted blocks log and got 0 delTX to process.
2019-09-10 07:04:27,184 [SCMBlockDeletingService#0] DEBUG block.SCMBlockDeletingService (SCMBlockDeletingService.java:call(138)) - Running DeletedBlockTransactionScanner
2019-09-10 07:04:27,184 [SCMBlockDeletingService#0] DEBUG block.SCMBlockDeletingService (SCMBlockDeletingService.java:call(155)) - Scanned deleted blocks log and got 0 delTX to process.
2019-09-10 07:04:27,285 [SCMBlockDeletingService#0] DEBUG block.SCMBlockDeletingService (SCMBlockDeletingService.java:call(138)) - Running DeletedBlockTransactionScanner
2019-09-10 07:04:27,285 [SCMBlockDeletingService#0] DEBUG block.SCMBlockDeletingService (SCMBlockDeletingService.java:call(155)) - Scanned deleted blocks log and got 0 delTX to process.
2019-09-10 07:04:27,385 [SCMBlockDeletingService#1] DEBUG block.SCMBlockDeletingService (SCMBlockDeletingService.java:call(138)) - Running DeletedBlockTransactionScanner
2019-09-10 07:04:27,386 [SCMBlockDeletingService#1] DEBUG block.SCMBlockDeletingService (SCMBlockDeletingService.java:call(155)) - Scanned deleted blocks log and got 0 delTX to process.
2019-09-10 07:04:27,486 [SCMBlockDeletingService#1] DEBUG block.SCMBlockDeletingService (SCMBlockDeletingService.java:call(138)) - Running DeletedBlockTransactionScanner
2019-09-10 07:04:27,486 [SCMBlockDeletingService#1] DEBUG block.SCMBlockDeletingService (SCMBlockDeletingService.java:call(155)) - Scanned deleted blocks log and got 0 delTX to process.
2019-09-10 07:04:27,586 [SCMBlockDeletingService#1] DEBUG block.SCMBlockDeletingService (SCMBlockDeletingService.java:call(138)) - Running DeletedBlockTransactionScanner
2019-09-10 07:04:27,587 [SCMBlockDeletingService#1] DEBUG block.SCMBlockDeletingService (SCMBlockDeletingService.java:call(155)) - Scanned deleted blocks log and got 0 delTX to process.
2019-09-10 07:04:27,687 [SCMBlockDeletingService#1] DEBUG block.SCMBlockDeletingService (SCMBlockDeletingService.java:call(138)) - Running DeletedBlockTransactionScanner
2019-09-10 07:04:27,688 [SCMBlockDeletingService#1] DEBUG block.SCMBlockDeletingService (SCMBlockDeletingService.java:call(155)) - Scanned deleted blocks log and got 0 delTX to process.
2019-09-10 07:04:27,788 [SCMBlockDeletingService#1] DEBUG block.SCMBlockDeletingService (SCMBlockDeletingService.java:call(138)) - Running DeletedBlockTransactionScanner
2019-09-10 07:04:27,788 [SCMBlockDeletingService#1] DEBUG block.SCMBlockDeletingService (SCMBlockDeletingService.java:call(155)) - Scanned deleted blocks log and got 0 delTX to process.
2019-09-10 07:04:27,889 [SCMBlockDeletingService#1] DEBUG block.SCMBlockDeletingService (SCMBlockDeletingService.java:call(138)) - Running DeletedBlockTransactionScanner
2019-09-10 07:04:27,889 [SCMBlockDeletingService#1] DEBUG block.SCMBlockDeletingService (SCMBlockDeletingService.java:call(155)) - Scanned deleted blocks log and got 0 delTX to process.
2019-09-10 07:04:27,989 [SCMBlockDeletingService#1] DEBUG block.SCMBlockDeletingService (SCMBlockDeletingService.java:call(138)) - Running DeletedBlockTransactionScanner
2019-09-10 07:04:27,990 [SCMBlockDeletingService#1] DEBUG block.SCMBlockDeletingService (SCMBlockDeletingService.java:call(155)) - Scanned deleted blocks log and got 0 delTX to process.
2019-09-10 07:04:28,090 [SCMBlockDeletingService#1] DEBUG block.SCMBlockDeletingService (SCMBlockDeletingService.java:call(138)) - Running DeletedBlockTransactionScanner
2019-09-10 07:04:28,090 [SCMBlockDeletingService#1] DEBUG block.SCMBlockDeletingService (SCMBlockDeletingService.java:call(155)) - Scanned deleted blocks log and got 0 delTX to process.
2019-09-10 07:04:28,191 [SCMBlockDeletingService#1] DEBUG block.SCMBlockDeletingService (SCMBlockDeletingService.java:call(138)) - Running DeletedBlockTransactionScanner
2019-09-10 07:04:28,191 [SCMBlockDeletingService#1] DEBUG block.SCMBlockDeletingService (SCMBlockDeletingService.java:call(155)) - Scanned deleted blocks log and got 0 delTX to process.
2019-09-10 07:04:28,291 [SCMBlockDeletingService#1] DEBUG block.SCMBlockDeletingService (SCMBlockDeletingService.java:call(138)) - Running DeletedBlockTransactionScanner
2019-09-10 07:04:28,292 [SCMBlockDeletingService#1] DEBUG block.SCMBlockDeletingService (SCMBlockDeletingService.java:call(155)) - Scanned deleted blocks log and got 0 delTX to process.
2019-09-10 07:04:28,392 [SCMBlockDeletingService#1] DEBUG block.SCMBlockDeletingService (SCMBlockDeletingService.java:call(138)) - Running DeletedBlockTransactionScanner
2019-09-10 07:04:28,392 [SCMBlockDeletingService#1] DEBUG block.SCMBlockDeletingService (SCMBlockDeletingService.java:call(155)) - Scanned deleted blocks log and got 0 delTX to process.
2019-09-10 07:04:28,492 [SCMBlockDeletingService#0] DEBUG block.SCMBlockDeletingService (SCMBlockDeletingService.java:call(138)) - Running DeletedBlockTransactionScanner
2019-09-10 07:04:28,493 [SCMBlockDeletingService#0] DEBUG block.SCMBlockDeletingService (SCMBlockDeletingService.java:call(155)) - Scanned deleted blocks log and got 0 delTX to process.
2019-09-10 07:04:28,593 [SCMBlockDeletingService#0] DEBUG block.SCMBlockDeletingService (SCMBlockDeletingService.java:call(138)) - Running DeletedBlockTransactionScanner
2019-09-10 07:04:28,593 [SCMBlockDeletingService#0] DEBUG block.SCMBlockDeletingService (SCMBlockDeletingService.java:call(155)) - Scanned deleted blocks log and got 0 delTX to process.
2019-09-10 07:04:28,693 [SCMBlockDeletingService#0] DEBUG block.SCMBlockDeletingService (SCMBlockDeletingService.java:call(138)) - Running DeletedBlockTransactionScanner
2019-09-10 07:04:28,694 [SCMBlockDeletingService#0] DEBUG block.SCMBlockDeletingService (SCMBlockDeletingService.java:call(155)) - Scanned deleted blocks log and got 0 delTX to process.
2019-09-10 07:04:28,794 [SCMBlockDeletingService#0] DEBUG block.SCMBlockDeletingService (SCMBlockDeletingService.java:call(138)) - Running DeletedBlockTransactionScanner
2019-09-10 07:04:28,794 [SCMBlockDeletingService#0] DEBUG block.SCMBlockDeletingService (SCMBlockDeletingService.java:call(155)) - Scanned deleted blocks log and got 0 delTX to process.
2019-09-10 07:04:28,895 [SCMBlockDeletingService#0] DEBUG block.SCMBlockDeletingService (SCMBlockDeletingService.java:call(138)) - Running DeletedBlockTransactionScanner
2019-09-10 07:04:28,895 [SCMBlockDeletingService#0] DEBUG block.SCMBlockDeletingService (SCMBlockDeletingService.java:call(155)) - Scanned deleted blocks log and got 0 delTX to process.
2019-09-10 07:04:28,995 [SCMBlockDeletingService#0] DEBUG block.SCMBlockDeletingService (SCMBlockDeletingService.java:call(138)) - Running DeletedBlockTransactionScanner
2019-09-10 07:04:28,996 [SCMBlockDeletingService#0] DEBUG block.SCMBlockDeletingService (SCMBlockDeletingService.java:call(155)) - Scanned deleted blocks log and got 0 delTX to process.
2019-09-10 07:04:29,096 [SCMBlockDeletingService#0] DEBUG block.SCMBlockDeletingService (SCMBlockDeletingService.java:call(138)) - Running DeletedBlockTransactionScanner
2019-09-10 07:04:29,097 [SCMBlockDeletingService#0] DEBUG block.SCMBlockDeletingService (SCMBlockDeletingService.java:call(155)) - Scanned deleted blocks log and got 0 delTX to process.
2019-09-10 07:04:29,197 [SCMBlockDeletingService#0] DEBUG block.SCMBlockDeletingService (SCMBlockDeletingService.java:call(138)) - Running DeletedBlockTransactionScanner
2019-09-10 07:04:29,197 [SCMBlockDeletingService#0] DEBUG block.SCMBlockDeletingService (SCMBlockDeletingService.java:call(155)) - Scanned deleted blocks log and got 0 delTX to process.
2019-09-10 07:04:29,298 [SCMBlockDeletingService#0] DEBUG block.SCMBlockDeletingService (SCMBlockDeletingService.java:call(138)) - Running DeletedBlockTransactionScanner
2019-09-10 07:04:29,298 [SCMBlockDeletingService#0] DEBUG block.SCMBlockDeletingService (SCMBlockDeletingService.java:call(155)) - Scanned deleted blocks log and got 0 delTX to process.
2019-09-10 07:04:29,398 [SCMBlockDeletingService#0] DEBUG block.SCMBlockDeletingService (SCMBlockDeletingService.java:call(138)) - Running DeletedBlockTransactionScanner
2019-09-10 07:04:29,399 [SCMBlockDeletingService#0] DEBUG block.SCMBlockDeletingService (SCMBlockDeletingService.java:call(155)) - Scanned deleted blocks log and got 0 delTX to process.
2019-09-10 07:04:29,499 [SCMBlockDeletingService#0] DEBUG block.SCMBlockDeletingService (SCMBlockDeletingService.java:call(138)) - Running DeletedBlockTransactionScanner
2019-09-10 07:04:29,499 [SCMBlockDeletingService#0] DEBUG block.SCMBlockDeletingService (SCMBlockDeletingService.java:call(155)) - Scanned deleted blocks log and got 0 delTX to process.
2019-09-10 07:04:29,600 [SCMBlockDeletingService#0] DEBUG block.SCMBlockDeletingService (SCMBlockDeletingService.java:call(138)) - Running DeletedBlockTransactionScanner
2019-09-10 07:04:29,600 [SCMBlockDeletingService#0] DEBUG block.SCMBlockDeletingService (SCMBlockDeletingService.java:call(155)) - Scanned deleted blocks log and got 0 delTX to process.
2019-09-10 07:04:29,700 [SCMBlockDeletingService#0] DEBUG block.SCMBlockDeletingService (SCMBlockDeletingService.java:call(138)) - Running DeletedBlockTransactionScanner
2019-09-10 07:04:29,701 [SCMBlockDeletingService#0] DEBUG block.SCMBlockDeletingService (SCMBlockDeletingService.java:call(155)) - Scanned deleted blocks log and got 0 delTX to process.
2019-09-10 07:04:29,801 [SCMBlockDeletingService#0] DEBUG block.SCMBlockDeletingService (SCMBlockDeletingService.java:call(138)) - Running DeletedBlockTransactionScanner
2019-09-10 07:04:29,801 [SCMBlockDeletingService#0] DEBUG block.SCMBlockDeletingService (SCMBlockDeletingService.java:call(155)) - Scanned deleted blocks log and got 0 delTX to process.
2019-09-10 07:04:29,902 [SCMBlockDeletingService#0] DEBUG block.SCMBlockDeletingService (SCMBlockDeletingService.java:call(138)) - Running DeletedBlockTransactionScanner
2019-09-10 07:04:29,902 [SCMBlockDeletingService#0] DEBUG block.SCMBlockDeletingService (SCMBlockDeletingService.java:call(155)) - Scanned deleted blocks log and got 0 delTX to process.
2019-09-10 07:04:30,002 [SCMBlockDeletingService#0] DEBUG block.SCMBlockDeletingService (SCMBlockDeletingService.java:call(138)) - Running DeletedBlockTransactionScanner
2019-09-10 07:04:30,002 [SCMBlockDeletingService#0] DEBUG block.SCMBlockDeletingService (SCMBlockDeletingService.java:call(155)) - Scanned deleted blocks log and got 0 delTX to process.
2019-09-10 07:04:30,103 [SCMBlockDeletingService#0] DEBUG block.SCMBlockDeletingService (SCMBlockDeletingService.java:call(138)) - Running DeletedBlockTransactionScanner
2019-09-10 07:04:30,103 [SCMBlockDeletingService#0] DEBUG block.SCMBlockDeletingService (SCMBlockDeletingService.java:call(155)) - Scanned deleted blocks log and got 0 delTX to process.
2019-09-10 07:04:30,203 [SCMBlockDeletingService#0] DEBUG block.SCMBlockDeletingService (SCMBlockDeletingService.java:call(138)) - Running DeletedBlockTransactionScanner
2019-09-10 07:04:30,204 [SCMBlockDeletingService#0] DEBUG block.SCMBlockDeletingService (SCMBlockDeletingService.java:call(155)) - Scanned deleted blocks log and got 0 delTX to process.
2019-09-10 07:04:30,304 [SCMBlockDeletingService#0] DEBUG block.SCMBlockDeletingService (SCMBlockDeletingService.java:call(138)) - Running DeletedBlockTransactionScanner
2019-09-10 07:04:30,304 [SCMBlockDeletingService#0] DEBUG block.SCMBlockDeletingService (SCMBlockDeletingService.java:call(155)) - Scanned deleted blocks log and got 0 delTX to process.
2019-09-10 07:04:30,405 [SCMBlockDeletingService#0] DEBUG block.SCMBlockDeletingService (SCMBlockDeletingService.java:call(138)) - Running DeletedBlockTransactionScanner
2019-09-10 07:04:30,405 [SCMBlockDeletingService#0] DEBUG block.SCMBlockDeletingService (SCMBlockDeletingService.java:call(155)) - Scanned deleted blocks log and got 0 delTX to process.
2019-09-10 07:04:30,505 [SCMBlockDeletingService#0] DEBUG block.SCMBlockDeletingService (SCMBlockDeletingService.java:call(138)) - Running DeletedBlockTransactionScanner
2019-09-10 07:04:30,505 [SCMBlockDeletingService#0] DEBUG block.SCMBlockDeletingService (SCMBlockDeletingService.java:call(155)) - Scanned deleted blocks log and got 0 delTX to process.
2019-09-10 07:04:30,606 [SCMBlockDeletingService#0] DEBUG block.SCMBlockDeletingService (SCMBlockDeletingService.java:call(138)) - Running DeletedBlockTransactionScanner
2019-09-10 07:04:30,606 [SCMBlockDeletingService#0] DEBUG block.SCMBlockDeletingService (SCMBlockDeletingService.java:call(155)) - Scanned deleted blocks log and got 0 delTX to process.
2019-09-10 07:04:30,707 [SCMBlockDeletingService#0] DEBUG block.SCMBlockDeletingService (SCMBlockDeletingService.java:call(138)) - Running DeletedBlockTransactionScanner
2019-09-10 07:04:30,707 [SCMBlockDeletingService#0] DEBUG block.SCMBlockDeletingService (SCMBlockDeletingService.java:call(155)) - Scanned deleted blocks log and got 0 delTX to process.
2019-09-10 07:04:30,807 [SCMBlockDeletingService#0] DEBUG block.SCMBlockDeletingService (SCMBlockDeletingService.java:call(138)) - Running DeletedBlockTransactionScanner
2019-09-10 07:04:30,808 [SCMBlockDeletingService#0] DEBUG block.SCMBlockDeletingService (SCMBlockDeletingService.java:call(155)) - Scanned deleted blocks log and got 0 delTX to process.
2019-09-10 07:04:30,908 [SCMBlockDeletingService#0] DEBUG block.SCMBlockDeletingService (SCMBlockDeletingService.java:call(138)) - Running DeletedBlockTransactionScanner
2019-09-10 07:04:30,908 [SCMBlockDeletingService#0] DEBUG block.SCMBlockDeletingService (SCMBlockDeletingService.java:call(155)) - Scanned deleted blocks log and got 0 delTX to process.
2019-09-10 07:04:31,008 [SCMBlockDeletingService#0] DEBUG block.SCMBlockDeletingService (SCMBlockDeletingService.java:call(138)) - Running DeletedBlockTransactionScanner
2019-09-10 07:04:31,009 [SCMBlockDeletingService#0] DEBUG block.SCMBlockDeletingService (SCMBlockDeletingService.java:call(155)) - Scanned deleted blocks log and got 0 delTX to process.
2019-09-10 07:04:31,109 [SCMBlockDeletingService#0] DEBUG block.SCMBlockDeletingService (SCMBlockDeletingService.java:call(138)) - Running DeletedBlockTransactionScanner
2019-09-10 07:04:31,110 [SCMBlockDeletingService#0] DEBUG block.SCMBlockDeletingService (SCMBlockDeletingService.java:call(155)) - Scanned deleted blocks log and got 0 delTX to process.
2019-09-10 07:04:31,210 [SCMBlockDeletingService#0] DEBUG block.SCMBlockDeletingService (SCMBlockDeletingService.java:call(138)) - Running DeletedBlockTransactionScanner
2019-09-10 07:04:31,210 [SCMBlockDeletingService#0] DEBUG block.SCMBlockDeletingService (SCMBlockDeletingService.java:call(155)) - Scanned deleted blocks log and got 0 delTX to process.
2019-09-10 07:04:31,311 [SCMBlockDeletingService#0] DEBUG block.SCMBlockDeletingService (SCMBlockDeletingService.java:call(138)) - Running DeletedBlockTransactionScanner
2019-09-10 07:04:31,311 [SCMBlockDeletingService#0] DEBUG block.SCMBlockDeletingService (SCMBlockDeletingService.java:call(155)) - Scanned deleted blocks log and got 0 delTX to process.
2019-09-10 07:04:31,411 [SCMBlockDeletingService#0] DEBUG block.SCMBlockDeletingService (SCMBlockDeletingService.java:call(138)) - Running DeletedBlockTransactionScanner
2019-09-10 07:04:31,411 [SCMBlockDeletingService#0] DEBUG block.SCMBlockDeletingService (SCMBlockDeletingService.java:call(155)) - Scanned deleted blocks log and got 0 delTX to process.
2019-09-10 07:04:31,512 [SCMBlockDeletingService#0] DEBUG block.SCMBlockDeletingService (SCMBlockDeletingService.java:call(138)) - Running DeletedBlockTransactionScanner
2019-09-10 07:04:31,512 [SCMBlockDeletingService#0] DEBUG block.SCMBlockDeletingService (SCMBlockDeletingService.java:call(155)) - Scanned deleted blocks log and got 0 delTX to process.
2019-09-10 07:04:31,612 [SCMBlockDeletingService#0] DEBUG block.SCMBlockDeletingService (SCMBlockDeletingService.java:call(138)) - Running DeletedBlockTransactionScanner
2019-09-10 07:04:31,613 [SCMBlockDeletingService#0] DEBUG block.SCMBlockDeletingService (SCMBlockDeletingService.java:call(155)) - Scanned deleted blocks log and got 0 delTX to process.
2019-09-10 07:04:31,713 [SCMBlockDeletingService#1] DEBUG block.SCMBlockDeletingService (SCMBlockDeletingService.java:call(138)) - Running DeletedBlockTransactionScanner
2019-09-10 07:04:31,713 [SCMBlockDeletingService#1] DEBUG block.SCMBlockDeletingService (SCMBlockDeletingService.java:call(155)) - Scanned deleted blocks log and got 0 delTX to process.
2019-09-10 07:04:31,814 [SCMBlockDeletingService#1] DEBUG block.SCMBlockDeletingService (SCMBlockDeletingService.java:call(138)) - Running DeletedBlockTransactionScanner
2019-09-10 07:04:31,814 [SCMBlockDeletingService#1] DEBUG block.SCMBlockDeletingService (SCMBlockDeletingService.java:call(155)) - Scanned deleted blocks log and got 0 delTX to process.
2019-09-10 07:04:31,914 [SCMBlockDeletingService#0] DEBUG block.SCMBlockDeletingService (SCMBlockDeletingService.java:call(138)) - Running DeletedBlockTransactionScanner
2019-09-10 07:04:31,915 [SCMBlockDeletingService#0] DEBUG block.SCMBlockDeletingService (SCMBlockDeletingService.java:call(155)) - Scanned deleted blocks log and got 0 delTX to process.
2019-09-10 07:04:32,015 [SCMBlockDeletingService#1] DEBUG block.SCMBlockDeletingService (SCMBlockDeletingService.java:call(138)) - Running DeletedBlockTransactionScanner
2019-09-10 07:04:32,016 [SCMBlockDeletingService#1] DEBUG block.SCMBlockDeletingService (SCMBlockDeletingService.java:call(155)) - Scanned deleted blocks log and got 0 delTX to process.
2019-09-10 07:04:32,069 [05f13708-5e6e-4ea1-a525-a3c8f7f54426@group-34B10843FE54-SegmentedRaftLogWorker] WARN  segmented.SegmentedRaftLogWorker (SegmentedRaftLogWorker.java:getFromFuture(90)) - Timeout 7/~
org.apache.ratis.protocol.TimeoutIOException: Timeout 10s: WriteLog:16: (t:1, i:16), STATEMACHINELOGENTRY, client-7F424F215E90, cid=11-writeStateMachineData
	at org.apache.ratis.util.IOUtils.getFromFuture(IOUtils.java:87)
	at org.apache.ratis.server.raftlog.segmented.SegmentedRaftLogWorker$StateMachineDataPolicy.getFromFuture(SegmentedRaftLogWorker.java:87)
	at org.apache.ratis.server.raftlog.segmented.SegmentedRaftLogWorker$WriteLog.execute(SegmentedRaftLogWorker.java:477)
	at org.apache.ratis.server.raftlog.segmented.SegmentedRaftLogWorker.run(SegmentedRaftLogWorker.java:289)
	at java.lang.Thread.run(Thread.java:748)
Caused by: java.util.concurrent.TimeoutException
	at java.util.concurrent.CompletableFuture.timedGet(CompletableFuture.java:1771)
	at java.util.concurrent.CompletableFuture.get(CompletableFuture.java:1915)
	at org.apache.ratis.util.IOUtils.getFromFuture(IOUtils.java:79)
	... 4 more
2019-09-10 07:04:32,116 [SCMBlockDeletingService#1] DEBUG block.SCMBlockDeletingService (SCMBlockDeletingService.java:call(138)) - Running DeletedBlockTransactionScanner
2019-09-10 07:04:32,117 [SCMBlockDeletingService#1] DEBUG block.SCMBlockDeletingService (SCMBlockDeletingService.java:call(155)) - Scanned deleted blocks log and got 0 delTX to process.
2019-09-10 07:04:32,217 [SCMBlockDeletingService#0] DEBUG block.SCMBlockDeletingService (SCMBlockDeletingService.java:call(138)) - Running DeletedBlockTransactionScanner
2019-09-10 07:04:32,217 [SCMBlockDeletingService#0] DEBUG block.SCMBlockDeletingService (SCMBlockDeletingService.java:call(155)) - Scanned deleted blocks log and got 0 delTX to process.
2019-09-10 07:04:32,318 [SCMBlockDeletingService#0] DEBUG block.SCMBlockDeletingService (SCMBlockDeletingService.java:call(138)) - Running DeletedBlockTransactionScanner
2019-09-10 07:04:32,318 [SCMBlockDeletingService#0] DEBUG block.SCMBlockDeletingService (SCMBlockDeletingService.java:call(155)) - Scanned deleted blocks log and got 0 delTX to process.
2019-09-10 07:04:32,418 [SCMBlockDeletingService#0] DEBUG block.SCMBlockDeletingService (SCMBlockDeletingService.java:call(138)) - Running DeletedBlockTransactionScanner
2019-09-10 07:04:32,419 [SCMBlockDeletingService#0] DEBUG block.SCMBlockDeletingService (SCMBlockDeletingService.java:call(155)) - Scanned deleted blocks log and got 0 delTX to process.
2019-09-10 07:04:32,519 [SCMBlockDeletingService#0] DEBUG block.SCMBlockDeletingService (SCMBlockDeletingService.java:call(138)) - Running DeletedBlockTransactionScanner
2019-09-10 07:04:32,520 [SCMBlockDeletingService#0] DEBUG block.SCMBlockDeletingService (SCMBlockDeletingService.java:call(155)) - Scanned deleted blocks log and got 0 delTX to process.
2019-09-10 07:04:32,620 [SCMBlockDeletingService#0] DEBUG block.SCMBlockDeletingService (SCMBlockDeletingService.java:call(138)) - Running DeletedBlockTransactionScanner
2019-09-10 07:04:32,620 [SCMBlockDeletingService#0] DEBUG block.SCMBlockDeletingService (SCMBlockDeletingService.java:call(155)) - Scanned deleted blocks log and got 0 delTX to process.
2019-09-10 07:04:32,721 [SCMBlockDeletingService#1] DEBUG block.SCMBlockDeletingService (SCMBlockDeletingService.java:call(138)) - Running DeletedBlockTransactionScanner
2019-09-10 07:04:32,721 [SCMBlockDeletingService#1] DEBUG block.SCMBlockDeletingService (SCMBlockDeletingService.java:call(155)) - Scanned deleted blocks log and got 0 delTX to process.
2019-09-10 07:04:32,822 [SCMBlockDeletingService#1] DEBUG block.SCMBlockDeletingService (SCMBlockDeletingService.java:call(138)) - Running DeletedBlockTransactionScanner
2019-09-10 07:04:32,822 [SCMBlockDeletingService#1] DEBUG block.SCMBlockDeletingService (SCMBlockDeletingService.java:call(155)) - Scanned deleted blocks log and got 0 delTX to process.
2019-09-10 07:04:32,922 [SCMBlockDeletingService#1] DEBUG block.SCMBlockDeletingService (SCMBlockDeletingService.java:call(138)) - Running DeletedBlockTransactionScanner
2019-09-10 07:04:32,923 [SCMBlockDeletingService#1] DEBUG block.SCMBlockDeletingService (SCMBlockDeletingService.java:call(155)) - Scanned deleted blocks log and got 0 delTX to process.
2019-09-10 07:04:33,023 [SCMBlockDeletingService#0] DEBUG block.SCMBlockDeletingService (SCMBlockDeletingService.java:call(138)) - Running DeletedBlockTransactionScanner
2019-09-10 07:04:33,023 [SCMBlockDeletingService#0] DEBUG block.SCMBlockDeletingService (SCMBlockDeletingService.java:call(155)) - Scanned deleted blocks log and got 0 delTX to process.
2019-09-10 07:04:33,124 [SCMBlockDeletingService#0] DEBUG block.SCMBlockDeletingService (SCMBlockDeletingService.java:call(138)) - Running DeletedBlockTransactionScanner
2019-09-10 07:04:33,124 [SCMBlockDeletingService#0] DEBUG block.SCMBlockDeletingService (SCMBlockDeletingService.java:call(155)) - Scanned deleted blocks log and got 0 delTX to process.
2019-09-10 07:04:33,225 [SCMBlockDeletingService#0] DEBUG block.SCMBlockDeletingService (SCMBlockDeletingService.java:call(138)) - Running DeletedBlockTransactionScanner
2019-09-10 07:04:33,225 [SCMBlockDeletingService#0] DEBUG block.SCMBlockDeletingService (SCMBlockDeletingService.java:call(155)) - Scanned deleted blocks log and got 0 delTX to process.
2019-09-10 07:04:33,326 [SCMBlockDeletingService#0] DEBUG block.SCMBlockDeletingService (SCMBlockDeletingService.java:call(138)) - Running DeletedBlockTransactionScanner
2019-09-10 07:04:33,326 [SCMBlockDeletingService#0] DEBUG block.SCMBlockDeletingService (SCMBlockDeletingService.java:call(155)) - Scanned deleted blocks log and got 0 delTX to process.
2019-09-10 07:04:33,426 [SCMBlockDeletingService#0] DEBUG block.SCMBlockDeletingService (SCMBlockDeletingService.java:call(138)) - Running DeletedBlockTransactionScanner
2019-09-10 07:04:33,427 [SCMBlockDeletingService#0] DEBUG block.SCMBlockDeletingService (SCMBlockDeletingService.java:call(155)) - Scanned deleted blocks log and got 0 delTX to process.
2019-09-10 07:04:33,527 [SCMBlockDeletingService#0] DEBUG block.SCMBlockDeletingService (SCMBlockDeletingService.java:call(138)) - Running DeletedBlockTransactionScanner
2019-09-10 07:04:33,527 [SCMBlockDeletingService#0] DEBUG block.SCMBlockDeletingService (SCMBlockDeletingService.java:call(155)) - Scanned deleted blocks log and got 0 delTX to process.
2019-09-10 07:04:33,628 [SCMBlockDeletingService#0] DEBUG block.SCMBlockDeletingService (SCMBlockDeletingService.java:call(138)) - Running DeletedBlockTransactionScanner
2019-09-10 07:04:33,628 [SCMBlockDeletingService#0] DEBUG block.SCMBlockDeletingService (SCMBlockDeletingService.java:call(155)) - Scanned deleted blocks log and got 0 delTX to process.
2019-09-10 07:04:33,728 [SCMBlockDeletingService#0] DEBUG block.SCMBlockDeletingService (SCMBlockDeletingService.java:call(138)) - Running DeletedBlockTransactionScanner
2019-09-10 07:04:33,729 [SCMBlockDeletingService#0] DEBUG block.SCMBlockDeletingService (SCMBlockDeletingService.java:call(155)) - Scanned deleted blocks log and got 0 delTX to process.
2019-09-10 07:04:33,829 [SCMBlockDeletingService#0] DEBUG block.SCMBlockDeletingService (SCMBlockDeletingService.java:call(138)) - Running DeletedBlockTransactionScanner
2019-09-10 07:04:33,829 [SCMBlockDeletingService#0] DEBUG block.SCMBlockDeletingService (SCMBlockDeletingService.java:call(155)) - Scanned deleted blocks log and got 0 delTX to process.
2019-09-10 07:04:33,929 [SCMBlockDeletingService#0] DEBUG block.SCMBlockDeletingService (SCMBlockDeletingService.java:call(138)) - Running DeletedBlockTransactionScanner
2019-09-10 07:04:33,930 [SCMBlockDeletingService#0] DEBUG block.SCMBlockDeletingService (SCMBlockDeletingService.java:call(155)) - Scanned deleted blocks log and got 0 delTX to process.
2019-09-10 07:04:34,030 [SCMBlockDeletingService#0] DEBUG block.SCMBlockDeletingService (SCMBlockDeletingService.java:call(138)) - Running DeletedBlockTransactionScanner
2019-09-10 07:04:34,030 [SCMBlockDeletingService#0] DEBUG block.SCMBlockDeletingService (SCMBlockDeletingService.java:call(155)) - Scanned deleted blocks log and got 0 delTX to process.
2019-09-10 07:04:34,131 [SCMBlockDeletingService#0] DEBUG block.SCMBlockDeletingService (SCMBlockDeletingService.java:call(138)) - Running DeletedBlockTransactionScanner
2019-09-10 07:04:34,131 [SCMBlockDeletingService#0] DEBUG block.SCMBlockDeletingService (SCMBlockDeletingService.java:call(155)) - Scanned deleted blocks log and got 0 delTX to process.
2019-09-10 07:04:34,231 [SCMBlockDeletingService#0] DEBUG block.SCMBlockDeletingService (SCMBlockDeletingService.java:call(138)) - Running DeletedBlockTransactionScanner
2019-09-10 07:04:34,232 [SCMBlockDeletingService#0] DEBUG block.SCMBlockDeletingService (SCMBlockDeletingService.java:call(155)) - Scanned deleted blocks log and got 0 delTX to process.
2019-09-10 07:04:34,332 [SCMBlockDeletingService#0] DEBUG block.SCMBlockDeletingService (SCMBlockDeletingService.java:call(138)) - Running DeletedBlockTransactionScanner
2019-09-10 07:04:34,332 [SCMBlockDeletingService#0] DEBUG block.SCMBlockDeletingService (SCMBlockDeletingService.java:call(155)) - Scanned deleted blocks log and got 0 delTX to process.
2019-09-10 07:04:34,433 [SCMBlockDeletingService#0] DEBUG block.SCMBlockDeletingService (SCMBlockDeletingService.java:call(138)) - Running DeletedBlockTransactionScanner
2019-09-10 07:04:34,433 [SCMBlockDeletingService#0] DEBUG block.SCMBlockDeletingService (SCMBlockDeletingService.java:call(155)) - Scanned deleted blocks log and got 0 delTX to process.
2019-09-10 07:04:34,533 [SCMBlockDeletingService#0] DEBUG block.SCMBlockDeletingService (SCMBlockDeletingService.java:call(138)) - Running DeletedBlockTransactionScanner
2019-09-10 07:04:34,533 [SCMBlockDeletingService#0] DEBUG block.SCMBlockDeletingService (SCMBlockDeletingService.java:call(155)) - Scanned deleted blocks log and got 0 delTX to process.
2019-09-10 07:04:34,634 [SCMBlockDeletingService#0] DEBUG block.SCMBlockDeletingService (SCMBlockDeletingService.java:call(138)) - Running DeletedBlockTransactionScanner
2019-09-10 07:04:34,634 [SCMBlockDeletingService#0] DEBUG block.SCMBlockDeletingService (SCMBlockDeletingService.java:call(155)) - Scanned deleted blocks log and got 0 delTX to process.
2019-09-10 07:04:34,735 [SCMBlockDeletingService#0] DEBUG block.SCMBlockDeletingService (SCMBlockDeletingService.java:call(138)) - Running DeletedBlockTransactionScanner
2019-09-10 07:04:34,735 [SCMBlockDeletingService#0] DEBUG block.SCMBlockDeletingService (SCMBlockDeletingService.java:call(155)) - Scanned deleted blocks log and got 0 delTX to process.
2019-09-10 07:04:34,835 [SCMBlockDeletingService#0] DEBUG block.SCMBlockDeletingService (SCMBlockDeletingService.java:call(138)) - Running DeletedBlockTransactionScanner
2019-09-10 07:04:34,836 [SCMBlockDeletingService#0] DEBUG block.SCMBlockDeletingService (SCMBlockDeletingService.java:call(155)) - Scanned deleted blocks log and got 0 delTX to process.
2019-09-10 07:04:34,936 [SCMBlockDeletingService#0] DEBUG block.SCMBlockDeletingService (SCMBlockDeletingService.java:call(138)) - Running DeletedBlockTransactionScanner
2019-09-10 07:04:34,937 [SCMBlockDeletingService#0] DEBUG block.SCMBlockDeletingService (SCMBlockDeletingService.java:call(155)) - Scanned deleted blocks log and got 0 delTX to process.
2019-09-10 07:04:35,037 [SCMBlockDeletingService#0] DEBUG block.SCMBlockDeletingService (SCMBlockDeletingService.java:call(138)) - Running DeletedBlockTransactionScanner
2019-09-10 07:04:35,038 [SCMBlockDeletingService#0] DEBUG block.SCMBlockDeletingService (SCMBlockDeletingService.java:call(155)) - Scanned deleted blocks log and got 0 delTX to process.
2019-09-10 07:04:35,138 [SCMBlockDeletingService#0] DEBUG block.SCMBlockDeletingService (SCMBlockDeletingService.java:call(138)) - Running DeletedBlockTransactionScanner
2019-09-10 07:04:35,138 [SCMBlockDeletingService#0] DEBUG block.SCMBlockDeletingService (SCMBlockDeletingService.java:call(155)) - Scanned deleted blocks log and got 0 delTX to process.
2019-09-10 07:04:35,239 [SCMBlockDeletingService#0] DEBUG block.SCMBlockDeletingService (SCMBlockDeletingService.java:call(138)) - Running DeletedBlockTransactionScanner
2019-09-10 07:04:35,239 [SCMBlockDeletingService#0] DEBUG block.SCMBlockDeletingService (SCMBlockDeletingService.java:call(155)) - Scanned deleted blocks log and got 0 delTX to process.
2019-09-10 07:04:35,339 [SCMBlockDeletingService#0] DEBUG block.SCMBlockDeletingService (SCMBlockDeletingService.java:call(138)) - Running DeletedBlockTransactionScanner
2019-09-10 07:04:35,340 [SCMBlockDeletingService#0] DEBUG block.SCMBlockDeletingService (SCMBlockDeletingService.java:call(155)) - Scanned deleted blocks log and got 0 delTX to process.
2019-09-10 07:04:35,440 [SCMBlockDeletingService#0] DEBUG block.SCMBlockDeletingService (SCMBlockDeletingService.java:call(138)) - Running DeletedBlockTransactionScanner
2019-09-10 07:04:35,440 [SCMBlockDeletingService#0] DEBUG block.SCMBlockDeletingService (SCMBlockDeletingService.java:call(155)) - Scanned deleted blocks log and got 0 delTX to process.
2019-09-10 07:04:35,541 [SCMBlockDeletingService#0] DEBUG block.SCMBlockDeletingService (SCMBlockDeletingService.java:call(138)) - Running DeletedBlockTransactionScanner
2019-09-10 07:04:35,541 [SCMBlockDeletingService#0] DEBUG block.SCMBlockDeletingService (SCMBlockDeletingService.java:call(155)) - Scanned deleted blocks log and got 0 delTX to process.
2019-09-10 07:04:35,641 [SCMBlockDeletingService#0] DEBUG block.SCMBlockDeletingService (SCMBlockDeletingService.java:call(138)) - Running DeletedBlockTransactionScanner
2019-09-10 07:04:35,642 [SCMBlockDeletingService#0] DEBUG block.SCMBlockDeletingService (SCMBlockDeletingService.java:call(155)) - Scanned deleted blocks log and got 0 delTX to process.
2019-09-10 07:04:35,742 [SCMBlockDeletingService#0] DEBUG block.SCMBlockDeletingService (SCMBlockDeletingService.java:call(138)) - Running DeletedBlockTransactionScanner
2019-09-10 07:04:35,742 [SCMBlockDeletingService#0] DEBUG block.SCMBlockDeletingService (SCMBlockDeletingService.java:call(155)) - Scanned deleted blocks log and got 0 delTX to process.
2019-09-10 07:04:35,843 [SCMBlockDeletingService#0] DEBUG block.SCMBlockDeletingService (SCMBlockDeletingService.java:call(138)) - Running DeletedBlockTransactionScanner
2019-09-10 07:04:35,843 [SCMBlockDeletingService#0] DEBUG block.SCMBlockDeletingService (SCMBlockDeletingService.java:call(155)) - Scanned deleted blocks log and got 0 delTX to process.
2019-09-10 07:04:35,943 [SCMBlockDeletingService#0] DEBUG block.SCMBlockDeletingService (SCMBlockDeletingService.java:call(138)) - Running DeletedBlockTransactionScanner
2019-09-10 07:04:35,944 [SCMBlockDeletingService#0] DEBUG block.SCMBlockDeletingService (SCMBlockDeletingService.java:call(155)) - Scanned deleted blocks log and got 0 delTX to process.
2019-09-10 07:04:36,044 [SCMBlockDeletingService#0] DEBUG block.SCMBlockDeletingService (SCMBlockDeletingService.java:call(138)) - Running DeletedBlockTransactionScanner
2019-09-10 07:04:36,044 [SCMBlockDeletingService#0] DEBUG block.SCMBlockDeletingService (SCMBlockDeletingService.java:call(155)) - Scanned deleted blocks log and got 0 delTX to process.
2019-09-10 07:04:36,145 [SCMBlockDeletingService#0] DEBUG block.SCMBlockDeletingService (SCMBlockDeletingService.java:call(138)) - Running DeletedBlockTransactionScanner
2019-09-10 07:04:36,145 [SCMBlockDeletingService#0] DEBUG block.SCMBlockDeletingService (SCMBlockDeletingService.java:call(155)) - Scanned deleted blocks log and got 0 delTX to process.
2019-09-10 07:04:36,245 [SCMBlockDeletingService#0] DEBUG block.SCMBlockDeletingService (SCMBlockDeletingService.java:call(138)) - Running DeletedBlockTransactionScanner
2019-09-10 07:04:36,246 [SCMBlockDeletingService#0] DEBUG block.SCMBlockDeletingService (SCMBlockDeletingService.java:call(155)) - Scanned deleted blocks log and got 0 delTX to process.
2019-09-10 07:04:36,346 [SCMBlockDeletingService#0] DEBUG block.SCMBlockDeletingService (SCMBlockDeletingService.java:call(138)) - Running DeletedBlockTransactionScanner
2019-09-10 07:04:36,346 [SCMBlockDeletingService#0] DEBUG block.SCMBlockDeletingService (SCMBlockDeletingService.java:call(155)) - Scanned deleted blocks log and got 0 delTX to process.
2019-09-10 07:04:36,447 [SCMBlockDeletingService#0] DEBUG block.SCMBlockDeletingService (SCMBlockDeletingService.java:call(138)) - Running DeletedBlockTransactionScanner
2019-09-10 07:04:36,447 [SCMBlockDeletingService#0] DEBUG block.SCMBlockDeletingService (SCMBlockDeletingService.java:call(155)) - Scanned deleted blocks log and got 0 delTX to process.
2019-09-10 07:04:36,547 [SCMBlockDeletingService#0] DEBUG block.SCMBlockDeletingService (SCMBlockDeletingService.java:call(138)) - Running DeletedBlockTransactionScanner
2019-09-10 07:04:36,548 [SCMBlockDeletingService#0] DEBUG block.SCMBlockDeletingService (SCMBlockDeletingService.java:call(155)) - Scanned deleted blocks log and got 0 delTX to process.
2019-09-10 07:04:36,648 [SCMBlockDeletingService#0] DEBUG block.SCMBlockDeletingService (SCMBlockDeletingService.java:call(138)) - Running DeletedBlockTransactionScanner
2019-09-10 07:04:36,648 [SCMBlockDeletingService#0] DEBUG block.SCMBlockDeletingService (SCMBlockDeletingService.java:call(155)) - Scanned deleted blocks log and got 0 delTX to process.
2019-09-10 07:04:36,749 [SCMBlockDeletingService#0] DEBUG block.SCMBlockDeletingService (SCMBlockDeletingService.java:call(138)) - Running DeletedBlockTransactionScanner
2019-09-10 07:04:36,749 [SCMBlockDeletingService#0] DEBUG block.SCMBlockDeletingService (SCMBlockDeletingService.java:call(155)) - Scanned deleted blocks log and got 0 delTX to process.
2019-09-10 07:04:36,849 [SCMBlockDeletingService#0] DEBUG block.SCMBlockDeletingService (SCMBlockDeletingService.java:call(138)) - Running DeletedBlockTransactionScanner
2019-09-10 07:04:36,849 [SCMBlockDeletingService#0] DEBUG block.SCMBlockDeletingService (SCMBlockDeletingService.java:call(155)) - Scanned deleted blocks log and got 0 delTX to process.
2019-09-10 07:04:36,950 [SCMBlockDeletingService#0] DEBUG block.SCMBlockDeletingService (SCMBlockDeletingService.java:call(138)) - Running DeletedBlockTransactionScanner
2019-09-10 07:04:36,950 [SCMBlockDeletingService#0] DEBUG block.SCMBlockDeletingService (SCMBlockDeletingService.java:call(155)) - Scanned deleted blocks log and got 0 delTX to process.
2019-09-10 07:04:37,050 [SCMBlockDeletingService#0] DEBUG block.SCMBlockDeletingService (SCMBlockDeletingService.java:call(138)) - Running DeletedBlockTransactionScanner
2019-09-10 07:04:37,051 [SCMBlockDeletingService#0] DEBUG block.SCMBlockDeletingService (SCMBlockDeletingService.java:call(155)) - Scanned deleted blocks log and got 0 delTX to process.
2019-09-10 07:04:37,151 [SCMBlockDeletingService#0] DEBUG block.SCMBlockDeletingService (SCMBlockDeletingService.java:call(138)) - Running DeletedBlockTransactionScanner
2019-09-10 07:04:37,152 [SCMBlockDeletingService#0] DEBUG block.SCMBlockDeletingService (SCMBlockDeletingService.java:call(155)) - Scanned deleted blocks log and got 0 delTX to process.
2019-09-10 07:04:37,252 [SCMBlockDeletingService#0] DEBUG block.SCMBlockDeletingService (SCMBlockDeletingService.java:call(138)) - Running DeletedBlockTransactionScanner
2019-09-10 07:04:37,252 [SCMBlockDeletingService#0] DEBUG block.SCMBlockDeletingService (SCMBlockDeletingService.java:call(155)) - Scanned deleted blocks log and got 0 delTX to process.
2019-09-10 07:04:37,353 [SCMBlockDeletingService#0] DEBUG block.SCMBlockDeletingService (SCMBlockDeletingService.java:call(138)) - Running DeletedBlockTransactionScanner
2019-09-10 07:04:37,353 [SCMBlockDeletingService#0] DEBUG block.SCMBlockDeletingService (SCMBlockDeletingService.java:call(155)) - Scanned deleted blocks log and got 0 delTX to process.
2019-09-10 07:04:37,453 [SCMBlockDeletingService#0] DEBUG block.SCMBlockDeletingService (SCMBlockDeletingService.java:call(138)) - Running DeletedBlockTransactionScanner
2019-09-10 07:04:37,454 [SCMBlockDeletingService#0] DEBUG block.SCMBlockDeletingService (SCMBlockDeletingService.java:call(155)) - Scanned deleted blocks log and got 0 delTX to process.
2019-09-10 07:04:37,554 [SCMBlockDeletingService#0] DEBUG block.SCMBlockDeletingService (SCMBlockDeletingService.java:call(138)) - Running DeletedBlockTransactionScanner
2019-09-10 07:04:37,554 [SCMBlockDeletingService#0] DEBUG block.SCMBlockDeletingService (SCMBlockDeletingService.java:call(155)) - Scanned deleted blocks log and got 0 delTX to process.
2019-09-10 07:04:37,655 [SCMBlockDeletingService#0] DEBUG block.SCMBlockDeletingService (SCMBlockDeletingService.java:call(138)) - Running DeletedBlockTransactionScanner
2019-09-10 07:04:37,655 [SCMBlockDeletingService#0] DEBUG block.SCMBlockDeletingService (SCMBlockDeletingService.java:call(155)) - Scanned deleted blocks log and got 0 delTX to process.
2019-09-10 07:04:37,755 [SCMBlockDeletingService#0] DEBUG block.SCMBlockDeletingService (SCMBlockDeletingService.java:call(138)) - Running DeletedBlockTransactionScanner
2019-09-10 07:04:37,756 [SCMBlockDeletingService#0] DEBUG block.SCMBlockDeletingService (SCMBlockDeletingService.java:call(155)) - Scanned deleted blocks log and got 0 delTX to process.
2019-09-10 07:04:37,856 [SCMBlockDeletingService#0] DEBUG block.SCMBlockDeletingService (SCMBlockDeletingService.java:call(138)) - Running DeletedBlockTransactionScanner
2019-09-10 07:04:37,856 [SCMBlockDeletingService#0] DEBUG block.SCMBlockDeletingService (SCMBlockDeletingService.java:call(155)) - Scanned deleted blocks log and got 0 delTX to process.
2019-09-10 07:04:37,956 [SCMBlockDeletingService#1] DEBUG block.SCMBlockDeletingService (SCMBlockDeletingService.java:call(138)) - Running DeletedBlockTransactionScanner
2019-09-10 07:04:37,957 [SCMBlockDeletingService#1] DEBUG block.SCMBlockDeletingService (SCMBlockDeletingService.java:call(155)) - Scanned deleted blocks log and got 0 delTX to process.
2019-09-10 07:04:38,057 [SCMBlockDeletingService#0] DEBUG block.SCMBlockDeletingService (SCMBlockDeletingService.java:call(138)) - Running DeletedBlockTransactionScanner
2019-09-10 07:04:38,057 [SCMBlockDeletingService#0] DEBUG block.SCMBlockDeletingService (SCMBlockDeletingService.java:call(155)) - Scanned deleted blocks log and got 0 delTX to process.
2019-09-10 07:04:38,158 [SCMBlockDeletingService#0] DEBUG block.SCMBlockDeletingService (SCMBlockDeletingService.java:call(138)) - Running DeletedBlockTransactionScanner
2019-09-10 07:04:38,158 [SCMBlockDeletingService#0] DEBUG block.SCMBlockDeletingService (SCMBlockDeletingService.java:call(155)) - Scanned deleted blocks log and got 0 delTX to process.
2019-09-10 07:04:38,258 [SCMBlockDeletingService#0] DEBUG block.SCMBlockDeletingService (SCMBlockDeletingService.java:call(138)) - Running DeletedBlockTransactionScanner
2019-09-10 07:04:38,259 [SCMBlockDeletingService#0] DEBUG block.SCMBlockDeletingService (SCMBlockDeletingService.java:call(155)) - Scanned deleted blocks log and got 0 delTX to process.
2019-09-10 07:04:38,359 [SCMBlockDeletingService#0] DEBUG block.SCMBlockDeletingService (SCMBlockDeletingService.java:call(138)) - Running DeletedBlockTransactionScanner
2019-09-10 07:04:38,359 [SCMBlockDeletingService#0] DEBUG block.SCMBlockDeletingService (SCMBlockDeletingService.java:call(155)) - Scanned deleted blocks log and got 0 delTX to process.
2019-09-10 07:04:38,460 [SCMBlockDeletingService#0] DEBUG block.SCMBlockDeletingService (SCMBlockDeletingService.java:call(138)) - Running DeletedBlockTransactionScanner
2019-09-10 07:04:38,460 [SCMBlockDeletingService#0] DEBUG block.SCMBlockDeletingService (SCMBlockDeletingService.java:call(155)) - Scanned deleted blocks log and got 0 delTX to process.
2019-09-10 07:04:38,560 [SCMBlockDeletingService#0] DEBUG block.SCMBlockDeletingService (SCMBlockDeletingService.java:call(138)) - Running DeletedBlockTransactionScanner
2019-09-10 07:04:38,560 [SCMBlockDeletingService#0] DEBUG block.SCMBlockDeletingService (SCMBlockDeletingService.java:call(155)) - Scanned deleted blocks log and got 0 delTX to process.
2019-09-10 07:04:38,661 [SCMBlockDeletingService#0] DEBUG block.SCMBlockDeletingService (SCMBlockDeletingService.java:call(138)) - Running DeletedBlockTransactionScanner
2019-09-10 07:04:38,661 [SCMBlockDeletingService#0] DEBUG block.SCMBlockDeletingService (SCMBlockDeletingService.java:call(155)) - Scanned deleted blocks log and got 0 delTX to process.
2019-09-10 07:04:38,761 [SCMBlockDeletingService#0] DEBUG block.SCMBlockDeletingService (SCMBlockDeletingService.java:call(138)) - Running DeletedBlockTransactionScanner
2019-09-10 07:04:38,761 [SCMBlockDeletingService#0] DEBUG block.SCMBlockDeletingService (SCMBlockDeletingService.java:call(155)) - Scanned deleted blocks log and got 0 delTX to process.
2019-09-10 07:04:38,862 [SCMBlockDeletingService#0] DEBUG block.SCMBlockDeletingService (SCMBlockDeletingService.java:call(138)) - Running DeletedBlockTransactionScanner
2019-09-10 07:04:38,862 [SCMBlockDeletingService#0] DEBUG block.SCMBlockDeletingService (SCMBlockDeletingService.java:call(155)) - Scanned deleted blocks log and got 0 delTX to process.
2019-09-10 07:04:38,962 [SCMBlockDeletingService#0] DEBUG block.SCMBlockDeletingService (SCMBlockDeletingService.java:call(138)) - Running DeletedBlockTransactionScanner
2019-09-10 07:04:38,963 [SCMBlockDeletingService#0] DEBUG block.SCMBlockDeletingService (SCMBlockDeletingService.java:call(155)) - Scanned deleted blocks log and got 0 delTX to process.
2019-09-10 07:04:39,063 [SCMBlockDeletingService#0] DEBUG block.SCMBlockDeletingService (SCMBlockDeletingService.java:call(138)) - Running DeletedBlockTransactionScanner
2019-09-10 07:04:39,063 [SCMBlockDeletingService#0] DEBUG block.SCMBlockDeletingService (SCMBlockDeletingService.java:call(155)) - Scanned deleted blocks log and got 0 delTX to process.
2019-09-10 07:04:39,164 [SCMBlockDeletingService#0] DEBUG block.SCMBlockDeletingService (SCMBlockDeletingService.java:call(138)) - Running DeletedBlockTransactionScanner
2019-09-10 07:04:39,164 [SCMBlockDeletingService#0] DEBUG block.SCMBlockDeletingService (SCMBlockDeletingService.java:call(155)) - Scanned deleted blocks log and got 0 delTX to process.
2019-09-10 07:04:39,265 [SCMBlockDeletingService#0] DEBUG block.SCMBlockDeletingService (SCMBlockDeletingService.java:call(138)) - Running DeletedBlockTransactionScanner
2019-09-10 07:04:39,265 [SCMBlockDeletingService#0] DEBUG block.SCMBlockDeletingService (SCMBlockDeletingService.java:call(155)) - Scanned deleted blocks log and got 0 delTX to process.
2019-09-10 07:04:39,365 [SCMBlockDeletingService#0] DEBUG block.SCMBlockDeletingService (SCMBlockDeletingService.java:call(138)) - Running DeletedBlockTransactionScanner
2019-09-10 07:04:39,365 [SCMBlockDeletingService#0] DEBUG block.SCMBlockDeletingService (SCMBlockDeletingService.java:call(155)) - Scanned deleted blocks log and got 0 delTX to process.
2019-09-10 07:04:39,466 [SCMBlockDeletingService#0] DEBUG block.SCMBlockDeletingService (SCMBlockDeletingService.java:call(138)) - Running DeletedBlockTransactionScanner
2019-09-10 07:04:39,466 [SCMBlockDeletingService#0] DEBUG block.SCMBlockDeletingService (SCMBlockDeletingService.java:call(155)) - Scanned deleted blocks log and got 0 delTX to process.
2019-09-10 07:04:39,566 [SCMBlockDeletingService#0] DEBUG block.SCMBlockDeletingService (SCMBlockDeletingService.java:call(138)) - Running DeletedBlockTransactionScanner
2019-09-10 07:04:39,567 [SCMBlockDeletingService#0] DEBUG block.SCMBlockDeletingService (SCMBlockDeletingService.java:call(155)) - Scanned deleted blocks log and got 0 delTX to process.
2019-09-10 07:04:39,667 [SCMBlockDeletingService#0] DEBUG block.SCMBlockDeletingService (SCMBlockDeletingService.java:call(138)) - Running DeletedBlockTransactionScanner
2019-09-10 07:04:39,667 [SCMBlockDeletingService#0] DEBUG block.SCMBlockDeletingService (SCMBlockDeletingService.java:call(155)) - Scanned deleted blocks log and got 0 delTX to process.
2019-09-10 07:04:39,768 [SCMBlockDeletingService#0] DEBUG block.SCMBlockDeletingService (SCMBlockDeletingService.java:call(138)) - Running DeletedBlockTransactionScanner
2019-09-10 07:04:39,768 [SCMBlockDeletingService#0] DEBUG block.SCMBlockDeletingService (SCMBlockDeletingService.java:call(155)) - Scanned deleted blocks log and got 0 delTX to process.
2019-09-10 07:04:39,868 [SCMBlockDeletingService#0] DEBUG block.SCMBlockDeletingService (SCMBlockDeletingService.java:call(138)) - Running DeletedBlockTransactionScanner
2019-09-10 07:04:39,869 [SCMBlockDeletingService#0] DEBUG block.SCMBlockDeletingService (SCMBlockDeletingService.java:call(155)) - Scanned deleted blocks log and got 0 delTX to process.
2019-09-10 07:04:39,969 [SCMBlockDeletingService#0] DEBUG block.SCMBlockDeletingService (SCMBlockDeletingService.java:call(138)) - Running DeletedBlockTransactionScanner
2019-09-10 07:04:39,969 [SCMBlockDeletingService#0] DEBUG block.SCMBlockDeletingService (SCMBlockDeletingService.java:call(155)) - Scanned deleted blocks log and got 0 delTX to process.
2019-09-10 07:04:40,069 [SCMBlockDeletingService#0] DEBUG block.SCMBlockDeletingService (SCMBlockDeletingService.java:call(138)) - Running DeletedBlockTransactionScanner
2019-09-10 07:04:40,070 [SCMBlockDeletingService#0] DEBUG block.SCMBlockDeletingService (SCMBlockDeletingService.java:call(155)) - Scanned deleted blocks log and got 0 delTX to process.
2019-09-10 07:04:40,170 [SCMBlockDeletingService#0] DEBUG block.SCMBlockDeletingService (SCMBlockDeletingService.java:call(138)) - Running DeletedBlockTransactionScanner
2019-09-10 07:04:40,170 [SCMBlockDeletingService#0] DEBUG block.SCMBlockDeletingService (SCMBlockDeletingService.java:call(155)) - Scanned deleted blocks log and got 0 delTX to process.
2019-09-10 07:04:40,271 [SCMBlockDeletingService#0] DEBUG block.SCMBlockDeletingService (SCMBlockDeletingService.java:call(138)) - Running DeletedBlockTransactionScanner
2019-09-10 07:04:40,271 [SCMBlockDeletingService#0] DEBUG block.SCMBlockDeletingService (SCMBlockDeletingService.java:call(155)) - Scanned deleted blocks log and got 0 delTX to process.
2019-09-10 07:04:40,371 [SCMBlockDeletingService#0] DEBUG block.SCMBlockDeletingService (SCMBlockDeletingService.java:call(138)) - Running DeletedBlockTransactionScanner
2019-09-10 07:04:40,372 [SCMBlockDeletingService#0] DEBUG block.SCMBlockDeletingService (SCMBlockDeletingService.java:call(155)) - Scanned deleted blocks log and got 0 delTX to process.
2019-09-10 07:04:40,472 [SCMBlockDeletingService#0] DEBUG block.SCMBlockDeletingService (SCMBlockDeletingService.java:call(138)) - Running DeletedBlockTransactionScanner
2019-09-10 07:04:40,472 [SCMBlockDeletingService#0] DEBUG block.SCMBlockDeletingService (SCMBlockDeletingService.java:call(155)) - Scanned deleted blocks log and got 0 delTX to process.
2019-09-10 07:04:40,572 [SCMBlockDeletingService#0] DEBUG block.SCMBlockDeletingService (SCMBlockDeletingService.java:call(138)) - Running DeletedBlockTransactionScanner
2019-09-10 07:04:40,573 [SCMBlockDeletingService#0] DEBUG block.SCMBlockDeletingService (SCMBlockDeletingService.java:call(155)) - Scanned deleted blocks log and got 0 delTX to process.
2019-09-10 07:04:40,673 [SCMBlockDeletingService#0] DEBUG block.SCMBlockDeletingService (SCMBlockDeletingService.java:call(138)) - Running DeletedBlockTransactionScanner
2019-09-10 07:04:40,673 [SCMBlockDeletingService#0] DEBUG block.SCMBlockDeletingService (SCMBlockDeletingService.java:call(155)) - Scanned deleted blocks log and got 0 delTX to process.
2019-09-10 07:04:40,774 [SCMBlockDeletingService#0] DEBUG block.SCMBlockDeletingService (SCMBlockDeletingService.java:call(138)) - Running DeletedBlockTransactionScanner
2019-09-10 07:04:40,774 [SCMBlockDeletingService#0] DEBUG block.SCMBlockDeletingService (SCMBlockDeletingService.java:call(155)) - Scanned deleted blocks log and got 0 delTX to process.
2019-09-10 07:04:40,875 [SCMBlockDeletingService#0] DEBUG block.SCMBlockDeletingService (SCMBlockDeletingService.java:call(138)) - Running DeletedBlockTransactionScanner
2019-09-10 07:04:40,875 [SCMBlockDeletingService#0] DEBUG block.SCMBlockDeletingService (SCMBlockDeletingService.java:call(155)) - Scanned deleted blocks log and got 0 delTX to process.
2019-09-10 07:04:40,975 [SCMBlockDeletingService#0] DEBUG block.SCMBlockDeletingService (SCMBlockDeletingService.java:call(138)) - Running DeletedBlockTransactionScanner
2019-09-10 07:04:40,975 [SCMBlockDeletingService#0] DEBUG block.SCMBlockDeletingService (SCMBlockDeletingService.java:call(155)) - Scanned deleted blocks log and got 0 delTX to process.
2019-09-10 07:04:41,076 [SCMBlockDeletingService#0] DEBUG block.SCMBlockDeletingService (SCMBlockDeletingService.java:call(138)) - Running DeletedBlockTransactionScanner
2019-09-10 07:04:41,076 [SCMBlockDeletingService#0] DEBUG block.SCMBlockDeletingService (SCMBlockDeletingService.java:call(155)) - Scanned deleted blocks log and got 0 delTX to process.
2019-09-10 07:04:41,177 [SCMBlockDeletingService#0] DEBUG block.SCMBlockDeletingService (SCMBlockDeletingService.java:call(138)) - Running DeletedBlockTransactionScanner
2019-09-10 07:04:41,177 [SCMBlockDeletingService#0] DEBUG block.SCMBlockDeletingService (SCMBlockDeletingService.java:call(155)) - Scanned deleted blocks log and got 0 delTX to process.
2019-09-10 07:04:41,277 [SCMBlockDeletingService#0] DEBUG block.SCMBlockDeletingService (SCMBlockDeletingService.java:call(138)) - Running DeletedBlockTransactionScanner
2019-09-10 07:04:41,277 [SCMBlockDeletingService#0] DEBUG block.SCMBlockDeletingService (SCMBlockDeletingService.java:call(155)) - Scanned deleted blocks log and got 0 delTX to process.
2019-09-10 07:04:41,378 [SCMBlockDeletingService#0] DEBUG block.SCMBlockDeletingService (SCMBlockDeletingService.java:call(138)) - Running DeletedBlockTransactionScanner
2019-09-10 07:04:41,378 [SCMBlockDeletingService#0] DEBUG block.SCMBlockDeletingService (SCMBlockDeletingService.java:call(155)) - Scanned deleted blocks log and got 0 delTX to process.
2019-09-10 07:04:41,478 [SCMBlockDeletingService#0] DEBUG block.SCMBlockDeletingService (SCMBlockDeletingService.java:call(138)) - Running DeletedBlockTransactionScanner
2019-09-10 07:04:41,479 [SCMBlockDeletingService#0] DEBUG block.SCMBlockDeletingService (SCMBlockDeletingService.java:call(155)) - Scanned deleted blocks log and got 0 delTX to process.
2019-09-10 07:04:41,579 [SCMBlockDeletingService#0] DEBUG block.SCMBlockDeletingService (SCMBlockDeletingService.java:call(138)) - Running DeletedBlockTransactionScanner
2019-09-10 07:04:41,579 [SCMBlockDeletingService#0] DEBUG block.SCMBlockDeletingService (SCMBlockDeletingService.java:call(155)) - Scanned deleted blocks log and got 0 delTX to process.
2019-09-10 07:04:41,680 [SCMBlockDeletingService#0] DEBUG block.SCMBlockDeletingService (SCMBlockDeletingService.java:call(138)) - Running DeletedBlockTransactionScanner
2019-09-10 07:04:41,680 [SCMBlockDeletingService#0] DEBUG block.SCMBlockDeletingService (SCMBlockDeletingService.java:call(155)) - Scanned deleted blocks log and got 0 delTX to process.
2019-09-10 07:04:41,780 [SCMBlockDeletingService#0] DEBUG block.SCMBlockDeletingService (SCMBlockDeletingService.java:call(138)) - Running DeletedBlockTransactionScanner
2019-09-10 07:04:41,780 [SCMBlockDeletingService#0] DEBUG block.SCMBlockDeletingService (SCMBlockDeletingService.java:call(155)) - Scanned deleted blocks log and got 0 delTX to process.
2019-09-10 07:04:41,880 [SCMBlockDeletingService#0] DEBUG block.SCMBlockDeletingService (SCMBlockDeletingService.java:call(138)) - Running DeletedBlockTransactionScanner
2019-09-10 07:04:41,880 [SCMBlockDeletingService#0] DEBUG block.SCMBlockDeletingService (SCMBlockDeletingService.java:call(155)) - Scanned deleted blocks log and got 0 delTX to process.
2019-09-10 07:04:41,981 [SCMBlockDeletingService#0] DEBUG block.SCMBlockDeletingService (SCMBlockDeletingService.java:call(138)) - Running DeletedBlockTransactionScanner
2019-09-10 07:04:41,981 [SCMBlockDeletingService#0] DEBUG block.SCMBlockDeletingService (SCMBlockDeletingService.java:call(155)) - Scanned deleted blocks log and got 0 delTX to process.
2019-09-10 07:04:42,070 [05f13708-5e6e-4ea1-a525-a3c8f7f54426@group-34B10843FE54-SegmentedRaftLogWorker] WARN  segmented.SegmentedRaftLogWorker (SegmentedRaftLogWorker.java:getFromFuture(90)) - Timeout 8/~
org.apache.ratis.protocol.TimeoutIOException: Timeout 10s: WriteLog:16: (t:1, i:16), STATEMACHINELOGENTRY, client-7F424F215E90, cid=11-writeStateMachineData
	at org.apache.ratis.util.IOUtils.getFromFuture(IOUtils.java:87)
	at org.apache.ratis.server.raftlog.segmented.SegmentedRaftLogWorker$StateMachineDataPolicy.getFromFuture(SegmentedRaftLogWorker.java:87)
	at org.apache.ratis.server.raftlog.segmented.SegmentedRaftLogWorker$WriteLog.execute(SegmentedRaftLogWorker.java:477)
	at org.apache.ratis.server.raftlog.segmented.SegmentedRaftLogWorker.run(SegmentedRaftLogWorker.java:289)
	at java.lang.Thread.run(Thread.java:748)
Caused by: java.util.concurrent.TimeoutException
	at java.util.concurrent.CompletableFuture.timedGet(CompletableFuture.java:1771)
	at java.util.concurrent.CompletableFuture.get(CompletableFuture.java:1915)
	at org.apache.ratis.util.IOUtils.getFromFuture(IOUtils.java:79)
	... 4 more
2019-09-10 07:04:42,081 [SCMBlockDeletingService#0] DEBUG block.SCMBlockDeletingService (SCMBlockDeletingService.java:call(138)) - Running DeletedBlockTransactionScanner
2019-09-10 07:04:42,081 [SCMBlockDeletingService#0] DEBUG block.SCMBlockDeletingService (SCMBlockDeletingService.java:call(155)) - Scanned deleted blocks log and got 0 delTX to process.
2019-09-10 07:04:42,182 [SCMBlockDeletingService#0] DEBUG block.SCMBlockDeletingService (SCMBlockDeletingService.java:call(138)) - Running DeletedBlockTransactionScanner
2019-09-10 07:04:42,182 [SCMBlockDeletingService#0] DEBUG block.SCMBlockDeletingService (SCMBlockDeletingService.java:call(155)) - Scanned deleted blocks log and got 0 delTX to process.
2019-09-10 07:04:42,282 [SCMBlockDeletingService#0] DEBUG block.SCMBlockDeletingService (SCMBlockDeletingService.java:call(138)) - Running DeletedBlockTransactionScanner
2019-09-10 07:04:42,283 [SCMBlockDeletingService#0] DEBUG block.SCMBlockDeletingService (SCMBlockDeletingService.java:call(155)) - Scanned deleted blocks log and got 0 delTX to process.
2019-09-10 07:04:42,383 [SCMBlockDeletingService#0] DEBUG block.SCMBlockDeletingService (SCMBlockDeletingService.java:call(138)) - Running DeletedBlockTransactionScanner
2019-09-10 07:04:42,383 [SCMBlockDeletingService#0] DEBUG block.SCMBlockDeletingService (SCMBlockDeletingService.java:call(155)) - Scanned deleted blocks log and got 0 delTX to process.
2019-09-10 07:04:42,484 [SCMBlockDeletingService#0] DEBUG block.SCMBlockDeletingService (SCMBlockDeletingService.java:call(138)) - Running DeletedBlockTransactionScanner
2019-09-10 07:04:42,484 [SCMBlockDeletingService#0] DEBUG block.SCMBlockDeletingService (SCMBlockDeletingService.java:call(155)) - Scanned deleted blocks log and got 0 delTX to process.
2019-09-10 07:04:42,584 [SCMBlockDeletingService#0] DEBUG block.SCMBlockDeletingService (SCMBlockDeletingService.java:call(138)) - Running DeletedBlockTransactionScanner
2019-09-10 07:04:42,584 [SCMBlockDeletingService#0] DEBUG block.SCMBlockDeletingService (SCMBlockDeletingService.java:call(155)) - Scanned deleted blocks log and got 0 delTX to process.
2019-09-10 07:04:42,685 [SCMBlockDeletingService#0] DEBUG block.SCMBlockDeletingService (SCMBlockDeletingService.java:call(138)) - Running DeletedBlockTransactionScanner
2019-09-10 07:04:42,685 [SCMBlockDeletingService#0] DEBUG block.SCMBlockDeletingService (SCMBlockDeletingService.java:call(155)) - Scanned deleted blocks log and got 0 delTX to process.
2019-09-10 07:04:42,785 [SCMBlockDeletingService#0] DEBUG block.SCMBlockDeletingService (SCMBlockDeletingService.java:call(138)) - Running DeletedBlockTransactionScanner
2019-09-10 07:04:42,786 [SCMBlockDeletingService#0] DEBUG block.SCMBlockDeletingService (SCMBlockDeletingService.java:call(155)) - Scanned deleted blocks log and got 0 delTX to process.
2019-09-10 07:04:42,886 [SCMBlockDeletingService#0] DEBUG block.SCMBlockDeletingService (SCMBlockDeletingService.java:call(138)) - Running DeletedBlockTransactionScanner
2019-09-10 07:04:42,886 [SCMBlockDeletingService#0] DEBUG block.SCMBlockDeletingService (SCMBlockDeletingService.java:call(155)) - Scanned deleted blocks log and got 0 delTX to process.
2019-09-10 07:04:42,987 [SCMBlockDeletingService#0] DEBUG block.SCMBlockDeletingService (SCMBlockDeletingService.java:call(138)) - Running DeletedBlockTransactionScanner
2019-09-10 07:04:42,987 [SCMBlockDeletingService#0] DEBUG block.SCMBlockDeletingService (SCMBlockDeletingService.java:call(155)) - Scanned deleted blocks log and got 0 delTX to process.
2019-09-10 07:04:43,087 [SCMBlockDeletingService#0] DEBUG block.SCMBlockDeletingService (SCMBlockDeletingService.java:call(138)) - Running DeletedBlockTransactionScanner
2019-09-10 07:04:43,088 [SCMBlockDeletingService#0] DEBUG block.SCMBlockDeletingService (SCMBlockDeletingService.java:call(155)) - Scanned deleted blocks log and got 0 delTX to process.
2019-09-10 07:04:43,188 [SCMBlockDeletingService#0] DEBUG block.SCMBlockDeletingService (SCMBlockDeletingService.java:call(138)) - Running DeletedBlockTransactionScanner
2019-09-10 07:04:43,188 [SCMBlockDeletingService#0] DEBUG block.SCMBlockDeletingService (SCMBlockDeletingService.java:call(155)) - Scanned deleted blocks log and got 0 delTX to process.
2019-09-10 07:04:43,289 [SCMBlockDeletingService#0] DEBUG block.SCMBlockDeletingService (SCMBlockDeletingService.java:call(138)) - Running DeletedBlockTransactionScanner
2019-09-10 07:04:43,289 [SCMBlockDeletingService#0] DEBUG block.SCMBlockDeletingService (SCMBlockDeletingService.java:call(155)) - Scanned deleted blocks log and got 0 delTX to process.
2019-09-10 07:04:43,390 [SCMBlockDeletingService#0] DEBUG block.SCMBlockDeletingService (SCMBlockDeletingService.java:call(138)) - Running DeletedBlockTransactionScanner
2019-09-10 07:04:43,390 [SCMBlockDeletingService#0] DEBUG block.SCMBlockDeletingService (SCMBlockDeletingService.java:call(155)) - Scanned deleted blocks log and got 0 delTX to process.
2019-09-10 07:04:43,490 [SCMBlockDeletingService#0] DEBUG block.SCMBlockDeletingService (SCMBlockDeletingService.java:call(138)) - Running DeletedBlockTransactionScanner
2019-09-10 07:04:43,490 [SCMBlockDeletingService#0] DEBUG block.SCMBlockDeletingService (SCMBlockDeletingService.java:call(155)) - Scanned deleted blocks log and got 0 delTX to process.
2019-09-10 07:04:43,591 [SCMBlockDeletingService#1] DEBUG block.SCMBlockDeletingService (SCMBlockDeletingService.java:call(138)) - Running DeletedBlockTransactionScanner
2019-09-10 07:04:43,591 [SCMBlockDeletingService#1] DEBUG block.SCMBlockDeletingService (SCMBlockDeletingService.java:call(155)) - Scanned deleted blocks log and got 0 delTX to process.
2019-09-10 07:04:43,691 [SCMBlockDeletingService#1] DEBUG block.SCMBlockDeletingService (SCMBlockDeletingService.java:call(138)) - Running DeletedBlockTransactionScanner
2019-09-10 07:04:43,691 [SCMBlockDeletingService#1] DEBUG block.SCMBlockDeletingService (SCMBlockDeletingService.java:call(155)) - Scanned deleted blocks log and got 0 delTX to process.
2019-09-10 07:04:43,792 [SCMBlockDeletingService#1] DEBUG block.SCMBlockDeletingService (SCMBlockDeletingService.java:call(138)) - Running DeletedBlockTransactionScanner
2019-09-10 07:04:43,792 [SCMBlockDeletingService#1] DEBUG block.SCMBlockDeletingService (SCMBlockDeletingService.java:call(155)) - Scanned deleted blocks log and got 0 delTX to process.
2019-09-10 07:04:43,893 [SCMBlockDeletingService#1] DEBUG block.SCMBlockDeletingService (SCMBlockDeletingService.java:call(138)) - Running DeletedBlockTransactionScanner
2019-09-10 07:04:43,893 [SCMBlockDeletingService#1] DEBUG block.SCMBlockDeletingService (SCMBlockDeletingService.java:call(155)) - Scanned deleted blocks log and got 0 delTX to process.
2019-09-10 07:04:43,993 [SCMBlockDeletingService#1] DEBUG block.SCMBlockDeletingService (SCMBlockDeletingService.java:call(138)) - Running DeletedBlockTransactionScanner
2019-09-10 07:04:43,994 [SCMBlockDeletingService#1] DEBUG block.SCMBlockDeletingService (SCMBlockDeletingService.java:call(155)) - Scanned deleted blocks log and got 0 delTX to process.
2019-09-10 07:04:44,094 [SCMBlockDeletingService#1] DEBUG block.SCMBlockDeletingService (SCMBlockDeletingService.java:call(138)) - Running DeletedBlockTransactionScanner
2019-09-10 07:04:44,094 [SCMBlockDeletingService#1] DEBUG block.SCMBlockDeletingService (SCMBlockDeletingService.java:call(155)) - Scanned deleted blocks log and got 0 delTX to process.
2019-09-10 07:04:44,195 [SCMBlockDeletingService#1] DEBUG block.SCMBlockDeletingService (SCMBlockDeletingService.java:call(138)) - Running DeletedBlockTransactionScanner
2019-09-10 07:04:44,195 [SCMBlockDeletingService#1] DEBUG block.SCMBlockDeletingService (SCMBlockDeletingService.java:call(155)) - Scanned deleted blocks log and got 0 delTX to process.
2019-09-10 07:04:44,296 [SCMBlockDeletingService#1] DEBUG block.SCMBlockDeletingService (SCMBlockDeletingService.java:call(138)) - Running DeletedBlockTransactionScanner
2019-09-10 07:04:44,296 [SCMBlockDeletingService#1] DEBUG block.SCMBlockDeletingService (SCMBlockDeletingService.java:call(155)) - Scanned deleted blocks log and got 0 delTX to process.
2019-09-10 07:04:44,396 [SCMBlockDeletingService#1] DEBUG block.SCMBlockDeletingService (SCMBlockDeletingService.java:call(138)) - Running DeletedBlockTransactionScanner
2019-09-10 07:04:44,396 [SCMBlockDeletingService#1] DEBUG block.SCMBlockDeletingService (SCMBlockDeletingService.java:call(155)) - Scanned deleted blocks log and got 0 delTX to process.
2019-09-10 07:04:44,497 [SCMBlockDeletingService#1] DEBUG block.SCMBlockDeletingService (SCMBlockDeletingService.java:call(138)) - Running DeletedBlockTransactionScanner
2019-09-10 07:04:44,497 [SCMBlockDeletingService#1] DEBUG block.SCMBlockDeletingService (SCMBlockDeletingService.java:call(155)) - Scanned deleted blocks log and got 0 delTX to process.
2019-09-10 07:04:44,597 [SCMBlockDeletingService#1] DEBUG block.SCMBlockDeletingService (SCMBlockDeletingService.java:call(138)) - Running DeletedBlockTransactionScanner
2019-09-10 07:04:44,598 [SCMBlockDeletingService#1] DEBUG block.SCMBlockDeletingService (SCMBlockDeletingService.java:call(155)) - Scanned deleted blocks log and got 0 delTX to process.
2019-09-10 07:04:44,698 [SCMBlockDeletingService#1] DEBUG block.SCMBlockDeletingService (SCMBlockDeletingService.java:call(138)) - Running DeletedBlockTransactionScanner
2019-09-10 07:04:44,698 [SCMBlockDeletingService#1] DEBUG block.SCMBlockDeletingService (SCMBlockDeletingService.java:call(155)) - Scanned deleted blocks log and got 0 delTX to process.
2019-09-10 07:04:44,798 [SCMBlockDeletingService#0] DEBUG block.SCMBlockDeletingService (SCMBlockDeletingService.java:call(138)) - Running DeletedBlockTransactionScanner
2019-09-10 07:04:44,799 [SCMBlockDeletingService#0] DEBUG block.SCMBlockDeletingService (SCMBlockDeletingService.java:call(155)) - Scanned deleted blocks log and got 0 delTX to process.
2019-09-10 07:04:44,899 [SCMBlockDeletingService#0] DEBUG block.SCMBlockDeletingService (SCMBlockDeletingService.java:call(138)) - Running DeletedBlockTransactionScanner
2019-09-10 07:04:44,899 [SCMBlockDeletingService#0] DEBUG block.SCMBlockDeletingService (SCMBlockDeletingService.java:call(155)) - Scanned deleted blocks log and got 0 delTX to process.
2019-09-10 07:04:45,000 [SCMBlockDeletingService#0] DEBUG block.SCMBlockDeletingService (SCMBlockDeletingService.java:call(138)) - Running DeletedBlockTransactionScanner
2019-09-10 07:04:45,000 [SCMBlockDeletingService#0] DEBUG block.SCMBlockDeletingService (SCMBlockDeletingService.java:call(155)) - Scanned deleted blocks log and got 0 delTX to process.
2019-09-10 07:04:45,100 [SCMBlockDeletingService#0] DEBUG block.SCMBlockDeletingService (SCMBlockDeletingService.java:call(138)) - Running DeletedBlockTransactionScanner
2019-09-10 07:04:45,101 [SCMBlockDeletingService#0] DEBUG block.SCMBlockDeletingService (SCMBlockDeletingService.java:call(155)) - Scanned deleted blocks log and got 0 delTX to process.
2019-09-10 07:04:45,201 [SCMBlockDeletingService#0] DEBUG block.SCMBlockDeletingService (SCMBlockDeletingService.java:call(138)) - Running DeletedBlockTransactionScanner
2019-09-10 07:04:45,201 [SCMBlockDeletingService#0] DEBUG block.SCMBlockDeletingService (SCMBlockDeletingService.java:call(155)) - Scanned deleted blocks log and got 0 delTX to process.
2019-09-10 07:04:45,302 [SCMBlockDeletingService#0] DEBUG block.SCMBlockDeletingService (SCMBlockDeletingService.java:call(138)) - Running DeletedBlockTransactionScanner
2019-09-10 07:04:45,302 [SCMBlockDeletingService#0] DEBUG block.SCMBlockDeletingService (SCMBlockDeletingService.java:call(155)) - Scanned deleted blocks log and got 0 delTX to process.
2019-09-10 07:04:45,402 [SCMBlockDeletingService#0] DEBUG block.SCMBlockDeletingService (SCMBlockDeletingService.java:call(138)) - Running DeletedBlockTransactionScanner
2019-09-10 07:04:45,403 [SCMBlockDeletingService#0] DEBUG block.SCMBlockDeletingService (SCMBlockDeletingService.java:call(155)) - Scanned deleted blocks log and got 0 delTX to process.
2019-09-10 07:04:45,503 [SCMBlockDeletingService#0] DEBUG block.SCMBlockDeletingService (SCMBlockDeletingService.java:call(138)) - Running DeletedBlockTransactionScanner
2019-09-10 07:04:45,503 [SCMBlockDeletingService#0] DEBUG block.SCMBlockDeletingService (SCMBlockDeletingService.java:call(155)) - Scanned deleted blocks log and got 0 delTX to process.
2019-09-10 07:04:45,603 [SCMBlockDeletingService#0] DEBUG block.SCMBlockDeletingService (SCMBlockDeletingService.java:call(138)) - Running DeletedBlockTransactionScanner
2019-09-10 07:04:45,604 [SCMBlockDeletingService#0] DEBUG block.SCMBlockDeletingService (SCMBlockDeletingService.java:call(155)) - Scanned deleted blocks log and got 0 delTX to process.
2019-09-10 07:04:45,704 [SCMBlockDeletingService#0] DEBUG block.SCMBlockDeletingService (SCMBlockDeletingService.java:call(138)) - Running DeletedBlockTransactionScanner
2019-09-10 07:04:45,705 [SCMBlockDeletingService#0] DEBUG block.SCMBlockDeletingService (SCMBlockDeletingService.java:call(155)) - Scanned deleted blocks log and got 0 delTX to process.
2019-09-10 07:04:45,805 [SCMBlockDeletingService#0] DEBUG block.SCMBlockDeletingService (SCMBlockDeletingService.java:call(138)) - Running DeletedBlockTransactionScanner
2019-09-10 07:04:45,805 [SCMBlockDeletingService#0] DEBUG block.SCMBlockDeletingService (SCMBlockDeletingService.java:call(155)) - Scanned deleted blocks log and got 0 delTX to process.
2019-09-10 07:04:45,906 [SCMBlockDeletingService#0] DEBUG block.SCMBlockDeletingService (SCMBlockDeletingService.java:call(138)) - Running DeletedBlockTransactionScanner
2019-09-10 07:04:45,906 [SCMBlockDeletingService#0] DEBUG block.SCMBlockDeletingService (SCMBlockDeletingService.java:call(155)) - Scanned deleted blocks log and got 0 delTX to process.
2019-09-10 07:04:46,006 [SCMBlockDeletingService#0] DEBUG block.SCMBlockDeletingService (SCMBlockDeletingService.java:call(138)) - Running DeletedBlockTransactionScanner
2019-09-10 07:04:46,007 [SCMBlockDeletingService#0] DEBUG block.SCMBlockDeletingService (SCMBlockDeletingService.java:call(155)) - Scanned deleted blocks log and got 0 delTX to process.
2019-09-10 07:04:46,107 [SCMBlockDeletingService#0] DEBUG block.SCMBlockDeletingService (SCMBlockDeletingService.java:call(138)) - Running DeletedBlockTransactionScanner
2019-09-10 07:04:46,107 [SCMBlockDeletingService#0] DEBUG block.SCMBlockDeletingService (SCMBlockDeletingService.java:call(155)) - Scanned deleted blocks log and got 0 delTX to process.
2019-09-10 07:04:46,208 [SCMBlockDeletingService#0] DEBUG block.SCMBlockDeletingService (SCMBlockDeletingService.java:call(138)) - Running DeletedBlockTransactionScanner
2019-09-10 07:04:46,208 [SCMBlockDeletingService#0] DEBUG block.SCMBlockDeletingService (SCMBlockDeletingService.java:call(155)) - Scanned deleted blocks log and got 0 delTX to process.
2019-09-10 07:04:46,308 [SCMBlockDeletingService#0] DEBUG block.SCMBlockDeletingService (SCMBlockDeletingService.java:call(138)) - Running DeletedBlockTransactionScanner
2019-09-10 07:04:46,308 [SCMBlockDeletingService#0] DEBUG block.SCMBlockDeletingService (SCMBlockDeletingService.java:call(155)) - Scanned deleted blocks log and got 0 delTX to process.
2019-09-10 07:04:46,409 [SCMBlockDeletingService#0] DEBUG block.SCMBlockDeletingService (SCMBlockDeletingService.java:call(138)) - Running DeletedBlockTransactionScanner
2019-09-10 07:04:46,409 [SCMBlockDeletingService#0] DEBUG block.SCMBlockDeletingService (SCMBlockDeletingService.java:call(155)) - Scanned deleted blocks log and got 0 delTX to process.
2019-09-10 07:04:46,509 [SCMBlockDeletingService#0] DEBUG block.SCMBlockDeletingService (SCMBlockDeletingService.java:call(138)) - Running DeletedBlockTransactionScanner
2019-09-10 07:04:46,510 [SCMBlockDeletingService#0] DEBUG block.SCMBlockDeletingService (SCMBlockDeletingService.java:call(155)) - Scanned deleted blocks log and got 0 delTX to process.
2019-09-10 07:04:46,610 [SCMBlockDeletingService#0] DEBUG block.SCMBlockDeletingService (SCMBlockDeletingService.java:call(138)) - Running DeletedBlockTransactionScanner
2019-09-10 07:04:46,610 [SCMBlockDeletingService#0] DEBUG block.SCMBlockDeletingService (SCMBlockDeletingService.java:call(155)) - Scanned deleted blocks log and got 0 delTX to process.
2019-09-10 07:04:46,711 [SCMBlockDeletingService#0] DEBUG block.SCMBlockDeletingService (SCMBlockDeletingService.java:call(138)) - Running DeletedBlockTransactionScanner
2019-09-10 07:04:46,711 [SCMBlockDeletingService#0] DEBUG block.SCMBlockDeletingService (SCMBlockDeletingService.java:call(155)) - Scanned deleted blocks log and got 0 delTX to process.
2019-09-10 07:04:46,811 [SCMBlockDeletingService#0] DEBUG block.SCMBlockDeletingService (SCMBlockDeletingService.java:call(138)) - Running DeletedBlockTransactionScanner
2019-09-10 07:04:46,811 [SCMBlockDeletingService#0] DEBUG block.SCMBlockDeletingService (SCMBlockDeletingService.java:call(155)) - Scanned deleted blocks log and got 0 delTX to process.
2019-09-10 07:04:46,912 [SCMBlockDeletingService#0] DEBUG block.SCMBlockDeletingService (SCMBlockDeletingService.java:call(138)) - Running DeletedBlockTransactionScanner
2019-09-10 07:04:46,912 [SCMBlockDeletingService#0] DEBUG block.SCMBlockDeletingService (SCMBlockDeletingService.java:call(155)) - Scanned deleted blocks log and got 0 delTX to process.
2019-09-10 07:04:47,013 [SCMBlockDeletingService#1] DEBUG block.SCMBlockDeletingService (SCMBlockDeletingService.java:call(138)) - Running DeletedBlockTransactionScanner
2019-09-10 07:04:47,013 [SCMBlockDeletingService#1] DEBUG block.SCMBlockDeletingService (SCMBlockDeletingService.java:call(155)) - Scanned deleted blocks log and got 0 delTX to process.
2019-09-10 07:04:47,114 [SCMBlockDeletingService#1] DEBUG block.SCMBlockDeletingService (SCMBlockDeletingService.java:call(138)) - Running DeletedBlockTransactionScanner
2019-09-10 07:04:47,114 [SCMBlockDeletingService#1] DEBUG block.SCMBlockDeletingService (SCMBlockDeletingService.java:call(155)) - Scanned deleted blocks log and got 0 delTX to process.
2019-09-10 07:04:47,214 [SCMBlockDeletingService#1] DEBUG block.SCMBlockDeletingService (SCMBlockDeletingService.java:call(138)) - Running DeletedBlockTransactionScanner
2019-09-10 07:04:47,215 [SCMBlockDeletingService#1] DEBUG block.SCMBlockDeletingService (SCMBlockDeletingService.java:call(155)) - Scanned deleted blocks log and got 0 delTX to process.
2019-09-10 07:04:47,315 [SCMBlockDeletingService#1] DEBUG block.SCMBlockDeletingService (SCMBlockDeletingService.java:call(138)) - Running DeletedBlockTransactionScanner
2019-09-10 07:04:47,315 [SCMBlockDeletingService#1] DEBUG block.SCMBlockDeletingService (SCMBlockDeletingService.java:call(155)) - Scanned deleted blocks log and got 0 delTX to process.
2019-09-10 07:04:47,416 [SCMBlockDeletingService#1] DEBUG block.SCMBlockDeletingService (SCMBlockDeletingService.java:call(138)) - Running DeletedBlockTransactionScanner
2019-09-10 07:04:47,417 [SCMBlockDeletingService#1] DEBUG block.SCMBlockDeletingService (SCMBlockDeletingService.java:call(155)) - Scanned deleted blocks log and got 0 delTX to process.
2019-09-10 07:04:47,517 [SCMBlockDeletingService#0] DEBUG block.SCMBlockDeletingService (SCMBlockDeletingService.java:call(138)) - Running DeletedBlockTransactionScanner
2019-09-10 07:04:47,518 [SCMBlockDeletingService#0] DEBUG block.SCMBlockDeletingService (SCMBlockDeletingService.java:call(155)) - Scanned deleted blocks log and got 0 delTX to process.
2019-09-10 07:04:47,618 [SCMBlockDeletingService#0] DEBUG block.SCMBlockDeletingService (SCMBlockDeletingService.java:call(138)) - Running DeletedBlockTransactionScanner
2019-09-10 07:04:47,618 [SCMBlockDeletingService#0] DEBUG block.SCMBlockDeletingService (SCMBlockDeletingService.java:call(155)) - Scanned deleted blocks log and got 0 delTX to process.
2019-09-10 07:04:47,718 [SCMBlockDeletingService#0] DEBUG block.SCMBlockDeletingService (SCMBlockDeletingService.java:call(138)) - Running DeletedBlockTransactionScanner
2019-09-10 07:04:47,719 [SCMBlockDeletingService#0] DEBUG block.SCMBlockDeletingService (SCMBlockDeletingService.java:call(155)) - Scanned deleted blocks log and got 0 delTX to process.
2019-09-10 07:04:47,819 [SCMBlockDeletingService#0] DEBUG block.SCMBlockDeletingService (SCMBlockDeletingService.java:call(138)) - Running DeletedBlockTransactionScanner
2019-09-10 07:04:47,819 [SCMBlockDeletingService#0] DEBUG block.SCMBlockDeletingService (SCMBlockDeletingService.java:call(155)) - Scanned deleted blocks log and got 0 delTX to process.
2019-09-10 07:04:47,920 [SCMBlockDeletingService#0] DEBUG block.SCMBlockDeletingService (SCMBlockDeletingService.java:call(138)) - Running DeletedBlockTransactionScanner
2019-09-10 07:04:47,920 [SCMBlockDeletingService#0] DEBUG block.SCMBlockDeletingService (SCMBlockDeletingService.java:call(155)) - Scanned deleted blocks log and got 0 delTX to process.
2019-09-10 07:04:48,020 [SCMBlockDeletingService#0] DEBUG block.SCMBlockDeletingService (SCMBlockDeletingService.java:call(138)) - Running DeletedBlockTransactionScanner
2019-09-10 07:04:48,021 [SCMBlockDeletingService#0] DEBUG block.SCMBlockDeletingService (SCMBlockDeletingService.java:call(155)) - Scanned deleted blocks log and got 0 delTX to process.
2019-09-10 07:04:48,121 [SCMBlockDeletingService#0] DEBUG block.SCMBlockDeletingService (SCMBlockDeletingService.java:call(138)) - Running DeletedBlockTransactionScanner
2019-09-10 07:04:48,121 [SCMBlockDeletingService#0] DEBUG block.SCMBlockDeletingService (SCMBlockDeletingService.java:call(155)) - Scanned deleted blocks log and got 0 delTX to process.
2019-09-10 07:04:48,222 [SCMBlockDeletingService#0] DEBUG block.SCMBlockDeletingService (SCMBlockDeletingService.java:call(138)) - Running DeletedBlockTransactionScanner
2019-09-10 07:04:48,222 [SCMBlockDeletingService#0] DEBUG block.SCMBlockDeletingService (SCMBlockDeletingService.java:call(155)) - Scanned deleted blocks log and got 0 delTX to process.
2019-09-10 07:04:48,322 [SCMBlockDeletingService#0] DEBUG block.SCMBlockDeletingService (SCMBlockDeletingService.java:call(138)) - Running DeletedBlockTransactionScanner
2019-09-10 07:04:48,322 [SCMBlockDeletingService#0] DEBUG block.SCMBlockDeletingService (SCMBlockDeletingService.java:call(155)) - Scanned deleted blocks log and got 0 delTX to process.
2019-09-10 07:04:48,422 [SCMBlockDeletingService#0] DEBUG block.SCMBlockDeletingService (SCMBlockDeletingService.java:call(138)) - Running DeletedBlockTransactionScanner
2019-09-10 07:04:48,423 [SCMBlockDeletingService#0] DEBUG block.SCMBlockDeletingService (SCMBlockDeletingService.java:call(155)) - Scanned deleted blocks log and got 0 delTX to process.
2019-09-10 07:04:48,523 [SCMBlockDeletingService#0] DEBUG block.SCMBlockDeletingService (SCMBlockDeletingService.java:call(138)) - Running DeletedBlockTransactionScanner
2019-09-10 07:04:48,523 [SCMBlockDeletingService#0] DEBUG block.SCMBlockDeletingService (SCMBlockDeletingService.java:call(155)) - Scanned deleted blocks log and got 0 delTX to process.
2019-09-10 07:04:48,624 [SCMBlockDeletingService#0] DEBUG block.SCMBlockDeletingService (SCMBlockDeletingService.java:call(138)) - Running DeletedBlockTransactionScanner
2019-09-10 07:04:48,624 [SCMBlockDeletingService#0] DEBUG block.SCMBlockDeletingService (SCMBlockDeletingService.java:call(155)) - Scanned deleted blocks log and got 0 delTX to process.
2019-09-10 07:04:48,724 [SCMBlockDeletingService#0] DEBUG block.SCMBlockDeletingService (SCMBlockDeletingService.java:call(138)) - Running DeletedBlockTransactionScanner
2019-09-10 07:04:48,724 [SCMBlockDeletingService#0] DEBUG block.SCMBlockDeletingService (SCMBlockDeletingService.java:call(155)) - Scanned deleted blocks log and got 0 delTX to process.
2019-09-10 07:04:48,825 [SCMBlockDeletingService#0] DEBUG block.SCMBlockDeletingService (SCMBlockDeletingService.java:call(138)) - Running DeletedBlockTransactionScanner
2019-09-10 07:04:48,825 [SCMBlockDeletingService#0] DEBUG block.SCMBlockDeletingService (SCMBlockDeletingService.java:call(155)) - Scanned deleted blocks log and got 0 delTX to process.
2019-09-10 07:04:48,925 [SCMBlockDeletingService#0] DEBUG block.SCMBlockDeletingService (SCMBlockDeletingService.java:call(138)) - Running DeletedBlockTransactionScanner
2019-09-10 07:04:48,925 [SCMBlockDeletingService#0] DEBUG block.SCMBlockDeletingService (SCMBlockDeletingService.java:call(155)) - Scanned deleted blocks log and got 0 delTX to process.
2019-09-10 07:04:49,026 [SCMBlockDeletingService#0] DEBUG block.SCMBlockDeletingService (SCMBlockDeletingService.java:call(138)) - Running DeletedBlockTransactionScanner
2019-09-10 07:04:49,026 [SCMBlockDeletingService#0] DEBUG block.SCMBlockDeletingService (SCMBlockDeletingService.java:call(155)) - Scanned deleted blocks log and got 0 delTX to process.
2019-09-10 07:04:49,127 [SCMBlockDeletingService#0] DEBUG block.SCMBlockDeletingService (SCMBlockDeletingService.java:call(138)) - Running DeletedBlockTransactionScanner
2019-09-10 07:04:49,127 [SCMBlockDeletingService#0] DEBUG block.SCMBlockDeletingService (SCMBlockDeletingService.java:call(155)) - Scanned deleted blocks log and got 0 delTX to process.
2019-09-10 07:04:49,227 [SCMBlockDeletingService#0] DEBUG block.SCMBlockDeletingService (SCMBlockDeletingService.java:call(138)) - Running DeletedBlockTransactionScanner
2019-09-10 07:04:49,228 [SCMBlockDeletingService#0] DEBUG block.SCMBlockDeletingService (SCMBlockDeletingService.java:call(155)) - Scanned deleted blocks log and got 0 delTX to process.
2019-09-10 07:04:49,328 [SCMBlockDeletingService#0] DEBUG block.SCMBlockDeletingService (SCMBlockDeletingService.java:call(138)) - Running DeletedBlockTransactionScanner
2019-09-10 07:04:49,328 [SCMBlockDeletingService#0] DEBUG block.SCMBlockDeletingService (SCMBlockDeletingService.java:call(155)) - Scanned deleted blocks log and got 0 delTX to process.
2019-09-10 07:04:49,429 [SCMBlockDeletingService#1] DEBUG block.SCMBlockDeletingService (SCMBlockDeletingService.java:call(138)) - Running DeletedBlockTransactionScanner
2019-09-10 07:04:49,429 [SCMBlockDeletingService#1] DEBUG block.SCMBlockDeletingService (SCMBlockDeletingService.java:call(155)) - Scanned deleted blocks log and got 0 delTX to process.
2019-09-10 07:04:49,529 [SCMBlockDeletingService#1] DEBUG block.SCMBlockDeletingService (SCMBlockDeletingService.java:call(138)) - Running DeletedBlockTransactionScanner
2019-09-10 07:04:49,529 [SCMBlockDeletingService#1] DEBUG block.SCMBlockDeletingService (SCMBlockDeletingService.java:call(155)) - Scanned deleted blocks log and got 0 delTX to process.
2019-09-10 07:04:49,630 [SCMBlockDeletingService#1] DEBUG block.SCMBlockDeletingService (SCMBlockDeletingService.java:call(138)) - Running DeletedBlockTransactionScanner
2019-09-10 07:04:49,630 [SCMBlockDeletingService#1] DEBUG block.SCMBlockDeletingService (SCMBlockDeletingService.java:call(155)) - Scanned deleted blocks log and got 0 delTX to process.
2019-09-10 07:04:49,730 [SCMBlockDeletingService#1] DEBUG block.SCMBlockDeletingService (SCMBlockDeletingService.java:call(138)) - Running DeletedBlockTransactionScanner
2019-09-10 07:04:49,731 [SCMBlockDeletingService#1] DEBUG block.SCMBlockDeletingService (SCMBlockDeletingService.java:call(155)) - Scanned deleted blocks log and got 0 delTX to process.
2019-09-10 07:04:49,831 [SCMBlockDeletingService#1] DEBUG block.SCMBlockDeletingService (SCMBlockDeletingService.java:call(138)) - Running DeletedBlockTransactionScanner
2019-09-10 07:04:49,831 [SCMBlockDeletingService#1] DEBUG block.SCMBlockDeletingService (SCMBlockDeletingService.java:call(155)) - Scanned deleted blocks log and got 0 delTX to process.
2019-09-10 07:04:49,931 [SCMBlockDeletingService#1] DEBUG block.SCMBlockDeletingService (SCMBlockDeletingService.java:call(138)) - Running DeletedBlockTransactionScanner
2019-09-10 07:04:49,932 [SCMBlockDeletingService#1] DEBUG block.SCMBlockDeletingService (SCMBlockDeletingService.java:call(155)) - Scanned deleted blocks log and got 0 delTX to process.
2019-09-10 07:04:50,032 [SCMBlockDeletingService#1] DEBUG block.SCMBlockDeletingService (SCMBlockDeletingService.java:call(138)) - Running DeletedBlockTransactionScanner
2019-09-10 07:04:50,032 [SCMBlockDeletingService#1] DEBUG block.SCMBlockDeletingService (SCMBlockDeletingService.java:call(155)) - Scanned deleted blocks log and got 0 delTX to process.
2019-09-10 07:04:50,133 [SCMBlockDeletingService#1] DEBUG block.SCMBlockDeletingService (SCMBlockDeletingService.java:call(138)) - Running DeletedBlockTransactionScanner
2019-09-10 07:04:50,133 [SCMBlockDeletingService#1] DEBUG block.SCMBlockDeletingService (SCMBlockDeletingService.java:call(155)) - Scanned deleted blocks log and got 0 delTX to process.
2019-09-10 07:04:50,233 [SCMBlockDeletingService#1] DEBUG block.SCMBlockDeletingService (SCMBlockDeletingService.java:call(138)) - Running DeletedBlockTransactionScanner
2019-09-10 07:04:50,234 [SCMBlockDeletingService#1] DEBUG block.SCMBlockDeletingService (SCMBlockDeletingService.java:call(155)) - Scanned deleted blocks log and got 0 delTX to process.
2019-09-10 07:04:50,334 [SCMBlockDeletingService#1] DEBUG block.SCMBlockDeletingService (SCMBlockDeletingService.java:call(138)) - Running DeletedBlockTransactionScanner
2019-09-10 07:04:50,334 [SCMBlockDeletingService#1] DEBUG block.SCMBlockDeletingService (SCMBlockDeletingService.java:call(155)) - Scanned deleted blocks log and got 0 delTX to process.
2019-09-10 07:04:50,435 [SCMBlockDeletingService#1] DEBUG block.SCMBlockDeletingService (SCMBlockDeletingService.java:call(138)) - Running DeletedBlockTransactionScanner
2019-09-10 07:04:50,435 [SCMBlockDeletingService#1] DEBUG block.SCMBlockDeletingService (SCMBlockDeletingService.java:call(155)) - Scanned deleted blocks log and got 0 delTX to process.
2019-09-10 07:04:50,535 [SCMBlockDeletingService#1] DEBUG block.SCMBlockDeletingService (SCMBlockDeletingService.java:call(138)) - Running DeletedBlockTransactionScanner
2019-09-10 07:04:50,535 [SCMBlockDeletingService#1] DEBUG block.SCMBlockDeletingService (SCMBlockDeletingService.java:call(155)) - Scanned deleted blocks log and got 0 delTX to process.
2019-09-10 07:04:50,636 [SCMBlockDeletingService#1] DEBUG block.SCMBlockDeletingService (SCMBlockDeletingService.java:call(138)) - Running DeletedBlockTransactionScanner
2019-09-10 07:04:50,636 [SCMBlockDeletingService#1] DEBUG block.SCMBlockDeletingService (SCMBlockDeletingService.java:call(155)) - Scanned deleted blocks log and got 0 delTX to process.
2019-09-10 07:04:50,736 [SCMBlockDeletingService#1] DEBUG block.SCMBlockDeletingService (SCMBlockDeletingService.java:call(138)) - Running DeletedBlockTransactionScanner
2019-09-10 07:04:50,737 [SCMBlockDeletingService#1] DEBUG block.SCMBlockDeletingService (SCMBlockDeletingService.java:call(155)) - Scanned deleted blocks log and got 0 delTX to process.
2019-09-10 07:04:50,837 [SCMBlockDeletingService#1] DEBUG block.SCMBlockDeletingService (SCMBlockDeletingService.java:call(138)) - Running DeletedBlockTransactionScanner
2019-09-10 07:04:50,837 [SCMBlockDeletingService#1] DEBUG block.SCMBlockDeletingService (SCMBlockDeletingService.java:call(155)) - Scanned deleted blocks log and got 0 delTX to process.
2019-09-10 07:04:50,938 [SCMBlockDeletingService#1] DEBUG block.SCMBlockDeletingService (SCMBlockDeletingService.java:call(138)) - Running DeletedBlockTransactionScanner
2019-09-10 07:04:50,938 [SCMBlockDeletingService#1] DEBUG block.SCMBlockDeletingService (SCMBlockDeletingService.java:call(155)) - Scanned deleted blocks log and got 0 delTX to process.
2019-09-10 07:04:51,038 [SCMBlockDeletingService#1] DEBUG block.SCMBlockDeletingService (SCMBlockDeletingService.java:call(138)) - Running DeletedBlockTransactionScanner
2019-09-10 07:04:51,039 [SCMBlockDeletingService#1] DEBUG block.SCMBlockDeletingService (SCMBlockDeletingService.java:call(155)) - Scanned deleted blocks log and got 0 delTX to process.
2019-09-10 07:04:51,139 [SCMBlockDeletingService#1] DEBUG block.SCMBlockDeletingService (SCMBlockDeletingService.java:call(138)) - Running DeletedBlockTransactionScanner
2019-09-10 07:04:51,139 [SCMBlockDeletingService#1] DEBUG block.SCMBlockDeletingService (SCMBlockDeletingService.java:call(155)) - Scanned deleted blocks log and got 0 delTX to process.
2019-09-10 07:04:51,240 [SCMBlockDeletingService#1] DEBUG block.SCMBlockDeletingService (SCMBlockDeletingService.java:call(138)) - Running DeletedBlockTransactionScanner
2019-09-10 07:04:51,240 [SCMBlockDeletingService#1] DEBUG block.SCMBlockDeletingService (SCMBlockDeletingService.java:call(155)) - Scanned deleted blocks log and got 0 delTX to process.
2019-09-10 07:04:51,341 [SCMBlockDeletingService#1] DEBUG block.SCMBlockDeletingService (SCMBlockDeletingService.java:call(138)) - Running DeletedBlockTransactionScanner
2019-09-10 07:04:51,341 [SCMBlockDeletingService#1] DEBUG block.SCMBlockDeletingService (SCMBlockDeletingService.java:call(155)) - Scanned deleted blocks log and got 0 delTX to process.
2019-09-10 07:04:51,441 [SCMBlockDeletingService#1] DEBUG block.SCMBlockDeletingService (SCMBlockDeletingService.java:call(138)) - Running DeletedBlockTransactionScanner
2019-09-10 07:04:51,441 [SCMBlockDeletingService#1] DEBUG block.SCMBlockDeletingService (SCMBlockDeletingService.java:call(155)) - Scanned deleted blocks log and got 0 delTX to process.
2019-09-10 07:04:51,542 [SCMBlockDeletingService#1] DEBUG block.SCMBlockDeletingService (SCMBlockDeletingService.java:call(138)) - Running DeletedBlockTransactionScanner
2019-09-10 07:04:51,542 [SCMBlockDeletingService#1] DEBUG block.SCMBlockDeletingService (SCMBlockDeletingService.java:call(155)) - Scanned deleted blocks log and got 0 delTX to process.
2019-09-10 07:04:51,642 [SCMBlockDeletingService#1] DEBUG block.SCMBlockDeletingService (SCMBlockDeletingService.java:call(138)) - Running DeletedBlockTransactionScanner
2019-09-10 07:04:51,643 [SCMBlockDeletingService#1] DEBUG block.SCMBlockDeletingService (SCMBlockDeletingService.java:call(155)) - Scanned deleted blocks log and got 0 delTX to process.
2019-09-10 07:04:51,743 [SCMBlockDeletingService#1] DEBUG block.SCMBlockDeletingService (SCMBlockDeletingService.java:call(138)) - Running DeletedBlockTransactionScanner
2019-09-10 07:04:51,743 [SCMBlockDeletingService#1] DEBUG block.SCMBlockDeletingService (SCMBlockDeletingService.java:call(155)) - Scanned deleted blocks log and got 0 delTX to process.
2019-09-10 07:04:51,844 [SCMBlockDeletingService#1] DEBUG block.SCMBlockDeletingService (SCMBlockDeletingService.java:call(138)) - Running DeletedBlockTransactionScanner
2019-09-10 07:04:51,844 [SCMBlockDeletingService#1] DEBUG block.SCMBlockDeletingService (SCMBlockDeletingService.java:call(155)) - Scanned deleted blocks log and got 0 delTX to process.
2019-09-10 07:04:51,944 [SCMBlockDeletingService#1] DEBUG block.SCMBlockDeletingService (SCMBlockDeletingService.java:call(138)) - Running DeletedBlockTransactionScanner
2019-09-10 07:04:51,944 [SCMBlockDeletingService#1] DEBUG block.SCMBlockDeletingService (SCMBlockDeletingService.java:call(155)) - Scanned deleted blocks log and got 0 delTX to process.
2019-09-10 07:04:52,045 [SCMBlockDeletingService#1] DEBUG block.SCMBlockDeletingService (SCMBlockDeletingService.java:call(138)) - Running DeletedBlockTransactionScanner
2019-09-10 07:04:52,045 [SCMBlockDeletingService#1] DEBUG block.SCMBlockDeletingService (SCMBlockDeletingService.java:call(155)) - Scanned deleted blocks log and got 0 delTX to process.
2019-09-10 07:04:52,072 [05f13708-5e6e-4ea1-a525-a3c8f7f54426@group-34B10843FE54-SegmentedRaftLogWorker] WARN  segmented.SegmentedRaftLogWorker (SegmentedRaftLogWorker.java:getFromFuture(90)) - Timeout 9/~
org.apache.ratis.protocol.TimeoutIOException: Timeout 10s: WriteLog:16: (t:1, i:16), STATEMACHINELOGENTRY, client-7F424F215E90, cid=11-writeStateMachineData
	at org.apache.ratis.util.IOUtils.getFromFuture(IOUtils.java:87)
	at org.apache.ratis.server.raftlog.segmented.SegmentedRaftLogWorker$StateMachineDataPolicy.getFromFuture(SegmentedRaftLogWorker.java:87)
	at org.apache.ratis.server.raftlog.segmented.SegmentedRaftLogWorker$WriteLog.execute(SegmentedRaftLogWorker.java:477)
	at org.apache.ratis.server.raftlog.segmented.SegmentedRaftLogWorker.run(SegmentedRaftLogWorker.java:289)
	at java.lang.Thread.run(Thread.java:748)
Caused by: java.util.concurrent.TimeoutException
	at java.util.concurrent.CompletableFuture.timedGet(CompletableFuture.java:1771)
	at java.util.concurrent.CompletableFuture.get(CompletableFuture.java:1915)
	at org.apache.ratis.util.IOUtils.getFromFuture(IOUtils.java:79)
	... 4 more
2019-09-10 07:04:52,145 [SCMBlockDeletingService#0] DEBUG block.SCMBlockDeletingService (SCMBlockDeletingService.java:call(138)) - Running DeletedBlockTransactionScanner
2019-09-10 07:04:52,145 [SCMBlockDeletingService#0] DEBUG block.SCMBlockDeletingService (SCMBlockDeletingService.java:call(155)) - Scanned deleted blocks log and got 0 delTX to process.
2019-09-10 07:04:52,246 [SCMBlockDeletingService#0] DEBUG block.SCMBlockDeletingService (SCMBlockDeletingService.java:call(138)) - Running DeletedBlockTransactionScanner
2019-09-10 07:04:52,246 [SCMBlockDeletingService#0] DEBUG block.SCMBlockDeletingService (SCMBlockDeletingService.java:call(155)) - Scanned deleted blocks log and got 0 delTX to process.
2019-09-10 07:04:52,346 [SCMBlockDeletingService#0] DEBUG block.SCMBlockDeletingService (SCMBlockDeletingService.java:call(138)) - Running DeletedBlockTransactionScanner
2019-09-10 07:04:52,346 [SCMBlockDeletingService#0] DEBUG block.SCMBlockDeletingService (SCMBlockDeletingService.java:call(155)) - Scanned deleted blocks log and got 0 delTX to process.
2019-09-10 07:04:52,447 [SCMBlockDeletingService#0] DEBUG block.SCMBlockDeletingService (SCMBlockDeletingService.java:call(138)) - Running DeletedBlockTransactionScanner
2019-09-10 07:04:52,447 [SCMBlockDeletingService#0] DEBUG block.SCMBlockDeletingService (SCMBlockDeletingService.java:call(155)) - Scanned deleted blocks log and got 0 delTX to process.
2019-09-10 07:04:52,547 [SCMBlockDeletingService#0] DEBUG block.SCMBlockDeletingService (SCMBlockDeletingService.java:call(138)) - Running DeletedBlockTransactionScanner
2019-09-10 07:04:52,548 [SCMBlockDeletingService#0] DEBUG block.SCMBlockDeletingService (SCMBlockDeletingService.java:call(155)) - Scanned deleted blocks log and got 0 delTX to process.
2019-09-10 07:04:52,648 [SCMBlockDeletingService#0] DEBUG block.SCMBlockDeletingService (SCMBlockDeletingService.java:call(138)) - Running DeletedBlockTransactionScanner
2019-09-10 07:04:52,648 [SCMBlockDeletingService#0] DEBUG block.SCMBlockDeletingService (SCMBlockDeletingService.java:call(155)) - Scanned deleted blocks log and got 0 delTX to process.
2019-09-10 07:04:52,748 [SCMBlockDeletingService#0] DEBUG block.SCMBlockDeletingService (SCMBlockDeletingService.java:call(138)) - Running DeletedBlockTransactionScanner
2019-09-10 07:04:52,749 [SCMBlockDeletingService#0] DEBUG block.SCMBlockDeletingService (SCMBlockDeletingService.java:call(155)) - Scanned deleted blocks log and got 0 delTX to process.
2019-09-10 07:04:52,849 [SCMBlockDeletingService#0] DEBUG block.SCMBlockDeletingService (SCMBlockDeletingService.java:call(138)) - Running DeletedBlockTransactionScanner
2019-09-10 07:04:52,849 [SCMBlockDeletingService#0] DEBUG block.SCMBlockDeletingService (SCMBlockDeletingService.java:call(155)) - Scanned deleted blocks log and got 0 delTX to process.
2019-09-10 07:04:52,950 [SCMBlockDeletingService#0] DEBUG block.SCMBlockDeletingService (SCMBlockDeletingService.java:call(138)) - Running DeletedBlockTransactionScanner
2019-09-10 07:04:52,950 [SCMBlockDeletingService#0] DEBUG block.SCMBlockDeletingService (SCMBlockDeletingService.java:call(155)) - Scanned deleted blocks log and got 0 delTX to process.
2019-09-10 07:04:53,050 [SCMBlockDeletingService#0] DEBUG block.SCMBlockDeletingService (SCMBlockDeletingService.java:call(138)) - Running DeletedBlockTransactionScanner
2019-09-10 07:04:53,051 [SCMBlockDeletingService#0] DEBUG block.SCMBlockDeletingService (SCMBlockDeletingService.java:call(155)) - Scanned deleted blocks log and got 0 delTX to process.
2019-09-10 07:04:53,151 [SCMBlockDeletingService#0] DEBUG block.SCMBlockDeletingService (SCMBlockDeletingService.java:call(138)) - Running DeletedBlockTransactionScanner
2019-09-10 07:04:53,152 [SCMBlockDeletingService#0] DEBUG block.SCMBlockDeletingService (SCMBlockDeletingService.java:call(155)) - Scanned deleted blocks log and got 0 delTX to process.
2019-09-10 07:04:53,252 [SCMBlockDeletingService#0] DEBUG block.SCMBlockDeletingService (SCMBlockDeletingService.java:call(138)) - Running DeletedBlockTransactionScanner
2019-09-10 07:04:53,252 [SCMBlockDeletingService#0] DEBUG block.SCMBlockDeletingService (SCMBlockDeletingService.java:call(155)) - Scanned deleted blocks log and got 0 delTX to process.
2019-09-10 07:04:53,353 [SCMBlockDeletingService#0] DEBUG block.SCMBlockDeletingService (SCMBlockDeletingService.java:call(138)) - Running DeletedBlockTransactionScanner
2019-09-10 07:04:53,353 [SCMBlockDeletingService#0] DEBUG block.SCMBlockDeletingService (SCMBlockDeletingService.java:call(155)) - Scanned deleted blocks log and got 0 delTX to process.
2019-09-10 07:04:53,454 [SCMBlockDeletingService#0] DEBUG block.SCMBlockDeletingService (SCMBlockDeletingService.java:call(138)) - Running DeletedBlockTransactionScanner
2019-09-10 07:04:53,454 [SCMBlockDeletingService#0] DEBUG block.SCMBlockDeletingService (SCMBlockDeletingService.java:call(155)) - Scanned deleted blocks log and got 0 delTX to process.
2019-09-10 07:04:53,554 [SCMBlockDeletingService#0] DEBUG block.SCMBlockDeletingService (SCMBlockDeletingService.java:call(138)) - Running DeletedBlockTransactionScanner
2019-09-10 07:04:53,554 [SCMBlockDeletingService#0] DEBUG block.SCMBlockDeletingService (SCMBlockDeletingService.java:call(155)) - Scanned deleted blocks log and got 0 delTX to process.
2019-09-10 07:04:53,655 [SCMBlockDeletingService#0] DEBUG block.SCMBlockDeletingService (SCMBlockDeletingService.java:call(138)) - Running DeletedBlockTransactionScanner
2019-09-10 07:04:53,655 [SCMBlockDeletingService#0] DEBUG block.SCMBlockDeletingService (SCMBlockDeletingService.java:call(155)) - Scanned deleted blocks log and got 0 delTX to process.
2019-09-10 07:04:53,755 [SCMBlockDeletingService#0] DEBUG block.SCMBlockDeletingService (SCMBlockDeletingService.java:call(138)) - Running DeletedBlockTransactionScanner
2019-09-10 07:04:53,755 [SCMBlockDeletingService#0] DEBUG block.SCMBlockDeletingService (SCMBlockDeletingService.java:call(155)) - Scanned deleted blocks log and got 0 delTX to process.
2019-09-10 07:04:53,856 [SCMBlockDeletingService#0] DEBUG block.SCMBlockDeletingService (SCMBlockDeletingService.java:call(138)) - Running DeletedBlockTransactionScanner
2019-09-10 07:04:53,856 [SCMBlockDeletingService#0] DEBUG block.SCMBlockDeletingService (SCMBlockDeletingService.java:call(155)) - Scanned deleted blocks log and got 0 delTX to process.
2019-09-10 07:04:53,956 [SCMBlockDeletingService#0] DEBUG block.SCMBlockDeletingService (SCMBlockDeletingService.java:call(138)) - Running DeletedBlockTransactionScanner
2019-09-10 07:04:53,957 [SCMBlockDeletingService#0] DEBUG block.SCMBlockDeletingService (SCMBlockDeletingService.java:call(155)) - Scanned deleted blocks log and got 0 delTX to process.
2019-09-10 07:04:54,057 [SCMBlockDeletingService#0] DEBUG block.SCMBlockDeletingService (SCMBlockDeletingService.java:call(138)) - Running DeletedBlockTransactionScanner
2019-09-10 07:04:54,057 [SCMBlockDeletingService#0] DEBUG block.SCMBlockDeletingService (SCMBlockDeletingService.java:call(155)) - Scanned deleted blocks log and got 0 delTX to process.
2019-09-10 07:04:54,158 [SCMBlockDeletingService#0] DEBUG block.SCMBlockDeletingService (SCMBlockDeletingService.java:call(138)) - Running DeletedBlockTransactionScanner
2019-09-10 07:04:54,158 [SCMBlockDeletingService#0] DEBUG block.SCMBlockDeletingService (SCMBlockDeletingService.java:call(155)) - Scanned deleted blocks log and got 0 delTX to process.
2019-09-10 07:04:54,259 [SCMBlockDeletingService#0] DEBUG block.SCMBlockDeletingService (SCMBlockDeletingService.java:call(138)) - Running DeletedBlockTransactionScanner
2019-09-10 07:04:54,259 [SCMBlockDeletingService#0] DEBUG block.SCMBlockDeletingService (SCMBlockDeletingService.java:call(155)) - Scanned deleted blocks log and got 0 delTX to process.
2019-09-10 07:04:54,359 [SCMBlockDeletingService#0] DEBUG block.SCMBlockDeletingService (SCMBlockDeletingService.java:call(138)) - Running DeletedBlockTransactionScanner
2019-09-10 07:04:54,359 [SCMBlockDeletingService#0] DEBUG block.SCMBlockDeletingService (SCMBlockDeletingService.java:call(155)) - Scanned deleted blocks log and got 0 delTX to process.
2019-09-10 07:04:54,460 [SCMBlockDeletingService#0] DEBUG block.SCMBlockDeletingService (SCMBlockDeletingService.java:call(138)) - Running DeletedBlockTransactionScanner
2019-09-10 07:04:54,461 [SCMBlockDeletingService#0] DEBUG block.SCMBlockDeletingService (SCMBlockDeletingService.java:call(155)) - Scanned deleted blocks log and got 0 delTX to process.
2019-09-10 07:04:54,561 [SCMBlockDeletingService#0] DEBUG block.SCMBlockDeletingService (SCMBlockDeletingService.java:call(138)) - Running DeletedBlockTransactionScanner
2019-09-10 07:04:54,562 [SCMBlockDeletingService#0] DEBUG block.SCMBlockDeletingService (SCMBlockDeletingService.java:call(155)) - Scanned deleted blocks log and got 0 delTX to process.
2019-09-10 07:04:54,662 [SCMBlockDeletingService#0] DEBUG block.SCMBlockDeletingService (SCMBlockDeletingService.java:call(138)) - Running DeletedBlockTransactionScanner
2019-09-10 07:04:54,662 [SCMBlockDeletingService#0] DEBUG block.SCMBlockDeletingService (SCMBlockDeletingService.java:call(155)) - Scanned deleted blocks log and got 0 delTX to process.
2019-09-10 07:04:54,763 [SCMBlockDeletingService#0] DEBUG block.SCMBlockDeletingService (SCMBlockDeletingService.java:call(138)) - Running DeletedBlockTransactionScanner
2019-09-10 07:04:54,763 [SCMBlockDeletingService#0] DEBUG block.SCMBlockDeletingService (SCMBlockDeletingService.java:call(155)) - Scanned deleted blocks log and got 0 delTX to process.
2019-09-10 07:04:54,863 [SCMBlockDeletingService#0] DEBUG block.SCMBlockDeletingService (SCMBlockDeletingService.java:call(138)) - Running DeletedBlockTransactionScanner
2019-09-10 07:04:54,863 [SCMBlockDeletingService#0] DEBUG block.SCMBlockDeletingService (SCMBlockDeletingService.java:call(155)) - Scanned deleted blocks log and got 0 delTX to process.
2019-09-10 07:04:54,964 [SCMBlockDeletingService#0] DEBUG block.SCMBlockDeletingService (SCMBlockDeletingService.java:call(138)) - Running DeletedBlockTransactionScanner
2019-09-10 07:04:54,964 [SCMBlockDeletingService#0] DEBUG block.SCMBlockDeletingService (SCMBlockDeletingService.java:call(155)) - Scanned deleted blocks log and got 0 delTX to process.
2019-09-10 07:04:55,064 [SCMBlockDeletingService#0] DEBUG block.SCMBlockDeletingService (SCMBlockDeletingService.java:call(138)) - Running DeletedBlockTransactionScanner
2019-09-10 07:04:55,065 [SCMBlockDeletingService#0] DEBUG block.SCMBlockDeletingService (SCMBlockDeletingService.java:call(155)) - Scanned deleted blocks log and got 0 delTX to process.
2019-09-10 07:04:55,165 [SCMBlockDeletingService#0] DEBUG block.SCMBlockDeletingService (SCMBlockDeletingService.java:call(138)) - Running DeletedBlockTransactionScanner
2019-09-10 07:04:55,165 [SCMBlockDeletingService#0] DEBUG block.SCMBlockDeletingService (SCMBlockDeletingService.java:call(155)) - Scanned deleted blocks log and got 0 delTX to process.
2019-09-10 07:04:55,266 [SCMBlockDeletingService#1] DEBUG block.SCMBlockDeletingService (SCMBlockDeletingService.java:call(138)) - Running DeletedBlockTransactionScanner
2019-09-10 07:04:55,266 [SCMBlockDeletingService#1] DEBUG block.SCMBlockDeletingService (SCMBlockDeletingService.java:call(155)) - Scanned deleted blocks log and got 0 delTX to process.
2019-09-10 07:04:55,366 [SCMBlockDeletingService#0] DEBUG block.SCMBlockDeletingService (SCMBlockDeletingService.java:call(138)) - Running DeletedBlockTransactionScanner
2019-09-10 07:04:55,367 [SCMBlockDeletingService#0] DEBUG block.SCMBlockDeletingService (SCMBlockDeletingService.java:call(155)) - Scanned deleted blocks log and got 0 delTX to process.
2019-09-10 07:04:55,467 [SCMBlockDeletingService#0] DEBUG block.SCMBlockDeletingService (SCMBlockDeletingService.java:call(138)) - Running DeletedBlockTransactionScanner
2019-09-10 07:04:55,467 [SCMBlockDeletingService#0] DEBUG block.SCMBlockDeletingService (SCMBlockDeletingService.java:call(155)) - Scanned deleted blocks log and got 0 delTX to process.
2019-09-10 07:04:55,567 [SCMBlockDeletingService#0] DEBUG block.SCMBlockDeletingService (SCMBlockDeletingService.java:call(138)) - Running DeletedBlockTransactionScanner
2019-09-10 07:04:55,568 [SCMBlockDeletingService#0] DEBUG block.SCMBlockDeletingService (SCMBlockDeletingService.java:call(155)) - Scanned deleted blocks log and got 0 delTX to process.
2019-09-10 07:04:55,668 [SCMBlockDeletingService#0] DEBUG block.SCMBlockDeletingService (SCMBlockDeletingService.java:call(138)) - Running DeletedBlockTransactionScanner
2019-09-10 07:04:55,668 [SCMBlockDeletingService#0] DEBUG block.SCMBlockDeletingService (SCMBlockDeletingService.java:call(155)) - Scanned deleted blocks log and got 0 delTX to process.
2019-09-10 07:04:55,769 [SCMBlockDeletingService#0] DEBUG block.SCMBlockDeletingService (SCMBlockDeletingService.java:call(138)) - Running DeletedBlockTransactionScanner
2019-09-10 07:04:55,769 [SCMBlockDeletingService#0] DEBUG block.SCMBlockDeletingService (SCMBlockDeletingService.java:call(155)) - Scanned deleted blocks log and got 0 delTX to process.
2019-09-10 07:04:55,869 [SCMBlockDeletingService#0] DEBUG block.SCMBlockDeletingService (SCMBlockDeletingService.java:call(138)) - Running DeletedBlockTransactionScanner
2019-09-10 07:04:55,870 [SCMBlockDeletingService#0] DEBUG block.SCMBlockDeletingService (SCMBlockDeletingService.java:call(155)) - Scanned deleted blocks log and got 0 delTX to process.
2019-09-10 07:04:55,970 [SCMBlockDeletingService#0] DEBUG block.SCMBlockDeletingService (SCMBlockDeletingService.java:call(138)) - Running DeletedBlockTransactionScanner
2019-09-10 07:04:55,970 [SCMBlockDeletingService#0] DEBUG block.SCMBlockDeletingService (SCMBlockDeletingService.java:call(155)) - Scanned deleted blocks log and got 0 delTX to process.
2019-09-10 07:04:56,070 [SCMBlockDeletingService#0] DEBUG block.SCMBlockDeletingService (SCMBlockDeletingService.java:call(138)) - Running DeletedBlockTransactionScanner
2019-09-10 07:04:56,071 [SCMBlockDeletingService#0] DEBUG block.SCMBlockDeletingService (SCMBlockDeletingService.java:call(155)) - Scanned deleted blocks log and got 0 delTX to process.
2019-09-10 07:04:56,171 [SCMBlockDeletingService#0] DEBUG block.SCMBlockDeletingService (SCMBlockDeletingService.java:call(138)) - Running DeletedBlockTransactionScanner
2019-09-10 07:04:56,171 [SCMBlockDeletingService#0] DEBUG block.SCMBlockDeletingService (SCMBlockDeletingService.java:call(155)) - Scanned deleted blocks log and got 0 delTX to process.
2019-09-10 07:04:56,272 [SCMBlockDeletingService#0] DEBUG block.SCMBlockDeletingService (SCMBlockDeletingService.java:call(138)) - Running DeletedBlockTransactionScanner
2019-09-10 07:04:56,272 [SCMBlockDeletingService#0] DEBUG block.SCMBlockDeletingService (SCMBlockDeletingService.java:call(155)) - Scanned deleted blocks log and got 0 delTX to process.
2019-09-10 07:04:56,372 [SCMBlockDeletingService#0] DEBUG block.SCMBlockDeletingService (SCMBlockDeletingService.java:call(138)) - Running DeletedBlockTransactionScanner
2019-09-10 07:04:56,372 [SCMBlockDeletingService#0] DEBUG block.SCMBlockDeletingService (SCMBlockDeletingService.java:call(155)) - Scanned deleted blocks log and got 0 delTX to process.
2019-09-10 07:04:56,473 [SCMBlockDeletingService#0] DEBUG block.SCMBlockDeletingService (SCMBlockDeletingService.java:call(138)) - Running DeletedBlockTransactionScanner
2019-09-10 07:04:56,473 [SCMBlockDeletingService#0] DEBUG block.SCMBlockDeletingService (SCMBlockDeletingService.java:call(155)) - Scanned deleted blocks log and got 0 delTX to process.
2019-09-10 07:04:56,573 [SCMBlockDeletingService#0] DEBUG block.SCMBlockDeletingService (SCMBlockDeletingService.java:call(138)) - Running DeletedBlockTransactionScanner
2019-09-10 07:04:56,574 [SCMBlockDeletingService#0] DEBUG block.SCMBlockDeletingService (SCMBlockDeletingService.java:call(155)) - Scanned deleted blocks log and got 0 delTX to process.
2019-09-10 07:04:56,674 [SCMBlockDeletingService#0] DEBUG block.SCMBlockDeletingService (SCMBlockDeletingService.java:call(138)) - Running DeletedBlockTransactionScanner
2019-09-10 07:04:56,674 [SCMBlockDeletingService#0] DEBUG block.SCMBlockDeletingService (SCMBlockDeletingService.java:call(155)) - Scanned deleted blocks log and got 0 delTX to process.
2019-09-10 07:04:56,775 [SCMBlockDeletingService#0] DEBUG block.SCMBlockDeletingService (SCMBlockDeletingService.java:call(138)) - Running DeletedBlockTransactionScanner
2019-09-10 07:04:56,775 [SCMBlockDeletingService#0] DEBUG block.SCMBlockDeletingService (SCMBlockDeletingService.java:call(155)) - Scanned deleted blocks log and got 0 delTX to process.
2019-09-10 07:04:56,875 [SCMBlockDeletingService#0] DEBUG block.SCMBlockDeletingService (SCMBlockDeletingService.java:call(138)) - Running DeletedBlockTransactionScanner
2019-09-10 07:04:56,876 [SCMBlockDeletingService#0] DEBUG block.SCMBlockDeletingService (SCMBlockDeletingService.java:call(155)) - Scanned deleted blocks log and got 0 delTX to process.
2019-09-10 07:04:56,976 [SCMBlockDeletingService#0] DEBUG block.SCMBlockDeletingService (SCMBlockDeletingService.java:call(138)) - Running DeletedBlockTransactionScanner
2019-09-10 07:04:56,976 [SCMBlockDeletingService#0] DEBUG block.SCMBlockDeletingService (SCMBlockDeletingService.java:call(155)) - Scanned deleted blocks log and got 0 delTX to process.
2019-09-10 07:04:57,076 [SCMBlockDeletingService#0] DEBUG block.SCMBlockDeletingService (SCMBlockDeletingService.java:call(138)) - Running DeletedBlockTransactionScanner
2019-09-10 07:04:57,077 [SCMBlockDeletingService#0] DEBUG block.SCMBlockDeletingService (SCMBlockDeletingService.java:call(155)) - Scanned deleted blocks log and got 0 delTX to process.
2019-09-10 07:04:57,177 [SCMBlockDeletingService#0] DEBUG block.SCMBlockDeletingService (SCMBlockDeletingService.java:call(138)) - Running DeletedBlockTransactionScanner
2019-09-10 07:04:57,178 [SCMBlockDeletingService#0] DEBUG block.SCMBlockDeletingService (SCMBlockDeletingService.java:call(155)) - Scanned deleted blocks log and got 0 delTX to process.
2019-09-10 07:04:57,278 [SCMBlockDeletingService#0] DEBUG block.SCMBlockDeletingService (SCMBlockDeletingService.java:call(138)) - Running DeletedBlockTransactionScanner
2019-09-10 07:04:57,278 [SCMBlockDeletingService#0] DEBUG block.SCMBlockDeletingService (SCMBlockDeletingService.java:call(155)) - Scanned deleted blocks log and got 0 delTX to process.
2019-09-10 07:04:57,379 [SCMBlockDeletingService#0] DEBUG block.SCMBlockDeletingService (SCMBlockDeletingService.java:call(138)) - Running DeletedBlockTransactionScanner
2019-09-10 07:04:57,379 [SCMBlockDeletingService#0] DEBUG block.SCMBlockDeletingService (SCMBlockDeletingService.java:call(155)) - Scanned deleted blocks log and got 0 delTX to process.
2019-09-10 07:04:57,480 [SCMBlockDeletingService#0] DEBUG block.SCMBlockDeletingService (SCMBlockDeletingService.java:call(138)) - Running DeletedBlockTransactionScanner
2019-09-10 07:04:57,480 [SCMBlockDeletingService#0] DEBUG block.SCMBlockDeletingService (SCMBlockDeletingService.java:call(155)) - Scanned deleted blocks log and got 0 delTX to process.
2019-09-10 07:04:57,580 [SCMBlockDeletingService#0] DEBUG block.SCMBlockDeletingService (SCMBlockDeletingService.java:call(138)) - Running DeletedBlockTransactionScanner
2019-09-10 07:04:57,580 [SCMBlockDeletingService#0] DEBUG block.SCMBlockDeletingService (SCMBlockDeletingService.java:call(155)) - Scanned deleted blocks log and got 0 delTX to process.
2019-09-10 07:04:57,681 [SCMBlockDeletingService#0] DEBUG block.SCMBlockDeletingService (SCMBlockDeletingService.java:call(138)) - Running DeletedBlockTransactionScanner
2019-09-10 07:04:57,681 [SCMBlockDeletingService#0] DEBUG block.SCMBlockDeletingService (SCMBlockDeletingService.java:call(155)) - Scanned deleted blocks log and got 0 delTX to process.
2019-09-10 07:04:57,781 [SCMBlockDeletingService#0] DEBUG block.SCMBlockDeletingService (SCMBlockDeletingService.java:call(138)) - Running DeletedBlockTransactionScanner
2019-09-10 07:04:57,782 [SCMBlockDeletingService#0] DEBUG block.SCMBlockDeletingService (SCMBlockDeletingService.java:call(155)) - Scanned deleted blocks log and got 0 delTX to process.
2019-09-10 07:04:57,882 [SCMBlockDeletingService#0] DEBUG block.SCMBlockDeletingService (SCMBlockDeletingService.java:call(138)) - Running DeletedBlockTransactionScanner
2019-09-10 07:04:57,882 [SCMBlockDeletingService#0] DEBUG block.SCMBlockDeletingService (SCMBlockDeletingService.java:call(155)) - Scanned deleted blocks log and got 0 delTX to process.
2019-09-10 07:04:57,983 [SCMBlockDeletingService#0] DEBUG block.SCMBlockDeletingService (SCMBlockDeletingService.java:call(138)) - Running DeletedBlockTransactionScanner
2019-09-10 07:04:57,983 [SCMBlockDeletingService#0] DEBUG block.SCMBlockDeletingService (SCMBlockDeletingService.java:call(155)) - Scanned deleted blocks log and got 0 delTX to process.
2019-09-10 07:04:58,083 [SCMBlockDeletingService#0] DEBUG block.SCMBlockDeletingService (SCMBlockDeletingService.java:call(138)) - Running DeletedBlockTransactionScanner
2019-09-10 07:04:58,084 [SCMBlockDeletingService#0] DEBUG block.SCMBlockDeletingService (SCMBlockDeletingService.java:call(155)) - Scanned deleted blocks log and got 0 delTX to process.
2019-09-10 07:04:58,184 [SCMBlockDeletingService#0] DEBUG block.SCMBlockDeletingService (SCMBlockDeletingService.java:call(138)) - Running DeletedBlockTransactionScanner
2019-09-10 07:04:58,184 [SCMBlockDeletingService#0] DEBUG block.SCMBlockDeletingService (SCMBlockDeletingService.java:call(155)) - Scanned deleted blocks log and got 0 delTX to process.
2019-09-10 07:04:58,285 [SCMBlockDeletingService#0] DEBUG block.SCMBlockDeletingService (SCMBlockDeletingService.java:call(138)) - Running DeletedBlockTransactionScanner
2019-09-10 07:04:58,285 [SCMBlockDeletingService#0] DEBUG block.SCMBlockDeletingService (SCMBlockDeletingService.java:call(155)) - Scanned deleted blocks log and got 0 delTX to process.
2019-09-10 07:04:58,385 [SCMBlockDeletingService#0] DEBUG block.SCMBlockDeletingService (SCMBlockDeletingService.java:call(138)) - Running DeletedBlockTransactionScanner
2019-09-10 07:04:58,385 [SCMBlockDeletingService#0] DEBUG block.SCMBlockDeletingService (SCMBlockDeletingService.java:call(155)) - Scanned deleted blocks log and got 0 delTX to process.
2019-09-10 07:04:58,486 [SCMBlockDeletingService#1] DEBUG block.SCMBlockDeletingService (SCMBlockDeletingService.java:call(138)) - Running DeletedBlockTransactionScanner
2019-09-10 07:04:58,486 [SCMBlockDeletingService#1] DEBUG block.SCMBlockDeletingService (SCMBlockDeletingService.java:call(155)) - Scanned deleted blocks log and got 0 delTX to process.
2019-09-10 07:04:58,586 [SCMBlockDeletingService#1] DEBUG block.SCMBlockDeletingService (SCMBlockDeletingService.java:call(138)) - Running DeletedBlockTransactionScanner
2019-09-10 07:04:58,586 [SCMBlockDeletingService#1] DEBUG block.SCMBlockDeletingService (SCMBlockDeletingService.java:call(155)) - Scanned deleted blocks log and got 0 delTX to process.
2019-09-10 07:04:58,687 [SCMBlockDeletingService#1] DEBUG block.SCMBlockDeletingService (SCMBlockDeletingService.java:call(138)) - Running DeletedBlockTransactionScanner
2019-09-10 07:04:58,687 [SCMBlockDeletingService#1] DEBUG block.SCMBlockDeletingService (SCMBlockDeletingService.java:call(155)) - Scanned deleted blocks log and got 0 delTX to process.
2019-09-10 07:04:58,787 [SCMBlockDeletingService#1] DEBUG block.SCMBlockDeletingService (SCMBlockDeletingService.java:call(138)) - Running DeletedBlockTransactionScanner
2019-09-10 07:04:58,788 [SCMBlockDeletingService#1] DEBUG block.SCMBlockDeletingService (SCMBlockDeletingService.java:call(155)) - Scanned deleted blocks log and got 0 delTX to process.
2019-09-10 07:04:58,888 [SCMBlockDeletingService#1] DEBUG block.SCMBlockDeletingService (SCMBlockDeletingService.java:call(138)) - Running DeletedBlockTransactionScanner
2019-09-10 07:04:58,889 [SCMBlockDeletingService#1] DEBUG block.SCMBlockDeletingService (SCMBlockDeletingService.java:call(155)) - Scanned deleted blocks log and got 0 delTX to process.
2019-09-10 07:04:58,989 [SCMBlockDeletingService#1] DEBUG block.SCMBlockDeletingService (SCMBlockDeletingService.java:call(138)) - Running DeletedBlockTransactionScanner
2019-09-10 07:04:58,989 [SCMBlockDeletingService#1] DEBUG block.SCMBlockDeletingService (SCMBlockDeletingService.java:call(155)) - Scanned deleted blocks log and got 0 delTX to process.
2019-09-10 07:04:59,090 [SCMBlockDeletingService#1] DEBUG block.SCMBlockDeletingService (SCMBlockDeletingService.java:call(138)) - Running DeletedBlockTransactionScanner
2019-09-10 07:04:59,090 [SCMBlockDeletingService#1] DEBUG block.SCMBlockDeletingService (SCMBlockDeletingService.java:call(155)) - Scanned deleted blocks log and got 0 delTX to process.
2019-09-10 07:04:59,190 [SCMBlockDeletingService#1] DEBUG block.SCMBlockDeletingService (SCMBlockDeletingService.java:call(138)) - Running DeletedBlockTransactionScanner
2019-09-10 07:04:59,191 [SCMBlockDeletingService#1] DEBUG block.SCMBlockDeletingService (SCMBlockDeletingService.java:call(155)) - Scanned deleted blocks log and got 0 delTX to process.
2019-09-10 07:04:59,291 [SCMBlockDeletingService#1] DEBUG block.SCMBlockDeletingService (SCMBlockDeletingService.java:call(138)) - Running DeletedBlockTransactionScanner
2019-09-10 07:04:59,291 [SCMBlockDeletingService#1] DEBUG block.SCMBlockDeletingService (SCMBlockDeletingService.java:call(155)) - Scanned deleted blocks log and got 0 delTX to process.
2019-09-10 07:04:59,392 [SCMBlockDeletingService#1] DEBUG block.SCMBlockDeletingService (SCMBlockDeletingService.java:call(138)) - Running DeletedBlockTransactionScanner
2019-09-10 07:04:59,392 [SCMBlockDeletingService#1] DEBUG block.SCMBlockDeletingService (SCMBlockDeletingService.java:call(155)) - Scanned deleted blocks log and got 0 delTX to process.
2019-09-10 07:04:59,492 [SCMBlockDeletingService#1] DEBUG block.SCMBlockDeletingService (SCMBlockDeletingService.java:call(138)) - Running DeletedBlockTransactionScanner
2019-09-10 07:04:59,492 [SCMBlockDeletingService#1] DEBUG block.SCMBlockDeletingService (SCMBlockDeletingService.java:call(155)) - Scanned deleted blocks log and got 0 delTX to process.
2019-09-10 07:04:59,592 [SCMBlockDeletingService#1] DEBUG block.SCMBlockDeletingService (SCMBlockDeletingService.java:call(138)) - Running DeletedBlockTransactionScanner
2019-09-10 07:04:59,593 [SCMBlockDeletingService#1] DEBUG block.SCMBlockDeletingService (SCMBlockDeletingService.java:call(155)) - Scanned deleted blocks log and got 0 delTX to process.
2019-09-10 07:04:59,693 [SCMBlockDeletingService#1] DEBUG block.SCMBlockDeletingService (SCMBlockDeletingService.java:call(138)) - Running DeletedBlockTransactionScanner
2019-09-10 07:04:59,693 [SCMBlockDeletingService#1] DEBUG block.SCMBlockDeletingService (SCMBlockDeletingService.java:call(155)) - Scanned deleted blocks log and got 0 delTX to process.
2019-09-10 07:04:59,794 [SCMBlockDeletingService#0] DEBUG block.SCMBlockDeletingService (SCMBlockDeletingService.java:call(138)) - Running DeletedBlockTransactionScanner
2019-09-10 07:04:59,794 [SCMBlockDeletingService#0] DEBUG block.SCMBlockDeletingService (SCMBlockDeletingService.java:call(155)) - Scanned deleted blocks log and got 0 delTX to process.
2019-09-10 07:04:59,894 [SCMBlockDeletingService#0] DEBUG block.SCMBlockDeletingService (SCMBlockDeletingService.java:call(138)) - Running DeletedBlockTransactionScanner
2019-09-10 07:04:59,894 [SCMBlockDeletingService#0] DEBUG block.SCMBlockDeletingService (SCMBlockDeletingService.java:call(155)) - Scanned deleted blocks log and got 0 delTX to process.
2019-09-10 07:04:59,995 [SCMBlockDeletingService#0] DEBUG block.SCMBlockDeletingService (SCMBlockDeletingService.java:call(138)) - Running DeletedBlockTransactionScanner
2019-09-10 07:04:59,995 [SCMBlockDeletingService#0] DEBUG block.SCMBlockDeletingService (SCMBlockDeletingService.java:call(155)) - Scanned deleted blocks log and got 0 delTX to process.
2019-09-10 07:05:00,095 [SCMBlockDeletingService#0] DEBUG block.SCMBlockDeletingService (SCMBlockDeletingService.java:call(138)) - Running DeletedBlockTransactionScanner
2019-09-10 07:05:00,096 [SCMBlockDeletingService#0] DEBUG block.SCMBlockDeletingService (SCMBlockDeletingService.java:call(155)) - Scanned deleted blocks log and got 0 delTX to process.
2019-09-10 07:05:00,196 [SCMBlockDeletingService#0] DEBUG block.SCMBlockDeletingService (SCMBlockDeletingService.java:call(138)) - Running DeletedBlockTransactionScanner
2019-09-10 07:05:00,196 [SCMBlockDeletingService#0] DEBUG block.SCMBlockDeletingService (SCMBlockDeletingService.java:call(155)) - Scanned deleted blocks log and got 0 delTX to process.
2019-09-10 07:05:00,297 [SCMBlockDeletingService#0] DEBUG block.SCMBlockDeletingService (SCMBlockDeletingService.java:call(138)) - Running DeletedBlockTransactionScanner
2019-09-10 07:05:00,297 [SCMBlockDeletingService#0] DEBUG block.SCMBlockDeletingService (SCMBlockDeletingService.java:call(155)) - Scanned deleted blocks log and got 0 delTX to process.
2019-09-10 07:05:00,397 [SCMBlockDeletingService#0] DEBUG block.SCMBlockDeletingService (SCMBlockDeletingService.java:call(138)) - Running DeletedBlockTransactionScanner
2019-09-10 07:05:00,397 [SCMBlockDeletingService#0] DEBUG block.SCMBlockDeletingService (SCMBlockDeletingService.java:call(155)) - Scanned deleted blocks log and got 0 delTX to process.
2019-09-10 07:05:00,498 [SCMBlockDeletingService#0] DEBUG block.SCMBlockDeletingService (SCMBlockDeletingService.java:call(138)) - Running DeletedBlockTransactionScanner
2019-09-10 07:05:00,498 [SCMBlockDeletingService#0] DEBUG block.SCMBlockDeletingService (SCMBlockDeletingService.java:call(155)) - Scanned deleted blocks log and got 0 delTX to process.
2019-09-10 07:05:00,598 [SCMBlockDeletingService#0] DEBUG block.SCMBlockDeletingService (SCMBlockDeletingService.java:call(138)) - Running DeletedBlockTransactionScanner
2019-09-10 07:05:00,599 [SCMBlockDeletingService#0] DEBUG block.SCMBlockDeletingService (SCMBlockDeletingService.java:call(155)) - Scanned deleted blocks log and got 0 delTX to process.
2019-09-10 07:05:00,699 [SCMBlockDeletingService#0] DEBUG block.SCMBlockDeletingService (SCMBlockDeletingService.java:call(138)) - Running DeletedBlockTransactionScanner
2019-09-10 07:05:00,699 [SCMBlockDeletingService#0] DEBUG block.SCMBlockDeletingService (SCMBlockDeletingService.java:call(155)) - Scanned deleted blocks log and got 0 delTX to process.
2019-09-10 07:05:00,800 [SCMBlockDeletingService#1] DEBUG block.SCMBlockDeletingService (SCMBlockDeletingService.java:call(138)) - Running DeletedBlockTransactionScanner
2019-09-10 07:05:00,800 [SCMBlockDeletingService#1] DEBUG block.SCMBlockDeletingService (SCMBlockDeletingService.java:call(155)) - Scanned deleted blocks log and got 0 delTX to process.
2019-09-10 07:05:00,900 [SCMBlockDeletingService#1] DEBUG block.SCMBlockDeletingService (SCMBlockDeletingService.java:call(138)) - Running DeletedBlockTransactionScanner
2019-09-10 07:05:00,900 [SCMBlockDeletingService#1] DEBUG block.SCMBlockDeletingService (SCMBlockDeletingService.java:call(155)) - Scanned deleted blocks log and got 0 delTX to process.
2019-09-10 07:05:01,001 [SCMBlockDeletingService#1] DEBUG block.SCMBlockDeletingService (SCMBlockDeletingService.java:call(138)) - Running DeletedBlockTransactionScanner
2019-09-10 07:05:01,001 [SCMBlockDeletingService#1] DEBUG block.SCMBlockDeletingService (SCMBlockDeletingService.java:call(155)) - Scanned deleted blocks log and got 0 delTX to process.
2019-09-10 07:05:01,101 [SCMBlockDeletingService#1] DEBUG block.SCMBlockDeletingService (SCMBlockDeletingService.java:call(138)) - Running DeletedBlockTransactionScanner
2019-09-10 07:05:01,102 [SCMBlockDeletingService#1] DEBUG block.SCMBlockDeletingService (SCMBlockDeletingService.java:call(155)) - Scanned deleted blocks log and got 0 delTX to process.
2019-09-10 07:05:01,202 [SCMBlockDeletingService#1] DEBUG block.SCMBlockDeletingService (SCMBlockDeletingService.java:call(138)) - Running DeletedBlockTransactionScanner
2019-09-10 07:05:01,202 [SCMBlockDeletingService#1] DEBUG block.SCMBlockDeletingService (SCMBlockDeletingService.java:call(155)) - Scanned deleted blocks log and got 0 delTX to process.
2019-09-10 07:05:01,302 [SCMBlockDeletingService#1] DEBUG block.SCMBlockDeletingService (SCMBlockDeletingService.java:call(138)) - Running DeletedBlockTransactionScanner
2019-09-10 07:05:01,303 [SCMBlockDeletingService#1] DEBUG block.SCMBlockDeletingService (SCMBlockDeletingService.java:call(155)) - Scanned deleted blocks log and got 0 delTX to process.
2019-09-10 07:05:01,403 [SCMBlockDeletingService#1] DEBUG block.SCMBlockDeletingService (SCMBlockDeletingService.java:call(138)) - Running DeletedBlockTransactionScanner
2019-09-10 07:05:01,404 [SCMBlockDeletingService#1] DEBUG block.SCMBlockDeletingService (SCMBlockDeletingService.java:call(155)) - Scanned deleted blocks log and got 0 delTX to process.
2019-09-10 07:05:01,504 [SCMBlockDeletingService#1] DEBUG block.SCMBlockDeletingService (SCMBlockDeletingService.java:call(138)) - Running DeletedBlockTransactionScanner
2019-09-10 07:05:01,504 [SCMBlockDeletingService#1] DEBUG block.SCMBlockDeletingService (SCMBlockDeletingService.java:call(155)) - Scanned deleted blocks log and got 0 delTX to process.
2019-09-10 07:05:01,604 [SCMBlockDeletingService#1] DEBUG block.SCMBlockDeletingService (SCMBlockDeletingService.java:call(138)) - Running DeletedBlockTransactionScanner
2019-09-10 07:05:01,605 [SCMBlockDeletingService#1] DEBUG block.SCMBlockDeletingService (SCMBlockDeletingService.java:call(155)) - Scanned deleted blocks log and got 0 delTX to process.
2019-09-10 07:05:01,705 [SCMBlockDeletingService#1] DEBUG block.SCMBlockDeletingService (SCMBlockDeletingService.java:call(138)) - Running DeletedBlockTransactionScanner
2019-09-10 07:05:01,705 [SCMBlockDeletingService#1] DEBUG block.SCMBlockDeletingService (SCMBlockDeletingService.java:call(155)) - Scanned deleted blocks log and got 0 delTX to process.
2019-09-10 07:05:01,806 [SCMBlockDeletingService#1] DEBUG block.SCMBlockDeletingService (SCMBlockDeletingService.java:call(138)) - Running DeletedBlockTransactionScanner
2019-09-10 07:05:01,806 [SCMBlockDeletingService#1] DEBUG block.SCMBlockDeletingService (SCMBlockDeletingService.java:call(155)) - Scanned deleted blocks log and got 0 delTX to process.
2019-09-10 07:05:01,906 [SCMBlockDeletingService#1] DEBUG block.SCMBlockDeletingService (SCMBlockDeletingService.java:call(138)) - Running DeletedBlockTransactionScanner
2019-09-10 07:05:01,906 [SCMBlockDeletingService#1] DEBUG block.SCMBlockDeletingService (SCMBlockDeletingService.java:call(155)) - Scanned deleted blocks log and got 0 delTX to process.
2019-09-10 07:05:02,007 [SCMBlockDeletingService#1] DEBUG block.SCMBlockDeletingService (SCMBlockDeletingService.java:call(138)) - Running DeletedBlockTransactionScanner
2019-09-10 07:05:02,007 [SCMBlockDeletingService#1] DEBUG block.SCMBlockDeletingService (SCMBlockDeletingService.java:call(155)) - Scanned deleted blocks log and got 0 delTX to process.
2019-09-10 07:05:02,074 [05f13708-5e6e-4ea1-a525-a3c8f7f54426@group-34B10843FE54-SegmentedRaftLogWorker] WARN  segmented.SegmentedRaftLogWorker (SegmentedRaftLogWorker.java:getFromFuture(90)) - Timeout 10/~
org.apache.ratis.protocol.TimeoutIOException: Timeout 10s: WriteLog:16: (t:1, i:16), STATEMACHINELOGENTRY, client-7F424F215E90, cid=11-writeStateMachineData
	at org.apache.ratis.util.IOUtils.getFromFuture(IOUtils.java:87)
	at org.apache.ratis.server.raftlog.segmented.SegmentedRaftLogWorker$StateMachineDataPolicy.getFromFuture(SegmentedRaftLogWorker.java:87)
	at org.apache.ratis.server.raftlog.segmented.SegmentedRaftLogWorker$WriteLog.execute(SegmentedRaftLogWorker.java:477)
	at org.apache.ratis.server.raftlog.segmented.SegmentedRaftLogWorker.run(SegmentedRaftLogWorker.java:289)
	at java.lang.Thread.run(Thread.java:748)
Caused by: java.util.concurrent.TimeoutException
	at java.util.concurrent.CompletableFuture.timedGet(CompletableFuture.java:1771)
	at java.util.concurrent.CompletableFuture.get(CompletableFuture.java:1915)
	at org.apache.ratis.util.IOUtils.getFromFuture(IOUtils.java:79)
	... 4 more
2019-09-10 07:05:02,107 [SCMBlockDeletingService#1] DEBUG block.SCMBlockDeletingService (SCMBlockDeletingService.java:call(138)) - Running DeletedBlockTransactionScanner
2019-09-10 07:05:02,107 [SCMBlockDeletingService#1] DEBUG block.SCMBlockDeletingService (SCMBlockDeletingService.java:call(155)) - Scanned deleted blocks log and got 0 delTX to process.
2019-09-10 07:05:02,208 [SCMBlockDeletingService#1] DEBUG block.SCMBlockDeletingService (SCMBlockDeletingService.java:call(138)) - Running DeletedBlockTransactionScanner
2019-09-10 07:05:02,208 [SCMBlockDeletingService#1] DEBUG block.SCMBlockDeletingService (SCMBlockDeletingService.java:call(155)) - Scanned deleted blocks log and got 0 delTX to process.
2019-09-10 07:05:02,308 [SCMBlockDeletingService#1] DEBUG block.SCMBlockDeletingService (SCMBlockDeletingService.java:call(138)) - Running DeletedBlockTransactionScanner
2019-09-10 07:05:02,308 [SCMBlockDeletingService#1] DEBUG block.SCMBlockDeletingService (SCMBlockDeletingService.java:call(155)) - Scanned deleted blocks log and got 0 delTX to process.
2019-09-10 07:05:02,408 [SCMBlockDeletingService#0] DEBUG block.SCMBlockDeletingService (SCMBlockDeletingService.java:call(138)) - Running DeletedBlockTransactionScanner
2019-09-10 07:05:02,409 [SCMBlockDeletingService#0] DEBUG block.SCMBlockDeletingService (SCMBlockDeletingService.java:call(155)) - Scanned deleted blocks log and got 0 delTX to process.
2019-09-10 07:05:02,509 [SCMBlockDeletingService#0] DEBUG block.SCMBlockDeletingService (SCMBlockDeletingService.java:call(138)) - Running DeletedBlockTransactionScanner
2019-09-10 07:05:02,509 [SCMBlockDeletingService#0] DEBUG block.SCMBlockDeletingService (SCMBlockDeletingService.java:call(155)) - Scanned deleted blocks log and got 0 delTX to process.
2019-09-10 07:05:02,610 [SCMBlockDeletingService#0] DEBUG block.SCMBlockDeletingService (SCMBlockDeletingService.java:call(138)) - Running DeletedBlockTransactionScanner
2019-09-10 07:05:02,610 [SCMBlockDeletingService#0] DEBUG block.SCMBlockDeletingService (SCMBlockDeletingService.java:call(155)) - Scanned deleted blocks log and got 0 delTX to process.
2019-09-10 07:05:02,710 [SCMBlockDeletingService#0] DEBUG block.SCMBlockDeletingService (SCMBlockDeletingService.java:call(138)) - Running DeletedBlockTransactionScanner
2019-09-10 07:05:02,710 [SCMBlockDeletingService#0] DEBUG block.SCMBlockDeletingService (SCMBlockDeletingService.java:call(155)) - Scanned deleted blocks log and got 0 delTX to process.
2019-09-10 07:05:02,811 [SCMBlockDeletingService#0] DEBUG block.SCMBlockDeletingService (SCMBlockDeletingService.java:call(138)) - Running DeletedBlockTransactionScanner
2019-09-10 07:05:02,811 [SCMBlockDeletingService#0] DEBUG block.SCMBlockDeletingService (SCMBlockDeletingService.java:call(155)) - Scanned deleted blocks log and got 0 delTX to process.
2019-09-10 07:05:02,911 [SCMBlockDeletingService#0] DEBUG block.SCMBlockDeletingService (SCMBlockDeletingService.java:call(138)) - Running DeletedBlockTransactionScanner
2019-09-10 07:05:02,911 [SCMBlockDeletingService#0] DEBUG block.SCMBlockDeletingService (SCMBlockDeletingService.java:call(155)) - Scanned deleted blocks log and got 0 delTX to process.
2019-09-10 07:05:03,012 [SCMBlockDeletingService#0] DEBUG block.SCMBlockDeletingService (SCMBlockDeletingService.java:call(138)) - Running DeletedBlockTransactionScanner
2019-09-10 07:05:03,012 [SCMBlockDeletingService#0] DEBUG block.SCMBlockDeletingService (SCMBlockDeletingService.java:call(155)) - Scanned deleted blocks log and got 0 delTX to process.
2019-09-10 07:05:03,113 [SCMBlockDeletingService#0] DEBUG block.SCMBlockDeletingService (SCMBlockDeletingService.java:call(138)) - Running DeletedBlockTransactionScanner
2019-09-10 07:05:03,113 [SCMBlockDeletingService#0] DEBUG block.SCMBlockDeletingService (SCMBlockDeletingService.java:call(155)) - Scanned deleted blocks log and got 0 delTX to process.
2019-09-10 07:05:03,213 [SCMBlockDeletingService#0] DEBUG block.SCMBlockDeletingService (SCMBlockDeletingService.java:call(138)) - Running DeletedBlockTransactionScanner
2019-09-10 07:05:03,213 [SCMBlockDeletingService#0] DEBUG block.SCMBlockDeletingService (SCMBlockDeletingService.java:call(155)) - Scanned deleted blocks log and got 0 delTX to process.
2019-09-10 07:05:03,314 [SCMBlockDeletingService#0] DEBUG block.SCMBlockDeletingService (SCMBlockDeletingService.java:call(138)) - Running DeletedBlockTransactionScanner
2019-09-10 07:05:03,314 [SCMBlockDeletingService#0] DEBUG block.SCMBlockDeletingService (SCMBlockDeletingService.java:call(155)) - Scanned deleted blocks log and got 0 delTX to process.
2019-09-10 07:05:03,414 [SCMBlockDeletingService#0] DEBUG block.SCMBlockDeletingService (SCMBlockDeletingService.java:call(138)) - Running DeletedBlockTransactionScanner
2019-09-10 07:05:03,415 [SCMBlockDeletingService#0] DEBUG block.SCMBlockDeletingService (SCMBlockDeletingService.java:call(155)) - Scanned deleted blocks log and got 0 delTX to process.
2019-09-10 07:05:03,515 [SCMBlockDeletingService#0] DEBUG block.SCMBlockDeletingService (SCMBlockDeletingService.java:call(138)) - Running DeletedBlockTransactionScanner
2019-09-10 07:05:03,515 [SCMBlockDeletingService#0] DEBUG block.SCMBlockDeletingService (SCMBlockDeletingService.java:call(155)) - Scanned deleted blocks log and got 0 delTX to process.
2019-09-10 07:05:03,615 [SCMBlockDeletingService#0] DEBUG block.SCMBlockDeletingService (SCMBlockDeletingService.java:call(138)) - Running DeletedBlockTransactionScanner
2019-09-10 07:05:03,615 [SCMBlockDeletingService#0] DEBUG block.SCMBlockDeletingService (SCMBlockDeletingService.java:call(155)) - Scanned deleted blocks log and got 0 delTX to process.
2019-09-10 07:05:03,716 [SCMBlockDeletingService#0] DEBUG block.SCMBlockDeletingService (SCMBlockDeletingService.java:call(138)) - Running DeletedBlockTransactionScanner
2019-09-10 07:05:03,716 [SCMBlockDeletingService#0] DEBUG block.SCMBlockDeletingService (SCMBlockDeletingService.java:call(155)) - Scanned deleted blocks log and got 0 delTX to process.
2019-09-10 07:05:03,816 [SCMBlockDeletingService#0] DEBUG block.SCMBlockDeletingService (SCMBlockDeletingService.java:call(138)) - Running DeletedBlockTransactionScanner
2019-09-10 07:05:03,817 [SCMBlockDeletingService#0] DEBUG block.SCMBlockDeletingService (SCMBlockDeletingService.java:call(155)) - Scanned deleted blocks log and got 0 delTX to process.
2019-09-10 07:05:03,917 [SCMBlockDeletingService#0] DEBUG block.SCMBlockDeletingService (SCMBlockDeletingService.java:call(138)) - Running DeletedBlockTransactionScanner
2019-09-10 07:05:03,917 [SCMBlockDeletingService#0] DEBUG block.SCMBlockDeletingService (SCMBlockDeletingService.java:call(155)) - Scanned deleted blocks log and got 0 delTX to process.
2019-09-10 07:05:04,018 [SCMBlockDeletingService#0] DEBUG block.SCMBlockDeletingService (SCMBlockDeletingService.java:call(138)) - Running DeletedBlockTransactionScanner
2019-09-10 07:05:04,019 [SCMBlockDeletingService#0] DEBUG block.SCMBlockDeletingService (SCMBlockDeletingService.java:call(155)) - Scanned deleted blocks log and got 0 delTX to process.
2019-09-10 07:05:04,119 [SCMBlockDeletingService#0] DEBUG block.SCMBlockDeletingService (SCMBlockDeletingService.java:call(138)) - Running DeletedBlockTransactionScanner
2019-09-10 07:05:04,119 [SCMBlockDeletingService#0] DEBUG block.SCMBlockDeletingService (SCMBlockDeletingService.java:call(155)) - Scanned deleted blocks log and got 0 delTX to process.
2019-09-10 07:05:04,220 [SCMBlockDeletingService#0] DEBUG block.SCMBlockDeletingService (SCMBlockDeletingService.java:call(138)) - Running DeletedBlockTransactionScanner
2019-09-10 07:05:04,220 [SCMBlockDeletingService#0] DEBUG block.SCMBlockDeletingService (SCMBlockDeletingService.java:call(155)) - Scanned deleted blocks log and got 0 delTX to process.
2019-09-10 07:05:04,320 [SCMBlockDeletingService#0] DEBUG block.SCMBlockDeletingService (SCMBlockDeletingService.java:call(138)) - Running DeletedBlockTransactionScanner
2019-09-10 07:05:04,321 [SCMBlockDeletingService#0] DEBUG block.SCMBlockDeletingService (SCMBlockDeletingService.java:call(155)) - Scanned deleted blocks log and got 0 delTX to process.
2019-09-10 07:05:04,421 [SCMBlockDeletingService#0] DEBUG block.SCMBlockDeletingService (SCMBlockDeletingService.java:call(138)) - Running DeletedBlockTransactionScanner
2019-09-10 07:05:04,421 [SCMBlockDeletingService#0] DEBUG block.SCMBlockDeletingService (SCMBlockDeletingService.java:call(155)) - Scanned deleted blocks log and got 0 delTX to process.
2019-09-10 07:05:04,522 [SCMBlockDeletingService#0] DEBUG block.SCMBlockDeletingService (SCMBlockDeletingService.java:call(138)) - Running DeletedBlockTransactionScanner
2019-09-10 07:05:04,522 [SCMBlockDeletingService#0] DEBUG block.SCMBlockDeletingService (SCMBlockDeletingService.java:call(155)) - Scanned deleted blocks log and got 0 delTX to process.
2019-09-10 07:05:04,622 [SCMBlockDeletingService#0] DEBUG block.SCMBlockDeletingService (SCMBlockDeletingService.java:call(138)) - Running DeletedBlockTransactionScanner
2019-09-10 07:05:04,623 [SCMBlockDeletingService#0] DEBUG block.SCMBlockDeletingService (SCMBlockDeletingService.java:call(155)) - Scanned deleted blocks log and got 0 delTX to process.
2019-09-10 07:05:04,723 [SCMBlockDeletingService#0] DEBUG block.SCMBlockDeletingService (SCMBlockDeletingService.java:call(138)) - Running DeletedBlockTransactionScanner
2019-09-10 07:05:04,723 [SCMBlockDeletingService#0] DEBUG block.SCMBlockDeletingService (SCMBlockDeletingService.java:call(155)) - Scanned deleted blocks log and got 0 delTX to process.
2019-09-10 07:05:04,824 [SCMBlockDeletingService#0] DEBUG block.SCMBlockDeletingService (SCMBlockDeletingService.java:call(138)) - Running DeletedBlockTransactionScanner
2019-09-10 07:05:04,824 [SCMBlockDeletingService#0] DEBUG block.SCMBlockDeletingService (SCMBlockDeletingService.java:call(155)) - Scanned deleted blocks log and got 0 delTX to process.
2019-09-10 07:05:04,924 [SCMBlockDeletingService#0] DEBUG block.SCMBlockDeletingService (SCMBlockDeletingService.java:call(138)) - Running DeletedBlockTransactionScanner
2019-09-10 07:05:04,924 [SCMBlockDeletingService#0] DEBUG block.SCMBlockDeletingService (SCMBlockDeletingService.java:call(155)) - Scanned deleted blocks log and got 0 delTX to process.
2019-09-10 07:05:05,025 [SCMBlockDeletingService#0] DEBUG block.SCMBlockDeletingService (SCMBlockDeletingService.java:call(138)) - Running DeletedBlockTransactionScanner
2019-09-10 07:05:05,025 [SCMBlockDeletingService#0] DEBUG block.SCMBlockDeletingService (SCMBlockDeletingService.java:call(155)) - Scanned deleted blocks log and got 0 delTX to process.
2019-09-10 07:05:05,126 [SCMBlockDeletingService#0] DEBUG block.SCMBlockDeletingService (SCMBlockDeletingService.java:call(138)) - Running DeletedBlockTransactionScanner
2019-09-10 07:05:05,126 [SCMBlockDeletingService#0] DEBUG block.SCMBlockDeletingService (SCMBlockDeletingService.java:call(155)) - Scanned deleted blocks log and got 0 delTX to process.
2019-09-10 07:05:05,226 [SCMBlockDeletingService#0] DEBUG block.SCMBlockDeletingService (SCMBlockDeletingService.java:call(138)) - Running DeletedBlockTransactionScanner
2019-09-10 07:05:05,226 [SCMBlockDeletingService#0] DEBUG block.SCMBlockDeletingService (SCMBlockDeletingService.java:call(155)) - Scanned deleted blocks log and got 0 delTX to process.
2019-09-10 07:05:05,327 [SCMBlockDeletingService#0] DEBUG block.SCMBlockDeletingService (SCMBlockDeletingService.java:call(138)) - Running DeletedBlockTransactionScanner
2019-09-10 07:05:05,327 [SCMBlockDeletingService#0] DEBUG block.SCMBlockDeletingService (SCMBlockDeletingService.java:call(155)) - Scanned deleted blocks log and got 0 delTX to process.
2019-09-10 07:05:05,427 [SCMBlockDeletingService#0] DEBUG block.SCMBlockDeletingService (SCMBlockDeletingService.java:call(138)) - Running DeletedBlockTransactionScanner
2019-09-10 07:05:05,428 [SCMBlockDeletingService#0] DEBUG block.SCMBlockDeletingService (SCMBlockDeletingService.java:call(155)) - Scanned deleted blocks log and got 0 delTX to process.
2019-09-10 07:05:05,528 [SCMBlockDeletingService#0] DEBUG block.SCMBlockDeletingService (SCMBlockDeletingService.java:call(138)) - Running DeletedBlockTransactionScanner
2019-09-10 07:05:05,528 [SCMBlockDeletingService#0] DEBUG block.SCMBlockDeletingService (SCMBlockDeletingService.java:call(155)) - Scanned deleted blocks log and got 0 delTX to process.
2019-09-10 07:05:05,629 [SCMBlockDeletingService#0] DEBUG block.SCMBlockDeletingService (SCMBlockDeletingService.java:call(138)) - Running DeletedBlockTransactionScanner
2019-09-10 07:05:05,629 [SCMBlockDeletingService#0] DEBUG block.SCMBlockDeletingService (SCMBlockDeletingService.java:call(155)) - Scanned deleted blocks log and got 0 delTX to process.
2019-09-10 07:05:05,729 [SCMBlockDeletingService#0] DEBUG block.SCMBlockDeletingService (SCMBlockDeletingService.java:call(138)) - Running DeletedBlockTransactionScanner
2019-09-10 07:05:05,729 [SCMBlockDeletingService#0] DEBUG block.SCMBlockDeletingService (SCMBlockDeletingService.java:call(155)) - Scanned deleted blocks log and got 0 delTX to process.
2019-09-10 07:05:05,830 [SCMBlockDeletingService#0] DEBUG block.SCMBlockDeletingService (SCMBlockDeletingService.java:call(138)) - Running DeletedBlockTransactionScanner
2019-09-10 07:05:05,830 [SCMBlockDeletingService#0] DEBUG block.SCMBlockDeletingService (SCMBlockDeletingService.java:call(155)) - Scanned deleted blocks log and got 0 delTX to process.
2019-09-10 07:05:05,930 [SCMBlockDeletingService#0] DEBUG block.SCMBlockDeletingService (SCMBlockDeletingService.java:call(138)) - Running DeletedBlockTransactionScanner
2019-09-10 07:05:05,931 [SCMBlockDeletingService#0] DEBUG block.SCMBlockDeletingService (SCMBlockDeletingService.java:call(155)) - Scanned deleted blocks log and got 0 delTX to process.
2019-09-10 07:05:06,031 [SCMBlockDeletingService#0] DEBUG block.SCMBlockDeletingService (SCMBlockDeletingService.java:call(138)) - Running DeletedBlockTransactionScanner
2019-09-10 07:05:06,031 [SCMBlockDeletingService#0] DEBUG block.SCMBlockDeletingService (SCMBlockDeletingService.java:call(155)) - Scanned deleted blocks log and got 0 delTX to process.
2019-09-10 07:05:06,132 [SCMBlockDeletingService#0] DEBUG block.SCMBlockDeletingService (SCMBlockDeletingService.java:call(138)) - Running DeletedBlockTransactionScanner
2019-09-10 07:05:06,132 [SCMBlockDeletingService#0] DEBUG block.SCMBlockDeletingService (SCMBlockDeletingService.java:call(155)) - Scanned deleted blocks log and got 0 delTX to process.
2019-09-10 07:05:06,232 [SCMBlockDeletingService#0] DEBUG block.SCMBlockDeletingService (SCMBlockDeletingService.java:call(138)) - Running DeletedBlockTransactionScanner
2019-09-10 07:05:06,232 [SCMBlockDeletingService#0] DEBUG block.SCMBlockDeletingService (SCMBlockDeletingService.java:call(155)) - Scanned deleted blocks log and got 0 delTX to process.
2019-09-10 07:05:06,333 [SCMBlockDeletingService#0] DEBUG block.SCMBlockDeletingService (SCMBlockDeletingService.java:call(138)) - Running DeletedBlockTransactionScanner
2019-09-10 07:05:06,333 [SCMBlockDeletingService#0] DEBUG block.SCMBlockDeletingService (SCMBlockDeletingService.java:call(155)) - Scanned deleted blocks log and got 0 delTX to process.
2019-09-10 07:05:06,433 [SCMBlockDeletingService#0] DEBUG block.SCMBlockDeletingService (SCMBlockDeletingService.java:call(138)) - Running DeletedBlockTransactionScanner
2019-09-10 07:05:06,434 [SCMBlockDeletingService#0] DEBUG block.SCMBlockDeletingService (SCMBlockDeletingService.java:call(155)) - Scanned deleted blocks log and got 0 delTX to process.
2019-09-10 07:05:06,534 [SCMBlockDeletingService#0] DEBUG block.SCMBlockDeletingService (SCMBlockDeletingService.java:call(138)) - Running DeletedBlockTransactionScanner
2019-09-10 07:05:06,534 [SCMBlockDeletingService#0] DEBUG block.SCMBlockDeletingService (SCMBlockDeletingService.java:call(155)) - Scanned deleted blocks log and got 0 delTX to process.
2019-09-10 07:05:06,635 [SCMBlockDeletingService#0] DEBUG block.SCMBlockDeletingService (SCMBlockDeletingService.java:call(138)) - Running DeletedBlockTransactionScanner
2019-09-10 07:05:06,635 [SCMBlockDeletingService#0] DEBUG block.SCMBlockDeletingService (SCMBlockDeletingService.java:call(155)) - Scanned deleted blocks log and got 0 delTX to process.
2019-09-10 07:05:06,735 [SCMBlockDeletingService#0] DEBUG block.SCMBlockDeletingService (SCMBlockDeletingService.java:call(138)) - Running DeletedBlockTransactionScanner
2019-09-10 07:05:06,736 [SCMBlockDeletingService#0] DEBUG block.SCMBlockDeletingService (SCMBlockDeletingService.java:call(155)) - Scanned deleted blocks log and got 0 delTX to process.
2019-09-10 07:05:06,836 [SCMBlockDeletingService#0] DEBUG block.SCMBlockDeletingService (SCMBlockDeletingService.java:call(138)) - Running DeletedBlockTransactionScanner
2019-09-10 07:05:06,836 [SCMBlockDeletingService#0] DEBUG block.SCMBlockDeletingService (SCMBlockDeletingService.java:call(155)) - Scanned deleted blocks log and got 0 delTX to process.
2019-09-10 07:05:06,937 [SCMBlockDeletingService#0] DEBUG block.SCMBlockDeletingService (SCMBlockDeletingService.java:call(138)) - Running DeletedBlockTransactionScanner
2019-09-10 07:05:06,937 [SCMBlockDeletingService#0] DEBUG block.SCMBlockDeletingService (SCMBlockDeletingService.java:call(155)) - Scanned deleted blocks log and got 0 delTX to process.
2019-09-10 07:05:07,038 [SCMBlockDeletingService#0] DEBUG block.SCMBlockDeletingService (SCMBlockDeletingService.java:call(138)) - Running DeletedBlockTransactionScanner
2019-09-10 07:05:07,038 [SCMBlockDeletingService#0] DEBUG block.SCMBlockDeletingService (SCMBlockDeletingService.java:call(155)) - Scanned deleted blocks log and got 0 delTX to process.
2019-09-10 07:05:07,138 [SCMBlockDeletingService#0] DEBUG block.SCMBlockDeletingService (SCMBlockDeletingService.java:call(138)) - Running DeletedBlockTransactionScanner
2019-09-10 07:05:07,139 [SCMBlockDeletingService#0] DEBUG block.SCMBlockDeletingService (SCMBlockDeletingService.java:call(155)) - Scanned deleted blocks log and got 0 delTX to process.
2019-09-10 07:05:07,239 [SCMBlockDeletingService#0] DEBUG block.SCMBlockDeletingService (SCMBlockDeletingService.java:call(138)) - Running DeletedBlockTransactionScanner
2019-09-10 07:05:07,239 [SCMBlockDeletingService#0] DEBUG block.SCMBlockDeletingService (SCMBlockDeletingService.java:call(155)) - Scanned deleted blocks log and got 0 delTX to process.
2019-09-10 07:05:07,339 [SCMBlockDeletingService#0] DEBUG block.SCMBlockDeletingService (SCMBlockDeletingService.java:call(138)) - Running DeletedBlockTransactionScanner
2019-09-10 07:05:07,340 [SCMBlockDeletingService#0] DEBUG block.SCMBlockDeletingService (SCMBlockDeletingService.java:call(155)) - Scanned deleted blocks log and got 0 delTX to process.
2019-09-10 07:05:07,440 [SCMBlockDeletingService#0] DEBUG block.SCMBlockDeletingService (SCMBlockDeletingService.java:call(138)) - Running DeletedBlockTransactionScanner
2019-09-10 07:05:07,440 [SCMBlockDeletingService#0] DEBUG block.SCMBlockDeletingService (SCMBlockDeletingService.java:call(155)) - Scanned deleted blocks log and got 0 delTX to process.
2019-09-10 07:05:07,541 [SCMBlockDeletingService#0] DEBUG block.SCMBlockDeletingService (SCMBlockDeletingService.java:call(138)) - Running DeletedBlockTransactionScanner
2019-09-10 07:05:07,541 [SCMBlockDeletingService#0] DEBUG block.SCMBlockDeletingService (SCMBlockDeletingService.java:call(155)) - Scanned deleted blocks log and got 0 delTX to process.
2019-09-10 07:05:07,641 [SCMBlockDeletingService#0] DEBUG block.SCMBlockDeletingService (SCMBlockDeletingService.java:call(138)) - Running DeletedBlockTransactionScanner
2019-09-10 07:05:07,642 [SCMBlockDeletingService#0] DEBUG block.SCMBlockDeletingService (SCMBlockDeletingService.java:call(155)) - Scanned deleted blocks log and got 0 delTX to process.
2019-09-10 07:05:07,742 [SCMBlockDeletingService#0] DEBUG block.SCMBlockDeletingService (SCMBlockDeletingService.java:call(138)) - Running DeletedBlockTransactionScanner
2019-09-10 07:05:07,742 [SCMBlockDeletingService#0] DEBUG block.SCMBlockDeletingService (SCMBlockDeletingService.java:call(155)) - Scanned deleted blocks log and got 0 delTX to process.
2019-09-10 07:05:07,843 [SCMBlockDeletingService#0] DEBUG block.SCMBlockDeletingService (SCMBlockDeletingService.java:call(138)) - Running DeletedBlockTransactionScanner
2019-09-10 07:05:07,843 [SCMBlockDeletingService#0] DEBUG block.SCMBlockDeletingService (SCMBlockDeletingService.java:call(155)) - Scanned deleted blocks log and got 0 delTX to process.
2019-09-10 07:05:07,943 [SCMBlockDeletingService#0] DEBUG block.SCMBlockDeletingService (SCMBlockDeletingService.java:call(138)) - Running DeletedBlockTransactionScanner
2019-09-10 07:05:07,944 [SCMBlockDeletingService#0] DEBUG block.SCMBlockDeletingService (SCMBlockDeletingService.java:call(155)) - Scanned deleted blocks log and got 0 delTX to process.
2019-09-10 07:05:08,044 [SCMBlockDeletingService#0] DEBUG block.SCMBlockDeletingService (SCMBlockDeletingService.java:call(138)) - Running DeletedBlockTransactionScanner
2019-09-10 07:05:08,044 [SCMBlockDeletingService#0] DEBUG block.SCMBlockDeletingService (SCMBlockDeletingService.java:call(155)) - Scanned deleted blocks log and got 0 delTX to process.
2019-09-10 07:05:08,145 [SCMBlockDeletingService#0] DEBUG block.SCMBlockDeletingService (SCMBlockDeletingService.java:call(138)) - Running DeletedBlockTransactionScanner
2019-09-10 07:05:08,145 [SCMBlockDeletingService#0] DEBUG block.SCMBlockDeletingService (SCMBlockDeletingService.java:call(155)) - Scanned deleted blocks log and got 0 delTX to process.
2019-09-10 07:05:08,245 [SCMBlockDeletingService#0] DEBUG block.SCMBlockDeletingService (SCMBlockDeletingService.java:call(138)) - Running DeletedBlockTransactionScanner
2019-09-10 07:05:08,246 [SCMBlockDeletingService#0] DEBUG block.SCMBlockDeletingService (SCMBlockDeletingService.java:call(155)) - Scanned deleted blocks log and got 0 delTX to process.
2019-09-10 07:05:08,346 [SCMBlockDeletingService#0] DEBUG block.SCMBlockDeletingService (SCMBlockDeletingService.java:call(138)) - Running DeletedBlockTransactionScanner
2019-09-10 07:05:08,346 [SCMBlockDeletingService#0] DEBUG block.SCMBlockDeletingService (SCMBlockDeletingService.java:call(155)) - Scanned deleted blocks log and got 0 delTX to process.
2019-09-10 07:05:08,447 [SCMBlockDeletingService#0] DEBUG block.SCMBlockDeletingService (SCMBlockDeletingService.java:call(138)) - Running DeletedBlockTransactionScanner
2019-09-10 07:05:08,447 [SCMBlockDeletingService#0] DEBUG block.SCMBlockDeletingService (SCMBlockDeletingService.java:call(155)) - Scanned deleted blocks log and got 0 delTX to process.
2019-09-10 07:05:08,547 [SCMBlockDeletingService#0] DEBUG block.SCMBlockDeletingService (SCMBlockDeletingService.java:call(138)) - Running DeletedBlockTransactionScanner
2019-09-10 07:05:08,548 [SCMBlockDeletingService#0] DEBUG block.SCMBlockDeletingService (SCMBlockDeletingService.java:call(155)) - Scanned deleted blocks log and got 0 delTX to process.
2019-09-10 07:05:08,648 [SCMBlockDeletingService#1] DEBUG block.SCMBlockDeletingService (SCMBlockDeletingService.java:call(138)) - Running DeletedBlockTransactionScanner
2019-09-10 07:05:08,648 [SCMBlockDeletingService#1] DEBUG block.SCMBlockDeletingService (SCMBlockDeletingService.java:call(155)) - Scanned deleted blocks log and got 0 delTX to process.
2019-09-10 07:05:08,749 [SCMBlockDeletingService#1] DEBUG block.SCMBlockDeletingService (SCMBlockDeletingService.java:call(138)) - Running DeletedBlockTransactionScanner
2019-09-10 07:05:08,749 [SCMBlockDeletingService#1] DEBUG block.SCMBlockDeletingService (SCMBlockDeletingService.java:call(155)) - Scanned deleted blocks log and got 0 delTX to process.
2019-09-10 07:05:08,849 [SCMBlockDeletingService#1] DEBUG block.SCMBlockDeletingService (SCMBlockDeletingService.java:call(138)) - Running DeletedBlockTransactionScanner
2019-09-10 07:05:08,849 [SCMBlockDeletingService#1] DEBUG block.SCMBlockDeletingService (SCMBlockDeletingService.java:call(155)) - Scanned deleted blocks log and got 0 delTX to process.
2019-09-10 07:05:08,950 [SCMBlockDeletingService#1] DEBUG block.SCMBlockDeletingService (SCMBlockDeletingService.java:call(138)) - Running DeletedBlockTransactionScanner
2019-09-10 07:05:08,950 [SCMBlockDeletingService#1] DEBUG block.SCMBlockDeletingService (SCMBlockDeletingService.java:call(155)) - Scanned deleted blocks log and got 0 delTX to process.
2019-09-10 07:05:09,050 [SCMBlockDeletingService#1] DEBUG block.SCMBlockDeletingService (SCMBlockDeletingService.java:call(138)) - Running DeletedBlockTransactionScanner
2019-09-10 07:05:09,051 [SCMBlockDeletingService#1] DEBUG block.SCMBlockDeletingService (SCMBlockDeletingService.java:call(155)) - Scanned deleted blocks log and got 0 delTX to process.
2019-09-10 07:05:09,151 [SCMBlockDeletingService#1] DEBUG block.SCMBlockDeletingService (SCMBlockDeletingService.java:call(138)) - Running DeletedBlockTransactionScanner
2019-09-10 07:05:09,151 [SCMBlockDeletingService#1] DEBUG block.SCMBlockDeletingService (SCMBlockDeletingService.java:call(155)) - Scanned deleted blocks log and got 0 delTX to process.
2019-09-10 07:05:09,251 [SCMBlockDeletingService#0] DEBUG block.SCMBlockDeletingService (SCMBlockDeletingService.java:call(138)) - Running DeletedBlockTransactionScanner
2019-09-10 07:05:09,252 [SCMBlockDeletingService#0] DEBUG block.SCMBlockDeletingService (SCMBlockDeletingService.java:call(155)) - Scanned deleted blocks log and got 0 delTX to process.
2019-09-10 07:05:09,352 [SCMBlockDeletingService#0] DEBUG block.SCMBlockDeletingService (SCMBlockDeletingService.java:call(138)) - Running DeletedBlockTransactionScanner
2019-09-10 07:05:09,353 [SCMBlockDeletingService#0] DEBUG block.SCMBlockDeletingService (SCMBlockDeletingService.java:call(155)) - Scanned deleted blocks log and got 0 delTX to process.
2019-09-10 07:05:09,454 [SCMBlockDeletingService#0] DEBUG block.SCMBlockDeletingService (SCMBlockDeletingService.java:call(138)) - Running DeletedBlockTransactionScanner
2019-09-10 07:05:09,454 [SCMBlockDeletingService#0] DEBUG block.SCMBlockDeletingService (SCMBlockDeletingService.java:call(155)) - Scanned deleted blocks log and got 0 delTX to process.
2019-09-10 07:05:09,554 [SCMBlockDeletingService#0] DEBUG block.SCMBlockDeletingService (SCMBlockDeletingService.java:call(138)) - Running DeletedBlockTransactionScanner
2019-09-10 07:05:09,554 [SCMBlockDeletingService#0] DEBUG block.SCMBlockDeletingService (SCMBlockDeletingService.java:call(155)) - Scanned deleted blocks log and got 0 delTX to process.
2019-09-10 07:05:09,655 [SCMBlockDeletingService#0] DEBUG block.SCMBlockDeletingService (SCMBlockDeletingService.java:call(138)) - Running DeletedBlockTransactionScanner
2019-09-10 07:05:09,655 [SCMBlockDeletingService#0] DEBUG block.SCMBlockDeletingService (SCMBlockDeletingService.java:call(155)) - Scanned deleted blocks log and got 0 delTX to process.
2019-09-10 07:05:09,756 [SCMBlockDeletingService#0] DEBUG block.SCMBlockDeletingService (SCMBlockDeletingService.java:call(138)) - Running DeletedBlockTransactionScanner
2019-09-10 07:05:09,756 [SCMBlockDeletingService#0] DEBUG block.SCMBlockDeletingService (SCMBlockDeletingService.java:call(155)) - Scanned deleted blocks log and got 0 delTX to process.
2019-09-10 07:05:09,856 [SCMBlockDeletingService#0] DEBUG block.SCMBlockDeletingService (SCMBlockDeletingService.java:call(138)) - Running DeletedBlockTransactionScanner
2019-09-10 07:05:09,857 [SCMBlockDeletingService#0] DEBUG block.SCMBlockDeletingService (SCMBlockDeletingService.java:call(155)) - Scanned deleted blocks log and got 0 delTX to process.
2019-09-10 07:05:09,957 [SCMBlockDeletingService#0] DEBUG block.SCMBlockDeletingService (SCMBlockDeletingService.java:call(138)) - Running DeletedBlockTransactionScanner
2019-09-10 07:05:09,957 [SCMBlockDeletingService#0] DEBUG block.SCMBlockDeletingService (SCMBlockDeletingService.java:call(155)) - Scanned deleted blocks log and got 0 delTX to process.
2019-09-10 07:05:10,058 [SCMBlockDeletingService#0] DEBUG block.SCMBlockDeletingService (SCMBlockDeletingService.java:call(138)) - Running DeletedBlockTransactionScanner
2019-09-10 07:05:10,058 [SCMBlockDeletingService#0] DEBUG block.SCMBlockDeletingService (SCMBlockDeletingService.java:call(155)) - Scanned deleted blocks log and got 0 delTX to process.
2019-09-10 07:05:10,158 [SCMBlockDeletingService#0] DEBUG block.SCMBlockDeletingService (SCMBlockDeletingService.java:call(138)) - Running DeletedBlockTransactionScanner
2019-09-10 07:05:10,158 [SCMBlockDeletingService#0] DEBUG block.SCMBlockDeletingService (SCMBlockDeletingService.java:call(155)) - Scanned deleted blocks log and got 0 delTX to process.
2019-09-10 07:05:10,259 [SCMBlockDeletingService#0] DEBUG block.SCMBlockDeletingService (SCMBlockDeletingService.java:call(138)) - Running DeletedBlockTransactionScanner
2019-09-10 07:05:10,259 [SCMBlockDeletingService#0] DEBUG block.SCMBlockDeletingService (SCMBlockDeletingService.java:call(155)) - Scanned deleted blocks log and got 0 delTX to process.
2019-09-10 07:05:10,359 [SCMBlockDeletingService#0] DEBUG block.SCMBlockDeletingService (SCMBlockDeletingService.java:call(138)) - Running DeletedBlockTransactionScanner
2019-09-10 07:05:10,360 [SCMBlockDeletingService#0] DEBUG block.SCMBlockDeletingService (SCMBlockDeletingService.java:call(155)) - Scanned deleted blocks log and got 0 delTX to process.
2019-09-10 07:05:10,460 [SCMBlockDeletingService#0] DEBUG block.SCMBlockDeletingService (SCMBlockDeletingService.java:call(138)) - Running DeletedBlockTransactionScanner
2019-09-10 07:05:10,461 [SCMBlockDeletingService#0] DEBUG block.SCMBlockDeletingService (SCMBlockDeletingService.java:call(155)) - Scanned deleted blocks log and got 0 delTX to process.
2019-09-10 07:05:10,561 [SCMBlockDeletingService#0] DEBUG block.SCMBlockDeletingService (SCMBlockDeletingService.java:call(138)) - Running DeletedBlockTransactionScanner
2019-09-10 07:05:10,562 [SCMBlockDeletingService#0] DEBUG block.SCMBlockDeletingService (SCMBlockDeletingService.java:call(155)) - Scanned deleted blocks log and got 0 delTX to process.
2019-09-10 07:05:10,662 [SCMBlockDeletingService#0] DEBUG block.SCMBlockDeletingService (SCMBlockDeletingService.java:call(138)) - Running DeletedBlockTransactionScanner
2019-09-10 07:05:10,662 [SCMBlockDeletingService#0] DEBUG block.SCMBlockDeletingService (SCMBlockDeletingService.java:call(155)) - Scanned deleted blocks log and got 0 delTX to process.
2019-09-10 07:05:10,763 [SCMBlockDeletingService#0] DEBUG block.SCMBlockDeletingService (SCMBlockDeletingService.java:call(138)) - Running DeletedBlockTransactionScanner
2019-09-10 07:05:10,763 [SCMBlockDeletingService#0] DEBUG block.SCMBlockDeletingService (SCMBlockDeletingService.java:call(155)) - Scanned deleted blocks log and got 0 delTX to process.
2019-09-10 07:05:10,863 [SCMBlockDeletingService#0] DEBUG block.SCMBlockDeletingService (SCMBlockDeletingService.java:call(138)) - Running DeletedBlockTransactionScanner
2019-09-10 07:05:10,863 [SCMBlockDeletingService#0] DEBUG block.SCMBlockDeletingService (SCMBlockDeletingService.java:call(155)) - Scanned deleted blocks log and got 0 delTX to process.
2019-09-10 07:05:10,964 [SCMBlockDeletingService#0] DEBUG block.SCMBlockDeletingService (SCMBlockDeletingService.java:call(138)) - Running DeletedBlockTransactionScanner
2019-09-10 07:05:10,964 [SCMBlockDeletingService#0] DEBUG block.SCMBlockDeletingService (SCMBlockDeletingService.java:call(155)) - Scanned deleted blocks log and got 0 delTX to process.
2019-09-10 07:05:11,065 [SCMBlockDeletingService#0] DEBUG block.SCMBlockDeletingService (SCMBlockDeletingService.java:call(138)) - Running DeletedBlockTransactionScanner
2019-09-10 07:05:11,065 [SCMBlockDeletingService#0] DEBUG block.SCMBlockDeletingService (SCMBlockDeletingService.java:call(155)) - Scanned deleted blocks log and got 0 delTX to process.
2019-09-10 07:05:11,165 [SCMBlockDeletingService#0] DEBUG block.SCMBlockDeletingService (SCMBlockDeletingService.java:call(138)) - Running DeletedBlockTransactionScanner
2019-09-10 07:05:11,166 [SCMBlockDeletingService#0] DEBUG block.SCMBlockDeletingService (SCMBlockDeletingService.java:call(155)) - Scanned deleted blocks log and got 0 delTX to process.
2019-09-10 07:05:11,266 [SCMBlockDeletingService#1] DEBUG block.SCMBlockDeletingService (SCMBlockDeletingService.java:call(138)) - Running DeletedBlockTransactionScanner
2019-09-10 07:05:11,266 [SCMBlockDeletingService#1] DEBUG block.SCMBlockDeletingService (SCMBlockDeletingService.java:call(155)) - Scanned deleted blocks log and got 0 delTX to process.
2019-09-10 07:05:11,367 [SCMBlockDeletingService#1] DEBUG block.SCMBlockDeletingService (SCMBlockDeletingService.java:call(138)) - Running DeletedBlockTransactionScanner
2019-09-10 07:05:11,367 [SCMBlockDeletingService#1] DEBUG block.SCMBlockDeletingService (SCMBlockDeletingService.java:call(155)) - Scanned deleted blocks log and got 0 delTX to process.
2019-09-10 07:05:11,467 [SCMBlockDeletingService#1] DEBUG block.SCMBlockDeletingService (SCMBlockDeletingService.java:call(138)) - Running DeletedBlockTransactionScanner
2019-09-10 07:05:11,468 [SCMBlockDeletingService#1] DEBUG block.SCMBlockDeletingService (SCMBlockDeletingService.java:call(155)) - Scanned deleted blocks log and got 0 delTX to process.
2019-09-10 07:05:11,568 [SCMBlockDeletingService#1] DEBUG block.SCMBlockDeletingService (SCMBlockDeletingService.java:call(138)) - Running DeletedBlockTransactionScanner
2019-09-10 07:05:11,568 [SCMBlockDeletingService#1] DEBUG block.SCMBlockDeletingService (SCMBlockDeletingService.java:call(155)) - Scanned deleted blocks log and got 0 delTX to process.
2019-09-10 07:05:11,668 [SCMBlockDeletingService#0] DEBUG block.SCMBlockDeletingService (SCMBlockDeletingService.java:call(138)) - Running DeletedBlockTransactionScanner
2019-09-10 07:05:11,669 [SCMBlockDeletingService#0] DEBUG block.SCMBlockDeletingService (SCMBlockDeletingService.java:call(155)) - Scanned deleted blocks log and got 0 delTX to process.
2019-09-10 07:05:11,769 [SCMBlockDeletingService#0] DEBUG block.SCMBlockDeletingService (SCMBlockDeletingService.java:call(138)) - Running DeletedBlockTransactionScanner
2019-09-10 07:05:11,769 [SCMBlockDeletingService#0] DEBUG block.SCMBlockDeletingService (SCMBlockDeletingService.java:call(155)) - Scanned deleted blocks log and got 0 delTX to process.
2019-09-10 07:05:11,869 [SCMBlockDeletingService#1] DEBUG block.SCMBlockDeletingService (SCMBlockDeletingService.java:call(138)) - Running DeletedBlockTransactionScanner
2019-09-10 07:05:11,870 [SCMBlockDeletingService#1] DEBUG block.SCMBlockDeletingService (SCMBlockDeletingService.java:call(155)) - Scanned deleted blocks log and got 0 delTX to process.
2019-09-10 07:05:11,970 [SCMBlockDeletingService#1] DEBUG block.SCMBlockDeletingService (SCMBlockDeletingService.java:call(138)) - Running DeletedBlockTransactionScanner
2019-09-10 07:05:11,970 [SCMBlockDeletingService#1] DEBUG block.SCMBlockDeletingService (SCMBlockDeletingService.java:call(155)) - Scanned deleted blocks log and got 0 delTX to process.
2019-09-10 07:05:12,071 [SCMBlockDeletingService#1] DEBUG block.SCMBlockDeletingService (SCMBlockDeletingService.java:call(138)) - Running DeletedBlockTransactionScanner
2019-09-10 07:05:12,071 [SCMBlockDeletingService#1] DEBUG block.SCMBlockDeletingService (SCMBlockDeletingService.java:call(155)) - Scanned deleted blocks log and got 0 delTX to process.
2019-09-10 07:05:12,075 [05f13708-5e6e-4ea1-a525-a3c8f7f54426@group-34B10843FE54-SegmentedRaftLogWorker] WARN  segmented.SegmentedRaftLogWorker (SegmentedRaftLogWorker.java:getFromFuture(90)) - Timeout 11/~
org.apache.ratis.protocol.TimeoutIOException: Timeout 10s: WriteLog:16: (t:1, i:16), STATEMACHINELOGENTRY, client-7F424F215E90, cid=11-writeStateMachineData
	at org.apache.ratis.util.IOUtils.getFromFuture(IOUtils.java:87)
	at org.apache.ratis.server.raftlog.segmented.SegmentedRaftLogWorker$StateMachineDataPolicy.getFromFuture(SegmentedRaftLogWorker.java:87)
	at org.apache.ratis.server.raftlog.segmented.SegmentedRaftLogWorker$WriteLog.execute(SegmentedRaftLogWorker.java:477)
	at org.apache.ratis.server.raftlog.segmented.SegmentedRaftLogWorker.run(SegmentedRaftLogWorker.java:289)
	at java.lang.Thread.run(Thread.java:748)
Caused by: java.util.concurrent.TimeoutException
	at java.util.concurrent.CompletableFuture.timedGet(CompletableFuture.java:1771)
	at java.util.concurrent.CompletableFuture.get(CompletableFuture.java:1915)
	at org.apache.ratis.util.IOUtils.getFromFuture(IOUtils.java:79)
	... 4 more
2019-09-10 07:05:12,171 [SCMBlockDeletingService#1] DEBUG block.SCMBlockDeletingService (SCMBlockDeletingService.java:call(138)) - Running DeletedBlockTransactionScanner
2019-09-10 07:05:12,172 [SCMBlockDeletingService#1] DEBUG block.SCMBlockDeletingService (SCMBlockDeletingService.java:call(155)) - Scanned deleted blocks log and got 0 delTX to process.
2019-09-10 07:05:12,272 [SCMBlockDeletingService#1] DEBUG block.SCMBlockDeletingService (SCMBlockDeletingService.java:call(138)) - Running DeletedBlockTransactionScanner
2019-09-10 07:05:12,272 [SCMBlockDeletingService#1] DEBUG block.SCMBlockDeletingService (SCMBlockDeletingService.java:call(155)) - Scanned deleted blocks log and got 0 delTX to process.
2019-09-10 07:05:12,373 [SCMBlockDeletingService#1] DEBUG block.SCMBlockDeletingService (SCMBlockDeletingService.java:call(138)) - Running DeletedBlockTransactionScanner
2019-09-10 07:05:12,373 [SCMBlockDeletingService#1] DEBUG block.SCMBlockDeletingService (SCMBlockDeletingService.java:call(155)) - Scanned deleted blocks log and got 0 delTX to process.
2019-09-10 07:05:12,473 [SCMBlockDeletingService#1] DEBUG block.SCMBlockDeletingService (SCMBlockDeletingService.java:call(138)) - Running DeletedBlockTransactionScanner
2019-09-10 07:05:12,473 [SCMBlockDeletingService#1] DEBUG block.SCMBlockDeletingService (SCMBlockDeletingService.java:call(155)) - Scanned deleted blocks log and got 0 delTX to process.
2019-09-10 07:05:12,574 [SCMBlockDeletingService#1] DEBUG block.SCMBlockDeletingService (SCMBlockDeletingService.java:call(138)) - Running DeletedBlockTransactionScanner
2019-09-10 07:05:12,574 [SCMBlockDeletingService#1] DEBUG block.SCMBlockDeletingService (SCMBlockDeletingService.java:call(155)) - Scanned deleted blocks log and got 0 delTX to process.
2019-09-10 07:05:12,675 [SCMBlockDeletingService#1] DEBUG block.SCMBlockDeletingService (SCMBlockDeletingService.java:call(138)) - Running DeletedBlockTransactionScanner
2019-09-10 07:05:12,675 [SCMBlockDeletingService#1] DEBUG block.SCMBlockDeletingService (SCMBlockDeletingService.java:call(155)) - Scanned deleted blocks log and got 0 delTX to process.
2019-09-10 07:05:12,775 [SCMBlockDeletingService#1] DEBUG block.SCMBlockDeletingService (SCMBlockDeletingService.java:call(138)) - Running DeletedBlockTransactionScanner
2019-09-10 07:05:12,775 [SCMBlockDeletingService#1] DEBUG block.SCMBlockDeletingService (SCMBlockDeletingService.java:call(155)) - Scanned deleted blocks log and got 0 delTX to process.
2019-09-10 07:05:12,876 [SCMBlockDeletingService#1] DEBUG block.SCMBlockDeletingService (SCMBlockDeletingService.java:call(138)) - Running DeletedBlockTransactionScanner
2019-09-10 07:05:12,876 [SCMBlockDeletingService#1] DEBUG block.SCMBlockDeletingService (SCMBlockDeletingService.java:call(155)) - Scanned deleted blocks log and got 0 delTX to process.
2019-09-10 07:05:12,976 [SCMBlockDeletingService#1] DEBUG block.SCMBlockDeletingService (SCMBlockDeletingService.java:call(138)) - Running DeletedBlockTransactionScanner
2019-09-10 07:05:12,977 [SCMBlockDeletingService#1] DEBUG block.SCMBlockDeletingService (SCMBlockDeletingService.java:call(155)) - Scanned deleted blocks log and got 0 delTX to process.
2019-09-10 07:05:13,077 [SCMBlockDeletingService#0] DEBUG block.SCMBlockDeletingService (SCMBlockDeletingService.java:call(138)) - Running DeletedBlockTransactionScanner
2019-09-10 07:05:13,077 [SCMBlockDeletingService#0] DEBUG block.SCMBlockDeletingService (SCMBlockDeletingService.java:call(155)) - Scanned deleted blocks log and got 0 delTX to process.
2019-09-10 07:05:13,178 [SCMBlockDeletingService#0] DEBUG block.SCMBlockDeletingService (SCMBlockDeletingService.java:call(138)) - Running DeletedBlockTransactionScanner
2019-09-10 07:05:13,178 [SCMBlockDeletingService#0] DEBUG block.SCMBlockDeletingService (SCMBlockDeletingService.java:call(155)) - Scanned deleted blocks log and got 0 delTX to process.
2019-09-10 07:05:13,278 [SCMBlockDeletingService#0] DEBUG block.SCMBlockDeletingService (SCMBlockDeletingService.java:call(138)) - Running DeletedBlockTransactionScanner
2019-09-10 07:05:13,279 [SCMBlockDeletingService#0] DEBUG block.SCMBlockDeletingService (SCMBlockDeletingService.java:call(155)) - Scanned deleted blocks log and got 0 delTX to process.
2019-09-10 07:05:13,379 [SCMBlockDeletingService#1] DEBUG block.SCMBlockDeletingService (SCMBlockDeletingService.java:call(138)) - Running DeletedBlockTransactionScanner
2019-09-10 07:05:13,379 [SCMBlockDeletingService#1] DEBUG block.SCMBlockDeletingService (SCMBlockDeletingService.java:call(155)) - Scanned deleted blocks log and got 0 delTX to process.
2019-09-10 07:05:13,480 [SCMBlockDeletingService#1] DEBUG block.SCMBlockDeletingService (SCMBlockDeletingService.java:call(138)) - Running DeletedBlockTransactionScanner
2019-09-10 07:05:13,480 [SCMBlockDeletingService#1] DEBUG block.SCMBlockDeletingService (SCMBlockDeletingService.java:call(155)) - Scanned deleted blocks log and got 0 delTX to process.
2019-09-10 07:05:13,580 [SCMBlockDeletingService#1] DEBUG block.SCMBlockDeletingService (SCMBlockDeletingService.java:call(138)) - Running DeletedBlockTransactionScanner
2019-09-10 07:05:13,581 [SCMBlockDeletingService#1] DEBUG block.SCMBlockDeletingService (SCMBlockDeletingService.java:call(155)) - Scanned deleted blocks log and got 0 delTX to process.
2019-09-10 07:05:13,681 [SCMBlockDeletingService#1] DEBUG block.SCMBlockDeletingService (SCMBlockDeletingService.java:call(138)) - Running DeletedBlockTransactionScanner
2019-09-10 07:05:13,681 [SCMBlockDeletingService#1] DEBUG block.SCMBlockDeletingService (SCMBlockDeletingService.java:call(155)) - Scanned deleted blocks log and got 0 delTX to process.
2019-09-10 07:05:13,781 [SCMBlockDeletingService#1] DEBUG block.SCMBlockDeletingService (SCMBlockDeletingService.java:call(138)) - Running DeletedBlockTransactionScanner
2019-09-10 07:05:13,782 [SCMBlockDeletingService#1] DEBUG block.SCMBlockDeletingService (SCMBlockDeletingService.java:call(155)) - Scanned deleted blocks log and got 0 delTX to process.
2019-09-10 07:05:13,882 [SCMBlockDeletingService#1] DEBUG block.SCMBlockDeletingService (SCMBlockDeletingService.java:call(138)) - Running DeletedBlockTransactionScanner
2019-09-10 07:05:13,882 [SCMBlockDeletingService#1] DEBUG block.SCMBlockDeletingService (SCMBlockDeletingService.java:call(155)) - Scanned deleted blocks log and got 0 delTX to process.
2019-09-10 07:05:13,982 [SCMBlockDeletingService#1] DEBUG block.SCMBlockDeletingService (SCMBlockDeletingService.java:call(138)) - Running DeletedBlockTransactionScanner
2019-09-10 07:05:13,983 [SCMBlockDeletingService#1] DEBUG block.SCMBlockDeletingService (SCMBlockDeletingService.java:call(155)) - Scanned deleted blocks log and got 0 delTX to process.
2019-09-10 07:05:14,083 [SCMBlockDeletingService#1] DEBUG block.SCMBlockDeletingService (SCMBlockDeletingService.java:call(138)) - Running DeletedBlockTransactionScanner
2019-09-10 07:05:14,083 [SCMBlockDeletingService#1] DEBUG block.SCMBlockDeletingService (SCMBlockDeletingService.java:call(155)) - Scanned deleted blocks log and got 0 delTX to process.
2019-09-10 07:05:14,184 [SCMBlockDeletingService#1] DEBUG block.SCMBlockDeletingService (SCMBlockDeletingService.java:call(138)) - Running DeletedBlockTransactionScanner
2019-09-10 07:05:14,184 [SCMBlockDeletingService#1] DEBUG block.SCMBlockDeletingService (SCMBlockDeletingService.java:call(155)) - Scanned deleted blocks log and got 0 delTX to process.
2019-09-10 07:05:14,284 [SCMBlockDeletingService#0] DEBUG block.SCMBlockDeletingService (SCMBlockDeletingService.java:call(138)) - Running DeletedBlockTransactionScanner
2019-09-10 07:05:14,285 [SCMBlockDeletingService#0] DEBUG block.SCMBlockDeletingService (SCMBlockDeletingService.java:call(155)) - Scanned deleted blocks log and got 0 delTX to process.
2019-09-10 07:05:14,385 [SCMBlockDeletingService#1] DEBUG block.SCMBlockDeletingService (SCMBlockDeletingService.java:call(138)) - Running DeletedBlockTransactionScanner
2019-09-10 07:05:14,385 [SCMBlockDeletingService#1] DEBUG block.SCMBlockDeletingService (SCMBlockDeletingService.java:call(155)) - Scanned deleted blocks log and got 0 delTX to process.
2019-09-10 07:05:14,486 [SCMBlockDeletingService#1] DEBUG block.SCMBlockDeletingService (SCMBlockDeletingService.java:call(138)) - Running DeletedBlockTransactionScanner
2019-09-10 07:05:14,486 [SCMBlockDeletingService#1] DEBUG block.SCMBlockDeletingService (SCMBlockDeletingService.java:call(155)) - Scanned deleted blocks log and got 0 delTX to process.
2019-09-10 07:05:14,586 [SCMBlockDeletingService#1] DEBUG block.SCMBlockDeletingService (SCMBlockDeletingService.java:call(138)) - Running DeletedBlockTransactionScanner
2019-09-10 07:05:14,586 [SCMBlockDeletingService#1] DEBUG block.SCMBlockDeletingService (SCMBlockDeletingService.java:call(155)) - Scanned deleted blocks log and got 0 delTX to process.
2019-09-10 07:05:14,687 [SCMBlockDeletingService#1] DEBUG block.SCMBlockDeletingService (SCMBlockDeletingService.java:call(138)) - Running DeletedBlockTransactionScanner
2019-09-10 07:05:14,687 [SCMBlockDeletingService#1] DEBUG block.SCMBlockDeletingService (SCMBlockDeletingService.java:call(155)) - Scanned deleted blocks log and got 0 delTX to process.
2019-09-10 07:05:14,788 [SCMBlockDeletingService#1] DEBUG block.SCMBlockDeletingService (SCMBlockDeletingService.java:call(138)) - Running DeletedBlockTransactionScanner
2019-09-10 07:05:14,788 [SCMBlockDeletingService#1] DEBUG block.SCMBlockDeletingService (SCMBlockDeletingService.java:call(155)) - Scanned deleted blocks log and got 0 delTX to process.
2019-09-10 07:05:14,888 [SCMBlockDeletingService#1] DEBUG block.SCMBlockDeletingService (SCMBlockDeletingService.java:call(138)) - Running DeletedBlockTransactionScanner
2019-09-10 07:05:14,888 [SCMBlockDeletingService#1] DEBUG block.SCMBlockDeletingService (SCMBlockDeletingService.java:call(155)) - Scanned deleted blocks log and got 0 delTX to process.
2019-09-10 07:05:14,989 [SCMBlockDeletingService#1] DEBUG block.SCMBlockDeletingService (SCMBlockDeletingService.java:call(138)) - Running DeletedBlockTransactionScanner
2019-09-10 07:05:14,989 [SCMBlockDeletingService#1] DEBUG block.SCMBlockDeletingService (SCMBlockDeletingService.java:call(155)) - Scanned deleted blocks log and got 0 delTX to process.
2019-09-10 07:05:15,089 [SCMBlockDeletingService#1] DEBUG block.SCMBlockDeletingService (SCMBlockDeletingService.java:call(138)) - Running DeletedBlockTransactionScanner
2019-09-10 07:05:15,090 [SCMBlockDeletingService#1] DEBUG block.SCMBlockDeletingService (SCMBlockDeletingService.java:call(155)) - Scanned deleted blocks log and got 0 delTX to process.
2019-09-10 07:05:15,191 [SCMBlockDeletingService#1] DEBUG block.SCMBlockDeletingService (SCMBlockDeletingService.java:call(138)) - Running DeletedBlockTransactionScanner
2019-09-10 07:05:15,191 [SCMBlockDeletingService#1] DEBUG block.SCMBlockDeletingService (SCMBlockDeletingService.java:call(155)) - Scanned deleted blocks log and got 0 delTX to process.
2019-09-10 07:05:15,291 [SCMBlockDeletingService#1] DEBUG block.SCMBlockDeletingService (SCMBlockDeletingService.java:call(138)) - Running DeletedBlockTransactionScanner
2019-09-10 07:05:15,292 [SCMBlockDeletingService#1] DEBUG block.SCMBlockDeletingService (SCMBlockDeletingService.java:call(155)) - Scanned deleted blocks log and got 0 delTX to process.
2019-09-10 07:05:15,392 [SCMBlockDeletingService#1] DEBUG block.SCMBlockDeletingService (SCMBlockDeletingService.java:call(138)) - Running DeletedBlockTransactionScanner
2019-09-10 07:05:15,392 [SCMBlockDeletingService#1] DEBUG block.SCMBlockDeletingService (SCMBlockDeletingService.java:call(155)) - Scanned deleted blocks log and got 0 delTX to process.
2019-09-10 07:05:15,493 [SCMBlockDeletingService#1] DEBUG block.SCMBlockDeletingService (SCMBlockDeletingService.java:call(138)) - Running DeletedBlockTransactionScanner
2019-09-10 07:05:15,493 [SCMBlockDeletingService#1] DEBUG block.SCMBlockDeletingService (SCMBlockDeletingService.java:call(155)) - Scanned deleted blocks log and got 0 delTX to process.
2019-09-10 07:05:15,594 [SCMBlockDeletingService#1] DEBUG block.SCMBlockDeletingService (SCMBlockDeletingService.java:call(138)) - Running DeletedBlockTransactionScanner
2019-09-10 07:05:15,594 [SCMBlockDeletingService#1] DEBUG block.SCMBlockDeletingService (SCMBlockDeletingService.java:call(155)) - Scanned deleted blocks log and got 0 delTX to process.
2019-09-10 07:05:15,694 [SCMBlockDeletingService#1] DEBUG block.SCMBlockDeletingService (SCMBlockDeletingService.java:call(138)) - Running DeletedBlockTransactionScanner
2019-09-10 07:05:15,695 [SCMBlockDeletingService#1] DEBUG block.SCMBlockDeletingService (SCMBlockDeletingService.java:call(155)) - Scanned deleted blocks log and got 0 delTX to process.
2019-09-10 07:05:15,795 [SCMBlockDeletingService#1] DEBUG block.SCMBlockDeletingService (SCMBlockDeletingService.java:call(138)) - Running DeletedBlockTransactionScanner
2019-09-10 07:05:15,795 [SCMBlockDeletingService#1] DEBUG block.SCMBlockDeletingService (SCMBlockDeletingService.java:call(155)) - Scanned deleted blocks log and got 0 delTX to process.
2019-09-10 07:05:15,896 [SCMBlockDeletingService#1] DEBUG block.SCMBlockDeletingService (SCMBlockDeletingService.java:call(138)) - Running DeletedBlockTransactionScanner
2019-09-10 07:05:15,896 [SCMBlockDeletingService#1] DEBUG block.SCMBlockDeletingService (SCMBlockDeletingService.java:call(155)) - Scanned deleted blocks log and got 0 delTX to process.
2019-09-10 07:05:15,996 [SCMBlockDeletingService#0] DEBUG block.SCMBlockDeletingService (SCMBlockDeletingService.java:call(138)) - Running DeletedBlockTransactionScanner
2019-09-10 07:05:15,997 [SCMBlockDeletingService#0] DEBUG block.SCMBlockDeletingService (SCMBlockDeletingService.java:call(155)) - Scanned deleted blocks log and got 0 delTX to process.
2019-09-10 07:05:16,097 [SCMBlockDeletingService#0] DEBUG block.SCMBlockDeletingService (SCMBlockDeletingService.java:call(138)) - Running DeletedBlockTransactionScanner
2019-09-10 07:05:16,097 [SCMBlockDeletingService#0] DEBUG block.SCMBlockDeletingService (SCMBlockDeletingService.java:call(155)) - Scanned deleted blocks log and got 0 delTX to process.
2019-09-10 07:05:16,198 [SCMBlockDeletingService#0] DEBUG block.SCMBlockDeletingService (SCMBlockDeletingService.java:call(138)) - Running DeletedBlockTransactionScanner
2019-09-10 07:05:16,198 [SCMBlockDeletingService#0] DEBUG block.SCMBlockDeletingService (SCMBlockDeletingService.java:call(155)) - Scanned deleted blocks log and got 0 delTX to process.
2019-09-10 07:05:16,298 [SCMBlockDeletingService#0] DEBUG block.SCMBlockDeletingService (SCMBlockDeletingService.java:call(138)) - Running DeletedBlockTransactionScanner
2019-09-10 07:05:16,298 [SCMBlockDeletingService#0] DEBUG block.SCMBlockDeletingService (SCMBlockDeletingService.java:call(155)) - Scanned deleted blocks log and got 0 delTX to process.
2019-09-10 07:05:16,399 [SCMBlockDeletingService#0] DEBUG block.SCMBlockDeletingService (SCMBlockDeletingService.java:call(138)) - Running DeletedBlockTransactionScanner
2019-09-10 07:05:16,399 [SCMBlockDeletingService#0] DEBUG block.SCMBlockDeletingService (SCMBlockDeletingService.java:call(155)) - Scanned deleted blocks log and got 0 delTX to process.
2019-09-10 07:05:16,500 [SCMBlockDeletingService#1] DEBUG block.SCMBlockDeletingService (SCMBlockDeletingService.java:call(138)) - Running DeletedBlockTransactionScanner
2019-09-10 07:05:16,500 [SCMBlockDeletingService#1] DEBUG block.SCMBlockDeletingService (SCMBlockDeletingService.java:call(155)) - Scanned deleted blocks log and got 0 delTX to process.
2019-09-10 07:05:16,600 [SCMBlockDeletingService#1] DEBUG block.SCMBlockDeletingService (SCMBlockDeletingService.java:call(138)) - Running DeletedBlockTransactionScanner
2019-09-10 07:05:16,600 [SCMBlockDeletingService#1] DEBUG block.SCMBlockDeletingService (SCMBlockDeletingService.java:call(155)) - Scanned deleted blocks log and got 0 delTX to process.
2019-09-10 07:05:16,701 [SCMBlockDeletingService#1] DEBUG block.SCMBlockDeletingService (SCMBlockDeletingService.java:call(138)) - Running DeletedBlockTransactionScanner
2019-09-10 07:05:16,701 [SCMBlockDeletingService#1] DEBUG block.SCMBlockDeletingService (SCMBlockDeletingService.java:call(155)) - Scanned deleted blocks log and got 0 delTX to process.
2019-09-10 07:05:16,801 [SCMBlockDeletingService#1] DEBUG block.SCMBlockDeletingService (SCMBlockDeletingService.java:call(138)) - Running DeletedBlockTransactionScanner
2019-09-10 07:05:16,802 [SCMBlockDeletingService#1] DEBUG block.SCMBlockDeletingService (SCMBlockDeletingService.java:call(155)) - Scanned deleted blocks log and got 0 delTX to process.
2019-09-10 07:05:16,902 [SCMBlockDeletingService#1] DEBUG block.SCMBlockDeletingService (SCMBlockDeletingService.java:call(138)) - Running DeletedBlockTransactionScanner
2019-09-10 07:05:16,902 [SCMBlockDeletingService#1] DEBUG block.SCMBlockDeletingService (SCMBlockDeletingService.java:call(155)) - Scanned deleted blocks log and got 0 delTX to process.
2019-09-10 07:05:17,002 [SCMBlockDeletingService#1] DEBUG block.SCMBlockDeletingService (SCMBlockDeletingService.java:call(138)) - Running DeletedBlockTransactionScanner
2019-09-10 07:05:17,003 [SCMBlockDeletingService#1] DEBUG block.SCMBlockDeletingService (SCMBlockDeletingService.java:call(155)) - Scanned deleted blocks log and got 0 delTX to process.
2019-09-10 07:05:17,103 [SCMBlockDeletingService#1] DEBUG block.SCMBlockDeletingService (SCMBlockDeletingService.java:call(138)) - Running DeletedBlockTransactionScanner
2019-09-10 07:05:17,103 [SCMBlockDeletingService#1] DEBUG block.SCMBlockDeletingService (SCMBlockDeletingService.java:call(155)) - Scanned deleted blocks log and got 0 delTX to process.
2019-09-10 07:05:17,204 [SCMBlockDeletingService#1] DEBUG block.SCMBlockDeletingService (SCMBlockDeletingService.java:call(138)) - Running DeletedBlockTransactionScanner
2019-09-10 07:05:17,204 [SCMBlockDeletingService#1] DEBUG block.SCMBlockDeletingService (SCMBlockDeletingService.java:call(155)) - Scanned deleted blocks log and got 0 delTX to process.
2019-09-10 07:05:17,304 [SCMBlockDeletingService#1] DEBUG block.SCMBlockDeletingService (SCMBlockDeletingService.java:call(138)) - Running DeletedBlockTransactionScanner
2019-09-10 07:05:17,305 [SCMBlockDeletingService#1] DEBUG block.SCMBlockDeletingService (SCMBlockDeletingService.java:call(155)) - Scanned deleted blocks log and got 0 delTX to process.
2019-09-10 07:05:17,405 [SCMBlockDeletingService#0] DEBUG block.SCMBlockDeletingService (SCMBlockDeletingService.java:call(138)) - Running DeletedBlockTransactionScanner
2019-09-10 07:05:17,405 [SCMBlockDeletingService#0] DEBUG block.SCMBlockDeletingService (SCMBlockDeletingService.java:call(155)) - Scanned deleted blocks log and got 0 delTX to process.
2019-09-10 07:05:17,506 [SCMBlockDeletingService#0] DEBUG block.SCMBlockDeletingService (SCMBlockDeletingService.java:call(138)) - Running DeletedBlockTransactionScanner
2019-09-10 07:05:17,506 [SCMBlockDeletingService#0] DEBUG block.SCMBlockDeletingService (SCMBlockDeletingService.java:call(155)) - Scanned deleted blocks log and got 0 delTX to process.
2019-09-10 07:05:17,607 [SCMBlockDeletingService#0] DEBUG block.SCMBlockDeletingService (SCMBlockDeletingService.java:call(138)) - Running DeletedBlockTransactionScanner
2019-09-10 07:05:17,607 [SCMBlockDeletingService#0] DEBUG block.SCMBlockDeletingService (SCMBlockDeletingService.java:call(155)) - Scanned deleted blocks log and got 0 delTX to process.
2019-09-10 07:05:17,707 [SCMBlockDeletingService#0] DEBUG block.SCMBlockDeletingService (SCMBlockDeletingService.java:call(138)) - Running DeletedBlockTransactionScanner
2019-09-10 07:05:17,708 [SCMBlockDeletingService#0] DEBUG block.SCMBlockDeletingService (SCMBlockDeletingService.java:call(155)) - Scanned deleted blocks log and got 0 delTX to process.
2019-09-10 07:05:17,808 [SCMBlockDeletingService#0] DEBUG block.SCMBlockDeletingService (SCMBlockDeletingService.java:call(138)) - Running DeletedBlockTransactionScanner
2019-09-10 07:05:17,808 [SCMBlockDeletingService#0] DEBUG block.SCMBlockDeletingService (SCMBlockDeletingService.java:call(155)) - Scanned deleted blocks log and got 0 delTX to process.
2019-09-10 07:05:17,909 [SCMBlockDeletingService#0] DEBUG block.SCMBlockDeletingService (SCMBlockDeletingService.java:call(138)) - Running DeletedBlockTransactionScanner
2019-09-10 07:05:17,909 [SCMBlockDeletingService#0] DEBUG block.SCMBlockDeletingService (SCMBlockDeletingService.java:call(155)) - Scanned deleted blocks log and got 0 delTX to process.
2019-09-10 07:05:18,009 [SCMBlockDeletingService#0] DEBUG block.SCMBlockDeletingService (SCMBlockDeletingService.java:call(138)) - Running DeletedBlockTransactionScanner
2019-09-10 07:05:18,010 [SCMBlockDeletingService#0] DEBUG block.SCMBlockDeletingService (SCMBlockDeletingService.java:call(155)) - Scanned deleted blocks log and got 0 delTX to process.
2019-09-10 07:05:18,110 [SCMBlockDeletingService#0] DEBUG block.SCMBlockDeletingService (SCMBlockDeletingService.java:call(138)) - Running DeletedBlockTransactionScanner
2019-09-10 07:05:18,110 [SCMBlockDeletingService#0] DEBUG block.SCMBlockDeletingService (SCMBlockDeletingService.java:call(155)) - Scanned deleted blocks log and got 0 delTX to process.
2019-09-10 07:05:18,210 [SCMBlockDeletingService#0] DEBUG block.SCMBlockDeletingService (SCMBlockDeletingService.java:call(138)) - Running DeletedBlockTransactionScanner
2019-09-10 07:05:18,211 [SCMBlockDeletingService#0] DEBUG block.SCMBlockDeletingService (SCMBlockDeletingService.java:call(155)) - Scanned deleted blocks log and got 0 delTX to process.
2019-09-10 07:05:18,311 [SCMBlockDeletingService#0] DEBUG block.SCMBlockDeletingService (SCMBlockDeletingService.java:call(138)) - Running DeletedBlockTransactionScanner
2019-09-10 07:05:18,311 [SCMBlockDeletingService#0] DEBUG block.SCMBlockDeletingService (SCMBlockDeletingService.java:call(155)) - Scanned deleted blocks log and got 0 delTX to process.
2019-09-10 07:05:18,411 [SCMBlockDeletingService#0] DEBUG block.SCMBlockDeletingService (SCMBlockDeletingService.java:call(138)) - Running DeletedBlockTransactionScanner
2019-09-10 07:05:18,412 [SCMBlockDeletingService#0] DEBUG block.SCMBlockDeletingService (SCMBlockDeletingService.java:call(155)) - Scanned deleted blocks log and got 0 delTX to process.
2019-09-10 07:05:18,512 [SCMBlockDeletingService#0] DEBUG block.SCMBlockDeletingService (SCMBlockDeletingService.java:call(138)) - Running DeletedBlockTransactionScanner
2019-09-10 07:05:18,512 [SCMBlockDeletingService#0] DEBUG block.SCMBlockDeletingService (SCMBlockDeletingService.java:call(155)) - Scanned deleted blocks log and got 0 delTX to process.
2019-09-10 07:05:18,613 [SCMBlockDeletingService#1] DEBUG block.SCMBlockDeletingService (SCMBlockDeletingService.java:call(138)) - Running DeletedBlockTransactionScanner
2019-09-10 07:05:18,613 [SCMBlockDeletingService#1] DEBUG block.SCMBlockDeletingService (SCMBlockDeletingService.java:call(155)) - Scanned deleted blocks log and got 0 delTX to process.
2019-09-10 07:05:18,713 [SCMBlockDeletingService#1] DEBUG block.SCMBlockDeletingService (SCMBlockDeletingService.java:call(138)) - Running DeletedBlockTransactionScanner
2019-09-10 07:05:18,713 [SCMBlockDeletingService#1] DEBUG block.SCMBlockDeletingService (SCMBlockDeletingService.java:call(155)) - Scanned deleted blocks log and got 0 delTX to process.
2019-09-10 07:05:18,814 [SCMBlockDeletingService#1] DEBUG block.SCMBlockDeletingService (SCMBlockDeletingService.java:call(138)) - Running DeletedBlockTransactionScanner
2019-09-10 07:05:18,814 [SCMBlockDeletingService#1] DEBUG block.SCMBlockDeletingService (SCMBlockDeletingService.java:call(155)) - Scanned deleted blocks log and got 0 delTX to process.
2019-09-10 07:05:18,914 [SCMBlockDeletingService#1] DEBUG block.SCMBlockDeletingService (SCMBlockDeletingService.java:call(138)) - Running DeletedBlockTransactionScanner
2019-09-10 07:05:18,914 [SCMBlockDeletingService#1] DEBUG block.SCMBlockDeletingService (SCMBlockDeletingService.java:call(155)) - Scanned deleted blocks log and got 0 delTX to process.
2019-09-10 07:05:19,015 [SCMBlockDeletingService#1] DEBUG block.SCMBlockDeletingService (SCMBlockDeletingService.java:call(138)) - Running DeletedBlockTransactionScanner
2019-09-10 07:05:19,015 [SCMBlockDeletingService#1] DEBUG block.SCMBlockDeletingService (SCMBlockDeletingService.java:call(155)) - Scanned deleted blocks log and got 0 delTX to process.
2019-09-10 07:05:19,115 [SCMBlockDeletingService#1] DEBUG block.SCMBlockDeletingService (SCMBlockDeletingService.java:call(138)) - Running DeletedBlockTransactionScanner
2019-09-10 07:05:19,116 [SCMBlockDeletingService#1] DEBUG block.SCMBlockDeletingService (SCMBlockDeletingService.java:call(155)) - Scanned deleted blocks log and got 0 delTX to process.
2019-09-10 07:05:19,216 [SCMBlockDeletingService#1] DEBUG block.SCMBlockDeletingService (SCMBlockDeletingService.java:call(138)) - Running DeletedBlockTransactionScanner
2019-09-10 07:05:19,216 [SCMBlockDeletingService#1] DEBUG block.SCMBlockDeletingService (SCMBlockDeletingService.java:call(155)) - Scanned deleted blocks log and got 0 delTX to process.
2019-09-10 07:05:19,316 [SCMBlockDeletingService#1] DEBUG block.SCMBlockDeletingService (SCMBlockDeletingService.java:call(138)) - Running DeletedBlockTransactionScanner
2019-09-10 07:05:19,317 [SCMBlockDeletingService#1] DEBUG block.SCMBlockDeletingService (SCMBlockDeletingService.java:call(155)) - Scanned deleted blocks log and got 0 delTX to process.
2019-09-10 07:05:19,418 [SCMBlockDeletingService#1] DEBUG block.SCMBlockDeletingService (SCMBlockDeletingService.java:call(138)) - Running DeletedBlockTransactionScanner
2019-09-10 07:05:19,418 [SCMBlockDeletingService#1] DEBUG block.SCMBlockDeletingService (SCMBlockDeletingService.java:call(155)) - Scanned deleted blocks log and got 0 delTX to process.
2019-09-10 07:05:19,518 [SCMBlockDeletingService#1] DEBUG block.SCMBlockDeletingService (SCMBlockDeletingService.java:call(138)) - Running DeletedBlockTransactionScanner
2019-09-10 07:05:19,519 [SCMBlockDeletingService#1] DEBUG block.SCMBlockDeletingService (SCMBlockDeletingService.java:call(155)) - Scanned deleted blocks log and got 0 delTX to process.
2019-09-10 07:05:19,619 [SCMBlockDeletingService#1] DEBUG block.SCMBlockDeletingService (SCMBlockDeletingService.java:call(138)) - Running DeletedBlockTransactionScanner
2019-09-10 07:05:19,619 [SCMBlockDeletingService#1] DEBUG block.SCMBlockDeletingService (SCMBlockDeletingService.java:call(155)) - Scanned deleted blocks log and got 0 delTX to process.
2019-09-10 07:05:19,720 [SCMBlockDeletingService#1] DEBUG block.SCMBlockDeletingService (SCMBlockDeletingService.java:call(138)) - Running DeletedBlockTransactionScanner
2019-09-10 07:05:19,720 [SCMBlockDeletingService#1] DEBUG block.SCMBlockDeletingService (SCMBlockDeletingService.java:call(155)) - Scanned deleted blocks log and got 0 delTX to process.
2019-09-10 07:05:19,820 [SCMBlockDeletingService#1] DEBUG block.SCMBlockDeletingService (SCMBlockDeletingService.java:call(138)) - Running DeletedBlockTransactionScanner
2019-09-10 07:05:19,821 [SCMBlockDeletingService#1] DEBUG block.SCMBlockDeletingService (SCMBlockDeletingService.java:call(155)) - Scanned deleted blocks log and got 0 delTX to process.
2019-09-10 07:05:19,921 [SCMBlockDeletingService#1] DEBUG block.SCMBlockDeletingService (SCMBlockDeletingService.java:call(138)) - Running DeletedBlockTransactionScanner
2019-09-10 07:05:19,921 [SCMBlockDeletingService#1] DEBUG block.SCMBlockDeletingService (SCMBlockDeletingService.java:call(155)) - Scanned deleted blocks log and got 0 delTX to process.
2019-09-10 07:05:20,022 [SCMBlockDeletingService#1] DEBUG block.SCMBlockDeletingService (SCMBlockDeletingService.java:call(138)) - Running DeletedBlockTransactionScanner
2019-09-10 07:05:20,022 [SCMBlockDeletingService#1] DEBUG block.SCMBlockDeletingService (SCMBlockDeletingService.java:call(155)) - Scanned deleted blocks log and got 0 delTX to process.
2019-09-10 07:05:20,122 [SCMBlockDeletingService#1] DEBUG block.SCMBlockDeletingService (SCMBlockDeletingService.java:call(138)) - Running DeletedBlockTransactionScanner
2019-09-10 07:05:20,122 [SCMBlockDeletingService#1] DEBUG block.SCMBlockDeletingService (SCMBlockDeletingService.java:call(155)) - Scanned deleted blocks log and got 0 delTX to process.
2019-09-10 07:05:20,223 [SCMBlockDeletingService#1] DEBUG block.SCMBlockDeletingService (SCMBlockDeletingService.java:call(138)) - Running DeletedBlockTransactionScanner
2019-09-10 07:05:20,223 [SCMBlockDeletingService#1] DEBUG block.SCMBlockDeletingService (SCMBlockDeletingService.java:call(155)) - Scanned deleted blocks log and got 0 delTX to process.
2019-09-10 07:05:20,324 [SCMBlockDeletingService#1] DEBUG block.SCMBlockDeletingService (SCMBlockDeletingService.java:call(138)) - Running DeletedBlockTransactionScanner
2019-09-10 07:05:20,324 [SCMBlockDeletingService#1] DEBUG block.SCMBlockDeletingService (SCMBlockDeletingService.java:call(155)) - Scanned deleted blocks log and got 0 delTX to process.
2019-09-10 07:05:20,424 [SCMBlockDeletingService#1] DEBUG block.SCMBlockDeletingService (SCMBlockDeletingService.java:call(138)) - Running DeletedBlockTransactionScanner
2019-09-10 07:05:20,424 [SCMBlockDeletingService#1] DEBUG block.SCMBlockDeletingService (SCMBlockDeletingService.java:call(155)) - Scanned deleted blocks log and got 0 delTX to process.
2019-09-10 07:05:20,525 [SCMBlockDeletingService#1] DEBUG block.SCMBlockDeletingService (SCMBlockDeletingService.java:call(138)) - Running DeletedBlockTransactionScanner
2019-09-10 07:05:20,525 [SCMBlockDeletingService#1] DEBUG block.SCMBlockDeletingService (SCMBlockDeletingService.java:call(155)) - Scanned deleted blocks log and got 0 delTX to process.
2019-09-10 07:05:20,625 [SCMBlockDeletingService#1] DEBUG block.SCMBlockDeletingService (SCMBlockDeletingService.java:call(138)) - Running DeletedBlockTransactionScanner
2019-09-10 07:05:20,626 [SCMBlockDeletingService#1] DEBUG block.SCMBlockDeletingService (SCMBlockDeletingService.java:call(155)) - Scanned deleted blocks log and got 0 delTX to process.
2019-09-10 07:05:20,726 [SCMBlockDeletingService#1] DEBUG block.SCMBlockDeletingService (SCMBlockDeletingService.java:call(138)) - Running DeletedBlockTransactionScanner
2019-09-10 07:05:20,726 [SCMBlockDeletingService#1] DEBUG block.SCMBlockDeletingService (SCMBlockDeletingService.java:call(155)) - Scanned deleted blocks log and got 0 delTX to process.
2019-09-10 07:05:20,827 [SCMBlockDeletingService#1] DEBUG block.SCMBlockDeletingService (SCMBlockDeletingService.java:call(138)) - Running DeletedBlockTransactionScanner
2019-09-10 07:05:20,827 [SCMBlockDeletingService#1] DEBUG block.SCMBlockDeletingService (SCMBlockDeletingService.java:call(155)) - Scanned deleted blocks log and got 0 delTX to process.
2019-09-10 07:05:20,927 [SCMBlockDeletingService#1] DEBUG block.SCMBlockDeletingService (SCMBlockDeletingService.java:call(138)) - Running DeletedBlockTransactionScanner
2019-09-10 07:05:20,927 [SCMBlockDeletingService#1] DEBUG block.SCMBlockDeletingService (SCMBlockDeletingService.java:call(155)) - Scanned deleted blocks log and got 0 delTX to process.
2019-09-10 07:05:21,028 [SCMBlockDeletingService#1] DEBUG block.SCMBlockDeletingService (SCMBlockDeletingService.java:call(138)) - Running DeletedBlockTransactionScanner
2019-09-10 07:05:21,028 [SCMBlockDeletingService#1] DEBUG block.SCMBlockDeletingService (SCMBlockDeletingService.java:call(155)) - Scanned deleted blocks log and got 0 delTX to process.
2019-09-10 07:05:21,128 [SCMBlockDeletingService#1] DEBUG block.SCMBlockDeletingService (SCMBlockDeletingService.java:call(138)) - Running DeletedBlockTransactionScanner
2019-09-10 07:05:21,128 [SCMBlockDeletingService#1] DEBUG block.SCMBlockDeletingService (SCMBlockDeletingService.java:call(155)) - Scanned deleted blocks log and got 0 delTX to process.
2019-09-10 07:05:21,229 [SCMBlockDeletingService#1] DEBUG block.SCMBlockDeletingService (SCMBlockDeletingService.java:call(138)) - Running DeletedBlockTransactionScanner
2019-09-10 07:05:21,229 [SCMBlockDeletingService#1] DEBUG block.SCMBlockDeletingService (SCMBlockDeletingService.java:call(155)) - Scanned deleted blocks log and got 0 delTX to process.
2019-09-10 07:05:21,330 [SCMBlockDeletingService#1] DEBUG block.SCMBlockDeletingService (SCMBlockDeletingService.java:call(138)) - Running DeletedBlockTransactionScanner
2019-09-10 07:05:21,330 [SCMBlockDeletingService#1] DEBUG block.SCMBlockDeletingService (SCMBlockDeletingService.java:call(155)) - Scanned deleted blocks log and got 0 delTX to process.
2019-09-10 07:05:21,430 [SCMBlockDeletingService#1] DEBUG block.SCMBlockDeletingService (SCMBlockDeletingService.java:call(138)) - Running DeletedBlockTransactionScanner
2019-09-10 07:05:21,430 [SCMBlockDeletingService#1] DEBUG block.SCMBlockDeletingService (SCMBlockDeletingService.java:call(155)) - Scanned deleted blocks log and got 0 delTX to process.
2019-09-10 07:05:21,533 [SCMBlockDeletingService#1] DEBUG block.SCMBlockDeletingService (SCMBlockDeletingService.java:call(138)) - Running DeletedBlockTransactionScanner
2019-09-10 07:05:21,534 [SCMBlockDeletingService#1] DEBUG block.SCMBlockDeletingService (SCMBlockDeletingService.java:call(155)) - Scanned deleted blocks log and got 0 delTX to process.
2019-09-10 07:05:21,634 [SCMBlockDeletingService#1] DEBUG block.SCMBlockDeletingService (SCMBlockDeletingService.java:call(138)) - Running DeletedBlockTransactionScanner
2019-09-10 07:05:21,634 [SCMBlockDeletingService#1] DEBUG block.SCMBlockDeletingService (SCMBlockDeletingService.java:call(155)) - Scanned deleted blocks log and got 0 delTX to process.
2019-09-10 07:05:21,735 [SCMBlockDeletingService#1] DEBUG block.SCMBlockDeletingService (SCMBlockDeletingService.java:call(138)) - Running DeletedBlockTransactionScanner
2019-09-10 07:05:21,735 [SCMBlockDeletingService#1] DEBUG block.SCMBlockDeletingService (SCMBlockDeletingService.java:call(155)) - Scanned deleted blocks log and got 0 delTX to process.
2019-09-10 07:05:21,835 [SCMBlockDeletingService#1] DEBUG block.SCMBlockDeletingService (SCMBlockDeletingService.java:call(138)) - Running DeletedBlockTransactionScanner
2019-09-10 07:05:21,836 [SCMBlockDeletingService#1] DEBUG block.SCMBlockDeletingService (SCMBlockDeletingService.java:call(155)) - Scanned deleted blocks log and got 0 delTX to process.
2019-09-10 07:05:21,936 [SCMBlockDeletingService#1] DEBUG block.SCMBlockDeletingService (SCMBlockDeletingService.java:call(138)) - Running DeletedBlockTransactionScanner
2019-09-10 07:05:21,936 [SCMBlockDeletingService#1] DEBUG block.SCMBlockDeletingService (SCMBlockDeletingService.java:call(155)) - Scanned deleted blocks log and got 0 delTX to process.
2019-09-10 07:05:22,037 [SCMBlockDeletingService#1] DEBUG block.SCMBlockDeletingService (SCMBlockDeletingService.java:call(138)) - Running DeletedBlockTransactionScanner
2019-09-10 07:05:22,038 [SCMBlockDeletingService#1] DEBUG block.SCMBlockDeletingService (SCMBlockDeletingService.java:call(155)) - Scanned deleted blocks log and got 0 delTX to process.
2019-09-10 07:05:22,077 [05f13708-5e6e-4ea1-a525-a3c8f7f54426@group-34B10843FE54-SegmentedRaftLogWorker] WARN  segmented.SegmentedRaftLogWorker (SegmentedRaftLogWorker.java:getFromFuture(90)) - Timeout 12/~
org.apache.ratis.protocol.TimeoutIOException: Timeout 10s: WriteLog:16: (t:1, i:16), STATEMACHINELOGENTRY, client-7F424F215E90, cid=11-writeStateMachineData
	at org.apache.ratis.util.IOUtils.getFromFuture(IOUtils.java:87)
	at org.apache.ratis.server.raftlog.segmented.SegmentedRaftLogWorker$StateMachineDataPolicy.getFromFuture(SegmentedRaftLogWorker.java:87)
	at org.apache.ratis.server.raftlog.segmented.SegmentedRaftLogWorker$WriteLog.execute(SegmentedRaftLogWorker.java:477)
	at org.apache.ratis.server.raftlog.segmented.SegmentedRaftLogWorker.run(SegmentedRaftLogWorker.java:289)
	at java.lang.Thread.run(Thread.java:748)
Caused by: java.util.concurrent.TimeoutException
	at java.util.concurrent.CompletableFuture.timedGet(CompletableFuture.java:1771)
	at java.util.concurrent.CompletableFuture.get(CompletableFuture.java:1915)
	at org.apache.ratis.util.IOUtils.getFromFuture(IOUtils.java:79)
	... 4 more
2019-09-10 07:05:22,138 [SCMBlockDeletingService#1] DEBUG block.SCMBlockDeletingService (SCMBlockDeletingService.java:call(138)) - Running DeletedBlockTransactionScanner
2019-09-10 07:05:22,138 [SCMBlockDeletingService#1] DEBUG block.SCMBlockDeletingService (SCMBlockDeletingService.java:call(155)) - Scanned deleted blocks log and got 0 delTX to process.
2019-09-10 07:05:22,239 [SCMBlockDeletingService#1] DEBUG block.SCMBlockDeletingService (SCMBlockDeletingService.java:call(138)) - Running DeletedBlockTransactionScanner
2019-09-10 07:05:22,239 [SCMBlockDeletingService#1] DEBUG block.SCMBlockDeletingService (SCMBlockDeletingService.java:call(155)) - Scanned deleted blocks log and got 0 delTX to process.
2019-09-10 07:05:22,339 [SCMBlockDeletingService#1] DEBUG block.SCMBlockDeletingService (SCMBlockDeletingService.java:call(138)) - Running DeletedBlockTransactionScanner
2019-09-10 07:05:22,339 [SCMBlockDeletingService#1] DEBUG block.SCMBlockDeletingService (SCMBlockDeletingService.java:call(155)) - Scanned deleted blocks log and got 0 delTX to process.
2019-09-10 07:05:22,440 [SCMBlockDeletingService#1] DEBUG block.SCMBlockDeletingService (SCMBlockDeletingService.java:call(138)) - Running DeletedBlockTransactionScanner
2019-09-10 07:05:22,440 [SCMBlockDeletingService#1] DEBUG block.SCMBlockDeletingService (SCMBlockDeletingService.java:call(155)) - Scanned deleted blocks log and got 0 delTX to process.
2019-09-10 07:05:22,540 [SCMBlockDeletingService#0] DEBUG block.SCMBlockDeletingService (SCMBlockDeletingService.java:call(138)) - Running DeletedBlockTransactionScanner
2019-09-10 07:05:22,540 [SCMBlockDeletingService#0] DEBUG block.SCMBlockDeletingService (SCMBlockDeletingService.java:call(155)) - Scanned deleted blocks log and got 0 delTX to process.
2019-09-10 07:05:22,641 [SCMBlockDeletingService#1] DEBUG block.SCMBlockDeletingService (SCMBlockDeletingService.java:call(138)) - Running DeletedBlockTransactionScanner
2019-09-10 07:05:22,641 [SCMBlockDeletingService#1] DEBUG block.SCMBlockDeletingService (SCMBlockDeletingService.java:call(155)) - Scanned deleted blocks log and got 0 delTX to process.
2019-09-10 07:05:22,741 [SCMBlockDeletingService#1] DEBUG block.SCMBlockDeletingService (SCMBlockDeletingService.java:call(138)) - Running DeletedBlockTransactionScanner
2019-09-10 07:05:22,742 [SCMBlockDeletingService#1] DEBUG block.SCMBlockDeletingService (SCMBlockDeletingService.java:call(155)) - Scanned deleted blocks log and got 0 delTX to process.
2019-09-10 07:05:22,842 [SCMBlockDeletingService#1] DEBUG block.SCMBlockDeletingService (SCMBlockDeletingService.java:call(138)) - Running DeletedBlockTransactionScanner
2019-09-10 07:05:22,842 [SCMBlockDeletingService#1] DEBUG block.SCMBlockDeletingService (SCMBlockDeletingService.java:call(155)) - Scanned deleted blocks log and got 0 delTX to process.
2019-09-10 07:05:22,942 [SCMBlockDeletingService#1] DEBUG block.SCMBlockDeletingService (SCMBlockDeletingService.java:call(138)) - Running DeletedBlockTransactionScanner
2019-09-10 07:05:22,943 [SCMBlockDeletingService#1] DEBUG block.SCMBlockDeletingService (SCMBlockDeletingService.java:call(155)) - Scanned deleted blocks log and got 0 delTX to process.
2019-09-10 07:05:23,043 [SCMBlockDeletingService#1] DEBUG block.SCMBlockDeletingService (SCMBlockDeletingService.java:call(138)) - Running DeletedBlockTransactionScanner
2019-09-10 07:05:23,043 [SCMBlockDeletingService#1] DEBUG block.SCMBlockDeletingService (SCMBlockDeletingService.java:call(155)) - Scanned deleted blocks log and got 0 delTX to process.
2019-09-10 07:05:23,144 [SCMBlockDeletingService#1] DEBUG block.SCMBlockDeletingService (SCMBlockDeletingService.java:call(138)) - Running DeletedBlockTransactionScanner
2019-09-10 07:05:23,144 [SCMBlockDeletingService#1] DEBUG block.SCMBlockDeletingService (SCMBlockDeletingService.java:call(155)) - Scanned deleted blocks log and got 0 delTX to process.
2019-09-10 07:05:23,244 [SCMBlockDeletingService#1] DEBUG block.SCMBlockDeletingService (SCMBlockDeletingService.java:call(138)) - Running DeletedBlockTransactionScanner
2019-09-10 07:05:23,245 [SCMBlockDeletingService#1] DEBUG block.SCMBlockDeletingService (SCMBlockDeletingService.java:call(155)) - Scanned deleted blocks log and got 0 delTX to process.
2019-09-10 07:05:23,345 [SCMBlockDeletingService#1] DEBUG block.SCMBlockDeletingService (SCMBlockDeletingService.java:call(138)) - Running DeletedBlockTransactionScanner
2019-09-10 07:05:23,345 [SCMBlockDeletingService#1] DEBUG block.SCMBlockDeletingService (SCMBlockDeletingService.java:call(155)) - Scanned deleted blocks log and got 0 delTX to process.
2019-09-10 07:05:23,446 [SCMBlockDeletingService#1] DEBUG block.SCMBlockDeletingService (SCMBlockDeletingService.java:call(138)) - Running DeletedBlockTransactionScanner
2019-09-10 07:05:23,446 [SCMBlockDeletingService#1] DEBUG block.SCMBlockDeletingService (SCMBlockDeletingService.java:call(155)) - Scanned deleted blocks log and got 0 delTX to process.
2019-09-10 07:05:23,546 [SCMBlockDeletingService#1] DEBUG block.SCMBlockDeletingService (SCMBlockDeletingService.java:call(138)) - Running DeletedBlockTransactionScanner
2019-09-10 07:05:23,547 [SCMBlockDeletingService#1] DEBUG block.SCMBlockDeletingService (SCMBlockDeletingService.java:call(155)) - Scanned deleted blocks log and got 0 delTX to process.
2019-09-10 07:05:23,647 [SCMBlockDeletingService#1] DEBUG block.SCMBlockDeletingService (SCMBlockDeletingService.java:call(138)) - Running DeletedBlockTransactionScanner
2019-09-10 07:05:23,647 [SCMBlockDeletingService#1] DEBUG block.SCMBlockDeletingService (SCMBlockDeletingService.java:call(155)) - Scanned deleted blocks log and got 0 delTX to process.
2019-09-10 07:05:23,748 [SCMBlockDeletingService#1] DEBUG block.SCMBlockDeletingService (SCMBlockDeletingService.java:call(138)) - Running DeletedBlockTransactionScanner
2019-09-10 07:05:23,748 [SCMBlockDeletingService#1] DEBUG block.SCMBlockDeletingService (SCMBlockDeletingService.java:call(155)) - Scanned deleted blocks log and got 0 delTX to process.
2019-09-10 07:05:23,848 [SCMBlockDeletingService#1] DEBUG block.SCMBlockDeletingService (SCMBlockDeletingService.java:call(138)) - Running DeletedBlockTransactionScanner
2019-09-10 07:05:23,848 [SCMBlockDeletingService#1] DEBUG block.SCMBlockDeletingService (SCMBlockDeletingService.java:call(155)) - Scanned deleted blocks log and got 0 delTX to process.
2019-09-10 07:05:23,949 [SCMBlockDeletingService#1] DEBUG block.SCMBlockDeletingService (SCMBlockDeletingService.java:call(138)) - Running DeletedBlockTransactionScanner
2019-09-10 07:05:23,949 [SCMBlockDeletingService#1] DEBUG block.SCMBlockDeletingService (SCMBlockDeletingService.java:call(155)) - Scanned deleted blocks log and got 0 delTX to process.
2019-09-10 07:05:24,049 [SCMBlockDeletingService#1] DEBUG block.SCMBlockDeletingService (SCMBlockDeletingService.java:call(138)) - Running DeletedBlockTransactionScanner
2019-09-10 07:05:24,050 [SCMBlockDeletingService#1] DEBUG block.SCMBlockDeletingService (SCMBlockDeletingService.java:call(155)) - Scanned deleted blocks log and got 0 delTX to process.
2019-09-10 07:05:24,150 [SCMBlockDeletingService#1] DEBUG block.SCMBlockDeletingService (SCMBlockDeletingService.java:call(138)) - Running DeletedBlockTransactionScanner
2019-09-10 07:05:24,150 [SCMBlockDeletingService#1] DEBUG block.SCMBlockDeletingService (SCMBlockDeletingService.java:call(155)) - Scanned deleted blocks log and got 0 delTX to process.
2019-09-10 07:05:24,251 [SCMBlockDeletingService#1] DEBUG block.SCMBlockDeletingService (SCMBlockDeletingService.java:call(138)) - Running DeletedBlockTransactionScanner
2019-09-10 07:05:24,251 [SCMBlockDeletingService#1] DEBUG block.SCMBlockDeletingService (SCMBlockDeletingService.java:call(155)) - Scanned deleted blocks log and got 0 delTX to process.
2019-09-10 07:05:24,351 [SCMBlockDeletingService#1] DEBUG block.SCMBlockDeletingService (SCMBlockDeletingService.java:call(138)) - Running DeletedBlockTransactionScanner
2019-09-10 07:05:24,352 [SCMBlockDeletingService#1] DEBUG block.SCMBlockDeletingService (SCMBlockDeletingService.java:call(155)) - Scanned deleted blocks log and got 0 delTX to process.
2019-09-10 07:05:24,452 [SCMBlockDeletingService#1] DEBUG block.SCMBlockDeletingService (SCMBlockDeletingService.java:call(138)) - Running DeletedBlockTransactionScanner
2019-09-10 07:05:24,452 [SCMBlockDeletingService#1] DEBUG block.SCMBlockDeletingService (SCMBlockDeletingService.java:call(155)) - Scanned deleted blocks log and got 0 delTX to process.
2019-09-10 07:05:24,552 [SCMBlockDeletingService#1] DEBUG block.SCMBlockDeletingService (SCMBlockDeletingService.java:call(138)) - Running DeletedBlockTransactionScanner
2019-09-10 07:05:24,553 [SCMBlockDeletingService#1] DEBUG block.SCMBlockDeletingService (SCMBlockDeletingService.java:call(155)) - Scanned deleted blocks log and got 0 delTX to process.
2019-09-10 07:05:24,653 [SCMBlockDeletingService#1] DEBUG block.SCMBlockDeletingService (SCMBlockDeletingService.java:call(138)) - Running DeletedBlockTransactionScanner
2019-09-10 07:05:24,653 [SCMBlockDeletingService#1] DEBUG block.SCMBlockDeletingService (SCMBlockDeletingService.java:call(155)) - Scanned deleted blocks log and got 0 delTX to process.
2019-09-10 07:05:24,754 [SCMBlockDeletingService#1] DEBUG block.SCMBlockDeletingService (SCMBlockDeletingService.java:call(138)) - Running DeletedBlockTransactionScanner
2019-09-10 07:05:24,754 [SCMBlockDeletingService#1] DEBUG block.SCMBlockDeletingService (SCMBlockDeletingService.java:call(155)) - Scanned deleted blocks log and got 0 delTX to process.
2019-09-10 07:05:24,854 [SCMBlockDeletingService#1] DEBUG block.SCMBlockDeletingService (SCMBlockDeletingService.java:call(138)) - Running DeletedBlockTransactionScanner
2019-09-10 07:05:24,855 [SCMBlockDeletingService#1] DEBUG block.SCMBlockDeletingService (SCMBlockDeletingService.java:call(155)) - Scanned deleted blocks log and got 0 delTX to process.
2019-09-10 07:05:24,955 [SCMBlockDeletingService#1] DEBUG block.SCMBlockDeletingService (SCMBlockDeletingService.java:call(138)) - Running DeletedBlockTransactionScanner
2019-09-10 07:05:24,955 [SCMBlockDeletingService#1] DEBUG block.SCMBlockDeletingService (SCMBlockDeletingService.java:call(155)) - Scanned deleted blocks log and got 0 delTX to process.
2019-09-10 07:05:25,056 [SCMBlockDeletingService#1] DEBUG block.SCMBlockDeletingService (SCMBlockDeletingService.java:call(138)) - Running DeletedBlockTransactionScanner
2019-09-10 07:05:25,056 [SCMBlockDeletingService#1] DEBUG block.SCMBlockDeletingService (SCMBlockDeletingService.java:call(155)) - Scanned deleted blocks log and got 0 delTX to process.
2019-09-10 07:05:25,156 [SCMBlockDeletingService#1] DEBUG block.SCMBlockDeletingService (SCMBlockDeletingService.java:call(138)) - Running DeletedBlockTransactionScanner
2019-09-10 07:05:25,156 [SCMBlockDeletingService#1] DEBUG block.SCMBlockDeletingService (SCMBlockDeletingService.java:call(155)) - Scanned deleted blocks log and got 0 delTX to process.
2019-09-10 07:05:25,257 [SCMBlockDeletingService#1] DEBUG block.SCMBlockDeletingService (SCMBlockDeletingService.java:call(138)) - Running DeletedBlockTransactionScanner
2019-09-10 07:05:25,257 [SCMBlockDeletingService#1] DEBUG block.SCMBlockDeletingService (SCMBlockDeletingService.java:call(155)) - Scanned deleted blocks log and got 0 delTX to process.
2019-09-10 07:05:25,357 [SCMBlockDeletingService#1] DEBUG block.SCMBlockDeletingService (SCMBlockDeletingService.java:call(138)) - Running DeletedBlockTransactionScanner
2019-09-10 07:05:25,358 [SCMBlockDeletingService#1] DEBUG block.SCMBlockDeletingService (SCMBlockDeletingService.java:call(155)) - Scanned deleted blocks log and got 0 delTX to process.
2019-09-10 07:05:25,458 [SCMBlockDeletingService#1] DEBUG block.SCMBlockDeletingService (SCMBlockDeletingService.java:call(138)) - Running DeletedBlockTransactionScanner
2019-09-10 07:05:25,458 [SCMBlockDeletingService#1] DEBUG block.SCMBlockDeletingService (SCMBlockDeletingService.java:call(155)) - Scanned deleted blocks log and got 0 delTX to process.
2019-09-10 07:05:25,559 [SCMBlockDeletingService#1] DEBUG block.SCMBlockDeletingService (SCMBlockDeletingService.java:call(138)) - Running DeletedBlockTransactionScanner
2019-09-10 07:05:25,559 [SCMBlockDeletingService#1] DEBUG block.SCMBlockDeletingService (SCMBlockDeletingService.java:call(155)) - Scanned deleted blocks log and got 0 delTX to process.
2019-09-10 07:05:25,659 [SCMBlockDeletingService#1] DEBUG block.SCMBlockDeletingService (SCMBlockDeletingService.java:call(138)) - Running DeletedBlockTransactionScanner
2019-09-10 07:05:25,659 [SCMBlockDeletingService#1] DEBUG block.SCMBlockDeletingService (SCMBlockDeletingService.java:call(155)) - Scanned deleted blocks log and got 0 delTX to process.
2019-09-10 07:05:25,760 [SCMBlockDeletingService#1] DEBUG block.SCMBlockDeletingService (SCMBlockDeletingService.java:call(138)) - Running DeletedBlockTransactionScanner
2019-09-10 07:05:25,760 [SCMBlockDeletingService#1] DEBUG block.SCMBlockDeletingService (SCMBlockDeletingService.java:call(155)) - Scanned deleted blocks log and got 0 delTX to process.
2019-09-10 07:05:25,860 [SCMBlockDeletingService#1] DEBUG block.SCMBlockDeletingService (SCMBlockDeletingService.java:call(138)) - Running DeletedBlockTransactionScanner
2019-09-10 07:05:25,861 [SCMBlockDeletingService#1] DEBUG block.SCMBlockDeletingService (SCMBlockDeletingService.java:call(155)) - Scanned deleted blocks log and got 0 delTX to process.
2019-09-10 07:05:25,962 [SCMBlockDeletingService#1] DEBUG block.SCMBlockDeletingService (SCMBlockDeletingService.java:call(138)) - Running DeletedBlockTransactionScanner
2019-09-10 07:05:25,962 [SCMBlockDeletingService#1] DEBUG block.SCMBlockDeletingService (SCMBlockDeletingService.java:call(155)) - Scanned deleted blocks log and got 0 delTX to process.
2019-09-10 07:05:26,063 [SCMBlockDeletingService#1] DEBUG block.SCMBlockDeletingService (SCMBlockDeletingService.java:call(138)) - Running DeletedBlockTransactionScanner
2019-09-10 07:05:26,063 [SCMBlockDeletingService#1] DEBUG block.SCMBlockDeletingService (SCMBlockDeletingService.java:call(155)) - Scanned deleted blocks log and got 0 delTX to process.
2019-09-10 07:05:26,163 [SCMBlockDeletingService#1] DEBUG block.SCMBlockDeletingService (SCMBlockDeletingService.java:call(138)) - Running DeletedBlockTransactionScanner
2019-09-10 07:05:26,164 [SCMBlockDeletingService#1] DEBUG block.SCMBlockDeletingService (SCMBlockDeletingService.java:call(155)) - Scanned deleted blocks log and got 0 delTX to process.
2019-09-10 07:05:26,264 [SCMBlockDeletingService#1] DEBUG block.SCMBlockDeletingService (SCMBlockDeletingService.java:call(138)) - Running DeletedBlockTransactionScanner
2019-09-10 07:05:26,264 [SCMBlockDeletingService#1] DEBUG block.SCMBlockDeletingService (SCMBlockDeletingService.java:call(155)) - Scanned deleted blocks log and got 0 delTX to process.
2019-09-10 07:05:26,364 [SCMBlockDeletingService#0] DEBUG block.SCMBlockDeletingService (SCMBlockDeletingService.java:call(138)) - Running DeletedBlockTransactionScanner
2019-09-10 07:05:26,365 [SCMBlockDeletingService#0] DEBUG block.SCMBlockDeletingService (SCMBlockDeletingService.java:call(155)) - Scanned deleted blocks log and got 0 delTX to process.
2019-09-10 07:05:26,465 [SCMBlockDeletingService#0] DEBUG block.SCMBlockDeletingService (SCMBlockDeletingService.java:call(138)) - Running DeletedBlockTransactionScanner
2019-09-10 07:05:26,465 [SCMBlockDeletingService#0] DEBUG block.SCMBlockDeletingService (SCMBlockDeletingService.java:call(155)) - Scanned deleted blocks log and got 0 delTX to process.
2019-09-10 07:05:26,565 [SCMBlockDeletingService#0] DEBUG block.SCMBlockDeletingService (SCMBlockDeletingService.java:call(138)) - Running DeletedBlockTransactionScanner
2019-09-10 07:05:26,566 [SCMBlockDeletingService#0] DEBUG block.SCMBlockDeletingService (SCMBlockDeletingService.java:call(155)) - Scanned deleted blocks log and got 0 delTX to process.
2019-09-10 07:05:26,666 [SCMBlockDeletingService#0] DEBUG block.SCMBlockDeletingService (SCMBlockDeletingService.java:call(138)) - Running DeletedBlockTransactionScanner
2019-09-10 07:05:26,667 [SCMBlockDeletingService#0] DEBUG block.SCMBlockDeletingService (SCMBlockDeletingService.java:call(155)) - Scanned deleted blocks log and got 0 delTX to process.
2019-09-10 07:05:26,767 [SCMBlockDeletingService#0] DEBUG block.SCMBlockDeletingService (SCMBlockDeletingService.java:call(138)) - Running DeletedBlockTransactionScanner
2019-09-10 07:05:26,768 [SCMBlockDeletingService#0] DEBUG block.SCMBlockDeletingService (SCMBlockDeletingService.java:call(155)) - Scanned deleted blocks log and got 0 delTX to process.
2019-09-10 07:05:26,868 [SCMBlockDeletingService#0] DEBUG block.SCMBlockDeletingService (SCMBlockDeletingService.java:call(138)) - Running DeletedBlockTransactionScanner
2019-09-10 07:05:26,868 [SCMBlockDeletingService#0] DEBUG block.SCMBlockDeletingService (SCMBlockDeletingService.java:call(155)) - Scanned deleted blocks log and got 0 delTX to process.
2019-09-10 07:05:26,969 [SCMBlockDeletingService#0] DEBUG block.SCMBlockDeletingService (SCMBlockDeletingService.java:call(138)) - Running DeletedBlockTransactionScanner
2019-09-10 07:05:26,969 [SCMBlockDeletingService#0] DEBUG block.SCMBlockDeletingService (SCMBlockDeletingService.java:call(155)) - Scanned deleted blocks log and got 0 delTX to process.
2019-09-10 07:05:27,069 [SCMBlockDeletingService#0] DEBUG block.SCMBlockDeletingService (SCMBlockDeletingService.java:call(138)) - Running DeletedBlockTransactionScanner
2019-09-10 07:05:27,070 [SCMBlockDeletingService#0] DEBUG block.SCMBlockDeletingService (SCMBlockDeletingService.java:call(155)) - Scanned deleted blocks log and got 0 delTX to process.
2019-09-10 07:05:27,171 [SCMBlockDeletingService#0] DEBUG block.SCMBlockDeletingService (SCMBlockDeletingService.java:call(138)) - Running DeletedBlockTransactionScanner
2019-09-10 07:05:27,171 [SCMBlockDeletingService#0] DEBUG block.SCMBlockDeletingService (SCMBlockDeletingService.java:call(155)) - Scanned deleted blocks log and got 0 delTX to process.
2019-09-10 07:05:27,271 [SCMBlockDeletingService#0] DEBUG block.SCMBlockDeletingService (SCMBlockDeletingService.java:call(138)) - Running DeletedBlockTransactionScanner
2019-09-10 07:05:27,271 [SCMBlockDeletingService#0] DEBUG block.SCMBlockDeletingService (SCMBlockDeletingService.java:call(155)) - Scanned deleted blocks log and got 0 delTX to process.
2019-09-10 07:05:27,372 [SCMBlockDeletingService#0] DEBUG block.SCMBlockDeletingService (SCMBlockDeletingService.java:call(138)) - Running DeletedBlockTransactionScanner
2019-09-10 07:05:27,372 [SCMBlockDeletingService#0] DEBUG block.SCMBlockDeletingService (SCMBlockDeletingService.java:call(155)) - Scanned deleted blocks log and got 0 delTX to process.
2019-09-10 07:05:27,472 [SCMBlockDeletingService#0] DEBUG block.SCMBlockDeletingService (SCMBlockDeletingService.java:call(138)) - Running DeletedBlockTransactionScanner
2019-09-10 07:05:27,473 [SCMBlockDeletingService#0] DEBUG block.SCMBlockDeletingService (SCMBlockDeletingService.java:call(155)) - Scanned deleted blocks log and got 0 delTX to process.
2019-09-10 07:05:27,573 [SCMBlockDeletingService#1] DEBUG block.SCMBlockDeletingService (SCMBlockDeletingService.java:call(138)) - Running DeletedBlockTransactionScanner
2019-09-10 07:05:27,574 [SCMBlockDeletingService#1] DEBUG block.SCMBlockDeletingService (SCMBlockDeletingService.java:call(155)) - Scanned deleted blocks log and got 0 delTX to process.
2019-09-10 07:05:27,674 [SCMBlockDeletingService#1] DEBUG block.SCMBlockDeletingService (SCMBlockDeletingService.java:call(138)) - Running DeletedBlockTransactionScanner
2019-09-10 07:05:27,674 [SCMBlockDeletingService#1] DEBUG block.SCMBlockDeletingService (SCMBlockDeletingService.java:call(155)) - Scanned deleted blocks log and got 0 delTX to process.
2019-09-10 07:05:27,775 [SCMBlockDeletingService#0] DEBUG block.SCMBlockDeletingService (SCMBlockDeletingService.java:call(138)) - Running DeletedBlockTransactionScanner
2019-09-10 07:05:27,775 [SCMBlockDeletingService#0] DEBUG block.SCMBlockDeletingService (SCMBlockDeletingService.java:call(155)) - Scanned deleted blocks log and got 0 delTX to process.
2019-09-10 07:05:27,875 [SCMBlockDeletingService#0] DEBUG block.SCMBlockDeletingService (SCMBlockDeletingService.java:call(138)) - Running DeletedBlockTransactionScanner
2019-09-10 07:05:27,875 [SCMBlockDeletingService#0] DEBUG block.SCMBlockDeletingService (SCMBlockDeletingService.java:call(155)) - Scanned deleted blocks log and got 0 delTX to process.
2019-09-10 07:05:27,976 [SCMBlockDeletingService#0] DEBUG block.SCMBlockDeletingService (SCMBlockDeletingService.java:call(138)) - Running DeletedBlockTransactionScanner
2019-09-10 07:05:27,976 [SCMBlockDeletingService#0] DEBUG block.SCMBlockDeletingService (SCMBlockDeletingService.java:call(155)) - Scanned deleted blocks log and got 0 delTX to process.
2019-09-10 07:05:28,076 [SCMBlockDeletingService#0] DEBUG block.SCMBlockDeletingService (SCMBlockDeletingService.java:call(138)) - Running DeletedBlockTransactionScanner
2019-09-10 07:05:28,077 [SCMBlockDeletingService#0] DEBUG block.SCMBlockDeletingService (SCMBlockDeletingService.java:call(155)) - Scanned deleted blocks log and got 0 delTX to process.
2019-09-10 07:05:28,177 [SCMBlockDeletingService#0] DEBUG block.SCMBlockDeletingService (SCMBlockDeletingService.java:call(138)) - Running DeletedBlockTransactionScanner
2019-09-10 07:05:28,177 [SCMBlockDeletingService#0] DEBUG block.SCMBlockDeletingService (SCMBlockDeletingService.java:call(155)) - Scanned deleted blocks log and got 0 delTX to process.
2019-09-10 07:05:28,278 [SCMBlockDeletingService#0] DEBUG block.SCMBlockDeletingService (SCMBlockDeletingService.java:call(138)) - Running DeletedBlockTransactionScanner
2019-09-10 07:05:28,278 [SCMBlockDeletingService#0] DEBUG block.SCMBlockDeletingService (SCMBlockDeletingService.java:call(155)) - Scanned deleted blocks log and got 0 delTX to process.
2019-09-10 07:05:28,378 [SCMBlockDeletingService#0] DEBUG block.SCMBlockDeletingService (SCMBlockDeletingService.java:call(138)) - Running DeletedBlockTransactionScanner
2019-09-10 07:05:28,378 [SCMBlockDeletingService#0] DEBUG block.SCMBlockDeletingService (SCMBlockDeletingService.java:call(155)) - Scanned deleted blocks log and got 0 delTX to process.
2019-09-10 07:05:28,479 [SCMBlockDeletingService#0] DEBUG block.SCMBlockDeletingService (SCMBlockDeletingService.java:call(138)) - Running DeletedBlockTransactionScanner
2019-09-10 07:05:28,479 [SCMBlockDeletingService#0] DEBUG block.SCMBlockDeletingService (SCMBlockDeletingService.java:call(155)) - Scanned deleted blocks log and got 0 delTX to process.
2019-09-10 07:05:28,579 [SCMBlockDeletingService#0] DEBUG block.SCMBlockDeletingService (SCMBlockDeletingService.java:call(138)) - Running DeletedBlockTransactionScanner
2019-09-10 07:05:28,579 [SCMBlockDeletingService#0] DEBUG block.SCMBlockDeletingService (SCMBlockDeletingService.java:call(155)) - Scanned deleted blocks log and got 0 delTX to process.
2019-09-10 07:05:28,680 [SCMBlockDeletingService#0] DEBUG block.SCMBlockDeletingService (SCMBlockDeletingService.java:call(138)) - Running DeletedBlockTransactionScanner
2019-09-10 07:05:28,680 [SCMBlockDeletingService#0] DEBUG block.SCMBlockDeletingService (SCMBlockDeletingService.java:call(155)) - Scanned deleted blocks log and got 0 delTX to process.
2019-09-10 07:05:28,780 [SCMBlockDeletingService#0] DEBUG block.SCMBlockDeletingService (SCMBlockDeletingService.java:call(138)) - Running DeletedBlockTransactionScanner
2019-09-10 07:05:28,780 [SCMBlockDeletingService#0] DEBUG block.SCMBlockDeletingService (SCMBlockDeletingService.java:call(155)) - Scanned deleted blocks log and got 0 delTX to process.
2019-09-10 07:05:28,881 [SCMBlockDeletingService#0] DEBUG block.SCMBlockDeletingService (SCMBlockDeletingService.java:call(138)) - Running DeletedBlockTransactionScanner
2019-09-10 07:05:28,881 [SCMBlockDeletingService#0] DEBUG block.SCMBlockDeletingService (SCMBlockDeletingService.java:call(155)) - Scanned deleted blocks log and got 0 delTX to process.
2019-09-10 07:05:28,982 [SCMBlockDeletingService#0] DEBUG block.SCMBlockDeletingService (SCMBlockDeletingService.java:call(138)) - Running DeletedBlockTransactionScanner
2019-09-10 07:05:28,982 [SCMBlockDeletingService#0] DEBUG block.SCMBlockDeletingService (SCMBlockDeletingService.java:call(155)) - Scanned deleted blocks log and got 0 delTX to process.
2019-09-10 07:05:29,082 [SCMBlockDeletingService#0] DEBUG block.SCMBlockDeletingService (SCMBlockDeletingService.java:call(138)) - Running DeletedBlockTransactionScanner
2019-09-10 07:05:29,083 [SCMBlockDeletingService#0] DEBUG block.SCMBlockDeletingService (SCMBlockDeletingService.java:call(155)) - Scanned deleted blocks log and got 0 delTX to process.
2019-09-10 07:05:29,183 [SCMBlockDeletingService#0] DEBUG block.SCMBlockDeletingService (SCMBlockDeletingService.java:call(138)) - Running DeletedBlockTransactionScanner
2019-09-10 07:05:29,183 [SCMBlockDeletingService#0] DEBUG block.SCMBlockDeletingService (SCMBlockDeletingService.java:call(155)) - Scanned deleted blocks log and got 0 delTX to process.
2019-09-10 07:05:29,284 [SCMBlockDeletingService#1] DEBUG block.SCMBlockDeletingService (SCMBlockDeletingService.java:call(138)) - Running DeletedBlockTransactionScanner
2019-09-10 07:05:29,284 [SCMBlockDeletingService#1] DEBUG block.SCMBlockDeletingService (SCMBlockDeletingService.java:call(155)) - Scanned deleted blocks log and got 0 delTX to process.
2019-09-10 07:05:29,385 [SCMBlockDeletingService#1] DEBUG block.SCMBlockDeletingService (SCMBlockDeletingService.java:call(138)) - Running DeletedBlockTransactionScanner
2019-09-10 07:05:29,385 [SCMBlockDeletingService#1] DEBUG block.SCMBlockDeletingService (SCMBlockDeletingService.java:call(155)) - Scanned deleted blocks log and got 0 delTX to process.
2019-09-10 07:05:29,485 [SCMBlockDeletingService#1] DEBUG block.SCMBlockDeletingService (SCMBlockDeletingService.java:call(138)) - Running DeletedBlockTransactionScanner
2019-09-10 07:05:29,485 [SCMBlockDeletingService#1] DEBUG block.SCMBlockDeletingService (SCMBlockDeletingService.java:call(155)) - Scanned deleted blocks log and got 0 delTX to process.
2019-09-10 07:05:29,586 [SCMBlockDeletingService#1] DEBUG block.SCMBlockDeletingService (SCMBlockDeletingService.java:call(138)) - Running DeletedBlockTransactionScanner
2019-09-10 07:05:29,586 [SCMBlockDeletingService#1] DEBUG block.SCMBlockDeletingService (SCMBlockDeletingService.java:call(155)) - Scanned deleted blocks log and got 0 delTX to process.
2019-09-10 07:05:29,686 [SCMBlockDeletingService#1] DEBUG block.SCMBlockDeletingService (SCMBlockDeletingService.java:call(138)) - Running DeletedBlockTransactionScanner
2019-09-10 07:05:29,686 [SCMBlockDeletingService#1] DEBUG block.SCMBlockDeletingService (SCMBlockDeletingService.java:call(155)) - Scanned deleted blocks log and got 0 delTX to process.
2019-09-10 07:05:29,787 [SCMBlockDeletingService#1] DEBUG block.SCMBlockDeletingService (SCMBlockDeletingService.java:call(138)) - Running DeletedBlockTransactionScanner
2019-09-10 07:05:29,787 [SCMBlockDeletingService#1] DEBUG block.SCMBlockDeletingService (SCMBlockDeletingService.java:call(155)) - Scanned deleted blocks log and got 0 delTX to process.
2019-09-10 07:05:29,887 [SCMBlockDeletingService#0] DEBUG block.SCMBlockDeletingService (SCMBlockDeletingService.java:call(138)) - Running DeletedBlockTransactionScanner
2019-09-10 07:05:29,887 [SCMBlockDeletingService#0] DEBUG block.SCMBlockDeletingService (SCMBlockDeletingService.java:call(155)) - Scanned deleted blocks log and got 0 delTX to process.
2019-09-10 07:05:29,988 [SCMBlockDeletingService#0] DEBUG block.SCMBlockDeletingService (SCMBlockDeletingService.java:call(138)) - Running DeletedBlockTransactionScanner
2019-09-10 07:05:29,988 [SCMBlockDeletingService#0] DEBUG block.SCMBlockDeletingService (SCMBlockDeletingService.java:call(155)) - Scanned deleted blocks log and got 0 delTX to process.
2019-09-10 07:05:30,088 [SCMBlockDeletingService#0] DEBUG block.SCMBlockDeletingService (SCMBlockDeletingService.java:call(138)) - Running DeletedBlockTransactionScanner
2019-09-10 07:05:30,088 [SCMBlockDeletingService#0] DEBUG block.SCMBlockDeletingService (SCMBlockDeletingService.java:call(155)) - Scanned deleted blocks log and got 0 delTX to process.
2019-09-10 07:05:30,189 [SCMBlockDeletingService#0] DEBUG block.SCMBlockDeletingService (SCMBlockDeletingService.java:call(138)) - Running DeletedBlockTransactionScanner
2019-09-10 07:05:30,189 [SCMBlockDeletingService#0] DEBUG block.SCMBlockDeletingService (SCMBlockDeletingService.java:call(155)) - Scanned deleted blocks log and got 0 delTX to process.
2019-09-10 07:05:30,289 [SCMBlockDeletingService#0] DEBUG block.SCMBlockDeletingService (SCMBlockDeletingService.java:call(138)) - Running DeletedBlockTransactionScanner
2019-09-10 07:05:30,290 [SCMBlockDeletingService#0] DEBUG block.SCMBlockDeletingService (SCMBlockDeletingService.java:call(155)) - Scanned deleted blocks log and got 0 delTX to process.
2019-09-10 07:05:30,390 [SCMBlockDeletingService#0] DEBUG block.SCMBlockDeletingService (SCMBlockDeletingService.java:call(138)) - Running DeletedBlockTransactionScanner
2019-09-10 07:05:30,390 [SCMBlockDeletingService#0] DEBUG block.SCMBlockDeletingService (SCMBlockDeletingService.java:call(155)) - Scanned deleted blocks log and got 0 delTX to process.
2019-09-10 07:05:30,491 [SCMBlockDeletingService#0] DEBUG block.SCMBlockDeletingService (SCMBlockDeletingService.java:call(138)) - Running DeletedBlockTransactionScanner
2019-09-10 07:05:30,491 [SCMBlockDeletingService#0] DEBUG block.SCMBlockDeletingService (SCMBlockDeletingService.java:call(155)) - Scanned deleted blocks log and got 0 delTX to process.
2019-09-10 07:05:30,591 [SCMBlockDeletingService#0] DEBUG block.SCMBlockDeletingService (SCMBlockDeletingService.java:call(138)) - Running DeletedBlockTransactionScanner
2019-09-10 07:05:30,592 [SCMBlockDeletingService#0] DEBUG block.SCMBlockDeletingService (SCMBlockDeletingService.java:call(155)) - Scanned deleted blocks log and got 0 delTX to process.
2019-09-10 07:05:30,692 [SCMBlockDeletingService#0] DEBUG block.SCMBlockDeletingService (SCMBlockDeletingService.java:call(138)) - Running DeletedBlockTransactionScanner
2019-09-10 07:05:30,692 [SCMBlockDeletingService#0] DEBUG block.SCMBlockDeletingService (SCMBlockDeletingService.java:call(155)) - Scanned deleted blocks log and got 0 delTX to process.
2019-09-10 07:05:30,792 [SCMBlockDeletingService#1] DEBUG block.SCMBlockDeletingService (SCMBlockDeletingService.java:call(138)) - Running DeletedBlockTransactionScanner
2019-09-10 07:05:30,792 [SCMBlockDeletingService#1] DEBUG block.SCMBlockDeletingService (SCMBlockDeletingService.java:call(155)) - Scanned deleted blocks log and got 0 delTX to process.
2019-09-10 07:05:30,893 [SCMBlockDeletingService#1] DEBUG block.SCMBlockDeletingService (SCMBlockDeletingService.java:call(138)) - Running DeletedBlockTransactionScanner
2019-09-10 07:05:30,893 [SCMBlockDeletingService#1] DEBUG block.SCMBlockDeletingService (SCMBlockDeletingService.java:call(155)) - Scanned deleted blocks log and got 0 delTX to process.
2019-09-10 07:05:30,993 [SCMBlockDeletingService#1] DEBUG block.SCMBlockDeletingService (SCMBlockDeletingService.java:call(138)) - Running DeletedBlockTransactionScanner
2019-09-10 07:05:30,993 [SCMBlockDeletingService#1] DEBUG block.SCMBlockDeletingService (SCMBlockDeletingService.java:call(155)) - Scanned deleted blocks log and got 0 delTX to process.
2019-09-10 07:05:31,094 [SCMBlockDeletingService#1] DEBUG block.SCMBlockDeletingService (SCMBlockDeletingService.java:call(138)) - Running DeletedBlockTransactionScanner
2019-09-10 07:05:31,094 [SCMBlockDeletingService#1] DEBUG block.SCMBlockDeletingService (SCMBlockDeletingService.java:call(155)) - Scanned deleted blocks log and got 0 delTX to process.
2019-09-10 07:05:31,195 [SCMBlockDeletingService#1] DEBUG block.SCMBlockDeletingService (SCMBlockDeletingService.java:call(138)) - Running DeletedBlockTransactionScanner
2019-09-10 07:05:31,195 [SCMBlockDeletingService#1] DEBUG block.SCMBlockDeletingService (SCMBlockDeletingService.java:call(155)) - Scanned deleted blocks log and got 0 delTX to process.
2019-09-10 07:05:31,295 [SCMBlockDeletingService#1] DEBUG block.SCMBlockDeletingService (SCMBlockDeletingService.java:call(138)) - Running DeletedBlockTransactionScanner
2019-09-10 07:05:31,295 [SCMBlockDeletingService#1] DEBUG block.SCMBlockDeletingService (SCMBlockDeletingService.java:call(155)) - Scanned deleted blocks log and got 0 delTX to process.
2019-09-10 07:05:31,396 [SCMBlockDeletingService#1] DEBUG block.SCMBlockDeletingService (SCMBlockDeletingService.java:call(138)) - Running DeletedBlockTransactionScanner
2019-09-10 07:05:31,396 [SCMBlockDeletingService#1] DEBUG block.SCMBlockDeletingService (SCMBlockDeletingService.java:call(155)) - Scanned deleted blocks log and got 0 delTX to process.
2019-09-10 07:05:31,496 [SCMBlockDeletingService#1] DEBUG block.SCMBlockDeletingService (SCMBlockDeletingService.java:call(138)) - Running DeletedBlockTransactionScanner
2019-09-10 07:05:31,496 [SCMBlockDeletingService#1] DEBUG block.SCMBlockDeletingService (SCMBlockDeletingService.java:call(155)) - Scanned deleted blocks log and got 0 delTX to process.
2019-09-10 07:05:31,597 [SCMBlockDeletingService#1] DEBUG block.SCMBlockDeletingService (SCMBlockDeletingService.java:call(138)) - Running DeletedBlockTransactionScanner
2019-09-10 07:05:31,597 [SCMBlockDeletingService#1] DEBUG block.SCMBlockDeletingService (SCMBlockDeletingService.java:call(155)) - Scanned deleted blocks log and got 0 delTX to process.
2019-09-10 07:05:31,698 [SCMBlockDeletingService#1] DEBUG block.SCMBlockDeletingService (SCMBlockDeletingService.java:call(138)) - Running DeletedBlockTransactionScanner
2019-09-10 07:05:31,698 [SCMBlockDeletingService#1] DEBUG block.SCMBlockDeletingService (SCMBlockDeletingService.java:call(155)) - Scanned deleted blocks log and got 0 delTX to process.
2019-09-10 07:05:31,798 [SCMBlockDeletingService#1] DEBUG block.SCMBlockDeletingService (SCMBlockDeletingService.java:call(138)) - Running DeletedBlockTransactionScanner
2019-09-10 07:05:31,799 [SCMBlockDeletingService#1] DEBUG block.SCMBlockDeletingService (SCMBlockDeletingService.java:call(155)) - Scanned deleted blocks log and got 0 delTX to process.
2019-09-10 07:05:31,899 [SCMBlockDeletingService#1] DEBUG block.SCMBlockDeletingService (SCMBlockDeletingService.java:call(138)) - Running DeletedBlockTransactionScanner
2019-09-10 07:05:31,899 [SCMBlockDeletingService#1] DEBUG block.SCMBlockDeletingService (SCMBlockDeletingService.java:call(155)) - Scanned deleted blocks log and got 0 delTX to process.
2019-09-10 07:05:32,000 [SCMBlockDeletingService#1] DEBUG block.SCMBlockDeletingService (SCMBlockDeletingService.java:call(138)) - Running DeletedBlockTransactionScanner
2019-09-10 07:05:32,000 [SCMBlockDeletingService#1] DEBUG block.SCMBlockDeletingService (SCMBlockDeletingService.java:call(155)) - Scanned deleted blocks log and got 0 delTX to process.
2019-09-10 07:05:32,078 [05f13708-5e6e-4ea1-a525-a3c8f7f54426@group-34B10843FE54-SegmentedRaftLogWorker] WARN  segmented.SegmentedRaftLogWorker (SegmentedRaftLogWorker.java:getFromFuture(90)) - Timeout 13/~
org.apache.ratis.protocol.TimeoutIOException: Timeout 10s: WriteLog:16: (t:1, i:16), STATEMACHINELOGENTRY, client-7F424F215E90, cid=11-writeStateMachineData
	at org.apache.ratis.util.IOUtils.getFromFuture(IOUtils.java:87)
	at org.apache.ratis.server.raftlog.segmented.SegmentedRaftLogWorker$StateMachineDataPolicy.getFromFuture(SegmentedRaftLogWorker.java:87)
	at org.apache.ratis.server.raftlog.segmented.SegmentedRaftLogWorker$WriteLog.execute(SegmentedRaftLogWorker.java:477)
	at org.apache.ratis.server.raftlog.segmented.SegmentedRaftLogWorker.run(SegmentedRaftLogWorker.java:289)
	at java.lang.Thread.run(Thread.java:748)
Caused by: java.util.concurrent.TimeoutException
	at java.util.concurrent.CompletableFuture.timedGet(CompletableFuture.java:1771)
	at java.util.concurrent.CompletableFuture.get(CompletableFuture.java:1915)
	at org.apache.ratis.util.IOUtils.getFromFuture(IOUtils.java:79)
	... 4 more
2019-09-10 07:05:32,100 [SCMBlockDeletingService#1] DEBUG block.SCMBlockDeletingService (SCMBlockDeletingService.java:call(138)) - Running DeletedBlockTransactionScanner
2019-09-10 07:05:32,100 [SCMBlockDeletingService#1] DEBUG block.SCMBlockDeletingService (SCMBlockDeletingService.java:call(155)) - Scanned deleted blocks log and got 0 delTX to process.
2019-09-10 07:05:32,201 [SCMBlockDeletingService#1] DEBUG block.SCMBlockDeletingService (SCMBlockDeletingService.java:call(138)) - Running DeletedBlockTransactionScanner
2019-09-10 07:05:32,201 [SCMBlockDeletingService#1] DEBUG block.SCMBlockDeletingService (SCMBlockDeletingService.java:call(155)) - Scanned deleted blocks log and got 0 delTX to process.
2019-09-10 07:05:32,301 [SCMBlockDeletingService#1] DEBUG block.SCMBlockDeletingService (SCMBlockDeletingService.java:call(138)) - Running DeletedBlockTransactionScanner
2019-09-10 07:05:32,302 [SCMBlockDeletingService#1] DEBUG block.SCMBlockDeletingService (SCMBlockDeletingService.java:call(155)) - Scanned deleted blocks log and got 0 delTX to process.
2019-09-10 07:05:32,402 [SCMBlockDeletingService#1] DEBUG block.SCMBlockDeletingService (SCMBlockDeletingService.java:call(138)) - Running DeletedBlockTransactionScanner
2019-09-10 07:05:32,402 [SCMBlockDeletingService#1] DEBUG block.SCMBlockDeletingService (SCMBlockDeletingService.java:call(155)) - Scanned deleted blocks log and got 0 delTX to process.
2019-09-10 07:05:32,503 [SCMBlockDeletingService#1] DEBUG block.SCMBlockDeletingService (SCMBlockDeletingService.java:call(138)) - Running DeletedBlockTransactionScanner
2019-09-10 07:05:32,503 [SCMBlockDeletingService#1] DEBUG block.SCMBlockDeletingService (SCMBlockDeletingService.java:call(155)) - Scanned deleted blocks log and got 0 delTX to process.
2019-09-10 07:05:32,603 [SCMBlockDeletingService#1] DEBUG block.SCMBlockDeletingService (SCMBlockDeletingService.java:call(138)) - Running DeletedBlockTransactionScanner
2019-09-10 07:05:32,604 [SCMBlockDeletingService#1] DEBUG block.SCMBlockDeletingService (SCMBlockDeletingService.java:call(155)) - Scanned deleted blocks log and got 0 delTX to process.
2019-09-10 07:05:32,704 [SCMBlockDeletingService#0] DEBUG block.SCMBlockDeletingService (SCMBlockDeletingService.java:call(138)) - Running DeletedBlockTransactionScanner
2019-09-10 07:05:32,704 [SCMBlockDeletingService#0] DEBUG block.SCMBlockDeletingService (SCMBlockDeletingService.java:call(155)) - Scanned deleted blocks log and got 0 delTX to process.
2019-09-10 07:05:32,805 [SCMBlockDeletingService#0] DEBUG block.SCMBlockDeletingService (SCMBlockDeletingService.java:call(138)) - Running DeletedBlockTransactionScanner
2019-09-10 07:05:32,805 [SCMBlockDeletingService#0] DEBUG block.SCMBlockDeletingService (SCMBlockDeletingService.java:call(155)) - Scanned deleted blocks log and got 0 delTX to process.
2019-09-10 07:05:32,905 [SCMBlockDeletingService#0] DEBUG block.SCMBlockDeletingService (SCMBlockDeletingService.java:call(138)) - Running DeletedBlockTransactionScanner
2019-09-10 07:05:32,906 [SCMBlockDeletingService#0] DEBUG block.SCMBlockDeletingService (SCMBlockDeletingService.java:call(155)) - Scanned deleted blocks log and got 0 delTX to process.
2019-09-10 07:05:33,006 [SCMBlockDeletingService#0] DEBUG block.SCMBlockDeletingService (SCMBlockDeletingService.java:call(138)) - Running DeletedBlockTransactionScanner
2019-09-10 07:05:33,006 [SCMBlockDeletingService#0] DEBUG block.SCMBlockDeletingService (SCMBlockDeletingService.java:call(155)) - Scanned deleted blocks log and got 0 delTX to process.
2019-09-10 07:05:33,107 [SCMBlockDeletingService#0] DEBUG block.SCMBlockDeletingService (SCMBlockDeletingService.java:call(138)) - Running DeletedBlockTransactionScanner
2019-09-10 07:05:33,108 [SCMBlockDeletingService#0] DEBUG block.SCMBlockDeletingService (SCMBlockDeletingService.java:call(155)) - Scanned deleted blocks log and got 0 delTX to process.
2019-09-10 07:05:33,208 [SCMBlockDeletingService#0] DEBUG block.SCMBlockDeletingService (SCMBlockDeletingService.java:call(138)) - Running DeletedBlockTransactionScanner
2019-09-10 07:05:33,208 [SCMBlockDeletingService#0] DEBUG block.SCMBlockDeletingService (SCMBlockDeletingService.java:call(155)) - Scanned deleted blocks log and got 0 delTX to process.
2019-09-10 07:05:33,309 [SCMBlockDeletingService#0] DEBUG block.SCMBlockDeletingService (SCMBlockDeletingService.java:call(138)) - Running DeletedBlockTransactionScanner
2019-09-10 07:05:33,309 [SCMBlockDeletingService#0] DEBUG block.SCMBlockDeletingService (SCMBlockDeletingService.java:call(155)) - Scanned deleted blocks log and got 0 delTX to process.
2019-09-10 07:05:33,410 [SCMBlockDeletingService#0] DEBUG block.SCMBlockDeletingService (SCMBlockDeletingService.java:call(138)) - Running DeletedBlockTransactionScanner
2019-09-10 07:05:33,411 [SCMBlockDeletingService#0] DEBUG block.SCMBlockDeletingService (SCMBlockDeletingService.java:call(155)) - Scanned deleted blocks log and got 0 delTX to process.
2019-09-10 07:05:33,511 [SCMBlockDeletingService#0] DEBUG block.SCMBlockDeletingService (SCMBlockDeletingService.java:call(138)) - Running DeletedBlockTransactionScanner
2019-09-10 07:05:33,511 [SCMBlockDeletingService#0] DEBUG block.SCMBlockDeletingService (SCMBlockDeletingService.java:call(155)) - Scanned deleted blocks log and got 0 delTX to process.
2019-09-10 07:05:33,612 [SCMBlockDeletingService#0] DEBUG block.SCMBlockDeletingService (SCMBlockDeletingService.java:call(138)) - Running DeletedBlockTransactionScanner
2019-09-10 07:05:33,612 [SCMBlockDeletingService#0] DEBUG block.SCMBlockDeletingService (SCMBlockDeletingService.java:call(155)) - Scanned deleted blocks log and got 0 delTX to process.
2019-09-10 07:05:33,712 [SCMBlockDeletingService#0] DEBUG block.SCMBlockDeletingService (SCMBlockDeletingService.java:call(138)) - Running DeletedBlockTransactionScanner
2019-09-10 07:05:33,713 [SCMBlockDeletingService#0] DEBUG block.SCMBlockDeletingService (SCMBlockDeletingService.java:call(155)) - Scanned deleted blocks log and got 0 delTX to process.
2019-09-10 07:05:33,813 [SCMBlockDeletingService#0] DEBUG block.SCMBlockDeletingService (SCMBlockDeletingService.java:call(138)) - Running DeletedBlockTransactionScanner
2019-09-10 07:05:33,813 [SCMBlockDeletingService#0] DEBUG block.SCMBlockDeletingService (SCMBlockDeletingService.java:call(155)) - Scanned deleted blocks log and got 0 delTX to process.
2019-09-10 07:05:33,914 [SCMBlockDeletingService#0] DEBUG block.SCMBlockDeletingService (SCMBlockDeletingService.java:call(138)) - Running DeletedBlockTransactionScanner
2019-09-10 07:05:33,914 [SCMBlockDeletingService#0] DEBUG block.SCMBlockDeletingService (SCMBlockDeletingService.java:call(155)) - Scanned deleted blocks log and got 0 delTX to process.
2019-09-10 07:05:34,014 [SCMBlockDeletingService#0] DEBUG block.SCMBlockDeletingService (SCMBlockDeletingService.java:call(138)) - Running DeletedBlockTransactionScanner
2019-09-10 07:05:34,015 [SCMBlockDeletingService#0] DEBUG block.SCMBlockDeletingService (SCMBlockDeletingService.java:call(155)) - Scanned deleted blocks log and got 0 delTX to process.
2019-09-10 07:05:34,115 [SCMBlockDeletingService#0] DEBUG block.SCMBlockDeletingService (SCMBlockDeletingService.java:call(138)) - Running DeletedBlockTransactionScanner
2019-09-10 07:05:34,115 [SCMBlockDeletingService#0] DEBUG block.SCMBlockDeletingService (SCMBlockDeletingService.java:call(155)) - Scanned deleted blocks log and got 0 delTX to process.
2019-09-10 07:05:34,215 [SCMBlockDeletingService#0] DEBUG block.SCMBlockDeletingService (SCMBlockDeletingService.java:call(138)) - Running DeletedBlockTransactionScanner
2019-09-10 07:05:34,216 [SCMBlockDeletingService#0] DEBUG block.SCMBlockDeletingService (SCMBlockDeletingService.java:call(155)) - Scanned deleted blocks log and got 0 delTX to process.
2019-09-10 07:05:34,316 [SCMBlockDeletingService#0] DEBUG block.SCMBlockDeletingService (SCMBlockDeletingService.java:call(138)) - Running DeletedBlockTransactionScanner
2019-09-10 07:05:34,316 [SCMBlockDeletingService#0] DEBUG block.SCMBlockDeletingService (SCMBlockDeletingService.java:call(155)) - Scanned deleted blocks log and got 0 delTX to process.
2019-09-10 07:05:34,417 [SCMBlockDeletingService#0] DEBUG block.SCMBlockDeletingService (SCMBlockDeletingService.java:call(138)) - Running DeletedBlockTransactionScanner
2019-09-10 07:05:34,417 [SCMBlockDeletingService#0] DEBUG block.SCMBlockDeletingService (SCMBlockDeletingService.java:call(155)) - Scanned deleted blocks log and got 0 delTX to process.
2019-09-10 07:05:34,518 [SCMBlockDeletingService#0] DEBUG block.SCMBlockDeletingService (SCMBlockDeletingService.java:call(138)) - Running DeletedBlockTransactionScanner
2019-09-10 07:05:34,518 [SCMBlockDeletingService#0] DEBUG block.SCMBlockDeletingService (SCMBlockDeletingService.java:call(155)) - Scanned deleted blocks log and got 0 delTX to process.
2019-09-10 07:05:34,618 [SCMBlockDeletingService#0] DEBUG block.SCMBlockDeletingService (SCMBlockDeletingService.java:call(138)) - Running DeletedBlockTransactionScanner
2019-09-10 07:05:34,619 [SCMBlockDeletingService#0] DEBUG block.SCMBlockDeletingService (SCMBlockDeletingService.java:call(155)) - Scanned deleted blocks log and got 0 delTX to process.
2019-09-10 07:05:34,719 [SCMBlockDeletingService#0] DEBUG block.SCMBlockDeletingService (SCMBlockDeletingService.java:call(138)) - Running DeletedBlockTransactionScanner
2019-09-10 07:05:34,719 [SCMBlockDeletingService#0] DEBUG block.SCMBlockDeletingService (SCMBlockDeletingService.java:call(155)) - Scanned deleted blocks log and got 0 delTX to process.
2019-09-10 07:05:34,820 [SCMBlockDeletingService#0] DEBUG block.SCMBlockDeletingService (SCMBlockDeletingService.java:call(138)) - Running DeletedBlockTransactionScanner
2019-09-10 07:05:34,820 [SCMBlockDeletingService#0] DEBUG block.SCMBlockDeletingService (SCMBlockDeletingService.java:call(155)) - Scanned deleted blocks log and got 0 delTX to process.
2019-09-10 07:05:34,920 [SCMBlockDeletingService#0] DEBUG block.SCMBlockDeletingService (SCMBlockDeletingService.java:call(138)) - Running DeletedBlockTransactionScanner
2019-09-10 07:05:34,921 [SCMBlockDeletingService#0] DEBUG block.SCMBlockDeletingService (SCMBlockDeletingService.java:call(155)) - Scanned deleted blocks log and got 0 delTX to process.
2019-09-10 07:05:35,021 [SCMBlockDeletingService#0] DEBUG block.SCMBlockDeletingService (SCMBlockDeletingService.java:call(138)) - Running DeletedBlockTransactionScanner
2019-09-10 07:05:35,021 [SCMBlockDeletingService#0] DEBUG block.SCMBlockDeletingService (SCMBlockDeletingService.java:call(155)) - Scanned deleted blocks log and got 0 delTX to process.
2019-09-10 07:05:35,122 [SCMBlockDeletingService#0] DEBUG block.SCMBlockDeletingService (SCMBlockDeletingService.java:call(138)) - Running DeletedBlockTransactionScanner
2019-09-10 07:05:35,122 [SCMBlockDeletingService#0] DEBUG block.SCMBlockDeletingService (SCMBlockDeletingService.java:call(155)) - Scanned deleted blocks log and got 0 delTX to process.
2019-09-10 07:05:35,222 [SCMBlockDeletingService#0] DEBUG block.SCMBlockDeletingService (SCMBlockDeletingService.java:call(138)) - Running DeletedBlockTransactionScanner
2019-09-10 07:05:35,222 [SCMBlockDeletingService#0] DEBUG block.SCMBlockDeletingService (SCMBlockDeletingService.java:call(155)) - Scanned deleted blocks log and got 0 delTX to process.
2019-09-10 07:05:35,323 [SCMBlockDeletingService#0] DEBUG block.SCMBlockDeletingService (SCMBlockDeletingService.java:call(138)) - Running DeletedBlockTransactionScanner
2019-09-10 07:05:35,323 [SCMBlockDeletingService#0] DEBUG block.SCMBlockDeletingService (SCMBlockDeletingService.java:call(155)) - Scanned deleted blocks log and got 0 delTX to process.
2019-09-10 07:05:35,423 [SCMBlockDeletingService#0] DEBUG block.SCMBlockDeletingService (SCMBlockDeletingService.java:call(138)) - Running DeletedBlockTransactionScanner
2019-09-10 07:05:35,423 [SCMBlockDeletingService#0] DEBUG block.SCMBlockDeletingService (SCMBlockDeletingService.java:call(155)) - Scanned deleted blocks log and got 0 delTX to process.
2019-09-10 07:05:35,524 [SCMBlockDeletingService#0] DEBUG block.SCMBlockDeletingService (SCMBlockDeletingService.java:call(138)) - Running DeletedBlockTransactionScanner
2019-09-10 07:05:35,524 [SCMBlockDeletingService#0] DEBUG block.SCMBlockDeletingService (SCMBlockDeletingService.java:call(155)) - Scanned deleted blocks log and got 0 delTX to process.
2019-09-10 07:05:35,624 [SCMBlockDeletingService#0] DEBUG block.SCMBlockDeletingService (SCMBlockDeletingService.java:call(138)) - Running DeletedBlockTransactionScanner
2019-09-10 07:05:35,624 [SCMBlockDeletingService#0] DEBUG block.SCMBlockDeletingService (SCMBlockDeletingService.java:call(155)) - Scanned deleted blocks log and got 0 delTX to process.
2019-09-10 07:05:35,725 [SCMBlockDeletingService#0] DEBUG block.SCMBlockDeletingService (SCMBlockDeletingService.java:call(138)) - Running DeletedBlockTransactionScanner
2019-09-10 07:05:35,725 [SCMBlockDeletingService#0] DEBUG block.SCMBlockDeletingService (SCMBlockDeletingService.java:call(155)) - Scanned deleted blocks log and got 0 delTX to process.
2019-09-10 07:05:35,825 [SCMBlockDeletingService#0] DEBUG block.SCMBlockDeletingService (SCMBlockDeletingService.java:call(138)) - Running DeletedBlockTransactionScanner
2019-09-10 07:05:35,825 [SCMBlockDeletingService#0] DEBUG block.SCMBlockDeletingService (SCMBlockDeletingService.java:call(155)) - Scanned deleted blocks log and got 0 delTX to process.
2019-09-10 07:05:35,926 [SCMBlockDeletingService#0] DEBUG block.SCMBlockDeletingService (SCMBlockDeletingService.java:call(138)) - Running DeletedBlockTransactionScanner
2019-09-10 07:05:35,926 [SCMBlockDeletingService#0] DEBUG block.SCMBlockDeletingService (SCMBlockDeletingService.java:call(155)) - Scanned deleted blocks log and got 0 delTX to process.
2019-09-10 07:05:36,026 [SCMBlockDeletingService#0] DEBUG block.SCMBlockDeletingService (SCMBlockDeletingService.java:call(138)) - Running DeletedBlockTransactionScanner
2019-09-10 07:05:36,027 [SCMBlockDeletingService#0] DEBUG block.SCMBlockDeletingService (SCMBlockDeletingService.java:call(155)) - Scanned deleted blocks log and got 0 delTX to process.
2019-09-10 07:05:36,127 [SCMBlockDeletingService#0] DEBUG block.SCMBlockDeletingService (SCMBlockDeletingService.java:call(138)) - Running DeletedBlockTransactionScanner
2019-09-10 07:05:36,127 [SCMBlockDeletingService#0] DEBUG block.SCMBlockDeletingService (SCMBlockDeletingService.java:call(155)) - Scanned deleted blocks log and got 0 delTX to process.
2019-09-10 07:05:36,228 [SCMBlockDeletingService#0] DEBUG block.SCMBlockDeletingService (SCMBlockDeletingService.java:call(138)) - Running DeletedBlockTransactionScanner
2019-09-10 07:05:36,228 [SCMBlockDeletingService#0] DEBUG block.SCMBlockDeletingService (SCMBlockDeletingService.java:call(155)) - Scanned deleted blocks log and got 0 delTX to process.
2019-09-10 07:05:36,328 [SCMBlockDeletingService#0] DEBUG block.SCMBlockDeletingService (SCMBlockDeletingService.java:call(138)) - Running DeletedBlockTransactionScanner
2019-09-10 07:05:36,328 [SCMBlockDeletingService#0] DEBUG block.SCMBlockDeletingService (SCMBlockDeletingService.java:call(155)) - Scanned deleted blocks log and got 0 delTX to process.
2019-09-10 07:05:36,429 [SCMBlockDeletingService#0] DEBUG block.SCMBlockDeletingService (SCMBlockDeletingService.java:call(138)) - Running DeletedBlockTransactionScanner
2019-09-10 07:05:36,429 [SCMBlockDeletingService#0] DEBUG block.SCMBlockDeletingService (SCMBlockDeletingService.java:call(155)) - Scanned deleted blocks log and got 0 delTX to process.
2019-09-10 07:05:36,529 [SCMBlockDeletingService#0] DEBUG block.SCMBlockDeletingService (SCMBlockDeletingService.java:call(138)) - Running DeletedBlockTransactionScanner
2019-09-10 07:05:36,529 [SCMBlockDeletingService#0] DEBUG block.SCMBlockDeletingService (SCMBlockDeletingService.java:call(155)) - Scanned deleted blocks log and got 0 delTX to process.
2019-09-10 07:05:36,629 [SCMBlockDeletingService#0] DEBUG block.SCMBlockDeletingService (SCMBlockDeletingService.java:call(138)) - Running DeletedBlockTransactionScanner
2019-09-10 07:05:36,630 [SCMBlockDeletingService#0] DEBUG block.SCMBlockDeletingService (SCMBlockDeletingService.java:call(155)) - Scanned deleted blocks log and got 0 delTX to process.
2019-09-10 07:05:36,730 [SCMBlockDeletingService#0] DEBUG block.SCMBlockDeletingService (SCMBlockDeletingService.java:call(138)) - Running DeletedBlockTransactionScanner
2019-09-10 07:05:36,730 [SCMBlockDeletingService#0] DEBUG block.SCMBlockDeletingService (SCMBlockDeletingService.java:call(155)) - Scanned deleted blocks log and got 0 delTX to process.
2019-09-10 07:05:36,830 [SCMBlockDeletingService#1] DEBUG block.SCMBlockDeletingService (SCMBlockDeletingService.java:call(138)) - Running DeletedBlockTransactionScanner
2019-09-10 07:05:36,831 [SCMBlockDeletingService#1] DEBUG block.SCMBlockDeletingService (SCMBlockDeletingService.java:call(155)) - Scanned deleted blocks log and got 0 delTX to process.
2019-09-10 07:05:36,931 [SCMBlockDeletingService#1] DEBUG block.SCMBlockDeletingService (SCMBlockDeletingService.java:call(138)) - Running DeletedBlockTransactionScanner
2019-09-10 07:05:36,931 [SCMBlockDeletingService#1] DEBUG block.SCMBlockDeletingService (SCMBlockDeletingService.java:call(155)) - Scanned deleted blocks log and got 0 delTX to process.
2019-09-10 07:05:37,031 [SCMBlockDeletingService#0] DEBUG block.SCMBlockDeletingService (SCMBlockDeletingService.java:call(138)) - Running DeletedBlockTransactionScanner
2019-09-10 07:05:37,031 [SCMBlockDeletingService#0] DEBUG block.SCMBlockDeletingService (SCMBlockDeletingService.java:call(155)) - Scanned deleted blocks log and got 0 delTX to process.
2019-09-10 07:05:37,132 [SCMBlockDeletingService#0] DEBUG block.SCMBlockDeletingService (SCMBlockDeletingService.java:call(138)) - Running DeletedBlockTransactionScanner
2019-09-10 07:05:37,132 [SCMBlockDeletingService#0] DEBUG block.SCMBlockDeletingService (SCMBlockDeletingService.java:call(155)) - Scanned deleted blocks log and got 0 delTX to process.
2019-09-10 07:05:37,232 [SCMBlockDeletingService#0] DEBUG block.SCMBlockDeletingService (SCMBlockDeletingService.java:call(138)) - Running DeletedBlockTransactionScanner
2019-09-10 07:05:37,233 [SCMBlockDeletingService#0] DEBUG block.SCMBlockDeletingService (SCMBlockDeletingService.java:call(155)) - Scanned deleted blocks log and got 0 delTX to process.
2019-09-10 07:05:37,333 [SCMBlockDeletingService#0] DEBUG block.SCMBlockDeletingService (SCMBlockDeletingService.java:call(138)) - Running DeletedBlockTransactionScanner
2019-09-10 07:05:37,333 [SCMBlockDeletingService#0] DEBUG block.SCMBlockDeletingService (SCMBlockDeletingService.java:call(155)) - Scanned deleted blocks log and got 0 delTX to process.
2019-09-10 07:05:37,433 [SCMBlockDeletingService#1] DEBUG block.SCMBlockDeletingService (SCMBlockDeletingService.java:call(138)) - Running DeletedBlockTransactionScanner
2019-09-10 07:05:37,434 [SCMBlockDeletingService#1] DEBUG block.SCMBlockDeletingService (SCMBlockDeletingService.java:call(155)) - Scanned deleted blocks log and got 0 delTX to process.
2019-09-10 07:05:37,534 [SCMBlockDeletingService#0] DEBUG block.SCMBlockDeletingService (SCMBlockDeletingService.java:call(138)) - Running DeletedBlockTransactionScanner
2019-09-10 07:05:37,534 [SCMBlockDeletingService#0] DEBUG block.SCMBlockDeletingService (SCMBlockDeletingService.java:call(155)) - Scanned deleted blocks log and got 0 delTX to process.
2019-09-10 07:05:37,635 [SCMBlockDeletingService#0] DEBUG block.SCMBlockDeletingService (SCMBlockDeletingService.java:call(138)) - Running DeletedBlockTransactionScanner
2019-09-10 07:05:37,635 [SCMBlockDeletingService#0] DEBUG block.SCMBlockDeletingService (SCMBlockDeletingService.java:call(155)) - Scanned deleted blocks log and got 0 delTX to process.
2019-09-10 07:05:37,736 [SCMBlockDeletingService#0] DEBUG block.SCMBlockDeletingService (SCMBlockDeletingService.java:call(138)) - Running DeletedBlockTransactionScanner
2019-09-10 07:05:37,736 [SCMBlockDeletingService#0] DEBUG block.SCMBlockDeletingService (SCMBlockDeletingService.java:call(155)) - Scanned deleted blocks log and got 0 delTX to process.
2019-09-10 07:05:37,836 [SCMBlockDeletingService#0] DEBUG block.SCMBlockDeletingService (SCMBlockDeletingService.java:call(138)) - Running DeletedBlockTransactionScanner
2019-09-10 07:05:37,836 [SCMBlockDeletingService#0] DEBUG block.SCMBlockDeletingService (SCMBlockDeletingService.java:call(155)) - Scanned deleted blocks log and got 0 delTX to process.
2019-09-10 07:05:37,937 [SCMBlockDeletingService#0] DEBUG block.SCMBlockDeletingService (SCMBlockDeletingService.java:call(138)) - Running DeletedBlockTransactionScanner
2019-09-10 07:05:37,937 [SCMBlockDeletingService#0] DEBUG block.SCMBlockDeletingService (SCMBlockDeletingService.java:call(155)) - Scanned deleted blocks log and got 0 delTX to process.
2019-09-10 07:05:38,037 [SCMBlockDeletingService#0] DEBUG block.SCMBlockDeletingService (SCMBlockDeletingService.java:call(138)) - Running DeletedBlockTransactionScanner
2019-09-10 07:05:38,038 [SCMBlockDeletingService#0] DEBUG block.SCMBlockDeletingService (SCMBlockDeletingService.java:call(155)) - Scanned deleted blocks log and got 0 delTX to process.
2019-09-10 07:05:38,138 [SCMBlockDeletingService#0] DEBUG block.SCMBlockDeletingService (SCMBlockDeletingService.java:call(138)) - Running DeletedBlockTransactionScanner
2019-09-10 07:05:38,139 [SCMBlockDeletingService#0] DEBUG block.SCMBlockDeletingService (SCMBlockDeletingService.java:call(155)) - Scanned deleted blocks log and got 0 delTX to process.
2019-09-10 07:05:38,239 [SCMBlockDeletingService#0] DEBUG block.SCMBlockDeletingService (SCMBlockDeletingService.java:call(138)) - Running DeletedBlockTransactionScanner
2019-09-10 07:05:38,239 [SCMBlockDeletingService#0] DEBUG block.SCMBlockDeletingService (SCMBlockDeletingService.java:call(155)) - Scanned deleted blocks log and got 0 delTX to process.
2019-09-10 07:05:38,340 [SCMBlockDeletingService#0] DEBUG block.SCMBlockDeletingService (SCMBlockDeletingService.java:call(138)) - Running DeletedBlockTransactionScanner
2019-09-10 07:05:38,340 [SCMBlockDeletingService#0] DEBUG block.SCMBlockDeletingService (SCMBlockDeletingService.java:call(155)) - Scanned deleted blocks log and got 0 delTX to process.
2019-09-10 07:05:38,440 [SCMBlockDeletingService#0] DEBUG block.SCMBlockDeletingService (SCMBlockDeletingService.java:call(138)) - Running DeletedBlockTransactionScanner
2019-09-10 07:05:38,440 [SCMBlockDeletingService#0] DEBUG block.SCMBlockDeletingService (SCMBlockDeletingService.java:call(155)) - Scanned deleted blocks log and got 0 delTX to process.
2019-09-10 07:05:38,541 [SCMBlockDeletingService#0] DEBUG block.SCMBlockDeletingService (SCMBlockDeletingService.java:call(138)) - Running DeletedBlockTransactionScanner
2019-09-10 07:05:38,541 [SCMBlockDeletingService#0] DEBUG block.SCMBlockDeletingService (SCMBlockDeletingService.java:call(155)) - Scanned deleted blocks log and got 0 delTX to process.
2019-09-10 07:05:38,641 [SCMBlockDeletingService#0] DEBUG block.SCMBlockDeletingService (SCMBlockDeletingService.java:call(138)) - Running DeletedBlockTransactionScanner
2019-09-10 07:05:38,641 [SCMBlockDeletingService#0] DEBUG block.SCMBlockDeletingService (SCMBlockDeletingService.java:call(155)) - Scanned deleted blocks log and got 0 delTX to process.
2019-09-10 07:05:38,742 [SCMBlockDeletingService#0] DEBUG block.SCMBlockDeletingService (SCMBlockDeletingService.java:call(138)) - Running DeletedBlockTransactionScanner
2019-09-10 07:05:38,742 [SCMBlockDeletingService#0] DEBUG block.SCMBlockDeletingService (SCMBlockDeletingService.java:call(155)) - Scanned deleted blocks log and got 0 delTX to process.
2019-09-10 07:05:38,842 [SCMBlockDeletingService#0] DEBUG block.SCMBlockDeletingService (SCMBlockDeletingService.java:call(138)) - Running DeletedBlockTransactionScanner
2019-09-10 07:05:38,843 [SCMBlockDeletingService#0] DEBUG block.SCMBlockDeletingService (SCMBlockDeletingService.java:call(155)) - Scanned deleted blocks log and got 0 delTX to process.
2019-09-10 07:05:38,943 [SCMBlockDeletingService#0] DEBUG block.SCMBlockDeletingService (SCMBlockDeletingService.java:call(138)) - Running DeletedBlockTransactionScanner
2019-09-10 07:05:38,943 [SCMBlockDeletingService#0] DEBUG block.SCMBlockDeletingService (SCMBlockDeletingService.java:call(155)) - Scanned deleted blocks log and got 0 delTX to process.
2019-09-10 07:05:39,043 [SCMBlockDeletingService#0] DEBUG block.SCMBlockDeletingService (SCMBlockDeletingService.java:call(138)) - Running DeletedBlockTransactionScanner
2019-09-10 07:05:39,044 [SCMBlockDeletingService#0] DEBUG block.SCMBlockDeletingService (SCMBlockDeletingService.java:call(155)) - Scanned deleted blocks log and got 0 delTX to process.
2019-09-10 07:05:39,144 [SCMBlockDeletingService#0] DEBUG block.SCMBlockDeletingService (SCMBlockDeletingService.java:call(138)) - Running DeletedBlockTransactionScanner
2019-09-10 07:05:39,144 [SCMBlockDeletingService#0] DEBUG block.SCMBlockDeletingService (SCMBlockDeletingService.java:call(155)) - Scanned deleted blocks log and got 0 delTX to process.
2019-09-10 07:05:39,244 [SCMBlockDeletingService#0] DEBUG block.SCMBlockDeletingService (SCMBlockDeletingService.java:call(138)) - Running DeletedBlockTransactionScanner
2019-09-10 07:05:39,245 [SCMBlockDeletingService#0] DEBUG block.SCMBlockDeletingService (SCMBlockDeletingService.java:call(155)) - Scanned deleted blocks log and got 0 delTX to process.
2019-09-10 07:05:39,345 [SCMBlockDeletingService#0] DEBUG block.SCMBlockDeletingService (SCMBlockDeletingService.java:call(138)) - Running DeletedBlockTransactionScanner
2019-09-10 07:05:39,345 [SCMBlockDeletingService#0] DEBUG block.SCMBlockDeletingService (SCMBlockDeletingService.java:call(155)) - Scanned deleted blocks log and got 0 delTX to process.
2019-09-10 07:05:39,446 [SCMBlockDeletingService#0] DEBUG block.SCMBlockDeletingService (SCMBlockDeletingService.java:call(138)) - Running DeletedBlockTransactionScanner
2019-09-10 07:05:39,446 [SCMBlockDeletingService#0] DEBUG block.SCMBlockDeletingService (SCMBlockDeletingService.java:call(155)) - Scanned deleted blocks log and got 0 delTX to process.
2019-09-10 07:05:39,546 [SCMBlockDeletingService#0] DEBUG block.SCMBlockDeletingService (SCMBlockDeletingService.java:call(138)) - Running DeletedBlockTransactionScanner
2019-09-10 07:05:39,546 [SCMBlockDeletingService#0] DEBUG block.SCMBlockDeletingService (SCMBlockDeletingService.java:call(155)) - Scanned deleted blocks log and got 0 delTX to process.
2019-09-10 07:05:39,647 [SCMBlockDeletingService#0] DEBUG block.SCMBlockDeletingService (SCMBlockDeletingService.java:call(138)) - Running DeletedBlockTransactionScanner
2019-09-10 07:05:39,647 [SCMBlockDeletingService#0] DEBUG block.SCMBlockDeletingService (SCMBlockDeletingService.java:call(155)) - Scanned deleted blocks log and got 0 delTX to process.
2019-09-10 07:05:39,747 [SCMBlockDeletingService#0] DEBUG block.SCMBlockDeletingService (SCMBlockDeletingService.java:call(138)) - Running DeletedBlockTransactionScanner
2019-09-10 07:05:39,748 [SCMBlockDeletingService#0] DEBUG block.SCMBlockDeletingService (SCMBlockDeletingService.java:call(155)) - Scanned deleted blocks log and got 0 delTX to process.
2019-09-10 07:05:39,848 [SCMBlockDeletingService#0] DEBUG block.SCMBlockDeletingService (SCMBlockDeletingService.java:call(138)) - Running DeletedBlockTransactionScanner
2019-09-10 07:05:39,848 [SCMBlockDeletingService#0] DEBUG block.SCMBlockDeletingService (SCMBlockDeletingService.java:call(155)) - Scanned deleted blocks log and got 0 delTX to process.
2019-09-10 07:05:39,949 [SCMBlockDeletingService#0] DEBUG block.SCMBlockDeletingService (SCMBlockDeletingService.java:call(138)) - Running DeletedBlockTransactionScanner
2019-09-10 07:05:39,949 [SCMBlockDeletingService#0] DEBUG block.SCMBlockDeletingService (SCMBlockDeletingService.java:call(155)) - Scanned deleted blocks log and got 0 delTX to process.
2019-09-10 07:05:40,049 [SCMBlockDeletingService#0] DEBUG block.SCMBlockDeletingService (SCMBlockDeletingService.java:call(138)) - Running DeletedBlockTransactionScanner
2019-09-10 07:05:40,050 [SCMBlockDeletingService#0] DEBUG block.SCMBlockDeletingService (SCMBlockDeletingService.java:call(155)) - Scanned deleted blocks log and got 0 delTX to process.
2019-09-10 07:05:40,150 [SCMBlockDeletingService#0] DEBUG block.SCMBlockDeletingService (SCMBlockDeletingService.java:call(138)) - Running DeletedBlockTransactionScanner
2019-09-10 07:05:40,150 [SCMBlockDeletingService#0] DEBUG block.SCMBlockDeletingService (SCMBlockDeletingService.java:call(155)) - Scanned deleted blocks log and got 0 delTX to process.
2019-09-10 07:05:40,251 [SCMBlockDeletingService#0] DEBUG block.SCMBlockDeletingService (SCMBlockDeletingService.java:call(138)) - Running DeletedBlockTransactionScanner
2019-09-10 07:05:40,251 [SCMBlockDeletingService#0] DEBUG block.SCMBlockDeletingService (SCMBlockDeletingService.java:call(155)) - Scanned deleted blocks log and got 0 delTX to process.
2019-09-10 07:05:40,351 [SCMBlockDeletingService#0] DEBUG block.SCMBlockDeletingService (SCMBlockDeletingService.java:call(138)) - Running DeletedBlockTransactionScanner
2019-09-10 07:05:40,351 [SCMBlockDeletingService#0] DEBUG block.SCMBlockDeletingService (SCMBlockDeletingService.java:call(155)) - Scanned deleted blocks log and got 0 delTX to process.
2019-09-10 07:05:40,452 [SCMBlockDeletingService#0] DEBUG block.SCMBlockDeletingService (SCMBlockDeletingService.java:call(138)) - Running DeletedBlockTransactionScanner
2019-09-10 07:05:40,452 [SCMBlockDeletingService#0] DEBUG block.SCMBlockDeletingService (SCMBlockDeletingService.java:call(155)) - Scanned deleted blocks log and got 0 delTX to process.
2019-09-10 07:05:40,553 [SCMBlockDeletingService#0] DEBUG block.SCMBlockDeletingService (SCMBlockDeletingService.java:call(138)) - Running DeletedBlockTransactionScanner
2019-09-10 07:05:40,553 [SCMBlockDeletingService#0] DEBUG block.SCMBlockDeletingService (SCMBlockDeletingService.java:call(155)) - Scanned deleted blocks log and got 0 delTX to process.
2019-09-10 07:05:40,653 [SCMBlockDeletingService#0] DEBUG block.SCMBlockDeletingService (SCMBlockDeletingService.java:call(138)) - Running DeletedBlockTransactionScanner
2019-09-10 07:05:40,654 [SCMBlockDeletingService#0] DEBUG block.SCMBlockDeletingService (SCMBlockDeletingService.java:call(155)) - Scanned deleted blocks log and got 0 delTX to process.
2019-09-10 07:05:40,754 [SCMBlockDeletingService#0] DEBUG block.SCMBlockDeletingService (SCMBlockDeletingService.java:call(138)) - Running DeletedBlockTransactionScanner
2019-09-10 07:05:40,754 [SCMBlockDeletingService#0] DEBUG block.SCMBlockDeletingService (SCMBlockDeletingService.java:call(155)) - Scanned deleted blocks log and got 0 delTX to process.
2019-09-10 07:05:40,855 [SCMBlockDeletingService#0] DEBUG block.SCMBlockDeletingService (SCMBlockDeletingService.java:call(138)) - Running DeletedBlockTransactionScanner
2019-09-10 07:05:40,855 [SCMBlockDeletingService#0] DEBUG block.SCMBlockDeletingService (SCMBlockDeletingService.java:call(155)) - Scanned deleted blocks log and got 0 delTX to process.
2019-09-10 07:05:40,956 [SCMBlockDeletingService#0] DEBUG block.SCMBlockDeletingService (SCMBlockDeletingService.java:call(138)) - Running DeletedBlockTransactionScanner
2019-09-10 07:05:40,956 [SCMBlockDeletingService#0] DEBUG block.SCMBlockDeletingService (SCMBlockDeletingService.java:call(155)) - Scanned deleted blocks log and got 0 delTX to process.
2019-09-10 07:05:41,056 [SCMBlockDeletingService#0] DEBUG block.SCMBlockDeletingService (SCMBlockDeletingService.java:call(138)) - Running DeletedBlockTransactionScanner
2019-09-10 07:05:41,057 [SCMBlockDeletingService#0] DEBUG block.SCMBlockDeletingService (SCMBlockDeletingService.java:call(155)) - Scanned deleted blocks log and got 0 delTX to process.
2019-09-10 07:05:41,157 [SCMBlockDeletingService#0] DEBUG block.SCMBlockDeletingService (SCMBlockDeletingService.java:call(138)) - Running DeletedBlockTransactionScanner
2019-09-10 07:05:41,157 [SCMBlockDeletingService#0] DEBUG block.SCMBlockDeletingService (SCMBlockDeletingService.java:call(155)) - Scanned deleted blocks log and got 0 delTX to process.
2019-09-10 07:05:41,258 [SCMBlockDeletingService#0] DEBUG block.SCMBlockDeletingService (SCMBlockDeletingService.java:call(138)) - Running DeletedBlockTransactionScanner
2019-09-10 07:05:41,258 [SCMBlockDeletingService#0] DEBUG block.SCMBlockDeletingService (SCMBlockDeletingService.java:call(155)) - Scanned deleted blocks log and got 0 delTX to process.
2019-09-10 07:05:41,358 [SCMBlockDeletingService#0] DEBUG block.SCMBlockDeletingService (SCMBlockDeletingService.java:call(138)) - Running DeletedBlockTransactionScanner
2019-09-10 07:05:41,359 [SCMBlockDeletingService#0] DEBUG block.SCMBlockDeletingService (SCMBlockDeletingService.java:call(155)) - Scanned deleted blocks log and got 0 delTX to process.
2019-09-10 07:05:41,459 [SCMBlockDeletingService#0] DEBUG block.SCMBlockDeletingService (SCMBlockDeletingService.java:call(138)) - Running DeletedBlockTransactionScanner
2019-09-10 07:05:41,459 [SCMBlockDeletingService#0] DEBUG block.SCMBlockDeletingService (SCMBlockDeletingService.java:call(155)) - Scanned deleted blocks log and got 0 delTX to process.
2019-09-10 07:05:41,560 [SCMBlockDeletingService#0] DEBUG block.SCMBlockDeletingService (SCMBlockDeletingService.java:call(138)) - Running DeletedBlockTransactionScanner
2019-09-10 07:05:41,560 [SCMBlockDeletingService#0] DEBUG block.SCMBlockDeletingService (SCMBlockDeletingService.java:call(155)) - Scanned deleted blocks log and got 0 delTX to process.
2019-09-10 07:05:41,660 [SCMBlockDeletingService#0] DEBUG block.SCMBlockDeletingService (SCMBlockDeletingService.java:call(138)) - Running DeletedBlockTransactionScanner
2019-09-10 07:05:41,661 [SCMBlockDeletingService#0] DEBUG block.SCMBlockDeletingService (SCMBlockDeletingService.java:call(155)) - Scanned deleted blocks log and got 0 delTX to process.
2019-09-10 07:05:41,761 [SCMBlockDeletingService#0] DEBUG block.SCMBlockDeletingService (SCMBlockDeletingService.java:call(138)) - Running DeletedBlockTransactionScanner
2019-09-10 07:05:41,761 [SCMBlockDeletingService#0] DEBUG block.SCMBlockDeletingService (SCMBlockDeletingService.java:call(155)) - Scanned deleted blocks log and got 0 delTX to process.
2019-09-10 07:05:41,862 [SCMBlockDeletingService#0] DEBUG block.SCMBlockDeletingService (SCMBlockDeletingService.java:call(138)) - Running DeletedBlockTransactionScanner
2019-09-10 07:05:41,862 [SCMBlockDeletingService#0] DEBUG block.SCMBlockDeletingService (SCMBlockDeletingService.java:call(155)) - Scanned deleted blocks log and got 0 delTX to process.
2019-09-10 07:05:41,962 [SCMBlockDeletingService#0] DEBUG block.SCMBlockDeletingService (SCMBlockDeletingService.java:call(138)) - Running DeletedBlockTransactionScanner
2019-09-10 07:05:41,962 [SCMBlockDeletingService#0] DEBUG block.SCMBlockDeletingService (SCMBlockDeletingService.java:call(155)) - Scanned deleted blocks log and got 0 delTX to process.
2019-09-10 07:05:42,063 [SCMBlockDeletingService#0] DEBUG block.SCMBlockDeletingService (SCMBlockDeletingService.java:call(138)) - Running DeletedBlockTransactionScanner
2019-09-10 07:05:42,063 [SCMBlockDeletingService#0] DEBUG block.SCMBlockDeletingService (SCMBlockDeletingService.java:call(155)) - Scanned deleted blocks log and got 0 delTX to process.
2019-09-10 07:05:42,080 [05f13708-5e6e-4ea1-a525-a3c8f7f54426@group-34B10843FE54-SegmentedRaftLogWorker] WARN  segmented.SegmentedRaftLogWorker (SegmentedRaftLogWorker.java:getFromFuture(90)) - Timeout 14/~
org.apache.ratis.protocol.TimeoutIOException: Timeout 10s: WriteLog:16: (t:1, i:16), STATEMACHINELOGENTRY, client-7F424F215E90, cid=11-writeStateMachineData
	at org.apache.ratis.util.IOUtils.getFromFuture(IOUtils.java:87)
	at org.apache.ratis.server.raftlog.segmented.SegmentedRaftLogWorker$StateMachineDataPolicy.getFromFuture(SegmentedRaftLogWorker.java:87)
	at org.apache.ratis.server.raftlog.segmented.SegmentedRaftLogWorker$WriteLog.execute(SegmentedRaftLogWorker.java:477)
	at org.apache.ratis.server.raftlog.segmented.SegmentedRaftLogWorker.run(SegmentedRaftLogWorker.java:289)
	at java.lang.Thread.run(Thread.java:748)
Caused by: java.util.concurrent.TimeoutException
	at java.util.concurrent.CompletableFuture.timedGet(CompletableFuture.java:1771)
	at java.util.concurrent.CompletableFuture.get(CompletableFuture.java:1915)
	at org.apache.ratis.util.IOUtils.getFromFuture(IOUtils.java:79)
	... 4 more
2019-09-10 07:05:42,163 [SCMBlockDeletingService#0] DEBUG block.SCMBlockDeletingService (SCMBlockDeletingService.java:call(138)) - Running DeletedBlockTransactionScanner
2019-09-10 07:05:42,164 [SCMBlockDeletingService#0] DEBUG block.SCMBlockDeletingService (SCMBlockDeletingService.java:call(155)) - Scanned deleted blocks log and got 0 delTX to process.
2019-09-10 07:05:42,264 [SCMBlockDeletingService#0] DEBUG block.SCMBlockDeletingService (SCMBlockDeletingService.java:call(138)) - Running DeletedBlockTransactionScanner
2019-09-10 07:05:42,264 [SCMBlockDeletingService#0] DEBUG block.SCMBlockDeletingService (SCMBlockDeletingService.java:call(155)) - Scanned deleted blocks log and got 0 delTX to process.
2019-09-10 07:05:42,365 [SCMBlockDeletingService#0] DEBUG block.SCMBlockDeletingService (SCMBlockDeletingService.java:call(138)) - Running DeletedBlockTransactionScanner
2019-09-10 07:05:42,365 [SCMBlockDeletingService#0] DEBUG block.SCMBlockDeletingService (SCMBlockDeletingService.java:call(155)) - Scanned deleted blocks log and got 0 delTX to process.
2019-09-10 07:05:42,465 [SCMBlockDeletingService#0] DEBUG block.SCMBlockDeletingService (SCMBlockDeletingService.java:call(138)) - Running DeletedBlockTransactionScanner
2019-09-10 07:05:42,466 [SCMBlockDeletingService#0] DEBUG block.SCMBlockDeletingService (SCMBlockDeletingService.java:call(155)) - Scanned deleted blocks log and got 0 delTX to process.
2019-09-10 07:05:42,566 [SCMBlockDeletingService#0] DEBUG block.SCMBlockDeletingService (SCMBlockDeletingService.java:call(138)) - Running DeletedBlockTransactionScanner
2019-09-10 07:05:42,566 [SCMBlockDeletingService#0] DEBUG block.SCMBlockDeletingService (SCMBlockDeletingService.java:call(155)) - Scanned deleted blocks log and got 0 delTX to process.
2019-09-10 07:05:42,667 [SCMBlockDeletingService#0] DEBUG block.SCMBlockDeletingService (SCMBlockDeletingService.java:call(138)) - Running DeletedBlockTransactionScanner
2019-09-10 07:05:42,667 [SCMBlockDeletingService#0] DEBUG block.SCMBlockDeletingService (SCMBlockDeletingService.java:call(155)) - Scanned deleted blocks log and got 0 delTX to process.
2019-09-10 07:05:42,767 [SCMBlockDeletingService#0] DEBUG block.SCMBlockDeletingService (SCMBlockDeletingService.java:call(138)) - Running DeletedBlockTransactionScanner
2019-09-10 07:05:42,767 [SCMBlockDeletingService#0] DEBUG block.SCMBlockDeletingService (SCMBlockDeletingService.java:call(155)) - Scanned deleted blocks log and got 0 delTX to process.
2019-09-10 07:05:42,868 [SCMBlockDeletingService#0] DEBUG block.SCMBlockDeletingService (SCMBlockDeletingService.java:call(138)) - Running DeletedBlockTransactionScanner
2019-09-10 07:05:42,868 [SCMBlockDeletingService#0] DEBUG block.SCMBlockDeletingService (SCMBlockDeletingService.java:call(155)) - Scanned deleted blocks log and got 0 delTX to process.
2019-09-10 07:05:42,968 [SCMBlockDeletingService#0] DEBUG block.SCMBlockDeletingService (SCMBlockDeletingService.java:call(138)) - Running DeletedBlockTransactionScanner
2019-09-10 07:05:42,969 [SCMBlockDeletingService#0] DEBUG block.SCMBlockDeletingService (SCMBlockDeletingService.java:call(155)) - Scanned deleted blocks log and got 0 delTX to process.
2019-09-10 07:05:43,069 [SCMBlockDeletingService#0] DEBUG block.SCMBlockDeletingService (SCMBlockDeletingService.java:call(138)) - Running DeletedBlockTransactionScanner
2019-09-10 07:05:43,070 [SCMBlockDeletingService#0] DEBUG block.SCMBlockDeletingService (SCMBlockDeletingService.java:call(155)) - Scanned deleted blocks log and got 0 delTX to process.
2019-09-10 07:05:43,170 [SCMBlockDeletingService#0] DEBUG block.SCMBlockDeletingService (SCMBlockDeletingService.java:call(138)) - Running DeletedBlockTransactionScanner
2019-09-10 07:05:43,170 [SCMBlockDeletingService#0] DEBUG block.SCMBlockDeletingService (SCMBlockDeletingService.java:call(155)) - Scanned deleted blocks log and got 0 delTX to process.
2019-09-10 07:05:43,271 [SCMBlockDeletingService#0] DEBUG block.SCMBlockDeletingService (SCMBlockDeletingService.java:call(138)) - Running DeletedBlockTransactionScanner
2019-09-10 07:05:43,271 [SCMBlockDeletingService#0] DEBUG block.SCMBlockDeletingService (SCMBlockDeletingService.java:call(155)) - Scanned deleted blocks log and got 0 delTX to process.
2019-09-10 07:05:43,371 [SCMBlockDeletingService#0] DEBUG block.SCMBlockDeletingService (SCMBlockDeletingService.java:call(138)) - Running DeletedBlockTransactionScanner
2019-09-10 07:05:43,372 [SCMBlockDeletingService#0] DEBUG block.SCMBlockDeletingService (SCMBlockDeletingService.java:call(155)) - Scanned deleted blocks log and got 0 delTX to process.
2019-09-10 07:05:43,472 [SCMBlockDeletingService#0] DEBUG block.SCMBlockDeletingService (SCMBlockDeletingService.java:call(138)) - Running DeletedBlockTransactionScanner
2019-09-10 07:05:43,472 [SCMBlockDeletingService#0] DEBUG block.SCMBlockDeletingService (SCMBlockDeletingService.java:call(155)) - Scanned deleted blocks log and got 0 delTX to process.
2019-09-10 07:05:43,572 [SCMBlockDeletingService#0] DEBUG block.SCMBlockDeletingService (SCMBlockDeletingService.java:call(138)) - Running DeletedBlockTransactionScanner
2019-09-10 07:05:43,573 [SCMBlockDeletingService#0] DEBUG block.SCMBlockDeletingService (SCMBlockDeletingService.java:call(155)) - Scanned deleted blocks log and got 0 delTX to process.
2019-09-10 07:05:43,673 [SCMBlockDeletingService#0] DEBUG block.SCMBlockDeletingService (SCMBlockDeletingService.java:call(138)) - Running DeletedBlockTransactionScanner
2019-09-10 07:05:43,673 [SCMBlockDeletingService#0] DEBUG block.SCMBlockDeletingService (SCMBlockDeletingService.java:call(155)) - Scanned deleted blocks log and got 0 delTX to process.
2019-09-10 07:05:43,774 [SCMBlockDeletingService#1] DEBUG block.SCMBlockDeletingService (SCMBlockDeletingService.java:call(138)) - Running DeletedBlockTransactionScanner
2019-09-10 07:05:43,774 [SCMBlockDeletingService#1] DEBUG block.SCMBlockDeletingService (SCMBlockDeletingService.java:call(155)) - Scanned deleted blocks log and got 0 delTX to process.
2019-09-10 07:05:43,874 [SCMBlockDeletingService#1] DEBUG block.SCMBlockDeletingService (SCMBlockDeletingService.java:call(138)) - Running DeletedBlockTransactionScanner
2019-09-10 07:05:43,874 [SCMBlockDeletingService#1] DEBUG block.SCMBlockDeletingService (SCMBlockDeletingService.java:call(155)) - Scanned deleted blocks log and got 0 delTX to process.
2019-09-10 07:05:43,975 [SCMBlockDeletingService#1] DEBUG block.SCMBlockDeletingService (SCMBlockDeletingService.java:call(138)) - Running DeletedBlockTransactionScanner
2019-09-10 07:05:43,975 [SCMBlockDeletingService#1] DEBUG block.SCMBlockDeletingService (SCMBlockDeletingService.java:call(155)) - Scanned deleted blocks log and got 0 delTX to process.
2019-09-10 07:05:44,075 [SCMBlockDeletingService#1] DEBUG block.SCMBlockDeletingService (SCMBlockDeletingService.java:call(138)) - Running DeletedBlockTransactionScanner
2019-09-10 07:05:44,076 [SCMBlockDeletingService#1] DEBUG block.SCMBlockDeletingService (SCMBlockDeletingService.java:call(155)) - Scanned deleted blocks log and got 0 delTX to process.
2019-09-10 07:05:44,176 [SCMBlockDeletingService#0] DEBUG block.SCMBlockDeletingService (SCMBlockDeletingService.java:call(138)) - Running DeletedBlockTransactionScanner
2019-09-10 07:05:44,176 [SCMBlockDeletingService#0] DEBUG block.SCMBlockDeletingService (SCMBlockDeletingService.java:call(155)) - Scanned deleted blocks log and got 0 delTX to process.
2019-09-10 07:05:44,277 [SCMBlockDeletingService#0] DEBUG block.SCMBlockDeletingService (SCMBlockDeletingService.java:call(138)) - Running DeletedBlockTransactionScanner
2019-09-10 07:05:44,277 [SCMBlockDeletingService#0] DEBUG block.SCMBlockDeletingService (SCMBlockDeletingService.java:call(155)) - Scanned deleted blocks log and got 0 delTX to process.
2019-09-10 07:05:44,377 [SCMBlockDeletingService#0] DEBUG block.SCMBlockDeletingService (SCMBlockDeletingService.java:call(138)) - Running DeletedBlockTransactionScanner
2019-09-10 07:05:44,377 [SCMBlockDeletingService#0] DEBUG block.SCMBlockDeletingService (SCMBlockDeletingService.java:call(155)) - Scanned deleted blocks log and got 0 delTX to process.
2019-09-10 07:05:44,478 [SCMBlockDeletingService#0] DEBUG block.SCMBlockDeletingService (SCMBlockDeletingService.java:call(138)) - Running DeletedBlockTransactionScanner
2019-09-10 07:05:44,478 [SCMBlockDeletingService#0] DEBUG block.SCMBlockDeletingService (SCMBlockDeletingService.java:call(155)) - Scanned deleted blocks log and got 0 delTX to process.
2019-09-10 07:05:44,579 [SCMBlockDeletingService#0] DEBUG block.SCMBlockDeletingService (SCMBlockDeletingService.java:call(138)) - Running DeletedBlockTransactionScanner
2019-09-10 07:05:44,579 [SCMBlockDeletingService#0] DEBUG block.SCMBlockDeletingService (SCMBlockDeletingService.java:call(155)) - Scanned deleted blocks log and got 0 delTX to process.
2019-09-10 07:05:44,679 [SCMBlockDeletingService#0] DEBUG block.SCMBlockDeletingService (SCMBlockDeletingService.java:call(138)) - Running DeletedBlockTransactionScanner
2019-09-10 07:05:44,680 [SCMBlockDeletingService#0] DEBUG block.SCMBlockDeletingService (SCMBlockDeletingService.java:call(155)) - Scanned deleted blocks log and got 0 delTX to process.
2019-09-10 07:05:44,780 [SCMBlockDeletingService#0] DEBUG block.SCMBlockDeletingService (SCMBlockDeletingService.java:call(138)) - Running DeletedBlockTransactionScanner
2019-09-10 07:05:44,780 [SCMBlockDeletingService#0] DEBUG block.SCMBlockDeletingService (SCMBlockDeletingService.java:call(155)) - Scanned deleted blocks log and got 0 delTX to process.
2019-09-10 07:05:44,880 [SCMBlockDeletingService#0] DEBUG block.SCMBlockDeletingService (SCMBlockDeletingService.java:call(138)) - Running DeletedBlockTransactionScanner
2019-09-10 07:05:44,881 [SCMBlockDeletingService#0] DEBUG block.SCMBlockDeletingService (SCMBlockDeletingService.java:call(155)) - Scanned deleted blocks log and got 0 delTX to process.
2019-09-10 07:05:44,981 [SCMBlockDeletingService#0] DEBUG block.SCMBlockDeletingService (SCMBlockDeletingService.java:call(138)) - Running DeletedBlockTransactionScanner
2019-09-10 07:05:44,981 [SCMBlockDeletingService#0] DEBUG block.SCMBlockDeletingService (SCMBlockDeletingService.java:call(155)) - Scanned deleted blocks log and got 0 delTX to process.
2019-09-10 07:05:45,082 [SCMBlockDeletingService#0] DEBUG block.SCMBlockDeletingService (SCMBlockDeletingService.java:call(138)) - Running DeletedBlockTransactionScanner
2019-09-10 07:05:45,082 [SCMBlockDeletingService#0] DEBUG block.SCMBlockDeletingService (SCMBlockDeletingService.java:call(155)) - Scanned deleted blocks log and got 0 delTX to process.
2019-09-10 07:05:45,183 [SCMBlockDeletingService#0] DEBUG block.SCMBlockDeletingService (SCMBlockDeletingService.java:call(138)) - Running DeletedBlockTransactionScanner
2019-09-10 07:05:45,183 [SCMBlockDeletingService#0] DEBUG block.SCMBlockDeletingService (SCMBlockDeletingService.java:call(155)) - Scanned deleted blocks log and got 0 delTX to process.
2019-09-10 07:05:45,284 [SCMBlockDeletingService#0] DEBUG block.SCMBlockDeletingService (SCMBlockDeletingService.java:call(138)) - Running DeletedBlockTransactionScanner
2019-09-10 07:05:45,284 [SCMBlockDeletingService#0] DEBUG block.SCMBlockDeletingService (SCMBlockDeletingService.java:call(155)) - Scanned deleted blocks log and got 0 delTX to process.
2019-09-10 07:05:45,384 [SCMBlockDeletingService#0] DEBUG block.SCMBlockDeletingService (SCMBlockDeletingService.java:call(138)) - Running DeletedBlockTransactionScanner
2019-09-10 07:05:45,385 [SCMBlockDeletingService#0] DEBUG block.SCMBlockDeletingService (SCMBlockDeletingService.java:call(155)) - Scanned deleted blocks log and got 0 delTX to process.
2019-09-10 07:05:45,485 [SCMBlockDeletingService#0] DEBUG block.SCMBlockDeletingService (SCMBlockDeletingService.java:call(138)) - Running DeletedBlockTransactionScanner
2019-09-10 07:05:45,485 [SCMBlockDeletingService#0] DEBUG block.SCMBlockDeletingService (SCMBlockDeletingService.java:call(155)) - Scanned deleted blocks log and got 0 delTX to process.
2019-09-10 07:05:45,586 [SCMBlockDeletingService#0] DEBUG block.SCMBlockDeletingService (SCMBlockDeletingService.java:call(138)) - Running DeletedBlockTransactionScanner
2019-09-10 07:05:45,586 [SCMBlockDeletingService#0] DEBUG block.SCMBlockDeletingService (SCMBlockDeletingService.java:call(155)) - Scanned deleted blocks log and got 0 delTX to process.
2019-09-10 07:05:45,687 [SCMBlockDeletingService#0] DEBUG block.SCMBlockDeletingService (SCMBlockDeletingService.java:call(138)) - Running DeletedBlockTransactionScanner
2019-09-10 07:05:45,687 [SCMBlockDeletingService#0] DEBUG block.SCMBlockDeletingService (SCMBlockDeletingService.java:call(155)) - Scanned deleted blocks log and got 0 delTX to process.
2019-09-10 07:05:45,788 [SCMBlockDeletingService#0] DEBUG block.SCMBlockDeletingService (SCMBlockDeletingService.java:call(138)) - Running DeletedBlockTransactionScanner
2019-09-10 07:05:45,788 [SCMBlockDeletingService#0] DEBUG block.SCMBlockDeletingService (SCMBlockDeletingService.java:call(155)) - Scanned deleted blocks log and got 0 delTX to process.
2019-09-10 07:05:45,888 [SCMBlockDeletingService#0] DEBUG block.SCMBlockDeletingService (SCMBlockDeletingService.java:call(138)) - Running DeletedBlockTransactionScanner
2019-09-10 07:05:45,888 [SCMBlockDeletingService#0] DEBUG block.SCMBlockDeletingService (SCMBlockDeletingService.java:call(155)) - Scanned deleted blocks log and got 0 delTX to process.
2019-09-10 07:05:45,989 [SCMBlockDeletingService#0] DEBUG block.SCMBlockDeletingService (SCMBlockDeletingService.java:call(138)) - Running DeletedBlockTransactionScanner
2019-09-10 07:05:45,989 [SCMBlockDeletingService#0] DEBUG block.SCMBlockDeletingService (SCMBlockDeletingService.java:call(155)) - Scanned deleted blocks log and got 0 delTX to process.
2019-09-10 07:05:46,089 [SCMBlockDeletingService#0] DEBUG block.SCMBlockDeletingService (SCMBlockDeletingService.java:call(138)) - Running DeletedBlockTransactionScanner
2019-09-10 07:05:46,090 [SCMBlockDeletingService#0] DEBUG block.SCMBlockDeletingService (SCMBlockDeletingService.java:call(155)) - Scanned deleted blocks log and got 0 delTX to process.
2019-09-10 07:05:46,190 [SCMBlockDeletingService#0] DEBUG block.SCMBlockDeletingService (SCMBlockDeletingService.java:call(138)) - Running DeletedBlockTransactionScanner
2019-09-10 07:05:46,190 [SCMBlockDeletingService#0] DEBUG block.SCMBlockDeletingService (SCMBlockDeletingService.java:call(155)) - Scanned deleted blocks log and got 0 delTX to process.
2019-09-10 07:05:46,291 [SCMBlockDeletingService#1] DEBUG block.SCMBlockDeletingService (SCMBlockDeletingService.java:call(138)) - Running DeletedBlockTransactionScanner
2019-09-10 07:05:46,291 [SCMBlockDeletingService#1] DEBUG block.SCMBlockDeletingService (SCMBlockDeletingService.java:call(155)) - Scanned deleted blocks log and got 0 delTX to process.
2019-09-10 07:05:46,392 [SCMBlockDeletingService#1] DEBUG block.SCMBlockDeletingService (SCMBlockDeletingService.java:call(138)) - Running DeletedBlockTransactionScanner
2019-09-10 07:05:46,392 [SCMBlockDeletingService#1] DEBUG block.SCMBlockDeletingService (SCMBlockDeletingService.java:call(155)) - Scanned deleted blocks log and got 0 delTX to process.
2019-09-10 07:05:46,492 [SCMBlockDeletingService#1] DEBUG block.SCMBlockDeletingService (SCMBlockDeletingService.java:call(138)) - Running DeletedBlockTransactionScanner
2019-09-10 07:05:46,492 [SCMBlockDeletingService#1] DEBUG block.SCMBlockDeletingService (SCMBlockDeletingService.java:call(155)) - Scanned deleted blocks log and got 0 delTX to process.
2019-09-10 07:05:46,593 [SCMBlockDeletingService#1] DEBUG block.SCMBlockDeletingService (SCMBlockDeletingService.java:call(138)) - Running DeletedBlockTransactionScanner
2019-09-10 07:05:46,593 [SCMBlockDeletingService#1] DEBUG block.SCMBlockDeletingService (SCMBlockDeletingService.java:call(155)) - Scanned deleted blocks log and got 0 delTX to process.
2019-09-10 07:05:46,693 [SCMBlockDeletingService#1] DEBUG block.SCMBlockDeletingService (SCMBlockDeletingService.java:call(138)) - Running DeletedBlockTransactionScanner
2019-09-10 07:05:46,694 [SCMBlockDeletingService#1] DEBUG block.SCMBlockDeletingService (SCMBlockDeletingService.java:call(155)) - Scanned deleted blocks log and got 0 delTX to process.
2019-09-10 07:05:46,794 [SCMBlockDeletingService#1] DEBUG block.SCMBlockDeletingService (SCMBlockDeletingService.java:call(138)) - Running DeletedBlockTransactionScanner
2019-09-10 07:05:46,794 [SCMBlockDeletingService#1] DEBUG block.SCMBlockDeletingService (SCMBlockDeletingService.java:call(155)) - Scanned deleted blocks log and got 0 delTX to process.
2019-09-10 07:05:46,895 [SCMBlockDeletingService#1] DEBUG block.SCMBlockDeletingService (SCMBlockDeletingService.java:call(138)) - Running DeletedBlockTransactionScanner
2019-09-10 07:05:46,895 [SCMBlockDeletingService#1] DEBUG block.SCMBlockDeletingService (SCMBlockDeletingService.java:call(155)) - Scanned deleted blocks log and got 0 delTX to process.
2019-09-10 07:05:46,995 [SCMBlockDeletingService#1] DEBUG block.SCMBlockDeletingService (SCMBlockDeletingService.java:call(138)) - Running DeletedBlockTransactionScanner
2019-09-10 07:05:46,995 [SCMBlockDeletingService#1] DEBUG block.SCMBlockDeletingService (SCMBlockDeletingService.java:call(155)) - Scanned deleted blocks log and got 0 delTX to process.
2019-09-10 07:05:47,097 [SCMBlockDeletingService#1] DEBUG block.SCMBlockDeletingService (SCMBlockDeletingService.java:call(138)) - Running DeletedBlockTransactionScanner
2019-09-10 07:05:47,098 [SCMBlockDeletingService#1] DEBUG block.SCMBlockDeletingService (SCMBlockDeletingService.java:call(155)) - Scanned deleted blocks log and got 0 delTX to process.
2019-09-10 07:05:47,198 [SCMBlockDeletingService#1] DEBUG block.SCMBlockDeletingService (SCMBlockDeletingService.java:call(138)) - Running DeletedBlockTransactionScanner
2019-09-10 07:05:47,199 [SCMBlockDeletingService#1] DEBUG block.SCMBlockDeletingService (SCMBlockDeletingService.java:call(155)) - Scanned deleted blocks log and got 0 delTX to process.
2019-09-10 07:05:47,299 [SCMBlockDeletingService#1] DEBUG block.SCMBlockDeletingService (SCMBlockDeletingService.java:call(138)) - Running DeletedBlockTransactionScanner
2019-09-10 07:05:47,300 [SCMBlockDeletingService#1] DEBUG block.SCMBlockDeletingService (SCMBlockDeletingService.java:call(155)) - Scanned deleted blocks log and got 0 delTX to process.
2019-09-10 07:05:47,400 [SCMBlockDeletingService#1] DEBUG block.SCMBlockDeletingService (SCMBlockDeletingService.java:call(138)) - Running DeletedBlockTransactionScanner
2019-09-10 07:05:47,401 [SCMBlockDeletingService#1] DEBUG block.SCMBlockDeletingService (SCMBlockDeletingService.java:call(155)) - Scanned deleted blocks log and got 0 delTX to process.
2019-09-10 07:05:47,501 [SCMBlockDeletingService#1] DEBUG block.SCMBlockDeletingService (SCMBlockDeletingService.java:call(138)) - Running DeletedBlockTransactionScanner
2019-09-10 07:05:47,501 [SCMBlockDeletingService#1] DEBUG block.SCMBlockDeletingService (SCMBlockDeletingService.java:call(155)) - Scanned deleted blocks log and got 0 delTX to process.
2019-09-10 07:05:47,602 [SCMBlockDeletingService#1] DEBUG block.SCMBlockDeletingService (SCMBlockDeletingService.java:call(138)) - Running DeletedBlockTransactionScanner
2019-09-10 07:05:47,602 [SCMBlockDeletingService#1] DEBUG block.SCMBlockDeletingService (SCMBlockDeletingService.java:call(155)) - Scanned deleted blocks log and got 0 delTX to process.
2019-09-10 07:05:47,702 [SCMBlockDeletingService#0] DEBUG block.SCMBlockDeletingService (SCMBlockDeletingService.java:call(138)) - Running DeletedBlockTransactionScanner
2019-09-10 07:05:47,703 [SCMBlockDeletingService#0] DEBUG block.SCMBlockDeletingService (SCMBlockDeletingService.java:call(155)) - Scanned deleted blocks log and got 0 delTX to process.
2019-09-10 07:05:47,803 [SCMBlockDeletingService#0] DEBUG block.SCMBlockDeletingService (SCMBlockDeletingService.java:call(138)) - Running DeletedBlockTransactionScanner
2019-09-10 07:05:47,803 [SCMBlockDeletingService#0] DEBUG block.SCMBlockDeletingService (SCMBlockDeletingService.java:call(155)) - Scanned deleted blocks log and got 0 delTX to process.
2019-09-10 07:05:47,904 [SCMBlockDeletingService#0] DEBUG block.SCMBlockDeletingService (SCMBlockDeletingService.java:call(138)) - Running DeletedBlockTransactionScanner
2019-09-10 07:05:47,904 [SCMBlockDeletingService#0] DEBUG block.SCMBlockDeletingService (SCMBlockDeletingService.java:call(155)) - Scanned deleted blocks log and got 0 delTX to process.
2019-09-10 07:05:48,004 [SCMBlockDeletingService#0] DEBUG block.SCMBlockDeletingService (SCMBlockDeletingService.java:call(138)) - Running DeletedBlockTransactionScanner
2019-09-10 07:05:48,005 [SCMBlockDeletingService#0] DEBUG block.SCMBlockDeletingService (SCMBlockDeletingService.java:call(155)) - Scanned deleted blocks log and got 0 delTX to process.
2019-09-10 07:05:48,105 [SCMBlockDeletingService#0] DEBUG block.SCMBlockDeletingService (SCMBlockDeletingService.java:call(138)) - Running DeletedBlockTransactionScanner
2019-09-10 07:05:48,106 [SCMBlockDeletingService#0] DEBUG block.SCMBlockDeletingService (SCMBlockDeletingService.java:call(155)) - Scanned deleted blocks log and got 0 delTX to process.
2019-09-10 07:05:48,206 [SCMBlockDeletingService#0] DEBUG block.SCMBlockDeletingService (SCMBlockDeletingService.java:call(138)) - Running DeletedBlockTransactionScanner
2019-09-10 07:05:48,206 [SCMBlockDeletingService#0] DEBUG block.SCMBlockDeletingService (SCMBlockDeletingService.java:call(155)) - Scanned deleted blocks log and got 0 delTX to process.
2019-09-10 07:05:48,307 [SCMBlockDeletingService#0] DEBUG block.SCMBlockDeletingService (SCMBlockDeletingService.java:call(138)) - Running DeletedBlockTransactionScanner
2019-09-10 07:05:48,307 [SCMBlockDeletingService#0] DEBUG block.SCMBlockDeletingService (SCMBlockDeletingService.java:call(155)) - Scanned deleted blocks log and got 0 delTX to process.
2019-09-10 07:05:48,407 [SCMBlockDeletingService#0] DEBUG block.SCMBlockDeletingService (SCMBlockDeletingService.java:call(138)) - Running DeletedBlockTransactionScanner
2019-09-10 07:05:48,408 [SCMBlockDeletingService#0] DEBUG block.SCMBlockDeletingService (SCMBlockDeletingService.java:call(155)) - Scanned deleted blocks log and got 0 delTX to process.
2019-09-10 07:05:48,508 [SCMBlockDeletingService#0] DEBUG block.SCMBlockDeletingService (SCMBlockDeletingService.java:call(138)) - Running DeletedBlockTransactionScanner
2019-09-10 07:05:48,508 [SCMBlockDeletingService#0] DEBUG block.SCMBlockDeletingService (SCMBlockDeletingService.java:call(155)) - Scanned deleted blocks log and got 0 delTX to process.
2019-09-10 07:05:48,608 [SCMBlockDeletingService#0] DEBUG block.SCMBlockDeletingService (SCMBlockDeletingService.java:call(138)) - Running DeletedBlockTransactionScanner
2019-09-10 07:05:48,609 [SCMBlockDeletingService#0] DEBUG block.SCMBlockDeletingService (SCMBlockDeletingService.java:call(155)) - Scanned deleted blocks log and got 0 delTX to process.
2019-09-10 07:05:48,709 [SCMBlockDeletingService#0] DEBUG block.SCMBlockDeletingService (SCMBlockDeletingService.java:call(138)) - Running DeletedBlockTransactionScanner
2019-09-10 07:05:48,709 [SCMBlockDeletingService#0] DEBUG block.SCMBlockDeletingService (SCMBlockDeletingService.java:call(155)) - Scanned deleted blocks log and got 0 delTX to process.
2019-09-10 07:05:48,810 [SCMBlockDeletingService#0] DEBUG block.SCMBlockDeletingService (SCMBlockDeletingService.java:call(138)) - Running DeletedBlockTransactionScanner
2019-09-10 07:05:48,810 [SCMBlockDeletingService#0] DEBUG block.SCMBlockDeletingService (SCMBlockDeletingService.java:call(155)) - Scanned deleted blocks log and got 0 delTX to process.
2019-09-10 07:05:48,910 [SCMBlockDeletingService#0] DEBUG block.SCMBlockDeletingService (SCMBlockDeletingService.java:call(138)) - Running DeletedBlockTransactionScanner
2019-09-10 07:05:48,911 [SCMBlockDeletingService#0] DEBUG block.SCMBlockDeletingService (SCMBlockDeletingService.java:call(155)) - Scanned deleted blocks log and got 0 delTX to process.
2019-09-10 07:05:49,011 [SCMBlockDeletingService#0] DEBUG block.SCMBlockDeletingService (SCMBlockDeletingService.java:call(138)) - Running DeletedBlockTransactionScanner
2019-09-10 07:05:49,011 [SCMBlockDeletingService#0] DEBUG block.SCMBlockDeletingService (SCMBlockDeletingService.java:call(155)) - Scanned deleted blocks log and got 0 delTX to process.
2019-09-10 07:05:49,112 [SCMBlockDeletingService#0] DEBUG block.SCMBlockDeletingService (SCMBlockDeletingService.java:call(138)) - Running DeletedBlockTransactionScanner
2019-09-10 07:05:49,112 [SCMBlockDeletingService#0] DEBUG block.SCMBlockDeletingService (SCMBlockDeletingService.java:call(155)) - Scanned deleted blocks log and got 0 delTX to process.
2019-09-10 07:05:49,213 [SCMBlockDeletingService#0] DEBUG block.SCMBlockDeletingService (SCMBlockDeletingService.java:call(138)) - Running DeletedBlockTransactionScanner
2019-09-10 07:05:49,213 [SCMBlockDeletingService#0] DEBUG block.SCMBlockDeletingService (SCMBlockDeletingService.java:call(155)) - Scanned deleted blocks log and got 0 delTX to process.
2019-09-10 07:05:49,313 [SCMBlockDeletingService#0] DEBUG block.SCMBlockDeletingService (SCMBlockDeletingService.java:call(138)) - Running DeletedBlockTransactionScanner
2019-09-10 07:05:49,314 [SCMBlockDeletingService#0] DEBUG block.SCMBlockDeletingService (SCMBlockDeletingService.java:call(155)) - Scanned deleted blocks log and got 0 delTX to process.
2019-09-10 07:05:49,414 [SCMBlockDeletingService#0] DEBUG block.SCMBlockDeletingService (SCMBlockDeletingService.java:call(138)) - Running DeletedBlockTransactionScanner
2019-09-10 07:05:49,414 [SCMBlockDeletingService#0] DEBUG block.SCMBlockDeletingService (SCMBlockDeletingService.java:call(155)) - Scanned deleted blocks log and got 0 delTX to process.
2019-09-10 07:05:49,514 [SCMBlockDeletingService#0] DEBUG block.SCMBlockDeletingService (SCMBlockDeletingService.java:call(138)) - Running DeletedBlockTransactionScanner
2019-09-10 07:05:49,515 [SCMBlockDeletingService#0] DEBUG block.SCMBlockDeletingService (SCMBlockDeletingService.java:call(155)) - Scanned deleted blocks log and got 0 delTX to process.
2019-09-10 07:05:49,615 [SCMBlockDeletingService#0] DEBUG block.SCMBlockDeletingService (SCMBlockDeletingService.java:call(138)) - Running DeletedBlockTransactionScanner
2019-09-10 07:05:49,615 [SCMBlockDeletingService#0] DEBUG block.SCMBlockDeletingService (SCMBlockDeletingService.java:call(155)) - Scanned deleted blocks log and got 0 delTX to process.
2019-09-10 07:05:49,716 [SCMBlockDeletingService#0] DEBUG block.SCMBlockDeletingService (SCMBlockDeletingService.java:call(138)) - Running DeletedBlockTransactionScanner
2019-09-10 07:05:49,716 [SCMBlockDeletingService#0] DEBUG block.SCMBlockDeletingService (SCMBlockDeletingService.java:call(155)) - Scanned deleted blocks log and got 0 delTX to process.
2019-09-10 07:05:49,817 [SCMBlockDeletingService#0] DEBUG block.SCMBlockDeletingService (SCMBlockDeletingService.java:call(138)) - Running DeletedBlockTransactionScanner
2019-09-10 07:05:49,817 [SCMBlockDeletingService#0] DEBUG block.SCMBlockDeletingService (SCMBlockDeletingService.java:call(155)) - Scanned deleted blocks log and got 0 delTX to process.
2019-09-10 07:05:49,917 [SCMBlockDeletingService#0] DEBUG block.SCMBlockDeletingService (SCMBlockDeletingService.java:call(138)) - Running DeletedBlockTransactionScanner
2019-09-10 07:05:49,918 [SCMBlockDeletingService#0] DEBUG block.SCMBlockDeletingService (SCMBlockDeletingService.java:call(155)) - Scanned deleted blocks log and got 0 delTX to process.
2019-09-10 07:05:50,018 [SCMBlockDeletingService#0] DEBUG block.SCMBlockDeletingService (SCMBlockDeletingService.java:call(138)) - Running DeletedBlockTransactionScanner
2019-09-10 07:05:50,019 [SCMBlockDeletingService#0] DEBUG block.SCMBlockDeletingService (SCMBlockDeletingService.java:call(155)) - Scanned deleted blocks log and got 0 delTX to process.
2019-09-10 07:05:50,120 [SCMBlockDeletingService#0] DEBUG block.SCMBlockDeletingService (SCMBlockDeletingService.java:call(138)) - Running DeletedBlockTransactionScanner
2019-09-10 07:05:50,120 [SCMBlockDeletingService#0] DEBUG block.SCMBlockDeletingService (SCMBlockDeletingService.java:call(155)) - Scanned deleted blocks log and got 0 delTX to process.
2019-09-10 07:05:50,220 [SCMBlockDeletingService#1] DEBUG block.SCMBlockDeletingService (SCMBlockDeletingService.java:call(138)) - Running DeletedBlockTransactionScanner
2019-09-10 07:05:50,221 [SCMBlockDeletingService#1] DEBUG block.SCMBlockDeletingService (SCMBlockDeletingService.java:call(155)) - Scanned deleted blocks log and got 0 delTX to process.
2019-09-10 07:05:50,321 [SCMBlockDeletingService#1] DEBUG block.SCMBlockDeletingService (SCMBlockDeletingService.java:call(138)) - Running DeletedBlockTransactionScanner
2019-09-10 07:05:50,321 [SCMBlockDeletingService#1] DEBUG block.SCMBlockDeletingService (SCMBlockDeletingService.java:call(155)) - Scanned deleted blocks log and got 0 delTX to process.
2019-09-10 07:05:50,422 [SCMBlockDeletingService#1] DEBUG block.SCMBlockDeletingService (SCMBlockDeletingService.java:call(138)) - Running DeletedBlockTransactionScanner
2019-09-10 07:05:50,422 [SCMBlockDeletingService#1] DEBUG block.SCMBlockDeletingService (SCMBlockDeletingService.java:call(155)) - Scanned deleted blocks log and got 0 delTX to process.
2019-09-10 07:05:50,522 [SCMBlockDeletingService#1] DEBUG block.SCMBlockDeletingService (SCMBlockDeletingService.java:call(138)) - Running DeletedBlockTransactionScanner
2019-09-10 07:05:50,523 [SCMBlockDeletingService#1] DEBUG block.SCMBlockDeletingService (SCMBlockDeletingService.java:call(155)) - Scanned deleted blocks log and got 0 delTX to process.
2019-09-10 07:05:50,623 [SCMBlockDeletingService#1] DEBUG block.SCMBlockDeletingService (SCMBlockDeletingService.java:call(138)) - Running DeletedBlockTransactionScanner
2019-09-10 07:05:50,623 [SCMBlockDeletingService#1] DEBUG block.SCMBlockDeletingService (SCMBlockDeletingService.java:call(155)) - Scanned deleted blocks log and got 0 delTX to process.
2019-09-10 07:05:50,724 [SCMBlockDeletingService#1] DEBUG block.SCMBlockDeletingService (SCMBlockDeletingService.java:call(138)) - Running DeletedBlockTransactionScanner
2019-09-10 07:05:50,724 [SCMBlockDeletingService#1] DEBUG block.SCMBlockDeletingService (SCMBlockDeletingService.java:call(155)) - Scanned deleted blocks log and got 0 delTX to process.
2019-09-10 07:05:50,824 [SCMBlockDeletingService#1] DEBUG block.SCMBlockDeletingService (SCMBlockDeletingService.java:call(138)) - Running DeletedBlockTransactionScanner
2019-09-10 07:05:50,825 [SCMBlockDeletingService#1] DEBUG block.SCMBlockDeletingService (SCMBlockDeletingService.java:call(155)) - Scanned deleted blocks log and got 0 delTX to process.
2019-09-10 07:05:50,925 [SCMBlockDeletingService#1] DEBUG block.SCMBlockDeletingService (SCMBlockDeletingService.java:call(138)) - Running DeletedBlockTransactionScanner
2019-09-10 07:05:50,925 [SCMBlockDeletingService#1] DEBUG block.SCMBlockDeletingService (SCMBlockDeletingService.java:call(155)) - Scanned deleted blocks log and got 0 delTX to process.
2019-09-10 07:05:51,026 [SCMBlockDeletingService#1] DEBUG block.SCMBlockDeletingService (SCMBlockDeletingService.java:call(138)) - Running DeletedBlockTransactionScanner
2019-09-10 07:05:51,026 [SCMBlockDeletingService#1] DEBUG block.SCMBlockDeletingService (SCMBlockDeletingService.java:call(155)) - Scanned deleted blocks log and got 0 delTX to process.
2019-09-10 07:05:51,126 [SCMBlockDeletingService#1] DEBUG block.SCMBlockDeletingService (SCMBlockDeletingService.java:call(138)) - Running DeletedBlockTransactionScanner
2019-09-10 07:05:51,127 [SCMBlockDeletingService#1] DEBUG block.SCMBlockDeletingService (SCMBlockDeletingService.java:call(155)) - Scanned deleted blocks log and got 0 delTX to process.
2019-09-10 07:05:51,227 [SCMBlockDeletingService#1] DEBUG block.SCMBlockDeletingService (SCMBlockDeletingService.java:call(138)) - Running DeletedBlockTransactionScanner
2019-09-10 07:05:51,228 [SCMBlockDeletingService#1] DEBUG block.SCMBlockDeletingService (SCMBlockDeletingService.java:call(155)) - Scanned deleted blocks log and got 0 delTX to process.
2019-09-10 07:05:51,328 [SCMBlockDeletingService#1] DEBUG block.SCMBlockDeletingService (SCMBlockDeletingService.java:call(138)) - Running DeletedBlockTransactionScanner
2019-09-10 07:05:51,328 [SCMBlockDeletingService#1] DEBUG block.SCMBlockDeletingService (SCMBlockDeletingService.java:call(155)) - Scanned deleted blocks log and got 0 delTX to process.
2019-09-10 07:05:51,429 [SCMBlockDeletingService#1] DEBUG block.SCMBlockDeletingService (SCMBlockDeletingService.java:call(138)) - Running DeletedBlockTransactionScanner
2019-09-10 07:05:51,429 [SCMBlockDeletingService#1] DEBUG block.SCMBlockDeletingService (SCMBlockDeletingService.java:call(155)) - Scanned deleted blocks log and got 0 delTX to process.
2019-09-10 07:05:51,529 [SCMBlockDeletingService#1] DEBUG block.SCMBlockDeletingService (SCMBlockDeletingService.java:call(138)) - Running DeletedBlockTransactionScanner
2019-09-10 07:05:51,530 [SCMBlockDeletingService#1] DEBUG block.SCMBlockDeletingService (SCMBlockDeletingService.java:call(155)) - Scanned deleted blocks log and got 0 delTX to process.
2019-09-10 07:05:51,630 [SCMBlockDeletingService#1] DEBUG block.SCMBlockDeletingService (SCMBlockDeletingService.java:call(138)) - Running DeletedBlockTransactionScanner
2019-09-10 07:05:51,630 [SCMBlockDeletingService#1] DEBUG block.SCMBlockDeletingService (SCMBlockDeletingService.java:call(155)) - Scanned deleted blocks log and got 0 delTX to process.
2019-09-10 07:05:51,731 [SCMBlockDeletingService#1] DEBUG block.SCMBlockDeletingService (SCMBlockDeletingService.java:call(138)) - Running DeletedBlockTransactionScanner
2019-09-10 07:05:51,731 [SCMBlockDeletingService#1] DEBUG block.SCMBlockDeletingService (SCMBlockDeletingService.java:call(155)) - Scanned deleted blocks log and got 0 delTX to process.
2019-09-10 07:05:51,831 [SCMBlockDeletingService#1] DEBUG block.SCMBlockDeletingService (SCMBlockDeletingService.java:call(138)) - Running DeletedBlockTransactionScanner
2019-09-10 07:05:51,832 [SCMBlockDeletingService#1] DEBUG block.SCMBlockDeletingService (SCMBlockDeletingService.java:call(155)) - Scanned deleted blocks log and got 0 delTX to process.
2019-09-10 07:05:51,932 [SCMBlockDeletingService#1] DEBUG block.SCMBlockDeletingService (SCMBlockDeletingService.java:call(138)) - Running DeletedBlockTransactionScanner
2019-09-10 07:05:51,932 [SCMBlockDeletingService#1] DEBUG block.SCMBlockDeletingService (SCMBlockDeletingService.java:call(155)) - Scanned deleted blocks log and got 0 delTX to process.
2019-09-10 07:05:52,033 [SCMBlockDeletingService#1] DEBUG block.SCMBlockDeletingService (SCMBlockDeletingService.java:call(138)) - Running DeletedBlockTransactionScanner
2019-09-10 07:05:52,033 [SCMBlockDeletingService#1] DEBUG block.SCMBlockDeletingService (SCMBlockDeletingService.java:call(155)) - Scanned deleted blocks log and got 0 delTX to process.
2019-09-10 07:05:52,082 [05f13708-5e6e-4ea1-a525-a3c8f7f54426@group-34B10843FE54-SegmentedRaftLogWorker] WARN  segmented.SegmentedRaftLogWorker (SegmentedRaftLogWorker.java:getFromFuture(90)) - Timeout 15/~
org.apache.ratis.protocol.TimeoutIOException: Timeout 10s: WriteLog:16: (t:1, i:16), STATEMACHINELOGENTRY, client-7F424F215E90, cid=11-writeStateMachineData
	at org.apache.ratis.util.IOUtils.getFromFuture(IOUtils.java:87)
	at org.apache.ratis.server.raftlog.segmented.SegmentedRaftLogWorker$StateMachineDataPolicy.getFromFuture(SegmentedRaftLogWorker.java:87)
	at org.apache.ratis.server.raftlog.segmented.SegmentedRaftLogWorker$WriteLog.execute(SegmentedRaftLogWorker.java:477)
	at org.apache.ratis.server.raftlog.segmented.SegmentedRaftLogWorker.run(SegmentedRaftLogWorker.java:289)
	at java.lang.Thread.run(Thread.java:748)
Caused by: java.util.concurrent.TimeoutException
	at java.util.concurrent.CompletableFuture.timedGet(CompletableFuture.java:1771)
	at java.util.concurrent.CompletableFuture.get(CompletableFuture.java:1915)
	at org.apache.ratis.util.IOUtils.getFromFuture(IOUtils.java:79)
	... 4 more
2019-09-10 07:05:52,133 [SCMBlockDeletingService#1] DEBUG block.SCMBlockDeletingService (SCMBlockDeletingService.java:call(138)) - Running DeletedBlockTransactionScanner
2019-09-10 07:05:52,134 [SCMBlockDeletingService#1] DEBUG block.SCMBlockDeletingService (SCMBlockDeletingService.java:call(155)) - Scanned deleted blocks log and got 0 delTX to process.
2019-09-10 07:05:52,234 [SCMBlockDeletingService#1] DEBUG block.SCMBlockDeletingService (SCMBlockDeletingService.java:call(138)) - Running DeletedBlockTransactionScanner
2019-09-10 07:05:52,234 [SCMBlockDeletingService#1] DEBUG block.SCMBlockDeletingService (SCMBlockDeletingService.java:call(155)) - Scanned deleted blocks log and got 0 delTX to process.
2019-09-10 07:05:52,335 [SCMBlockDeletingService#1] DEBUG block.SCMBlockDeletingService (SCMBlockDeletingService.java:call(138)) - Running DeletedBlockTransactionScanner
2019-09-10 07:05:52,335 [SCMBlockDeletingService#1] DEBUG block.SCMBlockDeletingService (SCMBlockDeletingService.java:call(155)) - Scanned deleted blocks log and got 0 delTX to process.
2019-09-10 07:05:52,435 [SCMBlockDeletingService#1] DEBUG block.SCMBlockDeletingService (SCMBlockDeletingService.java:call(138)) - Running DeletedBlockTransactionScanner
2019-09-10 07:05:52,436 [SCMBlockDeletingService#1] DEBUG block.SCMBlockDeletingService (SCMBlockDeletingService.java:call(155)) - Scanned deleted blocks log and got 0 delTX to process.
2019-09-10 07:05:52,536 [SCMBlockDeletingService#1] DEBUG block.SCMBlockDeletingService (SCMBlockDeletingService.java:call(138)) - Running DeletedBlockTransactionScanner
2019-09-10 07:05:52,537 [SCMBlockDeletingService#1] DEBUG block.SCMBlockDeletingService (SCMBlockDeletingService.java:call(155)) - Scanned deleted blocks log and got 0 delTX to process.
2019-09-10 07:05:52,637 [SCMBlockDeletingService#1] DEBUG block.SCMBlockDeletingService (SCMBlockDeletingService.java:call(138)) - Running DeletedBlockTransactionScanner
2019-09-10 07:05:52,637 [SCMBlockDeletingService#1] DEBUG block.SCMBlockDeletingService (SCMBlockDeletingService.java:call(155)) - Scanned deleted blocks log and got 0 delTX to process.
2019-09-10 07:05:52,738 [SCMBlockDeletingService#1] DEBUG block.SCMBlockDeletingService (SCMBlockDeletingService.java:call(138)) - Running DeletedBlockTransactionScanner
2019-09-10 07:05:52,738 [SCMBlockDeletingService#1] DEBUG block.SCMBlockDeletingService (SCMBlockDeletingService.java:call(155)) - Scanned deleted blocks log and got 0 delTX to process.
2019-09-10 07:05:52,838 [SCMBlockDeletingService#1] DEBUG block.SCMBlockDeletingService (SCMBlockDeletingService.java:call(138)) - Running DeletedBlockTransactionScanner
2019-09-10 07:05:52,839 [SCMBlockDeletingService#1] DEBUG block.SCMBlockDeletingService (SCMBlockDeletingService.java:call(155)) - Scanned deleted blocks log and got 0 delTX to process.
2019-09-10 07:05:52,939 [SCMBlockDeletingService#1] DEBUG block.SCMBlockDeletingService (SCMBlockDeletingService.java:call(138)) - Running DeletedBlockTransactionScanner
2019-09-10 07:05:52,939 [SCMBlockDeletingService#1] DEBUG block.SCMBlockDeletingService (SCMBlockDeletingService.java:call(155)) - Scanned deleted blocks log and got 0 delTX to process.
2019-09-10 07:05:53,040 [SCMBlockDeletingService#1] DEBUG block.SCMBlockDeletingService (SCMBlockDeletingService.java:call(138)) - Running DeletedBlockTransactionScanner
2019-09-10 07:05:53,040 [SCMBlockDeletingService#1] DEBUG block.SCMBlockDeletingService (SCMBlockDeletingService.java:call(155)) - Scanned deleted blocks log and got 0 delTX to process.
2019-09-10 07:05:53,140 [SCMBlockDeletingService#1] DEBUG block.SCMBlockDeletingService (SCMBlockDeletingService.java:call(138)) - Running DeletedBlockTransactionScanner
2019-09-10 07:05:53,141 [SCMBlockDeletingService#1] DEBUG block.SCMBlockDeletingService (SCMBlockDeletingService.java:call(155)) - Scanned deleted blocks log and got 0 delTX to process.
2019-09-10 07:05:53,241 [SCMBlockDeletingService#1] DEBUG block.SCMBlockDeletingService (SCMBlockDeletingService.java:call(138)) - Running DeletedBlockTransactionScanner
2019-09-10 07:05:53,241 [SCMBlockDeletingService#1] DEBUG block.SCMBlockDeletingService (SCMBlockDeletingService.java:call(155)) - Scanned deleted blocks log and got 0 delTX to process.
2019-09-10 07:05:53,342 [SCMBlockDeletingService#1] DEBUG block.SCMBlockDeletingService (SCMBlockDeletingService.java:call(138)) - Running DeletedBlockTransactionScanner
2019-09-10 07:05:53,342 [SCMBlockDeletingService#1] DEBUG block.SCMBlockDeletingService (SCMBlockDeletingService.java:call(155)) - Scanned deleted blocks log and got 0 delTX to process.
2019-09-10 07:05:53,442 [SCMBlockDeletingService#1] DEBUG block.SCMBlockDeletingService (SCMBlockDeletingService.java:call(138)) - Running DeletedBlockTransactionScanner
2019-09-10 07:05:53,442 [SCMBlockDeletingService#1] DEBUG block.SCMBlockDeletingService (SCMBlockDeletingService.java:call(155)) - Scanned deleted blocks log and got 0 delTX to process.
2019-09-10 07:05:53,543 [SCMBlockDeletingService#1] DEBUG block.SCMBlockDeletingService (SCMBlockDeletingService.java:call(138)) - Running DeletedBlockTransactionScanner
2019-09-10 07:05:53,543 [SCMBlockDeletingService#1] DEBUG block.SCMBlockDeletingService (SCMBlockDeletingService.java:call(155)) - Scanned deleted blocks log and got 0 delTX to process.
2019-09-10 07:05:53,643 [SCMBlockDeletingService#1] DEBUG block.SCMBlockDeletingService (SCMBlockDeletingService.java:call(138)) - Running DeletedBlockTransactionScanner
2019-09-10 07:05:53,643 [SCMBlockDeletingService#1] DEBUG block.SCMBlockDeletingService (SCMBlockDeletingService.java:call(155)) - Scanned deleted blocks log and got 0 delTX to process.
2019-09-10 07:05:53,743 [SCMBlockDeletingService#1] DEBUG block.SCMBlockDeletingService (SCMBlockDeletingService.java:call(138)) - Running DeletedBlockTransactionScanner
2019-09-10 07:05:53,744 [SCMBlockDeletingService#1] DEBUG block.SCMBlockDeletingService (SCMBlockDeletingService.java:call(155)) - Scanned deleted blocks log and got 0 delTX to process.
2019-09-10 07:05:53,844 [SCMBlockDeletingService#1] DEBUG block.SCMBlockDeletingService (SCMBlockDeletingService.java:call(138)) - Running DeletedBlockTransactionScanner
2019-09-10 07:05:53,844 [SCMBlockDeletingService#1] DEBUG block.SCMBlockDeletingService (SCMBlockDeletingService.java:call(155)) - Scanned deleted blocks log and got 0 delTX to process.
2019-09-10 07:05:53,944 [SCMBlockDeletingService#1] DEBUG block.SCMBlockDeletingService (SCMBlockDeletingService.java:call(138)) - Running DeletedBlockTransactionScanner
2019-09-10 07:05:53,945 [SCMBlockDeletingService#1] DEBUG block.SCMBlockDeletingService (SCMBlockDeletingService.java:call(155)) - Scanned deleted blocks log and got 0 delTX to process.
2019-09-10 07:05:54,045 [SCMBlockDeletingService#1] DEBUG block.SCMBlockDeletingService (SCMBlockDeletingService.java:call(138)) - Running DeletedBlockTransactionScanner
2019-09-10 07:05:54,045 [SCMBlockDeletingService#1] DEBUG block.SCMBlockDeletingService (SCMBlockDeletingService.java:call(155)) - Scanned deleted blocks log and got 0 delTX to process.
2019-09-10 07:05:54,146 [SCMBlockDeletingService#1] DEBUG block.SCMBlockDeletingService (SCMBlockDeletingService.java:call(138)) - Running DeletedBlockTransactionScanner
2019-09-10 07:05:54,146 [SCMBlockDeletingService#1] DEBUG block.SCMBlockDeletingService (SCMBlockDeletingService.java:call(155)) - Scanned deleted blocks log and got 0 delTX to process.
2019-09-10 07:05:54,246 [SCMBlockDeletingService#1] DEBUG block.SCMBlockDeletingService (SCMBlockDeletingService.java:call(138)) - Running DeletedBlockTransactionScanner
2019-09-10 07:05:54,247 [SCMBlockDeletingService#1] DEBUG block.SCMBlockDeletingService (SCMBlockDeletingService.java:call(155)) - Scanned deleted blocks log and got 0 delTX to process.
2019-09-10 07:05:54,347 [SCMBlockDeletingService#1] DEBUG block.SCMBlockDeletingService (SCMBlockDeletingService.java:call(138)) - Running DeletedBlockTransactionScanner
2019-09-10 07:05:54,347 [SCMBlockDeletingService#1] DEBUG block.SCMBlockDeletingService (SCMBlockDeletingService.java:call(155)) - Scanned deleted blocks log and got 0 delTX to process.
2019-09-10 07:05:54,448 [SCMBlockDeletingService#1] DEBUG block.SCMBlockDeletingService (SCMBlockDeletingService.java:call(138)) - Running DeletedBlockTransactionScanner
2019-09-10 07:05:54,448 [SCMBlockDeletingService#1] DEBUG block.SCMBlockDeletingService (SCMBlockDeletingService.java:call(155)) - Scanned deleted blocks log and got 0 delTX to process.
2019-09-10 07:05:54,549 [SCMBlockDeletingService#1] DEBUG block.SCMBlockDeletingService (SCMBlockDeletingService.java:call(138)) - Running DeletedBlockTransactionScanner
2019-09-10 07:05:54,549 [SCMBlockDeletingService#1] DEBUG block.SCMBlockDeletingService (SCMBlockDeletingService.java:call(155)) - Scanned deleted blocks log and got 0 delTX to process.
2019-09-10 07:05:54,649 [SCMBlockDeletingService#1] DEBUG block.SCMBlockDeletingService (SCMBlockDeletingService.java:call(138)) - Running DeletedBlockTransactionScanner
2019-09-10 07:05:54,649 [SCMBlockDeletingService#1] DEBUG block.SCMBlockDeletingService (SCMBlockDeletingService.java:call(155)) - Scanned deleted blocks log and got 0 delTX to process.
2019-09-10 07:05:54,750 [SCMBlockDeletingService#1] DEBUG block.SCMBlockDeletingService (SCMBlockDeletingService.java:call(138)) - Running DeletedBlockTransactionScanner
2019-09-10 07:05:54,750 [SCMBlockDeletingService#1] DEBUG block.SCMBlockDeletingService (SCMBlockDeletingService.java:call(155)) - Scanned deleted blocks log and got 0 delTX to process.
2019-09-10 07:05:54,850 [SCMBlockDeletingService#1] DEBUG block.SCMBlockDeletingService (SCMBlockDeletingService.java:call(138)) - Running DeletedBlockTransactionScanner
2019-09-10 07:05:54,851 [SCMBlockDeletingService#1] DEBUG block.SCMBlockDeletingService (SCMBlockDeletingService.java:call(155)) - Scanned deleted blocks log and got 0 delTX to process.
2019-09-10 07:05:54,951 [SCMBlockDeletingService#1] DEBUG block.SCMBlockDeletingService (SCMBlockDeletingService.java:call(138)) - Running DeletedBlockTransactionScanner
2019-09-10 07:05:54,951 [SCMBlockDeletingService#1] DEBUG block.SCMBlockDeletingService (SCMBlockDeletingService.java:call(155)) - Scanned deleted blocks log and got 0 delTX to process.
2019-09-10 07:05:55,052 [SCMBlockDeletingService#1] DEBUG block.SCMBlockDeletingService (SCMBlockDeletingService.java:call(138)) - Running DeletedBlockTransactionScanner
2019-09-10 07:05:55,052 [SCMBlockDeletingService#1] DEBUG block.SCMBlockDeletingService (SCMBlockDeletingService.java:call(155)) - Scanned deleted blocks log and got 0 delTX to process.
2019-09-10 07:05:55,152 [SCMBlockDeletingService#1] DEBUG block.SCMBlockDeletingService (SCMBlockDeletingService.java:call(138)) - Running DeletedBlockTransactionScanner
2019-09-10 07:05:55,153 [SCMBlockDeletingService#1] DEBUG block.SCMBlockDeletingService (SCMBlockDeletingService.java:call(155)) - Scanned deleted blocks log and got 0 delTX to process.
2019-09-10 07:05:55,253 [SCMBlockDeletingService#1] DEBUG block.SCMBlockDeletingService (SCMBlockDeletingService.java:call(138)) - Running DeletedBlockTransactionScanner
2019-09-10 07:05:55,253 [SCMBlockDeletingService#1] DEBUG block.SCMBlockDeletingService (SCMBlockDeletingService.java:call(155)) - Scanned deleted blocks log and got 0 delTX to process.
2019-09-10 07:05:55,354 [SCMBlockDeletingService#1] DEBUG block.SCMBlockDeletingService (SCMBlockDeletingService.java:call(138)) - Running DeletedBlockTransactionScanner
2019-09-10 07:05:55,354 [SCMBlockDeletingService#1] DEBUG block.SCMBlockDeletingService (SCMBlockDeletingService.java:call(155)) - Scanned deleted blocks log and got 0 delTX to process.
2019-09-10 07:05:55,454 [SCMBlockDeletingService#1] DEBUG block.SCMBlockDeletingService (SCMBlockDeletingService.java:call(138)) - Running DeletedBlockTransactionScanner
2019-09-10 07:05:55,455 [SCMBlockDeletingService#1] DEBUG block.SCMBlockDeletingService (SCMBlockDeletingService.java:call(155)) - Scanned deleted blocks log and got 0 delTX to process.
2019-09-10 07:05:55,555 [SCMBlockDeletingService#1] DEBUG block.SCMBlockDeletingService (SCMBlockDeletingService.java:call(138)) - Running DeletedBlockTransactionScanner
2019-09-10 07:05:55,555 [SCMBlockDeletingService#1] DEBUG block.SCMBlockDeletingService (SCMBlockDeletingService.java:call(155)) - Scanned deleted blocks log and got 0 delTX to process.
2019-09-10 07:05:55,656 [SCMBlockDeletingService#1] DEBUG block.SCMBlockDeletingService (SCMBlockDeletingService.java:call(138)) - Running DeletedBlockTransactionScanner
2019-09-10 07:05:55,656 [SCMBlockDeletingService#1] DEBUG block.SCMBlockDeletingService (SCMBlockDeletingService.java:call(155)) - Scanned deleted blocks log and got 0 delTX to process.
2019-09-10 07:05:55,756 [SCMBlockDeletingService#1] DEBUG block.SCMBlockDeletingService (SCMBlockDeletingService.java:call(138)) - Running DeletedBlockTransactionScanner
2019-09-10 07:05:55,757 [SCMBlockDeletingService#1] DEBUG block.SCMBlockDeletingService (SCMBlockDeletingService.java:call(155)) - Scanned deleted blocks log and got 0 delTX to process.
2019-09-10 07:05:55,857 [SCMBlockDeletingService#1] DEBUG block.SCMBlockDeletingService (SCMBlockDeletingService.java:call(138)) - Running DeletedBlockTransactionScanner
2019-09-10 07:05:55,857 [SCMBlockDeletingService#1] DEBUG block.SCMBlockDeletingService (SCMBlockDeletingService.java:call(155)) - Scanned deleted blocks log and got 0 delTX to process.
2019-09-10 07:05:55,958 [SCMBlockDeletingService#1] DEBUG block.SCMBlockDeletingService (SCMBlockDeletingService.java:call(138)) - Running DeletedBlockTransactionScanner
2019-09-10 07:05:55,958 [SCMBlockDeletingService#1] DEBUG block.SCMBlockDeletingService (SCMBlockDeletingService.java:call(155)) - Scanned deleted blocks log and got 0 delTX to process.
2019-09-10 07:05:56,058 [SCMBlockDeletingService#1] DEBUG block.SCMBlockDeletingService (SCMBlockDeletingService.java:call(138)) - Running DeletedBlockTransactionScanner
2019-09-10 07:05:56,058 [SCMBlockDeletingService#1] DEBUG block.SCMBlockDeletingService (SCMBlockDeletingService.java:call(155)) - Scanned deleted blocks log and got 0 delTX to process.
2019-09-10 07:05:56,159 [SCMBlockDeletingService#1] DEBUG block.SCMBlockDeletingService (SCMBlockDeletingService.java:call(138)) - Running DeletedBlockTransactionScanner
2019-09-10 07:05:56,159 [SCMBlockDeletingService#1] DEBUG block.SCMBlockDeletingService (SCMBlockDeletingService.java:call(155)) - Scanned deleted blocks log and got 0 delTX to process.
2019-09-10 07:05:56,259 [SCMBlockDeletingService#1] DEBUG block.SCMBlockDeletingService (SCMBlockDeletingService.java:call(138)) - Running DeletedBlockTransactionScanner
2019-09-10 07:05:56,260 [SCMBlockDeletingService#1] DEBUG block.SCMBlockDeletingService (SCMBlockDeletingService.java:call(155)) - Scanned deleted blocks log and got 0 delTX to process.
2019-09-10 07:05:56,360 [SCMBlockDeletingService#1] DEBUG block.SCMBlockDeletingService (SCMBlockDeletingService.java:call(138)) - Running DeletedBlockTransactionScanner
2019-09-10 07:05:56,360 [SCMBlockDeletingService#1] DEBUG block.SCMBlockDeletingService (SCMBlockDeletingService.java:call(155)) - Scanned deleted blocks log and got 0 delTX to process.
2019-09-10 07:05:56,461 [SCMBlockDeletingService#1] DEBUG block.SCMBlockDeletingService (SCMBlockDeletingService.java:call(138)) - Running DeletedBlockTransactionScanner
2019-09-10 07:05:56,461 [SCMBlockDeletingService#1] DEBUG block.SCMBlockDeletingService (SCMBlockDeletingService.java:call(155)) - Scanned deleted blocks log and got 0 delTX to process.
2019-09-10 07:05:56,562 [SCMBlockDeletingService#1] DEBUG block.SCMBlockDeletingService (SCMBlockDeletingService.java:call(138)) - Running DeletedBlockTransactionScanner
2019-09-10 07:05:56,562 [SCMBlockDeletingService#1] DEBUG block.SCMBlockDeletingService (SCMBlockDeletingService.java:call(155)) - Scanned deleted blocks log and got 0 delTX to process.
2019-09-10 07:05:56,662 [SCMBlockDeletingService#1] DEBUG block.SCMBlockDeletingService (SCMBlockDeletingService.java:call(138)) - Running DeletedBlockTransactionScanner
2019-09-10 07:05:56,662 [SCMBlockDeletingService#1] DEBUG block.SCMBlockDeletingService (SCMBlockDeletingService.java:call(155)) - Scanned deleted blocks log and got 0 delTX to process.
2019-09-10 07:05:56,763 [SCMBlockDeletingService#1] DEBUG block.SCMBlockDeletingService (SCMBlockDeletingService.java:call(138)) - Running DeletedBlockTransactionScanner
2019-09-10 07:05:56,763 [SCMBlockDeletingService#1] DEBUG block.SCMBlockDeletingService (SCMBlockDeletingService.java:call(155)) - Scanned deleted blocks log and got 0 delTX to process.
2019-09-10 07:05:56,863 [SCMBlockDeletingService#1] DEBUG block.SCMBlockDeletingService (SCMBlockDeletingService.java:call(138)) - Running DeletedBlockTransactionScanner
2019-09-10 07:05:56,864 [SCMBlockDeletingService#1] DEBUG block.SCMBlockDeletingService (SCMBlockDeletingService.java:call(155)) - Scanned deleted blocks log and got 0 delTX to process.
2019-09-10 07:05:56,964 [SCMBlockDeletingService#1] DEBUG block.SCMBlockDeletingService (SCMBlockDeletingService.java:call(138)) - Running DeletedBlockTransactionScanner
2019-09-10 07:05:56,964 [SCMBlockDeletingService#1] DEBUG block.SCMBlockDeletingService (SCMBlockDeletingService.java:call(155)) - Scanned deleted blocks log and got 0 delTX to process.
2019-09-10 07:05:57,065 [SCMBlockDeletingService#1] DEBUG block.SCMBlockDeletingService (SCMBlockDeletingService.java:call(138)) - Running DeletedBlockTransactionScanner
2019-09-10 07:05:57,065 [SCMBlockDeletingService#1] DEBUG block.SCMBlockDeletingService (SCMBlockDeletingService.java:call(155)) - Scanned deleted blocks log and got 0 delTX to process.
2019-09-10 07:05:57,165 [SCMBlockDeletingService#1] DEBUG block.SCMBlockDeletingService (SCMBlockDeletingService.java:call(138)) - Running DeletedBlockTransactionScanner
2019-09-10 07:05:57,166 [SCMBlockDeletingService#1] DEBUG block.SCMBlockDeletingService (SCMBlockDeletingService.java:call(155)) - Scanned deleted blocks log and got 0 delTX to process.
2019-09-10 07:05:57,266 [SCMBlockDeletingService#1] DEBUG block.SCMBlockDeletingService (SCMBlockDeletingService.java:call(138)) - Running DeletedBlockTransactionScanner
2019-09-10 07:05:57,266 [SCMBlockDeletingService#1] DEBUG block.SCMBlockDeletingService (SCMBlockDeletingService.java:call(155)) - Scanned deleted blocks log and got 0 delTX to process.
2019-09-10 07:05:57,367 [SCMBlockDeletingService#1] DEBUG block.SCMBlockDeletingService (SCMBlockDeletingService.java:call(138)) - Running DeletedBlockTransactionScanner
2019-09-10 07:05:57,367 [SCMBlockDeletingService#1] DEBUG block.SCMBlockDeletingService (SCMBlockDeletingService.java:call(155)) - Scanned deleted blocks log and got 0 delTX to process.
2019-09-10 07:05:57,467 [SCMBlockDeletingService#1] DEBUG block.SCMBlockDeletingService (SCMBlockDeletingService.java:call(138)) - Running DeletedBlockTransactionScanner
2019-09-10 07:05:57,467 [SCMBlockDeletingService#1] DEBUG block.SCMBlockDeletingService (SCMBlockDeletingService.java:call(155)) - Scanned deleted blocks log and got 0 delTX to process.
2019-09-10 07:05:57,568 [SCMBlockDeletingService#1] DEBUG block.SCMBlockDeletingService (SCMBlockDeletingService.java:call(138)) - Running DeletedBlockTransactionScanner
2019-09-10 07:05:57,568 [SCMBlockDeletingService#1] DEBUG block.SCMBlockDeletingService (SCMBlockDeletingService.java:call(155)) - Scanned deleted blocks log and got 0 delTX to process.
2019-09-10 07:05:57,668 [SCMBlockDeletingService#1] DEBUG block.SCMBlockDeletingService (SCMBlockDeletingService.java:call(138)) - Running DeletedBlockTransactionScanner
2019-09-10 07:05:57,669 [SCMBlockDeletingService#1] DEBUG block.SCMBlockDeletingService (SCMBlockDeletingService.java:call(155)) - Scanned deleted blocks log and got 0 delTX to process.
2019-09-10 07:05:57,769 [SCMBlockDeletingService#1] DEBUG block.SCMBlockDeletingService (SCMBlockDeletingService.java:call(138)) - Running DeletedBlockTransactionScanner
2019-09-10 07:05:57,769 [SCMBlockDeletingService#1] DEBUG block.SCMBlockDeletingService (SCMBlockDeletingService.java:call(155)) - Scanned deleted blocks log and got 0 delTX to process.
2019-09-10 07:05:57,870 [SCMBlockDeletingService#1] DEBUG block.SCMBlockDeletingService (SCMBlockDeletingService.java:call(138)) - Running DeletedBlockTransactionScanner
2019-09-10 07:05:57,870 [SCMBlockDeletingService#1] DEBUG block.SCMBlockDeletingService (SCMBlockDeletingService.java:call(155)) - Scanned deleted blocks log and got 0 delTX to process.
2019-09-10 07:05:57,970 [SCMBlockDeletingService#1] DEBUG block.SCMBlockDeletingService (SCMBlockDeletingService.java:call(138)) - Running DeletedBlockTransactionScanner
2019-09-10 07:05:57,970 [SCMBlockDeletingService#1] DEBUG block.SCMBlockDeletingService (SCMBlockDeletingService.java:call(155)) - Scanned deleted blocks log and got 0 delTX to process.
2019-09-10 07:05:58,071 [SCMBlockDeletingService#1] DEBUG block.SCMBlockDeletingService (SCMBlockDeletingService.java:call(138)) - Running DeletedBlockTransactionScanner
2019-09-10 07:05:58,071 [SCMBlockDeletingService#1] DEBUG block.SCMBlockDeletingService (SCMBlockDeletingService.java:call(155)) - Scanned deleted blocks log and got 0 delTX to process.
2019-09-10 07:05:58,171 [SCMBlockDeletingService#1] DEBUG block.SCMBlockDeletingService (SCMBlockDeletingService.java:call(138)) - Running DeletedBlockTransactionScanner
2019-09-10 07:05:58,171 [SCMBlockDeletingService#1] DEBUG block.SCMBlockDeletingService (SCMBlockDeletingService.java:call(155)) - Scanned deleted blocks log and got 0 delTX to process.
2019-09-10 07:05:58,272 [SCMBlockDeletingService#1] DEBUG block.SCMBlockDeletingService (SCMBlockDeletingService.java:call(138)) - Running DeletedBlockTransactionScanner
2019-09-10 07:05:58,272 [SCMBlockDeletingService#1] DEBUG block.SCMBlockDeletingService (SCMBlockDeletingService.java:call(155)) - Scanned deleted blocks log and got 0 delTX to process.
2019-09-10 07:05:58,372 [SCMBlockDeletingService#1] DEBUG block.SCMBlockDeletingService (SCMBlockDeletingService.java:call(138)) - Running DeletedBlockTransactionScanner
2019-09-10 07:05:58,372 [SCMBlockDeletingService#1] DEBUG block.SCMBlockDeletingService (SCMBlockDeletingService.java:call(155)) - Scanned deleted blocks log and got 0 delTX to process.
2019-09-10 07:05:58,473 [SCMBlockDeletingService#0] DEBUG block.SCMBlockDeletingService (SCMBlockDeletingService.java:call(138)) - Running DeletedBlockTransactionScanner
2019-09-10 07:05:58,473 [SCMBlockDeletingService#0] DEBUG block.SCMBlockDeletingService (SCMBlockDeletingService.java:call(155)) - Scanned deleted blocks log and got 0 delTX to process.
2019-09-10 07:05:58,573 [SCMBlockDeletingService#0] DEBUG block.SCMBlockDeletingService (SCMBlockDeletingService.java:call(138)) - Running DeletedBlockTransactionScanner
2019-09-10 07:05:58,573 [SCMBlockDeletingService#0] DEBUG block.SCMBlockDeletingService (SCMBlockDeletingService.java:call(155)) - Scanned deleted blocks log and got 0 delTX to process.
2019-09-10 07:05:58,674 [SCMBlockDeletingService#0] DEBUG block.SCMBlockDeletingService (SCMBlockDeletingService.java:call(138)) - Running DeletedBlockTransactionScanner
2019-09-10 07:05:58,674 [SCMBlockDeletingService#0] DEBUG block.SCMBlockDeletingService (SCMBlockDeletingService.java:call(155)) - Scanned deleted blocks log and got 0 delTX to process.
2019-09-10 07:05:58,775 [SCMBlockDeletingService#0] DEBUG block.SCMBlockDeletingService (SCMBlockDeletingService.java:call(138)) - Running DeletedBlockTransactionScanner
2019-09-10 07:05:58,775 [SCMBlockDeletingService#0] DEBUG block.SCMBlockDeletingService (SCMBlockDeletingService.java:call(155)) - Scanned deleted blocks log and got 0 delTX to process.
2019-09-10 07:05:58,875 [SCMBlockDeletingService#0] DEBUG block.SCMBlockDeletingService (SCMBlockDeletingService.java:call(138)) - Running DeletedBlockTransactionScanner
2019-09-10 07:05:58,876 [SCMBlockDeletingService#0] DEBUG block.SCMBlockDeletingService (SCMBlockDeletingService.java:call(155)) - Scanned deleted blocks log and got 0 delTX to process.
2019-09-10 07:05:58,976 [SCMBlockDeletingService#0] DEBUG block.SCMBlockDeletingService (SCMBlockDeletingService.java:call(138)) - Running DeletedBlockTransactionScanner
2019-09-10 07:05:58,976 [SCMBlockDeletingService#0] DEBUG block.SCMBlockDeletingService (SCMBlockDeletingService.java:call(155)) - Scanned deleted blocks log and got 0 delTX to process.
2019-09-10 07:05:59,076 [SCMBlockDeletingService#0] DEBUG block.SCMBlockDeletingService (SCMBlockDeletingService.java:call(138)) - Running DeletedBlockTransactionScanner
2019-09-10 07:05:59,077 [SCMBlockDeletingService#0] DEBUG block.SCMBlockDeletingService (SCMBlockDeletingService.java:call(155)) - Scanned deleted blocks log and got 0 delTX to process.
2019-09-10 07:05:59,177 [SCMBlockDeletingService#0] DEBUG block.SCMBlockDeletingService (SCMBlockDeletingService.java:call(138)) - Running DeletedBlockTransactionScanner
2019-09-10 07:05:59,177 [SCMBlockDeletingService#0] DEBUG block.SCMBlockDeletingService (SCMBlockDeletingService.java:call(155)) - Scanned deleted blocks log and got 0 delTX to process.
2019-09-10 07:05:59,278 [SCMBlockDeletingService#0] DEBUG block.SCMBlockDeletingService (SCMBlockDeletingService.java:call(138)) - Running DeletedBlockTransactionScanner
2019-09-10 07:05:59,279 [SCMBlockDeletingService#0] DEBUG block.SCMBlockDeletingService (SCMBlockDeletingService.java:call(155)) - Scanned deleted blocks log and got 0 delTX to process.
2019-09-10 07:05:59,379 [SCMBlockDeletingService#0] DEBUG block.SCMBlockDeletingService (SCMBlockDeletingService.java:call(138)) - Running DeletedBlockTransactionScanner
2019-09-10 07:05:59,379 [SCMBlockDeletingService#0] DEBUG block.SCMBlockDeletingService (SCMBlockDeletingService.java:call(155)) - Scanned deleted blocks log and got 0 delTX to process.
2019-09-10 07:05:59,480 [SCMBlockDeletingService#0] DEBUG block.SCMBlockDeletingService (SCMBlockDeletingService.java:call(138)) - Running DeletedBlockTransactionScanner
2019-09-10 07:05:59,480 [SCMBlockDeletingService#0] DEBUG block.SCMBlockDeletingService (SCMBlockDeletingService.java:call(155)) - Scanned deleted blocks log and got 0 delTX to process.
2019-09-10 07:05:59,580 [SCMBlockDeletingService#0] DEBUG block.SCMBlockDeletingService (SCMBlockDeletingService.java:call(138)) - Running DeletedBlockTransactionScanner
2019-09-10 07:05:59,580 [SCMBlockDeletingService#0] DEBUG block.SCMBlockDeletingService (SCMBlockDeletingService.java:call(155)) - Scanned deleted blocks log and got 0 delTX to process.
2019-09-10 07:05:59,681 [SCMBlockDeletingService#0] DEBUG block.SCMBlockDeletingService (SCMBlockDeletingService.java:call(138)) - Running DeletedBlockTransactionScanner
2019-09-10 07:05:59,681 [SCMBlockDeletingService#0] DEBUG block.SCMBlockDeletingService (SCMBlockDeletingService.java:call(155)) - Scanned deleted blocks log and got 0 delTX to process.
2019-09-10 07:05:59,782 [SCMBlockDeletingService#0] DEBUG block.SCMBlockDeletingService (SCMBlockDeletingService.java:call(138)) - Running DeletedBlockTransactionScanner
2019-09-10 07:05:59,782 [SCMBlockDeletingService#0] DEBUG block.SCMBlockDeletingService (SCMBlockDeletingService.java:call(155)) - Scanned deleted blocks log and got 0 delTX to process.
2019-09-10 07:05:59,882 [SCMBlockDeletingService#0] DEBUG block.SCMBlockDeletingService (SCMBlockDeletingService.java:call(138)) - Running DeletedBlockTransactionScanner
2019-09-10 07:05:59,883 [SCMBlockDeletingService#0] DEBUG block.SCMBlockDeletingService (SCMBlockDeletingService.java:call(155)) - Scanned deleted blocks log and got 0 delTX to process.
2019-09-10 07:05:59,983 [SCMBlockDeletingService#0] DEBUG block.SCMBlockDeletingService (SCMBlockDeletingService.java:call(138)) - Running DeletedBlockTransactionScanner
2019-09-10 07:05:59,983 [SCMBlockDeletingService#0] DEBUG block.SCMBlockDeletingService (SCMBlockDeletingService.java:call(155)) - Scanned deleted blocks log and got 0 delTX to process.
2019-09-10 07:06:00,084 [SCMBlockDeletingService#0] DEBUG block.SCMBlockDeletingService (SCMBlockDeletingService.java:call(138)) - Running DeletedBlockTransactionScanner
2019-09-10 07:06:00,084 [SCMBlockDeletingService#0] DEBUG block.SCMBlockDeletingService (SCMBlockDeletingService.java:call(155)) - Scanned deleted blocks log and got 0 delTX to process.
2019-09-10 07:06:00,185 [SCMBlockDeletingService#0] DEBUG block.SCMBlockDeletingService (SCMBlockDeletingService.java:call(138)) - Running DeletedBlockTransactionScanner
2019-09-10 07:06:00,185 [SCMBlockDeletingService#0] DEBUG block.SCMBlockDeletingService (SCMBlockDeletingService.java:call(155)) - Scanned deleted blocks log and got 0 delTX to process.
2019-09-10 07:06:00,285 [SCMBlockDeletingService#0] DEBUG block.SCMBlockDeletingService (SCMBlockDeletingService.java:call(138)) - Running DeletedBlockTransactionScanner
2019-09-10 07:06:00,285 [SCMBlockDeletingService#0] DEBUG block.SCMBlockDeletingService (SCMBlockDeletingService.java:call(155)) - Scanned deleted blocks log and got 0 delTX to process.
2019-09-10 07:06:00,386 [SCMBlockDeletingService#0] DEBUG block.SCMBlockDeletingService (SCMBlockDeletingService.java:call(138)) - Running DeletedBlockTransactionScanner
2019-09-10 07:06:00,386 [SCMBlockDeletingService#0] DEBUG block.SCMBlockDeletingService (SCMBlockDeletingService.java:call(155)) - Scanned deleted blocks log and got 0 delTX to process.
2019-09-10 07:06:00,486 [SCMBlockDeletingService#0] DEBUG block.SCMBlockDeletingService (SCMBlockDeletingService.java:call(138)) - Running DeletedBlockTransactionScanner
2019-09-10 07:06:00,487 [SCMBlockDeletingService#0] DEBUG block.SCMBlockDeletingService (SCMBlockDeletingService.java:call(155)) - Scanned deleted blocks log and got 0 delTX to process.
2019-09-10 07:06:00,587 [SCMBlockDeletingService#0] DEBUG block.SCMBlockDeletingService (SCMBlockDeletingService.java:call(138)) - Running DeletedBlockTransactionScanner
2019-09-10 07:06:00,587 [SCMBlockDeletingService#0] DEBUG block.SCMBlockDeletingService (SCMBlockDeletingService.java:call(155)) - Scanned deleted blocks log and got 0 delTX to process.
2019-09-10 07:06:00,688 [SCMBlockDeletingService#0] DEBUG block.SCMBlockDeletingService (SCMBlockDeletingService.java:call(138)) - Running DeletedBlockTransactionScanner
2019-09-10 07:06:00,688 [SCMBlockDeletingService#0] DEBUG block.SCMBlockDeletingService (SCMBlockDeletingService.java:call(155)) - Scanned deleted blocks log and got 0 delTX to process.
2019-09-10 07:06:00,788 [SCMBlockDeletingService#0] DEBUG block.SCMBlockDeletingService (SCMBlockDeletingService.java:call(138)) - Running DeletedBlockTransactionScanner
2019-09-10 07:06:00,789 [SCMBlockDeletingService#0] DEBUG block.SCMBlockDeletingService (SCMBlockDeletingService.java:call(155)) - Scanned deleted blocks log and got 0 delTX to process.
2019-09-10 07:06:00,889 [SCMBlockDeletingService#0] DEBUG block.SCMBlockDeletingService (SCMBlockDeletingService.java:call(138)) - Running DeletedBlockTransactionScanner
2019-09-10 07:06:00,889 [SCMBlockDeletingService#0] DEBUG block.SCMBlockDeletingService (SCMBlockDeletingService.java:call(155)) - Scanned deleted blocks log and got 0 delTX to process.
2019-09-10 07:06:00,990 [SCMBlockDeletingService#0] DEBUG block.SCMBlockDeletingService (SCMBlockDeletingService.java:call(138)) - Running DeletedBlockTransactionScanner
2019-09-10 07:06:00,990 [SCMBlockDeletingService#0] DEBUG block.SCMBlockDeletingService (SCMBlockDeletingService.java:call(155)) - Scanned deleted blocks log and got 0 delTX to process.
2019-09-10 07:06:01,090 [SCMBlockDeletingService#0] DEBUG block.SCMBlockDeletingService (SCMBlockDeletingService.java:call(138)) - Running DeletedBlockTransactionScanner
2019-09-10 07:06:01,090 [SCMBlockDeletingService#0] DEBUG block.SCMBlockDeletingService (SCMBlockDeletingService.java:call(155)) - Scanned deleted blocks log and got 0 delTX to process.
2019-09-10 07:06:01,191 [SCMBlockDeletingService#0] DEBUG block.SCMBlockDeletingService (SCMBlockDeletingService.java:call(138)) - Running DeletedBlockTransactionScanner
2019-09-10 07:06:01,191 [SCMBlockDeletingService#0] DEBUG block.SCMBlockDeletingService (SCMBlockDeletingService.java:call(155)) - Scanned deleted blocks log and got 0 delTX to process.
2019-09-10 07:06:01,292 [SCMBlockDeletingService#0] DEBUG block.SCMBlockDeletingService (SCMBlockDeletingService.java:call(138)) - Running DeletedBlockTransactionScanner
2019-09-10 07:06:01,292 [SCMBlockDeletingService#0] DEBUG block.SCMBlockDeletingService (SCMBlockDeletingService.java:call(155)) - Scanned deleted blocks log and got 0 delTX to process.
2019-09-10 07:06:01,392 [SCMBlockDeletingService#0] DEBUG block.SCMBlockDeletingService (SCMBlockDeletingService.java:call(138)) - Running DeletedBlockTransactionScanner
2019-09-10 07:06:01,392 [SCMBlockDeletingService#0] DEBUG block.SCMBlockDeletingService (SCMBlockDeletingService.java:call(155)) - Scanned deleted blocks log and got 0 delTX to process.
2019-09-10 07:06:01,493 [SCMBlockDeletingService#0] DEBUG block.SCMBlockDeletingService (SCMBlockDeletingService.java:call(138)) - Running DeletedBlockTransactionScanner
2019-09-10 07:06:01,493 [SCMBlockDeletingService#0] DEBUG block.SCMBlockDeletingService (SCMBlockDeletingService.java:call(155)) - Scanned deleted blocks log and got 0 delTX to process.
2019-09-10 07:06:01,593 [SCMBlockDeletingService#0] DEBUG block.SCMBlockDeletingService (SCMBlockDeletingService.java:call(138)) - Running DeletedBlockTransactionScanner
2019-09-10 07:06:01,594 [SCMBlockDeletingService#0] DEBUG block.SCMBlockDeletingService (SCMBlockDeletingService.java:call(155)) - Scanned deleted blocks log and got 0 delTX to process.
2019-09-10 07:06:01,694 [SCMBlockDeletingService#0] DEBUG block.SCMBlockDeletingService (SCMBlockDeletingService.java:call(138)) - Running DeletedBlockTransactionScanner
2019-09-10 07:06:01,694 [SCMBlockDeletingService#0] DEBUG block.SCMBlockDeletingService (SCMBlockDeletingService.java:call(155)) - Scanned deleted blocks log and got 0 delTX to process.
2019-09-10 07:06:01,795 [SCMBlockDeletingService#0] DEBUG block.SCMBlockDeletingService (SCMBlockDeletingService.java:call(138)) - Running DeletedBlockTransactionScanner
2019-09-10 07:06:01,795 [SCMBlockDeletingService#0] DEBUG block.SCMBlockDeletingService (SCMBlockDeletingService.java:call(155)) - Scanned deleted blocks log and got 0 delTX to process.
2019-09-10 07:06:01,896 [SCMBlockDeletingService#0] DEBUG block.SCMBlockDeletingService (SCMBlockDeletingService.java:call(138)) - Running DeletedBlockTransactionScanner
2019-09-10 07:06:01,896 [SCMBlockDeletingService#0] DEBUG block.SCMBlockDeletingService (SCMBlockDeletingService.java:call(155)) - Scanned deleted blocks log and got 0 delTX to process.
2019-09-10 07:06:01,996 [SCMBlockDeletingService#0] DEBUG block.SCMBlockDeletingService (SCMBlockDeletingService.java:call(138)) - Running DeletedBlockTransactionScanner
2019-09-10 07:06:01,996 [SCMBlockDeletingService#0] DEBUG block.SCMBlockDeletingService (SCMBlockDeletingService.java:call(155)) - Scanned deleted blocks log and got 0 delTX to process.
2019-09-10 07:06:02,083 [05f13708-5e6e-4ea1-a525-a3c8f7f54426@group-34B10843FE54-SegmentedRaftLogWorker] WARN  segmented.SegmentedRaftLogWorker (SegmentedRaftLogWorker.java:getFromFuture(90)) - Timeout 16/~
org.apache.ratis.protocol.TimeoutIOException: Timeout 10s: WriteLog:16: (t:1, i:16), STATEMACHINELOGENTRY, client-7F424F215E90, cid=11-writeStateMachineData
	at org.apache.ratis.util.IOUtils.getFromFuture(IOUtils.java:87)
	at org.apache.ratis.server.raftlog.segmented.SegmentedRaftLogWorker$StateMachineDataPolicy.getFromFuture(SegmentedRaftLogWorker.java:87)
	at org.apache.ratis.server.raftlog.segmented.SegmentedRaftLogWorker$WriteLog.execute(SegmentedRaftLogWorker.java:477)
	at org.apache.ratis.server.raftlog.segmented.SegmentedRaftLogWorker.run(SegmentedRaftLogWorker.java:289)
	at java.lang.Thread.run(Thread.java:748)
Caused by: java.util.concurrent.TimeoutException
	at java.util.concurrent.CompletableFuture.timedGet(CompletableFuture.java:1771)
	at java.util.concurrent.CompletableFuture.get(CompletableFuture.java:1915)
	at org.apache.ratis.util.IOUtils.getFromFuture(IOUtils.java:79)
	... 4 more
2019-09-10 07:06:02,097 [SCMBlockDeletingService#0] DEBUG block.SCMBlockDeletingService (SCMBlockDeletingService.java:call(138)) - Running DeletedBlockTransactionScanner
2019-09-10 07:06:02,097 [SCMBlockDeletingService#0] DEBUG block.SCMBlockDeletingService (SCMBlockDeletingService.java:call(155)) - Scanned deleted blocks log and got 0 delTX to process.
2019-09-10 07:06:02,197 [SCMBlockDeletingService#0] DEBUG block.SCMBlockDeletingService (SCMBlockDeletingService.java:call(138)) - Running DeletedBlockTransactionScanner
2019-09-10 07:06:02,198 [SCMBlockDeletingService#0] DEBUG block.SCMBlockDeletingService (SCMBlockDeletingService.java:call(155)) - Scanned deleted blocks log and got 0 delTX to process.
2019-09-10 07:06:02,298 [SCMBlockDeletingService#0] DEBUG block.SCMBlockDeletingService (SCMBlockDeletingService.java:call(138)) - Running DeletedBlockTransactionScanner
2019-09-10 07:06:02,298 [SCMBlockDeletingService#0] DEBUG block.SCMBlockDeletingService (SCMBlockDeletingService.java:call(155)) - Scanned deleted blocks log and got 0 delTX to process.
2019-09-10 07:06:02,399 [SCMBlockDeletingService#0] DEBUG block.SCMBlockDeletingService (SCMBlockDeletingService.java:call(138)) - Running DeletedBlockTransactionScanner
2019-09-10 07:06:02,399 [SCMBlockDeletingService#0] DEBUG block.SCMBlockDeletingService (SCMBlockDeletingService.java:call(155)) - Scanned deleted blocks log and got 0 delTX to process.
2019-09-10 07:06:02,499 [SCMBlockDeletingService#0] DEBUG block.SCMBlockDeletingService (SCMBlockDeletingService.java:call(138)) - Running DeletedBlockTransactionScanner
2019-09-10 07:06:02,500 [SCMBlockDeletingService#0] DEBUG block.SCMBlockDeletingService (SCMBlockDeletingService.java:call(155)) - Scanned deleted blocks log and got 0 delTX to process.
2019-09-10 07:06:02,600 [SCMBlockDeletingService#0] DEBUG block.SCMBlockDeletingService (SCMBlockDeletingService.java:call(138)) - Running DeletedBlockTransactionScanner
2019-09-10 07:06:02,600 [SCMBlockDeletingService#0] DEBUG block.SCMBlockDeletingService (SCMBlockDeletingService.java:call(155)) - Scanned deleted blocks log and got 0 delTX to process.
2019-09-10 07:06:02,701 [SCMBlockDeletingService#0] DEBUG block.SCMBlockDeletingService (SCMBlockDeletingService.java:call(138)) - Running DeletedBlockTransactionScanner
2019-09-10 07:06:02,701 [SCMBlockDeletingService#0] DEBUG block.SCMBlockDeletingService (SCMBlockDeletingService.java:call(155)) - Scanned deleted blocks log and got 0 delTX to process.
2019-09-10 07:06:02,801 [SCMBlockDeletingService#0] DEBUG block.SCMBlockDeletingService (SCMBlockDeletingService.java:call(138)) - Running DeletedBlockTransactionScanner
2019-09-10 07:06:02,802 [SCMBlockDeletingService#0] DEBUG block.SCMBlockDeletingService (SCMBlockDeletingService.java:call(155)) - Scanned deleted blocks log and got 0 delTX to process.
2019-09-10 07:06:02,902 [SCMBlockDeletingService#0] DEBUG block.SCMBlockDeletingService (SCMBlockDeletingService.java:call(138)) - Running DeletedBlockTransactionScanner
2019-09-10 07:06:02,903 [SCMBlockDeletingService#0] DEBUG block.SCMBlockDeletingService (SCMBlockDeletingService.java:call(155)) - Scanned deleted blocks log and got 0 delTX to process.
2019-09-10 07:06:03,003 [SCMBlockDeletingService#0] DEBUG block.SCMBlockDeletingService (SCMBlockDeletingService.java:call(138)) - Running DeletedBlockTransactionScanner
2019-09-10 07:06:03,003 [SCMBlockDeletingService#0] DEBUG block.SCMBlockDeletingService (SCMBlockDeletingService.java:call(155)) - Scanned deleted blocks log and got 0 delTX to process.
2019-09-10 07:06:03,104 [SCMBlockDeletingService#0] DEBUG block.SCMBlockDeletingService (SCMBlockDeletingService.java:call(138)) - Running DeletedBlockTransactionScanner
2019-09-10 07:06:03,104 [SCMBlockDeletingService#0] DEBUG block.SCMBlockDeletingService (SCMBlockDeletingService.java:call(155)) - Scanned deleted blocks log and got 0 delTX to process.
2019-09-10 07:06:03,204 [SCMBlockDeletingService#0] DEBUG block.SCMBlockDeletingService (SCMBlockDeletingService.java:call(138)) - Running DeletedBlockTransactionScanner
2019-09-10 07:06:03,205 [SCMBlockDeletingService#0] DEBUG block.SCMBlockDeletingService (SCMBlockDeletingService.java:call(155)) - Scanned deleted blocks log and got 0 delTX to process.
2019-09-10 07:06:03,305 [SCMBlockDeletingService#0] DEBUG block.SCMBlockDeletingService (SCMBlockDeletingService.java:call(138)) - Running DeletedBlockTransactionScanner
2019-09-10 07:06:03,305 [SCMBlockDeletingService#0] DEBUG block.SCMBlockDeletingService (SCMBlockDeletingService.java:call(155)) - Scanned deleted blocks log and got 0 delTX to process.
2019-09-10 07:06:03,406 [SCMBlockDeletingService#0] DEBUG block.SCMBlockDeletingService (SCMBlockDeletingService.java:call(138)) - Running DeletedBlockTransactionScanner
2019-09-10 07:06:03,406 [SCMBlockDeletingService#0] DEBUG block.SCMBlockDeletingService (SCMBlockDeletingService.java:call(155)) - Scanned deleted blocks log and got 0 delTX to process.
2019-09-10 07:06:03,506 [SCMBlockDeletingService#0] DEBUG block.SCMBlockDeletingService (SCMBlockDeletingService.java:call(138)) - Running DeletedBlockTransactionScanner
2019-09-10 07:06:03,507 [SCMBlockDeletingService#0] DEBUG block.SCMBlockDeletingService (SCMBlockDeletingService.java:call(155)) - Scanned deleted blocks log and got 0 delTX to process.
2019-09-10 07:06:03,607 [SCMBlockDeletingService#0] DEBUG block.SCMBlockDeletingService (SCMBlockDeletingService.java:call(138)) - Running DeletedBlockTransactionScanner
2019-09-10 07:06:03,607 [SCMBlockDeletingService#0] DEBUG block.SCMBlockDeletingService (SCMBlockDeletingService.java:call(155)) - Scanned deleted blocks log and got 0 delTX to process.
2019-09-10 07:06:03,708 [SCMBlockDeletingService#0] DEBUG block.SCMBlockDeletingService (SCMBlockDeletingService.java:call(138)) - Running DeletedBlockTransactionScanner
2019-09-10 07:06:03,708 [SCMBlockDeletingService#0] DEBUG block.SCMBlockDeletingService (SCMBlockDeletingService.java:call(155)) - Scanned deleted blocks log and got 0 delTX to process.
2019-09-10 07:06:03,808 [SCMBlockDeletingService#0] DEBUG block.SCMBlockDeletingService (SCMBlockDeletingService.java:call(138)) - Running DeletedBlockTransactionScanner
2019-09-10 07:06:03,809 [SCMBlockDeletingService#0] DEBUG block.SCMBlockDeletingService (SCMBlockDeletingService.java:call(155)) - Scanned deleted blocks log and got 0 delTX to process.
2019-09-10 07:06:03,909 [SCMBlockDeletingService#0] DEBUG block.SCMBlockDeletingService (SCMBlockDeletingService.java:call(138)) - Running DeletedBlockTransactionScanner
2019-09-10 07:06:03,909 [SCMBlockDeletingService#0] DEBUG block.SCMBlockDeletingService (SCMBlockDeletingService.java:call(155)) - Scanned deleted blocks log and got 0 delTX to process.
2019-09-10 07:06:04,010 [SCMBlockDeletingService#0] DEBUG block.SCMBlockDeletingService (SCMBlockDeletingService.java:call(138)) - Running DeletedBlockTransactionScanner
2019-09-10 07:06:04,010 [SCMBlockDeletingService#0] DEBUG block.SCMBlockDeletingService (SCMBlockDeletingService.java:call(155)) - Scanned deleted blocks log and got 0 delTX to process.
2019-09-10 07:06:04,110 [SCMBlockDeletingService#0] DEBUG block.SCMBlockDeletingService (SCMBlockDeletingService.java:call(138)) - Running DeletedBlockTransactionScanner
2019-09-10 07:06:04,111 [SCMBlockDeletingService#0] DEBUG block.SCMBlockDeletingService (SCMBlockDeletingService.java:call(155)) - Scanned deleted blocks log and got 0 delTX to process.
2019-09-10 07:06:04,211 [SCMBlockDeletingService#0] DEBUG block.SCMBlockDeletingService (SCMBlockDeletingService.java:call(138)) - Running DeletedBlockTransactionScanner
2019-09-10 07:06:04,211 [SCMBlockDeletingService#0] DEBUG block.SCMBlockDeletingService (SCMBlockDeletingService.java:call(155)) - Scanned deleted blocks log and got 0 delTX to process.
2019-09-10 07:06:04,312 [SCMBlockDeletingService#0] DEBUG block.SCMBlockDeletingService (SCMBlockDeletingService.java:call(138)) - Running DeletedBlockTransactionScanner
2019-09-10 07:06:04,312 [SCMBlockDeletingService#0] DEBUG block.SCMBlockDeletingService (SCMBlockDeletingService.java:call(155)) - Scanned deleted blocks log and got 0 delTX to process.
2019-09-10 07:06:04,412 [SCMBlockDeletingService#0] DEBUG block.SCMBlockDeletingService (SCMBlockDeletingService.java:call(138)) - Running DeletedBlockTransactionScanner
2019-09-10 07:06:04,412 [SCMBlockDeletingService#0] DEBUG block.SCMBlockDeletingService (SCMBlockDeletingService.java:call(155)) - Scanned deleted blocks log and got 0 delTX to process.
2019-09-10 07:06:04,513 [SCMBlockDeletingService#0] DEBUG block.SCMBlockDeletingService (SCMBlockDeletingService.java:call(138)) - Running DeletedBlockTransactionScanner
2019-09-10 07:06:04,513 [SCMBlockDeletingService#0] DEBUG block.SCMBlockDeletingService (SCMBlockDeletingService.java:call(155)) - Scanned deleted blocks log and got 0 delTX to process.
2019-09-10 07:06:04,613 [SCMBlockDeletingService#0] DEBUG block.SCMBlockDeletingService (SCMBlockDeletingService.java:call(138)) - Running DeletedBlockTransactionScanner
2019-09-10 07:06:04,614 [SCMBlockDeletingService#0] DEBUG block.SCMBlockDeletingService (SCMBlockDeletingService.java:call(155)) - Scanned deleted blocks log and got 0 delTX to process.
2019-09-10 07:06:04,714 [SCMBlockDeletingService#0] DEBUG block.SCMBlockDeletingService (SCMBlockDeletingService.java:call(138)) - Running DeletedBlockTransactionScanner
2019-09-10 07:06:04,715 [SCMBlockDeletingService#0] DEBUG block.SCMBlockDeletingService (SCMBlockDeletingService.java:call(155)) - Scanned deleted blocks log and got 0 delTX to process.
2019-09-10 07:06:04,815 [SCMBlockDeletingService#0] DEBUG block.SCMBlockDeletingService (SCMBlockDeletingService.java:call(138)) - Running DeletedBlockTransactionScanner
2019-09-10 07:06:04,815 [SCMBlockDeletingService#0] DEBUG block.SCMBlockDeletingService (SCMBlockDeletingService.java:call(155)) - Scanned deleted blocks log and got 0 delTX to process.
2019-09-10 07:06:04,916 [SCMBlockDeletingService#0] DEBUG block.SCMBlockDeletingService (SCMBlockDeletingService.java:call(138)) - Running DeletedBlockTransactionScanner
2019-09-10 07:06:04,916 [SCMBlockDeletingService#0] DEBUG block.SCMBlockDeletingService (SCMBlockDeletingService.java:call(155)) - Scanned deleted blocks log and got 0 delTX to process.
2019-09-10 07:06:05,016 [SCMBlockDeletingService#0] DEBUG block.SCMBlockDeletingService (SCMBlockDeletingService.java:call(138)) - Running DeletedBlockTransactionScanner
2019-09-10 07:06:05,016 [SCMBlockDeletingService#0] DEBUG block.SCMBlockDeletingService (SCMBlockDeletingService.java:call(155)) - Scanned deleted blocks log and got 0 delTX to process.
2019-09-10 07:06:05,117 [SCMBlockDeletingService#0] DEBUG block.SCMBlockDeletingService (SCMBlockDeletingService.java:call(138)) - Running DeletedBlockTransactionScanner
2019-09-10 07:06:05,117 [SCMBlockDeletingService#0] DEBUG block.SCMBlockDeletingService (SCMBlockDeletingService.java:call(155)) - Scanned deleted blocks log and got 0 delTX to process.
2019-09-10 07:06:05,217 [SCMBlockDeletingService#0] DEBUG block.SCMBlockDeletingService (SCMBlockDeletingService.java:call(138)) - Running DeletedBlockTransactionScanner
2019-09-10 07:06:05,218 [SCMBlockDeletingService#0] DEBUG block.SCMBlockDeletingService (SCMBlockDeletingService.java:call(155)) - Scanned deleted blocks log and got 0 delTX to process.
2019-09-10 07:06:05,318 [SCMBlockDeletingService#0] DEBUG block.SCMBlockDeletingService (SCMBlockDeletingService.java:call(138)) - Running DeletedBlockTransactionScanner
2019-09-10 07:06:05,318 [SCMBlockDeletingService#0] DEBUG block.SCMBlockDeletingService (SCMBlockDeletingService.java:call(155)) - Scanned deleted blocks log and got 0 delTX to process.
2019-09-10 07:06:05,419 [SCMBlockDeletingService#0] DEBUG block.SCMBlockDeletingService (SCMBlockDeletingService.java:call(138)) - Running DeletedBlockTransactionScanner
2019-09-10 07:06:05,419 [SCMBlockDeletingService#0] DEBUG block.SCMBlockDeletingService (SCMBlockDeletingService.java:call(155)) - Scanned deleted blocks log and got 0 delTX to process.
2019-09-10 07:06:05,519 [SCMBlockDeletingService#0] DEBUG block.SCMBlockDeletingService (SCMBlockDeletingService.java:call(138)) - Running DeletedBlockTransactionScanner
2019-09-10 07:06:05,519 [SCMBlockDeletingService#0] DEBUG block.SCMBlockDeletingService (SCMBlockDeletingService.java:call(155)) - Scanned deleted blocks log and got 0 delTX to process.
2019-09-10 07:06:05,620 [SCMBlockDeletingService#0] DEBUG block.SCMBlockDeletingService (SCMBlockDeletingService.java:call(138)) - Running DeletedBlockTransactionScanner
2019-09-10 07:06:05,620 [SCMBlockDeletingService#0] DEBUG block.SCMBlockDeletingService (SCMBlockDeletingService.java:call(155)) - Scanned deleted blocks log and got 0 delTX to process.
2019-09-10 07:06:05,721 [SCMBlockDeletingService#0] DEBUG block.SCMBlockDeletingService (SCMBlockDeletingService.java:call(138)) - Running DeletedBlockTransactionScanner
2019-09-10 07:06:05,721 [SCMBlockDeletingService#0] DEBUG block.SCMBlockDeletingService (SCMBlockDeletingService.java:call(155)) - Scanned deleted blocks log and got 0 delTX to process.
2019-09-10 07:06:05,821 [SCMBlockDeletingService#0] DEBUG block.SCMBlockDeletingService (SCMBlockDeletingService.java:call(138)) - Running DeletedBlockTransactionScanner
2019-09-10 07:06:05,822 [SCMBlockDeletingService#0] DEBUG block.SCMBlockDeletingService (SCMBlockDeletingService.java:call(155)) - Scanned deleted blocks log and got 0 delTX to process.
2019-09-10 07:06:05,922 [SCMBlockDeletingService#0] DEBUG block.SCMBlockDeletingService (SCMBlockDeletingService.java:call(138)) - Running DeletedBlockTransactionScanner
2019-09-10 07:06:05,923 [SCMBlockDeletingService#0] DEBUG block.SCMBlockDeletingService (SCMBlockDeletingService.java:call(155)) - Scanned deleted blocks log and got 0 delTX to process.
2019-09-10 07:06:06,023 [SCMBlockDeletingService#0] DEBUG block.SCMBlockDeletingService (SCMBlockDeletingService.java:call(138)) - Running DeletedBlockTransactionScanner
2019-09-10 07:06:06,024 [SCMBlockDeletingService#0] DEBUG block.SCMBlockDeletingService (SCMBlockDeletingService.java:call(155)) - Scanned deleted blocks log and got 0 delTX to process.
2019-09-10 07:06:06,124 [SCMBlockDeletingService#0] DEBUG block.SCMBlockDeletingService (SCMBlockDeletingService.java:call(138)) - Running DeletedBlockTransactionScanner
2019-09-10 07:06:06,124 [SCMBlockDeletingService#0] DEBUG block.SCMBlockDeletingService (SCMBlockDeletingService.java:call(155)) - Scanned deleted blocks log and got 0 delTX to process.
2019-09-10 07:06:06,225 [SCMBlockDeletingService#0] DEBUG block.SCMBlockDeletingService (SCMBlockDeletingService.java:call(138)) - Running DeletedBlockTransactionScanner
2019-09-10 07:06:06,225 [SCMBlockDeletingService#0] DEBUG block.SCMBlockDeletingService (SCMBlockDeletingService.java:call(155)) - Scanned deleted blocks log and got 0 delTX to process.
2019-09-10 07:06:06,325 [SCMBlockDeletingService#0] DEBUG block.SCMBlockDeletingService (SCMBlockDeletingService.java:call(138)) - Running DeletedBlockTransactionScanner
2019-09-10 07:06:06,325 [SCMBlockDeletingService#0] DEBUG block.SCMBlockDeletingService (SCMBlockDeletingService.java:call(155)) - Scanned deleted blocks log and got 0 delTX to process.
2019-09-10 07:06:06,426 [SCMBlockDeletingService#0] DEBUG block.SCMBlockDeletingService (SCMBlockDeletingService.java:call(138)) - Running DeletedBlockTransactionScanner
2019-09-10 07:06:06,426 [SCMBlockDeletingService#0] DEBUG block.SCMBlockDeletingService (SCMBlockDeletingService.java:call(155)) - Scanned deleted blocks log and got 0 delTX to process.
2019-09-10 07:06:06,526 [SCMBlockDeletingService#1] DEBUG block.SCMBlockDeletingService (SCMBlockDeletingService.java:call(138)) - Running DeletedBlockTransactionScanner
2019-09-10 07:06:06,527 [SCMBlockDeletingService#1] DEBUG block.SCMBlockDeletingService (SCMBlockDeletingService.java:call(155)) - Scanned deleted blocks log and got 0 delTX to process.
2019-09-10 07:06:06,627 [SCMBlockDeletingService#1] DEBUG block.SCMBlockDeletingService (SCMBlockDeletingService.java:call(138)) - Running DeletedBlockTransactionScanner
2019-09-10 07:06:06,627 [SCMBlockDeletingService#1] DEBUG block.SCMBlockDeletingService (SCMBlockDeletingService.java:call(155)) - Scanned deleted blocks log and got 0 delTX to process.
2019-09-10 07:06:06,728 [SCMBlockDeletingService#1] DEBUG block.SCMBlockDeletingService (SCMBlockDeletingService.java:call(138)) - Running DeletedBlockTransactionScanner
2019-09-10 07:06:06,728 [SCMBlockDeletingService#1] DEBUG block.SCMBlockDeletingService (SCMBlockDeletingService.java:call(155)) - Scanned deleted blocks log and got 0 delTX to process.
2019-09-10 07:06:06,828 [SCMBlockDeletingService#1] DEBUG block.SCMBlockDeletingService (SCMBlockDeletingService.java:call(138)) - Running DeletedBlockTransactionScanner
2019-09-10 07:06:06,828 [SCMBlockDeletingService#1] DEBUG block.SCMBlockDeletingService (SCMBlockDeletingService.java:call(155)) - Scanned deleted blocks log and got 0 delTX to process.
2019-09-10 07:06:06,929 [SCMBlockDeletingService#1] DEBUG block.SCMBlockDeletingService (SCMBlockDeletingService.java:call(138)) - Running DeletedBlockTransactionScanner
2019-09-10 07:06:06,929 [SCMBlockDeletingService#1] DEBUG block.SCMBlockDeletingService (SCMBlockDeletingService.java:call(155)) - Scanned deleted blocks log and got 0 delTX to process.
2019-09-10 07:06:07,029 [SCMBlockDeletingService#1] DEBUG block.SCMBlockDeletingService (SCMBlockDeletingService.java:call(138)) - Running DeletedBlockTransactionScanner
2019-09-10 07:06:07,030 [SCMBlockDeletingService#1] DEBUG block.SCMBlockDeletingService (SCMBlockDeletingService.java:call(155)) - Scanned deleted blocks log and got 0 delTX to process.
2019-09-10 07:06:07,130 [SCMBlockDeletingService#1] DEBUG block.SCMBlockDeletingService (SCMBlockDeletingService.java:call(138)) - Running DeletedBlockTransactionScanner
2019-09-10 07:06:07,131 [SCMBlockDeletingService#1] DEBUG block.SCMBlockDeletingService (SCMBlockDeletingService.java:call(155)) - Scanned deleted blocks log and got 0 delTX to process.
2019-09-10 07:06:07,231 [SCMBlockDeletingService#1] DEBUG block.SCMBlockDeletingService (SCMBlockDeletingService.java:call(138)) - Running DeletedBlockTransactionScanner
2019-09-10 07:06:07,231 [SCMBlockDeletingService#1] DEBUG block.SCMBlockDeletingService (SCMBlockDeletingService.java:call(155)) - Scanned deleted blocks log and got 0 delTX to process.
2019-09-10 07:06:07,332 [SCMBlockDeletingService#1] DEBUG block.SCMBlockDeletingService (SCMBlockDeletingService.java:call(138)) - Running DeletedBlockTransactionScanner
2019-09-10 07:06:07,332 [SCMBlockDeletingService#1] DEBUG block.SCMBlockDeletingService (SCMBlockDeletingService.java:call(155)) - Scanned deleted blocks log and got 0 delTX to process.
2019-09-10 07:06:07,432 [SCMBlockDeletingService#1] DEBUG block.SCMBlockDeletingService (SCMBlockDeletingService.java:call(138)) - Running DeletedBlockTransactionScanner
2019-09-10 07:06:07,433 [SCMBlockDeletingService#1] DEBUG block.SCMBlockDeletingService (SCMBlockDeletingService.java:call(155)) - Scanned deleted blocks log and got 0 delTX to process.
2019-09-10 07:06:07,533 [SCMBlockDeletingService#1] DEBUG block.SCMBlockDeletingService (SCMBlockDeletingService.java:call(138)) - Running DeletedBlockTransactionScanner
2019-09-10 07:06:07,533 [SCMBlockDeletingService#1] DEBUG block.SCMBlockDeletingService (SCMBlockDeletingService.java:call(155)) - Scanned deleted blocks log and got 0 delTX to process.
2019-09-10 07:06:07,634 [SCMBlockDeletingService#1] DEBUG block.SCMBlockDeletingService (SCMBlockDeletingService.java:call(138)) - Running DeletedBlockTransactionScanner
2019-09-10 07:06:07,634 [SCMBlockDeletingService#1] DEBUG block.SCMBlockDeletingService (SCMBlockDeletingService.java:call(155)) - Scanned deleted blocks log and got 0 delTX to process.
2019-09-10 07:06:07,734 [SCMBlockDeletingService#1] DEBUG block.SCMBlockDeletingService (SCMBlockDeletingService.java:call(138)) - Running DeletedBlockTransactionScanner
2019-09-10 07:06:07,734 [SCMBlockDeletingService#1] DEBUG block.SCMBlockDeletingService (SCMBlockDeletingService.java:call(155)) - Scanned deleted blocks log and got 0 delTX to process.
2019-09-10 07:06:07,835 [SCMBlockDeletingService#1] DEBUG block.SCMBlockDeletingService (SCMBlockDeletingService.java:call(138)) - Running DeletedBlockTransactionScanner
2019-09-10 07:06:07,835 [SCMBlockDeletingService#1] DEBUG block.SCMBlockDeletingService (SCMBlockDeletingService.java:call(155)) - Scanned deleted blocks log and got 0 delTX to process.
2019-09-10 07:06:07,936 [SCMBlockDeletingService#1] DEBUG block.SCMBlockDeletingService (SCMBlockDeletingService.java:call(138)) - Running DeletedBlockTransactionScanner
2019-09-10 07:06:07,936 [SCMBlockDeletingService#1] DEBUG block.SCMBlockDeletingService (SCMBlockDeletingService.java:call(155)) - Scanned deleted blocks log and got 0 delTX to process.
2019-09-10 07:06:08,036 [SCMBlockDeletingService#1] DEBUG block.SCMBlockDeletingService (SCMBlockDeletingService.java:call(138)) - Running DeletedBlockTransactionScanner
2019-09-10 07:06:08,037 [SCMBlockDeletingService#1] DEBUG block.SCMBlockDeletingService (SCMBlockDeletingService.java:call(155)) - Scanned deleted blocks log and got 0 delTX to process.
2019-09-10 07:06:08,137 [SCMBlockDeletingService#1] DEBUG block.SCMBlockDeletingService (SCMBlockDeletingService.java:call(138)) - Running DeletedBlockTransactionScanner
2019-09-10 07:06:08,137 [SCMBlockDeletingService#1] DEBUG block.SCMBlockDeletingService (SCMBlockDeletingService.java:call(155)) - Scanned deleted blocks log and got 0 delTX to process.
2019-09-10 07:06:08,237 [SCMBlockDeletingService#1] DEBUG block.SCMBlockDeletingService (SCMBlockDeletingService.java:call(138)) - Running DeletedBlockTransactionScanner
2019-09-10 07:06:08,238 [SCMBlockDeletingService#1] DEBUG block.SCMBlockDeletingService (SCMBlockDeletingService.java:call(155)) - Scanned deleted blocks log and got 0 delTX to process.
2019-09-10 07:06:08,338 [SCMBlockDeletingService#1] DEBUG block.SCMBlockDeletingService (SCMBlockDeletingService.java:call(138)) - Running DeletedBlockTransactionScanner
2019-09-10 07:06:08,338 [SCMBlockDeletingService#1] DEBUG block.SCMBlockDeletingService (SCMBlockDeletingService.java:call(155)) - Scanned deleted blocks log and got 0 delTX to process.
2019-09-10 07:06:08,438 [SCMBlockDeletingService#1] DEBUG block.SCMBlockDeletingService (SCMBlockDeletingService.java:call(138)) - Running DeletedBlockTransactionScanner
2019-09-10 07:06:08,439 [SCMBlockDeletingService#1] DEBUG block.SCMBlockDeletingService (SCMBlockDeletingService.java:call(155)) - Scanned deleted blocks log and got 0 delTX to process.
2019-09-10 07:06:08,539 [SCMBlockDeletingService#1] DEBUG block.SCMBlockDeletingService (SCMBlockDeletingService.java:call(138)) - Running DeletedBlockTransactionScanner
2019-09-10 07:06:08,539 [SCMBlockDeletingService#1] DEBUG block.SCMBlockDeletingService (SCMBlockDeletingService.java:call(155)) - Scanned deleted blocks log and got 0 delTX to process.
2019-09-10 07:06:08,640 [SCMBlockDeletingService#1] DEBUG block.SCMBlockDeletingService (SCMBlockDeletingService.java:call(138)) - Running DeletedBlockTransactionScanner
2019-09-10 07:06:08,640 [SCMBlockDeletingService#1] DEBUG block.SCMBlockDeletingService (SCMBlockDeletingService.java:call(155)) - Scanned deleted blocks log and got 0 delTX to process.
2019-09-10 07:06:08,740 [SCMBlockDeletingService#1] DEBUG block.SCMBlockDeletingService (SCMBlockDeletingService.java:call(138)) - Running DeletedBlockTransactionScanner
2019-09-10 07:06:08,741 [SCMBlockDeletingService#1] DEBUG block.SCMBlockDeletingService (SCMBlockDeletingService.java:call(155)) - Scanned deleted blocks log and got 0 delTX to process.
2019-09-10 07:06:08,841 [SCMBlockDeletingService#0] DEBUG block.SCMBlockDeletingService (SCMBlockDeletingService.java:call(138)) - Running DeletedBlockTransactionScanner
2019-09-10 07:06:08,841 [SCMBlockDeletingService#0] DEBUG block.SCMBlockDeletingService (SCMBlockDeletingService.java:call(155)) - Scanned deleted blocks log and got 0 delTX to process.
2019-09-10 07:06:08,941 [SCMBlockDeletingService#0] DEBUG block.SCMBlockDeletingService (SCMBlockDeletingService.java:call(138)) - Running DeletedBlockTransactionScanner
2019-09-10 07:06:08,941 [SCMBlockDeletingService#0] DEBUG block.SCMBlockDeletingService (SCMBlockDeletingService.java:call(155)) - Scanned deleted blocks log and got 0 delTX to process.
2019-09-10 07:06:09,042 [SCMBlockDeletingService#0] DEBUG block.SCMBlockDeletingService (SCMBlockDeletingService.java:call(138)) - Running DeletedBlockTransactionScanner
2019-09-10 07:06:09,042 [SCMBlockDeletingService#0] DEBUG block.SCMBlockDeletingService (SCMBlockDeletingService.java:call(155)) - Scanned deleted blocks log and got 0 delTX to process.
2019-09-10 07:06:09,142 [SCMBlockDeletingService#0] DEBUG block.SCMBlockDeletingService (SCMBlockDeletingService.java:call(138)) - Running DeletedBlockTransactionScanner
2019-09-10 07:06:09,143 [SCMBlockDeletingService#0] DEBUG block.SCMBlockDeletingService (SCMBlockDeletingService.java:call(155)) - Scanned deleted blocks log and got 0 delTX to process.
2019-09-10 07:06:09,243 [SCMBlockDeletingService#0] DEBUG block.SCMBlockDeletingService (SCMBlockDeletingService.java:call(138)) - Running DeletedBlockTransactionScanner
2019-09-10 07:06:09,243 [SCMBlockDeletingService#0] DEBUG block.SCMBlockDeletingService (SCMBlockDeletingService.java:call(155)) - Scanned deleted blocks log and got 0 delTX to process.
2019-09-10 07:06:09,343 [SCMBlockDeletingService#0] DEBUG block.SCMBlockDeletingService (SCMBlockDeletingService.java:call(138)) - Running DeletedBlockTransactionScanner
2019-09-10 07:06:09,344 [SCMBlockDeletingService#0] DEBUG block.SCMBlockDeletingService (SCMBlockDeletingService.java:call(155)) - Scanned deleted blocks log and got 0 delTX to process.
2019-09-10 07:06:09,444 [SCMBlockDeletingService#0] DEBUG block.SCMBlockDeletingService (SCMBlockDeletingService.java:call(138)) - Running DeletedBlockTransactionScanner
2019-09-10 07:06:09,444 [SCMBlockDeletingService#0] DEBUG block.SCMBlockDeletingService (SCMBlockDeletingService.java:call(155)) - Scanned deleted blocks log and got 0 delTX to process.
2019-09-10 07:06:09,544 [SCMBlockDeletingService#0] DEBUG block.SCMBlockDeletingService (SCMBlockDeletingService.java:call(138)) - Running DeletedBlockTransactionScanner
2019-09-10 07:06:09,545 [SCMBlockDeletingService#0] DEBUG block.SCMBlockDeletingService (SCMBlockDeletingService.java:call(155)) - Scanned deleted blocks log and got 0 delTX to process.
2019-09-10 07:06:09,645 [SCMBlockDeletingService#0] DEBUG block.SCMBlockDeletingService (SCMBlockDeletingService.java:call(138)) - Running DeletedBlockTransactionScanner
2019-09-10 07:06:09,645 [SCMBlockDeletingService#0] DEBUG block.SCMBlockDeletingService (SCMBlockDeletingService.java:call(155)) - Scanned deleted blocks log and got 0 delTX to process.
2019-09-10 07:06:09,746 [SCMBlockDeletingService#0] DEBUG block.SCMBlockDeletingService (SCMBlockDeletingService.java:call(138)) - Running DeletedBlockTransactionScanner
2019-09-10 07:06:09,746 [SCMBlockDeletingService#0] DEBUG block.SCMBlockDeletingService (SCMBlockDeletingService.java:call(155)) - Scanned deleted blocks log and got 0 delTX to process.
2019-09-10 07:06:09,846 [SCMBlockDeletingService#0] DEBUG block.SCMBlockDeletingService (SCMBlockDeletingService.java:call(138)) - Running DeletedBlockTransactionScanner
2019-09-10 07:06:09,847 [SCMBlockDeletingService#0] DEBUG block.SCMBlockDeletingService (SCMBlockDeletingService.java:call(155)) - Scanned deleted blocks log and got 0 delTX to process.
2019-09-10 07:06:09,947 [SCMBlockDeletingService#0] DEBUG block.SCMBlockDeletingService (SCMBlockDeletingService.java:call(138)) - Running DeletedBlockTransactionScanner
2019-09-10 07:06:09,947 [SCMBlockDeletingService#0] DEBUG block.SCMBlockDeletingService (SCMBlockDeletingService.java:call(155)) - Scanned deleted blocks log and got 0 delTX to process.
2019-09-10 07:06:10,047 [SCMBlockDeletingService#0] DEBUG block.SCMBlockDeletingService (SCMBlockDeletingService.java:call(138)) - Running DeletedBlockTransactionScanner
2019-09-10 07:06:10,048 [SCMBlockDeletingService#0] DEBUG block.SCMBlockDeletingService (SCMBlockDeletingService.java:call(155)) - Scanned deleted blocks log and got 0 delTX to process.
2019-09-10 07:06:10,148 [SCMBlockDeletingService#0] DEBUG block.SCMBlockDeletingService (SCMBlockDeletingService.java:call(138)) - Running DeletedBlockTransactionScanner
2019-09-10 07:06:10,148 [SCMBlockDeletingService#0] DEBUG block.SCMBlockDeletingService (SCMBlockDeletingService.java:call(155)) - Scanned deleted blocks log and got 0 delTX to process.
2019-09-10 07:06:10,249 [SCMBlockDeletingService#0] DEBUG block.SCMBlockDeletingService (SCMBlockDeletingService.java:call(138)) - Running DeletedBlockTransactionScanner
2019-09-10 07:06:10,249 [SCMBlockDeletingService#0] DEBUG block.SCMBlockDeletingService (SCMBlockDeletingService.java:call(155)) - Scanned deleted blocks log and got 0 delTX to process.
2019-09-10 07:06:10,350 [SCMBlockDeletingService#0] DEBUG block.SCMBlockDeletingService (SCMBlockDeletingService.java:call(138)) - Running DeletedBlockTransactionScanner
2019-09-10 07:06:10,350 [SCMBlockDeletingService#0] DEBUG block.SCMBlockDeletingService (SCMBlockDeletingService.java:call(155)) - Scanned deleted blocks log and got 0 delTX to process.
2019-09-10 07:06:10,450 [SCMBlockDeletingService#0] DEBUG block.SCMBlockDeletingService (SCMBlockDeletingService.java:call(138)) - Running DeletedBlockTransactionScanner
2019-09-10 07:06:10,450 [SCMBlockDeletingService#0] DEBUG block.SCMBlockDeletingService (SCMBlockDeletingService.java:call(155)) - Scanned deleted blocks log and got 0 delTX to process.
2019-09-10 07:06:10,551 [SCMBlockDeletingService#0] DEBUG block.SCMBlockDeletingService (SCMBlockDeletingService.java:call(138)) - Running DeletedBlockTransactionScanner
2019-09-10 07:06:10,551 [SCMBlockDeletingService#0] DEBUG block.SCMBlockDeletingService (SCMBlockDeletingService.java:call(155)) - Scanned deleted blocks log and got 0 delTX to process.
2019-09-10 07:06:10,651 [SCMBlockDeletingService#0] DEBUG block.SCMBlockDeletingService (SCMBlockDeletingService.java:call(138)) - Running DeletedBlockTransactionScanner
2019-09-10 07:06:10,651 [SCMBlockDeletingService#0] DEBUG block.SCMBlockDeletingService (SCMBlockDeletingService.java:call(155)) - Scanned deleted blocks log and got 0 delTX to process.
2019-09-10 07:06:10,752 [SCMBlockDeletingService#0] DEBUG block.SCMBlockDeletingService (SCMBlockDeletingService.java:call(138)) - Running DeletedBlockTransactionScanner
2019-09-10 07:06:10,752 [SCMBlockDeletingService#0] DEBUG block.SCMBlockDeletingService (SCMBlockDeletingService.java:call(155)) - Scanned deleted blocks log and got 0 delTX to process.
2019-09-10 07:06:10,852 [SCMBlockDeletingService#0] DEBUG block.SCMBlockDeletingService (SCMBlockDeletingService.java:call(138)) - Running DeletedBlockTransactionScanner
2019-09-10 07:06:10,852 [SCMBlockDeletingService#0] DEBUG block.SCMBlockDeletingService (SCMBlockDeletingService.java:call(155)) - Scanned deleted blocks log and got 0 delTX to process.
2019-09-10 07:06:10,953 [SCMBlockDeletingService#0] DEBUG block.SCMBlockDeletingService (SCMBlockDeletingService.java:call(138)) - Running DeletedBlockTransactionScanner
2019-09-10 07:06:10,953 [SCMBlockDeletingService#0] DEBUG block.SCMBlockDeletingService (SCMBlockDeletingService.java:call(155)) - Scanned deleted blocks log and got 0 delTX to process.
2019-09-10 07:06:11,053 [SCMBlockDeletingService#0] DEBUG block.SCMBlockDeletingService (SCMBlockDeletingService.java:call(138)) - Running DeletedBlockTransactionScanner
2019-09-10 07:06:11,054 [SCMBlockDeletingService#0] DEBUG block.SCMBlockDeletingService (SCMBlockDeletingService.java:call(155)) - Scanned deleted blocks log and got 0 delTX to process.
2019-09-10 07:06:11,154 [SCMBlockDeletingService#0] DEBUG block.SCMBlockDeletingService (SCMBlockDeletingService.java:call(138)) - Running DeletedBlockTransactionScanner
2019-09-10 07:06:11,154 [SCMBlockDeletingService#0] DEBUG block.SCMBlockDeletingService (SCMBlockDeletingService.java:call(155)) - Scanned deleted blocks log and got 0 delTX to process.
2019-09-10 07:06:11,255 [SCMBlockDeletingService#0] DEBUG block.SCMBlockDeletingService (SCMBlockDeletingService.java:call(138)) - Running DeletedBlockTransactionScanner
2019-09-10 07:06:11,255 [SCMBlockDeletingService#0] DEBUG block.SCMBlockDeletingService (SCMBlockDeletingService.java:call(155)) - Scanned deleted blocks log and got 0 delTX to process.
2019-09-10 07:06:11,355 [SCMBlockDeletingService#0] DEBUG block.SCMBlockDeletingService (SCMBlockDeletingService.java:call(138)) - Running DeletedBlockTransactionScanner
2019-09-10 07:06:11,356 [SCMBlockDeletingService#0] DEBUG block.SCMBlockDeletingService (SCMBlockDeletingService.java:call(155)) - Scanned deleted blocks log and got 0 delTX to process.
2019-09-10 07:06:11,456 [SCMBlockDeletingService#0] DEBUG block.SCMBlockDeletingService (SCMBlockDeletingService.java:call(138)) - Running DeletedBlockTransactionScanner
2019-09-10 07:06:11,456 [SCMBlockDeletingService#0] DEBUG block.SCMBlockDeletingService (SCMBlockDeletingService.java:call(155)) - Scanned deleted blocks log and got 0 delTX to process.
2019-09-10 07:06:11,557 [SCMBlockDeletingService#0] DEBUG block.SCMBlockDeletingService (SCMBlockDeletingService.java:call(138)) - Running DeletedBlockTransactionScanner
2019-09-10 07:06:11,557 [SCMBlockDeletingService#0] DEBUG block.SCMBlockDeletingService (SCMBlockDeletingService.java:call(155)) - Scanned deleted blocks log and got 0 delTX to process.
2019-09-10 07:06:11,657 [SCMBlockDeletingService#0] DEBUG block.SCMBlockDeletingService (SCMBlockDeletingService.java:call(138)) - Running DeletedBlockTransactionScanner
2019-09-10 07:06:11,657 [SCMBlockDeletingService#0] DEBUG block.SCMBlockDeletingService (SCMBlockDeletingService.java:call(155)) - Scanned deleted blocks log and got 0 delTX to process.
2019-09-10 07:06:11,758 [SCMBlockDeletingService#0] DEBUG block.SCMBlockDeletingService (SCMBlockDeletingService.java:call(138)) - Running DeletedBlockTransactionScanner
2019-09-10 07:06:11,758 [SCMBlockDeletingService#0] DEBUG block.SCMBlockDeletingService (SCMBlockDeletingService.java:call(155)) - Scanned deleted blocks log and got 0 delTX to process.
2019-09-10 07:06:11,858 [SCMBlockDeletingService#0] DEBUG block.SCMBlockDeletingService (SCMBlockDeletingService.java:call(138)) - Running DeletedBlockTransactionScanner
2019-09-10 07:06:11,859 [SCMBlockDeletingService#0] DEBUG block.SCMBlockDeletingService (SCMBlockDeletingService.java:call(155)) - Scanned deleted blocks log and got 0 delTX to process.
2019-09-10 07:06:11,959 [SCMBlockDeletingService#0] DEBUG block.SCMBlockDeletingService (SCMBlockDeletingService.java:call(138)) - Running DeletedBlockTransactionScanner
2019-09-10 07:06:11,959 [SCMBlockDeletingService#0] DEBUG block.SCMBlockDeletingService (SCMBlockDeletingService.java:call(155)) - Scanned deleted blocks log and got 0 delTX to process.
2019-09-10 07:06:12,060 [SCMBlockDeletingService#0] DEBUG block.SCMBlockDeletingService (SCMBlockDeletingService.java:call(138)) - Running DeletedBlockTransactionScanner
2019-09-10 07:06:12,060 [SCMBlockDeletingService#0] DEBUG block.SCMBlockDeletingService (SCMBlockDeletingService.java:call(155)) - Scanned deleted blocks log and got 0 delTX to process.
2019-09-10 07:06:12,085 [05f13708-5e6e-4ea1-a525-a3c8f7f54426@group-34B10843FE54-SegmentedRaftLogWorker] WARN  segmented.SegmentedRaftLogWorker (SegmentedRaftLogWorker.java:getFromFuture(90)) - Timeout 17/~
org.apache.ratis.protocol.TimeoutIOException: Timeout 10s: WriteLog:16: (t:1, i:16), STATEMACHINELOGENTRY, client-7F424F215E90, cid=11-writeStateMachineData
	at org.apache.ratis.util.IOUtils.getFromFuture(IOUtils.java:87)
	at org.apache.ratis.server.raftlog.segmented.SegmentedRaftLogWorker$StateMachineDataPolicy.getFromFuture(SegmentedRaftLogWorker.java:87)
	at org.apache.ratis.server.raftlog.segmented.SegmentedRaftLogWorker$WriteLog.execute(SegmentedRaftLogWorker.java:477)
	at org.apache.ratis.server.raftlog.segmented.SegmentedRaftLogWorker.run(SegmentedRaftLogWorker.java:289)
	at java.lang.Thread.run(Thread.java:748)
Caused by: java.util.concurrent.TimeoutException
	at java.util.concurrent.CompletableFuture.timedGet(CompletableFuture.java:1771)
	at java.util.concurrent.CompletableFuture.get(CompletableFuture.java:1915)
	at org.apache.ratis.util.IOUtils.getFromFuture(IOUtils.java:79)
	... 4 more
2019-09-10 07:06:12,160 [SCMBlockDeletingService#0] DEBUG block.SCMBlockDeletingService (SCMBlockDeletingService.java:call(138)) - Running DeletedBlockTransactionScanner
2019-09-10 07:06:12,161 [SCMBlockDeletingService#0] DEBUG block.SCMBlockDeletingService (SCMBlockDeletingService.java:call(155)) - Scanned deleted blocks log and got 0 delTX to process.
2019-09-10 07:06:12,261 [SCMBlockDeletingService#0] DEBUG block.SCMBlockDeletingService (SCMBlockDeletingService.java:call(138)) - Running DeletedBlockTransactionScanner
2019-09-10 07:06:12,261 [SCMBlockDeletingService#0] DEBUG block.SCMBlockDeletingService (SCMBlockDeletingService.java:call(155)) - Scanned deleted blocks log and got 0 delTX to process.
2019-09-10 07:06:12,362 [SCMBlockDeletingService#0] DEBUG block.SCMBlockDeletingService (SCMBlockDeletingService.java:call(138)) - Running DeletedBlockTransactionScanner
2019-09-10 07:06:12,362 [SCMBlockDeletingService#0] DEBUG block.SCMBlockDeletingService (SCMBlockDeletingService.java:call(155)) - Scanned deleted blocks log and got 0 delTX to process.
2019-09-10 07:06:12,462 [SCMBlockDeletingService#0] DEBUG block.SCMBlockDeletingService (SCMBlockDeletingService.java:call(138)) - Running DeletedBlockTransactionScanner
2019-09-10 07:06:12,462 [SCMBlockDeletingService#0] DEBUG block.SCMBlockDeletingService (SCMBlockDeletingService.java:call(155)) - Scanned deleted blocks log and got 0 delTX to process.
2019-09-10 07:06:12,563 [SCMBlockDeletingService#0] DEBUG block.SCMBlockDeletingService (SCMBlockDeletingService.java:call(138)) - Running DeletedBlockTransactionScanner
2019-09-10 07:06:12,563 [SCMBlockDeletingService#0] DEBUG block.SCMBlockDeletingService (SCMBlockDeletingService.java:call(155)) - Scanned deleted blocks log and got 0 delTX to process.
2019-09-10 07:06:12,663 [SCMBlockDeletingService#0] DEBUG block.SCMBlockDeletingService (SCMBlockDeletingService.java:call(138)) - Running DeletedBlockTransactionScanner
2019-09-10 07:06:12,664 [SCMBlockDeletingService#0] DEBUG block.SCMBlockDeletingService (SCMBlockDeletingService.java:call(155)) - Scanned deleted blocks log and got 0 delTX to process.
2019-09-10 07:06:12,764 [SCMBlockDeletingService#0] DEBUG block.SCMBlockDeletingService (SCMBlockDeletingService.java:call(138)) - Running DeletedBlockTransactionScanner
2019-09-10 07:06:12,764 [SCMBlockDeletingService#0] DEBUG block.SCMBlockDeletingService (SCMBlockDeletingService.java:call(155)) - Scanned deleted blocks log and got 0 delTX to process.
2019-09-10 07:06:12,865 [SCMBlockDeletingService#0] DEBUG block.SCMBlockDeletingService (SCMBlockDeletingService.java:call(138)) - Running DeletedBlockTransactionScanner
2019-09-10 07:06:12,865 [SCMBlockDeletingService#0] DEBUG block.SCMBlockDeletingService (SCMBlockDeletingService.java:call(155)) - Scanned deleted blocks log and got 0 delTX to process.
2019-09-10 07:06:12,965 [SCMBlockDeletingService#0] DEBUG block.SCMBlockDeletingService (SCMBlockDeletingService.java:call(138)) - Running DeletedBlockTransactionScanner
2019-09-10 07:06:12,966 [SCMBlockDeletingService#0] DEBUG block.SCMBlockDeletingService (SCMBlockDeletingService.java:call(155)) - Scanned deleted blocks log and got 0 delTX to process.
2019-09-10 07:06:13,066 [SCMBlockDeletingService#0] DEBUG block.SCMBlockDeletingService (SCMBlockDeletingService.java:call(138)) - Running DeletedBlockTransactionScanner
2019-09-10 07:06:13,067 [SCMBlockDeletingService#0] DEBUG block.SCMBlockDeletingService (SCMBlockDeletingService.java:call(155)) - Scanned deleted blocks log and got 0 delTX to process.
2019-09-10 07:06:13,167 [SCMBlockDeletingService#0] DEBUG block.SCMBlockDeletingService (SCMBlockDeletingService.java:call(138)) - Running DeletedBlockTransactionScanner
2019-09-10 07:06:13,168 [SCMBlockDeletingService#0] DEBUG block.SCMBlockDeletingService (SCMBlockDeletingService.java:call(155)) - Scanned deleted blocks log and got 0 delTX to process.
2019-09-10 07:06:13,268 [SCMBlockDeletingService#0] DEBUG block.SCMBlockDeletingService (SCMBlockDeletingService.java:call(138)) - Running DeletedBlockTransactionScanner
2019-09-10 07:06:13,268 [SCMBlockDeletingService#0] DEBUG block.SCMBlockDeletingService (SCMBlockDeletingService.java:call(155)) - Scanned deleted blocks log and got 0 delTX to process.
2019-09-10 07:06:13,369 [SCMBlockDeletingService#0] DEBUG block.SCMBlockDeletingService (SCMBlockDeletingService.java:call(138)) - Running DeletedBlockTransactionScanner
2019-09-10 07:06:13,369 [SCMBlockDeletingService#0] DEBUG block.SCMBlockDeletingService (SCMBlockDeletingService.java:call(155)) - Scanned deleted blocks log and got 0 delTX to process.
2019-09-10 07:06:13,469 [SCMBlockDeletingService#0] DEBUG block.SCMBlockDeletingService (SCMBlockDeletingService.java:call(138)) - Running DeletedBlockTransactionScanner
2019-09-10 07:06:13,470 [SCMBlockDeletingService#0] DEBUG block.SCMBlockDeletingService (SCMBlockDeletingService.java:call(155)) - Scanned deleted blocks log and got 0 delTX to process.
2019-09-10 07:06:13,570 [SCMBlockDeletingService#0] DEBUG block.SCMBlockDeletingService (SCMBlockDeletingService.java:call(138)) - Running DeletedBlockTransactionScanner
2019-09-10 07:06:13,570 [SCMBlockDeletingService#0] DEBUG block.SCMBlockDeletingService (SCMBlockDeletingService.java:call(155)) - Scanned deleted blocks log and got 0 delTX to process.
2019-09-10 07:06:13,671 [SCMBlockDeletingService#0] DEBUG block.SCMBlockDeletingService (SCMBlockDeletingService.java:call(138)) - Running DeletedBlockTransactionScanner
2019-09-10 07:06:13,671 [SCMBlockDeletingService#0] DEBUG block.SCMBlockDeletingService (SCMBlockDeletingService.java:call(155)) - Scanned deleted blocks log and got 0 delTX to process.
2019-09-10 07:06:13,771 [SCMBlockDeletingService#0] DEBUG block.SCMBlockDeletingService (SCMBlockDeletingService.java:call(138)) - Running DeletedBlockTransactionScanner
2019-09-10 07:06:13,771 [SCMBlockDeletingService#0] DEBUG block.SCMBlockDeletingService (SCMBlockDeletingService.java:call(155)) - Scanned deleted blocks log and got 0 delTX to process.
2019-09-10 07:06:13,872 [SCMBlockDeletingService#0] DEBUG block.SCMBlockDeletingService (SCMBlockDeletingService.java:call(138)) - Running DeletedBlockTransactionScanner
2019-09-10 07:06:13,872 [SCMBlockDeletingService#0] DEBUG block.SCMBlockDeletingService (SCMBlockDeletingService.java:call(155)) - Scanned deleted blocks log and got 0 delTX to process.
2019-09-10 07:06:13,972 [SCMBlockDeletingService#0] DEBUG block.SCMBlockDeletingService (SCMBlockDeletingService.java:call(138)) - Running DeletedBlockTransactionScanner
2019-09-10 07:06:13,973 [SCMBlockDeletingService#0] DEBUG block.SCMBlockDeletingService (SCMBlockDeletingService.java:call(155)) - Scanned deleted blocks log and got 0 delTX to process.
2019-09-10 07:06:14,073 [SCMBlockDeletingService#0] DEBUG block.SCMBlockDeletingService (SCMBlockDeletingService.java:call(138)) - Running DeletedBlockTransactionScanner
2019-09-10 07:06:14,073 [SCMBlockDeletingService#0] DEBUG block.SCMBlockDeletingService (SCMBlockDeletingService.java:call(155)) - Scanned deleted blocks log and got 0 delTX to process.
2019-09-10 07:06:14,174 [SCMBlockDeletingService#0] DEBUG block.SCMBlockDeletingService (SCMBlockDeletingService.java:call(138)) - Running DeletedBlockTransactionScanner
2019-09-10 07:06:14,174 [SCMBlockDeletingService#0] DEBUG block.SCMBlockDeletingService (SCMBlockDeletingService.java:call(155)) - Scanned deleted blocks log and got 0 delTX to process.
2019-09-10 07:06:14,274 [SCMBlockDeletingService#0] DEBUG block.SCMBlockDeletingService (SCMBlockDeletingService.java:call(138)) - Running DeletedBlockTransactionScanner
2019-09-10 07:06:14,275 [SCMBlockDeletingService#0] DEBUG block.SCMBlockDeletingService (SCMBlockDeletingService.java:call(155)) - Scanned deleted blocks log and got 0 delTX to process.
2019-09-10 07:06:14,375 [SCMBlockDeletingService#0] DEBUG block.SCMBlockDeletingService (SCMBlockDeletingService.java:call(138)) - Running DeletedBlockTransactionScanner
2019-09-10 07:06:14,375 [SCMBlockDeletingService#0] DEBUG block.SCMBlockDeletingService (SCMBlockDeletingService.java:call(155)) - Scanned deleted blocks log and got 0 delTX to process.
2019-09-10 07:06:14,475 [SCMBlockDeletingService#0] DEBUG block.SCMBlockDeletingService (SCMBlockDeletingService.java:call(138)) - Running DeletedBlockTransactionScanner
2019-09-10 07:06:14,476 [SCMBlockDeletingService#0] DEBUG block.SCMBlockDeletingService (SCMBlockDeletingService.java:call(155)) - Scanned deleted blocks log and got 0 delTX to process.
2019-09-10 07:06:14,576 [SCMBlockDeletingService#0] DEBUG block.SCMBlockDeletingService (SCMBlockDeletingService.java:call(138)) - Running DeletedBlockTransactionScanner
2019-09-10 07:06:14,576 [SCMBlockDeletingService#0] DEBUG block.SCMBlockDeletingService (SCMBlockDeletingService.java:call(155)) - Scanned deleted blocks log and got 0 delTX to process.
2019-09-10 07:06:14,676 [SCMBlockDeletingService#0] DEBUG block.SCMBlockDeletingService (SCMBlockDeletingService.java:call(138)) - Running DeletedBlockTransactionScanner
2019-09-10 07:06:14,677 [SCMBlockDeletingService#0] DEBUG block.SCMBlockDeletingService (SCMBlockDeletingService.java:call(155)) - Scanned deleted blocks log and got 0 delTX to process.
2019-09-10 07:06:14,777 [SCMBlockDeletingService#0] DEBUG block.SCMBlockDeletingService (SCMBlockDeletingService.java:call(138)) - Running DeletedBlockTransactionScanner
2019-09-10 07:06:14,777 [SCMBlockDeletingService#0] DEBUG block.SCMBlockDeletingService (SCMBlockDeletingService.java:call(155)) - Scanned deleted blocks log and got 0 delTX to process.
2019-09-10 07:06:14,877 [SCMBlockDeletingService#0] DEBUG block.SCMBlockDeletingService (SCMBlockDeletingService.java:call(138)) - Running DeletedBlockTransactionScanner
2019-09-10 07:06:14,878 [SCMBlockDeletingService#0] DEBUG block.SCMBlockDeletingService (SCMBlockDeletingService.java:call(155)) - Scanned deleted blocks log and got 0 delTX to process.
2019-09-10 07:06:14,978 [SCMBlockDeletingService#0] DEBUG block.SCMBlockDeletingService (SCMBlockDeletingService.java:call(138)) - Running DeletedBlockTransactionScanner
2019-09-10 07:06:14,978 [SCMBlockDeletingService#0] DEBUG block.SCMBlockDeletingService (SCMBlockDeletingService.java:call(155)) - Scanned deleted blocks log and got 0 delTX to process.
2019-09-10 07:06:15,079 [SCMBlockDeletingService#0] DEBUG block.SCMBlockDeletingService (SCMBlockDeletingService.java:call(138)) - Running DeletedBlockTransactionScanner
2019-09-10 07:06:15,079 [SCMBlockDeletingService#0] DEBUG block.SCMBlockDeletingService (SCMBlockDeletingService.java:call(155)) - Scanned deleted blocks log and got 0 delTX to process.
2019-09-10 07:06:15,179 [SCMBlockDeletingService#0] DEBUG block.SCMBlockDeletingService (SCMBlockDeletingService.java:call(138)) - Running DeletedBlockTransactionScanner
2019-09-10 07:06:15,179 [SCMBlockDeletingService#0] DEBUG block.SCMBlockDeletingService (SCMBlockDeletingService.java:call(155)) - Scanned deleted blocks log and got 0 delTX to process.
2019-09-10 07:06:15,280 [SCMBlockDeletingService#0] DEBUG block.SCMBlockDeletingService (SCMBlockDeletingService.java:call(138)) - Running DeletedBlockTransactionScanner
2019-09-10 07:06:15,280 [SCMBlockDeletingService#0] DEBUG block.SCMBlockDeletingService (SCMBlockDeletingService.java:call(155)) - Scanned deleted blocks log and got 0 delTX to process.
2019-09-10 07:06:15,380 [SCMBlockDeletingService#0] DEBUG block.SCMBlockDeletingService (SCMBlockDeletingService.java:call(138)) - Running DeletedBlockTransactionScanner
2019-09-10 07:06:15,380 [SCMBlockDeletingService#0] DEBUG block.SCMBlockDeletingService (SCMBlockDeletingService.java:call(155)) - Scanned deleted blocks log and got 0 delTX to process.
2019-09-10 07:06:15,481 [SCMBlockDeletingService#0] DEBUG block.SCMBlockDeletingService (SCMBlockDeletingService.java:call(138)) - Running DeletedBlockTransactionScanner
2019-09-10 07:06:15,481 [SCMBlockDeletingService#0] DEBUG block.SCMBlockDeletingService (SCMBlockDeletingService.java:call(155)) - Scanned deleted blocks log and got 0 delTX to process.
2019-09-10 07:06:15,581 [SCMBlockDeletingService#0] DEBUG block.SCMBlockDeletingService (SCMBlockDeletingService.java:call(138)) - Running DeletedBlockTransactionScanner
2019-09-10 07:06:15,581 [SCMBlockDeletingService#0] DEBUG block.SCMBlockDeletingService (SCMBlockDeletingService.java:call(155)) - Scanned deleted blocks log and got 0 delTX to process.
2019-09-10 07:06:15,682 [SCMBlockDeletingService#0] DEBUG block.SCMBlockDeletingService (SCMBlockDeletingService.java:call(138)) - Running DeletedBlockTransactionScanner
2019-09-10 07:06:15,682 [SCMBlockDeletingService#0] DEBUG block.SCMBlockDeletingService (SCMBlockDeletingService.java:call(155)) - Scanned deleted blocks log and got 0 delTX to process.
2019-09-10 07:06:15,782 [SCMBlockDeletingService#0] DEBUG block.SCMBlockDeletingService (SCMBlockDeletingService.java:call(138)) - Running DeletedBlockTransactionScanner
2019-09-10 07:06:15,782 [SCMBlockDeletingService#0] DEBUG block.SCMBlockDeletingService (SCMBlockDeletingService.java:call(155)) - Scanned deleted blocks log and got 0 delTX to process.
2019-09-10 07:06:15,883 [SCMBlockDeletingService#0] DEBUG block.SCMBlockDeletingService (SCMBlockDeletingService.java:call(138)) - Running DeletedBlockTransactionScanner
2019-09-10 07:06:15,883 [SCMBlockDeletingService#0] DEBUG block.SCMBlockDeletingService (SCMBlockDeletingService.java:call(155)) - Scanned deleted blocks log and got 0 delTX to process.
2019-09-10 07:06:15,983 [SCMBlockDeletingService#0] DEBUG block.SCMBlockDeletingService (SCMBlockDeletingService.java:call(138)) - Running DeletedBlockTransactionScanner
2019-09-10 07:06:15,984 [SCMBlockDeletingService#0] DEBUG block.SCMBlockDeletingService (SCMBlockDeletingService.java:call(155)) - Scanned deleted blocks log and got 0 delTX to process.
2019-09-10 07:06:16,084 [SCMBlockDeletingService#0] DEBUG block.SCMBlockDeletingService (SCMBlockDeletingService.java:call(138)) - Running DeletedBlockTransactionScanner
2019-09-10 07:06:16,084 [SCMBlockDeletingService#0] DEBUG block.SCMBlockDeletingService (SCMBlockDeletingService.java:call(155)) - Scanned deleted blocks log and got 0 delTX to process.
2019-09-10 07:06:16,185 [SCMBlockDeletingService#0] DEBUG block.SCMBlockDeletingService (SCMBlockDeletingService.java:call(138)) - Running DeletedBlockTransactionScanner
2019-09-10 07:06:16,185 [SCMBlockDeletingService#0] DEBUG block.SCMBlockDeletingService (SCMBlockDeletingService.java:call(155)) - Scanned deleted blocks log and got 0 delTX to process.
2019-09-10 07:06:16,286 [SCMBlockDeletingService#0] DEBUG block.SCMBlockDeletingService (SCMBlockDeletingService.java:call(138)) - Running DeletedBlockTransactionScanner
2019-09-10 07:06:16,286 [SCMBlockDeletingService#0] DEBUG block.SCMBlockDeletingService (SCMBlockDeletingService.java:call(155)) - Scanned deleted blocks log and got 0 delTX to process.
2019-09-10 07:06:16,386 [SCMBlockDeletingService#0] DEBUG block.SCMBlockDeletingService (SCMBlockDeletingService.java:call(138)) - Running DeletedBlockTransactionScanner
2019-09-10 07:06:16,387 [SCMBlockDeletingService#0] DEBUG block.SCMBlockDeletingService (SCMBlockDeletingService.java:call(155)) - Scanned deleted blocks log and got 0 delTX to process.
2019-09-10 07:06:16,487 [SCMBlockDeletingService#0] DEBUG block.SCMBlockDeletingService (SCMBlockDeletingService.java:call(138)) - Running DeletedBlockTransactionScanner
2019-09-10 07:06:16,487 [SCMBlockDeletingService#0] DEBUG block.SCMBlockDeletingService (SCMBlockDeletingService.java:call(155)) - Scanned deleted blocks log and got 0 delTX to process.
2019-09-10 07:06:16,587 [SCMBlockDeletingService#0] DEBUG block.SCMBlockDeletingService (SCMBlockDeletingService.java:call(138)) - Running DeletedBlockTransactionScanner
2019-09-10 07:06:16,588 [SCMBlockDeletingService#0] DEBUG block.SCMBlockDeletingService (SCMBlockDeletingService.java:call(155)) - Scanned deleted blocks log and got 0 delTX to process.
2019-09-10 07:06:16,688 [SCMBlockDeletingService#0] DEBUG block.SCMBlockDeletingService (SCMBlockDeletingService.java:call(138)) - Running DeletedBlockTransactionScanner
2019-09-10 07:06:16,688 [SCMBlockDeletingService#0] DEBUG block.SCMBlockDeletingService (SCMBlockDeletingService.java:call(155)) - Scanned deleted blocks log and got 0 delTX to process.
2019-09-10 07:06:16,789 [SCMBlockDeletingService#0] DEBUG block.SCMBlockDeletingService (SCMBlockDeletingService.java:call(138)) - Running DeletedBlockTransactionScanner
2019-09-10 07:06:16,789 [SCMBlockDeletingService#0] DEBUG block.SCMBlockDeletingService (SCMBlockDeletingService.java:call(155)) - Scanned deleted blocks log and got 0 delTX to process.
2019-09-10 07:06:16,889 [SCMBlockDeletingService#0] DEBUG block.SCMBlockDeletingService (SCMBlockDeletingService.java:call(138)) - Running DeletedBlockTransactionScanner
2019-09-10 07:06:16,890 [SCMBlockDeletingService#0] DEBUG block.SCMBlockDeletingService (SCMBlockDeletingService.java:call(155)) - Scanned deleted blocks log and got 0 delTX to process.
2019-09-10 07:06:16,990 [SCMBlockDeletingService#0] DEBUG block.SCMBlockDeletingService (SCMBlockDeletingService.java:call(138)) - Running DeletedBlockTransactionScanner
2019-09-10 07:06:16,990 [SCMBlockDeletingService#0] DEBUG block.SCMBlockDeletingService (SCMBlockDeletingService.java:call(155)) - Scanned deleted blocks log and got 0 delTX to process.
2019-09-10 07:06:17,091 [SCMBlockDeletingService#0] DEBUG block.SCMBlockDeletingService (SCMBlockDeletingService.java:call(138)) - Running DeletedBlockTransactionScanner
2019-09-10 07:06:17,091 [SCMBlockDeletingService#0] DEBUG block.SCMBlockDeletingService (SCMBlockDeletingService.java:call(155)) - Scanned deleted blocks log and got 0 delTX to process.
2019-09-10 07:06:17,191 [SCMBlockDeletingService#0] DEBUG block.SCMBlockDeletingService (SCMBlockDeletingService.java:call(138)) - Running DeletedBlockTransactionScanner
2019-09-10 07:06:17,192 [SCMBlockDeletingService#0] DEBUG block.SCMBlockDeletingService (SCMBlockDeletingService.java:call(155)) - Scanned deleted blocks log and got 0 delTX to process.
2019-09-10 07:06:17,292 [SCMBlockDeletingService#0] DEBUG block.SCMBlockDeletingService (SCMBlockDeletingService.java:call(138)) - Running DeletedBlockTransactionScanner
2019-09-10 07:06:17,292 [SCMBlockDeletingService#0] DEBUG block.SCMBlockDeletingService (SCMBlockDeletingService.java:call(155)) - Scanned deleted blocks log and got 0 delTX to process.
2019-09-10 07:06:17,392 [SCMBlockDeletingService#0] DEBUG block.SCMBlockDeletingService (SCMBlockDeletingService.java:call(138)) - Running DeletedBlockTransactionScanner
2019-09-10 07:06:17,393 [SCMBlockDeletingService#0] DEBUG block.SCMBlockDeletingService (SCMBlockDeletingService.java:call(155)) - Scanned deleted blocks log and got 0 delTX to process.
2019-09-10 07:06:17,493 [SCMBlockDeletingService#0] DEBUG block.SCMBlockDeletingService (SCMBlockDeletingService.java:call(138)) - Running DeletedBlockTransactionScanner
2019-09-10 07:06:17,493 [SCMBlockDeletingService#0] DEBUG block.SCMBlockDeletingService (SCMBlockDeletingService.java:call(155)) - Scanned deleted blocks log and got 0 delTX to process.
2019-09-10 07:06:17,593 [SCMBlockDeletingService#0] DEBUG block.SCMBlockDeletingService (SCMBlockDeletingService.java:call(138)) - Running DeletedBlockTransactionScanner
2019-09-10 07:06:17,594 [SCMBlockDeletingService#0] DEBUG block.SCMBlockDeletingService (SCMBlockDeletingService.java:call(155)) - Scanned deleted blocks log and got 0 delTX to process.
2019-09-10 07:06:17,694 [SCMBlockDeletingService#0] DEBUG block.SCMBlockDeletingService (SCMBlockDeletingService.java:call(138)) - Running DeletedBlockTransactionScanner
2019-09-10 07:06:17,694 [SCMBlockDeletingService#0] DEBUG block.SCMBlockDeletingService (SCMBlockDeletingService.java:call(155)) - Scanned deleted blocks log and got 0 delTX to process.
2019-09-10 07:06:17,795 [SCMBlockDeletingService#0] DEBUG block.SCMBlockDeletingService (SCMBlockDeletingService.java:call(138)) - Running DeletedBlockTransactionScanner
2019-09-10 07:06:17,795 [SCMBlockDeletingService#0] DEBUG block.SCMBlockDeletingService (SCMBlockDeletingService.java:call(155)) - Scanned deleted blocks log and got 0 delTX to process.
2019-09-10 07:06:17,895 [SCMBlockDeletingService#0] DEBUG block.SCMBlockDeletingService (SCMBlockDeletingService.java:call(138)) - Running DeletedBlockTransactionScanner
2019-09-10 07:06:17,895 [SCMBlockDeletingService#0] DEBUG block.SCMBlockDeletingService (SCMBlockDeletingService.java:call(155)) - Scanned deleted blocks log and got 0 delTX to process.
2019-09-10 07:06:17,996 [SCMBlockDeletingService#0] DEBUG block.SCMBlockDeletingService (SCMBlockDeletingService.java:call(138)) - Running DeletedBlockTransactionScanner
2019-09-10 07:06:17,996 [SCMBlockDeletingService#0] DEBUG block.SCMBlockDeletingService (SCMBlockDeletingService.java:call(155)) - Scanned deleted blocks log and got 0 delTX to process.
2019-09-10 07:06:18,096 [SCMBlockDeletingService#0] DEBUG block.SCMBlockDeletingService (SCMBlockDeletingService.java:call(138)) - Running DeletedBlockTransactionScanner
2019-09-10 07:06:18,097 [SCMBlockDeletingService#0] DEBUG block.SCMBlockDeletingService (SCMBlockDeletingService.java:call(155)) - Scanned deleted blocks log and got 0 delTX to process.
2019-09-10 07:06:18,197 [SCMBlockDeletingService#0] DEBUG block.SCMBlockDeletingService (SCMBlockDeletingService.java:call(138)) - Running DeletedBlockTransactionScanner
2019-09-10 07:06:18,197 [SCMBlockDeletingService#0] DEBUG block.SCMBlockDeletingService (SCMBlockDeletingService.java:call(155)) - Scanned deleted blocks log and got 0 delTX to process.
2019-09-10 07:06:18,297 [SCMBlockDeletingService#0] DEBUG block.SCMBlockDeletingService (SCMBlockDeletingService.java:call(138)) - Running DeletedBlockTransactionScanner
2019-09-10 07:06:18,298 [SCMBlockDeletingService#0] DEBUG block.SCMBlockDeletingService (SCMBlockDeletingService.java:call(155)) - Scanned deleted blocks log and got 0 delTX to process.
2019-09-10 07:06:18,398 [SCMBlockDeletingService#0] DEBUG block.SCMBlockDeletingService (SCMBlockDeletingService.java:call(138)) - Running DeletedBlockTransactionScanner
2019-09-10 07:06:18,398 [SCMBlockDeletingService#0] DEBUG block.SCMBlockDeletingService (SCMBlockDeletingService.java:call(155)) - Scanned deleted blocks log and got 0 delTX to process.
2019-09-10 07:06:18,499 [SCMBlockDeletingService#0] DEBUG block.SCMBlockDeletingService (SCMBlockDeletingService.java:call(138)) - Running DeletedBlockTransactionScanner
2019-09-10 07:06:18,499 [SCMBlockDeletingService#0] DEBUG block.SCMBlockDeletingService (SCMBlockDeletingService.java:call(155)) - Scanned deleted blocks log and got 0 delTX to process.
2019-09-10 07:06:18,599 [SCMBlockDeletingService#0] DEBUG block.SCMBlockDeletingService (SCMBlockDeletingService.java:call(138)) - Running DeletedBlockTransactionScanner
2019-09-10 07:06:18,600 [SCMBlockDeletingService#0] DEBUG block.SCMBlockDeletingService (SCMBlockDeletingService.java:call(155)) - Scanned deleted blocks log and got 0 delTX to process.
2019-09-10 07:06:18,700 [SCMBlockDeletingService#0] DEBUG block.SCMBlockDeletingService (SCMBlockDeletingService.java:call(138)) - Running DeletedBlockTransactionScanner
2019-09-10 07:06:18,700 [SCMBlockDeletingService#0] DEBUG block.SCMBlockDeletingService (SCMBlockDeletingService.java:call(155)) - Scanned deleted blocks log and got 0 delTX to process.
2019-09-10 07:06:18,801 [SCMBlockDeletingService#0] DEBUG block.SCMBlockDeletingService (SCMBlockDeletingService.java:call(138)) - Running DeletedBlockTransactionScanner
2019-09-10 07:06:18,801 [SCMBlockDeletingService#0] DEBUG block.SCMBlockDeletingService (SCMBlockDeletingService.java:call(155)) - Scanned deleted blocks log and got 0 delTX to process.
2019-09-10 07:06:18,901 [SCMBlockDeletingService#0] DEBUG block.SCMBlockDeletingService (SCMBlockDeletingService.java:call(138)) - Running DeletedBlockTransactionScanner
2019-09-10 07:06:18,901 [SCMBlockDeletingService#0] DEBUG block.SCMBlockDeletingService (SCMBlockDeletingService.java:call(155)) - Scanned deleted blocks log and got 0 delTX to process.
2019-09-10 07:06:19,002 [SCMBlockDeletingService#0] DEBUG block.SCMBlockDeletingService (SCMBlockDeletingService.java:call(138)) - Running DeletedBlockTransactionScanner
2019-09-10 07:06:19,002 [SCMBlockDeletingService#0] DEBUG block.SCMBlockDeletingService (SCMBlockDeletingService.java:call(155)) - Scanned deleted blocks log and got 0 delTX to process.
2019-09-10 07:06:19,103 [SCMBlockDeletingService#0] DEBUG block.SCMBlockDeletingService (SCMBlockDeletingService.java:call(138)) - Running DeletedBlockTransactionScanner
2019-09-10 07:06:19,103 [SCMBlockDeletingService#0] DEBUG block.SCMBlockDeletingService (SCMBlockDeletingService.java:call(155)) - Scanned deleted blocks log and got 0 delTX to process.
2019-09-10 07:06:19,203 [SCMBlockDeletingService#0] DEBUG block.SCMBlockDeletingService (SCMBlockDeletingService.java:call(138)) - Running DeletedBlockTransactionScanner
2019-09-10 07:06:19,204 [SCMBlockDeletingService#0] DEBUG block.SCMBlockDeletingService (SCMBlockDeletingService.java:call(155)) - Scanned deleted blocks log and got 0 delTX to process.
2019-09-10 07:06:19,304 [SCMBlockDeletingService#0] DEBUG block.SCMBlockDeletingService (SCMBlockDeletingService.java:call(138)) - Running DeletedBlockTransactionScanner
2019-09-10 07:06:19,304 [SCMBlockDeletingService#0] DEBUG block.SCMBlockDeletingService (SCMBlockDeletingService.java:call(155)) - Scanned deleted blocks log and got 0 delTX to process.
2019-09-10 07:06:19,405 [SCMBlockDeletingService#0] DEBUG block.SCMBlockDeletingService (SCMBlockDeletingService.java:call(138)) - Running DeletedBlockTransactionScanner
2019-09-10 07:06:19,405 [SCMBlockDeletingService#0] DEBUG block.SCMBlockDeletingService (SCMBlockDeletingService.java:call(155)) - Scanned deleted blocks log and got 0 delTX to process.
2019-09-10 07:06:19,505 [SCMBlockDeletingService#0] DEBUG block.SCMBlockDeletingService (SCMBlockDeletingService.java:call(138)) - Running DeletedBlockTransactionScanner
2019-09-10 07:06:19,506 [SCMBlockDeletingService#0] DEBUG block.SCMBlockDeletingService (SCMBlockDeletingService.java:call(155)) - Scanned deleted blocks log and got 0 delTX to process.
2019-09-10 07:06:19,606 [SCMBlockDeletingService#0] DEBUG block.SCMBlockDeletingService (SCMBlockDeletingService.java:call(138)) - Running DeletedBlockTransactionScanner
2019-09-10 07:06:19,606 [SCMBlockDeletingService#0] DEBUG block.SCMBlockDeletingService (SCMBlockDeletingService.java:call(155)) - Scanned deleted blocks log and got 0 delTX to process.
2019-09-10 07:06:19,706 [SCMBlockDeletingService#1] DEBUG block.SCMBlockDeletingService (SCMBlockDeletingService.java:call(138)) - Running DeletedBlockTransactionScanner
2019-09-10 07:06:19,707 [SCMBlockDeletingService#1] DEBUG block.SCMBlockDeletingService (SCMBlockDeletingService.java:call(155)) - Scanned deleted blocks log and got 0 delTX to process.
2019-09-10 07:06:19,807 [SCMBlockDeletingService#1] DEBUG block.SCMBlockDeletingService (SCMBlockDeletingService.java:call(138)) - Running DeletedBlockTransactionScanner
2019-09-10 07:06:19,807 [SCMBlockDeletingService#1] DEBUG block.SCMBlockDeletingService (SCMBlockDeletingService.java:call(155)) - Scanned deleted blocks log and got 0 delTX to process.
2019-09-10 07:06:19,908 [SCMBlockDeletingService#1] DEBUG block.SCMBlockDeletingService (SCMBlockDeletingService.java:call(138)) - Running DeletedBlockTransactionScanner
2019-09-10 07:06:19,908 [SCMBlockDeletingService#1] DEBUG block.SCMBlockDeletingService (SCMBlockDeletingService.java:call(155)) - Scanned deleted blocks log and got 0 delTX to process.
2019-09-10 07:06:20,008 [SCMBlockDeletingService#1] DEBUG block.SCMBlockDeletingService (SCMBlockDeletingService.java:call(138)) - Running DeletedBlockTransactionScanner
2019-09-10 07:06:20,009 [SCMBlockDeletingService#1] DEBUG block.SCMBlockDeletingService (SCMBlockDeletingService.java:call(155)) - Scanned deleted blocks log and got 0 delTX to process.
2019-09-10 07:06:20,109 [SCMBlockDeletingService#1] DEBUG block.SCMBlockDeletingService (SCMBlockDeletingService.java:call(138)) - Running DeletedBlockTransactionScanner
2019-09-10 07:06:20,109 [SCMBlockDeletingService#1] DEBUG block.SCMBlockDeletingService (SCMBlockDeletingService.java:call(155)) - Scanned deleted blocks log and got 0 delTX to process.
2019-09-10 07:06:20,210 [SCMBlockDeletingService#1] DEBUG block.SCMBlockDeletingService (SCMBlockDeletingService.java:call(138)) - Running DeletedBlockTransactionScanner
2019-09-10 07:06:20,210 [SCMBlockDeletingService#1] DEBUG block.SCMBlockDeletingService (SCMBlockDeletingService.java:call(155)) - Scanned deleted blocks log and got 0 delTX to process.
2019-09-10 07:06:20,310 [SCMBlockDeletingService#1] DEBUG block.SCMBlockDeletingService (SCMBlockDeletingService.java:call(138)) - Running DeletedBlockTransactionScanner
2019-09-10 07:06:20,311 [SCMBlockDeletingService#1] DEBUG block.SCMBlockDeletingService (SCMBlockDeletingService.java:call(155)) - Scanned deleted blocks log and got 0 delTX to process.
2019-09-10 07:06:20,411 [SCMBlockDeletingService#1] DEBUG block.SCMBlockDeletingService (SCMBlockDeletingService.java:call(138)) - Running DeletedBlockTransactionScanner
2019-09-10 07:06:20,411 [SCMBlockDeletingService#1] DEBUG block.SCMBlockDeletingService (SCMBlockDeletingService.java:call(155)) - Scanned deleted blocks log and got 0 delTX to process.
2019-09-10 07:06:20,512 [SCMBlockDeletingService#1] DEBUG block.SCMBlockDeletingService (SCMBlockDeletingService.java:call(138)) - Running DeletedBlockTransactionScanner
2019-09-10 07:06:20,512 [SCMBlockDeletingService#1] DEBUG block.SCMBlockDeletingService (SCMBlockDeletingService.java:call(155)) - Scanned deleted blocks log and got 0 delTX to process.
2019-09-10 07:06:20,612 [SCMBlockDeletingService#1] DEBUG block.SCMBlockDeletingService (SCMBlockDeletingService.java:call(138)) - Running DeletedBlockTransactionScanner
2019-09-10 07:06:20,613 [SCMBlockDeletingService#1] DEBUG block.SCMBlockDeletingService (SCMBlockDeletingService.java:call(155)) - Scanned deleted blocks log and got 0 delTX to process.
2019-09-10 07:06:20,713 [SCMBlockDeletingService#1] DEBUG block.SCMBlockDeletingService (SCMBlockDeletingService.java:call(138)) - Running DeletedBlockTransactionScanner
2019-09-10 07:06:20,713 [SCMBlockDeletingService#1] DEBUG block.SCMBlockDeletingService (SCMBlockDeletingService.java:call(155)) - Scanned deleted blocks log and got 0 delTX to process.
2019-09-10 07:06:20,814 [SCMBlockDeletingService#1] DEBUG block.SCMBlockDeletingService (SCMBlockDeletingService.java:call(138)) - Running DeletedBlockTransactionScanner
2019-09-10 07:06:20,814 [SCMBlockDeletingService#1] DEBUG block.SCMBlockDeletingService (SCMBlockDeletingService.java:call(155)) - Scanned deleted blocks log and got 0 delTX to process.
2019-09-10 07:06:20,914 [SCMBlockDeletingService#1] DEBUG block.SCMBlockDeletingService (SCMBlockDeletingService.java:call(138)) - Running DeletedBlockTransactionScanner
2019-09-10 07:06:20,914 [SCMBlockDeletingService#1] DEBUG block.SCMBlockDeletingService (SCMBlockDeletingService.java:call(155)) - Scanned deleted blocks log and got 0 delTX to process.
2019-09-10 07:06:21,015 [SCMBlockDeletingService#1] DEBUG block.SCMBlockDeletingService (SCMBlockDeletingService.java:call(138)) - Running DeletedBlockTransactionScanner
2019-09-10 07:06:21,015 [SCMBlockDeletingService#1] DEBUG block.SCMBlockDeletingService (SCMBlockDeletingService.java:call(155)) - Scanned deleted blocks log and got 0 delTX to process.
2019-09-10 07:06:21,115 [SCMBlockDeletingService#1] DEBUG block.SCMBlockDeletingService (SCMBlockDeletingService.java:call(138)) - Running DeletedBlockTransactionScanner
2019-09-10 07:06:21,116 [SCMBlockDeletingService#1] DEBUG block.SCMBlockDeletingService (SCMBlockDeletingService.java:call(155)) - Scanned deleted blocks log and got 0 delTX to process.
2019-09-10 07:06:21,216 [SCMBlockDeletingService#1] DEBUG block.SCMBlockDeletingService (SCMBlockDeletingService.java:call(138)) - Running DeletedBlockTransactionScanner
2019-09-10 07:06:21,216 [SCMBlockDeletingService#1] DEBUG block.SCMBlockDeletingService (SCMBlockDeletingService.java:call(155)) - Scanned deleted blocks log and got 0 delTX to process.
2019-09-10 07:06:21,317 [SCMBlockDeletingService#1] DEBUG block.SCMBlockDeletingService (SCMBlockDeletingService.java:call(138)) - Running DeletedBlockTransactionScanner
2019-09-10 07:06:21,317 [SCMBlockDeletingService#1] DEBUG block.SCMBlockDeletingService (SCMBlockDeletingService.java:call(155)) - Scanned deleted blocks log and got 0 delTX to process.
2019-09-10 07:06:21,418 [SCMBlockDeletingService#1] DEBUG block.SCMBlockDeletingService (SCMBlockDeletingService.java:call(138)) - Running DeletedBlockTransactionScanner
2019-09-10 07:06:21,418 [SCMBlockDeletingService#1] DEBUG block.SCMBlockDeletingService (SCMBlockDeletingService.java:call(155)) - Scanned deleted blocks log and got 0 delTX to process.
2019-09-10 07:06:21,518 [SCMBlockDeletingService#1] DEBUG block.SCMBlockDeletingService (SCMBlockDeletingService.java:call(138)) - Running DeletedBlockTransactionScanner
2019-09-10 07:06:21,518 [SCMBlockDeletingService#1] DEBUG block.SCMBlockDeletingService (SCMBlockDeletingService.java:call(155)) - Scanned deleted blocks log and got 0 delTX to process.
2019-09-10 07:06:21,619 [SCMBlockDeletingService#1] DEBUG block.SCMBlockDeletingService (SCMBlockDeletingService.java:call(138)) - Running DeletedBlockTransactionScanner
2019-09-10 07:06:21,619 [SCMBlockDeletingService#1] DEBUG block.SCMBlockDeletingService (SCMBlockDeletingService.java:call(155)) - Scanned deleted blocks log and got 0 delTX to process.
2019-09-10 07:06:21,720 [SCMBlockDeletingService#1] DEBUG block.SCMBlockDeletingService (SCMBlockDeletingService.java:call(138)) - Running DeletedBlockTransactionScanner
2019-09-10 07:06:21,720 [SCMBlockDeletingService#1] DEBUG block.SCMBlockDeletingService (SCMBlockDeletingService.java:call(155)) - Scanned deleted blocks log and got 0 delTX to process.
2019-09-10 07:06:21,820 [SCMBlockDeletingService#1] DEBUG block.SCMBlockDeletingService (SCMBlockDeletingService.java:call(138)) - Running DeletedBlockTransactionScanner
2019-09-10 07:06:21,821 [SCMBlockDeletingService#1] DEBUG block.SCMBlockDeletingService (SCMBlockDeletingService.java:call(155)) - Scanned deleted blocks log and got 0 delTX to process.
2019-09-10 07:06:21,921 [SCMBlockDeletingService#1] DEBUG block.SCMBlockDeletingService (SCMBlockDeletingService.java:call(138)) - Running DeletedBlockTransactionScanner
2019-09-10 07:06:21,921 [SCMBlockDeletingService#1] DEBUG block.SCMBlockDeletingService (SCMBlockDeletingService.java:call(155)) - Scanned deleted blocks log and got 0 delTX to process.
2019-09-10 07:06:22,022 [SCMBlockDeletingService#1] DEBUG block.SCMBlockDeletingService (SCMBlockDeletingService.java:call(138)) - Running DeletedBlockTransactionScanner
2019-09-10 07:06:22,022 [SCMBlockDeletingService#1] DEBUG block.SCMBlockDeletingService (SCMBlockDeletingService.java:call(155)) - Scanned deleted blocks log and got 0 delTX to process.
2019-09-10 07:06:22,086 [05f13708-5e6e-4ea1-a525-a3c8f7f54426@group-34B10843FE54-SegmentedRaftLogWorker] WARN  segmented.SegmentedRaftLogWorker (SegmentedRaftLogWorker.java:getFromFuture(90)) - Timeout 18/~
org.apache.ratis.protocol.TimeoutIOException: Timeout 10s: WriteLog:16: (t:1, i:16), STATEMACHINELOGENTRY, client-7F424F215E90, cid=11-writeStateMachineData
	at org.apache.ratis.util.IOUtils.getFromFuture(IOUtils.java:87)
	at org.apache.ratis.server.raftlog.segmented.SegmentedRaftLogWorker$StateMachineDataPolicy.getFromFuture(SegmentedRaftLogWorker.java:87)
	at org.apache.ratis.server.raftlog.segmented.SegmentedRaftLogWorker$WriteLog.execute(SegmentedRaftLogWorker.java:477)
	at org.apache.ratis.server.raftlog.segmented.SegmentedRaftLogWorker.run(SegmentedRaftLogWorker.java:289)
	at java.lang.Thread.run(Thread.java:748)
Caused by: java.util.concurrent.TimeoutException
	at java.util.concurrent.CompletableFuture.timedGet(CompletableFuture.java:1771)
	at java.util.concurrent.CompletableFuture.get(CompletableFuture.java:1915)
	at org.apache.ratis.util.IOUtils.getFromFuture(IOUtils.java:79)
	... 4 more
2019-09-10 07:06:22,122 [SCMBlockDeletingService#1] DEBUG block.SCMBlockDeletingService (SCMBlockDeletingService.java:call(138)) - Running DeletedBlockTransactionScanner
2019-09-10 07:06:22,122 [SCMBlockDeletingService#1] DEBUG block.SCMBlockDeletingService (SCMBlockDeletingService.java:call(155)) - Scanned deleted blocks log and got 0 delTX to process.
2019-09-10 07:06:22,223 [SCMBlockDeletingService#1] DEBUG block.SCMBlockDeletingService (SCMBlockDeletingService.java:call(138)) - Running DeletedBlockTransactionScanner
2019-09-10 07:06:22,223 [SCMBlockDeletingService#1] DEBUG block.SCMBlockDeletingService (SCMBlockDeletingService.java:call(155)) - Scanned deleted blocks log and got 0 delTX to process.
2019-09-10 07:06:22,323 [SCMBlockDeletingService#1] DEBUG block.SCMBlockDeletingService (SCMBlockDeletingService.java:call(138)) - Running DeletedBlockTransactionScanner
2019-09-10 07:06:22,324 [SCMBlockDeletingService#1] DEBUG block.SCMBlockDeletingService (SCMBlockDeletingService.java:call(155)) - Scanned deleted blocks log and got 0 delTX to process.
2019-09-10 07:06:22,424 [SCMBlockDeletingService#1] DEBUG block.SCMBlockDeletingService (SCMBlockDeletingService.java:call(138)) - Running DeletedBlockTransactionScanner
2019-09-10 07:06:22,424 [SCMBlockDeletingService#1] DEBUG block.SCMBlockDeletingService (SCMBlockDeletingService.java:call(155)) - Scanned deleted blocks log and got 0 delTX to process.
2019-09-10 07:06:22,525 [SCMBlockDeletingService#1] DEBUG block.SCMBlockDeletingService (SCMBlockDeletingService.java:call(138)) - Running DeletedBlockTransactionScanner
2019-09-10 07:06:22,525 [SCMBlockDeletingService#1] DEBUG block.SCMBlockDeletingService (SCMBlockDeletingService.java:call(155)) - Scanned deleted blocks log and got 0 delTX to process.
2019-09-10 07:06:22,625 [SCMBlockDeletingService#1] DEBUG block.SCMBlockDeletingService (SCMBlockDeletingService.java:call(138)) - Running DeletedBlockTransactionScanner
2019-09-10 07:06:22,625 [SCMBlockDeletingService#1] DEBUG block.SCMBlockDeletingService (SCMBlockDeletingService.java:call(155)) - Scanned deleted blocks log and got 0 delTX to process.
2019-09-10 07:06:22,726 [SCMBlockDeletingService#1] DEBUG block.SCMBlockDeletingService (SCMBlockDeletingService.java:call(138)) - Running DeletedBlockTransactionScanner
2019-09-10 07:06:22,726 [SCMBlockDeletingService#1] DEBUG block.SCMBlockDeletingService (SCMBlockDeletingService.java:call(155)) - Scanned deleted blocks log and got 0 delTX to process.
2019-09-10 07:06:22,826 [SCMBlockDeletingService#1] DEBUG block.SCMBlockDeletingService (SCMBlockDeletingService.java:call(138)) - Running DeletedBlockTransactionScanner
2019-09-10 07:06:22,827 [SCMBlockDeletingService#1] DEBUG block.SCMBlockDeletingService (SCMBlockDeletingService.java:call(155)) - Scanned deleted blocks log and got 0 delTX to process.
2019-09-10 07:06:22,927 [SCMBlockDeletingService#1] DEBUG block.SCMBlockDeletingService (SCMBlockDeletingService.java:call(138)) - Running DeletedBlockTransactionScanner
2019-09-10 07:06:22,927 [SCMBlockDeletingService#1] DEBUG block.SCMBlockDeletingService (SCMBlockDeletingService.java:call(155)) - Scanned deleted blocks log and got 0 delTX to process.
2019-09-10 07:06:23,028 [SCMBlockDeletingService#1] DEBUG block.SCMBlockDeletingService (SCMBlockDeletingService.java:call(138)) - Running DeletedBlockTransactionScanner
2019-09-10 07:06:23,028 [SCMBlockDeletingService#1] DEBUG block.SCMBlockDeletingService (SCMBlockDeletingService.java:call(155)) - Scanned deleted blocks log and got 0 delTX to process.
2019-09-10 07:06:23,130 [SCMBlockDeletingService#1] DEBUG block.SCMBlockDeletingService (SCMBlockDeletingService.java:call(138)) - Running DeletedBlockTransactionScanner
2019-09-10 07:06:23,131 [SCMBlockDeletingService#1] DEBUG block.SCMBlockDeletingService (SCMBlockDeletingService.java:call(155)) - Scanned deleted blocks log and got 0 delTX to process.
2019-09-10 07:06:23,231 [SCMBlockDeletingService#1] DEBUG block.SCMBlockDeletingService (SCMBlockDeletingService.java:call(138)) - Running DeletedBlockTransactionScanner
2019-09-10 07:06:23,231 [SCMBlockDeletingService#1] DEBUG block.SCMBlockDeletingService (SCMBlockDeletingService.java:call(155)) - Scanned deleted blocks log and got 0 delTX to process.
2019-09-10 07:06:23,332 [SCMBlockDeletingService#0] DEBUG block.SCMBlockDeletingService (SCMBlockDeletingService.java:call(138)) - Running DeletedBlockTransactionScanner
2019-09-10 07:06:23,332 [SCMBlockDeletingService#0] DEBUG block.SCMBlockDeletingService (SCMBlockDeletingService.java:call(155)) - Scanned deleted blocks log and got 0 delTX to process.
2019-09-10 07:06:23,433 [SCMBlockDeletingService#0] DEBUG block.SCMBlockDeletingService (SCMBlockDeletingService.java:call(138)) - Running DeletedBlockTransactionScanner
2019-09-10 07:06:23,433 [SCMBlockDeletingService#0] DEBUG block.SCMBlockDeletingService (SCMBlockDeletingService.java:call(155)) - Scanned deleted blocks log and got 0 delTX to process.
2019-09-10 07:06:23,533 [SCMBlockDeletingService#0] DEBUG block.SCMBlockDeletingService (SCMBlockDeletingService.java:call(138)) - Running DeletedBlockTransactionScanner
2019-09-10 07:06:23,534 [SCMBlockDeletingService#0] DEBUG block.SCMBlockDeletingService (SCMBlockDeletingService.java:call(155)) - Scanned deleted blocks log and got 0 delTX to process.
2019-09-10 07:06:23,634 [SCMBlockDeletingService#0] DEBUG block.SCMBlockDeletingService (SCMBlockDeletingService.java:call(138)) - Running DeletedBlockTransactionScanner
2019-09-10 07:06:23,634 [SCMBlockDeletingService#0] DEBUG block.SCMBlockDeletingService (SCMBlockDeletingService.java:call(155)) - Scanned deleted blocks log and got 0 delTX to process.
2019-09-10 07:06:23,734 [SCMBlockDeletingService#0] DEBUG block.SCMBlockDeletingService (SCMBlockDeletingService.java:call(138)) - Running DeletedBlockTransactionScanner
2019-09-10 07:06:23,735 [SCMBlockDeletingService#0] DEBUG block.SCMBlockDeletingService (SCMBlockDeletingService.java:call(155)) - Scanned deleted blocks log and got 0 delTX to process.
2019-09-10 07:06:23,835 [SCMBlockDeletingService#0] DEBUG block.SCMBlockDeletingService (SCMBlockDeletingService.java:call(138)) - Running DeletedBlockTransactionScanner
2019-09-10 07:06:23,835 [SCMBlockDeletingService#0] DEBUG block.SCMBlockDeletingService (SCMBlockDeletingService.java:call(155)) - Scanned deleted blocks log and got 0 delTX to process.
2019-09-10 07:06:23,936 [SCMBlockDeletingService#0] DEBUG block.SCMBlockDeletingService (SCMBlockDeletingService.java:call(138)) - Running DeletedBlockTransactionScanner
2019-09-10 07:06:23,936 [SCMBlockDeletingService#0] DEBUG block.SCMBlockDeletingService (SCMBlockDeletingService.java:call(155)) - Scanned deleted blocks log and got 0 delTX to process.
2019-09-10 07:06:24,036 [SCMBlockDeletingService#0] DEBUG block.SCMBlockDeletingService (SCMBlockDeletingService.java:call(138)) - Running DeletedBlockTransactionScanner
2019-09-10 07:06:24,037 [SCMBlockDeletingService#0] DEBUG block.SCMBlockDeletingService (SCMBlockDeletingService.java:call(155)) - Scanned deleted blocks log and got 0 delTX to process.
2019-09-10 07:06:24,137 [SCMBlockDeletingService#0] DEBUG block.SCMBlockDeletingService (SCMBlockDeletingService.java:call(138)) - Running DeletedBlockTransactionScanner
2019-09-10 07:06:24,137 [SCMBlockDeletingService#0] DEBUG block.SCMBlockDeletingService (SCMBlockDeletingService.java:call(155)) - Scanned deleted blocks log and got 0 delTX to process.
2019-09-10 07:06:24,238 [SCMBlockDeletingService#0] DEBUG block.SCMBlockDeletingService (SCMBlockDeletingService.java:call(138)) - Running DeletedBlockTransactionScanner
2019-09-10 07:06:24,238 [SCMBlockDeletingService#0] DEBUG block.SCMBlockDeletingService (SCMBlockDeletingService.java:call(155)) - Scanned deleted blocks log and got 0 delTX to process.
2019-09-10 07:06:24,338 [SCMBlockDeletingService#0] DEBUG block.SCMBlockDeletingService (SCMBlockDeletingService.java:call(138)) - Running DeletedBlockTransactionScanner
2019-09-10 07:06:24,338 [SCMBlockDeletingService#0] DEBUG block.SCMBlockDeletingService (SCMBlockDeletingService.java:call(155)) - Scanned deleted blocks log and got 0 delTX to process.
2019-09-10 07:06:24,439 [SCMBlockDeletingService#0] DEBUG block.SCMBlockDeletingService (SCMBlockDeletingService.java:call(138)) - Running DeletedBlockTransactionScanner
2019-09-10 07:06:24,439 [SCMBlockDeletingService#0] DEBUG block.SCMBlockDeletingService (SCMBlockDeletingService.java:call(155)) - Scanned deleted blocks log and got 0 delTX to process.
2019-09-10 07:06:24,539 [SCMBlockDeletingService#0] DEBUG block.SCMBlockDeletingService (SCMBlockDeletingService.java:call(138)) - Running DeletedBlockTransactionScanner
2019-09-10 07:06:24,540 [SCMBlockDeletingService#0] DEBUG block.SCMBlockDeletingService (SCMBlockDeletingService.java:call(155)) - Scanned deleted blocks log and got 0 delTX to process.
2019-09-10 07:06:24,640 [SCMBlockDeletingService#0] DEBUG block.SCMBlockDeletingService (SCMBlockDeletingService.java:call(138)) - Running DeletedBlockTransactionScanner
2019-09-10 07:06:24,640 [SCMBlockDeletingService#0] DEBUG block.SCMBlockDeletingService (SCMBlockDeletingService.java:call(155)) - Scanned deleted blocks log and got 0 delTX to process.
2019-09-10 07:06:24,741 [SCMBlockDeletingService#0] DEBUG block.SCMBlockDeletingService (SCMBlockDeletingService.java:call(138)) - Running DeletedBlockTransactionScanner
2019-09-10 07:06:24,741 [SCMBlockDeletingService#0] DEBUG block.SCMBlockDeletingService (SCMBlockDeletingService.java:call(155)) - Scanned deleted blocks log and got 0 delTX to process.
2019-09-10 07:06:24,841 [SCMBlockDeletingService#0] DEBUG block.SCMBlockDeletingService (SCMBlockDeletingService.java:call(138)) - Running DeletedBlockTransactionScanner
2019-09-10 07:06:24,841 [SCMBlockDeletingService#0] DEBUG block.SCMBlockDeletingService (SCMBlockDeletingService.java:call(155)) - Scanned deleted blocks log and got 0 delTX to process.
2019-09-10 07:06:24,942 [SCMBlockDeletingService#0] DEBUG block.SCMBlockDeletingService (SCMBlockDeletingService.java:call(138)) - Running DeletedBlockTransactionScanner
2019-09-10 07:06:24,942 [SCMBlockDeletingService#0] DEBUG block.SCMBlockDeletingService (SCMBlockDeletingService.java:call(155)) - Scanned deleted blocks log and got 0 delTX to process.
2019-09-10 07:06:25,042 [SCMBlockDeletingService#0] DEBUG block.SCMBlockDeletingService (SCMBlockDeletingService.java:call(138)) - Running DeletedBlockTransactionScanner
2019-09-10 07:06:25,043 [SCMBlockDeletingService#0] DEBUG block.SCMBlockDeletingService (SCMBlockDeletingService.java:call(155)) - Scanned deleted blocks log and got 0 delTX to process.
2019-09-10 07:06:25,143 [SCMBlockDeletingService#0] DEBUG block.SCMBlockDeletingService (SCMBlockDeletingService.java:call(138)) - Running DeletedBlockTransactionScanner
2019-09-10 07:06:25,143 [SCMBlockDeletingService#0] DEBUG block.SCMBlockDeletingService (SCMBlockDeletingService.java:call(155)) - Scanned deleted blocks log and got 0 delTX to process.
2019-09-10 07:06:25,244 [SCMBlockDeletingService#0] DEBUG block.SCMBlockDeletingService (SCMBlockDeletingService.java:call(138)) - Running DeletedBlockTransactionScanner
2019-09-10 07:06:25,244 [SCMBlockDeletingService#0] DEBUG block.SCMBlockDeletingService (SCMBlockDeletingService.java:call(155)) - Scanned deleted blocks log and got 0 delTX to process.
2019-09-10 07:06:25,344 [SCMBlockDeletingService#0] DEBUG block.SCMBlockDeletingService (SCMBlockDeletingService.java:call(138)) - Running DeletedBlockTransactionScanner
2019-09-10 07:06:25,345 [SCMBlockDeletingService#0] DEBUG block.SCMBlockDeletingService (SCMBlockDeletingService.java:call(155)) - Scanned deleted blocks log and got 0 delTX to process.
2019-09-10 07:06:25,445 [SCMBlockDeletingService#0] DEBUG block.SCMBlockDeletingService (SCMBlockDeletingService.java:call(138)) - Running DeletedBlockTransactionScanner
2019-09-10 07:06:25,445 [SCMBlockDeletingService#0] DEBUG block.SCMBlockDeletingService (SCMBlockDeletingService.java:call(155)) - Scanned deleted blocks log and got 0 delTX to process.
2019-09-10 07:06:25,546 [SCMBlockDeletingService#0] DEBUG block.SCMBlockDeletingService (SCMBlockDeletingService.java:call(138)) - Running DeletedBlockTransactionScanner
2019-09-10 07:06:25,546 [SCMBlockDeletingService#0] DEBUG block.SCMBlockDeletingService (SCMBlockDeletingService.java:call(155)) - Scanned deleted blocks log and got 0 delTX to process.
2019-09-10 07:06:25,647 [SCMBlockDeletingService#0] DEBUG block.SCMBlockDeletingService (SCMBlockDeletingService.java:call(138)) - Running DeletedBlockTransactionScanner
2019-09-10 07:06:25,648 [SCMBlockDeletingService#0] DEBUG block.SCMBlockDeletingService (SCMBlockDeletingService.java:call(155)) - Scanned deleted blocks log and got 0 delTX to process.
2019-09-10 07:06:25,748 [SCMBlockDeletingService#0] DEBUG block.SCMBlockDeletingService (SCMBlockDeletingService.java:call(138)) - Running DeletedBlockTransactionScanner
2019-09-10 07:06:25,749 [SCMBlockDeletingService#0] DEBUG block.SCMBlockDeletingService (SCMBlockDeletingService.java:call(155)) - Scanned deleted blocks log and got 0 delTX to process.
2019-09-10 07:06:25,849 [SCMBlockDeletingService#0] DEBUG block.SCMBlockDeletingService (SCMBlockDeletingService.java:call(138)) - Running DeletedBlockTransactionScanner
2019-09-10 07:06:25,849 [SCMBlockDeletingService#0] DEBUG block.SCMBlockDeletingService (SCMBlockDeletingService.java:call(155)) - Scanned deleted blocks log and got 0 delTX to process.
2019-09-10 07:06:25,950 [SCMBlockDeletingService#0] DEBUG block.SCMBlockDeletingService (SCMBlockDeletingService.java:call(138)) - Running DeletedBlockTransactionScanner
2019-09-10 07:06:25,950 [SCMBlockDeletingService#0] DEBUG block.SCMBlockDeletingService (SCMBlockDeletingService.java:call(155)) - Scanned deleted blocks log and got 0 delTX to process.
2019-09-10 07:06:26,050 [SCMBlockDeletingService#0] DEBUG block.SCMBlockDeletingService (SCMBlockDeletingService.java:call(138)) - Running DeletedBlockTransactionScanner
2019-09-10 07:06:26,050 [SCMBlockDeletingService#0] DEBUG block.SCMBlockDeletingService (SCMBlockDeletingService.java:call(155)) - Scanned deleted blocks log and got 0 delTX to process.
2019-09-10 07:06:26,151 [SCMBlockDeletingService#0] DEBUG block.SCMBlockDeletingService (SCMBlockDeletingService.java:call(138)) - Running DeletedBlockTransactionScanner
2019-09-10 07:06:26,151 [SCMBlockDeletingService#0] DEBUG block.SCMBlockDeletingService (SCMBlockDeletingService.java:call(155)) - Scanned deleted blocks log and got 0 delTX to process.
2019-09-10 07:06:26,251 [SCMBlockDeletingService#0] DEBUG block.SCMBlockDeletingService (SCMBlockDeletingService.java:call(138)) - Running DeletedBlockTransactionScanner
2019-09-10 07:06:26,252 [SCMBlockDeletingService#0] DEBUG block.SCMBlockDeletingService (SCMBlockDeletingService.java:call(155)) - Scanned deleted blocks log and got 0 delTX to process.
2019-09-10 07:06:26,352 [SCMBlockDeletingService#0] DEBUG block.SCMBlockDeletingService (SCMBlockDeletingService.java:call(138)) - Running DeletedBlockTransactionScanner
2019-09-10 07:06:26,352 [SCMBlockDeletingService#0] DEBUG block.SCMBlockDeletingService (SCMBlockDeletingService.java:call(155)) - Scanned deleted blocks log and got 0 delTX to process.
2019-09-10 07:06:26,453 [SCMBlockDeletingService#0] DEBUG block.SCMBlockDeletingService (SCMBlockDeletingService.java:call(138)) - Running DeletedBlockTransactionScanner
2019-09-10 07:06:26,453 [SCMBlockDeletingService#0] DEBUG block.SCMBlockDeletingService (SCMBlockDeletingService.java:call(155)) - Scanned deleted blocks log and got 0 delTX to process.
2019-09-10 07:06:26,553 [SCMBlockDeletingService#0] DEBUG block.SCMBlockDeletingService (SCMBlockDeletingService.java:call(138)) - Running DeletedBlockTransactionScanner
2019-09-10 07:06:26,553 [SCMBlockDeletingService#0] DEBUG block.SCMBlockDeletingService (SCMBlockDeletingService.java:call(155)) - Scanned deleted blocks log and got 0 delTX to process.
2019-09-10 07:06:26,654 [SCMBlockDeletingService#0] DEBUG block.SCMBlockDeletingService (SCMBlockDeletingService.java:call(138)) - Running DeletedBlockTransactionScanner
2019-09-10 07:06:26,654 [SCMBlockDeletingService#0] DEBUG block.SCMBlockDeletingService (SCMBlockDeletingService.java:call(155)) - Scanned deleted blocks log and got 0 delTX to process.
2019-09-10 07:06:26,754 [SCMBlockDeletingService#0] DEBUG block.SCMBlockDeletingService (SCMBlockDeletingService.java:call(138)) - Running DeletedBlockTransactionScanner
2019-09-10 07:06:26,754 [SCMBlockDeletingService#0] DEBUG block.SCMBlockDeletingService (SCMBlockDeletingService.java:call(155)) - Scanned deleted blocks log and got 0 delTX to process.
2019-09-10 07:06:26,855 [SCMBlockDeletingService#0] DEBUG block.SCMBlockDeletingService (SCMBlockDeletingService.java:call(138)) - Running DeletedBlockTransactionScanner
2019-09-10 07:06:26,855 [SCMBlockDeletingService#0] DEBUG block.SCMBlockDeletingService (SCMBlockDeletingService.java:call(155)) - Scanned deleted blocks log and got 0 delTX to process.
2019-09-10 07:06:26,955 [SCMBlockDeletingService#0] DEBUG block.SCMBlockDeletingService (SCMBlockDeletingService.java:call(138)) - Running DeletedBlockTransactionScanner
2019-09-10 07:06:26,955 [SCMBlockDeletingService#0] DEBUG block.SCMBlockDeletingService (SCMBlockDeletingService.java:call(155)) - Scanned deleted blocks log and got 0 delTX to process.
2019-09-10 07:06:27,056 [SCMBlockDeletingService#1] DEBUG block.SCMBlockDeletingService (SCMBlockDeletingService.java:call(138)) - Running DeletedBlockTransactionScanner
2019-09-10 07:06:27,056 [SCMBlockDeletingService#1] DEBUG block.SCMBlockDeletingService (SCMBlockDeletingService.java:call(155)) - Scanned deleted blocks log and got 0 delTX to process.
2019-09-10 07:06:27,156 [SCMBlockDeletingService#1] DEBUG block.SCMBlockDeletingService (SCMBlockDeletingService.java:call(138)) - Running DeletedBlockTransactionScanner
2019-09-10 07:06:27,157 [SCMBlockDeletingService#1] DEBUG block.SCMBlockDeletingService (SCMBlockDeletingService.java:call(155)) - Scanned deleted blocks log and got 0 delTX to process.
2019-09-10 07:06:27,257 [SCMBlockDeletingService#1] DEBUG block.SCMBlockDeletingService (SCMBlockDeletingService.java:call(138)) - Running DeletedBlockTransactionScanner
2019-09-10 07:06:27,257 [SCMBlockDeletingService#1] DEBUG block.SCMBlockDeletingService (SCMBlockDeletingService.java:call(155)) - Scanned deleted blocks log and got 0 delTX to process.
2019-09-10 07:06:27,358 [SCMBlockDeletingService#1] DEBUG block.SCMBlockDeletingService (SCMBlockDeletingService.java:call(138)) - Running DeletedBlockTransactionScanner
2019-09-10 07:06:27,358 [SCMBlockDeletingService#1] DEBUG block.SCMBlockDeletingService (SCMBlockDeletingService.java:call(155)) - Scanned deleted blocks log and got 0 delTX to process.
2019-09-10 07:06:27,458 [SCMBlockDeletingService#1] DEBUG block.SCMBlockDeletingService (SCMBlockDeletingService.java:call(138)) - Running DeletedBlockTransactionScanner
2019-09-10 07:06:27,458 [SCMBlockDeletingService#1] DEBUG block.SCMBlockDeletingService (SCMBlockDeletingService.java:call(155)) - Scanned deleted blocks log and got 0 delTX to process.
2019-09-10 07:06:27,559 [SCMBlockDeletingService#1] DEBUG block.SCMBlockDeletingService (SCMBlockDeletingService.java:call(138)) - Running DeletedBlockTransactionScanner
2019-09-10 07:06:27,559 [SCMBlockDeletingService#1] DEBUG block.SCMBlockDeletingService (SCMBlockDeletingService.java:call(155)) - Scanned deleted blocks log and got 0 delTX to process.
2019-09-10 07:06:27,660 [SCMBlockDeletingService#0] DEBUG block.SCMBlockDeletingService (SCMBlockDeletingService.java:call(138)) - Running DeletedBlockTransactionScanner
2019-09-10 07:06:27,660 [SCMBlockDeletingService#0] DEBUG block.SCMBlockDeletingService (SCMBlockDeletingService.java:call(155)) - Scanned deleted blocks log and got 0 delTX to process.
2019-09-10 07:06:27,760 [SCMBlockDeletingService#0] DEBUG block.SCMBlockDeletingService (SCMBlockDeletingService.java:call(138)) - Running DeletedBlockTransactionScanner
2019-09-10 07:06:27,760 [SCMBlockDeletingService#0] DEBUG block.SCMBlockDeletingService (SCMBlockDeletingService.java:call(155)) - Scanned deleted blocks log and got 0 delTX to process.
2019-09-10 07:06:27,861 [SCMBlockDeletingService#1] DEBUG block.SCMBlockDeletingService (SCMBlockDeletingService.java:call(138)) - Running DeletedBlockTransactionScanner
2019-09-10 07:06:27,861 [SCMBlockDeletingService#1] DEBUG block.SCMBlockDeletingService (SCMBlockDeletingService.java:call(155)) - Scanned deleted blocks log and got 0 delTX to process.
2019-09-10 07:06:27,961 [SCMBlockDeletingService#1] DEBUG block.SCMBlockDeletingService (SCMBlockDeletingService.java:call(138)) - Running DeletedBlockTransactionScanner
2019-09-10 07:06:27,962 [SCMBlockDeletingService#1] DEBUG block.SCMBlockDeletingService (SCMBlockDeletingService.java:call(155)) - Scanned deleted blocks log and got 0 delTX to process.
2019-09-10 07:06:28,062 [SCMBlockDeletingService#1] DEBUG block.SCMBlockDeletingService (SCMBlockDeletingService.java:call(138)) - Running DeletedBlockTransactionScanner
2019-09-10 07:06:28,062 [SCMBlockDeletingService#1] DEBUG block.SCMBlockDeletingService (SCMBlockDeletingService.java:call(155)) - Scanned deleted blocks log and got 0 delTX to process.
2019-09-10 07:06:28,163 [SCMBlockDeletingService#1] DEBUG block.SCMBlockDeletingService (SCMBlockDeletingService.java:call(138)) - Running DeletedBlockTransactionScanner
2019-09-10 07:06:28,163 [SCMBlockDeletingService#1] DEBUG block.SCMBlockDeletingService (SCMBlockDeletingService.java:call(155)) - Scanned deleted blocks log and got 0 delTX to process.
2019-09-10 07:06:28,263 [SCMBlockDeletingService#1] DEBUG block.SCMBlockDeletingService (SCMBlockDeletingService.java:call(138)) - Running DeletedBlockTransactionScanner
2019-09-10 07:06:28,263 [SCMBlockDeletingService#1] DEBUG block.SCMBlockDeletingService (SCMBlockDeletingService.java:call(155)) - Scanned deleted blocks log and got 0 delTX to process.
2019-09-10 07:06:28,364 [SCMBlockDeletingService#0] DEBUG block.SCMBlockDeletingService (SCMBlockDeletingService.java:call(138)) - Running DeletedBlockTransactionScanner
2019-09-10 07:06:28,364 [SCMBlockDeletingService#0] DEBUG block.SCMBlockDeletingService (SCMBlockDeletingService.java:call(155)) - Scanned deleted blocks log and got 0 delTX to process.
2019-09-10 07:06:28,464 [SCMBlockDeletingService#0] DEBUG block.SCMBlockDeletingService (SCMBlockDeletingService.java:call(138)) - Running DeletedBlockTransactionScanner
2019-09-10 07:06:28,465 [SCMBlockDeletingService#0] DEBUG block.SCMBlockDeletingService (SCMBlockDeletingService.java:call(155)) - Scanned deleted blocks log and got 0 delTX to process.
2019-09-10 07:06:28,565 [SCMBlockDeletingService#0] DEBUG block.SCMBlockDeletingService (SCMBlockDeletingService.java:call(138)) - Running DeletedBlockTransactionScanner
2019-09-10 07:06:28,565 [SCMBlockDeletingService#0] DEBUG block.SCMBlockDeletingService (SCMBlockDeletingService.java:call(155)) - Scanned deleted blocks log and got 0 delTX to process.
2019-09-10 07:06:28,665 [SCMBlockDeletingService#0] DEBUG block.SCMBlockDeletingService (SCMBlockDeletingService.java:call(138)) - Running DeletedBlockTransactionScanner
2019-09-10 07:06:28,666 [SCMBlockDeletingService#0] DEBUG block.SCMBlockDeletingService (SCMBlockDeletingService.java:call(155)) - Scanned deleted blocks log and got 0 delTX to process.
2019-09-10 07:06:28,766 [SCMBlockDeletingService#0] DEBUG block.SCMBlockDeletingService (SCMBlockDeletingService.java:call(138)) - Running DeletedBlockTransactionScanner
2019-09-10 07:06:28,766 [SCMBlockDeletingService#0] DEBUG block.SCMBlockDeletingService (SCMBlockDeletingService.java:call(155)) - Scanned deleted blocks log and got 0 delTX to process.
2019-09-10 07:06:28,866 [SCMBlockDeletingService#0] DEBUG block.SCMBlockDeletingService (SCMBlockDeletingService.java:call(138)) - Running DeletedBlockTransactionScanner
2019-09-10 07:06:28,867 [SCMBlockDeletingService#0] DEBUG block.SCMBlockDeletingService (SCMBlockDeletingService.java:call(155)) - Scanned deleted blocks log and got 0 delTX to process.
2019-09-10 07:06:28,967 [SCMBlockDeletingService#0] DEBUG block.SCMBlockDeletingService (SCMBlockDeletingService.java:call(138)) - Running DeletedBlockTransactionScanner
2019-09-10 07:06:28,967 [SCMBlockDeletingService#0] DEBUG block.SCMBlockDeletingService (SCMBlockDeletingService.java:call(155)) - Scanned deleted blocks log and got 0 delTX to process.
2019-09-10 07:06:29,067 [SCMBlockDeletingService#0] DEBUG block.SCMBlockDeletingService (SCMBlockDeletingService.java:call(138)) - Running DeletedBlockTransactionScanner
2019-09-10 07:06:29,068 [SCMBlockDeletingService#0] DEBUG block.SCMBlockDeletingService (SCMBlockDeletingService.java:call(155)) - Scanned deleted blocks log and got 0 delTX to process.
2019-09-10 07:06:29,168 [SCMBlockDeletingService#0] DEBUG block.SCMBlockDeletingService (SCMBlockDeletingService.java:call(138)) - Running DeletedBlockTransactionScanner
2019-09-10 07:06:29,168 [SCMBlockDeletingService#0] DEBUG block.SCMBlockDeletingService (SCMBlockDeletingService.java:call(155)) - Scanned deleted blocks log and got 0 delTX to process.
2019-09-10 07:06:29,268 [SCMBlockDeletingService#0] DEBUG block.SCMBlockDeletingService (SCMBlockDeletingService.java:call(138)) - Running DeletedBlockTransactionScanner
2019-09-10 07:06:29,269 [SCMBlockDeletingService#0] DEBUG block.SCMBlockDeletingService (SCMBlockDeletingService.java:call(155)) - Scanned deleted blocks log and got 0 delTX to process.
2019-09-10 07:06:29,369 [SCMBlockDeletingService#0] DEBUG block.SCMBlockDeletingService (SCMBlockDeletingService.java:call(138)) - Running DeletedBlockTransactionScanner
2019-09-10 07:06:29,369 [SCMBlockDeletingService#0] DEBUG block.SCMBlockDeletingService (SCMBlockDeletingService.java:call(155)) - Scanned deleted blocks log and got 0 delTX to process.
2019-09-10 07:06:29,470 [SCMBlockDeletingService#0] DEBUG block.SCMBlockDeletingService (SCMBlockDeletingService.java:call(138)) - Running DeletedBlockTransactionScanner
2019-09-10 07:06:29,470 [SCMBlockDeletingService#0] DEBUG block.SCMBlockDeletingService (SCMBlockDeletingService.java:call(155)) - Scanned deleted blocks log and got 0 delTX to process.
2019-09-10 07:06:29,570 [SCMBlockDeletingService#0] DEBUG block.SCMBlockDeletingService (SCMBlockDeletingService.java:call(138)) - Running DeletedBlockTransactionScanner
2019-09-10 07:06:29,570 [SCMBlockDeletingService#0] DEBUG block.SCMBlockDeletingService (SCMBlockDeletingService.java:call(155)) - Scanned deleted blocks log and got 0 delTX to process.
2019-09-10 07:06:29,671 [SCMBlockDeletingService#0] DEBUG block.SCMBlockDeletingService (SCMBlockDeletingService.java:call(138)) - Running DeletedBlockTransactionScanner
2019-09-10 07:06:29,671 [SCMBlockDeletingService#0] DEBUG block.SCMBlockDeletingService (SCMBlockDeletingService.java:call(155)) - Scanned deleted blocks log and got 0 delTX to process.
2019-09-10 07:06:29,771 [SCMBlockDeletingService#0] DEBUG block.SCMBlockDeletingService (SCMBlockDeletingService.java:call(138)) - Running DeletedBlockTransactionScanner
2019-09-10 07:06:29,772 [SCMBlockDeletingService#0] DEBUG block.SCMBlockDeletingService (SCMBlockDeletingService.java:call(155)) - Scanned deleted blocks log and got 0 delTX to process.
2019-09-10 07:06:29,872 [SCMBlockDeletingService#0] DEBUG block.SCMBlockDeletingService (SCMBlockDeletingService.java:call(138)) - Running DeletedBlockTransactionScanner
2019-09-10 07:06:29,872 [SCMBlockDeletingService#0] DEBUG block.SCMBlockDeletingService (SCMBlockDeletingService.java:call(155)) - Scanned deleted blocks log and got 0 delTX to process.
2019-09-10 07:06:29,972 [SCMBlockDeletingService#0] DEBUG block.SCMBlockDeletingService (SCMBlockDeletingService.java:call(138)) - Running DeletedBlockTransactionScanner
2019-09-10 07:06:29,973 [SCMBlockDeletingService#0] DEBUG block.SCMBlockDeletingService (SCMBlockDeletingService.java:call(155)) - Scanned deleted blocks log and got 0 delTX to process.
2019-09-10 07:06:30,073 [SCMBlockDeletingService#1] DEBUG block.SCMBlockDeletingService (SCMBlockDeletingService.java:call(138)) - Running DeletedBlockTransactionScanner
2019-09-10 07:06:30,073 [SCMBlockDeletingService#1] DEBUG block.SCMBlockDeletingService (SCMBlockDeletingService.java:call(155)) - Scanned deleted blocks log and got 0 delTX to process.
2019-09-10 07:06:30,174 [SCMBlockDeletingService#1] DEBUG block.SCMBlockDeletingService (SCMBlockDeletingService.java:call(138)) - Running DeletedBlockTransactionScanner
2019-09-10 07:06:30,174 [SCMBlockDeletingService#1] DEBUG block.SCMBlockDeletingService (SCMBlockDeletingService.java:call(155)) - Scanned deleted blocks log and got 0 delTX to process.
2019-09-10 07:06:30,274 [SCMBlockDeletingService#1] DEBUG block.SCMBlockDeletingService (SCMBlockDeletingService.java:call(138)) - Running DeletedBlockTransactionScanner
2019-09-10 07:06:30,274 [SCMBlockDeletingService#1] DEBUG block.SCMBlockDeletingService (SCMBlockDeletingService.java:call(155)) - Scanned deleted blocks log and got 0 delTX to process.
2019-09-10 07:06:30,375 [SCMBlockDeletingService#1] DEBUG block.SCMBlockDeletingService (SCMBlockDeletingService.java:call(138)) - Running DeletedBlockTransactionScanner
2019-09-10 07:06:30,375 [SCMBlockDeletingService#1] DEBUG block.SCMBlockDeletingService (SCMBlockDeletingService.java:call(155)) - Scanned deleted blocks log and got 0 delTX to process.
2019-09-10 07:06:30,475 [SCMBlockDeletingService#1] DEBUG block.SCMBlockDeletingService (SCMBlockDeletingService.java:call(138)) - Running DeletedBlockTransactionScanner
2019-09-10 07:06:30,475 [SCMBlockDeletingService#1] DEBUG block.SCMBlockDeletingService (SCMBlockDeletingService.java:call(155)) - Scanned deleted blocks log and got 0 delTX to process.
2019-09-10 07:06:30,576 [SCMBlockDeletingService#0] DEBUG block.SCMBlockDeletingService (SCMBlockDeletingService.java:call(138)) - Running DeletedBlockTransactionScanner
2019-09-10 07:06:30,576 [SCMBlockDeletingService#0] DEBUG block.SCMBlockDeletingService (SCMBlockDeletingService.java:call(155)) - Scanned deleted blocks log and got 0 delTX to process.
2019-09-10 07:06:30,676 [SCMBlockDeletingService#0] DEBUG block.SCMBlockDeletingService (SCMBlockDeletingService.java:call(138)) - Running DeletedBlockTransactionScanner
2019-09-10 07:06:30,677 [SCMBlockDeletingService#0] DEBUG block.SCMBlockDeletingService (SCMBlockDeletingService.java:call(155)) - Scanned deleted blocks log and got 0 delTX to process.
2019-09-10 07:06:30,777 [SCMBlockDeletingService#0] DEBUG block.SCMBlockDeletingService (SCMBlockDeletingService.java:call(138)) - Running DeletedBlockTransactionScanner
2019-09-10 07:06:30,777 [SCMBlockDeletingService#0] DEBUG block.SCMBlockDeletingService (SCMBlockDeletingService.java:call(155)) - Scanned deleted blocks log and got 0 delTX to process.
2019-09-10 07:06:30,878 [SCMBlockDeletingService#0] DEBUG block.SCMBlockDeletingService (SCMBlockDeletingService.java:call(138)) - Running DeletedBlockTransactionScanner
2019-09-10 07:06:30,878 [SCMBlockDeletingService#0] DEBUG block.SCMBlockDeletingService (SCMBlockDeletingService.java:call(155)) - Scanned deleted blocks log and got 0 delTX to process.
2019-09-10 07:06:30,978 [SCMBlockDeletingService#0] DEBUG block.SCMBlockDeletingService (SCMBlockDeletingService.java:call(138)) - Running DeletedBlockTransactionScanner
2019-09-10 07:06:30,978 [SCMBlockDeletingService#0] DEBUG block.SCMBlockDeletingService (SCMBlockDeletingService.java:call(155)) - Scanned deleted blocks log and got 0 delTX to process.
2019-09-10 07:06:31,079 [SCMBlockDeletingService#0] DEBUG block.SCMBlockDeletingService (SCMBlockDeletingService.java:call(138)) - Running DeletedBlockTransactionScanner
2019-09-10 07:06:31,079 [SCMBlockDeletingService#0] DEBUG block.SCMBlockDeletingService (SCMBlockDeletingService.java:call(155)) - Scanned deleted blocks log and got 0 delTX to process.
2019-09-10 07:06:31,179 [SCMBlockDeletingService#0] DEBUG block.SCMBlockDeletingService (SCMBlockDeletingService.java:call(138)) - Running DeletedBlockTransactionScanner
2019-09-10 07:06:31,180 [SCMBlockDeletingService#0] DEBUG block.SCMBlockDeletingService (SCMBlockDeletingService.java:call(155)) - Scanned deleted blocks log and got 0 delTX to process.
2019-09-10 07:06:31,280 [SCMBlockDeletingService#0] DEBUG block.SCMBlockDeletingService (SCMBlockDeletingService.java:call(138)) - Running DeletedBlockTransactionScanner
2019-09-10 07:06:31,280 [SCMBlockDeletingService#0] DEBUG block.SCMBlockDeletingService (SCMBlockDeletingService.java:call(155)) - Scanned deleted blocks log and got 0 delTX to process.
2019-09-10 07:06:31,381 [SCMBlockDeletingService#0] DEBUG block.SCMBlockDeletingService (SCMBlockDeletingService.java:call(138)) - Running DeletedBlockTransactionScanner
2019-09-10 07:06:31,381 [SCMBlockDeletingService#0] DEBUG block.SCMBlockDeletingService (SCMBlockDeletingService.java:call(155)) - Scanned deleted blocks log and got 0 delTX to process.
2019-09-10 07:06:31,481 [SCMBlockDeletingService#0] DEBUG block.SCMBlockDeletingService (SCMBlockDeletingService.java:call(138)) - Running DeletedBlockTransactionScanner
2019-09-10 07:06:31,482 [SCMBlockDeletingService#0] DEBUG block.SCMBlockDeletingService (SCMBlockDeletingService.java:call(155)) - Scanned deleted blocks log and got 0 delTX to process.
2019-09-10 07:06:31,582 [SCMBlockDeletingService#0] DEBUG block.SCMBlockDeletingService (SCMBlockDeletingService.java:call(138)) - Running DeletedBlockTransactionScanner
2019-09-10 07:06:31,582 [SCMBlockDeletingService#0] DEBUG block.SCMBlockDeletingService (SCMBlockDeletingService.java:call(155)) - Scanned deleted blocks log and got 0 delTX to process.
2019-09-10 07:06:31,683 [SCMBlockDeletingService#0] DEBUG block.SCMBlockDeletingService (SCMBlockDeletingService.java:call(138)) - Running DeletedBlockTransactionScanner
2019-09-10 07:06:31,683 [SCMBlockDeletingService#0] DEBUG block.SCMBlockDeletingService (SCMBlockDeletingService.java:call(155)) - Scanned deleted blocks log and got 0 delTX to process.
2019-09-10 07:06:31,783 [SCMBlockDeletingService#1] DEBUG block.SCMBlockDeletingService (SCMBlockDeletingService.java:call(138)) - Running DeletedBlockTransactionScanner
2019-09-10 07:06:31,784 [SCMBlockDeletingService#1] DEBUG block.SCMBlockDeletingService (SCMBlockDeletingService.java:call(155)) - Scanned deleted blocks log and got 0 delTX to process.
2019-09-10 07:06:31,884 [SCMBlockDeletingService#1] DEBUG block.SCMBlockDeletingService (SCMBlockDeletingService.java:call(138)) - Running DeletedBlockTransactionScanner
2019-09-10 07:06:31,884 [SCMBlockDeletingService#1] DEBUG block.SCMBlockDeletingService (SCMBlockDeletingService.java:call(155)) - Scanned deleted blocks log and got 0 delTX to process.
2019-09-10 07:06:31,985 [SCMBlockDeletingService#1] DEBUG block.SCMBlockDeletingService (SCMBlockDeletingService.java:call(138)) - Running DeletedBlockTransactionScanner
2019-09-10 07:06:31,985 [SCMBlockDeletingService#1] DEBUG block.SCMBlockDeletingService (SCMBlockDeletingService.java:call(155)) - Scanned deleted blocks log and got 0 delTX to process.
2019-09-10 07:06:32,085 [SCMBlockDeletingService#1] DEBUG block.SCMBlockDeletingService (SCMBlockDeletingService.java:call(138)) - Running DeletedBlockTransactionScanner
2019-09-10 07:06:32,085 [SCMBlockDeletingService#1] DEBUG block.SCMBlockDeletingService (SCMBlockDeletingService.java:call(155)) - Scanned deleted blocks log and got 0 delTX to process.
2019-09-10 07:06:32,087 [05f13708-5e6e-4ea1-a525-a3c8f7f54426@group-34B10843FE54-SegmentedRaftLogWorker] WARN  segmented.SegmentedRaftLogWorker (SegmentedRaftLogWorker.java:getFromFuture(90)) - Timeout 19/~
org.apache.ratis.protocol.TimeoutIOException: Timeout 10s: WriteLog:16: (t:1, i:16), STATEMACHINELOGENTRY, client-7F424F215E90, cid=11-writeStateMachineData
	at org.apache.ratis.util.IOUtils.getFromFuture(IOUtils.java:87)
	at org.apache.ratis.server.raftlog.segmented.SegmentedRaftLogWorker$StateMachineDataPolicy.getFromFuture(SegmentedRaftLogWorker.java:87)
	at org.apache.ratis.server.raftlog.segmented.SegmentedRaftLogWorker$WriteLog.execute(SegmentedRaftLogWorker.java:477)
	at org.apache.ratis.server.raftlog.segmented.SegmentedRaftLogWorker.run(SegmentedRaftLogWorker.java:289)
	at java.lang.Thread.run(Thread.java:748)
Caused by: java.util.concurrent.TimeoutException
	at java.util.concurrent.CompletableFuture.timedGet(CompletableFuture.java:1771)
	at java.util.concurrent.CompletableFuture.get(CompletableFuture.java:1915)
	at org.apache.ratis.util.IOUtils.getFromFuture(IOUtils.java:79)
	... 4 more
2019-09-10 07:06:32,186 [SCMBlockDeletingService#1] DEBUG block.SCMBlockDeletingService (SCMBlockDeletingService.java:call(138)) - Running DeletedBlockTransactionScanner
2019-09-10 07:06:32,186 [SCMBlockDeletingService#1] DEBUG block.SCMBlockDeletingService (SCMBlockDeletingService.java:call(155)) - Scanned deleted blocks log and got 0 delTX to process.
2019-09-10 07:06:32,286 [SCMBlockDeletingService#1] DEBUG block.SCMBlockDeletingService (SCMBlockDeletingService.java:call(138)) - Running DeletedBlockTransactionScanner
2019-09-10 07:06:32,286 [SCMBlockDeletingService#1] DEBUG block.SCMBlockDeletingService (SCMBlockDeletingService.java:call(155)) - Scanned deleted blocks log and got 0 delTX to process.
2019-09-10 07:06:32,387 [SCMBlockDeletingService#1] DEBUG block.SCMBlockDeletingService (SCMBlockDeletingService.java:call(138)) - Running DeletedBlockTransactionScanner
2019-09-10 07:06:32,387 [SCMBlockDeletingService#1] DEBUG block.SCMBlockDeletingService (SCMBlockDeletingService.java:call(155)) - Scanned deleted blocks log and got 0 delTX to process.
2019-09-10 07:06:32,487 [SCMBlockDeletingService#1] DEBUG block.SCMBlockDeletingService (SCMBlockDeletingService.java:call(138)) - Running DeletedBlockTransactionScanner
2019-09-10 07:06:32,487 [SCMBlockDeletingService#1] DEBUG block.SCMBlockDeletingService (SCMBlockDeletingService.java:call(155)) - Scanned deleted blocks log and got 0 delTX to process.
2019-09-10 07:06:32,588 [SCMBlockDeletingService#1] DEBUG block.SCMBlockDeletingService (SCMBlockDeletingService.java:call(138)) - Running DeletedBlockTransactionScanner
2019-09-10 07:06:32,588 [SCMBlockDeletingService#1] DEBUG block.SCMBlockDeletingService (SCMBlockDeletingService.java:call(155)) - Scanned deleted blocks log and got 0 delTX to process.
2019-09-10 07:06:32,688 [SCMBlockDeletingService#1] DEBUG block.SCMBlockDeletingService (SCMBlockDeletingService.java:call(138)) - Running DeletedBlockTransactionScanner
2019-09-10 07:06:32,688 [SCMBlockDeletingService#1] DEBUG block.SCMBlockDeletingService (SCMBlockDeletingService.java:call(155)) - Scanned deleted blocks log and got 0 delTX to process.
2019-09-10 07:06:32,789 [SCMBlockDeletingService#1] DEBUG block.SCMBlockDeletingService (SCMBlockDeletingService.java:call(138)) - Running DeletedBlockTransactionScanner
2019-09-10 07:06:32,789 [SCMBlockDeletingService#1] DEBUG block.SCMBlockDeletingService (SCMBlockDeletingService.java:call(155)) - Scanned deleted blocks log and got 0 delTX to process.
2019-09-10 07:06:32,889 [SCMBlockDeletingService#1] DEBUG block.SCMBlockDeletingService (SCMBlockDeletingService.java:call(138)) - Running DeletedBlockTransactionScanner
2019-09-10 07:06:32,890 [SCMBlockDeletingService#1] DEBUG block.SCMBlockDeletingService (SCMBlockDeletingService.java:call(155)) - Scanned deleted blocks log and got 0 delTX to process.
2019-09-10 07:06:32,990 [SCMBlockDeletingService#1] DEBUG block.SCMBlockDeletingService (SCMBlockDeletingService.java:call(138)) - Running DeletedBlockTransactionScanner
2019-09-10 07:06:32,990 [SCMBlockDeletingService#1] DEBUG block.SCMBlockDeletingService (SCMBlockDeletingService.java:call(155)) - Scanned deleted blocks log and got 0 delTX to process.
2019-09-10 07:06:33,091 [SCMBlockDeletingService#1] DEBUG block.SCMBlockDeletingService (SCMBlockDeletingService.java:call(138)) - Running DeletedBlockTransactionScanner
2019-09-10 07:06:33,091 [SCMBlockDeletingService#1] DEBUG block.SCMBlockDeletingService (SCMBlockDeletingService.java:call(155)) - Scanned deleted blocks log and got 0 delTX to process.
2019-09-10 07:06:33,191 [SCMBlockDeletingService#1] DEBUG block.SCMBlockDeletingService (SCMBlockDeletingService.java:call(138)) - Running DeletedBlockTransactionScanner
2019-09-10 07:06:33,192 [SCMBlockDeletingService#1] DEBUG block.SCMBlockDeletingService (SCMBlockDeletingService.java:call(155)) - Scanned deleted blocks log and got 0 delTX to process.
2019-09-10 07:06:33,292 [SCMBlockDeletingService#1] DEBUG block.SCMBlockDeletingService (SCMBlockDeletingService.java:call(138)) - Running DeletedBlockTransactionScanner
2019-09-10 07:06:33,292 [SCMBlockDeletingService#1] DEBUG block.SCMBlockDeletingService (SCMBlockDeletingService.java:call(155)) - Scanned deleted blocks log and got 0 delTX to process.
2019-09-10 07:06:33,393 [SCMBlockDeletingService#1] DEBUG block.SCMBlockDeletingService (SCMBlockDeletingService.java:call(138)) - Running DeletedBlockTransactionScanner
2019-09-10 07:06:33,393 [SCMBlockDeletingService#1] DEBUG block.SCMBlockDeletingService (SCMBlockDeletingService.java:call(155)) - Scanned deleted blocks log and got 0 delTX to process.
2019-09-10 07:06:33,493 [SCMBlockDeletingService#1] DEBUG block.SCMBlockDeletingService (SCMBlockDeletingService.java:call(138)) - Running DeletedBlockTransactionScanner
2019-09-10 07:06:33,493 [SCMBlockDeletingService#1] DEBUG block.SCMBlockDeletingService (SCMBlockDeletingService.java:call(155)) - Scanned deleted blocks log and got 0 delTX to process.
2019-09-10 07:06:33,594 [SCMBlockDeletingService#1] DEBUG block.SCMBlockDeletingService (SCMBlockDeletingService.java:call(138)) - Running DeletedBlockTransactionScanner
2019-09-10 07:06:33,594 [SCMBlockDeletingService#1] DEBUG block.SCMBlockDeletingService (SCMBlockDeletingService.java:call(155)) - Scanned deleted blocks log and got 0 delTX to process.
2019-09-10 07:06:33,694 [SCMBlockDeletingService#0] DEBUG block.SCMBlockDeletingService (SCMBlockDeletingService.java:call(138)) - Running DeletedBlockTransactionScanner
2019-09-10 07:06:33,695 [SCMBlockDeletingService#0] DEBUG block.SCMBlockDeletingService (SCMBlockDeletingService.java:call(155)) - Scanned deleted blocks log and got 0 delTX to process.
2019-09-10 07:06:33,795 [SCMBlockDeletingService#0] DEBUG block.SCMBlockDeletingService (SCMBlockDeletingService.java:call(138)) - Running DeletedBlockTransactionScanner
2019-09-10 07:06:33,795 [SCMBlockDeletingService#0] DEBUG block.SCMBlockDeletingService (SCMBlockDeletingService.java:call(155)) - Scanned deleted blocks log and got 0 delTX to process.
2019-09-10 07:06:33,896 [SCMBlockDeletingService#0] DEBUG block.SCMBlockDeletingService (SCMBlockDeletingService.java:call(138)) - Running DeletedBlockTransactionScanner
2019-09-10 07:06:33,896 [SCMBlockDeletingService#0] DEBUG block.SCMBlockDeletingService (SCMBlockDeletingService.java:call(155)) - Scanned deleted blocks log and got 0 delTX to process.
2019-09-10 07:06:33,996 [SCMBlockDeletingService#0] DEBUG block.SCMBlockDeletingService (SCMBlockDeletingService.java:call(138)) - Running DeletedBlockTransactionScanner
2019-09-10 07:06:33,996 [SCMBlockDeletingService#0] DEBUG block.SCMBlockDeletingService (SCMBlockDeletingService.java:call(155)) - Scanned deleted blocks log and got 0 delTX to process.
2019-09-10 07:06:34,097 [SCMBlockDeletingService#0] DEBUG block.SCMBlockDeletingService (SCMBlockDeletingService.java:call(138)) - Running DeletedBlockTransactionScanner
2019-09-10 07:06:34,097 [SCMBlockDeletingService#0] DEBUG block.SCMBlockDeletingService (SCMBlockDeletingService.java:call(155)) - Scanned deleted blocks log and got 0 delTX to process.
2019-09-10 07:06:34,197 [SCMBlockDeletingService#0] DEBUG block.SCMBlockDeletingService (SCMBlockDeletingService.java:call(138)) - Running DeletedBlockTransactionScanner
2019-09-10 07:06:34,197 [SCMBlockDeletingService#0] DEBUG block.SCMBlockDeletingService (SCMBlockDeletingService.java:call(155)) - Scanned deleted blocks log and got 0 delTX to process.
2019-09-10 07:06:34,298 [SCMBlockDeletingService#0] DEBUG block.SCMBlockDeletingService (SCMBlockDeletingService.java:call(138)) - Running DeletedBlockTransactionScanner
2019-09-10 07:06:34,298 [SCMBlockDeletingService#0] DEBUG block.SCMBlockDeletingService (SCMBlockDeletingService.java:call(155)) - Scanned deleted blocks log and got 0 delTX to process.
2019-09-10 07:06:34,398 [SCMBlockDeletingService#0] DEBUG block.SCMBlockDeletingService (SCMBlockDeletingService.java:call(138)) - Running DeletedBlockTransactionScanner
2019-09-10 07:06:34,399 [SCMBlockDeletingService#0] DEBUG block.SCMBlockDeletingService (SCMBlockDeletingService.java:call(155)) - Scanned deleted blocks log and got 0 delTX to process.
2019-09-10 07:06:34,499 [SCMBlockDeletingService#0] DEBUG block.SCMBlockDeletingService (SCMBlockDeletingService.java:call(138)) - Running DeletedBlockTransactionScanner
2019-09-10 07:06:34,499 [SCMBlockDeletingService#0] DEBUG block.SCMBlockDeletingService (SCMBlockDeletingService.java:call(155)) - Scanned deleted blocks log and got 0 delTX to process.
2019-09-10 07:06:34,599 [SCMBlockDeletingService#0] DEBUG block.SCMBlockDeletingService (SCMBlockDeletingService.java:call(138)) - Running DeletedBlockTransactionScanner
2019-09-10 07:06:34,600 [SCMBlockDeletingService#0] DEBUG block.SCMBlockDeletingService (SCMBlockDeletingService.java:call(155)) - Scanned deleted blocks log and got 0 delTX to process.
2019-09-10 07:06:34,700 [SCMBlockDeletingService#0] DEBUG block.SCMBlockDeletingService (SCMBlockDeletingService.java:call(138)) - Running DeletedBlockTransactionScanner
2019-09-10 07:06:34,700 [SCMBlockDeletingService#0] DEBUG block.SCMBlockDeletingService (SCMBlockDeletingService.java:call(155)) - Scanned deleted blocks log and got 0 delTX to process.
2019-09-10 07:06:34,801 [SCMBlockDeletingService#0] DEBUG block.SCMBlockDeletingService (SCMBlockDeletingService.java:call(138)) - Running DeletedBlockTransactionScanner
2019-09-10 07:06:34,801 [SCMBlockDeletingService#0] DEBUG block.SCMBlockDeletingService (SCMBlockDeletingService.java:call(155)) - Scanned deleted blocks log and got 0 delTX to process.
2019-09-10 07:06:34,901 [SCMBlockDeletingService#0] DEBUG block.SCMBlockDeletingService (SCMBlockDeletingService.java:call(138)) - Running DeletedBlockTransactionScanner
2019-09-10 07:06:34,902 [SCMBlockDeletingService#0] DEBUG block.SCMBlockDeletingService (SCMBlockDeletingService.java:call(155)) - Scanned deleted blocks log and got 0 delTX to process.
2019-09-10 07:06:35,002 [SCMBlockDeletingService#0] DEBUG block.SCMBlockDeletingService (SCMBlockDeletingService.java:call(138)) - Running DeletedBlockTransactionScanner
2019-09-10 07:06:35,002 [SCMBlockDeletingService#0] DEBUG block.SCMBlockDeletingService (SCMBlockDeletingService.java:call(155)) - Scanned deleted blocks log and got 0 delTX to process.
2019-09-10 07:06:35,103 [SCMBlockDeletingService#0] DEBUG block.SCMBlockDeletingService (SCMBlockDeletingService.java:call(138)) - Running DeletedBlockTransactionScanner
2019-09-10 07:06:35,103 [SCMBlockDeletingService#0] DEBUG block.SCMBlockDeletingService (SCMBlockDeletingService.java:call(155)) - Scanned deleted blocks log and got 0 delTX to process.
2019-09-10 07:06:35,203 [SCMBlockDeletingService#0] DEBUG block.SCMBlockDeletingService (SCMBlockDeletingService.java:call(138)) - Running DeletedBlockTransactionScanner
2019-09-10 07:06:35,203 [SCMBlockDeletingService#0] DEBUG block.SCMBlockDeletingService (SCMBlockDeletingService.java:call(155)) - Scanned deleted blocks log and got 0 delTX to process.
2019-09-10 07:06:35,304 [SCMBlockDeletingService#0] DEBUG block.SCMBlockDeletingService (SCMBlockDeletingService.java:call(138)) - Running DeletedBlockTransactionScanner
2019-09-10 07:06:35,304 [SCMBlockDeletingService#0] DEBUG block.SCMBlockDeletingService (SCMBlockDeletingService.java:call(155)) - Scanned deleted blocks log and got 0 delTX to process.
2019-09-10 07:06:35,404 [SCMBlockDeletingService#0] DEBUG block.SCMBlockDeletingService (SCMBlockDeletingService.java:call(138)) - Running DeletedBlockTransactionScanner
2019-09-10 07:06:35,405 [SCMBlockDeletingService#0] DEBUG block.SCMBlockDeletingService (SCMBlockDeletingService.java:call(155)) - Scanned deleted blocks log and got 0 delTX to process.
2019-09-10 07:06:35,505 [SCMBlockDeletingService#0] DEBUG block.SCMBlockDeletingService (SCMBlockDeletingService.java:call(138)) - Running DeletedBlockTransactionScanner
2019-09-10 07:06:35,505 [SCMBlockDeletingService#0] DEBUG block.SCMBlockDeletingService (SCMBlockDeletingService.java:call(155)) - Scanned deleted blocks log and got 0 delTX to process.
2019-09-10 07:06:35,605 [SCMBlockDeletingService#0] DEBUG block.SCMBlockDeletingService (SCMBlockDeletingService.java:call(138)) - Running DeletedBlockTransactionScanner
2019-09-10 07:06:35,606 [SCMBlockDeletingService#0] DEBUG block.SCMBlockDeletingService (SCMBlockDeletingService.java:call(155)) - Scanned deleted blocks log and got 0 delTX to process.
2019-09-10 07:06:35,706 [SCMBlockDeletingService#0] DEBUG block.SCMBlockDeletingService (SCMBlockDeletingService.java:call(138)) - Running DeletedBlockTransactionScanner
2019-09-10 07:06:35,706 [SCMBlockDeletingService#0] DEBUG block.SCMBlockDeletingService (SCMBlockDeletingService.java:call(155)) - Scanned deleted blocks log and got 0 delTX to process.
2019-09-10 07:06:35,807 [SCMBlockDeletingService#0] DEBUG block.SCMBlockDeletingService (SCMBlockDeletingService.java:call(138)) - Running DeletedBlockTransactionScanner
2019-09-10 07:06:35,807 [SCMBlockDeletingService#0] DEBUG block.SCMBlockDeletingService (SCMBlockDeletingService.java:call(155)) - Scanned deleted blocks log and got 0 delTX to process.
2019-09-10 07:06:35,907 [SCMBlockDeletingService#0] DEBUG block.SCMBlockDeletingService (SCMBlockDeletingService.java:call(138)) - Running DeletedBlockTransactionScanner
2019-09-10 07:06:35,908 [SCMBlockDeletingService#0] DEBUG block.SCMBlockDeletingService (SCMBlockDeletingService.java:call(155)) - Scanned deleted blocks log and got 0 delTX to process.
2019-09-10 07:06:36,008 [SCMBlockDeletingService#0] DEBUG block.SCMBlockDeletingService (SCMBlockDeletingService.java:call(138)) - Running DeletedBlockTransactionScanner
2019-09-10 07:06:36,008 [SCMBlockDeletingService#0] DEBUG block.SCMBlockDeletingService (SCMBlockDeletingService.java:call(155)) - Scanned deleted blocks log and got 0 delTX to process.
2019-09-10 07:06:36,108 [SCMBlockDeletingService#0] DEBUG block.SCMBlockDeletingService (SCMBlockDeletingService.java:call(138)) - Running DeletedBlockTransactionScanner
2019-09-10 07:06:36,109 [SCMBlockDeletingService#0] DEBUG block.SCMBlockDeletingService (SCMBlockDeletingService.java:call(155)) - Scanned deleted blocks log and got 0 delTX to process.
2019-09-10 07:06:36,209 [SCMBlockDeletingService#0] DEBUG block.SCMBlockDeletingService (SCMBlockDeletingService.java:call(138)) - Running DeletedBlockTransactionScanner
2019-09-10 07:06:36,209 [SCMBlockDeletingService#0] DEBUG block.SCMBlockDeletingService (SCMBlockDeletingService.java:call(155)) - Scanned deleted blocks log and got 0 delTX to process.
2019-09-10 07:06:36,309 [SCMBlockDeletingService#0] DEBUG block.SCMBlockDeletingService (SCMBlockDeletingService.java:call(138)) - Running DeletedBlockTransactionScanner
2019-09-10 07:06:36,310 [SCMBlockDeletingService#0] DEBUG block.SCMBlockDeletingService (SCMBlockDeletingService.java:call(155)) - Scanned deleted blocks log and got 0 delTX to process.
2019-09-10 07:06:36,410 [SCMBlockDeletingService#0] DEBUG block.SCMBlockDeletingService (SCMBlockDeletingService.java:call(138)) - Running DeletedBlockTransactionScanner
2019-09-10 07:06:36,411 [SCMBlockDeletingService#0] DEBUG block.SCMBlockDeletingService (SCMBlockDeletingService.java:call(155)) - Scanned deleted blocks log and got 0 delTX to process.
2019-09-10 07:06:36,511 [SCMBlockDeletingService#0] DEBUG block.SCMBlockDeletingService (SCMBlockDeletingService.java:call(138)) - Running DeletedBlockTransactionScanner
2019-09-10 07:06:36,511 [SCMBlockDeletingService#0] DEBUG block.SCMBlockDeletingService (SCMBlockDeletingService.java:call(155)) - Scanned deleted blocks log and got 0 delTX to process.
2019-09-10 07:06:36,612 [SCMBlockDeletingService#0] DEBUG block.SCMBlockDeletingService (SCMBlockDeletingService.java:call(138)) - Running DeletedBlockTransactionScanner
2019-09-10 07:06:36,612 [SCMBlockDeletingService#0] DEBUG block.SCMBlockDeletingService (SCMBlockDeletingService.java:call(155)) - Scanned deleted blocks log and got 0 delTX to process.
2019-09-10 07:06:36,712 [SCMBlockDeletingService#0] DEBUG block.SCMBlockDeletingService (SCMBlockDeletingService.java:call(138)) - Running DeletedBlockTransactionScanner
2019-09-10 07:06:36,713 [SCMBlockDeletingService#0] DEBUG block.SCMBlockDeletingService (SCMBlockDeletingService.java:call(155)) - Scanned deleted blocks log and got 0 delTX to process.
2019-09-10 07:06:36,813 [SCMBlockDeletingService#0] DEBUG block.SCMBlockDeletingService (SCMBlockDeletingService.java:call(138)) - Running DeletedBlockTransactionScanner
2019-09-10 07:06:36,813 [SCMBlockDeletingService#0] DEBUG block.SCMBlockDeletingService (SCMBlockDeletingService.java:call(155)) - Scanned deleted blocks log and got 0 delTX to process.
2019-09-10 07:06:36,914 [SCMBlockDeletingService#0] DEBUG block.SCMBlockDeletingService (SCMBlockDeletingService.java:call(138)) - Running DeletedBlockTransactionScanner
2019-09-10 07:06:36,914 [SCMBlockDeletingService#0] DEBUG block.SCMBlockDeletingService (SCMBlockDeletingService.java:call(155)) - Scanned deleted blocks log and got 0 delTX to process.
2019-09-10 07:06:37,014 [SCMBlockDeletingService#0] DEBUG block.SCMBlockDeletingService (SCMBlockDeletingService.java:call(138)) - Running DeletedBlockTransactionScanner
2019-09-10 07:06:37,015 [SCMBlockDeletingService#0] DEBUG block.SCMBlockDeletingService (SCMBlockDeletingService.java:call(155)) - Scanned deleted blocks log and got 0 delTX to process.
2019-09-10 07:06:37,115 [SCMBlockDeletingService#0] DEBUG block.SCMBlockDeletingService (SCMBlockDeletingService.java:call(138)) - Running DeletedBlockTransactionScanner
2019-09-10 07:06:37,115 [SCMBlockDeletingService#0] DEBUG block.SCMBlockDeletingService (SCMBlockDeletingService.java:call(155)) - Scanned deleted blocks log and got 0 delTX to process.
2019-09-10 07:06:37,216 [SCMBlockDeletingService#0] DEBUG block.SCMBlockDeletingService (SCMBlockDeletingService.java:call(138)) - Running DeletedBlockTransactionScanner
2019-09-10 07:06:37,216 [SCMBlockDeletingService#0] DEBUG block.SCMBlockDeletingService (SCMBlockDeletingService.java:call(155)) - Scanned deleted blocks log and got 0 delTX to process.
2019-09-10 07:06:37,316 [SCMBlockDeletingService#0] DEBUG block.SCMBlockDeletingService (SCMBlockDeletingService.java:call(138)) - Running DeletedBlockTransactionScanner
2019-09-10 07:06:37,317 [SCMBlockDeletingService#0] DEBUG block.SCMBlockDeletingService (SCMBlockDeletingService.java:call(155)) - Scanned deleted blocks log and got 0 delTX to process.
2019-09-10 07:06:37,417 [SCMBlockDeletingService#0] DEBUG block.SCMBlockDeletingService (SCMBlockDeletingService.java:call(138)) - Running DeletedBlockTransactionScanner
2019-09-10 07:06:37,418 [SCMBlockDeletingService#0] DEBUG block.SCMBlockDeletingService (SCMBlockDeletingService.java:call(155)) - Scanned deleted blocks log and got 0 delTX to process.
2019-09-10 07:06:37,518 [SCMBlockDeletingService#0] DEBUG block.SCMBlockDeletingService (SCMBlockDeletingService.java:call(138)) - Running DeletedBlockTransactionScanner
2019-09-10 07:06:37,518 [SCMBlockDeletingService#0] DEBUG block.SCMBlockDeletingService (SCMBlockDeletingService.java:call(155)) - Scanned deleted blocks log and got 0 delTX to process.
2019-09-10 07:06:37,619 [SCMBlockDeletingService#0] DEBUG block.SCMBlockDeletingService (SCMBlockDeletingService.java:call(138)) - Running DeletedBlockTransactionScanner
2019-09-10 07:06:37,619 [SCMBlockDeletingService#0] DEBUG block.SCMBlockDeletingService (SCMBlockDeletingService.java:call(155)) - Scanned deleted blocks log and got 0 delTX to process.
2019-09-10 07:06:37,719 [SCMBlockDeletingService#0] DEBUG block.SCMBlockDeletingService (SCMBlockDeletingService.java:call(138)) - Running DeletedBlockTransactionScanner
2019-09-10 07:06:37,719 [SCMBlockDeletingService#0] DEBUG block.SCMBlockDeletingService (SCMBlockDeletingService.java:call(155)) - Scanned deleted blocks log and got 0 delTX to process.
2019-09-10 07:06:37,820 [SCMBlockDeletingService#0] DEBUG block.SCMBlockDeletingService (SCMBlockDeletingService.java:call(138)) - Running DeletedBlockTransactionScanner
2019-09-10 07:06:37,820 [SCMBlockDeletingService#0] DEBUG block.SCMBlockDeletingService (SCMBlockDeletingService.java:call(155)) - Scanned deleted blocks log and got 0 delTX to process.
2019-09-10 07:06:37,920 [SCMBlockDeletingService#0] DEBUG block.SCMBlockDeletingService (SCMBlockDeletingService.java:call(138)) - Running DeletedBlockTransactionScanner
2019-09-10 07:06:37,920 [SCMBlockDeletingService#0] DEBUG block.SCMBlockDeletingService (SCMBlockDeletingService.java:call(155)) - Scanned deleted blocks log and got 0 delTX to process.
2019-09-10 07:06:38,021 [SCMBlockDeletingService#0] DEBUG block.SCMBlockDeletingService (SCMBlockDeletingService.java:call(138)) - Running DeletedBlockTransactionScanner
2019-09-10 07:06:38,021 [SCMBlockDeletingService#0] DEBUG block.SCMBlockDeletingService (SCMBlockDeletingService.java:call(155)) - Scanned deleted blocks log and got 0 delTX to process.
2019-09-10 07:06:38,121 [SCMBlockDeletingService#0] DEBUG block.SCMBlockDeletingService (SCMBlockDeletingService.java:call(138)) - Running DeletedBlockTransactionScanner
2019-09-10 07:06:38,122 [SCMBlockDeletingService#0] DEBUG block.SCMBlockDeletingService (SCMBlockDeletingService.java:call(155)) - Scanned deleted blocks log and got 0 delTX to process.
2019-09-10 07:06:38,222 [SCMBlockDeletingService#0] DEBUG block.SCMBlockDeletingService (SCMBlockDeletingService.java:call(138)) - Running DeletedBlockTransactionScanner
2019-09-10 07:06:38,222 [SCMBlockDeletingService#0] DEBUG block.SCMBlockDeletingService (SCMBlockDeletingService.java:call(155)) - Scanned deleted blocks log and got 0 delTX to process.
2019-09-10 07:06:38,322 [SCMBlockDeletingService#0] DEBUG block.SCMBlockDeletingService (SCMBlockDeletingService.java:call(138)) - Running DeletedBlockTransactionScanner
2019-09-10 07:06:38,323 [SCMBlockDeletingService#0] DEBUG block.SCMBlockDeletingService (SCMBlockDeletingService.java:call(155)) - Scanned deleted blocks log and got 0 delTX to process.
2019-09-10 07:06:38,423 [SCMBlockDeletingService#0] DEBUG block.SCMBlockDeletingService (SCMBlockDeletingService.java:call(138)) - Running DeletedBlockTransactionScanner
2019-09-10 07:06:38,423 [SCMBlockDeletingService#0] DEBUG block.SCMBlockDeletingService (SCMBlockDeletingService.java:call(155)) - Scanned deleted blocks log and got 0 delTX to process.
2019-09-10 07:06:38,524 [SCMBlockDeletingService#0] DEBUG block.SCMBlockDeletingService (SCMBlockDeletingService.java:call(138)) - Running DeletedBlockTransactionScanner
2019-09-10 07:06:38,524 [SCMBlockDeletingService#0] DEBUG block.SCMBlockDeletingService (SCMBlockDeletingService.java:call(155)) - Scanned deleted blocks log and got 0 delTX to process.
2019-09-10 07:06:38,624 [SCMBlockDeletingService#0] DEBUG block.SCMBlockDeletingService (SCMBlockDeletingService.java:call(138)) - Running DeletedBlockTransactionScanner
2019-09-10 07:06:38,625 [SCMBlockDeletingService#0] DEBUG block.SCMBlockDeletingService (SCMBlockDeletingService.java:call(155)) - Scanned deleted blocks log and got 0 delTX to process.
2019-09-10 07:06:38,725 [SCMBlockDeletingService#0] DEBUG block.SCMBlockDeletingService (SCMBlockDeletingService.java:call(138)) - Running DeletedBlockTransactionScanner
2019-09-10 07:06:38,725 [SCMBlockDeletingService#0] DEBUG block.SCMBlockDeletingService (SCMBlockDeletingService.java:call(155)) - Scanned deleted blocks log and got 0 delTX to process.
2019-09-10 07:06:38,825 [SCMBlockDeletingService#0] DEBUG block.SCMBlockDeletingService (SCMBlockDeletingService.java:call(138)) - Running DeletedBlockTransactionScanner
2019-09-10 07:06:38,826 [SCMBlockDeletingService#0] DEBUG block.SCMBlockDeletingService (SCMBlockDeletingService.java:call(155)) - Scanned deleted blocks log and got 0 delTX to process.
2019-09-10 07:06:38,926 [SCMBlockDeletingService#0] DEBUG block.SCMBlockDeletingService (SCMBlockDeletingService.java:call(138)) - Running DeletedBlockTransactionScanner
2019-09-10 07:06:38,926 [SCMBlockDeletingService#0] DEBUG block.SCMBlockDeletingService (SCMBlockDeletingService.java:call(155)) - Scanned deleted blocks log and got 0 delTX to process.
2019-09-10 07:06:39,026 [SCMBlockDeletingService#0] DEBUG block.SCMBlockDeletingService (SCMBlockDeletingService.java:call(138)) - Running DeletedBlockTransactionScanner
2019-09-10 07:06:39,027 [SCMBlockDeletingService#0] DEBUG block.SCMBlockDeletingService (SCMBlockDeletingService.java:call(155)) - Scanned deleted blocks log and got 0 delTX to process.
2019-09-10 07:06:39,127 [SCMBlockDeletingService#0] DEBUG block.SCMBlockDeletingService (SCMBlockDeletingService.java:call(138)) - Running DeletedBlockTransactionScanner
2019-09-10 07:06:39,127 [SCMBlockDeletingService#0] DEBUG block.SCMBlockDeletingService (SCMBlockDeletingService.java:call(155)) - Scanned deleted blocks log and got 0 delTX to process.
2019-09-10 07:06:39,228 [SCMBlockDeletingService#0] DEBUG block.SCMBlockDeletingService (SCMBlockDeletingService.java:call(138)) - Running DeletedBlockTransactionScanner
2019-09-10 07:06:39,228 [SCMBlockDeletingService#0] DEBUG block.SCMBlockDeletingService (SCMBlockDeletingService.java:call(155)) - Scanned deleted blocks log and got 0 delTX to process.
2019-09-10 07:06:39,328 [SCMBlockDeletingService#0] DEBUG block.SCMBlockDeletingService (SCMBlockDeletingService.java:call(138)) - Running DeletedBlockTransactionScanner
2019-09-10 07:06:39,329 [SCMBlockDeletingService#0] DEBUG block.SCMBlockDeletingService (SCMBlockDeletingService.java:call(155)) - Scanned deleted blocks log and got 0 delTX to process.
2019-09-10 07:06:39,429 [SCMBlockDeletingService#0] DEBUG block.SCMBlockDeletingService (SCMBlockDeletingService.java:call(138)) - Running DeletedBlockTransactionScanner
2019-09-10 07:06:39,429 [SCMBlockDeletingService#0] DEBUG block.SCMBlockDeletingService (SCMBlockDeletingService.java:call(155)) - Scanned deleted blocks log and got 0 delTX to process.
2019-09-10 07:06:39,530 [SCMBlockDeletingService#0] DEBUG block.SCMBlockDeletingService (SCMBlockDeletingService.java:call(138)) - Running DeletedBlockTransactionScanner
2019-09-10 07:06:39,530 [SCMBlockDeletingService#0] DEBUG block.SCMBlockDeletingService (SCMBlockDeletingService.java:call(155)) - Scanned deleted blocks log and got 0 delTX to process.
2019-09-10 07:06:39,630 [SCMBlockDeletingService#0] DEBUG block.SCMBlockDeletingService (SCMBlockDeletingService.java:call(138)) - Running DeletedBlockTransactionScanner
2019-09-10 07:06:39,631 [SCMBlockDeletingService#0] DEBUG block.SCMBlockDeletingService (SCMBlockDeletingService.java:call(155)) - Scanned deleted blocks log and got 0 delTX to process.
2019-09-10 07:06:39,731 [SCMBlockDeletingService#0] DEBUG block.SCMBlockDeletingService (SCMBlockDeletingService.java:call(138)) - Running DeletedBlockTransactionScanner
2019-09-10 07:06:39,732 [SCMBlockDeletingService#0] DEBUG block.SCMBlockDeletingService (SCMBlockDeletingService.java:call(155)) - Scanned deleted blocks log and got 0 delTX to process.
2019-09-10 07:06:39,832 [SCMBlockDeletingService#0] DEBUG block.SCMBlockDeletingService (SCMBlockDeletingService.java:call(138)) - Running DeletedBlockTransactionScanner
2019-09-10 07:06:39,832 [SCMBlockDeletingService#0] DEBUG block.SCMBlockDeletingService (SCMBlockDeletingService.java:call(155)) - Scanned deleted blocks log and got 0 delTX to process.
2019-09-10 07:06:39,932 [SCMBlockDeletingService#0] DEBUG block.SCMBlockDeletingService (SCMBlockDeletingService.java:call(138)) - Running DeletedBlockTransactionScanner
2019-09-10 07:06:39,933 [SCMBlockDeletingService#0] DEBUG block.SCMBlockDeletingService (SCMBlockDeletingService.java:call(155)) - Scanned deleted blocks log and got 0 delTX to process.
2019-09-10 07:06:40,033 [SCMBlockDeletingService#0] DEBUG block.SCMBlockDeletingService (SCMBlockDeletingService.java:call(138)) - Running DeletedBlockTransactionScanner
2019-09-10 07:06:40,033 [SCMBlockDeletingService#0] DEBUG block.SCMBlockDeletingService (SCMBlockDeletingService.java:call(155)) - Scanned deleted blocks log and got 0 delTX to process.
2019-09-10 07:06:40,134 [SCMBlockDeletingService#0] DEBUG block.SCMBlockDeletingService (SCMBlockDeletingService.java:call(138)) - Running DeletedBlockTransactionScanner
2019-09-10 07:06:40,134 [SCMBlockDeletingService#0] DEBUG block.SCMBlockDeletingService (SCMBlockDeletingService.java:call(155)) - Scanned deleted blocks log and got 0 delTX to process.
2019-09-10 07:06:40,234 [SCMBlockDeletingService#0] DEBUG block.SCMBlockDeletingService (SCMBlockDeletingService.java:call(138)) - Running DeletedBlockTransactionScanner
2019-09-10 07:06:40,234 [SCMBlockDeletingService#0] DEBUG block.SCMBlockDeletingService (SCMBlockDeletingService.java:call(155)) - Scanned deleted blocks log and got 0 delTX to process.
2019-09-10 07:06:40,335 [SCMBlockDeletingService#0] DEBUG block.SCMBlockDeletingService (SCMBlockDeletingService.java:call(138)) - Running DeletedBlockTransactionScanner
2019-09-10 07:06:40,335 [SCMBlockDeletingService#0] DEBUG block.SCMBlockDeletingService (SCMBlockDeletingService.java:call(155)) - Scanned deleted blocks log and got 0 delTX to process.
2019-09-10 07:06:40,435 [SCMBlockDeletingService#0] DEBUG block.SCMBlockDeletingService (SCMBlockDeletingService.java:call(138)) - Running DeletedBlockTransactionScanner
2019-09-10 07:06:40,436 [SCMBlockDeletingService#0] DEBUG block.SCMBlockDeletingService (SCMBlockDeletingService.java:call(155)) - Scanned deleted blocks log and got 0 delTX to process.
2019-09-10 07:06:40,536 [SCMBlockDeletingService#0] DEBUG block.SCMBlockDeletingService (SCMBlockDeletingService.java:call(138)) - Running DeletedBlockTransactionScanner
2019-09-10 07:06:40,536 [SCMBlockDeletingService#0] DEBUG block.SCMBlockDeletingService (SCMBlockDeletingService.java:call(155)) - Scanned deleted blocks log and got 0 delTX to process.
2019-09-10 07:06:40,636 [SCMBlockDeletingService#0] DEBUG block.SCMBlockDeletingService (SCMBlockDeletingService.java:call(138)) - Running DeletedBlockTransactionScanner
2019-09-10 07:06:40,637 [SCMBlockDeletingService#0] DEBUG block.SCMBlockDeletingService (SCMBlockDeletingService.java:call(155)) - Scanned deleted blocks log and got 0 delTX to process.
2019-09-10 07:06:40,737 [SCMBlockDeletingService#0] DEBUG block.SCMBlockDeletingService (SCMBlockDeletingService.java:call(138)) - Running DeletedBlockTransactionScanner
2019-09-10 07:06:40,737 [SCMBlockDeletingService#0] DEBUG block.SCMBlockDeletingService (SCMBlockDeletingService.java:call(155)) - Scanned deleted blocks log and got 0 delTX to process.
2019-09-10 07:06:40,838 [SCMBlockDeletingService#0] DEBUG block.SCMBlockDeletingService (SCMBlockDeletingService.java:call(138)) - Running DeletedBlockTransactionScanner
2019-09-10 07:06:40,838 [SCMBlockDeletingService#0] DEBUG block.SCMBlockDeletingService (SCMBlockDeletingService.java:call(155)) - Scanned deleted blocks log and got 0 delTX to process.
2019-09-10 07:06:40,938 [SCMBlockDeletingService#0] DEBUG block.SCMBlockDeletingService (SCMBlockDeletingService.java:call(138)) - Running DeletedBlockTransactionScanner
2019-09-10 07:06:40,938 [SCMBlockDeletingService#0] DEBUG block.SCMBlockDeletingService (SCMBlockDeletingService.java:call(155)) - Scanned deleted blocks log and got 0 delTX to process.
2019-09-10 07:06:41,039 [SCMBlockDeletingService#0] DEBUG block.SCMBlockDeletingService (SCMBlockDeletingService.java:call(138)) - Running DeletedBlockTransactionScanner
2019-09-10 07:06:41,039 [SCMBlockDeletingService#0] DEBUG block.SCMBlockDeletingService (SCMBlockDeletingService.java:call(155)) - Scanned deleted blocks log and got 0 delTX to process.
2019-09-10 07:06:41,139 [SCMBlockDeletingService#0] DEBUG block.SCMBlockDeletingService (SCMBlockDeletingService.java:call(138)) - Running DeletedBlockTransactionScanner
2019-09-10 07:06:41,140 [SCMBlockDeletingService#0] DEBUG block.SCMBlockDeletingService (SCMBlockDeletingService.java:call(155)) - Scanned deleted blocks log and got 0 delTX to process.
2019-09-10 07:06:41,240 [SCMBlockDeletingService#0] DEBUG block.SCMBlockDeletingService (SCMBlockDeletingService.java:call(138)) - Running DeletedBlockTransactionScanner
2019-09-10 07:06:41,240 [SCMBlockDeletingService#0] DEBUG block.SCMBlockDeletingService (SCMBlockDeletingService.java:call(155)) - Scanned deleted blocks log and got 0 delTX to process.
2019-09-10 07:06:41,340 [SCMBlockDeletingService#0] DEBUG block.SCMBlockDeletingService (SCMBlockDeletingService.java:call(138)) - Running DeletedBlockTransactionScanner
2019-09-10 07:06:41,340 [SCMBlockDeletingService#0] DEBUG block.SCMBlockDeletingService (SCMBlockDeletingService.java:call(155)) - Scanned deleted blocks log and got 0 delTX to process.
2019-09-10 07:06:41,441 [SCMBlockDeletingService#0] DEBUG block.SCMBlockDeletingService (SCMBlockDeletingService.java:call(138)) - Running DeletedBlockTransactionScanner
2019-09-10 07:06:41,441 [SCMBlockDeletingService#0] DEBUG block.SCMBlockDeletingService (SCMBlockDeletingService.java:call(155)) - Scanned deleted blocks log and got 0 delTX to process.
2019-09-10 07:06:41,541 [SCMBlockDeletingService#0] DEBUG block.SCMBlockDeletingService (SCMBlockDeletingService.java:call(138)) - Running DeletedBlockTransactionScanner
2019-09-10 07:06:41,542 [SCMBlockDeletingService#0] DEBUG block.SCMBlockDeletingService (SCMBlockDeletingService.java:call(155)) - Scanned deleted blocks log and got 0 delTX to process.
2019-09-10 07:06:41,642 [SCMBlockDeletingService#0] DEBUG block.SCMBlockDeletingService (SCMBlockDeletingService.java:call(138)) - Running DeletedBlockTransactionScanner
2019-09-10 07:06:41,642 [SCMBlockDeletingService#0] DEBUG block.SCMBlockDeletingService (SCMBlockDeletingService.java:call(155)) - Scanned deleted blocks log and got 0 delTX to process.
2019-09-10 07:06:41,742 [SCMBlockDeletingService#0] DEBUG block.SCMBlockDeletingService (SCMBlockDeletingService.java:call(138)) - Running DeletedBlockTransactionScanner
2019-09-10 07:06:41,743 [SCMBlockDeletingService#0] DEBUG block.SCMBlockDeletingService (SCMBlockDeletingService.java:call(155)) - Scanned deleted blocks log and got 0 delTX to process.
2019-09-10 07:06:41,843 [SCMBlockDeletingService#0] DEBUG block.SCMBlockDeletingService (SCMBlockDeletingService.java:call(138)) - Running DeletedBlockTransactionScanner
2019-09-10 07:06:41,843 [SCMBlockDeletingService#0] DEBUG block.SCMBlockDeletingService (SCMBlockDeletingService.java:call(155)) - Scanned deleted blocks log and got 0 delTX to process.
2019-09-10 07:06:41,944 [SCMBlockDeletingService#0] DEBUG block.SCMBlockDeletingService (SCMBlockDeletingService.java:call(138)) - Running DeletedBlockTransactionScanner
2019-09-10 07:06:41,944 [SCMBlockDeletingService#0] DEBUG block.SCMBlockDeletingService (SCMBlockDeletingService.java:call(155)) - Scanned deleted blocks log and got 0 delTX to process.
2019-09-10 07:06:42,044 [SCMBlockDeletingService#0] DEBUG block.SCMBlockDeletingService (SCMBlockDeletingService.java:call(138)) - Running DeletedBlockTransactionScanner
2019-09-10 07:06:42,044 [SCMBlockDeletingService#0] DEBUG block.SCMBlockDeletingService (SCMBlockDeletingService.java:call(155)) - Scanned deleted blocks log and got 0 delTX to process.
2019-09-10 07:06:42,092 [05f13708-5e6e-4ea1-a525-a3c8f7f54426@group-34B10843FE54-SegmentedRaftLogWorker] WARN  segmented.SegmentedRaftLogWorker (SegmentedRaftLogWorker.java:getFromFuture(90)) - Timeout 20/~
org.apache.ratis.protocol.TimeoutIOException: Timeout 10s: WriteLog:16: (t:1, i:16), STATEMACHINELOGENTRY, client-7F424F215E90, cid=11-writeStateMachineData
	at org.apache.ratis.util.IOUtils.getFromFuture(IOUtils.java:87)
	at org.apache.ratis.server.raftlog.segmented.SegmentedRaftLogWorker$StateMachineDataPolicy.getFromFuture(SegmentedRaftLogWorker.java:87)
	at org.apache.ratis.server.raftlog.segmented.SegmentedRaftLogWorker$WriteLog.execute(SegmentedRaftLogWorker.java:477)
	at org.apache.ratis.server.raftlog.segmented.SegmentedRaftLogWorker.run(SegmentedRaftLogWorker.java:289)
	at java.lang.Thread.run(Thread.java:748)
Caused by: java.util.concurrent.TimeoutException
	at java.util.concurrent.CompletableFuture.timedGet(CompletableFuture.java:1771)
	at java.util.concurrent.CompletableFuture.get(CompletableFuture.java:1915)
	at org.apache.ratis.util.IOUtils.getFromFuture(IOUtils.java:79)
	... 4 more
2019-09-10 07:06:42,145 [SCMBlockDeletingService#0] DEBUG block.SCMBlockDeletingService (SCMBlockDeletingService.java:call(138)) - Running DeletedBlockTransactionScanner
2019-09-10 07:06:42,145 [SCMBlockDeletingService#0] DEBUG block.SCMBlockDeletingService (SCMBlockDeletingService.java:call(155)) - Scanned deleted blocks log and got 0 delTX to process.
2019-09-10 07:06:42,245 [SCMBlockDeletingService#0] DEBUG block.SCMBlockDeletingService (SCMBlockDeletingService.java:call(138)) - Running DeletedBlockTransactionScanner
2019-09-10 07:06:42,245 [SCMBlockDeletingService#0] DEBUG block.SCMBlockDeletingService (SCMBlockDeletingService.java:call(155)) - Scanned deleted blocks log and got 0 delTX to process.
2019-09-10 07:06:42,346 [SCMBlockDeletingService#0] DEBUG block.SCMBlockDeletingService (SCMBlockDeletingService.java:call(138)) - Running DeletedBlockTransactionScanner
2019-09-10 07:06:42,346 [SCMBlockDeletingService#0] DEBUG block.SCMBlockDeletingService (SCMBlockDeletingService.java:call(155)) - Scanned deleted blocks log and got 0 delTX to process.
2019-09-10 07:06:42,446 [SCMBlockDeletingService#0] DEBUG block.SCMBlockDeletingService (SCMBlockDeletingService.java:call(138)) - Running DeletedBlockTransactionScanner
2019-09-10 07:06:42,446 [SCMBlockDeletingService#0] DEBUG block.SCMBlockDeletingService (SCMBlockDeletingService.java:call(155)) - Scanned deleted blocks log and got 0 delTX to process.
2019-09-10 07:06:42,547 [SCMBlockDeletingService#0] DEBUG block.SCMBlockDeletingService (SCMBlockDeletingService.java:call(138)) - Running DeletedBlockTransactionScanner
2019-09-10 07:06:42,547 [SCMBlockDeletingService#0] DEBUG block.SCMBlockDeletingService (SCMBlockDeletingService.java:call(155)) - Scanned deleted blocks log and got 0 delTX to process.
2019-09-10 07:06:42,647 [SCMBlockDeletingService#0] DEBUG block.SCMBlockDeletingService (SCMBlockDeletingService.java:call(138)) - Running DeletedBlockTransactionScanner
2019-09-10 07:06:42,647 [SCMBlockDeletingService#0] DEBUG block.SCMBlockDeletingService (SCMBlockDeletingService.java:call(155)) - Scanned deleted blocks log and got 0 delTX to process.
2019-09-10 07:06:42,748 [SCMBlockDeletingService#0] DEBUG block.SCMBlockDeletingService (SCMBlockDeletingService.java:call(138)) - Running DeletedBlockTransactionScanner
2019-09-10 07:06:42,748 [SCMBlockDeletingService#0] DEBUG block.SCMBlockDeletingService (SCMBlockDeletingService.java:call(155)) - Scanned deleted blocks log and got 0 delTX to process.
2019-09-10 07:06:42,848 [SCMBlockDeletingService#0] DEBUG block.SCMBlockDeletingService (SCMBlockDeletingService.java:call(138)) - Running DeletedBlockTransactionScanner
2019-09-10 07:06:42,849 [SCMBlockDeletingService#0] DEBUG block.SCMBlockDeletingService (SCMBlockDeletingService.java:call(155)) - Scanned deleted blocks log and got 0 delTX to process.
2019-09-10 07:06:42,949 [SCMBlockDeletingService#0] DEBUG block.SCMBlockDeletingService (SCMBlockDeletingService.java:call(138)) - Running DeletedBlockTransactionScanner
2019-09-10 07:06:42,949 [SCMBlockDeletingService#0] DEBUG block.SCMBlockDeletingService (SCMBlockDeletingService.java:call(155)) - Scanned deleted blocks log and got 0 delTX to process.
2019-09-10 07:06:43,050 [SCMBlockDeletingService#0] DEBUG block.SCMBlockDeletingService (SCMBlockDeletingService.java:call(138)) - Running DeletedBlockTransactionScanner
2019-09-10 07:06:43,050 [SCMBlockDeletingService#0] DEBUG block.SCMBlockDeletingService (SCMBlockDeletingService.java:call(155)) - Scanned deleted blocks log and got 0 delTX to process.
2019-09-10 07:06:43,150 [SCMBlockDeletingService#0] DEBUG block.SCMBlockDeletingService (SCMBlockDeletingService.java:call(138)) - Running DeletedBlockTransactionScanner
2019-09-10 07:06:43,151 [SCMBlockDeletingService#0] DEBUG block.SCMBlockDeletingService (SCMBlockDeletingService.java:call(155)) - Scanned deleted blocks log and got 0 delTX to process.
2019-09-10 07:06:43,251 [SCMBlockDeletingService#0] DEBUG block.SCMBlockDeletingService (SCMBlockDeletingService.java:call(138)) - Running DeletedBlockTransactionScanner
2019-09-10 07:06:43,251 [SCMBlockDeletingService#0] DEBUG block.SCMBlockDeletingService (SCMBlockDeletingService.java:call(155)) - Scanned deleted blocks log and got 0 delTX to process.
2019-09-10 07:06:43,352 [SCMBlockDeletingService#0] DEBUG block.SCMBlockDeletingService (SCMBlockDeletingService.java:call(138)) - Running DeletedBlockTransactionScanner
2019-09-10 07:06:43,352 [SCMBlockDeletingService#0] DEBUG block.SCMBlockDeletingService (SCMBlockDeletingService.java:call(155)) - Scanned deleted blocks log and got 0 delTX to process.
2019-09-10 07:06:43,452 [SCMBlockDeletingService#0] DEBUG block.SCMBlockDeletingService (SCMBlockDeletingService.java:call(138)) - Running DeletedBlockTransactionScanner
2019-09-10 07:06:43,452 [SCMBlockDeletingService#0] DEBUG block.SCMBlockDeletingService (SCMBlockDeletingService.java:call(155)) - Scanned deleted blocks log and got 0 delTX to process.
2019-09-10 07:06:43,553 [SCMBlockDeletingService#0] DEBUG block.SCMBlockDeletingService (SCMBlockDeletingService.java:call(138)) - Running DeletedBlockTransactionScanner
2019-09-10 07:06:43,553 [SCMBlockDeletingService#0] DEBUG block.SCMBlockDeletingService (SCMBlockDeletingService.java:call(155)) - Scanned deleted blocks log and got 0 delTX to process.
2019-09-10 07:06:43,654 [SCMBlockDeletingService#0] DEBUG block.SCMBlockDeletingService (SCMBlockDeletingService.java:call(138)) - Running DeletedBlockTransactionScanner
2019-09-10 07:06:43,654 [SCMBlockDeletingService#0] DEBUG block.SCMBlockDeletingService (SCMBlockDeletingService.java:call(155)) - Scanned deleted blocks log and got 0 delTX to process.
2019-09-10 07:06:43,754 [SCMBlockDeletingService#0] DEBUG block.SCMBlockDeletingService (SCMBlockDeletingService.java:call(138)) - Running DeletedBlockTransactionScanner
2019-09-10 07:06:43,754 [SCMBlockDeletingService#0] DEBUG block.SCMBlockDeletingService (SCMBlockDeletingService.java:call(155)) - Scanned deleted blocks log and got 0 delTX to process.
2019-09-10 07:06:43,855 [SCMBlockDeletingService#0] DEBUG block.SCMBlockDeletingService (SCMBlockDeletingService.java:call(138)) - Running DeletedBlockTransactionScanner
2019-09-10 07:06:43,855 [SCMBlockDeletingService#0] DEBUG block.SCMBlockDeletingService (SCMBlockDeletingService.java:call(155)) - Scanned deleted blocks log and got 0 delTX to process.
2019-09-10 07:06:43,956 [SCMBlockDeletingService#0] DEBUG block.SCMBlockDeletingService (SCMBlockDeletingService.java:call(138)) - Running DeletedBlockTransactionScanner
2019-09-10 07:06:43,956 [SCMBlockDeletingService#0] DEBUG block.SCMBlockDeletingService (SCMBlockDeletingService.java:call(155)) - Scanned deleted blocks log and got 0 delTX to process.
2019-09-10 07:06:44,056 [SCMBlockDeletingService#0] DEBUG block.SCMBlockDeletingService (SCMBlockDeletingService.java:call(138)) - Running DeletedBlockTransactionScanner
2019-09-10 07:06:44,056 [SCMBlockDeletingService#0] DEBUG block.SCMBlockDeletingService (SCMBlockDeletingService.java:call(155)) - Scanned deleted blocks log and got 0 delTX to process.
2019-09-10 07:06:44,157 [SCMBlockDeletingService#0] DEBUG block.SCMBlockDeletingService (SCMBlockDeletingService.java:call(138)) - Running DeletedBlockTransactionScanner
2019-09-10 07:06:44,157 [SCMBlockDeletingService#0] DEBUG block.SCMBlockDeletingService (SCMBlockDeletingService.java:call(155)) - Scanned deleted blocks log and got 0 delTX to process.
2019-09-10 07:06:44,257 [SCMBlockDeletingService#0] DEBUG block.SCMBlockDeletingService (SCMBlockDeletingService.java:call(138)) - Running DeletedBlockTransactionScanner
2019-09-10 07:06:44,258 [SCMBlockDeletingService#0] DEBUG block.SCMBlockDeletingService (SCMBlockDeletingService.java:call(155)) - Scanned deleted blocks log and got 0 delTX to process.
2019-09-10 07:06:44,358 [SCMBlockDeletingService#0] DEBUG block.SCMBlockDeletingService (SCMBlockDeletingService.java:call(138)) - Running DeletedBlockTransactionScanner
2019-09-10 07:06:44,358 [SCMBlockDeletingService#0] DEBUG block.SCMBlockDeletingService (SCMBlockDeletingService.java:call(155)) - Scanned deleted blocks log and got 0 delTX to process.
2019-09-10 07:06:44,458 [SCMBlockDeletingService#0] DEBUG block.SCMBlockDeletingService (SCMBlockDeletingService.java:call(138)) - Running DeletedBlockTransactionScanner
2019-09-10 07:06:44,459 [SCMBlockDeletingService#0] DEBUG block.SCMBlockDeletingService (SCMBlockDeletingService.java:call(155)) - Scanned deleted blocks log and got 0 delTX to process.
2019-09-10 07:06:44,559 [SCMBlockDeletingService#0] DEBUG block.SCMBlockDeletingService (SCMBlockDeletingService.java:call(138)) - Running DeletedBlockTransactionScanner
2019-09-10 07:06:44,559 [SCMBlockDeletingService#0] DEBUG block.SCMBlockDeletingService (SCMBlockDeletingService.java:call(155)) - Scanned deleted blocks log and got 0 delTX to process.
2019-09-10 07:06:44,660 [SCMBlockDeletingService#0] DEBUG block.SCMBlockDeletingService (SCMBlockDeletingService.java:call(138)) - Running DeletedBlockTransactionScanner
2019-09-10 07:06:44,660 [SCMBlockDeletingService#0] DEBUG block.SCMBlockDeletingService (SCMBlockDeletingService.java:call(155)) - Scanned deleted blocks log and got 0 delTX to process.
2019-09-10 07:06:44,760 [SCMBlockDeletingService#0] DEBUG block.SCMBlockDeletingService (SCMBlockDeletingService.java:call(138)) - Running DeletedBlockTransactionScanner
2019-09-10 07:06:44,760 [SCMBlockDeletingService#0] DEBUG block.SCMBlockDeletingService (SCMBlockDeletingService.java:call(155)) - Scanned deleted blocks log and got 0 delTX to process.
2019-09-10 07:06:44,861 [SCMBlockDeletingService#0] DEBUG block.SCMBlockDeletingService (SCMBlockDeletingService.java:call(138)) - Running DeletedBlockTransactionScanner
2019-09-10 07:06:44,861 [SCMBlockDeletingService#0] DEBUG block.SCMBlockDeletingService (SCMBlockDeletingService.java:call(155)) - Scanned deleted blocks log and got 0 delTX to process.
2019-09-10 07:06:44,961 [SCMBlockDeletingService#0] DEBUG block.SCMBlockDeletingService (SCMBlockDeletingService.java:call(138)) - Running DeletedBlockTransactionScanner
2019-09-10 07:06:44,962 [SCMBlockDeletingService#0] DEBUG block.SCMBlockDeletingService (SCMBlockDeletingService.java:call(155)) - Scanned deleted blocks log and got 0 delTX to process.
2019-09-10 07:06:45,062 [SCMBlockDeletingService#0] DEBUG block.SCMBlockDeletingService (SCMBlockDeletingService.java:call(138)) - Running DeletedBlockTransactionScanner
2019-09-10 07:06:45,062 [SCMBlockDeletingService#0] DEBUG block.SCMBlockDeletingService (SCMBlockDeletingService.java:call(155)) - Scanned deleted blocks log and got 0 delTX to process.
2019-09-10 07:06:45,163 [SCMBlockDeletingService#0] DEBUG block.SCMBlockDeletingService (SCMBlockDeletingService.java:call(138)) - Running DeletedBlockTransactionScanner
2019-09-10 07:06:45,163 [SCMBlockDeletingService#0] DEBUG block.SCMBlockDeletingService (SCMBlockDeletingService.java:call(155)) - Scanned deleted blocks log and got 0 delTX to process.
2019-09-10 07:06:45,263 [SCMBlockDeletingService#0] DEBUG block.SCMBlockDeletingService (SCMBlockDeletingService.java:call(138)) - Running DeletedBlockTransactionScanner
2019-09-10 07:06:45,264 [SCMBlockDeletingService#0] DEBUG block.SCMBlockDeletingService (SCMBlockDeletingService.java:call(155)) - Scanned deleted blocks log and got 0 delTX to process.
2019-09-10 07:06:45,364 [SCMBlockDeletingService#0] DEBUG block.SCMBlockDeletingService (SCMBlockDeletingService.java:call(138)) - Running DeletedBlockTransactionScanner
2019-09-10 07:06:45,364 [SCMBlockDeletingService#0] DEBUG block.SCMBlockDeletingService (SCMBlockDeletingService.java:call(155)) - Scanned deleted blocks log and got 0 delTX to process.
2019-09-10 07:06:45,465 [SCMBlockDeletingService#0] DEBUG block.SCMBlockDeletingService (SCMBlockDeletingService.java:call(138)) - Running DeletedBlockTransactionScanner
2019-09-10 07:06:45,465 [SCMBlockDeletingService#0] DEBUG block.SCMBlockDeletingService (SCMBlockDeletingService.java:call(155)) - Scanned deleted blocks log and got 0 delTX to process.
2019-09-10 07:06:45,565 [SCMBlockDeletingService#0] DEBUG block.SCMBlockDeletingService (SCMBlockDeletingService.java:call(138)) - Running DeletedBlockTransactionScanner
2019-09-10 07:06:45,566 [SCMBlockDeletingService#0] DEBUG block.SCMBlockDeletingService (SCMBlockDeletingService.java:call(155)) - Scanned deleted blocks log and got 0 delTX to process.
2019-09-10 07:06:45,666 [SCMBlockDeletingService#0] DEBUG block.SCMBlockDeletingService (SCMBlockDeletingService.java:call(138)) - Running DeletedBlockTransactionScanner
2019-09-10 07:06:45,666 [SCMBlockDeletingService#0] DEBUG block.SCMBlockDeletingService (SCMBlockDeletingService.java:call(155)) - Scanned deleted blocks log and got 0 delTX to process.
2019-09-10 07:06:45,766 [SCMBlockDeletingService#0] DEBUG block.SCMBlockDeletingService (SCMBlockDeletingService.java:call(138)) - Running DeletedBlockTransactionScanner
2019-09-10 07:06:45,767 [SCMBlockDeletingService#0] DEBUG block.SCMBlockDeletingService (SCMBlockDeletingService.java:call(155)) - Scanned deleted blocks log and got 0 delTX to process.
2019-09-10 07:06:45,867 [SCMBlockDeletingService#0] DEBUG block.SCMBlockDeletingService (SCMBlockDeletingService.java:call(138)) - Running DeletedBlockTransactionScanner
2019-09-10 07:06:45,867 [SCMBlockDeletingService#0] DEBUG block.SCMBlockDeletingService (SCMBlockDeletingService.java:call(155)) - Scanned deleted blocks log and got 0 delTX to process.
2019-09-10 07:06:45,968 [SCMBlockDeletingService#0] DEBUG block.SCMBlockDeletingService (SCMBlockDeletingService.java:call(138)) - Running DeletedBlockTransactionScanner
2019-09-10 07:06:45,968 [SCMBlockDeletingService#0] DEBUG block.SCMBlockDeletingService (SCMBlockDeletingService.java:call(155)) - Scanned deleted blocks log and got 0 delTX to process.
2019-09-10 07:06:46,068 [SCMBlockDeletingService#0] DEBUG block.SCMBlockDeletingService (SCMBlockDeletingService.java:call(138)) - Running DeletedBlockTransactionScanner
2019-09-10 07:06:46,068 [SCMBlockDeletingService#0] DEBUG block.SCMBlockDeletingService (SCMBlockDeletingService.java:call(155)) - Scanned deleted blocks log and got 0 delTX to process.
2019-09-10 07:06:46,169 [SCMBlockDeletingService#0] DEBUG block.SCMBlockDeletingService (SCMBlockDeletingService.java:call(138)) - Running DeletedBlockTransactionScanner
2019-09-10 07:06:46,169 [SCMBlockDeletingService#0] DEBUG block.SCMBlockDeletingService (SCMBlockDeletingService.java:call(155)) - Scanned deleted blocks log and got 0 delTX to process.
2019-09-10 07:06:46,269 [SCMBlockDeletingService#0] DEBUG block.SCMBlockDeletingService (SCMBlockDeletingService.java:call(138)) - Running DeletedBlockTransactionScanner
2019-09-10 07:06:46,269 [SCMBlockDeletingService#0] DEBUG block.SCMBlockDeletingService (SCMBlockDeletingService.java:call(155)) - Scanned deleted blocks log and got 0 delTX to process.
2019-09-10 07:06:46,370 [SCMBlockDeletingService#0] DEBUG block.SCMBlockDeletingService (SCMBlockDeletingService.java:call(138)) - Running DeletedBlockTransactionScanner
2019-09-10 07:06:46,370 [SCMBlockDeletingService#0] DEBUG block.SCMBlockDeletingService (SCMBlockDeletingService.java:call(155)) - Scanned deleted blocks log and got 0 delTX to process.
2019-09-10 07:06:46,470 [SCMBlockDeletingService#0] DEBUG block.SCMBlockDeletingService (SCMBlockDeletingService.java:call(138)) - Running DeletedBlockTransactionScanner
2019-09-10 07:06:46,470 [SCMBlockDeletingService#0] DEBUG block.SCMBlockDeletingService (SCMBlockDeletingService.java:call(155)) - Scanned deleted blocks log and got 0 delTX to process.
2019-09-10 07:06:46,571 [SCMBlockDeletingService#0] DEBUG block.SCMBlockDeletingService (SCMBlockDeletingService.java:call(138)) - Running DeletedBlockTransactionScanner
2019-09-10 07:06:46,571 [SCMBlockDeletingService#0] DEBUG block.SCMBlockDeletingService (SCMBlockDeletingService.java:call(155)) - Scanned deleted blocks log and got 0 delTX to process.
2019-09-10 07:06:46,671 [SCMBlockDeletingService#0] DEBUG block.SCMBlockDeletingService (SCMBlockDeletingService.java:call(138)) - Running DeletedBlockTransactionScanner
2019-09-10 07:06:46,672 [SCMBlockDeletingService#0] DEBUG block.SCMBlockDeletingService (SCMBlockDeletingService.java:call(155)) - Scanned deleted blocks log and got 0 delTX to process.
2019-09-10 07:06:46,772 [SCMBlockDeletingService#0] DEBUG block.SCMBlockDeletingService (SCMBlockDeletingService.java:call(138)) - Running DeletedBlockTransactionScanner
2019-09-10 07:06:46,772 [SCMBlockDeletingService#0] DEBUG block.SCMBlockDeletingService (SCMBlockDeletingService.java:call(155)) - Scanned deleted blocks log and got 0 delTX to process.
2019-09-10 07:06:46,872 [SCMBlockDeletingService#0] DEBUG block.SCMBlockDeletingService (SCMBlockDeletingService.java:call(138)) - Running DeletedBlockTransactionScanner
2019-09-10 07:06:46,873 [SCMBlockDeletingService#0] DEBUG block.SCMBlockDeletingService (SCMBlockDeletingService.java:call(155)) - Scanned deleted blocks log and got 0 delTX to process.
2019-09-10 07:06:46,973 [SCMBlockDeletingService#0] DEBUG block.SCMBlockDeletingService (SCMBlockDeletingService.java:call(138)) - Running DeletedBlockTransactionScanner
2019-09-10 07:06:46,973 [SCMBlockDeletingService#0] DEBUG block.SCMBlockDeletingService (SCMBlockDeletingService.java:call(155)) - Scanned deleted blocks log and got 0 delTX to process.
2019-09-10 07:06:47,074 [SCMBlockDeletingService#0] DEBUG block.SCMBlockDeletingService (SCMBlockDeletingService.java:call(138)) - Running DeletedBlockTransactionScanner
2019-09-10 07:06:47,074 [SCMBlockDeletingService#0] DEBUG block.SCMBlockDeletingService (SCMBlockDeletingService.java:call(155)) - Scanned deleted blocks log and got 0 delTX to process.
2019-09-10 07:06:47,174 [SCMBlockDeletingService#0] DEBUG block.SCMBlockDeletingService (SCMBlockDeletingService.java:call(138)) - Running DeletedBlockTransactionScanner
2019-09-10 07:06:47,175 [SCMBlockDeletingService#0] DEBUG block.SCMBlockDeletingService (SCMBlockDeletingService.java:call(155)) - Scanned deleted blocks log and got 0 delTX to process.
2019-09-10 07:06:47,275 [SCMBlockDeletingService#0] DEBUG block.SCMBlockDeletingService (SCMBlockDeletingService.java:call(138)) - Running DeletedBlockTransactionScanner
2019-09-10 07:06:47,275 [SCMBlockDeletingService#0] DEBUG block.SCMBlockDeletingService (SCMBlockDeletingService.java:call(155)) - Scanned deleted blocks log and got 0 delTX to process.
2019-09-10 07:06:47,376 [SCMBlockDeletingService#0] DEBUG block.SCMBlockDeletingService (SCMBlockDeletingService.java:call(138)) - Running DeletedBlockTransactionScanner
2019-09-10 07:06:47,376 [SCMBlockDeletingService#0] DEBUG block.SCMBlockDeletingService (SCMBlockDeletingService.java:call(155)) - Scanned deleted blocks log and got 0 delTX to process.
2019-09-10 07:06:47,476 [SCMBlockDeletingService#0] DEBUG block.SCMBlockDeletingService (SCMBlockDeletingService.java:call(138)) - Running DeletedBlockTransactionScanner
2019-09-10 07:06:47,477 [SCMBlockDeletingService#0] DEBUG block.SCMBlockDeletingService (SCMBlockDeletingService.java:call(155)) - Scanned deleted blocks log and got 0 delTX to process.
2019-09-10 07:06:47,577 [SCMBlockDeletingService#0] DEBUG block.SCMBlockDeletingService (SCMBlockDeletingService.java:call(138)) - Running DeletedBlockTransactionScanner
2019-09-10 07:06:47,577 [SCMBlockDeletingService#0] DEBUG block.SCMBlockDeletingService (SCMBlockDeletingService.java:call(155)) - Scanned deleted blocks log and got 0 delTX to process.
2019-09-10 07:06:47,678 [SCMBlockDeletingService#0] DEBUG block.SCMBlockDeletingService (SCMBlockDeletingService.java:call(138)) - Running DeletedBlockTransactionScanner
2019-09-10 07:06:47,678 [SCMBlockDeletingService#0] DEBUG block.SCMBlockDeletingService (SCMBlockDeletingService.java:call(155)) - Scanned deleted blocks log and got 0 delTX to process.
2019-09-10 07:06:47,778 [SCMBlockDeletingService#0] DEBUG block.SCMBlockDeletingService (SCMBlockDeletingService.java:call(138)) - Running DeletedBlockTransactionScanner
2019-09-10 07:06:47,778 [SCMBlockDeletingService#0] DEBUG block.SCMBlockDeletingService (SCMBlockDeletingService.java:call(155)) - Scanned deleted blocks log and got 0 delTX to process.
2019-09-10 07:06:47,879 [SCMBlockDeletingService#0] DEBUG block.SCMBlockDeletingService (SCMBlockDeletingService.java:call(138)) - Running DeletedBlockTransactionScanner
2019-09-10 07:06:47,879 [SCMBlockDeletingService#0] DEBUG block.SCMBlockDeletingService (SCMBlockDeletingService.java:call(155)) - Scanned deleted blocks log and got 0 delTX to process.
2019-09-10 07:06:47,979 [SCMBlockDeletingService#0] DEBUG block.SCMBlockDeletingService (SCMBlockDeletingService.java:call(138)) - Running DeletedBlockTransactionScanner
2019-09-10 07:06:47,979 [SCMBlockDeletingService#0] DEBUG block.SCMBlockDeletingService (SCMBlockDeletingService.java:call(155)) - Scanned deleted blocks log and got 0 delTX to process.
2019-09-10 07:06:48,079 [SCMBlockDeletingService#0] DEBUG block.SCMBlockDeletingService (SCMBlockDeletingService.java:call(138)) - Running DeletedBlockTransactionScanner
2019-09-10 07:06:48,080 [SCMBlockDeletingService#0] DEBUG block.SCMBlockDeletingService (SCMBlockDeletingService.java:call(155)) - Scanned deleted blocks log and got 0 delTX to process.
2019-09-10 07:06:48,180 [SCMBlockDeletingService#0] DEBUG block.SCMBlockDeletingService (SCMBlockDeletingService.java:call(138)) - Running DeletedBlockTransactionScanner
2019-09-10 07:06:48,180 [SCMBlockDeletingService#0] DEBUG block.SCMBlockDeletingService (SCMBlockDeletingService.java:call(155)) - Scanned deleted blocks log and got 0 delTX to process.
2019-09-10 07:06:48,280 [SCMBlockDeletingService#0] DEBUG block.SCMBlockDeletingService (SCMBlockDeletingService.java:call(138)) - Running DeletedBlockTransactionScanner
2019-09-10 07:06:48,280 [SCMBlockDeletingService#0] DEBUG block.SCMBlockDeletingService (SCMBlockDeletingService.java:call(155)) - Scanned deleted blocks log and got 0 delTX to process.
2019-09-10 07:06:48,381 [SCMBlockDeletingService#1] DEBUG block.SCMBlockDeletingService (SCMBlockDeletingService.java:call(138)) - Running DeletedBlockTransactionScanner
2019-09-10 07:06:48,381 [SCMBlockDeletingService#1] DEBUG block.SCMBlockDeletingService (SCMBlockDeletingService.java:call(155)) - Scanned deleted blocks log and got 0 delTX to process.
2019-09-10 07:06:48,481 [SCMBlockDeletingService#1] DEBUG block.SCMBlockDeletingService (SCMBlockDeletingService.java:call(138)) - Running DeletedBlockTransactionScanner
2019-09-10 07:06:48,482 [SCMBlockDeletingService#1] DEBUG block.SCMBlockDeletingService (SCMBlockDeletingService.java:call(155)) - Scanned deleted blocks log and got 0 delTX to process.
2019-09-10 07:06:48,582 [SCMBlockDeletingService#1] DEBUG block.SCMBlockDeletingService (SCMBlockDeletingService.java:call(138)) - Running DeletedBlockTransactionScanner
2019-09-10 07:06:48,582 [SCMBlockDeletingService#1] DEBUG block.SCMBlockDeletingService (SCMBlockDeletingService.java:call(155)) - Scanned deleted blocks log and got 0 delTX to process.
2019-09-10 07:06:48,682 [SCMBlockDeletingService#1] DEBUG block.SCMBlockDeletingService (SCMBlockDeletingService.java:call(138)) - Running DeletedBlockTransactionScanner
2019-09-10 07:06:48,683 [SCMBlockDeletingService#1] DEBUG block.SCMBlockDeletingService (SCMBlockDeletingService.java:call(155)) - Scanned deleted blocks log and got 0 delTX to process.
2019-09-10 07:06:48,783 [SCMBlockDeletingService#1] DEBUG block.SCMBlockDeletingService (SCMBlockDeletingService.java:call(138)) - Running DeletedBlockTransactionScanner
2019-09-10 07:06:48,783 [SCMBlockDeletingService#1] DEBUG block.SCMBlockDeletingService (SCMBlockDeletingService.java:call(155)) - Scanned deleted blocks log and got 0 delTX to process.
2019-09-10 07:06:48,883 [SCMBlockDeletingService#1] DEBUG block.SCMBlockDeletingService (SCMBlockDeletingService.java:call(138)) - Running DeletedBlockTransactionScanner
2019-09-10 07:06:48,884 [SCMBlockDeletingService#1] DEBUG block.SCMBlockDeletingService (SCMBlockDeletingService.java:call(155)) - Scanned deleted blocks log and got 0 delTX to process.
2019-09-10 07:06:48,984 [SCMBlockDeletingService#1] DEBUG block.SCMBlockDeletingService (SCMBlockDeletingService.java:call(138)) - Running DeletedBlockTransactionScanner
2019-09-10 07:06:48,984 [SCMBlockDeletingService#1] DEBUG block.SCMBlockDeletingService (SCMBlockDeletingService.java:call(155)) - Scanned deleted blocks log and got 0 delTX to process.
2019-09-10 07:06:49,085 [SCMBlockDeletingService#1] DEBUG block.SCMBlockDeletingService (SCMBlockDeletingService.java:call(138)) - Running DeletedBlockTransactionScanner
2019-09-10 07:06:49,085 [SCMBlockDeletingService#1] DEBUG block.SCMBlockDeletingService (SCMBlockDeletingService.java:call(155)) - Scanned deleted blocks log and got 0 delTX to process.
2019-09-10 07:06:49,185 [SCMBlockDeletingService#1] DEBUG block.SCMBlockDeletingService (SCMBlockDeletingService.java:call(138)) - Running DeletedBlockTransactionScanner
2019-09-10 07:06:49,186 [SCMBlockDeletingService#1] DEBUG block.SCMBlockDeletingService (SCMBlockDeletingService.java:call(155)) - Scanned deleted blocks log and got 0 delTX to process.
2019-09-10 07:06:49,286 [SCMBlockDeletingService#1] DEBUG block.SCMBlockDeletingService (SCMBlockDeletingService.java:call(138)) - Running DeletedBlockTransactionScanner
2019-09-10 07:06:49,286 [SCMBlockDeletingService#1] DEBUG block.SCMBlockDeletingService (SCMBlockDeletingService.java:call(155)) - Scanned deleted blocks log and got 0 delTX to process.
2019-09-10 07:06:49,387 [SCMBlockDeletingService#1] DEBUG block.SCMBlockDeletingService (SCMBlockDeletingService.java:call(138)) - Running DeletedBlockTransactionScanner
2019-09-10 07:06:49,387 [SCMBlockDeletingService#1] DEBUG block.SCMBlockDeletingService (SCMBlockDeletingService.java:call(155)) - Scanned deleted blocks log and got 0 delTX to process.
2019-09-10 07:06:49,487 [SCMBlockDeletingService#1] DEBUG block.SCMBlockDeletingService (SCMBlockDeletingService.java:call(138)) - Running DeletedBlockTransactionScanner
2019-09-10 07:06:49,487 [SCMBlockDeletingService#1] DEBUG block.SCMBlockDeletingService (SCMBlockDeletingService.java:call(155)) - Scanned deleted blocks log and got 0 delTX to process.
2019-09-10 07:06:49,588 [SCMBlockDeletingService#1] DEBUG block.SCMBlockDeletingService (SCMBlockDeletingService.java:call(138)) - Running DeletedBlockTransactionScanner
2019-09-10 07:06:49,588 [SCMBlockDeletingService#1] DEBUG block.SCMBlockDeletingService (SCMBlockDeletingService.java:call(155)) - Scanned deleted blocks log and got 0 delTX to process.
2019-09-10 07:06:49,688 [SCMBlockDeletingService#1] DEBUG block.SCMBlockDeletingService (SCMBlockDeletingService.java:call(138)) - Running DeletedBlockTransactionScanner
2019-09-10 07:06:49,688 [SCMBlockDeletingService#1] DEBUG block.SCMBlockDeletingService (SCMBlockDeletingService.java:call(155)) - Scanned deleted blocks log and got 0 delTX to process.
2019-09-10 07:06:49,789 [SCMBlockDeletingService#1] DEBUG block.SCMBlockDeletingService (SCMBlockDeletingService.java:call(138)) - Running DeletedBlockTransactionScanner
2019-09-10 07:06:49,789 [SCMBlockDeletingService#1] DEBUG block.SCMBlockDeletingService (SCMBlockDeletingService.java:call(155)) - Scanned deleted blocks log and got 0 delTX to process.
2019-09-10 07:06:49,889 [SCMBlockDeletingService#1] DEBUG block.SCMBlockDeletingService (SCMBlockDeletingService.java:call(138)) - Running DeletedBlockTransactionScanner
2019-09-10 07:06:49,889 [SCMBlockDeletingService#1] DEBUG block.SCMBlockDeletingService (SCMBlockDeletingService.java:call(155)) - Scanned deleted blocks log and got 0 delTX to process.
2019-09-10 07:06:49,990 [SCMBlockDeletingService#1] DEBUG block.SCMBlockDeletingService (SCMBlockDeletingService.java:call(138)) - Running DeletedBlockTransactionScanner
2019-09-10 07:06:49,990 [SCMBlockDeletingService#1] DEBUG block.SCMBlockDeletingService (SCMBlockDeletingService.java:call(155)) - Scanned deleted blocks log and got 0 delTX to process.
2019-09-10 07:06:50,090 [SCMBlockDeletingService#1] DEBUG block.SCMBlockDeletingService (SCMBlockDeletingService.java:call(138)) - Running DeletedBlockTransactionScanner
2019-09-10 07:06:50,091 [SCMBlockDeletingService#1] DEBUG block.SCMBlockDeletingService (SCMBlockDeletingService.java:call(155)) - Scanned deleted blocks log and got 0 delTX to process.
2019-09-10 07:06:50,191 [SCMBlockDeletingService#1] DEBUG block.SCMBlockDeletingService (SCMBlockDeletingService.java:call(138)) - Running DeletedBlockTransactionScanner
2019-09-10 07:06:50,191 [SCMBlockDeletingService#1] DEBUG block.SCMBlockDeletingService (SCMBlockDeletingService.java:call(155)) - Scanned deleted blocks log and got 0 delTX to process.
2019-09-10 07:06:50,292 [SCMBlockDeletingService#1] DEBUG block.SCMBlockDeletingService (SCMBlockDeletingService.java:call(138)) - Running DeletedBlockTransactionScanner
2019-09-10 07:06:50,292 [SCMBlockDeletingService#1] DEBUG block.SCMBlockDeletingService (SCMBlockDeletingService.java:call(155)) - Scanned deleted blocks log and got 0 delTX to process.
2019-09-10 07:06:50,392 [SCMBlockDeletingService#1] DEBUG block.SCMBlockDeletingService (SCMBlockDeletingService.java:call(138)) - Running DeletedBlockTransactionScanner
2019-09-10 07:06:50,392 [SCMBlockDeletingService#1] DEBUG block.SCMBlockDeletingService (SCMBlockDeletingService.java:call(155)) - Scanned deleted blocks log and got 0 delTX to process.
2019-09-10 07:06:50,493 [SCMBlockDeletingService#1] DEBUG block.SCMBlockDeletingService (SCMBlockDeletingService.java:call(138)) - Running DeletedBlockTransactionScanner
2019-09-10 07:06:50,493 [SCMBlockDeletingService#1] DEBUG block.SCMBlockDeletingService (SCMBlockDeletingService.java:call(155)) - Scanned deleted blocks log and got 0 delTX to process.
2019-09-10 07:06:50,593 [SCMBlockDeletingService#1] DEBUG block.SCMBlockDeletingService (SCMBlockDeletingService.java:call(138)) - Running DeletedBlockTransactionScanner
2019-09-10 07:06:50,593 [SCMBlockDeletingService#1] DEBUG block.SCMBlockDeletingService (SCMBlockDeletingService.java:call(155)) - Scanned deleted blocks log and got 0 delTX to process.
2019-09-10 07:06:50,694 [SCMBlockDeletingService#1] DEBUG block.SCMBlockDeletingService (SCMBlockDeletingService.java:call(138)) - Running DeletedBlockTransactionScanner
2019-09-10 07:06:50,694 [SCMBlockDeletingService#1] DEBUG block.SCMBlockDeletingService (SCMBlockDeletingService.java:call(155)) - Scanned deleted blocks log and got 0 delTX to process.
2019-09-10 07:06:50,794 [SCMBlockDeletingService#1] DEBUG block.SCMBlockDeletingService (SCMBlockDeletingService.java:call(138)) - Running DeletedBlockTransactionScanner
2019-09-10 07:06:50,795 [SCMBlockDeletingService#1] DEBUG block.SCMBlockDeletingService (SCMBlockDeletingService.java:call(155)) - Scanned deleted blocks log and got 0 delTX to process.
2019-09-10 07:06:50,895 [SCMBlockDeletingService#1] DEBUG block.SCMBlockDeletingService (SCMBlockDeletingService.java:call(138)) - Running DeletedBlockTransactionScanner
2019-09-10 07:06:50,895 [SCMBlockDeletingService#1] DEBUG block.SCMBlockDeletingService (SCMBlockDeletingService.java:call(155)) - Scanned deleted blocks log and got 0 delTX to process.
2019-09-10 07:06:50,995 [SCMBlockDeletingService#1] DEBUG block.SCMBlockDeletingService (SCMBlockDeletingService.java:call(138)) - Running DeletedBlockTransactionScanner
2019-09-10 07:06:50,996 [SCMBlockDeletingService#1] DEBUG block.SCMBlockDeletingService (SCMBlockDeletingService.java:call(155)) - Scanned deleted blocks log and got 0 delTX to process.
2019-09-10 07:06:51,096 [SCMBlockDeletingService#1] DEBUG block.SCMBlockDeletingService (SCMBlockDeletingService.java:call(138)) - Running DeletedBlockTransactionScanner
2019-09-10 07:06:51,096 [SCMBlockDeletingService#1] DEBUG block.SCMBlockDeletingService (SCMBlockDeletingService.java:call(155)) - Scanned deleted blocks log and got 0 delTX to process.
2019-09-10 07:06:51,197 [SCMBlockDeletingService#1] DEBUG block.SCMBlockDeletingService (SCMBlockDeletingService.java:call(138)) - Running DeletedBlockTransactionScanner
2019-09-10 07:06:51,197 [SCMBlockDeletingService#1] DEBUG block.SCMBlockDeletingService (SCMBlockDeletingService.java:call(155)) - Scanned deleted blocks log and got 0 delTX to process.
2019-09-10 07:06:51,297 [SCMBlockDeletingService#1] DEBUG block.SCMBlockDeletingService (SCMBlockDeletingService.java:call(138)) - Running DeletedBlockTransactionScanner
2019-09-10 07:06:51,297 [SCMBlockDeletingService#1] DEBUG block.SCMBlockDeletingService (SCMBlockDeletingService.java:call(155)) - Scanned deleted blocks log and got 0 delTX to process.
2019-09-10 07:06:51,398 [SCMBlockDeletingService#1] DEBUG block.SCMBlockDeletingService (SCMBlockDeletingService.java:call(138)) - Running DeletedBlockTransactionScanner
2019-09-10 07:06:51,398 [SCMBlockDeletingService#1] DEBUG block.SCMBlockDeletingService (SCMBlockDeletingService.java:call(155)) - Scanned deleted blocks log and got 0 delTX to process.
2019-09-10 07:06:51,499 [SCMBlockDeletingService#1] DEBUG block.SCMBlockDeletingService (SCMBlockDeletingService.java:call(138)) - Running DeletedBlockTransactionScanner
2019-09-10 07:06:51,499 [SCMBlockDeletingService#1] DEBUG block.SCMBlockDeletingService (SCMBlockDeletingService.java:call(155)) - Scanned deleted blocks log and got 0 delTX to process.
2019-09-10 07:06:51,599 [SCMBlockDeletingService#1] DEBUG block.SCMBlockDeletingService (SCMBlockDeletingService.java:call(138)) - Running DeletedBlockTransactionScanner
2019-09-10 07:06:51,599 [SCMBlockDeletingService#1] DEBUG block.SCMBlockDeletingService (SCMBlockDeletingService.java:call(155)) - Scanned deleted blocks log and got 0 delTX to process.
2019-09-10 07:06:51,700 [SCMBlockDeletingService#1] DEBUG block.SCMBlockDeletingService (SCMBlockDeletingService.java:call(138)) - Running DeletedBlockTransactionScanner
2019-09-10 07:06:51,700 [SCMBlockDeletingService#1] DEBUG block.SCMBlockDeletingService (SCMBlockDeletingService.java:call(155)) - Scanned deleted blocks log and got 0 delTX to process.
2019-09-10 07:06:51,800 [SCMBlockDeletingService#1] DEBUG block.SCMBlockDeletingService (SCMBlockDeletingService.java:call(138)) - Running DeletedBlockTransactionScanner
2019-09-10 07:06:51,801 [SCMBlockDeletingService#1] DEBUG block.SCMBlockDeletingService (SCMBlockDeletingService.java:call(155)) - Scanned deleted blocks log and got 0 delTX to process.
2019-09-10 07:06:51,901 [SCMBlockDeletingService#1] DEBUG block.SCMBlockDeletingService (SCMBlockDeletingService.java:call(138)) - Running DeletedBlockTransactionScanner
2019-09-10 07:06:51,901 [SCMBlockDeletingService#1] DEBUG block.SCMBlockDeletingService (SCMBlockDeletingService.java:call(155)) - Scanned deleted blocks log and got 0 delTX to process.
2019-09-10 07:06:52,002 [SCMBlockDeletingService#1] DEBUG block.SCMBlockDeletingService (SCMBlockDeletingService.java:call(138)) - Running DeletedBlockTransactionScanner
2019-09-10 07:06:52,002 [SCMBlockDeletingService#1] DEBUG block.SCMBlockDeletingService (SCMBlockDeletingService.java:call(155)) - Scanned deleted blocks log and got 0 delTX to process.
2019-09-10 07:06:52,093 [05f13708-5e6e-4ea1-a525-a3c8f7f54426@group-34B10843FE54-SegmentedRaftLogWorker] WARN  segmented.SegmentedRaftLogWorker (SegmentedRaftLogWorker.java:getFromFuture(90)) - Timeout 21/~
org.apache.ratis.protocol.TimeoutIOException: Timeout 10s: WriteLog:16: (t:1, i:16), STATEMACHINELOGENTRY, client-7F424F215E90, cid=11-writeStateMachineData
	at org.apache.ratis.util.IOUtils.getFromFuture(IOUtils.java:87)
	at org.apache.ratis.server.raftlog.segmented.SegmentedRaftLogWorker$StateMachineDataPolicy.getFromFuture(SegmentedRaftLogWorker.java:87)
	at org.apache.ratis.server.raftlog.segmented.SegmentedRaftLogWorker$WriteLog.execute(SegmentedRaftLogWorker.java:477)
	at org.apache.ratis.server.raftlog.segmented.SegmentedRaftLogWorker.run(SegmentedRaftLogWorker.java:289)
	at java.lang.Thread.run(Thread.java:748)
Caused by: java.util.concurrent.TimeoutException
	at java.util.concurrent.CompletableFuture.timedGet(CompletableFuture.java:1771)
	at java.util.concurrent.CompletableFuture.get(CompletableFuture.java:1915)
	at org.apache.ratis.util.IOUtils.getFromFuture(IOUtils.java:79)
	... 4 more
2019-09-10 07:06:52,102 [SCMBlockDeletingService#1] DEBUG block.SCMBlockDeletingService (SCMBlockDeletingService.java:call(138)) - Running DeletedBlockTransactionScanner
2019-09-10 07:06:52,102 [SCMBlockDeletingService#1] DEBUG block.SCMBlockDeletingService (SCMBlockDeletingService.java:call(155)) - Scanned deleted blocks log and got 0 delTX to process.
2019-09-10 07:06:52,203 [SCMBlockDeletingService#1] DEBUG block.SCMBlockDeletingService (SCMBlockDeletingService.java:call(138)) - Running DeletedBlockTransactionScanner
2019-09-10 07:06:52,203 [SCMBlockDeletingService#1] DEBUG block.SCMBlockDeletingService (SCMBlockDeletingService.java:call(155)) - Scanned deleted blocks log and got 0 delTX to process.
2019-09-10 07:06:52,303 [SCMBlockDeletingService#1] DEBUG block.SCMBlockDeletingService (SCMBlockDeletingService.java:call(138)) - Running DeletedBlockTransactionScanner
2019-09-10 07:06:52,303 [SCMBlockDeletingService#1] DEBUG block.SCMBlockDeletingService (SCMBlockDeletingService.java:call(155)) - Scanned deleted blocks log and got 0 delTX to process.
2019-09-10 07:06:52,404 [SCMBlockDeletingService#1] DEBUG block.SCMBlockDeletingService (SCMBlockDeletingService.java:call(138)) - Running DeletedBlockTransactionScanner
2019-09-10 07:06:52,404 [SCMBlockDeletingService#1] DEBUG block.SCMBlockDeletingService (SCMBlockDeletingService.java:call(155)) - Scanned deleted blocks log and got 0 delTX to process.
2019-09-10 07:06:52,504 [SCMBlockDeletingService#1] DEBUG block.SCMBlockDeletingService (SCMBlockDeletingService.java:call(138)) - Running DeletedBlockTransactionScanner
2019-09-10 07:06:52,505 [SCMBlockDeletingService#1] DEBUG block.SCMBlockDeletingService (SCMBlockDeletingService.java:call(155)) - Scanned deleted blocks log and got 0 delTX to process.
2019-09-10 07:06:52,605 [SCMBlockDeletingService#1] DEBUG block.SCMBlockDeletingService (SCMBlockDeletingService.java:call(138)) - Running DeletedBlockTransactionScanner
2019-09-10 07:06:52,605 [SCMBlockDeletingService#1] DEBUG block.SCMBlockDeletingService (SCMBlockDeletingService.java:call(155)) - Scanned deleted blocks log and got 0 delTX to process.
2019-09-10 07:06:52,706 [SCMBlockDeletingService#1] DEBUG block.SCMBlockDeletingService (SCMBlockDeletingService.java:call(138)) - Running DeletedBlockTransactionScanner
2019-09-10 07:06:52,706 [SCMBlockDeletingService#1] DEBUG block.SCMBlockDeletingService (SCMBlockDeletingService.java:call(155)) - Scanned deleted blocks log and got 0 delTX to process.
2019-09-10 07:06:52,806 [SCMBlockDeletingService#1] DEBUG block.SCMBlockDeletingService (SCMBlockDeletingService.java:call(138)) - Running DeletedBlockTransactionScanner
2019-09-10 07:06:52,806 [SCMBlockDeletingService#1] DEBUG block.SCMBlockDeletingService (SCMBlockDeletingService.java:call(155)) - Scanned deleted blocks log and got 0 delTX to process.
2019-09-10 07:06:52,907 [SCMBlockDeletingService#1] DEBUG block.SCMBlockDeletingService (SCMBlockDeletingService.java:call(138)) - Running DeletedBlockTransactionScanner
2019-09-10 07:06:52,907 [SCMBlockDeletingService#1] DEBUG block.SCMBlockDeletingService (SCMBlockDeletingService.java:call(155)) - Scanned deleted blocks log and got 0 delTX to process.
2019-09-10 07:06:53,007 [SCMBlockDeletingService#1] DEBUG block.SCMBlockDeletingService (SCMBlockDeletingService.java:call(138)) - Running DeletedBlockTransactionScanner
2019-09-10 07:06:53,008 [SCMBlockDeletingService#1] DEBUG block.SCMBlockDeletingService (SCMBlockDeletingService.java:call(155)) - Scanned deleted blocks log and got 0 delTX to process.
2019-09-10 07:06:53,108 [SCMBlockDeletingService#1] DEBUG block.SCMBlockDeletingService (SCMBlockDeletingService.java:call(138)) - Running DeletedBlockTransactionScanner
2019-09-10 07:06:53,108 [SCMBlockDeletingService#1] DEBUG block.SCMBlockDeletingService (SCMBlockDeletingService.java:call(155)) - Scanned deleted blocks log and got 0 delTX to process.
2019-09-10 07:06:53,209 [SCMBlockDeletingService#1] DEBUG block.SCMBlockDeletingService (SCMBlockDeletingService.java:call(138)) - Running DeletedBlockTransactionScanner
2019-09-10 07:06:53,209 [SCMBlockDeletingService#1] DEBUG block.SCMBlockDeletingService (SCMBlockDeletingService.java:call(155)) - Scanned deleted blocks log and got 0 delTX to process.
2019-09-10 07:06:53,309 [SCMBlockDeletingService#1] DEBUG block.SCMBlockDeletingService (SCMBlockDeletingService.java:call(138)) - Running DeletedBlockTransactionScanner
2019-09-10 07:06:53,310 [SCMBlockDeletingService#1] DEBUG block.SCMBlockDeletingService (SCMBlockDeletingService.java:call(155)) - Scanned deleted blocks log and got 0 delTX to process.
2019-09-10 07:06:53,410 [SCMBlockDeletingService#1] DEBUG block.SCMBlockDeletingService (SCMBlockDeletingService.java:call(138)) - Running DeletedBlockTransactionScanner
2019-09-10 07:06:53,410 [SCMBlockDeletingService#1] DEBUG block.SCMBlockDeletingService (SCMBlockDeletingService.java:call(155)) - Scanned deleted blocks log and got 0 delTX to process.
2019-09-10 07:06:53,511 [SCMBlockDeletingService#1] DEBUG block.SCMBlockDeletingService (SCMBlockDeletingService.java:call(138)) - Running DeletedBlockTransactionScanner
2019-09-10 07:06:53,511 [SCMBlockDeletingService#1] DEBUG block.SCMBlockDeletingService (SCMBlockDeletingService.java:call(155)) - Scanned deleted blocks log and got 0 delTX to process.
2019-09-10 07:06:53,611 [SCMBlockDeletingService#1] DEBUG block.SCMBlockDeletingService (SCMBlockDeletingService.java:call(138)) - Running DeletedBlockTransactionScanner
2019-09-10 07:06:53,612 [SCMBlockDeletingService#1] DEBUG block.SCMBlockDeletingService (SCMBlockDeletingService.java:call(155)) - Scanned deleted blocks log and got 0 delTX to process.
2019-09-10 07:06:53,712 [SCMBlockDeletingService#1] DEBUG block.SCMBlockDeletingService (SCMBlockDeletingService.java:call(138)) - Running DeletedBlockTransactionScanner
2019-09-10 07:06:53,712 [SCMBlockDeletingService#1] DEBUG block.SCMBlockDeletingService (SCMBlockDeletingService.java:call(155)) - Scanned deleted blocks log and got 0 delTX to process.
2019-09-10 07:06:53,813 [SCMBlockDeletingService#1] DEBUG block.SCMBlockDeletingService (SCMBlockDeletingService.java:call(138)) - Running DeletedBlockTransactionScanner
2019-09-10 07:06:53,813 [SCMBlockDeletingService#1] DEBUG block.SCMBlockDeletingService (SCMBlockDeletingService.java:call(155)) - Scanned deleted blocks log and got 0 delTX to process.
2019-09-10 07:06:53,913 [SCMBlockDeletingService#1] DEBUG block.SCMBlockDeletingService (SCMBlockDeletingService.java:call(138)) - Running DeletedBlockTransactionScanner
2019-09-10 07:06:53,914 [SCMBlockDeletingService#1] DEBUG block.SCMBlockDeletingService (SCMBlockDeletingService.java:call(155)) - Scanned deleted blocks log and got 0 delTX to process.
2019-09-10 07:06:54,014 [SCMBlockDeletingService#1] DEBUG block.SCMBlockDeletingService (SCMBlockDeletingService.java:call(138)) - Running DeletedBlockTransactionScanner
2019-09-10 07:06:54,014 [SCMBlockDeletingService#1] DEBUG block.SCMBlockDeletingService (SCMBlockDeletingService.java:call(155)) - Scanned deleted blocks log and got 0 delTX to process.
2019-09-10 07:06:54,114 [SCMBlockDeletingService#1] DEBUG block.SCMBlockDeletingService (SCMBlockDeletingService.java:call(138)) - Running DeletedBlockTransactionScanner
2019-09-10 07:06:54,115 [SCMBlockDeletingService#1] DEBUG block.SCMBlockDeletingService (SCMBlockDeletingService.java:call(155)) - Scanned deleted blocks log and got 0 delTX to process.
2019-09-10 07:06:54,215 [SCMBlockDeletingService#1] DEBUG block.SCMBlockDeletingService (SCMBlockDeletingService.java:call(138)) - Running DeletedBlockTransactionScanner
2019-09-10 07:06:54,215 [SCMBlockDeletingService#1] DEBUG block.SCMBlockDeletingService (SCMBlockDeletingService.java:call(155)) - Scanned deleted blocks log and got 0 delTX to process.
2019-09-10 07:06:54,316 [SCMBlockDeletingService#1] DEBUG block.SCMBlockDeletingService (SCMBlockDeletingService.java:call(138)) - Running DeletedBlockTransactionScanner
2019-09-10 07:06:54,316 [SCMBlockDeletingService#1] DEBUG block.SCMBlockDeletingService (SCMBlockDeletingService.java:call(155)) - Scanned deleted blocks log and got 0 delTX to process.
2019-09-10 07:06:54,416 [SCMBlockDeletingService#1] DEBUG block.SCMBlockDeletingService (SCMBlockDeletingService.java:call(138)) - Running DeletedBlockTransactionScanner
2019-09-10 07:06:54,416 [SCMBlockDeletingService#1] DEBUG block.SCMBlockDeletingService (SCMBlockDeletingService.java:call(155)) - Scanned deleted blocks log and got 0 delTX to process.
2019-09-10 07:06:54,517 [SCMBlockDeletingService#1] DEBUG block.SCMBlockDeletingService (SCMBlockDeletingService.java:call(138)) - Running DeletedBlockTransactionScanner
2019-09-10 07:06:54,517 [SCMBlockDeletingService#1] DEBUG block.SCMBlockDeletingService (SCMBlockDeletingService.java:call(155)) - Scanned deleted blocks log and got 0 delTX to process.
2019-09-10 07:06:54,617 [SCMBlockDeletingService#1] DEBUG block.SCMBlockDeletingService (SCMBlockDeletingService.java:call(138)) - Running DeletedBlockTransactionScanner
2019-09-10 07:06:54,618 [SCMBlockDeletingService#1] DEBUG block.SCMBlockDeletingService (SCMBlockDeletingService.java:call(155)) - Scanned deleted blocks log and got 0 delTX to process.
2019-09-10 07:06:54,718 [SCMBlockDeletingService#1] DEBUG block.SCMBlockDeletingService (SCMBlockDeletingService.java:call(138)) - Running DeletedBlockTransactionScanner
2019-09-10 07:06:54,718 [SCMBlockDeletingService#1] DEBUG block.SCMBlockDeletingService (SCMBlockDeletingService.java:call(155)) - Scanned deleted blocks log and got 0 delTX to process.
2019-09-10 07:06:54,818 [SCMBlockDeletingService#1] DEBUG block.SCMBlockDeletingService (SCMBlockDeletingService.java:call(138)) - Running DeletedBlockTransactionScanner
2019-09-10 07:06:54,819 [SCMBlockDeletingService#1] DEBUG block.SCMBlockDeletingService (SCMBlockDeletingService.java:call(155)) - Scanned deleted blocks log and got 0 delTX to process.
2019-09-10 07:06:54,919 [SCMBlockDeletingService#1] DEBUG block.SCMBlockDeletingService (SCMBlockDeletingService.java:call(138)) - Running DeletedBlockTransactionScanner
2019-09-10 07:06:54,919 [SCMBlockDeletingService#1] DEBUG block.SCMBlockDeletingService (SCMBlockDeletingService.java:call(155)) - Scanned deleted blocks log and got 0 delTX to process.
2019-09-10 07:06:55,019 [SCMBlockDeletingService#1] DEBUG block.SCMBlockDeletingService (SCMBlockDeletingService.java:call(138)) - Running DeletedBlockTransactionScanner
2019-09-10 07:06:55,020 [SCMBlockDeletingService#1] DEBUG block.SCMBlockDeletingService (SCMBlockDeletingService.java:call(155)) - Scanned deleted blocks log and got 0 delTX to process.
2019-09-10 07:06:55,120 [SCMBlockDeletingService#1] DEBUG block.SCMBlockDeletingService (SCMBlockDeletingService.java:call(138)) - Running DeletedBlockTransactionScanner
2019-09-10 07:06:55,121 [SCMBlockDeletingService#1] DEBUG block.SCMBlockDeletingService (SCMBlockDeletingService.java:call(155)) - Scanned deleted blocks log and got 0 delTX to process.
2019-09-10 07:06:55,221 [SCMBlockDeletingService#1] DEBUG block.SCMBlockDeletingService (SCMBlockDeletingService.java:call(138)) - Running DeletedBlockTransactionScanner
2019-09-10 07:06:55,221 [SCMBlockDeletingService#1] DEBUG block.SCMBlockDeletingService (SCMBlockDeletingService.java:call(155)) - Scanned deleted blocks log and got 0 delTX to process.
2019-09-10 07:06:55,322 [SCMBlockDeletingService#1] DEBUG block.SCMBlockDeletingService (SCMBlockDeletingService.java:call(138)) - Running DeletedBlockTransactionScanner
2019-09-10 07:06:55,322 [SCMBlockDeletingService#1] DEBUG block.SCMBlockDeletingService (SCMBlockDeletingService.java:call(155)) - Scanned deleted blocks log and got 0 delTX to process.
2019-09-10 07:06:55,422 [SCMBlockDeletingService#1] DEBUG block.SCMBlockDeletingService (SCMBlockDeletingService.java:call(138)) - Running DeletedBlockTransactionScanner
2019-09-10 07:06:55,422 [SCMBlockDeletingService#1] DEBUG block.SCMBlockDeletingService (SCMBlockDeletingService.java:call(155)) - Scanned deleted blocks log and got 0 delTX to process.
2019-09-10 07:06:55,523 [SCMBlockDeletingService#1] DEBUG block.SCMBlockDeletingService (SCMBlockDeletingService.java:call(138)) - Running DeletedBlockTransactionScanner
2019-09-10 07:06:55,523 [SCMBlockDeletingService#1] DEBUG block.SCMBlockDeletingService (SCMBlockDeletingService.java:call(155)) - Scanned deleted blocks log and got 0 delTX to process.
2019-09-10 07:06:55,623 [SCMBlockDeletingService#1] DEBUG block.SCMBlockDeletingService (SCMBlockDeletingService.java:call(138)) - Running DeletedBlockTransactionScanner
2019-09-10 07:06:55,624 [SCMBlockDeletingService#1] DEBUG block.SCMBlockDeletingService (SCMBlockDeletingService.java:call(155)) - Scanned deleted blocks log and got 0 delTX to process.
2019-09-10 07:06:55,724 [SCMBlockDeletingService#1] DEBUG block.SCMBlockDeletingService (SCMBlockDeletingService.java:call(138)) - Running DeletedBlockTransactionScanner
2019-09-10 07:06:55,724 [SCMBlockDeletingService#1] DEBUG block.SCMBlockDeletingService (SCMBlockDeletingService.java:call(155)) - Scanned deleted blocks log and got 0 delTX to process.
2019-09-10 07:06:55,825 [SCMBlockDeletingService#1] DEBUG block.SCMBlockDeletingService (SCMBlockDeletingService.java:call(138)) - Running DeletedBlockTransactionScanner
2019-09-10 07:06:55,825 [SCMBlockDeletingService#1] DEBUG block.SCMBlockDeletingService (SCMBlockDeletingService.java:call(155)) - Scanned deleted blocks log and got 0 delTX to process.
2019-09-10 07:06:55,925 [SCMBlockDeletingService#1] DEBUG block.SCMBlockDeletingService (SCMBlockDeletingService.java:call(138)) - Running DeletedBlockTransactionScanner
2019-09-10 07:06:55,925 [SCMBlockDeletingService#1] DEBUG block.SCMBlockDeletingService (SCMBlockDeletingService.java:call(155)) - Scanned deleted blocks log and got 0 delTX to process.
2019-09-10 07:06:56,026 [SCMBlockDeletingService#1] DEBUG block.SCMBlockDeletingService (SCMBlockDeletingService.java:call(138)) - Running DeletedBlockTransactionScanner
2019-09-10 07:06:56,026 [SCMBlockDeletingService#1] DEBUG block.SCMBlockDeletingService (SCMBlockDeletingService.java:call(155)) - Scanned deleted blocks log and got 0 delTX to process.
2019-09-10 07:06:56,126 [SCMBlockDeletingService#1] DEBUG block.SCMBlockDeletingService (SCMBlockDeletingService.java:call(138)) - Running DeletedBlockTransactionScanner
2019-09-10 07:06:56,127 [SCMBlockDeletingService#1] DEBUG block.SCMBlockDeletingService (SCMBlockDeletingService.java:call(155)) - Scanned deleted blocks log and got 0 delTX to process.
2019-09-10 07:06:56,227 [SCMBlockDeletingService#1] DEBUG block.SCMBlockDeletingService (SCMBlockDeletingService.java:call(138)) - Running DeletedBlockTransactionScanner
2019-09-10 07:06:56,227 [SCMBlockDeletingService#1] DEBUG block.SCMBlockDeletingService (SCMBlockDeletingService.java:call(155)) - Scanned deleted blocks log and got 0 delTX to process.
2019-09-10 07:06:56,328 [SCMBlockDeletingService#1] DEBUG block.SCMBlockDeletingService (SCMBlockDeletingService.java:call(138)) - Running DeletedBlockTransactionScanner
2019-09-10 07:06:56,328 [SCMBlockDeletingService#1] DEBUG block.SCMBlockDeletingService (SCMBlockDeletingService.java:call(155)) - Scanned deleted blocks log and got 0 delTX to process.
2019-09-10 07:06:56,428 [SCMBlockDeletingService#1] DEBUG block.SCMBlockDeletingService (SCMBlockDeletingService.java:call(138)) - Running DeletedBlockTransactionScanner
2019-09-10 07:06:56,428 [SCMBlockDeletingService#1] DEBUG block.SCMBlockDeletingService (SCMBlockDeletingService.java:call(155)) - Scanned deleted blocks log and got 0 delTX to process.
2019-09-10 07:06:56,529 [SCMBlockDeletingService#1] DEBUG block.SCMBlockDeletingService (SCMBlockDeletingService.java:call(138)) - Running DeletedBlockTransactionScanner
2019-09-10 07:06:56,529 [SCMBlockDeletingService#1] DEBUG block.SCMBlockDeletingService (SCMBlockDeletingService.java:call(155)) - Scanned deleted blocks log and got 0 delTX to process.
2019-09-10 07:06:56,629 [SCMBlockDeletingService#1] DEBUG block.SCMBlockDeletingService (SCMBlockDeletingService.java:call(138)) - Running DeletedBlockTransactionScanner
2019-09-10 07:06:56,629 [SCMBlockDeletingService#1] DEBUG block.SCMBlockDeletingService (SCMBlockDeletingService.java:call(155)) - Scanned deleted blocks log and got 0 delTX to process.
2019-09-10 07:06:56,730 [SCMBlockDeletingService#1] DEBUG block.SCMBlockDeletingService (SCMBlockDeletingService.java:call(138)) - Running DeletedBlockTransactionScanner
2019-09-10 07:06:56,730 [SCMBlockDeletingService#1] DEBUG block.SCMBlockDeletingService (SCMBlockDeletingService.java:call(155)) - Scanned deleted blocks log and got 0 delTX to process.
2019-09-10 07:06:56,830 [SCMBlockDeletingService#1] DEBUG block.SCMBlockDeletingService (SCMBlockDeletingService.java:call(138)) - Running DeletedBlockTransactionScanner
2019-09-10 07:06:56,831 [SCMBlockDeletingService#1] DEBUG block.SCMBlockDeletingService (SCMBlockDeletingService.java:call(155)) - Scanned deleted blocks log and got 0 delTX to process.
2019-09-10 07:06:56,931 [SCMBlockDeletingService#1] DEBUG block.SCMBlockDeletingService (SCMBlockDeletingService.java:call(138)) - Running DeletedBlockTransactionScanner
2019-09-10 07:06:56,931 [SCMBlockDeletingService#1] DEBUG block.SCMBlockDeletingService (SCMBlockDeletingService.java:call(155)) - Scanned deleted blocks log and got 0 delTX to process.
2019-09-10 07:06:57,032 [SCMBlockDeletingService#1] DEBUG block.SCMBlockDeletingService (SCMBlockDeletingService.java:call(138)) - Running DeletedBlockTransactionScanner
2019-09-10 07:06:57,032 [SCMBlockDeletingService#1] DEBUG block.SCMBlockDeletingService (SCMBlockDeletingService.java:call(155)) - Scanned deleted blocks log and got 0 delTX to process.
2019-09-10 07:06:57,132 [SCMBlockDeletingService#1] DEBUG block.SCMBlockDeletingService (SCMBlockDeletingService.java:call(138)) - Running DeletedBlockTransactionScanner
2019-09-10 07:06:57,133 [SCMBlockDeletingService#1] DEBUG block.SCMBlockDeletingService (SCMBlockDeletingService.java:call(155)) - Scanned deleted blocks log and got 0 delTX to process.
2019-09-10 07:06:57,233 [SCMBlockDeletingService#1] DEBUG block.SCMBlockDeletingService (SCMBlockDeletingService.java:call(138)) - Running DeletedBlockTransactionScanner
2019-09-10 07:06:57,233 [SCMBlockDeletingService#1] DEBUG block.SCMBlockDeletingService (SCMBlockDeletingService.java:call(155)) - Scanned deleted blocks log and got 0 delTX to process.
2019-09-10 07:06:57,334 [SCMBlockDeletingService#1] DEBUG block.SCMBlockDeletingService (SCMBlockDeletingService.java:call(138)) - Running DeletedBlockTransactionScanner
2019-09-10 07:06:57,334 [SCMBlockDeletingService#1] DEBUG block.SCMBlockDeletingService (SCMBlockDeletingService.java:call(155)) - Scanned deleted blocks log and got 0 delTX to process.
2019-09-10 07:06:57,435 [SCMBlockDeletingService#1] DEBUG block.SCMBlockDeletingService (SCMBlockDeletingService.java:call(138)) - Running DeletedBlockTransactionScanner
2019-09-10 07:06:57,435 [SCMBlockDeletingService#1] DEBUG block.SCMBlockDeletingService (SCMBlockDeletingService.java:call(155)) - Scanned deleted blocks log and got 0 delTX to process.
2019-09-10 07:06:57,535 [SCMBlockDeletingService#1] DEBUG block.SCMBlockDeletingService (SCMBlockDeletingService.java:call(138)) - Running DeletedBlockTransactionScanner
2019-09-10 07:06:57,535 [SCMBlockDeletingService#1] DEBUG block.SCMBlockDeletingService (SCMBlockDeletingService.java:call(155)) - Scanned deleted blocks log and got 0 delTX to process.
2019-09-10 07:06:57,636 [SCMBlockDeletingService#1] DEBUG block.SCMBlockDeletingService (SCMBlockDeletingService.java:call(138)) - Running DeletedBlockTransactionScanner
2019-09-10 07:06:57,636 [SCMBlockDeletingService#1] DEBUG block.SCMBlockDeletingService (SCMBlockDeletingService.java:call(155)) - Scanned deleted blocks log and got 0 delTX to process.
2019-09-10 07:06:57,736 [SCMBlockDeletingService#1] DEBUG block.SCMBlockDeletingService (SCMBlockDeletingService.java:call(138)) - Running DeletedBlockTransactionScanner
2019-09-10 07:06:57,737 [SCMBlockDeletingService#1] DEBUG block.SCMBlockDeletingService (SCMBlockDeletingService.java:call(155)) - Scanned deleted blocks log and got 0 delTX to process.
2019-09-10 07:06:57,837 [SCMBlockDeletingService#1] DEBUG block.SCMBlockDeletingService (SCMBlockDeletingService.java:call(138)) - Running DeletedBlockTransactionScanner
2019-09-10 07:06:57,837 [SCMBlockDeletingService#1] DEBUG block.SCMBlockDeletingService (SCMBlockDeletingService.java:call(155)) - Scanned deleted blocks log and got 0 delTX to process.
2019-09-10 07:06:57,938 [SCMBlockDeletingService#1] DEBUG block.SCMBlockDeletingService (SCMBlockDeletingService.java:call(138)) - Running DeletedBlockTransactionScanner
2019-09-10 07:06:57,938 [SCMBlockDeletingService#1] DEBUG block.SCMBlockDeletingService (SCMBlockDeletingService.java:call(155)) - Scanned deleted blocks log and got 0 delTX to process.
2019-09-10 07:06:58,038 [SCMBlockDeletingService#0] DEBUG block.SCMBlockDeletingService (SCMBlockDeletingService.java:call(138)) - Running DeletedBlockTransactionScanner
2019-09-10 07:06:58,039 [SCMBlockDeletingService#0] DEBUG block.SCMBlockDeletingService (SCMBlockDeletingService.java:call(155)) - Scanned deleted blocks log and got 0 delTX to process.
2019-09-10 07:06:58,139 [SCMBlockDeletingService#0] DEBUG block.SCMBlockDeletingService (SCMBlockDeletingService.java:call(138)) - Running DeletedBlockTransactionScanner
2019-09-10 07:06:58,139 [SCMBlockDeletingService#0] DEBUG block.SCMBlockDeletingService (SCMBlockDeletingService.java:call(155)) - Scanned deleted blocks log and got 0 delTX to process.
2019-09-10 07:06:58,239 [SCMBlockDeletingService#0] DEBUG block.SCMBlockDeletingService (SCMBlockDeletingService.java:call(138)) - Running DeletedBlockTransactionScanner
2019-09-10 07:06:58,240 [SCMBlockDeletingService#0] DEBUG block.SCMBlockDeletingService (SCMBlockDeletingService.java:call(155)) - Scanned deleted blocks log and got 0 delTX to process.
2019-09-10 07:06:58,340 [SCMBlockDeletingService#0] DEBUG block.SCMBlockDeletingService (SCMBlockDeletingService.java:call(138)) - Running DeletedBlockTransactionScanner
2019-09-10 07:06:58,340 [SCMBlockDeletingService#0] DEBUG block.SCMBlockDeletingService (SCMBlockDeletingService.java:call(155)) - Scanned deleted blocks log and got 0 delTX to process.
2019-09-10 07:06:58,441 [SCMBlockDeletingService#0] DEBUG block.SCMBlockDeletingService (SCMBlockDeletingService.java:call(138)) - Running DeletedBlockTransactionScanner
2019-09-10 07:06:58,441 [SCMBlockDeletingService#0] DEBUG block.SCMBlockDeletingService (SCMBlockDeletingService.java:call(155)) - Scanned deleted blocks log and got 0 delTX to process.
2019-09-10 07:06:58,541 [SCMBlockDeletingService#0] DEBUG block.SCMBlockDeletingService (SCMBlockDeletingService.java:call(138)) - Running DeletedBlockTransactionScanner
2019-09-10 07:06:58,542 [SCMBlockDeletingService#0] DEBUG block.SCMBlockDeletingService (SCMBlockDeletingService.java:call(155)) - Scanned deleted blocks log and got 0 delTX to process.
2019-09-10 07:06:58,642 [SCMBlockDeletingService#0] DEBUG block.SCMBlockDeletingService (SCMBlockDeletingService.java:call(138)) - Running DeletedBlockTransactionScanner
2019-09-10 07:06:58,642 [SCMBlockDeletingService#0] DEBUG block.SCMBlockDeletingService (SCMBlockDeletingService.java:call(155)) - Scanned deleted blocks log and got 0 delTX to process.
2019-09-10 07:06:58,742 [SCMBlockDeletingService#0] DEBUG block.SCMBlockDeletingService (SCMBlockDeletingService.java:call(138)) - Running DeletedBlockTransactionScanner
2019-09-10 07:06:58,743 [SCMBlockDeletingService#0] DEBUG block.SCMBlockDeletingService (SCMBlockDeletingService.java:call(155)) - Scanned deleted blocks log and got 0 delTX to process.
2019-09-10 07:06:58,843 [SCMBlockDeletingService#0] DEBUG block.SCMBlockDeletingService (SCMBlockDeletingService.java:call(138)) - Running DeletedBlockTransactionScanner
2019-09-10 07:06:58,843 [SCMBlockDeletingService#0] DEBUG block.SCMBlockDeletingService (SCMBlockDeletingService.java:call(155)) - Scanned deleted blocks log and got 0 delTX to process.
2019-09-10 07:06:58,944 [SCMBlockDeletingService#0] DEBUG block.SCMBlockDeletingService (SCMBlockDeletingService.java:call(138)) - Running DeletedBlockTransactionScanner
2019-09-10 07:06:58,944 [SCMBlockDeletingService#0] DEBUG block.SCMBlockDeletingService (SCMBlockDeletingService.java:call(155)) - Scanned deleted blocks log and got 0 delTX to process.
2019-09-10 07:06:59,044 [SCMBlockDeletingService#0] DEBUG block.SCMBlockDeletingService (SCMBlockDeletingService.java:call(138)) - Running DeletedBlockTransactionScanner
2019-09-10 07:06:59,045 [SCMBlockDeletingService#0] DEBUG block.SCMBlockDeletingService (SCMBlockDeletingService.java:call(155)) - Scanned deleted blocks log and got 0 delTX to process.
2019-09-10 07:06:59,145 [SCMBlockDeletingService#0] DEBUG block.SCMBlockDeletingService (SCMBlockDeletingService.java:call(138)) - Running DeletedBlockTransactionScanner
2019-09-10 07:06:59,145 [SCMBlockDeletingService#0] DEBUG block.SCMBlockDeletingService (SCMBlockDeletingService.java:call(155)) - Scanned deleted blocks log and got 0 delTX to process.
2019-09-10 07:06:59,246 [SCMBlockDeletingService#0] DEBUG block.SCMBlockDeletingService (SCMBlockDeletingService.java:call(138)) - Running DeletedBlockTransactionScanner
2019-09-10 07:06:59,246 [SCMBlockDeletingService#0] DEBUG block.SCMBlockDeletingService (SCMBlockDeletingService.java:call(155)) - Scanned deleted blocks log and got 0 delTX to process.
2019-09-10 07:06:59,346 [SCMBlockDeletingService#0] DEBUG block.SCMBlockDeletingService (SCMBlockDeletingService.java:call(138)) - Running DeletedBlockTransactionScanner
2019-09-10 07:06:59,346 [SCMBlockDeletingService#0] DEBUG block.SCMBlockDeletingService (SCMBlockDeletingService.java:call(155)) - Scanned deleted blocks log and got 0 delTX to process.
2019-09-10 07:06:59,447 [SCMBlockDeletingService#0] DEBUG block.SCMBlockDeletingService (SCMBlockDeletingService.java:call(138)) - Running DeletedBlockTransactionScanner
2019-09-10 07:06:59,447 [SCMBlockDeletingService#0] DEBUG block.SCMBlockDeletingService (SCMBlockDeletingService.java:call(155)) - Scanned deleted blocks log and got 0 delTX to process.
2019-09-10 07:06:59,547 [SCMBlockDeletingService#0] DEBUG block.SCMBlockDeletingService (SCMBlockDeletingService.java:call(138)) - Running DeletedBlockTransactionScanner
2019-09-10 07:06:59,548 [SCMBlockDeletingService#0] DEBUG block.SCMBlockDeletingService (SCMBlockDeletingService.java:call(155)) - Scanned deleted blocks log and got 0 delTX to process.
2019-09-10 07:06:59,648 [SCMBlockDeletingService#0] DEBUG block.SCMBlockDeletingService (SCMBlockDeletingService.java:call(138)) - Running DeletedBlockTransactionScanner
2019-09-10 07:06:59,648 [SCMBlockDeletingService#0] DEBUG block.SCMBlockDeletingService (SCMBlockDeletingService.java:call(155)) - Scanned deleted blocks log and got 0 delTX to process.
2019-09-10 07:06:59,748 [SCMBlockDeletingService#0] DEBUG block.SCMBlockDeletingService (SCMBlockDeletingService.java:call(138)) - Running DeletedBlockTransactionScanner
2019-09-10 07:06:59,749 [SCMBlockDeletingService#0] DEBUG block.SCMBlockDeletingService (SCMBlockDeletingService.java:call(155)) - Scanned deleted blocks log and got 0 delTX to process.
2019-09-10 07:06:59,849 [SCMBlockDeletingService#0] DEBUG block.SCMBlockDeletingService (SCMBlockDeletingService.java:call(138)) - Running DeletedBlockTransactionScanner
2019-09-10 07:06:59,849 [SCMBlockDeletingService#0] DEBUG block.SCMBlockDeletingService (SCMBlockDeletingService.java:call(155)) - Scanned deleted blocks log and got 0 delTX to process.
2019-09-10 07:06:59,950 [SCMBlockDeletingService#0] DEBUG block.SCMBlockDeletingService (SCMBlockDeletingService.java:call(138)) - Running DeletedBlockTransactionScanner
2019-09-10 07:06:59,950 [SCMBlockDeletingService#0] DEBUG block.SCMBlockDeletingService (SCMBlockDeletingService.java:call(155)) - Scanned deleted blocks log and got 0 delTX to process.
2019-09-10 07:07:00,050 [SCMBlockDeletingService#0] DEBUG block.SCMBlockDeletingService (SCMBlockDeletingService.java:call(138)) - Running DeletedBlockTransactionScanner
2019-09-10 07:07:00,051 [SCMBlockDeletingService#0] DEBUG block.SCMBlockDeletingService (SCMBlockDeletingService.java:call(155)) - Scanned deleted blocks log and got 0 delTX to process.
2019-09-10 07:07:00,151 [SCMBlockDeletingService#0] DEBUG block.SCMBlockDeletingService (SCMBlockDeletingService.java:call(138)) - Running DeletedBlockTransactionScanner
2019-09-10 07:07:00,151 [SCMBlockDeletingService#0] DEBUG block.SCMBlockDeletingService (SCMBlockDeletingService.java:call(155)) - Scanned deleted blocks log and got 0 delTX to process.
2019-09-10 07:07:00,252 [SCMBlockDeletingService#0] DEBUG block.SCMBlockDeletingService (SCMBlockDeletingService.java:call(138)) - Running DeletedBlockTransactionScanner
2019-09-10 07:07:00,252 [SCMBlockDeletingService#0] DEBUG block.SCMBlockDeletingService (SCMBlockDeletingService.java:call(155)) - Scanned deleted blocks log and got 0 delTX to process.
2019-09-10 07:07:00,352 [SCMBlockDeletingService#0] DEBUG block.SCMBlockDeletingService (SCMBlockDeletingService.java:call(138)) - Running DeletedBlockTransactionScanner
2019-09-10 07:07:00,353 [SCMBlockDeletingService#0] DEBUG block.SCMBlockDeletingService (SCMBlockDeletingService.java:call(155)) - Scanned deleted blocks log and got 0 delTX to process.
2019-09-10 07:07:00,453 [SCMBlockDeletingService#0] DEBUG block.SCMBlockDeletingService (SCMBlockDeletingService.java:call(138)) - Running DeletedBlockTransactionScanner
2019-09-10 07:07:00,453 [SCMBlockDeletingService#0] DEBUG block.SCMBlockDeletingService (SCMBlockDeletingService.java:call(155)) - Scanned deleted blocks log and got 0 delTX to process.
2019-09-10 07:07:00,554 [SCMBlockDeletingService#0] DEBUG block.SCMBlockDeletingService (SCMBlockDeletingService.java:call(138)) - Running DeletedBlockTransactionScanner
2019-09-10 07:07:00,554 [SCMBlockDeletingService#0] DEBUG block.SCMBlockDeletingService (SCMBlockDeletingService.java:call(155)) - Scanned deleted blocks log and got 0 delTX to process.
2019-09-10 07:07:00,654 [SCMBlockDeletingService#0] DEBUG block.SCMBlockDeletingService (SCMBlockDeletingService.java:call(138)) - Running DeletedBlockTransactionScanner
2019-09-10 07:07:00,654 [SCMBlockDeletingService#0] DEBUG block.SCMBlockDeletingService (SCMBlockDeletingService.java:call(155)) - Scanned deleted blocks log and got 0 delTX to process.
2019-09-10 07:07:00,755 [SCMBlockDeletingService#0] DEBUG block.SCMBlockDeletingService (SCMBlockDeletingService.java:call(138)) - Running DeletedBlockTransactionScanner
2019-09-10 07:07:00,755 [SCMBlockDeletingService#0] DEBUG block.SCMBlockDeletingService (SCMBlockDeletingService.java:call(155)) - Scanned deleted blocks log and got 0 delTX to process.
2019-09-10 07:07:00,855 [SCMBlockDeletingService#0] DEBUG block.SCMBlockDeletingService (SCMBlockDeletingService.java:call(138)) - Running DeletedBlockTransactionScanner
2019-09-10 07:07:00,855 [SCMBlockDeletingService#0] DEBUG block.SCMBlockDeletingService (SCMBlockDeletingService.java:call(155)) - Scanned deleted blocks log and got 0 delTX to process.
2019-09-10 07:07:00,956 [SCMBlockDeletingService#0] DEBUG block.SCMBlockDeletingService (SCMBlockDeletingService.java:call(138)) - Running DeletedBlockTransactionScanner
2019-09-10 07:07:00,956 [SCMBlockDeletingService#0] DEBUG block.SCMBlockDeletingService (SCMBlockDeletingService.java:call(155)) - Scanned deleted blocks log and got 0 delTX to process.
2019-09-10 07:07:01,056 [SCMBlockDeletingService#0] DEBUG block.SCMBlockDeletingService (SCMBlockDeletingService.java:call(138)) - Running DeletedBlockTransactionScanner
2019-09-10 07:07:01,057 [SCMBlockDeletingService#0] DEBUG block.SCMBlockDeletingService (SCMBlockDeletingService.java:call(155)) - Scanned deleted blocks log and got 0 delTX to process.
2019-09-10 07:07:01,157 [SCMBlockDeletingService#0] DEBUG block.SCMBlockDeletingService (SCMBlockDeletingService.java:call(138)) - Running DeletedBlockTransactionScanner
2019-09-10 07:07:01,157 [SCMBlockDeletingService#0] DEBUG block.SCMBlockDeletingService (SCMBlockDeletingService.java:call(155)) - Scanned deleted blocks log and got 0 delTX to process.
2019-09-10 07:07:01,258 [SCMBlockDeletingService#0] DEBUG block.SCMBlockDeletingService (SCMBlockDeletingService.java:call(138)) - Running DeletedBlockTransactionScanner
2019-09-10 07:07:01,258 [SCMBlockDeletingService#0] DEBUG block.SCMBlockDeletingService (SCMBlockDeletingService.java:call(155)) - Scanned deleted blocks log and got 0 delTX to process.
2019-09-10 07:07:01,358 [SCMBlockDeletingService#0] DEBUG block.SCMBlockDeletingService (SCMBlockDeletingService.java:call(138)) - Running DeletedBlockTransactionScanner
2019-09-10 07:07:01,358 [SCMBlockDeletingService#0] DEBUG block.SCMBlockDeletingService (SCMBlockDeletingService.java:call(155)) - Scanned deleted blocks log and got 0 delTX to process.
2019-09-10 07:07:01,459 [SCMBlockDeletingService#0] DEBUG block.SCMBlockDeletingService (SCMBlockDeletingService.java:call(138)) - Running DeletedBlockTransactionScanner
2019-09-10 07:07:01,459 [SCMBlockDeletingService#0] DEBUG block.SCMBlockDeletingService (SCMBlockDeletingService.java:call(155)) - Scanned deleted blocks log and got 0 delTX to process.
2019-09-10 07:07:01,559 [SCMBlockDeletingService#0] DEBUG block.SCMBlockDeletingService (SCMBlockDeletingService.java:call(138)) - Running DeletedBlockTransactionScanner
2019-09-10 07:07:01,559 [SCMBlockDeletingService#0] DEBUG block.SCMBlockDeletingService (SCMBlockDeletingService.java:call(155)) - Scanned deleted blocks log and got 0 delTX to process.
2019-09-10 07:07:01,660 [SCMBlockDeletingService#1] DEBUG block.SCMBlockDeletingService (SCMBlockDeletingService.java:call(138)) - Running DeletedBlockTransactionScanner
2019-09-10 07:07:01,660 [SCMBlockDeletingService#1] DEBUG block.SCMBlockDeletingService (SCMBlockDeletingService.java:call(155)) - Scanned deleted blocks log and got 0 delTX to process.
2019-09-10 07:07:01,760 [SCMBlockDeletingService#0] DEBUG block.SCMBlockDeletingService (SCMBlockDeletingService.java:call(138)) - Running DeletedBlockTransactionScanner
2019-09-10 07:07:01,760 [SCMBlockDeletingService#0] DEBUG block.SCMBlockDeletingService (SCMBlockDeletingService.java:call(155)) - Scanned deleted blocks log and got 0 delTX to process.
2019-09-10 07:07:01,861 [SCMBlockDeletingService#0] DEBUG block.SCMBlockDeletingService (SCMBlockDeletingService.java:call(138)) - Running DeletedBlockTransactionScanner
2019-09-10 07:07:01,861 [SCMBlockDeletingService#0] DEBUG block.SCMBlockDeletingService (SCMBlockDeletingService.java:call(155)) - Scanned deleted blocks log and got 0 delTX to process.
2019-09-10 07:07:01,961 [SCMBlockDeletingService#0] DEBUG block.SCMBlockDeletingService (SCMBlockDeletingService.java:call(138)) - Running DeletedBlockTransactionScanner
2019-09-10 07:07:01,961 [SCMBlockDeletingService#0] DEBUG block.SCMBlockDeletingService (SCMBlockDeletingService.java:call(155)) - Scanned deleted blocks log and got 0 delTX to process.
2019-09-10 07:07:02,061 [SCMBlockDeletingService#1] DEBUG block.SCMBlockDeletingService (SCMBlockDeletingService.java:call(138)) - Running DeletedBlockTransactionScanner
2019-09-10 07:07:02,061 [SCMBlockDeletingService#1] DEBUG block.SCMBlockDeletingService (SCMBlockDeletingService.java:call(155)) - Scanned deleted blocks log and got 0 delTX to process.
2019-09-10 07:07:02,094 [05f13708-5e6e-4ea1-a525-a3c8f7f54426@group-34B10843FE54-SegmentedRaftLogWorker] WARN  segmented.SegmentedRaftLogWorker (SegmentedRaftLogWorker.java:getFromFuture(90)) - Timeout 22/~
org.apache.ratis.protocol.TimeoutIOException: Timeout 10s: WriteLog:16: (t:1, i:16), STATEMACHINELOGENTRY, client-7F424F215E90, cid=11-writeStateMachineData
	at org.apache.ratis.util.IOUtils.getFromFuture(IOUtils.java:87)
	at org.apache.ratis.server.raftlog.segmented.SegmentedRaftLogWorker$StateMachineDataPolicy.getFromFuture(SegmentedRaftLogWorker.java:87)
	at org.apache.ratis.server.raftlog.segmented.SegmentedRaftLogWorker$WriteLog.execute(SegmentedRaftLogWorker.java:477)
	at org.apache.ratis.server.raftlog.segmented.SegmentedRaftLogWorker.run(SegmentedRaftLogWorker.java:289)
	at java.lang.Thread.run(Thread.java:748)
Caused by: java.util.concurrent.TimeoutException
	at java.util.concurrent.CompletableFuture.timedGet(CompletableFuture.java:1771)
	at java.util.concurrent.CompletableFuture.get(CompletableFuture.java:1915)
	at org.apache.ratis.util.IOUtils.getFromFuture(IOUtils.java:79)
	... 4 more
2019-09-10 07:07:02,162 [SCMBlockDeletingService#0] DEBUG block.SCMBlockDeletingService (SCMBlockDeletingService.java:call(138)) - Running DeletedBlockTransactionScanner
2019-09-10 07:07:02,162 [SCMBlockDeletingService#0] DEBUG block.SCMBlockDeletingService (SCMBlockDeletingService.java:call(155)) - Scanned deleted blocks log and got 0 delTX to process.
2019-09-10 07:07:02,262 [SCMBlockDeletingService#0] DEBUG block.SCMBlockDeletingService (SCMBlockDeletingService.java:call(138)) - Running DeletedBlockTransactionScanner
2019-09-10 07:07:02,262 [SCMBlockDeletingService#0] DEBUG block.SCMBlockDeletingService (SCMBlockDeletingService.java:call(155)) - Scanned deleted blocks log and got 0 delTX to process.
2019-09-10 07:07:02,362 [SCMBlockDeletingService#0] DEBUG block.SCMBlockDeletingService (SCMBlockDeletingService.java:call(138)) - Running DeletedBlockTransactionScanner
2019-09-10 07:07:02,363 [SCMBlockDeletingService#0] DEBUG block.SCMBlockDeletingService (SCMBlockDeletingService.java:call(155)) - Scanned deleted blocks log and got 0 delTX to process.
2019-09-10 07:07:02,463 [SCMBlockDeletingService#0] DEBUG block.SCMBlockDeletingService (SCMBlockDeletingService.java:call(138)) - Running DeletedBlockTransactionScanner
2019-09-10 07:07:02,463 [SCMBlockDeletingService#0] DEBUG block.SCMBlockDeletingService (SCMBlockDeletingService.java:call(155)) - Scanned deleted blocks log and got 0 delTX to process.
2019-09-10 07:07:02,564 [SCMBlockDeletingService#0] DEBUG block.SCMBlockDeletingService (SCMBlockDeletingService.java:call(138)) - Running DeletedBlockTransactionScanner
2019-09-10 07:07:02,564 [SCMBlockDeletingService#0] DEBUG block.SCMBlockDeletingService (SCMBlockDeletingService.java:call(155)) - Scanned deleted blocks log and got 0 delTX to process.
2019-09-10 07:07:02,664 [SCMBlockDeletingService#0] DEBUG block.SCMBlockDeletingService (SCMBlockDeletingService.java:call(138)) - Running DeletedBlockTransactionScanner
2019-09-10 07:07:02,664 [SCMBlockDeletingService#0] DEBUG block.SCMBlockDeletingService (SCMBlockDeletingService.java:call(155)) - Scanned deleted blocks log and got 0 delTX to process.
2019-09-10 07:07:02,765 [SCMBlockDeletingService#0] DEBUG block.SCMBlockDeletingService (SCMBlockDeletingService.java:call(138)) - Running DeletedBlockTransactionScanner
2019-09-10 07:07:02,765 [SCMBlockDeletingService#0] DEBUG block.SCMBlockDeletingService (SCMBlockDeletingService.java:call(155)) - Scanned deleted blocks log and got 0 delTX to process.
2019-09-10 07:07:02,865 [SCMBlockDeletingService#0] DEBUG block.SCMBlockDeletingService (SCMBlockDeletingService.java:call(138)) - Running DeletedBlockTransactionScanner
2019-09-10 07:07:02,866 [SCMBlockDeletingService#0] DEBUG block.SCMBlockDeletingService (SCMBlockDeletingService.java:call(155)) - Scanned deleted blocks log and got 0 delTX to process.
2019-09-10 07:07:02,966 [SCMBlockDeletingService#0] DEBUG block.SCMBlockDeletingService (SCMBlockDeletingService.java:call(138)) - Running DeletedBlockTransactionScanner
2019-09-10 07:07:02,966 [SCMBlockDeletingService#0] DEBUG block.SCMBlockDeletingService (SCMBlockDeletingService.java:call(155)) - Scanned deleted blocks log and got 0 delTX to process.
2019-09-10 07:07:03,067 [SCMBlockDeletingService#0] DEBUG block.SCMBlockDeletingService (SCMBlockDeletingService.java:call(138)) - Running DeletedBlockTransactionScanner
2019-09-10 07:07:03,067 [SCMBlockDeletingService#0] DEBUG block.SCMBlockDeletingService (SCMBlockDeletingService.java:call(155)) - Scanned deleted blocks log and got 0 delTX to process.
2019-09-10 07:07:03,167 [SCMBlockDeletingService#0] DEBUG block.SCMBlockDeletingService (SCMBlockDeletingService.java:call(138)) - Running DeletedBlockTransactionScanner
2019-09-10 07:07:03,168 [SCMBlockDeletingService#0] DEBUG block.SCMBlockDeletingService (SCMBlockDeletingService.java:call(155)) - Scanned deleted blocks log and got 0 delTX to process.
2019-09-10 07:07:03,268 [SCMBlockDeletingService#0] DEBUG block.SCMBlockDeletingService (SCMBlockDeletingService.java:call(138)) - Running DeletedBlockTransactionScanner
2019-09-10 07:07:03,268 [SCMBlockDeletingService#0] DEBUG block.SCMBlockDeletingService (SCMBlockDeletingService.java:call(155)) - Scanned deleted blocks log and got 0 delTX to process.
2019-09-10 07:07:03,369 [SCMBlockDeletingService#0] DEBUG block.SCMBlockDeletingService (SCMBlockDeletingService.java:call(138)) - Running DeletedBlockTransactionScanner
2019-09-10 07:07:03,369 [SCMBlockDeletingService#0] DEBUG block.SCMBlockDeletingService (SCMBlockDeletingService.java:call(155)) - Scanned deleted blocks log and got 0 delTX to process.
2019-09-10 07:07:03,469 [SCMBlockDeletingService#0] DEBUG block.SCMBlockDeletingService (SCMBlockDeletingService.java:call(138)) - Running DeletedBlockTransactionScanner
2019-09-10 07:07:03,470 [SCMBlockDeletingService#0] DEBUG block.SCMBlockDeletingService (SCMBlockDeletingService.java:call(155)) - Scanned deleted blocks log and got 0 delTX to process.
2019-09-10 07:07:03,570 [SCMBlockDeletingService#0] DEBUG block.SCMBlockDeletingService (SCMBlockDeletingService.java:call(138)) - Running DeletedBlockTransactionScanner
2019-09-10 07:07:03,570 [SCMBlockDeletingService#0] DEBUG block.SCMBlockDeletingService (SCMBlockDeletingService.java:call(155)) - Scanned deleted blocks log and got 0 delTX to process.
2019-09-10 07:07:03,671 [SCMBlockDeletingService#0] DEBUG block.SCMBlockDeletingService (SCMBlockDeletingService.java:call(138)) - Running DeletedBlockTransactionScanner
2019-09-10 07:07:03,671 [SCMBlockDeletingService#0] DEBUG block.SCMBlockDeletingService (SCMBlockDeletingService.java:call(155)) - Scanned deleted blocks log and got 0 delTX to process.
2019-09-10 07:07:03,771 [SCMBlockDeletingService#0] DEBUG block.SCMBlockDeletingService (SCMBlockDeletingService.java:call(138)) - Running DeletedBlockTransactionScanner
2019-09-10 07:07:03,771 [SCMBlockDeletingService#0] DEBUG block.SCMBlockDeletingService (SCMBlockDeletingService.java:call(155)) - Scanned deleted blocks log and got 0 delTX to process.
2019-09-10 07:07:03,872 [SCMBlockDeletingService#1] DEBUG block.SCMBlockDeletingService (SCMBlockDeletingService.java:call(138)) - Running DeletedBlockTransactionScanner
2019-09-10 07:07:03,872 [SCMBlockDeletingService#1] DEBUG block.SCMBlockDeletingService (SCMBlockDeletingService.java:call(155)) - Scanned deleted blocks log and got 0 delTX to process.
2019-09-10 07:07:03,972 [SCMBlockDeletingService#1] DEBUG block.SCMBlockDeletingService (SCMBlockDeletingService.java:call(138)) - Running DeletedBlockTransactionScanner
2019-09-10 07:07:03,973 [SCMBlockDeletingService#1] DEBUG block.SCMBlockDeletingService (SCMBlockDeletingService.java:call(155)) - Scanned deleted blocks log and got 0 delTX to process.
2019-09-10 07:07:04,073 [SCMBlockDeletingService#1] DEBUG block.SCMBlockDeletingService (SCMBlockDeletingService.java:call(138)) - Running DeletedBlockTransactionScanner
2019-09-10 07:07:04,073 [SCMBlockDeletingService#1] DEBUG block.SCMBlockDeletingService (SCMBlockDeletingService.java:call(155)) - Scanned deleted blocks log and got 0 delTX to process.
2019-09-10 07:07:04,173 [SCMBlockDeletingService#1] DEBUG block.SCMBlockDeletingService (SCMBlockDeletingService.java:call(138)) - Running DeletedBlockTransactionScanner
2019-09-10 07:07:04,174 [SCMBlockDeletingService#1] DEBUG block.SCMBlockDeletingService (SCMBlockDeletingService.java:call(155)) - Scanned deleted blocks log and got 0 delTX to process.
2019-09-10 07:07:04,274 [SCMBlockDeletingService#1] DEBUG block.SCMBlockDeletingService (SCMBlockDeletingService.java:call(138)) - Running DeletedBlockTransactionScanner
2019-09-10 07:07:04,274 [SCMBlockDeletingService#1] DEBUG block.SCMBlockDeletingService (SCMBlockDeletingService.java:call(155)) - Scanned deleted blocks log and got 0 delTX to process.
2019-09-10 07:07:04,375 [SCMBlockDeletingService#1] DEBUG block.SCMBlockDeletingService (SCMBlockDeletingService.java:call(138)) - Running DeletedBlockTransactionScanner
2019-09-10 07:07:04,375 [SCMBlockDeletingService#1] DEBUG block.SCMBlockDeletingService (SCMBlockDeletingService.java:call(155)) - Scanned deleted blocks log and got 0 delTX to process.
2019-09-10 07:07:04,475 [SCMBlockDeletingService#1] DEBUG block.SCMBlockDeletingService (SCMBlockDeletingService.java:call(138)) - Running DeletedBlockTransactionScanner
2019-09-10 07:07:04,475 [SCMBlockDeletingService#1] DEBUG block.SCMBlockDeletingService (SCMBlockDeletingService.java:call(155)) - Scanned deleted blocks log and got 0 delTX to process.
2019-09-10 07:07:04,576 [SCMBlockDeletingService#1] DEBUG block.SCMBlockDeletingService (SCMBlockDeletingService.java:call(138)) - Running DeletedBlockTransactionScanner
2019-09-10 07:07:04,576 [SCMBlockDeletingService#1] DEBUG block.SCMBlockDeletingService (SCMBlockDeletingService.java:call(155)) - Scanned deleted blocks log and got 0 delTX to process.
2019-09-10 07:07:04,676 [SCMBlockDeletingService#1] DEBUG block.SCMBlockDeletingService (SCMBlockDeletingService.java:call(138)) - Running DeletedBlockTransactionScanner
2019-09-10 07:07:04,677 [SCMBlockDeletingService#1] DEBUG block.SCMBlockDeletingService (SCMBlockDeletingService.java:call(155)) - Scanned deleted blocks log and got 0 delTX to process.
2019-09-10 07:07:04,777 [SCMBlockDeletingService#1] DEBUG block.SCMBlockDeletingService (SCMBlockDeletingService.java:call(138)) - Running DeletedBlockTransactionScanner
2019-09-10 07:07:04,777 [SCMBlockDeletingService#1] DEBUG block.SCMBlockDeletingService (SCMBlockDeletingService.java:call(155)) - Scanned deleted blocks log and got 0 delTX to process.
2019-09-10 07:07:04,877 [SCMBlockDeletingService#1] DEBUG block.SCMBlockDeletingService (SCMBlockDeletingService.java:call(138)) - Running DeletedBlockTransactionScanner
2019-09-10 07:07:04,878 [SCMBlockDeletingService#1] DEBUG block.SCMBlockDeletingService (SCMBlockDeletingService.java:call(155)) - Scanned deleted blocks log and got 0 delTX to process.
2019-09-10 07:07:04,978 [SCMBlockDeletingService#1] DEBUG block.SCMBlockDeletingService (SCMBlockDeletingService.java:call(138)) - Running DeletedBlockTransactionScanner
2019-09-10 07:07:04,978 [SCMBlockDeletingService#1] DEBUG block.SCMBlockDeletingService (SCMBlockDeletingService.java:call(155)) - Scanned deleted blocks log and got 0 delTX to process.
2019-09-10 07:07:05,079 [SCMBlockDeletingService#1] DEBUG block.SCMBlockDeletingService (SCMBlockDeletingService.java:call(138)) - Running DeletedBlockTransactionScanner
2019-09-10 07:07:05,079 [SCMBlockDeletingService#1] DEBUG block.SCMBlockDeletingService (SCMBlockDeletingService.java:call(155)) - Scanned deleted blocks log and got 0 delTX to process.
2019-09-10 07:07:05,179 [SCMBlockDeletingService#1] DEBUG block.SCMBlockDeletingService (SCMBlockDeletingService.java:call(138)) - Running DeletedBlockTransactionScanner
2019-09-10 07:07:05,180 [SCMBlockDeletingService#1] DEBUG block.SCMBlockDeletingService (SCMBlockDeletingService.java:call(155)) - Scanned deleted blocks log and got 0 delTX to process.
2019-09-10 07:07:05,280 [SCMBlockDeletingService#1] DEBUG block.SCMBlockDeletingService (SCMBlockDeletingService.java:call(138)) - Running DeletedBlockTransactionScanner
2019-09-10 07:07:05,280 [SCMBlockDeletingService#1] DEBUG block.SCMBlockDeletingService (SCMBlockDeletingService.java:call(155)) - Scanned deleted blocks log and got 0 delTX to process.
2019-09-10 07:07:05,381 [SCMBlockDeletingService#1] DEBUG block.SCMBlockDeletingService (SCMBlockDeletingService.java:call(138)) - Running DeletedBlockTransactionScanner
2019-09-10 07:07:05,381 [SCMBlockDeletingService#1] DEBUG block.SCMBlockDeletingService (SCMBlockDeletingService.java:call(155)) - Scanned deleted blocks log and got 0 delTX to process.
2019-09-10 07:07:05,481 [SCMBlockDeletingService#1] DEBUG block.SCMBlockDeletingService (SCMBlockDeletingService.java:call(138)) - Running DeletedBlockTransactionScanner
2019-09-10 07:07:05,482 [SCMBlockDeletingService#1] DEBUG block.SCMBlockDeletingService (SCMBlockDeletingService.java:call(155)) - Scanned deleted blocks log and got 0 delTX to process.
2019-09-10 07:07:05,582 [SCMBlockDeletingService#1] DEBUG block.SCMBlockDeletingService (SCMBlockDeletingService.java:call(138)) - Running DeletedBlockTransactionScanner
2019-09-10 07:07:05,582 [SCMBlockDeletingService#1] DEBUG block.SCMBlockDeletingService (SCMBlockDeletingService.java:call(155)) - Scanned deleted blocks log and got 0 delTX to process.
2019-09-10 07:07:05,682 [SCMBlockDeletingService#1] DEBUG block.SCMBlockDeletingService (SCMBlockDeletingService.java:call(138)) - Running DeletedBlockTransactionScanner
2019-09-10 07:07:05,683 [SCMBlockDeletingService#1] DEBUG block.SCMBlockDeletingService (SCMBlockDeletingService.java:call(155)) - Scanned deleted blocks log and got 0 delTX to process.
2019-09-10 07:07:05,783 [SCMBlockDeletingService#1] DEBUG block.SCMBlockDeletingService (SCMBlockDeletingService.java:call(138)) - Running DeletedBlockTransactionScanner
2019-09-10 07:07:05,783 [SCMBlockDeletingService#1] DEBUG block.SCMBlockDeletingService (SCMBlockDeletingService.java:call(155)) - Scanned deleted blocks log and got 0 delTX to process.
2019-09-10 07:07:05,884 [SCMBlockDeletingService#1] DEBUG block.SCMBlockDeletingService (SCMBlockDeletingService.java:call(138)) - Running DeletedBlockTransactionScanner
2019-09-10 07:07:05,885 [SCMBlockDeletingService#1] DEBUG block.SCMBlockDeletingService (SCMBlockDeletingService.java:call(155)) - Scanned deleted blocks log and got 0 delTX to process.
2019-09-10 07:07:05,987 [SCMBlockDeletingService#1] DEBUG block.SCMBlockDeletingService (SCMBlockDeletingService.java:call(138)) - Running DeletedBlockTransactionScanner
2019-09-10 07:07:05,987 [SCMBlockDeletingService#1] DEBUG block.SCMBlockDeletingService (SCMBlockDeletingService.java:call(155)) - Scanned deleted blocks log and got 0 delTX to process.
2019-09-10 07:07:06,087 [SCMBlockDeletingService#1] DEBUG block.SCMBlockDeletingService (SCMBlockDeletingService.java:call(138)) - Running DeletedBlockTransactionScanner
2019-09-10 07:07:06,087 [SCMBlockDeletingService#1] DEBUG block.SCMBlockDeletingService (SCMBlockDeletingService.java:call(155)) - Scanned deleted blocks log and got 0 delTX to process.
2019-09-10 07:07:06,188 [SCMBlockDeletingService#1] DEBUG block.SCMBlockDeletingService (SCMBlockDeletingService.java:call(138)) - Running DeletedBlockTransactionScanner
2019-09-10 07:07:06,188 [SCMBlockDeletingService#1] DEBUG block.SCMBlockDeletingService (SCMBlockDeletingService.java:call(155)) - Scanned deleted blocks log and got 0 delTX to process.
2019-09-10 07:07:06,288 [SCMBlockDeletingService#1] DEBUG block.SCMBlockDeletingService (SCMBlockDeletingService.java:call(138)) - Running DeletedBlockTransactionScanner
2019-09-10 07:07:06,289 [SCMBlockDeletingService#1] DEBUG block.SCMBlockDeletingService (SCMBlockDeletingService.java:call(155)) - Scanned deleted blocks log and got 0 delTX to process.
2019-09-10 07:07:06,389 [SCMBlockDeletingService#1] DEBUG block.SCMBlockDeletingService (SCMBlockDeletingService.java:call(138)) - Running DeletedBlockTransactionScanner
2019-09-10 07:07:06,389 [SCMBlockDeletingService#1] DEBUG block.SCMBlockDeletingService (SCMBlockDeletingService.java:call(155)) - Scanned deleted blocks log and got 0 delTX to process.
2019-09-10 07:07:06,490 [SCMBlockDeletingService#1] DEBUG block.SCMBlockDeletingService (SCMBlockDeletingService.java:call(138)) - Running DeletedBlockTransactionScanner
2019-09-10 07:07:06,490 [SCMBlockDeletingService#1] DEBUG block.SCMBlockDeletingService (SCMBlockDeletingService.java:call(155)) - Scanned deleted blocks log and got 0 delTX to process.
2019-09-10 07:07:06,590 [SCMBlockDeletingService#1] DEBUG block.SCMBlockDeletingService (SCMBlockDeletingService.java:call(138)) - Running DeletedBlockTransactionScanner
2019-09-10 07:07:06,590 [SCMBlockDeletingService#1] DEBUG block.SCMBlockDeletingService (SCMBlockDeletingService.java:call(155)) - Scanned deleted blocks log and got 0 delTX to process.
2019-09-10 07:07:06,691 [SCMBlockDeletingService#1] DEBUG block.SCMBlockDeletingService (SCMBlockDeletingService.java:call(138)) - Running DeletedBlockTransactionScanner
2019-09-10 07:07:06,691 [SCMBlockDeletingService#1] DEBUG block.SCMBlockDeletingService (SCMBlockDeletingService.java:call(155)) - Scanned deleted blocks log and got 0 delTX to process.
2019-09-10 07:07:06,791 [SCMBlockDeletingService#1] DEBUG block.SCMBlockDeletingService (SCMBlockDeletingService.java:call(138)) - Running DeletedBlockTransactionScanner
2019-09-10 07:07:06,792 [SCMBlockDeletingService#1] DEBUG block.SCMBlockDeletingService (SCMBlockDeletingService.java:call(155)) - Scanned deleted blocks log and got 0 delTX to process.
2019-09-10 07:07:06,892 [SCMBlockDeletingService#1] DEBUG block.SCMBlockDeletingService (SCMBlockDeletingService.java:call(138)) - Running DeletedBlockTransactionScanner
2019-09-10 07:07:06,892 [SCMBlockDeletingService#1] DEBUG block.SCMBlockDeletingService (SCMBlockDeletingService.java:call(155)) - Scanned deleted blocks log and got 0 delTX to process.
2019-09-10 07:07:06,992 [SCMBlockDeletingService#1] DEBUG block.SCMBlockDeletingService (SCMBlockDeletingService.java:call(138)) - Running DeletedBlockTransactionScanner
2019-09-10 07:07:06,993 [SCMBlockDeletingService#1] DEBUG block.SCMBlockDeletingService (SCMBlockDeletingService.java:call(155)) - Scanned deleted blocks log and got 0 delTX to process.
2019-09-10 07:07:07,186 [SCMBlockDeletingService#1] DEBUG block.SCMBlockDeletingService (SCMBlockDeletingService.java:call(138)) - Running DeletedBlockTransactionScanner
2019-09-10 07:07:07,192 [SCMBlockDeletingService#1] DEBUG block.SCMBlockDeletingService (SCMBlockDeletingService.java:call(155)) - Scanned deleted blocks log and got 0 delTX to process.
2019-09-10 07:07:07,293 [SCMBlockDeletingService#1] DEBUG block.SCMBlockDeletingService (SCMBlockDeletingService.java:call(138)) - Running DeletedBlockTransactionScanner
2019-09-10 07:07:07,293 [SCMBlockDeletingService#1] DEBUG block.SCMBlockDeletingService (SCMBlockDeletingService.java:call(155)) - Scanned deleted blocks log and got 0 delTX to process.
2019-09-10 07:07:07,393 [SCMBlockDeletingService#1] DEBUG block.SCMBlockDeletingService (SCMBlockDeletingService.java:call(138)) - Running DeletedBlockTransactionScanner
2019-09-10 07:07:07,393 [SCMBlockDeletingService#1] DEBUG block.SCMBlockDeletingService (SCMBlockDeletingService.java:call(155)) - Scanned deleted blocks log and got 0 delTX to process.
2019-09-10 07:07:07,494 [SCMBlockDeletingService#0] DEBUG block.SCMBlockDeletingService (SCMBlockDeletingService.java:call(138)) - Running DeletedBlockTransactionScanner
2019-09-10 07:07:07,494 [SCMBlockDeletingService#0] DEBUG block.SCMBlockDeletingService (SCMBlockDeletingService.java:call(155)) - Scanned deleted blocks log and got 0 delTX to process.
2019-09-10 07:07:07,594 [SCMBlockDeletingService#0] DEBUG block.SCMBlockDeletingService (SCMBlockDeletingService.java:call(138)) - Running DeletedBlockTransactionScanner
2019-09-10 07:07:07,594 [SCMBlockDeletingService#0] DEBUG block.SCMBlockDeletingService (SCMBlockDeletingService.java:call(155)) - Scanned deleted blocks log and got 0 delTX to process.
2019-09-10 07:07:07,694 [SCMBlockDeletingService#0] DEBUG block.SCMBlockDeletingService (SCMBlockDeletingService.java:call(138)) - Running DeletedBlockTransactionScanner
2019-09-10 07:07:07,695 [SCMBlockDeletingService#0] DEBUG block.SCMBlockDeletingService (SCMBlockDeletingService.java:call(155)) - Scanned deleted blocks log and got 0 delTX to process.
2019-09-10 07:07:07,795 [SCMBlockDeletingService#0] DEBUG block.SCMBlockDeletingService (SCMBlockDeletingService.java:call(138)) - Running DeletedBlockTransactionScanner
2019-09-10 07:07:07,795 [SCMBlockDeletingService#0] DEBUG block.SCMBlockDeletingService (SCMBlockDeletingService.java:call(155)) - Scanned deleted blocks log and got 0 delTX to process.
2019-09-10 07:07:07,895 [SCMBlockDeletingService#0] DEBUG block.SCMBlockDeletingService (SCMBlockDeletingService.java:call(138)) - Running DeletedBlockTransactionScanner
2019-09-10 07:07:07,896 [SCMBlockDeletingService#0] DEBUG block.SCMBlockDeletingService (SCMBlockDeletingService.java:call(155)) - Scanned deleted blocks log and got 0 delTX to process.
2019-09-10 07:07:07,996 [SCMBlockDeletingService#0] DEBUG block.SCMBlockDeletingService (SCMBlockDeletingService.java:call(138)) - Running DeletedBlockTransactionScanner
2019-09-10 07:07:07,996 [SCMBlockDeletingService#0] DEBUG block.SCMBlockDeletingService (SCMBlockDeletingService.java:call(155)) - Scanned deleted blocks log and got 0 delTX to process.
2019-09-10 07:07:08,096 [SCMBlockDeletingService#0] DEBUG block.SCMBlockDeletingService (SCMBlockDeletingService.java:call(138)) - Running DeletedBlockTransactionScanner
2019-09-10 07:07:08,097 [SCMBlockDeletingService#0] DEBUG block.SCMBlockDeletingService (SCMBlockDeletingService.java:call(155)) - Scanned deleted blocks log and got 0 delTX to process.
2019-09-10 07:07:08,197 [SCMBlockDeletingService#0] DEBUG block.SCMBlockDeletingService (SCMBlockDeletingService.java:call(138)) - Running DeletedBlockTransactionScanner
2019-09-10 07:07:08,197 [SCMBlockDeletingService#0] DEBUG block.SCMBlockDeletingService (SCMBlockDeletingService.java:call(155)) - Scanned deleted blocks log and got 0 delTX to process.
2019-09-10 07:07:08,298 [SCMBlockDeletingService#0] DEBUG block.SCMBlockDeletingService (SCMBlockDeletingService.java:call(138)) - Running DeletedBlockTransactionScanner
2019-09-10 07:07:08,298 [SCMBlockDeletingService#0] DEBUG block.SCMBlockDeletingService (SCMBlockDeletingService.java:call(155)) - Scanned deleted blocks log and got 0 delTX to process.
2019-09-10 07:07:08,398 [SCMBlockDeletingService#1] DEBUG block.SCMBlockDeletingService (SCMBlockDeletingService.java:call(138)) - Running DeletedBlockTransactionScanner
2019-09-10 07:07:08,399 [SCMBlockDeletingService#1] DEBUG block.SCMBlockDeletingService (SCMBlockDeletingService.java:call(155)) - Scanned deleted blocks log and got 0 delTX to process.
2019-09-10 07:07:08,499 [SCMBlockDeletingService#1] DEBUG block.SCMBlockDeletingService (SCMBlockDeletingService.java:call(138)) - Running DeletedBlockTransactionScanner
2019-09-10 07:07:08,499 [SCMBlockDeletingService#1] DEBUG block.SCMBlockDeletingService (SCMBlockDeletingService.java:call(155)) - Scanned deleted blocks log and got 0 delTX to process.
2019-09-10 07:07:08,600 [SCMBlockDeletingService#0] DEBUG block.SCMBlockDeletingService (SCMBlockDeletingService.java:call(138)) - Running DeletedBlockTransactionScanner
2019-09-10 07:07:08,600 [SCMBlockDeletingService#0] DEBUG block.SCMBlockDeletingService (SCMBlockDeletingService.java:call(155)) - Scanned deleted blocks log and got 0 delTX to process.
2019-09-10 07:07:08,700 [SCMBlockDeletingService#0] DEBUG block.SCMBlockDeletingService (SCMBlockDeletingService.java:call(138)) - Running DeletedBlockTransactionScanner
2019-09-10 07:07:08,700 [SCMBlockDeletingService#0] DEBUG block.SCMBlockDeletingService (SCMBlockDeletingService.java:call(155)) - Scanned deleted blocks log and got 0 delTX to process.
2019-09-10 07:07:08,801 [SCMBlockDeletingService#0] DEBUG block.SCMBlockDeletingService (SCMBlockDeletingService.java:call(138)) - Running DeletedBlockTransactionScanner
2019-09-10 07:07:08,801 [SCMBlockDeletingService#0] DEBUG block.SCMBlockDeletingService (SCMBlockDeletingService.java:call(155)) - Scanned deleted blocks log and got 0 delTX to process.
2019-09-10 07:07:08,901 [SCMBlockDeletingService#0] DEBUG block.SCMBlockDeletingService (SCMBlockDeletingService.java:call(138)) - Running DeletedBlockTransactionScanner
2019-09-10 07:07:08,901 [SCMBlockDeletingService#0] DEBUG block.SCMBlockDeletingService (SCMBlockDeletingService.java:call(155)) - Scanned deleted blocks log and got 0 delTX to process.
2019-09-10 07:07:09,002 [SCMBlockDeletingService#0] DEBUG block.SCMBlockDeletingService (SCMBlockDeletingService.java:call(138)) - Running DeletedBlockTransactionScanner
2019-09-10 07:07:09,002 [SCMBlockDeletingService#0] DEBUG block.SCMBlockDeletingService (SCMBlockDeletingService.java:call(155)) - Scanned deleted blocks log and got 0 delTX to process.
2019-09-10 07:07:09,102 [SCMBlockDeletingService#0] DEBUG block.SCMBlockDeletingService (SCMBlockDeletingService.java:call(138)) - Running DeletedBlockTransactionScanner
2019-09-10 07:07:09,103 [SCMBlockDeletingService#0] DEBUG block.SCMBlockDeletingService (SCMBlockDeletingService.java:call(155)) - Scanned deleted blocks log and got 0 delTX to process.
2019-09-10 07:07:09,203 [SCMBlockDeletingService#0] DEBUG block.SCMBlockDeletingService (SCMBlockDeletingService.java:call(138)) - Running DeletedBlockTransactionScanner
2019-09-10 07:07:09,203 [SCMBlockDeletingService#0] DEBUG block.SCMBlockDeletingService (SCMBlockDeletingService.java:call(155)) - Scanned deleted blocks log and got 0 delTX to process.
2019-09-10 07:07:09,303 [SCMBlockDeletingService#0] DEBUG block.SCMBlockDeletingService (SCMBlockDeletingService.java:call(138)) - Running DeletedBlockTransactionScanner
2019-09-10 07:07:09,304 [SCMBlockDeletingService#0] DEBUG block.SCMBlockDeletingService (SCMBlockDeletingService.java:call(155)) - Scanned deleted blocks log and got 0 delTX to process.
2019-09-10 07:07:09,404 [SCMBlockDeletingService#0] DEBUG block.SCMBlockDeletingService (SCMBlockDeletingService.java:call(138)) - Running DeletedBlockTransactionScanner
2019-09-10 07:07:09,404 [SCMBlockDeletingService#0] DEBUG block.SCMBlockDeletingService (SCMBlockDeletingService.java:call(155)) - Scanned deleted blocks log and got 0 delTX to process.
2019-09-10 07:07:09,505 [SCMBlockDeletingService#0] DEBUG block.SCMBlockDeletingService (SCMBlockDeletingService.java:call(138)) - Running DeletedBlockTransactionScanner
2019-09-10 07:07:09,505 [SCMBlockDeletingService#0] DEBUG block.SCMBlockDeletingService (SCMBlockDeletingService.java:call(155)) - Scanned deleted blocks log and got 0 delTX to process.
2019-09-10 07:07:09,605 [SCMBlockDeletingService#0] DEBUG block.SCMBlockDeletingService (SCMBlockDeletingService.java:call(138)) - Running DeletedBlockTransactionScanner
2019-09-10 07:07:09,605 [SCMBlockDeletingService#0] DEBUG block.SCMBlockDeletingService (SCMBlockDeletingService.java:call(155)) - Scanned deleted blocks log and got 0 delTX to process.
2019-09-10 07:07:09,706 [SCMBlockDeletingService#0] DEBUG block.SCMBlockDeletingService (SCMBlockDeletingService.java:call(138)) - Running DeletedBlockTransactionScanner
2019-09-10 07:07:09,706 [SCMBlockDeletingService#0] DEBUG block.SCMBlockDeletingService (SCMBlockDeletingService.java:call(155)) - Scanned deleted blocks log and got 0 delTX to process.
2019-09-10 07:07:09,806 [SCMBlockDeletingService#0] DEBUG block.SCMBlockDeletingService (SCMBlockDeletingService.java:call(138)) - Running DeletedBlockTransactionScanner
2019-09-10 07:07:09,806 [SCMBlockDeletingService#0] DEBUG block.SCMBlockDeletingService (SCMBlockDeletingService.java:call(155)) - Scanned deleted blocks log and got 0 delTX to process.
2019-09-10 07:07:09,907 [SCMBlockDeletingService#0] DEBUG block.SCMBlockDeletingService (SCMBlockDeletingService.java:call(138)) - Running DeletedBlockTransactionScanner
2019-09-10 07:07:09,907 [SCMBlockDeletingService#0] DEBUG block.SCMBlockDeletingService (SCMBlockDeletingService.java:call(155)) - Scanned deleted blocks log and got 0 delTX to process.
2019-09-10 07:07:10,008 [SCMBlockDeletingService#0] DEBUG block.SCMBlockDeletingService (SCMBlockDeletingService.java:call(138)) - Running DeletedBlockTransactionScanner
2019-09-10 07:07:10,008 [SCMBlockDeletingService#0] DEBUG block.SCMBlockDeletingService (SCMBlockDeletingService.java:call(155)) - Scanned deleted blocks log and got 0 delTX to process.
2019-09-10 07:07:10,108 [SCMBlockDeletingService#0] DEBUG block.SCMBlockDeletingService (SCMBlockDeletingService.java:call(138)) - Running DeletedBlockTransactionScanner
2019-09-10 07:07:10,108 [SCMBlockDeletingService#0] DEBUG block.SCMBlockDeletingService (SCMBlockDeletingService.java:call(155)) - Scanned deleted blocks log and got 0 delTX to process.
2019-09-10 07:07:10,209 [SCMBlockDeletingService#0] DEBUG block.SCMBlockDeletingService (SCMBlockDeletingService.java:call(138)) - Running DeletedBlockTransactionScanner
2019-09-10 07:07:10,209 [SCMBlockDeletingService#0] DEBUG block.SCMBlockDeletingService (SCMBlockDeletingService.java:call(155)) - Scanned deleted blocks log and got 0 delTX to process.
2019-09-10 07:07:10,310 [SCMBlockDeletingService#0] DEBUG block.SCMBlockDeletingService (SCMBlockDeletingService.java:call(138)) - Running DeletedBlockTransactionScanner
2019-09-10 07:07:10,310 [SCMBlockDeletingService#0] DEBUG block.SCMBlockDeletingService (SCMBlockDeletingService.java:call(155)) - Scanned deleted blocks log and got 0 delTX to process.
2019-09-10 07:07:10,410 [SCMBlockDeletingService#0] DEBUG block.SCMBlockDeletingService (SCMBlockDeletingService.java:call(138)) - Running DeletedBlockTransactionScanner
2019-09-10 07:07:10,411 [SCMBlockDeletingService#0] DEBUG block.SCMBlockDeletingService (SCMBlockDeletingService.java:call(155)) - Scanned deleted blocks log and got 0 delTX to process.
2019-09-10 07:07:10,511 [SCMBlockDeletingService#0] DEBUG block.SCMBlockDeletingService (SCMBlockDeletingService.java:call(138)) - Running DeletedBlockTransactionScanner
2019-09-10 07:07:10,511 [SCMBlockDeletingService#0] DEBUG block.SCMBlockDeletingService (SCMBlockDeletingService.java:call(155)) - Scanned deleted blocks log and got 0 delTX to process.
2019-09-10 07:07:10,612 [SCMBlockDeletingService#0] DEBUG block.SCMBlockDeletingService (SCMBlockDeletingService.java:call(138)) - Running DeletedBlockTransactionScanner
2019-09-10 07:07:10,612 [SCMBlockDeletingService#0] DEBUG block.SCMBlockDeletingService (SCMBlockDeletingService.java:call(155)) - Scanned deleted blocks log and got 0 delTX to process.
2019-09-10 07:07:10,712 [SCMBlockDeletingService#0] DEBUG block.SCMBlockDeletingService (SCMBlockDeletingService.java:call(138)) - Running DeletedBlockTransactionScanner
2019-09-10 07:07:10,712 [SCMBlockDeletingService#0] DEBUG block.SCMBlockDeletingService (SCMBlockDeletingService.java:call(155)) - Scanned deleted blocks log and got 0 delTX to process.
2019-09-10 07:07:10,813 [SCMBlockDeletingService#0] DEBUG block.SCMBlockDeletingService (SCMBlockDeletingService.java:call(138)) - Running DeletedBlockTransactionScanner
2019-09-10 07:07:10,813 [SCMBlockDeletingService#0] DEBUG block.SCMBlockDeletingService (SCMBlockDeletingService.java:call(155)) - Scanned deleted blocks log and got 0 delTX to process.
2019-09-10 07:07:10,914 [SCMBlockDeletingService#0] DEBUG block.SCMBlockDeletingService (SCMBlockDeletingService.java:call(138)) - Running DeletedBlockTransactionScanner
2019-09-10 07:07:10,914 [SCMBlockDeletingService#0] DEBUG block.SCMBlockDeletingService (SCMBlockDeletingService.java:call(155)) - Scanned deleted blocks log and got 0 delTX to process.
2019-09-10 07:07:11,014 [SCMBlockDeletingService#1] DEBUG block.SCMBlockDeletingService (SCMBlockDeletingService.java:call(138)) - Running DeletedBlockTransactionScanner
2019-09-10 07:07:11,015 [SCMBlockDeletingService#1] DEBUG block.SCMBlockDeletingService (SCMBlockDeletingService.java:call(155)) - Scanned deleted blocks log and got 0 delTX to process.
2019-09-10 07:07:11,115 [SCMBlockDeletingService#1] DEBUG block.SCMBlockDeletingService (SCMBlockDeletingService.java:call(138)) - Running DeletedBlockTransactionScanner
2019-09-10 07:07:11,115 [SCMBlockDeletingService#1] DEBUG block.SCMBlockDeletingService (SCMBlockDeletingService.java:call(155)) - Scanned deleted blocks log and got 0 delTX to process.
2019-09-10 07:07:11,216 [SCMBlockDeletingService#0] DEBUG block.SCMBlockDeletingService (SCMBlockDeletingService.java:call(138)) - Running DeletedBlockTransactionScanner
2019-09-10 07:07:11,216 [SCMBlockDeletingService#0] DEBUG block.SCMBlockDeletingService (SCMBlockDeletingService.java:call(155)) - Scanned deleted blocks log and got 0 delTX to process.
2019-09-10 07:07:11,316 [SCMBlockDeletingService#0] DEBUG block.SCMBlockDeletingService (SCMBlockDeletingService.java:call(138)) - Running DeletedBlockTransactionScanner
2019-09-10 07:07:11,317 [SCMBlockDeletingService#0] DEBUG block.SCMBlockDeletingService (SCMBlockDeletingService.java:call(155)) - Scanned deleted blocks log and got 0 delTX to process.
2019-09-10 07:07:11,417 [SCMBlockDeletingService#0] DEBUG block.SCMBlockDeletingService (SCMBlockDeletingService.java:call(138)) - Running DeletedBlockTransactionScanner
2019-09-10 07:07:11,417 [SCMBlockDeletingService#0] DEBUG block.SCMBlockDeletingService (SCMBlockDeletingService.java:call(155)) - Scanned deleted blocks log and got 0 delTX to process.
2019-09-10 07:07:11,517 [SCMBlockDeletingService#0] DEBUG block.SCMBlockDeletingService (SCMBlockDeletingService.java:call(138)) - Running DeletedBlockTransactionScanner
2019-09-10 07:07:11,518 [SCMBlockDeletingService#0] DEBUG block.SCMBlockDeletingService (SCMBlockDeletingService.java:call(155)) - Scanned deleted blocks log and got 0 delTX to process.
2019-09-10 07:07:11,618 [SCMBlockDeletingService#0] DEBUG block.SCMBlockDeletingService (SCMBlockDeletingService.java:call(138)) - Running DeletedBlockTransactionScanner
2019-09-10 07:07:11,618 [SCMBlockDeletingService#0] DEBUG block.SCMBlockDeletingService (SCMBlockDeletingService.java:call(155)) - Scanned deleted blocks log and got 0 delTX to process.
2019-09-10 07:07:11,719 [SCMBlockDeletingService#0] DEBUG block.SCMBlockDeletingService (SCMBlockDeletingService.java:call(138)) - Running DeletedBlockTransactionScanner
2019-09-10 07:07:11,719 [SCMBlockDeletingService#0] DEBUG block.SCMBlockDeletingService (SCMBlockDeletingService.java:call(155)) - Scanned deleted blocks log and got 0 delTX to process.
2019-09-10 07:07:11,819 [SCMBlockDeletingService#0] DEBUG block.SCMBlockDeletingService (SCMBlockDeletingService.java:call(138)) - Running DeletedBlockTransactionScanner
2019-09-10 07:07:11,820 [SCMBlockDeletingService#0] DEBUG block.SCMBlockDeletingService (SCMBlockDeletingService.java:call(155)) - Scanned deleted blocks log and got 0 delTX to process.
2019-09-10 07:07:11,921 [SCMBlockDeletingService#0] DEBUG block.SCMBlockDeletingService (SCMBlockDeletingService.java:call(138)) - Running DeletedBlockTransactionScanner
2019-09-10 07:07:11,921 [SCMBlockDeletingService#0] DEBUG block.SCMBlockDeletingService (SCMBlockDeletingService.java:call(155)) - Scanned deleted blocks log and got 0 delTX to process.
2019-09-10 07:07:12,022 [SCMBlockDeletingService#0] DEBUG block.SCMBlockDeletingService (SCMBlockDeletingService.java:call(138)) - Running DeletedBlockTransactionScanner
2019-09-10 07:07:12,022 [SCMBlockDeletingService#0] DEBUG block.SCMBlockDeletingService (SCMBlockDeletingService.java:call(155)) - Scanned deleted blocks log and got 0 delTX to process.
2019-09-10 07:07:12,095 [05f13708-5e6e-4ea1-a525-a3c8f7f54426@group-34B10843FE54-SegmentedRaftLogWorker] WARN  segmented.SegmentedRaftLogWorker (SegmentedRaftLogWorker.java:getFromFuture(90)) - Timeout 23/~
org.apache.ratis.protocol.TimeoutIOException: Timeout 10s: WriteLog:16: (t:1, i:16), STATEMACHINELOGENTRY, client-7F424F215E90, cid=11-writeStateMachineData
	at org.apache.ratis.util.IOUtils.getFromFuture(IOUtils.java:87)
	at org.apache.ratis.server.raftlog.segmented.SegmentedRaftLogWorker$StateMachineDataPolicy.getFromFuture(SegmentedRaftLogWorker.java:87)
	at org.apache.ratis.server.raftlog.segmented.SegmentedRaftLogWorker$WriteLog.execute(SegmentedRaftLogWorker.java:477)
	at org.apache.ratis.server.raftlog.segmented.SegmentedRaftLogWorker.run(SegmentedRaftLogWorker.java:289)
	at java.lang.Thread.run(Thread.java:748)
Caused by: java.util.concurrent.TimeoutException
	at java.util.concurrent.CompletableFuture.timedGet(CompletableFuture.java:1771)
	at java.util.concurrent.CompletableFuture.get(CompletableFuture.java:1915)
	at org.apache.ratis.util.IOUtils.getFromFuture(IOUtils.java:79)
	... 4 more
2019-09-10 07:07:12,122 [SCMBlockDeletingService#0] DEBUG block.SCMBlockDeletingService (SCMBlockDeletingService.java:call(138)) - Running DeletedBlockTransactionScanner
2019-09-10 07:07:12,122 [SCMBlockDeletingService#0] DEBUG block.SCMBlockDeletingService (SCMBlockDeletingService.java:call(155)) - Scanned deleted blocks log and got 0 delTX to process.
2019-09-10 07:07:12,223 [SCMBlockDeletingService#0] DEBUG block.SCMBlockDeletingService (SCMBlockDeletingService.java:call(138)) - Running DeletedBlockTransactionScanner
2019-09-10 07:07:12,223 [SCMBlockDeletingService#0] DEBUG block.SCMBlockDeletingService (SCMBlockDeletingService.java:call(155)) - Scanned deleted blocks log and got 0 delTX to process.
2019-09-10 07:07:12,323 [SCMBlockDeletingService#0] DEBUG block.SCMBlockDeletingService (SCMBlockDeletingService.java:call(138)) - Running DeletedBlockTransactionScanner
2019-09-10 07:07:12,323 [SCMBlockDeletingService#0] DEBUG block.SCMBlockDeletingService (SCMBlockDeletingService.java:call(155)) - Scanned deleted blocks log and got 0 delTX to process.
2019-09-10 07:07:12,424 [SCMBlockDeletingService#0] DEBUG block.SCMBlockDeletingService (SCMBlockDeletingService.java:call(138)) - Running DeletedBlockTransactionScanner
2019-09-10 07:07:12,424 [SCMBlockDeletingService#0] DEBUG block.SCMBlockDeletingService (SCMBlockDeletingService.java:call(155)) - Scanned deleted blocks log and got 0 delTX to process.
2019-09-10 07:07:12,524 [SCMBlockDeletingService#0] DEBUG block.SCMBlockDeletingService (SCMBlockDeletingService.java:call(138)) - Running DeletedBlockTransactionScanner
2019-09-10 07:07:12,525 [SCMBlockDeletingService#0] DEBUG block.SCMBlockDeletingService (SCMBlockDeletingService.java:call(155)) - Scanned deleted blocks log and got 0 delTX to process.
2019-09-10 07:07:12,625 [SCMBlockDeletingService#0] DEBUG block.SCMBlockDeletingService (SCMBlockDeletingService.java:call(138)) - Running DeletedBlockTransactionScanner
2019-09-10 07:07:12,625 [SCMBlockDeletingService#0] DEBUG block.SCMBlockDeletingService (SCMBlockDeletingService.java:call(155)) - Scanned deleted blocks log and got 0 delTX to process.
2019-09-10 07:07:12,726 [SCMBlockDeletingService#0] DEBUG block.SCMBlockDeletingService (SCMBlockDeletingService.java:call(138)) - Running DeletedBlockTransactionScanner
2019-09-10 07:07:12,726 [SCMBlockDeletingService#0] DEBUG block.SCMBlockDeletingService (SCMBlockDeletingService.java:call(155)) - Scanned deleted blocks log and got 0 delTX to process.
2019-09-10 07:07:12,826 [SCMBlockDeletingService#0] DEBUG block.SCMBlockDeletingService (SCMBlockDeletingService.java:call(138)) - Running DeletedBlockTransactionScanner
2019-09-10 07:07:12,826 [SCMBlockDeletingService#0] DEBUG block.SCMBlockDeletingService (SCMBlockDeletingService.java:call(155)) - Scanned deleted blocks log and got 0 delTX to process.
2019-09-10 07:07:12,927 [SCMBlockDeletingService#0] DEBUG block.SCMBlockDeletingService (SCMBlockDeletingService.java:call(138)) - Running DeletedBlockTransactionScanner
2019-09-10 07:07:12,927 [SCMBlockDeletingService#0] DEBUG block.SCMBlockDeletingService (SCMBlockDeletingService.java:call(155)) - Scanned deleted blocks log and got 0 delTX to process.
2019-09-10 07:07:13,027 [SCMBlockDeletingService#0] DEBUG block.SCMBlockDeletingService (SCMBlockDeletingService.java:call(138)) - Running DeletedBlockTransactionScanner
2019-09-10 07:07:13,027 [SCMBlockDeletingService#0] DEBUG block.SCMBlockDeletingService (SCMBlockDeletingService.java:call(155)) - Scanned deleted blocks log and got 0 delTX to process.
2019-09-10 07:07:13,128 [SCMBlockDeletingService#0] DEBUG block.SCMBlockDeletingService (SCMBlockDeletingService.java:call(138)) - Running DeletedBlockTransactionScanner
2019-09-10 07:07:13,128 [SCMBlockDeletingService#0] DEBUG block.SCMBlockDeletingService (SCMBlockDeletingService.java:call(155)) - Scanned deleted blocks log and got 0 delTX to process.
2019-09-10 07:07:13,228 [SCMBlockDeletingService#0] DEBUG block.SCMBlockDeletingService (SCMBlockDeletingService.java:call(138)) - Running DeletedBlockTransactionScanner
2019-09-10 07:07:13,229 [SCMBlockDeletingService#0] DEBUG block.SCMBlockDeletingService (SCMBlockDeletingService.java:call(155)) - Scanned deleted blocks log and got 0 delTX to process.
2019-09-10 07:07:13,329 [SCMBlockDeletingService#0] DEBUG block.SCMBlockDeletingService (SCMBlockDeletingService.java:call(138)) - Running DeletedBlockTransactionScanner
2019-09-10 07:07:13,329 [SCMBlockDeletingService#0] DEBUG block.SCMBlockDeletingService (SCMBlockDeletingService.java:call(155)) - Scanned deleted blocks log and got 0 delTX to process.
2019-09-10 07:07:13,429 [SCMBlockDeletingService#0] DEBUG block.SCMBlockDeletingService (SCMBlockDeletingService.java:call(138)) - Running DeletedBlockTransactionScanner
2019-09-10 07:07:13,430 [SCMBlockDeletingService#0] DEBUG block.SCMBlockDeletingService (SCMBlockDeletingService.java:call(155)) - Scanned deleted blocks log and got 0 delTX to process.
2019-09-10 07:07:13,530 [SCMBlockDeletingService#0] DEBUG block.SCMBlockDeletingService (SCMBlockDeletingService.java:call(138)) - Running DeletedBlockTransactionScanner
2019-09-10 07:07:13,530 [SCMBlockDeletingService#0] DEBUG block.SCMBlockDeletingService (SCMBlockDeletingService.java:call(155)) - Scanned deleted blocks log and got 0 delTX to process.
2019-09-10 07:07:13,631 [SCMBlockDeletingService#0] DEBUG block.SCMBlockDeletingService (SCMBlockDeletingService.java:call(138)) - Running DeletedBlockTransactionScanner
2019-09-10 07:07:13,631 [SCMBlockDeletingService#0] DEBUG block.SCMBlockDeletingService (SCMBlockDeletingService.java:call(155)) - Scanned deleted blocks log and got 0 delTX to process.
2019-09-10 07:07:13,731 [SCMBlockDeletingService#0] DEBUG block.SCMBlockDeletingService (SCMBlockDeletingService.java:call(138)) - Running DeletedBlockTransactionScanner
2019-09-10 07:07:13,731 [SCMBlockDeletingService#0] DEBUG block.SCMBlockDeletingService (SCMBlockDeletingService.java:call(155)) - Scanned deleted blocks log and got 0 delTX to process.
2019-09-10 07:07:13,832 [SCMBlockDeletingService#0] DEBUG block.SCMBlockDeletingService (SCMBlockDeletingService.java:call(138)) - Running DeletedBlockTransactionScanner
2019-09-10 07:07:13,832 [SCMBlockDeletingService#0] DEBUG block.SCMBlockDeletingService (SCMBlockDeletingService.java:call(155)) - Scanned deleted blocks log and got 0 delTX to process.
2019-09-10 07:07:13,932 [SCMBlockDeletingService#0] DEBUG block.SCMBlockDeletingService (SCMBlockDeletingService.java:call(138)) - Running DeletedBlockTransactionScanner
2019-09-10 07:07:13,933 [SCMBlockDeletingService#0] DEBUG block.SCMBlockDeletingService (SCMBlockDeletingService.java:call(155)) - Scanned deleted blocks log and got 0 delTX to process.
2019-09-10 07:07:14,033 [SCMBlockDeletingService#0] DEBUG block.SCMBlockDeletingService (SCMBlockDeletingService.java:call(138)) - Running DeletedBlockTransactionScanner
2019-09-10 07:07:14,034 [SCMBlockDeletingService#0] DEBUG block.SCMBlockDeletingService (SCMBlockDeletingService.java:call(155)) - Scanned deleted blocks log and got 0 delTX to process.
2019-09-10 07:07:14,134 [SCMBlockDeletingService#0] DEBUG block.SCMBlockDeletingService (SCMBlockDeletingService.java:call(138)) - Running DeletedBlockTransactionScanner
2019-09-10 07:07:14,134 [SCMBlockDeletingService#0] DEBUG block.SCMBlockDeletingService (SCMBlockDeletingService.java:call(155)) - Scanned deleted blocks log and got 0 delTX to process.
2019-09-10 07:07:14,235 [SCMBlockDeletingService#0] DEBUG block.SCMBlockDeletingService (SCMBlockDeletingService.java:call(138)) - Running DeletedBlockTransactionScanner
2019-09-10 07:07:14,235 [SCMBlockDeletingService#0] DEBUG block.SCMBlockDeletingService (SCMBlockDeletingService.java:call(155)) - Scanned deleted blocks log and got 0 delTX to process.
2019-09-10 07:07:14,335 [SCMBlockDeletingService#0] DEBUG block.SCMBlockDeletingService (SCMBlockDeletingService.java:call(138)) - Running DeletedBlockTransactionScanner
2019-09-10 07:07:14,336 [SCMBlockDeletingService#0] DEBUG block.SCMBlockDeletingService (SCMBlockDeletingService.java:call(155)) - Scanned deleted blocks log and got 0 delTX to process.
2019-09-10 07:07:14,436 [SCMBlockDeletingService#0] DEBUG block.SCMBlockDeletingService (SCMBlockDeletingService.java:call(138)) - Running DeletedBlockTransactionScanner
2019-09-10 07:07:14,436 [SCMBlockDeletingService#0] DEBUG block.SCMBlockDeletingService (SCMBlockDeletingService.java:call(155)) - Scanned deleted blocks log and got 0 delTX to process.
2019-09-10 07:07:14,537 [SCMBlockDeletingService#0] DEBUG block.SCMBlockDeletingService (SCMBlockDeletingService.java:call(138)) - Running DeletedBlockTransactionScanner
2019-09-10 07:07:14,537 [SCMBlockDeletingService#0] DEBUG block.SCMBlockDeletingService (SCMBlockDeletingService.java:call(155)) - Scanned deleted blocks log and got 0 delTX to process.
2019-09-10 07:07:14,638 [SCMBlockDeletingService#0] DEBUG block.SCMBlockDeletingService (SCMBlockDeletingService.java:call(138)) - Running DeletedBlockTransactionScanner
2019-09-10 07:07:14,638 [SCMBlockDeletingService#0] DEBUG block.SCMBlockDeletingService (SCMBlockDeletingService.java:call(155)) - Scanned deleted blocks log and got 0 delTX to process.
2019-09-10 07:07:14,738 [SCMBlockDeletingService#0] DEBUG block.SCMBlockDeletingService (SCMBlockDeletingService.java:call(138)) - Running DeletedBlockTransactionScanner
2019-09-10 07:07:14,739 [SCMBlockDeletingService#0] DEBUG block.SCMBlockDeletingService (SCMBlockDeletingService.java:call(155)) - Scanned deleted blocks log and got 0 delTX to process.
2019-09-10 07:07:14,839 [SCMBlockDeletingService#0] DEBUG block.SCMBlockDeletingService (SCMBlockDeletingService.java:call(138)) - Running DeletedBlockTransactionScanner
2019-09-10 07:07:14,839 [SCMBlockDeletingService#0] DEBUG block.SCMBlockDeletingService (SCMBlockDeletingService.java:call(155)) - Scanned deleted blocks log and got 0 delTX to process.
2019-09-10 07:07:14,939 [SCMBlockDeletingService#0] DEBUG block.SCMBlockDeletingService (SCMBlockDeletingService.java:call(138)) - Running DeletedBlockTransactionScanner
2019-09-10 07:07:14,940 [SCMBlockDeletingService#0] DEBUG block.SCMBlockDeletingService (SCMBlockDeletingService.java:call(155)) - Scanned deleted blocks log and got 0 delTX to process.
2019-09-10 07:07:15,040 [SCMBlockDeletingService#0] DEBUG block.SCMBlockDeletingService (SCMBlockDeletingService.java:call(138)) - Running DeletedBlockTransactionScanner
2019-09-10 07:07:15,041 [SCMBlockDeletingService#0] DEBUG block.SCMBlockDeletingService (SCMBlockDeletingService.java:call(155)) - Scanned deleted blocks log and got 0 delTX to process.
2019-09-10 07:07:15,141 [SCMBlockDeletingService#0] DEBUG block.SCMBlockDeletingService (SCMBlockDeletingService.java:call(138)) - Running DeletedBlockTransactionScanner
2019-09-10 07:07:15,141 [SCMBlockDeletingService#0] DEBUG block.SCMBlockDeletingService (SCMBlockDeletingService.java:call(155)) - Scanned deleted blocks log and got 0 delTX to process.
2019-09-10 07:07:15,242 [SCMBlockDeletingService#0] DEBUG block.SCMBlockDeletingService (SCMBlockDeletingService.java:call(138)) - Running DeletedBlockTransactionScanner
2019-09-10 07:07:15,242 [SCMBlockDeletingService#0] DEBUG block.SCMBlockDeletingService (SCMBlockDeletingService.java:call(155)) - Scanned deleted blocks log and got 0 delTX to process.
2019-09-10 07:07:15,342 [SCMBlockDeletingService#0] DEBUG block.SCMBlockDeletingService (SCMBlockDeletingService.java:call(138)) - Running DeletedBlockTransactionScanner
2019-09-10 07:07:15,343 [SCMBlockDeletingService#0] DEBUG block.SCMBlockDeletingService (SCMBlockDeletingService.java:call(155)) - Scanned deleted blocks log and got 0 delTX to process.
2019-09-10 07:07:15,443 [SCMBlockDeletingService#0] DEBUG block.SCMBlockDeletingService (SCMBlockDeletingService.java:call(138)) - Running DeletedBlockTransactionScanner
2019-09-10 07:07:15,444 [SCMBlockDeletingService#0] DEBUG block.SCMBlockDeletingService (SCMBlockDeletingService.java:call(155)) - Scanned deleted blocks log and got 0 delTX to process.
2019-09-10 07:07:15,544 [SCMBlockDeletingService#0] DEBUG block.SCMBlockDeletingService (SCMBlockDeletingService.java:call(138)) - Running DeletedBlockTransactionScanner
2019-09-10 07:07:15,544 [SCMBlockDeletingService#0] DEBUG block.SCMBlockDeletingService (SCMBlockDeletingService.java:call(155)) - Scanned deleted blocks log and got 0 delTX to process.
2019-09-10 07:07:15,645 [SCMBlockDeletingService#0] DEBUG block.SCMBlockDeletingService (SCMBlockDeletingService.java:call(138)) - Running DeletedBlockTransactionScanner
2019-09-10 07:07:15,645 [SCMBlockDeletingService#0] DEBUG block.SCMBlockDeletingService (SCMBlockDeletingService.java:call(155)) - Scanned deleted blocks log and got 0 delTX to process.
2019-09-10 07:07:15,745 [SCMBlockDeletingService#0] DEBUG block.SCMBlockDeletingService (SCMBlockDeletingService.java:call(138)) - Running DeletedBlockTransactionScanner
2019-09-10 07:07:15,746 [SCMBlockDeletingService#0] DEBUG block.SCMBlockDeletingService (SCMBlockDeletingService.java:call(155)) - Scanned deleted blocks log and got 0 delTX to process.
2019-09-10 07:07:15,846 [SCMBlockDeletingService#0] DEBUG block.SCMBlockDeletingService (SCMBlockDeletingService.java:call(138)) - Running DeletedBlockTransactionScanner
2019-09-10 07:07:15,846 [SCMBlockDeletingService#0] DEBUG block.SCMBlockDeletingService (SCMBlockDeletingService.java:call(155)) - Scanned deleted blocks log and got 0 delTX to process.
2019-09-10 07:07:15,946 [SCMBlockDeletingService#0] DEBUG block.SCMBlockDeletingService (SCMBlockDeletingService.java:call(138)) - Running DeletedBlockTransactionScanner
2019-09-10 07:07:15,947 [SCMBlockDeletingService#0] DEBUG block.SCMBlockDeletingService (SCMBlockDeletingService.java:call(155)) - Scanned deleted blocks log and got 0 delTX to process.
2019-09-10 07:07:16,047 [SCMBlockDeletingService#0] DEBUG block.SCMBlockDeletingService (SCMBlockDeletingService.java:call(138)) - Running DeletedBlockTransactionScanner
2019-09-10 07:07:16,047 [SCMBlockDeletingService#0] DEBUG block.SCMBlockDeletingService (SCMBlockDeletingService.java:call(155)) - Scanned deleted blocks log and got 0 delTX to process.
2019-09-10 07:07:16,148 [SCMBlockDeletingService#0] DEBUG block.SCMBlockDeletingService (SCMBlockDeletingService.java:call(138)) - Running DeletedBlockTransactionScanner
2019-09-10 07:07:16,148 [SCMBlockDeletingService#0] DEBUG block.SCMBlockDeletingService (SCMBlockDeletingService.java:call(155)) - Scanned deleted blocks log and got 0 delTX to process.
2019-09-10 07:07:16,249 [SCMBlockDeletingService#0] DEBUG block.SCMBlockDeletingService (SCMBlockDeletingService.java:call(138)) - Running DeletedBlockTransactionScanner
2019-09-10 07:07:16,249 [SCMBlockDeletingService#0] DEBUG block.SCMBlockDeletingService (SCMBlockDeletingService.java:call(155)) - Scanned deleted blocks log and got 0 delTX to process.
2019-09-10 07:07:16,350 [SCMBlockDeletingService#0] DEBUG block.SCMBlockDeletingService (SCMBlockDeletingService.java:call(138)) - Running DeletedBlockTransactionScanner
2019-09-10 07:07:16,350 [SCMBlockDeletingService#0] DEBUG block.SCMBlockDeletingService (SCMBlockDeletingService.java:call(155)) - Scanned deleted blocks log and got 0 delTX to process.
2019-09-10 07:07:16,450 [SCMBlockDeletingService#0] DEBUG block.SCMBlockDeletingService (SCMBlockDeletingService.java:call(138)) - Running DeletedBlockTransactionScanner
2019-09-10 07:07:16,451 [SCMBlockDeletingService#0] DEBUG block.SCMBlockDeletingService (SCMBlockDeletingService.java:call(155)) - Scanned deleted blocks log and got 0 delTX to process.
2019-09-10 07:07:16,551 [SCMBlockDeletingService#0] DEBUG block.SCMBlockDeletingService (SCMBlockDeletingService.java:call(138)) - Running DeletedBlockTransactionScanner
2019-09-10 07:07:16,551 [SCMBlockDeletingService#0] DEBUG block.SCMBlockDeletingService (SCMBlockDeletingService.java:call(155)) - Scanned deleted blocks log and got 0 delTX to process.
2019-09-10 07:07:16,652 [SCMBlockDeletingService#0] DEBUG block.SCMBlockDeletingService (SCMBlockDeletingService.java:call(138)) - Running DeletedBlockTransactionScanner
2019-09-10 07:07:16,652 [SCMBlockDeletingService#0] DEBUG block.SCMBlockDeletingService (SCMBlockDeletingService.java:call(155)) - Scanned deleted blocks log and got 0 delTX to process.
2019-09-10 07:07:16,753 [SCMBlockDeletingService#0] DEBUG block.SCMBlockDeletingService (SCMBlockDeletingService.java:call(138)) - Running DeletedBlockTransactionScanner
2019-09-10 07:07:16,753 [SCMBlockDeletingService#0] DEBUG block.SCMBlockDeletingService (SCMBlockDeletingService.java:call(155)) - Scanned deleted blocks log and got 0 delTX to process.
2019-09-10 07:07:16,854 [SCMBlockDeletingService#0] DEBUG block.SCMBlockDeletingService (SCMBlockDeletingService.java:call(138)) - Running DeletedBlockTransactionScanner
2019-09-10 07:07:16,854 [SCMBlockDeletingService#0] DEBUG block.SCMBlockDeletingService (SCMBlockDeletingService.java:call(155)) - Scanned deleted blocks log and got 0 delTX to process.
2019-09-10 07:07:16,954 [SCMBlockDeletingService#0] DEBUG block.SCMBlockDeletingService (SCMBlockDeletingService.java:call(138)) - Running DeletedBlockTransactionScanner
2019-09-10 07:07:16,955 [SCMBlockDeletingService#0] DEBUG block.SCMBlockDeletingService (SCMBlockDeletingService.java:call(155)) - Scanned deleted blocks log and got 0 delTX to process.
2019-09-10 07:07:17,055 [SCMBlockDeletingService#0] DEBUG block.SCMBlockDeletingService (SCMBlockDeletingService.java:call(138)) - Running DeletedBlockTransactionScanner
2019-09-10 07:07:17,056 [SCMBlockDeletingService#0] DEBUG block.SCMBlockDeletingService (SCMBlockDeletingService.java:call(155)) - Scanned deleted blocks log and got 0 delTX to process.
2019-09-10 07:07:17,156 [SCMBlockDeletingService#0] DEBUG block.SCMBlockDeletingService (SCMBlockDeletingService.java:call(138)) - Running DeletedBlockTransactionScanner
2019-09-10 07:07:17,156 [SCMBlockDeletingService#0] DEBUG block.SCMBlockDeletingService (SCMBlockDeletingService.java:call(155)) - Scanned deleted blocks log and got 0 delTX to process.
2019-09-10 07:07:17,257 [SCMBlockDeletingService#0] DEBUG block.SCMBlockDeletingService (SCMBlockDeletingService.java:call(138)) - Running DeletedBlockTransactionScanner
2019-09-10 07:07:17,257 [SCMBlockDeletingService#0] DEBUG block.SCMBlockDeletingService (SCMBlockDeletingService.java:call(155)) - Scanned deleted blocks log and got 0 delTX to process.
2019-09-10 07:07:17,357 [SCMBlockDeletingService#0] DEBUG block.SCMBlockDeletingService (SCMBlockDeletingService.java:call(138)) - Running DeletedBlockTransactionScanner
2019-09-10 07:07:17,358 [SCMBlockDeletingService#0] DEBUG block.SCMBlockDeletingService (SCMBlockDeletingService.java:call(155)) - Scanned deleted blocks log and got 0 delTX to process.
2019-09-10 07:07:17,458 [SCMBlockDeletingService#0] DEBUG block.SCMBlockDeletingService (SCMBlockDeletingService.java:call(138)) - Running DeletedBlockTransactionScanner
2019-09-10 07:07:17,458 [SCMBlockDeletingService#0] DEBUG block.SCMBlockDeletingService (SCMBlockDeletingService.java:call(155)) - Scanned deleted blocks log and got 0 delTX to process.
2019-09-10 07:07:17,559 [SCMBlockDeletingService#0] DEBUG block.SCMBlockDeletingService (SCMBlockDeletingService.java:call(138)) - Running DeletedBlockTransactionScanner
2019-09-10 07:07:17,559 [SCMBlockDeletingService#0] DEBUG block.SCMBlockDeletingService (SCMBlockDeletingService.java:call(155)) - Scanned deleted blocks log and got 0 delTX to process.
2019-09-10 07:07:17,659 [SCMBlockDeletingService#0] DEBUG block.SCMBlockDeletingService (SCMBlockDeletingService.java:call(138)) - Running DeletedBlockTransactionScanner
2019-09-10 07:07:17,660 [SCMBlockDeletingService#0] DEBUG block.SCMBlockDeletingService (SCMBlockDeletingService.java:call(155)) - Scanned deleted blocks log and got 0 delTX to process.
2019-09-10 07:07:17,760 [SCMBlockDeletingService#0] DEBUG block.SCMBlockDeletingService (SCMBlockDeletingService.java:call(138)) - Running DeletedBlockTransactionScanner
2019-09-10 07:07:17,760 [SCMBlockDeletingService#0] DEBUG block.SCMBlockDeletingService (SCMBlockDeletingService.java:call(155)) - Scanned deleted blocks log and got 0 delTX to process.
2019-09-10 07:07:17,860 [SCMBlockDeletingService#0] DEBUG block.SCMBlockDeletingService (SCMBlockDeletingService.java:call(138)) - Running DeletedBlockTransactionScanner
2019-09-10 07:07:17,861 [SCMBlockDeletingService#0] DEBUG block.SCMBlockDeletingService (SCMBlockDeletingService.java:call(155)) - Scanned deleted blocks log and got 0 delTX to process.
2019-09-10 07:07:17,961 [SCMBlockDeletingService#0] DEBUG block.SCMBlockDeletingService (SCMBlockDeletingService.java:call(138)) - Running DeletedBlockTransactionScanner
2019-09-10 07:07:17,961 [SCMBlockDeletingService#0] DEBUG block.SCMBlockDeletingService (SCMBlockDeletingService.java:call(155)) - Scanned deleted blocks log and got 0 delTX to process.
2019-09-10 07:07:18,064 [SCMBlockDeletingService#0] DEBUG block.SCMBlockDeletingService (SCMBlockDeletingService.java:call(138)) - Running DeletedBlockTransactionScanner
2019-09-10 07:07:18,064 [SCMBlockDeletingService#0] DEBUG block.SCMBlockDeletingService (SCMBlockDeletingService.java:call(155)) - Scanned deleted blocks log and got 0 delTX to process.
2019-09-10 07:07:18,165 [SCMBlockDeletingService#0] DEBUG block.SCMBlockDeletingService (SCMBlockDeletingService.java:call(138)) - Running DeletedBlockTransactionScanner
2019-09-10 07:07:18,165 [SCMBlockDeletingService#0] DEBUG block.SCMBlockDeletingService (SCMBlockDeletingService.java:call(155)) - Scanned deleted blocks log and got 0 delTX to process.
2019-09-10 07:07:18,265 [SCMBlockDeletingService#0] DEBUG block.SCMBlockDeletingService (SCMBlockDeletingService.java:call(138)) - Running DeletedBlockTransactionScanner
2019-09-10 07:07:18,265 [SCMBlockDeletingService#0] DEBUG block.SCMBlockDeletingService (SCMBlockDeletingService.java:call(155)) - Scanned deleted blocks log and got 0 delTX to process.
2019-09-10 07:07:18,366 [SCMBlockDeletingService#0] DEBUG block.SCMBlockDeletingService (SCMBlockDeletingService.java:call(138)) - Running DeletedBlockTransactionScanner
2019-09-10 07:07:18,366 [SCMBlockDeletingService#0] DEBUG block.SCMBlockDeletingService (SCMBlockDeletingService.java:call(155)) - Scanned deleted blocks log and got 0 delTX to process.
2019-09-10 07:07:18,466 [SCMBlockDeletingService#0] DEBUG block.SCMBlockDeletingService (SCMBlockDeletingService.java:call(138)) - Running DeletedBlockTransactionScanner
2019-09-10 07:07:18,466 [SCMBlockDeletingService#0] DEBUG block.SCMBlockDeletingService (SCMBlockDeletingService.java:call(155)) - Scanned deleted blocks log and got 0 delTX to process.
2019-09-10 07:07:18,567 [SCMBlockDeletingService#0] DEBUG block.SCMBlockDeletingService (SCMBlockDeletingService.java:call(138)) - Running DeletedBlockTransactionScanner
2019-09-10 07:07:18,567 [SCMBlockDeletingService#0] DEBUG block.SCMBlockDeletingService (SCMBlockDeletingService.java:call(155)) - Scanned deleted blocks log and got 0 delTX to process.
2019-09-10 07:07:18,668 [SCMBlockDeletingService#0] DEBUG block.SCMBlockDeletingService (SCMBlockDeletingService.java:call(138)) - Running DeletedBlockTransactionScanner
2019-09-10 07:07:18,668 [SCMBlockDeletingService#0] DEBUG block.SCMBlockDeletingService (SCMBlockDeletingService.java:call(155)) - Scanned deleted blocks log and got 0 delTX to process.
2019-09-10 07:07:18,768 [SCMBlockDeletingService#0] DEBUG block.SCMBlockDeletingService (SCMBlockDeletingService.java:call(138)) - Running DeletedBlockTransactionScanner
2019-09-10 07:07:18,769 [SCMBlockDeletingService#0] DEBUG block.SCMBlockDeletingService (SCMBlockDeletingService.java:call(155)) - Scanned deleted blocks log and got 0 delTX to process.
2019-09-10 07:07:18,869 [SCMBlockDeletingService#0] DEBUG block.SCMBlockDeletingService (SCMBlockDeletingService.java:call(138)) - Running DeletedBlockTransactionScanner
2019-09-10 07:07:18,869 [SCMBlockDeletingService#0] DEBUG block.SCMBlockDeletingService (SCMBlockDeletingService.java:call(155)) - Scanned deleted blocks log and got 0 delTX to process.
2019-09-10 07:07:18,970 [SCMBlockDeletingService#0] DEBUG block.SCMBlockDeletingService (SCMBlockDeletingService.java:call(138)) - Running DeletedBlockTransactionScanner
2019-09-10 07:07:18,970 [SCMBlockDeletingService#0] DEBUG block.SCMBlockDeletingService (SCMBlockDeletingService.java:call(155)) - Scanned deleted blocks log and got 0 delTX to process.
2019-09-10 07:07:19,070 [SCMBlockDeletingService#0] DEBUG block.SCMBlockDeletingService (SCMBlockDeletingService.java:call(138)) - Running DeletedBlockTransactionScanner
2019-09-10 07:07:19,071 [SCMBlockDeletingService#0] DEBUG block.SCMBlockDeletingService (SCMBlockDeletingService.java:call(155)) - Scanned deleted blocks log and got 0 delTX to process.
2019-09-10 07:07:19,172 [SCMBlockDeletingService#0] DEBUG block.SCMBlockDeletingService (SCMBlockDeletingService.java:call(138)) - Running DeletedBlockTransactionScanner
2019-09-10 07:07:19,172 [SCMBlockDeletingService#0] DEBUG block.SCMBlockDeletingService (SCMBlockDeletingService.java:call(155)) - Scanned deleted blocks log and got 0 delTX to process.
2019-09-10 07:07:19,272 [SCMBlockDeletingService#0] DEBUG block.SCMBlockDeletingService (SCMBlockDeletingService.java:call(138)) - Running DeletedBlockTransactionScanner
2019-09-10 07:07:19,273 [SCMBlockDeletingService#0] DEBUG block.SCMBlockDeletingService (SCMBlockDeletingService.java:call(155)) - Scanned deleted blocks log and got 0 delTX to process.
2019-09-10 07:07:19,373 [SCMBlockDeletingService#0] DEBUG block.SCMBlockDeletingService (SCMBlockDeletingService.java:call(138)) - Running DeletedBlockTransactionScanner
2019-09-10 07:07:19,373 [SCMBlockDeletingService#0] DEBUG block.SCMBlockDeletingService (SCMBlockDeletingService.java:call(155)) - Scanned deleted blocks log and got 0 delTX to process.
2019-09-10 07:07:19,474 [SCMBlockDeletingService#0] DEBUG block.SCMBlockDeletingService (SCMBlockDeletingService.java:call(138)) - Running DeletedBlockTransactionScanner
2019-09-10 07:07:19,474 [SCMBlockDeletingService#0] DEBUG block.SCMBlockDeletingService (SCMBlockDeletingService.java:call(155)) - Scanned deleted blocks log and got 0 delTX to process.
2019-09-10 07:07:19,574 [SCMBlockDeletingService#0] DEBUG block.SCMBlockDeletingService (SCMBlockDeletingService.java:call(138)) - Running DeletedBlockTransactionScanner
2019-09-10 07:07:19,575 [SCMBlockDeletingService#0] DEBUG block.SCMBlockDeletingService (SCMBlockDeletingService.java:call(155)) - Scanned deleted blocks log and got 0 delTX to process.
2019-09-10 07:07:19,675 [SCMBlockDeletingService#0] DEBUG block.SCMBlockDeletingService (SCMBlockDeletingService.java:call(138)) - Running DeletedBlockTransactionScanner
2019-09-10 07:07:19,675 [SCMBlockDeletingService#0] DEBUG block.SCMBlockDeletingService (SCMBlockDeletingService.java:call(155)) - Scanned deleted blocks log and got 0 delTX to process.
2019-09-10 07:07:19,776 [SCMBlockDeletingService#0] DEBUG block.SCMBlockDeletingService (SCMBlockDeletingService.java:call(138)) - Running DeletedBlockTransactionScanner
2019-09-10 07:07:19,776 [SCMBlockDeletingService#0] DEBUG block.SCMBlockDeletingService (SCMBlockDeletingService.java:call(155)) - Scanned deleted blocks log and got 0 delTX to process.
2019-09-10 07:07:19,876 [SCMBlockDeletingService#0] DEBUG block.SCMBlockDeletingService (SCMBlockDeletingService.java:call(138)) - Running DeletedBlockTransactionScanner
2019-09-10 07:07:19,877 [SCMBlockDeletingService#0] DEBUG block.SCMBlockDeletingService (SCMBlockDeletingService.java:call(155)) - Scanned deleted blocks log and got 0 delTX to process.
2019-09-10 07:07:19,977 [SCMBlockDeletingService#0] DEBUG block.SCMBlockDeletingService (SCMBlockDeletingService.java:call(138)) - Running DeletedBlockTransactionScanner
2019-09-10 07:07:19,977 [SCMBlockDeletingService#0] DEBUG block.SCMBlockDeletingService (SCMBlockDeletingService.java:call(155)) - Scanned deleted blocks log and got 0 delTX to process.
2019-09-10 07:07:20,078 [SCMBlockDeletingService#0] DEBUG block.SCMBlockDeletingService (SCMBlockDeletingService.java:call(138)) - Running DeletedBlockTransactionScanner
2019-09-10 07:07:20,078 [SCMBlockDeletingService#0] DEBUG block.SCMBlockDeletingService (SCMBlockDeletingService.java:call(155)) - Scanned deleted blocks log and got 0 delTX to process.
2019-09-10 07:07:20,178 [SCMBlockDeletingService#0] DEBUG block.SCMBlockDeletingService (SCMBlockDeletingService.java:call(138)) - Running DeletedBlockTransactionScanner
2019-09-10 07:07:20,179 [SCMBlockDeletingService#0] DEBUG block.SCMBlockDeletingService (SCMBlockDeletingService.java:call(155)) - Scanned deleted blocks log and got 0 delTX to process.
2019-09-10 07:07:20,279 [SCMBlockDeletingService#0] DEBUG block.SCMBlockDeletingService (SCMBlockDeletingService.java:call(138)) - Running DeletedBlockTransactionScanner
2019-09-10 07:07:20,279 [SCMBlockDeletingService#0] DEBUG block.SCMBlockDeletingService (SCMBlockDeletingService.java:call(155)) - Scanned deleted blocks log and got 0 delTX to process.
2019-09-10 07:07:20,380 [SCMBlockDeletingService#0] DEBUG block.SCMBlockDeletingService (SCMBlockDeletingService.java:call(138)) - Running DeletedBlockTransactionScanner
2019-09-10 07:07:20,380 [SCMBlockDeletingService#0] DEBUG block.SCMBlockDeletingService (SCMBlockDeletingService.java:call(155)) - Scanned deleted blocks log and got 0 delTX to process.
2019-09-10 07:07:20,480 [SCMBlockDeletingService#0] DEBUG block.SCMBlockDeletingService (SCMBlockDeletingService.java:call(138)) - Running DeletedBlockTransactionScanner
2019-09-10 07:07:20,481 [SCMBlockDeletingService#0] DEBUG block.SCMBlockDeletingService (SCMBlockDeletingService.java:call(155)) - Scanned deleted blocks log and got 0 delTX to process.
2019-09-10 07:07:20,581 [SCMBlockDeletingService#0] DEBUG block.SCMBlockDeletingService (SCMBlockDeletingService.java:call(138)) - Running DeletedBlockTransactionScanner
2019-09-10 07:07:20,581 [SCMBlockDeletingService#0] DEBUG block.SCMBlockDeletingService (SCMBlockDeletingService.java:call(155)) - Scanned deleted blocks log and got 0 delTX to process.
2019-09-10 07:07:20,681 [SCMBlockDeletingService#0] DEBUG block.SCMBlockDeletingService (SCMBlockDeletingService.java:call(138)) - Running DeletedBlockTransactionScanner
2019-09-10 07:07:20,682 [SCMBlockDeletingService#0] DEBUG block.SCMBlockDeletingService (SCMBlockDeletingService.java:call(155)) - Scanned deleted blocks log and got 0 delTX to process.
2019-09-10 07:07:20,782 [SCMBlockDeletingService#0] DEBUG block.SCMBlockDeletingService (SCMBlockDeletingService.java:call(138)) - Running DeletedBlockTransactionScanner
2019-09-10 07:07:20,782 [SCMBlockDeletingService#0] DEBUG block.SCMBlockDeletingService (SCMBlockDeletingService.java:call(155)) - Scanned deleted blocks log and got 0 delTX to process.
2019-09-10 07:07:20,883 [SCMBlockDeletingService#0] DEBUG block.SCMBlockDeletingService (SCMBlockDeletingService.java:call(138)) - Running DeletedBlockTransactionScanner
2019-09-10 07:07:20,883 [SCMBlockDeletingService#0] DEBUG block.SCMBlockDeletingService (SCMBlockDeletingService.java:call(155)) - Scanned deleted blocks log and got 0 delTX to process.
2019-09-10 07:07:20,983 [SCMBlockDeletingService#0] DEBUG block.SCMBlockDeletingService (SCMBlockDeletingService.java:call(138)) - Running DeletedBlockTransactionScanner
2019-09-10 07:07:20,984 [SCMBlockDeletingService#0] DEBUG block.SCMBlockDeletingService (SCMBlockDeletingService.java:call(155)) - Scanned deleted blocks log and got 0 delTX to process.
2019-09-10 07:07:21,084 [SCMBlockDeletingService#0] DEBUG block.SCMBlockDeletingService (SCMBlockDeletingService.java:call(138)) - Running DeletedBlockTransactionScanner
2019-09-10 07:07:21,084 [SCMBlockDeletingService#0] DEBUG block.SCMBlockDeletingService (SCMBlockDeletingService.java:call(155)) - Scanned deleted blocks log and got 0 delTX to process.
2019-09-10 07:07:21,185 [SCMBlockDeletingService#0] DEBUG block.SCMBlockDeletingService (SCMBlockDeletingService.java:call(138)) - Running DeletedBlockTransactionScanner
2019-09-10 07:07:21,185 [SCMBlockDeletingService#0] DEBUG block.SCMBlockDeletingService (SCMBlockDeletingService.java:call(155)) - Scanned deleted blocks log and got 0 delTX to process.
2019-09-10 07:07:21,285 [SCMBlockDeletingService#0] DEBUG block.SCMBlockDeletingService (SCMBlockDeletingService.java:call(138)) - Running DeletedBlockTransactionScanner
2019-09-10 07:07:21,286 [SCMBlockDeletingService#0] DEBUG block.SCMBlockDeletingService (SCMBlockDeletingService.java:call(155)) - Scanned deleted blocks log and got 0 delTX to process.
2019-09-10 07:07:21,386 [SCMBlockDeletingService#0] DEBUG block.SCMBlockDeletingService (SCMBlockDeletingService.java:call(138)) - Running DeletedBlockTransactionScanner
2019-09-10 07:07:21,386 [SCMBlockDeletingService#0] DEBUG block.SCMBlockDeletingService (SCMBlockDeletingService.java:call(155)) - Scanned deleted blocks log and got 0 delTX to process.
2019-09-10 07:07:21,486 [SCMBlockDeletingService#0] DEBUG block.SCMBlockDeletingService (SCMBlockDeletingService.java:call(138)) - Running DeletedBlockTransactionScanner
2019-09-10 07:07:21,487 [SCMBlockDeletingService#0] DEBUG block.SCMBlockDeletingService (SCMBlockDeletingService.java:call(155)) - Scanned deleted blocks log and got 0 delTX to process.
2019-09-10 07:07:21,587 [SCMBlockDeletingService#0] DEBUG block.SCMBlockDeletingService (SCMBlockDeletingService.java:call(138)) - Running DeletedBlockTransactionScanner
2019-09-10 07:07:21,587 [SCMBlockDeletingService#0] DEBUG block.SCMBlockDeletingService (SCMBlockDeletingService.java:call(155)) - Scanned deleted blocks log and got 0 delTX to process.
2019-09-10 07:07:21,687 [SCMBlockDeletingService#0] DEBUG block.SCMBlockDeletingService (SCMBlockDeletingService.java:call(138)) - Running DeletedBlockTransactionScanner
2019-09-10 07:07:21,688 [SCMBlockDeletingService#0] DEBUG block.SCMBlockDeletingService (SCMBlockDeletingService.java:call(155)) - Scanned deleted blocks log and got 0 delTX to process.
2019-09-10 07:07:21,788 [SCMBlockDeletingService#0] DEBUG block.SCMBlockDeletingService (SCMBlockDeletingService.java:call(138)) - Running DeletedBlockTransactionScanner
2019-09-10 07:07:21,789 [SCMBlockDeletingService#0] DEBUG block.SCMBlockDeletingService (SCMBlockDeletingService.java:call(155)) - Scanned deleted blocks log and got 0 delTX to process.
2019-09-10 07:07:21,889 [SCMBlockDeletingService#0] DEBUG block.SCMBlockDeletingService (SCMBlockDeletingService.java:call(138)) - Running DeletedBlockTransactionScanner
2019-09-10 07:07:21,890 [SCMBlockDeletingService#0] DEBUG block.SCMBlockDeletingService (SCMBlockDeletingService.java:call(155)) - Scanned deleted blocks log and got 0 delTX to process.
2019-09-10 07:07:21,990 [SCMBlockDeletingService#0] DEBUG block.SCMBlockDeletingService (SCMBlockDeletingService.java:call(138)) - Running DeletedBlockTransactionScanner
2019-09-10 07:07:21,990 [SCMBlockDeletingService#0] DEBUG block.SCMBlockDeletingService (SCMBlockDeletingService.java:call(155)) - Scanned deleted blocks log and got 0 delTX to process.
2019-09-10 07:07:22,091 [SCMBlockDeletingService#0] DEBUG block.SCMBlockDeletingService (SCMBlockDeletingService.java:call(138)) - Running DeletedBlockTransactionScanner
2019-09-10 07:07:22,091 [SCMBlockDeletingService#0] DEBUG block.SCMBlockDeletingService (SCMBlockDeletingService.java:call(155)) - Scanned deleted blocks log and got 0 delTX to process.
2019-09-10 07:07:22,097 [05f13708-5e6e-4ea1-a525-a3c8f7f54426@group-34B10843FE54-SegmentedRaftLogWorker] WARN  segmented.SegmentedRaftLogWorker (SegmentedRaftLogWorker.java:getFromFuture(90)) - Timeout 24/~
org.apache.ratis.protocol.TimeoutIOException: Timeout 10s: WriteLog:16: (t:1, i:16), STATEMACHINELOGENTRY, client-7F424F215E90, cid=11-writeStateMachineData
	at org.apache.ratis.util.IOUtils.getFromFuture(IOUtils.java:87)
	at org.apache.ratis.server.raftlog.segmented.SegmentedRaftLogWorker$StateMachineDataPolicy.getFromFuture(SegmentedRaftLogWorker.java:87)
	at org.apache.ratis.server.raftlog.segmented.SegmentedRaftLogWorker$WriteLog.execute(SegmentedRaftLogWorker.java:477)
	at org.apache.ratis.server.raftlog.segmented.SegmentedRaftLogWorker.run(SegmentedRaftLogWorker.java:289)
	at java.lang.Thread.run(Thread.java:748)
Caused by: java.util.concurrent.TimeoutException
	at java.util.concurrent.CompletableFuture.timedGet(CompletableFuture.java:1771)
	at java.util.concurrent.CompletableFuture.get(CompletableFuture.java:1915)
	at org.apache.ratis.util.IOUtils.getFromFuture(IOUtils.java:79)
	... 4 more
2019-09-10 07:07:22,192 [SCMBlockDeletingService#0] DEBUG block.SCMBlockDeletingService (SCMBlockDeletingService.java:call(138)) - Running DeletedBlockTransactionScanner
2019-09-10 07:07:22,192 [SCMBlockDeletingService#0] DEBUG block.SCMBlockDeletingService (SCMBlockDeletingService.java:call(155)) - Scanned deleted blocks log and got 0 delTX to process.
2019-09-10 07:07:22,292 [SCMBlockDeletingService#0] DEBUG block.SCMBlockDeletingService (SCMBlockDeletingService.java:call(138)) - Running DeletedBlockTransactionScanner
2019-09-10 07:07:22,293 [SCMBlockDeletingService#0] DEBUG block.SCMBlockDeletingService (SCMBlockDeletingService.java:call(155)) - Scanned deleted blocks log and got 0 delTX to process.
2019-09-10 07:07:22,393 [SCMBlockDeletingService#0] DEBUG block.SCMBlockDeletingService (SCMBlockDeletingService.java:call(138)) - Running DeletedBlockTransactionScanner
2019-09-10 07:07:22,393 [SCMBlockDeletingService#0] DEBUG block.SCMBlockDeletingService (SCMBlockDeletingService.java:call(155)) - Scanned deleted blocks log and got 0 delTX to process.
2019-09-10 07:07:22,494 [SCMBlockDeletingService#0] DEBUG block.SCMBlockDeletingService (SCMBlockDeletingService.java:call(138)) - Running DeletedBlockTransactionScanner
2019-09-10 07:07:22,494 [SCMBlockDeletingService#0] DEBUG block.SCMBlockDeletingService (SCMBlockDeletingService.java:call(155)) - Scanned deleted blocks log and got 0 delTX to process.
2019-09-10 07:07:22,594 [SCMBlockDeletingService#0] DEBUG block.SCMBlockDeletingService (SCMBlockDeletingService.java:call(138)) - Running DeletedBlockTransactionScanner
2019-09-10 07:07:22,595 [SCMBlockDeletingService#0] DEBUG block.SCMBlockDeletingService (SCMBlockDeletingService.java:call(155)) - Scanned deleted blocks log and got 0 delTX to process.
2019-09-10 07:07:22,695 [SCMBlockDeletingService#0] DEBUG block.SCMBlockDeletingService (SCMBlockDeletingService.java:call(138)) - Running DeletedBlockTransactionScanner
2019-09-10 07:07:22,695 [SCMBlockDeletingService#0] DEBUG block.SCMBlockDeletingService (SCMBlockDeletingService.java:call(155)) - Scanned deleted blocks log and got 0 delTX to process.
2019-09-10 07:07:22,796 [SCMBlockDeletingService#0] DEBUG block.SCMBlockDeletingService (SCMBlockDeletingService.java:call(138)) - Running DeletedBlockTransactionScanner
2019-09-10 07:07:22,796 [SCMBlockDeletingService#0] DEBUG block.SCMBlockDeletingService (SCMBlockDeletingService.java:call(155)) - Scanned deleted blocks log and got 0 delTX to process.
2019-09-10 07:07:22,896 [SCMBlockDeletingService#0] DEBUG block.SCMBlockDeletingService (SCMBlockDeletingService.java:call(138)) - Running DeletedBlockTransactionScanner
2019-09-10 07:07:22,897 [SCMBlockDeletingService#0] DEBUG block.SCMBlockDeletingService (SCMBlockDeletingService.java:call(155)) - Scanned deleted blocks log and got 0 delTX to process.
2019-09-10 07:07:22,997 [SCMBlockDeletingService#0] DEBUG block.SCMBlockDeletingService (SCMBlockDeletingService.java:call(138)) - Running DeletedBlockTransactionScanner
2019-09-10 07:07:22,997 [SCMBlockDeletingService#0] DEBUG block.SCMBlockDeletingService (SCMBlockDeletingService.java:call(155)) - Scanned deleted blocks log and got 0 delTX to process.
2019-09-10 07:07:23,098 [SCMBlockDeletingService#0] DEBUG block.SCMBlockDeletingService (SCMBlockDeletingService.java:call(138)) - Running DeletedBlockTransactionScanner
2019-09-10 07:07:23,098 [SCMBlockDeletingService#0] DEBUG block.SCMBlockDeletingService (SCMBlockDeletingService.java:call(155)) - Scanned deleted blocks log and got 0 delTX to process.
2019-09-10 07:07:23,198 [SCMBlockDeletingService#0] DEBUG block.SCMBlockDeletingService (SCMBlockDeletingService.java:call(138)) - Running DeletedBlockTransactionScanner
2019-09-10 07:07:23,198 [SCMBlockDeletingService#0] DEBUG block.SCMBlockDeletingService (SCMBlockDeletingService.java:call(155)) - Scanned deleted blocks log and got 0 delTX to process.
2019-09-10 07:07:23,299 [SCMBlockDeletingService#0] DEBUG block.SCMBlockDeletingService (SCMBlockDeletingService.java:call(138)) - Running DeletedBlockTransactionScanner
2019-09-10 07:07:23,299 [SCMBlockDeletingService#0] DEBUG block.SCMBlockDeletingService (SCMBlockDeletingService.java:call(155)) - Scanned deleted blocks log and got 0 delTX to process.
2019-09-10 07:07:23,399 [SCMBlockDeletingService#0] DEBUG block.SCMBlockDeletingService (SCMBlockDeletingService.java:call(138)) - Running DeletedBlockTransactionScanner
2019-09-10 07:07:23,400 [SCMBlockDeletingService#0] DEBUG block.SCMBlockDeletingService (SCMBlockDeletingService.java:call(155)) - Scanned deleted blocks log and got 0 delTX to process.
2019-09-10 07:07:23,500 [SCMBlockDeletingService#0] DEBUG block.SCMBlockDeletingService (SCMBlockDeletingService.java:call(138)) - Running DeletedBlockTransactionScanner
2019-09-10 07:07:23,500 [SCMBlockDeletingService#0] DEBUG block.SCMBlockDeletingService (SCMBlockDeletingService.java:call(155)) - Scanned deleted blocks log and got 0 delTX to process.
2019-09-10 07:07:23,601 [SCMBlockDeletingService#0] DEBUG block.SCMBlockDeletingService (SCMBlockDeletingService.java:call(138)) - Running DeletedBlockTransactionScanner
2019-09-10 07:07:23,601 [SCMBlockDeletingService#0] DEBUG block.SCMBlockDeletingService (SCMBlockDeletingService.java:call(155)) - Scanned deleted blocks log and got 0 delTX to process.
2019-09-10 07:07:23,701 [SCMBlockDeletingService#0] DEBUG block.SCMBlockDeletingService (SCMBlockDeletingService.java:call(138)) - Running DeletedBlockTransactionScanner
2019-09-10 07:07:23,702 [SCMBlockDeletingService#0] DEBUG block.SCMBlockDeletingService (SCMBlockDeletingService.java:call(155)) - Scanned deleted blocks log and got 0 delTX to process.
2019-09-10 07:07:23,802 [SCMBlockDeletingService#0] DEBUG block.SCMBlockDeletingService (SCMBlockDeletingService.java:call(138)) - Running DeletedBlockTransactionScanner
2019-09-10 07:07:23,802 [SCMBlockDeletingService#0] DEBUG block.SCMBlockDeletingService (SCMBlockDeletingService.java:call(155)) - Scanned deleted blocks log and got 0 delTX to process.
2019-09-10 07:07:23,903 [SCMBlockDeletingService#0] DEBUG block.SCMBlockDeletingService (SCMBlockDeletingService.java:call(138)) - Running DeletedBlockTransactionScanner
2019-09-10 07:07:23,903 [SCMBlockDeletingService#0] DEBUG block.SCMBlockDeletingService (SCMBlockDeletingService.java:call(155)) - Scanned deleted blocks log and got 0 delTX to process.
2019-09-10 07:07:24,003 [SCMBlockDeletingService#0] DEBUG block.SCMBlockDeletingService (SCMBlockDeletingService.java:call(138)) - Running DeletedBlockTransactionScanner
2019-09-10 07:07:24,003 [SCMBlockDeletingService#0] DEBUG block.SCMBlockDeletingService (SCMBlockDeletingService.java:call(155)) - Scanned deleted blocks log and got 0 delTX to process.
2019-09-10 07:07:24,104 [SCMBlockDeletingService#0] DEBUG block.SCMBlockDeletingService (SCMBlockDeletingService.java:call(138)) - Running DeletedBlockTransactionScanner
2019-09-10 07:07:24,105 [SCMBlockDeletingService#0] DEBUG block.SCMBlockDeletingService (SCMBlockDeletingService.java:call(155)) - Scanned deleted blocks log and got 0 delTX to process.
2019-09-10 07:07:24,205 [SCMBlockDeletingService#0] DEBUG block.SCMBlockDeletingService (SCMBlockDeletingService.java:call(138)) - Running DeletedBlockTransactionScanner
2019-09-10 07:07:24,205 [SCMBlockDeletingService#0] DEBUG block.SCMBlockDeletingService (SCMBlockDeletingService.java:call(155)) - Scanned deleted blocks log and got 0 delTX to process.
2019-09-10 07:07:24,306 [SCMBlockDeletingService#0] DEBUG block.SCMBlockDeletingService (SCMBlockDeletingService.java:call(138)) - Running DeletedBlockTransactionScanner
2019-09-10 07:07:24,306 [SCMBlockDeletingService#0] DEBUG block.SCMBlockDeletingService (SCMBlockDeletingService.java:call(155)) - Scanned deleted blocks log and got 0 delTX to process.
2019-09-10 07:07:24,406 [SCMBlockDeletingService#0] DEBUG block.SCMBlockDeletingService (SCMBlockDeletingService.java:call(138)) - Running DeletedBlockTransactionScanner
2019-09-10 07:07:24,406 [SCMBlockDeletingService#0] DEBUG block.SCMBlockDeletingService (SCMBlockDeletingService.java:call(155)) - Scanned deleted blocks log and got 0 delTX to process.
2019-09-10 07:07:24,507 [SCMBlockDeletingService#0] DEBUG block.SCMBlockDeletingService (SCMBlockDeletingService.java:call(138)) - Running DeletedBlockTransactionScanner
2019-09-10 07:07:24,507 [SCMBlockDeletingService#0] DEBUG block.SCMBlockDeletingService (SCMBlockDeletingService.java:call(155)) - Scanned deleted blocks log and got 0 delTX to process.
2019-09-10 07:07:24,607 [SCMBlockDeletingService#0] DEBUG block.SCMBlockDeletingService (SCMBlockDeletingService.java:call(138)) - Running DeletedBlockTransactionScanner
2019-09-10 07:07:24,608 [SCMBlockDeletingService#0] DEBUG block.SCMBlockDeletingService (SCMBlockDeletingService.java:call(155)) - Scanned deleted blocks log and got 0 delTX to process.
2019-09-10 07:07:24,708 [SCMBlockDeletingService#0] DEBUG block.SCMBlockDeletingService (SCMBlockDeletingService.java:call(138)) - Running DeletedBlockTransactionScanner
2019-09-10 07:07:24,708 [SCMBlockDeletingService#0] DEBUG block.SCMBlockDeletingService (SCMBlockDeletingService.java:call(155)) - Scanned deleted blocks log and got 0 delTX to process.
2019-09-10 07:07:24,809 [SCMBlockDeletingService#0] DEBUG block.SCMBlockDeletingService (SCMBlockDeletingService.java:call(138)) - Running DeletedBlockTransactionScanner
2019-09-10 07:07:24,809 [SCMBlockDeletingService#0] DEBUG block.SCMBlockDeletingService (SCMBlockDeletingService.java:call(155)) - Scanned deleted blocks log and got 0 delTX to process.
2019-09-10 07:07:24,909 [SCMBlockDeletingService#0] DEBUG block.SCMBlockDeletingService (SCMBlockDeletingService.java:call(138)) - Running DeletedBlockTransactionScanner
2019-09-10 07:07:24,909 [SCMBlockDeletingService#0] DEBUG block.SCMBlockDeletingService (SCMBlockDeletingService.java:call(155)) - Scanned deleted blocks log and got 0 delTX to process.
2019-09-10 07:07:25,010 [SCMBlockDeletingService#0] DEBUG block.SCMBlockDeletingService (SCMBlockDeletingService.java:call(138)) - Running DeletedBlockTransactionScanner
2019-09-10 07:07:25,010 [SCMBlockDeletingService#0] DEBUG block.SCMBlockDeletingService (SCMBlockDeletingService.java:call(155)) - Scanned deleted blocks log and got 0 delTX to process.
2019-09-10 07:07:25,110 [SCMBlockDeletingService#0] DEBUG block.SCMBlockDeletingService (SCMBlockDeletingService.java:call(138)) - Running DeletedBlockTransactionScanner
2019-09-10 07:07:25,111 [SCMBlockDeletingService#0] DEBUG block.SCMBlockDeletingService (SCMBlockDeletingService.java:call(155)) - Scanned deleted blocks log and got 0 delTX to process.
2019-09-10 07:07:25,211 [SCMBlockDeletingService#0] DEBUG block.SCMBlockDeletingService (SCMBlockDeletingService.java:call(138)) - Running DeletedBlockTransactionScanner
2019-09-10 07:07:25,211 [SCMBlockDeletingService#0] DEBUG block.SCMBlockDeletingService (SCMBlockDeletingService.java:call(155)) - Scanned deleted blocks log and got 0 delTX to process.
2019-09-10 07:07:25,312 [SCMBlockDeletingService#0] DEBUG block.SCMBlockDeletingService (SCMBlockDeletingService.java:call(138)) - Running DeletedBlockTransactionScanner
2019-09-10 07:07:25,312 [SCMBlockDeletingService#0] DEBUG block.SCMBlockDeletingService (SCMBlockDeletingService.java:call(155)) - Scanned deleted blocks log and got 0 delTX to process.
2019-09-10 07:07:25,412 [SCMBlockDeletingService#0] DEBUG block.SCMBlockDeletingService (SCMBlockDeletingService.java:call(138)) - Running DeletedBlockTransactionScanner
2019-09-10 07:07:25,413 [SCMBlockDeletingService#0] DEBUG block.SCMBlockDeletingService (SCMBlockDeletingService.java:call(155)) - Scanned deleted blocks log and got 0 delTX to process.
2019-09-10 07:07:25,513 [SCMBlockDeletingService#0] DEBUG block.SCMBlockDeletingService (SCMBlockDeletingService.java:call(138)) - Running DeletedBlockTransactionScanner
2019-09-10 07:07:25,513 [SCMBlockDeletingService#0] DEBUG block.SCMBlockDeletingService (SCMBlockDeletingService.java:call(155)) - Scanned deleted blocks log and got 0 delTX to process.
2019-09-10 07:07:25,614 [SCMBlockDeletingService#0] DEBUG block.SCMBlockDeletingService (SCMBlockDeletingService.java:call(138)) - Running DeletedBlockTransactionScanner
2019-09-10 07:07:25,614 [SCMBlockDeletingService#0] DEBUG block.SCMBlockDeletingService (SCMBlockDeletingService.java:call(155)) - Scanned deleted blocks log and got 0 delTX to process.
2019-09-10 07:07:25,714 [SCMBlockDeletingService#0] DEBUG block.SCMBlockDeletingService (SCMBlockDeletingService.java:call(138)) - Running DeletedBlockTransactionScanner
2019-09-10 07:07:25,714 [SCMBlockDeletingService#0] DEBUG block.SCMBlockDeletingService (SCMBlockDeletingService.java:call(155)) - Scanned deleted blocks log and got 0 delTX to process.
2019-09-10 07:07:25,815 [SCMBlockDeletingService#0] DEBUG block.SCMBlockDeletingService (SCMBlockDeletingService.java:call(138)) - Running DeletedBlockTransactionScanner
2019-09-10 07:07:25,815 [SCMBlockDeletingService#0] DEBUG block.SCMBlockDeletingService (SCMBlockDeletingService.java:call(155)) - Scanned deleted blocks log and got 0 delTX to process.
2019-09-10 07:07:25,915 [SCMBlockDeletingService#0] DEBUG block.SCMBlockDeletingService (SCMBlockDeletingService.java:call(138)) - Running DeletedBlockTransactionScanner
2019-09-10 07:07:25,916 [SCMBlockDeletingService#0] DEBUG block.SCMBlockDeletingService (SCMBlockDeletingService.java:call(155)) - Scanned deleted blocks log and got 0 delTX to process.
2019-09-10 07:07:26,016 [SCMBlockDeletingService#0] DEBUG block.SCMBlockDeletingService (SCMBlockDeletingService.java:call(138)) - Running DeletedBlockTransactionScanner
2019-09-10 07:07:26,016 [SCMBlockDeletingService#0] DEBUG block.SCMBlockDeletingService (SCMBlockDeletingService.java:call(155)) - Scanned deleted blocks log and got 0 delTX to process.
2019-09-10 07:07:26,117 [SCMBlockDeletingService#0] DEBUG block.SCMBlockDeletingService (SCMBlockDeletingService.java:call(138)) - Running DeletedBlockTransactionScanner
2019-09-10 07:07:26,117 [SCMBlockDeletingService#0] DEBUG block.SCMBlockDeletingService (SCMBlockDeletingService.java:call(155)) - Scanned deleted blocks log and got 0 delTX to process.
2019-09-10 07:07:26,217 [SCMBlockDeletingService#0] DEBUG block.SCMBlockDeletingService (SCMBlockDeletingService.java:call(138)) - Running DeletedBlockTransactionScanner
2019-09-10 07:07:26,218 [SCMBlockDeletingService#0] DEBUG block.SCMBlockDeletingService (SCMBlockDeletingService.java:call(155)) - Scanned deleted blocks log and got 0 delTX to process.
2019-09-10 07:07:26,318 [SCMBlockDeletingService#0] DEBUG block.SCMBlockDeletingService (SCMBlockDeletingService.java:call(138)) - Running DeletedBlockTransactionScanner
2019-09-10 07:07:26,318 [SCMBlockDeletingService#0] DEBUG block.SCMBlockDeletingService (SCMBlockDeletingService.java:call(155)) - Scanned deleted blocks log and got 0 delTX to process.
2019-09-10 07:07:26,419 [SCMBlockDeletingService#0] DEBUG block.SCMBlockDeletingService (SCMBlockDeletingService.java:call(138)) - Running DeletedBlockTransactionScanner
2019-09-10 07:07:26,419 [SCMBlockDeletingService#0] DEBUG block.SCMBlockDeletingService (SCMBlockDeletingService.java:call(155)) - Scanned deleted blocks log and got 0 delTX to process.
2019-09-10 07:07:26,519 [SCMBlockDeletingService#0] DEBUG block.SCMBlockDeletingService (SCMBlockDeletingService.java:call(138)) - Running DeletedBlockTransactionScanner
2019-09-10 07:07:26,519 [SCMBlockDeletingService#0] DEBUG block.SCMBlockDeletingService (SCMBlockDeletingService.java:call(155)) - Scanned deleted blocks log and got 0 delTX to process.
2019-09-10 07:07:26,620 [SCMBlockDeletingService#0] DEBUG block.SCMBlockDeletingService (SCMBlockDeletingService.java:call(138)) - Running DeletedBlockTransactionScanner
2019-09-10 07:07:26,620 [SCMBlockDeletingService#0] DEBUG block.SCMBlockDeletingService (SCMBlockDeletingService.java:call(155)) - Scanned deleted blocks log and got 0 delTX to process.
2019-09-10 07:07:26,720 [SCMBlockDeletingService#0] DEBUG block.SCMBlockDeletingService (SCMBlockDeletingService.java:call(138)) - Running DeletedBlockTransactionScanner
2019-09-10 07:07:26,720 [SCMBlockDeletingService#0] DEBUG block.SCMBlockDeletingService (SCMBlockDeletingService.java:call(155)) - Scanned deleted blocks log and got 0 delTX to process.
2019-09-10 07:07:26,821 [SCMBlockDeletingService#0] DEBUG block.SCMBlockDeletingService (SCMBlockDeletingService.java:call(138)) - Running DeletedBlockTransactionScanner
2019-09-10 07:07:26,821 [SCMBlockDeletingService#0] DEBUG block.SCMBlockDeletingService (SCMBlockDeletingService.java:call(155)) - Scanned deleted blocks log and got 0 delTX to process.
2019-09-10 07:07:26,921 [SCMBlockDeletingService#0] DEBUG block.SCMBlockDeletingService (SCMBlockDeletingService.java:call(138)) - Running DeletedBlockTransactionScanner
2019-09-10 07:07:26,921 [SCMBlockDeletingService#0] DEBUG block.SCMBlockDeletingService (SCMBlockDeletingService.java:call(155)) - Scanned deleted blocks log and got 0 delTX to process.
2019-09-10 07:07:27,022 [SCMBlockDeletingService#0] DEBUG block.SCMBlockDeletingService (SCMBlockDeletingService.java:call(138)) - Running DeletedBlockTransactionScanner
2019-09-10 07:07:27,022 [SCMBlockDeletingService#0] DEBUG block.SCMBlockDeletingService (SCMBlockDeletingService.java:call(155)) - Scanned deleted blocks log and got 0 delTX to process.
2019-09-10 07:07:27,122 [SCMBlockDeletingService#0] DEBUG block.SCMBlockDeletingService (SCMBlockDeletingService.java:call(138)) - Running DeletedBlockTransactionScanner
2019-09-10 07:07:27,123 [SCMBlockDeletingService#0] DEBUG block.SCMBlockDeletingService (SCMBlockDeletingService.java:call(155)) - Scanned deleted blocks log and got 0 delTX to process.
2019-09-10 07:07:27,223 [SCMBlockDeletingService#0] DEBUG block.SCMBlockDeletingService (SCMBlockDeletingService.java:call(138)) - Running DeletedBlockTransactionScanner
2019-09-10 07:07:27,223 [SCMBlockDeletingService#0] DEBUG block.SCMBlockDeletingService (SCMBlockDeletingService.java:call(155)) - Scanned deleted blocks log and got 0 delTX to process.
2019-09-10 07:07:27,324 [SCMBlockDeletingService#0] DEBUG block.SCMBlockDeletingService (SCMBlockDeletingService.java:call(138)) - Running DeletedBlockTransactionScanner
2019-09-10 07:07:27,324 [SCMBlockDeletingService#0] DEBUG block.SCMBlockDeletingService (SCMBlockDeletingService.java:call(155)) - Scanned deleted blocks log and got 0 delTX to process.
2019-09-10 07:07:27,424 [SCMBlockDeletingService#0] DEBUG block.SCMBlockDeletingService (SCMBlockDeletingService.java:call(138)) - Running DeletedBlockTransactionScanner
2019-09-10 07:07:27,425 [SCMBlockDeletingService#0] DEBUG block.SCMBlockDeletingService (SCMBlockDeletingService.java:call(155)) - Scanned deleted blocks log and got 0 delTX to process.
2019-09-10 07:07:27,525 [SCMBlockDeletingService#0] DEBUG block.SCMBlockDeletingService (SCMBlockDeletingService.java:call(138)) - Running DeletedBlockTransactionScanner
2019-09-10 07:07:27,526 [SCMBlockDeletingService#0] DEBUG block.SCMBlockDeletingService (SCMBlockDeletingService.java:call(155)) - Scanned deleted blocks log and got 0 delTX to process.
2019-09-10 07:07:27,626 [SCMBlockDeletingService#1] DEBUG block.SCMBlockDeletingService (SCMBlockDeletingService.java:call(138)) - Running DeletedBlockTransactionScanner
2019-09-10 07:07:27,626 [SCMBlockDeletingService#1] DEBUG block.SCMBlockDeletingService (SCMBlockDeletingService.java:call(155)) - Scanned deleted blocks log and got 0 delTX to process.
2019-09-10 07:07:27,727 [SCMBlockDeletingService#1] DEBUG block.SCMBlockDeletingService (SCMBlockDeletingService.java:call(138)) - Running DeletedBlockTransactionScanner
2019-09-10 07:07:27,727 [SCMBlockDeletingService#1] DEBUG block.SCMBlockDeletingService (SCMBlockDeletingService.java:call(155)) - Scanned deleted blocks log and got 0 delTX to process.
2019-09-10 07:07:27,828 [SCMBlockDeletingService#1] DEBUG block.SCMBlockDeletingService (SCMBlockDeletingService.java:call(138)) - Running DeletedBlockTransactionScanner
2019-09-10 07:07:27,828 [SCMBlockDeletingService#1] DEBUG block.SCMBlockDeletingService (SCMBlockDeletingService.java:call(155)) - Scanned deleted blocks log and got 0 delTX to process.
2019-09-10 07:07:27,928 [SCMBlockDeletingService#1] DEBUG block.SCMBlockDeletingService (SCMBlockDeletingService.java:call(138)) - Running DeletedBlockTransactionScanner
2019-09-10 07:07:27,928 [SCMBlockDeletingService#1] DEBUG block.SCMBlockDeletingService (SCMBlockDeletingService.java:call(155)) - Scanned deleted blocks log and got 0 delTX to process.
2019-09-10 07:07:28,029 [SCMBlockDeletingService#0] DEBUG block.SCMBlockDeletingService (SCMBlockDeletingService.java:call(138)) - Running DeletedBlockTransactionScanner
2019-09-10 07:07:28,029 [SCMBlockDeletingService#0] DEBUG block.SCMBlockDeletingService (SCMBlockDeletingService.java:call(155)) - Scanned deleted blocks log and got 0 delTX to process.
2019-09-10 07:07:28,130 [SCMBlockDeletingService#0] DEBUG block.SCMBlockDeletingService (SCMBlockDeletingService.java:call(138)) - Running DeletedBlockTransactionScanner
2019-09-10 07:07:28,130 [SCMBlockDeletingService#0] DEBUG block.SCMBlockDeletingService (SCMBlockDeletingService.java:call(155)) - Scanned deleted blocks log and got 0 delTX to process.
2019-09-10 07:07:28,231 [SCMBlockDeletingService#0] DEBUG block.SCMBlockDeletingService (SCMBlockDeletingService.java:call(138)) - Running DeletedBlockTransactionScanner
2019-09-10 07:07:28,231 [SCMBlockDeletingService#0] DEBUG block.SCMBlockDeletingService (SCMBlockDeletingService.java:call(155)) - Scanned deleted blocks log and got 0 delTX to process.
2019-09-10 07:07:28,331 [SCMBlockDeletingService#0] DEBUG block.SCMBlockDeletingService (SCMBlockDeletingService.java:call(138)) - Running DeletedBlockTransactionScanner
2019-09-10 07:07:28,332 [SCMBlockDeletingService#0] DEBUG block.SCMBlockDeletingService (SCMBlockDeletingService.java:call(155)) - Scanned deleted blocks log and got 0 delTX to process.
2019-09-10 07:07:28,432 [SCMBlockDeletingService#0] DEBUG block.SCMBlockDeletingService (SCMBlockDeletingService.java:call(138)) - Running DeletedBlockTransactionScanner
2019-09-10 07:07:28,433 [SCMBlockDeletingService#0] DEBUG block.SCMBlockDeletingService (SCMBlockDeletingService.java:call(155)) - Scanned deleted blocks log and got 0 delTX to process.
2019-09-10 07:07:28,533 [SCMBlockDeletingService#0] DEBUG block.SCMBlockDeletingService (SCMBlockDeletingService.java:call(138)) - Running DeletedBlockTransactionScanner
2019-09-10 07:07:28,533 [SCMBlockDeletingService#0] DEBUG block.SCMBlockDeletingService (SCMBlockDeletingService.java:call(155)) - Scanned deleted blocks log and got 0 delTX to process.
2019-09-10 07:07:28,633 [SCMBlockDeletingService#0] DEBUG block.SCMBlockDeletingService (SCMBlockDeletingService.java:call(138)) - Running DeletedBlockTransactionScanner
2019-09-10 07:07:28,634 [SCMBlockDeletingService#0] DEBUG block.SCMBlockDeletingService (SCMBlockDeletingService.java:call(155)) - Scanned deleted blocks log and got 0 delTX to process.
2019-09-10 07:07:28,734 [SCMBlockDeletingService#0] DEBUG block.SCMBlockDeletingService (SCMBlockDeletingService.java:call(138)) - Running DeletedBlockTransactionScanner
2019-09-10 07:07:28,734 [SCMBlockDeletingService#0] DEBUG block.SCMBlockDeletingService (SCMBlockDeletingService.java:call(155)) - Scanned deleted blocks log and got 0 delTX to process.
2019-09-10 07:07:28,835 [SCMBlockDeletingService#0] DEBUG block.SCMBlockDeletingService (SCMBlockDeletingService.java:call(138)) - Running DeletedBlockTransactionScanner
2019-09-10 07:07:28,835 [SCMBlockDeletingService#0] DEBUG block.SCMBlockDeletingService (SCMBlockDeletingService.java:call(155)) - Scanned deleted blocks log and got 0 delTX to process.
2019-09-10 07:07:28,935 [SCMBlockDeletingService#0] DEBUG block.SCMBlockDeletingService (SCMBlockDeletingService.java:call(138)) - Running DeletedBlockTransactionScanner
2019-09-10 07:07:28,935 [SCMBlockDeletingService#0] DEBUG block.SCMBlockDeletingService (SCMBlockDeletingService.java:call(155)) - Scanned deleted blocks log and got 0 delTX to process.
2019-09-10 07:07:29,036 [SCMBlockDeletingService#0] DEBUG block.SCMBlockDeletingService (SCMBlockDeletingService.java:call(138)) - Running DeletedBlockTransactionScanner
2019-09-10 07:07:29,036 [SCMBlockDeletingService#0] DEBUG block.SCMBlockDeletingService (SCMBlockDeletingService.java:call(155)) - Scanned deleted blocks log and got 0 delTX to process.
2019-09-10 07:07:29,136 [SCMBlockDeletingService#0] DEBUG block.SCMBlockDeletingService (SCMBlockDeletingService.java:call(138)) - Running DeletedBlockTransactionScanner
2019-09-10 07:07:29,137 [SCMBlockDeletingService#0] DEBUG block.SCMBlockDeletingService (SCMBlockDeletingService.java:call(155)) - Scanned deleted blocks log and got 0 delTX to process.
2019-09-10 07:07:29,237 [SCMBlockDeletingService#0] DEBUG block.SCMBlockDeletingService (SCMBlockDeletingService.java:call(138)) - Running DeletedBlockTransactionScanner
2019-09-10 07:07:29,237 [SCMBlockDeletingService#0] DEBUG block.SCMBlockDeletingService (SCMBlockDeletingService.java:call(155)) - Scanned deleted blocks log and got 0 delTX to process.
2019-09-10 07:07:29,338 [SCMBlockDeletingService#0] DEBUG block.SCMBlockDeletingService (SCMBlockDeletingService.java:call(138)) - Running DeletedBlockTransactionScanner
2019-09-10 07:07:29,338 [SCMBlockDeletingService#0] DEBUG block.SCMBlockDeletingService (SCMBlockDeletingService.java:call(155)) - Scanned deleted blocks log and got 0 delTX to process.
2019-09-10 07:07:29,438 [SCMBlockDeletingService#0] DEBUG block.SCMBlockDeletingService (SCMBlockDeletingService.java:call(138)) - Running DeletedBlockTransactionScanner
2019-09-10 07:07:29,438 [SCMBlockDeletingService#0] DEBUG block.SCMBlockDeletingService (SCMBlockDeletingService.java:call(155)) - Scanned deleted blocks log and got 0 delTX to process.
2019-09-10 07:07:29,539 [SCMBlockDeletingService#0] DEBUG block.SCMBlockDeletingService (SCMBlockDeletingService.java:call(138)) - Running DeletedBlockTransactionScanner
2019-09-10 07:07:29,539 [SCMBlockDeletingService#0] DEBUG block.SCMBlockDeletingService (SCMBlockDeletingService.java:call(155)) - Scanned deleted blocks log and got 0 delTX to process.
2019-09-10 07:07:29,639 [SCMBlockDeletingService#0] DEBUG block.SCMBlockDeletingService (SCMBlockDeletingService.java:call(138)) - Running DeletedBlockTransactionScanner
2019-09-10 07:07:29,640 [SCMBlockDeletingService#0] DEBUG block.SCMBlockDeletingService (SCMBlockDeletingService.java:call(155)) - Scanned deleted blocks log and got 0 delTX to process.
2019-09-10 07:07:29,740 [SCMBlockDeletingService#0] DEBUG block.SCMBlockDeletingService (SCMBlockDeletingService.java:call(138)) - Running DeletedBlockTransactionScanner
2019-09-10 07:07:29,740 [SCMBlockDeletingService#0] DEBUG block.SCMBlockDeletingService (SCMBlockDeletingService.java:call(155)) - Scanned deleted blocks log and got 0 delTX to process.
2019-09-10 07:07:29,840 [SCMBlockDeletingService#0] DEBUG block.SCMBlockDeletingService (SCMBlockDeletingService.java:call(138)) - Running DeletedBlockTransactionScanner
2019-09-10 07:07:29,841 [SCMBlockDeletingService#0] DEBUG block.SCMBlockDeletingService (SCMBlockDeletingService.java:call(155)) - Scanned deleted blocks log and got 0 delTX to process.
2019-09-10 07:07:29,941 [SCMBlockDeletingService#0] DEBUG block.SCMBlockDeletingService (SCMBlockDeletingService.java:call(138)) - Running DeletedBlockTransactionScanner
2019-09-10 07:07:29,941 [SCMBlockDeletingService#0] DEBUG block.SCMBlockDeletingService (SCMBlockDeletingService.java:call(155)) - Scanned deleted blocks log and got 0 delTX to process.
2019-09-10 07:07:30,042 [SCMBlockDeletingService#0] DEBUG block.SCMBlockDeletingService (SCMBlockDeletingService.java:call(138)) - Running DeletedBlockTransactionScanner
2019-09-10 07:07:30,042 [SCMBlockDeletingService#0] DEBUG block.SCMBlockDeletingService (SCMBlockDeletingService.java:call(155)) - Scanned deleted blocks log and got 0 delTX to process.
2019-09-10 07:07:30,143 [SCMBlockDeletingService#0] DEBUG block.SCMBlockDeletingService (SCMBlockDeletingService.java:call(138)) - Running DeletedBlockTransactionScanner
2019-09-10 07:07:30,143 [SCMBlockDeletingService#0] DEBUG block.SCMBlockDeletingService (SCMBlockDeletingService.java:call(155)) - Scanned deleted blocks log and got 0 delTX to process.
2019-09-10 07:07:30,243 [SCMBlockDeletingService#0] DEBUG block.SCMBlockDeletingService (SCMBlockDeletingService.java:call(138)) - Running DeletedBlockTransactionScanner
2019-09-10 07:07:30,243 [SCMBlockDeletingService#0] DEBUG block.SCMBlockDeletingService (SCMBlockDeletingService.java:call(155)) - Scanned deleted blocks log and got 0 delTX to process.
2019-09-10 07:07:30,344 [SCMBlockDeletingService#0] DEBUG block.SCMBlockDeletingService (SCMBlockDeletingService.java:call(138)) - Running DeletedBlockTransactionScanner
2019-09-10 07:07:30,344 [SCMBlockDeletingService#0] DEBUG block.SCMBlockDeletingService (SCMBlockDeletingService.java:call(155)) - Scanned deleted blocks log and got 0 delTX to process.
2019-09-10 07:07:30,444 [SCMBlockDeletingService#0] DEBUG block.SCMBlockDeletingService (SCMBlockDeletingService.java:call(138)) - Running DeletedBlockTransactionScanner
2019-09-10 07:07:30,445 [SCMBlockDeletingService#0] DEBUG block.SCMBlockDeletingService (SCMBlockDeletingService.java:call(155)) - Scanned deleted blocks log and got 0 delTX to process.
2019-09-10 07:07:30,545 [SCMBlockDeletingService#0] DEBUG block.SCMBlockDeletingService (SCMBlockDeletingService.java:call(138)) - Running DeletedBlockTransactionScanner
2019-09-10 07:07:30,545 [SCMBlockDeletingService#0] DEBUG block.SCMBlockDeletingService (SCMBlockDeletingService.java:call(155)) - Scanned deleted blocks log and got 0 delTX to process.
2019-09-10 07:07:30,645 [SCMBlockDeletingService#0] DEBUG block.SCMBlockDeletingService (SCMBlockDeletingService.java:call(138)) - Running DeletedBlockTransactionScanner
2019-09-10 07:07:30,646 [SCMBlockDeletingService#0] DEBUG block.SCMBlockDeletingService (SCMBlockDeletingService.java:call(155)) - Scanned deleted blocks log and got 0 delTX to process.
2019-09-10 07:07:30,746 [SCMBlockDeletingService#0] DEBUG block.SCMBlockDeletingService (SCMBlockDeletingService.java:call(138)) - Running DeletedBlockTransactionScanner
2019-09-10 07:07:30,747 [SCMBlockDeletingService#0] DEBUG block.SCMBlockDeletingService (SCMBlockDeletingService.java:call(155)) - Scanned deleted blocks log and got 0 delTX to process.
2019-09-10 07:07:30,847 [SCMBlockDeletingService#0] DEBUG block.SCMBlockDeletingService (SCMBlockDeletingService.java:call(138)) - Running DeletedBlockTransactionScanner
2019-09-10 07:07:30,847 [SCMBlockDeletingService#0] DEBUG block.SCMBlockDeletingService (SCMBlockDeletingService.java:call(155)) - Scanned deleted blocks log and got 0 delTX to process.
2019-09-10 07:07:30,948 [SCMBlockDeletingService#0] DEBUG block.SCMBlockDeletingService (SCMBlockDeletingService.java:call(138)) - Running DeletedBlockTransactionScanner
2019-09-10 07:07:30,948 [SCMBlockDeletingService#0] DEBUG block.SCMBlockDeletingService (SCMBlockDeletingService.java:call(155)) - Scanned deleted blocks log and got 0 delTX to process.
2019-09-10 07:07:31,049 [SCMBlockDeletingService#0] DEBUG block.SCMBlockDeletingService (SCMBlockDeletingService.java:call(138)) - Running DeletedBlockTransactionScanner
2019-09-10 07:07:31,049 [SCMBlockDeletingService#0] DEBUG block.SCMBlockDeletingService (SCMBlockDeletingService.java:call(155)) - Scanned deleted blocks log and got 0 delTX to process.
2019-09-10 07:07:31,149 [SCMBlockDeletingService#0] DEBUG block.SCMBlockDeletingService (SCMBlockDeletingService.java:call(138)) - Running DeletedBlockTransactionScanner
2019-09-10 07:07:31,149 [SCMBlockDeletingService#0] DEBUG block.SCMBlockDeletingService (SCMBlockDeletingService.java:call(155)) - Scanned deleted blocks log and got 0 delTX to process.
2019-09-10 07:07:31,250 [SCMBlockDeletingService#0] DEBUG block.SCMBlockDeletingService (SCMBlockDeletingService.java:call(138)) - Running DeletedBlockTransactionScanner
2019-09-10 07:07:31,250 [SCMBlockDeletingService#0] DEBUG block.SCMBlockDeletingService (SCMBlockDeletingService.java:call(155)) - Scanned deleted blocks log and got 0 delTX to process.
2019-09-10 07:07:31,350 [SCMBlockDeletingService#0] DEBUG block.SCMBlockDeletingService (SCMBlockDeletingService.java:call(138)) - Running DeletedBlockTransactionScanner
2019-09-10 07:07:31,351 [SCMBlockDeletingService#0] DEBUG block.SCMBlockDeletingService (SCMBlockDeletingService.java:call(155)) - Scanned deleted blocks log and got 0 delTX to process.
2019-09-10 07:07:31,451 [SCMBlockDeletingService#0] DEBUG block.SCMBlockDeletingService (SCMBlockDeletingService.java:call(138)) - Running DeletedBlockTransactionScanner
2019-09-10 07:07:31,451 [SCMBlockDeletingService#0] DEBUG block.SCMBlockDeletingService (SCMBlockDeletingService.java:call(155)) - Scanned deleted blocks log and got 0 delTX to process.
2019-09-10 07:07:31,552 [SCMBlockDeletingService#0] DEBUG block.SCMBlockDeletingService (SCMBlockDeletingService.java:call(138)) - Running DeletedBlockTransactionScanner
2019-09-10 07:07:31,552 [SCMBlockDeletingService#0] DEBUG block.SCMBlockDeletingService (SCMBlockDeletingService.java:call(155)) - Scanned deleted blocks log and got 0 delTX to process.
2019-09-10 07:07:31,652 [SCMBlockDeletingService#0] DEBUG block.SCMBlockDeletingService (SCMBlockDeletingService.java:call(138)) - Running DeletedBlockTransactionScanner
2019-09-10 07:07:31,653 [SCMBlockDeletingService#0] DEBUG block.SCMBlockDeletingService (SCMBlockDeletingService.java:call(155)) - Scanned deleted blocks log and got 0 delTX to process.
2019-09-10 07:07:31,753 [SCMBlockDeletingService#0] DEBUG block.SCMBlockDeletingService (SCMBlockDeletingService.java:call(138)) - Running DeletedBlockTransactionScanner
2019-09-10 07:07:31,753 [SCMBlockDeletingService#0] DEBUG block.SCMBlockDeletingService (SCMBlockDeletingService.java:call(155)) - Scanned deleted blocks log and got 0 delTX to process.
2019-09-10 07:07:31,853 [SCMBlockDeletingService#0] DEBUG block.SCMBlockDeletingService (SCMBlockDeletingService.java:call(138)) - Running DeletedBlockTransactionScanner
2019-09-10 07:07:31,854 [SCMBlockDeletingService#0] DEBUG block.SCMBlockDeletingService (SCMBlockDeletingService.java:call(155)) - Scanned deleted blocks log and got 0 delTX to process.
2019-09-10 07:07:31,954 [SCMBlockDeletingService#0] DEBUG block.SCMBlockDeletingService (SCMBlockDeletingService.java:call(138)) - Running DeletedBlockTransactionScanner
2019-09-10 07:07:31,954 [SCMBlockDeletingService#0] DEBUG block.SCMBlockDeletingService (SCMBlockDeletingService.java:call(155)) - Scanned deleted blocks log and got 0 delTX to process.
2019-09-10 07:07:32,055 [SCMBlockDeletingService#0] DEBUG block.SCMBlockDeletingService (SCMBlockDeletingService.java:call(138)) - Running DeletedBlockTransactionScanner
2019-09-10 07:07:32,055 [SCMBlockDeletingService#0] DEBUG block.SCMBlockDeletingService (SCMBlockDeletingService.java:call(155)) - Scanned deleted blocks log and got 0 delTX to process.
2019-09-10 07:07:32,098 [05f13708-5e6e-4ea1-a525-a3c8f7f54426@group-34B10843FE54-SegmentedRaftLogWorker] WARN  segmented.SegmentedRaftLogWorker (SegmentedRaftLogWorker.java:getFromFuture(90)) - Timeout 25/~
org.apache.ratis.protocol.TimeoutIOException: Timeout 10s: WriteLog:16: (t:1, i:16), STATEMACHINELOGENTRY, client-7F424F215E90, cid=11-writeStateMachineData
	at org.apache.ratis.util.IOUtils.getFromFuture(IOUtils.java:87)
	at org.apache.ratis.server.raftlog.segmented.SegmentedRaftLogWorker$StateMachineDataPolicy.getFromFuture(SegmentedRaftLogWorker.java:87)
	at org.apache.ratis.server.raftlog.segmented.SegmentedRaftLogWorker$WriteLog.execute(SegmentedRaftLogWorker.java:477)
	at org.apache.ratis.server.raftlog.segmented.SegmentedRaftLogWorker.run(SegmentedRaftLogWorker.java:289)
	at java.lang.Thread.run(Thread.java:748)
Caused by: java.util.concurrent.TimeoutException
	at java.util.concurrent.CompletableFuture.timedGet(CompletableFuture.java:1771)
	at java.util.concurrent.CompletableFuture.get(CompletableFuture.java:1915)
	at org.apache.ratis.util.IOUtils.getFromFuture(IOUtils.java:79)
	... 4 more
2019-09-10 07:07:32,155 [SCMBlockDeletingService#0] DEBUG block.SCMBlockDeletingService (SCMBlockDeletingService.java:call(138)) - Running DeletedBlockTransactionScanner
2019-09-10 07:07:32,156 [SCMBlockDeletingService#0] DEBUG block.SCMBlockDeletingService (SCMBlockDeletingService.java:call(155)) - Scanned deleted blocks log and got 0 delTX to process.
2019-09-10 07:07:32,256 [SCMBlockDeletingService#0] DEBUG block.SCMBlockDeletingService (SCMBlockDeletingService.java:call(138)) - Running DeletedBlockTransactionScanner
2019-09-10 07:07:32,256 [SCMBlockDeletingService#0] DEBUG block.SCMBlockDeletingService (SCMBlockDeletingService.java:call(155)) - Scanned deleted blocks log and got 0 delTX to process.
2019-09-10 07:07:32,356 [SCMBlockDeletingService#0] DEBUG block.SCMBlockDeletingService (SCMBlockDeletingService.java:call(138)) - Running DeletedBlockTransactionScanner
2019-09-10 07:07:32,357 [SCMBlockDeletingService#0] DEBUG block.SCMBlockDeletingService (SCMBlockDeletingService.java:call(155)) - Scanned deleted blocks log and got 0 delTX to process.
2019-09-10 07:07:32,457 [SCMBlockDeletingService#0] DEBUG block.SCMBlockDeletingService (SCMBlockDeletingService.java:call(138)) - Running DeletedBlockTransactionScanner
2019-09-10 07:07:32,457 [SCMBlockDeletingService#0] DEBUG block.SCMBlockDeletingService (SCMBlockDeletingService.java:call(155)) - Scanned deleted blocks log and got 0 delTX to process.
2019-09-10 07:07:32,558 [SCMBlockDeletingService#0] DEBUG block.SCMBlockDeletingService (SCMBlockDeletingService.java:call(138)) - Running DeletedBlockTransactionScanner
2019-09-10 07:07:32,558 [SCMBlockDeletingService#0] DEBUG block.SCMBlockDeletingService (SCMBlockDeletingService.java:call(155)) - Scanned deleted blocks log and got 0 delTX to process.
2019-09-10 07:07:32,658 [SCMBlockDeletingService#0] DEBUG block.SCMBlockDeletingService (SCMBlockDeletingService.java:call(138)) - Running DeletedBlockTransactionScanner
2019-09-10 07:07:32,658 [SCMBlockDeletingService#0] DEBUG block.SCMBlockDeletingService (SCMBlockDeletingService.java:call(155)) - Scanned deleted blocks log and got 0 delTX to process.
2019-09-10 07:07:32,759 [SCMBlockDeletingService#0] DEBUG block.SCMBlockDeletingService (SCMBlockDeletingService.java:call(138)) - Running DeletedBlockTransactionScanner
2019-09-10 07:07:32,759 [SCMBlockDeletingService#0] DEBUG block.SCMBlockDeletingService (SCMBlockDeletingService.java:call(155)) - Scanned deleted blocks log and got 0 delTX to process.
2019-09-10 07:07:32,859 [SCMBlockDeletingService#0] DEBUG block.SCMBlockDeletingService (SCMBlockDeletingService.java:call(138)) - Running DeletedBlockTransactionScanner
2019-09-10 07:07:32,860 [SCMBlockDeletingService#0] DEBUG block.SCMBlockDeletingService (SCMBlockDeletingService.java:call(155)) - Scanned deleted blocks log and got 0 delTX to process.
2019-09-10 07:07:32,960 [SCMBlockDeletingService#0] DEBUG block.SCMBlockDeletingService (SCMBlockDeletingService.java:call(138)) - Running DeletedBlockTransactionScanner
2019-09-10 07:07:32,960 [SCMBlockDeletingService#0] DEBUG block.SCMBlockDeletingService (SCMBlockDeletingService.java:call(155)) - Scanned deleted blocks log and got 0 delTX to process.
2019-09-10 07:07:33,061 [SCMBlockDeletingService#0] DEBUG block.SCMBlockDeletingService (SCMBlockDeletingService.java:call(138)) - Running DeletedBlockTransactionScanner
2019-09-10 07:07:33,061 [SCMBlockDeletingService#0] DEBUG block.SCMBlockDeletingService (SCMBlockDeletingService.java:call(155)) - Scanned deleted blocks log and got 0 delTX to process.
2019-09-10 07:07:33,161 [SCMBlockDeletingService#1] DEBUG block.SCMBlockDeletingService (SCMBlockDeletingService.java:call(138)) - Running DeletedBlockTransactionScanner
2019-09-10 07:07:33,162 [SCMBlockDeletingService#1] DEBUG block.SCMBlockDeletingService (SCMBlockDeletingService.java:call(155)) - Scanned deleted blocks log and got 0 delTX to process.
2019-09-10 07:07:33,262 [SCMBlockDeletingService#1] DEBUG block.SCMBlockDeletingService (SCMBlockDeletingService.java:call(138)) - Running DeletedBlockTransactionScanner
2019-09-10 07:07:33,262 [SCMBlockDeletingService#1] DEBUG block.SCMBlockDeletingService (SCMBlockDeletingService.java:call(155)) - Scanned deleted blocks log and got 0 delTX to process.
2019-09-10 07:07:33,363 [SCMBlockDeletingService#0] DEBUG block.SCMBlockDeletingService (SCMBlockDeletingService.java:call(138)) - Running DeletedBlockTransactionScanner
2019-09-10 07:07:33,363 [SCMBlockDeletingService#0] DEBUG block.SCMBlockDeletingService (SCMBlockDeletingService.java:call(155)) - Scanned deleted blocks log and got 0 delTX to process.
2019-09-10 07:07:33,463 [SCMBlockDeletingService#1] DEBUG block.SCMBlockDeletingService (SCMBlockDeletingService.java:call(138)) - Running DeletedBlockTransactionScanner
2019-09-10 07:07:33,464 [SCMBlockDeletingService#1] DEBUG block.SCMBlockDeletingService (SCMBlockDeletingService.java:call(155)) - Scanned deleted blocks log and got 0 delTX to process.
2019-09-10 07:07:33,564 [SCMBlockDeletingService#1] DEBUG block.SCMBlockDeletingService (SCMBlockDeletingService.java:call(138)) - Running DeletedBlockTransactionScanner
2019-09-10 07:07:33,564 [SCMBlockDeletingService#1] DEBUG block.SCMBlockDeletingService (SCMBlockDeletingService.java:call(155)) - Scanned deleted blocks log and got 0 delTX to process.
2019-09-10 07:07:33,664 [SCMBlockDeletingService#1] DEBUG block.SCMBlockDeletingService (SCMBlockDeletingService.java:call(138)) - Running DeletedBlockTransactionScanner
2019-09-10 07:07:33,665 [SCMBlockDeletingService#1] DEBUG block.SCMBlockDeletingService (SCMBlockDeletingService.java:call(155)) - Scanned deleted blocks log and got 0 delTX to process.
2019-09-10 07:07:33,765 [SCMBlockDeletingService#1] DEBUG block.SCMBlockDeletingService (SCMBlockDeletingService.java:call(138)) - Running DeletedBlockTransactionScanner
2019-09-10 07:07:33,765 [SCMBlockDeletingService#1] DEBUG block.SCMBlockDeletingService (SCMBlockDeletingService.java:call(155)) - Scanned deleted blocks log and got 0 delTX to process.
2019-09-10 07:07:33,865 [SCMBlockDeletingService#0] DEBUG block.SCMBlockDeletingService (SCMBlockDeletingService.java:call(138)) - Running DeletedBlockTransactionScanner
2019-09-10 07:07:33,865 [SCMBlockDeletingService#0] DEBUG block.SCMBlockDeletingService (SCMBlockDeletingService.java:call(155)) - Scanned deleted blocks log and got 0 delTX to process.
2019-09-10 07:07:33,966 [SCMBlockDeletingService#0] DEBUG block.SCMBlockDeletingService (SCMBlockDeletingService.java:call(138)) - Running DeletedBlockTransactionScanner
2019-09-10 07:07:33,966 [SCMBlockDeletingService#0] DEBUG block.SCMBlockDeletingService (SCMBlockDeletingService.java:call(155)) - Scanned deleted blocks log and got 0 delTX to process.
2019-09-10 07:07:34,066 [SCMBlockDeletingService#0] DEBUG block.SCMBlockDeletingService (SCMBlockDeletingService.java:call(138)) - Running DeletedBlockTransactionScanner
2019-09-10 07:07:34,067 [SCMBlockDeletingService#0] DEBUG block.SCMBlockDeletingService (SCMBlockDeletingService.java:call(155)) - Scanned deleted blocks log and got 0 delTX to process.
2019-09-10 07:07:34,167 [SCMBlockDeletingService#0] DEBUG block.SCMBlockDeletingService (SCMBlockDeletingService.java:call(138)) - Running DeletedBlockTransactionScanner
2019-09-10 07:07:34,167 [SCMBlockDeletingService#0] DEBUG block.SCMBlockDeletingService (SCMBlockDeletingService.java:call(155)) - Scanned deleted blocks log and got 0 delTX to process.
2019-09-10 07:07:34,267 [SCMBlockDeletingService#0] DEBUG block.SCMBlockDeletingService (SCMBlockDeletingService.java:call(138)) - Running DeletedBlockTransactionScanner
2019-09-10 07:07:34,268 [SCMBlockDeletingService#0] DEBUG block.SCMBlockDeletingService (SCMBlockDeletingService.java:call(155)) - Scanned deleted blocks log and got 0 delTX to process.
2019-09-10 07:07:34,368 [SCMBlockDeletingService#0] DEBUG block.SCMBlockDeletingService (SCMBlockDeletingService.java:call(138)) - Running DeletedBlockTransactionScanner
2019-09-10 07:07:34,368 [SCMBlockDeletingService#0] DEBUG block.SCMBlockDeletingService (SCMBlockDeletingService.java:call(155)) - Scanned deleted blocks log and got 0 delTX to process.
2019-09-10 07:07:34,469 [SCMBlockDeletingService#0] DEBUG block.SCMBlockDeletingService (SCMBlockDeletingService.java:call(138)) - Running DeletedBlockTransactionScanner
2019-09-10 07:07:34,469 [SCMBlockDeletingService#0] DEBUG block.SCMBlockDeletingService (SCMBlockDeletingService.java:call(155)) - Scanned deleted blocks log and got 0 delTX to process.
2019-09-10 07:07:34,570 [SCMBlockDeletingService#0] DEBUG block.SCMBlockDeletingService (SCMBlockDeletingService.java:call(138)) - Running DeletedBlockTransactionScanner
2019-09-10 07:07:34,570 [SCMBlockDeletingService#0] DEBUG block.SCMBlockDeletingService (SCMBlockDeletingService.java:call(155)) - Scanned deleted blocks log and got 0 delTX to process.
2019-09-10 07:07:34,670 [SCMBlockDeletingService#0] DEBUG block.SCMBlockDeletingService (SCMBlockDeletingService.java:call(138)) - Running DeletedBlockTransactionScanner
2019-09-10 07:07:34,670 [SCMBlockDeletingService#0] DEBUG block.SCMBlockDeletingService (SCMBlockDeletingService.java:call(155)) - Scanned deleted blocks log and got 0 delTX to process.
2019-09-10 07:07:34,771 [SCMBlockDeletingService#0] DEBUG block.SCMBlockDeletingService (SCMBlockDeletingService.java:call(138)) - Running DeletedBlockTransactionScanner
2019-09-10 07:07:34,771 [SCMBlockDeletingService#0] DEBUG block.SCMBlockDeletingService (SCMBlockDeletingService.java:call(155)) - Scanned deleted blocks log and got 0 delTX to process.
2019-09-10 07:07:34,871 [SCMBlockDeletingService#0] DEBUG block.SCMBlockDeletingService (SCMBlockDeletingService.java:call(138)) - Running DeletedBlockTransactionScanner
2019-09-10 07:07:34,872 [SCMBlockDeletingService#0] DEBUG block.SCMBlockDeletingService (SCMBlockDeletingService.java:call(155)) - Scanned deleted blocks log and got 0 delTX to process.
2019-09-10 07:07:34,972 [SCMBlockDeletingService#0] DEBUG block.SCMBlockDeletingService (SCMBlockDeletingService.java:call(138)) - Running DeletedBlockTransactionScanner
2019-09-10 07:07:34,972 [SCMBlockDeletingService#0] DEBUG block.SCMBlockDeletingService (SCMBlockDeletingService.java:call(155)) - Scanned deleted blocks log and got 0 delTX to process.
2019-09-10 07:07:35,073 [SCMBlockDeletingService#0] DEBUG block.SCMBlockDeletingService (SCMBlockDeletingService.java:call(138)) - Running DeletedBlockTransactionScanner
2019-09-10 07:07:35,073 [SCMBlockDeletingService#0] DEBUG block.SCMBlockDeletingService (SCMBlockDeletingService.java:call(155)) - Scanned deleted blocks log and got 0 delTX to process.
2019-09-10 07:07:35,173 [SCMBlockDeletingService#0] DEBUG block.SCMBlockDeletingService (SCMBlockDeletingService.java:call(138)) - Running DeletedBlockTransactionScanner
2019-09-10 07:07:35,174 [SCMBlockDeletingService#0] DEBUG block.SCMBlockDeletingService (SCMBlockDeletingService.java:call(155)) - Scanned deleted blocks log and got 0 delTX to process.
2019-09-10 07:07:35,274 [SCMBlockDeletingService#0] DEBUG block.SCMBlockDeletingService (SCMBlockDeletingService.java:call(138)) - Running DeletedBlockTransactionScanner
2019-09-10 07:07:35,274 [SCMBlockDeletingService#0] DEBUG block.SCMBlockDeletingService (SCMBlockDeletingService.java:call(155)) - Scanned deleted blocks log and got 0 delTX to process.
2019-09-10 07:07:35,375 [SCMBlockDeletingService#0] DEBUG block.SCMBlockDeletingService (SCMBlockDeletingService.java:call(138)) - Running DeletedBlockTransactionScanner
2019-09-10 07:07:35,375 [SCMBlockDeletingService#0] DEBUG block.SCMBlockDeletingService (SCMBlockDeletingService.java:call(155)) - Scanned deleted blocks log and got 0 delTX to process.
2019-09-10 07:07:35,475 [SCMBlockDeletingService#0] DEBUG block.SCMBlockDeletingService (SCMBlockDeletingService.java:call(138)) - Running DeletedBlockTransactionScanner
2019-09-10 07:07:35,475 [SCMBlockDeletingService#0] DEBUG block.SCMBlockDeletingService (SCMBlockDeletingService.java:call(155)) - Scanned deleted blocks log and got 0 delTX to process.
2019-09-10 07:07:35,576 [SCMBlockDeletingService#1] DEBUG block.SCMBlockDeletingService (SCMBlockDeletingService.java:call(138)) - Running DeletedBlockTransactionScanner
2019-09-10 07:07:35,576 [SCMBlockDeletingService#1] DEBUG block.SCMBlockDeletingService (SCMBlockDeletingService.java:call(155)) - Scanned deleted blocks log and got 0 delTX to process.
2019-09-10 07:07:35,676 [SCMBlockDeletingService#1] DEBUG block.SCMBlockDeletingService (SCMBlockDeletingService.java:call(138)) - Running DeletedBlockTransactionScanner
2019-09-10 07:07:35,677 [SCMBlockDeletingService#1] DEBUG block.SCMBlockDeletingService (SCMBlockDeletingService.java:call(155)) - Scanned deleted blocks log and got 0 delTX to process.
2019-09-10 07:07:35,777 [SCMBlockDeletingService#1] DEBUG block.SCMBlockDeletingService (SCMBlockDeletingService.java:call(138)) - Running DeletedBlockTransactionScanner
2019-09-10 07:07:35,777 [SCMBlockDeletingService#1] DEBUG block.SCMBlockDeletingService (SCMBlockDeletingService.java:call(155)) - Scanned deleted blocks log and got 0 delTX to process.
2019-09-10 07:07:35,877 [SCMBlockDeletingService#1] DEBUG block.SCMBlockDeletingService (SCMBlockDeletingService.java:call(138)) - Running DeletedBlockTransactionScanner
2019-09-10 07:07:35,878 [SCMBlockDeletingService#1] DEBUG block.SCMBlockDeletingService (SCMBlockDeletingService.java:call(155)) - Scanned deleted blocks log and got 0 delTX to process.
2019-09-10 07:07:35,978 [SCMBlockDeletingService#1] DEBUG block.SCMBlockDeletingService (SCMBlockDeletingService.java:call(138)) - Running DeletedBlockTransactionScanner
2019-09-10 07:07:35,978 [SCMBlockDeletingService#1] DEBUG block.SCMBlockDeletingService (SCMBlockDeletingService.java:call(155)) - Scanned deleted blocks log and got 0 delTX to process.
2019-09-10 07:07:36,079 [SCMBlockDeletingService#1] DEBUG block.SCMBlockDeletingService (SCMBlockDeletingService.java:call(138)) - Running DeletedBlockTransactionScanner
2019-09-10 07:07:36,079 [SCMBlockDeletingService#1] DEBUG block.SCMBlockDeletingService (SCMBlockDeletingService.java:call(155)) - Scanned deleted blocks log and got 0 delTX to process.
2019-09-10 07:07:36,179 [SCMBlockDeletingService#1] DEBUG block.SCMBlockDeletingService (SCMBlockDeletingService.java:call(138)) - Running DeletedBlockTransactionScanner
2019-09-10 07:07:36,179 [SCMBlockDeletingService#1] DEBUG block.SCMBlockDeletingService (SCMBlockDeletingService.java:call(155)) - Scanned deleted blocks log and got 0 delTX to process.
2019-09-10 07:07:36,280 [SCMBlockDeletingService#1] DEBUG block.SCMBlockDeletingService (SCMBlockDeletingService.java:call(138)) - Running DeletedBlockTransactionScanner
2019-09-10 07:07:36,280 [SCMBlockDeletingService#1] DEBUG block.SCMBlockDeletingService (SCMBlockDeletingService.java:call(155)) - Scanned deleted blocks log and got 0 delTX to process.
2019-09-10 07:07:36,380 [SCMBlockDeletingService#1] DEBUG block.SCMBlockDeletingService (SCMBlockDeletingService.java:call(138)) - Running DeletedBlockTransactionScanner
2019-09-10 07:07:36,381 [SCMBlockDeletingService#1] DEBUG block.SCMBlockDeletingService (SCMBlockDeletingService.java:call(155)) - Scanned deleted blocks log and got 0 delTX to process.
2019-09-10 07:07:36,481 [SCMBlockDeletingService#1] DEBUG block.SCMBlockDeletingService (SCMBlockDeletingService.java:call(138)) - Running DeletedBlockTransactionScanner
2019-09-10 07:07:36,481 [SCMBlockDeletingService#1] DEBUG block.SCMBlockDeletingService (SCMBlockDeletingService.java:call(155)) - Scanned deleted blocks log and got 0 delTX to process.
2019-09-10 07:07:36,581 [SCMBlockDeletingService#1] DEBUG block.SCMBlockDeletingService (SCMBlockDeletingService.java:call(138)) - Running DeletedBlockTransactionScanner
2019-09-10 07:07:36,582 [SCMBlockDeletingService#1] DEBUG block.SCMBlockDeletingService (SCMBlockDeletingService.java:call(155)) - Scanned deleted blocks log and got 0 delTX to process.
2019-09-10 07:07:36,682 [SCMBlockDeletingService#0] DEBUG block.SCMBlockDeletingService (SCMBlockDeletingService.java:call(138)) - Running DeletedBlockTransactionScanner
2019-09-10 07:07:36,682 [SCMBlockDeletingService#0] DEBUG block.SCMBlockDeletingService (SCMBlockDeletingService.java:call(155)) - Scanned deleted blocks log and got 0 delTX to process.
2019-09-10 07:07:36,783 [SCMBlockDeletingService#0] DEBUG block.SCMBlockDeletingService (SCMBlockDeletingService.java:call(138)) - Running DeletedBlockTransactionScanner
2019-09-10 07:07:36,783 [SCMBlockDeletingService#0] DEBUG block.SCMBlockDeletingService (SCMBlockDeletingService.java:call(155)) - Scanned deleted blocks log and got 0 delTX to process.
2019-09-10 07:07:36,883 [SCMBlockDeletingService#0] DEBUG block.SCMBlockDeletingService (SCMBlockDeletingService.java:call(138)) - Running DeletedBlockTransactionScanner
2019-09-10 07:07:36,883 [SCMBlockDeletingService#0] DEBUG block.SCMBlockDeletingService (SCMBlockDeletingService.java:call(155)) - Scanned deleted blocks log and got 0 delTX to process.
2019-09-10 07:07:36,984 [SCMBlockDeletingService#0] DEBUG block.SCMBlockDeletingService (SCMBlockDeletingService.java:call(138)) - Running DeletedBlockTransactionScanner
2019-09-10 07:07:36,984 [SCMBlockDeletingService#0] DEBUG block.SCMBlockDeletingService (SCMBlockDeletingService.java:call(155)) - Scanned deleted blocks log and got 0 delTX to process.
2019-09-10 07:07:37,084 [SCMBlockDeletingService#0] DEBUG block.SCMBlockDeletingService (SCMBlockDeletingService.java:call(138)) - Running DeletedBlockTransactionScanner
2019-09-10 07:07:37,085 [SCMBlockDeletingService#0] DEBUG block.SCMBlockDeletingService (SCMBlockDeletingService.java:call(155)) - Scanned deleted blocks log and got 0 delTX to process.
2019-09-10 07:07:37,185 [SCMBlockDeletingService#1] DEBUG block.SCMBlockDeletingService (SCMBlockDeletingService.java:call(138)) - Running DeletedBlockTransactionScanner
2019-09-10 07:07:37,186 [SCMBlockDeletingService#1] DEBUG block.SCMBlockDeletingService (SCMBlockDeletingService.java:call(155)) - Scanned deleted blocks log and got 0 delTX to process.
2019-09-10 07:07:37,286 [SCMBlockDeletingService#1] DEBUG block.SCMBlockDeletingService (SCMBlockDeletingService.java:call(138)) - Running DeletedBlockTransactionScanner
2019-09-10 07:07:37,286 [SCMBlockDeletingService#1] DEBUG block.SCMBlockDeletingService (SCMBlockDeletingService.java:call(155)) - Scanned deleted blocks log and got 0 delTX to process.
2019-09-10 07:07:37,387 [SCMBlockDeletingService#1] DEBUG block.SCMBlockDeletingService (SCMBlockDeletingService.java:call(138)) - Running DeletedBlockTransactionScanner
2019-09-10 07:07:37,387 [SCMBlockDeletingService#1] DEBUG block.SCMBlockDeletingService (SCMBlockDeletingService.java:call(155)) - Scanned deleted blocks log and got 0 delTX to process.
2019-09-10 07:07:37,487 [SCMBlockDeletingService#1] DEBUG block.SCMBlockDeletingService (SCMBlockDeletingService.java:call(138)) - Running DeletedBlockTransactionScanner
2019-09-10 07:07:37,487 [SCMBlockDeletingService#1] DEBUG block.SCMBlockDeletingService (SCMBlockDeletingService.java:call(155)) - Scanned deleted blocks log and got 0 delTX to process.
2019-09-10 07:07:37,588 [SCMBlockDeletingService#0] DEBUG block.SCMBlockDeletingService (SCMBlockDeletingService.java:call(138)) - Running DeletedBlockTransactionScanner
2019-09-10 07:07:37,588 [SCMBlockDeletingService#0] DEBUG block.SCMBlockDeletingService (SCMBlockDeletingService.java:call(155)) - Scanned deleted blocks log and got 0 delTX to process.
2019-09-10 07:07:37,688 [SCMBlockDeletingService#0] DEBUG block.SCMBlockDeletingService (SCMBlockDeletingService.java:call(138)) - Running DeletedBlockTransactionScanner
2019-09-10 07:07:37,688 [SCMBlockDeletingService#0] DEBUG block.SCMBlockDeletingService (SCMBlockDeletingService.java:call(155)) - Scanned deleted blocks log and got 0 delTX to process.
2019-09-10 07:07:37,789 [SCMBlockDeletingService#1] DEBUG block.SCMBlockDeletingService (SCMBlockDeletingService.java:call(138)) - Running DeletedBlockTransactionScanner
2019-09-10 07:07:37,789 [SCMBlockDeletingService#1] DEBUG block.SCMBlockDeletingService (SCMBlockDeletingService.java:call(155)) - Scanned deleted blocks log and got 0 delTX to process.
2019-09-10 07:07:37,889 [SCMBlockDeletingService#1] DEBUG block.SCMBlockDeletingService (SCMBlockDeletingService.java:call(138)) - Running DeletedBlockTransactionScanner
2019-09-10 07:07:37,890 [SCMBlockDeletingService#1] DEBUG block.SCMBlockDeletingService (SCMBlockDeletingService.java:call(155)) - Scanned deleted blocks log and got 0 delTX to process.
2019-09-10 07:07:37,990 [SCMBlockDeletingService#1] DEBUG block.SCMBlockDeletingService (SCMBlockDeletingService.java:call(138)) - Running DeletedBlockTransactionScanner
2019-09-10 07:07:37,990 [SCMBlockDeletingService#1] DEBUG block.SCMBlockDeletingService (SCMBlockDeletingService.java:call(155)) - Scanned deleted blocks log and got 0 delTX to process.
2019-09-10 07:07:38,091 [SCMBlockDeletingService#1] DEBUG block.SCMBlockDeletingService (SCMBlockDeletingService.java:call(138)) - Running DeletedBlockTransactionScanner
2019-09-10 07:07:38,091 [SCMBlockDeletingService#1] DEBUG block.SCMBlockDeletingService (SCMBlockDeletingService.java:call(155)) - Scanned deleted blocks log and got 0 delTX to process.
2019-09-10 07:07:38,191 [SCMBlockDeletingService#1] DEBUG block.SCMBlockDeletingService (SCMBlockDeletingService.java:call(138)) - Running DeletedBlockTransactionScanner
2019-09-10 07:07:38,191 [SCMBlockDeletingService#1] DEBUG block.SCMBlockDeletingService (SCMBlockDeletingService.java:call(155)) - Scanned deleted blocks log and got 0 delTX to process.
2019-09-10 07:07:38,292 [SCMBlockDeletingService#0] DEBUG block.SCMBlockDeletingService (SCMBlockDeletingService.java:call(138)) - Running DeletedBlockTransactionScanner
2019-09-10 07:07:38,292 [SCMBlockDeletingService#0] DEBUG block.SCMBlockDeletingService (SCMBlockDeletingService.java:call(155)) - Scanned deleted blocks log and got 0 delTX to process.
2019-09-10 07:07:38,392 [SCMBlockDeletingService#0] DEBUG block.SCMBlockDeletingService (SCMBlockDeletingService.java:call(138)) - Running DeletedBlockTransactionScanner
2019-09-10 07:07:38,392 [SCMBlockDeletingService#0] DEBUG block.SCMBlockDeletingService (SCMBlockDeletingService.java:call(155)) - Scanned deleted blocks log and got 0 delTX to process.
2019-09-10 07:07:38,493 [SCMBlockDeletingService#0] DEBUG block.SCMBlockDeletingService (SCMBlockDeletingService.java:call(138)) - Running DeletedBlockTransactionScanner
2019-09-10 07:07:38,493 [SCMBlockDeletingService#0] DEBUG block.SCMBlockDeletingService (SCMBlockDeletingService.java:call(155)) - Scanned deleted blocks log and got 0 delTX to process.
2019-09-10 07:07:38,593 [SCMBlockDeletingService#0] DEBUG block.SCMBlockDeletingService (SCMBlockDeletingService.java:call(138)) - Running DeletedBlockTransactionScanner
2019-09-10 07:07:38,594 [SCMBlockDeletingService#0] DEBUG block.SCMBlockDeletingService (SCMBlockDeletingService.java:call(155)) - Scanned deleted blocks log and got 0 delTX to process.
2019-09-10 07:07:38,694 [SCMBlockDeletingService#1] DEBUG block.SCMBlockDeletingService (SCMBlockDeletingService.java:call(138)) - Running DeletedBlockTransactionScanner
2019-09-10 07:07:38,694 [SCMBlockDeletingService#1] DEBUG block.SCMBlockDeletingService (SCMBlockDeletingService.java:call(155)) - Scanned deleted blocks log and got 0 delTX to process.
2019-09-10 07:07:38,794 [SCMBlockDeletingService#0] DEBUG block.SCMBlockDeletingService (SCMBlockDeletingService.java:call(138)) - Running DeletedBlockTransactionScanner
2019-09-10 07:07:38,794 [SCMBlockDeletingService#0] DEBUG block.SCMBlockDeletingService (SCMBlockDeletingService.java:call(155)) - Scanned deleted blocks log and got 0 delTX to process.
2019-09-10 07:07:38,895 [SCMBlockDeletingService#0] DEBUG block.SCMBlockDeletingService (SCMBlockDeletingService.java:call(138)) - Running DeletedBlockTransactionScanner
2019-09-10 07:07:38,895 [SCMBlockDeletingService#0] DEBUG block.SCMBlockDeletingService (SCMBlockDeletingService.java:call(155)) - Scanned deleted blocks log and got 0 delTX to process.
2019-09-10 07:07:38,995 [SCMBlockDeletingService#0] DEBUG block.SCMBlockDeletingService (SCMBlockDeletingService.java:call(138)) - Running DeletedBlockTransactionScanner
2019-09-10 07:07:38,995 [SCMBlockDeletingService#0] DEBUG block.SCMBlockDeletingService (SCMBlockDeletingService.java:call(155)) - Scanned deleted blocks log and got 0 delTX to process.
2019-09-10 07:07:39,096 [SCMBlockDeletingService#0] DEBUG block.SCMBlockDeletingService (SCMBlockDeletingService.java:call(138)) - Running DeletedBlockTransactionScanner
2019-09-10 07:07:39,096 [SCMBlockDeletingService#0] DEBUG block.SCMBlockDeletingService (SCMBlockDeletingService.java:call(155)) - Scanned deleted blocks log and got 0 delTX to process.
2019-09-10 07:07:39,196 [SCMBlockDeletingService#0] DEBUG block.SCMBlockDeletingService (SCMBlockDeletingService.java:call(138)) - Running DeletedBlockTransactionScanner
2019-09-10 07:07:39,197 [SCMBlockDeletingService#0] DEBUG block.SCMBlockDeletingService (SCMBlockDeletingService.java:call(155)) - Scanned deleted blocks log and got 0 delTX to process.
2019-09-10 07:07:39,297 [SCMBlockDeletingService#0] DEBUG block.SCMBlockDeletingService (SCMBlockDeletingService.java:call(138)) - Running DeletedBlockTransactionScanner
2019-09-10 07:07:39,297 [SCMBlockDeletingService#0] DEBUG block.SCMBlockDeletingService (SCMBlockDeletingService.java:call(155)) - Scanned deleted blocks log and got 0 delTX to process.
2019-09-10 07:07:39,398 [SCMBlockDeletingService#0] DEBUG block.SCMBlockDeletingService (SCMBlockDeletingService.java:call(138)) - Running DeletedBlockTransactionScanner
2019-09-10 07:07:39,398 [SCMBlockDeletingService#0] DEBUG block.SCMBlockDeletingService (SCMBlockDeletingService.java:call(155)) - Scanned deleted blocks log and got 0 delTX to process.
2019-09-10 07:07:39,498 [SCMBlockDeletingService#0] DEBUG block.SCMBlockDeletingService (SCMBlockDeletingService.java:call(138)) - Running DeletedBlockTransactionScanner
2019-09-10 07:07:39,498 [SCMBlockDeletingService#0] DEBUG block.SCMBlockDeletingService (SCMBlockDeletingService.java:call(155)) - Scanned deleted blocks log and got 0 delTX to process.
2019-09-10 07:07:39,599 [SCMBlockDeletingService#1] DEBUG block.SCMBlockDeletingService (SCMBlockDeletingService.java:call(138)) - Running DeletedBlockTransactionScanner
2019-09-10 07:07:39,599 [SCMBlockDeletingService#1] DEBUG block.SCMBlockDeletingService (SCMBlockDeletingService.java:call(155)) - Scanned deleted blocks log and got 0 delTX to process.
2019-09-10 07:07:39,699 [SCMBlockDeletingService#1] DEBUG block.SCMBlockDeletingService (SCMBlockDeletingService.java:call(138)) - Running DeletedBlockTransactionScanner
2019-09-10 07:07:39,699 [SCMBlockDeletingService#1] DEBUG block.SCMBlockDeletingService (SCMBlockDeletingService.java:call(155)) - Scanned deleted blocks log and got 0 delTX to process.
2019-09-10 07:07:39,800 [SCMBlockDeletingService#1] DEBUG block.SCMBlockDeletingService (SCMBlockDeletingService.java:call(138)) - Running DeletedBlockTransactionScanner
2019-09-10 07:07:39,800 [SCMBlockDeletingService#1] DEBUG block.SCMBlockDeletingService (SCMBlockDeletingService.java:call(155)) - Scanned deleted blocks log and got 0 delTX to process.
2019-09-10 07:07:39,901 [SCMBlockDeletingService#1] DEBUG block.SCMBlockDeletingService (SCMBlockDeletingService.java:call(138)) - Running DeletedBlockTransactionScanner
2019-09-10 07:07:39,901 [SCMBlockDeletingService#1] DEBUG block.SCMBlockDeletingService (SCMBlockDeletingService.java:call(155)) - Scanned deleted blocks log and got 0 delTX to process.
2019-09-10 07:07:40,001 [SCMBlockDeletingService#1] DEBUG block.SCMBlockDeletingService (SCMBlockDeletingService.java:call(138)) - Running DeletedBlockTransactionScanner
2019-09-10 07:07:40,002 [SCMBlockDeletingService#1] DEBUG block.SCMBlockDeletingService (SCMBlockDeletingService.java:call(155)) - Scanned deleted blocks log and got 0 delTX to process.
2019-09-10 07:07:40,102 [SCMBlockDeletingService#1] DEBUG block.SCMBlockDeletingService (SCMBlockDeletingService.java:call(138)) - Running DeletedBlockTransactionScanner
2019-09-10 07:07:40,102 [SCMBlockDeletingService#1] DEBUG block.SCMBlockDeletingService (SCMBlockDeletingService.java:call(155)) - Scanned deleted blocks log and got 0 delTX to process.
2019-09-10 07:07:40,203 [SCMBlockDeletingService#1] DEBUG block.SCMBlockDeletingService (SCMBlockDeletingService.java:call(138)) - Running DeletedBlockTransactionScanner
2019-09-10 07:07:40,203 [SCMBlockDeletingService#1] DEBUG block.SCMBlockDeletingService (SCMBlockDeletingService.java:call(155)) - Scanned deleted blocks log and got 0 delTX to process.
2019-09-10 07:07:40,303 [SCMBlockDeletingService#1] DEBUG block.SCMBlockDeletingService (SCMBlockDeletingService.java:call(138)) - Running DeletedBlockTransactionScanner
2019-09-10 07:07:40,303 [SCMBlockDeletingService#1] DEBUG block.SCMBlockDeletingService (SCMBlockDeletingService.java:call(155)) - Scanned deleted blocks log and got 0 delTX to process.
2019-09-10 07:07:40,404 [SCMBlockDeletingService#1] DEBUG block.SCMBlockDeletingService (SCMBlockDeletingService.java:call(138)) - Running DeletedBlockTransactionScanner
2019-09-10 07:07:40,404 [SCMBlockDeletingService#1] DEBUG block.SCMBlockDeletingService (SCMBlockDeletingService.java:call(155)) - Scanned deleted blocks log and got 0 delTX to process.
2019-09-10 07:07:40,505 [SCMBlockDeletingService#1] DEBUG block.SCMBlockDeletingService (SCMBlockDeletingService.java:call(138)) - Running DeletedBlockTransactionScanner
2019-09-10 07:07:40,505 [SCMBlockDeletingService#1] DEBUG block.SCMBlockDeletingService (SCMBlockDeletingService.java:call(155)) - Scanned deleted blocks log and got 0 delTX to process.
2019-09-10 07:07:40,605 [SCMBlockDeletingService#1] DEBUG block.SCMBlockDeletingService (SCMBlockDeletingService.java:call(138)) - Running DeletedBlockTransactionScanner
2019-09-10 07:07:40,605 [SCMBlockDeletingService#1] DEBUG block.SCMBlockDeletingService (SCMBlockDeletingService.java:call(155)) - Scanned deleted blocks log and got 0 delTX to process.
2019-09-10 07:07:40,706 [SCMBlockDeletingService#1] DEBUG block.SCMBlockDeletingService (SCMBlockDeletingService.java:call(138)) - Running DeletedBlockTransactionScanner
2019-09-10 07:07:40,706 [SCMBlockDeletingService#1] DEBUG block.SCMBlockDeletingService (SCMBlockDeletingService.java:call(155)) - Scanned deleted blocks log and got 0 delTX to process.
2019-09-10 07:07:40,806 [SCMBlockDeletingService#1] DEBUG block.SCMBlockDeletingService (SCMBlockDeletingService.java:call(138)) - Running DeletedBlockTransactionScanner
2019-09-10 07:07:40,807 [SCMBlockDeletingService#1] DEBUG block.SCMBlockDeletingService (SCMBlockDeletingService.java:call(155)) - Scanned deleted blocks log and got 0 delTX to process.
2019-09-10 07:07:40,907 [SCMBlockDeletingService#1] DEBUG block.SCMBlockDeletingService (SCMBlockDeletingService.java:call(138)) - Running DeletedBlockTransactionScanner
2019-09-10 07:07:40,907 [SCMBlockDeletingService#1] DEBUG block.SCMBlockDeletingService (SCMBlockDeletingService.java:call(155)) - Scanned deleted blocks log and got 0 delTX to process.
2019-09-10 07:07:41,007 [SCMBlockDeletingService#1] DEBUG block.SCMBlockDeletingService (SCMBlockDeletingService.java:call(138)) - Running DeletedBlockTransactionScanner
2019-09-10 07:07:41,008 [SCMBlockDeletingService#1] DEBUG block.SCMBlockDeletingService (SCMBlockDeletingService.java:call(155)) - Scanned deleted blocks log and got 0 delTX to process.
2019-09-10 07:07:41,109 [SCMBlockDeletingService#1] DEBUG block.SCMBlockDeletingService (SCMBlockDeletingService.java:call(138)) - Running DeletedBlockTransactionScanner
2019-09-10 07:07:41,109 [SCMBlockDeletingService#1] DEBUG block.SCMBlockDeletingService (SCMBlockDeletingService.java:call(155)) - Scanned deleted blocks log and got 0 delTX to process.
2019-09-10 07:07:41,209 [SCMBlockDeletingService#1] DEBUG block.SCMBlockDeletingService (SCMBlockDeletingService.java:call(138)) - Running DeletedBlockTransactionScanner
2019-09-10 07:07:41,209 [SCMBlockDeletingService#1] DEBUG block.SCMBlockDeletingService (SCMBlockDeletingService.java:call(155)) - Scanned deleted blocks log and got 0 delTX to process.
2019-09-10 07:07:41,310 [SCMBlockDeletingService#0] DEBUG block.SCMBlockDeletingService (SCMBlockDeletingService.java:call(138)) - Running DeletedBlockTransactionScanner
2019-09-10 07:07:41,310 [SCMBlockDeletingService#0] DEBUG block.SCMBlockDeletingService (SCMBlockDeletingService.java:call(155)) - Scanned deleted blocks log and got 0 delTX to process.
2019-09-10 07:07:41,411 [SCMBlockDeletingService#0] DEBUG block.SCMBlockDeletingService (SCMBlockDeletingService.java:call(138)) - Running DeletedBlockTransactionScanner
2019-09-10 07:07:41,411 [SCMBlockDeletingService#0] DEBUG block.SCMBlockDeletingService (SCMBlockDeletingService.java:call(155)) - Scanned deleted blocks log and got 0 delTX to process.
2019-09-10 07:07:41,511 [SCMBlockDeletingService#0] DEBUG block.SCMBlockDeletingService (SCMBlockDeletingService.java:call(138)) - Running DeletedBlockTransactionScanner
2019-09-10 07:07:41,511 [SCMBlockDeletingService#0] DEBUG block.SCMBlockDeletingService (SCMBlockDeletingService.java:call(155)) - Scanned deleted blocks log and got 0 delTX to process.
2019-09-10 07:07:41,612 [SCMBlockDeletingService#0] DEBUG block.SCMBlockDeletingService (SCMBlockDeletingService.java:call(138)) - Running DeletedBlockTransactionScanner
2019-09-10 07:07:41,612 [SCMBlockDeletingService#0] DEBUG block.SCMBlockDeletingService (SCMBlockDeletingService.java:call(155)) - Scanned deleted blocks log and got 0 delTX to process.
2019-09-10 07:07:41,712 [SCMBlockDeletingService#0] DEBUG block.SCMBlockDeletingService (SCMBlockDeletingService.java:call(138)) - Running DeletedBlockTransactionScanner
2019-09-10 07:07:41,713 [SCMBlockDeletingService#0] DEBUG block.SCMBlockDeletingService (SCMBlockDeletingService.java:call(155)) - Scanned deleted blocks log and got 0 delTX to process.
2019-09-10 07:07:41,813 [SCMBlockDeletingService#0] DEBUG block.SCMBlockDeletingService (SCMBlockDeletingService.java:call(138)) - Running DeletedBlockTransactionScanner
2019-09-10 07:07:41,813 [SCMBlockDeletingService#0] DEBUG block.SCMBlockDeletingService (SCMBlockDeletingService.java:call(155)) - Scanned deleted blocks log and got 0 delTX to process.
2019-09-10 07:07:41,914 [SCMBlockDeletingService#0] DEBUG block.SCMBlockDeletingService (SCMBlockDeletingService.java:call(138)) - Running DeletedBlockTransactionScanner
2019-09-10 07:07:41,914 [SCMBlockDeletingService#0] DEBUG block.SCMBlockDeletingService (SCMBlockDeletingService.java:call(155)) - Scanned deleted blocks log and got 0 delTX to process.
2019-09-10 07:07:42,014 [SCMBlockDeletingService#0] DEBUG block.SCMBlockDeletingService (SCMBlockDeletingService.java:call(138)) - Running DeletedBlockTransactionScanner
2019-09-10 07:07:42,015 [SCMBlockDeletingService#0] DEBUG block.SCMBlockDeletingService (SCMBlockDeletingService.java:call(155)) - Scanned deleted blocks log and got 0 delTX to process.
2019-09-10 07:07:42,100 [05f13708-5e6e-4ea1-a525-a3c8f7f54426@group-34B10843FE54-SegmentedRaftLogWorker] WARN  segmented.SegmentedRaftLogWorker (SegmentedRaftLogWorker.java:getFromFuture(90)) - Timeout 26/~
org.apache.ratis.protocol.TimeoutIOException: Timeout 10s: WriteLog:16: (t:1, i:16), STATEMACHINELOGENTRY, client-7F424F215E90, cid=11-writeStateMachineData
	at org.apache.ratis.util.IOUtils.getFromFuture(IOUtils.java:87)
	at org.apache.ratis.server.raftlog.segmented.SegmentedRaftLogWorker$StateMachineDataPolicy.getFromFuture(SegmentedRaftLogWorker.java:87)
	at org.apache.ratis.server.raftlog.segmented.SegmentedRaftLogWorker$WriteLog.execute(SegmentedRaftLogWorker.java:477)
	at org.apache.ratis.server.raftlog.segmented.SegmentedRaftLogWorker.run(SegmentedRaftLogWorker.java:289)
	at java.lang.Thread.run(Thread.java:748)
Caused by: java.util.concurrent.TimeoutException
	at java.util.concurrent.CompletableFuture.timedGet(CompletableFuture.java:1771)
	at java.util.concurrent.CompletableFuture.get(CompletableFuture.java:1915)
	at org.apache.ratis.util.IOUtils.getFromFuture(IOUtils.java:79)
	... 4 more
2019-09-10 07:07:42,115 [SCMBlockDeletingService#0] DEBUG block.SCMBlockDeletingService (SCMBlockDeletingService.java:call(138)) - Running DeletedBlockTransactionScanner
2019-09-10 07:07:42,115 [SCMBlockDeletingService#0] DEBUG block.SCMBlockDeletingService (SCMBlockDeletingService.java:call(155)) - Scanned deleted blocks log and got 0 delTX to process.
2019-09-10 07:07:42,216 [SCMBlockDeletingService#0] DEBUG block.SCMBlockDeletingService (SCMBlockDeletingService.java:call(138)) - Running DeletedBlockTransactionScanner
2019-09-10 07:07:42,216 [SCMBlockDeletingService#0] DEBUG block.SCMBlockDeletingService (SCMBlockDeletingService.java:call(155)) - Scanned deleted blocks log and got 0 delTX to process.
2019-09-10 07:07:42,316 [SCMBlockDeletingService#0] DEBUG block.SCMBlockDeletingService (SCMBlockDeletingService.java:call(138)) - Running DeletedBlockTransactionScanner
2019-09-10 07:07:42,316 [SCMBlockDeletingService#0] DEBUG block.SCMBlockDeletingService (SCMBlockDeletingService.java:call(155)) - Scanned deleted blocks log and got 0 delTX to process.
2019-09-10 07:07:42,417 [SCMBlockDeletingService#0] DEBUG block.SCMBlockDeletingService (SCMBlockDeletingService.java:call(138)) - Running DeletedBlockTransactionScanner
2019-09-10 07:07:42,417 [SCMBlockDeletingService#0] DEBUG block.SCMBlockDeletingService (SCMBlockDeletingService.java:call(155)) - Scanned deleted blocks log and got 0 delTX to process.
2019-09-10 07:07:42,517 [SCMBlockDeletingService#0] DEBUG block.SCMBlockDeletingService (SCMBlockDeletingService.java:call(138)) - Running DeletedBlockTransactionScanner
2019-09-10 07:07:42,517 [SCMBlockDeletingService#0] DEBUG block.SCMBlockDeletingService (SCMBlockDeletingService.java:call(155)) - Scanned deleted blocks log and got 0 delTX to process.
2019-09-10 07:07:42,618 [SCMBlockDeletingService#0] DEBUG block.SCMBlockDeletingService (SCMBlockDeletingService.java:call(138)) - Running DeletedBlockTransactionScanner
2019-09-10 07:07:42,618 [SCMBlockDeletingService#0] DEBUG block.SCMBlockDeletingService (SCMBlockDeletingService.java:call(155)) - Scanned deleted blocks log and got 0 delTX to process.
2019-09-10 07:07:42,718 [SCMBlockDeletingService#0] DEBUG block.SCMBlockDeletingService (SCMBlockDeletingService.java:call(138)) - Running DeletedBlockTransactionScanner
2019-09-10 07:07:42,719 [SCMBlockDeletingService#0] DEBUG block.SCMBlockDeletingService (SCMBlockDeletingService.java:call(155)) - Scanned deleted blocks log and got 0 delTX to process.
2019-09-10 07:07:42,819 [SCMBlockDeletingService#0] DEBUG block.SCMBlockDeletingService (SCMBlockDeletingService.java:call(138)) - Running DeletedBlockTransactionScanner
2019-09-10 07:07:42,819 [SCMBlockDeletingService#0] DEBUG block.SCMBlockDeletingService (SCMBlockDeletingService.java:call(155)) - Scanned deleted blocks log and got 0 delTX to process.
2019-09-10 07:07:42,920 [SCMBlockDeletingService#0] DEBUG block.SCMBlockDeletingService (SCMBlockDeletingService.java:call(138)) - Running DeletedBlockTransactionScanner
2019-09-10 07:07:42,920 [SCMBlockDeletingService#0] DEBUG block.SCMBlockDeletingService (SCMBlockDeletingService.java:call(155)) - Scanned deleted blocks log and got 0 delTX to process.
2019-09-10 07:07:43,020 [SCMBlockDeletingService#0] DEBUG block.SCMBlockDeletingService (SCMBlockDeletingService.java:call(138)) - Running DeletedBlockTransactionScanner
2019-09-10 07:07:43,020 [SCMBlockDeletingService#0] DEBUG block.SCMBlockDeletingService (SCMBlockDeletingService.java:call(155)) - Scanned deleted blocks log and got 0 delTX to process.
2019-09-10 07:07:43,121 [SCMBlockDeletingService#0] DEBUG block.SCMBlockDeletingService (SCMBlockDeletingService.java:call(138)) - Running DeletedBlockTransactionScanner
2019-09-10 07:07:43,121 [SCMBlockDeletingService#0] DEBUG block.SCMBlockDeletingService (SCMBlockDeletingService.java:call(155)) - Scanned deleted blocks log and got 0 delTX to process.
2019-09-10 07:07:43,221 [SCMBlockDeletingService#0] DEBUG block.SCMBlockDeletingService (SCMBlockDeletingService.java:call(138)) - Running DeletedBlockTransactionScanner
2019-09-10 07:07:43,222 [SCMBlockDeletingService#0] DEBUG block.SCMBlockDeletingService (SCMBlockDeletingService.java:call(155)) - Scanned deleted blocks log and got 0 delTX to process.
2019-09-10 07:07:43,322 [SCMBlockDeletingService#0] DEBUG block.SCMBlockDeletingService (SCMBlockDeletingService.java:call(138)) - Running DeletedBlockTransactionScanner
2019-09-10 07:07:43,323 [SCMBlockDeletingService#0] DEBUG block.SCMBlockDeletingService (SCMBlockDeletingService.java:call(155)) - Scanned deleted blocks log and got 0 delTX to process.
2019-09-10 07:07:43,423 [SCMBlockDeletingService#0] DEBUG block.SCMBlockDeletingService (SCMBlockDeletingService.java:call(138)) - Running DeletedBlockTransactionScanner
2019-09-10 07:07:43,423 [SCMBlockDeletingService#0] DEBUG block.SCMBlockDeletingService (SCMBlockDeletingService.java:call(155)) - Scanned deleted blocks log and got 0 delTX to process.
2019-09-10 07:07:43,523 [SCMBlockDeletingService#0] DEBUG block.SCMBlockDeletingService (SCMBlockDeletingService.java:call(138)) - Running DeletedBlockTransactionScanner
2019-09-10 07:07:43,524 [SCMBlockDeletingService#0] DEBUG block.SCMBlockDeletingService (SCMBlockDeletingService.java:call(155)) - Scanned deleted blocks log and got 0 delTX to process.
2019-09-10 07:07:43,624 [SCMBlockDeletingService#0] DEBUG block.SCMBlockDeletingService (SCMBlockDeletingService.java:call(138)) - Running DeletedBlockTransactionScanner
2019-09-10 07:07:43,625 [SCMBlockDeletingService#0] DEBUG block.SCMBlockDeletingService (SCMBlockDeletingService.java:call(155)) - Scanned deleted blocks log and got 0 delTX to process.
2019-09-10 07:07:43,725 [SCMBlockDeletingService#0] DEBUG block.SCMBlockDeletingService (SCMBlockDeletingService.java:call(138)) - Running DeletedBlockTransactionScanner
2019-09-10 07:07:43,725 [SCMBlockDeletingService#0] DEBUG block.SCMBlockDeletingService (SCMBlockDeletingService.java:call(155)) - Scanned deleted blocks log and got 0 delTX to process.
2019-09-10 07:07:43,826 [SCMBlockDeletingService#0] DEBUG block.SCMBlockDeletingService (SCMBlockDeletingService.java:call(138)) - Running DeletedBlockTransactionScanner
2019-09-10 07:07:43,826 [SCMBlockDeletingService#0] DEBUG block.SCMBlockDeletingService (SCMBlockDeletingService.java:call(155)) - Scanned deleted blocks log and got 0 delTX to process.
2019-09-10 07:07:43,926 [SCMBlockDeletingService#0] DEBUG block.SCMBlockDeletingService (SCMBlockDeletingService.java:call(138)) - Running DeletedBlockTransactionScanner
2019-09-10 07:07:43,927 [SCMBlockDeletingService#0] DEBUG block.SCMBlockDeletingService (SCMBlockDeletingService.java:call(155)) - Scanned deleted blocks log and got 0 delTX to process.
2019-09-10 07:07:44,027 [SCMBlockDeletingService#0] DEBUG block.SCMBlockDeletingService (SCMBlockDeletingService.java:call(138)) - Running DeletedBlockTransactionScanner
2019-09-10 07:07:44,027 [SCMBlockDeletingService#0] DEBUG block.SCMBlockDeletingService (SCMBlockDeletingService.java:call(155)) - Scanned deleted blocks log and got 0 delTX to process.
2019-09-10 07:07:44,127 [SCMBlockDeletingService#0] DEBUG block.SCMBlockDeletingService (SCMBlockDeletingService.java:call(138)) - Running DeletedBlockTransactionScanner
2019-09-10 07:07:44,128 [SCMBlockDeletingService#0] DEBUG block.SCMBlockDeletingService (SCMBlockDeletingService.java:call(155)) - Scanned deleted blocks log and got 0 delTX to process.
2019-09-10 07:07:44,228 [SCMBlockDeletingService#0] DEBUG block.SCMBlockDeletingService (SCMBlockDeletingService.java:call(138)) - Running DeletedBlockTransactionScanner
2019-09-10 07:07:44,228 [SCMBlockDeletingService#0] DEBUG block.SCMBlockDeletingService (SCMBlockDeletingService.java:call(155)) - Scanned deleted blocks log and got 0 delTX to process.
2019-09-10 07:07:44,329 [SCMBlockDeletingService#0] DEBUG block.SCMBlockDeletingService (SCMBlockDeletingService.java:call(138)) - Running DeletedBlockTransactionScanner
2019-09-10 07:07:44,329 [SCMBlockDeletingService#0] DEBUG block.SCMBlockDeletingService (SCMBlockDeletingService.java:call(155)) - Scanned deleted blocks log and got 0 delTX to process.
2019-09-10 07:07:44,429 [SCMBlockDeletingService#0] DEBUG block.SCMBlockDeletingService (SCMBlockDeletingService.java:call(138)) - Running DeletedBlockTransactionScanner
2019-09-10 07:07:44,429 [SCMBlockDeletingService#0] DEBUG block.SCMBlockDeletingService (SCMBlockDeletingService.java:call(155)) - Scanned deleted blocks log and got 0 delTX to process.
2019-09-10 07:07:44,530 [SCMBlockDeletingService#0] DEBUG block.SCMBlockDeletingService (SCMBlockDeletingService.java:call(138)) - Running DeletedBlockTransactionScanner
2019-09-10 07:07:44,530 [SCMBlockDeletingService#0] DEBUG block.SCMBlockDeletingService (SCMBlockDeletingService.java:call(155)) - Scanned deleted blocks log and got 0 delTX to process.
2019-09-10 07:07:44,631 [SCMBlockDeletingService#0] DEBUG block.SCMBlockDeletingService (SCMBlockDeletingService.java:call(138)) - Running DeletedBlockTransactionScanner
2019-09-10 07:07:44,631 [SCMBlockDeletingService#0] DEBUG block.SCMBlockDeletingService (SCMBlockDeletingService.java:call(155)) - Scanned deleted blocks log and got 0 delTX to process.
2019-09-10 07:07:44,732 [SCMBlockDeletingService#0] DEBUG block.SCMBlockDeletingService (SCMBlockDeletingService.java:call(138)) - Running DeletedBlockTransactionScanner
2019-09-10 07:07:44,732 [SCMBlockDeletingService#0] DEBUG block.SCMBlockDeletingService (SCMBlockDeletingService.java:call(155)) - Scanned deleted blocks log and got 0 delTX to process.
2019-09-10 07:07:44,832 [SCMBlockDeletingService#0] DEBUG block.SCMBlockDeletingService (SCMBlockDeletingService.java:call(138)) - Running DeletedBlockTransactionScanner
2019-09-10 07:07:44,832 [SCMBlockDeletingService#0] DEBUG block.SCMBlockDeletingService (SCMBlockDeletingService.java:call(155)) - Scanned deleted blocks log and got 0 delTX to process.
2019-09-10 07:07:44,933 [SCMBlockDeletingService#0] DEBUG block.SCMBlockDeletingService (SCMBlockDeletingService.java:call(138)) - Running DeletedBlockTransactionScanner
2019-09-10 07:07:44,933 [SCMBlockDeletingService#0] DEBUG block.SCMBlockDeletingService (SCMBlockDeletingService.java:call(155)) - Scanned deleted blocks log and got 0 delTX to process.
2019-09-10 07:07:45,033 [SCMBlockDeletingService#0] DEBUG block.SCMBlockDeletingService (SCMBlockDeletingService.java:call(138)) - Running DeletedBlockTransactionScanner
2019-09-10 07:07:45,033 [SCMBlockDeletingService#0] DEBUG block.SCMBlockDeletingService (SCMBlockDeletingService.java:call(155)) - Scanned deleted blocks log and got 0 delTX to process.
2019-09-10 07:07:45,134 [SCMBlockDeletingService#0] DEBUG block.SCMBlockDeletingService (SCMBlockDeletingService.java:call(138)) - Running DeletedBlockTransactionScanner
2019-09-10 07:07:45,134 [SCMBlockDeletingService#0] DEBUG block.SCMBlockDeletingService (SCMBlockDeletingService.java:call(155)) - Scanned deleted blocks log and got 0 delTX to process.
2019-09-10 07:07:45,234 [SCMBlockDeletingService#0] DEBUG block.SCMBlockDeletingService (SCMBlockDeletingService.java:call(138)) - Running DeletedBlockTransactionScanner
2019-09-10 07:07:45,235 [SCMBlockDeletingService#0] DEBUG block.SCMBlockDeletingService (SCMBlockDeletingService.java:call(155)) - Scanned deleted blocks log and got 0 delTX to process.
2019-09-10 07:07:45,335 [SCMBlockDeletingService#0] DEBUG block.SCMBlockDeletingService (SCMBlockDeletingService.java:call(138)) - Running DeletedBlockTransactionScanner
2019-09-10 07:07:45,336 [SCMBlockDeletingService#0] DEBUG block.SCMBlockDeletingService (SCMBlockDeletingService.java:call(155)) - Scanned deleted blocks log and got 0 delTX to process.
2019-09-10 07:07:45,436 [SCMBlockDeletingService#0] DEBUG block.SCMBlockDeletingService (SCMBlockDeletingService.java:call(138)) - Running DeletedBlockTransactionScanner
2019-09-10 07:07:45,437 [SCMBlockDeletingService#0] DEBUG block.SCMBlockDeletingService (SCMBlockDeletingService.java:call(155)) - Scanned deleted blocks log and got 0 delTX to process.
2019-09-10 07:07:45,537 [SCMBlockDeletingService#0] DEBUG block.SCMBlockDeletingService (SCMBlockDeletingService.java:call(138)) - Running DeletedBlockTransactionScanner
2019-09-10 07:07:45,537 [SCMBlockDeletingService#0] DEBUG block.SCMBlockDeletingService (SCMBlockDeletingService.java:call(155)) - Scanned deleted blocks log and got 0 delTX to process.
2019-09-10 07:07:45,638 [SCMBlockDeletingService#0] DEBUG block.SCMBlockDeletingService (SCMBlockDeletingService.java:call(138)) - Running DeletedBlockTransactionScanner
2019-09-10 07:07:45,638 [SCMBlockDeletingService#0] DEBUG block.SCMBlockDeletingService (SCMBlockDeletingService.java:call(155)) - Scanned deleted blocks log and got 0 delTX to process.
2019-09-10 07:07:45,738 [SCMBlockDeletingService#0] DEBUG block.SCMBlockDeletingService (SCMBlockDeletingService.java:call(138)) - Running DeletedBlockTransactionScanner
2019-09-10 07:07:45,738 [SCMBlockDeletingService#0] DEBUG block.SCMBlockDeletingService (SCMBlockDeletingService.java:call(155)) - Scanned deleted blocks log and got 0 delTX to process.
2019-09-10 07:07:45,839 [SCMBlockDeletingService#0] DEBUG block.SCMBlockDeletingService (SCMBlockDeletingService.java:call(138)) - Running DeletedBlockTransactionScanner
2019-09-10 07:07:45,839 [SCMBlockDeletingService#0] DEBUG block.SCMBlockDeletingService (SCMBlockDeletingService.java:call(155)) - Scanned deleted blocks log and got 0 delTX to process.
2019-09-10 07:07:45,939 [SCMBlockDeletingService#0] DEBUG block.SCMBlockDeletingService (SCMBlockDeletingService.java:call(138)) - Running DeletedBlockTransactionScanner
2019-09-10 07:07:45,939 [SCMBlockDeletingService#0] DEBUG block.SCMBlockDeletingService (SCMBlockDeletingService.java:call(155)) - Scanned deleted blocks log and got 0 delTX to process.
2019-09-10 07:07:46,040 [SCMBlockDeletingService#0] DEBUG block.SCMBlockDeletingService (SCMBlockDeletingService.java:call(138)) - Running DeletedBlockTransactionScanner
2019-09-10 07:07:46,040 [SCMBlockDeletingService#0] DEBUG block.SCMBlockDeletingService (SCMBlockDeletingService.java:call(155)) - Scanned deleted blocks log and got 0 delTX to process.
2019-09-10 07:07:46,140 [SCMBlockDeletingService#0] DEBUG block.SCMBlockDeletingService (SCMBlockDeletingService.java:call(138)) - Running DeletedBlockTransactionScanner
2019-09-10 07:07:46,141 [SCMBlockDeletingService#0] DEBUG block.SCMBlockDeletingService (SCMBlockDeletingService.java:call(155)) - Scanned deleted blocks log and got 0 delTX to process.
2019-09-10 07:07:46,241 [SCMBlockDeletingService#0] DEBUG block.SCMBlockDeletingService (SCMBlockDeletingService.java:call(138)) - Running DeletedBlockTransactionScanner
2019-09-10 07:07:46,241 [SCMBlockDeletingService#0] DEBUG block.SCMBlockDeletingService (SCMBlockDeletingService.java:call(155)) - Scanned deleted blocks log and got 0 delTX to process.
2019-09-10 07:07:46,341 [SCMBlockDeletingService#0] DEBUG block.SCMBlockDeletingService (SCMBlockDeletingService.java:call(138)) - Running DeletedBlockTransactionScanner
2019-09-10 07:07:46,342 [SCMBlockDeletingService#0] DEBUG block.SCMBlockDeletingService (SCMBlockDeletingService.java:call(155)) - Scanned deleted blocks log and got 0 delTX to process.
2019-09-10 07:07:46,442 [SCMBlockDeletingService#1] DEBUG block.SCMBlockDeletingService (SCMBlockDeletingService.java:call(138)) - Running DeletedBlockTransactionScanner
2019-09-10 07:07:46,442 [SCMBlockDeletingService#1] DEBUG block.SCMBlockDeletingService (SCMBlockDeletingService.java:call(155)) - Scanned deleted blocks log and got 0 delTX to process.
2019-09-10 07:07:46,543 [SCMBlockDeletingService#1] DEBUG block.SCMBlockDeletingService (SCMBlockDeletingService.java:call(138)) - Running DeletedBlockTransactionScanner
2019-09-10 07:07:46,543 [SCMBlockDeletingService#1] DEBUG block.SCMBlockDeletingService (SCMBlockDeletingService.java:call(155)) - Scanned deleted blocks log and got 0 delTX to process.
2019-09-10 07:07:46,643 [SCMBlockDeletingService#1] DEBUG block.SCMBlockDeletingService (SCMBlockDeletingService.java:call(138)) - Running DeletedBlockTransactionScanner
2019-09-10 07:07:46,643 [SCMBlockDeletingService#1] DEBUG block.SCMBlockDeletingService (SCMBlockDeletingService.java:call(155)) - Scanned deleted blocks log and got 0 delTX to process.
2019-09-10 07:07:46,744 [SCMBlockDeletingService#1] DEBUG block.SCMBlockDeletingService (SCMBlockDeletingService.java:call(138)) - Running DeletedBlockTransactionScanner
2019-09-10 07:07:46,744 [SCMBlockDeletingService#1] DEBUG block.SCMBlockDeletingService (SCMBlockDeletingService.java:call(155)) - Scanned deleted blocks log and got 0 delTX to process.
2019-09-10 07:07:46,844 [SCMBlockDeletingService#1] DEBUG block.SCMBlockDeletingService (SCMBlockDeletingService.java:call(138)) - Running DeletedBlockTransactionScanner
2019-09-10 07:07:46,844 [SCMBlockDeletingService#1] DEBUG block.SCMBlockDeletingService (SCMBlockDeletingService.java:call(155)) - Scanned deleted blocks log and got 0 delTX to process.
2019-09-10 07:07:46,945 [SCMBlockDeletingService#1] DEBUG block.SCMBlockDeletingService (SCMBlockDeletingService.java:call(138)) - Running DeletedBlockTransactionScanner
2019-09-10 07:07:46,945 [SCMBlockDeletingService#1] DEBUG block.SCMBlockDeletingService (SCMBlockDeletingService.java:call(155)) - Scanned deleted blocks log and got 0 delTX to process.
2019-09-10 07:07:47,045 [SCMBlockDeletingService#1] DEBUG block.SCMBlockDeletingService (SCMBlockDeletingService.java:call(138)) - Running DeletedBlockTransactionScanner
2019-09-10 07:07:47,046 [SCMBlockDeletingService#1] DEBUG block.SCMBlockDeletingService (SCMBlockDeletingService.java:call(155)) - Scanned deleted blocks log and got 0 delTX to process.
2019-09-10 07:07:47,146 [SCMBlockDeletingService#1] DEBUG block.SCMBlockDeletingService (SCMBlockDeletingService.java:call(138)) - Running DeletedBlockTransactionScanner
2019-09-10 07:07:47,146 [SCMBlockDeletingService#1] DEBUG block.SCMBlockDeletingService (SCMBlockDeletingService.java:call(155)) - Scanned deleted blocks log and got 0 delTX to process.
2019-09-10 07:07:47,246 [SCMBlockDeletingService#1] DEBUG block.SCMBlockDeletingService (SCMBlockDeletingService.java:call(138)) - Running DeletedBlockTransactionScanner
2019-09-10 07:07:47,247 [SCMBlockDeletingService#1] DEBUG block.SCMBlockDeletingService (SCMBlockDeletingService.java:call(155)) - Scanned deleted blocks log and got 0 delTX to process.
2019-09-10 07:07:47,348 [SCMBlockDeletingService#1] DEBUG block.SCMBlockDeletingService (SCMBlockDeletingService.java:call(138)) - Running DeletedBlockTransactionScanner
2019-09-10 07:07:47,349 [SCMBlockDeletingService#1] DEBUG block.SCMBlockDeletingService (SCMBlockDeletingService.java:call(155)) - Scanned deleted blocks log and got 0 delTX to process.
2019-09-10 07:07:47,449 [SCMBlockDeletingService#0] DEBUG block.SCMBlockDeletingService (SCMBlockDeletingService.java:call(138)) - Running DeletedBlockTransactionScanner
2019-09-10 07:07:47,449 [SCMBlockDeletingService#0] DEBUG block.SCMBlockDeletingService (SCMBlockDeletingService.java:call(155)) - Scanned deleted blocks log and got 0 delTX to process.
2019-09-10 07:07:47,550 [SCMBlockDeletingService#0] DEBUG block.SCMBlockDeletingService (SCMBlockDeletingService.java:call(138)) - Running DeletedBlockTransactionScanner
2019-09-10 07:07:47,550 [SCMBlockDeletingService#0] DEBUG block.SCMBlockDeletingService (SCMBlockDeletingService.java:call(155)) - Scanned deleted blocks log and got 0 delTX to process.
2019-09-10 07:07:47,650 [SCMBlockDeletingService#0] DEBUG block.SCMBlockDeletingService (SCMBlockDeletingService.java:call(138)) - Running DeletedBlockTransactionScanner
2019-09-10 07:07:47,650 [SCMBlockDeletingService#0] DEBUG block.SCMBlockDeletingService (SCMBlockDeletingService.java:call(155)) - Scanned deleted blocks log and got 0 delTX to process.
2019-09-10 07:07:47,751 [SCMBlockDeletingService#0] DEBUG block.SCMBlockDeletingService (SCMBlockDeletingService.java:call(138)) - Running DeletedBlockTransactionScanner
2019-09-10 07:07:47,751 [SCMBlockDeletingService#0] DEBUG block.SCMBlockDeletingService (SCMBlockDeletingService.java:call(155)) - Scanned deleted blocks log and got 0 delTX to process.
2019-09-10 07:07:47,851 [SCMBlockDeletingService#0] DEBUG block.SCMBlockDeletingService (SCMBlockDeletingService.java:call(138)) - Running DeletedBlockTransactionScanner
2019-09-10 07:07:47,852 [SCMBlockDeletingService#0] DEBUG block.SCMBlockDeletingService (SCMBlockDeletingService.java:call(155)) - Scanned deleted blocks log and got 0 delTX to process.
2019-09-10 07:07:47,952 [SCMBlockDeletingService#0] DEBUG block.SCMBlockDeletingService (SCMBlockDeletingService.java:call(138)) - Running DeletedBlockTransactionScanner
2019-09-10 07:07:47,952 [SCMBlockDeletingService#0] DEBUG block.SCMBlockDeletingService (SCMBlockDeletingService.java:call(155)) - Scanned deleted blocks log and got 0 delTX to process.
2019-09-10 07:07:48,053 [SCMBlockDeletingService#0] DEBUG block.SCMBlockDeletingService (SCMBlockDeletingService.java:call(138)) - Running DeletedBlockTransactionScanner
2019-09-10 07:07:48,053 [SCMBlockDeletingService#0] DEBUG block.SCMBlockDeletingService (SCMBlockDeletingService.java:call(155)) - Scanned deleted blocks log and got 0 delTX to process.
2019-09-10 07:07:48,153 [SCMBlockDeletingService#0] DEBUG block.SCMBlockDeletingService (SCMBlockDeletingService.java:call(138)) - Running DeletedBlockTransactionScanner
2019-09-10 07:07:48,153 [SCMBlockDeletingService#0] DEBUG block.SCMBlockDeletingService (SCMBlockDeletingService.java:call(155)) - Scanned deleted blocks log and got 0 delTX to process.
2019-09-10 07:07:48,254 [SCMBlockDeletingService#0] DEBUG block.SCMBlockDeletingService (SCMBlockDeletingService.java:call(138)) - Running DeletedBlockTransactionScanner
2019-09-10 07:07:48,254 [SCMBlockDeletingService#0] DEBUG block.SCMBlockDeletingService (SCMBlockDeletingService.java:call(155)) - Scanned deleted blocks log and got 0 delTX to process.
2019-09-10 07:07:48,354 [SCMBlockDeletingService#0] DEBUG block.SCMBlockDeletingService (SCMBlockDeletingService.java:call(138)) - Running DeletedBlockTransactionScanner
2019-09-10 07:07:48,355 [SCMBlockDeletingService#0] DEBUG block.SCMBlockDeletingService (SCMBlockDeletingService.java:call(155)) - Scanned deleted blocks log and got 0 delTX to process.
2019-09-10 07:07:48,455 [SCMBlockDeletingService#0] DEBUG block.SCMBlockDeletingService (SCMBlockDeletingService.java:call(138)) - Running DeletedBlockTransactionScanner
2019-09-10 07:07:48,455 [SCMBlockDeletingService#0] DEBUG block.SCMBlockDeletingService (SCMBlockDeletingService.java:call(155)) - Scanned deleted blocks log and got 0 delTX to process.
2019-09-10 07:07:48,555 [SCMBlockDeletingService#0] DEBUG block.SCMBlockDeletingService (SCMBlockDeletingService.java:call(138)) - Running DeletedBlockTransactionScanner
2019-09-10 07:07:48,556 [SCMBlockDeletingService#0] DEBUG block.SCMBlockDeletingService (SCMBlockDeletingService.java:call(155)) - Scanned deleted blocks log and got 0 delTX to process.
2019-09-10 07:07:48,656 [SCMBlockDeletingService#0] DEBUG block.SCMBlockDeletingService (SCMBlockDeletingService.java:call(138)) - Running DeletedBlockTransactionScanner
2019-09-10 07:07:48,656 [SCMBlockDeletingService#0] DEBUG block.SCMBlockDeletingService (SCMBlockDeletingService.java:call(155)) - Scanned deleted blocks log and got 0 delTX to process.
2019-09-10 07:07:48,756 [SCMBlockDeletingService#0] DEBUG block.SCMBlockDeletingService (SCMBlockDeletingService.java:call(138)) - Running DeletedBlockTransactionScanner
2019-09-10 07:07:48,757 [SCMBlockDeletingService#0] DEBUG block.SCMBlockDeletingService (SCMBlockDeletingService.java:call(155)) - Scanned deleted blocks log and got 0 delTX to process.
2019-09-10 07:07:48,857 [SCMBlockDeletingService#0] DEBUG block.SCMBlockDeletingService (SCMBlockDeletingService.java:call(138)) - Running DeletedBlockTransactionScanner
2019-09-10 07:07:48,857 [SCMBlockDeletingService#0] DEBUG block.SCMBlockDeletingService (SCMBlockDeletingService.java:call(155)) - Scanned deleted blocks log and got 0 delTX to process.
2019-09-10 07:07:48,957 [SCMBlockDeletingService#0] DEBUG block.SCMBlockDeletingService (SCMBlockDeletingService.java:call(138)) - Running DeletedBlockTransactionScanner
2019-09-10 07:07:48,958 [SCMBlockDeletingService#0] DEBUG block.SCMBlockDeletingService (SCMBlockDeletingService.java:call(155)) - Scanned deleted blocks log and got 0 delTX to process.
2019-09-10 07:07:49,058 [SCMBlockDeletingService#0] DEBUG block.SCMBlockDeletingService (SCMBlockDeletingService.java:call(138)) - Running DeletedBlockTransactionScanner
2019-09-10 07:07:49,058 [SCMBlockDeletingService#0] DEBUG block.SCMBlockDeletingService (SCMBlockDeletingService.java:call(155)) - Scanned deleted blocks log and got 0 delTX to process.
2019-09-10 07:07:49,161 [SCMBlockDeletingService#0] DEBUG block.SCMBlockDeletingService (SCMBlockDeletingService.java:call(138)) - Running DeletedBlockTransactionScanner
2019-09-10 07:07:49,162 [SCMBlockDeletingService#0] DEBUG block.SCMBlockDeletingService (SCMBlockDeletingService.java:call(155)) - Scanned deleted blocks log and got 0 delTX to process.
2019-09-10 07:07:49,262 [SCMBlockDeletingService#0] DEBUG block.SCMBlockDeletingService (SCMBlockDeletingService.java:call(138)) - Running DeletedBlockTransactionScanner
2019-09-10 07:07:49,262 [SCMBlockDeletingService#0] DEBUG block.SCMBlockDeletingService (SCMBlockDeletingService.java:call(155)) - Scanned deleted blocks log and got 0 delTX to process.
2019-09-10 07:07:49,363 [SCMBlockDeletingService#0] DEBUG block.SCMBlockDeletingService (SCMBlockDeletingService.java:call(138)) - Running DeletedBlockTransactionScanner
2019-09-10 07:07:49,363 [SCMBlockDeletingService#0] DEBUG block.SCMBlockDeletingService (SCMBlockDeletingService.java:call(155)) - Scanned deleted blocks log and got 0 delTX to process.
2019-09-10 07:07:49,463 [SCMBlockDeletingService#0] DEBUG block.SCMBlockDeletingService (SCMBlockDeletingService.java:call(138)) - Running DeletedBlockTransactionScanner
2019-09-10 07:07:49,464 [SCMBlockDeletingService#0] DEBUG block.SCMBlockDeletingService (SCMBlockDeletingService.java:call(155)) - Scanned deleted blocks log and got 0 delTX to process.
2019-09-10 07:07:49,564 [SCMBlockDeletingService#0] DEBUG block.SCMBlockDeletingService (SCMBlockDeletingService.java:call(138)) - Running DeletedBlockTransactionScanner
2019-09-10 07:07:49,564 [SCMBlockDeletingService#0] DEBUG block.SCMBlockDeletingService (SCMBlockDeletingService.java:call(155)) - Scanned deleted blocks log and got 0 delTX to process.
2019-09-10 07:07:49,665 [SCMBlockDeletingService#0] DEBUG block.SCMBlockDeletingService (SCMBlockDeletingService.java:call(138)) - Running DeletedBlockTransactionScanner
2019-09-10 07:07:49,665 [SCMBlockDeletingService#0] DEBUG block.SCMBlockDeletingService (SCMBlockDeletingService.java:call(155)) - Scanned deleted blocks log and got 0 delTX to process.
2019-09-10 07:07:49,765 [SCMBlockDeletingService#0] DEBUG block.SCMBlockDeletingService (SCMBlockDeletingService.java:call(138)) - Running DeletedBlockTransactionScanner
2019-09-10 07:07:49,765 [SCMBlockDeletingService#0] DEBUG block.SCMBlockDeletingService (SCMBlockDeletingService.java:call(155)) - Scanned deleted blocks log and got 0 delTX to process.
2019-09-10 07:07:49,866 [SCMBlockDeletingService#0] DEBUG block.SCMBlockDeletingService (SCMBlockDeletingService.java:call(138)) - Running DeletedBlockTransactionScanner
2019-09-10 07:07:49,866 [SCMBlockDeletingService#0] DEBUG block.SCMBlockDeletingService (SCMBlockDeletingService.java:call(155)) - Scanned deleted blocks log and got 0 delTX to process.
2019-09-10 07:07:49,966 [SCMBlockDeletingService#0] DEBUG block.SCMBlockDeletingService (SCMBlockDeletingService.java:call(138)) - Running DeletedBlockTransactionScanner
2019-09-10 07:07:49,966 [SCMBlockDeletingService#0] DEBUG block.SCMBlockDeletingService (SCMBlockDeletingService.java:call(155)) - Scanned deleted blocks log and got 0 delTX to process.
2019-09-10 07:07:50,067 [SCMBlockDeletingService#0] DEBUG block.SCMBlockDeletingService (SCMBlockDeletingService.java:call(138)) - Running DeletedBlockTransactionScanner
2019-09-10 07:07:50,067 [SCMBlockDeletingService#0] DEBUG block.SCMBlockDeletingService (SCMBlockDeletingService.java:call(155)) - Scanned deleted blocks log and got 0 delTX to process.
2019-09-10 07:07:50,167 [SCMBlockDeletingService#0] DEBUG block.SCMBlockDeletingService (SCMBlockDeletingService.java:call(138)) - Running DeletedBlockTransactionScanner
2019-09-10 07:07:50,168 [SCMBlockDeletingService#0] DEBUG block.SCMBlockDeletingService (SCMBlockDeletingService.java:call(155)) - Scanned deleted blocks log and got 0 delTX to process.
2019-09-10 07:07:50,268 [SCMBlockDeletingService#0] DEBUG block.SCMBlockDeletingService (SCMBlockDeletingService.java:call(138)) - Running DeletedBlockTransactionScanner
2019-09-10 07:07:50,268 [SCMBlockDeletingService#0] DEBUG block.SCMBlockDeletingService (SCMBlockDeletingService.java:call(155)) - Scanned deleted blocks log and got 0 delTX to process.
2019-09-10 07:07:50,368 [SCMBlockDeletingService#0] DEBUG block.SCMBlockDeletingService (SCMBlockDeletingService.java:call(138)) - Running DeletedBlockTransactionScanner
2019-09-10 07:07:50,369 [SCMBlockDeletingService#0] DEBUG block.SCMBlockDeletingService (SCMBlockDeletingService.java:call(155)) - Scanned deleted blocks log and got 0 delTX to process.
2019-09-10 07:07:50,469 [SCMBlockDeletingService#0] DEBUG block.SCMBlockDeletingService (SCMBlockDeletingService.java:call(138)) - Running DeletedBlockTransactionScanner
2019-09-10 07:07:50,469 [SCMBlockDeletingService#0] DEBUG block.SCMBlockDeletingService (SCMBlockDeletingService.java:call(155)) - Scanned deleted blocks log and got 0 delTX to process.
2019-09-10 07:07:50,569 [SCMBlockDeletingService#0] DEBUG block.SCMBlockDeletingService (SCMBlockDeletingService.java:call(138)) - Running DeletedBlockTransactionScanner
2019-09-10 07:07:50,570 [SCMBlockDeletingService#0] DEBUG block.SCMBlockDeletingService (SCMBlockDeletingService.java:call(155)) - Scanned deleted blocks log and got 0 delTX to process.
2019-09-10 07:07:50,670 [SCMBlockDeletingService#0] DEBUG block.SCMBlockDeletingService (SCMBlockDeletingService.java:call(138)) - Running DeletedBlockTransactionScanner
2019-09-10 07:07:50,670 [SCMBlockDeletingService#0] DEBUG block.SCMBlockDeletingService (SCMBlockDeletingService.java:call(155)) - Scanned deleted blocks log and got 0 delTX to process.
2019-09-10 07:07:50,771 [SCMBlockDeletingService#0] DEBUG block.SCMBlockDeletingService (SCMBlockDeletingService.java:call(138)) - Running DeletedBlockTransactionScanner
2019-09-10 07:07:50,771 [SCMBlockDeletingService#0] DEBUG block.SCMBlockDeletingService (SCMBlockDeletingService.java:call(155)) - Scanned deleted blocks log and got 0 delTX to process.
2019-09-10 07:07:50,871 [SCMBlockDeletingService#0] DEBUG block.SCMBlockDeletingService (SCMBlockDeletingService.java:call(138)) - Running DeletedBlockTransactionScanner
2019-09-10 07:07:50,871 [SCMBlockDeletingService#0] DEBUG block.SCMBlockDeletingService (SCMBlockDeletingService.java:call(155)) - Scanned deleted blocks log and got 0 delTX to process.
2019-09-10 07:07:50,972 [SCMBlockDeletingService#0] DEBUG block.SCMBlockDeletingService (SCMBlockDeletingService.java:call(138)) - Running DeletedBlockTransactionScanner
2019-09-10 07:07:50,972 [SCMBlockDeletingService#0] DEBUG block.SCMBlockDeletingService (SCMBlockDeletingService.java:call(155)) - Scanned deleted blocks log and got 0 delTX to process.
2019-09-10 07:07:51,072 [SCMBlockDeletingService#0] DEBUG block.SCMBlockDeletingService (SCMBlockDeletingService.java:call(138)) - Running DeletedBlockTransactionScanner
2019-09-10 07:07:51,073 [SCMBlockDeletingService#0] DEBUG block.SCMBlockDeletingService (SCMBlockDeletingService.java:call(155)) - Scanned deleted blocks log and got 0 delTX to process.
2019-09-10 07:07:51,173 [SCMBlockDeletingService#0] DEBUG block.SCMBlockDeletingService (SCMBlockDeletingService.java:call(138)) - Running DeletedBlockTransactionScanner
2019-09-10 07:07:51,173 [SCMBlockDeletingService#0] DEBUG block.SCMBlockDeletingService (SCMBlockDeletingService.java:call(155)) - Scanned deleted blocks log and got 0 delTX to process.
2019-09-10 07:07:51,274 [SCMBlockDeletingService#0] DEBUG block.SCMBlockDeletingService (SCMBlockDeletingService.java:call(138)) - Running DeletedBlockTransactionScanner
2019-09-10 07:07:51,274 [SCMBlockDeletingService#0] DEBUG block.SCMBlockDeletingService (SCMBlockDeletingService.java:call(155)) - Scanned deleted blocks log and got 0 delTX to process.
2019-09-10 07:07:51,374 [SCMBlockDeletingService#0] DEBUG block.SCMBlockDeletingService (SCMBlockDeletingService.java:call(138)) - Running DeletedBlockTransactionScanner
2019-09-10 07:07:51,374 [SCMBlockDeletingService#0] DEBUG block.SCMBlockDeletingService (SCMBlockDeletingService.java:call(155)) - Scanned deleted blocks log and got 0 delTX to process.
2019-09-10 07:07:51,475 [SCMBlockDeletingService#0] DEBUG block.SCMBlockDeletingService (SCMBlockDeletingService.java:call(138)) - Running DeletedBlockTransactionScanner
2019-09-10 07:07:51,475 [SCMBlockDeletingService#0] DEBUG block.SCMBlockDeletingService (SCMBlockDeletingService.java:call(155)) - Scanned deleted blocks log and got 0 delTX to process.
2019-09-10 07:07:51,575 [SCMBlockDeletingService#0] DEBUG block.SCMBlockDeletingService (SCMBlockDeletingService.java:call(138)) - Running DeletedBlockTransactionScanner
2019-09-10 07:07:51,576 [SCMBlockDeletingService#0] DEBUG block.SCMBlockDeletingService (SCMBlockDeletingService.java:call(155)) - Scanned deleted blocks log and got 0 delTX to process.
2019-09-10 07:07:51,676 [SCMBlockDeletingService#0] DEBUG block.SCMBlockDeletingService (SCMBlockDeletingService.java:call(138)) - Running DeletedBlockTransactionScanner
2019-09-10 07:07:51,676 [SCMBlockDeletingService#0] DEBUG block.SCMBlockDeletingService (SCMBlockDeletingService.java:call(155)) - Scanned deleted blocks log and got 0 delTX to process.
2019-09-10 07:07:51,777 [SCMBlockDeletingService#0] DEBUG block.SCMBlockDeletingService (SCMBlockDeletingService.java:call(138)) - Running DeletedBlockTransactionScanner
2019-09-10 07:07:51,777 [SCMBlockDeletingService#0] DEBUG block.SCMBlockDeletingService (SCMBlockDeletingService.java:call(155)) - Scanned deleted blocks log and got 0 delTX to process.
2019-09-10 07:07:51,878 [SCMBlockDeletingService#0] DEBUG block.SCMBlockDeletingService (SCMBlockDeletingService.java:call(138)) - Running DeletedBlockTransactionScanner
2019-09-10 07:07:51,878 [SCMBlockDeletingService#0] DEBUG block.SCMBlockDeletingService (SCMBlockDeletingService.java:call(155)) - Scanned deleted blocks log and got 0 delTX to process.
2019-09-10 07:07:51,978 [SCMBlockDeletingService#0] DEBUG block.SCMBlockDeletingService (SCMBlockDeletingService.java:call(138)) - Running DeletedBlockTransactionScanner
2019-09-10 07:07:51,978 [SCMBlockDeletingService#0] DEBUG block.SCMBlockDeletingService (SCMBlockDeletingService.java:call(155)) - Scanned deleted blocks log and got 0 delTX to process.
2019-09-10 07:07:52,079 [SCMBlockDeletingService#0] DEBUG block.SCMBlockDeletingService (SCMBlockDeletingService.java:call(138)) - Running DeletedBlockTransactionScanner
2019-09-10 07:07:52,079 [SCMBlockDeletingService#0] DEBUG block.SCMBlockDeletingService (SCMBlockDeletingService.java:call(155)) - Scanned deleted blocks log and got 0 delTX to process.
2019-09-10 07:07:52,101 [05f13708-5e6e-4ea1-a525-a3c8f7f54426@group-34B10843FE54-SegmentedRaftLogWorker] WARN  segmented.SegmentedRaftLogWorker (SegmentedRaftLogWorker.java:getFromFuture(90)) - Timeout 27/~
org.apache.ratis.protocol.TimeoutIOException: Timeout 10s: WriteLog:16: (t:1, i:16), STATEMACHINELOGENTRY, client-7F424F215E90, cid=11-writeStateMachineData
	at org.apache.ratis.util.IOUtils.getFromFuture(IOUtils.java:87)
	at org.apache.ratis.server.raftlog.segmented.SegmentedRaftLogWorker$StateMachineDataPolicy.getFromFuture(SegmentedRaftLogWorker.java:87)
	at org.apache.ratis.server.raftlog.segmented.SegmentedRaftLogWorker$WriteLog.execute(SegmentedRaftLogWorker.java:477)
	at org.apache.ratis.server.raftlog.segmented.SegmentedRaftLogWorker.run(SegmentedRaftLogWorker.java:289)
	at java.lang.Thread.run(Thread.java:748)
Caused by: java.util.concurrent.TimeoutException
	at java.util.concurrent.CompletableFuture.timedGet(CompletableFuture.java:1771)
	at java.util.concurrent.CompletableFuture.get(CompletableFuture.java:1915)
	at org.apache.ratis.util.IOUtils.getFromFuture(IOUtils.java:79)
	... 4 more
2019-09-10 07:07:52,180 [SCMBlockDeletingService#0] DEBUG block.SCMBlockDeletingService (SCMBlockDeletingService.java:call(138)) - Running DeletedBlockTransactionScanner
2019-09-10 07:07:52,180 [SCMBlockDeletingService#0] DEBUG block.SCMBlockDeletingService (SCMBlockDeletingService.java:call(155)) - Scanned deleted blocks log and got 0 delTX to process.
2019-09-10 07:07:52,280 [SCMBlockDeletingService#0] DEBUG block.SCMBlockDeletingService (SCMBlockDeletingService.java:call(138)) - Running DeletedBlockTransactionScanner
2019-09-10 07:07:52,280 [SCMBlockDeletingService#0] DEBUG block.SCMBlockDeletingService (SCMBlockDeletingService.java:call(155)) - Scanned deleted blocks log and got 0 delTX to process.
2019-09-10 07:07:52,381 [SCMBlockDeletingService#0] DEBUG block.SCMBlockDeletingService (SCMBlockDeletingService.java:call(138)) - Running DeletedBlockTransactionScanner
2019-09-10 07:07:52,381 [SCMBlockDeletingService#0] DEBUG block.SCMBlockDeletingService (SCMBlockDeletingService.java:call(155)) - Scanned deleted blocks log and got 0 delTX to process.
2019-09-10 07:07:52,482 [SCMBlockDeletingService#0] DEBUG block.SCMBlockDeletingService (SCMBlockDeletingService.java:call(138)) - Running DeletedBlockTransactionScanner
2019-09-10 07:07:52,482 [SCMBlockDeletingService#0] DEBUG block.SCMBlockDeletingService (SCMBlockDeletingService.java:call(155)) - Scanned deleted blocks log and got 0 delTX to process.
2019-09-10 07:07:52,582 [SCMBlockDeletingService#0] DEBUG block.SCMBlockDeletingService (SCMBlockDeletingService.java:call(138)) - Running DeletedBlockTransactionScanner
2019-09-10 07:07:52,582 [SCMBlockDeletingService#0] DEBUG block.SCMBlockDeletingService (SCMBlockDeletingService.java:call(155)) - Scanned deleted blocks log and got 0 delTX to process.
2019-09-10 07:07:52,683 [SCMBlockDeletingService#0] DEBUG block.SCMBlockDeletingService (SCMBlockDeletingService.java:call(138)) - Running DeletedBlockTransactionScanner
2019-09-10 07:07:52,683 [SCMBlockDeletingService#0] DEBUG block.SCMBlockDeletingService (SCMBlockDeletingService.java:call(155)) - Scanned deleted blocks log and got 0 delTX to process.
2019-09-10 07:07:52,783 [SCMBlockDeletingService#0] DEBUG block.SCMBlockDeletingService (SCMBlockDeletingService.java:call(138)) - Running DeletedBlockTransactionScanner
2019-09-10 07:07:52,784 [SCMBlockDeletingService#0] DEBUG block.SCMBlockDeletingService (SCMBlockDeletingService.java:call(155)) - Scanned deleted blocks log and got 0 delTX to process.
2019-09-10 07:07:52,884 [SCMBlockDeletingService#0] DEBUG block.SCMBlockDeletingService (SCMBlockDeletingService.java:call(138)) - Running DeletedBlockTransactionScanner
2019-09-10 07:07:52,884 [SCMBlockDeletingService#0] DEBUG block.SCMBlockDeletingService (SCMBlockDeletingService.java:call(155)) - Scanned deleted blocks log and got 0 delTX to process.
2019-09-10 07:07:52,985 [SCMBlockDeletingService#0] DEBUG block.SCMBlockDeletingService (SCMBlockDeletingService.java:call(138)) - Running DeletedBlockTransactionScanner
2019-09-10 07:07:52,985 [SCMBlockDeletingService#0] DEBUG block.SCMBlockDeletingService (SCMBlockDeletingService.java:call(155)) - Scanned deleted blocks log and got 0 delTX to process.
2019-09-10 07:07:53,085 [SCMBlockDeletingService#0] DEBUG block.SCMBlockDeletingService (SCMBlockDeletingService.java:call(138)) - Running DeletedBlockTransactionScanner
2019-09-10 07:07:53,086 [SCMBlockDeletingService#0] DEBUG block.SCMBlockDeletingService (SCMBlockDeletingService.java:call(155)) - Scanned deleted blocks log and got 0 delTX to process.
2019-09-10 07:07:53,186 [SCMBlockDeletingService#0] DEBUG block.SCMBlockDeletingService (SCMBlockDeletingService.java:call(138)) - Running DeletedBlockTransactionScanner
2019-09-10 07:07:53,186 [SCMBlockDeletingService#0] DEBUG block.SCMBlockDeletingService (SCMBlockDeletingService.java:call(155)) - Scanned deleted blocks log and got 0 delTX to process.
2019-09-10 07:07:53,287 [SCMBlockDeletingService#0] DEBUG block.SCMBlockDeletingService (SCMBlockDeletingService.java:call(138)) - Running DeletedBlockTransactionScanner
2019-09-10 07:07:53,287 [SCMBlockDeletingService#0] DEBUG block.SCMBlockDeletingService (SCMBlockDeletingService.java:call(155)) - Scanned deleted blocks log and got 0 delTX to process.
2019-09-10 07:07:53,387 [SCMBlockDeletingService#0] DEBUG block.SCMBlockDeletingService (SCMBlockDeletingService.java:call(138)) - Running DeletedBlockTransactionScanner
2019-09-10 07:07:53,387 [SCMBlockDeletingService#0] DEBUG block.SCMBlockDeletingService (SCMBlockDeletingService.java:call(155)) - Scanned deleted blocks log and got 0 delTX to process.
2019-09-10 07:07:53,488 [SCMBlockDeletingService#0] DEBUG block.SCMBlockDeletingService (SCMBlockDeletingService.java:call(138)) - Running DeletedBlockTransactionScanner
2019-09-10 07:07:53,488 [SCMBlockDeletingService#0] DEBUG block.SCMBlockDeletingService (SCMBlockDeletingService.java:call(155)) - Scanned deleted blocks log and got 0 delTX to process.
2019-09-10 07:07:53,588 [SCMBlockDeletingService#0] DEBUG block.SCMBlockDeletingService (SCMBlockDeletingService.java:call(138)) - Running DeletedBlockTransactionScanner
2019-09-10 07:07:53,589 [SCMBlockDeletingService#0] DEBUG block.SCMBlockDeletingService (SCMBlockDeletingService.java:call(155)) - Scanned deleted blocks log and got 0 delTX to process.
2019-09-10 07:07:53,689 [SCMBlockDeletingService#0] DEBUG block.SCMBlockDeletingService (SCMBlockDeletingService.java:call(138)) - Running DeletedBlockTransactionScanner
2019-09-10 07:07:53,689 [SCMBlockDeletingService#0] DEBUG block.SCMBlockDeletingService (SCMBlockDeletingService.java:call(155)) - Scanned deleted blocks log and got 0 delTX to process.
2019-09-10 07:07:53,790 [SCMBlockDeletingService#0] DEBUG block.SCMBlockDeletingService (SCMBlockDeletingService.java:call(138)) - Running DeletedBlockTransactionScanner
2019-09-10 07:07:53,790 [SCMBlockDeletingService#0] DEBUG block.SCMBlockDeletingService (SCMBlockDeletingService.java:call(155)) - Scanned deleted blocks log and got 0 delTX to process.
2019-09-10 07:07:53,890 [SCMBlockDeletingService#0] DEBUG block.SCMBlockDeletingService (SCMBlockDeletingService.java:call(138)) - Running DeletedBlockTransactionScanner
2019-09-10 07:07:53,890 [SCMBlockDeletingService#0] DEBUG block.SCMBlockDeletingService (SCMBlockDeletingService.java:call(155)) - Scanned deleted blocks log and got 0 delTX to process.
2019-09-10 07:07:53,991 [SCMBlockDeletingService#0] DEBUG block.SCMBlockDeletingService (SCMBlockDeletingService.java:call(138)) - Running DeletedBlockTransactionScanner
2019-09-10 07:07:53,991 [SCMBlockDeletingService#0] DEBUG block.SCMBlockDeletingService (SCMBlockDeletingService.java:call(155)) - Scanned deleted blocks log and got 0 delTX to process.
2019-09-10 07:07:54,091 [SCMBlockDeletingService#0] DEBUG block.SCMBlockDeletingService (SCMBlockDeletingService.java:call(138)) - Running DeletedBlockTransactionScanner
2019-09-10 07:07:54,091 [SCMBlockDeletingService#0] DEBUG block.SCMBlockDeletingService (SCMBlockDeletingService.java:call(155)) - Scanned deleted blocks log and got 0 delTX to process.
2019-09-10 07:07:54,192 [SCMBlockDeletingService#0] DEBUG block.SCMBlockDeletingService (SCMBlockDeletingService.java:call(138)) - Running DeletedBlockTransactionScanner
2019-09-10 07:07:54,192 [SCMBlockDeletingService#0] DEBUG block.SCMBlockDeletingService (SCMBlockDeletingService.java:call(155)) - Scanned deleted blocks log and got 0 delTX to process.
2019-09-10 07:07:54,292 [SCMBlockDeletingService#0] DEBUG block.SCMBlockDeletingService (SCMBlockDeletingService.java:call(138)) - Running DeletedBlockTransactionScanner
2019-09-10 07:07:54,292 [SCMBlockDeletingService#0] DEBUG block.SCMBlockDeletingService (SCMBlockDeletingService.java:call(155)) - Scanned deleted blocks log and got 0 delTX to process.
2019-09-10 07:07:54,393 [SCMBlockDeletingService#0] DEBUG block.SCMBlockDeletingService (SCMBlockDeletingService.java:call(138)) - Running DeletedBlockTransactionScanner
2019-09-10 07:07:54,393 [SCMBlockDeletingService#0] DEBUG block.SCMBlockDeletingService (SCMBlockDeletingService.java:call(155)) - Scanned deleted blocks log and got 0 delTX to process.
2019-09-10 07:07:54,493 [SCMBlockDeletingService#0] DEBUG block.SCMBlockDeletingService (SCMBlockDeletingService.java:call(138)) - Running DeletedBlockTransactionScanner
2019-09-10 07:07:54,494 [SCMBlockDeletingService#0] DEBUG block.SCMBlockDeletingService (SCMBlockDeletingService.java:call(155)) - Scanned deleted blocks log and got 0 delTX to process.
2019-09-10 07:07:54,594 [SCMBlockDeletingService#0] DEBUG block.SCMBlockDeletingService (SCMBlockDeletingService.java:call(138)) - Running DeletedBlockTransactionScanner
2019-09-10 07:07:54,594 [SCMBlockDeletingService#0] DEBUG block.SCMBlockDeletingService (SCMBlockDeletingService.java:call(155)) - Scanned deleted blocks log and got 0 delTX to process.
2019-09-10 07:07:54,695 [SCMBlockDeletingService#0] DEBUG block.SCMBlockDeletingService (SCMBlockDeletingService.java:call(138)) - Running DeletedBlockTransactionScanner
2019-09-10 07:07:54,695 [SCMBlockDeletingService#0] DEBUG block.SCMBlockDeletingService (SCMBlockDeletingService.java:call(155)) - Scanned deleted blocks log and got 0 delTX to process.
2019-09-10 07:07:54,795 [SCMBlockDeletingService#0] DEBUG block.SCMBlockDeletingService (SCMBlockDeletingService.java:call(138)) - Running DeletedBlockTransactionScanner
2019-09-10 07:07:54,795 [SCMBlockDeletingService#0] DEBUG block.SCMBlockDeletingService (SCMBlockDeletingService.java:call(155)) - Scanned deleted blocks log and got 0 delTX to process.
2019-09-10 07:07:54,896 [SCMBlockDeletingService#0] DEBUG block.SCMBlockDeletingService (SCMBlockDeletingService.java:call(138)) - Running DeletedBlockTransactionScanner
2019-09-10 07:07:54,896 [SCMBlockDeletingService#0] DEBUG block.SCMBlockDeletingService (SCMBlockDeletingService.java:call(155)) - Scanned deleted blocks log and got 0 delTX to process.
2019-09-10 07:07:54,996 [SCMBlockDeletingService#0] DEBUG block.SCMBlockDeletingService (SCMBlockDeletingService.java:call(138)) - Running DeletedBlockTransactionScanner
2019-09-10 07:07:54,997 [SCMBlockDeletingService#0] DEBUG block.SCMBlockDeletingService (SCMBlockDeletingService.java:call(155)) - Scanned deleted blocks log and got 0 delTX to process.
2019-09-10 07:07:55,097 [SCMBlockDeletingService#0] DEBUG block.SCMBlockDeletingService (SCMBlockDeletingService.java:call(138)) - Running DeletedBlockTransactionScanner
2019-09-10 07:07:55,097 [SCMBlockDeletingService#0] DEBUG block.SCMBlockDeletingService (SCMBlockDeletingService.java:call(155)) - Scanned deleted blocks log and got 0 delTX to process.
2019-09-10 07:07:55,198 [SCMBlockDeletingService#0] DEBUG block.SCMBlockDeletingService (SCMBlockDeletingService.java:call(138)) - Running DeletedBlockTransactionScanner
2019-09-10 07:07:55,198 [SCMBlockDeletingService#0] DEBUG block.SCMBlockDeletingService (SCMBlockDeletingService.java:call(155)) - Scanned deleted blocks log and got 0 delTX to process.
2019-09-10 07:07:55,298 [SCMBlockDeletingService#1] DEBUG block.SCMBlockDeletingService (SCMBlockDeletingService.java:call(138)) - Running DeletedBlockTransactionScanner
2019-09-10 07:07:55,299 [SCMBlockDeletingService#1] DEBUG block.SCMBlockDeletingService (SCMBlockDeletingService.java:call(155)) - Scanned deleted blocks log and got 0 delTX to process.
2019-09-10 07:07:55,399 [SCMBlockDeletingService#1] DEBUG block.SCMBlockDeletingService (SCMBlockDeletingService.java:call(138)) - Running DeletedBlockTransactionScanner
2019-09-10 07:07:55,399 [SCMBlockDeletingService#1] DEBUG block.SCMBlockDeletingService (SCMBlockDeletingService.java:call(155)) - Scanned deleted blocks log and got 0 delTX to process.
2019-09-10 07:07:55,500 [SCMBlockDeletingService#1] DEBUG block.SCMBlockDeletingService (SCMBlockDeletingService.java:call(138)) - Running DeletedBlockTransactionScanner
2019-09-10 07:07:55,500 [SCMBlockDeletingService#1] DEBUG block.SCMBlockDeletingService (SCMBlockDeletingService.java:call(155)) - Scanned deleted blocks log and got 0 delTX to process.
2019-09-10 07:07:55,600 [SCMBlockDeletingService#1] DEBUG block.SCMBlockDeletingService (SCMBlockDeletingService.java:call(138)) - Running DeletedBlockTransactionScanner
2019-09-10 07:07:55,600 [SCMBlockDeletingService#1] DEBUG block.SCMBlockDeletingService (SCMBlockDeletingService.java:call(155)) - Scanned deleted blocks log and got 0 delTX to process.
2019-09-10 07:07:55,701 [SCMBlockDeletingService#1] DEBUG block.SCMBlockDeletingService (SCMBlockDeletingService.java:call(138)) - Running DeletedBlockTransactionScanner
2019-09-10 07:07:55,701 [SCMBlockDeletingService#1] DEBUG block.SCMBlockDeletingService (SCMBlockDeletingService.java:call(155)) - Scanned deleted blocks log and got 0 delTX to process.
2019-09-10 07:07:55,801 [SCMBlockDeletingService#1] DEBUG block.SCMBlockDeletingService (SCMBlockDeletingService.java:call(138)) - Running DeletedBlockTransactionScanner
2019-09-10 07:07:55,801 [SCMBlockDeletingService#1] DEBUG block.SCMBlockDeletingService (SCMBlockDeletingService.java:call(155)) - Scanned deleted blocks log and got 0 delTX to process.
2019-09-10 07:07:55,902 [SCMBlockDeletingService#1] DEBUG block.SCMBlockDeletingService (SCMBlockDeletingService.java:call(138)) - Running DeletedBlockTransactionScanner
2019-09-10 07:07:55,902 [SCMBlockDeletingService#1] DEBUG block.SCMBlockDeletingService (SCMBlockDeletingService.java:call(155)) - Scanned deleted blocks log and got 0 delTX to process.
2019-09-10 07:07:56,002 [SCMBlockDeletingService#1] DEBUG block.SCMBlockDeletingService (SCMBlockDeletingService.java:call(138)) - Running DeletedBlockTransactionScanner
2019-09-10 07:07:56,002 [SCMBlockDeletingService#1] DEBUG block.SCMBlockDeletingService (SCMBlockDeletingService.java:call(155)) - Scanned deleted blocks log and got 0 delTX to process.
2019-09-10 07:07:56,103 [SCMBlockDeletingService#1] DEBUG block.SCMBlockDeletingService (SCMBlockDeletingService.java:call(138)) - Running DeletedBlockTransactionScanner
2019-09-10 07:07:56,103 [SCMBlockDeletingService#1] DEBUG block.SCMBlockDeletingService (SCMBlockDeletingService.java:call(155)) - Scanned deleted blocks log and got 0 delTX to process.
2019-09-10 07:07:56,203 [SCMBlockDeletingService#1] DEBUG block.SCMBlockDeletingService (SCMBlockDeletingService.java:call(138)) - Running DeletedBlockTransactionScanner
2019-09-10 07:07:56,204 [SCMBlockDeletingService#1] DEBUG block.SCMBlockDeletingService (SCMBlockDeletingService.java:call(155)) - Scanned deleted blocks log and got 0 delTX to process.
2019-09-10 07:07:56,304 [SCMBlockDeletingService#1] DEBUG block.SCMBlockDeletingService (SCMBlockDeletingService.java:call(138)) - Running DeletedBlockTransactionScanner
2019-09-10 07:07:56,304 [SCMBlockDeletingService#1] DEBUG block.SCMBlockDeletingService (SCMBlockDeletingService.java:call(155)) - Scanned deleted blocks log and got 0 delTX to process.
2019-09-10 07:07:56,404 [SCMBlockDeletingService#1] DEBUG block.SCMBlockDeletingService (SCMBlockDeletingService.java:call(138)) - Running DeletedBlockTransactionScanner
2019-09-10 07:07:56,405 [SCMBlockDeletingService#1] DEBUG block.SCMBlockDeletingService (SCMBlockDeletingService.java:call(155)) - Scanned deleted blocks log and got 0 delTX to process.
2019-09-10 07:07:56,505 [SCMBlockDeletingService#1] DEBUG block.SCMBlockDeletingService (SCMBlockDeletingService.java:call(138)) - Running DeletedBlockTransactionScanner
2019-09-10 07:07:56,505 [SCMBlockDeletingService#1] DEBUG block.SCMBlockDeletingService (SCMBlockDeletingService.java:call(155)) - Scanned deleted blocks log and got 0 delTX to process.
2019-09-10 07:07:56,606 [SCMBlockDeletingService#1] DEBUG block.SCMBlockDeletingService (SCMBlockDeletingService.java:call(138)) - Running DeletedBlockTransactionScanner
2019-09-10 07:07:56,606 [SCMBlockDeletingService#1] DEBUG block.SCMBlockDeletingService (SCMBlockDeletingService.java:call(155)) - Scanned deleted blocks log and got 0 delTX to process.
2019-09-10 07:07:56,706 [SCMBlockDeletingService#1] DEBUG block.SCMBlockDeletingService (SCMBlockDeletingService.java:call(138)) - Running DeletedBlockTransactionScanner
2019-09-10 07:07:56,706 [SCMBlockDeletingService#1] DEBUG block.SCMBlockDeletingService (SCMBlockDeletingService.java:call(155)) - Scanned deleted blocks log and got 0 delTX to process.
2019-09-10 07:07:56,807 [SCMBlockDeletingService#1] DEBUG block.SCMBlockDeletingService (SCMBlockDeletingService.java:call(138)) - Running DeletedBlockTransactionScanner
2019-09-10 07:07:56,807 [SCMBlockDeletingService#1] DEBUG block.SCMBlockDeletingService (SCMBlockDeletingService.java:call(155)) - Scanned deleted blocks log and got 0 delTX to process.
2019-09-10 07:07:56,907 [SCMBlockDeletingService#1] DEBUG block.SCMBlockDeletingService (SCMBlockDeletingService.java:call(138)) - Running DeletedBlockTransactionScanner
2019-09-10 07:07:56,908 [SCMBlockDeletingService#1] DEBUG block.SCMBlockDeletingService (SCMBlockDeletingService.java:call(155)) - Scanned deleted blocks log and got 0 delTX to process.
2019-09-10 07:07:57,008 [SCMBlockDeletingService#1] DEBUG block.SCMBlockDeletingService (SCMBlockDeletingService.java:call(138)) - Running DeletedBlockTransactionScanner
2019-09-10 07:07:57,008 [SCMBlockDeletingService#1] DEBUG block.SCMBlockDeletingService (SCMBlockDeletingService.java:call(155)) - Scanned deleted blocks log and got 0 delTX to process.
2019-09-10 07:07:57,109 [SCMBlockDeletingService#1] DEBUG block.SCMBlockDeletingService (SCMBlockDeletingService.java:call(138)) - Running DeletedBlockTransactionScanner
2019-09-10 07:07:57,109 [SCMBlockDeletingService#1] DEBUG block.SCMBlockDeletingService (SCMBlockDeletingService.java:call(155)) - Scanned deleted blocks log and got 0 delTX to process.
2019-09-10 07:07:57,209 [SCMBlockDeletingService#1] DEBUG block.SCMBlockDeletingService (SCMBlockDeletingService.java:call(138)) - Running DeletedBlockTransactionScanner
2019-09-10 07:07:57,210 [SCMBlockDeletingService#1] DEBUG block.SCMBlockDeletingService (SCMBlockDeletingService.java:call(155)) - Scanned deleted blocks log and got 0 delTX to process.
2019-09-10 07:07:57,310 [SCMBlockDeletingService#1] DEBUG block.SCMBlockDeletingService (SCMBlockDeletingService.java:call(138)) - Running DeletedBlockTransactionScanner
2019-09-10 07:07:57,310 [SCMBlockDeletingService#1] DEBUG block.SCMBlockDeletingService (SCMBlockDeletingService.java:call(155)) - Scanned deleted blocks log and got 0 delTX to process.
2019-09-10 07:07:57,411 [SCMBlockDeletingService#1] DEBUG block.SCMBlockDeletingService (SCMBlockDeletingService.java:call(138)) - Running DeletedBlockTransactionScanner
2019-09-10 07:07:57,411 [SCMBlockDeletingService#1] DEBUG block.SCMBlockDeletingService (SCMBlockDeletingService.java:call(155)) - Scanned deleted blocks log and got 0 delTX to process.
2019-09-10 07:07:57,511 [SCMBlockDeletingService#1] DEBUG block.SCMBlockDeletingService (SCMBlockDeletingService.java:call(138)) - Running DeletedBlockTransactionScanner
2019-09-10 07:07:57,511 [SCMBlockDeletingService#1] DEBUG block.SCMBlockDeletingService (SCMBlockDeletingService.java:call(155)) - Scanned deleted blocks log and got 0 delTX to process.
2019-09-10 07:07:57,612 [SCMBlockDeletingService#1] DEBUG block.SCMBlockDeletingService (SCMBlockDeletingService.java:call(138)) - Running DeletedBlockTransactionScanner
2019-09-10 07:07:57,612 [SCMBlockDeletingService#1] DEBUG block.SCMBlockDeletingService (SCMBlockDeletingService.java:call(155)) - Scanned deleted blocks log and got 0 delTX to process.
2019-09-10 07:07:57,712 [SCMBlockDeletingService#1] DEBUG block.SCMBlockDeletingService (SCMBlockDeletingService.java:call(138)) - Running DeletedBlockTransactionScanner
2019-09-10 07:07:57,713 [SCMBlockDeletingService#1] DEBUG block.SCMBlockDeletingService (SCMBlockDeletingService.java:call(155)) - Scanned deleted blocks log and got 0 delTX to process.
2019-09-10 07:07:57,813 [SCMBlockDeletingService#1] DEBUG block.SCMBlockDeletingService (SCMBlockDeletingService.java:call(138)) - Running DeletedBlockTransactionScanner
2019-09-10 07:07:57,813 [SCMBlockDeletingService#1] DEBUG block.SCMBlockDeletingService (SCMBlockDeletingService.java:call(155)) - Scanned deleted blocks log and got 0 delTX to process.
2019-09-10 07:07:57,913 [SCMBlockDeletingService#1] DEBUG block.SCMBlockDeletingService (SCMBlockDeletingService.java:call(138)) - Running DeletedBlockTransactionScanner
2019-09-10 07:07:57,914 [SCMBlockDeletingService#1] DEBUG block.SCMBlockDeletingService (SCMBlockDeletingService.java:call(155)) - Scanned deleted blocks log and got 0 delTX to process.
2019-09-10 07:07:58,014 [SCMBlockDeletingService#1] DEBUG block.SCMBlockDeletingService (SCMBlockDeletingService.java:call(138)) - Running DeletedBlockTransactionScanner
2019-09-10 07:07:58,014 [SCMBlockDeletingService#1] DEBUG block.SCMBlockDeletingService (SCMBlockDeletingService.java:call(155)) - Scanned deleted blocks log and got 0 delTX to process.
2019-09-10 07:07:58,114 [SCMBlockDeletingService#1] DEBUG block.SCMBlockDeletingService (SCMBlockDeletingService.java:call(138)) - Running DeletedBlockTransactionScanner
2019-09-10 07:07:58,115 [SCMBlockDeletingService#1] DEBUG block.SCMBlockDeletingService (SCMBlockDeletingService.java:call(155)) - Scanned deleted blocks log and got 0 delTX to process.
2019-09-10 07:07:58,215 [SCMBlockDeletingService#1] DEBUG block.SCMBlockDeletingService (SCMBlockDeletingService.java:call(138)) - Running DeletedBlockTransactionScanner
2019-09-10 07:07:58,215 [SCMBlockDeletingService#1] DEBUG block.SCMBlockDeletingService (SCMBlockDeletingService.java:call(155)) - Scanned deleted blocks log and got 0 delTX to process.
2019-09-10 07:07:58,316 [SCMBlockDeletingService#1] DEBUG block.SCMBlockDeletingService (SCMBlockDeletingService.java:call(138)) - Running DeletedBlockTransactionScanner
2019-09-10 07:07:58,316 [SCMBlockDeletingService#1] DEBUG block.SCMBlockDeletingService (SCMBlockDeletingService.java:call(155)) - Scanned deleted blocks log and got 0 delTX to process.
2019-09-10 07:07:58,416 [SCMBlockDeletingService#1] DEBUG block.SCMBlockDeletingService (SCMBlockDeletingService.java:call(138)) - Running DeletedBlockTransactionScanner
2019-09-10 07:07:58,416 [SCMBlockDeletingService#1] DEBUG block.SCMBlockDeletingService (SCMBlockDeletingService.java:call(155)) - Scanned deleted blocks log and got 0 delTX to process.
2019-09-10 07:07:58,517 [SCMBlockDeletingService#1] DEBUG block.SCMBlockDeletingService (SCMBlockDeletingService.java:call(138)) - Running DeletedBlockTransactionScanner
2019-09-10 07:07:58,517 [SCMBlockDeletingService#1] DEBUG block.SCMBlockDeletingService (SCMBlockDeletingService.java:call(155)) - Scanned deleted blocks log and got 0 delTX to process.
2019-09-10 07:07:58,617 [SCMBlockDeletingService#1] DEBUG block.SCMBlockDeletingService (SCMBlockDeletingService.java:call(138)) - Running DeletedBlockTransactionScanner
2019-09-10 07:07:58,617 [SCMBlockDeletingService#1] DEBUG block.SCMBlockDeletingService (SCMBlockDeletingService.java:call(155)) - Scanned deleted blocks log and got 0 delTX to process.
2019-09-10 07:07:58,718 [SCMBlockDeletingService#0] DEBUG block.SCMBlockDeletingService (SCMBlockDeletingService.java:call(138)) - Running DeletedBlockTransactionScanner
2019-09-10 07:07:58,718 [SCMBlockDeletingService#0] DEBUG block.SCMBlockDeletingService (SCMBlockDeletingService.java:call(155)) - Scanned deleted blocks log and got 0 delTX to process.
2019-09-10 07:07:58,818 [SCMBlockDeletingService#0] DEBUG block.SCMBlockDeletingService (SCMBlockDeletingService.java:call(138)) - Running DeletedBlockTransactionScanner
2019-09-10 07:07:58,819 [SCMBlockDeletingService#0] DEBUG block.SCMBlockDeletingService (SCMBlockDeletingService.java:call(155)) - Scanned deleted blocks log and got 0 delTX to process.
2019-09-10 07:07:58,919 [SCMBlockDeletingService#0] DEBUG block.SCMBlockDeletingService (SCMBlockDeletingService.java:call(138)) - Running DeletedBlockTransactionScanner
2019-09-10 07:07:58,919 [SCMBlockDeletingService#0] DEBUG block.SCMBlockDeletingService (SCMBlockDeletingService.java:call(155)) - Scanned deleted blocks log and got 0 delTX to process.
2019-09-10 07:07:59,019 [SCMBlockDeletingService#0] DEBUG block.SCMBlockDeletingService (SCMBlockDeletingService.java:call(138)) - Running DeletedBlockTransactionScanner
2019-09-10 07:07:59,020 [SCMBlockDeletingService#0] DEBUG block.SCMBlockDeletingService (SCMBlockDeletingService.java:call(155)) - Scanned deleted blocks log and got 0 delTX to process.
2019-09-10 07:07:59,120 [SCMBlockDeletingService#0] DEBUG block.SCMBlockDeletingService (SCMBlockDeletingService.java:call(138)) - Running DeletedBlockTransactionScanner
2019-09-10 07:07:59,120 [SCMBlockDeletingService#0] DEBUG block.SCMBlockDeletingService (SCMBlockDeletingService.java:call(155)) - Scanned deleted blocks log and got 0 delTX to process.
2019-09-10 07:07:59,221 [SCMBlockDeletingService#0] DEBUG block.SCMBlockDeletingService (SCMBlockDeletingService.java:call(138)) - Running DeletedBlockTransactionScanner
2019-09-10 07:07:59,221 [SCMBlockDeletingService#0] DEBUG block.SCMBlockDeletingService (SCMBlockDeletingService.java:call(155)) - Scanned deleted blocks log and got 0 delTX to process.
2019-09-10 07:07:59,321 [SCMBlockDeletingService#0] DEBUG block.SCMBlockDeletingService (SCMBlockDeletingService.java:call(138)) - Running DeletedBlockTransactionScanner
2019-09-10 07:07:59,321 [SCMBlockDeletingService#0] DEBUG block.SCMBlockDeletingService (SCMBlockDeletingService.java:call(155)) - Scanned deleted blocks log and got 0 delTX to process.
2019-09-10 07:07:59,422 [SCMBlockDeletingService#1] DEBUG block.SCMBlockDeletingService (SCMBlockDeletingService.java:call(138)) - Running DeletedBlockTransactionScanner
2019-09-10 07:07:59,422 [SCMBlockDeletingService#1] DEBUG block.SCMBlockDeletingService (SCMBlockDeletingService.java:call(155)) - Scanned deleted blocks log and got 0 delTX to process.
2019-09-10 07:07:59,522 [SCMBlockDeletingService#0] DEBUG block.SCMBlockDeletingService (SCMBlockDeletingService.java:call(138)) - Running DeletedBlockTransactionScanner
2019-09-10 07:07:59,523 [SCMBlockDeletingService#0] DEBUG block.SCMBlockDeletingService (SCMBlockDeletingService.java:call(155)) - Scanned deleted blocks log and got 0 delTX to process.
2019-09-10 07:07:59,623 [SCMBlockDeletingService#0] DEBUG block.SCMBlockDeletingService (SCMBlockDeletingService.java:call(138)) - Running DeletedBlockTransactionScanner
2019-09-10 07:07:59,623 [SCMBlockDeletingService#0] DEBUG block.SCMBlockDeletingService (SCMBlockDeletingService.java:call(155)) - Scanned deleted blocks log and got 0 delTX to process.
2019-09-10 07:07:59,723 [SCMBlockDeletingService#0] DEBUG block.SCMBlockDeletingService (SCMBlockDeletingService.java:call(138)) - Running DeletedBlockTransactionScanner
2019-09-10 07:07:59,724 [SCMBlockDeletingService#0] DEBUG block.SCMBlockDeletingService (SCMBlockDeletingService.java:call(155)) - Scanned deleted blocks log and got 0 delTX to process.
2019-09-10 07:07:59,824 [SCMBlockDeletingService#1] DEBUG block.SCMBlockDeletingService (SCMBlockDeletingService.java:call(138)) - Running DeletedBlockTransactionScanner
2019-09-10 07:07:59,824 [SCMBlockDeletingService#1] DEBUG block.SCMBlockDeletingService (SCMBlockDeletingService.java:call(155)) - Scanned deleted blocks log and got 0 delTX to process.
2019-09-10 07:07:59,924 [SCMBlockDeletingService#1] DEBUG block.SCMBlockDeletingService (SCMBlockDeletingService.java:call(138)) - Running DeletedBlockTransactionScanner
2019-09-10 07:07:59,925 [SCMBlockDeletingService#1] DEBUG block.SCMBlockDeletingService (SCMBlockDeletingService.java:call(155)) - Scanned deleted blocks log and got 0 delTX to process.
2019-09-10 07:08:00,025 [SCMBlockDeletingService#1] DEBUG block.SCMBlockDeletingService (SCMBlockDeletingService.java:call(138)) - Running DeletedBlockTransactionScanner
2019-09-10 07:08:00,025 [SCMBlockDeletingService#1] DEBUG block.SCMBlockDeletingService (SCMBlockDeletingService.java:call(155)) - Scanned deleted blocks log and got 0 delTX to process.
2019-09-10 07:08:00,125 [SCMBlockDeletingService#1] DEBUG block.SCMBlockDeletingService (SCMBlockDeletingService.java:call(138)) - Running DeletedBlockTransactionScanner
2019-09-10 07:08:00,126 [SCMBlockDeletingService#1] DEBUG block.SCMBlockDeletingService (SCMBlockDeletingService.java:call(155)) - Scanned deleted blocks log and got 0 delTX to process.
2019-09-10 07:08:00,226 [SCMBlockDeletingService#1] DEBUG block.SCMBlockDeletingService (SCMBlockDeletingService.java:call(138)) - Running DeletedBlockTransactionScanner
2019-09-10 07:08:00,226 [SCMBlockDeletingService#1] DEBUG block.SCMBlockDeletingService (SCMBlockDeletingService.java:call(155)) - Scanned deleted blocks log and got 0 delTX to process.
2019-09-10 07:08:00,327 [SCMBlockDeletingService#1] DEBUG block.SCMBlockDeletingService (SCMBlockDeletingService.java:call(138)) - Running DeletedBlockTransactionScanner
2019-09-10 07:08:00,327 [SCMBlockDeletingService#1] DEBUG block.SCMBlockDeletingService (SCMBlockDeletingService.java:call(155)) - Scanned deleted blocks log and got 0 delTX to process.
2019-09-10 07:08:00,427 [SCMBlockDeletingService#1] DEBUG block.SCMBlockDeletingService (SCMBlockDeletingService.java:call(138)) - Running DeletedBlockTransactionScanner
2019-09-10 07:08:00,427 [SCMBlockDeletingService#1] DEBUG block.SCMBlockDeletingService (SCMBlockDeletingService.java:call(155)) - Scanned deleted blocks log and got 0 delTX to process.
2019-09-10 07:08:00,528 [SCMBlockDeletingService#1] DEBUG block.SCMBlockDeletingService (SCMBlockDeletingService.java:call(138)) - Running DeletedBlockTransactionScanner
2019-09-10 07:08:00,528 [SCMBlockDeletingService#1] DEBUG block.SCMBlockDeletingService (SCMBlockDeletingService.java:call(155)) - Scanned deleted blocks log and got 0 delTX to process.
2019-09-10 07:08:00,628 [SCMBlockDeletingService#1] DEBUG block.SCMBlockDeletingService (SCMBlockDeletingService.java:call(138)) - Running DeletedBlockTransactionScanner
2019-09-10 07:08:00,629 [SCMBlockDeletingService#1] DEBUG block.SCMBlockDeletingService (SCMBlockDeletingService.java:call(155)) - Scanned deleted blocks log and got 0 delTX to process.
2019-09-10 07:08:00,729 [SCMBlockDeletingService#1] DEBUG block.SCMBlockDeletingService (SCMBlockDeletingService.java:call(138)) - Running DeletedBlockTransactionScanner
2019-09-10 07:08:00,729 [SCMBlockDeletingService#1] DEBUG block.SCMBlockDeletingService (SCMBlockDeletingService.java:call(155)) - Scanned deleted blocks log and got 0 delTX to process.
2019-09-10 07:08:00,829 [SCMBlockDeletingService#1] DEBUG block.SCMBlockDeletingService (SCMBlockDeletingService.java:call(138)) - Running DeletedBlockTransactionScanner
2019-09-10 07:08:00,830 [SCMBlockDeletingService#1] DEBUG block.SCMBlockDeletingService (SCMBlockDeletingService.java:call(155)) - Scanned deleted blocks log and got 0 delTX to process.
2019-09-10 07:08:00,930 [SCMBlockDeletingService#1] DEBUG block.SCMBlockDeletingService (SCMBlockDeletingService.java:call(138)) - Running DeletedBlockTransactionScanner
2019-09-10 07:08:00,930 [SCMBlockDeletingService#1] DEBUG block.SCMBlockDeletingService (SCMBlockDeletingService.java:call(155)) - Scanned deleted blocks log and got 0 delTX to process.
2019-09-10 07:08:01,031 [SCMBlockDeletingService#1] DEBUG block.SCMBlockDeletingService (SCMBlockDeletingService.java:call(138)) - Running DeletedBlockTransactionScanner
2019-09-10 07:08:01,031 [SCMBlockDeletingService#1] DEBUG block.SCMBlockDeletingService (SCMBlockDeletingService.java:call(155)) - Scanned deleted blocks log and got 0 delTX to process.
2019-09-10 07:08:01,132 [SCMBlockDeletingService#1] DEBUG block.SCMBlockDeletingService (SCMBlockDeletingService.java:call(138)) - Running DeletedBlockTransactionScanner
2019-09-10 07:08:01,132 [SCMBlockDeletingService#1] DEBUG block.SCMBlockDeletingService (SCMBlockDeletingService.java:call(155)) - Scanned deleted blocks log and got 0 delTX to process.
2019-09-10 07:08:01,232 [SCMBlockDeletingService#1] DEBUG block.SCMBlockDeletingService (SCMBlockDeletingService.java:call(138)) - Running DeletedBlockTransactionScanner
2019-09-10 07:08:01,233 [SCMBlockDeletingService#1] DEBUG block.SCMBlockDeletingService (SCMBlockDeletingService.java:call(155)) - Scanned deleted blocks log and got 0 delTX to process.
2019-09-10 07:08:01,333 [SCMBlockDeletingService#1] DEBUG block.SCMBlockDeletingService (SCMBlockDeletingService.java:call(138)) - Running DeletedBlockTransactionScanner
2019-09-10 07:08:01,333 [SCMBlockDeletingService#1] DEBUG block.SCMBlockDeletingService (SCMBlockDeletingService.java:call(155)) - Scanned deleted blocks log and got 0 delTX to process.
2019-09-10 07:08:01,434 [SCMBlockDeletingService#1] DEBUG block.SCMBlockDeletingService (SCMBlockDeletingService.java:call(138)) - Running DeletedBlockTransactionScanner
2019-09-10 07:08:01,434 [SCMBlockDeletingService#1] DEBUG block.SCMBlockDeletingService (SCMBlockDeletingService.java:call(155)) - Scanned deleted blocks log and got 0 delTX to process.
2019-09-10 07:08:01,534 [SCMBlockDeletingService#1] DEBUG block.SCMBlockDeletingService (SCMBlockDeletingService.java:call(138)) - Running DeletedBlockTransactionScanner
2019-09-10 07:08:01,535 [SCMBlockDeletingService#1] DEBUG block.SCMBlockDeletingService (SCMBlockDeletingService.java:call(155)) - Scanned deleted blocks log and got 0 delTX to process.
2019-09-10 07:08:01,635 [SCMBlockDeletingService#1] DEBUG block.SCMBlockDeletingService (SCMBlockDeletingService.java:call(138)) - Running DeletedBlockTransactionScanner
2019-09-10 07:08:01,635 [SCMBlockDeletingService#1] DEBUG block.SCMBlockDeletingService (SCMBlockDeletingService.java:call(155)) - Scanned deleted blocks log and got 0 delTX to process.
2019-09-10 07:08:01,735 [SCMBlockDeletingService#1] DEBUG block.SCMBlockDeletingService (SCMBlockDeletingService.java:call(138)) - Running DeletedBlockTransactionScanner
2019-09-10 07:08:01,736 [SCMBlockDeletingService#1] DEBUG block.SCMBlockDeletingService (SCMBlockDeletingService.java:call(155)) - Scanned deleted blocks log and got 0 delTX to process.
2019-09-10 07:08:01,836 [SCMBlockDeletingService#1] DEBUG block.SCMBlockDeletingService (SCMBlockDeletingService.java:call(138)) - Running DeletedBlockTransactionScanner
2019-09-10 07:08:01,836 [SCMBlockDeletingService#1] DEBUG block.SCMBlockDeletingService (SCMBlockDeletingService.java:call(155)) - Scanned deleted blocks log and got 0 delTX to process.
2019-09-10 07:08:01,937 [SCMBlockDeletingService#1] DEBUG block.SCMBlockDeletingService (SCMBlockDeletingService.java:call(138)) - Running DeletedBlockTransactionScanner
2019-09-10 07:08:01,937 [SCMBlockDeletingService#1] DEBUG block.SCMBlockDeletingService (SCMBlockDeletingService.java:call(155)) - Scanned deleted blocks log and got 0 delTX to process.
2019-09-10 07:08:02,037 [SCMBlockDeletingService#1] DEBUG block.SCMBlockDeletingService (SCMBlockDeletingService.java:call(138)) - Running DeletedBlockTransactionScanner
2019-09-10 07:08:02,037 [SCMBlockDeletingService#1] DEBUG block.SCMBlockDeletingService (SCMBlockDeletingService.java:call(155)) - Scanned deleted blocks log and got 0 delTX to process.
2019-09-10 07:08:02,102 [05f13708-5e6e-4ea1-a525-a3c8f7f54426@group-34B10843FE54-SegmentedRaftLogWorker] WARN  segmented.SegmentedRaftLogWorker (SegmentedRaftLogWorker.java:getFromFuture(90)) - Timeout 28/~
org.apache.ratis.protocol.TimeoutIOException: Timeout 10s: WriteLog:16: (t:1, i:16), STATEMACHINELOGENTRY, client-7F424F215E90, cid=11-writeStateMachineData
	at org.apache.ratis.util.IOUtils.getFromFuture(IOUtils.java:87)
	at org.apache.ratis.server.raftlog.segmented.SegmentedRaftLogWorker$StateMachineDataPolicy.getFromFuture(SegmentedRaftLogWorker.java:87)
	at org.apache.ratis.server.raftlog.segmented.SegmentedRaftLogWorker$WriteLog.execute(SegmentedRaftLogWorker.java:477)
	at org.apache.ratis.server.raftlog.segmented.SegmentedRaftLogWorker.run(SegmentedRaftLogWorker.java:289)
	at java.lang.Thread.run(Thread.java:748)
Caused by: java.util.concurrent.TimeoutException
	at java.util.concurrent.CompletableFuture.timedGet(CompletableFuture.java:1771)
	at java.util.concurrent.CompletableFuture.get(CompletableFuture.java:1915)
	at org.apache.ratis.util.IOUtils.getFromFuture(IOUtils.java:79)
	... 4 more
2019-09-10 07:08:02,138 [SCMBlockDeletingService#1] DEBUG block.SCMBlockDeletingService (SCMBlockDeletingService.java:call(138)) - Running DeletedBlockTransactionScanner
2019-09-10 07:08:02,138 [SCMBlockDeletingService#1] DEBUG block.SCMBlockDeletingService (SCMBlockDeletingService.java:call(155)) - Scanned deleted blocks log and got 0 delTX to process.
2019-09-10 07:08:02,238 [SCMBlockDeletingService#1] DEBUG block.SCMBlockDeletingService (SCMBlockDeletingService.java:call(138)) - Running DeletedBlockTransactionScanner
2019-09-10 07:08:02,238 [SCMBlockDeletingService#1] DEBUG block.SCMBlockDeletingService (SCMBlockDeletingService.java:call(155)) - Scanned deleted blocks log and got 0 delTX to process.
2019-09-10 07:08:02,339 [SCMBlockDeletingService#1] DEBUG block.SCMBlockDeletingService (SCMBlockDeletingService.java:call(138)) - Running DeletedBlockTransactionScanner
2019-09-10 07:08:02,339 [SCMBlockDeletingService#1] DEBUG block.SCMBlockDeletingService (SCMBlockDeletingService.java:call(155)) - Scanned deleted blocks log and got 0 delTX to process.
2019-09-10 07:08:02,439 [SCMBlockDeletingService#1] DEBUG block.SCMBlockDeletingService (SCMBlockDeletingService.java:call(138)) - Running DeletedBlockTransactionScanner
2019-09-10 07:08:02,440 [SCMBlockDeletingService#1] DEBUG block.SCMBlockDeletingService (SCMBlockDeletingService.java:call(155)) - Scanned deleted blocks log and got 0 delTX to process.
2019-09-10 07:08:02,540 [SCMBlockDeletingService#1] DEBUG block.SCMBlockDeletingService (SCMBlockDeletingService.java:call(138)) - Running DeletedBlockTransactionScanner
2019-09-10 07:08:02,540 [SCMBlockDeletingService#1] DEBUG block.SCMBlockDeletingService (SCMBlockDeletingService.java:call(155)) - Scanned deleted blocks log and got 0 delTX to process.
2019-09-10 07:08:02,640 [SCMBlockDeletingService#1] DEBUG block.SCMBlockDeletingService (SCMBlockDeletingService.java:call(138)) - Running DeletedBlockTransactionScanner
2019-09-10 07:08:02,641 [SCMBlockDeletingService#1] DEBUG block.SCMBlockDeletingService (SCMBlockDeletingService.java:call(155)) - Scanned deleted blocks log and got 0 delTX to process.
2019-09-10 07:08:02,741 [SCMBlockDeletingService#1] DEBUG block.SCMBlockDeletingService (SCMBlockDeletingService.java:call(138)) - Running DeletedBlockTransactionScanner
2019-09-10 07:08:02,741 [SCMBlockDeletingService#1] DEBUG block.SCMBlockDeletingService (SCMBlockDeletingService.java:call(155)) - Scanned deleted blocks log and got 0 delTX to process.
2019-09-10 07:08:02,842 [SCMBlockDeletingService#1] DEBUG block.SCMBlockDeletingService (SCMBlockDeletingService.java:call(138)) - Running DeletedBlockTransactionScanner
2019-09-10 07:08:02,842 [SCMBlockDeletingService#1] DEBUG block.SCMBlockDeletingService (SCMBlockDeletingService.java:call(155)) - Scanned deleted blocks log and got 0 delTX to process.
2019-09-10 07:08:02,942 [SCMBlockDeletingService#1] DEBUG block.SCMBlockDeletingService (SCMBlockDeletingService.java:call(138)) - Running DeletedBlockTransactionScanner
2019-09-10 07:08:02,943 [SCMBlockDeletingService#1] DEBUG block.SCMBlockDeletingService (SCMBlockDeletingService.java:call(155)) - Scanned deleted blocks log and got 0 delTX to process.
2019-09-10 07:08:03,043 [SCMBlockDeletingService#1] DEBUG block.SCMBlockDeletingService (SCMBlockDeletingService.java:call(138)) - Running DeletedBlockTransactionScanner
2019-09-10 07:08:03,043 [SCMBlockDeletingService#1] DEBUG block.SCMBlockDeletingService (SCMBlockDeletingService.java:call(155)) - Scanned deleted blocks log and got 0 delTX to process.
2019-09-10 07:08:03,144 [SCMBlockDeletingService#1] DEBUG block.SCMBlockDeletingService (SCMBlockDeletingService.java:call(138)) - Running DeletedBlockTransactionScanner
2019-09-10 07:08:03,144 [SCMBlockDeletingService#1] DEBUG block.SCMBlockDeletingService (SCMBlockDeletingService.java:call(155)) - Scanned deleted blocks log and got 0 delTX to process.
2019-09-10 07:08:03,244 [SCMBlockDeletingService#1] DEBUG block.SCMBlockDeletingService (SCMBlockDeletingService.java:call(138)) - Running DeletedBlockTransactionScanner
2019-09-10 07:08:03,244 [SCMBlockDeletingService#1] DEBUG block.SCMBlockDeletingService (SCMBlockDeletingService.java:call(155)) - Scanned deleted blocks log and got 0 delTX to process.
2019-09-10 07:08:03,345 [SCMBlockDeletingService#1] DEBUG block.SCMBlockDeletingService (SCMBlockDeletingService.java:call(138)) - Running DeletedBlockTransactionScanner
2019-09-10 07:08:03,345 [SCMBlockDeletingService#1] DEBUG block.SCMBlockDeletingService (SCMBlockDeletingService.java:call(155)) - Scanned deleted blocks log and got 0 delTX to process.
2019-09-10 07:08:03,445 [SCMBlockDeletingService#1] DEBUG block.SCMBlockDeletingService (SCMBlockDeletingService.java:call(138)) - Running DeletedBlockTransactionScanner
2019-09-10 07:08:03,445 [SCMBlockDeletingService#1] DEBUG block.SCMBlockDeletingService (SCMBlockDeletingService.java:call(155)) - Scanned deleted blocks log and got 0 delTX to process.
2019-09-10 07:08:03,546 [SCMBlockDeletingService#1] DEBUG block.SCMBlockDeletingService (SCMBlockDeletingService.java:call(138)) - Running DeletedBlockTransactionScanner
2019-09-10 07:08:03,546 [SCMBlockDeletingService#1] DEBUG block.SCMBlockDeletingService (SCMBlockDeletingService.java:call(155)) - Scanned deleted blocks log and got 0 delTX to process.
2019-09-10 07:08:03,646 [SCMBlockDeletingService#1] DEBUG block.SCMBlockDeletingService (SCMBlockDeletingService.java:call(138)) - Running DeletedBlockTransactionScanner
2019-09-10 07:08:03,646 [SCMBlockDeletingService#1] DEBUG block.SCMBlockDeletingService (SCMBlockDeletingService.java:call(155)) - Scanned deleted blocks log and got 0 delTX to process.
2019-09-10 07:08:03,747 [SCMBlockDeletingService#1] DEBUG block.SCMBlockDeletingService (SCMBlockDeletingService.java:call(138)) - Running DeletedBlockTransactionScanner
2019-09-10 07:08:03,747 [SCMBlockDeletingService#1] DEBUG block.SCMBlockDeletingService (SCMBlockDeletingService.java:call(155)) - Scanned deleted blocks log and got 0 delTX to process.
2019-09-10 07:08:03,847 [SCMBlockDeletingService#1] DEBUG block.SCMBlockDeletingService (SCMBlockDeletingService.java:call(138)) - Running DeletedBlockTransactionScanner
2019-09-10 07:08:03,847 [SCMBlockDeletingService#1] DEBUG block.SCMBlockDeletingService (SCMBlockDeletingService.java:call(155)) - Scanned deleted blocks log and got 0 delTX to process.
2019-09-10 07:08:03,948 [SCMBlockDeletingService#1] DEBUG block.SCMBlockDeletingService (SCMBlockDeletingService.java:call(138)) - Running DeletedBlockTransactionScanner
2019-09-10 07:08:03,948 [SCMBlockDeletingService#1] DEBUG block.SCMBlockDeletingService (SCMBlockDeletingService.java:call(155)) - Scanned deleted blocks log and got 0 delTX to process.
2019-09-10 07:08:04,048 [SCMBlockDeletingService#1] DEBUG block.SCMBlockDeletingService (SCMBlockDeletingService.java:call(138)) - Running DeletedBlockTransactionScanner
2019-09-10 07:08:04,048 [SCMBlockDeletingService#1] DEBUG block.SCMBlockDeletingService (SCMBlockDeletingService.java:call(155)) - Scanned deleted blocks log and got 0 delTX to process.
2019-09-10 07:08:04,149 [SCMBlockDeletingService#0] DEBUG block.SCMBlockDeletingService (SCMBlockDeletingService.java:call(138)) - Running DeletedBlockTransactionScanner
2019-09-10 07:08:04,149 [SCMBlockDeletingService#0] DEBUG block.SCMBlockDeletingService (SCMBlockDeletingService.java:call(155)) - Scanned deleted blocks log and got 0 delTX to process.
2019-09-10 07:08:04,249 [SCMBlockDeletingService#0] DEBUG block.SCMBlockDeletingService (SCMBlockDeletingService.java:call(138)) - Running DeletedBlockTransactionScanner
2019-09-10 07:08:04,250 [SCMBlockDeletingService#0] DEBUG block.SCMBlockDeletingService (SCMBlockDeletingService.java:call(155)) - Scanned deleted blocks log and got 0 delTX to process.
2019-09-10 07:08:04,350 [SCMBlockDeletingService#0] DEBUG block.SCMBlockDeletingService (SCMBlockDeletingService.java:call(138)) - Running DeletedBlockTransactionScanner
2019-09-10 07:08:04,350 [SCMBlockDeletingService#0] DEBUG block.SCMBlockDeletingService (SCMBlockDeletingService.java:call(155)) - Scanned deleted blocks log and got 0 delTX to process.
2019-09-10 07:08:04,450 [SCMBlockDeletingService#0] DEBUG block.SCMBlockDeletingService (SCMBlockDeletingService.java:call(138)) - Running DeletedBlockTransactionScanner
2019-09-10 07:08:04,451 [SCMBlockDeletingService#0] DEBUG block.SCMBlockDeletingService (SCMBlockDeletingService.java:call(155)) - Scanned deleted blocks log and got 0 delTX to process.
2019-09-10 07:08:04,551 [SCMBlockDeletingService#0] DEBUG block.SCMBlockDeletingService (SCMBlockDeletingService.java:call(138)) - Running DeletedBlockTransactionScanner
2019-09-10 07:08:04,551 [SCMBlockDeletingService#0] DEBUG block.SCMBlockDeletingService (SCMBlockDeletingService.java:call(155)) - Scanned deleted blocks log and got 0 delTX to process.
2019-09-10 07:08:04,652 [SCMBlockDeletingService#0] DEBUG block.SCMBlockDeletingService (SCMBlockDeletingService.java:call(138)) - Running DeletedBlockTransactionScanner
2019-09-10 07:08:04,652 [SCMBlockDeletingService#0] DEBUG block.SCMBlockDeletingService (SCMBlockDeletingService.java:call(155)) - Scanned deleted blocks log and got 0 delTX to process.
2019-09-10 07:08:04,752 [SCMBlockDeletingService#0] DEBUG block.SCMBlockDeletingService (SCMBlockDeletingService.java:call(138)) - Running DeletedBlockTransactionScanner
2019-09-10 07:08:04,752 [SCMBlockDeletingService#0] DEBUG block.SCMBlockDeletingService (SCMBlockDeletingService.java:call(155)) - Scanned deleted blocks log and got 0 delTX to process.
2019-09-10 07:08:04,853 [SCMBlockDeletingService#0] DEBUG block.SCMBlockDeletingService (SCMBlockDeletingService.java:call(138)) - Running DeletedBlockTransactionScanner
2019-09-10 07:08:04,853 [SCMBlockDeletingService#0] DEBUG block.SCMBlockDeletingService (SCMBlockDeletingService.java:call(155)) - Scanned deleted blocks log and got 0 delTX to process.
2019-09-10 07:08:04,953 [SCMBlockDeletingService#0] DEBUG block.SCMBlockDeletingService (SCMBlockDeletingService.java:call(138)) - Running DeletedBlockTransactionScanner
2019-09-10 07:08:04,953 [SCMBlockDeletingService#0] DEBUG block.SCMBlockDeletingService (SCMBlockDeletingService.java:call(155)) - Scanned deleted blocks log and got 0 delTX to process.
2019-09-10 07:08:05,054 [SCMBlockDeletingService#0] DEBUG block.SCMBlockDeletingService (SCMBlockDeletingService.java:call(138)) - Running DeletedBlockTransactionScanner
2019-09-10 07:08:05,054 [SCMBlockDeletingService#0] DEBUG block.SCMBlockDeletingService (SCMBlockDeletingService.java:call(155)) - Scanned deleted blocks log and got 0 delTX to process.
2019-09-10 07:08:05,154 [SCMBlockDeletingService#0] DEBUG block.SCMBlockDeletingService (SCMBlockDeletingService.java:call(138)) - Running DeletedBlockTransactionScanner
2019-09-10 07:08:05,154 [SCMBlockDeletingService#0] DEBUG block.SCMBlockDeletingService (SCMBlockDeletingService.java:call(155)) - Scanned deleted blocks log and got 0 delTX to process.
2019-09-10 07:08:05,254 [SCMBlockDeletingService#0] DEBUG block.SCMBlockDeletingService (SCMBlockDeletingService.java:call(138)) - Running DeletedBlockTransactionScanner
2019-09-10 07:08:05,255 [SCMBlockDeletingService#0] DEBUG block.SCMBlockDeletingService (SCMBlockDeletingService.java:call(155)) - Scanned deleted blocks log and got 0 delTX to process.
2019-09-10 07:08:05,355 [SCMBlockDeletingService#0] DEBUG block.SCMBlockDeletingService (SCMBlockDeletingService.java:call(138)) - Running DeletedBlockTransactionScanner
2019-09-10 07:08:05,355 [SCMBlockDeletingService#0] DEBUG block.SCMBlockDeletingService (SCMBlockDeletingService.java:call(155)) - Scanned deleted blocks log and got 0 delTX to process.
2019-09-10 07:08:05,455 [SCMBlockDeletingService#0] DEBUG block.SCMBlockDeletingService (SCMBlockDeletingService.java:call(138)) - Running DeletedBlockTransactionScanner
2019-09-10 07:08:05,456 [SCMBlockDeletingService#0] DEBUG block.SCMBlockDeletingService (SCMBlockDeletingService.java:call(155)) - Scanned deleted blocks log and got 0 delTX to process.
2019-09-10 07:08:05,556 [SCMBlockDeletingService#0] DEBUG block.SCMBlockDeletingService (SCMBlockDeletingService.java:call(138)) - Running DeletedBlockTransactionScanner
2019-09-10 07:08:05,556 [SCMBlockDeletingService#0] DEBUG block.SCMBlockDeletingService (SCMBlockDeletingService.java:call(155)) - Scanned deleted blocks log and got 0 delTX to process.
2019-09-10 07:08:05,657 [SCMBlockDeletingService#0] DEBUG block.SCMBlockDeletingService (SCMBlockDeletingService.java:call(138)) - Running DeletedBlockTransactionScanner
2019-09-10 07:08:05,657 [SCMBlockDeletingService#0] DEBUG block.SCMBlockDeletingService (SCMBlockDeletingService.java:call(155)) - Scanned deleted blocks log and got 0 delTX to process.
2019-09-10 07:08:05,757 [SCMBlockDeletingService#0] DEBUG block.SCMBlockDeletingService (SCMBlockDeletingService.java:call(138)) - Running DeletedBlockTransactionScanner
2019-09-10 07:08:05,757 [SCMBlockDeletingService#0] DEBUG block.SCMBlockDeletingService (SCMBlockDeletingService.java:call(155)) - Scanned deleted blocks log and got 0 delTX to process.
2019-09-10 07:08:05,858 [SCMBlockDeletingService#0] DEBUG block.SCMBlockDeletingService (SCMBlockDeletingService.java:call(138)) - Running DeletedBlockTransactionScanner
2019-09-10 07:08:05,858 [SCMBlockDeletingService#0] DEBUG block.SCMBlockDeletingService (SCMBlockDeletingService.java:call(155)) - Scanned deleted blocks log and got 0 delTX to process.
2019-09-10 07:08:05,958 [SCMBlockDeletingService#0] DEBUG block.SCMBlockDeletingService (SCMBlockDeletingService.java:call(138)) - Running DeletedBlockTransactionScanner
2019-09-10 07:08:05,958 [SCMBlockDeletingService#0] DEBUG block.SCMBlockDeletingService (SCMBlockDeletingService.java:call(155)) - Scanned deleted blocks log and got 0 delTX to process.
2019-09-10 07:08:06,059 [SCMBlockDeletingService#0] DEBUG block.SCMBlockDeletingService (SCMBlockDeletingService.java:call(138)) - Running DeletedBlockTransactionScanner
2019-09-10 07:08:06,059 [SCMBlockDeletingService#0] DEBUG block.SCMBlockDeletingService (SCMBlockDeletingService.java:call(155)) - Scanned deleted blocks log and got 0 delTX to process.
2019-09-10 07:08:06,159 [SCMBlockDeletingService#1] DEBUG block.SCMBlockDeletingService (SCMBlockDeletingService.java:call(138)) - Running DeletedBlockTransactionScanner
2019-09-10 07:08:06,160 [SCMBlockDeletingService#1] DEBUG block.SCMBlockDeletingService (SCMBlockDeletingService.java:call(155)) - Scanned deleted blocks log and got 0 delTX to process.
2019-09-10 07:08:06,260 [SCMBlockDeletingService#1] DEBUG block.SCMBlockDeletingService (SCMBlockDeletingService.java:call(138)) - Running DeletedBlockTransactionScanner
2019-09-10 07:08:06,260 [SCMBlockDeletingService#1] DEBUG block.SCMBlockDeletingService (SCMBlockDeletingService.java:call(155)) - Scanned deleted blocks log and got 0 delTX to process.
2019-09-10 07:08:06,360 [SCMBlockDeletingService#1] DEBUG block.SCMBlockDeletingService (SCMBlockDeletingService.java:call(138)) - Running DeletedBlockTransactionScanner
2019-09-10 07:08:06,361 [SCMBlockDeletingService#1] DEBUG block.SCMBlockDeletingService (SCMBlockDeletingService.java:call(155)) - Scanned deleted blocks log and got 0 delTX to process.
2019-09-10 07:08:06,461 [SCMBlockDeletingService#1] DEBUG block.SCMBlockDeletingService (SCMBlockDeletingService.java:call(138)) - Running DeletedBlockTransactionScanner
2019-09-10 07:08:06,461 [SCMBlockDeletingService#1] DEBUG block.SCMBlockDeletingService (SCMBlockDeletingService.java:call(155)) - Scanned deleted blocks log and got 0 delTX to process.
2019-09-10 07:08:06,561 [SCMBlockDeletingService#1] DEBUG block.SCMBlockDeletingService (SCMBlockDeletingService.java:call(138)) - Running DeletedBlockTransactionScanner
2019-09-10 07:08:06,562 [SCMBlockDeletingService#1] DEBUG block.SCMBlockDeletingService (SCMBlockDeletingService.java:call(155)) - Scanned deleted blocks log and got 0 delTX to process.
2019-09-10 07:08:06,662 [SCMBlockDeletingService#1] DEBUG block.SCMBlockDeletingService (SCMBlockDeletingService.java:call(138)) - Running DeletedBlockTransactionScanner
2019-09-10 07:08:06,662 [SCMBlockDeletingService#1] DEBUG block.SCMBlockDeletingService (SCMBlockDeletingService.java:call(155)) - Scanned deleted blocks log and got 0 delTX to process.
2019-09-10 07:08:06,763 [SCMBlockDeletingService#1] DEBUG block.SCMBlockDeletingService (SCMBlockDeletingService.java:call(138)) - Running DeletedBlockTransactionScanner
2019-09-10 07:08:06,763 [SCMBlockDeletingService#1] DEBUG block.SCMBlockDeletingService (SCMBlockDeletingService.java:call(155)) - Scanned deleted blocks log and got 0 delTX to process.
2019-09-10 07:08:06,863 [SCMBlockDeletingService#1] DEBUG block.SCMBlockDeletingService (SCMBlockDeletingService.java:call(138)) - Running DeletedBlockTransactionScanner
2019-09-10 07:08:06,863 [SCMBlockDeletingService#1] DEBUG block.SCMBlockDeletingService (SCMBlockDeletingService.java:call(155)) - Scanned deleted blocks log and got 0 delTX to process.
2019-09-10 07:08:06,964 [SCMBlockDeletingService#1] DEBUG block.SCMBlockDeletingService (SCMBlockDeletingService.java:call(138)) - Running DeletedBlockTransactionScanner
2019-09-10 07:08:06,964 [SCMBlockDeletingService#1] DEBUG block.SCMBlockDeletingService (SCMBlockDeletingService.java:call(155)) - Scanned deleted blocks log and got 0 delTX to process.
2019-09-10 07:08:07,064 [SCMBlockDeletingService#1] DEBUG block.SCMBlockDeletingService (SCMBlockDeletingService.java:call(138)) - Running DeletedBlockTransactionScanner
2019-09-10 07:08:07,065 [SCMBlockDeletingService#1] DEBUG block.SCMBlockDeletingService (SCMBlockDeletingService.java:call(155)) - Scanned deleted blocks log and got 0 delTX to process.
2019-09-10 07:08:07,165 [SCMBlockDeletingService#1] DEBUG block.SCMBlockDeletingService (SCMBlockDeletingService.java:call(138)) - Running DeletedBlockTransactionScanner
2019-09-10 07:08:07,165 [SCMBlockDeletingService#1] DEBUG block.SCMBlockDeletingService (SCMBlockDeletingService.java:call(155)) - Scanned deleted blocks log and got 0 delTX to process.
2019-09-10 07:08:07,266 [SCMBlockDeletingService#1] DEBUG block.SCMBlockDeletingService (SCMBlockDeletingService.java:call(138)) - Running DeletedBlockTransactionScanner
2019-09-10 07:08:07,266 [SCMBlockDeletingService#1] DEBUG block.SCMBlockDeletingService (SCMBlockDeletingService.java:call(155)) - Scanned deleted blocks log and got 0 delTX to process.
2019-09-10 07:08:07,337 [ReplicationMonitor] INFO  container.ReplicationManager (ReplicationManager.java:run(225)) - Replication Monitor Thread took 1 milliseconds for processing 3 containers.
2019-09-10 07:08:07,366 [SCMBlockDeletingService#1] DEBUG block.SCMBlockDeletingService (SCMBlockDeletingService.java:call(138)) - Running DeletedBlockTransactionScanner
2019-09-10 07:08:07,366 [SCMBlockDeletingService#1] DEBUG block.SCMBlockDeletingService (SCMBlockDeletingService.java:call(155)) - Scanned deleted blocks log and got 0 delTX to process.
2019-09-10 07:08:07,467 [SCMBlockDeletingService#1] DEBUG block.SCMBlockDeletingService (SCMBlockDeletingService.java:call(138)) - Running DeletedBlockTransactionScanner
2019-09-10 07:08:07,467 [SCMBlockDeletingService#1] DEBUG block.SCMBlockDeletingService (SCMBlockDeletingService.java:call(155)) - Scanned deleted blocks log and got 0 delTX to process.
2019-09-10 07:08:07,567 [SCMBlockDeletingService#1] DEBUG block.SCMBlockDeletingService (SCMBlockDeletingService.java:call(138)) - Running DeletedBlockTransactionScanner
2019-09-10 07:08:07,568 [SCMBlockDeletingService#1] DEBUG block.SCMBlockDeletingService (SCMBlockDeletingService.java:call(155)) - Scanned deleted blocks log and got 0 delTX to process.
2019-09-10 07:08:07,668 [SCMBlockDeletingService#1] DEBUG block.SCMBlockDeletingService (SCMBlockDeletingService.java:call(138)) - Running DeletedBlockTransactionScanner
2019-09-10 07:08:07,668 [SCMBlockDeletingService#1] DEBUG block.SCMBlockDeletingService (SCMBlockDeletingService.java:call(155)) - Scanned deleted blocks log and got 0 delTX to process.
2019-09-10 07:08:07,769 [SCMBlockDeletingService#1] DEBUG block.SCMBlockDeletingService (SCMBlockDeletingService.java:call(138)) - Running DeletedBlockTransactionScanner
2019-09-10 07:08:07,769 [SCMBlockDeletingService#1] DEBUG block.SCMBlockDeletingService (SCMBlockDeletingService.java:call(155)) - Scanned deleted blocks log and got 0 delTX to process.
2019-09-10 07:08:07,869 [SCMBlockDeletingService#1] DEBUG block.SCMBlockDeletingService (SCMBlockDeletingService.java:call(138)) - Running DeletedBlockTransactionScanner
2019-09-10 07:08:07,869 [SCMBlockDeletingService#1] DEBUG block.SCMBlockDeletingService (SCMBlockDeletingService.java:call(155)) - Scanned deleted blocks log and got 0 delTX to process.
2019-09-10 07:08:07,970 [SCMBlockDeletingService#1] DEBUG block.SCMBlockDeletingService (SCMBlockDeletingService.java:call(138)) - Running DeletedBlockTransactionScanner
2019-09-10 07:08:07,970 [SCMBlockDeletingService#1] DEBUG block.SCMBlockDeletingService (SCMBlockDeletingService.java:call(155)) - Scanned deleted blocks log and got 0 delTX to process.
2019-09-10 07:08:08,070 [SCMBlockDeletingService#1] DEBUG block.SCMBlockDeletingService (SCMBlockDeletingService.java:call(138)) - Running DeletedBlockTransactionScanner
2019-09-10 07:08:08,070 [SCMBlockDeletingService#1] DEBUG block.SCMBlockDeletingService (SCMBlockDeletingService.java:call(155)) - Scanned deleted blocks log and got 0 delTX to process.
2019-09-10 07:08:08,171 [SCMBlockDeletingService#0] DEBUG block.SCMBlockDeletingService (SCMBlockDeletingService.java:call(138)) - Running DeletedBlockTransactionScanner
2019-09-10 07:08:08,171 [SCMBlockDeletingService#0] DEBUG block.SCMBlockDeletingService (SCMBlockDeletingService.java:call(155)) - Scanned deleted blocks log and got 0 delTX to process.
2019-09-10 07:08:08,271 [SCMBlockDeletingService#0] DEBUG block.SCMBlockDeletingService (SCMBlockDeletingService.java:call(138)) - Running DeletedBlockTransactionScanner
2019-09-10 07:08:08,272 [SCMBlockDeletingService#0] DEBUG block.SCMBlockDeletingService (SCMBlockDeletingService.java:call(155)) - Scanned deleted blocks log and got 0 delTX to process.
2019-09-10 07:08:08,372 [SCMBlockDeletingService#0] DEBUG block.SCMBlockDeletingService (SCMBlockDeletingService.java:call(138)) - Running DeletedBlockTransactionScanner
2019-09-10 07:08:08,372 [SCMBlockDeletingService#0] DEBUG block.SCMBlockDeletingService (SCMBlockDeletingService.java:call(155)) - Scanned deleted blocks log and got 0 delTX to process.
2019-09-10 07:08:08,472 [SCMBlockDeletingService#0] DEBUG block.SCMBlockDeletingService (SCMBlockDeletingService.java:call(138)) - Running DeletedBlockTransactionScanner
2019-09-10 07:08:08,473 [SCMBlockDeletingService#0] DEBUG block.SCMBlockDeletingService (SCMBlockDeletingService.java:call(155)) - Scanned deleted blocks log and got 0 delTX to process.
2019-09-10 07:08:08,573 [SCMBlockDeletingService#0] DEBUG block.SCMBlockDeletingService (SCMBlockDeletingService.java:call(138)) - Running DeletedBlockTransactionScanner
2019-09-10 07:08:08,573 [SCMBlockDeletingService#0] DEBUG block.SCMBlockDeletingService (SCMBlockDeletingService.java:call(155)) - Scanned deleted blocks log and got 0 delTX to process.
2019-09-10 07:08:08,673 [SCMBlockDeletingService#0] DEBUG block.SCMBlockDeletingService (SCMBlockDeletingService.java:call(138)) - Running DeletedBlockTransactionScanner
2019-09-10 07:08:08,674 [SCMBlockDeletingService#0] DEBUG block.SCMBlockDeletingService (SCMBlockDeletingService.java:call(155)) - Scanned deleted blocks log and got 0 delTX to process.
2019-09-10 07:08:08,774 [SCMBlockDeletingService#0] DEBUG block.SCMBlockDeletingService (SCMBlockDeletingService.java:call(138)) - Running DeletedBlockTransactionScanner
2019-09-10 07:08:08,774 [SCMBlockDeletingService#0] DEBUG block.SCMBlockDeletingService (SCMBlockDeletingService.java:call(155)) - Scanned deleted blocks log and got 0 delTX to process.
2019-09-10 07:08:08,874 [SCMBlockDeletingService#1] DEBUG block.SCMBlockDeletingService (SCMBlockDeletingService.java:call(138)) - Running DeletedBlockTransactionScanner
2019-09-10 07:08:08,875 [SCMBlockDeletingService#1] DEBUG block.SCMBlockDeletingService (SCMBlockDeletingService.java:call(155)) - Scanned deleted blocks log and got 0 delTX to process.
2019-09-10 07:08:08,975 [SCMBlockDeletingService#1] DEBUG block.SCMBlockDeletingService (SCMBlockDeletingService.java:call(138)) - Running DeletedBlockTransactionScanner
2019-09-10 07:08:08,975 [SCMBlockDeletingService#1] DEBUG block.SCMBlockDeletingService (SCMBlockDeletingService.java:call(155)) - Scanned deleted blocks log and got 0 delTX to process.
2019-09-10 07:08:09,076 [SCMBlockDeletingService#1] DEBUG block.SCMBlockDeletingService (SCMBlockDeletingService.java:call(138)) - Running DeletedBlockTransactionScanner
2019-09-10 07:08:09,076 [SCMBlockDeletingService#1] DEBUG block.SCMBlockDeletingService (SCMBlockDeletingService.java:call(155)) - Scanned deleted blocks log and got 0 delTX to process.
2019-09-10 07:08:09,176 [SCMBlockDeletingService#1] DEBUG block.SCMBlockDeletingService (SCMBlockDeletingService.java:call(138)) - Running DeletedBlockTransactionScanner
2019-09-10 07:08:09,176 [SCMBlockDeletingService#1] DEBUG block.SCMBlockDeletingService (SCMBlockDeletingService.java:call(155)) - Scanned deleted blocks log and got 0 delTX to process.
2019-09-10 07:08:09,277 [SCMBlockDeletingService#1] DEBUG block.SCMBlockDeletingService (SCMBlockDeletingService.java:call(138)) - Running DeletedBlockTransactionScanner
2019-09-10 07:08:09,277 [SCMBlockDeletingService#1] DEBUG block.SCMBlockDeletingService (SCMBlockDeletingService.java:call(155)) - Scanned deleted blocks log and got 0 delTX to process.
2019-09-10 07:08:09,377 [SCMBlockDeletingService#1] DEBUG block.SCMBlockDeletingService (SCMBlockDeletingService.java:call(138)) - Running DeletedBlockTransactionScanner
2019-09-10 07:08:09,378 [SCMBlockDeletingService#1] DEBUG block.SCMBlockDeletingService (SCMBlockDeletingService.java:call(155)) - Scanned deleted blocks log and got 0 delTX to process.
2019-09-10 07:08:09,478 [SCMBlockDeletingService#1] DEBUG block.SCMBlockDeletingService (SCMBlockDeletingService.java:call(138)) - Running DeletedBlockTransactionScanner
2019-09-10 07:08:09,478 [SCMBlockDeletingService#1] DEBUG block.SCMBlockDeletingService (SCMBlockDeletingService.java:call(155)) - Scanned deleted blocks log and got 0 delTX to process.
2019-09-10 07:08:09,579 [SCMBlockDeletingService#1] DEBUG block.SCMBlockDeletingService (SCMBlockDeletingService.java:call(138)) - Running DeletedBlockTransactionScanner
2019-09-10 07:08:09,579 [SCMBlockDeletingService#1] DEBUG block.SCMBlockDeletingService (SCMBlockDeletingService.java:call(155)) - Scanned deleted blocks log and got 0 delTX to process.
2019-09-10 07:08:09,679 [SCMBlockDeletingService#1] DEBUG block.SCMBlockDeletingService (SCMBlockDeletingService.java:call(138)) - Running DeletedBlockTransactionScanner
2019-09-10 07:08:09,679 [SCMBlockDeletingService#1] DEBUG block.SCMBlockDeletingService (SCMBlockDeletingService.java:call(155)) - Scanned deleted blocks log and got 0 delTX to process.
2019-09-10 07:08:09,780 [SCMBlockDeletingService#1] DEBUG block.SCMBlockDeletingService (SCMBlockDeletingService.java:call(138)) - Running DeletedBlockTransactionScanner
2019-09-10 07:08:09,780 [SCMBlockDeletingService#1] DEBUG block.SCMBlockDeletingService (SCMBlockDeletingService.java:call(155)) - Scanned deleted blocks log and got 0 delTX to process.
2019-09-10 07:08:09,880 [SCMBlockDeletingService#1] DEBUG block.SCMBlockDeletingService (SCMBlockDeletingService.java:call(138)) - Running DeletedBlockTransactionScanner
2019-09-10 07:08:09,880 [SCMBlockDeletingService#1] DEBUG block.SCMBlockDeletingService (SCMBlockDeletingService.java:call(155)) - Scanned deleted blocks log and got 0 delTX to process.
2019-09-10 07:08:09,981 [SCMBlockDeletingService#1] DEBUG block.SCMBlockDeletingService (SCMBlockDeletingService.java:call(138)) - Running DeletedBlockTransactionScanner
2019-09-10 07:08:09,981 [SCMBlockDeletingService#1] DEBUG block.SCMBlockDeletingService (SCMBlockDeletingService.java:call(155)) - Scanned deleted blocks log and got 0 delTX to process.
2019-09-10 07:08:10,081 [SCMBlockDeletingService#1] DEBUG block.SCMBlockDeletingService (SCMBlockDeletingService.java:call(138)) - Running DeletedBlockTransactionScanner
2019-09-10 07:08:10,082 [SCMBlockDeletingService#1] DEBUG block.SCMBlockDeletingService (SCMBlockDeletingService.java:call(155)) - Scanned deleted blocks log and got 0 delTX to process.
2019-09-10 07:08:10,182 [SCMBlockDeletingService#1] DEBUG block.SCMBlockDeletingService (SCMBlockDeletingService.java:call(138)) - Running DeletedBlockTransactionScanner
2019-09-10 07:08:10,182 [SCMBlockDeletingService#1] DEBUG block.SCMBlockDeletingService (SCMBlockDeletingService.java:call(155)) - Scanned deleted blocks log and got 0 delTX to process.
2019-09-10 07:08:10,282 [SCMBlockDeletingService#0] DEBUG block.SCMBlockDeletingService (SCMBlockDeletingService.java:call(138)) - Running DeletedBlockTransactionScanner
2019-09-10 07:08:10,283 [SCMBlockDeletingService#0] DEBUG block.SCMBlockDeletingService (SCMBlockDeletingService.java:call(155)) - Scanned deleted blocks log and got 0 delTX to process.
2019-09-10 07:08:10,383 [SCMBlockDeletingService#0] DEBUG block.SCMBlockDeletingService (SCMBlockDeletingService.java:call(138)) - Running DeletedBlockTransactionScanner
2019-09-10 07:08:10,384 [SCMBlockDeletingService#0] DEBUG block.SCMBlockDeletingService (SCMBlockDeletingService.java:call(155)) - Scanned deleted blocks log and got 0 delTX to process.
2019-09-10 07:08:10,484 [SCMBlockDeletingService#0] DEBUG block.SCMBlockDeletingService (SCMBlockDeletingService.java:call(138)) - Running DeletedBlockTransactionScanner
2019-09-10 07:08:10,484 [SCMBlockDeletingService#0] DEBUG block.SCMBlockDeletingService (SCMBlockDeletingService.java:call(155)) - Scanned deleted blocks log and got 0 delTX to process.
2019-09-10 07:08:10,585 [SCMBlockDeletingService#0] DEBUG block.SCMBlockDeletingService (SCMBlockDeletingService.java:call(138)) - Running DeletedBlockTransactionScanner
2019-09-10 07:08:10,585 [SCMBlockDeletingService#0] DEBUG block.SCMBlockDeletingService (SCMBlockDeletingService.java:call(155)) - Scanned deleted blocks log and got 0 delTX to process.
2019-09-10 07:08:10,685 [SCMBlockDeletingService#0] DEBUG block.SCMBlockDeletingService (SCMBlockDeletingService.java:call(138)) - Running DeletedBlockTransactionScanner
2019-09-10 07:08:10,686 [SCMBlockDeletingService#0] DEBUG block.SCMBlockDeletingService (SCMBlockDeletingService.java:call(155)) - Scanned deleted blocks log and got 0 delTX to process.
2019-09-10 07:08:10,786 [SCMBlockDeletingService#0] DEBUG block.SCMBlockDeletingService (SCMBlockDeletingService.java:call(138)) - Running DeletedBlockTransactionScanner
2019-09-10 07:08:10,786 [SCMBlockDeletingService#0] DEBUG block.SCMBlockDeletingService (SCMBlockDeletingService.java:call(155)) - Scanned deleted blocks log and got 0 delTX to process.
2019-09-10 07:08:10,887 [SCMBlockDeletingService#0] DEBUG block.SCMBlockDeletingService (SCMBlockDeletingService.java:call(138)) - Running DeletedBlockTransactionScanner
2019-09-10 07:08:10,887 [SCMBlockDeletingService#0] DEBUG block.SCMBlockDeletingService (SCMBlockDeletingService.java:call(155)) - Scanned deleted blocks log and got 0 delTX to process.
2019-09-10 07:08:10,987 [SCMBlockDeletingService#0] DEBUG block.SCMBlockDeletingService (SCMBlockDeletingService.java:call(138)) - Running DeletedBlockTransactionScanner
2019-09-10 07:08:10,988 [SCMBlockDeletingService#0] DEBUG block.SCMBlockDeletingService (SCMBlockDeletingService.java:call(155)) - Scanned deleted blocks log and got 0 delTX to process.
2019-09-10 07:08:11,088 [SCMBlockDeletingService#0] DEBUG block.SCMBlockDeletingService (SCMBlockDeletingService.java:call(138)) - Running DeletedBlockTransactionScanner
2019-09-10 07:08:11,089 [SCMBlockDeletingService#0] DEBUG block.SCMBlockDeletingService (SCMBlockDeletingService.java:call(155)) - Scanned deleted blocks log and got 0 delTX to process.
2019-09-10 07:08:11,189 [SCMBlockDeletingService#0] DEBUG block.SCMBlockDeletingService (SCMBlockDeletingService.java:call(138)) - Running DeletedBlockTransactionScanner
2019-09-10 07:08:11,190 [SCMBlockDeletingService#0] DEBUG block.SCMBlockDeletingService (SCMBlockDeletingService.java:call(155)) - Scanned deleted blocks log and got 0 delTX to process.
2019-09-10 07:08:11,290 [SCMBlockDeletingService#0] DEBUG block.SCMBlockDeletingService (SCMBlockDeletingService.java:call(138)) - Running DeletedBlockTransactionScanner
2019-09-10 07:08:11,290 [SCMBlockDeletingService#0] DEBUG block.SCMBlockDeletingService (SCMBlockDeletingService.java:call(155)) - Scanned deleted blocks log and got 0 delTX to process.
2019-09-10 07:08:11,391 [SCMBlockDeletingService#0] DEBUG block.SCMBlockDeletingService (SCMBlockDeletingService.java:call(138)) - Running DeletedBlockTransactionScanner
2019-09-10 07:08:11,391 [SCMBlockDeletingService#0] DEBUG block.SCMBlockDeletingService (SCMBlockDeletingService.java:call(155)) - Scanned deleted blocks log and got 0 delTX to process.
2019-09-10 07:08:11,491 [SCMBlockDeletingService#0] DEBUG block.SCMBlockDeletingService (SCMBlockDeletingService.java:call(138)) - Running DeletedBlockTransactionScanner
2019-09-10 07:08:11,492 [SCMBlockDeletingService#0] DEBUG block.SCMBlockDeletingService (SCMBlockDeletingService.java:call(155)) - Scanned deleted blocks log and got 0 delTX to process.
2019-09-10 07:08:11,592 [SCMBlockDeletingService#0] DEBUG block.SCMBlockDeletingService (SCMBlockDeletingService.java:call(138)) - Running DeletedBlockTransactionScanner
2019-09-10 07:08:11,592 [SCMBlockDeletingService#0] DEBUG block.SCMBlockDeletingService (SCMBlockDeletingService.java:call(155)) - Scanned deleted blocks log and got 0 delTX to process.
2019-09-10 07:08:11,692 [SCMBlockDeletingService#0] DEBUG block.SCMBlockDeletingService (SCMBlockDeletingService.java:call(138)) - Running DeletedBlockTransactionScanner
2019-09-10 07:08:11,693 [SCMBlockDeletingService#0] DEBUG block.SCMBlockDeletingService (SCMBlockDeletingService.java:call(155)) - Scanned deleted blocks log and got 0 delTX to process.
2019-09-10 07:08:11,793 [SCMBlockDeletingService#0] DEBUG block.SCMBlockDeletingService (SCMBlockDeletingService.java:call(138)) - Running DeletedBlockTransactionScanner
2019-09-10 07:08:11,793 [SCMBlockDeletingService#0] DEBUG block.SCMBlockDeletingService (SCMBlockDeletingService.java:call(155)) - Scanned deleted blocks log and got 0 delTX to process.
2019-09-10 07:08:11,894 [SCMBlockDeletingService#0] DEBUG block.SCMBlockDeletingService (SCMBlockDeletingService.java:call(138)) - Running DeletedBlockTransactionScanner
2019-09-10 07:08:11,894 [SCMBlockDeletingService#0] DEBUG block.SCMBlockDeletingService (SCMBlockDeletingService.java:call(155)) - Scanned deleted blocks log and got 0 delTX to process.
2019-09-10 07:08:11,994 [SCMBlockDeletingService#0] DEBUG block.SCMBlockDeletingService (SCMBlockDeletingService.java:call(138)) - Running DeletedBlockTransactionScanner
2019-09-10 07:08:11,994 [SCMBlockDeletingService#0] DEBUG block.SCMBlockDeletingService (SCMBlockDeletingService.java:call(155)) - Scanned deleted blocks log and got 0 delTX to process.
2019-09-10 07:08:12,095 [SCMBlockDeletingService#0] DEBUG block.SCMBlockDeletingService (SCMBlockDeletingService.java:call(138)) - Running DeletedBlockTransactionScanner
2019-09-10 07:08:12,095 [SCMBlockDeletingService#0] DEBUG block.SCMBlockDeletingService (SCMBlockDeletingService.java:call(155)) - Scanned deleted blocks log and got 0 delTX to process.
2019-09-10 07:08:12,103 [05f13708-5e6e-4ea1-a525-a3c8f7f54426@group-34B10843FE54-SegmentedRaftLogWorker] WARN  segmented.SegmentedRaftLogWorker (SegmentedRaftLogWorker.java:getFromFuture(90)) - Timeout 29/~
org.apache.ratis.protocol.TimeoutIOException: Timeout 10s: WriteLog:16: (t:1, i:16), STATEMACHINELOGENTRY, client-7F424F215E90, cid=11-writeStateMachineData
	at org.apache.ratis.util.IOUtils.getFromFuture(IOUtils.java:87)
	at org.apache.ratis.server.raftlog.segmented.SegmentedRaftLogWorker$StateMachineDataPolicy.getFromFuture(SegmentedRaftLogWorker.java:87)
	at org.apache.ratis.server.raftlog.segmented.SegmentedRaftLogWorker$WriteLog.execute(SegmentedRaftLogWorker.java:477)
	at org.apache.ratis.server.raftlog.segmented.SegmentedRaftLogWorker.run(SegmentedRaftLogWorker.java:289)
	at java.lang.Thread.run(Thread.java:748)
Caused by: java.util.concurrent.TimeoutException
	at java.util.concurrent.CompletableFuture.timedGet(CompletableFuture.java:1771)
	at java.util.concurrent.CompletableFuture.get(CompletableFuture.java:1915)
	at org.apache.ratis.util.IOUtils.getFromFuture(IOUtils.java:79)
	... 4 more
2019-09-10 07:08:12,195 [SCMBlockDeletingService#0] DEBUG block.SCMBlockDeletingService (SCMBlockDeletingService.java:call(138)) - Running DeletedBlockTransactionScanner
2019-09-10 07:08:12,196 [SCMBlockDeletingService#0] DEBUG block.SCMBlockDeletingService (SCMBlockDeletingService.java:call(155)) - Scanned deleted blocks log and got 0 delTX to process.
2019-09-10 07:08:12,296 [SCMBlockDeletingService#0] DEBUG block.SCMBlockDeletingService (SCMBlockDeletingService.java:call(138)) - Running DeletedBlockTransactionScanner
2019-09-10 07:08:12,296 [SCMBlockDeletingService#0] DEBUG block.SCMBlockDeletingService (SCMBlockDeletingService.java:call(155)) - Scanned deleted blocks log and got 0 delTX to process.
2019-09-10 07:08:12,397 [SCMBlockDeletingService#0] DEBUG block.SCMBlockDeletingService (SCMBlockDeletingService.java:call(138)) - Running DeletedBlockTransactionScanner
2019-09-10 07:08:12,397 [SCMBlockDeletingService#0] DEBUG block.SCMBlockDeletingService (SCMBlockDeletingService.java:call(155)) - Scanned deleted blocks log and got 0 delTX to process.
2019-09-10 07:08:12,497 [SCMBlockDeletingService#1] DEBUG block.SCMBlockDeletingService (SCMBlockDeletingService.java:call(138)) - Running DeletedBlockTransactionScanner
2019-09-10 07:08:12,498 [SCMBlockDeletingService#1] DEBUG block.SCMBlockDeletingService (SCMBlockDeletingService.java:call(155)) - Scanned deleted blocks log and got 0 delTX to process.
2019-09-10 07:08:12,598 [SCMBlockDeletingService#1] DEBUG block.SCMBlockDeletingService (SCMBlockDeletingService.java:call(138)) - Running DeletedBlockTransactionScanner
2019-09-10 07:08:12,599 [SCMBlockDeletingService#1] DEBUG block.SCMBlockDeletingService (SCMBlockDeletingService.java:call(155)) - Scanned deleted blocks log and got 0 delTX to process.
2019-09-10 07:08:12,699 [SCMBlockDeletingService#1] DEBUG block.SCMBlockDeletingService (SCMBlockDeletingService.java:call(138)) - Running DeletedBlockTransactionScanner
2019-09-10 07:08:12,700 [SCMBlockDeletingService#1] DEBUG block.SCMBlockDeletingService (SCMBlockDeletingService.java:call(155)) - Scanned deleted blocks log and got 0 delTX to process.
2019-09-10 07:08:12,800 [SCMBlockDeletingService#0] DEBUG block.SCMBlockDeletingService (SCMBlockDeletingService.java:call(138)) - Running DeletedBlockTransactionScanner
2019-09-10 07:08:12,800 [SCMBlockDeletingService#0] DEBUG block.SCMBlockDeletingService (SCMBlockDeletingService.java:call(155)) - Scanned deleted blocks log and got 0 delTX to process.
2019-09-10 07:08:12,900 [SCMBlockDeletingService#0] DEBUG block.SCMBlockDeletingService (SCMBlockDeletingService.java:call(138)) - Running DeletedBlockTransactionScanner
2019-09-10 07:08:12,901 [SCMBlockDeletingService#0] DEBUG block.SCMBlockDeletingService (SCMBlockDeletingService.java:call(155)) - Scanned deleted blocks log and got 0 delTX to process.
2019-09-10 07:08:13,001 [SCMBlockDeletingService#0] DEBUG block.SCMBlockDeletingService (SCMBlockDeletingService.java:call(138)) - Running DeletedBlockTransactionScanner
2019-09-10 07:08:13,002 [SCMBlockDeletingService#0] DEBUG block.SCMBlockDeletingService (SCMBlockDeletingService.java:call(155)) - Scanned deleted blocks log and got 0 delTX to process.
2019-09-10 07:08:13,102 [SCMBlockDeletingService#0] DEBUG block.SCMBlockDeletingService (SCMBlockDeletingService.java:call(138)) - Running DeletedBlockTransactionScanner
2019-09-10 07:08:13,103 [SCMBlockDeletingService#0] DEBUG block.SCMBlockDeletingService (SCMBlockDeletingService.java:call(155)) - Scanned deleted blocks log and got 0 delTX to process.
2019-09-10 07:08:13,203 [SCMBlockDeletingService#0] DEBUG block.SCMBlockDeletingService (SCMBlockDeletingService.java:call(138)) - Running DeletedBlockTransactionScanner
2019-09-10 07:08:13,203 [SCMBlockDeletingService#0] DEBUG block.SCMBlockDeletingService (SCMBlockDeletingService.java:call(155)) - Scanned deleted blocks log and got 0 delTX to process.
2019-09-10 07:08:13,303 [SCMBlockDeletingService#0] DEBUG block.SCMBlockDeletingService (SCMBlockDeletingService.java:call(138)) - Running DeletedBlockTransactionScanner
2019-09-10 07:08:13,304 [SCMBlockDeletingService#0] DEBUG block.SCMBlockDeletingService (SCMBlockDeletingService.java:call(155)) - Scanned deleted blocks log and got 0 delTX to process.
2019-09-10 07:08:13,404 [SCMBlockDeletingService#0] DEBUG block.SCMBlockDeletingService (SCMBlockDeletingService.java:call(138)) - Running DeletedBlockTransactionScanner
2019-09-10 07:08:13,405 [SCMBlockDeletingService#0] DEBUG block.SCMBlockDeletingService (SCMBlockDeletingService.java:call(155)) - Scanned deleted blocks log and got 0 delTX to process.
2019-09-10 07:08:13,505 [SCMBlockDeletingService#0] DEBUG block.SCMBlockDeletingService (SCMBlockDeletingService.java:call(138)) - Running DeletedBlockTransactionScanner
2019-09-10 07:08:13,505 [SCMBlockDeletingService#0] DEBUG block.SCMBlockDeletingService (SCMBlockDeletingService.java:call(155)) - Scanned deleted blocks log and got 0 delTX to process.
2019-09-10 07:08:13,606 [SCMBlockDeletingService#0] DEBUG block.SCMBlockDeletingService (SCMBlockDeletingService.java:call(138)) - Running DeletedBlockTransactionScanner
2019-09-10 07:08:13,606 [SCMBlockDeletingService#0] DEBUG block.SCMBlockDeletingService (SCMBlockDeletingService.java:call(155)) - Scanned deleted blocks log and got 0 delTX to process.
2019-09-10 07:08:13,706 [SCMBlockDeletingService#0] DEBUG block.SCMBlockDeletingService (SCMBlockDeletingService.java:call(138)) - Running DeletedBlockTransactionScanner
2019-09-10 07:08:13,706 [SCMBlockDeletingService#0] DEBUG block.SCMBlockDeletingService (SCMBlockDeletingService.java:call(155)) - Scanned deleted blocks log and got 0 delTX to process.
2019-09-10 07:08:13,807 [SCMBlockDeletingService#0] DEBUG block.SCMBlockDeletingService (SCMBlockDeletingService.java:call(138)) - Running DeletedBlockTransactionScanner
2019-09-10 07:08:13,807 [SCMBlockDeletingService#0] DEBUG block.SCMBlockDeletingService (SCMBlockDeletingService.java:call(155)) - Scanned deleted blocks log and got 0 delTX to process.
2019-09-10 07:08:13,907 [SCMBlockDeletingService#0] DEBUG block.SCMBlockDeletingService (SCMBlockDeletingService.java:call(138)) - Running DeletedBlockTransactionScanner
2019-09-10 07:08:13,908 [SCMBlockDeletingService#0] DEBUG block.SCMBlockDeletingService (SCMBlockDeletingService.java:call(155)) - Scanned deleted blocks log and got 0 delTX to process.
2019-09-10 07:08:14,008 [SCMBlockDeletingService#0] DEBUG block.SCMBlockDeletingService (SCMBlockDeletingService.java:call(138)) - Running DeletedBlockTransactionScanner
2019-09-10 07:08:14,008 [SCMBlockDeletingService#0] DEBUG block.SCMBlockDeletingService (SCMBlockDeletingService.java:call(155)) - Scanned deleted blocks log and got 0 delTX to process.
2019-09-10 07:08:14,108 [SCMBlockDeletingService#0] DEBUG block.SCMBlockDeletingService (SCMBlockDeletingService.java:call(138)) - Running DeletedBlockTransactionScanner
2019-09-10 07:08:14,109 [SCMBlockDeletingService#0] DEBUG block.SCMBlockDeletingService (SCMBlockDeletingService.java:call(155)) - Scanned deleted blocks log and got 0 delTX to process.
2019-09-10 07:08:14,209 [SCMBlockDeletingService#0] DEBUG block.SCMBlockDeletingService (SCMBlockDeletingService.java:call(138)) - Running DeletedBlockTransactionScanner
2019-09-10 07:08:14,209 [SCMBlockDeletingService#0] DEBUG block.SCMBlockDeletingService (SCMBlockDeletingService.java:call(155)) - Scanned deleted blocks log and got 0 delTX to process.
2019-09-10 07:08:14,309 [SCMBlockDeletingService#0] DEBUG block.SCMBlockDeletingService (SCMBlockDeletingService.java:call(138)) - Running DeletedBlockTransactionScanner
2019-09-10 07:08:14,309 [SCMBlockDeletingService#0] DEBUG block.SCMBlockDeletingService (SCMBlockDeletingService.java:call(155)) - Scanned deleted blocks log and got 0 delTX to process.
2019-09-10 07:08:14,410 [SCMBlockDeletingService#0] DEBUG block.SCMBlockDeletingService (SCMBlockDeletingService.java:call(138)) - Running DeletedBlockTransactionScanner
2019-09-10 07:08:14,410 [SCMBlockDeletingService#0] DEBUG block.SCMBlockDeletingService (SCMBlockDeletingService.java:call(155)) - Scanned deleted blocks log and got 0 delTX to process.
2019-09-10 07:08:14,510 [SCMBlockDeletingService#0] DEBUG block.SCMBlockDeletingService (SCMBlockDeletingService.java:call(138)) - Running DeletedBlockTransactionScanner
2019-09-10 07:08:14,511 [SCMBlockDeletingService#0] DEBUG block.SCMBlockDeletingService (SCMBlockDeletingService.java:call(155)) - Scanned deleted blocks log and got 0 delTX to process.
2019-09-10 07:08:14,611 [SCMBlockDeletingService#0] DEBUG block.SCMBlockDeletingService (SCMBlockDeletingService.java:call(138)) - Running DeletedBlockTransactionScanner
2019-09-10 07:08:14,611 [SCMBlockDeletingService#0] DEBUG block.SCMBlockDeletingService (SCMBlockDeletingService.java:call(155)) - Scanned deleted blocks log and got 0 delTX to process.
2019-09-10 07:08:14,712 [SCMBlockDeletingService#0] DEBUG block.SCMBlockDeletingService (SCMBlockDeletingService.java:call(138)) - Running DeletedBlockTransactionScanner
2019-09-10 07:08:14,712 [SCMBlockDeletingService#0] DEBUG block.SCMBlockDeletingService (SCMBlockDeletingService.java:call(155)) - Scanned deleted blocks log and got 0 delTX to process.
2019-09-10 07:08:14,812 [SCMBlockDeletingService#0] DEBUG block.SCMBlockDeletingService (SCMBlockDeletingService.java:call(138)) - Running DeletedBlockTransactionScanner
2019-09-10 07:08:14,812 [SCMBlockDeletingService#0] DEBUG block.SCMBlockDeletingService (SCMBlockDeletingService.java:call(155)) - Scanned deleted blocks log and got 0 delTX to process.
2019-09-10 07:08:14,913 [SCMBlockDeletingService#0] DEBUG block.SCMBlockDeletingService (SCMBlockDeletingService.java:call(138)) - Running DeletedBlockTransactionScanner
2019-09-10 07:08:14,913 [SCMBlockDeletingService#0] DEBUG block.SCMBlockDeletingService (SCMBlockDeletingService.java:call(155)) - Scanned deleted blocks log and got 0 delTX to process.
2019-09-10 07:08:15,014 [SCMBlockDeletingService#0] DEBUG block.SCMBlockDeletingService (SCMBlockDeletingService.java:call(138)) - Running DeletedBlockTransactionScanner
2019-09-10 07:08:15,014 [SCMBlockDeletingService#0] DEBUG block.SCMBlockDeletingService (SCMBlockDeletingService.java:call(155)) - Scanned deleted blocks log and got 0 delTX to process.
2019-09-10 07:08:15,114 [SCMBlockDeletingService#0] DEBUG block.SCMBlockDeletingService (SCMBlockDeletingService.java:call(138)) - Running DeletedBlockTransactionScanner
2019-09-10 07:08:15,114 [SCMBlockDeletingService#0] DEBUG block.SCMBlockDeletingService (SCMBlockDeletingService.java:call(155)) - Scanned deleted blocks log and got 0 delTX to process.
2019-09-10 07:08:15,215 [SCMBlockDeletingService#0] DEBUG block.SCMBlockDeletingService (SCMBlockDeletingService.java:call(138)) - Running DeletedBlockTransactionScanner
2019-09-10 07:08:15,215 [SCMBlockDeletingService#0] DEBUG block.SCMBlockDeletingService (SCMBlockDeletingService.java:call(155)) - Scanned deleted blocks log and got 0 delTX to process.
2019-09-10 07:08:15,315 [SCMBlockDeletingService#0] DEBUG block.SCMBlockDeletingService (SCMBlockDeletingService.java:call(138)) - Running DeletedBlockTransactionScanner
2019-09-10 07:08:15,316 [SCMBlockDeletingService#0] DEBUG block.SCMBlockDeletingService (SCMBlockDeletingService.java:call(155)) - Scanned deleted blocks log and got 0 delTX to process.
2019-09-10 07:08:15,416 [SCMBlockDeletingService#0] DEBUG block.SCMBlockDeletingService (SCMBlockDeletingService.java:call(138)) - Running DeletedBlockTransactionScanner
2019-09-10 07:08:15,416 [SCMBlockDeletingService#0] DEBUG block.SCMBlockDeletingService (SCMBlockDeletingService.java:call(155)) - Scanned deleted blocks log and got 0 delTX to process.
2019-09-10 07:08:15,517 [SCMBlockDeletingService#0] DEBUG block.SCMBlockDeletingService (SCMBlockDeletingService.java:call(138)) - Running DeletedBlockTransactionScanner
2019-09-10 07:08:15,517 [SCMBlockDeletingService#0] DEBUG block.SCMBlockDeletingService (SCMBlockDeletingService.java:call(155)) - Scanned deleted blocks log and got 0 delTX to process.
2019-09-10 07:08:15,617 [SCMBlockDeletingService#0] DEBUG block.SCMBlockDeletingService (SCMBlockDeletingService.java:call(138)) - Running DeletedBlockTransactionScanner
2019-09-10 07:08:15,618 [SCMBlockDeletingService#0] DEBUG block.SCMBlockDeletingService (SCMBlockDeletingService.java:call(155)) - Scanned deleted blocks log and got 0 delTX to process.
2019-09-10 07:08:15,718 [SCMBlockDeletingService#0] DEBUG block.SCMBlockDeletingService (SCMBlockDeletingService.java:call(138)) - Running DeletedBlockTransactionScanner
2019-09-10 07:08:15,718 [SCMBlockDeletingService#0] DEBUG block.SCMBlockDeletingService (SCMBlockDeletingService.java:call(155)) - Scanned deleted blocks log and got 0 delTX to process.
2019-09-10 07:08:15,819 [SCMBlockDeletingService#0] DEBUG block.SCMBlockDeletingService (SCMBlockDeletingService.java:call(138)) - Running DeletedBlockTransactionScanner
2019-09-10 07:08:15,819 [SCMBlockDeletingService#0] DEBUG block.SCMBlockDeletingService (SCMBlockDeletingService.java:call(155)) - Scanned deleted blocks log and got 0 delTX to process.
2019-09-10 07:08:15,919 [SCMBlockDeletingService#0] DEBUG block.SCMBlockDeletingService (SCMBlockDeletingService.java:call(138)) - Running DeletedBlockTransactionScanner
2019-09-10 07:08:15,920 [SCMBlockDeletingService#0] DEBUG block.SCMBlockDeletingService (SCMBlockDeletingService.java:call(155)) - Scanned deleted blocks log and got 0 delTX to process.
2019-09-10 07:08:16,020 [SCMBlockDeletingService#0] DEBUG block.SCMBlockDeletingService (SCMBlockDeletingService.java:call(138)) - Running DeletedBlockTransactionScanner
2019-09-10 07:08:16,020 [SCMBlockDeletingService#0] DEBUG block.SCMBlockDeletingService (SCMBlockDeletingService.java:call(155)) - Scanned deleted blocks log and got 0 delTX to process.
2019-09-10 07:08:16,121 [SCMBlockDeletingService#0] DEBUG block.SCMBlockDeletingService (SCMBlockDeletingService.java:call(138)) - Running DeletedBlockTransactionScanner
2019-09-10 07:08:16,121 [SCMBlockDeletingService#0] DEBUG block.SCMBlockDeletingService (SCMBlockDeletingService.java:call(155)) - Scanned deleted blocks log and got 0 delTX to process.
2019-09-10 07:08:16,221 [SCMBlockDeletingService#0] DEBUG block.SCMBlockDeletingService (SCMBlockDeletingService.java:call(138)) - Running DeletedBlockTransactionScanner
2019-09-10 07:08:16,222 [SCMBlockDeletingService#0] DEBUG block.SCMBlockDeletingService (SCMBlockDeletingService.java:call(155)) - Scanned deleted blocks log and got 0 delTX to process.
2019-09-10 07:08:16,322 [SCMBlockDeletingService#0] DEBUG block.SCMBlockDeletingService (SCMBlockDeletingService.java:call(138)) - Running DeletedBlockTransactionScanner
2019-09-10 07:08:16,322 [SCMBlockDeletingService#0] DEBUG block.SCMBlockDeletingService (SCMBlockDeletingService.java:call(155)) - Scanned deleted blocks log and got 0 delTX to process.
2019-09-10 07:08:16,422 [SCMBlockDeletingService#0] DEBUG block.SCMBlockDeletingService (SCMBlockDeletingService.java:call(138)) - Running DeletedBlockTransactionScanner
2019-09-10 07:08:16,423 [SCMBlockDeletingService#0] DEBUG block.SCMBlockDeletingService (SCMBlockDeletingService.java:call(155)) - Scanned deleted blocks log and got 0 delTX to process.
2019-09-10 07:08:16,523 [SCMBlockDeletingService#0] DEBUG block.SCMBlockDeletingService (SCMBlockDeletingService.java:call(138)) - Running DeletedBlockTransactionScanner
2019-09-10 07:08:16,523 [SCMBlockDeletingService#0] DEBUG block.SCMBlockDeletingService (SCMBlockDeletingService.java:call(155)) - Scanned deleted blocks log and got 0 delTX to process.
2019-09-10 07:08:16,624 [SCMBlockDeletingService#0] DEBUG block.SCMBlockDeletingService (SCMBlockDeletingService.java:call(138)) - Running DeletedBlockTransactionScanner
2019-09-10 07:08:16,624 [SCMBlockDeletingService#0] DEBUG block.SCMBlockDeletingService (SCMBlockDeletingService.java:call(155)) - Scanned deleted blocks log and got 0 delTX to process.
2019-09-10 07:08:16,724 [SCMBlockDeletingService#0] DEBUG block.SCMBlockDeletingService (SCMBlockDeletingService.java:call(138)) - Running DeletedBlockTransactionScanner
2019-09-10 07:08:16,724 [SCMBlockDeletingService#0] DEBUG block.SCMBlockDeletingService (SCMBlockDeletingService.java:call(155)) - Scanned deleted blocks log and got 0 delTX to process.
2019-09-10 07:08:16,825 [SCMBlockDeletingService#0] DEBUG block.SCMBlockDeletingService (SCMBlockDeletingService.java:call(138)) - Running DeletedBlockTransactionScanner
2019-09-10 07:08:16,825 [SCMBlockDeletingService#0] DEBUG block.SCMBlockDeletingService (SCMBlockDeletingService.java:call(155)) - Scanned deleted blocks log and got 0 delTX to process.
2019-09-10 07:08:16,925 [SCMBlockDeletingService#0] DEBUG block.SCMBlockDeletingService (SCMBlockDeletingService.java:call(138)) - Running DeletedBlockTransactionScanner
2019-09-10 07:08:16,926 [SCMBlockDeletingService#0] DEBUG block.SCMBlockDeletingService (SCMBlockDeletingService.java:call(155)) - Scanned deleted blocks log and got 0 delTX to process.
2019-09-10 07:08:17,027 [SCMBlockDeletingService#0] DEBUG block.SCMBlockDeletingService (SCMBlockDeletingService.java:call(138)) - Running DeletedBlockTransactionScanner
2019-09-10 07:08:17,027 [SCMBlockDeletingService#0] DEBUG block.SCMBlockDeletingService (SCMBlockDeletingService.java:call(155)) - Scanned deleted blocks log and got 0 delTX to process.
2019-09-10 07:08:17,128 [SCMBlockDeletingService#0] DEBUG block.SCMBlockDeletingService (SCMBlockDeletingService.java:call(138)) - Running DeletedBlockTransactionScanner
2019-09-10 07:08:17,128 [SCMBlockDeletingService#0] DEBUG block.SCMBlockDeletingService (SCMBlockDeletingService.java:call(155)) - Scanned deleted blocks log and got 0 delTX to process.
2019-09-10 07:08:17,228 [SCMBlockDeletingService#0] DEBUG block.SCMBlockDeletingService (SCMBlockDeletingService.java:call(138)) - Running DeletedBlockTransactionScanner
2019-09-10 07:08:17,229 [SCMBlockDeletingService#0] DEBUG block.SCMBlockDeletingService (SCMBlockDeletingService.java:call(155)) - Scanned deleted blocks log and got 0 delTX to process.
2019-09-10 07:08:17,329 [SCMBlockDeletingService#0] DEBUG block.SCMBlockDeletingService (SCMBlockDeletingService.java:call(138)) - Running DeletedBlockTransactionScanner
2019-09-10 07:08:17,329 [SCMBlockDeletingService#0] DEBUG block.SCMBlockDeletingService (SCMBlockDeletingService.java:call(155)) - Scanned deleted blocks log and got 0 delTX to process.
2019-09-10 07:08:17,430 [SCMBlockDeletingService#0] DEBUG block.SCMBlockDeletingService (SCMBlockDeletingService.java:call(138)) - Running DeletedBlockTransactionScanner
2019-09-10 07:08:17,430 [SCMBlockDeletingService#0] DEBUG block.SCMBlockDeletingService (SCMBlockDeletingService.java:call(155)) - Scanned deleted blocks log and got 0 delTX to process.
2019-09-10 07:08:17,530 [SCMBlockDeletingService#0] DEBUG block.SCMBlockDeletingService (SCMBlockDeletingService.java:call(138)) - Running DeletedBlockTransactionScanner
2019-09-10 07:08:17,530 [SCMBlockDeletingService#0] DEBUG block.SCMBlockDeletingService (SCMBlockDeletingService.java:call(155)) - Scanned deleted blocks log and got 0 delTX to process.
2019-09-10 07:08:17,631 [SCMBlockDeletingService#1] DEBUG block.SCMBlockDeletingService (SCMBlockDeletingService.java:call(138)) - Running DeletedBlockTransactionScanner
2019-09-10 07:08:17,631 [SCMBlockDeletingService#1] DEBUG block.SCMBlockDeletingService (SCMBlockDeletingService.java:call(155)) - Scanned deleted blocks log and got 0 delTX to process.
2019-09-10 07:08:17,731 [SCMBlockDeletingService#1] DEBUG block.SCMBlockDeletingService (SCMBlockDeletingService.java:call(138)) - Running DeletedBlockTransactionScanner
2019-09-10 07:08:17,731 [SCMBlockDeletingService#1] DEBUG block.SCMBlockDeletingService (SCMBlockDeletingService.java:call(155)) - Scanned deleted blocks log and got 0 delTX to process.
2019-09-10 07:08:17,832 [SCMBlockDeletingService#1] DEBUG block.SCMBlockDeletingService (SCMBlockDeletingService.java:call(138)) - Running DeletedBlockTransactionScanner
2019-09-10 07:08:17,832 [SCMBlockDeletingService#1] DEBUG block.SCMBlockDeletingService (SCMBlockDeletingService.java:call(155)) - Scanned deleted blocks log and got 0 delTX to process.
2019-09-10 07:08:17,932 [SCMBlockDeletingService#1] DEBUG block.SCMBlockDeletingService (SCMBlockDeletingService.java:call(138)) - Running DeletedBlockTransactionScanner
2019-09-10 07:08:17,932 [SCMBlockDeletingService#1] DEBUG block.SCMBlockDeletingService (SCMBlockDeletingService.java:call(155)) - Scanned deleted blocks log and got 0 delTX to process.
2019-09-10 07:08:18,033 [SCMBlockDeletingService#1] DEBUG block.SCMBlockDeletingService (SCMBlockDeletingService.java:call(138)) - Running DeletedBlockTransactionScanner
2019-09-10 07:08:18,033 [SCMBlockDeletingService#1] DEBUG block.SCMBlockDeletingService (SCMBlockDeletingService.java:call(155)) - Scanned deleted blocks log and got 0 delTX to process.
2019-09-10 07:08:18,133 [SCMBlockDeletingService#1] DEBUG block.SCMBlockDeletingService (SCMBlockDeletingService.java:call(138)) - Running DeletedBlockTransactionScanner
2019-09-10 07:08:18,134 [SCMBlockDeletingService#1] DEBUG block.SCMBlockDeletingService (SCMBlockDeletingService.java:call(155)) - Scanned deleted blocks log and got 0 delTX to process.
2019-09-10 07:08:18,234 [SCMBlockDeletingService#1] DEBUG block.SCMBlockDeletingService (SCMBlockDeletingService.java:call(138)) - Running DeletedBlockTransactionScanner
2019-09-10 07:08:18,234 [SCMBlockDeletingService#1] DEBUG block.SCMBlockDeletingService (SCMBlockDeletingService.java:call(155)) - Scanned deleted blocks log and got 0 delTX to process.
2019-09-10 07:08:18,335 [SCMBlockDeletingService#1] DEBUG block.SCMBlockDeletingService (SCMBlockDeletingService.java:call(138)) - Running DeletedBlockTransactionScanner
2019-09-10 07:08:18,335 [SCMBlockDeletingService#1] DEBUG block.SCMBlockDeletingService (SCMBlockDeletingService.java:call(155)) - Scanned deleted blocks log and got 0 delTX to process.
2019-09-10 07:08:18,435 [SCMBlockDeletingService#1] DEBUG block.SCMBlockDeletingService (SCMBlockDeletingService.java:call(138)) - Running DeletedBlockTransactionScanner
2019-09-10 07:08:18,435 [SCMBlockDeletingService#1] DEBUG block.SCMBlockDeletingService (SCMBlockDeletingService.java:call(155)) - Scanned deleted blocks log and got 0 delTX to process.
2019-09-10 07:08:18,536 [SCMBlockDeletingService#1] DEBUG block.SCMBlockDeletingService (SCMBlockDeletingService.java:call(138)) - Running DeletedBlockTransactionScanner
2019-09-10 07:08:18,536 [SCMBlockDeletingService#1] DEBUG block.SCMBlockDeletingService (SCMBlockDeletingService.java:call(155)) - Scanned deleted blocks log and got 0 delTX to process.
2019-09-10 07:08:18,636 [SCMBlockDeletingService#1] DEBUG block.SCMBlockDeletingService (SCMBlockDeletingService.java:call(138)) - Running DeletedBlockTransactionScanner
2019-09-10 07:08:18,637 [SCMBlockDeletingService#1] DEBUG block.SCMBlockDeletingService (SCMBlockDeletingService.java:call(155)) - Scanned deleted blocks log and got 0 delTX to process.
2019-09-10 07:08:18,737 [SCMBlockDeletingService#1] DEBUG block.SCMBlockDeletingService (SCMBlockDeletingService.java:call(138)) - Running DeletedBlockTransactionScanner
2019-09-10 07:08:18,737 [SCMBlockDeletingService#1] DEBUG block.SCMBlockDeletingService (SCMBlockDeletingService.java:call(155)) - Scanned deleted blocks log and got 0 delTX to process.
2019-09-10 07:08:18,838 [SCMBlockDeletingService#1] DEBUG block.SCMBlockDeletingService (SCMBlockDeletingService.java:call(138)) - Running DeletedBlockTransactionScanner
2019-09-10 07:08:18,838 [SCMBlockDeletingService#1] DEBUG block.SCMBlockDeletingService (SCMBlockDeletingService.java:call(155)) - Scanned deleted blocks log and got 0 delTX to process.
2019-09-10 07:08:18,938 [SCMBlockDeletingService#1] DEBUG block.SCMBlockDeletingService (SCMBlockDeletingService.java:call(138)) - Running DeletedBlockTransactionScanner
2019-09-10 07:08:18,939 [SCMBlockDeletingService#1] DEBUG block.SCMBlockDeletingService (SCMBlockDeletingService.java:call(155)) - Scanned deleted blocks log and got 0 delTX to process.
2019-09-10 07:08:19,039 [SCMBlockDeletingService#1] DEBUG block.SCMBlockDeletingService (SCMBlockDeletingService.java:call(138)) - Running DeletedBlockTransactionScanner
2019-09-10 07:08:19,039 [SCMBlockDeletingService#1] DEBUG block.SCMBlockDeletingService (SCMBlockDeletingService.java:call(155)) - Scanned deleted blocks log and got 0 delTX to process.
2019-09-10 07:08:19,140 [SCMBlockDeletingService#1] DEBUG block.SCMBlockDeletingService (SCMBlockDeletingService.java:call(138)) - Running DeletedBlockTransactionScanner
2019-09-10 07:08:19,140 [SCMBlockDeletingService#1] DEBUG block.SCMBlockDeletingService (SCMBlockDeletingService.java:call(155)) - Scanned deleted blocks log and got 0 delTX to process.
2019-09-10 07:08:19,240 [SCMBlockDeletingService#1] DEBUG block.SCMBlockDeletingService (SCMBlockDeletingService.java:call(138)) - Running DeletedBlockTransactionScanner
2019-09-10 07:08:19,241 [SCMBlockDeletingService#1] DEBUG block.SCMBlockDeletingService (SCMBlockDeletingService.java:call(155)) - Scanned deleted blocks log and got 0 delTX to process.
2019-09-10 07:08:19,341 [SCMBlockDeletingService#1] DEBUG block.SCMBlockDeletingService (SCMBlockDeletingService.java:call(138)) - Running DeletedBlockTransactionScanner
2019-09-10 07:08:19,341 [SCMBlockDeletingService#1] DEBUG block.SCMBlockDeletingService (SCMBlockDeletingService.java:call(155)) - Scanned deleted blocks log and got 0 delTX to process.
2019-09-10 07:08:19,442 [SCMBlockDeletingService#1] DEBUG block.SCMBlockDeletingService (SCMBlockDeletingService.java:call(138)) - Running DeletedBlockTransactionScanner
2019-09-10 07:08:19,442 [SCMBlockDeletingService#1] DEBUG block.SCMBlockDeletingService (SCMBlockDeletingService.java:call(155)) - Scanned deleted blocks log and got 0 delTX to process.
2019-09-10 07:08:19,542 [SCMBlockDeletingService#1] DEBUG block.SCMBlockDeletingService (SCMBlockDeletingService.java:call(138)) - Running DeletedBlockTransactionScanner
2019-09-10 07:08:19,543 [SCMBlockDeletingService#1] DEBUG block.SCMBlockDeletingService (SCMBlockDeletingService.java:call(155)) - Scanned deleted blocks log and got 0 delTX to process.
2019-09-10 07:08:19,643 [SCMBlockDeletingService#1] DEBUG block.SCMBlockDeletingService (SCMBlockDeletingService.java:call(138)) - Running DeletedBlockTransactionScanner
2019-09-10 07:08:19,643 [SCMBlockDeletingService#1] DEBUG block.SCMBlockDeletingService (SCMBlockDeletingService.java:call(155)) - Scanned deleted blocks log and got 0 delTX to process.
2019-09-10 07:08:19,743 [SCMBlockDeletingService#1] DEBUG block.SCMBlockDeletingService (SCMBlockDeletingService.java:call(138)) - Running DeletedBlockTransactionScanner
2019-09-10 07:08:19,744 [SCMBlockDeletingService#1] DEBUG block.SCMBlockDeletingService (SCMBlockDeletingService.java:call(155)) - Scanned deleted blocks log and got 0 delTX to process.
2019-09-10 07:08:19,844 [SCMBlockDeletingService#1] DEBUG block.SCMBlockDeletingService (SCMBlockDeletingService.java:call(138)) - Running DeletedBlockTransactionScanner
2019-09-10 07:08:19,844 [SCMBlockDeletingService#1] DEBUG block.SCMBlockDeletingService (SCMBlockDeletingService.java:call(155)) - Scanned deleted blocks log and got 0 delTX to process.
2019-09-10 07:08:19,945 [SCMBlockDeletingService#1] DEBUG block.SCMBlockDeletingService (SCMBlockDeletingService.java:call(138)) - Running DeletedBlockTransactionScanner
2019-09-10 07:08:19,945 [SCMBlockDeletingService#1] DEBUG block.SCMBlockDeletingService (SCMBlockDeletingService.java:call(155)) - Scanned deleted blocks log and got 0 delTX to process.
2019-09-10 07:08:20,046 [SCMBlockDeletingService#1] DEBUG block.SCMBlockDeletingService (SCMBlockDeletingService.java:call(138)) - Running DeletedBlockTransactionScanner
2019-09-10 07:08:20,046 [SCMBlockDeletingService#1] DEBUG block.SCMBlockDeletingService (SCMBlockDeletingService.java:call(155)) - Scanned deleted blocks log and got 0 delTX to process.
2019-09-10 07:08:20,146 [SCMBlockDeletingService#1] DEBUG block.SCMBlockDeletingService (SCMBlockDeletingService.java:call(138)) - Running DeletedBlockTransactionScanner
2019-09-10 07:08:20,146 [SCMBlockDeletingService#1] DEBUG block.SCMBlockDeletingService (SCMBlockDeletingService.java:call(155)) - Scanned deleted blocks log and got 0 delTX to process.
2019-09-10 07:08:20,247 [SCMBlockDeletingService#1] DEBUG block.SCMBlockDeletingService (SCMBlockDeletingService.java:call(138)) - Running DeletedBlockTransactionScanner
2019-09-10 07:08:20,247 [SCMBlockDeletingService#1] DEBUG block.SCMBlockDeletingService (SCMBlockDeletingService.java:call(155)) - Scanned deleted blocks log and got 0 delTX to process.
2019-09-10 07:08:20,347 [SCMBlockDeletingService#1] DEBUG block.SCMBlockDeletingService (SCMBlockDeletingService.java:call(138)) - Running DeletedBlockTransactionScanner
2019-09-10 07:08:20,347 [SCMBlockDeletingService#1] DEBUG block.SCMBlockDeletingService (SCMBlockDeletingService.java:call(155)) - Scanned deleted blocks log and got 0 delTX to process.
2019-09-10 07:08:20,448 [SCMBlockDeletingService#1] DEBUG block.SCMBlockDeletingService (SCMBlockDeletingService.java:call(138)) - Running DeletedBlockTransactionScanner
2019-09-10 07:08:20,448 [SCMBlockDeletingService#1] DEBUG block.SCMBlockDeletingService (SCMBlockDeletingService.java:call(155)) - Scanned deleted blocks log and got 0 delTX to process.
2019-09-10 07:08:20,548 [SCMBlockDeletingService#1] DEBUG block.SCMBlockDeletingService (SCMBlockDeletingService.java:call(138)) - Running DeletedBlockTransactionScanner
2019-09-10 07:08:20,549 [SCMBlockDeletingService#1] DEBUG block.SCMBlockDeletingService (SCMBlockDeletingService.java:call(155)) - Scanned deleted blocks log and got 0 delTX to process.
2019-09-10 07:08:20,649 [SCMBlockDeletingService#1] DEBUG block.SCMBlockDeletingService (SCMBlockDeletingService.java:call(138)) - Running DeletedBlockTransactionScanner
2019-09-10 07:08:20,649 [SCMBlockDeletingService#1] DEBUG block.SCMBlockDeletingService (SCMBlockDeletingService.java:call(155)) - Scanned deleted blocks log and got 0 delTX to process.
2019-09-10 07:08:20,750 [SCMBlockDeletingService#1] DEBUG block.SCMBlockDeletingService (SCMBlockDeletingService.java:call(138)) - Running DeletedBlockTransactionScanner
2019-09-10 07:08:20,750 [SCMBlockDeletingService#1] DEBUG block.SCMBlockDeletingService (SCMBlockDeletingService.java:call(155)) - Scanned deleted blocks log and got 0 delTX to process.
2019-09-10 07:08:20,850 [SCMBlockDeletingService#1] DEBUG block.SCMBlockDeletingService (SCMBlockDeletingService.java:call(138)) - Running DeletedBlockTransactionScanner
2019-09-10 07:08:20,851 [SCMBlockDeletingService#1] DEBUG block.SCMBlockDeletingService (SCMBlockDeletingService.java:call(155)) - Scanned deleted blocks log and got 0 delTX to process.
2019-09-10 07:08:20,951 [SCMBlockDeletingService#0] DEBUG block.SCMBlockDeletingService (SCMBlockDeletingService.java:call(138)) - Running DeletedBlockTransactionScanner
2019-09-10 07:08:20,951 [SCMBlockDeletingService#0] DEBUG block.SCMBlockDeletingService (SCMBlockDeletingService.java:call(155)) - Scanned deleted blocks log and got 0 delTX to process.
2019-09-10 07:08:21,052 [SCMBlockDeletingService#0] DEBUG block.SCMBlockDeletingService (SCMBlockDeletingService.java:call(138)) - Running DeletedBlockTransactionScanner
2019-09-10 07:08:21,052 [SCMBlockDeletingService#0] DEBUG block.SCMBlockDeletingService (SCMBlockDeletingService.java:call(155)) - Scanned deleted blocks log and got 0 delTX to process.
2019-09-10 07:08:21,152 [SCMBlockDeletingService#0] DEBUG block.SCMBlockDeletingService (SCMBlockDeletingService.java:call(138)) - Running DeletedBlockTransactionScanner
2019-09-10 07:08:21,153 [SCMBlockDeletingService#0] DEBUG block.SCMBlockDeletingService (SCMBlockDeletingService.java:call(155)) - Scanned deleted blocks log and got 0 delTX to process.
2019-09-10 07:08:21,253 [SCMBlockDeletingService#0] DEBUG block.SCMBlockDeletingService (SCMBlockDeletingService.java:call(138)) - Running DeletedBlockTransactionScanner
2019-09-10 07:08:21,253 [SCMBlockDeletingService#0] DEBUG block.SCMBlockDeletingService (SCMBlockDeletingService.java:call(155)) - Scanned deleted blocks log and got 0 delTX to process.
2019-09-10 07:08:21,353 [SCMBlockDeletingService#0] DEBUG block.SCMBlockDeletingService (SCMBlockDeletingService.java:call(138)) - Running DeletedBlockTransactionScanner
2019-09-10 07:08:21,354 [SCMBlockDeletingService#0] DEBUG block.SCMBlockDeletingService (SCMBlockDeletingService.java:call(155)) - Scanned deleted blocks log and got 0 delTX to process.
2019-09-10 07:08:21,454 [SCMBlockDeletingService#1] DEBUG block.SCMBlockDeletingService (SCMBlockDeletingService.java:call(138)) - Running DeletedBlockTransactionScanner
2019-09-10 07:08:21,454 [SCMBlockDeletingService#1] DEBUG block.SCMBlockDeletingService (SCMBlockDeletingService.java:call(155)) - Scanned deleted blocks log and got 0 delTX to process.
2019-09-10 07:08:21,554 [SCMBlockDeletingService#1] DEBUG block.SCMBlockDeletingService (SCMBlockDeletingService.java:call(138)) - Running DeletedBlockTransactionScanner
2019-09-10 07:08:21,555 [SCMBlockDeletingService#1] DEBUG block.SCMBlockDeletingService (SCMBlockDeletingService.java:call(155)) - Scanned deleted blocks log and got 0 delTX to process.
2019-09-10 07:08:21,655 [SCMBlockDeletingService#1] DEBUG block.SCMBlockDeletingService (SCMBlockDeletingService.java:call(138)) - Running DeletedBlockTransactionScanner
2019-09-10 07:08:21,655 [SCMBlockDeletingService#1] DEBUG block.SCMBlockDeletingService (SCMBlockDeletingService.java:call(155)) - Scanned deleted blocks log and got 0 delTX to process.
2019-09-10 07:08:21,756 [SCMBlockDeletingService#1] DEBUG block.SCMBlockDeletingService (SCMBlockDeletingService.java:call(138)) - Running DeletedBlockTransactionScanner
2019-09-10 07:08:21,756 [SCMBlockDeletingService#1] DEBUG block.SCMBlockDeletingService (SCMBlockDeletingService.java:call(155)) - Scanned deleted blocks log and got 0 delTX to process.
2019-09-10 07:08:21,856 [SCMBlockDeletingService#1] DEBUG block.SCMBlockDeletingService (SCMBlockDeletingService.java:call(138)) - Running DeletedBlockTransactionScanner
2019-09-10 07:08:21,856 [SCMBlockDeletingService#1] DEBUG block.SCMBlockDeletingService (SCMBlockDeletingService.java:call(155)) - Scanned deleted blocks log and got 0 delTX to process.
2019-09-10 07:08:21,956 [SCMBlockDeletingService#1] DEBUG block.SCMBlockDeletingService (SCMBlockDeletingService.java:call(138)) - Running DeletedBlockTransactionScanner
2019-09-10 07:08:21,957 [SCMBlockDeletingService#1] DEBUG block.SCMBlockDeletingService (SCMBlockDeletingService.java:call(155)) - Scanned deleted blocks log and got 0 delTX to process.
2019-09-10 07:08:22,057 [SCMBlockDeletingService#0] DEBUG block.SCMBlockDeletingService (SCMBlockDeletingService.java:call(138)) - Running DeletedBlockTransactionScanner
2019-09-10 07:08:22,057 [SCMBlockDeletingService#0] DEBUG block.SCMBlockDeletingService (SCMBlockDeletingService.java:call(155)) - Scanned deleted blocks log and got 0 delTX to process.
2019-09-10 07:08:22,105 [05f13708-5e6e-4ea1-a525-a3c8f7f54426@group-34B10843FE54-SegmentedRaftLogWorker] WARN  segmented.SegmentedRaftLogWorker (SegmentedRaftLogWorker.java:getFromFuture(90)) - Timeout 30/~
org.apache.ratis.protocol.TimeoutIOException: Timeout 10s: WriteLog:16: (t:1, i:16), STATEMACHINELOGENTRY, client-7F424F215E90, cid=11-writeStateMachineData
	at org.apache.ratis.util.IOUtils.getFromFuture(IOUtils.java:87)
	at org.apache.ratis.server.raftlog.segmented.SegmentedRaftLogWorker$StateMachineDataPolicy.getFromFuture(SegmentedRaftLogWorker.java:87)
	at org.apache.ratis.server.raftlog.segmented.SegmentedRaftLogWorker$WriteLog.execute(SegmentedRaftLogWorker.java:477)
	at org.apache.ratis.server.raftlog.segmented.SegmentedRaftLogWorker.run(SegmentedRaftLogWorker.java:289)
	at java.lang.Thread.run(Thread.java:748)
Caused by: java.util.concurrent.TimeoutException
	at java.util.concurrent.CompletableFuture.timedGet(CompletableFuture.java:1771)
	at java.util.concurrent.CompletableFuture.get(CompletableFuture.java:1915)
	at org.apache.ratis.util.IOUtils.getFromFuture(IOUtils.java:79)
	... 4 more
2019-09-10 07:08:22,158 [SCMBlockDeletingService#0] DEBUG block.SCMBlockDeletingService (SCMBlockDeletingService.java:call(138)) - Running DeletedBlockTransactionScanner
2019-09-10 07:08:22,158 [SCMBlockDeletingService#0] DEBUG block.SCMBlockDeletingService (SCMBlockDeletingService.java:call(155)) - Scanned deleted blocks log and got 0 delTX to process.
2019-09-10 07:08:22,258 [SCMBlockDeletingService#0] DEBUG block.SCMBlockDeletingService (SCMBlockDeletingService.java:call(138)) - Running DeletedBlockTransactionScanner
2019-09-10 07:08:22,259 [SCMBlockDeletingService#0] DEBUG block.SCMBlockDeletingService (SCMBlockDeletingService.java:call(155)) - Scanned deleted blocks log and got 0 delTX to process.
2019-09-10 07:08:22,359 [SCMBlockDeletingService#0] DEBUG block.SCMBlockDeletingService (SCMBlockDeletingService.java:call(138)) - Running DeletedBlockTransactionScanner
2019-09-10 07:08:22,359 [SCMBlockDeletingService#0] DEBUG block.SCMBlockDeletingService (SCMBlockDeletingService.java:call(155)) - Scanned deleted blocks log and got 0 delTX to process.
2019-09-10 07:08:22,460 [SCMBlockDeletingService#0] DEBUG block.SCMBlockDeletingService (SCMBlockDeletingService.java:call(138)) - Running DeletedBlockTransactionScanner
2019-09-10 07:08:22,460 [SCMBlockDeletingService#0] DEBUG block.SCMBlockDeletingService (SCMBlockDeletingService.java:call(155)) - Scanned deleted blocks log and got 0 delTX to process.
2019-09-10 07:08:22,560 [SCMBlockDeletingService#0] DEBUG block.SCMBlockDeletingService (SCMBlockDeletingService.java:call(138)) - Running DeletedBlockTransactionScanner
2019-09-10 07:08:22,561 [SCMBlockDeletingService#0] DEBUG block.SCMBlockDeletingService (SCMBlockDeletingService.java:call(155)) - Scanned deleted blocks log and got 0 delTX to process.
2019-09-10 07:08:22,661 [SCMBlockDeletingService#0] DEBUG block.SCMBlockDeletingService (SCMBlockDeletingService.java:call(138)) - Running DeletedBlockTransactionScanner
2019-09-10 07:08:22,661 [SCMBlockDeletingService#0] DEBUG block.SCMBlockDeletingService (SCMBlockDeletingService.java:call(155)) - Scanned deleted blocks log and got 0 delTX to process.
2019-09-10 07:08:22,762 [SCMBlockDeletingService#0] DEBUG block.SCMBlockDeletingService (SCMBlockDeletingService.java:call(138)) - Running DeletedBlockTransactionScanner
2019-09-10 07:08:22,762 [SCMBlockDeletingService#0] DEBUG block.SCMBlockDeletingService (SCMBlockDeletingService.java:call(155)) - Scanned deleted blocks log and got 0 delTX to process.
2019-09-10 07:08:22,862 [SCMBlockDeletingService#0] DEBUG block.SCMBlockDeletingService (SCMBlockDeletingService.java:call(138)) - Running DeletedBlockTransactionScanner
2019-09-10 07:08:22,862 [SCMBlockDeletingService#0] DEBUG block.SCMBlockDeletingService (SCMBlockDeletingService.java:call(155)) - Scanned deleted blocks log and got 0 delTX to process.
2019-09-10 07:08:22,963 [SCMBlockDeletingService#0] DEBUG block.SCMBlockDeletingService (SCMBlockDeletingService.java:call(138)) - Running DeletedBlockTransactionScanner
2019-09-10 07:08:22,963 [SCMBlockDeletingService#0] DEBUG block.SCMBlockDeletingService (SCMBlockDeletingService.java:call(155)) - Scanned deleted blocks log and got 0 delTX to process.
2019-09-10 07:08:23,063 [SCMBlockDeletingService#0] DEBUG block.SCMBlockDeletingService (SCMBlockDeletingService.java:call(138)) - Running DeletedBlockTransactionScanner
2019-09-10 07:08:23,063 [SCMBlockDeletingService#0] DEBUG block.SCMBlockDeletingService (SCMBlockDeletingService.java:call(155)) - Scanned deleted blocks log and got 0 delTX to process.
2019-09-10 07:08:23,164 [SCMBlockDeletingService#1] DEBUG block.SCMBlockDeletingService (SCMBlockDeletingService.java:call(138)) - Running DeletedBlockTransactionScanner
2019-09-10 07:08:23,164 [SCMBlockDeletingService#1] DEBUG block.SCMBlockDeletingService (SCMBlockDeletingService.java:call(155)) - Scanned deleted blocks log and got 0 delTX to process.
2019-09-10 07:08:23,264 [SCMBlockDeletingService#1] DEBUG block.SCMBlockDeletingService (SCMBlockDeletingService.java:call(138)) - Running DeletedBlockTransactionScanner
2019-09-10 07:08:23,265 [SCMBlockDeletingService#1] DEBUG block.SCMBlockDeletingService (SCMBlockDeletingService.java:call(155)) - Scanned deleted blocks log and got 0 delTX to process.
2019-09-10 07:08:23,365 [SCMBlockDeletingService#1] DEBUG block.SCMBlockDeletingService (SCMBlockDeletingService.java:call(138)) - Running DeletedBlockTransactionScanner
2019-09-10 07:08:23,365 [SCMBlockDeletingService#1] DEBUG block.SCMBlockDeletingService (SCMBlockDeletingService.java:call(155)) - Scanned deleted blocks log and got 0 delTX to process.
2019-09-10 07:08:23,466 [SCMBlockDeletingService#1] DEBUG block.SCMBlockDeletingService (SCMBlockDeletingService.java:call(138)) - Running DeletedBlockTransactionScanner
2019-09-10 07:08:23,466 [SCMBlockDeletingService#1] DEBUG block.SCMBlockDeletingService (SCMBlockDeletingService.java:call(155)) - Scanned deleted blocks log and got 0 delTX to process.
2019-09-10 07:08:23,566 [SCMBlockDeletingService#1] DEBUG block.SCMBlockDeletingService (SCMBlockDeletingService.java:call(138)) - Running DeletedBlockTransactionScanner
2019-09-10 07:08:23,567 [SCMBlockDeletingService#1] DEBUG block.SCMBlockDeletingService (SCMBlockDeletingService.java:call(155)) - Scanned deleted blocks log and got 0 delTX to process.
2019-09-10 07:08:23,667 [SCMBlockDeletingService#1] DEBUG block.SCMBlockDeletingService (SCMBlockDeletingService.java:call(138)) - Running DeletedBlockTransactionScanner
2019-09-10 07:08:23,667 [SCMBlockDeletingService#1] DEBUG block.SCMBlockDeletingService (SCMBlockDeletingService.java:call(155)) - Scanned deleted blocks log and got 0 delTX to process.
2019-09-10 07:08:23,767 [SCMBlockDeletingService#1] DEBUG block.SCMBlockDeletingService (SCMBlockDeletingService.java:call(138)) - Running DeletedBlockTransactionScanner
2019-09-10 07:08:23,768 [SCMBlockDeletingService#1] DEBUG block.SCMBlockDeletingService (SCMBlockDeletingService.java:call(155)) - Scanned deleted blocks log and got 0 delTX to process.
2019-09-10 07:08:23,868 [SCMBlockDeletingService#1] DEBUG block.SCMBlockDeletingService (SCMBlockDeletingService.java:call(138)) - Running DeletedBlockTransactionScanner
2019-09-10 07:08:23,869 [SCMBlockDeletingService#1] DEBUG block.SCMBlockDeletingService (SCMBlockDeletingService.java:call(155)) - Scanned deleted blocks log and got 0 delTX to process.
2019-09-10 07:08:23,969 [SCMBlockDeletingService#1] DEBUG block.SCMBlockDeletingService (SCMBlockDeletingService.java:call(138)) - Running DeletedBlockTransactionScanner
2019-09-10 07:08:23,969 [SCMBlockDeletingService#1] DEBUG block.SCMBlockDeletingService (SCMBlockDeletingService.java:call(155)) - Scanned deleted blocks log and got 0 delTX to process.
2019-09-10 07:08:24,069 [SCMBlockDeletingService#1] DEBUG block.SCMBlockDeletingService (SCMBlockDeletingService.java:call(138)) - Running DeletedBlockTransactionScanner
2019-09-10 07:08:24,070 [SCMBlockDeletingService#1] DEBUG block.SCMBlockDeletingService (SCMBlockDeletingService.java:call(155)) - Scanned deleted blocks log and got 0 delTX to process.
2019-09-10 07:08:24,170 [SCMBlockDeletingService#1] DEBUG block.SCMBlockDeletingService (SCMBlockDeletingService.java:call(138)) - Running DeletedBlockTransactionScanner
2019-09-10 07:08:24,171 [SCMBlockDeletingService#1] DEBUG block.SCMBlockDeletingService (SCMBlockDeletingService.java:call(155)) - Scanned deleted blocks log and got 0 delTX to process.
2019-09-10 07:08:24,271 [SCMBlockDeletingService#1] DEBUG block.SCMBlockDeletingService (SCMBlockDeletingService.java:call(138)) - Running DeletedBlockTransactionScanner
2019-09-10 07:08:24,271 [SCMBlockDeletingService#1] DEBUG block.SCMBlockDeletingService (SCMBlockDeletingService.java:call(155)) - Scanned deleted blocks log and got 0 delTX to process.
2019-09-10 07:08:24,371 [SCMBlockDeletingService#1] DEBUG block.SCMBlockDeletingService (SCMBlockDeletingService.java:call(138)) - Running DeletedBlockTransactionScanner
2019-09-10 07:08:24,372 [SCMBlockDeletingService#1] DEBUG block.SCMBlockDeletingService (SCMBlockDeletingService.java:call(155)) - Scanned deleted blocks log and got 0 delTX to process.
2019-09-10 07:08:24,472 [SCMBlockDeletingService#1] DEBUG block.SCMBlockDeletingService (SCMBlockDeletingService.java:call(138)) - Running DeletedBlockTransactionScanner
2019-09-10 07:08:24,472 [SCMBlockDeletingService#1] DEBUG block.SCMBlockDeletingService (SCMBlockDeletingService.java:call(155)) - Scanned deleted blocks log and got 0 delTX to process.
2019-09-10 07:08:24,573 [SCMBlockDeletingService#1] DEBUG block.SCMBlockDeletingService (SCMBlockDeletingService.java:call(138)) - Running DeletedBlockTransactionScanner
2019-09-10 07:08:24,573 [SCMBlockDeletingService#1] DEBUG block.SCMBlockDeletingService (SCMBlockDeletingService.java:call(155)) - Scanned deleted blocks log and got 0 delTX to process.
2019-09-10 07:08:24,673 [SCMBlockDeletingService#1] DEBUG block.SCMBlockDeletingService (SCMBlockDeletingService.java:call(138)) - Running DeletedBlockTransactionScanner
2019-09-10 07:08:24,674 [SCMBlockDeletingService#1] DEBUG block.SCMBlockDeletingService (SCMBlockDeletingService.java:call(155)) - Scanned deleted blocks log and got 0 delTX to process.
2019-09-10 07:08:24,774 [SCMBlockDeletingService#1] DEBUG block.SCMBlockDeletingService (SCMBlockDeletingService.java:call(138)) - Running DeletedBlockTransactionScanner
2019-09-10 07:08:24,774 [SCMBlockDeletingService#1] DEBUG block.SCMBlockDeletingService (SCMBlockDeletingService.java:call(155)) - Scanned deleted blocks log and got 0 delTX to process.
2019-09-10 07:08:24,874 [SCMBlockDeletingService#1] DEBUG block.SCMBlockDeletingService (SCMBlockDeletingService.java:call(138)) - Running DeletedBlockTransactionScanner
2019-09-10 07:08:24,875 [SCMBlockDeletingService#1] DEBUG block.SCMBlockDeletingService (SCMBlockDeletingService.java:call(155)) - Scanned deleted blocks log and got 0 delTX to process.
2019-09-10 07:08:24,975 [SCMBlockDeletingService#1] DEBUG block.SCMBlockDeletingService (SCMBlockDeletingService.java:call(138)) - Running DeletedBlockTransactionScanner
2019-09-10 07:08:24,975 [SCMBlockDeletingService#1] DEBUG block.SCMBlockDeletingService (SCMBlockDeletingService.java:call(155)) - Scanned deleted blocks log and got 0 delTX to process.
2019-09-10 07:08:25,076 [SCMBlockDeletingService#1] DEBUG block.SCMBlockDeletingService (SCMBlockDeletingService.java:call(138)) - Running DeletedBlockTransactionScanner
2019-09-10 07:08:25,076 [SCMBlockDeletingService#1] DEBUG block.SCMBlockDeletingService (SCMBlockDeletingService.java:call(155)) - Scanned deleted blocks log and got 0 delTX to process.
2019-09-10 07:08:25,176 [SCMBlockDeletingService#1] DEBUG block.SCMBlockDeletingService (SCMBlockDeletingService.java:call(138)) - Running DeletedBlockTransactionScanner
2019-09-10 07:08:25,177 [SCMBlockDeletingService#1] DEBUG block.SCMBlockDeletingService (SCMBlockDeletingService.java:call(155)) - Scanned deleted blocks log and got 0 delTX to process.
2019-09-10 07:08:25,277 [SCMBlockDeletingService#1] DEBUG block.SCMBlockDeletingService (SCMBlockDeletingService.java:call(138)) - Running DeletedBlockTransactionScanner
2019-09-10 07:08:25,277 [SCMBlockDeletingService#1] DEBUG block.SCMBlockDeletingService (SCMBlockDeletingService.java:call(155)) - Scanned deleted blocks log and got 0 delTX to process.
2019-09-10 07:08:25,378 [SCMBlockDeletingService#1] DEBUG block.SCMBlockDeletingService (SCMBlockDeletingService.java:call(138)) - Running DeletedBlockTransactionScanner
2019-09-10 07:08:25,378 [SCMBlockDeletingService#1] DEBUG block.SCMBlockDeletingService (SCMBlockDeletingService.java:call(155)) - Scanned deleted blocks log and got 0 delTX to process.
2019-09-10 07:08:25,478 [SCMBlockDeletingService#1] DEBUG block.SCMBlockDeletingService (SCMBlockDeletingService.java:call(138)) - Running DeletedBlockTransactionScanner
2019-09-10 07:08:25,478 [SCMBlockDeletingService#1] DEBUG block.SCMBlockDeletingService (SCMBlockDeletingService.java:call(155)) - Scanned deleted blocks log and got 0 delTX to process.
2019-09-10 07:08:25,579 [SCMBlockDeletingService#1] DEBUG block.SCMBlockDeletingService (SCMBlockDeletingService.java:call(138)) - Running DeletedBlockTransactionScanner
2019-09-10 07:08:25,579 [SCMBlockDeletingService#1] DEBUG block.SCMBlockDeletingService (SCMBlockDeletingService.java:call(155)) - Scanned deleted blocks log and got 0 delTX to process.
2019-09-10 07:08:25,679 [SCMBlockDeletingService#1] DEBUG block.SCMBlockDeletingService (SCMBlockDeletingService.java:call(138)) - Running DeletedBlockTransactionScanner
2019-09-10 07:08:25,679 [SCMBlockDeletingService#1] DEBUG block.SCMBlockDeletingService (SCMBlockDeletingService.java:call(155)) - Scanned deleted blocks log and got 0 delTX to process.
2019-09-10 07:08:25,780 [SCMBlockDeletingService#1] DEBUG block.SCMBlockDeletingService (SCMBlockDeletingService.java:call(138)) - Running DeletedBlockTransactionScanner
2019-09-10 07:08:25,780 [SCMBlockDeletingService#1] DEBUG block.SCMBlockDeletingService (SCMBlockDeletingService.java:call(155)) - Scanned deleted blocks log and got 0 delTX to process.
2019-09-10 07:08:25,880 [SCMBlockDeletingService#1] DEBUG block.SCMBlockDeletingService (SCMBlockDeletingService.java:call(138)) - Running DeletedBlockTransactionScanner
2019-09-10 07:08:25,880 [SCMBlockDeletingService#1] DEBUG block.SCMBlockDeletingService (SCMBlockDeletingService.java:call(155)) - Scanned deleted blocks log and got 0 delTX to process.
2019-09-10 07:08:25,981 [SCMBlockDeletingService#1] DEBUG block.SCMBlockDeletingService (SCMBlockDeletingService.java:call(138)) - Running DeletedBlockTransactionScanner
2019-09-10 07:08:25,981 [SCMBlockDeletingService#1] DEBUG block.SCMBlockDeletingService (SCMBlockDeletingService.java:call(155)) - Scanned deleted blocks log and got 0 delTX to process.
2019-09-10 07:08:26,081 [SCMBlockDeletingService#1] DEBUG block.SCMBlockDeletingService (SCMBlockDeletingService.java:call(138)) - Running DeletedBlockTransactionScanner
2019-09-10 07:08:26,082 [SCMBlockDeletingService#1] DEBUG block.SCMBlockDeletingService (SCMBlockDeletingService.java:call(155)) - Scanned deleted blocks log and got 0 delTX to process.
2019-09-10 07:08:26,182 [SCMBlockDeletingService#1] DEBUG block.SCMBlockDeletingService (SCMBlockDeletingService.java:call(138)) - Running DeletedBlockTransactionScanner
2019-09-10 07:08:26,182 [SCMBlockDeletingService#1] DEBUG block.SCMBlockDeletingService (SCMBlockDeletingService.java:call(155)) - Scanned deleted blocks log and got 0 delTX to process.
2019-09-10 07:08:26,282 [SCMBlockDeletingService#1] DEBUG block.SCMBlockDeletingService (SCMBlockDeletingService.java:call(138)) - Running DeletedBlockTransactionScanner
2019-09-10 07:08:26,282 [SCMBlockDeletingService#1] DEBUG block.SCMBlockDeletingService (SCMBlockDeletingService.java:call(155)) - Scanned deleted blocks log and got 0 delTX to process.
2019-09-10 07:08:26,383 [SCMBlockDeletingService#1] DEBUG block.SCMBlockDeletingService (SCMBlockDeletingService.java:call(138)) - Running DeletedBlockTransactionScanner
2019-09-10 07:08:26,383 [SCMBlockDeletingService#1] DEBUG block.SCMBlockDeletingService (SCMBlockDeletingService.java:call(155)) - Scanned deleted blocks log and got 0 delTX to process.
2019-09-10 07:08:26,483 [SCMBlockDeletingService#1] DEBUG block.SCMBlockDeletingService (SCMBlockDeletingService.java:call(138)) - Running DeletedBlockTransactionScanner
2019-09-10 07:08:26,483 [SCMBlockDeletingService#1] DEBUG block.SCMBlockDeletingService (SCMBlockDeletingService.java:call(155)) - Scanned deleted blocks log and got 0 delTX to process.
2019-09-10 07:08:26,584 [SCMBlockDeletingService#1] DEBUG block.SCMBlockDeletingService (SCMBlockDeletingService.java:call(138)) - Running DeletedBlockTransactionScanner
2019-09-10 07:08:26,584 [SCMBlockDeletingService#1] DEBUG block.SCMBlockDeletingService (SCMBlockDeletingService.java:call(155)) - Scanned deleted blocks log and got 0 delTX to process.
2019-09-10 07:08:26,684 [SCMBlockDeletingService#1] DEBUG block.SCMBlockDeletingService (SCMBlockDeletingService.java:call(138)) - Running DeletedBlockTransactionScanner
2019-09-10 07:08:26,685 [SCMBlockDeletingService#1] DEBUG block.SCMBlockDeletingService (SCMBlockDeletingService.java:call(155)) - Scanned deleted blocks log and got 0 delTX to process.
2019-09-10 07:08:26,785 [SCMBlockDeletingService#1] DEBUG block.SCMBlockDeletingService (SCMBlockDeletingService.java:call(138)) - Running DeletedBlockTransactionScanner
2019-09-10 07:08:26,785 [SCMBlockDeletingService#1] DEBUG block.SCMBlockDeletingService (SCMBlockDeletingService.java:call(155)) - Scanned deleted blocks log and got 0 delTX to process.
2019-09-10 07:08:26,886 [SCMBlockDeletingService#1] DEBUG block.SCMBlockDeletingService (SCMBlockDeletingService.java:call(138)) - Running DeletedBlockTransactionScanner
2019-09-10 07:08:26,886 [SCMBlockDeletingService#1] DEBUG block.SCMBlockDeletingService (SCMBlockDeletingService.java:call(155)) - Scanned deleted blocks log and got 0 delTX to process.
2019-09-10 07:08:26,986 [SCMBlockDeletingService#1] DEBUG block.SCMBlockDeletingService (SCMBlockDeletingService.java:call(138)) - Running DeletedBlockTransactionScanner
2019-09-10 07:08:26,986 [SCMBlockDeletingService#1] DEBUG block.SCMBlockDeletingService (SCMBlockDeletingService.java:call(155)) - Scanned deleted blocks log and got 0 delTX to process.
2019-09-10 07:08:27,087 [SCMBlockDeletingService#1] DEBUG block.SCMBlockDeletingService (SCMBlockDeletingService.java:call(138)) - Running DeletedBlockTransactionScanner
2019-09-10 07:08:27,088 [SCMBlockDeletingService#1] DEBUG block.SCMBlockDeletingService (SCMBlockDeletingService.java:call(155)) - Scanned deleted blocks log and got 0 delTX to process.
2019-09-10 07:08:27,188 [SCMBlockDeletingService#1] DEBUG block.SCMBlockDeletingService (SCMBlockDeletingService.java:call(138)) - Running DeletedBlockTransactionScanner
2019-09-10 07:08:27,189 [SCMBlockDeletingService#1] DEBUG block.SCMBlockDeletingService (SCMBlockDeletingService.java:call(155)) - Scanned deleted blocks log and got 0 delTX to process.
2019-09-10 07:08:27,289 [SCMBlockDeletingService#1] DEBUG block.SCMBlockDeletingService (SCMBlockDeletingService.java:call(138)) - Running DeletedBlockTransactionScanner
2019-09-10 07:08:27,289 [SCMBlockDeletingService#1] DEBUG block.SCMBlockDeletingService (SCMBlockDeletingService.java:call(155)) - Scanned deleted blocks log and got 0 delTX to process.
2019-09-10 07:08:27,389 [SCMBlockDeletingService#1] DEBUG block.SCMBlockDeletingService (SCMBlockDeletingService.java:call(138)) - Running DeletedBlockTransactionScanner
2019-09-10 07:08:27,390 [SCMBlockDeletingService#1] DEBUG block.SCMBlockDeletingService (SCMBlockDeletingService.java:call(155)) - Scanned deleted blocks log and got 0 delTX to process.
2019-09-10 07:08:27,490 [SCMBlockDeletingService#1] DEBUG block.SCMBlockDeletingService (SCMBlockDeletingService.java:call(138)) - Running DeletedBlockTransactionScanner
2019-09-10 07:08:27,490 [SCMBlockDeletingService#1] DEBUG block.SCMBlockDeletingService (SCMBlockDeletingService.java:call(155)) - Scanned deleted blocks log and got 0 delTX to process.
2019-09-10 07:08:27,590 [SCMBlockDeletingService#1] DEBUG block.SCMBlockDeletingService (SCMBlockDeletingService.java:call(138)) - Running DeletedBlockTransactionScanner
2019-09-10 07:08:27,591 [SCMBlockDeletingService#1] DEBUG block.SCMBlockDeletingService (SCMBlockDeletingService.java:call(155)) - Scanned deleted blocks log and got 0 delTX to process.
2019-09-10 07:08:27,691 [SCMBlockDeletingService#1] DEBUG block.SCMBlockDeletingService (SCMBlockDeletingService.java:call(138)) - Running DeletedBlockTransactionScanner
2019-09-10 07:08:27,691 [SCMBlockDeletingService#1] DEBUG block.SCMBlockDeletingService (SCMBlockDeletingService.java:call(155)) - Scanned deleted blocks log and got 0 delTX to process.
2019-09-10 07:08:27,791 [SCMBlockDeletingService#1] DEBUG block.SCMBlockDeletingService (SCMBlockDeletingService.java:call(138)) - Running DeletedBlockTransactionScanner
2019-09-10 07:08:27,792 [SCMBlockDeletingService#1] DEBUG block.SCMBlockDeletingService (SCMBlockDeletingService.java:call(155)) - Scanned deleted blocks log and got 0 delTX to process.
2019-09-10 07:08:27,892 [SCMBlockDeletingService#1] DEBUG block.SCMBlockDeletingService (SCMBlockDeletingService.java:call(138)) - Running DeletedBlockTransactionScanner
2019-09-10 07:08:27,893 [SCMBlockDeletingService#1] DEBUG block.SCMBlockDeletingService (SCMBlockDeletingService.java:call(155)) - Scanned deleted blocks log and got 0 delTX to process.
2019-09-10 07:08:27,993 [SCMBlockDeletingService#1] DEBUG block.SCMBlockDeletingService (SCMBlockDeletingService.java:call(138)) - Running DeletedBlockTransactionScanner
2019-09-10 07:08:27,993 [SCMBlockDeletingService#1] DEBUG block.SCMBlockDeletingService (SCMBlockDeletingService.java:call(155)) - Scanned deleted blocks log and got 0 delTX to process.
2019-09-10 07:08:28,093 [SCMBlockDeletingService#1] DEBUG block.SCMBlockDeletingService (SCMBlockDeletingService.java:call(138)) - Running DeletedBlockTransactionScanner
2019-09-10 07:08:28,094 [SCMBlockDeletingService#1] DEBUG block.SCMBlockDeletingService (SCMBlockDeletingService.java:call(155)) - Scanned deleted blocks log and got 0 delTX to process.
2019-09-10 07:08:28,194 [SCMBlockDeletingService#1] DEBUG block.SCMBlockDeletingService (SCMBlockDeletingService.java:call(138)) - Running DeletedBlockTransactionScanner
2019-09-10 07:08:28,194 [SCMBlockDeletingService#1] DEBUG block.SCMBlockDeletingService (SCMBlockDeletingService.java:call(155)) - Scanned deleted blocks log and got 0 delTX to process.
2019-09-10 07:08:28,294 [SCMBlockDeletingService#1] DEBUG block.SCMBlockDeletingService (SCMBlockDeletingService.java:call(138)) - Running DeletedBlockTransactionScanner
2019-09-10 07:08:28,295 [SCMBlockDeletingService#1] DEBUG block.SCMBlockDeletingService (SCMBlockDeletingService.java:call(155)) - Scanned deleted blocks log and got 0 delTX to process.
2019-09-10 07:08:28,395 [SCMBlockDeletingService#1] DEBUG block.SCMBlockDeletingService (SCMBlockDeletingService.java:call(138)) - Running DeletedBlockTransactionScanner
2019-09-10 07:08:28,395 [SCMBlockDeletingService#1] DEBUG block.SCMBlockDeletingService (SCMBlockDeletingService.java:call(155)) - Scanned deleted blocks log and got 0 delTX to process.
2019-09-10 07:08:28,496 [SCMBlockDeletingService#1] DEBUG block.SCMBlockDeletingService (SCMBlockDeletingService.java:call(138)) - Running DeletedBlockTransactionScanner
2019-09-10 07:08:28,496 [SCMBlockDeletingService#1] DEBUG block.SCMBlockDeletingService (SCMBlockDeletingService.java:call(155)) - Scanned deleted blocks log and got 0 delTX to process.
2019-09-10 07:08:28,596 [SCMBlockDeletingService#1] DEBUG block.SCMBlockDeletingService (SCMBlockDeletingService.java:call(138)) - Running DeletedBlockTransactionScanner
2019-09-10 07:08:28,597 [SCMBlockDeletingService#1] DEBUG block.SCMBlockDeletingService (SCMBlockDeletingService.java:call(155)) - Scanned deleted blocks log and got 0 delTX to process.
2019-09-10 07:08:28,697 [SCMBlockDeletingService#1] DEBUG block.SCMBlockDeletingService (SCMBlockDeletingService.java:call(138)) - Running DeletedBlockTransactionScanner
2019-09-10 07:08:28,697 [SCMBlockDeletingService#1] DEBUG block.SCMBlockDeletingService (SCMBlockDeletingService.java:call(155)) - Scanned deleted blocks log and got 0 delTX to process.
2019-09-10 07:08:28,797 [SCMBlockDeletingService#1] DEBUG block.SCMBlockDeletingService (SCMBlockDeletingService.java:call(138)) - Running DeletedBlockTransactionScanner
2019-09-10 07:08:28,797 [SCMBlockDeletingService#1] DEBUG block.SCMBlockDeletingService (SCMBlockDeletingService.java:call(155)) - Scanned deleted blocks log and got 0 delTX to process.
2019-09-10 07:08:28,898 [SCMBlockDeletingService#1] DEBUG block.SCMBlockDeletingService (SCMBlockDeletingService.java:call(138)) - Running DeletedBlockTransactionScanner
2019-09-10 07:08:28,898 [SCMBlockDeletingService#1] DEBUG block.SCMBlockDeletingService (SCMBlockDeletingService.java:call(155)) - Scanned deleted blocks log and got 0 delTX to process.
2019-09-10 07:08:28,998 [SCMBlockDeletingService#1] DEBUG block.SCMBlockDeletingService (SCMBlockDeletingService.java:call(138)) - Running DeletedBlockTransactionScanner
2019-09-10 07:08:28,998 [SCMBlockDeletingService#1] DEBUG block.SCMBlockDeletingService (SCMBlockDeletingService.java:call(155)) - Scanned deleted blocks log and got 0 delTX to process.
2019-09-10 07:08:29,099 [SCMBlockDeletingService#1] DEBUG block.SCMBlockDeletingService (SCMBlockDeletingService.java:call(138)) - Running DeletedBlockTransactionScanner
2019-09-10 07:08:29,099 [SCMBlockDeletingService#1] DEBUG block.SCMBlockDeletingService (SCMBlockDeletingService.java:call(155)) - Scanned deleted blocks log and got 0 delTX to process.
2019-09-10 07:08:29,199 [SCMBlockDeletingService#1] DEBUG block.SCMBlockDeletingService (SCMBlockDeletingService.java:call(138)) - Running DeletedBlockTransactionScanner
2019-09-10 07:08:29,200 [SCMBlockDeletingService#1] DEBUG block.SCMBlockDeletingService (SCMBlockDeletingService.java:call(155)) - Scanned deleted blocks log and got 0 delTX to process.
2019-09-10 07:08:29,300 [SCMBlockDeletingService#0] DEBUG block.SCMBlockDeletingService (SCMBlockDeletingService.java:call(138)) - Running DeletedBlockTransactionScanner
2019-09-10 07:08:29,300 [SCMBlockDeletingService#0] DEBUG block.SCMBlockDeletingService (SCMBlockDeletingService.java:call(155)) - Scanned deleted blocks log and got 0 delTX to process.
2019-09-10 07:08:29,401 [SCMBlockDeletingService#1] DEBUG block.SCMBlockDeletingService (SCMBlockDeletingService.java:call(138)) - Running DeletedBlockTransactionScanner
2019-09-10 07:08:29,401 [SCMBlockDeletingService#1] DEBUG block.SCMBlockDeletingService (SCMBlockDeletingService.java:call(155)) - Scanned deleted blocks log and got 0 delTX to process.
2019-09-10 07:08:29,501 [SCMBlockDeletingService#1] DEBUG block.SCMBlockDeletingService (SCMBlockDeletingService.java:call(138)) - Running DeletedBlockTransactionScanner
2019-09-10 07:08:29,502 [SCMBlockDeletingService#1] DEBUG block.SCMBlockDeletingService (SCMBlockDeletingService.java:call(155)) - Scanned deleted blocks log and got 0 delTX to process.
2019-09-10 07:08:29,602 [SCMBlockDeletingService#1] DEBUG block.SCMBlockDeletingService (SCMBlockDeletingService.java:call(138)) - Running DeletedBlockTransactionScanner
2019-09-10 07:08:29,602 [SCMBlockDeletingService#1] DEBUG block.SCMBlockDeletingService (SCMBlockDeletingService.java:call(155)) - Scanned deleted blocks log and got 0 delTX to process.
2019-09-10 07:08:29,702 [SCMBlockDeletingService#1] DEBUG block.SCMBlockDeletingService (SCMBlockDeletingService.java:call(138)) - Running DeletedBlockTransactionScanner
2019-09-10 07:08:29,703 [SCMBlockDeletingService#1] DEBUG block.SCMBlockDeletingService (SCMBlockDeletingService.java:call(155)) - Scanned deleted blocks log and got 0 delTX to process.
2019-09-10 07:08:29,803 [SCMBlockDeletingService#1] DEBUG block.SCMBlockDeletingService (SCMBlockDeletingService.java:call(138)) - Running DeletedBlockTransactionScanner
2019-09-10 07:08:29,803 [SCMBlockDeletingService#1] DEBUG block.SCMBlockDeletingService (SCMBlockDeletingService.java:call(155)) - Scanned deleted blocks log and got 0 delTX to process.
2019-09-10 07:08:29,903 [SCMBlockDeletingService#1] DEBUG block.SCMBlockDeletingService (SCMBlockDeletingService.java:call(138)) - Running DeletedBlockTransactionScanner
2019-09-10 07:08:29,904 [SCMBlockDeletingService#1] DEBUG block.SCMBlockDeletingService (SCMBlockDeletingService.java:call(155)) - Scanned deleted blocks log and got 0 delTX to process.
2019-09-10 07:08:30,004 [SCMBlockDeletingService#1] DEBUG block.SCMBlockDeletingService (SCMBlockDeletingService.java:call(138)) - Running DeletedBlockTransactionScanner
2019-09-10 07:08:30,004 [SCMBlockDeletingService#1] DEBUG block.SCMBlockDeletingService (SCMBlockDeletingService.java:call(155)) - Scanned deleted blocks log and got 0 delTX to process.
2019-09-10 07:08:30,104 [SCMBlockDeletingService#1] DEBUG block.SCMBlockDeletingService (SCMBlockDeletingService.java:call(138)) - Running DeletedBlockTransactionScanner
2019-09-10 07:08:30,105 [SCMBlockDeletingService#1] DEBUG block.SCMBlockDeletingService (SCMBlockDeletingService.java:call(155)) - Scanned deleted blocks log and got 0 delTX to process.
2019-09-10 07:08:30,205 [SCMBlockDeletingService#1] DEBUG block.SCMBlockDeletingService (SCMBlockDeletingService.java:call(138)) - Running DeletedBlockTransactionScanner
2019-09-10 07:08:30,205 [SCMBlockDeletingService#1] DEBUG block.SCMBlockDeletingService (SCMBlockDeletingService.java:call(155)) - Scanned deleted blocks log and got 0 delTX to process.
2019-09-10 07:08:30,306 [SCMBlockDeletingService#1] DEBUG block.SCMBlockDeletingService (SCMBlockDeletingService.java:call(138)) - Running DeletedBlockTransactionScanner
2019-09-10 07:08:30,306 [SCMBlockDeletingService#1] DEBUG block.SCMBlockDeletingService (SCMBlockDeletingService.java:call(155)) - Scanned deleted blocks log and got 0 delTX to process.
2019-09-10 07:08:30,406 [SCMBlockDeletingService#1] DEBUG block.SCMBlockDeletingService (SCMBlockDeletingService.java:call(138)) - Running DeletedBlockTransactionScanner
2019-09-10 07:08:30,406 [SCMBlockDeletingService#1] DEBUG block.SCMBlockDeletingService (SCMBlockDeletingService.java:call(155)) - Scanned deleted blocks log and got 0 delTX to process.
2019-09-10 07:08:30,507 [SCMBlockDeletingService#1] DEBUG block.SCMBlockDeletingService (SCMBlockDeletingService.java:call(138)) - Running DeletedBlockTransactionScanner
2019-09-10 07:08:30,507 [SCMBlockDeletingService#1] DEBUG block.SCMBlockDeletingService (SCMBlockDeletingService.java:call(155)) - Scanned deleted blocks log and got 0 delTX to process.
2019-09-10 07:08:30,607 [SCMBlockDeletingService#1] DEBUG block.SCMBlockDeletingService (SCMBlockDeletingService.java:call(138)) - Running DeletedBlockTransactionScanner
2019-09-10 07:08:30,608 [SCMBlockDeletingService#1] DEBUG block.SCMBlockDeletingService (SCMBlockDeletingService.java:call(155)) - Scanned deleted blocks log and got 0 delTX to process.
2019-09-10 07:08:30,708 [SCMBlockDeletingService#1] DEBUG block.SCMBlockDeletingService (SCMBlockDeletingService.java:call(138)) - Running DeletedBlockTransactionScanner
2019-09-10 07:08:30,708 [SCMBlockDeletingService#1] DEBUG block.SCMBlockDeletingService (SCMBlockDeletingService.java:call(155)) - Scanned deleted blocks log and got 0 delTX to process.
2019-09-10 07:08:30,808 [SCMBlockDeletingService#1] DEBUG block.SCMBlockDeletingService (SCMBlockDeletingService.java:call(138)) - Running DeletedBlockTransactionScanner
2019-09-10 07:08:30,809 [SCMBlockDeletingService#1] DEBUG block.SCMBlockDeletingService (SCMBlockDeletingService.java:call(155)) - Scanned deleted blocks log and got 0 delTX to process.
2019-09-10 07:08:30,909 [SCMBlockDeletingService#1] DEBUG block.SCMBlockDeletingService (SCMBlockDeletingService.java:call(138)) - Running DeletedBlockTransactionScanner
2019-09-10 07:08:30,909 [SCMBlockDeletingService#1] DEBUG block.SCMBlockDeletingService (SCMBlockDeletingService.java:call(155)) - Scanned deleted blocks log and got 0 delTX to process.
2019-09-10 07:08:31,009 [SCMBlockDeletingService#1] DEBUG block.SCMBlockDeletingService (SCMBlockDeletingService.java:call(138)) - Running DeletedBlockTransactionScanner
2019-09-10 07:08:31,010 [SCMBlockDeletingService#1] DEBUG block.SCMBlockDeletingService (SCMBlockDeletingService.java:call(155)) - Scanned deleted blocks log and got 0 delTX to process.
2019-09-10 07:08:31,110 [SCMBlockDeletingService#1] DEBUG block.SCMBlockDeletingService (SCMBlockDeletingService.java:call(138)) - Running DeletedBlockTransactionScanner
2019-09-10 07:08:31,110 [SCMBlockDeletingService#1] DEBUG block.SCMBlockDeletingService (SCMBlockDeletingService.java:call(155)) - Scanned deleted blocks log and got 0 delTX to process.
2019-09-10 07:08:31,211 [SCMBlockDeletingService#1] DEBUG block.SCMBlockDeletingService (SCMBlockDeletingService.java:call(138)) - Running DeletedBlockTransactionScanner
2019-09-10 07:08:31,211 [SCMBlockDeletingService#1] DEBUG block.SCMBlockDeletingService (SCMBlockDeletingService.java:call(155)) - Scanned deleted blocks log and got 0 delTX to process.
2019-09-10 07:08:31,311 [SCMBlockDeletingService#1] DEBUG block.SCMBlockDeletingService (SCMBlockDeletingService.java:call(138)) - Running DeletedBlockTransactionScanner
2019-09-10 07:08:31,312 [SCMBlockDeletingService#1] DEBUG block.SCMBlockDeletingService (SCMBlockDeletingService.java:call(155)) - Scanned deleted blocks log and got 0 delTX to process.
2019-09-10 07:08:31,412 [SCMBlockDeletingService#0] DEBUG block.SCMBlockDeletingService (SCMBlockDeletingService.java:call(138)) - Running DeletedBlockTransactionScanner
2019-09-10 07:08:31,412 [SCMBlockDeletingService#0] DEBUG block.SCMBlockDeletingService (SCMBlockDeletingService.java:call(155)) - Scanned deleted blocks log and got 0 delTX to process.
2019-09-10 07:08:31,512 [SCMBlockDeletingService#0] DEBUG block.SCMBlockDeletingService (SCMBlockDeletingService.java:call(138)) - Running DeletedBlockTransactionScanner
2019-09-10 07:08:31,513 [SCMBlockDeletingService#0] DEBUG block.SCMBlockDeletingService (SCMBlockDeletingService.java:call(155)) - Scanned deleted blocks log and got 0 delTX to process.
2019-09-10 07:08:31,613 [SCMBlockDeletingService#0] DEBUG block.SCMBlockDeletingService (SCMBlockDeletingService.java:call(138)) - Running DeletedBlockTransactionScanner
2019-09-10 07:08:31,613 [SCMBlockDeletingService#0] DEBUG block.SCMBlockDeletingService (SCMBlockDeletingService.java:call(155)) - Scanned deleted blocks log and got 0 delTX to process.
2019-09-10 07:08:31,713 [SCMBlockDeletingService#0] DEBUG block.SCMBlockDeletingService (SCMBlockDeletingService.java:call(138)) - Running DeletedBlockTransactionScanner
2019-09-10 07:08:31,714 [SCMBlockDeletingService#0] DEBUG block.SCMBlockDeletingService (SCMBlockDeletingService.java:call(155)) - Scanned deleted blocks log and got 0 delTX to process.
2019-09-10 07:08:31,814 [SCMBlockDeletingService#0] DEBUG block.SCMBlockDeletingService (SCMBlockDeletingService.java:call(138)) - Running DeletedBlockTransactionScanner
2019-09-10 07:08:31,814 [SCMBlockDeletingService#0] DEBUG block.SCMBlockDeletingService (SCMBlockDeletingService.java:call(155)) - Scanned deleted blocks log and got 0 delTX to process.
2019-09-10 07:08:31,915 [SCMBlockDeletingService#0] DEBUG block.SCMBlockDeletingService (SCMBlockDeletingService.java:call(138)) - Running DeletedBlockTransactionScanner
2019-09-10 07:08:31,915 [SCMBlockDeletingService#0] DEBUG block.SCMBlockDeletingService (SCMBlockDeletingService.java:call(155)) - Scanned deleted blocks log and got 0 delTX to process.
2019-09-10 07:08:32,015 [SCMBlockDeletingService#0] DEBUG block.SCMBlockDeletingService (SCMBlockDeletingService.java:call(138)) - Running DeletedBlockTransactionScanner
2019-09-10 07:08:32,015 [SCMBlockDeletingService#0] DEBUG block.SCMBlockDeletingService (SCMBlockDeletingService.java:call(155)) - Scanned deleted blocks log and got 0 delTX to process.
2019-09-10 07:08:32,106 [05f13708-5e6e-4ea1-a525-a3c8f7f54426@group-34B10843FE54-SegmentedRaftLogWorker] WARN  segmented.SegmentedRaftLogWorker (SegmentedRaftLogWorker.java:getFromFuture(90)) - Timeout 31/~
org.apache.ratis.protocol.TimeoutIOException: Timeout 10s: WriteLog:16: (t:1, i:16), STATEMACHINELOGENTRY, client-7F424F215E90, cid=11-writeStateMachineData
	at org.apache.ratis.util.IOUtils.getFromFuture(IOUtils.java:87)
	at org.apache.ratis.server.raftlog.segmented.SegmentedRaftLogWorker$StateMachineDataPolicy.getFromFuture(SegmentedRaftLogWorker.java:87)
	at org.apache.ratis.server.raftlog.segmented.SegmentedRaftLogWorker$WriteLog.execute(SegmentedRaftLogWorker.java:477)
	at org.apache.ratis.server.raftlog.segmented.SegmentedRaftLogWorker.run(SegmentedRaftLogWorker.java:289)
	at java.lang.Thread.run(Thread.java:748)
Caused by: java.util.concurrent.TimeoutException
	at java.util.concurrent.CompletableFuture.timedGet(CompletableFuture.java:1771)
	at java.util.concurrent.CompletableFuture.get(CompletableFuture.java:1915)
	at org.apache.ratis.util.IOUtils.getFromFuture(IOUtils.java:79)
	... 4 more
2019-09-10 07:08:32,116 [SCMBlockDeletingService#0] DEBUG block.SCMBlockDeletingService (SCMBlockDeletingService.java:call(138)) - Running DeletedBlockTransactionScanner
2019-09-10 07:08:32,116 [SCMBlockDeletingService#0] DEBUG block.SCMBlockDeletingService (SCMBlockDeletingService.java:call(155)) - Scanned deleted blocks log and got 0 delTX to process.
2019-09-10 07:08:32,216 [SCMBlockDeletingService#0] DEBUG block.SCMBlockDeletingService (SCMBlockDeletingService.java:call(138)) - Running DeletedBlockTransactionScanner
2019-09-10 07:08:32,217 [SCMBlockDeletingService#0] DEBUG block.SCMBlockDeletingService (SCMBlockDeletingService.java:call(155)) - Scanned deleted blocks log and got 0 delTX to process.
2019-09-10 07:08:32,317 [SCMBlockDeletingService#0] DEBUG block.SCMBlockDeletingService (SCMBlockDeletingService.java:call(138)) - Running DeletedBlockTransactionScanner
2019-09-10 07:08:32,317 [SCMBlockDeletingService#0] DEBUG block.SCMBlockDeletingService (SCMBlockDeletingService.java:call(155)) - Scanned deleted blocks log and got 0 delTX to process.
2019-09-10 07:08:32,418 [SCMBlockDeletingService#0] DEBUG block.SCMBlockDeletingService (SCMBlockDeletingService.java:call(138)) - Running DeletedBlockTransactionScanner
2019-09-10 07:08:32,418 [SCMBlockDeletingService#0] DEBUG block.SCMBlockDeletingService (SCMBlockDeletingService.java:call(155)) - Scanned deleted blocks log and got 0 delTX to process.
2019-09-10 07:08:32,518 [SCMBlockDeletingService#0] DEBUG block.SCMBlockDeletingService (SCMBlockDeletingService.java:call(138)) - Running DeletedBlockTransactionScanner
2019-09-10 07:08:32,518 [SCMBlockDeletingService#0] DEBUG block.SCMBlockDeletingService (SCMBlockDeletingService.java:call(155)) - Scanned deleted blocks log and got 0 delTX to process.
2019-09-10 07:08:32,619 [SCMBlockDeletingService#0] DEBUG block.SCMBlockDeletingService (SCMBlockDeletingService.java:call(138)) - Running DeletedBlockTransactionScanner
2019-09-10 07:08:32,619 [SCMBlockDeletingService#0] DEBUG block.SCMBlockDeletingService (SCMBlockDeletingService.java:call(155)) - Scanned deleted blocks log and got 0 delTX to process.
2019-09-10 07:08:32,719 [SCMBlockDeletingService#0] DEBUG block.SCMBlockDeletingService (SCMBlockDeletingService.java:call(138)) - Running DeletedBlockTransactionScanner
2019-09-10 07:08:32,719 [SCMBlockDeletingService#0] DEBUG block.SCMBlockDeletingService (SCMBlockDeletingService.java:call(155)) - Scanned deleted blocks log and got 0 delTX to process.
2019-09-10 07:08:32,820 [SCMBlockDeletingService#0] DEBUG block.SCMBlockDeletingService (SCMBlockDeletingService.java:call(138)) - Running DeletedBlockTransactionScanner
2019-09-10 07:08:32,820 [SCMBlockDeletingService#0] DEBUG block.SCMBlockDeletingService (SCMBlockDeletingService.java:call(155)) - Scanned deleted blocks log and got 0 delTX to process.
2019-09-10 07:08:32,920 [SCMBlockDeletingService#0] DEBUG block.SCMBlockDeletingService (SCMBlockDeletingService.java:call(138)) - Running DeletedBlockTransactionScanner
2019-09-10 07:08:32,921 [SCMBlockDeletingService#0] DEBUG block.SCMBlockDeletingService (SCMBlockDeletingService.java:call(155)) - Scanned deleted blocks log and got 0 delTX to process.
2019-09-10 07:08:33,021 [SCMBlockDeletingService#0] DEBUG block.SCMBlockDeletingService (SCMBlockDeletingService.java:call(138)) - Running DeletedBlockTransactionScanner
2019-09-10 07:08:33,021 [SCMBlockDeletingService#0] DEBUG block.SCMBlockDeletingService (SCMBlockDeletingService.java:call(155)) - Scanned deleted blocks log and got 0 delTX to process.
2019-09-10 07:08:33,121 [SCMBlockDeletingService#0] DEBUG block.SCMBlockDeletingService (SCMBlockDeletingService.java:call(138)) - Running DeletedBlockTransactionScanner
2019-09-10 07:08:33,122 [SCMBlockDeletingService#0] DEBUG block.SCMBlockDeletingService (SCMBlockDeletingService.java:call(155)) - Scanned deleted blocks log and got 0 delTX to process.
2019-09-10 07:08:33,222 [SCMBlockDeletingService#0] DEBUG block.SCMBlockDeletingService (SCMBlockDeletingService.java:call(138)) - Running DeletedBlockTransactionScanner
2019-09-10 07:08:33,223 [SCMBlockDeletingService#0] DEBUG block.SCMBlockDeletingService (SCMBlockDeletingService.java:call(155)) - Scanned deleted blocks log and got 0 delTX to process.
2019-09-10 07:08:33,323 [SCMBlockDeletingService#0] DEBUG block.SCMBlockDeletingService (SCMBlockDeletingService.java:call(138)) - Running DeletedBlockTransactionScanner
2019-09-10 07:08:33,323 [SCMBlockDeletingService#0] DEBUG block.SCMBlockDeletingService (SCMBlockDeletingService.java:call(155)) - Scanned deleted blocks log and got 0 delTX to process.
2019-09-10 07:08:33,424 [SCMBlockDeletingService#0] DEBUG block.SCMBlockDeletingService (SCMBlockDeletingService.java:call(138)) - Running DeletedBlockTransactionScanner
2019-09-10 07:08:33,424 [SCMBlockDeletingService#0] DEBUG block.SCMBlockDeletingService (SCMBlockDeletingService.java:call(155)) - Scanned deleted blocks log and got 0 delTX to process.
2019-09-10 07:08:33,524 [SCMBlockDeletingService#0] DEBUG block.SCMBlockDeletingService (SCMBlockDeletingService.java:call(138)) - Running DeletedBlockTransactionScanner
2019-09-10 07:08:33,524 [SCMBlockDeletingService#0] DEBUG block.SCMBlockDeletingService (SCMBlockDeletingService.java:call(155)) - Scanned deleted blocks log and got 0 delTX to process.
2019-09-10 07:08:33,625 [SCMBlockDeletingService#0] DEBUG block.SCMBlockDeletingService (SCMBlockDeletingService.java:call(138)) - Running DeletedBlockTransactionScanner
2019-09-10 07:08:33,625 [SCMBlockDeletingService#0] DEBUG block.SCMBlockDeletingService (SCMBlockDeletingService.java:call(155)) - Scanned deleted blocks log and got 0 delTX to process.
2019-09-10 07:08:33,725 [SCMBlockDeletingService#0] DEBUG block.SCMBlockDeletingService (SCMBlockDeletingService.java:call(138)) - Running DeletedBlockTransactionScanner
2019-09-10 07:08:33,726 [SCMBlockDeletingService#0] DEBUG block.SCMBlockDeletingService (SCMBlockDeletingService.java:call(155)) - Scanned deleted blocks log and got 0 delTX to process.
2019-09-10 07:08:33,826 [SCMBlockDeletingService#0] DEBUG block.SCMBlockDeletingService (SCMBlockDeletingService.java:call(138)) - Running DeletedBlockTransactionScanner
2019-09-10 07:08:33,826 [SCMBlockDeletingService#0] DEBUG block.SCMBlockDeletingService (SCMBlockDeletingService.java:call(155)) - Scanned deleted blocks log and got 0 delTX to process.
2019-09-10 07:08:33,927 [SCMBlockDeletingService#0] DEBUG block.SCMBlockDeletingService (SCMBlockDeletingService.java:call(138)) - Running DeletedBlockTransactionScanner
2019-09-10 07:08:33,927 [SCMBlockDeletingService#0] DEBUG block.SCMBlockDeletingService (SCMBlockDeletingService.java:call(155)) - Scanned deleted blocks log and got 0 delTX to process.
2019-09-10 07:08:34,027 [SCMBlockDeletingService#0] DEBUG block.SCMBlockDeletingService (SCMBlockDeletingService.java:call(138)) - Running DeletedBlockTransactionScanner
2019-09-10 07:08:34,028 [SCMBlockDeletingService#0] DEBUG block.SCMBlockDeletingService (SCMBlockDeletingService.java:call(155)) - Scanned deleted blocks log and got 0 delTX to process.
2019-09-10 07:08:34,128 [SCMBlockDeletingService#0] DEBUG block.SCMBlockDeletingService (SCMBlockDeletingService.java:call(138)) - Running DeletedBlockTransactionScanner
2019-09-10 07:08:34,128 [SCMBlockDeletingService#0] DEBUG block.SCMBlockDeletingService (SCMBlockDeletingService.java:call(155)) - Scanned deleted blocks log and got 0 delTX to process.
2019-09-10 07:08:34,229 [SCMBlockDeletingService#0] DEBUG block.SCMBlockDeletingService (SCMBlockDeletingService.java:call(138)) - Running DeletedBlockTransactionScanner
2019-09-10 07:08:34,229 [SCMBlockDeletingService#0] DEBUG block.SCMBlockDeletingService (SCMBlockDeletingService.java:call(155)) - Scanned deleted blocks log and got 0 delTX to process.
2019-09-10 07:08:34,329 [SCMBlockDeletingService#0] DEBUG block.SCMBlockDeletingService (SCMBlockDeletingService.java:call(138)) - Running DeletedBlockTransactionScanner
2019-09-10 07:08:34,330 [SCMBlockDeletingService#0] DEBUG block.SCMBlockDeletingService (SCMBlockDeletingService.java:call(155)) - Scanned deleted blocks log and got 0 delTX to process.
2019-09-10 07:08:34,430 [SCMBlockDeletingService#0] DEBUG block.SCMBlockDeletingService (SCMBlockDeletingService.java:call(138)) - Running DeletedBlockTransactionScanner
2019-09-10 07:08:34,430 [SCMBlockDeletingService#0] DEBUG block.SCMBlockDeletingService (SCMBlockDeletingService.java:call(155)) - Scanned deleted blocks log and got 0 delTX to process.
2019-09-10 07:08:34,531 [SCMBlockDeletingService#0] DEBUG block.SCMBlockDeletingService (SCMBlockDeletingService.java:call(138)) - Running DeletedBlockTransactionScanner
2019-09-10 07:08:34,531 [SCMBlockDeletingService#0] DEBUG block.SCMBlockDeletingService (SCMBlockDeletingService.java:call(155)) - Scanned deleted blocks log and got 0 delTX to process.
2019-09-10 07:08:34,631 [SCMBlockDeletingService#0] DEBUG block.SCMBlockDeletingService (SCMBlockDeletingService.java:call(138)) - Running DeletedBlockTransactionScanner
2019-09-10 07:08:34,632 [SCMBlockDeletingService#0] DEBUG block.SCMBlockDeletingService (SCMBlockDeletingService.java:call(155)) - Scanned deleted blocks log and got 0 delTX to process.
2019-09-10 07:08:34,732 [SCMBlockDeletingService#0] DEBUG block.SCMBlockDeletingService (SCMBlockDeletingService.java:call(138)) - Running DeletedBlockTransactionScanner
2019-09-10 07:08:34,732 [SCMBlockDeletingService#0] DEBUG block.SCMBlockDeletingService (SCMBlockDeletingService.java:call(155)) - Scanned deleted blocks log and got 0 delTX to process.
2019-09-10 07:08:34,832 [SCMBlockDeletingService#0] DEBUG block.SCMBlockDeletingService (SCMBlockDeletingService.java:call(138)) - Running DeletedBlockTransactionScanner
2019-09-10 07:08:34,833 [SCMBlockDeletingService#0] DEBUG block.SCMBlockDeletingService (SCMBlockDeletingService.java:call(155)) - Scanned deleted blocks log and got 0 delTX to process.
2019-09-10 07:08:34,933 [SCMBlockDeletingService#0] DEBUG block.SCMBlockDeletingService (SCMBlockDeletingService.java:call(138)) - Running DeletedBlockTransactionScanner
2019-09-10 07:08:34,933 [SCMBlockDeletingService#0] DEBUG block.SCMBlockDeletingService (SCMBlockDeletingService.java:call(155)) - Scanned deleted blocks log and got 0 delTX to process.
2019-09-10 07:08:35,033 [SCMBlockDeletingService#1] DEBUG block.SCMBlockDeletingService (SCMBlockDeletingService.java:call(138)) - Running DeletedBlockTransactionScanner
2019-09-10 07:08:35,033 [SCMBlockDeletingService#1] DEBUG block.SCMBlockDeletingService (SCMBlockDeletingService.java:call(155)) - Scanned deleted blocks log and got 0 delTX to process.
2019-09-10 07:08:35,134 [SCMBlockDeletingService#0] DEBUG block.SCMBlockDeletingService (SCMBlockDeletingService.java:call(138)) - Running DeletedBlockTransactionScanner
2019-09-10 07:08:35,134 [SCMBlockDeletingService#0] DEBUG block.SCMBlockDeletingService (SCMBlockDeletingService.java:call(155)) - Scanned deleted blocks log and got 0 delTX to process.
2019-09-10 07:08:35,234 [SCMBlockDeletingService#0] DEBUG block.SCMBlockDeletingService (SCMBlockDeletingService.java:call(138)) - Running DeletedBlockTransactionScanner
2019-09-10 07:08:35,235 [SCMBlockDeletingService#0] DEBUG block.SCMBlockDeletingService (SCMBlockDeletingService.java:call(155)) - Scanned deleted blocks log and got 0 delTX to process.
2019-09-10 07:08:35,335 [SCMBlockDeletingService#0] DEBUG block.SCMBlockDeletingService (SCMBlockDeletingService.java:call(138)) - Running DeletedBlockTransactionScanner
2019-09-10 07:08:35,335 [SCMBlockDeletingService#0] DEBUG block.SCMBlockDeletingService (SCMBlockDeletingService.java:call(155)) - Scanned deleted blocks log and got 0 delTX to process.
2019-09-10 07:08:35,435 [SCMBlockDeletingService#0] DEBUG block.SCMBlockDeletingService (SCMBlockDeletingService.java:call(138)) - Running DeletedBlockTransactionScanner
2019-09-10 07:08:35,436 [SCMBlockDeletingService#0] DEBUG block.SCMBlockDeletingService (SCMBlockDeletingService.java:call(155)) - Scanned deleted blocks log and got 0 delTX to process.
2019-09-10 07:08:35,536 [SCMBlockDeletingService#0] DEBUG block.SCMBlockDeletingService (SCMBlockDeletingService.java:call(138)) - Running DeletedBlockTransactionScanner
2019-09-10 07:08:35,536 [SCMBlockDeletingService#0] DEBUG block.SCMBlockDeletingService (SCMBlockDeletingService.java:call(155)) - Scanned deleted blocks log and got 0 delTX to process.
2019-09-10 07:08:35,637 [SCMBlockDeletingService#0] DEBUG block.SCMBlockDeletingService (SCMBlockDeletingService.java:call(138)) - Running DeletedBlockTransactionScanner
2019-09-10 07:08:35,637 [SCMBlockDeletingService#0] DEBUG block.SCMBlockDeletingService (SCMBlockDeletingService.java:call(155)) - Scanned deleted blocks log and got 0 delTX to process.
2019-09-10 07:08:35,737 [SCMBlockDeletingService#0] DEBUG block.SCMBlockDeletingService (SCMBlockDeletingService.java:call(138)) - Running DeletedBlockTransactionScanner
2019-09-10 07:08:35,738 [SCMBlockDeletingService#0] DEBUG block.SCMBlockDeletingService (SCMBlockDeletingService.java:call(155)) - Scanned deleted blocks log and got 0 delTX to process.
2019-09-10 07:08:35,838 [SCMBlockDeletingService#0] DEBUG block.SCMBlockDeletingService (SCMBlockDeletingService.java:call(138)) - Running DeletedBlockTransactionScanner
2019-09-10 07:08:35,838 [SCMBlockDeletingService#0] DEBUG block.SCMBlockDeletingService (SCMBlockDeletingService.java:call(155)) - Scanned deleted blocks log and got 0 delTX to process.
2019-09-10 07:08:35,939 [SCMBlockDeletingService#0] DEBUG block.SCMBlockDeletingService (SCMBlockDeletingService.java:call(138)) - Running DeletedBlockTransactionScanner
2019-09-10 07:08:35,939 [SCMBlockDeletingService#0] DEBUG block.SCMBlockDeletingService (SCMBlockDeletingService.java:call(155)) - Scanned deleted blocks log and got 0 delTX to process.
2019-09-10 07:08:36,039 [SCMBlockDeletingService#0] DEBUG block.SCMBlockDeletingService (SCMBlockDeletingService.java:call(138)) - Running DeletedBlockTransactionScanner
2019-09-10 07:08:36,040 [SCMBlockDeletingService#0] DEBUG block.SCMBlockDeletingService (SCMBlockDeletingService.java:call(155)) - Scanned deleted blocks log and got 0 delTX to process.
2019-09-10 07:08:36,140 [SCMBlockDeletingService#0] DEBUG block.SCMBlockDeletingService (SCMBlockDeletingService.java:call(138)) - Running DeletedBlockTransactionScanner
2019-09-10 07:08:36,140 [SCMBlockDeletingService#0] DEBUG block.SCMBlockDeletingService (SCMBlockDeletingService.java:call(155)) - Scanned deleted blocks log and got 0 delTX to process.
2019-09-10 07:08:36,241 [SCMBlockDeletingService#0] DEBUG block.SCMBlockDeletingService (SCMBlockDeletingService.java:call(138)) - Running DeletedBlockTransactionScanner
2019-09-10 07:08:36,241 [SCMBlockDeletingService#0] DEBUG block.SCMBlockDeletingService (SCMBlockDeletingService.java:call(155)) - Scanned deleted blocks log and got 0 delTX to process.
2019-09-10 07:08:36,341 [SCMBlockDeletingService#0] DEBUG block.SCMBlockDeletingService (SCMBlockDeletingService.java:call(138)) - Running DeletedBlockTransactionScanner
2019-09-10 07:08:36,341 [SCMBlockDeletingService#0] DEBUG block.SCMBlockDeletingService (SCMBlockDeletingService.java:call(155)) - Scanned deleted blocks log and got 0 delTX to process.
2019-09-10 07:08:36,442 [SCMBlockDeletingService#0] DEBUG block.SCMBlockDeletingService (SCMBlockDeletingService.java:call(138)) - Running DeletedBlockTransactionScanner
2019-09-10 07:08:36,442 [SCMBlockDeletingService#0] DEBUG block.SCMBlockDeletingService (SCMBlockDeletingService.java:call(155)) - Scanned deleted blocks log and got 0 delTX to process.
2019-09-10 07:08:36,542 [SCMBlockDeletingService#0] DEBUG block.SCMBlockDeletingService (SCMBlockDeletingService.java:call(138)) - Running DeletedBlockTransactionScanner
2019-09-10 07:08:36,542 [SCMBlockDeletingService#0] DEBUG block.SCMBlockDeletingService (SCMBlockDeletingService.java:call(155)) - Scanned deleted blocks log and got 0 delTX to process.
2019-09-10 07:08:36,643 [SCMBlockDeletingService#0] DEBUG block.SCMBlockDeletingService (SCMBlockDeletingService.java:call(138)) - Running DeletedBlockTransactionScanner
2019-09-10 07:08:36,643 [SCMBlockDeletingService#0] DEBUG block.SCMBlockDeletingService (SCMBlockDeletingService.java:call(155)) - Scanned deleted blocks log and got 0 delTX to process.
2019-09-10 07:08:36,743 [SCMBlockDeletingService#1] DEBUG block.SCMBlockDeletingService (SCMBlockDeletingService.java:call(138)) - Running DeletedBlockTransactionScanner
2019-09-10 07:08:36,744 [SCMBlockDeletingService#1] DEBUG block.SCMBlockDeletingService (SCMBlockDeletingService.java:call(155)) - Scanned deleted blocks log and got 0 delTX to process.
2019-09-10 07:08:36,844 [SCMBlockDeletingService#1] DEBUG block.SCMBlockDeletingService (SCMBlockDeletingService.java:call(138)) - Running DeletedBlockTransactionScanner
2019-09-10 07:08:36,844 [SCMBlockDeletingService#1] DEBUG block.SCMBlockDeletingService (SCMBlockDeletingService.java:call(155)) - Scanned deleted blocks log and got 0 delTX to process.
2019-09-10 07:08:36,945 [SCMBlockDeletingService#1] DEBUG block.SCMBlockDeletingService (SCMBlockDeletingService.java:call(138)) - Running DeletedBlockTransactionScanner
2019-09-10 07:08:36,945 [SCMBlockDeletingService#1] DEBUG block.SCMBlockDeletingService (SCMBlockDeletingService.java:call(155)) - Scanned deleted blocks log and got 0 delTX to process.
2019-09-10 07:08:37,045 [SCMBlockDeletingService#1] DEBUG block.SCMBlockDeletingService (SCMBlockDeletingService.java:call(138)) - Running DeletedBlockTransactionScanner
2019-09-10 07:08:37,045 [SCMBlockDeletingService#1] DEBUG block.SCMBlockDeletingService (SCMBlockDeletingService.java:call(155)) - Scanned deleted blocks log and got 0 delTX to process.
2019-09-10 07:08:37,146 [SCMBlockDeletingService#1] DEBUG block.SCMBlockDeletingService (SCMBlockDeletingService.java:call(138)) - Running DeletedBlockTransactionScanner
2019-09-10 07:08:37,146 [SCMBlockDeletingService#1] DEBUG block.SCMBlockDeletingService (SCMBlockDeletingService.java:call(155)) - Scanned deleted blocks log and got 0 delTX to process.
2019-09-10 07:08:37,247 [SCMBlockDeletingService#1] DEBUG block.SCMBlockDeletingService (SCMBlockDeletingService.java:call(138)) - Running DeletedBlockTransactionScanner
2019-09-10 07:08:37,247 [SCMBlockDeletingService#1] DEBUG block.SCMBlockDeletingService (SCMBlockDeletingService.java:call(155)) - Scanned deleted blocks log and got 0 delTX to process.
2019-09-10 07:08:37,347 [SCMBlockDeletingService#1] DEBUG block.SCMBlockDeletingService (SCMBlockDeletingService.java:call(138)) - Running DeletedBlockTransactionScanner
2019-09-10 07:08:37,348 [SCMBlockDeletingService#1] DEBUG block.SCMBlockDeletingService (SCMBlockDeletingService.java:call(155)) - Scanned deleted blocks log and got 0 delTX to process.
2019-09-10 07:08:37,448 [SCMBlockDeletingService#1] DEBUG block.SCMBlockDeletingService (SCMBlockDeletingService.java:call(138)) - Running DeletedBlockTransactionScanner
2019-09-10 07:08:37,448 [SCMBlockDeletingService#1] DEBUG block.SCMBlockDeletingService (SCMBlockDeletingService.java:call(155)) - Scanned deleted blocks log and got 0 delTX to process.
2019-09-10 07:08:37,549 [SCMBlockDeletingService#1] DEBUG block.SCMBlockDeletingService (SCMBlockDeletingService.java:call(138)) - Running DeletedBlockTransactionScanner
2019-09-10 07:08:37,549 [SCMBlockDeletingService#1] DEBUG block.SCMBlockDeletingService (SCMBlockDeletingService.java:call(155)) - Scanned deleted blocks log and got 0 delTX to process.
2019-09-10 07:08:37,649 [SCMBlockDeletingService#1] DEBUG block.SCMBlockDeletingService (SCMBlockDeletingService.java:call(138)) - Running DeletedBlockTransactionScanner
2019-09-10 07:08:37,650 [SCMBlockDeletingService#1] DEBUG block.SCMBlockDeletingService (SCMBlockDeletingService.java:call(155)) - Scanned deleted blocks log and got 0 delTX to process.
2019-09-10 07:08:37,750 [SCMBlockDeletingService#1] DEBUG block.SCMBlockDeletingService (SCMBlockDeletingService.java:call(138)) - Running DeletedBlockTransactionScanner
2019-09-10 07:08:37,750 [SCMBlockDeletingService#1] DEBUG block.SCMBlockDeletingService (SCMBlockDeletingService.java:call(155)) - Scanned deleted blocks log and got 0 delTX to process.
2019-09-10 07:08:37,850 [SCMBlockDeletingService#0] DEBUG block.SCMBlockDeletingService (SCMBlockDeletingService.java:call(138)) - Running DeletedBlockTransactionScanner
2019-09-10 07:08:37,850 [SCMBlockDeletingService#0] DEBUG block.SCMBlockDeletingService (SCMBlockDeletingService.java:call(155)) - Scanned deleted blocks log and got 0 delTX to process.
2019-09-10 07:08:37,951 [SCMBlockDeletingService#0] DEBUG block.SCMBlockDeletingService (SCMBlockDeletingService.java:call(138)) - Running DeletedBlockTransactionScanner
2019-09-10 07:08:37,951 [SCMBlockDeletingService#0] DEBUG block.SCMBlockDeletingService (SCMBlockDeletingService.java:call(155)) - Scanned deleted blocks log and got 0 delTX to process.
2019-09-10 07:08:38,051 [SCMBlockDeletingService#0] DEBUG block.SCMBlockDeletingService (SCMBlockDeletingService.java:call(138)) - Running DeletedBlockTransactionScanner
2019-09-10 07:08:38,051 [SCMBlockDeletingService#0] DEBUG block.SCMBlockDeletingService (SCMBlockDeletingService.java:call(155)) - Scanned deleted blocks log and got 0 delTX to process.
2019-09-10 07:08:38,152 [SCMBlockDeletingService#0] DEBUG block.SCMBlockDeletingService (SCMBlockDeletingService.java:call(138)) - Running DeletedBlockTransactionScanner
2019-09-10 07:08:38,152 [SCMBlockDeletingService#0] DEBUG block.SCMBlockDeletingService (SCMBlockDeletingService.java:call(155)) - Scanned deleted blocks log and got 0 delTX to process.
2019-09-10 07:08:38,252 [SCMBlockDeletingService#0] DEBUG block.SCMBlockDeletingService (SCMBlockDeletingService.java:call(138)) - Running DeletedBlockTransactionScanner
2019-09-10 07:08:38,252 [SCMBlockDeletingService#0] DEBUG block.SCMBlockDeletingService (SCMBlockDeletingService.java:call(155)) - Scanned deleted blocks log and got 0 delTX to process.
2019-09-10 07:08:38,352 [SCMBlockDeletingService#0] DEBUG block.SCMBlockDeletingService (SCMBlockDeletingService.java:call(138)) - Running DeletedBlockTransactionScanner
2019-09-10 07:08:38,353 [SCMBlockDeletingService#0] DEBUG block.SCMBlockDeletingService (SCMBlockDeletingService.java:call(155)) - Scanned deleted blocks log and got 0 delTX to process.
2019-09-10 07:08:38,453 [SCMBlockDeletingService#0] DEBUG block.SCMBlockDeletingService (SCMBlockDeletingService.java:call(138)) - Running DeletedBlockTransactionScanner
2019-09-10 07:08:38,453 [SCMBlockDeletingService#0] DEBUG block.SCMBlockDeletingService (SCMBlockDeletingService.java:call(155)) - Scanned deleted blocks log and got 0 delTX to process.
2019-09-10 07:08:38,554 [SCMBlockDeletingService#0] DEBUG block.SCMBlockDeletingService (SCMBlockDeletingService.java:call(138)) - Running DeletedBlockTransactionScanner
2019-09-10 07:08:38,554 [SCMBlockDeletingService#0] DEBUG block.SCMBlockDeletingService (SCMBlockDeletingService.java:call(155)) - Scanned deleted blocks log and got 0 delTX to process.
2019-09-10 07:08:38,654 [SCMBlockDeletingService#0] DEBUG block.SCMBlockDeletingService (SCMBlockDeletingService.java:call(138)) - Running DeletedBlockTransactionScanner
2019-09-10 07:08:38,655 [SCMBlockDeletingService#0] DEBUG block.SCMBlockDeletingService (SCMBlockDeletingService.java:call(155)) - Scanned deleted blocks log and got 0 delTX to process.
2019-09-10 07:08:38,755 [SCMBlockDeletingService#0] DEBUG block.SCMBlockDeletingService (SCMBlockDeletingService.java:call(138)) - Running DeletedBlockTransactionScanner
2019-09-10 07:08:38,755 [SCMBlockDeletingService#0] DEBUG block.SCMBlockDeletingService (SCMBlockDeletingService.java:call(155)) - Scanned deleted blocks log and got 0 delTX to process.
2019-09-10 07:08:38,855 [SCMBlockDeletingService#0] DEBUG block.SCMBlockDeletingService (SCMBlockDeletingService.java:call(138)) - Running DeletedBlockTransactionScanner
2019-09-10 07:08:38,856 [SCMBlockDeletingService#0] DEBUG block.SCMBlockDeletingService (SCMBlockDeletingService.java:call(155)) - Scanned deleted blocks log and got 0 delTX to process.
2019-09-10 07:08:38,956 [SCMBlockDeletingService#0] DEBUG block.SCMBlockDeletingService (SCMBlockDeletingService.java:call(138)) - Running DeletedBlockTransactionScanner
2019-09-10 07:08:38,957 [SCMBlockDeletingService#0] DEBUG block.SCMBlockDeletingService (SCMBlockDeletingService.java:call(155)) - Scanned deleted blocks log and got 0 delTX to process.
2019-09-10 07:08:39,057 [SCMBlockDeletingService#0] DEBUG block.SCMBlockDeletingService (SCMBlockDeletingService.java:call(138)) - Running DeletedBlockTransactionScanner
2019-09-10 07:08:39,057 [SCMBlockDeletingService#0] DEBUG block.SCMBlockDeletingService (SCMBlockDeletingService.java:call(155)) - Scanned deleted blocks log and got 0 delTX to process.
2019-09-10 07:08:39,158 [SCMBlockDeletingService#0] DEBUG block.SCMBlockDeletingService (SCMBlockDeletingService.java:call(138)) - Running DeletedBlockTransactionScanner
2019-09-10 07:08:39,158 [SCMBlockDeletingService#0] DEBUG block.SCMBlockDeletingService (SCMBlockDeletingService.java:call(155)) - Scanned deleted blocks log and got 0 delTX to process.
2019-09-10 07:08:39,258 [SCMBlockDeletingService#0] DEBUG block.SCMBlockDeletingService (SCMBlockDeletingService.java:call(138)) - Running DeletedBlockTransactionScanner
2019-09-10 07:08:39,259 [SCMBlockDeletingService#0] DEBUG block.SCMBlockDeletingService (SCMBlockDeletingService.java:call(155)) - Scanned deleted blocks log and got 0 delTX to process.
2019-09-10 07:08:39,359 [SCMBlockDeletingService#0] DEBUG block.SCMBlockDeletingService (SCMBlockDeletingService.java:call(138)) - Running DeletedBlockTransactionScanner
2019-09-10 07:08:39,359 [SCMBlockDeletingService#0] DEBUG block.SCMBlockDeletingService (SCMBlockDeletingService.java:call(155)) - Scanned deleted blocks log and got 0 delTX to process.
2019-09-10 07:08:39,460 [SCMBlockDeletingService#0] DEBUG block.SCMBlockDeletingService (SCMBlockDeletingService.java:call(138)) - Running DeletedBlockTransactionScanner
2019-09-10 07:08:39,460 [SCMBlockDeletingService#0] DEBUG block.SCMBlockDeletingService (SCMBlockDeletingService.java:call(155)) - Scanned deleted blocks log and got 0 delTX to process.
2019-09-10 07:08:39,560 [SCMBlockDeletingService#0] DEBUG block.SCMBlockDeletingService (SCMBlockDeletingService.java:call(138)) - Running DeletedBlockTransactionScanner
2019-09-10 07:08:39,560 [SCMBlockDeletingService#0] DEBUG block.SCMBlockDeletingService (SCMBlockDeletingService.java:call(155)) - Scanned deleted blocks log and got 0 delTX to process.
2019-09-10 07:08:39,661 [SCMBlockDeletingService#0] DEBUG block.SCMBlockDeletingService (SCMBlockDeletingService.java:call(138)) - Running DeletedBlockTransactionScanner
2019-09-10 07:08:39,661 [SCMBlockDeletingService#0] DEBUG block.SCMBlockDeletingService (SCMBlockDeletingService.java:call(155)) - Scanned deleted blocks log and got 0 delTX to process.
2019-09-10 07:08:39,761 [SCMBlockDeletingService#0] DEBUG block.SCMBlockDeletingService (SCMBlockDeletingService.java:call(138)) - Running DeletedBlockTransactionScanner
2019-09-10 07:08:39,761 [SCMBlockDeletingService#0] DEBUG block.SCMBlockDeletingService (SCMBlockDeletingService.java:call(155)) - Scanned deleted blocks log and got 0 delTX to process.
2019-09-10 07:08:39,862 [SCMBlockDeletingService#0] DEBUG block.SCMBlockDeletingService (SCMBlockDeletingService.java:call(138)) - Running DeletedBlockTransactionScanner
2019-09-10 07:08:39,862 [SCMBlockDeletingService#0] DEBUG block.SCMBlockDeletingService (SCMBlockDeletingService.java:call(155)) - Scanned deleted blocks log and got 0 delTX to process.
2019-09-10 07:08:39,962 [SCMBlockDeletingService#0] DEBUG block.SCMBlockDeletingService (SCMBlockDeletingService.java:call(138)) - Running DeletedBlockTransactionScanner
2019-09-10 07:08:39,963 [SCMBlockDeletingService#0] DEBUG block.SCMBlockDeletingService (SCMBlockDeletingService.java:call(155)) - Scanned deleted blocks log and got 0 delTX to process.
2019-09-10 07:08:40,063 [SCMBlockDeletingService#0] DEBUG block.SCMBlockDeletingService (SCMBlockDeletingService.java:call(138)) - Running DeletedBlockTransactionScanner
2019-09-10 07:08:40,063 [SCMBlockDeletingService#0] DEBUG block.SCMBlockDeletingService (SCMBlockDeletingService.java:call(155)) - Scanned deleted blocks log and got 0 delTX to process.
2019-09-10 07:08:40,164 [SCMBlockDeletingService#0] DEBUG block.SCMBlockDeletingService (SCMBlockDeletingService.java:call(138)) - Running DeletedBlockTransactionScanner
2019-09-10 07:08:40,164 [SCMBlockDeletingService#0] DEBUG block.SCMBlockDeletingService (SCMBlockDeletingService.java:call(155)) - Scanned deleted blocks log and got 0 delTX to process.
2019-09-10 07:08:40,264 [SCMBlockDeletingService#0] DEBUG block.SCMBlockDeletingService (SCMBlockDeletingService.java:call(138)) - Running DeletedBlockTransactionScanner
2019-09-10 07:08:40,264 [SCMBlockDeletingService#0] DEBUG block.SCMBlockDeletingService (SCMBlockDeletingService.java:call(155)) - Scanned deleted blocks log and got 0 delTX to process.
2019-09-10 07:08:40,365 [SCMBlockDeletingService#1] DEBUG block.SCMBlockDeletingService (SCMBlockDeletingService.java:call(138)) - Running DeletedBlockTransactionScanner
2019-09-10 07:08:40,365 [SCMBlockDeletingService#1] DEBUG block.SCMBlockDeletingService (SCMBlockDeletingService.java:call(155)) - Scanned deleted blocks log and got 0 delTX to process.
2019-09-10 07:08:40,465 [SCMBlockDeletingService#1] DEBUG block.SCMBlockDeletingService (SCMBlockDeletingService.java:call(138)) - Running DeletedBlockTransactionScanner
2019-09-10 07:08:40,466 [SCMBlockDeletingService#1] DEBUG block.SCMBlockDeletingService (SCMBlockDeletingService.java:call(155)) - Scanned deleted blocks log and got 0 delTX to process.
2019-09-10 07:08:40,566 [SCMBlockDeletingService#1] DEBUG block.SCMBlockDeletingService (SCMBlockDeletingService.java:call(138)) - Running DeletedBlockTransactionScanner
2019-09-10 07:08:40,566 [SCMBlockDeletingService#1] DEBUG block.SCMBlockDeletingService (SCMBlockDeletingService.java:call(155)) - Scanned deleted blocks log and got 0 delTX to process.
2019-09-10 07:08:40,667 [SCMBlockDeletingService#1] DEBUG block.SCMBlockDeletingService (SCMBlockDeletingService.java:call(138)) - Running DeletedBlockTransactionScanner
2019-09-10 07:08:40,667 [SCMBlockDeletingService#1] DEBUG block.SCMBlockDeletingService (SCMBlockDeletingService.java:call(155)) - Scanned deleted blocks log and got 0 delTX to process.
2019-09-10 07:08:40,767 [SCMBlockDeletingService#1] DEBUG block.SCMBlockDeletingService (SCMBlockDeletingService.java:call(138)) - Running DeletedBlockTransactionScanner
2019-09-10 07:08:40,767 [SCMBlockDeletingService#1] DEBUG block.SCMBlockDeletingService (SCMBlockDeletingService.java:call(155)) - Scanned deleted blocks log and got 0 delTX to process.
2019-09-10 07:08:40,868 [SCMBlockDeletingService#1] DEBUG block.SCMBlockDeletingService (SCMBlockDeletingService.java:call(138)) - Running DeletedBlockTransactionScanner
2019-09-10 07:08:40,868 [SCMBlockDeletingService#1] DEBUG block.SCMBlockDeletingService (SCMBlockDeletingService.java:call(155)) - Scanned deleted blocks log and got 0 delTX to process.
2019-09-10 07:08:40,968 [SCMBlockDeletingService#1] DEBUG block.SCMBlockDeletingService (SCMBlockDeletingService.java:call(138)) - Running DeletedBlockTransactionScanner
2019-09-10 07:08:40,969 [SCMBlockDeletingService#1] DEBUG block.SCMBlockDeletingService (SCMBlockDeletingService.java:call(155)) - Scanned deleted blocks log and got 0 delTX to process.
2019-09-10 07:08:41,069 [SCMBlockDeletingService#1] DEBUG block.SCMBlockDeletingService (SCMBlockDeletingService.java:call(138)) - Running DeletedBlockTransactionScanner
2019-09-10 07:08:41,070 [SCMBlockDeletingService#1] DEBUG block.SCMBlockDeletingService (SCMBlockDeletingService.java:call(155)) - Scanned deleted blocks log and got 0 delTX to process.
2019-09-10 07:08:41,170 [SCMBlockDeletingService#1] DEBUG block.SCMBlockDeletingService (SCMBlockDeletingService.java:call(138)) - Running DeletedBlockTransactionScanner
2019-09-10 07:08:41,170 [SCMBlockDeletingService#1] DEBUG block.SCMBlockDeletingService (SCMBlockDeletingService.java:call(155)) - Scanned deleted blocks log and got 0 delTX to process.
2019-09-10 07:08:41,270 [SCMBlockDeletingService#0] DEBUG block.SCMBlockDeletingService (SCMBlockDeletingService.java:call(138)) - Running DeletedBlockTransactionScanner
2019-09-10 07:08:41,271 [SCMBlockDeletingService#0] DEBUG block.SCMBlockDeletingService (SCMBlockDeletingService.java:call(155)) - Scanned deleted blocks log and got 0 delTX to process.
2019-09-10 07:08:41,371 [SCMBlockDeletingService#0] DEBUG block.SCMBlockDeletingService (SCMBlockDeletingService.java:call(138)) - Running DeletedBlockTransactionScanner
2019-09-10 07:08:41,371 [SCMBlockDeletingService#0] DEBUG block.SCMBlockDeletingService (SCMBlockDeletingService.java:call(155)) - Scanned deleted blocks log and got 0 delTX to process.
2019-09-10 07:08:41,471 [SCMBlockDeletingService#0] DEBUG block.SCMBlockDeletingService (SCMBlockDeletingService.java:call(138)) - Running DeletedBlockTransactionScanner
2019-09-10 07:08:41,472 [SCMBlockDeletingService#0] DEBUG block.SCMBlockDeletingService (SCMBlockDeletingService.java:call(155)) - Scanned deleted blocks log and got 0 delTX to process.
2019-09-10 07:08:41,572 [SCMBlockDeletingService#0] DEBUG block.SCMBlockDeletingService (SCMBlockDeletingService.java:call(138)) - Running DeletedBlockTransactionScanner
2019-09-10 07:08:41,572 [SCMBlockDeletingService#0] DEBUG block.SCMBlockDeletingService (SCMBlockDeletingService.java:call(155)) - Scanned deleted blocks log and got 0 delTX to process.
2019-09-10 07:08:41,672 [SCMBlockDeletingService#0] DEBUG block.SCMBlockDeletingService (SCMBlockDeletingService.java:call(138)) - Running DeletedBlockTransactionScanner
2019-09-10 07:08:41,673 [SCMBlockDeletingService#0] DEBUG block.SCMBlockDeletingService (SCMBlockDeletingService.java:call(155)) - Scanned deleted blocks log and got 0 delTX to process.
2019-09-10 07:08:41,773 [SCMBlockDeletingService#0] DEBUG block.SCMBlockDeletingService (SCMBlockDeletingService.java:call(138)) - Running DeletedBlockTransactionScanner
2019-09-10 07:08:41,773 [SCMBlockDeletingService#0] DEBUG block.SCMBlockDeletingService (SCMBlockDeletingService.java:call(155)) - Scanned deleted blocks log and got 0 delTX to process.
2019-09-10 07:08:41,874 [SCMBlockDeletingService#0] DEBUG block.SCMBlockDeletingService (SCMBlockDeletingService.java:call(138)) - Running DeletedBlockTransactionScanner
2019-09-10 07:08:41,874 [SCMBlockDeletingService#0] DEBUG block.SCMBlockDeletingService (SCMBlockDeletingService.java:call(155)) - Scanned deleted blocks log and got 0 delTX to process.
2019-09-10 07:08:41,974 [SCMBlockDeletingService#0] DEBUG block.SCMBlockDeletingService (SCMBlockDeletingService.java:call(138)) - Running DeletedBlockTransactionScanner
2019-09-10 07:08:41,975 [SCMBlockDeletingService#0] DEBUG block.SCMBlockDeletingService (SCMBlockDeletingService.java:call(155)) - Scanned deleted blocks log and got 0 delTX to process.
2019-09-10 07:08:42,075 [SCMBlockDeletingService#0] DEBUG block.SCMBlockDeletingService (SCMBlockDeletingService.java:call(138)) - Running DeletedBlockTransactionScanner
2019-09-10 07:08:42,075 [SCMBlockDeletingService#0] DEBUG block.SCMBlockDeletingService (SCMBlockDeletingService.java:call(155)) - Scanned deleted blocks log and got 0 delTX to process.
2019-09-10 07:08:42,108 [05f13708-5e6e-4ea1-a525-a3c8f7f54426@group-34B10843FE54-SegmentedRaftLogWorker] WARN  segmented.SegmentedRaftLogWorker (SegmentedRaftLogWorker.java:getFromFuture(90)) - Timeout 32/~
org.apache.ratis.protocol.TimeoutIOException: Timeout 10s: WriteLog:16: (t:1, i:16), STATEMACHINELOGENTRY, client-7F424F215E90, cid=11-writeStateMachineData
	at org.apache.ratis.util.IOUtils.getFromFuture(IOUtils.java:87)
	at org.apache.ratis.server.raftlog.segmented.SegmentedRaftLogWorker$StateMachineDataPolicy.getFromFuture(SegmentedRaftLogWorker.java:87)
	at org.apache.ratis.server.raftlog.segmented.SegmentedRaftLogWorker$WriteLog.execute(SegmentedRaftLogWorker.java:477)
	at org.apache.ratis.server.raftlog.segmented.SegmentedRaftLogWorker.run(SegmentedRaftLogWorker.java:289)
	at java.lang.Thread.run(Thread.java:748)
Caused by: java.util.concurrent.TimeoutException
	at java.util.concurrent.CompletableFuture.timedGet(CompletableFuture.java:1771)
	at java.util.concurrent.CompletableFuture.get(CompletableFuture.java:1915)
	at org.apache.ratis.util.IOUtils.getFromFuture(IOUtils.java:79)
	... 4 more
2019-09-10 07:08:42,176 [SCMBlockDeletingService#0] DEBUG block.SCMBlockDeletingService (SCMBlockDeletingService.java:call(138)) - Running DeletedBlockTransactionScanner
2019-09-10 07:08:42,176 [SCMBlockDeletingService#0] DEBUG block.SCMBlockDeletingService (SCMBlockDeletingService.java:call(155)) - Scanned deleted blocks log and got 0 delTX to process.
2019-09-10 07:08:42,276 [SCMBlockDeletingService#0] DEBUG block.SCMBlockDeletingService (SCMBlockDeletingService.java:call(138)) - Running DeletedBlockTransactionScanner
2019-09-10 07:08:42,277 [SCMBlockDeletingService#0] DEBUG block.SCMBlockDeletingService (SCMBlockDeletingService.java:call(155)) - Scanned deleted blocks log and got 0 delTX to process.
2019-09-10 07:08:42,377 [SCMBlockDeletingService#0] DEBUG block.SCMBlockDeletingService (SCMBlockDeletingService.java:call(138)) - Running DeletedBlockTransactionScanner
2019-09-10 07:08:42,377 [SCMBlockDeletingService#0] DEBUG block.SCMBlockDeletingService (SCMBlockDeletingService.java:call(155)) - Scanned deleted blocks log and got 0 delTX to process.
2019-09-10 07:08:42,478 [SCMBlockDeletingService#0] DEBUG block.SCMBlockDeletingService (SCMBlockDeletingService.java:call(138)) - Running DeletedBlockTransactionScanner
2019-09-10 07:08:42,478 [SCMBlockDeletingService#0] DEBUG block.SCMBlockDeletingService (SCMBlockDeletingService.java:call(155)) - Scanned deleted blocks log and got 0 delTX to process.
2019-09-10 07:08:42,578 [SCMBlockDeletingService#0] DEBUG block.SCMBlockDeletingService (SCMBlockDeletingService.java:call(138)) - Running DeletedBlockTransactionScanner
2019-09-10 07:08:42,578 [SCMBlockDeletingService#0] DEBUG block.SCMBlockDeletingService (SCMBlockDeletingService.java:call(155)) - Scanned deleted blocks log and got 0 delTX to process.
2019-09-10 07:08:42,679 [SCMBlockDeletingService#0] DEBUG block.SCMBlockDeletingService (SCMBlockDeletingService.java:call(138)) - Running DeletedBlockTransactionScanner
2019-09-10 07:08:42,679 [SCMBlockDeletingService#0] DEBUG block.SCMBlockDeletingService (SCMBlockDeletingService.java:call(155)) - Scanned deleted blocks log and got 0 delTX to process.
2019-09-10 07:08:42,779 [SCMBlockDeletingService#0] DEBUG block.SCMBlockDeletingService (SCMBlockDeletingService.java:call(138)) - Running DeletedBlockTransactionScanner
2019-09-10 07:08:42,780 [SCMBlockDeletingService#0] DEBUG block.SCMBlockDeletingService (SCMBlockDeletingService.java:call(155)) - Scanned deleted blocks log and got 0 delTX to process.
2019-09-10 07:08:42,880 [SCMBlockDeletingService#0] DEBUG block.SCMBlockDeletingService (SCMBlockDeletingService.java:call(138)) - Running DeletedBlockTransactionScanner
2019-09-10 07:08:42,880 [SCMBlockDeletingService#0] DEBUG block.SCMBlockDeletingService (SCMBlockDeletingService.java:call(155)) - Scanned deleted blocks log and got 0 delTX to process.
2019-09-10 07:08:42,981 [SCMBlockDeletingService#0] DEBUG block.SCMBlockDeletingService (SCMBlockDeletingService.java:call(138)) - Running DeletedBlockTransactionScanner
2019-09-10 07:08:42,981 [SCMBlockDeletingService#0] DEBUG block.SCMBlockDeletingService (SCMBlockDeletingService.java:call(155)) - Scanned deleted blocks log and got 0 delTX to process.
2019-09-10 07:08:43,081 [SCMBlockDeletingService#0] DEBUG block.SCMBlockDeletingService (SCMBlockDeletingService.java:call(138)) - Running DeletedBlockTransactionScanner
2019-09-10 07:08:43,081 [SCMBlockDeletingService#0] DEBUG block.SCMBlockDeletingService (SCMBlockDeletingService.java:call(155)) - Scanned deleted blocks log and got 0 delTX to process.
2019-09-10 07:08:43,182 [SCMBlockDeletingService#0] DEBUG block.SCMBlockDeletingService (SCMBlockDeletingService.java:call(138)) - Running DeletedBlockTransactionScanner
2019-09-10 07:08:43,182 [SCMBlockDeletingService#0] DEBUG block.SCMBlockDeletingService (SCMBlockDeletingService.java:call(155)) - Scanned deleted blocks log and got 0 delTX to process.
2019-09-10 07:08:43,283 [SCMBlockDeletingService#0] DEBUG block.SCMBlockDeletingService (SCMBlockDeletingService.java:call(138)) - Running DeletedBlockTransactionScanner
2019-09-10 07:08:43,284 [SCMBlockDeletingService#0] DEBUG block.SCMBlockDeletingService (SCMBlockDeletingService.java:call(155)) - Scanned deleted blocks log and got 0 delTX to process.
2019-09-10 07:08:43,384 [SCMBlockDeletingService#0] DEBUG block.SCMBlockDeletingService (SCMBlockDeletingService.java:call(138)) - Running DeletedBlockTransactionScanner
2019-09-10 07:08:43,384 [SCMBlockDeletingService#0] DEBUG block.SCMBlockDeletingService (SCMBlockDeletingService.java:call(155)) - Scanned deleted blocks log and got 0 delTX to process.
2019-09-10 07:08:43,485 [SCMBlockDeletingService#0] DEBUG block.SCMBlockDeletingService (SCMBlockDeletingService.java:call(138)) - Running DeletedBlockTransactionScanner
2019-09-10 07:08:43,485 [SCMBlockDeletingService#0] DEBUG block.SCMBlockDeletingService (SCMBlockDeletingService.java:call(155)) - Scanned deleted blocks log and got 0 delTX to process.
2019-09-10 07:08:43,585 [SCMBlockDeletingService#0] DEBUG block.SCMBlockDeletingService (SCMBlockDeletingService.java:call(138)) - Running DeletedBlockTransactionScanner
2019-09-10 07:08:43,586 [SCMBlockDeletingService#0] DEBUG block.SCMBlockDeletingService (SCMBlockDeletingService.java:call(155)) - Scanned deleted blocks log and got 0 delTX to process.
2019-09-10 07:08:43,686 [SCMBlockDeletingService#0] DEBUG block.SCMBlockDeletingService (SCMBlockDeletingService.java:call(138)) - Running DeletedBlockTransactionScanner
2019-09-10 07:08:43,686 [SCMBlockDeletingService#0] DEBUG block.SCMBlockDeletingService (SCMBlockDeletingService.java:call(155)) - Scanned deleted blocks log and got 0 delTX to process.
2019-09-10 07:08:43,787 [SCMBlockDeletingService#0] DEBUG block.SCMBlockDeletingService (SCMBlockDeletingService.java:call(138)) - Running DeletedBlockTransactionScanner
2019-09-10 07:08:43,787 [SCMBlockDeletingService#0] DEBUG block.SCMBlockDeletingService (SCMBlockDeletingService.java:call(155)) - Scanned deleted blocks log and got 0 delTX to process.
2019-09-10 07:08:43,887 [SCMBlockDeletingService#0] DEBUG block.SCMBlockDeletingService (SCMBlockDeletingService.java:call(138)) - Running DeletedBlockTransactionScanner
2019-09-10 07:08:43,888 [SCMBlockDeletingService#0] DEBUG block.SCMBlockDeletingService (SCMBlockDeletingService.java:call(155)) - Scanned deleted blocks log and got 0 delTX to process.
2019-09-10 07:08:43,988 [SCMBlockDeletingService#0] DEBUG block.SCMBlockDeletingService (SCMBlockDeletingService.java:call(138)) - Running DeletedBlockTransactionScanner
2019-09-10 07:08:43,988 [SCMBlockDeletingService#0] DEBUG block.SCMBlockDeletingService (SCMBlockDeletingService.java:call(155)) - Scanned deleted blocks log and got 0 delTX to process.
2019-09-10 07:08:44,088 [SCMBlockDeletingService#0] DEBUG block.SCMBlockDeletingService (SCMBlockDeletingService.java:call(138)) - Running DeletedBlockTransactionScanner
2019-09-10 07:08:44,089 [SCMBlockDeletingService#0] DEBUG block.SCMBlockDeletingService (SCMBlockDeletingService.java:call(155)) - Scanned deleted blocks log and got 0 delTX to process.
2019-09-10 07:08:44,189 [SCMBlockDeletingService#0] DEBUG block.SCMBlockDeletingService (SCMBlockDeletingService.java:call(138)) - Running DeletedBlockTransactionScanner
2019-09-10 07:08:44,189 [SCMBlockDeletingService#0] DEBUG block.SCMBlockDeletingService (SCMBlockDeletingService.java:call(155)) - Scanned deleted blocks log and got 0 delTX to process.
2019-09-10 07:08:44,290 [SCMBlockDeletingService#0] DEBUG block.SCMBlockDeletingService (SCMBlockDeletingService.java:call(138)) - Running DeletedBlockTransactionScanner
2019-09-10 07:08:44,290 [SCMBlockDeletingService#0] DEBUG block.SCMBlockDeletingService (SCMBlockDeletingService.java:call(155)) - Scanned deleted blocks log and got 0 delTX to process.
2019-09-10 07:08:44,390 [SCMBlockDeletingService#0] DEBUG block.SCMBlockDeletingService (SCMBlockDeletingService.java:call(138)) - Running DeletedBlockTransactionScanner
2019-09-10 07:08:44,390 [SCMBlockDeletingService#0] DEBUG block.SCMBlockDeletingService (SCMBlockDeletingService.java:call(155)) - Scanned deleted blocks log and got 0 delTX to process.
2019-09-10 07:08:44,491 [SCMBlockDeletingService#0] DEBUG block.SCMBlockDeletingService (SCMBlockDeletingService.java:call(138)) - Running DeletedBlockTransactionScanner
2019-09-10 07:08:44,491 [SCMBlockDeletingService#0] DEBUG block.SCMBlockDeletingService (SCMBlockDeletingService.java:call(155)) - Scanned deleted blocks log and got 0 delTX to process.
2019-09-10 07:08:44,591 [SCMBlockDeletingService#0] DEBUG block.SCMBlockDeletingService (SCMBlockDeletingService.java:call(138)) - Running DeletedBlockTransactionScanner
2019-09-10 07:08:44,592 [SCMBlockDeletingService#0] DEBUG block.SCMBlockDeletingService (SCMBlockDeletingService.java:call(155)) - Scanned deleted blocks log and got 0 delTX to process.
2019-09-10 07:08:44,692 [SCMBlockDeletingService#0] DEBUG block.SCMBlockDeletingService (SCMBlockDeletingService.java:call(138)) - Running DeletedBlockTransactionScanner
2019-09-10 07:08:44,692 [SCMBlockDeletingService#0] DEBUG block.SCMBlockDeletingService (SCMBlockDeletingService.java:call(155)) - Scanned deleted blocks log and got 0 delTX to process.
2019-09-10 07:08:44,792 [SCMBlockDeletingService#0] DEBUG block.SCMBlockDeletingService (SCMBlockDeletingService.java:call(138)) - Running DeletedBlockTransactionScanner
2019-09-10 07:08:44,793 [SCMBlockDeletingService#0] DEBUG block.SCMBlockDeletingService (SCMBlockDeletingService.java:call(155)) - Scanned deleted blocks log and got 0 delTX to process.
2019-09-10 07:08:44,893 [SCMBlockDeletingService#0] DEBUG block.SCMBlockDeletingService (SCMBlockDeletingService.java:call(138)) - Running DeletedBlockTransactionScanner
2019-09-10 07:08:44,893 [SCMBlockDeletingService#0] DEBUG block.SCMBlockDeletingService (SCMBlockDeletingService.java:call(155)) - Scanned deleted blocks log and got 0 delTX to process.
2019-09-10 07:08:44,993 [SCMBlockDeletingService#0] DEBUG block.SCMBlockDeletingService (SCMBlockDeletingService.java:call(138)) - Running DeletedBlockTransactionScanner
2019-09-10 07:08:44,994 [SCMBlockDeletingService#0] DEBUG block.SCMBlockDeletingService (SCMBlockDeletingService.java:call(155)) - Scanned deleted blocks log and got 0 delTX to process.
2019-09-10 07:08:45,094 [SCMBlockDeletingService#0] DEBUG block.SCMBlockDeletingService (SCMBlockDeletingService.java:call(138)) - Running DeletedBlockTransactionScanner
2019-09-10 07:08:45,094 [SCMBlockDeletingService#0] DEBUG block.SCMBlockDeletingService (SCMBlockDeletingService.java:call(155)) - Scanned deleted blocks log and got 0 delTX to process.
2019-09-10 07:08:45,195 [SCMBlockDeletingService#0] DEBUG block.SCMBlockDeletingService (SCMBlockDeletingService.java:call(138)) - Running DeletedBlockTransactionScanner
2019-09-10 07:08:45,195 [SCMBlockDeletingService#0] DEBUG block.SCMBlockDeletingService (SCMBlockDeletingService.java:call(155)) - Scanned deleted blocks log and got 0 delTX to process.
2019-09-10 07:08:45,295 [SCMBlockDeletingService#0] DEBUG block.SCMBlockDeletingService (SCMBlockDeletingService.java:call(138)) - Running DeletedBlockTransactionScanner
2019-09-10 07:08:45,295 [SCMBlockDeletingService#0] DEBUG block.SCMBlockDeletingService (SCMBlockDeletingService.java:call(155)) - Scanned deleted blocks log and got 0 delTX to process.
2019-09-10 07:08:45,396 [SCMBlockDeletingService#0] DEBUG block.SCMBlockDeletingService (SCMBlockDeletingService.java:call(138)) - Running DeletedBlockTransactionScanner
2019-09-10 07:08:45,396 [SCMBlockDeletingService#0] DEBUG block.SCMBlockDeletingService (SCMBlockDeletingService.java:call(155)) - Scanned deleted blocks log and got 0 delTX to process.
2019-09-10 07:08:45,496 [SCMBlockDeletingService#0] DEBUG block.SCMBlockDeletingService (SCMBlockDeletingService.java:call(138)) - Running DeletedBlockTransactionScanner
2019-09-10 07:08:45,497 [SCMBlockDeletingService#0] DEBUG block.SCMBlockDeletingService (SCMBlockDeletingService.java:call(155)) - Scanned deleted blocks log and got 0 delTX to process.
2019-09-10 07:08:45,597 [SCMBlockDeletingService#0] DEBUG block.SCMBlockDeletingService (SCMBlockDeletingService.java:call(138)) - Running DeletedBlockTransactionScanner
2019-09-10 07:08:45,597 [SCMBlockDeletingService#0] DEBUG block.SCMBlockDeletingService (SCMBlockDeletingService.java:call(155)) - Scanned deleted blocks log and got 0 delTX to process.
2019-09-10 07:08:45,698 [SCMBlockDeletingService#0] DEBUG block.SCMBlockDeletingService (SCMBlockDeletingService.java:call(138)) - Running DeletedBlockTransactionScanner
2019-09-10 07:08:45,698 [SCMBlockDeletingService#0] DEBUG block.SCMBlockDeletingService (SCMBlockDeletingService.java:call(155)) - Scanned deleted blocks log and got 0 delTX to process.
2019-09-10 07:08:45,798 [SCMBlockDeletingService#0] DEBUG block.SCMBlockDeletingService (SCMBlockDeletingService.java:call(138)) - Running DeletedBlockTransactionScanner
2019-09-10 07:08:45,799 [SCMBlockDeletingService#0] DEBUG block.SCMBlockDeletingService (SCMBlockDeletingService.java:call(155)) - Scanned deleted blocks log and got 0 delTX to process.
2019-09-10 07:08:45,899 [SCMBlockDeletingService#0] DEBUG block.SCMBlockDeletingService (SCMBlockDeletingService.java:call(138)) - Running DeletedBlockTransactionScanner
2019-09-10 07:08:45,899 [SCMBlockDeletingService#0] DEBUG block.SCMBlockDeletingService (SCMBlockDeletingService.java:call(155)) - Scanned deleted blocks log and got 0 delTX to process.
2019-09-10 07:08:46,000 [SCMBlockDeletingService#0] DEBUG block.SCMBlockDeletingService (SCMBlockDeletingService.java:call(138)) - Running DeletedBlockTransactionScanner
2019-09-10 07:08:46,000 [SCMBlockDeletingService#0] DEBUG block.SCMBlockDeletingService (SCMBlockDeletingService.java:call(155)) - Scanned deleted blocks log and got 0 delTX to process.
2019-09-10 07:08:46,100 [SCMBlockDeletingService#0] DEBUG block.SCMBlockDeletingService (SCMBlockDeletingService.java:call(138)) - Running DeletedBlockTransactionScanner
2019-09-10 07:08:46,100 [SCMBlockDeletingService#0] DEBUG block.SCMBlockDeletingService (SCMBlockDeletingService.java:call(155)) - Scanned deleted blocks log and got 0 delTX to process.
2019-09-10 07:08:46,201 [SCMBlockDeletingService#0] DEBUG block.SCMBlockDeletingService (SCMBlockDeletingService.java:call(138)) - Running DeletedBlockTransactionScanner
2019-09-10 07:08:46,201 [SCMBlockDeletingService#0] DEBUG block.SCMBlockDeletingService (SCMBlockDeletingService.java:call(155)) - Scanned deleted blocks log and got 0 delTX to process.
2019-09-10 07:08:46,301 [SCMBlockDeletingService#0] DEBUG block.SCMBlockDeletingService (SCMBlockDeletingService.java:call(138)) - Running DeletedBlockTransactionScanner
2019-09-10 07:08:46,301 [SCMBlockDeletingService#0] DEBUG block.SCMBlockDeletingService (SCMBlockDeletingService.java:call(155)) - Scanned deleted blocks log and got 0 delTX to process.
2019-09-10 07:08:46,402 [SCMBlockDeletingService#0] DEBUG block.SCMBlockDeletingService (SCMBlockDeletingService.java:call(138)) - Running DeletedBlockTransactionScanner
2019-09-10 07:08:46,402 [SCMBlockDeletingService#0] DEBUG block.SCMBlockDeletingService (SCMBlockDeletingService.java:call(155)) - Scanned deleted blocks log and got 0 delTX to process.
2019-09-10 07:08:46,502 [SCMBlockDeletingService#0] DEBUG block.SCMBlockDeletingService (SCMBlockDeletingService.java:call(138)) - Running DeletedBlockTransactionScanner
2019-09-10 07:08:46,502 [SCMBlockDeletingService#0] DEBUG block.SCMBlockDeletingService (SCMBlockDeletingService.java:call(155)) - Scanned deleted blocks log and got 0 delTX to process.
2019-09-10 07:08:46,603 [SCMBlockDeletingService#0] DEBUG block.SCMBlockDeletingService (SCMBlockDeletingService.java:call(138)) - Running DeletedBlockTransactionScanner
2019-09-10 07:08:46,603 [SCMBlockDeletingService#0] DEBUG block.SCMBlockDeletingService (SCMBlockDeletingService.java:call(155)) - Scanned deleted blocks log and got 0 delTX to process.
2019-09-10 07:08:46,703 [SCMBlockDeletingService#0] DEBUG block.SCMBlockDeletingService (SCMBlockDeletingService.java:call(138)) - Running DeletedBlockTransactionScanner
2019-09-10 07:08:46,704 [SCMBlockDeletingService#0] DEBUG block.SCMBlockDeletingService (SCMBlockDeletingService.java:call(155)) - Scanned deleted blocks log and got 0 delTX to process.
2019-09-10 07:08:46,804 [SCMBlockDeletingService#1] DEBUG block.SCMBlockDeletingService (SCMBlockDeletingService.java:call(138)) - Running DeletedBlockTransactionScanner
2019-09-10 07:08:46,804 [SCMBlockDeletingService#1] DEBUG block.SCMBlockDeletingService (SCMBlockDeletingService.java:call(155)) - Scanned deleted blocks log and got 0 delTX to process.
2019-09-10 07:08:46,904 [SCMBlockDeletingService#1] DEBUG block.SCMBlockDeletingService (SCMBlockDeletingService.java:call(138)) - Running DeletedBlockTransactionScanner
2019-09-10 07:08:46,905 [SCMBlockDeletingService#1] DEBUG block.SCMBlockDeletingService (SCMBlockDeletingService.java:call(155)) - Scanned deleted blocks log and got 0 delTX to process.
2019-09-10 07:08:47,005 [SCMBlockDeletingService#1] DEBUG block.SCMBlockDeletingService (SCMBlockDeletingService.java:call(138)) - Running DeletedBlockTransactionScanner
2019-09-10 07:08:47,005 [SCMBlockDeletingService#1] DEBUG block.SCMBlockDeletingService (SCMBlockDeletingService.java:call(155)) - Scanned deleted blocks log and got 0 delTX to process.
2019-09-10 07:08:47,106 [SCMBlockDeletingService#1] DEBUG block.SCMBlockDeletingService (SCMBlockDeletingService.java:call(138)) - Running DeletedBlockTransactionScanner
2019-09-10 07:08:47,106 [SCMBlockDeletingService#1] DEBUG block.SCMBlockDeletingService (SCMBlockDeletingService.java:call(155)) - Scanned deleted blocks log and got 0 delTX to process.
2019-09-10 07:08:47,206 [SCMBlockDeletingService#1] DEBUG block.SCMBlockDeletingService (SCMBlockDeletingService.java:call(138)) - Running DeletedBlockTransactionScanner
2019-09-10 07:08:47,207 [SCMBlockDeletingService#1] DEBUG block.SCMBlockDeletingService (SCMBlockDeletingService.java:call(155)) - Scanned deleted blocks log and got 0 delTX to process.
2019-09-10 07:08:47,307 [SCMBlockDeletingService#0] DEBUG block.SCMBlockDeletingService (SCMBlockDeletingService.java:call(138)) - Running DeletedBlockTransactionScanner
2019-09-10 07:08:47,307 [SCMBlockDeletingService#0] DEBUG block.SCMBlockDeletingService (SCMBlockDeletingService.java:call(155)) - Scanned deleted blocks log and got 0 delTX to process.
2019-09-10 07:08:47,408 [SCMBlockDeletingService#0] DEBUG block.SCMBlockDeletingService (SCMBlockDeletingService.java:call(138)) - Running DeletedBlockTransactionScanner
2019-09-10 07:08:47,408 [SCMBlockDeletingService#0] DEBUG block.SCMBlockDeletingService (SCMBlockDeletingService.java:call(155)) - Scanned deleted blocks log and got 0 delTX to process.
2019-09-10 07:08:47,508 [SCMBlockDeletingService#0] DEBUG block.SCMBlockDeletingService (SCMBlockDeletingService.java:call(138)) - Running DeletedBlockTransactionScanner
2019-09-10 07:08:47,508 [SCMBlockDeletingService#0] DEBUG block.SCMBlockDeletingService (SCMBlockDeletingService.java:call(155)) - Scanned deleted blocks log and got 0 delTX to process.
2019-09-10 07:08:47,609 [SCMBlockDeletingService#0] DEBUG block.SCMBlockDeletingService (SCMBlockDeletingService.java:call(138)) - Running DeletedBlockTransactionScanner
2019-09-10 07:08:47,609 [SCMBlockDeletingService#0] DEBUG block.SCMBlockDeletingService (SCMBlockDeletingService.java:call(155)) - Scanned deleted blocks log and got 0 delTX to process.
2019-09-10 07:08:47,709 [SCMBlockDeletingService#0] DEBUG block.SCMBlockDeletingService (SCMBlockDeletingService.java:call(138)) - Running DeletedBlockTransactionScanner
2019-09-10 07:08:47,710 [SCMBlockDeletingService#0] DEBUG block.SCMBlockDeletingService (SCMBlockDeletingService.java:call(155)) - Scanned deleted blocks log and got 0 delTX to process.
2019-09-10 07:08:47,810 [SCMBlockDeletingService#0] DEBUG block.SCMBlockDeletingService (SCMBlockDeletingService.java:call(138)) - Running DeletedBlockTransactionScanner
2019-09-10 07:08:47,810 [SCMBlockDeletingService#0] DEBUG block.SCMBlockDeletingService (SCMBlockDeletingService.java:call(155)) - Scanned deleted blocks log and got 0 delTX to process.
2019-09-10 07:08:47,911 [SCMBlockDeletingService#0] DEBUG block.SCMBlockDeletingService (SCMBlockDeletingService.java:call(138)) - Running DeletedBlockTransactionScanner
2019-09-10 07:08:47,911 [SCMBlockDeletingService#0] DEBUG block.SCMBlockDeletingService (SCMBlockDeletingService.java:call(155)) - Scanned deleted blocks log and got 0 delTX to process.
2019-09-10 07:08:48,011 [SCMBlockDeletingService#0] DEBUG block.SCMBlockDeletingService (SCMBlockDeletingService.java:call(138)) - Running DeletedBlockTransactionScanner
2019-09-10 07:08:48,011 [SCMBlockDeletingService#0] DEBUG block.SCMBlockDeletingService (SCMBlockDeletingService.java:call(155)) - Scanned deleted blocks log and got 0 delTX to process.
2019-09-10 07:08:48,111 [SCMBlockDeletingService#0] DEBUG block.SCMBlockDeletingService (SCMBlockDeletingService.java:call(138)) - Running DeletedBlockTransactionScanner
2019-09-10 07:08:48,112 [SCMBlockDeletingService#0] DEBUG block.SCMBlockDeletingService (SCMBlockDeletingService.java:call(155)) - Scanned deleted blocks log and got 0 delTX to process.
2019-09-10 07:08:48,212 [SCMBlockDeletingService#0] DEBUG block.SCMBlockDeletingService (SCMBlockDeletingService.java:call(138)) - Running DeletedBlockTransactionScanner
2019-09-10 07:08:48,212 [SCMBlockDeletingService#0] DEBUG block.SCMBlockDeletingService (SCMBlockDeletingService.java:call(155)) - Scanned deleted blocks log and got 0 delTX to process.
2019-09-10 07:08:48,313 [SCMBlockDeletingService#0] DEBUG block.SCMBlockDeletingService (SCMBlockDeletingService.java:call(138)) - Running DeletedBlockTransactionScanner
2019-09-10 07:08:48,313 [SCMBlockDeletingService#0] DEBUG block.SCMBlockDeletingService (SCMBlockDeletingService.java:call(155)) - Scanned deleted blocks log and got 0 delTX to process.
2019-09-10 07:08:48,413 [SCMBlockDeletingService#0] DEBUG block.SCMBlockDeletingService (SCMBlockDeletingService.java:call(138)) - Running DeletedBlockTransactionScanner
2019-09-10 07:08:48,413 [SCMBlockDeletingService#0] DEBUG block.SCMBlockDeletingService (SCMBlockDeletingService.java:call(155)) - Scanned deleted blocks log and got 0 delTX to process.
2019-09-10 07:08:48,514 [SCMBlockDeletingService#0] DEBUG block.SCMBlockDeletingService (SCMBlockDeletingService.java:call(138)) - Running DeletedBlockTransactionScanner
2019-09-10 07:08:48,514 [SCMBlockDeletingService#0] DEBUG block.SCMBlockDeletingService (SCMBlockDeletingService.java:call(155)) - Scanned deleted blocks log and got 0 delTX to process.
2019-09-10 07:08:48,614 [SCMBlockDeletingService#0] DEBUG block.SCMBlockDeletingService (SCMBlockDeletingService.java:call(138)) - Running DeletedBlockTransactionScanner
2019-09-10 07:08:48,614 [SCMBlockDeletingService#0] DEBUG block.SCMBlockDeletingService (SCMBlockDeletingService.java:call(155)) - Scanned deleted blocks log and got 0 delTX to process.
2019-09-10 07:08:48,715 [SCMBlockDeletingService#0] DEBUG block.SCMBlockDeletingService (SCMBlockDeletingService.java:call(138)) - Running DeletedBlockTransactionScanner
2019-09-10 07:08:48,715 [SCMBlockDeletingService#0] DEBUG block.SCMBlockDeletingService (SCMBlockDeletingService.java:call(155)) - Scanned deleted blocks log and got 0 delTX to process.
2019-09-10 07:08:48,815 [SCMBlockDeletingService#0] DEBUG block.SCMBlockDeletingService (SCMBlockDeletingService.java:call(138)) - Running DeletedBlockTransactionScanner
2019-09-10 07:08:48,816 [SCMBlockDeletingService#0] DEBUG block.SCMBlockDeletingService (SCMBlockDeletingService.java:call(155)) - Scanned deleted blocks log and got 0 delTX to process.
2019-09-10 07:08:48,916 [SCMBlockDeletingService#0] DEBUG block.SCMBlockDeletingService (SCMBlockDeletingService.java:call(138)) - Running DeletedBlockTransactionScanner
2019-09-10 07:08:48,917 [SCMBlockDeletingService#0] DEBUG block.SCMBlockDeletingService (SCMBlockDeletingService.java:call(155)) - Scanned deleted blocks log and got 0 delTX to process.
2019-09-10 07:08:49,017 [SCMBlockDeletingService#0] DEBUG block.SCMBlockDeletingService (SCMBlockDeletingService.java:call(138)) - Running DeletedBlockTransactionScanner
2019-09-10 07:08:49,017 [SCMBlockDeletingService#0] DEBUG block.SCMBlockDeletingService (SCMBlockDeletingService.java:call(155)) - Scanned deleted blocks log and got 0 delTX to process.
2019-09-10 07:08:49,118 [SCMBlockDeletingService#0] DEBUG block.SCMBlockDeletingService (SCMBlockDeletingService.java:call(138)) - Running DeletedBlockTransactionScanner
2019-09-10 07:08:49,118 [SCMBlockDeletingService#0] DEBUG block.SCMBlockDeletingService (SCMBlockDeletingService.java:call(155)) - Scanned deleted blocks log and got 0 delTX to process.
2019-09-10 07:08:49,218 [SCMBlockDeletingService#1] DEBUG block.SCMBlockDeletingService (SCMBlockDeletingService.java:call(138)) - Running DeletedBlockTransactionScanner
2019-09-10 07:08:49,219 [SCMBlockDeletingService#1] DEBUG block.SCMBlockDeletingService (SCMBlockDeletingService.java:call(155)) - Scanned deleted blocks log and got 0 delTX to process.
2019-09-10 07:08:49,319 [SCMBlockDeletingService#1] DEBUG block.SCMBlockDeletingService (SCMBlockDeletingService.java:call(138)) - Running DeletedBlockTransactionScanner
2019-09-10 07:08:49,320 [SCMBlockDeletingService#1] DEBUG block.SCMBlockDeletingService (SCMBlockDeletingService.java:call(155)) - Scanned deleted blocks log and got 0 delTX to process.
2019-09-10 07:08:49,420 [SCMBlockDeletingService#0] DEBUG block.SCMBlockDeletingService (SCMBlockDeletingService.java:call(138)) - Running DeletedBlockTransactionScanner
2019-09-10 07:08:49,420 [SCMBlockDeletingService#0] DEBUG block.SCMBlockDeletingService (SCMBlockDeletingService.java:call(155)) - Scanned deleted blocks log and got 0 delTX to process.
2019-09-10 07:08:49,521 [SCMBlockDeletingService#0] DEBUG block.SCMBlockDeletingService (SCMBlockDeletingService.java:call(138)) - Running DeletedBlockTransactionScanner
2019-09-10 07:08:49,521 [SCMBlockDeletingService#0] DEBUG block.SCMBlockDeletingService (SCMBlockDeletingService.java:call(155)) - Scanned deleted blocks log and got 0 delTX to process.
2019-09-10 07:08:49,621 [SCMBlockDeletingService#0] DEBUG block.SCMBlockDeletingService (SCMBlockDeletingService.java:call(138)) - Running DeletedBlockTransactionScanner
2019-09-10 07:08:49,622 [SCMBlockDeletingService#0] DEBUG block.SCMBlockDeletingService (SCMBlockDeletingService.java:call(155)) - Scanned deleted blocks log and got 0 delTX to process.
2019-09-10 07:08:49,722 [SCMBlockDeletingService#0] DEBUG block.SCMBlockDeletingService (SCMBlockDeletingService.java:call(138)) - Running DeletedBlockTransactionScanner
2019-09-10 07:08:49,722 [SCMBlockDeletingService#0] DEBUG block.SCMBlockDeletingService (SCMBlockDeletingService.java:call(155)) - Scanned deleted blocks log and got 0 delTX to process.
2019-09-10 07:08:49,822 [SCMBlockDeletingService#0] DEBUG block.SCMBlockDeletingService (SCMBlockDeletingService.java:call(138)) - Running DeletedBlockTransactionScanner
2019-09-10 07:08:49,823 [SCMBlockDeletingService#0] DEBUG block.SCMBlockDeletingService (SCMBlockDeletingService.java:call(155)) - Scanned deleted blocks log and got 0 delTX to process.
2019-09-10 07:08:49,923 [SCMBlockDeletingService#0] DEBUG block.SCMBlockDeletingService (SCMBlockDeletingService.java:call(138)) - Running DeletedBlockTransactionScanner
2019-09-10 07:08:49,923 [SCMBlockDeletingService#0] DEBUG block.SCMBlockDeletingService (SCMBlockDeletingService.java:call(155)) - Scanned deleted blocks log and got 0 delTX to process.
2019-09-10 07:08:50,024 [SCMBlockDeletingService#0] DEBUG block.SCMBlockDeletingService (SCMBlockDeletingService.java:call(138)) - Running DeletedBlockTransactionScanner
2019-09-10 07:08:50,024 [SCMBlockDeletingService#0] DEBUG block.SCMBlockDeletingService (SCMBlockDeletingService.java:call(155)) - Scanned deleted blocks log and got 0 delTX to process.
2019-09-10 07:08:50,124 [SCMBlockDeletingService#0] DEBUG block.SCMBlockDeletingService (SCMBlockDeletingService.java:call(138)) - Running DeletedBlockTransactionScanner
2019-09-10 07:08:50,124 [SCMBlockDeletingService#0] DEBUG block.SCMBlockDeletingService (SCMBlockDeletingService.java:call(155)) - Scanned deleted blocks log and got 0 delTX to process.
2019-09-10 07:08:50,225 [SCMBlockDeletingService#0] DEBUG block.SCMBlockDeletingService (SCMBlockDeletingService.java:call(138)) - Running DeletedBlockTransactionScanner
2019-09-10 07:08:50,225 [SCMBlockDeletingService#0] DEBUG block.SCMBlockDeletingService (SCMBlockDeletingService.java:call(155)) - Scanned deleted blocks log and got 0 delTX to process.
2019-09-10 07:08:50,325 [SCMBlockDeletingService#0] DEBUG block.SCMBlockDeletingService (SCMBlockDeletingService.java:call(138)) - Running DeletedBlockTransactionScanner
2019-09-10 07:08:50,325 [SCMBlockDeletingService#0] DEBUG block.SCMBlockDeletingService (SCMBlockDeletingService.java:call(155)) - Scanned deleted blocks log and got 0 delTX to process.
2019-09-10 07:08:50,426 [SCMBlockDeletingService#0] DEBUG block.SCMBlockDeletingService (SCMBlockDeletingService.java:call(138)) - Running DeletedBlockTransactionScanner
2019-09-10 07:08:50,426 [SCMBlockDeletingService#0] DEBUG block.SCMBlockDeletingService (SCMBlockDeletingService.java:call(155)) - Scanned deleted blocks log and got 0 delTX to process.
2019-09-10 07:08:50,526 [SCMBlockDeletingService#0] DEBUG block.SCMBlockDeletingService (SCMBlockDeletingService.java:call(138)) - Running DeletedBlockTransactionScanner
2019-09-10 07:08:50,526 [SCMBlockDeletingService#0] DEBUG block.SCMBlockDeletingService (SCMBlockDeletingService.java:call(155)) - Scanned deleted blocks log and got 0 delTX to process.
2019-09-10 07:08:50,627 [SCMBlockDeletingService#0] DEBUG block.SCMBlockDeletingService (SCMBlockDeletingService.java:call(138)) - Running DeletedBlockTransactionScanner
2019-09-10 07:08:50,627 [SCMBlockDeletingService#0] DEBUG block.SCMBlockDeletingService (SCMBlockDeletingService.java:call(155)) - Scanned deleted blocks log and got 0 delTX to process.
2019-09-10 07:08:50,727 [SCMBlockDeletingService#0] DEBUG block.SCMBlockDeletingService (SCMBlockDeletingService.java:call(138)) - Running DeletedBlockTransactionScanner
2019-09-10 07:08:50,728 [SCMBlockDeletingService#0] DEBUG block.SCMBlockDeletingService (SCMBlockDeletingService.java:call(155)) - Scanned deleted blocks log and got 0 delTX to process.
2019-09-10 07:08:50,828 [SCMBlockDeletingService#0] DEBUG block.SCMBlockDeletingService (SCMBlockDeletingService.java:call(138)) - Running DeletedBlockTransactionScanner
2019-09-10 07:08:50,828 [SCMBlockDeletingService#0] DEBUG block.SCMBlockDeletingService (SCMBlockDeletingService.java:call(155)) - Scanned deleted blocks log and got 0 delTX to process.
2019-09-10 07:08:50,929 [SCMBlockDeletingService#0] DEBUG block.SCMBlockDeletingService (SCMBlockDeletingService.java:call(138)) - Running DeletedBlockTransactionScanner
2019-09-10 07:08:50,929 [SCMBlockDeletingService#0] DEBUG block.SCMBlockDeletingService (SCMBlockDeletingService.java:call(155)) - Scanned deleted blocks log and got 0 delTX to process.
2019-09-10 07:08:51,029 [SCMBlockDeletingService#0] DEBUG block.SCMBlockDeletingService (SCMBlockDeletingService.java:call(138)) - Running DeletedBlockTransactionScanner
2019-09-10 07:08:51,029 [SCMBlockDeletingService#0] DEBUG block.SCMBlockDeletingService (SCMBlockDeletingService.java:call(155)) - Scanned deleted blocks log and got 0 delTX to process.
2019-09-10 07:08:51,130 [SCMBlockDeletingService#1] DEBUG block.SCMBlockDeletingService (SCMBlockDeletingService.java:call(138)) - Running DeletedBlockTransactionScanner
2019-09-10 07:08:51,130 [SCMBlockDeletingService#1] DEBUG block.SCMBlockDeletingService (SCMBlockDeletingService.java:call(155)) - Scanned deleted blocks log and got 0 delTX to process.
2019-09-10 07:08:51,230 [SCMBlockDeletingService#1] DEBUG block.SCMBlockDeletingService (SCMBlockDeletingService.java:call(138)) - Running DeletedBlockTransactionScanner
2019-09-10 07:08:51,231 [SCMBlockDeletingService#1] DEBUG block.SCMBlockDeletingService (SCMBlockDeletingService.java:call(155)) - Scanned deleted blocks log and got 0 delTX to process.
2019-09-10 07:08:51,331 [SCMBlockDeletingService#1] DEBUG block.SCMBlockDeletingService (SCMBlockDeletingService.java:call(138)) - Running DeletedBlockTransactionScanner
2019-09-10 07:08:51,331 [SCMBlockDeletingService#1] DEBUG block.SCMBlockDeletingService (SCMBlockDeletingService.java:call(155)) - Scanned deleted blocks log and got 0 delTX to process.
2019-09-10 07:08:51,432 [SCMBlockDeletingService#1] DEBUG block.SCMBlockDeletingService (SCMBlockDeletingService.java:call(138)) - Running DeletedBlockTransactionScanner
2019-09-10 07:08:51,432 [SCMBlockDeletingService#1] DEBUG block.SCMBlockDeletingService (SCMBlockDeletingService.java:call(155)) - Scanned deleted blocks log and got 0 delTX to process.
2019-09-10 07:08:51,532 [SCMBlockDeletingService#1] DEBUG block.SCMBlockDeletingService (SCMBlockDeletingService.java:call(138)) - Running DeletedBlockTransactionScanner
2019-09-10 07:08:51,532 [SCMBlockDeletingService#1] DEBUG block.SCMBlockDeletingService (SCMBlockDeletingService.java:call(155)) - Scanned deleted blocks log and got 0 delTX to process.
2019-09-10 07:08:51,633 [SCMBlockDeletingService#1] DEBUG block.SCMBlockDeletingService (SCMBlockDeletingService.java:call(138)) - Running DeletedBlockTransactionScanner
2019-09-10 07:08:51,633 [SCMBlockDeletingService#1] DEBUG block.SCMBlockDeletingService (SCMBlockDeletingService.java:call(155)) - Scanned deleted blocks log and got 0 delTX to process.
2019-09-10 07:08:51,733 [SCMBlockDeletingService#1] DEBUG block.SCMBlockDeletingService (SCMBlockDeletingService.java:call(138)) - Running DeletedBlockTransactionScanner
2019-09-10 07:08:51,734 [SCMBlockDeletingService#1] DEBUG block.SCMBlockDeletingService (SCMBlockDeletingService.java:call(155)) - Scanned deleted blocks log and got 0 delTX to process.
2019-09-10 07:08:51,834 [SCMBlockDeletingService#1] DEBUG block.SCMBlockDeletingService (SCMBlockDeletingService.java:call(138)) - Running DeletedBlockTransactionScanner
2019-09-10 07:08:51,834 [SCMBlockDeletingService#1] DEBUG block.SCMBlockDeletingService (SCMBlockDeletingService.java:call(155)) - Scanned deleted blocks log and got 0 delTX to process.
2019-09-10 07:08:51,935 [SCMBlockDeletingService#1] DEBUG block.SCMBlockDeletingService (SCMBlockDeletingService.java:call(138)) - Running DeletedBlockTransactionScanner
2019-09-10 07:08:51,935 [SCMBlockDeletingService#1] DEBUG block.SCMBlockDeletingService (SCMBlockDeletingService.java:call(155)) - Scanned deleted blocks log and got 0 delTX to process.
2019-09-10 07:08:52,035 [SCMBlockDeletingService#1] DEBUG block.SCMBlockDeletingService (SCMBlockDeletingService.java:call(138)) - Running DeletedBlockTransactionScanner
2019-09-10 07:08:52,035 [SCMBlockDeletingService#1] DEBUG block.SCMBlockDeletingService (SCMBlockDeletingService.java:call(155)) - Scanned deleted blocks log and got 0 delTX to process.
2019-09-10 07:08:52,109 [05f13708-5e6e-4ea1-a525-a3c8f7f54426@group-34B10843FE54-SegmentedRaftLogWorker] WARN  segmented.SegmentedRaftLogWorker (SegmentedRaftLogWorker.java:getFromFuture(90)) - Timeout 33/~
org.apache.ratis.protocol.TimeoutIOException: Timeout 10s: WriteLog:16: (t:1, i:16), STATEMACHINELOGENTRY, client-7F424F215E90, cid=11-writeStateMachineData
	at org.apache.ratis.util.IOUtils.getFromFuture(IOUtils.java:87)
	at org.apache.ratis.server.raftlog.segmented.SegmentedRaftLogWorker$StateMachineDataPolicy.getFromFuture(SegmentedRaftLogWorker.java:87)
	at org.apache.ratis.server.raftlog.segmented.SegmentedRaftLogWorker$WriteLog.execute(SegmentedRaftLogWorker.java:477)
	at org.apache.ratis.server.raftlog.segmented.SegmentedRaftLogWorker.run(SegmentedRaftLogWorker.java:289)
	at java.lang.Thread.run(Thread.java:748)
Caused by: java.util.concurrent.TimeoutException
	at java.util.concurrent.CompletableFuture.timedGet(CompletableFuture.java:1771)
	at java.util.concurrent.CompletableFuture.get(CompletableFuture.java:1915)
	at org.apache.ratis.util.IOUtils.getFromFuture(IOUtils.java:79)
	... 4 more
2019-09-10 07:08:52,136 [SCMBlockDeletingService#1] DEBUG block.SCMBlockDeletingService (SCMBlockDeletingService.java:call(138)) - Running DeletedBlockTransactionScanner
2019-09-10 07:08:52,136 [SCMBlockDeletingService#1] DEBUG block.SCMBlockDeletingService (SCMBlockDeletingService.java:call(155)) - Scanned deleted blocks log and got 0 delTX to process.
2019-09-10 07:08:52,236 [SCMBlockDeletingService#1] DEBUG block.SCMBlockDeletingService (SCMBlockDeletingService.java:call(138)) - Running DeletedBlockTransactionScanner
2019-09-10 07:08:52,236 [SCMBlockDeletingService#1] DEBUG block.SCMBlockDeletingService (SCMBlockDeletingService.java:call(155)) - Scanned deleted blocks log and got 0 delTX to process.
2019-09-10 07:08:52,337 [SCMBlockDeletingService#1] DEBUG block.SCMBlockDeletingService (SCMBlockDeletingService.java:call(138)) - Running DeletedBlockTransactionScanner
2019-09-10 07:08:52,337 [SCMBlockDeletingService#1] DEBUG block.SCMBlockDeletingService (SCMBlockDeletingService.java:call(155)) - Scanned deleted blocks log and got 0 delTX to process.
2019-09-10 07:08:52,437 [SCMBlockDeletingService#1] DEBUG block.SCMBlockDeletingService (SCMBlockDeletingService.java:call(138)) - Running DeletedBlockTransactionScanner
2019-09-10 07:08:52,438 [SCMBlockDeletingService#1] DEBUG block.SCMBlockDeletingService (SCMBlockDeletingService.java:call(155)) - Scanned deleted blocks log and got 0 delTX to process.
2019-09-10 07:08:52,538 [SCMBlockDeletingService#1] DEBUG block.SCMBlockDeletingService (SCMBlockDeletingService.java:call(138)) - Running DeletedBlockTransactionScanner
2019-09-10 07:08:52,538 [SCMBlockDeletingService#1] DEBUG block.SCMBlockDeletingService (SCMBlockDeletingService.java:call(155)) - Scanned deleted blocks log and got 0 delTX to process.
2019-09-10 07:08:52,638 [SCMBlockDeletingService#0] DEBUG block.SCMBlockDeletingService (SCMBlockDeletingService.java:call(138)) - Running DeletedBlockTransactionScanner
2019-09-10 07:08:52,639 [SCMBlockDeletingService#0] DEBUG block.SCMBlockDeletingService (SCMBlockDeletingService.java:call(155)) - Scanned deleted blocks log and got 0 delTX to process.
2019-09-10 07:08:52,739 [SCMBlockDeletingService#0] DEBUG block.SCMBlockDeletingService (SCMBlockDeletingService.java:call(138)) - Running DeletedBlockTransactionScanner
2019-09-10 07:08:52,739 [SCMBlockDeletingService#0] DEBUG block.SCMBlockDeletingService (SCMBlockDeletingService.java:call(155)) - Scanned deleted blocks log and got 0 delTX to process.
2019-09-10 07:08:52,840 [SCMBlockDeletingService#0] DEBUG block.SCMBlockDeletingService (SCMBlockDeletingService.java:call(138)) - Running DeletedBlockTransactionScanner
2019-09-10 07:08:52,840 [SCMBlockDeletingService#0] DEBUG block.SCMBlockDeletingService (SCMBlockDeletingService.java:call(155)) - Scanned deleted blocks log and got 0 delTX to process.
2019-09-10 07:08:52,940 [SCMBlockDeletingService#0] DEBUG block.SCMBlockDeletingService (SCMBlockDeletingService.java:call(138)) - Running DeletedBlockTransactionScanner
2019-09-10 07:08:52,940 [SCMBlockDeletingService#0] DEBUG block.SCMBlockDeletingService (SCMBlockDeletingService.java:call(155)) - Scanned deleted blocks log and got 0 delTX to process.
2019-09-10 07:08:53,041 [SCMBlockDeletingService#0] DEBUG block.SCMBlockDeletingService (SCMBlockDeletingService.java:call(138)) - Running DeletedBlockTransactionScanner
2019-09-10 07:08:53,041 [SCMBlockDeletingService#0] DEBUG block.SCMBlockDeletingService (SCMBlockDeletingService.java:call(155)) - Scanned deleted blocks log and got 0 delTX to process.
2019-09-10 07:08:53,141 [SCMBlockDeletingService#0] DEBUG block.SCMBlockDeletingService (SCMBlockDeletingService.java:call(138)) - Running DeletedBlockTransactionScanner
2019-09-10 07:08:53,142 [SCMBlockDeletingService#0] DEBUG block.SCMBlockDeletingService (SCMBlockDeletingService.java:call(155)) - Scanned deleted blocks log and got 0 delTX to process.
2019-09-10 07:08:53,242 [SCMBlockDeletingService#0] DEBUG block.SCMBlockDeletingService (SCMBlockDeletingService.java:call(138)) - Running DeletedBlockTransactionScanner
2019-09-10 07:08:53,242 [SCMBlockDeletingService#0] DEBUG block.SCMBlockDeletingService (SCMBlockDeletingService.java:call(155)) - Scanned deleted blocks log and got 0 delTX to process.
2019-09-10 07:08:53,343 [SCMBlockDeletingService#0] DEBUG block.SCMBlockDeletingService (SCMBlockDeletingService.java:call(138)) - Running DeletedBlockTransactionScanner
2019-09-10 07:08:53,343 [SCMBlockDeletingService#0] DEBUG block.SCMBlockDeletingService (SCMBlockDeletingService.java:call(155)) - Scanned deleted blocks log and got 0 delTX to process.
2019-09-10 07:08:53,443 [SCMBlockDeletingService#0] DEBUG block.SCMBlockDeletingService (SCMBlockDeletingService.java:call(138)) - Running DeletedBlockTransactionScanner
2019-09-10 07:08:53,443 [SCMBlockDeletingService#0] DEBUG block.SCMBlockDeletingService (SCMBlockDeletingService.java:call(155)) - Scanned deleted blocks log and got 0 delTX to process.
2019-09-10 07:08:53,544 [SCMBlockDeletingService#0] DEBUG block.SCMBlockDeletingService (SCMBlockDeletingService.java:call(138)) - Running DeletedBlockTransactionScanner
2019-09-10 07:08:53,544 [SCMBlockDeletingService#0] DEBUG block.SCMBlockDeletingService (SCMBlockDeletingService.java:call(155)) - Scanned deleted blocks log and got 0 delTX to process.
2019-09-10 07:08:53,644 [SCMBlockDeletingService#0] DEBUG block.SCMBlockDeletingService (SCMBlockDeletingService.java:call(138)) - Running DeletedBlockTransactionScanner
2019-09-10 07:08:53,645 [SCMBlockDeletingService#0] DEBUG block.SCMBlockDeletingService (SCMBlockDeletingService.java:call(155)) - Scanned deleted blocks log and got 0 delTX to process.
2019-09-10 07:08:53,745 [SCMBlockDeletingService#0] DEBUG block.SCMBlockDeletingService (SCMBlockDeletingService.java:call(138)) - Running DeletedBlockTransactionScanner
2019-09-10 07:08:53,745 [SCMBlockDeletingService#0] DEBUG block.SCMBlockDeletingService (SCMBlockDeletingService.java:call(155)) - Scanned deleted blocks log and got 0 delTX to process.
2019-09-10 07:08:53,845 [SCMBlockDeletingService#0] DEBUG block.SCMBlockDeletingService (SCMBlockDeletingService.java:call(138)) - Running DeletedBlockTransactionScanner
2019-09-10 07:08:53,846 [SCMBlockDeletingService#0] DEBUG block.SCMBlockDeletingService (SCMBlockDeletingService.java:call(155)) - Scanned deleted blocks log and got 0 delTX to process.
2019-09-10 07:08:53,946 [SCMBlockDeletingService#0] DEBUG block.SCMBlockDeletingService (SCMBlockDeletingService.java:call(138)) - Running DeletedBlockTransactionScanner
2019-09-10 07:08:53,946 [SCMBlockDeletingService#0] DEBUG block.SCMBlockDeletingService (SCMBlockDeletingService.java:call(155)) - Scanned deleted blocks log and got 0 delTX to process.
2019-09-10 07:08:54,047 [SCMBlockDeletingService#0] DEBUG block.SCMBlockDeletingService (SCMBlockDeletingService.java:call(138)) - Running DeletedBlockTransactionScanner
2019-09-10 07:08:54,047 [SCMBlockDeletingService#0] DEBUG block.SCMBlockDeletingService (SCMBlockDeletingService.java:call(155)) - Scanned deleted blocks log and got 0 delTX to process.
2019-09-10 07:08:54,147 [SCMBlockDeletingService#0] DEBUG block.SCMBlockDeletingService (SCMBlockDeletingService.java:call(138)) - Running DeletedBlockTransactionScanner
2019-09-10 07:08:54,147 [SCMBlockDeletingService#0] DEBUG block.SCMBlockDeletingService (SCMBlockDeletingService.java:call(155)) - Scanned deleted blocks log and got 0 delTX to process.
2019-09-10 07:08:54,248 [SCMBlockDeletingService#0] DEBUG block.SCMBlockDeletingService (SCMBlockDeletingService.java:call(138)) - Running DeletedBlockTransactionScanner
2019-09-10 07:08:54,248 [SCMBlockDeletingService#0] DEBUG block.SCMBlockDeletingService (SCMBlockDeletingService.java:call(155)) - Scanned deleted blocks log and got 0 delTX to process.
2019-09-10 07:08:54,348 [SCMBlockDeletingService#0] DEBUG block.SCMBlockDeletingService (SCMBlockDeletingService.java:call(138)) - Running DeletedBlockTransactionScanner
2019-09-10 07:08:54,349 [SCMBlockDeletingService#0] DEBUG block.SCMBlockDeletingService (SCMBlockDeletingService.java:call(155)) - Scanned deleted blocks log and got 0 delTX to process.
2019-09-10 07:08:54,449 [SCMBlockDeletingService#0] DEBUG block.SCMBlockDeletingService (SCMBlockDeletingService.java:call(138)) - Running DeletedBlockTransactionScanner
2019-09-10 07:08:54,449 [SCMBlockDeletingService#0] DEBUG block.SCMBlockDeletingService (SCMBlockDeletingService.java:call(155)) - Scanned deleted blocks log and got 0 delTX to process.
2019-09-10 07:08:54,549 [SCMBlockDeletingService#0] DEBUG block.SCMBlockDeletingService (SCMBlockDeletingService.java:call(138)) - Running DeletedBlockTransactionScanner
2019-09-10 07:08:54,550 [SCMBlockDeletingService#0] DEBUG block.SCMBlockDeletingService (SCMBlockDeletingService.java:call(155)) - Scanned deleted blocks log and got 0 delTX to process.
2019-09-10 07:08:54,650 [SCMBlockDeletingService#0] DEBUG block.SCMBlockDeletingService (SCMBlockDeletingService.java:call(138)) - Running DeletedBlockTransactionScanner
2019-09-10 07:08:54,650 [SCMBlockDeletingService#0] DEBUG block.SCMBlockDeletingService (SCMBlockDeletingService.java:call(155)) - Scanned deleted blocks log and got 0 delTX to process.
2019-09-10 07:08:54,750 [SCMBlockDeletingService#0] DEBUG block.SCMBlockDeletingService (SCMBlockDeletingService.java:call(138)) - Running DeletedBlockTransactionScanner
2019-09-10 07:08:54,751 [SCMBlockDeletingService#0] DEBUG block.SCMBlockDeletingService (SCMBlockDeletingService.java:call(155)) - Scanned deleted blocks log and got 0 delTX to process.
2019-09-10 07:08:54,851 [SCMBlockDeletingService#0] DEBUG block.SCMBlockDeletingService (SCMBlockDeletingService.java:call(138)) - Running DeletedBlockTransactionScanner
2019-09-10 07:08:54,851 [SCMBlockDeletingService#0] DEBUG block.SCMBlockDeletingService (SCMBlockDeletingService.java:call(155)) - Scanned deleted blocks log and got 0 delTX to process.
2019-09-10 07:08:54,951 [SCMBlockDeletingService#0] DEBUG block.SCMBlockDeletingService (SCMBlockDeletingService.java:call(138)) - Running DeletedBlockTransactionScanner
2019-09-10 07:08:54,952 [SCMBlockDeletingService#0] DEBUG block.SCMBlockDeletingService (SCMBlockDeletingService.java:call(155)) - Scanned deleted blocks log and got 0 delTX to process.
2019-09-10 07:08:55,052 [SCMBlockDeletingService#0] DEBUG block.SCMBlockDeletingService (SCMBlockDeletingService.java:call(138)) - Running DeletedBlockTransactionScanner
2019-09-10 07:08:55,052 [SCMBlockDeletingService#0] DEBUG block.SCMBlockDeletingService (SCMBlockDeletingService.java:call(155)) - Scanned deleted blocks log and got 0 delTX to process.
2019-09-10 07:08:55,153 [SCMBlockDeletingService#0] DEBUG block.SCMBlockDeletingService (SCMBlockDeletingService.java:call(138)) - Running DeletedBlockTransactionScanner
2019-09-10 07:08:55,153 [SCMBlockDeletingService#0] DEBUG block.SCMBlockDeletingService (SCMBlockDeletingService.java:call(155)) - Scanned deleted blocks log and got 0 delTX to process.
2019-09-10 07:08:55,253 [SCMBlockDeletingService#0] DEBUG block.SCMBlockDeletingService (SCMBlockDeletingService.java:call(138)) - Running DeletedBlockTransactionScanner
2019-09-10 07:08:55,254 [SCMBlockDeletingService#0] DEBUG block.SCMBlockDeletingService (SCMBlockDeletingService.java:call(155)) - Scanned deleted blocks log and got 0 delTX to process.
2019-09-10 07:08:55,354 [SCMBlockDeletingService#0] DEBUG block.SCMBlockDeletingService (SCMBlockDeletingService.java:call(138)) - Running DeletedBlockTransactionScanner
2019-09-10 07:08:55,354 [SCMBlockDeletingService#0] DEBUG block.SCMBlockDeletingService (SCMBlockDeletingService.java:call(155)) - Scanned deleted blocks log and got 0 delTX to process.
2019-09-10 07:08:55,455 [SCMBlockDeletingService#0] DEBUG block.SCMBlockDeletingService (SCMBlockDeletingService.java:call(138)) - Running DeletedBlockTransactionScanner
2019-09-10 07:08:55,455 [SCMBlockDeletingService#0] DEBUG block.SCMBlockDeletingService (SCMBlockDeletingService.java:call(155)) - Scanned deleted blocks log and got 0 delTX to process.
2019-09-10 07:08:55,555 [SCMBlockDeletingService#0] DEBUG block.SCMBlockDeletingService (SCMBlockDeletingService.java:call(138)) - Running DeletedBlockTransactionScanner
2019-09-10 07:08:55,556 [SCMBlockDeletingService#0] DEBUG block.SCMBlockDeletingService (SCMBlockDeletingService.java:call(155)) - Scanned deleted blocks log and got 0 delTX to process.
2019-09-10 07:08:55,656 [SCMBlockDeletingService#0] DEBUG block.SCMBlockDeletingService (SCMBlockDeletingService.java:call(138)) - Running DeletedBlockTransactionScanner
2019-09-10 07:08:55,656 [SCMBlockDeletingService#0] DEBUG block.SCMBlockDeletingService (SCMBlockDeletingService.java:call(155)) - Scanned deleted blocks log and got 0 delTX to process.
2019-09-10 07:08:55,757 [SCMBlockDeletingService#0] DEBUG block.SCMBlockDeletingService (SCMBlockDeletingService.java:call(138)) - Running DeletedBlockTransactionScanner
2019-09-10 07:08:55,757 [SCMBlockDeletingService#0] DEBUG block.SCMBlockDeletingService (SCMBlockDeletingService.java:call(155)) - Scanned deleted blocks log and got 0 delTX to process.
2019-09-10 07:08:55,857 [SCMBlockDeletingService#0] DEBUG block.SCMBlockDeletingService (SCMBlockDeletingService.java:call(138)) - Running DeletedBlockTransactionScanner
2019-09-10 07:08:55,858 [SCMBlockDeletingService#0] DEBUG block.SCMBlockDeletingService (SCMBlockDeletingService.java:call(155)) - Scanned deleted blocks log and got 0 delTX to process.
2019-09-10 07:08:55,958 [SCMBlockDeletingService#0] DEBUG block.SCMBlockDeletingService (SCMBlockDeletingService.java:call(138)) - Running DeletedBlockTransactionScanner
2019-09-10 07:08:55,958 [SCMBlockDeletingService#0] DEBUG block.SCMBlockDeletingService (SCMBlockDeletingService.java:call(155)) - Scanned deleted blocks log and got 0 delTX to process.
2019-09-10 07:08:56,059 [SCMBlockDeletingService#0] DEBUG block.SCMBlockDeletingService (SCMBlockDeletingService.java:call(138)) - Running DeletedBlockTransactionScanner
2019-09-10 07:08:56,059 [SCMBlockDeletingService#0] DEBUG block.SCMBlockDeletingService (SCMBlockDeletingService.java:call(155)) - Scanned deleted blocks log and got 0 delTX to process.
2019-09-10 07:08:56,159 [SCMBlockDeletingService#0] DEBUG block.SCMBlockDeletingService (SCMBlockDeletingService.java:call(138)) - Running DeletedBlockTransactionScanner
2019-09-10 07:08:56,159 [SCMBlockDeletingService#0] DEBUG block.SCMBlockDeletingService (SCMBlockDeletingService.java:call(155)) - Scanned deleted blocks log and got 0 delTX to process.
2019-09-10 07:08:56,260 [SCMBlockDeletingService#0] DEBUG block.SCMBlockDeletingService (SCMBlockDeletingService.java:call(138)) - Running DeletedBlockTransactionScanner
2019-09-10 07:08:56,260 [SCMBlockDeletingService#0] DEBUG block.SCMBlockDeletingService (SCMBlockDeletingService.java:call(155)) - Scanned deleted blocks log and got 0 delTX to process.
2019-09-10 07:08:56,360 [SCMBlockDeletingService#0] DEBUG block.SCMBlockDeletingService (SCMBlockDeletingService.java:call(138)) - Running DeletedBlockTransactionScanner
2019-09-10 07:08:56,360 [SCMBlockDeletingService#0] DEBUG block.SCMBlockDeletingService (SCMBlockDeletingService.java:call(155)) - Scanned deleted blocks log and got 0 delTX to process.
2019-09-10 07:08:56,461 [SCMBlockDeletingService#0] DEBUG block.SCMBlockDeletingService (SCMBlockDeletingService.java:call(138)) - Running DeletedBlockTransactionScanner
2019-09-10 07:08:56,461 [SCMBlockDeletingService#0] DEBUG block.SCMBlockDeletingService (SCMBlockDeletingService.java:call(155)) - Scanned deleted blocks log and got 0 delTX to process.
2019-09-10 07:08:56,561 [SCMBlockDeletingService#0] DEBUG block.SCMBlockDeletingService (SCMBlockDeletingService.java:call(138)) - Running DeletedBlockTransactionScanner
2019-09-10 07:08:56,562 [SCMBlockDeletingService#0] DEBUG block.SCMBlockDeletingService (SCMBlockDeletingService.java:call(155)) - Scanned deleted blocks log and got 0 delTX to process.
2019-09-10 07:08:56,662 [SCMBlockDeletingService#0] DEBUG block.SCMBlockDeletingService (SCMBlockDeletingService.java:call(138)) - Running DeletedBlockTransactionScanner
2019-09-10 07:08:56,662 [SCMBlockDeletingService#0] DEBUG block.SCMBlockDeletingService (SCMBlockDeletingService.java:call(155)) - Scanned deleted blocks log and got 0 delTX to process.
2019-09-10 07:08:56,763 [SCMBlockDeletingService#0] DEBUG block.SCMBlockDeletingService (SCMBlockDeletingService.java:call(138)) - Running DeletedBlockTransactionScanner
2019-09-10 07:08:56,763 [SCMBlockDeletingService#0] DEBUG block.SCMBlockDeletingService (SCMBlockDeletingService.java:call(155)) - Scanned deleted blocks log and got 0 delTX to process.
2019-09-10 07:08:56,863 [SCMBlockDeletingService#0] DEBUG block.SCMBlockDeletingService (SCMBlockDeletingService.java:call(138)) - Running DeletedBlockTransactionScanner
2019-09-10 07:08:56,864 [SCMBlockDeletingService#0] DEBUG block.SCMBlockDeletingService (SCMBlockDeletingService.java:call(155)) - Scanned deleted blocks log and got 0 delTX to process.
2019-09-10 07:08:56,964 [SCMBlockDeletingService#0] DEBUG block.SCMBlockDeletingService (SCMBlockDeletingService.java:call(138)) - Running DeletedBlockTransactionScanner
2019-09-10 07:08:56,964 [SCMBlockDeletingService#0] DEBUG block.SCMBlockDeletingService (SCMBlockDeletingService.java:call(155)) - Scanned deleted blocks log and got 0 delTX to process.
2019-09-10 07:08:57,065 [SCMBlockDeletingService#0] DEBUG block.SCMBlockDeletingService (SCMBlockDeletingService.java:call(138)) - Running DeletedBlockTransactionScanner
2019-09-10 07:08:57,066 [SCMBlockDeletingService#0] DEBUG block.SCMBlockDeletingService (SCMBlockDeletingService.java:call(155)) - Scanned deleted blocks log and got 0 delTX to process.
2019-09-10 07:08:57,166 [SCMBlockDeletingService#0] DEBUG block.SCMBlockDeletingService (SCMBlockDeletingService.java:call(138)) - Running DeletedBlockTransactionScanner
2019-09-10 07:08:57,166 [SCMBlockDeletingService#0] DEBUG block.SCMBlockDeletingService (SCMBlockDeletingService.java:call(155)) - Scanned deleted blocks log and got 0 delTX to process.
2019-09-10 07:08:57,267 [SCMBlockDeletingService#0] DEBUG block.SCMBlockDeletingService (SCMBlockDeletingService.java:call(138)) - Running DeletedBlockTransactionScanner
2019-09-10 07:08:57,267 [SCMBlockDeletingService#0] DEBUG block.SCMBlockDeletingService (SCMBlockDeletingService.java:call(155)) - Scanned deleted blocks log and got 0 delTX to process.
2019-09-10 07:08:57,367 [SCMBlockDeletingService#0] DEBUG block.SCMBlockDeletingService (SCMBlockDeletingService.java:call(138)) - Running DeletedBlockTransactionScanner
2019-09-10 07:08:57,367 [SCMBlockDeletingService#0] DEBUG block.SCMBlockDeletingService (SCMBlockDeletingService.java:call(155)) - Scanned deleted blocks log and got 0 delTX to process.
2019-09-10 07:08:57,468 [SCMBlockDeletingService#0] DEBUG block.SCMBlockDeletingService (SCMBlockDeletingService.java:call(138)) - Running DeletedBlockTransactionScanner
2019-09-10 07:08:57,468 [SCMBlockDeletingService#0] DEBUG block.SCMBlockDeletingService (SCMBlockDeletingService.java:call(155)) - Scanned deleted blocks log and got 0 delTX to process.
2019-09-10 07:08:57,568 [SCMBlockDeletingService#0] DEBUG block.SCMBlockDeletingService (SCMBlockDeletingService.java:call(138)) - Running DeletedBlockTransactionScanner
2019-09-10 07:08:57,569 [SCMBlockDeletingService#0] DEBUG block.SCMBlockDeletingService (SCMBlockDeletingService.java:call(155)) - Scanned deleted blocks log and got 0 delTX to process.
2019-09-10 07:08:57,669 [SCMBlockDeletingService#0] DEBUG block.SCMBlockDeletingService (SCMBlockDeletingService.java:call(138)) - Running DeletedBlockTransactionScanner
2019-09-10 07:08:57,669 [SCMBlockDeletingService#0] DEBUG block.SCMBlockDeletingService (SCMBlockDeletingService.java:call(155)) - Scanned deleted blocks log and got 0 delTX to process.
2019-09-10 07:08:57,770 [SCMBlockDeletingService#0] DEBUG block.SCMBlockDeletingService (SCMBlockDeletingService.java:call(138)) - Running DeletedBlockTransactionScanner
2019-09-10 07:08:57,770 [SCMBlockDeletingService#0] DEBUG block.SCMBlockDeletingService (SCMBlockDeletingService.java:call(155)) - Scanned deleted blocks log and got 0 delTX to process.
2019-09-10 07:08:57,870 [SCMBlockDeletingService#0] DEBUG block.SCMBlockDeletingService (SCMBlockDeletingService.java:call(138)) - Running DeletedBlockTransactionScanner
2019-09-10 07:08:57,871 [SCMBlockDeletingService#0] DEBUG block.SCMBlockDeletingService (SCMBlockDeletingService.java:call(155)) - Scanned deleted blocks log and got 0 delTX to process.
2019-09-10 07:08:57,971 [SCMBlockDeletingService#0] DEBUG block.SCMBlockDeletingService (SCMBlockDeletingService.java:call(138)) - Running DeletedBlockTransactionScanner
2019-09-10 07:08:57,971 [SCMBlockDeletingService#0] DEBUG block.SCMBlockDeletingService (SCMBlockDeletingService.java:call(155)) - Scanned deleted blocks log and got 0 delTX to process.
2019-09-10 07:08:58,071 [SCMBlockDeletingService#0] DEBUG block.SCMBlockDeletingService (SCMBlockDeletingService.java:call(138)) - Running DeletedBlockTransactionScanner
2019-09-10 07:08:58,071 [SCMBlockDeletingService#0] DEBUG block.SCMBlockDeletingService (SCMBlockDeletingService.java:call(155)) - Scanned deleted blocks log and got 0 delTX to process.
2019-09-10 07:08:58,172 [SCMBlockDeletingService#0] DEBUG block.SCMBlockDeletingService (SCMBlockDeletingService.java:call(138)) - Running DeletedBlockTransactionScanner
2019-09-10 07:08:58,172 [SCMBlockDeletingService#0] DEBUG block.SCMBlockDeletingService (SCMBlockDeletingService.java:call(155)) - Scanned deleted blocks log and got 0 delTX to process.
2019-09-10 07:08:58,272 [SCMBlockDeletingService#0] DEBUG block.SCMBlockDeletingService (SCMBlockDeletingService.java:call(138)) - Running DeletedBlockTransactionScanner
2019-09-10 07:08:58,272 [SCMBlockDeletingService#0] DEBUG block.SCMBlockDeletingService (SCMBlockDeletingService.java:call(155)) - Scanned deleted blocks log and got 0 delTX to process.
2019-09-10 07:08:58,373 [SCMBlockDeletingService#0] DEBUG block.SCMBlockDeletingService (SCMBlockDeletingService.java:call(138)) - Running DeletedBlockTransactionScanner
2019-09-10 07:08:58,373 [SCMBlockDeletingService#0] DEBUG block.SCMBlockDeletingService (SCMBlockDeletingService.java:call(155)) - Scanned deleted blocks log and got 0 delTX to process.
2019-09-10 07:08:58,473 [SCMBlockDeletingService#0] DEBUG block.SCMBlockDeletingService (SCMBlockDeletingService.java:call(138)) - Running DeletedBlockTransactionScanner
2019-09-10 07:08:58,473 [SCMBlockDeletingService#0] DEBUG block.SCMBlockDeletingService (SCMBlockDeletingService.java:call(155)) - Scanned deleted blocks log and got 0 delTX to process.
2019-09-10 07:08:58,574 [SCMBlockDeletingService#0] DEBUG block.SCMBlockDeletingService (SCMBlockDeletingService.java:call(138)) - Running DeletedBlockTransactionScanner
2019-09-10 07:08:58,574 [SCMBlockDeletingService#0] DEBUG block.SCMBlockDeletingService (SCMBlockDeletingService.java:call(155)) - Scanned deleted blocks log and got 0 delTX to process.
2019-09-10 07:08:58,674 [SCMBlockDeletingService#0] DEBUG block.SCMBlockDeletingService (SCMBlockDeletingService.java:call(138)) - Running DeletedBlockTransactionScanner
2019-09-10 07:08:58,674 [SCMBlockDeletingService#0] DEBUG block.SCMBlockDeletingService (SCMBlockDeletingService.java:call(155)) - Scanned deleted blocks log and got 0 delTX to process.
2019-09-10 07:08:58,775 [SCMBlockDeletingService#0] DEBUG block.SCMBlockDeletingService (SCMBlockDeletingService.java:call(138)) - Running DeletedBlockTransactionScanner
2019-09-10 07:08:58,775 [SCMBlockDeletingService#0] DEBUG block.SCMBlockDeletingService (SCMBlockDeletingService.java:call(155)) - Scanned deleted blocks log and got 0 delTX to process.
2019-09-10 07:08:58,875 [SCMBlockDeletingService#0] DEBUG block.SCMBlockDeletingService (SCMBlockDeletingService.java:call(138)) - Running DeletedBlockTransactionScanner
2019-09-10 07:08:58,875 [SCMBlockDeletingService#0] DEBUG block.SCMBlockDeletingService (SCMBlockDeletingService.java:call(155)) - Scanned deleted blocks log and got 0 delTX to process.
2019-09-10 07:08:58,976 [SCMBlockDeletingService#1] DEBUG block.SCMBlockDeletingService (SCMBlockDeletingService.java:call(138)) - Running DeletedBlockTransactionScanner
2019-09-10 07:08:58,976 [SCMBlockDeletingService#1] DEBUG block.SCMBlockDeletingService (SCMBlockDeletingService.java:call(155)) - Scanned deleted blocks log and got 0 delTX to process.
2019-09-10 07:08:59,076 [SCMBlockDeletingService#1] DEBUG block.SCMBlockDeletingService (SCMBlockDeletingService.java:call(138)) - Running DeletedBlockTransactionScanner
2019-09-10 07:08:59,077 [SCMBlockDeletingService#1] DEBUG block.SCMBlockDeletingService (SCMBlockDeletingService.java:call(155)) - Scanned deleted blocks log and got 0 delTX to process.
2019-09-10 07:08:59,177 [SCMBlockDeletingService#1] DEBUG block.SCMBlockDeletingService (SCMBlockDeletingService.java:call(138)) - Running DeletedBlockTransactionScanner
2019-09-10 07:08:59,177 [SCMBlockDeletingService#1] DEBUG block.SCMBlockDeletingService (SCMBlockDeletingService.java:call(155)) - Scanned deleted blocks log and got 0 delTX to process.
2019-09-10 07:08:59,278 [SCMBlockDeletingService#1] DEBUG block.SCMBlockDeletingService (SCMBlockDeletingService.java:call(138)) - Running DeletedBlockTransactionScanner
2019-09-10 07:08:59,278 [SCMBlockDeletingService#1] DEBUG block.SCMBlockDeletingService (SCMBlockDeletingService.java:call(155)) - Scanned deleted blocks log and got 0 delTX to process.
2019-09-10 07:08:59,378 [SCMBlockDeletingService#1] DEBUG block.SCMBlockDeletingService (SCMBlockDeletingService.java:call(138)) - Running DeletedBlockTransactionScanner
2019-09-10 07:08:59,378 [SCMBlockDeletingService#1] DEBUG block.SCMBlockDeletingService (SCMBlockDeletingService.java:call(155)) - Scanned deleted blocks log and got 0 delTX to process.
2019-09-10 07:08:59,479 [SCMBlockDeletingService#1] DEBUG block.SCMBlockDeletingService (SCMBlockDeletingService.java:call(138)) - Running DeletedBlockTransactionScanner
2019-09-10 07:08:59,479 [SCMBlockDeletingService#1] DEBUG block.SCMBlockDeletingService (SCMBlockDeletingService.java:call(155)) - Scanned deleted blocks log and got 0 delTX to process.
2019-09-10 07:08:59,579 [SCMBlockDeletingService#1] DEBUG block.SCMBlockDeletingService (SCMBlockDeletingService.java:call(138)) - Running DeletedBlockTransactionScanner
2019-09-10 07:08:59,579 [SCMBlockDeletingService#1] DEBUG block.SCMBlockDeletingService (SCMBlockDeletingService.java:call(155)) - Scanned deleted blocks log and got 0 delTX to process.
2019-09-10 07:08:59,679 [SCMBlockDeletingService#1] DEBUG block.SCMBlockDeletingService (SCMBlockDeletingService.java:call(138)) - Running DeletedBlockTransactionScanner
2019-09-10 07:08:59,680 [SCMBlockDeletingService#1] DEBUG block.SCMBlockDeletingService (SCMBlockDeletingService.java:call(155)) - Scanned deleted blocks log and got 0 delTX to process.
2019-09-10 07:08:59,780 [SCMBlockDeletingService#1] DEBUG block.SCMBlockDeletingService (SCMBlockDeletingService.java:call(138)) - Running DeletedBlockTransactionScanner
2019-09-10 07:08:59,780 [SCMBlockDeletingService#1] DEBUG block.SCMBlockDeletingService (SCMBlockDeletingService.java:call(155)) - Scanned deleted blocks log and got 0 delTX to process.
2019-09-10 07:08:59,880 [SCMBlockDeletingService#1] DEBUG block.SCMBlockDeletingService (SCMBlockDeletingService.java:call(138)) - Running DeletedBlockTransactionScanner
2019-09-10 07:08:59,880 [SCMBlockDeletingService#1] DEBUG block.SCMBlockDeletingService (SCMBlockDeletingService.java:call(155)) - Scanned deleted blocks log and got 0 delTX to process.
2019-09-10 07:08:59,981 [SCMBlockDeletingService#1] DEBUG block.SCMBlockDeletingService (SCMBlockDeletingService.java:call(138)) - Running DeletedBlockTransactionScanner
2019-09-10 07:08:59,981 [SCMBlockDeletingService#1] DEBUG block.SCMBlockDeletingService (SCMBlockDeletingService.java:call(155)) - Scanned deleted blocks log and got 0 delTX to process.
2019-09-10 07:09:00,081 [SCMBlockDeletingService#1] DEBUG block.SCMBlockDeletingService (SCMBlockDeletingService.java:call(138)) - Running DeletedBlockTransactionScanner
2019-09-10 07:09:00,081 [SCMBlockDeletingService#1] DEBUG block.SCMBlockDeletingService (SCMBlockDeletingService.java:call(155)) - Scanned deleted blocks log and got 0 delTX to process.
2019-09-10 07:09:00,182 [SCMBlockDeletingService#1] DEBUG block.SCMBlockDeletingService (SCMBlockDeletingService.java:call(138)) - Running DeletedBlockTransactionScanner
2019-09-10 07:09:00,182 [SCMBlockDeletingService#1] DEBUG block.SCMBlockDeletingService (SCMBlockDeletingService.java:call(155)) - Scanned deleted blocks log and got 0 delTX to process.
2019-09-10 07:09:00,282 [SCMBlockDeletingService#1] DEBUG block.SCMBlockDeletingService (SCMBlockDeletingService.java:call(138)) - Running DeletedBlockTransactionScanner
2019-09-10 07:09:00,282 [SCMBlockDeletingService#1] DEBUG block.SCMBlockDeletingService (SCMBlockDeletingService.java:call(155)) - Scanned deleted blocks log and got 0 delTX to process.
2019-09-10 07:09:00,383 [SCMBlockDeletingService#1] DEBUG block.SCMBlockDeletingService (SCMBlockDeletingService.java:call(138)) - Running DeletedBlockTransactionScanner
2019-09-10 07:09:00,383 [SCMBlockDeletingService#1] DEBUG block.SCMBlockDeletingService (SCMBlockDeletingService.java:call(155)) - Scanned deleted blocks log and got 0 delTX to process.
2019-09-10 07:09:00,483 [SCMBlockDeletingService#1] DEBUG block.SCMBlockDeletingService (SCMBlockDeletingService.java:call(138)) - Running DeletedBlockTransactionScanner
2019-09-10 07:09:00,483 [SCMBlockDeletingService#1] DEBUG block.SCMBlockDeletingService (SCMBlockDeletingService.java:call(155)) - Scanned deleted blocks log and got 0 delTX to process.
2019-09-10 07:09:00,584 [SCMBlockDeletingService#1] DEBUG block.SCMBlockDeletingService (SCMBlockDeletingService.java:call(138)) - Running DeletedBlockTransactionScanner
2019-09-10 07:09:00,584 [SCMBlockDeletingService#1] DEBUG block.SCMBlockDeletingService (SCMBlockDeletingService.java:call(155)) - Scanned deleted blocks log and got 0 delTX to process.
2019-09-10 07:09:00,684 [SCMBlockDeletingService#1] DEBUG block.SCMBlockDeletingService (SCMBlockDeletingService.java:call(138)) - Running DeletedBlockTransactionScanner
2019-09-10 07:09:00,684 [SCMBlockDeletingService#1] DEBUG block.SCMBlockDeletingService (SCMBlockDeletingService.java:call(155)) - Scanned deleted blocks log and got 0 delTX to process.
2019-09-10 07:09:00,785 [SCMBlockDeletingService#1] DEBUG block.SCMBlockDeletingService (SCMBlockDeletingService.java:call(138)) - Running DeletedBlockTransactionScanner
2019-09-10 07:09:00,785 [SCMBlockDeletingService#1] DEBUG block.SCMBlockDeletingService (SCMBlockDeletingService.java:call(155)) - Scanned deleted blocks log and got 0 delTX to process.
2019-09-10 07:09:00,885 [SCMBlockDeletingService#1] DEBUG block.SCMBlockDeletingService (SCMBlockDeletingService.java:call(138)) - Running DeletedBlockTransactionScanner
2019-09-10 07:09:00,886 [SCMBlockDeletingService#1] DEBUG block.SCMBlockDeletingService (SCMBlockDeletingService.java:call(155)) - Scanned deleted blocks log and got 0 delTX to process.
2019-09-10 07:09:00,986 [SCMBlockDeletingService#1] DEBUG block.SCMBlockDeletingService (SCMBlockDeletingService.java:call(138)) - Running DeletedBlockTransactionScanner
2019-09-10 07:09:00,986 [SCMBlockDeletingService#1] DEBUG block.SCMBlockDeletingService (SCMBlockDeletingService.java:call(155)) - Scanned deleted blocks log and got 0 delTX to process.
2019-09-10 07:09:01,087 [SCMBlockDeletingService#1] DEBUG block.SCMBlockDeletingService (SCMBlockDeletingService.java:call(138)) - Running DeletedBlockTransactionScanner
2019-09-10 07:09:01,087 [SCMBlockDeletingService#1] DEBUG block.SCMBlockDeletingService (SCMBlockDeletingService.java:call(155)) - Scanned deleted blocks log and got 0 delTX to process.
2019-09-10 07:09:01,187 [SCMBlockDeletingService#1] DEBUG block.SCMBlockDeletingService (SCMBlockDeletingService.java:call(138)) - Running DeletedBlockTransactionScanner
2019-09-10 07:09:01,188 [SCMBlockDeletingService#1] DEBUG block.SCMBlockDeletingService (SCMBlockDeletingService.java:call(155)) - Scanned deleted blocks log and got 0 delTX to process.
2019-09-10 07:09:01,288 [SCMBlockDeletingService#1] DEBUG block.SCMBlockDeletingService (SCMBlockDeletingService.java:call(138)) - Running DeletedBlockTransactionScanner
2019-09-10 07:09:01,288 [SCMBlockDeletingService#1] DEBUG block.SCMBlockDeletingService (SCMBlockDeletingService.java:call(155)) - Scanned deleted blocks log and got 0 delTX to process.
2019-09-10 07:09:01,388 [SCMBlockDeletingService#0] DEBUG block.SCMBlockDeletingService (SCMBlockDeletingService.java:call(138)) - Running DeletedBlockTransactionScanner
2019-09-10 07:09:01,389 [SCMBlockDeletingService#0] DEBUG block.SCMBlockDeletingService (SCMBlockDeletingService.java:call(155)) - Scanned deleted blocks log and got 0 delTX to process.
2019-09-10 07:09:01,489 [SCMBlockDeletingService#0] DEBUG block.SCMBlockDeletingService (SCMBlockDeletingService.java:call(138)) - Running DeletedBlockTransactionScanner
2019-09-10 07:09:01,489 [SCMBlockDeletingService#0] DEBUG block.SCMBlockDeletingService (SCMBlockDeletingService.java:call(155)) - Scanned deleted blocks log and got 0 delTX to process.
2019-09-10 07:09:01,590 [SCMBlockDeletingService#0] DEBUG block.SCMBlockDeletingService (SCMBlockDeletingService.java:call(138)) - Running DeletedBlockTransactionScanner
2019-09-10 07:09:01,590 [SCMBlockDeletingService#0] DEBUG block.SCMBlockDeletingService (SCMBlockDeletingService.java:call(155)) - Scanned deleted blocks log and got 0 delTX to process.
2019-09-10 07:09:01,690 [SCMBlockDeletingService#0] DEBUG block.SCMBlockDeletingService (SCMBlockDeletingService.java:call(138)) - Running DeletedBlockTransactionScanner
2019-09-10 07:09:01,690 [SCMBlockDeletingService#0] DEBUG block.SCMBlockDeletingService (SCMBlockDeletingService.java:call(155)) - Scanned deleted blocks log and got 0 delTX to process.
2019-09-10 07:09:01,791 [SCMBlockDeletingService#0] DEBUG block.SCMBlockDeletingService (SCMBlockDeletingService.java:call(138)) - Running DeletedBlockTransactionScanner
2019-09-10 07:09:01,791 [SCMBlockDeletingService#0] DEBUG block.SCMBlockDeletingService (SCMBlockDeletingService.java:call(155)) - Scanned deleted blocks log and got 0 delTX to process.
2019-09-10 07:09:01,891 [SCMBlockDeletingService#0] DEBUG block.SCMBlockDeletingService (SCMBlockDeletingService.java:call(138)) - Running DeletedBlockTransactionScanner
2019-09-10 07:09:01,892 [SCMBlockDeletingService#0] DEBUG block.SCMBlockDeletingService (SCMBlockDeletingService.java:call(155)) - Scanned deleted blocks log and got 0 delTX to process.
2019-09-10 07:09:01,992 [SCMBlockDeletingService#0] DEBUG block.SCMBlockDeletingService (SCMBlockDeletingService.java:call(138)) - Running DeletedBlockTransactionScanner
2019-09-10 07:09:01,992 [SCMBlockDeletingService#0] DEBUG block.SCMBlockDeletingService (SCMBlockDeletingService.java:call(155)) - Scanned deleted blocks log and got 0 delTX to process.
2019-09-10 07:09:02,093 [SCMBlockDeletingService#0] DEBUG block.SCMBlockDeletingService (SCMBlockDeletingService.java:call(138)) - Running DeletedBlockTransactionScanner
2019-09-10 07:09:02,093 [SCMBlockDeletingService#0] DEBUG block.SCMBlockDeletingService (SCMBlockDeletingService.java:call(155)) - Scanned deleted blocks log and got 0 delTX to process.
2019-09-10 07:09:02,110 [05f13708-5e6e-4ea1-a525-a3c8f7f54426@group-34B10843FE54-SegmentedRaftLogWorker] WARN  segmented.SegmentedRaftLogWorker (SegmentedRaftLogWorker.java:getFromFuture(90)) - Timeout 34/~
org.apache.ratis.protocol.TimeoutIOException: Timeout 10s: WriteLog:16: (t:1, i:16), STATEMACHINELOGENTRY, client-7F424F215E90, cid=11-writeStateMachineData
	at org.apache.ratis.util.IOUtils.getFromFuture(IOUtils.java:87)
	at org.apache.ratis.server.raftlog.segmented.SegmentedRaftLogWorker$StateMachineDataPolicy.getFromFuture(SegmentedRaftLogWorker.java:87)
	at org.apache.ratis.server.raftlog.segmented.SegmentedRaftLogWorker$WriteLog.execute(SegmentedRaftLogWorker.java:477)
	at org.apache.ratis.server.raftlog.segmented.SegmentedRaftLogWorker.run(SegmentedRaftLogWorker.java:289)
	at java.lang.Thread.run(Thread.java:748)
Caused by: java.util.concurrent.TimeoutException
	at java.util.concurrent.CompletableFuture.timedGet(CompletableFuture.java:1771)
	at java.util.concurrent.CompletableFuture.get(CompletableFuture.java:1915)
	at org.apache.ratis.util.IOUtils.getFromFuture(IOUtils.java:79)
	... 4 more
2019-09-10 07:09:02,193 [SCMBlockDeletingService#0] DEBUG block.SCMBlockDeletingService (SCMBlockDeletingService.java:call(138)) - Running DeletedBlockTransactionScanner
2019-09-10 07:09:02,193 [SCMBlockDeletingService#0] DEBUG block.SCMBlockDeletingService (SCMBlockDeletingService.java:call(155)) - Scanned deleted blocks log and got 0 delTX to process.
2019-09-10 07:09:02,294 [SCMBlockDeletingService#0] DEBUG block.SCMBlockDeletingService (SCMBlockDeletingService.java:call(138)) - Running DeletedBlockTransactionScanner
2019-09-10 07:09:02,294 [SCMBlockDeletingService#0] DEBUG block.SCMBlockDeletingService (SCMBlockDeletingService.java:call(155)) - Scanned deleted blocks log and got 0 delTX to process.
2019-09-10 07:09:02,394 [SCMBlockDeletingService#0] DEBUG block.SCMBlockDeletingService (SCMBlockDeletingService.java:call(138)) - Running DeletedBlockTransactionScanner
2019-09-10 07:09:02,394 [SCMBlockDeletingService#0] DEBUG block.SCMBlockDeletingService (SCMBlockDeletingService.java:call(155)) - Scanned deleted blocks log and got 0 delTX to process.
2019-09-10 07:09:02,495 [SCMBlockDeletingService#0] DEBUG block.SCMBlockDeletingService (SCMBlockDeletingService.java:call(138)) - Running DeletedBlockTransactionScanner
2019-09-10 07:09:02,495 [SCMBlockDeletingService#0] DEBUG block.SCMBlockDeletingService (SCMBlockDeletingService.java:call(155)) - Scanned deleted blocks log and got 0 delTX to process.
2019-09-10 07:09:02,595 [SCMBlockDeletingService#0] DEBUG block.SCMBlockDeletingService (SCMBlockDeletingService.java:call(138)) - Running DeletedBlockTransactionScanner
2019-09-10 07:09:02,596 [SCMBlockDeletingService#0] DEBUG block.SCMBlockDeletingService (SCMBlockDeletingService.java:call(155)) - Scanned deleted blocks log and got 0 delTX to process.
2019-09-10 07:09:02,696 [SCMBlockDeletingService#0] DEBUG block.SCMBlockDeletingService (SCMBlockDeletingService.java:call(138)) - Running DeletedBlockTransactionScanner
2019-09-10 07:09:02,696 [SCMBlockDeletingService#0] DEBUG block.SCMBlockDeletingService (SCMBlockDeletingService.java:call(155)) - Scanned deleted blocks log and got 0 delTX to process.
2019-09-10 07:09:02,797 [SCMBlockDeletingService#0] DEBUG block.SCMBlockDeletingService (SCMBlockDeletingService.java:call(138)) - Running DeletedBlockTransactionScanner
2019-09-10 07:09:02,797 [SCMBlockDeletingService#0] DEBUG block.SCMBlockDeletingService (SCMBlockDeletingService.java:call(155)) - Scanned deleted blocks log and got 0 delTX to process.
2019-09-10 07:09:02,897 [SCMBlockDeletingService#0] DEBUG block.SCMBlockDeletingService (SCMBlockDeletingService.java:call(138)) - Running DeletedBlockTransactionScanner
2019-09-10 07:09:02,897 [SCMBlockDeletingService#0] DEBUG block.SCMBlockDeletingService (SCMBlockDeletingService.java:call(155)) - Scanned deleted blocks log and got 0 delTX to process.
2019-09-10 07:09:02,998 [SCMBlockDeletingService#0] DEBUG block.SCMBlockDeletingService (SCMBlockDeletingService.java:call(138)) - Running DeletedBlockTransactionScanner
2019-09-10 07:09:02,998 [SCMBlockDeletingService#0] DEBUG block.SCMBlockDeletingService (SCMBlockDeletingService.java:call(155)) - Scanned deleted blocks log and got 0 delTX to process.
2019-09-10 07:09:03,098 [SCMBlockDeletingService#0] DEBUG block.SCMBlockDeletingService (SCMBlockDeletingService.java:call(138)) - Running DeletedBlockTransactionScanner
2019-09-10 07:09:03,099 [SCMBlockDeletingService#0] DEBUG block.SCMBlockDeletingService (SCMBlockDeletingService.java:call(155)) - Scanned deleted blocks log and got 0 delTX to process.
2019-09-10 07:09:03,199 [SCMBlockDeletingService#0] DEBUG block.SCMBlockDeletingService (SCMBlockDeletingService.java:call(138)) - Running DeletedBlockTransactionScanner
2019-09-10 07:09:03,199 [SCMBlockDeletingService#0] DEBUG block.SCMBlockDeletingService (SCMBlockDeletingService.java:call(155)) - Scanned deleted blocks log and got 0 delTX to process.
2019-09-10 07:09:03,300 [SCMBlockDeletingService#0] DEBUG block.SCMBlockDeletingService (SCMBlockDeletingService.java:call(138)) - Running DeletedBlockTransactionScanner
2019-09-10 07:09:03,300 [SCMBlockDeletingService#0] DEBUG block.SCMBlockDeletingService (SCMBlockDeletingService.java:call(155)) - Scanned deleted blocks log and got 0 delTX to process.
2019-09-10 07:09:03,400 [SCMBlockDeletingService#0] DEBUG block.SCMBlockDeletingService (SCMBlockDeletingService.java:call(138)) - Running DeletedBlockTransactionScanner
2019-09-10 07:09:03,400 [SCMBlockDeletingService#0] DEBUG block.SCMBlockDeletingService (SCMBlockDeletingService.java:call(155)) - Scanned deleted blocks log and got 0 delTX to process.
2019-09-10 07:09:03,501 [SCMBlockDeletingService#0] DEBUG block.SCMBlockDeletingService (SCMBlockDeletingService.java:call(138)) - Running DeletedBlockTransactionScanner
2019-09-10 07:09:03,501 [SCMBlockDeletingService#0] DEBUG block.SCMBlockDeletingService (SCMBlockDeletingService.java:call(155)) - Scanned deleted blocks log and got 0 delTX to process.
2019-09-10 07:09:03,601 [SCMBlockDeletingService#0] DEBUG block.SCMBlockDeletingService (SCMBlockDeletingService.java:call(138)) - Running DeletedBlockTransactionScanner
2019-09-10 07:09:03,601 [SCMBlockDeletingService#0] DEBUG block.SCMBlockDeletingService (SCMBlockDeletingService.java:call(155)) - Scanned deleted blocks log and got 0 delTX to process.
2019-09-10 07:09:03,702 [SCMBlockDeletingService#0] DEBUG block.SCMBlockDeletingService (SCMBlockDeletingService.java:call(138)) - Running DeletedBlockTransactionScanner
2019-09-10 07:09:03,702 [SCMBlockDeletingService#0] DEBUG block.SCMBlockDeletingService (SCMBlockDeletingService.java:call(155)) - Scanned deleted blocks log and got 0 delTX to process.
2019-09-10 07:09:03,802 [SCMBlockDeletingService#0] DEBUG block.SCMBlockDeletingService (SCMBlockDeletingService.java:call(138)) - Running DeletedBlockTransactionScanner
2019-09-10 07:09:03,803 [SCMBlockDeletingService#0] DEBUG block.SCMBlockDeletingService (SCMBlockDeletingService.java:call(155)) - Scanned deleted blocks log and got 0 delTX to process.
2019-09-10 07:09:03,903 [SCMBlockDeletingService#0] DEBUG block.SCMBlockDeletingService (SCMBlockDeletingService.java:call(138)) - Running DeletedBlockTransactionScanner
2019-09-10 07:09:03,903 [SCMBlockDeletingService#0] DEBUG block.SCMBlockDeletingService (SCMBlockDeletingService.java:call(155)) - Scanned deleted blocks log and got 0 delTX to process.
2019-09-10 07:09:04,003 [SCMBlockDeletingService#0] DEBUG block.SCMBlockDeletingService (SCMBlockDeletingService.java:call(138)) - Running DeletedBlockTransactionScanner
2019-09-10 07:09:04,004 [SCMBlockDeletingService#0] DEBUG block.SCMBlockDeletingService (SCMBlockDeletingService.java:call(155)) - Scanned deleted blocks log and got 0 delTX to process.
2019-09-10 07:09:04,104 [SCMBlockDeletingService#0] DEBUG block.SCMBlockDeletingService (SCMBlockDeletingService.java:call(138)) - Running DeletedBlockTransactionScanner
2019-09-10 07:09:04,104 [SCMBlockDeletingService#0] DEBUG block.SCMBlockDeletingService (SCMBlockDeletingService.java:call(155)) - Scanned deleted blocks log and got 0 delTX to process.
2019-09-10 07:09:04,205 [SCMBlockDeletingService#0] DEBUG block.SCMBlockDeletingService (SCMBlockDeletingService.java:call(138)) - Running DeletedBlockTransactionScanner
2019-09-10 07:09:04,205 [SCMBlockDeletingService#0] DEBUG block.SCMBlockDeletingService (SCMBlockDeletingService.java:call(155)) - Scanned deleted blocks log and got 0 delTX to process.
2019-09-10 07:09:04,305 [SCMBlockDeletingService#0] DEBUG block.SCMBlockDeletingService (SCMBlockDeletingService.java:call(138)) - Running DeletedBlockTransactionScanner
2019-09-10 07:09:04,305 [SCMBlockDeletingService#0] DEBUG block.SCMBlockDeletingService (SCMBlockDeletingService.java:call(155)) - Scanned deleted blocks log and got 0 delTX to process.
2019-09-10 07:09:04,406 [SCMBlockDeletingService#0] DEBUG block.SCMBlockDeletingService (SCMBlockDeletingService.java:call(138)) - Running DeletedBlockTransactionScanner
2019-09-10 07:09:04,406 [SCMBlockDeletingService#0] DEBUG block.SCMBlockDeletingService (SCMBlockDeletingService.java:call(155)) - Scanned deleted blocks log and got 0 delTX to process.
2019-09-10 07:09:04,506 [SCMBlockDeletingService#0] DEBUG block.SCMBlockDeletingService (SCMBlockDeletingService.java:call(138)) - Running DeletedBlockTransactionScanner
2019-09-10 07:09:04,507 [SCMBlockDeletingService#0] DEBUG block.SCMBlockDeletingService (SCMBlockDeletingService.java:call(155)) - Scanned deleted blocks log and got 0 delTX to process.
2019-09-10 07:09:04,607 [SCMBlockDeletingService#0] DEBUG block.SCMBlockDeletingService (SCMBlockDeletingService.java:call(138)) - Running DeletedBlockTransactionScanner
2019-09-10 07:09:04,607 [SCMBlockDeletingService#0] DEBUG block.SCMBlockDeletingService (SCMBlockDeletingService.java:call(155)) - Scanned deleted blocks log and got 0 delTX to process.
2019-09-10 07:09:04,708 [SCMBlockDeletingService#0] DEBUG block.SCMBlockDeletingService (SCMBlockDeletingService.java:call(138)) - Running DeletedBlockTransactionScanner
2019-09-10 07:09:04,708 [SCMBlockDeletingService#0] DEBUG block.SCMBlockDeletingService (SCMBlockDeletingService.java:call(155)) - Scanned deleted blocks log and got 0 delTX to process.
2019-09-10 07:09:04,808 [SCMBlockDeletingService#0] DEBUG block.SCMBlockDeletingService (SCMBlockDeletingService.java:call(138)) - Running DeletedBlockTransactionScanner
2019-09-10 07:09:04,808 [SCMBlockDeletingService#0] DEBUG block.SCMBlockDeletingService (SCMBlockDeletingService.java:call(155)) - Scanned deleted blocks log and got 0 delTX to process.
2019-09-10 07:09:04,909 [SCMBlockDeletingService#0] DEBUG block.SCMBlockDeletingService (SCMBlockDeletingService.java:call(138)) - Running DeletedBlockTransactionScanner
2019-09-10 07:09:04,909 [SCMBlockDeletingService#0] DEBUG block.SCMBlockDeletingService (SCMBlockDeletingService.java:call(155)) - Scanned deleted blocks log and got 0 delTX to process.
2019-09-10 07:09:05,009 [SCMBlockDeletingService#0] DEBUG block.SCMBlockDeletingService (SCMBlockDeletingService.java:call(138)) - Running DeletedBlockTransactionScanner
2019-09-10 07:09:05,010 [SCMBlockDeletingService#0] DEBUG block.SCMBlockDeletingService (SCMBlockDeletingService.java:call(155)) - Scanned deleted blocks log and got 0 delTX to process.
2019-09-10 07:09:05,110 [SCMBlockDeletingService#0] DEBUG block.SCMBlockDeletingService (SCMBlockDeletingService.java:call(138)) - Running DeletedBlockTransactionScanner
2019-09-10 07:09:05,111 [SCMBlockDeletingService#0] DEBUG block.SCMBlockDeletingService (SCMBlockDeletingService.java:call(155)) - Scanned deleted blocks log and got 0 delTX to process.
2019-09-10 07:09:05,211 [SCMBlockDeletingService#0] DEBUG block.SCMBlockDeletingService (SCMBlockDeletingService.java:call(138)) - Running DeletedBlockTransactionScanner
2019-09-10 07:09:05,211 [SCMBlockDeletingService#0] DEBUG block.SCMBlockDeletingService (SCMBlockDeletingService.java:call(155)) - Scanned deleted blocks log and got 0 delTX to process.
2019-09-10 07:09:05,311 [SCMBlockDeletingService#0] DEBUG block.SCMBlockDeletingService (SCMBlockDeletingService.java:call(138)) - Running DeletedBlockTransactionScanner
2019-09-10 07:09:05,312 [SCMBlockDeletingService#0] DEBUG block.SCMBlockDeletingService (SCMBlockDeletingService.java:call(155)) - Scanned deleted blocks log and got 0 delTX to process.
2019-09-10 07:09:05,412 [SCMBlockDeletingService#0] DEBUG block.SCMBlockDeletingService (SCMBlockDeletingService.java:call(138)) - Running DeletedBlockTransactionScanner
2019-09-10 07:09:05,412 [SCMBlockDeletingService#0] DEBUG block.SCMBlockDeletingService (SCMBlockDeletingService.java:call(155)) - Scanned deleted blocks log and got 0 delTX to process.
2019-09-10 07:09:05,512 [SCMBlockDeletingService#0] DEBUG block.SCMBlockDeletingService (SCMBlockDeletingService.java:call(138)) - Running DeletedBlockTransactionScanner
2019-09-10 07:09:05,513 [SCMBlockDeletingService#0] DEBUG block.SCMBlockDeletingService (SCMBlockDeletingService.java:call(155)) - Scanned deleted blocks log and got 0 delTX to process.
2019-09-10 07:09:05,613 [SCMBlockDeletingService#0] DEBUG block.SCMBlockDeletingService (SCMBlockDeletingService.java:call(138)) - Running DeletedBlockTransactionScanner
2019-09-10 07:09:05,613 [SCMBlockDeletingService#0] DEBUG block.SCMBlockDeletingService (SCMBlockDeletingService.java:call(155)) - Scanned deleted blocks log and got 0 delTX to process.
2019-09-10 07:09:05,713 [SCMBlockDeletingService#0] DEBUG block.SCMBlockDeletingService (SCMBlockDeletingService.java:call(138)) - Running DeletedBlockTransactionScanner
2019-09-10 07:09:05,714 [SCMBlockDeletingService#0] DEBUG block.SCMBlockDeletingService (SCMBlockDeletingService.java:call(155)) - Scanned deleted blocks log and got 0 delTX to process.
2019-09-10 07:09:05,814 [SCMBlockDeletingService#0] DEBUG block.SCMBlockDeletingService (SCMBlockDeletingService.java:call(138)) - Running DeletedBlockTransactionScanner
2019-09-10 07:09:05,814 [SCMBlockDeletingService#0] DEBUG block.SCMBlockDeletingService (SCMBlockDeletingService.java:call(155)) - Scanned deleted blocks log and got 0 delTX to process.
2019-09-10 07:09:05,915 [SCMBlockDeletingService#0] DEBUG block.SCMBlockDeletingService (SCMBlockDeletingService.java:call(138)) - Running DeletedBlockTransactionScanner
2019-09-10 07:09:05,915 [SCMBlockDeletingService#0] DEBUG block.SCMBlockDeletingService (SCMBlockDeletingService.java:call(155)) - Scanned deleted blocks log and got 0 delTX to process.
2019-09-10 07:09:06,016 [SCMBlockDeletingService#0] DEBUG block.SCMBlockDeletingService (SCMBlockDeletingService.java:call(138)) - Running DeletedBlockTransactionScanner
2019-09-10 07:09:06,016 [SCMBlockDeletingService#0] DEBUG block.SCMBlockDeletingService (SCMBlockDeletingService.java:call(155)) - Scanned deleted blocks log and got 0 delTX to process.
2019-09-10 07:09:06,116 [SCMBlockDeletingService#0] DEBUG block.SCMBlockDeletingService (SCMBlockDeletingService.java:call(138)) - Running DeletedBlockTransactionScanner
2019-09-10 07:09:06,116 [SCMBlockDeletingService#0] DEBUG block.SCMBlockDeletingService (SCMBlockDeletingService.java:call(155)) - Scanned deleted blocks log and got 0 delTX to process.
2019-09-10 07:09:06,217 [SCMBlockDeletingService#0] DEBUG block.SCMBlockDeletingService (SCMBlockDeletingService.java:call(138)) - Running DeletedBlockTransactionScanner
2019-09-10 07:09:06,217 [SCMBlockDeletingService#0] DEBUG block.SCMBlockDeletingService (SCMBlockDeletingService.java:call(155)) - Scanned deleted blocks log and got 0 delTX to process.
2019-09-10 07:09:06,318 [SCMBlockDeletingService#0] DEBUG block.SCMBlockDeletingService (SCMBlockDeletingService.java:call(138)) - Running DeletedBlockTransactionScanner
2019-09-10 07:09:06,318 [SCMBlockDeletingService#0] DEBUG block.SCMBlockDeletingService (SCMBlockDeletingService.java:call(155)) - Scanned deleted blocks log and got 0 delTX to process.
2019-09-10 07:09:06,419 [SCMBlockDeletingService#0] DEBUG block.SCMBlockDeletingService (SCMBlockDeletingService.java:call(138)) - Running DeletedBlockTransactionScanner
2019-09-10 07:09:06,419 [SCMBlockDeletingService#0] DEBUG block.SCMBlockDeletingService (SCMBlockDeletingService.java:call(155)) - Scanned deleted blocks log and got 0 delTX to process.
2019-09-10 07:09:06,519 [SCMBlockDeletingService#0] DEBUG block.SCMBlockDeletingService (SCMBlockDeletingService.java:call(138)) - Running DeletedBlockTransactionScanner
2019-09-10 07:09:06,520 [SCMBlockDeletingService#0] DEBUG block.SCMBlockDeletingService (SCMBlockDeletingService.java:call(155)) - Scanned deleted blocks log and got 0 delTX to process.
2019-09-10 07:09:06,620 [SCMBlockDeletingService#0] DEBUG block.SCMBlockDeletingService (SCMBlockDeletingService.java:call(138)) - Running DeletedBlockTransactionScanner
2019-09-10 07:09:06,620 [SCMBlockDeletingService#0] DEBUG block.SCMBlockDeletingService (SCMBlockDeletingService.java:call(155)) - Scanned deleted blocks log and got 0 delTX to process.
2019-09-10 07:09:06,721 [SCMBlockDeletingService#0] DEBUG block.SCMBlockDeletingService (SCMBlockDeletingService.java:call(138)) - Running DeletedBlockTransactionScanner
2019-09-10 07:09:06,721 [SCMBlockDeletingService#0] DEBUG block.SCMBlockDeletingService (SCMBlockDeletingService.java:call(155)) - Scanned deleted blocks log and got 0 delTX to process.
2019-09-10 07:09:06,821 [SCMBlockDeletingService#0] DEBUG block.SCMBlockDeletingService (SCMBlockDeletingService.java:call(138)) - Running DeletedBlockTransactionScanner
2019-09-10 07:09:06,821 [SCMBlockDeletingService#0] DEBUG block.SCMBlockDeletingService (SCMBlockDeletingService.java:call(155)) - Scanned deleted blocks log and got 0 delTX to process.
2019-09-10 07:09:06,922 [SCMBlockDeletingService#0] DEBUG block.SCMBlockDeletingService (SCMBlockDeletingService.java:call(138)) - Running DeletedBlockTransactionScanner
2019-09-10 07:09:06,922 [SCMBlockDeletingService#0] DEBUG block.SCMBlockDeletingService (SCMBlockDeletingService.java:call(155)) - Scanned deleted blocks log and got 0 delTX to process.
2019-09-10 07:09:07,022 [SCMBlockDeletingService#0] DEBUG block.SCMBlockDeletingService (SCMBlockDeletingService.java:call(138)) - Running DeletedBlockTransactionScanner
2019-09-10 07:09:07,022 [SCMBlockDeletingService#0] DEBUG block.SCMBlockDeletingService (SCMBlockDeletingService.java:call(155)) - Scanned deleted blocks log and got 0 delTX to process.
2019-09-10 07:09:07,123 [SCMBlockDeletingService#0] DEBUG block.SCMBlockDeletingService (SCMBlockDeletingService.java:call(138)) - Running DeletedBlockTransactionScanner
2019-09-10 07:09:07,123 [SCMBlockDeletingService#0] DEBUG block.SCMBlockDeletingService (SCMBlockDeletingService.java:call(155)) - Scanned deleted blocks log and got 0 delTX to process.
2019-09-10 07:09:07,223 [SCMBlockDeletingService#0] DEBUG block.SCMBlockDeletingService (SCMBlockDeletingService.java:call(138)) - Running DeletedBlockTransactionScanner
2019-09-10 07:09:07,224 [SCMBlockDeletingService#0] DEBUG block.SCMBlockDeletingService (SCMBlockDeletingService.java:call(155)) - Scanned deleted blocks log and got 0 delTX to process.
2019-09-10 07:09:07,324 [SCMBlockDeletingService#0] DEBUG block.SCMBlockDeletingService (SCMBlockDeletingService.java:call(138)) - Running DeletedBlockTransactionScanner
2019-09-10 07:09:07,324 [SCMBlockDeletingService#0] DEBUG block.SCMBlockDeletingService (SCMBlockDeletingService.java:call(155)) - Scanned deleted blocks log and got 0 delTX to process.
2019-09-10 07:09:07,425 [SCMBlockDeletingService#0] DEBUG block.SCMBlockDeletingService (SCMBlockDeletingService.java:call(138)) - Running DeletedBlockTransactionScanner
2019-09-10 07:09:07,425 [SCMBlockDeletingService#0] DEBUG block.SCMBlockDeletingService (SCMBlockDeletingService.java:call(155)) - Scanned deleted blocks log and got 0 delTX to process.
2019-09-10 07:09:07,525 [SCMBlockDeletingService#0] DEBUG block.SCMBlockDeletingService (SCMBlockDeletingService.java:call(138)) - Running DeletedBlockTransactionScanner
2019-09-10 07:09:07,525 [SCMBlockDeletingService#0] DEBUG block.SCMBlockDeletingService (SCMBlockDeletingService.java:call(155)) - Scanned deleted blocks log and got 0 delTX to process.
2019-09-10 07:09:07,626 [SCMBlockDeletingService#0] DEBUG block.SCMBlockDeletingService (SCMBlockDeletingService.java:call(138)) - Running DeletedBlockTransactionScanner
2019-09-10 07:09:07,626 [SCMBlockDeletingService#0] DEBUG block.SCMBlockDeletingService (SCMBlockDeletingService.java:call(155)) - Scanned deleted blocks log and got 0 delTX to process.
2019-09-10 07:09:07,726 [SCMBlockDeletingService#0] DEBUG block.SCMBlockDeletingService (SCMBlockDeletingService.java:call(138)) - Running DeletedBlockTransactionScanner
2019-09-10 07:09:07,726 [SCMBlockDeletingService#0] DEBUG block.SCMBlockDeletingService (SCMBlockDeletingService.java:call(155)) - Scanned deleted blocks log and got 0 delTX to process.
2019-09-10 07:09:07,827 [SCMBlockDeletingService#0] DEBUG block.SCMBlockDeletingService (SCMBlockDeletingService.java:call(138)) - Running DeletedBlockTransactionScanner
2019-09-10 07:09:07,827 [SCMBlockDeletingService#0] DEBUG block.SCMBlockDeletingService (SCMBlockDeletingService.java:call(155)) - Scanned deleted blocks log and got 0 delTX to process.
2019-09-10 07:09:07,927 [SCMBlockDeletingService#0] DEBUG block.SCMBlockDeletingService (SCMBlockDeletingService.java:call(138)) - Running DeletedBlockTransactionScanner
2019-09-10 07:09:07,927 [SCMBlockDeletingService#0] DEBUG block.SCMBlockDeletingService (SCMBlockDeletingService.java:call(155)) - Scanned deleted blocks log and got 0 delTX to process.
2019-09-10 07:09:08,028 [SCMBlockDeletingService#0] DEBUG block.SCMBlockDeletingService (SCMBlockDeletingService.java:call(138)) - Running DeletedBlockTransactionScanner
2019-09-10 07:09:08,028 [SCMBlockDeletingService#0] DEBUG block.SCMBlockDeletingService (SCMBlockDeletingService.java:call(155)) - Scanned deleted blocks log and got 0 delTX to process.
2019-09-10 07:09:08,128 [SCMBlockDeletingService#0] DEBUG block.SCMBlockDeletingService (SCMBlockDeletingService.java:call(138)) - Running DeletedBlockTransactionScanner
2019-09-10 07:09:08,129 [SCMBlockDeletingService#0] DEBUG block.SCMBlockDeletingService (SCMBlockDeletingService.java:call(155)) - Scanned deleted blocks log and got 0 delTX to process.
2019-09-10 07:09:08,229 [SCMBlockDeletingService#0] DEBUG block.SCMBlockDeletingService (SCMBlockDeletingService.java:call(138)) - Running DeletedBlockTransactionScanner
2019-09-10 07:09:08,229 [SCMBlockDeletingService#0] DEBUG block.SCMBlockDeletingService (SCMBlockDeletingService.java:call(155)) - Scanned deleted blocks log and got 0 delTX to process.
2019-09-10 07:09:08,330 [SCMBlockDeletingService#0] DEBUG block.SCMBlockDeletingService (SCMBlockDeletingService.java:call(138)) - Running DeletedBlockTransactionScanner
2019-09-10 07:09:08,330 [SCMBlockDeletingService#0] DEBUG block.SCMBlockDeletingService (SCMBlockDeletingService.java:call(155)) - Scanned deleted blocks log and got 0 delTX to process.
2019-09-10 07:09:08,430 [SCMBlockDeletingService#1] DEBUG block.SCMBlockDeletingService (SCMBlockDeletingService.java:call(138)) - Running DeletedBlockTransactionScanner
2019-09-10 07:09:08,430 [SCMBlockDeletingService#1] DEBUG block.SCMBlockDeletingService (SCMBlockDeletingService.java:call(155)) - Scanned deleted blocks log and got 0 delTX to process.
2019-09-10 07:09:08,531 [SCMBlockDeletingService#0] DEBUG block.SCMBlockDeletingService (SCMBlockDeletingService.java:call(138)) - Running DeletedBlockTransactionScanner
2019-09-10 07:09:08,531 [SCMBlockDeletingService#0] DEBUG block.SCMBlockDeletingService (SCMBlockDeletingService.java:call(155)) - Scanned deleted blocks log and got 0 delTX to process.
2019-09-10 07:09:08,631 [SCMBlockDeletingService#0] DEBUG block.SCMBlockDeletingService (SCMBlockDeletingService.java:call(138)) - Running DeletedBlockTransactionScanner
2019-09-10 07:09:08,631 [SCMBlockDeletingService#0] DEBUG block.SCMBlockDeletingService (SCMBlockDeletingService.java:call(155)) - Scanned deleted blocks log and got 0 delTX to process.
2019-09-10 07:09:08,732 [SCMBlockDeletingService#0] DEBUG block.SCMBlockDeletingService (SCMBlockDeletingService.java:call(138)) - Running DeletedBlockTransactionScanner
2019-09-10 07:09:08,732 [SCMBlockDeletingService#0] DEBUG block.SCMBlockDeletingService (SCMBlockDeletingService.java:call(155)) - Scanned deleted blocks log and got 0 delTX to process.
2019-09-10 07:09:08,832 [SCMBlockDeletingService#0] DEBUG block.SCMBlockDeletingService (SCMBlockDeletingService.java:call(138)) - Running DeletedBlockTransactionScanner
2019-09-10 07:09:08,833 [SCMBlockDeletingService#0] DEBUG block.SCMBlockDeletingService (SCMBlockDeletingService.java:call(155)) - Scanned deleted blocks log and got 0 delTX to process.
2019-09-10 07:09:08,933 [SCMBlockDeletingService#0] DEBUG block.SCMBlockDeletingService (SCMBlockDeletingService.java:call(138)) - Running DeletedBlockTransactionScanner
2019-09-10 07:09:08,933 [SCMBlockDeletingService#0] DEBUG block.SCMBlockDeletingService (SCMBlockDeletingService.java:call(155)) - Scanned deleted blocks log and got 0 delTX to process.
2019-09-10 07:09:09,033 [SCMBlockDeletingService#1] DEBUG block.SCMBlockDeletingService (SCMBlockDeletingService.java:call(138)) - Running DeletedBlockTransactionScanner
2019-09-10 07:09:09,034 [SCMBlockDeletingService#1] DEBUG block.SCMBlockDeletingService (SCMBlockDeletingService.java:call(155)) - Scanned deleted blocks log and got 0 delTX to process.
2019-09-10 07:09:09,134 [SCMBlockDeletingService#1] DEBUG block.SCMBlockDeletingService (SCMBlockDeletingService.java:call(138)) - Running DeletedBlockTransactionScanner
2019-09-10 07:09:09,134 [SCMBlockDeletingService#1] DEBUG block.SCMBlockDeletingService (SCMBlockDeletingService.java:call(155)) - Scanned deleted blocks log and got 0 delTX to process.
2019-09-10 07:09:09,234 [SCMBlockDeletingService#0] DEBUG block.SCMBlockDeletingService (SCMBlockDeletingService.java:call(138)) - Running DeletedBlockTransactionScanner
2019-09-10 07:09:09,235 [SCMBlockDeletingService#0] DEBUG block.SCMBlockDeletingService (SCMBlockDeletingService.java:call(155)) - Scanned deleted blocks log and got 0 delTX to process.
2019-09-10 07:09:09,335 [SCMBlockDeletingService#0] DEBUG block.SCMBlockDeletingService (SCMBlockDeletingService.java:call(138)) - Running DeletedBlockTransactionScanner
2019-09-10 07:09:09,335 [SCMBlockDeletingService#0] DEBUG block.SCMBlockDeletingService (SCMBlockDeletingService.java:call(155)) - Scanned deleted blocks log and got 0 delTX to process.
2019-09-10 07:09:09,435 [SCMBlockDeletingService#0] DEBUG block.SCMBlockDeletingService (SCMBlockDeletingService.java:call(138)) - Running DeletedBlockTransactionScanner
2019-09-10 07:09:09,436 [SCMBlockDeletingService#0] DEBUG block.SCMBlockDeletingService (SCMBlockDeletingService.java:call(155)) - Scanned deleted blocks log and got 0 delTX to process.
2019-09-10 07:09:09,536 [SCMBlockDeletingService#0] DEBUG block.SCMBlockDeletingService (SCMBlockDeletingService.java:call(138)) - Running DeletedBlockTransactionScanner
2019-09-10 07:09:09,536 [SCMBlockDeletingService#0] DEBUG block.SCMBlockDeletingService (SCMBlockDeletingService.java:call(155)) - Scanned deleted blocks log and got 0 delTX to process.
2019-09-10 07:09:09,637 [SCMBlockDeletingService#0] DEBUG block.SCMBlockDeletingService (SCMBlockDeletingService.java:call(138)) - Running DeletedBlockTransactionScanner
2019-09-10 07:09:09,637 [SCMBlockDeletingService#0] DEBUG block.SCMBlockDeletingService (SCMBlockDeletingService.java:call(155)) - Scanned deleted blocks log and got 0 delTX to process.
2019-09-10 07:09:09,738 [SCMBlockDeletingService#0] DEBUG block.SCMBlockDeletingService (SCMBlockDeletingService.java:call(138)) - Running DeletedBlockTransactionScanner
2019-09-10 07:09:09,738 [SCMBlockDeletingService#0] DEBUG block.SCMBlockDeletingService (SCMBlockDeletingService.java:call(155)) - Scanned deleted blocks log and got 0 delTX to process.
2019-09-10 07:09:09,838 [SCMBlockDeletingService#0] DEBUG block.SCMBlockDeletingService (SCMBlockDeletingService.java:call(138)) - Running DeletedBlockTransactionScanner
2019-09-10 07:09:09,838 [SCMBlockDeletingService#0] DEBUG block.SCMBlockDeletingService (SCMBlockDeletingService.java:call(155)) - Scanned deleted blocks log and got 0 delTX to process.
2019-09-10 07:09:09,939 [SCMBlockDeletingService#0] DEBUG block.SCMBlockDeletingService (SCMBlockDeletingService.java:call(138)) - Running DeletedBlockTransactionScanner
2019-09-10 07:09:09,939 [SCMBlockDeletingService#0] DEBUG block.SCMBlockDeletingService (SCMBlockDeletingService.java:call(155)) - Scanned deleted blocks log and got 0 delTX to process.
2019-09-10 07:09:10,040 [SCMBlockDeletingService#0] DEBUG block.SCMBlockDeletingService (SCMBlockDeletingService.java:call(138)) - Running DeletedBlockTransactionScanner
2019-09-10 07:09:10,040 [SCMBlockDeletingService#0] DEBUG block.SCMBlockDeletingService (SCMBlockDeletingService.java:call(155)) - Scanned deleted blocks log and got 0 delTX to process.
2019-09-10 07:09:10,140 [SCMBlockDeletingService#0] DEBUG block.SCMBlockDeletingService (SCMBlockDeletingService.java:call(138)) - Running DeletedBlockTransactionScanner
2019-09-10 07:09:10,140 [SCMBlockDeletingService#0] DEBUG block.SCMBlockDeletingService (SCMBlockDeletingService.java:call(155)) - Scanned deleted blocks log and got 0 delTX to process.
2019-09-10 07:09:10,241 [SCMBlockDeletingService#0] DEBUG block.SCMBlockDeletingService (SCMBlockDeletingService.java:call(138)) - Running DeletedBlockTransactionScanner
2019-09-10 07:09:10,241 [SCMBlockDeletingService#0] DEBUG block.SCMBlockDeletingService (SCMBlockDeletingService.java:call(155)) - Scanned deleted blocks log and got 0 delTX to process.
2019-09-10 07:09:10,341 [SCMBlockDeletingService#0] DEBUG block.SCMBlockDeletingService (SCMBlockDeletingService.java:call(138)) - Running DeletedBlockTransactionScanner
2019-09-10 07:09:10,342 [SCMBlockDeletingService#0] DEBUG block.SCMBlockDeletingService (SCMBlockDeletingService.java:call(155)) - Scanned deleted blocks log and got 0 delTX to process.
2019-09-10 07:09:10,442 [SCMBlockDeletingService#0] DEBUG block.SCMBlockDeletingService (SCMBlockDeletingService.java:call(138)) - Running DeletedBlockTransactionScanner
2019-09-10 07:09:10,442 [SCMBlockDeletingService#0] DEBUG block.SCMBlockDeletingService (SCMBlockDeletingService.java:call(155)) - Scanned deleted blocks log and got 0 delTX to process.
2019-09-10 07:09:10,543 [SCMBlockDeletingService#0] DEBUG block.SCMBlockDeletingService (SCMBlockDeletingService.java:call(138)) - Running DeletedBlockTransactionScanner
2019-09-10 07:09:10,543 [SCMBlockDeletingService#0] DEBUG block.SCMBlockDeletingService (SCMBlockDeletingService.java:call(155)) - Scanned deleted blocks log and got 0 delTX to process.
2019-09-10 07:09:10,643 [SCMBlockDeletingService#0] DEBUG block.SCMBlockDeletingService (SCMBlockDeletingService.java:call(138)) - Running DeletedBlockTransactionScanner
2019-09-10 07:09:10,643 [SCMBlockDeletingService#0] DEBUG block.SCMBlockDeletingService (SCMBlockDeletingService.java:call(155)) - Scanned deleted blocks log and got 0 delTX to process.
2019-09-10 07:09:10,744 [SCMBlockDeletingService#0] DEBUG block.SCMBlockDeletingService (SCMBlockDeletingService.java:call(138)) - Running DeletedBlockTransactionScanner
2019-09-10 07:09:10,744 [SCMBlockDeletingService#0] DEBUG block.SCMBlockDeletingService (SCMBlockDeletingService.java:call(155)) - Scanned deleted blocks log and got 0 delTX to process.
2019-09-10 07:09:10,844 [SCMBlockDeletingService#0] DEBUG block.SCMBlockDeletingService (SCMBlockDeletingService.java:call(138)) - Running DeletedBlockTransactionScanner
2019-09-10 07:09:10,844 [SCMBlockDeletingService#0] DEBUG block.SCMBlockDeletingService (SCMBlockDeletingService.java:call(155)) - Scanned deleted blocks log and got 0 delTX to process.
2019-09-10 07:09:10,945 [SCMBlockDeletingService#0] DEBUG block.SCMBlockDeletingService (SCMBlockDeletingService.java:call(138)) - Running DeletedBlockTransactionScanner
2019-09-10 07:09:10,945 [SCMBlockDeletingService#0] DEBUG block.SCMBlockDeletingService (SCMBlockDeletingService.java:call(155)) - Scanned deleted blocks log and got 0 delTX to process.
2019-09-10 07:09:11,045 [SCMBlockDeletingService#0] DEBUG block.SCMBlockDeletingService (SCMBlockDeletingService.java:call(138)) - Running DeletedBlockTransactionScanner
2019-09-10 07:09:11,046 [SCMBlockDeletingService#0] DEBUG block.SCMBlockDeletingService (SCMBlockDeletingService.java:call(155)) - Scanned deleted blocks log and got 0 delTX to process.
2019-09-10 07:09:11,146 [SCMBlockDeletingService#0] DEBUG block.SCMBlockDeletingService (SCMBlockDeletingService.java:call(138)) - Running DeletedBlockTransactionScanner
2019-09-10 07:09:11,146 [SCMBlockDeletingService#0] DEBUG block.SCMBlockDeletingService (SCMBlockDeletingService.java:call(155)) - Scanned deleted blocks log and got 0 delTX to process.
2019-09-10 07:09:11,247 [SCMBlockDeletingService#0] DEBUG block.SCMBlockDeletingService (SCMBlockDeletingService.java:call(138)) - Running DeletedBlockTransactionScanner
2019-09-10 07:09:11,247 [SCMBlockDeletingService#0] DEBUG block.SCMBlockDeletingService (SCMBlockDeletingService.java:call(155)) - Scanned deleted blocks log and got 0 delTX to process.
2019-09-10 07:09:11,347 [SCMBlockDeletingService#0] DEBUG block.SCMBlockDeletingService (SCMBlockDeletingService.java:call(138)) - Running DeletedBlockTransactionScanner
2019-09-10 07:09:11,348 [SCMBlockDeletingService#0] DEBUG block.SCMBlockDeletingService (SCMBlockDeletingService.java:call(155)) - Scanned deleted blocks log and got 0 delTX to process.
2019-09-10 07:09:11,448 [SCMBlockDeletingService#1] DEBUG block.SCMBlockDeletingService (SCMBlockDeletingService.java:call(138)) - Running DeletedBlockTransactionScanner
2019-09-10 07:09:11,448 [SCMBlockDeletingService#1] DEBUG block.SCMBlockDeletingService (SCMBlockDeletingService.java:call(155)) - Scanned deleted blocks log and got 0 delTX to process.
2019-09-10 07:09:11,549 [SCMBlockDeletingService#1] DEBUG block.SCMBlockDeletingService (SCMBlockDeletingService.java:call(138)) - Running DeletedBlockTransactionScanner
2019-09-10 07:09:11,549 [SCMBlockDeletingService#1] DEBUG block.SCMBlockDeletingService (SCMBlockDeletingService.java:call(155)) - Scanned deleted blocks log and got 0 delTX to process.
2019-09-10 07:09:11,649 [SCMBlockDeletingService#1] DEBUG block.SCMBlockDeletingService (SCMBlockDeletingService.java:call(138)) - Running DeletedBlockTransactionScanner
2019-09-10 07:09:11,649 [SCMBlockDeletingService#1] DEBUG block.SCMBlockDeletingService (SCMBlockDeletingService.java:call(155)) - Scanned deleted blocks log and got 0 delTX to process.
2019-09-10 07:09:11,750 [SCMBlockDeletingService#1] DEBUG block.SCMBlockDeletingService (SCMBlockDeletingService.java:call(138)) - Running DeletedBlockTransactionScanner
2019-09-10 07:09:11,750 [SCMBlockDeletingService#1] DEBUG block.SCMBlockDeletingService (SCMBlockDeletingService.java:call(155)) - Scanned deleted blocks log and got 0 delTX to process.
2019-09-10 07:09:11,850 [SCMBlockDeletingService#1] DEBUG block.SCMBlockDeletingService (SCMBlockDeletingService.java:call(138)) - Running DeletedBlockTransactionScanner
2019-09-10 07:09:11,850 [SCMBlockDeletingService#1] DEBUG block.SCMBlockDeletingService (SCMBlockDeletingService.java:call(155)) - Scanned deleted blocks log and got 0 delTX to process.
2019-09-10 07:09:11,951 [SCMBlockDeletingService#1] DEBUG block.SCMBlockDeletingService (SCMBlockDeletingService.java:call(138)) - Running DeletedBlockTransactionScanner
2019-09-10 07:09:11,951 [SCMBlockDeletingService#1] DEBUG block.SCMBlockDeletingService (SCMBlockDeletingService.java:call(155)) - Scanned deleted blocks log and got 0 delTX to process.
2019-09-10 07:09:12,051 [SCMBlockDeletingService#1] DEBUG block.SCMBlockDeletingService (SCMBlockDeletingService.java:call(138)) - Running DeletedBlockTransactionScanner
2019-09-10 07:09:12,052 [SCMBlockDeletingService#1] DEBUG block.SCMBlockDeletingService (SCMBlockDeletingService.java:call(155)) - Scanned deleted blocks log and got 0 delTX to process.
2019-09-10 07:09:12,111 [05f13708-5e6e-4ea1-a525-a3c8f7f54426@group-34B10843FE54-SegmentedRaftLogWorker] WARN  segmented.SegmentedRaftLogWorker (SegmentedRaftLogWorker.java:getFromFuture(90)) - Timeout 35/~
org.apache.ratis.protocol.TimeoutIOException: Timeout 10s: WriteLog:16: (t:1, i:16), STATEMACHINELOGENTRY, client-7F424F215E90, cid=11-writeStateMachineData
	at org.apache.ratis.util.IOUtils.getFromFuture(IOUtils.java:87)
	at org.apache.ratis.server.raftlog.segmented.SegmentedRaftLogWorker$StateMachineDataPolicy.getFromFuture(SegmentedRaftLogWorker.java:87)
	at org.apache.ratis.server.raftlog.segmented.SegmentedRaftLogWorker$WriteLog.execute(SegmentedRaftLogWorker.java:477)
	at org.apache.ratis.server.raftlog.segmented.SegmentedRaftLogWorker.run(SegmentedRaftLogWorker.java:289)
	at java.lang.Thread.run(Thread.java:748)
Caused by: java.util.concurrent.TimeoutException
	at java.util.concurrent.CompletableFuture.timedGet(CompletableFuture.java:1771)
	at java.util.concurrent.CompletableFuture.get(CompletableFuture.java:1915)
	at org.apache.ratis.util.IOUtils.getFromFuture(IOUtils.java:79)
	... 4 more
2019-09-10 07:09:12,152 [SCMBlockDeletingService#1] DEBUG block.SCMBlockDeletingService (SCMBlockDeletingService.java:call(138)) - Running DeletedBlockTransactionScanner
2019-09-10 07:09:12,152 [SCMBlockDeletingService#1] DEBUG block.SCMBlockDeletingService (SCMBlockDeletingService.java:call(155)) - Scanned deleted blocks log and got 0 delTX to process.
2019-09-10 07:09:12,253 [SCMBlockDeletingService#1] DEBUG block.SCMBlockDeletingService (SCMBlockDeletingService.java:call(138)) - Running DeletedBlockTransactionScanner
2019-09-10 07:09:12,253 [SCMBlockDeletingService#1] DEBUG block.SCMBlockDeletingService (SCMBlockDeletingService.java:call(155)) - Scanned deleted blocks log and got 0 delTX to process.
2019-09-10 07:09:12,353 [SCMBlockDeletingService#1] DEBUG block.SCMBlockDeletingService (SCMBlockDeletingService.java:call(138)) - Running DeletedBlockTransactionScanner
2019-09-10 07:09:12,353 [SCMBlockDeletingService#1] DEBUG block.SCMBlockDeletingService (SCMBlockDeletingService.java:call(155)) - Scanned deleted blocks log and got 0 delTX to process.
2019-09-10 07:09:12,372 [main] WARN  io.KeyOutputStream (KeyOutputStream.java:handleException(276)) - Encountered exception java.io.IOException: Unexpected Storage Container Exception: java.util.concurrent.CompletionException: java.util.concurrent.CompletionException: org.apache.ratis.protocol.RaftRetryFailureException: Failed RaftClientRequest:client-7F424F215E90->05f13708-5e6e-4ea1-a525-a3c8f7f54426@group-34B10843FE54, cid=9, seq=9*, RW, org.apache.hadoop.hdds.scm.XceiverClientRatis$$Lambda$334/1870054092@15668af7 for 180 attempts with RetryLimited(maxAttempts=180, sleepTime=1000ms) on the pipeline Pipeline[ Id: 50640c6e-e08a-4019-af62-34b10843fe54, Nodes: 05f13708-5e6e-4ea1-a525-a3c8f7f54426{ip: 192.168.36.76, host: trunk-nightly-20190910-vk757-903364635, networkLocation: /default-rack, certSerialId: null}, Type:RATIS, Factor:ONE, State:OPEN]. The last committed block length is 0, uncommitted data length is 2097152 retry count 0
2019-09-10 07:09:12,410 [IPC Server handler 0 on 44077] WARN  block.BlockManagerImpl (BlockManagerImpl.java:allocateBlock(192)) - Pipeline creation failed for type:RATIS factor:ONE. Retrying get pipelines call once.
org.apache.hadoop.hdds.scm.pipeline.InsufficientDatanodesException: Cannot create pipeline of factor 1 using 0 nodes.
	at org.apache.hadoop.hdds.scm.pipeline.RatisPipelineProvider.create(RatisPipelineProvider.java:152)
	at org.apache.hadoop.hdds.scm.pipeline.PipelineFactory.create(PipelineFactory.java:57)
	at org.apache.hadoop.hdds.scm.pipeline.SCMPipelineManager.createPipeline(SCMPipelineManager.java:151)
	at org.apache.hadoop.hdds.scm.block.BlockManagerImpl.allocateBlock(BlockManagerImpl.java:190)
	at org.apache.hadoop.hdds.scm.server.SCMBlockProtocolServer.allocateBlock(SCMBlockProtocolServer.java:182)
	at org.apache.hadoop.ozone.protocolPB.ScmBlockLocationProtocolServerSideTranslatorPB.allocateScmBlock(ScmBlockLocationProtocolServerSideTranslatorPB.java:183)
	at org.apache.hadoop.ozone.protocolPB.ScmBlockLocationProtocolServerSideTranslatorPB.processMessage(ScmBlockLocationProtocolServerSideTranslatorPB.java:141)
	at org.apache.hadoop.ozone.protocolPB.ScmBlockLocationProtocolServerSideTranslatorPB.send(ScmBlockLocationProtocolServerSideTranslatorPB.java:116)
	at org.apache.hadoop.hdds.protocol.proto.ScmBlockLocationProtocolProtos$ScmBlockLocationProtocolService$2.callBlockingMethod(ScmBlockLocationProtocolProtos.java:13157)
	at org.apache.hadoop.ipc.ProtobufRpcEngine$Server$ProtoBufRpcInvoker.call(ProtobufRpcEngine.java:524)
	at org.apache.hadoop.ipc.RPC$Server.call(RPC.java:1025)
	at org.apache.hadoop.ipc.Server$RpcCall.run(Server.java:876)
	at org.apache.hadoop.ipc.Server$RpcCall.run(Server.java:822)
	at java.security.AccessController.doPrivileged(Native Method)
	at javax.security.auth.Subject.doAs(Subject.java:422)
	at org.apache.hadoop.security.UserGroupInformation.doAs(UserGroupInformation.java:1730)
	at org.apache.hadoop.ipc.Server$Handler.run(Server.java:2682)
2019-09-10 07:09:12,411 [IPC Server handler 0 on 44077] INFO  block.BlockManagerImpl (BlockManagerImpl.java:allocateBlock(198)) - Could not find available pipeline of type:RATIS and factor:ONE even after retrying
2019-09-10 07:09:12,411 [IPC Server handler 0 on 44077] ERROR block.BlockManagerImpl (BlockManagerImpl.java:allocateBlock(222)) - Unable to allocate a block for the size: 4194304, type: RATIS, factor: ONE
2019-09-10 07:09:12,416 [main] ERROR io.BlockOutputStreamEntryPool (BlockOutputStreamEntryPool.java:allocateBlockIfNeeded(299)) - Try to allocate more blocks for write failed, already allocated 0 blocks for this write.
INTERNAL_ERROR org.apache.hadoop.ozone.om.exceptions.OMException: Allocated 0 blocks. Requested 1 blocks
	at org.apache.hadoop.ozone.om.protocolPB.OzoneManagerProtocolClientSideTranslatorPB.handleError(OzoneManagerProtocolClientSideTranslatorPB.java:725)
	at org.apache.hadoop.ozone.om.protocolPB.OzoneManagerProtocolClientSideTranslatorPB.allocateBlock(OzoneManagerProtocolClientSideTranslatorPB.java:757)
	at org.apache.hadoop.ozone.client.io.BlockOutputStreamEntryPool.allocateNewBlock(BlockOutputStreamEntryPool.java:248)
	at org.apache.hadoop.ozone.client.io.BlockOutputStreamEntryPool.allocateBlockIfNeeded(BlockOutputStreamEntryPool.java:296)
	at org.apache.hadoop.ozone.client.io.KeyOutputStream.handleWrite(KeyOutputStream.java:201)
	at org.apache.hadoop.ozone.client.io.KeyOutputStream.handleRetry(KeyOutputStream.java:376)
	at org.apache.hadoop.ozone.client.io.KeyOutputStream.handleException(KeyOutputStream.java:325)
	at org.apache.hadoop.ozone.client.io.KeyOutputStream.handleWrite(KeyOutputStream.java:231)
	at org.apache.hadoop.ozone.client.io.KeyOutputStream.write(KeyOutputStream.java:193)
	at org.apache.hadoop.ozone.client.io.OzoneOutputStream.write(OzoneOutputStream.java:49)
	at java.io.OutputStream.write(OutputStream.java:75)
	at org.apache.hadoop.ozone.container.common.statemachine.commandhandler.TestBlockDeletion.testBlockDeletion(TestBlockDeletion.java:140)
	at sun.reflect.NativeMethodAccessorImpl.invoke0(Native Method)
	at sun.reflect.NativeMethodAccessorImpl.invoke(NativeMethodAccessorImpl.java:62)
	at sun.reflect.DelegatingMethodAccessorImpl.invoke(DelegatingMethodAccessorImpl.java:43)
	at java.lang.reflect.Method.invoke(Method.java:498)
	at org.junit.runners.model.FrameworkMethod$1.runReflectiveCall(FrameworkMethod.java:47)
	at org.junit.internal.runners.model.ReflectiveCallable.run(ReflectiveCallable.java:12)
	at org.junit.runners.model.FrameworkMethod.invokeExplosively(FrameworkMethod.java:44)
	at org.junit.internal.runners.statements.InvokeMethod.evaluate(InvokeMethod.java:17)
	at org.junit.runners.ParentRunner.runLeaf(ParentRunner.java:271)
	at org.junit.runners.BlockJUnit4ClassRunner.runChild(BlockJUnit4ClassRunner.java:70)
	at org.junit.runners.BlockJUnit4ClassRunner.runChild(BlockJUnit4ClassRunner.java:50)
	at org.junit.runners.ParentRunner$3.run(ParentRunner.java:238)
	at org.junit.runners.ParentRunner$1.schedule(ParentRunner.java:63)
	at org.junit.runners.ParentRunner.runChildren(ParentRunner.java:236)
	at org.junit.runners.ParentRunner.access$000(ParentRunner.java:53)
	at org.junit.runners.ParentRunner$2.evaluate(ParentRunner.java:229)
	at org.junit.internal.runners.statements.RunBefores.evaluate(RunBefores.java:26)
	at org.junit.runners.ParentRunner.run(ParentRunner.java:309)
	at org.apache.maven.surefire.junit4.JUnit4Provider.execute(JUnit4Provider.java:365)
	at org.apache.maven.surefire.junit4.JUnit4Provider.executeWithRerun(JUnit4Provider.java:273)
	at org.apache.maven.surefire.junit4.JUnit4Provider.executeTestSet(JUnit4Provider.java:238)
	at org.apache.maven.surefire.junit4.JUnit4Provider.invoke(JUnit4Provider.java:159)
	at org.apache.maven.surefire.booter.ForkedBooter.invokeProviderInSameClassLoader(ForkedBooter.java:384)
	at org.apache.maven.surefire.booter.ForkedBooter.runSuitesInProcess(ForkedBooter.java:345)
	at org.apache.maven.surefire.booter.ForkedBooter.execute(ForkedBooter.java:126)
	at org.apache.maven.surefire.booter.ForkedBooter.main(ForkedBooter.java:418)
]]></system-out>
    <system-err><![CDATA[ERROR StatusLogger No Log4j 2 configuration file found. Using default configuration (logging only errors to the console), or user programmatically provided configurations. Set system property 'log4j2.debug' to show Log4j 2 internal initialization logging. See https://logging.apache.org/log4j/2.x/manual/configuration.html for instructions on how to configure Log4j 2
]]></system-err>
  </testcase>
</testsuite>