<?xml version="1.0" encoding="UTF-8"?>
<testsuite xmlns:xsi="http://www.w3.org/2001/XMLSchema-instance" xsi:noNamespaceSchemaLocation="https://maven.apache.org/surefire/maven-surefire-plugin/xsd/surefire-test-report.xsd" name="org.apache.hadoop.ozone.TestStorageContainerManager" time="107.137" tests="9" errors="3" skipped="0" failures="1">
  <properties>
    <property name="awt.toolkit" value="sun.awt.X11.XToolkit"/>
    <property name="file.encoding.pkg" value="sun.io"/>
    <property name="java.specification.version" value="1.8"/>
    <property name="sun.cpu.isalist" value=""/>
    <property name="sun.jnu.encoding" value="UTF-8"/>
    <property name="java.class.path" value="/workdir/hadoop-ozone/integration-test/target/test-classes:/workdir/hadoop-ozone/integration-test/target/classes:/home/user/.m2/repository/org/apache/hadoop/hadoop-ozone-common/0.4.1-SNAPSHOT/hadoop-ozone-common-0.4.1-SNAPSHOT.jar:/home/user/.m2/repository/org/apache/commons/commons-compress/1.4.1/commons-compress-1.4.1.jar:/home/user/.m2/repository/org/tukaani/xz/1.0/xz-1.0.jar:/home/user/.m2/repository/org/apache/hadoop/hadoop-common/3.2.0/hadoop-common-3.2.0.jar:/home/user/.m2/repository/org/apache/hadoop/hadoop-hdfs/3.2.0/hadoop-hdfs-3.2.0.jar:/home/user/.m2/repository/org/apache/hadoop/hadoop-hdfs-client/3.2.0/hadoop-hdfs-client-3.2.0.jar:/home/user/.m2/repository/com/fasterxml/jackson/core/jackson-annotations/2.9.5/jackson-annotations-2.9.5.jar:/home/user/.m2/repository/org/apache/hadoop/hadoop-hdds-common/0.4.1-SNAPSHOT/hadoop-hdds-common-0.4.1-SNAPSHOT.jar:/home/user/.m2/repository/javax/annotation/javax.annotation-api/1.2/javax.annotation-api-1.2.jar:/home/user/.m2/repository/org/apache/ratis/ratis-server/0.4.0-2337318-SNAPSHOT/ratis-server-0.4.0-2337318-SNAPSHOT.jar:/home/user/.m2/repository/org/apache/ratis/ratis-thirdparty-misc/0.2.0/ratis-thirdparty-misc-0.2.0.jar:/home/user/.m2/repository/org/apache/ratis/ratis-proto/0.4.0-2337318-SNAPSHOT/ratis-proto-0.4.0-2337318-SNAPSHOT.jar:/home/user/.m2/repository/org/apache/ratis/ratis-common/0.4.0-2337318-SNAPSHOT/ratis-common-0.4.0-2337318-SNAPSHOT.jar:/home/user/.m2/repository/org/apache/ratis/ratis-client/0.4.0-2337318-SNAPSHOT/ratis-client-0.4.0-2337318-SNAPSHOT.jar:/home/user/.m2/repository/org/apache/ratis/ratis-metrics/0.4.0-2337318-SNAPSHOT/ratis-metrics-0.4.0-2337318-SNAPSHOT.jar:/home/user/.m2/repository/org/apache/ratis/ratis-netty/0.4.0-2337318-SNAPSHOT/ratis-netty-0.4.0-2337318-SNAPSHOT.jar:/home/user/.m2/repository/org/apache/ratis/ratis-grpc/0.4.0-2337318-SNAPSHOT/ratis-grpc-0.4.0-2337318-SNAPSHOT.jar:/home/user/.m2/repository/org/rocksdb/rocksdbjni/6.0.1/rocksdbjni-6.0.1.jar:/home/user/.m2/repository/org/apache/logging/log4j/log4j-api/2.11.0/log4j-api-2.11.0.jar:/home/user/.m2/repository/org/apache/logging/log4j/log4j-core/2.11.0/log4j-core-2.11.0.jar:/home/user/.m2/repository/com/lmax/disruptor/3.4.2/disruptor-3.4.2.jar:/home/user/.m2/repository/org/apache/commons/commons-pool2/2.6.0/commons-pool2-2.6.0.jar:/home/user/.m2/repository/org/bouncycastle/bcpkix-jdk15on/1.60/bcpkix-jdk15on-1.60.jar:/home/user/.m2/repository/commons-validator/commons-validator/1.6/commons-validator-1.6.jar:/home/user/.m2/repository/commons-digester/commons-digester/1.8.1/commons-digester-1.8.1.jar:/home/user/.m2/repository/io/jaegertracing/jaeger-client/0.33.1/jaeger-client-0.33.1.jar:/home/user/.m2/repository/io/jaegertracing/jaeger-thrift/0.33.1/jaeger-thrift-0.33.1.jar:/home/user/.m2/repository/org/apache/thrift/libthrift/0.11.0/libthrift-0.11.0.jar:/home/user/.m2/repository/com/squareup/okhttp3/okhttp/3.9.0/okhttp-3.9.0.jar:/home/user/.m2/repository/com/squareup/okio/okio/1.13.0/okio-1.13.0.jar:/home/user/.m2/repository/io/jaegertracing/jaeger-core/0.33.1/jaeger-core-0.33.1.jar:/home/user/.m2/repository/io/jaegertracing/jaeger-tracerresolver/0.33.1/jaeger-tracerresolver-0.33.1.jar:/home/user/.m2/repository/io/opentracing/contrib/opentracing-tracerresolver/0.1.5/opentracing-tracerresolver-0.1.5.jar:/home/user/.m2/repository/io/opentracing/opentracing-util/0.31.0/opentracing-util-0.31.0.jar:/home/user/.m2/repository/io/opentracing/opentracing-api/0.31.0/opentracing-api-0.31.0.jar:/home/user/.m2/repository/io/opentracing/opentracing-noop/0.31.0/opentracing-noop-0.31.0.jar:/home/user/.m2/repository/org/apache/hadoop/hadoop-hdds-server-framework/0.4.1-SNAPSHOT/hadoop-hdds-server-framework-0.4.1-SNAPSHOT.jar:/home/user/.m2/repository/org/apache/hadoop/hadoop-hdds-container-service/0.4.1-SNAPSHOT/hadoop-hdds-container-service-0.4.1-SNAPSHOT.jar:/home/user/.m2/repository/org/apache/hadoop/hadoop-hdds-client/0.4.1-SNAPSHOT/hadoop-hdds-client-0.4.1-SNAPSHOT.jar:/home/user/.m2/repository/org/apache/hadoop/hadoop-hdds-tools/0.4.1-SNAPSHOT/hadoop-hdds-tools-0.4.1-SNAPSHOT.jar:/home/user/.m2/repository/org/apache/hadoop/hadoop-hdds-server-scm/0.4.1-SNAPSHOT/hadoop-hdds-server-scm-0.4.1-SNAPSHOT.jar:/home/user/.m2/repository/org/apache/hadoop/hadoop-hdds-docs/0.4.1-SNAPSHOT/hadoop-hdds-docs-0.4.1-SNAPSHOT.jar:/home/user/.m2/repository/io/dropwizard/metrics/metrics-core/3.2.4/metrics-core-3.2.4.jar:/home/user/.m2/repository/org/hamcrest/hamcrest-all/1.3/hamcrest-all-1.3.jar:/home/user/.m2/repository/org/bouncycastle/bcprov-jdk15on/1.60/bcprov-jdk15on-1.60.jar:/home/user/.m2/repository/info/picocli/picocli/3.9.6/picocli-3.9.6.jar:/home/user/.m2/repository/com/google/protobuf/protobuf-java/2.5.0/protobuf-java-2.5.0.jar:/home/user/.m2/repository/com/google/guava/guava/11.0.2/guava-11.0.2.jar:/home/user/.m2/repository/org/apache/hadoop/hadoop-ozone-ozone-manager/0.4.1-SNAPSHOT/hadoop-ozone-ozone-manager-0.4.1-SNAPSHOT.jar:/home/user/.m2/repository/org/apache/hadoop/hadoop-minikdc/3.2.0/hadoop-minikdc-3.2.0.jar:/home/user/.m2/repository/commons-io/commons-io/2.5/commons-io-2.5.jar:/home/user/.m2/repository/org/apache/kerby/kerb-simplekdc/1.0.1/kerb-simplekdc-1.0.1.jar:/home/user/.m2/repository/org/apache/kerby/kerb-client/1.0.1/kerb-client-1.0.1.jar:/home/user/.m2/repository/org/apache/kerby/kerby-config/1.0.1/kerby-config-1.0.1.jar:/home/user/.m2/repository/org/apache/kerby/kerb-core/1.0.1/kerb-core-1.0.1.jar:/home/user/.m2/repository/org/apache/kerby/kerby-pkix/1.0.1/kerby-pkix-1.0.1.jar:/home/user/.m2/repository/org/apache/kerby/kerby-asn1/1.0.1/kerby-asn1-1.0.1.jar:/home/user/.m2/repository/org/apache/kerby/kerby-util/1.0.1/kerby-util-1.0.1.jar:/home/user/.m2/repository/org/apache/kerby/kerb-common/1.0.1/kerb-common-1.0.1.jar:/home/user/.m2/repository/org/apache/kerby/kerb-crypto/1.0.1/kerb-crypto-1.0.1.jar:/home/user/.m2/repository/org/apache/kerby/kerb-util/1.0.1/kerb-util-1.0.1.jar:/home/user/.m2/repository/org/apache/kerby/token-provider/1.0.1/token-provider-1.0.1.jar:/home/user/.m2/repository/org/apache/kerby/kerb-admin/1.0.1/kerb-admin-1.0.1.jar:/home/user/.m2/repository/org/apache/kerby/kerb-server/1.0.1/kerb-server-1.0.1.jar:/home/user/.m2/repository/org/apache/kerby/kerb-identity/1.0.1/kerb-identity-1.0.1.jar:/home/user/.m2/repository/org/apache/kerby/kerby-xdr/1.0.1/kerby-xdr-1.0.1.jar:/home/user/.m2/repository/org/slf4j/slf4j-log4j12/1.7.25/slf4j-log4j12-1.7.25.jar:/home/user/.m2/repository/org/apache/hadoop/hadoop-ozone-objectstore-service/0.4.1-SNAPSHOT/hadoop-ozone-objectstore-service-0.4.1-SNAPSHOT.jar:/home/user/.m2/repository/org/apache/hadoop/hadoop-ozone-s3gateway/0.4.1-SNAPSHOT/hadoop-ozone-s3gateway-0.4.1-SNAPSHOT.jar:/home/user/.m2/repository/org/jboss/weld/servlet/weld-servlet/2.4.7.Final/weld-servlet-2.4.7.Final.jar:/home/user/.m2/repository/org/glassfish/jersey/containers/jersey-container-servlet-core/2.27/jersey-container-servlet-core-2.27.jar:/home/user/.m2/repository/org/glassfish/hk2/external/javax.inject/2.5.0-b42/javax.inject-2.5.0-b42.jar:/home/user/.m2/repository/org/glassfish/jersey/core/jersey-common/2.27/jersey-common-2.27.jar:/home/user/.m2/repository/org/glassfish/hk2/osgi-resource-locator/1.0.1/osgi-resource-locator-1.0.1.jar:/home/user/.m2/repository/javax/ws/rs/javax.ws.rs-api/2.1/javax.ws.rs-api-2.1.jar:/home/user/.m2/repository/org/glassfish/jersey/ext/cdi/jersey-cdi1x/2.27/jersey-cdi1x-2.27.jar:/home/user/.m2/repository/org/glassfish/jersey/inject/jersey-hk2/2.27/jersey-hk2-2.27.jar:/home/user/.m2/repository/org/glassfish/hk2/hk2-locator/2.5.0-b42/hk2-locator-2.5.0-b42.jar:/home/user/.m2/repository/org/javassist/javassist/3.22.0-CR2/javassist-3.22.0-CR2.jar:/home/user/.m2/repository/org/glassfish/hk2/hk2-api/2.5.0/hk2-api-2.5.0.jar:/home/user/.m2/repository/org/glassfish/hk2/external/jakarta.inject/2.5.0/jakarta.inject-2.5.0.jar:/home/user/.m2/repository/org/glassfish/hk2/hk2-utils/2.5.0/hk2-utils-2.5.0.jar:/home/user/.m2/repository/jakarta/annotation/jakarta.annotation-api/1.3.4/jakarta.annotation-api-1.3.4.jar:/home/user/.m2/repository/org/glassfish/hk2/external/aopalliance-repackaged/2.5.0/aopalliance-repackaged-2.5.0.jar:/home/user/.m2/repository/com/fasterxml/jackson/dataformat/jackson-dataformat-xml/2.9.0/jackson-dataformat-xml-2.9.0.jar:/home/user/.m2/repository/com/fasterxml/jackson/core/jackson-core/2.9.5/jackson-core-2.9.5.jar:/home/user/.m2/repository/com/fasterxml/jackson/module/jackson-module-jaxb-annotations/2.9.5/jackson-module-jaxb-annotations-2.9.5.jar:/home/user/.m2/repository/javax/enterprise/cdi-api/1.2/cdi-api-1.2.jar:/home/user/.m2/repository/javax/el/javax.el-api/3.0.0/javax.el-api-3.0.0.jar:/home/user/.m2/repository/javax/interceptor/javax.interceptor-api/1.2/javax.interceptor-api-1.2.jar:/home/user/.m2/repository/javax/inject/javax.inject/1/javax.inject-1.jar:/home/user/.m2/repository/com/sun/xml/bind/jaxb-impl/2.3.0.1/jaxb-impl-2.3.0.1.jar:/home/user/.m2/repository/com/sun/xml/bind/jaxb-core/2.3.0.1/jaxb-core-2.3.0.1.jar:/home/user/.m2/repository/javax/xml/bind/jaxb-api/2.3.0/jaxb-api-2.3.0.jar:/home/user/.m2/repository/javax/activation/activation/1.1.1/activation-1.1.1.jar:/home/user/.m2/repository/org/apache/hadoop/hadoop-ozone-csi/0.4.1-SNAPSHOT/hadoop-ozone-csi-0.4.1-SNAPSHOT.jar:/home/user/.m2/repository/com/google/protobuf/protobuf-java-util/3.5.1/protobuf-java-util-3.5.1.jar:/home/user/.m2/repository/org/apache/hadoop/hadoop-hdds-config/0.4.1-SNAPSHOT/hadoop-hdds-config-0.4.1-SNAPSHOT.jar:/home/user/.m2/repository/io/grpc/grpc-netty/1.17.1/grpc-netty-1.17.1.jar:/home/user/.m2/repository/io/grpc/grpc-core/1.17.1/grpc-core-1.17.1.jar:/home/user/.m2/repository/io/grpc/grpc-context/1.17.1/grpc-context-1.17.1.jar:/home/user/.m2/repository/com/google/errorprone/error_prone_annotations/2.2.0/error_prone_annotations-2.2.0.jar:/home/user/.m2/repository/org/codehaus/mojo/animal-sniffer-annotations/1.17/animal-sniffer-annotations-1.17.jar:/home/user/.m2/repository/io/opencensus/opencensus-api/0.17.0/opencensus-api-0.17.0.jar:/home/user/.m2/repository/io/opencensus/opencensus-contrib-grpc-metrics/0.17.0/opencensus-contrib-grpc-metrics-0.17.0.jar:/home/user/.m2/repository/io/netty/netty-codec-http2/4.1.30.Final/netty-codec-http2-4.1.30.Final.jar:/home/user/.m2/repository/io/netty/netty-codec-http/4.1.30.Final/netty-codec-http-4.1.30.Final.jar:/home/user/.m2/repository/io/netty/netty-codec/4.1.30.Final/netty-codec-4.1.30.Final.jar:/home/user/.m2/repository/io/netty/netty-handler/4.1.30.Final/netty-handler-4.1.30.Final.jar:/home/user/.m2/repository/io/netty/netty-handler-proxy/4.1.30.Final/netty-handler-proxy-4.1.30.Final.jar:/home/user/.m2/repository/io/netty/netty-codec-socks/4.1.30.Final/netty-codec-socks-4.1.30.Final.jar:/home/user/.m2/repository/io/netty/netty-transport-native-epoll/4.1.30.Final/netty-transport-native-epoll-4.1.30.Final.jar:/home/user/.m2/repository/io/netty/netty-common/4.1.30.Final/netty-common-4.1.30.Final.jar:/home/user/.m2/repository/io/netty/netty-buffer/4.1.30.Final/netty-buffer-4.1.30.Final.jar:/home/user/.m2/repository/io/netty/netty-transport/4.1.30.Final/netty-transport-4.1.30.Final.jar:/home/user/.m2/repository/io/netty/netty-resolver/4.1.30.Final/netty-resolver-4.1.30.Final.jar:/home/user/.m2/repository/io/netty/netty-transport-native-unix-common/4.1.30.Final/netty-transport-native-unix-common-4.1.30.Final.jar:/home/user/.m2/repository/io/grpc/grpc-protobuf/1.17.1/grpc-protobuf-1.17.1.jar:/home/user/.m2/repository/com/google/api/grpc/proto-google-common-protos/1.0.0/proto-google-common-protos-1.0.0.jar:/home/user/.m2/repository/io/grpc/grpc-protobuf-lite/1.17.1/grpc-protobuf-lite-1.17.1.jar:/home/user/.m2/repository/io/grpc/grpc-stub/1.17.1/grpc-stub-1.17.1.jar:/home/user/.m2/repository/org/apache/hadoop/hadoop-ozone-recon/0.4.1-SNAPSHOT/hadoop-ozone-recon-0.4.1-SNAPSHOT.jar:/home/user/.m2/repository/org/apache/hadoop/hadoop-ozone-reconcodegen/0.4.1-SNAPSHOT/hadoop-ozone-reconcodegen-0.4.1-SNAPSHOT.jar:/home/user/.m2/repository/com/google/inject/extensions/guice-multibindings/4.0/guice-multibindings-4.0.jar:/home/user/.m2/repository/com/google/inject/guice/4.0/guice-4.0.jar:/home/user/.m2/repository/aopalliance/aopalliance/1.0/aopalliance-1.0.jar:/home/user/.m2/repository/com/google/inject/extensions/guice-servlet/4.0/guice-servlet-4.0.jar:/home/user/.m2/repository/org/glassfish/jersey/containers/jersey-container-servlet/2.27/jersey-container-servlet-2.27.jar:/home/user/.m2/repository/org/glassfish/hk2/guice-bridge/2.5.0/guice-bridge-2.5.0.jar:/home/user/.m2/repository/org/glassfish/jersey/core/jersey-server/2.27/jersey-server-2.27.jar:/home/user/.m2/repository/org/glassfish/jersey/core/jersey-client/2.27/jersey-client-2.27.jar:/home/user/.m2/repository/org/glassfish/jersey/media/jersey-media-jaxb/2.27/jersey-media-jaxb-2.27.jar:/home/user/.m2/repository/javax/validation/validation-api/1.1.0.Final/validation-api-1.1.0.Final.jar:/home/user/.m2/repository/org/glassfish/jersey/media/jersey-media-json-jackson/2.27/jersey-media-json-jackson-2.27.jar:/home/user/.m2/repository/org/glassfish/jersey/ext/jersey-entity-filtering/2.27/jersey-entity-filtering-2.27.jar:/home/user/.m2/repository/com/google/inject/extensions/guice-assistedinject/4.0/guice-assistedinject-4.0.jar:/home/user/.m2/repository/org/jooq/jooq/3.11.10/jooq-3.11.10.jar:/home/user/.m2/repository/org/jooq/jooq-meta/3.11.10/jooq-meta-3.11.10.jar:/home/user/.m2/repository/org/jooq/jooq-codegen/3.11.10/jooq-codegen-3.11.10.jar:/home/user/.m2/repository/com/jolbox/bonecp/0.8.0.RELEASE/bonecp-0.8.0.RELEASE.jar:/home/user/.m2/repository/org/xerial/sqlite-jdbc/3.25.2/sqlite-jdbc-3.25.2.jar:/home/user/.m2/repository/org/springframework/spring-jdbc/5.1.3.RELEASE/spring-jdbc-5.1.3.RELEASE.jar:/home/user/.m2/repository/org/springframework/spring-beans/5.1.3.RELEASE/spring-beans-5.1.3.RELEASE.jar:/home/user/.m2/repository/org/springframework/spring-core/5.1.3.RELEASE/spring-core-5.1.3.RELEASE.jar:/home/user/.m2/repository/org/springframework/spring-jcl/5.1.3.RELEASE/spring-jcl-5.1.3.RELEASE.jar:/home/user/.m2/repository/org/springframework/spring-tx/5.1.3.RELEASE/spring-tx-5.1.3.RELEASE.jar:/home/user/.m2/repository/org/apache/hadoop/hadoop-ozone-client/0.4.1-SNAPSHOT/hadoop-ozone-client-0.4.1-SNAPSHOT.jar:/home/user/.m2/repository/commons-lang/commons-lang/2.6/commons-lang-2.6.jar:/home/user/.m2/repository/org/apache/hadoop/hadoop-ozone-ozone-manager/0.4.1-SNAPSHOT/hadoop-ozone-ozone-manager-0.4.1-SNAPSHOT-tests.jar:/home/user/.m2/repository/junit/junit/4.11/junit-4.11.jar:/home/user/.m2/repository/org/hamcrest/hamcrest-core/1.3/hamcrest-core-1.3.jar:/home/user/.m2/repository/org/openjdk/jmh/jmh-core/1.19/jmh-core-1.19.jar:/home/user/.m2/repository/net/sf/jopt-simple/jopt-simple/4.6/jopt-simple-4.6.jar:/home/user/.m2/repository/org/apache/commons/commons-math3/3.1.1/commons-math3-3.1.1.jar:/home/user/.m2/repository/org/openjdk/jmh/jmh-generator-annprocess/1.19/jmh-generator-annprocess-1.19.jar:/home/user/.m2/repository/org/mockito/mockito-all/1.8.5/mockito-all-1.8.5.jar:/home/user/.m2/repository/org/apache/hadoop/hadoop-kms/3.2.0/hadoop-kms-3.2.0.jar:/home/user/.m2/repository/org/apache/hadoop/hadoop-auth/3.2.0/hadoop-auth-3.2.0.jar:/home/user/.m2/repository/com/nimbusds/nimbus-jose-jwt/4.41.1/nimbus-jose-jwt-4.41.1.jar:/home/user/.m2/repository/com/github/stephenc/jcip/jcip-annotations/1.0-1/jcip-annotations-1.0-1.jar:/home/user/.m2/repository/net/minidev/json-smart/2.3/json-smart-2.3.jar:/home/user/.m2/repository/net/minidev/accessors-smart/1.2/accessors-smart-1.2.jar:/home/user/.m2/repository/org/ow2/asm/asm/5.0.4/asm-5.0.4.jar:/home/user/.m2/repository/org/apache/curator/curator-framework/2.12.0/curator-framework-2.12.0.jar:/home/user/.m2/repository/com/sun/jersey/jersey-core/1.19/jersey-core-1.19.jar:/home/user/.m2/repository/javax/ws/rs/jsr311-api/1.1.1/jsr311-api-1.1.1.jar:/home/user/.m2/repository/com/sun/jersey/jersey-server/1.19/jersey-server-1.19.jar:/home/user/.m2/repository/javax/servlet/javax.servlet-api/3.1.0/javax.servlet-api-3.1.0.jar:/home/user/.m2/repository/org/eclipse/jetty/jetty-server/9.3.24.v20180605/jetty-server-9.3.24.v20180605.jar:/home/user/.m2/repository/org/eclipse/jetty/jetty-http/9.3.24.v20180605/jetty-http-9.3.24.v20180605.jar:/home/user/.m2/repository/org/eclipse/jetty/jetty-io/9.3.24.v20180605/jetty-io-9.3.24.v20180605.jar:/home/user/.m2/repository/org/eclipse/jetty/jetty-webapp/9.3.24.v20180605/jetty-webapp-9.3.24.v20180605.jar:/home/user/.m2/repository/org/eclipse/jetty/jetty-xml/9.3.24.v20180605/jetty-xml-9.3.24.v20180605.jar:/home/user/.m2/repository/log4j/log4j/1.2.17/log4j-1.2.17.jar:/home/user/.m2/repository/org/slf4j/slf4j-api/1.7.25/slf4j-api-1.7.25.jar:/home/user/.m2/repository/org/slf4j/jul-to-slf4j/1.7.25/jul-to-slf4j-1.7.25.jar:/home/user/.m2/repository/org/eclipse/jetty/jetty-util/9.3.24.v20180605/jetty-util-9.3.24.v20180605.jar:/home/user/.m2/repository/com/fasterxml/jackson/core/jackson-databind/2.9.5/jackson-databind-2.9.5.jar:/home/user/.m2/repository/org/apache/hadoop/hadoop-kms/3.2.0/hadoop-kms-3.2.0-tests.jar:/home/user/.m2/repository/org/apache/hadoop/hadoop-hdds-server-scm/0.4.1-SNAPSHOT/hadoop-hdds-server-scm-0.4.1-SNAPSHOT-tests.jar:/home/user/.m2/repository/org/apache/hadoop/hadoop-hdds-container-service/0.4.1-SNAPSHOT/hadoop-hdds-container-service-0.4.1-SNAPSHOT-tests.jar:/home/user/.m2/repository/org/yaml/snakeyaml/1.16/snakeyaml-1.16.jar:/home/user/.m2/repository/org/apache/hadoop/hadoop-common/3.2.0/hadoop-common-3.2.0-tests.jar:/home/user/.m2/repository/org/apache/hadoop/hadoop-annotations/3.2.0/hadoop-annotations-3.2.0.jar:/usr/lib/jvm/java-1.8-openjdk/jre/../lib/tools.jar:/home/user/.m2/repository/commons-cli/commons-cli/1.2/commons-cli-1.2.jar:/home/user/.m2/repository/org/apache/httpcomponents/httpclient/4.5.2/httpclient-4.5.2.jar:/home/user/.m2/repository/org/apache/httpcomponents/httpcore/4.4.4/httpcore-4.4.4.jar:/home/user/.m2/repository/commons-codec/commons-codec/1.11/commons-codec-1.11.jar:/home/user/.m2/repository/commons-net/commons-net/3.6/commons-net-3.6.jar:/home/user/.m2/repository/commons-collections/commons-collections/3.2.2/commons-collections-3.2.2.jar:/home/user/.m2/repository/org/eclipse/jetty/jetty-servlet/9.3.24.v20180605/jetty-servlet-9.3.24.v20180605.jar:/home/user/.m2/repository/org/eclipse/jetty/jetty-security/9.3.24.v20180605/jetty-security-9.3.24.v20180605.jar:/home/user/.m2/repository/javax/servlet/jsp/jsp-api/2.1/jsp-api-2.1.jar:/home/user/.m2/repository/com/sun/jersey/jersey-servlet/1.19/jersey-servlet-1.19.jar:/home/user/.m2/repository/com/sun/jersey/jersey-json/1.19/jersey-json-1.19.jar:/home/user/.m2/repository/org/codehaus/jettison/jettison/1.1/jettison-1.1.jar:/home/user/.m2/repository/org/codehaus/jackson/jackson-core-asl/1.9.13/jackson-core-asl-1.9.13.jar:/home/user/.m2/repository/org/codehaus/jackson/jackson-mapper-asl/1.9.13/jackson-mapper-asl-1.9.13.jar:/home/user/.m2/repository/org/codehaus/jackson/jackson-jaxrs/1.9.13/jackson-jaxrs-1.9.13.jar:/home/user/.m2/repository/org/codehaus/jackson/jackson-xc/1.9.13/jackson-xc-1.9.13.jar:/home/user/.m2/repository/commons-logging/commons-logging/1.1.3/commons-logging-1.1.3.jar:/home/user/.m2/repository/commons-beanutils/commons-beanutils/1.9.3/commons-beanutils-1.9.3.jar:/home/user/.m2/repository/org/apache/commons/commons-configuration2/2.1.1/commons-configuration2-2.1.1.jar:/home/user/.m2/repository/org/apache/commons/commons-lang3/3.7/commons-lang3-3.7.jar:/home/user/.m2/repository/org/apache/commons/commons-text/1.4/commons-text-1.4.jar:/home/user/.m2/repository/org/apache/avro/avro/1.7.7/avro-1.7.7.jar:/home/user/.m2/repository/com/thoughtworks/paranamer/paranamer/2.3/paranamer-2.3.jar:/home/user/.m2/repository/org/xerial/snappy/snappy-java/1.0.5/snappy-java-1.0.5.jar:/home/user/.m2/repository/com/google/re2j/re2j/1.1/re2j-1.1.jar:/home/user/.m2/repository/com/google/code/gson/gson/2.2.4/gson-2.2.4.jar:/home/user/.m2/repository/com/jcraft/jsch/0.1.54/jsch-0.1.54.jar:/home/user/.m2/repository/org/apache/curator/curator-client/2.12.0/curator-client-2.12.0.jar:/home/user/.m2/repository/org/apache/curator/curator-recipes/2.12.0/curator-recipes-2.12.0.jar:/home/user/.m2/repository/com/google/code/findbugs/jsr305/3.0.0/jsr305-3.0.0.jar:/home/user/.m2/repository/org/apache/htrace/htrace-core4/4.1.0-incubating/htrace-core4-4.1.0-incubating.jar:/home/user/.m2/repository/org/apache/zookeeper/zookeeper/3.4.13/zookeeper-3.4.13.jar:/home/user/.m2/repository/org/apache/yetus/audience-annotations/0.5.0/audience-annotations-0.5.0.jar:/home/user/.m2/repository/org/codehaus/woodstox/stax2-api/3.1.4/stax2-api-3.1.4.jar:/home/user/.m2/repository/com/fasterxml/woodstox/woodstox-core/5.0.3/woodstox-core-5.0.3.jar:/home/user/.m2/repository/dnsjava/dnsjava/2.1.7/dnsjava-2.1.7.jar:/home/user/.m2/repository/org/apache/hadoop/hadoop-hdfs/3.2.0/hadoop-hdfs-3.2.0-tests.jar:/home/user/.m2/repository/org/eclipse/jetty/jetty-util-ajax/9.3.24.v20180605/jetty-util-ajax-9.3.24.v20180605.jar:/home/user/.m2/repository/commons-daemon/commons-daemon/1.0.13/commons-daemon-1.0.13.jar:/home/user/.m2/repository/io/netty/netty/3.10.5.Final/netty-3.10.5.Final.jar:/home/user/.m2/repository/io/netty/netty-all/4.0.52.Final/netty-all-4.0.52.Final.jar:/home/user/.m2/repository/org/fusesource/leveldbjni/leveldbjni-all/1.8/leveldbjni-all-1.8.jar:"/>
    <property name="java.vm.vendor" value="IcedTea"/>
    <property name="sun.arch.data.model" value="64"/>
    <property name="test.build.dir" value="/workdir/hadoop-ozone/integration-test/target/test-dir"/>
    <property name="test.cache.data" value=""/>
    <property name="java.vendor.url" value="https://icedtea.classpath.org"/>
    <property name="user.timezone" value=""/>
    <property name="java.vm.specification.version" value="1.8"/>
    <property name="os.name" value="Linux"/>
    <property name="test.build.data" value="/workdir/hadoop-ozone/integration-test/target/test-dir"/>
    <property name="user.country" value="US"/>
    <property name="sun.java.launcher" value="SUN_STANDARD"/>
    <property name="sun.boot.library.path" value="/usr/lib/jvm/java-1.8-openjdk/jre/lib/amd64"/>
    <property name="sun.java.command" value="/workdir/hadoop-ozone/integration-test/target/surefire/surefirebooter971760171973166850.jar /workdir/hadoop-ozone/integration-test/target/surefire 2019-07-30T15-42-22_058-jvmRun1 surefire8576279687716704913tmp surefire_861718552085824089571tmp"/>
    <property name="surefire.test.class.path" value="/workdir/hadoop-ozone/integration-test/target/test-classes:/workdir/hadoop-ozone/integration-test/target/classes:/home/user/.m2/repository/org/apache/hadoop/hadoop-ozone-common/0.4.1-SNAPSHOT/hadoop-ozone-common-0.4.1-SNAPSHOT.jar:/home/user/.m2/repository/org/apache/commons/commons-compress/1.4.1/commons-compress-1.4.1.jar:/home/user/.m2/repository/org/tukaani/xz/1.0/xz-1.0.jar:/home/user/.m2/repository/org/apache/hadoop/hadoop-common/3.2.0/hadoop-common-3.2.0.jar:/home/user/.m2/repository/org/apache/hadoop/hadoop-hdfs/3.2.0/hadoop-hdfs-3.2.0.jar:/home/user/.m2/repository/org/apache/hadoop/hadoop-hdfs-client/3.2.0/hadoop-hdfs-client-3.2.0.jar:/home/user/.m2/repository/com/fasterxml/jackson/core/jackson-annotations/2.9.5/jackson-annotations-2.9.5.jar:/home/user/.m2/repository/org/apache/hadoop/hadoop-hdds-common/0.4.1-SNAPSHOT/hadoop-hdds-common-0.4.1-SNAPSHOT.jar:/home/user/.m2/repository/javax/annotation/javax.annotation-api/1.2/javax.annotation-api-1.2.jar:/home/user/.m2/repository/org/apache/ratis/ratis-server/0.4.0-2337318-SNAPSHOT/ratis-server-0.4.0-2337318-SNAPSHOT.jar:/home/user/.m2/repository/org/apache/ratis/ratis-thirdparty-misc/0.2.0/ratis-thirdparty-misc-0.2.0.jar:/home/user/.m2/repository/org/apache/ratis/ratis-proto/0.4.0-2337318-SNAPSHOT/ratis-proto-0.4.0-2337318-SNAPSHOT.jar:/home/user/.m2/repository/org/apache/ratis/ratis-common/0.4.0-2337318-SNAPSHOT/ratis-common-0.4.0-2337318-SNAPSHOT.jar:/home/user/.m2/repository/org/apache/ratis/ratis-client/0.4.0-2337318-SNAPSHOT/ratis-client-0.4.0-2337318-SNAPSHOT.jar:/home/user/.m2/repository/org/apache/ratis/ratis-metrics/0.4.0-2337318-SNAPSHOT/ratis-metrics-0.4.0-2337318-SNAPSHOT.jar:/home/user/.m2/repository/org/apache/ratis/ratis-netty/0.4.0-2337318-SNAPSHOT/ratis-netty-0.4.0-2337318-SNAPSHOT.jar:/home/user/.m2/repository/org/apache/ratis/ratis-grpc/0.4.0-2337318-SNAPSHOT/ratis-grpc-0.4.0-2337318-SNAPSHOT.jar:/home/user/.m2/repository/org/rocksdb/rocksdbjni/6.0.1/rocksdbjni-6.0.1.jar:/home/user/.m2/repository/org/apache/logging/log4j/log4j-api/2.11.0/log4j-api-2.11.0.jar:/home/user/.m2/repository/org/apache/logging/log4j/log4j-core/2.11.0/log4j-core-2.11.0.jar:/home/user/.m2/repository/com/lmax/disruptor/3.4.2/disruptor-3.4.2.jar:/home/user/.m2/repository/org/apache/commons/commons-pool2/2.6.0/commons-pool2-2.6.0.jar:/home/user/.m2/repository/org/bouncycastle/bcpkix-jdk15on/1.60/bcpkix-jdk15on-1.60.jar:/home/user/.m2/repository/commons-validator/commons-validator/1.6/commons-validator-1.6.jar:/home/user/.m2/repository/commons-digester/commons-digester/1.8.1/commons-digester-1.8.1.jar:/home/user/.m2/repository/io/jaegertracing/jaeger-client/0.33.1/jaeger-client-0.33.1.jar:/home/user/.m2/repository/io/jaegertracing/jaeger-thrift/0.33.1/jaeger-thrift-0.33.1.jar:/home/user/.m2/repository/org/apache/thrift/libthrift/0.11.0/libthrift-0.11.0.jar:/home/user/.m2/repository/com/squareup/okhttp3/okhttp/3.9.0/okhttp-3.9.0.jar:/home/user/.m2/repository/com/squareup/okio/okio/1.13.0/okio-1.13.0.jar:/home/user/.m2/repository/io/jaegertracing/jaeger-core/0.33.1/jaeger-core-0.33.1.jar:/home/user/.m2/repository/io/jaegertracing/jaeger-tracerresolver/0.33.1/jaeger-tracerresolver-0.33.1.jar:/home/user/.m2/repository/io/opentracing/contrib/opentracing-tracerresolver/0.1.5/opentracing-tracerresolver-0.1.5.jar:/home/user/.m2/repository/io/opentracing/opentracing-util/0.31.0/opentracing-util-0.31.0.jar:/home/user/.m2/repository/io/opentracing/opentracing-api/0.31.0/opentracing-api-0.31.0.jar:/home/user/.m2/repository/io/opentracing/opentracing-noop/0.31.0/opentracing-noop-0.31.0.jar:/home/user/.m2/repository/org/apache/hadoop/hadoop-hdds-server-framework/0.4.1-SNAPSHOT/hadoop-hdds-server-framework-0.4.1-SNAPSHOT.jar:/home/user/.m2/repository/org/apache/hadoop/hadoop-hdds-container-service/0.4.1-SNAPSHOT/hadoop-hdds-container-service-0.4.1-SNAPSHOT.jar:/home/user/.m2/repository/org/apache/hadoop/hadoop-hdds-client/0.4.1-SNAPSHOT/hadoop-hdds-client-0.4.1-SNAPSHOT.jar:/home/user/.m2/repository/org/apache/hadoop/hadoop-hdds-tools/0.4.1-SNAPSHOT/hadoop-hdds-tools-0.4.1-SNAPSHOT.jar:/home/user/.m2/repository/org/apache/hadoop/hadoop-hdds-server-scm/0.4.1-SNAPSHOT/hadoop-hdds-server-scm-0.4.1-SNAPSHOT.jar:/home/user/.m2/repository/org/apache/hadoop/hadoop-hdds-docs/0.4.1-SNAPSHOT/hadoop-hdds-docs-0.4.1-SNAPSHOT.jar:/home/user/.m2/repository/io/dropwizard/metrics/metrics-core/3.2.4/metrics-core-3.2.4.jar:/home/user/.m2/repository/org/hamcrest/hamcrest-all/1.3/hamcrest-all-1.3.jar:/home/user/.m2/repository/org/bouncycastle/bcprov-jdk15on/1.60/bcprov-jdk15on-1.60.jar:/home/user/.m2/repository/info/picocli/picocli/3.9.6/picocli-3.9.6.jar:/home/user/.m2/repository/com/google/protobuf/protobuf-java/2.5.0/protobuf-java-2.5.0.jar:/home/user/.m2/repository/com/google/guava/guava/11.0.2/guava-11.0.2.jar:/home/user/.m2/repository/org/apache/hadoop/hadoop-ozone-ozone-manager/0.4.1-SNAPSHOT/hadoop-ozone-ozone-manager-0.4.1-SNAPSHOT.jar:/home/user/.m2/repository/org/apache/hadoop/hadoop-minikdc/3.2.0/hadoop-minikdc-3.2.0.jar:/home/user/.m2/repository/commons-io/commons-io/2.5/commons-io-2.5.jar:/home/user/.m2/repository/org/apache/kerby/kerb-simplekdc/1.0.1/kerb-simplekdc-1.0.1.jar:/home/user/.m2/repository/org/apache/kerby/kerb-client/1.0.1/kerb-client-1.0.1.jar:/home/user/.m2/repository/org/apache/kerby/kerby-config/1.0.1/kerby-config-1.0.1.jar:/home/user/.m2/repository/org/apache/kerby/kerb-core/1.0.1/kerb-core-1.0.1.jar:/home/user/.m2/repository/org/apache/kerby/kerby-pkix/1.0.1/kerby-pkix-1.0.1.jar:/home/user/.m2/repository/org/apache/kerby/kerby-asn1/1.0.1/kerby-asn1-1.0.1.jar:/home/user/.m2/repository/org/apache/kerby/kerby-util/1.0.1/kerby-util-1.0.1.jar:/home/user/.m2/repository/org/apache/kerby/kerb-common/1.0.1/kerb-common-1.0.1.jar:/home/user/.m2/repository/org/apache/kerby/kerb-crypto/1.0.1/kerb-crypto-1.0.1.jar:/home/user/.m2/repository/org/apache/kerby/kerb-util/1.0.1/kerb-util-1.0.1.jar:/home/user/.m2/repository/org/apache/kerby/token-provider/1.0.1/token-provider-1.0.1.jar:/home/user/.m2/repository/org/apache/kerby/kerb-admin/1.0.1/kerb-admin-1.0.1.jar:/home/user/.m2/repository/org/apache/kerby/kerb-server/1.0.1/kerb-server-1.0.1.jar:/home/user/.m2/repository/org/apache/kerby/kerb-identity/1.0.1/kerb-identity-1.0.1.jar:/home/user/.m2/repository/org/apache/kerby/kerby-xdr/1.0.1/kerby-xdr-1.0.1.jar:/home/user/.m2/repository/org/slf4j/slf4j-log4j12/1.7.25/slf4j-log4j12-1.7.25.jar:/home/user/.m2/repository/org/apache/hadoop/hadoop-ozone-objectstore-service/0.4.1-SNAPSHOT/hadoop-ozone-objectstore-service-0.4.1-SNAPSHOT.jar:/home/user/.m2/repository/org/apache/hadoop/hadoop-ozone-s3gateway/0.4.1-SNAPSHOT/hadoop-ozone-s3gateway-0.4.1-SNAPSHOT.jar:/home/user/.m2/repository/org/jboss/weld/servlet/weld-servlet/2.4.7.Final/weld-servlet-2.4.7.Final.jar:/home/user/.m2/repository/org/glassfish/jersey/containers/jersey-container-servlet-core/2.27/jersey-container-servlet-core-2.27.jar:/home/user/.m2/repository/org/glassfish/hk2/external/javax.inject/2.5.0-b42/javax.inject-2.5.0-b42.jar:/home/user/.m2/repository/org/glassfish/jersey/core/jersey-common/2.27/jersey-common-2.27.jar:/home/user/.m2/repository/org/glassfish/hk2/osgi-resource-locator/1.0.1/osgi-resource-locator-1.0.1.jar:/home/user/.m2/repository/javax/ws/rs/javax.ws.rs-api/2.1/javax.ws.rs-api-2.1.jar:/home/user/.m2/repository/org/glassfish/jersey/ext/cdi/jersey-cdi1x/2.27/jersey-cdi1x-2.27.jar:/home/user/.m2/repository/org/glassfish/jersey/inject/jersey-hk2/2.27/jersey-hk2-2.27.jar:/home/user/.m2/repository/org/glassfish/hk2/hk2-locator/2.5.0-b42/hk2-locator-2.5.0-b42.jar:/home/user/.m2/repository/org/javassist/javassist/3.22.0-CR2/javassist-3.22.0-CR2.jar:/home/user/.m2/repository/org/glassfish/hk2/hk2-api/2.5.0/hk2-api-2.5.0.jar:/home/user/.m2/repository/org/glassfish/hk2/external/jakarta.inject/2.5.0/jakarta.inject-2.5.0.jar:/home/user/.m2/repository/org/glassfish/hk2/hk2-utils/2.5.0/hk2-utils-2.5.0.jar:/home/user/.m2/repository/jakarta/annotation/jakarta.annotation-api/1.3.4/jakarta.annotation-api-1.3.4.jar:/home/user/.m2/repository/org/glassfish/hk2/external/aopalliance-repackaged/2.5.0/aopalliance-repackaged-2.5.0.jar:/home/user/.m2/repository/com/fasterxml/jackson/dataformat/jackson-dataformat-xml/2.9.0/jackson-dataformat-xml-2.9.0.jar:/home/user/.m2/repository/com/fasterxml/jackson/core/jackson-core/2.9.5/jackson-core-2.9.5.jar:/home/user/.m2/repository/com/fasterxml/jackson/module/jackson-module-jaxb-annotations/2.9.5/jackson-module-jaxb-annotations-2.9.5.jar:/home/user/.m2/repository/javax/enterprise/cdi-api/1.2/cdi-api-1.2.jar:/home/user/.m2/repository/javax/el/javax.el-api/3.0.0/javax.el-api-3.0.0.jar:/home/user/.m2/repository/javax/interceptor/javax.interceptor-api/1.2/javax.interceptor-api-1.2.jar:/home/user/.m2/repository/javax/inject/javax.inject/1/javax.inject-1.jar:/home/user/.m2/repository/com/sun/xml/bind/jaxb-impl/2.3.0.1/jaxb-impl-2.3.0.1.jar:/home/user/.m2/repository/com/sun/xml/bind/jaxb-core/2.3.0.1/jaxb-core-2.3.0.1.jar:/home/user/.m2/repository/javax/xml/bind/jaxb-api/2.3.0/jaxb-api-2.3.0.jar:/home/user/.m2/repository/javax/activation/activation/1.1.1/activation-1.1.1.jar:/home/user/.m2/repository/org/apache/hadoop/hadoop-ozone-csi/0.4.1-SNAPSHOT/hadoop-ozone-csi-0.4.1-SNAPSHOT.jar:/home/user/.m2/repository/com/google/protobuf/protobuf-java-util/3.5.1/protobuf-java-util-3.5.1.jar:/home/user/.m2/repository/org/apache/hadoop/hadoop-hdds-config/0.4.1-SNAPSHOT/hadoop-hdds-config-0.4.1-SNAPSHOT.jar:/home/user/.m2/repository/io/grpc/grpc-netty/1.17.1/grpc-netty-1.17.1.jar:/home/user/.m2/repository/io/grpc/grpc-core/1.17.1/grpc-core-1.17.1.jar:/home/user/.m2/repository/io/grpc/grpc-context/1.17.1/grpc-context-1.17.1.jar:/home/user/.m2/repository/com/google/errorprone/error_prone_annotations/2.2.0/error_prone_annotations-2.2.0.jar:/home/user/.m2/repository/org/codehaus/mojo/animal-sniffer-annotations/1.17/animal-sniffer-annotations-1.17.jar:/home/user/.m2/repository/io/opencensus/opencensus-api/0.17.0/opencensus-api-0.17.0.jar:/home/user/.m2/repository/io/opencensus/opencensus-contrib-grpc-metrics/0.17.0/opencensus-contrib-grpc-metrics-0.17.0.jar:/home/user/.m2/repository/io/netty/netty-codec-http2/4.1.30.Final/netty-codec-http2-4.1.30.Final.jar:/home/user/.m2/repository/io/netty/netty-codec-http/4.1.30.Final/netty-codec-http-4.1.30.Final.jar:/home/user/.m2/repository/io/netty/netty-codec/4.1.30.Final/netty-codec-4.1.30.Final.jar:/home/user/.m2/repository/io/netty/netty-handler/4.1.30.Final/netty-handler-4.1.30.Final.jar:/home/user/.m2/repository/io/netty/netty-handler-proxy/4.1.30.Final/netty-handler-proxy-4.1.30.Final.jar:/home/user/.m2/repository/io/netty/netty-codec-socks/4.1.30.Final/netty-codec-socks-4.1.30.Final.jar:/home/user/.m2/repository/io/netty/netty-transport-native-epoll/4.1.30.Final/netty-transport-native-epoll-4.1.30.Final.jar:/home/user/.m2/repository/io/netty/netty-common/4.1.30.Final/netty-common-4.1.30.Final.jar:/home/user/.m2/repository/io/netty/netty-buffer/4.1.30.Final/netty-buffer-4.1.30.Final.jar:/home/user/.m2/repository/io/netty/netty-transport/4.1.30.Final/netty-transport-4.1.30.Final.jar:/home/user/.m2/repository/io/netty/netty-resolver/4.1.30.Final/netty-resolver-4.1.30.Final.jar:/home/user/.m2/repository/io/netty/netty-transport-native-unix-common/4.1.30.Final/netty-transport-native-unix-common-4.1.30.Final.jar:/home/user/.m2/repository/io/grpc/grpc-protobuf/1.17.1/grpc-protobuf-1.17.1.jar:/home/user/.m2/repository/com/google/api/grpc/proto-google-common-protos/1.0.0/proto-google-common-protos-1.0.0.jar:/home/user/.m2/repository/io/grpc/grpc-protobuf-lite/1.17.1/grpc-protobuf-lite-1.17.1.jar:/home/user/.m2/repository/io/grpc/grpc-stub/1.17.1/grpc-stub-1.17.1.jar:/home/user/.m2/repository/org/apache/hadoop/hadoop-ozone-recon/0.4.1-SNAPSHOT/hadoop-ozone-recon-0.4.1-SNAPSHOT.jar:/home/user/.m2/repository/org/apache/hadoop/hadoop-ozone-reconcodegen/0.4.1-SNAPSHOT/hadoop-ozone-reconcodegen-0.4.1-SNAPSHOT.jar:/home/user/.m2/repository/com/google/inject/extensions/guice-multibindings/4.0/guice-multibindings-4.0.jar:/home/user/.m2/repository/com/google/inject/guice/4.0/guice-4.0.jar:/home/user/.m2/repository/aopalliance/aopalliance/1.0/aopalliance-1.0.jar:/home/user/.m2/repository/com/google/inject/extensions/guice-servlet/4.0/guice-servlet-4.0.jar:/home/user/.m2/repository/org/glassfish/jersey/containers/jersey-container-servlet/2.27/jersey-container-servlet-2.27.jar:/home/user/.m2/repository/org/glassfish/hk2/guice-bridge/2.5.0/guice-bridge-2.5.0.jar:/home/user/.m2/repository/org/glassfish/jersey/core/jersey-server/2.27/jersey-server-2.27.jar:/home/user/.m2/repository/org/glassfish/jersey/core/jersey-client/2.27/jersey-client-2.27.jar:/home/user/.m2/repository/org/glassfish/jersey/media/jersey-media-jaxb/2.27/jersey-media-jaxb-2.27.jar:/home/user/.m2/repository/javax/validation/validation-api/1.1.0.Final/validation-api-1.1.0.Final.jar:/home/user/.m2/repository/org/glassfish/jersey/media/jersey-media-json-jackson/2.27/jersey-media-json-jackson-2.27.jar:/home/user/.m2/repository/org/glassfish/jersey/ext/jersey-entity-filtering/2.27/jersey-entity-filtering-2.27.jar:/home/user/.m2/repository/com/google/inject/extensions/guice-assistedinject/4.0/guice-assistedinject-4.0.jar:/home/user/.m2/repository/org/jooq/jooq/3.11.10/jooq-3.11.10.jar:/home/user/.m2/repository/org/jooq/jooq-meta/3.11.10/jooq-meta-3.11.10.jar:/home/user/.m2/repository/org/jooq/jooq-codegen/3.11.10/jooq-codegen-3.11.10.jar:/home/user/.m2/repository/com/jolbox/bonecp/0.8.0.RELEASE/bonecp-0.8.0.RELEASE.jar:/home/user/.m2/repository/org/xerial/sqlite-jdbc/3.25.2/sqlite-jdbc-3.25.2.jar:/home/user/.m2/repository/org/springframework/spring-jdbc/5.1.3.RELEASE/spring-jdbc-5.1.3.RELEASE.jar:/home/user/.m2/repository/org/springframework/spring-beans/5.1.3.RELEASE/spring-beans-5.1.3.RELEASE.jar:/home/user/.m2/repository/org/springframework/spring-core/5.1.3.RELEASE/spring-core-5.1.3.RELEASE.jar:/home/user/.m2/repository/org/springframework/spring-jcl/5.1.3.RELEASE/spring-jcl-5.1.3.RELEASE.jar:/home/user/.m2/repository/org/springframework/spring-tx/5.1.3.RELEASE/spring-tx-5.1.3.RELEASE.jar:/home/user/.m2/repository/org/apache/hadoop/hadoop-ozone-client/0.4.1-SNAPSHOT/hadoop-ozone-client-0.4.1-SNAPSHOT.jar:/home/user/.m2/repository/commons-lang/commons-lang/2.6/commons-lang-2.6.jar:/home/user/.m2/repository/org/apache/hadoop/hadoop-ozone-ozone-manager/0.4.1-SNAPSHOT/hadoop-ozone-ozone-manager-0.4.1-SNAPSHOT-tests.jar:/home/user/.m2/repository/junit/junit/4.11/junit-4.11.jar:/home/user/.m2/repository/org/hamcrest/hamcrest-core/1.3/hamcrest-core-1.3.jar:/home/user/.m2/repository/org/openjdk/jmh/jmh-core/1.19/jmh-core-1.19.jar:/home/user/.m2/repository/net/sf/jopt-simple/jopt-simple/4.6/jopt-simple-4.6.jar:/home/user/.m2/repository/org/apache/commons/commons-math3/3.1.1/commons-math3-3.1.1.jar:/home/user/.m2/repository/org/openjdk/jmh/jmh-generator-annprocess/1.19/jmh-generator-annprocess-1.19.jar:/home/user/.m2/repository/org/mockito/mockito-all/1.8.5/mockito-all-1.8.5.jar:/home/user/.m2/repository/org/apache/hadoop/hadoop-kms/3.2.0/hadoop-kms-3.2.0.jar:/home/user/.m2/repository/org/apache/hadoop/hadoop-auth/3.2.0/hadoop-auth-3.2.0.jar:/home/user/.m2/repository/com/nimbusds/nimbus-jose-jwt/4.41.1/nimbus-jose-jwt-4.41.1.jar:/home/user/.m2/repository/com/github/stephenc/jcip/jcip-annotations/1.0-1/jcip-annotations-1.0-1.jar:/home/user/.m2/repository/net/minidev/json-smart/2.3/json-smart-2.3.jar:/home/user/.m2/repository/net/minidev/accessors-smart/1.2/accessors-smart-1.2.jar:/home/user/.m2/repository/org/ow2/asm/asm/5.0.4/asm-5.0.4.jar:/home/user/.m2/repository/org/apache/curator/curator-framework/2.12.0/curator-framework-2.12.0.jar:/home/user/.m2/repository/com/sun/jersey/jersey-core/1.19/jersey-core-1.19.jar:/home/user/.m2/repository/javax/ws/rs/jsr311-api/1.1.1/jsr311-api-1.1.1.jar:/home/user/.m2/repository/com/sun/jersey/jersey-server/1.19/jersey-server-1.19.jar:/home/user/.m2/repository/javax/servlet/javax.servlet-api/3.1.0/javax.servlet-api-3.1.0.jar:/home/user/.m2/repository/org/eclipse/jetty/jetty-server/9.3.24.v20180605/jetty-server-9.3.24.v20180605.jar:/home/user/.m2/repository/org/eclipse/jetty/jetty-http/9.3.24.v20180605/jetty-http-9.3.24.v20180605.jar:/home/user/.m2/repository/org/eclipse/jetty/jetty-io/9.3.24.v20180605/jetty-io-9.3.24.v20180605.jar:/home/user/.m2/repository/org/eclipse/jetty/jetty-webapp/9.3.24.v20180605/jetty-webapp-9.3.24.v20180605.jar:/home/user/.m2/repository/org/eclipse/jetty/jetty-xml/9.3.24.v20180605/jetty-xml-9.3.24.v20180605.jar:/home/user/.m2/repository/log4j/log4j/1.2.17/log4j-1.2.17.jar:/home/user/.m2/repository/org/slf4j/slf4j-api/1.7.25/slf4j-api-1.7.25.jar:/home/user/.m2/repository/org/slf4j/jul-to-slf4j/1.7.25/jul-to-slf4j-1.7.25.jar:/home/user/.m2/repository/org/eclipse/jetty/jetty-util/9.3.24.v20180605/jetty-util-9.3.24.v20180605.jar:/home/user/.m2/repository/com/fasterxml/jackson/core/jackson-databind/2.9.5/jackson-databind-2.9.5.jar:/home/user/.m2/repository/org/apache/hadoop/hadoop-kms/3.2.0/hadoop-kms-3.2.0-tests.jar:/home/user/.m2/repository/org/apache/hadoop/hadoop-hdds-server-scm/0.4.1-SNAPSHOT/hadoop-hdds-server-scm-0.4.1-SNAPSHOT-tests.jar:/home/user/.m2/repository/org/apache/hadoop/hadoop-hdds-container-service/0.4.1-SNAPSHOT/hadoop-hdds-container-service-0.4.1-SNAPSHOT-tests.jar:/home/user/.m2/repository/org/yaml/snakeyaml/1.16/snakeyaml-1.16.jar:/home/user/.m2/repository/org/apache/hadoop/hadoop-common/3.2.0/hadoop-common-3.2.0-tests.jar:/home/user/.m2/repository/org/apache/hadoop/hadoop-annotations/3.2.0/hadoop-annotations-3.2.0.jar:/usr/lib/jvm/java-1.8-openjdk/jre/../lib/tools.jar:/home/user/.m2/repository/commons-cli/commons-cli/1.2/commons-cli-1.2.jar:/home/user/.m2/repository/org/apache/httpcomponents/httpclient/4.5.2/httpclient-4.5.2.jar:/home/user/.m2/repository/org/apache/httpcomponents/httpcore/4.4.4/httpcore-4.4.4.jar:/home/user/.m2/repository/commons-codec/commons-codec/1.11/commons-codec-1.11.jar:/home/user/.m2/repository/commons-net/commons-net/3.6/commons-net-3.6.jar:/home/user/.m2/repository/commons-collections/commons-collections/3.2.2/commons-collections-3.2.2.jar:/home/user/.m2/repository/org/eclipse/jetty/jetty-servlet/9.3.24.v20180605/jetty-servlet-9.3.24.v20180605.jar:/home/user/.m2/repository/org/eclipse/jetty/jetty-security/9.3.24.v20180605/jetty-security-9.3.24.v20180605.jar:/home/user/.m2/repository/javax/servlet/jsp/jsp-api/2.1/jsp-api-2.1.jar:/home/user/.m2/repository/com/sun/jersey/jersey-servlet/1.19/jersey-servlet-1.19.jar:/home/user/.m2/repository/com/sun/jersey/jersey-json/1.19/jersey-json-1.19.jar:/home/user/.m2/repository/org/codehaus/jettison/jettison/1.1/jettison-1.1.jar:/home/user/.m2/repository/org/codehaus/jackson/jackson-core-asl/1.9.13/jackson-core-asl-1.9.13.jar:/home/user/.m2/repository/org/codehaus/jackson/jackson-mapper-asl/1.9.13/jackson-mapper-asl-1.9.13.jar:/home/user/.m2/repository/org/codehaus/jackson/jackson-jaxrs/1.9.13/jackson-jaxrs-1.9.13.jar:/home/user/.m2/repository/org/codehaus/jackson/jackson-xc/1.9.13/jackson-xc-1.9.13.jar:/home/user/.m2/repository/commons-logging/commons-logging/1.1.3/commons-logging-1.1.3.jar:/home/user/.m2/repository/commons-beanutils/commons-beanutils/1.9.3/commons-beanutils-1.9.3.jar:/home/user/.m2/repository/org/apache/commons/commons-configuration2/2.1.1/commons-configuration2-2.1.1.jar:/home/user/.m2/repository/org/apache/commons/commons-lang3/3.7/commons-lang3-3.7.jar:/home/user/.m2/repository/org/apache/commons/commons-text/1.4/commons-text-1.4.jar:/home/user/.m2/repository/org/apache/avro/avro/1.7.7/avro-1.7.7.jar:/home/user/.m2/repository/com/thoughtworks/paranamer/paranamer/2.3/paranamer-2.3.jar:/home/user/.m2/repository/org/xerial/snappy/snappy-java/1.0.5/snappy-java-1.0.5.jar:/home/user/.m2/repository/com/google/re2j/re2j/1.1/re2j-1.1.jar:/home/user/.m2/repository/com/google/code/gson/gson/2.2.4/gson-2.2.4.jar:/home/user/.m2/repository/com/jcraft/jsch/0.1.54/jsch-0.1.54.jar:/home/user/.m2/repository/org/apache/curator/curator-client/2.12.0/curator-client-2.12.0.jar:/home/user/.m2/repository/org/apache/curator/curator-recipes/2.12.0/curator-recipes-2.12.0.jar:/home/user/.m2/repository/com/google/code/findbugs/jsr305/3.0.0/jsr305-3.0.0.jar:/home/user/.m2/repository/org/apache/htrace/htrace-core4/4.1.0-incubating/htrace-core4-4.1.0-incubating.jar:/home/user/.m2/repository/org/apache/zookeeper/zookeeper/3.4.13/zookeeper-3.4.13.jar:/home/user/.m2/repository/org/apache/yetus/audience-annotations/0.5.0/audience-annotations-0.5.0.jar:/home/user/.m2/repository/org/codehaus/woodstox/stax2-api/3.1.4/stax2-api-3.1.4.jar:/home/user/.m2/repository/com/fasterxml/woodstox/woodstox-core/5.0.3/woodstox-core-5.0.3.jar:/home/user/.m2/repository/dnsjava/dnsjava/2.1.7/dnsjava-2.1.7.jar:/home/user/.m2/repository/org/apache/hadoop/hadoop-hdfs/3.2.0/hadoop-hdfs-3.2.0-tests.jar:/home/user/.m2/repository/org/eclipse/jetty/jetty-util-ajax/9.3.24.v20180605/jetty-util-ajax-9.3.24.v20180605.jar:/home/user/.m2/repository/commons-daemon/commons-daemon/1.0.13/commons-daemon-1.0.13.jar:/home/user/.m2/repository/io/netty/netty/3.10.5.Final/netty-3.10.5.Final.jar:/home/user/.m2/repository/io/netty/netty-all/4.0.52.Final/netty-all-4.0.52.Final.jar:/home/user/.m2/repository/org/fusesource/leveldbjni/leveldbjni-all/1.8/leveldbjni-all-1.8.jar:"/>
    <property name="sun.cpu.endian" value="little"/>
    <property name="user.home" value="/home/user"/>
    <property name="user.language" value="en"/>
    <property name="java.specification.vendor" value="Oracle Corporation"/>
    <property name="java.home" value="/usr/lib/jvm/java-1.8-openjdk/jre"/>
    <property name="java.security.krb5.conf" value="/workdir/hadoop-ozone/integration-test/target/test-classes/krb5.conf"/>
    <property name="basedir" value="/workdir/hadoop-ozone/integration-test"/>
    <property name="file.separator" value="/"/>
    <property name="line.separator" value="&#10;"/>
    <property name="java.vm.specification.vendor" value="Oracle Corporation"/>
    <property name="java.specification.name" value="Java Platform API Specification"/>
    <property name="java.awt.graphicsenv" value="sun.awt.X11GraphicsEnvironment"/>
    <property name="surefire.real.class.path" value="/workdir/hadoop-ozone/integration-test/target/surefire/surefirebooter971760171973166850.jar"/>
    <property name="hadoop.log.dir" value="/workdir/hadoop-ozone/integration-test/target/log"/>
    <property name="sun.boot.class.path" value="/usr/lib/jvm/java-1.8-openjdk/jre/lib/resources.jar:/usr/lib/jvm/java-1.8-openjdk/jre/lib/rt.jar:/usr/lib/jvm/java-1.8-openjdk/jre/lib/sunrsasign.jar:/usr/lib/jvm/java-1.8-openjdk/jre/lib/jsse.jar:/usr/lib/jvm/java-1.8-openjdk/jre/lib/jce.jar:/usr/lib/jvm/java-1.8-openjdk/jre/lib/charsets.jar:/usr/lib/jvm/java-1.8-openjdk/jre/lib/jfr.jar:/usr/lib/jvm/java-1.8-openjdk/jre/classes"/>
    <property name="sun.management.compiler" value="HotSpot 64-Bit Tiered Compilers"/>
    <property name="java.runtime.version" value="1.8.0_212-b04"/>
    <property name="java.net.preferIPv4Stack" value="true"/>
    <property name="user.name" value="jenkins1000"/>
    <property name="path.separator" value=":"/>
    <property name="java.security.egd" value="file:///dev/urandom"/>
    <property name="os.version" value="3.10.0-957.12.2.el7.x86_64"/>
    <property name="java.endorsed.dirs" value="/usr/lib/jvm/java-1.8-openjdk/jre/lib/endorsed"/>
    <property name="java.runtime.name" value="OpenJDK Runtime Environment"/>
    <property name="file.encoding" value="UTF-8"/>
    <property name="java.vm.name" value="OpenJDK 64-Bit Server VM"/>
    <property name="test.build.webapps" value=""/>
    <property name="localRepository" value="/home/user/.m2/repository"/>
    <property name="java.vendor.url.bug" value="https://icedtea.classpath.org/bugzilla"/>
    <property name="java.io.tmpdir" value="/tmp"/>
    <property name="require.test.libhadoop" value=""/>
    <property name="java.version" value="1.8.0_212"/>
    <property name="user.dir" value="/workdir/hadoop-ozone/integration-test"/>
    <property name="os.arch" value="amd64"/>
    <property name="java.vm.specification.name" value="Java Virtual Machine Specification"/>
    <property name="test.build.classes" value="/workdir/hadoop-ozone/integration-test/target/test-classes"/>
    <property name="java.awt.printerjob" value="sun.print.PSPrinterJob"/>
    <property name="sun.os.patch.level" value="unknown"/>
    <property name="hadoop.tmp.dir" value="/workdir/hadoop-ozone/integration-test/target/tmp"/>
    <property name="java.library.path" value="/usr/lib/jvm/java-1.8-openjdk/jre/lib/amd64/server:/usr/lib/jvm/java-1.8-openjdk/jre/lib/amd64:/usr/lib/jvm/java-1.8-openjdk/jre/../lib/amd64:/workdir/hadoop-ozone/integration-test/target/native/target/usr/local/lib:/workdir/hadoop-ozone/integration-test/../../hadoop-common-project/hadoop-common/target/native/target/usr/local/lib:/usr/java/packages/lib/amd64:/usr/lib64:/lib64:/lib:/usr/lib"/>
    <property name="java.vm.info" value="mixed mode"/>
    <property name="java.vendor" value="IcedTea"/>
    <property name="java.vm.version" value="25.212-b04"/>
    <property name="java.ext.dirs" value="/usr/lib/jvm/java-1.8-openjdk/jre/lib/ext:/usr/java/packages/lib/ext"/>
    <property name="sun.io.unicode.encoding" value="UnicodeLittle"/>
    <property name="java.class.version" value="52.0"/>
  </properties>
  <testcase name="testBlockDeletionTransactions" classname="org.apache.hadoop.ozone.TestStorageContainerManager" time="16.627">
    <error message="Unexpected Storage Container Exception: org.apache.hadoop.hdds.scm.container.common.helpers.StorageContainerException: ContainerID 3 creation failed" type="java.io.IOException">java.io.IOException: Unexpected Storage Container Exception: org.apache.hadoop.hdds.scm.container.common.helpers.StorageContainerException: ContainerID 3 creation failed
	at org.apache.hadoop.hdds.scm.storage.BlockOutputStream.setIoException(BlockOutputStream.java:541)
	at org.apache.hadoop.hdds.scm.storage.BlockOutputStream.validateResponse(BlockOutputStream.java:532)
	at org.apache.hadoop.hdds.scm.storage.BlockOutputStream.lambda$writeChunkToContainer$2(BlockOutputStream.java:606)
	at java.util.concurrent.CompletableFuture.uniApply(CompletableFuture.java:602)
	at java.util.concurrent.CompletableFuture$UniApply.tryFire(CompletableFuture.java:577)
	at java.util.concurrent.CompletableFuture$Completion.run(CompletableFuture.java:442)
	at java.util.concurrent.ThreadPoolExecutor.runWorker(ThreadPoolExecutor.java:1149)
	at java.util.concurrent.ThreadPoolExecutor$Worker.run(ThreadPoolExecutor.java:624)
	at java.lang.Thread.run(Thread.java:748)
Caused by: org.apache.hadoop.hdds.scm.container.common.helpers.StorageContainerException: ContainerID 3 creation failed
	at org.apache.hadoop.hdds.scm.storage.ContainerProtocolCalls.validateContainerResponse(ContainerProtocolCalls.java:536)
	at org.apache.hadoop.hdds.scm.storage.BlockOutputStream.validateResponse(BlockOutputStream.java:529)
	... 7 more
</error>
    <system-out><![CDATA[2019-07-30 17:00:16,580 WARN  server.ServerUtils (ServerUtils.java:getScmDbDir(145)) - ozone.scm.db.dirs is not configured. We recommend adding this setting. Falling back to ozone.metadata.dirs instead.
2019-07-30 17:00:16,638 WARN  server.ServerUtils (ServerUtils.java:getScmDbDir(145)) - ozone.scm.db.dirs is not configured. We recommend adding this setting. Falling back to ozone.metadata.dirs instead.
2019-07-30 17:00:16,640 WARN  server.ServerUtils (ServerUtils.java:getScmDbDir(145)) - ozone.scm.db.dirs is not configured. We recommend adding this setting. Falling back to ozone.metadata.dirs instead.
2019-07-30 17:00:16,663 INFO  util.log (Log.java:initialized(192)) - Logging initialized @1008ms
2019-07-30 17:00:16,779 INFO  db.DBStoreBuilder (DBStoreBuilder.java:addTable(110)) - using custom profile for table: deletedBlocks
2019-07-30 17:00:16,779 INFO  db.DBStoreBuilder (DBStoreBuilder.java:processTables(161)) - Using default column profile:DBProfile.DISK for Table:deletedBlocks
2019-07-30 17:00:16,780 INFO  db.DBStoreBuilder (DBStoreBuilder.java:addTable(110)) - using custom profile for table: validCerts
2019-07-30 17:00:16,780 INFO  db.DBStoreBuilder (DBStoreBuilder.java:processTables(161)) - Using default column profile:DBProfile.DISK for Table:validCerts
2019-07-30 17:00:16,780 INFO  db.DBStoreBuilder (DBStoreBuilder.java:addTable(110)) - using custom profile for table: revokedCerts
2019-07-30 17:00:16,780 INFO  db.DBStoreBuilder (DBStoreBuilder.java:processTables(161)) - Using default column profile:DBProfile.DISK for Table:revokedCerts
2019-07-30 17:00:16,792 INFO  db.DBStoreBuilder (DBStoreBuilder.java:addTable(110)) - using custom profile for table: default
2019-07-30 17:00:16,793 INFO  db.DBStoreBuilder (DBStoreBuilder.java:processTables(167)) - Using default column profile:DBProfile.DISK for Table:default
2019-07-30 17:00:16,794 INFO  db.DBStoreBuilder (DBStoreBuilder.java:getDbProfile(198)) - Using default options. DBProfile.DISK
2019-07-30 17:00:16,996 INFO  net.NodeSchemaLoader (NodeSchemaLoader.java:loadSchemaFromFile(125)) - Loading file from sun.misc.CompoundEnumeration@6ec0d9c9
2019-07-30 17:00:16,997 INFO  net.NodeSchemaLoader (NodeSchemaLoader.java:loadSchema(171)) - Loading network topology layer schema file
2019-07-30 17:00:17,067 WARN  server.ServerUtils (ServerUtils.java:sanitizeUserArgs(70)) - ozone.scm.stale.node.interval value = 300000 is larger than max = 100000 based on the key value of ozone.scm.heartbeat.thread.interval, reset to the max value 100000.
2019-07-30 17:00:17,068 WARN  server.ServerUtils (ServerUtils.java:sanitizeUserArgs(70)) - ozone.scm.stale.node.interval value = 300000 is larger than max = 100000 based on the key value of ozone.scm.heartbeat.thread.interval, reset to the max value 100000.
2019-07-30 17:00:17,070 INFO  node.SCMNodeManager (SCMNodeManager.java:<init>(121)) - Entering startup safe mode.
2019-07-30 17:00:17,152 WARN  server.ServerUtils (ServerUtils.java:getScmDbDir(145)) - ozone.scm.db.dirs is not configured. We recommend adding this setting. Falling back to ozone.metadata.dirs instead.
2019-07-30 17:00:17,226 INFO  pipeline.SCMPipelineManager (SCMPipelineManager.java:initializePipelineState(126)) - No pipeline exists in current db
2019-07-30 17:00:17,228 WARN  server.ServerUtils (ServerUtils.java:getScmDbDir(145)) - ozone.scm.db.dirs is not configured. We recommend adding this setting. Falling back to ozone.metadata.dirs instead.
2019-07-30 17:00:17,344 WARN  events.EventQueue (EventQueue.java:fireEvent(175)) - No event handler registered for event TypedEvent{payloadType=SafeModeStatus, name='SafeModeStatus'}
2019-07-30 17:00:17,666 INFO  ipc.CallQueueManager (CallQueueManager.java:<init>(84)) - Using callQueue: class java.util.concurrent.LinkedBlockingQueue, queueCapacity: 2000, scheduler: class org.apache.hadoop.ipc.DefaultRpcScheduler, ipcBackoff: false.
2019-07-30 17:00:17,694 INFO  ipc.Server (Server.java:run(1074)) - Starting Socket Reader #1 for port 40576
2019-07-30 17:00:17,717 INFO  ipc.CallQueueManager (CallQueueManager.java:<init>(84)) - Using callQueue: class java.util.concurrent.LinkedBlockingQueue, queueCapacity: 2000, scheduler: class org.apache.hadoop.ipc.DefaultRpcScheduler, ipcBackoff: false.
2019-07-30 17:00:17,718 INFO  ipc.Server (Server.java:run(1074)) - Starting Socket Reader #1 for port 36783
2019-07-30 17:00:17,725 INFO  ipc.CallQueueManager (CallQueueManager.java:<init>(84)) - Using callQueue: class java.util.concurrent.LinkedBlockingQueue, queueCapacity: 2000, scheduler: class org.apache.hadoop.ipc.DefaultRpcScheduler, ipcBackoff: false.
2019-07-30 17:00:17,726 INFO  ipc.Server (Server.java:run(1074)) - Starting Socket Reader #1 for port 33647
2019-07-30 17:00:17,854 INFO  hdfs.DFSUtil (DFSUtil.java:httpServerTemplateForNNAndJN(1641)) - Starting Web-server for scm at: http://0.0.0.0:0
2019-07-30 17:00:17,988 INFO  server.AuthenticationFilter (AuthenticationFilter.java:constructSecretProvider(240)) - Unable to initialize FileSignerSecretProvider, falling back to use random secrets.
2019-07-30 17:00:17,996 WARN  http.HttpRequestLog (HttpRequestLog.java:getRequestLog(97)) - Jetty request log can only be enabled using Log4j
2019-07-30 17:00:18,004 INFO  http.HttpServer2 (HttpServer2.java:addGlobalFilter(975)) - Added global filter 'safety' (class=org.apache.hadoop.http.HttpServer2$QuotingInputFilter)
2019-07-30 17:00:18,006 INFO  http.HttpServer2 (HttpServer2.java:addFilter(948)) - Added filter static_user_filter (class=org.apache.hadoop.http.lib.StaticUserWebFilter$StaticUserFilter) to context scm
2019-07-30 17:00:18,007 INFO  http.HttpServer2 (HttpServer2.java:addFilter(958)) - Added filter static_user_filter (class=org.apache.hadoop.http.lib.StaticUserWebFilter$StaticUserFilter) to context logs
2019-07-30 17:00:18,007 INFO  http.HttpServer2 (HttpServer2.java:addFilter(958)) - Added filter static_user_filter (class=org.apache.hadoop.http.lib.StaticUserWebFilter$StaticUserFilter) to context static
2019-07-30 17:00:18,034 INFO  server.StorageContainerManager (StorageContainerManager.java:start(758)) - StorageContainerLocationProtocol RPC server is listening at /0.0.0.0:33647
2019-07-30 17:00:18,090 WARN  impl.MetricsConfig (MetricsConfig.java:loadFirst(134)) - Cannot locate configuration: tried hadoop-metrics2-storagecontainermanager.properties,hadoop-metrics2.properties
2019-07-30 17:00:18,104 INFO  impl.MetricsSystemImpl (MetricsSystemImpl.java:startTimer(374)) - Scheduled Metric snapshot period at 10 second(s).
2019-07-30 17:00:18,104 INFO  impl.MetricsSystemImpl (MetricsSystemImpl.java:start(191)) - StorageContainerManager metrics system started
2019-07-30 17:00:18,323 INFO  server.SCMClientProtocolServer (SCMClientProtocolServer.java:start(151)) - RPC server for Client  is listening at /0.0.0.0:33647
2019-07-30 17:00:18,324 INFO  ipc.Server (Server.java:run(1314)) - IPC Server Responder: starting
2019-07-30 17:00:18,324 INFO  ipc.Server (Server.java:run(1153)) - IPC Server listener on 33647: starting
2019-07-30 17:00:18,330 INFO  server.StorageContainerManager (StorageContainerManager.java:start(768)) - ScmBlockLocationProtocol RPC server is listening at /0.0.0.0:36783
2019-07-30 17:00:18,331 INFO  server.SCMBlockProtocolServer (SCMBlockProtocolServer.java:start(140)) - RPC server for Block Protocol is listening at /0.0.0.0:36783
2019-07-30 17:00:18,331 INFO  ipc.Server (Server.java:run(1314)) - IPC Server Responder: starting
2019-07-30 17:00:18,331 INFO  ipc.Server (Server.java:run(1153)) - IPC Server listener on 36783: starting
2019-07-30 17:00:18,335 INFO  server.StorageContainerManager (StorageContainerManager.java:start(772)) - ScmDatanodeProtocl RPC server is listening at /0.0.0.0:40576
2019-07-30 17:00:18,335 INFO  server.SCMDatanodeProtocolServer (SCMDatanodeProtocolServer.java:start(191)) - RPC server for DataNodes is listening at /0.0.0.0:40576
2019-07-30 17:00:18,337 INFO  ipc.Server (Server.java:run(1314)) - IPC Server Responder: starting
2019-07-30 17:00:18,337 INFO  ipc.Server (Server.java:run(1153)) - IPC Server listener on 40576: starting
2019-07-30 17:00:18,349 INFO  http.HttpServer2 (HttpServer2.java:bindListener(1191)) - Jetty bound to port 33530
2019-07-30 17:00:18,351 INFO  server.Server (Server.java:doStart(351)) - jetty-9.3.24.v20180605, build timestamp: 2018-06-05T17:11:56Z, git hash: 84205aa28f11a4f31f2a3b86d1bba2cc8ab69827
2019-07-30 17:00:18,390 INFO  handler.ContextHandler (ContextHandler.java:doStart(781)) - Started o.e.j.s.ServletContextHandler@67f90339{/logs,file:///workdir/hadoop-ozone/integration-test/target/log,AVAILABLE}
2019-07-30 17:00:18,391 INFO  handler.ContextHandler (ContextHandler.java:doStart(781)) - Started o.e.j.s.ServletContextHandler@4cd4031{/static,file:///workdir/hadoop-ozone/integration-test/target/test-classes/webapps/static,AVAILABLE}
2019-07-30 17:00:18,421 INFO  handler.ContextHandler (ContextHandler.java:doStart(781)) - Started o.e.j.w.WebAppContext@3bbe12c{/,file:///workdir/hadoop-ozone/integration-test/target/test-classes/webapps/scm/,AVAILABLE}{/scm}
2019-07-30 17:00:18,426 INFO  server.AbstractConnector (AbstractConnector.java:doStart(278)) - Started ServerConnector@6456e4b9{HTTP/1.1,[http/1.1]}{0.0.0.0:33530}
2019-07-30 17:00:18,427 INFO  server.Server (Server.java:doStart(419)) - Started @2772ms
2019-07-30 17:00:18,427 INFO  server.BaseHttpServer (BaseHttpServer.java:updateConnectorAddress(207)) - HTTP server of SCM is listening at http://0.0.0.0:33530
2019-07-30 17:00:18,433 INFO  util.JvmPauseMonitor (JvmPauseMonitor.java:run(188)) - Starting JVM pause monitor
2019-07-30 17:00:18,435 WARN  server.ServerUtils (ServerUtils.java:getDBPath(222)) - ozone.om.db.dirs is not configured. We recommend adding this setting. Falling back to ozone.metadata.dirs instead.
2019-07-30 17:00:18,533 WARN  server.ServerUtils (ServerUtils.java:getDBPath(222)) - ozone.om.db.dirs is not configured. We recommend adding this setting. Falling back to ozone.metadata.dirs instead.
2019-07-30 17:00:18,534 WARN  server.ServerUtils (ServerUtils.java:getDBPath(222)) - ozone.om.db.dirs is not configured. We recommend adding this setting. Falling back to ozone.metadata.dirs instead.
2019-07-30 17:00:18,535 INFO  om.OzoneManager (OzoneManager.java:setOMNodeDetails(644)) - OM Service ID is not set. Setting it to the default ID: omServiceIdDefault
2019-07-30 17:00:18,535 INFO  om.OzoneManager (OzoneManager.java:setOMNodeDetails(650)) - OM Node ID is not set. Setting it to the OmStorage's OmID: 630ec3f8-eb20-462e-a5dd-e76f27ccf40c
2019-07-30 17:00:18,536 INFO  om.OzoneManager (OzoneManager.java:loadOMHAConfigs(601)) - Found matching OM address with OMServiceId: null, OMNodeId: null, RPC Address: localhost:0 and Ratis port: 9872
2019-07-30 17:00:19,228 WARN  server.ServerUtils (ServerUtils.java:getDBPath(222)) - ozone.om.db.dirs is not configured. We recommend adding this setting. Falling back to ozone.metadata.dirs instead.
2019-07-30 17:00:19,235 INFO  db.DBStoreBuilder (DBStoreBuilder.java:addTable(110)) - using custom profile for table: userTable
2019-07-30 17:00:19,235 INFO  db.DBStoreBuilder (DBStoreBuilder.java:processTables(161)) - Using default column profile:DBProfile.DISK for Table:userTable
2019-07-30 17:00:19,235 INFO  db.DBStoreBuilder (DBStoreBuilder.java:addTable(110)) - using custom profile for table: volumeTable
2019-07-30 17:00:19,235 INFO  db.DBStoreBuilder (DBStoreBuilder.java:processTables(161)) - Using default column profile:DBProfile.DISK for Table:volumeTable
2019-07-30 17:00:19,236 INFO  db.DBStoreBuilder (DBStoreBuilder.java:addTable(110)) - using custom profile for table: bucketTable
2019-07-30 17:00:19,236 INFO  db.DBStoreBuilder (DBStoreBuilder.java:processTables(161)) - Using default column profile:DBProfile.DISK for Table:bucketTable
2019-07-30 17:00:19,236 INFO  db.DBStoreBuilder (DBStoreBuilder.java:addTable(110)) - using custom profile for table: keyTable
2019-07-30 17:00:19,236 INFO  db.DBStoreBuilder (DBStoreBuilder.java:processTables(161)) - Using default column profile:DBProfile.DISK for Table:keyTable
2019-07-30 17:00:19,237 INFO  db.DBStoreBuilder (DBStoreBuilder.java:addTable(110)) - using custom profile for table: deletedTable
2019-07-30 17:00:19,237 INFO  db.DBStoreBuilder (DBStoreBuilder.java:processTables(161)) - Using default column profile:DBProfile.DISK for Table:deletedTable
2019-07-30 17:00:19,237 INFO  db.DBStoreBuilder (DBStoreBuilder.java:addTable(110)) - using custom profile for table: openKeyTable
2019-07-30 17:00:19,237 INFO  db.DBStoreBuilder (DBStoreBuilder.java:processTables(161)) - Using default column profile:DBProfile.DISK for Table:openKeyTable
2019-07-30 17:00:19,237 INFO  db.DBStoreBuilder (DBStoreBuilder.java:addTable(110)) - using custom profile for table: s3Table
2019-07-30 17:00:19,238 INFO  db.DBStoreBuilder (DBStoreBuilder.java:processTables(161)) - Using default column profile:DBProfile.DISK for Table:s3Table
2019-07-30 17:00:19,238 INFO  db.DBStoreBuilder (DBStoreBuilder.java:addTable(110)) - using custom profile for table: multipartInfoTable
2019-07-30 17:00:19,238 INFO  db.DBStoreBuilder (DBStoreBuilder.java:processTables(161)) - Using default column profile:DBProfile.DISK for Table:multipartInfoTable
2019-07-30 17:00:19,238 INFO  db.DBStoreBuilder (DBStoreBuilder.java:addTable(110)) - using custom profile for table: dTokenTable
2019-07-30 17:00:19,238 INFO  db.DBStoreBuilder (DBStoreBuilder.java:processTables(161)) - Using default column profile:DBProfile.DISK for Table:dTokenTable
2019-07-30 17:00:19,239 INFO  db.DBStoreBuilder (DBStoreBuilder.java:addTable(110)) - using custom profile for table: s3SecretTable
2019-07-30 17:00:19,239 INFO  db.DBStoreBuilder (DBStoreBuilder.java:processTables(161)) - Using default column profile:DBProfile.DISK for Table:s3SecretTable
2019-07-30 17:00:19,239 INFO  db.DBStoreBuilder (DBStoreBuilder.java:addTable(110)) - using custom profile for table: prefixTable
2019-07-30 17:00:19,239 INFO  db.DBStoreBuilder (DBStoreBuilder.java:processTables(161)) - Using default column profile:DBProfile.DISK for Table:prefixTable
2019-07-30 17:00:19,240 INFO  db.DBStoreBuilder (DBStoreBuilder.java:addTable(110)) - using custom profile for table: default
2019-07-30 17:00:19,240 INFO  db.DBStoreBuilder (DBStoreBuilder.java:processTables(167)) - Using default column profile:DBProfile.DISK for Table:default
2019-07-30 17:00:19,240 INFO  db.DBStoreBuilder (DBStoreBuilder.java:getDbProfile(198)) - Using default options. DBProfile.DISK
2019-07-30 17:00:19,728 INFO  ipc.CallQueueManager (CallQueueManager.java:<init>(84)) - Using callQueue: class java.util.concurrent.LinkedBlockingQueue, queueCapacity: 2000, scheduler: class org.apache.hadoop.ipc.DefaultRpcScheduler, ipcBackoff: false.
2019-07-30 17:00:19,729 INFO  ipc.Server (Server.java:run(1074)) - Starting Socket Reader #1 for port 35057
2019-07-30 17:00:19,749 INFO  om.OzoneManager (OzoneManager.java:start(1255)) - OzoneManager RPC server is listening at localhost/127.0.0.1:35057
2019-07-30 17:00:19,749 INFO  impl.MetricsSystemImpl (MetricsSystemImpl.java:init(158)) - OzoneManager metrics system started (again)
2019-07-30 17:00:19,751 INFO  ipc.Server (Server.java:run(1314)) - IPC Server Responder: starting
2019-07-30 17:00:19,751 INFO  ipc.Server (Server.java:run(1153)) - IPC Server listener on 35057: starting
2019-07-30 17:00:19,763 INFO  hdfs.DFSUtil (DFSUtil.java:httpServerTemplateForNNAndJN(1641)) - Starting Web-server for ozoneManager at: http://0.0.0.0:0
2019-07-30 17:00:19,765 INFO  server.AuthenticationFilter (AuthenticationFilter.java:constructSecretProvider(240)) - Unable to initialize FileSignerSecretProvider, falling back to use random secrets.
2019-07-30 17:00:19,766 WARN  http.HttpRequestLog (HttpRequestLog.java:getRequestLog(97)) - Jetty request log can only be enabled using Log4j
2019-07-30 17:00:19,768 INFO  http.HttpServer2 (HttpServer2.java:addGlobalFilter(975)) - Added global filter 'safety' (class=org.apache.hadoop.http.HttpServer2$QuotingInputFilter)
2019-07-30 17:00:19,769 INFO  http.HttpServer2 (HttpServer2.java:addFilter(948)) - Added filter static_user_filter (class=org.apache.hadoop.http.lib.StaticUserWebFilter$StaticUserFilter) to context ozoneManager
2019-07-30 17:00:19,769 INFO  http.HttpServer2 (HttpServer2.java:addFilter(958)) - Added filter static_user_filter (class=org.apache.hadoop.http.lib.StaticUserWebFilter$StaticUserFilter) to context static
2019-07-30 17:00:19,769 INFO  http.HttpServer2 (HttpServer2.java:addFilter(958)) - Added filter static_user_filter (class=org.apache.hadoop.http.lib.StaticUserWebFilter$StaticUserFilter) to context logs
2019-07-30 17:00:19,771 INFO  http.HttpServer2 (HttpServer2.java:bindListener(1191)) - Jetty bound to port 42666
2019-07-30 17:00:19,771 INFO  server.Server (Server.java:doStart(351)) - jetty-9.3.24.v20180605, build timestamp: 2018-06-05T17:11:56Z, git hash: 84205aa28f11a4f31f2a3b86d1bba2cc8ab69827
2019-07-30 17:00:19,774 INFO  handler.ContextHandler (ContextHandler.java:doStart(781)) - Started o.e.j.s.ServletContextHandler@227302fc{/logs,file:///workdir/hadoop-ozone/integration-test/target/log,AVAILABLE}
2019-07-30 17:00:19,774 INFO  handler.ContextHandler (ContextHandler.java:doStart(781)) - Started o.e.j.s.ServletContextHandler@d87de7a{/static,file:///workdir/hadoop-ozone/integration-test/target/test-classes/webapps/static,AVAILABLE}
2019-07-30 17:00:19,781 INFO  handler.ContextHandler (ContextHandler.java:doStart(781)) - Started o.e.j.w.WebAppContext@61a8bba2{/,file:///workdir/hadoop-ozone/integration-test/target/test-classes/webapps/ozoneManager/,AVAILABLE}{/ozoneManager}
2019-07-30 17:00:19,781 INFO  server.AbstractConnector (AbstractConnector.java:doStart(278)) - Started ServerConnector@3c974e4a{HTTP/1.1,[http/1.1]}{0.0.0.0:42666}
2019-07-30 17:00:19,781 INFO  server.Server (Server.java:doStart(419)) - Started @4127ms
2019-07-30 17:00:19,782 INFO  server.BaseHttpServer (BaseHttpServer.java:updateConnectorAddress(207)) - HTTP server of OZONEMANAGER is listening at http://0.0.0.0:42666
2019-07-30 17:00:20,071 INFO  impl.MetricsSystemImpl (MetricsSystemImpl.java:init(158)) - HddsDatanode metrics system started (again)
2019-07-30 17:00:20,159 INFO  ozone.HddsDatanodeService (HddsDatanodeService.java:start(184)) - HddsDatanodeService host:byscane-nightly-58zn2-384979956 ip:192.168.69.86
2019-07-30 17:00:20,191 INFO  volume.HddsVolume (HddsVolume.java:<init>(176)) - Creating Volume: /workdir/hadoop-ozone/integration-test/target/test-dir/MiniOzoneClusterImpl-178e9de2-5eae-46f7-9fb1-920c758c7436/datanode-0/data/containers/hdds of  storage type : DISK and capacity : 52710309888
2019-07-30 17:00:20,193 INFO  volume.VolumeSet (VolumeSet.java:initializeVolumeSet(170)) - Added Volume : /workdir/hadoop-ozone/integration-test/target/test-dir/MiniOzoneClusterImpl-178e9de2-5eae-46f7-9fb1-920c758c7436/datanode-0/data/containers/hdds to VolumeSet
2019-07-30 17:00:20,196 INFO  volume.ThrottledAsyncChecker (ThrottledAsyncChecker.java:schedule(140)) - Scheduling a check for org.apache.hadoop.ozone.container.common.volume.HddsVolume@41e4bd28
2019-07-30 17:00:20,214 INFO  volume.HddsVolumeChecker (HddsVolumeChecker.java:checkAllVolumes(203)) - Scheduled health check for volume org.apache.hadoop.ozone.container.common.volume.HddsVolume@41e4bd28
2019-07-30 17:00:20,319 INFO  impl.RaftServerProxy (ConfUtils.java:logGet(43)) - raft.rpc.type = GRPC (default)
2019-07-30 17:00:20,383 INFO  grpc.GrpcFactory (GrpcFactory.java:checkPooledByteBufAllocatorUseCacheForAllThreads(45)) - PERFORMANCE WARNING: useCacheForAllThreads is true that may cause Netty to create a lot garbage objects and, as a result, trigger GC.
	It is recommended to disable useCacheForAllThreads by setting -Dorg.apache.ratis.thirdparty.io.netty.allocator.useCacheForAllThreads=false in command line.
2019-07-30 17:00:20,387 INFO  grpc.GrpcConfigKeys$Server (ConfUtils.java:logGet(43)) - raft.grpc.server.port = 0 (default)
2019-07-30 17:00:20,388 INFO  server.GrpcService (ConfUtils.java:logGet(43)) - raft.grpc.message.size.max = 33570816 (custom)
2019-07-30 17:00:20,389 INFO  server.RaftServerConfigKeys (ConfUtils.java:logGet(43)) - raft.server.log.appender.buffer.byte-limit = 33554432 (custom)
2019-07-30 17:00:20,390 INFO  server.GrpcService (ConfUtils.java:logGet(43)) - raft.grpc.flow.control.window = 1MB (=1048576) (default)
2019-07-30 17:00:20,391 INFO  server.RaftServerConfigKeys (ConfUtils.java:logGet(43)) - raft.server.rpc.request.timeout = 3000ms (default)
2019-07-30 17:00:20,547 INFO  server.RaftServerConfigKeys (ConfUtils.java:logGet(43)) - raft.server.storage.dir = [/workdir/hadoop-ozone/integration-test/target/test-dir/MiniOzoneClusterImpl-178e9de2-5eae-46f7-9fb1-920c758c7436/datanode-0/data/ratis] (custom)
2019-07-30 17:00:20,582 INFO  replication.SimpleContainerDownloader (SimpleContainerDownloader.java:<init>(72)) - Starting container downloader service to copy containers to replicate.
2019-07-30 17:00:20,595 INFO  hdfs.DFSUtil (DFSUtil.java:httpServerTemplateForNNAndJN(1641)) - Starting Web-server for hddsDatanode at: http://0.0.0.0:0
2019-07-30 17:00:20,596 INFO  server.AuthenticationFilter (AuthenticationFilter.java:constructSecretProvider(240)) - Unable to initialize FileSignerSecretProvider, falling back to use random secrets.
2019-07-30 17:00:20,597 WARN  http.HttpRequestLog (HttpRequestLog.java:getRequestLog(97)) - Jetty request log can only be enabled using Log4j
2019-07-30 17:00:20,598 INFO  http.HttpServer2 (HttpServer2.java:addGlobalFilter(975)) - Added global filter 'safety' (class=org.apache.hadoop.http.HttpServer2$QuotingInputFilter)
2019-07-30 17:00:20,599 INFO  http.HttpServer2 (HttpServer2.java:addFilter(948)) - Added filter static_user_filter (class=org.apache.hadoop.http.lib.StaticUserWebFilter$StaticUserFilter) to context hddsDatanode
2019-07-30 17:00:20,599 INFO  http.HttpServer2 (HttpServer2.java:addFilter(958)) - Added filter static_user_filter (class=org.apache.hadoop.http.lib.StaticUserWebFilter$StaticUserFilter) to context logs
2019-07-30 17:00:20,599 INFO  http.HttpServer2 (HttpServer2.java:addFilter(958)) - Added filter static_user_filter (class=org.apache.hadoop.http.lib.StaticUserWebFilter$StaticUserFilter) to context static
2019-07-30 17:00:20,600 INFO  http.HttpServer2 (HttpServer2.java:bindListener(1191)) - Jetty bound to port 46343
2019-07-30 17:00:20,600 INFO  server.Server (Server.java:doStart(351)) - jetty-9.3.24.v20180605, build timestamp: 2018-06-05T17:11:56Z, git hash: 84205aa28f11a4f31f2a3b86d1bba2cc8ab69827
2019-07-30 17:00:20,602 INFO  handler.ContextHandler (ContextHandler.java:doStart(781)) - Started o.e.j.s.ServletContextHandler@47587361{/logs,file:///workdir/hadoop-ozone/integration-test/target/log,AVAILABLE}
2019-07-30 17:00:20,603 INFO  handler.ContextHandler (ContextHandler.java:doStart(781)) - Started o.e.j.s.ServletContextHandler@1e05543c{/static,jar:file:/home/user/.m2/repository/org/apache/hadoop/hadoop-hdds-container-service/0.4.1-SNAPSHOT/hadoop-hdds-container-service-0.4.1-SNAPSHOT.jar!/webapps/static,AVAILABLE}
2019-07-30 17:00:20,635 INFO  handler.ContextHandler (ContextHandler.java:doStart(781)) - Started o.e.j.w.WebAppContext@54035107{/,file:///tmp/jetty-0.0.0.0-46343-hddsDatanode-_-any-1927505894900841621.dir/webapp/,AVAILABLE}{/hddsDatanode}
2019-07-30 17:00:20,635 INFO  server.AbstractConnector (AbstractConnector.java:doStart(278)) - Started ServerConnector@348e4ca3{HTTP/1.1,[http/1.1]}{0.0.0.0:46343}
2019-07-30 17:00:20,636 INFO  server.Server (Server.java:doStart(419)) - Started @4981ms
2019-07-30 17:00:20,637 INFO  server.BaseHttpServer (BaseHttpServer.java:updateConnectorAddress(207)) - HTTP server of HDDSDATANODE is listening at http://0.0.0.0:46343
2019-07-30 17:00:21,527 INFO  ozone.HddsDatanodeService (HddsDatanodeService.java:startPlugins(395)) - Started plug-in org.apache.hadoop.ozone.web.OzoneHddsDatanodeService@77f19af9
2019-07-30 17:00:21,532 INFO  ozone.MiniOzoneClusterImpl (MiniOzoneClusterImpl.java:lambda$waitForClusterToBeReady$0(142)) - Waiting for cluster to be ready. Got 0 of 1 DN Heartbeats.
2019-07-30 17:00:21,538 INFO  util.JvmPauseMonitor (JvmPauseMonitor.java:run(188)) - Starting JVM pause monitor
2019-07-30 17:00:21,678 INFO  datanode.InitDatanodeState (InitDatanodeState.java:persistContainerDatanodeDetails(140)) - DatanodeDetails is persisted to /workdir/hadoop-ozone/integration-test/target/test-dir/MiniOzoneClusterImpl-178e9de2-5eae-46f7-9fb1-920c758c7436/datanode-0/meta/datanode.id
2019-07-30 17:00:22,533 INFO  ozone.MiniOzoneClusterImpl (MiniOzoneClusterImpl.java:lambda$waitForClusterToBeReady$0(142)) - Waiting for cluster to be ready. Got 0 of 1 DN Heartbeats.
2019-07-30 17:00:23,533 INFO  ozone.MiniOzoneClusterImpl (MiniOzoneClusterImpl.java:lambda$waitForClusterToBeReady$0(142)) - Waiting for cluster to be ready. Got 0 of 1 DN Heartbeats.
2019-07-30 17:00:23,600 INFO  ozoneimpl.OzoneContainer (OzoneContainer.java:start(186)) - Attempting to start container services.
2019-07-30 17:00:23,601 INFO  ozoneimpl.OzoneContainer (OzoneContainer.java:startContainerScrub(160)) - Background container scrubber has been disabled by hdds.containerscrub.enabled
2019-07-30 17:00:23,602 INFO  ratis.XceiverServerRatis (XceiverServerRatis.java:start(404)) - Starting XceiverServerRatis 73a5efc1-ad01-45b9-84fb-ff8c4d9931e1 at port 0
2019-07-30 17:00:23,627 INFO  impl.RaftServerProxy (RaftServerProxy.java:lambda$start$3(299)) - 73a5efc1-ad01-45b9-84fb-ff8c4d9931e1: start RPC server
2019-07-30 17:00:23,755 INFO  server.GrpcService (GrpcService.java:startImpl(149)) - 73a5efc1-ad01-45b9-84fb-ff8c4d9931e1: GrpcService started, listening on 0.0.0.0/0.0.0.0:37603
2019-07-30 17:00:23,756 INFO  ratis.XceiverServerRatis (XceiverServerRatis.java:start(414)) - XceiverServerRatis 73a5efc1-ad01-45b9-84fb-ff8c4d9931e1 is started using port 37603
2019-07-30 17:00:23,759 INFO  server.XceiverServerGrpc (XceiverServerGrpc.java:start(161)) - XceiverServerGrpc 73a5efc1-ad01-45b9-84fb-ff8c4d9931e1 is started using port 38069
2019-07-30 17:00:24,534 INFO  ozone.MiniOzoneClusterImpl (MiniOzoneClusterImpl.java:lambda$waitForClusterToBeReady$0(142)) - Waiting for cluster to be ready. Got 0 of 1 DN Heartbeats.
2019-07-30 17:00:25,535 INFO  ozone.MiniOzoneClusterImpl (MiniOzoneClusterImpl.java:lambda$waitForClusterToBeReady$0(142)) - Waiting for cluster to be ready. Got 0 of 1 DN Heartbeats.
2019-07-30 17:00:25,582 INFO  net.NetworkTopology (NetworkTopologyImpl.java:add(110)) - Added a new node: /default-rack/73a5efc1-ad01-45b9-84fb-ff8c4d9931e1
2019-07-30 17:00:25,583 INFO  node.SCMNodeManager (SCMNodeManager.java:register(273)) - Registered Data node : 73a5efc1-ad01-45b9-84fb-ff8c4d9931e1{ip: 192.168.69.86, host: byscane-nightly-58zn2-384979956, networkLocation: /default-rack, certSerialId: null}
2019-07-30 17:00:25,588 INFO  safemode.SCMSafeModeManager (DataNodeSafeModeRule.java:process(71)) - SCM in safe mode. 1 DataNodes registered, 1 required.
2019-07-30 17:00:25,588 INFO  safemode.SCMSafeModeManager (SCMSafeModeManager.java:validateSafeModeExitRules(177)) - ScmSafeModeManager, all rules are successfully validated
2019-07-30 17:00:25,588 INFO  safemode.SCMSafeModeManager (SCMSafeModeManager.java:exitSafeMode(193)) - SCM exiting safe mode.
2019-07-30 17:00:26,137 INFO  impl.RaftServerProxy (RaftServerProxy.java:addNew(89)) - 73a5efc1-ad01-45b9-84fb-ff8c4d9931e1: addNew group-681D8F8A4F6B:[73a5efc1-ad01-45b9-84fb-ff8c4d9931e1:192.168.69.86:37603] returns group-681D8F8A4F6B:java.util.concurrent.CompletableFuture@1594b71[Not completed]
2019-07-30 17:00:26,157 INFO  impl.RaftServerImpl (RaftServerImpl.java:<init>(93)) - 73a5efc1-ad01-45b9-84fb-ff8c4d9931e1: new RaftServerImpl for group-681D8F8A4F6B:[73a5efc1-ad01-45b9-84fb-ff8c4d9931e1:192.168.69.86:37603] with ContainerStateMachine:uninitialized
2019-07-30 17:00:26,160 INFO  server.RaftServerConfigKeys (ConfUtils.java:logGet(43)) - raft.server.rpc.timeout.min = 5s (custom)
2019-07-30 17:00:26,161 INFO  server.RaftServerConfigKeys (ConfUtils.java:logGet(43)) - raft.server.rpc.timeout.max = 5200ms (custom)
2019-07-30 17:00:26,161 INFO  server.RaftServerConfigKeys (ConfUtils.java:logGet(43)) - raft.server.rpcslowness.timeout = 120s (custom)
2019-07-30 17:00:26,162 INFO  server.RaftServerConfigKeys (ConfUtils.java:logGet(43)) - raft.server.sleep.deviation.threshold = 300 (default)
2019-07-30 17:00:26,163 INFO  server.RaftServerConfigKeys (ConfUtils.java:logGet(43)) - raft.server.log.appender.install.snapshot.enabled = false (custom)
2019-07-30 17:00:26,175 INFO  impl.RaftServerImpl (ServerState.java:<init>(105)) - 73a5efc1-ad01-45b9-84fb-ff8c4d9931e1:group-681D8F8A4F6B ConfigurationManager, init=-1: [73a5efc1-ad01-45b9-84fb-ff8c4d9931e1:192.168.69.86:37603], old=null, confs=<EMPTY_MAP>
2019-07-30 17:00:26,175 INFO  server.RaftServerConfigKeys (ConfUtils.java:logGet(43)) - raft.server.storage.dir = [/workdir/hadoop-ozone/integration-test/target/test-dir/MiniOzoneClusterImpl-178e9de2-5eae-46f7-9fb1-920c758c7436/datanode-0/data/ratis] (custom)
2019-07-30 17:00:26,185 INFO  storage.RaftStorageDirectory (RaftStorageDirectory.java:analyzeStorage(246)) - The storage directory /workdir/hadoop-ozone/integration-test/target/test-dir/MiniOzoneClusterImpl-178e9de2-5eae-46f7-9fb1-920c758c7436/datanode-0/data/ratis/88a02a03-e9da-4ea9-be22-681d8f8a4f6b does not exist. Creating ...
2019-07-30 17:00:26,216 INFO  storage.RaftStorageDirectory (RaftStorageDirectory.java:tryLock(328)) - Lock on /workdir/hadoop-ozone/integration-test/target/test-dir/MiniOzoneClusterImpl-178e9de2-5eae-46f7-9fb1-920c758c7436/datanode-0/data/ratis/88a02a03-e9da-4ea9-be22-681d8f8a4f6b/in_use.lock acquired by nodename 28914@byscane-nightly-58zn2-384979956
2019-07-30 17:00:26,234 INFO  storage.RaftStorage (RaftStorage.java:format(72)) - Storage directory /workdir/hadoop-ozone/integration-test/target/test-dir/MiniOzoneClusterImpl-178e9de2-5eae-46f7-9fb1-920c758c7436/datanode-0/data/ratis/88a02a03-e9da-4ea9-be22-681d8f8a4f6b has been successfully formatted.
2019-07-30 17:00:26,237 INFO  ratis.ContainerStateMachine (ContainerStateMachine.java:loadSnapshot(213)) - group-681D8F8A4F6B: The snapshot info is null. Setting the last applied indexto:(t:0, i:~)
2019-07-30 17:00:26,238 INFO  server.RaftServerConfigKeys (ConfUtils.java:logGet(43)) - raft.server.leader.election.timeout = 120s (custom)
2019-07-30 17:00:26,242 INFO  server.RaftServerConfigKeys (ConfUtils.java:logGet(43)) - raft.server.log.use.memory = false (default)
2019-07-30 17:00:26,250 INFO  server.RaftServerConfigKeys (ConfUtils.java:logGet(43)) - raft.server.log.purge.gap = 1000000000 (custom)
2019-07-30 17:00:26,250 INFO  server.RaftServerConfigKeys (ConfUtils.java:logGet(43)) - raft.server.log.appender.buffer.byte-limit = 33554432 (custom)
2019-07-30 17:00:26,252 INFO  server.RaftServerConfigKeys (ConfUtils.java:logGet(43)) - raft.server.log.segment.size.max = 1048576 (custom)
2019-07-30 17:00:26,589 INFO  ozone.MiniOzoneClusterImpl (MiniOzoneClusterImpl.java:lambda$waitForClusterToBeReady$0(142)) - Cluster is ready. Got 1 of 1 DN Heartbeats.
2019-07-30 17:00:26,596 INFO  server.RaftServerConfigKeys (ConfUtils.java:logGet(43)) - raft.server.log.segment.cache.num.max = 2 (custom)
2019-07-30 17:00:26,619 INFO  segmented.SegmentedRaftLogWorker (SegmentedRaftLogWorker.java:<init>(172)) - new 73a5efc1-ad01-45b9-84fb-ff8c4d9931e1-SegmentedRaftLogWorker:Storage Directory /workdir/hadoop-ozone/integration-test/target/test-dir/MiniOzoneClusterImpl-178e9de2-5eae-46f7-9fb1-920c758c7436/datanode-0/data/ratis/88a02a03-e9da-4ea9-be22-681d8f8a4f6b for RaftStorage:Storage Directory /workdir/hadoop-ozone/integration-test/target/test-dir/MiniOzoneClusterImpl-178e9de2-5eae-46f7-9fb1-920c758c7436/datanode-0/data/ratis/88a02a03-e9da-4ea9-be22-681d8f8a4f6b
2019-07-30 17:00:26,635 INFO  server.RaftServerConfigKeys (ConfUtils.java:logGet(43)) - raft.server.log.queue.byte-limit = 2147483647 (custom)
2019-07-30 17:00:26,636 INFO  server.RaftServerConfigKeys (ConfUtils.java:logGet(43)) - raft.server.log.queue.element-limit = 1024 (custom)
2019-07-30 17:00:26,643 INFO  server.RaftServerConfigKeys (ConfUtils.java:logGet(43)) - raft.server.log.segment.size.max = 1048576 (custom)
2019-07-30 17:00:26,644 INFO  server.RaftServerConfigKeys (ConfUtils.java:logGet(43)) - raft.server.log.preallocated.size = 16384 (custom)
2019-07-30 17:00:26,644 INFO  server.RaftServerConfigKeys (ConfUtils.java:logGet(43)) - raft.server.log.write.buffer.size = 33554432 (custom)
2019-07-30 17:00:26,645 INFO  server.RaftServerConfigKeys (ConfUtils.java:logGet(43)) - raft.server.log.force.sync.num = 128 (default)
2019-07-30 17:00:26,646 INFO  server.RaftServerConfigKeys (ConfUtils.java:logGet(43)) - raft.server.log.statemachine.data.sync = true (default)
2019-07-30 17:00:26,647 INFO  server.RaftServerConfigKeys (ConfUtils.java:logGet(43)) - raft.server.log.statemachine.data.sync.timeout = 10s (default)
2019-07-30 17:00:26,647 INFO  server.RaftServerConfigKeys (ConfUtils.java:logGet(43)) - raft.server.log.statemachine.data.sync.timeout.retry = -1 (default)
2019-07-30 17:00:26,659 INFO  server.RaftServerConfigKeys (ConfUtils.java:logGet(43)) - raft.server.log.statemachine.data.caching.enabled = true (custom)
2019-07-30 17:00:26,665 INFO  segmented.SegmentedRaftLogWorker (SegmentedRaftLogWorker.java:lambda$new$0(132)) - 73a5efc1-ad01-45b9-84fb-ff8c4d9931e1-SegmentedRaftLogWorker:Storage Directory /workdir/hadoop-ozone/integration-test/target/test-dir/MiniOzoneClusterImpl-178e9de2-5eae-46f7-9fb1-920c758c7436/datanode-0/data/ratis/88a02a03-e9da-4ea9-be22-681d8f8a4f6b: flushIndex: setUnconditionally 0 -> -1
2019-07-30 17:00:26,671 INFO  server.RaftServerConfigKeys (ConfUtils.java:logGet(43)) - raft.server.snapshot.auto.trigger.enabled = true (custom)
2019-07-30 17:00:26,672 INFO  server.RaftServerConfigKeys (ConfUtils.java:logGet(43)) - raft.server.snapshot.auto.trigger.threshold = 10000 (custom)
2019-07-30 17:00:26,672 INFO  server.RaftServerConfigKeys (ConfUtils.java:logGet(43)) - raft.server.retrycache.expirytime = 600000ms (custom)
2019-07-30 17:00:26,697 INFO  impl.RaftServerImpl (RaftServerImpl.java:start(180)) - 73a5efc1-ad01-45b9-84fb-ff8c4d9931e1: start group-681D8F8A4F6B
2019-07-30 17:00:26,698 INFO  impl.RaftServerImpl (RaftServerImpl.java:setRole(171)) - 73a5efc1-ad01-45b9-84fb-ff8c4d9931e1:group-681D8F8A4F6B changes role from null to FOLLOWER at term 0 for startAsFollower
2019-07-30 17:00:26,699 INFO  impl.RoleInfo (RoleInfo.java:updateAndGet(143)) - 73a5efc1-ad01-45b9-84fb-ff8c4d9931e1: start FollowerState
2019-07-30 17:00:26,701 INFO  util.JmxRegister (JmxRegister.java:tryRegister(44)) - Successfully registered JMX Bean with object name Ratis:service=RaftServer,group=group-681D8F8A4F6B,id=73a5efc1-ad01-45b9-84fb-ff8c4d9931e1
2019-07-30 17:00:26,767 INFO  pipeline.PipelineStateManager (PipelineStateManager.java:addPipeline(56)) - Created pipeline Pipeline[ Id: 88a02a03-e9da-4ea9-be22-681d8f8a4f6b, Nodes: 73a5efc1-ad01-45b9-84fb-ff8c4d9931e1{ip: 192.168.69.86, host: byscane-nightly-58zn2-384979956, networkLocation: /default-rack, certSerialId: null}, Type:RATIS, Factor:ONE, State:OPEN]
2019-07-30 17:00:27,079 INFO  pipeline.PipelineStateManager (PipelineStateManager.java:addPipeline(56)) - Created pipeline Pipeline[ Id: 78544d93-95eb-4424-b6e9-8822f5ada48d, Nodes: 73a5efc1-ad01-45b9-84fb-ff8c4d9931e1{ip: 192.168.69.86, host: byscane-nightly-58zn2-384979956, networkLocation: /default-rack, certSerialId: null}, Type:STAND_ALONE, Factor:ONE, State:OPEN]
2019-07-30 17:00:27,178 INFO  impl.MetricsSystemImpl (MetricsSystemImpl.java:init(158)) - XceiverClientMetrics metrics system started (again)
2019-07-30 17:00:27,830 INFO  keyvalue.KeyValueHandler (ContainerUtils.java:logAndReturnError(146)) - Operation: CreateContainer : Trace ID: 253a7d4f853b59f1:253a7d4f853b59f1:0:0 : Message: Container creation failed, due to disk out of space : Result: DISK_OUT_OF_SPACE
17:00:27.832 [grpc-default-executor-1] ERROR DNAudit - user=null | ip=null | op=WRITE_CHUNK {blockData=conID: 3 locID: 102531467034296325 bcsId: 0} | ret=FAILURE
org.apache.hadoop.hdds.scm.container.common.helpers.StorageContainerException: ContainerID 3 creation failed
	at org.apache.hadoop.ozone.container.common.impl.HddsDispatcher.dispatchRequest(HddsDispatcher.java:227) [hadoop-hdds-container-service-0.4.1-SNAPSHOT.jar:?]
	at org.apache.hadoop.ozone.container.common.impl.HddsDispatcher.dispatch(HddsDispatcher.java:148) [hadoop-hdds-container-service-0.4.1-SNAPSHOT.jar:?]
	at org.apache.hadoop.ozone.container.common.transport.server.GrpcXceiverService$1.onNext(GrpcXceiverService.java:73) [hadoop-hdds-container-service-0.4.1-SNAPSHOT.jar:?]
	at org.apache.hadoop.ozone.container.common.transport.server.GrpcXceiverService$1.onNext(GrpcXceiverService.java:61) [hadoop-hdds-container-service-0.4.1-SNAPSHOT.jar:?]
	at org.apache.ratis.thirdparty.io.grpc.stub.ServerCalls$StreamingServerCallHandler$StreamingServerCallListener.onMessage(ServerCalls.java:248) [ratis-thirdparty-misc-0.2.0.jar:0.2.0]
	at org.apache.ratis.thirdparty.io.grpc.ForwardingServerCallListener.onMessage(ForwardingServerCallListener.java:33) [ratis-thirdparty-misc-0.2.0.jar:0.2.0]
	at org.apache.ratis.thirdparty.io.grpc.Contexts$ContextualizedServerCallListener.onMessage(Contexts.java:76) [ratis-thirdparty-misc-0.2.0.jar:0.2.0]
	at org.apache.ratis.thirdparty.io.grpc.ForwardingServerCallListener.onMessage(ForwardingServerCallListener.java:33) [ratis-thirdparty-misc-0.2.0.jar:0.2.0]
	at org.apache.hadoop.hdds.tracing.GrpcServerInterceptor$1.onMessage(GrpcServerInterceptor.java:46) [hadoop-hdds-common-0.4.1-SNAPSHOT.jar:?]
	at org.apache.ratis.thirdparty.io.grpc.internal.ServerCallImpl$ServerStreamListenerImpl.messagesAvailable(ServerCallImpl.java:263) [ratis-thirdparty-misc-0.2.0.jar:0.2.0]
	at org.apache.ratis.thirdparty.io.grpc.internal.ServerImpl$JumpToApplicationThreadServerStreamListener$1MessagesAvailable.runInContext(ServerImpl.java:686) [ratis-thirdparty-misc-0.2.0.jar:0.2.0]
	at org.apache.ratis.thirdparty.io.grpc.internal.ContextRunnable.run(ContextRunnable.java:37) [ratis-thirdparty-misc-0.2.0.jar:0.2.0]
	at org.apache.ratis.thirdparty.io.grpc.internal.SerializingExecutor.run(SerializingExecutor.java:123) [ratis-thirdparty-misc-0.2.0.jar:0.2.0]
	at java.util.concurrent.ThreadPoolExecutor.runWorker(ThreadPoolExecutor.java:1149) [?:1.8.0_212]
	at java.util.concurrent.ThreadPoolExecutor$Worker.run(ThreadPoolExecutor.java:624) [?:1.8.0_212]
	at java.lang.Thread.run(Thread.java:748) [?:1.8.0_212]
2019-07-30 17:00:27,842 INFO  impl.HddsDispatcher (ContainerUtils.java:logAndReturnError(146)) - Operation: WriteChunk : Trace ID: 253a7d4f853b59f1:253a7d4f853b59f1:0:0 : Message: ContainerID 3 creation failed : Result: DISK_OUT_OF_SPACE
2019-07-30 17:00:27,846 ERROR storage.BlockOutputStream (BlockOutputStream.java:validateResponse(531)) - Unexpected Storage Container Exception: 
org.apache.hadoop.hdds.scm.container.common.helpers.StorageContainerException: ContainerID 3 creation failed
	at org.apache.hadoop.hdds.scm.storage.ContainerProtocolCalls.validateContainerResponse(ContainerProtocolCalls.java:536)
	at org.apache.hadoop.hdds.scm.storage.BlockOutputStream.validateResponse(BlockOutputStream.java:529)
	at org.apache.hadoop.hdds.scm.storage.BlockOutputStream.lambda$writeChunkToContainer$2(BlockOutputStream.java:606)
	at java.util.concurrent.CompletableFuture.uniApply(CompletableFuture.java:602)
	at java.util.concurrent.CompletableFuture$UniApply.tryFire(CompletableFuture.java:577)
	at java.util.concurrent.CompletableFuture$Completion.run(CompletableFuture.java:442)
	at java.util.concurrent.ThreadPoolExecutor.runWorker(ThreadPoolExecutor.java:1149)
	at java.util.concurrent.ThreadPoolExecutor$Worker.run(ThreadPoolExecutor.java:624)
	at java.lang.Thread.run(Thread.java:748)
17:00:27.851 [grpc-default-executor-0] ERROR DNAudit - user=null | ip=null | op=PUT_BLOCK {blockData=[blockId=conID: 3 locID: 102531467034296325 bcsId: 0,size=5]} | ret=FAILURE
org.apache.hadoop.hdds.scm.container.common.helpers.StorageContainerException: ContainerID 3 does not exist
	at org.apache.hadoop.ozone.container.common.impl.HddsDispatcher.dispatchRequest(HddsDispatcher.java:242) [hadoop-hdds-container-service-0.4.1-SNAPSHOT.jar:?]
	at org.apache.hadoop.ozone.container.common.impl.HddsDispatcher.dispatch(HddsDispatcher.java:148) [hadoop-hdds-container-service-0.4.1-SNAPSHOT.jar:?]
	at org.apache.hadoop.ozone.container.common.transport.server.GrpcXceiverService$1.onNext(GrpcXceiverService.java:73) [hadoop-hdds-container-service-0.4.1-SNAPSHOT.jar:?]
	at org.apache.hadoop.ozone.container.common.transport.server.GrpcXceiverService$1.onNext(GrpcXceiverService.java:61) [hadoop-hdds-container-service-0.4.1-SNAPSHOT.jar:?]
	at org.apache.ratis.thirdparty.io.grpc.stub.ServerCalls$StreamingServerCallHandler$StreamingServerCallListener.onMessage(ServerCalls.java:248) [ratis-thirdparty-misc-0.2.0.jar:0.2.0]
	at org.apache.ratis.thirdparty.io.grpc.ForwardingServerCallListener.onMessage(ForwardingServerCallListener.java:33) [ratis-thirdparty-misc-0.2.0.jar:0.2.0]
	at org.apache.ratis.thirdparty.io.grpc.Contexts$ContextualizedServerCallListener.onMessage(Contexts.java:76) [ratis-thirdparty-misc-0.2.0.jar:0.2.0]
	at org.apache.ratis.thirdparty.io.grpc.ForwardingServerCallListener.onMessage(ForwardingServerCallListener.java:33) [ratis-thirdparty-misc-0.2.0.jar:0.2.0]
	at org.apache.hadoop.hdds.tracing.GrpcServerInterceptor$1.onMessage(GrpcServerInterceptor.java:46) [hadoop-hdds-common-0.4.1-SNAPSHOT.jar:?]
	at org.apache.ratis.thirdparty.io.grpc.internal.ServerCallImpl$ServerStreamListenerImpl.messagesAvailable(ServerCallImpl.java:263) [ratis-thirdparty-misc-0.2.0.jar:0.2.0]
	at org.apache.ratis.thirdparty.io.grpc.internal.ServerImpl$JumpToApplicationThreadServerStreamListener$1MessagesAvailable.runInContext(ServerImpl.java:686) [ratis-thirdparty-misc-0.2.0.jar:0.2.0]
	at org.apache.ratis.thirdparty.io.grpc.internal.ContextRunnable.run(ContextRunnable.java:37) [ratis-thirdparty-misc-0.2.0.jar:0.2.0]
	at org.apache.ratis.thirdparty.io.grpc.internal.SerializingExecutor.run(SerializingExecutor.java:123) [ratis-thirdparty-misc-0.2.0.jar:0.2.0]
	at java.util.concurrent.ThreadPoolExecutor.runWorker(ThreadPoolExecutor.java:1149) [?:1.8.0_212]
	at java.util.concurrent.ThreadPoolExecutor$Worker.run(ThreadPoolExecutor.java:624) [?:1.8.0_212]
	at java.lang.Thread.run(Thread.java:748) [?:1.8.0_212]
2019-07-30 17:00:27,852 INFO  impl.HddsDispatcher (ContainerUtils.java:logAndReturnError(146)) - Operation: PutBlock : Trace ID: 42351f2a33b24aac:42351f2a33b24aac:0:0 : Message: ContainerID 3 does not exist : Result: CONTAINER_NOT_FOUND
2019-07-30 17:00:27,857 INFO  ozone.MiniOzoneClusterImpl (MiniOzoneClusterImpl.java:shutdown(321)) - Shutting down the Mini Ozone Cluster
2019-07-30 17:00:27,858 INFO  ozone.MiniOzoneClusterImpl (MiniOzoneClusterImpl.java:stop(336)) - Stopping the Mini Ozone Cluster
2019-07-30 17:00:27,858 INFO  ozone.MiniOzoneClusterImpl (MiniOzoneClusterImpl.java:stop(338)) - Stopping the OzoneManager
2019-07-30 17:00:27,858 INFO  ipc.Server (Server.java:stop(3082)) - Stopping server on 35057
2019-07-30 17:00:27,860 INFO  ipc.Server (Server.java:run(1185)) - Stopping IPC Server listener on 35057
2019-07-30 17:00:27,860 INFO  utils.BackgroundService (BackgroundService.java:shutdown(148)) - Shutting down service KeyDeletingService
2019-07-30 17:00:27,860 INFO  ipc.Server (Server.java:run(1319)) - Stopping IPC Server Responder
2019-07-30 17:00:27,864 INFO  handler.ContextHandler (ContextHandler.java:doStop(910)) - Stopped o.e.j.w.WebAppContext@61a8bba2{/,null,UNAVAILABLE}{/ozoneManager}
2019-07-30 17:00:27,870 INFO  server.AbstractConnector (AbstractConnector.java:doStop(318)) - Stopped ServerConnector@3c974e4a{HTTP/1.1,[http/1.1]}{0.0.0.0:0}
2019-07-30 17:00:27,871 INFO  handler.ContextHandler (ContextHandler.java:doStop(910)) - Stopped o.e.j.s.ServletContextHandler@d87de7a{/static,file:///workdir/hadoop-ozone/integration-test/target/test-classes/webapps/static,UNAVAILABLE}
2019-07-30 17:00:27,871 INFO  handler.ContextHandler (ContextHandler.java:doStop(910)) - Stopped o.e.j.s.ServletContextHandler@227302fc{/logs,file:///workdir/hadoop-ozone/integration-test/target/log,UNAVAILABLE}
2019-07-30 17:00:27,889 INFO  ozone.MiniOzoneClusterImpl (MiniOzoneClusterImpl.java:stop(344)) - Shutting the HddsDatanodes
2019-07-30 17:00:27,890 INFO  datanode.ObjectStoreHandler (ObjectStoreHandler.java:close(155)) - Closing ObjectStoreHandler.
2019-07-30 17:00:27,891 INFO  ozone.HddsDatanodeService (HddsDatanodeService.java:stop(451)) - Stopped plug-in org.apache.hadoop.ozone.web.OzoneHddsDatanodeService@77f19af9
2019-07-30 17:00:27,954 INFO  statemachine.DatanodeStateMachine (DatanodeStateMachine.java:lambda$startDaemon$0(350)) - Ozone container server started.
2019-07-30 17:00:28,591 INFO  container.ReplicationManager (ReplicationManager.java:start(155)) - Starting Replication Monitor Thread.
2019-07-30 17:00:28,594 INFO  container.ReplicationManager (ReplicationManager.java:run(207)) - Replication Monitor Thread took 2 milliseconds for processing 3 containers.
2019-07-30 17:00:31,840 INFO  impl.FollowerState (FollowerState.java:run(106)) - 73a5efc1-ad01-45b9-84fb-ff8c4d9931e1:group-681D8F8A4F6B changes to CANDIDATE, lastRpcTime:5140, electionTimeout:5139ms
2019-07-30 17:00:31,840 INFO  impl.RoleInfo (RoleInfo.java:shutdownFollowerState(121)) - 73a5efc1-ad01-45b9-84fb-ff8c4d9931e1: shutdown FollowerState
2019-07-30 17:00:31,842 INFO  impl.RaftServerImpl (RaftServerImpl.java:setRole(171)) - 73a5efc1-ad01-45b9-84fb-ff8c4d9931e1:group-681D8F8A4F6B changes role from FOLLOWER to CANDIDATE at term 0 for changeToCandidate
2019-07-30 17:00:31,846 INFO  impl.RoleInfo (RoleInfo.java:updateAndGet(143)) - 73a5efc1-ad01-45b9-84fb-ff8c4d9931e1: start LeaderElection
2019-07-30 17:00:31,873 INFO  impl.LeaderElection (LeaderElection.java:askForVotes(181)) - 73a5efc1-ad01-45b9-84fb-ff8c4d9931e1:group-681D8F8A4F6B:LeaderElection1: begin an election at term 1 for -1: [73a5efc1-ad01-45b9-84fb-ff8c4d9931e1:192.168.69.86:37603], old=null
2019-07-30 17:00:31,876 INFO  impl.RoleInfo (RoleInfo.java:shutdownLeaderElection(134)) - 73a5efc1-ad01-45b9-84fb-ff8c4d9931e1: shutdown LeaderElection
2019-07-30 17:00:31,877 INFO  impl.RaftServerImpl (RaftServerImpl.java:setRole(171)) - 73a5efc1-ad01-45b9-84fb-ff8c4d9931e1:group-681D8F8A4F6B changes role from CANDIDATE to LEADER at term 1 for changeToLeader
2019-07-30 17:00:31,877 INFO  impl.RaftServerImpl (ServerState.java:setLeader(263)) - 73a5efc1-ad01-45b9-84fb-ff8c4d9931e1:group-681D8F8A4F6B change Leader from null to 73a5efc1-ad01-45b9-84fb-ff8c4d9931e1 at term 1 for becomeLeader, leader elected after 5638ms
2019-07-30 17:00:31,884 INFO  server.RaftServerConfigKeys (ConfUtils.java:logGet(43)) - raft.server.staging.catchup.gap = 1000 (default)
2019-07-30 17:00:31,885 INFO  server.RaftServerConfigKeys (ConfUtils.java:logGet(43)) - raft.server.rpc.sleep.time = 25ms (default)
2019-07-30 17:00:31,888 INFO  server.RaftServerConfigKeys (ConfUtils.java:logGet(43)) - raft.server.write.element-limit = 4096 (default)
2019-07-30 17:00:31,891 INFO  server.RaftServerConfigKeys (ConfUtils.java:logGet(43)) - raft.server.watch.timeout = 10s (default)
2019-07-30 17:00:31,891 INFO  server.RaftServerConfigKeys (ConfUtils.java:logGet(43)) - raft.server.watch.timeout.denomination = 1s (default)
2019-07-30 17:00:31,893 INFO  server.RaftServerConfigKeys (ConfUtils.java:logGet(43)) - raft.server.watch.element-limit = 65536 (default)
2019-07-30 17:00:31,903 INFO  impl.RoleInfo (RoleInfo.java:updateAndGet(143)) - 73a5efc1-ad01-45b9-84fb-ff8c4d9931e1: start LeaderState
2019-07-30 17:00:31,925 INFO  segmented.SegmentedRaftLogWorker (SegmentedRaftLogWorker.java:startLogSegment(380)) - 73a5efc1-ad01-45b9-84fb-ff8c4d9931e1-SegmentedRaftLogWorker:Storage Directory /workdir/hadoop-ozone/integration-test/target/test-dir/MiniOzoneClusterImpl-178e9de2-5eae-46f7-9fb1-920c758c7436/datanode-0/data/ratis/88a02a03-e9da-4ea9-be22-681d8f8a4f6b: Starting segment from index:0
2019-07-30 17:00:31,935 INFO  impl.RaftServerImpl (ServerState.java:setRaftConf(361)) - 73a5efc1-ad01-45b9-84fb-ff8c4d9931e1:group-681D8F8A4F6B set configuration 0: [73a5efc1-ad01-45b9-84fb-ff8c4d9931e1:192.168.69.86:37603], old=null at 0
2019-07-30 17:00:32,107 INFO  segmented.SegmentedRaftLogWorker (SegmentedRaftLogWorker.java:execute(569)) - 73a5efc1-ad01-45b9-84fb-ff8c4d9931e1-SegmentedRaftLogWorker:Storage Directory /workdir/hadoop-ozone/integration-test/target/test-dir/MiniOzoneClusterImpl-178e9de2-5eae-46f7-9fb1-920c758c7436/datanode-0/data/ratis/88a02a03-e9da-4ea9-be22-681d8f8a4f6b: created new log segment /workdir/hadoop-ozone/integration-test/target/test-dir/MiniOzoneClusterImpl-178e9de2-5eae-46f7-9fb1-920c758c7436/datanode-0/data/ratis/88a02a03-e9da-4ea9-be22-681d8f8a4f6b/current/log_inprogress_0
2019-07-30 17:00:32,895 INFO  ozoneimpl.OzoneContainer (OzoneContainer.java:stop(199)) - Attempting to stop container services.
2019-07-30 17:00:32,897 INFO  impl.RaftServerProxy (RaftServerProxy.java:lambda$close$4(314)) - 73a5efc1-ad01-45b9-84fb-ff8c4d9931e1: close
2019-07-30 17:00:32,900 INFO  impl.RaftServerImpl (RaftServerImpl.java:lambda$shutdown$3(245)) - 73a5efc1-ad01-45b9-84fb-ff8c4d9931e1: shutdown group-681D8F8A4F6B
2019-07-30 17:00:32,901 INFO  util.JmxRegister (JmxRegister.java:unregister(73)) - Successfully un-registered JMX Bean with object name Ratis:service=RaftServer,group=group-681D8F8A4F6B,id=73a5efc1-ad01-45b9-84fb-ff8c4d9931e1
2019-07-30 17:00:32,902 INFO  impl.RoleInfo (RoleInfo.java:shutdownLeaderState(104)) - 73a5efc1-ad01-45b9-84fb-ff8c4d9931e1: shutdown LeaderState
2019-07-30 17:00:32,904 INFO  impl.PendingRequests (PendingRequests.java:sendNotLeaderResponses(202)) - 73a5efc1-ad01-45b9-84fb-ff8c4d9931e1-PendingRequests: sendNotLeaderResponses
2019-07-30 17:00:32,906 INFO  impl.StateMachineUpdater (StateMachineUpdater.java:stopAndJoin(115)) - StateMachineUpdater:73a5efc1-ad01-45b9-84fb-ff8c4d9931e1:group-681D8F8A4F6B: set stopIndex = 0
2019-07-30 17:00:32,908 INFO  impl.RaftServerImpl (ServerState.java:close(394)) - 73a5efc1-ad01-45b9-84fb-ff8c4d9931e1:group-681D8F8A4F6B closes. The last applied log index is 0
2019-07-30 17:00:32,911 INFO  segmented.SegmentedRaftLogWorker (SegmentedRaftLogWorker.java:run(313)) - 73a5efc1-ad01-45b9-84fb-ff8c4d9931e1-SegmentedRaftLogWorker:Storage Directory /workdir/hadoop-ozone/integration-test/target/test-dir/MiniOzoneClusterImpl-178e9de2-5eae-46f7-9fb1-920c758c7436/datanode-0/data/ratis/88a02a03-e9da-4ea9-be22-681d8f8a4f6b was interrupted, exiting. There are 0 tasks remaining in the queue.
2019-07-30 17:00:32,914 INFO  segmented.SegmentedRaftLogWorker (SegmentedRaftLogWorker.java:close(228)) - 73a5efc1-ad01-45b9-84fb-ff8c4d9931e1-SegmentedRaftLogWorker:Storage Directory /workdir/hadoop-ozone/integration-test/target/test-dir/MiniOzoneClusterImpl-178e9de2-5eae-46f7-9fb1-920c758c7436/datanode-0/data/ratis/88a02a03-e9da-4ea9-be22-681d8f8a4f6b close()
2019-07-30 17:00:32,917 INFO  server.GrpcService (GrpcService.java:closeImpl(155)) - 73a5efc1-ad01-45b9-84fb-ff8c4d9931e1: shutdown server with port 37603 now
2019-07-30 17:00:32,920 INFO  server.GrpcService (GrpcService.java:closeImpl(163)) - 73a5efc1-ad01-45b9-84fb-ff8c4d9931e1: shutdown server with port 37603 successfully
2019-07-30 17:00:32,927 INFO  utils.BackgroundService (BackgroundService.java:shutdown(148)) - Shutting down service BlockDeletingService
2019-07-30 17:00:32,932 WARN  fs.CachingGetSpaceUsed (CachingGetSpaceUsed.java:run(183)) - Thread Interrupted waiting to refresh disk information: sleep interrupted
2019-07-30 17:00:32,948 INFO  statemachine.DatanodeStateMachine (DatanodeStateMachine.java:stopDaemon(395)) - Ozone container server stopped.
2019-07-30 17:00:32,950 INFO  handler.ContextHandler (ContextHandler.java:doStop(910)) - Stopped o.e.j.w.WebAppContext@54035107{/,null,UNAVAILABLE}{/hddsDatanode}
2019-07-30 17:00:32,951 INFO  server.AbstractConnector (AbstractConnector.java:doStop(318)) - Stopped ServerConnector@348e4ca3{HTTP/1.1,[http/1.1]}{0.0.0.0:0}
2019-07-30 17:00:32,951 INFO  handler.ContextHandler (ContextHandler.java:doStop(910)) - Stopped o.e.j.s.ServletContextHandler@1e05543c{/static,jar:file:/home/user/.m2/repository/org/apache/hadoop/hadoop-hdds-container-service/0.4.1-SNAPSHOT/hadoop-hdds-container-service-0.4.1-SNAPSHOT.jar!/webapps/static,UNAVAILABLE}
2019-07-30 17:00:32,952 INFO  handler.ContextHandler (ContextHandler.java:doStop(910)) - Stopped o.e.j.s.ServletContextHandler@47587361{/logs,file:///workdir/hadoop-ozone/integration-test/target/log,UNAVAILABLE}
2019-07-30 17:00:32,954 INFO  ozone.MiniOzoneClusterImpl (MiniOzoneClusterImpl.java:stop(353)) - Stopping the StorageContainerManager
2019-07-30 17:00:32,954 INFO  server.StorageContainerManager (StorageContainerManager.java:stop(796)) - Stopping Replication Manager Service.
2019-07-30 17:00:32,955 INFO  container.ReplicationManager (ReplicationManager.java:stop(187)) - Stopping Replication Monitor Thread.
2019-07-30 17:00:32,955 INFO  server.StorageContainerManager (StorageContainerManager.java:stop(803)) - Stopping Lease Manager of the command watchers
2019-07-30 17:00:32,955 INFO  server.StorageContainerManager (StorageContainerManager.java:stop(810)) - Stopping datanode service RPC server
2019-07-30 17:00:32,955 INFO  server.SCMDatanodeProtocolServer (SCMDatanodeProtocolServer.java:stop(367)) - Stopping the RPC server for DataNodes
2019-07-30 17:00:32,955 INFO  ipc.Server (Server.java:stop(3082)) - Stopping server on 40576
2019-07-30 17:00:32,957 INFO  ipc.Server (Server.java:run(1185)) - Stopping IPC Server listener on 40576
2019-07-30 17:00:32,957 INFO  ipc.Server (Server.java:run(1319)) - Stopping IPC Server Responder
2019-07-30 17:00:33,006 WARN  node.NodeStateManager (NodeStateManager.java:scheduleNextHealthCheck(631)) - Current Thread is interrupted, shutting down HB processing thread for Node Manager.
2019-07-30 17:00:33,007 INFO  server.StorageContainerManager (StorageContainerManager.java:stop(818)) - Stopping block service RPC server
2019-07-30 17:00:33,007 INFO  server.SCMBlockProtocolServer (SCMBlockProtocolServer.java:stop(148)) - Stopping the RPC server for Block Protocol
2019-07-30 17:00:33,007 INFO  ipc.Server (Server.java:stop(3082)) - Stopping server on 36783
2019-07-30 17:00:33,008 INFO  server.StorageContainerManager (StorageContainerManager.java:stop(825)) - Stopping the StorageContainerLocationProtocol RPC server
2019-07-30 17:00:33,008 INFO  server.SCMClientProtocolServer (SCMClientProtocolServer.java:stop(159)) - Stopping the RPC server for Client Protocol
2019-07-30 17:00:33,008 INFO  ipc.Server (Server.java:stop(3082)) - Stopping server on 33647
2019-07-30 17:00:33,010 INFO  ipc.Server (Server.java:run(1185)) - Stopping IPC Server listener on 36783
2019-07-30 17:00:33,010 INFO  ipc.Server (Server.java:run(1319)) - Stopping IPC Server Responder
2019-07-30 17:00:33,011 INFO  ipc.Server (Server.java:run(1185)) - Stopping IPC Server listener on 33647
2019-07-30 17:00:33,011 INFO  server.StorageContainerManager (StorageContainerManager.java:stop(832)) - Stopping Storage Container Manager HTTP server.
2019-07-30 17:00:33,011 INFO  ipc.Server (Server.java:run(1319)) - Stopping IPC Server Responder
2019-07-30 17:00:33,012 INFO  handler.ContextHandler (ContextHandler.java:doStop(910)) - Stopped o.e.j.w.WebAppContext@3bbe12c{/,null,UNAVAILABLE}{/scm}
2019-07-30 17:00:33,014 INFO  server.AbstractConnector (AbstractConnector.java:doStop(318)) - Stopped ServerConnector@6456e4b9{HTTP/1.1,[http/1.1]}{0.0.0.0:0}
2019-07-30 17:00:33,014 INFO  handler.ContextHandler (ContextHandler.java:doStop(910)) - Stopped o.e.j.s.ServletContextHandler@4cd4031{/static,file:///workdir/hadoop-ozone/integration-test/target/test-classes/webapps/static,UNAVAILABLE}
2019-07-30 17:00:33,015 INFO  handler.ContextHandler (ContextHandler.java:doStop(910)) - Stopped o.e.j.s.ServletContextHandler@67f90339{/logs,file:///workdir/hadoop-ozone/integration-test/target/log,UNAVAILABLE}
2019-07-30 17:00:33,017 INFO  server.StorageContainerManager (StorageContainerManager.java:stop(843)) - Stopping Block Manager Service.
2019-07-30 17:00:33,018 INFO  utils.BackgroundService (BackgroundService.java:shutdown(148)) - Shutting down service SCMBlockDeletingService
2019-07-30 17:00:33,018 INFO  utils.BackgroundService (BackgroundService.java:shutdown(148)) - Shutting down service SCMBlockDeletingService
2019-07-30 17:00:33,019 INFO  server.StorageContainerManager (StorageContainerManager.java:stop(865)) - Stopping SCM Event Queue.
2019-07-30 17:00:33,028 INFO  impl.MetricsSystemImpl (MetricsSystemImpl.java:stop(210)) - Stopping XceiverClientMetrics metrics system...
2019-07-30 17:00:33,030 INFO  impl.MetricsSystemImpl (MetricsSystemImpl.java:stop(216)) - XceiverClientMetrics metrics system stopped.
]]></system-out>
    <system-err><![CDATA[ERROR StatusLogger No Log4j 2 configuration file found. Using default configuration (logging only errors to the console), or user programmatically provided configurations. Set system property 'log4j2.debug' to show Log4j 2 internal initialization logging. See https://logging.apache.org/log4j/2.x/manual/configuration.html for instructions on how to configure Log4j 2
Jul 30, 2019 5:00:20 PM com.sun.jersey.server.impl.application.WebApplicationImpl _initiate
INFO: Initiating Jersey application, version 'Jersey: 1.19 02/11/2015 03:25 AM'
Jul 30, 2019 5:00:26 PM com.sun.jersey.server.impl.application.WebApplicationImpl _initiate
INFO: Initiating Jersey application, version 'Jersey: 1.19 02/11/2015 03:25 AM'
]]></system-err>
  </testcase>
  <testcase name="testBlockDeletingThrottling" classname="org.apache.hadoop.ozone.TestStorageContainerManager" time="6.972">
    <error message="Unexpected Storage Container Exception: org.apache.hadoop.hdds.scm.container.common.helpers.StorageContainerException: ContainerID 3 creation failed" type="java.io.IOException">java.io.IOException: Unexpected Storage Container Exception: org.apache.hadoop.hdds.scm.container.common.helpers.StorageContainerException: ContainerID 3 creation failed
	at org.apache.hadoop.hdds.scm.storage.BlockOutputStream.setIoException(BlockOutputStream.java:541)
	at org.apache.hadoop.hdds.scm.storage.BlockOutputStream.validateResponse(BlockOutputStream.java:532)
	at org.apache.hadoop.hdds.scm.storage.BlockOutputStream.lambda$writeChunkToContainer$2(BlockOutputStream.java:606)
	at java.util.concurrent.CompletableFuture.uniApply(CompletableFuture.java:602)
	at java.util.concurrent.CompletableFuture$UniApply.tryFire(CompletableFuture.java:577)
	at java.util.concurrent.CompletableFuture$Completion.run(CompletableFuture.java:442)
	at java.util.concurrent.ThreadPoolExecutor.runWorker(ThreadPoolExecutor.java:1149)
	at java.util.concurrent.ThreadPoolExecutor$Worker.run(ThreadPoolExecutor.java:624)
	at java.lang.Thread.run(Thread.java:748)
Caused by: org.apache.hadoop.hdds.scm.container.common.helpers.StorageContainerException: ContainerID 3 creation failed
	at org.apache.hadoop.hdds.scm.storage.ContainerProtocolCalls.validateContainerResponse(ContainerProtocolCalls.java:536)
	at org.apache.hadoop.hdds.scm.storage.BlockOutputStream.validateResponse(BlockOutputStream.java:529)
	... 7 more
</error>
    <system-out><![CDATA[2019-07-30 17:00:33,124 WARN  server.ServerUtils (ServerUtils.java:getScmDbDir(145)) - ozone.scm.db.dirs is not configured. We recommend adding this setting. Falling back to ozone.metadata.dirs instead.
2019-07-30 17:00:33,139 WARN  server.ServerUtils (ServerUtils.java:getScmDbDir(145)) - ozone.scm.db.dirs is not configured. We recommend adding this setting. Falling back to ozone.metadata.dirs instead.
2019-07-30 17:00:33,140 WARN  server.ServerUtils (ServerUtils.java:getScmDbDir(145)) - ozone.scm.db.dirs is not configured. We recommend adding this setting. Falling back to ozone.metadata.dirs instead.
2019-07-30 17:00:33,140 INFO  db.DBStoreBuilder (DBStoreBuilder.java:addTable(110)) - using custom profile for table: deletedBlocks
2019-07-30 17:00:33,140 INFO  db.DBStoreBuilder (DBStoreBuilder.java:processTables(161)) - Using default column profile:DBProfile.DISK for Table:deletedBlocks
2019-07-30 17:00:33,141 INFO  db.DBStoreBuilder (DBStoreBuilder.java:addTable(110)) - using custom profile for table: validCerts
2019-07-30 17:00:33,141 INFO  db.DBStoreBuilder (DBStoreBuilder.java:processTables(161)) - Using default column profile:DBProfile.DISK for Table:validCerts
2019-07-30 17:00:33,141 INFO  db.DBStoreBuilder (DBStoreBuilder.java:addTable(110)) - using custom profile for table: revokedCerts
2019-07-30 17:00:33,142 INFO  db.DBStoreBuilder (DBStoreBuilder.java:processTables(161)) - Using default column profile:DBProfile.DISK for Table:revokedCerts
2019-07-30 17:00:33,142 INFO  db.DBStoreBuilder (DBStoreBuilder.java:addTable(110)) - using custom profile for table: default
2019-07-30 17:00:33,142 INFO  db.DBStoreBuilder (DBStoreBuilder.java:processTables(167)) - Using default column profile:DBProfile.DISK for Table:default
2019-07-30 17:00:33,142 INFO  db.DBStoreBuilder (DBStoreBuilder.java:getDbProfile(198)) - Using default options. DBProfile.DISK
2019-07-30 17:00:33,379 INFO  net.NodeSchemaLoader (NodeSchemaLoader.java:loadSchemaFromFile(125)) - Loading file from sun.misc.CompoundEnumeration@350bff39
2019-07-30 17:00:33,379 INFO  net.NodeSchemaLoader (NodeSchemaLoader.java:loadSchema(171)) - Loading network topology layer schema file
2019-07-30 17:00:33,385 INFO  node.SCMNodeManager (SCMNodeManager.java:<init>(121)) - Entering startup safe mode.
2019-07-30 17:00:33,386 WARN  server.ServerUtils (ServerUtils.java:getScmDbDir(145)) - ozone.scm.db.dirs is not configured. We recommend adding this setting. Falling back to ozone.metadata.dirs instead.
2019-07-30 17:00:33,468 INFO  pipeline.SCMPipelineManager (SCMPipelineManager.java:initializePipelineState(126)) - No pipeline exists in current db
2019-07-30 17:00:33,468 WARN  server.ServerUtils (ServerUtils.java:getScmDbDir(145)) - ozone.scm.db.dirs is not configured. We recommend adding this setting. Falling back to ozone.metadata.dirs instead.
2019-07-30 17:00:33,521 WARN  events.EventQueue (EventQueue.java:fireEvent(175)) - No event handler registered for event TypedEvent{payloadType=SafeModeStatus, name='SafeModeStatus'}
2019-07-30 17:00:33,522 INFO  ipc.CallQueueManager (CallQueueManager.java:<init>(84)) - Using callQueue: class java.util.concurrent.LinkedBlockingQueue, queueCapacity: 2000, scheduler: class org.apache.hadoop.ipc.DefaultRpcScheduler, ipcBackoff: false.
2019-07-30 17:00:33,523 INFO  ipc.Server (Server.java:run(1074)) - Starting Socket Reader #1 for port 44939
2019-07-30 17:00:33,525 INFO  ipc.CallQueueManager (CallQueueManager.java:<init>(84)) - Using callQueue: class java.util.concurrent.LinkedBlockingQueue, queueCapacity: 2000, scheduler: class org.apache.hadoop.ipc.DefaultRpcScheduler, ipcBackoff: false.
2019-07-30 17:00:33,526 INFO  ipc.Server (Server.java:run(1074)) - Starting Socket Reader #1 for port 34255
2019-07-30 17:00:33,527 INFO  ipc.CallQueueManager (CallQueueManager.java:<init>(84)) - Using callQueue: class java.util.concurrent.LinkedBlockingQueue, queueCapacity: 2000, scheduler: class org.apache.hadoop.ipc.DefaultRpcScheduler, ipcBackoff: false.
2019-07-30 17:00:33,528 INFO  ipc.Server (Server.java:run(1074)) - Starting Socket Reader #1 for port 43900
2019-07-30 17:00:33,531 INFO  hdfs.DFSUtil (DFSUtil.java:httpServerTemplateForNNAndJN(1641)) - Starting Web-server for scm at: http://0.0.0.0:0
2019-07-30 17:00:33,534 INFO  server.AuthenticationFilter (AuthenticationFilter.java:constructSecretProvider(240)) - Unable to initialize FileSignerSecretProvider, falling back to use random secrets.
2019-07-30 17:00:33,535 WARN  http.HttpRequestLog (HttpRequestLog.java:getRequestLog(97)) - Jetty request log can only be enabled using Log4j
2019-07-30 17:00:33,538 INFO  http.HttpServer2 (HttpServer2.java:addGlobalFilter(975)) - Added global filter 'safety' (class=org.apache.hadoop.http.HttpServer2$QuotingInputFilter)
2019-07-30 17:00:33,539 INFO  http.HttpServer2 (HttpServer2.java:addFilter(948)) - Added filter static_user_filter (class=org.apache.hadoop.http.lib.StaticUserWebFilter$StaticUserFilter) to context scm
2019-07-30 17:00:33,540 INFO  http.HttpServer2 (HttpServer2.java:addFilter(958)) - Added filter static_user_filter (class=org.apache.hadoop.http.lib.StaticUserWebFilter$StaticUserFilter) to context logs
2019-07-30 17:00:33,540 INFO  http.HttpServer2 (HttpServer2.java:addFilter(958)) - Added filter static_user_filter (class=org.apache.hadoop.http.lib.StaticUserWebFilter$StaticUserFilter) to context static
2019-07-30 17:00:33,544 INFO  server.StorageContainerManager (StorageContainerManager.java:start(758)) - StorageContainerLocationProtocol RPC server is listening at /0.0.0.0:43900
2019-07-30 17:00:33,546 WARN  impl.MetricsConfig (MetricsConfig.java:loadFirst(134)) - Cannot locate configuration: tried hadoop-metrics2-storagecontainermanager.properties,hadoop-metrics2.properties
2019-07-30 17:00:33,547 INFO  impl.MetricsSystemImpl (MetricsSystemImpl.java:startTimer(374)) - Scheduled Metric snapshot period at 10 second(s).
2019-07-30 17:00:33,548 INFO  impl.MetricsSystemImpl (MetricsSystemImpl.java:start(191)) - StorageContainerManager metrics system started
2019-07-30 17:00:33,576 INFO  server.SCMClientProtocolServer (SCMClientProtocolServer.java:start(151)) - RPC server for Client  is listening at /0.0.0.0:43900
2019-07-30 17:00:33,576 INFO  ipc.Server (Server.java:run(1314)) - IPC Server Responder: starting
2019-07-30 17:00:33,576 INFO  ipc.Server (Server.java:run(1153)) - IPC Server listener on 43900: starting
2019-07-30 17:00:33,580 INFO  server.StorageContainerManager (StorageContainerManager.java:start(768)) - ScmBlockLocationProtocol RPC server is listening at /0.0.0.0:34255
2019-07-30 17:00:33,580 INFO  server.SCMBlockProtocolServer (SCMBlockProtocolServer.java:start(140)) - RPC server for Block Protocol is listening at /0.0.0.0:34255
2019-07-30 17:00:33,581 INFO  ipc.Server (Server.java:run(1314)) - IPC Server Responder: starting
2019-07-30 17:00:33,581 INFO  ipc.Server (Server.java:run(1153)) - IPC Server listener on 34255: starting
2019-07-30 17:00:33,585 INFO  server.StorageContainerManager (StorageContainerManager.java:start(772)) - ScmDatanodeProtocl RPC server is listening at /0.0.0.0:44939
2019-07-30 17:00:33,585 INFO  server.SCMDatanodeProtocolServer (SCMDatanodeProtocolServer.java:start(191)) - RPC server for DataNodes is listening at /0.0.0.0:44939
2019-07-30 17:00:33,586 INFO  ipc.Server (Server.java:run(1314)) - IPC Server Responder: starting
2019-07-30 17:00:33,586 INFO  ipc.Server (Server.java:run(1153)) - IPC Server listener on 44939: starting
2019-07-30 17:00:33,590 INFO  http.HttpServer2 (HttpServer2.java:bindListener(1191)) - Jetty bound to port 46267
2019-07-30 17:00:33,590 INFO  server.Server (Server.java:doStart(351)) - jetty-9.3.24.v20180605, build timestamp: 2018-06-05T17:11:56Z, git hash: 84205aa28f11a4f31f2a3b86d1bba2cc8ab69827
2019-07-30 17:00:33,593 INFO  handler.ContextHandler (ContextHandler.java:doStart(781)) - Started o.e.j.s.ServletContextHandler@1ce06993{/logs,file:///workdir/hadoop-ozone/integration-test/target/log,AVAILABLE}
2019-07-30 17:00:33,593 INFO  handler.ContextHandler (ContextHandler.java:doStart(781)) - Started o.e.j.s.ServletContextHandler@17527bbe{/static,file:///workdir/hadoop-ozone/integration-test/target/test-classes/webapps/static,AVAILABLE}
2019-07-30 17:00:33,600 INFO  handler.ContextHandler (ContextHandler.java:doStart(781)) - Started o.e.j.w.WebAppContext@7f7a3065{/,file:///workdir/hadoop-ozone/integration-test/target/test-classes/webapps/scm/,AVAILABLE}{/scm}
2019-07-30 17:00:33,601 INFO  server.AbstractConnector (AbstractConnector.java:doStart(278)) - Started ServerConnector@3f99100f{HTTP/1.1,[http/1.1]}{0.0.0.0:46267}
2019-07-30 17:00:33,601 INFO  server.Server (Server.java:doStart(419)) - Started @17946ms
2019-07-30 17:00:33,602 INFO  server.BaseHttpServer (BaseHttpServer.java:updateConnectorAddress(207)) - HTTP server of SCM is listening at http://0.0.0.0:46267
2019-07-30 17:00:33,602 WARN  server.ServerUtils (ServerUtils.java:getDBPath(222)) - ozone.om.db.dirs is not configured. We recommend adding this setting. Falling back to ozone.metadata.dirs instead.
2019-07-30 17:00:33,603 INFO  util.JvmPauseMonitor (JvmPauseMonitor.java:run(188)) - Starting JVM pause monitor
2019-07-30 17:00:33,618 WARN  server.ServerUtils (ServerUtils.java:getDBPath(222)) - ozone.om.db.dirs is not configured. We recommend adding this setting. Falling back to ozone.metadata.dirs instead.
2019-07-30 17:00:33,618 WARN  server.ServerUtils (ServerUtils.java:getDBPath(222)) - ozone.om.db.dirs is not configured. We recommend adding this setting. Falling back to ozone.metadata.dirs instead.
2019-07-30 17:00:33,619 INFO  om.OzoneManager (OzoneManager.java:setOMNodeDetails(644)) - OM Service ID is not set. Setting it to the default ID: omServiceIdDefault
2019-07-30 17:00:33,619 INFO  om.OzoneManager (OzoneManager.java:setOMNodeDetails(650)) - OM Node ID is not set. Setting it to the OmStorage's OmID: 619076b9-8ae8-416c-878f-1e8417b3e692
2019-07-30 17:00:33,619 INFO  om.OzoneManager (OzoneManager.java:loadOMHAConfigs(601)) - Found matching OM address with OMServiceId: null, OMNodeId: null, RPC Address: localhost:0 and Ratis port: 9872
2019-07-30 17:00:33,628 WARN  server.ServerUtils (ServerUtils.java:getDBPath(222)) - ozone.om.db.dirs is not configured. We recommend adding this setting. Falling back to ozone.metadata.dirs instead.
2019-07-30 17:00:33,629 INFO  db.DBStoreBuilder (DBStoreBuilder.java:addTable(110)) - using custom profile for table: userTable
2019-07-30 17:00:33,629 INFO  db.DBStoreBuilder (DBStoreBuilder.java:processTables(161)) - Using default column profile:DBProfile.DISK for Table:userTable
2019-07-30 17:00:33,629 INFO  db.DBStoreBuilder (DBStoreBuilder.java:addTable(110)) - using custom profile for table: volumeTable
2019-07-30 17:00:33,629 INFO  db.DBStoreBuilder (DBStoreBuilder.java:processTables(161)) - Using default column profile:DBProfile.DISK for Table:volumeTable
2019-07-30 17:00:33,630 INFO  db.DBStoreBuilder (DBStoreBuilder.java:addTable(110)) - using custom profile for table: bucketTable
2019-07-30 17:00:33,630 INFO  db.DBStoreBuilder (DBStoreBuilder.java:processTables(161)) - Using default column profile:DBProfile.DISK for Table:bucketTable
2019-07-30 17:00:33,630 INFO  db.DBStoreBuilder (DBStoreBuilder.java:addTable(110)) - using custom profile for table: keyTable
2019-07-30 17:00:33,630 INFO  db.DBStoreBuilder (DBStoreBuilder.java:processTables(161)) - Using default column profile:DBProfile.DISK for Table:keyTable
2019-07-30 17:00:33,631 INFO  db.DBStoreBuilder (DBStoreBuilder.java:addTable(110)) - using custom profile for table: deletedTable
2019-07-30 17:00:33,631 INFO  db.DBStoreBuilder (DBStoreBuilder.java:processTables(161)) - Using default column profile:DBProfile.DISK for Table:deletedTable
2019-07-30 17:00:33,631 INFO  db.DBStoreBuilder (DBStoreBuilder.java:addTable(110)) - using custom profile for table: openKeyTable
2019-07-30 17:00:33,631 INFO  db.DBStoreBuilder (DBStoreBuilder.java:processTables(161)) - Using default column profile:DBProfile.DISK for Table:openKeyTable
2019-07-30 17:00:33,632 INFO  db.DBStoreBuilder (DBStoreBuilder.java:addTable(110)) - using custom profile for table: s3Table
2019-07-30 17:00:33,632 INFO  db.DBStoreBuilder (DBStoreBuilder.java:processTables(161)) - Using default column profile:DBProfile.DISK for Table:s3Table
2019-07-30 17:00:33,632 INFO  db.DBStoreBuilder (DBStoreBuilder.java:addTable(110)) - using custom profile for table: multipartInfoTable
2019-07-30 17:00:33,632 INFO  db.DBStoreBuilder (DBStoreBuilder.java:processTables(161)) - Using default column profile:DBProfile.DISK for Table:multipartInfoTable
2019-07-30 17:00:33,633 INFO  db.DBStoreBuilder (DBStoreBuilder.java:addTable(110)) - using custom profile for table: dTokenTable
2019-07-30 17:00:33,633 INFO  db.DBStoreBuilder (DBStoreBuilder.java:processTables(161)) - Using default column profile:DBProfile.DISK for Table:dTokenTable
2019-07-30 17:00:33,633 INFO  db.DBStoreBuilder (DBStoreBuilder.java:addTable(110)) - using custom profile for table: s3SecretTable
2019-07-30 17:00:33,633 INFO  db.DBStoreBuilder (DBStoreBuilder.java:processTables(161)) - Using default column profile:DBProfile.DISK for Table:s3SecretTable
2019-07-30 17:00:33,633 INFO  db.DBStoreBuilder (DBStoreBuilder.java:addTable(110)) - using custom profile for table: prefixTable
2019-07-30 17:00:33,634 INFO  db.DBStoreBuilder (DBStoreBuilder.java:processTables(161)) - Using default column profile:DBProfile.DISK for Table:prefixTable
2019-07-30 17:00:33,634 INFO  db.DBStoreBuilder (DBStoreBuilder.java:addTable(110)) - using custom profile for table: default
2019-07-30 17:00:33,634 INFO  db.DBStoreBuilder (DBStoreBuilder.java:processTables(167)) - Using default column profile:DBProfile.DISK for Table:default
2019-07-30 17:00:33,634 INFO  db.DBStoreBuilder (DBStoreBuilder.java:getDbProfile(198)) - Using default options. DBProfile.DISK
2019-07-30 17:00:34,273 INFO  ipc.CallQueueManager (CallQueueManager.java:<init>(84)) - Using callQueue: class java.util.concurrent.LinkedBlockingQueue, queueCapacity: 2000, scheduler: class org.apache.hadoop.ipc.DefaultRpcScheduler, ipcBackoff: false.
2019-07-30 17:00:34,274 INFO  ipc.Server (Server.java:run(1074)) - Starting Socket Reader #1 for port 44120
2019-07-30 17:00:34,294 INFO  om.OzoneManager (OzoneManager.java:start(1255)) - OzoneManager RPC server is listening at localhost/127.0.0.1:44120
2019-07-30 17:00:34,294 INFO  impl.MetricsSystemImpl (MetricsSystemImpl.java:init(158)) - OzoneManager metrics system started (again)
2019-07-30 17:00:34,295 INFO  ipc.Server (Server.java:run(1314)) - IPC Server Responder: starting
2019-07-30 17:00:34,295 INFO  ipc.Server (Server.java:run(1153)) - IPC Server listener on 44120: starting
2019-07-30 17:00:34,300 INFO  hdfs.DFSUtil (DFSUtil.java:httpServerTemplateForNNAndJN(1641)) - Starting Web-server for ozoneManager at: http://0.0.0.0:0
2019-07-30 17:00:34,302 INFO  server.AuthenticationFilter (AuthenticationFilter.java:constructSecretProvider(240)) - Unable to initialize FileSignerSecretProvider, falling back to use random secrets.
2019-07-30 17:00:34,303 WARN  http.HttpRequestLog (HttpRequestLog.java:getRequestLog(97)) - Jetty request log can only be enabled using Log4j
2019-07-30 17:00:34,306 INFO  http.HttpServer2 (HttpServer2.java:addGlobalFilter(975)) - Added global filter 'safety' (class=org.apache.hadoop.http.HttpServer2$QuotingInputFilter)
2019-07-30 17:00:34,307 INFO  http.HttpServer2 (HttpServer2.java:addFilter(948)) - Added filter static_user_filter (class=org.apache.hadoop.http.lib.StaticUserWebFilter$StaticUserFilter) to context ozoneManager
2019-07-30 17:00:34,307 INFO  http.HttpServer2 (HttpServer2.java:addFilter(958)) - Added filter static_user_filter (class=org.apache.hadoop.http.lib.StaticUserWebFilter$StaticUserFilter) to context logs
2019-07-30 17:00:34,307 INFO  http.HttpServer2 (HttpServer2.java:addFilter(958)) - Added filter static_user_filter (class=org.apache.hadoop.http.lib.StaticUserWebFilter$StaticUserFilter) to context static
2019-07-30 17:00:34,309 INFO  http.HttpServer2 (HttpServer2.java:bindListener(1191)) - Jetty bound to port 45726
2019-07-30 17:00:34,309 INFO  server.Server (Server.java:doStart(351)) - jetty-9.3.24.v20180605, build timestamp: 2018-06-05T17:11:56Z, git hash: 84205aa28f11a4f31f2a3b86d1bba2cc8ab69827
2019-07-30 17:00:34,311 INFO  handler.ContextHandler (ContextHandler.java:doStart(781)) - Started o.e.j.s.ServletContextHandler@6d5d4cfc{/logs,file:///workdir/hadoop-ozone/integration-test/target/log,AVAILABLE}
2019-07-30 17:00:34,312 INFO  handler.ContextHandler (ContextHandler.java:doStart(781)) - Started o.e.j.s.ServletContextHandler@387ad99{/static,file:///workdir/hadoop-ozone/integration-test/target/test-classes/webapps/static,AVAILABLE}
2019-07-30 17:00:34,319 INFO  handler.ContextHandler (ContextHandler.java:doStart(781)) - Started o.e.j.w.WebAppContext@e0dd5cf{/,file:///workdir/hadoop-ozone/integration-test/target/test-classes/webapps/ozoneManager/,AVAILABLE}{/ozoneManager}
2019-07-30 17:00:34,320 INFO  server.AbstractConnector (AbstractConnector.java:doStart(278)) - Started ServerConnector@315a774b{HTTP/1.1,[http/1.1]}{0.0.0.0:45726}
2019-07-30 17:00:34,321 INFO  server.Server (Server.java:doStart(419)) - Started @18666ms
2019-07-30 17:00:34,322 INFO  server.BaseHttpServer (BaseHttpServer.java:updateConnectorAddress(207)) - HTTP server of OZONEMANAGER is listening at http://0.0.0.0:45726
2019-07-30 17:00:34,344 INFO  impl.MetricsSystemImpl (MetricsSystemImpl.java:init(158)) - HddsDatanode metrics system started (again)
2019-07-30 17:00:34,346 INFO  ozone.HddsDatanodeService (HddsDatanodeService.java:start(184)) - HddsDatanodeService host:byscane-nightly-58zn2-384979956 ip:192.168.69.86
2019-07-30 17:00:34,356 INFO  volume.HddsVolume (HddsVolume.java:<init>(176)) - Creating Volume: /workdir/hadoop-ozone/integration-test/target/test-dir/MiniOzoneClusterImpl-dc3127e6-9048-49f7-9eff-8667bdf59bd4/datanode-0/data/containers/hdds of  storage type : DISK and capacity : 52710309888
2019-07-30 17:00:34,356 INFO  volume.VolumeSet (VolumeSet.java:initializeVolumeSet(170)) - Added Volume : /workdir/hadoop-ozone/integration-test/target/test-dir/MiniOzoneClusterImpl-dc3127e6-9048-49f7-9eff-8667bdf59bd4/datanode-0/data/containers/hdds to VolumeSet
2019-07-30 17:00:34,357 INFO  volume.ThrottledAsyncChecker (ThrottledAsyncChecker.java:schedule(140)) - Scheduling a check for org.apache.hadoop.ozone.container.common.volume.HddsVolume@42db070
2019-07-30 17:00:34,358 INFO  volume.HddsVolumeChecker (HddsVolumeChecker.java:checkAllVolumes(203)) - Scheduled health check for volume org.apache.hadoop.ozone.container.common.volume.HddsVolume@42db070
2019-07-30 17:00:34,377 INFO  impl.RaftServerProxy (ConfUtils.java:logGet(43)) - raft.rpc.type = GRPC (default)
2019-07-30 17:00:34,377 INFO  grpc.GrpcFactory (GrpcFactory.java:checkPooledByteBufAllocatorUseCacheForAllThreads(45)) - PERFORMANCE WARNING: useCacheForAllThreads is true that may cause Netty to create a lot garbage objects and, as a result, trigger GC.
	It is recommended to disable useCacheForAllThreads by setting -Dorg.apache.ratis.thirdparty.io.netty.allocator.useCacheForAllThreads=false in command line.
2019-07-30 17:00:34,378 INFO  grpc.GrpcConfigKeys$Server (ConfUtils.java:logGet(43)) - raft.grpc.server.port = 0 (default)
2019-07-30 17:00:34,379 INFO  server.GrpcService (ConfUtils.java:logGet(43)) - raft.grpc.message.size.max = 33570816 (custom)
2019-07-30 17:00:34,379 INFO  server.RaftServerConfigKeys (ConfUtils.java:logGet(43)) - raft.server.log.appender.buffer.byte-limit = 33554432 (custom)
2019-07-30 17:00:34,379 INFO  server.GrpcService (ConfUtils.java:logGet(43)) - raft.grpc.flow.control.window = 1MB (=1048576) (default)
2019-07-30 17:00:34,379 INFO  server.RaftServerConfigKeys (ConfUtils.java:logGet(43)) - raft.server.rpc.request.timeout = 3000ms (default)
2019-07-30 17:00:34,380 INFO  server.RaftServerConfigKeys (ConfUtils.java:logGet(43)) - raft.server.storage.dir = [/workdir/hadoop-ozone/integration-test/target/test-dir/MiniOzoneClusterImpl-dc3127e6-9048-49f7-9eff-8667bdf59bd4/datanode-0/data/ratis] (custom)
2019-07-30 17:00:34,381 INFO  replication.SimpleContainerDownloader (SimpleContainerDownloader.java:<init>(72)) - Starting container downloader service to copy containers to replicate.
2019-07-30 17:00:34,382 INFO  hdfs.DFSUtil (DFSUtil.java:httpServerTemplateForNNAndJN(1641)) - Starting Web-server for hddsDatanode at: http://0.0.0.0:0
2019-07-30 17:00:34,384 INFO  server.AuthenticationFilter (AuthenticationFilter.java:constructSecretProvider(240)) - Unable to initialize FileSignerSecretProvider, falling back to use random secrets.
2019-07-30 17:00:34,384 WARN  http.HttpRequestLog (HttpRequestLog.java:getRequestLog(97)) - Jetty request log can only be enabled using Log4j
2019-07-30 17:00:34,386 INFO  http.HttpServer2 (HttpServer2.java:addGlobalFilter(975)) - Added global filter 'safety' (class=org.apache.hadoop.http.HttpServer2$QuotingInputFilter)
2019-07-30 17:00:34,386 INFO  http.HttpServer2 (HttpServer2.java:addFilter(948)) - Added filter static_user_filter (class=org.apache.hadoop.http.lib.StaticUserWebFilter$StaticUserFilter) to context hddsDatanode
2019-07-30 17:00:34,387 INFO  http.HttpServer2 (HttpServer2.java:addFilter(958)) - Added filter static_user_filter (class=org.apache.hadoop.http.lib.StaticUserWebFilter$StaticUserFilter) to context static
2019-07-30 17:00:34,387 INFO  http.HttpServer2 (HttpServer2.java:addFilter(958)) - Added filter static_user_filter (class=org.apache.hadoop.http.lib.StaticUserWebFilter$StaticUserFilter) to context logs
2019-07-30 17:00:34,387 INFO  http.HttpServer2 (HttpServer2.java:bindListener(1191)) - Jetty bound to port 33153
2019-07-30 17:00:34,388 INFO  server.Server (Server.java:doStart(351)) - jetty-9.3.24.v20180605, build timestamp: 2018-06-05T17:11:56Z, git hash: 84205aa28f11a4f31f2a3b86d1bba2cc8ab69827
2019-07-30 17:00:34,391 INFO  handler.ContextHandler (ContextHandler.java:doStart(781)) - Started o.e.j.s.ServletContextHandler@746c8e33{/logs,file:///workdir/hadoop-ozone/integration-test/target/log,AVAILABLE}
2019-07-30 17:00:34,392 INFO  handler.ContextHandler (ContextHandler.java:doStart(781)) - Started o.e.j.s.ServletContextHandler@cfb656d{/static,jar:file:/home/user/.m2/repository/org/apache/hadoop/hadoop-hdds-container-service/0.4.1-SNAPSHOT/hadoop-hdds-container-service-0.4.1-SNAPSHOT.jar!/webapps/static,AVAILABLE}
2019-07-30 17:00:34,424 INFO  handler.ContextHandler (ContextHandler.java:doStart(781)) - Started o.e.j.w.WebAppContext@250423b{/,file:///tmp/jetty-0.0.0.0-33153-hddsDatanode-_-any-4561339829099053840.dir/webapp/,AVAILABLE}{/hddsDatanode}
2019-07-30 17:00:34,425 INFO  server.AbstractConnector (AbstractConnector.java:doStart(278)) - Started ServerConnector@603a1ed4{HTTP/1.1,[http/1.1]}{0.0.0.0:33153}
2019-07-30 17:00:34,426 INFO  server.Server (Server.java:doStart(419)) - Started @18771ms
2019-07-30 17:00:34,426 INFO  server.BaseHttpServer (BaseHttpServer.java:updateConnectorAddress(207)) - HTTP server of HDDSDATANODE is listening at http://0.0.0.0:33153
2019-07-30 17:00:34,573 INFO  ozone.HddsDatanodeService (HddsDatanodeService.java:startPlugins(395)) - Started plug-in org.apache.hadoop.ozone.web.OzoneHddsDatanodeService@c69a290
2019-07-30 17:00:34,573 INFO  ozone.MiniOzoneClusterImpl (MiniOzoneClusterImpl.java:lambda$waitForClusterToBeReady$0(142)) - Waiting for cluster to be ready. Got 0 of 1 DN Heartbeats.
2019-07-30 17:00:34,577 INFO  util.JvmPauseMonitor (JvmPauseMonitor.java:run(188)) - Starting JVM pause monitor
2019-07-30 17:00:34,584 INFO  datanode.InitDatanodeState (InitDatanodeState.java:persistContainerDatanodeDetails(140)) - DatanodeDetails is persisted to /workdir/hadoop-ozone/integration-test/target/test-dir/MiniOzoneClusterImpl-dc3127e6-9048-49f7-9eff-8667bdf59bd4/datanode-0/meta/datanode.id
2019-07-30 17:00:35,575 INFO  ozone.MiniOzoneClusterImpl (MiniOzoneClusterImpl.java:lambda$waitForClusterToBeReady$0(142)) - Waiting for cluster to be ready. Got 0 of 1 DN Heartbeats.
2019-07-30 17:00:36,576 INFO  ozone.MiniOzoneClusterImpl (MiniOzoneClusterImpl.java:lambda$waitForClusterToBeReady$0(142)) - Waiting for cluster to be ready. Got 0 of 1 DN Heartbeats.
2019-07-30 17:00:36,603 INFO  ozoneimpl.OzoneContainer (OzoneContainer.java:start(186)) - Attempting to start container services.
2019-07-30 17:00:36,605 INFO  ozoneimpl.OzoneContainer (OzoneContainer.java:startContainerScrub(160)) - Background container scrubber has been disabled by hdds.containerscrub.enabled
2019-07-30 17:00:36,605 INFO  ratis.XceiverServerRatis (XceiverServerRatis.java:start(404)) - Starting XceiverServerRatis ee2ae212-e0ea-41a2-8129-3904fd8bde38 at port 0
2019-07-30 17:00:36,615 INFO  impl.RaftServerProxy (RaftServerProxy.java:lambda$start$3(299)) - ee2ae212-e0ea-41a2-8129-3904fd8bde38: start RPC server
2019-07-30 17:00:36,618 INFO  server.GrpcService (GrpcService.java:startImpl(149)) - ee2ae212-e0ea-41a2-8129-3904fd8bde38: GrpcService started, listening on 0.0.0.0/0.0.0.0:34505
2019-07-30 17:00:36,618 INFO  ratis.XceiverServerRatis (XceiverServerRatis.java:start(414)) - XceiverServerRatis ee2ae212-e0ea-41a2-8129-3904fd8bde38 is started using port 34505
2019-07-30 17:00:36,621 INFO  server.XceiverServerGrpc (XceiverServerGrpc.java:start(161)) - XceiverServerGrpc ee2ae212-e0ea-41a2-8129-3904fd8bde38 is started using port 44077
2019-07-30 17:00:37,577 INFO  ozone.MiniOzoneClusterImpl (MiniOzoneClusterImpl.java:lambda$waitForClusterToBeReady$0(142)) - Waiting for cluster to be ready. Got 0 of 1 DN Heartbeats.
2019-07-30 17:00:38,577 INFO  ozone.MiniOzoneClusterImpl (MiniOzoneClusterImpl.java:lambda$waitForClusterToBeReady$0(142)) - Waiting for cluster to be ready. Got 0 of 1 DN Heartbeats.
2019-07-30 17:00:38,584 INFO  net.NetworkTopology (NetworkTopologyImpl.java:add(110)) - Added a new node: /default-rack/ee2ae212-e0ea-41a2-8129-3904fd8bde38
2019-07-30 17:00:38,585 INFO  node.SCMNodeManager (SCMNodeManager.java:register(273)) - Registered Data node : ee2ae212-e0ea-41a2-8129-3904fd8bde38{ip: 192.168.69.86, host: byscane-nightly-58zn2-384979956, networkLocation: /default-rack, certSerialId: null}
2019-07-30 17:00:38,587 INFO  safemode.SCMSafeModeManager (DataNodeSafeModeRule.java:process(71)) - SCM in safe mode. 1 DataNodes registered, 1 required.
2019-07-30 17:00:38,588 INFO  safemode.SCMSafeModeManager (SCMSafeModeManager.java:validateSafeModeExitRules(177)) - ScmSafeModeManager, all rules are successfully validated
2019-07-30 17:00:38,589 INFO  safemode.SCMSafeModeManager (SCMSafeModeManager.java:exitSafeMode(193)) - SCM exiting safe mode.
2019-07-30 17:00:38,607 INFO  impl.RaftServerProxy (RaftServerProxy.java:addNew(89)) - ee2ae212-e0ea-41a2-8129-3904fd8bde38: addNew group-7D23D36D47DE:[ee2ae212-e0ea-41a2-8129-3904fd8bde38:192.168.69.86:34505] returns group-7D23D36D47DE:java.util.concurrent.CompletableFuture@a50166[Not completed]
2019-07-30 17:00:38,609 INFO  impl.RaftServerImpl (RaftServerImpl.java:<init>(93)) - ee2ae212-e0ea-41a2-8129-3904fd8bde38: new RaftServerImpl for group-7D23D36D47DE:[ee2ae212-e0ea-41a2-8129-3904fd8bde38:192.168.69.86:34505] with ContainerStateMachine:uninitialized
2019-07-30 17:00:38,610 INFO  server.RaftServerConfigKeys (ConfUtils.java:logGet(43)) - raft.server.rpc.timeout.min = 5s (custom)
2019-07-30 17:00:38,611 INFO  server.RaftServerConfigKeys (ConfUtils.java:logGet(43)) - raft.server.rpc.timeout.max = 5200ms (custom)
2019-07-30 17:00:38,611 INFO  server.RaftServerConfigKeys (ConfUtils.java:logGet(43)) - raft.server.rpcslowness.timeout = 120s (custom)
2019-07-30 17:00:38,611 INFO  server.RaftServerConfigKeys (ConfUtils.java:logGet(43)) - raft.server.sleep.deviation.threshold = 300 (default)
2019-07-30 17:00:38,611 INFO  server.RaftServerConfigKeys (ConfUtils.java:logGet(43)) - raft.server.log.appender.install.snapshot.enabled = false (custom)
2019-07-30 17:00:38,612 INFO  impl.RaftServerImpl (ServerState.java:<init>(105)) - ee2ae212-e0ea-41a2-8129-3904fd8bde38:group-7D23D36D47DE ConfigurationManager, init=-1: [ee2ae212-e0ea-41a2-8129-3904fd8bde38:192.168.69.86:34505], old=null, confs=<EMPTY_MAP>
2019-07-30 17:00:38,612 INFO  server.RaftServerConfigKeys (ConfUtils.java:logGet(43)) - raft.server.storage.dir = [/workdir/hadoop-ozone/integration-test/target/test-dir/MiniOzoneClusterImpl-dc3127e6-9048-49f7-9eff-8667bdf59bd4/datanode-0/data/ratis] (custom)
2019-07-30 17:00:38,613 INFO  storage.RaftStorageDirectory (RaftStorageDirectory.java:analyzeStorage(246)) - The storage directory /workdir/hadoop-ozone/integration-test/target/test-dir/MiniOzoneClusterImpl-dc3127e6-9048-49f7-9eff-8667bdf59bd4/datanode-0/data/ratis/fb2416fa-cf61-40af-9acb-7d23d36d47de does not exist. Creating ...
2019-07-30 17:00:38,627 INFO  storage.RaftStorageDirectory (RaftStorageDirectory.java:tryLock(328)) - Lock on /workdir/hadoop-ozone/integration-test/target/test-dir/MiniOzoneClusterImpl-dc3127e6-9048-49f7-9eff-8667bdf59bd4/datanode-0/data/ratis/fb2416fa-cf61-40af-9acb-7d23d36d47de/in_use.lock acquired by nodename 28914@byscane-nightly-58zn2-384979956
2019-07-30 17:00:38,641 INFO  storage.RaftStorage (RaftStorage.java:format(72)) - Storage directory /workdir/hadoop-ozone/integration-test/target/test-dir/MiniOzoneClusterImpl-dc3127e6-9048-49f7-9eff-8667bdf59bd4/datanode-0/data/ratis/fb2416fa-cf61-40af-9acb-7d23d36d47de has been successfully formatted.
2019-07-30 17:00:38,641 INFO  ratis.ContainerStateMachine (ContainerStateMachine.java:loadSnapshot(213)) - group-7D23D36D47DE: The snapshot info is null. Setting the last applied indexto:(t:0, i:~)
2019-07-30 17:00:38,641 INFO  server.RaftServerConfigKeys (ConfUtils.java:logGet(43)) - raft.server.leader.election.timeout = 120s (custom)
2019-07-30 17:00:38,642 INFO  server.RaftServerConfigKeys (ConfUtils.java:logGet(43)) - raft.server.log.use.memory = false (default)
2019-07-30 17:00:38,642 INFO  server.RaftServerConfigKeys (ConfUtils.java:logGet(43)) - raft.server.log.purge.gap = 1000000000 (custom)
2019-07-30 17:00:38,642 INFO  server.RaftServerConfigKeys (ConfUtils.java:logGet(43)) - raft.server.log.appender.buffer.byte-limit = 33554432 (custom)
2019-07-30 17:00:38,642 INFO  server.RaftServerConfigKeys (ConfUtils.java:logGet(43)) - raft.server.log.segment.size.max = 1048576 (custom)
2019-07-30 17:00:38,642 INFO  server.RaftServerConfigKeys (ConfUtils.java:logGet(43)) - raft.server.log.segment.cache.num.max = 2 (custom)
2019-07-30 17:00:38,643 INFO  segmented.SegmentedRaftLogWorker (SegmentedRaftLogWorker.java:<init>(172)) - new ee2ae212-e0ea-41a2-8129-3904fd8bde38-SegmentedRaftLogWorker:Storage Directory /workdir/hadoop-ozone/integration-test/target/test-dir/MiniOzoneClusterImpl-dc3127e6-9048-49f7-9eff-8667bdf59bd4/datanode-0/data/ratis/fb2416fa-cf61-40af-9acb-7d23d36d47de for RaftStorage:Storage Directory /workdir/hadoop-ozone/integration-test/target/test-dir/MiniOzoneClusterImpl-dc3127e6-9048-49f7-9eff-8667bdf59bd4/datanode-0/data/ratis/fb2416fa-cf61-40af-9acb-7d23d36d47de
2019-07-30 17:00:38,643 INFO  server.RaftServerConfigKeys (ConfUtils.java:logGet(43)) - raft.server.log.queue.byte-limit = 2147483647 (custom)
2019-07-30 17:00:38,643 INFO  server.RaftServerConfigKeys (ConfUtils.java:logGet(43)) - raft.server.log.queue.element-limit = 1024 (custom)
2019-07-30 17:00:38,644 INFO  server.RaftServerConfigKeys (ConfUtils.java:logGet(43)) - raft.server.log.segment.size.max = 1048576 (custom)
2019-07-30 17:00:38,644 INFO  server.RaftServerConfigKeys (ConfUtils.java:logGet(43)) - raft.server.log.preallocated.size = 16384 (custom)
2019-07-30 17:00:38,644 INFO  server.RaftServerConfigKeys (ConfUtils.java:logGet(43)) - raft.server.log.write.buffer.size = 33554432 (custom)
2019-07-30 17:00:38,644 INFO  server.RaftServerConfigKeys (ConfUtils.java:logGet(43)) - raft.server.log.force.sync.num = 128 (default)
2019-07-30 17:00:38,644 INFO  server.RaftServerConfigKeys (ConfUtils.java:logGet(43)) - raft.server.log.statemachine.data.sync = true (default)
2019-07-30 17:00:38,645 INFO  server.RaftServerConfigKeys (ConfUtils.java:logGet(43)) - raft.server.log.statemachine.data.sync.timeout = 10s (default)
2019-07-30 17:00:38,645 INFO  server.RaftServerConfigKeys (ConfUtils.java:logGet(43)) - raft.server.log.statemachine.data.sync.timeout.retry = -1 (default)
2019-07-30 17:00:38,645 INFO  server.RaftServerConfigKeys (ConfUtils.java:logGet(43)) - raft.server.log.statemachine.data.caching.enabled = true (custom)
2019-07-30 17:00:38,646 INFO  segmented.SegmentedRaftLogWorker (SegmentedRaftLogWorker.java:lambda$new$0(132)) - ee2ae212-e0ea-41a2-8129-3904fd8bde38-SegmentedRaftLogWorker:Storage Directory /workdir/hadoop-ozone/integration-test/target/test-dir/MiniOzoneClusterImpl-dc3127e6-9048-49f7-9eff-8667bdf59bd4/datanode-0/data/ratis/fb2416fa-cf61-40af-9acb-7d23d36d47de: flushIndex: setUnconditionally 0 -> -1
2019-07-30 17:00:38,646 INFO  server.RaftServerConfigKeys (ConfUtils.java:logGet(43)) - raft.server.snapshot.auto.trigger.enabled = true (custom)
2019-07-30 17:00:38,647 INFO  server.RaftServerConfigKeys (ConfUtils.java:logGet(43)) - raft.server.snapshot.auto.trigger.threshold = 10000 (custom)
2019-07-30 17:00:38,647 INFO  server.RaftServerConfigKeys (ConfUtils.java:logGet(43)) - raft.server.retrycache.expirytime = 600000ms (custom)
2019-07-30 17:00:38,647 INFO  impl.RaftServerImpl (RaftServerImpl.java:start(180)) - ee2ae212-e0ea-41a2-8129-3904fd8bde38: start group-7D23D36D47DE
2019-07-30 17:00:38,648 INFO  impl.RaftServerImpl (RaftServerImpl.java:setRole(171)) - ee2ae212-e0ea-41a2-8129-3904fd8bde38:group-7D23D36D47DE changes role from null to FOLLOWER at term 0 for startAsFollower
2019-07-30 17:00:38,648 INFO  impl.RoleInfo (RoleInfo.java:updateAndGet(143)) - ee2ae212-e0ea-41a2-8129-3904fd8bde38: start FollowerState
2019-07-30 17:00:38,649 INFO  util.JmxRegister (JmxRegister.java:tryRegister(44)) - Successfully registered JMX Bean with object name Ratis:service=RaftServer,group=group-7D23D36D47DE,id=ee2ae212-e0ea-41a2-8129-3904fd8bde38
2019-07-30 17:00:38,659 INFO  pipeline.PipelineStateManager (PipelineStateManager.java:addPipeline(56)) - Created pipeline Pipeline[ Id: fb2416fa-cf61-40af-9acb-7d23d36d47de, Nodes: ee2ae212-e0ea-41a2-8129-3904fd8bde38{ip: 192.168.69.86, host: byscane-nightly-58zn2-384979956, networkLocation: /default-rack, certSerialId: null}, Type:RATIS, Factor:ONE, State:OPEN]
2019-07-30 17:00:39,578 INFO  ozone.MiniOzoneClusterImpl (MiniOzoneClusterImpl.java:lambda$waitForClusterToBeReady$0(142)) - Cluster is ready. Got 1 of 1 DN Heartbeats.
2019-07-30 17:00:39,757 INFO  pipeline.PipelineStateManager (PipelineStateManager.java:addPipeline(56)) - Created pipeline Pipeline[ Id: 223104ec-9f10-4dc6-87e0-cd302f18ed93, Nodes: ee2ae212-e0ea-41a2-8129-3904fd8bde38{ip: 192.168.69.86, host: byscane-nightly-58zn2-384979956, networkLocation: /default-rack, certSerialId: null}, Type:STAND_ALONE, Factor:ONE, State:OPEN]
2019-07-30 17:00:40,064 INFO  keyvalue.KeyValueHandler (ContainerUtils.java:logAndReturnError(146)) - Operation: CreateContainer : Trace ID: f6307ac04287375:f6307ac04287375:0:0 : Message: Container creation failed, due to disk out of space : Result: DISK_OUT_OF_SPACE
17:00:40.064 [grpc-default-executor-0] ERROR DNAudit - user=null | ip=null | op=WRITE_CHUNK {blockData=conID: 3 locID: 102531467841175563 bcsId: 0} | ret=FAILURE
org.apache.hadoop.hdds.scm.container.common.helpers.StorageContainerException: ContainerID 3 creation failed
	at org.apache.hadoop.ozone.container.common.impl.HddsDispatcher.dispatchRequest(HddsDispatcher.java:227) [hadoop-hdds-container-service-0.4.1-SNAPSHOT.jar:?]
	at org.apache.hadoop.ozone.container.common.impl.HddsDispatcher.dispatch(HddsDispatcher.java:148) [hadoop-hdds-container-service-0.4.1-SNAPSHOT.jar:?]
	at org.apache.hadoop.ozone.container.common.transport.server.GrpcXceiverService$1.onNext(GrpcXceiverService.java:73) [hadoop-hdds-container-service-0.4.1-SNAPSHOT.jar:?]
	at org.apache.hadoop.ozone.container.common.transport.server.GrpcXceiverService$1.onNext(GrpcXceiverService.java:61) [hadoop-hdds-container-service-0.4.1-SNAPSHOT.jar:?]
	at org.apache.ratis.thirdparty.io.grpc.stub.ServerCalls$StreamingServerCallHandler$StreamingServerCallListener.onMessage(ServerCalls.java:248) [ratis-thirdparty-misc-0.2.0.jar:0.2.0]
	at org.apache.ratis.thirdparty.io.grpc.ForwardingServerCallListener.onMessage(ForwardingServerCallListener.java:33) [ratis-thirdparty-misc-0.2.0.jar:0.2.0]
	at org.apache.ratis.thirdparty.io.grpc.Contexts$ContextualizedServerCallListener.onMessage(Contexts.java:76) [ratis-thirdparty-misc-0.2.0.jar:0.2.0]
	at org.apache.ratis.thirdparty.io.grpc.ForwardingServerCallListener.onMessage(ForwardingServerCallListener.java:33) [ratis-thirdparty-misc-0.2.0.jar:0.2.0]
	at org.apache.hadoop.hdds.tracing.GrpcServerInterceptor$1.onMessage(GrpcServerInterceptor.java:46) [hadoop-hdds-common-0.4.1-SNAPSHOT.jar:?]
	at org.apache.ratis.thirdparty.io.grpc.internal.ServerCallImpl$ServerStreamListenerImpl.messagesAvailable(ServerCallImpl.java:263) [ratis-thirdparty-misc-0.2.0.jar:0.2.0]
	at org.apache.ratis.thirdparty.io.grpc.internal.ServerImpl$JumpToApplicationThreadServerStreamListener$1MessagesAvailable.runInContext(ServerImpl.java:686) [ratis-thirdparty-misc-0.2.0.jar:0.2.0]
	at org.apache.ratis.thirdparty.io.grpc.internal.ContextRunnable.run(ContextRunnable.java:37) [ratis-thirdparty-misc-0.2.0.jar:0.2.0]
	at org.apache.ratis.thirdparty.io.grpc.internal.SerializingExecutor.run(SerializingExecutor.java:123) [ratis-thirdparty-misc-0.2.0.jar:0.2.0]
	at java.util.concurrent.ThreadPoolExecutor.runWorker(ThreadPoolExecutor.java:1149) [?:1.8.0_212]
	at java.util.concurrent.ThreadPoolExecutor$Worker.run(ThreadPoolExecutor.java:624) [?:1.8.0_212]
	at java.lang.Thread.run(Thread.java:748) [?:1.8.0_212]
2019-07-30 17:00:40,065 INFO  impl.HddsDispatcher (ContainerUtils.java:logAndReturnError(146)) - Operation: WriteChunk : Trace ID: f6307ac04287375:f6307ac04287375:0:0 : Message: ContainerID 3 creation failed : Result: DISK_OUT_OF_SPACE
2019-07-30 17:00:40,067 ERROR storage.BlockOutputStream (BlockOutputStream.java:validateResponse(531)) - Unexpected Storage Container Exception: 
org.apache.hadoop.hdds.scm.container.common.helpers.StorageContainerException: ContainerID 3 creation failed
	at org.apache.hadoop.hdds.scm.storage.ContainerProtocolCalls.validateContainerResponse(ContainerProtocolCalls.java:536)
	at org.apache.hadoop.hdds.scm.storage.BlockOutputStream.validateResponse(BlockOutputStream.java:529)
	at org.apache.hadoop.hdds.scm.storage.BlockOutputStream.lambda$writeChunkToContainer$2(BlockOutputStream.java:606)
	at java.util.concurrent.CompletableFuture.uniApply(CompletableFuture.java:602)
	at java.util.concurrent.CompletableFuture$UniApply.tryFire(CompletableFuture.java:577)
	at java.util.concurrent.CompletableFuture$Completion.run(CompletableFuture.java:442)
	at java.util.concurrent.ThreadPoolExecutor.runWorker(ThreadPoolExecutor.java:1149)
	at java.util.concurrent.ThreadPoolExecutor$Worker.run(ThreadPoolExecutor.java:624)
	at java.lang.Thread.run(Thread.java:748)
17:00:40.070 [grpc-default-executor-0] ERROR DNAudit - user=null | ip=null | op=PUT_BLOCK {blockData=[blockId=conID: 3 locID: 102531467841175563 bcsId: 0,size=5]} | ret=FAILURE
org.apache.hadoop.hdds.scm.container.common.helpers.StorageContainerException: ContainerID 3 does not exist
	at org.apache.hadoop.ozone.container.common.impl.HddsDispatcher.dispatchRequest(HddsDispatcher.java:242) [hadoop-hdds-container-service-0.4.1-SNAPSHOT.jar:?]
	at org.apache.hadoop.ozone.container.common.impl.HddsDispatcher.dispatch(HddsDispatcher.java:148) [hadoop-hdds-container-service-0.4.1-SNAPSHOT.jar:?]
	at org.apache.hadoop.ozone.container.common.transport.server.GrpcXceiverService$1.onNext(GrpcXceiverService.java:73) [hadoop-hdds-container-service-0.4.1-SNAPSHOT.jar:?]
	at org.apache.hadoop.ozone.container.common.transport.server.GrpcXceiverService$1.onNext(GrpcXceiverService.java:61) [hadoop-hdds-container-service-0.4.1-SNAPSHOT.jar:?]
	at org.apache.ratis.thirdparty.io.grpc.stub.ServerCalls$StreamingServerCallHandler$StreamingServerCallListener.onMessage(ServerCalls.java:248) [ratis-thirdparty-misc-0.2.0.jar:0.2.0]
	at org.apache.ratis.thirdparty.io.grpc.ForwardingServerCallListener.onMessage(ForwardingServerCallListener.java:33) [ratis-thirdparty-misc-0.2.0.jar:0.2.0]
	at org.apache.ratis.thirdparty.io.grpc.Contexts$ContextualizedServerCallListener.onMessage(Contexts.java:76) [ratis-thirdparty-misc-0.2.0.jar:0.2.0]
	at org.apache.ratis.thirdparty.io.grpc.ForwardingServerCallListener.onMessage(ForwardingServerCallListener.java:33) [ratis-thirdparty-misc-0.2.0.jar:0.2.0]
	at org.apache.hadoop.hdds.tracing.GrpcServerInterceptor$1.onMessage(GrpcServerInterceptor.java:46) [hadoop-hdds-common-0.4.1-SNAPSHOT.jar:?]
	at org.apache.ratis.thirdparty.io.grpc.internal.ServerCallImpl$ServerStreamListenerImpl.messagesAvailable(ServerCallImpl.java:263) [ratis-thirdparty-misc-0.2.0.jar:0.2.0]
	at org.apache.ratis.thirdparty.io.grpc.internal.ServerImpl$JumpToApplicationThreadServerStreamListener$1MessagesAvailable.runInContext(ServerImpl.java:686) [ratis-thirdparty-misc-0.2.0.jar:0.2.0]
	at org.apache.ratis.thirdparty.io.grpc.internal.ContextRunnable.run(ContextRunnable.java:37) [ratis-thirdparty-misc-0.2.0.jar:0.2.0]
	at org.apache.ratis.thirdparty.io.grpc.internal.SerializingExecutor.run(SerializingExecutor.java:123) [ratis-thirdparty-misc-0.2.0.jar:0.2.0]
	at java.util.concurrent.ThreadPoolExecutor.runWorker(ThreadPoolExecutor.java:1149) [?:1.8.0_212]
	at java.util.concurrent.ThreadPoolExecutor$Worker.run(ThreadPoolExecutor.java:624) [?:1.8.0_212]
	at java.lang.Thread.run(Thread.java:748) [?:1.8.0_212]
2019-07-30 17:00:40,071 INFO  impl.HddsDispatcher (ContainerUtils.java:logAndReturnError(146)) - Operation: PutBlock : Trace ID: 2cf578a74fbcab3e:2cf578a74fbcab3e:0:0 : Message: ContainerID 3 does not exist : Result: CONTAINER_NOT_FOUND
]]></system-out>
    <system-err><![CDATA[Jul 30, 2019 5:00:34 PM com.sun.jersey.server.impl.application.WebApplicationImpl _initiate
INFO: Initiating Jersey application, version 'Jersey: 1.19 02/11/2015 03:25 AM'
Jul 30, 2019 5:00:39 PM com.sun.jersey.server.impl.application.WebApplicationImpl _initiate
INFO: Initiating Jersey application, version 'Jersey: 1.19 02/11/2015 03:25 AM'
]]></system-err>
  </testcase>
  <testcase name="testSCMReinitialization" classname="org.apache.hadoop.ozone.TestStorageContainerManager" time="11.544"/>
  <testcase name="testCloseContainerCommandOnRestart" classname="org.apache.hadoop.ozone.TestStorageContainerManager" time="7.063">
    <error message="Unexpected Storage Container Exception: org.apache.hadoop.hdds.scm.container.common.helpers.StorageContainerException: ContainerID 3 creation failed" type="java.io.IOException">java.io.IOException: Unexpected Storage Container Exception: org.apache.hadoop.hdds.scm.container.common.helpers.StorageContainerException: ContainerID 3 creation failed
	at org.apache.hadoop.hdds.scm.storage.BlockOutputStream.setIoException(BlockOutputStream.java:541)
	at org.apache.hadoop.hdds.scm.storage.BlockOutputStream.validateResponse(BlockOutputStream.java:532)
	at org.apache.hadoop.hdds.scm.storage.BlockOutputStream.lambda$writeChunkToContainer$2(BlockOutputStream.java:606)
	at java.util.concurrent.CompletableFuture.uniApply(CompletableFuture.java:602)
	at java.util.concurrent.CompletableFuture$UniApply.tryFire(CompletableFuture.java:577)
	at java.util.concurrent.CompletableFuture$Completion.run(CompletableFuture.java:442)
	at java.util.concurrent.ThreadPoolExecutor.runWorker(ThreadPoolExecutor.java:1149)
	at java.util.concurrent.ThreadPoolExecutor$Worker.run(ThreadPoolExecutor.java:624)
	at java.lang.Thread.run(Thread.java:748)
Caused by: org.apache.hadoop.hdds.scm.container.common.helpers.StorageContainerException: ContainerID 3 creation failed
	at org.apache.hadoop.hdds.scm.storage.ContainerProtocolCalls.validateContainerResponse(ContainerProtocolCalls.java:536)
	at org.apache.hadoop.hdds.scm.storage.BlockOutputStream.validateResponse(BlockOutputStream.java:529)
	... 7 more
</error>
    <system-out><![CDATA[2019-07-30 17:00:51,643 WARN  server.ServerUtils (ServerUtils.java:getScmDbDir(145)) - ozone.scm.db.dirs is not configured. We recommend adding this setting. Falling back to ozone.metadata.dirs instead.
2019-07-30 17:00:51,670 WARN  server.ServerUtils (ServerUtils.java:getScmDbDir(145)) - ozone.scm.db.dirs is not configured. We recommend adding this setting. Falling back to ozone.metadata.dirs instead.
2019-07-30 17:00:51,670 WARN  server.ServerUtils (ServerUtils.java:getScmDbDir(145)) - ozone.scm.db.dirs is not configured. We recommend adding this setting. Falling back to ozone.metadata.dirs instead.
2019-07-30 17:00:51,671 INFO  db.DBStoreBuilder (DBStoreBuilder.java:addTable(110)) - using custom profile for table: deletedBlocks
2019-07-30 17:00:51,671 INFO  db.DBStoreBuilder (DBStoreBuilder.java:processTables(161)) - Using default column profile:DBProfile.DISK for Table:deletedBlocks
2019-07-30 17:00:51,671 INFO  db.DBStoreBuilder (DBStoreBuilder.java:addTable(110)) - using custom profile for table: validCerts
2019-07-30 17:00:51,671 INFO  db.DBStoreBuilder (DBStoreBuilder.java:processTables(161)) - Using default column profile:DBProfile.DISK for Table:validCerts
2019-07-30 17:00:51,672 INFO  db.DBStoreBuilder (DBStoreBuilder.java:addTable(110)) - using custom profile for table: revokedCerts
2019-07-30 17:00:51,672 INFO  db.DBStoreBuilder (DBStoreBuilder.java:processTables(161)) - Using default column profile:DBProfile.DISK for Table:revokedCerts
2019-07-30 17:00:51,672 INFO  db.DBStoreBuilder (DBStoreBuilder.java:addTable(110)) - using custom profile for table: default
2019-07-30 17:00:51,672 INFO  db.DBStoreBuilder (DBStoreBuilder.java:processTables(167)) - Using default column profile:DBProfile.DISK for Table:default
2019-07-30 17:00:51,672 INFO  db.DBStoreBuilder (DBStoreBuilder.java:getDbProfile(198)) - Using default options. DBProfile.DISK
2019-07-30 17:00:51,842 INFO  net.NodeSchemaLoader (NodeSchemaLoader.java:loadSchemaFromFile(125)) - Loading file from sun.misc.CompoundEnumeration@277e5ab4
2019-07-30 17:00:51,843 INFO  net.NodeSchemaLoader (NodeSchemaLoader.java:loadSchema(171)) - Loading network topology layer schema file
2019-07-30 17:00:51,848 INFO  node.SCMNodeManager (SCMNodeManager.java:<init>(121)) - Entering startup safe mode.
2019-07-30 17:00:51,849 WARN  server.ServerUtils (ServerUtils.java:getScmDbDir(145)) - ozone.scm.db.dirs is not configured. We recommend adding this setting. Falling back to ozone.metadata.dirs instead.
2019-07-30 17:00:51,937 INFO  pipeline.SCMPipelineManager (SCMPipelineManager.java:initializePipelineState(126)) - No pipeline exists in current db
2019-07-30 17:00:51,937 WARN  server.ServerUtils (ServerUtils.java:getScmDbDir(145)) - ozone.scm.db.dirs is not configured. We recommend adding this setting. Falling back to ozone.metadata.dirs instead.
2019-07-30 17:00:51,990 WARN  events.EventQueue (EventQueue.java:fireEvent(175)) - No event handler registered for event TypedEvent{payloadType=SafeModeStatus, name='SafeModeStatus'}
2019-07-30 17:00:51,991 INFO  ipc.CallQueueManager (CallQueueManager.java:<init>(84)) - Using callQueue: class java.util.concurrent.LinkedBlockingQueue, queueCapacity: 2000, scheduler: class org.apache.hadoop.ipc.DefaultRpcScheduler, ipcBackoff: false.
2019-07-30 17:00:51,993 INFO  ipc.Server (Server.java:run(1074)) - Starting Socket Reader #1 for port 44757
2019-07-30 17:00:51,995 INFO  ipc.CallQueueManager (CallQueueManager.java:<init>(84)) - Using callQueue: class java.util.concurrent.LinkedBlockingQueue, queueCapacity: 2000, scheduler: class org.apache.hadoop.ipc.DefaultRpcScheduler, ipcBackoff: false.
2019-07-30 17:00:51,996 INFO  ipc.Server (Server.java:run(1074)) - Starting Socket Reader #1 for port 39390
2019-07-30 17:00:51,998 INFO  ipc.CallQueueManager (CallQueueManager.java:<init>(84)) - Using callQueue: class java.util.concurrent.LinkedBlockingQueue, queueCapacity: 2000, scheduler: class org.apache.hadoop.ipc.DefaultRpcScheduler, ipcBackoff: false.
2019-07-30 17:00:51,998 INFO  ipc.Server (Server.java:run(1074)) - Starting Socket Reader #1 for port 43562
2019-07-30 17:00:52,003 INFO  hdfs.DFSUtil (DFSUtil.java:httpServerTemplateForNNAndJN(1641)) - Starting Web-server for scm at: http://0.0.0.0:0
2019-07-30 17:00:52,006 INFO  server.AuthenticationFilter (AuthenticationFilter.java:constructSecretProvider(240)) - Unable to initialize FileSignerSecretProvider, falling back to use random secrets.
2019-07-30 17:00:52,006 WARN  http.HttpRequestLog (HttpRequestLog.java:getRequestLog(97)) - Jetty request log can only be enabled using Log4j
2019-07-30 17:00:52,009 INFO  http.HttpServer2 (HttpServer2.java:addGlobalFilter(975)) - Added global filter 'safety' (class=org.apache.hadoop.http.HttpServer2$QuotingInputFilter)
2019-07-30 17:00:52,010 INFO  http.HttpServer2 (HttpServer2.java:addFilter(948)) - Added filter static_user_filter (class=org.apache.hadoop.http.lib.StaticUserWebFilter$StaticUserFilter) to context scm
2019-07-30 17:00:52,010 INFO  http.HttpServer2 (HttpServer2.java:addFilter(958)) - Added filter static_user_filter (class=org.apache.hadoop.http.lib.StaticUserWebFilter$StaticUserFilter) to context logs
2019-07-30 17:00:52,010 INFO  http.HttpServer2 (HttpServer2.java:addFilter(958)) - Added filter static_user_filter (class=org.apache.hadoop.http.lib.StaticUserWebFilter$StaticUserFilter) to context static
2019-07-30 17:00:52,014 INFO  server.StorageContainerManager (StorageContainerManager.java:start(758)) - StorageContainerLocationProtocol RPC server is listening at /0.0.0.0:43562
2019-07-30 17:00:52,017 WARN  impl.MetricsConfig (MetricsConfig.java:loadFirst(134)) - Cannot locate configuration: tried hadoop-metrics2-storagecontainermanager.properties,hadoop-metrics2.properties
2019-07-30 17:00:52,018 INFO  impl.MetricsSystemImpl (MetricsSystemImpl.java:startTimer(374)) - Scheduled Metric snapshot period at 10 second(s).
2019-07-30 17:00:52,019 INFO  impl.MetricsSystemImpl (MetricsSystemImpl.java:start(191)) - StorageContainerManager metrics system started
2019-07-30 17:00:52,125 INFO  server.SCMClientProtocolServer (SCMClientProtocolServer.java:start(151)) - RPC server for Client  is listening at /0.0.0.0:43562
2019-07-30 17:00:52,127 INFO  ipc.Server (Server.java:run(1314)) - IPC Server Responder: starting
2019-07-30 17:00:52,127 INFO  ipc.Server (Server.java:run(1153)) - IPC Server listener on 43562: starting
2019-07-30 17:00:52,133 INFO  server.StorageContainerManager (StorageContainerManager.java:start(768)) - ScmBlockLocationProtocol RPC server is listening at /0.0.0.0:39390
2019-07-30 17:00:52,134 INFO  server.SCMBlockProtocolServer (SCMBlockProtocolServer.java:start(140)) - RPC server for Block Protocol is listening at /0.0.0.0:39390
2019-07-30 17:00:52,134 INFO  ipc.Server (Server.java:run(1314)) - IPC Server Responder: starting
2019-07-30 17:00:52,134 INFO  ipc.Server (Server.java:run(1153)) - IPC Server listener on 39390: starting
2019-07-30 17:00:52,140 INFO  server.StorageContainerManager (StorageContainerManager.java:start(772)) - ScmDatanodeProtocl RPC server is listening at /0.0.0.0:44757
2019-07-30 17:00:52,141 INFO  server.SCMDatanodeProtocolServer (SCMDatanodeProtocolServer.java:start(191)) - RPC server for DataNodes is listening at /0.0.0.0:44757
2019-07-30 17:00:52,141 INFO  ipc.Server (Server.java:run(1314)) - IPC Server Responder: starting
2019-07-30 17:00:52,141 INFO  ipc.Server (Server.java:run(1153)) - IPC Server listener on 44757: starting
2019-07-30 17:00:52,149 INFO  http.HttpServer2 (HttpServer2.java:bindListener(1191)) - Jetty bound to port 38187
2019-07-30 17:00:52,149 INFO  server.Server (Server.java:doStart(351)) - jetty-9.3.24.v20180605, build timestamp: 2018-06-05T17:11:56Z, git hash: 84205aa28f11a4f31f2a3b86d1bba2cc8ab69827
2019-07-30 17:00:52,153 INFO  handler.ContextHandler (ContextHandler.java:doStart(781)) - Started o.e.j.s.ServletContextHandler@70a3f129{/logs,file:///workdir/hadoop-ozone/integration-test/target/log,AVAILABLE}
2019-07-30 17:00:52,153 INFO  handler.ContextHandler (ContextHandler.java:doStart(781)) - Started o.e.j.s.ServletContextHandler@12c1f47{/static,file:///workdir/hadoop-ozone/integration-test/target/test-classes/webapps/static,AVAILABLE}
2019-07-30 17:00:52,160 INFO  handler.ContextHandler (ContextHandler.java:doStart(781)) - Started o.e.j.w.WebAppContext@5bbfa118{/,file:///workdir/hadoop-ozone/integration-test/target/test-classes/webapps/scm/,AVAILABLE}{/scm}
2019-07-30 17:00:52,162 INFO  server.AbstractConnector (AbstractConnector.java:doStart(278)) - Started ServerConnector@1b84114{HTTP/1.1,[http/1.1]}{0.0.0.0:38187}
2019-07-30 17:00:52,162 INFO  server.Server (Server.java:doStart(419)) - Started @36508ms
2019-07-30 17:00:52,163 INFO  server.BaseHttpServer (BaseHttpServer.java:updateConnectorAddress(207)) - HTTP server of SCM is listening at http://0.0.0.0:38187
2019-07-30 17:00:52,164 WARN  server.ServerUtils (ServerUtils.java:getDBPath(222)) - ozone.om.db.dirs is not configured. We recommend adding this setting. Falling back to ozone.metadata.dirs instead.
2019-07-30 17:00:52,165 INFO  util.JvmPauseMonitor (JvmPauseMonitor.java:run(188)) - Starting JVM pause monitor
2019-07-30 17:00:52,182 WARN  server.ServerUtils (ServerUtils.java:getDBPath(222)) - ozone.om.db.dirs is not configured. We recommend adding this setting. Falling back to ozone.metadata.dirs instead.
2019-07-30 17:00:52,183 WARN  server.ServerUtils (ServerUtils.java:getDBPath(222)) - ozone.om.db.dirs is not configured. We recommend adding this setting. Falling back to ozone.metadata.dirs instead.
2019-07-30 17:00:52,183 INFO  om.OzoneManager (OzoneManager.java:setOMNodeDetails(644)) - OM Service ID is not set. Setting it to the default ID: omServiceIdDefault
2019-07-30 17:00:52,183 INFO  om.OzoneManager (OzoneManager.java:setOMNodeDetails(650)) - OM Node ID is not set. Setting it to the OmStorage's OmID: 3004e849-9914-40c6-b10e-b3bfa126efd4
2019-07-30 17:00:52,184 INFO  om.OzoneManager (OzoneManager.java:loadOMHAConfigs(601)) - Found matching OM address with OMServiceId: null, OMNodeId: null, RPC Address: localhost:0 and Ratis port: 9872
2019-07-30 17:00:52,192 WARN  server.ServerUtils (ServerUtils.java:getDBPath(222)) - ozone.om.db.dirs is not configured. We recommend adding this setting. Falling back to ozone.metadata.dirs instead.
2019-07-30 17:00:52,193 INFO  db.DBStoreBuilder (DBStoreBuilder.java:addTable(110)) - using custom profile for table: userTable
2019-07-30 17:00:52,193 INFO  db.DBStoreBuilder (DBStoreBuilder.java:processTables(161)) - Using default column profile:DBProfile.DISK for Table:userTable
2019-07-30 17:00:52,193 INFO  db.DBStoreBuilder (DBStoreBuilder.java:addTable(110)) - using custom profile for table: volumeTable
2019-07-30 17:00:52,194 INFO  db.DBStoreBuilder (DBStoreBuilder.java:processTables(161)) - Using default column profile:DBProfile.DISK for Table:volumeTable
2019-07-30 17:00:52,194 INFO  db.DBStoreBuilder (DBStoreBuilder.java:addTable(110)) - using custom profile for table: bucketTable
2019-07-30 17:00:52,194 INFO  db.DBStoreBuilder (DBStoreBuilder.java:processTables(161)) - Using default column profile:DBProfile.DISK for Table:bucketTable
2019-07-30 17:00:52,194 INFO  db.DBStoreBuilder (DBStoreBuilder.java:addTable(110)) - using custom profile for table: keyTable
2019-07-30 17:00:52,195 INFO  db.DBStoreBuilder (DBStoreBuilder.java:processTables(161)) - Using default column profile:DBProfile.DISK for Table:keyTable
2019-07-30 17:00:52,195 INFO  db.DBStoreBuilder (DBStoreBuilder.java:addTable(110)) - using custom profile for table: deletedTable
2019-07-30 17:00:52,195 INFO  db.DBStoreBuilder (DBStoreBuilder.java:processTables(161)) - Using default column profile:DBProfile.DISK for Table:deletedTable
2019-07-30 17:00:52,195 INFO  db.DBStoreBuilder (DBStoreBuilder.java:addTable(110)) - using custom profile for table: openKeyTable
2019-07-30 17:00:52,195 INFO  db.DBStoreBuilder (DBStoreBuilder.java:processTables(161)) - Using default column profile:DBProfile.DISK for Table:openKeyTable
2019-07-30 17:00:52,195 INFO  db.DBStoreBuilder (DBStoreBuilder.java:addTable(110)) - using custom profile for table: s3Table
2019-07-30 17:00:52,196 INFO  db.DBStoreBuilder (DBStoreBuilder.java:processTables(161)) - Using default column profile:DBProfile.DISK for Table:s3Table
2019-07-30 17:00:52,196 INFO  db.DBStoreBuilder (DBStoreBuilder.java:addTable(110)) - using custom profile for table: multipartInfoTable
2019-07-30 17:00:52,196 INFO  db.DBStoreBuilder (DBStoreBuilder.java:processTables(161)) - Using default column profile:DBProfile.DISK for Table:multipartInfoTable
2019-07-30 17:00:52,196 INFO  db.DBStoreBuilder (DBStoreBuilder.java:addTable(110)) - using custom profile for table: dTokenTable
2019-07-30 17:00:52,196 INFO  db.DBStoreBuilder (DBStoreBuilder.java:processTables(161)) - Using default column profile:DBProfile.DISK for Table:dTokenTable
2019-07-30 17:00:52,197 INFO  db.DBStoreBuilder (DBStoreBuilder.java:addTable(110)) - using custom profile for table: s3SecretTable
2019-07-30 17:00:52,197 INFO  db.DBStoreBuilder (DBStoreBuilder.java:processTables(161)) - Using default column profile:DBProfile.DISK for Table:s3SecretTable
2019-07-30 17:00:52,197 INFO  db.DBStoreBuilder (DBStoreBuilder.java:addTable(110)) - using custom profile for table: prefixTable
2019-07-30 17:00:52,197 INFO  db.DBStoreBuilder (DBStoreBuilder.java:processTables(161)) - Using default column profile:DBProfile.DISK for Table:prefixTable
2019-07-30 17:00:52,197 INFO  db.DBStoreBuilder (DBStoreBuilder.java:addTable(110)) - using custom profile for table: default
2019-07-30 17:00:52,198 INFO  db.DBStoreBuilder (DBStoreBuilder.java:processTables(167)) - Using default column profile:DBProfile.DISK for Table:default
2019-07-30 17:00:52,198 INFO  db.DBStoreBuilder (DBStoreBuilder.java:getDbProfile(198)) - Using default options. DBProfile.DISK
2019-07-30 17:00:52,783 INFO  ipc.CallQueueManager (CallQueueManager.java:<init>(84)) - Using callQueue: class java.util.concurrent.LinkedBlockingQueue, queueCapacity: 2000, scheduler: class org.apache.hadoop.ipc.DefaultRpcScheduler, ipcBackoff: false.
2019-07-30 17:00:52,784 INFO  ipc.Server (Server.java:run(1074)) - Starting Socket Reader #1 for port 38774
2019-07-30 17:00:52,805 INFO  om.OzoneManager (OzoneManager.java:start(1255)) - OzoneManager RPC server is listening at localhost/127.0.0.1:38774
2019-07-30 17:00:52,805 INFO  impl.MetricsSystemImpl (MetricsSystemImpl.java:init(158)) - OzoneManager metrics system started (again)
2019-07-30 17:00:52,806 INFO  ipc.Server (Server.java:run(1314)) - IPC Server Responder: starting
2019-07-30 17:00:52,806 INFO  ipc.Server (Server.java:run(1153)) - IPC Server listener on 38774: starting
2019-07-30 17:00:52,817 INFO  hdfs.DFSUtil (DFSUtil.java:httpServerTemplateForNNAndJN(1641)) - Starting Web-server for ozoneManager at: http://0.0.0.0:0
2019-07-30 17:00:52,819 INFO  server.AuthenticationFilter (AuthenticationFilter.java:constructSecretProvider(240)) - Unable to initialize FileSignerSecretProvider, falling back to use random secrets.
2019-07-30 17:00:52,820 WARN  http.HttpRequestLog (HttpRequestLog.java:getRequestLog(97)) - Jetty request log can only be enabled using Log4j
2019-07-30 17:00:52,823 INFO  http.HttpServer2 (HttpServer2.java:addGlobalFilter(975)) - Added global filter 'safety' (class=org.apache.hadoop.http.HttpServer2$QuotingInputFilter)
2019-07-30 17:00:52,824 INFO  http.HttpServer2 (HttpServer2.java:addFilter(948)) - Added filter static_user_filter (class=org.apache.hadoop.http.lib.StaticUserWebFilter$StaticUserFilter) to context ozoneManager
2019-07-30 17:00:52,825 INFO  http.HttpServer2 (HttpServer2.java:addFilter(958)) - Added filter static_user_filter (class=org.apache.hadoop.http.lib.StaticUserWebFilter$StaticUserFilter) to context static
2019-07-30 17:00:52,825 INFO  http.HttpServer2 (HttpServer2.java:addFilter(958)) - Added filter static_user_filter (class=org.apache.hadoop.http.lib.StaticUserWebFilter$StaticUserFilter) to context logs
2019-07-30 17:00:52,826 INFO  http.HttpServer2 (HttpServer2.java:bindListener(1191)) - Jetty bound to port 40630
2019-07-30 17:00:52,826 INFO  server.Server (Server.java:doStart(351)) - jetty-9.3.24.v20180605, build timestamp: 2018-06-05T17:11:56Z, git hash: 84205aa28f11a4f31f2a3b86d1bba2cc8ab69827
2019-07-30 17:00:52,829 INFO  handler.ContextHandler (ContextHandler.java:doStart(781)) - Started o.e.j.s.ServletContextHandler@3d03b978{/logs,file:///workdir/hadoop-ozone/integration-test/target/log,AVAILABLE}
2019-07-30 17:00:52,829 INFO  handler.ContextHandler (ContextHandler.java:doStart(781)) - Started o.e.j.s.ServletContextHandler@411005d2{/static,file:///workdir/hadoop-ozone/integration-test/target/test-classes/webapps/static,AVAILABLE}
2019-07-30 17:00:52,836 INFO  handler.ContextHandler (ContextHandler.java:doStart(781)) - Started o.e.j.w.WebAppContext@4c4ab0ae{/,file:///workdir/hadoop-ozone/integration-test/target/test-classes/webapps/ozoneManager/,AVAILABLE}{/ozoneManager}
2019-07-30 17:00:52,838 INFO  server.AbstractConnector (AbstractConnector.java:doStart(278)) - Started ServerConnector@7a6546af{HTTP/1.1,[http/1.1]}{0.0.0.0:40630}
2019-07-30 17:00:52,839 INFO  server.Server (Server.java:doStart(419)) - Started @37184ms
2019-07-30 17:00:52,839 INFO  server.BaseHttpServer (BaseHttpServer.java:updateConnectorAddress(207)) - HTTP server of OZONEMANAGER is listening at http://0.0.0.0:40630
2019-07-30 17:00:52,845 INFO  impl.MetricsSystemImpl (MetricsSystemImpl.java:init(158)) - HddsDatanode metrics system started (again)
2019-07-30 17:00:52,851 INFO  ozone.HddsDatanodeService (HddsDatanodeService.java:start(184)) - HddsDatanodeService host:byscane-nightly-58zn2-384979956 ip:192.168.69.86
2019-07-30 17:00:52,869 INFO  volume.HddsVolume (HddsVolume.java:<init>(176)) - Creating Volume: /workdir/hadoop-ozone/integration-test/target/test-dir/MiniOzoneClusterImpl-8daf5400-6eb7-485c-b8f6-f2071d91a0e5/datanode-0/data/containers/hdds of  storage type : DISK and capacity : 52710309888
2019-07-30 17:00:52,870 INFO  volume.VolumeSet (VolumeSet.java:initializeVolumeSet(170)) - Added Volume : /workdir/hadoop-ozone/integration-test/target/test-dir/MiniOzoneClusterImpl-8daf5400-6eb7-485c-b8f6-f2071d91a0e5/datanode-0/data/containers/hdds to VolumeSet
2019-07-30 17:00:52,870 INFO  volume.ThrottledAsyncChecker (ThrottledAsyncChecker.java:schedule(140)) - Scheduling a check for org.apache.hadoop.ozone.container.common.volume.HddsVolume@5bbc5c0d
2019-07-30 17:00:52,872 INFO  volume.HddsVolumeChecker (HddsVolumeChecker.java:checkAllVolumes(203)) - Scheduled health check for volume org.apache.hadoop.ozone.container.common.volume.HddsVolume@5bbc5c0d
2019-07-30 17:00:52,895 INFO  impl.RaftServerProxy (ConfUtils.java:logGet(43)) - raft.rpc.type = GRPC (default)
2019-07-30 17:00:52,896 INFO  grpc.GrpcFactory (GrpcFactory.java:checkPooledByteBufAllocatorUseCacheForAllThreads(45)) - PERFORMANCE WARNING: useCacheForAllThreads is true that may cause Netty to create a lot garbage objects and, as a result, trigger GC.
	It is recommended to disable useCacheForAllThreads by setting -Dorg.apache.ratis.thirdparty.io.netty.allocator.useCacheForAllThreads=false in command line.
2019-07-30 17:00:52,896 INFO  grpc.GrpcConfigKeys$Server (ConfUtils.java:logGet(43)) - raft.grpc.server.port = 0 (default)
2019-07-30 17:00:52,896 INFO  server.GrpcService (ConfUtils.java:logGet(43)) - raft.grpc.message.size.max = 33570816 (custom)
2019-07-30 17:00:52,896 INFO  server.RaftServerConfigKeys (ConfUtils.java:logGet(43)) - raft.server.log.appender.buffer.byte-limit = 33554432 (custom)
2019-07-30 17:00:52,897 INFO  server.GrpcService (ConfUtils.java:logGet(43)) - raft.grpc.flow.control.window = 1MB (=1048576) (default)
2019-07-30 17:00:52,897 INFO  server.RaftServerConfigKeys (ConfUtils.java:logGet(43)) - raft.server.rpc.request.timeout = 3000ms (default)
2019-07-30 17:00:52,898 INFO  server.RaftServerConfigKeys (ConfUtils.java:logGet(43)) - raft.server.storage.dir = [/workdir/hadoop-ozone/integration-test/target/test-dir/MiniOzoneClusterImpl-8daf5400-6eb7-485c-b8f6-f2071d91a0e5/datanode-0/data/ratis] (custom)
2019-07-30 17:00:52,899 INFO  replication.SimpleContainerDownloader (SimpleContainerDownloader.java:<init>(72)) - Starting container downloader service to copy containers to replicate.
2019-07-30 17:00:52,900 INFO  hdfs.DFSUtil (DFSUtil.java:httpServerTemplateForNNAndJN(1641)) - Starting Web-server for hddsDatanode at: http://0.0.0.0:0
2019-07-30 17:00:52,902 INFO  server.AuthenticationFilter (AuthenticationFilter.java:constructSecretProvider(240)) - Unable to initialize FileSignerSecretProvider, falling back to use random secrets.
2019-07-30 17:00:52,902 WARN  http.HttpRequestLog (HttpRequestLog.java:getRequestLog(97)) - Jetty request log can only be enabled using Log4j
2019-07-30 17:00:52,904 INFO  http.HttpServer2 (HttpServer2.java:addGlobalFilter(975)) - Added global filter 'safety' (class=org.apache.hadoop.http.HttpServer2$QuotingInputFilter)
2019-07-30 17:00:52,905 INFO  http.HttpServer2 (HttpServer2.java:addFilter(948)) - Added filter static_user_filter (class=org.apache.hadoop.http.lib.StaticUserWebFilter$StaticUserFilter) to context hddsDatanode
2019-07-30 17:00:52,905 INFO  http.HttpServer2 (HttpServer2.java:addFilter(958)) - Added filter static_user_filter (class=org.apache.hadoop.http.lib.StaticUserWebFilter$StaticUserFilter) to context static
2019-07-30 17:00:52,905 INFO  http.HttpServer2 (HttpServer2.java:addFilter(958)) - Added filter static_user_filter (class=org.apache.hadoop.http.lib.StaticUserWebFilter$StaticUserFilter) to context logs
2019-07-30 17:00:52,907 INFO  http.HttpServer2 (HttpServer2.java:bindListener(1191)) - Jetty bound to port 43577
2019-07-30 17:00:52,907 INFO  server.Server (Server.java:doStart(351)) - jetty-9.3.24.v20180605, build timestamp: 2018-06-05T17:11:56Z, git hash: 84205aa28f11a4f31f2a3b86d1bba2cc8ab69827
2019-07-30 17:00:52,910 INFO  handler.ContextHandler (ContextHandler.java:doStart(781)) - Started o.e.j.s.ServletContextHandler@56f1d02{/logs,file:///workdir/hadoop-ozone/integration-test/target/log,AVAILABLE}
2019-07-30 17:00:52,910 INFO  handler.ContextHandler (ContextHandler.java:doStart(781)) - Started o.e.j.s.ServletContextHandler@4e8966a{/static,jar:file:/home/user/.m2/repository/org/apache/hadoop/hadoop-hdds-container-service/0.4.1-SNAPSHOT/hadoop-hdds-container-service-0.4.1-SNAPSHOT.jar!/webapps/static,AVAILABLE}
2019-07-30 17:00:52,947 INFO  handler.ContextHandler (ContextHandler.java:doStart(781)) - Started o.e.j.w.WebAppContext@28e0f69e{/,file:///tmp/jetty-0.0.0.0-43577-hddsDatanode-_-any-267337622830335305.dir/webapp/,AVAILABLE}{/hddsDatanode}
2019-07-30 17:00:52,948 INFO  server.AbstractConnector (AbstractConnector.java:doStart(278)) - Started ServerConnector@31287e3d{HTTP/1.1,[http/1.1]}{0.0.0.0:43577}
2019-07-30 17:00:52,949 INFO  server.Server (Server.java:doStart(419)) - Started @37295ms
2019-07-30 17:00:52,950 INFO  server.BaseHttpServer (BaseHttpServer.java:updateConnectorAddress(207)) - HTTP server of HDDSDATANODE is listening at http://0.0.0.0:43577
2019-07-30 17:00:53,079 INFO  ozone.HddsDatanodeService (HddsDatanodeService.java:startPlugins(395)) - Started plug-in org.apache.hadoop.ozone.web.OzoneHddsDatanodeService@36df2527
2019-07-30 17:00:53,080 INFO  ozone.MiniOzoneClusterImpl (MiniOzoneClusterImpl.java:lambda$waitForClusterToBeReady$0(142)) - Waiting for cluster to be ready. Got 0 of 1 DN Heartbeats.
2019-07-30 17:00:53,083 INFO  util.JvmPauseMonitor (JvmPauseMonitor.java:run(188)) - Starting JVM pause monitor
2019-07-30 17:00:53,087 INFO  datanode.InitDatanodeState (InitDatanodeState.java:persistContainerDatanodeDetails(140)) - DatanodeDetails is persisted to /workdir/hadoop-ozone/integration-test/target/test-dir/MiniOzoneClusterImpl-8daf5400-6eb7-485c-b8f6-f2071d91a0e5/datanode-0/meta/datanode.id
2019-07-30 17:00:54,080 INFO  ozone.MiniOzoneClusterImpl (MiniOzoneClusterImpl.java:lambda$waitForClusterToBeReady$0(142)) - Waiting for cluster to be ready. Got 0 of 1 DN Heartbeats.
2019-07-30 17:00:55,081 INFO  ozone.MiniOzoneClusterImpl (MiniOzoneClusterImpl.java:lambda$waitForClusterToBeReady$0(142)) - Waiting for cluster to be ready. Got 0 of 1 DN Heartbeats.
2019-07-30 17:00:55,116 INFO  ozoneimpl.OzoneContainer (OzoneContainer.java:start(186)) - Attempting to start container services.
2019-07-30 17:00:55,118 INFO  ozoneimpl.OzoneContainer (OzoneContainer.java:startContainerScrub(160)) - Background container scrubber has been disabled by hdds.containerscrub.enabled
2019-07-30 17:00:55,118 INFO  ratis.XceiverServerRatis (XceiverServerRatis.java:start(404)) - Starting XceiverServerRatis 6773ad0b-0596-45e2-a856-8b4219e24f1d at port 0
2019-07-30 17:00:55,131 INFO  impl.RaftServerProxy (RaftServerProxy.java:lambda$start$3(299)) - 6773ad0b-0596-45e2-a856-8b4219e24f1d: start RPC server
2019-07-30 17:00:55,134 INFO  server.GrpcService (GrpcService.java:startImpl(149)) - 6773ad0b-0596-45e2-a856-8b4219e24f1d: GrpcService started, listening on 0.0.0.0/0.0.0.0:46627
2019-07-30 17:00:55,134 INFO  ratis.XceiverServerRatis (XceiverServerRatis.java:start(414)) - XceiverServerRatis 6773ad0b-0596-45e2-a856-8b4219e24f1d is started using port 46627
2019-07-30 17:00:55,137 INFO  server.XceiverServerGrpc (XceiverServerGrpc.java:start(161)) - XceiverServerGrpc 6773ad0b-0596-45e2-a856-8b4219e24f1d is started using port 42784
2019-07-30 17:00:56,081 INFO  ozone.MiniOzoneClusterImpl (MiniOzoneClusterImpl.java:lambda$waitForClusterToBeReady$0(142)) - Waiting for cluster to be ready. Got 0 of 1 DN Heartbeats.
2019-07-30 17:00:57,082 INFO  ozone.MiniOzoneClusterImpl (MiniOzoneClusterImpl.java:lambda$waitForClusterToBeReady$0(142)) - Waiting for cluster to be ready. Got 0 of 1 DN Heartbeats.
2019-07-30 17:00:57,089 INFO  net.NetworkTopology (NetworkTopologyImpl.java:add(110)) - Added a new node: /default-rack/6773ad0b-0596-45e2-a856-8b4219e24f1d
2019-07-30 17:00:57,091 INFO  node.SCMNodeManager (SCMNodeManager.java:register(273)) - Registered Data node : 6773ad0b-0596-45e2-a856-8b4219e24f1d{ip: 192.168.69.86, host: byscane-nightly-58zn2-384979956, networkLocation: /default-rack, certSerialId: null}
2019-07-30 17:00:57,094 INFO  safemode.SCMSafeModeManager (DataNodeSafeModeRule.java:process(71)) - SCM in safe mode. 1 DataNodes registered, 1 required.
2019-07-30 17:00:57,096 INFO  safemode.SCMSafeModeManager (SCMSafeModeManager.java:validateSafeModeExitRules(177)) - ScmSafeModeManager, all rules are successfully validated
2019-07-30 17:00:57,096 INFO  safemode.SCMSafeModeManager (SCMSafeModeManager.java:exitSafeMode(193)) - SCM exiting safe mode.
2019-07-30 17:00:57,122 INFO  impl.RaftServerProxy (RaftServerProxy.java:addNew(89)) - 6773ad0b-0596-45e2-a856-8b4219e24f1d: addNew group-B90C3575296D:[6773ad0b-0596-45e2-a856-8b4219e24f1d:192.168.69.86:46627] returns group-B90C3575296D:java.util.concurrent.CompletableFuture@71da2a0b[Not completed]
2019-07-30 17:00:57,124 INFO  impl.RaftServerImpl (RaftServerImpl.java:<init>(93)) - 6773ad0b-0596-45e2-a856-8b4219e24f1d: new RaftServerImpl for group-B90C3575296D:[6773ad0b-0596-45e2-a856-8b4219e24f1d:192.168.69.86:46627] with ContainerStateMachine:uninitialized
2019-07-30 17:00:57,126 INFO  server.RaftServerConfigKeys (ConfUtils.java:logGet(43)) - raft.server.rpc.timeout.min = 5s (custom)
2019-07-30 17:00:57,126 INFO  server.RaftServerConfigKeys (ConfUtils.java:logGet(43)) - raft.server.rpc.timeout.max = 5200ms (custom)
2019-07-30 17:00:57,126 INFO  server.RaftServerConfigKeys (ConfUtils.java:logGet(43)) - raft.server.rpcslowness.timeout = 120s (custom)
2019-07-30 17:00:57,126 INFO  server.RaftServerConfigKeys (ConfUtils.java:logGet(43)) - raft.server.sleep.deviation.threshold = 300 (default)
2019-07-30 17:00:57,127 INFO  server.RaftServerConfigKeys (ConfUtils.java:logGet(43)) - raft.server.log.appender.install.snapshot.enabled = false (custom)
2019-07-30 17:00:57,127 INFO  impl.RaftServerImpl (ServerState.java:<init>(105)) - 6773ad0b-0596-45e2-a856-8b4219e24f1d:group-B90C3575296D ConfigurationManager, init=-1: [6773ad0b-0596-45e2-a856-8b4219e24f1d:192.168.69.86:46627], old=null, confs=<EMPTY_MAP>
2019-07-30 17:00:57,127 INFO  server.RaftServerConfigKeys (ConfUtils.java:logGet(43)) - raft.server.storage.dir = [/workdir/hadoop-ozone/integration-test/target/test-dir/MiniOzoneClusterImpl-8daf5400-6eb7-485c-b8f6-f2071d91a0e5/datanode-0/data/ratis] (custom)
2019-07-30 17:00:57,128 INFO  storage.RaftStorageDirectory (RaftStorageDirectory.java:analyzeStorage(246)) - The storage directory /workdir/hadoop-ozone/integration-test/target/test-dir/MiniOzoneClusterImpl-8daf5400-6eb7-485c-b8f6-f2071d91a0e5/datanode-0/data/ratis/a116bb3a-4677-4984-8dba-b90c3575296d does not exist. Creating ...
2019-07-30 17:00:57,142 INFO  storage.RaftStorageDirectory (RaftStorageDirectory.java:tryLock(328)) - Lock on /workdir/hadoop-ozone/integration-test/target/test-dir/MiniOzoneClusterImpl-8daf5400-6eb7-485c-b8f6-f2071d91a0e5/datanode-0/data/ratis/a116bb3a-4677-4984-8dba-b90c3575296d/in_use.lock acquired by nodename 28914@byscane-nightly-58zn2-384979956
2019-07-30 17:00:57,157 INFO  storage.RaftStorage (RaftStorage.java:format(72)) - Storage directory /workdir/hadoop-ozone/integration-test/target/test-dir/MiniOzoneClusterImpl-8daf5400-6eb7-485c-b8f6-f2071d91a0e5/datanode-0/data/ratis/a116bb3a-4677-4984-8dba-b90c3575296d has been successfully formatted.
2019-07-30 17:00:57,157 INFO  ratis.ContainerStateMachine (ContainerStateMachine.java:loadSnapshot(213)) - group-B90C3575296D: The snapshot info is null. Setting the last applied indexto:(t:0, i:~)
2019-07-30 17:00:57,157 INFO  server.RaftServerConfigKeys (ConfUtils.java:logGet(43)) - raft.server.leader.election.timeout = 120s (custom)
2019-07-30 17:00:57,157 INFO  server.RaftServerConfigKeys (ConfUtils.java:logGet(43)) - raft.server.log.use.memory = false (default)
2019-07-30 17:00:57,157 INFO  server.RaftServerConfigKeys (ConfUtils.java:logGet(43)) - raft.server.log.purge.gap = 1000000000 (custom)
2019-07-30 17:00:57,158 INFO  server.RaftServerConfigKeys (ConfUtils.java:logGet(43)) - raft.server.log.appender.buffer.byte-limit = 33554432 (custom)
2019-07-30 17:00:57,158 INFO  server.RaftServerConfigKeys (ConfUtils.java:logGet(43)) - raft.server.log.segment.size.max = 1048576 (custom)
2019-07-30 17:00:57,158 INFO  server.RaftServerConfigKeys (ConfUtils.java:logGet(43)) - raft.server.log.segment.cache.num.max = 2 (custom)
2019-07-30 17:00:57,158 INFO  segmented.SegmentedRaftLogWorker (SegmentedRaftLogWorker.java:<init>(172)) - new 6773ad0b-0596-45e2-a856-8b4219e24f1d-SegmentedRaftLogWorker:Storage Directory /workdir/hadoop-ozone/integration-test/target/test-dir/MiniOzoneClusterImpl-8daf5400-6eb7-485c-b8f6-f2071d91a0e5/datanode-0/data/ratis/a116bb3a-4677-4984-8dba-b90c3575296d for RaftStorage:Storage Directory /workdir/hadoop-ozone/integration-test/target/test-dir/MiniOzoneClusterImpl-8daf5400-6eb7-485c-b8f6-f2071d91a0e5/datanode-0/data/ratis/a116bb3a-4677-4984-8dba-b90c3575296d
2019-07-30 17:00:57,158 INFO  server.RaftServerConfigKeys (ConfUtils.java:logGet(43)) - raft.server.log.queue.byte-limit = 2147483647 (custom)
2019-07-30 17:00:57,159 INFO  server.RaftServerConfigKeys (ConfUtils.java:logGet(43)) - raft.server.log.queue.element-limit = 1024 (custom)
2019-07-30 17:00:57,159 INFO  server.RaftServerConfigKeys (ConfUtils.java:logGet(43)) - raft.server.log.segment.size.max = 1048576 (custom)
2019-07-30 17:00:57,159 INFO  server.RaftServerConfigKeys (ConfUtils.java:logGet(43)) - raft.server.log.preallocated.size = 16384 (custom)
2019-07-30 17:00:57,159 INFO  server.RaftServerConfigKeys (ConfUtils.java:logGet(43)) - raft.server.log.write.buffer.size = 33554432 (custom)
2019-07-30 17:00:57,159 INFO  server.RaftServerConfigKeys (ConfUtils.java:logGet(43)) - raft.server.log.force.sync.num = 128 (default)
2019-07-30 17:00:57,159 INFO  server.RaftServerConfigKeys (ConfUtils.java:logGet(43)) - raft.server.log.statemachine.data.sync = true (default)
2019-07-30 17:00:57,160 INFO  server.RaftServerConfigKeys (ConfUtils.java:logGet(43)) - raft.server.log.statemachine.data.sync.timeout = 10s (default)
2019-07-30 17:00:57,160 INFO  server.RaftServerConfigKeys (ConfUtils.java:logGet(43)) - raft.server.log.statemachine.data.sync.timeout.retry = -1 (default)
2019-07-30 17:00:57,160 INFO  server.RaftServerConfigKeys (ConfUtils.java:logGet(43)) - raft.server.log.statemachine.data.caching.enabled = true (custom)
2019-07-30 17:00:57,160 INFO  segmented.SegmentedRaftLogWorker (SegmentedRaftLogWorker.java:lambda$new$0(132)) - 6773ad0b-0596-45e2-a856-8b4219e24f1d-SegmentedRaftLogWorker:Storage Directory /workdir/hadoop-ozone/integration-test/target/test-dir/MiniOzoneClusterImpl-8daf5400-6eb7-485c-b8f6-f2071d91a0e5/datanode-0/data/ratis/a116bb3a-4677-4984-8dba-b90c3575296d: flushIndex: setUnconditionally 0 -> -1
2019-07-30 17:00:57,161 INFO  server.RaftServerConfigKeys (ConfUtils.java:logGet(43)) - raft.server.snapshot.auto.trigger.enabled = true (custom)
2019-07-30 17:00:57,161 INFO  server.RaftServerConfigKeys (ConfUtils.java:logGet(43)) - raft.server.snapshot.auto.trigger.threshold = 10000 (custom)
2019-07-30 17:00:57,161 INFO  server.RaftServerConfigKeys (ConfUtils.java:logGet(43)) - raft.server.retrycache.expirytime = 600000ms (custom)
2019-07-30 17:00:57,162 INFO  impl.RaftServerImpl (RaftServerImpl.java:start(180)) - 6773ad0b-0596-45e2-a856-8b4219e24f1d: start group-B90C3575296D
2019-07-30 17:00:57,162 INFO  impl.RaftServerImpl (RaftServerImpl.java:setRole(171)) - 6773ad0b-0596-45e2-a856-8b4219e24f1d:group-B90C3575296D changes role from null to FOLLOWER at term 0 for startAsFollower
2019-07-30 17:00:57,162 INFO  impl.RoleInfo (RoleInfo.java:updateAndGet(143)) - 6773ad0b-0596-45e2-a856-8b4219e24f1d: start FollowerState
2019-07-30 17:00:57,163 INFO  util.JmxRegister (JmxRegister.java:tryRegister(44)) - Successfully registered JMX Bean with object name Ratis:service=RaftServer,group=group-B90C3575296D,id=6773ad0b-0596-45e2-a856-8b4219e24f1d
2019-07-30 17:00:57,174 INFO  pipeline.PipelineStateManager (PipelineStateManager.java:addPipeline(56)) - Created pipeline Pipeline[ Id: a116bb3a-4677-4984-8dba-b90c3575296d, Nodes: 6773ad0b-0596-45e2-a856-8b4219e24f1d{ip: 192.168.69.86, host: byscane-nightly-58zn2-384979956, networkLocation: /default-rack, certSerialId: null}, Type:RATIS, Factor:ONE, State:OPEN]
2019-07-30 17:00:58,083 INFO  ozone.MiniOzoneClusterImpl (MiniOzoneClusterImpl.java:lambda$waitForClusterToBeReady$0(142)) - Cluster is ready. Got 1 of 1 DN Heartbeats.
2019-07-30 17:00:58,246 INFO  pipeline.PipelineStateManager (PipelineStateManager.java:addPipeline(56)) - Created pipeline Pipeline[ Id: 7e83f0a7-5ce5-44aa-8c57-5b326c54a74a, Nodes: 6773ad0b-0596-45e2-a856-8b4219e24f1d{ip: 192.168.69.86, host: byscane-nightly-58zn2-384979956, networkLocation: /default-rack, certSerialId: null}, Type:STAND_ALONE, Factor:ONE, State:OPEN]
2019-07-30 17:00:58,665 INFO  keyvalue.KeyValueHandler (ContainerUtils.java:logAndReturnError(146)) - Operation: CreateContainer : Trace ID: 26432d8b979579c0:26432d8b979579c0:0:0 : Message: Container creation failed, due to disk out of space : Result: DISK_OUT_OF_SPACE
17:00:58.666 [grpc-default-executor-0] ERROR DNAudit - user=null | ip=null | op=WRITE_CHUNK {blockData=conID: 3 locID: 102531469060210705 bcsId: 0} | ret=FAILURE
org.apache.hadoop.hdds.scm.container.common.helpers.StorageContainerException: ContainerID 3 creation failed
	at org.apache.hadoop.ozone.container.common.impl.HddsDispatcher.dispatchRequest(HddsDispatcher.java:227) [hadoop-hdds-container-service-0.4.1-SNAPSHOT.jar:?]
	at org.apache.hadoop.ozone.container.common.impl.HddsDispatcher.dispatch(HddsDispatcher.java:148) [hadoop-hdds-container-service-0.4.1-SNAPSHOT.jar:?]
	at org.apache.hadoop.ozone.container.common.transport.server.GrpcXceiverService$1.onNext(GrpcXceiverService.java:73) [hadoop-hdds-container-service-0.4.1-SNAPSHOT.jar:?]
	at org.apache.hadoop.ozone.container.common.transport.server.GrpcXceiverService$1.onNext(GrpcXceiverService.java:61) [hadoop-hdds-container-service-0.4.1-SNAPSHOT.jar:?]
	at org.apache.ratis.thirdparty.io.grpc.stub.ServerCalls$StreamingServerCallHandler$StreamingServerCallListener.onMessage(ServerCalls.java:248) [ratis-thirdparty-misc-0.2.0.jar:0.2.0]
	at org.apache.ratis.thirdparty.io.grpc.ForwardingServerCallListener.onMessage(ForwardingServerCallListener.java:33) [ratis-thirdparty-misc-0.2.0.jar:0.2.0]
	at org.apache.ratis.thirdparty.io.grpc.Contexts$ContextualizedServerCallListener.onMessage(Contexts.java:76) [ratis-thirdparty-misc-0.2.0.jar:0.2.0]
	at org.apache.ratis.thirdparty.io.grpc.ForwardingServerCallListener.onMessage(ForwardingServerCallListener.java:33) [ratis-thirdparty-misc-0.2.0.jar:0.2.0]
	at org.apache.hadoop.hdds.tracing.GrpcServerInterceptor$1.onMessage(GrpcServerInterceptor.java:46) [hadoop-hdds-common-0.4.1-SNAPSHOT.jar:?]
	at org.apache.ratis.thirdparty.io.grpc.internal.ServerCallImpl$ServerStreamListenerImpl.messagesAvailable(ServerCallImpl.java:263) [ratis-thirdparty-misc-0.2.0.jar:0.2.0]
	at org.apache.ratis.thirdparty.io.grpc.internal.ServerImpl$JumpToApplicationThreadServerStreamListener$1MessagesAvailable.runInContext(ServerImpl.java:686) [ratis-thirdparty-misc-0.2.0.jar:0.2.0]
	at org.apache.ratis.thirdparty.io.grpc.internal.ContextRunnable.run(ContextRunnable.java:37) [ratis-thirdparty-misc-0.2.0.jar:0.2.0]
	at org.apache.ratis.thirdparty.io.grpc.internal.SerializingExecutor.run(SerializingExecutor.java:123) [ratis-thirdparty-misc-0.2.0.jar:0.2.0]
	at java.util.concurrent.ThreadPoolExecutor.runWorker(ThreadPoolExecutor.java:1149) [?:1.8.0_212]
	at java.util.concurrent.ThreadPoolExecutor$Worker.run(ThreadPoolExecutor.java:624) [?:1.8.0_212]
	at java.lang.Thread.run(Thread.java:748) [?:1.8.0_212]
2019-07-30 17:00:58,667 INFO  impl.HddsDispatcher (ContainerUtils.java:logAndReturnError(146)) - Operation: WriteChunk : Trace ID: 26432d8b979579c0:26432d8b979579c0:0:0 : Message: ContainerID 3 creation failed : Result: DISK_OUT_OF_SPACE
2019-07-30 17:00:58,669 ERROR storage.BlockOutputStream (BlockOutputStream.java:validateResponse(531)) - Unexpected Storage Container Exception: 
org.apache.hadoop.hdds.scm.container.common.helpers.StorageContainerException: ContainerID 3 creation failed
	at org.apache.hadoop.hdds.scm.storage.ContainerProtocolCalls.validateContainerResponse(ContainerProtocolCalls.java:536)
	at org.apache.hadoop.hdds.scm.storage.BlockOutputStream.validateResponse(BlockOutputStream.java:529)
	at org.apache.hadoop.hdds.scm.storage.BlockOutputStream.lambda$writeChunkToContainer$2(BlockOutputStream.java:606)
	at java.util.concurrent.CompletableFuture.uniApply(CompletableFuture.java:602)
	at java.util.concurrent.CompletableFuture$UniApply.tryFire(CompletableFuture.java:577)
	at java.util.concurrent.CompletableFuture$Completion.run(CompletableFuture.java:442)
	at java.util.concurrent.ThreadPoolExecutor.runWorker(ThreadPoolExecutor.java:1149)
	at java.util.concurrent.ThreadPoolExecutor$Worker.run(ThreadPoolExecutor.java:624)
	at java.lang.Thread.run(Thread.java:748)
17:00:58.675 [grpc-default-executor-0] ERROR DNAudit - user=null | ip=null | op=PUT_BLOCK {blockData=[blockId=conID: 3 locID: 102531469060210705 bcsId: 0,size=5]} | ret=FAILURE
org.apache.hadoop.hdds.scm.container.common.helpers.StorageContainerException: ContainerID 3 does not exist
	at org.apache.hadoop.ozone.container.common.impl.HddsDispatcher.dispatchRequest(HddsDispatcher.java:242) [hadoop-hdds-container-service-0.4.1-SNAPSHOT.jar:?]
	at org.apache.hadoop.ozone.container.common.impl.HddsDispatcher.dispatch(HddsDispatcher.java:148) [hadoop-hdds-container-service-0.4.1-SNAPSHOT.jar:?]
	at org.apache.hadoop.ozone.container.common.transport.server.GrpcXceiverService$1.onNext(GrpcXceiverService.java:73) [hadoop-hdds-container-service-0.4.1-SNAPSHOT.jar:?]
	at org.apache.hadoop.ozone.container.common.transport.server.GrpcXceiverService$1.onNext(GrpcXceiverService.java:61) [hadoop-hdds-container-service-0.4.1-SNAPSHOT.jar:?]
	at org.apache.ratis.thirdparty.io.grpc.stub.ServerCalls$StreamingServerCallHandler$StreamingServerCallListener.onMessage(ServerCalls.java:248) [ratis-thirdparty-misc-0.2.0.jar:0.2.0]
	at org.apache.ratis.thirdparty.io.grpc.ForwardingServerCallListener.onMessage(ForwardingServerCallListener.java:33) [ratis-thirdparty-misc-0.2.0.jar:0.2.0]
	at org.apache.ratis.thirdparty.io.grpc.Contexts$ContextualizedServerCallListener.onMessage(Contexts.java:76) [ratis-thirdparty-misc-0.2.0.jar:0.2.0]
	at org.apache.ratis.thirdparty.io.grpc.ForwardingServerCallListener.onMessage(ForwardingServerCallListener.java:33) [ratis-thirdparty-misc-0.2.0.jar:0.2.0]
	at org.apache.hadoop.hdds.tracing.GrpcServerInterceptor$1.onMessage(GrpcServerInterceptor.java:46) [hadoop-hdds-common-0.4.1-SNAPSHOT.jar:?]
	at org.apache.ratis.thirdparty.io.grpc.internal.ServerCallImpl$ServerStreamListenerImpl.messagesAvailable(ServerCallImpl.java:263) [ratis-thirdparty-misc-0.2.0.jar:0.2.0]
	at org.apache.ratis.thirdparty.io.grpc.internal.ServerImpl$JumpToApplicationThreadServerStreamListener$1MessagesAvailable.runInContext(ServerImpl.java:686) [ratis-thirdparty-misc-0.2.0.jar:0.2.0]
	at org.apache.ratis.thirdparty.io.grpc.internal.ContextRunnable.run(ContextRunnable.java:37) [ratis-thirdparty-misc-0.2.0.jar:0.2.0]
	at org.apache.ratis.thirdparty.io.grpc.internal.SerializingExecutor.run(SerializingExecutor.java:123) [ratis-thirdparty-misc-0.2.0.jar:0.2.0]
	at java.util.concurrent.ThreadPoolExecutor.runWorker(ThreadPoolExecutor.java:1149) [?:1.8.0_212]
	at java.util.concurrent.ThreadPoolExecutor$Worker.run(ThreadPoolExecutor.java:624) [?:1.8.0_212]
	at java.lang.Thread.run(Thread.java:748) [?:1.8.0_212]
2019-07-30 17:00:58,676 INFO  impl.HddsDispatcher (ContainerUtils.java:logAndReturnError(146)) - Operation: PutBlock : Trace ID: 2adac57e4bf443cb:2adac57e4bf443cb:0:0 : Message: ContainerID 3 does not exist : Result: CONTAINER_NOT_FOUND
]]></system-out>
    <system-err><![CDATA[Jul 30, 2019 5:00:52 PM com.sun.jersey.server.impl.application.WebApplicationImpl _initiate
INFO: Initiating Jersey application, version 'Jersey: 1.19 02/11/2015 03:25 AM'
Jul 30, 2019 5:00:58 PM com.sun.jersey.server.impl.application.WebApplicationImpl _initiate
INFO: Initiating Jersey application, version 'Jersey: 1.19 02/11/2015 03:25 AM'
]]></system-err>
  </testcase>
  <testcase name="testRpcPermission" classname="org.apache.hadoop.ozone.TestStorageContainerManager" time="35.014"/>
  <testcase name="testSCMInitializationFailure" classname="org.apache.hadoop.ozone.TestStorageContainerManager" time="0.033"/>
  <testcase name="testSCMInitialization" classname="org.apache.hadoop.ozone.TestStorageContainerManager" time="0.031"/>
  <testcase name="testScmProcessDatanodeHeartbeat" classname="org.apache.hadoop.ozone.TestStorageContainerManager" time="29.08">
    <failure type="java.lang.AssertionError">java.lang.AssertionError
	at org.junit.Assert.fail(Assert.java:86)
	at org.junit.Assert.assertTrue(Assert.java:41)
	at org.junit.Assert.assertTrue(Assert.java:52)
	at org.apache.hadoop.ozone.TestStorageContainerManager.testScmProcessDatanodeHeartbeat(TestStorageContainerManager.java:531)
	at sun.reflect.NativeMethodAccessorImpl.invoke0(Native Method)
	at sun.reflect.NativeMethodAccessorImpl.invoke(NativeMethodAccessorImpl.java:62)
	at sun.reflect.DelegatingMethodAccessorImpl.invoke(DelegatingMethodAccessorImpl.java:43)
	at java.lang.reflect.Method.invoke(Method.java:498)
	at org.junit.runners.model.FrameworkMethod$1.runReflectiveCall(FrameworkMethod.java:47)
	at org.junit.internal.runners.model.ReflectiveCallable.run(ReflectiveCallable.java:12)
	at org.junit.runners.model.FrameworkMethod.invokeExplosively(FrameworkMethod.java:44)
	at org.junit.internal.runners.statements.InvokeMethod.evaluate(InvokeMethod.java:17)
	at org.junit.internal.runners.statements.FailOnTimeout$StatementThread.run(FailOnTimeout.java:74)
</failure>
    <system-out><![CDATA[2019-07-30 17:01:33,783 WARN  server.ServerUtils (ServerUtils.java:getScmDbDir(145)) - ozone.scm.db.dirs is not configured. We recommend adding this setting. Falling back to ozone.metadata.dirs instead.
2019-07-30 17:01:33,799 WARN  server.ServerUtils (ServerUtils.java:getScmDbDir(145)) - ozone.scm.db.dirs is not configured. We recommend adding this setting. Falling back to ozone.metadata.dirs instead.
2019-07-30 17:01:33,799 WARN  server.ServerUtils (ServerUtils.java:getScmDbDir(145)) - ozone.scm.db.dirs is not configured. We recommend adding this setting. Falling back to ozone.metadata.dirs instead.
2019-07-30 17:01:33,800 INFO  db.DBStoreBuilder (DBStoreBuilder.java:addTable(110)) - using custom profile for table: deletedBlocks
2019-07-30 17:01:33,800 INFO  db.DBStoreBuilder (DBStoreBuilder.java:processTables(161)) - Using default column profile:DBProfile.DISK for Table:deletedBlocks
2019-07-30 17:01:33,800 INFO  db.DBStoreBuilder (DBStoreBuilder.java:addTable(110)) - using custom profile for table: validCerts
2019-07-30 17:01:33,800 INFO  db.DBStoreBuilder (DBStoreBuilder.java:processTables(161)) - Using default column profile:DBProfile.DISK for Table:validCerts
2019-07-30 17:01:33,801 INFO  db.DBStoreBuilder (DBStoreBuilder.java:addTable(110)) - using custom profile for table: revokedCerts
2019-07-30 17:01:33,801 INFO  db.DBStoreBuilder (DBStoreBuilder.java:processTables(161)) - Using default column profile:DBProfile.DISK for Table:revokedCerts
2019-07-30 17:01:33,801 INFO  db.DBStoreBuilder (DBStoreBuilder.java:addTable(110)) - using custom profile for table: default
2019-07-30 17:01:33,801 INFO  db.DBStoreBuilder (DBStoreBuilder.java:processTables(167)) - Using default column profile:DBProfile.DISK for Table:default
2019-07-30 17:01:33,801 INFO  db.DBStoreBuilder (DBStoreBuilder.java:getDbProfile(198)) - Using default options. DBProfile.DISK
2019-07-30 17:01:33,923 INFO  net.NodeSchemaLoader (NodeSchemaLoader.java:loadSchemaFromFile(125)) - Loading file from sun.misc.CompoundEnumeration@7777be30
2019-07-30 17:01:33,923 INFO  net.NodeSchemaLoader (NodeSchemaLoader.java:loadSchema(171)) - Loading network topology layer schema file
2019-07-30 17:01:33,928 WARN  server.ServerUtils (ServerUtils.java:sanitizeUserArgs(70)) - ozone.scm.stale.node.interval value = 300000 is larger than max = 100000 based on the key value of ozone.scm.heartbeat.thread.interval, reset to the max value 100000.
2019-07-30 17:01:33,928 WARN  server.ServerUtils (ServerUtils.java:sanitizeUserArgs(70)) - ozone.scm.stale.node.interval value = 300000 is larger than max = 100000 based on the key value of ozone.scm.heartbeat.thread.interval, reset to the max value 100000.
2019-07-30 17:01:33,928 INFO  node.SCMNodeManager (SCMNodeManager.java:<init>(121)) - Entering startup safe mode.
2019-07-30 17:01:33,929 INFO  Configuration.deprecation (Configuration.java:logDeprecation(1394)) - hadoop.configured.node.mapping is deprecated. Instead, use net.topology.configured.node.mapping
2019-07-30 17:01:33,929 WARN  server.ServerUtils (ServerUtils.java:getScmDbDir(145)) - ozone.scm.db.dirs is not configured. We recommend adding this setting. Falling back to ozone.metadata.dirs instead.
2019-07-30 17:01:33,976 INFO  pipeline.SCMPipelineManager (SCMPipelineManager.java:initializePipelineState(126)) - No pipeline exists in current db
2019-07-30 17:01:33,976 WARN  server.ServerUtils (ServerUtils.java:getScmDbDir(145)) - ozone.scm.db.dirs is not configured. We recommend adding this setting. Falling back to ozone.metadata.dirs instead.
2019-07-30 17:01:34,050 WARN  events.EventQueue (EventQueue.java:fireEvent(175)) - No event handler registered for event TypedEvent{payloadType=SafeModeStatus, name='SafeModeStatus'}
2019-07-30 17:01:34,050 INFO  ipc.CallQueueManager (CallQueueManager.java:<init>(84)) - Using callQueue: class java.util.concurrent.LinkedBlockingQueue, queueCapacity: 2000, scheduler: class org.apache.hadoop.ipc.DefaultRpcScheduler, ipcBackoff: false.
2019-07-30 17:01:34,051 INFO  ipc.Server (Server.java:run(1074)) - Starting Socket Reader #1 for port 33305
2019-07-30 17:01:34,055 INFO  ipc.CallQueueManager (CallQueueManager.java:<init>(84)) - Using callQueue: class java.util.concurrent.LinkedBlockingQueue, queueCapacity: 2000, scheduler: class org.apache.hadoop.ipc.DefaultRpcScheduler, ipcBackoff: false.
2019-07-30 17:01:34,055 INFO  ipc.Server (Server.java:run(1074)) - Starting Socket Reader #1 for port 34103
2019-07-30 17:01:34,058 INFO  ipc.CallQueueManager (CallQueueManager.java:<init>(84)) - Using callQueue: class java.util.concurrent.LinkedBlockingQueue, queueCapacity: 2000, scheduler: class org.apache.hadoop.ipc.DefaultRpcScheduler, ipcBackoff: false.
2019-07-30 17:01:34,059 INFO  ipc.Server (Server.java:run(1074)) - Starting Socket Reader #1 for port 41607
2019-07-30 17:01:34,062 INFO  hdfs.DFSUtil (DFSUtil.java:httpServerTemplateForNNAndJN(1641)) - Starting Web-server for scm at: http://0.0.0.0:0
2019-07-30 17:01:34,072 INFO  server.AuthenticationFilter (AuthenticationFilter.java:constructSecretProvider(240)) - Unable to initialize FileSignerSecretProvider, falling back to use random secrets.
2019-07-30 17:01:34,073 WARN  http.HttpRequestLog (HttpRequestLog.java:getRequestLog(97)) - Jetty request log can only be enabled using Log4j
2019-07-30 17:01:34,075 INFO  http.HttpServer2 (HttpServer2.java:addGlobalFilter(975)) - Added global filter 'safety' (class=org.apache.hadoop.http.HttpServer2$QuotingInputFilter)
2019-07-30 17:01:34,076 INFO  http.HttpServer2 (HttpServer2.java:addFilter(948)) - Added filter static_user_filter (class=org.apache.hadoop.http.lib.StaticUserWebFilter$StaticUserFilter) to context scm
2019-07-30 17:01:34,076 INFO  http.HttpServer2 (HttpServer2.java:addFilter(958)) - Added filter static_user_filter (class=org.apache.hadoop.http.lib.StaticUserWebFilter$StaticUserFilter) to context logs
2019-07-30 17:01:34,076 INFO  http.HttpServer2 (HttpServer2.java:addFilter(958)) - Added filter static_user_filter (class=org.apache.hadoop.http.lib.StaticUserWebFilter$StaticUserFilter) to context static
2019-07-30 17:01:34,078 INFO  server.StorageContainerManager (StorageContainerManager.java:start(758)) - StorageContainerLocationProtocol RPC server is listening at /0.0.0.0:41607
2019-07-30 17:01:34,081 WARN  impl.MetricsConfig (MetricsConfig.java:loadFirst(134)) - Cannot locate configuration: tried hadoop-metrics2-storagecontainermanager.properties,hadoop-metrics2.properties
2019-07-30 17:01:34,082 INFO  impl.MetricsSystemImpl (MetricsSystemImpl.java:startTimer(374)) - Scheduled Metric snapshot period at 10 second(s).
2019-07-30 17:01:34,082 INFO  impl.MetricsSystemImpl (MetricsSystemImpl.java:start(191)) - StorageContainerManager metrics system started
2019-07-30 17:01:34,228 INFO  server.SCMClientProtocolServer (SCMClientProtocolServer.java:start(151)) - RPC server for Client  is listening at /0.0.0.0:41607
2019-07-30 17:01:34,228 INFO  ipc.Server (Server.java:run(1314)) - IPC Server Responder: starting
2019-07-30 17:01:34,229 INFO  ipc.Server (Server.java:run(1153)) - IPC Server listener on 41607: starting
2019-07-30 17:01:34,234 INFO  server.StorageContainerManager (StorageContainerManager.java:start(768)) - ScmBlockLocationProtocol RPC server is listening at /0.0.0.0:34103
2019-07-30 17:01:34,235 INFO  server.SCMBlockProtocolServer (SCMBlockProtocolServer.java:start(140)) - RPC server for Block Protocol is listening at /0.0.0.0:34103
2019-07-30 17:01:34,235 INFO  ipc.Server (Server.java:run(1314)) - IPC Server Responder: starting
2019-07-30 17:01:34,235 INFO  ipc.Server (Server.java:run(1153)) - IPC Server listener on 34103: starting
2019-07-30 17:01:34,241 INFO  server.StorageContainerManager (StorageContainerManager.java:start(772)) - ScmDatanodeProtocl RPC server is listening at /0.0.0.0:33305
2019-07-30 17:01:34,241 INFO  server.SCMDatanodeProtocolServer (SCMDatanodeProtocolServer.java:start(191)) - RPC server for DataNodes is listening at /0.0.0.0:33305
2019-07-30 17:01:34,241 INFO  ipc.Server (Server.java:run(1314)) - IPC Server Responder: starting
2019-07-30 17:01:34,242 INFO  ipc.Server (Server.java:run(1153)) - IPC Server listener on 33305: starting
2019-07-30 17:01:34,247 INFO  http.HttpServer2 (HttpServer2.java:bindListener(1191)) - Jetty bound to port 35508
2019-07-30 17:01:34,247 INFO  server.Server (Server.java:doStart(351)) - jetty-9.3.24.v20180605, build timestamp: 2018-06-05T17:11:56Z, git hash: 84205aa28f11a4f31f2a3b86d1bba2cc8ab69827
2019-07-30 17:01:34,250 INFO  handler.ContextHandler (ContextHandler.java:doStart(781)) - Started o.e.j.s.ServletContextHandler@1ac62dd3{/logs,file:///workdir/hadoop-ozone/integration-test/target/log,AVAILABLE}
2019-07-30 17:01:34,250 INFO  handler.ContextHandler (ContextHandler.java:doStart(781)) - Started o.e.j.s.ServletContextHandler@76b7e6b8{/static,file:///workdir/hadoop-ozone/integration-test/target/test-classes/webapps/static,AVAILABLE}
2019-07-30 17:01:34,256 INFO  handler.ContextHandler (ContextHandler.java:doStart(781)) - Started o.e.j.w.WebAppContext@4f35329c{/,file:///workdir/hadoop-ozone/integration-test/target/test-classes/webapps/scm/,AVAILABLE}{/scm}
2019-07-30 17:01:34,256 INFO  server.AbstractConnector (AbstractConnector.java:doStart(278)) - Started ServerConnector@36fb1d0f{HTTP/1.1,[http/1.1]}{0.0.0.0:35508}
2019-07-30 17:01:34,262 INFO  server.Server (Server.java:doStart(419)) - Started @78608ms
2019-07-30 17:01:34,263 INFO  server.BaseHttpServer (BaseHttpServer.java:updateConnectorAddress(207)) - HTTP server of SCM is listening at http://0.0.0.0:35508
2019-07-30 17:01:34,264 WARN  server.ServerUtils (ServerUtils.java:getDBPath(222)) - ozone.om.db.dirs is not configured. We recommend adding this setting. Falling back to ozone.metadata.dirs instead.
2019-07-30 17:01:34,268 INFO  util.JvmPauseMonitor (JvmPauseMonitor.java:run(188)) - Starting JVM pause monitor
2019-07-30 17:01:34,293 WARN  server.ServerUtils (ServerUtils.java:getDBPath(222)) - ozone.om.db.dirs is not configured. We recommend adding this setting. Falling back to ozone.metadata.dirs instead.
2019-07-30 17:01:34,293 WARN  server.ServerUtils (ServerUtils.java:getDBPath(222)) - ozone.om.db.dirs is not configured. We recommend adding this setting. Falling back to ozone.metadata.dirs instead.
2019-07-30 17:01:34,293 INFO  om.OzoneManager (OzoneManager.java:setOMNodeDetails(644)) - OM Service ID is not set. Setting it to the default ID: omServiceIdDefault
2019-07-30 17:01:34,293 INFO  om.OzoneManager (OzoneManager.java:setOMNodeDetails(650)) - OM Node ID is not set. Setting it to the OmStorage's OmID: f6ace1ab-be85-480a-aaec-d190ac031230
2019-07-30 17:01:34,294 INFO  om.OzoneManager (OzoneManager.java:loadOMHAConfigs(601)) - Found matching OM address with OMServiceId: null, OMNodeId: null, RPC Address: localhost:0 and Ratis port: 9872
2019-07-30 17:01:34,303 WARN  server.ServerUtils (ServerUtils.java:getDBPath(222)) - ozone.om.db.dirs is not configured. We recommend adding this setting. Falling back to ozone.metadata.dirs instead.
2019-07-30 17:01:34,303 INFO  db.DBStoreBuilder (DBStoreBuilder.java:addTable(110)) - using custom profile for table: userTable
2019-07-30 17:01:34,303 INFO  db.DBStoreBuilder (DBStoreBuilder.java:processTables(161)) - Using default column profile:DBProfile.DISK for Table:userTable
2019-07-30 17:01:34,304 INFO  db.DBStoreBuilder (DBStoreBuilder.java:addTable(110)) - using custom profile for table: volumeTable
2019-07-30 17:01:34,304 INFO  db.DBStoreBuilder (DBStoreBuilder.java:processTables(161)) - Using default column profile:DBProfile.DISK for Table:volumeTable
2019-07-30 17:01:34,304 INFO  db.DBStoreBuilder (DBStoreBuilder.java:addTable(110)) - using custom profile for table: bucketTable
2019-07-30 17:01:34,304 INFO  db.DBStoreBuilder (DBStoreBuilder.java:processTables(161)) - Using default column profile:DBProfile.DISK for Table:bucketTable
2019-07-30 17:01:34,304 INFO  db.DBStoreBuilder (DBStoreBuilder.java:addTable(110)) - using custom profile for table: keyTable
2019-07-30 17:01:34,304 INFO  db.DBStoreBuilder (DBStoreBuilder.java:processTables(161)) - Using default column profile:DBProfile.DISK for Table:keyTable
2019-07-30 17:01:34,305 INFO  db.DBStoreBuilder (DBStoreBuilder.java:addTable(110)) - using custom profile for table: deletedTable
2019-07-30 17:01:34,305 INFO  db.DBStoreBuilder (DBStoreBuilder.java:processTables(161)) - Using default column profile:DBProfile.DISK for Table:deletedTable
2019-07-30 17:01:34,305 INFO  db.DBStoreBuilder (DBStoreBuilder.java:addTable(110)) - using custom profile for table: openKeyTable
2019-07-30 17:01:34,305 INFO  db.DBStoreBuilder (DBStoreBuilder.java:processTables(161)) - Using default column profile:DBProfile.DISK for Table:openKeyTable
2019-07-30 17:01:34,305 INFO  db.DBStoreBuilder (DBStoreBuilder.java:addTable(110)) - using custom profile for table: s3Table
2019-07-30 17:01:34,305 INFO  db.DBStoreBuilder (DBStoreBuilder.java:processTables(161)) - Using default column profile:DBProfile.DISK for Table:s3Table
2019-07-30 17:01:34,306 INFO  db.DBStoreBuilder (DBStoreBuilder.java:addTable(110)) - using custom profile for table: multipartInfoTable
2019-07-30 17:01:34,306 INFO  db.DBStoreBuilder (DBStoreBuilder.java:processTables(161)) - Using default column profile:DBProfile.DISK for Table:multipartInfoTable
2019-07-30 17:01:34,306 INFO  db.DBStoreBuilder (DBStoreBuilder.java:addTable(110)) - using custom profile for table: dTokenTable
2019-07-30 17:01:34,306 INFO  db.DBStoreBuilder (DBStoreBuilder.java:processTables(161)) - Using default column profile:DBProfile.DISK for Table:dTokenTable
2019-07-30 17:01:34,306 INFO  db.DBStoreBuilder (DBStoreBuilder.java:addTable(110)) - using custom profile for table: s3SecretTable
2019-07-30 17:01:34,306 INFO  db.DBStoreBuilder (DBStoreBuilder.java:processTables(161)) - Using default column profile:DBProfile.DISK for Table:s3SecretTable
2019-07-30 17:01:34,306 INFO  db.DBStoreBuilder (DBStoreBuilder.java:addTable(110)) - using custom profile for table: prefixTable
2019-07-30 17:01:34,307 INFO  db.DBStoreBuilder (DBStoreBuilder.java:processTables(161)) - Using default column profile:DBProfile.DISK for Table:prefixTable
2019-07-30 17:01:34,307 INFO  db.DBStoreBuilder (DBStoreBuilder.java:addTable(110)) - using custom profile for table: default
2019-07-30 17:01:34,307 INFO  db.DBStoreBuilder (DBStoreBuilder.java:processTables(167)) - Using default column profile:DBProfile.DISK for Table:default
2019-07-30 17:01:34,307 INFO  db.DBStoreBuilder (DBStoreBuilder.java:getDbProfile(198)) - Using default options. DBProfile.DISK
2019-07-30 17:01:34,961 INFO  ipc.CallQueueManager (CallQueueManager.java:<init>(84)) - Using callQueue: class java.util.concurrent.LinkedBlockingQueue, queueCapacity: 2000, scheduler: class org.apache.hadoop.ipc.DefaultRpcScheduler, ipcBackoff: false.
2019-07-30 17:01:34,962 INFO  ipc.Server (Server.java:run(1074)) - Starting Socket Reader #1 for port 45427
2019-07-30 17:01:34,980 INFO  om.OzoneManager (OzoneManager.java:start(1255)) - OzoneManager RPC server is listening at localhost/127.0.0.1:45427
2019-07-30 17:01:34,980 INFO  impl.MetricsSystemImpl (MetricsSystemImpl.java:init(158)) - OzoneManager metrics system started (again)
2019-07-30 17:01:34,981 INFO  ipc.Server (Server.java:run(1314)) - IPC Server Responder: starting
2019-07-30 17:01:34,981 INFO  ipc.Server (Server.java:run(1153)) - IPC Server listener on 45427: starting
2019-07-30 17:01:34,989 INFO  hdfs.DFSUtil (DFSUtil.java:httpServerTemplateForNNAndJN(1641)) - Starting Web-server for ozoneManager at: http://0.0.0.0:0
2019-07-30 17:01:34,991 INFO  server.AuthenticationFilter (AuthenticationFilter.java:constructSecretProvider(240)) - Unable to initialize FileSignerSecretProvider, falling back to use random secrets.
2019-07-30 17:01:34,991 WARN  http.HttpRequestLog (HttpRequestLog.java:getRequestLog(97)) - Jetty request log can only be enabled using Log4j
2019-07-30 17:01:34,993 INFO  http.HttpServer2 (HttpServer2.java:addGlobalFilter(975)) - Added global filter 'safety' (class=org.apache.hadoop.http.HttpServer2$QuotingInputFilter)
2019-07-30 17:01:34,993 INFO  http.HttpServer2 (HttpServer2.java:addFilter(948)) - Added filter static_user_filter (class=org.apache.hadoop.http.lib.StaticUserWebFilter$StaticUserFilter) to context ozoneManager
2019-07-30 17:01:34,993 INFO  http.HttpServer2 (HttpServer2.java:addFilter(958)) - Added filter static_user_filter (class=org.apache.hadoop.http.lib.StaticUserWebFilter$StaticUserFilter) to context static
2019-07-30 17:01:34,994 INFO  http.HttpServer2 (HttpServer2.java:addFilter(958)) - Added filter static_user_filter (class=org.apache.hadoop.http.lib.StaticUserWebFilter$StaticUserFilter) to context logs
2019-07-30 17:01:34,994 INFO  http.HttpServer2 (HttpServer2.java:bindListener(1191)) - Jetty bound to port 37326
2019-07-30 17:01:34,995 INFO  server.Server (Server.java:doStart(351)) - jetty-9.3.24.v20180605, build timestamp: 2018-06-05T17:11:56Z, git hash: 84205aa28f11a4f31f2a3b86d1bba2cc8ab69827
2019-07-30 17:01:34,997 INFO  handler.ContextHandler (ContextHandler.java:doStart(781)) - Started o.e.j.s.ServletContextHandler@3134803e{/logs,file:///workdir/hadoop-ozone/integration-test/target/log,AVAILABLE}
2019-07-30 17:01:34,997 INFO  handler.ContextHandler (ContextHandler.java:doStart(781)) - Started o.e.j.s.ServletContextHandler@67c2613b{/static,file:///workdir/hadoop-ozone/integration-test/target/test-classes/webapps/static,AVAILABLE}
2019-07-30 17:01:35,002 INFO  handler.ContextHandler (ContextHandler.java:doStart(781)) - Started o.e.j.w.WebAppContext@587bf255{/,file:///workdir/hadoop-ozone/integration-test/target/test-classes/webapps/ozoneManager/,AVAILABLE}{/ozoneManager}
2019-07-30 17:01:35,003 INFO  server.AbstractConnector (AbstractConnector.java:doStart(278)) - Started ServerConnector@13e41f4a{HTTP/1.1,[http/1.1]}{0.0.0.0:37326}
2019-07-30 17:01:35,004 INFO  server.Server (Server.java:doStart(419)) - Started @79350ms
2019-07-30 17:01:35,005 INFO  server.BaseHttpServer (BaseHttpServer.java:updateConnectorAddress(207)) - HTTP server of OZONEMANAGER is listening at http://0.0.0.0:37326
2019-07-30 17:01:35,013 INFO  impl.MetricsSystemImpl (MetricsSystemImpl.java:init(158)) - HddsDatanode metrics system started (again)
2019-07-30 17:01:35,022 INFO  ozone.HddsDatanodeService (HddsDatanodeService.java:start(184)) - HddsDatanodeService host:byscane-nightly-58zn2-384979956 ip:192.168.69.86
2019-07-30 17:01:35,031 INFO  volume.HddsVolume (HddsVolume.java:<init>(176)) - Creating Volume: /workdir/hadoop-ozone/integration-test/target/test-dir/MiniOzoneClusterImpl-ab0d1113-2c98-470c-b755-65e3cfe9598a/datanode-0/data/containers/hdds of  storage type : DISK and capacity : 52710309888
2019-07-30 17:01:35,032 INFO  volume.VolumeSet (VolumeSet.java:initializeVolumeSet(170)) - Added Volume : /workdir/hadoop-ozone/integration-test/target/test-dir/MiniOzoneClusterImpl-ab0d1113-2c98-470c-b755-65e3cfe9598a/datanode-0/data/containers/hdds to VolumeSet
2019-07-30 17:01:35,032 INFO  volume.ThrottledAsyncChecker (ThrottledAsyncChecker.java:schedule(140)) - Scheduling a check for org.apache.hadoop.ozone.container.common.volume.HddsVolume@7d2f66e2
2019-07-30 17:01:35,033 INFO  volume.HddsVolumeChecker (HddsVolumeChecker.java:checkAllVolumes(203)) - Scheduled health check for volume org.apache.hadoop.ozone.container.common.volume.HddsVolume@7d2f66e2
2019-07-30 17:01:35,049 INFO  impl.RaftServerProxy (ConfUtils.java:logGet(43)) - raft.rpc.type = GRPC (default)
2019-07-30 17:01:35,049 INFO  grpc.GrpcFactory (GrpcFactory.java:checkPooledByteBufAllocatorUseCacheForAllThreads(45)) - PERFORMANCE WARNING: useCacheForAllThreads is true that may cause Netty to create a lot garbage objects and, as a result, trigger GC.
	It is recommended to disable useCacheForAllThreads by setting -Dorg.apache.ratis.thirdparty.io.netty.allocator.useCacheForAllThreads=false in command line.
2019-07-30 17:01:35,049 INFO  grpc.GrpcConfigKeys$Server (ConfUtils.java:logGet(43)) - raft.grpc.server.port = 0 (default)
2019-07-30 17:01:35,049 INFO  server.GrpcService (ConfUtils.java:logGet(43)) - raft.grpc.message.size.max = 33570816 (custom)
2019-07-30 17:01:35,049 INFO  server.RaftServerConfigKeys (ConfUtils.java:logGet(43)) - raft.server.log.appender.buffer.byte-limit = 33554432 (custom)
2019-07-30 17:01:35,050 INFO  server.GrpcService (ConfUtils.java:logGet(43)) - raft.grpc.flow.control.window = 1MB (=1048576) (default)
2019-07-30 17:01:35,050 INFO  server.RaftServerConfigKeys (ConfUtils.java:logGet(43)) - raft.server.rpc.request.timeout = 3000ms (default)
2019-07-30 17:01:35,050 INFO  server.RaftServerConfigKeys (ConfUtils.java:logGet(43)) - raft.server.storage.dir = [/workdir/hadoop-ozone/integration-test/target/test-dir/MiniOzoneClusterImpl-ab0d1113-2c98-470c-b755-65e3cfe9598a/datanode-0/data/ratis] (custom)
2019-07-30 17:01:35,051 INFO  replication.SimpleContainerDownloader (SimpleContainerDownloader.java:<init>(72)) - Starting container downloader service to copy containers to replicate.
2019-07-30 17:01:35,052 INFO  hdfs.DFSUtil (DFSUtil.java:httpServerTemplateForNNAndJN(1641)) - Starting Web-server for hddsDatanode at: http://0.0.0.0:0
2019-07-30 17:01:35,053 INFO  server.AuthenticationFilter (AuthenticationFilter.java:constructSecretProvider(240)) - Unable to initialize FileSignerSecretProvider, falling back to use random secrets.
2019-07-30 17:01:35,053 WARN  http.HttpRequestLog (HttpRequestLog.java:getRequestLog(97)) - Jetty request log can only be enabled using Log4j
2019-07-30 17:01:35,055 INFO  http.HttpServer2 (HttpServer2.java:addGlobalFilter(975)) - Added global filter 'safety' (class=org.apache.hadoop.http.HttpServer2$QuotingInputFilter)
2019-07-30 17:01:35,055 INFO  http.HttpServer2 (HttpServer2.java:addFilter(948)) - Added filter static_user_filter (class=org.apache.hadoop.http.lib.StaticUserWebFilter$StaticUserFilter) to context hddsDatanode
2019-07-30 17:01:35,055 INFO  http.HttpServer2 (HttpServer2.java:addFilter(958)) - Added filter static_user_filter (class=org.apache.hadoop.http.lib.StaticUserWebFilter$StaticUserFilter) to context logs
2019-07-30 17:01:35,055 INFO  http.HttpServer2 (HttpServer2.java:addFilter(958)) - Added filter static_user_filter (class=org.apache.hadoop.http.lib.StaticUserWebFilter$StaticUserFilter) to context static
2019-07-30 17:01:35,056 INFO  http.HttpServer2 (HttpServer2.java:bindListener(1191)) - Jetty bound to port 34360
2019-07-30 17:01:35,056 INFO  server.Server (Server.java:doStart(351)) - jetty-9.3.24.v20180605, build timestamp: 2018-06-05T17:11:56Z, git hash: 84205aa28f11a4f31f2a3b86d1bba2cc8ab69827
2019-07-30 17:01:35,059 INFO  handler.ContextHandler (ContextHandler.java:doStart(781)) - Started o.e.j.s.ServletContextHandler@437aa1ac{/logs,file:///workdir/hadoop-ozone/integration-test/target/log,AVAILABLE}
2019-07-30 17:01:35,059 INFO  handler.ContextHandler (ContextHandler.java:doStart(781)) - Started o.e.j.s.ServletContextHandler@42e6693b{/static,jar:file:/home/user/.m2/repository/org/apache/hadoop/hadoop-hdds-container-service/0.4.1-SNAPSHOT/hadoop-hdds-container-service-0.4.1-SNAPSHOT.jar!/webapps/static,AVAILABLE}
2019-07-30 17:01:35,087 INFO  handler.ContextHandler (ContextHandler.java:doStart(781)) - Started o.e.j.w.WebAppContext@69eb9b96{/,file:///tmp/jetty-0.0.0.0-34360-hddsDatanode-_-any-7377131087781769411.dir/webapp/,AVAILABLE}{/hddsDatanode}
2019-07-30 17:01:35,087 INFO  server.AbstractConnector (AbstractConnector.java:doStart(278)) - Started ServerConnector@5d89c56f{HTTP/1.1,[http/1.1]}{0.0.0.0:34360}
2019-07-30 17:01:35,089 INFO  server.Server (Server.java:doStart(419)) - Started @79435ms
2019-07-30 17:01:35,090 INFO  server.BaseHttpServer (BaseHttpServer.java:updateConnectorAddress(207)) - HTTP server of HDDSDATANODE is listening at http://0.0.0.0:34360
2019-07-30 17:01:35,199 INFO  ozone.HddsDatanodeService (HddsDatanodeService.java:startPlugins(395)) - Started plug-in org.apache.hadoop.ozone.web.OzoneHddsDatanodeService@170a8af2
2019-07-30 17:01:35,199 INFO  impl.MetricsSystemImpl (MetricsSystemImpl.java:init(158)) - HddsDatanode metrics system started (again)
2019-07-30 17:01:35,210 INFO  util.JvmPauseMonitor (JvmPauseMonitor.java:run(188)) - Starting JVM pause monitor
2019-07-30 17:01:35,211 INFO  ozone.HddsDatanodeService (HddsDatanodeService.java:start(184)) - HddsDatanodeService host:byscane-nightly-58zn2-384979956 ip:192.168.69.86
2019-07-30 17:01:35,213 INFO  datanode.InitDatanodeState (InitDatanodeState.java:persistContainerDatanodeDetails(140)) - DatanodeDetails is persisted to /workdir/hadoop-ozone/integration-test/target/test-dir/MiniOzoneClusterImpl-ab0d1113-2c98-470c-b755-65e3cfe9598a/datanode-0/meta/datanode.id
2019-07-30 17:01:35,220 INFO  volume.HddsVolume (HddsVolume.java:<init>(176)) - Creating Volume: /workdir/hadoop-ozone/integration-test/target/test-dir/MiniOzoneClusterImpl-ab0d1113-2c98-470c-b755-65e3cfe9598a/datanode-1/data/containers/hdds of  storage type : DISK and capacity : 52710309888
2019-07-30 17:01:35,220 INFO  volume.VolumeSet (VolumeSet.java:initializeVolumeSet(170)) - Added Volume : /workdir/hadoop-ozone/integration-test/target/test-dir/MiniOzoneClusterImpl-ab0d1113-2c98-470c-b755-65e3cfe9598a/datanode-1/data/containers/hdds to VolumeSet
2019-07-30 17:01:35,220 INFO  volume.ThrottledAsyncChecker (ThrottledAsyncChecker.java:schedule(140)) - Scheduling a check for org.apache.hadoop.ozone.container.common.volume.HddsVolume@5b56cee
2019-07-30 17:01:35,221 INFO  volume.HddsVolumeChecker (HddsVolumeChecker.java:checkAllVolumes(203)) - Scheduled health check for volume org.apache.hadoop.ozone.container.common.volume.HddsVolume@5b56cee
2019-07-30 17:01:35,241 INFO  impl.RaftServerProxy (ConfUtils.java:logGet(43)) - raft.rpc.type = GRPC (default)
2019-07-30 17:01:35,242 INFO  grpc.GrpcFactory (GrpcFactory.java:checkPooledByteBufAllocatorUseCacheForAllThreads(45)) - PERFORMANCE WARNING: useCacheForAllThreads is true that may cause Netty to create a lot garbage objects and, as a result, trigger GC.
	It is recommended to disable useCacheForAllThreads by setting -Dorg.apache.ratis.thirdparty.io.netty.allocator.useCacheForAllThreads=false in command line.
2019-07-30 17:01:35,242 INFO  grpc.GrpcConfigKeys$Server (ConfUtils.java:logGet(43)) - raft.grpc.server.port = 0 (default)
2019-07-30 17:01:35,242 INFO  server.GrpcService (ConfUtils.java:logGet(43)) - raft.grpc.message.size.max = 33570816 (custom)
2019-07-30 17:01:35,242 INFO  server.RaftServerConfigKeys (ConfUtils.java:logGet(43)) - raft.server.log.appender.buffer.byte-limit = 33554432 (custom)
2019-07-30 17:01:35,243 INFO  server.GrpcService (ConfUtils.java:logGet(43)) - raft.grpc.flow.control.window = 1MB (=1048576) (default)
2019-07-30 17:01:35,243 INFO  server.RaftServerConfigKeys (ConfUtils.java:logGet(43)) - raft.server.rpc.request.timeout = 3000ms (default)
2019-07-30 17:01:35,243 INFO  server.RaftServerConfigKeys (ConfUtils.java:logGet(43)) - raft.server.storage.dir = [/workdir/hadoop-ozone/integration-test/target/test-dir/MiniOzoneClusterImpl-ab0d1113-2c98-470c-b755-65e3cfe9598a/datanode-1/data/ratis] (custom)
2019-07-30 17:01:35,244 INFO  replication.SimpleContainerDownloader (SimpleContainerDownloader.java:<init>(72)) - Starting container downloader service to copy containers to replicate.
2019-07-30 17:01:35,245 INFO  hdfs.DFSUtil (DFSUtil.java:httpServerTemplateForNNAndJN(1641)) - Starting Web-server for hddsDatanode at: http://0.0.0.0:0
2019-07-30 17:01:35,246 INFO  server.AuthenticationFilter (AuthenticationFilter.java:constructSecretProvider(240)) - Unable to initialize FileSignerSecretProvider, falling back to use random secrets.
2019-07-30 17:01:35,246 WARN  http.HttpRequestLog (HttpRequestLog.java:getRequestLog(97)) - Jetty request log can only be enabled using Log4j
2019-07-30 17:01:35,248 INFO  http.HttpServer2 (HttpServer2.java:addGlobalFilter(975)) - Added global filter 'safety' (class=org.apache.hadoop.http.HttpServer2$QuotingInputFilter)
2019-07-30 17:01:35,248 INFO  http.HttpServer2 (HttpServer2.java:addFilter(948)) - Added filter static_user_filter (class=org.apache.hadoop.http.lib.StaticUserWebFilter$StaticUserFilter) to context hddsDatanode
2019-07-30 17:01:35,248 INFO  http.HttpServer2 (HttpServer2.java:addFilter(958)) - Added filter static_user_filter (class=org.apache.hadoop.http.lib.StaticUserWebFilter$StaticUserFilter) to context logs
2019-07-30 17:01:35,248 INFO  http.HttpServer2 (HttpServer2.java:addFilter(958)) - Added filter static_user_filter (class=org.apache.hadoop.http.lib.StaticUserWebFilter$StaticUserFilter) to context static
2019-07-30 17:01:35,249 INFO  http.HttpServer2 (HttpServer2.java:bindListener(1191)) - Jetty bound to port 36204
2019-07-30 17:01:35,249 INFO  server.Server (Server.java:doStart(351)) - jetty-9.3.24.v20180605, build timestamp: 2018-06-05T17:11:56Z, git hash: 84205aa28f11a4f31f2a3b86d1bba2cc8ab69827
2019-07-30 17:01:35,251 INFO  handler.ContextHandler (ContextHandler.java:doStart(781)) - Started o.e.j.s.ServletContextHandler@2299dce8{/logs,file:///workdir/hadoop-ozone/integration-test/target/log,AVAILABLE}
2019-07-30 17:01:35,251 INFO  handler.ContextHandler (ContextHandler.java:doStart(781)) - Started o.e.j.s.ServletContextHandler@1f3c099f{/static,jar:file:/home/user/.m2/repository/org/apache/hadoop/hadoop-hdds-container-service/0.4.1-SNAPSHOT/hadoop-hdds-container-service-0.4.1-SNAPSHOT.jar!/webapps/static,AVAILABLE}
2019-07-30 17:01:35,278 INFO  handler.ContextHandler (ContextHandler.java:doStart(781)) - Started o.e.j.w.WebAppContext@725b4f1{/,file:///tmp/jetty-0.0.0.0-36204-hddsDatanode-_-any-8744361720493244268.dir/webapp/,AVAILABLE}{/hddsDatanode}
2019-07-30 17:01:35,279 INFO  server.AbstractConnector (AbstractConnector.java:doStart(278)) - Started ServerConnector@3c6a7b40{HTTP/1.1,[http/1.1]}{0.0.0.0:36204}
2019-07-30 17:01:35,281 INFO  server.Server (Server.java:doStart(419)) - Started @79627ms
2019-07-30 17:01:35,282 INFO  server.BaseHttpServer (BaseHttpServer.java:updateConnectorAddress(207)) - HTTP server of HDDSDATANODE is listening at http://0.0.0.0:36204
2019-07-30 17:01:35,384 INFO  ozone.HddsDatanodeService (HddsDatanodeService.java:startPlugins(395)) - Started plug-in org.apache.hadoop.ozone.web.OzoneHddsDatanodeService@5e2dc436
2019-07-30 17:01:35,385 INFO  impl.MetricsSystemImpl (MetricsSystemImpl.java:init(158)) - HddsDatanode metrics system started (again)
2019-07-30 17:01:35,396 INFO  util.JvmPauseMonitor (JvmPauseMonitor.java:run(188)) - Starting JVM pause monitor
2019-07-30 17:01:35,396 INFO  ozone.HddsDatanodeService (HddsDatanodeService.java:start(184)) - HddsDatanodeService host:byscane-nightly-58zn2-384979956 ip:192.168.69.86
2019-07-30 17:01:35,398 INFO  datanode.InitDatanodeState (InitDatanodeState.java:persistContainerDatanodeDetails(140)) - DatanodeDetails is persisted to /workdir/hadoop-ozone/integration-test/target/test-dir/MiniOzoneClusterImpl-ab0d1113-2c98-470c-b755-65e3cfe9598a/datanode-1/meta/datanode.id
2019-07-30 17:01:35,406 INFO  volume.HddsVolume (HddsVolume.java:<init>(176)) - Creating Volume: /workdir/hadoop-ozone/integration-test/target/test-dir/MiniOzoneClusterImpl-ab0d1113-2c98-470c-b755-65e3cfe9598a/datanode-2/data/containers/hdds of  storage type : DISK and capacity : 52710309888
2019-07-30 17:01:35,406 INFO  volume.VolumeSet (VolumeSet.java:initializeVolumeSet(170)) - Added Volume : /workdir/hadoop-ozone/integration-test/target/test-dir/MiniOzoneClusterImpl-ab0d1113-2c98-470c-b755-65e3cfe9598a/datanode-2/data/containers/hdds to VolumeSet
2019-07-30 17:01:35,406 INFO  volume.ThrottledAsyncChecker (ThrottledAsyncChecker.java:schedule(140)) - Scheduling a check for org.apache.hadoop.ozone.container.common.volume.HddsVolume@709b5803
2019-07-30 17:01:35,407 INFO  volume.HddsVolumeChecker (HddsVolumeChecker.java:checkAllVolumes(203)) - Scheduled health check for volume org.apache.hadoop.ozone.container.common.volume.HddsVolume@709b5803
2019-07-30 17:01:35,422 INFO  impl.RaftServerProxy (ConfUtils.java:logGet(43)) - raft.rpc.type = GRPC (default)
2019-07-30 17:01:35,422 INFO  grpc.GrpcFactory (GrpcFactory.java:checkPooledByteBufAllocatorUseCacheForAllThreads(45)) - PERFORMANCE WARNING: useCacheForAllThreads is true that may cause Netty to create a lot garbage objects and, as a result, trigger GC.
	It is recommended to disable useCacheForAllThreads by setting -Dorg.apache.ratis.thirdparty.io.netty.allocator.useCacheForAllThreads=false in command line.
2019-07-30 17:01:35,423 INFO  grpc.GrpcConfigKeys$Server (ConfUtils.java:logGet(43)) - raft.grpc.server.port = 0 (default)
2019-07-30 17:01:35,423 INFO  server.GrpcService (ConfUtils.java:logGet(43)) - raft.grpc.message.size.max = 33570816 (custom)
2019-07-30 17:01:35,423 INFO  server.RaftServerConfigKeys (ConfUtils.java:logGet(43)) - raft.server.log.appender.buffer.byte-limit = 33554432 (custom)
2019-07-30 17:01:35,423 INFO  server.GrpcService (ConfUtils.java:logGet(43)) - raft.grpc.flow.control.window = 1MB (=1048576) (default)
2019-07-30 17:01:35,423 INFO  server.RaftServerConfigKeys (ConfUtils.java:logGet(43)) - raft.server.rpc.request.timeout = 3000ms (default)
2019-07-30 17:01:35,424 INFO  server.RaftServerConfigKeys (ConfUtils.java:logGet(43)) - raft.server.storage.dir = [/workdir/hadoop-ozone/integration-test/target/test-dir/MiniOzoneClusterImpl-ab0d1113-2c98-470c-b755-65e3cfe9598a/datanode-2/data/ratis] (custom)
2019-07-30 17:01:35,424 INFO  replication.SimpleContainerDownloader (SimpleContainerDownloader.java:<init>(72)) - Starting container downloader service to copy containers to replicate.
2019-07-30 17:01:35,425 INFO  hdfs.DFSUtil (DFSUtil.java:httpServerTemplateForNNAndJN(1641)) - Starting Web-server for hddsDatanode at: http://0.0.0.0:0
2019-07-30 17:01:35,427 INFO  server.AuthenticationFilter (AuthenticationFilter.java:constructSecretProvider(240)) - Unable to initialize FileSignerSecretProvider, falling back to use random secrets.
2019-07-30 17:01:35,428 WARN  http.HttpRequestLog (HttpRequestLog.java:getRequestLog(97)) - Jetty request log can only be enabled using Log4j
2019-07-30 17:01:35,429 INFO  http.HttpServer2 (HttpServer2.java:addGlobalFilter(975)) - Added global filter 'safety' (class=org.apache.hadoop.http.HttpServer2$QuotingInputFilter)
2019-07-30 17:01:35,430 INFO  http.HttpServer2 (HttpServer2.java:addFilter(948)) - Added filter static_user_filter (class=org.apache.hadoop.http.lib.StaticUserWebFilter$StaticUserFilter) to context hddsDatanode
2019-07-30 17:01:35,430 INFO  http.HttpServer2 (HttpServer2.java:addFilter(958)) - Added filter static_user_filter (class=org.apache.hadoop.http.lib.StaticUserWebFilter$StaticUserFilter) to context logs
2019-07-30 17:01:35,430 INFO  http.HttpServer2 (HttpServer2.java:addFilter(958)) - Added filter static_user_filter (class=org.apache.hadoop.http.lib.StaticUserWebFilter$StaticUserFilter) to context static
2019-07-30 17:01:35,431 INFO  http.HttpServer2 (HttpServer2.java:bindListener(1191)) - Jetty bound to port 41578
2019-07-30 17:01:35,431 INFO  server.Server (Server.java:doStart(351)) - jetty-9.3.24.v20180605, build timestamp: 2018-06-05T17:11:56Z, git hash: 84205aa28f11a4f31f2a3b86d1bba2cc8ab69827
2019-07-30 17:01:35,434 INFO  handler.ContextHandler (ContextHandler.java:doStart(781)) - Started o.e.j.s.ServletContextHandler@6d3ca68e{/logs,file:///workdir/hadoop-ozone/integration-test/target/log,AVAILABLE}
2019-07-30 17:01:35,434 INFO  handler.ContextHandler (ContextHandler.java:doStart(781)) - Started o.e.j.s.ServletContextHandler@22eb6ea2{/static,jar:file:/home/user/.m2/repository/org/apache/hadoop/hadoop-hdds-container-service/0.4.1-SNAPSHOT/hadoop-hdds-container-service-0.4.1-SNAPSHOT.jar!/webapps/static,AVAILABLE}
2019-07-30 17:01:35,475 INFO  handler.ContextHandler (ContextHandler.java:doStart(781)) - Started o.e.j.w.WebAppContext@10df12a6{/,file:///tmp/jetty-0.0.0.0-41578-hddsDatanode-_-any-8213545549197630120.dir/webapp/,AVAILABLE}{/hddsDatanode}
2019-07-30 17:01:35,476 INFO  server.AbstractConnector (AbstractConnector.java:doStart(278)) - Started ServerConnector@7ace3531{HTTP/1.1,[http/1.1]}{0.0.0.0:41578}
2019-07-30 17:01:35,478 INFO  server.Server (Server.java:doStart(419)) - Started @79823ms
2019-07-30 17:01:35,478 INFO  server.BaseHttpServer (BaseHttpServer.java:updateConnectorAddress(207)) - HTTP server of HDDSDATANODE is listening at http://0.0.0.0:41578
2019-07-30 17:01:35,589 INFO  ozone.HddsDatanodeService (HddsDatanodeService.java:startPlugins(395)) - Started plug-in org.apache.hadoop.ozone.web.OzoneHddsDatanodeService@4b392ac3
2019-07-30 17:01:35,589 INFO  ozone.MiniOzoneClusterImpl (MiniOzoneClusterImpl.java:lambda$waitForClusterToBeReady$0(142)) - Waiting for cluster to be ready. Got 0 of 3 DN Heartbeats.
2019-07-30 17:01:35,600 INFO  util.JvmPauseMonitor (JvmPauseMonitor.java:run(188)) - Starting JVM pause monitor
2019-07-30 17:01:35,605 INFO  datanode.InitDatanodeState (InitDatanodeState.java:persistContainerDatanodeDetails(140)) - DatanodeDetails is persisted to /workdir/hadoop-ozone/integration-test/target/test-dir/MiniOzoneClusterImpl-ab0d1113-2c98-470c-b755-65e3cfe9598a/datanode-2/meta/datanode.id
2019-07-30 17:01:36,589 INFO  ozone.MiniOzoneClusterImpl (MiniOzoneClusterImpl.java:lambda$waitForClusterToBeReady$0(142)) - Waiting for cluster to be ready. Got 0 of 3 DN Heartbeats.
2019-07-30 17:01:37,246 INFO  ozoneimpl.OzoneContainer (OzoneContainer.java:start(186)) - Attempting to start container services.
2019-07-30 17:01:37,246 INFO  ozoneimpl.OzoneContainer (OzoneContainer.java:startContainerScrub(160)) - Background container scrubber has been disabled by hdds.containerscrub.enabled
2019-07-30 17:01:37,247 INFO  ratis.XceiverServerRatis (XceiverServerRatis.java:start(404)) - Starting XceiverServerRatis ee04969b-c7ae-4fed-b101-4bff2e1b58c9 at port 0
2019-07-30 17:01:37,255 INFO  impl.RaftServerProxy (RaftServerProxy.java:lambda$start$3(299)) - ee04969b-c7ae-4fed-b101-4bff2e1b58c9: start RPC server
2019-07-30 17:01:37,269 INFO  server.GrpcService (GrpcService.java:startImpl(149)) - ee04969b-c7ae-4fed-b101-4bff2e1b58c9: GrpcService started, listening on 0.0.0.0/0.0.0.0:40540
2019-07-30 17:01:37,270 INFO  ratis.XceiverServerRatis (XceiverServerRatis.java:start(414)) - XceiverServerRatis ee04969b-c7ae-4fed-b101-4bff2e1b58c9 is started using port 40540
2019-07-30 17:01:37,275 INFO  server.XceiverServerGrpc (XceiverServerGrpc.java:start(161)) - XceiverServerGrpc ee04969b-c7ae-4fed-b101-4bff2e1b58c9 is started using port 36946
2019-07-30 17:01:37,411 INFO  ozoneimpl.OzoneContainer (OzoneContainer.java:start(186)) - Attempting to start container services.
2019-07-30 17:01:37,411 INFO  ozoneimpl.OzoneContainer (OzoneContainer.java:startContainerScrub(160)) - Background container scrubber has been disabled by hdds.containerscrub.enabled
2019-07-30 17:01:37,412 INFO  ratis.XceiverServerRatis (XceiverServerRatis.java:start(404)) - Starting XceiverServerRatis 42fbc686-10dc-4817-9274-e5dbca7f0bf7 at port 0
2019-07-30 17:01:37,419 INFO  impl.RaftServerProxy (RaftServerProxy.java:lambda$start$3(299)) - 42fbc686-10dc-4817-9274-e5dbca7f0bf7: start RPC server
2019-07-30 17:01:37,425 INFO  server.GrpcService (GrpcService.java:startImpl(149)) - 42fbc686-10dc-4817-9274-e5dbca7f0bf7: GrpcService started, listening on 0.0.0.0/0.0.0.0:34282
2019-07-30 17:01:37,425 INFO  ratis.XceiverServerRatis (XceiverServerRatis.java:start(414)) - XceiverServerRatis 42fbc686-10dc-4817-9274-e5dbca7f0bf7 is started using port 34282
2019-07-30 17:01:37,430 INFO  server.XceiverServerGrpc (XceiverServerGrpc.java:start(161)) - XceiverServerGrpc 42fbc686-10dc-4817-9274-e5dbca7f0bf7 is started using port 43168
2019-07-30 17:01:37,590 INFO  ozone.MiniOzoneClusterImpl (MiniOzoneClusterImpl.java:lambda$waitForClusterToBeReady$0(142)) - Waiting for cluster to be ready. Got 0 of 3 DN Heartbeats.
2019-07-30 17:01:37,618 INFO  ozoneimpl.OzoneContainer (OzoneContainer.java:start(186)) - Attempting to start container services.
2019-07-30 17:01:37,618 INFO  ozoneimpl.OzoneContainer (OzoneContainer.java:startContainerScrub(160)) - Background container scrubber has been disabled by hdds.containerscrub.enabled
2019-07-30 17:01:37,618 INFO  ratis.XceiverServerRatis (XceiverServerRatis.java:start(404)) - Starting XceiverServerRatis d5199bd2-6ef3-4da1-b169-26e950609bd1 at port 0
2019-07-30 17:01:37,627 INFO  impl.RaftServerProxy (RaftServerProxy.java:lambda$start$3(299)) - d5199bd2-6ef3-4da1-b169-26e950609bd1: start RPC server
2019-07-30 17:01:37,633 INFO  server.GrpcService (GrpcService.java:startImpl(149)) - d5199bd2-6ef3-4da1-b169-26e950609bd1: GrpcService started, listening on 0.0.0.0/0.0.0.0:43623
2019-07-30 17:01:37,633 INFO  ratis.XceiverServerRatis (XceiverServerRatis.java:start(414)) - XceiverServerRatis d5199bd2-6ef3-4da1-b169-26e950609bd1 is started using port 43623
2019-07-30 17:01:37,646 INFO  server.XceiverServerGrpc (XceiverServerGrpc.java:start(161)) - XceiverServerGrpc d5199bd2-6ef3-4da1-b169-26e950609bd1 is started using port 40385
2019-07-30 17:01:38,590 INFO  ozone.MiniOzoneClusterImpl (MiniOzoneClusterImpl.java:lambda$waitForClusterToBeReady$0(142)) - Waiting for cluster to be ready. Got 0 of 3 DN Heartbeats.
2019-07-30 17:01:39,218 INFO  net.NetworkTopology (NetworkTopologyImpl.java:add(110)) - Added a new node: /default-rack/ee04969b-c7ae-4fed-b101-4bff2e1b58c9
2019-07-30 17:01:39,220 INFO  node.SCMNodeManager (SCMNodeManager.java:register(273)) - Registered Data node : ee04969b-c7ae-4fed-b101-4bff2e1b58c9{ip: 192.168.69.86, host: byscane-nightly-58zn2-384979956, networkLocation: /default-rack, certSerialId: null}
2019-07-30 17:01:39,222 INFO  safemode.SCMSafeModeManager (DataNodeSafeModeRule.java:process(71)) - SCM in safe mode. 1 DataNodes registered, 1 required.
2019-07-30 17:01:39,225 INFO  safemode.SCMSafeModeManager (SCMSafeModeManager.java:validateSafeModeExitRules(177)) - ScmSafeModeManager, all rules are successfully validated
2019-07-30 17:01:39,225 INFO  safemode.SCMSafeModeManager (SCMSafeModeManager.java:exitSafeMode(193)) - SCM exiting safe mode.
2019-07-30 17:01:39,251 INFO  impl.RaftServerProxy (RaftServerProxy.java:addNew(89)) - ee04969b-c7ae-4fed-b101-4bff2e1b58c9: addNew group-ED9053B01BBB:[ee04969b-c7ae-4fed-b101-4bff2e1b58c9:192.168.69.86:40540] returns group-ED9053B01BBB:java.util.concurrent.CompletableFuture@3d5c2159[Not completed]
2019-07-30 17:01:39,256 INFO  impl.RaftServerImpl (RaftServerImpl.java:<init>(93)) - ee04969b-c7ae-4fed-b101-4bff2e1b58c9: new RaftServerImpl for group-ED9053B01BBB:[ee04969b-c7ae-4fed-b101-4bff2e1b58c9:192.168.69.86:40540] with ContainerStateMachine:uninitialized
2019-07-30 17:01:39,256 INFO  server.RaftServerConfigKeys (ConfUtils.java:logGet(43)) - raft.server.rpc.timeout.min = 5s (custom)
2019-07-30 17:01:39,256 INFO  server.RaftServerConfigKeys (ConfUtils.java:logGet(43)) - raft.server.rpc.timeout.max = 5200ms (custom)
2019-07-30 17:01:39,256 INFO  server.RaftServerConfigKeys (ConfUtils.java:logGet(43)) - raft.server.rpcslowness.timeout = 120s (custom)
2019-07-30 17:01:39,257 INFO  server.RaftServerConfigKeys (ConfUtils.java:logGet(43)) - raft.server.sleep.deviation.threshold = 300 (default)
2019-07-30 17:01:39,257 INFO  server.RaftServerConfigKeys (ConfUtils.java:logGet(43)) - raft.server.log.appender.install.snapshot.enabled = false (custom)
2019-07-30 17:01:39,257 INFO  impl.RaftServerImpl (ServerState.java:<init>(105)) - ee04969b-c7ae-4fed-b101-4bff2e1b58c9:group-ED9053B01BBB ConfigurationManager, init=-1: [ee04969b-c7ae-4fed-b101-4bff2e1b58c9:192.168.69.86:40540], old=null, confs=<EMPTY_MAP>
2019-07-30 17:01:39,257 INFO  server.RaftServerConfigKeys (ConfUtils.java:logGet(43)) - raft.server.storage.dir = [/workdir/hadoop-ozone/integration-test/target/test-dir/MiniOzoneClusterImpl-ab0d1113-2c98-470c-b755-65e3cfe9598a/datanode-0/data/ratis] (custom)
2019-07-30 17:01:39,258 INFO  storage.RaftStorageDirectory (RaftStorageDirectory.java:analyzeStorage(246)) - The storage directory /workdir/hadoop-ozone/integration-test/target/test-dir/MiniOzoneClusterImpl-ab0d1113-2c98-470c-b755-65e3cfe9598a/datanode-0/data/ratis/8ff272a3-0b3a-4cb5-9964-ed9053b01bbb does not exist. Creating ...
2019-07-30 17:01:39,272 INFO  storage.RaftStorageDirectory (RaftStorageDirectory.java:tryLock(328)) - Lock on /workdir/hadoop-ozone/integration-test/target/test-dir/MiniOzoneClusterImpl-ab0d1113-2c98-470c-b755-65e3cfe9598a/datanode-0/data/ratis/8ff272a3-0b3a-4cb5-9964-ed9053b01bbb/in_use.lock acquired by nodename 28914@byscane-nightly-58zn2-384979956
2019-07-30 17:01:39,285 INFO  storage.RaftStorage (RaftStorage.java:format(72)) - Storage directory /workdir/hadoop-ozone/integration-test/target/test-dir/MiniOzoneClusterImpl-ab0d1113-2c98-470c-b755-65e3cfe9598a/datanode-0/data/ratis/8ff272a3-0b3a-4cb5-9964-ed9053b01bbb has been successfully formatted.
2019-07-30 17:01:39,285 INFO  ratis.ContainerStateMachine (ContainerStateMachine.java:loadSnapshot(213)) - group-ED9053B01BBB: The snapshot info is null. Setting the last applied indexto:(t:0, i:~)
2019-07-30 17:01:39,286 INFO  server.RaftServerConfigKeys (ConfUtils.java:logGet(43)) - raft.server.leader.election.timeout = 120s (custom)
2019-07-30 17:01:39,286 INFO  server.RaftServerConfigKeys (ConfUtils.java:logGet(43)) - raft.server.log.use.memory = false (default)
2019-07-30 17:01:39,286 INFO  server.RaftServerConfigKeys (ConfUtils.java:logGet(43)) - raft.server.log.purge.gap = 1000000000 (custom)
2019-07-30 17:01:39,286 INFO  server.RaftServerConfigKeys (ConfUtils.java:logGet(43)) - raft.server.log.appender.buffer.byte-limit = 33554432 (custom)
2019-07-30 17:01:39,286 INFO  server.RaftServerConfigKeys (ConfUtils.java:logGet(43)) - raft.server.log.segment.size.max = 1048576 (custom)
2019-07-30 17:01:39,287 INFO  server.RaftServerConfigKeys (ConfUtils.java:logGet(43)) - raft.server.log.segment.cache.num.max = 2 (custom)
2019-07-30 17:01:39,287 INFO  segmented.SegmentedRaftLogWorker (SegmentedRaftLogWorker.java:<init>(172)) - new ee04969b-c7ae-4fed-b101-4bff2e1b58c9-SegmentedRaftLogWorker:Storage Directory /workdir/hadoop-ozone/integration-test/target/test-dir/MiniOzoneClusterImpl-ab0d1113-2c98-470c-b755-65e3cfe9598a/datanode-0/data/ratis/8ff272a3-0b3a-4cb5-9964-ed9053b01bbb for RaftStorage:Storage Directory /workdir/hadoop-ozone/integration-test/target/test-dir/MiniOzoneClusterImpl-ab0d1113-2c98-470c-b755-65e3cfe9598a/datanode-0/data/ratis/8ff272a3-0b3a-4cb5-9964-ed9053b01bbb
2019-07-30 17:01:39,287 INFO  server.RaftServerConfigKeys (ConfUtils.java:logGet(43)) - raft.server.log.queue.byte-limit = 2147483647 (custom)
2019-07-30 17:01:39,287 INFO  server.RaftServerConfigKeys (ConfUtils.java:logGet(43)) - raft.server.log.queue.element-limit = 1024 (custom)
2019-07-30 17:01:39,288 INFO  server.RaftServerConfigKeys (ConfUtils.java:logGet(43)) - raft.server.log.segment.size.max = 1048576 (custom)
2019-07-30 17:01:39,288 INFO  server.RaftServerConfigKeys (ConfUtils.java:logGet(43)) - raft.server.log.preallocated.size = 16384 (custom)
2019-07-30 17:01:39,288 INFO  server.RaftServerConfigKeys (ConfUtils.java:logGet(43)) - raft.server.log.write.buffer.size = 33554432 (custom)
2019-07-30 17:01:39,288 INFO  server.RaftServerConfigKeys (ConfUtils.java:logGet(43)) - raft.server.log.force.sync.num = 128 (default)
2019-07-30 17:01:39,288 INFO  server.RaftServerConfigKeys (ConfUtils.java:logGet(43)) - raft.server.log.statemachine.data.sync = true (default)
2019-07-30 17:01:39,288 INFO  server.RaftServerConfigKeys (ConfUtils.java:logGet(43)) - raft.server.log.statemachine.data.sync.timeout = 10s (default)
2019-07-30 17:01:39,289 INFO  server.RaftServerConfigKeys (ConfUtils.java:logGet(43)) - raft.server.log.statemachine.data.sync.timeout.retry = -1 (default)
2019-07-30 17:01:39,289 INFO  server.RaftServerConfigKeys (ConfUtils.java:logGet(43)) - raft.server.log.statemachine.data.caching.enabled = true (custom)
2019-07-30 17:01:39,289 INFO  segmented.SegmentedRaftLogWorker (SegmentedRaftLogWorker.java:lambda$new$0(132)) - ee04969b-c7ae-4fed-b101-4bff2e1b58c9-SegmentedRaftLogWorker:Storage Directory /workdir/hadoop-ozone/integration-test/target/test-dir/MiniOzoneClusterImpl-ab0d1113-2c98-470c-b755-65e3cfe9598a/datanode-0/data/ratis/8ff272a3-0b3a-4cb5-9964-ed9053b01bbb: flushIndex: setUnconditionally 0 -> -1
2019-07-30 17:01:39,290 INFO  server.RaftServerConfigKeys (ConfUtils.java:logGet(43)) - raft.server.snapshot.auto.trigger.enabled = true (custom)
2019-07-30 17:01:39,290 INFO  server.RaftServerConfigKeys (ConfUtils.java:logGet(43)) - raft.server.snapshot.auto.trigger.threshold = 10000 (custom)
2019-07-30 17:01:39,290 INFO  server.RaftServerConfigKeys (ConfUtils.java:logGet(43)) - raft.server.retrycache.expirytime = 600000ms (custom)
2019-07-30 17:01:39,291 INFO  impl.RaftServerImpl (RaftServerImpl.java:start(180)) - ee04969b-c7ae-4fed-b101-4bff2e1b58c9: start group-ED9053B01BBB
2019-07-30 17:01:39,291 INFO  impl.RaftServerImpl (RaftServerImpl.java:setRole(171)) - ee04969b-c7ae-4fed-b101-4bff2e1b58c9:group-ED9053B01BBB changes role from null to FOLLOWER at term 0 for startAsFollower
2019-07-30 17:01:39,291 INFO  impl.RoleInfo (RoleInfo.java:updateAndGet(143)) - ee04969b-c7ae-4fed-b101-4bff2e1b58c9: start FollowerState
2019-07-30 17:01:39,291 INFO  util.JmxRegister (JmxRegister.java:tryRegister(44)) - Successfully registered JMX Bean with object name Ratis:service=RaftServer,group=group-ED9053B01BBB,id=ee04969b-c7ae-4fed-b101-4bff2e1b58c9
2019-07-30 17:01:39,306 INFO  pipeline.PipelineStateManager (PipelineStateManager.java:addPipeline(56)) - Created pipeline Pipeline[ Id: 8ff272a3-0b3a-4cb5-9964-ed9053b01bbb, Nodes: ee04969b-c7ae-4fed-b101-4bff2e1b58c9{ip: 192.168.69.86, host: byscane-nightly-58zn2-384979956, networkLocation: /default-rack, certSerialId: null}, Type:RATIS, Factor:ONE, State:OPEN]
2019-07-30 17:01:39,397 INFO  net.NetworkTopology (NetworkTopologyImpl.java:add(110)) - Added a new node: /default-rack/42fbc686-10dc-4817-9274-e5dbca7f0bf7
2019-07-30 17:01:39,397 INFO  node.SCMNodeManager (SCMNodeManager.java:register(273)) - Registered Data node : 42fbc686-10dc-4817-9274-e5dbca7f0bf7{ip: 192.168.69.86, host: byscane-nightly-58zn2-384979956, networkLocation: /default-rack, certSerialId: null}
2019-07-30 17:01:39,417 INFO  impl.RaftServerProxy (RaftServerProxy.java:addNew(89)) - 42fbc686-10dc-4817-9274-e5dbca7f0bf7: addNew group-93954B6F371A:[42fbc686-10dc-4817-9274-e5dbca7f0bf7:192.168.69.86:34282] returns group-93954B6F371A:java.util.concurrent.CompletableFuture@57d5708d[Not completed]
2019-07-30 17:01:39,422 INFO  impl.RaftServerImpl (RaftServerImpl.java:<init>(93)) - 42fbc686-10dc-4817-9274-e5dbca7f0bf7: new RaftServerImpl for group-93954B6F371A:[42fbc686-10dc-4817-9274-e5dbca7f0bf7:192.168.69.86:34282] with ContainerStateMachine:uninitialized
2019-07-30 17:01:39,423 INFO  server.RaftServerConfigKeys (ConfUtils.java:logGet(43)) - raft.server.rpc.timeout.min = 5s (custom)
2019-07-30 17:01:39,423 INFO  server.RaftServerConfigKeys (ConfUtils.java:logGet(43)) - raft.server.rpc.timeout.max = 5200ms (custom)
2019-07-30 17:01:39,423 INFO  server.RaftServerConfigKeys (ConfUtils.java:logGet(43)) - raft.server.rpcslowness.timeout = 120s (custom)
2019-07-30 17:01:39,423 INFO  server.RaftServerConfigKeys (ConfUtils.java:logGet(43)) - raft.server.sleep.deviation.threshold = 300 (default)
2019-07-30 17:01:39,423 INFO  server.RaftServerConfigKeys (ConfUtils.java:logGet(43)) - raft.server.log.appender.install.snapshot.enabled = false (custom)
2019-07-30 17:01:39,424 INFO  impl.RaftServerImpl (ServerState.java:<init>(105)) - 42fbc686-10dc-4817-9274-e5dbca7f0bf7:group-93954B6F371A ConfigurationManager, init=-1: [42fbc686-10dc-4817-9274-e5dbca7f0bf7:192.168.69.86:34282], old=null, confs=<EMPTY_MAP>
2019-07-30 17:01:39,424 INFO  server.RaftServerConfigKeys (ConfUtils.java:logGet(43)) - raft.server.storage.dir = [/workdir/hadoop-ozone/integration-test/target/test-dir/MiniOzoneClusterImpl-ab0d1113-2c98-470c-b755-65e3cfe9598a/datanode-1/data/ratis] (custom)
2019-07-30 17:01:39,424 INFO  storage.RaftStorageDirectory (RaftStorageDirectory.java:analyzeStorage(246)) - The storage directory /workdir/hadoop-ozone/integration-test/target/test-dir/MiniOzoneClusterImpl-ab0d1113-2c98-470c-b755-65e3cfe9598a/datanode-1/data/ratis/3819678d-7c49-48a2-b4d8-93954b6f371a does not exist. Creating ...
2019-07-30 17:01:39,437 INFO  storage.RaftStorageDirectory (RaftStorageDirectory.java:tryLock(328)) - Lock on /workdir/hadoop-ozone/integration-test/target/test-dir/MiniOzoneClusterImpl-ab0d1113-2c98-470c-b755-65e3cfe9598a/datanode-1/data/ratis/3819678d-7c49-48a2-b4d8-93954b6f371a/in_use.lock acquired by nodename 28914@byscane-nightly-58zn2-384979956
2019-07-30 17:01:39,451 INFO  storage.RaftStorage (RaftStorage.java:format(72)) - Storage directory /workdir/hadoop-ozone/integration-test/target/test-dir/MiniOzoneClusterImpl-ab0d1113-2c98-470c-b755-65e3cfe9598a/datanode-1/data/ratis/3819678d-7c49-48a2-b4d8-93954b6f371a has been successfully formatted.
2019-07-30 17:01:39,451 INFO  ratis.ContainerStateMachine (ContainerStateMachine.java:loadSnapshot(213)) - group-93954B6F371A: The snapshot info is null. Setting the last applied indexto:(t:0, i:~)
2019-07-30 17:01:39,451 INFO  server.RaftServerConfigKeys (ConfUtils.java:logGet(43)) - raft.server.leader.election.timeout = 120s (custom)
2019-07-30 17:01:39,452 INFO  server.RaftServerConfigKeys (ConfUtils.java:logGet(43)) - raft.server.log.use.memory = false (default)
2019-07-30 17:01:39,452 INFO  server.RaftServerConfigKeys (ConfUtils.java:logGet(43)) - raft.server.log.purge.gap = 1000000000 (custom)
2019-07-30 17:01:39,452 INFO  server.RaftServerConfigKeys (ConfUtils.java:logGet(43)) - raft.server.log.appender.buffer.byte-limit = 33554432 (custom)
2019-07-30 17:01:39,452 INFO  server.RaftServerConfigKeys (ConfUtils.java:logGet(43)) - raft.server.log.segment.size.max = 1048576 (custom)
2019-07-30 17:01:39,452 INFO  server.RaftServerConfigKeys (ConfUtils.java:logGet(43)) - raft.server.log.segment.cache.num.max = 2 (custom)
2019-07-30 17:01:39,452 INFO  segmented.SegmentedRaftLogWorker (SegmentedRaftLogWorker.java:<init>(172)) - new 42fbc686-10dc-4817-9274-e5dbca7f0bf7-SegmentedRaftLogWorker:Storage Directory /workdir/hadoop-ozone/integration-test/target/test-dir/MiniOzoneClusterImpl-ab0d1113-2c98-470c-b755-65e3cfe9598a/datanode-1/data/ratis/3819678d-7c49-48a2-b4d8-93954b6f371a for RaftStorage:Storage Directory /workdir/hadoop-ozone/integration-test/target/test-dir/MiniOzoneClusterImpl-ab0d1113-2c98-470c-b755-65e3cfe9598a/datanode-1/data/ratis/3819678d-7c49-48a2-b4d8-93954b6f371a
2019-07-30 17:01:39,453 INFO  server.RaftServerConfigKeys (ConfUtils.java:logGet(43)) - raft.server.log.queue.byte-limit = 2147483647 (custom)
2019-07-30 17:01:39,453 INFO  server.RaftServerConfigKeys (ConfUtils.java:logGet(43)) - raft.server.log.queue.element-limit = 1024 (custom)
2019-07-30 17:01:39,453 INFO  server.RaftServerConfigKeys (ConfUtils.java:logGet(43)) - raft.server.log.segment.size.max = 1048576 (custom)
2019-07-30 17:01:39,453 INFO  server.RaftServerConfigKeys (ConfUtils.java:logGet(43)) - raft.server.log.preallocated.size = 16384 (custom)
2019-07-30 17:01:39,453 INFO  server.RaftServerConfigKeys (ConfUtils.java:logGet(43)) - raft.server.log.write.buffer.size = 33554432 (custom)
2019-07-30 17:01:39,454 INFO  server.RaftServerConfigKeys (ConfUtils.java:logGet(43)) - raft.server.log.force.sync.num = 128 (default)
2019-07-30 17:01:39,454 INFO  server.RaftServerConfigKeys (ConfUtils.java:logGet(43)) - raft.server.log.statemachine.data.sync = true (default)
2019-07-30 17:01:39,454 INFO  server.RaftServerConfigKeys (ConfUtils.java:logGet(43)) - raft.server.log.statemachine.data.sync.timeout = 10s (default)
2019-07-30 17:01:39,454 INFO  server.RaftServerConfigKeys (ConfUtils.java:logGet(43)) - raft.server.log.statemachine.data.sync.timeout.retry = -1 (default)
2019-07-30 17:01:39,454 INFO  server.RaftServerConfigKeys (ConfUtils.java:logGet(43)) - raft.server.log.statemachine.data.caching.enabled = true (custom)
2019-07-30 17:01:39,455 INFO  segmented.SegmentedRaftLogWorker (SegmentedRaftLogWorker.java:lambda$new$0(132)) - 42fbc686-10dc-4817-9274-e5dbca7f0bf7-SegmentedRaftLogWorker:Storage Directory /workdir/hadoop-ozone/integration-test/target/test-dir/MiniOzoneClusterImpl-ab0d1113-2c98-470c-b755-65e3cfe9598a/datanode-1/data/ratis/3819678d-7c49-48a2-b4d8-93954b6f371a: flushIndex: setUnconditionally 0 -> -1
2019-07-30 17:01:39,455 INFO  server.RaftServerConfigKeys (ConfUtils.java:logGet(43)) - raft.server.snapshot.auto.trigger.enabled = true (custom)
2019-07-30 17:01:39,455 INFO  server.RaftServerConfigKeys (ConfUtils.java:logGet(43)) - raft.server.snapshot.auto.trigger.threshold = 10000 (custom)
2019-07-30 17:01:39,456 INFO  server.RaftServerConfigKeys (ConfUtils.java:logGet(43)) - raft.server.retrycache.expirytime = 600000ms (custom)
2019-07-30 17:01:39,456 INFO  impl.RaftServerImpl (RaftServerImpl.java:start(180)) - 42fbc686-10dc-4817-9274-e5dbca7f0bf7: start group-93954B6F371A
2019-07-30 17:01:39,456 INFO  impl.RaftServerImpl (RaftServerImpl.java:setRole(171)) - 42fbc686-10dc-4817-9274-e5dbca7f0bf7:group-93954B6F371A changes role from null to FOLLOWER at term 0 for startAsFollower
2019-07-30 17:01:39,456 INFO  impl.RoleInfo (RoleInfo.java:updateAndGet(143)) - 42fbc686-10dc-4817-9274-e5dbca7f0bf7: start FollowerState
2019-07-30 17:01:39,457 INFO  util.JmxRegister (JmxRegister.java:tryRegister(44)) - Successfully registered JMX Bean with object name Ratis:service=RaftServer,group=group-93954B6F371A,id=42fbc686-10dc-4817-9274-e5dbca7f0bf7
2019-07-30 17:01:39,473 INFO  pipeline.PipelineStateManager (PipelineStateManager.java:addPipeline(56)) - Created pipeline Pipeline[ Id: 3819678d-7c49-48a2-b4d8-93954b6f371a, Nodes: 42fbc686-10dc-4817-9274-e5dbca7f0bf7{ip: 192.168.69.86, host: byscane-nightly-58zn2-384979956, networkLocation: /default-rack, certSerialId: null}, Type:RATIS, Factor:ONE, State:OPEN]
2019-07-30 17:01:39,591 INFO  ozone.MiniOzoneClusterImpl (MiniOzoneClusterImpl.java:lambda$waitForClusterToBeReady$0(142)) - Waiting for cluster to be ready. Got 2 of 3 DN Heartbeats.
2019-07-30 17:01:39,602 INFO  net.NetworkTopology (NetworkTopologyImpl.java:add(110)) - Added a new node: /default-rack/d5199bd2-6ef3-4da1-b169-26e950609bd1
2019-07-30 17:01:39,602 INFO  node.SCMNodeManager (SCMNodeManager.java:register(273)) - Registered Data node : d5199bd2-6ef3-4da1-b169-26e950609bd1{ip: 192.168.69.86, host: byscane-nightly-58zn2-384979956, networkLocation: /default-rack, certSerialId: null}
2019-07-30 17:01:39,622 INFO  impl.RaftServerProxy (RaftServerProxy.java:addNew(89)) - d5199bd2-6ef3-4da1-b169-26e950609bd1: addNew group-34021710CD1E:[d5199bd2-6ef3-4da1-b169-26e950609bd1:192.168.69.86:43623] returns group-34021710CD1E:java.util.concurrent.CompletableFuture@7aa122f4[Not completed]
2019-07-30 17:01:39,628 INFO  impl.RaftServerImpl (RaftServerImpl.java:<init>(93)) - d5199bd2-6ef3-4da1-b169-26e950609bd1: new RaftServerImpl for group-34021710CD1E:[d5199bd2-6ef3-4da1-b169-26e950609bd1:192.168.69.86:43623] with ContainerStateMachine:uninitialized
2019-07-30 17:01:39,628 INFO  server.RaftServerConfigKeys (ConfUtils.java:logGet(43)) - raft.server.rpc.timeout.min = 5s (custom)
2019-07-30 17:01:39,628 INFO  server.RaftServerConfigKeys (ConfUtils.java:logGet(43)) - raft.server.rpc.timeout.max = 5200ms (custom)
2019-07-30 17:01:39,629 INFO  server.RaftServerConfigKeys (ConfUtils.java:logGet(43)) - raft.server.rpcslowness.timeout = 120s (custom)
2019-07-30 17:01:39,629 INFO  server.RaftServerConfigKeys (ConfUtils.java:logGet(43)) - raft.server.sleep.deviation.threshold = 300 (default)
2019-07-30 17:01:39,629 INFO  server.RaftServerConfigKeys (ConfUtils.java:logGet(43)) - raft.server.log.appender.install.snapshot.enabled = false (custom)
2019-07-30 17:01:39,629 INFO  impl.RaftServerImpl (ServerState.java:<init>(105)) - d5199bd2-6ef3-4da1-b169-26e950609bd1:group-34021710CD1E ConfigurationManager, init=-1: [d5199bd2-6ef3-4da1-b169-26e950609bd1:192.168.69.86:43623], old=null, confs=<EMPTY_MAP>
2019-07-30 17:01:39,629 INFO  server.RaftServerConfigKeys (ConfUtils.java:logGet(43)) - raft.server.storage.dir = [/workdir/hadoop-ozone/integration-test/target/test-dir/MiniOzoneClusterImpl-ab0d1113-2c98-470c-b755-65e3cfe9598a/datanode-2/data/ratis] (custom)
2019-07-30 17:01:39,630 INFO  storage.RaftStorageDirectory (RaftStorageDirectory.java:analyzeStorage(246)) - The storage directory /workdir/hadoop-ozone/integration-test/target/test-dir/MiniOzoneClusterImpl-ab0d1113-2c98-470c-b755-65e3cfe9598a/datanode-2/data/ratis/c812f4d4-a713-4fb5-9d2c-34021710cd1e does not exist. Creating ...
2019-07-30 17:01:39,643 INFO  storage.RaftStorageDirectory (RaftStorageDirectory.java:tryLock(328)) - Lock on /workdir/hadoop-ozone/integration-test/target/test-dir/MiniOzoneClusterImpl-ab0d1113-2c98-470c-b755-65e3cfe9598a/datanode-2/data/ratis/c812f4d4-a713-4fb5-9d2c-34021710cd1e/in_use.lock acquired by nodename 28914@byscane-nightly-58zn2-384979956
2019-07-30 17:01:39,656 INFO  storage.RaftStorage (RaftStorage.java:format(72)) - Storage directory /workdir/hadoop-ozone/integration-test/target/test-dir/MiniOzoneClusterImpl-ab0d1113-2c98-470c-b755-65e3cfe9598a/datanode-2/data/ratis/c812f4d4-a713-4fb5-9d2c-34021710cd1e has been successfully formatted.
2019-07-30 17:01:39,656 INFO  ratis.ContainerStateMachine (ContainerStateMachine.java:loadSnapshot(213)) - group-34021710CD1E: The snapshot info is null. Setting the last applied indexto:(t:0, i:~)
2019-07-30 17:01:39,656 INFO  server.RaftServerConfigKeys (ConfUtils.java:logGet(43)) - raft.server.leader.election.timeout = 120s (custom)
2019-07-30 17:01:39,656 INFO  server.RaftServerConfigKeys (ConfUtils.java:logGet(43)) - raft.server.log.use.memory = false (default)
2019-07-30 17:01:39,656 INFO  server.RaftServerConfigKeys (ConfUtils.java:logGet(43)) - raft.server.log.purge.gap = 1000000000 (custom)
2019-07-30 17:01:39,656 INFO  server.RaftServerConfigKeys (ConfUtils.java:logGet(43)) - raft.server.log.appender.buffer.byte-limit = 33554432 (custom)
2019-07-30 17:01:39,657 INFO  server.RaftServerConfigKeys (ConfUtils.java:logGet(43)) - raft.server.log.segment.size.max = 1048576 (custom)
2019-07-30 17:01:39,657 INFO  server.RaftServerConfigKeys (ConfUtils.java:logGet(43)) - raft.server.log.segment.cache.num.max = 2 (custom)
2019-07-30 17:01:39,657 INFO  segmented.SegmentedRaftLogWorker (SegmentedRaftLogWorker.java:<init>(172)) - new d5199bd2-6ef3-4da1-b169-26e950609bd1-SegmentedRaftLogWorker:Storage Directory /workdir/hadoop-ozone/integration-test/target/test-dir/MiniOzoneClusterImpl-ab0d1113-2c98-470c-b755-65e3cfe9598a/datanode-2/data/ratis/c812f4d4-a713-4fb5-9d2c-34021710cd1e for RaftStorage:Storage Directory /workdir/hadoop-ozone/integration-test/target/test-dir/MiniOzoneClusterImpl-ab0d1113-2c98-470c-b755-65e3cfe9598a/datanode-2/data/ratis/c812f4d4-a713-4fb5-9d2c-34021710cd1e
2019-07-30 17:01:39,657 INFO  server.RaftServerConfigKeys (ConfUtils.java:logGet(43)) - raft.server.log.queue.byte-limit = 2147483647 (custom)
2019-07-30 17:01:39,657 INFO  server.RaftServerConfigKeys (ConfUtils.java:logGet(43)) - raft.server.log.queue.element-limit = 1024 (custom)
2019-07-30 17:01:39,658 INFO  server.RaftServerConfigKeys (ConfUtils.java:logGet(43)) - raft.server.log.segment.size.max = 1048576 (custom)
2019-07-30 17:01:39,658 INFO  server.RaftServerConfigKeys (ConfUtils.java:logGet(43)) - raft.server.log.preallocated.size = 16384 (custom)
2019-07-30 17:01:39,658 INFO  server.RaftServerConfigKeys (ConfUtils.java:logGet(43)) - raft.server.log.write.buffer.size = 33554432 (custom)
2019-07-30 17:01:39,658 INFO  server.RaftServerConfigKeys (ConfUtils.java:logGet(43)) - raft.server.log.force.sync.num = 128 (default)
2019-07-30 17:01:39,658 INFO  server.RaftServerConfigKeys (ConfUtils.java:logGet(43)) - raft.server.log.statemachine.data.sync = true (default)
2019-07-30 17:01:39,658 INFO  server.RaftServerConfigKeys (ConfUtils.java:logGet(43)) - raft.server.log.statemachine.data.sync.timeout = 10s (default)
2019-07-30 17:01:39,659 INFO  server.RaftServerConfigKeys (ConfUtils.java:logGet(43)) - raft.server.log.statemachine.data.sync.timeout.retry = -1 (default)
2019-07-30 17:01:39,659 INFO  server.RaftServerConfigKeys (ConfUtils.java:logGet(43)) - raft.server.log.statemachine.data.caching.enabled = true (custom)
2019-07-30 17:01:39,659 INFO  segmented.SegmentedRaftLogWorker (SegmentedRaftLogWorker.java:lambda$new$0(132)) - d5199bd2-6ef3-4da1-b169-26e950609bd1-SegmentedRaftLogWorker:Storage Directory /workdir/hadoop-ozone/integration-test/target/test-dir/MiniOzoneClusterImpl-ab0d1113-2c98-470c-b755-65e3cfe9598a/datanode-2/data/ratis/c812f4d4-a713-4fb5-9d2c-34021710cd1e: flushIndex: setUnconditionally 0 -> -1
2019-07-30 17:01:39,660 INFO  server.RaftServerConfigKeys (ConfUtils.java:logGet(43)) - raft.server.snapshot.auto.trigger.enabled = true (custom)
2019-07-30 17:01:39,660 INFO  server.RaftServerConfigKeys (ConfUtils.java:logGet(43)) - raft.server.snapshot.auto.trigger.threshold = 10000 (custom)
2019-07-30 17:01:39,660 INFO  server.RaftServerConfigKeys (ConfUtils.java:logGet(43)) - raft.server.retrycache.expirytime = 600000ms (custom)
2019-07-30 17:01:39,660 INFO  impl.RaftServerImpl (RaftServerImpl.java:start(180)) - d5199bd2-6ef3-4da1-b169-26e950609bd1: start group-34021710CD1E
2019-07-30 17:01:39,661 INFO  impl.RaftServerImpl (RaftServerImpl.java:setRole(171)) - d5199bd2-6ef3-4da1-b169-26e950609bd1:group-34021710CD1E changes role from null to FOLLOWER at term 0 for startAsFollower
2019-07-30 17:01:39,661 INFO  impl.RoleInfo (RoleInfo.java:updateAndGet(143)) - d5199bd2-6ef3-4da1-b169-26e950609bd1: start FollowerState
2019-07-30 17:01:39,661 INFO  util.JmxRegister (JmxRegister.java:tryRegister(44)) - Successfully registered JMX Bean with object name Ratis:service=RaftServer,group=group-34021710CD1E,id=d5199bd2-6ef3-4da1-b169-26e950609bd1
2019-07-30 17:01:39,674 INFO  pipeline.PipelineStateManager (PipelineStateManager.java:addPipeline(56)) - Created pipeline Pipeline[ Id: c812f4d4-a713-4fb5-9d2c-34021710cd1e, Nodes: d5199bd2-6ef3-4da1-b169-26e950609bd1{ip: 192.168.69.86, host: byscane-nightly-58zn2-384979956, networkLocation: /default-rack, certSerialId: null}, Type:RATIS, Factor:ONE, State:OPEN]
2019-07-30 17:01:39,718 INFO  impl.RaftServerProxy (RaftServerProxy.java:addNew(89)) - ee04969b-c7ae-4fed-b101-4bff2e1b58c9: addNew group-D5C717CA08C2:[ee04969b-c7ae-4fed-b101-4bff2e1b58c9:192.168.69.86:40540, 42fbc686-10dc-4817-9274-e5dbca7f0bf7:192.168.69.86:34282, d5199bd2-6ef3-4da1-b169-26e950609bd1:192.168.69.86:43623] returns group-D5C717CA08C2:java.util.concurrent.CompletableFuture@532a7bd4[Not completed]
2019-07-30 17:01:39,719 INFO  impl.RaftServerImpl (RaftServerImpl.java:<init>(93)) - ee04969b-c7ae-4fed-b101-4bff2e1b58c9: new RaftServerImpl for group-D5C717CA08C2:[ee04969b-c7ae-4fed-b101-4bff2e1b58c9:192.168.69.86:40540, 42fbc686-10dc-4817-9274-e5dbca7f0bf7:192.168.69.86:34282, d5199bd2-6ef3-4da1-b169-26e950609bd1:192.168.69.86:43623] with ContainerStateMachine:uninitialized
2019-07-30 17:01:39,719 INFO  server.RaftServerConfigKeys (ConfUtils.java:logGet(43)) - raft.server.rpc.timeout.min = 5s (custom)
2019-07-30 17:01:39,720 INFO  server.RaftServerConfigKeys (ConfUtils.java:logGet(43)) - raft.server.rpc.timeout.max = 5200ms (custom)
2019-07-30 17:01:39,720 INFO  server.RaftServerConfigKeys (ConfUtils.java:logGet(43)) - raft.server.rpcslowness.timeout = 120s (custom)
2019-07-30 17:01:39,720 INFO  server.RaftServerConfigKeys (ConfUtils.java:logGet(43)) - raft.server.sleep.deviation.threshold = 300 (default)
2019-07-30 17:01:39,724 INFO  server.RaftServerConfigKeys (ConfUtils.java:logGet(43)) - raft.server.log.appender.install.snapshot.enabled = false (custom)
2019-07-30 17:01:39,724 INFO  impl.RaftServerImpl (ServerState.java:<init>(105)) - ee04969b-c7ae-4fed-b101-4bff2e1b58c9:group-D5C717CA08C2 ConfigurationManager, init=-1: [ee04969b-c7ae-4fed-b101-4bff2e1b58c9:192.168.69.86:40540, 42fbc686-10dc-4817-9274-e5dbca7f0bf7:192.168.69.86:34282, d5199bd2-6ef3-4da1-b169-26e950609bd1:192.168.69.86:43623], old=null, confs=<EMPTY_MAP>
2019-07-30 17:01:39,725 INFO  impl.RaftServerProxy (RaftServerProxy.java:addNew(89)) - 42fbc686-10dc-4817-9274-e5dbca7f0bf7: addNew group-D5C717CA08C2:[ee04969b-c7ae-4fed-b101-4bff2e1b58c9:192.168.69.86:40540, 42fbc686-10dc-4817-9274-e5dbca7f0bf7:192.168.69.86:34282, d5199bd2-6ef3-4da1-b169-26e950609bd1:192.168.69.86:43623] returns group-D5C717CA08C2:java.util.concurrent.CompletableFuture@307e72f6[Not completed]
2019-07-30 17:01:39,725 INFO  server.RaftServerConfigKeys (ConfUtils.java:logGet(43)) - raft.server.storage.dir = [/workdir/hadoop-ozone/integration-test/target/test-dir/MiniOzoneClusterImpl-ab0d1113-2c98-470c-b755-65e3cfe9598a/datanode-0/data/ratis] (custom)
2019-07-30 17:01:39,725 INFO  impl.RaftServerProxy (RaftServerProxy.java:addNew(89)) - d5199bd2-6ef3-4da1-b169-26e950609bd1: addNew group-D5C717CA08C2:[ee04969b-c7ae-4fed-b101-4bff2e1b58c9:192.168.69.86:40540, 42fbc686-10dc-4817-9274-e5dbca7f0bf7:192.168.69.86:34282, d5199bd2-6ef3-4da1-b169-26e950609bd1:192.168.69.86:43623] returns group-D5C717CA08C2:java.util.concurrent.CompletableFuture@1628efd5[Not completed]
2019-07-30 17:01:39,725 INFO  storage.RaftStorageDirectory (RaftStorageDirectory.java:analyzeStorage(246)) - The storage directory /workdir/hadoop-ozone/integration-test/target/test-dir/MiniOzoneClusterImpl-ab0d1113-2c98-470c-b755-65e3cfe9598a/datanode-0/data/ratis/1b6374ee-6a2a-4e77-bf20-d5c717ca08c2 does not exist. Creating ...
2019-07-30 17:01:39,726 INFO  impl.RaftServerImpl (RaftServerImpl.java:<init>(93)) - 42fbc686-10dc-4817-9274-e5dbca7f0bf7: new RaftServerImpl for group-D5C717CA08C2:[ee04969b-c7ae-4fed-b101-4bff2e1b58c9:192.168.69.86:40540, 42fbc686-10dc-4817-9274-e5dbca7f0bf7:192.168.69.86:34282, d5199bd2-6ef3-4da1-b169-26e950609bd1:192.168.69.86:43623] with ContainerStateMachine:uninitialized
2019-07-30 17:01:39,726 INFO  server.RaftServerConfigKeys (ConfUtils.java:logGet(43)) - raft.server.rpc.timeout.min = 5s (custom)
2019-07-30 17:01:39,726 INFO  impl.RaftServerImpl (RaftServerImpl.java:<init>(93)) - d5199bd2-6ef3-4da1-b169-26e950609bd1: new RaftServerImpl for group-D5C717CA08C2:[ee04969b-c7ae-4fed-b101-4bff2e1b58c9:192.168.69.86:40540, 42fbc686-10dc-4817-9274-e5dbca7f0bf7:192.168.69.86:34282, d5199bd2-6ef3-4da1-b169-26e950609bd1:192.168.69.86:43623] with ContainerStateMachine:uninitialized
2019-07-30 17:01:39,726 INFO  server.RaftServerConfigKeys (ConfUtils.java:logGet(43)) - raft.server.rpc.timeout.max = 5200ms (custom)
2019-07-30 17:01:39,726 INFO  server.RaftServerConfigKeys (ConfUtils.java:logGet(43)) - raft.server.rpc.timeout.min = 5s (custom)
2019-07-30 17:01:39,726 INFO  server.RaftServerConfigKeys (ConfUtils.java:logGet(43)) - raft.server.rpcslowness.timeout = 120s (custom)
2019-07-30 17:01:39,727 INFO  server.RaftServerConfigKeys (ConfUtils.java:logGet(43)) - raft.server.rpc.timeout.max = 5200ms (custom)
2019-07-30 17:01:39,727 INFO  server.RaftServerConfigKeys (ConfUtils.java:logGet(43)) - raft.server.sleep.deviation.threshold = 300 (default)
2019-07-30 17:01:39,727 INFO  server.RaftServerConfigKeys (ConfUtils.java:logGet(43)) - raft.server.rpcslowness.timeout = 120s (custom)
2019-07-30 17:01:39,727 INFO  server.RaftServerConfigKeys (ConfUtils.java:logGet(43)) - raft.server.log.appender.install.snapshot.enabled = false (custom)
2019-07-30 17:01:39,727 INFO  server.RaftServerConfigKeys (ConfUtils.java:logGet(43)) - raft.server.sleep.deviation.threshold = 300 (default)
2019-07-30 17:01:39,727 INFO  impl.RaftServerImpl (ServerState.java:<init>(105)) - 42fbc686-10dc-4817-9274-e5dbca7f0bf7:group-D5C717CA08C2 ConfigurationManager, init=-1: [ee04969b-c7ae-4fed-b101-4bff2e1b58c9:192.168.69.86:40540, 42fbc686-10dc-4817-9274-e5dbca7f0bf7:192.168.69.86:34282, d5199bd2-6ef3-4da1-b169-26e950609bd1:192.168.69.86:43623], old=null, confs=<EMPTY_MAP>
2019-07-30 17:01:39,727 INFO  server.RaftServerConfigKeys (ConfUtils.java:logGet(43)) - raft.server.log.appender.install.snapshot.enabled = false (custom)
2019-07-30 17:01:39,728 INFO  server.RaftServerConfigKeys (ConfUtils.java:logGet(43)) - raft.server.storage.dir = [/workdir/hadoop-ozone/integration-test/target/test-dir/MiniOzoneClusterImpl-ab0d1113-2c98-470c-b755-65e3cfe9598a/datanode-1/data/ratis] (custom)
2019-07-30 17:01:39,728 INFO  impl.RaftServerImpl (ServerState.java:<init>(105)) - d5199bd2-6ef3-4da1-b169-26e950609bd1:group-D5C717CA08C2 ConfigurationManager, init=-1: [ee04969b-c7ae-4fed-b101-4bff2e1b58c9:192.168.69.86:40540, 42fbc686-10dc-4817-9274-e5dbca7f0bf7:192.168.69.86:34282, d5199bd2-6ef3-4da1-b169-26e950609bd1:192.168.69.86:43623], old=null, confs=<EMPTY_MAP>
2019-07-30 17:01:39,728 INFO  server.RaftServerConfigKeys (ConfUtils.java:logGet(43)) - raft.server.storage.dir = [/workdir/hadoop-ozone/integration-test/target/test-dir/MiniOzoneClusterImpl-ab0d1113-2c98-470c-b755-65e3cfe9598a/datanode-2/data/ratis] (custom)
2019-07-30 17:01:39,728 INFO  storage.RaftStorageDirectory (RaftStorageDirectory.java:analyzeStorage(246)) - The storage directory /workdir/hadoop-ozone/integration-test/target/test-dir/MiniOzoneClusterImpl-ab0d1113-2c98-470c-b755-65e3cfe9598a/datanode-1/data/ratis/1b6374ee-6a2a-4e77-bf20-d5c717ca08c2 does not exist. Creating ...
2019-07-30 17:01:39,729 INFO  storage.RaftStorageDirectory (RaftStorageDirectory.java:analyzeStorage(246)) - The storage directory /workdir/hadoop-ozone/integration-test/target/test-dir/MiniOzoneClusterImpl-ab0d1113-2c98-470c-b755-65e3cfe9598a/datanode-2/data/ratis/1b6374ee-6a2a-4e77-bf20-d5c717ca08c2 does not exist. Creating ...
2019-07-30 17:01:39,740 INFO  storage.RaftStorageDirectory (RaftStorageDirectory.java:tryLock(328)) - Lock on /workdir/hadoop-ozone/integration-test/target/test-dir/MiniOzoneClusterImpl-ab0d1113-2c98-470c-b755-65e3cfe9598a/datanode-1/data/ratis/1b6374ee-6a2a-4e77-bf20-d5c717ca08c2/in_use.lock acquired by nodename 28914@byscane-nightly-58zn2-384979956
2019-07-30 17:01:39,740 INFO  storage.RaftStorageDirectory (RaftStorageDirectory.java:tryLock(328)) - Lock on /workdir/hadoop-ozone/integration-test/target/test-dir/MiniOzoneClusterImpl-ab0d1113-2c98-470c-b755-65e3cfe9598a/datanode-2/data/ratis/1b6374ee-6a2a-4e77-bf20-d5c717ca08c2/in_use.lock acquired by nodename 28914@byscane-nightly-58zn2-384979956
2019-07-30 17:01:39,740 INFO  storage.RaftStorageDirectory (RaftStorageDirectory.java:tryLock(328)) - Lock on /workdir/hadoop-ozone/integration-test/target/test-dir/MiniOzoneClusterImpl-ab0d1113-2c98-470c-b755-65e3cfe9598a/datanode-0/data/ratis/1b6374ee-6a2a-4e77-bf20-d5c717ca08c2/in_use.lock acquired by nodename 28914@byscane-nightly-58zn2-384979956
2019-07-30 17:01:39,754 INFO  storage.RaftStorage (RaftStorage.java:format(72)) - Storage directory /workdir/hadoop-ozone/integration-test/target/test-dir/MiniOzoneClusterImpl-ab0d1113-2c98-470c-b755-65e3cfe9598a/datanode-1/data/ratis/1b6374ee-6a2a-4e77-bf20-d5c717ca08c2 has been successfully formatted.
2019-07-30 17:01:39,754 INFO  storage.RaftStorage (RaftStorage.java:format(72)) - Storage directory /workdir/hadoop-ozone/integration-test/target/test-dir/MiniOzoneClusterImpl-ab0d1113-2c98-470c-b755-65e3cfe9598a/datanode-0/data/ratis/1b6374ee-6a2a-4e77-bf20-d5c717ca08c2 has been successfully formatted.
2019-07-30 17:01:39,754 INFO  storage.RaftStorage (RaftStorage.java:format(72)) - Storage directory /workdir/hadoop-ozone/integration-test/target/test-dir/MiniOzoneClusterImpl-ab0d1113-2c98-470c-b755-65e3cfe9598a/datanode-2/data/ratis/1b6374ee-6a2a-4e77-bf20-d5c717ca08c2 has been successfully formatted.
2019-07-30 17:01:39,755 INFO  ratis.ContainerStateMachine (ContainerStateMachine.java:loadSnapshot(213)) - group-D5C717CA08C2: The snapshot info is null. Setting the last applied indexto:(t:0, i:~)
2019-07-30 17:01:39,755 INFO  ratis.ContainerStateMachine (ContainerStateMachine.java:loadSnapshot(213)) - group-D5C717CA08C2: The snapshot info is null. Setting the last applied indexto:(t:0, i:~)
2019-07-30 17:01:39,755 INFO  server.RaftServerConfigKeys (ConfUtils.java:logGet(43)) - raft.server.leader.election.timeout = 120s (custom)
2019-07-30 17:01:39,755 INFO  ratis.ContainerStateMachine (ContainerStateMachine.java:loadSnapshot(213)) - group-D5C717CA08C2: The snapshot info is null. Setting the last applied indexto:(t:0, i:~)
2019-07-30 17:01:39,755 INFO  server.RaftServerConfigKeys (ConfUtils.java:logGet(43)) - raft.server.log.use.memory = false (default)
2019-07-30 17:01:39,755 INFO  server.RaftServerConfigKeys (ConfUtils.java:logGet(43)) - raft.server.leader.election.timeout = 120s (custom)
2019-07-30 17:01:39,756 INFO  server.RaftServerConfigKeys (ConfUtils.java:logGet(43)) - raft.server.log.purge.gap = 1000000000 (custom)
2019-07-30 17:01:39,755 INFO  server.RaftServerConfigKeys (ConfUtils.java:logGet(43)) - raft.server.leader.election.timeout = 120s (custom)
2019-07-30 17:01:39,756 INFO  server.RaftServerConfigKeys (ConfUtils.java:logGet(43)) - raft.server.log.appender.buffer.byte-limit = 33554432 (custom)
2019-07-30 17:01:39,756 INFO  server.RaftServerConfigKeys (ConfUtils.java:logGet(43)) - raft.server.log.use.memory = false (default)
2019-07-30 17:01:39,756 INFO  server.RaftServerConfigKeys (ConfUtils.java:logGet(43)) - raft.server.log.segment.size.max = 1048576 (custom)
2019-07-30 17:01:39,756 INFO  server.RaftServerConfigKeys (ConfUtils.java:logGet(43)) - raft.server.log.use.memory = false (default)
2019-07-30 17:01:39,756 INFO  server.RaftServerConfigKeys (ConfUtils.java:logGet(43)) - raft.server.log.segment.cache.num.max = 2 (custom)
2019-07-30 17:01:39,756 INFO  server.RaftServerConfigKeys (ConfUtils.java:logGet(43)) - raft.server.log.purge.gap = 1000000000 (custom)
2019-07-30 17:01:39,757 INFO  segmented.SegmentedRaftLogWorker (SegmentedRaftLogWorker.java:<init>(172)) - new ee04969b-c7ae-4fed-b101-4bff2e1b58c9-SegmentedRaftLogWorker:Storage Directory /workdir/hadoop-ozone/integration-test/target/test-dir/MiniOzoneClusterImpl-ab0d1113-2c98-470c-b755-65e3cfe9598a/datanode-0/data/ratis/1b6374ee-6a2a-4e77-bf20-d5c717ca08c2 for RaftStorage:Storage Directory /workdir/hadoop-ozone/integration-test/target/test-dir/MiniOzoneClusterImpl-ab0d1113-2c98-470c-b755-65e3cfe9598a/datanode-0/data/ratis/1b6374ee-6a2a-4e77-bf20-d5c717ca08c2
2019-07-30 17:01:39,757 INFO  server.RaftServerConfigKeys (ConfUtils.java:logGet(43)) - raft.server.log.purge.gap = 1000000000 (custom)
2019-07-30 17:01:39,757 INFO  server.RaftServerConfigKeys (ConfUtils.java:logGet(43)) - raft.server.log.queue.byte-limit = 2147483647 (custom)
2019-07-30 17:01:39,757 INFO  server.RaftServerConfigKeys (ConfUtils.java:logGet(43)) - raft.server.log.appender.buffer.byte-limit = 33554432 (custom)
2019-07-30 17:01:39,760 INFO  server.RaftServerConfigKeys (ConfUtils.java:logGet(43)) - raft.server.log.queue.element-limit = 1024 (custom)
2019-07-30 17:01:39,757 INFO  server.RaftServerConfigKeys (ConfUtils.java:logGet(43)) - raft.server.log.appender.buffer.byte-limit = 33554432 (custom)
2019-07-30 17:01:39,760 INFO  server.RaftServerConfigKeys (ConfUtils.java:logGet(43)) - raft.server.log.segment.size.max = 1048576 (custom)
2019-07-30 17:01:39,760 INFO  server.RaftServerConfigKeys (ConfUtils.java:logGet(43)) - raft.server.log.segment.size.max = 1048576 (custom)
2019-07-30 17:01:39,761 INFO  server.RaftServerConfigKeys (ConfUtils.java:logGet(43)) - raft.server.log.preallocated.size = 16384 (custom)
2019-07-30 17:01:39,761 INFO  server.RaftServerConfigKeys (ConfUtils.java:logGet(43)) - raft.server.log.segment.size.max = 1048576 (custom)
2019-07-30 17:01:39,761 INFO  server.RaftServerConfigKeys (ConfUtils.java:logGet(43)) - raft.server.log.write.buffer.size = 33554432 (custom)
2019-07-30 17:01:39,761 INFO  server.RaftServerConfigKeys (ConfUtils.java:logGet(43)) - raft.server.log.segment.cache.num.max = 2 (custom)
2019-07-30 17:01:39,761 INFO  server.RaftServerConfigKeys (ConfUtils.java:logGet(43)) - raft.server.log.force.sync.num = 128 (default)
2019-07-30 17:01:39,761 INFO  server.RaftServerConfigKeys (ConfUtils.java:logGet(43)) - raft.server.log.segment.cache.num.max = 2 (custom)
2019-07-30 17:01:39,762 INFO  server.RaftServerConfigKeys (ConfUtils.java:logGet(43)) - raft.server.log.statemachine.data.sync = true (default)
2019-07-30 17:01:39,762 INFO  segmented.SegmentedRaftLogWorker (SegmentedRaftLogWorker.java:<init>(172)) - new 42fbc686-10dc-4817-9274-e5dbca7f0bf7-SegmentedRaftLogWorker:Storage Directory /workdir/hadoop-ozone/integration-test/target/test-dir/MiniOzoneClusterImpl-ab0d1113-2c98-470c-b755-65e3cfe9598a/datanode-1/data/ratis/1b6374ee-6a2a-4e77-bf20-d5c717ca08c2 for RaftStorage:Storage Directory /workdir/hadoop-ozone/integration-test/target/test-dir/MiniOzoneClusterImpl-ab0d1113-2c98-470c-b755-65e3cfe9598a/datanode-1/data/ratis/1b6374ee-6a2a-4e77-bf20-d5c717ca08c2
2019-07-30 17:01:39,762 INFO  server.RaftServerConfigKeys (ConfUtils.java:logGet(43)) - raft.server.log.statemachine.data.sync.timeout = 10s (default)
2019-07-30 17:01:39,762 INFO  segmented.SegmentedRaftLogWorker (SegmentedRaftLogWorker.java:<init>(172)) - new d5199bd2-6ef3-4da1-b169-26e950609bd1-SegmentedRaftLogWorker:Storage Directory /workdir/hadoop-ozone/integration-test/target/test-dir/MiniOzoneClusterImpl-ab0d1113-2c98-470c-b755-65e3cfe9598a/datanode-2/data/ratis/1b6374ee-6a2a-4e77-bf20-d5c717ca08c2 for RaftStorage:Storage Directory /workdir/hadoop-ozone/integration-test/target/test-dir/MiniOzoneClusterImpl-ab0d1113-2c98-470c-b755-65e3cfe9598a/datanode-2/data/ratis/1b6374ee-6a2a-4e77-bf20-d5c717ca08c2
2019-07-30 17:01:39,765 INFO  server.RaftServerConfigKeys (ConfUtils.java:logGet(43)) - raft.server.log.statemachine.data.sync.timeout.retry = -1 (default)
2019-07-30 17:01:39,762 INFO  server.RaftServerConfigKeys (ConfUtils.java:logGet(43)) - raft.server.log.queue.byte-limit = 2147483647 (custom)
2019-07-30 17:01:39,774 INFO  server.RaftServerConfigKeys (ConfUtils.java:logGet(43)) - raft.server.log.statemachine.data.caching.enabled = true (custom)
2019-07-30 17:01:39,765 INFO  server.RaftServerConfigKeys (ConfUtils.java:logGet(43)) - raft.server.log.queue.byte-limit = 2147483647 (custom)
2019-07-30 17:01:39,776 INFO  server.RaftServerConfigKeys (ConfUtils.java:logGet(43)) - raft.server.log.queue.element-limit = 1024 (custom)
2019-07-30 17:01:39,777 INFO  segmented.SegmentedRaftLogWorker (SegmentedRaftLogWorker.java:lambda$new$0(132)) - ee04969b-c7ae-4fed-b101-4bff2e1b58c9-SegmentedRaftLogWorker:Storage Directory /workdir/hadoop-ozone/integration-test/target/test-dir/MiniOzoneClusterImpl-ab0d1113-2c98-470c-b755-65e3cfe9598a/datanode-0/data/ratis/1b6374ee-6a2a-4e77-bf20-d5c717ca08c2: flushIndex: setUnconditionally 0 -> -1
2019-07-30 17:01:39,777 INFO  server.RaftServerConfigKeys (ConfUtils.java:logGet(43)) - raft.server.log.segment.size.max = 1048576 (custom)
2019-07-30 17:01:39,777 INFO  server.RaftServerConfigKeys (ConfUtils.java:logGet(43)) - raft.server.log.queue.element-limit = 1024 (custom)
2019-07-30 17:01:39,778 INFO  server.RaftServerConfigKeys (ConfUtils.java:logGet(43)) - raft.server.snapshot.auto.trigger.enabled = true (custom)
2019-07-30 17:01:39,778 INFO  server.RaftServerConfigKeys (ConfUtils.java:logGet(43)) - raft.server.log.preallocated.size = 16384 (custom)
2019-07-30 17:01:39,778 INFO  server.RaftServerConfigKeys (ConfUtils.java:logGet(43)) - raft.server.snapshot.auto.trigger.threshold = 10000 (custom)
2019-07-30 17:01:39,778 INFO  server.RaftServerConfigKeys (ConfUtils.java:logGet(43)) - raft.server.log.segment.size.max = 1048576 (custom)
2019-07-30 17:01:39,778 INFO  server.RaftServerConfigKeys (ConfUtils.java:logGet(43)) - raft.server.retrycache.expirytime = 600000ms (custom)
2019-07-30 17:01:39,778 INFO  server.RaftServerConfigKeys (ConfUtils.java:logGet(43)) - raft.server.log.write.buffer.size = 33554432 (custom)
2019-07-30 17:01:39,779 INFO  impl.RaftServerImpl (RaftServerImpl.java:start(180)) - ee04969b-c7ae-4fed-b101-4bff2e1b58c9: start group-D5C717CA08C2
2019-07-30 17:01:39,779 INFO  server.RaftServerConfigKeys (ConfUtils.java:logGet(43)) - raft.server.log.preallocated.size = 16384 (custom)
2019-07-30 17:01:39,779 INFO  impl.RaftServerImpl (RaftServerImpl.java:setRole(171)) - ee04969b-c7ae-4fed-b101-4bff2e1b58c9:group-D5C717CA08C2 changes role from null to FOLLOWER at term 0 for startAsFollower
2019-07-30 17:01:39,779 INFO  server.RaftServerConfigKeys (ConfUtils.java:logGet(43)) - raft.server.log.force.sync.num = 128 (default)
2019-07-30 17:01:39,779 INFO  impl.RoleInfo (RoleInfo.java:updateAndGet(143)) - ee04969b-c7ae-4fed-b101-4bff2e1b58c9: start FollowerState
2019-07-30 17:01:39,779 INFO  server.RaftServerConfigKeys (ConfUtils.java:logGet(43)) - raft.server.log.write.buffer.size = 33554432 (custom)
2019-07-30 17:01:39,780 INFO  server.RaftServerConfigKeys (ConfUtils.java:logGet(43)) - raft.server.log.statemachine.data.sync = true (default)
2019-07-30 17:01:39,780 INFO  util.JmxRegister (JmxRegister.java:tryRegister(44)) - Successfully registered JMX Bean with object name Ratis:service=RaftServer,group=group-D5C717CA08C2,id=ee04969b-c7ae-4fed-b101-4bff2e1b58c9
2019-07-30 17:01:39,780 INFO  server.RaftServerConfigKeys (ConfUtils.java:logGet(43)) - raft.server.log.force.sync.num = 128 (default)
2019-07-30 17:01:39,780 INFO  server.RaftServerConfigKeys (ConfUtils.java:logGet(43)) - raft.server.log.statemachine.data.sync.timeout = 10s (default)
2019-07-30 17:01:39,781 INFO  server.RaftServerConfigKeys (ConfUtils.java:logGet(43)) - raft.server.log.statemachine.data.sync = true (default)
2019-07-30 17:01:39,781 INFO  server.RaftServerConfigKeys (ConfUtils.java:logGet(43)) - raft.server.log.statemachine.data.sync.timeout.retry = -1 (default)
2019-07-30 17:01:39,781 INFO  server.RaftServerConfigKeys (ConfUtils.java:logGet(43)) - raft.server.log.statemachine.data.sync.timeout = 10s (default)
2019-07-30 17:01:39,781 INFO  server.RaftServerConfigKeys (ConfUtils.java:logGet(43)) - raft.server.log.statemachine.data.caching.enabled = true (custom)
2019-07-30 17:01:39,781 INFO  server.RaftServerConfigKeys (ConfUtils.java:logGet(43)) - raft.server.log.statemachine.data.sync.timeout.retry = -1 (default)
2019-07-30 17:01:39,782 INFO  segmented.SegmentedRaftLogWorker (SegmentedRaftLogWorker.java:lambda$new$0(132)) - 42fbc686-10dc-4817-9274-e5dbca7f0bf7-SegmentedRaftLogWorker:Storage Directory /workdir/hadoop-ozone/integration-test/target/test-dir/MiniOzoneClusterImpl-ab0d1113-2c98-470c-b755-65e3cfe9598a/datanode-1/data/ratis/1b6374ee-6a2a-4e77-bf20-d5c717ca08c2: flushIndex: setUnconditionally 0 -> -1
2019-07-30 17:01:39,782 INFO  server.RaftServerConfigKeys (ConfUtils.java:logGet(43)) - raft.server.log.statemachine.data.caching.enabled = true (custom)
2019-07-30 17:01:39,782 INFO  server.RaftServerConfigKeys (ConfUtils.java:logGet(43)) - raft.server.snapshot.auto.trigger.enabled = true (custom)
2019-07-30 17:01:39,782 INFO  segmented.SegmentedRaftLogWorker (SegmentedRaftLogWorker.java:lambda$new$0(132)) - d5199bd2-6ef3-4da1-b169-26e950609bd1-SegmentedRaftLogWorker:Storage Directory /workdir/hadoop-ozone/integration-test/target/test-dir/MiniOzoneClusterImpl-ab0d1113-2c98-470c-b755-65e3cfe9598a/datanode-2/data/ratis/1b6374ee-6a2a-4e77-bf20-d5c717ca08c2: flushIndex: setUnconditionally 0 -> -1
2019-07-30 17:01:39,782 INFO  server.RaftServerConfigKeys (ConfUtils.java:logGet(43)) - raft.server.snapshot.auto.trigger.threshold = 10000 (custom)
2019-07-30 17:01:39,785 INFO  server.RaftServerConfigKeys (ConfUtils.java:logGet(43)) - raft.server.retrycache.expirytime = 600000ms (custom)
2019-07-30 17:01:39,785 INFO  server.RaftServerConfigKeys (ConfUtils.java:logGet(43)) - raft.server.snapshot.auto.trigger.enabled = true (custom)
2019-07-30 17:01:39,788 INFO  server.RaftServerConfigKeys (ConfUtils.java:logGet(43)) - raft.server.snapshot.auto.trigger.threshold = 10000 (custom)
2019-07-30 17:01:39,788 INFO  impl.RaftServerImpl (RaftServerImpl.java:start(180)) - 42fbc686-10dc-4817-9274-e5dbca7f0bf7: start group-D5C717CA08C2
2019-07-30 17:01:39,788 INFO  server.RaftServerConfigKeys (ConfUtils.java:logGet(43)) - raft.server.retrycache.expirytime = 600000ms (custom)
2019-07-30 17:01:39,790 INFO  impl.RaftServerImpl (RaftServerImpl.java:setRole(171)) - 42fbc686-10dc-4817-9274-e5dbca7f0bf7:group-D5C717CA08C2 changes role from null to FOLLOWER at term 0 for startAsFollower
2019-07-30 17:01:39,792 INFO  impl.RaftServerImpl (RaftServerImpl.java:start(180)) - d5199bd2-6ef3-4da1-b169-26e950609bd1: start group-D5C717CA08C2
2019-07-30 17:01:39,792 INFO  impl.RoleInfo (RoleInfo.java:updateAndGet(143)) - 42fbc686-10dc-4817-9274-e5dbca7f0bf7: start FollowerState
2019-07-30 17:01:39,793 INFO  impl.RaftServerImpl (RaftServerImpl.java:setRole(171)) - d5199bd2-6ef3-4da1-b169-26e950609bd1:group-D5C717CA08C2 changes role from null to FOLLOWER at term 0 for startAsFollower
2019-07-30 17:01:39,793 INFO  impl.RoleInfo (RoleInfo.java:updateAndGet(143)) - d5199bd2-6ef3-4da1-b169-26e950609bd1: start FollowerState
2019-07-30 17:01:39,793 INFO  util.JmxRegister (JmxRegister.java:tryRegister(44)) - Successfully registered JMX Bean with object name Ratis:service=RaftServer,group=group-D5C717CA08C2,id=42fbc686-10dc-4817-9274-e5dbca7f0bf7
2019-07-30 17:01:39,793 INFO  util.JmxRegister (JmxRegister.java:tryRegister(44)) - Successfully registered JMX Bean with object name Ratis:service=RaftServer,group=group-D5C717CA08C2,id=d5199bd2-6ef3-4da1-b169-26e950609bd1
2019-07-30 17:01:39,812 INFO  pipeline.PipelineStateManager (PipelineStateManager.java:addPipeline(56)) - Created pipeline Pipeline[ Id: 1b6374ee-6a2a-4e77-bf20-d5c717ca08c2, Nodes: ee04969b-c7ae-4fed-b101-4bff2e1b58c9{ip: 192.168.69.86, host: byscane-nightly-58zn2-384979956, networkLocation: /default-rack, certSerialId: null}42fbc686-10dc-4817-9274-e5dbca7f0bf7{ip: 192.168.69.86, host: byscane-nightly-58zn2-384979956, networkLocation: /default-rack, certSerialId: null}d5199bd2-6ef3-4da1-b169-26e950609bd1{ip: 192.168.69.86, host: byscane-nightly-58zn2-384979956, networkLocation: /default-rack, certSerialId: null}, Type:RATIS, Factor:THREE, State:OPEN]
2019-07-30 17:01:40,591 INFO  ozone.MiniOzoneClusterImpl (MiniOzoneClusterImpl.java:lambda$waitForClusterToBeReady$0(142)) - Cluster is ready. Got 3 of 3 DN Heartbeats.
2019-07-30 17:01:42,230 INFO  container.ReplicationManager (ReplicationManager.java:start(155)) - Starting Replication Monitor Thread.
2019-07-30 17:01:42,237 INFO  container.ReplicationManager (ReplicationManager.java:run(207)) - Replication Monitor Thread took 0 milliseconds for processing 0 containers.
2019-07-30 17:01:44,402 INFO  impl.FollowerState (FollowerState.java:run(106)) - ee04969b-c7ae-4fed-b101-4bff2e1b58c9:group-ED9053B01BBB changes to CANDIDATE, lastRpcTime:5110, electionTimeout:5110ms
2019-07-30 17:01:44,402 INFO  impl.RoleInfo (RoleInfo.java:shutdownFollowerState(121)) - ee04969b-c7ae-4fed-b101-4bff2e1b58c9: shutdown FollowerState
2019-07-30 17:01:44,402 INFO  impl.RaftServerImpl (RaftServerImpl.java:setRole(171)) - ee04969b-c7ae-4fed-b101-4bff2e1b58c9:group-ED9053B01BBB changes role from FOLLOWER to CANDIDATE at term 0 for changeToCandidate
2019-07-30 17:01:44,402 INFO  impl.RoleInfo (RoleInfo.java:updateAndGet(143)) - ee04969b-c7ae-4fed-b101-4bff2e1b58c9: start LeaderElection
2019-07-30 17:01:44,425 INFO  impl.LeaderElection (LeaderElection.java:askForVotes(181)) - ee04969b-c7ae-4fed-b101-4bff2e1b58c9:group-ED9053B01BBB:LeaderElection8: begin an election at term 1 for -1: [ee04969b-c7ae-4fed-b101-4bff2e1b58c9:192.168.69.86:40540], old=null
2019-07-30 17:01:44,426 INFO  impl.RoleInfo (RoleInfo.java:shutdownLeaderElection(134)) - ee04969b-c7ae-4fed-b101-4bff2e1b58c9: shutdown LeaderElection
2019-07-30 17:01:44,426 INFO  impl.RaftServerImpl (RaftServerImpl.java:setRole(171)) - ee04969b-c7ae-4fed-b101-4bff2e1b58c9:group-ED9053B01BBB changes role from CANDIDATE to LEADER at term 1 for changeToLeader
2019-07-30 17:01:44,426 INFO  impl.RaftServerImpl (ServerState.java:setLeader(263)) - ee04969b-c7ae-4fed-b101-4bff2e1b58c9:group-ED9053B01BBB change Leader from null to ee04969b-c7ae-4fed-b101-4bff2e1b58c9 at term 1 for becomeLeader, leader elected after 5140ms
2019-07-30 17:01:44,428 INFO  server.RaftServerConfigKeys (ConfUtils.java:logGet(43)) - raft.server.staging.catchup.gap = 1000 (default)
2019-07-30 17:01:44,429 INFO  server.RaftServerConfigKeys (ConfUtils.java:logGet(43)) - raft.server.rpc.sleep.time = 25ms (default)
2019-07-30 17:01:44,429 INFO  server.RaftServerConfigKeys (ConfUtils.java:logGet(43)) - raft.server.write.element-limit = 4096 (default)
2019-07-30 17:01:44,429 INFO  server.RaftServerConfigKeys (ConfUtils.java:logGet(43)) - raft.server.watch.timeout = 10s (default)
2019-07-30 17:01:44,429 INFO  server.RaftServerConfigKeys (ConfUtils.java:logGet(43)) - raft.server.watch.timeout.denomination = 1s (default)
2019-07-30 17:01:44,430 INFO  server.RaftServerConfigKeys (ConfUtils.java:logGet(43)) - raft.server.watch.element-limit = 65536 (default)
2019-07-30 17:01:44,430 INFO  impl.RoleInfo (RoleInfo.java:updateAndGet(143)) - ee04969b-c7ae-4fed-b101-4bff2e1b58c9: start LeaderState
2019-07-30 17:01:44,430 INFO  segmented.SegmentedRaftLogWorker (SegmentedRaftLogWorker.java:startLogSegment(380)) - ee04969b-c7ae-4fed-b101-4bff2e1b58c9-SegmentedRaftLogWorker:Storage Directory /workdir/hadoop-ozone/integration-test/target/test-dir/MiniOzoneClusterImpl-ab0d1113-2c98-470c-b755-65e3cfe9598a/datanode-0/data/ratis/8ff272a3-0b3a-4cb5-9964-ed9053b01bbb: Starting segment from index:0
2019-07-30 17:01:44,431 INFO  impl.RaftServerImpl (ServerState.java:setRaftConf(361)) - ee04969b-c7ae-4fed-b101-4bff2e1b58c9:group-ED9053B01BBB set configuration 0: [ee04969b-c7ae-4fed-b101-4bff2e1b58c9:192.168.69.86:40540], old=null at 0
2019-07-30 17:01:44,466 INFO  segmented.SegmentedRaftLogWorker (SegmentedRaftLogWorker.java:execute(569)) - ee04969b-c7ae-4fed-b101-4bff2e1b58c9-SegmentedRaftLogWorker:Storage Directory /workdir/hadoop-ozone/integration-test/target/test-dir/MiniOzoneClusterImpl-ab0d1113-2c98-470c-b755-65e3cfe9598a/datanode-0/data/ratis/8ff272a3-0b3a-4cb5-9964-ed9053b01bbb: created new log segment /workdir/hadoop-ozone/integration-test/target/test-dir/MiniOzoneClusterImpl-ab0d1113-2c98-470c-b755-65e3cfe9598a/datanode-0/data/ratis/8ff272a3-0b3a-4cb5-9964-ed9053b01bbb/current/log_inprogress_0
2019-07-30 17:01:44,596 INFO  impl.FollowerState (FollowerState.java:run(106)) - 42fbc686-10dc-4817-9274-e5dbca7f0bf7:group-93954B6F371A changes to CANDIDATE, lastRpcTime:5139, electionTimeout:5139ms
2019-07-30 17:01:44,596 INFO  impl.RoleInfo (RoleInfo.java:shutdownFollowerState(121)) - 42fbc686-10dc-4817-9274-e5dbca7f0bf7: shutdown FollowerState
2019-07-30 17:01:44,596 INFO  impl.RaftServerImpl (RaftServerImpl.java:setRole(171)) - 42fbc686-10dc-4817-9274-e5dbca7f0bf7:group-93954B6F371A changes role from FOLLOWER to CANDIDATE at term 0 for changeToCandidate
2019-07-30 17:01:44,596 INFO  impl.RoleInfo (RoleInfo.java:updateAndGet(143)) - 42fbc686-10dc-4817-9274-e5dbca7f0bf7: start LeaderElection
2019-07-30 17:01:44,625 INFO  impl.LeaderElection (LeaderElection.java:askForVotes(181)) - 42fbc686-10dc-4817-9274-e5dbca7f0bf7:group-93954B6F371A:LeaderElection9: begin an election at term 1 for -1: [42fbc686-10dc-4817-9274-e5dbca7f0bf7:192.168.69.86:34282], old=null
2019-07-30 17:01:44,628 INFO  impl.RoleInfo (RoleInfo.java:shutdownLeaderElection(134)) - 42fbc686-10dc-4817-9274-e5dbca7f0bf7: shutdown LeaderElection
2019-07-30 17:01:44,628 INFO  impl.RaftServerImpl (RaftServerImpl.java:setRole(171)) - 42fbc686-10dc-4817-9274-e5dbca7f0bf7:group-93954B6F371A changes role from CANDIDATE to LEADER at term 1 for changeToLeader
2019-07-30 17:01:44,628 INFO  impl.RaftServerImpl (ServerState.java:setLeader(263)) - 42fbc686-10dc-4817-9274-e5dbca7f0bf7:group-93954B6F371A change Leader from null to 42fbc686-10dc-4817-9274-e5dbca7f0bf7 at term 1 for becomeLeader, leader elected after 5177ms
2019-07-30 17:01:44,631 INFO  server.RaftServerConfigKeys (ConfUtils.java:logGet(43)) - raft.server.staging.catchup.gap = 1000 (default)
2019-07-30 17:01:44,631 INFO  server.RaftServerConfigKeys (ConfUtils.java:logGet(43)) - raft.server.rpc.sleep.time = 25ms (default)
2019-07-30 17:01:44,631 INFO  server.RaftServerConfigKeys (ConfUtils.java:logGet(43)) - raft.server.write.element-limit = 4096 (default)
2019-07-30 17:01:44,632 INFO  server.RaftServerConfigKeys (ConfUtils.java:logGet(43)) - raft.server.watch.timeout = 10s (default)
2019-07-30 17:01:44,632 INFO  server.RaftServerConfigKeys (ConfUtils.java:logGet(43)) - raft.server.watch.timeout.denomination = 1s (default)
2019-07-30 17:01:44,632 INFO  server.RaftServerConfigKeys (ConfUtils.java:logGet(43)) - raft.server.watch.element-limit = 65536 (default)
2019-07-30 17:01:44,632 INFO  impl.RoleInfo (RoleInfo.java:updateAndGet(143)) - 42fbc686-10dc-4817-9274-e5dbca7f0bf7: start LeaderState
2019-07-30 17:01:44,633 INFO  segmented.SegmentedRaftLogWorker (SegmentedRaftLogWorker.java:startLogSegment(380)) - 42fbc686-10dc-4817-9274-e5dbca7f0bf7-SegmentedRaftLogWorker:Storage Directory /workdir/hadoop-ozone/integration-test/target/test-dir/MiniOzoneClusterImpl-ab0d1113-2c98-470c-b755-65e3cfe9598a/datanode-1/data/ratis/3819678d-7c49-48a2-b4d8-93954b6f371a: Starting segment from index:0
2019-07-30 17:01:44,633 INFO  impl.RaftServerImpl (ServerState.java:setRaftConf(361)) - 42fbc686-10dc-4817-9274-e5dbca7f0bf7:group-93954B6F371A set configuration 0: [42fbc686-10dc-4817-9274-e5dbca7f0bf7:192.168.69.86:34282], old=null at 0
2019-07-30 17:01:44,668 INFO  segmented.SegmentedRaftLogWorker (SegmentedRaftLogWorker.java:execute(569)) - 42fbc686-10dc-4817-9274-e5dbca7f0bf7-SegmentedRaftLogWorker:Storage Directory /workdir/hadoop-ozone/integration-test/target/test-dir/MiniOzoneClusterImpl-ab0d1113-2c98-470c-b755-65e3cfe9598a/datanode-1/data/ratis/3819678d-7c49-48a2-b4d8-93954b6f371a: created new log segment /workdir/hadoop-ozone/integration-test/target/test-dir/MiniOzoneClusterImpl-ab0d1113-2c98-470c-b755-65e3cfe9598a/datanode-1/data/ratis/3819678d-7c49-48a2-b4d8-93954b6f371a/current/log_inprogress_0
2019-07-30 17:01:44,821 INFO  impl.FollowerState (FollowerState.java:run(106)) - d5199bd2-6ef3-4da1-b169-26e950609bd1:group-34021710CD1E changes to CANDIDATE, lastRpcTime:5160, electionTimeout:5160ms
2019-07-30 17:01:44,822 INFO  impl.RoleInfo (RoleInfo.java:shutdownFollowerState(121)) - d5199bd2-6ef3-4da1-b169-26e950609bd1: shutdown FollowerState
2019-07-30 17:01:44,822 INFO  impl.RaftServerImpl (RaftServerImpl.java:setRole(171)) - d5199bd2-6ef3-4da1-b169-26e950609bd1:group-34021710CD1E changes role from FOLLOWER to CANDIDATE at term 0 for changeToCandidate
2019-07-30 17:01:44,822 INFO  impl.RoleInfo (RoleInfo.java:updateAndGet(143)) - d5199bd2-6ef3-4da1-b169-26e950609bd1: start LeaderElection
2019-07-30 17:01:44,846 INFO  impl.LeaderElection (LeaderElection.java:askForVotes(181)) - d5199bd2-6ef3-4da1-b169-26e950609bd1:group-34021710CD1E:LeaderElection10: begin an election at term 1 for -1: [d5199bd2-6ef3-4da1-b169-26e950609bd1:192.168.69.86:43623], old=null
2019-07-30 17:01:44,848 INFO  impl.RoleInfo (RoleInfo.java:shutdownLeaderElection(134)) - d5199bd2-6ef3-4da1-b169-26e950609bd1: shutdown LeaderElection
2019-07-30 17:01:44,848 INFO  impl.RaftServerImpl (RaftServerImpl.java:setRole(171)) - d5199bd2-6ef3-4da1-b169-26e950609bd1:group-34021710CD1E changes role from CANDIDATE to LEADER at term 1 for changeToLeader
2019-07-30 17:01:44,848 INFO  impl.RaftServerImpl (ServerState.java:setLeader(263)) - d5199bd2-6ef3-4da1-b169-26e950609bd1:group-34021710CD1E change Leader from null to d5199bd2-6ef3-4da1-b169-26e950609bd1 at term 1 for becomeLeader, leader elected after 5192ms
2019-07-30 17:01:44,851 INFO  server.RaftServerConfigKeys (ConfUtils.java:logGet(43)) - raft.server.staging.catchup.gap = 1000 (default)
2019-07-30 17:01:44,851 INFO  server.RaftServerConfigKeys (ConfUtils.java:logGet(43)) - raft.server.rpc.sleep.time = 25ms (default)
2019-07-30 17:01:44,851 INFO  server.RaftServerConfigKeys (ConfUtils.java:logGet(43)) - raft.server.write.element-limit = 4096 (default)
2019-07-30 17:01:44,851 INFO  server.RaftServerConfigKeys (ConfUtils.java:logGet(43)) - raft.server.watch.timeout = 10s (default)
2019-07-30 17:01:44,852 INFO  server.RaftServerConfigKeys (ConfUtils.java:logGet(43)) - raft.server.watch.timeout.denomination = 1s (default)
2019-07-30 17:01:44,853 INFO  server.RaftServerConfigKeys (ConfUtils.java:logGet(43)) - raft.server.watch.element-limit = 65536 (default)
2019-07-30 17:01:44,853 INFO  impl.RoleInfo (RoleInfo.java:updateAndGet(143)) - d5199bd2-6ef3-4da1-b169-26e950609bd1: start LeaderState
2019-07-30 17:01:44,853 INFO  segmented.SegmentedRaftLogWorker (SegmentedRaftLogWorker.java:startLogSegment(380)) - d5199bd2-6ef3-4da1-b169-26e950609bd1-SegmentedRaftLogWorker:Storage Directory /workdir/hadoop-ozone/integration-test/target/test-dir/MiniOzoneClusterImpl-ab0d1113-2c98-470c-b755-65e3cfe9598a/datanode-2/data/ratis/c812f4d4-a713-4fb5-9d2c-34021710cd1e: Starting segment from index:0
2019-07-30 17:01:44,854 INFO  impl.RaftServerImpl (ServerState.java:setRaftConf(361)) - d5199bd2-6ef3-4da1-b169-26e950609bd1:group-34021710CD1E set configuration 0: [d5199bd2-6ef3-4da1-b169-26e950609bd1:192.168.69.86:43623], old=null at 0
2019-07-30 17:01:44,889 INFO  segmented.SegmentedRaftLogWorker (SegmentedRaftLogWorker.java:execute(569)) - d5199bd2-6ef3-4da1-b169-26e950609bd1-SegmentedRaftLogWorker:Storage Directory /workdir/hadoop-ozone/integration-test/target/test-dir/MiniOzoneClusterImpl-ab0d1113-2c98-470c-b755-65e3cfe9598a/datanode-2/data/ratis/c812f4d4-a713-4fb5-9d2c-34021710cd1e: created new log segment /workdir/hadoop-ozone/integration-test/target/test-dir/MiniOzoneClusterImpl-ab0d1113-2c98-470c-b755-65e3cfe9598a/datanode-2/data/ratis/c812f4d4-a713-4fb5-9d2c-34021710cd1e/current/log_inprogress_0
2019-07-30 17:01:44,889 INFO  impl.FollowerState (FollowerState.java:run(106)) - 42fbc686-10dc-4817-9274-e5dbca7f0bf7:group-D5C717CA08C2 changes to CANDIDATE, lastRpcTime:5096, electionTimeout:5096ms
2019-07-30 17:01:44,890 INFO  impl.RoleInfo (RoleInfo.java:shutdownFollowerState(121)) - 42fbc686-10dc-4817-9274-e5dbca7f0bf7: shutdown FollowerState
2019-07-30 17:01:44,890 INFO  impl.RaftServerImpl (RaftServerImpl.java:setRole(171)) - 42fbc686-10dc-4817-9274-e5dbca7f0bf7:group-D5C717CA08C2 changes role from FOLLOWER to CANDIDATE at term 0 for changeToCandidate
2019-07-30 17:01:44,890 INFO  impl.RoleInfo (RoleInfo.java:updateAndGet(143)) - 42fbc686-10dc-4817-9274-e5dbca7f0bf7: start LeaderElection
2019-07-30 17:01:44,909 INFO  impl.FollowerState (FollowerState.java:run(106)) - ee04969b-c7ae-4fed-b101-4bff2e1b58c9:group-D5C717CA08C2 changes to CANDIDATE, lastRpcTime:5129, electionTimeout:5129ms
2019-07-30 17:01:44,911 INFO  impl.RoleInfo (RoleInfo.java:shutdownFollowerState(121)) - ee04969b-c7ae-4fed-b101-4bff2e1b58c9: shutdown FollowerState
2019-07-30 17:01:44,911 INFO  impl.LeaderElection (LeaderElection.java:askForVotes(181)) - 42fbc686-10dc-4817-9274-e5dbca7f0bf7:group-D5C717CA08C2:LeaderElection11: begin an election at term 1 for -1: [ee04969b-c7ae-4fed-b101-4bff2e1b58c9:192.168.69.86:40540, 42fbc686-10dc-4817-9274-e5dbca7f0bf7:192.168.69.86:34282, d5199bd2-6ef3-4da1-b169-26e950609bd1:192.168.69.86:43623], old=null
2019-07-30 17:01:44,912 INFO  impl.RaftServerImpl (RaftServerImpl.java:setRole(171)) - ee04969b-c7ae-4fed-b101-4bff2e1b58c9:group-D5C717CA08C2 changes role from FOLLOWER to CANDIDATE at term 0 for changeToCandidate
2019-07-30 17:01:44,912 INFO  impl.RoleInfo (RoleInfo.java:updateAndGet(143)) - ee04969b-c7ae-4fed-b101-4bff2e1b58c9: start LeaderElection
2019-07-30 17:01:44,932 INFO  impl.LeaderElection (LeaderElection.java:askForVotes(181)) - ee04969b-c7ae-4fed-b101-4bff2e1b58c9:group-D5C717CA08C2:LeaderElection12: begin an election at term 1 for -1: [ee04969b-c7ae-4fed-b101-4bff2e1b58c9:192.168.69.86:40540, 42fbc686-10dc-4817-9274-e5dbca7f0bf7:192.168.69.86:34282, d5199bd2-6ef3-4da1-b169-26e950609bd1:192.168.69.86:43623], old=null
2019-07-30 17:01:44,936 INFO  impl.FollowerState (FollowerState.java:run(106)) - d5199bd2-6ef3-4da1-b169-26e950609bd1:group-D5C717CA08C2 changes to CANDIDATE, lastRpcTime:5142, electionTimeout:5142ms
2019-07-30 17:01:44,936 INFO  impl.RoleInfo (RoleInfo.java:shutdownFollowerState(121)) - d5199bd2-6ef3-4da1-b169-26e950609bd1: shutdown FollowerState
2019-07-30 17:01:44,936 INFO  impl.RaftServerImpl (RaftServerImpl.java:setRole(171)) - d5199bd2-6ef3-4da1-b169-26e950609bd1:group-D5C717CA08C2 changes role from FOLLOWER to CANDIDATE at term 0 for changeToCandidate
2019-07-30 17:01:44,936 INFO  impl.RoleInfo (RoleInfo.java:updateAndGet(143)) - d5199bd2-6ef3-4da1-b169-26e950609bd1: start LeaderElection
2019-07-30 17:01:44,991 INFO  impl.LeaderElection (LeaderElection.java:askForVotes(181)) - d5199bd2-6ef3-4da1-b169-26e950609bd1:group-D5C717CA08C2:LeaderElection13: begin an election at term 1 for -1: [ee04969b-c7ae-4fed-b101-4bff2e1b58c9:192.168.69.86:40540, 42fbc686-10dc-4817-9274-e5dbca7f0bf7:192.168.69.86:34282, d5199bd2-6ef3-4da1-b169-26e950609bd1:192.168.69.86:43623], old=null
2019-07-30 17:01:45,019 INFO  impl.LeaderElection (LeaderElection.java:logAndReturn(56)) - 42fbc686-10dc-4817-9274-e5dbca7f0bf7:group-D5C717CA08C2:LeaderElection11: Election REJECTED; received 2 response(s) [42fbc686-10dc-4817-9274-e5dbca7f0bf7<-ee04969b-c7ae-4fed-b101-4bff2e1b58c9#0:FAIL-t1, 42fbc686-10dc-4817-9274-e5dbca7f0bf7<-d5199bd2-6ef3-4da1-b169-26e950609bd1#0:FAIL-t1] and 0 exception(s); 42fbc686-10dc-4817-9274-e5dbca7f0bf7:t1, leader=null, voted=42fbc686-10dc-4817-9274-e5dbca7f0bf7, raftlog=42fbc686-10dc-4817-9274-e5dbca7f0bf7-SegmentedRaftLog:OPENED:c-1,f-1,i0, conf=-1: [ee04969b-c7ae-4fed-b101-4bff2e1b58c9:192.168.69.86:40540, 42fbc686-10dc-4817-9274-e5dbca7f0bf7:192.168.69.86:34282, d5199bd2-6ef3-4da1-b169-26e950609bd1:192.168.69.86:43623], old=null
2019-07-30 17:01:45,029 INFO  impl.RaftServerImpl (RaftServerImpl.java:setRole(171)) - 42fbc686-10dc-4817-9274-e5dbca7f0bf7:group-D5C717CA08C2 changes role from CANDIDATE to FOLLOWER at term 1 for DISCOVERED_A_NEW_TERM
2019-07-30 17:01:45,031 INFO  impl.RoleInfo (RoleInfo.java:shutdownLeaderElection(134)) - 42fbc686-10dc-4817-9274-e5dbca7f0bf7: shutdown LeaderElection
2019-07-30 17:01:45,029 INFO  impl.LeaderElection (LeaderElection.java:logAndReturn(56)) - ee04969b-c7ae-4fed-b101-4bff2e1b58c9:group-D5C717CA08C2:LeaderElection12: Election REJECTED; received 2 response(s) [ee04969b-c7ae-4fed-b101-4bff2e1b58c9<-42fbc686-10dc-4817-9274-e5dbca7f0bf7#0:FAIL-t1, ee04969b-c7ae-4fed-b101-4bff2e1b58c9<-d5199bd2-6ef3-4da1-b169-26e950609bd1#0:FAIL-t1] and 0 exception(s); ee04969b-c7ae-4fed-b101-4bff2e1b58c9:t1, leader=null, voted=ee04969b-c7ae-4fed-b101-4bff2e1b58c9, raftlog=ee04969b-c7ae-4fed-b101-4bff2e1b58c9-SegmentedRaftLog:OPENED:c-1,f-1,i0, conf=-1: [ee04969b-c7ae-4fed-b101-4bff2e1b58c9:192.168.69.86:40540, 42fbc686-10dc-4817-9274-e5dbca7f0bf7:192.168.69.86:34282, d5199bd2-6ef3-4da1-b169-26e950609bd1:192.168.69.86:43623], old=null
2019-07-30 17:01:45,033 INFO  impl.RoleInfo (RoleInfo.java:updateAndGet(143)) - 42fbc686-10dc-4817-9274-e5dbca7f0bf7: start FollowerState
2019-07-30 17:01:45,033 INFO  impl.RaftServerImpl (RaftServerImpl.java:setRole(171)) - ee04969b-c7ae-4fed-b101-4bff2e1b58c9:group-D5C717CA08C2 changes role from CANDIDATE to FOLLOWER at term 1 for DISCOVERED_A_NEW_TERM
2019-07-30 17:01:45,037 INFO  impl.RoleInfo (RoleInfo.java:shutdownLeaderElection(134)) - ee04969b-c7ae-4fed-b101-4bff2e1b58c9: shutdown LeaderElection
2019-07-30 17:01:45,044 INFO  impl.RoleInfo (RoleInfo.java:updateAndGet(143)) - ee04969b-c7ae-4fed-b101-4bff2e1b58c9: start FollowerState
2019-07-30 17:01:45,051 INFO  impl.LeaderElection (LeaderElection.java:logAndReturn(56)) - d5199bd2-6ef3-4da1-b169-26e950609bd1:group-D5C717CA08C2:LeaderElection13: Election REJECTED; received 2 response(s) [d5199bd2-6ef3-4da1-b169-26e950609bd1<-ee04969b-c7ae-4fed-b101-4bff2e1b58c9#0:FAIL-t1, d5199bd2-6ef3-4da1-b169-26e950609bd1<-42fbc686-10dc-4817-9274-e5dbca7f0bf7#0:FAIL-t1] and 0 exception(s); d5199bd2-6ef3-4da1-b169-26e950609bd1:t1, leader=null, voted=d5199bd2-6ef3-4da1-b169-26e950609bd1, raftlog=d5199bd2-6ef3-4da1-b169-26e950609bd1-SegmentedRaftLog:OPENED:c-1,f-1,i0, conf=-1: [ee04969b-c7ae-4fed-b101-4bff2e1b58c9:192.168.69.86:40540, 42fbc686-10dc-4817-9274-e5dbca7f0bf7:192.168.69.86:34282, d5199bd2-6ef3-4da1-b169-26e950609bd1:192.168.69.86:43623], old=null
2019-07-30 17:01:45,052 INFO  impl.RaftServerImpl (RaftServerImpl.java:setRole(171)) - d5199bd2-6ef3-4da1-b169-26e950609bd1:group-D5C717CA08C2 changes role from CANDIDATE to FOLLOWER at term 1 for DISCOVERED_A_NEW_TERM
2019-07-30 17:01:45,052 INFO  impl.RoleInfo (RoleInfo.java:shutdownLeaderElection(134)) - d5199bd2-6ef3-4da1-b169-26e950609bd1: shutdown LeaderElection
2019-07-30 17:01:45,052 INFO  impl.RoleInfo (RoleInfo.java:updateAndGet(143)) - d5199bd2-6ef3-4da1-b169-26e950609bd1: start FollowerState
2019-07-30 17:01:50,097 INFO  impl.FollowerState (FollowerState.java:run(106)) - ee04969b-c7ae-4fed-b101-4bff2e1b58c9:group-D5C717CA08C2 changes to CANDIDATE, lastRpcTime:5053, electionTimeout:5053ms
2019-07-30 17:01:50,103 INFO  impl.RoleInfo (RoleInfo.java:shutdownFollowerState(121)) - ee04969b-c7ae-4fed-b101-4bff2e1b58c9: shutdown FollowerState
2019-07-30 17:01:50,103 INFO  impl.RaftServerImpl (RaftServerImpl.java:setRole(171)) - ee04969b-c7ae-4fed-b101-4bff2e1b58c9:group-D5C717CA08C2 changes role from FOLLOWER to CANDIDATE at term 1 for changeToCandidate
2019-07-30 17:01:50,103 INFO  impl.RoleInfo (RoleInfo.java:updateAndGet(143)) - ee04969b-c7ae-4fed-b101-4bff2e1b58c9: start LeaderElection
2019-07-30 17:01:50,122 INFO  impl.LeaderElection (LeaderElection.java:askForVotes(181)) - ee04969b-c7ae-4fed-b101-4bff2e1b58c9:group-D5C717CA08C2:LeaderElection14: begin an election at term 2 for -1: [ee04969b-c7ae-4fed-b101-4bff2e1b58c9:192.168.69.86:40540, 42fbc686-10dc-4817-9274-e5dbca7f0bf7:192.168.69.86:34282, d5199bd2-6ef3-4da1-b169-26e950609bd1:192.168.69.86:43623], old=null
2019-07-30 17:01:50,147 INFO  impl.RaftServerImpl (RaftServerImpl.java:setRole(171)) - d5199bd2-6ef3-4da1-b169-26e950609bd1:group-D5C717CA08C2 changes role from FOLLOWER to FOLLOWER at term 2 for recognizeCandidate:ee04969b-c7ae-4fed-b101-4bff2e1b58c9
2019-07-30 17:01:50,147 INFO  impl.RaftServerImpl (RaftServerImpl.java:setRole(171)) - 42fbc686-10dc-4817-9274-e5dbca7f0bf7:group-D5C717CA08C2 changes role from FOLLOWER to FOLLOWER at term 2 for recognizeCandidate:ee04969b-c7ae-4fed-b101-4bff2e1b58c9
2019-07-30 17:01:50,147 INFO  impl.RoleInfo (RoleInfo.java:shutdownFollowerState(121)) - d5199bd2-6ef3-4da1-b169-26e950609bd1: shutdown FollowerState
2019-07-30 17:01:50,147 INFO  impl.RoleInfo (RoleInfo.java:shutdownFollowerState(121)) - 42fbc686-10dc-4817-9274-e5dbca7f0bf7: shutdown FollowerState
2019-07-30 17:01:50,148 INFO  impl.RoleInfo (RoleInfo.java:updateAndGet(143)) - d5199bd2-6ef3-4da1-b169-26e950609bd1: start FollowerState
2019-07-30 17:01:50,148 INFO  impl.FollowerState (FollowerState.java:run(114)) - 42fbc686-10dc-4817-9274-e5dbca7f0bf7: FollowerState was interrupted: java.lang.InterruptedException: sleep interrupted
2019-07-30 17:01:50,148 INFO  impl.FollowerState (FollowerState.java:run(114)) - d5199bd2-6ef3-4da1-b169-26e950609bd1: FollowerState was interrupted: java.lang.InterruptedException: sleep interrupted
2019-07-30 17:01:50,148 INFO  impl.RoleInfo (RoleInfo.java:updateAndGet(143)) - 42fbc686-10dc-4817-9274-e5dbca7f0bf7: start FollowerState
2019-07-30 17:01:50,171 INFO  impl.LeaderElection (LeaderElection.java:logAndReturn(56)) - ee04969b-c7ae-4fed-b101-4bff2e1b58c9:group-D5C717CA08C2:LeaderElection14: Election PASSED; received 1 response(s) [ee04969b-c7ae-4fed-b101-4bff2e1b58c9<-42fbc686-10dc-4817-9274-e5dbca7f0bf7#0:OK-t2] and 0 exception(s); ee04969b-c7ae-4fed-b101-4bff2e1b58c9:t2, leader=null, voted=ee04969b-c7ae-4fed-b101-4bff2e1b58c9, raftlog=ee04969b-c7ae-4fed-b101-4bff2e1b58c9-SegmentedRaftLog:OPENED:c-1,f-1,i0, conf=-1: [ee04969b-c7ae-4fed-b101-4bff2e1b58c9:192.168.69.86:40540, 42fbc686-10dc-4817-9274-e5dbca7f0bf7:192.168.69.86:34282, d5199bd2-6ef3-4da1-b169-26e950609bd1:192.168.69.86:43623], old=null
2019-07-30 17:01:50,171 INFO  impl.RoleInfo (RoleInfo.java:shutdownLeaderElection(134)) - ee04969b-c7ae-4fed-b101-4bff2e1b58c9: shutdown LeaderElection
2019-07-30 17:01:50,174 INFO  impl.RaftServerImpl (RaftServerImpl.java:setRole(171)) - ee04969b-c7ae-4fed-b101-4bff2e1b58c9:group-D5C717CA08C2 changes role from CANDIDATE to LEADER at term 2 for changeToLeader
2019-07-30 17:01:50,174 INFO  impl.RaftServerImpl (ServerState.java:setLeader(263)) - ee04969b-c7ae-4fed-b101-4bff2e1b58c9:group-D5C717CA08C2 change Leader from null to ee04969b-c7ae-4fed-b101-4bff2e1b58c9 at term 2 for becomeLeader, leader elected after 10418ms
2019-07-30 17:01:50,174 INFO  server.RaftServerConfigKeys (ConfUtils.java:logGet(43)) - raft.server.staging.catchup.gap = 1000 (default)
2019-07-30 17:01:50,174 INFO  server.RaftServerConfigKeys (ConfUtils.java:logGet(43)) - raft.server.rpc.sleep.time = 25ms (default)
2019-07-30 17:01:50,175 INFO  server.RaftServerConfigKeys (ConfUtils.java:logGet(43)) - raft.server.write.element-limit = 4096 (default)
2019-07-30 17:01:50,175 INFO  server.RaftServerConfigKeys (ConfUtils.java:logGet(43)) - raft.server.watch.timeout = 10s (default)
2019-07-30 17:01:50,175 INFO  server.RaftServerConfigKeys (ConfUtils.java:logGet(43)) - raft.server.watch.timeout.denomination = 1s (default)
2019-07-30 17:01:50,175 INFO  server.RaftServerConfigKeys (ConfUtils.java:logGet(43)) - raft.server.watch.element-limit = 65536 (default)
2019-07-30 17:01:50,179 INFO  server.RaftServerConfigKeys (ConfUtils.java:logGet(43)) - raft.server.log.appender.snapshot.chunk.size.max = 16MB (=16777216) (default)
2019-07-30 17:01:50,179 INFO  server.RaftServerConfigKeys (ConfUtils.java:logGet(43)) - raft.server.log.appender.buffer.byte-limit = 33554432 (custom)
2019-07-30 17:01:50,180 INFO  server.RaftServerConfigKeys (ConfUtils.java:logGet(43)) - raft.server.log.appender.buffer.element-limit = 1 (custom)
2019-07-30 17:01:50,184 INFO  grpc.GrpcConfigKeys$Server (ConfUtils.java:logGet(43)) - raft.grpc.server.leader.outstanding.appends.max = 128 (default)
2019-07-30 17:01:50,184 INFO  server.RaftServerConfigKeys (ConfUtils.java:logGet(43)) - raft.server.rpc.request.timeout = 3000ms (default)
2019-07-30 17:01:50,185 INFO  server.RaftServerConfigKeys (ConfUtils.java:logGet(43)) - raft.server.log.appender.install.snapshot.enabled = false (custom)
2019-07-30 17:01:50,185 INFO  server.RaftServerConfigKeys (ConfUtils.java:logGet(43)) - raft.server.log.appender.snapshot.chunk.size.max = 16MB (=16777216) (default)
2019-07-30 17:01:50,185 INFO  server.RaftServerConfigKeys (ConfUtils.java:logGet(43)) - raft.server.log.appender.buffer.byte-limit = 33554432 (custom)
2019-07-30 17:01:50,185 INFO  server.RaftServerConfigKeys (ConfUtils.java:logGet(43)) - raft.server.log.appender.buffer.element-limit = 1 (custom)
2019-07-30 17:01:50,186 INFO  grpc.GrpcConfigKeys$Server (ConfUtils.java:logGet(43)) - raft.grpc.server.leader.outstanding.appends.max = 128 (default)
2019-07-30 17:01:50,186 INFO  server.RaftServerConfigKeys (ConfUtils.java:logGet(43)) - raft.server.rpc.request.timeout = 3000ms (default)
2019-07-30 17:01:50,186 INFO  server.RaftServerConfigKeys (ConfUtils.java:logGet(43)) - raft.server.log.appender.install.snapshot.enabled = false (custom)
2019-07-30 17:01:50,191 INFO  impl.RoleInfo (RoleInfo.java:updateAndGet(143)) - ee04969b-c7ae-4fed-b101-4bff2e1b58c9: start LeaderState
2019-07-30 17:01:50,191 INFO  segmented.SegmentedRaftLogWorker (SegmentedRaftLogWorker.java:startLogSegment(380)) - ee04969b-c7ae-4fed-b101-4bff2e1b58c9-SegmentedRaftLogWorker:Storage Directory /workdir/hadoop-ozone/integration-test/target/test-dir/MiniOzoneClusterImpl-ab0d1113-2c98-470c-b755-65e3cfe9598a/datanode-0/data/ratis/1b6374ee-6a2a-4e77-bf20-d5c717ca08c2: Starting segment from index:0
2019-07-30 17:01:50,192 INFO  impl.RaftServerImpl (ServerState.java:setRaftConf(361)) - ee04969b-c7ae-4fed-b101-4bff2e1b58c9:group-D5C717CA08C2 set configuration 0: [ee04969b-c7ae-4fed-b101-4bff2e1b58c9:192.168.69.86:40540, 42fbc686-10dc-4817-9274-e5dbca7f0bf7:192.168.69.86:34282, d5199bd2-6ef3-4da1-b169-26e950609bd1:192.168.69.86:43623], old=null at 0
2019-07-30 17:01:50,225 INFO  segmented.SegmentedRaftLogWorker (SegmentedRaftLogWorker.java:execute(569)) - ee04969b-c7ae-4fed-b101-4bff2e1b58c9-SegmentedRaftLogWorker:Storage Directory /workdir/hadoop-ozone/integration-test/target/test-dir/MiniOzoneClusterImpl-ab0d1113-2c98-470c-b755-65e3cfe9598a/datanode-0/data/ratis/1b6374ee-6a2a-4e77-bf20-d5c717ca08c2: created new log segment /workdir/hadoop-ozone/integration-test/target/test-dir/MiniOzoneClusterImpl-ab0d1113-2c98-470c-b755-65e3cfe9598a/datanode-0/data/ratis/1b6374ee-6a2a-4e77-bf20-d5c717ca08c2/current/log_inprogress_0
2019-07-30 17:01:50,245 INFO  impl.RaftServerImpl (ServerState.java:setLeader(263)) - d5199bd2-6ef3-4da1-b169-26e950609bd1:group-D5C717CA08C2 change Leader from null to ee04969b-c7ae-4fed-b101-4bff2e1b58c9 at term 2 for appendEntries, leader elected after 10489ms
2019-07-30 17:01:50,245 INFO  impl.RaftServerImpl (ServerState.java:setLeader(263)) - 42fbc686-10dc-4817-9274-e5dbca7f0bf7:group-D5C717CA08C2 change Leader from null to ee04969b-c7ae-4fed-b101-4bff2e1b58c9 at term 2 for appendEntries, leader elected after 10489ms
2019-07-30 17:01:50,290 INFO  impl.RaftServerImpl (ServerState.java:setRaftConf(361)) - d5199bd2-6ef3-4da1-b169-26e950609bd1:group-D5C717CA08C2 set configuration 0: [ee04969b-c7ae-4fed-b101-4bff2e1b58c9:192.168.69.86:40540, 42fbc686-10dc-4817-9274-e5dbca7f0bf7:192.168.69.86:34282, d5199bd2-6ef3-4da1-b169-26e950609bd1:192.168.69.86:43623], old=null at 0
2019-07-30 17:01:50,290 INFO  impl.RaftServerImpl (ServerState.java:setRaftConf(361)) - 42fbc686-10dc-4817-9274-e5dbca7f0bf7:group-D5C717CA08C2 set configuration 0: [ee04969b-c7ae-4fed-b101-4bff2e1b58c9:192.168.69.86:40540, 42fbc686-10dc-4817-9274-e5dbca7f0bf7:192.168.69.86:34282, d5199bd2-6ef3-4da1-b169-26e950609bd1:192.168.69.86:43623], old=null at 0
2019-07-30 17:01:50,290 INFO  segmented.SegmentedRaftLogWorker (SegmentedRaftLogWorker.java:startLogSegment(380)) - d5199bd2-6ef3-4da1-b169-26e950609bd1-SegmentedRaftLogWorker:Storage Directory /workdir/hadoop-ozone/integration-test/target/test-dir/MiniOzoneClusterImpl-ab0d1113-2c98-470c-b755-65e3cfe9598a/datanode-2/data/ratis/1b6374ee-6a2a-4e77-bf20-d5c717ca08c2: Starting segment from index:0
2019-07-30 17:01:50,291 INFO  segmented.SegmentedRaftLogWorker (SegmentedRaftLogWorker.java:startLogSegment(380)) - 42fbc686-10dc-4817-9274-e5dbca7f0bf7-SegmentedRaftLogWorker:Storage Directory /workdir/hadoop-ozone/integration-test/target/test-dir/MiniOzoneClusterImpl-ab0d1113-2c98-470c-b755-65e3cfe9598a/datanode-1/data/ratis/1b6374ee-6a2a-4e77-bf20-d5c717ca08c2: Starting segment from index:0
2019-07-30 17:01:50,319 INFO  segmented.SegmentedRaftLogWorker (SegmentedRaftLogWorker.java:execute(569)) - 42fbc686-10dc-4817-9274-e5dbca7f0bf7-SegmentedRaftLogWorker:Storage Directory /workdir/hadoop-ozone/integration-test/target/test-dir/MiniOzoneClusterImpl-ab0d1113-2c98-470c-b755-65e3cfe9598a/datanode-1/data/ratis/1b6374ee-6a2a-4e77-bf20-d5c717ca08c2: created new log segment /workdir/hadoop-ozone/integration-test/target/test-dir/MiniOzoneClusterImpl-ab0d1113-2c98-470c-b755-65e3cfe9598a/datanode-1/data/ratis/1b6374ee-6a2a-4e77-bf20-d5c717ca08c2/current/log_inprogress_0
2019-07-30 17:01:50,319 INFO  segmented.SegmentedRaftLogWorker (SegmentedRaftLogWorker.java:execute(569)) - d5199bd2-6ef3-4da1-b169-26e950609bd1-SegmentedRaftLogWorker:Storage Directory /workdir/hadoop-ozone/integration-test/target/test-dir/MiniOzoneClusterImpl-ab0d1113-2c98-470c-b755-65e3cfe9598a/datanode-2/data/ratis/1b6374ee-6a2a-4e77-bf20-d5c717ca08c2: created new log segment /workdir/hadoop-ozone/integration-test/target/test-dir/MiniOzoneClusterImpl-ab0d1113-2c98-470c-b755-65e3cfe9598a/datanode-2/data/ratis/1b6374ee-6a2a-4e77-bf20-d5c717ca08c2/current/log_inprogress_0
2019-07-30 17:01:52,594 INFO  ozone.MiniOzoneClusterImpl (MiniOzoneClusterImpl.java:shutdown(321)) - Shutting down the Mini Ozone Cluster
2019-07-30 17:01:52,597 INFO  ozone.MiniOzoneClusterImpl (MiniOzoneClusterImpl.java:stop(336)) - Stopping the Mini Ozone Cluster
2019-07-30 17:01:52,597 INFO  ozone.MiniOzoneClusterImpl (MiniOzoneClusterImpl.java:stop(338)) - Stopping the OzoneManager
2019-07-30 17:01:52,597 INFO  ipc.Server (Server.java:stop(3082)) - Stopping server on 45427
2019-07-30 17:01:52,601 INFO  ipc.Server (Server.java:run(1185)) - Stopping IPC Server listener on 45427
2019-07-30 17:01:52,602 INFO  ipc.Server (Server.java:run(1319)) - Stopping IPC Server Responder
2019-07-30 17:01:52,604 INFO  utils.BackgroundService (BackgroundService.java:shutdown(148)) - Shutting down service KeyDeletingService
2019-07-30 17:01:52,609 INFO  handler.ContextHandler (ContextHandler.java:doStop(910)) - Stopped o.e.j.w.WebAppContext@587bf255{/,null,UNAVAILABLE}{/ozoneManager}
2019-07-30 17:01:52,610 INFO  server.AbstractConnector (AbstractConnector.java:doStop(318)) - Stopped ServerConnector@13e41f4a{HTTP/1.1,[http/1.1]}{0.0.0.0:0}
2019-07-30 17:01:52,610 INFO  handler.ContextHandler (ContextHandler.java:doStop(910)) - Stopped o.e.j.s.ServletContextHandler@67c2613b{/static,file:///workdir/hadoop-ozone/integration-test/target/test-classes/webapps/static,UNAVAILABLE}
2019-07-30 17:01:52,611 INFO  handler.ContextHandler (ContextHandler.java:doStop(910)) - Stopped o.e.j.s.ServletContextHandler@3134803e{/logs,file:///workdir/hadoop-ozone/integration-test/target/log,UNAVAILABLE}
2019-07-30 17:01:52,613 INFO  ozone.MiniOzoneClusterImpl (MiniOzoneClusterImpl.java:stop(344)) - Shutting the HddsDatanodes
2019-07-30 17:01:52,613 INFO  datanode.ObjectStoreHandler (ObjectStoreHandler.java:close(155)) - Closing ObjectStoreHandler.
2019-07-30 17:01:52,613 INFO  datanode.ObjectStoreHandler (ObjectStoreHandler.java:close(155)) - Closing ObjectStoreHandler.
2019-07-30 17:01:52,614 INFO  ozone.HddsDatanodeService (HddsDatanodeService.java:stop(451)) - Stopped plug-in org.apache.hadoop.ozone.web.OzoneHddsDatanodeService@5e2dc436
2019-07-30 17:01:52,614 INFO  ozone.HddsDatanodeService (HddsDatanodeService.java:stop(451)) - Stopped plug-in org.apache.hadoop.ozone.web.OzoneHddsDatanodeService@170a8af2
2019-07-30 17:01:53,216 INFO  statemachine.DatanodeStateMachine (DatanodeStateMachine.java:lambda$startDaemon$0(350)) - Ozone container server started.
2019-07-30 17:01:53,396 INFO  statemachine.DatanodeStateMachine (DatanodeStateMachine.java:lambda$startDaemon$0(350)) - Ozone container server started.
2019-07-30 17:01:57,615 INFO  ozoneimpl.OzoneContainer (OzoneContainer.java:stop(199)) - Attempting to stop container services.
2019-07-30 17:01:57,615 INFO  ozoneimpl.OzoneContainer (OzoneContainer.java:stop(199)) - Attempting to stop container services.
2019-07-30 17:01:57,616 INFO  impl.RaftServerProxy (RaftServerProxy.java:lambda$close$4(314)) - ee04969b-c7ae-4fed-b101-4bff2e1b58c9: close
2019-07-30 17:01:57,616 INFO  impl.RaftServerProxy (RaftServerProxy.java:lambda$close$4(314)) - 42fbc686-10dc-4817-9274-e5dbca7f0bf7: close
2019-07-30 17:01:57,616 INFO  impl.RaftServerImpl (RaftServerImpl.java:lambda$shutdown$3(245)) - ee04969b-c7ae-4fed-b101-4bff2e1b58c9: shutdown group-ED9053B01BBB
2019-07-30 17:01:57,616 INFO  impl.RaftServerImpl (RaftServerImpl.java:lambda$shutdown$3(245)) - 42fbc686-10dc-4817-9274-e5dbca7f0bf7: shutdown group-93954B6F371A
2019-07-30 17:01:57,617 INFO  util.JmxRegister (JmxRegister.java:unregister(73)) - Successfully un-registered JMX Bean with object name Ratis:service=RaftServer,group=group-ED9053B01BBB,id=ee04969b-c7ae-4fed-b101-4bff2e1b58c9
2019-07-30 17:01:57,617 INFO  util.JmxRegister (JmxRegister.java:unregister(73)) - Successfully un-registered JMX Bean with object name Ratis:service=RaftServer,group=group-93954B6F371A,id=42fbc686-10dc-4817-9274-e5dbca7f0bf7
2019-07-30 17:01:57,618 INFO  impl.RoleInfo (RoleInfo.java:shutdownLeaderState(104)) - 42fbc686-10dc-4817-9274-e5dbca7f0bf7: shutdown LeaderState
2019-07-30 17:01:57,617 INFO  impl.RoleInfo (RoleInfo.java:shutdownLeaderState(104)) - ee04969b-c7ae-4fed-b101-4bff2e1b58c9: shutdown LeaderState
2019-07-30 17:01:57,618 INFO  impl.PendingRequests (PendingRequests.java:sendNotLeaderResponses(202)) - 42fbc686-10dc-4817-9274-e5dbca7f0bf7-PendingRequests: sendNotLeaderResponses
2019-07-30 17:01:57,618 INFO  impl.PendingRequests (PendingRequests.java:sendNotLeaderResponses(202)) - ee04969b-c7ae-4fed-b101-4bff2e1b58c9-PendingRequests: sendNotLeaderResponses
2019-07-30 17:01:57,619 INFO  impl.StateMachineUpdater (StateMachineUpdater.java:stopAndJoin(115)) - StateMachineUpdater:42fbc686-10dc-4817-9274-e5dbca7f0bf7:group-93954B6F371A: set stopIndex = 0
2019-07-30 17:01:57,619 INFO  impl.StateMachineUpdater (StateMachineUpdater.java:stopAndJoin(115)) - StateMachineUpdater:ee04969b-c7ae-4fed-b101-4bff2e1b58c9:group-ED9053B01BBB: set stopIndex = 0
2019-07-30 17:01:57,619 INFO  impl.RaftServerImpl (ServerState.java:close(394)) - 42fbc686-10dc-4817-9274-e5dbca7f0bf7:group-93954B6F371A closes. The last applied log index is 0
2019-07-30 17:01:57,620 INFO  impl.RaftServerImpl (ServerState.java:close(394)) - ee04969b-c7ae-4fed-b101-4bff2e1b58c9:group-ED9053B01BBB closes. The last applied log index is 0
2019-07-30 17:01:57,620 INFO  segmented.SegmentedRaftLogWorker (SegmentedRaftLogWorker.java:run(313)) - 42fbc686-10dc-4817-9274-e5dbca7f0bf7-SegmentedRaftLogWorker:Storage Directory /workdir/hadoop-ozone/integration-test/target/test-dir/MiniOzoneClusterImpl-ab0d1113-2c98-470c-b755-65e3cfe9598a/datanode-1/data/ratis/3819678d-7c49-48a2-b4d8-93954b6f371a was interrupted, exiting. There are 0 tasks remaining in the queue.
2019-07-30 17:01:57,620 INFO  segmented.SegmentedRaftLogWorker (SegmentedRaftLogWorker.java:run(313)) - ee04969b-c7ae-4fed-b101-4bff2e1b58c9-SegmentedRaftLogWorker:Storage Directory /workdir/hadoop-ozone/integration-test/target/test-dir/MiniOzoneClusterImpl-ab0d1113-2c98-470c-b755-65e3cfe9598a/datanode-0/data/ratis/8ff272a3-0b3a-4cb5-9964-ed9053b01bbb was interrupted, exiting. There are 0 tasks remaining in the queue.
2019-07-30 17:01:57,625 INFO  segmented.SegmentedRaftLogWorker (SegmentedRaftLogWorker.java:close(228)) - 42fbc686-10dc-4817-9274-e5dbca7f0bf7-SegmentedRaftLogWorker:Storage Directory /workdir/hadoop-ozone/integration-test/target/test-dir/MiniOzoneClusterImpl-ab0d1113-2c98-470c-b755-65e3cfe9598a/datanode-1/data/ratis/3819678d-7c49-48a2-b4d8-93954b6f371a close()
2019-07-30 17:01:57,625 INFO  segmented.SegmentedRaftLogWorker (SegmentedRaftLogWorker.java:close(228)) - ee04969b-c7ae-4fed-b101-4bff2e1b58c9-SegmentedRaftLogWorker:Storage Directory /workdir/hadoop-ozone/integration-test/target/test-dir/MiniOzoneClusterImpl-ab0d1113-2c98-470c-b755-65e3cfe9598a/datanode-0/data/ratis/8ff272a3-0b3a-4cb5-9964-ed9053b01bbb close()
2019-07-30 17:01:57,630 INFO  impl.RaftServerImpl (RaftServerImpl.java:lambda$shutdown$3(245)) - 42fbc686-10dc-4817-9274-e5dbca7f0bf7: shutdown group-D5C717CA08C2
2019-07-30 17:01:57,635 INFO  impl.RaftServerImpl (RaftServerImpl.java:lambda$shutdown$3(245)) - ee04969b-c7ae-4fed-b101-4bff2e1b58c9: shutdown group-D5C717CA08C2
2019-07-30 17:01:57,635 INFO  util.JmxRegister (JmxRegister.java:unregister(73)) - Successfully un-registered JMX Bean with object name Ratis:service=RaftServer,group=group-D5C717CA08C2,id=42fbc686-10dc-4817-9274-e5dbca7f0bf7
2019-07-30 17:01:57,636 INFO  impl.RoleInfo (RoleInfo.java:shutdownFollowerState(121)) - 42fbc686-10dc-4817-9274-e5dbca7f0bf7: shutdown FollowerState
2019-07-30 17:01:57,635 INFO  util.JmxRegister (JmxRegister.java:unregister(73)) - Successfully un-registered JMX Bean with object name Ratis:service=RaftServer,group=group-D5C717CA08C2,id=ee04969b-c7ae-4fed-b101-4bff2e1b58c9
2019-07-30 17:01:57,636 INFO  impl.FollowerState (FollowerState.java:run(114)) - 42fbc686-10dc-4817-9274-e5dbca7f0bf7: FollowerState was interrupted: java.lang.InterruptedException: sleep interrupted
2019-07-30 17:01:57,636 INFO  impl.StateMachineUpdater (StateMachineUpdater.java:stopAndJoin(115)) - StateMachineUpdater:42fbc686-10dc-4817-9274-e5dbca7f0bf7:group-D5C717CA08C2: set stopIndex = 0
2019-07-30 17:01:57,639 INFO  impl.RaftServerImpl (ServerState.java:close(394)) - 42fbc686-10dc-4817-9274-e5dbca7f0bf7:group-D5C717CA08C2 closes. The last applied log index is 0
2019-07-30 17:01:57,636 INFO  impl.RoleInfo (RoleInfo.java:shutdownLeaderState(104)) - ee04969b-c7ae-4fed-b101-4bff2e1b58c9: shutdown LeaderState
2019-07-30 17:01:57,639 INFO  segmented.SegmentedRaftLogWorker (SegmentedRaftLogWorker.java:run(313)) - 42fbc686-10dc-4817-9274-e5dbca7f0bf7-SegmentedRaftLogWorker:Storage Directory /workdir/hadoop-ozone/integration-test/target/test-dir/MiniOzoneClusterImpl-ab0d1113-2c98-470c-b755-65e3cfe9598a/datanode-1/data/ratis/1b6374ee-6a2a-4e77-bf20-d5c717ca08c2 was interrupted, exiting. There are 0 tasks remaining in the queue.
2019-07-30 17:01:57,644 INFO  impl.PendingRequests (PendingRequests.java:sendNotLeaderResponses(202)) - ee04969b-c7ae-4fed-b101-4bff2e1b58c9-PendingRequests: sendNotLeaderResponses
2019-07-30 17:01:57,644 WARN  server.GrpcLogAppender (GrpcLogAppender.java:mayWait(143)) - GrpcLogAppender(ee04969b-c7ae-4fed-b101-4bff2e1b58c9->d5199bd2-6ef3-4da1-b169-26e950609bd1): Wait interrupted by java.lang.InterruptedException
2019-07-30 17:01:57,644 INFO  segmented.SegmentedRaftLogWorker (SegmentedRaftLogWorker.java:close(228)) - 42fbc686-10dc-4817-9274-e5dbca7f0bf7-SegmentedRaftLogWorker:Storage Directory /workdir/hadoop-ozone/integration-test/target/test-dir/MiniOzoneClusterImpl-ab0d1113-2c98-470c-b755-65e3cfe9598a/datanode-1/data/ratis/1b6374ee-6a2a-4e77-bf20-d5c717ca08c2 close()
2019-07-30 17:01:57,644 WARN  server.GrpcLogAppender (GrpcLogAppender.java:mayWait(143)) - GrpcLogAppender(ee04969b-c7ae-4fed-b101-4bff2e1b58c9->42fbc686-10dc-4817-9274-e5dbca7f0bf7): Wait interrupted by java.lang.InterruptedException
2019-07-30 17:01:57,651 INFO  server.GrpcService (GrpcService.java:closeImpl(155)) - 42fbc686-10dc-4817-9274-e5dbca7f0bf7: shutdown server with port 34282 now
2019-07-30 17:01:57,646 INFO  impl.StateMachineUpdater (StateMachineUpdater.java:stopAndJoin(115)) - StateMachineUpdater:ee04969b-c7ae-4fed-b101-4bff2e1b58c9:group-D5C717CA08C2: set stopIndex = 0
2019-07-30 17:01:57,658 INFO  impl.RaftServerImpl (ServerState.java:close(394)) - ee04969b-c7ae-4fed-b101-4bff2e1b58c9:group-D5C717CA08C2 closes. The last applied log index is 0
2019-07-30 17:01:57,658 INFO  segmented.SegmentedRaftLogWorker (SegmentedRaftLogWorker.java:run(313)) - ee04969b-c7ae-4fed-b101-4bff2e1b58c9-SegmentedRaftLogWorker:Storage Directory /workdir/hadoop-ozone/integration-test/target/test-dir/MiniOzoneClusterImpl-ab0d1113-2c98-470c-b755-65e3cfe9598a/datanode-0/data/ratis/1b6374ee-6a2a-4e77-bf20-d5c717ca08c2 was interrupted, exiting. There are 0 tasks remaining in the queue.
2019-07-30 17:01:57,658 INFO  server.GrpcServerProtocolService (GrpcServerProtocolService.java:onCompleted(104)) - 42fbc686-10dc-4817-9274-e5dbca7f0bf7: appendEntries completed
2019-07-30 17:01:57,661 INFO  segmented.SegmentedRaftLogWorker (SegmentedRaftLogWorker.java:close(228)) - ee04969b-c7ae-4fed-b101-4bff2e1b58c9-SegmentedRaftLogWorker:Storage Directory /workdir/hadoop-ozone/integration-test/target/test-dir/MiniOzoneClusterImpl-ab0d1113-2c98-470c-b755-65e3cfe9598a/datanode-0/data/ratis/1b6374ee-6a2a-4e77-bf20-d5c717ca08c2 close()
2019-07-30 17:01:57,665 INFO  server.GrpcService (GrpcService.java:closeImpl(155)) - ee04969b-c7ae-4fed-b101-4bff2e1b58c9: shutdown server with port 40540 now
2019-07-30 17:01:57,675 INFO  server.GrpcLogAppender (GrpcLogAppender.java:onError(281)) - GrpcLogAppender(ee04969b-c7ae-4fed-b101-4bff2e1b58c9->d5199bd2-6ef3-4da1-b169-26e950609bd1) is stopped
2019-07-30 17:01:57,675 INFO  server.GrpcLogAppender (GrpcLogAppender.java:onError(281)) - GrpcLogAppender(ee04969b-c7ae-4fed-b101-4bff2e1b58c9->42fbc686-10dc-4817-9274-e5dbca7f0bf7) is stopped
2019-07-30 17:01:57,676 INFO  server.GrpcService (GrpcService.java:closeImpl(163)) - 42fbc686-10dc-4817-9274-e5dbca7f0bf7: shutdown server with port 34282 successfully
2019-07-30 17:01:57,677 INFO  server.GrpcServerProtocolService (GrpcServerProtocolService.java:onCompleted(104)) - d5199bd2-6ef3-4da1-b169-26e950609bd1: appendEntries completed
2019-07-30 17:01:57,681 INFO  server.GrpcService (GrpcService.java:closeImpl(163)) - ee04969b-c7ae-4fed-b101-4bff2e1b58c9: shutdown server with port 40540 successfully
2019-07-30 17:01:57,683 INFO  utils.BackgroundService (BackgroundService.java:shutdown(148)) - Shutting down service BlockDeletingService
2019-07-30 17:01:57,684 INFO  utils.BackgroundService (BackgroundService.java:shutdown(148)) - Shutting down service BlockDeletingService
2019-07-30 17:01:57,687 WARN  fs.CachingGetSpaceUsed (CachingGetSpaceUsed.java:run(183)) - Thread Interrupted waiting to refresh disk information: sleep interrupted
2019-07-30 17:01:57,687 WARN  fs.CachingGetSpaceUsed (CachingGetSpaceUsed.java:run(183)) - Thread Interrupted waiting to refresh disk information: sleep interrupted
2019-07-30 17:01:57,709 INFO  statemachine.DatanodeStateMachine (DatanodeStateMachine.java:stopDaemon(395)) - Ozone container server stopped.
2019-07-30 17:01:57,714 INFO  handler.ContextHandler (ContextHandler.java:doStop(910)) - Stopped o.e.j.w.WebAppContext@69eb9b96{/,null,UNAVAILABLE}{/hddsDatanode}
2019-07-30 17:01:57,714 INFO  server.AbstractConnector (AbstractConnector.java:doStop(318)) - Stopped ServerConnector@5d89c56f{HTTP/1.1,[http/1.1]}{0.0.0.0:0}
2019-07-30 17:01:57,716 INFO  handler.ContextHandler (ContextHandler.java:doStop(910)) - Stopped o.e.j.s.ServletContextHandler@42e6693b{/static,jar:file:/home/user/.m2/repository/org/apache/hadoop/hadoop-hdds-container-service/0.4.1-SNAPSHOT/hadoop-hdds-container-service-0.4.1-SNAPSHOT.jar!/webapps/static,UNAVAILABLE}
2019-07-30 17:01:57,717 INFO  handler.ContextHandler (ContextHandler.java:doStop(910)) - Stopped o.e.j.s.ServletContextHandler@437aa1ac{/logs,file:///workdir/hadoop-ozone/integration-test/target/log,UNAVAILABLE}
2019-07-30 17:01:57,722 INFO  statemachine.DatanodeStateMachine (DatanodeStateMachine.java:stopDaemon(395)) - Ozone container server stopped.
2019-07-30 17:01:57,722 INFO  datanode.ObjectStoreHandler (ObjectStoreHandler.java:close(155)) - Closing ObjectStoreHandler.
2019-07-30 17:01:57,723 INFO  handler.ContextHandler (ContextHandler.java:doStop(910)) - Stopped o.e.j.w.WebAppContext@725b4f1{/,null,UNAVAILABLE}{/hddsDatanode}
2019-07-30 17:01:57,723 INFO  ozone.HddsDatanodeService (HddsDatanodeService.java:stop(451)) - Stopped plug-in org.apache.hadoop.ozone.web.OzoneHddsDatanodeService@4b392ac3
2019-07-30 17:01:57,724 INFO  server.AbstractConnector (AbstractConnector.java:doStop(318)) - Stopped ServerConnector@3c6a7b40{HTTP/1.1,[http/1.1]}{0.0.0.0:0}
2019-07-30 17:01:57,725 INFO  handler.ContextHandler (ContextHandler.java:doStop(910)) - Stopped o.e.j.s.ServletContextHandler@1f3c099f{/static,jar:file:/home/user/.m2/repository/org/apache/hadoop/hadoop-hdds-container-service/0.4.1-SNAPSHOT/hadoop-hdds-container-service-0.4.1-SNAPSHOT.jar!/webapps/static,UNAVAILABLE}
2019-07-30 17:01:57,725 INFO  handler.ContextHandler (ContextHandler.java:doStop(910)) - Stopped o.e.j.s.ServletContextHandler@2299dce8{/logs,file:///workdir/hadoop-ozone/integration-test/target/log,UNAVAILABLE}
2019-07-30 17:01:58,604 INFO  statemachine.DatanodeStateMachine (DatanodeStateMachine.java:lambda$startDaemon$0(350)) - Ozone container server started.
2019-07-30 17:02:00,423 INFO  impl.FollowerState (FollowerState.java:run(106)) - d5199bd2-6ef3-4da1-b169-26e950609bd1:group-D5C717CA08C2 changes to CANDIDATE, lastRpcTime:5076, electionTimeout:5075ms
2019-07-30 17:02:00,423 INFO  impl.RoleInfo (RoleInfo.java:shutdownFollowerState(121)) - d5199bd2-6ef3-4da1-b169-26e950609bd1: shutdown FollowerState
2019-07-30 17:02:00,423 INFO  impl.RaftServerImpl (RaftServerImpl.java:setRole(171)) - d5199bd2-6ef3-4da1-b169-26e950609bd1:group-D5C717CA08C2 changes role from FOLLOWER to CANDIDATE at term 2 for changeToCandidate
2019-07-30 17:02:00,423 INFO  impl.RoleInfo (RoleInfo.java:updateAndGet(143)) - d5199bd2-6ef3-4da1-b169-26e950609bd1: start LeaderElection
2019-07-30 17:02:00,426 INFO  impl.RaftServerImpl (ServerState.java:setLeader(263)) - d5199bd2-6ef3-4da1-b169-26e950609bd1:group-D5C717CA08C2 change Leader from ee04969b-c7ae-4fed-b101-4bff2e1b58c9 to null at term 2 for initElection
2019-07-30 17:02:00,453 INFO  impl.LeaderElection (LeaderElection.java:askForVotes(181)) - d5199bd2-6ef3-4da1-b169-26e950609bd1:group-D5C717CA08C2:LeaderElection15: begin an election at term 3 for 0: [ee04969b-c7ae-4fed-b101-4bff2e1b58c9:192.168.69.86:40540, 42fbc686-10dc-4817-9274-e5dbca7f0bf7:192.168.69.86:34282, d5199bd2-6ef3-4da1-b169-26e950609bd1:192.168.69.86:43623], old=null
2019-07-30 17:02:00,473 INFO  impl.LeaderElection (LogUtils.java:infoOrTrace(149)) - d5199bd2-6ef3-4da1-b169-26e950609bd1:group-D5C717CA08C2:LeaderElection15 got exception when requesting votes: {}
java.util.concurrent.ExecutionException: org.apache.ratis.thirdparty.io.grpc.StatusRuntimeException: UNAVAILABLE: io exception
	at java.util.concurrent.FutureTask.report(FutureTask.java:122)
	at java.util.concurrent.FutureTask.get(FutureTask.java:192)
	at org.apache.ratis.server.impl.LeaderElection.waitForResults(LeaderElection.java:262)
	at org.apache.ratis.server.impl.LeaderElection.askForVotes(LeaderElection.java:200)
	at org.apache.ratis.server.impl.LeaderElection.run(LeaderElection.java:130)
	at java.lang.Thread.run(Thread.java:748)
Caused by: org.apache.ratis.thirdparty.io.grpc.StatusRuntimeException: UNAVAILABLE: io exception
	at org.apache.ratis.thirdparty.io.grpc.stub.ClientCalls.toStatusRuntimeException(ClientCalls.java:233)
	at org.apache.ratis.thirdparty.io.grpc.stub.ClientCalls.getUnchecked(ClientCalls.java:214)
	at org.apache.ratis.thirdparty.io.grpc.stub.ClientCalls.blockingUnaryCall(ClientCalls.java:139)
	at org.apache.ratis.proto.grpc.RaftServerProtocolServiceGrpc$RaftServerProtocolServiceBlockingStub.requestVote(RaftServerProtocolServiceGrpc.java:265)
	at org.apache.ratis.grpc.server.GrpcServerProtocolClient.requestVote(GrpcServerProtocolClient.java:83)
	at org.apache.ratis.grpc.server.GrpcService.requestVote(GrpcService.java:195)
	at org.apache.ratis.server.impl.LeaderElection.lambda$submitRequests$1(LeaderElection.java:237)
	at java.util.concurrent.FutureTask.run(FutureTask.java:266)
	at java.util.concurrent.Executors$RunnableAdapter.call(Executors.java:511)
	at java.util.concurrent.FutureTask.run(FutureTask.java:266)
	at java.util.concurrent.ThreadPoolExecutor.runWorker(ThreadPoolExecutor.java:1149)
	at java.util.concurrent.ThreadPoolExecutor$Worker.run(ThreadPoolExecutor.java:624)
	... 1 more
Caused by: org.apache.ratis.thirdparty.io.netty.channel.AbstractChannel$AnnotatedConnectException: Connection refused: /192.168.69.86:34282
	at sun.nio.ch.SocketChannelImpl.checkConnect(Native Method)
	at sun.nio.ch.SocketChannelImpl.finishConnect(SocketChannelImpl.java:717)
	at org.apache.ratis.thirdparty.io.netty.channel.socket.nio.NioSocketChannel.doFinishConnect(NioSocketChannel.java:327)
	at org.apache.ratis.thirdparty.io.netty.channel.nio.AbstractNioChannel$AbstractNioUnsafe.finishConnect(AbstractNioChannel.java:340)
	at org.apache.ratis.thirdparty.io.netty.channel.nio.NioEventLoop.processSelectedKey(NioEventLoop.java:632)
	at org.apache.ratis.thirdparty.io.netty.channel.nio.NioEventLoop.processSelectedKeysOptimized(NioEventLoop.java:579)
	at org.apache.ratis.thirdparty.io.netty.channel.nio.NioEventLoop.processSelectedKeys(NioEventLoop.java:496)
	at org.apache.ratis.thirdparty.io.netty.channel.nio.NioEventLoop.run(NioEventLoop.java:458)
	at org.apache.ratis.thirdparty.io.netty.util.concurrent.SingleThreadEventExecutor$5.run(SingleThreadEventExecutor.java:897)
	at org.apache.ratis.thirdparty.io.netty.util.concurrent.FastThreadLocalRunnable.run(FastThreadLocalRunnable.java:30)
	... 1 more
Caused by: java.net.ConnectException: Connection refused
	... 11 more
2019-07-30 17:02:00,477 INFO  impl.LeaderElection (LogUtils.java:infoOrTrace(149)) - d5199bd2-6ef3-4da1-b169-26e950609bd1:group-D5C717CA08C2:LeaderElection15 got exception when requesting votes: {}
java.util.concurrent.ExecutionException: org.apache.ratis.thirdparty.io.grpc.StatusRuntimeException: UNAVAILABLE: io exception
	at java.util.concurrent.FutureTask.report(FutureTask.java:122)
	at java.util.concurrent.FutureTask.get(FutureTask.java:192)
	at org.apache.ratis.server.impl.LeaderElection.waitForResults(LeaderElection.java:262)
	at org.apache.ratis.server.impl.LeaderElection.askForVotes(LeaderElection.java:200)
	at org.apache.ratis.server.impl.LeaderElection.run(LeaderElection.java:130)
	at java.lang.Thread.run(Thread.java:748)
Caused by: org.apache.ratis.thirdparty.io.grpc.StatusRuntimeException: UNAVAILABLE: io exception
	at org.apache.ratis.thirdparty.io.grpc.stub.ClientCalls.toStatusRuntimeException(ClientCalls.java:233)
	at org.apache.ratis.thirdparty.io.grpc.stub.ClientCalls.getUnchecked(ClientCalls.java:214)
	at org.apache.ratis.thirdparty.io.grpc.stub.ClientCalls.blockingUnaryCall(ClientCalls.java:139)
	at org.apache.ratis.proto.grpc.RaftServerProtocolServiceGrpc$RaftServerProtocolServiceBlockingStub.requestVote(RaftServerProtocolServiceGrpc.java:265)
	at org.apache.ratis.grpc.server.GrpcServerProtocolClient.requestVote(GrpcServerProtocolClient.java:83)
	at org.apache.ratis.grpc.server.GrpcService.requestVote(GrpcService.java:195)
	at org.apache.ratis.server.impl.LeaderElection.lambda$submitRequests$1(LeaderElection.java:237)
	at java.util.concurrent.FutureTask.run(FutureTask.java:266)
	at java.util.concurrent.Executors$RunnableAdapter.call(Executors.java:511)
	at java.util.concurrent.FutureTask.run(FutureTask.java:266)
	at java.util.concurrent.ThreadPoolExecutor.runWorker(ThreadPoolExecutor.java:1149)
	at java.util.concurrent.ThreadPoolExecutor$Worker.run(ThreadPoolExecutor.java:624)
	... 1 more
Caused by: org.apache.ratis.thirdparty.io.netty.channel.AbstractChannel$AnnotatedConnectException: Connection refused: /192.168.69.86:40540
	at sun.nio.ch.SocketChannelImpl.checkConnect(Native Method)
	at sun.nio.ch.SocketChannelImpl.finishConnect(SocketChannelImpl.java:717)
	at org.apache.ratis.thirdparty.io.netty.channel.socket.nio.NioSocketChannel.doFinishConnect(NioSocketChannel.java:327)
	at org.apache.ratis.thirdparty.io.netty.channel.nio.AbstractNioChannel$AbstractNioUnsafe.finishConnect(AbstractNioChannel.java:340)
	at org.apache.ratis.thirdparty.io.netty.channel.nio.NioEventLoop.processSelectedKey(NioEventLoop.java:632)
	at org.apache.ratis.thirdparty.io.netty.channel.nio.NioEventLoop.processSelectedKeysOptimized(NioEventLoop.java:579)
	at org.apache.ratis.thirdparty.io.netty.channel.nio.NioEventLoop.processSelectedKeys(NioEventLoop.java:496)
	at org.apache.ratis.thirdparty.io.netty.channel.nio.NioEventLoop.run(NioEventLoop.java:458)
	at org.apache.ratis.thirdparty.io.netty.util.concurrent.SingleThreadEventExecutor$5.run(SingleThreadEventExecutor.java:897)
	at org.apache.ratis.thirdparty.io.netty.util.concurrent.FastThreadLocalRunnable.run(FastThreadLocalRunnable.java:30)
	... 1 more
Caused by: java.net.ConnectException: Connection refused
	... 11 more
2019-07-30 17:02:00,480 INFO  impl.LeaderElection (LeaderElection.java:logAndReturn(56)) - d5199bd2-6ef3-4da1-b169-26e950609bd1:group-D5C717CA08C2:LeaderElection15: Election REJECTED; received 0 response(s) [] and 2 exception(s); d5199bd2-6ef3-4da1-b169-26e950609bd1:t3, leader=null, voted=d5199bd2-6ef3-4da1-b169-26e950609bd1, raftlog=d5199bd2-6ef3-4da1-b169-26e950609bd1-SegmentedRaftLog:OPENED:c0,f0,i0, conf=0: [ee04969b-c7ae-4fed-b101-4bff2e1b58c9:192.168.69.86:40540, 42fbc686-10dc-4817-9274-e5dbca7f0bf7:192.168.69.86:34282, d5199bd2-6ef3-4da1-b169-26e950609bd1:192.168.69.86:43623], old=null
2019-07-30 17:02:00,480 INFO  impl.LeaderElection (LogUtils.java:infoOrTrace(149)) -   Exception 0: {}
java.util.concurrent.ExecutionException: org.apache.ratis.thirdparty.io.grpc.StatusRuntimeException: UNAVAILABLE: io exception
	at java.util.concurrent.FutureTask.report(FutureTask.java:122)
	at java.util.concurrent.FutureTask.get(FutureTask.java:192)
	at org.apache.ratis.server.impl.LeaderElection.waitForResults(LeaderElection.java:262)
	at org.apache.ratis.server.impl.LeaderElection.askForVotes(LeaderElection.java:200)
	at org.apache.ratis.server.impl.LeaderElection.run(LeaderElection.java:130)
	at java.lang.Thread.run(Thread.java:748)
Caused by: org.apache.ratis.thirdparty.io.grpc.StatusRuntimeException: UNAVAILABLE: io exception
	at org.apache.ratis.thirdparty.io.grpc.stub.ClientCalls.toStatusRuntimeException(ClientCalls.java:233)
	at org.apache.ratis.thirdparty.io.grpc.stub.ClientCalls.getUnchecked(ClientCalls.java:214)
	at org.apache.ratis.thirdparty.io.grpc.stub.ClientCalls.blockingUnaryCall(ClientCalls.java:139)
	at org.apache.ratis.proto.grpc.RaftServerProtocolServiceGrpc$RaftServerProtocolServiceBlockingStub.requestVote(RaftServerProtocolServiceGrpc.java:265)
	at org.apache.ratis.grpc.server.GrpcServerProtocolClient.requestVote(GrpcServerProtocolClient.java:83)
	at org.apache.ratis.grpc.server.GrpcService.requestVote(GrpcService.java:195)
	at org.apache.ratis.server.impl.LeaderElection.lambda$submitRequests$1(LeaderElection.java:237)
	at java.util.concurrent.FutureTask.run(FutureTask.java:266)
	at java.util.concurrent.Executors$RunnableAdapter.call(Executors.java:511)
	at java.util.concurrent.FutureTask.run(FutureTask.java:266)
	at java.util.concurrent.ThreadPoolExecutor.runWorker(ThreadPoolExecutor.java:1149)
	at java.util.concurrent.ThreadPoolExecutor$Worker.run(ThreadPoolExecutor.java:624)
	... 1 more
Caused by: org.apache.ratis.thirdparty.io.netty.channel.AbstractChannel$AnnotatedConnectException: Connection refused: /192.168.69.86:34282
	at sun.nio.ch.SocketChannelImpl.checkConnect(Native Method)
	at sun.nio.ch.SocketChannelImpl.finishConnect(SocketChannelImpl.java:717)
	at org.apache.ratis.thirdparty.io.netty.channel.socket.nio.NioSocketChannel.doFinishConnect(NioSocketChannel.java:327)
	at org.apache.ratis.thirdparty.io.netty.channel.nio.AbstractNioChannel$AbstractNioUnsafe.finishConnect(AbstractNioChannel.java:340)
	at org.apache.ratis.thirdparty.io.netty.channel.nio.NioEventLoop.processSelectedKey(NioEventLoop.java:632)
	at org.apache.ratis.thirdparty.io.netty.channel.nio.NioEventLoop.processSelectedKeysOptimized(NioEventLoop.java:579)
	at org.apache.ratis.thirdparty.io.netty.channel.nio.NioEventLoop.processSelectedKeys(NioEventLoop.java:496)
	at org.apache.ratis.thirdparty.io.netty.channel.nio.NioEventLoop.run(NioEventLoop.java:458)
	at org.apache.ratis.thirdparty.io.netty.util.concurrent.SingleThreadEventExecutor$5.run(SingleThreadEventExecutor.java:897)
	at org.apache.ratis.thirdparty.io.netty.util.concurrent.FastThreadLocalRunnable.run(FastThreadLocalRunnable.java:30)
	... 1 more
Caused by: java.net.ConnectException: Connection refused
	... 11 more
2019-07-30 17:02:00,481 INFO  impl.LeaderElection (LogUtils.java:infoOrTrace(149)) -   Exception 1: {}
java.util.concurrent.ExecutionException: org.apache.ratis.thirdparty.io.grpc.StatusRuntimeException: UNAVAILABLE: io exception
	at java.util.concurrent.FutureTask.report(FutureTask.java:122)
	at java.util.concurrent.FutureTask.get(FutureTask.java:192)
	at org.apache.ratis.server.impl.LeaderElection.waitForResults(LeaderElection.java:262)
	at org.apache.ratis.server.impl.LeaderElection.askForVotes(LeaderElection.java:200)
	at org.apache.ratis.server.impl.LeaderElection.run(LeaderElection.java:130)
	at java.lang.Thread.run(Thread.java:748)
Caused by: org.apache.ratis.thirdparty.io.grpc.StatusRuntimeException: UNAVAILABLE: io exception
	at org.apache.ratis.thirdparty.io.grpc.stub.ClientCalls.toStatusRuntimeException(ClientCalls.java:233)
	at org.apache.ratis.thirdparty.io.grpc.stub.ClientCalls.getUnchecked(ClientCalls.java:214)
	at org.apache.ratis.thirdparty.io.grpc.stub.ClientCalls.blockingUnaryCall(ClientCalls.java:139)
	at org.apache.ratis.proto.grpc.RaftServerProtocolServiceGrpc$RaftServerProtocolServiceBlockingStub.requestVote(RaftServerProtocolServiceGrpc.java:265)
	at org.apache.ratis.grpc.server.GrpcServerProtocolClient.requestVote(GrpcServerProtocolClient.java:83)
	at org.apache.ratis.grpc.server.GrpcService.requestVote(GrpcService.java:195)
	at org.apache.ratis.server.impl.LeaderElection.lambda$submitRequests$1(LeaderElection.java:237)
	at java.util.concurrent.FutureTask.run(FutureTask.java:266)
	at java.util.concurrent.Executors$RunnableAdapter.call(Executors.java:511)
	at java.util.concurrent.FutureTask.run(FutureTask.java:266)
	at java.util.concurrent.ThreadPoolExecutor.runWorker(ThreadPoolExecutor.java:1149)
	at java.util.concurrent.ThreadPoolExecutor$Worker.run(ThreadPoolExecutor.java:624)
	... 1 more
Caused by: org.apache.ratis.thirdparty.io.netty.channel.AbstractChannel$AnnotatedConnectException: Connection refused: /192.168.69.86:40540
	at sun.nio.ch.SocketChannelImpl.checkConnect(Native Method)
	at sun.nio.ch.SocketChannelImpl.finishConnect(SocketChannelImpl.java:717)
	at org.apache.ratis.thirdparty.io.netty.channel.socket.nio.NioSocketChannel.doFinishConnect(NioSocketChannel.java:327)
	at org.apache.ratis.thirdparty.io.netty.channel.nio.AbstractNioChannel$AbstractNioUnsafe.finishConnect(AbstractNioChannel.java:340)
	at org.apache.ratis.thirdparty.io.netty.channel.nio.NioEventLoop.processSelectedKey(NioEventLoop.java:632)
	at org.apache.ratis.thirdparty.io.netty.channel.nio.NioEventLoop.processSelectedKeysOptimized(NioEventLoop.java:579)
	at org.apache.ratis.thirdparty.io.netty.channel.nio.NioEventLoop.processSelectedKeys(NioEventLoop.java:496)
	at org.apache.ratis.thirdparty.io.netty.channel.nio.NioEventLoop.run(NioEventLoop.java:458)
	at org.apache.ratis.thirdparty.io.netty.util.concurrent.SingleThreadEventExecutor$5.run(SingleThreadEventExecutor.java:897)
	at org.apache.ratis.thirdparty.io.netty.util.concurrent.FastThreadLocalRunnable.run(FastThreadLocalRunnable.java:30)
	... 1 more
Caused by: java.net.ConnectException: Connection refused
	... 11 more
2019-07-30 17:02:00,481 INFO  impl.RaftServerImpl (RaftServerImpl.java:setRole(171)) - d5199bd2-6ef3-4da1-b169-26e950609bd1:group-D5C717CA08C2 changes role from CANDIDATE to FOLLOWER at term 3 for DISCOVERED_A_NEW_TERM
2019-07-30 17:02:00,483 INFO  impl.RoleInfo (RoleInfo.java:shutdownLeaderElection(134)) - d5199bd2-6ef3-4da1-b169-26e950609bd1: shutdown LeaderElection
2019-07-30 17:02:00,484 INFO  impl.RoleInfo (RoleInfo.java:updateAndGet(143)) - d5199bd2-6ef3-4da1-b169-26e950609bd1: start FollowerState
2019-07-30 17:02:02,724 INFO  ozoneimpl.OzoneContainer (OzoneContainer.java:stop(199)) - Attempting to stop container services.
2019-07-30 17:02:02,727 INFO  impl.RaftServerProxy (RaftServerProxy.java:lambda$close$4(314)) - d5199bd2-6ef3-4da1-b169-26e950609bd1: close
2019-07-30 17:02:02,728 INFO  impl.RaftServerImpl (RaftServerImpl.java:lambda$shutdown$3(245)) - d5199bd2-6ef3-4da1-b169-26e950609bd1: shutdown group-34021710CD1E
2019-07-30 17:02:02,728 INFO  util.JmxRegister (JmxRegister.java:unregister(73)) - Successfully un-registered JMX Bean with object name Ratis:service=RaftServer,group=group-34021710CD1E,id=d5199bd2-6ef3-4da1-b169-26e950609bd1
2019-07-30 17:02:02,728 INFO  impl.RoleInfo (RoleInfo.java:shutdownLeaderState(104)) - d5199bd2-6ef3-4da1-b169-26e950609bd1: shutdown LeaderState
2019-07-30 17:02:02,728 INFO  impl.PendingRequests (PendingRequests.java:sendNotLeaderResponses(202)) - d5199bd2-6ef3-4da1-b169-26e950609bd1-PendingRequests: sendNotLeaderResponses
2019-07-30 17:02:02,729 INFO  impl.StateMachineUpdater (StateMachineUpdater.java:stopAndJoin(115)) - StateMachineUpdater:d5199bd2-6ef3-4da1-b169-26e950609bd1:group-34021710CD1E: set stopIndex = 0
2019-07-30 17:02:02,729 INFO  impl.RaftServerImpl (ServerState.java:close(394)) - d5199bd2-6ef3-4da1-b169-26e950609bd1:group-34021710CD1E closes. The last applied log index is 0
2019-07-30 17:02:02,729 INFO  segmented.SegmentedRaftLogWorker (SegmentedRaftLogWorker.java:run(313)) - d5199bd2-6ef3-4da1-b169-26e950609bd1-SegmentedRaftLogWorker:Storage Directory /workdir/hadoop-ozone/integration-test/target/test-dir/MiniOzoneClusterImpl-ab0d1113-2c98-470c-b755-65e3cfe9598a/datanode-2/data/ratis/c812f4d4-a713-4fb5-9d2c-34021710cd1e was interrupted, exiting. There are 0 tasks remaining in the queue.
2019-07-30 17:02:02,731 INFO  segmented.SegmentedRaftLogWorker (SegmentedRaftLogWorker.java:close(228)) - d5199bd2-6ef3-4da1-b169-26e950609bd1-SegmentedRaftLogWorker:Storage Directory /workdir/hadoop-ozone/integration-test/target/test-dir/MiniOzoneClusterImpl-ab0d1113-2c98-470c-b755-65e3cfe9598a/datanode-2/data/ratis/c812f4d4-a713-4fb5-9d2c-34021710cd1e close()
2019-07-30 17:02:02,745 INFO  impl.RaftServerImpl (RaftServerImpl.java:lambda$shutdown$3(245)) - d5199bd2-6ef3-4da1-b169-26e950609bd1: shutdown group-D5C717CA08C2
2019-07-30 17:02:02,746 INFO  util.JmxRegister (JmxRegister.java:unregister(73)) - Successfully un-registered JMX Bean with object name Ratis:service=RaftServer,group=group-D5C717CA08C2,id=d5199bd2-6ef3-4da1-b169-26e950609bd1
2019-07-30 17:02:02,746 INFO  impl.RoleInfo (RoleInfo.java:shutdownFollowerState(121)) - d5199bd2-6ef3-4da1-b169-26e950609bd1: shutdown FollowerState
2019-07-30 17:02:02,746 INFO  impl.StateMachineUpdater (StateMachineUpdater.java:stopAndJoin(115)) - StateMachineUpdater:d5199bd2-6ef3-4da1-b169-26e950609bd1:group-D5C717CA08C2: set stopIndex = 0
2019-07-30 17:02:02,746 INFO  impl.FollowerState (FollowerState.java:run(114)) - d5199bd2-6ef3-4da1-b169-26e950609bd1: FollowerState was interrupted: java.lang.InterruptedException: sleep interrupted
2019-07-30 17:02:02,746 INFO  impl.RaftServerImpl (ServerState.java:close(394)) - d5199bd2-6ef3-4da1-b169-26e950609bd1:group-D5C717CA08C2 closes. The last applied log index is 0
2019-07-30 17:02:02,748 INFO  segmented.SegmentedRaftLogWorker (SegmentedRaftLogWorker.java:run(313)) - d5199bd2-6ef3-4da1-b169-26e950609bd1-SegmentedRaftLogWorker:Storage Directory /workdir/hadoop-ozone/integration-test/target/test-dir/MiniOzoneClusterImpl-ab0d1113-2c98-470c-b755-65e3cfe9598a/datanode-2/data/ratis/1b6374ee-6a2a-4e77-bf20-d5c717ca08c2 was interrupted, exiting. There are 0 tasks remaining in the queue.
2019-07-30 17:02:02,749 INFO  segmented.SegmentedRaftLogWorker (SegmentedRaftLogWorker.java:close(228)) - d5199bd2-6ef3-4da1-b169-26e950609bd1-SegmentedRaftLogWorker:Storage Directory /workdir/hadoop-ozone/integration-test/target/test-dir/MiniOzoneClusterImpl-ab0d1113-2c98-470c-b755-65e3cfe9598a/datanode-2/data/ratis/1b6374ee-6a2a-4e77-bf20-d5c717ca08c2 close()
2019-07-30 17:02:02,751 INFO  server.GrpcService (GrpcService.java:closeImpl(155)) - d5199bd2-6ef3-4da1-b169-26e950609bd1: shutdown server with port 43623 now
2019-07-30 17:02:02,755 INFO  server.GrpcService (GrpcService.java:closeImpl(163)) - d5199bd2-6ef3-4da1-b169-26e950609bd1: shutdown server with port 43623 successfully
2019-07-30 17:02:02,756 INFO  utils.BackgroundService (BackgroundService.java:shutdown(148)) - Shutting down service BlockDeletingService
2019-07-30 17:02:02,759 WARN  fs.CachingGetSpaceUsed (CachingGetSpaceUsed.java:run(183)) - Thread Interrupted waiting to refresh disk information: sleep interrupted
2019-07-30 17:02:02,776 INFO  statemachine.DatanodeStateMachine (DatanodeStateMachine.java:stopDaemon(395)) - Ozone container server stopped.
2019-07-30 17:02:02,781 INFO  handler.ContextHandler (ContextHandler.java:doStop(910)) - Stopped o.e.j.w.WebAppContext@10df12a6{/,null,UNAVAILABLE}{/hddsDatanode}
2019-07-30 17:02:02,783 INFO  server.AbstractConnector (AbstractConnector.java:doStop(318)) - Stopped ServerConnector@7ace3531{HTTP/1.1,[http/1.1]}{0.0.0.0:0}
2019-07-30 17:02:02,784 INFO  handler.ContextHandler (ContextHandler.java:doStop(910)) - Stopped o.e.j.s.ServletContextHandler@22eb6ea2{/static,jar:file:/home/user/.m2/repository/org/apache/hadoop/hadoop-hdds-container-service/0.4.1-SNAPSHOT/hadoop-hdds-container-service-0.4.1-SNAPSHOT.jar!/webapps/static,UNAVAILABLE}
2019-07-30 17:02:02,786 INFO  handler.ContextHandler (ContextHandler.java:doStop(910)) - Stopped o.e.j.s.ServletContextHandler@6d3ca68e{/logs,file:///workdir/hadoop-ozone/integration-test/target/log,UNAVAILABLE}
2019-07-30 17:02:02,787 INFO  ozone.MiniOzoneClusterImpl (MiniOzoneClusterImpl.java:stop(353)) - Stopping the StorageContainerManager
2019-07-30 17:02:02,787 INFO  server.StorageContainerManager (StorageContainerManager.java:stop(796)) - Stopping Replication Manager Service.
2019-07-30 17:02:02,787 INFO  container.ReplicationManager (ReplicationManager.java:stop(187)) - Stopping Replication Monitor Thread.
2019-07-30 17:02:02,787 INFO  server.StorageContainerManager (StorageContainerManager.java:stop(803)) - Stopping Lease Manager of the command watchers
2019-07-30 17:02:02,787 INFO  server.StorageContainerManager (StorageContainerManager.java:stop(810)) - Stopping datanode service RPC server
2019-07-30 17:02:02,788 INFO  server.SCMDatanodeProtocolServer (SCMDatanodeProtocolServer.java:stop(367)) - Stopping the RPC server for DataNodes
2019-07-30 17:02:02,788 INFO  ipc.Server (Server.java:stop(3082)) - Stopping server on 33305
2019-07-30 17:02:02,790 INFO  ipc.Server (Server.java:run(1185)) - Stopping IPC Server listener on 33305
2019-07-30 17:02:02,790 INFO  ipc.Server (Server.java:run(1319)) - Stopping IPC Server Responder
2019-07-30 17:02:02,800 WARN  node.NodeStateManager (NodeStateManager.java:scheduleNextHealthCheck(631)) - Current Thread is interrupted, shutting down HB processing thread for Node Manager.
2019-07-30 17:02:02,800 INFO  server.StorageContainerManager (StorageContainerManager.java:stop(818)) - Stopping block service RPC server
2019-07-30 17:02:02,801 INFO  server.SCMBlockProtocolServer (SCMBlockProtocolServer.java:stop(148)) - Stopping the RPC server for Block Protocol
2019-07-30 17:02:02,801 INFO  ipc.Server (Server.java:stop(3082)) - Stopping server on 34103
2019-07-30 17:02:02,804 INFO  ipc.Server (Server.java:run(1185)) - Stopping IPC Server listener on 34103
2019-07-30 17:02:02,804 INFO  ipc.Server (Server.java:run(1319)) - Stopping IPC Server Responder
2019-07-30 17:02:02,804 INFO  server.StorageContainerManager (StorageContainerManager.java:stop(825)) - Stopping the StorageContainerLocationProtocol RPC server
2019-07-30 17:02:02,806 INFO  server.SCMClientProtocolServer (SCMClientProtocolServer.java:stop(159)) - Stopping the RPC server for Client Protocol
2019-07-30 17:02:02,806 INFO  ipc.Server (Server.java:stop(3082)) - Stopping server on 41607
2019-07-30 17:02:02,813 INFO  ipc.Server (Server.java:run(1185)) - Stopping IPC Server listener on 41607
2019-07-30 17:02:02,817 INFO  ipc.Server (Server.java:run(1319)) - Stopping IPC Server Responder
2019-07-30 17:02:02,816 INFO  server.StorageContainerManager (StorageContainerManager.java:stop(832)) - Stopping Storage Container Manager HTTP server.
2019-07-30 17:02:02,819 INFO  handler.ContextHandler (ContextHandler.java:doStop(910)) - Stopped o.e.j.w.WebAppContext@4f35329c{/,null,UNAVAILABLE}{/scm}
2019-07-30 17:02:02,820 INFO  server.AbstractConnector (AbstractConnector.java:doStop(318)) - Stopped ServerConnector@36fb1d0f{HTTP/1.1,[http/1.1]}{0.0.0.0:0}
2019-07-30 17:02:02,821 INFO  handler.ContextHandler (ContextHandler.java:doStop(910)) - Stopped o.e.j.s.ServletContextHandler@76b7e6b8{/static,file:///workdir/hadoop-ozone/integration-test/target/test-classes/webapps/static,UNAVAILABLE}
2019-07-30 17:02:02,821 INFO  handler.ContextHandler (ContextHandler.java:doStop(910)) - Stopped o.e.j.s.ServletContextHandler@1ac62dd3{/logs,file:///workdir/hadoop-ozone/integration-test/target/log,UNAVAILABLE}
2019-07-30 17:02:02,822 INFO  server.StorageContainerManager (StorageContainerManager.java:stop(843)) - Stopping Block Manager Service.
2019-07-30 17:02:02,822 INFO  utils.BackgroundService (BackgroundService.java:shutdown(148)) - Shutting down service SCMBlockDeletingService
2019-07-30 17:02:02,824 INFO  utils.BackgroundService (BackgroundService.java:shutdown(148)) - Shutting down service SCMBlockDeletingService
2019-07-30 17:02:02,824 INFO  server.StorageContainerManager (StorageContainerManager.java:stop(865)) - Stopping SCM Event Queue.
2019-07-30 17:02:02,827 INFO  impl.MetricsSystemImpl (MetricsSystemImpl.java:stop(210)) - Stopping HddsDatanode metrics system...
2019-07-30 17:02:02,830 INFO  impl.MetricsSystemImpl (MetricsSystemImpl.java:stop(216)) - HddsDatanode metrics system stopped.
]]></system-out>
    <system-err><![CDATA[Jul 30, 2019 5:01:35 PM com.sun.jersey.server.impl.application.WebApplicationImpl _initiate
INFO: Initiating Jersey application, version 'Jersey: 1.19 02/11/2015 03:25 AM'
Jul 30, 2019 5:01:35 PM com.sun.jersey.server.impl.application.WebApplicationImpl _initiate
INFO: Initiating Jersey application, version 'Jersey: 1.19 02/11/2015 03:25 AM'
Jul 30, 2019 5:01:35 PM com.sun.jersey.server.impl.application.WebApplicationImpl _initiate
INFO: Initiating Jersey application, version 'Jersey: 1.19 02/11/2015 03:25 AM'
]]></system-err>
  </testcase>
  <testcase name="testScmInfo" classname="org.apache.hadoop.ozone.TestStorageContainerManager" time="0.308"/>
</testsuite>