<?xml version="1.0" encoding="UTF-8"?>
<testsuite xmlns:xsi="http://www.w3.org/2001/XMLSchema-instance" xsi:noNamespaceSchemaLocation="https://maven.apache.org/surefire/maven-surefire-plugin/xsd/surefire-test-report.xsd" name="org.apache.hadoop.ozone.client.rpc.TestFailureHandlingByClient" time="207.771" tests="6" errors="1" skipped="0" failures="0">
  <properties>
    <property name="awt.toolkit" value="sun.awt.X11.XToolkit"/>
    <property name="file.encoding.pkg" value="sun.io"/>
    <property name="java.specification.version" value="1.8"/>
    <property name="sun.cpu.isalist" value=""/>
    <property name="sun.jnu.encoding" value="UTF-8"/>
    <property name="java.class.path" value="/workdir/hadoop-ozone/integration-test/target/test-classes:/workdir/hadoop-ozone/integration-test/target/classes:/home/user/.m2/repository/org/apache/hadoop/hadoop-ozone-common/0.4.1-SNAPSHOT/hadoop-ozone-common-0.4.1-SNAPSHOT.jar:/home/user/.m2/repository/org/apache/commons/commons-compress/1.4.1/commons-compress-1.4.1.jar:/home/user/.m2/repository/org/tukaani/xz/1.0/xz-1.0.jar:/home/user/.m2/repository/org/apache/hadoop/hadoop-common/3.2.0/hadoop-common-3.2.0.jar:/home/user/.m2/repository/org/apache/hadoop/hadoop-hdfs/3.2.0/hadoop-hdfs-3.2.0.jar:/home/user/.m2/repository/org/apache/hadoop/hadoop-hdfs-client/3.2.0/hadoop-hdfs-client-3.2.0.jar:/home/user/.m2/repository/com/fasterxml/jackson/core/jackson-annotations/2.9.5/jackson-annotations-2.9.5.jar:/home/user/.m2/repository/org/apache/hadoop/hadoop-hdds-common/0.4.1-SNAPSHOT/hadoop-hdds-common-0.4.1-SNAPSHOT.jar:/home/user/.m2/repository/javax/annotation/javax.annotation-api/1.2/javax.annotation-api-1.2.jar:/home/user/.m2/repository/org/apache/ratis/ratis-server/0.4.0-2337318-SNAPSHOT/ratis-server-0.4.0-2337318-SNAPSHOT.jar:/home/user/.m2/repository/org/apache/ratis/ratis-thirdparty-misc/0.2.0/ratis-thirdparty-misc-0.2.0.jar:/home/user/.m2/repository/org/apache/ratis/ratis-proto/0.4.0-2337318-SNAPSHOT/ratis-proto-0.4.0-2337318-SNAPSHOT.jar:/home/user/.m2/repository/org/apache/ratis/ratis-common/0.4.0-2337318-SNAPSHOT/ratis-common-0.4.0-2337318-SNAPSHOT.jar:/home/user/.m2/repository/org/apache/ratis/ratis-client/0.4.0-2337318-SNAPSHOT/ratis-client-0.4.0-2337318-SNAPSHOT.jar:/home/user/.m2/repository/org/apache/ratis/ratis-metrics/0.4.0-2337318-SNAPSHOT/ratis-metrics-0.4.0-2337318-SNAPSHOT.jar:/home/user/.m2/repository/org/apache/ratis/ratis-netty/0.4.0-2337318-SNAPSHOT/ratis-netty-0.4.0-2337318-SNAPSHOT.jar:/home/user/.m2/repository/org/apache/ratis/ratis-grpc/0.4.0-2337318-SNAPSHOT/ratis-grpc-0.4.0-2337318-SNAPSHOT.jar:/home/user/.m2/repository/org/rocksdb/rocksdbjni/6.0.1/rocksdbjni-6.0.1.jar:/home/user/.m2/repository/org/apache/logging/log4j/log4j-api/2.11.0/log4j-api-2.11.0.jar:/home/user/.m2/repository/org/apache/logging/log4j/log4j-core/2.11.0/log4j-core-2.11.0.jar:/home/user/.m2/repository/com/lmax/disruptor/3.4.2/disruptor-3.4.2.jar:/home/user/.m2/repository/org/apache/commons/commons-pool2/2.6.0/commons-pool2-2.6.0.jar:/home/user/.m2/repository/org/bouncycastle/bcpkix-jdk15on/1.60/bcpkix-jdk15on-1.60.jar:/home/user/.m2/repository/commons-validator/commons-validator/1.6/commons-validator-1.6.jar:/home/user/.m2/repository/commons-digester/commons-digester/1.8.1/commons-digester-1.8.1.jar:/home/user/.m2/repository/io/jaegertracing/jaeger-client/0.33.1/jaeger-client-0.33.1.jar:/home/user/.m2/repository/io/jaegertracing/jaeger-thrift/0.33.1/jaeger-thrift-0.33.1.jar:/home/user/.m2/repository/org/apache/thrift/libthrift/0.11.0/libthrift-0.11.0.jar:/home/user/.m2/repository/com/squareup/okhttp3/okhttp/3.9.0/okhttp-3.9.0.jar:/home/user/.m2/repository/com/squareup/okio/okio/1.13.0/okio-1.13.0.jar:/home/user/.m2/repository/io/jaegertracing/jaeger-core/0.33.1/jaeger-core-0.33.1.jar:/home/user/.m2/repository/io/jaegertracing/jaeger-tracerresolver/0.33.1/jaeger-tracerresolver-0.33.1.jar:/home/user/.m2/repository/io/opentracing/contrib/opentracing-tracerresolver/0.1.5/opentracing-tracerresolver-0.1.5.jar:/home/user/.m2/repository/io/opentracing/opentracing-util/0.31.0/opentracing-util-0.31.0.jar:/home/user/.m2/repository/io/opentracing/opentracing-api/0.31.0/opentracing-api-0.31.0.jar:/home/user/.m2/repository/io/opentracing/opentracing-noop/0.31.0/opentracing-noop-0.31.0.jar:/home/user/.m2/repository/org/apache/hadoop/hadoop-hdds-server-framework/0.4.1-SNAPSHOT/hadoop-hdds-server-framework-0.4.1-SNAPSHOT.jar:/home/user/.m2/repository/org/apache/hadoop/hadoop-hdds-container-service/0.4.1-SNAPSHOT/hadoop-hdds-container-service-0.4.1-SNAPSHOT.jar:/home/user/.m2/repository/org/apache/hadoop/hadoop-hdds-client/0.4.1-SNAPSHOT/hadoop-hdds-client-0.4.1-SNAPSHOT.jar:/home/user/.m2/repository/org/apache/hadoop/hadoop-hdds-tools/0.4.1-SNAPSHOT/hadoop-hdds-tools-0.4.1-SNAPSHOT.jar:/home/user/.m2/repository/org/apache/hadoop/hadoop-hdds-server-scm/0.4.1-SNAPSHOT/hadoop-hdds-server-scm-0.4.1-SNAPSHOT.jar:/home/user/.m2/repository/org/apache/hadoop/hadoop-hdds-docs/0.4.1-SNAPSHOT/hadoop-hdds-docs-0.4.1-SNAPSHOT.jar:/home/user/.m2/repository/io/dropwizard/metrics/metrics-core/3.2.4/metrics-core-3.2.4.jar:/home/user/.m2/repository/org/hamcrest/hamcrest-all/1.3/hamcrest-all-1.3.jar:/home/user/.m2/repository/org/bouncycastle/bcprov-jdk15on/1.60/bcprov-jdk15on-1.60.jar:/home/user/.m2/repository/info/picocli/picocli/3.9.6/picocli-3.9.6.jar:/home/user/.m2/repository/com/google/protobuf/protobuf-java/2.5.0/protobuf-java-2.5.0.jar:/home/user/.m2/repository/com/google/guava/guava/11.0.2/guava-11.0.2.jar:/home/user/.m2/repository/org/apache/hadoop/hadoop-ozone-ozone-manager/0.4.1-SNAPSHOT/hadoop-ozone-ozone-manager-0.4.1-SNAPSHOT.jar:/home/user/.m2/repository/org/apache/hadoop/hadoop-minikdc/3.2.0/hadoop-minikdc-3.2.0.jar:/home/user/.m2/repository/commons-io/commons-io/2.5/commons-io-2.5.jar:/home/user/.m2/repository/org/apache/kerby/kerb-simplekdc/1.0.1/kerb-simplekdc-1.0.1.jar:/home/user/.m2/repository/org/apache/kerby/kerb-client/1.0.1/kerb-client-1.0.1.jar:/home/user/.m2/repository/org/apache/kerby/kerby-config/1.0.1/kerby-config-1.0.1.jar:/home/user/.m2/repository/org/apache/kerby/kerb-core/1.0.1/kerb-core-1.0.1.jar:/home/user/.m2/repository/org/apache/kerby/kerby-pkix/1.0.1/kerby-pkix-1.0.1.jar:/home/user/.m2/repository/org/apache/kerby/kerby-asn1/1.0.1/kerby-asn1-1.0.1.jar:/home/user/.m2/repository/org/apache/kerby/kerby-util/1.0.1/kerby-util-1.0.1.jar:/home/user/.m2/repository/org/apache/kerby/kerb-common/1.0.1/kerb-common-1.0.1.jar:/home/user/.m2/repository/org/apache/kerby/kerb-crypto/1.0.1/kerb-crypto-1.0.1.jar:/home/user/.m2/repository/org/apache/kerby/kerb-util/1.0.1/kerb-util-1.0.1.jar:/home/user/.m2/repository/org/apache/kerby/token-provider/1.0.1/token-provider-1.0.1.jar:/home/user/.m2/repository/org/apache/kerby/kerb-admin/1.0.1/kerb-admin-1.0.1.jar:/home/user/.m2/repository/org/apache/kerby/kerb-server/1.0.1/kerb-server-1.0.1.jar:/home/user/.m2/repository/org/apache/kerby/kerb-identity/1.0.1/kerb-identity-1.0.1.jar:/home/user/.m2/repository/org/apache/kerby/kerby-xdr/1.0.1/kerby-xdr-1.0.1.jar:/home/user/.m2/repository/org/slf4j/slf4j-log4j12/1.7.25/slf4j-log4j12-1.7.25.jar:/home/user/.m2/repository/org/apache/hadoop/hadoop-ozone-objectstore-service/0.4.1-SNAPSHOT/hadoop-ozone-objectstore-service-0.4.1-SNAPSHOT.jar:/home/user/.m2/repository/org/apache/hadoop/hadoop-ozone-s3gateway/0.4.1-SNAPSHOT/hadoop-ozone-s3gateway-0.4.1-SNAPSHOT.jar:/home/user/.m2/repository/org/jboss/weld/servlet/weld-servlet/2.4.7.Final/weld-servlet-2.4.7.Final.jar:/home/user/.m2/repository/org/glassfish/jersey/containers/jersey-container-servlet-core/2.27/jersey-container-servlet-core-2.27.jar:/home/user/.m2/repository/org/glassfish/hk2/external/javax.inject/2.5.0-b42/javax.inject-2.5.0-b42.jar:/home/user/.m2/repository/org/glassfish/jersey/core/jersey-common/2.27/jersey-common-2.27.jar:/home/user/.m2/repository/org/glassfish/hk2/osgi-resource-locator/1.0.1/osgi-resource-locator-1.0.1.jar:/home/user/.m2/repository/javax/ws/rs/javax.ws.rs-api/2.1/javax.ws.rs-api-2.1.jar:/home/user/.m2/repository/org/glassfish/jersey/ext/cdi/jersey-cdi1x/2.27/jersey-cdi1x-2.27.jar:/home/user/.m2/repository/org/glassfish/jersey/inject/jersey-hk2/2.27/jersey-hk2-2.27.jar:/home/user/.m2/repository/org/glassfish/hk2/hk2-locator/2.5.0-b42/hk2-locator-2.5.0-b42.jar:/home/user/.m2/repository/org/javassist/javassist/3.22.0-CR2/javassist-3.22.0-CR2.jar:/home/user/.m2/repository/org/glassfish/hk2/hk2-api/2.5.0/hk2-api-2.5.0.jar:/home/user/.m2/repository/org/glassfish/hk2/external/jakarta.inject/2.5.0/jakarta.inject-2.5.0.jar:/home/user/.m2/repository/org/glassfish/hk2/hk2-utils/2.5.0/hk2-utils-2.5.0.jar:/home/user/.m2/repository/jakarta/annotation/jakarta.annotation-api/1.3.4/jakarta.annotation-api-1.3.4.jar:/home/user/.m2/repository/org/glassfish/hk2/external/aopalliance-repackaged/2.5.0/aopalliance-repackaged-2.5.0.jar:/home/user/.m2/repository/com/fasterxml/jackson/dataformat/jackson-dataformat-xml/2.9.0/jackson-dataformat-xml-2.9.0.jar:/home/user/.m2/repository/com/fasterxml/jackson/core/jackson-core/2.9.5/jackson-core-2.9.5.jar:/home/user/.m2/repository/com/fasterxml/jackson/module/jackson-module-jaxb-annotations/2.9.5/jackson-module-jaxb-annotations-2.9.5.jar:/home/user/.m2/repository/javax/enterprise/cdi-api/1.2/cdi-api-1.2.jar:/home/user/.m2/repository/javax/el/javax.el-api/3.0.0/javax.el-api-3.0.0.jar:/home/user/.m2/repository/javax/interceptor/javax.interceptor-api/1.2/javax.interceptor-api-1.2.jar:/home/user/.m2/repository/javax/inject/javax.inject/1/javax.inject-1.jar:/home/user/.m2/repository/com/sun/xml/bind/jaxb-impl/2.3.0.1/jaxb-impl-2.3.0.1.jar:/home/user/.m2/repository/com/sun/xml/bind/jaxb-core/2.3.0.1/jaxb-core-2.3.0.1.jar:/home/user/.m2/repository/javax/xml/bind/jaxb-api/2.3.0/jaxb-api-2.3.0.jar:/home/user/.m2/repository/javax/activation/activation/1.1.1/activation-1.1.1.jar:/home/user/.m2/repository/org/apache/hadoop/hadoop-ozone-csi/0.4.1-SNAPSHOT/hadoop-ozone-csi-0.4.1-SNAPSHOT.jar:/home/user/.m2/repository/com/google/protobuf/protobuf-java-util/3.5.1/protobuf-java-util-3.5.1.jar:/home/user/.m2/repository/org/apache/hadoop/hadoop-hdds-config/0.4.1-SNAPSHOT/hadoop-hdds-config-0.4.1-SNAPSHOT.jar:/home/user/.m2/repository/io/grpc/grpc-netty/1.17.1/grpc-netty-1.17.1.jar:/home/user/.m2/repository/io/grpc/grpc-core/1.17.1/grpc-core-1.17.1.jar:/home/user/.m2/repository/io/grpc/grpc-context/1.17.1/grpc-context-1.17.1.jar:/home/user/.m2/repository/com/google/errorprone/error_prone_annotations/2.2.0/error_prone_annotations-2.2.0.jar:/home/user/.m2/repository/org/codehaus/mojo/animal-sniffer-annotations/1.17/animal-sniffer-annotations-1.17.jar:/home/user/.m2/repository/io/opencensus/opencensus-api/0.17.0/opencensus-api-0.17.0.jar:/home/user/.m2/repository/io/opencensus/opencensus-contrib-grpc-metrics/0.17.0/opencensus-contrib-grpc-metrics-0.17.0.jar:/home/user/.m2/repository/io/netty/netty-codec-http2/4.1.30.Final/netty-codec-http2-4.1.30.Final.jar:/home/user/.m2/repository/io/netty/netty-codec-http/4.1.30.Final/netty-codec-http-4.1.30.Final.jar:/home/user/.m2/repository/io/netty/netty-codec/4.1.30.Final/netty-codec-4.1.30.Final.jar:/home/user/.m2/repository/io/netty/netty-handler/4.1.30.Final/netty-handler-4.1.30.Final.jar:/home/user/.m2/repository/io/netty/netty-handler-proxy/4.1.30.Final/netty-handler-proxy-4.1.30.Final.jar:/home/user/.m2/repository/io/netty/netty-codec-socks/4.1.30.Final/netty-codec-socks-4.1.30.Final.jar:/home/user/.m2/repository/io/netty/netty-transport-native-epoll/4.1.30.Final/netty-transport-native-epoll-4.1.30.Final.jar:/home/user/.m2/repository/io/netty/netty-common/4.1.30.Final/netty-common-4.1.30.Final.jar:/home/user/.m2/repository/io/netty/netty-buffer/4.1.30.Final/netty-buffer-4.1.30.Final.jar:/home/user/.m2/repository/io/netty/netty-transport/4.1.30.Final/netty-transport-4.1.30.Final.jar:/home/user/.m2/repository/io/netty/netty-resolver/4.1.30.Final/netty-resolver-4.1.30.Final.jar:/home/user/.m2/repository/io/netty/netty-transport-native-unix-common/4.1.30.Final/netty-transport-native-unix-common-4.1.30.Final.jar:/home/user/.m2/repository/io/grpc/grpc-protobuf/1.17.1/grpc-protobuf-1.17.1.jar:/home/user/.m2/repository/com/google/api/grpc/proto-google-common-protos/1.0.0/proto-google-common-protos-1.0.0.jar:/home/user/.m2/repository/io/grpc/grpc-protobuf-lite/1.17.1/grpc-protobuf-lite-1.17.1.jar:/home/user/.m2/repository/io/grpc/grpc-stub/1.17.1/grpc-stub-1.17.1.jar:/home/user/.m2/repository/org/apache/hadoop/hadoop-ozone-recon/0.4.1-SNAPSHOT/hadoop-ozone-recon-0.4.1-SNAPSHOT.jar:/home/user/.m2/repository/org/apache/hadoop/hadoop-ozone-reconcodegen/0.4.1-SNAPSHOT/hadoop-ozone-reconcodegen-0.4.1-SNAPSHOT.jar:/home/user/.m2/repository/com/google/inject/extensions/guice-multibindings/4.0/guice-multibindings-4.0.jar:/home/user/.m2/repository/com/google/inject/guice/4.0/guice-4.0.jar:/home/user/.m2/repository/aopalliance/aopalliance/1.0/aopalliance-1.0.jar:/home/user/.m2/repository/com/google/inject/extensions/guice-servlet/4.0/guice-servlet-4.0.jar:/home/user/.m2/repository/org/glassfish/jersey/containers/jersey-container-servlet/2.27/jersey-container-servlet-2.27.jar:/home/user/.m2/repository/org/glassfish/hk2/guice-bridge/2.5.0/guice-bridge-2.5.0.jar:/home/user/.m2/repository/org/glassfish/jersey/core/jersey-server/2.27/jersey-server-2.27.jar:/home/user/.m2/repository/org/glassfish/jersey/core/jersey-client/2.27/jersey-client-2.27.jar:/home/user/.m2/repository/org/glassfish/jersey/media/jersey-media-jaxb/2.27/jersey-media-jaxb-2.27.jar:/home/user/.m2/repository/javax/validation/validation-api/1.1.0.Final/validation-api-1.1.0.Final.jar:/home/user/.m2/repository/org/glassfish/jersey/media/jersey-media-json-jackson/2.27/jersey-media-json-jackson-2.27.jar:/home/user/.m2/repository/org/glassfish/jersey/ext/jersey-entity-filtering/2.27/jersey-entity-filtering-2.27.jar:/home/user/.m2/repository/com/google/inject/extensions/guice-assistedinject/4.0/guice-assistedinject-4.0.jar:/home/user/.m2/repository/org/jooq/jooq/3.11.10/jooq-3.11.10.jar:/home/user/.m2/repository/org/jooq/jooq-meta/3.11.10/jooq-meta-3.11.10.jar:/home/user/.m2/repository/org/jooq/jooq-codegen/3.11.10/jooq-codegen-3.11.10.jar:/home/user/.m2/repository/com/jolbox/bonecp/0.8.0.RELEASE/bonecp-0.8.0.RELEASE.jar:/home/user/.m2/repository/org/xerial/sqlite-jdbc/3.25.2/sqlite-jdbc-3.25.2.jar:/home/user/.m2/repository/org/springframework/spring-jdbc/5.1.3.RELEASE/spring-jdbc-5.1.3.RELEASE.jar:/home/user/.m2/repository/org/springframework/spring-beans/5.1.3.RELEASE/spring-beans-5.1.3.RELEASE.jar:/home/user/.m2/repository/org/springframework/spring-core/5.1.3.RELEASE/spring-core-5.1.3.RELEASE.jar:/home/user/.m2/repository/org/springframework/spring-jcl/5.1.3.RELEASE/spring-jcl-5.1.3.RELEASE.jar:/home/user/.m2/repository/org/springframework/spring-tx/5.1.3.RELEASE/spring-tx-5.1.3.RELEASE.jar:/home/user/.m2/repository/org/apache/hadoop/hadoop-ozone-client/0.4.1-SNAPSHOT/hadoop-ozone-client-0.4.1-SNAPSHOT.jar:/home/user/.m2/repository/commons-lang/commons-lang/2.6/commons-lang-2.6.jar:/home/user/.m2/repository/org/apache/hadoop/hadoop-ozone-ozone-manager/0.4.1-SNAPSHOT/hadoop-ozone-ozone-manager-0.4.1-SNAPSHOT-tests.jar:/home/user/.m2/repository/junit/junit/4.11/junit-4.11.jar:/home/user/.m2/repository/org/hamcrest/hamcrest-core/1.3/hamcrest-core-1.3.jar:/home/user/.m2/repository/org/openjdk/jmh/jmh-core/1.19/jmh-core-1.19.jar:/home/user/.m2/repository/net/sf/jopt-simple/jopt-simple/4.6/jopt-simple-4.6.jar:/home/user/.m2/repository/org/apache/commons/commons-math3/3.1.1/commons-math3-3.1.1.jar:/home/user/.m2/repository/org/openjdk/jmh/jmh-generator-annprocess/1.19/jmh-generator-annprocess-1.19.jar:/home/user/.m2/repository/org/mockito/mockito-all/1.8.5/mockito-all-1.8.5.jar:/home/user/.m2/repository/org/apache/hadoop/hadoop-kms/3.2.0/hadoop-kms-3.2.0.jar:/home/user/.m2/repository/org/apache/hadoop/hadoop-auth/3.2.0/hadoop-auth-3.2.0.jar:/home/user/.m2/repository/com/nimbusds/nimbus-jose-jwt/4.41.1/nimbus-jose-jwt-4.41.1.jar:/home/user/.m2/repository/com/github/stephenc/jcip/jcip-annotations/1.0-1/jcip-annotations-1.0-1.jar:/home/user/.m2/repository/net/minidev/json-smart/2.3/json-smart-2.3.jar:/home/user/.m2/repository/net/minidev/accessors-smart/1.2/accessors-smart-1.2.jar:/home/user/.m2/repository/org/ow2/asm/asm/5.0.4/asm-5.0.4.jar:/home/user/.m2/repository/org/apache/curator/curator-framework/2.12.0/curator-framework-2.12.0.jar:/home/user/.m2/repository/com/sun/jersey/jersey-core/1.19/jersey-core-1.19.jar:/home/user/.m2/repository/javax/ws/rs/jsr311-api/1.1.1/jsr311-api-1.1.1.jar:/home/user/.m2/repository/com/sun/jersey/jersey-server/1.19/jersey-server-1.19.jar:/home/user/.m2/repository/javax/servlet/javax.servlet-api/3.1.0/javax.servlet-api-3.1.0.jar:/home/user/.m2/repository/org/eclipse/jetty/jetty-server/9.3.24.v20180605/jetty-server-9.3.24.v20180605.jar:/home/user/.m2/repository/org/eclipse/jetty/jetty-http/9.3.24.v20180605/jetty-http-9.3.24.v20180605.jar:/home/user/.m2/repository/org/eclipse/jetty/jetty-io/9.3.24.v20180605/jetty-io-9.3.24.v20180605.jar:/home/user/.m2/repository/org/eclipse/jetty/jetty-webapp/9.3.24.v20180605/jetty-webapp-9.3.24.v20180605.jar:/home/user/.m2/repository/org/eclipse/jetty/jetty-xml/9.3.24.v20180605/jetty-xml-9.3.24.v20180605.jar:/home/user/.m2/repository/log4j/log4j/1.2.17/log4j-1.2.17.jar:/home/user/.m2/repository/org/slf4j/slf4j-api/1.7.25/slf4j-api-1.7.25.jar:/home/user/.m2/repository/org/slf4j/jul-to-slf4j/1.7.25/jul-to-slf4j-1.7.25.jar:/home/user/.m2/repository/org/eclipse/jetty/jetty-util/9.3.24.v20180605/jetty-util-9.3.24.v20180605.jar:/home/user/.m2/repository/com/fasterxml/jackson/core/jackson-databind/2.9.5/jackson-databind-2.9.5.jar:/home/user/.m2/repository/org/apache/hadoop/hadoop-kms/3.2.0/hadoop-kms-3.2.0-tests.jar:/home/user/.m2/repository/org/apache/hadoop/hadoop-hdds-server-scm/0.4.1-SNAPSHOT/hadoop-hdds-server-scm-0.4.1-SNAPSHOT-tests.jar:/home/user/.m2/repository/org/apache/hadoop/hadoop-hdds-container-service/0.4.1-SNAPSHOT/hadoop-hdds-container-service-0.4.1-SNAPSHOT-tests.jar:/home/user/.m2/repository/org/yaml/snakeyaml/1.16/snakeyaml-1.16.jar:/home/user/.m2/repository/org/apache/hadoop/hadoop-common/3.2.0/hadoop-common-3.2.0-tests.jar:/home/user/.m2/repository/org/apache/hadoop/hadoop-annotations/3.2.0/hadoop-annotations-3.2.0.jar:/usr/lib/jvm/java-1.8-openjdk/jre/../lib/tools.jar:/home/user/.m2/repository/commons-cli/commons-cli/1.2/commons-cli-1.2.jar:/home/user/.m2/repository/org/apache/httpcomponents/httpclient/4.5.2/httpclient-4.5.2.jar:/home/user/.m2/repository/org/apache/httpcomponents/httpcore/4.4.4/httpcore-4.4.4.jar:/home/user/.m2/repository/commons-codec/commons-codec/1.11/commons-codec-1.11.jar:/home/user/.m2/repository/commons-net/commons-net/3.6/commons-net-3.6.jar:/home/user/.m2/repository/commons-collections/commons-collections/3.2.2/commons-collections-3.2.2.jar:/home/user/.m2/repository/org/eclipse/jetty/jetty-servlet/9.3.24.v20180605/jetty-servlet-9.3.24.v20180605.jar:/home/user/.m2/repository/org/eclipse/jetty/jetty-security/9.3.24.v20180605/jetty-security-9.3.24.v20180605.jar:/home/user/.m2/repository/javax/servlet/jsp/jsp-api/2.1/jsp-api-2.1.jar:/home/user/.m2/repository/com/sun/jersey/jersey-servlet/1.19/jersey-servlet-1.19.jar:/home/user/.m2/repository/com/sun/jersey/jersey-json/1.19/jersey-json-1.19.jar:/home/user/.m2/repository/org/codehaus/jettison/jettison/1.1/jettison-1.1.jar:/home/user/.m2/repository/org/codehaus/jackson/jackson-core-asl/1.9.13/jackson-core-asl-1.9.13.jar:/home/user/.m2/repository/org/codehaus/jackson/jackson-mapper-asl/1.9.13/jackson-mapper-asl-1.9.13.jar:/home/user/.m2/repository/org/codehaus/jackson/jackson-jaxrs/1.9.13/jackson-jaxrs-1.9.13.jar:/home/user/.m2/repository/org/codehaus/jackson/jackson-xc/1.9.13/jackson-xc-1.9.13.jar:/home/user/.m2/repository/commons-logging/commons-logging/1.1.3/commons-logging-1.1.3.jar:/home/user/.m2/repository/commons-beanutils/commons-beanutils/1.9.3/commons-beanutils-1.9.3.jar:/home/user/.m2/repository/org/apache/commons/commons-configuration2/2.1.1/commons-configuration2-2.1.1.jar:/home/user/.m2/repository/org/apache/commons/commons-lang3/3.7/commons-lang3-3.7.jar:/home/user/.m2/repository/org/apache/commons/commons-text/1.4/commons-text-1.4.jar:/home/user/.m2/repository/org/apache/avro/avro/1.7.7/avro-1.7.7.jar:/home/user/.m2/repository/com/thoughtworks/paranamer/paranamer/2.3/paranamer-2.3.jar:/home/user/.m2/repository/org/xerial/snappy/snappy-java/1.0.5/snappy-java-1.0.5.jar:/home/user/.m2/repository/com/google/re2j/re2j/1.1/re2j-1.1.jar:/home/user/.m2/repository/com/google/code/gson/gson/2.2.4/gson-2.2.4.jar:/home/user/.m2/repository/com/jcraft/jsch/0.1.54/jsch-0.1.54.jar:/home/user/.m2/repository/org/apache/curator/curator-client/2.12.0/curator-client-2.12.0.jar:/home/user/.m2/repository/org/apache/curator/curator-recipes/2.12.0/curator-recipes-2.12.0.jar:/home/user/.m2/repository/com/google/code/findbugs/jsr305/3.0.0/jsr305-3.0.0.jar:/home/user/.m2/repository/org/apache/htrace/htrace-core4/4.1.0-incubating/htrace-core4-4.1.0-incubating.jar:/home/user/.m2/repository/org/apache/zookeeper/zookeeper/3.4.13/zookeeper-3.4.13.jar:/home/user/.m2/repository/org/apache/yetus/audience-annotations/0.5.0/audience-annotations-0.5.0.jar:/home/user/.m2/repository/org/codehaus/woodstox/stax2-api/3.1.4/stax2-api-3.1.4.jar:/home/user/.m2/repository/com/fasterxml/woodstox/woodstox-core/5.0.3/woodstox-core-5.0.3.jar:/home/user/.m2/repository/dnsjava/dnsjava/2.1.7/dnsjava-2.1.7.jar:/home/user/.m2/repository/org/apache/hadoop/hadoop-hdfs/3.2.0/hadoop-hdfs-3.2.0-tests.jar:/home/user/.m2/repository/org/eclipse/jetty/jetty-util-ajax/9.3.24.v20180605/jetty-util-ajax-9.3.24.v20180605.jar:/home/user/.m2/repository/commons-daemon/commons-daemon/1.0.13/commons-daemon-1.0.13.jar:/home/user/.m2/repository/io/netty/netty/3.10.5.Final/netty-3.10.5.Final.jar:/home/user/.m2/repository/io/netty/netty-all/4.0.52.Final/netty-all-4.0.52.Final.jar:/home/user/.m2/repository/org/fusesource/leveldbjni/leveldbjni-all/1.8/leveldbjni-all-1.8.jar:"/>
    <property name="java.vm.vendor" value="IcedTea"/>
    <property name="sun.arch.data.model" value="64"/>
    <property name="test.build.dir" value="/workdir/hadoop-ozone/integration-test/target/test-dir"/>
    <property name="test.cache.data" value=""/>
    <property name="java.vendor.url" value="https://icedtea.classpath.org"/>
    <property name="user.timezone" value=""/>
    <property name="java.vm.specification.version" value="1.8"/>
    <property name="os.name" value="Linux"/>
    <property name="test.build.data" value="/workdir/hadoop-ozone/integration-test/target/test-dir"/>
    <property name="user.country" value="US"/>
    <property name="sun.java.launcher" value="SUN_STANDARD"/>
    <property name="sun.boot.library.path" value="/usr/lib/jvm/java-1.8-openjdk/jre/lib/amd64"/>
    <property name="sun.java.command" value="/workdir/hadoop-ozone/integration-test/target/surefire/surefirebooter3722175205661611234.jar /workdir/hadoop-ozone/integration-test/target/surefire 2019-07-30T15-42-22_058-jvmRun1 surefire8410561666288499895tmp surefire_673019197469575032348tmp"/>
    <property name="surefire.test.class.path" value="/workdir/hadoop-ozone/integration-test/target/test-classes:/workdir/hadoop-ozone/integration-test/target/classes:/home/user/.m2/repository/org/apache/hadoop/hadoop-ozone-common/0.4.1-SNAPSHOT/hadoop-ozone-common-0.4.1-SNAPSHOT.jar:/home/user/.m2/repository/org/apache/commons/commons-compress/1.4.1/commons-compress-1.4.1.jar:/home/user/.m2/repository/org/tukaani/xz/1.0/xz-1.0.jar:/home/user/.m2/repository/org/apache/hadoop/hadoop-common/3.2.0/hadoop-common-3.2.0.jar:/home/user/.m2/repository/org/apache/hadoop/hadoop-hdfs/3.2.0/hadoop-hdfs-3.2.0.jar:/home/user/.m2/repository/org/apache/hadoop/hadoop-hdfs-client/3.2.0/hadoop-hdfs-client-3.2.0.jar:/home/user/.m2/repository/com/fasterxml/jackson/core/jackson-annotations/2.9.5/jackson-annotations-2.9.5.jar:/home/user/.m2/repository/org/apache/hadoop/hadoop-hdds-common/0.4.1-SNAPSHOT/hadoop-hdds-common-0.4.1-SNAPSHOT.jar:/home/user/.m2/repository/javax/annotation/javax.annotation-api/1.2/javax.annotation-api-1.2.jar:/home/user/.m2/repository/org/apache/ratis/ratis-server/0.4.0-2337318-SNAPSHOT/ratis-server-0.4.0-2337318-SNAPSHOT.jar:/home/user/.m2/repository/org/apache/ratis/ratis-thirdparty-misc/0.2.0/ratis-thirdparty-misc-0.2.0.jar:/home/user/.m2/repository/org/apache/ratis/ratis-proto/0.4.0-2337318-SNAPSHOT/ratis-proto-0.4.0-2337318-SNAPSHOT.jar:/home/user/.m2/repository/org/apache/ratis/ratis-common/0.4.0-2337318-SNAPSHOT/ratis-common-0.4.0-2337318-SNAPSHOT.jar:/home/user/.m2/repository/org/apache/ratis/ratis-client/0.4.0-2337318-SNAPSHOT/ratis-client-0.4.0-2337318-SNAPSHOT.jar:/home/user/.m2/repository/org/apache/ratis/ratis-metrics/0.4.0-2337318-SNAPSHOT/ratis-metrics-0.4.0-2337318-SNAPSHOT.jar:/home/user/.m2/repository/org/apache/ratis/ratis-netty/0.4.0-2337318-SNAPSHOT/ratis-netty-0.4.0-2337318-SNAPSHOT.jar:/home/user/.m2/repository/org/apache/ratis/ratis-grpc/0.4.0-2337318-SNAPSHOT/ratis-grpc-0.4.0-2337318-SNAPSHOT.jar:/home/user/.m2/repository/org/rocksdb/rocksdbjni/6.0.1/rocksdbjni-6.0.1.jar:/home/user/.m2/repository/org/apache/logging/log4j/log4j-api/2.11.0/log4j-api-2.11.0.jar:/home/user/.m2/repository/org/apache/logging/log4j/log4j-core/2.11.0/log4j-core-2.11.0.jar:/home/user/.m2/repository/com/lmax/disruptor/3.4.2/disruptor-3.4.2.jar:/home/user/.m2/repository/org/apache/commons/commons-pool2/2.6.0/commons-pool2-2.6.0.jar:/home/user/.m2/repository/org/bouncycastle/bcpkix-jdk15on/1.60/bcpkix-jdk15on-1.60.jar:/home/user/.m2/repository/commons-validator/commons-validator/1.6/commons-validator-1.6.jar:/home/user/.m2/repository/commons-digester/commons-digester/1.8.1/commons-digester-1.8.1.jar:/home/user/.m2/repository/io/jaegertracing/jaeger-client/0.33.1/jaeger-client-0.33.1.jar:/home/user/.m2/repository/io/jaegertracing/jaeger-thrift/0.33.1/jaeger-thrift-0.33.1.jar:/home/user/.m2/repository/org/apache/thrift/libthrift/0.11.0/libthrift-0.11.0.jar:/home/user/.m2/repository/com/squareup/okhttp3/okhttp/3.9.0/okhttp-3.9.0.jar:/home/user/.m2/repository/com/squareup/okio/okio/1.13.0/okio-1.13.0.jar:/home/user/.m2/repository/io/jaegertracing/jaeger-core/0.33.1/jaeger-core-0.33.1.jar:/home/user/.m2/repository/io/jaegertracing/jaeger-tracerresolver/0.33.1/jaeger-tracerresolver-0.33.1.jar:/home/user/.m2/repository/io/opentracing/contrib/opentracing-tracerresolver/0.1.5/opentracing-tracerresolver-0.1.5.jar:/home/user/.m2/repository/io/opentracing/opentracing-util/0.31.0/opentracing-util-0.31.0.jar:/home/user/.m2/repository/io/opentracing/opentracing-api/0.31.0/opentracing-api-0.31.0.jar:/home/user/.m2/repository/io/opentracing/opentracing-noop/0.31.0/opentracing-noop-0.31.0.jar:/home/user/.m2/repository/org/apache/hadoop/hadoop-hdds-server-framework/0.4.1-SNAPSHOT/hadoop-hdds-server-framework-0.4.1-SNAPSHOT.jar:/home/user/.m2/repository/org/apache/hadoop/hadoop-hdds-container-service/0.4.1-SNAPSHOT/hadoop-hdds-container-service-0.4.1-SNAPSHOT.jar:/home/user/.m2/repository/org/apache/hadoop/hadoop-hdds-client/0.4.1-SNAPSHOT/hadoop-hdds-client-0.4.1-SNAPSHOT.jar:/home/user/.m2/repository/org/apache/hadoop/hadoop-hdds-tools/0.4.1-SNAPSHOT/hadoop-hdds-tools-0.4.1-SNAPSHOT.jar:/home/user/.m2/repository/org/apache/hadoop/hadoop-hdds-server-scm/0.4.1-SNAPSHOT/hadoop-hdds-server-scm-0.4.1-SNAPSHOT.jar:/home/user/.m2/repository/org/apache/hadoop/hadoop-hdds-docs/0.4.1-SNAPSHOT/hadoop-hdds-docs-0.4.1-SNAPSHOT.jar:/home/user/.m2/repository/io/dropwizard/metrics/metrics-core/3.2.4/metrics-core-3.2.4.jar:/home/user/.m2/repository/org/hamcrest/hamcrest-all/1.3/hamcrest-all-1.3.jar:/home/user/.m2/repository/org/bouncycastle/bcprov-jdk15on/1.60/bcprov-jdk15on-1.60.jar:/home/user/.m2/repository/info/picocli/picocli/3.9.6/picocli-3.9.6.jar:/home/user/.m2/repository/com/google/protobuf/protobuf-java/2.5.0/protobuf-java-2.5.0.jar:/home/user/.m2/repository/com/google/guava/guava/11.0.2/guava-11.0.2.jar:/home/user/.m2/repository/org/apache/hadoop/hadoop-ozone-ozone-manager/0.4.1-SNAPSHOT/hadoop-ozone-ozone-manager-0.4.1-SNAPSHOT.jar:/home/user/.m2/repository/org/apache/hadoop/hadoop-minikdc/3.2.0/hadoop-minikdc-3.2.0.jar:/home/user/.m2/repository/commons-io/commons-io/2.5/commons-io-2.5.jar:/home/user/.m2/repository/org/apache/kerby/kerb-simplekdc/1.0.1/kerb-simplekdc-1.0.1.jar:/home/user/.m2/repository/org/apache/kerby/kerb-client/1.0.1/kerb-client-1.0.1.jar:/home/user/.m2/repository/org/apache/kerby/kerby-config/1.0.1/kerby-config-1.0.1.jar:/home/user/.m2/repository/org/apache/kerby/kerb-core/1.0.1/kerb-core-1.0.1.jar:/home/user/.m2/repository/org/apache/kerby/kerby-pkix/1.0.1/kerby-pkix-1.0.1.jar:/home/user/.m2/repository/org/apache/kerby/kerby-asn1/1.0.1/kerby-asn1-1.0.1.jar:/home/user/.m2/repository/org/apache/kerby/kerby-util/1.0.1/kerby-util-1.0.1.jar:/home/user/.m2/repository/org/apache/kerby/kerb-common/1.0.1/kerb-common-1.0.1.jar:/home/user/.m2/repository/org/apache/kerby/kerb-crypto/1.0.1/kerb-crypto-1.0.1.jar:/home/user/.m2/repository/org/apache/kerby/kerb-util/1.0.1/kerb-util-1.0.1.jar:/home/user/.m2/repository/org/apache/kerby/token-provider/1.0.1/token-provider-1.0.1.jar:/home/user/.m2/repository/org/apache/kerby/kerb-admin/1.0.1/kerb-admin-1.0.1.jar:/home/user/.m2/repository/org/apache/kerby/kerb-server/1.0.1/kerb-server-1.0.1.jar:/home/user/.m2/repository/org/apache/kerby/kerb-identity/1.0.1/kerb-identity-1.0.1.jar:/home/user/.m2/repository/org/apache/kerby/kerby-xdr/1.0.1/kerby-xdr-1.0.1.jar:/home/user/.m2/repository/org/slf4j/slf4j-log4j12/1.7.25/slf4j-log4j12-1.7.25.jar:/home/user/.m2/repository/org/apache/hadoop/hadoop-ozone-objectstore-service/0.4.1-SNAPSHOT/hadoop-ozone-objectstore-service-0.4.1-SNAPSHOT.jar:/home/user/.m2/repository/org/apache/hadoop/hadoop-ozone-s3gateway/0.4.1-SNAPSHOT/hadoop-ozone-s3gateway-0.4.1-SNAPSHOT.jar:/home/user/.m2/repository/org/jboss/weld/servlet/weld-servlet/2.4.7.Final/weld-servlet-2.4.7.Final.jar:/home/user/.m2/repository/org/glassfish/jersey/containers/jersey-container-servlet-core/2.27/jersey-container-servlet-core-2.27.jar:/home/user/.m2/repository/org/glassfish/hk2/external/javax.inject/2.5.0-b42/javax.inject-2.5.0-b42.jar:/home/user/.m2/repository/org/glassfish/jersey/core/jersey-common/2.27/jersey-common-2.27.jar:/home/user/.m2/repository/org/glassfish/hk2/osgi-resource-locator/1.0.1/osgi-resource-locator-1.0.1.jar:/home/user/.m2/repository/javax/ws/rs/javax.ws.rs-api/2.1/javax.ws.rs-api-2.1.jar:/home/user/.m2/repository/org/glassfish/jersey/ext/cdi/jersey-cdi1x/2.27/jersey-cdi1x-2.27.jar:/home/user/.m2/repository/org/glassfish/jersey/inject/jersey-hk2/2.27/jersey-hk2-2.27.jar:/home/user/.m2/repository/org/glassfish/hk2/hk2-locator/2.5.0-b42/hk2-locator-2.5.0-b42.jar:/home/user/.m2/repository/org/javassist/javassist/3.22.0-CR2/javassist-3.22.0-CR2.jar:/home/user/.m2/repository/org/glassfish/hk2/hk2-api/2.5.0/hk2-api-2.5.0.jar:/home/user/.m2/repository/org/glassfish/hk2/external/jakarta.inject/2.5.0/jakarta.inject-2.5.0.jar:/home/user/.m2/repository/org/glassfish/hk2/hk2-utils/2.5.0/hk2-utils-2.5.0.jar:/home/user/.m2/repository/jakarta/annotation/jakarta.annotation-api/1.3.4/jakarta.annotation-api-1.3.4.jar:/home/user/.m2/repository/org/glassfish/hk2/external/aopalliance-repackaged/2.5.0/aopalliance-repackaged-2.5.0.jar:/home/user/.m2/repository/com/fasterxml/jackson/dataformat/jackson-dataformat-xml/2.9.0/jackson-dataformat-xml-2.9.0.jar:/home/user/.m2/repository/com/fasterxml/jackson/core/jackson-core/2.9.5/jackson-core-2.9.5.jar:/home/user/.m2/repository/com/fasterxml/jackson/module/jackson-module-jaxb-annotations/2.9.5/jackson-module-jaxb-annotations-2.9.5.jar:/home/user/.m2/repository/javax/enterprise/cdi-api/1.2/cdi-api-1.2.jar:/home/user/.m2/repository/javax/el/javax.el-api/3.0.0/javax.el-api-3.0.0.jar:/home/user/.m2/repository/javax/interceptor/javax.interceptor-api/1.2/javax.interceptor-api-1.2.jar:/home/user/.m2/repository/javax/inject/javax.inject/1/javax.inject-1.jar:/home/user/.m2/repository/com/sun/xml/bind/jaxb-impl/2.3.0.1/jaxb-impl-2.3.0.1.jar:/home/user/.m2/repository/com/sun/xml/bind/jaxb-core/2.3.0.1/jaxb-core-2.3.0.1.jar:/home/user/.m2/repository/javax/xml/bind/jaxb-api/2.3.0/jaxb-api-2.3.0.jar:/home/user/.m2/repository/javax/activation/activation/1.1.1/activation-1.1.1.jar:/home/user/.m2/repository/org/apache/hadoop/hadoop-ozone-csi/0.4.1-SNAPSHOT/hadoop-ozone-csi-0.4.1-SNAPSHOT.jar:/home/user/.m2/repository/com/google/protobuf/protobuf-java-util/3.5.1/protobuf-java-util-3.5.1.jar:/home/user/.m2/repository/org/apache/hadoop/hadoop-hdds-config/0.4.1-SNAPSHOT/hadoop-hdds-config-0.4.1-SNAPSHOT.jar:/home/user/.m2/repository/io/grpc/grpc-netty/1.17.1/grpc-netty-1.17.1.jar:/home/user/.m2/repository/io/grpc/grpc-core/1.17.1/grpc-core-1.17.1.jar:/home/user/.m2/repository/io/grpc/grpc-context/1.17.1/grpc-context-1.17.1.jar:/home/user/.m2/repository/com/google/errorprone/error_prone_annotations/2.2.0/error_prone_annotations-2.2.0.jar:/home/user/.m2/repository/org/codehaus/mojo/animal-sniffer-annotations/1.17/animal-sniffer-annotations-1.17.jar:/home/user/.m2/repository/io/opencensus/opencensus-api/0.17.0/opencensus-api-0.17.0.jar:/home/user/.m2/repository/io/opencensus/opencensus-contrib-grpc-metrics/0.17.0/opencensus-contrib-grpc-metrics-0.17.0.jar:/home/user/.m2/repository/io/netty/netty-codec-http2/4.1.30.Final/netty-codec-http2-4.1.30.Final.jar:/home/user/.m2/repository/io/netty/netty-codec-http/4.1.30.Final/netty-codec-http-4.1.30.Final.jar:/home/user/.m2/repository/io/netty/netty-codec/4.1.30.Final/netty-codec-4.1.30.Final.jar:/home/user/.m2/repository/io/netty/netty-handler/4.1.30.Final/netty-handler-4.1.30.Final.jar:/home/user/.m2/repository/io/netty/netty-handler-proxy/4.1.30.Final/netty-handler-proxy-4.1.30.Final.jar:/home/user/.m2/repository/io/netty/netty-codec-socks/4.1.30.Final/netty-codec-socks-4.1.30.Final.jar:/home/user/.m2/repository/io/netty/netty-transport-native-epoll/4.1.30.Final/netty-transport-native-epoll-4.1.30.Final.jar:/home/user/.m2/repository/io/netty/netty-common/4.1.30.Final/netty-common-4.1.30.Final.jar:/home/user/.m2/repository/io/netty/netty-buffer/4.1.30.Final/netty-buffer-4.1.30.Final.jar:/home/user/.m2/repository/io/netty/netty-transport/4.1.30.Final/netty-transport-4.1.30.Final.jar:/home/user/.m2/repository/io/netty/netty-resolver/4.1.30.Final/netty-resolver-4.1.30.Final.jar:/home/user/.m2/repository/io/netty/netty-transport-native-unix-common/4.1.30.Final/netty-transport-native-unix-common-4.1.30.Final.jar:/home/user/.m2/repository/io/grpc/grpc-protobuf/1.17.1/grpc-protobuf-1.17.1.jar:/home/user/.m2/repository/com/google/api/grpc/proto-google-common-protos/1.0.0/proto-google-common-protos-1.0.0.jar:/home/user/.m2/repository/io/grpc/grpc-protobuf-lite/1.17.1/grpc-protobuf-lite-1.17.1.jar:/home/user/.m2/repository/io/grpc/grpc-stub/1.17.1/grpc-stub-1.17.1.jar:/home/user/.m2/repository/org/apache/hadoop/hadoop-ozone-recon/0.4.1-SNAPSHOT/hadoop-ozone-recon-0.4.1-SNAPSHOT.jar:/home/user/.m2/repository/org/apache/hadoop/hadoop-ozone-reconcodegen/0.4.1-SNAPSHOT/hadoop-ozone-reconcodegen-0.4.1-SNAPSHOT.jar:/home/user/.m2/repository/com/google/inject/extensions/guice-multibindings/4.0/guice-multibindings-4.0.jar:/home/user/.m2/repository/com/google/inject/guice/4.0/guice-4.0.jar:/home/user/.m2/repository/aopalliance/aopalliance/1.0/aopalliance-1.0.jar:/home/user/.m2/repository/com/google/inject/extensions/guice-servlet/4.0/guice-servlet-4.0.jar:/home/user/.m2/repository/org/glassfish/jersey/containers/jersey-container-servlet/2.27/jersey-container-servlet-2.27.jar:/home/user/.m2/repository/org/glassfish/hk2/guice-bridge/2.5.0/guice-bridge-2.5.0.jar:/home/user/.m2/repository/org/glassfish/jersey/core/jersey-server/2.27/jersey-server-2.27.jar:/home/user/.m2/repository/org/glassfish/jersey/core/jersey-client/2.27/jersey-client-2.27.jar:/home/user/.m2/repository/org/glassfish/jersey/media/jersey-media-jaxb/2.27/jersey-media-jaxb-2.27.jar:/home/user/.m2/repository/javax/validation/validation-api/1.1.0.Final/validation-api-1.1.0.Final.jar:/home/user/.m2/repository/org/glassfish/jersey/media/jersey-media-json-jackson/2.27/jersey-media-json-jackson-2.27.jar:/home/user/.m2/repository/org/glassfish/jersey/ext/jersey-entity-filtering/2.27/jersey-entity-filtering-2.27.jar:/home/user/.m2/repository/com/google/inject/extensions/guice-assistedinject/4.0/guice-assistedinject-4.0.jar:/home/user/.m2/repository/org/jooq/jooq/3.11.10/jooq-3.11.10.jar:/home/user/.m2/repository/org/jooq/jooq-meta/3.11.10/jooq-meta-3.11.10.jar:/home/user/.m2/repository/org/jooq/jooq-codegen/3.11.10/jooq-codegen-3.11.10.jar:/home/user/.m2/repository/com/jolbox/bonecp/0.8.0.RELEASE/bonecp-0.8.0.RELEASE.jar:/home/user/.m2/repository/org/xerial/sqlite-jdbc/3.25.2/sqlite-jdbc-3.25.2.jar:/home/user/.m2/repository/org/springframework/spring-jdbc/5.1.3.RELEASE/spring-jdbc-5.1.3.RELEASE.jar:/home/user/.m2/repository/org/springframework/spring-beans/5.1.3.RELEASE/spring-beans-5.1.3.RELEASE.jar:/home/user/.m2/repository/org/springframework/spring-core/5.1.3.RELEASE/spring-core-5.1.3.RELEASE.jar:/home/user/.m2/repository/org/springframework/spring-jcl/5.1.3.RELEASE/spring-jcl-5.1.3.RELEASE.jar:/home/user/.m2/repository/org/springframework/spring-tx/5.1.3.RELEASE/spring-tx-5.1.3.RELEASE.jar:/home/user/.m2/repository/org/apache/hadoop/hadoop-ozone-client/0.4.1-SNAPSHOT/hadoop-ozone-client-0.4.1-SNAPSHOT.jar:/home/user/.m2/repository/commons-lang/commons-lang/2.6/commons-lang-2.6.jar:/home/user/.m2/repository/org/apache/hadoop/hadoop-ozone-ozone-manager/0.4.1-SNAPSHOT/hadoop-ozone-ozone-manager-0.4.1-SNAPSHOT-tests.jar:/home/user/.m2/repository/junit/junit/4.11/junit-4.11.jar:/home/user/.m2/repository/org/hamcrest/hamcrest-core/1.3/hamcrest-core-1.3.jar:/home/user/.m2/repository/org/openjdk/jmh/jmh-core/1.19/jmh-core-1.19.jar:/home/user/.m2/repository/net/sf/jopt-simple/jopt-simple/4.6/jopt-simple-4.6.jar:/home/user/.m2/repository/org/apache/commons/commons-math3/3.1.1/commons-math3-3.1.1.jar:/home/user/.m2/repository/org/openjdk/jmh/jmh-generator-annprocess/1.19/jmh-generator-annprocess-1.19.jar:/home/user/.m2/repository/org/mockito/mockito-all/1.8.5/mockito-all-1.8.5.jar:/home/user/.m2/repository/org/apache/hadoop/hadoop-kms/3.2.0/hadoop-kms-3.2.0.jar:/home/user/.m2/repository/org/apache/hadoop/hadoop-auth/3.2.0/hadoop-auth-3.2.0.jar:/home/user/.m2/repository/com/nimbusds/nimbus-jose-jwt/4.41.1/nimbus-jose-jwt-4.41.1.jar:/home/user/.m2/repository/com/github/stephenc/jcip/jcip-annotations/1.0-1/jcip-annotations-1.0-1.jar:/home/user/.m2/repository/net/minidev/json-smart/2.3/json-smart-2.3.jar:/home/user/.m2/repository/net/minidev/accessors-smart/1.2/accessors-smart-1.2.jar:/home/user/.m2/repository/org/ow2/asm/asm/5.0.4/asm-5.0.4.jar:/home/user/.m2/repository/org/apache/curator/curator-framework/2.12.0/curator-framework-2.12.0.jar:/home/user/.m2/repository/com/sun/jersey/jersey-core/1.19/jersey-core-1.19.jar:/home/user/.m2/repository/javax/ws/rs/jsr311-api/1.1.1/jsr311-api-1.1.1.jar:/home/user/.m2/repository/com/sun/jersey/jersey-server/1.19/jersey-server-1.19.jar:/home/user/.m2/repository/javax/servlet/javax.servlet-api/3.1.0/javax.servlet-api-3.1.0.jar:/home/user/.m2/repository/org/eclipse/jetty/jetty-server/9.3.24.v20180605/jetty-server-9.3.24.v20180605.jar:/home/user/.m2/repository/org/eclipse/jetty/jetty-http/9.3.24.v20180605/jetty-http-9.3.24.v20180605.jar:/home/user/.m2/repository/org/eclipse/jetty/jetty-io/9.3.24.v20180605/jetty-io-9.3.24.v20180605.jar:/home/user/.m2/repository/org/eclipse/jetty/jetty-webapp/9.3.24.v20180605/jetty-webapp-9.3.24.v20180605.jar:/home/user/.m2/repository/org/eclipse/jetty/jetty-xml/9.3.24.v20180605/jetty-xml-9.3.24.v20180605.jar:/home/user/.m2/repository/log4j/log4j/1.2.17/log4j-1.2.17.jar:/home/user/.m2/repository/org/slf4j/slf4j-api/1.7.25/slf4j-api-1.7.25.jar:/home/user/.m2/repository/org/slf4j/jul-to-slf4j/1.7.25/jul-to-slf4j-1.7.25.jar:/home/user/.m2/repository/org/eclipse/jetty/jetty-util/9.3.24.v20180605/jetty-util-9.3.24.v20180605.jar:/home/user/.m2/repository/com/fasterxml/jackson/core/jackson-databind/2.9.5/jackson-databind-2.9.5.jar:/home/user/.m2/repository/org/apache/hadoop/hadoop-kms/3.2.0/hadoop-kms-3.2.0-tests.jar:/home/user/.m2/repository/org/apache/hadoop/hadoop-hdds-server-scm/0.4.1-SNAPSHOT/hadoop-hdds-server-scm-0.4.1-SNAPSHOT-tests.jar:/home/user/.m2/repository/org/apache/hadoop/hadoop-hdds-container-service/0.4.1-SNAPSHOT/hadoop-hdds-container-service-0.4.1-SNAPSHOT-tests.jar:/home/user/.m2/repository/org/yaml/snakeyaml/1.16/snakeyaml-1.16.jar:/home/user/.m2/repository/org/apache/hadoop/hadoop-common/3.2.0/hadoop-common-3.2.0-tests.jar:/home/user/.m2/repository/org/apache/hadoop/hadoop-annotations/3.2.0/hadoop-annotations-3.2.0.jar:/usr/lib/jvm/java-1.8-openjdk/jre/../lib/tools.jar:/home/user/.m2/repository/commons-cli/commons-cli/1.2/commons-cli-1.2.jar:/home/user/.m2/repository/org/apache/httpcomponents/httpclient/4.5.2/httpclient-4.5.2.jar:/home/user/.m2/repository/org/apache/httpcomponents/httpcore/4.4.4/httpcore-4.4.4.jar:/home/user/.m2/repository/commons-codec/commons-codec/1.11/commons-codec-1.11.jar:/home/user/.m2/repository/commons-net/commons-net/3.6/commons-net-3.6.jar:/home/user/.m2/repository/commons-collections/commons-collections/3.2.2/commons-collections-3.2.2.jar:/home/user/.m2/repository/org/eclipse/jetty/jetty-servlet/9.3.24.v20180605/jetty-servlet-9.3.24.v20180605.jar:/home/user/.m2/repository/org/eclipse/jetty/jetty-security/9.3.24.v20180605/jetty-security-9.3.24.v20180605.jar:/home/user/.m2/repository/javax/servlet/jsp/jsp-api/2.1/jsp-api-2.1.jar:/home/user/.m2/repository/com/sun/jersey/jersey-servlet/1.19/jersey-servlet-1.19.jar:/home/user/.m2/repository/com/sun/jersey/jersey-json/1.19/jersey-json-1.19.jar:/home/user/.m2/repository/org/codehaus/jettison/jettison/1.1/jettison-1.1.jar:/home/user/.m2/repository/org/codehaus/jackson/jackson-core-asl/1.9.13/jackson-core-asl-1.9.13.jar:/home/user/.m2/repository/org/codehaus/jackson/jackson-mapper-asl/1.9.13/jackson-mapper-asl-1.9.13.jar:/home/user/.m2/repository/org/codehaus/jackson/jackson-jaxrs/1.9.13/jackson-jaxrs-1.9.13.jar:/home/user/.m2/repository/org/codehaus/jackson/jackson-xc/1.9.13/jackson-xc-1.9.13.jar:/home/user/.m2/repository/commons-logging/commons-logging/1.1.3/commons-logging-1.1.3.jar:/home/user/.m2/repository/commons-beanutils/commons-beanutils/1.9.3/commons-beanutils-1.9.3.jar:/home/user/.m2/repository/org/apache/commons/commons-configuration2/2.1.1/commons-configuration2-2.1.1.jar:/home/user/.m2/repository/org/apache/commons/commons-lang3/3.7/commons-lang3-3.7.jar:/home/user/.m2/repository/org/apache/commons/commons-text/1.4/commons-text-1.4.jar:/home/user/.m2/repository/org/apache/avro/avro/1.7.7/avro-1.7.7.jar:/home/user/.m2/repository/com/thoughtworks/paranamer/paranamer/2.3/paranamer-2.3.jar:/home/user/.m2/repository/org/xerial/snappy/snappy-java/1.0.5/snappy-java-1.0.5.jar:/home/user/.m2/repository/com/google/re2j/re2j/1.1/re2j-1.1.jar:/home/user/.m2/repository/com/google/code/gson/gson/2.2.4/gson-2.2.4.jar:/home/user/.m2/repository/com/jcraft/jsch/0.1.54/jsch-0.1.54.jar:/home/user/.m2/repository/org/apache/curator/curator-client/2.12.0/curator-client-2.12.0.jar:/home/user/.m2/repository/org/apache/curator/curator-recipes/2.12.0/curator-recipes-2.12.0.jar:/home/user/.m2/repository/com/google/code/findbugs/jsr305/3.0.0/jsr305-3.0.0.jar:/home/user/.m2/repository/org/apache/htrace/htrace-core4/4.1.0-incubating/htrace-core4-4.1.0-incubating.jar:/home/user/.m2/repository/org/apache/zookeeper/zookeeper/3.4.13/zookeeper-3.4.13.jar:/home/user/.m2/repository/org/apache/yetus/audience-annotations/0.5.0/audience-annotations-0.5.0.jar:/home/user/.m2/repository/org/codehaus/woodstox/stax2-api/3.1.4/stax2-api-3.1.4.jar:/home/user/.m2/repository/com/fasterxml/woodstox/woodstox-core/5.0.3/woodstox-core-5.0.3.jar:/home/user/.m2/repository/dnsjava/dnsjava/2.1.7/dnsjava-2.1.7.jar:/home/user/.m2/repository/org/apache/hadoop/hadoop-hdfs/3.2.0/hadoop-hdfs-3.2.0-tests.jar:/home/user/.m2/repository/org/eclipse/jetty/jetty-util-ajax/9.3.24.v20180605/jetty-util-ajax-9.3.24.v20180605.jar:/home/user/.m2/repository/commons-daemon/commons-daemon/1.0.13/commons-daemon-1.0.13.jar:/home/user/.m2/repository/io/netty/netty/3.10.5.Final/netty-3.10.5.Final.jar:/home/user/.m2/repository/io/netty/netty-all/4.0.52.Final/netty-all-4.0.52.Final.jar:/home/user/.m2/repository/org/fusesource/leveldbjni/leveldbjni-all/1.8/leveldbjni-all-1.8.jar:"/>
    <property name="sun.cpu.endian" value="little"/>
    <property name="user.home" value="/home/user"/>
    <property name="user.language" value="en"/>
    <property name="java.specification.vendor" value="Oracle Corporation"/>
    <property name="java.home" value="/usr/lib/jvm/java-1.8-openjdk/jre"/>
    <property name="java.security.krb5.conf" value="/workdir/hadoop-ozone/integration-test/target/test-classes/krb5.conf"/>
    <property name="basedir" value="/workdir/hadoop-ozone/integration-test"/>
    <property name="file.separator" value="/"/>
    <property name="line.separator" value="&#10;"/>
    <property name="java.vm.specification.vendor" value="Oracle Corporation"/>
    <property name="java.specification.name" value="Java Platform API Specification"/>
    <property name="java.awt.graphicsenv" value="sun.awt.X11GraphicsEnvironment"/>
    <property name="surefire.real.class.path" value="/workdir/hadoop-ozone/integration-test/target/surefire/surefirebooter3722175205661611234.jar"/>
    <property name="hadoop.log.dir" value="/workdir/hadoop-ozone/integration-test/target/log"/>
    <property name="sun.boot.class.path" value="/usr/lib/jvm/java-1.8-openjdk/jre/lib/resources.jar:/usr/lib/jvm/java-1.8-openjdk/jre/lib/rt.jar:/usr/lib/jvm/java-1.8-openjdk/jre/lib/sunrsasign.jar:/usr/lib/jvm/java-1.8-openjdk/jre/lib/jsse.jar:/usr/lib/jvm/java-1.8-openjdk/jre/lib/jce.jar:/usr/lib/jvm/java-1.8-openjdk/jre/lib/charsets.jar:/usr/lib/jvm/java-1.8-openjdk/jre/lib/jfr.jar:/usr/lib/jvm/java-1.8-openjdk/jre/classes"/>
    <property name="sun.management.compiler" value="HotSpot 64-Bit Tiered Compilers"/>
    <property name="java.runtime.version" value="1.8.0_212-b04"/>
    <property name="java.net.preferIPv4Stack" value="true"/>
    <property name="user.name" value="jenkins1000"/>
    <property name="path.separator" value=":"/>
    <property name="java.security.egd" value="file:///dev/urandom"/>
    <property name="os.version" value="3.10.0-957.12.2.el7.x86_64"/>
    <property name="java.endorsed.dirs" value="/usr/lib/jvm/java-1.8-openjdk/jre/lib/endorsed"/>
    <property name="java.runtime.name" value="OpenJDK Runtime Environment"/>
    <property name="file.encoding" value="UTF-8"/>
    <property name="java.vm.name" value="OpenJDK 64-Bit Server VM"/>
    <property name="test.build.webapps" value=""/>
    <property name="localRepository" value="/home/user/.m2/repository"/>
    <property name="java.vendor.url.bug" value="https://icedtea.classpath.org/bugzilla"/>
    <property name="java.io.tmpdir" value="/tmp"/>
    <property name="require.test.libhadoop" value=""/>
    <property name="java.version" value="1.8.0_212"/>
    <property name="user.dir" value="/workdir/hadoop-ozone/integration-test"/>
    <property name="os.arch" value="amd64"/>
    <property name="java.vm.specification.name" value="Java Virtual Machine Specification"/>
    <property name="test.build.classes" value="/workdir/hadoop-ozone/integration-test/target/test-classes"/>
    <property name="java.awt.printerjob" value="sun.print.PSPrinterJob"/>
    <property name="sun.os.patch.level" value="unknown"/>
    <property name="hadoop.tmp.dir" value="/workdir/hadoop-ozone/integration-test/target/tmp"/>
    <property name="java.library.path" value="/usr/lib/jvm/java-1.8-openjdk/jre/lib/amd64/server:/usr/lib/jvm/java-1.8-openjdk/jre/lib/amd64:/usr/lib/jvm/java-1.8-openjdk/jre/../lib/amd64:/workdir/hadoop-ozone/integration-test/target/native/target/usr/local/lib:/workdir/hadoop-ozone/integration-test/../../hadoop-common-project/hadoop-common/target/native/target/usr/local/lib:/usr/java/packages/lib/amd64:/usr/lib64:/lib64:/lib:/usr/lib"/>
    <property name="java.vm.info" value="mixed mode"/>
    <property name="java.vendor" value="IcedTea"/>
    <property name="java.vm.version" value="25.212-b04"/>
    <property name="java.ext.dirs" value="/usr/lib/jvm/java-1.8-openjdk/jre/lib/ext:/usr/java/packages/lib/ext"/>
    <property name="sun.io.unicode.encoding" value="UnicodeLittle"/>
    <property name="java.class.version" value="52.0"/>
  </properties>
  <testcase name="testPipelineExclusionWithPipelineFailure" classname="org.apache.hadoop.ozone.client.rpc.TestFailureHandlingByClient" time="43.928"/>
  <testcase name="testContainerExclusionWithClosedContainerException" classname="org.apache.hadoop.ozone.client.rpc.TestFailureHandlingByClient" time="26.188"/>
  <testcase name="testWriteSmallFile" classname="org.apache.hadoop.ozone.client.rpc.TestFailureHandlingByClient" time="36.512"/>
  <testcase name="testMultiBlockWritesWithIntermittentDnFailures" classname="org.apache.hadoop.ozone.client.rpc.TestFailureHandlingByClient" time="10.489">
    <error message="Unexpected Storage Container Exception: org.apache.hadoop.hdds.scm.container.common.helpers.StorageContainerException: ContainerID 3 does not exist" type="java.io.IOException">java.io.IOException: Unexpected Storage Container Exception: org.apache.hadoop.hdds.scm.container.common.helpers.StorageContainerException: ContainerID 3 does not exist
	at org.apache.hadoop.hdds.scm.storage.BlockOutputStream.setIoException(BlockOutputStream.java:541)
	at org.apache.hadoop.hdds.scm.storage.BlockOutputStream.validateResponse(BlockOutputStream.java:532)
	at org.apache.hadoop.hdds.scm.storage.BlockOutputStream.lambda$writeChunkToContainer$2(BlockOutputStream.java:606)
	at java.util.concurrent.CompletableFuture.uniApply(CompletableFuture.java:602)
	at java.util.concurrent.CompletableFuture$UniApply.tryFire(CompletableFuture.java:577)
	at java.util.concurrent.CompletableFuture$Completion.run(CompletableFuture.java:442)
	at java.util.concurrent.ThreadPoolExecutor.runWorker(ThreadPoolExecutor.java:1149)
	at java.util.concurrent.ThreadPoolExecutor$Worker.run(ThreadPoolExecutor.java:624)
	at java.lang.Thread.run(Thread.java:748)
Caused by: org.apache.hadoop.hdds.scm.container.common.helpers.StorageContainerException: ContainerID 3 does not exist
	at org.apache.hadoop.hdds.scm.storage.ContainerProtocolCalls.validateContainerResponse(ContainerProtocolCalls.java:536)
	at org.apache.hadoop.hdds.scm.storage.BlockOutputStream.validateResponse(BlockOutputStream.java:529)
	... 7 more
</error>
    <system-out><![CDATA[2019-07-30 16:26:01,592 WARN  server.ServerUtils (ServerUtils.java:getScmDbDir(145)) - ozone.scm.db.dirs is not configured. We recommend adding this setting. Falling back to ozone.metadata.dirs instead.
2019-07-30 16:26:01,607 WARN  server.ServerUtils (ServerUtils.java:getScmDbDir(145)) - ozone.scm.db.dirs is not configured. We recommend adding this setting. Falling back to ozone.metadata.dirs instead.
2019-07-30 16:26:01,608 WARN  server.ServerUtils (ServerUtils.java:getScmDbDir(145)) - ozone.scm.db.dirs is not configured. We recommend adding this setting. Falling back to ozone.metadata.dirs instead.
2019-07-30 16:26:01,608 INFO  db.DBStoreBuilder (DBStoreBuilder.java:addTable(110)) - using custom profile for table: deletedBlocks
2019-07-30 16:26:01,608 INFO  db.DBStoreBuilder (DBStoreBuilder.java:processTables(161)) - Using default column profile:DBProfile.DISK for Table:deletedBlocks
2019-07-30 16:26:01,609 INFO  db.DBStoreBuilder (DBStoreBuilder.java:addTable(110)) - using custom profile for table: validCerts
2019-07-30 16:26:01,609 INFO  db.DBStoreBuilder (DBStoreBuilder.java:processTables(161)) - Using default column profile:DBProfile.DISK for Table:validCerts
2019-07-30 16:26:01,609 INFO  db.DBStoreBuilder (DBStoreBuilder.java:addTable(110)) - using custom profile for table: revokedCerts
2019-07-30 16:26:01,609 INFO  db.DBStoreBuilder (DBStoreBuilder.java:processTables(161)) - Using default column profile:DBProfile.DISK for Table:revokedCerts
2019-07-30 16:26:01,610 INFO  db.DBStoreBuilder (DBStoreBuilder.java:addTable(110)) - using custom profile for table: default
2019-07-30 16:26:01,610 INFO  db.DBStoreBuilder (DBStoreBuilder.java:processTables(167)) - Using default column profile:DBProfile.DISK for Table:default
2019-07-30 16:26:01,610 INFO  db.DBStoreBuilder (DBStoreBuilder.java:getDbProfile(198)) - Using default options. DBProfile.DISK
2019-07-30 16:26:01,776 INFO  net.NodeSchemaLoader (NodeSchemaLoader.java:loadSchemaFromFile(125)) - Loading file from sun.misc.CompoundEnumeration@41289e88
2019-07-30 16:26:01,776 INFO  net.NodeSchemaLoader (NodeSchemaLoader.java:loadSchema(171)) - Loading network topology layer schema file
2019-07-30 16:26:01,781 INFO  node.SCMNodeManager (SCMNodeManager.java:<init>(121)) - Entering startup safe mode.
2019-07-30 16:26:01,782 WARN  server.ServerUtils (ServerUtils.java:getScmDbDir(145)) - ozone.scm.db.dirs is not configured. We recommend adding this setting. Falling back to ozone.metadata.dirs instead.
2019-07-30 16:26:01,831 INFO  pipeline.SCMPipelineManager (SCMPipelineManager.java:initializePipelineState(126)) - No pipeline exists in current db
2019-07-30 16:26:01,831 WARN  server.ServerUtils (ServerUtils.java:getScmDbDir(145)) - ozone.scm.db.dirs is not configured. We recommend adding this setting. Falling back to ozone.metadata.dirs instead.
2019-07-30 16:26:01,888 WARN  events.EventQueue (EventQueue.java:fireEvent(175)) - No event handler registered for event TypedEvent{payloadType=SafeModeStatus, name='SafeModeStatus'}
2019-07-30 16:26:01,889 INFO  ipc.CallQueueManager (CallQueueManager.java:<init>(84)) - Using callQueue: class java.util.concurrent.LinkedBlockingQueue, queueCapacity: 2000, scheduler: class org.apache.hadoop.ipc.DefaultRpcScheduler, ipcBackoff: false.
2019-07-30 16:26:01,890 INFO  ipc.Server (Server.java:run(1074)) - Starting Socket Reader #1 for port 34669
2019-07-30 16:26:01,891 INFO  ipc.CallQueueManager (CallQueueManager.java:<init>(84)) - Using callQueue: class java.util.concurrent.LinkedBlockingQueue, queueCapacity: 2000, scheduler: class org.apache.hadoop.ipc.DefaultRpcScheduler, ipcBackoff: false.
2019-07-30 16:26:01,892 INFO  ipc.Server (Server.java:run(1074)) - Starting Socket Reader #1 for port 36895
2019-07-30 16:26:01,894 INFO  ipc.CallQueueManager (CallQueueManager.java:<init>(84)) - Using callQueue: class java.util.concurrent.LinkedBlockingQueue, queueCapacity: 2000, scheduler: class org.apache.hadoop.ipc.DefaultRpcScheduler, ipcBackoff: false.
2019-07-30 16:26:01,895 INFO  ipc.Server (Server.java:run(1074)) - Starting Socket Reader #1 for port 36475
2019-07-30 16:26:01,898 INFO  hdfs.DFSUtil (DFSUtil.java:httpServerTemplateForNNAndJN(1641)) - Starting Web-server for scm at: http://0.0.0.0:0
2019-07-30 16:26:01,901 INFO  server.AuthenticationFilter (AuthenticationFilter.java:constructSecretProvider(240)) - Unable to initialize FileSignerSecretProvider, falling back to use random secrets.
2019-07-30 16:26:01,902 WARN  http.HttpRequestLog (HttpRequestLog.java:getRequestLog(97)) - Jetty request log can only be enabled using Log4j
2019-07-30 16:26:01,905 INFO  http.HttpServer2 (HttpServer2.java:addGlobalFilter(975)) - Added global filter 'safety' (class=org.apache.hadoop.http.HttpServer2$QuotingInputFilter)
2019-07-30 16:26:01,906 INFO  http.HttpServer2 (HttpServer2.java:addFilter(948)) - Added filter static_user_filter (class=org.apache.hadoop.http.lib.StaticUserWebFilter$StaticUserFilter) to context scm
2019-07-30 16:26:01,906 INFO  http.HttpServer2 (HttpServer2.java:addFilter(958)) - Added filter static_user_filter (class=org.apache.hadoop.http.lib.StaticUserWebFilter$StaticUserFilter) to context logs
2019-07-30 16:26:01,906 INFO  http.HttpServer2 (HttpServer2.java:addFilter(958)) - Added filter static_user_filter (class=org.apache.hadoop.http.lib.StaticUserWebFilter$StaticUserFilter) to context static
2019-07-30 16:26:01,909 INFO  server.StorageContainerManager (StorageContainerManager.java:start(758)) - StorageContainerLocationProtocol RPC server is listening at /0.0.0.0:36475
2019-07-30 16:26:01,912 WARN  impl.MetricsConfig (MetricsConfig.java:loadFirst(134)) - Cannot locate configuration: tried hadoop-metrics2-storagecontainermanager.properties,hadoop-metrics2.properties
2019-07-30 16:26:01,913 INFO  impl.MetricsSystemImpl (MetricsSystemImpl.java:startTimer(374)) - Scheduled Metric snapshot period at 10 second(s).
2019-07-30 16:26:01,913 INFO  impl.MetricsSystemImpl (MetricsSystemImpl.java:start(191)) - StorageContainerManager metrics system started
2019-07-30 16:26:01,982 INFO  server.SCMClientProtocolServer (SCMClientProtocolServer.java:start(151)) - RPC server for Client  is listening at /0.0.0.0:36475
2019-07-30 16:26:01,982 INFO  ipc.Server (Server.java:run(1314)) - IPC Server Responder: starting
2019-07-30 16:26:01,983 INFO  ipc.Server (Server.java:run(1153)) - IPC Server listener on 36475: starting
2019-07-30 16:26:01,987 INFO  server.StorageContainerManager (StorageContainerManager.java:start(768)) - ScmBlockLocationProtocol RPC server is listening at /0.0.0.0:36895
2019-07-30 16:26:01,987 INFO  server.SCMBlockProtocolServer (SCMBlockProtocolServer.java:start(140)) - RPC server for Block Protocol is listening at /0.0.0.0:36895
2019-07-30 16:26:01,987 INFO  ipc.Server (Server.java:run(1314)) - IPC Server Responder: starting
2019-07-30 16:26:01,987 INFO  ipc.Server (Server.java:run(1153)) - IPC Server listener on 36895: starting
2019-07-30 16:26:01,992 INFO  server.StorageContainerManager (StorageContainerManager.java:start(772)) - ScmDatanodeProtocl RPC server is listening at /0.0.0.0:34669
2019-07-30 16:26:01,992 INFO  server.SCMDatanodeProtocolServer (SCMDatanodeProtocolServer.java:start(191)) - RPC server for DataNodes is listening at /0.0.0.0:34669
2019-07-30 16:26:01,992 INFO  ipc.Server (Server.java:run(1314)) - IPC Server Responder: starting
2019-07-30 16:26:01,992 INFO  ipc.Server (Server.java:run(1153)) - IPC Server listener on 34669: starting
2019-07-30 16:26:01,997 INFO  http.HttpServer2 (HttpServer2.java:bindListener(1191)) - Jetty bound to port 42755
2019-07-30 16:26:01,997 INFO  server.Server (Server.java:doStart(351)) - jetty-9.3.24.v20180605, build timestamp: 2018-06-05T17:11:56Z, git hash: 84205aa28f11a4f31f2a3b86d1bba2cc8ab69827
2019-07-30 16:26:01,999 INFO  handler.ContextHandler (ContextHandler.java:doStart(781)) - Started o.e.j.s.ServletContextHandler@2ff62720{/logs,file:///workdir/hadoop-ozone/integration-test/target/log,AVAILABLE}
2019-07-30 16:26:01,999 INFO  handler.ContextHandler (ContextHandler.java:doStart(781)) - Started o.e.j.s.ServletContextHandler@42c9b1ee{/static,file:///workdir/hadoop-ozone/integration-test/target/test-classes/webapps/static,AVAILABLE}
2019-07-30 16:26:02,003 INFO  handler.ContextHandler (ContextHandler.java:doStart(781)) - Started o.e.j.w.WebAppContext@351be56b{/,file:///workdir/hadoop-ozone/integration-test/target/test-classes/webapps/scm/,AVAILABLE}{/scm}
2019-07-30 16:26:02,004 INFO  server.AbstractConnector (AbstractConnector.java:doStart(278)) - Started ServerConnector@212c0aff{HTTP/1.1,[http/1.1]}{0.0.0.0:42755}
2019-07-30 16:26:02,005 INFO  server.Server (Server.java:doStart(419)) - Started @107470ms
2019-07-30 16:26:02,006 INFO  server.BaseHttpServer (BaseHttpServer.java:updateConnectorAddress(207)) - HTTP server of SCM is listening at http://0.0.0.0:42755
2019-07-30 16:26:02,007 WARN  server.ServerUtils (ServerUtils.java:getDBPath(222)) - ozone.om.db.dirs is not configured. We recommend adding this setting. Falling back to ozone.metadata.dirs instead.
2019-07-30 16:26:02,007 INFO  util.JvmPauseMonitor (JvmPauseMonitor.java:run(188)) - Starting JVM pause monitor
2019-07-30 16:26:02,020 WARN  server.ServerUtils (ServerUtils.java:getDBPath(222)) - ozone.om.db.dirs is not configured. We recommend adding this setting. Falling back to ozone.metadata.dirs instead.
2019-07-30 16:26:02,020 WARN  server.ServerUtils (ServerUtils.java:getDBPath(222)) - ozone.om.db.dirs is not configured. We recommend adding this setting. Falling back to ozone.metadata.dirs instead.
2019-07-30 16:26:02,021 INFO  om.OzoneManager (OzoneManager.java:setOMNodeDetails(644)) - OM Service ID is not set. Setting it to the default ID: omServiceIdDefault
2019-07-30 16:26:02,021 INFO  om.OzoneManager (OzoneManager.java:setOMNodeDetails(650)) - OM Node ID is not set. Setting it to the OmStorage's OmID: 39663692-6fec-4761-a128-d5a87e73edb2
2019-07-30 16:26:02,021 INFO  om.OzoneManager (OzoneManager.java:loadOMHAConfigs(601)) - Found matching OM address with OMServiceId: null, OMNodeId: null, RPC Address: localhost:0 and Ratis port: 9872
2019-07-30 16:26:02,027 WARN  server.ServerUtils (ServerUtils.java:getDBPath(222)) - ozone.om.db.dirs is not configured. We recommend adding this setting. Falling back to ozone.metadata.dirs instead.
2019-07-30 16:26:02,028 INFO  db.DBStoreBuilder (DBStoreBuilder.java:addTable(110)) - using custom profile for table: userTable
2019-07-30 16:26:02,028 INFO  db.DBStoreBuilder (DBStoreBuilder.java:processTables(161)) - Using default column profile:DBProfile.DISK for Table:userTable
2019-07-30 16:26:02,028 INFO  db.DBStoreBuilder (DBStoreBuilder.java:addTable(110)) - using custom profile for table: volumeTable
2019-07-30 16:26:02,028 INFO  db.DBStoreBuilder (DBStoreBuilder.java:processTables(161)) - Using default column profile:DBProfile.DISK for Table:volumeTable
2019-07-30 16:26:02,028 INFO  db.DBStoreBuilder (DBStoreBuilder.java:addTable(110)) - using custom profile for table: bucketTable
2019-07-30 16:26:02,028 INFO  db.DBStoreBuilder (DBStoreBuilder.java:processTables(161)) - Using default column profile:DBProfile.DISK for Table:bucketTable
2019-07-30 16:26:02,029 INFO  db.DBStoreBuilder (DBStoreBuilder.java:addTable(110)) - using custom profile for table: keyTable
2019-07-30 16:26:02,029 INFO  db.DBStoreBuilder (DBStoreBuilder.java:processTables(161)) - Using default column profile:DBProfile.DISK for Table:keyTable
2019-07-30 16:26:02,029 INFO  db.DBStoreBuilder (DBStoreBuilder.java:addTable(110)) - using custom profile for table: deletedTable
2019-07-30 16:26:02,029 INFO  db.DBStoreBuilder (DBStoreBuilder.java:processTables(161)) - Using default column profile:DBProfile.DISK for Table:deletedTable
2019-07-30 16:26:02,029 INFO  db.DBStoreBuilder (DBStoreBuilder.java:addTable(110)) - using custom profile for table: openKeyTable
2019-07-30 16:26:02,029 INFO  db.DBStoreBuilder (DBStoreBuilder.java:processTables(161)) - Using default column profile:DBProfile.DISK for Table:openKeyTable
2019-07-30 16:26:02,030 INFO  db.DBStoreBuilder (DBStoreBuilder.java:addTable(110)) - using custom profile for table: s3Table
2019-07-30 16:26:02,030 INFO  db.DBStoreBuilder (DBStoreBuilder.java:processTables(161)) - Using default column profile:DBProfile.DISK for Table:s3Table
2019-07-30 16:26:02,030 INFO  db.DBStoreBuilder (DBStoreBuilder.java:addTable(110)) - using custom profile for table: multipartInfoTable
2019-07-30 16:26:02,030 INFO  db.DBStoreBuilder (DBStoreBuilder.java:processTables(161)) - Using default column profile:DBProfile.DISK for Table:multipartInfoTable
2019-07-30 16:26:02,030 INFO  db.DBStoreBuilder (DBStoreBuilder.java:addTable(110)) - using custom profile for table: dTokenTable
2019-07-30 16:26:02,030 INFO  db.DBStoreBuilder (DBStoreBuilder.java:processTables(161)) - Using default column profile:DBProfile.DISK for Table:dTokenTable
2019-07-30 16:26:02,031 INFO  db.DBStoreBuilder (DBStoreBuilder.java:addTable(110)) - using custom profile for table: s3SecretTable
2019-07-30 16:26:02,031 INFO  db.DBStoreBuilder (DBStoreBuilder.java:processTables(161)) - Using default column profile:DBProfile.DISK for Table:s3SecretTable
2019-07-30 16:26:02,031 INFO  db.DBStoreBuilder (DBStoreBuilder.java:addTable(110)) - using custom profile for table: prefixTable
2019-07-30 16:26:02,031 INFO  db.DBStoreBuilder (DBStoreBuilder.java:processTables(161)) - Using default column profile:DBProfile.DISK for Table:prefixTable
2019-07-30 16:26:02,031 INFO  db.DBStoreBuilder (DBStoreBuilder.java:addTable(110)) - using custom profile for table: default
2019-07-30 16:26:02,031 INFO  db.DBStoreBuilder (DBStoreBuilder.java:processTables(167)) - Using default column profile:DBProfile.DISK for Table:default
2019-07-30 16:26:02,032 INFO  db.DBStoreBuilder (DBStoreBuilder.java:getDbProfile(198)) - Using default options. DBProfile.DISK
2019-07-30 16:26:02,527 INFO  ipc.CallQueueManager (CallQueueManager.java:<init>(84)) - Using callQueue: class java.util.concurrent.LinkedBlockingQueue, queueCapacity: 2000, scheduler: class org.apache.hadoop.ipc.DefaultRpcScheduler, ipcBackoff: false.
2019-07-30 16:26:02,528 INFO  ipc.Server (Server.java:run(1074)) - Starting Socket Reader #1 for port 34509
2019-07-30 16:26:02,542 INFO  om.OzoneManager (OzoneManager.java:start(1255)) - OzoneManager RPC server is listening at localhost/127.0.0.1:34509
2019-07-30 16:26:02,543 INFO  impl.MetricsSystemImpl (MetricsSystemImpl.java:init(158)) - OzoneManager metrics system started (again)
2019-07-30 16:26:02,546 INFO  ipc.Server (Server.java:run(1314)) - IPC Server Responder: starting
2019-07-30 16:26:02,547 INFO  ipc.Server (Server.java:run(1153)) - IPC Server listener on 34509: starting
2019-07-30 16:26:02,554 INFO  hdfs.DFSUtil (DFSUtil.java:httpServerTemplateForNNAndJN(1641)) - Starting Web-server for ozoneManager at: http://0.0.0.0:0
2019-07-30 16:26:02,556 INFO  server.AuthenticationFilter (AuthenticationFilter.java:constructSecretProvider(240)) - Unable to initialize FileSignerSecretProvider, falling back to use random secrets.
2019-07-30 16:26:02,557 WARN  http.HttpRequestLog (HttpRequestLog.java:getRequestLog(97)) - Jetty request log can only be enabled using Log4j
2019-07-30 16:26:02,560 INFO  http.HttpServer2 (HttpServer2.java:addGlobalFilter(975)) - Added global filter 'safety' (class=org.apache.hadoop.http.HttpServer2$QuotingInputFilter)
2019-07-30 16:26:02,560 INFO  http.HttpServer2 (HttpServer2.java:addFilter(948)) - Added filter static_user_filter (class=org.apache.hadoop.http.lib.StaticUserWebFilter$StaticUserFilter) to context ozoneManager
2019-07-30 16:26:02,561 INFO  http.HttpServer2 (HttpServer2.java:addFilter(958)) - Added filter static_user_filter (class=org.apache.hadoop.http.lib.StaticUserWebFilter$StaticUserFilter) to context static
2019-07-30 16:26:02,561 INFO  http.HttpServer2 (HttpServer2.java:addFilter(958)) - Added filter static_user_filter (class=org.apache.hadoop.http.lib.StaticUserWebFilter$StaticUserFilter) to context logs
2019-07-30 16:26:02,562 INFO  http.HttpServer2 (HttpServer2.java:bindListener(1191)) - Jetty bound to port 41445
2019-07-30 16:26:02,562 INFO  server.Server (Server.java:doStart(351)) - jetty-9.3.24.v20180605, build timestamp: 2018-06-05T17:11:56Z, git hash: 84205aa28f11a4f31f2a3b86d1bba2cc8ab69827
2019-07-30 16:26:02,565 INFO  handler.ContextHandler (ContextHandler.java:doStart(781)) - Started o.e.j.s.ServletContextHandler@6167c42f{/logs,file:///workdir/hadoop-ozone/integration-test/target/log,AVAILABLE}
2019-07-30 16:26:02,566 INFO  handler.ContextHandler (ContextHandler.java:doStart(781)) - Started o.e.j.s.ServletContextHandler@2de96eba{/static,file:///workdir/hadoop-ozone/integration-test/target/test-classes/webapps/static,AVAILABLE}
2019-07-30 16:26:02,572 INFO  handler.ContextHandler (ContextHandler.java:doStart(781)) - Started o.e.j.w.WebAppContext@31450fc0{/,file:///workdir/hadoop-ozone/integration-test/target/test-classes/webapps/ozoneManager/,AVAILABLE}{/ozoneManager}
2019-07-30 16:26:02,573 INFO  server.AbstractConnector (AbstractConnector.java:doStart(278)) - Started ServerConnector@52b30dcd{HTTP/1.1,[http/1.1]}{0.0.0.0:41445}
2019-07-30 16:26:02,574 INFO  server.Server (Server.java:doStart(419)) - Started @108040ms
2019-07-30 16:26:02,575 INFO  server.BaseHttpServer (BaseHttpServer.java:updateConnectorAddress(207)) - HTTP server of OZONEMANAGER is listening at http://0.0.0.0:41445
2019-07-30 16:26:02,593 INFO  impl.MetricsSystemImpl (MetricsSystemImpl.java:init(158)) - HddsDatanode metrics system started (again)
2019-07-30 16:26:02,596 INFO  ozone.HddsDatanodeService (HddsDatanodeService.java:start(184)) - HddsDatanodeService host:byscane-nightly-58zn2-384979956 ip:192.168.69.86
2019-07-30 16:26:02,610 INFO  volume.HddsVolume (HddsVolume.java:<init>(176)) - Creating Volume: /workdir/hadoop-ozone/integration-test/target/test-dir/MiniOzoneClusterImpl-e0751c9c-ab1e-436e-a978-31c0514d5264/datanode-0/data/containers/hdds of  storage type : DISK and capacity : 52710309888
2019-07-30 16:26:02,610 INFO  volume.VolumeSet (VolumeSet.java:initializeVolumeSet(170)) - Added Volume : /workdir/hadoop-ozone/integration-test/target/test-dir/MiniOzoneClusterImpl-e0751c9c-ab1e-436e-a978-31c0514d5264/datanode-0/data/containers/hdds to VolumeSet
2019-07-30 16:26:02,610 INFO  volume.ThrottledAsyncChecker (ThrottledAsyncChecker.java:schedule(140)) - Scheduling a check for org.apache.hadoop.ozone.container.common.volume.HddsVolume@7c9512c6
2019-07-30 16:26:02,611 INFO  volume.HddsVolumeChecker (HddsVolumeChecker.java:checkAllVolumes(203)) - Scheduled health check for volume org.apache.hadoop.ozone.container.common.volume.HddsVolume@7c9512c6
2019-07-30 16:26:02,628 INFO  impl.RaftServerProxy (ConfUtils.java:logGet(43)) - raft.rpc.type = GRPC (default)
2019-07-30 16:26:02,629 INFO  grpc.GrpcFactory (GrpcFactory.java:checkPooledByteBufAllocatorUseCacheForAllThreads(45)) - PERFORMANCE WARNING: useCacheForAllThreads is true that may cause Netty to create a lot garbage objects and, as a result, trigger GC.
	It is recommended to disable useCacheForAllThreads by setting -Dorg.apache.ratis.thirdparty.io.netty.allocator.useCacheForAllThreads=false in command line.
2019-07-30 16:26:02,629 INFO  grpc.GrpcConfigKeys$Server (ConfUtils.java:logGet(43)) - raft.grpc.server.port = 0 (default)
2019-07-30 16:26:02,629 INFO  server.GrpcService (ConfUtils.java:logGet(43)) - raft.grpc.message.size.max = 33570816 (custom)
2019-07-30 16:26:02,629 INFO  server.RaftServerConfigKeys (ConfUtils.java:logGet(43)) - raft.server.log.appender.buffer.byte-limit = 33554432 (custom)
2019-07-30 16:26:02,630 INFO  server.GrpcService (ConfUtils.java:logGet(43)) - raft.grpc.flow.control.window = 1MB (=1048576) (default)
2019-07-30 16:26:02,630 INFO  server.RaftServerConfigKeys (ConfUtils.java:logGet(43)) - raft.server.rpc.request.timeout = 3000ms (default)
2019-07-30 16:26:02,630 INFO  server.RaftServerConfigKeys (ConfUtils.java:logGet(43)) - raft.server.storage.dir = [/workdir/hadoop-ozone/integration-test/target/test-dir/MiniOzoneClusterImpl-e0751c9c-ab1e-436e-a978-31c0514d5264/datanode-0/data/ratis] (custom)
2019-07-30 16:26:02,631 INFO  replication.SimpleContainerDownloader (SimpleContainerDownloader.java:<init>(72)) - Starting container downloader service to copy containers to replicate.
2019-07-30 16:26:02,632 INFO  hdfs.DFSUtil (DFSUtil.java:httpServerTemplateForNNAndJN(1641)) - Starting Web-server for hddsDatanode at: http://0.0.0.0:0
2019-07-30 16:26:02,634 INFO  server.AuthenticationFilter (AuthenticationFilter.java:constructSecretProvider(240)) - Unable to initialize FileSignerSecretProvider, falling back to use random secrets.
2019-07-30 16:26:02,634 WARN  http.HttpRequestLog (HttpRequestLog.java:getRequestLog(97)) - Jetty request log can only be enabled using Log4j
2019-07-30 16:26:02,636 INFO  http.HttpServer2 (HttpServer2.java:addGlobalFilter(975)) - Added global filter 'safety' (class=org.apache.hadoop.http.HttpServer2$QuotingInputFilter)
2019-07-30 16:26:02,636 INFO  http.HttpServer2 (HttpServer2.java:addFilter(948)) - Added filter static_user_filter (class=org.apache.hadoop.http.lib.StaticUserWebFilter$StaticUserFilter) to context hddsDatanode
2019-07-30 16:26:02,637 INFO  http.HttpServer2 (HttpServer2.java:addFilter(958)) - Added filter static_user_filter (class=org.apache.hadoop.http.lib.StaticUserWebFilter$StaticUserFilter) to context static
2019-07-30 16:26:02,637 INFO  http.HttpServer2 (HttpServer2.java:addFilter(958)) - Added filter static_user_filter (class=org.apache.hadoop.http.lib.StaticUserWebFilter$StaticUserFilter) to context logs
2019-07-30 16:26:02,637 INFO  http.HttpServer2 (HttpServer2.java:bindListener(1191)) - Jetty bound to port 32777
2019-07-30 16:26:02,638 INFO  server.Server (Server.java:doStart(351)) - jetty-9.3.24.v20180605, build timestamp: 2018-06-05T17:11:56Z, git hash: 84205aa28f11a4f31f2a3b86d1bba2cc8ab69827
2019-07-30 16:26:02,641 INFO  handler.ContextHandler (ContextHandler.java:doStart(781)) - Started o.e.j.s.ServletContextHandler@3e0327dd{/logs,file:///workdir/hadoop-ozone/integration-test/target/log,AVAILABLE}
2019-07-30 16:26:02,641 INFO  handler.ContextHandler (ContextHandler.java:doStart(781)) - Started o.e.j.s.ServletContextHandler@3361d286{/static,jar:file:/home/user/.m2/repository/org/apache/hadoop/hadoop-hdds-container-service/0.4.1-SNAPSHOT/hadoop-hdds-container-service-0.4.1-SNAPSHOT.jar!/webapps/static,AVAILABLE}
2019-07-30 16:26:02,674 INFO  handler.ContextHandler (ContextHandler.java:doStart(781)) - Started o.e.j.w.WebAppContext@399fd710{/,file:///tmp/jetty-0.0.0.0-32777-hddsDatanode-_-any-1271215950049660753.dir/webapp/,AVAILABLE}{/hddsDatanode}
2019-07-30 16:26:02,674 INFO  server.AbstractConnector (AbstractConnector.java:doStart(278)) - Started ServerConnector@7c359808{HTTP/1.1,[http/1.1]}{0.0.0.0:32777}
2019-07-30 16:26:02,675 INFO  server.Server (Server.java:doStart(419)) - Started @108141ms
2019-07-30 16:26:02,676 INFO  server.BaseHttpServer (BaseHttpServer.java:updateConnectorAddress(207)) - HTTP server of HDDSDATANODE is listening at http://0.0.0.0:32777
2019-07-30 16:26:02,787 INFO  ozone.HddsDatanodeService (HddsDatanodeService.java:startPlugins(395)) - Started plug-in org.apache.hadoop.ozone.web.OzoneHddsDatanodeService@2682cccc
2019-07-30 16:26:02,788 INFO  impl.MetricsSystemImpl (MetricsSystemImpl.java:init(158)) - HddsDatanode metrics system started (again)
2019-07-30 16:26:02,790 INFO  ozone.HddsDatanodeService (HddsDatanodeService.java:start(184)) - HddsDatanodeService host:byscane-nightly-58zn2-384979956 ip:192.168.69.86
2019-07-30 16:26:02,790 INFO  util.JvmPauseMonitor (JvmPauseMonitor.java:run(188)) - Starting JVM pause monitor
2019-07-30 16:26:02,792 INFO  datanode.InitDatanodeState (InitDatanodeState.java:persistContainerDatanodeDetails(140)) - DatanodeDetails is persisted to /workdir/hadoop-ozone/integration-test/target/test-dir/MiniOzoneClusterImpl-e0751c9c-ab1e-436e-a978-31c0514d5264/datanode-0/meta/datanode.id
2019-07-30 16:26:02,799 INFO  volume.HddsVolume (HddsVolume.java:<init>(176)) - Creating Volume: /workdir/hadoop-ozone/integration-test/target/test-dir/MiniOzoneClusterImpl-e0751c9c-ab1e-436e-a978-31c0514d5264/datanode-1/data/containers/hdds of  storage type : DISK and capacity : 52710309888
2019-07-30 16:26:02,799 INFO  volume.VolumeSet (VolumeSet.java:initializeVolumeSet(170)) - Added Volume : /workdir/hadoop-ozone/integration-test/target/test-dir/MiniOzoneClusterImpl-e0751c9c-ab1e-436e-a978-31c0514d5264/datanode-1/data/containers/hdds to VolumeSet
2019-07-30 16:26:02,799 INFO  volume.ThrottledAsyncChecker (ThrottledAsyncChecker.java:schedule(140)) - Scheduling a check for org.apache.hadoop.ozone.container.common.volume.HddsVolume@6369d01c
2019-07-30 16:26:02,800 INFO  volume.HddsVolumeChecker (HddsVolumeChecker.java:checkAllVolumes(203)) - Scheduled health check for volume org.apache.hadoop.ozone.container.common.volume.HddsVolume@6369d01c
2019-07-30 16:26:02,813 INFO  impl.RaftServerProxy (ConfUtils.java:logGet(43)) - raft.rpc.type = GRPC (default)
2019-07-30 16:26:02,813 INFO  grpc.GrpcFactory (GrpcFactory.java:checkPooledByteBufAllocatorUseCacheForAllThreads(45)) - PERFORMANCE WARNING: useCacheForAllThreads is true that may cause Netty to create a lot garbage objects and, as a result, trigger GC.
	It is recommended to disable useCacheForAllThreads by setting -Dorg.apache.ratis.thirdparty.io.netty.allocator.useCacheForAllThreads=false in command line.
2019-07-30 16:26:02,813 INFO  grpc.GrpcConfigKeys$Server (ConfUtils.java:logGet(43)) - raft.grpc.server.port = 0 (default)
2019-07-30 16:26:02,813 INFO  server.GrpcService (ConfUtils.java:logGet(43)) - raft.grpc.message.size.max = 33570816 (custom)
2019-07-30 16:26:02,813 INFO  server.RaftServerConfigKeys (ConfUtils.java:logGet(43)) - raft.server.log.appender.buffer.byte-limit = 33554432 (custom)
2019-07-30 16:26:02,813 INFO  server.GrpcService (ConfUtils.java:logGet(43)) - raft.grpc.flow.control.window = 1MB (=1048576) (default)
2019-07-30 16:26:02,814 INFO  server.RaftServerConfigKeys (ConfUtils.java:logGet(43)) - raft.server.rpc.request.timeout = 3000ms (default)
2019-07-30 16:26:02,814 INFO  server.RaftServerConfigKeys (ConfUtils.java:logGet(43)) - raft.server.storage.dir = [/workdir/hadoop-ozone/integration-test/target/test-dir/MiniOzoneClusterImpl-e0751c9c-ab1e-436e-a978-31c0514d5264/datanode-1/data/ratis] (custom)
2019-07-30 16:26:02,814 INFO  replication.SimpleContainerDownloader (SimpleContainerDownloader.java:<init>(72)) - Starting container downloader service to copy containers to replicate.
2019-07-30 16:26:02,815 INFO  hdfs.DFSUtil (DFSUtil.java:httpServerTemplateForNNAndJN(1641)) - Starting Web-server for hddsDatanode at: http://0.0.0.0:0
2019-07-30 16:26:02,816 INFO  server.AuthenticationFilter (AuthenticationFilter.java:constructSecretProvider(240)) - Unable to initialize FileSignerSecretProvider, falling back to use random secrets.
2019-07-30 16:26:02,817 WARN  http.HttpRequestLog (HttpRequestLog.java:getRequestLog(97)) - Jetty request log can only be enabled using Log4j
2019-07-30 16:26:02,818 INFO  http.HttpServer2 (HttpServer2.java:addGlobalFilter(975)) - Added global filter 'safety' (class=org.apache.hadoop.http.HttpServer2$QuotingInputFilter)
2019-07-30 16:26:02,818 INFO  http.HttpServer2 (HttpServer2.java:addFilter(948)) - Added filter static_user_filter (class=org.apache.hadoop.http.lib.StaticUserWebFilter$StaticUserFilter) to context hddsDatanode
2019-07-30 16:26:02,818 INFO  http.HttpServer2 (HttpServer2.java:addFilter(958)) - Added filter static_user_filter (class=org.apache.hadoop.http.lib.StaticUserWebFilter$StaticUserFilter) to context logs
2019-07-30 16:26:02,819 INFO  http.HttpServer2 (HttpServer2.java:addFilter(958)) - Added filter static_user_filter (class=org.apache.hadoop.http.lib.StaticUserWebFilter$StaticUserFilter) to context static
2019-07-30 16:26:02,819 INFO  http.HttpServer2 (HttpServer2.java:bindListener(1191)) - Jetty bound to port 35025
2019-07-30 16:26:02,819 INFO  server.Server (Server.java:doStart(351)) - jetty-9.3.24.v20180605, build timestamp: 2018-06-05T17:11:56Z, git hash: 84205aa28f11a4f31f2a3b86d1bba2cc8ab69827
2019-07-30 16:26:02,821 INFO  handler.ContextHandler (ContextHandler.java:doStart(781)) - Started o.e.j.s.ServletContextHandler@32e5fb4c{/logs,file:///workdir/hadoop-ozone/integration-test/target/log,AVAILABLE}
2019-07-30 16:26:02,821 INFO  handler.ContextHandler (ContextHandler.java:doStart(781)) - Started o.e.j.s.ServletContextHandler@1d3e5a05{/static,jar:file:/home/user/.m2/repository/org/apache/hadoop/hadoop-hdds-container-service/0.4.1-SNAPSHOT/hadoop-hdds-container-service-0.4.1-SNAPSHOT.jar!/webapps/static,AVAILABLE}
2019-07-30 16:26:02,859 INFO  handler.ContextHandler (ContextHandler.java:doStart(781)) - Started o.e.j.w.WebAppContext@46c2189e{/,file:///tmp/jetty-0.0.0.0-35025-hddsDatanode-_-any-196159834218911458.dir/webapp/,AVAILABLE}{/hddsDatanode}
2019-07-30 16:26:02,859 INFO  server.AbstractConnector (AbstractConnector.java:doStart(278)) - Started ServerConnector@3462e99a{HTTP/1.1,[http/1.1]}{0.0.0.0:35025}
2019-07-30 16:26:02,861 INFO  server.Server (Server.java:doStart(419)) - Started @108326ms
2019-07-30 16:26:02,861 INFO  server.BaseHttpServer (BaseHttpServer.java:updateConnectorAddress(207)) - HTTP server of HDDSDATANODE is listening at http://0.0.0.0:35025
2019-07-30 16:26:03,025 INFO  ozone.HddsDatanodeService (HddsDatanodeService.java:startPlugins(395)) - Started plug-in org.apache.hadoop.ozone.web.OzoneHddsDatanodeService@57ac2910
2019-07-30 16:26:03,026 INFO  impl.MetricsSystemImpl (MetricsSystemImpl.java:init(158)) - HddsDatanode metrics system started (again)
2019-07-30 16:26:03,029 INFO  util.JvmPauseMonitor (JvmPauseMonitor.java:run(188)) - Starting JVM pause monitor
2019-07-30 16:26:03,029 INFO  ozone.HddsDatanodeService (HddsDatanodeService.java:start(184)) - HddsDatanodeService host:byscane-nightly-58zn2-384979956 ip:192.168.69.86
2019-07-30 16:26:03,031 INFO  datanode.InitDatanodeState (InitDatanodeState.java:persistContainerDatanodeDetails(140)) - DatanodeDetails is persisted to /workdir/hadoop-ozone/integration-test/target/test-dir/MiniOzoneClusterImpl-e0751c9c-ab1e-436e-a978-31c0514d5264/datanode-1/meta/datanode.id
2019-07-30 16:26:03,039 INFO  volume.HddsVolume (HddsVolume.java:<init>(176)) - Creating Volume: /workdir/hadoop-ozone/integration-test/target/test-dir/MiniOzoneClusterImpl-e0751c9c-ab1e-436e-a978-31c0514d5264/datanode-2/data/containers/hdds of  storage type : DISK and capacity : 52710309888
2019-07-30 16:26:03,039 INFO  volume.VolumeSet (VolumeSet.java:initializeVolumeSet(170)) - Added Volume : /workdir/hadoop-ozone/integration-test/target/test-dir/MiniOzoneClusterImpl-e0751c9c-ab1e-436e-a978-31c0514d5264/datanode-2/data/containers/hdds to VolumeSet
2019-07-30 16:26:03,040 INFO  volume.ThrottledAsyncChecker (ThrottledAsyncChecker.java:schedule(140)) - Scheduling a check for org.apache.hadoop.ozone.container.common.volume.HddsVolume@7282f7b1
2019-07-30 16:26:03,040 INFO  volume.HddsVolumeChecker (HddsVolumeChecker.java:checkAllVolumes(203)) - Scheduled health check for volume org.apache.hadoop.ozone.container.common.volume.HddsVolume@7282f7b1
2019-07-30 16:26:03,060 INFO  impl.RaftServerProxy (ConfUtils.java:logGet(43)) - raft.rpc.type = GRPC (default)
2019-07-30 16:26:03,061 INFO  grpc.GrpcFactory (GrpcFactory.java:checkPooledByteBufAllocatorUseCacheForAllThreads(45)) - PERFORMANCE WARNING: useCacheForAllThreads is true that may cause Netty to create a lot garbage objects and, as a result, trigger GC.
	It is recommended to disable useCacheForAllThreads by setting -Dorg.apache.ratis.thirdparty.io.netty.allocator.useCacheForAllThreads=false in command line.
2019-07-30 16:26:03,061 INFO  grpc.GrpcConfigKeys$Server (ConfUtils.java:logGet(43)) - raft.grpc.server.port = 0 (default)
2019-07-30 16:26:03,062 INFO  server.GrpcService (ConfUtils.java:logGet(43)) - raft.grpc.message.size.max = 33570816 (custom)
2019-07-30 16:26:03,062 INFO  server.RaftServerConfigKeys (ConfUtils.java:logGet(43)) - raft.server.log.appender.buffer.byte-limit = 33554432 (custom)
2019-07-30 16:26:03,062 INFO  server.GrpcService (ConfUtils.java:logGet(43)) - raft.grpc.flow.control.window = 1MB (=1048576) (default)
2019-07-30 16:26:03,063 INFO  server.RaftServerConfigKeys (ConfUtils.java:logGet(43)) - raft.server.rpc.request.timeout = 3000ms (default)
2019-07-30 16:26:03,063 INFO  server.RaftServerConfigKeys (ConfUtils.java:logGet(43)) - raft.server.storage.dir = [/workdir/hadoop-ozone/integration-test/target/test-dir/MiniOzoneClusterImpl-e0751c9c-ab1e-436e-a978-31c0514d5264/datanode-2/data/ratis] (custom)
2019-07-30 16:26:03,064 INFO  replication.SimpleContainerDownloader (SimpleContainerDownloader.java:<init>(72)) - Starting container downloader service to copy containers to replicate.
2019-07-30 16:26:03,065 INFO  hdfs.DFSUtil (DFSUtil.java:httpServerTemplateForNNAndJN(1641)) - Starting Web-server for hddsDatanode at: http://0.0.0.0:0
2019-07-30 16:26:03,067 INFO  server.AuthenticationFilter (AuthenticationFilter.java:constructSecretProvider(240)) - Unable to initialize FileSignerSecretProvider, falling back to use random secrets.
2019-07-30 16:26:03,067 WARN  http.HttpRequestLog (HttpRequestLog.java:getRequestLog(97)) - Jetty request log can only be enabled using Log4j
2019-07-30 16:26:03,069 INFO  http.HttpServer2 (HttpServer2.java:addGlobalFilter(975)) - Added global filter 'safety' (class=org.apache.hadoop.http.HttpServer2$QuotingInputFilter)
2019-07-30 16:26:03,069 INFO  http.HttpServer2 (HttpServer2.java:addFilter(948)) - Added filter static_user_filter (class=org.apache.hadoop.http.lib.StaticUserWebFilter$StaticUserFilter) to context hddsDatanode
2019-07-30 16:26:03,069 INFO  http.HttpServer2 (HttpServer2.java:addFilter(958)) - Added filter static_user_filter (class=org.apache.hadoop.http.lib.StaticUserWebFilter$StaticUserFilter) to context static
2019-07-30 16:26:03,070 INFO  http.HttpServer2 (HttpServer2.java:addFilter(958)) - Added filter static_user_filter (class=org.apache.hadoop.http.lib.StaticUserWebFilter$StaticUserFilter) to context logs
2019-07-30 16:26:03,070 INFO  http.HttpServer2 (HttpServer2.java:bindListener(1191)) - Jetty bound to port 45570
2019-07-30 16:26:03,070 INFO  server.Server (Server.java:doStart(351)) - jetty-9.3.24.v20180605, build timestamp: 2018-06-05T17:11:56Z, git hash: 84205aa28f11a4f31f2a3b86d1bba2cc8ab69827
2019-07-30 16:26:03,072 INFO  handler.ContextHandler (ContextHandler.java:doStart(781)) - Started o.e.j.s.ServletContextHandler@2093bb6c{/logs,file:///workdir/hadoop-ozone/integration-test/target/log,AVAILABLE}
2019-07-30 16:26:03,073 INFO  handler.ContextHandler (ContextHandler.java:doStart(781)) - Started o.e.j.s.ServletContextHandler@3673e211{/static,jar:file:/home/user/.m2/repository/org/apache/hadoop/hadoop-hdds-container-service/0.4.1-SNAPSHOT/hadoop-hdds-container-service-0.4.1-SNAPSHOT.jar!/webapps/static,AVAILABLE}
2019-07-30 16:26:03,113 INFO  handler.ContextHandler (ContextHandler.java:doStart(781)) - Started o.e.j.w.WebAppContext@2665a2e7{/,file:///tmp/jetty-0.0.0.0-45570-hddsDatanode-_-any-1728933764054801383.dir/webapp/,AVAILABLE}{/hddsDatanode}
2019-07-30 16:26:03,113 INFO  server.AbstractConnector (AbstractConnector.java:doStart(278)) - Started ServerConnector@3abdc11d{HTTP/1.1,[http/1.1]}{0.0.0.0:45570}
2019-07-30 16:26:03,115 INFO  server.Server (Server.java:doStart(419)) - Started @108581ms
2019-07-30 16:26:03,116 INFO  server.BaseHttpServer (BaseHttpServer.java:updateConnectorAddress(207)) - HTTP server of HDDSDATANODE is listening at http://0.0.0.0:45570
2019-07-30 16:26:03,246 INFO  ozone.HddsDatanodeService (HddsDatanodeService.java:startPlugins(395)) - Started plug-in org.apache.hadoop.ozone.web.OzoneHddsDatanodeService@31f9f9b3
2019-07-30 16:26:03,247 INFO  impl.MetricsSystemImpl (MetricsSystemImpl.java:init(158)) - HddsDatanode metrics system started (again)
2019-07-30 16:26:03,249 INFO  ozone.HddsDatanodeService (HddsDatanodeService.java:start(184)) - HddsDatanodeService host:byscane-nightly-58zn2-384979956 ip:192.168.69.86
2019-07-30 16:26:03,249 INFO  util.JvmPauseMonitor (JvmPauseMonitor.java:run(188)) - Starting JVM pause monitor
2019-07-30 16:26:03,251 INFO  datanode.InitDatanodeState (InitDatanodeState.java:persistContainerDatanodeDetails(140)) - DatanodeDetails is persisted to /workdir/hadoop-ozone/integration-test/target/test-dir/MiniOzoneClusterImpl-e0751c9c-ab1e-436e-a978-31c0514d5264/datanode-2/meta/datanode.id
2019-07-30 16:26:03,258 INFO  volume.HddsVolume (HddsVolume.java:<init>(176)) - Creating Volume: /workdir/hadoop-ozone/integration-test/target/test-dir/MiniOzoneClusterImpl-e0751c9c-ab1e-436e-a978-31c0514d5264/datanode-3/data/containers/hdds of  storage type : DISK and capacity : 52710309888
2019-07-30 16:26:03,258 INFO  volume.VolumeSet (VolumeSet.java:initializeVolumeSet(170)) - Added Volume : /workdir/hadoop-ozone/integration-test/target/test-dir/MiniOzoneClusterImpl-e0751c9c-ab1e-436e-a978-31c0514d5264/datanode-3/data/containers/hdds to VolumeSet
2019-07-30 16:26:03,259 INFO  volume.ThrottledAsyncChecker (ThrottledAsyncChecker.java:schedule(140)) - Scheduling a check for org.apache.hadoop.ozone.container.common.volume.HddsVolume@4542af89
2019-07-30 16:26:03,259 INFO  volume.HddsVolumeChecker (HddsVolumeChecker.java:checkAllVolumes(203)) - Scheduled health check for volume org.apache.hadoop.ozone.container.common.volume.HddsVolume@4542af89
2019-07-30 16:26:03,271 INFO  impl.RaftServerProxy (ConfUtils.java:logGet(43)) - raft.rpc.type = GRPC (default)
2019-07-30 16:26:03,271 INFO  grpc.GrpcFactory (GrpcFactory.java:checkPooledByteBufAllocatorUseCacheForAllThreads(45)) - PERFORMANCE WARNING: useCacheForAllThreads is true that may cause Netty to create a lot garbage objects and, as a result, trigger GC.
	It is recommended to disable useCacheForAllThreads by setting -Dorg.apache.ratis.thirdparty.io.netty.allocator.useCacheForAllThreads=false in command line.
2019-07-30 16:26:03,271 INFO  grpc.GrpcConfigKeys$Server (ConfUtils.java:logGet(43)) - raft.grpc.server.port = 0 (default)
2019-07-30 16:26:03,272 INFO  server.GrpcService (ConfUtils.java:logGet(43)) - raft.grpc.message.size.max = 33570816 (custom)
2019-07-30 16:26:03,272 INFO  server.RaftServerConfigKeys (ConfUtils.java:logGet(43)) - raft.server.log.appender.buffer.byte-limit = 33554432 (custom)
2019-07-30 16:26:03,272 INFO  server.GrpcService (ConfUtils.java:logGet(43)) - raft.grpc.flow.control.window = 1MB (=1048576) (default)
2019-07-30 16:26:03,272 INFO  server.RaftServerConfigKeys (ConfUtils.java:logGet(43)) - raft.server.rpc.request.timeout = 3000ms (default)
2019-07-30 16:26:03,272 INFO  server.RaftServerConfigKeys (ConfUtils.java:logGet(43)) - raft.server.storage.dir = [/workdir/hadoop-ozone/integration-test/target/test-dir/MiniOzoneClusterImpl-e0751c9c-ab1e-436e-a978-31c0514d5264/datanode-3/data/ratis] (custom)
2019-07-30 16:26:03,273 INFO  replication.SimpleContainerDownloader (SimpleContainerDownloader.java:<init>(72)) - Starting container downloader service to copy containers to replicate.
2019-07-30 16:26:03,274 INFO  hdfs.DFSUtil (DFSUtil.java:httpServerTemplateForNNAndJN(1641)) - Starting Web-server for hddsDatanode at: http://0.0.0.0:0
2019-07-30 16:26:03,275 INFO  server.AuthenticationFilter (AuthenticationFilter.java:constructSecretProvider(240)) - Unable to initialize FileSignerSecretProvider, falling back to use random secrets.
2019-07-30 16:26:03,275 WARN  http.HttpRequestLog (HttpRequestLog.java:getRequestLog(97)) - Jetty request log can only be enabled using Log4j
2019-07-30 16:26:03,276 INFO  http.HttpServer2 (HttpServer2.java:addGlobalFilter(975)) - Added global filter 'safety' (class=org.apache.hadoop.http.HttpServer2$QuotingInputFilter)
2019-07-30 16:26:03,277 INFO  http.HttpServer2 (HttpServer2.java:addFilter(948)) - Added filter static_user_filter (class=org.apache.hadoop.http.lib.StaticUserWebFilter$StaticUserFilter) to context hddsDatanode
2019-07-30 16:26:03,277 INFO  http.HttpServer2 (HttpServer2.java:addFilter(958)) - Added filter static_user_filter (class=org.apache.hadoop.http.lib.StaticUserWebFilter$StaticUserFilter) to context logs
2019-07-30 16:26:03,277 INFO  http.HttpServer2 (HttpServer2.java:addFilter(958)) - Added filter static_user_filter (class=org.apache.hadoop.http.lib.StaticUserWebFilter$StaticUserFilter) to context static
2019-07-30 16:26:03,277 INFO  http.HttpServer2 (HttpServer2.java:bindListener(1191)) - Jetty bound to port 42209
2019-07-30 16:26:03,277 INFO  server.Server (Server.java:doStart(351)) - jetty-9.3.24.v20180605, build timestamp: 2018-06-05T17:11:56Z, git hash: 84205aa28f11a4f31f2a3b86d1bba2cc8ab69827
2019-07-30 16:26:03,279 INFO  handler.ContextHandler (ContextHandler.java:doStart(781)) - Started o.e.j.s.ServletContextHandler@7c6fc278{/logs,file:///workdir/hadoop-ozone/integration-test/target/log,AVAILABLE}
2019-07-30 16:26:03,279 INFO  handler.ContextHandler (ContextHandler.java:doStart(781)) - Started o.e.j.s.ServletContextHandler@1a6a4595{/static,jar:file:/home/user/.m2/repository/org/apache/hadoop/hadoop-hdds-container-service/0.4.1-SNAPSHOT/hadoop-hdds-container-service-0.4.1-SNAPSHOT.jar!/webapps/static,AVAILABLE}
2019-07-30 16:26:03,302 INFO  handler.ContextHandler (ContextHandler.java:doStart(781)) - Started o.e.j.w.WebAppContext@24a807a9{/,file:///tmp/jetty-0.0.0.0-42209-hddsDatanode-_-any-2344305168056053236.dir/webapp/,AVAILABLE}{/hddsDatanode}
2019-07-30 16:26:03,302 INFO  server.AbstractConnector (AbstractConnector.java:doStart(278)) - Started ServerConnector@aca594d{HTTP/1.1,[http/1.1]}{0.0.0.0:42209}
2019-07-30 16:26:03,304 INFO  server.Server (Server.java:doStart(419)) - Started @108770ms
2019-07-30 16:26:03,305 INFO  server.BaseHttpServer (BaseHttpServer.java:updateConnectorAddress(207)) - HTTP server of HDDSDATANODE is listening at http://0.0.0.0:42209
2019-07-30 16:26:03,387 INFO  ozone.HddsDatanodeService (HddsDatanodeService.java:startPlugins(395)) - Started plug-in org.apache.hadoop.ozone.web.OzoneHddsDatanodeService@6318ff9
2019-07-30 16:26:03,388 INFO  impl.MetricsSystemImpl (MetricsSystemImpl.java:init(158)) - HddsDatanode metrics system started (again)
2019-07-30 16:26:03,390 INFO  ozone.HddsDatanodeService (HddsDatanodeService.java:start(184)) - HddsDatanodeService host:byscane-nightly-58zn2-384979956 ip:192.168.69.86
2019-07-30 16:26:03,391 INFO  util.JvmPauseMonitor (JvmPauseMonitor.java:run(188)) - Starting JVM pause monitor
2019-07-30 16:26:03,392 INFO  datanode.InitDatanodeState (InitDatanodeState.java:persistContainerDatanodeDetails(140)) - DatanodeDetails is persisted to /workdir/hadoop-ozone/integration-test/target/test-dir/MiniOzoneClusterImpl-e0751c9c-ab1e-436e-a978-31c0514d5264/datanode-3/meta/datanode.id
2019-07-30 16:26:03,400 INFO  volume.HddsVolume (HddsVolume.java:<init>(176)) - Creating Volume: /workdir/hadoop-ozone/integration-test/target/test-dir/MiniOzoneClusterImpl-e0751c9c-ab1e-436e-a978-31c0514d5264/datanode-4/data/containers/hdds of  storage type : DISK and capacity : 52710309888
2019-07-30 16:26:03,400 INFO  volume.VolumeSet (VolumeSet.java:initializeVolumeSet(170)) - Added Volume : /workdir/hadoop-ozone/integration-test/target/test-dir/MiniOzoneClusterImpl-e0751c9c-ab1e-436e-a978-31c0514d5264/datanode-4/data/containers/hdds to VolumeSet
2019-07-30 16:26:03,401 INFO  volume.ThrottledAsyncChecker (ThrottledAsyncChecker.java:schedule(140)) - Scheduling a check for org.apache.hadoop.ozone.container.common.volume.HddsVolume@662061e3
2019-07-30 16:26:03,401 INFO  volume.HddsVolumeChecker (HddsVolumeChecker.java:checkAllVolumes(203)) - Scheduled health check for volume org.apache.hadoop.ozone.container.common.volume.HddsVolume@662061e3
2019-07-30 16:26:03,416 INFO  impl.RaftServerProxy (ConfUtils.java:logGet(43)) - raft.rpc.type = GRPC (default)
2019-07-30 16:26:03,416 INFO  grpc.GrpcFactory (GrpcFactory.java:checkPooledByteBufAllocatorUseCacheForAllThreads(45)) - PERFORMANCE WARNING: useCacheForAllThreads is true that may cause Netty to create a lot garbage objects and, as a result, trigger GC.
	It is recommended to disable useCacheForAllThreads by setting -Dorg.apache.ratis.thirdparty.io.netty.allocator.useCacheForAllThreads=false in command line.
2019-07-30 16:26:03,416 INFO  grpc.GrpcConfigKeys$Server (ConfUtils.java:logGet(43)) - raft.grpc.server.port = 0 (default)
2019-07-30 16:26:03,416 INFO  server.GrpcService (ConfUtils.java:logGet(43)) - raft.grpc.message.size.max = 33570816 (custom)
2019-07-30 16:26:03,417 INFO  server.RaftServerConfigKeys (ConfUtils.java:logGet(43)) - raft.server.log.appender.buffer.byte-limit = 33554432 (custom)
2019-07-30 16:26:03,417 INFO  server.GrpcService (ConfUtils.java:logGet(43)) - raft.grpc.flow.control.window = 1MB (=1048576) (default)
2019-07-30 16:26:03,417 INFO  server.RaftServerConfigKeys (ConfUtils.java:logGet(43)) - raft.server.rpc.request.timeout = 3000ms (default)
2019-07-30 16:26:03,417 INFO  server.RaftServerConfigKeys (ConfUtils.java:logGet(43)) - raft.server.storage.dir = [/workdir/hadoop-ozone/integration-test/target/test-dir/MiniOzoneClusterImpl-e0751c9c-ab1e-436e-a978-31c0514d5264/datanode-4/data/ratis] (custom)
2019-07-30 16:26:03,418 INFO  replication.SimpleContainerDownloader (SimpleContainerDownloader.java:<init>(72)) - Starting container downloader service to copy containers to replicate.
2019-07-30 16:26:03,419 INFO  hdfs.DFSUtil (DFSUtil.java:httpServerTemplateForNNAndJN(1641)) - Starting Web-server for hddsDatanode at: http://0.0.0.0:0
2019-07-30 16:26:03,421 INFO  server.AuthenticationFilter (AuthenticationFilter.java:constructSecretProvider(240)) - Unable to initialize FileSignerSecretProvider, falling back to use random secrets.
2019-07-30 16:26:03,422 WARN  http.HttpRequestLog (HttpRequestLog.java:getRequestLog(97)) - Jetty request log can only be enabled using Log4j
2019-07-30 16:26:03,423 INFO  http.HttpServer2 (HttpServer2.java:addGlobalFilter(975)) - Added global filter 'safety' (class=org.apache.hadoop.http.HttpServer2$QuotingInputFilter)
2019-07-30 16:26:03,424 INFO  http.HttpServer2 (HttpServer2.java:addFilter(948)) - Added filter static_user_filter (class=org.apache.hadoop.http.lib.StaticUserWebFilter$StaticUserFilter) to context hddsDatanode
2019-07-30 16:26:03,424 INFO  http.HttpServer2 (HttpServer2.java:addFilter(958)) - Added filter static_user_filter (class=org.apache.hadoop.http.lib.StaticUserWebFilter$StaticUserFilter) to context logs
2019-07-30 16:26:03,424 INFO  http.HttpServer2 (HttpServer2.java:addFilter(958)) - Added filter static_user_filter (class=org.apache.hadoop.http.lib.StaticUserWebFilter$StaticUserFilter) to context static
2019-07-30 16:26:03,425 INFO  http.HttpServer2 (HttpServer2.java:bindListener(1191)) - Jetty bound to port 37958
2019-07-30 16:26:03,425 INFO  server.Server (Server.java:doStart(351)) - jetty-9.3.24.v20180605, build timestamp: 2018-06-05T17:11:56Z, git hash: 84205aa28f11a4f31f2a3b86d1bba2cc8ab69827
2019-07-30 16:26:03,427 INFO  handler.ContextHandler (ContextHandler.java:doStart(781)) - Started o.e.j.s.ServletContextHandler@3fd21272{/logs,file:///workdir/hadoop-ozone/integration-test/target/log,AVAILABLE}
2019-07-30 16:26:03,428 INFO  handler.ContextHandler (ContextHandler.java:doStart(781)) - Started o.e.j.s.ServletContextHandler@4cb91fa4{/static,jar:file:/home/user/.m2/repository/org/apache/hadoop/hadoop-hdds-container-service/0.4.1-SNAPSHOT/hadoop-hdds-container-service-0.4.1-SNAPSHOT.jar!/webapps/static,AVAILABLE}
2019-07-30 16:26:03,465 INFO  handler.ContextHandler (ContextHandler.java:doStart(781)) - Started o.e.j.w.WebAppContext@5d10df04{/,file:///tmp/jetty-0.0.0.0-37958-hddsDatanode-_-any-8985736737464401419.dir/webapp/,AVAILABLE}{/hddsDatanode}
2019-07-30 16:26:03,466 INFO  server.AbstractConnector (AbstractConnector.java:doStart(278)) - Started ServerConnector@56d3af4d{HTTP/1.1,[http/1.1]}{0.0.0.0:37958}
2019-07-30 16:26:03,468 INFO  server.Server (Server.java:doStart(419)) - Started @108934ms
2019-07-30 16:26:03,469 INFO  server.BaseHttpServer (BaseHttpServer.java:updateConnectorAddress(207)) - HTTP server of HDDSDATANODE is listening at http://0.0.0.0:37958
2019-07-30 16:26:03,598 INFO  ozone.HddsDatanodeService (HddsDatanodeService.java:startPlugins(395)) - Started plug-in org.apache.hadoop.ozone.web.OzoneHddsDatanodeService@33622388
2019-07-30 16:26:03,598 INFO  impl.MetricsSystemImpl (MetricsSystemImpl.java:init(158)) - HddsDatanode metrics system started (again)
2019-07-30 16:26:03,602 INFO  ozone.HddsDatanodeService (HddsDatanodeService.java:start(184)) - HddsDatanodeService host:byscane-nightly-58zn2-384979956 ip:192.168.69.86
2019-07-30 16:26:03,602 INFO  util.JvmPauseMonitor (JvmPauseMonitor.java:run(188)) - Starting JVM pause monitor
2019-07-30 16:26:03,604 INFO  datanode.InitDatanodeState (InitDatanodeState.java:persistContainerDatanodeDetails(140)) - DatanodeDetails is persisted to /workdir/hadoop-ozone/integration-test/target/test-dir/MiniOzoneClusterImpl-e0751c9c-ab1e-436e-a978-31c0514d5264/datanode-4/meta/datanode.id
2019-07-30 16:26:03,612 INFO  volume.HddsVolume (HddsVolume.java:<init>(176)) - Creating Volume: /workdir/hadoop-ozone/integration-test/target/test-dir/MiniOzoneClusterImpl-e0751c9c-ab1e-436e-a978-31c0514d5264/datanode-5/data/containers/hdds of  storage type : DISK and capacity : 52710309888
2019-07-30 16:26:03,612 INFO  volume.VolumeSet (VolumeSet.java:initializeVolumeSet(170)) - Added Volume : /workdir/hadoop-ozone/integration-test/target/test-dir/MiniOzoneClusterImpl-e0751c9c-ab1e-436e-a978-31c0514d5264/datanode-5/data/containers/hdds to VolumeSet
2019-07-30 16:26:03,612 INFO  volume.ThrottledAsyncChecker (ThrottledAsyncChecker.java:schedule(140)) - Scheduling a check for org.apache.hadoop.ozone.container.common.volume.HddsVolume@2e96489b
2019-07-30 16:26:03,613 INFO  volume.HddsVolumeChecker (HddsVolumeChecker.java:checkAllVolumes(203)) - Scheduled health check for volume org.apache.hadoop.ozone.container.common.volume.HddsVolume@2e96489b
2019-07-30 16:26:03,627 INFO  impl.RaftServerProxy (ConfUtils.java:logGet(43)) - raft.rpc.type = GRPC (default)
2019-07-30 16:26:03,627 INFO  grpc.GrpcFactory (GrpcFactory.java:checkPooledByteBufAllocatorUseCacheForAllThreads(45)) - PERFORMANCE WARNING: useCacheForAllThreads is true that may cause Netty to create a lot garbage objects and, as a result, trigger GC.
	It is recommended to disable useCacheForAllThreads by setting -Dorg.apache.ratis.thirdparty.io.netty.allocator.useCacheForAllThreads=false in command line.
2019-07-30 16:26:03,627 INFO  grpc.GrpcConfigKeys$Server (ConfUtils.java:logGet(43)) - raft.grpc.server.port = 0 (default)
2019-07-30 16:26:03,628 INFO  server.GrpcService (ConfUtils.java:logGet(43)) - raft.grpc.message.size.max = 33570816 (custom)
2019-07-30 16:26:03,628 INFO  server.RaftServerConfigKeys (ConfUtils.java:logGet(43)) - raft.server.log.appender.buffer.byte-limit = 33554432 (custom)
2019-07-30 16:26:03,628 INFO  server.GrpcService (ConfUtils.java:logGet(43)) - raft.grpc.flow.control.window = 1MB (=1048576) (default)
2019-07-30 16:26:03,628 INFO  server.RaftServerConfigKeys (ConfUtils.java:logGet(43)) - raft.server.rpc.request.timeout = 3000ms (default)
2019-07-30 16:26:03,628 INFO  server.RaftServerConfigKeys (ConfUtils.java:logGet(43)) - raft.server.storage.dir = [/workdir/hadoop-ozone/integration-test/target/test-dir/MiniOzoneClusterImpl-e0751c9c-ab1e-436e-a978-31c0514d5264/datanode-5/data/ratis] (custom)
2019-07-30 16:26:03,629 INFO  replication.SimpleContainerDownloader (SimpleContainerDownloader.java:<init>(72)) - Starting container downloader service to copy containers to replicate.
2019-07-30 16:26:03,630 INFO  hdfs.DFSUtil (DFSUtil.java:httpServerTemplateForNNAndJN(1641)) - Starting Web-server for hddsDatanode at: http://0.0.0.0:0
2019-07-30 16:26:03,631 INFO  server.AuthenticationFilter (AuthenticationFilter.java:constructSecretProvider(240)) - Unable to initialize FileSignerSecretProvider, falling back to use random secrets.
2019-07-30 16:26:03,631 WARN  http.HttpRequestLog (HttpRequestLog.java:getRequestLog(97)) - Jetty request log can only be enabled using Log4j
2019-07-30 16:26:03,632 INFO  http.HttpServer2 (HttpServer2.java:addGlobalFilter(975)) - Added global filter 'safety' (class=org.apache.hadoop.http.HttpServer2$QuotingInputFilter)
2019-07-30 16:26:03,633 INFO  http.HttpServer2 (HttpServer2.java:addFilter(948)) - Added filter static_user_filter (class=org.apache.hadoop.http.lib.StaticUserWebFilter$StaticUserFilter) to context hddsDatanode
2019-07-30 16:26:03,633 INFO  http.HttpServer2 (HttpServer2.java:addFilter(958)) - Added filter static_user_filter (class=org.apache.hadoop.http.lib.StaticUserWebFilter$StaticUserFilter) to context logs
2019-07-30 16:26:03,633 INFO  http.HttpServer2 (HttpServer2.java:addFilter(958)) - Added filter static_user_filter (class=org.apache.hadoop.http.lib.StaticUserWebFilter$StaticUserFilter) to context static
2019-07-30 16:26:03,634 INFO  http.HttpServer2 (HttpServer2.java:bindListener(1191)) - Jetty bound to port 35562
2019-07-30 16:26:03,634 INFO  server.Server (Server.java:doStart(351)) - jetty-9.3.24.v20180605, build timestamp: 2018-06-05T17:11:56Z, git hash: 84205aa28f11a4f31f2a3b86d1bba2cc8ab69827
2019-07-30 16:26:03,635 INFO  handler.ContextHandler (ContextHandler.java:doStart(781)) - Started o.e.j.s.ServletContextHandler@29088be1{/logs,file:///workdir/hadoop-ozone/integration-test/target/log,AVAILABLE}
2019-07-30 16:26:03,636 INFO  handler.ContextHandler (ContextHandler.java:doStart(781)) - Started o.e.j.s.ServletContextHandler@15a6a91f{/static,jar:file:/home/user/.m2/repository/org/apache/hadoop/hadoop-hdds-container-service/0.4.1-SNAPSHOT/hadoop-hdds-container-service-0.4.1-SNAPSHOT.jar!/webapps/static,AVAILABLE}
2019-07-30 16:26:03,662 INFO  handler.ContextHandler (ContextHandler.java:doStart(781)) - Started o.e.j.w.WebAppContext@1174e173{/,file:///tmp/jetty-0.0.0.0-35562-hddsDatanode-_-any-592052623220308160.dir/webapp/,AVAILABLE}{/hddsDatanode}
2019-07-30 16:26:03,662 INFO  server.AbstractConnector (AbstractConnector.java:doStart(278)) - Started ServerConnector@7c1c0892{HTTP/1.1,[http/1.1]}{0.0.0.0:35562}
2019-07-30 16:26:03,664 INFO  server.Server (Server.java:doStart(419)) - Started @109130ms
2019-07-30 16:26:03,665 INFO  server.BaseHttpServer (BaseHttpServer.java:updateConnectorAddress(207)) - HTTP server of HDDSDATANODE is listening at http://0.0.0.0:35562
2019-07-30 16:26:03,770 INFO  ozone.HddsDatanodeService (HddsDatanodeService.java:startPlugins(395)) - Started plug-in org.apache.hadoop.ozone.web.OzoneHddsDatanodeService@551725e4
2019-07-30 16:26:03,771 INFO  ozone.MiniOzoneClusterImpl (MiniOzoneClusterImpl.java:lambda$waitForClusterToBeReady$0(142)) - Waiting for cluster to be ready. Got 0 of 6 DN Heartbeats.
2019-07-30 16:26:03,772 INFO  util.JvmPauseMonitor (JvmPauseMonitor.java:run(188)) - Starting JVM pause monitor
2019-07-30 16:26:03,773 INFO  datanode.InitDatanodeState (InitDatanodeState.java:persistContainerDatanodeDetails(140)) - DatanodeDetails is persisted to /workdir/hadoop-ozone/integration-test/target/test-dir/MiniOzoneClusterImpl-e0751c9c-ab1e-436e-a978-31c0514d5264/datanode-5/meta/datanode.id
2019-07-30 16:26:04,771 INFO  ozone.MiniOzoneClusterImpl (MiniOzoneClusterImpl.java:lambda$waitForClusterToBeReady$0(142)) - Waiting for cluster to be ready. Got 0 of 6 DN Heartbeats.
2019-07-30 16:26:04,827 INFO  ozoneimpl.OzoneContainer (OzoneContainer.java:start(186)) - Attempting to start container services.
2019-07-30 16:26:04,828 INFO  ozoneimpl.OzoneContainer (OzoneContainer.java:startContainerScrub(160)) - Background container scrubber has been disabled by hdds.containerscrub.enabled
2019-07-30 16:26:04,828 INFO  ratis.XceiverServerRatis (XceiverServerRatis.java:start(404)) - Starting XceiverServerRatis 7f4b1fe9-4c9c-4a14-aac8-7d57da1ee8a5 at port 0
2019-07-30 16:26:04,835 INFO  impl.RaftServerProxy (RaftServerProxy.java:lambda$start$3(299)) - 7f4b1fe9-4c9c-4a14-aac8-7d57da1ee8a5: start RPC server
2019-07-30 16:26:04,837 INFO  server.GrpcService (GrpcService.java:startImpl(149)) - 7f4b1fe9-4c9c-4a14-aac8-7d57da1ee8a5: GrpcService started, listening on 0.0.0.0/0.0.0.0:44365
2019-07-30 16:26:04,837 INFO  ratis.XceiverServerRatis (XceiverServerRatis.java:start(414)) - XceiverServerRatis 7f4b1fe9-4c9c-4a14-aac8-7d57da1ee8a5 is started using port 44365
2019-07-30 16:26:04,838 INFO  server.XceiverServerGrpc (XceiverServerGrpc.java:start(161)) - XceiverServerGrpc 7f4b1fe9-4c9c-4a14-aac8-7d57da1ee8a5 is started using port 44491
2019-07-30 16:26:05,045 INFO  ozoneimpl.OzoneContainer (OzoneContainer.java:start(186)) - Attempting to start container services.
2019-07-30 16:26:05,045 INFO  ozoneimpl.OzoneContainer (OzoneContainer.java:startContainerScrub(160)) - Background container scrubber has been disabled by hdds.containerscrub.enabled
2019-07-30 16:26:05,046 INFO  ratis.XceiverServerRatis (XceiverServerRatis.java:start(404)) - Starting XceiverServerRatis 8c3f87ef-2d26-4c7b-a806-5d3f58e4af77 at port 0
2019-07-30 16:26:05,053 INFO  impl.RaftServerProxy (RaftServerProxy.java:lambda$start$3(299)) - 8c3f87ef-2d26-4c7b-a806-5d3f58e4af77: start RPC server
2019-07-30 16:26:05,054 INFO  server.GrpcService (GrpcService.java:startImpl(149)) - 8c3f87ef-2d26-4c7b-a806-5d3f58e4af77: GrpcService started, listening on 0.0.0.0/0.0.0.0:39144
2019-07-30 16:26:05,054 INFO  ratis.XceiverServerRatis (XceiverServerRatis.java:start(414)) - XceiverServerRatis 8c3f87ef-2d26-4c7b-a806-5d3f58e4af77 is started using port 39144
2019-07-30 16:26:05,061 INFO  server.XceiverServerGrpc (XceiverServerGrpc.java:start(161)) - XceiverServerGrpc 8c3f87ef-2d26-4c7b-a806-5d3f58e4af77 is started using port 45445
2019-07-30 16:26:05,265 INFO  ozoneimpl.OzoneContainer (OzoneContainer.java:start(186)) - Attempting to start container services.
2019-07-30 16:26:05,266 INFO  ozoneimpl.OzoneContainer (OzoneContainer.java:startContainerScrub(160)) - Background container scrubber has been disabled by hdds.containerscrub.enabled
2019-07-30 16:26:05,266 INFO  ratis.XceiverServerRatis (XceiverServerRatis.java:start(404)) - Starting XceiverServerRatis d31abd7a-dfb6-4b5d-9404-924aab43d864 at port 0
2019-07-30 16:26:05,273 INFO  impl.RaftServerProxy (RaftServerProxy.java:lambda$start$3(299)) - d31abd7a-dfb6-4b5d-9404-924aab43d864: start RPC server
2019-07-30 16:26:05,276 INFO  server.GrpcService (GrpcService.java:startImpl(149)) - d31abd7a-dfb6-4b5d-9404-924aab43d864: GrpcService started, listening on 0.0.0.0/0.0.0.0:41841
2019-07-30 16:26:05,276 INFO  ratis.XceiverServerRatis (XceiverServerRatis.java:start(414)) - XceiverServerRatis d31abd7a-dfb6-4b5d-9404-924aab43d864 is started using port 41841
2019-07-30 16:26:05,278 INFO  server.XceiverServerGrpc (XceiverServerGrpc.java:start(161)) - XceiverServerGrpc d31abd7a-dfb6-4b5d-9404-924aab43d864 is started using port 38781
2019-07-30 16:26:05,406 INFO  ozoneimpl.OzoneContainer (OzoneContainer.java:start(186)) - Attempting to start container services.
2019-07-30 16:26:05,406 INFO  ozoneimpl.OzoneContainer (OzoneContainer.java:startContainerScrub(160)) - Background container scrubber has been disabled by hdds.containerscrub.enabled
2019-07-30 16:26:05,406 INFO  ratis.XceiverServerRatis (XceiverServerRatis.java:start(404)) - Starting XceiverServerRatis d550d9cf-38a3-43d8-a537-9899e3b1e632 at port 0
2019-07-30 16:26:05,415 INFO  impl.RaftServerProxy (RaftServerProxy.java:lambda$start$3(299)) - d550d9cf-38a3-43d8-a537-9899e3b1e632: start RPC server
2019-07-30 16:26:05,417 INFO  server.GrpcService (GrpcService.java:startImpl(149)) - d550d9cf-38a3-43d8-a537-9899e3b1e632: GrpcService started, listening on 0.0.0.0/0.0.0.0:36419
2019-07-30 16:26:05,417 INFO  ratis.XceiverServerRatis (XceiverServerRatis.java:start(414)) - XceiverServerRatis d550d9cf-38a3-43d8-a537-9899e3b1e632 is started using port 36419
2019-07-30 16:26:05,427 INFO  server.XceiverServerGrpc (XceiverServerGrpc.java:start(161)) - XceiverServerGrpc d550d9cf-38a3-43d8-a537-9899e3b1e632 is started using port 39218
2019-07-30 16:26:05,617 INFO  ozoneimpl.OzoneContainer (OzoneContainer.java:start(186)) - Attempting to start container services.
2019-07-30 16:26:05,617 INFO  ozoneimpl.OzoneContainer (OzoneContainer.java:startContainerScrub(160)) - Background container scrubber has been disabled by hdds.containerscrub.enabled
2019-07-30 16:26:05,617 INFO  ratis.XceiverServerRatis (XceiverServerRatis.java:start(404)) - Starting XceiverServerRatis 7b4af218-2dca-43c5-b6b8-daa46ad692b2 at port 0
2019-07-30 16:26:05,625 INFO  impl.RaftServerProxy (RaftServerProxy.java:lambda$start$3(299)) - 7b4af218-2dca-43c5-b6b8-daa46ad692b2: start RPC server
2019-07-30 16:26:05,626 INFO  server.GrpcService (GrpcService.java:startImpl(149)) - 7b4af218-2dca-43c5-b6b8-daa46ad692b2: GrpcService started, listening on 0.0.0.0/0.0.0.0:45102
2019-07-30 16:26:05,626 INFO  ratis.XceiverServerRatis (XceiverServerRatis.java:start(414)) - XceiverServerRatis 7b4af218-2dca-43c5-b6b8-daa46ad692b2 is started using port 45102
2019-07-30 16:26:05,627 INFO  server.XceiverServerGrpc (XceiverServerGrpc.java:start(161)) - XceiverServerGrpc 7b4af218-2dca-43c5-b6b8-daa46ad692b2 is started using port 35055
2019-07-30 16:26:05,772 INFO  ozone.MiniOzoneClusterImpl (MiniOzoneClusterImpl.java:lambda$waitForClusterToBeReady$0(142)) - Waiting for cluster to be ready. Got 0 of 6 DN Heartbeats.
2019-07-30 16:26:05,787 INFO  ozoneimpl.OzoneContainer (OzoneContainer.java:start(186)) - Attempting to start container services.
2019-07-30 16:26:05,787 INFO  ozoneimpl.OzoneContainer (OzoneContainer.java:startContainerScrub(160)) - Background container scrubber has been disabled by hdds.containerscrub.enabled
2019-07-30 16:26:05,787 INFO  ratis.XceiverServerRatis (XceiverServerRatis.java:start(404)) - Starting XceiverServerRatis eb5cf37a-5484-4583-897f-c696c325400c at port 0
2019-07-30 16:26:05,794 INFO  impl.RaftServerProxy (RaftServerProxy.java:lambda$start$3(299)) - eb5cf37a-5484-4583-897f-c696c325400c: start RPC server
2019-07-30 16:26:05,797 INFO  server.GrpcService (GrpcService.java:startImpl(149)) - eb5cf37a-5484-4583-897f-c696c325400c: GrpcService started, listening on 0.0.0.0/0.0.0.0:35483
2019-07-30 16:26:05,797 INFO  ratis.XceiverServerRatis (XceiverServerRatis.java:start(414)) - XceiverServerRatis eb5cf37a-5484-4583-897f-c696c325400c is started using port 35483
2019-07-30 16:26:05,798 INFO  server.XceiverServerGrpc (XceiverServerGrpc.java:start(161)) - XceiverServerGrpc eb5cf37a-5484-4583-897f-c696c325400c is started using port 33829
2019-07-30 16:26:06,772 INFO  ozone.MiniOzoneClusterImpl (MiniOzoneClusterImpl.java:lambda$waitForClusterToBeReady$0(142)) - Waiting for cluster to be ready. Got 0 of 6 DN Heartbeats.
2019-07-30 16:26:06,796 INFO  net.NetworkTopology (NetworkTopologyImpl.java:add(110)) - Added a new node: /default-rack/7f4b1fe9-4c9c-4a14-aac8-7d57da1ee8a5
2019-07-30 16:26:06,799 INFO  node.SCMNodeManager (SCMNodeManager.java:register(273)) - Registered Data node : 7f4b1fe9-4c9c-4a14-aac8-7d57da1ee8a5{ip: 192.168.69.86, host: byscane-nightly-58zn2-384979956, networkLocation: /default-rack, certSerialId: null}
2019-07-30 16:26:06,801 INFO  safemode.SCMSafeModeManager (DataNodeSafeModeRule.java:process(71)) - SCM in safe mode. 1 DataNodes registered, 1 required.
2019-07-30 16:26:06,803 INFO  safemode.SCMSafeModeManager (SCMSafeModeManager.java:validateSafeModeExitRules(177)) - ScmSafeModeManager, all rules are successfully validated
2019-07-30 16:26:06,803 INFO  safemode.SCMSafeModeManager (SCMSafeModeManager.java:exitSafeMode(193)) - SCM exiting safe mode.
2019-07-30 16:26:06,813 INFO  impl.RaftServerProxy (RaftServerProxy.java:addNew(89)) - 7f4b1fe9-4c9c-4a14-aac8-7d57da1ee8a5: addNew group-514BFC37E953:[7f4b1fe9-4c9c-4a14-aac8-7d57da1ee8a5:192.168.69.86:44365] returns group-514BFC37E953:java.util.concurrent.CompletableFuture@7fb36be0[Not completed]
2019-07-30 16:26:06,815 INFO  impl.RaftServerImpl (RaftServerImpl.java:<init>(93)) - 7f4b1fe9-4c9c-4a14-aac8-7d57da1ee8a5: new RaftServerImpl for group-514BFC37E953:[7f4b1fe9-4c9c-4a14-aac8-7d57da1ee8a5:192.168.69.86:44365] with ContainerStateMachine:uninitialized
2019-07-30 16:26:06,816 INFO  server.RaftServerConfigKeys (ConfUtils.java:logGet(43)) - raft.server.rpc.timeout.min = 1s (custom)
2019-07-30 16:26:06,816 INFO  server.RaftServerConfigKeys (ConfUtils.java:logGet(43)) - raft.server.rpc.timeout.max = 1200ms (custom)
2019-07-30 16:26:06,816 INFO  server.RaftServerConfigKeys (ConfUtils.java:logGet(43)) - raft.server.rpcslowness.timeout = 120s (custom)
2019-07-30 16:26:06,816 INFO  server.RaftServerConfigKeys (ConfUtils.java:logGet(43)) - raft.server.sleep.deviation.threshold = 300 (default)
2019-07-30 16:26:06,816 INFO  server.RaftServerConfigKeys (ConfUtils.java:logGet(43)) - raft.server.log.appender.install.snapshot.enabled = false (custom)
2019-07-30 16:26:06,816 INFO  impl.RaftServerImpl (ServerState.java:<init>(105)) - 7f4b1fe9-4c9c-4a14-aac8-7d57da1ee8a5:group-514BFC37E953 ConfigurationManager, init=-1: [7f4b1fe9-4c9c-4a14-aac8-7d57da1ee8a5:192.168.69.86:44365], old=null, confs=<EMPTY_MAP>
2019-07-30 16:26:06,817 INFO  server.RaftServerConfigKeys (ConfUtils.java:logGet(43)) - raft.server.storage.dir = [/workdir/hadoop-ozone/integration-test/target/test-dir/MiniOzoneClusterImpl-e0751c9c-ab1e-436e-a978-31c0514d5264/datanode-0/data/ratis] (custom)
2019-07-30 16:26:06,817 INFO  storage.RaftStorageDirectory (RaftStorageDirectory.java:analyzeStorage(246)) - The storage directory /workdir/hadoop-ozone/integration-test/target/test-dir/MiniOzoneClusterImpl-e0751c9c-ab1e-436e-a978-31c0514d5264/datanode-0/data/ratis/ac1e9408-88ec-4193-8c07-514bfc37e953 does not exist. Creating ...
2019-07-30 16:26:06,831 INFO  storage.RaftStorageDirectory (RaftStorageDirectory.java:tryLock(328)) - Lock on /workdir/hadoop-ozone/integration-test/target/test-dir/MiniOzoneClusterImpl-e0751c9c-ab1e-436e-a978-31c0514d5264/datanode-0/data/ratis/ac1e9408-88ec-4193-8c07-514bfc37e953/in_use.lock acquired by nodename 7749@byscane-nightly-58zn2-384979956
2019-07-30 16:26:06,845 INFO  storage.RaftStorage (RaftStorage.java:format(72)) - Storage directory /workdir/hadoop-ozone/integration-test/target/test-dir/MiniOzoneClusterImpl-e0751c9c-ab1e-436e-a978-31c0514d5264/datanode-0/data/ratis/ac1e9408-88ec-4193-8c07-514bfc37e953 has been successfully formatted.
2019-07-30 16:26:06,845 INFO  ratis.ContainerStateMachine (ContainerStateMachine.java:loadSnapshot(213)) - group-514BFC37E953: The snapshot info is null. Setting the last applied indexto:(t:0, i:~)
2019-07-30 16:26:06,845 INFO  server.RaftServerConfigKeys (ConfUtils.java:logGet(43)) - raft.server.leader.election.timeout = 120s (custom)
2019-07-30 16:26:06,845 INFO  server.RaftServerConfigKeys (ConfUtils.java:logGet(43)) - raft.server.log.use.memory = false (default)
2019-07-30 16:26:06,846 INFO  server.RaftServerConfigKeys (ConfUtils.java:logGet(43)) - raft.server.log.purge.gap = 1000000000 (custom)
2019-07-30 16:26:06,846 INFO  server.RaftServerConfigKeys (ConfUtils.java:logGet(43)) - raft.server.log.appender.buffer.byte-limit = 33554432 (custom)
2019-07-30 16:26:06,846 INFO  server.RaftServerConfigKeys (ConfUtils.java:logGet(43)) - raft.server.log.segment.size.max = 1048576 (custom)
2019-07-30 16:26:06,846 INFO  server.RaftServerConfigKeys (ConfUtils.java:logGet(43)) - raft.server.log.segment.cache.num.max = 2 (custom)
2019-07-30 16:26:06,846 INFO  segmented.SegmentedRaftLogWorker (SegmentedRaftLogWorker.java:<init>(172)) - new 7f4b1fe9-4c9c-4a14-aac8-7d57da1ee8a5-SegmentedRaftLogWorker:Storage Directory /workdir/hadoop-ozone/integration-test/target/test-dir/MiniOzoneClusterImpl-e0751c9c-ab1e-436e-a978-31c0514d5264/datanode-0/data/ratis/ac1e9408-88ec-4193-8c07-514bfc37e953 for RaftStorage:Storage Directory /workdir/hadoop-ozone/integration-test/target/test-dir/MiniOzoneClusterImpl-e0751c9c-ab1e-436e-a978-31c0514d5264/datanode-0/data/ratis/ac1e9408-88ec-4193-8c07-514bfc37e953
2019-07-30 16:26:06,846 INFO  server.RaftServerConfigKeys (ConfUtils.java:logGet(43)) - raft.server.log.queue.byte-limit = 2147483647 (custom)
2019-07-30 16:26:06,847 INFO  server.RaftServerConfigKeys (ConfUtils.java:logGet(43)) - raft.server.log.queue.element-limit = 1024 (custom)
2019-07-30 16:26:06,847 INFO  server.RaftServerConfigKeys (ConfUtils.java:logGet(43)) - raft.server.log.segment.size.max = 1048576 (custom)
2019-07-30 16:26:06,847 INFO  server.RaftServerConfigKeys (ConfUtils.java:logGet(43)) - raft.server.log.preallocated.size = 16384 (custom)
2019-07-30 16:26:06,847 INFO  server.RaftServerConfigKeys (ConfUtils.java:logGet(43)) - raft.server.log.write.buffer.size = 33554432 (custom)
2019-07-30 16:26:06,847 INFO  server.RaftServerConfigKeys (ConfUtils.java:logGet(43)) - raft.server.log.force.sync.num = 128 (default)
2019-07-30 16:26:06,847 INFO  server.RaftServerConfigKeys (ConfUtils.java:logGet(43)) - raft.server.log.statemachine.data.sync = true (default)
2019-07-30 16:26:06,848 INFO  server.RaftServerConfigKeys (ConfUtils.java:logGet(43)) - raft.server.log.statemachine.data.sync.timeout = 10s (default)
2019-07-30 16:26:06,848 INFO  server.RaftServerConfigKeys (ConfUtils.java:logGet(43)) - raft.server.log.statemachine.data.sync.timeout.retry = -1 (default)
2019-07-30 16:26:06,848 INFO  server.RaftServerConfigKeys (ConfUtils.java:logGet(43)) - raft.server.log.statemachine.data.caching.enabled = true (custom)
2019-07-30 16:26:06,848 INFO  segmented.SegmentedRaftLogWorker (SegmentedRaftLogWorker.java:lambda$new$0(132)) - 7f4b1fe9-4c9c-4a14-aac8-7d57da1ee8a5-SegmentedRaftLogWorker:Storage Directory /workdir/hadoop-ozone/integration-test/target/test-dir/MiniOzoneClusterImpl-e0751c9c-ab1e-436e-a978-31c0514d5264/datanode-0/data/ratis/ac1e9408-88ec-4193-8c07-514bfc37e953: flushIndex: setUnconditionally 0 -> -1
2019-07-30 16:26:06,849 INFO  server.RaftServerConfigKeys (ConfUtils.java:logGet(43)) - raft.server.snapshot.auto.trigger.enabled = true (custom)
2019-07-30 16:26:06,849 INFO  server.RaftServerConfigKeys (ConfUtils.java:logGet(43)) - raft.server.snapshot.auto.trigger.threshold = 10000 (custom)
2019-07-30 16:26:06,849 INFO  server.RaftServerConfigKeys (ConfUtils.java:logGet(43)) - raft.server.retrycache.expirytime = 600000ms (custom)
2019-07-30 16:26:06,849 INFO  impl.RaftServerImpl (RaftServerImpl.java:start(180)) - 7f4b1fe9-4c9c-4a14-aac8-7d57da1ee8a5: start group-514BFC37E953
2019-07-30 16:26:06,850 INFO  impl.RaftServerImpl (RaftServerImpl.java:setRole(171)) - 7f4b1fe9-4c9c-4a14-aac8-7d57da1ee8a5:group-514BFC37E953 changes role from null to FOLLOWER at term 0 for startAsFollower
2019-07-30 16:26:06,850 INFO  impl.RoleInfo (RoleInfo.java:updateAndGet(143)) - 7f4b1fe9-4c9c-4a14-aac8-7d57da1ee8a5: start FollowerState
2019-07-30 16:26:06,850 INFO  util.JmxRegister (JmxRegister.java:tryRegister(44)) - Successfully registered JMX Bean with object name Ratis:service=RaftServer,group=group-514BFC37E953,id=7f4b1fe9-4c9c-4a14-aac8-7d57da1ee8a5
2019-07-30 16:26:06,853 INFO  pipeline.PipelineStateManager (PipelineStateManager.java:addPipeline(56)) - Created pipeline Pipeline[ Id: ac1e9408-88ec-4193-8c07-514bfc37e953, Nodes: 7f4b1fe9-4c9c-4a14-aac8-7d57da1ee8a5{ip: 192.168.69.86, host: byscane-nightly-58zn2-384979956, networkLocation: /default-rack, certSerialId: null}, Type:RATIS, Factor:ONE, State:OPEN]
2019-07-30 16:26:07,031 INFO  net.NetworkTopology (NetworkTopologyImpl.java:add(110)) - Added a new node: /default-rack/8c3f87ef-2d26-4c7b-a806-5d3f58e4af77
2019-07-30 16:26:07,031 INFO  node.SCMNodeManager (SCMNodeManager.java:register(273)) - Registered Data node : 8c3f87ef-2d26-4c7b-a806-5d3f58e4af77{ip: 192.168.69.86, host: byscane-nightly-58zn2-384979956, networkLocation: /default-rack, certSerialId: null}
2019-07-30 16:26:07,049 INFO  impl.RaftServerProxy (RaftServerProxy.java:addNew(89)) - 8c3f87ef-2d26-4c7b-a806-5d3f58e4af77: addNew group-21189BFCA714:[8c3f87ef-2d26-4c7b-a806-5d3f58e4af77:192.168.69.86:39144] returns group-21189BFCA714:java.util.concurrent.CompletableFuture@94447e2[Not completed]
2019-07-30 16:26:07,052 INFO  impl.RaftServerImpl (RaftServerImpl.java:<init>(93)) - 8c3f87ef-2d26-4c7b-a806-5d3f58e4af77: new RaftServerImpl for group-21189BFCA714:[8c3f87ef-2d26-4c7b-a806-5d3f58e4af77:192.168.69.86:39144] with ContainerStateMachine:uninitialized
2019-07-30 16:26:07,052 INFO  server.RaftServerConfigKeys (ConfUtils.java:logGet(43)) - raft.server.rpc.timeout.min = 1s (custom)
2019-07-30 16:26:07,052 INFO  server.RaftServerConfigKeys (ConfUtils.java:logGet(43)) - raft.server.rpc.timeout.max = 1200ms (custom)
2019-07-30 16:26:07,052 INFO  server.RaftServerConfigKeys (ConfUtils.java:logGet(43)) - raft.server.rpcslowness.timeout = 120s (custom)
2019-07-30 16:26:07,053 INFO  server.RaftServerConfigKeys (ConfUtils.java:logGet(43)) - raft.server.sleep.deviation.threshold = 300 (default)
2019-07-30 16:26:07,053 INFO  server.RaftServerConfigKeys (ConfUtils.java:logGet(43)) - raft.server.log.appender.install.snapshot.enabled = false (custom)
2019-07-30 16:26:07,053 INFO  impl.RaftServerImpl (ServerState.java:<init>(105)) - 8c3f87ef-2d26-4c7b-a806-5d3f58e4af77:group-21189BFCA714 ConfigurationManager, init=-1: [8c3f87ef-2d26-4c7b-a806-5d3f58e4af77:192.168.69.86:39144], old=null, confs=<EMPTY_MAP>
2019-07-30 16:26:07,053 INFO  server.RaftServerConfigKeys (ConfUtils.java:logGet(43)) - raft.server.storage.dir = [/workdir/hadoop-ozone/integration-test/target/test-dir/MiniOzoneClusterImpl-e0751c9c-ab1e-436e-a978-31c0514d5264/datanode-1/data/ratis] (custom)
2019-07-30 16:26:07,054 INFO  storage.RaftStorageDirectory (RaftStorageDirectory.java:analyzeStorage(246)) - The storage directory /workdir/hadoop-ozone/integration-test/target/test-dir/MiniOzoneClusterImpl-e0751c9c-ab1e-436e-a978-31c0514d5264/datanode-1/data/ratis/f2851815-46d8-48bf-968a-21189bfca714 does not exist. Creating ...
2019-07-30 16:26:07,067 INFO  storage.RaftStorageDirectory (RaftStorageDirectory.java:tryLock(328)) - Lock on /workdir/hadoop-ozone/integration-test/target/test-dir/MiniOzoneClusterImpl-e0751c9c-ab1e-436e-a978-31c0514d5264/datanode-1/data/ratis/f2851815-46d8-48bf-968a-21189bfca714/in_use.lock acquired by nodename 7749@byscane-nightly-58zn2-384979956
2019-07-30 16:26:07,080 INFO  storage.RaftStorage (RaftStorage.java:format(72)) - Storage directory /workdir/hadoop-ozone/integration-test/target/test-dir/MiniOzoneClusterImpl-e0751c9c-ab1e-436e-a978-31c0514d5264/datanode-1/data/ratis/f2851815-46d8-48bf-968a-21189bfca714 has been successfully formatted.
2019-07-30 16:26:07,081 INFO  ratis.ContainerStateMachine (ContainerStateMachine.java:loadSnapshot(213)) - group-21189BFCA714: The snapshot info is null. Setting the last applied indexto:(t:0, i:~)
2019-07-30 16:26:07,081 INFO  server.RaftServerConfigKeys (ConfUtils.java:logGet(43)) - raft.server.leader.election.timeout = 120s (custom)
2019-07-30 16:26:07,081 INFO  server.RaftServerConfigKeys (ConfUtils.java:logGet(43)) - raft.server.log.use.memory = false (default)
2019-07-30 16:26:07,081 INFO  server.RaftServerConfigKeys (ConfUtils.java:logGet(43)) - raft.server.log.purge.gap = 1000000000 (custom)
2019-07-30 16:26:07,081 INFO  server.RaftServerConfigKeys (ConfUtils.java:logGet(43)) - raft.server.log.appender.buffer.byte-limit = 33554432 (custom)
2019-07-30 16:26:07,082 INFO  server.RaftServerConfigKeys (ConfUtils.java:logGet(43)) - raft.server.log.segment.size.max = 1048576 (custom)
2019-07-30 16:26:07,082 INFO  server.RaftServerConfigKeys (ConfUtils.java:logGet(43)) - raft.server.log.segment.cache.num.max = 2 (custom)
2019-07-30 16:26:07,082 INFO  segmented.SegmentedRaftLogWorker (SegmentedRaftLogWorker.java:<init>(172)) - new 8c3f87ef-2d26-4c7b-a806-5d3f58e4af77-SegmentedRaftLogWorker:Storage Directory /workdir/hadoop-ozone/integration-test/target/test-dir/MiniOzoneClusterImpl-e0751c9c-ab1e-436e-a978-31c0514d5264/datanode-1/data/ratis/f2851815-46d8-48bf-968a-21189bfca714 for RaftStorage:Storage Directory /workdir/hadoop-ozone/integration-test/target/test-dir/MiniOzoneClusterImpl-e0751c9c-ab1e-436e-a978-31c0514d5264/datanode-1/data/ratis/f2851815-46d8-48bf-968a-21189bfca714
2019-07-30 16:26:07,082 INFO  server.RaftServerConfigKeys (ConfUtils.java:logGet(43)) - raft.server.log.queue.byte-limit = 2147483647 (custom)
2019-07-30 16:26:07,082 INFO  server.RaftServerConfigKeys (ConfUtils.java:logGet(43)) - raft.server.log.queue.element-limit = 1024 (custom)
2019-07-30 16:26:07,082 INFO  server.RaftServerConfigKeys (ConfUtils.java:logGet(43)) - raft.server.log.segment.size.max = 1048576 (custom)
2019-07-30 16:26:07,083 INFO  server.RaftServerConfigKeys (ConfUtils.java:logGet(43)) - raft.server.log.preallocated.size = 16384 (custom)
2019-07-30 16:26:07,083 INFO  server.RaftServerConfigKeys (ConfUtils.java:logGet(43)) - raft.server.log.write.buffer.size = 33554432 (custom)
2019-07-30 16:26:07,083 INFO  server.RaftServerConfigKeys (ConfUtils.java:logGet(43)) - raft.server.log.force.sync.num = 128 (default)
2019-07-30 16:26:07,083 INFO  server.RaftServerConfigKeys (ConfUtils.java:logGet(43)) - raft.server.log.statemachine.data.sync = true (default)
2019-07-30 16:26:07,083 INFO  server.RaftServerConfigKeys (ConfUtils.java:logGet(43)) - raft.server.log.statemachine.data.sync.timeout = 10s (default)
2019-07-30 16:26:07,083 INFO  server.RaftServerConfigKeys (ConfUtils.java:logGet(43)) - raft.server.log.statemachine.data.sync.timeout.retry = -1 (default)
2019-07-30 16:26:07,084 INFO  server.RaftServerConfigKeys (ConfUtils.java:logGet(43)) - raft.server.log.statemachine.data.caching.enabled = true (custom)
2019-07-30 16:26:07,084 INFO  segmented.SegmentedRaftLogWorker (SegmentedRaftLogWorker.java:lambda$new$0(132)) - 8c3f87ef-2d26-4c7b-a806-5d3f58e4af77-SegmentedRaftLogWorker:Storage Directory /workdir/hadoop-ozone/integration-test/target/test-dir/MiniOzoneClusterImpl-e0751c9c-ab1e-436e-a978-31c0514d5264/datanode-1/data/ratis/f2851815-46d8-48bf-968a-21189bfca714: flushIndex: setUnconditionally 0 -> -1
2019-07-30 16:26:07,084 INFO  server.RaftServerConfigKeys (ConfUtils.java:logGet(43)) - raft.server.snapshot.auto.trigger.enabled = true (custom)
2019-07-30 16:26:07,085 INFO  server.RaftServerConfigKeys (ConfUtils.java:logGet(43)) - raft.server.snapshot.auto.trigger.threshold = 10000 (custom)
2019-07-30 16:26:07,085 INFO  server.RaftServerConfigKeys (ConfUtils.java:logGet(43)) - raft.server.retrycache.expirytime = 600000ms (custom)
2019-07-30 16:26:07,085 INFO  impl.RaftServerImpl (RaftServerImpl.java:start(180)) - 8c3f87ef-2d26-4c7b-a806-5d3f58e4af77: start group-21189BFCA714
2019-07-30 16:26:07,085 INFO  impl.RaftServerImpl (RaftServerImpl.java:setRole(171)) - 8c3f87ef-2d26-4c7b-a806-5d3f58e4af77:group-21189BFCA714 changes role from null to FOLLOWER at term 0 for startAsFollower
2019-07-30 16:26:07,085 INFO  impl.RoleInfo (RoleInfo.java:updateAndGet(143)) - 8c3f87ef-2d26-4c7b-a806-5d3f58e4af77: start FollowerState
2019-07-30 16:26:07,086 INFO  util.JmxRegister (JmxRegister.java:tryRegister(44)) - Successfully registered JMX Bean with object name Ratis:service=RaftServer,group=group-21189BFCA714,id=8c3f87ef-2d26-4c7b-a806-5d3f58e4af77
2019-07-30 16:26:07,088 INFO  pipeline.PipelineStateManager (PipelineStateManager.java:addPipeline(56)) - Created pipeline Pipeline[ Id: f2851815-46d8-48bf-968a-21189bfca714, Nodes: 8c3f87ef-2d26-4c7b-a806-5d3f58e4af77{ip: 192.168.69.86, host: byscane-nightly-58zn2-384979956, networkLocation: /default-rack, certSerialId: null}, Type:RATIS, Factor:ONE, State:OPEN]
2019-07-30 16:26:07,251 INFO  net.NetworkTopology (NetworkTopologyImpl.java:add(110)) - Added a new node: /default-rack/d31abd7a-dfb6-4b5d-9404-924aab43d864
2019-07-30 16:26:07,251 INFO  node.SCMNodeManager (SCMNodeManager.java:register(273)) - Registered Data node : d31abd7a-dfb6-4b5d-9404-924aab43d864{ip: 192.168.69.86, host: byscane-nightly-58zn2-384979956, networkLocation: /default-rack, certSerialId: null}
2019-07-30 16:26:07,271 INFO  impl.RaftServerProxy (RaftServerProxy.java:addNew(89)) - d31abd7a-dfb6-4b5d-9404-924aab43d864: addNew group-17C5D1DAFCE4:[d31abd7a-dfb6-4b5d-9404-924aab43d864:192.168.69.86:41841] returns group-17C5D1DAFCE4:java.util.concurrent.CompletableFuture@10a5921d[Not completed]
2019-07-30 16:26:07,272 INFO  impl.RaftServerImpl (RaftServerImpl.java:<init>(93)) - d31abd7a-dfb6-4b5d-9404-924aab43d864: new RaftServerImpl for group-17C5D1DAFCE4:[d31abd7a-dfb6-4b5d-9404-924aab43d864:192.168.69.86:41841] with ContainerStateMachine:uninitialized
2019-07-30 16:26:07,272 INFO  server.RaftServerConfigKeys (ConfUtils.java:logGet(43)) - raft.server.rpc.timeout.min = 1s (custom)
2019-07-30 16:26:07,272 INFO  server.RaftServerConfigKeys (ConfUtils.java:logGet(43)) - raft.server.rpc.timeout.max = 1200ms (custom)
2019-07-30 16:26:07,273 INFO  server.RaftServerConfigKeys (ConfUtils.java:logGet(43)) - raft.server.rpcslowness.timeout = 120s (custom)
2019-07-30 16:26:07,273 INFO  server.RaftServerConfigKeys (ConfUtils.java:logGet(43)) - raft.server.sleep.deviation.threshold = 300 (default)
2019-07-30 16:26:07,273 INFO  server.RaftServerConfigKeys (ConfUtils.java:logGet(43)) - raft.server.log.appender.install.snapshot.enabled = false (custom)
2019-07-30 16:26:07,273 INFO  impl.RaftServerImpl (ServerState.java:<init>(105)) - d31abd7a-dfb6-4b5d-9404-924aab43d864:group-17C5D1DAFCE4 ConfigurationManager, init=-1: [d31abd7a-dfb6-4b5d-9404-924aab43d864:192.168.69.86:41841], old=null, confs=<EMPTY_MAP>
2019-07-30 16:26:07,273 INFO  server.RaftServerConfigKeys (ConfUtils.java:logGet(43)) - raft.server.storage.dir = [/workdir/hadoop-ozone/integration-test/target/test-dir/MiniOzoneClusterImpl-e0751c9c-ab1e-436e-a978-31c0514d5264/datanode-2/data/ratis] (custom)
2019-07-30 16:26:07,274 INFO  storage.RaftStorageDirectory (RaftStorageDirectory.java:analyzeStorage(246)) - The storage directory /workdir/hadoop-ozone/integration-test/target/test-dir/MiniOzoneClusterImpl-e0751c9c-ab1e-436e-a978-31c0514d5264/datanode-2/data/ratis/da70a6ac-0428-47e5-8bc0-17c5d1dafce4 does not exist. Creating ...
2019-07-30 16:26:07,287 INFO  storage.RaftStorageDirectory (RaftStorageDirectory.java:tryLock(328)) - Lock on /workdir/hadoop-ozone/integration-test/target/test-dir/MiniOzoneClusterImpl-e0751c9c-ab1e-436e-a978-31c0514d5264/datanode-2/data/ratis/da70a6ac-0428-47e5-8bc0-17c5d1dafce4/in_use.lock acquired by nodename 7749@byscane-nightly-58zn2-384979956
2019-07-30 16:26:07,301 INFO  storage.RaftStorage (RaftStorage.java:format(72)) - Storage directory /workdir/hadoop-ozone/integration-test/target/test-dir/MiniOzoneClusterImpl-e0751c9c-ab1e-436e-a978-31c0514d5264/datanode-2/data/ratis/da70a6ac-0428-47e5-8bc0-17c5d1dafce4 has been successfully formatted.
2019-07-30 16:26:07,301 INFO  ratis.ContainerStateMachine (ContainerStateMachine.java:loadSnapshot(213)) - group-17C5D1DAFCE4: The snapshot info is null. Setting the last applied indexto:(t:0, i:~)
2019-07-30 16:26:07,301 INFO  server.RaftServerConfigKeys (ConfUtils.java:logGet(43)) - raft.server.leader.election.timeout = 120s (custom)
2019-07-30 16:26:07,301 INFO  server.RaftServerConfigKeys (ConfUtils.java:logGet(43)) - raft.server.log.use.memory = false (default)
2019-07-30 16:26:07,302 INFO  server.RaftServerConfigKeys (ConfUtils.java:logGet(43)) - raft.server.log.purge.gap = 1000000000 (custom)
2019-07-30 16:26:07,302 INFO  server.RaftServerConfigKeys (ConfUtils.java:logGet(43)) - raft.server.log.appender.buffer.byte-limit = 33554432 (custom)
2019-07-30 16:26:07,302 INFO  server.RaftServerConfigKeys (ConfUtils.java:logGet(43)) - raft.server.log.segment.size.max = 1048576 (custom)
2019-07-30 16:26:07,302 INFO  server.RaftServerConfigKeys (ConfUtils.java:logGet(43)) - raft.server.log.segment.cache.num.max = 2 (custom)
2019-07-30 16:26:07,302 INFO  segmented.SegmentedRaftLogWorker (SegmentedRaftLogWorker.java:<init>(172)) - new d31abd7a-dfb6-4b5d-9404-924aab43d864-SegmentedRaftLogWorker:Storage Directory /workdir/hadoop-ozone/integration-test/target/test-dir/MiniOzoneClusterImpl-e0751c9c-ab1e-436e-a978-31c0514d5264/datanode-2/data/ratis/da70a6ac-0428-47e5-8bc0-17c5d1dafce4 for RaftStorage:Storage Directory /workdir/hadoop-ozone/integration-test/target/test-dir/MiniOzoneClusterImpl-e0751c9c-ab1e-436e-a978-31c0514d5264/datanode-2/data/ratis/da70a6ac-0428-47e5-8bc0-17c5d1dafce4
2019-07-30 16:26:07,302 INFO  server.RaftServerConfigKeys (ConfUtils.java:logGet(43)) - raft.server.log.queue.byte-limit = 2147483647 (custom)
2019-07-30 16:26:07,303 INFO  server.RaftServerConfigKeys (ConfUtils.java:logGet(43)) - raft.server.log.queue.element-limit = 1024 (custom)
2019-07-30 16:26:07,303 INFO  server.RaftServerConfigKeys (ConfUtils.java:logGet(43)) - raft.server.log.segment.size.max = 1048576 (custom)
2019-07-30 16:26:07,303 INFO  server.RaftServerConfigKeys (ConfUtils.java:logGet(43)) - raft.server.log.preallocated.size = 16384 (custom)
2019-07-30 16:26:07,303 INFO  server.RaftServerConfigKeys (ConfUtils.java:logGet(43)) - raft.server.log.write.buffer.size = 33554432 (custom)
2019-07-30 16:26:07,303 INFO  server.RaftServerConfigKeys (ConfUtils.java:logGet(43)) - raft.server.log.force.sync.num = 128 (default)
2019-07-30 16:26:07,304 INFO  server.RaftServerConfigKeys (ConfUtils.java:logGet(43)) - raft.server.log.statemachine.data.sync = true (default)
2019-07-30 16:26:07,304 INFO  server.RaftServerConfigKeys (ConfUtils.java:logGet(43)) - raft.server.log.statemachine.data.sync.timeout = 10s (default)
2019-07-30 16:26:07,304 INFO  server.RaftServerConfigKeys (ConfUtils.java:logGet(43)) - raft.server.log.statemachine.data.sync.timeout.retry = -1 (default)
2019-07-30 16:26:07,304 INFO  server.RaftServerConfigKeys (ConfUtils.java:logGet(43)) - raft.server.log.statemachine.data.caching.enabled = true (custom)
2019-07-30 16:26:07,305 INFO  segmented.SegmentedRaftLogWorker (SegmentedRaftLogWorker.java:lambda$new$0(132)) - d31abd7a-dfb6-4b5d-9404-924aab43d864-SegmentedRaftLogWorker:Storage Directory /workdir/hadoop-ozone/integration-test/target/test-dir/MiniOzoneClusterImpl-e0751c9c-ab1e-436e-a978-31c0514d5264/datanode-2/data/ratis/da70a6ac-0428-47e5-8bc0-17c5d1dafce4: flushIndex: setUnconditionally 0 -> -1
2019-07-30 16:26:07,305 INFO  server.RaftServerConfigKeys (ConfUtils.java:logGet(43)) - raft.server.snapshot.auto.trigger.enabled = true (custom)
2019-07-30 16:26:07,305 INFO  server.RaftServerConfigKeys (ConfUtils.java:logGet(43)) - raft.server.snapshot.auto.trigger.threshold = 10000 (custom)
2019-07-30 16:26:07,305 INFO  server.RaftServerConfigKeys (ConfUtils.java:logGet(43)) - raft.server.retrycache.expirytime = 600000ms (custom)
2019-07-30 16:26:07,305 INFO  impl.RaftServerImpl (RaftServerImpl.java:start(180)) - d31abd7a-dfb6-4b5d-9404-924aab43d864: start group-17C5D1DAFCE4
2019-07-30 16:26:07,306 INFO  impl.RaftServerImpl (RaftServerImpl.java:setRole(171)) - d31abd7a-dfb6-4b5d-9404-924aab43d864:group-17C5D1DAFCE4 changes role from null to FOLLOWER at term 0 for startAsFollower
2019-07-30 16:26:07,306 INFO  impl.RoleInfo (RoleInfo.java:updateAndGet(143)) - d31abd7a-dfb6-4b5d-9404-924aab43d864: start FollowerState
2019-07-30 16:26:07,306 INFO  util.JmxRegister (JmxRegister.java:tryRegister(44)) - Successfully registered JMX Bean with object name Ratis:service=RaftServer,group=group-17C5D1DAFCE4,id=d31abd7a-dfb6-4b5d-9404-924aab43d864
2019-07-30 16:26:07,308 INFO  pipeline.PipelineStateManager (PipelineStateManager.java:addPipeline(56)) - Created pipeline Pipeline[ Id: da70a6ac-0428-47e5-8bc0-17c5d1dafce4, Nodes: d31abd7a-dfb6-4b5d-9404-924aab43d864{ip: 192.168.69.86, host: byscane-nightly-58zn2-384979956, networkLocation: /default-rack, certSerialId: null}, Type:RATIS, Factor:ONE, State:OPEN]
2019-07-30 16:26:07,322 INFO  impl.RaftServerProxy (RaftServerProxy.java:addNew(89)) - d31abd7a-dfb6-4b5d-9404-924aab43d864: addNew group-71F174E7DA6C:[d31abd7a-dfb6-4b5d-9404-924aab43d864:192.168.69.86:41841, 7f4b1fe9-4c9c-4a14-aac8-7d57da1ee8a5:192.168.69.86:44365, 8c3f87ef-2d26-4c7b-a806-5d3f58e4af77:192.168.69.86:39144] returns group-71F174E7DA6C:java.util.concurrent.CompletableFuture@72e2531[Not completed]
2019-07-30 16:26:07,322 INFO  impl.RaftServerProxy (RaftServerProxy.java:addNew(89)) - 7f4b1fe9-4c9c-4a14-aac8-7d57da1ee8a5: addNew group-71F174E7DA6C:[d31abd7a-dfb6-4b5d-9404-924aab43d864:192.168.69.86:41841, 7f4b1fe9-4c9c-4a14-aac8-7d57da1ee8a5:192.168.69.86:44365, 8c3f87ef-2d26-4c7b-a806-5d3f58e4af77:192.168.69.86:39144] returns group-71F174E7DA6C:java.util.concurrent.CompletableFuture@30b8b44a[Not completed]
2019-07-30 16:26:07,324 INFO  impl.RaftServerProxy (RaftServerProxy.java:addNew(89)) - 8c3f87ef-2d26-4c7b-a806-5d3f58e4af77: addNew group-71F174E7DA6C:[d31abd7a-dfb6-4b5d-9404-924aab43d864:192.168.69.86:41841, 7f4b1fe9-4c9c-4a14-aac8-7d57da1ee8a5:192.168.69.86:44365, 8c3f87ef-2d26-4c7b-a806-5d3f58e4af77:192.168.69.86:39144] returns group-71F174E7DA6C:java.util.concurrent.CompletableFuture@4c73e4d5[Not completed]
2019-07-30 16:26:07,325 INFO  impl.RaftServerImpl (RaftServerImpl.java:<init>(93)) - d31abd7a-dfb6-4b5d-9404-924aab43d864: new RaftServerImpl for group-71F174E7DA6C:[d31abd7a-dfb6-4b5d-9404-924aab43d864:192.168.69.86:41841, 7f4b1fe9-4c9c-4a14-aac8-7d57da1ee8a5:192.168.69.86:44365, 8c3f87ef-2d26-4c7b-a806-5d3f58e4af77:192.168.69.86:39144] with ContainerStateMachine:uninitialized
2019-07-30 16:26:07,325 INFO  server.RaftServerConfigKeys (ConfUtils.java:logGet(43)) - raft.server.rpc.timeout.min = 1s (custom)
2019-07-30 16:26:07,326 INFO  server.RaftServerConfigKeys (ConfUtils.java:logGet(43)) - raft.server.rpc.timeout.max = 1200ms (custom)
2019-07-30 16:26:07,326 INFO  impl.RaftServerImpl (RaftServerImpl.java:<init>(93)) - 8c3f87ef-2d26-4c7b-a806-5d3f58e4af77: new RaftServerImpl for group-71F174E7DA6C:[d31abd7a-dfb6-4b5d-9404-924aab43d864:192.168.69.86:41841, 7f4b1fe9-4c9c-4a14-aac8-7d57da1ee8a5:192.168.69.86:44365, 8c3f87ef-2d26-4c7b-a806-5d3f58e4af77:192.168.69.86:39144] with ContainerStateMachine:uninitialized
2019-07-30 16:26:07,326 INFO  server.RaftServerConfigKeys (ConfUtils.java:logGet(43)) - raft.server.rpcslowness.timeout = 120s (custom)
2019-07-30 16:26:07,326 INFO  server.RaftServerConfigKeys (ConfUtils.java:logGet(43)) - raft.server.rpc.timeout.min = 1s (custom)
2019-07-30 16:26:07,326 INFO  impl.RaftServerImpl (RaftServerImpl.java:<init>(93)) - 7f4b1fe9-4c9c-4a14-aac8-7d57da1ee8a5: new RaftServerImpl for group-71F174E7DA6C:[d31abd7a-dfb6-4b5d-9404-924aab43d864:192.168.69.86:41841, 7f4b1fe9-4c9c-4a14-aac8-7d57da1ee8a5:192.168.69.86:44365, 8c3f87ef-2d26-4c7b-a806-5d3f58e4af77:192.168.69.86:39144] with ContainerStateMachine:uninitialized
2019-07-30 16:26:07,326 INFO  server.RaftServerConfigKeys (ConfUtils.java:logGet(43)) - raft.server.sleep.deviation.threshold = 300 (default)
2019-07-30 16:26:07,327 INFO  server.RaftServerConfigKeys (ConfUtils.java:logGet(43)) - raft.server.rpc.timeout.min = 1s (custom)
2019-07-30 16:26:07,327 INFO  server.RaftServerConfigKeys (ConfUtils.java:logGet(43)) - raft.server.rpc.timeout.max = 1200ms (custom)
2019-07-30 16:26:07,326 INFO  server.RaftServerConfigKeys (ConfUtils.java:logGet(43)) - raft.server.rpc.timeout.max = 1200ms (custom)
2019-07-30 16:26:07,327 INFO  server.RaftServerConfigKeys (ConfUtils.java:logGet(43)) - raft.server.rpcslowness.timeout = 120s (custom)
2019-07-30 16:26:07,327 INFO  server.RaftServerConfigKeys (ConfUtils.java:logGet(43)) - raft.server.log.appender.install.snapshot.enabled = false (custom)
2019-07-30 16:26:07,327 INFO  server.RaftServerConfigKeys (ConfUtils.java:logGet(43)) - raft.server.sleep.deviation.threshold = 300 (default)
2019-07-30 16:26:07,328 INFO  server.RaftServerConfigKeys (ConfUtils.java:logGet(43)) - raft.server.log.appender.install.snapshot.enabled = false (custom)
2019-07-30 16:26:07,327 INFO  server.RaftServerConfigKeys (ConfUtils.java:logGet(43)) - raft.server.rpcslowness.timeout = 120s (custom)
2019-07-30 16:26:07,328 INFO  impl.RaftServerImpl (ServerState.java:<init>(105)) - 7f4b1fe9-4c9c-4a14-aac8-7d57da1ee8a5:group-71F174E7DA6C ConfigurationManager, init=-1: [d31abd7a-dfb6-4b5d-9404-924aab43d864:192.168.69.86:41841, 7f4b1fe9-4c9c-4a14-aac8-7d57da1ee8a5:192.168.69.86:44365, 8c3f87ef-2d26-4c7b-a806-5d3f58e4af77:192.168.69.86:39144], old=null, confs=<EMPTY_MAP>
2019-07-30 16:26:07,328 INFO  impl.RaftServerImpl (ServerState.java:<init>(105)) - d31abd7a-dfb6-4b5d-9404-924aab43d864:group-71F174E7DA6C ConfigurationManager, init=-1: [d31abd7a-dfb6-4b5d-9404-924aab43d864:192.168.69.86:41841, 7f4b1fe9-4c9c-4a14-aac8-7d57da1ee8a5:192.168.69.86:44365, 8c3f87ef-2d26-4c7b-a806-5d3f58e4af77:192.168.69.86:39144], old=null, confs=<EMPTY_MAP>
2019-07-30 16:26:07,328 INFO  server.RaftServerConfigKeys (ConfUtils.java:logGet(43)) - raft.server.storage.dir = [/workdir/hadoop-ozone/integration-test/target/test-dir/MiniOzoneClusterImpl-e0751c9c-ab1e-436e-a978-31c0514d5264/datanode-0/data/ratis] (custom)
2019-07-30 16:26:07,328 INFO  server.RaftServerConfigKeys (ConfUtils.java:logGet(43)) - raft.server.sleep.deviation.threshold = 300 (default)
2019-07-30 16:26:07,328 INFO  server.RaftServerConfigKeys (ConfUtils.java:logGet(43)) - raft.server.storage.dir = [/workdir/hadoop-ozone/integration-test/target/test-dir/MiniOzoneClusterImpl-e0751c9c-ab1e-436e-a978-31c0514d5264/datanode-2/data/ratis] (custom)
2019-07-30 16:26:07,329 INFO  storage.RaftStorageDirectory (RaftStorageDirectory.java:analyzeStorage(246)) - The storage directory /workdir/hadoop-ozone/integration-test/target/test-dir/MiniOzoneClusterImpl-e0751c9c-ab1e-436e-a978-31c0514d5264/datanode-0/data/ratis/5dc7c290-7e01-462e-a2d1-71f174e7da6c does not exist. Creating ...
2019-07-30 16:26:07,329 INFO  server.RaftServerConfigKeys (ConfUtils.java:logGet(43)) - raft.server.log.appender.install.snapshot.enabled = false (custom)
2019-07-30 16:26:07,329 INFO  storage.RaftStorageDirectory (RaftStorageDirectory.java:analyzeStorage(246)) - The storage directory /workdir/hadoop-ozone/integration-test/target/test-dir/MiniOzoneClusterImpl-e0751c9c-ab1e-436e-a978-31c0514d5264/datanode-2/data/ratis/5dc7c290-7e01-462e-a2d1-71f174e7da6c does not exist. Creating ...
2019-07-30 16:26:07,329 INFO  impl.RaftServerImpl (ServerState.java:<init>(105)) - 8c3f87ef-2d26-4c7b-a806-5d3f58e4af77:group-71F174E7DA6C ConfigurationManager, init=-1: [d31abd7a-dfb6-4b5d-9404-924aab43d864:192.168.69.86:41841, 7f4b1fe9-4c9c-4a14-aac8-7d57da1ee8a5:192.168.69.86:44365, 8c3f87ef-2d26-4c7b-a806-5d3f58e4af77:192.168.69.86:39144], old=null, confs=<EMPTY_MAP>
2019-07-30 16:26:07,330 INFO  server.RaftServerConfigKeys (ConfUtils.java:logGet(43)) - raft.server.storage.dir = [/workdir/hadoop-ozone/integration-test/target/test-dir/MiniOzoneClusterImpl-e0751c9c-ab1e-436e-a978-31c0514d5264/datanode-1/data/ratis] (custom)
2019-07-30 16:26:07,330 INFO  storage.RaftStorageDirectory (RaftStorageDirectory.java:analyzeStorage(246)) - The storage directory /workdir/hadoop-ozone/integration-test/target/test-dir/MiniOzoneClusterImpl-e0751c9c-ab1e-436e-a978-31c0514d5264/datanode-1/data/ratis/5dc7c290-7e01-462e-a2d1-71f174e7da6c does not exist. Creating ...
2019-07-30 16:26:07,343 INFO  storage.RaftStorageDirectory (RaftStorageDirectory.java:tryLock(328)) - Lock on /workdir/hadoop-ozone/integration-test/target/test-dir/MiniOzoneClusterImpl-e0751c9c-ab1e-436e-a978-31c0514d5264/datanode-2/data/ratis/5dc7c290-7e01-462e-a2d1-71f174e7da6c/in_use.lock acquired by nodename 7749@byscane-nightly-58zn2-384979956
2019-07-30 16:26:07,343 INFO  storage.RaftStorageDirectory (RaftStorageDirectory.java:tryLock(328)) - Lock on /workdir/hadoop-ozone/integration-test/target/test-dir/MiniOzoneClusterImpl-e0751c9c-ab1e-436e-a978-31c0514d5264/datanode-0/data/ratis/5dc7c290-7e01-462e-a2d1-71f174e7da6c/in_use.lock acquired by nodename 7749@byscane-nightly-58zn2-384979956
2019-07-30 16:26:07,343 INFO  storage.RaftStorageDirectory (RaftStorageDirectory.java:tryLock(328)) - Lock on /workdir/hadoop-ozone/integration-test/target/test-dir/MiniOzoneClusterImpl-e0751c9c-ab1e-436e-a978-31c0514d5264/datanode-1/data/ratis/5dc7c290-7e01-462e-a2d1-71f174e7da6c/in_use.lock acquired by nodename 7749@byscane-nightly-58zn2-384979956
2019-07-30 16:26:07,357 INFO  storage.RaftStorage (RaftStorage.java:format(72)) - Storage directory /workdir/hadoop-ozone/integration-test/target/test-dir/MiniOzoneClusterImpl-e0751c9c-ab1e-436e-a978-31c0514d5264/datanode-2/data/ratis/5dc7c290-7e01-462e-a2d1-71f174e7da6c has been successfully formatted.
2019-07-30 16:26:07,357 INFO  storage.RaftStorage (RaftStorage.java:format(72)) - Storage directory /workdir/hadoop-ozone/integration-test/target/test-dir/MiniOzoneClusterImpl-e0751c9c-ab1e-436e-a978-31c0514d5264/datanode-0/data/ratis/5dc7c290-7e01-462e-a2d1-71f174e7da6c has been successfully formatted.
2019-07-30 16:26:07,357 INFO  ratis.ContainerStateMachine (ContainerStateMachine.java:loadSnapshot(213)) - group-71F174E7DA6C: The snapshot info is null. Setting the last applied indexto:(t:0, i:~)
2019-07-30 16:26:07,357 INFO  storage.RaftStorage (RaftStorage.java:format(72)) - Storage directory /workdir/hadoop-ozone/integration-test/target/test-dir/MiniOzoneClusterImpl-e0751c9c-ab1e-436e-a978-31c0514d5264/datanode-1/data/ratis/5dc7c290-7e01-462e-a2d1-71f174e7da6c has been successfully formatted.
2019-07-30 16:26:07,358 INFO  server.RaftServerConfigKeys (ConfUtils.java:logGet(43)) - raft.server.leader.election.timeout = 120s (custom)
2019-07-30 16:26:07,357 INFO  ratis.ContainerStateMachine (ContainerStateMachine.java:loadSnapshot(213)) - group-71F174E7DA6C: The snapshot info is null. Setting the last applied indexto:(t:0, i:~)
2019-07-30 16:26:07,358 INFO  server.RaftServerConfigKeys (ConfUtils.java:logGet(43)) - raft.server.log.use.memory = false (default)
2019-07-30 16:26:07,358 INFO  ratis.ContainerStateMachine (ContainerStateMachine.java:loadSnapshot(213)) - group-71F174E7DA6C: The snapshot info is null. Setting the last applied indexto:(t:0, i:~)
2019-07-30 16:26:07,358 INFO  server.RaftServerConfigKeys (ConfUtils.java:logGet(43)) - raft.server.log.purge.gap = 1000000000 (custom)
2019-07-30 16:26:07,358 INFO  server.RaftServerConfigKeys (ConfUtils.java:logGet(43)) - raft.server.leader.election.timeout = 120s (custom)
2019-07-30 16:26:07,359 INFO  server.RaftServerConfigKeys (ConfUtils.java:logGet(43)) - raft.server.log.appender.buffer.byte-limit = 33554432 (custom)
2019-07-30 16:26:07,358 INFO  server.RaftServerConfigKeys (ConfUtils.java:logGet(43)) - raft.server.leader.election.timeout = 120s (custom)
2019-07-30 16:26:07,359 INFO  server.RaftServerConfigKeys (ConfUtils.java:logGet(43)) - raft.server.log.segment.size.max = 1048576 (custom)
2019-07-30 16:26:07,359 INFO  server.RaftServerConfigKeys (ConfUtils.java:logGet(43)) - raft.server.log.use.memory = false (default)
2019-07-30 16:26:07,359 INFO  server.RaftServerConfigKeys (ConfUtils.java:logGet(43)) - raft.server.log.segment.cache.num.max = 2 (custom)
2019-07-30 16:26:07,359 INFO  server.RaftServerConfigKeys (ConfUtils.java:logGet(43)) - raft.server.log.use.memory = false (default)
2019-07-30 16:26:07,360 INFO  segmented.SegmentedRaftLogWorker (SegmentedRaftLogWorker.java:<init>(172)) - new d31abd7a-dfb6-4b5d-9404-924aab43d864-SegmentedRaftLogWorker:Storage Directory /workdir/hadoop-ozone/integration-test/target/test-dir/MiniOzoneClusterImpl-e0751c9c-ab1e-436e-a978-31c0514d5264/datanode-2/data/ratis/5dc7c290-7e01-462e-a2d1-71f174e7da6c for RaftStorage:Storage Directory /workdir/hadoop-ozone/integration-test/target/test-dir/MiniOzoneClusterImpl-e0751c9c-ab1e-436e-a978-31c0514d5264/datanode-2/data/ratis/5dc7c290-7e01-462e-a2d1-71f174e7da6c
2019-07-30 16:26:07,359 INFO  server.RaftServerConfigKeys (ConfUtils.java:logGet(43)) - raft.server.log.purge.gap = 1000000000 (custom)
2019-07-30 16:26:07,360 INFO  server.RaftServerConfigKeys (ConfUtils.java:logGet(43)) - raft.server.log.queue.byte-limit = 2147483647 (custom)
2019-07-30 16:26:07,360 INFO  server.RaftServerConfigKeys (ConfUtils.java:logGet(43)) - raft.server.log.purge.gap = 1000000000 (custom)
2019-07-30 16:26:07,360 INFO  server.RaftServerConfigKeys (ConfUtils.java:logGet(43)) - raft.server.log.queue.element-limit = 1024 (custom)
2019-07-30 16:26:07,360 INFO  server.RaftServerConfigKeys (ConfUtils.java:logGet(43)) - raft.server.log.appender.buffer.byte-limit = 33554432 (custom)
2019-07-30 16:26:07,361 INFO  server.RaftServerConfigKeys (ConfUtils.java:logGet(43)) - raft.server.log.segment.size.max = 1048576 (custom)
2019-07-30 16:26:07,361 INFO  server.RaftServerConfigKeys (ConfUtils.java:logGet(43)) - raft.server.log.preallocated.size = 16384 (custom)
2019-07-30 16:26:07,361 INFO  server.RaftServerConfigKeys (ConfUtils.java:logGet(43)) - raft.server.log.appender.buffer.byte-limit = 33554432 (custom)
2019-07-30 16:26:07,361 INFO  server.RaftServerConfigKeys (ConfUtils.java:logGet(43)) - raft.server.log.write.buffer.size = 33554432 (custom)
2019-07-30 16:26:07,361 INFO  server.RaftServerConfigKeys (ConfUtils.java:logGet(43)) - raft.server.log.segment.size.max = 1048576 (custom)
2019-07-30 16:26:07,362 INFO  server.RaftServerConfigKeys (ConfUtils.java:logGet(43)) - raft.server.log.force.sync.num = 128 (default)
2019-07-30 16:26:07,362 INFO  server.RaftServerConfigKeys (ConfUtils.java:logGet(43)) - raft.server.log.segment.size.max = 1048576 (custom)
2019-07-30 16:26:07,362 INFO  server.RaftServerConfigKeys (ConfUtils.java:logGet(43)) - raft.server.log.statemachine.data.sync = true (default)
2019-07-30 16:26:07,362 INFO  server.RaftServerConfigKeys (ConfUtils.java:logGet(43)) - raft.server.log.segment.cache.num.max = 2 (custom)
2019-07-30 16:26:07,362 INFO  server.RaftServerConfigKeys (ConfUtils.java:logGet(43)) - raft.server.log.statemachine.data.sync.timeout = 10s (default)
2019-07-30 16:26:07,362 INFO  server.RaftServerConfigKeys (ConfUtils.java:logGet(43)) - raft.server.log.segment.cache.num.max = 2 (custom)
2019-07-30 16:26:07,363 INFO  server.RaftServerConfigKeys (ConfUtils.java:logGet(43)) - raft.server.log.statemachine.data.sync.timeout.retry = -1 (default)
2019-07-30 16:26:07,363 INFO  segmented.SegmentedRaftLogWorker (SegmentedRaftLogWorker.java:<init>(172)) - new 7f4b1fe9-4c9c-4a14-aac8-7d57da1ee8a5-SegmentedRaftLogWorker:Storage Directory /workdir/hadoop-ozone/integration-test/target/test-dir/MiniOzoneClusterImpl-e0751c9c-ab1e-436e-a978-31c0514d5264/datanode-0/data/ratis/5dc7c290-7e01-462e-a2d1-71f174e7da6c for RaftStorage:Storage Directory /workdir/hadoop-ozone/integration-test/target/test-dir/MiniOzoneClusterImpl-e0751c9c-ab1e-436e-a978-31c0514d5264/datanode-0/data/ratis/5dc7c290-7e01-462e-a2d1-71f174e7da6c
2019-07-30 16:26:07,363 INFO  server.RaftServerConfigKeys (ConfUtils.java:logGet(43)) - raft.server.log.statemachine.data.caching.enabled = true (custom)
2019-07-30 16:26:07,363 INFO  segmented.SegmentedRaftLogWorker (SegmentedRaftLogWorker.java:<init>(172)) - new 8c3f87ef-2d26-4c7b-a806-5d3f58e4af77-SegmentedRaftLogWorker:Storage Directory /workdir/hadoop-ozone/integration-test/target/test-dir/MiniOzoneClusterImpl-e0751c9c-ab1e-436e-a978-31c0514d5264/datanode-1/data/ratis/5dc7c290-7e01-462e-a2d1-71f174e7da6c for RaftStorage:Storage Directory /workdir/hadoop-ozone/integration-test/target/test-dir/MiniOzoneClusterImpl-e0751c9c-ab1e-436e-a978-31c0514d5264/datanode-1/data/ratis/5dc7c290-7e01-462e-a2d1-71f174e7da6c
2019-07-30 16:26:07,363 INFO  server.RaftServerConfigKeys (ConfUtils.java:logGet(43)) - raft.server.log.queue.byte-limit = 2147483647 (custom)
2019-07-30 16:26:07,364 INFO  segmented.SegmentedRaftLogWorker (SegmentedRaftLogWorker.java:lambda$new$0(132)) - d31abd7a-dfb6-4b5d-9404-924aab43d864-SegmentedRaftLogWorker:Storage Directory /workdir/hadoop-ozone/integration-test/target/test-dir/MiniOzoneClusterImpl-e0751c9c-ab1e-436e-a978-31c0514d5264/datanode-2/data/ratis/5dc7c290-7e01-462e-a2d1-71f174e7da6c: flushIndex: setUnconditionally 0 -> -1
2019-07-30 16:26:07,364 INFO  server.RaftServerConfigKeys (ConfUtils.java:logGet(43)) - raft.server.log.queue.byte-limit = 2147483647 (custom)
2019-07-30 16:26:07,364 INFO  server.RaftServerConfigKeys (ConfUtils.java:logGet(43)) - raft.server.log.queue.element-limit = 1024 (custom)
2019-07-30 16:26:07,364 INFO  server.RaftServerConfigKeys (ConfUtils.java:logGet(43)) - raft.server.snapshot.auto.trigger.enabled = true (custom)
2019-07-30 16:26:07,364 INFO  server.RaftServerConfigKeys (ConfUtils.java:logGet(43)) - raft.server.log.queue.element-limit = 1024 (custom)
2019-07-30 16:26:07,365 INFO  server.RaftServerConfigKeys (ConfUtils.java:logGet(43)) - raft.server.snapshot.auto.trigger.threshold = 10000 (custom)
2019-07-30 16:26:07,364 INFO  server.RaftServerConfigKeys (ConfUtils.java:logGet(43)) - raft.server.log.segment.size.max = 1048576 (custom)
2019-07-30 16:26:07,365 INFO  server.RaftServerConfigKeys (ConfUtils.java:logGet(43)) - raft.server.retrycache.expirytime = 600000ms (custom)
2019-07-30 16:26:07,365 INFO  server.RaftServerConfigKeys (ConfUtils.java:logGet(43)) - raft.server.log.segment.size.max = 1048576 (custom)
2019-07-30 16:26:07,365 INFO  impl.RaftServerImpl (RaftServerImpl.java:start(180)) - d31abd7a-dfb6-4b5d-9404-924aab43d864: start group-71F174E7DA6C
2019-07-30 16:26:07,365 INFO  server.RaftServerConfigKeys (ConfUtils.java:logGet(43)) - raft.server.log.preallocated.size = 16384 (custom)
2019-07-30 16:26:07,366 INFO  impl.RaftServerImpl (RaftServerImpl.java:setRole(171)) - d31abd7a-dfb6-4b5d-9404-924aab43d864:group-71F174E7DA6C changes role from null to FOLLOWER at term 0 for startAsFollower
2019-07-30 16:26:07,366 INFO  server.RaftServerConfigKeys (ConfUtils.java:logGet(43)) - raft.server.log.preallocated.size = 16384 (custom)
2019-07-30 16:26:07,366 INFO  impl.RoleInfo (RoleInfo.java:updateAndGet(143)) - d31abd7a-dfb6-4b5d-9404-924aab43d864: start FollowerState
2019-07-30 16:26:07,366 INFO  server.RaftServerConfigKeys (ConfUtils.java:logGet(43)) - raft.server.log.write.buffer.size = 33554432 (custom)
2019-07-30 16:26:07,366 INFO  server.RaftServerConfigKeys (ConfUtils.java:logGet(43)) - raft.server.log.write.buffer.size = 33554432 (custom)
2019-07-30 16:26:07,366 INFO  server.RaftServerConfigKeys (ConfUtils.java:logGet(43)) - raft.server.log.force.sync.num = 128 (default)
2019-07-30 16:26:07,367 INFO  util.JmxRegister (JmxRegister.java:tryRegister(44)) - Successfully registered JMX Bean with object name Ratis:service=RaftServer,group=group-71F174E7DA6C,id=d31abd7a-dfb6-4b5d-9404-924aab43d864
2019-07-30 16:26:07,367 INFO  server.RaftServerConfigKeys (ConfUtils.java:logGet(43)) - raft.server.log.force.sync.num = 128 (default)
2019-07-30 16:26:07,367 INFO  server.RaftServerConfigKeys (ConfUtils.java:logGet(43)) - raft.server.log.statemachine.data.sync = true (default)
2019-07-30 16:26:07,367 INFO  server.RaftServerConfigKeys (ConfUtils.java:logGet(43)) - raft.server.log.statemachine.data.sync = true (default)
2019-07-30 16:26:07,367 INFO  server.RaftServerConfigKeys (ConfUtils.java:logGet(43)) - raft.server.log.statemachine.data.sync.timeout = 10s (default)
2019-07-30 16:26:07,367 INFO  server.RaftServerConfigKeys (ConfUtils.java:logGet(43)) - raft.server.log.statemachine.data.sync.timeout = 10s (default)
2019-07-30 16:26:07,367 INFO  server.RaftServerConfigKeys (ConfUtils.java:logGet(43)) - raft.server.log.statemachine.data.sync.timeout.retry = -1 (default)
2019-07-30 16:26:07,367 INFO  server.RaftServerConfigKeys (ConfUtils.java:logGet(43)) - raft.server.log.statemachine.data.sync.timeout.retry = -1 (default)
2019-07-30 16:26:07,368 INFO  server.RaftServerConfigKeys (ConfUtils.java:logGet(43)) - raft.server.log.statemachine.data.caching.enabled = true (custom)
2019-07-30 16:26:07,368 INFO  server.RaftServerConfigKeys (ConfUtils.java:logGet(43)) - raft.server.log.statemachine.data.caching.enabled = true (custom)
2019-07-30 16:26:07,368 INFO  segmented.SegmentedRaftLogWorker (SegmentedRaftLogWorker.java:lambda$new$0(132)) - 7f4b1fe9-4c9c-4a14-aac8-7d57da1ee8a5-SegmentedRaftLogWorker:Storage Directory /workdir/hadoop-ozone/integration-test/target/test-dir/MiniOzoneClusterImpl-e0751c9c-ab1e-436e-a978-31c0514d5264/datanode-0/data/ratis/5dc7c290-7e01-462e-a2d1-71f174e7da6c: flushIndex: setUnconditionally 0 -> -1
2019-07-30 16:26:07,368 INFO  segmented.SegmentedRaftLogWorker (SegmentedRaftLogWorker.java:lambda$new$0(132)) - 8c3f87ef-2d26-4c7b-a806-5d3f58e4af77-SegmentedRaftLogWorker:Storage Directory /workdir/hadoop-ozone/integration-test/target/test-dir/MiniOzoneClusterImpl-e0751c9c-ab1e-436e-a978-31c0514d5264/datanode-1/data/ratis/5dc7c290-7e01-462e-a2d1-71f174e7da6c: flushIndex: setUnconditionally 0 -> -1
2019-07-30 16:26:07,368 INFO  server.RaftServerConfigKeys (ConfUtils.java:logGet(43)) - raft.server.snapshot.auto.trigger.enabled = true (custom)
2019-07-30 16:26:07,368 INFO  server.RaftServerConfigKeys (ConfUtils.java:logGet(43)) - raft.server.snapshot.auto.trigger.enabled = true (custom)
2019-07-30 16:26:07,369 INFO  server.RaftServerConfigKeys (ConfUtils.java:logGet(43)) - raft.server.snapshot.auto.trigger.threshold = 10000 (custom)
2019-07-30 16:26:07,369 INFO  server.RaftServerConfigKeys (ConfUtils.java:logGet(43)) - raft.server.snapshot.auto.trigger.threshold = 10000 (custom)
2019-07-30 16:26:07,369 INFO  server.RaftServerConfigKeys (ConfUtils.java:logGet(43)) - raft.server.retrycache.expirytime = 600000ms (custom)
2019-07-30 16:26:07,369 INFO  server.RaftServerConfigKeys (ConfUtils.java:logGet(43)) - raft.server.retrycache.expirytime = 600000ms (custom)
2019-07-30 16:26:07,369 INFO  impl.RaftServerImpl (RaftServerImpl.java:start(180)) - 7f4b1fe9-4c9c-4a14-aac8-7d57da1ee8a5: start group-71F174E7DA6C
2019-07-30 16:26:07,369 INFO  impl.RaftServerImpl (RaftServerImpl.java:start(180)) - 8c3f87ef-2d26-4c7b-a806-5d3f58e4af77: start group-71F174E7DA6C
2019-07-30 16:26:07,369 INFO  impl.RaftServerImpl (RaftServerImpl.java:setRole(171)) - 7f4b1fe9-4c9c-4a14-aac8-7d57da1ee8a5:group-71F174E7DA6C changes role from null to FOLLOWER at term 0 for startAsFollower
2019-07-30 16:26:07,369 INFO  impl.RaftServerImpl (RaftServerImpl.java:setRole(171)) - 8c3f87ef-2d26-4c7b-a806-5d3f58e4af77:group-71F174E7DA6C changes role from null to FOLLOWER at term 0 for startAsFollower
2019-07-30 16:26:07,370 INFO  impl.RoleInfo (RoleInfo.java:updateAndGet(143)) - 7f4b1fe9-4c9c-4a14-aac8-7d57da1ee8a5: start FollowerState
2019-07-30 16:26:07,370 INFO  impl.RoleInfo (RoleInfo.java:updateAndGet(143)) - 8c3f87ef-2d26-4c7b-a806-5d3f58e4af77: start FollowerState
2019-07-30 16:26:07,370 INFO  util.JmxRegister (JmxRegister.java:tryRegister(44)) - Successfully registered JMX Bean with object name Ratis:service=RaftServer,group=group-71F174E7DA6C,id=7f4b1fe9-4c9c-4a14-aac8-7d57da1ee8a5
2019-07-30 16:26:07,370 INFO  util.JmxRegister (JmxRegister.java:tryRegister(44)) - Successfully registered JMX Bean with object name Ratis:service=RaftServer,group=group-71F174E7DA6C,id=8c3f87ef-2d26-4c7b-a806-5d3f58e4af77
2019-07-30 16:26:07,373 INFO  pipeline.PipelineStateManager (PipelineStateManager.java:addPipeline(56)) - Created pipeline Pipeline[ Id: 5dc7c290-7e01-462e-a2d1-71f174e7da6c, Nodes: d31abd7a-dfb6-4b5d-9404-924aab43d864{ip: 192.168.69.86, host: byscane-nightly-58zn2-384979956, networkLocation: /default-rack, certSerialId: null}8c3f87ef-2d26-4c7b-a806-5d3f58e4af77{ip: 192.168.69.86, host: byscane-nightly-58zn2-384979956, networkLocation: /default-rack, certSerialId: null}7f4b1fe9-4c9c-4a14-aac8-7d57da1ee8a5{ip: 192.168.69.86, host: byscane-nightly-58zn2-384979956, networkLocation: /default-rack, certSerialId: null}, Type:RATIS, Factor:THREE, State:OPEN]
2019-07-30 16:26:07,392 INFO  net.NetworkTopology (NetworkTopologyImpl.java:add(110)) - Added a new node: /default-rack/d550d9cf-38a3-43d8-a537-9899e3b1e632
2019-07-30 16:26:07,392 INFO  node.SCMNodeManager (SCMNodeManager.java:register(273)) - Registered Data node : d550d9cf-38a3-43d8-a537-9899e3b1e632{ip: 192.168.69.86, host: byscane-nightly-58zn2-384979956, networkLocation: /default-rack, certSerialId: null}
2019-07-30 16:26:07,399 INFO  impl.RaftServerProxy (RaftServerProxy.java:addNew(89)) - d550d9cf-38a3-43d8-a537-9899e3b1e632: addNew group-28E0AB7CBD81:[d550d9cf-38a3-43d8-a537-9899e3b1e632:192.168.69.86:36419] returns group-28E0AB7CBD81:java.util.concurrent.CompletableFuture@26de9eb0[Not completed]
2019-07-30 16:26:07,401 INFO  impl.RaftServerImpl (RaftServerImpl.java:<init>(93)) - d550d9cf-38a3-43d8-a537-9899e3b1e632: new RaftServerImpl for group-28E0AB7CBD81:[d550d9cf-38a3-43d8-a537-9899e3b1e632:192.168.69.86:36419] with ContainerStateMachine:uninitialized
2019-07-30 16:26:07,401 INFO  server.RaftServerConfigKeys (ConfUtils.java:logGet(43)) - raft.server.rpc.timeout.min = 1s (custom)
2019-07-30 16:26:07,401 INFO  server.RaftServerConfigKeys (ConfUtils.java:logGet(43)) - raft.server.rpc.timeout.max = 1200ms (custom)
2019-07-30 16:26:07,401 INFO  server.RaftServerConfigKeys (ConfUtils.java:logGet(43)) - raft.server.rpcslowness.timeout = 120s (custom)
2019-07-30 16:26:07,401 INFO  server.RaftServerConfigKeys (ConfUtils.java:logGet(43)) - raft.server.sleep.deviation.threshold = 300 (default)
2019-07-30 16:26:07,402 INFO  server.RaftServerConfigKeys (ConfUtils.java:logGet(43)) - raft.server.log.appender.install.snapshot.enabled = false (custom)
2019-07-30 16:26:07,402 INFO  impl.RaftServerImpl (ServerState.java:<init>(105)) - d550d9cf-38a3-43d8-a537-9899e3b1e632:group-28E0AB7CBD81 ConfigurationManager, init=-1: [d550d9cf-38a3-43d8-a537-9899e3b1e632:192.168.69.86:36419], old=null, confs=<EMPTY_MAP>
2019-07-30 16:26:07,402 INFO  server.RaftServerConfigKeys (ConfUtils.java:logGet(43)) - raft.server.storage.dir = [/workdir/hadoop-ozone/integration-test/target/test-dir/MiniOzoneClusterImpl-e0751c9c-ab1e-436e-a978-31c0514d5264/datanode-3/data/ratis] (custom)
2019-07-30 16:26:07,402 INFO  storage.RaftStorageDirectory (RaftStorageDirectory.java:analyzeStorage(246)) - The storage directory /workdir/hadoop-ozone/integration-test/target/test-dir/MiniOzoneClusterImpl-e0751c9c-ab1e-436e-a978-31c0514d5264/datanode-3/data/ratis/b2e45922-ad23-433a-8e43-28e0ab7cbd81 does not exist. Creating ...
2019-07-30 16:26:07,416 INFO  storage.RaftStorageDirectory (RaftStorageDirectory.java:tryLock(328)) - Lock on /workdir/hadoop-ozone/integration-test/target/test-dir/MiniOzoneClusterImpl-e0751c9c-ab1e-436e-a978-31c0514d5264/datanode-3/data/ratis/b2e45922-ad23-433a-8e43-28e0ab7cbd81/in_use.lock acquired by nodename 7749@byscane-nightly-58zn2-384979956
2019-07-30 16:26:07,430 INFO  storage.RaftStorage (RaftStorage.java:format(72)) - Storage directory /workdir/hadoop-ozone/integration-test/target/test-dir/MiniOzoneClusterImpl-e0751c9c-ab1e-436e-a978-31c0514d5264/datanode-3/data/ratis/b2e45922-ad23-433a-8e43-28e0ab7cbd81 has been successfully formatted.
2019-07-30 16:26:07,430 INFO  ratis.ContainerStateMachine (ContainerStateMachine.java:loadSnapshot(213)) - group-28E0AB7CBD81: The snapshot info is null. Setting the last applied indexto:(t:0, i:~)
2019-07-30 16:26:07,430 INFO  server.RaftServerConfigKeys (ConfUtils.java:logGet(43)) - raft.server.leader.election.timeout = 120s (custom)
2019-07-30 16:26:07,430 INFO  server.RaftServerConfigKeys (ConfUtils.java:logGet(43)) - raft.server.log.use.memory = false (default)
2019-07-30 16:26:07,430 INFO  server.RaftServerConfigKeys (ConfUtils.java:logGet(43)) - raft.server.log.purge.gap = 1000000000 (custom)
2019-07-30 16:26:07,430 INFO  server.RaftServerConfigKeys (ConfUtils.java:logGet(43)) - raft.server.log.appender.buffer.byte-limit = 33554432 (custom)
2019-07-30 16:26:07,431 INFO  server.RaftServerConfigKeys (ConfUtils.java:logGet(43)) - raft.server.log.segment.size.max = 1048576 (custom)
2019-07-30 16:26:07,431 INFO  server.RaftServerConfigKeys (ConfUtils.java:logGet(43)) - raft.server.log.segment.cache.num.max = 2 (custom)
2019-07-30 16:26:07,431 INFO  segmented.SegmentedRaftLogWorker (SegmentedRaftLogWorker.java:<init>(172)) - new d550d9cf-38a3-43d8-a537-9899e3b1e632-SegmentedRaftLogWorker:Storage Directory /workdir/hadoop-ozone/integration-test/target/test-dir/MiniOzoneClusterImpl-e0751c9c-ab1e-436e-a978-31c0514d5264/datanode-3/data/ratis/b2e45922-ad23-433a-8e43-28e0ab7cbd81 for RaftStorage:Storage Directory /workdir/hadoop-ozone/integration-test/target/test-dir/MiniOzoneClusterImpl-e0751c9c-ab1e-436e-a978-31c0514d5264/datanode-3/data/ratis/b2e45922-ad23-433a-8e43-28e0ab7cbd81
2019-07-30 16:26:07,431 INFO  server.RaftServerConfigKeys (ConfUtils.java:logGet(43)) - raft.server.log.queue.byte-limit = 2147483647 (custom)
2019-07-30 16:26:07,431 INFO  server.RaftServerConfigKeys (ConfUtils.java:logGet(43)) - raft.server.log.queue.element-limit = 1024 (custom)
2019-07-30 16:26:07,431 INFO  server.RaftServerConfigKeys (ConfUtils.java:logGet(43)) - raft.server.log.segment.size.max = 1048576 (custom)
2019-07-30 16:26:07,432 INFO  server.RaftServerConfigKeys (ConfUtils.java:logGet(43)) - raft.server.log.preallocated.size = 16384 (custom)
2019-07-30 16:26:07,432 INFO  server.RaftServerConfigKeys (ConfUtils.java:logGet(43)) - raft.server.log.write.buffer.size = 33554432 (custom)
2019-07-30 16:26:07,432 INFO  server.RaftServerConfigKeys (ConfUtils.java:logGet(43)) - raft.server.log.force.sync.num = 128 (default)
2019-07-30 16:26:07,432 INFO  server.RaftServerConfigKeys (ConfUtils.java:logGet(43)) - raft.server.log.statemachine.data.sync = true (default)
2019-07-30 16:26:07,432 INFO  server.RaftServerConfigKeys (ConfUtils.java:logGet(43)) - raft.server.log.statemachine.data.sync.timeout = 10s (default)
2019-07-30 16:26:07,432 INFO  server.RaftServerConfigKeys (ConfUtils.java:logGet(43)) - raft.server.log.statemachine.data.sync.timeout.retry = -1 (default)
2019-07-30 16:26:07,433 INFO  server.RaftServerConfigKeys (ConfUtils.java:logGet(43)) - raft.server.log.statemachine.data.caching.enabled = true (custom)
2019-07-30 16:26:07,433 INFO  segmented.SegmentedRaftLogWorker (SegmentedRaftLogWorker.java:lambda$new$0(132)) - d550d9cf-38a3-43d8-a537-9899e3b1e632-SegmentedRaftLogWorker:Storage Directory /workdir/hadoop-ozone/integration-test/target/test-dir/MiniOzoneClusterImpl-e0751c9c-ab1e-436e-a978-31c0514d5264/datanode-3/data/ratis/b2e45922-ad23-433a-8e43-28e0ab7cbd81: flushIndex: setUnconditionally 0 -> -1
2019-07-30 16:26:07,433 INFO  server.RaftServerConfigKeys (ConfUtils.java:logGet(43)) - raft.server.snapshot.auto.trigger.enabled = true (custom)
2019-07-30 16:26:07,433 INFO  server.RaftServerConfigKeys (ConfUtils.java:logGet(43)) - raft.server.snapshot.auto.trigger.threshold = 10000 (custom)
2019-07-30 16:26:07,434 INFO  server.RaftServerConfigKeys (ConfUtils.java:logGet(43)) - raft.server.retrycache.expirytime = 600000ms (custom)
2019-07-30 16:26:07,434 INFO  impl.RaftServerImpl (RaftServerImpl.java:start(180)) - d550d9cf-38a3-43d8-a537-9899e3b1e632: start group-28E0AB7CBD81
2019-07-30 16:26:07,434 INFO  impl.RaftServerImpl (RaftServerImpl.java:setRole(171)) - d550d9cf-38a3-43d8-a537-9899e3b1e632:group-28E0AB7CBD81 changes role from null to FOLLOWER at term 0 for startAsFollower
2019-07-30 16:26:07,434 INFO  impl.RoleInfo (RoleInfo.java:updateAndGet(143)) - d550d9cf-38a3-43d8-a537-9899e3b1e632: start FollowerState
2019-07-30 16:26:07,435 INFO  util.JmxRegister (JmxRegister.java:tryRegister(44)) - Successfully registered JMX Bean with object name Ratis:service=RaftServer,group=group-28E0AB7CBD81,id=d550d9cf-38a3-43d8-a537-9899e3b1e632
2019-07-30 16:26:07,436 INFO  pipeline.PipelineStateManager (PipelineStateManager.java:addPipeline(56)) - Created pipeline Pipeline[ Id: b2e45922-ad23-433a-8e43-28e0ab7cbd81, Nodes: d550d9cf-38a3-43d8-a537-9899e3b1e632{ip: 192.168.69.86, host: byscane-nightly-58zn2-384979956, networkLocation: /default-rack, certSerialId: null}, Type:RATIS, Factor:ONE, State:OPEN]
2019-07-30 16:26:07,603 INFO  net.NetworkTopology (NetworkTopologyImpl.java:add(110)) - Added a new node: /default-rack/7b4af218-2dca-43c5-b6b8-daa46ad692b2
2019-07-30 16:26:07,603 INFO  node.SCMNodeManager (SCMNodeManager.java:register(273)) - Registered Data node : 7b4af218-2dca-43c5-b6b8-daa46ad692b2{ip: 192.168.69.86, host: byscane-nightly-58zn2-384979956, networkLocation: /default-rack, certSerialId: null}
2019-07-30 16:26:07,612 INFO  impl.RaftServerProxy (RaftServerProxy.java:addNew(89)) - 7b4af218-2dca-43c5-b6b8-daa46ad692b2: addNew group-66DE5D43379C:[7b4af218-2dca-43c5-b6b8-daa46ad692b2:192.168.69.86:45102] returns group-66DE5D43379C:java.util.concurrent.CompletableFuture@227be6[Not completed]
2019-07-30 16:26:07,613 INFO  impl.RaftServerImpl (RaftServerImpl.java:<init>(93)) - 7b4af218-2dca-43c5-b6b8-daa46ad692b2: new RaftServerImpl for group-66DE5D43379C:[7b4af218-2dca-43c5-b6b8-daa46ad692b2:192.168.69.86:45102] with ContainerStateMachine:uninitialized
2019-07-30 16:26:07,613 INFO  server.RaftServerConfigKeys (ConfUtils.java:logGet(43)) - raft.server.rpc.timeout.min = 1s (custom)
2019-07-30 16:26:07,613 INFO  server.RaftServerConfigKeys (ConfUtils.java:logGet(43)) - raft.server.rpc.timeout.max = 1200ms (custom)
2019-07-30 16:26:07,613 INFO  server.RaftServerConfigKeys (ConfUtils.java:logGet(43)) - raft.server.rpcslowness.timeout = 120s (custom)
2019-07-30 16:26:07,613 INFO  server.RaftServerConfigKeys (ConfUtils.java:logGet(43)) - raft.server.sleep.deviation.threshold = 300 (default)
2019-07-30 16:26:07,614 INFO  server.RaftServerConfigKeys (ConfUtils.java:logGet(43)) - raft.server.log.appender.install.snapshot.enabled = false (custom)
2019-07-30 16:26:07,614 INFO  impl.RaftServerImpl (ServerState.java:<init>(105)) - 7b4af218-2dca-43c5-b6b8-daa46ad692b2:group-66DE5D43379C ConfigurationManager, init=-1: [7b4af218-2dca-43c5-b6b8-daa46ad692b2:192.168.69.86:45102], old=null, confs=<EMPTY_MAP>
2019-07-30 16:26:07,614 INFO  server.RaftServerConfigKeys (ConfUtils.java:logGet(43)) - raft.server.storage.dir = [/workdir/hadoop-ozone/integration-test/target/test-dir/MiniOzoneClusterImpl-e0751c9c-ab1e-436e-a978-31c0514d5264/datanode-4/data/ratis] (custom)
2019-07-30 16:26:07,614 INFO  storage.RaftStorageDirectory (RaftStorageDirectory.java:analyzeStorage(246)) - The storage directory /workdir/hadoop-ozone/integration-test/target/test-dir/MiniOzoneClusterImpl-e0751c9c-ab1e-436e-a978-31c0514d5264/datanode-4/data/ratis/fcc65e59-8035-43f8-8aaf-66de5d43379c does not exist. Creating ...
2019-07-30 16:26:07,628 INFO  storage.RaftStorageDirectory (RaftStorageDirectory.java:tryLock(328)) - Lock on /workdir/hadoop-ozone/integration-test/target/test-dir/MiniOzoneClusterImpl-e0751c9c-ab1e-436e-a978-31c0514d5264/datanode-4/data/ratis/fcc65e59-8035-43f8-8aaf-66de5d43379c/in_use.lock acquired by nodename 7749@byscane-nightly-58zn2-384979956
2019-07-30 16:26:07,642 INFO  storage.RaftStorage (RaftStorage.java:format(72)) - Storage directory /workdir/hadoop-ozone/integration-test/target/test-dir/MiniOzoneClusterImpl-e0751c9c-ab1e-436e-a978-31c0514d5264/datanode-4/data/ratis/fcc65e59-8035-43f8-8aaf-66de5d43379c has been successfully formatted.
2019-07-30 16:26:07,642 INFO  ratis.ContainerStateMachine (ContainerStateMachine.java:loadSnapshot(213)) - group-66DE5D43379C: The snapshot info is null. Setting the last applied indexto:(t:0, i:~)
2019-07-30 16:26:07,643 INFO  server.RaftServerConfigKeys (ConfUtils.java:logGet(43)) - raft.server.leader.election.timeout = 120s (custom)
2019-07-30 16:26:07,643 INFO  server.RaftServerConfigKeys (ConfUtils.java:logGet(43)) - raft.server.log.use.memory = false (default)
2019-07-30 16:26:07,643 INFO  server.RaftServerConfigKeys (ConfUtils.java:logGet(43)) - raft.server.log.purge.gap = 1000000000 (custom)
2019-07-30 16:26:07,643 INFO  server.RaftServerConfigKeys (ConfUtils.java:logGet(43)) - raft.server.log.appender.buffer.byte-limit = 33554432 (custom)
2019-07-30 16:26:07,644 INFO  server.RaftServerConfigKeys (ConfUtils.java:logGet(43)) - raft.server.log.segment.size.max = 1048576 (custom)
2019-07-30 16:26:07,644 INFO  server.RaftServerConfigKeys (ConfUtils.java:logGet(43)) - raft.server.log.segment.cache.num.max = 2 (custom)
2019-07-30 16:26:07,644 INFO  segmented.SegmentedRaftLogWorker (SegmentedRaftLogWorker.java:<init>(172)) - new 7b4af218-2dca-43c5-b6b8-daa46ad692b2-SegmentedRaftLogWorker:Storage Directory /workdir/hadoop-ozone/integration-test/target/test-dir/MiniOzoneClusterImpl-e0751c9c-ab1e-436e-a978-31c0514d5264/datanode-4/data/ratis/fcc65e59-8035-43f8-8aaf-66de5d43379c for RaftStorage:Storage Directory /workdir/hadoop-ozone/integration-test/target/test-dir/MiniOzoneClusterImpl-e0751c9c-ab1e-436e-a978-31c0514d5264/datanode-4/data/ratis/fcc65e59-8035-43f8-8aaf-66de5d43379c
2019-07-30 16:26:07,645 INFO  server.RaftServerConfigKeys (ConfUtils.java:logGet(43)) - raft.server.log.queue.byte-limit = 2147483647 (custom)
2019-07-30 16:26:07,645 INFO  server.RaftServerConfigKeys (ConfUtils.java:logGet(43)) - raft.server.log.queue.element-limit = 1024 (custom)
2019-07-30 16:26:07,645 INFO  server.RaftServerConfigKeys (ConfUtils.java:logGet(43)) - raft.server.log.segment.size.max = 1048576 (custom)
2019-07-30 16:26:07,646 INFO  server.RaftServerConfigKeys (ConfUtils.java:logGet(43)) - raft.server.log.preallocated.size = 16384 (custom)
2019-07-30 16:26:07,646 INFO  server.RaftServerConfigKeys (ConfUtils.java:logGet(43)) - raft.server.log.write.buffer.size = 33554432 (custom)
2019-07-30 16:26:07,646 INFO  server.RaftServerConfigKeys (ConfUtils.java:logGet(43)) - raft.server.log.force.sync.num = 128 (default)
2019-07-30 16:26:07,646 INFO  server.RaftServerConfigKeys (ConfUtils.java:logGet(43)) - raft.server.log.statemachine.data.sync = true (default)
2019-07-30 16:26:07,646 INFO  server.RaftServerConfigKeys (ConfUtils.java:logGet(43)) - raft.server.log.statemachine.data.sync.timeout = 10s (default)
2019-07-30 16:26:07,646 INFO  server.RaftServerConfigKeys (ConfUtils.java:logGet(43)) - raft.server.log.statemachine.data.sync.timeout.retry = -1 (default)
2019-07-30 16:26:07,647 INFO  server.RaftServerConfigKeys (ConfUtils.java:logGet(43)) - raft.server.log.statemachine.data.caching.enabled = true (custom)
2019-07-30 16:26:07,647 INFO  segmented.SegmentedRaftLogWorker (SegmentedRaftLogWorker.java:lambda$new$0(132)) - 7b4af218-2dca-43c5-b6b8-daa46ad692b2-SegmentedRaftLogWorker:Storage Directory /workdir/hadoop-ozone/integration-test/target/test-dir/MiniOzoneClusterImpl-e0751c9c-ab1e-436e-a978-31c0514d5264/datanode-4/data/ratis/fcc65e59-8035-43f8-8aaf-66de5d43379c: flushIndex: setUnconditionally 0 -> -1
2019-07-30 16:26:07,647 INFO  server.RaftServerConfigKeys (ConfUtils.java:logGet(43)) - raft.server.snapshot.auto.trigger.enabled = true (custom)
2019-07-30 16:26:07,648 INFO  server.RaftServerConfigKeys (ConfUtils.java:logGet(43)) - raft.server.snapshot.auto.trigger.threshold = 10000 (custom)
2019-07-30 16:26:07,648 INFO  server.RaftServerConfigKeys (ConfUtils.java:logGet(43)) - raft.server.retrycache.expirytime = 600000ms (custom)
2019-07-30 16:26:07,648 INFO  impl.RaftServerImpl (RaftServerImpl.java:start(180)) - 7b4af218-2dca-43c5-b6b8-daa46ad692b2: start group-66DE5D43379C
2019-07-30 16:26:07,648 INFO  impl.RaftServerImpl (RaftServerImpl.java:setRole(171)) - 7b4af218-2dca-43c5-b6b8-daa46ad692b2:group-66DE5D43379C changes role from null to FOLLOWER at term 0 for startAsFollower
2019-07-30 16:26:07,648 INFO  impl.RoleInfo (RoleInfo.java:updateAndGet(143)) - 7b4af218-2dca-43c5-b6b8-daa46ad692b2: start FollowerState
2019-07-30 16:26:07,673 INFO  util.JmxRegister (JmxRegister.java:tryRegister(44)) - Successfully registered JMX Bean with object name Ratis:service=RaftServer,group=group-66DE5D43379C,id=7b4af218-2dca-43c5-b6b8-daa46ad692b2
2019-07-30 16:26:07,684 INFO  pipeline.PipelineStateManager (PipelineStateManager.java:addPipeline(56)) - Created pipeline Pipeline[ Id: fcc65e59-8035-43f8-8aaf-66de5d43379c, Nodes: 7b4af218-2dca-43c5-b6b8-daa46ad692b2{ip: 192.168.69.86, host: byscane-nightly-58zn2-384979956, networkLocation: /default-rack, certSerialId: null}, Type:RATIS, Factor:ONE, State:OPEN]
2019-07-30 16:26:07,773 INFO  ozone.MiniOzoneClusterImpl (MiniOzoneClusterImpl.java:lambda$waitForClusterToBeReady$0(142)) - Waiting for cluster to be ready. Got 5 of 6 DN Heartbeats.
2019-07-30 16:26:07,773 INFO  net.NetworkTopology (NetworkTopologyImpl.java:add(110)) - Added a new node: /default-rack/eb5cf37a-5484-4583-897f-c696c325400c
2019-07-30 16:26:07,774 INFO  node.SCMNodeManager (SCMNodeManager.java:register(273)) - Registered Data node : eb5cf37a-5484-4583-897f-c696c325400c{ip: 192.168.69.86, host: byscane-nightly-58zn2-384979956, networkLocation: /default-rack, certSerialId: null}
2019-07-30 16:26:07,785 INFO  impl.RaftServerProxy (RaftServerProxy.java:addNew(89)) - eb5cf37a-5484-4583-897f-c696c325400c: addNew group-0A7CFA0E37A7:[eb5cf37a-5484-4583-897f-c696c325400c:192.168.69.86:35483] returns group-0A7CFA0E37A7:java.util.concurrent.CompletableFuture@6fa34e71[Not completed]
2019-07-30 16:26:07,786 INFO  impl.RaftServerImpl (RaftServerImpl.java:<init>(93)) - eb5cf37a-5484-4583-897f-c696c325400c: new RaftServerImpl for group-0A7CFA0E37A7:[eb5cf37a-5484-4583-897f-c696c325400c:192.168.69.86:35483] with ContainerStateMachine:uninitialized
2019-07-30 16:26:07,786 INFO  server.RaftServerConfigKeys (ConfUtils.java:logGet(43)) - raft.server.rpc.timeout.min = 1s (custom)
2019-07-30 16:26:07,787 INFO  server.RaftServerConfigKeys (ConfUtils.java:logGet(43)) - raft.server.rpc.timeout.max = 1200ms (custom)
2019-07-30 16:26:07,787 INFO  server.RaftServerConfigKeys (ConfUtils.java:logGet(43)) - raft.server.rpcslowness.timeout = 120s (custom)
2019-07-30 16:26:07,787 INFO  server.RaftServerConfigKeys (ConfUtils.java:logGet(43)) - raft.server.sleep.deviation.threshold = 300 (default)
2019-07-30 16:26:07,787 INFO  server.RaftServerConfigKeys (ConfUtils.java:logGet(43)) - raft.server.log.appender.install.snapshot.enabled = false (custom)
2019-07-30 16:26:07,787 INFO  impl.RaftServerImpl (ServerState.java:<init>(105)) - eb5cf37a-5484-4583-897f-c696c325400c:group-0A7CFA0E37A7 ConfigurationManager, init=-1: [eb5cf37a-5484-4583-897f-c696c325400c:192.168.69.86:35483], old=null, confs=<EMPTY_MAP>
2019-07-30 16:26:07,787 INFO  server.RaftServerConfigKeys (ConfUtils.java:logGet(43)) - raft.server.storage.dir = [/workdir/hadoop-ozone/integration-test/target/test-dir/MiniOzoneClusterImpl-e0751c9c-ab1e-436e-a978-31c0514d5264/datanode-5/data/ratis] (custom)
2019-07-30 16:26:07,788 INFO  storage.RaftStorageDirectory (RaftStorageDirectory.java:analyzeStorage(246)) - The storage directory /workdir/hadoop-ozone/integration-test/target/test-dir/MiniOzoneClusterImpl-e0751c9c-ab1e-436e-a978-31c0514d5264/datanode-5/data/ratis/ce742d2c-86e3-4251-8101-0a7cfa0e37a7 does not exist. Creating ...
2019-07-30 16:26:07,801 INFO  storage.RaftStorageDirectory (RaftStorageDirectory.java:tryLock(328)) - Lock on /workdir/hadoop-ozone/integration-test/target/test-dir/MiniOzoneClusterImpl-e0751c9c-ab1e-436e-a978-31c0514d5264/datanode-5/data/ratis/ce742d2c-86e3-4251-8101-0a7cfa0e37a7/in_use.lock acquired by nodename 7749@byscane-nightly-58zn2-384979956
2019-07-30 16:26:07,814 INFO  storage.RaftStorage (RaftStorage.java:format(72)) - Storage directory /workdir/hadoop-ozone/integration-test/target/test-dir/MiniOzoneClusterImpl-e0751c9c-ab1e-436e-a978-31c0514d5264/datanode-5/data/ratis/ce742d2c-86e3-4251-8101-0a7cfa0e37a7 has been successfully formatted.
2019-07-30 16:26:07,815 INFO  ratis.ContainerStateMachine (ContainerStateMachine.java:loadSnapshot(213)) - group-0A7CFA0E37A7: The snapshot info is null. Setting the last applied indexto:(t:0, i:~)
2019-07-30 16:26:07,815 INFO  server.RaftServerConfigKeys (ConfUtils.java:logGet(43)) - raft.server.leader.election.timeout = 120s (custom)
2019-07-30 16:26:07,815 INFO  server.RaftServerConfigKeys (ConfUtils.java:logGet(43)) - raft.server.log.use.memory = false (default)
2019-07-30 16:26:07,815 INFO  server.RaftServerConfigKeys (ConfUtils.java:logGet(43)) - raft.server.log.purge.gap = 1000000000 (custom)
2019-07-30 16:26:07,815 INFO  server.RaftServerConfigKeys (ConfUtils.java:logGet(43)) - raft.server.log.appender.buffer.byte-limit = 33554432 (custom)
2019-07-30 16:26:07,816 INFO  server.RaftServerConfigKeys (ConfUtils.java:logGet(43)) - raft.server.log.segment.size.max = 1048576 (custom)
2019-07-30 16:26:07,816 INFO  server.RaftServerConfigKeys (ConfUtils.java:logGet(43)) - raft.server.log.segment.cache.num.max = 2 (custom)
2019-07-30 16:26:07,816 INFO  segmented.SegmentedRaftLogWorker (SegmentedRaftLogWorker.java:<init>(172)) - new eb5cf37a-5484-4583-897f-c696c325400c-SegmentedRaftLogWorker:Storage Directory /workdir/hadoop-ozone/integration-test/target/test-dir/MiniOzoneClusterImpl-e0751c9c-ab1e-436e-a978-31c0514d5264/datanode-5/data/ratis/ce742d2c-86e3-4251-8101-0a7cfa0e37a7 for RaftStorage:Storage Directory /workdir/hadoop-ozone/integration-test/target/test-dir/MiniOzoneClusterImpl-e0751c9c-ab1e-436e-a978-31c0514d5264/datanode-5/data/ratis/ce742d2c-86e3-4251-8101-0a7cfa0e37a7
2019-07-30 16:26:07,816 INFO  server.RaftServerConfigKeys (ConfUtils.java:logGet(43)) - raft.server.log.queue.byte-limit = 2147483647 (custom)
2019-07-30 16:26:07,816 INFO  server.RaftServerConfigKeys (ConfUtils.java:logGet(43)) - raft.server.log.queue.element-limit = 1024 (custom)
2019-07-30 16:26:07,816 INFO  server.RaftServerConfigKeys (ConfUtils.java:logGet(43)) - raft.server.log.segment.size.max = 1048576 (custom)
2019-07-30 16:26:07,817 INFO  server.RaftServerConfigKeys (ConfUtils.java:logGet(43)) - raft.server.log.preallocated.size = 16384 (custom)
2019-07-30 16:26:07,817 INFO  server.RaftServerConfigKeys (ConfUtils.java:logGet(43)) - raft.server.log.write.buffer.size = 33554432 (custom)
2019-07-30 16:26:07,817 INFO  server.RaftServerConfigKeys (ConfUtils.java:logGet(43)) - raft.server.log.force.sync.num = 128 (default)
2019-07-30 16:26:07,817 INFO  server.RaftServerConfigKeys (ConfUtils.java:logGet(43)) - raft.server.log.statemachine.data.sync = true (default)
2019-07-30 16:26:07,817 INFO  server.RaftServerConfigKeys (ConfUtils.java:logGet(43)) - raft.server.log.statemachine.data.sync.timeout = 10s (default)
2019-07-30 16:26:07,817 INFO  server.RaftServerConfigKeys (ConfUtils.java:logGet(43)) - raft.server.log.statemachine.data.sync.timeout.retry = -1 (default)
2019-07-30 16:26:07,818 INFO  server.RaftServerConfigKeys (ConfUtils.java:logGet(43)) - raft.server.log.statemachine.data.caching.enabled = true (custom)
2019-07-30 16:26:07,818 INFO  segmented.SegmentedRaftLogWorker (SegmentedRaftLogWorker.java:lambda$new$0(132)) - eb5cf37a-5484-4583-897f-c696c325400c-SegmentedRaftLogWorker:Storage Directory /workdir/hadoop-ozone/integration-test/target/test-dir/MiniOzoneClusterImpl-e0751c9c-ab1e-436e-a978-31c0514d5264/datanode-5/data/ratis/ce742d2c-86e3-4251-8101-0a7cfa0e37a7: flushIndex: setUnconditionally 0 -> -1
2019-07-30 16:26:07,818 INFO  server.RaftServerConfigKeys (ConfUtils.java:logGet(43)) - raft.server.snapshot.auto.trigger.enabled = true (custom)
2019-07-30 16:26:07,818 INFO  server.RaftServerConfigKeys (ConfUtils.java:logGet(43)) - raft.server.snapshot.auto.trigger.threshold = 10000 (custom)
2019-07-30 16:26:07,819 INFO  server.RaftServerConfigKeys (ConfUtils.java:logGet(43)) - raft.server.retrycache.expirytime = 600000ms (custom)
2019-07-30 16:26:07,819 INFO  impl.RaftServerImpl (RaftServerImpl.java:start(180)) - eb5cf37a-5484-4583-897f-c696c325400c: start group-0A7CFA0E37A7
2019-07-30 16:26:07,819 INFO  impl.RaftServerImpl (RaftServerImpl.java:setRole(171)) - eb5cf37a-5484-4583-897f-c696c325400c:group-0A7CFA0E37A7 changes role from null to FOLLOWER at term 0 for startAsFollower
2019-07-30 16:26:07,819 INFO  impl.RoleInfo (RoleInfo.java:updateAndGet(143)) - eb5cf37a-5484-4583-897f-c696c325400c: start FollowerState
2019-07-30 16:26:07,820 INFO  util.JmxRegister (JmxRegister.java:tryRegister(44)) - Successfully registered JMX Bean with object name Ratis:service=RaftServer,group=group-0A7CFA0E37A7,id=eb5cf37a-5484-4583-897f-c696c325400c
2019-07-30 16:26:07,822 INFO  pipeline.PipelineStateManager (PipelineStateManager.java:addPipeline(56)) - Created pipeline Pipeline[ Id: ce742d2c-86e3-4251-8101-0a7cfa0e37a7, Nodes: eb5cf37a-5484-4583-897f-c696c325400c{ip: 192.168.69.86, host: byscane-nightly-58zn2-384979956, networkLocation: /default-rack, certSerialId: null}, Type:RATIS, Factor:ONE, State:OPEN]
2019-07-30 16:26:07,836 INFO  impl.RaftServerProxy (RaftServerProxy.java:addNew(89)) - 7b4af218-2dca-43c5-b6b8-daa46ad692b2: addNew group-6D590962DA24:[7b4af218-2dca-43c5-b6b8-daa46ad692b2:192.168.69.86:45102, d550d9cf-38a3-43d8-a537-9899e3b1e632:192.168.69.86:36419, eb5cf37a-5484-4583-897f-c696c325400c:192.168.69.86:35483] returns group-6D590962DA24:java.util.concurrent.CompletableFuture@5dcfcd8[Not completed]
2019-07-30 16:26:07,836 INFO  impl.RaftServerProxy (RaftServerProxy.java:addNew(89)) - eb5cf37a-5484-4583-897f-c696c325400c: addNew group-6D590962DA24:[7b4af218-2dca-43c5-b6b8-daa46ad692b2:192.168.69.86:45102, d550d9cf-38a3-43d8-a537-9899e3b1e632:192.168.69.86:36419, eb5cf37a-5484-4583-897f-c696c325400c:192.168.69.86:35483] returns group-6D590962DA24:java.util.concurrent.CompletableFuture@74ecfdc3[Not completed]
2019-07-30 16:26:07,836 INFO  impl.RaftServerProxy (RaftServerProxy.java:addNew(89)) - d550d9cf-38a3-43d8-a537-9899e3b1e632: addNew group-6D590962DA24:[7b4af218-2dca-43c5-b6b8-daa46ad692b2:192.168.69.86:45102, d550d9cf-38a3-43d8-a537-9899e3b1e632:192.168.69.86:36419, eb5cf37a-5484-4583-897f-c696c325400c:192.168.69.86:35483] returns group-6D590962DA24:java.util.concurrent.CompletableFuture@522d3f27[Not completed]
2019-07-30 16:26:07,837 INFO  impl.RaftServerImpl (RaftServerImpl.java:<init>(93)) - 7b4af218-2dca-43c5-b6b8-daa46ad692b2: new RaftServerImpl for group-6D590962DA24:[7b4af218-2dca-43c5-b6b8-daa46ad692b2:192.168.69.86:45102, d550d9cf-38a3-43d8-a537-9899e3b1e632:192.168.69.86:36419, eb5cf37a-5484-4583-897f-c696c325400c:192.168.69.86:35483] with ContainerStateMachine:uninitialized
2019-07-30 16:26:07,837 INFO  server.RaftServerConfigKeys (ConfUtils.java:logGet(43)) - raft.server.rpc.timeout.min = 1s (custom)
2019-07-30 16:26:07,837 INFO  server.RaftServerConfigKeys (ConfUtils.java:logGet(43)) - raft.server.rpc.timeout.max = 1200ms (custom)
2019-07-30 16:26:07,837 INFO  server.RaftServerConfigKeys (ConfUtils.java:logGet(43)) - raft.server.rpcslowness.timeout = 120s (custom)
2019-07-30 16:26:07,838 INFO  impl.RaftServerImpl (RaftServerImpl.java:<init>(93)) - d550d9cf-38a3-43d8-a537-9899e3b1e632: new RaftServerImpl for group-6D590962DA24:[7b4af218-2dca-43c5-b6b8-daa46ad692b2:192.168.69.86:45102, d550d9cf-38a3-43d8-a537-9899e3b1e632:192.168.69.86:36419, eb5cf37a-5484-4583-897f-c696c325400c:192.168.69.86:35483] with ContainerStateMachine:uninitialized
2019-07-30 16:26:07,838 INFO  server.RaftServerConfigKeys (ConfUtils.java:logGet(43)) - raft.server.sleep.deviation.threshold = 300 (default)
2019-07-30 16:26:07,838 INFO  server.RaftServerConfigKeys (ConfUtils.java:logGet(43)) - raft.server.rpc.timeout.min = 1s (custom)
2019-07-30 16:26:07,838 INFO  impl.RaftServerImpl (RaftServerImpl.java:<init>(93)) - eb5cf37a-5484-4583-897f-c696c325400c: new RaftServerImpl for group-6D590962DA24:[7b4af218-2dca-43c5-b6b8-daa46ad692b2:192.168.69.86:45102, d550d9cf-38a3-43d8-a537-9899e3b1e632:192.168.69.86:36419, eb5cf37a-5484-4583-897f-c696c325400c:192.168.69.86:35483] with ContainerStateMachine:uninitialized
2019-07-30 16:26:07,838 INFO  server.RaftServerConfigKeys (ConfUtils.java:logGet(43)) - raft.server.log.appender.install.snapshot.enabled = false (custom)
2019-07-30 16:26:07,838 INFO  server.RaftServerConfigKeys (ConfUtils.java:logGet(43)) - raft.server.rpc.timeout.min = 1s (custom)
2019-07-30 16:26:07,838 INFO  server.RaftServerConfigKeys (ConfUtils.java:logGet(43)) - raft.server.rpc.timeout.max = 1200ms (custom)
2019-07-30 16:26:07,838 INFO  server.RaftServerConfigKeys (ConfUtils.java:logGet(43)) - raft.server.rpc.timeout.max = 1200ms (custom)
2019-07-30 16:26:07,839 INFO  server.RaftServerConfigKeys (ConfUtils.java:logGet(43)) - raft.server.rpcslowness.timeout = 120s (custom)
2019-07-30 16:26:07,838 INFO  impl.RaftServerImpl (ServerState.java:<init>(105)) - 7b4af218-2dca-43c5-b6b8-daa46ad692b2:group-6D590962DA24 ConfigurationManager, init=-1: [7b4af218-2dca-43c5-b6b8-daa46ad692b2:192.168.69.86:45102, d550d9cf-38a3-43d8-a537-9899e3b1e632:192.168.69.86:36419, eb5cf37a-5484-4583-897f-c696c325400c:192.168.69.86:35483], old=null, confs=<EMPTY_MAP>
2019-07-30 16:26:07,839 INFO  server.RaftServerConfigKeys (ConfUtils.java:logGet(43)) - raft.server.sleep.deviation.threshold = 300 (default)
2019-07-30 16:26:07,839 INFO  server.RaftServerConfigKeys (ConfUtils.java:logGet(43)) - raft.server.log.appender.install.snapshot.enabled = false (custom)
2019-07-30 16:26:07,839 INFO  server.RaftServerConfigKeys (ConfUtils.java:logGet(43)) - raft.server.rpcslowness.timeout = 120s (custom)
2019-07-30 16:26:07,839 INFO  impl.RaftServerImpl (ServerState.java:<init>(105)) - eb5cf37a-5484-4583-897f-c696c325400c:group-6D590962DA24 ConfigurationManager, init=-1: [7b4af218-2dca-43c5-b6b8-daa46ad692b2:192.168.69.86:45102, d550d9cf-38a3-43d8-a537-9899e3b1e632:192.168.69.86:36419, eb5cf37a-5484-4583-897f-c696c325400c:192.168.69.86:35483], old=null, confs=<EMPTY_MAP>
2019-07-30 16:26:07,839 INFO  server.RaftServerConfigKeys (ConfUtils.java:logGet(43)) - raft.server.storage.dir = [/workdir/hadoop-ozone/integration-test/target/test-dir/MiniOzoneClusterImpl-e0751c9c-ab1e-436e-a978-31c0514d5264/datanode-4/data/ratis] (custom)
2019-07-30 16:26:07,840 INFO  server.RaftServerConfigKeys (ConfUtils.java:logGet(43)) - raft.server.storage.dir = [/workdir/hadoop-ozone/integration-test/target/test-dir/MiniOzoneClusterImpl-e0751c9c-ab1e-436e-a978-31c0514d5264/datanode-5/data/ratis] (custom)
2019-07-30 16:26:07,839 INFO  server.RaftServerConfigKeys (ConfUtils.java:logGet(43)) - raft.server.sleep.deviation.threshold = 300 (default)
2019-07-30 16:26:07,840 INFO  server.RaftServerConfigKeys (ConfUtils.java:logGet(43)) - raft.server.log.appender.install.snapshot.enabled = false (custom)
2019-07-30 16:26:07,840 INFO  impl.RaftServerImpl (ServerState.java:<init>(105)) - d550d9cf-38a3-43d8-a537-9899e3b1e632:group-6D590962DA24 ConfigurationManager, init=-1: [7b4af218-2dca-43c5-b6b8-daa46ad692b2:192.168.69.86:45102, d550d9cf-38a3-43d8-a537-9899e3b1e632:192.168.69.86:36419, eb5cf37a-5484-4583-897f-c696c325400c:192.168.69.86:35483], old=null, confs=<EMPTY_MAP>
2019-07-30 16:26:07,840 INFO  server.RaftServerConfigKeys (ConfUtils.java:logGet(43)) - raft.server.storage.dir = [/workdir/hadoop-ozone/integration-test/target/test-dir/MiniOzoneClusterImpl-e0751c9c-ab1e-436e-a978-31c0514d5264/datanode-3/data/ratis] (custom)
2019-07-30 16:26:07,846 INFO  storage.RaftStorageDirectory (RaftStorageDirectory.java:analyzeStorage(246)) - The storage directory /workdir/hadoop-ozone/integration-test/target/test-dir/MiniOzoneClusterImpl-e0751c9c-ab1e-436e-a978-31c0514d5264/datanode-5/data/ratis/610fae9f-76f1-4452-96ab-6d590962da24 does not exist. Creating ...
2019-07-30 16:26:07,846 INFO  storage.RaftStorageDirectory (RaftStorageDirectory.java:analyzeStorage(246)) - The storage directory /workdir/hadoop-ozone/integration-test/target/test-dir/MiniOzoneClusterImpl-e0751c9c-ab1e-436e-a978-31c0514d5264/datanode-3/data/ratis/610fae9f-76f1-4452-96ab-6d590962da24 does not exist. Creating ...
2019-07-30 16:26:07,846 INFO  storage.RaftStorageDirectory (RaftStorageDirectory.java:analyzeStorage(246)) - The storage directory /workdir/hadoop-ozone/integration-test/target/test-dir/MiniOzoneClusterImpl-e0751c9c-ab1e-436e-a978-31c0514d5264/datanode-4/data/ratis/610fae9f-76f1-4452-96ab-6d590962da24 does not exist. Creating ...
2019-07-30 16:26:07,860 INFO  storage.RaftStorageDirectory (RaftStorageDirectory.java:tryLock(328)) - Lock on /workdir/hadoop-ozone/integration-test/target/test-dir/MiniOzoneClusterImpl-e0751c9c-ab1e-436e-a978-31c0514d5264/datanode-5/data/ratis/610fae9f-76f1-4452-96ab-6d590962da24/in_use.lock acquired by nodename 7749@byscane-nightly-58zn2-384979956
2019-07-30 16:26:07,860 INFO  storage.RaftStorageDirectory (RaftStorageDirectory.java:tryLock(328)) - Lock on /workdir/hadoop-ozone/integration-test/target/test-dir/MiniOzoneClusterImpl-e0751c9c-ab1e-436e-a978-31c0514d5264/datanode-3/data/ratis/610fae9f-76f1-4452-96ab-6d590962da24/in_use.lock acquired by nodename 7749@byscane-nightly-58zn2-384979956
2019-07-30 16:26:07,860 INFO  storage.RaftStorageDirectory (RaftStorageDirectory.java:tryLock(328)) - Lock on /workdir/hadoop-ozone/integration-test/target/test-dir/MiniOzoneClusterImpl-e0751c9c-ab1e-436e-a978-31c0514d5264/datanode-4/data/ratis/610fae9f-76f1-4452-96ab-6d590962da24/in_use.lock acquired by nodename 7749@byscane-nightly-58zn2-384979956
2019-07-30 16:26:07,878 INFO  storage.RaftStorage (RaftStorage.java:format(72)) - Storage directory /workdir/hadoop-ozone/integration-test/target/test-dir/MiniOzoneClusterImpl-e0751c9c-ab1e-436e-a978-31c0514d5264/datanode-5/data/ratis/610fae9f-76f1-4452-96ab-6d590962da24 has been successfully formatted.
2019-07-30 16:26:07,878 INFO  storage.RaftStorage (RaftStorage.java:format(72)) - Storage directory /workdir/hadoop-ozone/integration-test/target/test-dir/MiniOzoneClusterImpl-e0751c9c-ab1e-436e-a978-31c0514d5264/datanode-4/data/ratis/610fae9f-76f1-4452-96ab-6d590962da24 has been successfully formatted.
2019-07-30 16:26:07,878 INFO  storage.RaftStorage (RaftStorage.java:format(72)) - Storage directory /workdir/hadoop-ozone/integration-test/target/test-dir/MiniOzoneClusterImpl-e0751c9c-ab1e-436e-a978-31c0514d5264/datanode-3/data/ratis/610fae9f-76f1-4452-96ab-6d590962da24 has been successfully formatted.
2019-07-30 16:26:07,878 INFO  ratis.ContainerStateMachine (ContainerStateMachine.java:loadSnapshot(213)) - group-6D590962DA24: The snapshot info is null. Setting the last applied indexto:(t:0, i:~)
2019-07-30 16:26:07,879 INFO  ratis.ContainerStateMachine (ContainerStateMachine.java:loadSnapshot(213)) - group-6D590962DA24: The snapshot info is null. Setting the last applied indexto:(t:0, i:~)
2019-07-30 16:26:07,878 INFO  ratis.ContainerStateMachine (ContainerStateMachine.java:loadSnapshot(213)) - group-6D590962DA24: The snapshot info is null. Setting the last applied indexto:(t:0, i:~)
2019-07-30 16:26:07,879 INFO  server.RaftServerConfigKeys (ConfUtils.java:logGet(43)) - raft.server.leader.election.timeout = 120s (custom)
2019-07-30 16:26:07,879 INFO  server.RaftServerConfigKeys (ConfUtils.java:logGet(43)) - raft.server.leader.election.timeout = 120s (custom)
2019-07-30 16:26:07,879 INFO  server.RaftServerConfigKeys (ConfUtils.java:logGet(43)) - raft.server.log.use.memory = false (default)
2019-07-30 16:26:07,879 INFO  server.RaftServerConfigKeys (ConfUtils.java:logGet(43)) - raft.server.leader.election.timeout = 120s (custom)
2019-07-30 16:26:07,879 INFO  server.RaftServerConfigKeys (ConfUtils.java:logGet(43)) - raft.server.log.purge.gap = 1000000000 (custom)
2019-07-30 16:26:07,879 INFO  server.RaftServerConfigKeys (ConfUtils.java:logGet(43)) - raft.server.log.use.memory = false (default)
2019-07-30 16:26:07,880 INFO  server.RaftServerConfigKeys (ConfUtils.java:logGet(43)) - raft.server.log.appender.buffer.byte-limit = 33554432 (custom)
2019-07-30 16:26:07,879 INFO  server.RaftServerConfigKeys (ConfUtils.java:logGet(43)) - raft.server.log.use.memory = false (default)
2019-07-30 16:26:07,880 INFO  server.RaftServerConfigKeys (ConfUtils.java:logGet(43)) - raft.server.log.segment.size.max = 1048576 (custom)
2019-07-30 16:26:07,880 INFO  server.RaftServerConfigKeys (ConfUtils.java:logGet(43)) - raft.server.log.segment.cache.num.max = 2 (custom)
2019-07-30 16:26:07,880 INFO  server.RaftServerConfigKeys (ConfUtils.java:logGet(43)) - raft.server.log.purge.gap = 1000000000 (custom)
2019-07-30 16:26:07,880 INFO  segmented.SegmentedRaftLogWorker (SegmentedRaftLogWorker.java:<init>(172)) - new d550d9cf-38a3-43d8-a537-9899e3b1e632-SegmentedRaftLogWorker:Storage Directory /workdir/hadoop-ozone/integration-test/target/test-dir/MiniOzoneClusterImpl-e0751c9c-ab1e-436e-a978-31c0514d5264/datanode-3/data/ratis/610fae9f-76f1-4452-96ab-6d590962da24 for RaftStorage:Storage Directory /workdir/hadoop-ozone/integration-test/target/test-dir/MiniOzoneClusterImpl-e0751c9c-ab1e-436e-a978-31c0514d5264/datanode-3/data/ratis/610fae9f-76f1-4452-96ab-6d590962da24
2019-07-30 16:26:07,880 INFO  server.RaftServerConfigKeys (ConfUtils.java:logGet(43)) - raft.server.log.purge.gap = 1000000000 (custom)
2019-07-30 16:26:07,881 INFO  server.RaftServerConfigKeys (ConfUtils.java:logGet(43)) - raft.server.log.queue.byte-limit = 2147483647 (custom)
2019-07-30 16:26:07,881 INFO  server.RaftServerConfigKeys (ConfUtils.java:logGet(43)) - raft.server.log.appender.buffer.byte-limit = 33554432 (custom)
2019-07-30 16:26:07,881 INFO  server.RaftServerConfigKeys (ConfUtils.java:logGet(43)) - raft.server.log.queue.element-limit = 1024 (custom)
2019-07-30 16:26:07,881 INFO  server.RaftServerConfigKeys (ConfUtils.java:logGet(43)) - raft.server.log.appender.buffer.byte-limit = 33554432 (custom)
2019-07-30 16:26:07,881 INFO  server.RaftServerConfigKeys (ConfUtils.java:logGet(43)) - raft.server.log.segment.size.max = 1048576 (custom)
2019-07-30 16:26:07,882 INFO  server.RaftServerConfigKeys (ConfUtils.java:logGet(43)) - raft.server.log.preallocated.size = 16384 (custom)
2019-07-30 16:26:07,881 INFO  server.RaftServerConfigKeys (ConfUtils.java:logGet(43)) - raft.server.log.segment.size.max = 1048576 (custom)
2019-07-30 16:26:07,882 INFO  server.RaftServerConfigKeys (ConfUtils.java:logGet(43)) - raft.server.log.write.buffer.size = 33554432 (custom)
2019-07-30 16:26:07,881 INFO  server.RaftServerConfigKeys (ConfUtils.java:logGet(43)) - raft.server.log.segment.size.max = 1048576 (custom)
2019-07-30 16:26:07,882 INFO  server.RaftServerConfigKeys (ConfUtils.java:logGet(43)) - raft.server.log.force.sync.num = 128 (default)
2019-07-30 16:26:07,882 INFO  server.RaftServerConfigKeys (ConfUtils.java:logGet(43)) - raft.server.log.segment.cache.num.max = 2 (custom)
2019-07-30 16:26:07,882 INFO  server.RaftServerConfigKeys (ConfUtils.java:logGet(43)) - raft.server.log.statemachine.data.sync = true (default)
2019-07-30 16:26:07,883 INFO  server.RaftServerConfigKeys (ConfUtils.java:logGet(43)) - raft.server.log.statemachine.data.sync.timeout = 10s (default)
2019-07-30 16:26:07,882 INFO  server.RaftServerConfigKeys (ConfUtils.java:logGet(43)) - raft.server.log.segment.cache.num.max = 2 (custom)
2019-07-30 16:26:07,883 INFO  server.RaftServerConfigKeys (ConfUtils.java:logGet(43)) - raft.server.log.statemachine.data.sync.timeout.retry = -1 (default)
2019-07-30 16:26:07,882 INFO  segmented.SegmentedRaftLogWorker (SegmentedRaftLogWorker.java:<init>(172)) - new 7b4af218-2dca-43c5-b6b8-daa46ad692b2-SegmentedRaftLogWorker:Storage Directory /workdir/hadoop-ozone/integration-test/target/test-dir/MiniOzoneClusterImpl-e0751c9c-ab1e-436e-a978-31c0514d5264/datanode-4/data/ratis/610fae9f-76f1-4452-96ab-6d590962da24 for RaftStorage:Storage Directory /workdir/hadoop-ozone/integration-test/target/test-dir/MiniOzoneClusterImpl-e0751c9c-ab1e-436e-a978-31c0514d5264/datanode-4/data/ratis/610fae9f-76f1-4452-96ab-6d590962da24
2019-07-30 16:26:07,883 INFO  server.RaftServerConfigKeys (ConfUtils.java:logGet(43)) - raft.server.log.statemachine.data.caching.enabled = true (custom)
2019-07-30 16:26:07,883 INFO  segmented.SegmentedRaftLogWorker (SegmentedRaftLogWorker.java:<init>(172)) - new eb5cf37a-5484-4583-897f-c696c325400c-SegmentedRaftLogWorker:Storage Directory /workdir/hadoop-ozone/integration-test/target/test-dir/MiniOzoneClusterImpl-e0751c9c-ab1e-436e-a978-31c0514d5264/datanode-5/data/ratis/610fae9f-76f1-4452-96ab-6d590962da24 for RaftStorage:Storage Directory /workdir/hadoop-ozone/integration-test/target/test-dir/MiniOzoneClusterImpl-e0751c9c-ab1e-436e-a978-31c0514d5264/datanode-5/data/ratis/610fae9f-76f1-4452-96ab-6d590962da24
2019-07-30 16:26:07,883 INFO  server.RaftServerConfigKeys (ConfUtils.java:logGet(43)) - raft.server.log.queue.byte-limit = 2147483647 (custom)
2019-07-30 16:26:07,884 INFO  segmented.SegmentedRaftLogWorker (SegmentedRaftLogWorker.java:lambda$new$0(132)) - d550d9cf-38a3-43d8-a537-9899e3b1e632-SegmentedRaftLogWorker:Storage Directory /workdir/hadoop-ozone/integration-test/target/test-dir/MiniOzoneClusterImpl-e0751c9c-ab1e-436e-a978-31c0514d5264/datanode-3/data/ratis/610fae9f-76f1-4452-96ab-6d590962da24: flushIndex: setUnconditionally 0 -> -1
2019-07-30 16:26:07,883 INFO  server.RaftServerConfigKeys (ConfUtils.java:logGet(43)) - raft.server.log.queue.byte-limit = 2147483647 (custom)
2019-07-30 16:26:07,884 INFO  server.RaftServerConfigKeys (ConfUtils.java:logGet(43)) - raft.server.log.queue.element-limit = 1024 (custom)
2019-07-30 16:26:07,884 INFO  server.RaftServerConfigKeys (ConfUtils.java:logGet(43)) - raft.server.snapshot.auto.trigger.enabled = true (custom)
2019-07-30 16:26:07,884 INFO  server.RaftServerConfigKeys (ConfUtils.java:logGet(43)) - raft.server.log.queue.element-limit = 1024 (custom)
2019-07-30 16:26:07,884 INFO  server.RaftServerConfigKeys (ConfUtils.java:logGet(43)) - raft.server.snapshot.auto.trigger.threshold = 10000 (custom)
2019-07-30 16:26:07,884 INFO  server.RaftServerConfigKeys (ConfUtils.java:logGet(43)) - raft.server.log.segment.size.max = 1048576 (custom)
2019-07-30 16:26:07,885 INFO  server.RaftServerConfigKeys (ConfUtils.java:logGet(43)) - raft.server.retrycache.expirytime = 600000ms (custom)
2019-07-30 16:26:07,884 INFO  server.RaftServerConfigKeys (ConfUtils.java:logGet(43)) - raft.server.log.segment.size.max = 1048576 (custom)
2019-07-30 16:26:07,885 INFO  impl.RaftServerImpl (RaftServerImpl.java:start(180)) - d550d9cf-38a3-43d8-a537-9899e3b1e632: start group-6D590962DA24
2019-07-30 16:26:07,885 INFO  impl.RaftServerImpl (RaftServerImpl.java:setRole(171)) - d550d9cf-38a3-43d8-a537-9899e3b1e632:group-6D590962DA24 changes role from null to FOLLOWER at term 0 for startAsFollower
2019-07-30 16:26:07,885 INFO  server.RaftServerConfigKeys (ConfUtils.java:logGet(43)) - raft.server.log.preallocated.size = 16384 (custom)
2019-07-30 16:26:07,886 INFO  impl.RoleInfo (RoleInfo.java:updateAndGet(143)) - d550d9cf-38a3-43d8-a537-9899e3b1e632: start FollowerState
2019-07-30 16:26:07,885 INFO  server.RaftServerConfigKeys (ConfUtils.java:logGet(43)) - raft.server.log.preallocated.size = 16384 (custom)
2019-07-30 16:26:07,886 INFO  server.RaftServerConfigKeys (ConfUtils.java:logGet(43)) - raft.server.log.write.buffer.size = 33554432 (custom)
2019-07-30 16:26:07,886 INFO  server.RaftServerConfigKeys (ConfUtils.java:logGet(43)) - raft.server.log.write.buffer.size = 33554432 (custom)
2019-07-30 16:26:07,886 INFO  util.JmxRegister (JmxRegister.java:tryRegister(44)) - Successfully registered JMX Bean with object name Ratis:service=RaftServer,group=group-6D590962DA24,id=d550d9cf-38a3-43d8-a537-9899e3b1e632
2019-07-30 16:26:07,886 INFO  server.RaftServerConfigKeys (ConfUtils.java:logGet(43)) - raft.server.log.force.sync.num = 128 (default)
2019-07-30 16:26:07,886 INFO  server.RaftServerConfigKeys (ConfUtils.java:logGet(43)) - raft.server.log.force.sync.num = 128 (default)
2019-07-30 16:26:07,887 INFO  server.RaftServerConfigKeys (ConfUtils.java:logGet(43)) - raft.server.log.statemachine.data.sync = true (default)
2019-07-30 16:26:07,887 INFO  server.RaftServerConfigKeys (ConfUtils.java:logGet(43)) - raft.server.log.statemachine.data.sync = true (default)
2019-07-30 16:26:07,887 INFO  server.RaftServerConfigKeys (ConfUtils.java:logGet(43)) - raft.server.log.statemachine.data.sync.timeout = 10s (default)
2019-07-30 16:26:07,887 INFO  server.RaftServerConfigKeys (ConfUtils.java:logGet(43)) - raft.server.log.statemachine.data.sync.timeout = 10s (default)
2019-07-30 16:26:07,887 INFO  server.RaftServerConfigKeys (ConfUtils.java:logGet(43)) - raft.server.log.statemachine.data.sync.timeout.retry = -1 (default)
2019-07-30 16:26:07,888 INFO  server.RaftServerConfigKeys (ConfUtils.java:logGet(43)) - raft.server.log.statemachine.data.sync.timeout.retry = -1 (default)
2019-07-30 16:26:07,888 INFO  server.RaftServerConfigKeys (ConfUtils.java:logGet(43)) - raft.server.log.statemachine.data.caching.enabled = true (custom)
2019-07-30 16:26:07,888 INFO  server.RaftServerConfigKeys (ConfUtils.java:logGet(43)) - raft.server.log.statemachine.data.caching.enabled = true (custom)
2019-07-30 16:26:07,888 INFO  segmented.SegmentedRaftLogWorker (SegmentedRaftLogWorker.java:lambda$new$0(132)) - 7b4af218-2dca-43c5-b6b8-daa46ad692b2-SegmentedRaftLogWorker:Storage Directory /workdir/hadoop-ozone/integration-test/target/test-dir/MiniOzoneClusterImpl-e0751c9c-ab1e-436e-a978-31c0514d5264/datanode-4/data/ratis/610fae9f-76f1-4452-96ab-6d590962da24: flushIndex: setUnconditionally 0 -> -1
2019-07-30 16:26:07,888 INFO  segmented.SegmentedRaftLogWorker (SegmentedRaftLogWorker.java:lambda$new$0(132)) - eb5cf37a-5484-4583-897f-c696c325400c-SegmentedRaftLogWorker:Storage Directory /workdir/hadoop-ozone/integration-test/target/test-dir/MiniOzoneClusterImpl-e0751c9c-ab1e-436e-a978-31c0514d5264/datanode-5/data/ratis/610fae9f-76f1-4452-96ab-6d590962da24: flushIndex: setUnconditionally 0 -> -1
2019-07-30 16:26:07,889 INFO  server.RaftServerConfigKeys (ConfUtils.java:logGet(43)) - raft.server.snapshot.auto.trigger.enabled = true (custom)
2019-07-30 16:26:07,889 INFO  server.RaftServerConfigKeys (ConfUtils.java:logGet(43)) - raft.server.snapshot.auto.trigger.enabled = true (custom)
2019-07-30 16:26:07,889 INFO  server.RaftServerConfigKeys (ConfUtils.java:logGet(43)) - raft.server.snapshot.auto.trigger.threshold = 10000 (custom)
2019-07-30 16:26:07,889 INFO  server.RaftServerConfigKeys (ConfUtils.java:logGet(43)) - raft.server.snapshot.auto.trigger.threshold = 10000 (custom)
2019-07-30 16:26:07,889 INFO  server.RaftServerConfigKeys (ConfUtils.java:logGet(43)) - raft.server.retrycache.expirytime = 600000ms (custom)
2019-07-30 16:26:07,889 INFO  server.RaftServerConfigKeys (ConfUtils.java:logGet(43)) - raft.server.retrycache.expirytime = 600000ms (custom)
2019-07-30 16:26:07,889 INFO  impl.RaftServerImpl (RaftServerImpl.java:start(180)) - 7b4af218-2dca-43c5-b6b8-daa46ad692b2: start group-6D590962DA24
2019-07-30 16:26:07,890 INFO  impl.RaftServerImpl (RaftServerImpl.java:start(180)) - eb5cf37a-5484-4583-897f-c696c325400c: start group-6D590962DA24
2019-07-30 16:26:07,890 INFO  impl.RaftServerImpl (RaftServerImpl.java:setRole(171)) - 7b4af218-2dca-43c5-b6b8-daa46ad692b2:group-6D590962DA24 changes role from null to FOLLOWER at term 0 for startAsFollower
2019-07-30 16:26:07,890 INFO  impl.RaftServerImpl (RaftServerImpl.java:setRole(171)) - eb5cf37a-5484-4583-897f-c696c325400c:group-6D590962DA24 changes role from null to FOLLOWER at term 0 for startAsFollower
2019-07-30 16:26:07,890 INFO  impl.RoleInfo (RoleInfo.java:updateAndGet(143)) - 7b4af218-2dca-43c5-b6b8-daa46ad692b2: start FollowerState
2019-07-30 16:26:07,890 INFO  impl.RoleInfo (RoleInfo.java:updateAndGet(143)) - eb5cf37a-5484-4583-897f-c696c325400c: start FollowerState
2019-07-30 16:26:07,891 INFO  util.JmxRegister (JmxRegister.java:tryRegister(44)) - Successfully registered JMX Bean with object name Ratis:service=RaftServer,group=group-6D590962DA24,id=7b4af218-2dca-43c5-b6b8-daa46ad692b2
2019-07-30 16:26:07,891 INFO  util.JmxRegister (JmxRegister.java:tryRegister(44)) - Successfully registered JMX Bean with object name Ratis:service=RaftServer,group=group-6D590962DA24,id=eb5cf37a-5484-4583-897f-c696c325400c
2019-07-30 16:26:07,893 INFO  pipeline.PipelineStateManager (PipelineStateManager.java:addPipeline(56)) - Created pipeline Pipeline[ Id: 610fae9f-76f1-4452-96ab-6d590962da24, Nodes: eb5cf37a-5484-4583-897f-c696c325400c{ip: 192.168.69.86, host: byscane-nightly-58zn2-384979956, networkLocation: /default-rack, certSerialId: null}7b4af218-2dca-43c5-b6b8-daa46ad692b2{ip: 192.168.69.86, host: byscane-nightly-58zn2-384979956, networkLocation: /default-rack, certSerialId: null}d550d9cf-38a3-43d8-a537-9899e3b1e632{ip: 192.168.69.86, host: byscane-nightly-58zn2-384979956, networkLocation: /default-rack, certSerialId: null}, Type:RATIS, Factor:THREE, State:OPEN]
2019-07-30 16:26:07,901 INFO  impl.FollowerState (FollowerState.java:run(106)) - 7f4b1fe9-4c9c-4a14-aac8-7d57da1ee8a5:group-514BFC37E953 changes to CANDIDATE, lastRpcTime:1051, electionTimeout:1051ms
2019-07-30 16:26:07,901 INFO  impl.RoleInfo (RoleInfo.java:shutdownFollowerState(121)) - 7f4b1fe9-4c9c-4a14-aac8-7d57da1ee8a5: shutdown FollowerState
2019-07-30 16:26:07,902 INFO  impl.RaftServerImpl (RaftServerImpl.java:setRole(171)) - 7f4b1fe9-4c9c-4a14-aac8-7d57da1ee8a5:group-514BFC37E953 changes role from FOLLOWER to CANDIDATE at term 0 for changeToCandidate
2019-07-30 16:26:07,902 INFO  impl.RoleInfo (RoleInfo.java:updateAndGet(143)) - 7f4b1fe9-4c9c-4a14-aac8-7d57da1ee8a5: start LeaderElection
2019-07-30 16:26:07,923 INFO  impl.LeaderElection (LeaderElection.java:askForVotes(181)) - 7f4b1fe9-4c9c-4a14-aac8-7d57da1ee8a5:group-514BFC37E953:LeaderElection60: begin an election at term 1 for -1: [7f4b1fe9-4c9c-4a14-aac8-7d57da1ee8a5:192.168.69.86:44365], old=null
2019-07-30 16:26:07,923 INFO  impl.RoleInfo (RoleInfo.java:shutdownLeaderElection(134)) - 7f4b1fe9-4c9c-4a14-aac8-7d57da1ee8a5: shutdown LeaderElection
2019-07-30 16:26:07,923 INFO  impl.RaftServerImpl (RaftServerImpl.java:setRole(171)) - 7f4b1fe9-4c9c-4a14-aac8-7d57da1ee8a5:group-514BFC37E953 changes role from CANDIDATE to LEADER at term 1 for changeToLeader
2019-07-30 16:26:07,923 INFO  impl.RaftServerImpl (ServerState.java:setLeader(263)) - 7f4b1fe9-4c9c-4a14-aac8-7d57da1ee8a5:group-514BFC37E953 change Leader from null to 7f4b1fe9-4c9c-4a14-aac8-7d57da1ee8a5 at term 1 for becomeLeader, leader elected after 1077ms
2019-07-30 16:26:07,923 INFO  server.RaftServerConfigKeys (ConfUtils.java:logGet(43)) - raft.server.staging.catchup.gap = 1000 (default)
2019-07-30 16:26:07,923 INFO  server.RaftServerConfigKeys (ConfUtils.java:logGet(43)) - raft.server.rpc.sleep.time = 25ms (default)
2019-07-30 16:26:07,924 INFO  server.RaftServerConfigKeys (ConfUtils.java:logGet(43)) - raft.server.write.element-limit = 4096 (default)
2019-07-30 16:26:07,924 INFO  server.RaftServerConfigKeys (ConfUtils.java:logGet(43)) - raft.server.watch.timeout = 10s (default)
2019-07-30 16:26:07,924 INFO  server.RaftServerConfigKeys (ConfUtils.java:logGet(43)) - raft.server.watch.timeout.denomination = 1s (default)
2019-07-30 16:26:07,924 INFO  server.RaftServerConfigKeys (ConfUtils.java:logGet(43)) - raft.server.watch.element-limit = 65536 (default)
2019-07-30 16:26:07,924 INFO  impl.RoleInfo (RoleInfo.java:updateAndGet(143)) - 7f4b1fe9-4c9c-4a14-aac8-7d57da1ee8a5: start LeaderState
2019-07-30 16:26:07,925 INFO  segmented.SegmentedRaftLogWorker (SegmentedRaftLogWorker.java:startLogSegment(380)) - 7f4b1fe9-4c9c-4a14-aac8-7d57da1ee8a5-SegmentedRaftLogWorker:Storage Directory /workdir/hadoop-ozone/integration-test/target/test-dir/MiniOzoneClusterImpl-e0751c9c-ab1e-436e-a978-31c0514d5264/datanode-0/data/ratis/ac1e9408-88ec-4193-8c07-514bfc37e953: Starting segment from index:0
2019-07-30 16:26:07,926 INFO  impl.RaftServerImpl (ServerState.java:setRaftConf(361)) - 7f4b1fe9-4c9c-4a14-aac8-7d57da1ee8a5:group-514BFC37E953 set configuration 0: [7f4b1fe9-4c9c-4a14-aac8-7d57da1ee8a5:192.168.69.86:44365], old=null at 0
2019-07-30 16:26:07,957 INFO  segmented.SegmentedRaftLogWorker (SegmentedRaftLogWorker.java:execute(569)) - 7f4b1fe9-4c9c-4a14-aac8-7d57da1ee8a5-SegmentedRaftLogWorker:Storage Directory /workdir/hadoop-ozone/integration-test/target/test-dir/MiniOzoneClusterImpl-e0751c9c-ab1e-436e-a978-31c0514d5264/datanode-0/data/ratis/ac1e9408-88ec-4193-8c07-514bfc37e953: created new log segment /workdir/hadoop-ozone/integration-test/target/test-dir/MiniOzoneClusterImpl-e0751c9c-ab1e-436e-a978-31c0514d5264/datanode-0/data/ratis/ac1e9408-88ec-4193-8c07-514bfc37e953/current/log_inprogress_0
2019-07-30 16:26:08,125 INFO  impl.FollowerState (FollowerState.java:run(106)) - 8c3f87ef-2d26-4c7b-a806-5d3f58e4af77:group-21189BFCA714 changes to CANDIDATE, lastRpcTime:1039, electionTimeout:1039ms
2019-07-30 16:26:08,125 INFO  impl.RoleInfo (RoleInfo.java:shutdownFollowerState(121)) - 8c3f87ef-2d26-4c7b-a806-5d3f58e4af77: shutdown FollowerState
2019-07-30 16:26:08,125 INFO  impl.RaftServerImpl (RaftServerImpl.java:setRole(171)) - 8c3f87ef-2d26-4c7b-a806-5d3f58e4af77:group-21189BFCA714 changes role from FOLLOWER to CANDIDATE at term 0 for changeToCandidate
2019-07-30 16:26:08,125 INFO  impl.RoleInfo (RoleInfo.java:updateAndGet(143)) - 8c3f87ef-2d26-4c7b-a806-5d3f58e4af77: start LeaderElection
2019-07-30 16:26:08,163 INFO  impl.LeaderElection (LeaderElection.java:askForVotes(181)) - 8c3f87ef-2d26-4c7b-a806-5d3f58e4af77:group-21189BFCA714:LeaderElection61: begin an election at term 1 for -1: [8c3f87ef-2d26-4c7b-a806-5d3f58e4af77:192.168.69.86:39144], old=null
2019-07-30 16:26:08,163 INFO  impl.RoleInfo (RoleInfo.java:shutdownLeaderElection(134)) - 8c3f87ef-2d26-4c7b-a806-5d3f58e4af77: shutdown LeaderElection
2019-07-30 16:26:08,163 INFO  impl.RaftServerImpl (RaftServerImpl.java:setRole(171)) - 8c3f87ef-2d26-4c7b-a806-5d3f58e4af77:group-21189BFCA714 changes role from CANDIDATE to LEADER at term 1 for changeToLeader
2019-07-30 16:26:08,163 INFO  impl.RaftServerImpl (ServerState.java:setLeader(263)) - 8c3f87ef-2d26-4c7b-a806-5d3f58e4af77:group-21189BFCA714 change Leader from null to 8c3f87ef-2d26-4c7b-a806-5d3f58e4af77 at term 1 for becomeLeader, leader elected after 1082ms
2019-07-30 16:26:08,164 INFO  server.RaftServerConfigKeys (ConfUtils.java:logGet(43)) - raft.server.staging.catchup.gap = 1000 (default)
2019-07-30 16:26:08,164 INFO  server.RaftServerConfigKeys (ConfUtils.java:logGet(43)) - raft.server.rpc.sleep.time = 25ms (default)
2019-07-30 16:26:08,164 INFO  server.RaftServerConfigKeys (ConfUtils.java:logGet(43)) - raft.server.write.element-limit = 4096 (default)
2019-07-30 16:26:08,164 INFO  server.RaftServerConfigKeys (ConfUtils.java:logGet(43)) - raft.server.watch.timeout = 10s (default)
2019-07-30 16:26:08,164 INFO  server.RaftServerConfigKeys (ConfUtils.java:logGet(43)) - raft.server.watch.timeout.denomination = 1s (default)
2019-07-30 16:26:08,164 INFO  server.RaftServerConfigKeys (ConfUtils.java:logGet(43)) - raft.server.watch.element-limit = 65536 (default)
2019-07-30 16:26:08,165 INFO  impl.RoleInfo (RoleInfo.java:updateAndGet(143)) - 8c3f87ef-2d26-4c7b-a806-5d3f58e4af77: start LeaderState
2019-07-30 16:26:08,165 INFO  segmented.SegmentedRaftLogWorker (SegmentedRaftLogWorker.java:startLogSegment(380)) - 8c3f87ef-2d26-4c7b-a806-5d3f58e4af77-SegmentedRaftLogWorker:Storage Directory /workdir/hadoop-ozone/integration-test/target/test-dir/MiniOzoneClusterImpl-e0751c9c-ab1e-436e-a978-31c0514d5264/datanode-1/data/ratis/f2851815-46d8-48bf-968a-21189bfca714: Starting segment from index:0
2019-07-30 16:26:08,166 INFO  impl.RaftServerImpl (ServerState.java:setRaftConf(361)) - 8c3f87ef-2d26-4c7b-a806-5d3f58e4af77:group-21189BFCA714 set configuration 0: [8c3f87ef-2d26-4c7b-a806-5d3f58e4af77:192.168.69.86:39144], old=null at 0
2019-07-30 16:26:08,196 INFO  segmented.SegmentedRaftLogWorker (SegmentedRaftLogWorker.java:execute(569)) - 8c3f87ef-2d26-4c7b-a806-5d3f58e4af77-SegmentedRaftLogWorker:Storage Directory /workdir/hadoop-ozone/integration-test/target/test-dir/MiniOzoneClusterImpl-e0751c9c-ab1e-436e-a978-31c0514d5264/datanode-1/data/ratis/f2851815-46d8-48bf-968a-21189bfca714: created new log segment /workdir/hadoop-ozone/integration-test/target/test-dir/MiniOzoneClusterImpl-e0751c9c-ab1e-436e-a978-31c0514d5264/datanode-1/data/ratis/f2851815-46d8-48bf-968a-21189bfca714/current/log_inprogress_0
2019-07-30 16:26:08,436 INFO  impl.FollowerState (FollowerState.java:run(106)) - 8c3f87ef-2d26-4c7b-a806-5d3f58e4af77:group-71F174E7DA6C changes to CANDIDATE, lastRpcTime:1066, electionTimeout:1066ms
2019-07-30 16:26:08,437 INFO  impl.RoleInfo (RoleInfo.java:shutdownFollowerState(121)) - 8c3f87ef-2d26-4c7b-a806-5d3f58e4af77: shutdown FollowerState
2019-07-30 16:26:08,437 INFO  impl.RaftServerImpl (RaftServerImpl.java:setRole(171)) - 8c3f87ef-2d26-4c7b-a806-5d3f58e4af77:group-71F174E7DA6C changes role from FOLLOWER to CANDIDATE at term 0 for changeToCandidate
2019-07-30 16:26:08,437 INFO  impl.RoleInfo (RoleInfo.java:updateAndGet(143)) - 8c3f87ef-2d26-4c7b-a806-5d3f58e4af77: start LeaderElection
2019-07-30 16:26:08,455 INFO  impl.LeaderElection (LeaderElection.java:askForVotes(181)) - 8c3f87ef-2d26-4c7b-a806-5d3f58e4af77:group-71F174E7DA6C:LeaderElection62: begin an election at term 1 for -1: [d31abd7a-dfb6-4b5d-9404-924aab43d864:192.168.69.86:41841, 7f4b1fe9-4c9c-4a14-aac8-7d57da1ee8a5:192.168.69.86:44365, 8c3f87ef-2d26-4c7b-a806-5d3f58e4af77:192.168.69.86:39144], old=null
2019-07-30 16:26:08,461 INFO  impl.FollowerState (FollowerState.java:run(106)) - 7f4b1fe9-4c9c-4a14-aac8-7d57da1ee8a5:group-71F174E7DA6C changes to CANDIDATE, lastRpcTime:1091, electionTimeout:1090ms
2019-07-30 16:26:08,462 INFO  impl.RoleInfo (RoleInfo.java:shutdownFollowerState(121)) - 7f4b1fe9-4c9c-4a14-aac8-7d57da1ee8a5: shutdown FollowerState
2019-07-30 16:26:08,462 INFO  impl.RaftServerImpl (RaftServerImpl.java:setRole(171)) - 7f4b1fe9-4c9c-4a14-aac8-7d57da1ee8a5:group-71F174E7DA6C changes role from FOLLOWER to CANDIDATE at term 0 for changeToCandidate
2019-07-30 16:26:08,462 INFO  impl.RoleInfo (RoleInfo.java:updateAndGet(143)) - 7f4b1fe9-4c9c-4a14-aac8-7d57da1ee8a5: start LeaderElection
2019-07-30 16:26:08,472 INFO  impl.RaftServerImpl (RaftServerImpl.java:setRole(171)) - d31abd7a-dfb6-4b5d-9404-924aab43d864:group-71F174E7DA6C changes role from FOLLOWER to FOLLOWER at term 1 for recognizeCandidate:8c3f87ef-2d26-4c7b-a806-5d3f58e4af77
2019-07-30 16:26:08,472 INFO  impl.RoleInfo (RoleInfo.java:shutdownFollowerState(121)) - d31abd7a-dfb6-4b5d-9404-924aab43d864: shutdown FollowerState
2019-07-30 16:26:08,472 INFO  impl.RoleInfo (RoleInfo.java:updateAndGet(143)) - d31abd7a-dfb6-4b5d-9404-924aab43d864: start FollowerState
2019-07-30 16:26:08,473 INFO  impl.FollowerState (FollowerState.java:run(114)) - d31abd7a-dfb6-4b5d-9404-924aab43d864: FollowerState was interrupted: java.lang.InterruptedException: sleep interrupted
2019-07-30 16:26:08,481 INFO  impl.LeaderElection (LeaderElection.java:askForVotes(181)) - 7f4b1fe9-4c9c-4a14-aac8-7d57da1ee8a5:group-71F174E7DA6C:LeaderElection63: begin an election at term 1 for -1: [d31abd7a-dfb6-4b5d-9404-924aab43d864:192.168.69.86:41841, 7f4b1fe9-4c9c-4a14-aac8-7d57da1ee8a5:192.168.69.86:44365, 8c3f87ef-2d26-4c7b-a806-5d3f58e4af77:192.168.69.86:39144], old=null
2019-07-30 16:26:08,482 INFO  impl.LeaderElection (LeaderElection.java:logAndReturn(56)) - 8c3f87ef-2d26-4c7b-a806-5d3f58e4af77:group-71F174E7DA6C:LeaderElection62: Election PASSED; received 1 response(s) [8c3f87ef-2d26-4c7b-a806-5d3f58e4af77<-d31abd7a-dfb6-4b5d-9404-924aab43d864#0:OK-t1] and 0 exception(s); 8c3f87ef-2d26-4c7b-a806-5d3f58e4af77:t1, leader=null, voted=8c3f87ef-2d26-4c7b-a806-5d3f58e4af77, raftlog=8c3f87ef-2d26-4c7b-a806-5d3f58e4af77-SegmentedRaftLog:OPENED:c-1,f-1,i0, conf=-1: [d31abd7a-dfb6-4b5d-9404-924aab43d864:192.168.69.86:41841, 7f4b1fe9-4c9c-4a14-aac8-7d57da1ee8a5:192.168.69.86:44365, 8c3f87ef-2d26-4c7b-a806-5d3f58e4af77:192.168.69.86:39144], old=null
2019-07-30 16:26:08,482 INFO  impl.RoleInfo (RoleInfo.java:shutdownLeaderElection(134)) - 8c3f87ef-2d26-4c7b-a806-5d3f58e4af77: shutdown LeaderElection
2019-07-30 16:26:08,483 INFO  impl.RaftServerImpl (RaftServerImpl.java:setRole(171)) - 8c3f87ef-2d26-4c7b-a806-5d3f58e4af77:group-71F174E7DA6C changes role from CANDIDATE to LEADER at term 1 for changeToLeader
2019-07-30 16:26:08,483 INFO  impl.RaftServerImpl (ServerState.java:setLeader(263)) - 8c3f87ef-2d26-4c7b-a806-5d3f58e4af77:group-71F174E7DA6C change Leader from null to 8c3f87ef-2d26-4c7b-a806-5d3f58e4af77 at term 1 for becomeLeader, leader elected after 1124ms
2019-07-30 16:26:08,483 INFO  server.RaftServerConfigKeys (ConfUtils.java:logGet(43)) - raft.server.staging.catchup.gap = 1000 (default)
2019-07-30 16:26:08,483 INFO  server.RaftServerConfigKeys (ConfUtils.java:logGet(43)) - raft.server.rpc.sleep.time = 25ms (default)
2019-07-30 16:26:08,483 INFO  server.RaftServerConfigKeys (ConfUtils.java:logGet(43)) - raft.server.write.element-limit = 4096 (default)
2019-07-30 16:26:08,484 INFO  server.RaftServerConfigKeys (ConfUtils.java:logGet(43)) - raft.server.watch.timeout = 10s (default)
2019-07-30 16:26:08,484 INFO  server.RaftServerConfigKeys (ConfUtils.java:logGet(43)) - raft.server.watch.timeout.denomination = 1s (default)
2019-07-30 16:26:08,484 INFO  server.RaftServerConfigKeys (ConfUtils.java:logGet(43)) - raft.server.watch.element-limit = 65536 (default)
2019-07-30 16:26:08,484 INFO  server.RaftServerConfigKeys (ConfUtils.java:logGet(43)) - raft.server.log.appender.snapshot.chunk.size.max = 16MB (=16777216) (default)
2019-07-30 16:26:08,484 INFO  server.RaftServerConfigKeys (ConfUtils.java:logGet(43)) - raft.server.log.appender.buffer.byte-limit = 33554432 (custom)
2019-07-30 16:26:08,485 INFO  server.RaftServerConfigKeys (ConfUtils.java:logGet(43)) - raft.server.log.appender.buffer.element-limit = 1 (custom)
2019-07-30 16:26:08,485 INFO  grpc.GrpcConfigKeys$Server (ConfUtils.java:logGet(43)) - raft.grpc.server.leader.outstanding.appends.max = 128 (default)
2019-07-30 16:26:08,485 INFO  server.RaftServerConfigKeys (ConfUtils.java:logGet(43)) - raft.server.rpc.request.timeout = 3000ms (default)
2019-07-30 16:26:08,485 INFO  server.RaftServerConfigKeys (ConfUtils.java:logGet(43)) - raft.server.log.appender.install.snapshot.enabled = false (custom)
2019-07-30 16:26:08,486 INFO  server.RaftServerConfigKeys (ConfUtils.java:logGet(43)) - raft.server.log.appender.snapshot.chunk.size.max = 16MB (=16777216) (default)
2019-07-30 16:26:08,486 INFO  server.RaftServerConfigKeys (ConfUtils.java:logGet(43)) - raft.server.log.appender.buffer.byte-limit = 33554432 (custom)
2019-07-30 16:26:08,486 INFO  server.RaftServerConfigKeys (ConfUtils.java:logGet(43)) - raft.server.log.appender.buffer.element-limit = 1 (custom)
2019-07-30 16:26:08,488 INFO  grpc.GrpcConfigKeys$Server (ConfUtils.java:logGet(43)) - raft.grpc.server.leader.outstanding.appends.max = 128 (default)
2019-07-30 16:26:08,489 INFO  server.RaftServerConfigKeys (ConfUtils.java:logGet(43)) - raft.server.rpc.request.timeout = 3000ms (default)
2019-07-30 16:26:08,489 INFO  server.RaftServerConfigKeys (ConfUtils.java:logGet(43)) - raft.server.log.appender.install.snapshot.enabled = false (custom)
2019-07-30 16:26:08,489 INFO  impl.RoleInfo (RoleInfo.java:updateAndGet(143)) - 8c3f87ef-2d26-4c7b-a806-5d3f58e4af77: start LeaderState
2019-07-30 16:26:08,489 INFO  segmented.SegmentedRaftLogWorker (SegmentedRaftLogWorker.java:startLogSegment(380)) - 8c3f87ef-2d26-4c7b-a806-5d3f58e4af77-SegmentedRaftLogWorker:Storage Directory /workdir/hadoop-ozone/integration-test/target/test-dir/MiniOzoneClusterImpl-e0751c9c-ab1e-436e-a978-31c0514d5264/datanode-1/data/ratis/5dc7c290-7e01-462e-a2d1-71f174e7da6c: Starting segment from index:0
2019-07-30 16:26:08,490 INFO  impl.FollowerState (FollowerState.java:run(106)) - d550d9cf-38a3-43d8-a537-9899e3b1e632:group-28E0AB7CBD81 changes to CANDIDATE, lastRpcTime:1055, electionTimeout:1055ms
2019-07-30 16:26:08,490 INFO  impl.RoleInfo (RoleInfo.java:shutdownFollowerState(121)) - d550d9cf-38a3-43d8-a537-9899e3b1e632: shutdown FollowerState
2019-07-30 16:26:08,490 INFO  impl.RaftServerImpl (ServerState.java:setRaftConf(361)) - 8c3f87ef-2d26-4c7b-a806-5d3f58e4af77:group-71F174E7DA6C set configuration 0: [d31abd7a-dfb6-4b5d-9404-924aab43d864:192.168.69.86:41841, 7f4b1fe9-4c9c-4a14-aac8-7d57da1ee8a5:192.168.69.86:44365, 8c3f87ef-2d26-4c7b-a806-5d3f58e4af77:192.168.69.86:39144], old=null at 0
2019-07-30 16:26:08,490 INFO  impl.RaftServerImpl (RaftServerImpl.java:setRole(171)) - d550d9cf-38a3-43d8-a537-9899e3b1e632:group-28E0AB7CBD81 changes role from FOLLOWER to CANDIDATE at term 0 for changeToCandidate
2019-07-30 16:26:08,507 INFO  impl.RaftServerImpl (RaftServerImpl.java:requestVote(754)) - 8c3f87ef-2d26-4c7b-a806-5d3f58e4af77-LEADER: Withhold vote from candidate 7f4b1fe9-4c9c-4a14-aac8-7d57da1ee8a5 with term 1. State: leader=8c3f87ef-2d26-4c7b-a806-5d3f58e4af77, term=1, lastRpcElapsed=null
2019-07-30 16:26:08,506 INFO  impl.FollowerState (FollowerState.java:run(106)) - d31abd7a-dfb6-4b5d-9404-924aab43d864:group-17C5D1DAFCE4 changes to CANDIDATE, lastRpcTime:1200, electionTimeout:1199ms
2019-07-30 16:26:08,507 INFO  impl.RoleInfo (RoleInfo.java:updateAndGet(143)) - d550d9cf-38a3-43d8-a537-9899e3b1e632: start LeaderElection
2019-07-30 16:26:08,507 INFO  impl.RoleInfo (RoleInfo.java:shutdownFollowerState(121)) - d31abd7a-dfb6-4b5d-9404-924aab43d864: shutdown FollowerState
2019-07-30 16:26:08,507 INFO  impl.RaftServerImpl (RaftServerImpl.java:setRole(171)) - d31abd7a-dfb6-4b5d-9404-924aab43d864:group-17C5D1DAFCE4 changes role from FOLLOWER to CANDIDATE at term 0 for changeToCandidate
2019-07-30 16:26:08,507 INFO  impl.RoleInfo (RoleInfo.java:updateAndGet(143)) - d31abd7a-dfb6-4b5d-9404-924aab43d864: start LeaderElection
2019-07-30 16:26:08,512 INFO  impl.LeaderElection (LeaderElection.java:logAndReturn(56)) - 7f4b1fe9-4c9c-4a14-aac8-7d57da1ee8a5:group-71F174E7DA6C:LeaderElection63: Election REJECTED; received 2 response(s) [7f4b1fe9-4c9c-4a14-aac8-7d57da1ee8a5<-d31abd7a-dfb6-4b5d-9404-924aab43d864#0:FAIL-t1, 7f4b1fe9-4c9c-4a14-aac8-7d57da1ee8a5<-8c3f87ef-2d26-4c7b-a806-5d3f58e4af77#0:FAIL-t1] and 0 exception(s); 7f4b1fe9-4c9c-4a14-aac8-7d57da1ee8a5:t1, leader=null, voted=7f4b1fe9-4c9c-4a14-aac8-7d57da1ee8a5, raftlog=7f4b1fe9-4c9c-4a14-aac8-7d57da1ee8a5-SegmentedRaftLog:OPENED:c-1,f-1,i0, conf=-1: [d31abd7a-dfb6-4b5d-9404-924aab43d864:192.168.69.86:41841, 7f4b1fe9-4c9c-4a14-aac8-7d57da1ee8a5:192.168.69.86:44365, 8c3f87ef-2d26-4c7b-a806-5d3f58e4af77:192.168.69.86:39144], old=null
2019-07-30 16:26:08,516 INFO  impl.RaftServerImpl (RaftServerImpl.java:setRole(171)) - 7f4b1fe9-4c9c-4a14-aac8-7d57da1ee8a5:group-71F174E7DA6C changes role from CANDIDATE to FOLLOWER at term 1 for DISCOVERED_A_NEW_TERM
2019-07-30 16:26:08,516 INFO  impl.RaftServerImpl (ServerState.java:setLeader(263)) - d31abd7a-dfb6-4b5d-9404-924aab43d864:group-71F174E7DA6C change Leader from null to 8c3f87ef-2d26-4c7b-a806-5d3f58e4af77 at term 1 for appendEntries, leader elected after 1158ms
2019-07-30 16:26:08,516 INFO  impl.RoleInfo (RoleInfo.java:shutdownLeaderElection(134)) - 7f4b1fe9-4c9c-4a14-aac8-7d57da1ee8a5: shutdown LeaderElection
2019-07-30 16:26:08,517 INFO  impl.RoleInfo (RoleInfo.java:updateAndGet(143)) - 7f4b1fe9-4c9c-4a14-aac8-7d57da1ee8a5: start FollowerState
2019-07-30 16:26:08,517 INFO  impl.RaftServerImpl (ServerState.java:setLeader(263)) - 7f4b1fe9-4c9c-4a14-aac8-7d57da1ee8a5:group-71F174E7DA6C change Leader from null to 8c3f87ef-2d26-4c7b-a806-5d3f58e4af77 at term 1 for appendEntries, leader elected after 1158ms
2019-07-30 16:26:08,518 INFO  impl.RaftServerImpl (ServerState.java:setRaftConf(361)) - d31abd7a-dfb6-4b5d-9404-924aab43d864:group-71F174E7DA6C set configuration 0: [d31abd7a-dfb6-4b5d-9404-924aab43d864:192.168.69.86:41841, 7f4b1fe9-4c9c-4a14-aac8-7d57da1ee8a5:192.168.69.86:44365, 8c3f87ef-2d26-4c7b-a806-5d3f58e4af77:192.168.69.86:39144], old=null at 0
2019-07-30 16:26:08,519 INFO  segmented.SegmentedRaftLogWorker (SegmentedRaftLogWorker.java:startLogSegment(380)) - d31abd7a-dfb6-4b5d-9404-924aab43d864-SegmentedRaftLogWorker:Storage Directory /workdir/hadoop-ozone/integration-test/target/test-dir/MiniOzoneClusterImpl-e0751c9c-ab1e-436e-a978-31c0514d5264/datanode-2/data/ratis/5dc7c290-7e01-462e-a2d1-71f174e7da6c: Starting segment from index:0
2019-07-30 16:26:08,519 INFO  impl.RaftServerImpl (ServerState.java:setRaftConf(361)) - 7f4b1fe9-4c9c-4a14-aac8-7d57da1ee8a5:group-71F174E7DA6C set configuration 0: [d31abd7a-dfb6-4b5d-9404-924aab43d864:192.168.69.86:41841, 7f4b1fe9-4c9c-4a14-aac8-7d57da1ee8a5:192.168.69.86:44365, 8c3f87ef-2d26-4c7b-a806-5d3f58e4af77:192.168.69.86:39144], old=null at 0
2019-07-30 16:26:08,520 INFO  segmented.SegmentedRaftLogWorker (SegmentedRaftLogWorker.java:startLogSegment(380)) - 7f4b1fe9-4c9c-4a14-aac8-7d57da1ee8a5-SegmentedRaftLogWorker:Storage Directory /workdir/hadoop-ozone/integration-test/target/test-dir/MiniOzoneClusterImpl-e0751c9c-ab1e-436e-a978-31c0514d5264/datanode-0/data/ratis/5dc7c290-7e01-462e-a2d1-71f174e7da6c: Starting segment from index:0
2019-07-30 16:26:08,520 INFO  impl.LeaderElection (LeaderElection.java:askForVotes(181)) - d550d9cf-38a3-43d8-a537-9899e3b1e632:group-28E0AB7CBD81:LeaderElection64: begin an election at term 1 for -1: [d550d9cf-38a3-43d8-a537-9899e3b1e632:192.168.69.86:36419], old=null
2019-07-30 16:26:08,520 INFO  impl.LeaderElection (LeaderElection.java:askForVotes(181)) - d31abd7a-dfb6-4b5d-9404-924aab43d864:group-17C5D1DAFCE4:LeaderElection65: begin an election at term 1 for -1: [d31abd7a-dfb6-4b5d-9404-924aab43d864:192.168.69.86:41841], old=null
2019-07-30 16:26:08,520 INFO  segmented.SegmentedRaftLogWorker (SegmentedRaftLogWorker.java:execute(569)) - 8c3f87ef-2d26-4c7b-a806-5d3f58e4af77-SegmentedRaftLogWorker:Storage Directory /workdir/hadoop-ozone/integration-test/target/test-dir/MiniOzoneClusterImpl-e0751c9c-ab1e-436e-a978-31c0514d5264/datanode-1/data/ratis/5dc7c290-7e01-462e-a2d1-71f174e7da6c: created new log segment /workdir/hadoop-ozone/integration-test/target/test-dir/MiniOzoneClusterImpl-e0751c9c-ab1e-436e-a978-31c0514d5264/datanode-1/data/ratis/5dc7c290-7e01-462e-a2d1-71f174e7da6c/current/log_inprogress_0
2019-07-30 16:26:08,520 INFO  impl.RoleInfo (RoleInfo.java:shutdownLeaderElection(134)) - d31abd7a-dfb6-4b5d-9404-924aab43d864: shutdown LeaderElection
2019-07-30 16:26:08,520 INFO  impl.RoleInfo (RoleInfo.java:shutdownLeaderElection(134)) - d550d9cf-38a3-43d8-a537-9899e3b1e632: shutdown LeaderElection
2019-07-30 16:26:08,520 INFO  impl.RaftServerImpl (RaftServerImpl.java:setRole(171)) - d31abd7a-dfb6-4b5d-9404-924aab43d864:group-17C5D1DAFCE4 changes role from CANDIDATE to LEADER at term 1 for changeToLeader
2019-07-30 16:26:08,520 INFO  impl.RaftServerImpl (RaftServerImpl.java:setRole(171)) - d550d9cf-38a3-43d8-a537-9899e3b1e632:group-28E0AB7CBD81 changes role from CANDIDATE to LEADER at term 1 for changeToLeader
2019-07-30 16:26:08,521 INFO  impl.RaftServerImpl (ServerState.java:setLeader(263)) - d31abd7a-dfb6-4b5d-9404-924aab43d864:group-17C5D1DAFCE4 change Leader from null to d31abd7a-dfb6-4b5d-9404-924aab43d864 at term 1 for becomeLeader, leader elected after 1219ms
2019-07-30 16:26:08,521 INFO  impl.RaftServerImpl (ServerState.java:setLeader(263)) - d550d9cf-38a3-43d8-a537-9899e3b1e632:group-28E0AB7CBD81 change Leader from null to d550d9cf-38a3-43d8-a537-9899e3b1e632 at term 1 for becomeLeader, leader elected after 1090ms
2019-07-30 16:26:08,521 INFO  server.RaftServerConfigKeys (ConfUtils.java:logGet(43)) - raft.server.staging.catchup.gap = 1000 (default)
2019-07-30 16:26:08,521 INFO  server.RaftServerConfigKeys (ConfUtils.java:logGet(43)) - raft.server.staging.catchup.gap = 1000 (default)
2019-07-30 16:26:08,521 INFO  server.RaftServerConfigKeys (ConfUtils.java:logGet(43)) - raft.server.rpc.sleep.time = 25ms (default)
2019-07-30 16:26:08,521 INFO  server.RaftServerConfigKeys (ConfUtils.java:logGet(43)) - raft.server.rpc.sleep.time = 25ms (default)
2019-07-30 16:26:08,521 INFO  server.RaftServerConfigKeys (ConfUtils.java:logGet(43)) - raft.server.write.element-limit = 4096 (default)
2019-07-30 16:26:08,521 INFO  server.RaftServerConfigKeys (ConfUtils.java:logGet(43)) - raft.server.write.element-limit = 4096 (default)
2019-07-30 16:26:08,522 INFO  server.RaftServerConfigKeys (ConfUtils.java:logGet(43)) - raft.server.watch.timeout = 10s (default)
2019-07-30 16:26:08,522 INFO  server.RaftServerConfigKeys (ConfUtils.java:logGet(43)) - raft.server.watch.timeout = 10s (default)
2019-07-30 16:26:08,522 INFO  server.RaftServerConfigKeys (ConfUtils.java:logGet(43)) - raft.server.watch.timeout.denomination = 1s (default)
2019-07-30 16:26:08,522 INFO  server.RaftServerConfigKeys (ConfUtils.java:logGet(43)) - raft.server.watch.timeout.denomination = 1s (default)
2019-07-30 16:26:08,522 INFO  server.RaftServerConfigKeys (ConfUtils.java:logGet(43)) - raft.server.watch.element-limit = 65536 (default)
2019-07-30 16:26:08,522 INFO  server.RaftServerConfigKeys (ConfUtils.java:logGet(43)) - raft.server.watch.element-limit = 65536 (default)
2019-07-30 16:26:08,522 INFO  impl.RoleInfo (RoleInfo.java:updateAndGet(143)) - d31abd7a-dfb6-4b5d-9404-924aab43d864: start LeaderState
2019-07-30 16:26:08,522 INFO  impl.RoleInfo (RoleInfo.java:updateAndGet(143)) - d550d9cf-38a3-43d8-a537-9899e3b1e632: start LeaderState
2019-07-30 16:26:08,523 INFO  segmented.SegmentedRaftLogWorker (SegmentedRaftLogWorker.java:startLogSegment(380)) - d31abd7a-dfb6-4b5d-9404-924aab43d864-SegmentedRaftLogWorker:Storage Directory /workdir/hadoop-ozone/integration-test/target/test-dir/MiniOzoneClusterImpl-e0751c9c-ab1e-436e-a978-31c0514d5264/datanode-2/data/ratis/da70a6ac-0428-47e5-8bc0-17c5d1dafce4: Starting segment from index:0
2019-07-30 16:26:08,523 INFO  segmented.SegmentedRaftLogWorker (SegmentedRaftLogWorker.java:startLogSegment(380)) - d550d9cf-38a3-43d8-a537-9899e3b1e632-SegmentedRaftLogWorker:Storage Directory /workdir/hadoop-ozone/integration-test/target/test-dir/MiniOzoneClusterImpl-e0751c9c-ab1e-436e-a978-31c0514d5264/datanode-3/data/ratis/b2e45922-ad23-433a-8e43-28e0ab7cbd81: Starting segment from index:0
2019-07-30 16:26:08,524 INFO  impl.RaftServerImpl (ServerState.java:setRaftConf(361)) - d31abd7a-dfb6-4b5d-9404-924aab43d864:group-17C5D1DAFCE4 set configuration 0: [d31abd7a-dfb6-4b5d-9404-924aab43d864:192.168.69.86:41841], old=null at 0
2019-07-30 16:26:08,525 INFO  impl.RaftServerImpl (ServerState.java:setRaftConf(361)) - d550d9cf-38a3-43d8-a537-9899e3b1e632:group-28E0AB7CBD81 set configuration 0: [d550d9cf-38a3-43d8-a537-9899e3b1e632:192.168.69.86:36419], old=null at 0
2019-07-30 16:26:08,549 INFO  segmented.SegmentedRaftLogWorker (SegmentedRaftLogWorker.java:execute(569)) - d31abd7a-dfb6-4b5d-9404-924aab43d864-SegmentedRaftLogWorker:Storage Directory /workdir/hadoop-ozone/integration-test/target/test-dir/MiniOzoneClusterImpl-e0751c9c-ab1e-436e-a978-31c0514d5264/datanode-2/data/ratis/5dc7c290-7e01-462e-a2d1-71f174e7da6c: created new log segment /workdir/hadoop-ozone/integration-test/target/test-dir/MiniOzoneClusterImpl-e0751c9c-ab1e-436e-a978-31c0514d5264/datanode-2/data/ratis/5dc7c290-7e01-462e-a2d1-71f174e7da6c/current/log_inprogress_0
2019-07-30 16:26:08,549 INFO  segmented.SegmentedRaftLogWorker (SegmentedRaftLogWorker.java:execute(569)) - d31abd7a-dfb6-4b5d-9404-924aab43d864-SegmentedRaftLogWorker:Storage Directory /workdir/hadoop-ozone/integration-test/target/test-dir/MiniOzoneClusterImpl-e0751c9c-ab1e-436e-a978-31c0514d5264/datanode-2/data/ratis/da70a6ac-0428-47e5-8bc0-17c5d1dafce4: created new log segment /workdir/hadoop-ozone/integration-test/target/test-dir/MiniOzoneClusterImpl-e0751c9c-ab1e-436e-a978-31c0514d5264/datanode-2/data/ratis/da70a6ac-0428-47e5-8bc0-17c5d1dafce4/current/log_inprogress_0
2019-07-30 16:26:08,549 INFO  segmented.SegmentedRaftLogWorker (SegmentedRaftLogWorker.java:execute(569)) - 7f4b1fe9-4c9c-4a14-aac8-7d57da1ee8a5-SegmentedRaftLogWorker:Storage Directory /workdir/hadoop-ozone/integration-test/target/test-dir/MiniOzoneClusterImpl-e0751c9c-ab1e-436e-a978-31c0514d5264/datanode-0/data/ratis/5dc7c290-7e01-462e-a2d1-71f174e7da6c: created new log segment /workdir/hadoop-ozone/integration-test/target/test-dir/MiniOzoneClusterImpl-e0751c9c-ab1e-436e-a978-31c0514d5264/datanode-0/data/ratis/5dc7c290-7e01-462e-a2d1-71f174e7da6c/current/log_inprogress_0
2019-07-30 16:26:08,549 INFO  segmented.SegmentedRaftLogWorker (SegmentedRaftLogWorker.java:execute(569)) - d550d9cf-38a3-43d8-a537-9899e3b1e632-SegmentedRaftLogWorker:Storage Directory /workdir/hadoop-ozone/integration-test/target/test-dir/MiniOzoneClusterImpl-e0751c9c-ab1e-436e-a978-31c0514d5264/datanode-3/data/ratis/b2e45922-ad23-433a-8e43-28e0ab7cbd81: created new log segment /workdir/hadoop-ozone/integration-test/target/test-dir/MiniOzoneClusterImpl-e0751c9c-ab1e-436e-a978-31c0514d5264/datanode-3/data/ratis/b2e45922-ad23-433a-8e43-28e0ab7cbd81/current/log_inprogress_0
2019-07-30 16:26:08,659 INFO  impl.FollowerState (FollowerState.java:run(106)) - 7b4af218-2dca-43c5-b6b8-daa46ad692b2:group-66DE5D43379C changes to CANDIDATE, lastRpcTime:1010, electionTimeout:1010ms
2019-07-30 16:26:08,659 INFO  impl.RoleInfo (RoleInfo.java:shutdownFollowerState(121)) - 7b4af218-2dca-43c5-b6b8-daa46ad692b2: shutdown FollowerState
2019-07-30 16:26:08,659 INFO  impl.RaftServerImpl (RaftServerImpl.java:setRole(171)) - 7b4af218-2dca-43c5-b6b8-daa46ad692b2:group-66DE5D43379C changes role from FOLLOWER to CANDIDATE at term 0 for changeToCandidate
2019-07-30 16:26:08,659 INFO  impl.RoleInfo (RoleInfo.java:updateAndGet(143)) - 7b4af218-2dca-43c5-b6b8-daa46ad692b2: start LeaderElection
2019-07-30 16:26:08,699 INFO  impl.LeaderElection (LeaderElection.java:askForVotes(181)) - 7b4af218-2dca-43c5-b6b8-daa46ad692b2:group-66DE5D43379C:LeaderElection66: begin an election at term 1 for -1: [7b4af218-2dca-43c5-b6b8-daa46ad692b2:192.168.69.86:45102], old=null
2019-07-30 16:26:08,699 INFO  impl.RoleInfo (RoleInfo.java:shutdownLeaderElection(134)) - 7b4af218-2dca-43c5-b6b8-daa46ad692b2: shutdown LeaderElection
2019-07-30 16:26:08,699 INFO  impl.RaftServerImpl (RaftServerImpl.java:setRole(171)) - 7b4af218-2dca-43c5-b6b8-daa46ad692b2:group-66DE5D43379C changes role from CANDIDATE to LEADER at term 1 for changeToLeader
2019-07-30 16:26:08,699 INFO  impl.RaftServerImpl (ServerState.java:setLeader(263)) - 7b4af218-2dca-43c5-b6b8-daa46ad692b2:group-66DE5D43379C change Leader from null to 7b4af218-2dca-43c5-b6b8-daa46ad692b2 at term 1 for becomeLeader, leader elected after 1056ms
2019-07-30 16:26:08,699 INFO  server.RaftServerConfigKeys (ConfUtils.java:logGet(43)) - raft.server.staging.catchup.gap = 1000 (default)
2019-07-30 16:26:08,700 INFO  server.RaftServerConfigKeys (ConfUtils.java:logGet(43)) - raft.server.rpc.sleep.time = 25ms (default)
2019-07-30 16:26:08,700 INFO  server.RaftServerConfigKeys (ConfUtils.java:logGet(43)) - raft.server.write.element-limit = 4096 (default)
2019-07-30 16:26:08,700 INFO  server.RaftServerConfigKeys (ConfUtils.java:logGet(43)) - raft.server.watch.timeout = 10s (default)
2019-07-30 16:26:08,700 INFO  server.RaftServerConfigKeys (ConfUtils.java:logGet(43)) - raft.server.watch.timeout.denomination = 1s (default)
2019-07-30 16:26:08,700 INFO  server.RaftServerConfigKeys (ConfUtils.java:logGet(43)) - raft.server.watch.element-limit = 65536 (default)
2019-07-30 16:26:08,700 INFO  impl.RoleInfo (RoleInfo.java:updateAndGet(143)) - 7b4af218-2dca-43c5-b6b8-daa46ad692b2: start LeaderState
2019-07-30 16:26:08,701 INFO  segmented.SegmentedRaftLogWorker (SegmentedRaftLogWorker.java:startLogSegment(380)) - 7b4af218-2dca-43c5-b6b8-daa46ad692b2-SegmentedRaftLogWorker:Storage Directory /workdir/hadoop-ozone/integration-test/target/test-dir/MiniOzoneClusterImpl-e0751c9c-ab1e-436e-a978-31c0514d5264/datanode-4/data/ratis/fcc65e59-8035-43f8-8aaf-66de5d43379c: Starting segment from index:0
2019-07-30 16:26:08,701 INFO  impl.RaftServerImpl (ServerState.java:setRaftConf(361)) - 7b4af218-2dca-43c5-b6b8-daa46ad692b2:group-66DE5D43379C set configuration 0: [7b4af218-2dca-43c5-b6b8-daa46ad692b2:192.168.69.86:45102], old=null at 0
2019-07-30 16:26:08,736 INFO  segmented.SegmentedRaftLogWorker (SegmentedRaftLogWorker.java:execute(569)) - 7b4af218-2dca-43c5-b6b8-daa46ad692b2-SegmentedRaftLogWorker:Storage Directory /workdir/hadoop-ozone/integration-test/target/test-dir/MiniOzoneClusterImpl-e0751c9c-ab1e-436e-a978-31c0514d5264/datanode-4/data/ratis/fcc65e59-8035-43f8-8aaf-66de5d43379c: created new log segment /workdir/hadoop-ozone/integration-test/target/test-dir/MiniOzoneClusterImpl-e0751c9c-ab1e-436e-a978-31c0514d5264/datanode-4/data/ratis/fcc65e59-8035-43f8-8aaf-66de5d43379c/current/log_inprogress_0
2019-07-30 16:26:08,774 INFO  ozone.MiniOzoneClusterImpl (MiniOzoneClusterImpl.java:lambda$waitForClusterToBeReady$0(142)) - Cluster is ready. Got 6 of 6 DN Heartbeats.
2019-07-30 16:26:08,807 INFO  rpc.RpcClient (RpcClient.java:createVolume(288)) - Creating Volume: datanodefailurehandlingtest, with jenkins1000 as owner.
2019-07-30 16:26:08,821 INFO  rpc.RpcClient (RpcClient.java:createBucket(425)) - Creating Bucket: datanodefailurehandlingtest/datanodefailurehandlingtest, with Versioning false and Storage Type set to DISK and Encryption set to false 
2019-07-30 16:26:09,025 INFO  impl.FollowerState (FollowerState.java:run(106)) - 7b4af218-2dca-43c5-b6b8-daa46ad692b2:group-6D590962DA24 changes to CANDIDATE, lastRpcTime:1134, electionTimeout:1085ms
2019-07-30 16:26:09,025 INFO  impl.FollowerState (FollowerState.java:run(106)) - d550d9cf-38a3-43d8-a537-9899e3b1e632:group-6D590962DA24 changes to CANDIDATE, lastRpcTime:1139, electionTimeout:1070ms
2019-07-30 16:26:09,025 INFO  impl.RoleInfo (RoleInfo.java:shutdownFollowerState(121)) - 7b4af218-2dca-43c5-b6b8-daa46ad692b2: shutdown FollowerState
2019-07-30 16:26:09,025 INFO  impl.RoleInfo (RoleInfo.java:shutdownFollowerState(121)) - d550d9cf-38a3-43d8-a537-9899e3b1e632: shutdown FollowerState
2019-07-30 16:26:09,025 INFO  impl.RaftServerImpl (RaftServerImpl.java:setRole(171)) - 7b4af218-2dca-43c5-b6b8-daa46ad692b2:group-6D590962DA24 changes role from FOLLOWER to CANDIDATE at term 0 for changeToCandidate
2019-07-30 16:26:09,026 INFO  impl.RaftServerImpl (RaftServerImpl.java:setRole(171)) - d550d9cf-38a3-43d8-a537-9899e3b1e632:group-6D590962DA24 changes role from FOLLOWER to CANDIDATE at term 0 for changeToCandidate
2019-07-30 16:26:09,026 INFO  impl.RoleInfo (RoleInfo.java:updateAndGet(143)) - 7b4af218-2dca-43c5-b6b8-daa46ad692b2: start LeaderElection
2019-07-30 16:26:09,026 INFO  impl.RoleInfo (RoleInfo.java:updateAndGet(143)) - d550d9cf-38a3-43d8-a537-9899e3b1e632: start LeaderElection
2019-07-30 16:26:09,026 INFO  impl.FollowerState (FollowerState.java:run(106)) - eb5cf37a-5484-4583-897f-c696c325400c:group-0A7CFA0E37A7 changes to CANDIDATE, lastRpcTime:1206, electionTimeout:1200ms
2019-07-30 16:26:09,026 INFO  impl.RoleInfo (RoleInfo.java:shutdownFollowerState(121)) - eb5cf37a-5484-4583-897f-c696c325400c: shutdown FollowerState
2019-07-30 16:26:09,026 INFO  impl.RaftServerImpl (RaftServerImpl.java:setRole(171)) - eb5cf37a-5484-4583-897f-c696c325400c:group-0A7CFA0E37A7 changes role from FOLLOWER to CANDIDATE at term 0 for changeToCandidate
2019-07-30 16:26:09,027 INFO  impl.RoleInfo (RoleInfo.java:updateAndGet(143)) - eb5cf37a-5484-4583-897f-c696c325400c: start LeaderElection
2019-07-30 16:26:09,037 INFO  impl.FollowerState (FollowerState.java:run(106)) - eb5cf37a-5484-4583-897f-c696c325400c:group-6D590962DA24 changes to CANDIDATE, lastRpcTime:1146, electionTimeout:1146ms
2019-07-30 16:26:09,042 INFO  impl.RoleInfo (RoleInfo.java:shutdownFollowerState(121)) - eb5cf37a-5484-4583-897f-c696c325400c: shutdown FollowerState
2019-07-30 16:26:09,042 INFO  impl.RaftServerImpl (RaftServerImpl.java:setRole(171)) - eb5cf37a-5484-4583-897f-c696c325400c:group-6D590962DA24 changes role from FOLLOWER to CANDIDATE at term 0 for changeToCandidate
2019-07-30 16:26:09,042 INFO  impl.RoleInfo (RoleInfo.java:updateAndGet(143)) - eb5cf37a-5484-4583-897f-c696c325400c: start LeaderElection
2019-07-30 16:26:09,057 INFO  impl.LeaderElection (LeaderElection.java:askForVotes(181)) - eb5cf37a-5484-4583-897f-c696c325400c:group-0A7CFA0E37A7:LeaderElection69: begin an election at term 1 for -1: [eb5cf37a-5484-4583-897f-c696c325400c:192.168.69.86:35483], old=null
2019-07-30 16:26:09,057 INFO  impl.LeaderElection (LeaderElection.java:askForVotes(181)) - d550d9cf-38a3-43d8-a537-9899e3b1e632:group-6D590962DA24:LeaderElection68: begin an election at term 1 for -1: [7b4af218-2dca-43c5-b6b8-daa46ad692b2:192.168.69.86:45102, d550d9cf-38a3-43d8-a537-9899e3b1e632:192.168.69.86:36419, eb5cf37a-5484-4583-897f-c696c325400c:192.168.69.86:35483], old=null
2019-07-30 16:26:09,059 INFO  impl.RoleInfo (RoleInfo.java:shutdownLeaderElection(134)) - eb5cf37a-5484-4583-897f-c696c325400c: shutdown LeaderElection
2019-07-30 16:26:09,062 INFO  impl.RaftServerImpl (RaftServerImpl.java:setRole(171)) - eb5cf37a-5484-4583-897f-c696c325400c:group-0A7CFA0E37A7 changes role from CANDIDATE to LEADER at term 1 for changeToLeader
2019-07-30 16:26:09,057 INFO  impl.LeaderElection (LeaderElection.java:askForVotes(181)) - 7b4af218-2dca-43c5-b6b8-daa46ad692b2:group-6D590962DA24:LeaderElection67: begin an election at term 1 for -1: [7b4af218-2dca-43c5-b6b8-daa46ad692b2:192.168.69.86:45102, d550d9cf-38a3-43d8-a537-9899e3b1e632:192.168.69.86:36419, eb5cf37a-5484-4583-897f-c696c325400c:192.168.69.86:35483], old=null
2019-07-30 16:26:09,062 INFO  impl.RaftServerImpl (ServerState.java:setLeader(263)) - eb5cf37a-5484-4583-897f-c696c325400c:group-0A7CFA0E37A7 change Leader from null to eb5cf37a-5484-4583-897f-c696c325400c at term 1 for becomeLeader, leader elected after 1247ms
2019-07-30 16:26:09,063 INFO  server.RaftServerConfigKeys (ConfUtils.java:logGet(43)) - raft.server.staging.catchup.gap = 1000 (default)
2019-07-30 16:26:09,065 INFO  server.RaftServerConfigKeys (ConfUtils.java:logGet(43)) - raft.server.rpc.sleep.time = 25ms (default)
2019-07-30 16:26:09,065 INFO  server.RaftServerConfigKeys (ConfUtils.java:logGet(43)) - raft.server.write.element-limit = 4096 (default)
2019-07-30 16:26:09,065 INFO  server.RaftServerConfigKeys (ConfUtils.java:logGet(43)) - raft.server.watch.timeout = 10s (default)
2019-07-30 16:26:09,065 INFO  server.RaftServerConfigKeys (ConfUtils.java:logGet(43)) - raft.server.watch.timeout.denomination = 1s (default)
2019-07-30 16:26:09,065 INFO  server.RaftServerConfigKeys (ConfUtils.java:logGet(43)) - raft.server.watch.element-limit = 65536 (default)
2019-07-30 16:26:09,066 INFO  impl.RoleInfo (RoleInfo.java:updateAndGet(143)) - eb5cf37a-5484-4583-897f-c696c325400c: start LeaderState
2019-07-30 16:26:09,086 INFO  impl.LeaderElection (LeaderElection.java:askForVotes(181)) - eb5cf37a-5484-4583-897f-c696c325400c:group-6D590962DA24:LeaderElection70: begin an election at term 1 for -1: [7b4af218-2dca-43c5-b6b8-daa46ad692b2:192.168.69.86:45102, d550d9cf-38a3-43d8-a537-9899e3b1e632:192.168.69.86:36419, eb5cf37a-5484-4583-897f-c696c325400c:192.168.69.86:35483], old=null
2019-07-30 16:26:09,095 INFO  segmented.SegmentedRaftLogWorker (SegmentedRaftLogWorker.java:startLogSegment(380)) - eb5cf37a-5484-4583-897f-c696c325400c-SegmentedRaftLogWorker:Storage Directory /workdir/hadoop-ozone/integration-test/target/test-dir/MiniOzoneClusterImpl-e0751c9c-ab1e-436e-a978-31c0514d5264/datanode-5/data/ratis/ce742d2c-86e3-4251-8101-0a7cfa0e37a7: Starting segment from index:0
2019-07-30 16:26:09,116 INFO  impl.RaftServerImpl (ServerState.java:setRaftConf(361)) - eb5cf37a-5484-4583-897f-c696c325400c:group-0A7CFA0E37A7 set configuration 0: [eb5cf37a-5484-4583-897f-c696c325400c:192.168.69.86:35483], old=null at 0
2019-07-30 16:26:09,148 INFO  segmented.SegmentedRaftLogWorker (SegmentedRaftLogWorker.java:execute(569)) - eb5cf37a-5484-4583-897f-c696c325400c-SegmentedRaftLogWorker:Storage Directory /workdir/hadoop-ozone/integration-test/target/test-dir/MiniOzoneClusterImpl-e0751c9c-ab1e-436e-a978-31c0514d5264/datanode-5/data/ratis/ce742d2c-86e3-4251-8101-0a7cfa0e37a7: created new log segment /workdir/hadoop-ozone/integration-test/target/test-dir/MiniOzoneClusterImpl-e0751c9c-ab1e-436e-a978-31c0514d5264/datanode-5/data/ratis/ce742d2c-86e3-4251-8101-0a7cfa0e37a7/current/log_inprogress_0
2019-07-30 16:26:09,153 INFO  impl.LeaderElection (LeaderElection.java:logAndReturn(56)) - d550d9cf-38a3-43d8-a537-9899e3b1e632:group-6D590962DA24:LeaderElection68: Election REJECTED; received 2 response(s) [d550d9cf-38a3-43d8-a537-9899e3b1e632<-7b4af218-2dca-43c5-b6b8-daa46ad692b2#0:FAIL-t1, d550d9cf-38a3-43d8-a537-9899e3b1e632<-eb5cf37a-5484-4583-897f-c696c325400c#0:FAIL-t1] and 0 exception(s); d550d9cf-38a3-43d8-a537-9899e3b1e632:t1, leader=null, voted=d550d9cf-38a3-43d8-a537-9899e3b1e632, raftlog=d550d9cf-38a3-43d8-a537-9899e3b1e632-SegmentedRaftLog:OPENED:c-1,f-1,i0, conf=-1: [7b4af218-2dca-43c5-b6b8-daa46ad692b2:192.168.69.86:45102, d550d9cf-38a3-43d8-a537-9899e3b1e632:192.168.69.86:36419, eb5cf37a-5484-4583-897f-c696c325400c:192.168.69.86:35483], old=null
2019-07-30 16:26:09,153 INFO  impl.LeaderElection (LeaderElection.java:logAndReturn(56)) - 7b4af218-2dca-43c5-b6b8-daa46ad692b2:group-6D590962DA24:LeaderElection67: Election REJECTED; received 2 response(s) [7b4af218-2dca-43c5-b6b8-daa46ad692b2<-d550d9cf-38a3-43d8-a537-9899e3b1e632#0:FAIL-t1, 7b4af218-2dca-43c5-b6b8-daa46ad692b2<-eb5cf37a-5484-4583-897f-c696c325400c#0:FAIL-t1] and 0 exception(s); 7b4af218-2dca-43c5-b6b8-daa46ad692b2:t1, leader=null, voted=7b4af218-2dca-43c5-b6b8-daa46ad692b2, raftlog=7b4af218-2dca-43c5-b6b8-daa46ad692b2-SegmentedRaftLog:OPENED:c-1,f-1,i0, conf=-1: [7b4af218-2dca-43c5-b6b8-daa46ad692b2:192.168.69.86:45102, d550d9cf-38a3-43d8-a537-9899e3b1e632:192.168.69.86:36419, eb5cf37a-5484-4583-897f-c696c325400c:192.168.69.86:35483], old=null
2019-07-30 16:26:09,153 INFO  impl.RaftServerImpl (RaftServerImpl.java:setRole(171)) - d550d9cf-38a3-43d8-a537-9899e3b1e632:group-6D590962DA24 changes role from CANDIDATE to FOLLOWER at term 1 for DISCOVERED_A_NEW_TERM
2019-07-30 16:26:09,153 INFO  impl.RaftServerImpl (RaftServerImpl.java:setRole(171)) - 7b4af218-2dca-43c5-b6b8-daa46ad692b2:group-6D590962DA24 changes role from CANDIDATE to FOLLOWER at term 1 for DISCOVERED_A_NEW_TERM
2019-07-30 16:26:09,153 INFO  impl.RoleInfo (RoleInfo.java:shutdownLeaderElection(134)) - d550d9cf-38a3-43d8-a537-9899e3b1e632: shutdown LeaderElection
2019-07-30 16:26:09,153 INFO  impl.RoleInfo (RoleInfo.java:shutdownLeaderElection(134)) - 7b4af218-2dca-43c5-b6b8-daa46ad692b2: shutdown LeaderElection
2019-07-30 16:26:09,153 INFO  impl.LeaderElection (LeaderElection.java:logAndReturn(56)) - eb5cf37a-5484-4583-897f-c696c325400c:group-6D590962DA24:LeaderElection70: Election REJECTED; received 2 response(s) [eb5cf37a-5484-4583-897f-c696c325400c<-7b4af218-2dca-43c5-b6b8-daa46ad692b2#0:FAIL-t1, eb5cf37a-5484-4583-897f-c696c325400c<-d550d9cf-38a3-43d8-a537-9899e3b1e632#0:FAIL-t1] and 0 exception(s); eb5cf37a-5484-4583-897f-c696c325400c:t1, leader=null, voted=eb5cf37a-5484-4583-897f-c696c325400c, raftlog=eb5cf37a-5484-4583-897f-c696c325400c-SegmentedRaftLog:OPENED:c-1,f-1,i0, conf=-1: [7b4af218-2dca-43c5-b6b8-daa46ad692b2:192.168.69.86:45102, d550d9cf-38a3-43d8-a537-9899e3b1e632:192.168.69.86:36419, eb5cf37a-5484-4583-897f-c696c325400c:192.168.69.86:35483], old=null
2019-07-30 16:26:09,153 INFO  impl.RoleInfo (RoleInfo.java:updateAndGet(143)) - d550d9cf-38a3-43d8-a537-9899e3b1e632: start FollowerState
2019-07-30 16:26:09,154 INFO  impl.RaftServerImpl (RaftServerImpl.java:setRole(171)) - eb5cf37a-5484-4583-897f-c696c325400c:group-6D590962DA24 changes role from CANDIDATE to FOLLOWER at term 1 for DISCOVERED_A_NEW_TERM
2019-07-30 16:26:09,154 INFO  impl.RoleInfo (RoleInfo.java:shutdownLeaderElection(134)) - eb5cf37a-5484-4583-897f-c696c325400c: shutdown LeaderElection
2019-07-30 16:26:09,154 INFO  impl.RoleInfo (RoleInfo.java:updateAndGet(143)) - 7b4af218-2dca-43c5-b6b8-daa46ad692b2: start FollowerState
2019-07-30 16:26:09,154 INFO  impl.RoleInfo (RoleInfo.java:updateAndGet(143)) - eb5cf37a-5484-4583-897f-c696c325400c: start FollowerState
2019-07-30 16:26:09,158 INFO  client.GrpcClientProtocolClient (GrpcClientProtocolClient.java:onNext(255)) - client-C581309487F1->eb5cf37a-5484-4583-897f-c696c325400c: receive RaftClientReply:client-C581309487F1->eb5cf37a-5484-4583-897f-c696c325400c@group-6D590962DA24, cid=68, FAILED org.apache.ratis.protocol.NotLeaderException: Server eb5cf37a-5484-4583-897f-c696c325400c is not the leader (null). Request must be sent to leader., logIndex=0, commits[eb5cf37a-5484-4583-897f-c696c325400c:c-1]
2019-07-30 16:26:09,804 INFO  container.ReplicationManager (ReplicationManager.java:start(155)) - Starting Replication Monitor Thread.
2019-07-30 16:26:09,808 INFO  container.ReplicationManager (ReplicationManager.java:run(207)) - Replication Monitor Thread took 0 milliseconds for processing 5 containers.
2019-07-30 16:26:10,178 INFO  client.GrpcClientProtocolClient (GrpcClientProtocolClient.java:onNext(255)) - client-C581309487F1->d550d9cf-38a3-43d8-a537-9899e3b1e632: receive RaftClientReply:client-C581309487F1->d550d9cf-38a3-43d8-a537-9899e3b1e632@group-6D590962DA24, cid=68, FAILED org.apache.ratis.protocol.NotLeaderException: Server d550d9cf-38a3-43d8-a537-9899e3b1e632 is not the leader (null). Request must be sent to leader., logIndex=0, commits[d550d9cf-38a3-43d8-a537-9899e3b1e632:c-1]
2019-07-30 16:26:10,229 INFO  impl.FollowerState (FollowerState.java:run(106)) - 7b4af218-2dca-43c5-b6b8-daa46ad692b2:group-6D590962DA24 changes to CANDIDATE, lastRpcTime:1075, electionTimeout:1074ms
2019-07-30 16:26:10,229 INFO  impl.RoleInfo (RoleInfo.java:shutdownFollowerState(121)) - 7b4af218-2dca-43c5-b6b8-daa46ad692b2: shutdown FollowerState
2019-07-30 16:26:10,229 INFO  impl.RaftServerImpl (RaftServerImpl.java:setRole(171)) - 7b4af218-2dca-43c5-b6b8-daa46ad692b2:group-6D590962DA24 changes role from FOLLOWER to CANDIDATE at term 1 for changeToCandidate
2019-07-30 16:26:10,229 INFO  impl.RoleInfo (RoleInfo.java:updateAndGet(143)) - 7b4af218-2dca-43c5-b6b8-daa46ad692b2: start LeaderElection
2019-07-30 16:26:10,243 INFO  impl.LeaderElection (LeaderElection.java:askForVotes(181)) - 7b4af218-2dca-43c5-b6b8-daa46ad692b2:group-6D590962DA24:LeaderElection71: begin an election at term 2 for -1: [7b4af218-2dca-43c5-b6b8-daa46ad692b2:192.168.69.86:45102, d550d9cf-38a3-43d8-a537-9899e3b1e632:192.168.69.86:36419, eb5cf37a-5484-4583-897f-c696c325400c:192.168.69.86:35483], old=null
2019-07-30 16:26:10,246 INFO  impl.RaftServerImpl (RaftServerImpl.java:setRole(171)) - d550d9cf-38a3-43d8-a537-9899e3b1e632:group-6D590962DA24 changes role from FOLLOWER to FOLLOWER at term 2 for recognizeCandidate:7b4af218-2dca-43c5-b6b8-daa46ad692b2
2019-07-30 16:26:10,246 INFO  impl.RaftServerImpl (RaftServerImpl.java:setRole(171)) - eb5cf37a-5484-4583-897f-c696c325400c:group-6D590962DA24 changes role from FOLLOWER to FOLLOWER at term 2 for recognizeCandidate:7b4af218-2dca-43c5-b6b8-daa46ad692b2
2019-07-30 16:26:10,246 INFO  impl.RoleInfo (RoleInfo.java:shutdownFollowerState(121)) - d550d9cf-38a3-43d8-a537-9899e3b1e632: shutdown FollowerState
2019-07-30 16:26:10,246 INFO  impl.RoleInfo (RoleInfo.java:shutdownFollowerState(121)) - eb5cf37a-5484-4583-897f-c696c325400c: shutdown FollowerState
2019-07-30 16:26:10,247 INFO  impl.FollowerState (FollowerState.java:run(114)) - d550d9cf-38a3-43d8-a537-9899e3b1e632: FollowerState was interrupted: java.lang.InterruptedException: sleep interrupted
2019-07-30 16:26:10,247 INFO  impl.RoleInfo (RoleInfo.java:updateAndGet(143)) - d550d9cf-38a3-43d8-a537-9899e3b1e632: start FollowerState
2019-07-30 16:26:10,247 INFO  impl.FollowerState (FollowerState.java:run(114)) - eb5cf37a-5484-4583-897f-c696c325400c: FollowerState was interrupted: java.lang.InterruptedException: sleep interrupted
2019-07-30 16:26:10,247 INFO  impl.RoleInfo (RoleInfo.java:updateAndGet(143)) - eb5cf37a-5484-4583-897f-c696c325400c: start FollowerState
2019-07-30 16:26:10,262 INFO  impl.LeaderElection (LeaderElection.java:logAndReturn(56)) - 7b4af218-2dca-43c5-b6b8-daa46ad692b2:group-6D590962DA24:LeaderElection71: Election PASSED; received 1 response(s) [7b4af218-2dca-43c5-b6b8-daa46ad692b2<-d550d9cf-38a3-43d8-a537-9899e3b1e632#0:OK-t2] and 0 exception(s); 7b4af218-2dca-43c5-b6b8-daa46ad692b2:t2, leader=null, voted=7b4af218-2dca-43c5-b6b8-daa46ad692b2, raftlog=7b4af218-2dca-43c5-b6b8-daa46ad692b2-SegmentedRaftLog:OPENED:c-1,f-1,i0, conf=-1: [7b4af218-2dca-43c5-b6b8-daa46ad692b2:192.168.69.86:45102, d550d9cf-38a3-43d8-a537-9899e3b1e632:192.168.69.86:36419, eb5cf37a-5484-4583-897f-c696c325400c:192.168.69.86:35483], old=null
2019-07-30 16:26:10,262 INFO  impl.RoleInfo (RoleInfo.java:shutdownLeaderElection(134)) - 7b4af218-2dca-43c5-b6b8-daa46ad692b2: shutdown LeaderElection
2019-07-30 16:26:10,263 INFO  impl.RaftServerImpl (RaftServerImpl.java:setRole(171)) - 7b4af218-2dca-43c5-b6b8-daa46ad692b2:group-6D590962DA24 changes role from CANDIDATE to LEADER at term 2 for changeToLeader
2019-07-30 16:26:10,263 INFO  impl.RaftServerImpl (ServerState.java:setLeader(263)) - 7b4af218-2dca-43c5-b6b8-daa46ad692b2:group-6D590962DA24 change Leader from null to 7b4af218-2dca-43c5-b6b8-daa46ad692b2 at term 2 for becomeLeader, leader elected after 2384ms
2019-07-30 16:26:10,263 INFO  server.RaftServerConfigKeys (ConfUtils.java:logGet(43)) - raft.server.staging.catchup.gap = 1000 (default)
2019-07-30 16:26:10,263 INFO  server.RaftServerConfigKeys (ConfUtils.java:logGet(43)) - raft.server.rpc.sleep.time = 25ms (default)
2019-07-30 16:26:10,263 INFO  server.RaftServerConfigKeys (ConfUtils.java:logGet(43)) - raft.server.write.element-limit = 4096 (default)
2019-07-30 16:26:10,263 INFO  server.RaftServerConfigKeys (ConfUtils.java:logGet(43)) - raft.server.watch.timeout = 10s (default)
2019-07-30 16:26:10,264 INFO  server.RaftServerConfigKeys (ConfUtils.java:logGet(43)) - raft.server.watch.timeout.denomination = 1s (default)
2019-07-30 16:26:10,264 INFO  server.RaftServerConfigKeys (ConfUtils.java:logGet(43)) - raft.server.watch.element-limit = 65536 (default)
2019-07-30 16:26:10,264 INFO  server.RaftServerConfigKeys (ConfUtils.java:logGet(43)) - raft.server.log.appender.snapshot.chunk.size.max = 16MB (=16777216) (default)
2019-07-30 16:26:10,264 INFO  server.RaftServerConfigKeys (ConfUtils.java:logGet(43)) - raft.server.log.appender.buffer.byte-limit = 33554432 (custom)
2019-07-30 16:26:10,264 INFO  server.RaftServerConfigKeys (ConfUtils.java:logGet(43)) - raft.server.log.appender.buffer.element-limit = 1 (custom)
2019-07-30 16:26:10,265 INFO  grpc.GrpcConfigKeys$Server (ConfUtils.java:logGet(43)) - raft.grpc.server.leader.outstanding.appends.max = 128 (default)
2019-07-30 16:26:10,265 INFO  server.RaftServerConfigKeys (ConfUtils.java:logGet(43)) - raft.server.rpc.request.timeout = 3000ms (default)
2019-07-30 16:26:10,265 INFO  server.RaftServerConfigKeys (ConfUtils.java:logGet(43)) - raft.server.log.appender.install.snapshot.enabled = false (custom)
2019-07-30 16:26:10,265 INFO  server.RaftServerConfigKeys (ConfUtils.java:logGet(43)) - raft.server.log.appender.snapshot.chunk.size.max = 16MB (=16777216) (default)
2019-07-30 16:26:10,265 INFO  server.RaftServerConfigKeys (ConfUtils.java:logGet(43)) - raft.server.log.appender.buffer.byte-limit = 33554432 (custom)
2019-07-30 16:26:10,266 INFO  server.RaftServerConfigKeys (ConfUtils.java:logGet(43)) - raft.server.log.appender.buffer.element-limit = 1 (custom)
2019-07-30 16:26:10,266 INFO  grpc.GrpcConfigKeys$Server (ConfUtils.java:logGet(43)) - raft.grpc.server.leader.outstanding.appends.max = 128 (default)
2019-07-30 16:26:10,266 INFO  server.RaftServerConfigKeys (ConfUtils.java:logGet(43)) - raft.server.rpc.request.timeout = 3000ms (default)
2019-07-30 16:26:10,266 INFO  server.RaftServerConfigKeys (ConfUtils.java:logGet(43)) - raft.server.log.appender.install.snapshot.enabled = false (custom)
2019-07-30 16:26:10,266 INFO  impl.RoleInfo (RoleInfo.java:updateAndGet(143)) - 7b4af218-2dca-43c5-b6b8-daa46ad692b2: start LeaderState
2019-07-30 16:26:10,267 INFO  segmented.SegmentedRaftLogWorker (SegmentedRaftLogWorker.java:startLogSegment(380)) - 7b4af218-2dca-43c5-b6b8-daa46ad692b2-SegmentedRaftLogWorker:Storage Directory /workdir/hadoop-ozone/integration-test/target/test-dir/MiniOzoneClusterImpl-e0751c9c-ab1e-436e-a978-31c0514d5264/datanode-4/data/ratis/610fae9f-76f1-4452-96ab-6d590962da24: Starting segment from index:0
2019-07-30 16:26:10,268 INFO  impl.RaftServerImpl (ServerState.java:setRaftConf(361)) - 7b4af218-2dca-43c5-b6b8-daa46ad692b2:group-6D590962DA24 set configuration 0: [7b4af218-2dca-43c5-b6b8-daa46ad692b2:192.168.69.86:45102, d550d9cf-38a3-43d8-a537-9899e3b1e632:192.168.69.86:36419, eb5cf37a-5484-4583-897f-c696c325400c:192.168.69.86:35483], old=null at 0
2019-07-30 16:26:10,269 INFO  impl.RaftServerImpl (ServerState.java:setLeader(263)) - d550d9cf-38a3-43d8-a537-9899e3b1e632:group-6D590962DA24 change Leader from null to 7b4af218-2dca-43c5-b6b8-daa46ad692b2 at term 2 for appendEntries, leader elected after 2390ms
2019-07-30 16:26:10,270 INFO  impl.RaftServerImpl (ServerState.java:setLeader(263)) - eb5cf37a-5484-4583-897f-c696c325400c:group-6D590962DA24 change Leader from null to 7b4af218-2dca-43c5-b6b8-daa46ad692b2 at term 2 for appendEntries, leader elected after 2390ms
2019-07-30 16:26:10,272 INFO  impl.RaftServerImpl (ServerState.java:setRaftConf(361)) - d550d9cf-38a3-43d8-a537-9899e3b1e632:group-6D590962DA24 set configuration 0: [7b4af218-2dca-43c5-b6b8-daa46ad692b2:192.168.69.86:45102, d550d9cf-38a3-43d8-a537-9899e3b1e632:192.168.69.86:36419, eb5cf37a-5484-4583-897f-c696c325400c:192.168.69.86:35483], old=null at 0
2019-07-30 16:26:10,272 INFO  segmented.SegmentedRaftLogWorker (SegmentedRaftLogWorker.java:startLogSegment(380)) - d550d9cf-38a3-43d8-a537-9899e3b1e632-SegmentedRaftLogWorker:Storage Directory /workdir/hadoop-ozone/integration-test/target/test-dir/MiniOzoneClusterImpl-e0751c9c-ab1e-436e-a978-31c0514d5264/datanode-3/data/ratis/610fae9f-76f1-4452-96ab-6d590962da24: Starting segment from index:0
2019-07-30 16:26:10,272 INFO  impl.RaftServerImpl (ServerState.java:setRaftConf(361)) - eb5cf37a-5484-4583-897f-c696c325400c:group-6D590962DA24 set configuration 0: [7b4af218-2dca-43c5-b6b8-daa46ad692b2:192.168.69.86:45102, d550d9cf-38a3-43d8-a537-9899e3b1e632:192.168.69.86:36419, eb5cf37a-5484-4583-897f-c696c325400c:192.168.69.86:35483], old=null at 0
2019-07-30 16:26:10,273 INFO  segmented.SegmentedRaftLogWorker (SegmentedRaftLogWorker.java:startLogSegment(380)) - eb5cf37a-5484-4583-897f-c696c325400c-SegmentedRaftLogWorker:Storage Directory /workdir/hadoop-ozone/integration-test/target/test-dir/MiniOzoneClusterImpl-e0751c9c-ab1e-436e-a978-31c0514d5264/datanode-5/data/ratis/610fae9f-76f1-4452-96ab-6d590962da24: Starting segment from index:0
2019-07-30 16:26:10,300 INFO  segmented.SegmentedRaftLogWorker (SegmentedRaftLogWorker.java:execute(569)) - 7b4af218-2dca-43c5-b6b8-daa46ad692b2-SegmentedRaftLogWorker:Storage Directory /workdir/hadoop-ozone/integration-test/target/test-dir/MiniOzoneClusterImpl-e0751c9c-ab1e-436e-a978-31c0514d5264/datanode-4/data/ratis/610fae9f-76f1-4452-96ab-6d590962da24: created new log segment /workdir/hadoop-ozone/integration-test/target/test-dir/MiniOzoneClusterImpl-e0751c9c-ab1e-436e-a978-31c0514d5264/datanode-4/data/ratis/610fae9f-76f1-4452-96ab-6d590962da24/current/log_inprogress_0
2019-07-30 16:26:10,300 INFO  segmented.SegmentedRaftLogWorker (SegmentedRaftLogWorker.java:execute(569)) - d550d9cf-38a3-43d8-a537-9899e3b1e632-SegmentedRaftLogWorker:Storage Directory /workdir/hadoop-ozone/integration-test/target/test-dir/MiniOzoneClusterImpl-e0751c9c-ab1e-436e-a978-31c0514d5264/datanode-3/data/ratis/610fae9f-76f1-4452-96ab-6d590962da24: created new log segment /workdir/hadoop-ozone/integration-test/target/test-dir/MiniOzoneClusterImpl-e0751c9c-ab1e-436e-a978-31c0514d5264/datanode-3/data/ratis/610fae9f-76f1-4452-96ab-6d590962da24/current/log_inprogress_0
2019-07-30 16:26:10,300 INFO  segmented.SegmentedRaftLogWorker (SegmentedRaftLogWorker.java:execute(569)) - eb5cf37a-5484-4583-897f-c696c325400c-SegmentedRaftLogWorker:Storage Directory /workdir/hadoop-ozone/integration-test/target/test-dir/MiniOzoneClusterImpl-e0751c9c-ab1e-436e-a978-31c0514d5264/datanode-5/data/ratis/610fae9f-76f1-4452-96ab-6d590962da24: created new log segment /workdir/hadoop-ozone/integration-test/target/test-dir/MiniOzoneClusterImpl-e0751c9c-ab1e-436e-a978-31c0514d5264/datanode-5/data/ratis/610fae9f-76f1-4452-96ab-6d590962da24/current/log_inprogress_0
2019-07-30 16:26:11,199 INFO  client.GrpcClientProtocolClient (GrpcClientProtocolClient.java:onNext(255)) - client-C581309487F1->eb5cf37a-5484-4583-897f-c696c325400c: receive RaftClientReply:client-C581309487F1->eb5cf37a-5484-4583-897f-c696c325400c@group-6D590962DA24, cid=68, FAILED org.apache.ratis.protocol.NotLeaderException: Server eb5cf37a-5484-4583-897f-c696c325400c is not the leader (7b4af218-2dca-43c5-b6b8-daa46ad692b2:192.168.69.86:45102). Request must be sent to leader., logIndex=0, commits[eb5cf37a-5484-4583-897f-c696c325400c:c0, 7b4af218-2dca-43c5-b6b8-daa46ad692b2:c0, d550d9cf-38a3-43d8-a537-9899e3b1e632:c-1]
2019-07-30 16:26:11,359 INFO  client.GrpcClientProtocolClient (GrpcClientProtocolClient.java:onNext(255)) - client-C581309487F1->7b4af218-2dca-43c5-b6b8-daa46ad692b2: receive RaftClientReply:client-C581309487F1->7b4af218-2dca-43c5-b6b8-daa46ad692b2@group-6D590962DA24, cid=68, SUCCESS, logIndex=1, commits[7b4af218-2dca-43c5-b6b8-daa46ad692b2:c1, d550d9cf-38a3-43d8-a537-9899e3b1e632:c0, eb5cf37a-5484-4583-897f-c696c325400c:c0]
2019-07-30 16:26:11,450 INFO  client.GrpcClientProtocolClient (GrpcClientProtocolClient.java:onNext(255)) - client-C581309487F1->7b4af218-2dca-43c5-b6b8-daa46ad692b2: receive RaftClientReply:client-C581309487F1->7b4af218-2dca-43c5-b6b8-daa46ad692b2@group-6D590962DA24, cid=69, SUCCESS, logIndex=3, commits[7b4af218-2dca-43c5-b6b8-daa46ad692b2:c8, d550d9cf-38a3-43d8-a537-9899e3b1e632:c5, eb5cf37a-5484-4583-897f-c696c325400c:c5]
2019-07-30 16:26:11,451 INFO  client.GrpcClientProtocolClient (GrpcClientProtocolClient.java:onNext(255)) - client-C581309487F1->7b4af218-2dca-43c5-b6b8-daa46ad692b2: receive RaftClientReply:client-C581309487F1->7b4af218-2dca-43c5-b6b8-daa46ad692b2@group-6D590962DA24, cid=70, SUCCESS, logIndex=4, commits[7b4af218-2dca-43c5-b6b8-daa46ad692b2:c8, d550d9cf-38a3-43d8-a537-9899e3b1e632:c5, eb5cf37a-5484-4583-897f-c696c325400c:c5]
2019-07-30 16:26:11,540 INFO  client.GrpcClientProtocolClient (GrpcClientProtocolClient.java:onNext(255)) - client-C581309487F1->7b4af218-2dca-43c5-b6b8-daa46ad692b2: receive RaftClientReply:client-C581309487F1->7b4af218-2dca-43c5-b6b8-daa46ad692b2@group-6D590962DA24, cid=71, SUCCESS, logIndex=5, commits[7b4af218-2dca-43c5-b6b8-daa46ad692b2:c8, d550d9cf-38a3-43d8-a537-9899e3b1e632:c5, eb5cf37a-5484-4583-897f-c696c325400c:c5]
2019-07-30 16:26:11,588 INFO  client.GrpcClientProtocolClient (GrpcClientProtocolClient.java:onNext(255)) - client-C581309487F1->7b4af218-2dca-43c5-b6b8-daa46ad692b2: receive RaftClientReply:client-C581309487F1->7b4af218-2dca-43c5-b6b8-daa46ad692b2@group-6D590962DA24, cid=72, SUCCESS, logIndex=9, commits[7b4af218-2dca-43c5-b6b8-daa46ad692b2:c10, d550d9cf-38a3-43d8-a537-9899e3b1e632:c8, eb5cf37a-5484-4583-897f-c696c325400c:c5]
2019-07-30 16:26:11,588 INFO  client.GrpcClientProtocolClient (GrpcClientProtocolClient.java:onNext(255)) - client-C581309487F1->7b4af218-2dca-43c5-b6b8-daa46ad692b2: receive RaftClientReply:client-C581309487F1->7b4af218-2dca-43c5-b6b8-daa46ad692b2@group-6D590962DA24, cid=73, SUCCESS, logIndex=10, commits[7b4af218-2dca-43c5-b6b8-daa46ad692b2:c10, d550d9cf-38a3-43d8-a537-9899e3b1e632:c8, eb5cf37a-5484-4583-897f-c696c325400c:c5]
2019-07-30 16:26:11,623 INFO  client.GrpcClientProtocolClient (GrpcClientProtocolClient.java:onNext(255)) - client-C581309487F1->7b4af218-2dca-43c5-b6b8-daa46ad692b2: receive RaftClientReply:client-C581309487F1->7b4af218-2dca-43c5-b6b8-daa46ad692b2@group-6D590962DA24, cid=74, SUCCESS, logIndex=11, commits[7b4af218-2dca-43c5-b6b8-daa46ad692b2:c13, d550d9cf-38a3-43d8-a537-9899e3b1e632:c9, eb5cf37a-5484-4583-897f-c696c325400c:c8]
2019-07-30 16:26:11,628 INFO  client.GrpcClientProtocolClient (GrpcClientProtocolClient.java:onNext(255)) - client-C581309487F1->7b4af218-2dca-43c5-b6b8-daa46ad692b2: receive RaftClientReply:client-C581309487F1->7b4af218-2dca-43c5-b6b8-daa46ad692b2@group-6D590962DA24, cid=75, SUCCESS, logIndex=12, commits[7b4af218-2dca-43c5-b6b8-daa46ad692b2:c14, d550d9cf-38a3-43d8-a537-9899e3b1e632:c10, eb5cf37a-5484-4583-897f-c696c325400c:c8]
2019-07-30 16:26:11,655 INFO  client.GrpcClientProtocolClient (GrpcClientProtocolClient.java:onNext(255)) - client-C581309487F1->7b4af218-2dca-43c5-b6b8-daa46ad692b2: receive RaftClientReply:client-C581309487F1->7b4af218-2dca-43c5-b6b8-daa46ad692b2@group-6D590962DA24, cid=76, SUCCESS, logIndex=0, commits[7b4af218-2dca-43c5-b6b8-daa46ad692b2:c16, d550d9cf-38a3-43d8-a537-9899e3b1e632:c13, eb5cf37a-5484-4583-897f-c696c325400c:c13]
2019-07-30 16:26:11,657 INFO  client.GrpcClientProtocolClient (GrpcClientProtocolClient.java:onNext(255)) - client-C581309487F1->7b4af218-2dca-43c5-b6b8-daa46ad692b2: receive RaftClientReply:client-C581309487F1->7b4af218-2dca-43c5-b6b8-daa46ad692b2@group-6D590962DA24, cid=77, SUCCESS, logIndex=0, commits[7b4af218-2dca-43c5-b6b8-daa46ad692b2:c16, d550d9cf-38a3-43d8-a537-9899e3b1e632:c13, eb5cf37a-5484-4583-897f-c696c325400c:c13]
2019-07-30 16:26:11,799 INFO  client.GrpcClientProtocolClient (GrpcClientProtocolClient.java:onNext(255)) - client-C581309487F1->7b4af218-2dca-43c5-b6b8-daa46ad692b2: receive RaftClientReply:client-C581309487F1->7b4af218-2dca-43c5-b6b8-daa46ad692b2@group-6D590962DA24, cid=78, SUCCESS, logIndex=17, commits[7b4af218-2dca-43c5-b6b8-daa46ad692b2:c20, d550d9cf-38a3-43d8-a537-9899e3b1e632:c16, eb5cf37a-5484-4583-897f-c696c325400c:c16]
2019-07-30 16:26:11,843 INFO  client.GrpcClientProtocolClient (GrpcClientProtocolClient.java:onNext(255)) - client-C581309487F1->7b4af218-2dca-43c5-b6b8-daa46ad692b2: receive RaftClientReply:client-C581309487F1->7b4af218-2dca-43c5-b6b8-daa46ad692b2@group-6D590962DA24, cid=79, SUCCESS, logIndex=18, commits[7b4af218-2dca-43c5-b6b8-daa46ad692b2:c22, d550d9cf-38a3-43d8-a537-9899e3b1e632:c20, eb5cf37a-5484-4583-897f-c696c325400c:c20]
2019-07-30 16:26:11,846 INFO  client.GrpcClientProtocolClient (GrpcClientProtocolClient.java:onNext(255)) - client-C581309487F1->7b4af218-2dca-43c5-b6b8-daa46ad692b2: receive RaftClientReply:client-C581309487F1->7b4af218-2dca-43c5-b6b8-daa46ad692b2@group-6D590962DA24, cid=80, SUCCESS, logIndex=19, commits[7b4af218-2dca-43c5-b6b8-daa46ad692b2:c22, d550d9cf-38a3-43d8-a537-9899e3b1e632:c20, eb5cf37a-5484-4583-897f-c696c325400c:c20]
2019-07-30 16:26:11,945 INFO  client.GrpcClientProtocolClient (GrpcClientProtocolClient.java:onNext(255)) - client-C581309487F1->7b4af218-2dca-43c5-b6b8-daa46ad692b2: receive RaftClientReply:client-C581309487F1->7b4af218-2dca-43c5-b6b8-daa46ad692b2@group-6D590962DA24, cid=81, SUCCESS, logIndex=20, commits[7b4af218-2dca-43c5-b6b8-daa46ad692b2:c22, d550d9cf-38a3-43d8-a537-9899e3b1e632:c20, eb5cf37a-5484-4583-897f-c696c325400c:c20]
2019-07-30 16:26:12,002 INFO  client.GrpcClientProtocolClient (GrpcClientProtocolClient.java:onNext(255)) - client-C581309487F1->7b4af218-2dca-43c5-b6b8-daa46ad692b2: receive RaftClientReply:client-C581309487F1->7b4af218-2dca-43c5-b6b8-daa46ad692b2@group-6D590962DA24, cid=82, SUCCESS, logIndex=23, commits[7b4af218-2dca-43c5-b6b8-daa46ad692b2:c26, d550d9cf-38a3-43d8-a537-9899e3b1e632:c22, eb5cf37a-5484-4583-897f-c696c325400c:c22]
2019-07-30 16:26:12,003 INFO  client.GrpcClientProtocolClient (GrpcClientProtocolClient.java:onNext(255)) - client-C581309487F1->7b4af218-2dca-43c5-b6b8-daa46ad692b2: receive RaftClientReply:client-C581309487F1->7b4af218-2dca-43c5-b6b8-daa46ad692b2@group-6D590962DA24, cid=83, SUCCESS, logIndex=24, commits[7b4af218-2dca-43c5-b6b8-daa46ad692b2:c26, d550d9cf-38a3-43d8-a537-9899e3b1e632:c22, eb5cf37a-5484-4583-897f-c696c325400c:c22]
2019-07-30 16:26:12,004 INFO  client.GrpcClientProtocolClient (GrpcClientProtocolClient.java:onNext(255)) - client-C581309487F1->7b4af218-2dca-43c5-b6b8-daa46ad692b2: receive RaftClientReply:client-C581309487F1->7b4af218-2dca-43c5-b6b8-daa46ad692b2@group-6D590962DA24, cid=84, SUCCESS, logIndex=25, commits[7b4af218-2dca-43c5-b6b8-daa46ad692b2:c27, d550d9cf-38a3-43d8-a537-9899e3b1e632:c22, eb5cf37a-5484-4583-897f-c696c325400c:c26]
2019-07-30 16:26:12,005 INFO  client.GrpcClientProtocolClient (GrpcClientProtocolClient.java:onNext(255)) - client-C581309487F1->7b4af218-2dca-43c5-b6b8-daa46ad692b2: receive RaftClientReply:client-C581309487F1->7b4af218-2dca-43c5-b6b8-daa46ad692b2@group-6D590962DA24, cid=85, SUCCESS, logIndex=26, commits[7b4af218-2dca-43c5-b6b8-daa46ad692b2:c27, d550d9cf-38a3-43d8-a537-9899e3b1e632:c22, eb5cf37a-5484-4583-897f-c696c325400c:c26]
2019-07-30 16:26:12,014 INFO  client.GrpcClientProtocolClient (GrpcClientProtocolClient.java:onNext(255)) - client-C581309487F1->7b4af218-2dca-43c5-b6b8-daa46ad692b2: receive RaftClientReply:client-C581309487F1->7b4af218-2dca-43c5-b6b8-daa46ad692b2@group-6D590962DA24, cid=86, SUCCESS, logIndex=0, commits[7b4af218-2dca-43c5-b6b8-daa46ad692b2:c27, d550d9cf-38a3-43d8-a537-9899e3b1e632:c26, eb5cf37a-5484-4583-897f-c696c325400c:c26]
2019-07-30 16:26:12,016 INFO  client.GrpcClientProtocolClient (GrpcClientProtocolClient.java:onNext(255)) - client-C581309487F1->7b4af218-2dca-43c5-b6b8-daa46ad692b2: receive RaftClientReply:client-C581309487F1->7b4af218-2dca-43c5-b6b8-daa46ad692b2@group-6D590962DA24, cid=87, SUCCESS, logIndex=0, commits[7b4af218-2dca-43c5-b6b8-daa46ad692b2:c28, d550d9cf-38a3-43d8-a537-9899e3b1e632:c26, eb5cf37a-5484-4583-897f-c696c325400c:c26]
2019-07-30 16:26:12,026 INFO  keyvalue.KeyValueHandler (ContainerUtils.java:logAndReturnError(146)) - Operation: CreateContainer : Trace ID: be8c78c3bf47e009:be8c78c3bf47e009:0:0 : Message: Container creation failed, due to disk out of space : Result: DISK_OUT_OF_SPACE
16:26:12.026 [pool-330-thread-25] ERROR DNAudit - user=null | ip=null | op=WRITE_CHUNK {blockData=conID: 3 locID: 102531332101505036 bcsId: 0} | ret=FAILURE
org.apache.hadoop.hdds.scm.container.common.helpers.StorageContainerException: ContainerID 3 creation failed
	at org.apache.hadoop.ozone.container.common.impl.HddsDispatcher.dispatchRequest(HddsDispatcher.java:227) ~[hadoop-hdds-container-service-0.4.1-SNAPSHOT.jar:?]
	at org.apache.hadoop.ozone.container.common.impl.HddsDispatcher.dispatch(HddsDispatcher.java:148) ~[hadoop-hdds-container-service-0.4.1-SNAPSHOT.jar:?]
	at org.apache.hadoop.ozone.container.common.transport.server.ratis.ContainerStateMachine.dispatchCommand(ContainerStateMachine.java:374) ~[hadoop-hdds-container-service-0.4.1-SNAPSHOT.jar:?]
	at org.apache.hadoop.ozone.container.common.transport.server.ratis.ContainerStateMachine.runCommand(ContainerStateMachine.java:381) ~[hadoop-hdds-container-service-0.4.1-SNAPSHOT.jar:?]
	at org.apache.hadoop.ozone.container.common.transport.server.ratis.ContainerStateMachine.lambda$handleWriteChunk$1(ContainerStateMachine.java:412) ~[hadoop-hdds-container-service-0.4.1-SNAPSHOT.jar:?]
	at java.util.concurrent.CompletableFuture$AsyncSupply.run(CompletableFuture.java:1590) [?:1.8.0_212]
	at java.util.concurrent.ThreadPoolExecutor.runWorker(ThreadPoolExecutor.java:1149) [?:1.8.0_212]
	at java.util.concurrent.ThreadPoolExecutor$Worker.run(ThreadPoolExecutor.java:624) [?:1.8.0_212]
	at java.lang.Thread.run(Thread.java:748) [?:1.8.0_212]
2019-07-30 16:26:12,028 INFO  impl.HddsDispatcher (ContainerUtils.java:logAndReturnError(146)) - Operation: WriteChunk : Trace ID: be8c78c3bf47e009:be8c78c3bf47e009:0:0 : Message: ContainerID 3 creation failed : Result: DISK_OUT_OF_SPACE
2019-07-30 16:26:12,029 INFO  keyvalue.KeyValueHandler (ContainerUtils.java:logAndReturnError(146)) - Operation: CreateContainer : Trace ID: 69a027233f709fc4:69a027233f709fc4:0:0 : Message: Container creation failed, due to disk out of space : Result: DISK_OUT_OF_SPACE
16:26:12.032 [pool-330-thread-28] ERROR DNAudit - user=null | ip=null | op=WRITE_CHUNK {blockData=conID: 3 locID: 102531332101505036 bcsId: 0} | ret=FAILURE
org.apache.hadoop.hdds.scm.container.common.helpers.StorageContainerException: ContainerID 3 creation failed
	at org.apache.hadoop.ozone.container.common.impl.HddsDispatcher.dispatchRequest(HddsDispatcher.java:227) ~[hadoop-hdds-container-service-0.4.1-SNAPSHOT.jar:?]
	at org.apache.hadoop.ozone.container.common.impl.HddsDispatcher.dispatch(HddsDispatcher.java:148) ~[hadoop-hdds-container-service-0.4.1-SNAPSHOT.jar:?]
	at org.apache.hadoop.ozone.container.common.transport.server.ratis.ContainerStateMachine.dispatchCommand(ContainerStateMachine.java:374) ~[hadoop-hdds-container-service-0.4.1-SNAPSHOT.jar:?]
	at org.apache.hadoop.ozone.container.common.transport.server.ratis.ContainerStateMachine.runCommand(ContainerStateMachine.java:381) ~[hadoop-hdds-container-service-0.4.1-SNAPSHOT.jar:?]
	at org.apache.hadoop.ozone.container.common.transport.server.ratis.ContainerStateMachine.lambda$handleWriteChunk$1(ContainerStateMachine.java:412) ~[hadoop-hdds-container-service-0.4.1-SNAPSHOT.jar:?]
	at java.util.concurrent.CompletableFuture$AsyncSupply.run(CompletableFuture.java:1590) [?:1.8.0_212]
	at java.util.concurrent.ThreadPoolExecutor.runWorker(ThreadPoolExecutor.java:1149) [?:1.8.0_212]
	at java.util.concurrent.ThreadPoolExecutor$Worker.run(ThreadPoolExecutor.java:624) [?:1.8.0_212]
	at java.lang.Thread.run(Thread.java:748) [?:1.8.0_212]
2019-07-30 16:26:12,033 INFO  impl.HddsDispatcher (ContainerUtils.java:logAndReturnError(146)) - Operation: WriteChunk : Trace ID: 69a027233f709fc4:69a027233f709fc4:0:0 : Message: ContainerID 3 creation failed : Result: DISK_OUT_OF_SPACE
2019-07-30 16:26:12,037 INFO  keyvalue.KeyValueHandler (ContainerUtils.java:logAndReturnError(146)) - Operation: CreateContainer : Trace ID: be8c78c3bf47e009:be8c78c3bf47e009:0:0 : Message: Container creation failed, due to disk out of space : Result: DISK_OUT_OF_SPACE
16:26:12.037 [pool-319-thread-9] ERROR DNAudit - user=null | ip=null | op=WRITE_CHUNK {blockData=conID: 3 locID: 102531332101505036 bcsId: 0} | ret=FAILURE
org.apache.hadoop.hdds.scm.container.common.helpers.StorageContainerException: ContainerID 3 creation failed
	at org.apache.hadoop.ozone.container.common.impl.HddsDispatcher.dispatchRequest(HddsDispatcher.java:227) ~[hadoop-hdds-container-service-0.4.1-SNAPSHOT.jar:?]
	at org.apache.hadoop.ozone.container.common.impl.HddsDispatcher.dispatch(HddsDispatcher.java:148) ~[hadoop-hdds-container-service-0.4.1-SNAPSHOT.jar:?]
	at org.apache.hadoop.ozone.container.common.transport.server.ratis.ContainerStateMachine.dispatchCommand(ContainerStateMachine.java:374) ~[hadoop-hdds-container-service-0.4.1-SNAPSHOT.jar:?]
	at org.apache.hadoop.ozone.container.common.transport.server.ratis.ContainerStateMachine.runCommand(ContainerStateMachine.java:381) ~[hadoop-hdds-container-service-0.4.1-SNAPSHOT.jar:?]
	at org.apache.hadoop.ozone.container.common.transport.server.ratis.ContainerStateMachine.lambda$handleWriteChunk$1(ContainerStateMachine.java:412) ~[hadoop-hdds-container-service-0.4.1-SNAPSHOT.jar:?]
	at java.util.concurrent.CompletableFuture$AsyncSupply.run(CompletableFuture.java:1590) [?:1.8.0_212]
	at java.util.concurrent.ThreadPoolExecutor.runWorker(ThreadPoolExecutor.java:1149) [?:1.8.0_212]
	at java.util.concurrent.ThreadPoolExecutor$Worker.run(ThreadPoolExecutor.java:624) [?:1.8.0_212]
	at java.lang.Thread.run(Thread.java:748) [?:1.8.0_212]
2019-07-30 16:26:12,038 INFO  impl.HddsDispatcher (ContainerUtils.java:logAndReturnError(146)) - Operation: WriteChunk : Trace ID: be8c78c3bf47e009:be8c78c3bf47e009:0:0 : Message: ContainerID 3 creation failed : Result: DISK_OUT_OF_SPACE
2019-07-30 16:26:12,038 INFO  keyvalue.KeyValueHandler (ContainerUtils.java:logAndReturnError(146)) - Operation: CreateContainer : Trace ID: be8c78c3bf47e009:be8c78c3bf47e009:0:0 : Message: Container creation failed, due to disk out of space : Result: DISK_OUT_OF_SPACE
16:26:12.039 [pool-341-thread-9] ERROR DNAudit - user=null | ip=null | op=WRITE_CHUNK {blockData=conID: 3 locID: 102531332101505036 bcsId: 0} | ret=FAILURE
org.apache.hadoop.hdds.scm.container.common.helpers.StorageContainerException: ContainerID 3 creation failed
	at org.apache.hadoop.ozone.container.common.impl.HddsDispatcher.dispatchRequest(HddsDispatcher.java:227) ~[hadoop-hdds-container-service-0.4.1-SNAPSHOT.jar:?]
	at org.apache.hadoop.ozone.container.common.impl.HddsDispatcher.dispatch(HddsDispatcher.java:148) ~[hadoop-hdds-container-service-0.4.1-SNAPSHOT.jar:?]
	at org.apache.hadoop.ozone.container.common.transport.server.ratis.ContainerStateMachine.dispatchCommand(ContainerStateMachine.java:374) ~[hadoop-hdds-container-service-0.4.1-SNAPSHOT.jar:?]
	at org.apache.hadoop.ozone.container.common.transport.server.ratis.ContainerStateMachine.runCommand(ContainerStateMachine.java:381) ~[hadoop-hdds-container-service-0.4.1-SNAPSHOT.jar:?]
	at org.apache.hadoop.ozone.container.common.transport.server.ratis.ContainerStateMachine.lambda$handleWriteChunk$1(ContainerStateMachine.java:412) ~[hadoop-hdds-container-service-0.4.1-SNAPSHOT.jar:?]
	at java.util.concurrent.CompletableFuture$AsyncSupply.run(CompletableFuture.java:1590) [?:1.8.0_212]
	at java.util.concurrent.ThreadPoolExecutor.runWorker(ThreadPoolExecutor.java:1149) [?:1.8.0_212]
	at java.util.concurrent.ThreadPoolExecutor$Worker.run(ThreadPoolExecutor.java:624) [?:1.8.0_212]
	at java.lang.Thread.run(Thread.java:748) [?:1.8.0_212]
2019-07-30 16:26:12,040 INFO  impl.HddsDispatcher (ContainerUtils.java:logAndReturnError(146)) - Operation: WriteChunk : Trace ID: be8c78c3bf47e009:be8c78c3bf47e009:0:0 : Message: ContainerID 3 creation failed : Result: DISK_OUT_OF_SPACE
2019-07-30 16:26:12,041 INFO  keyvalue.KeyValueHandler (ContainerUtils.java:logAndReturnError(146)) - Operation: CreateContainer : Trace ID: 69a027233f709fc4:69a027233f709fc4:0:0 : Message: Container creation failed, due to disk out of space : Result: DISK_OUT_OF_SPACE
2019-07-30 16:26:12,042 INFO  keyvalue.KeyValueHandler (ContainerUtils.java:logAndReturnError(146)) - Operation: CreateContainer : Trace ID: 69a027233f709fc4:69a027233f709fc4:0:0 : Message: Container creation failed, due to disk out of space : Result: DISK_OUT_OF_SPACE
16:26:12.041 [pool-341-thread-10] ERROR DNAudit - user=null | ip=null | op=WRITE_CHUNK {blockData=conID: 3 locID: 102531332101505036 bcsId: 0} | ret=FAILURE
org.apache.hadoop.hdds.scm.container.common.helpers.StorageContainerException: ContainerID 3 creation failed
	at org.apache.hadoop.ozone.container.common.impl.HddsDispatcher.dispatchRequest(HddsDispatcher.java:227) ~[hadoop-hdds-container-service-0.4.1-SNAPSHOT.jar:?]
	at org.apache.hadoop.ozone.container.common.impl.HddsDispatcher.dispatch(HddsDispatcher.java:148) ~[hadoop-hdds-container-service-0.4.1-SNAPSHOT.jar:?]
	at org.apache.hadoop.ozone.container.common.transport.server.ratis.ContainerStateMachine.dispatchCommand(ContainerStateMachine.java:374) ~[hadoop-hdds-container-service-0.4.1-SNAPSHOT.jar:?]
	at org.apache.hadoop.ozone.container.common.transport.server.ratis.ContainerStateMachine.runCommand(ContainerStateMachine.java:381) ~[hadoop-hdds-container-service-0.4.1-SNAPSHOT.jar:?]
	at org.apache.hadoop.ozone.container.common.transport.server.ratis.ContainerStateMachine.lambda$handleWriteChunk$1(ContainerStateMachine.java:412) ~[hadoop-hdds-container-service-0.4.1-SNAPSHOT.jar:?]
	at java.util.concurrent.CompletableFuture$AsyncSupply.run(CompletableFuture.java:1590) [?:1.8.0_212]
	at java.util.concurrent.ThreadPoolExecutor.runWorker(ThreadPoolExecutor.java:1149) [?:1.8.0_212]
	at java.util.concurrent.ThreadPoolExecutor$Worker.run(ThreadPoolExecutor.java:624) [?:1.8.0_212]
	at java.lang.Thread.run(Thread.java:748) [?:1.8.0_212]
2019-07-30 16:26:12,042 INFO  impl.HddsDispatcher (ContainerUtils.java:logAndReturnError(146)) - Operation: WriteChunk : Trace ID: 69a027233f709fc4:69a027233f709fc4:0:0 : Message: ContainerID 3 creation failed : Result: DISK_OUT_OF_SPACE
16:26:12.042 [RatisApplyTransactionExecutor 3] ERROR DNAudit - user=null | ip=null | op=WRITE_CHUNK {blockData=conID: 3 locID: 102531332101505036 bcsId: 0} | ret=FAILURE
org.apache.hadoop.hdds.scm.container.common.helpers.StorageContainerException: ContainerID 3 does not exist
	at org.apache.hadoop.ozone.container.common.impl.HddsDispatcher.dispatchRequest(HddsDispatcher.java:242) ~[hadoop-hdds-container-service-0.4.1-SNAPSHOT.jar:?]
	at org.apache.hadoop.ozone.container.common.impl.HddsDispatcher.dispatch(HddsDispatcher.java:148) ~[hadoop-hdds-container-service-0.4.1-SNAPSHOT.jar:?]
	at org.apache.hadoop.ozone.container.common.transport.server.ratis.ContainerStateMachine.dispatchCommand(ContainerStateMachine.java:374) ~[hadoop-hdds-container-service-0.4.1-SNAPSHOT.jar:?]
	at org.apache.hadoop.ozone.container.common.transport.server.ratis.ContainerStateMachine.runCommand(ContainerStateMachine.java:381) ~[hadoop-hdds-container-service-0.4.1-SNAPSHOT.jar:?]
	at org.apache.hadoop.ozone.container.common.transport.server.ratis.ContainerStateMachine.lambda$applyTransaction$6(ContainerStateMachine.java:647) ~[hadoop-hdds-container-service-0.4.1-SNAPSHOT.jar:?]
	at java.util.concurrent.CompletableFuture$AsyncSupply.run(CompletableFuture.java:1590) [?:1.8.0_212]
	at java.util.concurrent.ThreadPoolExecutor.runWorker(ThreadPoolExecutor.java:1149) [?:1.8.0_212]
	at java.util.concurrent.ThreadPoolExecutor$Worker.run(ThreadPoolExecutor.java:624) [?:1.8.0_212]
	at java.lang.Thread.run(Thread.java:748) [?:1.8.0_212]
16:26:12.042 [pool-319-thread-10] ERROR DNAudit - user=null | ip=null | op=WRITE_CHUNK {blockData=conID: 3 locID: 102531332101505036 bcsId: 0} | ret=FAILURE
org.apache.hadoop.hdds.scm.container.common.helpers.StorageContainerException: ContainerID 3 creation failed
	at org.apache.hadoop.ozone.container.common.impl.HddsDispatcher.dispatchRequest(HddsDispatcher.java:227) ~[hadoop-hdds-container-service-0.4.1-SNAPSHOT.jar:?]
	at org.apache.hadoop.ozone.container.common.impl.HddsDispatcher.dispatch(HddsDispatcher.java:148) ~[hadoop-hdds-container-service-0.4.1-SNAPSHOT.jar:?]
	at org.apache.hadoop.ozone.container.common.transport.server.ratis.ContainerStateMachine.dispatchCommand(ContainerStateMachine.java:374) ~[hadoop-hdds-container-service-0.4.1-SNAPSHOT.jar:?]
	at org.apache.hadoop.ozone.container.common.transport.server.ratis.ContainerStateMachine.runCommand(ContainerStateMachine.java:381) ~[hadoop-hdds-container-service-0.4.1-SNAPSHOT.jar:?]
	at org.apache.hadoop.ozone.container.common.transport.server.ratis.ContainerStateMachine.lambda$handleWriteChunk$1(ContainerStateMachine.java:412) ~[hadoop-hdds-container-service-0.4.1-SNAPSHOT.jar:?]
	at java.util.concurrent.CompletableFuture$AsyncSupply.run(CompletableFuture.java:1590) [?:1.8.0_212]
	at java.util.concurrent.ThreadPoolExecutor.runWorker(ThreadPoolExecutor.java:1149) [?:1.8.0_212]
	at java.util.concurrent.ThreadPoolExecutor$Worker.run(ThreadPoolExecutor.java:624) [?:1.8.0_212]
	at java.lang.Thread.run(Thread.java:748) [?:1.8.0_212]
2019-07-30 16:26:12,042 INFO  impl.HddsDispatcher (ContainerUtils.java:logAndReturnError(146)) - Operation: WriteChunk : Trace ID: be8c78c3bf47e009:be8c78c3bf47e009:0:0 : Message: ContainerID 3 does not exist : Result: CONTAINER_NOT_FOUND
2019-07-30 16:26:12,042 INFO  impl.HddsDispatcher (ContainerUtils.java:logAndReturnError(146)) - Operation: WriteChunk : Trace ID: 69a027233f709fc4:69a027233f709fc4:0:0 : Message: ContainerID 3 creation failed : Result: DISK_OUT_OF_SPACE
16:26:12.043 [RatisApplyTransactionExecutor 3] ERROR DNAudit - user=null | ip=null | op=PUT_BLOCK {blockData=[blockId=conID: 3 locID: 102531332101505036 bcsId: 0,size=1048576]} | ret=FAILURE
org.apache.hadoop.hdds.scm.container.common.helpers.StorageContainerException: ContainerID 3 does not exist
	at org.apache.hadoop.ozone.container.common.impl.HddsDispatcher.dispatchRequest(HddsDispatcher.java:242) ~[hadoop-hdds-container-service-0.4.1-SNAPSHOT.jar:?]
	at org.apache.hadoop.ozone.container.common.impl.HddsDispatcher.dispatch(HddsDispatcher.java:148) ~[hadoop-hdds-container-service-0.4.1-SNAPSHOT.jar:?]
	at org.apache.hadoop.ozone.container.common.transport.server.ratis.ContainerStateMachine.dispatchCommand(ContainerStateMachine.java:374) ~[hadoop-hdds-container-service-0.4.1-SNAPSHOT.jar:?]
	at org.apache.hadoop.ozone.container.common.transport.server.ratis.ContainerStateMachine.runCommand(ContainerStateMachine.java:381) ~[hadoop-hdds-container-service-0.4.1-SNAPSHOT.jar:?]
	at org.apache.hadoop.ozone.container.common.transport.server.ratis.ContainerStateMachine.lambda$applyTransaction$6(ContainerStateMachine.java:647) ~[hadoop-hdds-container-service-0.4.1-SNAPSHOT.jar:?]
	at java.util.concurrent.CompletableFuture$AsyncSupply.run(CompletableFuture.java:1590) [?:1.8.0_212]
	at java.util.concurrent.ThreadPoolExecutor.runWorker(ThreadPoolExecutor.java:1149) [?:1.8.0_212]
	at java.util.concurrent.ThreadPoolExecutor$Worker.run(ThreadPoolExecutor.java:624) [?:1.8.0_212]
	at java.lang.Thread.run(Thread.java:748) [?:1.8.0_212]
2019-07-30 16:26:12,047 INFO  impl.HddsDispatcher (ContainerUtils.java:logAndReturnError(146)) - Operation: PutBlock : Trace ID: d545d29760cdcaeb:d545d29760cdcaeb:0:0 : Message: ContainerID 3 does not exist : Result: CONTAINER_NOT_FOUND
2019-07-30 16:26:12,047 INFO  client.GrpcClientProtocolClient (GrpcClientProtocolClient.java:onNext(255)) - client-C581309487F1->7b4af218-2dca-43c5-b6b8-daa46ad692b2: receive RaftClientReply:client-C581309487F1->7b4af218-2dca-43c5-b6b8-daa46ad692b2@group-6D590962DA24, cid=88, SUCCESS, logIndex=29, commits[7b4af218-2dca-43c5-b6b8-daa46ad692b2:c30, d550d9cf-38a3-43d8-a537-9899e3b1e632:c28, eb5cf37a-5484-4583-897f-c696c325400c:c28]
16:26:12.048 [RatisApplyTransactionExecutor 3] ERROR DNAudit - user=null | ip=null | op=WRITE_CHUNK {blockData=conID: 3 locID: 102531332101505036 bcsId: 0} | ret=FAILURE
org.apache.hadoop.hdds.scm.container.common.helpers.StorageContainerException: ContainerID 3 does not exist
	at org.apache.hadoop.ozone.container.common.impl.HddsDispatcher.dispatchRequest(HddsDispatcher.java:242) ~[hadoop-hdds-container-service-0.4.1-SNAPSHOT.jar:?]
	at org.apache.hadoop.ozone.container.common.impl.HddsDispatcher.dispatch(HddsDispatcher.java:148) ~[hadoop-hdds-container-service-0.4.1-SNAPSHOT.jar:?]
	at org.apache.hadoop.ozone.container.common.transport.server.ratis.ContainerStateMachine.dispatchCommand(ContainerStateMachine.java:374) ~[hadoop-hdds-container-service-0.4.1-SNAPSHOT.jar:?]
	at org.apache.hadoop.ozone.container.common.transport.server.ratis.ContainerStateMachine.runCommand(ContainerStateMachine.java:381) ~[hadoop-hdds-container-service-0.4.1-SNAPSHOT.jar:?]
	at org.apache.hadoop.ozone.container.common.transport.server.ratis.ContainerStateMachine.lambda$applyTransaction$6(ContainerStateMachine.java:647) ~[hadoop-hdds-container-service-0.4.1-SNAPSHOT.jar:?]
	at java.util.concurrent.CompletableFuture$AsyncSupply.run(CompletableFuture.java:1590) [?:1.8.0_212]
	at java.util.concurrent.ThreadPoolExecutor.runWorker(ThreadPoolExecutor.java:1149) [?:1.8.0_212]
	at java.util.concurrent.ThreadPoolExecutor$Worker.run(ThreadPoolExecutor.java:624) [?:1.8.0_212]
	at java.lang.Thread.run(Thread.java:748) [?:1.8.0_212]
2019-07-30 16:26:12,049 INFO  impl.HddsDispatcher (ContainerUtils.java:logAndReturnError(146)) - Operation: WriteChunk : Trace ID: 69a027233f709fc4:69a027233f709fc4:0:0 : Message: ContainerID 3 does not exist : Result: CONTAINER_NOT_FOUND
2019-07-30 16:26:12,049 INFO  client.GrpcClientProtocolClient (GrpcClientProtocolClient.java:onNext(255)) - client-C581309487F1->7b4af218-2dca-43c5-b6b8-daa46ad692b2: receive RaftClientReply:client-C581309487F1->7b4af218-2dca-43c5-b6b8-daa46ad692b2@group-6D590962DA24, cid=89, SUCCESS, logIndex=30, commits[7b4af218-2dca-43c5-b6b8-daa46ad692b2:c30, d550d9cf-38a3-43d8-a537-9899e3b1e632:c28, eb5cf37a-5484-4583-897f-c696c325400c:c28]
2019-07-30 16:26:12,049 ERROR storage.BlockOutputStream (BlockOutputStream.java:validateResponse(531)) - Unexpected Storage Container Exception: 
org.apache.hadoop.hdds.scm.container.common.helpers.StorageContainerException: ContainerID 3 does not exist
	at org.apache.hadoop.hdds.scm.storage.ContainerProtocolCalls.validateContainerResponse(ContainerProtocolCalls.java:536)
	at org.apache.hadoop.hdds.scm.storage.BlockOutputStream.validateResponse(BlockOutputStream.java:529)
	at org.apache.hadoop.hdds.scm.storage.BlockOutputStream.lambda$writeChunkToContainer$2(BlockOutputStream.java:606)
	at java.util.concurrent.CompletableFuture.uniApply(CompletableFuture.java:602)
	at java.util.concurrent.CompletableFuture$UniApply.tryFire(CompletableFuture.java:577)
	at java.util.concurrent.CompletableFuture$Completion.run(CompletableFuture.java:442)
	at java.util.concurrent.ThreadPoolExecutor.runWorker(ThreadPoolExecutor.java:1149)
	at java.util.concurrent.ThreadPoolExecutor$Worker.run(ThreadPoolExecutor.java:624)
	at java.lang.Thread.run(Thread.java:748)
16:26:12.049 [RatisApplyTransactionExecutor 3] ERROR DNAudit - user=null | ip=null | op=WRITE_CHUNK {blockData=conID: 3 locID: 102531332101505036 bcsId: 0} | ret=FAILURE
org.apache.hadoop.hdds.scm.container.common.helpers.StorageContainerException: ContainerID 3 does not exist
	at org.apache.hadoop.ozone.container.common.impl.HddsDispatcher.dispatchRequest(HddsDispatcher.java:242) ~[hadoop-hdds-container-service-0.4.1-SNAPSHOT.jar:?]
	at org.apache.hadoop.ozone.container.common.impl.HddsDispatcher.dispatch(HddsDispatcher.java:148) ~[hadoop-hdds-container-service-0.4.1-SNAPSHOT.jar:?]
	at org.apache.hadoop.ozone.container.common.transport.server.ratis.ContainerStateMachine.dispatchCommand(ContainerStateMachine.java:374) ~[hadoop-hdds-container-service-0.4.1-SNAPSHOT.jar:?]
	at org.apache.hadoop.ozone.container.common.transport.server.ratis.ContainerStateMachine.runCommand(ContainerStateMachine.java:381) ~[hadoop-hdds-container-service-0.4.1-SNAPSHOT.jar:?]
	at org.apache.hadoop.ozone.container.common.transport.server.ratis.ContainerStateMachine.lambda$applyTransaction$6(ContainerStateMachine.java:647) ~[hadoop-hdds-container-service-0.4.1-SNAPSHOT.jar:?]
	at java.util.concurrent.CompletableFuture$AsyncSupply.run(CompletableFuture.java:1590) [?:1.8.0_212]
	at java.util.concurrent.ThreadPoolExecutor.runWorker(ThreadPoolExecutor.java:1149) [?:1.8.0_212]
	at java.util.concurrent.ThreadPoolExecutor$Worker.run(ThreadPoolExecutor.java:624) [?:1.8.0_212]
	at java.lang.Thread.run(Thread.java:748) [?:1.8.0_212]
16:26:12.049 [RatisApplyTransactionExecutor 3] ERROR DNAudit - user=null | ip=null | op=WRITE_CHUNK {blockData=conID: 3 locID: 102531332101505036 bcsId: 0} | ret=FAILURE
org.apache.hadoop.hdds.scm.container.common.helpers.StorageContainerException: ContainerID 3 does not exist
	at org.apache.hadoop.ozone.container.common.impl.HddsDispatcher.dispatchRequest(HddsDispatcher.java:242) ~[hadoop-hdds-container-service-0.4.1-SNAPSHOT.jar:?]
	at org.apache.hadoop.ozone.container.common.impl.HddsDispatcher.dispatch(HddsDispatcher.java:148) ~[hadoop-hdds-container-service-0.4.1-SNAPSHOT.jar:?]
	at org.apache.hadoop.ozone.container.common.transport.server.ratis.ContainerStateMachine.dispatchCommand(ContainerStateMachine.java:374) ~[hadoop-hdds-container-service-0.4.1-SNAPSHOT.jar:?]
	at org.apache.hadoop.ozone.container.common.transport.server.ratis.ContainerStateMachine.runCommand(ContainerStateMachine.java:381) ~[hadoop-hdds-container-service-0.4.1-SNAPSHOT.jar:?]
	at org.apache.hadoop.ozone.container.common.transport.server.ratis.ContainerStateMachine.lambda$applyTransaction$6(ContainerStateMachine.java:647) ~[hadoop-hdds-container-service-0.4.1-SNAPSHOT.jar:?]
	at java.util.concurrent.CompletableFuture$AsyncSupply.run(CompletableFuture.java:1590) [?:1.8.0_212]
	at java.util.concurrent.ThreadPoolExecutor.runWorker(ThreadPoolExecutor.java:1149) [?:1.8.0_212]
	at java.util.concurrent.ThreadPoolExecutor$Worker.run(ThreadPoolExecutor.java:624) [?:1.8.0_212]
	at java.lang.Thread.run(Thread.java:748) [?:1.8.0_212]
16:26:12.049 [RatisApplyTransactionExecutor 3] ERROR DNAudit - user=null | ip=null | op=PUT_BLOCK {blockData=[blockId=conID: 3 locID: 102531332101505036 bcsId: 0,size=2097152]} | ret=FAILURE
org.apache.hadoop.hdds.scm.container.common.helpers.StorageContainerException: ContainerID 3 does not exist
	at org.apache.hadoop.ozone.container.common.impl.HddsDispatcher.dispatchRequest(HddsDispatcher.java:242) ~[hadoop-hdds-container-service-0.4.1-SNAPSHOT.jar:?]
	at org.apache.hadoop.ozone.container.common.impl.HddsDispatcher.dispatch(HddsDispatcher.java:148) ~[hadoop-hdds-container-service-0.4.1-SNAPSHOT.jar:?]
	at org.apache.hadoop.ozone.container.common.transport.server.ratis.ContainerStateMachine.dispatchCommand(ContainerStateMachine.java:374) ~[hadoop-hdds-container-service-0.4.1-SNAPSHOT.jar:?]
	at org.apache.hadoop.ozone.container.common.transport.server.ratis.ContainerStateMachine.runCommand(ContainerStateMachine.java:381) ~[hadoop-hdds-container-service-0.4.1-SNAPSHOT.jar:?]
	at org.apache.hadoop.ozone.container.common.transport.server.ratis.ContainerStateMachine.lambda$applyTransaction$6(ContainerStateMachine.java:647) ~[hadoop-hdds-container-service-0.4.1-SNAPSHOT.jar:?]
	at java.util.concurrent.CompletableFuture$AsyncSupply.run(CompletableFuture.java:1590) [?:1.8.0_212]
	at java.util.concurrent.ThreadPoolExecutor.runWorker(ThreadPoolExecutor.java:1149) [?:1.8.0_212]
	at java.util.concurrent.ThreadPoolExecutor$Worker.run(ThreadPoolExecutor.java:624) [?:1.8.0_212]
	at java.lang.Thread.run(Thread.java:748) [?:1.8.0_212]
2019-07-30 16:26:12,050 INFO  impl.HddsDispatcher (ContainerUtils.java:logAndReturnError(146)) - Operation: WriteChunk : Trace ID: be8c78c3bf47e009:be8c78c3bf47e009:0:0 : Message: ContainerID 3 does not exist : Result: CONTAINER_NOT_FOUND
2019-07-30 16:26:12,050 INFO  impl.HddsDispatcher (ContainerUtils.java:logAndReturnError(146)) - Operation: WriteChunk : Trace ID: be8c78c3bf47e009:be8c78c3bf47e009:0:0 : Message: ContainerID 3 does not exist : Result: CONTAINER_NOT_FOUND
2019-07-30 16:26:12,050 INFO  client.GrpcClientProtocolClient (GrpcClientProtocolClient.java:onNext(255)) - client-C581309487F1->7b4af218-2dca-43c5-b6b8-daa46ad692b2: receive RaftClientReply:client-C581309487F1->7b4af218-2dca-43c5-b6b8-daa46ad692b2@group-6D590962DA24, cid=90, SUCCESS, logIndex=31, commits[7b4af218-2dca-43c5-b6b8-daa46ad692b2:c34, d550d9cf-38a3-43d8-a537-9899e3b1e632:c30, eb5cf37a-5484-4583-897f-c696c325400c:c30]
2019-07-30 16:26:12,050 INFO  impl.HddsDispatcher (ContainerUtils.java:logAndReturnError(146)) - Operation: PutBlock : Trace ID: 64239bf24953749d:64239bf24953749d:0:0 : Message: ContainerID 3 does not exist : Result: CONTAINER_NOT_FOUND
16:26:12.050 [RatisApplyTransactionExecutor 3] ERROR DNAudit - user=null | ip=null | op=PUT_BLOCK {blockData=[blockId=conID: 3 locID: 102531332101505036 bcsId: 0,size=1048576]} | ret=FAILURE
org.apache.hadoop.hdds.scm.container.common.helpers.StorageContainerException: ContainerID 3 does not exist
	at org.apache.hadoop.ozone.container.common.impl.HddsDispatcher.dispatchRequest(HddsDispatcher.java:242) ~[hadoop-hdds-container-service-0.4.1-SNAPSHOT.jar:?]
	at org.apache.hadoop.ozone.container.common.impl.HddsDispatcher.dispatch(HddsDispatcher.java:148) ~[hadoop-hdds-container-service-0.4.1-SNAPSHOT.jar:?]
	at org.apache.hadoop.ozone.container.common.transport.server.ratis.ContainerStateMachine.dispatchCommand(ContainerStateMachine.java:374) ~[hadoop-hdds-container-service-0.4.1-SNAPSHOT.jar:?]
	at org.apache.hadoop.ozone.container.common.transport.server.ratis.ContainerStateMachine.runCommand(ContainerStateMachine.java:381) ~[hadoop-hdds-container-service-0.4.1-SNAPSHOT.jar:?]
	at org.apache.hadoop.ozone.container.common.transport.server.ratis.ContainerStateMachine.lambda$applyTransaction$6(ContainerStateMachine.java:647) ~[hadoop-hdds-container-service-0.4.1-SNAPSHOT.jar:?]
	at java.util.concurrent.CompletableFuture$AsyncSupply.run(CompletableFuture.java:1590) [?:1.8.0_212]
	at java.util.concurrent.ThreadPoolExecutor.runWorker(ThreadPoolExecutor.java:1149) [?:1.8.0_212]
	at java.util.concurrent.ThreadPoolExecutor$Worker.run(ThreadPoolExecutor.java:624) [?:1.8.0_212]
	at java.lang.Thread.run(Thread.java:748) [?:1.8.0_212]
2019-07-30 16:26:12,051 INFO  impl.HddsDispatcher (ContainerUtils.java:logAndReturnError(146)) - Operation: PutBlock : Trace ID: d545d29760cdcaeb:d545d29760cdcaeb:0:0 : Message: ContainerID 3 does not exist : Result: CONTAINER_NOT_FOUND
16:26:12.050 [RatisApplyTransactionExecutor 3] ERROR DNAudit - user=null | ip=null | op=PUT_BLOCK {blockData=[blockId=conID: 3 locID: 102531332101505036 bcsId: 0,size=1048576]} | ret=FAILURE
org.apache.hadoop.hdds.scm.container.common.helpers.StorageContainerException: ContainerID 3 does not exist
	at org.apache.hadoop.ozone.container.common.impl.HddsDispatcher.dispatchRequest(HddsDispatcher.java:242) ~[hadoop-hdds-container-service-0.4.1-SNAPSHOT.jar:?]
	at org.apache.hadoop.ozone.container.common.impl.HddsDispatcher.dispatch(HddsDispatcher.java:148) ~[hadoop-hdds-container-service-0.4.1-SNAPSHOT.jar:?]
	at org.apache.hadoop.ozone.container.common.transport.server.ratis.ContainerStateMachine.dispatchCommand(ContainerStateMachine.java:374) ~[hadoop-hdds-container-service-0.4.1-SNAPSHOT.jar:?]
	at org.apache.hadoop.ozone.container.common.transport.server.ratis.ContainerStateMachine.runCommand(ContainerStateMachine.java:381) ~[hadoop-hdds-container-service-0.4.1-SNAPSHOT.jar:?]
	at org.apache.hadoop.ozone.container.common.transport.server.ratis.ContainerStateMachine.lambda$applyTransaction$6(ContainerStateMachine.java:647) ~[hadoop-hdds-container-service-0.4.1-SNAPSHOT.jar:?]
	at java.util.concurrent.CompletableFuture$AsyncSupply.run(CompletableFuture.java:1590) [?:1.8.0_212]
	at java.util.concurrent.ThreadPoolExecutor.runWorker(ThreadPoolExecutor.java:1149) [?:1.8.0_212]
	at java.util.concurrent.ThreadPoolExecutor$Worker.run(ThreadPoolExecutor.java:624) [?:1.8.0_212]
	at java.lang.Thread.run(Thread.java:748) [?:1.8.0_212]
2019-07-30 16:26:12,051 INFO  impl.HddsDispatcher (ContainerUtils.java:logAndReturnError(146)) - Operation: PutBlock : Trace ID: d545d29760cdcaeb:d545d29760cdcaeb:0:0 : Message: ContainerID 3 does not exist : Result: CONTAINER_NOT_FOUND
2019-07-30 16:26:12,051 INFO  client.GrpcClientProtocolClient (GrpcClientProtocolClient.java:onNext(255)) - client-C581309487F1->7b4af218-2dca-43c5-b6b8-daa46ad692b2: receive RaftClientReply:client-C581309487F1->7b4af218-2dca-43c5-b6b8-daa46ad692b2@group-6D590962DA24, cid=91, SUCCESS, logIndex=32, commits[7b4af218-2dca-43c5-b6b8-daa46ad692b2:c34, d550d9cf-38a3-43d8-a537-9899e3b1e632:c30, eb5cf37a-5484-4583-897f-c696c325400c:c30]
16:26:12.060 [RatisApplyTransactionExecutor 3] ERROR DNAudit - user=null | ip=null | op=WRITE_CHUNK {blockData=conID: 3 locID: 102531332101505036 bcsId: 0} | ret=FAILURE
org.apache.hadoop.hdds.scm.container.common.helpers.StorageContainerException: ContainerID 3 does not exist
	at org.apache.hadoop.ozone.container.common.impl.HddsDispatcher.dispatchRequest(HddsDispatcher.java:242) ~[hadoop-hdds-container-service-0.4.1-SNAPSHOT.jar:?]
	at org.apache.hadoop.ozone.container.common.impl.HddsDispatcher.dispatch(HddsDispatcher.java:148) ~[hadoop-hdds-container-service-0.4.1-SNAPSHOT.jar:?]
	at org.apache.hadoop.ozone.container.common.transport.server.ratis.ContainerStateMachine.dispatchCommand(ContainerStateMachine.java:374) ~[hadoop-hdds-container-service-0.4.1-SNAPSHOT.jar:?]
	at org.apache.hadoop.ozone.container.common.transport.server.ratis.ContainerStateMachine.runCommand(ContainerStateMachine.java:381) ~[hadoop-hdds-container-service-0.4.1-SNAPSHOT.jar:?]
	at org.apache.hadoop.ozone.container.common.transport.server.ratis.ContainerStateMachine.lambda$applyTransaction$6(ContainerStateMachine.java:647) ~[hadoop-hdds-container-service-0.4.1-SNAPSHOT.jar:?]
	at java.util.concurrent.CompletableFuture$AsyncSupply.run(CompletableFuture.java:1590) [?:1.8.0_212]
	at java.util.concurrent.ThreadPoolExecutor.runWorker(ThreadPoolExecutor.java:1149) [?:1.8.0_212]
	at java.util.concurrent.ThreadPoolExecutor$Worker.run(ThreadPoolExecutor.java:624) [?:1.8.0_212]
	at java.lang.Thread.run(Thread.java:748) [?:1.8.0_212]
16:26:12.060 [RatisApplyTransactionExecutor 3] ERROR DNAudit - user=null | ip=null | op=WRITE_CHUNK {blockData=conID: 3 locID: 102531332101505036 bcsId: 0} | ret=FAILURE
org.apache.hadoop.hdds.scm.container.common.helpers.StorageContainerException: ContainerID 3 does not exist
	at org.apache.hadoop.ozone.container.common.impl.HddsDispatcher.dispatchRequest(HddsDispatcher.java:242) ~[hadoop-hdds-container-service-0.4.1-SNAPSHOT.jar:?]
	at org.apache.hadoop.ozone.container.common.impl.HddsDispatcher.dispatch(HddsDispatcher.java:148) ~[hadoop-hdds-container-service-0.4.1-SNAPSHOT.jar:?]
	at org.apache.hadoop.ozone.container.common.transport.server.ratis.ContainerStateMachine.dispatchCommand(ContainerStateMachine.java:374) ~[hadoop-hdds-container-service-0.4.1-SNAPSHOT.jar:?]
	at org.apache.hadoop.ozone.container.common.transport.server.ratis.ContainerStateMachine.runCommand(ContainerStateMachine.java:381) ~[hadoop-hdds-container-service-0.4.1-SNAPSHOT.jar:?]
	at org.apache.hadoop.ozone.container.common.transport.server.ratis.ContainerStateMachine.lambda$applyTransaction$6(ContainerStateMachine.java:647) ~[hadoop-hdds-container-service-0.4.1-SNAPSHOT.jar:?]
	at java.util.concurrent.CompletableFuture$AsyncSupply.run(CompletableFuture.java:1590) [?:1.8.0_212]
	at java.util.concurrent.ThreadPoolExecutor.runWorker(ThreadPoolExecutor.java:1149) [?:1.8.0_212]
	at java.util.concurrent.ThreadPoolExecutor$Worker.run(ThreadPoolExecutor.java:624) [?:1.8.0_212]
	at java.lang.Thread.run(Thread.java:748) [?:1.8.0_212]
2019-07-30 16:26:12,060 INFO  impl.HddsDispatcher (ContainerUtils.java:logAndReturnError(146)) - Operation: WriteChunk : Trace ID: 69a027233f709fc4:69a027233f709fc4:0:0 : Message: ContainerID 3 does not exist : Result: CONTAINER_NOT_FOUND
2019-07-30 16:26:12,060 INFO  impl.HddsDispatcher (ContainerUtils.java:logAndReturnError(146)) - Operation: WriteChunk : Trace ID: 69a027233f709fc4:69a027233f709fc4:0:0 : Message: ContainerID 3 does not exist : Result: CONTAINER_NOT_FOUND
16:26:12.061 [RatisApplyTransactionExecutor 3] ERROR DNAudit - user=null | ip=null | op=PUT_BLOCK {blockData=[blockId=conID: 3 locID: 102531332101505036 bcsId: 0,size=2097152]} | ret=FAILURE
org.apache.hadoop.hdds.scm.container.common.helpers.StorageContainerException: ContainerID 3 does not exist
	at org.apache.hadoop.ozone.container.common.impl.HddsDispatcher.dispatchRequest(HddsDispatcher.java:242) ~[hadoop-hdds-container-service-0.4.1-SNAPSHOT.jar:?]
	at org.apache.hadoop.ozone.container.common.impl.HddsDispatcher.dispatch(HddsDispatcher.java:148) ~[hadoop-hdds-container-service-0.4.1-SNAPSHOT.jar:?]
	at org.apache.hadoop.ozone.container.common.transport.server.ratis.ContainerStateMachine.dispatchCommand(ContainerStateMachine.java:374) ~[hadoop-hdds-container-service-0.4.1-SNAPSHOT.jar:?]
	at org.apache.hadoop.ozone.container.common.transport.server.ratis.ContainerStateMachine.runCommand(ContainerStateMachine.java:381) ~[hadoop-hdds-container-service-0.4.1-SNAPSHOT.jar:?]
	at org.apache.hadoop.ozone.container.common.transport.server.ratis.ContainerStateMachine.lambda$applyTransaction$6(ContainerStateMachine.java:647) ~[hadoop-hdds-container-service-0.4.1-SNAPSHOT.jar:?]
	at java.util.concurrent.CompletableFuture$AsyncSupply.run(CompletableFuture.java:1590) [?:1.8.0_212]
	at java.util.concurrent.ThreadPoolExecutor.runWorker(ThreadPoolExecutor.java:1149) [?:1.8.0_212]
	at java.util.concurrent.ThreadPoolExecutor$Worker.run(ThreadPoolExecutor.java:624) [?:1.8.0_212]
	at java.lang.Thread.run(Thread.java:748) [?:1.8.0_212]
2019-07-30 16:26:12,061 INFO  impl.HddsDispatcher (ContainerUtils.java:logAndReturnError(146)) - Operation: PutBlock : Trace ID: 64239bf24953749d:64239bf24953749d:0:0 : Message: ContainerID 3 does not exist : Result: CONTAINER_NOT_FOUND
16:26:12.062 [RatisApplyTransactionExecutor 3] ERROR DNAudit - user=null | ip=null | op=PUT_BLOCK {blockData=[blockId=conID: 3 locID: 102531332101505036 bcsId: 0,size=2097152]} | ret=FAILURE
org.apache.hadoop.hdds.scm.container.common.helpers.StorageContainerException: ContainerID 3 does not exist
	at org.apache.hadoop.ozone.container.common.impl.HddsDispatcher.dispatchRequest(HddsDispatcher.java:242) ~[hadoop-hdds-container-service-0.4.1-SNAPSHOT.jar:?]
	at org.apache.hadoop.ozone.container.common.impl.HddsDispatcher.dispatch(HddsDispatcher.java:148) ~[hadoop-hdds-container-service-0.4.1-SNAPSHOT.jar:?]
	at org.apache.hadoop.ozone.container.common.transport.server.ratis.ContainerStateMachine.dispatchCommand(ContainerStateMachine.java:374) ~[hadoop-hdds-container-service-0.4.1-SNAPSHOT.jar:?]
	at org.apache.hadoop.ozone.container.common.transport.server.ratis.ContainerStateMachine.runCommand(ContainerStateMachine.java:381) ~[hadoop-hdds-container-service-0.4.1-SNAPSHOT.jar:?]
	at org.apache.hadoop.ozone.container.common.transport.server.ratis.ContainerStateMachine.lambda$applyTransaction$6(ContainerStateMachine.java:647) ~[hadoop-hdds-container-service-0.4.1-SNAPSHOT.jar:?]
	at java.util.concurrent.CompletableFuture$AsyncSupply.run(CompletableFuture.java:1590) [?:1.8.0_212]
	at java.util.concurrent.ThreadPoolExecutor.runWorker(ThreadPoolExecutor.java:1149) [?:1.8.0_212]
	at java.util.concurrent.ThreadPoolExecutor$Worker.run(ThreadPoolExecutor.java:624) [?:1.8.0_212]
	at java.lang.Thread.run(Thread.java:748) [?:1.8.0_212]
2019-07-30 16:26:12,062 INFO  impl.HddsDispatcher (ContainerUtils.java:logAndReturnError(146)) - Operation: PutBlock : Trace ID: 64239bf24953749d:64239bf24953749d:0:0 : Message: ContainerID 3 does not exist : Result: CONTAINER_NOT_FOUND
]]></system-out>
    <system-err><![CDATA[Jul 30, 2019 4:26:02 PM com.sun.jersey.server.impl.application.WebApplicationImpl _initiate
INFO: Initiating Jersey application, version 'Jersey: 1.19 02/11/2015 03:25 AM'
Jul 30, 2019 4:26:02 PM com.sun.jersey.server.impl.application.WebApplicationImpl _initiate
INFO: Initiating Jersey application, version 'Jersey: 1.19 02/11/2015 03:25 AM'
Jul 30, 2019 4:26:03 PM com.sun.jersey.server.impl.application.WebApplicationImpl _initiate
INFO: Initiating Jersey application, version 'Jersey: 1.19 02/11/2015 03:25 AM'
Jul 30, 2019 4:26:03 PM com.sun.jersey.server.impl.application.WebApplicationImpl _initiate
INFO: Initiating Jersey application, version 'Jersey: 1.19 02/11/2015 03:25 AM'
Jul 30, 2019 4:26:03 PM com.sun.jersey.server.impl.application.WebApplicationImpl _initiate
INFO: Initiating Jersey application, version 'Jersey: 1.19 02/11/2015 03:25 AM'
Jul 30, 2019 4:26:03 PM com.sun.jersey.server.impl.application.WebApplicationImpl _initiate
INFO: Initiating Jersey application, version 'Jersey: 1.19 02/11/2015 03:25 AM'
Jul 30, 2019 4:26:09 PM org.apache.ratis.thirdparty.io.grpc.internal.ManagedChannelOrphanWrapper$ManagedChannelReference cleanQueue
SEVERE: *~*~*~ Channel ManagedChannelImpl{logId=855, target=192.168.69.86:40386} was not shutdown properly!!! ~*~*~*
    Make sure to call shutdown()/shutdownNow() and wait until awaitTermination() returns true.
java.lang.RuntimeException: ManagedChannel allocation site
	at org.apache.ratis.thirdparty.io.grpc.internal.ManagedChannelOrphanWrapper$ManagedChannelReference.<init>(ManagedChannelOrphanWrapper.java:103)
	at org.apache.ratis.thirdparty.io.grpc.internal.ManagedChannelOrphanWrapper.<init>(ManagedChannelOrphanWrapper.java:53)
	at org.apache.ratis.thirdparty.io.grpc.internal.ManagedChannelOrphanWrapper.<init>(ManagedChannelOrphanWrapper.java:44)
	at org.apache.ratis.thirdparty.io.grpc.internal.AbstractManagedChannelImplBuilder.build(AbstractManagedChannelImplBuilder.java:411)
	at org.apache.ratis.grpc.client.GrpcClientProtocolClient.<init>(GrpcClientProtocolClient.java:119)
	at org.apache.ratis.grpc.client.GrpcClientRpc.lambda$new$0(GrpcClientRpc.java:55)
	at org.apache.ratis.util.PeerProxyMap$PeerAndProxy.lambda$getProxy$0(PeerProxyMap.java:61)
	at org.apache.ratis.util.LifeCycle.startAndTransition(LifeCycle.java:202)
	at org.apache.ratis.util.PeerProxyMap$PeerAndProxy.getProxy(PeerProxyMap.java:60)
	at org.apache.ratis.util.PeerProxyMap.getProxy(PeerProxyMap.java:107)
	at org.apache.ratis.grpc.client.GrpcClientRpc.sendRequestAsync(GrpcClientRpc.java:66)
	at org.apache.ratis.client.impl.OrderedAsync.sendRequest(OrderedAsync.java:208)
	at org.apache.ratis.client.impl.OrderedAsync.sendRequestWithRetry(OrderedAsync.java:169)
	at org.apache.ratis.util.SlidingWindow$Client.sendOrDelayRequest(SlidingWindow.java:278)
	at org.apache.ratis.util.SlidingWindow$Client.retry(SlidingWindow.java:294)
	at org.apache.ratis.client.impl.OrderedAsync.lambda$scheduleWithTimeout$7(OrderedAsync.java:195)
	at org.apache.ratis.util.TimeoutScheduler.lambda$onTimeout$0(TimeoutScheduler.java:85)
	at org.apache.ratis.util.TimeoutScheduler.lambda$onTimeout$1(TimeoutScheduler.java:104)
	at org.apache.ratis.util.LogUtils.runAndLog(LogUtils.java:50)
	at org.apache.ratis.util.LogUtils$1.run(LogUtils.java:91)
	at java.util.concurrent.Executors$RunnableAdapter.call(Executors.java:511)
	at java.util.concurrent.FutureTask.run(FutureTask.java:266)
	at java.util.concurrent.ScheduledThreadPoolExecutor$ScheduledFutureTask.access$201(ScheduledThreadPoolExecutor.java:180)
	at java.util.concurrent.ScheduledThreadPoolExecutor$ScheduledFutureTask.run(ScheduledThreadPoolExecutor.java:293)
	at java.util.concurrent.ThreadPoolExecutor.runWorker(ThreadPoolExecutor.java:1149)
	at java.util.concurrent.ThreadPoolExecutor$Worker.run(ThreadPoolExecutor.java:624)
	at java.lang.Thread.run(Thread.java:748)

Jul 30, 2019 4:26:09 PM org.apache.ratis.thirdparty.io.grpc.internal.ManagedChannelOrphanWrapper$ManagedChannelReference cleanQueue
SEVERE: *~*~*~ Channel ManagedChannelImpl{logId=845, target=192.168.69.86:35994} was not shutdown properly!!! ~*~*~*
    Make sure to call shutdown()/shutdownNow() and wait until awaitTermination() returns true.
java.lang.RuntimeException: ManagedChannel allocation site
	at org.apache.ratis.thirdparty.io.grpc.internal.ManagedChannelOrphanWrapper$ManagedChannelReference.<init>(ManagedChannelOrphanWrapper.java:103)
	at org.apache.ratis.thirdparty.io.grpc.internal.ManagedChannelOrphanWrapper.<init>(ManagedChannelOrphanWrapper.java:53)
	at org.apache.ratis.thirdparty.io.grpc.internal.ManagedChannelOrphanWrapper.<init>(ManagedChannelOrphanWrapper.java:44)
	at org.apache.ratis.thirdparty.io.grpc.internal.AbstractManagedChannelImplBuilder.build(AbstractManagedChannelImplBuilder.java:411)
	at org.apache.ratis.grpc.client.GrpcClientProtocolClient.<init>(GrpcClientProtocolClient.java:119)
	at org.apache.ratis.grpc.client.GrpcClientRpc.lambda$new$0(GrpcClientRpc.java:55)
	at org.apache.ratis.util.PeerProxyMap$PeerAndProxy.lambda$getProxy$0(PeerProxyMap.java:61)
	at org.apache.ratis.util.LifeCycle.startAndTransition(LifeCycle.java:202)
	at org.apache.ratis.util.PeerProxyMap$PeerAndProxy.getProxy(PeerProxyMap.java:60)
	at org.apache.ratis.util.PeerProxyMap.getProxy(PeerProxyMap.java:107)
	at org.apache.ratis.grpc.client.GrpcClientRpc.sendRequestAsync(GrpcClientRpc.java:66)
	at org.apache.ratis.client.impl.OrderedAsync.sendRequest(OrderedAsync.java:208)
	at org.apache.ratis.client.impl.OrderedAsync.sendRequestWithRetry(OrderedAsync.java:169)
	at org.apache.ratis.util.SlidingWindow$Client.sendOrDelayRequest(SlidingWindow.java:278)
	at org.apache.ratis.util.SlidingWindow$Client.retry(SlidingWindow.java:294)
	at org.apache.ratis.client.impl.OrderedAsync.lambda$scheduleWithTimeout$7(OrderedAsync.java:195)
	at org.apache.ratis.util.TimeoutScheduler.lambda$onTimeout$0(TimeoutScheduler.java:85)
	at org.apache.ratis.util.TimeoutScheduler.lambda$onTimeout$1(TimeoutScheduler.java:104)
	at org.apache.ratis.util.LogUtils.runAndLog(LogUtils.java:50)
	at org.apache.ratis.util.LogUtils$1.run(LogUtils.java:91)
	at java.util.concurrent.Executors$RunnableAdapter.call(Executors.java:511)
	at java.util.concurrent.FutureTask.run(FutureTask.java:266)
	at java.util.concurrent.ScheduledThreadPoolExecutor$ScheduledFutureTask.access$201(ScheduledThreadPoolExecutor.java:180)
	at java.util.concurrent.ScheduledThreadPoolExecutor$ScheduledFutureTask.run(ScheduledThreadPoolExecutor.java:293)
	at java.util.concurrent.ThreadPoolExecutor.runWorker(ThreadPoolExecutor.java:1149)
	at java.util.concurrent.ThreadPoolExecutor$Worker.run(ThreadPoolExecutor.java:624)
	at java.lang.Thread.run(Thread.java:748)

Jul 30, 2019 4:26:09 PM org.apache.ratis.thirdparty.io.grpc.internal.ManagedChannelOrphanWrapper$ManagedChannelReference cleanQueue
SEVERE: *~*~*~ Channel ManagedChannelImpl{logId=860, target=192.168.69.86:41418} was not shutdown properly!!! ~*~*~*
    Make sure to call shutdown()/shutdownNow() and wait until awaitTermination() returns true.
java.lang.RuntimeException: ManagedChannel allocation site
	at org.apache.ratis.thirdparty.io.grpc.internal.ManagedChannelOrphanWrapper$ManagedChannelReference.<init>(ManagedChannelOrphanWrapper.java:103)
	at org.apache.ratis.thirdparty.io.grpc.internal.ManagedChannelOrphanWrapper.<init>(ManagedChannelOrphanWrapper.java:53)
	at org.apache.ratis.thirdparty.io.grpc.internal.ManagedChannelOrphanWrapper.<init>(ManagedChannelOrphanWrapper.java:44)
	at org.apache.ratis.thirdparty.io.grpc.internal.AbstractManagedChannelImplBuilder.build(AbstractManagedChannelImplBuilder.java:411)
	at org.apache.hadoop.hdds.scm.XceiverClientGrpc.connectToDatanode(XceiverClientGrpc.java:174)
	at org.apache.hadoop.hdds.scm.XceiverClientGrpc.reconnect(XceiverClientGrpc.java:422)
	at org.apache.hadoop.hdds.scm.XceiverClientGrpc.sendCommandAsync(XceiverClientGrpc.java:371)
	at org.apache.hadoop.hdds.scm.XceiverClientGrpc.sendCommandWithRetry(XceiverClientGrpc.java:284)
	at org.apache.hadoop.hdds.scm.XceiverClientGrpc.sendCommandWithTraceIDAndRetry(XceiverClientGrpc.java:250)
	at org.apache.hadoop.hdds.scm.XceiverClientGrpc.sendCommand(XceiverClientGrpc.java:233)
	at org.apache.hadoop.hdds.scm.storage.ContainerProtocolCalls.getBlock(ContainerProtocolCalls.java:118)
	at org.apache.hadoop.hdds.scm.storage.BlockInputStream.getChunkInfos(BlockInputStream.java:167)
	at org.apache.hadoop.hdds.scm.storage.BlockInputStream.initialize(BlockInputStream.java:118)
	at org.apache.hadoop.hdds.scm.storage.BlockInputStream.read(BlockInputStream.java:222)
	at org.apache.hadoop.ozone.client.io.KeyInputStream.read(KeyInputStream.java:171)
	at org.apache.hadoop.ozone.client.io.OzoneInputStream.read(OzoneInputStream.java:47)
	at java.io.InputStream.read(InputStream.java:101)
	at org.apache.hadoop.ozone.container.ContainerTestHelper.validateData(ContainerTestHelper.java:709)
	at org.apache.hadoop.ozone.client.rpc.TestFailureHandlingByClient.validateData(TestFailureHandlingByClient.java:461)
	at org.apache.hadoop.ozone.client.rpc.TestFailureHandlingByClient.testWriteSmallFile(TestFailureHandlingByClient.java:261)
	at sun.reflect.NativeMethodAccessorImpl.invoke0(Native Method)
	at sun.reflect.NativeMethodAccessorImpl.invoke(NativeMethodAccessorImpl.java:62)
	at sun.reflect.DelegatingMethodAccessorImpl.invoke(DelegatingMethodAccessorImpl.java:43)
	at java.lang.reflect.Method.invoke(Method.java:498)
	at org.junit.runners.model.FrameworkMethod$1.runReflectiveCall(FrameworkMethod.java:47)
	at org.junit.internal.runners.model.ReflectiveCallable.run(ReflectiveCallable.java:12)
	at org.junit.runners.model.FrameworkMethod.invokeExplosively(FrameworkMethod.java:44)
	at org.junit.internal.runners.statements.InvokeMethod.evaluate(InvokeMethod.java:17)
	at org.junit.runners.ParentRunner.runLeaf(ParentRunner.java:271)
	at org.junit.runners.BlockJUnit4ClassRunner.runChild(BlockJUnit4ClassRunner.java:70)
	at org.junit.runners.BlockJUnit4ClassRunner.runChild(BlockJUnit4ClassRunner.java:50)
	at org.junit.runners.ParentRunner$3.run(ParentRunner.java:238)
	at org.junit.runners.ParentRunner$1.schedule(ParentRunner.java:63)
	at org.junit.runners.ParentRunner.runChildren(ParentRunner.java:236)
	at org.junit.runners.ParentRunner.access$000(ParentRunner.java:53)
	at org.junit.runners.ParentRunner$2.evaluate(ParentRunner.java:229)
	at org.junit.runners.ParentRunner.run(ParentRunner.java:309)
	at org.apache.maven.surefire.junit4.JUnit4Provider.execute(JUnit4Provider.java:365)
	at org.apache.maven.surefire.junit4.JUnit4Provider.executeWithRerun(JUnit4Provider.java:273)
	at org.apache.maven.surefire.junit4.JUnit4Provider.executeTestSet(JUnit4Provider.java:238)
	at org.apache.maven.surefire.junit4.JUnit4Provider.invoke(JUnit4Provider.java:159)
	at org.apache.maven.surefire.booter.ForkedBooter.invokeProviderInSameClassLoader(ForkedBooter.java:384)
	at org.apache.maven.surefire.booter.ForkedBooter.runSuitesInProcess(ForkedBooter.java:345)
	at org.apache.maven.surefire.booter.ForkedBooter.execute(ForkedBooter.java:126)
	at org.apache.maven.surefire.booter.ForkedBooter.main(ForkedBooter.java:418)

Jul 30, 2019 4:26:09 PM org.apache.ratis.thirdparty.io.grpc.internal.ManagedChannelOrphanWrapper$ManagedChannelReference cleanQueue
SEVERE: *~*~*~ Channel ManagedChannelImpl{logId=865, target=192.168.69.86:41531} was not shutdown properly!!! ~*~*~*
    Make sure to call shutdown()/shutdownNow() and wait until awaitTermination() returns true.
java.lang.RuntimeException: ManagedChannel allocation site
	at org.apache.ratis.thirdparty.io.grpc.internal.ManagedChannelOrphanWrapper$ManagedChannelReference.<init>(ManagedChannelOrphanWrapper.java:103)
	at org.apache.ratis.thirdparty.io.grpc.internal.ManagedChannelOrphanWrapper.<init>(ManagedChannelOrphanWrapper.java:53)
	at org.apache.ratis.thirdparty.io.grpc.internal.ManagedChannelOrphanWrapper.<init>(ManagedChannelOrphanWrapper.java:44)
	at org.apache.ratis.thirdparty.io.grpc.internal.AbstractManagedChannelImplBuilder.build(AbstractManagedChannelImplBuilder.java:411)
	at org.apache.hadoop.hdds.scm.XceiverClientGrpc.connectToDatanode(XceiverClientGrpc.java:174)
	at org.apache.hadoop.hdds.scm.XceiverClientGrpc.reconnect(XceiverClientGrpc.java:422)
	at org.apache.hadoop.hdds.scm.XceiverClientGrpc.sendCommandAsync(XceiverClientGrpc.java:371)
	at org.apache.hadoop.hdds.scm.XceiverClientGrpc.sendCommandWithRetry(XceiverClientGrpc.java:284)
	at org.apache.hadoop.hdds.scm.XceiverClientGrpc.sendCommandWithTraceIDAndRetry(XceiverClientGrpc.java:250)
	at org.apache.hadoop.hdds.scm.XceiverClientGrpc.sendCommand(XceiverClientGrpc.java:233)
	at org.apache.hadoop.hdds.scm.storage.ContainerProtocolCalls.readChunk(ContainerProtocolCalls.java:245)
	at org.apache.hadoop.hdds.scm.storage.ChunkInputStream.readChunk(ChunkInputStream.java:335)
	at org.apache.hadoop.hdds.scm.storage.ChunkInputStream.readChunkFromContainer(ChunkInputStream.java:307)
	at org.apache.hadoop.hdds.scm.storage.ChunkInputStream.prepareRead(ChunkInputStream.java:259)
	at org.apache.hadoop.hdds.scm.storage.ChunkInputStream.read(ChunkInputStream.java:144)
	at org.apache.hadoop.hdds.scm.storage.BlockInputStream.read(BlockInputStream.java:239)
	at org.apache.hadoop.ozone.client.io.KeyInputStream.read(KeyInputStream.java:171)
	at org.apache.hadoop.ozone.client.io.OzoneInputStream.read(OzoneInputStream.java:47)
	at java.io.InputStream.read(InputStream.java:101)
	at org.apache.hadoop.ozone.container.ContainerTestHelper.validateData(ContainerTestHelper.java:709)
	at org.apache.hadoop.ozone.client.rpc.TestFailureHandlingByClient.validateData(TestFailureHandlingByClient.java:461)
	at org.apache.hadoop.ozone.client.rpc.TestFailureHandlingByClient.testWriteSmallFile(TestFailureHandlingByClient.java:261)
	at sun.reflect.NativeMethodAccessorImpl.invoke0(Native Method)
	at sun.reflect.NativeMethodAccessorImpl.invoke(NativeMethodAccessorImpl.java:62)
	at sun.reflect.DelegatingMethodAccessorImpl.invoke(DelegatingMethodAccessorImpl.java:43)
	at java.lang.reflect.Method.invoke(Method.java:498)
	at org.junit.runners.model.FrameworkMethod$1.runReflectiveCall(FrameworkMethod.java:47)
	at org.junit.internal.runners.model.ReflectiveCallable.run(ReflectiveCallable.java:12)
	at org.junit.runners.model.FrameworkMethod.invokeExplosively(FrameworkMethod.java:44)
	at org.junit.internal.runners.statements.InvokeMethod.evaluate(InvokeMethod.java:17)
	at org.junit.runners.ParentRunner.runLeaf(ParentRunner.java:271)
	at org.junit.runners.BlockJUnit4ClassRunner.runChild(BlockJUnit4ClassRunner.java:70)
	at org.junit.runners.BlockJUnit4ClassRunner.runChild(BlockJUnit4ClassRunner.java:50)
	at org.junit.runners.ParentRunner$3.run(ParentRunner.java:238)
	at org.junit.runners.ParentRunner$1.schedule(ParentRunner.java:63)
	at org.junit.runners.ParentRunner.runChildren(ParentRunner.java:236)
	at org.junit.runners.ParentRunner.access$000(ParentRunner.java:53)
	at org.junit.runners.ParentRunner$2.evaluate(ParentRunner.java:229)
	at org.junit.runners.ParentRunner.run(ParentRunner.java:309)
	at org.apache.maven.surefire.junit4.JUnit4Provider.execute(JUnit4Provider.java:365)
	at org.apache.maven.surefire.junit4.JUnit4Provider.executeWithRerun(JUnit4Provider.java:273)
	at org.apache.maven.surefire.junit4.JUnit4Provider.executeTestSet(JUnit4Provider.java:238)
	at org.apache.maven.surefire.junit4.JUnit4Provider.invoke(JUnit4Provider.java:159)
	at org.apache.maven.surefire.booter.ForkedBooter.invokeProviderInSameClassLoader(ForkedBooter.java:384)
	at org.apache.maven.surefire.booter.ForkedBooter.runSuitesInProcess(ForkedBooter.java:345)
	at org.apache.maven.surefire.booter.ForkedBooter.execute(ForkedBooter.java:126)
	at org.apache.maven.surefire.booter.ForkedBooter.main(ForkedBooter.java:418)

]]></system-err>
  </testcase>
  <testcase name="testBlockWritesWithDnFailures" classname="org.apache.hadoop.ozone.client.rpc.TestFailureHandlingByClient" time="49.95"/>
  <testcase name="testDatanodeExclusionWithMajorityCommit" classname="org.apache.hadoop.ozone.client.rpc.TestFailureHandlingByClient" time="40.639"/>
</testsuite>