<?xml version="1.0" encoding="UTF-8"?>
<testsuite xmlns:xsi="http://www.w3.org/2001/XMLSchema-instance" xsi:noNamespaceSchemaLocation="https://maven.apache.org/surefire/maven-surefire-plugin/xsd/surefire-test-report.xsd" name="org.apache.hadoop.ozone.client.rpc.TestMultiBlockWritesWithDnFailures" time="21.06" tests="1" errors="1" skipped="0" failures="0">
  <properties>
    <property name="awt.toolkit" value="sun.awt.X11.XToolkit"/>
    <property name="file.encoding.pkg" value="sun.io"/>
    <property name="java.specification.version" value="1.8"/>
    <property name="sun.cpu.isalist" value=""/>
    <property name="sun.jnu.encoding" value="UTF-8"/>
    <property name="java.class.path" value="/workdir/hadoop-ozone/integration-test/target/test-classes:/workdir/hadoop-ozone/integration-test/target/classes:/home/user/.m2/repository/org/apache/hadoop/hadoop-ozone-common/0.4.1-SNAPSHOT/hadoop-ozone-common-0.4.1-SNAPSHOT.jar:/home/user/.m2/repository/org/apache/commons/commons-compress/1.4.1/commons-compress-1.4.1.jar:/home/user/.m2/repository/org/tukaani/xz/1.0/xz-1.0.jar:/home/user/.m2/repository/org/apache/hadoop/hadoop-common/3.2.0/hadoop-common-3.2.0.jar:/home/user/.m2/repository/org/apache/hadoop/hadoop-hdfs/3.2.0/hadoop-hdfs-3.2.0.jar:/home/user/.m2/repository/org/apache/hadoop/hadoop-hdfs-client/3.2.0/hadoop-hdfs-client-3.2.0.jar:/home/user/.m2/repository/com/fasterxml/jackson/core/jackson-annotations/2.9.5/jackson-annotations-2.9.5.jar:/home/user/.m2/repository/org/apache/hadoop/hadoop-hdds-common/0.4.1-SNAPSHOT/hadoop-hdds-common-0.4.1-SNAPSHOT.jar:/home/user/.m2/repository/javax/annotation/javax.annotation-api/1.2/javax.annotation-api-1.2.jar:/home/user/.m2/repository/org/apache/ratis/ratis-server/0.4.0-2337318-SNAPSHOT/ratis-server-0.4.0-2337318-SNAPSHOT.jar:/home/user/.m2/repository/org/apache/ratis/ratis-thirdparty-misc/0.2.0/ratis-thirdparty-misc-0.2.0.jar:/home/user/.m2/repository/org/apache/ratis/ratis-proto/0.4.0-2337318-SNAPSHOT/ratis-proto-0.4.0-2337318-SNAPSHOT.jar:/home/user/.m2/repository/org/apache/ratis/ratis-common/0.4.0-2337318-SNAPSHOT/ratis-common-0.4.0-2337318-SNAPSHOT.jar:/home/user/.m2/repository/org/apache/ratis/ratis-client/0.4.0-2337318-SNAPSHOT/ratis-client-0.4.0-2337318-SNAPSHOT.jar:/home/user/.m2/repository/org/apache/ratis/ratis-metrics/0.4.0-2337318-SNAPSHOT/ratis-metrics-0.4.0-2337318-SNAPSHOT.jar:/home/user/.m2/repository/org/apache/ratis/ratis-netty/0.4.0-2337318-SNAPSHOT/ratis-netty-0.4.0-2337318-SNAPSHOT.jar:/home/user/.m2/repository/org/apache/ratis/ratis-grpc/0.4.0-2337318-SNAPSHOT/ratis-grpc-0.4.0-2337318-SNAPSHOT.jar:/home/user/.m2/repository/org/rocksdb/rocksdbjni/6.0.1/rocksdbjni-6.0.1.jar:/home/user/.m2/repository/org/apache/logging/log4j/log4j-api/2.11.0/log4j-api-2.11.0.jar:/home/user/.m2/repository/org/apache/logging/log4j/log4j-core/2.11.0/log4j-core-2.11.0.jar:/home/user/.m2/repository/com/lmax/disruptor/3.4.2/disruptor-3.4.2.jar:/home/user/.m2/repository/org/apache/commons/commons-pool2/2.6.0/commons-pool2-2.6.0.jar:/home/user/.m2/repository/org/bouncycastle/bcpkix-jdk15on/1.60/bcpkix-jdk15on-1.60.jar:/home/user/.m2/repository/commons-validator/commons-validator/1.6/commons-validator-1.6.jar:/home/user/.m2/repository/commons-digester/commons-digester/1.8.1/commons-digester-1.8.1.jar:/home/user/.m2/repository/io/jaegertracing/jaeger-client/0.33.1/jaeger-client-0.33.1.jar:/home/user/.m2/repository/io/jaegertracing/jaeger-thrift/0.33.1/jaeger-thrift-0.33.1.jar:/home/user/.m2/repository/org/apache/thrift/libthrift/0.11.0/libthrift-0.11.0.jar:/home/user/.m2/repository/com/squareup/okhttp3/okhttp/3.9.0/okhttp-3.9.0.jar:/home/user/.m2/repository/com/squareup/okio/okio/1.13.0/okio-1.13.0.jar:/home/user/.m2/repository/io/jaegertracing/jaeger-core/0.33.1/jaeger-core-0.33.1.jar:/home/user/.m2/repository/io/jaegertracing/jaeger-tracerresolver/0.33.1/jaeger-tracerresolver-0.33.1.jar:/home/user/.m2/repository/io/opentracing/contrib/opentracing-tracerresolver/0.1.5/opentracing-tracerresolver-0.1.5.jar:/home/user/.m2/repository/io/opentracing/opentracing-util/0.31.0/opentracing-util-0.31.0.jar:/home/user/.m2/repository/io/opentracing/opentracing-api/0.31.0/opentracing-api-0.31.0.jar:/home/user/.m2/repository/io/opentracing/opentracing-noop/0.31.0/opentracing-noop-0.31.0.jar:/home/user/.m2/repository/org/apache/hadoop/hadoop-hdds-server-framework/0.4.1-SNAPSHOT/hadoop-hdds-server-framework-0.4.1-SNAPSHOT.jar:/home/user/.m2/repository/org/apache/hadoop/hadoop-hdds-container-service/0.4.1-SNAPSHOT/hadoop-hdds-container-service-0.4.1-SNAPSHOT.jar:/home/user/.m2/repository/org/apache/hadoop/hadoop-hdds-client/0.4.1-SNAPSHOT/hadoop-hdds-client-0.4.1-SNAPSHOT.jar:/home/user/.m2/repository/org/apache/hadoop/hadoop-hdds-tools/0.4.1-SNAPSHOT/hadoop-hdds-tools-0.4.1-SNAPSHOT.jar:/home/user/.m2/repository/org/apache/hadoop/hadoop-hdds-server-scm/0.4.1-SNAPSHOT/hadoop-hdds-server-scm-0.4.1-SNAPSHOT.jar:/home/user/.m2/repository/org/apache/hadoop/hadoop-hdds-docs/0.4.1-SNAPSHOT/hadoop-hdds-docs-0.4.1-SNAPSHOT.jar:/home/user/.m2/repository/io/dropwizard/metrics/metrics-core/3.2.4/metrics-core-3.2.4.jar:/home/user/.m2/repository/org/hamcrest/hamcrest-all/1.3/hamcrest-all-1.3.jar:/home/user/.m2/repository/org/bouncycastle/bcprov-jdk15on/1.60/bcprov-jdk15on-1.60.jar:/home/user/.m2/repository/info/picocli/picocli/3.9.6/picocli-3.9.6.jar:/home/user/.m2/repository/com/google/protobuf/protobuf-java/2.5.0/protobuf-java-2.5.0.jar:/home/user/.m2/repository/com/google/guava/guava/11.0.2/guava-11.0.2.jar:/home/user/.m2/repository/org/apache/hadoop/hadoop-ozone-ozone-manager/0.4.1-SNAPSHOT/hadoop-ozone-ozone-manager-0.4.1-SNAPSHOT.jar:/home/user/.m2/repository/org/apache/hadoop/hadoop-minikdc/3.2.0/hadoop-minikdc-3.2.0.jar:/home/user/.m2/repository/commons-io/commons-io/2.5/commons-io-2.5.jar:/home/user/.m2/repository/org/apache/kerby/kerb-simplekdc/1.0.1/kerb-simplekdc-1.0.1.jar:/home/user/.m2/repository/org/apache/kerby/kerb-client/1.0.1/kerb-client-1.0.1.jar:/home/user/.m2/repository/org/apache/kerby/kerby-config/1.0.1/kerby-config-1.0.1.jar:/home/user/.m2/repository/org/apache/kerby/kerb-core/1.0.1/kerb-core-1.0.1.jar:/home/user/.m2/repository/org/apache/kerby/kerby-pkix/1.0.1/kerby-pkix-1.0.1.jar:/home/user/.m2/repository/org/apache/kerby/kerby-asn1/1.0.1/kerby-asn1-1.0.1.jar:/home/user/.m2/repository/org/apache/kerby/kerby-util/1.0.1/kerby-util-1.0.1.jar:/home/user/.m2/repository/org/apache/kerby/kerb-common/1.0.1/kerb-common-1.0.1.jar:/home/user/.m2/repository/org/apache/kerby/kerb-crypto/1.0.1/kerb-crypto-1.0.1.jar:/home/user/.m2/repository/org/apache/kerby/kerb-util/1.0.1/kerb-util-1.0.1.jar:/home/user/.m2/repository/org/apache/kerby/token-provider/1.0.1/token-provider-1.0.1.jar:/home/user/.m2/repository/org/apache/kerby/kerb-admin/1.0.1/kerb-admin-1.0.1.jar:/home/user/.m2/repository/org/apache/kerby/kerb-server/1.0.1/kerb-server-1.0.1.jar:/home/user/.m2/repository/org/apache/kerby/kerb-identity/1.0.1/kerb-identity-1.0.1.jar:/home/user/.m2/repository/org/apache/kerby/kerby-xdr/1.0.1/kerby-xdr-1.0.1.jar:/home/user/.m2/repository/org/slf4j/slf4j-log4j12/1.7.25/slf4j-log4j12-1.7.25.jar:/home/user/.m2/repository/org/apache/hadoop/hadoop-ozone-objectstore-service/0.4.1-SNAPSHOT/hadoop-ozone-objectstore-service-0.4.1-SNAPSHOT.jar:/home/user/.m2/repository/org/apache/hadoop/hadoop-ozone-s3gateway/0.4.1-SNAPSHOT/hadoop-ozone-s3gateway-0.4.1-SNAPSHOT.jar:/home/user/.m2/repository/org/jboss/weld/servlet/weld-servlet/2.4.7.Final/weld-servlet-2.4.7.Final.jar:/home/user/.m2/repository/org/glassfish/jersey/containers/jersey-container-servlet-core/2.27/jersey-container-servlet-core-2.27.jar:/home/user/.m2/repository/org/glassfish/hk2/external/javax.inject/2.5.0-b42/javax.inject-2.5.0-b42.jar:/home/user/.m2/repository/org/glassfish/jersey/core/jersey-common/2.27/jersey-common-2.27.jar:/home/user/.m2/repository/org/glassfish/hk2/osgi-resource-locator/1.0.1/osgi-resource-locator-1.0.1.jar:/home/user/.m2/repository/javax/ws/rs/javax.ws.rs-api/2.1/javax.ws.rs-api-2.1.jar:/home/user/.m2/repository/org/glassfish/jersey/ext/cdi/jersey-cdi1x/2.27/jersey-cdi1x-2.27.jar:/home/user/.m2/repository/org/glassfish/jersey/inject/jersey-hk2/2.27/jersey-hk2-2.27.jar:/home/user/.m2/repository/org/glassfish/hk2/hk2-locator/2.5.0-b42/hk2-locator-2.5.0-b42.jar:/home/user/.m2/repository/org/javassist/javassist/3.22.0-CR2/javassist-3.22.0-CR2.jar:/home/user/.m2/repository/org/glassfish/hk2/hk2-api/2.5.0/hk2-api-2.5.0.jar:/home/user/.m2/repository/org/glassfish/hk2/external/jakarta.inject/2.5.0/jakarta.inject-2.5.0.jar:/home/user/.m2/repository/org/glassfish/hk2/hk2-utils/2.5.0/hk2-utils-2.5.0.jar:/home/user/.m2/repository/jakarta/annotation/jakarta.annotation-api/1.3.4/jakarta.annotation-api-1.3.4.jar:/home/user/.m2/repository/org/glassfish/hk2/external/aopalliance-repackaged/2.5.0/aopalliance-repackaged-2.5.0.jar:/home/user/.m2/repository/com/fasterxml/jackson/dataformat/jackson-dataformat-xml/2.9.0/jackson-dataformat-xml-2.9.0.jar:/home/user/.m2/repository/com/fasterxml/jackson/core/jackson-core/2.9.5/jackson-core-2.9.5.jar:/home/user/.m2/repository/com/fasterxml/jackson/module/jackson-module-jaxb-annotations/2.9.5/jackson-module-jaxb-annotations-2.9.5.jar:/home/user/.m2/repository/javax/enterprise/cdi-api/1.2/cdi-api-1.2.jar:/home/user/.m2/repository/javax/el/javax.el-api/3.0.0/javax.el-api-3.0.0.jar:/home/user/.m2/repository/javax/interceptor/javax.interceptor-api/1.2/javax.interceptor-api-1.2.jar:/home/user/.m2/repository/javax/inject/javax.inject/1/javax.inject-1.jar:/home/user/.m2/repository/com/sun/xml/bind/jaxb-impl/2.3.0.1/jaxb-impl-2.3.0.1.jar:/home/user/.m2/repository/com/sun/xml/bind/jaxb-core/2.3.0.1/jaxb-core-2.3.0.1.jar:/home/user/.m2/repository/javax/xml/bind/jaxb-api/2.3.0/jaxb-api-2.3.0.jar:/home/user/.m2/repository/javax/activation/activation/1.1.1/activation-1.1.1.jar:/home/user/.m2/repository/org/apache/hadoop/hadoop-ozone-csi/0.4.1-SNAPSHOT/hadoop-ozone-csi-0.4.1-SNAPSHOT.jar:/home/user/.m2/repository/com/google/protobuf/protobuf-java-util/3.5.1/protobuf-java-util-3.5.1.jar:/home/user/.m2/repository/org/apache/hadoop/hadoop-hdds-config/0.4.1-SNAPSHOT/hadoop-hdds-config-0.4.1-SNAPSHOT.jar:/home/user/.m2/repository/io/grpc/grpc-netty/1.17.1/grpc-netty-1.17.1.jar:/home/user/.m2/repository/io/grpc/grpc-core/1.17.1/grpc-core-1.17.1.jar:/home/user/.m2/repository/io/grpc/grpc-context/1.17.1/grpc-context-1.17.1.jar:/home/user/.m2/repository/com/google/errorprone/error_prone_annotations/2.2.0/error_prone_annotations-2.2.0.jar:/home/user/.m2/repository/org/codehaus/mojo/animal-sniffer-annotations/1.17/animal-sniffer-annotations-1.17.jar:/home/user/.m2/repository/io/opencensus/opencensus-api/0.17.0/opencensus-api-0.17.0.jar:/home/user/.m2/repository/io/opencensus/opencensus-contrib-grpc-metrics/0.17.0/opencensus-contrib-grpc-metrics-0.17.0.jar:/home/user/.m2/repository/io/netty/netty-codec-http2/4.1.30.Final/netty-codec-http2-4.1.30.Final.jar:/home/user/.m2/repository/io/netty/netty-codec-http/4.1.30.Final/netty-codec-http-4.1.30.Final.jar:/home/user/.m2/repository/io/netty/netty-codec/4.1.30.Final/netty-codec-4.1.30.Final.jar:/home/user/.m2/repository/io/netty/netty-handler/4.1.30.Final/netty-handler-4.1.30.Final.jar:/home/user/.m2/repository/io/netty/netty-handler-proxy/4.1.30.Final/netty-handler-proxy-4.1.30.Final.jar:/home/user/.m2/repository/io/netty/netty-codec-socks/4.1.30.Final/netty-codec-socks-4.1.30.Final.jar:/home/user/.m2/repository/io/netty/netty-transport-native-epoll/4.1.30.Final/netty-transport-native-epoll-4.1.30.Final.jar:/home/user/.m2/repository/io/netty/netty-common/4.1.30.Final/netty-common-4.1.30.Final.jar:/home/user/.m2/repository/io/netty/netty-buffer/4.1.30.Final/netty-buffer-4.1.30.Final.jar:/home/user/.m2/repository/io/netty/netty-transport/4.1.30.Final/netty-transport-4.1.30.Final.jar:/home/user/.m2/repository/io/netty/netty-resolver/4.1.30.Final/netty-resolver-4.1.30.Final.jar:/home/user/.m2/repository/io/netty/netty-transport-native-unix-common/4.1.30.Final/netty-transport-native-unix-common-4.1.30.Final.jar:/home/user/.m2/repository/io/grpc/grpc-protobuf/1.17.1/grpc-protobuf-1.17.1.jar:/home/user/.m2/repository/com/google/api/grpc/proto-google-common-protos/1.0.0/proto-google-common-protos-1.0.0.jar:/home/user/.m2/repository/io/grpc/grpc-protobuf-lite/1.17.1/grpc-protobuf-lite-1.17.1.jar:/home/user/.m2/repository/io/grpc/grpc-stub/1.17.1/grpc-stub-1.17.1.jar:/home/user/.m2/repository/org/apache/hadoop/hadoop-ozone-recon/0.4.1-SNAPSHOT/hadoop-ozone-recon-0.4.1-SNAPSHOT.jar:/home/user/.m2/repository/org/apache/hadoop/hadoop-ozone-reconcodegen/0.4.1-SNAPSHOT/hadoop-ozone-reconcodegen-0.4.1-SNAPSHOT.jar:/home/user/.m2/repository/com/google/inject/extensions/guice-multibindings/4.0/guice-multibindings-4.0.jar:/home/user/.m2/repository/com/google/inject/guice/4.0/guice-4.0.jar:/home/user/.m2/repository/aopalliance/aopalliance/1.0/aopalliance-1.0.jar:/home/user/.m2/repository/com/google/inject/extensions/guice-servlet/4.0/guice-servlet-4.0.jar:/home/user/.m2/repository/org/glassfish/jersey/containers/jersey-container-servlet/2.27/jersey-container-servlet-2.27.jar:/home/user/.m2/repository/org/glassfish/hk2/guice-bridge/2.5.0/guice-bridge-2.5.0.jar:/home/user/.m2/repository/org/glassfish/jersey/core/jersey-server/2.27/jersey-server-2.27.jar:/home/user/.m2/repository/org/glassfish/jersey/core/jersey-client/2.27/jersey-client-2.27.jar:/home/user/.m2/repository/org/glassfish/jersey/media/jersey-media-jaxb/2.27/jersey-media-jaxb-2.27.jar:/home/user/.m2/repository/javax/validation/validation-api/1.1.0.Final/validation-api-1.1.0.Final.jar:/home/user/.m2/repository/org/glassfish/jersey/media/jersey-media-json-jackson/2.27/jersey-media-json-jackson-2.27.jar:/home/user/.m2/repository/org/glassfish/jersey/ext/jersey-entity-filtering/2.27/jersey-entity-filtering-2.27.jar:/home/user/.m2/repository/com/google/inject/extensions/guice-assistedinject/4.0/guice-assistedinject-4.0.jar:/home/user/.m2/repository/org/jooq/jooq/3.11.10/jooq-3.11.10.jar:/home/user/.m2/repository/org/jooq/jooq-meta/3.11.10/jooq-meta-3.11.10.jar:/home/user/.m2/repository/org/jooq/jooq-codegen/3.11.10/jooq-codegen-3.11.10.jar:/home/user/.m2/repository/com/jolbox/bonecp/0.8.0.RELEASE/bonecp-0.8.0.RELEASE.jar:/home/user/.m2/repository/org/xerial/sqlite-jdbc/3.25.2/sqlite-jdbc-3.25.2.jar:/home/user/.m2/repository/org/springframework/spring-jdbc/5.1.3.RELEASE/spring-jdbc-5.1.3.RELEASE.jar:/home/user/.m2/repository/org/springframework/spring-beans/5.1.3.RELEASE/spring-beans-5.1.3.RELEASE.jar:/home/user/.m2/repository/org/springframework/spring-core/5.1.3.RELEASE/spring-core-5.1.3.RELEASE.jar:/home/user/.m2/repository/org/springframework/spring-jcl/5.1.3.RELEASE/spring-jcl-5.1.3.RELEASE.jar:/home/user/.m2/repository/org/springframework/spring-tx/5.1.3.RELEASE/spring-tx-5.1.3.RELEASE.jar:/home/user/.m2/repository/org/apache/hadoop/hadoop-ozone-client/0.4.1-SNAPSHOT/hadoop-ozone-client-0.4.1-SNAPSHOT.jar:/home/user/.m2/repository/commons-lang/commons-lang/2.6/commons-lang-2.6.jar:/home/user/.m2/repository/org/apache/hadoop/hadoop-ozone-ozone-manager/0.4.1-SNAPSHOT/hadoop-ozone-ozone-manager-0.4.1-SNAPSHOT-tests.jar:/home/user/.m2/repository/junit/junit/4.11/junit-4.11.jar:/home/user/.m2/repository/org/hamcrest/hamcrest-core/1.3/hamcrest-core-1.3.jar:/home/user/.m2/repository/org/openjdk/jmh/jmh-core/1.19/jmh-core-1.19.jar:/home/user/.m2/repository/net/sf/jopt-simple/jopt-simple/4.6/jopt-simple-4.6.jar:/home/user/.m2/repository/org/apache/commons/commons-math3/3.1.1/commons-math3-3.1.1.jar:/home/user/.m2/repository/org/openjdk/jmh/jmh-generator-annprocess/1.19/jmh-generator-annprocess-1.19.jar:/home/user/.m2/repository/org/mockito/mockito-all/1.8.5/mockito-all-1.8.5.jar:/home/user/.m2/repository/org/apache/hadoop/hadoop-kms/3.2.0/hadoop-kms-3.2.0.jar:/home/user/.m2/repository/org/apache/hadoop/hadoop-auth/3.2.0/hadoop-auth-3.2.0.jar:/home/user/.m2/repository/com/nimbusds/nimbus-jose-jwt/4.41.1/nimbus-jose-jwt-4.41.1.jar:/home/user/.m2/repository/com/github/stephenc/jcip/jcip-annotations/1.0-1/jcip-annotations-1.0-1.jar:/home/user/.m2/repository/net/minidev/json-smart/2.3/json-smart-2.3.jar:/home/user/.m2/repository/net/minidev/accessors-smart/1.2/accessors-smart-1.2.jar:/home/user/.m2/repository/org/ow2/asm/asm/5.0.4/asm-5.0.4.jar:/home/user/.m2/repository/org/apache/curator/curator-framework/2.12.0/curator-framework-2.12.0.jar:/home/user/.m2/repository/com/sun/jersey/jersey-core/1.19/jersey-core-1.19.jar:/home/user/.m2/repository/javax/ws/rs/jsr311-api/1.1.1/jsr311-api-1.1.1.jar:/home/user/.m2/repository/com/sun/jersey/jersey-server/1.19/jersey-server-1.19.jar:/home/user/.m2/repository/javax/servlet/javax.servlet-api/3.1.0/javax.servlet-api-3.1.0.jar:/home/user/.m2/repository/org/eclipse/jetty/jetty-server/9.3.24.v20180605/jetty-server-9.3.24.v20180605.jar:/home/user/.m2/repository/org/eclipse/jetty/jetty-http/9.3.24.v20180605/jetty-http-9.3.24.v20180605.jar:/home/user/.m2/repository/org/eclipse/jetty/jetty-io/9.3.24.v20180605/jetty-io-9.3.24.v20180605.jar:/home/user/.m2/repository/org/eclipse/jetty/jetty-webapp/9.3.24.v20180605/jetty-webapp-9.3.24.v20180605.jar:/home/user/.m2/repository/org/eclipse/jetty/jetty-xml/9.3.24.v20180605/jetty-xml-9.3.24.v20180605.jar:/home/user/.m2/repository/log4j/log4j/1.2.17/log4j-1.2.17.jar:/home/user/.m2/repository/org/slf4j/slf4j-api/1.7.25/slf4j-api-1.7.25.jar:/home/user/.m2/repository/org/slf4j/jul-to-slf4j/1.7.25/jul-to-slf4j-1.7.25.jar:/home/user/.m2/repository/org/eclipse/jetty/jetty-util/9.3.24.v20180605/jetty-util-9.3.24.v20180605.jar:/home/user/.m2/repository/com/fasterxml/jackson/core/jackson-databind/2.9.5/jackson-databind-2.9.5.jar:/home/user/.m2/repository/org/apache/hadoop/hadoop-kms/3.2.0/hadoop-kms-3.2.0-tests.jar:/home/user/.m2/repository/org/apache/hadoop/hadoop-hdds-server-scm/0.4.1-SNAPSHOT/hadoop-hdds-server-scm-0.4.1-SNAPSHOT-tests.jar:/home/user/.m2/repository/org/apache/hadoop/hadoop-hdds-container-service/0.4.1-SNAPSHOT/hadoop-hdds-container-service-0.4.1-SNAPSHOT-tests.jar:/home/user/.m2/repository/org/yaml/snakeyaml/1.16/snakeyaml-1.16.jar:/home/user/.m2/repository/org/apache/hadoop/hadoop-common/3.2.0/hadoop-common-3.2.0-tests.jar:/home/user/.m2/repository/org/apache/hadoop/hadoop-annotations/3.2.0/hadoop-annotations-3.2.0.jar:/usr/lib/jvm/java-1.8-openjdk/jre/../lib/tools.jar:/home/user/.m2/repository/commons-cli/commons-cli/1.2/commons-cli-1.2.jar:/home/user/.m2/repository/org/apache/httpcomponents/httpclient/4.5.2/httpclient-4.5.2.jar:/home/user/.m2/repository/org/apache/httpcomponents/httpcore/4.4.4/httpcore-4.4.4.jar:/home/user/.m2/repository/commons-codec/commons-codec/1.11/commons-codec-1.11.jar:/home/user/.m2/repository/commons-net/commons-net/3.6/commons-net-3.6.jar:/home/user/.m2/repository/commons-collections/commons-collections/3.2.2/commons-collections-3.2.2.jar:/home/user/.m2/repository/org/eclipse/jetty/jetty-servlet/9.3.24.v20180605/jetty-servlet-9.3.24.v20180605.jar:/home/user/.m2/repository/org/eclipse/jetty/jetty-security/9.3.24.v20180605/jetty-security-9.3.24.v20180605.jar:/home/user/.m2/repository/javax/servlet/jsp/jsp-api/2.1/jsp-api-2.1.jar:/home/user/.m2/repository/com/sun/jersey/jersey-servlet/1.19/jersey-servlet-1.19.jar:/home/user/.m2/repository/com/sun/jersey/jersey-json/1.19/jersey-json-1.19.jar:/home/user/.m2/repository/org/codehaus/jettison/jettison/1.1/jettison-1.1.jar:/home/user/.m2/repository/org/codehaus/jackson/jackson-core-asl/1.9.13/jackson-core-asl-1.9.13.jar:/home/user/.m2/repository/org/codehaus/jackson/jackson-mapper-asl/1.9.13/jackson-mapper-asl-1.9.13.jar:/home/user/.m2/repository/org/codehaus/jackson/jackson-jaxrs/1.9.13/jackson-jaxrs-1.9.13.jar:/home/user/.m2/repository/org/codehaus/jackson/jackson-xc/1.9.13/jackson-xc-1.9.13.jar:/home/user/.m2/repository/commons-logging/commons-logging/1.1.3/commons-logging-1.1.3.jar:/home/user/.m2/repository/commons-beanutils/commons-beanutils/1.9.3/commons-beanutils-1.9.3.jar:/home/user/.m2/repository/org/apache/commons/commons-configuration2/2.1.1/commons-configuration2-2.1.1.jar:/home/user/.m2/repository/org/apache/commons/commons-lang3/3.7/commons-lang3-3.7.jar:/home/user/.m2/repository/org/apache/commons/commons-text/1.4/commons-text-1.4.jar:/home/user/.m2/repository/org/apache/avro/avro/1.7.7/avro-1.7.7.jar:/home/user/.m2/repository/com/thoughtworks/paranamer/paranamer/2.3/paranamer-2.3.jar:/home/user/.m2/repository/org/xerial/snappy/snappy-java/1.0.5/snappy-java-1.0.5.jar:/home/user/.m2/repository/com/google/re2j/re2j/1.1/re2j-1.1.jar:/home/user/.m2/repository/com/google/code/gson/gson/2.2.4/gson-2.2.4.jar:/home/user/.m2/repository/com/jcraft/jsch/0.1.54/jsch-0.1.54.jar:/home/user/.m2/repository/org/apache/curator/curator-client/2.12.0/curator-client-2.12.0.jar:/home/user/.m2/repository/org/apache/curator/curator-recipes/2.12.0/curator-recipes-2.12.0.jar:/home/user/.m2/repository/com/google/code/findbugs/jsr305/3.0.0/jsr305-3.0.0.jar:/home/user/.m2/repository/org/apache/htrace/htrace-core4/4.1.0-incubating/htrace-core4-4.1.0-incubating.jar:/home/user/.m2/repository/org/apache/zookeeper/zookeeper/3.4.13/zookeeper-3.4.13.jar:/home/user/.m2/repository/org/apache/yetus/audience-annotations/0.5.0/audience-annotations-0.5.0.jar:/home/user/.m2/repository/org/codehaus/woodstox/stax2-api/3.1.4/stax2-api-3.1.4.jar:/home/user/.m2/repository/com/fasterxml/woodstox/woodstox-core/5.0.3/woodstox-core-5.0.3.jar:/home/user/.m2/repository/dnsjava/dnsjava/2.1.7/dnsjava-2.1.7.jar:/home/user/.m2/repository/org/apache/hadoop/hadoop-hdfs/3.2.0/hadoop-hdfs-3.2.0-tests.jar:/home/user/.m2/repository/org/eclipse/jetty/jetty-util-ajax/9.3.24.v20180605/jetty-util-ajax-9.3.24.v20180605.jar:/home/user/.m2/repository/commons-daemon/commons-daemon/1.0.13/commons-daemon-1.0.13.jar:/home/user/.m2/repository/io/netty/netty/3.10.5.Final/netty-3.10.5.Final.jar:/home/user/.m2/repository/io/netty/netty-all/4.0.52.Final/netty-all-4.0.52.Final.jar:/home/user/.m2/repository/org/fusesource/leveldbjni/leveldbjni-all/1.8/leveldbjni-all-1.8.jar:"/>
    <property name="java.vm.vendor" value="IcedTea"/>
    <property name="sun.arch.data.model" value="64"/>
    <property name="test.build.dir" value="/workdir/hadoop-ozone/integration-test/target/test-dir"/>
    <property name="test.cache.data" value=""/>
    <property name="java.vendor.url" value="https://icedtea.classpath.org"/>
    <property name="user.timezone" value=""/>
    <property name="java.vm.specification.version" value="1.8"/>
    <property name="os.name" value="Linux"/>
    <property name="test.build.data" value="/workdir/hadoop-ozone/integration-test/target/test-dir"/>
    <property name="user.country" value="US"/>
    <property name="sun.java.launcher" value="SUN_STANDARD"/>
    <property name="sun.boot.library.path" value="/usr/lib/jvm/java-1.8-openjdk/jre/lib/amd64"/>
    <property name="sun.java.command" value="/workdir/hadoop-ozone/integration-test/target/surefire/surefirebooter8107064014266280105.jar /workdir/hadoop-ozone/integration-test/target/surefire 2019-07-30T15-42-22_058-jvmRun1 surefire1453944423770816431tmp surefire_826292566056572129659tmp"/>
    <property name="surefire.test.class.path" value="/workdir/hadoop-ozone/integration-test/target/test-classes:/workdir/hadoop-ozone/integration-test/target/classes:/home/user/.m2/repository/org/apache/hadoop/hadoop-ozone-common/0.4.1-SNAPSHOT/hadoop-ozone-common-0.4.1-SNAPSHOT.jar:/home/user/.m2/repository/org/apache/commons/commons-compress/1.4.1/commons-compress-1.4.1.jar:/home/user/.m2/repository/org/tukaani/xz/1.0/xz-1.0.jar:/home/user/.m2/repository/org/apache/hadoop/hadoop-common/3.2.0/hadoop-common-3.2.0.jar:/home/user/.m2/repository/org/apache/hadoop/hadoop-hdfs/3.2.0/hadoop-hdfs-3.2.0.jar:/home/user/.m2/repository/org/apache/hadoop/hadoop-hdfs-client/3.2.0/hadoop-hdfs-client-3.2.0.jar:/home/user/.m2/repository/com/fasterxml/jackson/core/jackson-annotations/2.9.5/jackson-annotations-2.9.5.jar:/home/user/.m2/repository/org/apache/hadoop/hadoop-hdds-common/0.4.1-SNAPSHOT/hadoop-hdds-common-0.4.1-SNAPSHOT.jar:/home/user/.m2/repository/javax/annotation/javax.annotation-api/1.2/javax.annotation-api-1.2.jar:/home/user/.m2/repository/org/apache/ratis/ratis-server/0.4.0-2337318-SNAPSHOT/ratis-server-0.4.0-2337318-SNAPSHOT.jar:/home/user/.m2/repository/org/apache/ratis/ratis-thirdparty-misc/0.2.0/ratis-thirdparty-misc-0.2.0.jar:/home/user/.m2/repository/org/apache/ratis/ratis-proto/0.4.0-2337318-SNAPSHOT/ratis-proto-0.4.0-2337318-SNAPSHOT.jar:/home/user/.m2/repository/org/apache/ratis/ratis-common/0.4.0-2337318-SNAPSHOT/ratis-common-0.4.0-2337318-SNAPSHOT.jar:/home/user/.m2/repository/org/apache/ratis/ratis-client/0.4.0-2337318-SNAPSHOT/ratis-client-0.4.0-2337318-SNAPSHOT.jar:/home/user/.m2/repository/org/apache/ratis/ratis-metrics/0.4.0-2337318-SNAPSHOT/ratis-metrics-0.4.0-2337318-SNAPSHOT.jar:/home/user/.m2/repository/org/apache/ratis/ratis-netty/0.4.0-2337318-SNAPSHOT/ratis-netty-0.4.0-2337318-SNAPSHOT.jar:/home/user/.m2/repository/org/apache/ratis/ratis-grpc/0.4.0-2337318-SNAPSHOT/ratis-grpc-0.4.0-2337318-SNAPSHOT.jar:/home/user/.m2/repository/org/rocksdb/rocksdbjni/6.0.1/rocksdbjni-6.0.1.jar:/home/user/.m2/repository/org/apache/logging/log4j/log4j-api/2.11.0/log4j-api-2.11.0.jar:/home/user/.m2/repository/org/apache/logging/log4j/log4j-core/2.11.0/log4j-core-2.11.0.jar:/home/user/.m2/repository/com/lmax/disruptor/3.4.2/disruptor-3.4.2.jar:/home/user/.m2/repository/org/apache/commons/commons-pool2/2.6.0/commons-pool2-2.6.0.jar:/home/user/.m2/repository/org/bouncycastle/bcpkix-jdk15on/1.60/bcpkix-jdk15on-1.60.jar:/home/user/.m2/repository/commons-validator/commons-validator/1.6/commons-validator-1.6.jar:/home/user/.m2/repository/commons-digester/commons-digester/1.8.1/commons-digester-1.8.1.jar:/home/user/.m2/repository/io/jaegertracing/jaeger-client/0.33.1/jaeger-client-0.33.1.jar:/home/user/.m2/repository/io/jaegertracing/jaeger-thrift/0.33.1/jaeger-thrift-0.33.1.jar:/home/user/.m2/repository/org/apache/thrift/libthrift/0.11.0/libthrift-0.11.0.jar:/home/user/.m2/repository/com/squareup/okhttp3/okhttp/3.9.0/okhttp-3.9.0.jar:/home/user/.m2/repository/com/squareup/okio/okio/1.13.0/okio-1.13.0.jar:/home/user/.m2/repository/io/jaegertracing/jaeger-core/0.33.1/jaeger-core-0.33.1.jar:/home/user/.m2/repository/io/jaegertracing/jaeger-tracerresolver/0.33.1/jaeger-tracerresolver-0.33.1.jar:/home/user/.m2/repository/io/opentracing/contrib/opentracing-tracerresolver/0.1.5/opentracing-tracerresolver-0.1.5.jar:/home/user/.m2/repository/io/opentracing/opentracing-util/0.31.0/opentracing-util-0.31.0.jar:/home/user/.m2/repository/io/opentracing/opentracing-api/0.31.0/opentracing-api-0.31.0.jar:/home/user/.m2/repository/io/opentracing/opentracing-noop/0.31.0/opentracing-noop-0.31.0.jar:/home/user/.m2/repository/org/apache/hadoop/hadoop-hdds-server-framework/0.4.1-SNAPSHOT/hadoop-hdds-server-framework-0.4.1-SNAPSHOT.jar:/home/user/.m2/repository/org/apache/hadoop/hadoop-hdds-container-service/0.4.1-SNAPSHOT/hadoop-hdds-container-service-0.4.1-SNAPSHOT.jar:/home/user/.m2/repository/org/apache/hadoop/hadoop-hdds-client/0.4.1-SNAPSHOT/hadoop-hdds-client-0.4.1-SNAPSHOT.jar:/home/user/.m2/repository/org/apache/hadoop/hadoop-hdds-tools/0.4.1-SNAPSHOT/hadoop-hdds-tools-0.4.1-SNAPSHOT.jar:/home/user/.m2/repository/org/apache/hadoop/hadoop-hdds-server-scm/0.4.1-SNAPSHOT/hadoop-hdds-server-scm-0.4.1-SNAPSHOT.jar:/home/user/.m2/repository/org/apache/hadoop/hadoop-hdds-docs/0.4.1-SNAPSHOT/hadoop-hdds-docs-0.4.1-SNAPSHOT.jar:/home/user/.m2/repository/io/dropwizard/metrics/metrics-core/3.2.4/metrics-core-3.2.4.jar:/home/user/.m2/repository/org/hamcrest/hamcrest-all/1.3/hamcrest-all-1.3.jar:/home/user/.m2/repository/org/bouncycastle/bcprov-jdk15on/1.60/bcprov-jdk15on-1.60.jar:/home/user/.m2/repository/info/picocli/picocli/3.9.6/picocli-3.9.6.jar:/home/user/.m2/repository/com/google/protobuf/protobuf-java/2.5.0/protobuf-java-2.5.0.jar:/home/user/.m2/repository/com/google/guava/guava/11.0.2/guava-11.0.2.jar:/home/user/.m2/repository/org/apache/hadoop/hadoop-ozone-ozone-manager/0.4.1-SNAPSHOT/hadoop-ozone-ozone-manager-0.4.1-SNAPSHOT.jar:/home/user/.m2/repository/org/apache/hadoop/hadoop-minikdc/3.2.0/hadoop-minikdc-3.2.0.jar:/home/user/.m2/repository/commons-io/commons-io/2.5/commons-io-2.5.jar:/home/user/.m2/repository/org/apache/kerby/kerb-simplekdc/1.0.1/kerb-simplekdc-1.0.1.jar:/home/user/.m2/repository/org/apache/kerby/kerb-client/1.0.1/kerb-client-1.0.1.jar:/home/user/.m2/repository/org/apache/kerby/kerby-config/1.0.1/kerby-config-1.0.1.jar:/home/user/.m2/repository/org/apache/kerby/kerb-core/1.0.1/kerb-core-1.0.1.jar:/home/user/.m2/repository/org/apache/kerby/kerby-pkix/1.0.1/kerby-pkix-1.0.1.jar:/home/user/.m2/repository/org/apache/kerby/kerby-asn1/1.0.1/kerby-asn1-1.0.1.jar:/home/user/.m2/repository/org/apache/kerby/kerby-util/1.0.1/kerby-util-1.0.1.jar:/home/user/.m2/repository/org/apache/kerby/kerb-common/1.0.1/kerb-common-1.0.1.jar:/home/user/.m2/repository/org/apache/kerby/kerb-crypto/1.0.1/kerb-crypto-1.0.1.jar:/home/user/.m2/repository/org/apache/kerby/kerb-util/1.0.1/kerb-util-1.0.1.jar:/home/user/.m2/repository/org/apache/kerby/token-provider/1.0.1/token-provider-1.0.1.jar:/home/user/.m2/repository/org/apache/kerby/kerb-admin/1.0.1/kerb-admin-1.0.1.jar:/home/user/.m2/repository/org/apache/kerby/kerb-server/1.0.1/kerb-server-1.0.1.jar:/home/user/.m2/repository/org/apache/kerby/kerb-identity/1.0.1/kerb-identity-1.0.1.jar:/home/user/.m2/repository/org/apache/kerby/kerby-xdr/1.0.1/kerby-xdr-1.0.1.jar:/home/user/.m2/repository/org/slf4j/slf4j-log4j12/1.7.25/slf4j-log4j12-1.7.25.jar:/home/user/.m2/repository/org/apache/hadoop/hadoop-ozone-objectstore-service/0.4.1-SNAPSHOT/hadoop-ozone-objectstore-service-0.4.1-SNAPSHOT.jar:/home/user/.m2/repository/org/apache/hadoop/hadoop-ozone-s3gateway/0.4.1-SNAPSHOT/hadoop-ozone-s3gateway-0.4.1-SNAPSHOT.jar:/home/user/.m2/repository/org/jboss/weld/servlet/weld-servlet/2.4.7.Final/weld-servlet-2.4.7.Final.jar:/home/user/.m2/repository/org/glassfish/jersey/containers/jersey-container-servlet-core/2.27/jersey-container-servlet-core-2.27.jar:/home/user/.m2/repository/org/glassfish/hk2/external/javax.inject/2.5.0-b42/javax.inject-2.5.0-b42.jar:/home/user/.m2/repository/org/glassfish/jersey/core/jersey-common/2.27/jersey-common-2.27.jar:/home/user/.m2/repository/org/glassfish/hk2/osgi-resource-locator/1.0.1/osgi-resource-locator-1.0.1.jar:/home/user/.m2/repository/javax/ws/rs/javax.ws.rs-api/2.1/javax.ws.rs-api-2.1.jar:/home/user/.m2/repository/org/glassfish/jersey/ext/cdi/jersey-cdi1x/2.27/jersey-cdi1x-2.27.jar:/home/user/.m2/repository/org/glassfish/jersey/inject/jersey-hk2/2.27/jersey-hk2-2.27.jar:/home/user/.m2/repository/org/glassfish/hk2/hk2-locator/2.5.0-b42/hk2-locator-2.5.0-b42.jar:/home/user/.m2/repository/org/javassist/javassist/3.22.0-CR2/javassist-3.22.0-CR2.jar:/home/user/.m2/repository/org/glassfish/hk2/hk2-api/2.5.0/hk2-api-2.5.0.jar:/home/user/.m2/repository/org/glassfish/hk2/external/jakarta.inject/2.5.0/jakarta.inject-2.5.0.jar:/home/user/.m2/repository/org/glassfish/hk2/hk2-utils/2.5.0/hk2-utils-2.5.0.jar:/home/user/.m2/repository/jakarta/annotation/jakarta.annotation-api/1.3.4/jakarta.annotation-api-1.3.4.jar:/home/user/.m2/repository/org/glassfish/hk2/external/aopalliance-repackaged/2.5.0/aopalliance-repackaged-2.5.0.jar:/home/user/.m2/repository/com/fasterxml/jackson/dataformat/jackson-dataformat-xml/2.9.0/jackson-dataformat-xml-2.9.0.jar:/home/user/.m2/repository/com/fasterxml/jackson/core/jackson-core/2.9.5/jackson-core-2.9.5.jar:/home/user/.m2/repository/com/fasterxml/jackson/module/jackson-module-jaxb-annotations/2.9.5/jackson-module-jaxb-annotations-2.9.5.jar:/home/user/.m2/repository/javax/enterprise/cdi-api/1.2/cdi-api-1.2.jar:/home/user/.m2/repository/javax/el/javax.el-api/3.0.0/javax.el-api-3.0.0.jar:/home/user/.m2/repository/javax/interceptor/javax.interceptor-api/1.2/javax.interceptor-api-1.2.jar:/home/user/.m2/repository/javax/inject/javax.inject/1/javax.inject-1.jar:/home/user/.m2/repository/com/sun/xml/bind/jaxb-impl/2.3.0.1/jaxb-impl-2.3.0.1.jar:/home/user/.m2/repository/com/sun/xml/bind/jaxb-core/2.3.0.1/jaxb-core-2.3.0.1.jar:/home/user/.m2/repository/javax/xml/bind/jaxb-api/2.3.0/jaxb-api-2.3.0.jar:/home/user/.m2/repository/javax/activation/activation/1.1.1/activation-1.1.1.jar:/home/user/.m2/repository/org/apache/hadoop/hadoop-ozone-csi/0.4.1-SNAPSHOT/hadoop-ozone-csi-0.4.1-SNAPSHOT.jar:/home/user/.m2/repository/com/google/protobuf/protobuf-java-util/3.5.1/protobuf-java-util-3.5.1.jar:/home/user/.m2/repository/org/apache/hadoop/hadoop-hdds-config/0.4.1-SNAPSHOT/hadoop-hdds-config-0.4.1-SNAPSHOT.jar:/home/user/.m2/repository/io/grpc/grpc-netty/1.17.1/grpc-netty-1.17.1.jar:/home/user/.m2/repository/io/grpc/grpc-core/1.17.1/grpc-core-1.17.1.jar:/home/user/.m2/repository/io/grpc/grpc-context/1.17.1/grpc-context-1.17.1.jar:/home/user/.m2/repository/com/google/errorprone/error_prone_annotations/2.2.0/error_prone_annotations-2.2.0.jar:/home/user/.m2/repository/org/codehaus/mojo/animal-sniffer-annotations/1.17/animal-sniffer-annotations-1.17.jar:/home/user/.m2/repository/io/opencensus/opencensus-api/0.17.0/opencensus-api-0.17.0.jar:/home/user/.m2/repository/io/opencensus/opencensus-contrib-grpc-metrics/0.17.0/opencensus-contrib-grpc-metrics-0.17.0.jar:/home/user/.m2/repository/io/netty/netty-codec-http2/4.1.30.Final/netty-codec-http2-4.1.30.Final.jar:/home/user/.m2/repository/io/netty/netty-codec-http/4.1.30.Final/netty-codec-http-4.1.30.Final.jar:/home/user/.m2/repository/io/netty/netty-codec/4.1.30.Final/netty-codec-4.1.30.Final.jar:/home/user/.m2/repository/io/netty/netty-handler/4.1.30.Final/netty-handler-4.1.30.Final.jar:/home/user/.m2/repository/io/netty/netty-handler-proxy/4.1.30.Final/netty-handler-proxy-4.1.30.Final.jar:/home/user/.m2/repository/io/netty/netty-codec-socks/4.1.30.Final/netty-codec-socks-4.1.30.Final.jar:/home/user/.m2/repository/io/netty/netty-transport-native-epoll/4.1.30.Final/netty-transport-native-epoll-4.1.30.Final.jar:/home/user/.m2/repository/io/netty/netty-common/4.1.30.Final/netty-common-4.1.30.Final.jar:/home/user/.m2/repository/io/netty/netty-buffer/4.1.30.Final/netty-buffer-4.1.30.Final.jar:/home/user/.m2/repository/io/netty/netty-transport/4.1.30.Final/netty-transport-4.1.30.Final.jar:/home/user/.m2/repository/io/netty/netty-resolver/4.1.30.Final/netty-resolver-4.1.30.Final.jar:/home/user/.m2/repository/io/netty/netty-transport-native-unix-common/4.1.30.Final/netty-transport-native-unix-common-4.1.30.Final.jar:/home/user/.m2/repository/io/grpc/grpc-protobuf/1.17.1/grpc-protobuf-1.17.1.jar:/home/user/.m2/repository/com/google/api/grpc/proto-google-common-protos/1.0.0/proto-google-common-protos-1.0.0.jar:/home/user/.m2/repository/io/grpc/grpc-protobuf-lite/1.17.1/grpc-protobuf-lite-1.17.1.jar:/home/user/.m2/repository/io/grpc/grpc-stub/1.17.1/grpc-stub-1.17.1.jar:/home/user/.m2/repository/org/apache/hadoop/hadoop-ozone-recon/0.4.1-SNAPSHOT/hadoop-ozone-recon-0.4.1-SNAPSHOT.jar:/home/user/.m2/repository/org/apache/hadoop/hadoop-ozone-reconcodegen/0.4.1-SNAPSHOT/hadoop-ozone-reconcodegen-0.4.1-SNAPSHOT.jar:/home/user/.m2/repository/com/google/inject/extensions/guice-multibindings/4.0/guice-multibindings-4.0.jar:/home/user/.m2/repository/com/google/inject/guice/4.0/guice-4.0.jar:/home/user/.m2/repository/aopalliance/aopalliance/1.0/aopalliance-1.0.jar:/home/user/.m2/repository/com/google/inject/extensions/guice-servlet/4.0/guice-servlet-4.0.jar:/home/user/.m2/repository/org/glassfish/jersey/containers/jersey-container-servlet/2.27/jersey-container-servlet-2.27.jar:/home/user/.m2/repository/org/glassfish/hk2/guice-bridge/2.5.0/guice-bridge-2.5.0.jar:/home/user/.m2/repository/org/glassfish/jersey/core/jersey-server/2.27/jersey-server-2.27.jar:/home/user/.m2/repository/org/glassfish/jersey/core/jersey-client/2.27/jersey-client-2.27.jar:/home/user/.m2/repository/org/glassfish/jersey/media/jersey-media-jaxb/2.27/jersey-media-jaxb-2.27.jar:/home/user/.m2/repository/javax/validation/validation-api/1.1.0.Final/validation-api-1.1.0.Final.jar:/home/user/.m2/repository/org/glassfish/jersey/media/jersey-media-json-jackson/2.27/jersey-media-json-jackson-2.27.jar:/home/user/.m2/repository/org/glassfish/jersey/ext/jersey-entity-filtering/2.27/jersey-entity-filtering-2.27.jar:/home/user/.m2/repository/com/google/inject/extensions/guice-assistedinject/4.0/guice-assistedinject-4.0.jar:/home/user/.m2/repository/org/jooq/jooq/3.11.10/jooq-3.11.10.jar:/home/user/.m2/repository/org/jooq/jooq-meta/3.11.10/jooq-meta-3.11.10.jar:/home/user/.m2/repository/org/jooq/jooq-codegen/3.11.10/jooq-codegen-3.11.10.jar:/home/user/.m2/repository/com/jolbox/bonecp/0.8.0.RELEASE/bonecp-0.8.0.RELEASE.jar:/home/user/.m2/repository/org/xerial/sqlite-jdbc/3.25.2/sqlite-jdbc-3.25.2.jar:/home/user/.m2/repository/org/springframework/spring-jdbc/5.1.3.RELEASE/spring-jdbc-5.1.3.RELEASE.jar:/home/user/.m2/repository/org/springframework/spring-beans/5.1.3.RELEASE/spring-beans-5.1.3.RELEASE.jar:/home/user/.m2/repository/org/springframework/spring-core/5.1.3.RELEASE/spring-core-5.1.3.RELEASE.jar:/home/user/.m2/repository/org/springframework/spring-jcl/5.1.3.RELEASE/spring-jcl-5.1.3.RELEASE.jar:/home/user/.m2/repository/org/springframework/spring-tx/5.1.3.RELEASE/spring-tx-5.1.3.RELEASE.jar:/home/user/.m2/repository/org/apache/hadoop/hadoop-ozone-client/0.4.1-SNAPSHOT/hadoop-ozone-client-0.4.1-SNAPSHOT.jar:/home/user/.m2/repository/commons-lang/commons-lang/2.6/commons-lang-2.6.jar:/home/user/.m2/repository/org/apache/hadoop/hadoop-ozone-ozone-manager/0.4.1-SNAPSHOT/hadoop-ozone-ozone-manager-0.4.1-SNAPSHOT-tests.jar:/home/user/.m2/repository/junit/junit/4.11/junit-4.11.jar:/home/user/.m2/repository/org/hamcrest/hamcrest-core/1.3/hamcrest-core-1.3.jar:/home/user/.m2/repository/org/openjdk/jmh/jmh-core/1.19/jmh-core-1.19.jar:/home/user/.m2/repository/net/sf/jopt-simple/jopt-simple/4.6/jopt-simple-4.6.jar:/home/user/.m2/repository/org/apache/commons/commons-math3/3.1.1/commons-math3-3.1.1.jar:/home/user/.m2/repository/org/openjdk/jmh/jmh-generator-annprocess/1.19/jmh-generator-annprocess-1.19.jar:/home/user/.m2/repository/org/mockito/mockito-all/1.8.5/mockito-all-1.8.5.jar:/home/user/.m2/repository/org/apache/hadoop/hadoop-kms/3.2.0/hadoop-kms-3.2.0.jar:/home/user/.m2/repository/org/apache/hadoop/hadoop-auth/3.2.0/hadoop-auth-3.2.0.jar:/home/user/.m2/repository/com/nimbusds/nimbus-jose-jwt/4.41.1/nimbus-jose-jwt-4.41.1.jar:/home/user/.m2/repository/com/github/stephenc/jcip/jcip-annotations/1.0-1/jcip-annotations-1.0-1.jar:/home/user/.m2/repository/net/minidev/json-smart/2.3/json-smart-2.3.jar:/home/user/.m2/repository/net/minidev/accessors-smart/1.2/accessors-smart-1.2.jar:/home/user/.m2/repository/org/ow2/asm/asm/5.0.4/asm-5.0.4.jar:/home/user/.m2/repository/org/apache/curator/curator-framework/2.12.0/curator-framework-2.12.0.jar:/home/user/.m2/repository/com/sun/jersey/jersey-core/1.19/jersey-core-1.19.jar:/home/user/.m2/repository/javax/ws/rs/jsr311-api/1.1.1/jsr311-api-1.1.1.jar:/home/user/.m2/repository/com/sun/jersey/jersey-server/1.19/jersey-server-1.19.jar:/home/user/.m2/repository/javax/servlet/javax.servlet-api/3.1.0/javax.servlet-api-3.1.0.jar:/home/user/.m2/repository/org/eclipse/jetty/jetty-server/9.3.24.v20180605/jetty-server-9.3.24.v20180605.jar:/home/user/.m2/repository/org/eclipse/jetty/jetty-http/9.3.24.v20180605/jetty-http-9.3.24.v20180605.jar:/home/user/.m2/repository/org/eclipse/jetty/jetty-io/9.3.24.v20180605/jetty-io-9.3.24.v20180605.jar:/home/user/.m2/repository/org/eclipse/jetty/jetty-webapp/9.3.24.v20180605/jetty-webapp-9.3.24.v20180605.jar:/home/user/.m2/repository/org/eclipse/jetty/jetty-xml/9.3.24.v20180605/jetty-xml-9.3.24.v20180605.jar:/home/user/.m2/repository/log4j/log4j/1.2.17/log4j-1.2.17.jar:/home/user/.m2/repository/org/slf4j/slf4j-api/1.7.25/slf4j-api-1.7.25.jar:/home/user/.m2/repository/org/slf4j/jul-to-slf4j/1.7.25/jul-to-slf4j-1.7.25.jar:/home/user/.m2/repository/org/eclipse/jetty/jetty-util/9.3.24.v20180605/jetty-util-9.3.24.v20180605.jar:/home/user/.m2/repository/com/fasterxml/jackson/core/jackson-databind/2.9.5/jackson-databind-2.9.5.jar:/home/user/.m2/repository/org/apache/hadoop/hadoop-kms/3.2.0/hadoop-kms-3.2.0-tests.jar:/home/user/.m2/repository/org/apache/hadoop/hadoop-hdds-server-scm/0.4.1-SNAPSHOT/hadoop-hdds-server-scm-0.4.1-SNAPSHOT-tests.jar:/home/user/.m2/repository/org/apache/hadoop/hadoop-hdds-container-service/0.4.1-SNAPSHOT/hadoop-hdds-container-service-0.4.1-SNAPSHOT-tests.jar:/home/user/.m2/repository/org/yaml/snakeyaml/1.16/snakeyaml-1.16.jar:/home/user/.m2/repository/org/apache/hadoop/hadoop-common/3.2.0/hadoop-common-3.2.0-tests.jar:/home/user/.m2/repository/org/apache/hadoop/hadoop-annotations/3.2.0/hadoop-annotations-3.2.0.jar:/usr/lib/jvm/java-1.8-openjdk/jre/../lib/tools.jar:/home/user/.m2/repository/commons-cli/commons-cli/1.2/commons-cli-1.2.jar:/home/user/.m2/repository/org/apache/httpcomponents/httpclient/4.5.2/httpclient-4.5.2.jar:/home/user/.m2/repository/org/apache/httpcomponents/httpcore/4.4.4/httpcore-4.4.4.jar:/home/user/.m2/repository/commons-codec/commons-codec/1.11/commons-codec-1.11.jar:/home/user/.m2/repository/commons-net/commons-net/3.6/commons-net-3.6.jar:/home/user/.m2/repository/commons-collections/commons-collections/3.2.2/commons-collections-3.2.2.jar:/home/user/.m2/repository/org/eclipse/jetty/jetty-servlet/9.3.24.v20180605/jetty-servlet-9.3.24.v20180605.jar:/home/user/.m2/repository/org/eclipse/jetty/jetty-security/9.3.24.v20180605/jetty-security-9.3.24.v20180605.jar:/home/user/.m2/repository/javax/servlet/jsp/jsp-api/2.1/jsp-api-2.1.jar:/home/user/.m2/repository/com/sun/jersey/jersey-servlet/1.19/jersey-servlet-1.19.jar:/home/user/.m2/repository/com/sun/jersey/jersey-json/1.19/jersey-json-1.19.jar:/home/user/.m2/repository/org/codehaus/jettison/jettison/1.1/jettison-1.1.jar:/home/user/.m2/repository/org/codehaus/jackson/jackson-core-asl/1.9.13/jackson-core-asl-1.9.13.jar:/home/user/.m2/repository/org/codehaus/jackson/jackson-mapper-asl/1.9.13/jackson-mapper-asl-1.9.13.jar:/home/user/.m2/repository/org/codehaus/jackson/jackson-jaxrs/1.9.13/jackson-jaxrs-1.9.13.jar:/home/user/.m2/repository/org/codehaus/jackson/jackson-xc/1.9.13/jackson-xc-1.9.13.jar:/home/user/.m2/repository/commons-logging/commons-logging/1.1.3/commons-logging-1.1.3.jar:/home/user/.m2/repository/commons-beanutils/commons-beanutils/1.9.3/commons-beanutils-1.9.3.jar:/home/user/.m2/repository/org/apache/commons/commons-configuration2/2.1.1/commons-configuration2-2.1.1.jar:/home/user/.m2/repository/org/apache/commons/commons-lang3/3.7/commons-lang3-3.7.jar:/home/user/.m2/repository/org/apache/commons/commons-text/1.4/commons-text-1.4.jar:/home/user/.m2/repository/org/apache/avro/avro/1.7.7/avro-1.7.7.jar:/home/user/.m2/repository/com/thoughtworks/paranamer/paranamer/2.3/paranamer-2.3.jar:/home/user/.m2/repository/org/xerial/snappy/snappy-java/1.0.5/snappy-java-1.0.5.jar:/home/user/.m2/repository/com/google/re2j/re2j/1.1/re2j-1.1.jar:/home/user/.m2/repository/com/google/code/gson/gson/2.2.4/gson-2.2.4.jar:/home/user/.m2/repository/com/jcraft/jsch/0.1.54/jsch-0.1.54.jar:/home/user/.m2/repository/org/apache/curator/curator-client/2.12.0/curator-client-2.12.0.jar:/home/user/.m2/repository/org/apache/curator/curator-recipes/2.12.0/curator-recipes-2.12.0.jar:/home/user/.m2/repository/com/google/code/findbugs/jsr305/3.0.0/jsr305-3.0.0.jar:/home/user/.m2/repository/org/apache/htrace/htrace-core4/4.1.0-incubating/htrace-core4-4.1.0-incubating.jar:/home/user/.m2/repository/org/apache/zookeeper/zookeeper/3.4.13/zookeeper-3.4.13.jar:/home/user/.m2/repository/org/apache/yetus/audience-annotations/0.5.0/audience-annotations-0.5.0.jar:/home/user/.m2/repository/org/codehaus/woodstox/stax2-api/3.1.4/stax2-api-3.1.4.jar:/home/user/.m2/repository/com/fasterxml/woodstox/woodstox-core/5.0.3/woodstox-core-5.0.3.jar:/home/user/.m2/repository/dnsjava/dnsjava/2.1.7/dnsjava-2.1.7.jar:/home/user/.m2/repository/org/apache/hadoop/hadoop-hdfs/3.2.0/hadoop-hdfs-3.2.0-tests.jar:/home/user/.m2/repository/org/eclipse/jetty/jetty-util-ajax/9.3.24.v20180605/jetty-util-ajax-9.3.24.v20180605.jar:/home/user/.m2/repository/commons-daemon/commons-daemon/1.0.13/commons-daemon-1.0.13.jar:/home/user/.m2/repository/io/netty/netty/3.10.5.Final/netty-3.10.5.Final.jar:/home/user/.m2/repository/io/netty/netty-all/4.0.52.Final/netty-all-4.0.52.Final.jar:/home/user/.m2/repository/org/fusesource/leveldbjni/leveldbjni-all/1.8/leveldbjni-all-1.8.jar:"/>
    <property name="sun.cpu.endian" value="little"/>
    <property name="user.home" value="/home/user"/>
    <property name="user.language" value="en"/>
    <property name="java.specification.vendor" value="Oracle Corporation"/>
    <property name="java.home" value="/usr/lib/jvm/java-1.8-openjdk/jre"/>
    <property name="java.security.krb5.conf" value="/workdir/hadoop-ozone/integration-test/target/test-classes/krb5.conf"/>
    <property name="basedir" value="/workdir/hadoop-ozone/integration-test"/>
    <property name="file.separator" value="/"/>
    <property name="line.separator" value="&#10;"/>
    <property name="java.vm.specification.vendor" value="Oracle Corporation"/>
    <property name="java.specification.name" value="Java Platform API Specification"/>
    <property name="java.awt.graphicsenv" value="sun.awt.X11GraphicsEnvironment"/>
    <property name="surefire.real.class.path" value="/workdir/hadoop-ozone/integration-test/target/surefire/surefirebooter8107064014266280105.jar"/>
    <property name="hadoop.log.dir" value="/workdir/hadoop-ozone/integration-test/target/log"/>
    <property name="sun.boot.class.path" value="/usr/lib/jvm/java-1.8-openjdk/jre/lib/resources.jar:/usr/lib/jvm/java-1.8-openjdk/jre/lib/rt.jar:/usr/lib/jvm/java-1.8-openjdk/jre/lib/sunrsasign.jar:/usr/lib/jvm/java-1.8-openjdk/jre/lib/jsse.jar:/usr/lib/jvm/java-1.8-openjdk/jre/lib/jce.jar:/usr/lib/jvm/java-1.8-openjdk/jre/lib/charsets.jar:/usr/lib/jvm/java-1.8-openjdk/jre/lib/jfr.jar:/usr/lib/jvm/java-1.8-openjdk/jre/classes"/>
    <property name="sun.management.compiler" value="HotSpot 64-Bit Tiered Compilers"/>
    <property name="java.runtime.version" value="1.8.0_212-b04"/>
    <property name="java.net.preferIPv4Stack" value="true"/>
    <property name="user.name" value="jenkins1000"/>
    <property name="path.separator" value=":"/>
    <property name="java.security.egd" value="file:///dev/urandom"/>
    <property name="os.version" value="3.10.0-957.12.2.el7.x86_64"/>
    <property name="java.endorsed.dirs" value="/usr/lib/jvm/java-1.8-openjdk/jre/lib/endorsed"/>
    <property name="java.runtime.name" value="OpenJDK Runtime Environment"/>
    <property name="file.encoding" value="UTF-8"/>
    <property name="java.vm.name" value="OpenJDK 64-Bit Server VM"/>
    <property name="test.build.webapps" value=""/>
    <property name="localRepository" value="/home/user/.m2/repository"/>
    <property name="java.vendor.url.bug" value="https://icedtea.classpath.org/bugzilla"/>
    <property name="java.io.tmpdir" value="/tmp"/>
    <property name="require.test.libhadoop" value=""/>
    <property name="java.version" value="1.8.0_212"/>
    <property name="user.dir" value="/workdir/hadoop-ozone/integration-test"/>
    <property name="os.arch" value="amd64"/>
    <property name="java.vm.specification.name" value="Java Virtual Machine Specification"/>
    <property name="test.build.classes" value="/workdir/hadoop-ozone/integration-test/target/test-classes"/>
    <property name="java.awt.printerjob" value="sun.print.PSPrinterJob"/>
    <property name="sun.os.patch.level" value="unknown"/>
    <property name="hadoop.tmp.dir" value="/workdir/hadoop-ozone/integration-test/target/tmp"/>
    <property name="java.library.path" value="/usr/lib/jvm/java-1.8-openjdk/jre/lib/amd64/server:/usr/lib/jvm/java-1.8-openjdk/jre/lib/amd64:/usr/lib/jvm/java-1.8-openjdk/jre/../lib/amd64:/workdir/hadoop-ozone/integration-test/target/native/target/usr/local/lib:/workdir/hadoop-ozone/integration-test/../../hadoop-common-project/hadoop-common/target/native/target/usr/local/lib:/usr/java/packages/lib/amd64:/usr/lib64:/lib64:/lib:/usr/lib"/>
    <property name="java.vm.info" value="mixed mode"/>
    <property name="java.vendor" value="IcedTea"/>
    <property name="java.vm.version" value="25.212-b04"/>
    <property name="java.ext.dirs" value="/usr/lib/jvm/java-1.8-openjdk/jre/lib/ext:/usr/java/packages/lib/ext"/>
    <property name="sun.io.unicode.encoding" value="UnicodeLittle"/>
    <property name="java.class.version" value="52.0"/>
  </properties>
  <testcase name="testMultiBlockWritesWithDnFailures" classname="org.apache.hadoop.ozone.client.rpc.TestMultiBlockWritesWithDnFailures" time="20.997">
    <error message="Allocated 0 blocks. Requested 1 blocks" type="INTERNAL_ERROR org.apache.hadoop.ozone.om.exceptions.OMException">INTERNAL_ERROR org.apache.hadoop.ozone.om.exceptions.OMException: Allocated 0 blocks. Requested 1 blocks
	at org.apache.hadoop.ozone.om.protocolPB.OzoneManagerProtocolClientSideTranslatorPB.handleError(OzoneManagerProtocolClientSideTranslatorPB.java:720)
	at org.apache.hadoop.ozone.om.protocolPB.OzoneManagerProtocolClientSideTranslatorPB.allocateBlock(OzoneManagerProtocolClientSideTranslatorPB.java:752)
	at org.apache.hadoop.ozone.client.io.BlockOutputStreamEntryPool.allocateNewBlock(BlockOutputStreamEntryPool.java:248)
	at org.apache.hadoop.ozone.client.io.BlockOutputStreamEntryPool.allocateBlockIfNeeded(BlockOutputStreamEntryPool.java:296)
	at org.apache.hadoop.ozone.client.io.KeyOutputStream.handleWrite(KeyOutputStream.java:201)
	at org.apache.hadoop.ozone.client.io.KeyOutputStream.handleRetry(KeyOutputStream.java:376)
	at org.apache.hadoop.ozone.client.io.KeyOutputStream.handleException(KeyOutputStream.java:325)
	at org.apache.hadoop.ozone.client.io.KeyOutputStream.handleWrite(KeyOutputStream.java:231)
	at org.apache.hadoop.ozone.client.io.KeyOutputStream.handleRetry(KeyOutputStream.java:376)
	at org.apache.hadoop.ozone.client.io.KeyOutputStream.handleException(KeyOutputStream.java:325)
	at org.apache.hadoop.ozone.client.io.KeyOutputStream.handleWrite(KeyOutputStream.java:231)
	at org.apache.hadoop.ozone.client.io.KeyOutputStream.write(KeyOutputStream.java:193)
	at org.apache.hadoop.ozone.client.io.OzoneOutputStream.write(OzoneOutputStream.java:49)
	at java.io.OutputStream.write(OutputStream.java:75)
	at org.apache.hadoop.ozone.client.rpc.TestMultiBlockWritesWithDnFailures.testMultiBlockWritesWithDnFailures(TestMultiBlockWritesWithDnFailures.java:122)
	at sun.reflect.NativeMethodAccessorImpl.invoke0(Native Method)
	at sun.reflect.NativeMethodAccessorImpl.invoke(NativeMethodAccessorImpl.java:62)
	at sun.reflect.DelegatingMethodAccessorImpl.invoke(DelegatingMethodAccessorImpl.java:43)
	at java.lang.reflect.Method.invoke(Method.java:498)
	at org.junit.runners.model.FrameworkMethod$1.runReflectiveCall(FrameworkMethod.java:47)
	at org.junit.internal.runners.model.ReflectiveCallable.run(ReflectiveCallable.java:12)
	at org.junit.runners.model.FrameworkMethod.invokeExplosively(FrameworkMethod.java:44)
	at org.junit.internal.runners.statements.InvokeMethod.evaluate(InvokeMethod.java:17)
	at org.junit.runners.ParentRunner.runLeaf(ParentRunner.java:271)
	at org.junit.runners.BlockJUnit4ClassRunner.runChild(BlockJUnit4ClassRunner.java:70)
	at org.junit.runners.BlockJUnit4ClassRunner.runChild(BlockJUnit4ClassRunner.java:50)
	at org.junit.runners.ParentRunner$3.run(ParentRunner.java:238)
	at org.junit.runners.ParentRunner$1.schedule(ParentRunner.java:63)
	at org.junit.runners.ParentRunner.runChildren(ParentRunner.java:236)
	at org.junit.runners.ParentRunner.access$000(ParentRunner.java:53)
	at org.junit.runners.ParentRunner$2.evaluate(ParentRunner.java:229)
	at org.junit.runners.ParentRunner.run(ParentRunner.java:309)
	at org.apache.maven.surefire.junit4.JUnit4Provider.execute(JUnit4Provider.java:365)
	at org.apache.maven.surefire.junit4.JUnit4Provider.executeWithRerun(JUnit4Provider.java:273)
	at org.apache.maven.surefire.junit4.JUnit4Provider.executeTestSet(JUnit4Provider.java:238)
	at org.apache.maven.surefire.junit4.JUnit4Provider.invoke(JUnit4Provider.java:159)
	at org.apache.maven.surefire.booter.ForkedBooter.invokeProviderInSameClassLoader(ForkedBooter.java:384)
	at org.apache.maven.surefire.booter.ForkedBooter.runSuitesInProcess(ForkedBooter.java:345)
	at org.apache.maven.surefire.booter.ForkedBooter.execute(ForkedBooter.java:126)
	at org.apache.maven.surefire.booter.ForkedBooter.main(ForkedBooter.java:418)
</error>
    <system-out><![CDATA[2019-07-30 16:54:33,947 WARN  server.ServerUtils (ServerUtils.java:getScmDbDir(145)) - ozone.scm.db.dirs is not configured. We recommend adding this setting. Falling back to ozone.metadata.dirs instead.
2019-07-30 16:54:34,027 WARN  server.ServerUtils (ServerUtils.java:getScmDbDir(145)) - ozone.scm.db.dirs is not configured. We recommend adding this setting. Falling back to ozone.metadata.dirs instead.
2019-07-30 16:54:34,029 WARN  server.ServerUtils (ServerUtils.java:getScmDbDir(145)) - ozone.scm.db.dirs is not configured. We recommend adding this setting. Falling back to ozone.metadata.dirs instead.
2019-07-30 16:54:34,043 INFO  util.log (Log.java:initialized(192)) - Logging initialized @821ms
2019-07-30 16:54:34,121 INFO  db.DBStoreBuilder (DBStoreBuilder.java:addTable(110)) - using custom profile for table: deletedBlocks
2019-07-30 16:54:34,122 INFO  db.DBStoreBuilder (DBStoreBuilder.java:processTables(161)) - Using default column profile:DBProfile.DISK for Table:deletedBlocks
2019-07-30 16:54:34,122 INFO  db.DBStoreBuilder (DBStoreBuilder.java:addTable(110)) - using custom profile for table: validCerts
2019-07-30 16:54:34,122 INFO  db.DBStoreBuilder (DBStoreBuilder.java:processTables(161)) - Using default column profile:DBProfile.DISK for Table:validCerts
2019-07-30 16:54:34,122 INFO  db.DBStoreBuilder (DBStoreBuilder.java:addTable(110)) - using custom profile for table: revokedCerts
2019-07-30 16:54:34,123 INFO  db.DBStoreBuilder (DBStoreBuilder.java:processTables(161)) - Using default column profile:DBProfile.DISK for Table:revokedCerts
2019-07-30 16:54:34,132 INFO  db.DBStoreBuilder (DBStoreBuilder.java:addTable(110)) - using custom profile for table: default
2019-07-30 16:54:34,132 INFO  db.DBStoreBuilder (DBStoreBuilder.java:processTables(167)) - Using default column profile:DBProfile.DISK for Table:default
2019-07-30 16:54:34,133 INFO  db.DBStoreBuilder (DBStoreBuilder.java:getDbProfile(198)) - Using default options. DBProfile.DISK
2019-07-30 16:54:34,387 INFO  net.NodeSchemaLoader (NodeSchemaLoader.java:loadSchemaFromFile(125)) - Loading file from sun.misc.CompoundEnumeration@7193666c
2019-07-30 16:54:34,390 INFO  net.NodeSchemaLoader (NodeSchemaLoader.java:loadSchema(171)) - Loading network topology layer schema file
2019-07-30 16:54:34,505 INFO  node.SCMNodeManager (SCMNodeManager.java:<init>(121)) - Entering startup safe mode.
2019-07-30 16:54:34,598 WARN  server.ServerUtils (ServerUtils.java:getScmDbDir(145)) - ozone.scm.db.dirs is not configured. We recommend adding this setting. Falling back to ozone.metadata.dirs instead.
2019-07-30 16:54:34,672 INFO  pipeline.SCMPipelineManager (SCMPipelineManager.java:initializePipelineState(126)) - No pipeline exists in current db
2019-07-30 16:54:34,676 WARN  server.ServerUtils (ServerUtils.java:getScmDbDir(145)) - ozone.scm.db.dirs is not configured. We recommend adding this setting. Falling back to ozone.metadata.dirs instead.
2019-07-30 16:54:34,810 WARN  events.EventQueue (EventQueue.java:fireEvent(175)) - No event handler registered for event TypedEvent{payloadType=SafeModeStatus, name='SafeModeStatus'}
2019-07-30 16:54:35,144 INFO  ipc.CallQueueManager (CallQueueManager.java:<init>(84)) - Using callQueue: class java.util.concurrent.LinkedBlockingQueue, queueCapacity: 2000, scheduler: class org.apache.hadoop.ipc.DefaultRpcScheduler, ipcBackoff: false.
2019-07-30 16:54:35,171 INFO  ipc.Server (Server.java:run(1074)) - Starting Socket Reader #1 for port 33671
2019-07-30 16:54:35,193 INFO  ipc.CallQueueManager (CallQueueManager.java:<init>(84)) - Using callQueue: class java.util.concurrent.LinkedBlockingQueue, queueCapacity: 2000, scheduler: class org.apache.hadoop.ipc.DefaultRpcScheduler, ipcBackoff: false.
2019-07-30 16:54:35,194 INFO  ipc.Server (Server.java:run(1074)) - Starting Socket Reader #1 for port 34793
2019-07-30 16:54:35,201 INFO  ipc.CallQueueManager (CallQueueManager.java:<init>(84)) - Using callQueue: class java.util.concurrent.LinkedBlockingQueue, queueCapacity: 2000, scheduler: class org.apache.hadoop.ipc.DefaultRpcScheduler, ipcBackoff: false.
2019-07-30 16:54:35,202 INFO  ipc.Server (Server.java:run(1074)) - Starting Socket Reader #1 for port 45591
2019-07-30 16:54:35,329 INFO  hdfs.DFSUtil (DFSUtil.java:httpServerTemplateForNNAndJN(1641)) - Starting Web-server for scm at: http://0.0.0.0:0
2019-07-30 16:54:35,510 INFO  server.AuthenticationFilter (AuthenticationFilter.java:constructSecretProvider(240)) - Unable to initialize FileSignerSecretProvider, falling back to use random secrets.
2019-07-30 16:54:35,518 WARN  http.HttpRequestLog (HttpRequestLog.java:getRequestLog(97)) - Jetty request log can only be enabled using Log4j
2019-07-30 16:54:35,525 INFO  http.HttpServer2 (HttpServer2.java:addGlobalFilter(975)) - Added global filter 'safety' (class=org.apache.hadoop.http.HttpServer2$QuotingInputFilter)
2019-07-30 16:54:35,528 INFO  http.HttpServer2 (HttpServer2.java:addFilter(948)) - Added filter static_user_filter (class=org.apache.hadoop.http.lib.StaticUserWebFilter$StaticUserFilter) to context scm
2019-07-30 16:54:35,528 INFO  http.HttpServer2 (HttpServer2.java:addFilter(958)) - Added filter static_user_filter (class=org.apache.hadoop.http.lib.StaticUserWebFilter$StaticUserFilter) to context logs
2019-07-30 16:54:35,528 INFO  http.HttpServer2 (HttpServer2.java:addFilter(958)) - Added filter static_user_filter (class=org.apache.hadoop.http.lib.StaticUserWebFilter$StaticUserFilter) to context static
2019-07-30 16:54:35,568 INFO  server.StorageContainerManager (StorageContainerManager.java:start(758)) - StorageContainerLocationProtocol RPC server is listening at /0.0.0.0:45591
2019-07-30 16:54:35,638 WARN  impl.MetricsConfig (MetricsConfig.java:loadFirst(134)) - Cannot locate configuration: tried hadoop-metrics2-storagecontainermanager.properties,hadoop-metrics2.properties
2019-07-30 16:54:35,651 INFO  impl.MetricsSystemImpl (MetricsSystemImpl.java:startTimer(374)) - Scheduled Metric snapshot period at 10 second(s).
2019-07-30 16:54:35,652 INFO  impl.MetricsSystemImpl (MetricsSystemImpl.java:start(191)) - StorageContainerManager metrics system started
2019-07-30 16:54:35,867 INFO  server.SCMClientProtocolServer (SCMClientProtocolServer.java:start(151)) - RPC server for Client  is listening at /0.0.0.0:45591
2019-07-30 16:54:35,868 INFO  ipc.Server (Server.java:run(1314)) - IPC Server Responder: starting
2019-07-30 16:54:35,869 INFO  ipc.Server (Server.java:run(1153)) - IPC Server listener on 45591: starting
2019-07-30 16:54:35,873 INFO  server.StorageContainerManager (StorageContainerManager.java:start(768)) - ScmBlockLocationProtocol RPC server is listening at /0.0.0.0:34793
2019-07-30 16:54:35,873 INFO  server.SCMBlockProtocolServer (SCMBlockProtocolServer.java:start(140)) - RPC server for Block Protocol is listening at /0.0.0.0:34793
2019-07-30 16:54:35,874 INFO  ipc.Server (Server.java:run(1314)) - IPC Server Responder: starting
2019-07-30 16:54:35,874 INFO  ipc.Server (Server.java:run(1153)) - IPC Server listener on 34793: starting
2019-07-30 16:54:35,883 INFO  server.StorageContainerManager (StorageContainerManager.java:start(772)) - ScmDatanodeProtocl RPC server is listening at /0.0.0.0:33671
2019-07-30 16:54:35,883 INFO  server.SCMDatanodeProtocolServer (SCMDatanodeProtocolServer.java:start(191)) - RPC server for DataNodes is listening at /0.0.0.0:33671
2019-07-30 16:54:35,885 INFO  ipc.Server (Server.java:run(1314)) - IPC Server Responder: starting
2019-07-30 16:54:35,886 INFO  ipc.Server (Server.java:run(1153)) - IPC Server listener on 33671: starting
2019-07-30 16:54:35,898 INFO  http.HttpServer2 (HttpServer2.java:bindListener(1191)) - Jetty bound to port 42131
2019-07-30 16:54:35,900 INFO  server.Server (Server.java:doStart(351)) - jetty-9.3.24.v20180605, build timestamp: 2018-06-05T17:11:56Z, git hash: 84205aa28f11a4f31f2a3b86d1bba2cc8ab69827
2019-07-30 16:54:35,940 INFO  handler.ContextHandler (ContextHandler.java:doStart(781)) - Started o.e.j.s.ServletContextHandler@75f95314{/logs,file:///workdir/hadoop-ozone/integration-test/target/log,AVAILABLE}
2019-07-30 16:54:35,941 INFO  handler.ContextHandler (ContextHandler.java:doStart(781)) - Started o.e.j.s.ServletContextHandler@6bbe2511{/static,file:///workdir/hadoop-ozone/integration-test/target/test-classes/webapps/static,AVAILABLE}
2019-07-30 16:54:35,973 INFO  handler.ContextHandler (ContextHandler.java:doStart(781)) - Started o.e.j.w.WebAppContext@285d851a{/,file:///workdir/hadoop-ozone/integration-test/target/test-classes/webapps/scm/,AVAILABLE}{/scm}
2019-07-30 16:54:35,978 INFO  server.AbstractConnector (AbstractConnector.java:doStart(278)) - Started ServerConnector@32232e55{HTTP/1.1,[http/1.1]}{0.0.0.0:42131}
2019-07-30 16:54:35,979 INFO  server.Server (Server.java:doStart(419)) - Started @2757ms
2019-07-30 16:54:35,980 INFO  server.BaseHttpServer (BaseHttpServer.java:updateConnectorAddress(207)) - HTTP server of SCM is listening at http://0.0.0.0:42131
2019-07-30 16:54:35,986 INFO  util.JvmPauseMonitor (JvmPauseMonitor.java:run(188)) - Starting JVM pause monitor
2019-07-30 16:54:35,987 WARN  server.ServerUtils (ServerUtils.java:getDBPath(222)) - ozone.om.db.dirs is not configured. We recommend adding this setting. Falling back to ozone.metadata.dirs instead.
2019-07-30 16:54:36,095 WARN  server.ServerUtils (ServerUtils.java:getDBPath(222)) - ozone.om.db.dirs is not configured. We recommend adding this setting. Falling back to ozone.metadata.dirs instead.
2019-07-30 16:54:36,096 WARN  server.ServerUtils (ServerUtils.java:getDBPath(222)) - ozone.om.db.dirs is not configured. We recommend adding this setting. Falling back to ozone.metadata.dirs instead.
2019-07-30 16:54:36,097 INFO  om.OzoneManager (OzoneManager.java:setOMNodeDetails(644)) - OM Service ID is not set. Setting it to the default ID: omServiceIdDefault
2019-07-30 16:54:36,097 INFO  om.OzoneManager (OzoneManager.java:setOMNodeDetails(650)) - OM Node ID is not set. Setting it to the OmStorage's OmID: 948bad46-2cf3-4fed-a3f6-d8f8d338ff64
2019-07-30 16:54:36,098 INFO  om.OzoneManager (OzoneManager.java:loadOMHAConfigs(601)) - Found matching OM address with OMServiceId: null, OMNodeId: null, RPC Address: localhost:0 and Ratis port: 9872
2019-07-30 16:54:36,795 WARN  server.ServerUtils (ServerUtils.java:getDBPath(222)) - ozone.om.db.dirs is not configured. We recommend adding this setting. Falling back to ozone.metadata.dirs instead.
2019-07-30 16:54:36,802 INFO  db.DBStoreBuilder (DBStoreBuilder.java:addTable(110)) - using custom profile for table: userTable
2019-07-30 16:54:36,802 INFO  db.DBStoreBuilder (DBStoreBuilder.java:processTables(161)) - Using default column profile:DBProfile.DISK for Table:userTable
2019-07-30 16:54:36,802 INFO  db.DBStoreBuilder (DBStoreBuilder.java:addTable(110)) - using custom profile for table: volumeTable
2019-07-30 16:54:36,802 INFO  db.DBStoreBuilder (DBStoreBuilder.java:processTables(161)) - Using default column profile:DBProfile.DISK for Table:volumeTable
2019-07-30 16:54:36,803 INFO  db.DBStoreBuilder (DBStoreBuilder.java:addTable(110)) - using custom profile for table: bucketTable
2019-07-30 16:54:36,803 INFO  db.DBStoreBuilder (DBStoreBuilder.java:processTables(161)) - Using default column profile:DBProfile.DISK for Table:bucketTable
2019-07-30 16:54:36,803 INFO  db.DBStoreBuilder (DBStoreBuilder.java:addTable(110)) - using custom profile for table: keyTable
2019-07-30 16:54:36,803 INFO  db.DBStoreBuilder (DBStoreBuilder.java:processTables(161)) - Using default column profile:DBProfile.DISK for Table:keyTable
2019-07-30 16:54:36,804 INFO  db.DBStoreBuilder (DBStoreBuilder.java:addTable(110)) - using custom profile for table: deletedTable
2019-07-30 16:54:36,804 INFO  db.DBStoreBuilder (DBStoreBuilder.java:processTables(161)) - Using default column profile:DBProfile.DISK for Table:deletedTable
2019-07-30 16:54:36,804 INFO  db.DBStoreBuilder (DBStoreBuilder.java:addTable(110)) - using custom profile for table: openKeyTable
2019-07-30 16:54:36,804 INFO  db.DBStoreBuilder (DBStoreBuilder.java:processTables(161)) - Using default column profile:DBProfile.DISK for Table:openKeyTable
2019-07-30 16:54:36,805 INFO  db.DBStoreBuilder (DBStoreBuilder.java:addTable(110)) - using custom profile for table: s3Table
2019-07-30 16:54:36,805 INFO  db.DBStoreBuilder (DBStoreBuilder.java:processTables(161)) - Using default column profile:DBProfile.DISK for Table:s3Table
2019-07-30 16:54:36,805 INFO  db.DBStoreBuilder (DBStoreBuilder.java:addTable(110)) - using custom profile for table: multipartInfoTable
2019-07-30 16:54:36,805 INFO  db.DBStoreBuilder (DBStoreBuilder.java:processTables(161)) - Using default column profile:DBProfile.DISK for Table:multipartInfoTable
2019-07-30 16:54:36,806 INFO  db.DBStoreBuilder (DBStoreBuilder.java:addTable(110)) - using custom profile for table: dTokenTable
2019-07-30 16:54:36,806 INFO  db.DBStoreBuilder (DBStoreBuilder.java:processTables(161)) - Using default column profile:DBProfile.DISK for Table:dTokenTable
2019-07-30 16:54:36,806 INFO  db.DBStoreBuilder (DBStoreBuilder.java:addTable(110)) - using custom profile for table: s3SecretTable
2019-07-30 16:54:36,806 INFO  db.DBStoreBuilder (DBStoreBuilder.java:processTables(161)) - Using default column profile:DBProfile.DISK for Table:s3SecretTable
2019-07-30 16:54:36,807 INFO  db.DBStoreBuilder (DBStoreBuilder.java:addTable(110)) - using custom profile for table: prefixTable
2019-07-30 16:54:36,807 INFO  db.DBStoreBuilder (DBStoreBuilder.java:processTables(161)) - Using default column profile:DBProfile.DISK for Table:prefixTable
2019-07-30 16:54:36,807 INFO  db.DBStoreBuilder (DBStoreBuilder.java:addTable(110)) - using custom profile for table: default
2019-07-30 16:54:36,807 INFO  db.DBStoreBuilder (DBStoreBuilder.java:processTables(167)) - Using default column profile:DBProfile.DISK for Table:default
2019-07-30 16:54:36,807 INFO  db.DBStoreBuilder (DBStoreBuilder.java:getDbProfile(198)) - Using default options. DBProfile.DISK
2019-07-30 16:54:37,345 INFO  ipc.CallQueueManager (CallQueueManager.java:<init>(84)) - Using callQueue: class java.util.concurrent.LinkedBlockingQueue, queueCapacity: 2000, scheduler: class org.apache.hadoop.ipc.DefaultRpcScheduler, ipcBackoff: false.
2019-07-30 16:54:37,347 INFO  ipc.Server (Server.java:run(1074)) - Starting Socket Reader #1 for port 41735
2019-07-30 16:54:37,369 INFO  om.OzoneManager (OzoneManager.java:start(1255)) - OzoneManager RPC server is listening at localhost/127.0.0.1:41735
2019-07-30 16:54:37,369 INFO  impl.MetricsSystemImpl (MetricsSystemImpl.java:init(158)) - OzoneManager metrics system started (again)
2019-07-30 16:54:37,372 INFO  ipc.Server (Server.java:run(1314)) - IPC Server Responder: starting
2019-07-30 16:54:37,374 INFO  ipc.Server (Server.java:run(1153)) - IPC Server listener on 41735: starting
2019-07-30 16:54:37,389 INFO  hdfs.DFSUtil (DFSUtil.java:httpServerTemplateForNNAndJN(1641)) - Starting Web-server for ozoneManager at: http://0.0.0.0:0
2019-07-30 16:54:37,392 INFO  server.AuthenticationFilter (AuthenticationFilter.java:constructSecretProvider(240)) - Unable to initialize FileSignerSecretProvider, falling back to use random secrets.
2019-07-30 16:54:37,393 WARN  http.HttpRequestLog (HttpRequestLog.java:getRequestLog(97)) - Jetty request log can only be enabled using Log4j
2019-07-30 16:54:37,397 INFO  http.HttpServer2 (HttpServer2.java:addGlobalFilter(975)) - Added global filter 'safety' (class=org.apache.hadoop.http.HttpServer2$QuotingInputFilter)
2019-07-30 16:54:37,399 INFO  http.HttpServer2 (HttpServer2.java:addFilter(948)) - Added filter static_user_filter (class=org.apache.hadoop.http.lib.StaticUserWebFilter$StaticUserFilter) to context ozoneManager
2019-07-30 16:54:37,399 INFO  http.HttpServer2 (HttpServer2.java:addFilter(958)) - Added filter static_user_filter (class=org.apache.hadoop.http.lib.StaticUserWebFilter$StaticUserFilter) to context static
2019-07-30 16:54:37,400 INFO  http.HttpServer2 (HttpServer2.java:addFilter(958)) - Added filter static_user_filter (class=org.apache.hadoop.http.lib.StaticUserWebFilter$StaticUserFilter) to context logs
2019-07-30 16:54:37,403 INFO  http.HttpServer2 (HttpServer2.java:bindListener(1191)) - Jetty bound to port 43444
2019-07-30 16:54:37,404 INFO  server.Server (Server.java:doStart(351)) - jetty-9.3.24.v20180605, build timestamp: 2018-06-05T17:11:56Z, git hash: 84205aa28f11a4f31f2a3b86d1bba2cc8ab69827
2019-07-30 16:54:37,407 INFO  handler.ContextHandler (ContextHandler.java:doStart(781)) - Started o.e.j.s.ServletContextHandler@7808fb9{/logs,file:///workdir/hadoop-ozone/integration-test/target/log,AVAILABLE}
2019-07-30 16:54:37,408 INFO  handler.ContextHandler (ContextHandler.java:doStart(781)) - Started o.e.j.s.ServletContextHandler@6b580b88{/static,file:///workdir/hadoop-ozone/integration-test/target/test-classes/webapps/static,AVAILABLE}
2019-07-30 16:54:37,417 INFO  handler.ContextHandler (ContextHandler.java:doStart(781)) - Started o.e.j.w.WebAppContext@4a1c0752{/,file:///workdir/hadoop-ozone/integration-test/target/test-classes/webapps/ozoneManager/,AVAILABLE}{/ozoneManager}
2019-07-30 16:54:37,418 INFO  server.AbstractConnector (AbstractConnector.java:doStart(278)) - Started ServerConnector@332f25c8{HTTP/1.1,[http/1.1]}{0.0.0.0:43444}
2019-07-30 16:54:37,419 INFO  server.Server (Server.java:doStart(419)) - Started @4198ms
2019-07-30 16:54:37,420 INFO  server.BaseHttpServer (BaseHttpServer.java:updateConnectorAddress(207)) - HTTP server of OZONEMANAGER is listening at http://0.0.0.0:43444
2019-07-30 16:54:37,747 INFO  impl.MetricsSystemImpl (MetricsSystemImpl.java:init(158)) - HddsDatanode metrics system started (again)
2019-07-30 16:54:37,832 INFO  ozone.HddsDatanodeService (HddsDatanodeService.java:start(184)) - HddsDatanodeService host:byscane-nightly-58zn2-384979956 ip:192.168.69.86
2019-07-30 16:54:37,865 INFO  volume.HddsVolume (HddsVolume.java:<init>(176)) - Creating Volume: /workdir/hadoop-ozone/integration-test/target/test-dir/MiniOzoneClusterImpl-8aa59760-8ea0-430b-b32a-bf4dffd861b3/datanode-0/data/containers/hdds of  storage type : DISK and capacity : 52710309888
2019-07-30 16:54:37,868 INFO  volume.VolumeSet (VolumeSet.java:initializeVolumeSet(170)) - Added Volume : /workdir/hadoop-ozone/integration-test/target/test-dir/MiniOzoneClusterImpl-8aa59760-8ea0-430b-b32a-bf4dffd861b3/datanode-0/data/containers/hdds to VolumeSet
2019-07-30 16:54:37,873 INFO  volume.ThrottledAsyncChecker (ThrottledAsyncChecker.java:schedule(140)) - Scheduling a check for org.apache.hadoop.ozone.container.common.volume.HddsVolume@29a69a35
2019-07-30 16:54:37,900 INFO  volume.HddsVolumeChecker (HddsVolumeChecker.java:checkAllVolumes(203)) - Scheduled health check for volume org.apache.hadoop.ozone.container.common.volume.HddsVolume@29a69a35
2019-07-30 16:54:38,058 INFO  impl.RaftServerProxy (ConfUtils.java:logGet(43)) - raft.rpc.type = GRPC (default)
2019-07-30 16:54:38,140 INFO  grpc.GrpcFactory (GrpcFactory.java:checkPooledByteBufAllocatorUseCacheForAllThreads(45)) - PERFORMANCE WARNING: useCacheForAllThreads is true that may cause Netty to create a lot garbage objects and, as a result, trigger GC.
	It is recommended to disable useCacheForAllThreads by setting -Dorg.apache.ratis.thirdparty.io.netty.allocator.useCacheForAllThreads=false in command line.
2019-07-30 16:54:38,145 INFO  grpc.GrpcConfigKeys$Server (ConfUtils.java:logGet(43)) - raft.grpc.server.port = 0 (default)
2019-07-30 16:54:38,146 INFO  server.GrpcService (ConfUtils.java:logGet(43)) - raft.grpc.message.size.max = 33570816 (custom)
2019-07-30 16:54:38,148 INFO  server.RaftServerConfigKeys (ConfUtils.java:logGet(43)) - raft.server.log.appender.buffer.byte-limit = 33554432 (custom)
2019-07-30 16:54:38,148 INFO  server.GrpcService (ConfUtils.java:logGet(43)) - raft.grpc.flow.control.window = 1MB (=1048576) (default)
2019-07-30 16:54:38,149 INFO  server.RaftServerConfigKeys (ConfUtils.java:logGet(43)) - raft.server.rpc.request.timeout = 3000ms (default)
2019-07-30 16:54:38,311 INFO  server.RaftServerConfigKeys (ConfUtils.java:logGet(43)) - raft.server.storage.dir = [/workdir/hadoop-ozone/integration-test/target/test-dir/MiniOzoneClusterImpl-8aa59760-8ea0-430b-b32a-bf4dffd861b3/datanode-0/data/ratis] (custom)
2019-07-30 16:54:38,367 INFO  replication.SimpleContainerDownloader (SimpleContainerDownloader.java:<init>(72)) - Starting container downloader service to copy containers to replicate.
2019-07-30 16:54:38,387 INFO  hdfs.DFSUtil (DFSUtil.java:httpServerTemplateForNNAndJN(1641)) - Starting Web-server for hddsDatanode at: http://0.0.0.0:0
2019-07-30 16:54:38,392 INFO  server.AuthenticationFilter (AuthenticationFilter.java:constructSecretProvider(240)) - Unable to initialize FileSignerSecretProvider, falling back to use random secrets.
2019-07-30 16:54:38,393 WARN  http.HttpRequestLog (HttpRequestLog.java:getRequestLog(97)) - Jetty request log can only be enabled using Log4j
2019-07-30 16:54:38,397 INFO  http.HttpServer2 (HttpServer2.java:addGlobalFilter(975)) - Added global filter 'safety' (class=org.apache.hadoop.http.HttpServer2$QuotingInputFilter)
2019-07-30 16:54:38,398 INFO  http.HttpServer2 (HttpServer2.java:addFilter(948)) - Added filter static_user_filter (class=org.apache.hadoop.http.lib.StaticUserWebFilter$StaticUserFilter) to context hddsDatanode
2019-07-30 16:54:38,399 INFO  http.HttpServer2 (HttpServer2.java:addFilter(958)) - Added filter static_user_filter (class=org.apache.hadoop.http.lib.StaticUserWebFilter$StaticUserFilter) to context logs
2019-07-30 16:54:38,399 INFO  http.HttpServer2 (HttpServer2.java:addFilter(958)) - Added filter static_user_filter (class=org.apache.hadoop.http.lib.StaticUserWebFilter$StaticUserFilter) to context static
2019-07-30 16:54:38,401 INFO  http.HttpServer2 (HttpServer2.java:bindListener(1191)) - Jetty bound to port 32968
2019-07-30 16:54:38,402 INFO  server.Server (Server.java:doStart(351)) - jetty-9.3.24.v20180605, build timestamp: 2018-06-05T17:11:56Z, git hash: 84205aa28f11a4f31f2a3b86d1bba2cc8ab69827
2019-07-30 16:54:38,411 INFO  handler.ContextHandler (ContextHandler.java:doStart(781)) - Started o.e.j.s.ServletContextHandler@65c33b92{/logs,file:///workdir/hadoop-ozone/integration-test/target/log,AVAILABLE}
2019-07-30 16:54:38,413 INFO  handler.ContextHandler (ContextHandler.java:doStart(781)) - Started o.e.j.s.ServletContextHandler@4e08acf9{/static,jar:file:/home/user/.m2/repository/org/apache/hadoop/hadoop-hdds-container-service/0.4.1-SNAPSHOT/hadoop-hdds-container-service-0.4.1-SNAPSHOT.jar!/webapps/static,AVAILABLE}
2019-07-30 16:54:38,464 INFO  handler.ContextHandler (ContextHandler.java:doStart(781)) - Started o.e.j.w.WebAppContext@36417a54{/,file:///tmp/jetty-0.0.0.0-32968-hddsDatanode-_-any-4126605007425770868.dir/webapp/,AVAILABLE}{/hddsDatanode}
2019-07-30 16:54:38,466 INFO  server.AbstractConnector (AbstractConnector.java:doStart(278)) - Started ServerConnector@2b8bb184{HTTP/1.1,[http/1.1]}{0.0.0.0:32968}
2019-07-30 16:54:38,468 INFO  server.Server (Server.java:doStart(419)) - Started @5246ms
2019-07-30 16:54:38,469 INFO  server.BaseHttpServer (BaseHttpServer.java:updateConnectorAddress(207)) - HTTP server of HDDSDATANODE is listening at http://0.0.0.0:32968
2019-07-30 16:54:39,451 INFO  ozone.HddsDatanodeService (HddsDatanodeService.java:startPlugins(395)) - Started plug-in org.apache.hadoop.ozone.web.OzoneHddsDatanodeService@623e0631
2019-07-30 16:54:39,452 INFO  impl.MetricsSystemImpl (MetricsSystemImpl.java:init(158)) - HddsDatanode metrics system started (again)
2019-07-30 16:54:39,456 INFO  ozone.HddsDatanodeService (HddsDatanodeService.java:start(184)) - HddsDatanodeService host:byscane-nightly-58zn2-384979956 ip:192.168.69.86
2019-07-30 16:54:39,459 INFO  util.JvmPauseMonitor (JvmPauseMonitor.java:run(188)) - Starting JVM pause monitor
2019-07-30 16:54:39,466 INFO  volume.HddsVolume (HddsVolume.java:<init>(176)) - Creating Volume: /workdir/hadoop-ozone/integration-test/target/test-dir/MiniOzoneClusterImpl-8aa59760-8ea0-430b-b32a-bf4dffd861b3/datanode-1/data/containers/hdds of  storage type : DISK and capacity : 52710309888
2019-07-30 16:54:39,466 INFO  volume.VolumeSet (VolumeSet.java:initializeVolumeSet(170)) - Added Volume : /workdir/hadoop-ozone/integration-test/target/test-dir/MiniOzoneClusterImpl-8aa59760-8ea0-430b-b32a-bf4dffd861b3/datanode-1/data/containers/hdds to VolumeSet
2019-07-30 16:54:39,466 INFO  volume.ThrottledAsyncChecker (ThrottledAsyncChecker.java:schedule(140)) - Scheduling a check for org.apache.hadoop.ozone.container.common.volume.HddsVolume@1b57c345
2019-07-30 16:54:39,468 INFO  volume.HddsVolumeChecker (HddsVolumeChecker.java:checkAllVolumes(203)) - Scheduled health check for volume org.apache.hadoop.ozone.container.common.volume.HddsVolume@1b57c345
2019-07-30 16:54:39,486 INFO  impl.RaftServerProxy (ConfUtils.java:logGet(43)) - raft.rpc.type = GRPC (default)
2019-07-30 16:54:39,486 INFO  grpc.GrpcFactory (GrpcFactory.java:checkPooledByteBufAllocatorUseCacheForAllThreads(45)) - PERFORMANCE WARNING: useCacheForAllThreads is true that may cause Netty to create a lot garbage objects and, as a result, trigger GC.
	It is recommended to disable useCacheForAllThreads by setting -Dorg.apache.ratis.thirdparty.io.netty.allocator.useCacheForAllThreads=false in command line.
2019-07-30 16:54:39,486 INFO  grpc.GrpcConfigKeys$Server (ConfUtils.java:logGet(43)) - raft.grpc.server.port = 0 (default)
2019-07-30 16:54:39,487 INFO  server.GrpcService (ConfUtils.java:logGet(43)) - raft.grpc.message.size.max = 33570816 (custom)
2019-07-30 16:54:39,487 INFO  server.RaftServerConfigKeys (ConfUtils.java:logGet(43)) - raft.server.log.appender.buffer.byte-limit = 33554432 (custom)
2019-07-30 16:54:39,487 INFO  server.GrpcService (ConfUtils.java:logGet(43)) - raft.grpc.flow.control.window = 1MB (=1048576) (default)
2019-07-30 16:54:39,487 INFO  server.RaftServerConfigKeys (ConfUtils.java:logGet(43)) - raft.server.rpc.request.timeout = 3000ms (default)
2019-07-30 16:54:39,488 INFO  server.RaftServerConfigKeys (ConfUtils.java:logGet(43)) - raft.server.storage.dir = [/workdir/hadoop-ozone/integration-test/target/test-dir/MiniOzoneClusterImpl-8aa59760-8ea0-430b-b32a-bf4dffd861b3/datanode-1/data/ratis] (custom)
2019-07-30 16:54:39,488 INFO  replication.SimpleContainerDownloader (SimpleContainerDownloader.java:<init>(72)) - Starting container downloader service to copy containers to replicate.
2019-07-30 16:54:39,490 INFO  hdfs.DFSUtil (DFSUtil.java:httpServerTemplateForNNAndJN(1641)) - Starting Web-server for hddsDatanode at: http://0.0.0.0:0
2019-07-30 16:54:39,491 INFO  server.AuthenticationFilter (AuthenticationFilter.java:constructSecretProvider(240)) - Unable to initialize FileSignerSecretProvider, falling back to use random secrets.
2019-07-30 16:54:39,491 WARN  http.HttpRequestLog (HttpRequestLog.java:getRequestLog(97)) - Jetty request log can only be enabled using Log4j
2019-07-30 16:54:39,492 INFO  http.HttpServer2 (HttpServer2.java:addGlobalFilter(975)) - Added global filter 'safety' (class=org.apache.hadoop.http.HttpServer2$QuotingInputFilter)
2019-07-30 16:54:39,493 INFO  http.HttpServer2 (HttpServer2.java:addFilter(948)) - Added filter static_user_filter (class=org.apache.hadoop.http.lib.StaticUserWebFilter$StaticUserFilter) to context hddsDatanode
2019-07-30 16:54:39,493 INFO  http.HttpServer2 (HttpServer2.java:addFilter(958)) - Added filter static_user_filter (class=org.apache.hadoop.http.lib.StaticUserWebFilter$StaticUserFilter) to context static
2019-07-30 16:54:39,493 INFO  http.HttpServer2 (HttpServer2.java:addFilter(958)) - Added filter static_user_filter (class=org.apache.hadoop.http.lib.StaticUserWebFilter$StaticUserFilter) to context logs
2019-07-30 16:54:39,494 INFO  http.HttpServer2 (HttpServer2.java:bindListener(1191)) - Jetty bound to port 40543
2019-07-30 16:54:39,494 INFO  server.Server (Server.java:doStart(351)) - jetty-9.3.24.v20180605, build timestamp: 2018-06-05T17:11:56Z, git hash: 84205aa28f11a4f31f2a3b86d1bba2cc8ab69827
2019-07-30 16:54:39,498 INFO  handler.ContextHandler (ContextHandler.java:doStart(781)) - Started o.e.j.s.ServletContextHandler@48268eec{/logs,file:///workdir/hadoop-ozone/integration-test/target/log,AVAILABLE}
2019-07-30 16:54:39,498 INFO  handler.ContextHandler (ContextHandler.java:doStart(781)) - Started o.e.j.s.ServletContextHandler@4bf80c29{/static,jar:file:/home/user/.m2/repository/org/apache/hadoop/hadoop-hdds-container-service/0.4.1-SNAPSHOT/hadoop-hdds-container-service-0.4.1-SNAPSHOT.jar!/webapps/static,AVAILABLE}
2019-07-30 16:54:39,522 INFO  handler.ContextHandler (ContextHandler.java:doStart(781)) - Started o.e.j.w.WebAppContext@3a38f122{/,file:///tmp/jetty-0.0.0.0-40543-hddsDatanode-_-any-766595233363660325.dir/webapp/,AVAILABLE}{/hddsDatanode}
2019-07-30 16:54:39,523 INFO  server.AbstractConnector (AbstractConnector.java:doStart(278)) - Started ServerConnector@2ce03e86{HTTP/1.1,[http/1.1]}{0.0.0.0:40543}
2019-07-30 16:54:39,523 INFO  server.Server (Server.java:doStart(419)) - Started @6302ms
2019-07-30 16:54:39,525 INFO  server.BaseHttpServer (BaseHttpServer.java:updateConnectorAddress(207)) - HTTP server of HDDSDATANODE is listening at http://0.0.0.0:40543
2019-07-30 16:54:39,591 INFO  datanode.InitDatanodeState (InitDatanodeState.java:persistContainerDatanodeDetails(140)) - DatanodeDetails is persisted to /workdir/hadoop-ozone/integration-test/target/test-dir/MiniOzoneClusterImpl-8aa59760-8ea0-430b-b32a-bf4dffd861b3/datanode-0/meta/datanode.id
2019-07-30 16:54:39,640 INFO  ozone.HddsDatanodeService (HddsDatanodeService.java:startPlugins(395)) - Started plug-in org.apache.hadoop.ozone.web.OzoneHddsDatanodeService@24dd44f9
2019-07-30 16:54:39,641 INFO  impl.MetricsSystemImpl (MetricsSystemImpl.java:init(158)) - HddsDatanode metrics system started (again)
2019-07-30 16:54:39,643 INFO  ozone.HddsDatanodeService (HddsDatanodeService.java:start(184)) - HddsDatanodeService host:byscane-nightly-58zn2-384979956 ip:192.168.69.86
2019-07-30 16:54:39,644 INFO  util.JvmPauseMonitor (JvmPauseMonitor.java:run(188)) - Starting JVM pause monitor
2019-07-30 16:54:39,653 INFO  volume.HddsVolume (HddsVolume.java:<init>(176)) - Creating Volume: /workdir/hadoop-ozone/integration-test/target/test-dir/MiniOzoneClusterImpl-8aa59760-8ea0-430b-b32a-bf4dffd861b3/datanode-2/data/containers/hdds of  storage type : DISK and capacity : 52710309888
2019-07-30 16:54:39,653 INFO  volume.VolumeSet (VolumeSet.java:initializeVolumeSet(170)) - Added Volume : /workdir/hadoop-ozone/integration-test/target/test-dir/MiniOzoneClusterImpl-8aa59760-8ea0-430b-b32a-bf4dffd861b3/datanode-2/data/containers/hdds to VolumeSet
2019-07-30 16:54:39,653 INFO  volume.ThrottledAsyncChecker (ThrottledAsyncChecker.java:schedule(140)) - Scheduling a check for org.apache.hadoop.ozone.container.common.volume.HddsVolume@7197b07f
2019-07-30 16:54:39,654 INFO  volume.HddsVolumeChecker (HddsVolumeChecker.java:checkAllVolumes(203)) - Scheduled health check for volume org.apache.hadoop.ozone.container.common.volume.HddsVolume@7197b07f
2019-07-30 16:54:39,655 INFO  datanode.InitDatanodeState (InitDatanodeState.java:persistContainerDatanodeDetails(140)) - DatanodeDetails is persisted to /workdir/hadoop-ozone/integration-test/target/test-dir/MiniOzoneClusterImpl-8aa59760-8ea0-430b-b32a-bf4dffd861b3/datanode-1/meta/datanode.id
2019-07-30 16:54:39,667 INFO  impl.RaftServerProxy (ConfUtils.java:logGet(43)) - raft.rpc.type = GRPC (default)
2019-07-30 16:54:39,668 INFO  grpc.GrpcFactory (GrpcFactory.java:checkPooledByteBufAllocatorUseCacheForAllThreads(45)) - PERFORMANCE WARNING: useCacheForAllThreads is true that may cause Netty to create a lot garbage objects and, as a result, trigger GC.
	It is recommended to disable useCacheForAllThreads by setting -Dorg.apache.ratis.thirdparty.io.netty.allocator.useCacheForAllThreads=false in command line.
2019-07-30 16:54:39,668 INFO  grpc.GrpcConfigKeys$Server (ConfUtils.java:logGet(43)) - raft.grpc.server.port = 0 (default)
2019-07-30 16:54:39,668 INFO  server.GrpcService (ConfUtils.java:logGet(43)) - raft.grpc.message.size.max = 33570816 (custom)
2019-07-30 16:54:39,668 INFO  server.RaftServerConfigKeys (ConfUtils.java:logGet(43)) - raft.server.log.appender.buffer.byte-limit = 33554432 (custom)
2019-07-30 16:54:39,668 INFO  server.GrpcService (ConfUtils.java:logGet(43)) - raft.grpc.flow.control.window = 1MB (=1048576) (default)
2019-07-30 16:54:39,669 INFO  server.RaftServerConfigKeys (ConfUtils.java:logGet(43)) - raft.server.rpc.request.timeout = 3000ms (default)
2019-07-30 16:54:39,669 INFO  server.RaftServerConfigKeys (ConfUtils.java:logGet(43)) - raft.server.storage.dir = [/workdir/hadoop-ozone/integration-test/target/test-dir/MiniOzoneClusterImpl-8aa59760-8ea0-430b-b32a-bf4dffd861b3/datanode-2/data/ratis] (custom)
2019-07-30 16:54:39,670 INFO  replication.SimpleContainerDownloader (SimpleContainerDownloader.java:<init>(72)) - Starting container downloader service to copy containers to replicate.
2019-07-30 16:54:39,671 INFO  hdfs.DFSUtil (DFSUtil.java:httpServerTemplateForNNAndJN(1641)) - Starting Web-server for hddsDatanode at: http://0.0.0.0:0
2019-07-30 16:54:39,672 INFO  server.AuthenticationFilter (AuthenticationFilter.java:constructSecretProvider(240)) - Unable to initialize FileSignerSecretProvider, falling back to use random secrets.
2019-07-30 16:54:39,672 WARN  http.HttpRequestLog (HttpRequestLog.java:getRequestLog(97)) - Jetty request log can only be enabled using Log4j
2019-07-30 16:54:39,673 INFO  http.HttpServer2 (HttpServer2.java:addGlobalFilter(975)) - Added global filter 'safety' (class=org.apache.hadoop.http.HttpServer2$QuotingInputFilter)
2019-07-30 16:54:39,674 INFO  http.HttpServer2 (HttpServer2.java:addFilter(948)) - Added filter static_user_filter (class=org.apache.hadoop.http.lib.StaticUserWebFilter$StaticUserFilter) to context hddsDatanode
2019-07-30 16:54:39,674 INFO  http.HttpServer2 (HttpServer2.java:addFilter(958)) - Added filter static_user_filter (class=org.apache.hadoop.http.lib.StaticUserWebFilter$StaticUserFilter) to context logs
2019-07-30 16:54:39,674 INFO  http.HttpServer2 (HttpServer2.java:addFilter(958)) - Added filter static_user_filter (class=org.apache.hadoop.http.lib.StaticUserWebFilter$StaticUserFilter) to context static
2019-07-30 16:54:39,675 INFO  http.HttpServer2 (HttpServer2.java:bindListener(1191)) - Jetty bound to port 46483
2019-07-30 16:54:39,675 INFO  server.Server (Server.java:doStart(351)) - jetty-9.3.24.v20180605, build timestamp: 2018-06-05T17:11:56Z, git hash: 84205aa28f11a4f31f2a3b86d1bba2cc8ab69827
2019-07-30 16:54:39,677 INFO  handler.ContextHandler (ContextHandler.java:doStart(781)) - Started o.e.j.s.ServletContextHandler@3e26482{/logs,file:///workdir/hadoop-ozone/integration-test/target/log,AVAILABLE}
2019-07-30 16:54:39,677 INFO  handler.ContextHandler (ContextHandler.java:doStart(781)) - Started o.e.j.s.ServletContextHandler@6b37df8e{/static,jar:file:/home/user/.m2/repository/org/apache/hadoop/hadoop-hdds-container-service/0.4.1-SNAPSHOT/hadoop-hdds-container-service-0.4.1-SNAPSHOT.jar!/webapps/static,AVAILABLE}
2019-07-30 16:54:39,702 INFO  handler.ContextHandler (ContextHandler.java:doStart(781)) - Started o.e.j.w.WebAppContext@6e8fdd19{/,file:///tmp/jetty-0.0.0.0-46483-hddsDatanode-_-any-5661900160460644779.dir/webapp/,AVAILABLE}{/hddsDatanode}
2019-07-30 16:54:39,703 INFO  server.AbstractConnector (AbstractConnector.java:doStart(278)) - Started ServerConnector@35787726{HTTP/1.1,[http/1.1]}{0.0.0.0:46483}
2019-07-30 16:54:39,704 INFO  server.Server (Server.java:doStart(419)) - Started @6482ms
2019-07-30 16:54:39,705 INFO  server.BaseHttpServer (BaseHttpServer.java:updateConnectorAddress(207)) - HTTP server of HDDSDATANODE is listening at http://0.0.0.0:46483
2019-07-30 16:54:39,815 INFO  ozone.HddsDatanodeService (HddsDatanodeService.java:startPlugins(395)) - Started plug-in org.apache.hadoop.ozone.web.OzoneHddsDatanodeService@209f3887
2019-07-30 16:54:39,815 INFO  impl.MetricsSystemImpl (MetricsSystemImpl.java:init(158)) - HddsDatanode metrics system started (again)
2019-07-30 16:54:39,818 INFO  ozone.HddsDatanodeService (HddsDatanodeService.java:start(184)) - HddsDatanodeService host:byscane-nightly-58zn2-384979956 ip:192.168.69.86
2019-07-30 16:54:39,820 INFO  util.JvmPauseMonitor (JvmPauseMonitor.java:run(188)) - Starting JVM pause monitor
2019-07-30 16:54:39,822 INFO  datanode.InitDatanodeState (InitDatanodeState.java:persistContainerDatanodeDetails(140)) - DatanodeDetails is persisted to /workdir/hadoop-ozone/integration-test/target/test-dir/MiniOzoneClusterImpl-8aa59760-8ea0-430b-b32a-bf4dffd861b3/datanode-2/meta/datanode.id
2019-07-30 16:54:39,826 INFO  volume.HddsVolume (HddsVolume.java:<init>(176)) - Creating Volume: /workdir/hadoop-ozone/integration-test/target/test-dir/MiniOzoneClusterImpl-8aa59760-8ea0-430b-b32a-bf4dffd861b3/datanode-3/data/containers/hdds of  storage type : DISK and capacity : 52710309888
2019-07-30 16:54:39,826 INFO  volume.VolumeSet (VolumeSet.java:initializeVolumeSet(170)) - Added Volume : /workdir/hadoop-ozone/integration-test/target/test-dir/MiniOzoneClusterImpl-8aa59760-8ea0-430b-b32a-bf4dffd861b3/datanode-3/data/containers/hdds to VolumeSet
2019-07-30 16:54:39,827 INFO  volume.ThrottledAsyncChecker (ThrottledAsyncChecker.java:schedule(140)) - Scheduling a check for org.apache.hadoop.ozone.container.common.volume.HddsVolume@58687fb7
2019-07-30 16:54:39,827 INFO  volume.HddsVolumeChecker (HddsVolumeChecker.java:checkAllVolumes(203)) - Scheduled health check for volume org.apache.hadoop.ozone.container.common.volume.HddsVolume@58687fb7
2019-07-30 16:54:39,839 INFO  impl.RaftServerProxy (ConfUtils.java:logGet(43)) - raft.rpc.type = GRPC (default)
2019-07-30 16:54:39,840 INFO  grpc.GrpcFactory (GrpcFactory.java:checkPooledByteBufAllocatorUseCacheForAllThreads(45)) - PERFORMANCE WARNING: useCacheForAllThreads is true that may cause Netty to create a lot garbage objects and, as a result, trigger GC.
	It is recommended to disable useCacheForAllThreads by setting -Dorg.apache.ratis.thirdparty.io.netty.allocator.useCacheForAllThreads=false in command line.
2019-07-30 16:54:39,840 INFO  grpc.GrpcConfigKeys$Server (ConfUtils.java:logGet(43)) - raft.grpc.server.port = 0 (default)
2019-07-30 16:54:39,840 INFO  server.GrpcService (ConfUtils.java:logGet(43)) - raft.grpc.message.size.max = 33570816 (custom)
2019-07-30 16:54:39,840 INFO  server.RaftServerConfigKeys (ConfUtils.java:logGet(43)) - raft.server.log.appender.buffer.byte-limit = 33554432 (custom)
2019-07-30 16:54:39,841 INFO  server.GrpcService (ConfUtils.java:logGet(43)) - raft.grpc.flow.control.window = 1MB (=1048576) (default)
2019-07-30 16:54:39,841 INFO  server.RaftServerConfigKeys (ConfUtils.java:logGet(43)) - raft.server.rpc.request.timeout = 3000ms (default)
2019-07-30 16:54:39,841 INFO  server.RaftServerConfigKeys (ConfUtils.java:logGet(43)) - raft.server.storage.dir = [/workdir/hadoop-ozone/integration-test/target/test-dir/MiniOzoneClusterImpl-8aa59760-8ea0-430b-b32a-bf4dffd861b3/datanode-3/data/ratis] (custom)
2019-07-30 16:54:39,842 INFO  replication.SimpleContainerDownloader (SimpleContainerDownloader.java:<init>(72)) - Starting container downloader service to copy containers to replicate.
2019-07-30 16:54:39,843 INFO  hdfs.DFSUtil (DFSUtil.java:httpServerTemplateForNNAndJN(1641)) - Starting Web-server for hddsDatanode at: http://0.0.0.0:0
2019-07-30 16:54:39,844 INFO  server.AuthenticationFilter (AuthenticationFilter.java:constructSecretProvider(240)) - Unable to initialize FileSignerSecretProvider, falling back to use random secrets.
2019-07-30 16:54:39,844 WARN  http.HttpRequestLog (HttpRequestLog.java:getRequestLog(97)) - Jetty request log can only be enabled using Log4j
2019-07-30 16:54:39,845 INFO  http.HttpServer2 (HttpServer2.java:addGlobalFilter(975)) - Added global filter 'safety' (class=org.apache.hadoop.http.HttpServer2$QuotingInputFilter)
2019-07-30 16:54:39,846 INFO  http.HttpServer2 (HttpServer2.java:addFilter(948)) - Added filter static_user_filter (class=org.apache.hadoop.http.lib.StaticUserWebFilter$StaticUserFilter) to context hddsDatanode
2019-07-30 16:54:39,846 INFO  http.HttpServer2 (HttpServer2.java:addFilter(958)) - Added filter static_user_filter (class=org.apache.hadoop.http.lib.StaticUserWebFilter$StaticUserFilter) to context static
2019-07-30 16:54:39,846 INFO  http.HttpServer2 (HttpServer2.java:addFilter(958)) - Added filter static_user_filter (class=org.apache.hadoop.http.lib.StaticUserWebFilter$StaticUserFilter) to context logs
2019-07-30 16:54:39,847 INFO  http.HttpServer2 (HttpServer2.java:bindListener(1191)) - Jetty bound to port 35032
2019-07-30 16:54:39,847 INFO  server.Server (Server.java:doStart(351)) - jetty-9.3.24.v20180605, build timestamp: 2018-06-05T17:11:56Z, git hash: 84205aa28f11a4f31f2a3b86d1bba2cc8ab69827
2019-07-30 16:54:39,851 INFO  handler.ContextHandler (ContextHandler.java:doStart(781)) - Started o.e.j.s.ServletContextHandler@14b275bd{/logs,file:///workdir/hadoop-ozone/integration-test/target/log,AVAILABLE}
2019-07-30 16:54:39,851 INFO  handler.ContextHandler (ContextHandler.java:doStart(781)) - Started o.e.j.s.ServletContextHandler@4b03cbad{/static,jar:file:/home/user/.m2/repository/org/apache/hadoop/hadoop-hdds-container-service/0.4.1-SNAPSHOT/hadoop-hdds-container-service-0.4.1-SNAPSHOT.jar!/webapps/static,AVAILABLE}
2019-07-30 16:54:39,874 INFO  handler.ContextHandler (ContextHandler.java:doStart(781)) - Started o.e.j.w.WebAppContext@6b162ecc{/,file:///tmp/jetty-0.0.0.0-35032-hddsDatanode-_-any-8637391385212309373.dir/webapp/,AVAILABLE}{/hddsDatanode}
2019-07-30 16:54:39,875 INFO  server.AbstractConnector (AbstractConnector.java:doStart(278)) - Started ServerConnector@3b4086c1{HTTP/1.1,[http/1.1]}{0.0.0.0:35032}
2019-07-30 16:54:39,876 INFO  server.Server (Server.java:doStart(419)) - Started @6654ms
2019-07-30 16:54:39,876 INFO  server.BaseHttpServer (BaseHttpServer.java:updateConnectorAddress(207)) - HTTP server of HDDSDATANODE is listening at http://0.0.0.0:35032
2019-07-30 16:54:39,980 INFO  ozone.HddsDatanodeService (HddsDatanodeService.java:startPlugins(395)) - Started plug-in org.apache.hadoop.ozone.web.OzoneHddsDatanodeService@34c7232c
2019-07-30 16:54:39,980 INFO  impl.MetricsSystemImpl (MetricsSystemImpl.java:init(158)) - HddsDatanode metrics system started (again)
2019-07-30 16:54:39,984 INFO  ozone.HddsDatanodeService (HddsDatanodeService.java:start(184)) - HddsDatanodeService host:byscane-nightly-58zn2-384979956 ip:192.168.69.86
2019-07-30 16:54:39,984 INFO  util.JvmPauseMonitor (JvmPauseMonitor.java:run(188)) - Starting JVM pause monitor
2019-07-30 16:54:39,987 INFO  datanode.InitDatanodeState (InitDatanodeState.java:persistContainerDatanodeDetails(140)) - DatanodeDetails is persisted to /workdir/hadoop-ozone/integration-test/target/test-dir/MiniOzoneClusterImpl-8aa59760-8ea0-430b-b32a-bf4dffd861b3/datanode-3/meta/datanode.id
2019-07-30 16:54:39,992 INFO  volume.HddsVolume (HddsVolume.java:<init>(176)) - Creating Volume: /workdir/hadoop-ozone/integration-test/target/test-dir/MiniOzoneClusterImpl-8aa59760-8ea0-430b-b32a-bf4dffd861b3/datanode-4/data/containers/hdds of  storage type : DISK and capacity : 52710309888
2019-07-30 16:54:39,993 INFO  volume.VolumeSet (VolumeSet.java:initializeVolumeSet(170)) - Added Volume : /workdir/hadoop-ozone/integration-test/target/test-dir/MiniOzoneClusterImpl-8aa59760-8ea0-430b-b32a-bf4dffd861b3/datanode-4/data/containers/hdds to VolumeSet
2019-07-30 16:54:39,993 INFO  volume.ThrottledAsyncChecker (ThrottledAsyncChecker.java:schedule(140)) - Scheduling a check for org.apache.hadoop.ozone.container.common.volume.HddsVolume@27a9f025
2019-07-30 16:54:39,993 INFO  volume.HddsVolumeChecker (HddsVolumeChecker.java:checkAllVolumes(203)) - Scheduled health check for volume org.apache.hadoop.ozone.container.common.volume.HddsVolume@27a9f025
2019-07-30 16:54:40,005 INFO  impl.RaftServerProxy (ConfUtils.java:logGet(43)) - raft.rpc.type = GRPC (default)
2019-07-30 16:54:40,005 INFO  grpc.GrpcFactory (GrpcFactory.java:checkPooledByteBufAllocatorUseCacheForAllThreads(45)) - PERFORMANCE WARNING: useCacheForAllThreads is true that may cause Netty to create a lot garbage objects and, as a result, trigger GC.
	It is recommended to disable useCacheForAllThreads by setting -Dorg.apache.ratis.thirdparty.io.netty.allocator.useCacheForAllThreads=false in command line.
2019-07-30 16:54:40,005 INFO  grpc.GrpcConfigKeys$Server (ConfUtils.java:logGet(43)) - raft.grpc.server.port = 0 (default)
2019-07-30 16:54:40,006 INFO  server.GrpcService (ConfUtils.java:logGet(43)) - raft.grpc.message.size.max = 33570816 (custom)
2019-07-30 16:54:40,006 INFO  server.RaftServerConfigKeys (ConfUtils.java:logGet(43)) - raft.server.log.appender.buffer.byte-limit = 33554432 (custom)
2019-07-30 16:54:40,006 INFO  server.GrpcService (ConfUtils.java:logGet(43)) - raft.grpc.flow.control.window = 1MB (=1048576) (default)
2019-07-30 16:54:40,006 INFO  server.RaftServerConfigKeys (ConfUtils.java:logGet(43)) - raft.server.rpc.request.timeout = 3000ms (default)
2019-07-30 16:54:40,007 INFO  server.RaftServerConfigKeys (ConfUtils.java:logGet(43)) - raft.server.storage.dir = [/workdir/hadoop-ozone/integration-test/target/test-dir/MiniOzoneClusterImpl-8aa59760-8ea0-430b-b32a-bf4dffd861b3/datanode-4/data/ratis] (custom)
2019-07-30 16:54:40,007 INFO  replication.SimpleContainerDownloader (SimpleContainerDownloader.java:<init>(72)) - Starting container downloader service to copy containers to replicate.
2019-07-30 16:54:40,008 INFO  hdfs.DFSUtil (DFSUtil.java:httpServerTemplateForNNAndJN(1641)) - Starting Web-server for hddsDatanode at: http://0.0.0.0:0
2019-07-30 16:54:40,009 INFO  server.AuthenticationFilter (AuthenticationFilter.java:constructSecretProvider(240)) - Unable to initialize FileSignerSecretProvider, falling back to use random secrets.
2019-07-30 16:54:40,010 WARN  http.HttpRequestLog (HttpRequestLog.java:getRequestLog(97)) - Jetty request log can only be enabled using Log4j
2019-07-30 16:54:40,011 INFO  http.HttpServer2 (HttpServer2.java:addGlobalFilter(975)) - Added global filter 'safety' (class=org.apache.hadoop.http.HttpServer2$QuotingInputFilter)
2019-07-30 16:54:40,012 INFO  http.HttpServer2 (HttpServer2.java:addFilter(948)) - Added filter static_user_filter (class=org.apache.hadoop.http.lib.StaticUserWebFilter$StaticUserFilter) to context hddsDatanode
2019-07-30 16:54:40,012 INFO  http.HttpServer2 (HttpServer2.java:addFilter(958)) - Added filter static_user_filter (class=org.apache.hadoop.http.lib.StaticUserWebFilter$StaticUserFilter) to context logs
2019-07-30 16:54:40,012 INFO  http.HttpServer2 (HttpServer2.java:addFilter(958)) - Added filter static_user_filter (class=org.apache.hadoop.http.lib.StaticUserWebFilter$StaticUserFilter) to context static
2019-07-30 16:54:40,012 INFO  http.HttpServer2 (HttpServer2.java:bindListener(1191)) - Jetty bound to port 44634
2019-07-30 16:54:40,012 INFO  server.Server (Server.java:doStart(351)) - jetty-9.3.24.v20180605, build timestamp: 2018-06-05T17:11:56Z, git hash: 84205aa28f11a4f31f2a3b86d1bba2cc8ab69827
2019-07-30 16:54:40,015 INFO  handler.ContextHandler (ContextHandler.java:doStart(781)) - Started o.e.j.s.ServletContextHandler@48d739f{/logs,file:///workdir/hadoop-ozone/integration-test/target/log,AVAILABLE}
2019-07-30 16:54:40,016 INFO  handler.ContextHandler (ContextHandler.java:doStart(781)) - Started o.e.j.s.ServletContextHandler@65cc5252{/static,jar:file:/home/user/.m2/repository/org/apache/hadoop/hadoop-hdds-container-service/0.4.1-SNAPSHOT/hadoop-hdds-container-service-0.4.1-SNAPSHOT.jar!/webapps/static,AVAILABLE}
2019-07-30 16:54:40,038 INFO  handler.ContextHandler (ContextHandler.java:doStart(781)) - Started o.e.j.w.WebAppContext@53d6e959{/,file:///tmp/jetty-0.0.0.0-44634-hddsDatanode-_-any-7192787486012295598.dir/webapp/,AVAILABLE}{/hddsDatanode}
2019-07-30 16:54:40,039 INFO  server.AbstractConnector (AbstractConnector.java:doStart(278)) - Started ServerConnector@3caee3a8{HTTP/1.1,[http/1.1]}{0.0.0.0:44634}
2019-07-30 16:54:40,040 INFO  server.Server (Server.java:doStart(419)) - Started @6818ms
2019-07-30 16:54:40,041 INFO  server.BaseHttpServer (BaseHttpServer.java:updateConnectorAddress(207)) - HTTP server of HDDSDATANODE is listening at http://0.0.0.0:44634
2019-07-30 16:54:40,139 INFO  ozone.HddsDatanodeService (HddsDatanodeService.java:startPlugins(395)) - Started plug-in org.apache.hadoop.ozone.web.OzoneHddsDatanodeService@454bcbbf
2019-07-30 16:54:40,139 INFO  impl.MetricsSystemImpl (MetricsSystemImpl.java:init(158)) - HddsDatanode metrics system started (again)
2019-07-30 16:54:40,143 INFO  ozone.HddsDatanodeService (HddsDatanodeService.java:start(184)) - HddsDatanodeService host:byscane-nightly-58zn2-384979956 ip:192.168.69.86
2019-07-30 16:54:40,144 INFO  util.JvmPauseMonitor (JvmPauseMonitor.java:run(188)) - Starting JVM pause monitor
2019-07-30 16:54:40,146 INFO  datanode.InitDatanodeState (InitDatanodeState.java:persistContainerDatanodeDetails(140)) - DatanodeDetails is persisted to /workdir/hadoop-ozone/integration-test/target/test-dir/MiniOzoneClusterImpl-8aa59760-8ea0-430b-b32a-bf4dffd861b3/datanode-4/meta/datanode.id
2019-07-30 16:54:40,152 INFO  volume.HddsVolume (HddsVolume.java:<init>(176)) - Creating Volume: /workdir/hadoop-ozone/integration-test/target/test-dir/MiniOzoneClusterImpl-8aa59760-8ea0-430b-b32a-bf4dffd861b3/datanode-5/data/containers/hdds of  storage type : DISK and capacity : 52710309888
2019-07-30 16:54:40,152 INFO  volume.VolumeSet (VolumeSet.java:initializeVolumeSet(170)) - Added Volume : /workdir/hadoop-ozone/integration-test/target/test-dir/MiniOzoneClusterImpl-8aa59760-8ea0-430b-b32a-bf4dffd861b3/datanode-5/data/containers/hdds to VolumeSet
2019-07-30 16:54:40,152 INFO  volume.ThrottledAsyncChecker (ThrottledAsyncChecker.java:schedule(140)) - Scheduling a check for org.apache.hadoop.ozone.container.common.volume.HddsVolume@115c946b
2019-07-30 16:54:40,153 INFO  volume.HddsVolumeChecker (HddsVolumeChecker.java:checkAllVolumes(203)) - Scheduled health check for volume org.apache.hadoop.ozone.container.common.volume.HddsVolume@115c946b
2019-07-30 16:54:40,165 INFO  impl.RaftServerProxy (ConfUtils.java:logGet(43)) - raft.rpc.type = GRPC (default)
2019-07-30 16:54:40,166 INFO  grpc.GrpcFactory (GrpcFactory.java:checkPooledByteBufAllocatorUseCacheForAllThreads(45)) - PERFORMANCE WARNING: useCacheForAllThreads is true that may cause Netty to create a lot garbage objects and, as a result, trigger GC.
	It is recommended to disable useCacheForAllThreads by setting -Dorg.apache.ratis.thirdparty.io.netty.allocator.useCacheForAllThreads=false in command line.
2019-07-30 16:54:40,166 INFO  grpc.GrpcConfigKeys$Server (ConfUtils.java:logGet(43)) - raft.grpc.server.port = 0 (default)
2019-07-30 16:54:40,166 INFO  server.GrpcService (ConfUtils.java:logGet(43)) - raft.grpc.message.size.max = 33570816 (custom)
2019-07-30 16:54:40,166 INFO  server.RaftServerConfigKeys (ConfUtils.java:logGet(43)) - raft.server.log.appender.buffer.byte-limit = 33554432 (custom)
2019-07-30 16:54:40,166 INFO  server.GrpcService (ConfUtils.java:logGet(43)) - raft.grpc.flow.control.window = 1MB (=1048576) (default)
2019-07-30 16:54:40,167 INFO  server.RaftServerConfigKeys (ConfUtils.java:logGet(43)) - raft.server.rpc.request.timeout = 3000ms (default)
2019-07-30 16:54:40,167 INFO  server.RaftServerConfigKeys (ConfUtils.java:logGet(43)) - raft.server.storage.dir = [/workdir/hadoop-ozone/integration-test/target/test-dir/MiniOzoneClusterImpl-8aa59760-8ea0-430b-b32a-bf4dffd861b3/datanode-5/data/ratis] (custom)
2019-07-30 16:54:40,168 INFO  replication.SimpleContainerDownloader (SimpleContainerDownloader.java:<init>(72)) - Starting container downloader service to copy containers to replicate.
2019-07-30 16:54:40,169 INFO  hdfs.DFSUtil (DFSUtil.java:httpServerTemplateForNNAndJN(1641)) - Starting Web-server for hddsDatanode at: http://0.0.0.0:0
2019-07-30 16:54:40,170 INFO  server.AuthenticationFilter (AuthenticationFilter.java:constructSecretProvider(240)) - Unable to initialize FileSignerSecretProvider, falling back to use random secrets.
2019-07-30 16:54:40,170 WARN  http.HttpRequestLog (HttpRequestLog.java:getRequestLog(97)) - Jetty request log can only be enabled using Log4j
2019-07-30 16:54:40,171 INFO  http.HttpServer2 (HttpServer2.java:addGlobalFilter(975)) - Added global filter 'safety' (class=org.apache.hadoop.http.HttpServer2$QuotingInputFilter)
2019-07-30 16:54:40,172 INFO  http.HttpServer2 (HttpServer2.java:addFilter(948)) - Added filter static_user_filter (class=org.apache.hadoop.http.lib.StaticUserWebFilter$StaticUserFilter) to context hddsDatanode
2019-07-30 16:54:40,172 INFO  http.HttpServer2 (HttpServer2.java:addFilter(958)) - Added filter static_user_filter (class=org.apache.hadoop.http.lib.StaticUserWebFilter$StaticUserFilter) to context static
2019-07-30 16:54:40,172 INFO  http.HttpServer2 (HttpServer2.java:addFilter(958)) - Added filter static_user_filter (class=org.apache.hadoop.http.lib.StaticUserWebFilter$StaticUserFilter) to context logs
2019-07-30 16:54:40,173 INFO  http.HttpServer2 (HttpServer2.java:bindListener(1191)) - Jetty bound to port 42652
2019-07-30 16:54:40,173 INFO  server.Server (Server.java:doStart(351)) - jetty-9.3.24.v20180605, build timestamp: 2018-06-05T17:11:56Z, git hash: 84205aa28f11a4f31f2a3b86d1bba2cc8ab69827
2019-07-30 16:54:40,175 INFO  handler.ContextHandler (ContextHandler.java:doStart(781)) - Started o.e.j.s.ServletContextHandler@36d582cb{/logs,file:///workdir/hadoop-ozone/integration-test/target/log,AVAILABLE}
2019-07-30 16:54:40,175 INFO  handler.ContextHandler (ContextHandler.java:doStart(781)) - Started o.e.j.s.ServletContextHandler@24d8f87a{/static,jar:file:/home/user/.m2/repository/org/apache/hadoop/hadoop-hdds-container-service/0.4.1-SNAPSHOT/hadoop-hdds-container-service-0.4.1-SNAPSHOT.jar!/webapps/static,AVAILABLE}
2019-07-30 16:54:40,199 INFO  handler.ContextHandler (ContextHandler.java:doStart(781)) - Started o.e.j.w.WebAppContext@4f3c7808{/,file:///tmp/jetty-0.0.0.0-42652-hddsDatanode-_-any-1474325311541987168.dir/webapp/,AVAILABLE}{/hddsDatanode}
2019-07-30 16:54:40,199 INFO  server.AbstractConnector (AbstractConnector.java:doStart(278)) - Started ServerConnector@4b4969ea{HTTP/1.1,[http/1.1]}{0.0.0.0:42652}
2019-07-30 16:54:40,200 INFO  server.Server (Server.java:doStart(419)) - Started @6979ms
2019-07-30 16:54:40,201 INFO  server.BaseHttpServer (BaseHttpServer.java:updateConnectorAddress(207)) - HTTP server of HDDSDATANODE is listening at http://0.0.0.0:42652
2019-07-30 16:54:40,305 INFO  ozone.HddsDatanodeService (HddsDatanodeService.java:startPlugins(395)) - Started plug-in org.apache.hadoop.ozone.web.OzoneHddsDatanodeService@230232b0
2019-07-30 16:54:40,308 INFO  ozone.MiniOzoneClusterImpl (MiniOzoneClusterImpl.java:lambda$waitForClusterToBeReady$0(142)) - Waiting for cluster to be ready. Got 0 of 6 DN Heartbeats.
2019-07-30 16:54:40,309 INFO  util.JvmPauseMonitor (JvmPauseMonitor.java:run(188)) - Starting JVM pause monitor
2019-07-30 16:54:40,312 INFO  datanode.InitDatanodeState (InitDatanodeState.java:persistContainerDatanodeDetails(140)) - DatanodeDetails is persisted to /workdir/hadoop-ozone/integration-test/target/test-dir/MiniOzoneClusterImpl-8aa59760-8ea0-430b-b32a-bf4dffd861b3/datanode-5/meta/datanode.id
2019-07-30 16:54:41,309 INFO  ozone.MiniOzoneClusterImpl (MiniOzoneClusterImpl.java:lambda$waitForClusterToBeReady$0(142)) - Waiting for cluster to be ready. Got 0 of 6 DN Heartbeats.
2019-07-30 16:54:41,536 INFO  ozoneimpl.OzoneContainer (OzoneContainer.java:start(186)) - Attempting to start container services.
2019-07-30 16:54:41,538 INFO  ozoneimpl.OzoneContainer (OzoneContainer.java:startContainerScrub(160)) - Background container scrubber has been disabled by hdds.containerscrub.enabled
2019-07-30 16:54:41,538 INFO  ratis.XceiverServerRatis (XceiverServerRatis.java:start(404)) - Starting XceiverServerRatis 550959b5-e0af-4075-aebe-8899b8070913 at port 0
2019-07-30 16:54:41,641 INFO  impl.RaftServerProxy (RaftServerProxy.java:lambda$start$3(299)) - 550959b5-e0af-4075-aebe-8899b8070913: start RPC server
2019-07-30 16:54:41,664 INFO  ozoneimpl.OzoneContainer (OzoneContainer.java:start(186)) - Attempting to start container services.
2019-07-30 16:54:41,667 INFO  ozoneimpl.OzoneContainer (OzoneContainer.java:startContainerScrub(160)) - Background container scrubber has been disabled by hdds.containerscrub.enabled
2019-07-30 16:54:41,667 INFO  ratis.XceiverServerRatis (XceiverServerRatis.java:start(404)) - Starting XceiverServerRatis a5983492-3cfc-4d82-90ca-e84276d32f57 at port 0
2019-07-30 16:54:41,682 INFO  impl.RaftServerProxy (RaftServerProxy.java:lambda$start$3(299)) - a5983492-3cfc-4d82-90ca-e84276d32f57: start RPC server
2019-07-30 16:54:41,789 INFO  server.GrpcService (GrpcService.java:startImpl(149)) - 550959b5-e0af-4075-aebe-8899b8070913: GrpcService started, listening on 0.0.0.0/0.0.0.0:33345
2019-07-30 16:54:41,790 INFO  server.GrpcService (GrpcService.java:startImpl(149)) - a5983492-3cfc-4d82-90ca-e84276d32f57: GrpcService started, listening on 0.0.0.0/0.0.0.0:42731
2019-07-30 16:54:41,791 INFO  ratis.XceiverServerRatis (XceiverServerRatis.java:start(414)) - XceiverServerRatis 550959b5-e0af-4075-aebe-8899b8070913 is started using port 33345
2019-07-30 16:54:41,791 INFO  ratis.XceiverServerRatis (XceiverServerRatis.java:start(414)) - XceiverServerRatis a5983492-3cfc-4d82-90ca-e84276d32f57 is started using port 42731
2019-07-30 16:54:41,795 INFO  server.XceiverServerGrpc (XceiverServerGrpc.java:start(161)) - XceiverServerGrpc 550959b5-e0af-4075-aebe-8899b8070913 is started using port 42371
2019-07-30 16:54:41,795 INFO  server.XceiverServerGrpc (XceiverServerGrpc.java:start(161)) - XceiverServerGrpc a5983492-3cfc-4d82-90ca-e84276d32f57 is started using port 34099
2019-07-30 16:54:41,836 INFO  ozoneimpl.OzoneContainer (OzoneContainer.java:start(186)) - Attempting to start container services.
2019-07-30 16:54:41,838 INFO  ozoneimpl.OzoneContainer (OzoneContainer.java:startContainerScrub(160)) - Background container scrubber has been disabled by hdds.containerscrub.enabled
2019-07-30 16:54:41,838 INFO  ratis.XceiverServerRatis (XceiverServerRatis.java:start(404)) - Starting XceiverServerRatis ce9de086-0fc2-499b-a826-2df935464cb8 at port 0
2019-07-30 16:54:41,848 INFO  impl.RaftServerProxy (RaftServerProxy.java:lambda$start$3(299)) - ce9de086-0fc2-499b-a826-2df935464cb8: start RPC server
2019-07-30 16:54:41,850 INFO  server.GrpcService (GrpcService.java:startImpl(149)) - ce9de086-0fc2-499b-a826-2df935464cb8: GrpcService started, listening on 0.0.0.0/0.0.0.0:33330
2019-07-30 16:54:41,851 INFO  ratis.XceiverServerRatis (XceiverServerRatis.java:start(414)) - XceiverServerRatis ce9de086-0fc2-499b-a826-2df935464cb8 is started using port 33330
2019-07-30 16:54:41,853 INFO  server.XceiverServerGrpc (XceiverServerGrpc.java:start(161)) - XceiverServerGrpc ce9de086-0fc2-499b-a826-2df935464cb8 is started using port 44569
2019-07-30 16:54:42,002 INFO  ozoneimpl.OzoneContainer (OzoneContainer.java:start(186)) - Attempting to start container services.
2019-07-30 16:54:42,008 INFO  ozoneimpl.OzoneContainer (OzoneContainer.java:startContainerScrub(160)) - Background container scrubber has been disabled by hdds.containerscrub.enabled
2019-07-30 16:54:42,008 INFO  ratis.XceiverServerRatis (XceiverServerRatis.java:start(404)) - Starting XceiverServerRatis 51864b70-2344-4c10-8fd2-4bf214d4519c at port 0
2019-07-30 16:54:42,018 INFO  impl.RaftServerProxy (RaftServerProxy.java:lambda$start$3(299)) - 51864b70-2344-4c10-8fd2-4bf214d4519c: start RPC server
2019-07-30 16:54:42,021 INFO  server.GrpcService (GrpcService.java:startImpl(149)) - 51864b70-2344-4c10-8fd2-4bf214d4519c: GrpcService started, listening on 0.0.0.0/0.0.0.0:45349
2019-07-30 16:54:42,022 INFO  ratis.XceiverServerRatis (XceiverServerRatis.java:start(414)) - XceiverServerRatis 51864b70-2344-4c10-8fd2-4bf214d4519c is started using port 45349
2019-07-30 16:54:42,025 INFO  server.XceiverServerGrpc (XceiverServerGrpc.java:start(161)) - XceiverServerGrpc 51864b70-2344-4c10-8fd2-4bf214d4519c is started using port 37481
2019-07-30 16:54:42,171 INFO  ozoneimpl.OzoneContainer (OzoneContainer.java:start(186)) - Attempting to start container services.
2019-07-30 16:54:42,171 INFO  ozoneimpl.OzoneContainer (OzoneContainer.java:startContainerScrub(160)) - Background container scrubber has been disabled by hdds.containerscrub.enabled
2019-07-30 16:54:42,172 INFO  ratis.XceiverServerRatis (XceiverServerRatis.java:start(404)) - Starting XceiverServerRatis ebe0a6b3-e916-46d4-ae0b-50d2ec3d57f4 at port 0
2019-07-30 16:54:42,180 INFO  impl.RaftServerProxy (RaftServerProxy.java:lambda$start$3(299)) - ebe0a6b3-e916-46d4-ae0b-50d2ec3d57f4: start RPC server
2019-07-30 16:54:42,186 INFO  server.GrpcService (GrpcService.java:startImpl(149)) - ebe0a6b3-e916-46d4-ae0b-50d2ec3d57f4: GrpcService started, listening on 0.0.0.0/0.0.0.0:37139
2019-07-30 16:54:42,186 INFO  ratis.XceiverServerRatis (XceiverServerRatis.java:start(414)) - XceiverServerRatis ebe0a6b3-e916-46d4-ae0b-50d2ec3d57f4 is started using port 37139
2019-07-30 16:54:42,190 INFO  server.XceiverServerGrpc (XceiverServerGrpc.java:start(161)) - XceiverServerGrpc ebe0a6b3-e916-46d4-ae0b-50d2ec3d57f4 is started using port 41450
2019-07-30 16:54:42,309 INFO  ozone.MiniOzoneClusterImpl (MiniOzoneClusterImpl.java:lambda$waitForClusterToBeReady$0(142)) - Waiting for cluster to be ready. Got 0 of 6 DN Heartbeats.
2019-07-30 16:54:42,327 INFO  ozoneimpl.OzoneContainer (OzoneContainer.java:start(186)) - Attempting to start container services.
2019-07-30 16:54:42,328 INFO  ozoneimpl.OzoneContainer (OzoneContainer.java:startContainerScrub(160)) - Background container scrubber has been disabled by hdds.containerscrub.enabled
2019-07-30 16:54:42,328 INFO  ratis.XceiverServerRatis (XceiverServerRatis.java:start(404)) - Starting XceiverServerRatis ba0d0adc-a07a-43c2-96d4-26d9d5a8ecda at port 0
2019-07-30 16:54:42,336 INFO  impl.RaftServerProxy (RaftServerProxy.java:lambda$start$3(299)) - ba0d0adc-a07a-43c2-96d4-26d9d5a8ecda: start RPC server
2019-07-30 16:54:42,340 INFO  server.GrpcService (GrpcService.java:startImpl(149)) - ba0d0adc-a07a-43c2-96d4-26d9d5a8ecda: GrpcService started, listening on 0.0.0.0/0.0.0.0:41793
2019-07-30 16:54:42,340 INFO  ratis.XceiverServerRatis (XceiverServerRatis.java:start(414)) - XceiverServerRatis ba0d0adc-a07a-43c2-96d4-26d9d5a8ecda is started using port 41793
2019-07-30 16:54:42,345 INFO  server.XceiverServerGrpc (XceiverServerGrpc.java:start(161)) - XceiverServerGrpc ba0d0adc-a07a-43c2-96d4-26d9d5a8ecda is started using port 45378
2019-07-30 16:54:43,312 INFO  ozone.MiniOzoneClusterImpl (MiniOzoneClusterImpl.java:lambda$waitForClusterToBeReady$0(142)) - Waiting for cluster to be ready. Got 0 of 6 DN Heartbeats.
2019-07-30 16:54:43,509 INFO  net.NetworkTopology (NetworkTopologyImpl.java:add(110)) - Added a new node: /default-rack/550959b5-e0af-4075-aebe-8899b8070913
2019-07-30 16:54:43,509 INFO  node.SCMNodeManager (SCMNodeManager.java:register(273)) - Registered Data node : 550959b5-e0af-4075-aebe-8899b8070913{ip: 192.168.69.86, host: byscane-nightly-58zn2-384979956, networkLocation: /default-rack, certSerialId: null}
2019-07-30 16:54:43,517 INFO  safemode.SCMSafeModeManager (DataNodeSafeModeRule.java:process(71)) - SCM in safe mode. 1 DataNodes registered, 1 required.
2019-07-30 16:54:43,517 INFO  safemode.SCMSafeModeManager (SCMSafeModeManager.java:validateSafeModeExitRules(177)) - ScmSafeModeManager, all rules are successfully validated
2019-07-30 16:54:43,517 INFO  safemode.SCMSafeModeManager (SCMSafeModeManager.java:exitSafeMode(193)) - SCM exiting safe mode.
2019-07-30 16:54:43,647 INFO  net.NetworkTopology (NetworkTopologyImpl.java:add(110)) - Added a new node: /default-rack/a5983492-3cfc-4d82-90ca-e84276d32f57
2019-07-30 16:54:43,647 INFO  node.SCMNodeManager (SCMNodeManager.java:register(273)) - Registered Data node : a5983492-3cfc-4d82-90ca-e84276d32f57{ip: 192.168.69.86, host: byscane-nightly-58zn2-384979956, networkLocation: /default-rack, certSerialId: null}
2019-07-30 16:54:43,823 INFO  net.NetworkTopology (NetworkTopologyImpl.java:add(110)) - Added a new node: /default-rack/ce9de086-0fc2-499b-a826-2df935464cb8
2019-07-30 16:54:43,823 INFO  node.SCMNodeManager (SCMNodeManager.java:register(273)) - Registered Data node : ce9de086-0fc2-499b-a826-2df935464cb8{ip: 192.168.69.86, host: byscane-nightly-58zn2-384979956, networkLocation: /default-rack, certSerialId: null}
2019-07-30 16:54:43,989 INFO  net.NetworkTopology (NetworkTopologyImpl.java:add(110)) - Added a new node: /default-rack/51864b70-2344-4c10-8fd2-4bf214d4519c
2019-07-30 16:54:43,989 INFO  node.SCMNodeManager (SCMNodeManager.java:register(273)) - Registered Data node : 51864b70-2344-4c10-8fd2-4bf214d4519c{ip: 192.168.69.86, host: byscane-nightly-58zn2-384979956, networkLocation: /default-rack, certSerialId: null}
2019-07-30 16:54:44,074 INFO  impl.RaftServerProxy (RaftServerProxy.java:addNew(89)) - 550959b5-e0af-4075-aebe-8899b8070913: addNew group-C12E7095F1F7:[550959b5-e0af-4075-aebe-8899b8070913:192.168.69.86:33345] returns group-C12E7095F1F7:java.util.concurrent.CompletableFuture@5645c0b[Not completed]
2019-07-30 16:54:44,423 INFO  ozone.MiniOzoneClusterImpl (MiniOzoneClusterImpl.java:lambda$waitForClusterToBeReady$0(142)) - Waiting for cluster to be ready. Got 4 of 6 DN Heartbeats.
2019-07-30 16:54:44,436 INFO  net.NetworkTopology (NetworkTopologyImpl.java:add(110)) - Added a new node: /default-rack/ebe0a6b3-e916-46d4-ae0b-50d2ec3d57f4
2019-07-30 16:54:44,436 INFO  node.SCMNodeManager (SCMNodeManager.java:register(273)) - Registered Data node : ebe0a6b3-e916-46d4-ae0b-50d2ec3d57f4{ip: 192.168.69.86, host: byscane-nightly-58zn2-384979956, networkLocation: /default-rack, certSerialId: null}
2019-07-30 16:54:44,437 INFO  net.NetworkTopology (NetworkTopologyImpl.java:add(110)) - Added a new node: /default-rack/ba0d0adc-a07a-43c2-96d4-26d9d5a8ecda
2019-07-30 16:54:44,437 INFO  node.SCMNodeManager (SCMNodeManager.java:register(273)) - Registered Data node : ba0d0adc-a07a-43c2-96d4-26d9d5a8ecda{ip: 192.168.69.86, host: byscane-nightly-58zn2-384979956, networkLocation: /default-rack, certSerialId: null}
2019-07-30 16:54:44,440 INFO  impl.RaftServerImpl (RaftServerImpl.java:<init>(93)) - 550959b5-e0af-4075-aebe-8899b8070913: new RaftServerImpl for group-C12E7095F1F7:[550959b5-e0af-4075-aebe-8899b8070913:192.168.69.86:33345] with ContainerStateMachine:uninitialized
2019-07-30 16:54:44,442 INFO  server.RaftServerConfigKeys (ConfUtils.java:logGet(43)) - raft.server.rpc.timeout.min = 5s (custom)
2019-07-30 16:54:44,443 INFO  server.RaftServerConfigKeys (ConfUtils.java:logGet(43)) - raft.server.rpc.timeout.max = 5200ms (custom)
2019-07-30 16:54:44,443 INFO  server.RaftServerConfigKeys (ConfUtils.java:logGet(43)) - raft.server.rpcslowness.timeout = 120s (custom)
2019-07-30 16:54:44,445 INFO  server.RaftServerConfigKeys (ConfUtils.java:logGet(43)) - raft.server.sleep.deviation.threshold = 300 (default)
2019-07-30 16:54:44,447 INFO  server.RaftServerConfigKeys (ConfUtils.java:logGet(43)) - raft.server.log.appender.install.snapshot.enabled = false (custom)
2019-07-30 16:54:44,457 INFO  impl.RaftServerImpl (ServerState.java:<init>(105)) - 550959b5-e0af-4075-aebe-8899b8070913:group-C12E7095F1F7 ConfigurationManager, init=-1: [550959b5-e0af-4075-aebe-8899b8070913:192.168.69.86:33345], old=null, confs=<EMPTY_MAP>
2019-07-30 16:54:44,458 INFO  server.RaftServerConfigKeys (ConfUtils.java:logGet(43)) - raft.server.storage.dir = [/workdir/hadoop-ozone/integration-test/target/test-dir/MiniOzoneClusterImpl-8aa59760-8ea0-430b-b32a-bf4dffd861b3/datanode-0/data/ratis] (custom)
2019-07-30 16:54:44,467 INFO  storage.RaftStorageDirectory (RaftStorageDirectory.java:analyzeStorage(246)) - The storage directory /workdir/hadoop-ozone/integration-test/target/test-dir/MiniOzoneClusterImpl-8aa59760-8ea0-430b-b32a-bf4dffd861b3/datanode-0/data/ratis/27db3bb7-f01c-4902-8c39-c12e7095f1f7 does not exist. Creating ...
2019-07-30 16:54:44,485 INFO  storage.RaftStorageDirectory (RaftStorageDirectory.java:tryLock(328)) - Lock on /workdir/hadoop-ozone/integration-test/target/test-dir/MiniOzoneClusterImpl-8aa59760-8ea0-430b-b32a-bf4dffd861b3/datanode-0/data/ratis/27db3bb7-f01c-4902-8c39-c12e7095f1f7/in_use.lock acquired by nodename 19759@byscane-nightly-58zn2-384979956
2019-07-30 16:54:44,499 INFO  storage.RaftStorage (RaftStorage.java:format(72)) - Storage directory /workdir/hadoop-ozone/integration-test/target/test-dir/MiniOzoneClusterImpl-8aa59760-8ea0-430b-b32a-bf4dffd861b3/datanode-0/data/ratis/27db3bb7-f01c-4902-8c39-c12e7095f1f7 has been successfully formatted.
2019-07-30 16:54:44,501 INFO  ratis.ContainerStateMachine (ContainerStateMachine.java:loadSnapshot(213)) - group-C12E7095F1F7: The snapshot info is null. Setting the last applied indexto:(t:0, i:~)
2019-07-30 16:54:44,501 INFO  server.RaftServerConfigKeys (ConfUtils.java:logGet(43)) - raft.server.leader.election.timeout = 120s (custom)
2019-07-30 16:54:44,504 INFO  server.RaftServerConfigKeys (ConfUtils.java:logGet(43)) - raft.server.log.use.memory = false (default)
2019-07-30 16:54:44,510 INFO  server.RaftServerConfigKeys (ConfUtils.java:logGet(43)) - raft.server.log.purge.gap = 1000000000 (custom)
2019-07-30 16:54:44,510 INFO  server.RaftServerConfigKeys (ConfUtils.java:logGet(43)) - raft.server.log.appender.buffer.byte-limit = 33554432 (custom)
2019-07-30 16:54:44,512 INFO  server.RaftServerConfigKeys (ConfUtils.java:logGet(43)) - raft.server.log.segment.size.max = 1048576 (custom)
2019-07-30 16:54:44,517 INFO  server.RaftServerConfigKeys (ConfUtils.java:logGet(43)) - raft.server.log.segment.cache.num.max = 2 (custom)
2019-07-30 16:54:44,523 INFO  segmented.SegmentedRaftLogWorker (SegmentedRaftLogWorker.java:<init>(172)) - new 550959b5-e0af-4075-aebe-8899b8070913-SegmentedRaftLogWorker:Storage Directory /workdir/hadoop-ozone/integration-test/target/test-dir/MiniOzoneClusterImpl-8aa59760-8ea0-430b-b32a-bf4dffd861b3/datanode-0/data/ratis/27db3bb7-f01c-4902-8c39-c12e7095f1f7 for RaftStorage:Storage Directory /workdir/hadoop-ozone/integration-test/target/test-dir/MiniOzoneClusterImpl-8aa59760-8ea0-430b-b32a-bf4dffd861b3/datanode-0/data/ratis/27db3bb7-f01c-4902-8c39-c12e7095f1f7
2019-07-30 16:54:44,535 INFO  server.RaftServerConfigKeys (ConfUtils.java:logGet(43)) - raft.server.log.queue.byte-limit = 2147483647 (custom)
2019-07-30 16:54:44,536 INFO  server.RaftServerConfigKeys (ConfUtils.java:logGet(43)) - raft.server.log.queue.element-limit = 1024 (custom)
2019-07-30 16:54:44,540 INFO  server.RaftServerConfigKeys (ConfUtils.java:logGet(43)) - raft.server.log.segment.size.max = 1048576 (custom)
2019-07-30 16:54:44,541 INFO  server.RaftServerConfigKeys (ConfUtils.java:logGet(43)) - raft.server.log.preallocated.size = 16384 (custom)
2019-07-30 16:54:44,541 INFO  server.RaftServerConfigKeys (ConfUtils.java:logGet(43)) - raft.server.log.write.buffer.size = 33554432 (custom)
2019-07-30 16:54:44,542 INFO  server.RaftServerConfigKeys (ConfUtils.java:logGet(43)) - raft.server.log.force.sync.num = 128 (default)
2019-07-30 16:54:44,543 INFO  server.RaftServerConfigKeys (ConfUtils.java:logGet(43)) - raft.server.log.statemachine.data.sync = true (default)
2019-07-30 16:54:44,543 INFO  server.RaftServerConfigKeys (ConfUtils.java:logGet(43)) - raft.server.log.statemachine.data.sync.timeout = 10s (default)
2019-07-30 16:54:44,544 INFO  server.RaftServerConfigKeys (ConfUtils.java:logGet(43)) - raft.server.log.statemachine.data.sync.timeout.retry = -1 (default)
2019-07-30 16:54:44,552 INFO  server.RaftServerConfigKeys (ConfUtils.java:logGet(43)) - raft.server.log.statemachine.data.caching.enabled = true (custom)
2019-07-30 16:54:44,556 INFO  segmented.SegmentedRaftLogWorker (SegmentedRaftLogWorker.java:lambda$new$0(132)) - 550959b5-e0af-4075-aebe-8899b8070913-SegmentedRaftLogWorker:Storage Directory /workdir/hadoop-ozone/integration-test/target/test-dir/MiniOzoneClusterImpl-8aa59760-8ea0-430b-b32a-bf4dffd861b3/datanode-0/data/ratis/27db3bb7-f01c-4902-8c39-c12e7095f1f7: flushIndex: setUnconditionally 0 -> -1
2019-07-30 16:54:44,560 INFO  server.RaftServerConfigKeys (ConfUtils.java:logGet(43)) - raft.server.snapshot.auto.trigger.enabled = true (custom)
2019-07-30 16:54:44,561 INFO  server.RaftServerConfigKeys (ConfUtils.java:logGet(43)) - raft.server.snapshot.auto.trigger.threshold = 10000 (custom)
2019-07-30 16:54:44,561 INFO  server.RaftServerConfigKeys (ConfUtils.java:logGet(43)) - raft.server.retrycache.expirytime = 600000ms (custom)
2019-07-30 16:54:44,580 INFO  impl.RaftServerImpl (RaftServerImpl.java:start(180)) - 550959b5-e0af-4075-aebe-8899b8070913: start group-C12E7095F1F7
2019-07-30 16:54:44,581 INFO  impl.RaftServerImpl (RaftServerImpl.java:setRole(171)) - 550959b5-e0af-4075-aebe-8899b8070913:group-C12E7095F1F7 changes role from null to FOLLOWER at term 0 for startAsFollower
2019-07-30 16:54:44,582 INFO  impl.RoleInfo (RoleInfo.java:updateAndGet(143)) - 550959b5-e0af-4075-aebe-8899b8070913: start FollowerState
2019-07-30 16:54:44,584 INFO  util.JmxRegister (JmxRegister.java:tryRegister(44)) - Successfully registered JMX Bean with object name Ratis:service=RaftServer,group=group-C12E7095F1F7,id=550959b5-e0af-4075-aebe-8899b8070913
2019-07-30 16:54:44,650 INFO  pipeline.PipelineStateManager (PipelineStateManager.java:addPipeline(56)) - Created pipeline Pipeline[ Id: 27db3bb7-f01c-4902-8c39-c12e7095f1f7, Nodes: 550959b5-e0af-4075-aebe-8899b8070913{ip: 192.168.69.86, host: byscane-nightly-58zn2-384979956, networkLocation: /default-rack, certSerialId: null}, Type:RATIS, Factor:ONE, State:OPEN]
2019-07-30 16:54:44,683 INFO  impl.RaftServerProxy (RaftServerProxy.java:addNew(89)) - ebe0a6b3-e916-46d4-ae0b-50d2ec3d57f4: addNew group-182968FBE1E5:[ebe0a6b3-e916-46d4-ae0b-50d2ec3d57f4:192.168.69.86:37139] returns group-182968FBE1E5:java.util.concurrent.CompletableFuture@197e3bdb[Not completed]
2019-07-30 16:54:44,735 INFO  impl.RaftServerImpl (RaftServerImpl.java:<init>(93)) - ebe0a6b3-e916-46d4-ae0b-50d2ec3d57f4: new RaftServerImpl for group-182968FBE1E5:[ebe0a6b3-e916-46d4-ae0b-50d2ec3d57f4:192.168.69.86:37139] with ContainerStateMachine:uninitialized
2019-07-30 16:54:44,737 INFO  server.RaftServerConfigKeys (ConfUtils.java:logGet(43)) - raft.server.rpc.timeout.min = 5s (custom)
2019-07-30 16:54:44,737 INFO  server.RaftServerConfigKeys (ConfUtils.java:logGet(43)) - raft.server.rpc.timeout.max = 5200ms (custom)
2019-07-30 16:54:44,737 INFO  server.RaftServerConfigKeys (ConfUtils.java:logGet(43)) - raft.server.rpcslowness.timeout = 120s (custom)
2019-07-30 16:54:44,737 INFO  server.RaftServerConfigKeys (ConfUtils.java:logGet(43)) - raft.server.sleep.deviation.threshold = 300 (default)
2019-07-30 16:54:44,738 INFO  server.RaftServerConfigKeys (ConfUtils.java:logGet(43)) - raft.server.log.appender.install.snapshot.enabled = false (custom)
2019-07-30 16:54:44,738 INFO  impl.RaftServerImpl (ServerState.java:<init>(105)) - ebe0a6b3-e916-46d4-ae0b-50d2ec3d57f4:group-182968FBE1E5 ConfigurationManager, init=-1: [ebe0a6b3-e916-46d4-ae0b-50d2ec3d57f4:192.168.69.86:37139], old=null, confs=<EMPTY_MAP>
2019-07-30 16:54:44,738 INFO  server.RaftServerConfigKeys (ConfUtils.java:logGet(43)) - raft.server.storage.dir = [/workdir/hadoop-ozone/integration-test/target/test-dir/MiniOzoneClusterImpl-8aa59760-8ea0-430b-b32a-bf4dffd861b3/datanode-4/data/ratis] (custom)
2019-07-30 16:54:44,738 INFO  storage.RaftStorageDirectory (RaftStorageDirectory.java:analyzeStorage(246)) - The storage directory /workdir/hadoop-ozone/integration-test/target/test-dir/MiniOzoneClusterImpl-8aa59760-8ea0-430b-b32a-bf4dffd861b3/datanode-4/data/ratis/16b03cdd-069f-4a05-839a-182968fbe1e5 does not exist. Creating ...
2019-07-30 16:54:44,777 INFO  storage.RaftStorageDirectory (RaftStorageDirectory.java:tryLock(328)) - Lock on /workdir/hadoop-ozone/integration-test/target/test-dir/MiniOzoneClusterImpl-8aa59760-8ea0-430b-b32a-bf4dffd861b3/datanode-4/data/ratis/16b03cdd-069f-4a05-839a-182968fbe1e5/in_use.lock acquired by nodename 19759@byscane-nightly-58zn2-384979956
2019-07-30 16:54:44,799 INFO  storage.RaftStorage (RaftStorage.java:format(72)) - Storage directory /workdir/hadoop-ozone/integration-test/target/test-dir/MiniOzoneClusterImpl-8aa59760-8ea0-430b-b32a-bf4dffd861b3/datanode-4/data/ratis/16b03cdd-069f-4a05-839a-182968fbe1e5 has been successfully formatted.
2019-07-30 16:54:44,801 INFO  ratis.ContainerStateMachine (ContainerStateMachine.java:loadSnapshot(213)) - group-182968FBE1E5: The snapshot info is null. Setting the last applied indexto:(t:0, i:~)
2019-07-30 16:54:44,803 INFO  server.RaftServerConfigKeys (ConfUtils.java:logGet(43)) - raft.server.leader.election.timeout = 120s (custom)
2019-07-30 16:54:44,803 INFO  server.RaftServerConfigKeys (ConfUtils.java:logGet(43)) - raft.server.log.use.memory = false (default)
2019-07-30 16:54:44,803 INFO  server.RaftServerConfigKeys (ConfUtils.java:logGet(43)) - raft.server.log.purge.gap = 1000000000 (custom)
2019-07-30 16:54:44,803 INFO  server.RaftServerConfigKeys (ConfUtils.java:logGet(43)) - raft.server.log.appender.buffer.byte-limit = 33554432 (custom)
2019-07-30 16:54:44,804 INFO  server.RaftServerConfigKeys (ConfUtils.java:logGet(43)) - raft.server.log.segment.size.max = 1048576 (custom)
2019-07-30 16:54:44,804 INFO  server.RaftServerConfigKeys (ConfUtils.java:logGet(43)) - raft.server.log.segment.cache.num.max = 2 (custom)
2019-07-30 16:54:44,804 INFO  segmented.SegmentedRaftLogWorker (SegmentedRaftLogWorker.java:<init>(172)) - new ebe0a6b3-e916-46d4-ae0b-50d2ec3d57f4-SegmentedRaftLogWorker:Storage Directory /workdir/hadoop-ozone/integration-test/target/test-dir/MiniOzoneClusterImpl-8aa59760-8ea0-430b-b32a-bf4dffd861b3/datanode-4/data/ratis/16b03cdd-069f-4a05-839a-182968fbe1e5 for RaftStorage:Storage Directory /workdir/hadoop-ozone/integration-test/target/test-dir/MiniOzoneClusterImpl-8aa59760-8ea0-430b-b32a-bf4dffd861b3/datanode-4/data/ratis/16b03cdd-069f-4a05-839a-182968fbe1e5
2019-07-30 16:54:44,806 INFO  server.RaftServerConfigKeys (ConfUtils.java:logGet(43)) - raft.server.log.queue.byte-limit = 2147483647 (custom)
2019-07-30 16:54:44,806 INFO  server.RaftServerConfigKeys (ConfUtils.java:logGet(43)) - raft.server.log.queue.element-limit = 1024 (custom)
2019-07-30 16:54:44,807 INFO  server.RaftServerConfigKeys (ConfUtils.java:logGet(43)) - raft.server.log.segment.size.max = 1048576 (custom)
2019-07-30 16:54:44,807 INFO  server.RaftServerConfigKeys (ConfUtils.java:logGet(43)) - raft.server.log.preallocated.size = 16384 (custom)
2019-07-30 16:54:44,807 INFO  server.RaftServerConfigKeys (ConfUtils.java:logGet(43)) - raft.server.log.write.buffer.size = 33554432 (custom)
2019-07-30 16:54:44,807 INFO  server.RaftServerConfigKeys (ConfUtils.java:logGet(43)) - raft.server.log.force.sync.num = 128 (default)
2019-07-30 16:54:44,808 INFO  server.RaftServerConfigKeys (ConfUtils.java:logGet(43)) - raft.server.log.statemachine.data.sync = true (default)
2019-07-30 16:54:44,808 INFO  server.RaftServerConfigKeys (ConfUtils.java:logGet(43)) - raft.server.log.statemachine.data.sync.timeout = 10s (default)
2019-07-30 16:54:44,808 INFO  server.RaftServerConfigKeys (ConfUtils.java:logGet(43)) - raft.server.log.statemachine.data.sync.timeout.retry = -1 (default)
2019-07-30 16:54:44,808 INFO  server.RaftServerConfigKeys (ConfUtils.java:logGet(43)) - raft.server.log.statemachine.data.caching.enabled = true (custom)
2019-07-30 16:54:44,809 INFO  segmented.SegmentedRaftLogWorker (SegmentedRaftLogWorker.java:lambda$new$0(132)) - ebe0a6b3-e916-46d4-ae0b-50d2ec3d57f4-SegmentedRaftLogWorker:Storage Directory /workdir/hadoop-ozone/integration-test/target/test-dir/MiniOzoneClusterImpl-8aa59760-8ea0-430b-b32a-bf4dffd861b3/datanode-4/data/ratis/16b03cdd-069f-4a05-839a-182968fbe1e5: flushIndex: setUnconditionally 0 -> -1
2019-07-30 16:54:44,809 INFO  server.RaftServerConfigKeys (ConfUtils.java:logGet(43)) - raft.server.snapshot.auto.trigger.enabled = true (custom)
2019-07-30 16:54:44,810 INFO  server.RaftServerConfigKeys (ConfUtils.java:logGet(43)) - raft.server.snapshot.auto.trigger.threshold = 10000 (custom)
2019-07-30 16:54:44,810 INFO  server.RaftServerConfigKeys (ConfUtils.java:logGet(43)) - raft.server.retrycache.expirytime = 600000ms (custom)
2019-07-30 16:54:44,810 INFO  impl.RaftServerImpl (RaftServerImpl.java:start(180)) - ebe0a6b3-e916-46d4-ae0b-50d2ec3d57f4: start group-182968FBE1E5
2019-07-30 16:54:44,810 INFO  impl.RaftServerImpl (RaftServerImpl.java:setRole(171)) - ebe0a6b3-e916-46d4-ae0b-50d2ec3d57f4:group-182968FBE1E5 changes role from null to FOLLOWER at term 0 for startAsFollower
2019-07-30 16:54:44,811 INFO  impl.RoleInfo (RoleInfo.java:updateAndGet(143)) - ebe0a6b3-e916-46d4-ae0b-50d2ec3d57f4: start FollowerState
2019-07-30 16:54:44,813 INFO  util.JmxRegister (JmxRegister.java:tryRegister(44)) - Successfully registered JMX Bean with object name Ratis:service=RaftServer,group=group-182968FBE1E5,id=ebe0a6b3-e916-46d4-ae0b-50d2ec3d57f4
2019-07-30 16:54:44,829 INFO  pipeline.PipelineStateManager (PipelineStateManager.java:addPipeline(56)) - Created pipeline Pipeline[ Id: 16b03cdd-069f-4a05-839a-182968fbe1e5, Nodes: ebe0a6b3-e916-46d4-ae0b-50d2ec3d57f4{ip: 192.168.69.86, host: byscane-nightly-58zn2-384979956, networkLocation: /default-rack, certSerialId: null}, Type:RATIS, Factor:ONE, State:OPEN]
2019-07-30 16:54:44,854 INFO  impl.RaftServerProxy (RaftServerProxy.java:addNew(89)) - ce9de086-0fc2-499b-a826-2df935464cb8: addNew group-DE83B14B8F0F:[ce9de086-0fc2-499b-a826-2df935464cb8:192.168.69.86:33330] returns group-DE83B14B8F0F:java.util.concurrent.CompletableFuture@a9a21b6[Not completed]
2019-07-30 16:54:44,866 INFO  impl.RaftServerImpl (RaftServerImpl.java:<init>(93)) - ce9de086-0fc2-499b-a826-2df935464cb8: new RaftServerImpl for group-DE83B14B8F0F:[ce9de086-0fc2-499b-a826-2df935464cb8:192.168.69.86:33330] with ContainerStateMachine:uninitialized
2019-07-30 16:54:44,866 INFO  server.RaftServerConfigKeys (ConfUtils.java:logGet(43)) - raft.server.rpc.timeout.min = 5s (custom)
2019-07-30 16:54:44,866 INFO  server.RaftServerConfigKeys (ConfUtils.java:logGet(43)) - raft.server.rpc.timeout.max = 5200ms (custom)
2019-07-30 16:54:44,866 INFO  server.RaftServerConfigKeys (ConfUtils.java:logGet(43)) - raft.server.rpcslowness.timeout = 120s (custom)
2019-07-30 16:54:44,867 INFO  server.RaftServerConfigKeys (ConfUtils.java:logGet(43)) - raft.server.sleep.deviation.threshold = 300 (default)
2019-07-30 16:54:44,867 INFO  server.RaftServerConfigKeys (ConfUtils.java:logGet(43)) - raft.server.log.appender.install.snapshot.enabled = false (custom)
2019-07-30 16:54:44,867 INFO  impl.RaftServerImpl (ServerState.java:<init>(105)) - ce9de086-0fc2-499b-a826-2df935464cb8:group-DE83B14B8F0F ConfigurationManager, init=-1: [ce9de086-0fc2-499b-a826-2df935464cb8:192.168.69.86:33330], old=null, confs=<EMPTY_MAP>
2019-07-30 16:54:44,867 INFO  server.RaftServerConfigKeys (ConfUtils.java:logGet(43)) - raft.server.storage.dir = [/workdir/hadoop-ozone/integration-test/target/test-dir/MiniOzoneClusterImpl-8aa59760-8ea0-430b-b32a-bf4dffd861b3/datanode-2/data/ratis] (custom)
2019-07-30 16:54:44,868 INFO  storage.RaftStorageDirectory (RaftStorageDirectory.java:analyzeStorage(246)) - The storage directory /workdir/hadoop-ozone/integration-test/target/test-dir/MiniOzoneClusterImpl-8aa59760-8ea0-430b-b32a-bf4dffd861b3/datanode-2/data/ratis/8b1fe287-2044-4ef5-a2f7-de83b14b8f0f does not exist. Creating ...
2019-07-30 16:54:44,881 INFO  storage.RaftStorageDirectory (RaftStorageDirectory.java:tryLock(328)) - Lock on /workdir/hadoop-ozone/integration-test/target/test-dir/MiniOzoneClusterImpl-8aa59760-8ea0-430b-b32a-bf4dffd861b3/datanode-2/data/ratis/8b1fe287-2044-4ef5-a2f7-de83b14b8f0f/in_use.lock acquired by nodename 19759@byscane-nightly-58zn2-384979956
2019-07-30 16:54:44,896 INFO  storage.RaftStorage (RaftStorage.java:format(72)) - Storage directory /workdir/hadoop-ozone/integration-test/target/test-dir/MiniOzoneClusterImpl-8aa59760-8ea0-430b-b32a-bf4dffd861b3/datanode-2/data/ratis/8b1fe287-2044-4ef5-a2f7-de83b14b8f0f has been successfully formatted.
2019-07-30 16:54:44,896 INFO  ratis.ContainerStateMachine (ContainerStateMachine.java:loadSnapshot(213)) - group-DE83B14B8F0F: The snapshot info is null. Setting the last applied indexto:(t:0, i:~)
2019-07-30 16:54:44,896 INFO  server.RaftServerConfigKeys (ConfUtils.java:logGet(43)) - raft.server.leader.election.timeout = 120s (custom)
2019-07-30 16:54:44,897 INFO  server.RaftServerConfigKeys (ConfUtils.java:logGet(43)) - raft.server.log.use.memory = false (default)
2019-07-30 16:54:44,897 INFO  server.RaftServerConfigKeys (ConfUtils.java:logGet(43)) - raft.server.log.purge.gap = 1000000000 (custom)
2019-07-30 16:54:44,897 INFO  server.RaftServerConfigKeys (ConfUtils.java:logGet(43)) - raft.server.log.appender.buffer.byte-limit = 33554432 (custom)
2019-07-30 16:54:44,897 INFO  server.RaftServerConfigKeys (ConfUtils.java:logGet(43)) - raft.server.log.segment.size.max = 1048576 (custom)
2019-07-30 16:54:44,897 INFO  server.RaftServerConfigKeys (ConfUtils.java:logGet(43)) - raft.server.log.segment.cache.num.max = 2 (custom)
2019-07-30 16:54:44,898 INFO  segmented.SegmentedRaftLogWorker (SegmentedRaftLogWorker.java:<init>(172)) - new ce9de086-0fc2-499b-a826-2df935464cb8-SegmentedRaftLogWorker:Storage Directory /workdir/hadoop-ozone/integration-test/target/test-dir/MiniOzoneClusterImpl-8aa59760-8ea0-430b-b32a-bf4dffd861b3/datanode-2/data/ratis/8b1fe287-2044-4ef5-a2f7-de83b14b8f0f for RaftStorage:Storage Directory /workdir/hadoop-ozone/integration-test/target/test-dir/MiniOzoneClusterImpl-8aa59760-8ea0-430b-b32a-bf4dffd861b3/datanode-2/data/ratis/8b1fe287-2044-4ef5-a2f7-de83b14b8f0f
2019-07-30 16:54:44,898 INFO  server.RaftServerConfigKeys (ConfUtils.java:logGet(43)) - raft.server.log.queue.byte-limit = 2147483647 (custom)
2019-07-30 16:54:44,898 INFO  server.RaftServerConfigKeys (ConfUtils.java:logGet(43)) - raft.server.log.queue.element-limit = 1024 (custom)
2019-07-30 16:54:44,898 INFO  server.RaftServerConfigKeys (ConfUtils.java:logGet(43)) - raft.server.log.segment.size.max = 1048576 (custom)
2019-07-30 16:54:44,899 INFO  server.RaftServerConfigKeys (ConfUtils.java:logGet(43)) - raft.server.log.preallocated.size = 16384 (custom)
2019-07-30 16:54:44,899 INFO  server.RaftServerConfigKeys (ConfUtils.java:logGet(43)) - raft.server.log.write.buffer.size = 33554432 (custom)
2019-07-30 16:54:44,899 INFO  server.RaftServerConfigKeys (ConfUtils.java:logGet(43)) - raft.server.log.force.sync.num = 128 (default)
2019-07-30 16:54:44,899 INFO  server.RaftServerConfigKeys (ConfUtils.java:logGet(43)) - raft.server.log.statemachine.data.sync = true (default)
2019-07-30 16:54:44,899 INFO  server.RaftServerConfigKeys (ConfUtils.java:logGet(43)) - raft.server.log.statemachine.data.sync.timeout = 10s (default)
2019-07-30 16:54:44,900 INFO  server.RaftServerConfigKeys (ConfUtils.java:logGet(43)) - raft.server.log.statemachine.data.sync.timeout.retry = -1 (default)
2019-07-30 16:54:44,900 INFO  server.RaftServerConfigKeys (ConfUtils.java:logGet(43)) - raft.server.log.statemachine.data.caching.enabled = true (custom)
2019-07-30 16:54:44,901 INFO  segmented.SegmentedRaftLogWorker (SegmentedRaftLogWorker.java:lambda$new$0(132)) - ce9de086-0fc2-499b-a826-2df935464cb8-SegmentedRaftLogWorker:Storage Directory /workdir/hadoop-ozone/integration-test/target/test-dir/MiniOzoneClusterImpl-8aa59760-8ea0-430b-b32a-bf4dffd861b3/datanode-2/data/ratis/8b1fe287-2044-4ef5-a2f7-de83b14b8f0f: flushIndex: setUnconditionally 0 -> -1
2019-07-30 16:54:44,901 INFO  server.RaftServerConfigKeys (ConfUtils.java:logGet(43)) - raft.server.snapshot.auto.trigger.enabled = true (custom)
2019-07-30 16:54:44,901 INFO  server.RaftServerConfigKeys (ConfUtils.java:logGet(43)) - raft.server.snapshot.auto.trigger.threshold = 10000 (custom)
2019-07-30 16:54:44,902 INFO  server.RaftServerConfigKeys (ConfUtils.java:logGet(43)) - raft.server.retrycache.expirytime = 600000ms (custom)
2019-07-30 16:54:44,902 INFO  impl.RaftServerImpl (RaftServerImpl.java:start(180)) - ce9de086-0fc2-499b-a826-2df935464cb8: start group-DE83B14B8F0F
2019-07-30 16:54:44,902 INFO  impl.RaftServerImpl (RaftServerImpl.java:setRole(171)) - ce9de086-0fc2-499b-a826-2df935464cb8:group-DE83B14B8F0F changes role from null to FOLLOWER at term 0 for startAsFollower
2019-07-30 16:54:44,902 INFO  impl.RoleInfo (RoleInfo.java:updateAndGet(143)) - ce9de086-0fc2-499b-a826-2df935464cb8: start FollowerState
2019-07-30 16:54:44,903 INFO  util.JmxRegister (JmxRegister.java:tryRegister(44)) - Successfully registered JMX Bean with object name Ratis:service=RaftServer,group=group-DE83B14B8F0F,id=ce9de086-0fc2-499b-a826-2df935464cb8
2019-07-30 16:54:44,916 INFO  pipeline.PipelineStateManager (PipelineStateManager.java:addPipeline(56)) - Created pipeline Pipeline[ Id: 8b1fe287-2044-4ef5-a2f7-de83b14b8f0f, Nodes: ce9de086-0fc2-499b-a826-2df935464cb8{ip: 192.168.69.86, host: byscane-nightly-58zn2-384979956, networkLocation: /default-rack, certSerialId: null}, Type:RATIS, Factor:ONE, State:OPEN]
2019-07-30 16:54:44,945 INFO  impl.RaftServerProxy (RaftServerProxy.java:addNew(89)) - ba0d0adc-a07a-43c2-96d4-26d9d5a8ecda: addNew group-2FD0AC98D545:[ba0d0adc-a07a-43c2-96d4-26d9d5a8ecda:192.168.69.86:41793] returns group-2FD0AC98D545:java.util.concurrent.CompletableFuture@66dd3bbe[Not completed]
2019-07-30 16:54:44,949 INFO  impl.RaftServerImpl (RaftServerImpl.java:<init>(93)) - ba0d0adc-a07a-43c2-96d4-26d9d5a8ecda: new RaftServerImpl for group-2FD0AC98D545:[ba0d0adc-a07a-43c2-96d4-26d9d5a8ecda:192.168.69.86:41793] with ContainerStateMachine:uninitialized
2019-07-30 16:54:44,950 INFO  server.RaftServerConfigKeys (ConfUtils.java:logGet(43)) - raft.server.rpc.timeout.min = 5s (custom)
2019-07-30 16:54:44,950 INFO  server.RaftServerConfigKeys (ConfUtils.java:logGet(43)) - raft.server.rpc.timeout.max = 5200ms (custom)
2019-07-30 16:54:44,950 INFO  server.RaftServerConfigKeys (ConfUtils.java:logGet(43)) - raft.server.rpcslowness.timeout = 120s (custom)
2019-07-30 16:54:44,950 INFO  server.RaftServerConfigKeys (ConfUtils.java:logGet(43)) - raft.server.sleep.deviation.threshold = 300 (default)
2019-07-30 16:54:44,950 INFO  server.RaftServerConfigKeys (ConfUtils.java:logGet(43)) - raft.server.log.appender.install.snapshot.enabled = false (custom)
2019-07-30 16:54:44,950 INFO  impl.RaftServerImpl (ServerState.java:<init>(105)) - ba0d0adc-a07a-43c2-96d4-26d9d5a8ecda:group-2FD0AC98D545 ConfigurationManager, init=-1: [ba0d0adc-a07a-43c2-96d4-26d9d5a8ecda:192.168.69.86:41793], old=null, confs=<EMPTY_MAP>
2019-07-30 16:54:44,951 INFO  server.RaftServerConfigKeys (ConfUtils.java:logGet(43)) - raft.server.storage.dir = [/workdir/hadoop-ozone/integration-test/target/test-dir/MiniOzoneClusterImpl-8aa59760-8ea0-430b-b32a-bf4dffd861b3/datanode-5/data/ratis] (custom)
2019-07-30 16:54:44,951 INFO  storage.RaftStorageDirectory (RaftStorageDirectory.java:analyzeStorage(246)) - The storage directory /workdir/hadoop-ozone/integration-test/target/test-dir/MiniOzoneClusterImpl-8aa59760-8ea0-430b-b32a-bf4dffd861b3/datanode-5/data/ratis/cef9debe-861b-4948-ab3c-2fd0ac98d545 does not exist. Creating ...
2019-07-30 16:54:44,965 INFO  storage.RaftStorageDirectory (RaftStorageDirectory.java:tryLock(328)) - Lock on /workdir/hadoop-ozone/integration-test/target/test-dir/MiniOzoneClusterImpl-8aa59760-8ea0-430b-b32a-bf4dffd861b3/datanode-5/data/ratis/cef9debe-861b-4948-ab3c-2fd0ac98d545/in_use.lock acquired by nodename 19759@byscane-nightly-58zn2-384979956
2019-07-30 16:54:44,978 INFO  storage.RaftStorage (RaftStorage.java:format(72)) - Storage directory /workdir/hadoop-ozone/integration-test/target/test-dir/MiniOzoneClusterImpl-8aa59760-8ea0-430b-b32a-bf4dffd861b3/datanode-5/data/ratis/cef9debe-861b-4948-ab3c-2fd0ac98d545 has been successfully formatted.
2019-07-30 16:54:44,979 INFO  ratis.ContainerStateMachine (ContainerStateMachine.java:loadSnapshot(213)) - group-2FD0AC98D545: The snapshot info is null. Setting the last applied indexto:(t:0, i:~)
2019-07-30 16:54:44,979 INFO  server.RaftServerConfigKeys (ConfUtils.java:logGet(43)) - raft.server.leader.election.timeout = 120s (custom)
2019-07-30 16:54:44,979 INFO  server.RaftServerConfigKeys (ConfUtils.java:logGet(43)) - raft.server.log.use.memory = false (default)
2019-07-30 16:54:44,979 INFO  server.RaftServerConfigKeys (ConfUtils.java:logGet(43)) - raft.server.log.purge.gap = 1000000000 (custom)
2019-07-30 16:54:44,979 INFO  server.RaftServerConfigKeys (ConfUtils.java:logGet(43)) - raft.server.log.appender.buffer.byte-limit = 33554432 (custom)
2019-07-30 16:54:44,980 INFO  server.RaftServerConfigKeys (ConfUtils.java:logGet(43)) - raft.server.log.segment.size.max = 1048576 (custom)
2019-07-30 16:54:44,980 INFO  server.RaftServerConfigKeys (ConfUtils.java:logGet(43)) - raft.server.log.segment.cache.num.max = 2 (custom)
2019-07-30 16:54:44,980 INFO  segmented.SegmentedRaftLogWorker (SegmentedRaftLogWorker.java:<init>(172)) - new ba0d0adc-a07a-43c2-96d4-26d9d5a8ecda-SegmentedRaftLogWorker:Storage Directory /workdir/hadoop-ozone/integration-test/target/test-dir/MiniOzoneClusterImpl-8aa59760-8ea0-430b-b32a-bf4dffd861b3/datanode-5/data/ratis/cef9debe-861b-4948-ab3c-2fd0ac98d545 for RaftStorage:Storage Directory /workdir/hadoop-ozone/integration-test/target/test-dir/MiniOzoneClusterImpl-8aa59760-8ea0-430b-b32a-bf4dffd861b3/datanode-5/data/ratis/cef9debe-861b-4948-ab3c-2fd0ac98d545
2019-07-30 16:54:44,980 INFO  server.RaftServerConfigKeys (ConfUtils.java:logGet(43)) - raft.server.log.queue.byte-limit = 2147483647 (custom)
2019-07-30 16:54:44,980 INFO  server.RaftServerConfigKeys (ConfUtils.java:logGet(43)) - raft.server.log.queue.element-limit = 1024 (custom)
2019-07-30 16:54:44,981 INFO  server.RaftServerConfigKeys (ConfUtils.java:logGet(43)) - raft.server.log.segment.size.max = 1048576 (custom)
2019-07-30 16:54:44,981 INFO  server.RaftServerConfigKeys (ConfUtils.java:logGet(43)) - raft.server.log.preallocated.size = 16384 (custom)
2019-07-30 16:54:44,981 INFO  server.RaftServerConfigKeys (ConfUtils.java:logGet(43)) - raft.server.log.write.buffer.size = 33554432 (custom)
2019-07-30 16:54:44,981 INFO  server.RaftServerConfigKeys (ConfUtils.java:logGet(43)) - raft.server.log.force.sync.num = 128 (default)
2019-07-30 16:54:44,981 INFO  server.RaftServerConfigKeys (ConfUtils.java:logGet(43)) - raft.server.log.statemachine.data.sync = true (default)
2019-07-30 16:54:44,982 INFO  server.RaftServerConfigKeys (ConfUtils.java:logGet(43)) - raft.server.log.statemachine.data.sync.timeout = 10s (default)
2019-07-30 16:54:44,982 INFO  server.RaftServerConfigKeys (ConfUtils.java:logGet(43)) - raft.server.log.statemachine.data.sync.timeout.retry = -1 (default)
2019-07-30 16:54:44,982 INFO  server.RaftServerConfigKeys (ConfUtils.java:logGet(43)) - raft.server.log.statemachine.data.caching.enabled = true (custom)
2019-07-30 16:54:44,982 INFO  segmented.SegmentedRaftLogWorker (SegmentedRaftLogWorker.java:lambda$new$0(132)) - ba0d0adc-a07a-43c2-96d4-26d9d5a8ecda-SegmentedRaftLogWorker:Storage Directory /workdir/hadoop-ozone/integration-test/target/test-dir/MiniOzoneClusterImpl-8aa59760-8ea0-430b-b32a-bf4dffd861b3/datanode-5/data/ratis/cef9debe-861b-4948-ab3c-2fd0ac98d545: flushIndex: setUnconditionally 0 -> -1
2019-07-30 16:54:44,983 INFO  server.RaftServerConfigKeys (ConfUtils.java:logGet(43)) - raft.server.snapshot.auto.trigger.enabled = true (custom)
2019-07-30 16:54:44,983 INFO  server.RaftServerConfigKeys (ConfUtils.java:logGet(43)) - raft.server.snapshot.auto.trigger.threshold = 10000 (custom)
2019-07-30 16:54:44,983 INFO  server.RaftServerConfigKeys (ConfUtils.java:logGet(43)) - raft.server.retrycache.expirytime = 600000ms (custom)
2019-07-30 16:54:44,984 INFO  impl.RaftServerImpl (RaftServerImpl.java:start(180)) - ba0d0adc-a07a-43c2-96d4-26d9d5a8ecda: start group-2FD0AC98D545
2019-07-30 16:54:44,984 INFO  impl.RaftServerImpl (RaftServerImpl.java:setRole(171)) - ba0d0adc-a07a-43c2-96d4-26d9d5a8ecda:group-2FD0AC98D545 changes role from null to FOLLOWER at term 0 for startAsFollower
2019-07-30 16:54:44,984 INFO  impl.RoleInfo (RoleInfo.java:updateAndGet(143)) - ba0d0adc-a07a-43c2-96d4-26d9d5a8ecda: start FollowerState
2019-07-30 16:54:44,984 INFO  util.JmxRegister (JmxRegister.java:tryRegister(44)) - Successfully registered JMX Bean with object name Ratis:service=RaftServer,group=group-2FD0AC98D545,id=ba0d0adc-a07a-43c2-96d4-26d9d5a8ecda
2019-07-30 16:54:44,999 INFO  pipeline.PipelineStateManager (PipelineStateManager.java:addPipeline(56)) - Created pipeline Pipeline[ Id: cef9debe-861b-4948-ab3c-2fd0ac98d545, Nodes: ba0d0adc-a07a-43c2-96d4-26d9d5a8ecda{ip: 192.168.69.86, host: byscane-nightly-58zn2-384979956, networkLocation: /default-rack, certSerialId: null}, Type:RATIS, Factor:ONE, State:OPEN]
2019-07-30 16:54:45,023 INFO  impl.RaftServerProxy (RaftServerProxy.java:addNew(89)) - a5983492-3cfc-4d82-90ca-e84276d32f57: addNew group-700C6A084123:[a5983492-3cfc-4d82-90ca-e84276d32f57:192.168.69.86:42731] returns group-700C6A084123:java.util.concurrent.CompletableFuture@60590351[Not completed]
2019-07-30 16:54:45,024 INFO  impl.RaftServerImpl (RaftServerImpl.java:<init>(93)) - a5983492-3cfc-4d82-90ca-e84276d32f57: new RaftServerImpl for group-700C6A084123:[a5983492-3cfc-4d82-90ca-e84276d32f57:192.168.69.86:42731] with ContainerStateMachine:uninitialized
2019-07-30 16:54:45,025 INFO  server.RaftServerConfigKeys (ConfUtils.java:logGet(43)) - raft.server.rpc.timeout.min = 5s (custom)
2019-07-30 16:54:45,025 INFO  server.RaftServerConfigKeys (ConfUtils.java:logGet(43)) - raft.server.rpc.timeout.max = 5200ms (custom)
2019-07-30 16:54:45,025 INFO  server.RaftServerConfigKeys (ConfUtils.java:logGet(43)) - raft.server.rpcslowness.timeout = 120s (custom)
2019-07-30 16:54:45,025 INFO  server.RaftServerConfigKeys (ConfUtils.java:logGet(43)) - raft.server.sleep.deviation.threshold = 300 (default)
2019-07-30 16:54:45,025 INFO  server.RaftServerConfigKeys (ConfUtils.java:logGet(43)) - raft.server.log.appender.install.snapshot.enabled = false (custom)
2019-07-30 16:54:45,025 INFO  impl.RaftServerImpl (ServerState.java:<init>(105)) - a5983492-3cfc-4d82-90ca-e84276d32f57:group-700C6A084123 ConfigurationManager, init=-1: [a5983492-3cfc-4d82-90ca-e84276d32f57:192.168.69.86:42731], old=null, confs=<EMPTY_MAP>
2019-07-30 16:54:45,026 INFO  server.RaftServerConfigKeys (ConfUtils.java:logGet(43)) - raft.server.storage.dir = [/workdir/hadoop-ozone/integration-test/target/test-dir/MiniOzoneClusterImpl-8aa59760-8ea0-430b-b32a-bf4dffd861b3/datanode-1/data/ratis] (custom)
2019-07-30 16:54:45,026 INFO  storage.RaftStorageDirectory (RaftStorageDirectory.java:analyzeStorage(246)) - The storage directory /workdir/hadoop-ozone/integration-test/target/test-dir/MiniOzoneClusterImpl-8aa59760-8ea0-430b-b32a-bf4dffd861b3/datanode-1/data/ratis/7f955862-dbb3-4d30-9ae1-700c6a084123 does not exist. Creating ...
2019-07-30 16:54:45,038 INFO  storage.RaftStorageDirectory (RaftStorageDirectory.java:tryLock(328)) - Lock on /workdir/hadoop-ozone/integration-test/target/test-dir/MiniOzoneClusterImpl-8aa59760-8ea0-430b-b32a-bf4dffd861b3/datanode-1/data/ratis/7f955862-dbb3-4d30-9ae1-700c6a084123/in_use.lock acquired by nodename 19759@byscane-nightly-58zn2-384979956
2019-07-30 16:54:45,067 INFO  storage.RaftStorage (RaftStorage.java:format(72)) - Storage directory /workdir/hadoop-ozone/integration-test/target/test-dir/MiniOzoneClusterImpl-8aa59760-8ea0-430b-b32a-bf4dffd861b3/datanode-1/data/ratis/7f955862-dbb3-4d30-9ae1-700c6a084123 has been successfully formatted.
2019-07-30 16:54:45,068 INFO  ratis.ContainerStateMachine (ContainerStateMachine.java:loadSnapshot(213)) - group-700C6A084123: The snapshot info is null. Setting the last applied indexto:(t:0, i:~)
2019-07-30 16:54:45,068 INFO  server.RaftServerConfigKeys (ConfUtils.java:logGet(43)) - raft.server.leader.election.timeout = 120s (custom)
2019-07-30 16:54:45,068 INFO  server.RaftServerConfigKeys (ConfUtils.java:logGet(43)) - raft.server.log.use.memory = false (default)
2019-07-30 16:54:45,068 INFO  server.RaftServerConfigKeys (ConfUtils.java:logGet(43)) - raft.server.log.purge.gap = 1000000000 (custom)
2019-07-30 16:54:45,068 INFO  server.RaftServerConfigKeys (ConfUtils.java:logGet(43)) - raft.server.log.appender.buffer.byte-limit = 33554432 (custom)
2019-07-30 16:54:45,068 INFO  server.RaftServerConfigKeys (ConfUtils.java:logGet(43)) - raft.server.log.segment.size.max = 1048576 (custom)
2019-07-30 16:54:45,069 INFO  server.RaftServerConfigKeys (ConfUtils.java:logGet(43)) - raft.server.log.segment.cache.num.max = 2 (custom)
2019-07-30 16:54:45,069 INFO  segmented.SegmentedRaftLogWorker (SegmentedRaftLogWorker.java:<init>(172)) - new a5983492-3cfc-4d82-90ca-e84276d32f57-SegmentedRaftLogWorker:Storage Directory /workdir/hadoop-ozone/integration-test/target/test-dir/MiniOzoneClusterImpl-8aa59760-8ea0-430b-b32a-bf4dffd861b3/datanode-1/data/ratis/7f955862-dbb3-4d30-9ae1-700c6a084123 for RaftStorage:Storage Directory /workdir/hadoop-ozone/integration-test/target/test-dir/MiniOzoneClusterImpl-8aa59760-8ea0-430b-b32a-bf4dffd861b3/datanode-1/data/ratis/7f955862-dbb3-4d30-9ae1-700c6a084123
2019-07-30 16:54:45,069 INFO  server.RaftServerConfigKeys (ConfUtils.java:logGet(43)) - raft.server.log.queue.byte-limit = 2147483647 (custom)
2019-07-30 16:54:45,069 INFO  server.RaftServerConfigKeys (ConfUtils.java:logGet(43)) - raft.server.log.queue.element-limit = 1024 (custom)
2019-07-30 16:54:45,069 INFO  server.RaftServerConfigKeys (ConfUtils.java:logGet(43)) - raft.server.log.segment.size.max = 1048576 (custom)
2019-07-30 16:54:45,069 INFO  server.RaftServerConfigKeys (ConfUtils.java:logGet(43)) - raft.server.log.preallocated.size = 16384 (custom)
2019-07-30 16:54:45,070 INFO  server.RaftServerConfigKeys (ConfUtils.java:logGet(43)) - raft.server.log.write.buffer.size = 33554432 (custom)
2019-07-30 16:54:45,070 INFO  server.RaftServerConfigKeys (ConfUtils.java:logGet(43)) - raft.server.log.force.sync.num = 128 (default)
2019-07-30 16:54:45,070 INFO  server.RaftServerConfigKeys (ConfUtils.java:logGet(43)) - raft.server.log.statemachine.data.sync = true (default)
2019-07-30 16:54:45,070 INFO  server.RaftServerConfigKeys (ConfUtils.java:logGet(43)) - raft.server.log.statemachine.data.sync.timeout = 10s (default)
2019-07-30 16:54:45,070 INFO  server.RaftServerConfigKeys (ConfUtils.java:logGet(43)) - raft.server.log.statemachine.data.sync.timeout.retry = -1 (default)
2019-07-30 16:54:45,070 INFO  server.RaftServerConfigKeys (ConfUtils.java:logGet(43)) - raft.server.log.statemachine.data.caching.enabled = true (custom)
2019-07-30 16:54:45,071 INFO  segmented.SegmentedRaftLogWorker (SegmentedRaftLogWorker.java:lambda$new$0(132)) - a5983492-3cfc-4d82-90ca-e84276d32f57-SegmentedRaftLogWorker:Storage Directory /workdir/hadoop-ozone/integration-test/target/test-dir/MiniOzoneClusterImpl-8aa59760-8ea0-430b-b32a-bf4dffd861b3/datanode-1/data/ratis/7f955862-dbb3-4d30-9ae1-700c6a084123: flushIndex: setUnconditionally 0 -> -1
2019-07-30 16:54:45,071 INFO  server.RaftServerConfigKeys (ConfUtils.java:logGet(43)) - raft.server.snapshot.auto.trigger.enabled = true (custom)
2019-07-30 16:54:45,071 INFO  server.RaftServerConfigKeys (ConfUtils.java:logGet(43)) - raft.server.snapshot.auto.trigger.threshold = 10000 (custom)
2019-07-30 16:54:45,071 INFO  server.RaftServerConfigKeys (ConfUtils.java:logGet(43)) - raft.server.retrycache.expirytime = 600000ms (custom)
2019-07-30 16:54:45,072 INFO  impl.RaftServerImpl (RaftServerImpl.java:start(180)) - a5983492-3cfc-4d82-90ca-e84276d32f57: start group-700C6A084123
2019-07-30 16:54:45,072 INFO  impl.RaftServerImpl (RaftServerImpl.java:setRole(171)) - a5983492-3cfc-4d82-90ca-e84276d32f57:group-700C6A084123 changes role from null to FOLLOWER at term 0 for startAsFollower
2019-07-30 16:54:45,072 INFO  impl.RoleInfo (RoleInfo.java:updateAndGet(143)) - a5983492-3cfc-4d82-90ca-e84276d32f57: start FollowerState
2019-07-30 16:54:45,072 INFO  util.JmxRegister (JmxRegister.java:tryRegister(44)) - Successfully registered JMX Bean with object name Ratis:service=RaftServer,group=group-700C6A084123,id=a5983492-3cfc-4d82-90ca-e84276d32f57
2019-07-30 16:54:45,085 INFO  pipeline.PipelineStateManager (PipelineStateManager.java:addPipeline(56)) - Created pipeline Pipeline[ Id: 7f955862-dbb3-4d30-9ae1-700c6a084123, Nodes: a5983492-3cfc-4d82-90ca-e84276d32f57{ip: 192.168.69.86, host: byscane-nightly-58zn2-384979956, networkLocation: /default-rack, certSerialId: null}, Type:RATIS, Factor:ONE, State:OPEN]
2019-07-30 16:54:45,114 INFO  impl.RaftServerProxy (RaftServerProxy.java:addNew(89)) - 51864b70-2344-4c10-8fd2-4bf214d4519c: addNew group-14D32BE24DA7:[51864b70-2344-4c10-8fd2-4bf214d4519c:192.168.69.86:45349] returns group-14D32BE24DA7:java.util.concurrent.CompletableFuture@7477182e[Not completed]
2019-07-30 16:54:45,118 INFO  impl.RaftServerImpl (RaftServerImpl.java:<init>(93)) - 51864b70-2344-4c10-8fd2-4bf214d4519c: new RaftServerImpl for group-14D32BE24DA7:[51864b70-2344-4c10-8fd2-4bf214d4519c:192.168.69.86:45349] with ContainerStateMachine:uninitialized
2019-07-30 16:54:45,118 INFO  server.RaftServerConfigKeys (ConfUtils.java:logGet(43)) - raft.server.rpc.timeout.min = 5s (custom)
2019-07-30 16:54:45,118 INFO  server.RaftServerConfigKeys (ConfUtils.java:logGet(43)) - raft.server.rpc.timeout.max = 5200ms (custom)
2019-07-30 16:54:45,118 INFO  server.RaftServerConfigKeys (ConfUtils.java:logGet(43)) - raft.server.rpcslowness.timeout = 120s (custom)
2019-07-30 16:54:45,118 INFO  server.RaftServerConfigKeys (ConfUtils.java:logGet(43)) - raft.server.sleep.deviation.threshold = 300 (default)
2019-07-30 16:54:45,118 INFO  server.RaftServerConfigKeys (ConfUtils.java:logGet(43)) - raft.server.log.appender.install.snapshot.enabled = false (custom)
2019-07-30 16:54:45,118 INFO  impl.RaftServerImpl (ServerState.java:<init>(105)) - 51864b70-2344-4c10-8fd2-4bf214d4519c:group-14D32BE24DA7 ConfigurationManager, init=-1: [51864b70-2344-4c10-8fd2-4bf214d4519c:192.168.69.86:45349], old=null, confs=<EMPTY_MAP>
2019-07-30 16:54:45,119 INFO  server.RaftServerConfigKeys (ConfUtils.java:logGet(43)) - raft.server.storage.dir = [/workdir/hadoop-ozone/integration-test/target/test-dir/MiniOzoneClusterImpl-8aa59760-8ea0-430b-b32a-bf4dffd861b3/datanode-3/data/ratis] (custom)
2019-07-30 16:54:45,119 INFO  storage.RaftStorageDirectory (RaftStorageDirectory.java:analyzeStorage(246)) - The storage directory /workdir/hadoop-ozone/integration-test/target/test-dir/MiniOzoneClusterImpl-8aa59760-8ea0-430b-b32a-bf4dffd861b3/datanode-3/data/ratis/6fcf0fb4-c880-49ea-9e93-14d32be24da7 does not exist. Creating ...
2019-07-30 16:54:45,132 INFO  storage.RaftStorageDirectory (RaftStorageDirectory.java:tryLock(328)) - Lock on /workdir/hadoop-ozone/integration-test/target/test-dir/MiniOzoneClusterImpl-8aa59760-8ea0-430b-b32a-bf4dffd861b3/datanode-3/data/ratis/6fcf0fb4-c880-49ea-9e93-14d32be24da7/in_use.lock acquired by nodename 19759@byscane-nightly-58zn2-384979956
2019-07-30 16:54:45,158 INFO  storage.RaftStorage (RaftStorage.java:format(72)) - Storage directory /workdir/hadoop-ozone/integration-test/target/test-dir/MiniOzoneClusterImpl-8aa59760-8ea0-430b-b32a-bf4dffd861b3/datanode-3/data/ratis/6fcf0fb4-c880-49ea-9e93-14d32be24da7 has been successfully formatted.
2019-07-30 16:54:45,158 INFO  ratis.ContainerStateMachine (ContainerStateMachine.java:loadSnapshot(213)) - group-14D32BE24DA7: The snapshot info is null. Setting the last applied indexto:(t:0, i:~)
2019-07-30 16:54:45,159 INFO  server.RaftServerConfigKeys (ConfUtils.java:logGet(43)) - raft.server.leader.election.timeout = 120s (custom)
2019-07-30 16:54:45,159 INFO  server.RaftServerConfigKeys (ConfUtils.java:logGet(43)) - raft.server.log.use.memory = false (default)
2019-07-30 16:54:45,159 INFO  server.RaftServerConfigKeys (ConfUtils.java:logGet(43)) - raft.server.log.purge.gap = 1000000000 (custom)
2019-07-30 16:54:45,159 INFO  server.RaftServerConfigKeys (ConfUtils.java:logGet(43)) - raft.server.log.appender.buffer.byte-limit = 33554432 (custom)
2019-07-30 16:54:45,159 INFO  server.RaftServerConfigKeys (ConfUtils.java:logGet(43)) - raft.server.log.segment.size.max = 1048576 (custom)
2019-07-30 16:54:45,160 INFO  server.RaftServerConfigKeys (ConfUtils.java:logGet(43)) - raft.server.log.segment.cache.num.max = 2 (custom)
2019-07-30 16:54:45,160 INFO  segmented.SegmentedRaftLogWorker (SegmentedRaftLogWorker.java:<init>(172)) - new 51864b70-2344-4c10-8fd2-4bf214d4519c-SegmentedRaftLogWorker:Storage Directory /workdir/hadoop-ozone/integration-test/target/test-dir/MiniOzoneClusterImpl-8aa59760-8ea0-430b-b32a-bf4dffd861b3/datanode-3/data/ratis/6fcf0fb4-c880-49ea-9e93-14d32be24da7 for RaftStorage:Storage Directory /workdir/hadoop-ozone/integration-test/target/test-dir/MiniOzoneClusterImpl-8aa59760-8ea0-430b-b32a-bf4dffd861b3/datanode-3/data/ratis/6fcf0fb4-c880-49ea-9e93-14d32be24da7
2019-07-30 16:54:45,160 INFO  server.RaftServerConfigKeys (ConfUtils.java:logGet(43)) - raft.server.log.queue.byte-limit = 2147483647 (custom)
2019-07-30 16:54:45,160 INFO  server.RaftServerConfigKeys (ConfUtils.java:logGet(43)) - raft.server.log.queue.element-limit = 1024 (custom)
2019-07-30 16:54:45,161 INFO  server.RaftServerConfigKeys (ConfUtils.java:logGet(43)) - raft.server.log.segment.size.max = 1048576 (custom)
2019-07-30 16:54:45,161 INFO  server.RaftServerConfigKeys (ConfUtils.java:logGet(43)) - raft.server.log.preallocated.size = 16384 (custom)
2019-07-30 16:54:45,161 INFO  server.RaftServerConfigKeys (ConfUtils.java:logGet(43)) - raft.server.log.write.buffer.size = 33554432 (custom)
2019-07-30 16:54:45,161 INFO  server.RaftServerConfigKeys (ConfUtils.java:logGet(43)) - raft.server.log.force.sync.num = 128 (default)
2019-07-30 16:54:45,162 INFO  server.RaftServerConfigKeys (ConfUtils.java:logGet(43)) - raft.server.log.statemachine.data.sync = true (default)
2019-07-30 16:54:45,162 INFO  server.RaftServerConfigKeys (ConfUtils.java:logGet(43)) - raft.server.log.statemachine.data.sync.timeout = 10s (default)
2019-07-30 16:54:45,162 INFO  server.RaftServerConfigKeys (ConfUtils.java:logGet(43)) - raft.server.log.statemachine.data.sync.timeout.retry = -1 (default)
2019-07-30 16:54:45,162 INFO  server.RaftServerConfigKeys (ConfUtils.java:logGet(43)) - raft.server.log.statemachine.data.caching.enabled = true (custom)
2019-07-30 16:54:45,163 INFO  segmented.SegmentedRaftLogWorker (SegmentedRaftLogWorker.java:lambda$new$0(132)) - 51864b70-2344-4c10-8fd2-4bf214d4519c-SegmentedRaftLogWorker:Storage Directory /workdir/hadoop-ozone/integration-test/target/test-dir/MiniOzoneClusterImpl-8aa59760-8ea0-430b-b32a-bf4dffd861b3/datanode-3/data/ratis/6fcf0fb4-c880-49ea-9e93-14d32be24da7: flushIndex: setUnconditionally 0 -> -1
2019-07-30 16:54:45,163 INFO  server.RaftServerConfigKeys (ConfUtils.java:logGet(43)) - raft.server.snapshot.auto.trigger.enabled = true (custom)
2019-07-30 16:54:45,164 INFO  server.RaftServerConfigKeys (ConfUtils.java:logGet(43)) - raft.server.snapshot.auto.trigger.threshold = 10000 (custom)
2019-07-30 16:54:45,164 INFO  server.RaftServerConfigKeys (ConfUtils.java:logGet(43)) - raft.server.retrycache.expirytime = 600000ms (custom)
2019-07-30 16:54:45,164 INFO  impl.RaftServerImpl (RaftServerImpl.java:start(180)) - 51864b70-2344-4c10-8fd2-4bf214d4519c: start group-14D32BE24DA7
2019-07-30 16:54:45,164 INFO  impl.RaftServerImpl (RaftServerImpl.java:setRole(171)) - 51864b70-2344-4c10-8fd2-4bf214d4519c:group-14D32BE24DA7 changes role from null to FOLLOWER at term 0 for startAsFollower
2019-07-30 16:54:45,165 INFO  impl.RoleInfo (RoleInfo.java:updateAndGet(143)) - 51864b70-2344-4c10-8fd2-4bf214d4519c: start FollowerState
2019-07-30 16:54:45,165 INFO  util.JmxRegister (JmxRegister.java:tryRegister(44)) - Successfully registered JMX Bean with object name Ratis:service=RaftServer,group=group-14D32BE24DA7,id=51864b70-2344-4c10-8fd2-4bf214d4519c
2019-07-30 16:54:45,178 INFO  pipeline.PipelineStateManager (PipelineStateManager.java:addPipeline(56)) - Created pipeline Pipeline[ Id: 6fcf0fb4-c880-49ea-9e93-14d32be24da7, Nodes: 51864b70-2344-4c10-8fd2-4bf214d4519c{ip: 192.168.69.86, host: byscane-nightly-58zn2-384979956, networkLocation: /default-rack, certSerialId: null}, Type:RATIS, Factor:ONE, State:OPEN]
2019-07-30 16:54:45,220 INFO  impl.RaftServerProxy (RaftServerProxy.java:addNew(89)) - ce9de086-0fc2-499b-a826-2df935464cb8: addNew group-50048313A329:[ebe0a6b3-e916-46d4-ae0b-50d2ec3d57f4:192.168.69.86:37139, ce9de086-0fc2-499b-a826-2df935464cb8:192.168.69.86:33330, 550959b5-e0af-4075-aebe-8899b8070913:192.168.69.86:33345] returns group-50048313A329:java.util.concurrent.CompletableFuture@b0dd484[Not completed]
2019-07-30 16:54:45,223 INFO  impl.RaftServerProxy (RaftServerProxy.java:addNew(89)) - ebe0a6b3-e916-46d4-ae0b-50d2ec3d57f4: addNew group-50048313A329:[ebe0a6b3-e916-46d4-ae0b-50d2ec3d57f4:192.168.69.86:37139, ce9de086-0fc2-499b-a826-2df935464cb8:192.168.69.86:33330, 550959b5-e0af-4075-aebe-8899b8070913:192.168.69.86:33345] returns group-50048313A329:java.util.concurrent.CompletableFuture@3db9e953[Not completed]
2019-07-30 16:54:45,223 INFO  impl.RaftServerImpl (RaftServerImpl.java:<init>(93)) - ce9de086-0fc2-499b-a826-2df935464cb8: new RaftServerImpl for group-50048313A329:[ebe0a6b3-e916-46d4-ae0b-50d2ec3d57f4:192.168.69.86:37139, ce9de086-0fc2-499b-a826-2df935464cb8:192.168.69.86:33330, 550959b5-e0af-4075-aebe-8899b8070913:192.168.69.86:33345] with ContainerStateMachine:uninitialized
2019-07-30 16:54:45,223 INFO  server.RaftServerConfigKeys (ConfUtils.java:logGet(43)) - raft.server.rpc.timeout.min = 5s (custom)
2019-07-30 16:54:45,225 INFO  server.RaftServerConfigKeys (ConfUtils.java:logGet(43)) - raft.server.rpc.timeout.max = 5200ms (custom)
2019-07-30 16:54:45,225 INFO  server.RaftServerConfigKeys (ConfUtils.java:logGet(43)) - raft.server.rpcslowness.timeout = 120s (custom)
2019-07-30 16:54:45,225 INFO  server.RaftServerConfigKeys (ConfUtils.java:logGet(43)) - raft.server.sleep.deviation.threshold = 300 (default)
2019-07-30 16:54:45,225 INFO  server.RaftServerConfigKeys (ConfUtils.java:logGet(43)) - raft.server.log.appender.install.snapshot.enabled = false (custom)
2019-07-30 16:54:45,226 INFO  impl.RaftServerImpl (ServerState.java:<init>(105)) - ce9de086-0fc2-499b-a826-2df935464cb8:group-50048313A329 ConfigurationManager, init=-1: [ebe0a6b3-e916-46d4-ae0b-50d2ec3d57f4:192.168.69.86:37139, ce9de086-0fc2-499b-a826-2df935464cb8:192.168.69.86:33330, 550959b5-e0af-4075-aebe-8899b8070913:192.168.69.86:33345], old=null, confs=<EMPTY_MAP>
2019-07-30 16:54:45,226 INFO  impl.RaftServerProxy (RaftServerProxy.java:addNew(89)) - 550959b5-e0af-4075-aebe-8899b8070913: addNew group-50048313A329:[ebe0a6b3-e916-46d4-ae0b-50d2ec3d57f4:192.168.69.86:37139, ce9de086-0fc2-499b-a826-2df935464cb8:192.168.69.86:33330, 550959b5-e0af-4075-aebe-8899b8070913:192.168.69.86:33345] returns group-50048313A329:java.util.concurrent.CompletableFuture@78bb7080[Not completed]
2019-07-30 16:54:45,226 INFO  impl.RaftServerImpl (RaftServerImpl.java:<init>(93)) - ebe0a6b3-e916-46d4-ae0b-50d2ec3d57f4: new RaftServerImpl for group-50048313A329:[ebe0a6b3-e916-46d4-ae0b-50d2ec3d57f4:192.168.69.86:37139, ce9de086-0fc2-499b-a826-2df935464cb8:192.168.69.86:33330, 550959b5-e0af-4075-aebe-8899b8070913:192.168.69.86:33345] with ContainerStateMachine:uninitialized
2019-07-30 16:54:45,226 INFO  server.RaftServerConfigKeys (ConfUtils.java:logGet(43)) - raft.server.storage.dir = [/workdir/hadoop-ozone/integration-test/target/test-dir/MiniOzoneClusterImpl-8aa59760-8ea0-430b-b32a-bf4dffd861b3/datanode-2/data/ratis] (custom)
2019-07-30 16:54:45,226 INFO  server.RaftServerConfigKeys (ConfUtils.java:logGet(43)) - raft.server.rpc.timeout.min = 5s (custom)
2019-07-30 16:54:45,227 INFO  server.RaftServerConfigKeys (ConfUtils.java:logGet(43)) - raft.server.rpc.timeout.max = 5200ms (custom)
2019-07-30 16:54:45,227 INFO  server.RaftServerConfigKeys (ConfUtils.java:logGet(43)) - raft.server.rpcslowness.timeout = 120s (custom)
2019-07-30 16:54:45,227 INFO  storage.RaftStorageDirectory (RaftStorageDirectory.java:analyzeStorage(246)) - The storage directory /workdir/hadoop-ozone/integration-test/target/test-dir/MiniOzoneClusterImpl-8aa59760-8ea0-430b-b32a-bf4dffd861b3/datanode-2/data/ratis/3bf27760-78e0-4173-a77a-50048313a329 does not exist. Creating ...
2019-07-30 16:54:45,227 INFO  server.RaftServerConfigKeys (ConfUtils.java:logGet(43)) - raft.server.sleep.deviation.threshold = 300 (default)
2019-07-30 16:54:45,227 INFO  server.RaftServerConfigKeys (ConfUtils.java:logGet(43)) - raft.server.log.appender.install.snapshot.enabled = false (custom)
2019-07-30 16:54:45,227 INFO  impl.RaftServerImpl (ServerState.java:<init>(105)) - ebe0a6b3-e916-46d4-ae0b-50d2ec3d57f4:group-50048313A329 ConfigurationManager, init=-1: [ebe0a6b3-e916-46d4-ae0b-50d2ec3d57f4:192.168.69.86:37139, ce9de086-0fc2-499b-a826-2df935464cb8:192.168.69.86:33330, 550959b5-e0af-4075-aebe-8899b8070913:192.168.69.86:33345], old=null, confs=<EMPTY_MAP>
2019-07-30 16:54:45,228 INFO  impl.RaftServerImpl (RaftServerImpl.java:<init>(93)) - 550959b5-e0af-4075-aebe-8899b8070913: new RaftServerImpl for group-50048313A329:[ebe0a6b3-e916-46d4-ae0b-50d2ec3d57f4:192.168.69.86:37139, ce9de086-0fc2-499b-a826-2df935464cb8:192.168.69.86:33330, 550959b5-e0af-4075-aebe-8899b8070913:192.168.69.86:33345] with ContainerStateMachine:uninitialized
2019-07-30 16:54:45,228 INFO  server.RaftServerConfigKeys (ConfUtils.java:logGet(43)) - raft.server.storage.dir = [/workdir/hadoop-ozone/integration-test/target/test-dir/MiniOzoneClusterImpl-8aa59760-8ea0-430b-b32a-bf4dffd861b3/datanode-4/data/ratis] (custom)
2019-07-30 16:54:45,228 INFO  server.RaftServerConfigKeys (ConfUtils.java:logGet(43)) - raft.server.rpc.timeout.min = 5s (custom)
2019-07-30 16:54:45,228 INFO  server.RaftServerConfigKeys (ConfUtils.java:logGet(43)) - raft.server.rpc.timeout.max = 5200ms (custom)
2019-07-30 16:54:45,228 INFO  storage.RaftStorageDirectory (RaftStorageDirectory.java:analyzeStorage(246)) - The storage directory /workdir/hadoop-ozone/integration-test/target/test-dir/MiniOzoneClusterImpl-8aa59760-8ea0-430b-b32a-bf4dffd861b3/datanode-4/data/ratis/3bf27760-78e0-4173-a77a-50048313a329 does not exist. Creating ...
2019-07-30 16:54:45,229 INFO  server.RaftServerConfigKeys (ConfUtils.java:logGet(43)) - raft.server.rpcslowness.timeout = 120s (custom)
2019-07-30 16:54:45,229 INFO  server.RaftServerConfigKeys (ConfUtils.java:logGet(43)) - raft.server.sleep.deviation.threshold = 300 (default)
2019-07-30 16:54:45,229 INFO  server.RaftServerConfigKeys (ConfUtils.java:logGet(43)) - raft.server.log.appender.install.snapshot.enabled = false (custom)
2019-07-30 16:54:45,229 INFO  impl.RaftServerImpl (ServerState.java:<init>(105)) - 550959b5-e0af-4075-aebe-8899b8070913:group-50048313A329 ConfigurationManager, init=-1: [ebe0a6b3-e916-46d4-ae0b-50d2ec3d57f4:192.168.69.86:37139, ce9de086-0fc2-499b-a826-2df935464cb8:192.168.69.86:33330, 550959b5-e0af-4075-aebe-8899b8070913:192.168.69.86:33345], old=null, confs=<EMPTY_MAP>
2019-07-30 16:54:45,230 INFO  server.RaftServerConfigKeys (ConfUtils.java:logGet(43)) - raft.server.storage.dir = [/workdir/hadoop-ozone/integration-test/target/test-dir/MiniOzoneClusterImpl-8aa59760-8ea0-430b-b32a-bf4dffd861b3/datanode-0/data/ratis] (custom)
2019-07-30 16:54:45,230 INFO  storage.RaftStorageDirectory (RaftStorageDirectory.java:analyzeStorage(246)) - The storage directory /workdir/hadoop-ozone/integration-test/target/test-dir/MiniOzoneClusterImpl-8aa59760-8ea0-430b-b32a-bf4dffd861b3/datanode-0/data/ratis/3bf27760-78e0-4173-a77a-50048313a329 does not exist. Creating ...
2019-07-30 16:54:45,240 INFO  storage.RaftStorageDirectory (RaftStorageDirectory.java:tryLock(328)) - Lock on /workdir/hadoop-ozone/integration-test/target/test-dir/MiniOzoneClusterImpl-8aa59760-8ea0-430b-b32a-bf4dffd861b3/datanode-2/data/ratis/3bf27760-78e0-4173-a77a-50048313a329/in_use.lock acquired by nodename 19759@byscane-nightly-58zn2-384979956
2019-07-30 16:54:45,240 INFO  storage.RaftStorageDirectory (RaftStorageDirectory.java:tryLock(328)) - Lock on /workdir/hadoop-ozone/integration-test/target/test-dir/MiniOzoneClusterImpl-8aa59760-8ea0-430b-b32a-bf4dffd861b3/datanode-0/data/ratis/3bf27760-78e0-4173-a77a-50048313a329/in_use.lock acquired by nodename 19759@byscane-nightly-58zn2-384979956
2019-07-30 16:54:45,240 INFO  storage.RaftStorageDirectory (RaftStorageDirectory.java:tryLock(328)) - Lock on /workdir/hadoop-ozone/integration-test/target/test-dir/MiniOzoneClusterImpl-8aa59760-8ea0-430b-b32a-bf4dffd861b3/datanode-4/data/ratis/3bf27760-78e0-4173-a77a-50048313a329/in_use.lock acquired by nodename 19759@byscane-nightly-58zn2-384979956
2019-07-30 16:54:45,254 INFO  storage.RaftStorage (RaftStorage.java:format(72)) - Storage directory /workdir/hadoop-ozone/integration-test/target/test-dir/MiniOzoneClusterImpl-8aa59760-8ea0-430b-b32a-bf4dffd861b3/datanode-2/data/ratis/3bf27760-78e0-4173-a77a-50048313a329 has been successfully formatted.
2019-07-30 16:54:45,255 INFO  storage.RaftStorage (RaftStorage.java:format(72)) - Storage directory /workdir/hadoop-ozone/integration-test/target/test-dir/MiniOzoneClusterImpl-8aa59760-8ea0-430b-b32a-bf4dffd861b3/datanode-0/data/ratis/3bf27760-78e0-4173-a77a-50048313a329 has been successfully formatted.
2019-07-30 16:54:45,255 INFO  storage.RaftStorage (RaftStorage.java:format(72)) - Storage directory /workdir/hadoop-ozone/integration-test/target/test-dir/MiniOzoneClusterImpl-8aa59760-8ea0-430b-b32a-bf4dffd861b3/datanode-4/data/ratis/3bf27760-78e0-4173-a77a-50048313a329 has been successfully formatted.
2019-07-30 16:54:45,255 INFO  ratis.ContainerStateMachine (ContainerStateMachine.java:loadSnapshot(213)) - group-50048313A329: The snapshot info is null. Setting the last applied indexto:(t:0, i:~)
2019-07-30 16:54:45,255 INFO  ratis.ContainerStateMachine (ContainerStateMachine.java:loadSnapshot(213)) - group-50048313A329: The snapshot info is null. Setting the last applied indexto:(t:0, i:~)
2019-07-30 16:54:45,255 INFO  ratis.ContainerStateMachine (ContainerStateMachine.java:loadSnapshot(213)) - group-50048313A329: The snapshot info is null. Setting the last applied indexto:(t:0, i:~)
2019-07-30 16:54:45,255 INFO  server.RaftServerConfigKeys (ConfUtils.java:logGet(43)) - raft.server.leader.election.timeout = 120s (custom)
2019-07-30 16:54:45,255 INFO  server.RaftServerConfigKeys (ConfUtils.java:logGet(43)) - raft.server.leader.election.timeout = 120s (custom)
2019-07-30 16:54:45,256 INFO  server.RaftServerConfigKeys (ConfUtils.java:logGet(43)) - raft.server.log.use.memory = false (default)
2019-07-30 16:54:45,255 INFO  server.RaftServerConfigKeys (ConfUtils.java:logGet(43)) - raft.server.leader.election.timeout = 120s (custom)
2019-07-30 16:54:45,256 INFO  server.RaftServerConfigKeys (ConfUtils.java:logGet(43)) - raft.server.log.purge.gap = 1000000000 (custom)
2019-07-30 16:54:45,256 INFO  server.RaftServerConfigKeys (ConfUtils.java:logGet(43)) - raft.server.log.appender.buffer.byte-limit = 33554432 (custom)
2019-07-30 16:54:45,256 INFO  server.RaftServerConfigKeys (ConfUtils.java:logGet(43)) - raft.server.log.use.memory = false (default)
2019-07-30 16:54:45,256 INFO  server.RaftServerConfigKeys (ConfUtils.java:logGet(43)) - raft.server.log.segment.size.max = 1048576 (custom)
2019-07-30 16:54:45,256 INFO  server.RaftServerConfigKeys (ConfUtils.java:logGet(43)) - raft.server.log.use.memory = false (default)
2019-07-30 16:54:45,257 INFO  server.RaftServerConfigKeys (ConfUtils.java:logGet(43)) - raft.server.log.segment.cache.num.max = 2 (custom)
2019-07-30 16:54:45,256 INFO  server.RaftServerConfigKeys (ConfUtils.java:logGet(43)) - raft.server.log.purge.gap = 1000000000 (custom)
2019-07-30 16:54:45,257 INFO  segmented.SegmentedRaftLogWorker (SegmentedRaftLogWorker.java:<init>(172)) - new ebe0a6b3-e916-46d4-ae0b-50d2ec3d57f4-SegmentedRaftLogWorker:Storage Directory /workdir/hadoop-ozone/integration-test/target/test-dir/MiniOzoneClusterImpl-8aa59760-8ea0-430b-b32a-bf4dffd861b3/datanode-4/data/ratis/3bf27760-78e0-4173-a77a-50048313a329 for RaftStorage:Storage Directory /workdir/hadoop-ozone/integration-test/target/test-dir/MiniOzoneClusterImpl-8aa59760-8ea0-430b-b32a-bf4dffd861b3/datanode-4/data/ratis/3bf27760-78e0-4173-a77a-50048313a329
2019-07-30 16:54:45,257 INFO  server.RaftServerConfigKeys (ConfUtils.java:logGet(43)) - raft.server.log.purge.gap = 1000000000 (custom)
2019-07-30 16:54:45,257 INFO  server.RaftServerConfigKeys (ConfUtils.java:logGet(43)) - raft.server.log.queue.byte-limit = 2147483647 (custom)
2019-07-30 16:54:45,257 INFO  server.RaftServerConfigKeys (ConfUtils.java:logGet(43)) - raft.server.log.appender.buffer.byte-limit = 33554432 (custom)
2019-07-30 16:54:45,259 INFO  server.RaftServerConfigKeys (ConfUtils.java:logGet(43)) - raft.server.log.queue.element-limit = 1024 (custom)
2019-07-30 16:54:45,257 INFO  server.RaftServerConfigKeys (ConfUtils.java:logGet(43)) - raft.server.log.appender.buffer.byte-limit = 33554432 (custom)
2019-07-30 16:54:45,259 INFO  server.RaftServerConfigKeys (ConfUtils.java:logGet(43)) - raft.server.log.segment.size.max = 1048576 (custom)
2019-07-30 16:54:45,259 INFO  server.RaftServerConfigKeys (ConfUtils.java:logGet(43)) - raft.server.log.segment.size.max = 1048576 (custom)
2019-07-30 16:54:45,260 INFO  server.RaftServerConfigKeys (ConfUtils.java:logGet(43)) - raft.server.log.preallocated.size = 16384 (custom)
2019-07-30 16:54:45,260 INFO  server.RaftServerConfigKeys (ConfUtils.java:logGet(43)) - raft.server.log.segment.size.max = 1048576 (custom)
2019-07-30 16:54:45,260 INFO  server.RaftServerConfigKeys (ConfUtils.java:logGet(43)) - raft.server.log.write.buffer.size = 33554432 (custom)
2019-07-30 16:54:45,260 INFO  server.RaftServerConfigKeys (ConfUtils.java:logGet(43)) - raft.server.log.segment.cache.num.max = 2 (custom)
2019-07-30 16:54:45,260 INFO  server.RaftServerConfigKeys (ConfUtils.java:logGet(43)) - raft.server.log.force.sync.num = 128 (default)
2019-07-30 16:54:45,260 INFO  server.RaftServerConfigKeys (ConfUtils.java:logGet(43)) - raft.server.log.segment.cache.num.max = 2 (custom)
2019-07-30 16:54:45,261 INFO  server.RaftServerConfigKeys (ConfUtils.java:logGet(43)) - raft.server.log.statemachine.data.sync = true (default)
2019-07-30 16:54:45,260 INFO  segmented.SegmentedRaftLogWorker (SegmentedRaftLogWorker.java:<init>(172)) - new ce9de086-0fc2-499b-a826-2df935464cb8-SegmentedRaftLogWorker:Storage Directory /workdir/hadoop-ozone/integration-test/target/test-dir/MiniOzoneClusterImpl-8aa59760-8ea0-430b-b32a-bf4dffd861b3/datanode-2/data/ratis/3bf27760-78e0-4173-a77a-50048313a329 for RaftStorage:Storage Directory /workdir/hadoop-ozone/integration-test/target/test-dir/MiniOzoneClusterImpl-8aa59760-8ea0-430b-b32a-bf4dffd861b3/datanode-2/data/ratis/3bf27760-78e0-4173-a77a-50048313a329
2019-07-30 16:54:45,261 INFO  server.RaftServerConfigKeys (ConfUtils.java:logGet(43)) - raft.server.log.statemachine.data.sync.timeout = 10s (default)
2019-07-30 16:54:45,261 INFO  segmented.SegmentedRaftLogWorker (SegmentedRaftLogWorker.java:<init>(172)) - new 550959b5-e0af-4075-aebe-8899b8070913-SegmentedRaftLogWorker:Storage Directory /workdir/hadoop-ozone/integration-test/target/test-dir/MiniOzoneClusterImpl-8aa59760-8ea0-430b-b32a-bf4dffd861b3/datanode-0/data/ratis/3bf27760-78e0-4173-a77a-50048313a329 for RaftStorage:Storage Directory /workdir/hadoop-ozone/integration-test/target/test-dir/MiniOzoneClusterImpl-8aa59760-8ea0-430b-b32a-bf4dffd861b3/datanode-0/data/ratis/3bf27760-78e0-4173-a77a-50048313a329
2019-07-30 16:54:45,261 INFO  server.RaftServerConfigKeys (ConfUtils.java:logGet(43)) - raft.server.log.statemachine.data.sync.timeout.retry = -1 (default)
2019-07-30 16:54:45,261 INFO  server.RaftServerConfigKeys (ConfUtils.java:logGet(43)) - raft.server.log.queue.byte-limit = 2147483647 (custom)
2019-07-30 16:54:45,263 INFO  server.RaftServerConfigKeys (ConfUtils.java:logGet(43)) - raft.server.log.statemachine.data.caching.enabled = true (custom)
2019-07-30 16:54:45,263 INFO  server.RaftServerConfigKeys (ConfUtils.java:logGet(43)) - raft.server.log.queue.byte-limit = 2147483647 (custom)
2019-07-30 16:54:45,265 INFO  segmented.SegmentedRaftLogWorker (SegmentedRaftLogWorker.java:lambda$new$0(132)) - ebe0a6b3-e916-46d4-ae0b-50d2ec3d57f4-SegmentedRaftLogWorker:Storage Directory /workdir/hadoop-ozone/integration-test/target/test-dir/MiniOzoneClusterImpl-8aa59760-8ea0-430b-b32a-bf4dffd861b3/datanode-4/data/ratis/3bf27760-78e0-4173-a77a-50048313a329: flushIndex: setUnconditionally 0 -> -1
2019-07-30 16:54:45,265 INFO  server.RaftServerConfigKeys (ConfUtils.java:logGet(43)) - raft.server.log.queue.element-limit = 1024 (custom)
2019-07-30 16:54:45,266 INFO  server.RaftServerConfigKeys (ConfUtils.java:logGet(43)) - raft.server.snapshot.auto.trigger.enabled = true (custom)
2019-07-30 16:54:45,265 INFO  server.RaftServerConfigKeys (ConfUtils.java:logGet(43)) - raft.server.log.queue.element-limit = 1024 (custom)
2019-07-30 16:54:45,266 INFO  server.RaftServerConfigKeys (ConfUtils.java:logGet(43)) - raft.server.snapshot.auto.trigger.threshold = 10000 (custom)
2019-07-30 16:54:45,266 INFO  server.RaftServerConfigKeys (ConfUtils.java:logGet(43)) - raft.server.log.segment.size.max = 1048576 (custom)
2019-07-30 16:54:45,266 INFO  server.RaftServerConfigKeys (ConfUtils.java:logGet(43)) - raft.server.retrycache.expirytime = 600000ms (custom)
2019-07-30 16:54:45,266 INFO  server.RaftServerConfigKeys (ConfUtils.java:logGet(43)) - raft.server.log.segment.size.max = 1048576 (custom)
2019-07-30 16:54:45,267 INFO  impl.RaftServerImpl (RaftServerImpl.java:start(180)) - ebe0a6b3-e916-46d4-ae0b-50d2ec3d57f4: start group-50048313A329
2019-07-30 16:54:45,266 INFO  server.RaftServerConfigKeys (ConfUtils.java:logGet(43)) - raft.server.log.preallocated.size = 16384 (custom)
2019-07-30 16:54:45,267 INFO  impl.RaftServerImpl (RaftServerImpl.java:setRole(171)) - ebe0a6b3-e916-46d4-ae0b-50d2ec3d57f4:group-50048313A329 changes role from null to FOLLOWER at term 0 for startAsFollower
2019-07-30 16:54:45,267 INFO  server.RaftServerConfigKeys (ConfUtils.java:logGet(43)) - raft.server.log.preallocated.size = 16384 (custom)
2019-07-30 16:54:45,267 INFO  impl.RoleInfo (RoleInfo.java:updateAndGet(143)) - ebe0a6b3-e916-46d4-ae0b-50d2ec3d57f4: start FollowerState
2019-07-30 16:54:45,267 INFO  server.RaftServerConfigKeys (ConfUtils.java:logGet(43)) - raft.server.log.write.buffer.size = 33554432 (custom)
2019-07-30 16:54:45,267 INFO  server.RaftServerConfigKeys (ConfUtils.java:logGet(43)) - raft.server.log.write.buffer.size = 33554432 (custom)
2019-07-30 16:54:45,268 INFO  util.JmxRegister (JmxRegister.java:tryRegister(44)) - Successfully registered JMX Bean with object name Ratis:service=RaftServer,group=group-50048313A329,id=ebe0a6b3-e916-46d4-ae0b-50d2ec3d57f4
2019-07-30 16:54:45,268 INFO  server.RaftServerConfigKeys (ConfUtils.java:logGet(43)) - raft.server.log.force.sync.num = 128 (default)
2019-07-30 16:54:45,268 INFO  server.RaftServerConfigKeys (ConfUtils.java:logGet(43)) - raft.server.log.force.sync.num = 128 (default)
2019-07-30 16:54:45,268 INFO  server.RaftServerConfigKeys (ConfUtils.java:logGet(43)) - raft.server.log.statemachine.data.sync = true (default)
2019-07-30 16:54:45,268 INFO  server.RaftServerConfigKeys (ConfUtils.java:logGet(43)) - raft.server.log.statemachine.data.sync = true (default)
2019-07-30 16:54:45,268 INFO  server.RaftServerConfigKeys (ConfUtils.java:logGet(43)) - raft.server.log.statemachine.data.sync.timeout = 10s (default)
2019-07-30 16:54:45,269 INFO  server.RaftServerConfigKeys (ConfUtils.java:logGet(43)) - raft.server.log.statemachine.data.sync.timeout = 10s (default)
2019-07-30 16:54:45,270 INFO  server.RaftServerConfigKeys (ConfUtils.java:logGet(43)) - raft.server.log.statemachine.data.sync.timeout.retry = -1 (default)
2019-07-30 16:54:45,271 INFO  server.RaftServerConfigKeys (ConfUtils.java:logGet(43)) - raft.server.log.statemachine.data.sync.timeout.retry = -1 (default)
2019-07-30 16:54:45,271 INFO  server.RaftServerConfigKeys (ConfUtils.java:logGet(43)) - raft.server.log.statemachine.data.caching.enabled = true (custom)
2019-07-30 16:54:45,271 INFO  server.RaftServerConfigKeys (ConfUtils.java:logGet(43)) - raft.server.log.statemachine.data.caching.enabled = true (custom)
2019-07-30 16:54:45,271 INFO  segmented.SegmentedRaftLogWorker (SegmentedRaftLogWorker.java:lambda$new$0(132)) - 550959b5-e0af-4075-aebe-8899b8070913-SegmentedRaftLogWorker:Storage Directory /workdir/hadoop-ozone/integration-test/target/test-dir/MiniOzoneClusterImpl-8aa59760-8ea0-430b-b32a-bf4dffd861b3/datanode-0/data/ratis/3bf27760-78e0-4173-a77a-50048313a329: flushIndex: setUnconditionally 0 -> -1
2019-07-30 16:54:45,272 INFO  segmented.SegmentedRaftLogWorker (SegmentedRaftLogWorker.java:lambda$new$0(132)) - ce9de086-0fc2-499b-a826-2df935464cb8-SegmentedRaftLogWorker:Storage Directory /workdir/hadoop-ozone/integration-test/target/test-dir/MiniOzoneClusterImpl-8aa59760-8ea0-430b-b32a-bf4dffd861b3/datanode-2/data/ratis/3bf27760-78e0-4173-a77a-50048313a329: flushIndex: setUnconditionally 0 -> -1
2019-07-30 16:54:45,272 INFO  server.RaftServerConfigKeys (ConfUtils.java:logGet(43)) - raft.server.snapshot.auto.trigger.enabled = true (custom)
2019-07-30 16:54:45,274 INFO  server.RaftServerConfigKeys (ConfUtils.java:logGet(43)) - raft.server.snapshot.auto.trigger.threshold = 10000 (custom)
2019-07-30 16:54:45,275 INFO  server.RaftServerConfigKeys (ConfUtils.java:logGet(43)) - raft.server.snapshot.auto.trigger.enabled = true (custom)
2019-07-30 16:54:45,275 INFO  server.RaftServerConfigKeys (ConfUtils.java:logGet(43)) - raft.server.retrycache.expirytime = 600000ms (custom)
2019-07-30 16:54:45,276 INFO  server.RaftServerConfigKeys (ConfUtils.java:logGet(43)) - raft.server.snapshot.auto.trigger.threshold = 10000 (custom)
2019-07-30 16:54:45,276 INFO  impl.RaftServerImpl (RaftServerImpl.java:start(180)) - 550959b5-e0af-4075-aebe-8899b8070913: start group-50048313A329
2019-07-30 16:54:45,282 INFO  server.RaftServerConfigKeys (ConfUtils.java:logGet(43)) - raft.server.retrycache.expirytime = 600000ms (custom)
2019-07-30 16:54:45,282 INFO  impl.RaftServerImpl (RaftServerImpl.java:setRole(171)) - 550959b5-e0af-4075-aebe-8899b8070913:group-50048313A329 changes role from null to FOLLOWER at term 0 for startAsFollower
2019-07-30 16:54:45,284 INFO  impl.RoleInfo (RoleInfo.java:updateAndGet(143)) - 550959b5-e0af-4075-aebe-8899b8070913: start FollowerState
2019-07-30 16:54:45,285 INFO  impl.RaftServerImpl (RaftServerImpl.java:start(180)) - ce9de086-0fc2-499b-a826-2df935464cb8: start group-50048313A329
2019-07-30 16:54:45,285 INFO  impl.RaftServerImpl (RaftServerImpl.java:setRole(171)) - ce9de086-0fc2-499b-a826-2df935464cb8:group-50048313A329 changes role from null to FOLLOWER at term 0 for startAsFollower
2019-07-30 16:54:45,285 INFO  util.JmxRegister (JmxRegister.java:tryRegister(44)) - Successfully registered JMX Bean with object name Ratis:service=RaftServer,group=group-50048313A329,id=550959b5-e0af-4075-aebe-8899b8070913
2019-07-30 16:54:45,285 INFO  impl.RoleInfo (RoleInfo.java:updateAndGet(143)) - ce9de086-0fc2-499b-a826-2df935464cb8: start FollowerState
2019-07-30 16:54:45,286 INFO  util.JmxRegister (JmxRegister.java:tryRegister(44)) - Successfully registered JMX Bean with object name Ratis:service=RaftServer,group=group-50048313A329,id=ce9de086-0fc2-499b-a826-2df935464cb8
2019-07-30 16:54:45,306 INFO  pipeline.PipelineStateManager (PipelineStateManager.java:addPipeline(56)) - Created pipeline Pipeline[ Id: 3bf27760-78e0-4173-a77a-50048313a329, Nodes: ebe0a6b3-e916-46d4-ae0b-50d2ec3d57f4{ip: 192.168.69.86, host: byscane-nightly-58zn2-384979956, networkLocation: /default-rack, certSerialId: null}ce9de086-0fc2-499b-a826-2df935464cb8{ip: 192.168.69.86, host: byscane-nightly-58zn2-384979956, networkLocation: /default-rack, certSerialId: null}550959b5-e0af-4075-aebe-8899b8070913{ip: 192.168.69.86, host: byscane-nightly-58zn2-384979956, networkLocation: /default-rack, certSerialId: null}, Type:RATIS, Factor:THREE, State:OPEN]
2019-07-30 16:54:45,337 INFO  impl.RaftServerProxy (RaftServerProxy.java:addNew(89)) - ba0d0adc-a07a-43c2-96d4-26d9d5a8ecda: addNew group-7882095589CA:[51864b70-2344-4c10-8fd2-4bf214d4519c:192.168.69.86:45349, a5983492-3cfc-4d82-90ca-e84276d32f57:192.168.69.86:42731, ba0d0adc-a07a-43c2-96d4-26d9d5a8ecda:192.168.69.86:41793] returns group-7882095589CA:java.util.concurrent.CompletableFuture@622947ab[Not completed]
2019-07-30 16:54:45,337 INFO  impl.RaftServerProxy (RaftServerProxy.java:addNew(89)) - 51864b70-2344-4c10-8fd2-4bf214d4519c: addNew group-7882095589CA:[51864b70-2344-4c10-8fd2-4bf214d4519c:192.168.69.86:45349, a5983492-3cfc-4d82-90ca-e84276d32f57:192.168.69.86:42731, ba0d0adc-a07a-43c2-96d4-26d9d5a8ecda:192.168.69.86:41793] returns group-7882095589CA:java.util.concurrent.CompletableFuture@154639a9[Not completed]
2019-07-30 16:54:45,339 INFO  impl.RaftServerProxy (RaftServerProxy.java:addNew(89)) - a5983492-3cfc-4d82-90ca-e84276d32f57: addNew group-7882095589CA:[51864b70-2344-4c10-8fd2-4bf214d4519c:192.168.69.86:45349, a5983492-3cfc-4d82-90ca-e84276d32f57:192.168.69.86:42731, ba0d0adc-a07a-43c2-96d4-26d9d5a8ecda:192.168.69.86:41793] returns group-7882095589CA:java.util.concurrent.CompletableFuture@49094c4d[Not completed]
2019-07-30 16:54:45,340 INFO  impl.RaftServerImpl (RaftServerImpl.java:<init>(93)) - ba0d0adc-a07a-43c2-96d4-26d9d5a8ecda: new RaftServerImpl for group-7882095589CA:[51864b70-2344-4c10-8fd2-4bf214d4519c:192.168.69.86:45349, a5983492-3cfc-4d82-90ca-e84276d32f57:192.168.69.86:42731, ba0d0adc-a07a-43c2-96d4-26d9d5a8ecda:192.168.69.86:41793] with ContainerStateMachine:uninitialized
2019-07-30 16:54:45,340 INFO  server.RaftServerConfigKeys (ConfUtils.java:logGet(43)) - raft.server.rpc.timeout.min = 5s (custom)
2019-07-30 16:54:45,341 INFO  server.RaftServerConfigKeys (ConfUtils.java:logGet(43)) - raft.server.rpc.timeout.max = 5200ms (custom)
2019-07-30 16:54:45,341 INFO  impl.RaftServerImpl (RaftServerImpl.java:<init>(93)) - a5983492-3cfc-4d82-90ca-e84276d32f57: new RaftServerImpl for group-7882095589CA:[51864b70-2344-4c10-8fd2-4bf214d4519c:192.168.69.86:45349, a5983492-3cfc-4d82-90ca-e84276d32f57:192.168.69.86:42731, ba0d0adc-a07a-43c2-96d4-26d9d5a8ecda:192.168.69.86:41793] with ContainerStateMachine:uninitialized
2019-07-30 16:54:45,341 INFO  server.RaftServerConfigKeys (ConfUtils.java:logGet(43)) - raft.server.rpcslowness.timeout = 120s (custom)
2019-07-30 16:54:45,341 INFO  server.RaftServerConfigKeys (ConfUtils.java:logGet(43)) - raft.server.rpc.timeout.min = 5s (custom)
2019-07-30 16:54:45,341 INFO  server.RaftServerConfigKeys (ConfUtils.java:logGet(43)) - raft.server.sleep.deviation.threshold = 300 (default)
2019-07-30 16:54:45,341 INFO  server.RaftServerConfigKeys (ConfUtils.java:logGet(43)) - raft.server.rpc.timeout.max = 5200ms (custom)
2019-07-30 16:54:45,341 INFO  server.RaftServerConfigKeys (ConfUtils.java:logGet(43)) - raft.server.log.appender.install.snapshot.enabled = false (custom)
2019-07-30 16:54:45,342 INFO  server.RaftServerConfigKeys (ConfUtils.java:logGet(43)) - raft.server.rpcslowness.timeout = 120s (custom)
2019-07-30 16:54:45,342 INFO  impl.RaftServerImpl (ServerState.java:<init>(105)) - ba0d0adc-a07a-43c2-96d4-26d9d5a8ecda:group-7882095589CA ConfigurationManager, init=-1: [51864b70-2344-4c10-8fd2-4bf214d4519c:192.168.69.86:45349, a5983492-3cfc-4d82-90ca-e84276d32f57:192.168.69.86:42731, ba0d0adc-a07a-43c2-96d4-26d9d5a8ecda:192.168.69.86:41793], old=null, confs=<EMPTY_MAP>
2019-07-30 16:54:45,342 INFO  impl.RaftServerImpl (RaftServerImpl.java:<init>(93)) - 51864b70-2344-4c10-8fd2-4bf214d4519c: new RaftServerImpl for group-7882095589CA:[51864b70-2344-4c10-8fd2-4bf214d4519c:192.168.69.86:45349, a5983492-3cfc-4d82-90ca-e84276d32f57:192.168.69.86:42731, ba0d0adc-a07a-43c2-96d4-26d9d5a8ecda:192.168.69.86:41793] with ContainerStateMachine:uninitialized
2019-07-30 16:54:45,342 INFO  server.RaftServerConfigKeys (ConfUtils.java:logGet(43)) - raft.server.sleep.deviation.threshold = 300 (default)
2019-07-30 16:54:45,342 INFO  server.RaftServerConfigKeys (ConfUtils.java:logGet(43)) - raft.server.rpc.timeout.min = 5s (custom)
2019-07-30 16:54:45,342 INFO  server.RaftServerConfigKeys (ConfUtils.java:logGet(43)) - raft.server.storage.dir = [/workdir/hadoop-ozone/integration-test/target/test-dir/MiniOzoneClusterImpl-8aa59760-8ea0-430b-b32a-bf4dffd861b3/datanode-5/data/ratis] (custom)
2019-07-30 16:54:45,342 INFO  server.RaftServerConfigKeys (ConfUtils.java:logGet(43)) - raft.server.rpc.timeout.max = 5200ms (custom)
2019-07-30 16:54:45,342 INFO  server.RaftServerConfigKeys (ConfUtils.java:logGet(43)) - raft.server.log.appender.install.snapshot.enabled = false (custom)
2019-07-30 16:54:45,343 INFO  server.RaftServerConfigKeys (ConfUtils.java:logGet(43)) - raft.server.rpcslowness.timeout = 120s (custom)
2019-07-30 16:54:45,343 INFO  impl.RaftServerImpl (ServerState.java:<init>(105)) - a5983492-3cfc-4d82-90ca-e84276d32f57:group-7882095589CA ConfigurationManager, init=-1: [51864b70-2344-4c10-8fd2-4bf214d4519c:192.168.69.86:45349, a5983492-3cfc-4d82-90ca-e84276d32f57:192.168.69.86:42731, ba0d0adc-a07a-43c2-96d4-26d9d5a8ecda:192.168.69.86:41793], old=null, confs=<EMPTY_MAP>
2019-07-30 16:54:45,343 INFO  storage.RaftStorageDirectory (RaftStorageDirectory.java:analyzeStorage(246)) - The storage directory /workdir/hadoop-ozone/integration-test/target/test-dir/MiniOzoneClusterImpl-8aa59760-8ea0-430b-b32a-bf4dffd861b3/datanode-5/data/ratis/0d89f963-3d4d-4514-951a-7882095589ca does not exist. Creating ...
2019-07-30 16:54:45,343 INFO  server.RaftServerConfigKeys (ConfUtils.java:logGet(43)) - raft.server.storage.dir = [/workdir/hadoop-ozone/integration-test/target/test-dir/MiniOzoneClusterImpl-8aa59760-8ea0-430b-b32a-bf4dffd861b3/datanode-1/data/ratis] (custom)
2019-07-30 16:54:45,343 INFO  server.RaftServerConfigKeys (ConfUtils.java:logGet(43)) - raft.server.sleep.deviation.threshold = 300 (default)
2019-07-30 16:54:45,344 INFO  server.RaftServerConfigKeys (ConfUtils.java:logGet(43)) - raft.server.log.appender.install.snapshot.enabled = false (custom)
2019-07-30 16:54:45,344 INFO  storage.RaftStorageDirectory (RaftStorageDirectory.java:analyzeStorage(246)) - The storage directory /workdir/hadoop-ozone/integration-test/target/test-dir/MiniOzoneClusterImpl-8aa59760-8ea0-430b-b32a-bf4dffd861b3/datanode-1/data/ratis/0d89f963-3d4d-4514-951a-7882095589ca does not exist. Creating ...
2019-07-30 16:54:45,344 INFO  impl.RaftServerImpl (ServerState.java:<init>(105)) - 51864b70-2344-4c10-8fd2-4bf214d4519c:group-7882095589CA ConfigurationManager, init=-1: [51864b70-2344-4c10-8fd2-4bf214d4519c:192.168.69.86:45349, a5983492-3cfc-4d82-90ca-e84276d32f57:192.168.69.86:42731, ba0d0adc-a07a-43c2-96d4-26d9d5a8ecda:192.168.69.86:41793], old=null, confs=<EMPTY_MAP>
2019-07-30 16:54:45,344 INFO  server.RaftServerConfigKeys (ConfUtils.java:logGet(43)) - raft.server.storage.dir = [/workdir/hadoop-ozone/integration-test/target/test-dir/MiniOzoneClusterImpl-8aa59760-8ea0-430b-b32a-bf4dffd861b3/datanode-3/data/ratis] (custom)
2019-07-30 16:54:45,344 INFO  storage.RaftStorageDirectory (RaftStorageDirectory.java:analyzeStorage(246)) - The storage directory /workdir/hadoop-ozone/integration-test/target/test-dir/MiniOzoneClusterImpl-8aa59760-8ea0-430b-b32a-bf4dffd861b3/datanode-3/data/ratis/0d89f963-3d4d-4514-951a-7882095589ca does not exist. Creating ...
2019-07-30 16:54:45,357 INFO  storage.RaftStorageDirectory (RaftStorageDirectory.java:tryLock(328)) - Lock on /workdir/hadoop-ozone/integration-test/target/test-dir/MiniOzoneClusterImpl-8aa59760-8ea0-430b-b32a-bf4dffd861b3/datanode-1/data/ratis/0d89f963-3d4d-4514-951a-7882095589ca/in_use.lock acquired by nodename 19759@byscane-nightly-58zn2-384979956
2019-07-30 16:54:45,357 INFO  storage.RaftStorageDirectory (RaftStorageDirectory.java:tryLock(328)) - Lock on /workdir/hadoop-ozone/integration-test/target/test-dir/MiniOzoneClusterImpl-8aa59760-8ea0-430b-b32a-bf4dffd861b3/datanode-3/data/ratis/0d89f963-3d4d-4514-951a-7882095589ca/in_use.lock acquired by nodename 19759@byscane-nightly-58zn2-384979956
2019-07-30 16:54:45,357 INFO  storage.RaftStorageDirectory (RaftStorageDirectory.java:tryLock(328)) - Lock on /workdir/hadoop-ozone/integration-test/target/test-dir/MiniOzoneClusterImpl-8aa59760-8ea0-430b-b32a-bf4dffd861b3/datanode-5/data/ratis/0d89f963-3d4d-4514-951a-7882095589ca/in_use.lock acquired by nodename 19759@byscane-nightly-58zn2-384979956
2019-07-30 16:54:45,371 INFO  storage.RaftStorage (RaftStorage.java:format(72)) - Storage directory /workdir/hadoop-ozone/integration-test/target/test-dir/MiniOzoneClusterImpl-8aa59760-8ea0-430b-b32a-bf4dffd861b3/datanode-5/data/ratis/0d89f963-3d4d-4514-951a-7882095589ca has been successfully formatted.
2019-07-30 16:54:45,371 INFO  storage.RaftStorage (RaftStorage.java:format(72)) - Storage directory /workdir/hadoop-ozone/integration-test/target/test-dir/MiniOzoneClusterImpl-8aa59760-8ea0-430b-b32a-bf4dffd861b3/datanode-1/data/ratis/0d89f963-3d4d-4514-951a-7882095589ca has been successfully formatted.
2019-07-30 16:54:45,371 INFO  storage.RaftStorage (RaftStorage.java:format(72)) - Storage directory /workdir/hadoop-ozone/integration-test/target/test-dir/MiniOzoneClusterImpl-8aa59760-8ea0-430b-b32a-bf4dffd861b3/datanode-3/data/ratis/0d89f963-3d4d-4514-951a-7882095589ca has been successfully formatted.
2019-07-30 16:54:45,372 INFO  ratis.ContainerStateMachine (ContainerStateMachine.java:loadSnapshot(213)) - group-7882095589CA: The snapshot info is null. Setting the last applied indexto:(t:0, i:~)
2019-07-30 16:54:45,372 INFO  ratis.ContainerStateMachine (ContainerStateMachine.java:loadSnapshot(213)) - group-7882095589CA: The snapshot info is null. Setting the last applied indexto:(t:0, i:~)
2019-07-30 16:54:45,372 INFO  server.RaftServerConfigKeys (ConfUtils.java:logGet(43)) - raft.server.leader.election.timeout = 120s (custom)
2019-07-30 16:54:45,372 INFO  ratis.ContainerStateMachine (ContainerStateMachine.java:loadSnapshot(213)) - group-7882095589CA: The snapshot info is null. Setting the last applied indexto:(t:0, i:~)
2019-07-30 16:54:45,372 INFO  server.RaftServerConfigKeys (ConfUtils.java:logGet(43)) - raft.server.log.use.memory = false (default)
2019-07-30 16:54:45,372 INFO  server.RaftServerConfigKeys (ConfUtils.java:logGet(43)) - raft.server.leader.election.timeout = 120s (custom)
2019-07-30 16:54:45,373 INFO  server.RaftServerConfigKeys (ConfUtils.java:logGet(43)) - raft.server.log.purge.gap = 1000000000 (custom)
2019-07-30 16:54:45,373 INFO  server.RaftServerConfigKeys (ConfUtils.java:logGet(43)) - raft.server.leader.election.timeout = 120s (custom)
2019-07-30 16:54:45,373 INFO  server.RaftServerConfigKeys (ConfUtils.java:logGet(43)) - raft.server.log.appender.buffer.byte-limit = 33554432 (custom)
2019-07-30 16:54:45,373 INFO  server.RaftServerConfigKeys (ConfUtils.java:logGet(43)) - raft.server.log.use.memory = false (default)
2019-07-30 16:54:45,373 INFO  server.RaftServerConfigKeys (ConfUtils.java:logGet(43)) - raft.server.log.segment.size.max = 1048576 (custom)
2019-07-30 16:54:45,373 INFO  server.RaftServerConfigKeys (ConfUtils.java:logGet(43)) - raft.server.log.use.memory = false (default)
2019-07-30 16:54:45,374 INFO  server.RaftServerConfigKeys (ConfUtils.java:logGet(43)) - raft.server.log.segment.cache.num.max = 2 (custom)
2019-07-30 16:54:45,374 INFO  server.RaftServerConfigKeys (ConfUtils.java:logGet(43)) - raft.server.log.purge.gap = 1000000000 (custom)
2019-07-30 16:54:45,374 INFO  segmented.SegmentedRaftLogWorker (SegmentedRaftLogWorker.java:<init>(172)) - new ba0d0adc-a07a-43c2-96d4-26d9d5a8ecda-SegmentedRaftLogWorker:Storage Directory /workdir/hadoop-ozone/integration-test/target/test-dir/MiniOzoneClusterImpl-8aa59760-8ea0-430b-b32a-bf4dffd861b3/datanode-5/data/ratis/0d89f963-3d4d-4514-951a-7882095589ca for RaftStorage:Storage Directory /workdir/hadoop-ozone/integration-test/target/test-dir/MiniOzoneClusterImpl-8aa59760-8ea0-430b-b32a-bf4dffd861b3/datanode-5/data/ratis/0d89f963-3d4d-4514-951a-7882095589ca
2019-07-30 16:54:45,374 INFO  server.RaftServerConfigKeys (ConfUtils.java:logGet(43)) - raft.server.log.purge.gap = 1000000000 (custom)
2019-07-30 16:54:45,374 INFO  server.RaftServerConfigKeys (ConfUtils.java:logGet(43)) - raft.server.log.queue.byte-limit = 2147483647 (custom)
2019-07-30 16:54:45,374 INFO  server.RaftServerConfigKeys (ConfUtils.java:logGet(43)) - raft.server.log.appender.buffer.byte-limit = 33554432 (custom)
2019-07-30 16:54:45,376 INFO  server.RaftServerConfigKeys (ConfUtils.java:logGet(43)) - raft.server.log.queue.element-limit = 1024 (custom)
2019-07-30 16:54:45,375 INFO  server.RaftServerConfigKeys (ConfUtils.java:logGet(43)) - raft.server.log.appender.buffer.byte-limit = 33554432 (custom)
2019-07-30 16:54:45,377 INFO  server.RaftServerConfigKeys (ConfUtils.java:logGet(43)) - raft.server.log.segment.size.max = 1048576 (custom)
2019-07-30 16:54:45,377 INFO  server.RaftServerConfigKeys (ConfUtils.java:logGet(43)) - raft.server.log.segment.size.max = 1048576 (custom)
2019-07-30 16:54:45,377 INFO  server.RaftServerConfigKeys (ConfUtils.java:logGet(43)) - raft.server.log.preallocated.size = 16384 (custom)
2019-07-30 16:54:45,377 INFO  server.RaftServerConfigKeys (ConfUtils.java:logGet(43)) - raft.server.log.segment.size.max = 1048576 (custom)
2019-07-30 16:54:45,378 INFO  server.RaftServerConfigKeys (ConfUtils.java:logGet(43)) - raft.server.log.write.buffer.size = 33554432 (custom)
2019-07-30 16:54:45,378 INFO  server.RaftServerConfigKeys (ConfUtils.java:logGet(43)) - raft.server.log.segment.cache.num.max = 2 (custom)
2019-07-30 16:54:45,378 INFO  server.RaftServerConfigKeys (ConfUtils.java:logGet(43)) - raft.server.log.force.sync.num = 128 (default)
2019-07-30 16:54:45,378 INFO  server.RaftServerConfigKeys (ConfUtils.java:logGet(43)) - raft.server.log.segment.cache.num.max = 2 (custom)
2019-07-30 16:54:45,378 INFO  server.RaftServerConfigKeys (ConfUtils.java:logGet(43)) - raft.server.log.statemachine.data.sync = true (default)
2019-07-30 16:54:45,378 INFO  segmented.SegmentedRaftLogWorker (SegmentedRaftLogWorker.java:<init>(172)) - new a5983492-3cfc-4d82-90ca-e84276d32f57-SegmentedRaftLogWorker:Storage Directory /workdir/hadoop-ozone/integration-test/target/test-dir/MiniOzoneClusterImpl-8aa59760-8ea0-430b-b32a-bf4dffd861b3/datanode-1/data/ratis/0d89f963-3d4d-4514-951a-7882095589ca for RaftStorage:Storage Directory /workdir/hadoop-ozone/integration-test/target/test-dir/MiniOzoneClusterImpl-8aa59760-8ea0-430b-b32a-bf4dffd861b3/datanode-1/data/ratis/0d89f963-3d4d-4514-951a-7882095589ca
2019-07-30 16:54:45,379 INFO  server.RaftServerConfigKeys (ConfUtils.java:logGet(43)) - raft.server.log.statemachine.data.sync.timeout = 10s (default)
2019-07-30 16:54:45,379 INFO  segmented.SegmentedRaftLogWorker (SegmentedRaftLogWorker.java:<init>(172)) - new 51864b70-2344-4c10-8fd2-4bf214d4519c-SegmentedRaftLogWorker:Storage Directory /workdir/hadoop-ozone/integration-test/target/test-dir/MiniOzoneClusterImpl-8aa59760-8ea0-430b-b32a-bf4dffd861b3/datanode-3/data/ratis/0d89f963-3d4d-4514-951a-7882095589ca for RaftStorage:Storage Directory /workdir/hadoop-ozone/integration-test/target/test-dir/MiniOzoneClusterImpl-8aa59760-8ea0-430b-b32a-bf4dffd861b3/datanode-3/data/ratis/0d89f963-3d4d-4514-951a-7882095589ca
2019-07-30 16:54:45,379 INFO  server.RaftServerConfigKeys (ConfUtils.java:logGet(43)) - raft.server.log.statemachine.data.sync.timeout.retry = -1 (default)
2019-07-30 16:54:45,379 INFO  server.RaftServerConfigKeys (ConfUtils.java:logGet(43)) - raft.server.log.queue.byte-limit = 2147483647 (custom)
2019-07-30 16:54:45,383 INFO  server.RaftServerConfigKeys (ConfUtils.java:logGet(43)) - raft.server.log.statemachine.data.caching.enabled = true (custom)
2019-07-30 16:54:45,381 INFO  server.RaftServerConfigKeys (ConfUtils.java:logGet(43)) - raft.server.log.queue.byte-limit = 2147483647 (custom)
2019-07-30 16:54:45,383 INFO  server.RaftServerConfigKeys (ConfUtils.java:logGet(43)) - raft.server.log.queue.element-limit = 1024 (custom)
2019-07-30 16:54:45,383 INFO  segmented.SegmentedRaftLogWorker (SegmentedRaftLogWorker.java:lambda$new$0(132)) - ba0d0adc-a07a-43c2-96d4-26d9d5a8ecda-SegmentedRaftLogWorker:Storage Directory /workdir/hadoop-ozone/integration-test/target/test-dir/MiniOzoneClusterImpl-8aa59760-8ea0-430b-b32a-bf4dffd861b3/datanode-5/data/ratis/0d89f963-3d4d-4514-951a-7882095589ca: flushIndex: setUnconditionally 0 -> -1
2019-07-30 16:54:45,383 INFO  server.RaftServerConfigKeys (ConfUtils.java:logGet(43)) - raft.server.log.queue.element-limit = 1024 (custom)
2019-07-30 16:54:45,384 INFO  server.RaftServerConfigKeys (ConfUtils.java:logGet(43)) - raft.server.log.segment.size.max = 1048576 (custom)
2019-07-30 16:54:45,384 INFO  server.RaftServerConfigKeys (ConfUtils.java:logGet(43)) - raft.server.snapshot.auto.trigger.enabled = true (custom)
2019-07-30 16:54:45,384 INFO  server.RaftServerConfigKeys (ConfUtils.java:logGet(43)) - raft.server.log.segment.size.max = 1048576 (custom)
2019-07-30 16:54:45,384 INFO  server.RaftServerConfigKeys (ConfUtils.java:logGet(43)) - raft.server.snapshot.auto.trigger.threshold = 10000 (custom)
2019-07-30 16:54:45,384 INFO  server.RaftServerConfigKeys (ConfUtils.java:logGet(43)) - raft.server.log.preallocated.size = 16384 (custom)
2019-07-30 16:54:45,385 INFO  server.RaftServerConfigKeys (ConfUtils.java:logGet(43)) - raft.server.retrycache.expirytime = 600000ms (custom)
2019-07-30 16:54:45,384 INFO  server.RaftServerConfigKeys (ConfUtils.java:logGet(43)) - raft.server.log.preallocated.size = 16384 (custom)
2019-07-30 16:54:45,385 INFO  impl.RaftServerImpl (RaftServerImpl.java:start(180)) - ba0d0adc-a07a-43c2-96d4-26d9d5a8ecda: start group-7882095589CA
2019-07-30 16:54:45,385 INFO  server.RaftServerConfigKeys (ConfUtils.java:logGet(43)) - raft.server.log.write.buffer.size = 33554432 (custom)
2019-07-30 16:54:45,385 INFO  impl.RaftServerImpl (RaftServerImpl.java:setRole(171)) - ba0d0adc-a07a-43c2-96d4-26d9d5a8ecda:group-7882095589CA changes role from null to FOLLOWER at term 0 for startAsFollower
2019-07-30 16:54:45,385 INFO  server.RaftServerConfigKeys (ConfUtils.java:logGet(43)) - raft.server.log.write.buffer.size = 33554432 (custom)
2019-07-30 16:54:45,386 INFO  impl.RoleInfo (RoleInfo.java:updateAndGet(143)) - ba0d0adc-a07a-43c2-96d4-26d9d5a8ecda: start FollowerState
2019-07-30 16:54:45,385 INFO  server.RaftServerConfigKeys (ConfUtils.java:logGet(43)) - raft.server.log.force.sync.num = 128 (default)
2019-07-30 16:54:45,386 INFO  server.RaftServerConfigKeys (ConfUtils.java:logGet(43)) - raft.server.log.force.sync.num = 128 (default)
2019-07-30 16:54:45,386 INFO  util.JmxRegister (JmxRegister.java:tryRegister(44)) - Successfully registered JMX Bean with object name Ratis:service=RaftServer,group=group-7882095589CA,id=ba0d0adc-a07a-43c2-96d4-26d9d5a8ecda
2019-07-30 16:54:45,386 INFO  server.RaftServerConfigKeys (ConfUtils.java:logGet(43)) - raft.server.log.statemachine.data.sync = true (default)
2019-07-30 16:54:45,386 INFO  server.RaftServerConfigKeys (ConfUtils.java:logGet(43)) - raft.server.log.statemachine.data.sync = true (default)
2019-07-30 16:54:45,387 INFO  server.RaftServerConfigKeys (ConfUtils.java:logGet(43)) - raft.server.log.statemachine.data.sync.timeout = 10s (default)
2019-07-30 16:54:45,387 INFO  server.RaftServerConfigKeys (ConfUtils.java:logGet(43)) - raft.server.log.statemachine.data.sync.timeout = 10s (default)
2019-07-30 16:54:45,387 INFO  server.RaftServerConfigKeys (ConfUtils.java:logGet(43)) - raft.server.log.statemachine.data.sync.timeout.retry = -1 (default)
2019-07-30 16:54:45,387 INFO  server.RaftServerConfigKeys (ConfUtils.java:logGet(43)) - raft.server.log.statemachine.data.sync.timeout.retry = -1 (default)
2019-07-30 16:54:45,387 INFO  server.RaftServerConfigKeys (ConfUtils.java:logGet(43)) - raft.server.log.statemachine.data.caching.enabled = true (custom)
2019-07-30 16:54:45,388 INFO  server.RaftServerConfigKeys (ConfUtils.java:logGet(43)) - raft.server.log.statemachine.data.caching.enabled = true (custom)
2019-07-30 16:54:45,388 INFO  segmented.SegmentedRaftLogWorker (SegmentedRaftLogWorker.java:lambda$new$0(132)) - a5983492-3cfc-4d82-90ca-e84276d32f57-SegmentedRaftLogWorker:Storage Directory /workdir/hadoop-ozone/integration-test/target/test-dir/MiniOzoneClusterImpl-8aa59760-8ea0-430b-b32a-bf4dffd861b3/datanode-1/data/ratis/0d89f963-3d4d-4514-951a-7882095589ca: flushIndex: setUnconditionally 0 -> -1
2019-07-30 16:54:45,388 INFO  segmented.SegmentedRaftLogWorker (SegmentedRaftLogWorker.java:lambda$new$0(132)) - 51864b70-2344-4c10-8fd2-4bf214d4519c-SegmentedRaftLogWorker:Storage Directory /workdir/hadoop-ozone/integration-test/target/test-dir/MiniOzoneClusterImpl-8aa59760-8ea0-430b-b32a-bf4dffd861b3/datanode-3/data/ratis/0d89f963-3d4d-4514-951a-7882095589ca: flushIndex: setUnconditionally 0 -> -1
2019-07-30 16:54:45,388 INFO  server.RaftServerConfigKeys (ConfUtils.java:logGet(43)) - raft.server.snapshot.auto.trigger.enabled = true (custom)
2019-07-30 16:54:45,388 INFO  server.RaftServerConfigKeys (ConfUtils.java:logGet(43)) - raft.server.snapshot.auto.trigger.threshold = 10000 (custom)
2019-07-30 16:54:45,388 INFO  server.RaftServerConfigKeys (ConfUtils.java:logGet(43)) - raft.server.snapshot.auto.trigger.enabled = true (custom)
2019-07-30 16:54:45,389 INFO  server.RaftServerConfigKeys (ConfUtils.java:logGet(43)) - raft.server.retrycache.expirytime = 600000ms (custom)
2019-07-30 16:54:45,389 INFO  server.RaftServerConfigKeys (ConfUtils.java:logGet(43)) - raft.server.snapshot.auto.trigger.threshold = 10000 (custom)
2019-07-30 16:54:45,392 INFO  impl.RaftServerImpl (RaftServerImpl.java:start(180)) - a5983492-3cfc-4d82-90ca-e84276d32f57: start group-7882095589CA
2019-07-30 16:54:45,393 INFO  server.RaftServerConfigKeys (ConfUtils.java:logGet(43)) - raft.server.retrycache.expirytime = 600000ms (custom)
2019-07-30 16:54:45,393 INFO  impl.RaftServerImpl (RaftServerImpl.java:setRole(171)) - a5983492-3cfc-4d82-90ca-e84276d32f57:group-7882095589CA changes role from null to FOLLOWER at term 0 for startAsFollower
2019-07-30 16:54:45,393 INFO  impl.RaftServerImpl (RaftServerImpl.java:start(180)) - 51864b70-2344-4c10-8fd2-4bf214d4519c: start group-7882095589CA
2019-07-30 16:54:45,393 INFO  impl.RoleInfo (RoleInfo.java:updateAndGet(143)) - a5983492-3cfc-4d82-90ca-e84276d32f57: start FollowerState
2019-07-30 16:54:45,393 INFO  impl.RaftServerImpl (RaftServerImpl.java:setRole(171)) - 51864b70-2344-4c10-8fd2-4bf214d4519c:group-7882095589CA changes role from null to FOLLOWER at term 0 for startAsFollower
2019-07-30 16:54:45,396 INFO  impl.RoleInfo (RoleInfo.java:updateAndGet(143)) - 51864b70-2344-4c10-8fd2-4bf214d4519c: start FollowerState
2019-07-30 16:54:45,396 INFO  util.JmxRegister (JmxRegister.java:tryRegister(44)) - Successfully registered JMX Bean with object name Ratis:service=RaftServer,group=group-7882095589CA,id=a5983492-3cfc-4d82-90ca-e84276d32f57
2019-07-30 16:54:45,398 INFO  util.JmxRegister (JmxRegister.java:tryRegister(44)) - Successfully registered JMX Bean with object name Ratis:service=RaftServer,group=group-7882095589CA,id=51864b70-2344-4c10-8fd2-4bf214d4519c
2019-07-30 16:54:45,415 INFO  pipeline.PipelineStateManager (PipelineStateManager.java:addPipeline(56)) - Created pipeline Pipeline[ Id: 0d89f963-3d4d-4514-951a-7882095589ca, Nodes: ba0d0adc-a07a-43c2-96d4-26d9d5a8ecda{ip: 192.168.69.86, host: byscane-nightly-58zn2-384979956, networkLocation: /default-rack, certSerialId: null}a5983492-3cfc-4d82-90ca-e84276d32f57{ip: 192.168.69.86, host: byscane-nightly-58zn2-384979956, networkLocation: /default-rack, certSerialId: null}51864b70-2344-4c10-8fd2-4bf214d4519c{ip: 192.168.69.86, host: byscane-nightly-58zn2-384979956, networkLocation: /default-rack, certSerialId: null}, Type:RATIS, Factor:THREE, State:OPEN]
2019-07-30 16:54:45,424 INFO  ozone.MiniOzoneClusterImpl (MiniOzoneClusterImpl.java:lambda$waitForClusterToBeReady$0(142)) - Cluster is ready. Got 6 of 6 DN Heartbeats.
2019-07-30 16:54:45,735 INFO  rpc.RpcClient (RpcClient.java:createVolume(288)) - Creating Volume: datanodefailurehandlingtest, with jenkins1000 as owner.
2019-07-30 16:54:45,779 INFO  rpc.RpcClient (RpcClient.java:createBucket(425)) - Creating Bucket: datanodefailurehandlingtest/datanodefailurehandlingtest, with Versioning false and Storage Type set to DISK and Encryption set to false 
2019-07-30 16:54:46,007 INFO  impl.MetricsSystemImpl (MetricsSystemImpl.java:init(158)) - XceiverClientMetrics metrics system started (again)
2019-07-30 16:54:46,122 INFO  client.GrpcClientProtocolClient (GrpcClientProtocolClient.java:onNext(255)) - client-A69FE5427F23->ba0d0adc-a07a-43c2-96d4-26d9d5a8ecda: receive RaftClientReply:client-A69FE5427F23->ba0d0adc-a07a-43c2-96d4-26d9d5a8ecda@group-7882095589CA, cid=12, FAILED org.apache.ratis.protocol.NotLeaderException: Server ba0d0adc-a07a-43c2-96d4-26d9d5a8ecda is not the leader (null). Request must be sent to leader., logIndex=0, commits[ba0d0adc-a07a-43c2-96d4-26d9d5a8ecda:c-1]
2019-07-30 16:54:46,520 INFO  container.ReplicationManager (ReplicationManager.java:start(155)) - Starting Replication Monitor Thread.
2019-07-30 16:54:46,524 INFO  container.ReplicationManager (ReplicationManager.java:run(207)) - Replication Monitor Thread took 4 milliseconds for processing 1 containers.
2019-07-30 16:54:47,186 INFO  client.GrpcClientProtocolClient (GrpcClientProtocolClient.java:onNext(255)) - client-A69FE5427F23->a5983492-3cfc-4d82-90ca-e84276d32f57: receive RaftClientReply:client-A69FE5427F23->a5983492-3cfc-4d82-90ca-e84276d32f57@group-7882095589CA, cid=12, FAILED org.apache.ratis.protocol.NotLeaderException: Server a5983492-3cfc-4d82-90ca-e84276d32f57 is not the leader (null). Request must be sent to leader., logIndex=0, commits[a5983492-3cfc-4d82-90ca-e84276d32f57:c-1]
2019-07-30 16:54:48,220 INFO  client.GrpcClientProtocolClient (GrpcClientProtocolClient.java:onNext(255)) - client-A69FE5427F23->ba0d0adc-a07a-43c2-96d4-26d9d5a8ecda: receive RaftClientReply:client-A69FE5427F23->ba0d0adc-a07a-43c2-96d4-26d9d5a8ecda@group-7882095589CA, cid=12, FAILED org.apache.ratis.protocol.NotLeaderException: Server ba0d0adc-a07a-43c2-96d4-26d9d5a8ecda is not the leader (null). Request must be sent to leader., logIndex=0, commits[ba0d0adc-a07a-43c2-96d4-26d9d5a8ecda:c-1]
2019-07-30 16:54:49,257 INFO  client.GrpcClientProtocolClient (GrpcClientProtocolClient.java:onNext(255)) - client-A69FE5427F23->a5983492-3cfc-4d82-90ca-e84276d32f57: receive RaftClientReply:client-A69FE5427F23->a5983492-3cfc-4d82-90ca-e84276d32f57@group-7882095589CA, cid=12, FAILED org.apache.ratis.protocol.NotLeaderException: Server a5983492-3cfc-4d82-90ca-e84276d32f57 is not the leader (null). Request must be sent to leader., logIndex=0, commits[a5983492-3cfc-4d82-90ca-e84276d32f57:c-1]
2019-07-30 16:54:49,722 INFO  impl.FollowerState (FollowerState.java:run(106)) - 550959b5-e0af-4075-aebe-8899b8070913:group-C12E7095F1F7 changes to CANDIDATE, lastRpcTime:5140, electionTimeout:5139ms
2019-07-30 16:54:49,722 INFO  impl.RoleInfo (RoleInfo.java:shutdownFollowerState(121)) - 550959b5-e0af-4075-aebe-8899b8070913: shutdown FollowerState
2019-07-30 16:54:49,722 INFO  impl.RaftServerImpl (RaftServerImpl.java:setRole(171)) - 550959b5-e0af-4075-aebe-8899b8070913:group-C12E7095F1F7 changes role from FOLLOWER to CANDIDATE at term 0 for changeToCandidate
2019-07-30 16:54:49,726 INFO  impl.RoleInfo (RoleInfo.java:updateAndGet(143)) - 550959b5-e0af-4075-aebe-8899b8070913: start LeaderElection
2019-07-30 16:54:49,748 INFO  impl.LeaderElection (LeaderElection.java:askForVotes(181)) - 550959b5-e0af-4075-aebe-8899b8070913:group-C12E7095F1F7:LeaderElection1: begin an election at term 1 for -1: [550959b5-e0af-4075-aebe-8899b8070913:192.168.69.86:33345], old=null
2019-07-30 16:54:49,750 INFO  impl.RoleInfo (RoleInfo.java:shutdownLeaderElection(134)) - 550959b5-e0af-4075-aebe-8899b8070913: shutdown LeaderElection
2019-07-30 16:54:49,751 INFO  impl.RaftServerImpl (RaftServerImpl.java:setRole(171)) - 550959b5-e0af-4075-aebe-8899b8070913:group-C12E7095F1F7 changes role from CANDIDATE to LEADER at term 1 for changeToLeader
2019-07-30 16:54:49,751 INFO  impl.RaftServerImpl (ServerState.java:setLeader(263)) - 550959b5-e0af-4075-aebe-8899b8070913:group-C12E7095F1F7 change Leader from null to 550959b5-e0af-4075-aebe-8899b8070913 at term 1 for becomeLeader, leader elected after 5249ms
2019-07-30 16:54:49,761 INFO  server.RaftServerConfigKeys (ConfUtils.java:logGet(43)) - raft.server.staging.catchup.gap = 1000 (default)
2019-07-30 16:54:49,761 INFO  server.RaftServerConfigKeys (ConfUtils.java:logGet(43)) - raft.server.rpc.sleep.time = 25ms (default)
2019-07-30 16:54:49,765 INFO  server.RaftServerConfigKeys (ConfUtils.java:logGet(43)) - raft.server.write.element-limit = 4096 (default)
2019-07-30 16:54:49,769 INFO  server.RaftServerConfigKeys (ConfUtils.java:logGet(43)) - raft.server.watch.timeout = 10s (default)
2019-07-30 16:54:49,769 INFO  server.RaftServerConfigKeys (ConfUtils.java:logGet(43)) - raft.server.watch.timeout.denomination = 1s (default)
2019-07-30 16:54:49,770 INFO  server.RaftServerConfigKeys (ConfUtils.java:logGet(43)) - raft.server.watch.element-limit = 65536 (default)
2019-07-30 16:54:49,781 INFO  impl.RoleInfo (RoleInfo.java:updateAndGet(143)) - 550959b5-e0af-4075-aebe-8899b8070913: start LeaderState
2019-07-30 16:54:49,806 INFO  segmented.SegmentedRaftLogWorker (SegmentedRaftLogWorker.java:startLogSegment(380)) - 550959b5-e0af-4075-aebe-8899b8070913-SegmentedRaftLogWorker:Storage Directory /workdir/hadoop-ozone/integration-test/target/test-dir/MiniOzoneClusterImpl-8aa59760-8ea0-430b-b32a-bf4dffd861b3/datanode-0/data/ratis/27db3bb7-f01c-4902-8c39-c12e7095f1f7: Starting segment from index:0
2019-07-30 16:54:49,815 INFO  impl.RaftServerImpl (ServerState.java:setRaftConf(361)) - 550959b5-e0af-4075-aebe-8899b8070913:group-C12E7095F1F7 set configuration 0: [550959b5-e0af-4075-aebe-8899b8070913:192.168.69.86:33345], old=null at 0
2019-07-30 16:54:49,851 INFO  impl.FollowerState (FollowerState.java:run(106)) - ebe0a6b3-e916-46d4-ae0b-50d2ec3d57f4:group-182968FBE1E5 changes to CANDIDATE, lastRpcTime:5040, electionTimeout:5038ms
2019-07-30 16:54:49,853 INFO  impl.RoleInfo (RoleInfo.java:shutdownFollowerState(121)) - ebe0a6b3-e916-46d4-ae0b-50d2ec3d57f4: shutdown FollowerState
2019-07-30 16:54:49,853 INFO  impl.RaftServerImpl (RaftServerImpl.java:setRole(171)) - ebe0a6b3-e916-46d4-ae0b-50d2ec3d57f4:group-182968FBE1E5 changes role from FOLLOWER to CANDIDATE at term 0 for changeToCandidate
2019-07-30 16:54:49,853 INFO  impl.RoleInfo (RoleInfo.java:updateAndGet(143)) - ebe0a6b3-e916-46d4-ae0b-50d2ec3d57f4: start LeaderElection
2019-07-30 16:54:49,872 INFO  impl.LeaderElection (LeaderElection.java:askForVotes(181)) - ebe0a6b3-e916-46d4-ae0b-50d2ec3d57f4:group-182968FBE1E5:LeaderElection2: begin an election at term 1 for -1: [ebe0a6b3-e916-46d4-ae0b-50d2ec3d57f4:192.168.69.86:37139], old=null
2019-07-30 16:54:49,872 INFO  impl.RoleInfo (RoleInfo.java:shutdownLeaderElection(134)) - ebe0a6b3-e916-46d4-ae0b-50d2ec3d57f4: shutdown LeaderElection
2019-07-30 16:54:49,872 INFO  impl.RaftServerImpl (RaftServerImpl.java:setRole(171)) - ebe0a6b3-e916-46d4-ae0b-50d2ec3d57f4:group-182968FBE1E5 changes role from CANDIDATE to LEADER at term 1 for changeToLeader
2019-07-30 16:54:49,872 INFO  impl.RaftServerImpl (ServerState.java:setLeader(263)) - ebe0a6b3-e916-46d4-ae0b-50d2ec3d57f4:group-182968FBE1E5 change Leader from null to ebe0a6b3-e916-46d4-ae0b-50d2ec3d57f4 at term 1 for becomeLeader, leader elected after 5069ms
2019-07-30 16:54:49,874 INFO  server.RaftServerConfigKeys (ConfUtils.java:logGet(43)) - raft.server.staging.catchup.gap = 1000 (default)
2019-07-30 16:54:49,874 INFO  server.RaftServerConfigKeys (ConfUtils.java:logGet(43)) - raft.server.rpc.sleep.time = 25ms (default)
2019-07-30 16:54:49,875 INFO  server.RaftServerConfigKeys (ConfUtils.java:logGet(43)) - raft.server.write.element-limit = 4096 (default)
2019-07-30 16:54:49,875 INFO  server.RaftServerConfigKeys (ConfUtils.java:logGet(43)) - raft.server.watch.timeout = 10s (default)
2019-07-30 16:54:49,875 INFO  server.RaftServerConfigKeys (ConfUtils.java:logGet(43)) - raft.server.watch.timeout.denomination = 1s (default)
2019-07-30 16:54:49,875 INFO  server.RaftServerConfigKeys (ConfUtils.java:logGet(43)) - raft.server.watch.element-limit = 65536 (default)
2019-07-30 16:54:49,876 INFO  impl.RoleInfo (RoleInfo.java:updateAndGet(143)) - ebe0a6b3-e916-46d4-ae0b-50d2ec3d57f4: start LeaderState
2019-07-30 16:54:49,876 INFO  segmented.SegmentedRaftLogWorker (SegmentedRaftLogWorker.java:startLogSegment(380)) - ebe0a6b3-e916-46d4-ae0b-50d2ec3d57f4-SegmentedRaftLogWorker:Storage Directory /workdir/hadoop-ozone/integration-test/target/test-dir/MiniOzoneClusterImpl-8aa59760-8ea0-430b-b32a-bf4dffd861b3/datanode-4/data/ratis/16b03cdd-069f-4a05-839a-182968fbe1e5: Starting segment from index:0
2019-07-30 16:54:49,876 INFO  impl.RaftServerImpl (ServerState.java:setRaftConf(361)) - ebe0a6b3-e916-46d4-ae0b-50d2ec3d57f4:group-182968FBE1E5 set configuration 0: [ebe0a6b3-e916-46d4-ae0b-50d2ec3d57f4:192.168.69.86:37139], old=null at 0
2019-07-30 16:54:50,000 INFO  impl.FollowerState (FollowerState.java:run(106)) - ba0d0adc-a07a-43c2-96d4-26d9d5a8ecda:group-2FD0AC98D545 changes to CANDIDATE, lastRpcTime:5015, electionTimeout:5015ms
2019-07-30 16:54:50,000 INFO  impl.RoleInfo (RoleInfo.java:shutdownFollowerState(121)) - ba0d0adc-a07a-43c2-96d4-26d9d5a8ecda: shutdown FollowerState
2019-07-30 16:54:50,000 INFO  impl.RaftServerImpl (RaftServerImpl.java:setRole(171)) - ba0d0adc-a07a-43c2-96d4-26d9d5a8ecda:group-2FD0AC98D545 changes role from FOLLOWER to CANDIDATE at term 0 for changeToCandidate
2019-07-30 16:54:50,000 INFO  impl.RoleInfo (RoleInfo.java:updateAndGet(143)) - ba0d0adc-a07a-43c2-96d4-26d9d5a8ecda: start LeaderElection
2019-07-30 16:54:50,017 INFO  impl.LeaderElection (LeaderElection.java:askForVotes(181)) - ba0d0adc-a07a-43c2-96d4-26d9d5a8ecda:group-2FD0AC98D545:LeaderElection3: begin an election at term 1 for -1: [ba0d0adc-a07a-43c2-96d4-26d9d5a8ecda:192.168.69.86:41793], old=null
2019-07-30 16:54:50,019 INFO  impl.RoleInfo (RoleInfo.java:shutdownLeaderElection(134)) - ba0d0adc-a07a-43c2-96d4-26d9d5a8ecda: shutdown LeaderElection
2019-07-30 16:54:50,019 INFO  impl.RaftServerImpl (RaftServerImpl.java:setRole(171)) - ba0d0adc-a07a-43c2-96d4-26d9d5a8ecda:group-2FD0AC98D545 changes role from CANDIDATE to LEADER at term 1 for changeToLeader
2019-07-30 16:54:50,019 INFO  impl.RaftServerImpl (ServerState.java:setLeader(263)) - ba0d0adc-a07a-43c2-96d4-26d9d5a8ecda:group-2FD0AC98D545 change Leader from null to ba0d0adc-a07a-43c2-96d4-26d9d5a8ecda at term 1 for becomeLeader, leader elected after 5040ms
2019-07-30 16:54:50,021 INFO  server.RaftServerConfigKeys (ConfUtils.java:logGet(43)) - raft.server.staging.catchup.gap = 1000 (default)
2019-07-30 16:54:50,021 INFO  server.RaftServerConfigKeys (ConfUtils.java:logGet(43)) - raft.server.rpc.sleep.time = 25ms (default)
2019-07-30 16:54:50,021 INFO  server.RaftServerConfigKeys (ConfUtils.java:logGet(43)) - raft.server.write.element-limit = 4096 (default)
2019-07-30 16:54:50,022 INFO  server.RaftServerConfigKeys (ConfUtils.java:logGet(43)) - raft.server.watch.timeout = 10s (default)
2019-07-30 16:54:50,022 INFO  server.RaftServerConfigKeys (ConfUtils.java:logGet(43)) - raft.server.watch.timeout.denomination = 1s (default)
2019-07-30 16:54:50,022 INFO  server.RaftServerConfigKeys (ConfUtils.java:logGet(43)) - raft.server.watch.element-limit = 65536 (default)
2019-07-30 16:54:50,022 INFO  impl.RoleInfo (RoleInfo.java:updateAndGet(143)) - ba0d0adc-a07a-43c2-96d4-26d9d5a8ecda: start LeaderState
2019-07-30 16:54:50,022 INFO  segmented.SegmentedRaftLogWorker (SegmentedRaftLogWorker.java:startLogSegment(380)) - ba0d0adc-a07a-43c2-96d4-26d9d5a8ecda-SegmentedRaftLogWorker:Storage Directory /workdir/hadoop-ozone/integration-test/target/test-dir/MiniOzoneClusterImpl-8aa59760-8ea0-430b-b32a-bf4dffd861b3/datanode-5/data/ratis/cef9debe-861b-4948-ab3c-2fd0ac98d545: Starting segment from index:0
2019-07-30 16:54:50,023 INFO  impl.RaftServerImpl (ServerState.java:setRaftConf(361)) - ba0d0adc-a07a-43c2-96d4-26d9d5a8ecda:group-2FD0AC98D545 set configuration 0: [ba0d0adc-a07a-43c2-96d4-26d9d5a8ecda:192.168.69.86:41793], old=null at 0
2019-07-30 16:54:50,029 INFO  impl.FollowerState (FollowerState.java:run(106)) - ce9de086-0fc2-499b-a826-2df935464cb8:group-DE83B14B8F0F changes to CANDIDATE, lastRpcTime:5126, electionTimeout:5126ms
2019-07-30 16:54:50,029 INFO  impl.RoleInfo (RoleInfo.java:shutdownFollowerState(121)) - ce9de086-0fc2-499b-a826-2df935464cb8: shutdown FollowerState
2019-07-30 16:54:50,029 INFO  impl.RaftServerImpl (RaftServerImpl.java:setRole(171)) - ce9de086-0fc2-499b-a826-2df935464cb8:group-DE83B14B8F0F changes role from FOLLOWER to CANDIDATE at term 0 for changeToCandidate
2019-07-30 16:54:50,029 INFO  impl.RoleInfo (RoleInfo.java:updateAndGet(143)) - ce9de086-0fc2-499b-a826-2df935464cb8: start LeaderElection
2019-07-30 16:54:50,064 INFO  segmented.SegmentedRaftLogWorker (SegmentedRaftLogWorker.java:execute(569)) - 550959b5-e0af-4075-aebe-8899b8070913-SegmentedRaftLogWorker:Storage Directory /workdir/hadoop-ozone/integration-test/target/test-dir/MiniOzoneClusterImpl-8aa59760-8ea0-430b-b32a-bf4dffd861b3/datanode-0/data/ratis/27db3bb7-f01c-4902-8c39-c12e7095f1f7: created new log segment /workdir/hadoop-ozone/integration-test/target/test-dir/MiniOzoneClusterImpl-8aa59760-8ea0-430b-b32a-bf4dffd861b3/datanode-0/data/ratis/27db3bb7-f01c-4902-8c39-c12e7095f1f7/current/log_inprogress_0
2019-07-30 16:54:50,064 INFO  impl.LeaderElection (LeaderElection.java:askForVotes(181)) - ce9de086-0fc2-499b-a826-2df935464cb8:group-DE83B14B8F0F:LeaderElection4: begin an election at term 1 for -1: [ce9de086-0fc2-499b-a826-2df935464cb8:192.168.69.86:33330], old=null
2019-07-30 16:54:50,064 INFO  segmented.SegmentedRaftLogWorker (SegmentedRaftLogWorker.java:execute(569)) - ba0d0adc-a07a-43c2-96d4-26d9d5a8ecda-SegmentedRaftLogWorker:Storage Directory /workdir/hadoop-ozone/integration-test/target/test-dir/MiniOzoneClusterImpl-8aa59760-8ea0-430b-b32a-bf4dffd861b3/datanode-5/data/ratis/cef9debe-861b-4948-ab3c-2fd0ac98d545: created new log segment /workdir/hadoop-ozone/integration-test/target/test-dir/MiniOzoneClusterImpl-8aa59760-8ea0-430b-b32a-bf4dffd861b3/datanode-5/data/ratis/cef9debe-861b-4948-ab3c-2fd0ac98d545/current/log_inprogress_0
2019-07-30 16:54:50,064 INFO  segmented.SegmentedRaftLogWorker (SegmentedRaftLogWorker.java:execute(569)) - ebe0a6b3-e916-46d4-ae0b-50d2ec3d57f4-SegmentedRaftLogWorker:Storage Directory /workdir/hadoop-ozone/integration-test/target/test-dir/MiniOzoneClusterImpl-8aa59760-8ea0-430b-b32a-bf4dffd861b3/datanode-4/data/ratis/16b03cdd-069f-4a05-839a-182968fbe1e5: created new log segment /workdir/hadoop-ozone/integration-test/target/test-dir/MiniOzoneClusterImpl-8aa59760-8ea0-430b-b32a-bf4dffd861b3/datanode-4/data/ratis/16b03cdd-069f-4a05-839a-182968fbe1e5/current/log_inprogress_0
2019-07-30 16:54:50,064 INFO  impl.RoleInfo (RoleInfo.java:shutdownLeaderElection(134)) - ce9de086-0fc2-499b-a826-2df935464cb8: shutdown LeaderElection
2019-07-30 16:54:50,068 INFO  impl.RaftServerImpl (RaftServerImpl.java:setRole(171)) - ce9de086-0fc2-499b-a826-2df935464cb8:group-DE83B14B8F0F changes role from CANDIDATE to LEADER at term 1 for changeToLeader
2019-07-30 16:54:50,068 INFO  impl.RaftServerImpl (ServerState.java:setLeader(263)) - ce9de086-0fc2-499b-a826-2df935464cb8:group-DE83B14B8F0F change Leader from null to ce9de086-0fc2-499b-a826-2df935464cb8 at term 1 for becomeLeader, leader elected after 5172ms
2019-07-30 16:54:50,070 INFO  server.RaftServerConfigKeys (ConfUtils.java:logGet(43)) - raft.server.staging.catchup.gap = 1000 (default)
2019-07-30 16:54:50,071 INFO  server.RaftServerConfigKeys (ConfUtils.java:logGet(43)) - raft.server.rpc.sleep.time = 25ms (default)
2019-07-30 16:54:50,071 INFO  server.RaftServerConfigKeys (ConfUtils.java:logGet(43)) - raft.server.write.element-limit = 4096 (default)
2019-07-30 16:54:50,071 INFO  server.RaftServerConfigKeys (ConfUtils.java:logGet(43)) - raft.server.watch.timeout = 10s (default)
2019-07-30 16:54:50,071 INFO  server.RaftServerConfigKeys (ConfUtils.java:logGet(43)) - raft.server.watch.timeout.denomination = 1s (default)
2019-07-30 16:54:50,071 INFO  server.RaftServerConfigKeys (ConfUtils.java:logGet(43)) - raft.server.watch.element-limit = 65536 (default)
2019-07-30 16:54:50,072 INFO  impl.RoleInfo (RoleInfo.java:updateAndGet(143)) - ce9de086-0fc2-499b-a826-2df935464cb8: start LeaderState
2019-07-30 16:54:50,072 INFO  segmented.SegmentedRaftLogWorker (SegmentedRaftLogWorker.java:startLogSegment(380)) - ce9de086-0fc2-499b-a826-2df935464cb8-SegmentedRaftLogWorker:Storage Directory /workdir/hadoop-ozone/integration-test/target/test-dir/MiniOzoneClusterImpl-8aa59760-8ea0-430b-b32a-bf4dffd861b3/datanode-2/data/ratis/8b1fe287-2044-4ef5-a2f7-de83b14b8f0f: Starting segment from index:0
2019-07-30 16:54:50,073 INFO  impl.RaftServerImpl (ServerState.java:setRaftConf(361)) - ce9de086-0fc2-499b-a826-2df935464cb8:group-DE83B14B8F0F set configuration 0: [ce9de086-0fc2-499b-a826-2df935464cb8:192.168.69.86:33330], old=null at 0
2019-07-30 16:54:50,090 INFO  impl.FollowerState (FollowerState.java:run(106)) - a5983492-3cfc-4d82-90ca-e84276d32f57:group-700C6A084123 changes to CANDIDATE, lastRpcTime:5018, electionTimeout:5012ms
2019-07-30 16:54:50,092 INFO  impl.RoleInfo (RoleInfo.java:shutdownFollowerState(121)) - a5983492-3cfc-4d82-90ca-e84276d32f57: shutdown FollowerState
2019-07-30 16:54:50,092 INFO  impl.RaftServerImpl (RaftServerImpl.java:setRole(171)) - a5983492-3cfc-4d82-90ca-e84276d32f57:group-700C6A084123 changes role from FOLLOWER to CANDIDATE at term 0 for changeToCandidate
2019-07-30 16:54:50,092 INFO  impl.RoleInfo (RoleInfo.java:updateAndGet(143)) - a5983492-3cfc-4d82-90ca-e84276d32f57: start LeaderElection
2019-07-30 16:54:50,105 INFO  segmented.SegmentedRaftLogWorker (SegmentedRaftLogWorker.java:execute(569)) - ce9de086-0fc2-499b-a826-2df935464cb8-SegmentedRaftLogWorker:Storage Directory /workdir/hadoop-ozone/integration-test/target/test-dir/MiniOzoneClusterImpl-8aa59760-8ea0-430b-b32a-bf4dffd861b3/datanode-2/data/ratis/8b1fe287-2044-4ef5-a2f7-de83b14b8f0f: created new log segment /workdir/hadoop-ozone/integration-test/target/test-dir/MiniOzoneClusterImpl-8aa59760-8ea0-430b-b32a-bf4dffd861b3/datanode-2/data/ratis/8b1fe287-2044-4ef5-a2f7-de83b14b8f0f/current/log_inprogress_0
2019-07-30 16:54:50,105 INFO  impl.LeaderElection (LeaderElection.java:askForVotes(181)) - a5983492-3cfc-4d82-90ca-e84276d32f57:group-700C6A084123:LeaderElection5: begin an election at term 1 for -1: [a5983492-3cfc-4d82-90ca-e84276d32f57:192.168.69.86:42731], old=null
2019-07-30 16:54:50,105 INFO  impl.RoleInfo (RoleInfo.java:shutdownLeaderElection(134)) - a5983492-3cfc-4d82-90ca-e84276d32f57: shutdown LeaderElection
2019-07-30 16:54:50,105 INFO  impl.RaftServerImpl (RaftServerImpl.java:setRole(171)) - a5983492-3cfc-4d82-90ca-e84276d32f57:group-700C6A084123 changes role from CANDIDATE to LEADER at term 1 for changeToLeader
2019-07-30 16:54:50,105 INFO  impl.RaftServerImpl (ServerState.java:setLeader(263)) - a5983492-3cfc-4d82-90ca-e84276d32f57:group-700C6A084123 change Leader from null to a5983492-3cfc-4d82-90ca-e84276d32f57 at term 1 for becomeLeader, leader elected after 5037ms
2019-07-30 16:54:50,107 INFO  server.RaftServerConfigKeys (ConfUtils.java:logGet(43)) - raft.server.staging.catchup.gap = 1000 (default)
2019-07-30 16:54:50,107 INFO  server.RaftServerConfigKeys (ConfUtils.java:logGet(43)) - raft.server.rpc.sleep.time = 25ms (default)
2019-07-30 16:54:50,108 INFO  server.RaftServerConfigKeys (ConfUtils.java:logGet(43)) - raft.server.write.element-limit = 4096 (default)
2019-07-30 16:54:50,108 INFO  server.RaftServerConfigKeys (ConfUtils.java:logGet(43)) - raft.server.watch.timeout = 10s (default)
2019-07-30 16:54:50,108 INFO  server.RaftServerConfigKeys (ConfUtils.java:logGet(43)) - raft.server.watch.timeout.denomination = 1s (default)
2019-07-30 16:54:50,108 INFO  server.RaftServerConfigKeys (ConfUtils.java:logGet(43)) - raft.server.watch.element-limit = 65536 (default)
2019-07-30 16:54:50,109 INFO  impl.RoleInfo (RoleInfo.java:updateAndGet(143)) - a5983492-3cfc-4d82-90ca-e84276d32f57: start LeaderState
2019-07-30 16:54:50,109 INFO  segmented.SegmentedRaftLogWorker (SegmentedRaftLogWorker.java:startLogSegment(380)) - a5983492-3cfc-4d82-90ca-e84276d32f57-SegmentedRaftLogWorker:Storage Directory /workdir/hadoop-ozone/integration-test/target/test-dir/MiniOzoneClusterImpl-8aa59760-8ea0-430b-b32a-bf4dffd861b3/datanode-1/data/ratis/7f955862-dbb3-4d30-9ae1-700c6a084123: Starting segment from index:0
2019-07-30 16:54:50,110 INFO  impl.RaftServerImpl (ServerState.java:setRaftConf(361)) - a5983492-3cfc-4d82-90ca-e84276d32f57:group-700C6A084123 set configuration 0: [a5983492-3cfc-4d82-90ca-e84276d32f57:192.168.69.86:42731], old=null at 0
2019-07-30 16:54:50,143 INFO  segmented.SegmentedRaftLogWorker (SegmentedRaftLogWorker.java:execute(569)) - a5983492-3cfc-4d82-90ca-e84276d32f57-SegmentedRaftLogWorker:Storage Directory /workdir/hadoop-ozone/integration-test/target/test-dir/MiniOzoneClusterImpl-8aa59760-8ea0-430b-b32a-bf4dffd861b3/datanode-1/data/ratis/7f955862-dbb3-4d30-9ae1-700c6a084123: created new log segment /workdir/hadoop-ozone/integration-test/target/test-dir/MiniOzoneClusterImpl-8aa59760-8ea0-430b-b32a-bf4dffd861b3/datanode-1/data/ratis/7f955862-dbb3-4d30-9ae1-700c6a084123/current/log_inprogress_0
2019-07-30 16:54:50,290 INFO  client.GrpcClientProtocolClient (GrpcClientProtocolClient.java:onNext(255)) - client-A69FE5427F23->ba0d0adc-a07a-43c2-96d4-26d9d5a8ecda: receive RaftClientReply:client-A69FE5427F23->ba0d0adc-a07a-43c2-96d4-26d9d5a8ecda@group-7882095589CA, cid=12, FAILED org.apache.ratis.protocol.NotLeaderException: Server ba0d0adc-a07a-43c2-96d4-26d9d5a8ecda is not the leader (null). Request must be sent to leader., logIndex=0, commits[ba0d0adc-a07a-43c2-96d4-26d9d5a8ecda:c-1]
2019-07-30 16:54:50,312 WARN  io.KeyOutputStream (KeyOutputStream.java:handleException(276)) - Encountered exception java.io.IOException: Unexpected Storage Container Exception: java.util.concurrent.CompletionException: java.util.concurrent.CompletionException: org.apache.ratis.protocol.RaftRetryFailureException: Failed RaftClientRequest:client-A69FE5427F23->ba0d0adc-a07a-43c2-96d4-26d9d5a8ecda@group-7882095589CA, cid=12, seq=1*, RW, org.apache.hadoop.hdds.scm.XceiverClientRatis$$Lambda$314/1993403607@6209edab for 5 attempts with RetryLimited(maxAttempts=5, sleepTime=1000ms) on the pipeline Pipeline[ Id: 0d89f963-3d4d-4514-951a-7882095589ca, Nodes: ba0d0adc-a07a-43c2-96d4-26d9d5a8ecda{ip: 192.168.69.86, host: byscane-nightly-58zn2-384979956, networkLocation: /default-rack, certSerialId: null}a5983492-3cfc-4d82-90ca-e84276d32f57{ip: 192.168.69.86, host: byscane-nightly-58zn2-384979956, networkLocation: /default-rack, certSerialId: null}51864b70-2344-4c10-8fd2-4bf214d4519c{ip: 192.168.69.86, host: byscane-nightly-58zn2-384979956, networkLocation: /default-rack, certSerialId: null}, Type:RATIS, Factor:THREE, State:OPEN]. The last committed block length is 0, uncommitted data length is 2097152 retry count 0
2019-07-30 16:54:50,332 INFO  impl.FollowerState (FollowerState.java:run(106)) - 51864b70-2344-4c10-8fd2-4bf214d4519c:group-14D32BE24DA7 changes to CANDIDATE, lastRpcTime:5167, electionTimeout:5167ms
2019-07-30 16:54:50,332 INFO  impl.RoleInfo (RoleInfo.java:shutdownFollowerState(121)) - 51864b70-2344-4c10-8fd2-4bf214d4519c: shutdown FollowerState
2019-07-30 16:54:50,332 INFO  impl.RaftServerImpl (RaftServerImpl.java:setRole(171)) - 51864b70-2344-4c10-8fd2-4bf214d4519c:group-14D32BE24DA7 changes role from FOLLOWER to CANDIDATE at term 0 for changeToCandidate
2019-07-30 16:54:50,333 INFO  impl.RoleInfo (RoleInfo.java:updateAndGet(143)) - 51864b70-2344-4c10-8fd2-4bf214d4519c: start LeaderElection
2019-07-30 16:54:50,351 INFO  impl.LeaderElection (LeaderElection.java:askForVotes(181)) - 51864b70-2344-4c10-8fd2-4bf214d4519c:group-14D32BE24DA7:LeaderElection6: begin an election at term 1 for -1: [51864b70-2344-4c10-8fd2-4bf214d4519c:192.168.69.86:45349], old=null
2019-07-30 16:54:50,358 INFO  impl.RoleInfo (RoleInfo.java:shutdownLeaderElection(134)) - 51864b70-2344-4c10-8fd2-4bf214d4519c: shutdown LeaderElection
2019-07-30 16:54:50,359 INFO  impl.RaftServerImpl (RaftServerImpl.java:setRole(171)) - 51864b70-2344-4c10-8fd2-4bf214d4519c:group-14D32BE24DA7 changes role from CANDIDATE to LEADER at term 1 for changeToLeader
2019-07-30 16:54:50,359 INFO  impl.RaftServerImpl (ServerState.java:setLeader(263)) - 51864b70-2344-4c10-8fd2-4bf214d4519c:group-14D32BE24DA7 change Leader from null to 51864b70-2344-4c10-8fd2-4bf214d4519c at term 1 for becomeLeader, leader elected after 5200ms
2019-07-30 16:54:50,361 INFO  server.RaftServerConfigKeys (ConfUtils.java:logGet(43)) - raft.server.staging.catchup.gap = 1000 (default)
2019-07-30 16:54:50,361 INFO  server.RaftServerConfigKeys (ConfUtils.java:logGet(43)) - raft.server.rpc.sleep.time = 25ms (default)
2019-07-30 16:54:50,361 INFO  server.RaftServerConfigKeys (ConfUtils.java:logGet(43)) - raft.server.write.element-limit = 4096 (default)
2019-07-30 16:54:50,361 INFO  server.RaftServerConfigKeys (ConfUtils.java:logGet(43)) - raft.server.watch.timeout = 10s (default)
2019-07-30 16:54:50,361 INFO  server.RaftServerConfigKeys (ConfUtils.java:logGet(43)) - raft.server.watch.timeout.denomination = 1s (default)
2019-07-30 16:54:50,362 INFO  server.RaftServerConfigKeys (ConfUtils.java:logGet(43)) - raft.server.watch.element-limit = 65536 (default)
2019-07-30 16:54:50,362 INFO  impl.RoleInfo (RoleInfo.java:updateAndGet(143)) - 51864b70-2344-4c10-8fd2-4bf214d4519c: start LeaderState
2019-07-30 16:54:50,362 INFO  segmented.SegmentedRaftLogWorker (SegmentedRaftLogWorker.java:startLogSegment(380)) - 51864b70-2344-4c10-8fd2-4bf214d4519c-SegmentedRaftLogWorker:Storage Directory /workdir/hadoop-ozone/integration-test/target/test-dir/MiniOzoneClusterImpl-8aa59760-8ea0-430b-b32a-bf4dffd861b3/datanode-3/data/ratis/6fcf0fb4-c880-49ea-9e93-14d32be24da7: Starting segment from index:0
2019-07-30 16:54:50,363 INFO  impl.RaftServerImpl (ServerState.java:setRaftConf(361)) - 51864b70-2344-4c10-8fd2-4bf214d4519c:group-14D32BE24DA7 set configuration 0: [51864b70-2344-4c10-8fd2-4bf214d4519c:192.168.69.86:45349], old=null at 0
2019-07-30 16:54:50,394 INFO  segmented.SegmentedRaftLogWorker (SegmentedRaftLogWorker.java:execute(569)) - 51864b70-2344-4c10-8fd2-4bf214d4519c-SegmentedRaftLogWorker:Storage Directory /workdir/hadoop-ozone/integration-test/target/test-dir/MiniOzoneClusterImpl-8aa59760-8ea0-430b-b32a-bf4dffd861b3/datanode-3/data/ratis/6fcf0fb4-c880-49ea-9e93-14d32be24da7: created new log segment /workdir/hadoop-ozone/integration-test/target/test-dir/MiniOzoneClusterImpl-8aa59760-8ea0-430b-b32a-bf4dffd861b3/datanode-3/data/ratis/6fcf0fb4-c880-49ea-9e93-14d32be24da7/current/log_inprogress_0
2019-07-30 16:54:50,400 INFO  impl.FollowerState (FollowerState.java:run(106)) - ce9de086-0fc2-499b-a826-2df935464cb8:group-50048313A329 changes to CANDIDATE, lastRpcTime:5114, electionTimeout:5114ms
2019-07-30 16:54:50,400 INFO  impl.RoleInfo (RoleInfo.java:shutdownFollowerState(121)) - ce9de086-0fc2-499b-a826-2df935464cb8: shutdown FollowerState
2019-07-30 16:54:50,400 INFO  impl.RaftServerImpl (RaftServerImpl.java:setRole(171)) - ce9de086-0fc2-499b-a826-2df935464cb8:group-50048313A329 changes role from FOLLOWER to CANDIDATE at term 0 for changeToCandidate
2019-07-30 16:54:50,400 INFO  impl.RoleInfo (RoleInfo.java:updateAndGet(143)) - ce9de086-0fc2-499b-a826-2df935464cb8: start LeaderElection
2019-07-30 16:54:50,409 INFO  impl.LeaderElection (LeaderElection.java:askForVotes(181)) - ce9de086-0fc2-499b-a826-2df935464cb8:group-50048313A329:LeaderElection7: begin an election at term 1 for -1: [ebe0a6b3-e916-46d4-ae0b-50d2ec3d57f4:192.168.69.86:37139, ce9de086-0fc2-499b-a826-2df935464cb8:192.168.69.86:33330, 550959b5-e0af-4075-aebe-8899b8070913:192.168.69.86:33345], old=null
2019-07-30 16:54:50,415 INFO  impl.FollowerState (FollowerState.java:run(106)) - 550959b5-e0af-4075-aebe-8899b8070913:group-50048313A329 changes to CANDIDATE, lastRpcTime:5130, electionTimeout:5130ms
2019-07-30 16:54:50,415 INFO  impl.RoleInfo (RoleInfo.java:shutdownFollowerState(121)) - 550959b5-e0af-4075-aebe-8899b8070913: shutdown FollowerState
2019-07-30 16:54:50,415 INFO  impl.RaftServerImpl (RaftServerImpl.java:setRole(171)) - 550959b5-e0af-4075-aebe-8899b8070913:group-50048313A329 changes role from FOLLOWER to CANDIDATE at term 0 for changeToCandidate
2019-07-30 16:54:50,417 INFO  impl.RoleInfo (RoleInfo.java:updateAndGet(143)) - 550959b5-e0af-4075-aebe-8899b8070913: start LeaderElection
2019-07-30 16:54:50,423 INFO  client.GrpcClientProtocolClient (GrpcClientProtocolClient.java:onNext(255)) - client-5570F922B002->ebe0a6b3-e916-46d4-ae0b-50d2ec3d57f4: receive RaftClientReply:client-5570F922B002->ebe0a6b3-e916-46d4-ae0b-50d2ec3d57f4@group-50048313A329, cid=16, FAILED org.apache.ratis.protocol.NotLeaderException: Server ebe0a6b3-e916-46d4-ae0b-50d2ec3d57f4 is not the leader (null). Request must be sent to leader., logIndex=0, commits[ebe0a6b3-e916-46d4-ae0b-50d2ec3d57f4:c-1]
2019-07-30 16:54:50,432 INFO  impl.FollowerState (FollowerState.java:run(106)) - ebe0a6b3-e916-46d4-ae0b-50d2ec3d57f4:group-50048313A329 changes to CANDIDATE, lastRpcTime:5164, electionTimeout:5164ms
2019-07-30 16:54:50,432 INFO  impl.RoleInfo (RoleInfo.java:shutdownFollowerState(121)) - ebe0a6b3-e916-46d4-ae0b-50d2ec3d57f4: shutdown FollowerState
2019-07-30 16:54:50,432 INFO  impl.RaftServerImpl (RaftServerImpl.java:setRole(171)) - ebe0a6b3-e916-46d4-ae0b-50d2ec3d57f4:group-50048313A329 changes role from FOLLOWER to CANDIDATE at term 0 for changeToCandidate
2019-07-30 16:54:50,432 INFO  impl.RoleInfo (RoleInfo.java:updateAndGet(143)) - ebe0a6b3-e916-46d4-ae0b-50d2ec3d57f4: start LeaderElection
2019-07-30 16:54:50,455 INFO  impl.FollowerState (FollowerState.java:run(106)) - 51864b70-2344-4c10-8fd2-4bf214d4519c:group-7882095589CA changes to CANDIDATE, lastRpcTime:5058, electionTimeout:5054ms
2019-07-30 16:54:50,455 INFO  impl.FollowerState (FollowerState.java:run(106)) - a5983492-3cfc-4d82-90ca-e84276d32f57:group-7882095589CA changes to CANDIDATE, lastRpcTime:5061, electionTimeout:5053ms
2019-07-30 16:54:50,455 INFO  impl.RoleInfo (RoleInfo.java:shutdownFollowerState(121)) - 51864b70-2344-4c10-8fd2-4bf214d4519c: shutdown FollowerState
2019-07-30 16:54:50,455 INFO  impl.LeaderElection (LeaderElection.java:askForVotes(181)) - ebe0a6b3-e916-46d4-ae0b-50d2ec3d57f4:group-50048313A329:LeaderElection9: begin an election at term 1 for -1: [ebe0a6b3-e916-46d4-ae0b-50d2ec3d57f4:192.168.69.86:37139, ce9de086-0fc2-499b-a826-2df935464cb8:192.168.69.86:33330, 550959b5-e0af-4075-aebe-8899b8070913:192.168.69.86:33345], old=null
2019-07-30 16:54:50,455 INFO  impl.RaftServerImpl (RaftServerImpl.java:setRole(171)) - 51864b70-2344-4c10-8fd2-4bf214d4519c:group-7882095589CA changes role from FOLLOWER to CANDIDATE at term 0 for changeToCandidate
2019-07-30 16:54:50,455 INFO  impl.LeaderElection (LeaderElection.java:askForVotes(181)) - 550959b5-e0af-4075-aebe-8899b8070913:group-50048313A329:LeaderElection8: begin an election at term 1 for -1: [ebe0a6b3-e916-46d4-ae0b-50d2ec3d57f4:192.168.69.86:37139, ce9de086-0fc2-499b-a826-2df935464cb8:192.168.69.86:33330, 550959b5-e0af-4075-aebe-8899b8070913:192.168.69.86:33345], old=null
2019-07-30 16:54:50,455 INFO  impl.RoleInfo (RoleInfo.java:shutdownFollowerState(121)) - a5983492-3cfc-4d82-90ca-e84276d32f57: shutdown FollowerState
2019-07-30 16:54:50,456 INFO  impl.RoleInfo (RoleInfo.java:updateAndGet(143)) - 51864b70-2344-4c10-8fd2-4bf214d4519c: start LeaderElection
2019-07-30 16:54:50,456 INFO  impl.RaftServerImpl (RaftServerImpl.java:setRole(171)) - a5983492-3cfc-4d82-90ca-e84276d32f57:group-7882095589CA changes role from FOLLOWER to CANDIDATE at term 0 for changeToCandidate
2019-07-30 16:54:50,456 INFO  impl.RoleInfo (RoleInfo.java:updateAndGet(143)) - a5983492-3cfc-4d82-90ca-e84276d32f57: start LeaderElection
2019-07-30 16:54:50,464 INFO  impl.FollowerState (FollowerState.java:run(106)) - ba0d0adc-a07a-43c2-96d4-26d9d5a8ecda:group-7882095589CA changes to CANDIDATE, lastRpcTime:5078, electionTimeout:5076ms
2019-07-30 16:54:50,464 INFO  impl.RoleInfo (RoleInfo.java:shutdownFollowerState(121)) - ba0d0adc-a07a-43c2-96d4-26d9d5a8ecda: shutdown FollowerState
2019-07-30 16:54:50,466 INFO  impl.RaftServerImpl (RaftServerImpl.java:setRole(171)) - ba0d0adc-a07a-43c2-96d4-26d9d5a8ecda:group-7882095589CA changes role from FOLLOWER to CANDIDATE at term 0 for changeToCandidate
2019-07-30 16:54:50,467 INFO  impl.RoleInfo (RoleInfo.java:updateAndGet(143)) - ba0d0adc-a07a-43c2-96d4-26d9d5a8ecda: start LeaderElection
2019-07-30 16:54:50,498 INFO  impl.LeaderElection (LeaderElection.java:askForVotes(181)) - ba0d0adc-a07a-43c2-96d4-26d9d5a8ecda:group-7882095589CA:LeaderElection12: begin an election at term 1 for -1: [51864b70-2344-4c10-8fd2-4bf214d4519c:192.168.69.86:45349, a5983492-3cfc-4d82-90ca-e84276d32f57:192.168.69.86:42731, ba0d0adc-a07a-43c2-96d4-26d9d5a8ecda:192.168.69.86:41793], old=null
2019-07-30 16:54:50,498 INFO  impl.LeaderElection (LeaderElection.java:askForVotes(181)) - 51864b70-2344-4c10-8fd2-4bf214d4519c:group-7882095589CA:LeaderElection10: begin an election at term 1 for -1: [51864b70-2344-4c10-8fd2-4bf214d4519c:192.168.69.86:45349, a5983492-3cfc-4d82-90ca-e84276d32f57:192.168.69.86:42731, ba0d0adc-a07a-43c2-96d4-26d9d5a8ecda:192.168.69.86:41793], old=null
2019-07-30 16:54:50,498 INFO  impl.LeaderElection (LeaderElection.java:askForVotes(181)) - a5983492-3cfc-4d82-90ca-e84276d32f57:group-7882095589CA:LeaderElection11: begin an election at term 1 for -1: [51864b70-2344-4c10-8fd2-4bf214d4519c:192.168.69.86:45349, a5983492-3cfc-4d82-90ca-e84276d32f57:192.168.69.86:42731, ba0d0adc-a07a-43c2-96d4-26d9d5a8ecda:192.168.69.86:41793], old=null
2019-07-30 16:54:50,523 INFO  impl.LeaderElection (LeaderElection.java:logAndReturn(56)) - ebe0a6b3-e916-46d4-ae0b-50d2ec3d57f4:group-50048313A329:LeaderElection9: Election REJECTED; received 2 response(s) [ebe0a6b3-e916-46d4-ae0b-50d2ec3d57f4<-ce9de086-0fc2-499b-a826-2df935464cb8#0:FAIL-t1, ebe0a6b3-e916-46d4-ae0b-50d2ec3d57f4<-550959b5-e0af-4075-aebe-8899b8070913#0:FAIL-t1] and 0 exception(s); ebe0a6b3-e916-46d4-ae0b-50d2ec3d57f4:t1, leader=null, voted=ebe0a6b3-e916-46d4-ae0b-50d2ec3d57f4, raftlog=ebe0a6b3-e916-46d4-ae0b-50d2ec3d57f4-SegmentedRaftLog:OPENED:c-1,f-1,i0, conf=-1: [ebe0a6b3-e916-46d4-ae0b-50d2ec3d57f4:192.168.69.86:37139, ce9de086-0fc2-499b-a826-2df935464cb8:192.168.69.86:33330, 550959b5-e0af-4075-aebe-8899b8070913:192.168.69.86:33345], old=null
2019-07-30 16:54:50,523 INFO  impl.LeaderElection (LeaderElection.java:logAndReturn(56)) - ce9de086-0fc2-499b-a826-2df935464cb8:group-50048313A329:LeaderElection7: Election REJECTED; received 2 response(s) [ce9de086-0fc2-499b-a826-2df935464cb8<-ebe0a6b3-e916-46d4-ae0b-50d2ec3d57f4#0:FAIL-t1, ce9de086-0fc2-499b-a826-2df935464cb8<-550959b5-e0af-4075-aebe-8899b8070913#0:FAIL-t1] and 0 exception(s); ce9de086-0fc2-499b-a826-2df935464cb8:t1, leader=null, voted=ce9de086-0fc2-499b-a826-2df935464cb8, raftlog=ce9de086-0fc2-499b-a826-2df935464cb8-SegmentedRaftLog:OPENED:c-1,f-1,i0, conf=-1: [ebe0a6b3-e916-46d4-ae0b-50d2ec3d57f4:192.168.69.86:37139, ce9de086-0fc2-499b-a826-2df935464cb8:192.168.69.86:33330, 550959b5-e0af-4075-aebe-8899b8070913:192.168.69.86:33345], old=null
2019-07-30 16:54:50,524 INFO  impl.LeaderElection (LeaderElection.java:logAndReturn(56)) - 550959b5-e0af-4075-aebe-8899b8070913:group-50048313A329:LeaderElection8: Election REJECTED; received 2 response(s) [550959b5-e0af-4075-aebe-8899b8070913<-ebe0a6b3-e916-46d4-ae0b-50d2ec3d57f4#0:FAIL-t1, 550959b5-e0af-4075-aebe-8899b8070913<-ce9de086-0fc2-499b-a826-2df935464cb8#0:FAIL-t1] and 0 exception(s); 550959b5-e0af-4075-aebe-8899b8070913:t1, leader=null, voted=550959b5-e0af-4075-aebe-8899b8070913, raftlog=550959b5-e0af-4075-aebe-8899b8070913-SegmentedRaftLog:OPENED:c-1,f-1,i0, conf=-1: [ebe0a6b3-e916-46d4-ae0b-50d2ec3d57f4:192.168.69.86:37139, ce9de086-0fc2-499b-a826-2df935464cb8:192.168.69.86:33330, 550959b5-e0af-4075-aebe-8899b8070913:192.168.69.86:33345], old=null
2019-07-30 16:54:50,530 INFO  impl.RaftServerImpl (RaftServerImpl.java:setRole(171)) - ce9de086-0fc2-499b-a826-2df935464cb8:group-50048313A329 changes role from CANDIDATE to FOLLOWER at term 1 for DISCOVERED_A_NEW_TERM
2019-07-30 16:54:50,530 INFO  impl.RaftServerImpl (RaftServerImpl.java:setRole(171)) - ebe0a6b3-e916-46d4-ae0b-50d2ec3d57f4:group-50048313A329 changes role from CANDIDATE to FOLLOWER at term 1 for DISCOVERED_A_NEW_TERM
2019-07-30 16:54:50,533 INFO  impl.RaftServerImpl (RaftServerImpl.java:setRole(171)) - 550959b5-e0af-4075-aebe-8899b8070913:group-50048313A329 changes role from CANDIDATE to FOLLOWER at term 1 for DISCOVERED_A_NEW_TERM
2019-07-30 16:54:50,531 INFO  impl.RoleInfo (RoleInfo.java:shutdownLeaderElection(134)) - ce9de086-0fc2-499b-a826-2df935464cb8: shutdown LeaderElection
2019-07-30 16:54:50,533 INFO  impl.RoleInfo (RoleInfo.java:shutdownLeaderElection(134)) - ebe0a6b3-e916-46d4-ae0b-50d2ec3d57f4: shutdown LeaderElection
2019-07-30 16:54:50,538 INFO  impl.RoleInfo (RoleInfo.java:updateAndGet(143)) - ce9de086-0fc2-499b-a826-2df935464cb8: start FollowerState
2019-07-30 16:54:50,533 INFO  impl.RoleInfo (RoleInfo.java:shutdownLeaderElection(134)) - 550959b5-e0af-4075-aebe-8899b8070913: shutdown LeaderElection
2019-07-30 16:54:50,540 INFO  impl.RoleInfo (RoleInfo.java:updateAndGet(143)) - ebe0a6b3-e916-46d4-ae0b-50d2ec3d57f4: start FollowerState
2019-07-30 16:54:50,544 INFO  impl.RoleInfo (RoleInfo.java:updateAndGet(143)) - 550959b5-e0af-4075-aebe-8899b8070913: start FollowerState
2019-07-30 16:54:50,565 INFO  impl.LeaderElection (LeaderElection.java:logAndReturn(56)) - 51864b70-2344-4c10-8fd2-4bf214d4519c:group-7882095589CA:LeaderElection10: Election REJECTED; received 2 response(s) [51864b70-2344-4c10-8fd2-4bf214d4519c<-a5983492-3cfc-4d82-90ca-e84276d32f57#0:FAIL-t1, 51864b70-2344-4c10-8fd2-4bf214d4519c<-ba0d0adc-a07a-43c2-96d4-26d9d5a8ecda#0:FAIL-t1] and 0 exception(s); 51864b70-2344-4c10-8fd2-4bf214d4519c:t1, leader=null, voted=51864b70-2344-4c10-8fd2-4bf214d4519c, raftlog=51864b70-2344-4c10-8fd2-4bf214d4519c-SegmentedRaftLog:OPENED:c-1,f-1,i0, conf=-1: [51864b70-2344-4c10-8fd2-4bf214d4519c:192.168.69.86:45349, a5983492-3cfc-4d82-90ca-e84276d32f57:192.168.69.86:42731, ba0d0adc-a07a-43c2-96d4-26d9d5a8ecda:192.168.69.86:41793], old=null
2019-07-30 16:54:50,566 INFO  impl.RaftServerImpl (RaftServerImpl.java:setRole(171)) - 51864b70-2344-4c10-8fd2-4bf214d4519c:group-7882095589CA changes role from CANDIDATE to FOLLOWER at term 1 for DISCOVERED_A_NEW_TERM
2019-07-30 16:54:50,569 INFO  impl.RoleInfo (RoleInfo.java:shutdownLeaderElection(134)) - 51864b70-2344-4c10-8fd2-4bf214d4519c: shutdown LeaderElection
2019-07-30 16:54:50,569 INFO  impl.RoleInfo (RoleInfo.java:updateAndGet(143)) - 51864b70-2344-4c10-8fd2-4bf214d4519c: start FollowerState
2019-07-30 16:54:50,576 INFO  impl.LeaderElection (LeaderElection.java:logAndReturn(56)) - ba0d0adc-a07a-43c2-96d4-26d9d5a8ecda:group-7882095589CA:LeaderElection12: Election REJECTED; received 2 response(s) [ba0d0adc-a07a-43c2-96d4-26d9d5a8ecda<-51864b70-2344-4c10-8fd2-4bf214d4519c#0:FAIL-t1, ba0d0adc-a07a-43c2-96d4-26d9d5a8ecda<-a5983492-3cfc-4d82-90ca-e84276d32f57#0:FAIL-t1] and 0 exception(s); ba0d0adc-a07a-43c2-96d4-26d9d5a8ecda:t1, leader=null, voted=ba0d0adc-a07a-43c2-96d4-26d9d5a8ecda, raftlog=ba0d0adc-a07a-43c2-96d4-26d9d5a8ecda-SegmentedRaftLog:OPENED:c-1,f-1,i0, conf=-1: [51864b70-2344-4c10-8fd2-4bf214d4519c:192.168.69.86:45349, a5983492-3cfc-4d82-90ca-e84276d32f57:192.168.69.86:42731, ba0d0adc-a07a-43c2-96d4-26d9d5a8ecda:192.168.69.86:41793], old=null
2019-07-30 16:54:50,577 INFO  impl.RaftServerImpl (RaftServerImpl.java:setRole(171)) - ba0d0adc-a07a-43c2-96d4-26d9d5a8ecda:group-7882095589CA changes role from CANDIDATE to FOLLOWER at term 1 for DISCOVERED_A_NEW_TERM
2019-07-30 16:54:50,586 INFO  impl.RoleInfo (RoleInfo.java:shutdownLeaderElection(134)) - ba0d0adc-a07a-43c2-96d4-26d9d5a8ecda: shutdown LeaderElection
2019-07-30 16:54:50,586 INFO  impl.RoleInfo (RoleInfo.java:updateAndGet(143)) - ba0d0adc-a07a-43c2-96d4-26d9d5a8ecda: start FollowerState
2019-07-30 16:54:50,587 INFO  impl.LeaderElection (LeaderElection.java:logAndReturn(56)) - a5983492-3cfc-4d82-90ca-e84276d32f57:group-7882095589CA:LeaderElection11: Election REJECTED; received 2 response(s) [a5983492-3cfc-4d82-90ca-e84276d32f57<-51864b70-2344-4c10-8fd2-4bf214d4519c#0:FAIL-t1, a5983492-3cfc-4d82-90ca-e84276d32f57<-ba0d0adc-a07a-43c2-96d4-26d9d5a8ecda#0:FAIL-t1] and 0 exception(s); a5983492-3cfc-4d82-90ca-e84276d32f57:t1, leader=null, voted=a5983492-3cfc-4d82-90ca-e84276d32f57, raftlog=a5983492-3cfc-4d82-90ca-e84276d32f57-SegmentedRaftLog:OPENED:c-1,f-1,i0, conf=-1: [51864b70-2344-4c10-8fd2-4bf214d4519c:192.168.69.86:45349, a5983492-3cfc-4d82-90ca-e84276d32f57:192.168.69.86:42731, ba0d0adc-a07a-43c2-96d4-26d9d5a8ecda:192.168.69.86:41793], old=null
2019-07-30 16:54:50,589 INFO  impl.RaftServerImpl (RaftServerImpl.java:setRole(171)) - a5983492-3cfc-4d82-90ca-e84276d32f57:group-7882095589CA changes role from CANDIDATE to FOLLOWER at term 1 for DISCOVERED_A_NEW_TERM
2019-07-30 16:54:50,589 INFO  impl.RoleInfo (RoleInfo.java:shutdownLeaderElection(134)) - a5983492-3cfc-4d82-90ca-e84276d32f57: shutdown LeaderElection
2019-07-30 16:54:50,589 INFO  impl.RoleInfo (RoleInfo.java:updateAndGet(143)) - a5983492-3cfc-4d82-90ca-e84276d32f57: start FollowerState
2019-07-30 16:54:51,459 INFO  client.GrpcClientProtocolClient (GrpcClientProtocolClient.java:onNext(255)) - client-5570F922B002->ce9de086-0fc2-499b-a826-2df935464cb8: receive RaftClientReply:client-5570F922B002->ce9de086-0fc2-499b-a826-2df935464cb8@group-50048313A329, cid=16, FAILED org.apache.ratis.protocol.NotLeaderException: Server ce9de086-0fc2-499b-a826-2df935464cb8 is not the leader (null). Request must be sent to leader., logIndex=0, commits[ce9de086-0fc2-499b-a826-2df935464cb8:c-1]
2019-07-30 16:54:52,493 INFO  client.GrpcClientProtocolClient (GrpcClientProtocolClient.java:onNext(255)) - client-5570F922B002->550959b5-e0af-4075-aebe-8899b8070913: receive RaftClientReply:client-5570F922B002->550959b5-e0af-4075-aebe-8899b8070913@group-50048313A329, cid=16, FAILED org.apache.ratis.protocol.NotLeaderException: Server 550959b5-e0af-4075-aebe-8899b8070913 is not the leader (null). Request must be sent to leader., logIndex=0, commits[550959b5-e0af-4075-aebe-8899b8070913:c-1]
2019-07-30 16:54:53,530 INFO  client.GrpcClientProtocolClient (GrpcClientProtocolClient.java:onNext(255)) - client-5570F922B002->ce9de086-0fc2-499b-a826-2df935464cb8: receive RaftClientReply:client-5570F922B002->ce9de086-0fc2-499b-a826-2df935464cb8@group-50048313A329, cid=16, FAILED org.apache.ratis.protocol.NotLeaderException: Server ce9de086-0fc2-499b-a826-2df935464cb8 is not the leader (null). Request must be sent to leader., logIndex=0, commits[ce9de086-0fc2-499b-a826-2df935464cb8:c-1]
2019-07-30 16:54:54,562 INFO  client.GrpcClientProtocolClient (GrpcClientProtocolClient.java:onNext(255)) - client-5570F922B002->550959b5-e0af-4075-aebe-8899b8070913: receive RaftClientReply:client-5570F922B002->550959b5-e0af-4075-aebe-8899b8070913@group-50048313A329, cid=16, FAILED org.apache.ratis.protocol.NotLeaderException: Server 550959b5-e0af-4075-aebe-8899b8070913 is not the leader (null). Request must be sent to leader., logIndex=0, commits[550959b5-e0af-4075-aebe-8899b8070913:c-1]
2019-07-30 16:54:54,573 WARN  io.KeyOutputStream (KeyOutputStream.java:handleException(276)) - Encountered exception java.io.IOException: Unexpected Storage Container Exception: java.util.concurrent.CompletionException: java.util.concurrent.CompletionException: org.apache.ratis.protocol.RaftRetryFailureException: Failed RaftClientRequest:client-5570F922B002->550959b5-e0af-4075-aebe-8899b8070913@group-50048313A329, cid=16, seq=1*, RW, org.apache.hadoop.hdds.scm.XceiverClientRatis$$Lambda$314/1993403607@42b312fb for 5 attempts with RetryLimited(maxAttempts=5, sleepTime=1000ms) on the pipeline Pipeline[ Id: 3bf27760-78e0-4173-a77a-50048313a329, Nodes: ebe0a6b3-e916-46d4-ae0b-50d2ec3d57f4{ip: 192.168.69.86, host: byscane-nightly-58zn2-384979956, networkLocation: /default-rack, certSerialId: null}ce9de086-0fc2-499b-a826-2df935464cb8{ip: 192.168.69.86, host: byscane-nightly-58zn2-384979956, networkLocation: /default-rack, certSerialId: null}550959b5-e0af-4075-aebe-8899b8070913{ip: 192.168.69.86, host: byscane-nightly-58zn2-384979956, networkLocation: /default-rack, certSerialId: null}, Type:RATIS, Factor:THREE, State:OPEN]. The last committed block length is 0, uncommitted data length is 2097152 retry count 1
2019-07-30 16:54:54,588 WARN  block.BlockManagerImpl (BlockManagerImpl.java:allocateBlock(192)) - Pipeline creation failed for type:RATIS factor:THREE. Retrying get pipelines call once.
org.apache.hadoop.hdds.scm.pipeline.InsufficientDatanodesException: Cannot create pipeline of factor 3 using 0 nodes.
	at org.apache.hadoop.hdds.scm.pipeline.RatisPipelineProvider.create(RatisPipelineProvider.java:151)
	at org.apache.hadoop.hdds.scm.pipeline.PipelineFactory.create(PipelineFactory.java:57)
	at org.apache.hadoop.hdds.scm.pipeline.SCMPipelineManager.createPipeline(SCMPipelineManager.java:149)
	at org.apache.hadoop.hdds.scm.block.BlockManagerImpl.allocateBlock(BlockManagerImpl.java:190)
	at org.apache.hadoop.hdds.scm.server.SCMBlockProtocolServer.allocateBlock(SCMBlockProtocolServer.java:175)
	at org.apache.hadoop.ozone.protocolPB.ScmBlockLocationProtocolServerSideTranslatorPB.allocateScmBlock(ScmBlockLocationProtocolServerSideTranslatorPB.java:153)
	at org.apache.hadoop.ozone.protocolPB.ScmBlockLocationProtocolServerSideTranslatorPB.send(ScmBlockLocationProtocolServerSideTranslatorPB.java:112)
	at org.apache.hadoop.hdds.protocol.proto.ScmBlockLocationProtocolProtos$ScmBlockLocationProtocolService$2.callBlockingMethod(ScmBlockLocationProtocolProtos.java:13157)
	at org.apache.hadoop.ipc.ProtobufRpcEngine$Server$ProtoBufRpcInvoker.call(ProtobufRpcEngine.java:524)
	at org.apache.hadoop.ipc.RPC$Server.call(RPC.java:1025)
	at org.apache.hadoop.ipc.Server$RpcCall.run(Server.java:876)
	at org.apache.hadoop.ipc.Server$RpcCall.run(Server.java:822)
	at java.security.AccessController.doPrivileged(Native Method)
	at javax.security.auth.Subject.doAs(Subject.java:422)
	at org.apache.hadoop.security.UserGroupInformation.doAs(UserGroupInformation.java:1730)
	at org.apache.hadoop.ipc.Server$Handler.run(Server.java:2682)
2019-07-30 16:54:54,592 INFO  block.BlockManagerImpl (BlockManagerImpl.java:allocateBlock(198)) - Could not find available pipeline of type:RATIS and factor:THREE even after retrying
2019-07-30 16:54:54,593 ERROR block.BlockManagerImpl (BlockManagerImpl.java:allocateBlock(222)) - Unable to allocate a block for the size: 4194304, type: RATIS, factor: THREE
16:54:54.596 [IPC Server handler 19 on 41735] ERROR OMAudit - user=jenkins1000 | ip=127.0.0.1 | op=ALLOCATE_BLOCK {volume=datanodefailurehandlingtest, bucket=datanodefailurehandlingtest, key=ratis3, dataSize=0, replicationType=null, replicationFactor=null, keyLocationInfo=null, clientID=102531444627079168} | ret=FAILURE
org.apache.hadoop.hdds.scm.exceptions.SCMException: Allocated 0 blocks. Requested 1 blocks
	at org.apache.hadoop.hdds.scm.protocolPB.ScmBlockLocationProtocolClientSideTranslatorPB.handleError(ScmBlockLocationProtocolClientSideTranslatorPB.java:118) ~[hadoop-hdds-common-0.4.1-SNAPSHOT.jar:?]
	at org.apache.hadoop.hdds.scm.protocolPB.ScmBlockLocationProtocolClientSideTranslatorPB.allocateBlock(ScmBlockLocationProtocolClientSideTranslatorPB.java:156) ~[hadoop-hdds-common-0.4.1-SNAPSHOT.jar:?]
	at sun.reflect.NativeMethodAccessorImpl.invoke0(Native Method) ~[?:1.8.0_212]
	at sun.reflect.NativeMethodAccessorImpl.invoke(NativeMethodAccessorImpl.java:62) ~[?:1.8.0_212]
	at sun.reflect.DelegatingMethodAccessorImpl.invoke(DelegatingMethodAccessorImpl.java:43) ~[?:1.8.0_212]
	at java.lang.reflect.Method.invoke(Method.java:498) ~[?:1.8.0_212]
	at org.apache.hadoop.hdds.tracing.TraceAllMethod.invoke(TraceAllMethod.java:66) ~[hadoop-hdds-common-0.4.1-SNAPSHOT.jar:?]
	at com.sun.proxy.$Proxy25.allocateBlock(Unknown Source) ~[?:?]
	at org.apache.hadoop.ozone.om.KeyManagerImpl.allocateBlock(KeyManagerImpl.java:333) ~[hadoop-ozone-ozone-manager-0.4.1-SNAPSHOT.jar:?]
	at org.apache.hadoop.ozone.om.KeyManagerImpl.allocateBlock(KeyManagerImpl.java:304) ~[hadoop-ozone-ozone-manager-0.4.1-SNAPSHOT.jar:?]
	at org.apache.hadoop.ozone.om.OzoneManager.allocateBlock(OzoneManager.java:2291) [hadoop-ozone-ozone-manager-0.4.1-SNAPSHOT.jar:?]
	at org.apache.hadoop.ozone.protocolPB.OzoneManagerRequestHandler.allocateBlock(OzoneManagerRequestHandler.java:717) [hadoop-ozone-ozone-manager-0.4.1-SNAPSHOT.jar:?]
	at org.apache.hadoop.ozone.protocolPB.OzoneManagerRequestHandler.handle(OzoneManagerRequestHandler.java:240) [hadoop-ozone-ozone-manager-0.4.1-SNAPSHOT.jar:?]
	at org.apache.hadoop.ozone.protocolPB.OzoneManagerProtocolServerSideTranslatorPB.submitRequestDirectlyToOM(OzoneManagerProtocolServerSideTranslatorPB.java:192) [hadoop-ozone-ozone-manager-0.4.1-SNAPSHOT.jar:?]
	at org.apache.hadoop.ozone.protocolPB.OzoneManagerProtocolServerSideTranslatorPB.submitRequest(OzoneManagerProtocolServerSideTranslatorPB.java:110) [hadoop-ozone-ozone-manager-0.4.1-SNAPSHOT.jar:?]
	at org.apache.hadoop.ozone.protocol.proto.OzoneManagerProtocolProtos$OzoneManagerService$2.callBlockingMethod(OzoneManagerProtocolProtos.java) [hadoop-ozone-common-0.4.1-SNAPSHOT.jar:?]
	at org.apache.hadoop.ipc.ProtobufRpcEngine$Server$ProtoBufRpcInvoker.call(ProtobufRpcEngine.java:524) [hadoop-common-3.2.0.jar:?]
	at org.apache.hadoop.ipc.RPC$Server.call(RPC.java:1025) [hadoop-common-3.2.0.jar:?]
	at org.apache.hadoop.ipc.Server$RpcCall.run(Server.java:876) [hadoop-common-3.2.0.jar:?]
	at org.apache.hadoop.ipc.Server$RpcCall.run(Server.java:822) [hadoop-common-3.2.0.jar:?]
	at java.security.AccessController.doPrivileged(Native Method) [?:1.8.0_212]
	at javax.security.auth.Subject.doAs(Subject.java:422) [?:1.8.0_212]
	at org.apache.hadoop.security.UserGroupInformation.doAs(UserGroupInformation.java:1730) [hadoop-common-3.2.0.jar:?]
	at org.apache.hadoop.ipc.Server$Handler.run(Server.java:2682) [hadoop-common-3.2.0.jar:?]
2019-07-30 16:54:54,608 ERROR io.BlockOutputStreamEntryPool (BlockOutputStreamEntryPool.java:allocateBlockIfNeeded(299)) - Try to allocate more blocks for write failed, already allocated 0 blocks for this write.
INTERNAL_ERROR org.apache.hadoop.ozone.om.exceptions.OMException: Allocated 0 blocks. Requested 1 blocks
	at org.apache.hadoop.ozone.om.protocolPB.OzoneManagerProtocolClientSideTranslatorPB.handleError(OzoneManagerProtocolClientSideTranslatorPB.java:720)
	at org.apache.hadoop.ozone.om.protocolPB.OzoneManagerProtocolClientSideTranslatorPB.allocateBlock(OzoneManagerProtocolClientSideTranslatorPB.java:752)
	at org.apache.hadoop.ozone.client.io.BlockOutputStreamEntryPool.allocateNewBlock(BlockOutputStreamEntryPool.java:248)
	at org.apache.hadoop.ozone.client.io.BlockOutputStreamEntryPool.allocateBlockIfNeeded(BlockOutputStreamEntryPool.java:296)
	at org.apache.hadoop.ozone.client.io.KeyOutputStream.handleWrite(KeyOutputStream.java:201)
	at org.apache.hadoop.ozone.client.io.KeyOutputStream.handleRetry(KeyOutputStream.java:376)
	at org.apache.hadoop.ozone.client.io.KeyOutputStream.handleException(KeyOutputStream.java:325)
	at org.apache.hadoop.ozone.client.io.KeyOutputStream.handleWrite(KeyOutputStream.java:231)
	at org.apache.hadoop.ozone.client.io.KeyOutputStream.handleRetry(KeyOutputStream.java:376)
	at org.apache.hadoop.ozone.client.io.KeyOutputStream.handleException(KeyOutputStream.java:325)
	at org.apache.hadoop.ozone.client.io.KeyOutputStream.handleWrite(KeyOutputStream.java:231)
	at org.apache.hadoop.ozone.client.io.KeyOutputStream.write(KeyOutputStream.java:193)
	at org.apache.hadoop.ozone.client.io.OzoneOutputStream.write(OzoneOutputStream.java:49)
	at java.io.OutputStream.write(OutputStream.java:75)
	at org.apache.hadoop.ozone.client.rpc.TestMultiBlockWritesWithDnFailures.testMultiBlockWritesWithDnFailures(TestMultiBlockWritesWithDnFailures.java:122)
	at sun.reflect.NativeMethodAccessorImpl.invoke0(Native Method)
	at sun.reflect.NativeMethodAccessorImpl.invoke(NativeMethodAccessorImpl.java:62)
	at sun.reflect.DelegatingMethodAccessorImpl.invoke(DelegatingMethodAccessorImpl.java:43)
	at java.lang.reflect.Method.invoke(Method.java:498)
	at org.junit.runners.model.FrameworkMethod$1.runReflectiveCall(FrameworkMethod.java:47)
	at org.junit.internal.runners.model.ReflectiveCallable.run(ReflectiveCallable.java:12)
	at org.junit.runners.model.FrameworkMethod.invokeExplosively(FrameworkMethod.java:44)
	at org.junit.internal.runners.statements.InvokeMethod.evaluate(InvokeMethod.java:17)
	at org.junit.runners.ParentRunner.runLeaf(ParentRunner.java:271)
	at org.junit.runners.BlockJUnit4ClassRunner.runChild(BlockJUnit4ClassRunner.java:70)
	at org.junit.runners.BlockJUnit4ClassRunner.runChild(BlockJUnit4ClassRunner.java:50)
	at org.junit.runners.ParentRunner$3.run(ParentRunner.java:238)
	at org.junit.runners.ParentRunner$1.schedule(ParentRunner.java:63)
	at org.junit.runners.ParentRunner.runChildren(ParentRunner.java:236)
	at org.junit.runners.ParentRunner.access$000(ParentRunner.java:53)
	at org.junit.runners.ParentRunner$2.evaluate(ParentRunner.java:229)
	at org.junit.runners.ParentRunner.run(ParentRunner.java:309)
	at org.apache.maven.surefire.junit4.JUnit4Provider.execute(JUnit4Provider.java:365)
	at org.apache.maven.surefire.junit4.JUnit4Provider.executeWithRerun(JUnit4Provider.java:273)
	at org.apache.maven.surefire.junit4.JUnit4Provider.executeTestSet(JUnit4Provider.java:238)
	at org.apache.maven.surefire.junit4.JUnit4Provider.invoke(JUnit4Provider.java:159)
	at org.apache.maven.surefire.booter.ForkedBooter.invokeProviderInSameClassLoader(ForkedBooter.java:384)
	at org.apache.maven.surefire.booter.ForkedBooter.runSuitesInProcess(ForkedBooter.java:345)
	at org.apache.maven.surefire.booter.ForkedBooter.execute(ForkedBooter.java:126)
	at org.apache.maven.surefire.booter.ForkedBooter.main(ForkedBooter.java:418)
]]></system-out>
    <system-err><![CDATA[ERROR StatusLogger No Log4j 2 configuration file found. Using default configuration (logging only errors to the console), or user programmatically provided configurations. Set system property 'log4j2.debug' to show Log4j 2 internal initialization logging. See https://logging.apache.org/log4j/2.x/manual/configuration.html for instructions on how to configure Log4j 2
Jul 30, 2019 4:54:38 PM com.sun.jersey.server.impl.application.WebApplicationImpl _initiate
INFO: Initiating Jersey application, version 'Jersey: 1.19 02/11/2015 03:25 AM'
Jul 30, 2019 4:54:39 PM com.sun.jersey.server.impl.application.WebApplicationImpl _initiate
INFO: Initiating Jersey application, version 'Jersey: 1.19 02/11/2015 03:25 AM'
Jul 30, 2019 4:54:39 PM com.sun.jersey.server.impl.application.WebApplicationImpl _initiate
INFO: Initiating Jersey application, version 'Jersey: 1.19 02/11/2015 03:25 AM'
Jul 30, 2019 4:54:39 PM com.sun.jersey.server.impl.application.WebApplicationImpl _initiate
INFO: Initiating Jersey application, version 'Jersey: 1.19 02/11/2015 03:25 AM'
Jul 30, 2019 4:54:40 PM com.sun.jersey.server.impl.application.WebApplicationImpl _initiate
INFO: Initiating Jersey application, version 'Jersey: 1.19 02/11/2015 03:25 AM'
Jul 30, 2019 4:54:40 PM com.sun.jersey.server.impl.application.WebApplicationImpl _initiate
INFO: Initiating Jersey application, version 'Jersey: 1.19 02/11/2015 03:25 AM'
]]></system-err>
  </testcase>
</testsuite>