<?xml version="1.0" encoding="UTF-8"?>
<testsuite xmlns:xsi="http://www.w3.org/2001/XMLSchema-instance" xsi:noNamespaceSchemaLocation="https://maven.apache.org/surefire/maven-surefire-plugin/xsd/surefire-test-report.xsd" name="org.apache.hadoop.ozone.client.rpc.TestBlockOutputStreamWithFailures" time="759.826" tests="8" errors="0" skipped="0" failures="1">
  <properties>
    <property name="awt.toolkit" value="sun.awt.X11.XToolkit"/>
    <property name="file.encoding.pkg" value="sun.io"/>
    <property name="java.specification.version" value="1.8"/>
    <property name="sun.cpu.isalist" value=""/>
    <property name="sun.jnu.encoding" value="UTF-8"/>
    <property name="java.class.path" value="/workdir/hadoop-ozone/integration-test/target/test-classes:/workdir/hadoop-ozone/integration-test/target/classes:/home/user/.m2/repository/org/apache/hadoop/hadoop-ozone-common/0.5.0-SNAPSHOT/hadoop-ozone-common-0.5.0-SNAPSHOT.jar:/home/user/.m2/repository/org/apache/commons/commons-compress/1.4.1/commons-compress-1.4.1.jar:/home/user/.m2/repository/org/tukaani/xz/1.0/xz-1.0.jar:/home/user/.m2/repository/org/apache/hadoop/hadoop-common/3.2.0/hadoop-common-3.2.0.jar:/home/user/.m2/repository/org/apache/hadoop/hadoop-hdfs/3.2.0/hadoop-hdfs-3.2.0.jar:/home/user/.m2/repository/org/apache/hadoop/hadoop-hdfs-client/3.2.0/hadoop-hdfs-client-3.2.0.jar:/home/user/.m2/repository/com/fasterxml/jackson/core/jackson-annotations/2.9.9/jackson-annotations-2.9.9.jar:/home/user/.m2/repository/org/apache/hadoop/hadoop-hdds-common/0.5.0-SNAPSHOT/hadoop-hdds-common-0.5.0-SNAPSHOT.jar:/home/user/.m2/repository/javax/annotation/javax.annotation-api/1.2/javax.annotation-api-1.2.jar:/home/user/.m2/repository/org/apache/ratis/ratis-server/0.4.0/ratis-server-0.4.0.jar:/home/user/.m2/repository/org/apache/ratis/ratis-thirdparty-misc/0.2.0/ratis-thirdparty-misc-0.2.0.jar:/home/user/.m2/repository/org/apache/ratis/ratis-proto/0.4.0/ratis-proto-0.4.0.jar:/home/user/.m2/repository/org/apache/ratis/ratis-common/0.4.0/ratis-common-0.4.0.jar:/home/user/.m2/repository/org/apache/ratis/ratis-client/0.4.0/ratis-client-0.4.0.jar:/home/user/.m2/repository/org/apache/ratis/ratis-metrics/0.4.0/ratis-metrics-0.4.0.jar:/home/user/.m2/repository/com/github/joshelser/dropwizard-metrics-hadoop-metrics2-reporter/0.1.2/dropwizard-metrics-hadoop-metrics2-reporter-0.1.2.jar:/home/user/.m2/repository/io/dropwizard/metrics/metrics-jvm/3.2.5/metrics-jvm-3.2.5.jar:/home/user/.m2/repository/io/dropwizard/metrics/metrics-ganglia/3.2.5/metrics-ganglia-3.2.5.jar:/home/user/.m2/repository/info/ganglia/gmetric4j/gmetric4j/1.0.7/gmetric4j-1.0.7.jar:/home/user/.m2/repository/org/apache/ratis/ratis-netty/0.4.0/ratis-netty-0.4.0.jar:/home/user/.m2/repository/org/apache/ratis/ratis-grpc/0.4.0/ratis-grpc-0.4.0.jar:/home/user/.m2/repository/org/rocksdb/rocksdbjni/6.0.1/rocksdbjni-6.0.1.jar:/home/user/.m2/repository/org/apache/logging/log4j/log4j-api/2.11.0/log4j-api-2.11.0.jar:/home/user/.m2/repository/org/apache/logging/log4j/log4j-core/2.11.0/log4j-core-2.11.0.jar:/home/user/.m2/repository/com/lmax/disruptor/3.4.2/disruptor-3.4.2.jar:/home/user/.m2/repository/org/apache/commons/commons-pool2/2.6.0/commons-pool2-2.6.0.jar:/home/user/.m2/repository/org/bouncycastle/bcpkix-jdk15on/1.60/bcpkix-jdk15on-1.60.jar:/home/user/.m2/repository/commons-validator/commons-validator/1.6/commons-validator-1.6.jar:/home/user/.m2/repository/commons-digester/commons-digester/1.8.1/commons-digester-1.8.1.jar:/home/user/.m2/repository/io/jaegertracing/jaeger-client/0.33.1/jaeger-client-0.33.1.jar:/home/user/.m2/repository/io/jaegertracing/jaeger-thrift/0.33.1/jaeger-thrift-0.33.1.jar:/home/user/.m2/repository/org/apache/thrift/libthrift/0.11.0/libthrift-0.11.0.jar:/home/user/.m2/repository/com/squareup/okhttp3/okhttp/3.9.0/okhttp-3.9.0.jar:/home/user/.m2/repository/com/squareup/okio/okio/1.13.0/okio-1.13.0.jar:/home/user/.m2/repository/io/jaegertracing/jaeger-core/0.33.1/jaeger-core-0.33.1.jar:/home/user/.m2/repository/io/jaegertracing/jaeger-tracerresolver/0.33.1/jaeger-tracerresolver-0.33.1.jar:/home/user/.m2/repository/io/opentracing/contrib/opentracing-tracerresolver/0.1.5/opentracing-tracerresolver-0.1.5.jar:/home/user/.m2/repository/io/opentracing/opentracing-util/0.31.0/opentracing-util-0.31.0.jar:/home/user/.m2/repository/io/opentracing/opentracing-api/0.31.0/opentracing-api-0.31.0.jar:/home/user/.m2/repository/io/opentracing/opentracing-noop/0.31.0/opentracing-noop-0.31.0.jar:/home/user/.m2/repository/org/apache/hadoop/hadoop-hdds-server-framework/0.5.0-SNAPSHOT/hadoop-hdds-server-framework-0.5.0-SNAPSHOT.jar:/home/user/.m2/repository/org/apache/hadoop/hadoop-hdds-container-service/0.5.0-SNAPSHOT/hadoop-hdds-container-service-0.5.0-SNAPSHOT.jar:/home/user/.m2/repository/org/apache/hadoop/hadoop-hdds-client/0.5.0-SNAPSHOT/hadoop-hdds-client-0.5.0-SNAPSHOT.jar:/home/user/.m2/repository/org/apache/hadoop/hadoop-hdds-tools/0.5.0-SNAPSHOT/hadoop-hdds-tools-0.5.0-SNAPSHOT.jar:/home/user/.m2/repository/org/apache/hadoop/hadoop-hdds-server-scm/0.5.0-SNAPSHOT/hadoop-hdds-server-scm-0.5.0-SNAPSHOT.jar:/home/user/.m2/repository/org/apache/hadoop/hadoop-hdds-docs/0.5.0-SNAPSHOT/hadoop-hdds-docs-0.5.0-SNAPSHOT.jar:/home/user/.m2/repository/io/dropwizard/metrics/metrics-core/3.2.4/metrics-core-3.2.4.jar:/home/user/.m2/repository/org/hamcrest/hamcrest-all/1.3/hamcrest-all-1.3.jar:/home/user/.m2/repository/org/bouncycastle/bcprov-jdk15on/1.60/bcprov-jdk15on-1.60.jar:/home/user/.m2/repository/info/picocli/picocli/3.9.6/picocli-3.9.6.jar:/home/user/.m2/repository/com/google/protobuf/protobuf-java/2.5.0/protobuf-java-2.5.0.jar:/home/user/.m2/repository/com/google/guava/guava/11.0.2/guava-11.0.2.jar:/home/user/.m2/repository/org/apache/hadoop/hadoop-ozone-ozone-manager/0.5.0-SNAPSHOT/hadoop-ozone-ozone-manager-0.5.0-SNAPSHOT.jar:/home/user/.m2/repository/org/apache/hadoop/hadoop-minikdc/3.2.0/hadoop-minikdc-3.2.0.jar:/home/user/.m2/repository/commons-io/commons-io/2.5/commons-io-2.5.jar:/home/user/.m2/repository/org/apache/kerby/kerb-simplekdc/1.0.1/kerb-simplekdc-1.0.1.jar:/home/user/.m2/repository/org/apache/kerby/kerb-client/1.0.1/kerb-client-1.0.1.jar:/home/user/.m2/repository/org/apache/kerby/kerby-config/1.0.1/kerby-config-1.0.1.jar:/home/user/.m2/repository/org/apache/kerby/kerb-core/1.0.1/kerb-core-1.0.1.jar:/home/user/.m2/repository/org/apache/kerby/kerby-pkix/1.0.1/kerby-pkix-1.0.1.jar:/home/user/.m2/repository/org/apache/kerby/kerby-asn1/1.0.1/kerby-asn1-1.0.1.jar:/home/user/.m2/repository/org/apache/kerby/kerby-util/1.0.1/kerby-util-1.0.1.jar:/home/user/.m2/repository/org/apache/kerby/kerb-common/1.0.1/kerb-common-1.0.1.jar:/home/user/.m2/repository/org/apache/kerby/kerb-crypto/1.0.1/kerb-crypto-1.0.1.jar:/home/user/.m2/repository/org/apache/kerby/kerb-util/1.0.1/kerb-util-1.0.1.jar:/home/user/.m2/repository/org/apache/kerby/token-provider/1.0.1/token-provider-1.0.1.jar:/home/user/.m2/repository/org/apache/kerby/kerb-admin/1.0.1/kerb-admin-1.0.1.jar:/home/user/.m2/repository/org/apache/kerby/kerb-server/1.0.1/kerb-server-1.0.1.jar:/home/user/.m2/repository/org/apache/kerby/kerb-identity/1.0.1/kerb-identity-1.0.1.jar:/home/user/.m2/repository/org/apache/kerby/kerby-xdr/1.0.1/kerby-xdr-1.0.1.jar:/home/user/.m2/repository/org/slf4j/slf4j-log4j12/1.7.25/slf4j-log4j12-1.7.25.jar:/home/user/.m2/repository/org/apache/hadoop/hadoop-ozone-s3gateway/0.5.0-SNAPSHOT/hadoop-ozone-s3gateway-0.5.0-SNAPSHOT.jar:/home/user/.m2/repository/org/jboss/weld/servlet/weld-servlet/2.4.7.Final/weld-servlet-2.4.7.Final.jar:/home/user/.m2/repository/org/glassfish/jersey/containers/jersey-container-servlet-core/2.27/jersey-container-servlet-core-2.27.jar:/home/user/.m2/repository/org/glassfish/hk2/external/javax.inject/2.5.0-b42/javax.inject-2.5.0-b42.jar:/home/user/.m2/repository/org/glassfish/jersey/core/jersey-common/2.27/jersey-common-2.27.jar:/home/user/.m2/repository/org/glassfish/hk2/osgi-resource-locator/1.0.1/osgi-resource-locator-1.0.1.jar:/home/user/.m2/repository/javax/ws/rs/javax.ws.rs-api/2.1/javax.ws.rs-api-2.1.jar:/home/user/.m2/repository/org/glassfish/jersey/ext/cdi/jersey-cdi1x/2.27/jersey-cdi1x-2.27.jar:/home/user/.m2/repository/org/glassfish/jersey/inject/jersey-hk2/2.27/jersey-hk2-2.27.jar:/home/user/.m2/repository/org/glassfish/hk2/hk2-locator/2.5.0-b42/hk2-locator-2.5.0-b42.jar:/home/user/.m2/repository/org/javassist/javassist/3.22.0-CR2/javassist-3.22.0-CR2.jar:/home/user/.m2/repository/org/glassfish/hk2/hk2-api/2.5.0/hk2-api-2.5.0.jar:/home/user/.m2/repository/org/glassfish/hk2/external/jakarta.inject/2.5.0/jakarta.inject-2.5.0.jar:/home/user/.m2/repository/org/glassfish/hk2/hk2-utils/2.5.0/hk2-utils-2.5.0.jar:/home/user/.m2/repository/jakarta/annotation/jakarta.annotation-api/1.3.4/jakarta.annotation-api-1.3.4.jar:/home/user/.m2/repository/org/glassfish/hk2/external/aopalliance-repackaged/2.5.0/aopalliance-repackaged-2.5.0.jar:/home/user/.m2/repository/com/fasterxml/jackson/dataformat/jackson-dataformat-xml/2.9.0/jackson-dataformat-xml-2.9.0.jar:/home/user/.m2/repository/com/fasterxml/jackson/core/jackson-core/2.9.9/jackson-core-2.9.9.jar:/home/user/.m2/repository/com/fasterxml/jackson/module/jackson-module-jaxb-annotations/2.9.9/jackson-module-jaxb-annotations-2.9.9.jar:/home/user/.m2/repository/javax/enterprise/cdi-api/1.2/cdi-api-1.2.jar:/home/user/.m2/repository/javax/el/javax.el-api/3.0.0/javax.el-api-3.0.0.jar:/home/user/.m2/repository/javax/interceptor/javax.interceptor-api/1.2/javax.interceptor-api-1.2.jar:/home/user/.m2/repository/javax/inject/javax.inject/1/javax.inject-1.jar:/home/user/.m2/repository/com/sun/xml/bind/jaxb-impl/2.3.0.1/jaxb-impl-2.3.0.1.jar:/home/user/.m2/repository/com/sun/xml/bind/jaxb-core/2.3.0.1/jaxb-core-2.3.0.1.jar:/home/user/.m2/repository/javax/xml/bind/jaxb-api/2.3.0/jaxb-api-2.3.0.jar:/home/user/.m2/repository/javax/activation/activation/1.1.1/activation-1.1.1.jar:/home/user/.m2/repository/org/apache/hadoop/hadoop-ozone-csi/0.5.0-SNAPSHOT/hadoop-ozone-csi-0.5.0-SNAPSHOT.jar:/home/user/.m2/repository/com/google/protobuf/protobuf-java-util/3.5.1/protobuf-java-util-3.5.1.jar:/home/user/.m2/repository/org/apache/hadoop/hadoop-hdds-config/0.5.0-SNAPSHOT/hadoop-hdds-config-0.5.0-SNAPSHOT.jar:/home/user/.m2/repository/io/grpc/grpc-netty/1.17.1/grpc-netty-1.17.1.jar:/home/user/.m2/repository/io/grpc/grpc-core/1.17.1/grpc-core-1.17.1.jar:/home/user/.m2/repository/io/grpc/grpc-context/1.17.1/grpc-context-1.17.1.jar:/home/user/.m2/repository/com/google/errorprone/error_prone_annotations/2.2.0/error_prone_annotations-2.2.0.jar:/home/user/.m2/repository/org/codehaus/mojo/animal-sniffer-annotations/1.17/animal-sniffer-annotations-1.17.jar:/home/user/.m2/repository/io/opencensus/opencensus-api/0.17.0/opencensus-api-0.17.0.jar:/home/user/.m2/repository/io/opencensus/opencensus-contrib-grpc-metrics/0.17.0/opencensus-contrib-grpc-metrics-0.17.0.jar:/home/user/.m2/repository/io/netty/netty-codec-http2/4.1.30.Final/netty-codec-http2-4.1.30.Final.jar:/home/user/.m2/repository/io/netty/netty-codec-http/4.1.30.Final/netty-codec-http-4.1.30.Final.jar:/home/user/.m2/repository/io/netty/netty-codec/4.1.30.Final/netty-codec-4.1.30.Final.jar:/home/user/.m2/repository/io/netty/netty-handler/4.1.30.Final/netty-handler-4.1.30.Final.jar:/home/user/.m2/repository/io/netty/netty-handler-proxy/4.1.30.Final/netty-handler-proxy-4.1.30.Final.jar:/home/user/.m2/repository/io/netty/netty-codec-socks/4.1.30.Final/netty-codec-socks-4.1.30.Final.jar:/home/user/.m2/repository/io/netty/netty-transport-native-epoll/4.1.30.Final/netty-transport-native-epoll-4.1.30.Final.jar:/home/user/.m2/repository/io/netty/netty-common/4.1.30.Final/netty-common-4.1.30.Final.jar:/home/user/.m2/repository/io/netty/netty-buffer/4.1.30.Final/netty-buffer-4.1.30.Final.jar:/home/user/.m2/repository/io/netty/netty-transport/4.1.30.Final/netty-transport-4.1.30.Final.jar:/home/user/.m2/repository/io/netty/netty-resolver/4.1.30.Final/netty-resolver-4.1.30.Final.jar:/home/user/.m2/repository/io/netty/netty-transport-native-unix-common/4.1.30.Final/netty-transport-native-unix-common-4.1.30.Final.jar:/home/user/.m2/repository/io/grpc/grpc-protobuf/1.17.1/grpc-protobuf-1.17.1.jar:/home/user/.m2/repository/com/google/api/grpc/proto-google-common-protos/1.0.0/proto-google-common-protos-1.0.0.jar:/home/user/.m2/repository/io/grpc/grpc-protobuf-lite/1.17.1/grpc-protobuf-lite-1.17.1.jar:/home/user/.m2/repository/io/grpc/grpc-stub/1.17.1/grpc-stub-1.17.1.jar:/home/user/.m2/repository/org/apache/hadoop/hadoop-ozone-recon/0.5.0-SNAPSHOT/hadoop-ozone-recon-0.5.0-SNAPSHOT.jar:/home/user/.m2/repository/org/apache/hadoop/hadoop-ozone-reconcodegen/0.5.0-SNAPSHOT/hadoop-ozone-reconcodegen-0.5.0-SNAPSHOT.jar:/home/user/.m2/repository/com/google/inject/extensions/guice-multibindings/4.0/guice-multibindings-4.0.jar:/home/user/.m2/repository/com/google/inject/guice/4.0/guice-4.0.jar:/home/user/.m2/repository/aopalliance/aopalliance/1.0/aopalliance-1.0.jar:/home/user/.m2/repository/com/google/inject/extensions/guice-servlet/4.0/guice-servlet-4.0.jar:/home/user/.m2/repository/org/glassfish/jersey/containers/jersey-container-servlet/2.27/jersey-container-servlet-2.27.jar:/home/user/.m2/repository/org/glassfish/hk2/guice-bridge/2.5.0/guice-bridge-2.5.0.jar:/home/user/.m2/repository/org/glassfish/jersey/core/jersey-server/2.27/jersey-server-2.27.jar:/home/user/.m2/repository/org/glassfish/jersey/core/jersey-client/2.27/jersey-client-2.27.jar:/home/user/.m2/repository/org/glassfish/jersey/media/jersey-media-jaxb/2.27/jersey-media-jaxb-2.27.jar:/home/user/.m2/repository/javax/validation/validation-api/1.1.0.Final/validation-api-1.1.0.Final.jar:/home/user/.m2/repository/org/glassfish/jersey/media/jersey-media-json-jackson/2.27/jersey-media-json-jackson-2.27.jar:/home/user/.m2/repository/org/glassfish/jersey/ext/jersey-entity-filtering/2.27/jersey-entity-filtering-2.27.jar:/home/user/.m2/repository/com/google/inject/extensions/guice-assistedinject/4.0/guice-assistedinject-4.0.jar:/home/user/.m2/repository/org/jooq/jooq/3.11.10/jooq-3.11.10.jar:/home/user/.m2/repository/org/jooq/jooq-meta/3.11.10/jooq-meta-3.11.10.jar:/home/user/.m2/repository/org/jooq/jooq-codegen/3.11.10/jooq-codegen-3.11.10.jar:/home/user/.m2/repository/com/jolbox/bonecp/0.8.0.RELEASE/bonecp-0.8.0.RELEASE.jar:/home/user/.m2/repository/org/xerial/sqlite-jdbc/3.25.2/sqlite-jdbc-3.25.2.jar:/home/user/.m2/repository/org/springframework/spring-jdbc/5.1.3.RELEASE/spring-jdbc-5.1.3.RELEASE.jar:/home/user/.m2/repository/org/springframework/spring-beans/5.1.3.RELEASE/spring-beans-5.1.3.RELEASE.jar:/home/user/.m2/repository/org/springframework/spring-core/5.1.3.RELEASE/spring-core-5.1.3.RELEASE.jar:/home/user/.m2/repository/org/springframework/spring-jcl/5.1.3.RELEASE/spring-jcl-5.1.3.RELEASE.jar:/home/user/.m2/repository/org/springframework/spring-tx/5.1.3.RELEASE/spring-tx-5.1.3.RELEASE.jar:/home/user/.m2/repository/org/apache/hadoop/hadoop-ozone-client/0.5.0-SNAPSHOT/hadoop-ozone-client-0.5.0-SNAPSHOT.jar:/home/user/.m2/repository/commons-lang/commons-lang/2.6/commons-lang-2.6.jar:/home/user/.m2/repository/org/apache/hadoop/hadoop-ozone-ozone-manager/0.5.0-SNAPSHOT/hadoop-ozone-ozone-manager-0.5.0-SNAPSHOT-tests.jar:/home/user/.m2/repository/junit/junit/4.11/junit-4.11.jar:/home/user/.m2/repository/org/hamcrest/hamcrest-core/1.3/hamcrest-core-1.3.jar:/home/user/.m2/repository/org/openjdk/jmh/jmh-core/1.19/jmh-core-1.19.jar:/home/user/.m2/repository/net/sf/jopt-simple/jopt-simple/4.6/jopt-simple-4.6.jar:/home/user/.m2/repository/org/apache/commons/commons-math3/3.1.1/commons-math3-3.1.1.jar:/home/user/.m2/repository/org/openjdk/jmh/jmh-generator-annprocess/1.19/jmh-generator-annprocess-1.19.jar:/home/user/.m2/repository/org/mockito/mockito-all/1.8.5/mockito-all-1.8.5.jar:/home/user/.m2/repository/org/apache/hadoop/hadoop-kms/3.2.0/hadoop-kms-3.2.0.jar:/home/user/.m2/repository/org/apache/hadoop/hadoop-auth/3.2.0/hadoop-auth-3.2.0.jar:/home/user/.m2/repository/com/nimbusds/nimbus-jose-jwt/4.41.1/nimbus-jose-jwt-4.41.1.jar:/home/user/.m2/repository/com/github/stephenc/jcip/jcip-annotations/1.0-1/jcip-annotations-1.0-1.jar:/home/user/.m2/repository/net/minidev/json-smart/2.3/json-smart-2.3.jar:/home/user/.m2/repository/net/minidev/accessors-smart/1.2/accessors-smart-1.2.jar:/home/user/.m2/repository/org/ow2/asm/asm/5.0.4/asm-5.0.4.jar:/home/user/.m2/repository/org/apache/curator/curator-framework/2.12.0/curator-framework-2.12.0.jar:/home/user/.m2/repository/com/sun/jersey/jersey-core/1.19/jersey-core-1.19.jar:/home/user/.m2/repository/javax/ws/rs/jsr311-api/1.1.1/jsr311-api-1.1.1.jar:/home/user/.m2/repository/com/sun/jersey/jersey-server/1.19/jersey-server-1.19.jar:/home/user/.m2/repository/javax/servlet/javax.servlet-api/3.1.0/javax.servlet-api-3.1.0.jar:/home/user/.m2/repository/org/eclipse/jetty/jetty-server/9.3.24.v20180605/jetty-server-9.3.24.v20180605.jar:/home/user/.m2/repository/org/eclipse/jetty/jetty-http/9.3.24.v20180605/jetty-http-9.3.24.v20180605.jar:/home/user/.m2/repository/org/eclipse/jetty/jetty-io/9.3.24.v20180605/jetty-io-9.3.24.v20180605.jar:/home/user/.m2/repository/org/eclipse/jetty/jetty-webapp/9.3.24.v20180605/jetty-webapp-9.3.24.v20180605.jar:/home/user/.m2/repository/org/eclipse/jetty/jetty-xml/9.3.24.v20180605/jetty-xml-9.3.24.v20180605.jar:/home/user/.m2/repository/log4j/log4j/1.2.17/log4j-1.2.17.jar:/home/user/.m2/repository/org/slf4j/slf4j-api/1.7.25/slf4j-api-1.7.25.jar:/home/user/.m2/repository/org/slf4j/jul-to-slf4j/1.7.25/jul-to-slf4j-1.7.25.jar:/home/user/.m2/repository/org/eclipse/jetty/jetty-util/9.3.24.v20180605/jetty-util-9.3.24.v20180605.jar:/home/user/.m2/repository/com/fasterxml/jackson/core/jackson-databind/2.9.9/jackson-databind-2.9.9.jar:/home/user/.m2/repository/org/apache/hadoop/hadoop-kms/3.2.0/hadoop-kms-3.2.0-tests.jar:/home/user/.m2/repository/org/apache/hadoop/hadoop-hdds-server-scm/0.5.0-SNAPSHOT/hadoop-hdds-server-scm-0.5.0-SNAPSHOT-tests.jar:/home/user/.m2/repository/org/apache/hadoop/hadoop-hdds-container-service/0.5.0-SNAPSHOT/hadoop-hdds-container-service-0.5.0-SNAPSHOT-tests.jar:/home/user/.m2/repository/org/yaml/snakeyaml/1.16/snakeyaml-1.16.jar:/home/user/.m2/repository/org/apache/hadoop/hadoop-common/3.2.0/hadoop-common-3.2.0-tests.jar:/home/user/.m2/repository/org/apache/hadoop/hadoop-annotations/3.2.0/hadoop-annotations-3.2.0.jar:/usr/lib/jvm/java-1.8-openjdk/jre/../lib/tools.jar:/home/user/.m2/repository/commons-cli/commons-cli/1.2/commons-cli-1.2.jar:/home/user/.m2/repository/org/apache/httpcomponents/httpclient/4.5.2/httpclient-4.5.2.jar:/home/user/.m2/repository/org/apache/httpcomponents/httpcore/4.4.4/httpcore-4.4.4.jar:/home/user/.m2/repository/commons-codec/commons-codec/1.11/commons-codec-1.11.jar:/home/user/.m2/repository/commons-net/commons-net/3.6/commons-net-3.6.jar:/home/user/.m2/repository/commons-collections/commons-collections/3.2.2/commons-collections-3.2.2.jar:/home/user/.m2/repository/org/eclipse/jetty/jetty-servlet/9.3.24.v20180605/jetty-servlet-9.3.24.v20180605.jar:/home/user/.m2/repository/org/eclipse/jetty/jetty-security/9.3.24.v20180605/jetty-security-9.3.24.v20180605.jar:/home/user/.m2/repository/javax/servlet/jsp/jsp-api/2.1/jsp-api-2.1.jar:/home/user/.m2/repository/com/sun/jersey/jersey-servlet/1.19/jersey-servlet-1.19.jar:/home/user/.m2/repository/com/sun/jersey/jersey-json/1.19/jersey-json-1.19.jar:/home/user/.m2/repository/org/codehaus/jettison/jettison/1.1/jettison-1.1.jar:/home/user/.m2/repository/org/codehaus/jackson/jackson-core-asl/1.9.13/jackson-core-asl-1.9.13.jar:/home/user/.m2/repository/org/codehaus/jackson/jackson-mapper-asl/1.9.13/jackson-mapper-asl-1.9.13.jar:/home/user/.m2/repository/org/codehaus/jackson/jackson-jaxrs/1.9.13/jackson-jaxrs-1.9.13.jar:/home/user/.m2/repository/org/codehaus/jackson/jackson-xc/1.9.13/jackson-xc-1.9.13.jar:/home/user/.m2/repository/commons-logging/commons-logging/1.1.3/commons-logging-1.1.3.jar:/home/user/.m2/repository/commons-beanutils/commons-beanutils/1.9.4/commons-beanutils-1.9.4.jar:/home/user/.m2/repository/org/apache/commons/commons-configuration2/2.1.1/commons-configuration2-2.1.1.jar:/home/user/.m2/repository/org/apache/commons/commons-lang3/3.7/commons-lang3-3.7.jar:/home/user/.m2/repository/org/apache/commons/commons-text/1.4/commons-text-1.4.jar:/home/user/.m2/repository/org/apache/avro/avro/1.7.7/avro-1.7.7.jar:/home/user/.m2/repository/com/thoughtworks/paranamer/paranamer/2.3/paranamer-2.3.jar:/home/user/.m2/repository/org/xerial/snappy/snappy-java/1.0.5/snappy-java-1.0.5.jar:/home/user/.m2/repository/com/google/re2j/re2j/1.1/re2j-1.1.jar:/home/user/.m2/repository/com/google/code/gson/gson/2.2.4/gson-2.2.4.jar:/home/user/.m2/repository/com/jcraft/jsch/0.1.54/jsch-0.1.54.jar:/home/user/.m2/repository/org/apache/curator/curator-client/2.12.0/curator-client-2.12.0.jar:/home/user/.m2/repository/org/apache/curator/curator-recipes/2.12.0/curator-recipes-2.12.0.jar:/home/user/.m2/repository/com/google/code/findbugs/jsr305/3.0.0/jsr305-3.0.0.jar:/home/user/.m2/repository/org/apache/htrace/htrace-core4/4.1.0-incubating/htrace-core4-4.1.0-incubating.jar:/home/user/.m2/repository/org/apache/zookeeper/zookeeper/3.4.13/zookeeper-3.4.13.jar:/home/user/.m2/repository/org/apache/yetus/audience-annotations/0.5.0/audience-annotations-0.5.0.jar:/home/user/.m2/repository/org/codehaus/woodstox/stax2-api/3.1.4/stax2-api-3.1.4.jar:/home/user/.m2/repository/com/fasterxml/woodstox/woodstox-core/5.0.3/woodstox-core-5.0.3.jar:/home/user/.m2/repository/dnsjava/dnsjava/2.1.7/dnsjava-2.1.7.jar:/home/user/.m2/repository/org/apache/hadoop/hadoop-hdfs/3.2.0/hadoop-hdfs-3.2.0-tests.jar:/home/user/.m2/repository/org/eclipse/jetty/jetty-util-ajax/9.3.24.v20180605/jetty-util-ajax-9.3.24.v20180605.jar:/home/user/.m2/repository/commons-daemon/commons-daemon/1.0.13/commons-daemon-1.0.13.jar:/home/user/.m2/repository/io/netty/netty/3.10.5.Final/netty-3.10.5.Final.jar:/home/user/.m2/repository/io/netty/netty-all/4.0.52.Final/netty-all-4.0.52.Final.jar:/home/user/.m2/repository/org/fusesource/leveldbjni/leveldbjni-all/1.8/leveldbjni-all-1.8.jar:"/>
    <property name="java.vm.vendor" value="IcedTea"/>
    <property name="sun.arch.data.model" value="64"/>
    <property name="test.build.dir" value="/workdir/hadoop-ozone/integration-test/target/test-dir"/>
    <property name="test.cache.data" value=""/>
    <property name="java.vendor.url" value="https://icedtea.classpath.org"/>
    <property name="user.timezone" value=""/>
    <property name="java.vm.specification.version" value="1.8"/>
    <property name="os.name" value="Linux"/>
    <property name="test.build.data" value="/workdir/hadoop-ozone/integration-test/target/test-dir"/>
    <property name="user.country" value="US"/>
    <property name="sun.java.launcher" value="SUN_STANDARD"/>
    <property name="sun.boot.library.path" value="/usr/lib/jvm/java-1.8-openjdk/jre/lib/amd64"/>
    <property name="sun.java.command" value="/workdir/hadoop-ozone/integration-test/target/surefire/surefirebooter1778203203211910348.jar /workdir/hadoop-ozone/integration-test/target/surefire 2019-09-21T05-27-26_549-jvmRun1 surefire4253846244163333369tmp surefire_397557226832863905235tmp"/>
    <property name="test" value="!TestMiniChaosOzoneCluster"/>
    <property name="surefire.test.class.path" value="/workdir/hadoop-ozone/integration-test/target/test-classes:/workdir/hadoop-ozone/integration-test/target/classes:/home/user/.m2/repository/org/apache/hadoop/hadoop-ozone-common/0.5.0-SNAPSHOT/hadoop-ozone-common-0.5.0-SNAPSHOT.jar:/home/user/.m2/repository/org/apache/commons/commons-compress/1.4.1/commons-compress-1.4.1.jar:/home/user/.m2/repository/org/tukaani/xz/1.0/xz-1.0.jar:/home/user/.m2/repository/org/apache/hadoop/hadoop-common/3.2.0/hadoop-common-3.2.0.jar:/home/user/.m2/repository/org/apache/hadoop/hadoop-hdfs/3.2.0/hadoop-hdfs-3.2.0.jar:/home/user/.m2/repository/org/apache/hadoop/hadoop-hdfs-client/3.2.0/hadoop-hdfs-client-3.2.0.jar:/home/user/.m2/repository/com/fasterxml/jackson/core/jackson-annotations/2.9.9/jackson-annotations-2.9.9.jar:/home/user/.m2/repository/org/apache/hadoop/hadoop-hdds-common/0.5.0-SNAPSHOT/hadoop-hdds-common-0.5.0-SNAPSHOT.jar:/home/user/.m2/repository/javax/annotation/javax.annotation-api/1.2/javax.annotation-api-1.2.jar:/home/user/.m2/repository/org/apache/ratis/ratis-server/0.4.0/ratis-server-0.4.0.jar:/home/user/.m2/repository/org/apache/ratis/ratis-thirdparty-misc/0.2.0/ratis-thirdparty-misc-0.2.0.jar:/home/user/.m2/repository/org/apache/ratis/ratis-proto/0.4.0/ratis-proto-0.4.0.jar:/home/user/.m2/repository/org/apache/ratis/ratis-common/0.4.0/ratis-common-0.4.0.jar:/home/user/.m2/repository/org/apache/ratis/ratis-client/0.4.0/ratis-client-0.4.0.jar:/home/user/.m2/repository/org/apache/ratis/ratis-metrics/0.4.0/ratis-metrics-0.4.0.jar:/home/user/.m2/repository/com/github/joshelser/dropwizard-metrics-hadoop-metrics2-reporter/0.1.2/dropwizard-metrics-hadoop-metrics2-reporter-0.1.2.jar:/home/user/.m2/repository/io/dropwizard/metrics/metrics-jvm/3.2.5/metrics-jvm-3.2.5.jar:/home/user/.m2/repository/io/dropwizard/metrics/metrics-ganglia/3.2.5/metrics-ganglia-3.2.5.jar:/home/user/.m2/repository/info/ganglia/gmetric4j/gmetric4j/1.0.7/gmetric4j-1.0.7.jar:/home/user/.m2/repository/org/apache/ratis/ratis-netty/0.4.0/ratis-netty-0.4.0.jar:/home/user/.m2/repository/org/apache/ratis/ratis-grpc/0.4.0/ratis-grpc-0.4.0.jar:/home/user/.m2/repository/org/rocksdb/rocksdbjni/6.0.1/rocksdbjni-6.0.1.jar:/home/user/.m2/repository/org/apache/logging/log4j/log4j-api/2.11.0/log4j-api-2.11.0.jar:/home/user/.m2/repository/org/apache/logging/log4j/log4j-core/2.11.0/log4j-core-2.11.0.jar:/home/user/.m2/repository/com/lmax/disruptor/3.4.2/disruptor-3.4.2.jar:/home/user/.m2/repository/org/apache/commons/commons-pool2/2.6.0/commons-pool2-2.6.0.jar:/home/user/.m2/repository/org/bouncycastle/bcpkix-jdk15on/1.60/bcpkix-jdk15on-1.60.jar:/home/user/.m2/repository/commons-validator/commons-validator/1.6/commons-validator-1.6.jar:/home/user/.m2/repository/commons-digester/commons-digester/1.8.1/commons-digester-1.8.1.jar:/home/user/.m2/repository/io/jaegertracing/jaeger-client/0.33.1/jaeger-client-0.33.1.jar:/home/user/.m2/repository/io/jaegertracing/jaeger-thrift/0.33.1/jaeger-thrift-0.33.1.jar:/home/user/.m2/repository/org/apache/thrift/libthrift/0.11.0/libthrift-0.11.0.jar:/home/user/.m2/repository/com/squareup/okhttp3/okhttp/3.9.0/okhttp-3.9.0.jar:/home/user/.m2/repository/com/squareup/okio/okio/1.13.0/okio-1.13.0.jar:/home/user/.m2/repository/io/jaegertracing/jaeger-core/0.33.1/jaeger-core-0.33.1.jar:/home/user/.m2/repository/io/jaegertracing/jaeger-tracerresolver/0.33.1/jaeger-tracerresolver-0.33.1.jar:/home/user/.m2/repository/io/opentracing/contrib/opentracing-tracerresolver/0.1.5/opentracing-tracerresolver-0.1.5.jar:/home/user/.m2/repository/io/opentracing/opentracing-util/0.31.0/opentracing-util-0.31.0.jar:/home/user/.m2/repository/io/opentracing/opentracing-api/0.31.0/opentracing-api-0.31.0.jar:/home/user/.m2/repository/io/opentracing/opentracing-noop/0.31.0/opentracing-noop-0.31.0.jar:/home/user/.m2/repository/org/apache/hadoop/hadoop-hdds-server-framework/0.5.0-SNAPSHOT/hadoop-hdds-server-framework-0.5.0-SNAPSHOT.jar:/home/user/.m2/repository/org/apache/hadoop/hadoop-hdds-container-service/0.5.0-SNAPSHOT/hadoop-hdds-container-service-0.5.0-SNAPSHOT.jar:/home/user/.m2/repository/org/apache/hadoop/hadoop-hdds-client/0.5.0-SNAPSHOT/hadoop-hdds-client-0.5.0-SNAPSHOT.jar:/home/user/.m2/repository/org/apache/hadoop/hadoop-hdds-tools/0.5.0-SNAPSHOT/hadoop-hdds-tools-0.5.0-SNAPSHOT.jar:/home/user/.m2/repository/org/apache/hadoop/hadoop-hdds-server-scm/0.5.0-SNAPSHOT/hadoop-hdds-server-scm-0.5.0-SNAPSHOT.jar:/home/user/.m2/repository/org/apache/hadoop/hadoop-hdds-docs/0.5.0-SNAPSHOT/hadoop-hdds-docs-0.5.0-SNAPSHOT.jar:/home/user/.m2/repository/io/dropwizard/metrics/metrics-core/3.2.4/metrics-core-3.2.4.jar:/home/user/.m2/repository/org/hamcrest/hamcrest-all/1.3/hamcrest-all-1.3.jar:/home/user/.m2/repository/org/bouncycastle/bcprov-jdk15on/1.60/bcprov-jdk15on-1.60.jar:/home/user/.m2/repository/info/picocli/picocli/3.9.6/picocli-3.9.6.jar:/home/user/.m2/repository/com/google/protobuf/protobuf-java/2.5.0/protobuf-java-2.5.0.jar:/home/user/.m2/repository/com/google/guava/guava/11.0.2/guava-11.0.2.jar:/home/user/.m2/repository/org/apache/hadoop/hadoop-ozone-ozone-manager/0.5.0-SNAPSHOT/hadoop-ozone-ozone-manager-0.5.0-SNAPSHOT.jar:/home/user/.m2/repository/org/apache/hadoop/hadoop-minikdc/3.2.0/hadoop-minikdc-3.2.0.jar:/home/user/.m2/repository/commons-io/commons-io/2.5/commons-io-2.5.jar:/home/user/.m2/repository/org/apache/kerby/kerb-simplekdc/1.0.1/kerb-simplekdc-1.0.1.jar:/home/user/.m2/repository/org/apache/kerby/kerb-client/1.0.1/kerb-client-1.0.1.jar:/home/user/.m2/repository/org/apache/kerby/kerby-config/1.0.1/kerby-config-1.0.1.jar:/home/user/.m2/repository/org/apache/kerby/kerb-core/1.0.1/kerb-core-1.0.1.jar:/home/user/.m2/repository/org/apache/kerby/kerby-pkix/1.0.1/kerby-pkix-1.0.1.jar:/home/user/.m2/repository/org/apache/kerby/kerby-asn1/1.0.1/kerby-asn1-1.0.1.jar:/home/user/.m2/repository/org/apache/kerby/kerby-util/1.0.1/kerby-util-1.0.1.jar:/home/user/.m2/repository/org/apache/kerby/kerb-common/1.0.1/kerb-common-1.0.1.jar:/home/user/.m2/repository/org/apache/kerby/kerb-crypto/1.0.1/kerb-crypto-1.0.1.jar:/home/user/.m2/repository/org/apache/kerby/kerb-util/1.0.1/kerb-util-1.0.1.jar:/home/user/.m2/repository/org/apache/kerby/token-provider/1.0.1/token-provider-1.0.1.jar:/home/user/.m2/repository/org/apache/kerby/kerb-admin/1.0.1/kerb-admin-1.0.1.jar:/home/user/.m2/repository/org/apache/kerby/kerb-server/1.0.1/kerb-server-1.0.1.jar:/home/user/.m2/repository/org/apache/kerby/kerb-identity/1.0.1/kerb-identity-1.0.1.jar:/home/user/.m2/repository/org/apache/kerby/kerby-xdr/1.0.1/kerby-xdr-1.0.1.jar:/home/user/.m2/repository/org/slf4j/slf4j-log4j12/1.7.25/slf4j-log4j12-1.7.25.jar:/home/user/.m2/repository/org/apache/hadoop/hadoop-ozone-s3gateway/0.5.0-SNAPSHOT/hadoop-ozone-s3gateway-0.5.0-SNAPSHOT.jar:/home/user/.m2/repository/org/jboss/weld/servlet/weld-servlet/2.4.7.Final/weld-servlet-2.4.7.Final.jar:/home/user/.m2/repository/org/glassfish/jersey/containers/jersey-container-servlet-core/2.27/jersey-container-servlet-core-2.27.jar:/home/user/.m2/repository/org/glassfish/hk2/external/javax.inject/2.5.0-b42/javax.inject-2.5.0-b42.jar:/home/user/.m2/repository/org/glassfish/jersey/core/jersey-common/2.27/jersey-common-2.27.jar:/home/user/.m2/repository/org/glassfish/hk2/osgi-resource-locator/1.0.1/osgi-resource-locator-1.0.1.jar:/home/user/.m2/repository/javax/ws/rs/javax.ws.rs-api/2.1/javax.ws.rs-api-2.1.jar:/home/user/.m2/repository/org/glassfish/jersey/ext/cdi/jersey-cdi1x/2.27/jersey-cdi1x-2.27.jar:/home/user/.m2/repository/org/glassfish/jersey/inject/jersey-hk2/2.27/jersey-hk2-2.27.jar:/home/user/.m2/repository/org/glassfish/hk2/hk2-locator/2.5.0-b42/hk2-locator-2.5.0-b42.jar:/home/user/.m2/repository/org/javassist/javassist/3.22.0-CR2/javassist-3.22.0-CR2.jar:/home/user/.m2/repository/org/glassfish/hk2/hk2-api/2.5.0/hk2-api-2.5.0.jar:/home/user/.m2/repository/org/glassfish/hk2/external/jakarta.inject/2.5.0/jakarta.inject-2.5.0.jar:/home/user/.m2/repository/org/glassfish/hk2/hk2-utils/2.5.0/hk2-utils-2.5.0.jar:/home/user/.m2/repository/jakarta/annotation/jakarta.annotation-api/1.3.4/jakarta.annotation-api-1.3.4.jar:/home/user/.m2/repository/org/glassfish/hk2/external/aopalliance-repackaged/2.5.0/aopalliance-repackaged-2.5.0.jar:/home/user/.m2/repository/com/fasterxml/jackson/dataformat/jackson-dataformat-xml/2.9.0/jackson-dataformat-xml-2.9.0.jar:/home/user/.m2/repository/com/fasterxml/jackson/core/jackson-core/2.9.9/jackson-core-2.9.9.jar:/home/user/.m2/repository/com/fasterxml/jackson/module/jackson-module-jaxb-annotations/2.9.9/jackson-module-jaxb-annotations-2.9.9.jar:/home/user/.m2/repository/javax/enterprise/cdi-api/1.2/cdi-api-1.2.jar:/home/user/.m2/repository/javax/el/javax.el-api/3.0.0/javax.el-api-3.0.0.jar:/home/user/.m2/repository/javax/interceptor/javax.interceptor-api/1.2/javax.interceptor-api-1.2.jar:/home/user/.m2/repository/javax/inject/javax.inject/1/javax.inject-1.jar:/home/user/.m2/repository/com/sun/xml/bind/jaxb-impl/2.3.0.1/jaxb-impl-2.3.0.1.jar:/home/user/.m2/repository/com/sun/xml/bind/jaxb-core/2.3.0.1/jaxb-core-2.3.0.1.jar:/home/user/.m2/repository/javax/xml/bind/jaxb-api/2.3.0/jaxb-api-2.3.0.jar:/home/user/.m2/repository/javax/activation/activation/1.1.1/activation-1.1.1.jar:/home/user/.m2/repository/org/apache/hadoop/hadoop-ozone-csi/0.5.0-SNAPSHOT/hadoop-ozone-csi-0.5.0-SNAPSHOT.jar:/home/user/.m2/repository/com/google/protobuf/protobuf-java-util/3.5.1/protobuf-java-util-3.5.1.jar:/home/user/.m2/repository/org/apache/hadoop/hadoop-hdds-config/0.5.0-SNAPSHOT/hadoop-hdds-config-0.5.0-SNAPSHOT.jar:/home/user/.m2/repository/io/grpc/grpc-netty/1.17.1/grpc-netty-1.17.1.jar:/home/user/.m2/repository/io/grpc/grpc-core/1.17.1/grpc-core-1.17.1.jar:/home/user/.m2/repository/io/grpc/grpc-context/1.17.1/grpc-context-1.17.1.jar:/home/user/.m2/repository/com/google/errorprone/error_prone_annotations/2.2.0/error_prone_annotations-2.2.0.jar:/home/user/.m2/repository/org/codehaus/mojo/animal-sniffer-annotations/1.17/animal-sniffer-annotations-1.17.jar:/home/user/.m2/repository/io/opencensus/opencensus-api/0.17.0/opencensus-api-0.17.0.jar:/home/user/.m2/repository/io/opencensus/opencensus-contrib-grpc-metrics/0.17.0/opencensus-contrib-grpc-metrics-0.17.0.jar:/home/user/.m2/repository/io/netty/netty-codec-http2/4.1.30.Final/netty-codec-http2-4.1.30.Final.jar:/home/user/.m2/repository/io/netty/netty-codec-http/4.1.30.Final/netty-codec-http-4.1.30.Final.jar:/home/user/.m2/repository/io/netty/netty-codec/4.1.30.Final/netty-codec-4.1.30.Final.jar:/home/user/.m2/repository/io/netty/netty-handler/4.1.30.Final/netty-handler-4.1.30.Final.jar:/home/user/.m2/repository/io/netty/netty-handler-proxy/4.1.30.Final/netty-handler-proxy-4.1.30.Final.jar:/home/user/.m2/repository/io/netty/netty-codec-socks/4.1.30.Final/netty-codec-socks-4.1.30.Final.jar:/home/user/.m2/repository/io/netty/netty-transport-native-epoll/4.1.30.Final/netty-transport-native-epoll-4.1.30.Final.jar:/home/user/.m2/repository/io/netty/netty-common/4.1.30.Final/netty-common-4.1.30.Final.jar:/home/user/.m2/repository/io/netty/netty-buffer/4.1.30.Final/netty-buffer-4.1.30.Final.jar:/home/user/.m2/repository/io/netty/netty-transport/4.1.30.Final/netty-transport-4.1.30.Final.jar:/home/user/.m2/repository/io/netty/netty-resolver/4.1.30.Final/netty-resolver-4.1.30.Final.jar:/home/user/.m2/repository/io/netty/netty-transport-native-unix-common/4.1.30.Final/netty-transport-native-unix-common-4.1.30.Final.jar:/home/user/.m2/repository/io/grpc/grpc-protobuf/1.17.1/grpc-protobuf-1.17.1.jar:/home/user/.m2/repository/com/google/api/grpc/proto-google-common-protos/1.0.0/proto-google-common-protos-1.0.0.jar:/home/user/.m2/repository/io/grpc/grpc-protobuf-lite/1.17.1/grpc-protobuf-lite-1.17.1.jar:/home/user/.m2/repository/io/grpc/grpc-stub/1.17.1/grpc-stub-1.17.1.jar:/home/user/.m2/repository/org/apache/hadoop/hadoop-ozone-recon/0.5.0-SNAPSHOT/hadoop-ozone-recon-0.5.0-SNAPSHOT.jar:/home/user/.m2/repository/org/apache/hadoop/hadoop-ozone-reconcodegen/0.5.0-SNAPSHOT/hadoop-ozone-reconcodegen-0.5.0-SNAPSHOT.jar:/home/user/.m2/repository/com/google/inject/extensions/guice-multibindings/4.0/guice-multibindings-4.0.jar:/home/user/.m2/repository/com/google/inject/guice/4.0/guice-4.0.jar:/home/user/.m2/repository/aopalliance/aopalliance/1.0/aopalliance-1.0.jar:/home/user/.m2/repository/com/google/inject/extensions/guice-servlet/4.0/guice-servlet-4.0.jar:/home/user/.m2/repository/org/glassfish/jersey/containers/jersey-container-servlet/2.27/jersey-container-servlet-2.27.jar:/home/user/.m2/repository/org/glassfish/hk2/guice-bridge/2.5.0/guice-bridge-2.5.0.jar:/home/user/.m2/repository/org/glassfish/jersey/core/jersey-server/2.27/jersey-server-2.27.jar:/home/user/.m2/repository/org/glassfish/jersey/core/jersey-client/2.27/jersey-client-2.27.jar:/home/user/.m2/repository/org/glassfish/jersey/media/jersey-media-jaxb/2.27/jersey-media-jaxb-2.27.jar:/home/user/.m2/repository/javax/validation/validation-api/1.1.0.Final/validation-api-1.1.0.Final.jar:/home/user/.m2/repository/org/glassfish/jersey/media/jersey-media-json-jackson/2.27/jersey-media-json-jackson-2.27.jar:/home/user/.m2/repository/org/glassfish/jersey/ext/jersey-entity-filtering/2.27/jersey-entity-filtering-2.27.jar:/home/user/.m2/repository/com/google/inject/extensions/guice-assistedinject/4.0/guice-assistedinject-4.0.jar:/home/user/.m2/repository/org/jooq/jooq/3.11.10/jooq-3.11.10.jar:/home/user/.m2/repository/org/jooq/jooq-meta/3.11.10/jooq-meta-3.11.10.jar:/home/user/.m2/repository/org/jooq/jooq-codegen/3.11.10/jooq-codegen-3.11.10.jar:/home/user/.m2/repository/com/jolbox/bonecp/0.8.0.RELEASE/bonecp-0.8.0.RELEASE.jar:/home/user/.m2/repository/org/xerial/sqlite-jdbc/3.25.2/sqlite-jdbc-3.25.2.jar:/home/user/.m2/repository/org/springframework/spring-jdbc/5.1.3.RELEASE/spring-jdbc-5.1.3.RELEASE.jar:/home/user/.m2/repository/org/springframework/spring-beans/5.1.3.RELEASE/spring-beans-5.1.3.RELEASE.jar:/home/user/.m2/repository/org/springframework/spring-core/5.1.3.RELEASE/spring-core-5.1.3.RELEASE.jar:/home/user/.m2/repository/org/springframework/spring-jcl/5.1.3.RELEASE/spring-jcl-5.1.3.RELEASE.jar:/home/user/.m2/repository/org/springframework/spring-tx/5.1.3.RELEASE/spring-tx-5.1.3.RELEASE.jar:/home/user/.m2/repository/org/apache/hadoop/hadoop-ozone-client/0.5.0-SNAPSHOT/hadoop-ozone-client-0.5.0-SNAPSHOT.jar:/home/user/.m2/repository/commons-lang/commons-lang/2.6/commons-lang-2.6.jar:/home/user/.m2/repository/org/apache/hadoop/hadoop-ozone-ozone-manager/0.5.0-SNAPSHOT/hadoop-ozone-ozone-manager-0.5.0-SNAPSHOT-tests.jar:/home/user/.m2/repository/junit/junit/4.11/junit-4.11.jar:/home/user/.m2/repository/org/hamcrest/hamcrest-core/1.3/hamcrest-core-1.3.jar:/home/user/.m2/repository/org/openjdk/jmh/jmh-core/1.19/jmh-core-1.19.jar:/home/user/.m2/repository/net/sf/jopt-simple/jopt-simple/4.6/jopt-simple-4.6.jar:/home/user/.m2/repository/org/apache/commons/commons-math3/3.1.1/commons-math3-3.1.1.jar:/home/user/.m2/repository/org/openjdk/jmh/jmh-generator-annprocess/1.19/jmh-generator-annprocess-1.19.jar:/home/user/.m2/repository/org/mockito/mockito-all/1.8.5/mockito-all-1.8.5.jar:/home/user/.m2/repository/org/apache/hadoop/hadoop-kms/3.2.0/hadoop-kms-3.2.0.jar:/home/user/.m2/repository/org/apache/hadoop/hadoop-auth/3.2.0/hadoop-auth-3.2.0.jar:/home/user/.m2/repository/com/nimbusds/nimbus-jose-jwt/4.41.1/nimbus-jose-jwt-4.41.1.jar:/home/user/.m2/repository/com/github/stephenc/jcip/jcip-annotations/1.0-1/jcip-annotations-1.0-1.jar:/home/user/.m2/repository/net/minidev/json-smart/2.3/json-smart-2.3.jar:/home/user/.m2/repository/net/minidev/accessors-smart/1.2/accessors-smart-1.2.jar:/home/user/.m2/repository/org/ow2/asm/asm/5.0.4/asm-5.0.4.jar:/home/user/.m2/repository/org/apache/curator/curator-framework/2.12.0/curator-framework-2.12.0.jar:/home/user/.m2/repository/com/sun/jersey/jersey-core/1.19/jersey-core-1.19.jar:/home/user/.m2/repository/javax/ws/rs/jsr311-api/1.1.1/jsr311-api-1.1.1.jar:/home/user/.m2/repository/com/sun/jersey/jersey-server/1.19/jersey-server-1.19.jar:/home/user/.m2/repository/javax/servlet/javax.servlet-api/3.1.0/javax.servlet-api-3.1.0.jar:/home/user/.m2/repository/org/eclipse/jetty/jetty-server/9.3.24.v20180605/jetty-server-9.3.24.v20180605.jar:/home/user/.m2/repository/org/eclipse/jetty/jetty-http/9.3.24.v20180605/jetty-http-9.3.24.v20180605.jar:/home/user/.m2/repository/org/eclipse/jetty/jetty-io/9.3.24.v20180605/jetty-io-9.3.24.v20180605.jar:/home/user/.m2/repository/org/eclipse/jetty/jetty-webapp/9.3.24.v20180605/jetty-webapp-9.3.24.v20180605.jar:/home/user/.m2/repository/org/eclipse/jetty/jetty-xml/9.3.24.v20180605/jetty-xml-9.3.24.v20180605.jar:/home/user/.m2/repository/log4j/log4j/1.2.17/log4j-1.2.17.jar:/home/user/.m2/repository/org/slf4j/slf4j-api/1.7.25/slf4j-api-1.7.25.jar:/home/user/.m2/repository/org/slf4j/jul-to-slf4j/1.7.25/jul-to-slf4j-1.7.25.jar:/home/user/.m2/repository/org/eclipse/jetty/jetty-util/9.3.24.v20180605/jetty-util-9.3.24.v20180605.jar:/home/user/.m2/repository/com/fasterxml/jackson/core/jackson-databind/2.9.9/jackson-databind-2.9.9.jar:/home/user/.m2/repository/org/apache/hadoop/hadoop-kms/3.2.0/hadoop-kms-3.2.0-tests.jar:/home/user/.m2/repository/org/apache/hadoop/hadoop-hdds-server-scm/0.5.0-SNAPSHOT/hadoop-hdds-server-scm-0.5.0-SNAPSHOT-tests.jar:/home/user/.m2/repository/org/apache/hadoop/hadoop-hdds-container-service/0.5.0-SNAPSHOT/hadoop-hdds-container-service-0.5.0-SNAPSHOT-tests.jar:/home/user/.m2/repository/org/yaml/snakeyaml/1.16/snakeyaml-1.16.jar:/home/user/.m2/repository/org/apache/hadoop/hadoop-common/3.2.0/hadoop-common-3.2.0-tests.jar:/home/user/.m2/repository/org/apache/hadoop/hadoop-annotations/3.2.0/hadoop-annotations-3.2.0.jar:/usr/lib/jvm/java-1.8-openjdk/jre/../lib/tools.jar:/home/user/.m2/repository/commons-cli/commons-cli/1.2/commons-cli-1.2.jar:/home/user/.m2/repository/org/apache/httpcomponents/httpclient/4.5.2/httpclient-4.5.2.jar:/home/user/.m2/repository/org/apache/httpcomponents/httpcore/4.4.4/httpcore-4.4.4.jar:/home/user/.m2/repository/commons-codec/commons-codec/1.11/commons-codec-1.11.jar:/home/user/.m2/repository/commons-net/commons-net/3.6/commons-net-3.6.jar:/home/user/.m2/repository/commons-collections/commons-collections/3.2.2/commons-collections-3.2.2.jar:/home/user/.m2/repository/org/eclipse/jetty/jetty-servlet/9.3.24.v20180605/jetty-servlet-9.3.24.v20180605.jar:/home/user/.m2/repository/org/eclipse/jetty/jetty-security/9.3.24.v20180605/jetty-security-9.3.24.v20180605.jar:/home/user/.m2/repository/javax/servlet/jsp/jsp-api/2.1/jsp-api-2.1.jar:/home/user/.m2/repository/com/sun/jersey/jersey-servlet/1.19/jersey-servlet-1.19.jar:/home/user/.m2/repository/com/sun/jersey/jersey-json/1.19/jersey-json-1.19.jar:/home/user/.m2/repository/org/codehaus/jettison/jettison/1.1/jettison-1.1.jar:/home/user/.m2/repository/org/codehaus/jackson/jackson-core-asl/1.9.13/jackson-core-asl-1.9.13.jar:/home/user/.m2/repository/org/codehaus/jackson/jackson-mapper-asl/1.9.13/jackson-mapper-asl-1.9.13.jar:/home/user/.m2/repository/org/codehaus/jackson/jackson-jaxrs/1.9.13/jackson-jaxrs-1.9.13.jar:/home/user/.m2/repository/org/codehaus/jackson/jackson-xc/1.9.13/jackson-xc-1.9.13.jar:/home/user/.m2/repository/commons-logging/commons-logging/1.1.3/commons-logging-1.1.3.jar:/home/user/.m2/repository/commons-beanutils/commons-beanutils/1.9.4/commons-beanutils-1.9.4.jar:/home/user/.m2/repository/org/apache/commons/commons-configuration2/2.1.1/commons-configuration2-2.1.1.jar:/home/user/.m2/repository/org/apache/commons/commons-lang3/3.7/commons-lang3-3.7.jar:/home/user/.m2/repository/org/apache/commons/commons-text/1.4/commons-text-1.4.jar:/home/user/.m2/repository/org/apache/avro/avro/1.7.7/avro-1.7.7.jar:/home/user/.m2/repository/com/thoughtworks/paranamer/paranamer/2.3/paranamer-2.3.jar:/home/user/.m2/repository/org/xerial/snappy/snappy-java/1.0.5/snappy-java-1.0.5.jar:/home/user/.m2/repository/com/google/re2j/re2j/1.1/re2j-1.1.jar:/home/user/.m2/repository/com/google/code/gson/gson/2.2.4/gson-2.2.4.jar:/home/user/.m2/repository/com/jcraft/jsch/0.1.54/jsch-0.1.54.jar:/home/user/.m2/repository/org/apache/curator/curator-client/2.12.0/curator-client-2.12.0.jar:/home/user/.m2/repository/org/apache/curator/curator-recipes/2.12.0/curator-recipes-2.12.0.jar:/home/user/.m2/repository/com/google/code/findbugs/jsr305/3.0.0/jsr305-3.0.0.jar:/home/user/.m2/repository/org/apache/htrace/htrace-core4/4.1.0-incubating/htrace-core4-4.1.0-incubating.jar:/home/user/.m2/repository/org/apache/zookeeper/zookeeper/3.4.13/zookeeper-3.4.13.jar:/home/user/.m2/repository/org/apache/yetus/audience-annotations/0.5.0/audience-annotations-0.5.0.jar:/home/user/.m2/repository/org/codehaus/woodstox/stax2-api/3.1.4/stax2-api-3.1.4.jar:/home/user/.m2/repository/com/fasterxml/woodstox/woodstox-core/5.0.3/woodstox-core-5.0.3.jar:/home/user/.m2/repository/dnsjava/dnsjava/2.1.7/dnsjava-2.1.7.jar:/home/user/.m2/repository/org/apache/hadoop/hadoop-hdfs/3.2.0/hadoop-hdfs-3.2.0-tests.jar:/home/user/.m2/repository/org/eclipse/jetty/jetty-util-ajax/9.3.24.v20180605/jetty-util-ajax-9.3.24.v20180605.jar:/home/user/.m2/repository/commons-daemon/commons-daemon/1.0.13/commons-daemon-1.0.13.jar:/home/user/.m2/repository/io/netty/netty/3.10.5.Final/netty-3.10.5.Final.jar:/home/user/.m2/repository/io/netty/netty-all/4.0.52.Final/netty-all-4.0.52.Final.jar:/home/user/.m2/repository/org/fusesource/leveldbjni/leveldbjni-all/1.8/leveldbjni-all-1.8.jar:"/>
    <property name="sun.cpu.endian" value="little"/>
    <property name="user.home" value="/home/user"/>
    <property name="user.language" value="en"/>
    <property name="java.specification.vendor" value="Oracle Corporation"/>
    <property name="java.home" value="/usr/lib/jvm/java-1.8-openjdk/jre"/>
    <property name="java.security.krb5.conf" value="/workdir/hadoop-ozone/integration-test/target/test-classes/krb5.conf"/>
    <property name="basedir" value="/workdir/hadoop-ozone/integration-test"/>
    <property name="file.separator" value="/"/>
    <property name="line.separator" value="&#10;"/>
    <property name="java.vm.specification.vendor" value="Oracle Corporation"/>
    <property name="java.specification.name" value="Java Platform API Specification"/>
    <property name="java.awt.graphicsenv" value="sun.awt.X11GraphicsEnvironment"/>
    <property name="surefire.real.class.path" value="/workdir/hadoop-ozone/integration-test/target/surefire/surefirebooter1778203203211910348.jar"/>
    <property name="hadoop.log.dir" value="/workdir/hadoop-ozone/integration-test/target/log"/>
    <property name="sun.boot.class.path" value="/usr/lib/jvm/java-1.8-openjdk/jre/lib/resources.jar:/usr/lib/jvm/java-1.8-openjdk/jre/lib/rt.jar:/usr/lib/jvm/java-1.8-openjdk/jre/lib/sunrsasign.jar:/usr/lib/jvm/java-1.8-openjdk/jre/lib/jsse.jar:/usr/lib/jvm/java-1.8-openjdk/jre/lib/jce.jar:/usr/lib/jvm/java-1.8-openjdk/jre/lib/charsets.jar:/usr/lib/jvm/java-1.8-openjdk/jre/lib/jfr.jar:/usr/lib/jvm/java-1.8-openjdk/jre/classes"/>
    <property name="sun.management.compiler" value="HotSpot 64-Bit Tiered Compilers"/>
    <property name="java.runtime.version" value="1.8.0_212-b04"/>
    <property name="java.net.preferIPv4Stack" value="true"/>
    <property name="user.name" value="jenkins1000"/>
    <property name="path.separator" value=":"/>
    <property name="java.security.egd" value="file:///dev/urandom"/>
    <property name="os.version" value="3.10.0-957.12.2.el7.x86_64"/>
    <property name="java.endorsed.dirs" value="/usr/lib/jvm/java-1.8-openjdk/jre/lib/endorsed"/>
    <property name="java.runtime.name" value="OpenJDK Runtime Environment"/>
    <property name="file.encoding" value="UTF-8"/>
    <property name="java.vm.name" value="OpenJDK 64-Bit Server VM"/>
    <property name="test.build.webapps" value=""/>
    <property name="localRepository" value="/home/user/.m2/repository"/>
    <property name="java.vendor.url.bug" value="https://icedtea.classpath.org/bugzilla"/>
    <property name="java.io.tmpdir" value="/tmp"/>
    <property name="require.test.libhadoop" value=""/>
    <property name="java.version" value="1.8.0_212"/>
    <property name="user.dir" value="/workdir/hadoop-ozone/integration-test"/>
    <property name="os.arch" value="amd64"/>
    <property name="java.vm.specification.name" value="Java Virtual Machine Specification"/>
    <property name="test.build.classes" value="/workdir/hadoop-ozone/integration-test/target/test-classes"/>
    <property name="java.awt.printerjob" value="sun.print.PSPrinterJob"/>
    <property name="sun.os.patch.level" value="unknown"/>
    <property name="hadoop.tmp.dir" value="/workdir/hadoop-ozone/integration-test/target/tmp"/>
    <property name="java.library.path" value="/usr/lib/jvm/java-1.8-openjdk/jre/lib/amd64/server:/usr/lib/jvm/java-1.8-openjdk/jre/lib/amd64:/usr/lib/jvm/java-1.8-openjdk/jre/../lib/amd64:/workdir/hadoop-ozone/integration-test/target/native/target/usr/local/lib:/workdir/hadoop-ozone/integration-test/../../hadoop-common-project/hadoop-common/target/native/target/usr/local/lib:/usr/java/packages/lib/amd64:/usr/lib64:/lib64:/lib:/usr/lib"/>
    <property name="java.vm.info" value="mixed mode"/>
    <property name="java.vendor" value="IcedTea"/>
    <property name="java.vm.version" value="25.212-b04"/>
    <property name="java.ext.dirs" value="/usr/lib/jvm/java-1.8-openjdk/jre/lib/ext:/usr/java/packages/lib/ext"/>
    <property name="sun.io.unicode.encoding" value="UnicodeLittle"/>
    <property name="java.class.version" value="52.0"/>
  </properties>
  <testcase name="test2DatanodesFailure" classname="org.apache.hadoop.ozone.client.rpc.TestBlockOutputStreamWithFailures" time="107.914"/>
  <testcase name="testDatanodeFailureWithPreAllocation" classname="org.apache.hadoop.ozone.client.rpc.TestBlockOutputStreamWithFailures" time="226.356"/>
  <testcase name="testDatanodeFailureWithSingleNodeRatis" classname="org.apache.hadoop.ozone.client.rpc.TestBlockOutputStreamWithFailures" time="224.943"/>
  <testcase name="testWatchForCommitWithSingleNodeRatis" classname="org.apache.hadoop.ozone.client.rpc.TestBlockOutputStreamWithFailures" time="34.441"/>
  <testcase name="testWatchForCommitDatanodeFailure" classname="org.apache.hadoop.ozone.client.rpc.TestBlockOutputStreamWithFailures" time="49.923">
    <failure message="expected:&lt;2&gt; but was:&lt;3&gt;" type="java.lang.AssertionError"><![CDATA[java.lang.AssertionError: expected:<2> but was:<3>
	at org.junit.Assert.fail(Assert.java:88)
	at org.junit.Assert.failNotEquals(Assert.java:743)
	at org.junit.Assert.assertEquals(Assert.java:118)
	at org.junit.Assert.assertEquals(Assert.java:555)
	at org.junit.Assert.assertEquals(Assert.java:542)
	at org.apache.hadoop.ozone.client.rpc.TestBlockOutputStreamWithFailures.testWatchForCommitDatanodeFailure(TestBlockOutputStreamWithFailures.java:366)
	at sun.reflect.NativeMethodAccessorImpl.invoke0(Native Method)
	at sun.reflect.NativeMethodAccessorImpl.invoke(NativeMethodAccessorImpl.java:62)
	at sun.reflect.DelegatingMethodAccessorImpl.invoke(DelegatingMethodAccessorImpl.java:43)
	at java.lang.reflect.Method.invoke(Method.java:498)
	at org.junit.runners.model.FrameworkMethod$1.runReflectiveCall(FrameworkMethod.java:47)
	at org.junit.internal.runners.model.ReflectiveCallable.run(ReflectiveCallable.java:12)
	at org.junit.runners.model.FrameworkMethod.invokeExplosively(FrameworkMethod.java:44)
	at org.junit.internal.runners.statements.InvokeMethod.evaluate(InvokeMethod.java:17)
	at org.junit.internal.runners.statements.RunBefores.evaluate(RunBefores.java:26)
	at org.junit.internal.runners.statements.RunAfters.evaluate(RunAfters.java:27)
	at org.junit.runners.ParentRunner.runLeaf(ParentRunner.java:271)
	at org.junit.runners.BlockJUnit4ClassRunner.runChild(BlockJUnit4ClassRunner.java:70)
	at org.junit.runners.BlockJUnit4ClassRunner.runChild(BlockJUnit4ClassRunner.java:50)
	at org.junit.runners.ParentRunner$3.run(ParentRunner.java:238)
	at org.junit.runners.ParentRunner$1.schedule(ParentRunner.java:63)
	at org.junit.runners.ParentRunner.runChildren(ParentRunner.java:236)
	at org.junit.runners.ParentRunner.access$000(ParentRunner.java:53)
	at org.junit.runners.ParentRunner$2.evaluate(ParentRunner.java:229)
	at org.junit.runners.ParentRunner.run(ParentRunner.java:309)
	at org.apache.maven.surefire.junit4.JUnit4Provider.execute(JUnit4Provider.java:365)
	at org.apache.maven.surefire.junit4.JUnit4Provider.executeWithRerun(JUnit4Provider.java:273)
	at org.apache.maven.surefire.junit4.JUnit4Provider.executeTestSet(JUnit4Provider.java:238)
	at org.apache.maven.surefire.junit4.JUnit4Provider.invoke(JUnit4Provider.java:159)
	at org.apache.maven.surefire.booter.ForkedBooter.invokeProviderInSameClassLoader(ForkedBooter.java:384)
	at org.apache.maven.surefire.booter.ForkedBooter.runSuitesInProcess(ForkedBooter.java:345)
	at org.apache.maven.surefire.booter.ForkedBooter.execute(ForkedBooter.java:126)
	at org.apache.maven.surefire.booter.ForkedBooter.main(ForkedBooter.java:418)
]]></failure>
    <system-out><![CDATA[2019-09-21 06:03:43,263 [main] WARN  server.ServerUtils (ServerUtils.java:getScmDbDir(145)) - ozone.scm.db.dirs is not configured. We recommend adding this setting. Falling back to ozone.metadata.dirs instead.
2019-09-21 06:03:43,278 [main] WARN  server.ServerUtils (ServerUtils.java:getScmDbDir(145)) - ozone.scm.db.dirs is not configured. We recommend adding this setting. Falling back to ozone.metadata.dirs instead.
2019-09-21 06:03:43,278 [main] WARN  server.ServerUtils (ServerUtils.java:getScmDbDir(145)) - ozone.scm.db.dirs is not configured. We recommend adding this setting. Falling back to ozone.metadata.dirs instead.
2019-09-21 06:03:43,279 [main] INFO  db.DBStoreBuilder (DBStoreBuilder.java:addTable(110)) - using custom profile for table: deletedBlocks
2019-09-21 06:03:43,279 [main] INFO  db.DBStoreBuilder (DBStoreBuilder.java:processTables(161)) - Using default column profile:DBProfile.DISK for Table:deletedBlocks
2019-09-21 06:03:43,279 [main] INFO  db.DBStoreBuilder (DBStoreBuilder.java:addTable(110)) - using custom profile for table: validCerts
2019-09-21 06:03:43,280 [main] INFO  db.DBStoreBuilder (DBStoreBuilder.java:processTables(161)) - Using default column profile:DBProfile.DISK for Table:validCerts
2019-09-21 06:03:43,280 [main] INFO  db.DBStoreBuilder (DBStoreBuilder.java:addTable(110)) - using custom profile for table: revokedCerts
2019-09-21 06:03:43,280 [main] INFO  db.DBStoreBuilder (DBStoreBuilder.java:processTables(161)) - Using default column profile:DBProfile.DISK for Table:revokedCerts
2019-09-21 06:03:43,280 [main] INFO  db.DBStoreBuilder (DBStoreBuilder.java:addTable(110)) - using custom profile for table: default
2019-09-21 06:03:43,281 [main] INFO  db.DBStoreBuilder (DBStoreBuilder.java:processTables(167)) - Using default column profile:DBProfile.DISK for Table:default
2019-09-21 06:03:43,281 [main] INFO  db.DBStoreBuilder (DBStoreBuilder.java:getDbProfile(198)) - Using default options. DBProfile.DISK
2019-09-21 06:03:43,491 [main] INFO  net.NodeSchemaLoader (NodeSchemaLoader.java:loadSchemaFromFile(125)) - Loading file from sun.misc.CompoundEnumeration@42c0a16e
2019-09-21 06:03:43,491 [main] INFO  net.NodeSchemaLoader (NodeSchemaLoader.java:loadSchema(171)) - Loading network topology layer schema file
2019-09-21 06:03:43,501 [main] INFO  node.SCMNodeManager (SCMNodeManager.java:<init>(114)) - Entering startup safe mode.
2019-09-21 06:03:43,502 [main] INFO  algorithms.ContainerPlacementPolicyFactory (ContainerPlacementPolicyFactory.java:getPolicy(57)) - Create container placement policy of type org.apache.hadoop.hdds.scm.container.placement.algorithms.SCMContainerPlacementRandom
2019-09-21 06:03:43,502 [main] WARN  server.ServerUtils (ServerUtils.java:getScmDbDir(145)) - ozone.scm.db.dirs is not configured. We recommend adding this setting. Falling back to ozone.metadata.dirs instead.
2019-09-21 06:03:43,579 [main] INFO  pipeline.SCMPipelineManager (SCMPipelineManager.java:initializePipelineState(132)) - No pipeline exists in current db
2019-09-21 06:03:43,579 [main] WARN  server.ServerUtils (ServerUtils.java:getScmDbDir(145)) - ozone.scm.db.dirs is not configured. We recommend adding this setting. Falling back to ozone.metadata.dirs instead.
2019-09-21 06:03:43,662 [main] WARN  events.EventQueue (EventQueue.java:fireEvent(183)) - No event handler registered for event TypedEvent{payloadType=SafeModeStatus, name='SafeModeStatus'}
2019-09-21 06:03:43,663 [main] INFO  ipc.CallQueueManager (CallQueueManager.java:<init>(84)) - Using callQueue: class java.util.concurrent.LinkedBlockingQueue, queueCapacity: 2000, scheduler: class org.apache.hadoop.ipc.DefaultRpcScheduler, ipcBackoff: false.
2019-09-21 06:03:43,664 [Socket Reader #1 for port 39447] INFO  ipc.Server (Server.java:run(1074)) - Starting Socket Reader #1 for port 39447
2019-09-21 06:03:43,666 [main] INFO  ipc.CallQueueManager (CallQueueManager.java:<init>(84)) - Using callQueue: class java.util.concurrent.LinkedBlockingQueue, queueCapacity: 2000, scheduler: class org.apache.hadoop.ipc.DefaultRpcScheduler, ipcBackoff: false.
2019-09-21 06:03:43,667 [Socket Reader #1 for port 43717] INFO  ipc.Server (Server.java:run(1074)) - Starting Socket Reader #1 for port 43717
2019-09-21 06:03:43,669 [main] INFO  ipc.CallQueueManager (CallQueueManager.java:<init>(84)) - Using callQueue: class java.util.concurrent.LinkedBlockingQueue, queueCapacity: 2000, scheduler: class org.apache.hadoop.ipc.DefaultRpcScheduler, ipcBackoff: false.
2019-09-21 06:03:43,669 [Socket Reader #1 for port 35521] INFO  ipc.Server (Server.java:run(1074)) - Starting Socket Reader #1 for port 35521
2019-09-21 06:03:43,672 [main] INFO  hdfs.DFSUtil (DFSUtil.java:httpServerTemplateForNNAndJN(1641)) - Starting Web-server for scm at: http://0.0.0.0:0
2019-09-21 06:03:43,674 [main] INFO  server.AuthenticationFilter (AuthenticationFilter.java:constructSecretProvider(240)) - Unable to initialize FileSignerSecretProvider, falling back to use random secrets.
2019-09-21 06:03:43,676 [main] WARN  http.HttpRequestLog (HttpRequestLog.java:getRequestLog(97)) - Jetty request log can only be enabled using Log4j
2019-09-21 06:03:43,679 [main] INFO  http.HttpServer2 (HttpServer2.java:addGlobalFilter(975)) - Added global filter 'safety' (class=org.apache.hadoop.http.HttpServer2$QuotingInputFilter)
2019-09-21 06:03:43,679 [main] INFO  http.HttpServer2 (HttpServer2.java:addFilter(948)) - Added filter static_user_filter (class=org.apache.hadoop.http.lib.StaticUserWebFilter$StaticUserFilter) to context scm
2019-09-21 06:03:43,679 [main] INFO  http.HttpServer2 (HttpServer2.java:addFilter(958)) - Added filter static_user_filter (class=org.apache.hadoop.http.lib.StaticUserWebFilter$StaticUserFilter) to context static
2019-09-21 06:03:43,680 [main] INFO  http.HttpServer2 (HttpServer2.java:addFilter(958)) - Added filter static_user_filter (class=org.apache.hadoop.http.lib.StaticUserWebFilter$StaticUserFilter) to context logs
2019-09-21 06:03:43,682 [main] INFO  server.StorageContainerManager (StorageContainerManager.java:start(770)) - StorageContainerLocationProtocol RPC server is listening at /0.0.0.0:35521
2019-09-21 06:03:43,684 [main] WARN  impl.MetricsConfig (MetricsConfig.java:loadFirst(134)) - Cannot locate configuration: tried hadoop-metrics2-storagecontainermanager.properties,hadoop-metrics2.properties
2019-09-21 06:03:43,685 [main] INFO  impl.MetricsSystemImpl (MetricsSystemImpl.java:startTimer(374)) - Scheduled Metric snapshot period at 10 second(s).
2019-09-21 06:03:43,686 [main] INFO  impl.MetricsSystemImpl (MetricsSystemImpl.java:start(191)) - StorageContainerManager metrics system started
2019-09-21 06:03:43,730 [main] WARN  impl.MetricsSystemImpl (MetricsSystemImpl.java:register(276)) - Sink prometheus already exists!
2019-09-21 06:03:43,798 [main] INFO  server.SCMClientProtocolServer (SCMClientProtocolServer.java:start(151)) - RPC server for Client  is listening at /0.0.0.0:35521
2019-09-21 06:03:43,798 [IPC Server Responder] INFO  ipc.Server (Server.java:run(1314)) - IPC Server Responder: starting
2019-09-21 06:03:43,798 [IPC Server listener on 35521] INFO  ipc.Server (Server.java:run(1153)) - IPC Server listener on 35521: starting
2019-09-21 06:03:43,802 [main] INFO  server.StorageContainerManager (StorageContainerManager.java:start(780)) - ScmBlockLocationProtocol RPC server is listening at /0.0.0.0:43717
2019-09-21 06:03:43,802 [main] INFO  server.SCMBlockProtocolServer (SCMBlockProtocolServer.java:start(146)) - RPC server for Block Protocol is listening at /0.0.0.0:43717
2019-09-21 06:03:43,802 [IPC Server Responder] INFO  ipc.Server (Server.java:run(1314)) - IPC Server Responder: starting
2019-09-21 06:03:43,802 [IPC Server listener on 43717] INFO  ipc.Server (Server.java:run(1153)) - IPC Server listener on 43717: starting
2019-09-21 06:03:43,806 [main] INFO  server.StorageContainerManager (StorageContainerManager.java:start(784)) - ScmDatanodeProtocl RPC server is listening at /0.0.0.0:39447
2019-09-21 06:03:43,806 [main] INFO  server.SCMDatanodeProtocolServer (SCMDatanodeProtocolServer.java:start(191)) - RPC server for DataNodes is listening at /0.0.0.0:39447
2019-09-21 06:03:43,806 [IPC Server Responder] INFO  ipc.Server (Server.java:run(1314)) - IPC Server Responder: starting
2019-09-21 06:03:43,806 [IPC Server listener on 39447] INFO  ipc.Server (Server.java:run(1153)) - IPC Server listener on 39447: starting
2019-09-21 06:03:43,810 [main] INFO  http.HttpServer2 (HttpServer2.java:bindListener(1191)) - Jetty bound to port 33685
2019-09-21 06:03:43,810 [main] INFO  server.Server (Server.java:doStart(351)) - jetty-9.3.24.v20180605, build timestamp: 2018-06-05T17:11:56Z, git hash: 84205aa28f11a4f31f2a3b86d1bba2cc8ab69827
2019-09-21 06:03:43,812 [main] INFO  handler.ContextHandler (ContextHandler.java:doStart(781)) - Started o.e.j.s.ServletContextHandler@6d0e45a5{/logs,file:///workdir/hadoop-ozone/integration-test/target/log,AVAILABLE}
2019-09-21 06:03:43,812 [main] INFO  handler.ContextHandler (ContextHandler.java:doStart(781)) - Started o.e.j.s.ServletContextHandler@7aa01bd9{/static,file:///workdir/hadoop-ozone/integration-test/target/test-classes/webapps/static,AVAILABLE}
2019-09-21 06:03:43,816 [main] INFO  handler.ContextHandler (ContextHandler.java:doStart(781)) - Started o.e.j.w.WebAppContext@bbb6f0{/,file:///workdir/hadoop-ozone/integration-test/target/test-classes/webapps/scm/,AVAILABLE}{/scm}
2019-09-21 06:03:43,816 [main] INFO  server.AbstractConnector (AbstractConnector.java:doStart(278)) - Started ServerConnector@3e6ec74{HTTP/1.1,[http/1.1]}{0.0.0.0:33685}
2019-09-21 06:03:43,817 [main] INFO  server.Server (Server.java:doStart(419)) - Started @594823ms
2019-09-21 06:03:43,817 [main] WARN  impl.MetricsSystemImpl (MetricsSystemImpl.java:register(276)) - Sink prometheus already exists!
2019-09-21 06:03:43,818 [main] INFO  server.BaseHttpServer (BaseHttpServer.java:updateConnectorAddress(215)) - HTTP server of SCM is listening at http://0.0.0.0:33685
2019-09-21 06:03:43,819 [main] WARN  server.ServerUtils (ServerUtils.java:getDBPath(222)) - ozone.om.db.dirs is not configured. We recommend adding this setting. Falling back to ozone.metadata.dirs instead.
2019-09-21 06:03:43,819 [org.apache.hadoop.util.JvmPauseMonitor$Monitor@6d7ad0f5] INFO  util.JvmPauseMonitor (JvmPauseMonitor.java:run(188)) - Starting JVM pause monitor
2019-09-21 06:03:43,833 [main] WARN  server.ServerUtils (ServerUtils.java:getDBPath(222)) - ozone.om.db.dirs is not configured. We recommend adding this setting. Falling back to ozone.metadata.dirs instead.
2019-09-21 06:03:43,833 [main] WARN  server.ServerUtils (ServerUtils.java:getDBPath(222)) - ozone.om.db.dirs is not configured. We recommend adding this setting. Falling back to ozone.metadata.dirs instead.
2019-09-21 06:03:43,833 [main] INFO  om.OzoneManager (OzoneManager.java:setOMNodeDetails(652)) - OM Service ID is not set. Setting it to the default ID: omServiceIdDefault
2019-09-21 06:03:43,834 [main] INFO  om.OzoneManager (OzoneManager.java:setOMNodeDetails(658)) - OM Node ID is not set. Setting it to the OmStorage's OmID: 2e7bb22e-6ee5-4098-aacc-5887cb8db162
2019-09-21 06:03:43,834 [main] INFO  om.OzoneManager (OzoneManager.java:loadOMHAConfigs(609)) - Found matching OM address with OMServiceId: null, OMNodeId: null, RPC Address: localhost:0 and Ratis port: 9872
2019-09-21 06:03:43,840 [main] WARN  server.ServerUtils (ServerUtils.java:getDBPath(222)) - ozone.om.db.dirs is not configured. We recommend adding this setting. Falling back to ozone.metadata.dirs instead.
2019-09-21 06:03:43,840 [main] INFO  db.DBStoreBuilder (DBStoreBuilder.java:addTable(110)) - using custom profile for table: userTable
2019-09-21 06:03:43,841 [main] INFO  db.DBStoreBuilder (DBStoreBuilder.java:processTables(161)) - Using default column profile:DBProfile.DISK for Table:userTable
2019-09-21 06:03:43,841 [main] INFO  db.DBStoreBuilder (DBStoreBuilder.java:addTable(110)) - using custom profile for table: volumeTable
2019-09-21 06:03:43,841 [main] INFO  db.DBStoreBuilder (DBStoreBuilder.java:processTables(161)) - Using default column profile:DBProfile.DISK for Table:volumeTable
2019-09-21 06:03:43,841 [main] INFO  db.DBStoreBuilder (DBStoreBuilder.java:addTable(110)) - using custom profile for table: bucketTable
2019-09-21 06:03:43,841 [main] INFO  db.DBStoreBuilder (DBStoreBuilder.java:processTables(161)) - Using default column profile:DBProfile.DISK for Table:bucketTable
2019-09-21 06:03:43,842 [main] INFO  db.DBStoreBuilder (DBStoreBuilder.java:addTable(110)) - using custom profile for table: keyTable
2019-09-21 06:03:43,842 [main] INFO  db.DBStoreBuilder (DBStoreBuilder.java:processTables(161)) - Using default column profile:DBProfile.DISK for Table:keyTable
2019-09-21 06:03:43,842 [main] INFO  db.DBStoreBuilder (DBStoreBuilder.java:addTable(110)) - using custom profile for table: deletedTable
2019-09-21 06:03:43,842 [main] INFO  db.DBStoreBuilder (DBStoreBuilder.java:processTables(161)) - Using default column profile:DBProfile.DISK for Table:deletedTable
2019-09-21 06:03:43,842 [main] INFO  db.DBStoreBuilder (DBStoreBuilder.java:addTable(110)) - using custom profile for table: openKeyTable
2019-09-21 06:03:43,843 [main] INFO  db.DBStoreBuilder (DBStoreBuilder.java:processTables(161)) - Using default column profile:DBProfile.DISK for Table:openKeyTable
2019-09-21 06:03:43,843 [main] INFO  db.DBStoreBuilder (DBStoreBuilder.java:addTable(110)) - using custom profile for table: s3Table
2019-09-21 06:03:43,843 [main] INFO  db.DBStoreBuilder (DBStoreBuilder.java:processTables(161)) - Using default column profile:DBProfile.DISK for Table:s3Table
2019-09-21 06:03:43,843 [main] INFO  db.DBStoreBuilder (DBStoreBuilder.java:addTable(110)) - using custom profile for table: multipartInfoTable
2019-09-21 06:03:43,843 [main] INFO  db.DBStoreBuilder (DBStoreBuilder.java:processTables(161)) - Using default column profile:DBProfile.DISK for Table:multipartInfoTable
2019-09-21 06:03:43,844 [main] INFO  db.DBStoreBuilder (DBStoreBuilder.java:addTable(110)) - using custom profile for table: dTokenTable
2019-09-21 06:03:43,844 [main] INFO  db.DBStoreBuilder (DBStoreBuilder.java:processTables(161)) - Using default column profile:DBProfile.DISK for Table:dTokenTable
2019-09-21 06:03:43,844 [main] INFO  db.DBStoreBuilder (DBStoreBuilder.java:addTable(110)) - using custom profile for table: s3SecretTable
2019-09-21 06:03:43,844 [main] INFO  db.DBStoreBuilder (DBStoreBuilder.java:processTables(161)) - Using default column profile:DBProfile.DISK for Table:s3SecretTable
2019-09-21 06:03:43,844 [main] INFO  db.DBStoreBuilder (DBStoreBuilder.java:addTable(110)) - using custom profile for table: prefixTable
2019-09-21 06:03:43,845 [main] INFO  db.DBStoreBuilder (DBStoreBuilder.java:processTables(161)) - Using default column profile:DBProfile.DISK for Table:prefixTable
2019-09-21 06:03:43,845 [main] INFO  db.DBStoreBuilder (DBStoreBuilder.java:addTable(110)) - using custom profile for table: default
2019-09-21 06:03:43,845 [main] INFO  db.DBStoreBuilder (DBStoreBuilder.java:processTables(167)) - Using default column profile:DBProfile.DISK for Table:default
2019-09-21 06:03:43,845 [main] INFO  db.DBStoreBuilder (DBStoreBuilder.java:getDbProfile(198)) - Using default options. DBProfile.DISK
2019-09-21 06:03:44,450 [main] INFO  ipc.CallQueueManager (CallQueueManager.java:<init>(84)) - Using callQueue: class java.util.concurrent.LinkedBlockingQueue, queueCapacity: 2000, scheduler: class org.apache.hadoop.ipc.DefaultRpcScheduler, ipcBackoff: false.
2019-09-21 06:03:44,451 [Socket Reader #1 for port 41554] INFO  ipc.Server (Server.java:run(1074)) - Starting Socket Reader #1 for port 41554
2019-09-21 06:03:44,463 [main] INFO  om.OzoneManager (OzoneManager.java:start(1243)) - OzoneManager RPC server is listening at localhost/127.0.0.1:41554
2019-09-21 06:03:44,464 [main] INFO  impl.MetricsSystemImpl (MetricsSystemImpl.java:init(158)) - OzoneManager metrics system started (again)
2019-09-21 06:03:44,464 [IPC Server Responder] INFO  ipc.Server (Server.java:run(1314)) - IPC Server Responder: starting
2019-09-21 06:03:44,464 [IPC Server listener on 41554] INFO  ipc.Server (Server.java:run(1153)) - IPC Server listener on 41554: starting
2019-09-21 06:03:44,470 [main] INFO  hdfs.DFSUtil (DFSUtil.java:httpServerTemplateForNNAndJN(1641)) - Starting Web-server for ozoneManager at: http://0.0.0.0:0
2019-09-21 06:03:44,472 [main] INFO  server.AuthenticationFilter (AuthenticationFilter.java:constructSecretProvider(240)) - Unable to initialize FileSignerSecretProvider, falling back to use random secrets.
2019-09-21 06:03:44,472 [main] WARN  http.HttpRequestLog (HttpRequestLog.java:getRequestLog(97)) - Jetty request log can only be enabled using Log4j
2019-09-21 06:03:44,473 [main] INFO  http.HttpServer2 (HttpServer2.java:addGlobalFilter(975)) - Added global filter 'safety' (class=org.apache.hadoop.http.HttpServer2$QuotingInputFilter)
2019-09-21 06:03:44,474 [main] INFO  http.HttpServer2 (HttpServer2.java:addFilter(948)) - Added filter static_user_filter (class=org.apache.hadoop.http.lib.StaticUserWebFilter$StaticUserFilter) to context ozoneManager
2019-09-21 06:03:44,474 [main] INFO  http.HttpServer2 (HttpServer2.java:addFilter(958)) - Added filter static_user_filter (class=org.apache.hadoop.http.lib.StaticUserWebFilter$StaticUserFilter) to context static
2019-09-21 06:03:44,474 [main] INFO  http.HttpServer2 (HttpServer2.java:addFilter(958)) - Added filter static_user_filter (class=org.apache.hadoop.http.lib.StaticUserWebFilter$StaticUserFilter) to context logs
2019-09-21 06:03:44,475 [main] INFO  http.HttpServer2 (HttpServer2.java:bindListener(1191)) - Jetty bound to port 34470
2019-09-21 06:03:44,475 [main] INFO  server.Server (Server.java:doStart(351)) - jetty-9.3.24.v20180605, build timestamp: 2018-06-05T17:11:56Z, git hash: 84205aa28f11a4f31f2a3b86d1bba2cc8ab69827
2019-09-21 06:03:44,476 [main] INFO  handler.ContextHandler (ContextHandler.java:doStart(781)) - Started o.e.j.s.ServletContextHandler@6d4a82{/logs,file:///workdir/hadoop-ozone/integration-test/target/log,AVAILABLE}
2019-09-21 06:03:44,477 [main] INFO  handler.ContextHandler (ContextHandler.java:doStart(781)) - Started o.e.j.s.ServletContextHandler@7a0ab480{/static,file:///workdir/hadoop-ozone/integration-test/target/test-classes/webapps/static,AVAILABLE}
2019-09-21 06:03:44,480 [main] INFO  handler.ContextHandler (ContextHandler.java:doStart(781)) - Started o.e.j.w.WebAppContext@1332dec4{/,file:///workdir/hadoop-ozone/integration-test/target/test-classes/webapps/ozoneManager/,AVAILABLE}{/ozoneManager}
2019-09-21 06:03:44,481 [main] INFO  server.AbstractConnector (AbstractConnector.java:doStart(278)) - Started ServerConnector@544e3679{HTTP/1.1,[http/1.1]}{0.0.0.0:34470}
2019-09-21 06:03:44,482 [main] INFO  server.Server (Server.java:doStart(419)) - Started @595487ms
2019-09-21 06:03:44,482 [main] WARN  impl.MetricsSystemImpl (MetricsSystemImpl.java:register(276)) - Sink prometheus already exists!
2019-09-21 06:03:44,483 [main] INFO  server.BaseHttpServer (BaseHttpServer.java:updateConnectorAddress(215)) - HTTP server of OZONEMANAGER is listening at http://0.0.0.0:34470
2019-09-21 06:03:44,502 [main] INFO  impl.MetricsSystemImpl (MetricsSystemImpl.java:init(158)) - HddsDatanode metrics system started (again)
2019-09-21 06:03:44,506 [main] INFO  ozone.HddsDatanodeService (HddsDatanodeService.java:start(184)) - HddsDatanodeService host:pr-hdds-2161-4k4xz-3364335222 ip:192.168.34.39
2019-09-21 06:03:44,512 [main] INFO  volume.HddsVolume (HddsVolume.java:<init>(176)) - Creating Volume: /workdir/hadoop-ozone/integration-test/target/test-dir/MiniOzoneClusterImpl-4a7d2b0f-1947-4f54-9952-6ed79e26d9e2/datanode-0/data/containers/hdds of  storage type : DISK and capacity : 1482555576320
2019-09-21 06:03:44,513 [main] INFO  volume.VolumeSet (VolumeSet.java:initializeVolumeSet(170)) - Added Volume : /workdir/hadoop-ozone/integration-test/target/test-dir/MiniOzoneClusterImpl-4a7d2b0f-1947-4f54-9952-6ed79e26d9e2/datanode-0/data/containers/hdds to VolumeSet
2019-09-21 06:03:44,513 [main] INFO  volume.ThrottledAsyncChecker (ThrottledAsyncChecker.java:schedule(139)) - Scheduling a check for org.apache.hadoop.ozone.container.common.volume.HddsVolume@67f946c3
2019-09-21 06:03:44,513 [main] INFO  volume.HddsVolumeChecker (HddsVolumeChecker.java:checkAllVolumes(202)) - Scheduled health check for volume org.apache.hadoop.ozone.container.common.volume.HddsVolume@67f946c3
2019-09-21 06:03:44,530 [main] INFO  impl.RaftServerProxy (ConfUtils.java:logGet(43)) - raft.rpc.type = GRPC (default)
2019-09-21 06:03:44,530 [main] INFO  grpc.GrpcFactory (GrpcFactory.java:checkPooledByteBufAllocatorUseCacheForAllThreads(45)) - PERFORMANCE WARNING: useCacheForAllThreads is true that may cause Netty to create a lot garbage objects and, as a result, trigger GC.
	It is recommended to disable useCacheForAllThreads by setting -Dorg.apache.ratis.thirdparty.io.netty.allocator.useCacheForAllThreads=false in command line.
2019-09-21 06:03:44,530 [main] INFO  grpc.GrpcConfigKeys$Server (ConfUtils.java:logGet(43)) - raft.grpc.server.port = 0 (default)
2019-09-21 06:03:44,531 [main] INFO  server.GrpcService (ConfUtils.java:logGet(43)) - raft.grpc.message.size.max = 33570816 (custom)
2019-09-21 06:03:44,531 [main] INFO  server.RaftServerConfigKeys (ConfUtils.java:logGet(43)) - raft.server.log.appender.buffer.byte-limit = 33554432 (custom)
2019-09-21 06:03:44,531 [main] INFO  server.GrpcService (ConfUtils.java:logGet(43)) - raft.grpc.flow.control.window = 1MB (=1048576) (default)
2019-09-21 06:03:44,531 [main] INFO  server.RaftServerConfigKeys (ConfUtils.java:logGet(43)) - raft.server.rpc.request.timeout = 3000ms (default)
2019-09-21 06:03:44,532 [main] INFO  server.RaftServerConfigKeys (ConfUtils.java:logGet(43)) - raft.server.storage.dir = [/workdir/hadoop-ozone/integration-test/target/test-dir/MiniOzoneClusterImpl-4a7d2b0f-1947-4f54-9952-6ed79e26d9e2/datanode-0/data/ratis] (custom)
2019-09-21 06:03:44,533 [main] INFO  hdfs.DFSUtil (DFSUtil.java:httpServerTemplateForNNAndJN(1641)) - Starting Web-server for hddsDatanode at: http://0.0.0.0:0
2019-09-21 06:03:44,535 [main] INFO  server.AuthenticationFilter (AuthenticationFilter.java:constructSecretProvider(240)) - Unable to initialize FileSignerSecretProvider, falling back to use random secrets.
2019-09-21 06:03:44,535 [main] WARN  http.HttpRequestLog (HttpRequestLog.java:getRequestLog(97)) - Jetty request log can only be enabled using Log4j
2019-09-21 06:03:44,536 [main] INFO  http.HttpServer2 (HttpServer2.java:addGlobalFilter(975)) - Added global filter 'safety' (class=org.apache.hadoop.http.HttpServer2$QuotingInputFilter)
2019-09-21 06:03:44,537 [main] INFO  http.HttpServer2 (HttpServer2.java:addFilter(948)) - Added filter static_user_filter (class=org.apache.hadoop.http.lib.StaticUserWebFilter$StaticUserFilter) to context hddsDatanode
2019-09-21 06:03:44,537 [main] INFO  http.HttpServer2 (HttpServer2.java:addFilter(958)) - Added filter static_user_filter (class=org.apache.hadoop.http.lib.StaticUserWebFilter$StaticUserFilter) to context static
2019-09-21 06:03:44,537 [main] INFO  http.HttpServer2 (HttpServer2.java:addFilter(958)) - Added filter static_user_filter (class=org.apache.hadoop.http.lib.StaticUserWebFilter$StaticUserFilter) to context logs
2019-09-21 06:03:44,538 [main] INFO  http.HttpServer2 (HttpServer2.java:bindListener(1191)) - Jetty bound to port 43627
2019-09-21 06:03:44,538 [main] INFO  server.Server (Server.java:doStart(351)) - jetty-9.3.24.v20180605, build timestamp: 2018-06-05T17:11:56Z, git hash: 84205aa28f11a4f31f2a3b86d1bba2cc8ab69827
2019-09-21 06:03:44,539 [main] INFO  handler.ContextHandler (ContextHandler.java:doStart(781)) - Started o.e.j.s.ServletContextHandler@4137aab0{/logs,file:///workdir/hadoop-ozone/integration-test/target/log,AVAILABLE}
2019-09-21 06:03:44,540 [main] INFO  handler.ContextHandler (ContextHandler.java:doStart(781)) - Started o.e.j.s.ServletContextHandler@682e422c{/static,jar:file:/home/user/.m2/repository/org/apache/hadoop/hadoop-hdds-container-service/0.5.0-SNAPSHOT/hadoop-hdds-container-service-0.5.0-SNAPSHOT.jar!/webapps/static,AVAILABLE}
2019-09-21 06:03:44,571 [main] INFO  handler.ContextHandler (ContextHandler.java:doStart(781)) - Started o.e.j.w.WebAppContext@46468f0{/,file:///tmp/jetty-0.0.0.0-43627-hddsDatanode-_-any-5741881333398919611.dir/webapp/,AVAILABLE}{/hddsDatanode}
2019-09-21 06:03:44,571 [main] INFO  server.AbstractConnector (AbstractConnector.java:doStart(278)) - Started ServerConnector@5f8f1712{HTTP/1.1,[http/1.1]}{0.0.0.0:43627}
2019-09-21 06:03:44,573 [main] INFO  server.Server (Server.java:doStart(419)) - Started @595579ms
2019-09-21 06:03:44,573 [main] WARN  impl.MetricsSystemImpl (MetricsSystemImpl.java:register(276)) - Sink prometheus already exists!
2019-09-21 06:03:44,574 [main] INFO  server.BaseHttpServer (BaseHttpServer.java:updateConnectorAddress(215)) - HTTP server of HDDSDATANODE is listening at http://0.0.0.0:43627
2019-09-21 06:03:44,574 [main] INFO  impl.MetricsSystemImpl (MetricsSystemImpl.java:init(158)) - HddsDatanode metrics system started (again)
2019-09-21 06:03:44,578 [org.apache.hadoop.util.JvmPauseMonitor$Monitor@6e3f49cb] INFO  util.JvmPauseMonitor (JvmPauseMonitor.java:run(188)) - Starting JVM pause monitor
2019-09-21 06:03:44,579 [main] INFO  ozone.HddsDatanodeService (HddsDatanodeService.java:start(184)) - HddsDatanodeService host:pr-hdds-2161-4k4xz-3364335222 ip:192.168.34.39
2019-09-21 06:03:44,580 [Datanode State Machine Thread - 0] INFO  datanode.InitDatanodeState (InitDatanodeState.java:persistContainerDatanodeDetails(140)) - DatanodeDetails is persisted to /workdir/hadoop-ozone/integration-test/target/test-dir/MiniOzoneClusterImpl-4a7d2b0f-1947-4f54-9952-6ed79e26d9e2/datanode-0/meta/datanode.id
2019-09-21 06:03:44,584 [main] INFO  volume.HddsVolume (HddsVolume.java:<init>(176)) - Creating Volume: /workdir/hadoop-ozone/integration-test/target/test-dir/MiniOzoneClusterImpl-4a7d2b0f-1947-4f54-9952-6ed79e26d9e2/datanode-1/data/containers/hdds of  storage type : DISK and capacity : 1482555576320
2019-09-21 06:03:44,584 [main] INFO  volume.VolumeSet (VolumeSet.java:initializeVolumeSet(170)) - Added Volume : /workdir/hadoop-ozone/integration-test/target/test-dir/MiniOzoneClusterImpl-4a7d2b0f-1947-4f54-9952-6ed79e26d9e2/datanode-1/data/containers/hdds to VolumeSet
2019-09-21 06:03:44,584 [main] INFO  volume.ThrottledAsyncChecker (ThrottledAsyncChecker.java:schedule(139)) - Scheduling a check for org.apache.hadoop.ozone.container.common.volume.HddsVolume@63d677f5
2019-09-21 06:03:44,585 [main] INFO  volume.HddsVolumeChecker (HddsVolumeChecker.java:checkAllVolumes(202)) - Scheduled health check for volume org.apache.hadoop.ozone.container.common.volume.HddsVolume@63d677f5
2019-09-21 06:03:44,597 [main] INFO  impl.RaftServerProxy (ConfUtils.java:logGet(43)) - raft.rpc.type = GRPC (default)
2019-09-21 06:03:44,598 [main] INFO  grpc.GrpcFactory (GrpcFactory.java:checkPooledByteBufAllocatorUseCacheForAllThreads(45)) - PERFORMANCE WARNING: useCacheForAllThreads is true that may cause Netty to create a lot garbage objects and, as a result, trigger GC.
	It is recommended to disable useCacheForAllThreads by setting -Dorg.apache.ratis.thirdparty.io.netty.allocator.useCacheForAllThreads=false in command line.
2019-09-21 06:03:44,598 [main] INFO  grpc.GrpcConfigKeys$Server (ConfUtils.java:logGet(43)) - raft.grpc.server.port = 0 (default)
2019-09-21 06:03:44,598 [main] INFO  server.GrpcService (ConfUtils.java:logGet(43)) - raft.grpc.message.size.max = 33570816 (custom)
2019-09-21 06:03:44,598 [main] INFO  server.RaftServerConfigKeys (ConfUtils.java:logGet(43)) - raft.server.log.appender.buffer.byte-limit = 33554432 (custom)
2019-09-21 06:03:44,598 [main] INFO  server.GrpcService (ConfUtils.java:logGet(43)) - raft.grpc.flow.control.window = 1MB (=1048576) (default)
2019-09-21 06:03:44,598 [main] INFO  server.RaftServerConfigKeys (ConfUtils.java:logGet(43)) - raft.server.rpc.request.timeout = 3000ms (default)
2019-09-21 06:03:44,599 [main] INFO  server.RaftServerConfigKeys (ConfUtils.java:logGet(43)) - raft.server.storage.dir = [/workdir/hadoop-ozone/integration-test/target/test-dir/MiniOzoneClusterImpl-4a7d2b0f-1947-4f54-9952-6ed79e26d9e2/datanode-1/data/ratis] (custom)
2019-09-21 06:03:44,600 [main] INFO  hdfs.DFSUtil (DFSUtil.java:httpServerTemplateForNNAndJN(1641)) - Starting Web-server for hddsDatanode at: http://0.0.0.0:0
2019-09-21 06:03:44,601 [main] INFO  server.AuthenticationFilter (AuthenticationFilter.java:constructSecretProvider(240)) - Unable to initialize FileSignerSecretProvider, falling back to use random secrets.
2019-09-21 06:03:44,601 [main] WARN  http.HttpRequestLog (HttpRequestLog.java:getRequestLog(97)) - Jetty request log can only be enabled using Log4j
2019-09-21 06:03:44,602 [main] INFO  http.HttpServer2 (HttpServer2.java:addGlobalFilter(975)) - Added global filter 'safety' (class=org.apache.hadoop.http.HttpServer2$QuotingInputFilter)
2019-09-21 06:03:44,603 [main] INFO  http.HttpServer2 (HttpServer2.java:addFilter(948)) - Added filter static_user_filter (class=org.apache.hadoop.http.lib.StaticUserWebFilter$StaticUserFilter) to context hddsDatanode
2019-09-21 06:03:44,603 [main] INFO  http.HttpServer2 (HttpServer2.java:addFilter(958)) - Added filter static_user_filter (class=org.apache.hadoop.http.lib.StaticUserWebFilter$StaticUserFilter) to context static
2019-09-21 06:03:44,603 [main] INFO  http.HttpServer2 (HttpServer2.java:addFilter(958)) - Added filter static_user_filter (class=org.apache.hadoop.http.lib.StaticUserWebFilter$StaticUserFilter) to context logs
2019-09-21 06:03:44,604 [main] INFO  http.HttpServer2 (HttpServer2.java:bindListener(1191)) - Jetty bound to port 40649
2019-09-21 06:03:44,604 [main] INFO  server.Server (Server.java:doStart(351)) - jetty-9.3.24.v20180605, build timestamp: 2018-06-05T17:11:56Z, git hash: 84205aa28f11a4f31f2a3b86d1bba2cc8ab69827
2019-09-21 06:03:44,605 [main] INFO  handler.ContextHandler (ContextHandler.java:doStart(781)) - Started o.e.j.s.ServletContextHandler@696fad31{/logs,file:///workdir/hadoop-ozone/integration-test/target/log,AVAILABLE}
2019-09-21 06:03:44,606 [main] INFO  handler.ContextHandler (ContextHandler.java:doStart(781)) - Started o.e.j.s.ServletContextHandler@7a64cb0c{/static,jar:file:/home/user/.m2/repository/org/apache/hadoop/hadoop-hdds-container-service/0.5.0-SNAPSHOT/hadoop-hdds-container-service-0.5.0-SNAPSHOT.jar!/webapps/static,AVAILABLE}
2019-09-21 06:03:44,667 [main] INFO  handler.ContextHandler (ContextHandler.java:doStart(781)) - Started o.e.j.w.WebAppContext@7b6141f0{/,file:///tmp/jetty-0.0.0.0-40649-hddsDatanode-_-any-8997461354983410167.dir/webapp/,AVAILABLE}{/hddsDatanode}
2019-09-21 06:03:44,667 [main] INFO  server.AbstractConnector (AbstractConnector.java:doStart(278)) - Started ServerConnector@4fb64a52{HTTP/1.1,[http/1.1]}{0.0.0.0:40649}
2019-09-21 06:03:44,669 [main] INFO  server.Server (Server.java:doStart(419)) - Started @595675ms
2019-09-21 06:03:44,669 [main] WARN  impl.MetricsSystemImpl (MetricsSystemImpl.java:register(276)) - Sink prometheus already exists!
2019-09-21 06:03:44,670 [main] INFO  server.BaseHttpServer (BaseHttpServer.java:updateConnectorAddress(215)) - HTTP server of HDDSDATANODE is listening at http://0.0.0.0:40649
2019-09-21 06:03:44,671 [main] INFO  impl.MetricsSystemImpl (MetricsSystemImpl.java:init(158)) - HddsDatanode metrics system started (again)
2019-09-21 06:03:44,675 [org.apache.hadoop.util.JvmPauseMonitor$Monitor@6d29466d] INFO  util.JvmPauseMonitor (JvmPauseMonitor.java:run(188)) - Starting JVM pause monitor
2019-09-21 06:03:44,677 [Datanode State Machine Thread - 0] INFO  datanode.InitDatanodeState (InitDatanodeState.java:persistContainerDatanodeDetails(140)) - DatanodeDetails is persisted to /workdir/hadoop-ozone/integration-test/target/test-dir/MiniOzoneClusterImpl-4a7d2b0f-1947-4f54-9952-6ed79e26d9e2/datanode-1/meta/datanode.id
2019-09-21 06:03:44,677 [main] INFO  ozone.HddsDatanodeService (HddsDatanodeService.java:start(184)) - HddsDatanodeService host:pr-hdds-2161-4k4xz-3364335222 ip:192.168.34.39
2019-09-21 06:03:44,683 [main] INFO  volume.HddsVolume (HddsVolume.java:<init>(176)) - Creating Volume: /workdir/hadoop-ozone/integration-test/target/test-dir/MiniOzoneClusterImpl-4a7d2b0f-1947-4f54-9952-6ed79e26d9e2/datanode-2/data/containers/hdds of  storage type : DISK and capacity : 1482555576320
2019-09-21 06:03:44,684 [main] INFO  volume.VolumeSet (VolumeSet.java:initializeVolumeSet(170)) - Added Volume : /workdir/hadoop-ozone/integration-test/target/test-dir/MiniOzoneClusterImpl-4a7d2b0f-1947-4f54-9952-6ed79e26d9e2/datanode-2/data/containers/hdds to VolumeSet
2019-09-21 06:03:44,684 [main] INFO  volume.ThrottledAsyncChecker (ThrottledAsyncChecker.java:schedule(139)) - Scheduling a check for org.apache.hadoop.ozone.container.common.volume.HddsVolume@74a820bf
2019-09-21 06:03:44,685 [main] INFO  volume.HddsVolumeChecker (HddsVolumeChecker.java:checkAllVolumes(202)) - Scheduled health check for volume org.apache.hadoop.ozone.container.common.volume.HddsVolume@74a820bf
2019-09-21 06:03:44,703 [main] INFO  impl.RaftServerProxy (ConfUtils.java:logGet(43)) - raft.rpc.type = GRPC (default)
2019-09-21 06:03:44,704 [main] INFO  grpc.GrpcFactory (GrpcFactory.java:checkPooledByteBufAllocatorUseCacheForAllThreads(45)) - PERFORMANCE WARNING: useCacheForAllThreads is true that may cause Netty to create a lot garbage objects and, as a result, trigger GC.
	It is recommended to disable useCacheForAllThreads by setting -Dorg.apache.ratis.thirdparty.io.netty.allocator.useCacheForAllThreads=false in command line.
2019-09-21 06:03:44,704 [main] INFO  grpc.GrpcConfigKeys$Server (ConfUtils.java:logGet(43)) - raft.grpc.server.port = 0 (default)
2019-09-21 06:03:44,704 [main] INFO  server.GrpcService (ConfUtils.java:logGet(43)) - raft.grpc.message.size.max = 33570816 (custom)
2019-09-21 06:03:44,704 [main] INFO  server.RaftServerConfigKeys (ConfUtils.java:logGet(43)) - raft.server.log.appender.buffer.byte-limit = 33554432 (custom)
2019-09-21 06:03:44,705 [main] INFO  server.GrpcService (ConfUtils.java:logGet(43)) - raft.grpc.flow.control.window = 1MB (=1048576) (default)
2019-09-21 06:03:44,705 [main] INFO  server.RaftServerConfigKeys (ConfUtils.java:logGet(43)) - raft.server.rpc.request.timeout = 3000ms (default)
2019-09-21 06:03:44,705 [main] INFO  server.RaftServerConfigKeys (ConfUtils.java:logGet(43)) - raft.server.storage.dir = [/workdir/hadoop-ozone/integration-test/target/test-dir/MiniOzoneClusterImpl-4a7d2b0f-1947-4f54-9952-6ed79e26d9e2/datanode-2/data/ratis] (custom)
2019-09-21 06:03:44,707 [main] INFO  hdfs.DFSUtil (DFSUtil.java:httpServerTemplateForNNAndJN(1641)) - Starting Web-server for hddsDatanode at: http://0.0.0.0:0
2019-09-21 06:03:44,709 [main] INFO  server.AuthenticationFilter (AuthenticationFilter.java:constructSecretProvider(240)) - Unable to initialize FileSignerSecretProvider, falling back to use random secrets.
2019-09-21 06:03:44,709 [main] WARN  http.HttpRequestLog (HttpRequestLog.java:getRequestLog(97)) - Jetty request log can only be enabled using Log4j
2019-09-21 06:03:44,711 [main] INFO  http.HttpServer2 (HttpServer2.java:addGlobalFilter(975)) - Added global filter 'safety' (class=org.apache.hadoop.http.HttpServer2$QuotingInputFilter)
2019-09-21 06:03:44,712 [main] INFO  http.HttpServer2 (HttpServer2.java:addFilter(948)) - Added filter static_user_filter (class=org.apache.hadoop.http.lib.StaticUserWebFilter$StaticUserFilter) to context hddsDatanode
2019-09-21 06:03:44,712 [main] INFO  http.HttpServer2 (HttpServer2.java:addFilter(958)) - Added filter static_user_filter (class=org.apache.hadoop.http.lib.StaticUserWebFilter$StaticUserFilter) to context logs
2019-09-21 06:03:44,713 [main] INFO  http.HttpServer2 (HttpServer2.java:addFilter(958)) - Added filter static_user_filter (class=org.apache.hadoop.http.lib.StaticUserWebFilter$StaticUserFilter) to context static
2019-09-21 06:03:44,713 [main] INFO  http.HttpServer2 (HttpServer2.java:bindListener(1191)) - Jetty bound to port 42541
2019-09-21 06:03:44,714 [main] INFO  server.Server (Server.java:doStart(351)) - jetty-9.3.24.v20180605, build timestamp: 2018-06-05T17:11:56Z, git hash: 84205aa28f11a4f31f2a3b86d1bba2cc8ab69827
2019-09-21 06:03:44,715 [main] INFO  handler.ContextHandler (ContextHandler.java:doStart(781)) - Started o.e.j.s.ServletContextHandler@79252c83{/logs,file:///workdir/hadoop-ozone/integration-test/target/log,AVAILABLE}
2019-09-21 06:03:44,716 [main] INFO  handler.ContextHandler (ContextHandler.java:doStart(781)) - Started o.e.j.s.ServletContextHandler@509a6095{/static,jar:file:/home/user/.m2/repository/org/apache/hadoop/hadoop-hdds-container-service/0.5.0-SNAPSHOT/hadoop-hdds-container-service-0.5.0-SNAPSHOT.jar!/webapps/static,AVAILABLE}
2019-09-21 06:03:44,753 [main] INFO  handler.ContextHandler (ContextHandler.java:doStart(781)) - Started o.e.j.w.WebAppContext@40bd0f8{/,file:///tmp/jetty-0.0.0.0-42541-hddsDatanode-_-any-5959249946430970817.dir/webapp/,AVAILABLE}{/hddsDatanode}
2019-09-21 06:03:44,753 [main] INFO  server.AbstractConnector (AbstractConnector.java:doStart(278)) - Started ServerConnector@7eb27768{HTTP/1.1,[http/1.1]}{0.0.0.0:42541}
2019-09-21 06:03:44,755 [main] INFO  server.Server (Server.java:doStart(419)) - Started @595760ms
2019-09-21 06:03:44,755 [main] WARN  impl.MetricsSystemImpl (MetricsSystemImpl.java:register(276)) - Sink prometheus already exists!
2019-09-21 06:03:44,756 [main] INFO  server.BaseHttpServer (BaseHttpServer.java:updateConnectorAddress(215)) - HTTP server of HDDSDATANODE is listening at http://0.0.0.0:42541
2019-09-21 06:03:44,756 [main] INFO  impl.MetricsSystemImpl (MetricsSystemImpl.java:init(158)) - HddsDatanode metrics system started (again)
2019-09-21 06:03:44,760 [org.apache.hadoop.util.JvmPauseMonitor$Monitor@38518fcb] INFO  util.JvmPauseMonitor (JvmPauseMonitor.java:run(188)) - Starting JVM pause monitor
2019-09-21 06:03:44,760 [main] INFO  ozone.HddsDatanodeService (HddsDatanodeService.java:start(184)) - HddsDatanodeService host:pr-hdds-2161-4k4xz-3364335222 ip:192.168.34.39
2019-09-21 06:03:44,761 [Datanode State Machine Thread - 0] INFO  datanode.InitDatanodeState (InitDatanodeState.java:persistContainerDatanodeDetails(140)) - DatanodeDetails is persisted to /workdir/hadoop-ozone/integration-test/target/test-dir/MiniOzoneClusterImpl-4a7d2b0f-1947-4f54-9952-6ed79e26d9e2/datanode-2/meta/datanode.id
2019-09-21 06:03:44,766 [main] INFO  volume.HddsVolume (HddsVolume.java:<init>(176)) - Creating Volume: /workdir/hadoop-ozone/integration-test/target/test-dir/MiniOzoneClusterImpl-4a7d2b0f-1947-4f54-9952-6ed79e26d9e2/datanode-3/data/containers/hdds of  storage type : DISK and capacity : 1482555576320
2019-09-21 06:03:44,766 [main] INFO  volume.VolumeSet (VolumeSet.java:initializeVolumeSet(170)) - Added Volume : /workdir/hadoop-ozone/integration-test/target/test-dir/MiniOzoneClusterImpl-4a7d2b0f-1947-4f54-9952-6ed79e26d9e2/datanode-3/data/containers/hdds to VolumeSet
2019-09-21 06:03:44,766 [main] INFO  volume.ThrottledAsyncChecker (ThrottledAsyncChecker.java:schedule(139)) - Scheduling a check for org.apache.hadoop.ozone.container.common.volume.HddsVolume@4a22e4d7
2019-09-21 06:03:44,767 [main] INFO  volume.HddsVolumeChecker (HddsVolumeChecker.java:checkAllVolumes(202)) - Scheduled health check for volume org.apache.hadoop.ozone.container.common.volume.HddsVolume@4a22e4d7
2019-09-21 06:03:44,780 [main] INFO  impl.RaftServerProxy (ConfUtils.java:logGet(43)) - raft.rpc.type = GRPC (default)
2019-09-21 06:03:44,780 [main] INFO  grpc.GrpcFactory (GrpcFactory.java:checkPooledByteBufAllocatorUseCacheForAllThreads(45)) - PERFORMANCE WARNING: useCacheForAllThreads is true that may cause Netty to create a lot garbage objects and, as a result, trigger GC.
	It is recommended to disable useCacheForAllThreads by setting -Dorg.apache.ratis.thirdparty.io.netty.allocator.useCacheForAllThreads=false in command line.
2019-09-21 06:03:44,780 [main] INFO  grpc.GrpcConfigKeys$Server (ConfUtils.java:logGet(43)) - raft.grpc.server.port = 0 (default)
2019-09-21 06:03:44,781 [main] INFO  server.GrpcService (ConfUtils.java:logGet(43)) - raft.grpc.message.size.max = 33570816 (custom)
2019-09-21 06:03:44,781 [main] INFO  server.RaftServerConfigKeys (ConfUtils.java:logGet(43)) - raft.server.log.appender.buffer.byte-limit = 33554432 (custom)
2019-09-21 06:03:44,781 [main] INFO  server.GrpcService (ConfUtils.java:logGet(43)) - raft.grpc.flow.control.window = 1MB (=1048576) (default)
2019-09-21 06:03:44,781 [main] INFO  server.RaftServerConfigKeys (ConfUtils.java:logGet(43)) - raft.server.rpc.request.timeout = 3000ms (default)
2019-09-21 06:03:44,782 [main] INFO  server.RaftServerConfigKeys (ConfUtils.java:logGet(43)) - raft.server.storage.dir = [/workdir/hadoop-ozone/integration-test/target/test-dir/MiniOzoneClusterImpl-4a7d2b0f-1947-4f54-9952-6ed79e26d9e2/datanode-3/data/ratis] (custom)
2019-09-21 06:03:44,783 [main] INFO  hdfs.DFSUtil (DFSUtil.java:httpServerTemplateForNNAndJN(1641)) - Starting Web-server for hddsDatanode at: http://0.0.0.0:0
2019-09-21 06:03:44,784 [main] INFO  server.AuthenticationFilter (AuthenticationFilter.java:constructSecretProvider(240)) - Unable to initialize FileSignerSecretProvider, falling back to use random secrets.
2019-09-21 06:03:44,784 [main] WARN  http.HttpRequestLog (HttpRequestLog.java:getRequestLog(97)) - Jetty request log can only be enabled using Log4j
2019-09-21 06:03:44,785 [main] INFO  http.HttpServer2 (HttpServer2.java:addGlobalFilter(975)) - Added global filter 'safety' (class=org.apache.hadoop.http.HttpServer2$QuotingInputFilter)
2019-09-21 06:03:44,786 [main] INFO  http.HttpServer2 (HttpServer2.java:addFilter(948)) - Added filter static_user_filter (class=org.apache.hadoop.http.lib.StaticUserWebFilter$StaticUserFilter) to context hddsDatanode
2019-09-21 06:03:44,786 [main] INFO  http.HttpServer2 (HttpServer2.java:addFilter(958)) - Added filter static_user_filter (class=org.apache.hadoop.http.lib.StaticUserWebFilter$StaticUserFilter) to context static
2019-09-21 06:03:44,786 [main] INFO  http.HttpServer2 (HttpServer2.java:addFilter(958)) - Added filter static_user_filter (class=org.apache.hadoop.http.lib.StaticUserWebFilter$StaticUserFilter) to context logs
2019-09-21 06:03:44,787 [main] INFO  http.HttpServer2 (HttpServer2.java:bindListener(1191)) - Jetty bound to port 39619
2019-09-21 06:03:44,787 [main] INFO  server.Server (Server.java:doStart(351)) - jetty-9.3.24.v20180605, build timestamp: 2018-06-05T17:11:56Z, git hash: 84205aa28f11a4f31f2a3b86d1bba2cc8ab69827
2019-09-21 06:03:44,788 [main] INFO  handler.ContextHandler (ContextHandler.java:doStart(781)) - Started o.e.j.s.ServletContextHandler@42a0786f{/logs,file:///workdir/hadoop-ozone/integration-test/target/log,AVAILABLE}
2019-09-21 06:03:44,789 [main] INFO  handler.ContextHandler (ContextHandler.java:doStart(781)) - Started o.e.j.s.ServletContextHandler@203e705e{/static,jar:file:/home/user/.m2/repository/org/apache/hadoop/hadoop-hdds-container-service/0.5.0-SNAPSHOT/hadoop-hdds-container-service-0.5.0-SNAPSHOT.jar!/webapps/static,AVAILABLE}
2019-09-21 06:03:44,833 [main] INFO  handler.ContextHandler (ContextHandler.java:doStart(781)) - Started o.e.j.w.WebAppContext@ceb7701{/,file:///tmp/jetty-0.0.0.0-39619-hddsDatanode-_-any-4020718542309504199.dir/webapp/,AVAILABLE}{/hddsDatanode}
2019-09-21 06:03:44,833 [main] INFO  server.AbstractConnector (AbstractConnector.java:doStart(278)) - Started ServerConnector@5e193ef5{HTTP/1.1,[http/1.1]}{0.0.0.0:39619}
2019-09-21 06:03:44,835 [main] INFO  server.Server (Server.java:doStart(419)) - Started @595840ms
2019-09-21 06:03:44,835 [main] WARN  impl.MetricsSystemImpl (MetricsSystemImpl.java:register(276)) - Sink prometheus already exists!
2019-09-21 06:03:44,836 [main] INFO  server.BaseHttpServer (BaseHttpServer.java:updateConnectorAddress(215)) - HTTP server of HDDSDATANODE is listening at http://0.0.0.0:39619
2019-09-21 06:03:44,836 [main] INFO  impl.MetricsSystemImpl (MetricsSystemImpl.java:init(158)) - HddsDatanode metrics system started (again)
2019-09-21 06:03:44,840 [org.apache.hadoop.util.JvmPauseMonitor$Monitor@7f6360eb] INFO  util.JvmPauseMonitor (JvmPauseMonitor.java:run(188)) - Starting JVM pause monitor
2019-09-21 06:03:44,841 [main] INFO  ozone.HddsDatanodeService (HddsDatanodeService.java:start(184)) - HddsDatanodeService host:pr-hdds-2161-4k4xz-3364335222 ip:192.168.34.39
2019-09-21 06:03:44,841 [Datanode State Machine Thread - 0] INFO  datanode.InitDatanodeState (InitDatanodeState.java:persistContainerDatanodeDetails(140)) - DatanodeDetails is persisted to /workdir/hadoop-ozone/integration-test/target/test-dir/MiniOzoneClusterImpl-4a7d2b0f-1947-4f54-9952-6ed79e26d9e2/datanode-3/meta/datanode.id
2019-09-21 06:03:44,846 [main] INFO  volume.HddsVolume (HddsVolume.java:<init>(176)) - Creating Volume: /workdir/hadoop-ozone/integration-test/target/test-dir/MiniOzoneClusterImpl-4a7d2b0f-1947-4f54-9952-6ed79e26d9e2/datanode-4/data/containers/hdds of  storage type : DISK and capacity : 1482555576320
2019-09-21 06:03:44,847 [main] INFO  volume.VolumeSet (VolumeSet.java:initializeVolumeSet(170)) - Added Volume : /workdir/hadoop-ozone/integration-test/target/test-dir/MiniOzoneClusterImpl-4a7d2b0f-1947-4f54-9952-6ed79e26d9e2/datanode-4/data/containers/hdds to VolumeSet
2019-09-21 06:03:44,847 [main] INFO  volume.ThrottledAsyncChecker (ThrottledAsyncChecker.java:schedule(139)) - Scheduling a check for org.apache.hadoop.ozone.container.common.volume.HddsVolume@5122e4bf
2019-09-21 06:03:44,847 [main] INFO  volume.HddsVolumeChecker (HddsVolumeChecker.java:checkAllVolumes(202)) - Scheduled health check for volume org.apache.hadoop.ozone.container.common.volume.HddsVolume@5122e4bf
2019-09-21 06:03:44,861 [main] INFO  impl.RaftServerProxy (ConfUtils.java:logGet(43)) - raft.rpc.type = GRPC (default)
2019-09-21 06:03:44,862 [main] INFO  grpc.GrpcFactory (GrpcFactory.java:checkPooledByteBufAllocatorUseCacheForAllThreads(45)) - PERFORMANCE WARNING: useCacheForAllThreads is true that may cause Netty to create a lot garbage objects and, as a result, trigger GC.
	It is recommended to disable useCacheForAllThreads by setting -Dorg.apache.ratis.thirdparty.io.netty.allocator.useCacheForAllThreads=false in command line.
2019-09-21 06:03:44,862 [main] INFO  grpc.GrpcConfigKeys$Server (ConfUtils.java:logGet(43)) - raft.grpc.server.port = 0 (default)
2019-09-21 06:03:44,862 [main] INFO  server.GrpcService (ConfUtils.java:logGet(43)) - raft.grpc.message.size.max = 33570816 (custom)
2019-09-21 06:03:44,862 [main] INFO  server.RaftServerConfigKeys (ConfUtils.java:logGet(43)) - raft.server.log.appender.buffer.byte-limit = 33554432 (custom)
2019-09-21 06:03:44,862 [main] INFO  server.GrpcService (ConfUtils.java:logGet(43)) - raft.grpc.flow.control.window = 1MB (=1048576) (default)
2019-09-21 06:03:44,863 [main] INFO  server.RaftServerConfigKeys (ConfUtils.java:logGet(43)) - raft.server.rpc.request.timeout = 3000ms (default)
2019-09-21 06:03:44,863 [main] INFO  server.RaftServerConfigKeys (ConfUtils.java:logGet(43)) - raft.server.storage.dir = [/workdir/hadoop-ozone/integration-test/target/test-dir/MiniOzoneClusterImpl-4a7d2b0f-1947-4f54-9952-6ed79e26d9e2/datanode-4/data/ratis] (custom)
2019-09-21 06:03:44,864 [main] INFO  hdfs.DFSUtil (DFSUtil.java:httpServerTemplateForNNAndJN(1641)) - Starting Web-server for hddsDatanode at: http://0.0.0.0:0
2019-09-21 06:03:44,865 [main] INFO  server.AuthenticationFilter (AuthenticationFilter.java:constructSecretProvider(240)) - Unable to initialize FileSignerSecretProvider, falling back to use random secrets.
2019-09-21 06:03:44,866 [main] WARN  http.HttpRequestLog (HttpRequestLog.java:getRequestLog(97)) - Jetty request log can only be enabled using Log4j
2019-09-21 06:03:44,867 [main] INFO  http.HttpServer2 (HttpServer2.java:addGlobalFilter(975)) - Added global filter 'safety' (class=org.apache.hadoop.http.HttpServer2$QuotingInputFilter)
2019-09-21 06:03:44,868 [main] INFO  http.HttpServer2 (HttpServer2.java:addFilter(948)) - Added filter static_user_filter (class=org.apache.hadoop.http.lib.StaticUserWebFilter$StaticUserFilter) to context hddsDatanode
2019-09-21 06:03:44,868 [main] INFO  http.HttpServer2 (HttpServer2.java:addFilter(958)) - Added filter static_user_filter (class=org.apache.hadoop.http.lib.StaticUserWebFilter$StaticUserFilter) to context logs
2019-09-21 06:03:44,868 [main] INFO  http.HttpServer2 (HttpServer2.java:addFilter(958)) - Added filter static_user_filter (class=org.apache.hadoop.http.lib.StaticUserWebFilter$StaticUserFilter) to context static
2019-09-21 06:03:44,869 [main] INFO  http.HttpServer2 (HttpServer2.java:bindListener(1191)) - Jetty bound to port 39434
2019-09-21 06:03:44,869 [main] INFO  server.Server (Server.java:doStart(351)) - jetty-9.3.24.v20180605, build timestamp: 2018-06-05T17:11:56Z, git hash: 84205aa28f11a4f31f2a3b86d1bba2cc8ab69827
2019-09-21 06:03:44,870 [main] INFO  handler.ContextHandler (ContextHandler.java:doStart(781)) - Started o.e.j.s.ServletContextHandler@6562cc23{/logs,file:///workdir/hadoop-ozone/integration-test/target/log,AVAILABLE}
2019-09-21 06:03:44,871 [main] INFO  handler.ContextHandler (ContextHandler.java:doStart(781)) - Started o.e.j.s.ServletContextHandler@3869a6e5{/static,jar:file:/home/user/.m2/repository/org/apache/hadoop/hadoop-hdds-container-service/0.5.0-SNAPSHOT/hadoop-hdds-container-service-0.5.0-SNAPSHOT.jar!/webapps/static,AVAILABLE}
2019-09-21 06:03:44,898 [main] INFO  handler.ContextHandler (ContextHandler.java:doStart(781)) - Started o.e.j.w.WebAppContext@1eb85a47{/,file:///tmp/jetty-0.0.0.0-39434-hddsDatanode-_-any-7096374480546744298.dir/webapp/,AVAILABLE}{/hddsDatanode}
2019-09-21 06:03:44,899 [main] INFO  server.AbstractConnector (AbstractConnector.java:doStart(278)) - Started ServerConnector@ca7e37f{HTTP/1.1,[http/1.1]}{0.0.0.0:39434}
2019-09-21 06:03:44,900 [main] INFO  server.Server (Server.java:doStart(419)) - Started @595906ms
2019-09-21 06:03:44,900 [main] WARN  impl.MetricsSystemImpl (MetricsSystemImpl.java:register(276)) - Sink prometheus already exists!
2019-09-21 06:03:44,901 [main] INFO  server.BaseHttpServer (BaseHttpServer.java:updateConnectorAddress(215)) - HTTP server of HDDSDATANODE is listening at http://0.0.0.0:39434
2019-09-21 06:03:44,902 [main] INFO  impl.MetricsSystemImpl (MetricsSystemImpl.java:init(158)) - HddsDatanode metrics system started (again)
2019-09-21 06:03:44,907 [org.apache.hadoop.util.JvmPauseMonitor$Monitor@586faa69] INFO  util.JvmPauseMonitor (JvmPauseMonitor.java:run(188)) - Starting JVM pause monitor
2019-09-21 06:03:44,908 [main] INFO  ozone.HddsDatanodeService (HddsDatanodeService.java:start(184)) - HddsDatanodeService host:pr-hdds-2161-4k4xz-3364335222 ip:192.168.34.39
2019-09-21 06:03:44,908 [Datanode State Machine Thread - 0] INFO  datanode.InitDatanodeState (InitDatanodeState.java:persistContainerDatanodeDetails(140)) - DatanodeDetails is persisted to /workdir/hadoop-ozone/integration-test/target/test-dir/MiniOzoneClusterImpl-4a7d2b0f-1947-4f54-9952-6ed79e26d9e2/datanode-4/meta/datanode.id
2019-09-21 06:03:44,915 [main] INFO  volume.HddsVolume (HddsVolume.java:<init>(176)) - Creating Volume: /workdir/hadoop-ozone/integration-test/target/test-dir/MiniOzoneClusterImpl-4a7d2b0f-1947-4f54-9952-6ed79e26d9e2/datanode-5/data/containers/hdds of  storage type : DISK and capacity : 1482555576320
2019-09-21 06:03:44,915 [main] INFO  volume.VolumeSet (VolumeSet.java:initializeVolumeSet(170)) - Added Volume : /workdir/hadoop-ozone/integration-test/target/test-dir/MiniOzoneClusterImpl-4a7d2b0f-1947-4f54-9952-6ed79e26d9e2/datanode-5/data/containers/hdds to VolumeSet
2019-09-21 06:03:44,916 [main] INFO  volume.ThrottledAsyncChecker (ThrottledAsyncChecker.java:schedule(139)) - Scheduling a check for org.apache.hadoop.ozone.container.common.volume.HddsVolume@403364e9
2019-09-21 06:03:44,916 [main] INFO  volume.HddsVolumeChecker (HddsVolumeChecker.java:checkAllVolumes(202)) - Scheduled health check for volume org.apache.hadoop.ozone.container.common.volume.HddsVolume@403364e9
2019-09-21 06:03:44,935 [main] INFO  impl.RaftServerProxy (ConfUtils.java:logGet(43)) - raft.rpc.type = GRPC (default)
2019-09-21 06:03:44,935 [main] INFO  grpc.GrpcFactory (GrpcFactory.java:checkPooledByteBufAllocatorUseCacheForAllThreads(45)) - PERFORMANCE WARNING: useCacheForAllThreads is true that may cause Netty to create a lot garbage objects and, as a result, trigger GC.
	It is recommended to disable useCacheForAllThreads by setting -Dorg.apache.ratis.thirdparty.io.netty.allocator.useCacheForAllThreads=false in command line.
2019-09-21 06:03:44,935 [main] INFO  grpc.GrpcConfigKeys$Server (ConfUtils.java:logGet(43)) - raft.grpc.server.port = 0 (default)
2019-09-21 06:03:44,936 [main] INFO  server.GrpcService (ConfUtils.java:logGet(43)) - raft.grpc.message.size.max = 33570816 (custom)
2019-09-21 06:03:44,936 [main] INFO  server.RaftServerConfigKeys (ConfUtils.java:logGet(43)) - raft.server.log.appender.buffer.byte-limit = 33554432 (custom)
2019-09-21 06:03:44,936 [main] INFO  server.GrpcService (ConfUtils.java:logGet(43)) - raft.grpc.flow.control.window = 1MB (=1048576) (default)
2019-09-21 06:03:44,936 [main] INFO  server.RaftServerConfigKeys (ConfUtils.java:logGet(43)) - raft.server.rpc.request.timeout = 3000ms (default)
2019-09-21 06:03:44,937 [main] INFO  server.RaftServerConfigKeys (ConfUtils.java:logGet(43)) - raft.server.storage.dir = [/workdir/hadoop-ozone/integration-test/target/test-dir/MiniOzoneClusterImpl-4a7d2b0f-1947-4f54-9952-6ed79e26d9e2/datanode-5/data/ratis] (custom)
2019-09-21 06:03:44,938 [main] INFO  hdfs.DFSUtil (DFSUtil.java:httpServerTemplateForNNAndJN(1641)) - Starting Web-server for hddsDatanode at: http://0.0.0.0:0
2019-09-21 06:03:44,940 [main] INFO  server.AuthenticationFilter (AuthenticationFilter.java:constructSecretProvider(240)) - Unable to initialize FileSignerSecretProvider, falling back to use random secrets.
2019-09-21 06:03:44,940 [main] WARN  http.HttpRequestLog (HttpRequestLog.java:getRequestLog(97)) - Jetty request log can only be enabled using Log4j
2019-09-21 06:03:44,941 [main] INFO  http.HttpServer2 (HttpServer2.java:addGlobalFilter(975)) - Added global filter 'safety' (class=org.apache.hadoop.http.HttpServer2$QuotingInputFilter)
2019-09-21 06:03:44,942 [main] INFO  http.HttpServer2 (HttpServer2.java:addFilter(948)) - Added filter static_user_filter (class=org.apache.hadoop.http.lib.StaticUserWebFilter$StaticUserFilter) to context hddsDatanode
2019-09-21 06:03:44,942 [main] INFO  http.HttpServer2 (HttpServer2.java:addFilter(958)) - Added filter static_user_filter (class=org.apache.hadoop.http.lib.StaticUserWebFilter$StaticUserFilter) to context logs
2019-09-21 06:03:44,942 [main] INFO  http.HttpServer2 (HttpServer2.java:addFilter(958)) - Added filter static_user_filter (class=org.apache.hadoop.http.lib.StaticUserWebFilter$StaticUserFilter) to context static
2019-09-21 06:03:44,943 [main] INFO  http.HttpServer2 (HttpServer2.java:bindListener(1191)) - Jetty bound to port 39453
2019-09-21 06:03:44,943 [main] INFO  server.Server (Server.java:doStart(351)) - jetty-9.3.24.v20180605, build timestamp: 2018-06-05T17:11:56Z, git hash: 84205aa28f11a4f31f2a3b86d1bba2cc8ab69827
2019-09-21 06:03:44,945 [main] INFO  handler.ContextHandler (ContextHandler.java:doStart(781)) - Started o.e.j.s.ServletContextHandler@30508066{/logs,file:///workdir/hadoop-ozone/integration-test/target/log,AVAILABLE}
2019-09-21 06:03:44,945 [main] INFO  handler.ContextHandler (ContextHandler.java:doStart(781)) - Started o.e.j.s.ServletContextHandler@27e44e9c{/static,jar:file:/home/user/.m2/repository/org/apache/hadoop/hadoop-hdds-container-service/0.5.0-SNAPSHOT/hadoop-hdds-container-service-0.5.0-SNAPSHOT.jar!/webapps/static,AVAILABLE}
2019-09-21 06:03:44,977 [main] INFO  handler.ContextHandler (ContextHandler.java:doStart(781)) - Started o.e.j.w.WebAppContext@6321a5aa{/,file:///tmp/jetty-0.0.0.0-39453-hddsDatanode-_-any-216764518431364969.dir/webapp/,AVAILABLE}{/hddsDatanode}
2019-09-21 06:03:44,978 [main] INFO  server.AbstractConnector (AbstractConnector.java:doStart(278)) - Started ServerConnector@1c7f9861{HTTP/1.1,[http/1.1]}{0.0.0.0:39453}
2019-09-21 06:03:44,979 [main] INFO  server.Server (Server.java:doStart(419)) - Started @595985ms
2019-09-21 06:03:44,979 [main] WARN  impl.MetricsSystemImpl (MetricsSystemImpl.java:register(276)) - Sink prometheus already exists!
2019-09-21 06:03:44,980 [main] INFO  server.BaseHttpServer (BaseHttpServer.java:updateConnectorAddress(215)) - HTTP server of HDDSDATANODE is listening at http://0.0.0.0:39453
2019-09-21 06:03:44,981 [main] INFO  impl.MetricsSystemImpl (MetricsSystemImpl.java:init(158)) - HddsDatanode metrics system started (again)
2019-09-21 06:03:44,985 [org.apache.hadoop.util.JvmPauseMonitor$Monitor@2c504cf3] INFO  util.JvmPauseMonitor (JvmPauseMonitor.java:run(188)) - Starting JVM pause monitor
2019-09-21 06:03:44,986 [main] INFO  ozone.HddsDatanodeService (HddsDatanodeService.java:start(184)) - HddsDatanodeService host:pr-hdds-2161-4k4xz-3364335222 ip:192.168.34.39
2019-09-21 06:03:44,986 [Datanode State Machine Thread - 0] INFO  datanode.InitDatanodeState (InitDatanodeState.java:persistContainerDatanodeDetails(140)) - DatanodeDetails is persisted to /workdir/hadoop-ozone/integration-test/target/test-dir/MiniOzoneClusterImpl-4a7d2b0f-1947-4f54-9952-6ed79e26d9e2/datanode-5/meta/datanode.id
2019-09-21 06:03:44,992 [main] INFO  volume.HddsVolume (HddsVolume.java:<init>(176)) - Creating Volume: /workdir/hadoop-ozone/integration-test/target/test-dir/MiniOzoneClusterImpl-4a7d2b0f-1947-4f54-9952-6ed79e26d9e2/datanode-6/data/containers/hdds of  storage type : DISK and capacity : 1482555576320
2019-09-21 06:03:44,992 [main] INFO  volume.VolumeSet (VolumeSet.java:initializeVolumeSet(170)) - Added Volume : /workdir/hadoop-ozone/integration-test/target/test-dir/MiniOzoneClusterImpl-4a7d2b0f-1947-4f54-9952-6ed79e26d9e2/datanode-6/data/containers/hdds to VolumeSet
2019-09-21 06:03:44,992 [main] INFO  volume.ThrottledAsyncChecker (ThrottledAsyncChecker.java:schedule(139)) - Scheduling a check for org.apache.hadoop.ozone.container.common.volume.HddsVolume@743d0d44
2019-09-21 06:03:44,993 [main] INFO  volume.HddsVolumeChecker (HddsVolumeChecker.java:checkAllVolumes(202)) - Scheduled health check for volume org.apache.hadoop.ozone.container.common.volume.HddsVolume@743d0d44
2019-09-21 06:03:45,004 [main] INFO  impl.RaftServerProxy (ConfUtils.java:logGet(43)) - raft.rpc.type = GRPC (default)
2019-09-21 06:03:45,004 [main] INFO  grpc.GrpcFactory (GrpcFactory.java:checkPooledByteBufAllocatorUseCacheForAllThreads(45)) - PERFORMANCE WARNING: useCacheForAllThreads is true that may cause Netty to create a lot garbage objects and, as a result, trigger GC.
	It is recommended to disable useCacheForAllThreads by setting -Dorg.apache.ratis.thirdparty.io.netty.allocator.useCacheForAllThreads=false in command line.
2019-09-21 06:03:45,005 [main] INFO  grpc.GrpcConfigKeys$Server (ConfUtils.java:logGet(43)) - raft.grpc.server.port = 0 (default)
2019-09-21 06:03:45,005 [main] INFO  server.GrpcService (ConfUtils.java:logGet(43)) - raft.grpc.message.size.max = 33570816 (custom)
2019-09-21 06:03:45,005 [main] INFO  server.RaftServerConfigKeys (ConfUtils.java:logGet(43)) - raft.server.log.appender.buffer.byte-limit = 33554432 (custom)
2019-09-21 06:03:45,005 [main] INFO  server.GrpcService (ConfUtils.java:logGet(43)) - raft.grpc.flow.control.window = 1MB (=1048576) (default)
2019-09-21 06:03:45,005 [main] INFO  server.RaftServerConfigKeys (ConfUtils.java:logGet(43)) - raft.server.rpc.request.timeout = 3000ms (default)
2019-09-21 06:03:45,006 [main] INFO  server.RaftServerConfigKeys (ConfUtils.java:logGet(43)) - raft.server.storage.dir = [/workdir/hadoop-ozone/integration-test/target/test-dir/MiniOzoneClusterImpl-4a7d2b0f-1947-4f54-9952-6ed79e26d9e2/datanode-6/data/ratis] (custom)
2019-09-21 06:03:45,007 [main] INFO  hdfs.DFSUtil (DFSUtil.java:httpServerTemplateForNNAndJN(1641)) - Starting Web-server for hddsDatanode at: http://0.0.0.0:0
2019-09-21 06:03:45,008 [main] INFO  server.AuthenticationFilter (AuthenticationFilter.java:constructSecretProvider(240)) - Unable to initialize FileSignerSecretProvider, falling back to use random secrets.
2019-09-21 06:03:45,008 [main] WARN  http.HttpRequestLog (HttpRequestLog.java:getRequestLog(97)) - Jetty request log can only be enabled using Log4j
2019-09-21 06:03:45,010 [main] INFO  http.HttpServer2 (HttpServer2.java:addGlobalFilter(975)) - Added global filter 'safety' (class=org.apache.hadoop.http.HttpServer2$QuotingInputFilter)
2019-09-21 06:03:45,010 [main] INFO  http.HttpServer2 (HttpServer2.java:addFilter(948)) - Added filter static_user_filter (class=org.apache.hadoop.http.lib.StaticUserWebFilter$StaticUserFilter) to context hddsDatanode
2019-09-21 06:03:45,011 [main] INFO  http.HttpServer2 (HttpServer2.java:addFilter(958)) - Added filter static_user_filter (class=org.apache.hadoop.http.lib.StaticUserWebFilter$StaticUserFilter) to context static
2019-09-21 06:03:45,011 [main] INFO  http.HttpServer2 (HttpServer2.java:addFilter(958)) - Added filter static_user_filter (class=org.apache.hadoop.http.lib.StaticUserWebFilter$StaticUserFilter) to context logs
2019-09-21 06:03:45,012 [main] INFO  http.HttpServer2 (HttpServer2.java:bindListener(1191)) - Jetty bound to port 36315
2019-09-21 06:03:45,012 [main] INFO  server.Server (Server.java:doStart(351)) - jetty-9.3.24.v20180605, build timestamp: 2018-06-05T17:11:56Z, git hash: 84205aa28f11a4f31f2a3b86d1bba2cc8ab69827
2019-09-21 06:03:45,013 [main] INFO  handler.ContextHandler (ContextHandler.java:doStart(781)) - Started o.e.j.s.ServletContextHandler@774d8276{/logs,file:///workdir/hadoop-ozone/integration-test/target/log,AVAILABLE}
2019-09-21 06:03:45,014 [main] INFO  handler.ContextHandler (ContextHandler.java:doStart(781)) - Started o.e.j.s.ServletContextHandler@2bf2d6eb{/static,jar:file:/home/user/.m2/repository/org/apache/hadoop/hadoop-hdds-container-service/0.5.0-SNAPSHOT/hadoop-hdds-container-service-0.5.0-SNAPSHOT.jar!/webapps/static,AVAILABLE}
2019-09-21 06:03:45,037 [main] INFO  handler.ContextHandler (ContextHandler.java:doStart(781)) - Started o.e.j.w.WebAppContext@19ad75e5{/,file:///tmp/jetty-0.0.0.0-36315-hddsDatanode-_-any-5653465413889197912.dir/webapp/,AVAILABLE}{/hddsDatanode}
2019-09-21 06:03:45,037 [main] INFO  server.AbstractConnector (AbstractConnector.java:doStart(278)) - Started ServerConnector@7cd5fcf4{HTTP/1.1,[http/1.1]}{0.0.0.0:36315}
2019-09-21 06:03:45,042 [main] INFO  server.Server (Server.java:doStart(419)) - Started @596048ms
2019-09-21 06:03:45,042 [main] WARN  impl.MetricsSystemImpl (MetricsSystemImpl.java:register(276)) - Sink prometheus already exists!
2019-09-21 06:03:45,043 [main] INFO  server.BaseHttpServer (BaseHttpServer.java:updateConnectorAddress(215)) - HTTP server of HDDSDATANODE is listening at http://0.0.0.0:36315
2019-09-21 06:03:45,044 [main] INFO  ozone.MiniOzoneClusterImpl (MiniOzoneClusterImpl.java:lambda$waitForClusterToBeReady$0(147)) - Waiting for cluster to be ready. Got 0 of 7 DN Heartbeats.
2019-09-21 06:03:45,045 [org.apache.hadoop.util.JvmPauseMonitor$Monitor@48573a55] INFO  util.JvmPauseMonitor (JvmPauseMonitor.java:run(188)) - Starting JVM pause monitor
2019-09-21 06:03:45,047 [Datanode State Machine Thread - 0] INFO  datanode.InitDatanodeState (InitDatanodeState.java:persistContainerDatanodeDetails(140)) - DatanodeDetails is persisted to /workdir/hadoop-ozone/integration-test/target/test-dir/MiniOzoneClusterImpl-4a7d2b0f-1947-4f54-9952-6ed79e26d9e2/datanode-6/meta/datanode.id
2019-09-21 06:03:46,044 [main] INFO  ozone.MiniOzoneClusterImpl (MiniOzoneClusterImpl.java:lambda$waitForClusterToBeReady$0(147)) - Waiting for cluster to be ready. Got 0 of 7 DN Heartbeats.
2019-09-21 06:03:46,599 [Datanode State Machine Thread - 0] INFO  ozoneimpl.OzoneContainer (OzoneContainer.java:start(217)) - Attempting to start container services.
2019-09-21 06:03:46,599 [Datanode State Machine Thread - 0] INFO  ozoneimpl.OzoneContainer (OzoneContainer.java:startContainerScrub(179)) - Background container scanner has been disabled.
2019-09-21 06:03:46,599 [Datanode State Machine Thread - 0] INFO  ratis.XceiverServerRatis (XceiverServerRatis.java:start(411)) - Starting XceiverServerRatis c247419f-afa0-485d-9404-7d7331c991d0 at port 0
2019-09-21 06:03:46,604 [Datanode State Machine Thread - 0] INFO  impl.RaftServerProxy (RaftServerProxy.java:lambda$start$3(299)) - c247419f-afa0-485d-9404-7d7331c991d0: start RPC server
2019-09-21 06:03:46,606 [Datanode State Machine Thread - 0] INFO  server.GrpcService (GrpcService.java:startImpl(158)) - c247419f-afa0-485d-9404-7d7331c991d0: GrpcService started, listening on 0.0.0.0/0.0.0.0:37933
2019-09-21 06:03:46,606 [Datanode State Machine Thread - 0] INFO  ratis.XceiverServerRatis (XceiverServerRatis.java:start(421)) - XceiverServerRatis c247419f-afa0-485d-9404-7d7331c991d0 is started using port 37933
2019-09-21 06:03:46,606 [Datanode State Machine Thread - 0] INFO  server.XceiverServerGrpc (XceiverServerGrpc.java:start(149)) - XceiverServerGrpc c247419f-afa0-485d-9404-7d7331c991d0 is started using port 35371
2019-09-21 06:03:46,690 [Datanode State Machine Thread - 0] INFO  ozoneimpl.OzoneContainer (OzoneContainer.java:start(217)) - Attempting to start container services.
2019-09-21 06:03:46,691 [Datanode State Machine Thread - 0] INFO  ozoneimpl.OzoneContainer (OzoneContainer.java:startContainerScrub(179)) - Background container scanner has been disabled.
2019-09-21 06:03:46,691 [Datanode State Machine Thread - 0] INFO  ratis.XceiverServerRatis (XceiverServerRatis.java:start(411)) - Starting XceiverServerRatis 18511a75-35dd-49ad-87cd-807a6cfd33df at port 0
2019-09-21 06:03:46,697 [Datanode State Machine Thread - 0] INFO  impl.RaftServerProxy (RaftServerProxy.java:lambda$start$3(299)) - 18511a75-35dd-49ad-87cd-807a6cfd33df: start RPC server
2019-09-21 06:03:46,698 [Datanode State Machine Thread - 0] INFO  server.GrpcService (GrpcService.java:startImpl(158)) - 18511a75-35dd-49ad-87cd-807a6cfd33df: GrpcService started, listening on 0.0.0.0/0.0.0.0:46500
2019-09-21 06:03:46,699 [Datanode State Machine Thread - 0] INFO  ratis.XceiverServerRatis (XceiverServerRatis.java:start(421)) - XceiverServerRatis 18511a75-35dd-49ad-87cd-807a6cfd33df is started using port 46500
2019-09-21 06:03:46,699 [Datanode State Machine Thread - 0] INFO  server.XceiverServerGrpc (XceiverServerGrpc.java:start(149)) - XceiverServerGrpc 18511a75-35dd-49ad-87cd-807a6cfd33df is started using port 43562
2019-09-21 06:03:46,773 [Datanode State Machine Thread - 0] INFO  ozoneimpl.OzoneContainer (OzoneContainer.java:start(217)) - Attempting to start container services.
2019-09-21 06:03:46,773 [Datanode State Machine Thread - 0] INFO  ozoneimpl.OzoneContainer (OzoneContainer.java:startContainerScrub(179)) - Background container scanner has been disabled.
2019-09-21 06:03:46,773 [Datanode State Machine Thread - 0] INFO  ratis.XceiverServerRatis (XceiverServerRatis.java:start(411)) - Starting XceiverServerRatis 59a1cc74-b9a1-4fd5-a7da-2902dfa6c4f0 at port 0
2019-09-21 06:03:46,780 [Datanode State Machine Thread - 0] INFO  impl.RaftServerProxy (RaftServerProxy.java:lambda$start$3(299)) - 59a1cc74-b9a1-4fd5-a7da-2902dfa6c4f0: start RPC server
2019-09-21 06:03:46,782 [Datanode State Machine Thread - 0] INFO  server.GrpcService (GrpcService.java:startImpl(158)) - 59a1cc74-b9a1-4fd5-a7da-2902dfa6c4f0: GrpcService started, listening on 0.0.0.0/0.0.0.0:34307
2019-09-21 06:03:46,782 [Datanode State Machine Thread - 0] INFO  ratis.XceiverServerRatis (XceiverServerRatis.java:start(421)) - XceiverServerRatis 59a1cc74-b9a1-4fd5-a7da-2902dfa6c4f0 is started using port 34307
2019-09-21 06:03:46,783 [Datanode State Machine Thread - 0] INFO  server.XceiverServerGrpc (XceiverServerGrpc.java:start(149)) - XceiverServerGrpc 59a1cc74-b9a1-4fd5-a7da-2902dfa6c4f0 is started using port 32925
2019-09-21 06:03:46,854 [Datanode State Machine Thread - 0] INFO  ozoneimpl.OzoneContainer (OzoneContainer.java:start(217)) - Attempting to start container services.
2019-09-21 06:03:46,855 [Datanode State Machine Thread - 0] INFO  ozoneimpl.OzoneContainer (OzoneContainer.java:startContainerScrub(179)) - Background container scanner has been disabled.
2019-09-21 06:03:46,855 [Datanode State Machine Thread - 0] INFO  ratis.XceiverServerRatis (XceiverServerRatis.java:start(411)) - Starting XceiverServerRatis e0d69add-996e-49cd-bdf0-e379acbbc969 at port 0
2019-09-21 06:03:46,861 [Datanode State Machine Thread - 0] INFO  impl.RaftServerProxy (RaftServerProxy.java:lambda$start$3(299)) - e0d69add-996e-49cd-bdf0-e379acbbc969: start RPC server
2019-09-21 06:03:46,862 [Datanode State Machine Thread - 0] INFO  server.GrpcService (GrpcService.java:startImpl(158)) - e0d69add-996e-49cd-bdf0-e379acbbc969: GrpcService started, listening on 0.0.0.0/0.0.0.0:41339
2019-09-21 06:03:46,863 [Datanode State Machine Thread - 0] INFO  ratis.XceiverServerRatis (XceiverServerRatis.java:start(421)) - XceiverServerRatis e0d69add-996e-49cd-bdf0-e379acbbc969 is started using port 41339
2019-09-21 06:03:46,863 [Datanode State Machine Thread - 0] INFO  server.XceiverServerGrpc (XceiverServerGrpc.java:start(149)) - XceiverServerGrpc e0d69add-996e-49cd-bdf0-e379acbbc969 is started using port 35726
2019-09-21 06:03:46,930 [Datanode State Machine Thread - 0] INFO  ozoneimpl.OzoneContainer (OzoneContainer.java:start(217)) - Attempting to start container services.
2019-09-21 06:03:46,930 [Datanode State Machine Thread - 0] INFO  ozoneimpl.OzoneContainer (OzoneContainer.java:startContainerScrub(179)) - Background container scanner has been disabled.
2019-09-21 06:03:46,930 [Datanode State Machine Thread - 0] INFO  ratis.XceiverServerRatis (XceiverServerRatis.java:start(411)) - Starting XceiverServerRatis 99900494-266b-42a4-93d7-8c51c8bb3acf at port 0
2019-09-21 06:03:46,935 [Datanode State Machine Thread - 0] INFO  impl.RaftServerProxy (RaftServerProxy.java:lambda$start$3(299)) - 99900494-266b-42a4-93d7-8c51c8bb3acf: start RPC server
2019-09-21 06:03:46,936 [Datanode State Machine Thread - 0] INFO  server.GrpcService (GrpcService.java:startImpl(158)) - 99900494-266b-42a4-93d7-8c51c8bb3acf: GrpcService started, listening on 0.0.0.0/0.0.0.0:41442
2019-09-21 06:03:46,936 [Datanode State Machine Thread - 0] INFO  ratis.XceiverServerRatis (XceiverServerRatis.java:start(421)) - XceiverServerRatis 99900494-266b-42a4-93d7-8c51c8bb3acf is started using port 41442
2019-09-21 06:03:46,946 [Datanode State Machine Thread - 0] INFO  server.XceiverServerGrpc (XceiverServerGrpc.java:start(149)) - XceiverServerGrpc 99900494-266b-42a4-93d7-8c51c8bb3acf is started using port 45411
2019-09-21 06:03:47,006 [Datanode State Machine Thread - 0] INFO  ozoneimpl.OzoneContainer (OzoneContainer.java:start(217)) - Attempting to start container services.
2019-09-21 06:03:47,006 [Datanode State Machine Thread - 0] INFO  ozoneimpl.OzoneContainer (OzoneContainer.java:startContainerScrub(179)) - Background container scanner has been disabled.
2019-09-21 06:03:47,006 [Datanode State Machine Thread - 0] INFO  ratis.XceiverServerRatis (XceiverServerRatis.java:start(411)) - Starting XceiverServerRatis 21b94872-2e85-4ccf-8aec-b3b8618cb6a0 at port 0
2019-09-21 06:03:47,012 [Datanode State Machine Thread - 0] INFO  impl.RaftServerProxy (RaftServerProxy.java:lambda$start$3(299)) - 21b94872-2e85-4ccf-8aec-b3b8618cb6a0: start RPC server
2019-09-21 06:03:47,013 [Datanode State Machine Thread - 0] INFO  server.GrpcService (GrpcService.java:startImpl(158)) - 21b94872-2e85-4ccf-8aec-b3b8618cb6a0: GrpcService started, listening on 0.0.0.0/0.0.0.0:43596
2019-09-21 06:03:47,013 [Datanode State Machine Thread - 0] INFO  ratis.XceiverServerRatis (XceiverServerRatis.java:start(421)) - XceiverServerRatis 21b94872-2e85-4ccf-8aec-b3b8618cb6a0 is started using port 43596
2019-09-21 06:03:47,013 [Datanode State Machine Thread - 0] INFO  server.XceiverServerGrpc (XceiverServerGrpc.java:start(149)) - XceiverServerGrpc 21b94872-2e85-4ccf-8aec-b3b8618cb6a0 is started using port 46767
2019-09-21 06:03:47,045 [main] INFO  ozone.MiniOzoneClusterImpl (MiniOzoneClusterImpl.java:lambda$waitForClusterToBeReady$0(147)) - Waiting for cluster to be ready. Got 0 of 7 DN Heartbeats.
2019-09-21 06:03:47,059 [Datanode State Machine Thread - 0] INFO  ozoneimpl.OzoneContainer (OzoneContainer.java:start(217)) - Attempting to start container services.
2019-09-21 06:03:47,060 [Datanode State Machine Thread - 0] INFO  ozoneimpl.OzoneContainer (OzoneContainer.java:startContainerScrub(179)) - Background container scanner has been disabled.
2019-09-21 06:03:47,060 [Datanode State Machine Thread - 0] INFO  ratis.XceiverServerRatis (XceiverServerRatis.java:start(411)) - Starting XceiverServerRatis 34078b08-5f46-4b2d-8468-58e281f072db at port 0
2019-09-21 06:03:47,068 [Datanode State Machine Thread - 0] INFO  impl.RaftServerProxy (RaftServerProxy.java:lambda$start$3(299)) - 34078b08-5f46-4b2d-8468-58e281f072db: start RPC server
2019-09-21 06:03:47,071 [Datanode State Machine Thread - 0] INFO  server.GrpcService (GrpcService.java:startImpl(158)) - 34078b08-5f46-4b2d-8468-58e281f072db: GrpcService started, listening on 0.0.0.0/0.0.0.0:45278
2019-09-21 06:03:47,071 [Datanode State Machine Thread - 0] INFO  ratis.XceiverServerRatis (XceiverServerRatis.java:start(421)) - XceiverServerRatis 34078b08-5f46-4b2d-8468-58e281f072db is started using port 45278
2019-09-21 06:03:47,079 [Datanode State Machine Thread - 0] INFO  server.XceiverServerGrpc (XceiverServerGrpc.java:start(149)) - XceiverServerGrpc 34078b08-5f46-4b2d-8468-58e281f072db is started using port 33092
2019-09-21 06:03:48,045 [main] INFO  ozone.MiniOzoneClusterImpl (MiniOzoneClusterImpl.java:lambda$waitForClusterToBeReady$0(147)) - Waiting for cluster to be ready. Got 0 of 7 DN Heartbeats.
2019-09-21 06:03:48,586 [IPC Server handler 6 on 39447] INFO  net.NetworkTopology (NetworkTopologyImpl.java:add(111)) - Added a new node: /default-rack/c247419f-afa0-485d-9404-7d7331c991d0
2019-09-21 06:03:48,589 [IPC Server handler 6 on 39447] INFO  node.SCMNodeManager (SCMNodeManager.java:register(266)) - Registered Data node : c247419f-afa0-485d-9404-7d7331c991d0{ip: 192.168.34.39, host: pr-hdds-2161-4k4xz-3364335222, networkLocation: /default-rack, certSerialId: null}
2019-09-21 06:03:48,591 [EventQueue-NodeRegistrationContainerReportForDataNodeSafeModeRule] INFO  safemode.SCMSafeModeManager (DataNodeSafeModeRule.java:process(71)) - SCM in safe mode. 1 DataNodes registered, 1 required.
2019-09-21 06:03:48,593 [EventQueue-NodeRegistrationContainerReportForDataNodeSafeModeRule] INFO  safemode.SCMSafeModeManager (SCMSafeModeManager.java:validateSafeModeExitRules(177)) - ScmSafeModeManager, all rules are successfully validated
2019-09-21 06:03:48,593 [EventQueue-NodeRegistrationContainerReportForDataNodeSafeModeRule] INFO  safemode.SCMSafeModeManager (SCMSafeModeManager.java:exitSafeMode(193)) - SCM exiting safe mode.
2019-09-21 06:03:48,606 [grpc-default-executor-11] INFO  impl.RaftServerProxy (RaftServerProxy.java:addNew(89)) - c247419f-afa0-485d-9404-7d7331c991d0: addNew group-589540145737:[c247419f-afa0-485d-9404-7d7331c991d0:192.168.34.39:37933] returns group-589540145737:java.util.concurrent.CompletableFuture@3919c28[Not completed]
2019-09-21 06:03:48,608 [pool-409-thread-1] INFO  impl.RaftServerImpl (RaftServerImpl.java:<init>(95)) - c247419f-afa0-485d-9404-7d7331c991d0: new RaftServerImpl for group-589540145737:[c247419f-afa0-485d-9404-7d7331c991d0:192.168.34.39:37933] with ContainerStateMachine:uninitialized
2019-09-21 06:03:48,608 [pool-409-thread-1] INFO  server.RaftServerConfigKeys (ConfUtils.java:logGet(43)) - raft.server.rpc.timeout.min = 5s (custom)
2019-09-21 06:03:48,609 [pool-409-thread-1] INFO  server.RaftServerConfigKeys (ConfUtils.java:logGet(43)) - raft.server.rpc.timeout.max = 5200ms (custom)
2019-09-21 06:03:48,609 [pool-409-thread-1] INFO  server.RaftServerConfigKeys (ConfUtils.java:logGet(43)) - raft.server.rpcslowness.timeout = 120s (custom)
2019-09-21 06:03:48,609 [pool-409-thread-1] INFO  server.RaftServerConfigKeys (ConfUtils.java:logGet(43)) - raft.server.sleep.deviation.threshold = 300 (default)
2019-09-21 06:03:48,609 [pool-409-thread-1] INFO  server.RaftServerConfigKeys (ConfUtils.java:logGet(43)) - raft.server.log.appender.install.snapshot.enabled = false (custom)
2019-09-21 06:03:48,609 [pool-409-thread-1] INFO  impl.RaftServerImpl (ServerState.java:<init>(103)) - c247419f-afa0-485d-9404-7d7331c991d0@group-589540145737: ConfigurationManager, init=-1: [c247419f-afa0-485d-9404-7d7331c991d0:192.168.34.39:37933], old=null, confs=<EMPTY_MAP>
2019-09-21 06:03:48,609 [pool-409-thread-1] INFO  server.RaftServerConfigKeys (ConfUtils.java:logGet(43)) - raft.server.storage.dir = [/workdir/hadoop-ozone/integration-test/target/test-dir/MiniOzoneClusterImpl-4a7d2b0f-1947-4f54-9952-6ed79e26d9e2/datanode-0/data/ratis] (custom)
2019-09-21 06:03:48,610 [pool-409-thread-1] INFO  storage.RaftStorageDirectory (RaftStorageDirectory.java:analyzeStorage(246)) - The storage directory /workdir/hadoop-ozone/integration-test/target/test-dir/MiniOzoneClusterImpl-4a7d2b0f-1947-4f54-9952-6ed79e26d9e2/datanode-0/data/ratis/1740c436-5c72-456a-8711-589540145737 does not exist. Creating ...
2019-09-21 06:03:48,678 [IPC Server handler 5 on 39447] INFO  net.NetworkTopology (NetworkTopologyImpl.java:add(111)) - Added a new node: /default-rack/18511a75-35dd-49ad-87cd-807a6cfd33df
2019-09-21 06:03:48,678 [IPC Server handler 5 on 39447] INFO  node.SCMNodeManager (SCMNodeManager.java:register(266)) - Registered Data node : 18511a75-35dd-49ad-87cd-807a6cfd33df{ip: 192.168.34.39, host: pr-hdds-2161-4k4xz-3364335222, networkLocation: /default-rack, certSerialId: null}
2019-09-21 06:03:48,680 [pool-409-thread-1] INFO  storage.RaftStorageDirectory (RaftStorageDirectory.java:tryLock(328)) - Lock on /workdir/hadoop-ozone/integration-test/target/test-dir/MiniOzoneClusterImpl-4a7d2b0f-1947-4f54-9952-6ed79e26d9e2/datanode-0/data/ratis/1740c436-5c72-456a-8711-589540145737/in_use.lock acquired by nodename 5250@pr-hdds-2161-4k4xz-3364335222
2019-09-21 06:03:48,736 [pool-409-thread-1] INFO  storage.RaftStorage (RaftStorage.java:format(72)) - Storage directory /workdir/hadoop-ozone/integration-test/target/test-dir/MiniOzoneClusterImpl-4a7d2b0f-1947-4f54-9952-6ed79e26d9e2/datanode-0/data/ratis/1740c436-5c72-456a-8711-589540145737 has been successfully formatted.
2019-09-21 06:03:48,736 [pool-409-thread-1] INFO  ratis.ContainerStateMachine (ContainerStateMachine.java:loadSnapshot(230)) - group-589540145737: The snapshot info is null. Setting the last applied indexto:(t:0, i:~)
2019-09-21 06:03:48,737 [pool-409-thread-1] INFO  server.RaftServerConfigKeys (ConfUtils.java:logGet(43)) - raft.server.notification.no-leader.timeout = 120s (custom)
2019-09-21 06:03:48,737 [pool-409-thread-1] INFO  server.RaftServerConfigKeys (ConfUtils.java:logGet(43)) - raft.server.log.use.memory = false (default)
2019-09-21 06:03:48,737 [pool-409-thread-1] INFO  server.RaftServerConfigKeys (ConfUtils.java:logGet(43)) - raft.server.log.purge.gap = 1000000 (custom)
2019-09-21 06:03:48,737 [pool-409-thread-1] INFO  server.RaftServerConfigKeys (ConfUtils.java:logGet(43)) - raft.server.log.appender.buffer.byte-limit = 33554432 (custom)
2019-09-21 06:03:48,737 [pool-409-thread-1] INFO  server.RaftServerConfigKeys (ConfUtils.java:logGet(43)) - raft.server.log.segment.size.max = 1048576 (custom)
2019-09-21 06:03:48,737 [pool-409-thread-1] INFO  server.RaftServerConfigKeys (ConfUtils.java:logGet(43)) - raft.server.log.segment.cache.num.max = 2 (custom)
2019-09-21 06:03:48,737 [pool-409-thread-1] INFO  segmented.SegmentedRaftLogWorker (SegmentedRaftLogWorker.java:<init>(172)) - new c247419f-afa0-485d-9404-7d7331c991d0@group-589540145737-SegmentedRaftLogWorker for RaftStorage:Storage Directory /workdir/hadoop-ozone/integration-test/target/test-dir/MiniOzoneClusterImpl-4a7d2b0f-1947-4f54-9952-6ed79e26d9e2/datanode-0/data/ratis/1740c436-5c72-456a-8711-589540145737
2019-09-21 06:03:48,740 [pool-409-thread-1] INFO  server.RaftServerConfigKeys (ConfUtils.java:logGet(43)) - raft.server.log.queue.byte-limit = 2147483647 (custom)
2019-09-21 06:03:48,740 [pool-409-thread-1] INFO  server.RaftServerConfigKeys (ConfUtils.java:logGet(43)) - raft.server.log.queue.element-limit = 1024 (custom)
2019-09-21 06:03:48,740 [pool-409-thread-1] INFO  server.RaftServerConfigKeys (ConfUtils.java:logGet(43)) - raft.server.log.segment.size.max = 1048576 (custom)
2019-09-21 06:03:48,741 [pool-409-thread-1] INFO  server.RaftServerConfigKeys (ConfUtils.java:logGet(43)) - raft.server.log.preallocated.size = 16384 (custom)
2019-09-21 06:03:48,741 [pool-409-thread-1] INFO  server.RaftServerConfigKeys (ConfUtils.java:logGet(43)) - raft.server.log.write.buffer.size = 33554432 (custom)
2019-09-21 06:03:48,741 [pool-409-thread-1] INFO  server.RaftServerConfigKeys (ConfUtils.java:logGet(43)) - raft.server.log.force.sync.num = 128 (default)
2019-09-21 06:03:48,741 [pool-409-thread-1] INFO  server.RaftServerConfigKeys (ConfUtils.java:logGet(43)) - raft.server.log.statemachine.data.sync = true (default)
2019-09-21 06:03:48,741 [pool-409-thread-1] INFO  server.RaftServerConfigKeys (ConfUtils.java:logGet(43)) - raft.server.log.statemachine.data.sync.timeout = 10s (default)
2019-09-21 06:03:48,742 [pool-409-thread-1] INFO  server.RaftServerConfigKeys (ConfUtils.java:logGet(43)) - raft.server.log.statemachine.data.sync.timeout.retry = -1 (default)
2019-09-21 06:03:48,742 [pool-409-thread-1] INFO  server.RaftServerConfigKeys (ConfUtils.java:logGet(43)) - raft.server.log.statemachine.data.caching.enabled = true (custom)
2019-09-21 06:03:48,742 [pool-409-thread-1] INFO  segmented.SegmentedRaftLogWorker (SegmentedRaftLogWorker.java:lambda$new$0(132)) - c247419f-afa0-485d-9404-7d7331c991d0@group-589540145737-SegmentedRaftLogWorker: flushIndex: setUnconditionally 0 -> -1
2019-09-21 06:03:48,743 [pool-409-thread-1] INFO  server.RaftServerConfigKeys (ConfUtils.java:logGet(43)) - raft.server.snapshot.auto.trigger.enabled = true (custom)
2019-09-21 06:03:48,743 [pool-409-thread-1] INFO  server.RaftServerConfigKeys (ConfUtils.java:logGet(43)) - raft.server.snapshot.auto.trigger.threshold = 10000 (custom)
2019-09-21 06:03:48,743 [pool-409-thread-1] INFO  server.RaftServerConfigKeys (ConfUtils.java:logGet(43)) - raft.server.snapshot.retention.num.files = 5 (custom)
2019-09-21 06:03:48,743 [pool-409-thread-1] INFO  server.RaftServerConfigKeys (ConfUtils.java:logGet(43)) - raft.server.retrycache.expirytime = 600000ms (custom)
2019-09-21 06:03:48,745 [pool-409-thread-1] INFO  impl.RaftServerImpl (RaftServerImpl.java:start(185)) - c247419f-afa0-485d-9404-7d7331c991d0@group-589540145737: start as a follower, conf=-1: [c247419f-afa0-485d-9404-7d7331c991d0:192.168.34.39:37933], old=null
2019-09-21 06:03:48,746 [pool-409-thread-1] INFO  impl.RaftServerImpl (RaftServerImpl.java:setRole(174)) - c247419f-afa0-485d-9404-7d7331c991d0@group-589540145737: changes role from      null to FOLLOWER at term 0 for startAsFollower
2019-09-21 06:03:48,746 [pool-409-thread-1] INFO  impl.RoleInfo (RoleInfo.java:updateAndGet(143)) - c247419f-afa0-485d-9404-7d7331c991d0: start FollowerState
2019-09-21 06:03:48,746 [pool-409-thread-1] INFO  util.JmxRegister (JmxRegister.java:tryRegister(44)) - Successfully registered JMX Bean with object name Ratis:service=RaftServer,group=group-589540145737,id=c247419f-afa0-485d-9404-7d7331c991d0
2019-09-21 06:03:48,753 [RatisPipelineUtilsThread] INFO  pipeline.PipelineStateManager (PipelineStateManager.java:addPipeline(56)) - Created pipeline Pipeline[ Id: 1740c436-5c72-456a-8711-589540145737, Nodes: c247419f-afa0-485d-9404-7d7331c991d0{ip: 192.168.34.39, host: pr-hdds-2161-4k4xz-3364335222, networkLocation: /default-rack, certSerialId: null}, Type:RATIS, Factor:ONE, State:OPEN]
2019-09-21 06:03:48,761 [grpc-default-executor-11] INFO  impl.RaftServerProxy (RaftServerProxy.java:addNew(89)) - 18511a75-35dd-49ad-87cd-807a6cfd33df: addNew group-B7BF0A3036F1:[18511a75-35dd-49ad-87cd-807a6cfd33df:192.168.34.39:46500] returns group-B7BF0A3036F1:java.util.concurrent.CompletableFuture@10563ec3[Not completed]
2019-09-21 06:03:48,761 [IPC Server handler 8 on 39447] INFO  net.NetworkTopology (NetworkTopologyImpl.java:add(111)) - Added a new node: /default-rack/59a1cc74-b9a1-4fd5-a7da-2902dfa6c4f0
2019-09-21 06:03:48,761 [IPC Server handler 8 on 39447] INFO  node.SCMNodeManager (SCMNodeManager.java:register(266)) - Registered Data node : 59a1cc74-b9a1-4fd5-a7da-2902dfa6c4f0{ip: 192.168.34.39, host: pr-hdds-2161-4k4xz-3364335222, networkLocation: /default-rack, certSerialId: null}
2019-09-21 06:03:48,763 [pool-419-thread-1] INFO  impl.RaftServerImpl (RaftServerImpl.java:<init>(95)) - 18511a75-35dd-49ad-87cd-807a6cfd33df: new RaftServerImpl for group-B7BF0A3036F1:[18511a75-35dd-49ad-87cd-807a6cfd33df:192.168.34.39:46500] with ContainerStateMachine:uninitialized
2019-09-21 06:03:48,763 [pool-419-thread-1] INFO  server.RaftServerConfigKeys (ConfUtils.java:logGet(43)) - raft.server.rpc.timeout.min = 5s (custom)
2019-09-21 06:03:48,763 [pool-419-thread-1] INFO  server.RaftServerConfigKeys (ConfUtils.java:logGet(43)) - raft.server.rpc.timeout.max = 5200ms (custom)
2019-09-21 06:03:48,763 [pool-419-thread-1] INFO  server.RaftServerConfigKeys (ConfUtils.java:logGet(43)) - raft.server.rpcslowness.timeout = 120s (custom)
2019-09-21 06:03:48,764 [pool-419-thread-1] INFO  server.RaftServerConfigKeys (ConfUtils.java:logGet(43)) - raft.server.sleep.deviation.threshold = 300 (default)
2019-09-21 06:03:48,764 [pool-419-thread-1] INFO  server.RaftServerConfigKeys (ConfUtils.java:logGet(43)) - raft.server.log.appender.install.snapshot.enabled = false (custom)
2019-09-21 06:03:48,764 [pool-419-thread-1] INFO  impl.RaftServerImpl (ServerState.java:<init>(103)) - 18511a75-35dd-49ad-87cd-807a6cfd33df@group-B7BF0A3036F1: ConfigurationManager, init=-1: [18511a75-35dd-49ad-87cd-807a6cfd33df:192.168.34.39:46500], old=null, confs=<EMPTY_MAP>
2019-09-21 06:03:48,764 [pool-419-thread-1] INFO  server.RaftServerConfigKeys (ConfUtils.java:logGet(43)) - raft.server.storage.dir = [/workdir/hadoop-ozone/integration-test/target/test-dir/MiniOzoneClusterImpl-4a7d2b0f-1947-4f54-9952-6ed79e26d9e2/datanode-1/data/ratis] (custom)
2019-09-21 06:03:48,764 [pool-419-thread-1] INFO  storage.RaftStorageDirectory (RaftStorageDirectory.java:analyzeStorage(246)) - The storage directory /workdir/hadoop-ozone/integration-test/target/test-dir/MiniOzoneClusterImpl-4a7d2b0f-1947-4f54-9952-6ed79e26d9e2/datanode-1/data/ratis/941a5fa0-ffc5-489d-94aa-b7bf0a3036f1 does not exist. Creating ...
2019-09-21 06:03:48,816 [pool-419-thread-1] INFO  storage.RaftStorageDirectory (RaftStorageDirectory.java:tryLock(328)) - Lock on /workdir/hadoop-ozone/integration-test/target/test-dir/MiniOzoneClusterImpl-4a7d2b0f-1947-4f54-9952-6ed79e26d9e2/datanode-1/data/ratis/941a5fa0-ffc5-489d-94aa-b7bf0a3036f1/in_use.lock acquired by nodename 5250@pr-hdds-2161-4k4xz-3364335222
2019-09-21 06:03:48,841 [IPC Server handler 0 on 39447] INFO  net.NetworkTopology (NetworkTopologyImpl.java:add(111)) - Added a new node: /default-rack/e0d69add-996e-49cd-bdf0-e379acbbc969
2019-09-21 06:03:48,842 [IPC Server handler 0 on 39447] INFO  node.SCMNodeManager (SCMNodeManager.java:register(266)) - Registered Data node : e0d69add-996e-49cd-bdf0-e379acbbc969{ip: 192.168.34.39, host: pr-hdds-2161-4k4xz-3364335222, networkLocation: /default-rack, certSerialId: null}
2019-09-21 06:03:48,882 [pool-419-thread-1] INFO  storage.RaftStorage (RaftStorage.java:format(72)) - Storage directory /workdir/hadoop-ozone/integration-test/target/test-dir/MiniOzoneClusterImpl-4a7d2b0f-1947-4f54-9952-6ed79e26d9e2/datanode-1/data/ratis/941a5fa0-ffc5-489d-94aa-b7bf0a3036f1 has been successfully formatted.
2019-09-21 06:03:48,882 [pool-419-thread-1] INFO  ratis.ContainerStateMachine (ContainerStateMachine.java:loadSnapshot(230)) - group-B7BF0A3036F1: The snapshot info is null. Setting the last applied indexto:(t:0, i:~)
2019-09-21 06:03:48,883 [pool-419-thread-1] INFO  server.RaftServerConfigKeys (ConfUtils.java:logGet(43)) - raft.server.notification.no-leader.timeout = 120s (custom)
2019-09-21 06:03:48,883 [pool-419-thread-1] INFO  server.RaftServerConfigKeys (ConfUtils.java:logGet(43)) - raft.server.log.use.memory = false (default)
2019-09-21 06:03:48,883 [pool-419-thread-1] INFO  server.RaftServerConfigKeys (ConfUtils.java:logGet(43)) - raft.server.log.purge.gap = 1000000 (custom)
2019-09-21 06:03:48,883 [pool-419-thread-1] INFO  server.RaftServerConfigKeys (ConfUtils.java:logGet(43)) - raft.server.log.appender.buffer.byte-limit = 33554432 (custom)
2019-09-21 06:03:48,883 [pool-419-thread-1] INFO  server.RaftServerConfigKeys (ConfUtils.java:logGet(43)) - raft.server.log.segment.size.max = 1048576 (custom)
2019-09-21 06:03:48,884 [pool-419-thread-1] INFO  server.RaftServerConfigKeys (ConfUtils.java:logGet(43)) - raft.server.log.segment.cache.num.max = 2 (custom)
2019-09-21 06:03:48,884 [pool-419-thread-1] INFO  segmented.SegmentedRaftLogWorker (SegmentedRaftLogWorker.java:<init>(172)) - new 18511a75-35dd-49ad-87cd-807a6cfd33df@group-B7BF0A3036F1-SegmentedRaftLogWorker for RaftStorage:Storage Directory /workdir/hadoop-ozone/integration-test/target/test-dir/MiniOzoneClusterImpl-4a7d2b0f-1947-4f54-9952-6ed79e26d9e2/datanode-1/data/ratis/941a5fa0-ffc5-489d-94aa-b7bf0a3036f1
2019-09-21 06:03:48,887 [pool-419-thread-1] INFO  server.RaftServerConfigKeys (ConfUtils.java:logGet(43)) - raft.server.log.queue.byte-limit = 2147483647 (custom)
2019-09-21 06:03:48,887 [pool-419-thread-1] INFO  server.RaftServerConfigKeys (ConfUtils.java:logGet(43)) - raft.server.log.queue.element-limit = 1024 (custom)
2019-09-21 06:03:48,888 [pool-419-thread-1] INFO  server.RaftServerConfigKeys (ConfUtils.java:logGet(43)) - raft.server.log.segment.size.max = 1048576 (custom)
2019-09-21 06:03:48,888 [pool-419-thread-1] INFO  server.RaftServerConfigKeys (ConfUtils.java:logGet(43)) - raft.server.log.preallocated.size = 16384 (custom)
2019-09-21 06:03:48,888 [pool-419-thread-1] INFO  server.RaftServerConfigKeys (ConfUtils.java:logGet(43)) - raft.server.log.write.buffer.size = 33554432 (custom)
2019-09-21 06:03:48,888 [pool-419-thread-1] INFO  server.RaftServerConfigKeys (ConfUtils.java:logGet(43)) - raft.server.log.force.sync.num = 128 (default)
2019-09-21 06:03:48,888 [pool-419-thread-1] INFO  server.RaftServerConfigKeys (ConfUtils.java:logGet(43)) - raft.server.log.statemachine.data.sync = true (default)
2019-09-21 06:03:48,889 [pool-419-thread-1] INFO  server.RaftServerConfigKeys (ConfUtils.java:logGet(43)) - raft.server.log.statemachine.data.sync.timeout = 10s (default)
2019-09-21 06:03:48,889 [pool-419-thread-1] INFO  server.RaftServerConfigKeys (ConfUtils.java:logGet(43)) - raft.server.log.statemachine.data.sync.timeout.retry = -1 (default)
2019-09-21 06:03:48,889 [pool-419-thread-1] INFO  server.RaftServerConfigKeys (ConfUtils.java:logGet(43)) - raft.server.log.statemachine.data.caching.enabled = true (custom)
2019-09-21 06:03:48,889 [pool-419-thread-1] INFO  segmented.SegmentedRaftLogWorker (SegmentedRaftLogWorker.java:lambda$new$0(132)) - 18511a75-35dd-49ad-87cd-807a6cfd33df@group-B7BF0A3036F1-SegmentedRaftLogWorker: flushIndex: setUnconditionally 0 -> -1
2019-09-21 06:03:48,890 [pool-419-thread-1] INFO  server.RaftServerConfigKeys (ConfUtils.java:logGet(43)) - raft.server.snapshot.auto.trigger.enabled = true (custom)
2019-09-21 06:03:48,890 [pool-419-thread-1] INFO  server.RaftServerConfigKeys (ConfUtils.java:logGet(43)) - raft.server.snapshot.auto.trigger.threshold = 10000 (custom)
2019-09-21 06:03:48,890 [pool-419-thread-1] INFO  server.RaftServerConfigKeys (ConfUtils.java:logGet(43)) - raft.server.snapshot.retention.num.files = 5 (custom)
2019-09-21 06:03:48,890 [pool-419-thread-1] INFO  server.RaftServerConfigKeys (ConfUtils.java:logGet(43)) - raft.server.retrycache.expirytime = 600000ms (custom)
2019-09-21 06:03:48,893 [pool-419-thread-1] INFO  impl.RaftServerImpl (RaftServerImpl.java:start(185)) - 18511a75-35dd-49ad-87cd-807a6cfd33df@group-B7BF0A3036F1: start as a follower, conf=-1: [18511a75-35dd-49ad-87cd-807a6cfd33df:192.168.34.39:46500], old=null
2019-09-21 06:03:48,893 [pool-419-thread-1] INFO  impl.RaftServerImpl (RaftServerImpl.java:setRole(174)) - 18511a75-35dd-49ad-87cd-807a6cfd33df@group-B7BF0A3036F1: changes role from      null to FOLLOWER at term 0 for startAsFollower
2019-09-21 06:03:48,893 [pool-419-thread-1] INFO  impl.RoleInfo (RoleInfo.java:updateAndGet(143)) - 18511a75-35dd-49ad-87cd-807a6cfd33df: start FollowerState
2019-09-21 06:03:48,894 [pool-419-thread-1] INFO  util.JmxRegister (JmxRegister.java:tryRegister(44)) - Successfully registered JMX Bean with object name Ratis:service=RaftServer,group=group-B7BF0A3036F1,id=18511a75-35dd-49ad-87cd-807a6cfd33df
2019-09-21 06:03:48,899 [RatisPipelineUtilsThread] INFO  pipeline.PipelineStateManager (PipelineStateManager.java:addPipeline(56)) - Created pipeline Pipeline[ Id: 941a5fa0-ffc5-489d-94aa-b7bf0a3036f1, Nodes: 18511a75-35dd-49ad-87cd-807a6cfd33df{ip: 192.168.34.39, host: pr-hdds-2161-4k4xz-3364335222, networkLocation: /default-rack, certSerialId: null}, Type:RATIS, Factor:ONE, State:OPEN]
2019-09-21 06:03:48,905 [grpc-default-executor-11] INFO  impl.RaftServerProxy (RaftServerProxy.java:addNew(89)) - e0d69add-996e-49cd-bdf0-e379acbbc969: addNew group-6098E0DB2B75:[e0d69add-996e-49cd-bdf0-e379acbbc969:192.168.34.39:41339] returns group-6098E0DB2B75:java.util.concurrent.CompletableFuture@6e88cc44[Not completed]
2019-09-21 06:03:48,907 [pool-439-thread-1] INFO  impl.RaftServerImpl (RaftServerImpl.java:<init>(95)) - e0d69add-996e-49cd-bdf0-e379acbbc969: new RaftServerImpl for group-6098E0DB2B75:[e0d69add-996e-49cd-bdf0-e379acbbc969:192.168.34.39:41339] with ContainerStateMachine:uninitialized
2019-09-21 06:03:48,907 [pool-439-thread-1] INFO  server.RaftServerConfigKeys (ConfUtils.java:logGet(43)) - raft.server.rpc.timeout.min = 5s (custom)
2019-09-21 06:03:48,907 [pool-439-thread-1] INFO  server.RaftServerConfigKeys (ConfUtils.java:logGet(43)) - raft.server.rpc.timeout.max = 5200ms (custom)
2019-09-21 06:03:48,907 [pool-439-thread-1] INFO  server.RaftServerConfigKeys (ConfUtils.java:logGet(43)) - raft.server.rpcslowness.timeout = 120s (custom)
2019-09-21 06:03:48,908 [pool-439-thread-1] INFO  server.RaftServerConfigKeys (ConfUtils.java:logGet(43)) - raft.server.sleep.deviation.threshold = 300 (default)
2019-09-21 06:03:48,908 [pool-439-thread-1] INFO  server.RaftServerConfigKeys (ConfUtils.java:logGet(43)) - raft.server.log.appender.install.snapshot.enabled = false (custom)
2019-09-21 06:03:48,908 [pool-439-thread-1] INFO  impl.RaftServerImpl (ServerState.java:<init>(103)) - e0d69add-996e-49cd-bdf0-e379acbbc969@group-6098E0DB2B75: ConfigurationManager, init=-1: [e0d69add-996e-49cd-bdf0-e379acbbc969:192.168.34.39:41339], old=null, confs=<EMPTY_MAP>
2019-09-21 06:03:48,908 [IPC Server handler 3 on 39447] INFO  net.NetworkTopology (NetworkTopologyImpl.java:add(111)) - Added a new node: /default-rack/99900494-266b-42a4-93d7-8c51c8bb3acf
2019-09-21 06:03:48,908 [pool-439-thread-1] INFO  server.RaftServerConfigKeys (ConfUtils.java:logGet(43)) - raft.server.storage.dir = [/workdir/hadoop-ozone/integration-test/target/test-dir/MiniOzoneClusterImpl-4a7d2b0f-1947-4f54-9952-6ed79e26d9e2/datanode-3/data/ratis] (custom)
2019-09-21 06:03:48,908 [IPC Server handler 3 on 39447] INFO  node.SCMNodeManager (SCMNodeManager.java:register(266)) - Registered Data node : 99900494-266b-42a4-93d7-8c51c8bb3acf{ip: 192.168.34.39, host: pr-hdds-2161-4k4xz-3364335222, networkLocation: /default-rack, certSerialId: null}
2019-09-21 06:03:48,909 [pool-439-thread-1] INFO  storage.RaftStorageDirectory (RaftStorageDirectory.java:analyzeStorage(246)) - The storage directory /workdir/hadoop-ozone/integration-test/target/test-dir/MiniOzoneClusterImpl-4a7d2b0f-1947-4f54-9952-6ed79e26d9e2/datanode-3/data/ratis/bbfdf592-00c2-49db-904e-6098e0db2b75 does not exist. Creating ...
2019-09-21 06:03:48,973 [pool-439-thread-1] INFO  storage.RaftStorageDirectory (RaftStorageDirectory.java:tryLock(328)) - Lock on /workdir/hadoop-ozone/integration-test/target/test-dir/MiniOzoneClusterImpl-4a7d2b0f-1947-4f54-9952-6ed79e26d9e2/datanode-3/data/ratis/bbfdf592-00c2-49db-904e-6098e0db2b75/in_use.lock acquired by nodename 5250@pr-hdds-2161-4k4xz-3364335222
2019-09-21 06:03:48,986 [IPC Server handler 1 on 39447] INFO  net.NetworkTopology (NetworkTopologyImpl.java:add(111)) - Added a new node: /default-rack/21b94872-2e85-4ccf-8aec-b3b8618cb6a0
2019-09-21 06:03:48,986 [IPC Server handler 1 on 39447] INFO  node.SCMNodeManager (SCMNodeManager.java:register(266)) - Registered Data node : 21b94872-2e85-4ccf-8aec-b3b8618cb6a0{ip: 192.168.34.39, host: pr-hdds-2161-4k4xz-3364335222, networkLocation: /default-rack, certSerialId: null}
2019-09-21 06:03:49,043 [pool-439-thread-1] INFO  storage.RaftStorage (RaftStorage.java:format(72)) - Storage directory /workdir/hadoop-ozone/integration-test/target/test-dir/MiniOzoneClusterImpl-4a7d2b0f-1947-4f54-9952-6ed79e26d9e2/datanode-3/data/ratis/bbfdf592-00c2-49db-904e-6098e0db2b75 has been successfully formatted.
2019-09-21 06:03:49,043 [pool-439-thread-1] INFO  ratis.ContainerStateMachine (ContainerStateMachine.java:loadSnapshot(230)) - group-6098E0DB2B75: The snapshot info is null. Setting the last applied indexto:(t:0, i:~)
2019-09-21 06:03:49,043 [pool-439-thread-1] INFO  server.RaftServerConfigKeys (ConfUtils.java:logGet(43)) - raft.server.notification.no-leader.timeout = 120s (custom)
2019-09-21 06:03:49,044 [pool-439-thread-1] INFO  server.RaftServerConfigKeys (ConfUtils.java:logGet(43)) - raft.server.log.use.memory = false (default)
2019-09-21 06:03:49,044 [pool-439-thread-1] INFO  server.RaftServerConfigKeys (ConfUtils.java:logGet(43)) - raft.server.log.purge.gap = 1000000 (custom)
2019-09-21 06:03:49,044 [pool-439-thread-1] INFO  server.RaftServerConfigKeys (ConfUtils.java:logGet(43)) - raft.server.log.appender.buffer.byte-limit = 33554432 (custom)
2019-09-21 06:03:49,044 [pool-439-thread-1] INFO  server.RaftServerConfigKeys (ConfUtils.java:logGet(43)) - raft.server.log.segment.size.max = 1048576 (custom)
2019-09-21 06:03:49,044 [pool-439-thread-1] INFO  server.RaftServerConfigKeys (ConfUtils.java:logGet(43)) - raft.server.log.segment.cache.num.max = 2 (custom)
2019-09-21 06:03:49,044 [pool-439-thread-1] INFO  segmented.SegmentedRaftLogWorker (SegmentedRaftLogWorker.java:<init>(172)) - new e0d69add-996e-49cd-bdf0-e379acbbc969@group-6098E0DB2B75-SegmentedRaftLogWorker for RaftStorage:Storage Directory /workdir/hadoop-ozone/integration-test/target/test-dir/MiniOzoneClusterImpl-4a7d2b0f-1947-4f54-9952-6ed79e26d9e2/datanode-3/data/ratis/bbfdf592-00c2-49db-904e-6098e0db2b75
2019-09-21 06:03:49,046 [main] INFO  ozone.MiniOzoneClusterImpl (MiniOzoneClusterImpl.java:lambda$waitForClusterToBeReady$0(147)) - Waiting for cluster to be ready. Got 6 of 7 DN Heartbeats.
2019-09-21 06:03:49,046 [pool-439-thread-1] INFO  server.RaftServerConfigKeys (ConfUtils.java:logGet(43)) - raft.server.log.queue.byte-limit = 2147483647 (custom)
2019-09-21 06:03:49,046 [IPC Server handler 6 on 39447] INFO  net.NetworkTopology (NetworkTopologyImpl.java:add(111)) - Added a new node: /default-rack/34078b08-5f46-4b2d-8468-58e281f072db
2019-09-21 06:03:49,046 [pool-439-thread-1] INFO  server.RaftServerConfigKeys (ConfUtils.java:logGet(43)) - raft.server.log.queue.element-limit = 1024 (custom)
2019-09-21 06:03:49,046 [IPC Server handler 6 on 39447] INFO  node.SCMNodeManager (SCMNodeManager.java:register(266)) - Registered Data node : 34078b08-5f46-4b2d-8468-58e281f072db{ip: 192.168.34.39, host: pr-hdds-2161-4k4xz-3364335222, networkLocation: /default-rack, certSerialId: null}
2019-09-21 06:03:49,046 [pool-439-thread-1] INFO  server.RaftServerConfigKeys (ConfUtils.java:logGet(43)) - raft.server.log.segment.size.max = 1048576 (custom)
2019-09-21 06:03:49,047 [pool-439-thread-1] INFO  server.RaftServerConfigKeys (ConfUtils.java:logGet(43)) - raft.server.log.preallocated.size = 16384 (custom)
2019-09-21 06:03:49,047 [pool-439-thread-1] INFO  server.RaftServerConfigKeys (ConfUtils.java:logGet(43)) - raft.server.log.write.buffer.size = 33554432 (custom)
2019-09-21 06:03:49,047 [pool-439-thread-1] INFO  server.RaftServerConfigKeys (ConfUtils.java:logGet(43)) - raft.server.log.force.sync.num = 128 (default)
2019-09-21 06:03:49,047 [pool-439-thread-1] INFO  server.RaftServerConfigKeys (ConfUtils.java:logGet(43)) - raft.server.log.statemachine.data.sync = true (default)
2019-09-21 06:03:49,047 [pool-439-thread-1] INFO  server.RaftServerConfigKeys (ConfUtils.java:logGet(43)) - raft.server.log.statemachine.data.sync.timeout = 10s (default)
2019-09-21 06:03:49,047 [pool-439-thread-1] INFO  server.RaftServerConfigKeys (ConfUtils.java:logGet(43)) - raft.server.log.statemachine.data.sync.timeout.retry = -1 (default)
2019-09-21 06:03:49,048 [pool-439-thread-1] INFO  server.RaftServerConfigKeys (ConfUtils.java:logGet(43)) - raft.server.log.statemachine.data.caching.enabled = true (custom)
2019-09-21 06:03:49,048 [pool-439-thread-1] INFO  segmented.SegmentedRaftLogWorker (SegmentedRaftLogWorker.java:lambda$new$0(132)) - e0d69add-996e-49cd-bdf0-e379acbbc969@group-6098E0DB2B75-SegmentedRaftLogWorker: flushIndex: setUnconditionally 0 -> -1
2019-09-21 06:03:49,048 [pool-439-thread-1] INFO  server.RaftServerConfigKeys (ConfUtils.java:logGet(43)) - raft.server.snapshot.auto.trigger.enabled = true (custom)
2019-09-21 06:03:49,048 [pool-439-thread-1] INFO  server.RaftServerConfigKeys (ConfUtils.java:logGet(43)) - raft.server.snapshot.auto.trigger.threshold = 10000 (custom)
2019-09-21 06:03:49,048 [pool-439-thread-1] INFO  server.RaftServerConfigKeys (ConfUtils.java:logGet(43)) - raft.server.snapshot.retention.num.files = 5 (custom)
2019-09-21 06:03:49,048 [pool-439-thread-1] INFO  server.RaftServerConfigKeys (ConfUtils.java:logGet(43)) - raft.server.retrycache.expirytime = 600000ms (custom)
2019-09-21 06:03:49,050 [pool-439-thread-1] INFO  impl.RaftServerImpl (RaftServerImpl.java:start(185)) - e0d69add-996e-49cd-bdf0-e379acbbc969@group-6098E0DB2B75: start as a follower, conf=-1: [e0d69add-996e-49cd-bdf0-e379acbbc969:192.168.34.39:41339], old=null
2019-09-21 06:03:49,050 [pool-439-thread-1] INFO  impl.RaftServerImpl (RaftServerImpl.java:setRole(174)) - e0d69add-996e-49cd-bdf0-e379acbbc969@group-6098E0DB2B75: changes role from      null to FOLLOWER at term 0 for startAsFollower
2019-09-21 06:03:49,050 [pool-439-thread-1] INFO  impl.RoleInfo (RoleInfo.java:updateAndGet(143)) - e0d69add-996e-49cd-bdf0-e379acbbc969: start FollowerState
2019-09-21 06:03:49,050 [pool-439-thread-1] INFO  util.JmxRegister (JmxRegister.java:tryRegister(44)) - Successfully registered JMX Bean with object name Ratis:service=RaftServer,group=group-6098E0DB2B75,id=e0d69add-996e-49cd-bdf0-e379acbbc969
2019-09-21 06:03:49,056 [RatisPipelineUtilsThread] INFO  pipeline.PipelineStateManager (PipelineStateManager.java:addPipeline(56)) - Created pipeline Pipeline[ Id: bbfdf592-00c2-49db-904e-6098e0db2b75, Nodes: e0d69add-996e-49cd-bdf0-e379acbbc969{ip: 192.168.34.39, host: pr-hdds-2161-4k4xz-3364335222, networkLocation: /default-rack, certSerialId: null}, Type:RATIS, Factor:ONE, State:OPEN]
2019-09-21 06:03:49,063 [grpc-default-executor-11] INFO  impl.RaftServerProxy (RaftServerProxy.java:addNew(89)) - 34078b08-5f46-4b2d-8468-58e281f072db: addNew group-FD70DBBE11C3:[34078b08-5f46-4b2d-8468-58e281f072db:192.168.34.39:45278] returns group-FD70DBBE11C3:java.util.concurrent.CompletableFuture@195e3542[Not completed]
2019-09-21 06:03:49,065 [pool-469-thread-1] INFO  impl.RaftServerImpl (RaftServerImpl.java:<init>(95)) - 34078b08-5f46-4b2d-8468-58e281f072db: new RaftServerImpl for group-FD70DBBE11C3:[34078b08-5f46-4b2d-8468-58e281f072db:192.168.34.39:45278] with ContainerStateMachine:uninitialized
2019-09-21 06:03:49,065 [pool-469-thread-1] INFO  server.RaftServerConfigKeys (ConfUtils.java:logGet(43)) - raft.server.rpc.timeout.min = 5s (custom)
2019-09-21 06:03:49,065 [pool-469-thread-1] INFO  server.RaftServerConfigKeys (ConfUtils.java:logGet(43)) - raft.server.rpc.timeout.max = 5200ms (custom)
2019-09-21 06:03:49,065 [pool-469-thread-1] INFO  server.RaftServerConfigKeys (ConfUtils.java:logGet(43)) - raft.server.rpcslowness.timeout = 120s (custom)
2019-09-21 06:03:49,065 [pool-469-thread-1] INFO  server.RaftServerConfigKeys (ConfUtils.java:logGet(43)) - raft.server.sleep.deviation.threshold = 300 (default)
2019-09-21 06:03:49,065 [pool-469-thread-1] INFO  server.RaftServerConfigKeys (ConfUtils.java:logGet(43)) - raft.server.log.appender.install.snapshot.enabled = false (custom)
2019-09-21 06:03:49,065 [pool-469-thread-1] INFO  impl.RaftServerImpl (ServerState.java:<init>(103)) - 34078b08-5f46-4b2d-8468-58e281f072db@group-FD70DBBE11C3: ConfigurationManager, init=-1: [34078b08-5f46-4b2d-8468-58e281f072db:192.168.34.39:45278], old=null, confs=<EMPTY_MAP>
2019-09-21 06:03:49,066 [pool-469-thread-1] INFO  server.RaftServerConfigKeys (ConfUtils.java:logGet(43)) - raft.server.storage.dir = [/workdir/hadoop-ozone/integration-test/target/test-dir/MiniOzoneClusterImpl-4a7d2b0f-1947-4f54-9952-6ed79e26d9e2/datanode-6/data/ratis] (custom)
2019-09-21 06:03:49,066 [pool-469-thread-1] INFO  storage.RaftStorageDirectory (RaftStorageDirectory.java:analyzeStorage(246)) - The storage directory /workdir/hadoop-ozone/integration-test/target/test-dir/MiniOzoneClusterImpl-4a7d2b0f-1947-4f54-9952-6ed79e26d9e2/datanode-6/data/ratis/c2bd2970-6337-45bd-9667-fd70dbbe11c3 does not exist. Creating ...
2019-09-21 06:03:49,137 [pool-469-thread-1] INFO  storage.RaftStorageDirectory (RaftStorageDirectory.java:tryLock(328)) - Lock on /workdir/hadoop-ozone/integration-test/target/test-dir/MiniOzoneClusterImpl-4a7d2b0f-1947-4f54-9952-6ed79e26d9e2/datanode-6/data/ratis/c2bd2970-6337-45bd-9667-fd70dbbe11c3/in_use.lock acquired by nodename 5250@pr-hdds-2161-4k4xz-3364335222
2019-09-21 06:03:49,209 [pool-469-thread-1] INFO  storage.RaftStorage (RaftStorage.java:format(72)) - Storage directory /workdir/hadoop-ozone/integration-test/target/test-dir/MiniOzoneClusterImpl-4a7d2b0f-1947-4f54-9952-6ed79e26d9e2/datanode-6/data/ratis/c2bd2970-6337-45bd-9667-fd70dbbe11c3 has been successfully formatted.
2019-09-21 06:03:49,209 [pool-469-thread-1] INFO  ratis.ContainerStateMachine (ContainerStateMachine.java:loadSnapshot(230)) - group-FD70DBBE11C3: The snapshot info is null. Setting the last applied indexto:(t:0, i:~)
2019-09-21 06:03:49,209 [pool-469-thread-1] INFO  server.RaftServerConfigKeys (ConfUtils.java:logGet(43)) - raft.server.notification.no-leader.timeout = 120s (custom)
2019-09-21 06:03:49,209 [pool-469-thread-1] INFO  server.RaftServerConfigKeys (ConfUtils.java:logGet(43)) - raft.server.log.use.memory = false (default)
2019-09-21 06:03:49,210 [pool-469-thread-1] INFO  server.RaftServerConfigKeys (ConfUtils.java:logGet(43)) - raft.server.log.purge.gap = 1000000 (custom)
2019-09-21 06:03:49,210 [pool-469-thread-1] INFO  server.RaftServerConfigKeys (ConfUtils.java:logGet(43)) - raft.server.log.appender.buffer.byte-limit = 33554432 (custom)
2019-09-21 06:03:49,210 [pool-469-thread-1] INFO  server.RaftServerConfigKeys (ConfUtils.java:logGet(43)) - raft.server.log.segment.size.max = 1048576 (custom)
2019-09-21 06:03:49,210 [pool-469-thread-1] INFO  server.RaftServerConfigKeys (ConfUtils.java:logGet(43)) - raft.server.log.segment.cache.num.max = 2 (custom)
2019-09-21 06:03:49,210 [pool-469-thread-1] INFO  segmented.SegmentedRaftLogWorker (SegmentedRaftLogWorker.java:<init>(172)) - new 34078b08-5f46-4b2d-8468-58e281f072db@group-FD70DBBE11C3-SegmentedRaftLogWorker for RaftStorage:Storage Directory /workdir/hadoop-ozone/integration-test/target/test-dir/MiniOzoneClusterImpl-4a7d2b0f-1947-4f54-9952-6ed79e26d9e2/datanode-6/data/ratis/c2bd2970-6337-45bd-9667-fd70dbbe11c3
2019-09-21 06:03:49,211 [pool-469-thread-1] INFO  server.RaftServerConfigKeys (ConfUtils.java:logGet(43)) - raft.server.log.queue.byte-limit = 2147483647 (custom)
2019-09-21 06:03:49,211 [pool-469-thread-1] INFO  server.RaftServerConfigKeys (ConfUtils.java:logGet(43)) - raft.server.log.queue.element-limit = 1024 (custom)
2019-09-21 06:03:49,212 [pool-469-thread-1] INFO  server.RaftServerConfigKeys (ConfUtils.java:logGet(43)) - raft.server.log.segment.size.max = 1048576 (custom)
2019-09-21 06:03:49,212 [pool-469-thread-1] INFO  server.RaftServerConfigKeys (ConfUtils.java:logGet(43)) - raft.server.log.preallocated.size = 16384 (custom)
2019-09-21 06:03:49,212 [pool-469-thread-1] INFO  server.RaftServerConfigKeys (ConfUtils.java:logGet(43)) - raft.server.log.write.buffer.size = 33554432 (custom)
2019-09-21 06:03:49,212 [pool-469-thread-1] INFO  server.RaftServerConfigKeys (ConfUtils.java:logGet(43)) - raft.server.log.force.sync.num = 128 (default)
2019-09-21 06:03:49,212 [pool-469-thread-1] INFO  server.RaftServerConfigKeys (ConfUtils.java:logGet(43)) - raft.server.log.statemachine.data.sync = true (default)
2019-09-21 06:03:49,212 [pool-469-thread-1] INFO  server.RaftServerConfigKeys (ConfUtils.java:logGet(43)) - raft.server.log.statemachine.data.sync.timeout = 10s (default)
2019-09-21 06:03:49,212 [pool-469-thread-1] INFO  server.RaftServerConfigKeys (ConfUtils.java:logGet(43)) - raft.server.log.statemachine.data.sync.timeout.retry = -1 (default)
2019-09-21 06:03:49,212 [pool-469-thread-1] INFO  server.RaftServerConfigKeys (ConfUtils.java:logGet(43)) - raft.server.log.statemachine.data.caching.enabled = true (custom)
2019-09-21 06:03:49,213 [pool-469-thread-1] INFO  segmented.SegmentedRaftLogWorker (SegmentedRaftLogWorker.java:lambda$new$0(132)) - 34078b08-5f46-4b2d-8468-58e281f072db@group-FD70DBBE11C3-SegmentedRaftLogWorker: flushIndex: setUnconditionally 0 -> -1
2019-09-21 06:03:49,213 [pool-469-thread-1] INFO  server.RaftServerConfigKeys (ConfUtils.java:logGet(43)) - raft.server.snapshot.auto.trigger.enabled = true (custom)
2019-09-21 06:03:49,213 [pool-469-thread-1] INFO  server.RaftServerConfigKeys (ConfUtils.java:logGet(43)) - raft.server.snapshot.auto.trigger.threshold = 10000 (custom)
2019-09-21 06:03:49,213 [pool-469-thread-1] INFO  server.RaftServerConfigKeys (ConfUtils.java:logGet(43)) - raft.server.snapshot.retention.num.files = 5 (custom)
2019-09-21 06:03:49,213 [pool-469-thread-1] INFO  server.RaftServerConfigKeys (ConfUtils.java:logGet(43)) - raft.server.retrycache.expirytime = 600000ms (custom)
2019-09-21 06:03:49,214 [pool-469-thread-1] INFO  impl.RaftServerImpl (RaftServerImpl.java:start(185)) - 34078b08-5f46-4b2d-8468-58e281f072db@group-FD70DBBE11C3: start as a follower, conf=-1: [34078b08-5f46-4b2d-8468-58e281f072db:192.168.34.39:45278], old=null
2019-09-21 06:03:49,214 [pool-469-thread-1] INFO  impl.RaftServerImpl (RaftServerImpl.java:setRole(174)) - 34078b08-5f46-4b2d-8468-58e281f072db@group-FD70DBBE11C3: changes role from      null to FOLLOWER at term 0 for startAsFollower
2019-09-21 06:03:49,215 [pool-469-thread-1] INFO  impl.RoleInfo (RoleInfo.java:updateAndGet(143)) - 34078b08-5f46-4b2d-8468-58e281f072db: start FollowerState
2019-09-21 06:03:49,226 [pool-469-thread-1] INFO  util.JmxRegister (JmxRegister.java:tryRegister(44)) - Successfully registered JMX Bean with object name Ratis:service=RaftServer,group=group-FD70DBBE11C3,id=34078b08-5f46-4b2d-8468-58e281f072db
2019-09-21 06:03:49,242 [RatisPipelineUtilsThread] INFO  pipeline.PipelineStateManager (PipelineStateManager.java:addPipeline(56)) - Created pipeline Pipeline[ Id: c2bd2970-6337-45bd-9667-fd70dbbe11c3, Nodes: 34078b08-5f46-4b2d-8468-58e281f072db{ip: 192.168.34.39, host: pr-hdds-2161-4k4xz-3364335222, networkLocation: /default-rack, certSerialId: null}, Type:RATIS, Factor:ONE, State:OPEN]
2019-09-21 06:03:49,259 [grpc-default-executor-11] INFO  impl.RaftServerProxy (RaftServerProxy.java:addNew(89)) - 99900494-266b-42a4-93d7-8c51c8bb3acf: addNew group-40F65AF2F6D2:[99900494-266b-42a4-93d7-8c51c8bb3acf:192.168.34.39:41442] returns group-40F65AF2F6D2:java.util.concurrent.CompletableFuture@3823ff2a[Not completed]
2019-09-21 06:03:49,260 [pool-449-thread-1] INFO  impl.RaftServerImpl (RaftServerImpl.java:<init>(95)) - 99900494-266b-42a4-93d7-8c51c8bb3acf: new RaftServerImpl for group-40F65AF2F6D2:[99900494-266b-42a4-93d7-8c51c8bb3acf:192.168.34.39:41442] with ContainerStateMachine:uninitialized
2019-09-21 06:03:49,261 [pool-449-thread-1] INFO  server.RaftServerConfigKeys (ConfUtils.java:logGet(43)) - raft.server.rpc.timeout.min = 5s (custom)
2019-09-21 06:03:49,261 [pool-449-thread-1] INFO  server.RaftServerConfigKeys (ConfUtils.java:logGet(43)) - raft.server.rpc.timeout.max = 5200ms (custom)
2019-09-21 06:03:49,261 [pool-449-thread-1] INFO  server.RaftServerConfigKeys (ConfUtils.java:logGet(43)) - raft.server.rpcslowness.timeout = 120s (custom)
2019-09-21 06:03:49,261 [pool-449-thread-1] INFO  server.RaftServerConfigKeys (ConfUtils.java:logGet(43)) - raft.server.sleep.deviation.threshold = 300 (default)
2019-09-21 06:03:49,261 [pool-449-thread-1] INFO  server.RaftServerConfigKeys (ConfUtils.java:logGet(43)) - raft.server.log.appender.install.snapshot.enabled = false (custom)
2019-09-21 06:03:49,261 [pool-449-thread-1] INFO  impl.RaftServerImpl (ServerState.java:<init>(103)) - 99900494-266b-42a4-93d7-8c51c8bb3acf@group-40F65AF2F6D2: ConfigurationManager, init=-1: [99900494-266b-42a4-93d7-8c51c8bb3acf:192.168.34.39:41442], old=null, confs=<EMPTY_MAP>
2019-09-21 06:03:49,262 [pool-449-thread-1] INFO  server.RaftServerConfigKeys (ConfUtils.java:logGet(43)) - raft.server.storage.dir = [/workdir/hadoop-ozone/integration-test/target/test-dir/MiniOzoneClusterImpl-4a7d2b0f-1947-4f54-9952-6ed79e26d9e2/datanode-4/data/ratis] (custom)
2019-09-21 06:03:49,262 [pool-449-thread-1] INFO  storage.RaftStorageDirectory (RaftStorageDirectory.java:analyzeStorage(246)) - The storage directory /workdir/hadoop-ozone/integration-test/target/test-dir/MiniOzoneClusterImpl-4a7d2b0f-1947-4f54-9952-6ed79e26d9e2/datanode-4/data/ratis/7692204e-b37b-44e3-9d35-40f65af2f6d2 does not exist. Creating ...
2019-09-21 06:03:49,322 [pool-449-thread-1] INFO  storage.RaftStorageDirectory (RaftStorageDirectory.java:tryLock(328)) - Lock on /workdir/hadoop-ozone/integration-test/target/test-dir/MiniOzoneClusterImpl-4a7d2b0f-1947-4f54-9952-6ed79e26d9e2/datanode-4/data/ratis/7692204e-b37b-44e3-9d35-40f65af2f6d2/in_use.lock acquired by nodename 5250@pr-hdds-2161-4k4xz-3364335222
2019-09-21 06:03:49,388 [pool-449-thread-1] INFO  storage.RaftStorage (RaftStorage.java:format(72)) - Storage directory /workdir/hadoop-ozone/integration-test/target/test-dir/MiniOzoneClusterImpl-4a7d2b0f-1947-4f54-9952-6ed79e26d9e2/datanode-4/data/ratis/7692204e-b37b-44e3-9d35-40f65af2f6d2 has been successfully formatted.
2019-09-21 06:03:49,388 [pool-449-thread-1] INFO  ratis.ContainerStateMachine (ContainerStateMachine.java:loadSnapshot(230)) - group-40F65AF2F6D2: The snapshot info is null. Setting the last applied indexto:(t:0, i:~)
2019-09-21 06:03:49,388 [pool-449-thread-1] INFO  server.RaftServerConfigKeys (ConfUtils.java:logGet(43)) - raft.server.notification.no-leader.timeout = 120s (custom)
2019-09-21 06:03:49,389 [pool-449-thread-1] INFO  server.RaftServerConfigKeys (ConfUtils.java:logGet(43)) - raft.server.log.use.memory = false (default)
2019-09-21 06:03:49,389 [pool-449-thread-1] INFO  server.RaftServerConfigKeys (ConfUtils.java:logGet(43)) - raft.server.log.purge.gap = 1000000 (custom)
2019-09-21 06:03:49,389 [pool-449-thread-1] INFO  server.RaftServerConfigKeys (ConfUtils.java:logGet(43)) - raft.server.log.appender.buffer.byte-limit = 33554432 (custom)
2019-09-21 06:03:49,389 [pool-449-thread-1] INFO  server.RaftServerConfigKeys (ConfUtils.java:logGet(43)) - raft.server.log.segment.size.max = 1048576 (custom)
2019-09-21 06:03:49,389 [pool-449-thread-1] INFO  server.RaftServerConfigKeys (ConfUtils.java:logGet(43)) - raft.server.log.segment.cache.num.max = 2 (custom)
2019-09-21 06:03:49,389 [pool-449-thread-1] INFO  segmented.SegmentedRaftLogWorker (SegmentedRaftLogWorker.java:<init>(172)) - new 99900494-266b-42a4-93d7-8c51c8bb3acf@group-40F65AF2F6D2-SegmentedRaftLogWorker for RaftStorage:Storage Directory /workdir/hadoop-ozone/integration-test/target/test-dir/MiniOzoneClusterImpl-4a7d2b0f-1947-4f54-9952-6ed79e26d9e2/datanode-4/data/ratis/7692204e-b37b-44e3-9d35-40f65af2f6d2
2019-09-21 06:03:49,391 [pool-449-thread-1] INFO  server.RaftServerConfigKeys (ConfUtils.java:logGet(43)) - raft.server.log.queue.byte-limit = 2147483647 (custom)
2019-09-21 06:03:49,391 [pool-449-thread-1] INFO  server.RaftServerConfigKeys (ConfUtils.java:logGet(43)) - raft.server.log.queue.element-limit = 1024 (custom)
2019-09-21 06:03:49,391 [pool-449-thread-1] INFO  server.RaftServerConfigKeys (ConfUtils.java:logGet(43)) - raft.server.log.segment.size.max = 1048576 (custom)
2019-09-21 06:03:49,391 [pool-449-thread-1] INFO  server.RaftServerConfigKeys (ConfUtils.java:logGet(43)) - raft.server.log.preallocated.size = 16384 (custom)
2019-09-21 06:03:49,391 [pool-449-thread-1] INFO  server.RaftServerConfigKeys (ConfUtils.java:logGet(43)) - raft.server.log.write.buffer.size = 33554432 (custom)
2019-09-21 06:03:49,393 [pool-449-thread-1] INFO  server.RaftServerConfigKeys (ConfUtils.java:logGet(43)) - raft.server.log.force.sync.num = 128 (default)
2019-09-21 06:03:49,394 [pool-449-thread-1] INFO  server.RaftServerConfigKeys (ConfUtils.java:logGet(43)) - raft.server.log.statemachine.data.sync = true (default)
2019-09-21 06:03:49,394 [pool-449-thread-1] INFO  server.RaftServerConfigKeys (ConfUtils.java:logGet(43)) - raft.server.log.statemachine.data.sync.timeout = 10s (default)
2019-09-21 06:03:49,394 [pool-449-thread-1] INFO  server.RaftServerConfigKeys (ConfUtils.java:logGet(43)) - raft.server.log.statemachine.data.sync.timeout.retry = -1 (default)
2019-09-21 06:03:49,394 [pool-449-thread-1] INFO  server.RaftServerConfigKeys (ConfUtils.java:logGet(43)) - raft.server.log.statemachine.data.caching.enabled = true (custom)
2019-09-21 06:03:49,394 [pool-449-thread-1] INFO  segmented.SegmentedRaftLogWorker (SegmentedRaftLogWorker.java:lambda$new$0(132)) - 99900494-266b-42a4-93d7-8c51c8bb3acf@group-40F65AF2F6D2-SegmentedRaftLogWorker: flushIndex: setUnconditionally 0 -> -1
2019-09-21 06:03:49,395 [pool-449-thread-1] INFO  server.RaftServerConfigKeys (ConfUtils.java:logGet(43)) - raft.server.snapshot.auto.trigger.enabled = true (custom)
2019-09-21 06:03:49,395 [pool-449-thread-1] INFO  server.RaftServerConfigKeys (ConfUtils.java:logGet(43)) - raft.server.snapshot.auto.trigger.threshold = 10000 (custom)
2019-09-21 06:03:49,395 [pool-449-thread-1] INFO  server.RaftServerConfigKeys (ConfUtils.java:logGet(43)) - raft.server.snapshot.retention.num.files = 5 (custom)
2019-09-21 06:03:49,395 [pool-449-thread-1] INFO  server.RaftServerConfigKeys (ConfUtils.java:logGet(43)) - raft.server.retrycache.expirytime = 600000ms (custom)
2019-09-21 06:03:49,396 [pool-449-thread-1] INFO  impl.RaftServerImpl (RaftServerImpl.java:start(185)) - 99900494-266b-42a4-93d7-8c51c8bb3acf@group-40F65AF2F6D2: start as a follower, conf=-1: [99900494-266b-42a4-93d7-8c51c8bb3acf:192.168.34.39:41442], old=null
2019-09-21 06:03:49,397 [pool-449-thread-1] INFO  impl.RaftServerImpl (RaftServerImpl.java:setRole(174)) - 99900494-266b-42a4-93d7-8c51c8bb3acf@group-40F65AF2F6D2: changes role from      null to FOLLOWER at term 0 for startAsFollower
2019-09-21 06:03:49,397 [pool-449-thread-1] INFO  impl.RoleInfo (RoleInfo.java:updateAndGet(143)) - 99900494-266b-42a4-93d7-8c51c8bb3acf: start FollowerState
2019-09-21 06:03:49,397 [pool-449-thread-1] INFO  util.JmxRegister (JmxRegister.java:tryRegister(44)) - Successfully registered JMX Bean with object name Ratis:service=RaftServer,group=group-40F65AF2F6D2,id=99900494-266b-42a4-93d7-8c51c8bb3acf
2019-09-21 06:03:49,401 [RatisPipelineUtilsThread] INFO  pipeline.PipelineStateManager (PipelineStateManager.java:addPipeline(56)) - Created pipeline Pipeline[ Id: 7692204e-b37b-44e3-9d35-40f65af2f6d2, Nodes: 99900494-266b-42a4-93d7-8c51c8bb3acf{ip: 192.168.34.39, host: pr-hdds-2161-4k4xz-3364335222, networkLocation: /default-rack, certSerialId: null}, Type:RATIS, Factor:ONE, State:OPEN]
2019-09-21 06:03:49,407 [grpc-default-executor-11] INFO  impl.RaftServerProxy (RaftServerProxy.java:addNew(89)) - 21b94872-2e85-4ccf-8aec-b3b8618cb6a0: addNew group-A9AB43D70A6D:[21b94872-2e85-4ccf-8aec-b3b8618cb6a0:192.168.34.39:43596] returns group-A9AB43D70A6D:java.util.concurrent.CompletableFuture@6eaa5b97[Not completed]
2019-09-21 06:03:49,409 [pool-459-thread-1] INFO  impl.RaftServerImpl (RaftServerImpl.java:<init>(95)) - 21b94872-2e85-4ccf-8aec-b3b8618cb6a0: new RaftServerImpl for group-A9AB43D70A6D:[21b94872-2e85-4ccf-8aec-b3b8618cb6a0:192.168.34.39:43596] with ContainerStateMachine:uninitialized
2019-09-21 06:03:49,409 [pool-459-thread-1] INFO  server.RaftServerConfigKeys (ConfUtils.java:logGet(43)) - raft.server.rpc.timeout.min = 5s (custom)
2019-09-21 06:03:49,409 [pool-459-thread-1] INFO  server.RaftServerConfigKeys (ConfUtils.java:logGet(43)) - raft.server.rpc.timeout.max = 5200ms (custom)
2019-09-21 06:03:49,409 [pool-459-thread-1] INFO  server.RaftServerConfigKeys (ConfUtils.java:logGet(43)) - raft.server.rpcslowness.timeout = 120s (custom)
2019-09-21 06:03:49,409 [pool-459-thread-1] INFO  server.RaftServerConfigKeys (ConfUtils.java:logGet(43)) - raft.server.sleep.deviation.threshold = 300 (default)
2019-09-21 06:03:49,409 [pool-459-thread-1] INFO  server.RaftServerConfigKeys (ConfUtils.java:logGet(43)) - raft.server.log.appender.install.snapshot.enabled = false (custom)
2019-09-21 06:03:49,409 [pool-459-thread-1] INFO  impl.RaftServerImpl (ServerState.java:<init>(103)) - 21b94872-2e85-4ccf-8aec-b3b8618cb6a0@group-A9AB43D70A6D: ConfigurationManager, init=-1: [21b94872-2e85-4ccf-8aec-b3b8618cb6a0:192.168.34.39:43596], old=null, confs=<EMPTY_MAP>
2019-09-21 06:03:49,410 [pool-459-thread-1] INFO  server.RaftServerConfigKeys (ConfUtils.java:logGet(43)) - raft.server.storage.dir = [/workdir/hadoop-ozone/integration-test/target/test-dir/MiniOzoneClusterImpl-4a7d2b0f-1947-4f54-9952-6ed79e26d9e2/datanode-5/data/ratis] (custom)
2019-09-21 06:03:49,410 [pool-459-thread-1] INFO  storage.RaftStorageDirectory (RaftStorageDirectory.java:analyzeStorage(246)) - The storage directory /workdir/hadoop-ozone/integration-test/target/test-dir/MiniOzoneClusterImpl-4a7d2b0f-1947-4f54-9952-6ed79e26d9e2/datanode-5/data/ratis/f0d5e13c-778a-4b80-bd70-a9ab43d70a6d does not exist. Creating ...
2019-09-21 06:03:49,467 [pool-459-thread-1] INFO  storage.RaftStorageDirectory (RaftStorageDirectory.java:tryLock(328)) - Lock on /workdir/hadoop-ozone/integration-test/target/test-dir/MiniOzoneClusterImpl-4a7d2b0f-1947-4f54-9952-6ed79e26d9e2/datanode-5/data/ratis/f0d5e13c-778a-4b80-bd70-a9ab43d70a6d/in_use.lock acquired by nodename 5250@pr-hdds-2161-4k4xz-3364335222
2019-09-21 06:03:49,558 [pool-459-thread-1] INFO  storage.RaftStorage (RaftStorage.java:format(72)) - Storage directory /workdir/hadoop-ozone/integration-test/target/test-dir/MiniOzoneClusterImpl-4a7d2b0f-1947-4f54-9952-6ed79e26d9e2/datanode-5/data/ratis/f0d5e13c-778a-4b80-bd70-a9ab43d70a6d has been successfully formatted.
2019-09-21 06:03:49,558 [pool-459-thread-1] INFO  ratis.ContainerStateMachine (ContainerStateMachine.java:loadSnapshot(230)) - group-A9AB43D70A6D: The snapshot info is null. Setting the last applied indexto:(t:0, i:~)
2019-09-21 06:03:49,559 [pool-459-thread-1] INFO  server.RaftServerConfigKeys (ConfUtils.java:logGet(43)) - raft.server.notification.no-leader.timeout = 120s (custom)
2019-09-21 06:03:49,559 [pool-459-thread-1] INFO  server.RaftServerConfigKeys (ConfUtils.java:logGet(43)) - raft.server.log.use.memory = false (default)
2019-09-21 06:03:49,559 [pool-459-thread-1] INFO  server.RaftServerConfigKeys (ConfUtils.java:logGet(43)) - raft.server.log.purge.gap = 1000000 (custom)
2019-09-21 06:03:49,559 [pool-459-thread-1] INFO  server.RaftServerConfigKeys (ConfUtils.java:logGet(43)) - raft.server.log.appender.buffer.byte-limit = 33554432 (custom)
2019-09-21 06:03:49,559 [pool-459-thread-1] INFO  server.RaftServerConfigKeys (ConfUtils.java:logGet(43)) - raft.server.log.segment.size.max = 1048576 (custom)
2019-09-21 06:03:49,559 [pool-459-thread-1] INFO  server.RaftServerConfigKeys (ConfUtils.java:logGet(43)) - raft.server.log.segment.cache.num.max = 2 (custom)
2019-09-21 06:03:49,560 [pool-459-thread-1] INFO  segmented.SegmentedRaftLogWorker (SegmentedRaftLogWorker.java:<init>(172)) - new 21b94872-2e85-4ccf-8aec-b3b8618cb6a0@group-A9AB43D70A6D-SegmentedRaftLogWorker for RaftStorage:Storage Directory /workdir/hadoop-ozone/integration-test/target/test-dir/MiniOzoneClusterImpl-4a7d2b0f-1947-4f54-9952-6ed79e26d9e2/datanode-5/data/ratis/f0d5e13c-778a-4b80-bd70-a9ab43d70a6d
2019-09-21 06:03:49,563 [pool-459-thread-1] INFO  server.RaftServerConfigKeys (ConfUtils.java:logGet(43)) - raft.server.log.queue.byte-limit = 2147483647 (custom)
2019-09-21 06:03:49,563 [pool-459-thread-1] INFO  server.RaftServerConfigKeys (ConfUtils.java:logGet(43)) - raft.server.log.queue.element-limit = 1024 (custom)
2019-09-21 06:03:49,563 [pool-459-thread-1] INFO  server.RaftServerConfigKeys (ConfUtils.java:logGet(43)) - raft.server.log.segment.size.max = 1048576 (custom)
2019-09-21 06:03:49,563 [pool-459-thread-1] INFO  server.RaftServerConfigKeys (ConfUtils.java:logGet(43)) - raft.server.log.preallocated.size = 16384 (custom)
2019-09-21 06:03:49,563 [pool-459-thread-1] INFO  server.RaftServerConfigKeys (ConfUtils.java:logGet(43)) - raft.server.log.write.buffer.size = 33554432 (custom)
2019-09-21 06:03:49,564 [pool-459-thread-1] INFO  server.RaftServerConfigKeys (ConfUtils.java:logGet(43)) - raft.server.log.force.sync.num = 128 (default)
2019-09-21 06:03:49,564 [pool-459-thread-1] INFO  server.RaftServerConfigKeys (ConfUtils.java:logGet(43)) - raft.server.log.statemachine.data.sync = true (default)
2019-09-21 06:03:49,564 [pool-459-thread-1] INFO  server.RaftServerConfigKeys (ConfUtils.java:logGet(43)) - raft.server.log.statemachine.data.sync.timeout = 10s (default)
2019-09-21 06:03:49,564 [pool-459-thread-1] INFO  server.RaftServerConfigKeys (ConfUtils.java:logGet(43)) - raft.server.log.statemachine.data.sync.timeout.retry = -1 (default)
2019-09-21 06:03:49,564 [pool-459-thread-1] INFO  server.RaftServerConfigKeys (ConfUtils.java:logGet(43)) - raft.server.log.statemachine.data.caching.enabled = true (custom)
2019-09-21 06:03:49,565 [pool-459-thread-1] INFO  segmented.SegmentedRaftLogWorker (SegmentedRaftLogWorker.java:lambda$new$0(132)) - 21b94872-2e85-4ccf-8aec-b3b8618cb6a0@group-A9AB43D70A6D-SegmentedRaftLogWorker: flushIndex: setUnconditionally 0 -> -1
2019-09-21 06:03:49,565 [pool-459-thread-1] INFO  server.RaftServerConfigKeys (ConfUtils.java:logGet(43)) - raft.server.snapshot.auto.trigger.enabled = true (custom)
2019-09-21 06:03:49,565 [pool-459-thread-1] INFO  server.RaftServerConfigKeys (ConfUtils.java:logGet(43)) - raft.server.snapshot.auto.trigger.threshold = 10000 (custom)
2019-09-21 06:03:49,565 [pool-459-thread-1] INFO  server.RaftServerConfigKeys (ConfUtils.java:logGet(43)) - raft.server.snapshot.retention.num.files = 5 (custom)
2019-09-21 06:03:49,565 [pool-459-thread-1] INFO  server.RaftServerConfigKeys (ConfUtils.java:logGet(43)) - raft.server.retrycache.expirytime = 600000ms (custom)
2019-09-21 06:03:49,567 [pool-459-thread-1] INFO  impl.RaftServerImpl (RaftServerImpl.java:start(185)) - 21b94872-2e85-4ccf-8aec-b3b8618cb6a0@group-A9AB43D70A6D: start as a follower, conf=-1: [21b94872-2e85-4ccf-8aec-b3b8618cb6a0:192.168.34.39:43596], old=null
2019-09-21 06:03:49,567 [pool-459-thread-1] INFO  impl.RaftServerImpl (RaftServerImpl.java:setRole(174)) - 21b94872-2e85-4ccf-8aec-b3b8618cb6a0@group-A9AB43D70A6D: changes role from      null to FOLLOWER at term 0 for startAsFollower
2019-09-21 06:03:49,568 [pool-459-thread-1] INFO  impl.RoleInfo (RoleInfo.java:updateAndGet(143)) - 21b94872-2e85-4ccf-8aec-b3b8618cb6a0: start FollowerState
2019-09-21 06:03:49,568 [pool-459-thread-1] INFO  util.JmxRegister (JmxRegister.java:tryRegister(44)) - Successfully registered JMX Bean with object name Ratis:service=RaftServer,group=group-A9AB43D70A6D,id=21b94872-2e85-4ccf-8aec-b3b8618cb6a0
2019-09-21 06:03:49,573 [RatisPipelineUtilsThread] INFO  pipeline.PipelineStateManager (PipelineStateManager.java:addPipeline(56)) - Created pipeline Pipeline[ Id: f0d5e13c-778a-4b80-bd70-a9ab43d70a6d, Nodes: 21b94872-2e85-4ccf-8aec-b3b8618cb6a0{ip: 192.168.34.39, host: pr-hdds-2161-4k4xz-3364335222, networkLocation: /default-rack, certSerialId: null}, Type:RATIS, Factor:ONE, State:OPEN]
2019-09-21 06:03:49,574 [grpc-default-worker-ELG-3-2] WARN  nio.NioEventLoop (NioEventLoop.java:select(786)) - Selector.select() returned prematurely {} times in a row; rebuilding Selector {}.
2019-09-21 06:03:49,574 [grpc-default-worker-ELG-3-2] INFO  nio.NioEventLoop (NioEventLoop.java:rebuildSelector0(396)) - Migrated 0 channel(s) to the new Selector.
2019-09-21 06:03:49,579 [grpc-default-executor-11] INFO  impl.RaftServerProxy (RaftServerProxy.java:addNew(89)) - 59a1cc74-b9a1-4fd5-a7da-2902dfa6c4f0: addNew group-B09E14678557:[59a1cc74-b9a1-4fd5-a7da-2902dfa6c4f0:192.168.34.39:34307] returns group-B09E14678557:java.util.concurrent.CompletableFuture@48dbf3da[Not completed]
2019-09-21 06:03:49,580 [pool-429-thread-1] INFO  impl.RaftServerImpl (RaftServerImpl.java:<init>(95)) - 59a1cc74-b9a1-4fd5-a7da-2902dfa6c4f0: new RaftServerImpl for group-B09E14678557:[59a1cc74-b9a1-4fd5-a7da-2902dfa6c4f0:192.168.34.39:34307] with ContainerStateMachine:uninitialized
2019-09-21 06:03:49,580 [pool-429-thread-1] INFO  server.RaftServerConfigKeys (ConfUtils.java:logGet(43)) - raft.server.rpc.timeout.min = 5s (custom)
2019-09-21 06:03:49,580 [pool-429-thread-1] INFO  server.RaftServerConfigKeys (ConfUtils.java:logGet(43)) - raft.server.rpc.timeout.max = 5200ms (custom)
2019-09-21 06:03:49,580 [pool-429-thread-1] INFO  server.RaftServerConfigKeys (ConfUtils.java:logGet(43)) - raft.server.rpcslowness.timeout = 120s (custom)
2019-09-21 06:03:49,580 [pool-429-thread-1] INFO  server.RaftServerConfigKeys (ConfUtils.java:logGet(43)) - raft.server.sleep.deviation.threshold = 300 (default)
2019-09-21 06:03:49,581 [pool-429-thread-1] INFO  server.RaftServerConfigKeys (ConfUtils.java:logGet(43)) - raft.server.log.appender.install.snapshot.enabled = false (custom)
2019-09-21 06:03:49,581 [pool-429-thread-1] INFO  impl.RaftServerImpl (ServerState.java:<init>(103)) - 59a1cc74-b9a1-4fd5-a7da-2902dfa6c4f0@group-B09E14678557: ConfigurationManager, init=-1: [59a1cc74-b9a1-4fd5-a7da-2902dfa6c4f0:192.168.34.39:34307], old=null, confs=<EMPTY_MAP>
2019-09-21 06:03:49,581 [pool-429-thread-1] INFO  server.RaftServerConfigKeys (ConfUtils.java:logGet(43)) - raft.server.storage.dir = [/workdir/hadoop-ozone/integration-test/target/test-dir/MiniOzoneClusterImpl-4a7d2b0f-1947-4f54-9952-6ed79e26d9e2/datanode-2/data/ratis] (custom)
2019-09-21 06:03:49,581 [pool-429-thread-1] INFO  storage.RaftStorageDirectory (RaftStorageDirectory.java:analyzeStorage(246)) - The storage directory /workdir/hadoop-ozone/integration-test/target/test-dir/MiniOzoneClusterImpl-4a7d2b0f-1947-4f54-9952-6ed79e26d9e2/datanode-2/data/ratis/985f9fcd-4339-4c79-82b9-b09e14678557 does not exist. Creating ...
2019-09-21 06:03:49,657 [pool-429-thread-1] INFO  storage.RaftStorageDirectory (RaftStorageDirectory.java:tryLock(328)) - Lock on /workdir/hadoop-ozone/integration-test/target/test-dir/MiniOzoneClusterImpl-4a7d2b0f-1947-4f54-9952-6ed79e26d9e2/datanode-2/data/ratis/985f9fcd-4339-4c79-82b9-b09e14678557/in_use.lock acquired by nodename 5250@pr-hdds-2161-4k4xz-3364335222
2019-09-21 06:03:49,722 [pool-429-thread-1] INFO  storage.RaftStorage (RaftStorage.java:format(72)) - Storage directory /workdir/hadoop-ozone/integration-test/target/test-dir/MiniOzoneClusterImpl-4a7d2b0f-1947-4f54-9952-6ed79e26d9e2/datanode-2/data/ratis/985f9fcd-4339-4c79-82b9-b09e14678557 has been successfully formatted.
2019-09-21 06:03:49,723 [pool-429-thread-1] INFO  ratis.ContainerStateMachine (ContainerStateMachine.java:loadSnapshot(230)) - group-B09E14678557: The snapshot info is null. Setting the last applied indexto:(t:0, i:~)
2019-09-21 06:03:49,723 [pool-429-thread-1] INFO  server.RaftServerConfigKeys (ConfUtils.java:logGet(43)) - raft.server.notification.no-leader.timeout = 120s (custom)
2019-09-21 06:03:49,723 [pool-429-thread-1] INFO  server.RaftServerConfigKeys (ConfUtils.java:logGet(43)) - raft.server.log.use.memory = false (default)
2019-09-21 06:03:49,723 [pool-429-thread-1] INFO  server.RaftServerConfigKeys (ConfUtils.java:logGet(43)) - raft.server.log.purge.gap = 1000000 (custom)
2019-09-21 06:03:49,723 [pool-429-thread-1] INFO  server.RaftServerConfigKeys (ConfUtils.java:logGet(43)) - raft.server.log.appender.buffer.byte-limit = 33554432 (custom)
2019-09-21 06:03:49,724 [pool-429-thread-1] INFO  server.RaftServerConfigKeys (ConfUtils.java:logGet(43)) - raft.server.log.segment.size.max = 1048576 (custom)
2019-09-21 06:03:49,724 [pool-429-thread-1] INFO  server.RaftServerConfigKeys (ConfUtils.java:logGet(43)) - raft.server.log.segment.cache.num.max = 2 (custom)
2019-09-21 06:03:49,724 [pool-429-thread-1] INFO  segmented.SegmentedRaftLogWorker (SegmentedRaftLogWorker.java:<init>(172)) - new 59a1cc74-b9a1-4fd5-a7da-2902dfa6c4f0@group-B09E14678557-SegmentedRaftLogWorker for RaftStorage:Storage Directory /workdir/hadoop-ozone/integration-test/target/test-dir/MiniOzoneClusterImpl-4a7d2b0f-1947-4f54-9952-6ed79e26d9e2/datanode-2/data/ratis/985f9fcd-4339-4c79-82b9-b09e14678557
2019-09-21 06:03:49,726 [pool-429-thread-1] INFO  server.RaftServerConfigKeys (ConfUtils.java:logGet(43)) - raft.server.log.queue.byte-limit = 2147483647 (custom)
2019-09-21 06:03:49,726 [pool-429-thread-1] INFO  server.RaftServerConfigKeys (ConfUtils.java:logGet(43)) - raft.server.log.queue.element-limit = 1024 (custom)
2019-09-21 06:03:49,727 [pool-429-thread-1] INFO  server.RaftServerConfigKeys (ConfUtils.java:logGet(43)) - raft.server.log.segment.size.max = 1048576 (custom)
2019-09-21 06:03:49,727 [pool-429-thread-1] INFO  server.RaftServerConfigKeys (ConfUtils.java:logGet(43)) - raft.server.log.preallocated.size = 16384 (custom)
2019-09-21 06:03:49,727 [pool-429-thread-1] INFO  server.RaftServerConfigKeys (ConfUtils.java:logGet(43)) - raft.server.log.write.buffer.size = 33554432 (custom)
2019-09-21 06:03:49,727 [pool-429-thread-1] INFO  server.RaftServerConfigKeys (ConfUtils.java:logGet(43)) - raft.server.log.force.sync.num = 128 (default)
2019-09-21 06:03:49,727 [pool-429-thread-1] INFO  server.RaftServerConfigKeys (ConfUtils.java:logGet(43)) - raft.server.log.statemachine.data.sync = true (default)
2019-09-21 06:03:49,727 [pool-429-thread-1] INFO  server.RaftServerConfigKeys (ConfUtils.java:logGet(43)) - raft.server.log.statemachine.data.sync.timeout = 10s (default)
2019-09-21 06:03:49,727 [pool-429-thread-1] INFO  server.RaftServerConfigKeys (ConfUtils.java:logGet(43)) - raft.server.log.statemachine.data.sync.timeout.retry = -1 (default)
2019-09-21 06:03:49,728 [pool-429-thread-1] INFO  server.RaftServerConfigKeys (ConfUtils.java:logGet(43)) - raft.server.log.statemachine.data.caching.enabled = true (custom)
2019-09-21 06:03:49,728 [pool-429-thread-1] INFO  segmented.SegmentedRaftLogWorker (SegmentedRaftLogWorker.java:lambda$new$0(132)) - 59a1cc74-b9a1-4fd5-a7da-2902dfa6c4f0@group-B09E14678557-SegmentedRaftLogWorker: flushIndex: setUnconditionally 0 -> -1
2019-09-21 06:03:49,728 [pool-429-thread-1] INFO  server.RaftServerConfigKeys (ConfUtils.java:logGet(43)) - raft.server.snapshot.auto.trigger.enabled = true (custom)
2019-09-21 06:03:49,729 [pool-429-thread-1] INFO  server.RaftServerConfigKeys (ConfUtils.java:logGet(43)) - raft.server.snapshot.auto.trigger.threshold = 10000 (custom)
2019-09-21 06:03:49,729 [pool-429-thread-1] INFO  server.RaftServerConfigKeys (ConfUtils.java:logGet(43)) - raft.server.snapshot.retention.num.files = 5 (custom)
2019-09-21 06:03:49,729 [pool-429-thread-1] INFO  server.RaftServerConfigKeys (ConfUtils.java:logGet(43)) - raft.server.retrycache.expirytime = 600000ms (custom)
2019-09-21 06:03:49,731 [pool-429-thread-1] INFO  impl.RaftServerImpl (RaftServerImpl.java:start(185)) - 59a1cc74-b9a1-4fd5-a7da-2902dfa6c4f0@group-B09E14678557: start as a follower, conf=-1: [59a1cc74-b9a1-4fd5-a7da-2902dfa6c4f0:192.168.34.39:34307], old=null
2019-09-21 06:03:49,731 [pool-429-thread-1] INFO  impl.RaftServerImpl (RaftServerImpl.java:setRole(174)) - 59a1cc74-b9a1-4fd5-a7da-2902dfa6c4f0@group-B09E14678557: changes role from      null to FOLLOWER at term 0 for startAsFollower
2019-09-21 06:03:49,731 [pool-429-thread-1] INFO  impl.RoleInfo (RoleInfo.java:updateAndGet(143)) - 59a1cc74-b9a1-4fd5-a7da-2902dfa6c4f0: start FollowerState
2019-09-21 06:03:49,731 [pool-429-thread-1] INFO  util.JmxRegister (JmxRegister.java:tryRegister(44)) - Successfully registered JMX Bean with object name Ratis:service=RaftServer,group=group-B09E14678557,id=59a1cc74-b9a1-4fd5-a7da-2902dfa6c4f0
2019-09-21 06:03:49,737 [RatisPipelineUtilsThread] INFO  pipeline.PipelineStateManager (PipelineStateManager.java:addPipeline(56)) - Created pipeline Pipeline[ Id: 985f9fcd-4339-4c79-82b9-b09e14678557, Nodes: 59a1cc74-b9a1-4fd5-a7da-2902dfa6c4f0{ip: 192.168.34.39, host: pr-hdds-2161-4k4xz-3364335222, networkLocation: /default-rack, certSerialId: null}, Type:RATIS, Factor:ONE, State:OPEN]
2019-09-21 06:03:49,751 [grpc-default-executor-3] INFO  impl.RaftServerProxy (RaftServerProxy.java:addNew(89)) - 34078b08-5f46-4b2d-8468-58e281f072db: addNew group-A41AE92E431E:[34078b08-5f46-4b2d-8468-58e281f072db:192.168.34.39:45278, e0d69add-996e-49cd-bdf0-e379acbbc969:192.168.34.39:41339, 18511a75-35dd-49ad-87cd-807a6cfd33df:192.168.34.39:46500] returns group-A41AE92E431E:java.util.concurrent.CompletableFuture@56912f29[Not completed]
2019-09-21 06:03:49,751 [grpc-default-executor-10] INFO  impl.RaftServerProxy (RaftServerProxy.java:addNew(89)) - e0d69add-996e-49cd-bdf0-e379acbbc969: addNew group-A41AE92E431E:[34078b08-5f46-4b2d-8468-58e281f072db:192.168.34.39:45278, e0d69add-996e-49cd-bdf0-e379acbbc969:192.168.34.39:41339, 18511a75-35dd-49ad-87cd-807a6cfd33df:192.168.34.39:46500] returns group-A41AE92E431E:java.util.concurrent.CompletableFuture@19e63078[Not completed]
2019-09-21 06:03:49,751 [grpc-default-executor-11] INFO  impl.RaftServerProxy (RaftServerProxy.java:addNew(89)) - 18511a75-35dd-49ad-87cd-807a6cfd33df: addNew group-A41AE92E431E:[34078b08-5f46-4b2d-8468-58e281f072db:192.168.34.39:45278, e0d69add-996e-49cd-bdf0-e379acbbc969:192.168.34.39:41339, 18511a75-35dd-49ad-87cd-807a6cfd33df:192.168.34.39:46500] returns group-A41AE92E431E:java.util.concurrent.CompletableFuture@42833fb[Not completed]
2019-09-21 06:03:49,752 [pool-439-thread-1] INFO  impl.RaftServerImpl (RaftServerImpl.java:<init>(95)) - e0d69add-996e-49cd-bdf0-e379acbbc969: new RaftServerImpl for group-A41AE92E431E:[34078b08-5f46-4b2d-8468-58e281f072db:192.168.34.39:45278, e0d69add-996e-49cd-bdf0-e379acbbc969:192.168.34.39:41339, 18511a75-35dd-49ad-87cd-807a6cfd33df:192.168.34.39:46500] with ContainerStateMachine:uninitialized
2019-09-21 06:03:49,752 [pool-439-thread-1] INFO  server.RaftServerConfigKeys (ConfUtils.java:logGet(43)) - raft.server.rpc.timeout.min = 5s (custom)
2019-09-21 06:03:49,752 [pool-419-thread-1] INFO  impl.RaftServerImpl (RaftServerImpl.java:<init>(95)) - 18511a75-35dd-49ad-87cd-807a6cfd33df: new RaftServerImpl for group-A41AE92E431E:[34078b08-5f46-4b2d-8468-58e281f072db:192.168.34.39:45278, e0d69add-996e-49cd-bdf0-e379acbbc969:192.168.34.39:41339, 18511a75-35dd-49ad-87cd-807a6cfd33df:192.168.34.39:46500] with ContainerStateMachine:uninitialized
2019-09-21 06:03:49,752 [pool-439-thread-1] INFO  server.RaftServerConfigKeys (ConfUtils.java:logGet(43)) - raft.server.rpc.timeout.max = 5200ms (custom)
2019-09-21 06:03:49,753 [pool-419-thread-1] INFO  server.RaftServerConfigKeys (ConfUtils.java:logGet(43)) - raft.server.rpc.timeout.min = 5s (custom)
2019-09-21 06:03:49,753 [pool-439-thread-1] INFO  server.RaftServerConfigKeys (ConfUtils.java:logGet(43)) - raft.server.rpcslowness.timeout = 120s (custom)
2019-09-21 06:03:49,753 [pool-419-thread-1] INFO  server.RaftServerConfigKeys (ConfUtils.java:logGet(43)) - raft.server.rpc.timeout.max = 5200ms (custom)
2019-09-21 06:03:49,753 [pool-469-thread-1] INFO  impl.RaftServerImpl (RaftServerImpl.java:<init>(95)) - 34078b08-5f46-4b2d-8468-58e281f072db: new RaftServerImpl for group-A41AE92E431E:[34078b08-5f46-4b2d-8468-58e281f072db:192.168.34.39:45278, e0d69add-996e-49cd-bdf0-e379acbbc969:192.168.34.39:41339, 18511a75-35dd-49ad-87cd-807a6cfd33df:192.168.34.39:46500] with ContainerStateMachine:uninitialized
2019-09-21 06:03:49,753 [pool-439-thread-1] INFO  server.RaftServerConfigKeys (ConfUtils.java:logGet(43)) - raft.server.sleep.deviation.threshold = 300 (default)
2019-09-21 06:03:49,753 [pool-469-thread-1] INFO  server.RaftServerConfigKeys (ConfUtils.java:logGet(43)) - raft.server.rpc.timeout.min = 5s (custom)
2019-09-21 06:03:49,753 [pool-419-thread-1] INFO  server.RaftServerConfigKeys (ConfUtils.java:logGet(43)) - raft.server.rpcslowness.timeout = 120s (custom)
2019-09-21 06:03:49,753 [pool-469-thread-1] INFO  server.RaftServerConfigKeys (ConfUtils.java:logGet(43)) - raft.server.rpc.timeout.max = 5200ms (custom)
2019-09-21 06:03:49,754 [pool-469-thread-1] INFO  server.RaftServerConfigKeys (ConfUtils.java:logGet(43)) - raft.server.rpcslowness.timeout = 120s (custom)
2019-09-21 06:03:49,753 [pool-439-thread-1] INFO  server.RaftServerConfigKeys (ConfUtils.java:logGet(43)) - raft.server.log.appender.install.snapshot.enabled = false (custom)
2019-09-21 06:03:49,754 [pool-469-thread-1] INFO  server.RaftServerConfigKeys (ConfUtils.java:logGet(43)) - raft.server.sleep.deviation.threshold = 300 (default)
2019-09-21 06:03:49,753 [pool-419-thread-1] INFO  server.RaftServerConfigKeys (ConfUtils.java:logGet(43)) - raft.server.sleep.deviation.threshold = 300 (default)
2019-09-21 06:03:49,754 [pool-469-thread-1] INFO  server.RaftServerConfigKeys (ConfUtils.java:logGet(43)) - raft.server.log.appender.install.snapshot.enabled = false (custom)
2019-09-21 06:03:49,754 [pool-439-thread-1] INFO  impl.RaftServerImpl (ServerState.java:<init>(103)) - e0d69add-996e-49cd-bdf0-e379acbbc969@group-A41AE92E431E: ConfigurationManager, init=-1: [34078b08-5f46-4b2d-8468-58e281f072db:192.168.34.39:45278, e0d69add-996e-49cd-bdf0-e379acbbc969:192.168.34.39:41339, 18511a75-35dd-49ad-87cd-807a6cfd33df:192.168.34.39:46500], old=null, confs=<EMPTY_MAP>
2019-09-21 06:03:49,754 [pool-469-thread-1] INFO  impl.RaftServerImpl (ServerState.java:<init>(103)) - 34078b08-5f46-4b2d-8468-58e281f072db@group-A41AE92E431E: ConfigurationManager, init=-1: [34078b08-5f46-4b2d-8468-58e281f072db:192.168.34.39:45278, e0d69add-996e-49cd-bdf0-e379acbbc969:192.168.34.39:41339, 18511a75-35dd-49ad-87cd-807a6cfd33df:192.168.34.39:46500], old=null, confs=<EMPTY_MAP>
2019-09-21 06:03:49,754 [pool-419-thread-1] INFO  server.RaftServerConfigKeys (ConfUtils.java:logGet(43)) - raft.server.log.appender.install.snapshot.enabled = false (custom)
2019-09-21 06:03:49,754 [pool-469-thread-1] INFO  server.RaftServerConfigKeys (ConfUtils.java:logGet(43)) - raft.server.storage.dir = [/workdir/hadoop-ozone/integration-test/target/test-dir/MiniOzoneClusterImpl-4a7d2b0f-1947-4f54-9952-6ed79e26d9e2/datanode-6/data/ratis] (custom)
2019-09-21 06:03:49,754 [pool-439-thread-1] INFO  server.RaftServerConfigKeys (ConfUtils.java:logGet(43)) - raft.server.storage.dir = [/workdir/hadoop-ozone/integration-test/target/test-dir/MiniOzoneClusterImpl-4a7d2b0f-1947-4f54-9952-6ed79e26d9e2/datanode-3/data/ratis] (custom)
2019-09-21 06:03:49,754 [pool-419-thread-1] INFO  impl.RaftServerImpl (ServerState.java:<init>(103)) - 18511a75-35dd-49ad-87cd-807a6cfd33df@group-A41AE92E431E: ConfigurationManager, init=-1: [34078b08-5f46-4b2d-8468-58e281f072db:192.168.34.39:45278, e0d69add-996e-49cd-bdf0-e379acbbc969:192.168.34.39:41339, 18511a75-35dd-49ad-87cd-807a6cfd33df:192.168.34.39:46500], old=null, confs=<EMPTY_MAP>
2019-09-21 06:03:49,755 [pool-469-thread-1] INFO  storage.RaftStorageDirectory (RaftStorageDirectory.java:analyzeStorage(246)) - The storage directory /workdir/hadoop-ozone/integration-test/target/test-dir/MiniOzoneClusterImpl-4a7d2b0f-1947-4f54-9952-6ed79e26d9e2/datanode-6/data/ratis/6e5e0f8e-03b6-4c1e-8f39-a41ae92e431e does not exist. Creating ...
2019-09-21 06:03:49,755 [pool-419-thread-1] INFO  server.RaftServerConfigKeys (ConfUtils.java:logGet(43)) - raft.server.storage.dir = [/workdir/hadoop-ozone/integration-test/target/test-dir/MiniOzoneClusterImpl-4a7d2b0f-1947-4f54-9952-6ed79e26d9e2/datanode-1/data/ratis] (custom)
2019-09-21 06:03:49,755 [pool-439-thread-1] INFO  storage.RaftStorageDirectory (RaftStorageDirectory.java:analyzeStorage(246)) - The storage directory /workdir/hadoop-ozone/integration-test/target/test-dir/MiniOzoneClusterImpl-4a7d2b0f-1947-4f54-9952-6ed79e26d9e2/datanode-3/data/ratis/6e5e0f8e-03b6-4c1e-8f39-a41ae92e431e does not exist. Creating ...
2019-09-21 06:03:49,755 [pool-419-thread-1] INFO  storage.RaftStorageDirectory (RaftStorageDirectory.java:analyzeStorage(246)) - The storage directory /workdir/hadoop-ozone/integration-test/target/test-dir/MiniOzoneClusterImpl-4a7d2b0f-1947-4f54-9952-6ed79e26d9e2/datanode-1/data/ratis/6e5e0f8e-03b6-4c1e-8f39-a41ae92e431e does not exist. Creating ...
2019-09-21 06:03:49,812 [pool-469-thread-1] INFO  storage.RaftStorageDirectory (RaftStorageDirectory.java:tryLock(328)) - Lock on /workdir/hadoop-ozone/integration-test/target/test-dir/MiniOzoneClusterImpl-4a7d2b0f-1947-4f54-9952-6ed79e26d9e2/datanode-6/data/ratis/6e5e0f8e-03b6-4c1e-8f39-a41ae92e431e/in_use.lock acquired by nodename 5250@pr-hdds-2161-4k4xz-3364335222
2019-09-21 06:03:49,812 [pool-439-thread-1] INFO  storage.RaftStorageDirectory (RaftStorageDirectory.java:tryLock(328)) - Lock on /workdir/hadoop-ozone/integration-test/target/test-dir/MiniOzoneClusterImpl-4a7d2b0f-1947-4f54-9952-6ed79e26d9e2/datanode-3/data/ratis/6e5e0f8e-03b6-4c1e-8f39-a41ae92e431e/in_use.lock acquired by nodename 5250@pr-hdds-2161-4k4xz-3364335222
2019-09-21 06:03:49,812 [pool-419-thread-1] INFO  storage.RaftStorageDirectory (RaftStorageDirectory.java:tryLock(328)) - Lock on /workdir/hadoop-ozone/integration-test/target/test-dir/MiniOzoneClusterImpl-4a7d2b0f-1947-4f54-9952-6ed79e26d9e2/datanode-1/data/ratis/6e5e0f8e-03b6-4c1e-8f39-a41ae92e431e/in_use.lock acquired by nodename 5250@pr-hdds-2161-4k4xz-3364335222
2019-09-21 06:03:49,869 [pool-419-thread-1] INFO  storage.RaftStorage (RaftStorage.java:format(72)) - Storage directory /workdir/hadoop-ozone/integration-test/target/test-dir/MiniOzoneClusterImpl-4a7d2b0f-1947-4f54-9952-6ed79e26d9e2/datanode-1/data/ratis/6e5e0f8e-03b6-4c1e-8f39-a41ae92e431e has been successfully formatted.
2019-09-21 06:03:49,869 [pool-439-thread-1] INFO  storage.RaftStorage (RaftStorage.java:format(72)) - Storage directory /workdir/hadoop-ozone/integration-test/target/test-dir/MiniOzoneClusterImpl-4a7d2b0f-1947-4f54-9952-6ed79e26d9e2/datanode-3/data/ratis/6e5e0f8e-03b6-4c1e-8f39-a41ae92e431e has been successfully formatted.
2019-09-21 06:03:49,869 [pool-469-thread-1] INFO  storage.RaftStorage (RaftStorage.java:format(72)) - Storage directory /workdir/hadoop-ozone/integration-test/target/test-dir/MiniOzoneClusterImpl-4a7d2b0f-1947-4f54-9952-6ed79e26d9e2/datanode-6/data/ratis/6e5e0f8e-03b6-4c1e-8f39-a41ae92e431e has been successfully formatted.
2019-09-21 06:03:49,869 [pool-419-thread-1] INFO  ratis.ContainerStateMachine (ContainerStateMachine.java:loadSnapshot(230)) - group-A41AE92E431E: The snapshot info is null. Setting the last applied indexto:(t:0, i:~)
2019-09-21 06:03:49,870 [pool-469-thread-1] INFO  ratis.ContainerStateMachine (ContainerStateMachine.java:loadSnapshot(230)) - group-A41AE92E431E: The snapshot info is null. Setting the last applied indexto:(t:0, i:~)
2019-09-21 06:03:49,870 [pool-439-thread-1] INFO  ratis.ContainerStateMachine (ContainerStateMachine.java:loadSnapshot(230)) - group-A41AE92E431E: The snapshot info is null. Setting the last applied indexto:(t:0, i:~)
2019-09-21 06:03:49,870 [pool-469-thread-1] INFO  server.RaftServerConfigKeys (ConfUtils.java:logGet(43)) - raft.server.notification.no-leader.timeout = 120s (custom)
2019-09-21 06:03:49,870 [pool-419-thread-1] INFO  server.RaftServerConfigKeys (ConfUtils.java:logGet(43)) - raft.server.notification.no-leader.timeout = 120s (custom)
2019-09-21 06:03:49,870 [pool-469-thread-1] INFO  server.RaftServerConfigKeys (ConfUtils.java:logGet(43)) - raft.server.log.use.memory = false (default)
2019-09-21 06:03:49,870 [pool-439-thread-1] INFO  server.RaftServerConfigKeys (ConfUtils.java:logGet(43)) - raft.server.notification.no-leader.timeout = 120s (custom)
2019-09-21 06:03:49,870 [pool-469-thread-1] INFO  server.RaftServerConfigKeys (ConfUtils.java:logGet(43)) - raft.server.log.purge.gap = 1000000 (custom)
2019-09-21 06:03:49,870 [pool-419-thread-1] INFO  server.RaftServerConfigKeys (ConfUtils.java:logGet(43)) - raft.server.log.use.memory = false (default)
2019-09-21 06:03:49,870 [pool-469-thread-1] INFO  server.RaftServerConfigKeys (ConfUtils.java:logGet(43)) - raft.server.log.appender.buffer.byte-limit = 33554432 (custom)
2019-09-21 06:03:49,870 [pool-439-thread-1] INFO  server.RaftServerConfigKeys (ConfUtils.java:logGet(43)) - raft.server.log.use.memory = false (default)
2019-09-21 06:03:49,871 [pool-469-thread-1] INFO  server.RaftServerConfigKeys (ConfUtils.java:logGet(43)) - raft.server.log.segment.size.max = 1048576 (custom)
2019-09-21 06:03:49,871 [pool-419-thread-1] INFO  server.RaftServerConfigKeys (ConfUtils.java:logGet(43)) - raft.server.log.purge.gap = 1000000 (custom)
2019-09-21 06:03:49,871 [pool-469-thread-1] INFO  server.RaftServerConfigKeys (ConfUtils.java:logGet(43)) - raft.server.log.segment.cache.num.max = 2 (custom)
2019-09-21 06:03:49,871 [pool-439-thread-1] INFO  server.RaftServerConfigKeys (ConfUtils.java:logGet(43)) - raft.server.log.purge.gap = 1000000 (custom)
2019-09-21 06:03:49,871 [pool-469-thread-1] INFO  segmented.SegmentedRaftLogWorker (SegmentedRaftLogWorker.java:<init>(172)) - new 34078b08-5f46-4b2d-8468-58e281f072db@group-A41AE92E431E-SegmentedRaftLogWorker for RaftStorage:Storage Directory /workdir/hadoop-ozone/integration-test/target/test-dir/MiniOzoneClusterImpl-4a7d2b0f-1947-4f54-9952-6ed79e26d9e2/datanode-6/data/ratis/6e5e0f8e-03b6-4c1e-8f39-a41ae92e431e
2019-09-21 06:03:49,871 [pool-419-thread-1] INFO  server.RaftServerConfigKeys (ConfUtils.java:logGet(43)) - raft.server.log.appender.buffer.byte-limit = 33554432 (custom)
2019-09-21 06:03:49,871 [pool-469-thread-1] INFO  server.RaftServerConfigKeys (ConfUtils.java:logGet(43)) - raft.server.log.queue.byte-limit = 2147483647 (custom)
2019-09-21 06:03:49,871 [pool-439-thread-1] INFO  server.RaftServerConfigKeys (ConfUtils.java:logGet(43)) - raft.server.log.appender.buffer.byte-limit = 33554432 (custom)
2019-09-21 06:03:49,872 [pool-469-thread-1] INFO  server.RaftServerConfigKeys (ConfUtils.java:logGet(43)) - raft.server.log.queue.element-limit = 1024 (custom)
2019-09-21 06:03:49,872 [pool-419-thread-1] INFO  server.RaftServerConfigKeys (ConfUtils.java:logGet(43)) - raft.server.log.segment.size.max = 1048576 (custom)
2019-09-21 06:03:49,872 [pool-469-thread-1] INFO  server.RaftServerConfigKeys (ConfUtils.java:logGet(43)) - raft.server.log.segment.size.max = 1048576 (custom)
2019-09-21 06:03:49,872 [pool-439-thread-1] INFO  server.RaftServerConfigKeys (ConfUtils.java:logGet(43)) - raft.server.log.segment.size.max = 1048576 (custom)
2019-09-21 06:03:49,872 [pool-469-thread-1] INFO  server.RaftServerConfigKeys (ConfUtils.java:logGet(43)) - raft.server.log.preallocated.size = 16384 (custom)
2019-09-21 06:03:49,872 [pool-419-thread-1] INFO  server.RaftServerConfigKeys (ConfUtils.java:logGet(43)) - raft.server.log.segment.cache.num.max = 2 (custom)
2019-09-21 06:03:49,872 [pool-469-thread-1] INFO  server.RaftServerConfigKeys (ConfUtils.java:logGet(43)) - raft.server.log.write.buffer.size = 33554432 (custom)
2019-09-21 06:03:49,872 [pool-469-thread-1] INFO  server.RaftServerConfigKeys (ConfUtils.java:logGet(43)) - raft.server.log.force.sync.num = 128 (default)
2019-09-21 06:03:49,872 [pool-439-thread-1] INFO  server.RaftServerConfigKeys (ConfUtils.java:logGet(43)) - raft.server.log.segment.cache.num.max = 2 (custom)
2019-09-21 06:03:49,872 [pool-469-thread-1] INFO  server.RaftServerConfigKeys (ConfUtils.java:logGet(43)) - raft.server.log.statemachine.data.sync = true (default)
2019-09-21 06:03:49,872 [pool-419-thread-1] INFO  segmented.SegmentedRaftLogWorker (SegmentedRaftLogWorker.java:<init>(172)) - new 18511a75-35dd-49ad-87cd-807a6cfd33df@group-A41AE92E431E-SegmentedRaftLogWorker for RaftStorage:Storage Directory /workdir/hadoop-ozone/integration-test/target/test-dir/MiniOzoneClusterImpl-4a7d2b0f-1947-4f54-9952-6ed79e26d9e2/datanode-1/data/ratis/6e5e0f8e-03b6-4c1e-8f39-a41ae92e431e
2019-09-21 06:03:49,873 [pool-469-thread-1] INFO  server.RaftServerConfigKeys (ConfUtils.java:logGet(43)) - raft.server.log.statemachine.data.sync.timeout = 10s (default)
2019-09-21 06:03:49,873 [pool-439-thread-1] INFO  segmented.SegmentedRaftLogWorker (SegmentedRaftLogWorker.java:<init>(172)) - new e0d69add-996e-49cd-bdf0-e379acbbc969@group-A41AE92E431E-SegmentedRaftLogWorker for RaftStorage:Storage Directory /workdir/hadoop-ozone/integration-test/target/test-dir/MiniOzoneClusterImpl-4a7d2b0f-1947-4f54-9952-6ed79e26d9e2/datanode-3/data/ratis/6e5e0f8e-03b6-4c1e-8f39-a41ae92e431e
2019-09-21 06:03:49,873 [pool-469-thread-1] INFO  server.RaftServerConfigKeys (ConfUtils.java:logGet(43)) - raft.server.log.statemachine.data.sync.timeout.retry = -1 (default)
2019-09-21 06:03:49,873 [pool-419-thread-1] INFO  server.RaftServerConfigKeys (ConfUtils.java:logGet(43)) - raft.server.log.queue.byte-limit = 2147483647 (custom)
2019-09-21 06:03:49,873 [pool-469-thread-1] INFO  server.RaftServerConfigKeys (ConfUtils.java:logGet(43)) - raft.server.log.statemachine.data.caching.enabled = true (custom)
2019-09-21 06:03:49,873 [pool-439-thread-1] INFO  server.RaftServerConfigKeys (ConfUtils.java:logGet(43)) - raft.server.log.queue.byte-limit = 2147483647 (custom)
2019-09-21 06:03:49,873 [pool-419-thread-1] INFO  server.RaftServerConfigKeys (ConfUtils.java:logGet(43)) - raft.server.log.queue.element-limit = 1024 (custom)
2019-09-21 06:03:49,874 [pool-469-thread-1] INFO  segmented.SegmentedRaftLogWorker (SegmentedRaftLogWorker.java:lambda$new$0(132)) - 34078b08-5f46-4b2d-8468-58e281f072db@group-A41AE92E431E-SegmentedRaftLogWorker: flushIndex: setUnconditionally 0 -> -1
2019-09-21 06:03:49,874 [pool-439-thread-1] INFO  server.RaftServerConfigKeys (ConfUtils.java:logGet(43)) - raft.server.log.queue.element-limit = 1024 (custom)
2019-09-21 06:03:49,874 [pool-419-thread-1] INFO  server.RaftServerConfigKeys (ConfUtils.java:logGet(43)) - raft.server.log.segment.size.max = 1048576 (custom)
2019-09-21 06:03:49,874 [pool-469-thread-1] INFO  server.RaftServerConfigKeys (ConfUtils.java:logGet(43)) - raft.server.snapshot.auto.trigger.enabled = true (custom)
2019-09-21 06:03:49,874 [pool-439-thread-1] INFO  server.RaftServerConfigKeys (ConfUtils.java:logGet(43)) - raft.server.log.segment.size.max = 1048576 (custom)
2019-09-21 06:03:49,874 [pool-469-thread-1] INFO  server.RaftServerConfigKeys (ConfUtils.java:logGet(43)) - raft.server.snapshot.auto.trigger.threshold = 10000 (custom)
2019-09-21 06:03:49,874 [pool-419-thread-1] INFO  server.RaftServerConfigKeys (ConfUtils.java:logGet(43)) - raft.server.log.preallocated.size = 16384 (custom)
2019-09-21 06:03:49,874 [pool-469-thread-1] INFO  server.RaftServerConfigKeys (ConfUtils.java:logGet(43)) - raft.server.snapshot.retention.num.files = 5 (custom)
2019-09-21 06:03:49,874 [pool-439-thread-1] INFO  server.RaftServerConfigKeys (ConfUtils.java:logGet(43)) - raft.server.log.preallocated.size = 16384 (custom)
2019-09-21 06:03:49,875 [pool-469-thread-1] INFO  server.RaftServerConfigKeys (ConfUtils.java:logGet(43)) - raft.server.retrycache.expirytime = 600000ms (custom)
2019-09-21 06:03:49,875 [pool-419-thread-1] INFO  server.RaftServerConfigKeys (ConfUtils.java:logGet(43)) - raft.server.log.write.buffer.size = 33554432 (custom)
2019-09-21 06:03:49,875 [pool-439-thread-1] INFO  server.RaftServerConfigKeys (ConfUtils.java:logGet(43)) - raft.server.log.write.buffer.size = 33554432 (custom)
2019-09-21 06:03:49,875 [pool-419-thread-1] INFO  server.RaftServerConfigKeys (ConfUtils.java:logGet(43)) - raft.server.log.force.sync.num = 128 (default)
2019-09-21 06:03:49,875 [pool-439-thread-1] INFO  server.RaftServerConfigKeys (ConfUtils.java:logGet(43)) - raft.server.log.force.sync.num = 128 (default)
2019-09-21 06:03:49,875 [pool-419-thread-1] INFO  server.RaftServerConfigKeys (ConfUtils.java:logGet(43)) - raft.server.log.statemachine.data.sync = true (default)
2019-09-21 06:03:49,875 [pool-439-thread-1] INFO  server.RaftServerConfigKeys (ConfUtils.java:logGet(43)) - raft.server.log.statemachine.data.sync = true (default)
2019-09-21 06:03:49,876 [pool-419-thread-1] INFO  server.RaftServerConfigKeys (ConfUtils.java:logGet(43)) - raft.server.log.statemachine.data.sync.timeout = 10s (default)
2019-09-21 06:03:49,876 [pool-469-thread-1] INFO  impl.RaftServerImpl (RaftServerImpl.java:start(185)) - 34078b08-5f46-4b2d-8468-58e281f072db@group-A41AE92E431E: start as a follower, conf=-1: [34078b08-5f46-4b2d-8468-58e281f072db:192.168.34.39:45278, e0d69add-996e-49cd-bdf0-e379acbbc969:192.168.34.39:41339, 18511a75-35dd-49ad-87cd-807a6cfd33df:192.168.34.39:46500], old=null
2019-09-21 06:03:49,876 [pool-439-thread-1] INFO  server.RaftServerConfigKeys (ConfUtils.java:logGet(43)) - raft.server.log.statemachine.data.sync.timeout = 10s (default)
2019-09-21 06:03:49,876 [pool-469-thread-1] INFO  impl.RaftServerImpl (RaftServerImpl.java:setRole(174)) - 34078b08-5f46-4b2d-8468-58e281f072db@group-A41AE92E431E: changes role from      null to FOLLOWER at term 0 for startAsFollower
2019-09-21 06:03:49,876 [pool-419-thread-1] INFO  server.RaftServerConfigKeys (ConfUtils.java:logGet(43)) - raft.server.log.statemachine.data.sync.timeout.retry = -1 (default)
2019-09-21 06:03:49,876 [pool-469-thread-1] INFO  impl.RoleInfo (RoleInfo.java:updateAndGet(143)) - 34078b08-5f46-4b2d-8468-58e281f072db: start FollowerState
2019-09-21 06:03:49,876 [pool-439-thread-1] INFO  server.RaftServerConfigKeys (ConfUtils.java:logGet(43)) - raft.server.log.statemachine.data.sync.timeout.retry = -1 (default)
2019-09-21 06:03:49,876 [pool-419-thread-1] INFO  server.RaftServerConfigKeys (ConfUtils.java:logGet(43)) - raft.server.log.statemachine.data.caching.enabled = true (custom)
2019-09-21 06:03:49,877 [pool-469-thread-1] INFO  util.JmxRegister (JmxRegister.java:tryRegister(44)) - Successfully registered JMX Bean with object name Ratis:service=RaftServer,group=group-A41AE92E431E,id=34078b08-5f46-4b2d-8468-58e281f072db
2019-09-21 06:03:49,877 [pool-439-thread-1] INFO  server.RaftServerConfigKeys (ConfUtils.java:logGet(43)) - raft.server.log.statemachine.data.caching.enabled = true (custom)
2019-09-21 06:03:49,877 [pool-419-thread-1] INFO  segmented.SegmentedRaftLogWorker (SegmentedRaftLogWorker.java:lambda$new$0(132)) - 18511a75-35dd-49ad-87cd-807a6cfd33df@group-A41AE92E431E-SegmentedRaftLogWorker: flushIndex: setUnconditionally 0 -> -1
2019-09-21 06:03:49,877 [pool-439-thread-1] INFO  segmented.SegmentedRaftLogWorker (SegmentedRaftLogWorker.java:lambda$new$0(132)) - e0d69add-996e-49cd-bdf0-e379acbbc969@group-A41AE92E431E-SegmentedRaftLogWorker: flushIndex: setUnconditionally 0 -> -1
2019-09-21 06:03:49,877 [pool-419-thread-1] INFO  server.RaftServerConfigKeys (ConfUtils.java:logGet(43)) - raft.server.snapshot.auto.trigger.enabled = true (custom)
2019-09-21 06:03:49,877 [pool-439-thread-1] INFO  server.RaftServerConfigKeys (ConfUtils.java:logGet(43)) - raft.server.snapshot.auto.trigger.enabled = true (custom)
2019-09-21 06:03:49,878 [pool-419-thread-1] INFO  server.RaftServerConfigKeys (ConfUtils.java:logGet(43)) - raft.server.snapshot.auto.trigger.threshold = 10000 (custom)
2019-09-21 06:03:49,880 [pool-419-thread-1] INFO  server.RaftServerConfigKeys (ConfUtils.java:logGet(43)) - raft.server.snapshot.retention.num.files = 5 (custom)
2019-09-21 06:03:49,878 [pool-439-thread-1] INFO  server.RaftServerConfigKeys (ConfUtils.java:logGet(43)) - raft.server.snapshot.auto.trigger.threshold = 10000 (custom)
2019-09-21 06:03:49,881 [pool-419-thread-1] INFO  server.RaftServerConfigKeys (ConfUtils.java:logGet(43)) - raft.server.retrycache.expirytime = 600000ms (custom)
2019-09-21 06:03:49,881 [pool-439-thread-1] INFO  server.RaftServerConfigKeys (ConfUtils.java:logGet(43)) - raft.server.snapshot.retention.num.files = 5 (custom)
2019-09-21 06:03:49,881 [pool-439-thread-1] INFO  server.RaftServerConfigKeys (ConfUtils.java:logGet(43)) - raft.server.retrycache.expirytime = 600000ms (custom)
2019-09-21 06:03:49,883 [pool-419-thread-1] INFO  impl.RaftServerImpl (RaftServerImpl.java:start(185)) - 18511a75-35dd-49ad-87cd-807a6cfd33df@group-A41AE92E431E: start as a follower, conf=-1: [34078b08-5f46-4b2d-8468-58e281f072db:192.168.34.39:45278, e0d69add-996e-49cd-bdf0-e379acbbc969:192.168.34.39:41339, 18511a75-35dd-49ad-87cd-807a6cfd33df:192.168.34.39:46500], old=null
2019-09-21 06:03:49,884 [pool-439-thread-1] INFO  impl.RaftServerImpl (RaftServerImpl.java:start(185)) - e0d69add-996e-49cd-bdf0-e379acbbc969@group-A41AE92E431E: start as a follower, conf=-1: [34078b08-5f46-4b2d-8468-58e281f072db:192.168.34.39:45278, e0d69add-996e-49cd-bdf0-e379acbbc969:192.168.34.39:41339, 18511a75-35dd-49ad-87cd-807a6cfd33df:192.168.34.39:46500], old=null
2019-09-21 06:03:49,884 [pool-419-thread-1] INFO  impl.RaftServerImpl (RaftServerImpl.java:setRole(174)) - 18511a75-35dd-49ad-87cd-807a6cfd33df@group-A41AE92E431E: changes role from      null to FOLLOWER at term 0 for startAsFollower
2019-09-21 06:03:49,884 [pool-439-thread-1] INFO  impl.RaftServerImpl (RaftServerImpl.java:setRole(174)) - e0d69add-996e-49cd-bdf0-e379acbbc969@group-A41AE92E431E: changes role from      null to FOLLOWER at term 0 for startAsFollower
2019-09-21 06:03:49,884 [pool-419-thread-1] INFO  impl.RoleInfo (RoleInfo.java:updateAndGet(143)) - 18511a75-35dd-49ad-87cd-807a6cfd33df: start FollowerState
2019-09-21 06:03:49,884 [pool-439-thread-1] INFO  impl.RoleInfo (RoleInfo.java:updateAndGet(143)) - e0d69add-996e-49cd-bdf0-e379acbbc969: start FollowerState
2019-09-21 06:03:49,884 [pool-419-thread-1] INFO  util.JmxRegister (JmxRegister.java:tryRegister(44)) - Successfully registered JMX Bean with object name Ratis:service=RaftServer,group=group-A41AE92E431E,id=18511a75-35dd-49ad-87cd-807a6cfd33df
2019-09-21 06:03:49,884 [pool-439-thread-1] INFO  util.JmxRegister (JmxRegister.java:tryRegister(44)) - Successfully registered JMX Bean with object name Ratis:service=RaftServer,group=group-A41AE92E431E,id=e0d69add-996e-49cd-bdf0-e379acbbc969
2019-09-21 06:03:49,889 [RatisPipelineUtilsThread] INFO  pipeline.PipelineStateManager (PipelineStateManager.java:addPipeline(56)) - Created pipeline Pipeline[ Id: 6e5e0f8e-03b6-4c1e-8f39-a41ae92e431e, Nodes: 18511a75-35dd-49ad-87cd-807a6cfd33df{ip: 192.168.34.39, host: pr-hdds-2161-4k4xz-3364335222, networkLocation: /default-rack, certSerialId: null}e0d69add-996e-49cd-bdf0-e379acbbc969{ip: 192.168.34.39, host: pr-hdds-2161-4k4xz-3364335222, networkLocation: /default-rack, certSerialId: null}34078b08-5f46-4b2d-8468-58e281f072db{ip: 192.168.34.39, host: pr-hdds-2161-4k4xz-3364335222, networkLocation: /default-rack, certSerialId: null}, Type:RATIS, Factor:THREE, State:OPEN]
2019-09-21 06:03:49,897 [grpc-default-executor-11] INFO  impl.RaftServerProxy (RaftServerProxy.java:addNew(89)) - 21b94872-2e85-4ccf-8aec-b3b8618cb6a0: addNew group-EE668F731C0C:[21b94872-2e85-4ccf-8aec-b3b8618cb6a0:192.168.34.39:43596, c247419f-afa0-485d-9404-7d7331c991d0:192.168.34.39:37933, 99900494-266b-42a4-93d7-8c51c8bb3acf:192.168.34.39:41442] returns group-EE668F731C0C:java.util.concurrent.CompletableFuture@2e3a29f9[Not completed]
2019-09-21 06:03:49,897 [grpc-default-executor-11] INFO  impl.RaftServerProxy (RaftServerProxy.java:addNew(89)) - 99900494-266b-42a4-93d7-8c51c8bb3acf: addNew group-EE668F731C0C:[21b94872-2e85-4ccf-8aec-b3b8618cb6a0:192.168.34.39:43596, c247419f-afa0-485d-9404-7d7331c991d0:192.168.34.39:37933, 99900494-266b-42a4-93d7-8c51c8bb3acf:192.168.34.39:41442] returns group-EE668F731C0C:java.util.concurrent.CompletableFuture@5129875c[Not completed]
2019-09-21 06:03:49,898 [grpc-default-executor-3] INFO  impl.RaftServerProxy (RaftServerProxy.java:addNew(89)) - c247419f-afa0-485d-9404-7d7331c991d0: addNew group-EE668F731C0C:[21b94872-2e85-4ccf-8aec-b3b8618cb6a0:192.168.34.39:43596, c247419f-afa0-485d-9404-7d7331c991d0:192.168.34.39:37933, 99900494-266b-42a4-93d7-8c51c8bb3acf:192.168.34.39:41442] returns group-EE668F731C0C:java.util.concurrent.CompletableFuture@1b352242[Not completed]
2019-09-21 06:03:49,901 [pool-459-thread-1] INFO  impl.RaftServerImpl (RaftServerImpl.java:<init>(95)) - 21b94872-2e85-4ccf-8aec-b3b8618cb6a0: new RaftServerImpl for group-EE668F731C0C:[21b94872-2e85-4ccf-8aec-b3b8618cb6a0:192.168.34.39:43596, c247419f-afa0-485d-9404-7d7331c991d0:192.168.34.39:37933, 99900494-266b-42a4-93d7-8c51c8bb3acf:192.168.34.39:41442] with ContainerStateMachine:uninitialized
2019-09-21 06:03:49,901 [pool-459-thread-1] INFO  server.RaftServerConfigKeys (ConfUtils.java:logGet(43)) - raft.server.rpc.timeout.min = 5s (custom)
2019-09-21 06:03:49,901 [pool-459-thread-1] INFO  server.RaftServerConfigKeys (ConfUtils.java:logGet(43)) - raft.server.rpc.timeout.max = 5200ms (custom)
2019-09-21 06:03:49,901 [pool-459-thread-1] INFO  server.RaftServerConfigKeys (ConfUtils.java:logGet(43)) - raft.server.rpcslowness.timeout = 120s (custom)
2019-09-21 06:03:49,901 [pool-409-thread-1] INFO  impl.RaftServerImpl (RaftServerImpl.java:<init>(95)) - c247419f-afa0-485d-9404-7d7331c991d0: new RaftServerImpl for group-EE668F731C0C:[21b94872-2e85-4ccf-8aec-b3b8618cb6a0:192.168.34.39:43596, c247419f-afa0-485d-9404-7d7331c991d0:192.168.34.39:37933, 99900494-266b-42a4-93d7-8c51c8bb3acf:192.168.34.39:41442] with ContainerStateMachine:uninitialized
2019-09-21 06:03:49,901 [pool-459-thread-1] INFO  server.RaftServerConfigKeys (ConfUtils.java:logGet(43)) - raft.server.sleep.deviation.threshold = 300 (default)
2019-09-21 06:03:49,901 [pool-409-thread-1] INFO  server.RaftServerConfigKeys (ConfUtils.java:logGet(43)) - raft.server.rpc.timeout.min = 5s (custom)
2019-09-21 06:03:49,901 [pool-449-thread-1] INFO  impl.RaftServerImpl (RaftServerImpl.java:<init>(95)) - 99900494-266b-42a4-93d7-8c51c8bb3acf: new RaftServerImpl for group-EE668F731C0C:[21b94872-2e85-4ccf-8aec-b3b8618cb6a0:192.168.34.39:43596, c247419f-afa0-485d-9404-7d7331c991d0:192.168.34.39:37933, 99900494-266b-42a4-93d7-8c51c8bb3acf:192.168.34.39:41442] with ContainerStateMachine:uninitialized
2019-09-21 06:03:49,901 [pool-459-thread-1] INFO  server.RaftServerConfigKeys (ConfUtils.java:logGet(43)) - raft.server.log.appender.install.snapshot.enabled = false (custom)
2019-09-21 06:03:49,901 [pool-449-thread-1] INFO  server.RaftServerConfigKeys (ConfUtils.java:logGet(43)) - raft.server.rpc.timeout.min = 5s (custom)
2019-09-21 06:03:49,901 [pool-409-thread-1] INFO  server.RaftServerConfigKeys (ConfUtils.java:logGet(43)) - raft.server.rpc.timeout.max = 5200ms (custom)
2019-09-21 06:03:49,902 [pool-449-thread-1] INFO  server.RaftServerConfigKeys (ConfUtils.java:logGet(43)) - raft.server.rpc.timeout.max = 5200ms (custom)
2019-09-21 06:03:49,902 [pool-459-thread-1] INFO  impl.RaftServerImpl (ServerState.java:<init>(103)) - 21b94872-2e85-4ccf-8aec-b3b8618cb6a0@group-EE668F731C0C: ConfigurationManager, init=-1: [21b94872-2e85-4ccf-8aec-b3b8618cb6a0:192.168.34.39:43596, c247419f-afa0-485d-9404-7d7331c991d0:192.168.34.39:37933, 99900494-266b-42a4-93d7-8c51c8bb3acf:192.168.34.39:41442], old=null, confs=<EMPTY_MAP>
2019-09-21 06:03:49,902 [pool-449-thread-1] INFO  server.RaftServerConfigKeys (ConfUtils.java:logGet(43)) - raft.server.rpcslowness.timeout = 120s (custom)
2019-09-21 06:03:49,902 [pool-409-thread-1] INFO  server.RaftServerConfigKeys (ConfUtils.java:logGet(43)) - raft.server.rpcslowness.timeout = 120s (custom)
2019-09-21 06:03:49,902 [pool-459-thread-1] INFO  server.RaftServerConfigKeys (ConfUtils.java:logGet(43)) - raft.server.storage.dir = [/workdir/hadoop-ozone/integration-test/target/test-dir/MiniOzoneClusterImpl-4a7d2b0f-1947-4f54-9952-6ed79e26d9e2/datanode-5/data/ratis] (custom)
2019-09-21 06:03:49,902 [pool-449-thread-1] INFO  server.RaftServerConfigKeys (ConfUtils.java:logGet(43)) - raft.server.sleep.deviation.threshold = 300 (default)
2019-09-21 06:03:49,902 [pool-409-thread-1] INFO  server.RaftServerConfigKeys (ConfUtils.java:logGet(43)) - raft.server.sleep.deviation.threshold = 300 (default)
2019-09-21 06:03:49,902 [pool-449-thread-1] INFO  server.RaftServerConfigKeys (ConfUtils.java:logGet(43)) - raft.server.log.appender.install.snapshot.enabled = false (custom)
2019-09-21 06:03:49,902 [pool-409-thread-1] INFO  server.RaftServerConfigKeys (ConfUtils.java:logGet(43)) - raft.server.log.appender.install.snapshot.enabled = false (custom)
2019-09-21 06:03:49,902 [pool-449-thread-1] INFO  impl.RaftServerImpl (ServerState.java:<init>(103)) - 99900494-266b-42a4-93d7-8c51c8bb3acf@group-EE668F731C0C: ConfigurationManager, init=-1: [21b94872-2e85-4ccf-8aec-b3b8618cb6a0:192.168.34.39:43596, c247419f-afa0-485d-9404-7d7331c991d0:192.168.34.39:37933, 99900494-266b-42a4-93d7-8c51c8bb3acf:192.168.34.39:41442], old=null, confs=<EMPTY_MAP>
2019-09-21 06:03:49,902 [pool-459-thread-1] INFO  storage.RaftStorageDirectory (RaftStorageDirectory.java:analyzeStorage(246)) - The storage directory /workdir/hadoop-ozone/integration-test/target/test-dir/MiniOzoneClusterImpl-4a7d2b0f-1947-4f54-9952-6ed79e26d9e2/datanode-5/data/ratis/98c4ef78-078c-41f6-afb0-ee668f731c0c does not exist. Creating ...
2019-09-21 06:03:49,902 [pool-449-thread-1] INFO  server.RaftServerConfigKeys (ConfUtils.java:logGet(43)) - raft.server.storage.dir = [/workdir/hadoop-ozone/integration-test/target/test-dir/MiniOzoneClusterImpl-4a7d2b0f-1947-4f54-9952-6ed79e26d9e2/datanode-4/data/ratis] (custom)
2019-09-21 06:03:49,902 [pool-409-thread-1] INFO  impl.RaftServerImpl (ServerState.java:<init>(103)) - c247419f-afa0-485d-9404-7d7331c991d0@group-EE668F731C0C: ConfigurationManager, init=-1: [21b94872-2e85-4ccf-8aec-b3b8618cb6a0:192.168.34.39:43596, c247419f-afa0-485d-9404-7d7331c991d0:192.168.34.39:37933, 99900494-266b-42a4-93d7-8c51c8bb3acf:192.168.34.39:41442], old=null, confs=<EMPTY_MAP>
2019-09-21 06:03:49,903 [pool-409-thread-1] INFO  server.RaftServerConfigKeys (ConfUtils.java:logGet(43)) - raft.server.storage.dir = [/workdir/hadoop-ozone/integration-test/target/test-dir/MiniOzoneClusterImpl-4a7d2b0f-1947-4f54-9952-6ed79e26d9e2/datanode-0/data/ratis] (custom)
2019-09-21 06:03:49,903 [pool-449-thread-1] INFO  storage.RaftStorageDirectory (RaftStorageDirectory.java:analyzeStorage(246)) - The storage directory /workdir/hadoop-ozone/integration-test/target/test-dir/MiniOzoneClusterImpl-4a7d2b0f-1947-4f54-9952-6ed79e26d9e2/datanode-4/data/ratis/98c4ef78-078c-41f6-afb0-ee668f731c0c does not exist. Creating ...
2019-09-21 06:03:49,903 [pool-409-thread-1] INFO  storage.RaftStorageDirectory (RaftStorageDirectory.java:analyzeStorage(246)) - The storage directory /workdir/hadoop-ozone/integration-test/target/test-dir/MiniOzoneClusterImpl-4a7d2b0f-1947-4f54-9952-6ed79e26d9e2/datanode-0/data/ratis/98c4ef78-078c-41f6-afb0-ee668f731c0c does not exist. Creating ...
2019-09-21 06:03:49,961 [pool-449-thread-1] INFO  storage.RaftStorageDirectory (RaftStorageDirectory.java:tryLock(328)) - Lock on /workdir/hadoop-ozone/integration-test/target/test-dir/MiniOzoneClusterImpl-4a7d2b0f-1947-4f54-9952-6ed79e26d9e2/datanode-4/data/ratis/98c4ef78-078c-41f6-afb0-ee668f731c0c/in_use.lock acquired by nodename 5250@pr-hdds-2161-4k4xz-3364335222
2019-09-21 06:03:49,961 [pool-459-thread-1] INFO  storage.RaftStorageDirectory (RaftStorageDirectory.java:tryLock(328)) - Lock on /workdir/hadoop-ozone/integration-test/target/test-dir/MiniOzoneClusterImpl-4a7d2b0f-1947-4f54-9952-6ed79e26d9e2/datanode-5/data/ratis/98c4ef78-078c-41f6-afb0-ee668f731c0c/in_use.lock acquired by nodename 5250@pr-hdds-2161-4k4xz-3364335222
2019-09-21 06:03:49,961 [pool-409-thread-1] INFO  storage.RaftStorageDirectory (RaftStorageDirectory.java:tryLock(328)) - Lock on /workdir/hadoop-ozone/integration-test/target/test-dir/MiniOzoneClusterImpl-4a7d2b0f-1947-4f54-9952-6ed79e26d9e2/datanode-0/data/ratis/98c4ef78-078c-41f6-afb0-ee668f731c0c/in_use.lock acquired by nodename 5250@pr-hdds-2161-4k4xz-3364335222
2019-09-21 06:03:50,024 [pool-449-thread-1] INFO  storage.RaftStorage (RaftStorage.java:format(72)) - Storage directory /workdir/hadoop-ozone/integration-test/target/test-dir/MiniOzoneClusterImpl-4a7d2b0f-1947-4f54-9952-6ed79e26d9e2/datanode-4/data/ratis/98c4ef78-078c-41f6-afb0-ee668f731c0c has been successfully formatted.
2019-09-21 06:03:50,024 [pool-409-thread-1] INFO  storage.RaftStorage (RaftStorage.java:format(72)) - Storage directory /workdir/hadoop-ozone/integration-test/target/test-dir/MiniOzoneClusterImpl-4a7d2b0f-1947-4f54-9952-6ed79e26d9e2/datanode-0/data/ratis/98c4ef78-078c-41f6-afb0-ee668f731c0c has been successfully formatted.
2019-09-21 06:03:50,024 [pool-459-thread-1] INFO  storage.RaftStorage (RaftStorage.java:format(72)) - Storage directory /workdir/hadoop-ozone/integration-test/target/test-dir/MiniOzoneClusterImpl-4a7d2b0f-1947-4f54-9952-6ed79e26d9e2/datanode-5/data/ratis/98c4ef78-078c-41f6-afb0-ee668f731c0c has been successfully formatted.
2019-09-21 06:03:50,025 [pool-449-thread-1] INFO  ratis.ContainerStateMachine (ContainerStateMachine.java:loadSnapshot(230)) - group-EE668F731C0C: The snapshot info is null. Setting the last applied indexto:(t:0, i:~)
2019-09-21 06:03:50,025 [pool-409-thread-1] INFO  ratis.ContainerStateMachine (ContainerStateMachine.java:loadSnapshot(230)) - group-EE668F731C0C: The snapshot info is null. Setting the last applied indexto:(t:0, i:~)
2019-09-21 06:03:50,025 [pool-449-thread-1] INFO  server.RaftServerConfigKeys (ConfUtils.java:logGet(43)) - raft.server.notification.no-leader.timeout = 120s (custom)
2019-09-21 06:03:50,025 [pool-459-thread-1] INFO  ratis.ContainerStateMachine (ContainerStateMachine.java:loadSnapshot(230)) - group-EE668F731C0C: The snapshot info is null. Setting the last applied indexto:(t:0, i:~)
2019-09-21 06:03:50,025 [pool-449-thread-1] INFO  server.RaftServerConfigKeys (ConfUtils.java:logGet(43)) - raft.server.log.use.memory = false (default)
2019-09-21 06:03:50,025 [pool-409-thread-1] INFO  server.RaftServerConfigKeys (ConfUtils.java:logGet(43)) - raft.server.notification.no-leader.timeout = 120s (custom)
2019-09-21 06:03:50,026 [pool-449-thread-1] INFO  server.RaftServerConfigKeys (ConfUtils.java:logGet(43)) - raft.server.log.purge.gap = 1000000 (custom)
2019-09-21 06:03:50,025 [pool-459-thread-1] INFO  server.RaftServerConfigKeys (ConfUtils.java:logGet(43)) - raft.server.notification.no-leader.timeout = 120s (custom)
2019-09-21 06:03:50,026 [pool-449-thread-1] INFO  server.RaftServerConfigKeys (ConfUtils.java:logGet(43)) - raft.server.log.appender.buffer.byte-limit = 33554432 (custom)
2019-09-21 06:03:50,026 [pool-409-thread-1] INFO  server.RaftServerConfigKeys (ConfUtils.java:logGet(43)) - raft.server.log.use.memory = false (default)
2019-09-21 06:03:50,026 [pool-449-thread-1] INFO  server.RaftServerConfigKeys (ConfUtils.java:logGet(43)) - raft.server.log.segment.size.max = 1048576 (custom)
2019-09-21 06:03:50,026 [pool-459-thread-1] INFO  server.RaftServerConfigKeys (ConfUtils.java:logGet(43)) - raft.server.log.use.memory = false (default)
2019-09-21 06:03:50,027 [pool-449-thread-1] INFO  server.RaftServerConfigKeys (ConfUtils.java:logGet(43)) - raft.server.log.segment.cache.num.max = 2 (custom)
2019-09-21 06:03:50,026 [pool-409-thread-1] INFO  server.RaftServerConfigKeys (ConfUtils.java:logGet(43)) - raft.server.log.purge.gap = 1000000 (custom)
2019-09-21 06:03:50,027 [pool-449-thread-1] INFO  segmented.SegmentedRaftLogWorker (SegmentedRaftLogWorker.java:<init>(172)) - new 99900494-266b-42a4-93d7-8c51c8bb3acf@group-EE668F731C0C-SegmentedRaftLogWorker for RaftStorage:Storage Directory /workdir/hadoop-ozone/integration-test/target/test-dir/MiniOzoneClusterImpl-4a7d2b0f-1947-4f54-9952-6ed79e26d9e2/datanode-4/data/ratis/98c4ef78-078c-41f6-afb0-ee668f731c0c
2019-09-21 06:03:50,027 [pool-459-thread-1] INFO  server.RaftServerConfigKeys (ConfUtils.java:logGet(43)) - raft.server.log.purge.gap = 1000000 (custom)
2019-09-21 06:03:50,027 [pool-449-thread-1] INFO  server.RaftServerConfigKeys (ConfUtils.java:logGet(43)) - raft.server.log.queue.byte-limit = 2147483647 (custom)
2019-09-21 06:03:50,027 [pool-449-thread-1] INFO  server.RaftServerConfigKeys (ConfUtils.java:logGet(43)) - raft.server.log.queue.element-limit = 1024 (custom)
2019-09-21 06:03:50,027 [pool-409-thread-1] INFO  server.RaftServerConfigKeys (ConfUtils.java:logGet(43)) - raft.server.log.appender.buffer.byte-limit = 33554432 (custom)
2019-09-21 06:03:50,028 [pool-449-thread-1] INFO  server.RaftServerConfigKeys (ConfUtils.java:logGet(43)) - raft.server.log.segment.size.max = 1048576 (custom)
2019-09-21 06:03:50,028 [pool-449-thread-1] INFO  server.RaftServerConfigKeys (ConfUtils.java:logGet(43)) - raft.server.log.preallocated.size = 16384 (custom)
2019-09-21 06:03:50,027 [pool-459-thread-1] INFO  server.RaftServerConfigKeys (ConfUtils.java:logGet(43)) - raft.server.log.appender.buffer.byte-limit = 33554432 (custom)
2019-09-21 06:03:50,028 [pool-449-thread-1] INFO  server.RaftServerConfigKeys (ConfUtils.java:logGet(43)) - raft.server.log.write.buffer.size = 33554432 (custom)
2019-09-21 06:03:50,029 [pool-449-thread-1] INFO  server.RaftServerConfigKeys (ConfUtils.java:logGet(43)) - raft.server.log.force.sync.num = 128 (default)
2019-09-21 06:03:50,028 [pool-409-thread-1] INFO  server.RaftServerConfigKeys (ConfUtils.java:logGet(43)) - raft.server.log.segment.size.max = 1048576 (custom)
2019-09-21 06:03:50,029 [pool-449-thread-1] INFO  server.RaftServerConfigKeys (ConfUtils.java:logGet(43)) - raft.server.log.statemachine.data.sync = true (default)
2019-09-21 06:03:50,028 [pool-459-thread-1] INFO  server.RaftServerConfigKeys (ConfUtils.java:logGet(43)) - raft.server.log.segment.size.max = 1048576 (custom)
2019-09-21 06:03:50,029 [pool-449-thread-1] INFO  server.RaftServerConfigKeys (ConfUtils.java:logGet(43)) - raft.server.log.statemachine.data.sync.timeout = 10s (default)
2019-09-21 06:03:50,029 [pool-409-thread-1] INFO  server.RaftServerConfigKeys (ConfUtils.java:logGet(43)) - raft.server.log.segment.cache.num.max = 2 (custom)
2019-09-21 06:03:50,029 [pool-449-thread-1] INFO  server.RaftServerConfigKeys (ConfUtils.java:logGet(43)) - raft.server.log.statemachine.data.sync.timeout.retry = -1 (default)
2019-09-21 06:03:50,029 [pool-459-thread-1] INFO  server.RaftServerConfigKeys (ConfUtils.java:logGet(43)) - raft.server.log.segment.cache.num.max = 2 (custom)
2019-09-21 06:03:50,030 [pool-449-thread-1] INFO  server.RaftServerConfigKeys (ConfUtils.java:logGet(43)) - raft.server.log.statemachine.data.caching.enabled = true (custom)
2019-09-21 06:03:50,029 [pool-409-thread-1] INFO  segmented.SegmentedRaftLogWorker (SegmentedRaftLogWorker.java:<init>(172)) - new c247419f-afa0-485d-9404-7d7331c991d0@group-EE668F731C0C-SegmentedRaftLogWorker for RaftStorage:Storage Directory /workdir/hadoop-ozone/integration-test/target/test-dir/MiniOzoneClusterImpl-4a7d2b0f-1947-4f54-9952-6ed79e26d9e2/datanode-0/data/ratis/98c4ef78-078c-41f6-afb0-ee668f731c0c
2019-09-21 06:03:50,030 [pool-459-thread-1] INFO  segmented.SegmentedRaftLogWorker (SegmentedRaftLogWorker.java:<init>(172)) - new 21b94872-2e85-4ccf-8aec-b3b8618cb6a0@group-EE668F731C0C-SegmentedRaftLogWorker for RaftStorage:Storage Directory /workdir/hadoop-ozone/integration-test/target/test-dir/MiniOzoneClusterImpl-4a7d2b0f-1947-4f54-9952-6ed79e26d9e2/datanode-5/data/ratis/98c4ef78-078c-41f6-afb0-ee668f731c0c
2019-09-21 06:03:50,030 [pool-409-thread-1] INFO  server.RaftServerConfigKeys (ConfUtils.java:logGet(43)) - raft.server.log.queue.byte-limit = 2147483647 (custom)
2019-09-21 06:03:50,030 [pool-449-thread-1] INFO  segmented.SegmentedRaftLogWorker (SegmentedRaftLogWorker.java:lambda$new$0(132)) - 99900494-266b-42a4-93d7-8c51c8bb3acf@group-EE668F731C0C-SegmentedRaftLogWorker: flushIndex: setUnconditionally 0 -> -1
2019-09-21 06:03:50,030 [pool-409-thread-1] INFO  server.RaftServerConfigKeys (ConfUtils.java:logGet(43)) - raft.server.log.queue.element-limit = 1024 (custom)
2019-09-21 06:03:50,030 [pool-459-thread-1] INFO  server.RaftServerConfigKeys (ConfUtils.java:logGet(43)) - raft.server.log.queue.byte-limit = 2147483647 (custom)
2019-09-21 06:03:50,031 [pool-409-thread-1] INFO  server.RaftServerConfigKeys (ConfUtils.java:logGet(43)) - raft.server.log.segment.size.max = 1048576 (custom)
2019-09-21 06:03:50,031 [pool-449-thread-1] INFO  server.RaftServerConfigKeys (ConfUtils.java:logGet(43)) - raft.server.snapshot.auto.trigger.enabled = true (custom)
2019-09-21 06:03:50,031 [pool-459-thread-1] INFO  server.RaftServerConfigKeys (ConfUtils.java:logGet(43)) - raft.server.log.queue.element-limit = 1024 (custom)
2019-09-21 06:03:50,031 [pool-449-thread-1] INFO  server.RaftServerConfigKeys (ConfUtils.java:logGet(43)) - raft.server.snapshot.auto.trigger.threshold = 10000 (custom)
2019-09-21 06:03:50,031 [pool-409-thread-1] INFO  server.RaftServerConfigKeys (ConfUtils.java:logGet(43)) - raft.server.log.preallocated.size = 16384 (custom)
2019-09-21 06:03:50,031 [pool-449-thread-1] INFO  server.RaftServerConfigKeys (ConfUtils.java:logGet(43)) - raft.server.snapshot.retention.num.files = 5 (custom)
2019-09-21 06:03:50,031 [pool-459-thread-1] INFO  server.RaftServerConfigKeys (ConfUtils.java:logGet(43)) - raft.server.log.segment.size.max = 1048576 (custom)
2019-09-21 06:03:50,032 [pool-449-thread-1] INFO  server.RaftServerConfigKeys (ConfUtils.java:logGet(43)) - raft.server.retrycache.expirytime = 600000ms (custom)
2019-09-21 06:03:50,031 [pool-409-thread-1] INFO  server.RaftServerConfigKeys (ConfUtils.java:logGet(43)) - raft.server.log.write.buffer.size = 33554432 (custom)
2019-09-21 06:03:50,032 [pool-459-thread-1] INFO  server.RaftServerConfigKeys (ConfUtils.java:logGet(43)) - raft.server.log.preallocated.size = 16384 (custom)
2019-09-21 06:03:50,032 [pool-409-thread-1] INFO  server.RaftServerConfigKeys (ConfUtils.java:logGet(43)) - raft.server.log.force.sync.num = 128 (default)
2019-09-21 06:03:50,032 [pool-459-thread-1] INFO  server.RaftServerConfigKeys (ConfUtils.java:logGet(43)) - raft.server.log.write.buffer.size = 33554432 (custom)
2019-09-21 06:03:50,032 [pool-409-thread-1] INFO  server.RaftServerConfigKeys (ConfUtils.java:logGet(43)) - raft.server.log.statemachine.data.sync = true (default)
2019-09-21 06:03:50,032 [pool-459-thread-1] INFO  server.RaftServerConfigKeys (ConfUtils.java:logGet(43)) - raft.server.log.force.sync.num = 128 (default)
2019-09-21 06:03:50,032 [pool-409-thread-1] INFO  server.RaftServerConfigKeys (ConfUtils.java:logGet(43)) - raft.server.log.statemachine.data.sync.timeout = 10s (default)
2019-09-21 06:03:50,033 [pool-459-thread-1] INFO  server.RaftServerConfigKeys (ConfUtils.java:logGet(43)) - raft.server.log.statemachine.data.sync = true (default)
2019-09-21 06:03:50,033 [pool-409-thread-1] INFO  server.RaftServerConfigKeys (ConfUtils.java:logGet(43)) - raft.server.log.statemachine.data.sync.timeout.retry = -1 (default)
2019-09-21 06:03:50,033 [pool-459-thread-1] INFO  server.RaftServerConfigKeys (ConfUtils.java:logGet(43)) - raft.server.log.statemachine.data.sync.timeout = 10s (default)
2019-09-21 06:03:50,033 [pool-409-thread-1] INFO  server.RaftServerConfigKeys (ConfUtils.java:logGet(43)) - raft.server.log.statemachine.data.caching.enabled = true (custom)
2019-09-21 06:03:50,033 [pool-459-thread-1] INFO  server.RaftServerConfigKeys (ConfUtils.java:logGet(43)) - raft.server.log.statemachine.data.sync.timeout.retry = -1 (default)
2019-09-21 06:03:50,033 [pool-409-thread-1] INFO  segmented.SegmentedRaftLogWorker (SegmentedRaftLogWorker.java:lambda$new$0(132)) - c247419f-afa0-485d-9404-7d7331c991d0@group-EE668F731C0C-SegmentedRaftLogWorker: flushIndex: setUnconditionally 0 -> -1
2019-09-21 06:03:50,033 [pool-459-thread-1] INFO  server.RaftServerConfigKeys (ConfUtils.java:logGet(43)) - raft.server.log.statemachine.data.caching.enabled = true (custom)
2019-09-21 06:03:50,033 [pool-409-thread-1] INFO  server.RaftServerConfigKeys (ConfUtils.java:logGet(43)) - raft.server.snapshot.auto.trigger.enabled = true (custom)
2019-09-21 06:03:50,034 [pool-459-thread-1] INFO  segmented.SegmentedRaftLogWorker (SegmentedRaftLogWorker.java:lambda$new$0(132)) - 21b94872-2e85-4ccf-8aec-b3b8618cb6a0@group-EE668F731C0C-SegmentedRaftLogWorker: flushIndex: setUnconditionally 0 -> -1
2019-09-21 06:03:50,034 [pool-409-thread-1] INFO  server.RaftServerConfigKeys (ConfUtils.java:logGet(43)) - raft.server.snapshot.auto.trigger.threshold = 10000 (custom)
2019-09-21 06:03:50,034 [pool-409-thread-1] INFO  server.RaftServerConfigKeys (ConfUtils.java:logGet(43)) - raft.server.snapshot.retention.num.files = 5 (custom)
2019-09-21 06:03:50,034 [pool-459-thread-1] INFO  server.RaftServerConfigKeys (ConfUtils.java:logGet(43)) - raft.server.snapshot.auto.trigger.enabled = true (custom)
2019-09-21 06:03:50,034 [pool-409-thread-1] INFO  server.RaftServerConfigKeys (ConfUtils.java:logGet(43)) - raft.server.retrycache.expirytime = 600000ms (custom)
2019-09-21 06:03:50,034 [pool-459-thread-1] INFO  server.RaftServerConfigKeys (ConfUtils.java:logGet(43)) - raft.server.snapshot.auto.trigger.threshold = 10000 (custom)
2019-09-21 06:03:50,034 [pool-449-thread-1] INFO  impl.RaftServerImpl (RaftServerImpl.java:start(185)) - 99900494-266b-42a4-93d7-8c51c8bb3acf@group-EE668F731C0C: start as a follower, conf=-1: [21b94872-2e85-4ccf-8aec-b3b8618cb6a0:192.168.34.39:43596, c247419f-afa0-485d-9404-7d7331c991d0:192.168.34.39:37933, 99900494-266b-42a4-93d7-8c51c8bb3acf:192.168.34.39:41442], old=null
2019-09-21 06:03:50,034 [pool-459-thread-1] INFO  server.RaftServerConfigKeys (ConfUtils.java:logGet(43)) - raft.server.snapshot.retention.num.files = 5 (custom)
2019-09-21 06:03:50,034 [pool-449-thread-1] INFO  impl.RaftServerImpl (RaftServerImpl.java:setRole(174)) - 99900494-266b-42a4-93d7-8c51c8bb3acf@group-EE668F731C0C: changes role from      null to FOLLOWER at term 0 for startAsFollower
2019-09-21 06:03:50,035 [pool-459-thread-1] INFO  server.RaftServerConfigKeys (ConfUtils.java:logGet(43)) - raft.server.retrycache.expirytime = 600000ms (custom)
2019-09-21 06:03:50,035 [pool-449-thread-1] INFO  impl.RoleInfo (RoleInfo.java:updateAndGet(143)) - 99900494-266b-42a4-93d7-8c51c8bb3acf: start FollowerState
2019-09-21 06:03:50,035 [pool-449-thread-1] INFO  util.JmxRegister (JmxRegister.java:tryRegister(44)) - Successfully registered JMX Bean with object name Ratis:service=RaftServer,group=group-EE668F731C0C,id=99900494-266b-42a4-93d7-8c51c8bb3acf
2019-09-21 06:03:50,035 [pool-409-thread-1] INFO  impl.RaftServerImpl (RaftServerImpl.java:start(185)) - c247419f-afa0-485d-9404-7d7331c991d0@group-EE668F731C0C: start as a follower, conf=-1: [21b94872-2e85-4ccf-8aec-b3b8618cb6a0:192.168.34.39:43596, c247419f-afa0-485d-9404-7d7331c991d0:192.168.34.39:37933, 99900494-266b-42a4-93d7-8c51c8bb3acf:192.168.34.39:41442], old=null
2019-09-21 06:03:50,036 [pool-409-thread-1] INFO  impl.RaftServerImpl (RaftServerImpl.java:setRole(174)) - c247419f-afa0-485d-9404-7d7331c991d0@group-EE668F731C0C: changes role from      null to FOLLOWER at term 0 for startAsFollower
2019-09-21 06:03:50,036 [pool-409-thread-1] INFO  impl.RoleInfo (RoleInfo.java:updateAndGet(143)) - c247419f-afa0-485d-9404-7d7331c991d0: start FollowerState
2019-09-21 06:03:50,036 [pool-409-thread-1] INFO  util.JmxRegister (JmxRegister.java:tryRegister(44)) - Successfully registered JMX Bean with object name Ratis:service=RaftServer,group=group-EE668F731C0C,id=c247419f-afa0-485d-9404-7d7331c991d0
2019-09-21 06:03:50,040 [pool-459-thread-1] INFO  impl.RaftServerImpl (RaftServerImpl.java:start(185)) - 21b94872-2e85-4ccf-8aec-b3b8618cb6a0@group-EE668F731C0C: start as a follower, conf=-1: [21b94872-2e85-4ccf-8aec-b3b8618cb6a0:192.168.34.39:43596, c247419f-afa0-485d-9404-7d7331c991d0:192.168.34.39:37933, 99900494-266b-42a4-93d7-8c51c8bb3acf:192.168.34.39:41442], old=null
2019-09-21 06:03:50,042 [pool-459-thread-1] INFO  impl.RaftServerImpl (RaftServerImpl.java:setRole(174)) - 21b94872-2e85-4ccf-8aec-b3b8618cb6a0@group-EE668F731C0C: changes role from      null to FOLLOWER at term 0 for startAsFollower
2019-09-21 06:03:50,042 [pool-459-thread-1] INFO  impl.RoleInfo (RoleInfo.java:updateAndGet(143)) - 21b94872-2e85-4ccf-8aec-b3b8618cb6a0: start FollowerState
2019-09-21 06:03:50,042 [pool-459-thread-1] INFO  util.JmxRegister (JmxRegister.java:tryRegister(44)) - Successfully registered JMX Bean with object name Ratis:service=RaftServer,group=group-EE668F731C0C,id=21b94872-2e85-4ccf-8aec-b3b8618cb6a0
2019-09-21 06:03:50,046 [main] INFO  ozone.MiniOzoneClusterImpl (MiniOzoneClusterImpl.java:lambda$waitForClusterToBeReady$0(147)) - Cluster is ready. Got 7 of 7 DN Heartbeats.
2019-09-21 06:03:50,046 [RatisPipelineUtilsThread] INFO  pipeline.PipelineStateManager (PipelineStateManager.java:addPipeline(56)) - Created pipeline Pipeline[ Id: 98c4ef78-078c-41f6-afb0-ee668f731c0c, Nodes: 99900494-266b-42a4-93d7-8c51c8bb3acf{ip: 192.168.34.39, host: pr-hdds-2161-4k4xz-3364335222, networkLocation: /default-rack, certSerialId: null}21b94872-2e85-4ccf-8aec-b3b8618cb6a0{ip: 192.168.34.39, host: pr-hdds-2161-4k4xz-3364335222, networkLocation: /default-rack, certSerialId: null}c247419f-afa0-485d-9404-7d7331c991d0{ip: 192.168.34.39, host: pr-hdds-2161-4k4xz-3364335222, networkLocation: /default-rack, certSerialId: null}, Type:RATIS, Factor:THREE, State:OPEN]
2019-09-21 06:03:50,075 [main] INFO  rpc.RpcClient (RpcClient.java:createVolume(276)) - Creating Volume: testblockoutputstream, with jenkins1000 as owner.
2019-09-21 06:03:50,077 [IPC Server handler 1 on 41554] INFO  volume.OMVolumeCreateRequest (OMVolumeCreateRequest.java:validateAndUpdateCache(189)) - created volume:testblockoutputstream for user:jenkins1000
2019-09-21 06:03:50,089 [main] INFO  rpc.RpcClient (RpcClient.java:createBucket(415)) - Creating Bucket: testblockoutputstream/testblockoutputstream, with Versioning false and Storage Type set to DISK and Encryption set to false 
2019-09-21 06:03:51,596 [Thread-3075] INFO  container.ReplicationManager (ReplicationManager.java:start(162)) - Starting Replication Monitor Thread.
2019-09-21 06:03:51,600 [ReplicationMonitor] INFO  container.ReplicationManager (ReplicationManager.java:run(225)) - Replication Monitor Thread took 0 milliseconds for processing 1 containers.
2019-09-21 06:03:53,932 [Thread-3077] INFO  impl.FollowerState (FollowerState.java:run(106)) - c247419f-afa0-485d-9404-7d7331c991d0:group-589540145737 changes to CANDIDATE, lastRpcTime:5186, electionTimeout:5186ms
2019-09-21 06:03:53,933 [Thread-3077] INFO  impl.RoleInfo (RoleInfo.java:shutdownFollowerState(121)) - c247419f-afa0-485d-9404-7d7331c991d0: shutdown FollowerState
2019-09-21 06:03:53,933 [Thread-3077] INFO  impl.RaftServerImpl (RaftServerImpl.java:setRole(174)) - c247419f-afa0-485d-9404-7d7331c991d0@group-589540145737: changes role from  FOLLOWER to CANDIDATE at term 0 for changeToCandidate
2019-09-21 06:03:53,933 [Thread-3077] INFO  impl.RoleInfo (RoleInfo.java:updateAndGet(143)) - c247419f-afa0-485d-9404-7d7331c991d0: start LeaderElection
2019-09-21 06:03:53,959 [Thread-3080] INFO  impl.FollowerState (FollowerState.java:run(106)) - 18511a75-35dd-49ad-87cd-807a6cfd33df:group-B7BF0A3036F1 changes to CANDIDATE, lastRpcTime:5065, electionTimeout:5065ms
2019-09-21 06:03:53,959 [Thread-3080] INFO  impl.RoleInfo (RoleInfo.java:shutdownFollowerState(121)) - 18511a75-35dd-49ad-87cd-807a6cfd33df: shutdown FollowerState
2019-09-21 06:03:53,959 [Thread-3080] INFO  impl.RaftServerImpl (RaftServerImpl.java:setRole(174)) - 18511a75-35dd-49ad-87cd-807a6cfd33df@group-B7BF0A3036F1: changes role from  FOLLOWER to CANDIDATE at term 0 for changeToCandidate
2019-09-21 06:03:53,959 [Thread-3080] INFO  impl.RoleInfo (RoleInfo.java:updateAndGet(143)) - 18511a75-35dd-49ad-87cd-807a6cfd33df: start LeaderElection
2019-09-21 06:03:54,013 [18511a75-35dd-49ad-87cd-807a6cfd33df@group-B7BF0A3036F1:LeaderElection74] INFO  impl.LeaderElection (LeaderElection.java:askForVotes(182)) - 18511a75-35dd-49ad-87cd-807a6cfd33df@group-B7BF0A3036F1:LeaderElection74: begin an election at term 1 for -1: [18511a75-35dd-49ad-87cd-807a6cfd33df:192.168.34.39:46500], old=null
2019-09-21 06:03:54,013 [c247419f-afa0-485d-9404-7d7331c991d0@group-589540145737:LeaderElection73] INFO  impl.LeaderElection (LeaderElection.java:askForVotes(182)) - c247419f-afa0-485d-9404-7d7331c991d0@group-589540145737:LeaderElection73: begin an election at term 1 for -1: [c247419f-afa0-485d-9404-7d7331c991d0:192.168.34.39:37933], old=null
2019-09-21 06:03:54,014 [18511a75-35dd-49ad-87cd-807a6cfd33df@group-B7BF0A3036F1:LeaderElection74] INFO  impl.RoleInfo (RoleInfo.java:shutdownLeaderElection(134)) - 18511a75-35dd-49ad-87cd-807a6cfd33df: shutdown LeaderElection
2019-09-21 06:03:54,014 [c247419f-afa0-485d-9404-7d7331c991d0@group-589540145737:LeaderElection73] INFO  impl.RoleInfo (RoleInfo.java:shutdownLeaderElection(134)) - c247419f-afa0-485d-9404-7d7331c991d0: shutdown LeaderElection
2019-09-21 06:03:54,014 [18511a75-35dd-49ad-87cd-807a6cfd33df@group-B7BF0A3036F1:LeaderElection74] INFO  impl.RaftServerImpl (RaftServerImpl.java:setRole(174)) - 18511a75-35dd-49ad-87cd-807a6cfd33df@group-B7BF0A3036F1: changes role from CANDIDATE to LEADER at term 1 for changeToLeader
2019-09-21 06:03:54,014 [c247419f-afa0-485d-9404-7d7331c991d0@group-589540145737:LeaderElection73] INFO  impl.RaftServerImpl (RaftServerImpl.java:setRole(174)) - c247419f-afa0-485d-9404-7d7331c991d0@group-589540145737: changes role from CANDIDATE to LEADER at term 1 for changeToLeader
2019-09-21 06:03:54,014 [18511a75-35dd-49ad-87cd-807a6cfd33df@group-B7BF0A3036F1:LeaderElection74] INFO  impl.RaftServerImpl (ServerState.java:setLeader(253)) - 18511a75-35dd-49ad-87cd-807a6cfd33df@group-B7BF0A3036F1: change Leader from null to 18511a75-35dd-49ad-87cd-807a6cfd33df at term 1 for becomeLeader, leader elected after 5131ms
2019-09-21 06:03:54,014 [18511a75-35dd-49ad-87cd-807a6cfd33df@group-B7BF0A3036F1:LeaderElection74] INFO  server.RaftServerConfigKeys (ConfUtils.java:logGet(43)) - raft.server.staging.catchup.gap = 1000 (default)
2019-09-21 06:03:54,014 [c247419f-afa0-485d-9404-7d7331c991d0@group-589540145737:LeaderElection73] INFO  impl.RaftServerImpl (ServerState.java:setLeader(253)) - c247419f-afa0-485d-9404-7d7331c991d0@group-589540145737: change Leader from null to c247419f-afa0-485d-9404-7d7331c991d0 at term 1 for becomeLeader, leader elected after 5277ms
2019-09-21 06:03:54,015 [18511a75-35dd-49ad-87cd-807a6cfd33df@group-B7BF0A3036F1:LeaderElection74] INFO  server.RaftServerConfigKeys (ConfUtils.java:logGet(43)) - raft.server.rpc.sleep.time = 25ms (default)
2019-09-21 06:03:54,015 [c247419f-afa0-485d-9404-7d7331c991d0@group-589540145737:LeaderElection73] INFO  server.RaftServerConfigKeys (ConfUtils.java:logGet(43)) - raft.server.staging.catchup.gap = 1000 (default)
2019-09-21 06:03:54,015 [18511a75-35dd-49ad-87cd-807a6cfd33df@group-B7BF0A3036F1:LeaderElection74] INFO  server.RaftServerConfigKeys (ConfUtils.java:logGet(43)) - raft.server.write.element-limit = 4096 (default)
2019-09-21 06:03:54,015 [c247419f-afa0-485d-9404-7d7331c991d0@group-589540145737:LeaderElection73] INFO  server.RaftServerConfigKeys (ConfUtils.java:logGet(43)) - raft.server.rpc.sleep.time = 25ms (default)
2019-09-21 06:03:54,015 [18511a75-35dd-49ad-87cd-807a6cfd33df@group-B7BF0A3036F1:LeaderElection74] INFO  server.RaftServerConfigKeys (ConfUtils.java:logGet(43)) - raft.server.watch.timeout = 10s (default)
2019-09-21 06:03:54,015 [c247419f-afa0-485d-9404-7d7331c991d0@group-589540145737:LeaderElection73] INFO  server.RaftServerConfigKeys (ConfUtils.java:logGet(43)) - raft.server.write.element-limit = 4096 (default)
2019-09-21 06:03:54,015 [18511a75-35dd-49ad-87cd-807a6cfd33df@group-B7BF0A3036F1:LeaderElection74] INFO  server.RaftServerConfigKeys (ConfUtils.java:logGet(43)) - raft.server.watch.timeout.denomination = 1s (default)
2019-09-21 06:03:54,015 [c247419f-afa0-485d-9404-7d7331c991d0@group-589540145737:LeaderElection73] INFO  server.RaftServerConfigKeys (ConfUtils.java:logGet(43)) - raft.server.watch.timeout = 10s (default)
2019-09-21 06:03:54,016 [18511a75-35dd-49ad-87cd-807a6cfd33df@group-B7BF0A3036F1:LeaderElection74] INFO  server.RaftServerConfigKeys (ConfUtils.java:logGet(43)) - raft.server.watch.element-limit = 65536 (default)
2019-09-21 06:03:54,016 [c247419f-afa0-485d-9404-7d7331c991d0@group-589540145737:LeaderElection73] INFO  server.RaftServerConfigKeys (ConfUtils.java:logGet(43)) - raft.server.watch.timeout.denomination = 1s (default)
2019-09-21 06:03:54,016 [c247419f-afa0-485d-9404-7d7331c991d0@group-589540145737:LeaderElection73] INFO  server.RaftServerConfigKeys (ConfUtils.java:logGet(43)) - raft.server.watch.element-limit = 65536 (default)
2019-09-21 06:03:54,018 [c247419f-afa0-485d-9404-7d7331c991d0@group-589540145737:LeaderElection73] INFO  impl.RoleInfo (RoleInfo.java:updateAndGet(143)) - c247419f-afa0-485d-9404-7d7331c991d0: start LeaderState
2019-09-21 06:03:54,018 [18511a75-35dd-49ad-87cd-807a6cfd33df@group-B7BF0A3036F1:LeaderElection74] INFO  impl.RoleInfo (RoleInfo.java:updateAndGet(143)) - 18511a75-35dd-49ad-87cd-807a6cfd33df: start LeaderState
2019-09-21 06:03:54,019 [c247419f-afa0-485d-9404-7d7331c991d0@group-589540145737:LeaderElection73] INFO  segmented.SegmentedRaftLogWorker (SegmentedRaftLogWorker.java:startLogSegment(380)) - c247419f-afa0-485d-9404-7d7331c991d0@group-589540145737-SegmentedRaftLogWorker: Starting segment from index:0
2019-09-21 06:03:54,019 [18511a75-35dd-49ad-87cd-807a6cfd33df@group-B7BF0A3036F1:LeaderElection74] INFO  segmented.SegmentedRaftLogWorker (SegmentedRaftLogWorker.java:startLogSegment(380)) - 18511a75-35dd-49ad-87cd-807a6cfd33df@group-B7BF0A3036F1-SegmentedRaftLogWorker: Starting segment from index:0
2019-09-21 06:03:54,019 [c247419f-afa0-485d-9404-7d7331c991d0@group-589540145737:LeaderElection73] INFO  impl.RaftServerImpl (ServerState.java:setRaftConf(354)) - c247419f-afa0-485d-9404-7d7331c991d0@group-589540145737: set configuration 0: [c247419f-afa0-485d-9404-7d7331c991d0:192.168.34.39:37933], old=null at 0
2019-09-21 06:03:54,019 [18511a75-35dd-49ad-87cd-807a6cfd33df@group-B7BF0A3036F1:LeaderElection74] INFO  impl.RaftServerImpl (ServerState.java:setRaftConf(354)) - 18511a75-35dd-49ad-87cd-807a6cfd33df@group-B7BF0A3036F1: set configuration 0: [18511a75-35dd-49ad-87cd-807a6cfd33df:192.168.34.39:46500], old=null at 0
2019-09-21 06:03:54,109 [18511a75-35dd-49ad-87cd-807a6cfd33df@group-B7BF0A3036F1-SegmentedRaftLogWorker] INFO  segmented.SegmentedRaftLogWorker (SegmentedRaftLogWorker.java:execute(569)) - 18511a75-35dd-49ad-87cd-807a6cfd33df@group-B7BF0A3036F1-SegmentedRaftLogWorker: created new log segment /workdir/hadoop-ozone/integration-test/target/test-dir/MiniOzoneClusterImpl-4a7d2b0f-1947-4f54-9952-6ed79e26d9e2/datanode-1/data/ratis/941a5fa0-ffc5-489d-94aa-b7bf0a3036f1/current/log_inprogress_0
2019-09-21 06:03:54,109 [c247419f-afa0-485d-9404-7d7331c991d0@group-589540145737-SegmentedRaftLogWorker] INFO  segmented.SegmentedRaftLogWorker (SegmentedRaftLogWorker.java:execute(569)) - c247419f-afa0-485d-9404-7d7331c991d0@group-589540145737-SegmentedRaftLogWorker: created new log segment /workdir/hadoop-ozone/integration-test/target/test-dir/MiniOzoneClusterImpl-4a7d2b0f-1947-4f54-9952-6ed79e26d9e2/datanode-0/data/ratis/1740c436-5c72-456a-8711-589540145737/current/log_inprogress_0
2019-09-21 06:03:54,115 [Thread-3083] INFO  impl.FollowerState (FollowerState.java:run(106)) - e0d69add-996e-49cd-bdf0-e379acbbc969:group-6098E0DB2B75 changes to CANDIDATE, lastRpcTime:5064, electionTimeout:5064ms
2019-09-21 06:03:54,115 [Thread-3083] INFO  impl.RoleInfo (RoleInfo.java:shutdownFollowerState(121)) - e0d69add-996e-49cd-bdf0-e379acbbc969: shutdown FollowerState
2019-09-21 06:03:54,115 [Thread-3083] INFO  impl.RaftServerImpl (RaftServerImpl.java:setRole(174)) - e0d69add-996e-49cd-bdf0-e379acbbc969@group-6098E0DB2B75: changes role from  FOLLOWER to CANDIDATE at term 0 for changeToCandidate
2019-09-21 06:03:54,115 [Thread-3083] INFO  impl.RoleInfo (RoleInfo.java:updateAndGet(143)) - e0d69add-996e-49cd-bdf0-e379acbbc969: start LeaderElection
2019-09-21 06:03:54,181 [e0d69add-996e-49cd-bdf0-e379acbbc969@group-6098E0DB2B75:LeaderElection75] INFO  impl.LeaderElection (LeaderElection.java:askForVotes(182)) - e0d69add-996e-49cd-bdf0-e379acbbc969@group-6098E0DB2B75:LeaderElection75: begin an election at term 1 for -1: [e0d69add-996e-49cd-bdf0-e379acbbc969:192.168.34.39:41339], old=null
2019-09-21 06:03:54,181 [e0d69add-996e-49cd-bdf0-e379acbbc969@group-6098E0DB2B75:LeaderElection75] INFO  impl.RoleInfo (RoleInfo.java:shutdownLeaderElection(134)) - e0d69add-996e-49cd-bdf0-e379acbbc969: shutdown LeaderElection
2019-09-21 06:03:54,181 [e0d69add-996e-49cd-bdf0-e379acbbc969@group-6098E0DB2B75:LeaderElection75] INFO  impl.RaftServerImpl (RaftServerImpl.java:setRole(174)) - e0d69add-996e-49cd-bdf0-e379acbbc969@group-6098E0DB2B75: changes role from CANDIDATE to LEADER at term 1 for changeToLeader
2019-09-21 06:03:54,181 [e0d69add-996e-49cd-bdf0-e379acbbc969@group-6098E0DB2B75:LeaderElection75] INFO  impl.RaftServerImpl (ServerState.java:setLeader(253)) - e0d69add-996e-49cd-bdf0-e379acbbc969@group-6098E0DB2B75: change Leader from null to e0d69add-996e-49cd-bdf0-e379acbbc969 at term 1 for becomeLeader, leader elected after 5137ms
2019-09-21 06:03:54,181 [e0d69add-996e-49cd-bdf0-e379acbbc969@group-6098E0DB2B75:LeaderElection75] INFO  server.RaftServerConfigKeys (ConfUtils.java:logGet(43)) - raft.server.staging.catchup.gap = 1000 (default)
2019-09-21 06:03:54,181 [e0d69add-996e-49cd-bdf0-e379acbbc969@group-6098E0DB2B75:LeaderElection75] INFO  server.RaftServerConfigKeys (ConfUtils.java:logGet(43)) - raft.server.rpc.sleep.time = 25ms (default)
2019-09-21 06:03:54,182 [e0d69add-996e-49cd-bdf0-e379acbbc969@group-6098E0DB2B75:LeaderElection75] INFO  server.RaftServerConfigKeys (ConfUtils.java:logGet(43)) - raft.server.write.element-limit = 4096 (default)
2019-09-21 06:03:54,182 [e0d69add-996e-49cd-bdf0-e379acbbc969@group-6098E0DB2B75:LeaderElection75] INFO  server.RaftServerConfigKeys (ConfUtils.java:logGet(43)) - raft.server.watch.timeout = 10s (default)
2019-09-21 06:03:54,182 [e0d69add-996e-49cd-bdf0-e379acbbc969@group-6098E0DB2B75:LeaderElection75] INFO  server.RaftServerConfigKeys (ConfUtils.java:logGet(43)) - raft.server.watch.timeout.denomination = 1s (default)
2019-09-21 06:03:54,182 [e0d69add-996e-49cd-bdf0-e379acbbc969@group-6098E0DB2B75:LeaderElection75] INFO  server.RaftServerConfigKeys (ConfUtils.java:logGet(43)) - raft.server.watch.element-limit = 65536 (default)
2019-09-21 06:03:54,183 [e0d69add-996e-49cd-bdf0-e379acbbc969@group-6098E0DB2B75:LeaderElection75] INFO  impl.RoleInfo (RoleInfo.java:updateAndGet(143)) - e0d69add-996e-49cd-bdf0-e379acbbc969: start LeaderState
2019-09-21 06:03:54,183 [e0d69add-996e-49cd-bdf0-e379acbbc969@group-6098E0DB2B75:LeaderElection75] INFO  segmented.SegmentedRaftLogWorker (SegmentedRaftLogWorker.java:startLogSegment(380)) - e0d69add-996e-49cd-bdf0-e379acbbc969@group-6098E0DB2B75-SegmentedRaftLogWorker: Starting segment from index:0
2019-09-21 06:03:54,183 [e0d69add-996e-49cd-bdf0-e379acbbc969@group-6098E0DB2B75:LeaderElection75] INFO  impl.RaftServerImpl (ServerState.java:setRaftConf(354)) - e0d69add-996e-49cd-bdf0-e379acbbc969@group-6098E0DB2B75: set configuration 0: [e0d69add-996e-49cd-bdf0-e379acbbc969:192.168.34.39:41339], old=null at 0
2019-09-21 06:03:54,271 [e0d69add-996e-49cd-bdf0-e379acbbc969@group-6098E0DB2B75-SegmentedRaftLogWorker] INFO  segmented.SegmentedRaftLogWorker (SegmentedRaftLogWorker.java:execute(569)) - e0d69add-996e-49cd-bdf0-e379acbbc969@group-6098E0DB2B75-SegmentedRaftLogWorker: created new log segment /workdir/hadoop-ozone/integration-test/target/test-dir/MiniOzoneClusterImpl-4a7d2b0f-1947-4f54-9952-6ed79e26d9e2/datanode-3/data/ratis/bbfdf592-00c2-49db-904e-6098e0db2b75/current/log_inprogress_0
2019-09-21 06:03:54,338 [Thread-3086] INFO  impl.FollowerState (FollowerState.java:run(106)) - 34078b08-5f46-4b2d-8468-58e281f072db:group-FD70DBBE11C3 changes to CANDIDATE, lastRpcTime:5123, electionTimeout:5123ms
2019-09-21 06:03:54,338 [Thread-3086] INFO  impl.RoleInfo (RoleInfo.java:shutdownFollowerState(121)) - 34078b08-5f46-4b2d-8468-58e281f072db: shutdown FollowerState
2019-09-21 06:03:54,338 [Thread-3086] INFO  impl.RaftServerImpl (RaftServerImpl.java:setRole(174)) - 34078b08-5f46-4b2d-8468-58e281f072db@group-FD70DBBE11C3: changes role from  FOLLOWER to CANDIDATE at term 0 for changeToCandidate
2019-09-21 06:03:54,339 [Thread-3086] INFO  impl.RoleInfo (RoleInfo.java:updateAndGet(143)) - 34078b08-5f46-4b2d-8468-58e281f072db: start LeaderElection
2019-09-21 06:03:54,396 [34078b08-5f46-4b2d-8468-58e281f072db@group-FD70DBBE11C3:LeaderElection76] INFO  impl.LeaderElection (LeaderElection.java:askForVotes(182)) - 34078b08-5f46-4b2d-8468-58e281f072db@group-FD70DBBE11C3:LeaderElection76: begin an election at term 1 for -1: [34078b08-5f46-4b2d-8468-58e281f072db:192.168.34.39:45278], old=null
2019-09-21 06:03:54,396 [34078b08-5f46-4b2d-8468-58e281f072db@group-FD70DBBE11C3:LeaderElection76] INFO  impl.RoleInfo (RoleInfo.java:shutdownLeaderElection(134)) - 34078b08-5f46-4b2d-8468-58e281f072db: shutdown LeaderElection
2019-09-21 06:03:54,396 [34078b08-5f46-4b2d-8468-58e281f072db@group-FD70DBBE11C3:LeaderElection76] INFO  impl.RaftServerImpl (RaftServerImpl.java:setRole(174)) - 34078b08-5f46-4b2d-8468-58e281f072db@group-FD70DBBE11C3: changes role from CANDIDATE to LEADER at term 1 for changeToLeader
2019-09-21 06:03:54,396 [34078b08-5f46-4b2d-8468-58e281f072db@group-FD70DBBE11C3:LeaderElection76] INFO  impl.RaftServerImpl (ServerState.java:setLeader(253)) - 34078b08-5f46-4b2d-8468-58e281f072db@group-FD70DBBE11C3: change Leader from null to 34078b08-5f46-4b2d-8468-58e281f072db at term 1 for becomeLeader, leader elected after 5187ms
2019-09-21 06:03:54,397 [34078b08-5f46-4b2d-8468-58e281f072db@group-FD70DBBE11C3:LeaderElection76] INFO  server.RaftServerConfigKeys (ConfUtils.java:logGet(43)) - raft.server.staging.catchup.gap = 1000 (default)
2019-09-21 06:03:54,397 [34078b08-5f46-4b2d-8468-58e281f072db@group-FD70DBBE11C3:LeaderElection76] INFO  server.RaftServerConfigKeys (ConfUtils.java:logGet(43)) - raft.server.rpc.sleep.time = 25ms (default)
2019-09-21 06:03:54,397 [34078b08-5f46-4b2d-8468-58e281f072db@group-FD70DBBE11C3:LeaderElection76] INFO  server.RaftServerConfigKeys (ConfUtils.java:logGet(43)) - raft.server.write.element-limit = 4096 (default)
2019-09-21 06:03:54,397 [34078b08-5f46-4b2d-8468-58e281f072db@group-FD70DBBE11C3:LeaderElection76] INFO  server.RaftServerConfigKeys (ConfUtils.java:logGet(43)) - raft.server.watch.timeout = 10s (default)
2019-09-21 06:03:54,397 [34078b08-5f46-4b2d-8468-58e281f072db@group-FD70DBBE11C3:LeaderElection76] INFO  server.RaftServerConfigKeys (ConfUtils.java:logGet(43)) - raft.server.watch.timeout.denomination = 1s (default)
2019-09-21 06:03:54,397 [34078b08-5f46-4b2d-8468-58e281f072db@group-FD70DBBE11C3:LeaderElection76] INFO  server.RaftServerConfigKeys (ConfUtils.java:logGet(43)) - raft.server.watch.element-limit = 65536 (default)
2019-09-21 06:03:54,399 [34078b08-5f46-4b2d-8468-58e281f072db@group-FD70DBBE11C3:LeaderElection76] INFO  impl.RoleInfo (RoleInfo.java:updateAndGet(143)) - 34078b08-5f46-4b2d-8468-58e281f072db: start LeaderState
2019-09-21 06:03:54,399 [34078b08-5f46-4b2d-8468-58e281f072db@group-FD70DBBE11C3:LeaderElection76] INFO  segmented.SegmentedRaftLogWorker (SegmentedRaftLogWorker.java:startLogSegment(380)) - 34078b08-5f46-4b2d-8468-58e281f072db@group-FD70DBBE11C3-SegmentedRaftLogWorker: Starting segment from index:0
2019-09-21 06:03:54,400 [34078b08-5f46-4b2d-8468-58e281f072db@group-FD70DBBE11C3:LeaderElection76] INFO  impl.RaftServerImpl (ServerState.java:setRaftConf(354)) - 34078b08-5f46-4b2d-8468-58e281f072db@group-FD70DBBE11C3: set configuration 0: [34078b08-5f46-4b2d-8468-58e281f072db:192.168.34.39:45278], old=null at 0
2019-09-21 06:03:54,440 [Thread-3089] INFO  impl.FollowerState (FollowerState.java:run(106)) - 99900494-266b-42a4-93d7-8c51c8bb3acf:group-40F65AF2F6D2 changes to CANDIDATE, lastRpcTime:5043, electionTimeout:5043ms
2019-09-21 06:03:54,440 [Thread-3089] INFO  impl.RoleInfo (RoleInfo.java:shutdownFollowerState(121)) - 99900494-266b-42a4-93d7-8c51c8bb3acf: shutdown FollowerState
2019-09-21 06:03:54,441 [Thread-3089] INFO  impl.RaftServerImpl (RaftServerImpl.java:setRole(174)) - 99900494-266b-42a4-93d7-8c51c8bb3acf@group-40F65AF2F6D2: changes role from  FOLLOWER to CANDIDATE at term 0 for changeToCandidate
2019-09-21 06:03:54,441 [Thread-3089] INFO  impl.RoleInfo (RoleInfo.java:updateAndGet(143)) - 99900494-266b-42a4-93d7-8c51c8bb3acf: start LeaderElection
2019-09-21 06:03:54,479 [34078b08-5f46-4b2d-8468-58e281f072db@group-FD70DBBE11C3-SegmentedRaftLogWorker] INFO  segmented.SegmentedRaftLogWorker (SegmentedRaftLogWorker.java:execute(569)) - 34078b08-5f46-4b2d-8468-58e281f072db@group-FD70DBBE11C3-SegmentedRaftLogWorker: created new log segment /workdir/hadoop-ozone/integration-test/target/test-dir/MiniOzoneClusterImpl-4a7d2b0f-1947-4f54-9952-6ed79e26d9e2/datanode-6/data/ratis/c2bd2970-6337-45bd-9667-fd70dbbe11c3/current/log_inprogress_0
2019-09-21 06:03:54,479 [99900494-266b-42a4-93d7-8c51c8bb3acf@group-40F65AF2F6D2:LeaderElection77] INFO  impl.LeaderElection (LeaderElection.java:askForVotes(182)) - 99900494-266b-42a4-93d7-8c51c8bb3acf@group-40F65AF2F6D2:LeaderElection77: begin an election at term 1 for -1: [99900494-266b-42a4-93d7-8c51c8bb3acf:192.168.34.39:41442], old=null
2019-09-21 06:03:54,479 [99900494-266b-42a4-93d7-8c51c8bb3acf@group-40F65AF2F6D2:LeaderElection77] INFO  impl.RoleInfo (RoleInfo.java:shutdownLeaderElection(134)) - 99900494-266b-42a4-93d7-8c51c8bb3acf: shutdown LeaderElection
2019-09-21 06:03:54,479 [99900494-266b-42a4-93d7-8c51c8bb3acf@group-40F65AF2F6D2:LeaderElection77] INFO  impl.RaftServerImpl (RaftServerImpl.java:setRole(174)) - 99900494-266b-42a4-93d7-8c51c8bb3acf@group-40F65AF2F6D2: changes role from CANDIDATE to LEADER at term 1 for changeToLeader
2019-09-21 06:03:54,479 [99900494-266b-42a4-93d7-8c51c8bb3acf@group-40F65AF2F6D2:LeaderElection77] INFO  impl.RaftServerImpl (ServerState.java:setLeader(253)) - 99900494-266b-42a4-93d7-8c51c8bb3acf@group-40F65AF2F6D2: change Leader from null to 99900494-266b-42a4-93d7-8c51c8bb3acf at term 1 for becomeLeader, leader elected after 5090ms
2019-09-21 06:03:54,479 [99900494-266b-42a4-93d7-8c51c8bb3acf@group-40F65AF2F6D2:LeaderElection77] INFO  server.RaftServerConfigKeys (ConfUtils.java:logGet(43)) - raft.server.staging.catchup.gap = 1000 (default)
2019-09-21 06:03:54,479 [99900494-266b-42a4-93d7-8c51c8bb3acf@group-40F65AF2F6D2:LeaderElection77] INFO  server.RaftServerConfigKeys (ConfUtils.java:logGet(43)) - raft.server.rpc.sleep.time = 25ms (default)
2019-09-21 06:03:54,480 [99900494-266b-42a4-93d7-8c51c8bb3acf@group-40F65AF2F6D2:LeaderElection77] INFO  server.RaftServerConfigKeys (ConfUtils.java:logGet(43)) - raft.server.write.element-limit = 4096 (default)
2019-09-21 06:03:54,480 [99900494-266b-42a4-93d7-8c51c8bb3acf@group-40F65AF2F6D2:LeaderElection77] INFO  server.RaftServerConfigKeys (ConfUtils.java:logGet(43)) - raft.server.watch.timeout = 10s (default)
2019-09-21 06:03:54,480 [99900494-266b-42a4-93d7-8c51c8bb3acf@group-40F65AF2F6D2:LeaderElection77] INFO  server.RaftServerConfigKeys (ConfUtils.java:logGet(43)) - raft.server.watch.timeout.denomination = 1s (default)
2019-09-21 06:03:54,480 [99900494-266b-42a4-93d7-8c51c8bb3acf@group-40F65AF2F6D2:LeaderElection77] INFO  server.RaftServerConfigKeys (ConfUtils.java:logGet(43)) - raft.server.watch.element-limit = 65536 (default)
2019-09-21 06:03:54,482 [99900494-266b-42a4-93d7-8c51c8bb3acf@group-40F65AF2F6D2:LeaderElection77] INFO  impl.RoleInfo (RoleInfo.java:updateAndGet(143)) - 99900494-266b-42a4-93d7-8c51c8bb3acf: start LeaderState
2019-09-21 06:03:54,482 [99900494-266b-42a4-93d7-8c51c8bb3acf@group-40F65AF2F6D2:LeaderElection77] INFO  segmented.SegmentedRaftLogWorker (SegmentedRaftLogWorker.java:startLogSegment(380)) - 99900494-266b-42a4-93d7-8c51c8bb3acf@group-40F65AF2F6D2-SegmentedRaftLogWorker: Starting segment from index:0
2019-09-21 06:03:54,483 [99900494-266b-42a4-93d7-8c51c8bb3acf@group-40F65AF2F6D2:LeaderElection77] INFO  impl.RaftServerImpl (ServerState.java:setRaftConf(354)) - 99900494-266b-42a4-93d7-8c51c8bb3acf@group-40F65AF2F6D2: set configuration 0: [99900494-266b-42a4-93d7-8c51c8bb3acf:192.168.34.39:41442], old=null at 0
2019-09-21 06:03:54,565 [99900494-266b-42a4-93d7-8c51c8bb3acf@group-40F65AF2F6D2-SegmentedRaftLogWorker] INFO  segmented.SegmentedRaftLogWorker (SegmentedRaftLogWorker.java:execute(569)) - 99900494-266b-42a4-93d7-8c51c8bb3acf@group-40F65AF2F6D2-SegmentedRaftLogWorker: created new log segment /workdir/hadoop-ozone/integration-test/target/test-dir/MiniOzoneClusterImpl-4a7d2b0f-1947-4f54-9952-6ed79e26d9e2/datanode-4/data/ratis/7692204e-b37b-44e3-9d35-40f65af2f6d2/current/log_inprogress_0
2019-09-21 06:03:54,630 [Thread-3092] INFO  impl.FollowerState (FollowerState.java:run(106)) - 21b94872-2e85-4ccf-8aec-b3b8618cb6a0:group-A9AB43D70A6D changes to CANDIDATE, lastRpcTime:5062, electionTimeout:5062ms
2019-09-21 06:03:54,630 [Thread-3092] INFO  impl.RoleInfo (RoleInfo.java:shutdownFollowerState(121)) - 21b94872-2e85-4ccf-8aec-b3b8618cb6a0: shutdown FollowerState
2019-09-21 06:03:54,630 [Thread-3092] INFO  impl.RaftServerImpl (RaftServerImpl.java:setRole(174)) - 21b94872-2e85-4ccf-8aec-b3b8618cb6a0@group-A9AB43D70A6D: changes role from  FOLLOWER to CANDIDATE at term 0 for changeToCandidate
2019-09-21 06:03:54,631 [Thread-3092] INFO  impl.RoleInfo (RoleInfo.java:updateAndGet(143)) - 21b94872-2e85-4ccf-8aec-b3b8618cb6a0: start LeaderElection
2019-09-21 06:03:54,692 [21b94872-2e85-4ccf-8aec-b3b8618cb6a0@group-A9AB43D70A6D:LeaderElection78] INFO  impl.LeaderElection (LeaderElection.java:askForVotes(182)) - 21b94872-2e85-4ccf-8aec-b3b8618cb6a0@group-A9AB43D70A6D:LeaderElection78: begin an election at term 1 for -1: [21b94872-2e85-4ccf-8aec-b3b8618cb6a0:192.168.34.39:43596], old=null
2019-09-21 06:03:54,692 [21b94872-2e85-4ccf-8aec-b3b8618cb6a0@group-A9AB43D70A6D:LeaderElection78] INFO  impl.RoleInfo (RoleInfo.java:shutdownLeaderElection(134)) - 21b94872-2e85-4ccf-8aec-b3b8618cb6a0: shutdown LeaderElection
2019-09-21 06:03:54,692 [21b94872-2e85-4ccf-8aec-b3b8618cb6a0@group-A9AB43D70A6D:LeaderElection78] INFO  impl.RaftServerImpl (RaftServerImpl.java:setRole(174)) - 21b94872-2e85-4ccf-8aec-b3b8618cb6a0@group-A9AB43D70A6D: changes role from CANDIDATE to LEADER at term 1 for changeToLeader
2019-09-21 06:03:54,692 [21b94872-2e85-4ccf-8aec-b3b8618cb6a0@group-A9AB43D70A6D:LeaderElection78] INFO  impl.RaftServerImpl (ServerState.java:setLeader(253)) - 21b94872-2e85-4ccf-8aec-b3b8618cb6a0@group-A9AB43D70A6D: change Leader from null to 21b94872-2e85-4ccf-8aec-b3b8618cb6a0 at term 1 for becomeLeader, leader elected after 5133ms
2019-09-21 06:03:54,693 [21b94872-2e85-4ccf-8aec-b3b8618cb6a0@group-A9AB43D70A6D:LeaderElection78] INFO  server.RaftServerConfigKeys (ConfUtils.java:logGet(43)) - raft.server.staging.catchup.gap = 1000 (default)
2019-09-21 06:03:54,693 [21b94872-2e85-4ccf-8aec-b3b8618cb6a0@group-A9AB43D70A6D:LeaderElection78] INFO  server.RaftServerConfigKeys (ConfUtils.java:logGet(43)) - raft.server.rpc.sleep.time = 25ms (default)
2019-09-21 06:03:54,693 [21b94872-2e85-4ccf-8aec-b3b8618cb6a0@group-A9AB43D70A6D:LeaderElection78] INFO  server.RaftServerConfigKeys (ConfUtils.java:logGet(43)) - raft.server.write.element-limit = 4096 (default)
2019-09-21 06:03:54,693 [21b94872-2e85-4ccf-8aec-b3b8618cb6a0@group-A9AB43D70A6D:LeaderElection78] INFO  server.RaftServerConfigKeys (ConfUtils.java:logGet(43)) - raft.server.watch.timeout = 10s (default)
2019-09-21 06:03:54,693 [21b94872-2e85-4ccf-8aec-b3b8618cb6a0@group-A9AB43D70A6D:LeaderElection78] INFO  server.RaftServerConfigKeys (ConfUtils.java:logGet(43)) - raft.server.watch.timeout.denomination = 1s (default)
2019-09-21 06:03:54,693 [21b94872-2e85-4ccf-8aec-b3b8618cb6a0@group-A9AB43D70A6D:LeaderElection78] INFO  server.RaftServerConfigKeys (ConfUtils.java:logGet(43)) - raft.server.watch.element-limit = 65536 (default)
2019-09-21 06:03:54,695 [21b94872-2e85-4ccf-8aec-b3b8618cb6a0@group-A9AB43D70A6D:LeaderElection78] INFO  impl.RoleInfo (RoleInfo.java:updateAndGet(143)) - 21b94872-2e85-4ccf-8aec-b3b8618cb6a0: start LeaderState
2019-09-21 06:03:54,695 [21b94872-2e85-4ccf-8aec-b3b8618cb6a0@group-A9AB43D70A6D:LeaderElection78] INFO  segmented.SegmentedRaftLogWorker (SegmentedRaftLogWorker.java:startLogSegment(380)) - 21b94872-2e85-4ccf-8aec-b3b8618cb6a0@group-A9AB43D70A6D-SegmentedRaftLogWorker: Starting segment from index:0
2019-09-21 06:03:54,696 [21b94872-2e85-4ccf-8aec-b3b8618cb6a0@group-A9AB43D70A6D:LeaderElection78] INFO  impl.RaftServerImpl (ServerState.java:setRaftConf(354)) - 21b94872-2e85-4ccf-8aec-b3b8618cb6a0@group-A9AB43D70A6D: set configuration 0: [21b94872-2e85-4ccf-8aec-b3b8618cb6a0:192.168.34.39:43596], old=null at 0
2019-09-21 06:03:54,769 [21b94872-2e85-4ccf-8aec-b3b8618cb6a0@group-A9AB43D70A6D-SegmentedRaftLogWorker] INFO  segmented.SegmentedRaftLogWorker (SegmentedRaftLogWorker.java:execute(569)) - 21b94872-2e85-4ccf-8aec-b3b8618cb6a0@group-A9AB43D70A6D-SegmentedRaftLogWorker: created new log segment /workdir/hadoop-ozone/integration-test/target/test-dir/MiniOzoneClusterImpl-4a7d2b0f-1947-4f54-9952-6ed79e26d9e2/datanode-5/data/ratis/f0d5e13c-778a-4b80-bd70-a9ab43d70a6d/current/log_inprogress_0
2019-09-21 06:03:54,793 [Thread-3095] INFO  impl.FollowerState (FollowerState.java:run(106)) - 59a1cc74-b9a1-4fd5-a7da-2902dfa6c4f0:group-B09E14678557 changes to CANDIDATE, lastRpcTime:5062, electionTimeout:5062ms
2019-09-21 06:03:54,793 [Thread-3095] INFO  impl.RoleInfo (RoleInfo.java:shutdownFollowerState(121)) - 59a1cc74-b9a1-4fd5-a7da-2902dfa6c4f0: shutdown FollowerState
2019-09-21 06:03:54,794 [Thread-3095] INFO  impl.RaftServerImpl (RaftServerImpl.java:setRole(174)) - 59a1cc74-b9a1-4fd5-a7da-2902dfa6c4f0@group-B09E14678557: changes role from  FOLLOWER to CANDIDATE at term 0 for changeToCandidate
2019-09-21 06:03:54,794 [Thread-3095] INFO  impl.RoleInfo (RoleInfo.java:updateAndGet(143)) - 59a1cc74-b9a1-4fd5-a7da-2902dfa6c4f0: start LeaderElection
2019-09-21 06:03:54,868 [59a1cc74-b9a1-4fd5-a7da-2902dfa6c4f0@group-B09E14678557:LeaderElection79] INFO  impl.LeaderElection (LeaderElection.java:askForVotes(182)) - 59a1cc74-b9a1-4fd5-a7da-2902dfa6c4f0@group-B09E14678557:LeaderElection79: begin an election at term 1 for -1: [59a1cc74-b9a1-4fd5-a7da-2902dfa6c4f0:192.168.34.39:34307], old=null
2019-09-21 06:03:54,868 [59a1cc74-b9a1-4fd5-a7da-2902dfa6c4f0@group-B09E14678557:LeaderElection79] INFO  impl.RoleInfo (RoleInfo.java:shutdownLeaderElection(134)) - 59a1cc74-b9a1-4fd5-a7da-2902dfa6c4f0: shutdown LeaderElection
2019-09-21 06:03:54,868 [59a1cc74-b9a1-4fd5-a7da-2902dfa6c4f0@group-B09E14678557:LeaderElection79] INFO  impl.RaftServerImpl (RaftServerImpl.java:setRole(174)) - 59a1cc74-b9a1-4fd5-a7da-2902dfa6c4f0@group-B09E14678557: changes role from CANDIDATE to LEADER at term 1 for changeToLeader
2019-09-21 06:03:54,868 [59a1cc74-b9a1-4fd5-a7da-2902dfa6c4f0@group-B09E14678557:LeaderElection79] INFO  impl.RaftServerImpl (ServerState.java:setLeader(253)) - 59a1cc74-b9a1-4fd5-a7da-2902dfa6c4f0@group-B09E14678557: change Leader from null to 59a1cc74-b9a1-4fd5-a7da-2902dfa6c4f0 at term 1 for becomeLeader, leader elected after 5145ms
2019-09-21 06:03:54,869 [59a1cc74-b9a1-4fd5-a7da-2902dfa6c4f0@group-B09E14678557:LeaderElection79] INFO  server.RaftServerConfigKeys (ConfUtils.java:logGet(43)) - raft.server.staging.catchup.gap = 1000 (default)
2019-09-21 06:03:54,869 [59a1cc74-b9a1-4fd5-a7da-2902dfa6c4f0@group-B09E14678557:LeaderElection79] INFO  server.RaftServerConfigKeys (ConfUtils.java:logGet(43)) - raft.server.rpc.sleep.time = 25ms (default)
2019-09-21 06:03:54,869 [59a1cc74-b9a1-4fd5-a7da-2902dfa6c4f0@group-B09E14678557:LeaderElection79] INFO  server.RaftServerConfigKeys (ConfUtils.java:logGet(43)) - raft.server.write.element-limit = 4096 (default)
2019-09-21 06:03:54,869 [59a1cc74-b9a1-4fd5-a7da-2902dfa6c4f0@group-B09E14678557:LeaderElection79] INFO  server.RaftServerConfigKeys (ConfUtils.java:logGet(43)) - raft.server.watch.timeout = 10s (default)
2019-09-21 06:03:54,869 [59a1cc74-b9a1-4fd5-a7da-2902dfa6c4f0@group-B09E14678557:LeaderElection79] INFO  server.RaftServerConfigKeys (ConfUtils.java:logGet(43)) - raft.server.watch.timeout.denomination = 1s (default)
2019-09-21 06:03:54,869 [59a1cc74-b9a1-4fd5-a7da-2902dfa6c4f0@group-B09E14678557:LeaderElection79] INFO  server.RaftServerConfigKeys (ConfUtils.java:logGet(43)) - raft.server.watch.element-limit = 65536 (default)
2019-09-21 06:03:54,871 [59a1cc74-b9a1-4fd5-a7da-2902dfa6c4f0@group-B09E14678557:LeaderElection79] INFO  impl.RoleInfo (RoleInfo.java:updateAndGet(143)) - 59a1cc74-b9a1-4fd5-a7da-2902dfa6c4f0: start LeaderState
2019-09-21 06:03:54,871 [59a1cc74-b9a1-4fd5-a7da-2902dfa6c4f0@group-B09E14678557:LeaderElection79] INFO  segmented.SegmentedRaftLogWorker (SegmentedRaftLogWorker.java:startLogSegment(380)) - 59a1cc74-b9a1-4fd5-a7da-2902dfa6c4f0@group-B09E14678557-SegmentedRaftLogWorker: Starting segment from index:0
2019-09-21 06:03:54,872 [59a1cc74-b9a1-4fd5-a7da-2902dfa6c4f0@group-B09E14678557:LeaderElection79] INFO  impl.RaftServerImpl (ServerState.java:setRaftConf(354)) - 59a1cc74-b9a1-4fd5-a7da-2902dfa6c4f0@group-B09E14678557: set configuration 0: [59a1cc74-b9a1-4fd5-a7da-2902dfa6c4f0:192.168.34.39:34307], old=null at 0
2019-09-21 06:03:54,912 [Thread-3102] INFO  impl.FollowerState (FollowerState.java:run(106)) - 18511a75-35dd-49ad-87cd-807a6cfd33df:group-A41AE92E431E changes to CANDIDATE, lastRpcTime:5028, electionTimeout:5006ms
2019-09-21 06:03:54,912 [Thread-3102] INFO  impl.RoleInfo (RoleInfo.java:shutdownFollowerState(121)) - 18511a75-35dd-49ad-87cd-807a6cfd33df: shutdown FollowerState
2019-09-21 06:03:54,912 [Thread-3102] INFO  impl.RaftServerImpl (RaftServerImpl.java:setRole(174)) - 18511a75-35dd-49ad-87cd-807a6cfd33df@group-A41AE92E431E: changes role from  FOLLOWER to CANDIDATE at term 0 for changeToCandidate
2019-09-21 06:03:54,912 [Thread-3102] INFO  impl.RoleInfo (RoleInfo.java:updateAndGet(143)) - 18511a75-35dd-49ad-87cd-807a6cfd33df: start LeaderElection
2019-09-21 06:03:54,925 [59a1cc74-b9a1-4fd5-a7da-2902dfa6c4f0@group-B09E14678557-SegmentedRaftLogWorker] INFO  segmented.SegmentedRaftLogWorker (SegmentedRaftLogWorker.java:execute(569)) - 59a1cc74-b9a1-4fd5-a7da-2902dfa6c4f0@group-B09E14678557-SegmentedRaftLogWorker: created new log segment /workdir/hadoop-ozone/integration-test/target/test-dir/MiniOzoneClusterImpl-4a7d2b0f-1947-4f54-9952-6ed79e26d9e2/datanode-2/data/ratis/985f9fcd-4339-4c79-82b9-b09e14678557/current/log_inprogress_0
2019-09-21 06:03:54,945 [18511a75-35dd-49ad-87cd-807a6cfd33df@group-A41AE92E431E:LeaderElection80] INFO  impl.LeaderElection (LeaderElection.java:askForVotes(182)) - 18511a75-35dd-49ad-87cd-807a6cfd33df@group-A41AE92E431E:LeaderElection80: begin an election at term 1 for -1: [34078b08-5f46-4b2d-8468-58e281f072db:192.168.34.39:45278, e0d69add-996e-49cd-bdf0-e379acbbc969:192.168.34.39:41339, 18511a75-35dd-49ad-87cd-807a6cfd33df:192.168.34.39:46500], old=null
2019-09-21 06:03:54,958 [Thread-3098] INFO  impl.FollowerState (FollowerState.java:run(106)) - 34078b08-5f46-4b2d-8468-58e281f072db:group-A41AE92E431E changes to CANDIDATE, lastRpcTime:5081, electionTimeout:5075ms
2019-09-21 06:03:54,958 [Thread-3098] INFO  impl.RoleInfo (RoleInfo.java:shutdownFollowerState(121)) - 34078b08-5f46-4b2d-8468-58e281f072db: shutdown FollowerState
2019-09-21 06:03:54,958 [Thread-3098] INFO  impl.RaftServerImpl (RaftServerImpl.java:setRole(174)) - 34078b08-5f46-4b2d-8468-58e281f072db@group-A41AE92E431E: changes role from  FOLLOWER to CANDIDATE at term 0 for changeToCandidate
2019-09-21 06:03:54,959 [Thread-3098] INFO  impl.RoleInfo (RoleInfo.java:updateAndGet(143)) - 34078b08-5f46-4b2d-8468-58e281f072db: start LeaderElection
2019-09-21 06:03:54,965 [grpc-default-executor-3] INFO  impl.RaftServerImpl (RaftServerImpl.java:setRole(174)) - e0d69add-996e-49cd-bdf0-e379acbbc969@group-A41AE92E431E: changes role from  FOLLOWER to FOLLOWER at term 1 for recognizeCandidate:18511a75-35dd-49ad-87cd-807a6cfd33df
2019-09-21 06:03:54,965 [grpc-default-executor-3] INFO  impl.RoleInfo (RoleInfo.java:shutdownFollowerState(121)) - e0d69add-996e-49cd-bdf0-e379acbbc969: shutdown FollowerState
2019-09-21 06:03:54,965 [grpc-default-executor-3] INFO  impl.RoleInfo (RoleInfo.java:updateAndGet(143)) - e0d69add-996e-49cd-bdf0-e379acbbc969: start FollowerState
2019-09-21 06:03:54,965 [Thread-3103] INFO  impl.FollowerState (FollowerState.java:run(115)) - e0d69add-996e-49cd-bdf0-e379acbbc969: FollowerState was interrupted: java.lang.InterruptedException: sleep interrupted
2019-09-21 06:03:54,986 [34078b08-5f46-4b2d-8468-58e281f072db@group-A41AE92E431E:LeaderElection81] INFO  impl.LeaderElection (LeaderElection.java:askForVotes(182)) - 34078b08-5f46-4b2d-8468-58e281f072db@group-A41AE92E431E:LeaderElection81: begin an election at term 1 for -1: [34078b08-5f46-4b2d-8468-58e281f072db:192.168.34.39:45278, e0d69add-996e-49cd-bdf0-e379acbbc969:192.168.34.39:41339, 18511a75-35dd-49ad-87cd-807a6cfd33df:192.168.34.39:46500], old=null
2019-09-21 06:03:55,004 [18511a75-35dd-49ad-87cd-807a6cfd33df@group-A41AE92E431E:LeaderElection80] INFO  impl.LeaderElection (LeaderElection.java:logAndReturn(56)) - 18511a75-35dd-49ad-87cd-807a6cfd33df@group-A41AE92E431E:LeaderElection80: Election PASSED; received 1 response(s) [18511a75-35dd-49ad-87cd-807a6cfd33df<-e0d69add-996e-49cd-bdf0-e379acbbc969#0:OK-t1] and 0 exception(s); 18511a75-35dd-49ad-87cd-807a6cfd33df@group-A41AE92E431E:t1, leader=null, voted=18511a75-35dd-49ad-87cd-807a6cfd33df, raftlog=18511a75-35dd-49ad-87cd-807a6cfd33df@group-A41AE92E431E-SegmentedRaftLog:OPENED:c-1,f-1,i0, conf=-1: [34078b08-5f46-4b2d-8468-58e281f072db:192.168.34.39:45278, e0d69add-996e-49cd-bdf0-e379acbbc969:192.168.34.39:41339, 18511a75-35dd-49ad-87cd-807a6cfd33df:192.168.34.39:46500], old=null
2019-09-21 06:03:55,004 [18511a75-35dd-49ad-87cd-807a6cfd33df@group-A41AE92E431E:LeaderElection80] INFO  impl.RoleInfo (RoleInfo.java:shutdownLeaderElection(134)) - 18511a75-35dd-49ad-87cd-807a6cfd33df: shutdown LeaderElection
2019-09-21 06:03:55,004 [18511a75-35dd-49ad-87cd-807a6cfd33df@group-A41AE92E431E:LeaderElection80] INFO  impl.RaftServerImpl (RaftServerImpl.java:setRole(174)) - 18511a75-35dd-49ad-87cd-807a6cfd33df@group-A41AE92E431E: changes role from CANDIDATE to LEADER at term 1 for changeToLeader
2019-09-21 06:03:55,004 [18511a75-35dd-49ad-87cd-807a6cfd33df@group-A41AE92E431E:LeaderElection80] INFO  impl.RaftServerImpl (ServerState.java:setLeader(253)) - 18511a75-35dd-49ad-87cd-807a6cfd33df@group-A41AE92E431E: change Leader from null to 18511a75-35dd-49ad-87cd-807a6cfd33df at term 1 for becomeLeader, leader elected after 5134ms
2019-09-21 06:03:55,005 [18511a75-35dd-49ad-87cd-807a6cfd33df@group-A41AE92E431E:LeaderElection80] INFO  server.RaftServerConfigKeys (ConfUtils.java:logGet(43)) - raft.server.staging.catchup.gap = 1000 (default)
2019-09-21 06:03:55,005 [18511a75-35dd-49ad-87cd-807a6cfd33df@group-A41AE92E431E:LeaderElection80] INFO  server.RaftServerConfigKeys (ConfUtils.java:logGet(43)) - raft.server.rpc.sleep.time = 25ms (default)
2019-09-21 06:03:55,005 [18511a75-35dd-49ad-87cd-807a6cfd33df@group-A41AE92E431E:LeaderElection80] INFO  server.RaftServerConfigKeys (ConfUtils.java:logGet(43)) - raft.server.write.element-limit = 4096 (default)
2019-09-21 06:03:55,005 [18511a75-35dd-49ad-87cd-807a6cfd33df@group-A41AE92E431E:LeaderElection80] INFO  server.RaftServerConfigKeys (ConfUtils.java:logGet(43)) - raft.server.watch.timeout = 10s (default)
2019-09-21 06:03:55,005 [18511a75-35dd-49ad-87cd-807a6cfd33df@group-A41AE92E431E:LeaderElection80] INFO  server.RaftServerConfigKeys (ConfUtils.java:logGet(43)) - raft.server.watch.timeout.denomination = 1s (default)
2019-09-21 06:03:55,005 [18511a75-35dd-49ad-87cd-807a6cfd33df@group-A41AE92E431E:LeaderElection80] INFO  server.RaftServerConfigKeys (ConfUtils.java:logGet(43)) - raft.server.watch.element-limit = 65536 (default)
2019-09-21 06:03:55,006 [18511a75-35dd-49ad-87cd-807a6cfd33df@group-A41AE92E431E:LeaderElection80] INFO  server.RaftServerConfigKeys (ConfUtils.java:logGet(43)) - raft.server.log.appender.snapshot.chunk.size.max = 16MB (=16777216) (default)
2019-09-21 06:03:55,007 [18511a75-35dd-49ad-87cd-807a6cfd33df@group-A41AE92E431E:LeaderElection80] INFO  server.RaftServerConfigKeys (ConfUtils.java:logGet(43)) - raft.server.log.appender.buffer.byte-limit = 33554432 (custom)
2019-09-21 06:03:55,007 [18511a75-35dd-49ad-87cd-807a6cfd33df@group-A41AE92E431E:LeaderElection80] INFO  server.RaftServerConfigKeys (ConfUtils.java:logGet(43)) - raft.server.log.appender.buffer.element-limit = 1 (custom)
2019-09-21 06:03:55,007 [18511a75-35dd-49ad-87cd-807a6cfd33df@group-A41AE92E431E:LeaderElection80] INFO  grpc.GrpcConfigKeys$Server (ConfUtils.java:logGet(43)) - raft.grpc.server.leader.outstanding.appends.max = 128 (default)
2019-09-21 06:03:55,012 [18511a75-35dd-49ad-87cd-807a6cfd33df@group-A41AE92E431E:LeaderElection80] INFO  server.RaftServerConfigKeys (ConfUtils.java:logGet(43)) - raft.server.rpc.request.timeout = 3000ms (default)
2019-09-21 06:03:55,012 [18511a75-35dd-49ad-87cd-807a6cfd33df@group-A41AE92E431E:LeaderElection80] INFO  server.RaftServerConfigKeys (ConfUtils.java:logGet(43)) - raft.server.log.appender.install.snapshot.enabled = false (custom)
2019-09-21 06:03:55,014 [18511a75-35dd-49ad-87cd-807a6cfd33df@group-A41AE92E431E:LeaderElection80] INFO  server.RaftServerConfigKeys (ConfUtils.java:logGet(43)) - raft.server.log.appender.snapshot.chunk.size.max = 16MB (=16777216) (default)
2019-09-21 06:03:55,014 [18511a75-35dd-49ad-87cd-807a6cfd33df@group-A41AE92E431E:LeaderElection80] INFO  server.RaftServerConfigKeys (ConfUtils.java:logGet(43)) - raft.server.log.appender.buffer.byte-limit = 33554432 (custom)
2019-09-21 06:03:55,014 [18511a75-35dd-49ad-87cd-807a6cfd33df@group-A41AE92E431E:LeaderElection80] INFO  server.RaftServerConfigKeys (ConfUtils.java:logGet(43)) - raft.server.log.appender.buffer.element-limit = 1 (custom)
2019-09-21 06:03:55,014 [18511a75-35dd-49ad-87cd-807a6cfd33df@group-A41AE92E431E:LeaderElection80] INFO  grpc.GrpcConfigKeys$Server (ConfUtils.java:logGet(43)) - raft.grpc.server.leader.outstanding.appends.max = 128 (default)
2019-09-21 06:03:55,014 [18511a75-35dd-49ad-87cd-807a6cfd33df@group-A41AE92E431E:LeaderElection80] INFO  server.RaftServerConfigKeys (ConfUtils.java:logGet(43)) - raft.server.rpc.request.timeout = 3000ms (default)
2019-09-21 06:03:55,014 [18511a75-35dd-49ad-87cd-807a6cfd33df@group-A41AE92E431E:LeaderElection80] INFO  server.RaftServerConfigKeys (ConfUtils.java:logGet(43)) - raft.server.log.appender.install.snapshot.enabled = false (custom)
2019-09-21 06:03:55,015 [18511a75-35dd-49ad-87cd-807a6cfd33df@group-A41AE92E431E:LeaderElection80] INFO  impl.RoleInfo (RoleInfo.java:updateAndGet(143)) - 18511a75-35dd-49ad-87cd-807a6cfd33df: start LeaderState
2019-09-21 06:03:55,015 [18511a75-35dd-49ad-87cd-807a6cfd33df@group-A41AE92E431E:LeaderElection80] INFO  segmented.SegmentedRaftLogWorker (SegmentedRaftLogWorker.java:startLogSegment(380)) - 18511a75-35dd-49ad-87cd-807a6cfd33df@group-A41AE92E431E-SegmentedRaftLogWorker: Starting segment from index:0
2019-09-21 06:03:55,015 [18511a75-35dd-49ad-87cd-807a6cfd33df@group-A41AE92E431E:LeaderElection80] INFO  impl.RaftServerImpl (ServerState.java:setRaftConf(354)) - 18511a75-35dd-49ad-87cd-807a6cfd33df@group-A41AE92E431E: set configuration 0: [34078b08-5f46-4b2d-8468-58e281f072db:192.168.34.39:45278, e0d69add-996e-49cd-bdf0-e379acbbc969:192.168.34.39:41339, 18511a75-35dd-49ad-87cd-807a6cfd33df:192.168.34.39:46500], old=null at 0
2019-09-21 06:03:55,042 [grpc-default-executor-3] INFO  impl.RaftServerImpl (RaftServerImpl.java:requestVote(758)) - 18511a75-35dd-49ad-87cd-807a6cfd33df@group-A41AE92E431E-   LEADER: Withhold vote from candidate 34078b08-5f46-4b2d-8468-58e281f072db with term 1. State: leader=18511a75-35dd-49ad-87cd-807a6cfd33df, term=1, lastRpcElapsed=null
2019-09-21 06:03:55,047 [34078b08-5f46-4b2d-8468-58e281f072db@group-A41AE92E431E:LeaderElection81] INFO  impl.LeaderElection (LeaderElection.java:logAndReturn(56)) - 34078b08-5f46-4b2d-8468-58e281f072db@group-A41AE92E431E:LeaderElection81: Election REJECTED; received 2 response(s) [34078b08-5f46-4b2d-8468-58e281f072db<-e0d69add-996e-49cd-bdf0-e379acbbc969#0:FAIL-t1, 34078b08-5f46-4b2d-8468-58e281f072db<-18511a75-35dd-49ad-87cd-807a6cfd33df#0:FAIL-t1] and 0 exception(s); 34078b08-5f46-4b2d-8468-58e281f072db@group-A41AE92E431E:t1, leader=null, voted=34078b08-5f46-4b2d-8468-58e281f072db, raftlog=34078b08-5f46-4b2d-8468-58e281f072db@group-A41AE92E431E-SegmentedRaftLog:OPENED:c-1,f-1,i0, conf=-1: [34078b08-5f46-4b2d-8468-58e281f072db:192.168.34.39:45278, e0d69add-996e-49cd-bdf0-e379acbbc969:192.168.34.39:41339, 18511a75-35dd-49ad-87cd-807a6cfd33df:192.168.34.39:46500], old=null
2019-09-21 06:03:55,047 [grpc-default-executor-10] INFO  impl.RaftServerImpl (ServerState.java:setLeader(253)) - e0d69add-996e-49cd-bdf0-e379acbbc969@group-A41AE92E431E: change Leader from null to 18511a75-35dd-49ad-87cd-807a6cfd33df at term 1 for appendEntries, leader elected after 5177ms
2019-09-21 06:03:55,047 [34078b08-5f46-4b2d-8468-58e281f072db@group-A41AE92E431E:LeaderElection81] INFO  impl.RaftServerImpl (RaftServerImpl.java:setRole(174)) - 34078b08-5f46-4b2d-8468-58e281f072db@group-A41AE92E431E: changes role from CANDIDATE to FOLLOWER at term 1 for DISCOVERED_A_NEW_TERM
2019-09-21 06:03:55,050 [34078b08-5f46-4b2d-8468-58e281f072db@group-A41AE92E431E:LeaderElection81] INFO  impl.RoleInfo (RoleInfo.java:shutdownLeaderElection(134)) - 34078b08-5f46-4b2d-8468-58e281f072db: shutdown LeaderElection
2019-09-21 06:03:55,050 [34078b08-5f46-4b2d-8468-58e281f072db@group-A41AE92E431E:LeaderElection81] INFO  impl.RoleInfo (RoleInfo.java:updateAndGet(143)) - 34078b08-5f46-4b2d-8468-58e281f072db: start FollowerState
2019-09-21 06:03:55,050 [grpc-default-executor-11] INFO  impl.RaftServerImpl (ServerState.java:setLeader(253)) - 34078b08-5f46-4b2d-8468-58e281f072db@group-A41AE92E431E: change Leader from null to 18511a75-35dd-49ad-87cd-807a6cfd33df at term 1 for appendEntries, leader elected after 5180ms
2019-09-21 06:03:55,052 [grpc-default-executor-11] INFO  impl.RaftServerImpl (ServerState.java:setRaftConf(354)) - 34078b08-5f46-4b2d-8468-58e281f072db@group-A41AE92E431E: set configuration 0: [34078b08-5f46-4b2d-8468-58e281f072db:192.168.34.39:45278, e0d69add-996e-49cd-bdf0-e379acbbc969:192.168.34.39:41339, 18511a75-35dd-49ad-87cd-807a6cfd33df:192.168.34.39:46500], old=null at 0
2019-09-21 06:03:55,052 [grpc-default-executor-11] INFO  segmented.SegmentedRaftLogWorker (SegmentedRaftLogWorker.java:startLogSegment(380)) - 34078b08-5f46-4b2d-8468-58e281f072db@group-A41AE92E431E-SegmentedRaftLogWorker: Starting segment from index:0
2019-09-21 06:03:55,053 [grpc-default-executor-10] INFO  impl.RaftServerImpl (ServerState.java:setRaftConf(354)) - e0d69add-996e-49cd-bdf0-e379acbbc969@group-A41AE92E431E: set configuration 0: [34078b08-5f46-4b2d-8468-58e281f072db:192.168.34.39:45278, e0d69add-996e-49cd-bdf0-e379acbbc969:192.168.34.39:41339, 18511a75-35dd-49ad-87cd-807a6cfd33df:192.168.34.39:46500], old=null at 0
2019-09-21 06:03:55,053 [grpc-default-executor-10] INFO  segmented.SegmentedRaftLogWorker (SegmentedRaftLogWorker.java:startLogSegment(380)) - e0d69add-996e-49cd-bdf0-e379acbbc969@group-A41AE92E431E-SegmentedRaftLogWorker: Starting segment from index:0
2019-09-21 06:03:55,068 [Thread-3109] INFO  impl.FollowerState (FollowerState.java:run(106)) - 99900494-266b-42a4-93d7-8c51c8bb3acf:group-EE668F731C0C changes to CANDIDATE, lastRpcTime:5033, electionTimeout:5033ms
2019-09-21 06:03:55,069 [Thread-3109] INFO  impl.RoleInfo (RoleInfo.java:shutdownFollowerState(121)) - 99900494-266b-42a4-93d7-8c51c8bb3acf: shutdown FollowerState
2019-09-21 06:03:55,069 [Thread-3109] INFO  impl.RaftServerImpl (RaftServerImpl.java:setRole(174)) - 99900494-266b-42a4-93d7-8c51c8bb3acf@group-EE668F731C0C: changes role from  FOLLOWER to CANDIDATE at term 0 for changeToCandidate
2019-09-21 06:03:55,069 [Thread-3109] INFO  impl.RoleInfo (RoleInfo.java:updateAndGet(143)) - 99900494-266b-42a4-93d7-8c51c8bb3acf: start LeaderElection
2019-09-21 06:03:55,093 [18511a75-35dd-49ad-87cd-807a6cfd33df@group-A41AE92E431E-SegmentedRaftLogWorker] INFO  segmented.SegmentedRaftLogWorker (SegmentedRaftLogWorker.java:execute(569)) - 18511a75-35dd-49ad-87cd-807a6cfd33df@group-A41AE92E431E-SegmentedRaftLogWorker: created new log segment /workdir/hadoop-ozone/integration-test/target/test-dir/MiniOzoneClusterImpl-4a7d2b0f-1947-4f54-9952-6ed79e26d9e2/datanode-1/data/ratis/6e5e0f8e-03b6-4c1e-8f39-a41ae92e431e/current/log_inprogress_0
2019-09-21 06:03:55,114 [e0d69add-996e-49cd-bdf0-e379acbbc969@group-A41AE92E431E-SegmentedRaftLogWorker] INFO  segmented.SegmentedRaftLogWorker (SegmentedRaftLogWorker.java:execute(569)) - e0d69add-996e-49cd-bdf0-e379acbbc969@group-A41AE92E431E-SegmentedRaftLogWorker: created new log segment /workdir/hadoop-ozone/integration-test/target/test-dir/MiniOzoneClusterImpl-4a7d2b0f-1947-4f54-9952-6ed79e26d9e2/datanode-3/data/ratis/6e5e0f8e-03b6-4c1e-8f39-a41ae92e431e/current/log_inprogress_0
2019-09-21 06:03:55,114 [34078b08-5f46-4b2d-8468-58e281f072db@group-A41AE92E431E-SegmentedRaftLogWorker] INFO  segmented.SegmentedRaftLogWorker (SegmentedRaftLogWorker.java:execute(569)) - 34078b08-5f46-4b2d-8468-58e281f072db@group-A41AE92E431E-SegmentedRaftLogWorker: created new log segment /workdir/hadoop-ozone/integration-test/target/test-dir/MiniOzoneClusterImpl-4a7d2b0f-1947-4f54-9952-6ed79e26d9e2/datanode-6/data/ratis/6e5e0f8e-03b6-4c1e-8f39-a41ae92e431e/current/log_inprogress_0
2019-09-21 06:03:55,114 [99900494-266b-42a4-93d7-8c51c8bb3acf@group-EE668F731C0C:LeaderElection82] INFO  impl.LeaderElection (LeaderElection.java:askForVotes(182)) - 99900494-266b-42a4-93d7-8c51c8bb3acf@group-EE668F731C0C:LeaderElection82: begin an election at term 1 for -1: [21b94872-2e85-4ccf-8aec-b3b8618cb6a0:192.168.34.39:43596, c247419f-afa0-485d-9404-7d7331c991d0:192.168.34.39:37933, 99900494-266b-42a4-93d7-8c51c8bb3acf:192.168.34.39:41442], old=null
2019-09-21 06:03:55,118 [grpc-default-executor-10] INFO  impl.RaftServerImpl (RaftServerImpl.java:setRole(174)) - c247419f-afa0-485d-9404-7d7331c991d0@group-EE668F731C0C: changes role from  FOLLOWER to FOLLOWER at term 1 for recognizeCandidate:99900494-266b-42a4-93d7-8c51c8bb3acf
2019-09-21 06:03:55,118 [grpc-default-executor-11] INFO  impl.RaftServerImpl (RaftServerImpl.java:setRole(174)) - 21b94872-2e85-4ccf-8aec-b3b8618cb6a0@group-EE668F731C0C: changes role from  FOLLOWER to FOLLOWER at term 1 for recognizeCandidate:99900494-266b-42a4-93d7-8c51c8bb3acf
2019-09-21 06:03:55,118 [grpc-default-executor-10] INFO  impl.RoleInfo (RoleInfo.java:shutdownFollowerState(121)) - c247419f-afa0-485d-9404-7d7331c991d0: shutdown FollowerState
2019-09-21 06:03:55,118 [grpc-default-executor-11] INFO  impl.RoleInfo (RoleInfo.java:shutdownFollowerState(121)) - 21b94872-2e85-4ccf-8aec-b3b8618cb6a0: shutdown FollowerState
2019-09-21 06:03:55,118 [Thread-3110] INFO  impl.FollowerState (FollowerState.java:run(115)) - c247419f-afa0-485d-9404-7d7331c991d0: FollowerState was interrupted: java.lang.InterruptedException: sleep interrupted
2019-09-21 06:03:55,118 [grpc-default-executor-10] INFO  impl.RoleInfo (RoleInfo.java:updateAndGet(143)) - c247419f-afa0-485d-9404-7d7331c991d0: start FollowerState
2019-09-21 06:03:55,118 [Thread-3113] INFO  impl.FollowerState (FollowerState.java:run(115)) - 21b94872-2e85-4ccf-8aec-b3b8618cb6a0: FollowerState was interrupted: java.lang.InterruptedException: sleep interrupted
2019-09-21 06:03:55,118 [grpc-default-executor-11] INFO  impl.RoleInfo (RoleInfo.java:updateAndGet(143)) - 21b94872-2e85-4ccf-8aec-b3b8618cb6a0: start FollowerState
2019-09-21 06:03:55,148 [99900494-266b-42a4-93d7-8c51c8bb3acf@group-EE668F731C0C:LeaderElection82] INFO  impl.LeaderElection (LeaderElection.java:logAndReturn(56)) - 99900494-266b-42a4-93d7-8c51c8bb3acf@group-EE668F731C0C:LeaderElection82: Election PASSED; received 1 response(s) [99900494-266b-42a4-93d7-8c51c8bb3acf<-c247419f-afa0-485d-9404-7d7331c991d0#0:OK-t1] and 0 exception(s); 99900494-266b-42a4-93d7-8c51c8bb3acf@group-EE668F731C0C:t1, leader=null, voted=99900494-266b-42a4-93d7-8c51c8bb3acf, raftlog=99900494-266b-42a4-93d7-8c51c8bb3acf@group-EE668F731C0C-SegmentedRaftLog:OPENED:c-1,f-1,i0, conf=-1: [21b94872-2e85-4ccf-8aec-b3b8618cb6a0:192.168.34.39:43596, c247419f-afa0-485d-9404-7d7331c991d0:192.168.34.39:37933, 99900494-266b-42a4-93d7-8c51c8bb3acf:192.168.34.39:41442], old=null
2019-09-21 06:03:55,148 [99900494-266b-42a4-93d7-8c51c8bb3acf@group-EE668F731C0C:LeaderElection82] INFO  impl.RoleInfo (RoleInfo.java:shutdownLeaderElection(134)) - 99900494-266b-42a4-93d7-8c51c8bb3acf: shutdown LeaderElection
2019-09-21 06:03:55,149 [99900494-266b-42a4-93d7-8c51c8bb3acf@group-EE668F731C0C:LeaderElection82] INFO  impl.RaftServerImpl (RaftServerImpl.java:setRole(174)) - 99900494-266b-42a4-93d7-8c51c8bb3acf@group-EE668F731C0C: changes role from CANDIDATE to LEADER at term 1 for changeToLeader
2019-09-21 06:03:55,149 [99900494-266b-42a4-93d7-8c51c8bb3acf@group-EE668F731C0C:LeaderElection82] INFO  impl.RaftServerImpl (ServerState.java:setLeader(253)) - 99900494-266b-42a4-93d7-8c51c8bb3acf@group-EE668F731C0C: change Leader from null to 99900494-266b-42a4-93d7-8c51c8bb3acf at term 1 for becomeLeader, leader elected after 5123ms
2019-09-21 06:03:55,149 [99900494-266b-42a4-93d7-8c51c8bb3acf@group-EE668F731C0C:LeaderElection82] INFO  server.RaftServerConfigKeys (ConfUtils.java:logGet(43)) - raft.server.staging.catchup.gap = 1000 (default)
2019-09-21 06:03:55,149 [99900494-266b-42a4-93d7-8c51c8bb3acf@group-EE668F731C0C:LeaderElection82] INFO  server.RaftServerConfigKeys (ConfUtils.java:logGet(43)) - raft.server.rpc.sleep.time = 25ms (default)
2019-09-21 06:03:55,149 [99900494-266b-42a4-93d7-8c51c8bb3acf@group-EE668F731C0C:LeaderElection82] INFO  server.RaftServerConfigKeys (ConfUtils.java:logGet(43)) - raft.server.write.element-limit = 4096 (default)
2019-09-21 06:03:55,150 [99900494-266b-42a4-93d7-8c51c8bb3acf@group-EE668F731C0C:LeaderElection82] INFO  server.RaftServerConfigKeys (ConfUtils.java:logGet(43)) - raft.server.watch.timeout = 10s (default)
2019-09-21 06:03:55,150 [99900494-266b-42a4-93d7-8c51c8bb3acf@group-EE668F731C0C:LeaderElection82] INFO  server.RaftServerConfigKeys (ConfUtils.java:logGet(43)) - raft.server.watch.timeout.denomination = 1s (default)
2019-09-21 06:03:55,150 [99900494-266b-42a4-93d7-8c51c8bb3acf@group-EE668F731C0C:LeaderElection82] INFO  server.RaftServerConfigKeys (ConfUtils.java:logGet(43)) - raft.server.watch.element-limit = 65536 (default)
2019-09-21 06:03:55,153 [99900494-266b-42a4-93d7-8c51c8bb3acf@group-EE668F731C0C:LeaderElection82] INFO  server.RaftServerConfigKeys (ConfUtils.java:logGet(43)) - raft.server.log.appender.snapshot.chunk.size.max = 16MB (=16777216) (default)
2019-09-21 06:03:55,153 [99900494-266b-42a4-93d7-8c51c8bb3acf@group-EE668F731C0C:LeaderElection82] INFO  server.RaftServerConfigKeys (ConfUtils.java:logGet(43)) - raft.server.log.appender.buffer.byte-limit = 33554432 (custom)
2019-09-21 06:03:55,153 [99900494-266b-42a4-93d7-8c51c8bb3acf@group-EE668F731C0C:LeaderElection82] INFO  server.RaftServerConfigKeys (ConfUtils.java:logGet(43)) - raft.server.log.appender.buffer.element-limit = 1 (custom)
2019-09-21 06:03:55,153 [99900494-266b-42a4-93d7-8c51c8bb3acf@group-EE668F731C0C:LeaderElection82] INFO  grpc.GrpcConfigKeys$Server (ConfUtils.java:logGet(43)) - raft.grpc.server.leader.outstanding.appends.max = 128 (default)
2019-09-21 06:03:55,154 [99900494-266b-42a4-93d7-8c51c8bb3acf@group-EE668F731C0C:LeaderElection82] INFO  server.RaftServerConfigKeys (ConfUtils.java:logGet(43)) - raft.server.rpc.request.timeout = 3000ms (default)
2019-09-21 06:03:55,154 [99900494-266b-42a4-93d7-8c51c8bb3acf@group-EE668F731C0C:LeaderElection82] INFO  server.RaftServerConfigKeys (ConfUtils.java:logGet(43)) - raft.server.log.appender.install.snapshot.enabled = false (custom)
2019-09-21 06:03:55,154 [99900494-266b-42a4-93d7-8c51c8bb3acf@group-EE668F731C0C:LeaderElection82] INFO  server.RaftServerConfigKeys (ConfUtils.java:logGet(43)) - raft.server.log.appender.snapshot.chunk.size.max = 16MB (=16777216) (default)
2019-09-21 06:03:55,155 [99900494-266b-42a4-93d7-8c51c8bb3acf@group-EE668F731C0C:LeaderElection82] INFO  server.RaftServerConfigKeys (ConfUtils.java:logGet(43)) - raft.server.log.appender.buffer.byte-limit = 33554432 (custom)
2019-09-21 06:03:55,155 [99900494-266b-42a4-93d7-8c51c8bb3acf@group-EE668F731C0C:LeaderElection82] INFO  server.RaftServerConfigKeys (ConfUtils.java:logGet(43)) - raft.server.log.appender.buffer.element-limit = 1 (custom)
2019-09-21 06:03:55,155 [99900494-266b-42a4-93d7-8c51c8bb3acf@group-EE668F731C0C:LeaderElection82] INFO  grpc.GrpcConfigKeys$Server (ConfUtils.java:logGet(43)) - raft.grpc.server.leader.outstanding.appends.max = 128 (default)
2019-09-21 06:03:55,155 [99900494-266b-42a4-93d7-8c51c8bb3acf@group-EE668F731C0C:LeaderElection82] INFO  server.RaftServerConfigKeys (ConfUtils.java:logGet(43)) - raft.server.rpc.request.timeout = 3000ms (default)
2019-09-21 06:03:55,155 [99900494-266b-42a4-93d7-8c51c8bb3acf@group-EE668F731C0C:LeaderElection82] INFO  server.RaftServerConfigKeys (ConfUtils.java:logGet(43)) - raft.server.log.appender.install.snapshot.enabled = false (custom)
2019-09-21 06:03:55,156 [99900494-266b-42a4-93d7-8c51c8bb3acf@group-EE668F731C0C:LeaderElection82] INFO  impl.RoleInfo (RoleInfo.java:updateAndGet(143)) - 99900494-266b-42a4-93d7-8c51c8bb3acf: start LeaderState
2019-09-21 06:03:55,156 [99900494-266b-42a4-93d7-8c51c8bb3acf@group-EE668F731C0C:LeaderElection82] INFO  segmented.SegmentedRaftLogWorker (SegmentedRaftLogWorker.java:startLogSegment(380)) - 99900494-266b-42a4-93d7-8c51c8bb3acf@group-EE668F731C0C-SegmentedRaftLogWorker: Starting segment from index:0
2019-09-21 06:03:55,157 [99900494-266b-42a4-93d7-8c51c8bb3acf@group-EE668F731C0C:LeaderElection82] INFO  impl.RaftServerImpl (ServerState.java:setRaftConf(354)) - 99900494-266b-42a4-93d7-8c51c8bb3acf@group-EE668F731C0C: set configuration 0: [21b94872-2e85-4ccf-8aec-b3b8618cb6a0:192.168.34.39:43596, c247419f-afa0-485d-9404-7d7331c991d0:192.168.34.39:37933, 99900494-266b-42a4-93d7-8c51c8bb3acf:192.168.34.39:41442], old=null at 0
2019-09-21 06:03:55,158 [grpc-default-executor-11] INFO  impl.RaftServerImpl (ServerState.java:setLeader(253)) - 21b94872-2e85-4ccf-8aec-b3b8618cb6a0@group-EE668F731C0C: change Leader from null to 99900494-266b-42a4-93d7-8c51c8bb3acf at term 1 for appendEntries, leader elected after 5132ms
2019-09-21 06:03:55,158 [grpc-default-executor-10] INFO  impl.RaftServerImpl (ServerState.java:setLeader(253)) - c247419f-afa0-485d-9404-7d7331c991d0@group-EE668F731C0C: change Leader from null to 99900494-266b-42a4-93d7-8c51c8bb3acf at term 1 for appendEntries, leader elected after 5132ms
2019-09-21 06:03:55,204 [grpc-default-executor-11] INFO  impl.RaftServerImpl (ServerState.java:setRaftConf(354)) - 21b94872-2e85-4ccf-8aec-b3b8618cb6a0@group-EE668F731C0C: set configuration 0: [21b94872-2e85-4ccf-8aec-b3b8618cb6a0:192.168.34.39:43596, c247419f-afa0-485d-9404-7d7331c991d0:192.168.34.39:37933, 99900494-266b-42a4-93d7-8c51c8bb3acf:192.168.34.39:41442], old=null at 0
2019-09-21 06:03:55,204 [grpc-default-executor-11] INFO  segmented.SegmentedRaftLogWorker (SegmentedRaftLogWorker.java:startLogSegment(380)) - 21b94872-2e85-4ccf-8aec-b3b8618cb6a0@group-EE668F731C0C-SegmentedRaftLogWorker: Starting segment from index:0
2019-09-21 06:03:55,205 [grpc-default-executor-10] INFO  impl.RaftServerImpl (ServerState.java:setRaftConf(354)) - c247419f-afa0-485d-9404-7d7331c991d0@group-EE668F731C0C: set configuration 0: [21b94872-2e85-4ccf-8aec-b3b8618cb6a0:192.168.34.39:43596, c247419f-afa0-485d-9404-7d7331c991d0:192.168.34.39:37933, 99900494-266b-42a4-93d7-8c51c8bb3acf:192.168.34.39:41442], old=null at 0
2019-09-21 06:03:55,205 [grpc-default-executor-10] INFO  segmented.SegmentedRaftLogWorker (SegmentedRaftLogWorker.java:startLogSegment(380)) - c247419f-afa0-485d-9404-7d7331c991d0@group-EE668F731C0C-SegmentedRaftLogWorker: Starting segment from index:0
2019-09-21 06:03:55,230 [99900494-266b-42a4-93d7-8c51c8bb3acf@group-EE668F731C0C-SegmentedRaftLogWorker] INFO  segmented.SegmentedRaftLogWorker (SegmentedRaftLogWorker.java:execute(569)) - 99900494-266b-42a4-93d7-8c51c8bb3acf@group-EE668F731C0C-SegmentedRaftLogWorker: created new log segment /workdir/hadoop-ozone/integration-test/target/test-dir/MiniOzoneClusterImpl-4a7d2b0f-1947-4f54-9952-6ed79e26d9e2/datanode-4/data/ratis/98c4ef78-078c-41f6-afb0-ee668f731c0c/current/log_inprogress_0
2019-09-21 06:03:55,266 [21b94872-2e85-4ccf-8aec-b3b8618cb6a0@group-EE668F731C0C-SegmentedRaftLogWorker] INFO  segmented.SegmentedRaftLogWorker (SegmentedRaftLogWorker.java:execute(569)) - 21b94872-2e85-4ccf-8aec-b3b8618cb6a0@group-EE668F731C0C-SegmentedRaftLogWorker: created new log segment /workdir/hadoop-ozone/integration-test/target/test-dir/MiniOzoneClusterImpl-4a7d2b0f-1947-4f54-9952-6ed79e26d9e2/datanode-5/data/ratis/98c4ef78-078c-41f6-afb0-ee668f731c0c/current/log_inprogress_0
2019-09-21 06:03:55,300 [c247419f-afa0-485d-9404-7d7331c991d0@group-EE668F731C0C-SegmentedRaftLogWorker] INFO  segmented.SegmentedRaftLogWorker (SegmentedRaftLogWorker.java:execute(569)) - c247419f-afa0-485d-9404-7d7331c991d0@group-EE668F731C0C-SegmentedRaftLogWorker: created new log segment /workdir/hadoop-ozone/integration-test/target/test-dir/MiniOzoneClusterImpl-4a7d2b0f-1947-4f54-9952-6ed79e26d9e2/datanode-0/data/ratis/98c4ef78-078c-41f6-afb0-ee668f731c0c/current/log_inprogress_0
2019-09-21 06:03:56,518 [Datanode State Machine Thread - 0] INFO  statemachine.DatanodeStateMachine (DatanodeStateMachine.java:lambda$startDaemon$0(350)) - Ozone container server started.
2019-09-21 06:04:00,573 [EventQueue-StaleNodeForStaleNodeHandler] INFO  node.StaleNodeHandler (StaleNodeHandler.java:onMessage(58)) - Datanode 99900494-266b-42a4-93d7-8c51c8bb3acf{ip: 192.168.34.39, host: pr-hdds-2161-4k4xz-3364335222, networkLocation: /default-rack, certSerialId: null} moved to stale state. Finalizing its pipelines [PipelineID=7692204e-b37b-44e3-9d35-40f65af2f6d2, PipelineID=98c4ef78-078c-41f6-afb0-ee668f731c0c]
2019-09-21 06:04:00,574 [EventQueue-StaleNodeForStaleNodeHandler] INFO  pipeline.SCMPipelineManager (SCMPipelineManager.java:finalizeAndDestroyPipeline(315)) - destroying pipeline:Pipeline[ Id: 7692204e-b37b-44e3-9d35-40f65af2f6d2, Nodes: 99900494-266b-42a4-93d7-8c51c8bb3acf{ip: 192.168.34.39, host: pr-hdds-2161-4k4xz-3364335222, networkLocation: /default-rack, certSerialId: null}, Type:RATIS, Factor:ONE, State:OPEN]
2019-09-21 06:04:00,574 [EventQueue-StaleNodeForStaleNodeHandler] INFO  pipeline.PipelineStateManager (PipelineStateManager.java:finalizePipeline(123)) - Pipeline Pipeline[ Id: 7692204e-b37b-44e3-9d35-40f65af2f6d2, Nodes: 99900494-266b-42a4-93d7-8c51c8bb3acf{ip: 192.168.34.39, host: pr-hdds-2161-4k4xz-3364335222, networkLocation: /default-rack, certSerialId: null}, Type:RATIS, Factor:ONE, State:CLOSED] moved to CLOSED state
2019-09-21 06:04:00,575 [EventQueue-StaleNodeForStaleNodeHandler] INFO  pipeline.SCMPipelineManager (SCMPipelineManager.java:finalizeAndDestroyPipeline(315)) - destroying pipeline:Pipeline[ Id: 98c4ef78-078c-41f6-afb0-ee668f731c0c, Nodes: 99900494-266b-42a4-93d7-8c51c8bb3acf{ip: 192.168.34.39, host: pr-hdds-2161-4k4xz-3364335222, networkLocation: /default-rack, certSerialId: null}21b94872-2e85-4ccf-8aec-b3b8618cb6a0{ip: 192.168.34.39, host: pr-hdds-2161-4k4xz-3364335222, networkLocation: /default-rack, certSerialId: null}c247419f-afa0-485d-9404-7d7331c991d0{ip: 192.168.34.39, host: pr-hdds-2161-4k4xz-3364335222, networkLocation: /default-rack, certSerialId: null}, Type:RATIS, Factor:THREE, State:OPEN]
2019-09-21 06:04:00,575 [EventQueue-StaleNodeForStaleNodeHandler] INFO  pipeline.PipelineStateManager (PipelineStateManager.java:finalizePipeline(123)) - Pipeline Pipeline[ Id: 98c4ef78-078c-41f6-afb0-ee668f731c0c, Nodes: 99900494-266b-42a4-93d7-8c51c8bb3acf{ip: 192.168.34.39, host: pr-hdds-2161-4k4xz-3364335222, networkLocation: /default-rack, certSerialId: null}21b94872-2e85-4ccf-8aec-b3b8618cb6a0{ip: 192.168.34.39, host: pr-hdds-2161-4k4xz-3364335222, networkLocation: /default-rack, certSerialId: null}c247419f-afa0-485d-9404-7d7331c991d0{ip: 192.168.34.39, host: pr-hdds-2161-4k4xz-3364335222, networkLocation: /default-rack, certSerialId: null}, Type:RATIS, Factor:THREE, State:CLOSED] moved to CLOSED state
2019-09-21 06:04:00,576 [EventQueue-CloseContainerForCloseContainerEventHandler] INFO  container.CloseContainerEventHandler (CloseContainerEventHandler.java:onMessage(61)) - Close container Event triggered for container : #1
2019-09-21 06:04:01,148 [main] INFO  ozoneimpl.OzoneContainer (OzoneContainer.java:stop(231)) - Attempting to stop container services.
2019-09-21 06:04:01,153 [main] INFO  impl.RaftServerProxy (RaftServerProxy.java:lambda$close$4(314)) - 99900494-266b-42a4-93d7-8c51c8bb3acf: close
2019-09-21 06:04:01,154 [main] INFO  impl.RaftServerImpl (RaftServerImpl.java:lambda$shutdown$3(251)) - 99900494-266b-42a4-93d7-8c51c8bb3acf@group-40F65AF2F6D2: shutdown
2019-09-21 06:04:01,154 [ForkJoinPool.commonPool-worker-1] INFO  impl.RaftServerImpl (RaftServerImpl.java:lambda$shutdown$3(251)) - 99900494-266b-42a4-93d7-8c51c8bb3acf@group-EE668F731C0C: shutdown
2019-09-21 06:04:01,154 [main] INFO  util.JmxRegister (JmxRegister.java:unregister(73)) - Successfully un-registered JMX Bean with object name Ratis:service=RaftServer,group=group-40F65AF2F6D2,id=99900494-266b-42a4-93d7-8c51c8bb3acf
2019-09-21 06:04:01,154 [ForkJoinPool.commonPool-worker-1] INFO  util.JmxRegister (JmxRegister.java:unregister(73)) - Successfully un-registered JMX Bean with object name Ratis:service=RaftServer,group=group-EE668F731C0C,id=99900494-266b-42a4-93d7-8c51c8bb3acf
2019-09-21 06:04:01,155 [main] INFO  impl.RoleInfo (RoleInfo.java:shutdownLeaderState(104)) - 99900494-266b-42a4-93d7-8c51c8bb3acf: shutdown LeaderState
2019-09-21 06:04:01,155 [ForkJoinPool.commonPool-worker-1] INFO  impl.RoleInfo (RoleInfo.java:shutdownLeaderState(104)) - 99900494-266b-42a4-93d7-8c51c8bb3acf: shutdown LeaderState
2019-09-21 06:04:01,155 [main] INFO  impl.PendingRequests (PendingRequests.java:sendNotLeaderResponses(202)) - 99900494-266b-42a4-93d7-8c51c8bb3acf-PendingRequests: sendNotLeaderResponses
2019-09-21 06:04:01,162 [org.apache.ratis.server.impl.LogAppender$AppenderDaemon$$Lambda$498/2100227936@41ad0f6c] WARN  server.GrpcLogAppender (GrpcLogAppender.java:mayWait(143)) - 99900494-266b-42a4-93d7-8c51c8bb3acf@group-EE668F731C0C->21b94872-2e85-4ccf-8aec-b3b8618cb6a0-GrpcLogAppender: Wait interrupted by java.lang.InterruptedException
2019-09-21 06:04:01,162 [org.apache.ratis.server.impl.LogAppender$AppenderDaemon$$Lambda$498/2100227936@709c8536] WARN  server.GrpcLogAppender (GrpcLogAppender.java:mayWait(143)) - 99900494-266b-42a4-93d7-8c51c8bb3acf@group-EE668F731C0C->c247419f-afa0-485d-9404-7d7331c991d0-GrpcLogAppender: Wait interrupted by java.lang.InterruptedException
2019-09-21 06:04:01,162 [ForkJoinPool.commonPool-worker-1] INFO  impl.PendingRequests (PendingRequests.java:sendNotLeaderResponses(202)) - 99900494-266b-42a4-93d7-8c51c8bb3acf-PendingRequests: sendNotLeaderResponses
2019-09-21 06:04:01,162 [main] INFO  impl.StateMachineUpdater (StateMachineUpdater.java:stopAndJoin(125)) - 99900494-266b-42a4-93d7-8c51c8bb3acf@group-40F65AF2F6D2-StateMachineUpdater: set stopIndex = 0
2019-09-21 06:04:01,169 [ForkJoinPool.commonPool-worker-1] INFO  impl.StateMachineUpdater (StateMachineUpdater.java:stopAndJoin(125)) - 99900494-266b-42a4-93d7-8c51c8bb3acf@group-EE668F731C0C-StateMachineUpdater: set stopIndex = 15
2019-09-21 06:04:01,169 [grpc-default-executor-10] INFO  server.GrpcServerProtocolService (GrpcServerProtocolService.java:onCompleted(113)) - c247419f-afa0-485d-9404-7d7331c991d0: Completed APPEND_ENTRIES, lastRequest: 99900494-266b-42a4-93d7-8c51c8bb3acf->c247419f-afa0-485d-9404-7d7331c991d0#18-t1, previous=(t:1, i:15), leaderCommit=15, initializing? false, entries: <empty>
2019-09-21 06:04:01,169 [99900494-266b-42a4-93d7-8c51c8bb3acf@group-EE668F731C0C-StateMachineUpdater] INFO  ratis.ContainerStateMachine (ContainerStateMachine.java:takeSnapshot(289)) - group-EE668F731C0C: Taking a snapshot at:(t:1, i:13) file /workdir/hadoop-ozone/integration-test/target/test-dir/MiniOzoneClusterImpl-4a7d2b0f-1947-4f54-9952-6ed79e26d9e2/datanode-4/data/ratis/98c4ef78-078c-41f6-afb0-ee668f731c0c/sm/snapshot.1_13
2019-09-21 06:04:01,169 [grpc-default-executor-11] INFO  server.GrpcServerProtocolService (GrpcServerProtocolService.java:onCompleted(113)) - 21b94872-2e85-4ccf-8aec-b3b8618cb6a0: Completed APPEND_ENTRIES, lastRequest: 99900494-266b-42a4-93d7-8c51c8bb3acf->21b94872-2e85-4ccf-8aec-b3b8618cb6a0#18-t1, previous=(t:1, i:15), leaderCommit=15, initializing? false, entries: <empty>
2019-09-21 06:04:01,170 [grpc-default-executor-10] INFO  server.GrpcLogAppender (GrpcLogAppender.java:onCompleted(293)) - 99900494-266b-42a4-93d7-8c51c8bb3acf@group-EE668F731C0C->c247419f-afa0-485d-9404-7d7331c991d0-AppendLogResponseHandler: follower responses appendEntries COMPLETED
2019-09-21 06:04:01,169 [main] INFO  impl.RaftServerImpl (ServerState.java:close(385)) - 99900494-266b-42a4-93d7-8c51c8bb3acf@group-40F65AF2F6D2: closes. applyIndex: 0
2019-09-21 06:04:01,170 [grpc-default-executor-11] INFO  server.GrpcLogAppender (GrpcLogAppender.java:onCompleted(293)) - 99900494-266b-42a4-93d7-8c51c8bb3acf@group-EE668F731C0C->21b94872-2e85-4ccf-8aec-b3b8618cb6a0-AppendLogResponseHandler: follower responses appendEntries COMPLETED
2019-09-21 06:04:01,171 [grpc-default-executor-10] INFO  impl.FollowerInfo (FollowerInfo.java:lambda$new$0(51)) - 99900494-266b-42a4-93d7-8c51c8bb3acf@group-EE668F731C0C->c247419f-afa0-485d-9404-7d7331c991d0: nextIndex: updateUnconditionally 16 -> 15
2019-09-21 06:04:01,170 [99900494-266b-42a4-93d7-8c51c8bb3acf@group-40F65AF2F6D2-SegmentedRaftLogWorker] INFO  segmented.SegmentedRaftLogWorker (SegmentedRaftLogWorker.java:run(313)) - 99900494-266b-42a4-93d7-8c51c8bb3acf@group-40F65AF2F6D2-SegmentedRaftLogWorker was interrupted, exiting. There are 0 tasks remaining in the queue.
2019-09-21 06:04:01,171 [grpc-default-executor-11] INFO  impl.FollowerInfo (FollowerInfo.java:lambda$new$0(51)) - 99900494-266b-42a4-93d7-8c51c8bb3acf@group-EE668F731C0C->21b94872-2e85-4ccf-8aec-b3b8618cb6a0: nextIndex: updateUnconditionally 16 -> 15
2019-09-21 06:04:01,174 [main] INFO  segmented.SegmentedRaftLogWorker (SegmentedRaftLogWorker.java:close(228)) - 99900494-266b-42a4-93d7-8c51c8bb3acf@group-40F65AF2F6D2-SegmentedRaftLogWorker close()
2019-09-21 06:04:01,203 [99900494-266b-42a4-93d7-8c51c8bb3acf@group-EE668F731C0C-StateMachineUpdater] INFO  ratis.ContainerStateMachine (ContainerStateMachine.java:takeSnapshot(300)) - group-EE668F731C0C: Finished taking a snapshot at:(t:1, i:13) file:/workdir/hadoop-ozone/integration-test/target/test-dir/MiniOzoneClusterImpl-4a7d2b0f-1947-4f54-9952-6ed79e26d9e2/datanode-4/data/ratis/98c4ef78-078c-41f6-afb0-ee668f731c0c/sm/snapshot.1_13 time:34
2019-09-21 06:04:01,203 [99900494-266b-42a4-93d7-8c51c8bb3acf@group-EE668F731C0C-StateMachineUpdater] INFO  impl.StateMachineUpdater (StateMachineUpdater.java:takeSnapshot(258)) - 99900494-266b-42a4-93d7-8c51c8bb3acf@group-EE668F731C0C-StateMachineUpdater: Took a snapshot at index 13
2019-09-21 06:04:01,203 [99900494-266b-42a4-93d7-8c51c8bb3acf@group-EE668F731C0C-StateMachineUpdater] INFO  impl.StateMachineUpdater (StateMachineUpdater.java:lambda$new$0(83)) - 99900494-266b-42a4-93d7-8c51c8bb3acf@group-EE668F731C0C-StateMachineUpdater: snapshotIndex: updateIncreasingly -1 -> 13
2019-09-21 06:04:01,203 [99900494-266b-42a4-93d7-8c51c8bb3acf@group-EE668F731C0C-StateMachineUpdater] INFO  ratis.ContainerStateMachine (ContainerStateMachine.java:takeSnapshot(289)) - group-EE668F731C0C: Taking a snapshot at:(t:1, i:13) file /workdir/hadoop-ozone/integration-test/target/test-dir/MiniOzoneClusterImpl-4a7d2b0f-1947-4f54-9952-6ed79e26d9e2/datanode-4/data/ratis/98c4ef78-078c-41f6-afb0-ee668f731c0c/sm/snapshot.1_13
2019-09-21 06:04:01,226 [99900494-266b-42a4-93d7-8c51c8bb3acf@group-EE668F731C0C-StateMachineUpdater] INFO  ratis.ContainerStateMachine (ContainerStateMachine.java:takeSnapshot(300)) - group-EE668F731C0C: Finished taking a snapshot at:(t:1, i:13) file:/workdir/hadoop-ozone/integration-test/target/test-dir/MiniOzoneClusterImpl-4a7d2b0f-1947-4f54-9952-6ed79e26d9e2/datanode-4/data/ratis/98c4ef78-078c-41f6-afb0-ee668f731c0c/sm/snapshot.1_13 time:22
2019-09-21 06:04:01,226 [99900494-266b-42a4-93d7-8c51c8bb3acf@group-EE668F731C0C-StateMachineUpdater] INFO  impl.StateMachineUpdater (StateMachineUpdater.java:takeSnapshot(258)) - 99900494-266b-42a4-93d7-8c51c8bb3acf@group-EE668F731C0C-StateMachineUpdater: Took a snapshot at index 13
2019-09-21 06:04:01,226 [99900494-266b-42a4-93d7-8c51c8bb3acf@group-EE668F731C0C-StateMachineUpdater] INFO  impl.StateMachineUpdater (StateMachineUpdater.java:lambda$new$0(83)) - 99900494-266b-42a4-93d7-8c51c8bb3acf@group-EE668F731C0C-StateMachineUpdater: snapshotIndex: updateIncreasingly 13 -> 13
2019-09-21 06:04:01,227 [ForkJoinPool.commonPool-worker-1] INFO  impl.RaftServerImpl (ServerState.java:close(385)) - 99900494-266b-42a4-93d7-8c51c8bb3acf@group-EE668F731C0C: closes. applyIndex: 15
2019-09-21 06:04:01,227 [99900494-266b-42a4-93d7-8c51c8bb3acf@group-EE668F731C0C-SegmentedRaftLogWorker] INFO  segmented.SegmentedRaftLogWorker (SegmentedRaftLogWorker.java:run(313)) - 99900494-266b-42a4-93d7-8c51c8bb3acf@group-EE668F731C0C-SegmentedRaftLogWorker was interrupted, exiting. There are 0 tasks remaining in the queue.
2019-09-21 06:04:01,232 [ForkJoinPool.commonPool-worker-1] INFO  segmented.SegmentedRaftLogWorker (SegmentedRaftLogWorker.java:close(228)) - 99900494-266b-42a4-93d7-8c51c8bb3acf@group-EE668F731C0C-SegmentedRaftLogWorker close()
2019-09-21 06:04:01,237 [main] INFO  server.GrpcService (GrpcService.java:closeImpl(164)) - 99900494-266b-42a4-93d7-8c51c8bb3acf: shutdown server with port 41442 now
2019-09-21 06:04:01,238 [main] INFO  server.GrpcService (GrpcService.java:closeImpl(172)) - 99900494-266b-42a4-93d7-8c51c8bb3acf: shutdown server with port 41442 successfully
2019-09-21 06:04:01,238 [grpc-default-executor-10] WARN  client.GrpcClientProtocolService (LogUtils.java:warn(134)) - 3-UnorderedRequestStreamObserver3: onError: org.apache.ratis.thirdparty.io.grpc.StatusRuntimeException: CANCELLED: cancelled before receiving half close
2019-09-21 06:04:01,243 [refreshUsed-/workdir/hadoop-ozone/integration-test/target/test-dir/MiniOzoneClusterImpl-4a7d2b0f-1947-4f54-9952-6ed79e26d9e2/datanode-4/data/containers] WARN  fs.CachingGetSpaceUsed (CachingGetSpaceUsed.java:run(183)) - Thread Interrupted waiting to refresh disk information: sleep interrupted
2019-09-21 06:04:01,260 [main] INFO  utils.BackgroundService (BackgroundService.java:shutdown(148)) - Shutting down service BlockDeletingService
2019-09-21 06:04:01,278 [main] INFO  statemachine.DatanodeStateMachine (DatanodeStateMachine.java:stopDaemon(395)) - Ozone container server stopped.
2019-09-21 06:04:01,280 [main] INFO  handler.ContextHandler (ContextHandler.java:doStop(910)) - Stopped o.e.j.w.WebAppContext@1eb85a47{/,null,UNAVAILABLE}{/hddsDatanode}
2019-09-21 06:04:01,281 [main] INFO  server.AbstractConnector (AbstractConnector.java:doStop(318)) - Stopped ServerConnector@ca7e37f{HTTP/1.1,[http/1.1]}{0.0.0.0:0}
2019-09-21 06:04:01,281 [main] INFO  handler.ContextHandler (ContextHandler.java:doStop(910)) - Stopped o.e.j.s.ServletContextHandler@3869a6e5{/static,jar:file:/home/user/.m2/repository/org/apache/hadoop/hadoop-hdds-container-service/0.5.0-SNAPSHOT/hadoop-hdds-container-service-0.5.0-SNAPSHOT.jar!/webapps/static,UNAVAILABLE}
2019-09-21 06:04:01,281 [main] INFO  handler.ContextHandler (ContextHandler.java:doStop(910)) - Stopped o.e.j.s.ServletContextHandler@6562cc23{/logs,file:///workdir/hadoop-ozone/integration-test/target/log,UNAVAILABLE}
2019-09-21 06:04:10,406 [Thread-3163] INFO  impl.FollowerState (FollowerState.java:run(106)) - c247419f-afa0-485d-9404-7d7331c991d0:group-EE668F731C0C changes to CANDIDATE, lastRpcTime:9260, electionTimeout:5199ms
2019-09-21 06:04:10,407 [Thread-3163] INFO  impl.RoleInfo (RoleInfo.java:shutdownFollowerState(121)) - c247419f-afa0-485d-9404-7d7331c991d0: shutdown FollowerState
2019-09-21 06:04:10,408 [Thread-3163] INFO  impl.RaftServerImpl (RaftServerImpl.java:setRole(174)) - c247419f-afa0-485d-9404-7d7331c991d0@group-EE668F731C0C: changes role from  FOLLOWER to CANDIDATE at term 1 for changeToCandidate
2019-09-21 06:04:10,408 [Thread-3163] INFO  impl.RoleInfo (RoleInfo.java:updateAndGet(143)) - c247419f-afa0-485d-9404-7d7331c991d0: start LeaderElection
2019-09-21 06:04:10,415 [c247419f-afa0-485d-9404-7d7331c991d0@group-EE668F731C0C:LeaderElection83] INFO  impl.RaftServerImpl (ServerState.java:setLeader(253)) - c247419f-afa0-485d-9404-7d7331c991d0@group-EE668F731C0C: change Leader from 99900494-266b-42a4-93d7-8c51c8bb3acf to null at term 1 for initElection
2019-09-21 06:04:10,424 [Thread-3164] INFO  impl.FollowerState (FollowerState.java:run(106)) - 21b94872-2e85-4ccf-8aec-b3b8618cb6a0:group-EE668F731C0C changes to CANDIDATE, lastRpcTime:9280, electionTimeout:5038ms
2019-09-21 06:04:10,424 [Thread-3164] INFO  impl.RoleInfo (RoleInfo.java:shutdownFollowerState(121)) - 21b94872-2e85-4ccf-8aec-b3b8618cb6a0: shutdown FollowerState
2019-09-21 06:04:10,425 [Thread-3164] INFO  impl.RaftServerImpl (RaftServerImpl.java:setRole(174)) - 21b94872-2e85-4ccf-8aec-b3b8618cb6a0@group-EE668F731C0C: changes role from  FOLLOWER to CANDIDATE at term 1 for changeToCandidate
2019-09-21 06:04:10,425 [Thread-3164] INFO  impl.RoleInfo (RoleInfo.java:updateAndGet(143)) - 21b94872-2e85-4ccf-8aec-b3b8618cb6a0: start LeaderElection
2019-09-21 06:04:10,425 [21b94872-2e85-4ccf-8aec-b3b8618cb6a0@group-EE668F731C0C:LeaderElection84] INFO  impl.RaftServerImpl (ServerState.java:setLeader(253)) - 21b94872-2e85-4ccf-8aec-b3b8618cb6a0@group-EE668F731C0C: change Leader from 99900494-266b-42a4-93d7-8c51c8bb3acf to null at term 1 for initElection
2019-09-21 06:04:10,449 [c247419f-afa0-485d-9404-7d7331c991d0@group-EE668F731C0C:LeaderElection83] INFO  impl.LeaderElection (LeaderElection.java:askForVotes(182)) - c247419f-afa0-485d-9404-7d7331c991d0@group-EE668F731C0C:LeaderElection83: begin an election at term 2 for 0: [21b94872-2e85-4ccf-8aec-b3b8618cb6a0:192.168.34.39:43596, c247419f-afa0-485d-9404-7d7331c991d0:192.168.34.39:37933, 99900494-266b-42a4-93d7-8c51c8bb3acf:192.168.34.39:41442], old=null
2019-09-21 06:04:10,452 [c247419f-afa0-485d-9404-7d7331c991d0@group-EE668F731C0C:LeaderElection83] INFO  impl.LeaderElection (LogUtils.java:infoOrTrace(149)) - c247419f-afa0-485d-9404-7d7331c991d0@group-EE668F731C0C:LeaderElection83 got exception when requesting votes: {}
java.util.concurrent.ExecutionException: org.apache.ratis.thirdparty.io.grpc.StatusRuntimeException: UNAVAILABLE: io exception
	at java.util.concurrent.FutureTask.report(FutureTask.java:122)
	at java.util.concurrent.FutureTask.get(FutureTask.java:192)
	at org.apache.ratis.server.impl.LeaderElection.waitForResults(LeaderElection.java:263)
	at org.apache.ratis.server.impl.LeaderElection.askForVotes(LeaderElection.java:201)
	at org.apache.ratis.server.impl.LeaderElection.run(LeaderElection.java:133)
	at java.lang.Thread.run(Thread.java:748)
Caused by: org.apache.ratis.thirdparty.io.grpc.StatusRuntimeException: UNAVAILABLE: io exception
	at org.apache.ratis.thirdparty.io.grpc.stub.ClientCalls.toStatusRuntimeException(ClientCalls.java:233)
	at org.apache.ratis.thirdparty.io.grpc.stub.ClientCalls.getUnchecked(ClientCalls.java:214)
	at org.apache.ratis.thirdparty.io.grpc.stub.ClientCalls.blockingUnaryCall(ClientCalls.java:139)
	at org.apache.ratis.proto.grpc.RaftServerProtocolServiceGrpc$RaftServerProtocolServiceBlockingStub.requestVote(RaftServerProtocolServiceGrpc.java:265)
	at org.apache.ratis.grpc.server.GrpcServerProtocolClient.requestVote(GrpcServerProtocolClient.java:90)
	at org.apache.ratis.grpc.server.GrpcService.requestVote(GrpcService.java:204)
	at org.apache.ratis.server.impl.LeaderElection.lambda$submitRequests$1(LeaderElection.java:238)
	at java.util.concurrent.FutureTask.run(FutureTask.java:266)
	at java.util.concurrent.Executors$RunnableAdapter.call(Executors.java:511)
	at java.util.concurrent.FutureTask.run(FutureTask.java:266)
	at java.util.concurrent.ThreadPoolExecutor.runWorker(ThreadPoolExecutor.java:1149)
	at java.util.concurrent.ThreadPoolExecutor$Worker.run(ThreadPoolExecutor.java:624)
	... 1 more
Caused by: org.apache.ratis.thirdparty.io.netty.channel.AbstractChannel$AnnotatedConnectException: Connection refused: /192.168.34.39:41442
	at sun.nio.ch.SocketChannelImpl.checkConnect(Native Method)
	at sun.nio.ch.SocketChannelImpl.finishConnect(SocketChannelImpl.java:717)
	at org.apache.ratis.thirdparty.io.netty.channel.socket.nio.NioSocketChannel.doFinishConnect(NioSocketChannel.java:327)
	at org.apache.ratis.thirdparty.io.netty.channel.nio.AbstractNioChannel$AbstractNioUnsafe.finishConnect(AbstractNioChannel.java:340)
	at org.apache.ratis.thirdparty.io.netty.channel.nio.NioEventLoop.processSelectedKey(NioEventLoop.java:632)
	at org.apache.ratis.thirdparty.io.netty.channel.nio.NioEventLoop.processSelectedKeysOptimized(NioEventLoop.java:579)
	at org.apache.ratis.thirdparty.io.netty.channel.nio.NioEventLoop.processSelectedKeys(NioEventLoop.java:496)
	at org.apache.ratis.thirdparty.io.netty.channel.nio.NioEventLoop.run(NioEventLoop.java:458)
	at org.apache.ratis.thirdparty.io.netty.util.concurrent.SingleThreadEventExecutor$5.run(SingleThreadEventExecutor.java:897)
	at org.apache.ratis.thirdparty.io.netty.util.concurrent.FastThreadLocalRunnable.run(FastThreadLocalRunnable.java:30)
	... 1 more
Caused by: java.net.ConnectException: Connection refused
	... 11 more
2019-09-21 06:04:10,456 [21b94872-2e85-4ccf-8aec-b3b8618cb6a0@group-EE668F731C0C:LeaderElection84] INFO  impl.LeaderElection (LeaderElection.java:askForVotes(182)) - 21b94872-2e85-4ccf-8aec-b3b8618cb6a0@group-EE668F731C0C:LeaderElection84: begin an election at term 2 for 0: [21b94872-2e85-4ccf-8aec-b3b8618cb6a0:192.168.34.39:43596, c247419f-afa0-485d-9404-7d7331c991d0:192.168.34.39:37933, 99900494-266b-42a4-93d7-8c51c8bb3acf:192.168.34.39:41442], old=null
2019-09-21 06:04:10,460 [c247419f-afa0-485d-9404-7d7331c991d0@group-EE668F731C0C:LeaderElection83] INFO  impl.LeaderElection (LeaderElection.java:logAndReturn(56)) - c247419f-afa0-485d-9404-7d7331c991d0@group-EE668F731C0C:LeaderElection83: Election REJECTED; received 1 response(s) [c247419f-afa0-485d-9404-7d7331c991d0<-21b94872-2e85-4ccf-8aec-b3b8618cb6a0#0:FAIL-t2] and 1 exception(s); c247419f-afa0-485d-9404-7d7331c991d0@group-EE668F731C0C:t2, leader=null, voted=c247419f-afa0-485d-9404-7d7331c991d0, raftlog=c247419f-afa0-485d-9404-7d7331c991d0@group-EE668F731C0C-SegmentedRaftLog:OPENED:c15,f15,i15, conf=0: [21b94872-2e85-4ccf-8aec-b3b8618cb6a0:192.168.34.39:43596, c247419f-afa0-485d-9404-7d7331c991d0:192.168.34.39:37933, 99900494-266b-42a4-93d7-8c51c8bb3acf:192.168.34.39:41442], old=null
2019-09-21 06:04:10,460 [c247419f-afa0-485d-9404-7d7331c991d0@group-EE668F731C0C:LeaderElection83] INFO  impl.LeaderElection (LogUtils.java:infoOrTrace(149)) -   Exception 0: {}
java.util.concurrent.ExecutionException: org.apache.ratis.thirdparty.io.grpc.StatusRuntimeException: UNAVAILABLE: io exception
	at java.util.concurrent.FutureTask.report(FutureTask.java:122)
	at java.util.concurrent.FutureTask.get(FutureTask.java:192)
	at org.apache.ratis.server.impl.LeaderElection.waitForResults(LeaderElection.java:263)
	at org.apache.ratis.server.impl.LeaderElection.askForVotes(LeaderElection.java:201)
	at org.apache.ratis.server.impl.LeaderElection.run(LeaderElection.java:133)
	at java.lang.Thread.run(Thread.java:748)
Caused by: org.apache.ratis.thirdparty.io.grpc.StatusRuntimeException: UNAVAILABLE: io exception
	at org.apache.ratis.thirdparty.io.grpc.stub.ClientCalls.toStatusRuntimeException(ClientCalls.java:233)
	at org.apache.ratis.thirdparty.io.grpc.stub.ClientCalls.getUnchecked(ClientCalls.java:214)
	at org.apache.ratis.thirdparty.io.grpc.stub.ClientCalls.blockingUnaryCall(ClientCalls.java:139)
	at org.apache.ratis.proto.grpc.RaftServerProtocolServiceGrpc$RaftServerProtocolServiceBlockingStub.requestVote(RaftServerProtocolServiceGrpc.java:265)
	at org.apache.ratis.grpc.server.GrpcServerProtocolClient.requestVote(GrpcServerProtocolClient.java:90)
	at org.apache.ratis.grpc.server.GrpcService.requestVote(GrpcService.java:204)
	at org.apache.ratis.server.impl.LeaderElection.lambda$submitRequests$1(LeaderElection.java:238)
	at java.util.concurrent.FutureTask.run(FutureTask.java:266)
	at java.util.concurrent.Executors$RunnableAdapter.call(Executors.java:511)
	at java.util.concurrent.FutureTask.run(FutureTask.java:266)
	at java.util.concurrent.ThreadPoolExecutor.runWorker(ThreadPoolExecutor.java:1149)
	at java.util.concurrent.ThreadPoolExecutor$Worker.run(ThreadPoolExecutor.java:624)
	... 1 more
Caused by: org.apache.ratis.thirdparty.io.netty.channel.AbstractChannel$AnnotatedConnectException: Connection refused: /192.168.34.39:41442
	at sun.nio.ch.SocketChannelImpl.checkConnect(Native Method)
	at sun.nio.ch.SocketChannelImpl.finishConnect(SocketChannelImpl.java:717)
	at org.apache.ratis.thirdparty.io.netty.channel.socket.nio.NioSocketChannel.doFinishConnect(NioSocketChannel.java:327)
	at org.apache.ratis.thirdparty.io.netty.channel.nio.AbstractNioChannel$AbstractNioUnsafe.finishConnect(AbstractNioChannel.java:340)
	at org.apache.ratis.thirdparty.io.netty.channel.nio.NioEventLoop.processSelectedKey(NioEventLoop.java:632)
	at org.apache.ratis.thirdparty.io.netty.channel.nio.NioEventLoop.processSelectedKeysOptimized(NioEventLoop.java:579)
	at org.apache.ratis.thirdparty.io.netty.channel.nio.NioEventLoop.processSelectedKeys(NioEventLoop.java:496)
	at org.apache.ratis.thirdparty.io.netty.channel.nio.NioEventLoop.run(NioEventLoop.java:458)
	at org.apache.ratis.thirdparty.io.netty.util.concurrent.SingleThreadEventExecutor$5.run(SingleThreadEventExecutor.java:897)
	at org.apache.ratis.thirdparty.io.netty.util.concurrent.FastThreadLocalRunnable.run(FastThreadLocalRunnable.java:30)
	... 1 more
Caused by: java.net.ConnectException: Connection refused
	... 11 more
2019-09-21 06:04:10,461 [21b94872-2e85-4ccf-8aec-b3b8618cb6a0@group-EE668F731C0C:LeaderElection84] INFO  impl.LeaderElection (LogUtils.java:infoOrTrace(149)) - 21b94872-2e85-4ccf-8aec-b3b8618cb6a0@group-EE668F731C0C:LeaderElection84 got exception when requesting votes: {}
java.util.concurrent.ExecutionException: org.apache.ratis.thirdparty.io.grpc.StatusRuntimeException: UNAVAILABLE: io exception
	at java.util.concurrent.FutureTask.report(FutureTask.java:122)
	at java.util.concurrent.FutureTask.get(FutureTask.java:192)
	at org.apache.ratis.server.impl.LeaderElection.waitForResults(LeaderElection.java:263)
	at org.apache.ratis.server.impl.LeaderElection.askForVotes(LeaderElection.java:201)
	at org.apache.ratis.server.impl.LeaderElection.run(LeaderElection.java:133)
	at java.lang.Thread.run(Thread.java:748)
Caused by: org.apache.ratis.thirdparty.io.grpc.StatusRuntimeException: UNAVAILABLE: io exception
	at org.apache.ratis.thirdparty.io.grpc.stub.ClientCalls.toStatusRuntimeException(ClientCalls.java:233)
	at org.apache.ratis.thirdparty.io.grpc.stub.ClientCalls.getUnchecked(ClientCalls.java:214)
	at org.apache.ratis.thirdparty.io.grpc.stub.ClientCalls.blockingUnaryCall(ClientCalls.java:139)
	at org.apache.ratis.proto.grpc.RaftServerProtocolServiceGrpc$RaftServerProtocolServiceBlockingStub.requestVote(RaftServerProtocolServiceGrpc.java:265)
	at org.apache.ratis.grpc.server.GrpcServerProtocolClient.requestVote(GrpcServerProtocolClient.java:90)
	at org.apache.ratis.grpc.server.GrpcService.requestVote(GrpcService.java:204)
	at org.apache.ratis.server.impl.LeaderElection.lambda$submitRequests$1(LeaderElection.java:238)
	at java.util.concurrent.FutureTask.run(FutureTask.java:266)
	at java.util.concurrent.Executors$RunnableAdapter.call(Executors.java:511)
	at java.util.concurrent.FutureTask.run(FutureTask.java:266)
	at java.util.concurrent.ThreadPoolExecutor.runWorker(ThreadPoolExecutor.java:1149)
	at java.util.concurrent.ThreadPoolExecutor$Worker.run(ThreadPoolExecutor.java:624)
	... 1 more
Caused by: org.apache.ratis.thirdparty.io.netty.channel.AbstractChannel$AnnotatedConnectException: Connection refused: /192.168.34.39:41442
	at sun.nio.ch.SocketChannelImpl.checkConnect(Native Method)
	at sun.nio.ch.SocketChannelImpl.finishConnect(SocketChannelImpl.java:717)
	at org.apache.ratis.thirdparty.io.netty.channel.socket.nio.NioSocketChannel.doFinishConnect(NioSocketChannel.java:327)
	at org.apache.ratis.thirdparty.io.netty.channel.nio.AbstractNioChannel$AbstractNioUnsafe.finishConnect(AbstractNioChannel.java:340)
	at org.apache.ratis.thirdparty.io.netty.channel.nio.NioEventLoop.processSelectedKey(NioEventLoop.java:632)
	at org.apache.ratis.thirdparty.io.netty.channel.nio.NioEventLoop.processSelectedKeysOptimized(NioEventLoop.java:579)
	at org.apache.ratis.thirdparty.io.netty.channel.nio.NioEventLoop.processSelectedKeys(NioEventLoop.java:496)
	at org.apache.ratis.thirdparty.io.netty.channel.nio.NioEventLoop.run(NioEventLoop.java:458)
	at org.apache.ratis.thirdparty.io.netty.util.concurrent.SingleThreadEventExecutor$5.run(SingleThreadEventExecutor.java:897)
	at org.apache.ratis.thirdparty.io.netty.util.concurrent.FastThreadLocalRunnable.run(FastThreadLocalRunnable.java:30)
	... 1 more
Caused by: java.net.ConnectException: Connection refused
	... 11 more
2019-09-21 06:04:10,466 [c247419f-afa0-485d-9404-7d7331c991d0@group-EE668F731C0C:LeaderElection83] INFO  impl.RaftServerImpl (RaftServerImpl.java:setRole(174)) - c247419f-afa0-485d-9404-7d7331c991d0@group-EE668F731C0C: changes role from CANDIDATE to FOLLOWER at term 2 for DISCOVERED_A_NEW_TERM
2019-09-21 06:04:10,471 [c247419f-afa0-485d-9404-7d7331c991d0@group-EE668F731C0C:LeaderElection83] INFO  impl.RoleInfo (RoleInfo.java:shutdownLeaderElection(134)) - c247419f-afa0-485d-9404-7d7331c991d0: shutdown LeaderElection
2019-09-21 06:04:10,471 [c247419f-afa0-485d-9404-7d7331c991d0@group-EE668F731C0C:LeaderElection83] INFO  impl.RoleInfo (RoleInfo.java:updateAndGet(143)) - c247419f-afa0-485d-9404-7d7331c991d0: start FollowerState
2019-09-21 06:04:10,476 [21b94872-2e85-4ccf-8aec-b3b8618cb6a0@group-EE668F731C0C:LeaderElection84] INFO  impl.LeaderElection (LeaderElection.java:logAndReturn(56)) - 21b94872-2e85-4ccf-8aec-b3b8618cb6a0@group-EE668F731C0C:LeaderElection84: Election REJECTED; received 1 response(s) [21b94872-2e85-4ccf-8aec-b3b8618cb6a0<-c247419f-afa0-485d-9404-7d7331c991d0#0:FAIL-t2] and 1 exception(s); 21b94872-2e85-4ccf-8aec-b3b8618cb6a0@group-EE668F731C0C:t2, leader=null, voted=21b94872-2e85-4ccf-8aec-b3b8618cb6a0, raftlog=21b94872-2e85-4ccf-8aec-b3b8618cb6a0@group-EE668F731C0C-SegmentedRaftLog:OPENED:c15,f15,i15, conf=0: [21b94872-2e85-4ccf-8aec-b3b8618cb6a0:192.168.34.39:43596, c247419f-afa0-485d-9404-7d7331c991d0:192.168.34.39:37933, 99900494-266b-42a4-93d7-8c51c8bb3acf:192.168.34.39:41442], old=null
2019-09-21 06:04:10,476 [21b94872-2e85-4ccf-8aec-b3b8618cb6a0@group-EE668F731C0C:LeaderElection84] INFO  impl.LeaderElection (LogUtils.java:infoOrTrace(149)) -   Exception 0: {}
java.util.concurrent.ExecutionException: org.apache.ratis.thirdparty.io.grpc.StatusRuntimeException: UNAVAILABLE: io exception
	at java.util.concurrent.FutureTask.report(FutureTask.java:122)
	at java.util.concurrent.FutureTask.get(FutureTask.java:192)
	at org.apache.ratis.server.impl.LeaderElection.waitForResults(LeaderElection.java:263)
	at org.apache.ratis.server.impl.LeaderElection.askForVotes(LeaderElection.java:201)
	at org.apache.ratis.server.impl.LeaderElection.run(LeaderElection.java:133)
	at java.lang.Thread.run(Thread.java:748)
Caused by: org.apache.ratis.thirdparty.io.grpc.StatusRuntimeException: UNAVAILABLE: io exception
	at org.apache.ratis.thirdparty.io.grpc.stub.ClientCalls.toStatusRuntimeException(ClientCalls.java:233)
	at org.apache.ratis.thirdparty.io.grpc.stub.ClientCalls.getUnchecked(ClientCalls.java:214)
	at org.apache.ratis.thirdparty.io.grpc.stub.ClientCalls.blockingUnaryCall(ClientCalls.java:139)
	at org.apache.ratis.proto.grpc.RaftServerProtocolServiceGrpc$RaftServerProtocolServiceBlockingStub.requestVote(RaftServerProtocolServiceGrpc.java:265)
	at org.apache.ratis.grpc.server.GrpcServerProtocolClient.requestVote(GrpcServerProtocolClient.java:90)
	at org.apache.ratis.grpc.server.GrpcService.requestVote(GrpcService.java:204)
	at org.apache.ratis.server.impl.LeaderElection.lambda$submitRequests$1(LeaderElection.java:238)
	at java.util.concurrent.FutureTask.run(FutureTask.java:266)
	at java.util.concurrent.Executors$RunnableAdapter.call(Executors.java:511)
	at java.util.concurrent.FutureTask.run(FutureTask.java:266)
	at java.util.concurrent.ThreadPoolExecutor.runWorker(ThreadPoolExecutor.java:1149)
	at java.util.concurrent.ThreadPoolExecutor$Worker.run(ThreadPoolExecutor.java:624)
	... 1 more
Caused by: org.apache.ratis.thirdparty.io.netty.channel.AbstractChannel$AnnotatedConnectException: Connection refused: /192.168.34.39:41442
	at sun.nio.ch.SocketChannelImpl.checkConnect(Native Method)
	at sun.nio.ch.SocketChannelImpl.finishConnect(SocketChannelImpl.java:717)
	at org.apache.ratis.thirdparty.io.netty.channel.socket.nio.NioSocketChannel.doFinishConnect(NioSocketChannel.java:327)
	at org.apache.ratis.thirdparty.io.netty.channel.nio.AbstractNioChannel$AbstractNioUnsafe.finishConnect(AbstractNioChannel.java:340)
	at org.apache.ratis.thirdparty.io.netty.channel.nio.NioEventLoop.processSelectedKey(NioEventLoop.java:632)
	at org.apache.ratis.thirdparty.io.netty.channel.nio.NioEventLoop.processSelectedKeysOptimized(NioEventLoop.java:579)
	at org.apache.ratis.thirdparty.io.netty.channel.nio.NioEventLoop.processSelectedKeys(NioEventLoop.java:496)
	at org.apache.ratis.thirdparty.io.netty.channel.nio.NioEventLoop.run(NioEventLoop.java:458)
	at org.apache.ratis.thirdparty.io.netty.util.concurrent.SingleThreadEventExecutor$5.run(SingleThreadEventExecutor.java:897)
	at org.apache.ratis.thirdparty.io.netty.util.concurrent.FastThreadLocalRunnable.run(FastThreadLocalRunnable.java:30)
	... 1 more
Caused by: java.net.ConnectException: Connection refused
	... 11 more
2019-09-21 06:04:10,476 [21b94872-2e85-4ccf-8aec-b3b8618cb6a0@group-EE668F731C0C:LeaderElection84] INFO  impl.RaftServerImpl (RaftServerImpl.java:setRole(174)) - 21b94872-2e85-4ccf-8aec-b3b8618cb6a0@group-EE668F731C0C: changes role from CANDIDATE to FOLLOWER at term 2 for DISCOVERED_A_NEW_TERM
2019-09-21 06:04:10,476 [21b94872-2e85-4ccf-8aec-b3b8618cb6a0@group-EE668F731C0C:LeaderElection84] INFO  impl.RoleInfo (RoleInfo.java:shutdownLeaderElection(134)) - 21b94872-2e85-4ccf-8aec-b3b8618cb6a0: shutdown LeaderElection
2019-09-21 06:04:10,477 [21b94872-2e85-4ccf-8aec-b3b8618cb6a0@group-EE668F731C0C:LeaderElection84] INFO  impl.RoleInfo (RoleInfo.java:updateAndGet(143)) - 21b94872-2e85-4ccf-8aec-b3b8618cb6a0: start FollowerState
2019-09-21 06:04:15,538 [Thread-3272] INFO  impl.FollowerState (FollowerState.java:run(106)) - 21b94872-2e85-4ccf-8aec-b3b8618cb6a0:group-EE668F731C0C changes to CANDIDATE, lastRpcTime:5061, electionTimeout:5061ms
2019-09-21 06:04:15,543 [Thread-3272] INFO  impl.RoleInfo (RoleInfo.java:shutdownFollowerState(121)) - 21b94872-2e85-4ccf-8aec-b3b8618cb6a0: shutdown FollowerState
2019-09-21 06:04:15,544 [Thread-3272] INFO  impl.RaftServerImpl (RaftServerImpl.java:setRole(174)) - 21b94872-2e85-4ccf-8aec-b3b8618cb6a0@group-EE668F731C0C: changes role from  FOLLOWER to CANDIDATE at term 2 for changeToCandidate
2019-09-21 06:04:15,544 [Thread-3272] INFO  impl.RoleInfo (RoleInfo.java:updateAndGet(143)) - 21b94872-2e85-4ccf-8aec-b3b8618cb6a0: start LeaderElection
2019-09-21 06:04:15,561 [21b94872-2e85-4ccf-8aec-b3b8618cb6a0@group-EE668F731C0C:LeaderElection85] INFO  impl.LeaderElection (LeaderElection.java:askForVotes(182)) - 21b94872-2e85-4ccf-8aec-b3b8618cb6a0@group-EE668F731C0C:LeaderElection85: begin an election at term 3 for 0: [21b94872-2e85-4ccf-8aec-b3b8618cb6a0:192.168.34.39:43596, c247419f-afa0-485d-9404-7d7331c991d0:192.168.34.39:37933, 99900494-266b-42a4-93d7-8c51c8bb3acf:192.168.34.39:41442], old=null
2019-09-21 06:04:15,563 [21b94872-2e85-4ccf-8aec-b3b8618cb6a0@group-EE668F731C0C:LeaderElection85] INFO  impl.LeaderElection (LogUtils.java:infoOrTrace(149)) - 21b94872-2e85-4ccf-8aec-b3b8618cb6a0@group-EE668F731C0C:LeaderElection85 got exception when requesting votes: {}
java.util.concurrent.ExecutionException: org.apache.ratis.thirdparty.io.grpc.StatusRuntimeException: UNAVAILABLE: io exception
	at java.util.concurrent.FutureTask.report(FutureTask.java:122)
	at java.util.concurrent.FutureTask.get(FutureTask.java:192)
	at org.apache.ratis.server.impl.LeaderElection.waitForResults(LeaderElection.java:263)
	at org.apache.ratis.server.impl.LeaderElection.askForVotes(LeaderElection.java:201)
	at org.apache.ratis.server.impl.LeaderElection.run(LeaderElection.java:133)
	at java.lang.Thread.run(Thread.java:748)
Caused by: org.apache.ratis.thirdparty.io.grpc.StatusRuntimeException: UNAVAILABLE: io exception
	at org.apache.ratis.thirdparty.io.grpc.stub.ClientCalls.toStatusRuntimeException(ClientCalls.java:233)
	at org.apache.ratis.thirdparty.io.grpc.stub.ClientCalls.getUnchecked(ClientCalls.java:214)
	at org.apache.ratis.thirdparty.io.grpc.stub.ClientCalls.blockingUnaryCall(ClientCalls.java:139)
	at org.apache.ratis.proto.grpc.RaftServerProtocolServiceGrpc$RaftServerProtocolServiceBlockingStub.requestVote(RaftServerProtocolServiceGrpc.java:265)
	at org.apache.ratis.grpc.server.GrpcServerProtocolClient.requestVote(GrpcServerProtocolClient.java:90)
	at org.apache.ratis.grpc.server.GrpcService.requestVote(GrpcService.java:204)
	at org.apache.ratis.server.impl.LeaderElection.lambda$submitRequests$1(LeaderElection.java:238)
	at java.util.concurrent.FutureTask.run(FutureTask.java:266)
	at java.util.concurrent.Executors$RunnableAdapter.call(Executors.java:511)
	at java.util.concurrent.FutureTask.run(FutureTask.java:266)
	at java.util.concurrent.ThreadPoolExecutor.runWorker(ThreadPoolExecutor.java:1149)
	at java.util.concurrent.ThreadPoolExecutor$Worker.run(ThreadPoolExecutor.java:624)
	... 1 more
Caused by: org.apache.ratis.thirdparty.io.netty.channel.AbstractChannel$AnnotatedConnectException: Connection refused: /192.168.34.39:41442
	at sun.nio.ch.SocketChannelImpl.checkConnect(Native Method)
	at sun.nio.ch.SocketChannelImpl.finishConnect(SocketChannelImpl.java:717)
	at org.apache.ratis.thirdparty.io.netty.channel.socket.nio.NioSocketChannel.doFinishConnect(NioSocketChannel.java:327)
	at org.apache.ratis.thirdparty.io.netty.channel.nio.AbstractNioChannel$AbstractNioUnsafe.finishConnect(AbstractNioChannel.java:340)
	at org.apache.ratis.thirdparty.io.netty.channel.nio.NioEventLoop.processSelectedKey(NioEventLoop.java:632)
	at org.apache.ratis.thirdparty.io.netty.channel.nio.NioEventLoop.processSelectedKeysOptimized(NioEventLoop.java:579)
	at org.apache.ratis.thirdparty.io.netty.channel.nio.NioEventLoop.processSelectedKeys(NioEventLoop.java:496)
	at org.apache.ratis.thirdparty.io.netty.channel.nio.NioEventLoop.run(NioEventLoop.java:458)
	at org.apache.ratis.thirdparty.io.netty.util.concurrent.SingleThreadEventExecutor$5.run(SingleThreadEventExecutor.java:897)
	at org.apache.ratis.thirdparty.io.netty.util.concurrent.FastThreadLocalRunnable.run(FastThreadLocalRunnable.java:30)
	... 1 more
Caused by: java.net.ConnectException: Connection refused
	... 11 more
2019-09-21 06:04:15,567 [grpc-default-executor-10] INFO  impl.RaftServerImpl (RaftServerImpl.java:setRole(174)) - c247419f-afa0-485d-9404-7d7331c991d0@group-EE668F731C0C: changes role from  FOLLOWER to FOLLOWER at term 3 for recognizeCandidate:21b94872-2e85-4ccf-8aec-b3b8618cb6a0
2019-09-21 06:04:15,567 [grpc-default-executor-10] INFO  impl.RoleInfo (RoleInfo.java:shutdownFollowerState(121)) - c247419f-afa0-485d-9404-7d7331c991d0: shutdown FollowerState
2019-09-21 06:04:15,567 [grpc-default-executor-10] INFO  impl.RoleInfo (RoleInfo.java:updateAndGet(143)) - c247419f-afa0-485d-9404-7d7331c991d0: start FollowerState
2019-09-21 06:04:15,567 [Thread-3271] INFO  impl.FollowerState (FollowerState.java:run(115)) - c247419f-afa0-485d-9404-7d7331c991d0: FollowerState was interrupted: java.lang.InterruptedException: sleep interrupted
2019-09-21 06:04:15,584 [21b94872-2e85-4ccf-8aec-b3b8618cb6a0@group-EE668F731C0C:LeaderElection85] INFO  impl.LeaderElection (LeaderElection.java:logAndReturn(56)) - 21b94872-2e85-4ccf-8aec-b3b8618cb6a0@group-EE668F731C0C:LeaderElection85: Election PASSED; received 1 response(s) [21b94872-2e85-4ccf-8aec-b3b8618cb6a0<-c247419f-afa0-485d-9404-7d7331c991d0#0:OK-t3] and 1 exception(s); 21b94872-2e85-4ccf-8aec-b3b8618cb6a0@group-EE668F731C0C:t3, leader=null, voted=21b94872-2e85-4ccf-8aec-b3b8618cb6a0, raftlog=21b94872-2e85-4ccf-8aec-b3b8618cb6a0@group-EE668F731C0C-SegmentedRaftLog:OPENED:c15,f15,i15, conf=0: [21b94872-2e85-4ccf-8aec-b3b8618cb6a0:192.168.34.39:43596, c247419f-afa0-485d-9404-7d7331c991d0:192.168.34.39:37933, 99900494-266b-42a4-93d7-8c51c8bb3acf:192.168.34.39:41442], old=null
2019-09-21 06:04:15,584 [21b94872-2e85-4ccf-8aec-b3b8618cb6a0@group-EE668F731C0C:LeaderElection85] INFO  impl.LeaderElection (LogUtils.java:infoOrTrace(149)) -   Exception 0: {}
java.util.concurrent.ExecutionException: org.apache.ratis.thirdparty.io.grpc.StatusRuntimeException: UNAVAILABLE: io exception
	at java.util.concurrent.FutureTask.report(FutureTask.java:122)
	at java.util.concurrent.FutureTask.get(FutureTask.java:192)
	at org.apache.ratis.server.impl.LeaderElection.waitForResults(LeaderElection.java:263)
	at org.apache.ratis.server.impl.LeaderElection.askForVotes(LeaderElection.java:201)
	at org.apache.ratis.server.impl.LeaderElection.run(LeaderElection.java:133)
	at java.lang.Thread.run(Thread.java:748)
Caused by: org.apache.ratis.thirdparty.io.grpc.StatusRuntimeException: UNAVAILABLE: io exception
	at org.apache.ratis.thirdparty.io.grpc.stub.ClientCalls.toStatusRuntimeException(ClientCalls.java:233)
	at org.apache.ratis.thirdparty.io.grpc.stub.ClientCalls.getUnchecked(ClientCalls.java:214)
	at org.apache.ratis.thirdparty.io.grpc.stub.ClientCalls.blockingUnaryCall(ClientCalls.java:139)
	at org.apache.ratis.proto.grpc.RaftServerProtocolServiceGrpc$RaftServerProtocolServiceBlockingStub.requestVote(RaftServerProtocolServiceGrpc.java:265)
	at org.apache.ratis.grpc.server.GrpcServerProtocolClient.requestVote(GrpcServerProtocolClient.java:90)
	at org.apache.ratis.grpc.server.GrpcService.requestVote(GrpcService.java:204)
	at org.apache.ratis.server.impl.LeaderElection.lambda$submitRequests$1(LeaderElection.java:238)
	at java.util.concurrent.FutureTask.run(FutureTask.java:266)
	at java.util.concurrent.Executors$RunnableAdapter.call(Executors.java:511)
	at java.util.concurrent.FutureTask.run(FutureTask.java:266)
	at java.util.concurrent.ThreadPoolExecutor.runWorker(ThreadPoolExecutor.java:1149)
	at java.util.concurrent.ThreadPoolExecutor$Worker.run(ThreadPoolExecutor.java:624)
	... 1 more
Caused by: org.apache.ratis.thirdparty.io.netty.channel.AbstractChannel$AnnotatedConnectException: Connection refused: /192.168.34.39:41442
	at sun.nio.ch.SocketChannelImpl.checkConnect(Native Method)
	at sun.nio.ch.SocketChannelImpl.finishConnect(SocketChannelImpl.java:717)
	at org.apache.ratis.thirdparty.io.netty.channel.socket.nio.NioSocketChannel.doFinishConnect(NioSocketChannel.java:327)
	at org.apache.ratis.thirdparty.io.netty.channel.nio.AbstractNioChannel$AbstractNioUnsafe.finishConnect(AbstractNioChannel.java:340)
	at org.apache.ratis.thirdparty.io.netty.channel.nio.NioEventLoop.processSelectedKey(NioEventLoop.java:632)
	at org.apache.ratis.thirdparty.io.netty.channel.nio.NioEventLoop.processSelectedKeysOptimized(NioEventLoop.java:579)
	at org.apache.ratis.thirdparty.io.netty.channel.nio.NioEventLoop.processSelectedKeys(NioEventLoop.java:496)
	at org.apache.ratis.thirdparty.io.netty.channel.nio.NioEventLoop.run(NioEventLoop.java:458)
	at org.apache.ratis.thirdparty.io.netty.util.concurrent.SingleThreadEventExecutor$5.run(SingleThreadEventExecutor.java:897)
	at org.apache.ratis.thirdparty.io.netty.util.concurrent.FastThreadLocalRunnable.run(FastThreadLocalRunnable.java:30)
	... 1 more
Caused by: java.net.ConnectException: Connection refused
	... 11 more
2019-09-21 06:04:15,585 [21b94872-2e85-4ccf-8aec-b3b8618cb6a0@group-EE668F731C0C:LeaderElection85] INFO  impl.RoleInfo (RoleInfo.java:shutdownLeaderElection(134)) - 21b94872-2e85-4ccf-8aec-b3b8618cb6a0: shutdown LeaderElection
2019-09-21 06:04:15,585 [21b94872-2e85-4ccf-8aec-b3b8618cb6a0@group-EE668F731C0C:LeaderElection85] INFO  impl.RaftServerImpl (RaftServerImpl.java:setRole(174)) - 21b94872-2e85-4ccf-8aec-b3b8618cb6a0@group-EE668F731C0C: changes role from CANDIDATE to LEADER at term 3 for changeToLeader
2019-09-21 06:04:15,585 [21b94872-2e85-4ccf-8aec-b3b8618cb6a0@group-EE668F731C0C:LeaderElection85] INFO  impl.RaftServerImpl (ServerState.java:setLeader(253)) - 21b94872-2e85-4ccf-8aec-b3b8618cb6a0@group-EE668F731C0C: change Leader from null to 21b94872-2e85-4ccf-8aec-b3b8618cb6a0 at term 3 for becomeLeader, leader elected after 5159ms
2019-09-21 06:04:15,585 [21b94872-2e85-4ccf-8aec-b3b8618cb6a0@group-EE668F731C0C:LeaderElection85] INFO  server.RaftServerConfigKeys (ConfUtils.java:logGet(43)) - raft.server.staging.catchup.gap = 1000 (default)
2019-09-21 06:04:15,586 [21b94872-2e85-4ccf-8aec-b3b8618cb6a0@group-EE668F731C0C:LeaderElection85] INFO  server.RaftServerConfigKeys (ConfUtils.java:logGet(43)) - raft.server.rpc.sleep.time = 25ms (default)
2019-09-21 06:04:15,586 [21b94872-2e85-4ccf-8aec-b3b8618cb6a0@group-EE668F731C0C:LeaderElection85] INFO  server.RaftServerConfigKeys (ConfUtils.java:logGet(43)) - raft.server.write.element-limit = 4096 (default)
2019-09-21 06:04:15,586 [21b94872-2e85-4ccf-8aec-b3b8618cb6a0@group-EE668F731C0C:LeaderElection85] INFO  server.RaftServerConfigKeys (ConfUtils.java:logGet(43)) - raft.server.watch.timeout = 10s (default)
2019-09-21 06:04:15,586 [21b94872-2e85-4ccf-8aec-b3b8618cb6a0@group-EE668F731C0C:LeaderElection85] INFO  server.RaftServerConfigKeys (ConfUtils.java:logGet(43)) - raft.server.watch.timeout.denomination = 1s (default)
2019-09-21 06:04:15,586 [21b94872-2e85-4ccf-8aec-b3b8618cb6a0@group-EE668F731C0C:LeaderElection85] INFO  server.RaftServerConfigKeys (ConfUtils.java:logGet(43)) - raft.server.watch.element-limit = 65536 (default)
2019-09-21 06:04:15,589 [21b94872-2e85-4ccf-8aec-b3b8618cb6a0@group-EE668F731C0C:LeaderElection85] INFO  server.RaftServerConfigKeys (ConfUtils.java:logGet(43)) - raft.server.log.appender.snapshot.chunk.size.max = 16MB (=16777216) (default)
2019-09-21 06:04:15,590 [21b94872-2e85-4ccf-8aec-b3b8618cb6a0@group-EE668F731C0C:LeaderElection85] INFO  server.RaftServerConfigKeys (ConfUtils.java:logGet(43)) - raft.server.log.appender.buffer.byte-limit = 33554432 (custom)
2019-09-21 06:04:15,590 [21b94872-2e85-4ccf-8aec-b3b8618cb6a0@group-EE668F731C0C:LeaderElection85] INFO  server.RaftServerConfigKeys (ConfUtils.java:logGet(43)) - raft.server.log.appender.buffer.element-limit = 1 (custom)
2019-09-21 06:04:15,590 [21b94872-2e85-4ccf-8aec-b3b8618cb6a0@group-EE668F731C0C:LeaderElection85] INFO  grpc.GrpcConfigKeys$Server (ConfUtils.java:logGet(43)) - raft.grpc.server.leader.outstanding.appends.max = 128 (default)
2019-09-21 06:04:15,591 [21b94872-2e85-4ccf-8aec-b3b8618cb6a0@group-EE668F731C0C:LeaderElection85] INFO  server.RaftServerConfigKeys (ConfUtils.java:logGet(43)) - raft.server.rpc.request.timeout = 3000ms (default)
2019-09-21 06:04:15,591 [21b94872-2e85-4ccf-8aec-b3b8618cb6a0@group-EE668F731C0C:LeaderElection85] INFO  server.RaftServerConfigKeys (ConfUtils.java:logGet(43)) - raft.server.log.appender.install.snapshot.enabled = false (custom)
2019-09-21 06:04:15,591 [21b94872-2e85-4ccf-8aec-b3b8618cb6a0@group-EE668F731C0C:LeaderElection85] INFO  server.RaftServerConfigKeys (ConfUtils.java:logGet(43)) - raft.server.log.appender.snapshot.chunk.size.max = 16MB (=16777216) (default)
2019-09-21 06:04:15,591 [21b94872-2e85-4ccf-8aec-b3b8618cb6a0@group-EE668F731C0C:LeaderElection85] INFO  server.RaftServerConfigKeys (ConfUtils.java:logGet(43)) - raft.server.log.appender.buffer.byte-limit = 33554432 (custom)
2019-09-21 06:04:15,591 [21b94872-2e85-4ccf-8aec-b3b8618cb6a0@group-EE668F731C0C:LeaderElection85] INFO  server.RaftServerConfigKeys (ConfUtils.java:logGet(43)) - raft.server.log.appender.buffer.element-limit = 1 (custom)
2019-09-21 06:04:15,592 [21b94872-2e85-4ccf-8aec-b3b8618cb6a0@group-EE668F731C0C:LeaderElection85] INFO  grpc.GrpcConfigKeys$Server (ConfUtils.java:logGet(43)) - raft.grpc.server.leader.outstanding.appends.max = 128 (default)
2019-09-21 06:04:15,592 [21b94872-2e85-4ccf-8aec-b3b8618cb6a0@group-EE668F731C0C:LeaderElection85] INFO  server.RaftServerConfigKeys (ConfUtils.java:logGet(43)) - raft.server.rpc.request.timeout = 3000ms (default)
2019-09-21 06:04:15,592 [21b94872-2e85-4ccf-8aec-b3b8618cb6a0@group-EE668F731C0C:LeaderElection85] INFO  server.RaftServerConfigKeys (ConfUtils.java:logGet(43)) - raft.server.log.appender.install.snapshot.enabled = false (custom)
2019-09-21 06:04:15,592 [21b94872-2e85-4ccf-8aec-b3b8618cb6a0@group-EE668F731C0C:LeaderElection85] INFO  impl.RoleInfo (RoleInfo.java:updateAndGet(143)) - 21b94872-2e85-4ccf-8aec-b3b8618cb6a0: start LeaderState
2019-09-21 06:04:15,593 [21b94872-2e85-4ccf-8aec-b3b8618cb6a0@group-EE668F731C0C:LeaderElection85] INFO  segmented.SegmentedRaftLogWorker (SegmentedRaftLogWorker.java:rollLogSegment(385)) - 21b94872-2e85-4ccf-8aec-b3b8618cb6a0@group-EE668F731C0C-SegmentedRaftLogWorker: Rolling segment log-0_15 to index:15
2019-09-21 06:04:15,594 [21b94872-2e85-4ccf-8aec-b3b8618cb6a0@group-EE668F731C0C:LeaderElection85] INFO  impl.RaftServerImpl (ServerState.java:setRaftConf(354)) - 21b94872-2e85-4ccf-8aec-b3b8618cb6a0@group-EE668F731C0C: set configuration 16: [21b94872-2e85-4ccf-8aec-b3b8618cb6a0:192.168.34.39:43596, c247419f-afa0-485d-9404-7d7331c991d0:192.168.34.39:37933, 99900494-266b-42a4-93d7-8c51c8bb3acf:192.168.34.39:41442], old=null at 16
2019-09-21 06:04:15,594 [grpc-default-executor-10] WARN  server.GrpcLogAppender (LogUtils.java:warn(134)) - 21b94872-2e85-4ccf-8aec-b3b8618cb6a0@group-EE668F731C0C->99900494-266b-42a4-93d7-8c51c8bb3acf-AppendLogResponseHandler: Failed appendEntries: org.apache.ratis.thirdparty.io.grpc.StatusRuntimeException: UNAVAILABLE: io exception
2019-09-21 06:04:15,598 [21b94872-2e85-4ccf-8aec-b3b8618cb6a0@group-EE668F731C0C-SegmentedRaftLogWorker] INFO  segmented.SegmentedRaftLogWorker (SegmentedRaftLogWorker.java:execute(526)) - 21b94872-2e85-4ccf-8aec-b3b8618cb6a0@group-EE668F731C0C-SegmentedRaftLogWorker: Rolled log segment from /workdir/hadoop-ozone/integration-test/target/test-dir/MiniOzoneClusterImpl-4a7d2b0f-1947-4f54-9952-6ed79e26d9e2/datanode-5/data/ratis/98c4ef78-078c-41f6-afb0-ee668f731c0c/current/log_inprogress_0 to /workdir/hadoop-ozone/integration-test/target/test-dir/MiniOzoneClusterImpl-4a7d2b0f-1947-4f54-9952-6ed79e26d9e2/datanode-5/data/ratis/98c4ef78-078c-41f6-afb0-ee668f731c0c/current/log_0-15
2019-09-21 06:04:15,602 [grpc-default-executor-10] INFO  impl.FollowerInfo (FollowerInfo.java:lambda$new$0(51)) - 21b94872-2e85-4ccf-8aec-b3b8618cb6a0@group-EE668F731C0C->99900494-266b-42a4-93d7-8c51c8bb3acf: nextIndex: updateUnconditionally 16 -> 1
2019-09-21 06:04:15,602 [grpc-default-executor-3] INFO  impl.RaftServerImpl (ServerState.java:setLeader(253)) - c247419f-afa0-485d-9404-7d7331c991d0@group-EE668F731C0C: change Leader from null to 21b94872-2e85-4ccf-8aec-b3b8618cb6a0 at term 3 for appendEntries, leader elected after 5186ms
2019-09-21 06:04:15,607 [grpc-default-executor-3] INFO  impl.RaftServerImpl (ServerState.java:setRaftConf(354)) - c247419f-afa0-485d-9404-7d7331c991d0@group-EE668F731C0C: set configuration 16: [21b94872-2e85-4ccf-8aec-b3b8618cb6a0:192.168.34.39:43596, c247419f-afa0-485d-9404-7d7331c991d0:192.168.34.39:37933, 99900494-266b-42a4-93d7-8c51c8bb3acf:192.168.34.39:41442], old=null at 16
2019-09-21 06:04:15,608 [grpc-default-executor-3] INFO  segmented.SegmentedRaftLogWorker (SegmentedRaftLogWorker.java:rollLogSegment(385)) - c247419f-afa0-485d-9404-7d7331c991d0@group-EE668F731C0C-SegmentedRaftLogWorker: Rolling segment log-0_15 to index:15
2019-09-21 06:04:15,608 [c247419f-afa0-485d-9404-7d7331c991d0@group-EE668F731C0C-SegmentedRaftLogWorker] INFO  segmented.SegmentedRaftLogWorker (SegmentedRaftLogWorker.java:execute(526)) - c247419f-afa0-485d-9404-7d7331c991d0@group-EE668F731C0C-SegmentedRaftLogWorker: Rolled log segment from /workdir/hadoop-ozone/integration-test/target/test-dir/MiniOzoneClusterImpl-4a7d2b0f-1947-4f54-9952-6ed79e26d9e2/datanode-0/data/ratis/98c4ef78-078c-41f6-afb0-ee668f731c0c/current/log_inprogress_0 to /workdir/hadoop-ozone/integration-test/target/test-dir/MiniOzoneClusterImpl-4a7d2b0f-1947-4f54-9952-6ed79e26d9e2/datanode-0/data/ratis/98c4ef78-078c-41f6-afb0-ee668f731c0c/current/log_0-15
2019-09-21 06:04:15,649 [21b94872-2e85-4ccf-8aec-b3b8618cb6a0@group-EE668F731C0C-SegmentedRaftLogWorker] INFO  segmented.SegmentedRaftLogWorker (SegmentedRaftLogWorker.java:execute(569)) - 21b94872-2e85-4ccf-8aec-b3b8618cb6a0@group-EE668F731C0C-SegmentedRaftLogWorker: created new log segment /workdir/hadoop-ozone/integration-test/target/test-dir/MiniOzoneClusterImpl-4a7d2b0f-1947-4f54-9952-6ed79e26d9e2/datanode-5/data/ratis/98c4ef78-078c-41f6-afb0-ee668f731c0c/current/log_inprogress_16
2019-09-21 06:04:15,649 [c247419f-afa0-485d-9404-7d7331c991d0@group-EE668F731C0C-SegmentedRaftLogWorker] INFO  segmented.SegmentedRaftLogWorker (SegmentedRaftLogWorker.java:execute(569)) - c247419f-afa0-485d-9404-7d7331c991d0@group-EE668F731C0C-SegmentedRaftLogWorker: created new log segment /workdir/hadoop-ozone/integration-test/target/test-dir/MiniOzoneClusterImpl-4a7d2b0f-1947-4f54-9952-6ed79e26d9e2/datanode-0/data/ratis/98c4ef78-078c-41f6-afb0-ee668f731c0c/current/log_inprogress_16
2019-09-21 06:04:15,674 [grpc-default-executor-11] WARN  server.GrpcLogAppender (LogUtils.java:warn(134)) - 21b94872-2e85-4ccf-8aec-b3b8618cb6a0@group-EE668F731C0C->99900494-266b-42a4-93d7-8c51c8bb3acf-AppendLogResponseHandler: Failed appendEntries: org.apache.ratis.thirdparty.io.grpc.StatusRuntimeException: UNAVAILABLE: io exception
2019-09-21 06:04:15,674 [grpc-default-executor-11] INFO  impl.FollowerInfo (FollowerInfo.java:lambda$new$0(51)) - 21b94872-2e85-4ccf-8aec-b3b8618cb6a0@group-EE668F731C0C->99900494-266b-42a4-93d7-8c51c8bb3acf: nextIndex: updateUnconditionally 2 -> 1
2019-09-21 06:04:15,685 [grpc-default-executor-10] WARN  server.GrpcLogAppender (LogUtils.java:warn(134)) - 21b94872-2e85-4ccf-8aec-b3b8618cb6a0@group-EE668F731C0C->99900494-266b-42a4-93d7-8c51c8bb3acf-AppendLogResponseHandler: Failed appendEntries: org.apache.ratis.thirdparty.io.grpc.StatusRuntimeException: UNAVAILABLE: io exception
2019-09-21 06:04:15,686 [grpc-default-executor-10] INFO  impl.FollowerInfo (FollowerInfo.java:lambda$new$0(51)) - 21b94872-2e85-4ccf-8aec-b3b8618cb6a0@group-EE668F731C0C->99900494-266b-42a4-93d7-8c51c8bb3acf: nextIndex: updateUnconditionally 2 -> 1
06:04:16.507 [grpc-default-executor-10] ERROR DNAudit - user=null | ip=null | op=WRITE_CHUNK {blockData=conID: 1 locID: 102828987521171469 bcsId: 13} | ret=FAILURE
org.apache.hadoop.hdds.scm.container.common.helpers.ContainerNotOpenException: Container 1 in CLOSING state
	at org.apache.hadoop.ozone.container.common.impl.HddsDispatcher.validateContainerCommand(HddsDispatcher.java:434) ~[hadoop-hdds-container-service-0.5.0-SNAPSHOT.jar:?]
	at org.apache.hadoop.ozone.container.common.transport.server.ratis.ContainerStateMachine.startTransaction(ContainerStateMachine.java:315) ~[hadoop-hdds-container-service-0.5.0-SNAPSHOT.jar:?]
	at org.apache.ratis.server.impl.RaftServerImpl.submitClientRequestAsync(RaftServerImpl.java:573) ~[ratis-server-0.4.0.jar:0.4.0]
	at org.apache.ratis.server.impl.RaftServerProxy.lambda$submitClientRequestAsync$7(RaftServerProxy.java:333) ~[ratis-server-0.4.0.jar:0.4.0]
	at org.apache.ratis.server.impl.RaftServerProxy.lambda$null$5(RaftServerProxy.java:328) ~[ratis-server-0.4.0.jar:0.4.0]
	at org.apache.ratis.util.JavaUtils.callAsUnchecked(JavaUtils.java:109) ~[ratis-common-0.4.0.jar:0.4.0]
	at org.apache.ratis.server.impl.RaftServerProxy.lambda$submitRequest$6(RaftServerProxy.java:328) ~[ratis-server-0.4.0.jar:0.4.0]
	at java.util.concurrent.CompletableFuture.uniComposeStage(CompletableFuture.java:981) ~[?:1.8.0_212]
	at java.util.concurrent.CompletableFuture.thenCompose(CompletableFuture.java:2124) ~[?:1.8.0_212]
	at org.apache.ratis.server.impl.RaftServerProxy.submitRequest(RaftServerProxy.java:327) ~[ratis-server-0.4.0.jar:0.4.0]
	at org.apache.ratis.server.impl.RaftServerProxy.submitClientRequestAsync(RaftServerProxy.java:333) ~[ratis-server-0.4.0.jar:0.4.0]
	at org.apache.ratis.grpc.client.GrpcClientProtocolService$RequestStreamObserver.processClientRequest(GrpcClientProtocolService.java:220) ~[ratis-grpc-0.4.0.jar:0.4.0]
	at org.apache.ratis.grpc.client.GrpcClientProtocolService$OrderedRequestStreamObserver.processClientRequest(GrpcClientProtocolService.java:326) ~[ratis-grpc-0.4.0.jar:0.4.0]
	at org.apache.ratis.util.SlidingWindow$Server.processRequestsFromHead(SlidingWindow.java:429) [ratis-common-0.4.0.jar:0.4.0]
	at org.apache.ratis.util.SlidingWindow$Server.receivedRequest(SlidingWindow.java:421) [ratis-common-0.4.0.jar:0.4.0]
	at org.apache.ratis.grpc.client.GrpcClientProtocolService$OrderedRequestStreamObserver.processClientRequest(GrpcClientProtocolService.java:345) [ratis-grpc-0.4.0.jar:0.4.0]
	at org.apache.ratis.grpc.client.GrpcClientProtocolService$RequestStreamObserver.onNext(GrpcClientProtocolService.java:240) [ratis-grpc-0.4.0.jar:0.4.0]
	at org.apache.ratis.grpc.client.GrpcClientProtocolService$RequestStreamObserver.onNext(GrpcClientProtocolService.java:168) [ratis-grpc-0.4.0.jar:0.4.0]
	at org.apache.ratis.thirdparty.io.grpc.stub.ServerCalls$StreamingServerCallHandler$StreamingServerCallListener.onMessage(ServerCalls.java:248) [ratis-thirdparty-misc-0.2.0.jar:0.2.0]
	at org.apache.ratis.thirdparty.io.grpc.internal.ServerCallImpl$ServerStreamListenerImpl.messagesAvailable(ServerCallImpl.java:263) [ratis-thirdparty-misc-0.2.0.jar:0.2.0]
	at org.apache.ratis.thirdparty.io.grpc.internal.ServerImpl$JumpToApplicationThreadServerStreamListener$1MessagesAvailable.runInContext(ServerImpl.java:686) [ratis-thirdparty-misc-0.2.0.jar:0.2.0]
	at org.apache.ratis.thirdparty.io.grpc.internal.ContextRunnable.run(ContextRunnable.java:37) [ratis-thirdparty-misc-0.2.0.jar:0.2.0]
	at org.apache.ratis.thirdparty.io.grpc.internal.SerializingExecutor.run(SerializingExecutor.java:123) [ratis-thirdparty-misc-0.2.0.jar:0.2.0]
	at java.util.concurrent.ThreadPoolExecutor.runWorker(ThreadPoolExecutor.java:1149) [?:1.8.0_212]
	at java.util.concurrent.ThreadPoolExecutor$Worker.run(ThreadPoolExecutor.java:624) [?:1.8.0_212]
	at java.lang.Thread.run(Thread.java:748) [?:1.8.0_212]
06:04:16.543 [grpc-default-executor-10] ERROR DNAudit - user=null | ip=null | op=WRITE_CHUNK {blockData=conID: 1 locID: 102828987521171469 bcsId: 13} | ret=FAILURE
org.apache.hadoop.hdds.scm.container.common.helpers.ContainerNotOpenException: Container 1 in CLOSING state
	at org.apache.hadoop.ozone.container.common.impl.HddsDispatcher.validateContainerCommand(HddsDispatcher.java:434) ~[hadoop-hdds-container-service-0.5.0-SNAPSHOT.jar:?]
	at org.apache.hadoop.ozone.container.common.transport.server.ratis.ContainerStateMachine.startTransaction(ContainerStateMachine.java:315) ~[hadoop-hdds-container-service-0.5.0-SNAPSHOT.jar:?]
	at org.apache.ratis.server.impl.RaftServerImpl.submitClientRequestAsync(RaftServerImpl.java:573) ~[ratis-server-0.4.0.jar:0.4.0]
	at org.apache.ratis.server.impl.RaftServerProxy.lambda$submitClientRequestAsync$7(RaftServerProxy.java:333) ~[ratis-server-0.4.0.jar:0.4.0]
	at org.apache.ratis.server.impl.RaftServerProxy.lambda$null$5(RaftServerProxy.java:328) ~[ratis-server-0.4.0.jar:0.4.0]
	at org.apache.ratis.util.JavaUtils.callAsUnchecked(JavaUtils.java:109) ~[ratis-common-0.4.0.jar:0.4.0]
	at org.apache.ratis.server.impl.RaftServerProxy.lambda$submitRequest$6(RaftServerProxy.java:328) ~[ratis-server-0.4.0.jar:0.4.0]
	at java.util.concurrent.CompletableFuture.uniComposeStage(CompletableFuture.java:981) ~[?:1.8.0_212]
	at java.util.concurrent.CompletableFuture.thenCompose(CompletableFuture.java:2124) ~[?:1.8.0_212]
	at org.apache.ratis.server.impl.RaftServerProxy.submitRequest(RaftServerProxy.java:327) ~[ratis-server-0.4.0.jar:0.4.0]
	at org.apache.ratis.server.impl.RaftServerProxy.submitClientRequestAsync(RaftServerProxy.java:333) ~[ratis-server-0.4.0.jar:0.4.0]
	at org.apache.ratis.grpc.client.GrpcClientProtocolService$RequestStreamObserver.processClientRequest(GrpcClientProtocolService.java:220) ~[ratis-grpc-0.4.0.jar:0.4.0]
	at org.apache.ratis.grpc.client.GrpcClientProtocolService$OrderedRequestStreamObserver.processClientRequest(GrpcClientProtocolService.java:326) ~[ratis-grpc-0.4.0.jar:0.4.0]
	at org.apache.ratis.util.SlidingWindow$Server.processRequestsFromHead(SlidingWindow.java:429) [ratis-common-0.4.0.jar:0.4.0]
	at org.apache.ratis.util.SlidingWindow$Server.receivedRequest(SlidingWindow.java:421) [ratis-common-0.4.0.jar:0.4.0]
	at org.apache.ratis.grpc.client.GrpcClientProtocolService$OrderedRequestStreamObserver.processClientRequest(GrpcClientProtocolService.java:345) [ratis-grpc-0.4.0.jar:0.4.0]
	at org.apache.ratis.grpc.client.GrpcClientProtocolService$RequestStreamObserver.onNext(GrpcClientProtocolService.java:240) [ratis-grpc-0.4.0.jar:0.4.0]
	at org.apache.ratis.grpc.client.GrpcClientProtocolService$RequestStreamObserver.onNext(GrpcClientProtocolService.java:168) [ratis-grpc-0.4.0.jar:0.4.0]
	at org.apache.ratis.thirdparty.io.grpc.stub.ServerCalls$StreamingServerCallHandler$StreamingServerCallListener.onMessage(ServerCalls.java:248) [ratis-thirdparty-misc-0.2.0.jar:0.2.0]
	at org.apache.ratis.thirdparty.io.grpc.internal.ServerCallImpl$ServerStreamListenerImpl.messagesAvailable(ServerCallImpl.java:263) [ratis-thirdparty-misc-0.2.0.jar:0.2.0]
	at org.apache.ratis.thirdparty.io.grpc.internal.ServerImpl$JumpToApplicationThreadServerStreamListener$1MessagesAvailable.runInContext(ServerImpl.java:686) [ratis-thirdparty-misc-0.2.0.jar:0.2.0]
	at org.apache.ratis.thirdparty.io.grpc.internal.ContextRunnable.run(ContextRunnable.java:37) [ratis-thirdparty-misc-0.2.0.jar:0.2.0]
	at org.apache.ratis.thirdparty.io.grpc.internal.SerializingExecutor.run(SerializingExecutor.java:123) [ratis-thirdparty-misc-0.2.0.jar:0.2.0]
	at java.util.concurrent.ThreadPoolExecutor.runWorker(ThreadPoolExecutor.java:1149) [?:1.8.0_212]
	at java.util.concurrent.ThreadPoolExecutor$Worker.run(ThreadPoolExecutor.java:624) [?:1.8.0_212]
	at java.lang.Thread.run(Thread.java:748) [?:1.8.0_212]
06:04:16.545 [grpc-default-executor-10] ERROR DNAudit - user=null | ip=null | op=PUT_BLOCK {blockData=[blockId=conID: 1 locID: 102828987521171469 bcsId: 0,size=650]} | ret=FAILURE
org.apache.hadoop.hdds.scm.container.common.helpers.ContainerNotOpenException: Container 1 in CLOSING state
	at org.apache.hadoop.ozone.container.common.impl.HddsDispatcher.validateContainerCommand(HddsDispatcher.java:434) ~[hadoop-hdds-container-service-0.5.0-SNAPSHOT.jar:?]
	at org.apache.hadoop.ozone.container.common.transport.server.ratis.ContainerStateMachine.startTransaction(ContainerStateMachine.java:315) ~[hadoop-hdds-container-service-0.5.0-SNAPSHOT.jar:?]
	at org.apache.ratis.server.impl.RaftServerImpl.submitClientRequestAsync(RaftServerImpl.java:573) ~[ratis-server-0.4.0.jar:0.4.0]
	at org.apache.ratis.server.impl.RaftServerProxy.lambda$submitClientRequestAsync$7(RaftServerProxy.java:333) ~[ratis-server-0.4.0.jar:0.4.0]
	at org.apache.ratis.server.impl.RaftServerProxy.lambda$null$5(RaftServerProxy.java:328) ~[ratis-server-0.4.0.jar:0.4.0]
	at org.apache.ratis.util.JavaUtils.callAsUnchecked(JavaUtils.java:109) ~[ratis-common-0.4.0.jar:0.4.0]
	at org.apache.ratis.server.impl.RaftServerProxy.lambda$submitRequest$6(RaftServerProxy.java:328) ~[ratis-server-0.4.0.jar:0.4.0]
	at java.util.concurrent.CompletableFuture.uniComposeStage(CompletableFuture.java:981) ~[?:1.8.0_212]
	at java.util.concurrent.CompletableFuture.thenCompose(CompletableFuture.java:2124) ~[?:1.8.0_212]
	at org.apache.ratis.server.impl.RaftServerProxy.submitRequest(RaftServerProxy.java:327) ~[ratis-server-0.4.0.jar:0.4.0]
	at org.apache.ratis.server.impl.RaftServerProxy.submitClientRequestAsync(RaftServerProxy.java:333) ~[ratis-server-0.4.0.jar:0.4.0]
	at org.apache.ratis.grpc.client.GrpcClientProtocolService$RequestStreamObserver.processClientRequest(GrpcClientProtocolService.java:220) ~[ratis-grpc-0.4.0.jar:0.4.0]
	at org.apache.ratis.grpc.client.GrpcClientProtocolService$OrderedRequestStreamObserver.processClientRequest(GrpcClientProtocolService.java:326) ~[ratis-grpc-0.4.0.jar:0.4.0]
	at org.apache.ratis.util.SlidingWindow$Server.processRequestsFromHead(SlidingWindow.java:429) [ratis-common-0.4.0.jar:0.4.0]
	at org.apache.ratis.util.SlidingWindow$Server.receivedRequest(SlidingWindow.java:421) [ratis-common-0.4.0.jar:0.4.0]
	at org.apache.ratis.grpc.client.GrpcClientProtocolService$OrderedRequestStreamObserver.processClientRequest(GrpcClientProtocolService.java:345) [ratis-grpc-0.4.0.jar:0.4.0]
	at org.apache.ratis.grpc.client.GrpcClientProtocolService$RequestStreamObserver.onNext(GrpcClientProtocolService.java:240) [ratis-grpc-0.4.0.jar:0.4.0]
	at org.apache.ratis.grpc.client.GrpcClientProtocolService$RequestStreamObserver.onNext(GrpcClientProtocolService.java:168) [ratis-grpc-0.4.0.jar:0.4.0]
	at org.apache.ratis.thirdparty.io.grpc.stub.ServerCalls$StreamingServerCallHandler$StreamingServerCallListener.onMessage(ServerCalls.java:248) [ratis-thirdparty-misc-0.2.0.jar:0.2.0]
	at org.apache.ratis.thirdparty.io.grpc.internal.ServerCallImpl$ServerStreamListenerImpl.messagesAvailable(ServerCallImpl.java:263) [ratis-thirdparty-misc-0.2.0.jar:0.2.0]
	at org.apache.ratis.thirdparty.io.grpc.internal.ServerImpl$JumpToApplicationThreadServerStreamListener$1MessagesAvailable.runInContext(ServerImpl.java:686) [ratis-thirdparty-misc-0.2.0.jar:0.2.0]
	at org.apache.ratis.thirdparty.io.grpc.internal.ContextRunnable.run(ContextRunnable.java:37) [ratis-thirdparty-misc-0.2.0.jar:0.2.0]
	at org.apache.ratis.thirdparty.io.grpc.internal.SerializingExecutor.run(SerializingExecutor.java:123) [ratis-thirdparty-misc-0.2.0.jar:0.2.0]
	at java.util.concurrent.ThreadPoolExecutor.runWorker(ThreadPoolExecutor.java:1149) [?:1.8.0_212]
	at java.util.concurrent.ThreadPoolExecutor$Worker.run(ThreadPoolExecutor.java:624) [?:1.8.0_212]
	at java.lang.Thread.run(Thread.java:748) [?:1.8.0_212]
06:04:16.552 [grpc-default-executor-10] ERROR DNAudit - user=null | ip=null | op=WRITE_CHUNK {blockData=conID: 1 locID: 102828987521171469 bcsId: 13} | ret=FAILURE
org.apache.hadoop.hdds.scm.container.common.helpers.ContainerNotOpenException: Container 1 in CLOSING state
	at org.apache.hadoop.ozone.container.common.impl.HddsDispatcher.validateContainerCommand(HddsDispatcher.java:434) ~[hadoop-hdds-container-service-0.5.0-SNAPSHOT.jar:?]
	at org.apache.hadoop.ozone.container.common.transport.server.ratis.ContainerStateMachine.startTransaction(ContainerStateMachine.java:315) ~[hadoop-hdds-container-service-0.5.0-SNAPSHOT.jar:?]
	at org.apache.ratis.server.impl.RaftServerImpl.submitClientRequestAsync(RaftServerImpl.java:573) ~[ratis-server-0.4.0.jar:0.4.0]
	at org.apache.ratis.server.impl.RaftServerProxy.lambda$submitClientRequestAsync$7(RaftServerProxy.java:333) ~[ratis-server-0.4.0.jar:0.4.0]
	at org.apache.ratis.server.impl.RaftServerProxy.lambda$null$5(RaftServerProxy.java:328) ~[ratis-server-0.4.0.jar:0.4.0]
	at org.apache.ratis.util.JavaUtils.callAsUnchecked(JavaUtils.java:109) ~[ratis-common-0.4.0.jar:0.4.0]
	at org.apache.ratis.server.impl.RaftServerProxy.lambda$submitRequest$6(RaftServerProxy.java:328) ~[ratis-server-0.4.0.jar:0.4.0]
	at java.util.concurrent.CompletableFuture.uniComposeStage(CompletableFuture.java:981) ~[?:1.8.0_212]
	at java.util.concurrent.CompletableFuture.thenCompose(CompletableFuture.java:2124) ~[?:1.8.0_212]
	at org.apache.ratis.server.impl.RaftServerProxy.submitRequest(RaftServerProxy.java:327) ~[ratis-server-0.4.0.jar:0.4.0]
	at org.apache.ratis.server.impl.RaftServerProxy.submitClientRequestAsync(RaftServerProxy.java:333) ~[ratis-server-0.4.0.jar:0.4.0]
	at org.apache.ratis.grpc.client.GrpcClientProtocolService$RequestStreamObserver.processClientRequest(GrpcClientProtocolService.java:220) ~[ratis-grpc-0.4.0.jar:0.4.0]
	at org.apache.ratis.grpc.client.GrpcClientProtocolService$OrderedRequestStreamObserver.processClientRequest(GrpcClientProtocolService.java:326) ~[ratis-grpc-0.4.0.jar:0.4.0]
	at org.apache.ratis.util.SlidingWindow$Server.processRequestsFromHead(SlidingWindow.java:429) [ratis-common-0.4.0.jar:0.4.0]
	at org.apache.ratis.util.SlidingWindow$Server.receivedRequest(SlidingWindow.java:421) [ratis-common-0.4.0.jar:0.4.0]
	at org.apache.ratis.grpc.client.GrpcClientProtocolService$OrderedRequestStreamObserver.processClientRequest(GrpcClientProtocolService.java:345) [ratis-grpc-0.4.0.jar:0.4.0]
	at org.apache.ratis.grpc.client.GrpcClientProtocolService$RequestStreamObserver.onNext(GrpcClientProtocolService.java:240) [ratis-grpc-0.4.0.jar:0.4.0]
	at org.apache.ratis.grpc.client.GrpcClientProtocolService$RequestStreamObserver.onNext(GrpcClientProtocolService.java:168) [ratis-grpc-0.4.0.jar:0.4.0]
	at org.apache.ratis.thirdparty.io.grpc.stub.ServerCalls$StreamingServerCallHandler$StreamingServerCallListener.onMessage(ServerCalls.java:248) [ratis-thirdparty-misc-0.2.0.jar:0.2.0]
	at org.apache.ratis.thirdparty.io.grpc.internal.ServerCallImpl$ServerStreamListenerImpl.messagesAvailable(ServerCallImpl.java:263) [ratis-thirdparty-misc-0.2.0.jar:0.2.0]
	at org.apache.ratis.thirdparty.io.grpc.internal.ServerImpl$JumpToApplicationThreadServerStreamListener$1MessagesAvailable.runInContext(ServerImpl.java:686) [ratis-thirdparty-misc-0.2.0.jar:0.2.0]
	at org.apache.ratis.thirdparty.io.grpc.internal.ContextRunnable.run(ContextRunnable.java:37) [ratis-thirdparty-misc-0.2.0.jar:0.2.0]
	at org.apache.ratis.thirdparty.io.grpc.internal.SerializingExecutor.run(SerializingExecutor.java:123) [ratis-thirdparty-misc-0.2.0.jar:0.2.0]
	at java.util.concurrent.ThreadPoolExecutor.runWorker(ThreadPoolExecutor.java:1149) [?:1.8.0_212]
	at java.util.concurrent.ThreadPoolExecutor$Worker.run(ThreadPoolExecutor.java:624) [?:1.8.0_212]
	at java.lang.Thread.run(Thread.java:748) [?:1.8.0_212]
06:04:16.566 [grpc-default-executor-10] ERROR DNAudit - user=null | ip=null | op=WRITE_CHUNK {blockData=conID: 1 locID: 102828987521171469 bcsId: 13} | ret=FAILURE
org.apache.hadoop.hdds.scm.container.common.helpers.ContainerNotOpenException: Container 1 in CLOSING state
	at org.apache.hadoop.ozone.container.common.impl.HddsDispatcher.validateContainerCommand(HddsDispatcher.java:434) ~[hadoop-hdds-container-service-0.5.0-SNAPSHOT.jar:?]
	at org.apache.hadoop.ozone.container.common.transport.server.ratis.ContainerStateMachine.startTransaction(ContainerStateMachine.java:315) ~[hadoop-hdds-container-service-0.5.0-SNAPSHOT.jar:?]
	at org.apache.ratis.server.impl.RaftServerImpl.submitClientRequestAsync(RaftServerImpl.java:573) ~[ratis-server-0.4.0.jar:0.4.0]
	at org.apache.ratis.server.impl.RaftServerProxy.lambda$submitClientRequestAsync$7(RaftServerProxy.java:333) ~[ratis-server-0.4.0.jar:0.4.0]
	at org.apache.ratis.server.impl.RaftServerProxy.lambda$null$5(RaftServerProxy.java:328) ~[ratis-server-0.4.0.jar:0.4.0]
	at org.apache.ratis.util.JavaUtils.callAsUnchecked(JavaUtils.java:109) ~[ratis-common-0.4.0.jar:0.4.0]
	at org.apache.ratis.server.impl.RaftServerProxy.lambda$submitRequest$6(RaftServerProxy.java:328) ~[ratis-server-0.4.0.jar:0.4.0]
	at java.util.concurrent.CompletableFuture.uniComposeStage(CompletableFuture.java:981) ~[?:1.8.0_212]
	at java.util.concurrent.CompletableFuture.thenCompose(CompletableFuture.java:2124) ~[?:1.8.0_212]
	at org.apache.ratis.server.impl.RaftServerProxy.submitRequest(RaftServerProxy.java:327) ~[ratis-server-0.4.0.jar:0.4.0]
	at org.apache.ratis.server.impl.RaftServerProxy.submitClientRequestAsync(RaftServerProxy.java:333) ~[ratis-server-0.4.0.jar:0.4.0]
	at org.apache.ratis.grpc.client.GrpcClientProtocolService$RequestStreamObserver.processClientRequest(GrpcClientProtocolService.java:220) ~[ratis-grpc-0.4.0.jar:0.4.0]
	at org.apache.ratis.grpc.client.GrpcClientProtocolService$OrderedRequestStreamObserver.processClientRequest(GrpcClientProtocolService.java:326) ~[ratis-grpc-0.4.0.jar:0.4.0]
	at org.apache.ratis.util.SlidingWindow$Server.processRequestsFromHead(SlidingWindow.java:429) [ratis-common-0.4.0.jar:0.4.0]
	at org.apache.ratis.util.SlidingWindow$Server.receivedRequest(SlidingWindow.java:421) [ratis-common-0.4.0.jar:0.4.0]
	at org.apache.ratis.grpc.client.GrpcClientProtocolService$OrderedRequestStreamObserver.processClientRequest(GrpcClientProtocolService.java:345) [ratis-grpc-0.4.0.jar:0.4.0]
	at org.apache.ratis.grpc.client.GrpcClientProtocolService$RequestStreamObserver.onNext(GrpcClientProtocolService.java:240) [ratis-grpc-0.4.0.jar:0.4.0]
	at org.apache.ratis.grpc.client.GrpcClientProtocolService$RequestStreamObserver.onNext(GrpcClientProtocolService.java:168) [ratis-grpc-0.4.0.jar:0.4.0]
	at org.apache.ratis.thirdparty.io.grpc.stub.ServerCalls$StreamingServerCallHandler$StreamingServerCallListener.onMessage(ServerCalls.java:248) [ratis-thirdparty-misc-0.2.0.jar:0.2.0]
	at org.apache.ratis.thirdparty.io.grpc.internal.ServerCallImpl$ServerStreamListenerImpl.messagesAvailable(ServerCallImpl.java:263) [ratis-thirdparty-misc-0.2.0.jar:0.2.0]
	at org.apache.ratis.thirdparty.io.grpc.internal.ServerImpl$JumpToApplicationThreadServerStreamListener$1MessagesAvailable.runInContext(ServerImpl.java:686) [ratis-thirdparty-misc-0.2.0.jar:0.2.0]
	at org.apache.ratis.thirdparty.io.grpc.internal.ContextRunnable.run(ContextRunnable.java:37) [ratis-thirdparty-misc-0.2.0.jar:0.2.0]
	at org.apache.ratis.thirdparty.io.grpc.internal.SerializingExecutor.run(SerializingExecutor.java:123) [ratis-thirdparty-misc-0.2.0.jar:0.2.0]
	at java.util.concurrent.ThreadPoolExecutor.runWorker(ThreadPoolExecutor.java:1149) [?:1.8.0_212]
	at java.util.concurrent.ThreadPoolExecutor$Worker.run(ThreadPoolExecutor.java:624) [?:1.8.0_212]
	at java.lang.Thread.run(Thread.java:748) [?:1.8.0_212]
06:04:16.568 [grpc-default-executor-10] ERROR DNAudit - user=null | ip=null | op=PUT_BLOCK {blockData=[blockId=conID: 1 locID: 102828987521171469 bcsId: 0,size=800]} | ret=FAILURE
org.apache.hadoop.hdds.scm.container.common.helpers.ContainerNotOpenException: Container 1 in CLOSING state
	at org.apache.hadoop.ozone.container.common.impl.HddsDispatcher.validateContainerCommand(HddsDispatcher.java:434) ~[hadoop-hdds-container-service-0.5.0-SNAPSHOT.jar:?]
	at org.apache.hadoop.ozone.container.common.transport.server.ratis.ContainerStateMachine.startTransaction(ContainerStateMachine.java:315) ~[hadoop-hdds-container-service-0.5.0-SNAPSHOT.jar:?]
	at org.apache.ratis.server.impl.RaftServerImpl.submitClientRequestAsync(RaftServerImpl.java:573) ~[ratis-server-0.4.0.jar:0.4.0]
	at org.apache.ratis.server.impl.RaftServerProxy.lambda$submitClientRequestAsync$7(RaftServerProxy.java:333) ~[ratis-server-0.4.0.jar:0.4.0]
	at org.apache.ratis.server.impl.RaftServerProxy.lambda$null$5(RaftServerProxy.java:328) ~[ratis-server-0.4.0.jar:0.4.0]
	at org.apache.ratis.util.JavaUtils.callAsUnchecked(JavaUtils.java:109) ~[ratis-common-0.4.0.jar:0.4.0]
	at org.apache.ratis.server.impl.RaftServerProxy.lambda$submitRequest$6(RaftServerProxy.java:328) ~[ratis-server-0.4.0.jar:0.4.0]
	at java.util.concurrent.CompletableFuture.uniComposeStage(CompletableFuture.java:981) ~[?:1.8.0_212]
	at java.util.concurrent.CompletableFuture.thenCompose(CompletableFuture.java:2124) ~[?:1.8.0_212]
	at org.apache.ratis.server.impl.RaftServerProxy.submitRequest(RaftServerProxy.java:327) ~[ratis-server-0.4.0.jar:0.4.0]
	at org.apache.ratis.server.impl.RaftServerProxy.submitClientRequestAsync(RaftServerProxy.java:333) ~[ratis-server-0.4.0.jar:0.4.0]
	at org.apache.ratis.grpc.client.GrpcClientProtocolService$RequestStreamObserver.processClientRequest(GrpcClientProtocolService.java:220) ~[ratis-grpc-0.4.0.jar:0.4.0]
	at org.apache.ratis.grpc.client.GrpcClientProtocolService$OrderedRequestStreamObserver.processClientRequest(GrpcClientProtocolService.java:326) ~[ratis-grpc-0.4.0.jar:0.4.0]
	at org.apache.ratis.util.SlidingWindow$Server.processRequestsFromHead(SlidingWindow.java:429) [ratis-common-0.4.0.jar:0.4.0]
	at org.apache.ratis.util.SlidingWindow$Server.receivedRequest(SlidingWindow.java:421) [ratis-common-0.4.0.jar:0.4.0]
	at org.apache.ratis.grpc.client.GrpcClientProtocolService$OrderedRequestStreamObserver.processClientRequest(GrpcClientProtocolService.java:345) [ratis-grpc-0.4.0.jar:0.4.0]
	at org.apache.ratis.grpc.client.GrpcClientProtocolService$RequestStreamObserver.onNext(GrpcClientProtocolService.java:240) [ratis-grpc-0.4.0.jar:0.4.0]
	at org.apache.ratis.grpc.client.GrpcClientProtocolService$RequestStreamObserver.onNext(GrpcClientProtocolService.java:168) [ratis-grpc-0.4.0.jar:0.4.0]
	at org.apache.ratis.thirdparty.io.grpc.stub.ServerCalls$StreamingServerCallHandler$StreamingServerCallListener.onMessage(ServerCalls.java:248) [ratis-thirdparty-misc-0.2.0.jar:0.2.0]
	at org.apache.ratis.thirdparty.io.grpc.internal.ServerCallImpl$ServerStreamListenerImpl.messagesAvailable(ServerCallImpl.java:263) [ratis-thirdparty-misc-0.2.0.jar:0.2.0]
	at org.apache.ratis.thirdparty.io.grpc.internal.ServerImpl$JumpToApplicationThreadServerStreamListener$1MessagesAvailable.runInContext(ServerImpl.java:686) [ratis-thirdparty-misc-0.2.0.jar:0.2.0]
	at org.apache.ratis.thirdparty.io.grpc.internal.ContextRunnable.run(ContextRunnable.java:37) [ratis-thirdparty-misc-0.2.0.jar:0.2.0]
	at org.apache.ratis.thirdparty.io.grpc.internal.SerializingExecutor.run(SerializingExecutor.java:123) [ratis-thirdparty-misc-0.2.0.jar:0.2.0]
	at java.util.concurrent.ThreadPoolExecutor.runWorker(ThreadPoolExecutor.java:1149) [?:1.8.0_212]
	at java.util.concurrent.ThreadPoolExecutor$Worker.run(ThreadPoolExecutor.java:624) [?:1.8.0_212]
	at java.lang.Thread.run(Thread.java:748) [?:1.8.0_212]
2019-09-21 06:04:17,120 [main] INFO  ozone.MiniOzoneClusterImpl (MiniOzoneClusterImpl.java:shutdown(314)) - Shutting down the Mini Ozone Cluster
2019-09-21 06:04:17,120 [main] INFO  ozone.MiniOzoneClusterImpl (MiniOzoneClusterImpl.java:stop(330)) - Stopping the Mini Ozone Cluster
2019-09-21 06:04:17,120 [main] INFO  ozone.MiniOzoneClusterImpl (MiniOzoneClusterImpl.java:stopOM(400)) - Stopping the OzoneManager
2019-09-21 06:04:17,121 [main] INFO  ipc.Server (Server.java:stop(3082)) - Stopping server on 41554
2019-09-21 06:04:17,150 [IPC Server listener on 41554] INFO  ipc.Server (Server.java:run(1185)) - Stopping IPC Server listener on 41554
2019-09-21 06:04:17,153 [main] INFO  ratis.OzoneManagerDoubleBuffer (OzoneManagerDoubleBuffer.java:stop(248)) - Stopping OMDoubleBuffer flush thread
2019-09-21 06:04:17,153 [IPC Server Responder] INFO  ipc.Server (Server.java:run(1319)) - Stopping IPC Server Responder
2019-09-21 06:04:17,154 [OMDoubleBufferFlushThread] INFO  ratis.OzoneManagerDoubleBuffer (OzoneManagerDoubleBuffer.java:flushTransactions(191)) - OMDoubleBuffer flush thread OMDoubleBufferFlushThread is interrupted and will exit. OMDoubleBufferFlushThread
2019-09-21 06:04:17,154 [main] INFO  utils.BackgroundService (BackgroundService.java:shutdown(148)) - Shutting down service KeyDeletingService
2019-09-21 06:04:17,156 [main] INFO  handler.ContextHandler (ContextHandler.java:doStop(910)) - Stopped o.e.j.w.WebAppContext@1332dec4{/,null,UNAVAILABLE}{/ozoneManager}
2019-09-21 06:04:17,157 [main] INFO  server.AbstractConnector (AbstractConnector.java:doStop(318)) - Stopped ServerConnector@544e3679{HTTP/1.1,[http/1.1]}{0.0.0.0:0}
2019-09-21 06:04:17,157 [main] INFO  handler.ContextHandler (ContextHandler.java:doStop(910)) - Stopped o.e.j.s.ServletContextHandler@7a0ab480{/static,file:///workdir/hadoop-ozone/integration-test/target/test-classes/webapps/static,UNAVAILABLE}
2019-09-21 06:04:17,157 [main] INFO  handler.ContextHandler (ContextHandler.java:doStop(910)) - Stopped o.e.j.s.ServletContextHandler@6d4a82{/logs,file:///workdir/hadoop-ozone/integration-test/target/log,UNAVAILABLE}
2019-09-21 06:04:17,160 [main] INFO  ozone.MiniOzoneClusterImpl (MiniOzoneClusterImpl.java:stopDatanodes(377)) - Stopping the HddsDatanodes
2019-09-21 06:04:17,841 [Datanode State Machine Thread - 0] INFO  statemachine.DatanodeStateMachine (DatanodeStateMachine.java:lambda$startDaemon$0(350)) - Ozone container server started.
2019-09-21 06:04:17,841 [Datanode State Machine Thread - 0] INFO  statemachine.DatanodeStateMachine (DatanodeStateMachine.java:lambda$startDaemon$0(350)) - Ozone container server started.
2019-09-21 06:04:18,186 [grpc-default-executor-10] WARN  server.GrpcLogAppender (LogUtils.java:warn(134)) - 21b94872-2e85-4ccf-8aec-b3b8618cb6a0@group-EE668F731C0C->99900494-266b-42a4-93d7-8c51c8bb3acf-AppendLogResponseHandler: Failed appendEntries: org.apache.ratis.thirdparty.io.grpc.StatusRuntimeException: UNAVAILABLE: io exception
2019-09-21 06:04:18,186 [grpc-default-executor-10] INFO  impl.FollowerInfo (FollowerInfo.java:lambda$new$0(51)) - 21b94872-2e85-4ccf-8aec-b3b8618cb6a0@group-EE668F731C0C->99900494-266b-42a4-93d7-8c51c8bb3acf: nextIndex: updateUnconditionally 1 -> 0
2019-09-21 06:04:20,690 [grpc-default-executor-3] WARN  server.GrpcLogAppender (LogUtils.java:warn(134)) - 21b94872-2e85-4ccf-8aec-b3b8618cb6a0@group-EE668F731C0C->99900494-266b-42a4-93d7-8c51c8bb3acf-AppendLogResponseHandler: Failed appendEntries: org.apache.ratis.thirdparty.io.grpc.StatusRuntimeException: UNAVAILABLE: io exception
2019-09-21 06:04:20,691 [grpc-default-executor-3] INFO  impl.FollowerInfo (FollowerInfo.java:lambda$new$0(51)) - 21b94872-2e85-4ccf-8aec-b3b8618cb6a0@group-EE668F731C0C->99900494-266b-42a4-93d7-8c51c8bb3acf: nextIndex: updateUnconditionally 0 -> 0
2019-09-21 06:04:21,907 [EventQueue-StaleNodeForStaleNodeHandler] INFO  node.StaleNodeHandler (StaleNodeHandler.java:onMessage(58)) - Datanode 18511a75-35dd-49ad-87cd-807a6cfd33df{ip: 192.168.34.39, host: pr-hdds-2161-4k4xz-3364335222, networkLocation: /default-rack, certSerialId: null} moved to stale state. Finalizing its pipelines [PipelineID=941a5fa0-ffc5-489d-94aa-b7bf0a3036f1, PipelineID=6e5e0f8e-03b6-4c1e-8f39-a41ae92e431e]
2019-09-21 06:04:21,908 [EventQueue-StaleNodeForStaleNodeHandler] INFO  pipeline.SCMPipelineManager (SCMPipelineManager.java:finalizeAndDestroyPipeline(315)) - destroying pipeline:Pipeline[ Id: 941a5fa0-ffc5-489d-94aa-b7bf0a3036f1, Nodes: 18511a75-35dd-49ad-87cd-807a6cfd33df{ip: 192.168.34.39, host: pr-hdds-2161-4k4xz-3364335222, networkLocation: /default-rack, certSerialId: null}, Type:RATIS, Factor:ONE, State:OPEN]
2019-09-21 06:04:21,908 [EventQueue-StaleNodeForStaleNodeHandler] INFO  pipeline.PipelineStateManager (PipelineStateManager.java:finalizePipeline(123)) - Pipeline Pipeline[ Id: 941a5fa0-ffc5-489d-94aa-b7bf0a3036f1, Nodes: 18511a75-35dd-49ad-87cd-807a6cfd33df{ip: 192.168.34.39, host: pr-hdds-2161-4k4xz-3364335222, networkLocation: /default-rack, certSerialId: null}, Type:RATIS, Factor:ONE, State:CLOSED] moved to CLOSED state
2019-09-21 06:04:21,909 [EventQueue-StaleNodeForStaleNodeHandler] INFO  pipeline.SCMPipelineManager (SCMPipelineManager.java:finalizeAndDestroyPipeline(315)) - destroying pipeline:Pipeline[ Id: 6e5e0f8e-03b6-4c1e-8f39-a41ae92e431e, Nodes: 18511a75-35dd-49ad-87cd-807a6cfd33df{ip: 192.168.34.39, host: pr-hdds-2161-4k4xz-3364335222, networkLocation: /default-rack, certSerialId: null}e0d69add-996e-49cd-bdf0-e379acbbc969{ip: 192.168.34.39, host: pr-hdds-2161-4k4xz-3364335222, networkLocation: /default-rack, certSerialId: null}34078b08-5f46-4b2d-8468-58e281f072db{ip: 192.168.34.39, host: pr-hdds-2161-4k4xz-3364335222, networkLocation: /default-rack, certSerialId: null}, Type:RATIS, Factor:THREE, State:OPEN]
2019-09-21 06:04:21,909 [EventQueue-StaleNodeForStaleNodeHandler] INFO  pipeline.PipelineStateManager (PipelineStateManager.java:finalizePipeline(123)) - Pipeline Pipeline[ Id: 6e5e0f8e-03b6-4c1e-8f39-a41ae92e431e, Nodes: 18511a75-35dd-49ad-87cd-807a6cfd33df{ip: 192.168.34.39, host: pr-hdds-2161-4k4xz-3364335222, networkLocation: /default-rack, certSerialId: null}e0d69add-996e-49cd-bdf0-e379acbbc969{ip: 192.168.34.39, host: pr-hdds-2161-4k4xz-3364335222, networkLocation: /default-rack, certSerialId: null}34078b08-5f46-4b2d-8468-58e281f072db{ip: 192.168.34.39, host: pr-hdds-2161-4k4xz-3364335222, networkLocation: /default-rack, certSerialId: null}, Type:RATIS, Factor:THREE, State:CLOSED] moved to CLOSED state
2019-09-21 06:04:21,910 [EventQueue-CloseContainerForCloseContainerEventHandler] INFO  container.CloseContainerEventHandler (CloseContainerEventHandler.java:onMessage(61)) - Close container Event triggered for container : #2
2019-09-21 06:04:21,910 [EventQueue-StaleNodeForStaleNodeHandler] INFO  node.StaleNodeHandler (StaleNodeHandler.java:onMessage(58)) - Datanode e0d69add-996e-49cd-bdf0-e379acbbc969{ip: 192.168.34.39, host: pr-hdds-2161-4k4xz-3364335222, networkLocation: /default-rack, certSerialId: null} moved to stale state. Finalizing its pipelines [PipelineID=6e5e0f8e-03b6-4c1e-8f39-a41ae92e431e, PipelineID=bbfdf592-00c2-49db-904e-6098e0db2b75]
2019-09-21 06:04:21,914 [EventQueue-StaleNodeForStaleNodeHandler] INFO  pipeline.SCMPipelineManager (SCMPipelineManager.java:finalizeAndDestroyPipeline(315)) - destroying pipeline:Pipeline[ Id: 6e5e0f8e-03b6-4c1e-8f39-a41ae92e431e, Nodes: 18511a75-35dd-49ad-87cd-807a6cfd33df{ip: 192.168.34.39, host: pr-hdds-2161-4k4xz-3364335222, networkLocation: /default-rack, certSerialId: null}e0d69add-996e-49cd-bdf0-e379acbbc969{ip: 192.168.34.39, host: pr-hdds-2161-4k4xz-3364335222, networkLocation: /default-rack, certSerialId: null}34078b08-5f46-4b2d-8468-58e281f072db{ip: 192.168.34.39, host: pr-hdds-2161-4k4xz-3364335222, networkLocation: /default-rack, certSerialId: null}, Type:RATIS, Factor:THREE, State:CLOSED]
2019-09-21 06:04:21,914 [EventQueue-StaleNodeForStaleNodeHandler] INFO  pipeline.SCMPipelineManager (SCMPipelineManager.java:finalizeAndDestroyPipeline(315)) - destroying pipeline:Pipeline[ Id: bbfdf592-00c2-49db-904e-6098e0db2b75, Nodes: e0d69add-996e-49cd-bdf0-e379acbbc969{ip: 192.168.34.39, host: pr-hdds-2161-4k4xz-3364335222, networkLocation: /default-rack, certSerialId: null}, Type:RATIS, Factor:ONE, State:OPEN]
2019-09-21 06:04:21,914 [EventQueue-StaleNodeForStaleNodeHandler] INFO  pipeline.PipelineStateManager (PipelineStateManager.java:finalizePipeline(123)) - Pipeline Pipeline[ Id: bbfdf592-00c2-49db-904e-6098e0db2b75, Nodes: e0d69add-996e-49cd-bdf0-e379acbbc969{ip: 192.168.34.39, host: pr-hdds-2161-4k4xz-3364335222, networkLocation: /default-rack, certSerialId: null}, Type:RATIS, Factor:ONE, State:CLOSED] moved to CLOSED state
2019-09-21 06:04:22,161 [ForkJoinPool.commonPool-worker-0] INFO  ozoneimpl.OzoneContainer (OzoneContainer.java:stop(231)) - Attempting to stop container services.
2019-09-21 06:04:22,164 [main] INFO  ozoneimpl.OzoneContainer (OzoneContainer.java:stop(231)) - Attempting to stop container services.
2019-09-21 06:04:22,164 [ForkJoinPool.commonPool-worker-0] INFO  impl.RaftServerProxy (RaftServerProxy.java:lambda$close$4(314)) - 18511a75-35dd-49ad-87cd-807a6cfd33df: close
2019-09-21 06:04:22,165 [main] INFO  impl.RaftServerProxy (RaftServerProxy.java:lambda$close$4(314)) - e0d69add-996e-49cd-bdf0-e379acbbc969: close
2019-09-21 06:04:22,166 [ForkJoinPool.commonPool-worker-0] INFO  impl.RaftServerImpl (RaftServerImpl.java:lambda$shutdown$3(251)) - 18511a75-35dd-49ad-87cd-807a6cfd33df@group-B7BF0A3036F1: shutdown
2019-09-21 06:04:22,166 [main] INFO  impl.RaftServerImpl (RaftServerImpl.java:lambda$shutdown$3(251)) - e0d69add-996e-49cd-bdf0-e379acbbc969@group-A41AE92E431E: shutdown
2019-09-21 06:04:22,166 [ForkJoinPool.commonPool-worker-0] INFO  util.JmxRegister (JmxRegister.java:unregister(73)) - Successfully un-registered JMX Bean with object name Ratis:service=RaftServer,group=group-B7BF0A3036F1,id=18511a75-35dd-49ad-87cd-807a6cfd33df
2019-09-21 06:04:22,166 [main] INFO  util.JmxRegister (JmxRegister.java:unregister(73)) - Successfully un-registered JMX Bean with object name Ratis:service=RaftServer,group=group-A41AE92E431E,id=e0d69add-996e-49cd-bdf0-e379acbbc969
2019-09-21 06:04:22,167 [ForkJoinPool.commonPool-worker-0] INFO  impl.RoleInfo (RoleInfo.java:shutdownLeaderState(104)) - 18511a75-35dd-49ad-87cd-807a6cfd33df: shutdown LeaderState
2019-09-21 06:04:22,167 [main] INFO  impl.RoleInfo (RoleInfo.java:shutdownFollowerState(121)) - e0d69add-996e-49cd-bdf0-e379acbbc969: shutdown FollowerState
2019-09-21 06:04:22,167 [ForkJoinPool.commonPool-worker-0] INFO  impl.PendingRequests (PendingRequests.java:sendNotLeaderResponses(202)) - 18511a75-35dd-49ad-87cd-807a6cfd33df-PendingRequests: sendNotLeaderResponses
2019-09-21 06:04:22,168 [Thread-3147] INFO  impl.FollowerState (FollowerState.java:run(115)) - e0d69add-996e-49cd-bdf0-e379acbbc969: FollowerState was interrupted: java.lang.InterruptedException: sleep interrupted
2019-09-21 06:04:22,168 [main] INFO  impl.StateMachineUpdater (StateMachineUpdater.java:stopAndJoin(125)) - e0d69add-996e-49cd-bdf0-e379acbbc969@group-A41AE92E431E-StateMachineUpdater: set stopIndex = 16
2019-09-21 06:04:22,170 [ForkJoinPool.commonPool-worker-0] INFO  impl.StateMachineUpdater (StateMachineUpdater.java:stopAndJoin(125)) - 18511a75-35dd-49ad-87cd-807a6cfd33df@group-B7BF0A3036F1-StateMachineUpdater: set stopIndex = 0
2019-09-21 06:04:22,168 [e0d69add-996e-49cd-bdf0-e379acbbc969@group-A41AE92E431E-StateMachineUpdater] INFO  ratis.ContainerStateMachine (ContainerStateMachine.java:takeSnapshot(289)) - group-A41AE92E431E: Taking a snapshot at:(t:1, i:14) file /workdir/hadoop-ozone/integration-test/target/test-dir/MiniOzoneClusterImpl-4a7d2b0f-1947-4f54-9952-6ed79e26d9e2/datanode-3/data/ratis/6e5e0f8e-03b6-4c1e-8f39-a41ae92e431e/sm/snapshot.1_14
2019-09-21 06:04:22,170 [ForkJoinPool.commonPool-worker-0] INFO  impl.RaftServerImpl (ServerState.java:close(385)) - 18511a75-35dd-49ad-87cd-807a6cfd33df@group-B7BF0A3036F1: closes. applyIndex: 0
2019-09-21 06:04:22,171 [18511a75-35dd-49ad-87cd-807a6cfd33df@group-B7BF0A3036F1-SegmentedRaftLogWorker] INFO  segmented.SegmentedRaftLogWorker (SegmentedRaftLogWorker.java:run(313)) - 18511a75-35dd-49ad-87cd-807a6cfd33df@group-B7BF0A3036F1-SegmentedRaftLogWorker was interrupted, exiting. There are 0 tasks remaining in the queue.
2019-09-21 06:04:22,196 [ForkJoinPool.commonPool-worker-0] INFO  segmented.SegmentedRaftLogWorker (SegmentedRaftLogWorker.java:close(228)) - 18511a75-35dd-49ad-87cd-807a6cfd33df@group-B7BF0A3036F1-SegmentedRaftLogWorker close()
2019-09-21 06:04:22,199 [ForkJoinPool.commonPool-worker-0] INFO  impl.RaftServerImpl (RaftServerImpl.java:lambda$shutdown$3(251)) - 18511a75-35dd-49ad-87cd-807a6cfd33df@group-A41AE92E431E: shutdown
2019-09-21 06:04:22,199 [ForkJoinPool.commonPool-worker-0] INFO  util.JmxRegister (JmxRegister.java:unregister(73)) - Successfully un-registered JMX Bean with object name Ratis:service=RaftServer,group=group-A41AE92E431E,id=18511a75-35dd-49ad-87cd-807a6cfd33df
2019-09-21 06:04:22,199 [ForkJoinPool.commonPool-worker-0] INFO  impl.RoleInfo (RoleInfo.java:shutdownLeaderState(104)) - 18511a75-35dd-49ad-87cd-807a6cfd33df: shutdown LeaderState
2019-09-21 06:04:22,202 [ForkJoinPool.commonPool-worker-0] INFO  impl.PendingRequests (PendingRequests.java:sendNotLeaderResponses(202)) - 18511a75-35dd-49ad-87cd-807a6cfd33df-PendingRequests: sendNotLeaderResponses
2019-09-21 06:04:22,203 [org.apache.ratis.server.impl.LogAppender$AppenderDaemon$$Lambda$498/2100227936@184a910e] WARN  server.GrpcLogAppender (GrpcLogAppender.java:mayWait(143)) - 18511a75-35dd-49ad-87cd-807a6cfd33df@group-A41AE92E431E->e0d69add-996e-49cd-bdf0-e379acbbc969-GrpcLogAppender: Wait interrupted by java.lang.InterruptedException
2019-09-21 06:04:22,203 [org.apache.ratis.server.impl.LogAppender$AppenderDaemon$$Lambda$498/2100227936@7e1008be] WARN  server.GrpcLogAppender (GrpcLogAppender.java:mayWait(143)) - 18511a75-35dd-49ad-87cd-807a6cfd33df@group-A41AE92E431E->34078b08-5f46-4b2d-8468-58e281f072db-GrpcLogAppender: Wait interrupted by java.lang.InterruptedException
2019-09-21 06:04:22,206 [ForkJoinPool.commonPool-worker-0] INFO  impl.StateMachineUpdater (StateMachineUpdater.java:stopAndJoin(125)) - 18511a75-35dd-49ad-87cd-807a6cfd33df@group-A41AE92E431E-StateMachineUpdater: set stopIndex = 16
2019-09-21 06:04:22,206 [18511a75-35dd-49ad-87cd-807a6cfd33df@group-A41AE92E431E-StateMachineUpdater] INFO  ratis.ContainerStateMachine (ContainerStateMachine.java:takeSnapshot(289)) - group-A41AE92E431E: Taking a snapshot at:(t:1, i:14) file /workdir/hadoop-ozone/integration-test/target/test-dir/MiniOzoneClusterImpl-4a7d2b0f-1947-4f54-9952-6ed79e26d9e2/datanode-1/data/ratis/6e5e0f8e-03b6-4c1e-8f39-a41ae92e431e/sm/snapshot.1_14
2019-09-21 06:04:22,207 [grpc-default-executor-10] INFO  server.GrpcServerProtocolService (GrpcServerProtocolService.java:onCompleted(113)) - e0d69add-996e-49cd-bdf0-e379acbbc969: Completed APPEND_ENTRIES, lastRequest: 18511a75-35dd-49ad-87cd-807a6cfd33df->e0d69add-996e-49cd-bdf0-e379acbbc969#27-t1, previous=(t:1, i:16), leaderCommit=16, initializing? false, entries: <empty>
2019-09-21 06:04:22,207 [grpc-default-executor-3] INFO  server.GrpcServerProtocolService (GrpcServerProtocolService.java:onCompleted(113)) - 34078b08-5f46-4b2d-8468-58e281f072db: Completed APPEND_ENTRIES, lastRequest: 18511a75-35dd-49ad-87cd-807a6cfd33df->34078b08-5f46-4b2d-8468-58e281f072db#27-t1, previous=(t:1, i:16), leaderCommit=16, initializing? false, entries: <empty>
2019-09-21 06:04:22,207 [grpc-default-executor-3] INFO  server.GrpcLogAppender (GrpcLogAppender.java:onCompleted(293)) - 18511a75-35dd-49ad-87cd-807a6cfd33df@group-A41AE92E431E->e0d69add-996e-49cd-bdf0-e379acbbc969-AppendLogResponseHandler: follower responses appendEntries COMPLETED
2019-09-21 06:04:22,208 [grpc-default-executor-11] INFO  server.GrpcLogAppender (GrpcLogAppender.java:onCompleted(293)) - 18511a75-35dd-49ad-87cd-807a6cfd33df@group-A41AE92E431E->34078b08-5f46-4b2d-8468-58e281f072db-AppendLogResponseHandler: follower responses appendEntries COMPLETED
2019-09-21 06:04:22,208 [grpc-default-executor-3] INFO  impl.FollowerInfo (FollowerInfo.java:lambda$new$0(51)) - 18511a75-35dd-49ad-87cd-807a6cfd33df@group-A41AE92E431E->e0d69add-996e-49cd-bdf0-e379acbbc969: nextIndex: updateUnconditionally 17 -> 16
2019-09-21 06:04:22,208 [grpc-default-executor-11] INFO  impl.FollowerInfo (FollowerInfo.java:lambda$new$0(51)) - 18511a75-35dd-49ad-87cd-807a6cfd33df@group-A41AE92E431E->34078b08-5f46-4b2d-8468-58e281f072db: nextIndex: updateUnconditionally 17 -> 16
2019-09-21 06:04:22,240 [18511a75-35dd-49ad-87cd-807a6cfd33df@group-A41AE92E431E-StateMachineUpdater] INFO  ratis.ContainerStateMachine (ContainerStateMachine.java:takeSnapshot(300)) - group-A41AE92E431E: Finished taking a snapshot at:(t:1, i:14) file:/workdir/hadoop-ozone/integration-test/target/test-dir/MiniOzoneClusterImpl-4a7d2b0f-1947-4f54-9952-6ed79e26d9e2/datanode-1/data/ratis/6e5e0f8e-03b6-4c1e-8f39-a41ae92e431e/sm/snapshot.1_14 time:33
2019-09-21 06:04:22,240 [e0d69add-996e-49cd-bdf0-e379acbbc969@group-A41AE92E431E-StateMachineUpdater] INFO  ratis.ContainerStateMachine (ContainerStateMachine.java:takeSnapshot(300)) - group-A41AE92E431E: Finished taking a snapshot at:(t:1, i:14) file:/workdir/hadoop-ozone/integration-test/target/test-dir/MiniOzoneClusterImpl-4a7d2b0f-1947-4f54-9952-6ed79e26d9e2/datanode-3/data/ratis/6e5e0f8e-03b6-4c1e-8f39-a41ae92e431e/sm/snapshot.1_14 time:72
2019-09-21 06:04:22,240 [18511a75-35dd-49ad-87cd-807a6cfd33df@group-A41AE92E431E-StateMachineUpdater] INFO  impl.StateMachineUpdater (StateMachineUpdater.java:takeSnapshot(258)) - 18511a75-35dd-49ad-87cd-807a6cfd33df@group-A41AE92E431E-StateMachineUpdater: Took a snapshot at index 14
2019-09-21 06:04:22,240 [e0d69add-996e-49cd-bdf0-e379acbbc969@group-A41AE92E431E-StateMachineUpdater] INFO  impl.StateMachineUpdater (StateMachineUpdater.java:takeSnapshot(258)) - e0d69add-996e-49cd-bdf0-e379acbbc969@group-A41AE92E431E-StateMachineUpdater: Took a snapshot at index 14
2019-09-21 06:04:22,241 [18511a75-35dd-49ad-87cd-807a6cfd33df@group-A41AE92E431E-StateMachineUpdater] INFO  impl.StateMachineUpdater (StateMachineUpdater.java:lambda$new$0(83)) - 18511a75-35dd-49ad-87cd-807a6cfd33df@group-A41AE92E431E-StateMachineUpdater: snapshotIndex: updateIncreasingly -1 -> 14
2019-09-21 06:04:22,241 [e0d69add-996e-49cd-bdf0-e379acbbc969@group-A41AE92E431E-StateMachineUpdater] INFO  impl.StateMachineUpdater (StateMachineUpdater.java:lambda$new$0(83)) - e0d69add-996e-49cd-bdf0-e379acbbc969@group-A41AE92E431E-StateMachineUpdater: snapshotIndex: updateIncreasingly -1 -> 14
2019-09-21 06:04:22,241 [18511a75-35dd-49ad-87cd-807a6cfd33df@group-A41AE92E431E-StateMachineUpdater] INFO  ratis.ContainerStateMachine (ContainerStateMachine.java:takeSnapshot(289)) - group-A41AE92E431E: Taking a snapshot at:(t:1, i:14) file /workdir/hadoop-ozone/integration-test/target/test-dir/MiniOzoneClusterImpl-4a7d2b0f-1947-4f54-9952-6ed79e26d9e2/datanode-1/data/ratis/6e5e0f8e-03b6-4c1e-8f39-a41ae92e431e/sm/snapshot.1_14
2019-09-21 06:04:22,241 [e0d69add-996e-49cd-bdf0-e379acbbc969@group-A41AE92E431E-StateMachineUpdater] INFO  ratis.ContainerStateMachine (ContainerStateMachine.java:takeSnapshot(289)) - group-A41AE92E431E: Taking a snapshot at:(t:1, i:14) file /workdir/hadoop-ozone/integration-test/target/test-dir/MiniOzoneClusterImpl-4a7d2b0f-1947-4f54-9952-6ed79e26d9e2/datanode-3/data/ratis/6e5e0f8e-03b6-4c1e-8f39-a41ae92e431e/sm/snapshot.1_14
2019-09-21 06:04:22,289 [18511a75-35dd-49ad-87cd-807a6cfd33df@group-A41AE92E431E-StateMachineUpdater] INFO  ratis.ContainerStateMachine (ContainerStateMachine.java:takeSnapshot(300)) - group-A41AE92E431E: Finished taking a snapshot at:(t:1, i:14) file:/workdir/hadoop-ozone/integration-test/target/test-dir/MiniOzoneClusterImpl-4a7d2b0f-1947-4f54-9952-6ed79e26d9e2/datanode-1/data/ratis/6e5e0f8e-03b6-4c1e-8f39-a41ae92e431e/sm/snapshot.1_14 time:48
2019-09-21 06:04:22,289 [e0d69add-996e-49cd-bdf0-e379acbbc969@group-A41AE92E431E-StateMachineUpdater] INFO  ratis.ContainerStateMachine (ContainerStateMachine.java:takeSnapshot(300)) - group-A41AE92E431E: Finished taking a snapshot at:(t:1, i:14) file:/workdir/hadoop-ozone/integration-test/target/test-dir/MiniOzoneClusterImpl-4a7d2b0f-1947-4f54-9952-6ed79e26d9e2/datanode-3/data/ratis/6e5e0f8e-03b6-4c1e-8f39-a41ae92e431e/sm/snapshot.1_14 time:48
2019-09-21 06:04:22,289 [18511a75-35dd-49ad-87cd-807a6cfd33df@group-A41AE92E431E-StateMachineUpdater] INFO  impl.StateMachineUpdater (StateMachineUpdater.java:takeSnapshot(258)) - 18511a75-35dd-49ad-87cd-807a6cfd33df@group-A41AE92E431E-StateMachineUpdater: Took a snapshot at index 14
2019-09-21 06:04:22,289 [e0d69add-996e-49cd-bdf0-e379acbbc969@group-A41AE92E431E-StateMachineUpdater] INFO  impl.StateMachineUpdater (StateMachineUpdater.java:takeSnapshot(258)) - e0d69add-996e-49cd-bdf0-e379acbbc969@group-A41AE92E431E-StateMachineUpdater: Took a snapshot at index 14
2019-09-21 06:04:22,289 [18511a75-35dd-49ad-87cd-807a6cfd33df@group-A41AE92E431E-StateMachineUpdater] INFO  impl.StateMachineUpdater (StateMachineUpdater.java:lambda$new$0(83)) - 18511a75-35dd-49ad-87cd-807a6cfd33df@group-A41AE92E431E-StateMachineUpdater: snapshotIndex: updateIncreasingly 14 -> 14
2019-09-21 06:04:22,289 [e0d69add-996e-49cd-bdf0-e379acbbc969@group-A41AE92E431E-StateMachineUpdater] INFO  impl.StateMachineUpdater (StateMachineUpdater.java:lambda$new$0(83)) - e0d69add-996e-49cd-bdf0-e379acbbc969@group-A41AE92E431E-StateMachineUpdater: snapshotIndex: updateIncreasingly 14 -> 14
2019-09-21 06:04:22,289 [ForkJoinPool.commonPool-worker-0] INFO  impl.RaftServerImpl (ServerState.java:close(385)) - 18511a75-35dd-49ad-87cd-807a6cfd33df@group-A41AE92E431E: closes. applyIndex: 16
2019-09-21 06:04:22,290 [main] INFO  impl.RaftServerImpl (ServerState.java:close(385)) - e0d69add-996e-49cd-bdf0-e379acbbc969@group-A41AE92E431E: closes. applyIndex: 16
2019-09-21 06:04:22,290 [18511a75-35dd-49ad-87cd-807a6cfd33df@group-A41AE92E431E-SegmentedRaftLogWorker] INFO  segmented.SegmentedRaftLogWorker (SegmentedRaftLogWorker.java:run(313)) - 18511a75-35dd-49ad-87cd-807a6cfd33df@group-A41AE92E431E-SegmentedRaftLogWorker was interrupted, exiting. There are 0 tasks remaining in the queue.
2019-09-21 06:04:22,290 [e0d69add-996e-49cd-bdf0-e379acbbc969@group-A41AE92E431E-SegmentedRaftLogWorker] INFO  segmented.SegmentedRaftLogWorker (SegmentedRaftLogWorker.java:run(313)) - e0d69add-996e-49cd-bdf0-e379acbbc969@group-A41AE92E431E-SegmentedRaftLogWorker was interrupted, exiting. There are 0 tasks remaining in the queue.
2019-09-21 06:04:22,293 [ForkJoinPool.commonPool-worker-0] INFO  segmented.SegmentedRaftLogWorker (SegmentedRaftLogWorker.java:close(228)) - 18511a75-35dd-49ad-87cd-807a6cfd33df@group-A41AE92E431E-SegmentedRaftLogWorker close()
2019-09-21 06:04:22,294 [main] INFO  segmented.SegmentedRaftLogWorker (SegmentedRaftLogWorker.java:close(228)) - e0d69add-996e-49cd-bdf0-e379acbbc969@group-A41AE92E431E-SegmentedRaftLogWorker close()
2019-09-21 06:04:22,298 [ForkJoinPool.commonPool-worker-0] INFO  server.GrpcService (GrpcService.java:closeImpl(164)) - 18511a75-35dd-49ad-87cd-807a6cfd33df: shutdown server with port 46500 now
2019-09-21 06:04:22,301 [main] INFO  impl.RaftServerImpl (RaftServerImpl.java:lambda$shutdown$3(251)) - e0d69add-996e-49cd-bdf0-e379acbbc969@group-6098E0DB2B75: shutdown
2019-09-21 06:04:22,301 [main] INFO  util.JmxRegister (JmxRegister.java:unregister(73)) - Successfully un-registered JMX Bean with object name Ratis:service=RaftServer,group=group-6098E0DB2B75,id=e0d69add-996e-49cd-bdf0-e379acbbc969
2019-09-21 06:04:22,301 [grpc-default-executor-3] WARN  client.GrpcClientProtocolService (LogUtils.java:warn(134)) - 1-UnorderedRequestStreamObserver1: onError: org.apache.ratis.thirdparty.io.grpc.StatusRuntimeException: CANCELLED: cancelled before receiving half close
2019-09-21 06:04:22,301 [main] INFO  impl.RoleInfo (RoleInfo.java:shutdownLeaderState(104)) - e0d69add-996e-49cd-bdf0-e379acbbc969: shutdown LeaderState
2019-09-21 06:04:22,302 [ForkJoinPool.commonPool-worker-0] INFO  server.GrpcService (GrpcService.java:closeImpl(172)) - 18511a75-35dd-49ad-87cd-807a6cfd33df: shutdown server with port 46500 successfully
2019-09-21 06:04:22,302 [main] INFO  impl.PendingRequests (PendingRequests.java:sendNotLeaderResponses(202)) - e0d69add-996e-49cd-bdf0-e379acbbc969-PendingRequests: sendNotLeaderResponses
2019-09-21 06:04:22,303 [main] INFO  impl.StateMachineUpdater (StateMachineUpdater.java:stopAndJoin(125)) - e0d69add-996e-49cd-bdf0-e379acbbc969@group-6098E0DB2B75-StateMachineUpdater: set stopIndex = 0
2019-09-21 06:04:22,303 [main] INFO  impl.RaftServerImpl (ServerState.java:close(385)) - e0d69add-996e-49cd-bdf0-e379acbbc969@group-6098E0DB2B75: closes. applyIndex: 0
2019-09-21 06:04:22,304 [e0d69add-996e-49cd-bdf0-e379acbbc969@group-6098E0DB2B75-SegmentedRaftLogWorker] INFO  segmented.SegmentedRaftLogWorker (SegmentedRaftLogWorker.java:run(313)) - e0d69add-996e-49cd-bdf0-e379acbbc969@group-6098E0DB2B75-SegmentedRaftLogWorker was interrupted, exiting. There are 0 tasks remaining in the queue.
2019-09-21 06:04:22,306 [main] INFO  segmented.SegmentedRaftLogWorker (SegmentedRaftLogWorker.java:close(228)) - e0d69add-996e-49cd-bdf0-e379acbbc969@group-6098E0DB2B75-SegmentedRaftLogWorker close()
2019-09-21 06:04:22,306 [refreshUsed-/workdir/hadoop-ozone/integration-test/target/test-dir/MiniOzoneClusterImpl-4a7d2b0f-1947-4f54-9952-6ed79e26d9e2/datanode-1/data/containers] WARN  fs.CachingGetSpaceUsed (CachingGetSpaceUsed.java:run(183)) - Thread Interrupted waiting to refresh disk information: sleep interrupted
2019-09-21 06:04:22,309 [main] INFO  server.GrpcService (GrpcService.java:closeImpl(164)) - e0d69add-996e-49cd-bdf0-e379acbbc969: shutdown server with port 41339 now
2019-09-21 06:04:22,312 [main] INFO  server.GrpcService (GrpcService.java:closeImpl(172)) - e0d69add-996e-49cd-bdf0-e379acbbc969: shutdown server with port 41339 successfully
2019-09-21 06:04:22,319 [refreshUsed-/workdir/hadoop-ozone/integration-test/target/test-dir/MiniOzoneClusterImpl-4a7d2b0f-1947-4f54-9952-6ed79e26d9e2/datanode-3/data/containers] WARN  fs.CachingGetSpaceUsed (CachingGetSpaceUsed.java:run(183)) - Thread Interrupted waiting to refresh disk information: sleep interrupted
2019-09-21 06:04:22,331 [ForkJoinPool.commonPool-worker-0] INFO  utils.BackgroundService (BackgroundService.java:shutdown(148)) - Shutting down service BlockDeletingService
2019-09-21 06:04:22,343 [ForkJoinPool.commonPool-worker-0] INFO  statemachine.DatanodeStateMachine (DatanodeStateMachine.java:stopDaemon(395)) - Ozone container server stopped.
2019-09-21 06:04:22,350 [ForkJoinPool.commonPool-worker-0] INFO  handler.ContextHandler (ContextHandler.java:doStop(910)) - Stopped o.e.j.w.WebAppContext@7b6141f0{/,null,UNAVAILABLE}{/hddsDatanode}
2019-09-21 06:04:22,351 [ForkJoinPool.commonPool-worker-0] INFO  server.AbstractConnector (AbstractConnector.java:doStop(318)) - Stopped ServerConnector@4fb64a52{HTTP/1.1,[http/1.1]}{0.0.0.0:0}
2019-09-21 06:04:22,353 [ForkJoinPool.commonPool-worker-0] INFO  handler.ContextHandler (ContextHandler.java:doStop(910)) - Stopped o.e.j.s.ServletContextHandler@7a64cb0c{/static,jar:file:/home/user/.m2/repository/org/apache/hadoop/hadoop-hdds-container-service/0.5.0-SNAPSHOT/hadoop-hdds-container-service-0.5.0-SNAPSHOT.jar!/webapps/static,UNAVAILABLE}
2019-09-21 06:04:22,354 [ForkJoinPool.commonPool-worker-0] INFO  handler.ContextHandler (ContextHandler.java:doStop(910)) - Stopped o.e.j.s.ServletContextHandler@696fad31{/logs,file:///workdir/hadoop-ozone/integration-test/target/log,UNAVAILABLE}
2019-09-21 06:04:22,356 [main] INFO  utils.BackgroundService (BackgroundService.java:shutdown(148)) - Shutting down service BlockDeletingService
2019-09-21 06:04:22,361 [main] INFO  statemachine.DatanodeStateMachine (DatanodeStateMachine.java:stopDaemon(395)) - Ozone container server stopped.
2019-09-21 06:04:22,362 [main] INFO  handler.ContextHandler (ContextHandler.java:doStop(910)) - Stopped o.e.j.w.WebAppContext@ceb7701{/,null,UNAVAILABLE}{/hddsDatanode}
2019-09-21 06:04:22,363 [main] INFO  server.AbstractConnector (AbstractConnector.java:doStop(318)) - Stopped ServerConnector@5e193ef5{HTTP/1.1,[http/1.1]}{0.0.0.0:0}
2019-09-21 06:04:22,363 [main] INFO  handler.ContextHandler (ContextHandler.java:doStop(910)) - Stopped o.e.j.s.ServletContextHandler@203e705e{/static,jar:file:/home/user/.m2/repository/org/apache/hadoop/hadoop-hdds-container-service/0.5.0-SNAPSHOT/hadoop-hdds-container-service-0.5.0-SNAPSHOT.jar!/webapps/static,UNAVAILABLE}
2019-09-21 06:04:22,364 [main] INFO  handler.ContextHandler (ContextHandler.java:doStop(910)) - Stopped o.e.j.s.ServletContextHandler@42a0786f{/logs,file:///workdir/hadoop-ozone/integration-test/target/log,UNAVAILABLE}
2019-09-21 06:04:22,767 [Datanode State Machine Thread - 0] INFO  statemachine.DatanodeStateMachine (DatanodeStateMachine.java:lambda$startDaemon$0(350)) - Ozone container server started.
2019-09-21 06:04:22,841 [Datanode State Machine Thread - 0] INFO  statemachine.DatanodeStateMachine (DatanodeStateMachine.java:lambda$startDaemon$0(350)) - Ozone container server started.
2019-09-21 06:04:23,189 [grpc-default-executor-11] WARN  server.GrpcLogAppender (LogUtils.java:warn(134)) - 21b94872-2e85-4ccf-8aec-b3b8618cb6a0@group-EE668F731C0C->99900494-266b-42a4-93d7-8c51c8bb3acf-AppendLogResponseHandler: Failed appendEntries: org.apache.ratis.thirdparty.io.grpc.StatusRuntimeException: UNAVAILABLE: io exception
2019-09-21 06:04:23,189 [grpc-default-executor-11] INFO  impl.FollowerInfo (FollowerInfo.java:lambda$new$0(51)) - 21b94872-2e85-4ccf-8aec-b3b8618cb6a0@group-EE668F731C0C->99900494-266b-42a4-93d7-8c51c8bb3acf: nextIndex: updateUnconditionally 0 -> 0
2019-09-21 06:04:25,694 [grpc-default-executor-3] WARN  server.GrpcLogAppender (LogUtils.java:warn(134)) - 21b94872-2e85-4ccf-8aec-b3b8618cb6a0@group-EE668F731C0C->99900494-266b-42a4-93d7-8c51c8bb3acf-AppendLogResponseHandler: Failed appendEntries: org.apache.ratis.thirdparty.io.grpc.StatusRuntimeException: UNAVAILABLE: io exception
2019-09-21 06:04:25,696 [grpc-default-executor-3] INFO  impl.FollowerInfo (FollowerInfo.java:lambda$new$0(51)) - 21b94872-2e85-4ccf-8aec-b3b8618cb6a0@group-EE668F731C0C->99900494-266b-42a4-93d7-8c51c8bb3acf: nextIndex: updateUnconditionally 0 -> 0
2019-09-21 06:04:26,813 [EventQueue-StaleNodeForStaleNodeHandler] INFO  node.StaleNodeHandler (StaleNodeHandler.java:onMessage(58)) - Datanode 59a1cc74-b9a1-4fd5-a7da-2902dfa6c4f0{ip: 192.168.34.39, host: pr-hdds-2161-4k4xz-3364335222, networkLocation: /default-rack, certSerialId: null} moved to stale state. Finalizing its pipelines [PipelineID=985f9fcd-4339-4c79-82b9-b09e14678557]
2019-09-21 06:04:26,814 [EventQueue-StaleNodeForStaleNodeHandler] INFO  pipeline.SCMPipelineManager (SCMPipelineManager.java:finalizeAndDestroyPipeline(315)) - destroying pipeline:Pipeline[ Id: 985f9fcd-4339-4c79-82b9-b09e14678557, Nodes: 59a1cc74-b9a1-4fd5-a7da-2902dfa6c4f0{ip: 192.168.34.39, host: pr-hdds-2161-4k4xz-3364335222, networkLocation: /default-rack, certSerialId: null}, Type:RATIS, Factor:ONE, State:OPEN]
2019-09-21 06:04:26,815 [EventQueue-StaleNodeForStaleNodeHandler] INFO  pipeline.PipelineStateManager (PipelineStateManager.java:finalizePipeline(123)) - Pipeline Pipeline[ Id: 985f9fcd-4339-4c79-82b9-b09e14678557, Nodes: 59a1cc74-b9a1-4fd5-a7da-2902dfa6c4f0{ip: 192.168.34.39, host: pr-hdds-2161-4k4xz-3364335222, networkLocation: /default-rack, certSerialId: null}, Type:RATIS, Factor:ONE, State:CLOSED] moved to CLOSED state
2019-09-21 06:04:26,913 [EventQueue-StaleNodeForStaleNodeHandler] INFO  node.StaleNodeHandler (StaleNodeHandler.java:onMessage(58)) - Datanode 34078b08-5f46-4b2d-8468-58e281f072db{ip: 192.168.34.39, host: pr-hdds-2161-4k4xz-3364335222, networkLocation: /default-rack, certSerialId: null} moved to stale state. Finalizing its pipelines [PipelineID=6e5e0f8e-03b6-4c1e-8f39-a41ae92e431e, PipelineID=c2bd2970-6337-45bd-9667-fd70dbbe11c3]
2019-09-21 06:04:26,913 [EventQueue-StaleNodeForStaleNodeHandler] INFO  pipeline.SCMPipelineManager (SCMPipelineManager.java:finalizeAndDestroyPipeline(315)) - destroying pipeline:Pipeline[ Id: 6e5e0f8e-03b6-4c1e-8f39-a41ae92e431e, Nodes: 18511a75-35dd-49ad-87cd-807a6cfd33df{ip: 192.168.34.39, host: pr-hdds-2161-4k4xz-3364335222, networkLocation: /default-rack, certSerialId: null}e0d69add-996e-49cd-bdf0-e379acbbc969{ip: 192.168.34.39, host: pr-hdds-2161-4k4xz-3364335222, networkLocation: /default-rack, certSerialId: null}34078b08-5f46-4b2d-8468-58e281f072db{ip: 192.168.34.39, host: pr-hdds-2161-4k4xz-3364335222, networkLocation: /default-rack, certSerialId: null}, Type:RATIS, Factor:THREE, State:CLOSED]
2019-09-21 06:04:26,913 [EventQueue-StaleNodeForStaleNodeHandler] INFO  pipeline.SCMPipelineManager (SCMPipelineManager.java:finalizeAndDestroyPipeline(315)) - destroying pipeline:Pipeline[ Id: c2bd2970-6337-45bd-9667-fd70dbbe11c3, Nodes: 34078b08-5f46-4b2d-8468-58e281f072db{ip: 192.168.34.39, host: pr-hdds-2161-4k4xz-3364335222, networkLocation: /default-rack, certSerialId: null}, Type:RATIS, Factor:ONE, State:OPEN]
2019-09-21 06:04:26,914 [EventQueue-StaleNodeForStaleNodeHandler] INFO  pipeline.PipelineStateManager (PipelineStateManager.java:finalizePipeline(123)) - Pipeline Pipeline[ Id: c2bd2970-6337-45bd-9667-fd70dbbe11c3, Nodes: 34078b08-5f46-4b2d-8468-58e281f072db{ip: 192.168.34.39, host: pr-hdds-2161-4k4xz-3364335222, networkLocation: /default-rack, certSerialId: null}, Type:RATIS, Factor:ONE, State:CLOSED] moved to CLOSED state
2019-09-21 06:04:27,357 [ForkJoinPool.commonPool-worker-0] INFO  ozoneimpl.OzoneContainer (OzoneContainer.java:stop(231)) - Attempting to stop container services.
2019-09-21 06:04:27,365 [main] INFO  ozoneimpl.OzoneContainer (OzoneContainer.java:stop(231)) - Attempting to stop container services.
2019-09-21 06:04:27,366 [ForkJoinPool.commonPool-worker-0] INFO  impl.RaftServerProxy (RaftServerProxy.java:lambda$close$4(314)) - 59a1cc74-b9a1-4fd5-a7da-2902dfa6c4f0: close
2019-09-21 06:04:27,367 [main] INFO  impl.RaftServerProxy (RaftServerProxy.java:lambda$close$4(314)) - 34078b08-5f46-4b2d-8468-58e281f072db: close
2019-09-21 06:04:27,367 [ForkJoinPool.commonPool-worker-0] INFO  impl.RaftServerImpl (RaftServerImpl.java:lambda$shutdown$3(251)) - 59a1cc74-b9a1-4fd5-a7da-2902dfa6c4f0@group-B09E14678557: shutdown
2019-09-21 06:04:27,367 [main] INFO  impl.RaftServerImpl (RaftServerImpl.java:lambda$shutdown$3(251)) - 34078b08-5f46-4b2d-8468-58e281f072db@group-A41AE92E431E: shutdown
2019-09-21 06:04:27,368 [ForkJoinPool.commonPool-worker-0] INFO  util.JmxRegister (JmxRegister.java:unregister(73)) - Successfully un-registered JMX Bean with object name Ratis:service=RaftServer,group=group-B09E14678557,id=59a1cc74-b9a1-4fd5-a7da-2902dfa6c4f0
2019-09-21 06:04:27,368 [main] INFO  util.JmxRegister (JmxRegister.java:unregister(73)) - Successfully un-registered JMX Bean with object name Ratis:service=RaftServer,group=group-A41AE92E431E,id=34078b08-5f46-4b2d-8468-58e281f072db
2019-09-21 06:04:27,369 [ForkJoinPool.commonPool-worker-0] INFO  impl.RoleInfo (RoleInfo.java:shutdownLeaderState(104)) - 59a1cc74-b9a1-4fd5-a7da-2902dfa6c4f0: shutdown LeaderState
2019-09-21 06:04:27,369 [main] INFO  impl.RoleInfo (RoleInfo.java:shutdownFollowerState(121)) - 34078b08-5f46-4b2d-8468-58e281f072db: shutdown FollowerState
2019-09-21 06:04:27,370 [ForkJoinPool.commonPool-worker-0] INFO  impl.PendingRequests (PendingRequests.java:sendNotLeaderResponses(202)) - 59a1cc74-b9a1-4fd5-a7da-2902dfa6c4f0-PendingRequests: sendNotLeaderResponses
2019-09-21 06:04:27,371 [34078b08-5f46-4b2d-8468-58e281f072db@group-A41AE92E431E-StateMachineUpdater] INFO  ratis.ContainerStateMachine (ContainerStateMachine.java:takeSnapshot(289)) - group-A41AE92E431E: Taking a snapshot at:(t:1, i:14) file /workdir/hadoop-ozone/integration-test/target/test-dir/MiniOzoneClusterImpl-4a7d2b0f-1947-4f54-9952-6ed79e26d9e2/datanode-6/data/ratis/6e5e0f8e-03b6-4c1e-8f39-a41ae92e431e/sm/snapshot.1_14
2019-09-21 06:04:27,371 [Thread-3156] INFO  impl.FollowerState (FollowerState.java:run(115)) - 34078b08-5f46-4b2d-8468-58e281f072db: FollowerState was interrupted: java.lang.InterruptedException: sleep interrupted
2019-09-21 06:04:27,371 [main] INFO  impl.StateMachineUpdater (StateMachineUpdater.java:stopAndJoin(125)) - 34078b08-5f46-4b2d-8468-58e281f072db@group-A41AE92E431E-StateMachineUpdater: set stopIndex = 16
2019-09-21 06:04:27,371 [ForkJoinPool.commonPool-worker-0] INFO  impl.StateMachineUpdater (StateMachineUpdater.java:stopAndJoin(125)) - 59a1cc74-b9a1-4fd5-a7da-2902dfa6c4f0@group-B09E14678557-StateMachineUpdater: set stopIndex = 0
2019-09-21 06:04:27,375 [ForkJoinPool.commonPool-worker-0] INFO  impl.RaftServerImpl (ServerState.java:close(385)) - 59a1cc74-b9a1-4fd5-a7da-2902dfa6c4f0@group-B09E14678557: closes. applyIndex: 0
2019-09-21 06:04:27,375 [59a1cc74-b9a1-4fd5-a7da-2902dfa6c4f0@group-B09E14678557-SegmentedRaftLogWorker] INFO  segmented.SegmentedRaftLogWorker (SegmentedRaftLogWorker.java:run(313)) - 59a1cc74-b9a1-4fd5-a7da-2902dfa6c4f0@group-B09E14678557-SegmentedRaftLogWorker was interrupted, exiting. There are 0 tasks remaining in the queue.
2019-09-21 06:04:27,379 [ForkJoinPool.commonPool-worker-0] INFO  segmented.SegmentedRaftLogWorker (SegmentedRaftLogWorker.java:close(228)) - 59a1cc74-b9a1-4fd5-a7da-2902dfa6c4f0@group-B09E14678557-SegmentedRaftLogWorker close()
2019-09-21 06:04:27,382 [ForkJoinPool.commonPool-worker-0] INFO  server.GrpcService (GrpcService.java:closeImpl(164)) - 59a1cc74-b9a1-4fd5-a7da-2902dfa6c4f0: shutdown server with port 34307 now
2019-09-21 06:04:27,383 [ForkJoinPool.commonPool-worker-0] INFO  server.GrpcService (GrpcService.java:closeImpl(172)) - 59a1cc74-b9a1-4fd5-a7da-2902dfa6c4f0: shutdown server with port 34307 successfully
2019-09-21 06:04:27,385 [refreshUsed-/workdir/hadoop-ozone/integration-test/target/test-dir/MiniOzoneClusterImpl-4a7d2b0f-1947-4f54-9952-6ed79e26d9e2/datanode-2/data/containers] WARN  fs.CachingGetSpaceUsed (CachingGetSpaceUsed.java:run(183)) - Thread Interrupted waiting to refresh disk information: sleep interrupted
2019-09-21 06:04:27,396 [34078b08-5f46-4b2d-8468-58e281f072db@group-A41AE92E431E-StateMachineUpdater] INFO  ratis.ContainerStateMachine (ContainerStateMachine.java:takeSnapshot(300)) - group-A41AE92E431E: Finished taking a snapshot at:(t:1, i:14) file:/workdir/hadoop-ozone/integration-test/target/test-dir/MiniOzoneClusterImpl-4a7d2b0f-1947-4f54-9952-6ed79e26d9e2/datanode-6/data/ratis/6e5e0f8e-03b6-4c1e-8f39-a41ae92e431e/sm/snapshot.1_14 time:26
2019-09-21 06:04:27,397 [34078b08-5f46-4b2d-8468-58e281f072db@group-A41AE92E431E-StateMachineUpdater] INFO  impl.StateMachineUpdater (StateMachineUpdater.java:takeSnapshot(258)) - 34078b08-5f46-4b2d-8468-58e281f072db@group-A41AE92E431E-StateMachineUpdater: Took a snapshot at index 14
2019-09-21 06:04:27,397 [34078b08-5f46-4b2d-8468-58e281f072db@group-A41AE92E431E-StateMachineUpdater] INFO  impl.StateMachineUpdater (StateMachineUpdater.java:lambda$new$0(83)) - 34078b08-5f46-4b2d-8468-58e281f072db@group-A41AE92E431E-StateMachineUpdater: snapshotIndex: updateIncreasingly -1 -> 14
2019-09-21 06:04:27,397 [34078b08-5f46-4b2d-8468-58e281f072db@group-A41AE92E431E-StateMachineUpdater] INFO  ratis.ContainerStateMachine (ContainerStateMachine.java:takeSnapshot(289)) - group-A41AE92E431E: Taking a snapshot at:(t:1, i:14) file /workdir/hadoop-ozone/integration-test/target/test-dir/MiniOzoneClusterImpl-4a7d2b0f-1947-4f54-9952-6ed79e26d9e2/datanode-6/data/ratis/6e5e0f8e-03b6-4c1e-8f39-a41ae92e431e/sm/snapshot.1_14
2019-09-21 06:04:27,400 [ForkJoinPool.commonPool-worker-0] INFO  utils.BackgroundService (BackgroundService.java:shutdown(148)) - Shutting down service BlockDeletingService
2019-09-21 06:04:27,404 [ForkJoinPool.commonPool-worker-0] INFO  statemachine.DatanodeStateMachine (DatanodeStateMachine.java:stopDaemon(395)) - Ozone container server stopped.
2019-09-21 06:04:27,410 [ForkJoinPool.commonPool-worker-0] INFO  handler.ContextHandler (ContextHandler.java:doStop(910)) - Stopped o.e.j.w.WebAppContext@40bd0f8{/,null,UNAVAILABLE}{/hddsDatanode}
2019-09-21 06:04:27,410 [ForkJoinPool.commonPool-worker-0] INFO  server.AbstractConnector (AbstractConnector.java:doStop(318)) - Stopped ServerConnector@7eb27768{HTTP/1.1,[http/1.1]}{0.0.0.0:0}
2019-09-21 06:04:27,412 [ForkJoinPool.commonPool-worker-0] INFO  handler.ContextHandler (ContextHandler.java:doStop(910)) - Stopped o.e.j.s.ServletContextHandler@509a6095{/static,jar:file:/home/user/.m2/repository/org/apache/hadoop/hadoop-hdds-container-service/0.5.0-SNAPSHOT/hadoop-hdds-container-service-0.5.0-SNAPSHOT.jar!/webapps/static,UNAVAILABLE}
2019-09-21 06:04:27,414 [ForkJoinPool.commonPool-worker-0] INFO  handler.ContextHandler (ContextHandler.java:doStop(910)) - Stopped o.e.j.s.ServletContextHandler@79252c83{/logs,file:///workdir/hadoop-ozone/integration-test/target/log,UNAVAILABLE}
2019-09-21 06:04:27,419 [34078b08-5f46-4b2d-8468-58e281f072db@group-A41AE92E431E-StateMachineUpdater] INFO  ratis.ContainerStateMachine (ContainerStateMachine.java:takeSnapshot(300)) - group-A41AE92E431E: Finished taking a snapshot at:(t:1, i:14) file:/workdir/hadoop-ozone/integration-test/target/test-dir/MiniOzoneClusterImpl-4a7d2b0f-1947-4f54-9952-6ed79e26d9e2/datanode-6/data/ratis/6e5e0f8e-03b6-4c1e-8f39-a41ae92e431e/sm/snapshot.1_14 time:22
2019-09-21 06:04:27,419 [34078b08-5f46-4b2d-8468-58e281f072db@group-A41AE92E431E-StateMachineUpdater] INFO  impl.StateMachineUpdater (StateMachineUpdater.java:takeSnapshot(258)) - 34078b08-5f46-4b2d-8468-58e281f072db@group-A41AE92E431E-StateMachineUpdater: Took a snapshot at index 14
2019-09-21 06:04:27,420 [34078b08-5f46-4b2d-8468-58e281f072db@group-A41AE92E431E-StateMachineUpdater] INFO  impl.StateMachineUpdater (StateMachineUpdater.java:lambda$new$0(83)) - 34078b08-5f46-4b2d-8468-58e281f072db@group-A41AE92E431E-StateMachineUpdater: snapshotIndex: updateIncreasingly 14 -> 14
2019-09-21 06:04:27,420 [main] INFO  impl.RaftServerImpl (ServerState.java:close(385)) - 34078b08-5f46-4b2d-8468-58e281f072db@group-A41AE92E431E: closes. applyIndex: 16
2019-09-21 06:04:27,420 [34078b08-5f46-4b2d-8468-58e281f072db@group-A41AE92E431E-SegmentedRaftLogWorker] INFO  segmented.SegmentedRaftLogWorker (SegmentedRaftLogWorker.java:run(313)) - 34078b08-5f46-4b2d-8468-58e281f072db@group-A41AE92E431E-SegmentedRaftLogWorker was interrupted, exiting. There are 0 tasks remaining in the queue.
2019-09-21 06:04:27,422 [main] INFO  segmented.SegmentedRaftLogWorker (SegmentedRaftLogWorker.java:close(228)) - 34078b08-5f46-4b2d-8468-58e281f072db@group-A41AE92E431E-SegmentedRaftLogWorker close()
2019-09-21 06:04:27,424 [main] INFO  impl.RaftServerImpl (RaftServerImpl.java:lambda$shutdown$3(251)) - 34078b08-5f46-4b2d-8468-58e281f072db@group-FD70DBBE11C3: shutdown
2019-09-21 06:04:27,424 [main] INFO  util.JmxRegister (JmxRegister.java:unregister(73)) - Successfully un-registered JMX Bean with object name Ratis:service=RaftServer,group=group-FD70DBBE11C3,id=34078b08-5f46-4b2d-8468-58e281f072db
2019-09-21 06:04:27,425 [main] INFO  impl.RoleInfo (RoleInfo.java:shutdownLeaderState(104)) - 34078b08-5f46-4b2d-8468-58e281f072db: shutdown LeaderState
2019-09-21 06:04:27,425 [main] INFO  impl.PendingRequests (PendingRequests.java:sendNotLeaderResponses(202)) - 34078b08-5f46-4b2d-8468-58e281f072db-PendingRequests: sendNotLeaderResponses
2019-09-21 06:04:27,425 [main] INFO  impl.StateMachineUpdater (StateMachineUpdater.java:stopAndJoin(125)) - 34078b08-5f46-4b2d-8468-58e281f072db@group-FD70DBBE11C3-StateMachineUpdater: set stopIndex = 0
2019-09-21 06:04:27,425 [main] INFO  impl.RaftServerImpl (ServerState.java:close(385)) - 34078b08-5f46-4b2d-8468-58e281f072db@group-FD70DBBE11C3: closes. applyIndex: 0
2019-09-21 06:04:27,426 [34078b08-5f46-4b2d-8468-58e281f072db@group-FD70DBBE11C3-SegmentedRaftLogWorker] INFO  segmented.SegmentedRaftLogWorker (SegmentedRaftLogWorker.java:run(313)) - 34078b08-5f46-4b2d-8468-58e281f072db@group-FD70DBBE11C3-SegmentedRaftLogWorker was interrupted, exiting. There are 0 tasks remaining in the queue.
2019-09-21 06:04:27,427 [main] INFO  segmented.SegmentedRaftLogWorker (SegmentedRaftLogWorker.java:close(228)) - 34078b08-5f46-4b2d-8468-58e281f072db@group-FD70DBBE11C3-SegmentedRaftLogWorker close()
2019-09-21 06:04:27,429 [main] INFO  server.GrpcService (GrpcService.java:closeImpl(164)) - 34078b08-5f46-4b2d-8468-58e281f072db: shutdown server with port 45278 now
2019-09-21 06:04:27,430 [main] INFO  server.GrpcService (GrpcService.java:closeImpl(172)) - 34078b08-5f46-4b2d-8468-58e281f072db: shutdown server with port 45278 successfully
2019-09-21 06:04:27,432 [refreshUsed-/workdir/hadoop-ozone/integration-test/target/test-dir/MiniOzoneClusterImpl-4a7d2b0f-1947-4f54-9952-6ed79e26d9e2/datanode-6/data/containers] WARN  fs.CachingGetSpaceUsed (CachingGetSpaceUsed.java:run(183)) - Thread Interrupted waiting to refresh disk information: sleep interrupted
2019-09-21 06:04:27,709 [Datanode State Machine Thread - 0] INFO  statemachine.DatanodeStateMachine (DatanodeStateMachine.java:lambda$startDaemon$0(350)) - Ozone container server started.
2019-09-21 06:04:27,829 [main] INFO  utils.BackgroundService (BackgroundService.java:shutdown(148)) - Shutting down service BlockDeletingService
2019-09-21 06:04:27,861 [main] INFO  statemachine.DatanodeStateMachine (DatanodeStateMachine.java:stopDaemon(395)) - Ozone container server stopped.
2019-09-21 06:04:27,869 [main] INFO  handler.ContextHandler (ContextHandler.java:doStop(910)) - Stopped o.e.j.w.WebAppContext@19ad75e5{/,null,UNAVAILABLE}{/hddsDatanode}
2019-09-21 06:04:27,871 [main] INFO  server.AbstractConnector (AbstractConnector.java:doStop(318)) - Stopped ServerConnector@7cd5fcf4{HTTP/1.1,[http/1.1]}{0.0.0.0:0}
2019-09-21 06:04:27,872 [main] INFO  handler.ContextHandler (ContextHandler.java:doStop(910)) - Stopped o.e.j.s.ServletContextHandler@2bf2d6eb{/static,jar:file:/home/user/.m2/repository/org/apache/hadoop/hadoop-hdds-container-service/0.5.0-SNAPSHOT/hadoop-hdds-container-service-0.5.0-SNAPSHOT.jar!/webapps/static,UNAVAILABLE}
2019-09-21 06:04:27,872 [main] INFO  handler.ContextHandler (ContextHandler.java:doStop(910)) - Stopped o.e.j.s.ServletContextHandler@774d8276{/logs,file:///workdir/hadoop-ozone/integration-test/target/log,UNAVAILABLE}
2019-09-21 06:04:28,206 [grpc-default-executor-3] WARN  server.GrpcLogAppender (LogUtils.java:warn(134)) - 21b94872-2e85-4ccf-8aec-b3b8618cb6a0@group-EE668F731C0C->99900494-266b-42a4-93d7-8c51c8bb3acf-AppendLogResponseHandler: Failed appendEntries: org.apache.ratis.thirdparty.io.grpc.StatusRuntimeException: UNAVAILABLE: io exception
2019-09-21 06:04:28,206 [grpc-default-executor-3] INFO  impl.FollowerInfo (FollowerInfo.java:lambda$new$0(51)) - 21b94872-2e85-4ccf-8aec-b3b8618cb6a0@group-EE668F731C0C->99900494-266b-42a4-93d7-8c51c8bb3acf: nextIndex: updateUnconditionally 0 -> 0
2019-09-21 06:04:28,671 [Datanode State Machine Thread - 0] INFO  statemachine.DatanodeStateMachine (DatanodeStateMachine.java:lambda$startDaemon$0(350)) - Ozone container server started.
2019-09-21 06:04:30,707 [grpc-default-executor-3] WARN  server.GrpcLogAppender (LogUtils.java:warn(134)) - 21b94872-2e85-4ccf-8aec-b3b8618cb6a0@group-EE668F731C0C->99900494-266b-42a4-93d7-8c51c8bb3acf-AppendLogResponseHandler: Failed appendEntries: org.apache.ratis.thirdparty.io.grpc.StatusRuntimeException: UNAVAILABLE: io exception
2019-09-21 06:04:30,708 [grpc-default-executor-3] INFO  impl.FollowerInfo (FollowerInfo.java:lambda$new$0(51)) - 21b94872-2e85-4ccf-8aec-b3b8618cb6a0@group-EE668F731C0C->99900494-266b-42a4-93d7-8c51c8bb3acf: nextIndex: updateUnconditionally 0 -> 0
2019-09-21 06:04:31,680 [EventQueue-StaleNodeForStaleNodeHandler] INFO  node.StaleNodeHandler (StaleNodeHandler.java:onMessage(58)) - Datanode c247419f-afa0-485d-9404-7d7331c991d0{ip: 192.168.34.39, host: pr-hdds-2161-4k4xz-3364335222, networkLocation: /default-rack, certSerialId: null} moved to stale state. Finalizing its pipelines [PipelineID=1740c436-5c72-456a-8711-589540145737, PipelineID=98c4ef78-078c-41f6-afb0-ee668f731c0c]
2019-09-21 06:04:31,681 [EventQueue-StaleNodeForStaleNodeHandler] INFO  pipeline.SCMPipelineManager (SCMPipelineManager.java:finalizeAndDestroyPipeline(315)) - destroying pipeline:Pipeline[ Id: 1740c436-5c72-456a-8711-589540145737, Nodes: c247419f-afa0-485d-9404-7d7331c991d0{ip: 192.168.34.39, host: pr-hdds-2161-4k4xz-3364335222, networkLocation: /default-rack, certSerialId: null}, Type:RATIS, Factor:ONE, State:OPEN]
2019-09-21 06:04:31,682 [EventQueue-StaleNodeForStaleNodeHandler] INFO  pipeline.PipelineStateManager (PipelineStateManager.java:finalizePipeline(123)) - Pipeline Pipeline[ Id: 1740c436-5c72-456a-8711-589540145737, Nodes: c247419f-afa0-485d-9404-7d7331c991d0{ip: 192.168.34.39, host: pr-hdds-2161-4k4xz-3364335222, networkLocation: /default-rack, certSerialId: null}, Type:RATIS, Factor:ONE, State:CLOSED] moved to CLOSED state
2019-09-21 06:04:31,682 [EventQueue-StaleNodeForStaleNodeHandler] INFO  pipeline.SCMPipelineManager (SCMPipelineManager.java:finalizeAndDestroyPipeline(315)) - destroying pipeline:Pipeline[ Id: 98c4ef78-078c-41f6-afb0-ee668f731c0c, Nodes: 99900494-266b-42a4-93d7-8c51c8bb3acf{ip: 192.168.34.39, host: pr-hdds-2161-4k4xz-3364335222, networkLocation: /default-rack, certSerialId: null}21b94872-2e85-4ccf-8aec-b3b8618cb6a0{ip: 192.168.34.39, host: pr-hdds-2161-4k4xz-3364335222, networkLocation: /default-rack, certSerialId: null}c247419f-afa0-485d-9404-7d7331c991d0{ip: 192.168.34.39, host: pr-hdds-2161-4k4xz-3364335222, networkLocation: /default-rack, certSerialId: null}, Type:RATIS, Factor:THREE, State:CLOSED]
2019-09-21 06:04:32,416 [ForkJoinPool.commonPool-worker-0] INFO  ozoneimpl.OzoneContainer (OzoneContainer.java:stop(231)) - Attempting to stop container services.
2019-09-21 06:04:32,418 [ForkJoinPool.commonPool-worker-0] INFO  impl.RaftServerProxy (RaftServerProxy.java:lambda$close$4(314)) - c247419f-afa0-485d-9404-7d7331c991d0: close
2019-09-21 06:04:32,418 [ForkJoinPool.commonPool-worker-0] INFO  impl.RaftServerImpl (RaftServerImpl.java:lambda$shutdown$3(251)) - c247419f-afa0-485d-9404-7d7331c991d0@group-589540145737: shutdown
2019-09-21 06:04:32,419 [ForkJoinPool.commonPool-worker-0] INFO  util.JmxRegister (JmxRegister.java:unregister(73)) - Successfully un-registered JMX Bean with object name Ratis:service=RaftServer,group=group-589540145737,id=c247419f-afa0-485d-9404-7d7331c991d0
2019-09-21 06:04:32,419 [ForkJoinPool.commonPool-worker-0] INFO  impl.RoleInfo (RoleInfo.java:shutdownLeaderState(104)) - c247419f-afa0-485d-9404-7d7331c991d0: shutdown LeaderState
2019-09-21 06:04:32,420 [ForkJoinPool.commonPool-worker-0] INFO  impl.PendingRequests (PendingRequests.java:sendNotLeaderResponses(202)) - c247419f-afa0-485d-9404-7d7331c991d0-PendingRequests: sendNotLeaderResponses
2019-09-21 06:04:32,420 [ForkJoinPool.commonPool-worker-0] INFO  impl.StateMachineUpdater (StateMachineUpdater.java:stopAndJoin(125)) - c247419f-afa0-485d-9404-7d7331c991d0@group-589540145737-StateMachineUpdater: set stopIndex = 0
2019-09-21 06:04:32,421 [ForkJoinPool.commonPool-worker-0] INFO  impl.RaftServerImpl (ServerState.java:close(385)) - c247419f-afa0-485d-9404-7d7331c991d0@group-589540145737: closes. applyIndex: 0
2019-09-21 06:04:32,422 [c247419f-afa0-485d-9404-7d7331c991d0@group-589540145737-SegmentedRaftLogWorker] INFO  segmented.SegmentedRaftLogWorker (SegmentedRaftLogWorker.java:run(313)) - c247419f-afa0-485d-9404-7d7331c991d0@group-589540145737-SegmentedRaftLogWorker was interrupted, exiting. There are 0 tasks remaining in the queue.
2019-09-21 06:04:32,429 [ForkJoinPool.commonPool-worker-0] INFO  segmented.SegmentedRaftLogWorker (SegmentedRaftLogWorker.java:close(228)) - c247419f-afa0-485d-9404-7d7331c991d0@group-589540145737-SegmentedRaftLogWorker close()
2019-09-21 06:04:32,433 [ForkJoinPool.commonPool-worker-0] INFO  impl.RaftServerImpl (RaftServerImpl.java:lambda$shutdown$3(251)) - c247419f-afa0-485d-9404-7d7331c991d0@group-EE668F731C0C: shutdown
2019-09-21 06:04:32,433 [ForkJoinPool.commonPool-worker-0] INFO  util.JmxRegister (JmxRegister.java:unregister(73)) - Successfully un-registered JMX Bean with object name Ratis:service=RaftServer,group=group-EE668F731C0C,id=c247419f-afa0-485d-9404-7d7331c991d0
2019-09-21 06:04:32,433 [ForkJoinPool.commonPool-worker-0] INFO  impl.RoleInfo (RoleInfo.java:shutdownFollowerState(121)) - c247419f-afa0-485d-9404-7d7331c991d0: shutdown FollowerState
2019-09-21 06:04:32,434 [ForkJoinPool.commonPool-worker-0] INFO  impl.StateMachineUpdater (StateMachineUpdater.java:stopAndJoin(125)) - c247419f-afa0-485d-9404-7d7331c991d0@group-EE668F731C0C-StateMachineUpdater: set stopIndex = 17
2019-09-21 06:04:32,434 [Thread-3288] INFO  impl.FollowerState (FollowerState.java:run(115)) - c247419f-afa0-485d-9404-7d7331c991d0: FollowerState was interrupted: java.lang.InterruptedException: sleep interrupted
2019-09-21 06:04:32,434 [c247419f-afa0-485d-9404-7d7331c991d0@group-EE668F731C0C-StateMachineUpdater] INFO  ratis.ContainerStateMachine (ContainerStateMachine.java:takeSnapshot(289)) - group-EE668F731C0C: Taking a snapshot at:(t:1, i:13) file /workdir/hadoop-ozone/integration-test/target/test-dir/MiniOzoneClusterImpl-4a7d2b0f-1947-4f54-9952-6ed79e26d9e2/datanode-0/data/ratis/98c4ef78-078c-41f6-afb0-ee668f731c0c/sm/snapshot.1_13
2019-09-21 06:04:32,503 [c247419f-afa0-485d-9404-7d7331c991d0@group-EE668F731C0C-StateMachineUpdater] INFO  ratis.ContainerStateMachine (ContainerStateMachine.java:takeSnapshot(300)) - group-EE668F731C0C: Finished taking a snapshot at:(t:1, i:13) file:/workdir/hadoop-ozone/integration-test/target/test-dir/MiniOzoneClusterImpl-4a7d2b0f-1947-4f54-9952-6ed79e26d9e2/datanode-0/data/ratis/98c4ef78-078c-41f6-afb0-ee668f731c0c/sm/snapshot.1_13 time:70
2019-09-21 06:04:32,504 [c247419f-afa0-485d-9404-7d7331c991d0@group-EE668F731C0C-StateMachineUpdater] INFO  impl.StateMachineUpdater (StateMachineUpdater.java:takeSnapshot(258)) - c247419f-afa0-485d-9404-7d7331c991d0@group-EE668F731C0C-StateMachineUpdater: Took a snapshot at index 13
2019-09-21 06:04:32,504 [c247419f-afa0-485d-9404-7d7331c991d0@group-EE668F731C0C-StateMachineUpdater] INFO  impl.StateMachineUpdater (StateMachineUpdater.java:lambda$new$0(83)) - c247419f-afa0-485d-9404-7d7331c991d0@group-EE668F731C0C-StateMachineUpdater: snapshotIndex: updateIncreasingly -1 -> 13
2019-09-21 06:04:32,505 [c247419f-afa0-485d-9404-7d7331c991d0@group-EE668F731C0C-StateMachineUpdater] INFO  ratis.ContainerStateMachine (ContainerStateMachine.java:takeSnapshot(289)) - group-EE668F731C0C: Taking a snapshot at:(t:1, i:13) file /workdir/hadoop-ozone/integration-test/target/test-dir/MiniOzoneClusterImpl-4a7d2b0f-1947-4f54-9952-6ed79e26d9e2/datanode-0/data/ratis/98c4ef78-078c-41f6-afb0-ee668f731c0c/sm/snapshot.1_13
2019-09-21 06:04:32,582 [c247419f-afa0-485d-9404-7d7331c991d0@group-EE668F731C0C-StateMachineUpdater] INFO  ratis.ContainerStateMachine (ContainerStateMachine.java:takeSnapshot(300)) - group-EE668F731C0C: Finished taking a snapshot at:(t:1, i:13) file:/workdir/hadoop-ozone/integration-test/target/test-dir/MiniOzoneClusterImpl-4a7d2b0f-1947-4f54-9952-6ed79e26d9e2/datanode-0/data/ratis/98c4ef78-078c-41f6-afb0-ee668f731c0c/sm/snapshot.1_13 time:77
2019-09-21 06:04:32,582 [c247419f-afa0-485d-9404-7d7331c991d0@group-EE668F731C0C-StateMachineUpdater] INFO  impl.StateMachineUpdater (StateMachineUpdater.java:takeSnapshot(258)) - c247419f-afa0-485d-9404-7d7331c991d0@group-EE668F731C0C-StateMachineUpdater: Took a snapshot at index 13
2019-09-21 06:04:32,582 [c247419f-afa0-485d-9404-7d7331c991d0@group-EE668F731C0C-StateMachineUpdater] INFO  impl.StateMachineUpdater (StateMachineUpdater.java:lambda$new$0(83)) - c247419f-afa0-485d-9404-7d7331c991d0@group-EE668F731C0C-StateMachineUpdater: snapshotIndex: updateIncreasingly 13 -> 13
2019-09-21 06:04:32,582 [ForkJoinPool.commonPool-worker-0] INFO  impl.RaftServerImpl (ServerState.java:close(385)) - c247419f-afa0-485d-9404-7d7331c991d0@group-EE668F731C0C: closes. applyIndex: 17
2019-09-21 06:04:32,583 [c247419f-afa0-485d-9404-7d7331c991d0@group-EE668F731C0C-SegmentedRaftLogWorker] INFO  segmented.SegmentedRaftLogWorker (SegmentedRaftLogWorker.java:run(313)) - c247419f-afa0-485d-9404-7d7331c991d0@group-EE668F731C0C-SegmentedRaftLogWorker was interrupted, exiting. There are 0 tasks remaining in the queue.
2019-09-21 06:04:32,585 [ForkJoinPool.commonPool-worker-0] INFO  segmented.SegmentedRaftLogWorker (SegmentedRaftLogWorker.java:close(228)) - c247419f-afa0-485d-9404-7d7331c991d0@group-EE668F731C0C-SegmentedRaftLogWorker close()
2019-09-21 06:04:32,590 [ForkJoinPool.commonPool-worker-0] INFO  server.GrpcService (GrpcService.java:closeImpl(164)) - c247419f-afa0-485d-9404-7d7331c991d0: shutdown server with port 37933 now
2019-09-21 06:04:32,593 [ForkJoinPool.commonPool-worker-0] INFO  server.GrpcService (GrpcService.java:closeImpl(172)) - c247419f-afa0-485d-9404-7d7331c991d0: shutdown server with port 37933 successfully
2019-09-21 06:04:32,593 [grpc-default-executor-11] WARN  server.GrpcServerProtocolService (LogUtils.java:warn(134)) - c247419f-afa0-485d-9404-7d7331c991d0: installSnapshot onError, lastRequest: 21b94872-2e85-4ccf-8aec-b3b8618cb6a0->c247419f-afa0-485d-9404-7d7331c991d0#8-t3, previous=(t:3, i:17), leaderCommit=17, initializing? false, entries: <empty>: org.apache.ratis.thirdparty.io.grpc.StatusRuntimeException: CANCELLED: cancelled before receiving half close
2019-09-21 06:04:32,595 [grpc-default-executor-10] WARN  server.GrpcLogAppender (LogUtils.java:warn(134)) - 21b94872-2e85-4ccf-8aec-b3b8618cb6a0@group-EE668F731C0C->c247419f-afa0-485d-9404-7d7331c991d0-AppendLogResponseHandler: Failed appendEntries: org.apache.ratis.thirdparty.io.grpc.StatusRuntimeException: CANCELLED: HTTP/2 error code: CANCEL
Received Rst Stream
2019-09-21 06:04:32,596 [grpc-default-executor-10] INFO  impl.FollowerInfo (FollowerInfo.java:lambda$new$0(51)) - 21b94872-2e85-4ccf-8aec-b3b8618cb6a0@group-EE668F731C0C->c247419f-afa0-485d-9404-7d7331c991d0: nextIndex: updateUnconditionally 18 -> 17
2019-09-21 06:04:32,596 [refreshUsed-/workdir/hadoop-ozone/integration-test/target/test-dir/MiniOzoneClusterImpl-4a7d2b0f-1947-4f54-9952-6ed79e26d9e2/datanode-0/data/containers] WARN  fs.CachingGetSpaceUsed (CachingGetSpaceUsed.java:run(183)) - Thread Interrupted waiting to refresh disk information: sleep interrupted
2019-09-21 06:04:32,610 [ForkJoinPool.commonPool-worker-0] INFO  utils.BackgroundService (BackgroundService.java:shutdown(148)) - Shutting down service BlockDeletingService
2019-09-21 06:04:32,614 [ForkJoinPool.commonPool-worker-0] INFO  statemachine.DatanodeStateMachine (DatanodeStateMachine.java:stopDaemon(395)) - Ozone container server stopped.
2019-09-21 06:04:32,617 [ForkJoinPool.commonPool-worker-0] INFO  handler.ContextHandler (ContextHandler.java:doStop(910)) - Stopped o.e.j.w.WebAppContext@46468f0{/,null,UNAVAILABLE}{/hddsDatanode}
2019-09-21 06:04:32,618 [ForkJoinPool.commonPool-worker-0] INFO  server.AbstractConnector (AbstractConnector.java:doStop(318)) - Stopped ServerConnector@5f8f1712{HTTP/1.1,[http/1.1]}{0.0.0.0:0}
2019-09-21 06:04:32,619 [ForkJoinPool.commonPool-worker-0] INFO  handler.ContextHandler (ContextHandler.java:doStop(910)) - Stopped o.e.j.s.ServletContextHandler@682e422c{/static,jar:file:/home/user/.m2/repository/org/apache/hadoop/hadoop-hdds-container-service/0.5.0-SNAPSHOT/hadoop-hdds-container-service-0.5.0-SNAPSHOT.jar!/webapps/static,UNAVAILABLE}
2019-09-21 06:04:32,620 [ForkJoinPool.commonPool-worker-0] INFO  handler.ContextHandler (ContextHandler.java:doStop(910)) - Stopped o.e.j.s.ServletContextHandler@4137aab0{/logs,file:///workdir/hadoop-ozone/integration-test/target/log,UNAVAILABLE}
2019-09-21 06:04:32,782 [EventQueue-StaleNodeForStaleNodeHandler] INFO  node.StaleNodeHandler (StaleNodeHandler.java:onMessage(58)) - Datanode 21b94872-2e85-4ccf-8aec-b3b8618cb6a0{ip: 192.168.34.39, host: pr-hdds-2161-4k4xz-3364335222, networkLocation: /default-rack, certSerialId: null} moved to stale state. Finalizing its pipelines [PipelineID=f0d5e13c-778a-4b80-bd70-a9ab43d70a6d, PipelineID=98c4ef78-078c-41f6-afb0-ee668f731c0c]
2019-09-21 06:04:32,782 [EventQueue-StaleNodeForStaleNodeHandler] INFO  pipeline.SCMPipelineManager (SCMPipelineManager.java:finalizeAndDestroyPipeline(315)) - destroying pipeline:Pipeline[ Id: f0d5e13c-778a-4b80-bd70-a9ab43d70a6d, Nodes: 21b94872-2e85-4ccf-8aec-b3b8618cb6a0{ip: 192.168.34.39, host: pr-hdds-2161-4k4xz-3364335222, networkLocation: /default-rack, certSerialId: null}, Type:RATIS, Factor:ONE, State:OPEN]
2019-09-21 06:04:32,782 [EventQueue-StaleNodeForStaleNodeHandler] INFO  pipeline.PipelineStateManager (PipelineStateManager.java:finalizePipeline(123)) - Pipeline Pipeline[ Id: f0d5e13c-778a-4b80-bd70-a9ab43d70a6d, Nodes: 21b94872-2e85-4ccf-8aec-b3b8618cb6a0{ip: 192.168.34.39, host: pr-hdds-2161-4k4xz-3364335222, networkLocation: /default-rack, certSerialId: null}, Type:RATIS, Factor:ONE, State:CLOSED] moved to CLOSED state
2019-09-21 06:04:32,783 [EventQueue-StaleNodeForStaleNodeHandler] INFO  pipeline.SCMPipelineManager (SCMPipelineManager.java:finalizeAndDestroyPipeline(315)) - destroying pipeline:Pipeline[ Id: 98c4ef78-078c-41f6-afb0-ee668f731c0c, Nodes: 99900494-266b-42a4-93d7-8c51c8bb3acf{ip: 192.168.34.39, host: pr-hdds-2161-4k4xz-3364335222, networkLocation: /default-rack, certSerialId: null}21b94872-2e85-4ccf-8aec-b3b8618cb6a0{ip: 192.168.34.39, host: pr-hdds-2161-4k4xz-3364335222, networkLocation: /default-rack, certSerialId: null}c247419f-afa0-485d-9404-7d7331c991d0{ip: 192.168.34.39, host: pr-hdds-2161-4k4xz-3364335222, networkLocation: /default-rack, certSerialId: null}, Type:RATIS, Factor:THREE, State:CLOSED]
2019-09-21 06:04:32,874 [main] INFO  ozoneimpl.OzoneContainer (OzoneContainer.java:stop(231)) - Attempting to stop container services.
2019-09-21 06:04:32,875 [main] INFO  impl.RaftServerProxy (RaftServerProxy.java:lambda$close$4(314)) - 21b94872-2e85-4ccf-8aec-b3b8618cb6a0: close
2019-09-21 06:04:32,875 [main] INFO  impl.RaftServerImpl (RaftServerImpl.java:lambda$shutdown$3(251)) - 21b94872-2e85-4ccf-8aec-b3b8618cb6a0@group-A9AB43D70A6D: shutdown
2019-09-21 06:04:32,875 [ForkJoinPool.commonPool-worker-0] INFO  impl.RaftServerImpl (RaftServerImpl.java:lambda$shutdown$3(251)) - 21b94872-2e85-4ccf-8aec-b3b8618cb6a0@group-EE668F731C0C: shutdown
2019-09-21 06:04:32,875 [main] INFO  util.JmxRegister (JmxRegister.java:unregister(73)) - Successfully un-registered JMX Bean with object name Ratis:service=RaftServer,group=group-A9AB43D70A6D,id=21b94872-2e85-4ccf-8aec-b3b8618cb6a0
2019-09-21 06:04:32,878 [ForkJoinPool.commonPool-worker-0] INFO  util.JmxRegister (JmxRegister.java:unregister(73)) - Successfully un-registered JMX Bean with object name Ratis:service=RaftServer,group=group-EE668F731C0C,id=21b94872-2e85-4ccf-8aec-b3b8618cb6a0
2019-09-21 06:04:32,878 [main] INFO  impl.RoleInfo (RoleInfo.java:shutdownLeaderState(104)) - 21b94872-2e85-4ccf-8aec-b3b8618cb6a0: shutdown LeaderState
2019-09-21 06:04:32,878 [ForkJoinPool.commonPool-worker-0] INFO  impl.RoleInfo (RoleInfo.java:shutdownLeaderState(104)) - 21b94872-2e85-4ccf-8aec-b3b8618cb6a0: shutdown LeaderState
2019-09-21 06:04:32,879 [main] INFO  impl.PendingRequests (PendingRequests.java:sendNotLeaderResponses(202)) - 21b94872-2e85-4ccf-8aec-b3b8618cb6a0-PendingRequests: sendNotLeaderResponses
2019-09-21 06:04:32,882 [ForkJoinPool.commonPool-worker-0] INFO  impl.PendingRequests (PendingRequests.java:sendNotLeaderResponses(202)) - 21b94872-2e85-4ccf-8aec-b3b8618cb6a0-PendingRequests: sendNotLeaderResponses
2019-09-21 06:04:32,882 [org.apache.ratis.server.impl.LogAppender$AppenderDaemon$$Lambda$498/2100227936@60b21ba] WARN  server.GrpcLogAppender (GrpcLogAppender.java:mayWait(143)) - 21b94872-2e85-4ccf-8aec-b3b8618cb6a0@group-EE668F731C0C->c247419f-afa0-485d-9404-7d7331c991d0-GrpcLogAppender: Wait interrupted by java.lang.InterruptedException
2019-09-21 06:04:32,882 [main] INFO  impl.StateMachineUpdater (StateMachineUpdater.java:stopAndJoin(125)) - 21b94872-2e85-4ccf-8aec-b3b8618cb6a0@group-A9AB43D70A6D-StateMachineUpdater: set stopIndex = 0
2019-09-21 06:04:32,882 [org.apache.ratis.server.impl.LogAppender$AppenderDaemon$$Lambda$498/2100227936@509259aa] WARN  server.GrpcLogAppender (GrpcLogAppender.java:mayWait(143)) - 21b94872-2e85-4ccf-8aec-b3b8618cb6a0@group-EE668F731C0C->99900494-266b-42a4-93d7-8c51c8bb3acf-GrpcLogAppender: Wait interrupted by java.lang.InterruptedException
2019-09-21 06:04:32,882 [main] INFO  impl.RaftServerImpl (ServerState.java:close(385)) - 21b94872-2e85-4ccf-8aec-b3b8618cb6a0@group-A9AB43D70A6D: closes. applyIndex: 0
2019-09-21 06:04:32,883 [ForkJoinPool.commonPool-worker-0] INFO  impl.StateMachineUpdater (StateMachineUpdater.java:stopAndJoin(125)) - 21b94872-2e85-4ccf-8aec-b3b8618cb6a0@group-EE668F731C0C-StateMachineUpdater: set stopIndex = 17
2019-09-21 06:04:32,883 [21b94872-2e85-4ccf-8aec-b3b8618cb6a0@group-EE668F731C0C-StateMachineUpdater] INFO  ratis.ContainerStateMachine (ContainerStateMachine.java:takeSnapshot(289)) - group-EE668F731C0C: Taking a snapshot at:(t:1, i:13) file /workdir/hadoop-ozone/integration-test/target/test-dir/MiniOzoneClusterImpl-4a7d2b0f-1947-4f54-9952-6ed79e26d9e2/datanode-5/data/ratis/98c4ef78-078c-41f6-afb0-ee668f731c0c/sm/snapshot.1_13
2019-09-21 06:04:32,883 [21b94872-2e85-4ccf-8aec-b3b8618cb6a0@group-A9AB43D70A6D-SegmentedRaftLogWorker] INFO  segmented.SegmentedRaftLogWorker (SegmentedRaftLogWorker.java:run(313)) - 21b94872-2e85-4ccf-8aec-b3b8618cb6a0@group-A9AB43D70A6D-SegmentedRaftLogWorker was interrupted, exiting. There are 0 tasks remaining in the queue.
2019-09-21 06:04:32,885 [main] INFO  segmented.SegmentedRaftLogWorker (SegmentedRaftLogWorker.java:close(228)) - 21b94872-2e85-4ccf-8aec-b3b8618cb6a0@group-A9AB43D70A6D-SegmentedRaftLogWorker close()
2019-09-21 06:04:32,968 [21b94872-2e85-4ccf-8aec-b3b8618cb6a0@group-EE668F731C0C-StateMachineUpdater] INFO  ratis.ContainerStateMachine (ContainerStateMachine.java:takeSnapshot(300)) - group-EE668F731C0C: Finished taking a snapshot at:(t:1, i:13) file:/workdir/hadoop-ozone/integration-test/target/test-dir/MiniOzoneClusterImpl-4a7d2b0f-1947-4f54-9952-6ed79e26d9e2/datanode-5/data/ratis/98c4ef78-078c-41f6-afb0-ee668f731c0c/sm/snapshot.1_13 time:84
2019-09-21 06:04:32,968 [21b94872-2e85-4ccf-8aec-b3b8618cb6a0@group-EE668F731C0C-StateMachineUpdater] INFO  impl.StateMachineUpdater (StateMachineUpdater.java:takeSnapshot(258)) - 21b94872-2e85-4ccf-8aec-b3b8618cb6a0@group-EE668F731C0C-StateMachineUpdater: Took a snapshot at index 13
2019-09-21 06:04:32,969 [21b94872-2e85-4ccf-8aec-b3b8618cb6a0@group-EE668F731C0C-StateMachineUpdater] INFO  impl.StateMachineUpdater (StateMachineUpdater.java:lambda$new$0(83)) - 21b94872-2e85-4ccf-8aec-b3b8618cb6a0@group-EE668F731C0C-StateMachineUpdater: snapshotIndex: updateIncreasingly -1 -> 13
2019-09-21 06:04:32,969 [21b94872-2e85-4ccf-8aec-b3b8618cb6a0@group-EE668F731C0C-StateMachineUpdater] INFO  ratis.ContainerStateMachine (ContainerStateMachine.java:takeSnapshot(289)) - group-EE668F731C0C: Taking a snapshot at:(t:1, i:13) file /workdir/hadoop-ozone/integration-test/target/test-dir/MiniOzoneClusterImpl-4a7d2b0f-1947-4f54-9952-6ed79e26d9e2/datanode-5/data/ratis/98c4ef78-078c-41f6-afb0-ee668f731c0c/sm/snapshot.1_13
2019-09-21 06:04:33,036 [21b94872-2e85-4ccf-8aec-b3b8618cb6a0@group-EE668F731C0C-StateMachineUpdater] INFO  ratis.ContainerStateMachine (ContainerStateMachine.java:takeSnapshot(300)) - group-EE668F731C0C: Finished taking a snapshot at:(t:1, i:13) file:/workdir/hadoop-ozone/integration-test/target/test-dir/MiniOzoneClusterImpl-4a7d2b0f-1947-4f54-9952-6ed79e26d9e2/datanode-5/data/ratis/98c4ef78-078c-41f6-afb0-ee668f731c0c/sm/snapshot.1_13 time:67
2019-09-21 06:04:33,037 [21b94872-2e85-4ccf-8aec-b3b8618cb6a0@group-EE668F731C0C-StateMachineUpdater] INFO  impl.StateMachineUpdater (StateMachineUpdater.java:takeSnapshot(258)) - 21b94872-2e85-4ccf-8aec-b3b8618cb6a0@group-EE668F731C0C-StateMachineUpdater: Took a snapshot at index 13
2019-09-21 06:04:33,037 [21b94872-2e85-4ccf-8aec-b3b8618cb6a0@group-EE668F731C0C-StateMachineUpdater] INFO  impl.StateMachineUpdater (StateMachineUpdater.java:lambda$new$0(83)) - 21b94872-2e85-4ccf-8aec-b3b8618cb6a0@group-EE668F731C0C-StateMachineUpdater: snapshotIndex: updateIncreasingly 13 -> 13
2019-09-21 06:04:33,037 [ForkJoinPool.commonPool-worker-0] INFO  impl.RaftServerImpl (ServerState.java:close(385)) - 21b94872-2e85-4ccf-8aec-b3b8618cb6a0@group-EE668F731C0C: closes. applyIndex: 17
2019-09-21 06:04:33,038 [21b94872-2e85-4ccf-8aec-b3b8618cb6a0@group-EE668F731C0C-SegmentedRaftLogWorker] INFO  segmented.SegmentedRaftLogWorker (SegmentedRaftLogWorker.java:run(313)) - 21b94872-2e85-4ccf-8aec-b3b8618cb6a0@group-EE668F731C0C-SegmentedRaftLogWorker was interrupted, exiting. There are 0 tasks remaining in the queue.
2019-09-21 06:04:33,038 [ForkJoinPool.commonPool-worker-0] INFO  segmented.SegmentedRaftLogWorker (SegmentedRaftLogWorker.java:close(228)) - 21b94872-2e85-4ccf-8aec-b3b8618cb6a0@group-EE668F731C0C-SegmentedRaftLogWorker close()
2019-09-21 06:04:33,038 [main] INFO  server.GrpcService (GrpcService.java:closeImpl(164)) - 21b94872-2e85-4ccf-8aec-b3b8618cb6a0: shutdown server with port 43596 now
2019-09-21 06:04:33,039 [main] INFO  server.GrpcService (GrpcService.java:closeImpl(172)) - 21b94872-2e85-4ccf-8aec-b3b8618cb6a0: shutdown server with port 43596 successfully
2019-09-21 06:04:33,042 [refreshUsed-/workdir/hadoop-ozone/integration-test/target/test-dir/MiniOzoneClusterImpl-4a7d2b0f-1947-4f54-9952-6ed79e26d9e2/datanode-5/data/containers] WARN  fs.CachingGetSpaceUsed (CachingGetSpaceUsed.java:run(183)) - Thread Interrupted waiting to refresh disk information: sleep interrupted
2019-09-21 06:04:33,054 [main] INFO  utils.BackgroundService (BackgroundService.java:shutdown(148)) - Shutting down service BlockDeletingService
2019-09-21 06:04:33,059 [main] INFO  statemachine.DatanodeStateMachine (DatanodeStateMachine.java:stopDaemon(395)) - Ozone container server stopped.
2019-09-21 06:04:33,060 [main] INFO  handler.ContextHandler (ContextHandler.java:doStop(910)) - Stopped o.e.j.w.WebAppContext@6321a5aa{/,null,UNAVAILABLE}{/hddsDatanode}
2019-09-21 06:04:33,060 [main] INFO  server.AbstractConnector (AbstractConnector.java:doStop(318)) - Stopped ServerConnector@1c7f9861{HTTP/1.1,[http/1.1]}{0.0.0.0:0}
2019-09-21 06:04:33,060 [main] INFO  handler.ContextHandler (ContextHandler.java:doStop(910)) - Stopped o.e.j.s.ServletContextHandler@27e44e9c{/static,jar:file:/home/user/.m2/repository/org/apache/hadoop/hadoop-hdds-container-service/0.5.0-SNAPSHOT/hadoop-hdds-container-service-0.5.0-SNAPSHOT.jar!/webapps/static,UNAVAILABLE}
2019-09-21 06:04:33,061 [main] INFO  handler.ContextHandler (ContextHandler.java:doStop(910)) - Stopped o.e.j.s.ServletContextHandler@30508066{/logs,file:///workdir/hadoop-ozone/integration-test/target/log,UNAVAILABLE}
2019-09-21 06:04:33,061 [main] INFO  ozone.MiniOzoneClusterImpl (MiniOzoneClusterImpl.java:stopSCM(392)) - Stopping the StorageContainerManager
2019-09-21 06:04:33,062 [main] INFO  server.StorageContainerManager (StorageContainerManager.java:stop(808)) - Stopping Replication Manager Service.
2019-09-21 06:04:33,062 [main] INFO  container.ReplicationManager (ReplicationManager.java:stop(203)) - Stopping Replication Monitor Thread.
2019-09-21 06:04:33,062 [main] INFO  server.StorageContainerManager (StorageContainerManager.java:stop(815)) - Stopping Lease Manager of the command watchers
2019-09-21 06:04:33,062 [main] INFO  server.StorageContainerManager (StorageContainerManager.java:stop(822)) - Stopping datanode service RPC server
2019-09-21 06:04:33,062 [main] INFO  server.SCMDatanodeProtocolServer (SCMDatanodeProtocolServer.java:stop(367)) - Stopping the RPC server for DataNodes
2019-09-21 06:04:33,063 [main] INFO  ipc.Server (Server.java:stop(3082)) - Stopping server on 39447
2019-09-21 06:04:33,065 [IPC Server listener on 39447] INFO  ipc.Server (Server.java:run(1185)) - Stopping IPC Server listener on 39447
2019-09-21 06:04:33,065 [IPC Server Responder] INFO  ipc.Server (Server.java:run(1319)) - Stopping IPC Server Responder
2019-09-21 06:04:33,082 [SCM Heartbeat Processing Thread - 0] WARN  node.NodeStateManager (NodeStateManager.java:scheduleNextHealthCheck(646)) - Current Thread is interrupted, shutting down HB processing thread for Node Manager.
2019-09-21 06:04:33,082 [main] INFO  server.StorageContainerManager (StorageContainerManager.java:stop(830)) - Stopping block service RPC server
2019-09-21 06:04:33,082 [main] INFO  server.SCMBlockProtocolServer (SCMBlockProtocolServer.java:stop(155)) - Stopping the RPC server for Block Protocol
2019-09-21 06:04:33,083 [main] INFO  ipc.Server (Server.java:stop(3082)) - Stopping server on 43717
2019-09-21 06:04:33,084 [IPC Server listener on 43717] INFO  ipc.Server (Server.java:run(1185)) - Stopping IPC Server listener on 43717
2019-09-21 06:04:33,085 [main] INFO  server.StorageContainerManager (StorageContainerManager.java:stop(837)) - Stopping the StorageContainerLocationProtocol RPC server
2019-09-21 06:04:33,085 [main] INFO  server.SCMClientProtocolServer (SCMClientProtocolServer.java:stop(159)) - Stopping the RPC server for Client Protocol
2019-09-21 06:04:33,087 [IPC Server Responder] INFO  ipc.Server (Server.java:run(1319)) - Stopping IPC Server Responder
2019-09-21 06:04:33,087 [main] INFO  ipc.Server (Server.java:stop(3082)) - Stopping server on 35521
2019-09-21 06:04:33,089 [main] INFO  server.StorageContainerManager (StorageContainerManager.java:stop(844)) - Stopping Storage Container Manager HTTP server.
2019-09-21 06:04:33,090 [IPC Server listener on 35521] INFO  ipc.Server (Server.java:run(1185)) - Stopping IPC Server listener on 35521
2019-09-21 06:04:33,090 [IPC Server Responder] INFO  ipc.Server (Server.java:run(1319)) - Stopping IPC Server Responder
2019-09-21 06:04:33,091 [main] INFO  handler.ContextHandler (ContextHandler.java:doStop(910)) - Stopped o.e.j.w.WebAppContext@bbb6f0{/,null,UNAVAILABLE}{/scm}
2019-09-21 06:04:33,092 [main] INFO  server.AbstractConnector (AbstractConnector.java:doStop(318)) - Stopped ServerConnector@3e6ec74{HTTP/1.1,[http/1.1]}{0.0.0.0:0}
2019-09-21 06:04:33,092 [main] INFO  handler.ContextHandler (ContextHandler.java:doStop(910)) - Stopped o.e.j.s.ServletContextHandler@7aa01bd9{/static,file:///workdir/hadoop-ozone/integration-test/target/test-classes/webapps/static,UNAVAILABLE}
2019-09-21 06:04:33,093 [main] INFO  handler.ContextHandler (ContextHandler.java:doStop(910)) - Stopped o.e.j.s.ServletContextHandler@6d0e45a5{/logs,file:///workdir/hadoop-ozone/integration-test/target/log,UNAVAILABLE}
2019-09-21 06:04:33,094 [main] INFO  server.StorageContainerManager (StorageContainerManager.java:stop(855)) - Stopping Block Manager Service.
2019-09-21 06:04:33,094 [main] INFO  utils.BackgroundService (BackgroundService.java:shutdown(148)) - Shutting down service SCMBlockDeletingService
2019-09-21 06:04:33,095 [main] INFO  utils.BackgroundService (BackgroundService.java:shutdown(148)) - Shutting down service SCMBlockDeletingService
2019-09-21 06:04:33,095 [main] INFO  server.StorageContainerManager (StorageContainerManager.java:stop(877)) - Stopping SCM Event Queue.
2019-09-21 06:04:33,100 [main] INFO  impl.MetricsSystemImpl (MetricsSystemImpl.java:stop(210)) - Stopping HddsDatanode metrics system...
2019-09-21 06:04:33,128 [main] INFO  impl.MetricsSystemImpl (MetricsSystemImpl.java:stop(216)) - HddsDatanode metrics system stopped.
]]></system-out>
    <system-err><![CDATA[Sep 21, 2019 6:04:28 AM org.apache.ratis.thirdparty.io.grpc.internal.ManagedChannelOrphanWrapper$ManagedChannelReference cleanQueue
SEVERE: *~*~*~ Channel ManagedChannelImpl{logId=2950, target=192.168.34.39:46776} was not shutdown properly!!! ~*~*~*
    Make sure to call shutdown()/shutdownNow() and wait until awaitTermination() returns true.
java.lang.RuntimeException: ManagedChannel allocation site
	at org.apache.ratis.thirdparty.io.grpc.internal.ManagedChannelOrphanWrapper$ManagedChannelReference.<init>(ManagedChannelOrphanWrapper.java:103)
	at org.apache.ratis.thirdparty.io.grpc.internal.ManagedChannelOrphanWrapper.<init>(ManagedChannelOrphanWrapper.java:53)
	at org.apache.ratis.thirdparty.io.grpc.internal.ManagedChannelOrphanWrapper.<init>(ManagedChannelOrphanWrapper.java:44)
	at org.apache.ratis.thirdparty.io.grpc.internal.AbstractManagedChannelImplBuilder.build(AbstractManagedChannelImplBuilder.java:411)
	at org.apache.hadoop.hdds.scm.XceiverClientGrpc.connectToDatanode(XceiverClientGrpc.java:181)
	at org.apache.hadoop.hdds.scm.XceiverClientGrpc.reconnect(XceiverClientGrpc.java:429)
	at org.apache.hadoop.hdds.scm.XceiverClientGrpc.sendCommandAsync(XceiverClientGrpc.java:378)
	at org.apache.hadoop.hdds.scm.XceiverClientGrpc.sendCommandWithRetry(XceiverClientGrpc.java:291)
	at org.apache.hadoop.hdds.scm.XceiverClientGrpc.sendCommandWithTraceIDAndRetry(XceiverClientGrpc.java:257)
	at org.apache.hadoop.hdds.scm.XceiverClientGrpc.sendCommand(XceiverClientGrpc.java:240)
	at org.apache.hadoop.hdds.scm.storage.ContainerProtocolCalls.getBlock(ContainerProtocolCalls.java:118)
	at org.apache.hadoop.hdds.scm.storage.BlockInputStream.getChunkInfos(BlockInputStream.java:167)
	at org.apache.hadoop.hdds.scm.storage.BlockInputStream.initialize(BlockInputStream.java:118)
	at org.apache.hadoop.hdds.scm.storage.BlockInputStream.read(BlockInputStream.java:222)
	at org.apache.hadoop.ozone.client.io.KeyInputStream.read(KeyInputStream.java:171)
	at org.apache.hadoop.ozone.client.io.OzoneInputStream.read(OzoneInputStream.java:47)
	at java.io.InputStream.read(InputStream.java:101)
	at org.apache.hadoop.ozone.container.ContainerTestHelper.validateData(ContainerTestHelper.java:714)
	at org.apache.hadoop.ozone.client.rpc.TestBlockOutputStreamWithFailures.validateData(TestBlockOutputStreamWithFailures.java:1216)
	at org.apache.hadoop.ozone.client.rpc.TestBlockOutputStreamWithFailures.testWatchForCommitWithSingleNodeRatis(TestBlockOutputStreamWithFailures.java:918)
	at sun.reflect.NativeMethodAccessorImpl.invoke0(Native Method)
	at sun.reflect.NativeMethodAccessorImpl.invoke(NativeMethodAccessorImpl.java:62)
	at sun.reflect.DelegatingMethodAccessorImpl.invoke(DelegatingMethodAccessorImpl.java:43)
	at java.lang.reflect.Method.invoke(Method.java:498)
	at org.junit.runners.model.FrameworkMethod$1.runReflectiveCall(FrameworkMethod.java:47)
	at org.junit.internal.runners.model.ReflectiveCallable.run(ReflectiveCallable.java:12)
	at org.junit.runners.model.FrameworkMethod.invokeExplosively(FrameworkMethod.java:44)
	at org.junit.internal.runners.statements.InvokeMethod.evaluate(InvokeMethod.java:17)
	at org.junit.internal.runners.statements.RunBefores.evaluate(RunBefores.java:26)
	at org.junit.internal.runners.statements.RunAfters.evaluate(RunAfters.java:27)
	at org.junit.runners.ParentRunner.runLeaf(ParentRunner.java:271)
	at org.junit.runners.BlockJUnit4ClassRunner.runChild(BlockJUnit4ClassRunner.java:70)
	at org.junit.runners.BlockJUnit4ClassRunner.runChild(BlockJUnit4ClassRunner.java:50)
	at org.junit.runners.ParentRunner$3.run(ParentRunner.java:238)
	at org.junit.runners.ParentRunner$1.schedule(ParentRunner.java:63)
	at org.junit.runners.ParentRunner.runChildren(ParentRunner.java:236)
	at org.junit.runners.ParentRunner.access$000(ParentRunner.java:53)
	at org.junit.runners.ParentRunner$2.evaluate(ParentRunner.java:229)
	at org.junit.runners.ParentRunner.run(ParentRunner.java:309)
	at org.apache.maven.surefire.junit4.JUnit4Provider.execute(JUnit4Provider.java:365)
	at org.apache.maven.surefire.junit4.JUnit4Provider.executeWithRerun(JUnit4Provider.java:273)
	at org.apache.maven.surefire.junit4.JUnit4Provider.executeTestSet(JUnit4Provider.java:238)
	at org.apache.maven.surefire.junit4.JUnit4Provider.invoke(JUnit4Provider.java:159)
	at org.apache.maven.surefire.booter.ForkedBooter.invokeProviderInSameClassLoader(ForkedBooter.java:384)
	at org.apache.maven.surefire.booter.ForkedBooter.runSuitesInProcess(ForkedBooter.java:345)
	at org.apache.maven.surefire.booter.ForkedBooter.execute(ForkedBooter.java:126)
	at org.apache.maven.surefire.booter.ForkedBooter.main(ForkedBooter.java:418)

Sep 21, 2019 6:04:28 AM org.apache.ratis.thirdparty.io.grpc.internal.ManagedChannelOrphanWrapper$ManagedChannelReference cleanQueue
SEVERE: *~*~*~ Channel ManagedChannelImpl{logId=2742, target=192.168.34.39:34498} was not shutdown properly!!! ~*~*~*
    Make sure to call shutdown()/shutdownNow() and wait until awaitTermination() returns true.
java.lang.RuntimeException: ManagedChannel allocation site
	at org.apache.ratis.thirdparty.io.grpc.internal.ManagedChannelOrphanWrapper$ManagedChannelReference.<init>(ManagedChannelOrphanWrapper.java:103)
	at org.apache.ratis.thirdparty.io.grpc.internal.ManagedChannelOrphanWrapper.<init>(ManagedChannelOrphanWrapper.java:53)
	at org.apache.ratis.thirdparty.io.grpc.internal.ManagedChannelOrphanWrapper.<init>(ManagedChannelOrphanWrapper.java:44)
	at org.apache.ratis.thirdparty.io.grpc.internal.AbstractManagedChannelImplBuilder.build(AbstractManagedChannelImplBuilder.java:411)
	at org.apache.ratis.grpc.client.GrpcClientProtocolClient.<init>(GrpcClientProtocolClient.java:127)
	at org.apache.ratis.grpc.client.GrpcClientRpc.lambda$new$0(GrpcClientRpc.java:55)
	at org.apache.ratis.util.PeerProxyMap$PeerAndProxy.lambda$getProxy$0(PeerProxyMap.java:61)
	at org.apache.ratis.util.LifeCycle.startAndTransition(LifeCycle.java:202)
	at org.apache.ratis.util.PeerProxyMap$PeerAndProxy.getProxy(PeerProxyMap.java:60)
	at org.apache.ratis.util.PeerProxyMap.getProxy(PeerProxyMap.java:108)
	at org.apache.ratis.grpc.client.GrpcClientRpc.sendRequestAsync(GrpcClientRpc.java:66)
	at org.apache.ratis.client.impl.OrderedAsync.sendRequest(OrderedAsync.java:208)
	at org.apache.ratis.client.impl.OrderedAsync.sendRequestWithRetry(OrderedAsync.java:169)
	at org.apache.ratis.util.SlidingWindow$Client.sendOrDelayRequest(SlidingWindow.java:278)
	at org.apache.ratis.util.SlidingWindow$Client.submitNewRequest(SlidingWindow.java:257)
	at org.apache.ratis.client.impl.OrderedAsync.send(OrderedAsync.java:155)
	at org.apache.ratis.client.impl.RaftClientImpl.sendAsync(RaftClientImpl.java:144)
	at org.apache.ratis.client.impl.RaftClientImpl.sendAsync(RaftClientImpl.java:124)
	at org.apache.hadoop.hdds.scm.XceiverClientRatis.sendRequestAsync(XceiverClientRatis.java:234)
	at org.apache.hadoop.hdds.scm.XceiverClientRatis.sendCommandAsync(XceiverClientRatis.java:332)
	at org.apache.hadoop.hdds.scm.storage.ContainerProtocolCalls.writeChunkAsync(ContainerProtocolCalls.java:310)
	at org.apache.hadoop.hdds.scm.storage.BlockOutputStream.writeChunkToContainer(BlockOutputStream.java:601)
	at org.apache.hadoop.hdds.scm.storage.BlockOutputStream.writeChunk(BlockOutputStream.java:459)
	at org.apache.hadoop.hdds.scm.storage.BlockOutputStream.writeOnRetry(BlockOutputStream.java:285)
	at org.apache.hadoop.ozone.client.io.BlockOutputStreamEntry.writeOnRetry(BlockOutputStreamEntry.java:200)
	at org.apache.hadoop.ozone.client.io.KeyOutputStream.handleWrite(KeyOutputStream.java:206)
	at org.apache.hadoop.ozone.client.io.KeyOutputStream.handleRetry(KeyOutputStream.java:375)
	at org.apache.hadoop.ozone.client.io.KeyOutputStream.handleException(KeyOutputStream.java:324)
	at org.apache.hadoop.ozone.client.io.KeyOutputStream.handleFlushOrClose(KeyOutputStream.java:449)
	at org.apache.hadoop.ozone.client.io.KeyOutputStream.handleWrite(KeyOutputStream.java:232)
	at org.apache.hadoop.ozone.client.io.KeyOutputStream.write(KeyOutputStream.java:190)
	at org.apache.hadoop.ozone.client.io.OzoneOutputStream.write(OzoneOutputStream.java:49)
	at java.io.OutputStream.write(OutputStream.java:75)
	at org.apache.hadoop.ozone.client.rpc.TestBlockOutputStreamWithFailures.testDatanodeFailureWithSingleNodeRatis(TestBlockOutputStreamWithFailures.java:1021)
	at sun.reflect.NativeMethodAccessorImpl.invoke0(Native Method)
	at sun.reflect.NativeMethodAccessorImpl.invoke(NativeMethodAccessorImpl.java:62)
	at sun.reflect.DelegatingMethodAccessorImpl.invoke(DelegatingMethodAccessorImpl.java:43)
	at java.lang.reflect.Method.invoke(Method.java:498)
	at org.junit.runners.model.FrameworkMethod$1.runReflectiveCall(FrameworkMethod.java:47)
	at org.junit.internal.runners.model.ReflectiveCallable.run(ReflectiveCallable.java:12)
	at org.junit.runners.model.FrameworkMethod.invokeExplosively(FrameworkMethod.java:44)
	at org.junit.internal.runners.statements.InvokeMethod.evaluate(InvokeMethod.java:17)
	at org.junit.internal.runners.statements.RunBefores.evaluate(RunBefores.java:26)
	at org.junit.internal.runners.statements.RunAfters.evaluate(RunAfters.java:27)
	at org.junit.runners.ParentRunner.runLeaf(ParentRunner.java:271)
	at org.junit.runners.BlockJUnit4ClassRunner.runChild(BlockJUnit4ClassRunner.java:70)
	at org.junit.runners.BlockJUnit4ClassRunner.runChild(BlockJUnit4ClassRunner.java:50)
	at org.junit.runners.ParentRunner$3.run(ParentRunner.java:238)
	at org.junit.runners.ParentRunner$1.schedule(ParentRunner.java:63)
	at org.junit.runners.ParentRunner.runChildren(ParentRunner.java:236)
	at org.junit.runners.ParentRunner.access$000(ParentRunner.java:53)
	at org.junit.runners.ParentRunner$2.evaluate(ParentRunner.java:229)
	at org.junit.runners.ParentRunner.run(ParentRunner.java:309)
	at org.apache.maven.surefire.junit4.JUnit4Provider.execute(JUnit4Provider.java:365)
	at org.apache.maven.surefire.junit4.JUnit4Provider.executeWithRerun(JUnit4Provider.java:273)
	at org.apache.maven.surefire.junit4.JUnit4Provider.executeTestSet(JUnit4Provider.java:238)
	at org.apache.maven.surefire.junit4.JUnit4Provider.invoke(JUnit4Provider.java:159)
	at org.apache.maven.surefire.booter.ForkedBooter.invokeProviderInSameClassLoader(ForkedBooter.java:384)
	at org.apache.maven.surefire.booter.ForkedBooter.runSuitesInProcess(ForkedBooter.java:345)
	at org.apache.maven.surefire.booter.ForkedBooter.execute(ForkedBooter.java:126)
	at org.apache.maven.surefire.booter.ForkedBooter.main(ForkedBooter.java:418)

Sep 21, 2019 6:04:28 AM org.apache.ratis.thirdparty.io.grpc.internal.ManagedChannelOrphanWrapper$ManagedChannelReference cleanQueue
SEVERE: *~*~*~ Channel ManagedChannelImpl{logId=2738, target=192.168.34.39:35205} was not shutdown properly!!! ~*~*~*
    Make sure to call shutdown()/shutdownNow() and wait until awaitTermination() returns true.
java.lang.RuntimeException: ManagedChannel allocation site
	at org.apache.ratis.thirdparty.io.grpc.internal.ManagedChannelOrphanWrapper$ManagedChannelReference.<init>(ManagedChannelOrphanWrapper.java:103)
	at org.apache.ratis.thirdparty.io.grpc.internal.ManagedChannelOrphanWrapper.<init>(ManagedChannelOrphanWrapper.java:53)
	at org.apache.ratis.thirdparty.io.grpc.internal.ManagedChannelOrphanWrapper.<init>(ManagedChannelOrphanWrapper.java:44)
	at org.apache.ratis.thirdparty.io.grpc.internal.AbstractManagedChannelImplBuilder.build(AbstractManagedChannelImplBuilder.java:411)
	at org.apache.ratis.grpc.client.GrpcClientProtocolClient.<init>(GrpcClientProtocolClient.java:127)
	at org.apache.ratis.grpc.client.GrpcClientRpc.lambda$new$0(GrpcClientRpc.java:55)
	at org.apache.ratis.util.PeerProxyMap$PeerAndProxy.lambda$getProxy$0(PeerProxyMap.java:61)
	at org.apache.ratis.util.LifeCycle.startAndTransition(LifeCycle.java:202)
	at org.apache.ratis.util.PeerProxyMap$PeerAndProxy.getProxy(PeerProxyMap.java:60)
	at org.apache.ratis.util.PeerProxyMap.getProxy(PeerProxyMap.java:108)
	at org.apache.ratis.grpc.client.GrpcClientRpc.sendRequestAsync(GrpcClientRpc.java:66)
	at org.apache.ratis.client.impl.OrderedAsync.sendRequest(OrderedAsync.java:208)
	at org.apache.ratis.client.impl.OrderedAsync.sendRequestWithRetry(OrderedAsync.java:169)
	at org.apache.ratis.util.SlidingWindow$Client.sendOrDelayRequest(SlidingWindow.java:278)
	at org.apache.ratis.util.SlidingWindow$Client.retry(SlidingWindow.java:294)
	at org.apache.ratis.client.impl.OrderedAsync.lambda$scheduleWithTimeout$7(OrderedAsync.java:195)
	at org.apache.ratis.util.TimeoutScheduler.lambda$onTimeout$0(TimeoutScheduler.java:113)
	at org.apache.ratis.util.TimeoutScheduler.lambda$onTimeout$1(TimeoutScheduler.java:133)
	at org.apache.ratis.util.LogUtils.runAndLog(LogUtils.java:50)
	at org.apache.ratis.util.LogUtils$1.run(LogUtils.java:91)
	at java.util.concurrent.Executors$RunnableAdapter.call(Executors.java:511)
	at java.util.concurrent.FutureTask.run(FutureTask.java:266)
	at java.util.concurrent.ScheduledThreadPoolExecutor$ScheduledFutureTask.access$201(ScheduledThreadPoolExecutor.java:180)
	at java.util.concurrent.ScheduledThreadPoolExecutor$ScheduledFutureTask.run(ScheduledThreadPoolExecutor.java:293)
	at java.util.concurrent.ThreadPoolExecutor.runWorker(ThreadPoolExecutor.java:1149)
	at java.util.concurrent.ThreadPoolExecutor$Worker.run(ThreadPoolExecutor.java:624)
	at java.lang.Thread.run(Thread.java:748)

Sep 21, 2019 6:04:28 AM org.apache.ratis.thirdparty.io.grpc.internal.ManagedChannelOrphanWrapper$ManagedChannelReference cleanQueue
SEVERE: *~*~*~ Channel ManagedChannelImpl{logId=2955, target=192.168.34.39:46776} was not shutdown properly!!! ~*~*~*
    Make sure to call shutdown()/shutdownNow() and wait until awaitTermination() returns true.
java.lang.RuntimeException: ManagedChannel allocation site
	at org.apache.ratis.thirdparty.io.grpc.internal.ManagedChannelOrphanWrapper$ManagedChannelReference.<init>(ManagedChannelOrphanWrapper.java:103)
	at org.apache.ratis.thirdparty.io.grpc.internal.ManagedChannelOrphanWrapper.<init>(ManagedChannelOrphanWrapper.java:53)
	at org.apache.ratis.thirdparty.io.grpc.internal.ManagedChannelOrphanWrapper.<init>(ManagedChannelOrphanWrapper.java:44)
	at org.apache.ratis.thirdparty.io.grpc.internal.AbstractManagedChannelImplBuilder.build(AbstractManagedChannelImplBuilder.java:411)
	at org.apache.hadoop.hdds.scm.XceiverClientGrpc.connectToDatanode(XceiverClientGrpc.java:181)
	at org.apache.hadoop.hdds.scm.XceiverClientGrpc.reconnect(XceiverClientGrpc.java:429)
	at org.apache.hadoop.hdds.scm.XceiverClientGrpc.sendCommandAsync(XceiverClientGrpc.java:378)
	at org.apache.hadoop.hdds.scm.XceiverClientGrpc.sendCommandWithRetry(XceiverClientGrpc.java:291)
	at org.apache.hadoop.hdds.scm.XceiverClientGrpc.sendCommandWithTraceIDAndRetry(XceiverClientGrpc.java:257)
	at org.apache.hadoop.hdds.scm.XceiverClientGrpc.sendCommand(XceiverClientGrpc.java:240)
	at org.apache.hadoop.hdds.scm.storage.ContainerProtocolCalls.getBlock(ContainerProtocolCalls.java:118)
	at org.apache.hadoop.hdds.scm.storage.BlockInputStream.getChunkInfos(BlockInputStream.java:167)
	at org.apache.hadoop.hdds.scm.storage.BlockInputStream.initialize(BlockInputStream.java:118)
	at org.apache.hadoop.hdds.scm.storage.BlockInputStream.read(BlockInputStream.java:222)
	at org.apache.hadoop.ozone.client.io.KeyInputStream.read(KeyInputStream.java:171)
	at org.apache.hadoop.ozone.client.io.OzoneInputStream.read(OzoneInputStream.java:47)
	at java.io.InputStream.read(InputStream.java:101)
	at org.apache.hadoop.ozone.container.ContainerTestHelper.validateData(ContainerTestHelper.java:714)
	at org.apache.hadoop.ozone.client.rpc.TestBlockOutputStreamWithFailures.validateData(TestBlockOutputStreamWithFailures.java:1216)
	at org.apache.hadoop.ozone.client.rpc.TestBlockOutputStreamWithFailures.testWatchForCommitWithSingleNodeRatis(TestBlockOutputStreamWithFailures.java:918)
	at sun.reflect.NativeMethodAccessorImpl.invoke0(Native Method)
	at sun.reflect.NativeMethodAccessorImpl.invoke(NativeMethodAccessorImpl.java:62)
	at sun.reflect.DelegatingMethodAccessorImpl.invoke(DelegatingMethodAccessorImpl.java:43)
	at java.lang.reflect.Method.invoke(Method.java:498)
	at org.junit.runners.model.FrameworkMethod$1.runReflectiveCall(FrameworkMethod.java:47)
	at org.junit.internal.runners.model.ReflectiveCallable.run(ReflectiveCallable.java:12)
	at org.junit.runners.model.FrameworkMethod.invokeExplosively(FrameworkMethod.java:44)
	at org.junit.internal.runners.statements.InvokeMethod.evaluate(InvokeMethod.java:17)
	at org.junit.internal.runners.statements.RunBefores.evaluate(RunBefores.java:26)
	at org.junit.internal.runners.statements.RunAfters.evaluate(RunAfters.java:27)
	at org.junit.runners.ParentRunner.runLeaf(ParentRunner.java:271)
	at org.junit.runners.BlockJUnit4ClassRunner.runChild(BlockJUnit4ClassRunner.java:70)
	at org.junit.runners.BlockJUnit4ClassRunner.runChild(BlockJUnit4ClassRunner.java:50)
	at org.junit.runners.ParentRunner$3.run(ParentRunner.java:238)
	at org.junit.runners.ParentRunner$1.schedule(ParentRunner.java:63)
	at org.junit.runners.ParentRunner.runChildren(ParentRunner.java:236)
	at org.junit.runners.ParentRunner.access$000(ParentRunner.java:53)
	at org.junit.runners.ParentRunner$2.evaluate(ParentRunner.java:229)
	at org.junit.runners.ParentRunner.run(ParentRunner.java:309)
	at org.apache.maven.surefire.junit4.JUnit4Provider.execute(JUnit4Provider.java:365)
	at org.apache.maven.surefire.junit4.JUnit4Provider.executeWithRerun(JUnit4Provider.java:273)
	at org.apache.maven.surefire.junit4.JUnit4Provider.executeTestSet(JUnit4Provider.java:238)
	at org.apache.maven.surefire.junit4.JUnit4Provider.invoke(JUnit4Provider.java:159)
	at org.apache.maven.surefire.booter.ForkedBooter.invokeProviderInSameClassLoader(ForkedBooter.java:384)
	at org.apache.maven.surefire.booter.ForkedBooter.runSuitesInProcess(ForkedBooter.java:345)
	at org.apache.maven.surefire.booter.ForkedBooter.execute(ForkedBooter.java:126)
	at org.apache.maven.surefire.booter.ForkedBooter.main(ForkedBooter.java:418)

Sep 21, 2019 6:04:28 AM org.apache.ratis.thirdparty.io.grpc.internal.ManagedChannelOrphanWrapper$ManagedChannelReference cleanQueue
SEVERE: *~*~*~ Channel ManagedChannelImpl{logId=2915, target=192.168.34.39:37621} was not shutdown properly!!! ~*~*~*
    Make sure to call shutdown()/shutdownNow() and wait until awaitTermination() returns true.
java.lang.RuntimeException: ManagedChannel allocation site
	at org.apache.ratis.thirdparty.io.grpc.internal.ManagedChannelOrphanWrapper$ManagedChannelReference.<init>(ManagedChannelOrphanWrapper.java:103)
	at org.apache.ratis.thirdparty.io.grpc.internal.ManagedChannelOrphanWrapper.<init>(ManagedChannelOrphanWrapper.java:53)
	at org.apache.ratis.thirdparty.io.grpc.internal.ManagedChannelOrphanWrapper.<init>(ManagedChannelOrphanWrapper.java:44)
	at org.apache.ratis.thirdparty.io.grpc.internal.AbstractManagedChannelImplBuilder.build(AbstractManagedChannelImplBuilder.java:411)
	at org.apache.ratis.grpc.client.GrpcClientProtocolClient.<init>(GrpcClientProtocolClient.java:127)
	at org.apache.ratis.grpc.client.GrpcClientRpc.lambda$new$0(GrpcClientRpc.java:55)
	at org.apache.ratis.util.PeerProxyMap$PeerAndProxy.lambda$getProxy$0(PeerProxyMap.java:61)
	at org.apache.ratis.util.LifeCycle.startAndTransition(LifeCycle.java:202)
	at org.apache.ratis.util.PeerProxyMap$PeerAndProxy.getProxy(PeerProxyMap.java:60)
	at org.apache.ratis.util.PeerProxyMap.getProxy(PeerProxyMap.java:108)
	at org.apache.ratis.grpc.client.GrpcClientRpc.sendRequestAsync(GrpcClientRpc.java:66)
	at org.apache.ratis.client.impl.OrderedAsync.sendRequest(OrderedAsync.java:208)
	at org.apache.ratis.client.impl.OrderedAsync.sendRequestWithRetry(OrderedAsync.java:169)
	at org.apache.ratis.util.SlidingWindow$Client.sendOrDelayRequest(SlidingWindow.java:278)
	at org.apache.ratis.util.SlidingWindow$Client.retry(SlidingWindow.java:294)
	at org.apache.ratis.client.impl.OrderedAsync.lambda$scheduleWithTimeout$7(OrderedAsync.java:195)
	at org.apache.ratis.util.TimeoutScheduler.lambda$onTimeout$0(TimeoutScheduler.java:113)
	at org.apache.ratis.util.TimeoutScheduler.lambda$onTimeout$1(TimeoutScheduler.java:133)
	at org.apache.ratis.util.LogUtils.runAndLog(LogUtils.java:50)
	at org.apache.ratis.util.LogUtils$1.run(LogUtils.java:91)
	at java.util.concurrent.Executors$RunnableAdapter.call(Executors.java:511)
	at java.util.concurrent.FutureTask.run(FutureTask.java:266)
	at java.util.concurrent.ScheduledThreadPoolExecutor$ScheduledFutureTask.access$201(ScheduledThreadPoolExecutor.java:180)
	at java.util.concurrent.ScheduledThreadPoolExecutor$ScheduledFutureTask.run(ScheduledThreadPoolExecutor.java:293)
	at java.util.concurrent.ThreadPoolExecutor.runWorker(ThreadPoolExecutor.java:1149)
	at java.util.concurrent.ThreadPoolExecutor$Worker.run(ThreadPoolExecutor.java:624)
	at java.lang.Thread.run(Thread.java:748)

Sep 21, 2019 6:04:28 AM org.apache.ratis.thirdparty.io.grpc.internal.ManagedChannelOrphanWrapper$ManagedChannelReference cleanQueue
SEVERE: *~*~*~ Channel ManagedChannelImpl{logId=2777, target=192.168.34.39:40034} was not shutdown properly!!! ~*~*~*
    Make sure to call shutdown()/shutdownNow() and wait until awaitTermination() returns true.
java.lang.RuntimeException: ManagedChannel allocation site
	at org.apache.ratis.thirdparty.io.grpc.internal.ManagedChannelOrphanWrapper$ManagedChannelReference.<init>(ManagedChannelOrphanWrapper.java:103)
	at org.apache.ratis.thirdparty.io.grpc.internal.ManagedChannelOrphanWrapper.<init>(ManagedChannelOrphanWrapper.java:53)
	at org.apache.ratis.thirdparty.io.grpc.internal.ManagedChannelOrphanWrapper.<init>(ManagedChannelOrphanWrapper.java:44)
	at org.apache.ratis.thirdparty.io.grpc.internal.AbstractManagedChannelImplBuilder.build(AbstractManagedChannelImplBuilder.java:411)
	at org.apache.hadoop.hdds.scm.XceiverClientGrpc.connectToDatanode(XceiverClientGrpc.java:181)
	at org.apache.hadoop.hdds.scm.XceiverClientGrpc.reconnect(XceiverClientGrpc.java:429)
	at org.apache.hadoop.hdds.scm.XceiverClientGrpc.sendCommandAsync(XceiverClientGrpc.java:378)
	at org.apache.hadoop.hdds.scm.XceiverClientGrpc.sendCommandWithRetry(XceiverClientGrpc.java:291)
	at org.apache.hadoop.hdds.scm.XceiverClientGrpc.sendCommandWithTraceIDAndRetry(XceiverClientGrpc.java:257)
	at org.apache.hadoop.hdds.scm.XceiverClientGrpc.sendCommand(XceiverClientGrpc.java:240)
	at org.apache.hadoop.hdds.scm.storage.ContainerProtocolCalls.getBlock(ContainerProtocolCalls.java:118)
	at org.apache.hadoop.hdds.scm.storage.BlockInputStream.getChunkInfos(BlockInputStream.java:167)
	at org.apache.hadoop.hdds.scm.storage.BlockInputStream.initialize(BlockInputStream.java:118)
	at org.apache.hadoop.hdds.scm.storage.BlockInputStream.read(BlockInputStream.java:222)
	at org.apache.hadoop.ozone.client.io.KeyInputStream.read(KeyInputStream.java:171)
	at org.apache.hadoop.ozone.client.io.OzoneInputStream.read(OzoneInputStream.java:47)
	at java.io.InputStream.read(InputStream.java:101)
	at org.apache.hadoop.ozone.container.ContainerTestHelper.validateData(ContainerTestHelper.java:714)
	at org.apache.hadoop.ozone.client.rpc.TestBlockOutputStreamWithFailures.validateData(TestBlockOutputStreamWithFailures.java:1216)
	at org.apache.hadoop.ozone.client.rpc.TestBlockOutputStreamWithFailures.testDatanodeFailureWithSingleNodeRatis(TestBlockOutputStreamWithFailures.java:1058)
	at sun.reflect.NativeMethodAccessorImpl.invoke0(Native Method)
	at sun.reflect.NativeMethodAccessorImpl.invoke(NativeMethodAccessorImpl.java:62)
	at sun.reflect.DelegatingMethodAccessorImpl.invoke(DelegatingMethodAccessorImpl.java:43)
	at java.lang.reflect.Method.invoke(Method.java:498)
	at org.junit.runners.model.FrameworkMethod$1.runReflectiveCall(FrameworkMethod.java:47)
	at org.junit.internal.runners.model.ReflectiveCallable.run(ReflectiveCallable.java:12)
	at org.junit.runners.model.FrameworkMethod.invokeExplosively(FrameworkMethod.java:44)
	at org.junit.internal.runners.statements.InvokeMethod.evaluate(InvokeMethod.java:17)
	at org.junit.internal.runners.statements.RunBefores.evaluate(RunBefores.java:26)
	at org.junit.internal.runners.statements.RunAfters.evaluate(RunAfters.java:27)
	at org.junit.runners.ParentRunner.runLeaf(ParentRunner.java:271)
	at org.junit.runners.BlockJUnit4ClassRunner.runChild(BlockJUnit4ClassRunner.java:70)
	at org.junit.runners.BlockJUnit4ClassRunner.runChild(BlockJUnit4ClassRunner.java:50)
	at org.junit.runners.ParentRunner$3.run(ParentRunner.java:238)
	at org.junit.runners.ParentRunner$1.schedule(ParentRunner.java:63)
	at org.junit.runners.ParentRunner.runChildren(ParentRunner.java:236)
	at org.junit.runners.ParentRunner.access$000(ParentRunner.java:53)
	at org.junit.runners.ParentRunner$2.evaluate(ParentRunner.java:229)
	at org.junit.runners.ParentRunner.run(ParentRunner.java:309)
	at org.apache.maven.surefire.junit4.JUnit4Provider.execute(JUnit4Provider.java:365)
	at org.apache.maven.surefire.junit4.JUnit4Provider.executeWithRerun(JUnit4Provider.java:273)
	at org.apache.maven.surefire.junit4.JUnit4Provider.executeTestSet(JUnit4Provider.java:238)
	at org.apache.maven.surefire.junit4.JUnit4Provider.invoke(JUnit4Provider.java:159)
	at org.apache.maven.surefire.booter.ForkedBooter.invokeProviderInSameClassLoader(ForkedBooter.java:384)
	at org.apache.maven.surefire.booter.ForkedBooter.runSuitesInProcess(ForkedBooter.java:345)
	at org.apache.maven.surefire.booter.ForkedBooter.execute(ForkedBooter.java:126)
	at org.apache.maven.surefire.booter.ForkedBooter.main(ForkedBooter.java:418)

Sep 21, 2019 6:04:28 AM org.apache.ratis.thirdparty.io.grpc.internal.ManagedChannelOrphanWrapper$ManagedChannelReference cleanQueue
SEVERE: *~*~*~ Channel ManagedChannelImpl{logId=2772, target=192.168.34.39:34534} was not shutdown properly!!! ~*~*~*
    Make sure to call shutdown()/shutdownNow() and wait until awaitTermination() returns true.
java.lang.RuntimeException: ManagedChannel allocation site
	at org.apache.ratis.thirdparty.io.grpc.internal.ManagedChannelOrphanWrapper$ManagedChannelReference.<init>(ManagedChannelOrphanWrapper.java:103)
	at org.apache.ratis.thirdparty.io.grpc.internal.ManagedChannelOrphanWrapper.<init>(ManagedChannelOrphanWrapper.java:53)
	at org.apache.ratis.thirdparty.io.grpc.internal.ManagedChannelOrphanWrapper.<init>(ManagedChannelOrphanWrapper.java:44)
	at org.apache.ratis.thirdparty.io.grpc.internal.AbstractManagedChannelImplBuilder.build(AbstractManagedChannelImplBuilder.java:411)
	at org.apache.hadoop.hdds.scm.XceiverClientGrpc.connectToDatanode(XceiverClientGrpc.java:181)
	at org.apache.hadoop.hdds.scm.XceiverClientGrpc.reconnect(XceiverClientGrpc.java:429)
	at org.apache.hadoop.hdds.scm.XceiverClientGrpc.sendCommandAsync(XceiverClientGrpc.java:378)
	at org.apache.hadoop.hdds.scm.XceiverClientGrpc.sendCommandWithRetry(XceiverClientGrpc.java:291)
	at org.apache.hadoop.hdds.scm.XceiverClientGrpc.sendCommandWithTraceIDAndRetry(XceiverClientGrpc.java:257)
	at org.apache.hadoop.hdds.scm.XceiverClientGrpc.sendCommand(XceiverClientGrpc.java:240)
	at org.apache.hadoop.hdds.scm.storage.ContainerProtocolCalls.getBlock(ContainerProtocolCalls.java:118)
	at org.apache.hadoop.hdds.scm.storage.BlockInputStream.getChunkInfos(BlockInputStream.java:167)
	at org.apache.hadoop.hdds.scm.storage.BlockInputStream.initialize(BlockInputStream.java:118)
	at org.apache.hadoop.hdds.scm.storage.BlockInputStream.read(BlockInputStream.java:222)
	at org.apache.hadoop.ozone.client.io.KeyInputStream.read(KeyInputStream.java:171)
	at org.apache.hadoop.ozone.client.io.OzoneInputStream.read(OzoneInputStream.java:47)
	at java.io.InputStream.read(InputStream.java:101)
	at org.apache.hadoop.ozone.container.ContainerTestHelper.validateData(ContainerTestHelper.java:714)
	at org.apache.hadoop.ozone.client.rpc.TestBlockOutputStreamWithFailures.validateData(TestBlockOutputStreamWithFailures.java:1216)
	at org.apache.hadoop.ozone.client.rpc.TestBlockOutputStreamWithFailures.testDatanodeFailureWithSingleNodeRatis(TestBlockOutputStreamWithFailures.java:1058)
	at sun.reflect.NativeMethodAccessorImpl.invoke0(Native Method)
	at sun.reflect.NativeMethodAccessorImpl.invoke(NativeMethodAccessorImpl.java:62)
	at sun.reflect.DelegatingMethodAccessorImpl.invoke(DelegatingMethodAccessorImpl.java:43)
	at java.lang.reflect.Method.invoke(Method.java:498)
	at org.junit.runners.model.FrameworkMethod$1.runReflectiveCall(FrameworkMethod.java:47)
	at org.junit.internal.runners.model.ReflectiveCallable.run(ReflectiveCallable.java:12)
	at org.junit.runners.model.FrameworkMethod.invokeExplosively(FrameworkMethod.java:44)
	at org.junit.internal.runners.statements.InvokeMethod.evaluate(InvokeMethod.java:17)
	at org.junit.internal.runners.statements.RunBefores.evaluate(RunBefores.java:26)
	at org.junit.internal.runners.statements.RunAfters.evaluate(RunAfters.java:27)
	at org.junit.runners.ParentRunner.runLeaf(ParentRunner.java:271)
	at org.junit.runners.BlockJUnit4ClassRunner.runChild(BlockJUnit4ClassRunner.java:70)
	at org.junit.runners.BlockJUnit4ClassRunner.runChild(BlockJUnit4ClassRunner.java:50)
	at org.junit.runners.ParentRunner$3.run(ParentRunner.java:238)
	at org.junit.runners.ParentRunner$1.schedule(ParentRunner.java:63)
	at org.junit.runners.ParentRunner.runChildren(ParentRunner.java:236)
	at org.junit.runners.ParentRunner.access$000(ParentRunner.java:53)
	at org.junit.runners.ParentRunner$2.evaluate(ParentRunner.java:229)
	at org.junit.runners.ParentRunner.run(ParentRunner.java:309)
	at org.apache.maven.surefire.junit4.JUnit4Provider.execute(JUnit4Provider.java:365)
	at org.apache.maven.surefire.junit4.JUnit4Provider.executeWithRerun(JUnit4Provider.java:273)
	at org.apache.maven.surefire.junit4.JUnit4Provider.executeTestSet(JUnit4Provider.java:238)
	at org.apache.maven.surefire.junit4.JUnit4Provider.invoke(JUnit4Provider.java:159)
	at org.apache.maven.surefire.booter.ForkedBooter.invokeProviderInSameClassLoader(ForkedBooter.java:384)
	at org.apache.maven.surefire.booter.ForkedBooter.runSuitesInProcess(ForkedBooter.java:345)
	at org.apache.maven.surefire.booter.ForkedBooter.execute(ForkedBooter.java:126)
	at org.apache.maven.surefire.booter.ForkedBooter.main(ForkedBooter.java:418)

Sep 21, 2019 6:04:32 AM org.apache.ratis.thirdparty.io.grpc.internal.SerializingExecutor run
SEVERE: Exception while executing runnable org.apache.ratis.thirdparty.io.grpc.internal.ServerImpl$JumpToApplicationThreadServerStreamListener$1Closed@5afceef4
org.apache.ratis.thirdparty.io.grpc.StatusRuntimeException: CANCELLED: call already cancelled
	at org.apache.ratis.thirdparty.io.grpc.Status.asRuntimeException(Status.java:517)
	at org.apache.ratis.thirdparty.io.grpc.stub.ServerCalls$ServerCallStreamObserverImpl.onCompleted(ServerCalls.java:356)
	at org.apache.ratis.grpc.server.GrpcServerProtocolService$ServerRequestStreamObserver.onError(GrpcServerProtocolService.java:121)
	at org.apache.ratis.thirdparty.io.grpc.stub.ServerCalls$StreamingServerCallHandler$StreamingServerCallListener.onCancel(ServerCalls.java:269)
	at org.apache.ratis.thirdparty.io.grpc.internal.ServerCallImpl$ServerStreamListenerImpl.closed(ServerCallImpl.java:293)
	at org.apache.ratis.thirdparty.io.grpc.internal.ServerImpl$JumpToApplicationThreadServerStreamListener$1Closed.runInContext(ServerImpl.java:741)
	at org.apache.ratis.thirdparty.io.grpc.internal.ContextRunnable.run(ContextRunnable.java:37)
	at org.apache.ratis.thirdparty.io.grpc.internal.SerializingExecutor.run(SerializingExecutor.java:123)
	at java.util.concurrent.ThreadPoolExecutor.runWorker(ThreadPoolExecutor.java:1149)
	at java.util.concurrent.ThreadPoolExecutor$Worker.run(ThreadPoolExecutor.java:624)
	at java.lang.Thread.run(Thread.java:748)

]]></system-err>
  </testcase>
  <testcase name="testFailureWithPrimeSizedData" classname="org.apache.hadoop.ozone.client.rpc.TestBlockOutputStreamWithFailures" time="36.361"/>
  <testcase name="testWatchForCommitWithCloseContainerException" classname="org.apache.hadoop.ozone.client.rpc.TestBlockOutputStreamWithFailures" time="36.803"/>
  <testcase name="testExceptionDuringClose" classname="org.apache.hadoop.ozone.client.rpc.TestBlockOutputStreamWithFailures" time="42.843"/>
</testsuite>