<?xml version="1.0" encoding="UTF-8"?>
<testsuite xmlns:xsi="http://www.w3.org/2001/XMLSchema-instance" xsi:noNamespaceSchemaLocation="https://maven.apache.org/surefire/maven-surefire-plugin/xsd/surefire-test-report.xsd" name="org.apache.hadoop.ozone.client.rpc.TestCommitWatcher" time="58.965" tests="2" errors="0" skipped="0" failures="1">
  <properties>
    <property name="awt.toolkit" value="sun.awt.X11.XToolkit"/>
    <property name="file.encoding.pkg" value="sun.io"/>
    <property name="java.specification.version" value="1.8"/>
    <property name="sun.cpu.isalist" value=""/>
    <property name="sun.jnu.encoding" value="UTF-8"/>
    <property name="java.class.path" value="/workdir/hadoop-ozone/integration-test/target/test-classes:/workdir/hadoop-ozone/integration-test/target/classes:/home/user/.m2/repository/org/apache/hadoop/hadoop-ozone-common/0.5.0-SNAPSHOT/hadoop-ozone-common-0.5.0-SNAPSHOT.jar:/home/user/.m2/repository/org/apache/commons/commons-compress/1.4.1/commons-compress-1.4.1.jar:/home/user/.m2/repository/org/tukaani/xz/1.0/xz-1.0.jar:/home/user/.m2/repository/org/apache/hadoop/hadoop-common/3.2.0/hadoop-common-3.2.0.jar:/home/user/.m2/repository/org/apache/hadoop/hadoop-hdfs/3.2.0/hadoop-hdfs-3.2.0.jar:/home/user/.m2/repository/org/apache/hadoop/hadoop-hdfs-client/3.2.0/hadoop-hdfs-client-3.2.0.jar:/home/user/.m2/repository/com/fasterxml/jackson/core/jackson-annotations/2.9.9/jackson-annotations-2.9.9.jar:/home/user/.m2/repository/org/apache/hadoop/hadoop-hdds-common/0.5.0-SNAPSHOT/hadoop-hdds-common-0.5.0-SNAPSHOT.jar:/home/user/.m2/repository/javax/annotation/javax.annotation-api/1.2/javax.annotation-api-1.2.jar:/home/user/.m2/repository/org/apache/ratis/ratis-server/0.4.0/ratis-server-0.4.0.jar:/home/user/.m2/repository/org/apache/ratis/ratis-thirdparty-misc/0.2.0/ratis-thirdparty-misc-0.2.0.jar:/home/user/.m2/repository/org/apache/ratis/ratis-proto/0.4.0/ratis-proto-0.4.0.jar:/home/user/.m2/repository/org/apache/ratis/ratis-common/0.4.0/ratis-common-0.4.0.jar:/home/user/.m2/repository/org/apache/ratis/ratis-client/0.4.0/ratis-client-0.4.0.jar:/home/user/.m2/repository/org/apache/ratis/ratis-metrics/0.4.0/ratis-metrics-0.4.0.jar:/home/user/.m2/repository/com/github/joshelser/dropwizard-metrics-hadoop-metrics2-reporter/0.1.2/dropwizard-metrics-hadoop-metrics2-reporter-0.1.2.jar:/home/user/.m2/repository/io/dropwizard/metrics/metrics-jvm/3.2.5/metrics-jvm-3.2.5.jar:/home/user/.m2/repository/io/dropwizard/metrics/metrics-ganglia/3.2.5/metrics-ganglia-3.2.5.jar:/home/user/.m2/repository/info/ganglia/gmetric4j/gmetric4j/1.0.7/gmetric4j-1.0.7.jar:/home/user/.m2/repository/org/apache/ratis/ratis-netty/0.4.0/ratis-netty-0.4.0.jar:/home/user/.m2/repository/org/apache/ratis/ratis-grpc/0.4.0/ratis-grpc-0.4.0.jar:/home/user/.m2/repository/org/rocksdb/rocksdbjni/6.0.1/rocksdbjni-6.0.1.jar:/home/user/.m2/repository/org/apache/logging/log4j/log4j-api/2.11.0/log4j-api-2.11.0.jar:/home/user/.m2/repository/org/apache/logging/log4j/log4j-core/2.11.0/log4j-core-2.11.0.jar:/home/user/.m2/repository/com/lmax/disruptor/3.4.2/disruptor-3.4.2.jar:/home/user/.m2/repository/org/apache/commons/commons-pool2/2.6.0/commons-pool2-2.6.0.jar:/home/user/.m2/repository/org/bouncycastle/bcpkix-jdk15on/1.60/bcpkix-jdk15on-1.60.jar:/home/user/.m2/repository/commons-validator/commons-validator/1.6/commons-validator-1.6.jar:/home/user/.m2/repository/commons-digester/commons-digester/1.8.1/commons-digester-1.8.1.jar:/home/user/.m2/repository/io/jaegertracing/jaeger-client/0.33.1/jaeger-client-0.33.1.jar:/home/user/.m2/repository/io/jaegertracing/jaeger-thrift/0.33.1/jaeger-thrift-0.33.1.jar:/home/user/.m2/repository/org/apache/thrift/libthrift/0.11.0/libthrift-0.11.0.jar:/home/user/.m2/repository/com/squareup/okhttp3/okhttp/3.9.0/okhttp-3.9.0.jar:/home/user/.m2/repository/com/squareup/okio/okio/1.13.0/okio-1.13.0.jar:/home/user/.m2/repository/io/jaegertracing/jaeger-core/0.33.1/jaeger-core-0.33.1.jar:/home/user/.m2/repository/io/jaegertracing/jaeger-tracerresolver/0.33.1/jaeger-tracerresolver-0.33.1.jar:/home/user/.m2/repository/io/opentracing/contrib/opentracing-tracerresolver/0.1.5/opentracing-tracerresolver-0.1.5.jar:/home/user/.m2/repository/io/opentracing/opentracing-util/0.31.0/opentracing-util-0.31.0.jar:/home/user/.m2/repository/io/opentracing/opentracing-api/0.31.0/opentracing-api-0.31.0.jar:/home/user/.m2/repository/io/opentracing/opentracing-noop/0.31.0/opentracing-noop-0.31.0.jar:/home/user/.m2/repository/org/apache/hadoop/hadoop-hdds-server-framework/0.5.0-SNAPSHOT/hadoop-hdds-server-framework-0.5.0-SNAPSHOT.jar:/home/user/.m2/repository/org/apache/hadoop/hadoop-hdds-container-service/0.5.0-SNAPSHOT/hadoop-hdds-container-service-0.5.0-SNAPSHOT.jar:/home/user/.m2/repository/org/apache/hadoop/hadoop-hdds-client/0.5.0-SNAPSHOT/hadoop-hdds-client-0.5.0-SNAPSHOT.jar:/home/user/.m2/repository/org/apache/hadoop/hadoop-hdds-tools/0.5.0-SNAPSHOT/hadoop-hdds-tools-0.5.0-SNAPSHOT.jar:/home/user/.m2/repository/org/apache/hadoop/hadoop-hdds-server-scm/0.5.0-SNAPSHOT/hadoop-hdds-server-scm-0.5.0-SNAPSHOT.jar:/home/user/.m2/repository/org/apache/hadoop/hadoop-hdds-docs/0.5.0-SNAPSHOT/hadoop-hdds-docs-0.5.0-SNAPSHOT.jar:/home/user/.m2/repository/io/dropwizard/metrics/metrics-core/3.2.4/metrics-core-3.2.4.jar:/home/user/.m2/repository/org/hamcrest/hamcrest-all/1.3/hamcrest-all-1.3.jar:/home/user/.m2/repository/org/bouncycastle/bcprov-jdk15on/1.60/bcprov-jdk15on-1.60.jar:/home/user/.m2/repository/info/picocli/picocli/3.9.6/picocli-3.9.6.jar:/home/user/.m2/repository/com/google/protobuf/protobuf-java/2.5.0/protobuf-java-2.5.0.jar:/home/user/.m2/repository/com/google/guava/guava/11.0.2/guava-11.0.2.jar:/home/user/.m2/repository/org/apache/hadoop/hadoop-ozone-ozone-manager/0.5.0-SNAPSHOT/hadoop-ozone-ozone-manager-0.5.0-SNAPSHOT.jar:/home/user/.m2/repository/org/apache/hadoop/hadoop-minikdc/3.2.0/hadoop-minikdc-3.2.0.jar:/home/user/.m2/repository/commons-io/commons-io/2.5/commons-io-2.5.jar:/home/user/.m2/repository/org/apache/kerby/kerb-simplekdc/1.0.1/kerb-simplekdc-1.0.1.jar:/home/user/.m2/repository/org/apache/kerby/kerb-client/1.0.1/kerb-client-1.0.1.jar:/home/user/.m2/repository/org/apache/kerby/kerby-config/1.0.1/kerby-config-1.0.1.jar:/home/user/.m2/repository/org/apache/kerby/kerb-core/1.0.1/kerb-core-1.0.1.jar:/home/user/.m2/repository/org/apache/kerby/kerby-pkix/1.0.1/kerby-pkix-1.0.1.jar:/home/user/.m2/repository/org/apache/kerby/kerby-asn1/1.0.1/kerby-asn1-1.0.1.jar:/home/user/.m2/repository/org/apache/kerby/kerby-util/1.0.1/kerby-util-1.0.1.jar:/home/user/.m2/repository/org/apache/kerby/kerb-common/1.0.1/kerb-common-1.0.1.jar:/home/user/.m2/repository/org/apache/kerby/kerb-crypto/1.0.1/kerb-crypto-1.0.1.jar:/home/user/.m2/repository/org/apache/kerby/kerb-util/1.0.1/kerb-util-1.0.1.jar:/home/user/.m2/repository/org/apache/kerby/token-provider/1.0.1/token-provider-1.0.1.jar:/home/user/.m2/repository/org/apache/kerby/kerb-admin/1.0.1/kerb-admin-1.0.1.jar:/home/user/.m2/repository/org/apache/kerby/kerb-server/1.0.1/kerb-server-1.0.1.jar:/home/user/.m2/repository/org/apache/kerby/kerb-identity/1.0.1/kerb-identity-1.0.1.jar:/home/user/.m2/repository/org/apache/kerby/kerby-xdr/1.0.1/kerby-xdr-1.0.1.jar:/home/user/.m2/repository/org/slf4j/slf4j-log4j12/1.7.25/slf4j-log4j12-1.7.25.jar:/home/user/.m2/repository/org/apache/hadoop/hadoop-ozone-s3gateway/0.5.0-SNAPSHOT/hadoop-ozone-s3gateway-0.5.0-SNAPSHOT.jar:/home/user/.m2/repository/org/jboss/weld/servlet/weld-servlet/2.4.7.Final/weld-servlet-2.4.7.Final.jar:/home/user/.m2/repository/org/glassfish/jersey/containers/jersey-container-servlet-core/2.27/jersey-container-servlet-core-2.27.jar:/home/user/.m2/repository/org/glassfish/hk2/external/javax.inject/2.5.0-b42/javax.inject-2.5.0-b42.jar:/home/user/.m2/repository/org/glassfish/jersey/core/jersey-common/2.27/jersey-common-2.27.jar:/home/user/.m2/repository/org/glassfish/hk2/osgi-resource-locator/1.0.1/osgi-resource-locator-1.0.1.jar:/home/user/.m2/repository/javax/ws/rs/javax.ws.rs-api/2.1/javax.ws.rs-api-2.1.jar:/home/user/.m2/repository/org/glassfish/jersey/ext/cdi/jersey-cdi1x/2.27/jersey-cdi1x-2.27.jar:/home/user/.m2/repository/org/glassfish/jersey/inject/jersey-hk2/2.27/jersey-hk2-2.27.jar:/home/user/.m2/repository/org/glassfish/hk2/hk2-locator/2.5.0-b42/hk2-locator-2.5.0-b42.jar:/home/user/.m2/repository/org/javassist/javassist/3.22.0-CR2/javassist-3.22.0-CR2.jar:/home/user/.m2/repository/org/glassfish/hk2/hk2-api/2.5.0/hk2-api-2.5.0.jar:/home/user/.m2/repository/org/glassfish/hk2/external/jakarta.inject/2.5.0/jakarta.inject-2.5.0.jar:/home/user/.m2/repository/org/glassfish/hk2/hk2-utils/2.5.0/hk2-utils-2.5.0.jar:/home/user/.m2/repository/jakarta/annotation/jakarta.annotation-api/1.3.4/jakarta.annotation-api-1.3.4.jar:/home/user/.m2/repository/org/glassfish/hk2/external/aopalliance-repackaged/2.5.0/aopalliance-repackaged-2.5.0.jar:/home/user/.m2/repository/com/fasterxml/jackson/dataformat/jackson-dataformat-xml/2.9.0/jackson-dataformat-xml-2.9.0.jar:/home/user/.m2/repository/com/fasterxml/jackson/core/jackson-core/2.9.9/jackson-core-2.9.9.jar:/home/user/.m2/repository/com/fasterxml/jackson/module/jackson-module-jaxb-annotations/2.9.9/jackson-module-jaxb-annotations-2.9.9.jar:/home/user/.m2/repository/javax/enterprise/cdi-api/1.2/cdi-api-1.2.jar:/home/user/.m2/repository/javax/el/javax.el-api/3.0.0/javax.el-api-3.0.0.jar:/home/user/.m2/repository/javax/interceptor/javax.interceptor-api/1.2/javax.interceptor-api-1.2.jar:/home/user/.m2/repository/javax/inject/javax.inject/1/javax.inject-1.jar:/home/user/.m2/repository/com/sun/xml/bind/jaxb-impl/2.3.0.1/jaxb-impl-2.3.0.1.jar:/home/user/.m2/repository/com/sun/xml/bind/jaxb-core/2.3.0.1/jaxb-core-2.3.0.1.jar:/home/user/.m2/repository/javax/xml/bind/jaxb-api/2.3.0/jaxb-api-2.3.0.jar:/home/user/.m2/repository/javax/activation/activation/1.1.1/activation-1.1.1.jar:/home/user/.m2/repository/org/apache/hadoop/hadoop-ozone-csi/0.5.0-SNAPSHOT/hadoop-ozone-csi-0.5.0-SNAPSHOT.jar:/home/user/.m2/repository/com/google/protobuf/protobuf-java-util/3.5.1/protobuf-java-util-3.5.1.jar:/home/user/.m2/repository/org/apache/hadoop/hadoop-hdds-config/0.5.0-SNAPSHOT/hadoop-hdds-config-0.5.0-SNAPSHOT.jar:/home/user/.m2/repository/io/grpc/grpc-netty/1.17.1/grpc-netty-1.17.1.jar:/home/user/.m2/repository/io/grpc/grpc-core/1.17.1/grpc-core-1.17.1.jar:/home/user/.m2/repository/io/grpc/grpc-context/1.17.1/grpc-context-1.17.1.jar:/home/user/.m2/repository/com/google/errorprone/error_prone_annotations/2.2.0/error_prone_annotations-2.2.0.jar:/home/user/.m2/repository/org/codehaus/mojo/animal-sniffer-annotations/1.17/animal-sniffer-annotations-1.17.jar:/home/user/.m2/repository/io/opencensus/opencensus-api/0.17.0/opencensus-api-0.17.0.jar:/home/user/.m2/repository/io/opencensus/opencensus-contrib-grpc-metrics/0.17.0/opencensus-contrib-grpc-metrics-0.17.0.jar:/home/user/.m2/repository/io/netty/netty-codec-http2/4.1.30.Final/netty-codec-http2-4.1.30.Final.jar:/home/user/.m2/repository/io/netty/netty-codec-http/4.1.30.Final/netty-codec-http-4.1.30.Final.jar:/home/user/.m2/repository/io/netty/netty-codec/4.1.30.Final/netty-codec-4.1.30.Final.jar:/home/user/.m2/repository/io/netty/netty-handler/4.1.30.Final/netty-handler-4.1.30.Final.jar:/home/user/.m2/repository/io/netty/netty-handler-proxy/4.1.30.Final/netty-handler-proxy-4.1.30.Final.jar:/home/user/.m2/repository/io/netty/netty-codec-socks/4.1.30.Final/netty-codec-socks-4.1.30.Final.jar:/home/user/.m2/repository/io/netty/netty-transport-native-epoll/4.1.30.Final/netty-transport-native-epoll-4.1.30.Final.jar:/home/user/.m2/repository/io/netty/netty-common/4.1.30.Final/netty-common-4.1.30.Final.jar:/home/user/.m2/repository/io/netty/netty-buffer/4.1.30.Final/netty-buffer-4.1.30.Final.jar:/home/user/.m2/repository/io/netty/netty-transport/4.1.30.Final/netty-transport-4.1.30.Final.jar:/home/user/.m2/repository/io/netty/netty-resolver/4.1.30.Final/netty-resolver-4.1.30.Final.jar:/home/user/.m2/repository/io/netty/netty-transport-native-unix-common/4.1.30.Final/netty-transport-native-unix-common-4.1.30.Final.jar:/home/user/.m2/repository/io/grpc/grpc-protobuf/1.17.1/grpc-protobuf-1.17.1.jar:/home/user/.m2/repository/com/google/api/grpc/proto-google-common-protos/1.0.0/proto-google-common-protos-1.0.0.jar:/home/user/.m2/repository/io/grpc/grpc-protobuf-lite/1.17.1/grpc-protobuf-lite-1.17.1.jar:/home/user/.m2/repository/io/grpc/grpc-stub/1.17.1/grpc-stub-1.17.1.jar:/home/user/.m2/repository/org/apache/hadoop/hadoop-ozone-recon/0.5.0-SNAPSHOT/hadoop-ozone-recon-0.5.0-SNAPSHOT.jar:/home/user/.m2/repository/org/apache/hadoop/hadoop-ozone-reconcodegen/0.5.0-SNAPSHOT/hadoop-ozone-reconcodegen-0.5.0-SNAPSHOT.jar:/home/user/.m2/repository/com/google/inject/extensions/guice-multibindings/4.0/guice-multibindings-4.0.jar:/home/user/.m2/repository/com/google/inject/guice/4.0/guice-4.0.jar:/home/user/.m2/repository/aopalliance/aopalliance/1.0/aopalliance-1.0.jar:/home/user/.m2/repository/com/google/inject/extensions/guice-servlet/4.0/guice-servlet-4.0.jar:/home/user/.m2/repository/org/glassfish/jersey/containers/jersey-container-servlet/2.27/jersey-container-servlet-2.27.jar:/home/user/.m2/repository/org/glassfish/hk2/guice-bridge/2.5.0/guice-bridge-2.5.0.jar:/home/user/.m2/repository/org/glassfish/jersey/core/jersey-server/2.27/jersey-server-2.27.jar:/home/user/.m2/repository/org/glassfish/jersey/core/jersey-client/2.27/jersey-client-2.27.jar:/home/user/.m2/repository/org/glassfish/jersey/media/jersey-media-jaxb/2.27/jersey-media-jaxb-2.27.jar:/home/user/.m2/repository/javax/validation/validation-api/1.1.0.Final/validation-api-1.1.0.Final.jar:/home/user/.m2/repository/org/glassfish/jersey/media/jersey-media-json-jackson/2.27/jersey-media-json-jackson-2.27.jar:/home/user/.m2/repository/org/glassfish/jersey/ext/jersey-entity-filtering/2.27/jersey-entity-filtering-2.27.jar:/home/user/.m2/repository/com/google/inject/extensions/guice-assistedinject/4.0/guice-assistedinject-4.0.jar:/home/user/.m2/repository/org/jooq/jooq/3.11.10/jooq-3.11.10.jar:/home/user/.m2/repository/org/jooq/jooq-meta/3.11.10/jooq-meta-3.11.10.jar:/home/user/.m2/repository/org/jooq/jooq-codegen/3.11.10/jooq-codegen-3.11.10.jar:/home/user/.m2/repository/com/jolbox/bonecp/0.8.0.RELEASE/bonecp-0.8.0.RELEASE.jar:/home/user/.m2/repository/org/xerial/sqlite-jdbc/3.25.2/sqlite-jdbc-3.25.2.jar:/home/user/.m2/repository/org/springframework/spring-jdbc/5.1.3.RELEASE/spring-jdbc-5.1.3.RELEASE.jar:/home/user/.m2/repository/org/springframework/spring-beans/5.1.3.RELEASE/spring-beans-5.1.3.RELEASE.jar:/home/user/.m2/repository/org/springframework/spring-core/5.1.3.RELEASE/spring-core-5.1.3.RELEASE.jar:/home/user/.m2/repository/org/springframework/spring-jcl/5.1.3.RELEASE/spring-jcl-5.1.3.RELEASE.jar:/home/user/.m2/repository/org/springframework/spring-tx/5.1.3.RELEASE/spring-tx-5.1.3.RELEASE.jar:/home/user/.m2/repository/org/apache/hadoop/hadoop-ozone-client/0.5.0-SNAPSHOT/hadoop-ozone-client-0.5.0-SNAPSHOT.jar:/home/user/.m2/repository/commons-lang/commons-lang/2.6/commons-lang-2.6.jar:/home/user/.m2/repository/org/apache/hadoop/hadoop-ozone-ozone-manager/0.5.0-SNAPSHOT/hadoop-ozone-ozone-manager-0.5.0-SNAPSHOT-tests.jar:/home/user/.m2/repository/junit/junit/4.11/junit-4.11.jar:/home/user/.m2/repository/org/hamcrest/hamcrest-core/1.3/hamcrest-core-1.3.jar:/home/user/.m2/repository/org/openjdk/jmh/jmh-core/1.19/jmh-core-1.19.jar:/home/user/.m2/repository/net/sf/jopt-simple/jopt-simple/4.6/jopt-simple-4.6.jar:/home/user/.m2/repository/org/apache/commons/commons-math3/3.1.1/commons-math3-3.1.1.jar:/home/user/.m2/repository/org/openjdk/jmh/jmh-generator-annprocess/1.19/jmh-generator-annprocess-1.19.jar:/home/user/.m2/repository/org/mockito/mockito-all/1.8.5/mockito-all-1.8.5.jar:/home/user/.m2/repository/org/apache/hadoop/hadoop-kms/3.2.0/hadoop-kms-3.2.0.jar:/home/user/.m2/repository/org/apache/hadoop/hadoop-auth/3.2.0/hadoop-auth-3.2.0.jar:/home/user/.m2/repository/com/nimbusds/nimbus-jose-jwt/4.41.1/nimbus-jose-jwt-4.41.1.jar:/home/user/.m2/repository/com/github/stephenc/jcip/jcip-annotations/1.0-1/jcip-annotations-1.0-1.jar:/home/user/.m2/repository/net/minidev/json-smart/2.3/json-smart-2.3.jar:/home/user/.m2/repository/net/minidev/accessors-smart/1.2/accessors-smart-1.2.jar:/home/user/.m2/repository/org/ow2/asm/asm/5.0.4/asm-5.0.4.jar:/home/user/.m2/repository/org/apache/curator/curator-framework/2.12.0/curator-framework-2.12.0.jar:/home/user/.m2/repository/com/sun/jersey/jersey-core/1.19/jersey-core-1.19.jar:/home/user/.m2/repository/javax/ws/rs/jsr311-api/1.1.1/jsr311-api-1.1.1.jar:/home/user/.m2/repository/com/sun/jersey/jersey-server/1.19/jersey-server-1.19.jar:/home/user/.m2/repository/javax/servlet/javax.servlet-api/3.1.0/javax.servlet-api-3.1.0.jar:/home/user/.m2/repository/org/eclipse/jetty/jetty-server/9.3.24.v20180605/jetty-server-9.3.24.v20180605.jar:/home/user/.m2/repository/org/eclipse/jetty/jetty-http/9.3.24.v20180605/jetty-http-9.3.24.v20180605.jar:/home/user/.m2/repository/org/eclipse/jetty/jetty-io/9.3.24.v20180605/jetty-io-9.3.24.v20180605.jar:/home/user/.m2/repository/org/eclipse/jetty/jetty-webapp/9.3.24.v20180605/jetty-webapp-9.3.24.v20180605.jar:/home/user/.m2/repository/org/eclipse/jetty/jetty-xml/9.3.24.v20180605/jetty-xml-9.3.24.v20180605.jar:/home/user/.m2/repository/log4j/log4j/1.2.17/log4j-1.2.17.jar:/home/user/.m2/repository/org/slf4j/slf4j-api/1.7.25/slf4j-api-1.7.25.jar:/home/user/.m2/repository/org/slf4j/jul-to-slf4j/1.7.25/jul-to-slf4j-1.7.25.jar:/home/user/.m2/repository/org/eclipse/jetty/jetty-util/9.3.24.v20180605/jetty-util-9.3.24.v20180605.jar:/home/user/.m2/repository/com/fasterxml/jackson/core/jackson-databind/2.9.9/jackson-databind-2.9.9.jar:/home/user/.m2/repository/org/apache/hadoop/hadoop-kms/3.2.0/hadoop-kms-3.2.0-tests.jar:/home/user/.m2/repository/org/apache/hadoop/hadoop-hdds-server-scm/0.5.0-SNAPSHOT/hadoop-hdds-server-scm-0.5.0-SNAPSHOT-tests.jar:/home/user/.m2/repository/org/apache/hadoop/hadoop-hdds-container-service/0.5.0-SNAPSHOT/hadoop-hdds-container-service-0.5.0-SNAPSHOT-tests.jar:/home/user/.m2/repository/org/yaml/snakeyaml/1.16/snakeyaml-1.16.jar:/home/user/.m2/repository/org/apache/hadoop/hadoop-common/3.2.0/hadoop-common-3.2.0-tests.jar:/home/user/.m2/repository/org/apache/hadoop/hadoop-annotations/3.2.0/hadoop-annotations-3.2.0.jar:/usr/lib/jvm/java-1.8-openjdk/jre/../lib/tools.jar:/home/user/.m2/repository/commons-cli/commons-cli/1.2/commons-cli-1.2.jar:/home/user/.m2/repository/org/apache/httpcomponents/httpclient/4.5.2/httpclient-4.5.2.jar:/home/user/.m2/repository/org/apache/httpcomponents/httpcore/4.4.4/httpcore-4.4.4.jar:/home/user/.m2/repository/commons-codec/commons-codec/1.11/commons-codec-1.11.jar:/home/user/.m2/repository/commons-net/commons-net/3.6/commons-net-3.6.jar:/home/user/.m2/repository/commons-collections/commons-collections/3.2.2/commons-collections-3.2.2.jar:/home/user/.m2/repository/org/eclipse/jetty/jetty-servlet/9.3.24.v20180605/jetty-servlet-9.3.24.v20180605.jar:/home/user/.m2/repository/org/eclipse/jetty/jetty-security/9.3.24.v20180605/jetty-security-9.3.24.v20180605.jar:/home/user/.m2/repository/javax/servlet/jsp/jsp-api/2.1/jsp-api-2.1.jar:/home/user/.m2/repository/com/sun/jersey/jersey-servlet/1.19/jersey-servlet-1.19.jar:/home/user/.m2/repository/com/sun/jersey/jersey-json/1.19/jersey-json-1.19.jar:/home/user/.m2/repository/org/codehaus/jettison/jettison/1.1/jettison-1.1.jar:/home/user/.m2/repository/org/codehaus/jackson/jackson-core-asl/1.9.13/jackson-core-asl-1.9.13.jar:/home/user/.m2/repository/org/codehaus/jackson/jackson-mapper-asl/1.9.13/jackson-mapper-asl-1.9.13.jar:/home/user/.m2/repository/org/codehaus/jackson/jackson-jaxrs/1.9.13/jackson-jaxrs-1.9.13.jar:/home/user/.m2/repository/org/codehaus/jackson/jackson-xc/1.9.13/jackson-xc-1.9.13.jar:/home/user/.m2/repository/commons-logging/commons-logging/1.1.3/commons-logging-1.1.3.jar:/home/user/.m2/repository/commons-beanutils/commons-beanutils/1.9.4/commons-beanutils-1.9.4.jar:/home/user/.m2/repository/org/apache/commons/commons-configuration2/2.1.1/commons-configuration2-2.1.1.jar:/home/user/.m2/repository/org/apache/commons/commons-lang3/3.7/commons-lang3-3.7.jar:/home/user/.m2/repository/org/apache/commons/commons-text/1.4/commons-text-1.4.jar:/home/user/.m2/repository/org/apache/avro/avro/1.7.7/avro-1.7.7.jar:/home/user/.m2/repository/com/thoughtworks/paranamer/paranamer/2.3/paranamer-2.3.jar:/home/user/.m2/repository/org/xerial/snappy/snappy-java/1.0.5/snappy-java-1.0.5.jar:/home/user/.m2/repository/com/google/re2j/re2j/1.1/re2j-1.1.jar:/home/user/.m2/repository/com/google/code/gson/gson/2.2.4/gson-2.2.4.jar:/home/user/.m2/repository/com/jcraft/jsch/0.1.54/jsch-0.1.54.jar:/home/user/.m2/repository/org/apache/curator/curator-client/2.12.0/curator-client-2.12.0.jar:/home/user/.m2/repository/org/apache/curator/curator-recipes/2.12.0/curator-recipes-2.12.0.jar:/home/user/.m2/repository/com/google/code/findbugs/jsr305/3.0.0/jsr305-3.0.0.jar:/home/user/.m2/repository/org/apache/htrace/htrace-core4/4.1.0-incubating/htrace-core4-4.1.0-incubating.jar:/home/user/.m2/repository/org/apache/zookeeper/zookeeper/3.4.13/zookeeper-3.4.13.jar:/home/user/.m2/repository/org/apache/yetus/audience-annotations/0.5.0/audience-annotations-0.5.0.jar:/home/user/.m2/repository/org/codehaus/woodstox/stax2-api/3.1.4/stax2-api-3.1.4.jar:/home/user/.m2/repository/com/fasterxml/woodstox/woodstox-core/5.0.3/woodstox-core-5.0.3.jar:/home/user/.m2/repository/dnsjava/dnsjava/2.1.7/dnsjava-2.1.7.jar:/home/user/.m2/repository/org/apache/hadoop/hadoop-hdfs/3.2.0/hadoop-hdfs-3.2.0-tests.jar:/home/user/.m2/repository/org/eclipse/jetty/jetty-util-ajax/9.3.24.v20180605/jetty-util-ajax-9.3.24.v20180605.jar:/home/user/.m2/repository/commons-daemon/commons-daemon/1.0.13/commons-daemon-1.0.13.jar:/home/user/.m2/repository/io/netty/netty/3.10.5.Final/netty-3.10.5.Final.jar:/home/user/.m2/repository/io/netty/netty-all/4.0.52.Final/netty-all-4.0.52.Final.jar:/home/user/.m2/repository/org/fusesource/leveldbjni/leveldbjni-all/1.8/leveldbjni-all-1.8.jar:"/>
    <property name="java.vm.vendor" value="IcedTea"/>
    <property name="sun.arch.data.model" value="64"/>
    <property name="test.build.dir" value="/workdir/hadoop-ozone/integration-test/target/test-dir"/>
    <property name="test.cache.data" value=""/>
    <property name="java.vendor.url" value="https://icedtea.classpath.org"/>
    <property name="user.timezone" value=""/>
    <property name="java.vm.specification.version" value="1.8"/>
    <property name="os.name" value="Linux"/>
    <property name="test.build.data" value="/workdir/hadoop-ozone/integration-test/target/test-dir"/>
    <property name="user.country" value="US"/>
    <property name="sun.java.launcher" value="SUN_STANDARD"/>
    <property name="sun.boot.library.path" value="/usr/lib/jvm/java-1.8-openjdk/jre/lib/amd64"/>
    <property name="sun.java.command" value="/workdir/hadoop-ozone/integration-test/target/surefire/surefirebooter1446581111406721935.jar /workdir/hadoop-ozone/integration-test/target/surefire 2019-09-21T05-27-26_549-jvmRun1 surefire954561341467240414tmp surefire_486322362412610721974tmp"/>
    <property name="test" value="!TestMiniChaosOzoneCluster"/>
    <property name="surefire.test.class.path" value="/workdir/hadoop-ozone/integration-test/target/test-classes:/workdir/hadoop-ozone/integration-test/target/classes:/home/user/.m2/repository/org/apache/hadoop/hadoop-ozone-common/0.5.0-SNAPSHOT/hadoop-ozone-common-0.5.0-SNAPSHOT.jar:/home/user/.m2/repository/org/apache/commons/commons-compress/1.4.1/commons-compress-1.4.1.jar:/home/user/.m2/repository/org/tukaani/xz/1.0/xz-1.0.jar:/home/user/.m2/repository/org/apache/hadoop/hadoop-common/3.2.0/hadoop-common-3.2.0.jar:/home/user/.m2/repository/org/apache/hadoop/hadoop-hdfs/3.2.0/hadoop-hdfs-3.2.0.jar:/home/user/.m2/repository/org/apache/hadoop/hadoop-hdfs-client/3.2.0/hadoop-hdfs-client-3.2.0.jar:/home/user/.m2/repository/com/fasterxml/jackson/core/jackson-annotations/2.9.9/jackson-annotations-2.9.9.jar:/home/user/.m2/repository/org/apache/hadoop/hadoop-hdds-common/0.5.0-SNAPSHOT/hadoop-hdds-common-0.5.0-SNAPSHOT.jar:/home/user/.m2/repository/javax/annotation/javax.annotation-api/1.2/javax.annotation-api-1.2.jar:/home/user/.m2/repository/org/apache/ratis/ratis-server/0.4.0/ratis-server-0.4.0.jar:/home/user/.m2/repository/org/apache/ratis/ratis-thirdparty-misc/0.2.0/ratis-thirdparty-misc-0.2.0.jar:/home/user/.m2/repository/org/apache/ratis/ratis-proto/0.4.0/ratis-proto-0.4.0.jar:/home/user/.m2/repository/org/apache/ratis/ratis-common/0.4.0/ratis-common-0.4.0.jar:/home/user/.m2/repository/org/apache/ratis/ratis-client/0.4.0/ratis-client-0.4.0.jar:/home/user/.m2/repository/org/apache/ratis/ratis-metrics/0.4.0/ratis-metrics-0.4.0.jar:/home/user/.m2/repository/com/github/joshelser/dropwizard-metrics-hadoop-metrics2-reporter/0.1.2/dropwizard-metrics-hadoop-metrics2-reporter-0.1.2.jar:/home/user/.m2/repository/io/dropwizard/metrics/metrics-jvm/3.2.5/metrics-jvm-3.2.5.jar:/home/user/.m2/repository/io/dropwizard/metrics/metrics-ganglia/3.2.5/metrics-ganglia-3.2.5.jar:/home/user/.m2/repository/info/ganglia/gmetric4j/gmetric4j/1.0.7/gmetric4j-1.0.7.jar:/home/user/.m2/repository/org/apache/ratis/ratis-netty/0.4.0/ratis-netty-0.4.0.jar:/home/user/.m2/repository/org/apache/ratis/ratis-grpc/0.4.0/ratis-grpc-0.4.0.jar:/home/user/.m2/repository/org/rocksdb/rocksdbjni/6.0.1/rocksdbjni-6.0.1.jar:/home/user/.m2/repository/org/apache/logging/log4j/log4j-api/2.11.0/log4j-api-2.11.0.jar:/home/user/.m2/repository/org/apache/logging/log4j/log4j-core/2.11.0/log4j-core-2.11.0.jar:/home/user/.m2/repository/com/lmax/disruptor/3.4.2/disruptor-3.4.2.jar:/home/user/.m2/repository/org/apache/commons/commons-pool2/2.6.0/commons-pool2-2.6.0.jar:/home/user/.m2/repository/org/bouncycastle/bcpkix-jdk15on/1.60/bcpkix-jdk15on-1.60.jar:/home/user/.m2/repository/commons-validator/commons-validator/1.6/commons-validator-1.6.jar:/home/user/.m2/repository/commons-digester/commons-digester/1.8.1/commons-digester-1.8.1.jar:/home/user/.m2/repository/io/jaegertracing/jaeger-client/0.33.1/jaeger-client-0.33.1.jar:/home/user/.m2/repository/io/jaegertracing/jaeger-thrift/0.33.1/jaeger-thrift-0.33.1.jar:/home/user/.m2/repository/org/apache/thrift/libthrift/0.11.0/libthrift-0.11.0.jar:/home/user/.m2/repository/com/squareup/okhttp3/okhttp/3.9.0/okhttp-3.9.0.jar:/home/user/.m2/repository/com/squareup/okio/okio/1.13.0/okio-1.13.0.jar:/home/user/.m2/repository/io/jaegertracing/jaeger-core/0.33.1/jaeger-core-0.33.1.jar:/home/user/.m2/repository/io/jaegertracing/jaeger-tracerresolver/0.33.1/jaeger-tracerresolver-0.33.1.jar:/home/user/.m2/repository/io/opentracing/contrib/opentracing-tracerresolver/0.1.5/opentracing-tracerresolver-0.1.5.jar:/home/user/.m2/repository/io/opentracing/opentracing-util/0.31.0/opentracing-util-0.31.0.jar:/home/user/.m2/repository/io/opentracing/opentracing-api/0.31.0/opentracing-api-0.31.0.jar:/home/user/.m2/repository/io/opentracing/opentracing-noop/0.31.0/opentracing-noop-0.31.0.jar:/home/user/.m2/repository/org/apache/hadoop/hadoop-hdds-server-framework/0.5.0-SNAPSHOT/hadoop-hdds-server-framework-0.5.0-SNAPSHOT.jar:/home/user/.m2/repository/org/apache/hadoop/hadoop-hdds-container-service/0.5.0-SNAPSHOT/hadoop-hdds-container-service-0.5.0-SNAPSHOT.jar:/home/user/.m2/repository/org/apache/hadoop/hadoop-hdds-client/0.5.0-SNAPSHOT/hadoop-hdds-client-0.5.0-SNAPSHOT.jar:/home/user/.m2/repository/org/apache/hadoop/hadoop-hdds-tools/0.5.0-SNAPSHOT/hadoop-hdds-tools-0.5.0-SNAPSHOT.jar:/home/user/.m2/repository/org/apache/hadoop/hadoop-hdds-server-scm/0.5.0-SNAPSHOT/hadoop-hdds-server-scm-0.5.0-SNAPSHOT.jar:/home/user/.m2/repository/org/apache/hadoop/hadoop-hdds-docs/0.5.0-SNAPSHOT/hadoop-hdds-docs-0.5.0-SNAPSHOT.jar:/home/user/.m2/repository/io/dropwizard/metrics/metrics-core/3.2.4/metrics-core-3.2.4.jar:/home/user/.m2/repository/org/hamcrest/hamcrest-all/1.3/hamcrest-all-1.3.jar:/home/user/.m2/repository/org/bouncycastle/bcprov-jdk15on/1.60/bcprov-jdk15on-1.60.jar:/home/user/.m2/repository/info/picocli/picocli/3.9.6/picocli-3.9.6.jar:/home/user/.m2/repository/com/google/protobuf/protobuf-java/2.5.0/protobuf-java-2.5.0.jar:/home/user/.m2/repository/com/google/guava/guava/11.0.2/guava-11.0.2.jar:/home/user/.m2/repository/org/apache/hadoop/hadoop-ozone-ozone-manager/0.5.0-SNAPSHOT/hadoop-ozone-ozone-manager-0.5.0-SNAPSHOT.jar:/home/user/.m2/repository/org/apache/hadoop/hadoop-minikdc/3.2.0/hadoop-minikdc-3.2.0.jar:/home/user/.m2/repository/commons-io/commons-io/2.5/commons-io-2.5.jar:/home/user/.m2/repository/org/apache/kerby/kerb-simplekdc/1.0.1/kerb-simplekdc-1.0.1.jar:/home/user/.m2/repository/org/apache/kerby/kerb-client/1.0.1/kerb-client-1.0.1.jar:/home/user/.m2/repository/org/apache/kerby/kerby-config/1.0.1/kerby-config-1.0.1.jar:/home/user/.m2/repository/org/apache/kerby/kerb-core/1.0.1/kerb-core-1.0.1.jar:/home/user/.m2/repository/org/apache/kerby/kerby-pkix/1.0.1/kerby-pkix-1.0.1.jar:/home/user/.m2/repository/org/apache/kerby/kerby-asn1/1.0.1/kerby-asn1-1.0.1.jar:/home/user/.m2/repository/org/apache/kerby/kerby-util/1.0.1/kerby-util-1.0.1.jar:/home/user/.m2/repository/org/apache/kerby/kerb-common/1.0.1/kerb-common-1.0.1.jar:/home/user/.m2/repository/org/apache/kerby/kerb-crypto/1.0.1/kerb-crypto-1.0.1.jar:/home/user/.m2/repository/org/apache/kerby/kerb-util/1.0.1/kerb-util-1.0.1.jar:/home/user/.m2/repository/org/apache/kerby/token-provider/1.0.1/token-provider-1.0.1.jar:/home/user/.m2/repository/org/apache/kerby/kerb-admin/1.0.1/kerb-admin-1.0.1.jar:/home/user/.m2/repository/org/apache/kerby/kerb-server/1.0.1/kerb-server-1.0.1.jar:/home/user/.m2/repository/org/apache/kerby/kerb-identity/1.0.1/kerb-identity-1.0.1.jar:/home/user/.m2/repository/org/apache/kerby/kerby-xdr/1.0.1/kerby-xdr-1.0.1.jar:/home/user/.m2/repository/org/slf4j/slf4j-log4j12/1.7.25/slf4j-log4j12-1.7.25.jar:/home/user/.m2/repository/org/apache/hadoop/hadoop-ozone-s3gateway/0.5.0-SNAPSHOT/hadoop-ozone-s3gateway-0.5.0-SNAPSHOT.jar:/home/user/.m2/repository/org/jboss/weld/servlet/weld-servlet/2.4.7.Final/weld-servlet-2.4.7.Final.jar:/home/user/.m2/repository/org/glassfish/jersey/containers/jersey-container-servlet-core/2.27/jersey-container-servlet-core-2.27.jar:/home/user/.m2/repository/org/glassfish/hk2/external/javax.inject/2.5.0-b42/javax.inject-2.5.0-b42.jar:/home/user/.m2/repository/org/glassfish/jersey/core/jersey-common/2.27/jersey-common-2.27.jar:/home/user/.m2/repository/org/glassfish/hk2/osgi-resource-locator/1.0.1/osgi-resource-locator-1.0.1.jar:/home/user/.m2/repository/javax/ws/rs/javax.ws.rs-api/2.1/javax.ws.rs-api-2.1.jar:/home/user/.m2/repository/org/glassfish/jersey/ext/cdi/jersey-cdi1x/2.27/jersey-cdi1x-2.27.jar:/home/user/.m2/repository/org/glassfish/jersey/inject/jersey-hk2/2.27/jersey-hk2-2.27.jar:/home/user/.m2/repository/org/glassfish/hk2/hk2-locator/2.5.0-b42/hk2-locator-2.5.0-b42.jar:/home/user/.m2/repository/org/javassist/javassist/3.22.0-CR2/javassist-3.22.0-CR2.jar:/home/user/.m2/repository/org/glassfish/hk2/hk2-api/2.5.0/hk2-api-2.5.0.jar:/home/user/.m2/repository/org/glassfish/hk2/external/jakarta.inject/2.5.0/jakarta.inject-2.5.0.jar:/home/user/.m2/repository/org/glassfish/hk2/hk2-utils/2.5.0/hk2-utils-2.5.0.jar:/home/user/.m2/repository/jakarta/annotation/jakarta.annotation-api/1.3.4/jakarta.annotation-api-1.3.4.jar:/home/user/.m2/repository/org/glassfish/hk2/external/aopalliance-repackaged/2.5.0/aopalliance-repackaged-2.5.0.jar:/home/user/.m2/repository/com/fasterxml/jackson/dataformat/jackson-dataformat-xml/2.9.0/jackson-dataformat-xml-2.9.0.jar:/home/user/.m2/repository/com/fasterxml/jackson/core/jackson-core/2.9.9/jackson-core-2.9.9.jar:/home/user/.m2/repository/com/fasterxml/jackson/module/jackson-module-jaxb-annotations/2.9.9/jackson-module-jaxb-annotations-2.9.9.jar:/home/user/.m2/repository/javax/enterprise/cdi-api/1.2/cdi-api-1.2.jar:/home/user/.m2/repository/javax/el/javax.el-api/3.0.0/javax.el-api-3.0.0.jar:/home/user/.m2/repository/javax/interceptor/javax.interceptor-api/1.2/javax.interceptor-api-1.2.jar:/home/user/.m2/repository/javax/inject/javax.inject/1/javax.inject-1.jar:/home/user/.m2/repository/com/sun/xml/bind/jaxb-impl/2.3.0.1/jaxb-impl-2.3.0.1.jar:/home/user/.m2/repository/com/sun/xml/bind/jaxb-core/2.3.0.1/jaxb-core-2.3.0.1.jar:/home/user/.m2/repository/javax/xml/bind/jaxb-api/2.3.0/jaxb-api-2.3.0.jar:/home/user/.m2/repository/javax/activation/activation/1.1.1/activation-1.1.1.jar:/home/user/.m2/repository/org/apache/hadoop/hadoop-ozone-csi/0.5.0-SNAPSHOT/hadoop-ozone-csi-0.5.0-SNAPSHOT.jar:/home/user/.m2/repository/com/google/protobuf/protobuf-java-util/3.5.1/protobuf-java-util-3.5.1.jar:/home/user/.m2/repository/org/apache/hadoop/hadoop-hdds-config/0.5.0-SNAPSHOT/hadoop-hdds-config-0.5.0-SNAPSHOT.jar:/home/user/.m2/repository/io/grpc/grpc-netty/1.17.1/grpc-netty-1.17.1.jar:/home/user/.m2/repository/io/grpc/grpc-core/1.17.1/grpc-core-1.17.1.jar:/home/user/.m2/repository/io/grpc/grpc-context/1.17.1/grpc-context-1.17.1.jar:/home/user/.m2/repository/com/google/errorprone/error_prone_annotations/2.2.0/error_prone_annotations-2.2.0.jar:/home/user/.m2/repository/org/codehaus/mojo/animal-sniffer-annotations/1.17/animal-sniffer-annotations-1.17.jar:/home/user/.m2/repository/io/opencensus/opencensus-api/0.17.0/opencensus-api-0.17.0.jar:/home/user/.m2/repository/io/opencensus/opencensus-contrib-grpc-metrics/0.17.0/opencensus-contrib-grpc-metrics-0.17.0.jar:/home/user/.m2/repository/io/netty/netty-codec-http2/4.1.30.Final/netty-codec-http2-4.1.30.Final.jar:/home/user/.m2/repository/io/netty/netty-codec-http/4.1.30.Final/netty-codec-http-4.1.30.Final.jar:/home/user/.m2/repository/io/netty/netty-codec/4.1.30.Final/netty-codec-4.1.30.Final.jar:/home/user/.m2/repository/io/netty/netty-handler/4.1.30.Final/netty-handler-4.1.30.Final.jar:/home/user/.m2/repository/io/netty/netty-handler-proxy/4.1.30.Final/netty-handler-proxy-4.1.30.Final.jar:/home/user/.m2/repository/io/netty/netty-codec-socks/4.1.30.Final/netty-codec-socks-4.1.30.Final.jar:/home/user/.m2/repository/io/netty/netty-transport-native-epoll/4.1.30.Final/netty-transport-native-epoll-4.1.30.Final.jar:/home/user/.m2/repository/io/netty/netty-common/4.1.30.Final/netty-common-4.1.30.Final.jar:/home/user/.m2/repository/io/netty/netty-buffer/4.1.30.Final/netty-buffer-4.1.30.Final.jar:/home/user/.m2/repository/io/netty/netty-transport/4.1.30.Final/netty-transport-4.1.30.Final.jar:/home/user/.m2/repository/io/netty/netty-resolver/4.1.30.Final/netty-resolver-4.1.30.Final.jar:/home/user/.m2/repository/io/netty/netty-transport-native-unix-common/4.1.30.Final/netty-transport-native-unix-common-4.1.30.Final.jar:/home/user/.m2/repository/io/grpc/grpc-protobuf/1.17.1/grpc-protobuf-1.17.1.jar:/home/user/.m2/repository/com/google/api/grpc/proto-google-common-protos/1.0.0/proto-google-common-protos-1.0.0.jar:/home/user/.m2/repository/io/grpc/grpc-protobuf-lite/1.17.1/grpc-protobuf-lite-1.17.1.jar:/home/user/.m2/repository/io/grpc/grpc-stub/1.17.1/grpc-stub-1.17.1.jar:/home/user/.m2/repository/org/apache/hadoop/hadoop-ozone-recon/0.5.0-SNAPSHOT/hadoop-ozone-recon-0.5.0-SNAPSHOT.jar:/home/user/.m2/repository/org/apache/hadoop/hadoop-ozone-reconcodegen/0.5.0-SNAPSHOT/hadoop-ozone-reconcodegen-0.5.0-SNAPSHOT.jar:/home/user/.m2/repository/com/google/inject/extensions/guice-multibindings/4.0/guice-multibindings-4.0.jar:/home/user/.m2/repository/com/google/inject/guice/4.0/guice-4.0.jar:/home/user/.m2/repository/aopalliance/aopalliance/1.0/aopalliance-1.0.jar:/home/user/.m2/repository/com/google/inject/extensions/guice-servlet/4.0/guice-servlet-4.0.jar:/home/user/.m2/repository/org/glassfish/jersey/containers/jersey-container-servlet/2.27/jersey-container-servlet-2.27.jar:/home/user/.m2/repository/org/glassfish/hk2/guice-bridge/2.5.0/guice-bridge-2.5.0.jar:/home/user/.m2/repository/org/glassfish/jersey/core/jersey-server/2.27/jersey-server-2.27.jar:/home/user/.m2/repository/org/glassfish/jersey/core/jersey-client/2.27/jersey-client-2.27.jar:/home/user/.m2/repository/org/glassfish/jersey/media/jersey-media-jaxb/2.27/jersey-media-jaxb-2.27.jar:/home/user/.m2/repository/javax/validation/validation-api/1.1.0.Final/validation-api-1.1.0.Final.jar:/home/user/.m2/repository/org/glassfish/jersey/media/jersey-media-json-jackson/2.27/jersey-media-json-jackson-2.27.jar:/home/user/.m2/repository/org/glassfish/jersey/ext/jersey-entity-filtering/2.27/jersey-entity-filtering-2.27.jar:/home/user/.m2/repository/com/google/inject/extensions/guice-assistedinject/4.0/guice-assistedinject-4.0.jar:/home/user/.m2/repository/org/jooq/jooq/3.11.10/jooq-3.11.10.jar:/home/user/.m2/repository/org/jooq/jooq-meta/3.11.10/jooq-meta-3.11.10.jar:/home/user/.m2/repository/org/jooq/jooq-codegen/3.11.10/jooq-codegen-3.11.10.jar:/home/user/.m2/repository/com/jolbox/bonecp/0.8.0.RELEASE/bonecp-0.8.0.RELEASE.jar:/home/user/.m2/repository/org/xerial/sqlite-jdbc/3.25.2/sqlite-jdbc-3.25.2.jar:/home/user/.m2/repository/org/springframework/spring-jdbc/5.1.3.RELEASE/spring-jdbc-5.1.3.RELEASE.jar:/home/user/.m2/repository/org/springframework/spring-beans/5.1.3.RELEASE/spring-beans-5.1.3.RELEASE.jar:/home/user/.m2/repository/org/springframework/spring-core/5.1.3.RELEASE/spring-core-5.1.3.RELEASE.jar:/home/user/.m2/repository/org/springframework/spring-jcl/5.1.3.RELEASE/spring-jcl-5.1.3.RELEASE.jar:/home/user/.m2/repository/org/springframework/spring-tx/5.1.3.RELEASE/spring-tx-5.1.3.RELEASE.jar:/home/user/.m2/repository/org/apache/hadoop/hadoop-ozone-client/0.5.0-SNAPSHOT/hadoop-ozone-client-0.5.0-SNAPSHOT.jar:/home/user/.m2/repository/commons-lang/commons-lang/2.6/commons-lang-2.6.jar:/home/user/.m2/repository/org/apache/hadoop/hadoop-ozone-ozone-manager/0.5.0-SNAPSHOT/hadoop-ozone-ozone-manager-0.5.0-SNAPSHOT-tests.jar:/home/user/.m2/repository/junit/junit/4.11/junit-4.11.jar:/home/user/.m2/repository/org/hamcrest/hamcrest-core/1.3/hamcrest-core-1.3.jar:/home/user/.m2/repository/org/openjdk/jmh/jmh-core/1.19/jmh-core-1.19.jar:/home/user/.m2/repository/net/sf/jopt-simple/jopt-simple/4.6/jopt-simple-4.6.jar:/home/user/.m2/repository/org/apache/commons/commons-math3/3.1.1/commons-math3-3.1.1.jar:/home/user/.m2/repository/org/openjdk/jmh/jmh-generator-annprocess/1.19/jmh-generator-annprocess-1.19.jar:/home/user/.m2/repository/org/mockito/mockito-all/1.8.5/mockito-all-1.8.5.jar:/home/user/.m2/repository/org/apache/hadoop/hadoop-kms/3.2.0/hadoop-kms-3.2.0.jar:/home/user/.m2/repository/org/apache/hadoop/hadoop-auth/3.2.0/hadoop-auth-3.2.0.jar:/home/user/.m2/repository/com/nimbusds/nimbus-jose-jwt/4.41.1/nimbus-jose-jwt-4.41.1.jar:/home/user/.m2/repository/com/github/stephenc/jcip/jcip-annotations/1.0-1/jcip-annotations-1.0-1.jar:/home/user/.m2/repository/net/minidev/json-smart/2.3/json-smart-2.3.jar:/home/user/.m2/repository/net/minidev/accessors-smart/1.2/accessors-smart-1.2.jar:/home/user/.m2/repository/org/ow2/asm/asm/5.0.4/asm-5.0.4.jar:/home/user/.m2/repository/org/apache/curator/curator-framework/2.12.0/curator-framework-2.12.0.jar:/home/user/.m2/repository/com/sun/jersey/jersey-core/1.19/jersey-core-1.19.jar:/home/user/.m2/repository/javax/ws/rs/jsr311-api/1.1.1/jsr311-api-1.1.1.jar:/home/user/.m2/repository/com/sun/jersey/jersey-server/1.19/jersey-server-1.19.jar:/home/user/.m2/repository/javax/servlet/javax.servlet-api/3.1.0/javax.servlet-api-3.1.0.jar:/home/user/.m2/repository/org/eclipse/jetty/jetty-server/9.3.24.v20180605/jetty-server-9.3.24.v20180605.jar:/home/user/.m2/repository/org/eclipse/jetty/jetty-http/9.3.24.v20180605/jetty-http-9.3.24.v20180605.jar:/home/user/.m2/repository/org/eclipse/jetty/jetty-io/9.3.24.v20180605/jetty-io-9.3.24.v20180605.jar:/home/user/.m2/repository/org/eclipse/jetty/jetty-webapp/9.3.24.v20180605/jetty-webapp-9.3.24.v20180605.jar:/home/user/.m2/repository/org/eclipse/jetty/jetty-xml/9.3.24.v20180605/jetty-xml-9.3.24.v20180605.jar:/home/user/.m2/repository/log4j/log4j/1.2.17/log4j-1.2.17.jar:/home/user/.m2/repository/org/slf4j/slf4j-api/1.7.25/slf4j-api-1.7.25.jar:/home/user/.m2/repository/org/slf4j/jul-to-slf4j/1.7.25/jul-to-slf4j-1.7.25.jar:/home/user/.m2/repository/org/eclipse/jetty/jetty-util/9.3.24.v20180605/jetty-util-9.3.24.v20180605.jar:/home/user/.m2/repository/com/fasterxml/jackson/core/jackson-databind/2.9.9/jackson-databind-2.9.9.jar:/home/user/.m2/repository/org/apache/hadoop/hadoop-kms/3.2.0/hadoop-kms-3.2.0-tests.jar:/home/user/.m2/repository/org/apache/hadoop/hadoop-hdds-server-scm/0.5.0-SNAPSHOT/hadoop-hdds-server-scm-0.5.0-SNAPSHOT-tests.jar:/home/user/.m2/repository/org/apache/hadoop/hadoop-hdds-container-service/0.5.0-SNAPSHOT/hadoop-hdds-container-service-0.5.0-SNAPSHOT-tests.jar:/home/user/.m2/repository/org/yaml/snakeyaml/1.16/snakeyaml-1.16.jar:/home/user/.m2/repository/org/apache/hadoop/hadoop-common/3.2.0/hadoop-common-3.2.0-tests.jar:/home/user/.m2/repository/org/apache/hadoop/hadoop-annotations/3.2.0/hadoop-annotations-3.2.0.jar:/usr/lib/jvm/java-1.8-openjdk/jre/../lib/tools.jar:/home/user/.m2/repository/commons-cli/commons-cli/1.2/commons-cli-1.2.jar:/home/user/.m2/repository/org/apache/httpcomponents/httpclient/4.5.2/httpclient-4.5.2.jar:/home/user/.m2/repository/org/apache/httpcomponents/httpcore/4.4.4/httpcore-4.4.4.jar:/home/user/.m2/repository/commons-codec/commons-codec/1.11/commons-codec-1.11.jar:/home/user/.m2/repository/commons-net/commons-net/3.6/commons-net-3.6.jar:/home/user/.m2/repository/commons-collections/commons-collections/3.2.2/commons-collections-3.2.2.jar:/home/user/.m2/repository/org/eclipse/jetty/jetty-servlet/9.3.24.v20180605/jetty-servlet-9.3.24.v20180605.jar:/home/user/.m2/repository/org/eclipse/jetty/jetty-security/9.3.24.v20180605/jetty-security-9.3.24.v20180605.jar:/home/user/.m2/repository/javax/servlet/jsp/jsp-api/2.1/jsp-api-2.1.jar:/home/user/.m2/repository/com/sun/jersey/jersey-servlet/1.19/jersey-servlet-1.19.jar:/home/user/.m2/repository/com/sun/jersey/jersey-json/1.19/jersey-json-1.19.jar:/home/user/.m2/repository/org/codehaus/jettison/jettison/1.1/jettison-1.1.jar:/home/user/.m2/repository/org/codehaus/jackson/jackson-core-asl/1.9.13/jackson-core-asl-1.9.13.jar:/home/user/.m2/repository/org/codehaus/jackson/jackson-mapper-asl/1.9.13/jackson-mapper-asl-1.9.13.jar:/home/user/.m2/repository/org/codehaus/jackson/jackson-jaxrs/1.9.13/jackson-jaxrs-1.9.13.jar:/home/user/.m2/repository/org/codehaus/jackson/jackson-xc/1.9.13/jackson-xc-1.9.13.jar:/home/user/.m2/repository/commons-logging/commons-logging/1.1.3/commons-logging-1.1.3.jar:/home/user/.m2/repository/commons-beanutils/commons-beanutils/1.9.4/commons-beanutils-1.9.4.jar:/home/user/.m2/repository/org/apache/commons/commons-configuration2/2.1.1/commons-configuration2-2.1.1.jar:/home/user/.m2/repository/org/apache/commons/commons-lang3/3.7/commons-lang3-3.7.jar:/home/user/.m2/repository/org/apache/commons/commons-text/1.4/commons-text-1.4.jar:/home/user/.m2/repository/org/apache/avro/avro/1.7.7/avro-1.7.7.jar:/home/user/.m2/repository/com/thoughtworks/paranamer/paranamer/2.3/paranamer-2.3.jar:/home/user/.m2/repository/org/xerial/snappy/snappy-java/1.0.5/snappy-java-1.0.5.jar:/home/user/.m2/repository/com/google/re2j/re2j/1.1/re2j-1.1.jar:/home/user/.m2/repository/com/google/code/gson/gson/2.2.4/gson-2.2.4.jar:/home/user/.m2/repository/com/jcraft/jsch/0.1.54/jsch-0.1.54.jar:/home/user/.m2/repository/org/apache/curator/curator-client/2.12.0/curator-client-2.12.0.jar:/home/user/.m2/repository/org/apache/curator/curator-recipes/2.12.0/curator-recipes-2.12.0.jar:/home/user/.m2/repository/com/google/code/findbugs/jsr305/3.0.0/jsr305-3.0.0.jar:/home/user/.m2/repository/org/apache/htrace/htrace-core4/4.1.0-incubating/htrace-core4-4.1.0-incubating.jar:/home/user/.m2/repository/org/apache/zookeeper/zookeeper/3.4.13/zookeeper-3.4.13.jar:/home/user/.m2/repository/org/apache/yetus/audience-annotations/0.5.0/audience-annotations-0.5.0.jar:/home/user/.m2/repository/org/codehaus/woodstox/stax2-api/3.1.4/stax2-api-3.1.4.jar:/home/user/.m2/repository/com/fasterxml/woodstox/woodstox-core/5.0.3/woodstox-core-5.0.3.jar:/home/user/.m2/repository/dnsjava/dnsjava/2.1.7/dnsjava-2.1.7.jar:/home/user/.m2/repository/org/apache/hadoop/hadoop-hdfs/3.2.0/hadoop-hdfs-3.2.0-tests.jar:/home/user/.m2/repository/org/eclipse/jetty/jetty-util-ajax/9.3.24.v20180605/jetty-util-ajax-9.3.24.v20180605.jar:/home/user/.m2/repository/commons-daemon/commons-daemon/1.0.13/commons-daemon-1.0.13.jar:/home/user/.m2/repository/io/netty/netty/3.10.5.Final/netty-3.10.5.Final.jar:/home/user/.m2/repository/io/netty/netty-all/4.0.52.Final/netty-all-4.0.52.Final.jar:/home/user/.m2/repository/org/fusesource/leveldbjni/leveldbjni-all/1.8/leveldbjni-all-1.8.jar:"/>
    <property name="sun.cpu.endian" value="little"/>
    <property name="user.home" value="/home/user"/>
    <property name="user.language" value="en"/>
    <property name="java.specification.vendor" value="Oracle Corporation"/>
    <property name="java.home" value="/usr/lib/jvm/java-1.8-openjdk/jre"/>
    <property name="java.security.krb5.conf" value="/workdir/hadoop-ozone/integration-test/target/test-classes/krb5.conf"/>
    <property name="basedir" value="/workdir/hadoop-ozone/integration-test"/>
    <property name="file.separator" value="/"/>
    <property name="line.separator" value="&#10;"/>
    <property name="java.vm.specification.vendor" value="Oracle Corporation"/>
    <property name="java.specification.name" value="Java Platform API Specification"/>
    <property name="java.awt.graphicsenv" value="sun.awt.X11GraphicsEnvironment"/>
    <property name="surefire.real.class.path" value="/workdir/hadoop-ozone/integration-test/target/surefire/surefirebooter1446581111406721935.jar"/>
    <property name="hadoop.log.dir" value="/workdir/hadoop-ozone/integration-test/target/log"/>
    <property name="sun.boot.class.path" value="/usr/lib/jvm/java-1.8-openjdk/jre/lib/resources.jar:/usr/lib/jvm/java-1.8-openjdk/jre/lib/rt.jar:/usr/lib/jvm/java-1.8-openjdk/jre/lib/sunrsasign.jar:/usr/lib/jvm/java-1.8-openjdk/jre/lib/jsse.jar:/usr/lib/jvm/java-1.8-openjdk/jre/lib/jce.jar:/usr/lib/jvm/java-1.8-openjdk/jre/lib/charsets.jar:/usr/lib/jvm/java-1.8-openjdk/jre/lib/jfr.jar:/usr/lib/jvm/java-1.8-openjdk/jre/classes"/>
    <property name="sun.management.compiler" value="HotSpot 64-Bit Tiered Compilers"/>
    <property name="java.runtime.version" value="1.8.0_212-b04"/>
    <property name="java.net.preferIPv4Stack" value="true"/>
    <property name="user.name" value="jenkins1000"/>
    <property name="path.separator" value=":"/>
    <property name="java.security.egd" value="file:///dev/urandom"/>
    <property name="os.version" value="3.10.0-957.12.2.el7.x86_64"/>
    <property name="java.endorsed.dirs" value="/usr/lib/jvm/java-1.8-openjdk/jre/lib/endorsed"/>
    <property name="java.runtime.name" value="OpenJDK Runtime Environment"/>
    <property name="file.encoding" value="UTF-8"/>
    <property name="java.vm.name" value="OpenJDK 64-Bit Server VM"/>
    <property name="test.build.webapps" value=""/>
    <property name="localRepository" value="/home/user/.m2/repository"/>
    <property name="java.vendor.url.bug" value="https://icedtea.classpath.org/bugzilla"/>
    <property name="java.io.tmpdir" value="/tmp"/>
    <property name="require.test.libhadoop" value=""/>
    <property name="java.version" value="1.8.0_212"/>
    <property name="user.dir" value="/workdir/hadoop-ozone/integration-test"/>
    <property name="os.arch" value="amd64"/>
    <property name="java.vm.specification.name" value="Java Virtual Machine Specification"/>
    <property name="test.build.classes" value="/workdir/hadoop-ozone/integration-test/target/test-classes"/>
    <property name="java.awt.printerjob" value="sun.print.PSPrinterJob"/>
    <property name="sun.os.patch.level" value="unknown"/>
    <property name="hadoop.tmp.dir" value="/workdir/hadoop-ozone/integration-test/target/tmp"/>
    <property name="java.library.path" value="/usr/lib/jvm/java-1.8-openjdk/jre/lib/amd64/server:/usr/lib/jvm/java-1.8-openjdk/jre/lib/amd64:/usr/lib/jvm/java-1.8-openjdk/jre/../lib/amd64:/workdir/hadoop-ozone/integration-test/target/native/target/usr/local/lib:/workdir/hadoop-ozone/integration-test/../../hadoop-common-project/hadoop-common/target/native/target/usr/local/lib:/usr/java/packages/lib/amd64:/usr/lib64:/lib64:/lib:/usr/lib"/>
    <property name="java.vm.info" value="mixed mode"/>
    <property name="java.vendor" value="IcedTea"/>
    <property name="java.vm.version" value="25.212-b04"/>
    <property name="java.ext.dirs" value="/usr/lib/jvm/java-1.8-openjdk/jre/lib/ext:/usr/java/packages/lib/ext"/>
    <property name="sun.io.unicode.encoding" value="UnicodeLittle"/>
    <property name="java.class.version" value="52.0"/>
  </properties>
  <testcase name="testReleaseBuffers" classname="org.apache.hadoop.ozone.client.rpc.TestCommitWatcher" time="7.004"/>
  <testcase name="testReleaseBuffersOnException" classname="org.apache.hadoop.ozone.client.rpc.TestCommitWatcher" time="25.35">
    <failure type="java.lang.AssertionError">java.lang.AssertionError
	at org.junit.Assert.fail(Assert.java:86)
	at org.junit.Assert.assertTrue(Assert.java:41)
	at org.junit.Assert.assertTrue(Assert.java:52)
	at org.apache.hadoop.ozone.client.rpc.TestCommitWatcher.testReleaseBuffersOnException(TestCommitWatcher.java:284)
	at sun.reflect.NativeMethodAccessorImpl.invoke0(Native Method)
	at sun.reflect.NativeMethodAccessorImpl.invoke(NativeMethodAccessorImpl.java:62)
	at sun.reflect.DelegatingMethodAccessorImpl.invoke(DelegatingMethodAccessorImpl.java:43)
	at java.lang.reflect.Method.invoke(Method.java:498)
	at org.junit.runners.model.FrameworkMethod$1.runReflectiveCall(FrameworkMethod.java:47)
	at org.junit.internal.runners.model.ReflectiveCallable.run(ReflectiveCallable.java:12)
	at org.junit.runners.model.FrameworkMethod.invokeExplosively(FrameworkMethod.java:44)
	at org.junit.internal.runners.statements.InvokeMethod.evaluate(InvokeMethod.java:17)
	at org.junit.runners.ParentRunner.runLeaf(ParentRunner.java:271)
	at org.junit.runners.BlockJUnit4ClassRunner.runChild(BlockJUnit4ClassRunner.java:70)
	at org.junit.runners.BlockJUnit4ClassRunner.runChild(BlockJUnit4ClassRunner.java:50)
	at org.junit.runners.ParentRunner$3.run(ParentRunner.java:238)
	at org.junit.runners.ParentRunner$1.schedule(ParentRunner.java:63)
	at org.junit.runners.ParentRunner.runChildren(ParentRunner.java:236)
	at org.junit.runners.ParentRunner.access$000(ParentRunner.java:53)
	at org.junit.runners.ParentRunner$2.evaluate(ParentRunner.java:229)
	at org.junit.internal.runners.statements.RunBefores.evaluate(RunBefores.java:26)
	at org.junit.internal.runners.statements.RunAfters.evaluate(RunAfters.java:27)
	at org.junit.runners.ParentRunner.run(ParentRunner.java:309)
	at org.apache.maven.surefire.junit4.JUnit4Provider.execute(JUnit4Provider.java:365)
	at org.apache.maven.surefire.junit4.JUnit4Provider.executeWithRerun(JUnit4Provider.java:273)
	at org.apache.maven.surefire.junit4.JUnit4Provider.executeTestSet(JUnit4Provider.java:238)
	at org.apache.maven.surefire.junit4.JUnit4Provider.invoke(JUnit4Provider.java:159)
	at org.apache.maven.surefire.booter.ForkedBooter.invokeProviderInSameClassLoader(ForkedBooter.java:384)
	at org.apache.maven.surefire.booter.ForkedBooter.runSuitesInProcess(ForkedBooter.java:345)
	at org.apache.maven.surefire.booter.ForkedBooter.execute(ForkedBooter.java:126)
	at org.apache.maven.surefire.booter.ForkedBooter.main(ForkedBooter.java:418)
</failure>
    <system-out><![CDATA[2019-09-21 06:16:27,056 [Thread-323] INFO  impl.FollowerState (FollowerState.java:run(106)) - d758153d-14bf-4782-bed3-28d60c83df08:group-8BCC100E2D5F changes to CANDIDATE, lastRpcTime:5027, electionTimeout:5027ms
2019-09-21 06:16:27,056 [Thread-323] INFO  impl.RoleInfo (RoleInfo.java:shutdownFollowerState(121)) - d758153d-14bf-4782-bed3-28d60c83df08: shutdown FollowerState
2019-09-21 06:16:27,056 [Thread-323] INFO  impl.RaftServerImpl (RaftServerImpl.java:setRole(174)) - d758153d-14bf-4782-bed3-28d60c83df08@group-8BCC100E2D5F: changes role from  FOLLOWER to CANDIDATE at term 2 for changeToCandidate
2019-09-21 06:16:27,057 [Thread-323] INFO  impl.RoleInfo (RoleInfo.java:updateAndGet(143)) - d758153d-14bf-4782-bed3-28d60c83df08: start LeaderElection
2019-09-21 06:16:27,075 [d758153d-14bf-4782-bed3-28d60c83df08@group-8BCC100E2D5F:LeaderElection11] INFO  impl.LeaderElection (LeaderElection.java:askForVotes(182)) - d758153d-14bf-4782-bed3-28d60c83df08@group-8BCC100E2D5F:LeaderElection11: begin an election at term 3 for -1: [d758153d-14bf-4782-bed3-28d60c83df08:192.168.34.39:40618, b606a681-806b-4d8c-9fbf-cf0f22464020:192.168.34.39:35494, 930da09c-3f8f-41e5-af50-ffe832c891ff:192.168.34.39:45193], old=null
2019-09-21 06:16:27,088 [grpc-default-executor-1] INFO  impl.RaftServerImpl (RaftServerImpl.java:setRole(174)) - 930da09c-3f8f-41e5-af50-ffe832c891ff@group-8BCC100E2D5F: changes role from  FOLLOWER to FOLLOWER at term 3 for recognizeCandidate:d758153d-14bf-4782-bed3-28d60c83df08
2019-09-21 06:16:27,088 [grpc-default-executor-1] INFO  impl.RoleInfo (RoleInfo.java:shutdownFollowerState(121)) - 930da09c-3f8f-41e5-af50-ffe832c891ff: shutdown FollowerState
2019-09-21 06:16:27,089 [grpc-default-executor-1] INFO  impl.RoleInfo (RoleInfo.java:updateAndGet(143)) - 930da09c-3f8f-41e5-af50-ffe832c891ff: start FollowerState
2019-09-21 06:16:27,089 [Thread-336] INFO  impl.FollowerState (FollowerState.java:run(115)) - 930da09c-3f8f-41e5-af50-ffe832c891ff: FollowerState was interrupted: java.lang.InterruptedException: sleep interrupted
2019-09-21 06:16:27,106 [grpc-default-executor-0] INFO  impl.RaftServerImpl (RaftServerImpl.java:setRole(174)) - b606a681-806b-4d8c-9fbf-cf0f22464020@group-8BCC100E2D5F: changes role from  FOLLOWER to FOLLOWER at term 3 for recognizeCandidate:d758153d-14bf-4782-bed3-28d60c83df08
2019-09-21 06:16:27,106 [grpc-default-executor-0] INFO  impl.RoleInfo (RoleInfo.java:shutdownFollowerState(121)) - b606a681-806b-4d8c-9fbf-cf0f22464020: shutdown FollowerState
2019-09-21 06:16:27,107 [grpc-default-executor-0] INFO  impl.RoleInfo (RoleInfo.java:updateAndGet(143)) - b606a681-806b-4d8c-9fbf-cf0f22464020: start FollowerState
2019-09-21 06:16:27,107 [Thread-338] INFO  impl.FollowerState (FollowerState.java:run(115)) - b606a681-806b-4d8c-9fbf-cf0f22464020: FollowerState was interrupted: java.lang.InterruptedException: sleep interrupted
2019-09-21 06:16:27,125 [d758153d-14bf-4782-bed3-28d60c83df08@group-8BCC100E2D5F:LeaderElection11] INFO  impl.LeaderElection (LeaderElection.java:logAndReturn(56)) - d758153d-14bf-4782-bed3-28d60c83df08@group-8BCC100E2D5F:LeaderElection11: Election REJECTED; received 2 response(s) [d758153d-14bf-4782-bed3-28d60c83df08<-b606a681-806b-4d8c-9fbf-cf0f22464020#0:FAIL-t3, d758153d-14bf-4782-bed3-28d60c83df08<-930da09c-3f8f-41e5-af50-ffe832c891ff#0:FAIL-t3] and 0 exception(s); d758153d-14bf-4782-bed3-28d60c83df08@group-8BCC100E2D5F:t3, leader=null, voted=d758153d-14bf-4782-bed3-28d60c83df08, raftlog=d758153d-14bf-4782-bed3-28d60c83df08@group-8BCC100E2D5F-SegmentedRaftLog:OPENED:c-1,f-1,i0, conf=-1: [d758153d-14bf-4782-bed3-28d60c83df08:192.168.34.39:40618, b606a681-806b-4d8c-9fbf-cf0f22464020:192.168.34.39:35494, 930da09c-3f8f-41e5-af50-ffe832c891ff:192.168.34.39:45193], old=null
2019-09-21 06:16:27,129 [d758153d-14bf-4782-bed3-28d60c83df08@group-8BCC100E2D5F:LeaderElection11] INFO  impl.RaftServerImpl (RaftServerImpl.java:setRole(174)) - d758153d-14bf-4782-bed3-28d60c83df08@group-8BCC100E2D5F: changes role from CANDIDATE to FOLLOWER at term 3 for DISCOVERED_A_NEW_TERM
2019-09-21 06:16:27,129 [d758153d-14bf-4782-bed3-28d60c83df08@group-8BCC100E2D5F:LeaderElection11] INFO  impl.RoleInfo (RoleInfo.java:shutdownLeaderElection(134)) - d758153d-14bf-4782-bed3-28d60c83df08: shutdown LeaderElection
2019-09-21 06:16:27,129 [d758153d-14bf-4782-bed3-28d60c83df08@group-8BCC100E2D5F:LeaderElection11] INFO  impl.RoleInfo (RoleInfo.java:updateAndGet(143)) - d758153d-14bf-4782-bed3-28d60c83df08: start FollowerState
2019-09-21 06:16:32,146 [Thread-380] INFO  impl.FollowerState (FollowerState.java:run(106)) - d758153d-14bf-4782-bed3-28d60c83df08:group-8BCC100E2D5F changes to CANDIDATE, lastRpcTime:5016, electionTimeout:5014ms
2019-09-21 06:16:32,149 [Thread-380] INFO  impl.RoleInfo (RoleInfo.java:shutdownFollowerState(121)) - d758153d-14bf-4782-bed3-28d60c83df08: shutdown FollowerState
2019-09-21 06:16:32,149 [Thread-380] INFO  impl.RaftServerImpl (RaftServerImpl.java:setRole(174)) - d758153d-14bf-4782-bed3-28d60c83df08@group-8BCC100E2D5F: changes role from  FOLLOWER to CANDIDATE at term 3 for changeToCandidate
2019-09-21 06:16:32,150 [Thread-380] INFO  impl.RoleInfo (RoleInfo.java:updateAndGet(143)) - d758153d-14bf-4782-bed3-28d60c83df08: start LeaderElection
2019-09-21 06:16:32,167 [Thread-379] INFO  impl.FollowerState (FollowerState.java:run(106)) - b606a681-806b-4d8c-9fbf-cf0f22464020:group-8BCC100E2D5F changes to CANDIDATE, lastRpcTime:5060, electionTimeout:5057ms
2019-09-21 06:16:32,168 [Thread-379] INFO  impl.RoleInfo (RoleInfo.java:shutdownFollowerState(121)) - b606a681-806b-4d8c-9fbf-cf0f22464020: shutdown FollowerState
2019-09-21 06:16:32,168 [Thread-379] INFO  impl.RaftServerImpl (RaftServerImpl.java:setRole(174)) - b606a681-806b-4d8c-9fbf-cf0f22464020@group-8BCC100E2D5F: changes role from  FOLLOWER to CANDIDATE at term 3 for changeToCandidate
2019-09-21 06:16:32,168 [Thread-379] INFO  impl.RoleInfo (RoleInfo.java:updateAndGet(143)) - b606a681-806b-4d8c-9fbf-cf0f22464020: start LeaderElection
2019-09-21 06:16:32,182 [Thread-378] INFO  impl.FollowerState (FollowerState.java:run(106)) - 930da09c-3f8f-41e5-af50-ffe832c891ff:group-8BCC100E2D5F changes to CANDIDATE, lastRpcTime:5092, electionTimeout:5092ms
2019-09-21 06:16:32,182 [Thread-378] INFO  impl.RoleInfo (RoleInfo.java:shutdownFollowerState(121)) - 930da09c-3f8f-41e5-af50-ffe832c891ff: shutdown FollowerState
2019-09-21 06:16:32,182 [Thread-378] INFO  impl.RaftServerImpl (RaftServerImpl.java:setRole(174)) - 930da09c-3f8f-41e5-af50-ffe832c891ff@group-8BCC100E2D5F: changes role from  FOLLOWER to CANDIDATE at term 3 for changeToCandidate
2019-09-21 06:16:32,182 [Thread-378] INFO  impl.RoleInfo (RoleInfo.java:updateAndGet(143)) - 930da09c-3f8f-41e5-af50-ffe832c891ff: start LeaderElection
2019-09-21 06:16:32,211 [b606a681-806b-4d8c-9fbf-cf0f22464020@group-8BCC100E2D5F:LeaderElection13] INFO  impl.LeaderElection (LeaderElection.java:askForVotes(182)) - b606a681-806b-4d8c-9fbf-cf0f22464020@group-8BCC100E2D5F:LeaderElection13: begin an election at term 4 for 0: [d758153d-14bf-4782-bed3-28d60c83df08:192.168.34.39:40618, b606a681-806b-4d8c-9fbf-cf0f22464020:192.168.34.39:35494, 930da09c-3f8f-41e5-af50-ffe832c891ff:192.168.34.39:45193], old=null
2019-09-21 06:16:32,211 [d758153d-14bf-4782-bed3-28d60c83df08@group-8BCC100E2D5F:LeaderElection12] INFO  impl.LeaderElection (LeaderElection.java:askForVotes(182)) - d758153d-14bf-4782-bed3-28d60c83df08@group-8BCC100E2D5F:LeaderElection12: begin an election at term 4 for -1: [d758153d-14bf-4782-bed3-28d60c83df08:192.168.34.39:40618, b606a681-806b-4d8c-9fbf-cf0f22464020:192.168.34.39:35494, 930da09c-3f8f-41e5-af50-ffe832c891ff:192.168.34.39:45193], old=null
2019-09-21 06:16:32,211 [930da09c-3f8f-41e5-af50-ffe832c891ff@group-8BCC100E2D5F:LeaderElection14] INFO  impl.LeaderElection (LeaderElection.java:askForVotes(182)) - 930da09c-3f8f-41e5-af50-ffe832c891ff@group-8BCC100E2D5F:LeaderElection14: begin an election at term 4 for 0: [d758153d-14bf-4782-bed3-28d60c83df08:192.168.34.39:40618, b606a681-806b-4d8c-9fbf-cf0f22464020:192.168.34.39:35494, 930da09c-3f8f-41e5-af50-ffe832c891ff:192.168.34.39:45193], old=null
2019-09-21 06:16:32,232 [d758153d-14bf-4782-bed3-28d60c83df08@group-8BCC100E2D5F:LeaderElection12] INFO  impl.LeaderElection (LeaderElection.java:logAndReturn(56)) - d758153d-14bf-4782-bed3-28d60c83df08@group-8BCC100E2D5F:LeaderElection12: Election REJECTED; received 2 response(s) [d758153d-14bf-4782-bed3-28d60c83df08<-b606a681-806b-4d8c-9fbf-cf0f22464020#0:FAIL-t4, d758153d-14bf-4782-bed3-28d60c83df08<-930da09c-3f8f-41e5-af50-ffe832c891ff#0:FAIL-t4] and 0 exception(s); d758153d-14bf-4782-bed3-28d60c83df08@group-8BCC100E2D5F:t4, leader=null, voted=d758153d-14bf-4782-bed3-28d60c83df08, raftlog=d758153d-14bf-4782-bed3-28d60c83df08@group-8BCC100E2D5F-SegmentedRaftLog:OPENED:c-1,f-1,i0, conf=-1: [d758153d-14bf-4782-bed3-28d60c83df08:192.168.34.39:40618, b606a681-806b-4d8c-9fbf-cf0f22464020:192.168.34.39:35494, 930da09c-3f8f-41e5-af50-ffe832c891ff:192.168.34.39:45193], old=null
2019-09-21 06:16:32,234 [d758153d-14bf-4782-bed3-28d60c83df08@group-8BCC100E2D5F:LeaderElection12] INFO  impl.RaftServerImpl (RaftServerImpl.java:setRole(174)) - d758153d-14bf-4782-bed3-28d60c83df08@group-8BCC100E2D5F: changes role from CANDIDATE to FOLLOWER at term 4 for DISCOVERED_A_NEW_TERM
2019-09-21 06:16:32,236 [d758153d-14bf-4782-bed3-28d60c83df08@group-8BCC100E2D5F:LeaderElection12] INFO  impl.RoleInfo (RoleInfo.java:shutdownLeaderElection(134)) - d758153d-14bf-4782-bed3-28d60c83df08: shutdown LeaderElection
2019-09-21 06:16:32,236 [d758153d-14bf-4782-bed3-28d60c83df08@group-8BCC100E2D5F:LeaderElection12] INFO  impl.RoleInfo (RoleInfo.java:updateAndGet(143)) - d758153d-14bf-4782-bed3-28d60c83df08: start FollowerState
2019-09-21 06:16:32,243 [930da09c-3f8f-41e5-af50-ffe832c891ff@group-8BCC100E2D5F:LeaderElection14] INFO  impl.LeaderElection (LeaderElection.java:logAndReturn(56)) - 930da09c-3f8f-41e5-af50-ffe832c891ff@group-8BCC100E2D5F:LeaderElection14: Election REJECTED; received 2 response(s) [930da09c-3f8f-41e5-af50-ffe832c891ff<-d758153d-14bf-4782-bed3-28d60c83df08#0:FAIL-t4, 930da09c-3f8f-41e5-af50-ffe832c891ff<-b606a681-806b-4d8c-9fbf-cf0f22464020#0:FAIL-t4] and 0 exception(s); 930da09c-3f8f-41e5-af50-ffe832c891ff@group-8BCC100E2D5F:t4, leader=null, voted=930da09c-3f8f-41e5-af50-ffe832c891ff, raftlog=930da09c-3f8f-41e5-af50-ffe832c891ff@group-8BCC100E2D5F-SegmentedRaftLog:OPENED:c-1,f0,i0, conf=0: [d758153d-14bf-4782-bed3-28d60c83df08:192.168.34.39:40618, b606a681-806b-4d8c-9fbf-cf0f22464020:192.168.34.39:35494, 930da09c-3f8f-41e5-af50-ffe832c891ff:192.168.34.39:45193], old=null
2019-09-21 06:16:32,244 [930da09c-3f8f-41e5-af50-ffe832c891ff@group-8BCC100E2D5F:LeaderElection14] INFO  impl.RaftServerImpl (RaftServerImpl.java:setRole(174)) - 930da09c-3f8f-41e5-af50-ffe832c891ff@group-8BCC100E2D5F: changes role from CANDIDATE to FOLLOWER at term 4 for DISCOVERED_A_NEW_TERM
2019-09-21 06:16:32,246 [930da09c-3f8f-41e5-af50-ffe832c891ff@group-8BCC100E2D5F:LeaderElection14] INFO  impl.RoleInfo (RoleInfo.java:shutdownLeaderElection(134)) - 930da09c-3f8f-41e5-af50-ffe832c891ff: shutdown LeaderElection
2019-09-21 06:16:32,247 [b606a681-806b-4d8c-9fbf-cf0f22464020@group-8BCC100E2D5F:LeaderElection13] INFO  impl.LeaderElection (LeaderElection.java:logAndReturn(56)) - b606a681-806b-4d8c-9fbf-cf0f22464020@group-8BCC100E2D5F:LeaderElection13: Election REJECTED; received 2 response(s) [b606a681-806b-4d8c-9fbf-cf0f22464020<-d758153d-14bf-4782-bed3-28d60c83df08#0:FAIL-t4, b606a681-806b-4d8c-9fbf-cf0f22464020<-930da09c-3f8f-41e5-af50-ffe832c891ff#0:FAIL-t4] and 0 exception(s); b606a681-806b-4d8c-9fbf-cf0f22464020@group-8BCC100E2D5F:t4, leader=null, voted=b606a681-806b-4d8c-9fbf-cf0f22464020, raftlog=b606a681-806b-4d8c-9fbf-cf0f22464020@group-8BCC100E2D5F-SegmentedRaftLog:OPENED:c-1,f0,i0, conf=0: [d758153d-14bf-4782-bed3-28d60c83df08:192.168.34.39:40618, b606a681-806b-4d8c-9fbf-cf0f22464020:192.168.34.39:35494, 930da09c-3f8f-41e5-af50-ffe832c891ff:192.168.34.39:45193], old=null
2019-09-21 06:16:32,249 [b606a681-806b-4d8c-9fbf-cf0f22464020@group-8BCC100E2D5F:LeaderElection13] INFO  impl.RaftServerImpl (RaftServerImpl.java:setRole(174)) - b606a681-806b-4d8c-9fbf-cf0f22464020@group-8BCC100E2D5F: changes role from CANDIDATE to FOLLOWER at term 4 for DISCOVERED_A_NEW_TERM
2019-09-21 06:16:32,249 [930da09c-3f8f-41e5-af50-ffe832c891ff@group-8BCC100E2D5F:LeaderElection14] INFO  impl.RoleInfo (RoleInfo.java:updateAndGet(143)) - 930da09c-3f8f-41e5-af50-ffe832c891ff: start FollowerState
2019-09-21 06:16:32,254 [b606a681-806b-4d8c-9fbf-cf0f22464020@group-8BCC100E2D5F:LeaderElection13] INFO  impl.RoleInfo (RoleInfo.java:shutdownLeaderElection(134)) - b606a681-806b-4d8c-9fbf-cf0f22464020: shutdown LeaderElection
2019-09-21 06:16:32,255 [b606a681-806b-4d8c-9fbf-cf0f22464020@group-8BCC100E2D5F:LeaderElection13] INFO  impl.RoleInfo (RoleInfo.java:updateAndGet(143)) - b606a681-806b-4d8c-9fbf-cf0f22464020: start FollowerState
2019-09-21 06:16:37,295 [Thread-404] INFO  impl.FollowerState (FollowerState.java:run(106)) - d758153d-14bf-4782-bed3-28d60c83df08:group-8BCC100E2D5F changes to CANDIDATE, lastRpcTime:5059, electionTimeout:5057ms
2019-09-21 06:16:37,295 [Thread-404] INFO  impl.RoleInfo (RoleInfo.java:shutdownFollowerState(121)) - d758153d-14bf-4782-bed3-28d60c83df08: shutdown FollowerState
2019-09-21 06:16:37,296 [Thread-404] INFO  impl.RaftServerImpl (RaftServerImpl.java:setRole(174)) - d758153d-14bf-4782-bed3-28d60c83df08@group-8BCC100E2D5F: changes role from  FOLLOWER to CANDIDATE at term 4 for changeToCandidate
2019-09-21 06:16:37,296 [Thread-404] INFO  impl.RoleInfo (RoleInfo.java:updateAndGet(143)) - d758153d-14bf-4782-bed3-28d60c83df08: start LeaderElection
2019-09-21 06:16:37,351 [Thread-406] INFO  impl.FollowerState (FollowerState.java:run(106)) - b606a681-806b-4d8c-9fbf-cf0f22464020:group-8BCC100E2D5F changes to CANDIDATE, lastRpcTime:5095, electionTimeout:5095ms
2019-09-21 06:16:37,351 [Thread-406] INFO  impl.RoleInfo (RoleInfo.java:shutdownFollowerState(121)) - b606a681-806b-4d8c-9fbf-cf0f22464020: shutdown FollowerState
2019-09-21 06:16:37,351 [Thread-406] INFO  impl.RaftServerImpl (RaftServerImpl.java:setRole(174)) - b606a681-806b-4d8c-9fbf-cf0f22464020@group-8BCC100E2D5F: changes role from  FOLLOWER to CANDIDATE at term 4 for changeToCandidate
2019-09-21 06:16:37,352 [Thread-406] INFO  impl.RoleInfo (RoleInfo.java:updateAndGet(143)) - b606a681-806b-4d8c-9fbf-cf0f22464020: start LeaderElection
2019-09-21 06:16:37,362 [d758153d-14bf-4782-bed3-28d60c83df08@group-8BCC100E2D5F:LeaderElection15] INFO  impl.LeaderElection (LeaderElection.java:askForVotes(182)) - d758153d-14bf-4782-bed3-28d60c83df08@group-8BCC100E2D5F:LeaderElection15: begin an election at term 5 for -1: [d758153d-14bf-4782-bed3-28d60c83df08:192.168.34.39:40618, b606a681-806b-4d8c-9fbf-cf0f22464020:192.168.34.39:35494, 930da09c-3f8f-41e5-af50-ffe832c891ff:192.168.34.39:45193], old=null
2019-09-21 06:16:37,364 [b606a681-806b-4d8c-9fbf-cf0f22464020@group-8BCC100E2D5F:LeaderElection16] INFO  impl.LeaderElection (LeaderElection.java:askForVotes(182)) - b606a681-806b-4d8c-9fbf-cf0f22464020@group-8BCC100E2D5F:LeaderElection16: begin an election at term 5 for 0: [d758153d-14bf-4782-bed3-28d60c83df08:192.168.34.39:40618, b606a681-806b-4d8c-9fbf-cf0f22464020:192.168.34.39:35494, 930da09c-3f8f-41e5-af50-ffe832c891ff:192.168.34.39:45193], old=null
2019-09-21 06:16:37,365 [grpc-default-executor-0] INFO  impl.RaftServerImpl (RaftServerImpl.java:setRole(174)) - 930da09c-3f8f-41e5-af50-ffe832c891ff@group-8BCC100E2D5F: changes role from  FOLLOWER to FOLLOWER at term 5 for recognizeCandidate:d758153d-14bf-4782-bed3-28d60c83df08
2019-09-21 06:16:37,366 [grpc-default-executor-0] INFO  impl.RoleInfo (RoleInfo.java:shutdownFollowerState(121)) - 930da09c-3f8f-41e5-af50-ffe832c891ff: shutdown FollowerState
2019-09-21 06:16:37,366 [grpc-default-executor-0] INFO  impl.RoleInfo (RoleInfo.java:updateAndGet(143)) - 930da09c-3f8f-41e5-af50-ffe832c891ff: start FollowerState
2019-09-21 06:16:37,366 [Thread-405] INFO  impl.FollowerState (FollowerState.java:run(115)) - 930da09c-3f8f-41e5-af50-ffe832c891ff: FollowerState was interrupted: java.lang.InterruptedException: sleep interrupted
2019-09-21 06:16:37,382 [grpc-default-executor-2] INFO  impl.RaftServerImpl (RaftServerImpl.java:setRole(174)) - 930da09c-3f8f-41e5-af50-ffe832c891ff@group-8BCC100E2D5F: changes role from  FOLLOWER to FOLLOWER at term 5 for recognizeCandidate:b606a681-806b-4d8c-9fbf-cf0f22464020
2019-09-21 06:16:37,382 [grpc-default-executor-2] INFO  impl.RoleInfo (RoleInfo.java:shutdownFollowerState(121)) - 930da09c-3f8f-41e5-af50-ffe832c891ff: shutdown FollowerState
2019-09-21 06:16:37,382 [grpc-default-executor-2] INFO  impl.RoleInfo (RoleInfo.java:updateAndGet(143)) - 930da09c-3f8f-41e5-af50-ffe832c891ff: start FollowerState
2019-09-21 06:16:37,382 [Thread-427] INFO  impl.FollowerState (FollowerState.java:run(115)) - 930da09c-3f8f-41e5-af50-ffe832c891ff: FollowerState was interrupted: java.lang.InterruptedException: sleep interrupted
2019-09-21 06:16:37,385 [d758153d-14bf-4782-bed3-28d60c83df08@group-8BCC100E2D5F:LeaderElection15] INFO  impl.LeaderElection (LeaderElection.java:logAndReturn(56)) - d758153d-14bf-4782-bed3-28d60c83df08@group-8BCC100E2D5F:LeaderElection15: Election REJECTED; received 2 response(s) [d758153d-14bf-4782-bed3-28d60c83df08<-b606a681-806b-4d8c-9fbf-cf0f22464020#0:FAIL-t5, d758153d-14bf-4782-bed3-28d60c83df08<-930da09c-3f8f-41e5-af50-ffe832c891ff#0:FAIL-t5] and 0 exception(s); d758153d-14bf-4782-bed3-28d60c83df08@group-8BCC100E2D5F:t5, leader=null, voted=d758153d-14bf-4782-bed3-28d60c83df08, raftlog=d758153d-14bf-4782-bed3-28d60c83df08@group-8BCC100E2D5F-SegmentedRaftLog:OPENED:c-1,f-1,i0, conf=-1: [d758153d-14bf-4782-bed3-28d60c83df08:192.168.34.39:40618, b606a681-806b-4d8c-9fbf-cf0f22464020:192.168.34.39:35494, 930da09c-3f8f-41e5-af50-ffe832c891ff:192.168.34.39:45193], old=null
2019-09-21 06:16:37,386 [d758153d-14bf-4782-bed3-28d60c83df08@group-8BCC100E2D5F:LeaderElection15] INFO  impl.RaftServerImpl (RaftServerImpl.java:setRole(174)) - d758153d-14bf-4782-bed3-28d60c83df08@group-8BCC100E2D5F: changes role from CANDIDATE to FOLLOWER at term 5 for DISCOVERED_A_NEW_TERM
2019-09-21 06:16:37,386 [d758153d-14bf-4782-bed3-28d60c83df08@group-8BCC100E2D5F:LeaderElection15] INFO  impl.RoleInfo (RoleInfo.java:shutdownLeaderElection(134)) - d758153d-14bf-4782-bed3-28d60c83df08: shutdown LeaderElection
2019-09-21 06:16:37,386 [d758153d-14bf-4782-bed3-28d60c83df08@group-8BCC100E2D5F:LeaderElection15] INFO  impl.RoleInfo (RoleInfo.java:updateAndGet(143)) - d758153d-14bf-4782-bed3-28d60c83df08: start FollowerState
2019-09-21 06:16:37,399 [b606a681-806b-4d8c-9fbf-cf0f22464020@group-8BCC100E2D5F:LeaderElection16] INFO  impl.LeaderElection (LeaderElection.java:logAndReturn(56)) - b606a681-806b-4d8c-9fbf-cf0f22464020@group-8BCC100E2D5F:LeaderElection16: Election PASSED; received 2 response(s) [b606a681-806b-4d8c-9fbf-cf0f22464020<-d758153d-14bf-4782-bed3-28d60c83df08#0:FAIL-t5, b606a681-806b-4d8c-9fbf-cf0f22464020<-930da09c-3f8f-41e5-af50-ffe832c891ff#0:OK-t5] and 0 exception(s); b606a681-806b-4d8c-9fbf-cf0f22464020@group-8BCC100E2D5F:t5, leader=null, voted=b606a681-806b-4d8c-9fbf-cf0f22464020, raftlog=b606a681-806b-4d8c-9fbf-cf0f22464020@group-8BCC100E2D5F-SegmentedRaftLog:OPENED:c-1,f0,i0, conf=0: [d758153d-14bf-4782-bed3-28d60c83df08:192.168.34.39:40618, b606a681-806b-4d8c-9fbf-cf0f22464020:192.168.34.39:35494, 930da09c-3f8f-41e5-af50-ffe832c891ff:192.168.34.39:45193], old=null
2019-09-21 06:16:37,401 [b606a681-806b-4d8c-9fbf-cf0f22464020@group-8BCC100E2D5F:LeaderElection16] INFO  impl.RoleInfo (RoleInfo.java:shutdownLeaderElection(134)) - b606a681-806b-4d8c-9fbf-cf0f22464020: shutdown LeaderElection
2019-09-21 06:16:37,401 [b606a681-806b-4d8c-9fbf-cf0f22464020@group-8BCC100E2D5F:LeaderElection16] INFO  impl.RaftServerImpl (RaftServerImpl.java:setRole(174)) - b606a681-806b-4d8c-9fbf-cf0f22464020@group-8BCC100E2D5F: changes role from CANDIDATE to LEADER at term 5 for changeToLeader
2019-09-21 06:16:37,401 [b606a681-806b-4d8c-9fbf-cf0f22464020@group-8BCC100E2D5F:LeaderElection16] INFO  impl.RaftServerImpl (ServerState.java:setLeader(253)) - b606a681-806b-4d8c-9fbf-cf0f22464020@group-8BCC100E2D5F: change Leader from null to b606a681-806b-4d8c-9fbf-cf0f22464020 at term 5 for becomeLeader, leader elected after 15210ms
2019-09-21 06:16:37,402 [b606a681-806b-4d8c-9fbf-cf0f22464020@group-8BCC100E2D5F:LeaderElection16] INFO  server.RaftServerConfigKeys (ConfUtils.java:logGet(43)) - raft.server.staging.catchup.gap = 1000 (default)
2019-09-21 06:16:37,402 [b606a681-806b-4d8c-9fbf-cf0f22464020@group-8BCC100E2D5F:LeaderElection16] INFO  server.RaftServerConfigKeys (ConfUtils.java:logGet(43)) - raft.server.rpc.sleep.time = 25ms (default)
2019-09-21 06:16:37,402 [b606a681-806b-4d8c-9fbf-cf0f22464020@group-8BCC100E2D5F:LeaderElection16] INFO  server.RaftServerConfigKeys (ConfUtils.java:logGet(43)) - raft.server.write.element-limit = 4096 (default)
2019-09-21 06:16:37,402 [b606a681-806b-4d8c-9fbf-cf0f22464020@group-8BCC100E2D5F:LeaderElection16] INFO  server.RaftServerConfigKeys (ConfUtils.java:logGet(43)) - raft.server.watch.timeout = 10s (default)
2019-09-21 06:16:37,403 [b606a681-806b-4d8c-9fbf-cf0f22464020@group-8BCC100E2D5F:LeaderElection16] INFO  server.RaftServerConfigKeys (ConfUtils.java:logGet(43)) - raft.server.watch.timeout.denomination = 1s (default)
2019-09-21 06:16:37,403 [b606a681-806b-4d8c-9fbf-cf0f22464020@group-8BCC100E2D5F:LeaderElection16] INFO  server.RaftServerConfigKeys (ConfUtils.java:logGet(43)) - raft.server.watch.element-limit = 65536 (default)
2019-09-21 06:16:37,403 [b606a681-806b-4d8c-9fbf-cf0f22464020@group-8BCC100E2D5F:LeaderElection16] INFO  server.RaftServerConfigKeys (ConfUtils.java:logGet(43)) - raft.server.log.appender.snapshot.chunk.size.max = 16MB (=16777216) (default)
2019-09-21 06:16:37,404 [b606a681-806b-4d8c-9fbf-cf0f22464020@group-8BCC100E2D5F:LeaderElection16] INFO  server.RaftServerConfigKeys (ConfUtils.java:logGet(43)) - raft.server.log.appender.buffer.byte-limit = 33554432 (custom)
2019-09-21 06:16:37,404 [b606a681-806b-4d8c-9fbf-cf0f22464020@group-8BCC100E2D5F:LeaderElection16] INFO  server.RaftServerConfigKeys (ConfUtils.java:logGet(43)) - raft.server.log.appender.buffer.element-limit = 1 (custom)
2019-09-21 06:16:37,404 [b606a681-806b-4d8c-9fbf-cf0f22464020@group-8BCC100E2D5F:LeaderElection16] INFO  grpc.GrpcConfigKeys$Server (ConfUtils.java:logGet(43)) - raft.grpc.server.leader.outstanding.appends.max = 128 (default)
2019-09-21 06:16:37,405 [b606a681-806b-4d8c-9fbf-cf0f22464020@group-8BCC100E2D5F:LeaderElection16] INFO  server.RaftServerConfigKeys (ConfUtils.java:logGet(43)) - raft.server.rpc.request.timeout = 3000ms (default)
2019-09-21 06:16:37,405 [b606a681-806b-4d8c-9fbf-cf0f22464020@group-8BCC100E2D5F:LeaderElection16] INFO  server.RaftServerConfigKeys (ConfUtils.java:logGet(43)) - raft.server.log.appender.install.snapshot.enabled = false (custom)
2019-09-21 06:16:37,405 [b606a681-806b-4d8c-9fbf-cf0f22464020@group-8BCC100E2D5F:LeaderElection16] INFO  server.RaftServerConfigKeys (ConfUtils.java:logGet(43)) - raft.server.log.appender.snapshot.chunk.size.max = 16MB (=16777216) (default)
2019-09-21 06:16:37,405 [b606a681-806b-4d8c-9fbf-cf0f22464020@group-8BCC100E2D5F:LeaderElection16] INFO  server.RaftServerConfigKeys (ConfUtils.java:logGet(43)) - raft.server.log.appender.buffer.byte-limit = 33554432 (custom)
2019-09-21 06:16:37,405 [b606a681-806b-4d8c-9fbf-cf0f22464020@group-8BCC100E2D5F:LeaderElection16] INFO  server.RaftServerConfigKeys (ConfUtils.java:logGet(43)) - raft.server.log.appender.buffer.element-limit = 1 (custom)
2019-09-21 06:16:37,406 [b606a681-806b-4d8c-9fbf-cf0f22464020@group-8BCC100E2D5F:LeaderElection16] INFO  grpc.GrpcConfigKeys$Server (ConfUtils.java:logGet(43)) - raft.grpc.server.leader.outstanding.appends.max = 128 (default)
2019-09-21 06:16:37,406 [b606a681-806b-4d8c-9fbf-cf0f22464020@group-8BCC100E2D5F:LeaderElection16] INFO  server.RaftServerConfigKeys (ConfUtils.java:logGet(43)) - raft.server.rpc.request.timeout = 3000ms (default)
2019-09-21 06:16:37,406 [b606a681-806b-4d8c-9fbf-cf0f22464020@group-8BCC100E2D5F:LeaderElection16] INFO  server.RaftServerConfigKeys (ConfUtils.java:logGet(43)) - raft.server.log.appender.install.snapshot.enabled = false (custom)
2019-09-21 06:16:37,406 [b606a681-806b-4d8c-9fbf-cf0f22464020@group-8BCC100E2D5F:LeaderElection16] INFO  impl.RoleInfo (RoleInfo.java:updateAndGet(143)) - b606a681-806b-4d8c-9fbf-cf0f22464020: start LeaderState
2019-09-21 06:16:37,409 [b606a681-806b-4d8c-9fbf-cf0f22464020@group-8BCC100E2D5F:LeaderElection16] INFO  segmented.SegmentedRaftLogWorker (SegmentedRaftLogWorker.java:rollLogSegment(385)) - b606a681-806b-4d8c-9fbf-cf0f22464020@group-8BCC100E2D5F-SegmentedRaftLogWorker: Rolling segment log-0_0 to index:0
2019-09-21 06:16:37,411 [b606a681-806b-4d8c-9fbf-cf0f22464020@group-8BCC100E2D5F:LeaderElection16] INFO  impl.RaftServerImpl (ServerState.java:setRaftConf(354)) - b606a681-806b-4d8c-9fbf-cf0f22464020@group-8BCC100E2D5F: set configuration 1: [d758153d-14bf-4782-bed3-28d60c83df08:192.168.34.39:40618, b606a681-806b-4d8c-9fbf-cf0f22464020:192.168.34.39:35494, 930da09c-3f8f-41e5-af50-ffe832c891ff:192.168.34.39:45193], old=null at 1
2019-09-21 06:16:37,411 [b606a681-806b-4d8c-9fbf-cf0f22464020@group-8BCC100E2D5F-SegmentedRaftLogWorker] INFO  segmented.SegmentedRaftLogWorker (SegmentedRaftLogWorker.java:execute(526)) - b606a681-806b-4d8c-9fbf-cf0f22464020@group-8BCC100E2D5F-SegmentedRaftLogWorker: Rolled log segment from /workdir/hadoop-ozone/integration-test/target/test-dir/MiniOzoneClusterImpl-2f17747c-cf84-4fcf-8ea3-e43b17c96bae/datanode-6/data/ratis/35a269a2-9634-4478-977c-8bcc100e2d5f/current/log_inprogress_0 to /workdir/hadoop-ozone/integration-test/target/test-dir/MiniOzoneClusterImpl-2f17747c-cf84-4fcf-8ea3-e43b17c96bae/datanode-6/data/ratis/35a269a2-9634-4478-977c-8bcc100e2d5f/current/log_0-0
2019-09-21 06:16:37,415 [grpc-default-executor-2] INFO  impl.RaftServerImpl (ServerState.java:setLeader(253)) - d758153d-14bf-4782-bed3-28d60c83df08@group-8BCC100E2D5F: change Leader from null to b606a681-806b-4d8c-9fbf-cf0f22464020 at term 5 for appendEntries, leader elected after 20510ms
2019-09-21 06:16:37,415 [grpc-default-executor-0] INFO  impl.RaftServerImpl (ServerState.java:setLeader(253)) - 930da09c-3f8f-41e5-af50-ffe832c891ff@group-8BCC100E2D5F: change Leader from null to b606a681-806b-4d8c-9fbf-cf0f22464020 at term 5 for appendEntries, leader elected after 15203ms
2019-09-21 06:16:37,440 [grpc-default-executor-2] INFO  impl.RaftServerImpl (RaftServerImpl.java:checkInconsistentAppendEntries(1003)) - d758153d-14bf-4782-bed3-28d60c83df08@group-8BCC100E2D5F: Failed appendEntries as previous log entry ((t:1, i:0)) is not found
2019-09-21 06:16:37,441 [grpc-default-executor-2] INFO  impl.RaftServerImpl (RaftServerImpl.java:checkInconsistentAppendEntries(976)) - d758153d-14bf-4782-bed3-28d60c83df08@group-8BCC100E2D5F: inconsistency entries. Reply:b606a681-806b-4d8c-9fbf-cf0f22464020<-d758153d-14bf-4782-bed3-28d60c83df08#0:FAIL,INCONSISTENCY,nextIndex:0,term:5,followerCommit:-1
2019-09-21 06:16:37,443 [grpc-default-executor-0] INFO  impl.FollowerInfo (FollowerInfo.java:lambda$new$0(51)) - b606a681-806b-4d8c-9fbf-cf0f22464020@group-8BCC100E2D5F->d758153d-14bf-4782-bed3-28d60c83df08: nextIndex: updateUnconditionally 1 -> 0
2019-09-21 06:16:37,444 [grpc-default-executor-2] INFO  impl.RaftServerImpl (ServerState.java:setRaftConf(354)) - 930da09c-3f8f-41e5-af50-ffe832c891ff@group-8BCC100E2D5F: set configuration 1: [d758153d-14bf-4782-bed3-28d60c83df08:192.168.34.39:40618, b606a681-806b-4d8c-9fbf-cf0f22464020:192.168.34.39:35494, 930da09c-3f8f-41e5-af50-ffe832c891ff:192.168.34.39:45193], old=null at 1
2019-09-21 06:16:37,444 [grpc-default-executor-2] INFO  segmented.SegmentedRaftLogWorker (SegmentedRaftLogWorker.java:rollLogSegment(385)) - 930da09c-3f8f-41e5-af50-ffe832c891ff@group-8BCC100E2D5F-SegmentedRaftLogWorker: Rolling segment log-0_0 to index:0
2019-09-21 06:16:37,445 [grpc-default-executor-0] INFO  impl.RaftServerImpl (ServerState.java:setRaftConf(354)) - d758153d-14bf-4782-bed3-28d60c83df08@group-8BCC100E2D5F: set configuration 0: [d758153d-14bf-4782-bed3-28d60c83df08:192.168.34.39:40618, b606a681-806b-4d8c-9fbf-cf0f22464020:192.168.34.39:35494, 930da09c-3f8f-41e5-af50-ffe832c891ff:192.168.34.39:45193], old=null at 0
2019-09-21 06:16:37,445 [grpc-default-executor-0] INFO  segmented.SegmentedRaftLogWorker (SegmentedRaftLogWorker.java:startLogSegment(380)) - d758153d-14bf-4782-bed3-28d60c83df08@group-8BCC100E2D5F-SegmentedRaftLogWorker: Starting segment from index:0
2019-09-21 06:16:37,445 [930da09c-3f8f-41e5-af50-ffe832c891ff@group-8BCC100E2D5F-SegmentedRaftLogWorker] INFO  segmented.SegmentedRaftLogWorker (SegmentedRaftLogWorker.java:execute(526)) - 930da09c-3f8f-41e5-af50-ffe832c891ff@group-8BCC100E2D5F-SegmentedRaftLogWorker: Rolled log segment from /workdir/hadoop-ozone/integration-test/target/test-dir/MiniOzoneClusterImpl-2f17747c-cf84-4fcf-8ea3-e43b17c96bae/datanode-3/data/ratis/35a269a2-9634-4478-977c-8bcc100e2d5f/current/log_inprogress_0 to /workdir/hadoop-ozone/integration-test/target/test-dir/MiniOzoneClusterImpl-2f17747c-cf84-4fcf-8ea3-e43b17c96bae/datanode-3/data/ratis/35a269a2-9634-4478-977c-8bcc100e2d5f/current/log_0-0
2019-09-21 06:16:37,445 [grpc-default-executor-0] INFO  impl.RaftServerImpl (ServerState.java:setRaftConf(354)) - d758153d-14bf-4782-bed3-28d60c83df08@group-8BCC100E2D5F: set configuration 1: [d758153d-14bf-4782-bed3-28d60c83df08:192.168.34.39:40618, b606a681-806b-4d8c-9fbf-cf0f22464020:192.168.34.39:35494, 930da09c-3f8f-41e5-af50-ffe832c891ff:192.168.34.39:45193], old=null at 1
2019-09-21 06:16:37,446 [grpc-default-executor-0] INFO  segmented.SegmentedRaftLogWorker (SegmentedRaftLogWorker.java:rollLogSegment(385)) - d758153d-14bf-4782-bed3-28d60c83df08@group-8BCC100E2D5F-SegmentedRaftLogWorker: Rolling segment log-0_0 to index:0
2019-09-21 06:16:37,474 [b606a681-806b-4d8c-9fbf-cf0f22464020@group-8BCC100E2D5F-SegmentedRaftLogWorker] INFO  segmented.SegmentedRaftLogWorker (SegmentedRaftLogWorker.java:execute(569)) - b606a681-806b-4d8c-9fbf-cf0f22464020@group-8BCC100E2D5F-SegmentedRaftLogWorker: created new log segment /workdir/hadoop-ozone/integration-test/target/test-dir/MiniOzoneClusterImpl-2f17747c-cf84-4fcf-8ea3-e43b17c96bae/datanode-6/data/ratis/35a269a2-9634-4478-977c-8bcc100e2d5f/current/log_inprogress_1
2019-09-21 06:16:37,494 [930da09c-3f8f-41e5-af50-ffe832c891ff@group-8BCC100E2D5F-SegmentedRaftLogWorker] INFO  segmented.SegmentedRaftLogWorker (SegmentedRaftLogWorker.java:execute(569)) - 930da09c-3f8f-41e5-af50-ffe832c891ff@group-8BCC100E2D5F-SegmentedRaftLogWorker: created new log segment /workdir/hadoop-ozone/integration-test/target/test-dir/MiniOzoneClusterImpl-2f17747c-cf84-4fcf-8ea3-e43b17c96bae/datanode-3/data/ratis/35a269a2-9634-4478-977c-8bcc100e2d5f/current/log_inprogress_1
2019-09-21 06:16:37,494 [d758153d-14bf-4782-bed3-28d60c83df08@group-8BCC100E2D5F-SegmentedRaftLogWorker] INFO  segmented.SegmentedRaftLogWorker (SegmentedRaftLogWorker.java:execute(569)) - d758153d-14bf-4782-bed3-28d60c83df08@group-8BCC100E2D5F-SegmentedRaftLogWorker: created new log segment /workdir/hadoop-ozone/integration-test/target/test-dir/MiniOzoneClusterImpl-2f17747c-cf84-4fcf-8ea3-e43b17c96bae/datanode-1/data/ratis/35a269a2-9634-4478-977c-8bcc100e2d5f/current/log_inprogress_0
2019-09-21 06:16:37,496 [d758153d-14bf-4782-bed3-28d60c83df08@group-8BCC100E2D5F-SegmentedRaftLogWorker] INFO  segmented.SegmentedRaftLogWorker (SegmentedRaftLogWorker.java:execute(526)) - d758153d-14bf-4782-bed3-28d60c83df08@group-8BCC100E2D5F-SegmentedRaftLogWorker: Rolled log segment from /workdir/hadoop-ozone/integration-test/target/test-dir/MiniOzoneClusterImpl-2f17747c-cf84-4fcf-8ea3-e43b17c96bae/datanode-1/data/ratis/35a269a2-9634-4478-977c-8bcc100e2d5f/current/log_inprogress_0 to /workdir/hadoop-ozone/integration-test/target/test-dir/MiniOzoneClusterImpl-2f17747c-cf84-4fcf-8ea3-e43b17c96bae/datanode-1/data/ratis/35a269a2-9634-4478-977c-8bcc100e2d5f/current/log_0-0
2019-09-21 06:16:37,543 [d758153d-14bf-4782-bed3-28d60c83df08@group-8BCC100E2D5F-SegmentedRaftLogWorker] INFO  segmented.SegmentedRaftLogWorker (SegmentedRaftLogWorker.java:execute(569)) - d758153d-14bf-4782-bed3-28d60c83df08@group-8BCC100E2D5F-SegmentedRaftLogWorker: created new log segment /workdir/hadoop-ozone/integration-test/target/test-dir/MiniOzoneClusterImpl-2f17747c-cf84-4fcf-8ea3-e43b17c96bae/datanode-1/data/ratis/35a269a2-9634-4478-977c-8bcc100e2d5f/current/log_inprogress_1
2019-09-21 06:16:38,059 [pool-86-thread-4] WARN  impl.ChunkManagerImpl (ChunkUtils.java:validateChunkForOverwrite(203)) - Duplicate write chunk request. Chunk overwrite without explicit request. ChunkInfo{chunkName='1569046583311.data.0, offset=0, len=1048576}
2019-09-21 06:16:38,062 [pool-86-thread-4] WARN  impl.ChunkManagerImpl (ChunkManagerImpl.java:writeChunk(111)) - ChunkFile already exists/workdir/hadoop-ozone/integration-test/target/test-dir/MiniOzoneClusterImpl-2f17747c-cf84-4fcf-8ea3-e43b17c96bae/datanode-6/data/containers/hdds/bdef2601-e76e-4ba8-ad1f-50a3561acb24/current/containerDir0/2/chunks/1569046583311.data.0.Deleting it.
2019-09-21 06:16:38,075 [pool-56-thread-2] WARN  impl.ChunkManagerImpl (ChunkUtils.java:validateChunkForOverwrite(203)) - Duplicate write chunk request. Chunk overwrite without explicit request. ChunkInfo{chunkName='1569046583311.data.0, offset=0, len=1048576}
2019-09-21 06:16:38,075 [pool-36-thread-2] WARN  impl.ChunkManagerImpl (ChunkUtils.java:validateChunkForOverwrite(203)) - Duplicate write chunk request. Chunk overwrite without explicit request. ChunkInfo{chunkName='1569046583311.data.0, offset=0, len=1048576}
2019-09-21 06:16:38,075 [pool-56-thread-2] WARN  impl.ChunkManagerImpl (ChunkManagerImpl.java:writeChunk(111)) - ChunkFile already exists/workdir/hadoop-ozone/integration-test/target/test-dir/MiniOzoneClusterImpl-2f17747c-cf84-4fcf-8ea3-e43b17c96bae/datanode-3/data/containers/hdds/bdef2601-e76e-4ba8-ad1f-50a3561acb24/current/containerDir0/2/chunks/1569046583311.data.0.Deleting it.
2019-09-21 06:16:38,075 [pool-36-thread-2] WARN  impl.ChunkManagerImpl (ChunkManagerImpl.java:writeChunk(111)) - ChunkFile already exists/workdir/hadoop-ozone/integration-test/target/test-dir/MiniOzoneClusterImpl-2f17747c-cf84-4fcf-8ea3-e43b17c96bae/datanode-1/data/containers/hdds/bdef2601-e76e-4ba8-ad1f-50a3561acb24/current/containerDir0/2/chunks/1569046583311.data.0.Deleting it.
2019-09-21 06:16:38,959 [Datanode State Machine Thread - 0] INFO  statemachine.DatanodeStateMachine (DatanodeStateMachine.java:lambda$startDaemon$0(350)) - Ozone container server started.
2019-09-21 06:16:41,002 [EventQueue-StaleNodeForStaleNodeHandler] INFO  node.StaleNodeHandler (StaleNodeHandler.java:onMessage(58)) - Datanode 930da09c-3f8f-41e5-af50-ffe832c891ff{ip: 192.168.34.39, host: pr-hdds-2161-4k4xz-3364335222, networkLocation: /default-rack, certSerialId: null} moved to stale state. Finalizing its pipelines [PipelineID=35a269a2-9634-4478-977c-8bcc100e2d5f, PipelineID=08329136-3469-4be1-8c51-94831df29432]
2019-09-21 06:16:41,002 [EventQueue-StaleNodeForStaleNodeHandler] INFO  pipeline.SCMPipelineManager (SCMPipelineManager.java:finalizeAndDestroyPipeline(315)) - destroying pipeline:Pipeline[ Id: 35a269a2-9634-4478-977c-8bcc100e2d5f, Nodes: 930da09c-3f8f-41e5-af50-ffe832c891ff{ip: 192.168.34.39, host: pr-hdds-2161-4k4xz-3364335222, networkLocation: /default-rack, certSerialId: null}d758153d-14bf-4782-bed3-28d60c83df08{ip: 192.168.34.39, host: pr-hdds-2161-4k4xz-3364335222, networkLocation: /default-rack, certSerialId: null}b606a681-806b-4d8c-9fbf-cf0f22464020{ip: 192.168.34.39, host: pr-hdds-2161-4k4xz-3364335222, networkLocation: /default-rack, certSerialId: null}, Type:RATIS, Factor:THREE, State:OPEN]
2019-09-21 06:16:41,003 [EventQueue-StaleNodeForStaleNodeHandler] INFO  pipeline.PipelineStateManager (PipelineStateManager.java:finalizePipeline(123)) - Pipeline Pipeline[ Id: 35a269a2-9634-4478-977c-8bcc100e2d5f, Nodes: 930da09c-3f8f-41e5-af50-ffe832c891ff{ip: 192.168.34.39, host: pr-hdds-2161-4k4xz-3364335222, networkLocation: /default-rack, certSerialId: null}d758153d-14bf-4782-bed3-28d60c83df08{ip: 192.168.34.39, host: pr-hdds-2161-4k4xz-3364335222, networkLocation: /default-rack, certSerialId: null}b606a681-806b-4d8c-9fbf-cf0f22464020{ip: 192.168.34.39, host: pr-hdds-2161-4k4xz-3364335222, networkLocation: /default-rack, certSerialId: null}, Type:RATIS, Factor:THREE, State:CLOSED] moved to CLOSED state
2019-09-21 06:16:41,004 [EventQueue-CloseContainerForCloseContainerEventHandler] INFO  container.CloseContainerEventHandler (CloseContainerEventHandler.java:onMessage(61)) - Close container Event triggered for container : #2
2019-09-21 06:16:41,008 [EventQueue-StaleNodeForStaleNodeHandler] INFO  pipeline.SCMPipelineManager (SCMPipelineManager.java:finalizeAndDestroyPipeline(315)) - destroying pipeline:Pipeline[ Id: 08329136-3469-4be1-8c51-94831df29432, Nodes: 930da09c-3f8f-41e5-af50-ffe832c891ff{ip: 192.168.34.39, host: pr-hdds-2161-4k4xz-3364335222, networkLocation: /default-rack, certSerialId: null}, Type:RATIS, Factor:ONE, State:OPEN]
2019-09-21 06:16:41,011 [EventQueue-StaleNodeForStaleNodeHandler] INFO  pipeline.PipelineStateManager (PipelineStateManager.java:finalizePipeline(123)) - Pipeline Pipeline[ Id: 08329136-3469-4be1-8c51-94831df29432, Nodes: 930da09c-3f8f-41e5-af50-ffe832c891ff{ip: 192.168.34.39, host: pr-hdds-2161-4k4xz-3364335222, networkLocation: /default-rack, certSerialId: null}, Type:RATIS, Factor:ONE, State:CLOSED] moved to CLOSED state
2019-09-21 06:16:43,211 [main] INFO  ozoneimpl.OzoneContainer (OzoneContainer.java:stop(231)) - Attempting to stop container services.
2019-09-21 06:16:43,211 [main] INFO  impl.RaftServerProxy (RaftServerProxy.java:lambda$close$4(314)) - 930da09c-3f8f-41e5-af50-ffe832c891ff: close
2019-09-21 06:16:43,213 [main] INFO  impl.RaftServerImpl (RaftServerImpl.java:lambda$shutdown$3(251)) - 930da09c-3f8f-41e5-af50-ffe832c891ff@group-8BCC100E2D5F: shutdown
2019-09-21 06:16:43,213 [main] INFO  util.JmxRegister (JmxRegister.java:unregister(73)) - Successfully un-registered JMX Bean with object name Ratis:service=RaftServer,group=group-8BCC100E2D5F,id=930da09c-3f8f-41e5-af50-ffe832c891ff
2019-09-21 06:16:43,213 [main] INFO  impl.RoleInfo (RoleInfo.java:shutdownFollowerState(121)) - 930da09c-3f8f-41e5-af50-ffe832c891ff: shutdown FollowerState
2019-09-21 06:16:43,214 [main] INFO  impl.StateMachineUpdater (StateMachineUpdater.java:stopAndJoin(125)) - 930da09c-3f8f-41e5-af50-ffe832c891ff@group-8BCC100E2D5F-StateMachineUpdater: set stopIndex = 10
2019-09-21 06:16:43,214 [930da09c-3f8f-41e5-af50-ffe832c891ff@group-8BCC100E2D5F-StateMachineUpdater] INFO  ratis.ContainerStateMachine (ContainerStateMachine.java:takeSnapshot(289)) - group-8BCC100E2D5F: Taking a snapshot at:(t:5, i:8) file /workdir/hadoop-ozone/integration-test/target/test-dir/MiniOzoneClusterImpl-2f17747c-cf84-4fcf-8ea3-e43b17c96bae/datanode-3/data/ratis/35a269a2-9634-4478-977c-8bcc100e2d5f/sm/snapshot.5_8
2019-09-21 06:16:43,214 [Thread-428] INFO  impl.FollowerState (FollowerState.java:run(115)) - 930da09c-3f8f-41e5-af50-ffe832c891ff: FollowerState was interrupted: java.lang.InterruptedException: sleep interrupted
2019-09-21 06:16:43,293 [930da09c-3f8f-41e5-af50-ffe832c891ff@group-8BCC100E2D5F-StateMachineUpdater] INFO  ratis.ContainerStateMachine (ContainerStateMachine.java:takeSnapshot(300)) - group-8BCC100E2D5F: Finished taking a snapshot at:(t:5, i:8) file:/workdir/hadoop-ozone/integration-test/target/test-dir/MiniOzoneClusterImpl-2f17747c-cf84-4fcf-8ea3-e43b17c96bae/datanode-3/data/ratis/35a269a2-9634-4478-977c-8bcc100e2d5f/sm/snapshot.5_8 time:80
2019-09-21 06:16:43,295 [930da09c-3f8f-41e5-af50-ffe832c891ff@group-8BCC100E2D5F-StateMachineUpdater] INFO  impl.StateMachineUpdater (StateMachineUpdater.java:takeSnapshot(258)) - 930da09c-3f8f-41e5-af50-ffe832c891ff@group-8BCC100E2D5F-StateMachineUpdater: Took a snapshot at index 8
2019-09-21 06:16:43,298 [930da09c-3f8f-41e5-af50-ffe832c891ff@group-8BCC100E2D5F-StateMachineUpdater] INFO  impl.StateMachineUpdater (StateMachineUpdater.java:lambda$new$0(83)) - 930da09c-3f8f-41e5-af50-ffe832c891ff@group-8BCC100E2D5F-StateMachineUpdater: snapshotIndex: updateIncreasingly -1 -> 8
2019-09-21 06:16:43,304 [930da09c-3f8f-41e5-af50-ffe832c891ff@group-8BCC100E2D5F-StateMachineUpdater] INFO  ratis.ContainerStateMachine (ContainerStateMachine.java:takeSnapshot(289)) - group-8BCC100E2D5F: Taking a snapshot at:(t:5, i:8) file /workdir/hadoop-ozone/integration-test/target/test-dir/MiniOzoneClusterImpl-2f17747c-cf84-4fcf-8ea3-e43b17c96bae/datanode-3/data/ratis/35a269a2-9634-4478-977c-8bcc100e2d5f/sm/snapshot.5_8
2019-09-21 06:16:43,368 [930da09c-3f8f-41e5-af50-ffe832c891ff@group-8BCC100E2D5F-StateMachineUpdater] INFO  ratis.ContainerStateMachine (ContainerStateMachine.java:takeSnapshot(300)) - group-8BCC100E2D5F: Finished taking a snapshot at:(t:5, i:8) file:/workdir/hadoop-ozone/integration-test/target/test-dir/MiniOzoneClusterImpl-2f17747c-cf84-4fcf-8ea3-e43b17c96bae/datanode-3/data/ratis/35a269a2-9634-4478-977c-8bcc100e2d5f/sm/snapshot.5_8 time:65
2019-09-21 06:16:43,369 [930da09c-3f8f-41e5-af50-ffe832c891ff@group-8BCC100E2D5F-StateMachineUpdater] INFO  impl.StateMachineUpdater (StateMachineUpdater.java:takeSnapshot(258)) - 930da09c-3f8f-41e5-af50-ffe832c891ff@group-8BCC100E2D5F-StateMachineUpdater: Took a snapshot at index 8
2019-09-21 06:16:43,369 [930da09c-3f8f-41e5-af50-ffe832c891ff@group-8BCC100E2D5F-StateMachineUpdater] INFO  impl.StateMachineUpdater (StateMachineUpdater.java:lambda$new$0(83)) - 930da09c-3f8f-41e5-af50-ffe832c891ff@group-8BCC100E2D5F-StateMachineUpdater: snapshotIndex: updateIncreasingly 8 -> 8
2019-09-21 06:16:43,369 [main] INFO  impl.RaftServerImpl (ServerState.java:close(385)) - 930da09c-3f8f-41e5-af50-ffe832c891ff@group-8BCC100E2D5F: closes. applyIndex: 10
2019-09-21 06:16:43,371 [930da09c-3f8f-41e5-af50-ffe832c891ff@group-8BCC100E2D5F-SegmentedRaftLogWorker] INFO  segmented.SegmentedRaftLogWorker (SegmentedRaftLogWorker.java:run(313)) - 930da09c-3f8f-41e5-af50-ffe832c891ff@group-8BCC100E2D5F-SegmentedRaftLogWorker was interrupted, exiting. There are 0 tasks remaining in the queue.
2019-09-21 06:16:43,374 [main] INFO  segmented.SegmentedRaftLogWorker (SegmentedRaftLogWorker.java:close(228)) - 930da09c-3f8f-41e5-af50-ffe832c891ff@group-8BCC100E2D5F-SegmentedRaftLogWorker close()
2019-09-21 06:16:43,378 [main] INFO  impl.RaftServerImpl (RaftServerImpl.java:lambda$shutdown$3(251)) - 930da09c-3f8f-41e5-af50-ffe832c891ff@group-94831DF29432: shutdown
2019-09-21 06:16:43,378 [main] INFO  util.JmxRegister (JmxRegister.java:unregister(73)) - Successfully un-registered JMX Bean with object name Ratis:service=RaftServer,group=group-94831DF29432,id=930da09c-3f8f-41e5-af50-ffe832c891ff
2019-09-21 06:16:43,378 [main] INFO  impl.RoleInfo (RoleInfo.java:shutdownLeaderState(104)) - 930da09c-3f8f-41e5-af50-ffe832c891ff: shutdown LeaderState
2019-09-21 06:16:43,378 [main] INFO  impl.PendingRequests (PendingRequests.java:sendNotLeaderResponses(202)) - 930da09c-3f8f-41e5-af50-ffe832c891ff-PendingRequests: sendNotLeaderResponses
2019-09-21 06:16:43,380 [main] INFO  impl.StateMachineUpdater (StateMachineUpdater.java:stopAndJoin(125)) - 930da09c-3f8f-41e5-af50-ffe832c891ff@group-94831DF29432-StateMachineUpdater: set stopIndex = 0
2019-09-21 06:16:43,381 [main] INFO  impl.RaftServerImpl (ServerState.java:close(385)) - 930da09c-3f8f-41e5-af50-ffe832c891ff@group-94831DF29432: closes. applyIndex: 0
2019-09-21 06:16:43,381 [930da09c-3f8f-41e5-af50-ffe832c891ff@group-94831DF29432-SegmentedRaftLogWorker] INFO  segmented.SegmentedRaftLogWorker (SegmentedRaftLogWorker.java:run(313)) - 930da09c-3f8f-41e5-af50-ffe832c891ff@group-94831DF29432-SegmentedRaftLogWorker was interrupted, exiting. There are 0 tasks remaining in the queue.
2019-09-21 06:16:43,383 [main] INFO  segmented.SegmentedRaftLogWorker (SegmentedRaftLogWorker.java:close(228)) - 930da09c-3f8f-41e5-af50-ffe832c891ff@group-94831DF29432-SegmentedRaftLogWorker close()
2019-09-21 06:16:43,387 [main] INFO  server.GrpcService (GrpcService.java:closeImpl(164)) - 930da09c-3f8f-41e5-af50-ffe832c891ff: shutdown server with port 45193 now
2019-09-21 06:16:43,390 [main] INFO  server.GrpcService (GrpcService.java:closeImpl(172)) - 930da09c-3f8f-41e5-af50-ffe832c891ff: shutdown server with port 45193 successfully
2019-09-21 06:16:43,391 [grpc-default-executor-3] WARN  server.GrpcServerProtocolService (LogUtils.java:warn(134)) - 930da09c-3f8f-41e5-af50-ffe832c891ff: installSnapshot onError, lastRequest: b606a681-806b-4d8c-9fbf-cf0f22464020->930da09c-3f8f-41e5-af50-ffe832c891ff#12-t5, previous=(t:5, i:10), leaderCommit=10, initializing? false, entries: <empty>: org.apache.ratis.thirdparty.io.grpc.StatusRuntimeException: CANCELLED: cancelled before receiving half close
2019-09-21 06:16:43,392 [grpc-default-executor-2] WARN  server.GrpcLogAppender (LogUtils.java:warn(134)) - b606a681-806b-4d8c-9fbf-cf0f22464020@group-8BCC100E2D5F->930da09c-3f8f-41e5-af50-ffe832c891ff-AppendLogResponseHandler: Failed appendEntries: org.apache.ratis.thirdparty.io.grpc.StatusRuntimeException: CANCELLED: HTTP/2 error code: CANCEL
Received Rst Stream
2019-09-21 06:16:43,392 [grpc-default-executor-2] INFO  impl.FollowerInfo (FollowerInfo.java:lambda$new$0(51)) - b606a681-806b-4d8c-9fbf-cf0f22464020@group-8BCC100E2D5F->930da09c-3f8f-41e5-af50-ffe832c891ff: nextIndex: updateUnconditionally 11 -> 10
2019-09-21 06:16:43,402 [refreshUsed-/workdir/hadoop-ozone/integration-test/target/test-dir/MiniOzoneClusterImpl-2f17747c-cf84-4fcf-8ea3-e43b17c96bae/datanode-3/data/containers] WARN  fs.CachingGetSpaceUsed (CachingGetSpaceUsed.java:run(183)) - Thread Interrupted waiting to refresh disk information: sleep interrupted
2019-09-21 06:16:43,413 [main] INFO  utils.BackgroundService (BackgroundService.java:shutdown(148)) - Shutting down service BlockDeletingService
2019-09-21 06:16:43,417 [main] INFO  statemachine.DatanodeStateMachine (DatanodeStateMachine.java:stopDaemon(395)) - Ozone container server stopped.
2019-09-21 06:16:43,421 [main] INFO  handler.ContextHandler (ContextHandler.java:doStop(910)) - Stopped o.e.j.w.WebAppContext@317a118b{/,null,UNAVAILABLE}{/hddsDatanode}
2019-09-21 06:16:43,426 [main] INFO  server.AbstractConnector (AbstractConnector.java:doStop(318)) - Stopped ServerConnector@56dfab87{HTTP/1.1,[http/1.1]}{0.0.0.0:0}
2019-09-21 06:16:43,426 [main] INFO  handler.ContextHandler (ContextHandler.java:doStop(910)) - Stopped o.e.j.s.ServletContextHandler@72f9f27c{/static,jar:file:/home/user/.m2/repository/org/apache/hadoop/hadoop-hdds-container-service/0.5.0-SNAPSHOT/hadoop-hdds-container-service-0.5.0-SNAPSHOT.jar!/webapps/static,UNAVAILABLE}
2019-09-21 06:16:43,427 [main] INFO  handler.ContextHandler (ContextHandler.java:doStop(910)) - Stopped o.e.j.s.ServletContextHandler@43af351a{/logs,file:///workdir/hadoop-ozone/integration-test/target/log,UNAVAILABLE}
2019-09-21 06:16:44,030 [Datanode State Machine Thread - 0] INFO  statemachine.DatanodeStateMachine (DatanodeStateMachine.java:lambda$startDaemon$0(350)) - Ozone container server started.
2019-09-21 06:16:44,039 [grpc-default-executor-2] WARN  server.GrpcLogAppender (LogUtils.java:warn(134)) - b606a681-806b-4d8c-9fbf-cf0f22464020@group-8BCC100E2D5F->930da09c-3f8f-41e5-af50-ffe832c891ff-AppendLogResponseHandler: Failed appendEntries: org.apache.ratis.thirdparty.io.grpc.StatusRuntimeException: UNAVAILABLE: io exception
2019-09-21 06:16:44,043 [grpc-default-executor-2] INFO  impl.FollowerInfo (FollowerInfo.java:lambda$new$0(51)) - b606a681-806b-4d8c-9fbf-cf0f22464020@group-8BCC100E2D5F->930da09c-3f8f-41e5-af50-ffe832c891ff: nextIndex: updateUnconditionally 11 -> 10
2019-09-21 06:16:44,061 [grpc-default-executor-0] WARN  server.GrpcLogAppender (LogUtils.java:warn(134)) - b606a681-806b-4d8c-9fbf-cf0f22464020@group-8BCC100E2D5F->930da09c-3f8f-41e5-af50-ffe832c891ff-AppendLogResponseHandler: Failed appendEntries: org.apache.ratis.thirdparty.io.grpc.StatusRuntimeException: UNAVAILABLE: io exception
2019-09-21 06:16:44,064 [grpc-default-executor-0] INFO  impl.FollowerInfo (FollowerInfo.java:lambda$new$0(51)) - b606a681-806b-4d8c-9fbf-cf0f22464020@group-8BCC100E2D5F->930da09c-3f8f-41e5-af50-ffe832c891ff: nextIndex: updateUnconditionally 11 -> 10
2019-09-21 06:16:44,099 [RatisApplyTransactionExecutor 2] INFO  interfaces.Container (KeyValueContainer.java:flushAndSyncDB(386)) - Container 2 is synced with bcsId 7.
2019-09-21 06:16:44,099 [RatisApplyTransactionExecutor 2] INFO  interfaces.Container (KeyValueContainer.java:flushAndSyncDB(386)) - Container 2 is synced with bcsId 7.
2019-09-21 06:16:44,104 [grpc-default-executor-3] WARN  server.GrpcLogAppender (LogUtils.java:warn(134)) - b606a681-806b-4d8c-9fbf-cf0f22464020@group-8BCC100E2D5F->930da09c-3f8f-41e5-af50-ffe832c891ff-AppendLogResponseHandler: Failed appendEntries: org.apache.ratis.thirdparty.io.grpc.StatusRuntimeException: UNAVAILABLE: io exception
2019-09-21 06:16:44,106 [grpc-default-executor-3] INFO  impl.FollowerInfo (FollowerInfo.java:lambda$new$0(51)) - b606a681-806b-4d8c-9fbf-cf0f22464020@group-8BCC100E2D5F->930da09c-3f8f-41e5-af50-ffe832c891ff: nextIndex: updateUnconditionally 11 -> 10
2019-09-21 06:16:44,135 [RatisApplyTransactionExecutor 2] INFO  interfaces.Container (KeyValueContainer.java:flushAndSyncDB(386)) - Container 2 is synced with bcsId 7.
2019-09-21 06:16:44,137 [RatisApplyTransactionExecutor 2] INFO  interfaces.Container (KeyValueContainer.java:flushAndSyncDB(386)) - Container 2 is synced with bcsId 7.
2019-09-21 06:16:44,198 [RatisApplyTransactionExecutor 2] INFO  interfaces.Container (KeyValueContainer.java:close(335)) - Container 2 is closed with bcsId 7.
2019-09-21 06:16:44,200 [EventQueue-IncrementalContainerReportForIncrementalContainerReportHandler] INFO  container.IncrementalContainerReportHandler (AbstractContainerReportHandler.java:updateContainerState(176)) - Moving container #2 to CLOSED state, datanode b606a681-806b-4d8c-9fbf-cf0f22464020{ip: 192.168.34.39, host: pr-hdds-2161-4k4xz-3364335222, networkLocation: /default-rack, certSerialId: null} reported CLOSED replica.
2019-09-21 06:16:44,221 [RatisApplyTransactionExecutor 2] INFO  interfaces.Container (KeyValueContainer.java:close(335)) - Container 2 is closed with bcsId 7.
2019-09-21 06:16:46,110 [EventQueue-StaleNodeForStaleNodeHandler] INFO  node.StaleNodeHandler (StaleNodeHandler.java:onMessage(58)) - Datanode d758153d-14bf-4782-bed3-28d60c83df08{ip: 192.168.34.39, host: pr-hdds-2161-4k4xz-3364335222, networkLocation: /default-rack, certSerialId: null} moved to stale state. Finalizing its pipelines [PipelineID=f9fae827-de9f-4384-8eb4-31af4b49e9b5, PipelineID=35a269a2-9634-4478-977c-8bcc100e2d5f]
2019-09-21 06:16:46,111 [EventQueue-StaleNodeForStaleNodeHandler] INFO  pipeline.SCMPipelineManager (SCMPipelineManager.java:finalizeAndDestroyPipeline(315)) - destroying pipeline:Pipeline[ Id: f9fae827-de9f-4384-8eb4-31af4b49e9b5, Nodes: d758153d-14bf-4782-bed3-28d60c83df08{ip: 192.168.34.39, host: pr-hdds-2161-4k4xz-3364335222, networkLocation: /default-rack, certSerialId: null}, Type:RATIS, Factor:ONE, State:OPEN]
2019-09-21 06:16:46,112 [EventQueue-StaleNodeForStaleNodeHandler] INFO  pipeline.PipelineStateManager (PipelineStateManager.java:finalizePipeline(123)) - Pipeline Pipeline[ Id: f9fae827-de9f-4384-8eb4-31af4b49e9b5, Nodes: d758153d-14bf-4782-bed3-28d60c83df08{ip: 192.168.34.39, host: pr-hdds-2161-4k4xz-3364335222, networkLocation: /default-rack, certSerialId: null}, Type:RATIS, Factor:ONE, State:CLOSED] moved to CLOSED state
2019-09-21 06:16:46,112 [EventQueue-StaleNodeForStaleNodeHandler] INFO  pipeline.SCMPipelineManager (SCMPipelineManager.java:finalizeAndDestroyPipeline(315)) - destroying pipeline:Pipeline[ Id: 35a269a2-9634-4478-977c-8bcc100e2d5f, Nodes: 930da09c-3f8f-41e5-af50-ffe832c891ff{ip: 192.168.34.39, host: pr-hdds-2161-4k4xz-3364335222, networkLocation: /default-rack, certSerialId: null}d758153d-14bf-4782-bed3-28d60c83df08{ip: 192.168.34.39, host: pr-hdds-2161-4k4xz-3364335222, networkLocation: /default-rack, certSerialId: null}b606a681-806b-4d8c-9fbf-cf0f22464020{ip: 192.168.34.39, host: pr-hdds-2161-4k4xz-3364335222, networkLocation: /default-rack, certSerialId: null}, Type:RATIS, Factor:THREE, State:CLOSED]
2019-09-21 06:16:46,610 [grpc-default-executor-3] WARN  server.GrpcLogAppender (LogUtils.java:warn(134)) - b606a681-806b-4d8c-9fbf-cf0f22464020@group-8BCC100E2D5F->930da09c-3f8f-41e5-af50-ffe832c891ff-AppendLogResponseHandler: Failed appendEntries: org.apache.ratis.thirdparty.io.grpc.StatusRuntimeException: UNAVAILABLE: io exception
2019-09-21 06:16:46,615 [grpc-default-executor-3] INFO  impl.FollowerInfo (FollowerInfo.java:lambda$new$0(51)) - b606a681-806b-4d8c-9fbf-cf0f22464020@group-8BCC100E2D5F->930da09c-3f8f-41e5-af50-ffe832c891ff: nextIndex: updateUnconditionally 10 -> 9
2019-09-21 06:16:48,430 [main] INFO  ozoneimpl.OzoneContainer (OzoneContainer.java:stop(231)) - Attempting to stop container services.
2019-09-21 06:16:48,436 [main] INFO  impl.RaftServerProxy (RaftServerProxy.java:lambda$close$4(314)) - d758153d-14bf-4782-bed3-28d60c83df08: close
2019-09-21 06:16:48,437 [main] INFO  impl.RaftServerImpl (RaftServerImpl.java:lambda$shutdown$3(251)) - d758153d-14bf-4782-bed3-28d60c83df08@group-31AF4B49E9B5: shutdown
2019-09-21 06:16:48,437 [ForkJoinPool.commonPool-worker-1] INFO  impl.RaftServerImpl (RaftServerImpl.java:lambda$shutdown$3(251)) - d758153d-14bf-4782-bed3-28d60c83df08@group-8BCC100E2D5F: shutdown
2019-09-21 06:16:48,437 [main] INFO  util.JmxRegister (JmxRegister.java:unregister(73)) - Successfully un-registered JMX Bean with object name Ratis:service=RaftServer,group=group-31AF4B49E9B5,id=d758153d-14bf-4782-bed3-28d60c83df08
2019-09-21 06:16:48,438 [ForkJoinPool.commonPool-worker-1] INFO  util.JmxRegister (JmxRegister.java:unregister(73)) - Successfully un-registered JMX Bean with object name Ratis:service=RaftServer,group=group-8BCC100E2D5F,id=d758153d-14bf-4782-bed3-28d60c83df08
2019-09-21 06:16:48,438 [main] INFO  impl.RoleInfo (RoleInfo.java:shutdownLeaderState(104)) - d758153d-14bf-4782-bed3-28d60c83df08: shutdown LeaderState
2019-09-21 06:16:48,438 [ForkJoinPool.commonPool-worker-1] INFO  impl.RoleInfo (RoleInfo.java:shutdownFollowerState(121)) - d758153d-14bf-4782-bed3-28d60c83df08: shutdown FollowerState
2019-09-21 06:16:48,439 [main] INFO  impl.PendingRequests (PendingRequests.java:sendNotLeaderResponses(202)) - d758153d-14bf-4782-bed3-28d60c83df08-PendingRequests: sendNotLeaderResponses
2019-09-21 06:16:48,439 [d758153d-14bf-4782-bed3-28d60c83df08@group-8BCC100E2D5F-StateMachineUpdater] INFO  ratis.ContainerStateMachine (ContainerStateMachine.java:takeSnapshot(289)) - group-8BCC100E2D5F: Taking a snapshot at:(t:5, i:11) file /workdir/hadoop-ozone/integration-test/target/test-dir/MiniOzoneClusterImpl-2f17747c-cf84-4fcf-8ea3-e43b17c96bae/datanode-1/data/ratis/35a269a2-9634-4478-977c-8bcc100e2d5f/sm/snapshot.5_11
2019-09-21 06:16:48,439 [Thread-429] INFO  impl.FollowerState (FollowerState.java:run(115)) - d758153d-14bf-4782-bed3-28d60c83df08: FollowerState was interrupted: java.lang.InterruptedException: sleep interrupted
2019-09-21 06:16:48,439 [ForkJoinPool.commonPool-worker-1] INFO  impl.StateMachineUpdater (StateMachineUpdater.java:stopAndJoin(125)) - d758153d-14bf-4782-bed3-28d60c83df08@group-8BCC100E2D5F-StateMachineUpdater: set stopIndex = 12
2019-09-21 06:16:48,442 [main] INFO  impl.StateMachineUpdater (StateMachineUpdater.java:stopAndJoin(125)) - d758153d-14bf-4782-bed3-28d60c83df08@group-31AF4B49E9B5-StateMachineUpdater: set stopIndex = 0
2019-09-21 06:16:48,443 [main] INFO  impl.RaftServerImpl (ServerState.java:close(385)) - d758153d-14bf-4782-bed3-28d60c83df08@group-31AF4B49E9B5: closes. applyIndex: 0
2019-09-21 06:16:48,444 [d758153d-14bf-4782-bed3-28d60c83df08@group-31AF4B49E9B5-SegmentedRaftLogWorker] INFO  segmented.SegmentedRaftLogWorker (SegmentedRaftLogWorker.java:run(313)) - d758153d-14bf-4782-bed3-28d60c83df08@group-31AF4B49E9B5-SegmentedRaftLogWorker was interrupted, exiting. There are 0 tasks remaining in the queue.
2019-09-21 06:16:48,446 [main] INFO  segmented.SegmentedRaftLogWorker (SegmentedRaftLogWorker.java:close(228)) - d758153d-14bf-4782-bed3-28d60c83df08@group-31AF4B49E9B5-SegmentedRaftLogWorker close()
2019-09-21 06:16:48,505 [d758153d-14bf-4782-bed3-28d60c83df08@group-8BCC100E2D5F-StateMachineUpdater] INFO  ratis.ContainerStateMachine (ContainerStateMachine.java:takeSnapshot(300)) - group-8BCC100E2D5F: Finished taking a snapshot at:(t:5, i:11) file:/workdir/hadoop-ozone/integration-test/target/test-dir/MiniOzoneClusterImpl-2f17747c-cf84-4fcf-8ea3-e43b17c96bae/datanode-1/data/ratis/35a269a2-9634-4478-977c-8bcc100e2d5f/sm/snapshot.5_11 time:65
2019-09-21 06:16:48,505 [d758153d-14bf-4782-bed3-28d60c83df08@group-8BCC100E2D5F-StateMachineUpdater] INFO  impl.StateMachineUpdater (StateMachineUpdater.java:takeSnapshot(258)) - d758153d-14bf-4782-bed3-28d60c83df08@group-8BCC100E2D5F-StateMachineUpdater: Took a snapshot at index 11
2019-09-21 06:16:48,505 [d758153d-14bf-4782-bed3-28d60c83df08@group-8BCC100E2D5F-StateMachineUpdater] INFO  impl.StateMachineUpdater (StateMachineUpdater.java:lambda$new$0(83)) - d758153d-14bf-4782-bed3-28d60c83df08@group-8BCC100E2D5F-StateMachineUpdater: snapshotIndex: updateIncreasingly -1 -> 11
2019-09-21 06:16:48,506 [d758153d-14bf-4782-bed3-28d60c83df08@group-8BCC100E2D5F-StateMachineUpdater] INFO  ratis.ContainerStateMachine (ContainerStateMachine.java:takeSnapshot(289)) - group-8BCC100E2D5F: Taking a snapshot at:(t:5, i:11) file /workdir/hadoop-ozone/integration-test/target/test-dir/MiniOzoneClusterImpl-2f17747c-cf84-4fcf-8ea3-e43b17c96bae/datanode-1/data/ratis/35a269a2-9634-4478-977c-8bcc100e2d5f/sm/snapshot.5_11
2019-09-21 06:16:48,581 [d758153d-14bf-4782-bed3-28d60c83df08@group-8BCC100E2D5F-StateMachineUpdater] INFO  ratis.ContainerStateMachine (ContainerStateMachine.java:takeSnapshot(300)) - group-8BCC100E2D5F: Finished taking a snapshot at:(t:5, i:11) file:/workdir/hadoop-ozone/integration-test/target/test-dir/MiniOzoneClusterImpl-2f17747c-cf84-4fcf-8ea3-e43b17c96bae/datanode-1/data/ratis/35a269a2-9634-4478-977c-8bcc100e2d5f/sm/snapshot.5_11 time:75
2019-09-21 06:16:48,582 [d758153d-14bf-4782-bed3-28d60c83df08@group-8BCC100E2D5F-StateMachineUpdater] INFO  impl.StateMachineUpdater (StateMachineUpdater.java:takeSnapshot(258)) - d758153d-14bf-4782-bed3-28d60c83df08@group-8BCC100E2D5F-StateMachineUpdater: Took a snapshot at index 11
2019-09-21 06:16:48,582 [d758153d-14bf-4782-bed3-28d60c83df08@group-8BCC100E2D5F-StateMachineUpdater] INFO  impl.StateMachineUpdater (StateMachineUpdater.java:lambda$new$0(83)) - d758153d-14bf-4782-bed3-28d60c83df08@group-8BCC100E2D5F-StateMachineUpdater: snapshotIndex: updateIncreasingly 11 -> 11
2019-09-21 06:16:48,583 [ForkJoinPool.commonPool-worker-1] INFO  impl.RaftServerImpl (ServerState.java:close(385)) - d758153d-14bf-4782-bed3-28d60c83df08@group-8BCC100E2D5F: closes. applyIndex: 12
2019-09-21 06:16:48,583 [d758153d-14bf-4782-bed3-28d60c83df08@group-8BCC100E2D5F-SegmentedRaftLogWorker] INFO  segmented.SegmentedRaftLogWorker (SegmentedRaftLogWorker.java:run(313)) - d758153d-14bf-4782-bed3-28d60c83df08@group-8BCC100E2D5F-SegmentedRaftLogWorker was interrupted, exiting. There are 0 tasks remaining in the queue.
2019-09-21 06:16:48,586 [ForkJoinPool.commonPool-worker-1] INFO  segmented.SegmentedRaftLogWorker (SegmentedRaftLogWorker.java:close(228)) - d758153d-14bf-4782-bed3-28d60c83df08@group-8BCC100E2D5F-SegmentedRaftLogWorker close()
2019-09-21 06:16:48,589 [main] INFO  server.GrpcService (GrpcService.java:closeImpl(164)) - d758153d-14bf-4782-bed3-28d60c83df08: shutdown server with port 40618 now
2019-09-21 06:16:48,592 [grpc-default-executor-3] WARN  server.GrpcServerProtocolService (LogUtils.java:warn(134)) - d758153d-14bf-4782-bed3-28d60c83df08: installSnapshot onError, lastRequest: b606a681-806b-4d8c-9fbf-cf0f22464020->d758153d-14bf-4782-bed3-28d60c83df08#16-t5, previous=(t:5, i:12), leaderCommit=12, initializing? false, entries: <empty>: org.apache.ratis.thirdparty.io.grpc.StatusRuntimeException: CANCELLED: cancelled before receiving half close
2019-09-21 06:16:48,592 [main] INFO  server.GrpcService (GrpcService.java:closeImpl(172)) - d758153d-14bf-4782-bed3-28d60c83df08: shutdown server with port 40618 successfully
2019-09-21 06:16:48,592 [grpc-default-executor-2] WARN  server.GrpcLogAppender (LogUtils.java:warn(134)) - b606a681-806b-4d8c-9fbf-cf0f22464020@group-8BCC100E2D5F->d758153d-14bf-4782-bed3-28d60c83df08-AppendLogResponseHandler: Failed appendEntries: org.apache.ratis.thirdparty.io.grpc.StatusRuntimeException: CANCELLED: HTTP/2 error code: CANCEL
Received Rst Stream
2019-09-21 06:16:48,593 [grpc-default-executor-2] INFO  impl.FollowerInfo (FollowerInfo.java:lambda$new$0(51)) - b606a681-806b-4d8c-9fbf-cf0f22464020@group-8BCC100E2D5F->d758153d-14bf-4782-bed3-28d60c83df08: nextIndex: updateUnconditionally 13 -> 12
2019-09-21 06:16:48,600 [refreshUsed-/workdir/hadoop-ozone/integration-test/target/test-dir/MiniOzoneClusterImpl-2f17747c-cf84-4fcf-8ea3-e43b17c96bae/datanode-1/data/containers] WARN  fs.CachingGetSpaceUsed (CachingGetSpaceUsed.java:run(183)) - Thread Interrupted waiting to refresh disk information: sleep interrupted
2019-09-21 06:16:48,622 [main] INFO  utils.BackgroundService (BackgroundService.java:shutdown(148)) - Shutting down service BlockDeletingService
2019-09-21 06:16:48,628 [main] INFO  statemachine.DatanodeStateMachine (DatanodeStateMachine.java:stopDaemon(395)) - Ozone container server stopped.
2019-09-21 06:16:48,630 [main] INFO  handler.ContextHandler (ContextHandler.java:doStop(910)) - Stopped o.e.j.w.WebAppContext@337bbfdf{/,null,UNAVAILABLE}{/hddsDatanode}
2019-09-21 06:16:48,631 [main] INFO  server.AbstractConnector (AbstractConnector.java:doStop(318)) - Stopped ServerConnector@52d97ab6{HTTP/1.1,[http/1.1]}{0.0.0.0:0}
2019-09-21 06:16:48,632 [main] INFO  handler.ContextHandler (ContextHandler.java:doStop(910)) - Stopped o.e.j.s.ServletContextHandler@4b200971{/static,jar:file:/home/user/.m2/repository/org/apache/hadoop/hadoop-hdds-container-service/0.5.0-SNAPSHOT/hadoop-hdds-container-service-0.5.0-SNAPSHOT.jar!/webapps/static,UNAVAILABLE}
2019-09-21 06:16:48,632 [main] INFO  handler.ContextHandler (ContextHandler.java:doStop(910)) - Stopped o.e.j.s.ServletContextHandler@a9f023e{/logs,file:///workdir/hadoop-ozone/integration-test/target/log,UNAVAILABLE}
]]></system-out>
    <system-err><![CDATA[Sep 21, 2019 6:16:43 AM org.apache.ratis.thirdparty.io.grpc.internal.SerializingExecutor run
SEVERE: Exception while executing runnable org.apache.ratis.thirdparty.io.grpc.internal.ServerImpl$JumpToApplicationThreadServerStreamListener$1Closed@6e71d52b
org.apache.ratis.thirdparty.io.grpc.StatusRuntimeException: CANCELLED: call already cancelled
	at org.apache.ratis.thirdparty.io.grpc.Status.asRuntimeException(Status.java:517)
	at org.apache.ratis.thirdparty.io.grpc.stub.ServerCalls$ServerCallStreamObserverImpl.onCompleted(ServerCalls.java:356)
	at org.apache.ratis.grpc.server.GrpcServerProtocolService$ServerRequestStreamObserver.onError(GrpcServerProtocolService.java:121)
	at org.apache.ratis.thirdparty.io.grpc.stub.ServerCalls$StreamingServerCallHandler$StreamingServerCallListener.onCancel(ServerCalls.java:269)
	at org.apache.ratis.thirdparty.io.grpc.internal.ServerCallImpl$ServerStreamListenerImpl.closed(ServerCallImpl.java:293)
	at org.apache.ratis.thirdparty.io.grpc.internal.ServerImpl$JumpToApplicationThreadServerStreamListener$1Closed.runInContext(ServerImpl.java:741)
	at org.apache.ratis.thirdparty.io.grpc.internal.ContextRunnable.run(ContextRunnable.java:37)
	at org.apache.ratis.thirdparty.io.grpc.internal.SerializingExecutor.run(SerializingExecutor.java:123)
	at java.util.concurrent.ThreadPoolExecutor.runWorker(ThreadPoolExecutor.java:1149)
	at java.util.concurrent.ThreadPoolExecutor$Worker.run(ThreadPoolExecutor.java:624)
	at java.lang.Thread.run(Thread.java:748)

Sep 21, 2019 6:16:48 AM org.apache.ratis.thirdparty.io.grpc.internal.SerializingExecutor run
SEVERE: Exception while executing runnable org.apache.ratis.thirdparty.io.grpc.internal.ServerImpl$JumpToApplicationThreadServerStreamListener$1Closed@3153664e
org.apache.ratis.thirdparty.io.grpc.StatusRuntimeException: CANCELLED: call already cancelled
	at org.apache.ratis.thirdparty.io.grpc.Status.asRuntimeException(Status.java:517)
	at org.apache.ratis.thirdparty.io.grpc.stub.ServerCalls$ServerCallStreamObserverImpl.onCompleted(ServerCalls.java:356)
	at org.apache.ratis.grpc.server.GrpcServerProtocolService$ServerRequestStreamObserver.onError(GrpcServerProtocolService.java:121)
	at org.apache.ratis.thirdparty.io.grpc.stub.ServerCalls$StreamingServerCallHandler$StreamingServerCallListener.onCancel(ServerCalls.java:269)
	at org.apache.ratis.thirdparty.io.grpc.internal.ServerCallImpl$ServerStreamListenerImpl.closed(ServerCallImpl.java:293)
	at org.apache.ratis.thirdparty.io.grpc.internal.ServerImpl$JumpToApplicationThreadServerStreamListener$1Closed.runInContext(ServerImpl.java:741)
	at org.apache.ratis.thirdparty.io.grpc.internal.ContextRunnable.run(ContextRunnable.java:37)
	at org.apache.ratis.thirdparty.io.grpc.internal.SerializingExecutor.run(SerializingExecutor.java:123)
	at java.util.concurrent.ThreadPoolExecutor.runWorker(ThreadPoolExecutor.java:1149)
	at java.util.concurrent.ThreadPoolExecutor$Worker.run(ThreadPoolExecutor.java:624)
	at java.lang.Thread.run(Thread.java:748)

]]></system-err>
  </testcase>
</testsuite>