<?xml version="1.0" encoding="UTF-8"?>
<testsuite xmlns:xsi="http://www.w3.org/2001/XMLSchema-instance" xsi:noNamespaceSchemaLocation="https://maven.apache.org/surefire/maven-surefire-plugin/xsd/surefire-test-report.xsd" name="org.apache.hadoop.ozone.client.rpc.TestWatchForCommit" time="249.788" tests="5" errors="1" skipped="0" failures="0">
  <properties>
    <property name="awt.toolkit" value="sun.awt.X11.XToolkit"/>
    <property name="file.encoding.pkg" value="sun.io"/>
    <property name="java.specification.version" value="1.8"/>
    <property name="sun.cpu.isalist" value=""/>
    <property name="sun.jnu.encoding" value="UTF-8"/>
    <property name="java.class.path" value="/workdir/hadoop-ozone/integration-test/target/test-classes:/workdir/hadoop-ozone/integration-test/target/classes:/home/user/.m2/repository/org/apache/hadoop/hadoop-ozone-common/0.5.0-SNAPSHOT/hadoop-ozone-common-0.5.0-SNAPSHOT.jar:/home/user/.m2/repository/org/apache/commons/commons-compress/1.4.1/commons-compress-1.4.1.jar:/home/user/.m2/repository/org/tukaani/xz/1.0/xz-1.0.jar:/home/user/.m2/repository/org/apache/hadoop/hadoop-common/3.2.0/hadoop-common-3.2.0.jar:/home/user/.m2/repository/org/apache/hadoop/hadoop-hdfs/3.2.0/hadoop-hdfs-3.2.0.jar:/home/user/.m2/repository/org/apache/hadoop/hadoop-hdfs-client/3.2.0/hadoop-hdfs-client-3.2.0.jar:/home/user/.m2/repository/com/fasterxml/jackson/core/jackson-annotations/2.9.9/jackson-annotations-2.9.9.jar:/home/user/.m2/repository/org/apache/hadoop/hadoop-hdds-common/0.5.0-SNAPSHOT/hadoop-hdds-common-0.5.0-SNAPSHOT.jar:/home/user/.m2/repository/javax/annotation/javax.annotation-api/1.2/javax.annotation-api-1.2.jar:/home/user/.m2/repository/org/apache/ratis/ratis-server/0.4.0/ratis-server-0.4.0.jar:/home/user/.m2/repository/org/apache/ratis/ratis-thirdparty-misc/0.2.0/ratis-thirdparty-misc-0.2.0.jar:/home/user/.m2/repository/org/apache/ratis/ratis-proto/0.4.0/ratis-proto-0.4.0.jar:/home/user/.m2/repository/org/apache/ratis/ratis-common/0.4.0/ratis-common-0.4.0.jar:/home/user/.m2/repository/org/apache/ratis/ratis-client/0.4.0/ratis-client-0.4.0.jar:/home/user/.m2/repository/org/apache/ratis/ratis-metrics/0.4.0/ratis-metrics-0.4.0.jar:/home/user/.m2/repository/com/github/joshelser/dropwizard-metrics-hadoop-metrics2-reporter/0.1.2/dropwizard-metrics-hadoop-metrics2-reporter-0.1.2.jar:/home/user/.m2/repository/io/dropwizard/metrics/metrics-jvm/3.2.5/metrics-jvm-3.2.5.jar:/home/user/.m2/repository/io/dropwizard/metrics/metrics-ganglia/3.2.5/metrics-ganglia-3.2.5.jar:/home/user/.m2/repository/info/ganglia/gmetric4j/gmetric4j/1.0.7/gmetric4j-1.0.7.jar:/home/user/.m2/repository/org/apache/ratis/ratis-netty/0.4.0/ratis-netty-0.4.0.jar:/home/user/.m2/repository/org/apache/ratis/ratis-grpc/0.4.0/ratis-grpc-0.4.0.jar:/home/user/.m2/repository/org/rocksdb/rocksdbjni/6.0.1/rocksdbjni-6.0.1.jar:/home/user/.m2/repository/org/apache/logging/log4j/log4j-api/2.11.0/log4j-api-2.11.0.jar:/home/user/.m2/repository/org/apache/logging/log4j/log4j-core/2.11.0/log4j-core-2.11.0.jar:/home/user/.m2/repository/com/lmax/disruptor/3.4.2/disruptor-3.4.2.jar:/home/user/.m2/repository/org/apache/commons/commons-pool2/2.6.0/commons-pool2-2.6.0.jar:/home/user/.m2/repository/org/bouncycastle/bcpkix-jdk15on/1.60/bcpkix-jdk15on-1.60.jar:/home/user/.m2/repository/commons-validator/commons-validator/1.6/commons-validator-1.6.jar:/home/user/.m2/repository/commons-digester/commons-digester/1.8.1/commons-digester-1.8.1.jar:/home/user/.m2/repository/io/jaegertracing/jaeger-client/0.33.1/jaeger-client-0.33.1.jar:/home/user/.m2/repository/io/jaegertracing/jaeger-thrift/0.33.1/jaeger-thrift-0.33.1.jar:/home/user/.m2/repository/org/apache/thrift/libthrift/0.11.0/libthrift-0.11.0.jar:/home/user/.m2/repository/com/squareup/okhttp3/okhttp/3.9.0/okhttp-3.9.0.jar:/home/user/.m2/repository/com/squareup/okio/okio/1.13.0/okio-1.13.0.jar:/home/user/.m2/repository/io/jaegertracing/jaeger-core/0.33.1/jaeger-core-0.33.1.jar:/home/user/.m2/repository/io/jaegertracing/jaeger-tracerresolver/0.33.1/jaeger-tracerresolver-0.33.1.jar:/home/user/.m2/repository/io/opentracing/contrib/opentracing-tracerresolver/0.1.5/opentracing-tracerresolver-0.1.5.jar:/home/user/.m2/repository/io/opentracing/opentracing-util/0.31.0/opentracing-util-0.31.0.jar:/home/user/.m2/repository/io/opentracing/opentracing-api/0.31.0/opentracing-api-0.31.0.jar:/home/user/.m2/repository/io/opentracing/opentracing-noop/0.31.0/opentracing-noop-0.31.0.jar:/home/user/.m2/repository/org/apache/hadoop/hadoop-hdds-server-framework/0.5.0-SNAPSHOT/hadoop-hdds-server-framework-0.5.0-SNAPSHOT.jar:/home/user/.m2/repository/org/apache/hadoop/hadoop-hdds-container-service/0.5.0-SNAPSHOT/hadoop-hdds-container-service-0.5.0-SNAPSHOT.jar:/home/user/.m2/repository/org/apache/hadoop/hadoop-hdds-client/0.5.0-SNAPSHOT/hadoop-hdds-client-0.5.0-SNAPSHOT.jar:/home/user/.m2/repository/org/apache/hadoop/hadoop-hdds-tools/0.5.0-SNAPSHOT/hadoop-hdds-tools-0.5.0-SNAPSHOT.jar:/home/user/.m2/repository/org/apache/hadoop/hadoop-hdds-server-scm/0.5.0-SNAPSHOT/hadoop-hdds-server-scm-0.5.0-SNAPSHOT.jar:/home/user/.m2/repository/org/apache/hadoop/hadoop-hdds-docs/0.5.0-SNAPSHOT/hadoop-hdds-docs-0.5.0-SNAPSHOT.jar:/home/user/.m2/repository/io/dropwizard/metrics/metrics-core/3.2.4/metrics-core-3.2.4.jar:/home/user/.m2/repository/org/hamcrest/hamcrest-all/1.3/hamcrest-all-1.3.jar:/home/user/.m2/repository/org/bouncycastle/bcprov-jdk15on/1.60/bcprov-jdk15on-1.60.jar:/home/user/.m2/repository/info/picocli/picocli/3.9.6/picocli-3.9.6.jar:/home/user/.m2/repository/com/google/protobuf/protobuf-java/2.5.0/protobuf-java-2.5.0.jar:/home/user/.m2/repository/com/google/guava/guava/11.0.2/guava-11.0.2.jar:/home/user/.m2/repository/org/apache/hadoop/hadoop-ozone-ozone-manager/0.5.0-SNAPSHOT/hadoop-ozone-ozone-manager-0.5.0-SNAPSHOT.jar:/home/user/.m2/repository/org/apache/hadoop/hadoop-minikdc/3.2.0/hadoop-minikdc-3.2.0.jar:/home/user/.m2/repository/commons-io/commons-io/2.5/commons-io-2.5.jar:/home/user/.m2/repository/org/apache/kerby/kerb-simplekdc/1.0.1/kerb-simplekdc-1.0.1.jar:/home/user/.m2/repository/org/apache/kerby/kerb-client/1.0.1/kerb-client-1.0.1.jar:/home/user/.m2/repository/org/apache/kerby/kerby-config/1.0.1/kerby-config-1.0.1.jar:/home/user/.m2/repository/org/apache/kerby/kerb-core/1.0.1/kerb-core-1.0.1.jar:/home/user/.m2/repository/org/apache/kerby/kerby-pkix/1.0.1/kerby-pkix-1.0.1.jar:/home/user/.m2/repository/org/apache/kerby/kerby-asn1/1.0.1/kerby-asn1-1.0.1.jar:/home/user/.m2/repository/org/apache/kerby/kerby-util/1.0.1/kerby-util-1.0.1.jar:/home/user/.m2/repository/org/apache/kerby/kerb-common/1.0.1/kerb-common-1.0.1.jar:/home/user/.m2/repository/org/apache/kerby/kerb-crypto/1.0.1/kerb-crypto-1.0.1.jar:/home/user/.m2/repository/org/apache/kerby/kerb-util/1.0.1/kerb-util-1.0.1.jar:/home/user/.m2/repository/org/apache/kerby/token-provider/1.0.1/token-provider-1.0.1.jar:/home/user/.m2/repository/org/apache/kerby/kerb-admin/1.0.1/kerb-admin-1.0.1.jar:/home/user/.m2/repository/org/apache/kerby/kerb-server/1.0.1/kerb-server-1.0.1.jar:/home/user/.m2/repository/org/apache/kerby/kerb-identity/1.0.1/kerb-identity-1.0.1.jar:/home/user/.m2/repository/org/apache/kerby/kerby-xdr/1.0.1/kerby-xdr-1.0.1.jar:/home/user/.m2/repository/org/slf4j/slf4j-log4j12/1.7.25/slf4j-log4j12-1.7.25.jar:/home/user/.m2/repository/org/apache/hadoop/hadoop-ozone-s3gateway/0.5.0-SNAPSHOT/hadoop-ozone-s3gateway-0.5.0-SNAPSHOT.jar:/home/user/.m2/repository/org/jboss/weld/servlet/weld-servlet/2.4.7.Final/weld-servlet-2.4.7.Final.jar:/home/user/.m2/repository/org/glassfish/jersey/containers/jersey-container-servlet-core/2.27/jersey-container-servlet-core-2.27.jar:/home/user/.m2/repository/org/glassfish/hk2/external/javax.inject/2.5.0-b42/javax.inject-2.5.0-b42.jar:/home/user/.m2/repository/org/glassfish/jersey/core/jersey-common/2.27/jersey-common-2.27.jar:/home/user/.m2/repository/org/glassfish/hk2/osgi-resource-locator/1.0.1/osgi-resource-locator-1.0.1.jar:/home/user/.m2/repository/javax/ws/rs/javax.ws.rs-api/2.1/javax.ws.rs-api-2.1.jar:/home/user/.m2/repository/org/glassfish/jersey/ext/cdi/jersey-cdi1x/2.27/jersey-cdi1x-2.27.jar:/home/user/.m2/repository/org/glassfish/jersey/inject/jersey-hk2/2.27/jersey-hk2-2.27.jar:/home/user/.m2/repository/org/glassfish/hk2/hk2-locator/2.5.0-b42/hk2-locator-2.5.0-b42.jar:/home/user/.m2/repository/org/javassist/javassist/3.22.0-CR2/javassist-3.22.0-CR2.jar:/home/user/.m2/repository/org/glassfish/hk2/hk2-api/2.5.0/hk2-api-2.5.0.jar:/home/user/.m2/repository/org/glassfish/hk2/external/jakarta.inject/2.5.0/jakarta.inject-2.5.0.jar:/home/user/.m2/repository/org/glassfish/hk2/hk2-utils/2.5.0/hk2-utils-2.5.0.jar:/home/user/.m2/repository/jakarta/annotation/jakarta.annotation-api/1.3.4/jakarta.annotation-api-1.3.4.jar:/home/user/.m2/repository/org/glassfish/hk2/external/aopalliance-repackaged/2.5.0/aopalliance-repackaged-2.5.0.jar:/home/user/.m2/repository/com/fasterxml/jackson/dataformat/jackson-dataformat-xml/2.9.0/jackson-dataformat-xml-2.9.0.jar:/home/user/.m2/repository/com/fasterxml/jackson/core/jackson-core/2.9.9/jackson-core-2.9.9.jar:/home/user/.m2/repository/com/fasterxml/jackson/module/jackson-module-jaxb-annotations/2.9.9/jackson-module-jaxb-annotations-2.9.9.jar:/home/user/.m2/repository/javax/enterprise/cdi-api/1.2/cdi-api-1.2.jar:/home/user/.m2/repository/javax/el/javax.el-api/3.0.0/javax.el-api-3.0.0.jar:/home/user/.m2/repository/javax/interceptor/javax.interceptor-api/1.2/javax.interceptor-api-1.2.jar:/home/user/.m2/repository/javax/inject/javax.inject/1/javax.inject-1.jar:/home/user/.m2/repository/com/sun/xml/bind/jaxb-impl/2.3.0.1/jaxb-impl-2.3.0.1.jar:/home/user/.m2/repository/com/sun/xml/bind/jaxb-core/2.3.0.1/jaxb-core-2.3.0.1.jar:/home/user/.m2/repository/javax/xml/bind/jaxb-api/2.3.0/jaxb-api-2.3.0.jar:/home/user/.m2/repository/javax/activation/activation/1.1.1/activation-1.1.1.jar:/home/user/.m2/repository/org/apache/hadoop/hadoop-ozone-csi/0.5.0-SNAPSHOT/hadoop-ozone-csi-0.5.0-SNAPSHOT.jar:/home/user/.m2/repository/com/google/protobuf/protobuf-java-util/3.5.1/protobuf-java-util-3.5.1.jar:/home/user/.m2/repository/org/apache/hadoop/hadoop-hdds-config/0.5.0-SNAPSHOT/hadoop-hdds-config-0.5.0-SNAPSHOT.jar:/home/user/.m2/repository/io/grpc/grpc-netty/1.17.1/grpc-netty-1.17.1.jar:/home/user/.m2/repository/io/grpc/grpc-core/1.17.1/grpc-core-1.17.1.jar:/home/user/.m2/repository/io/grpc/grpc-context/1.17.1/grpc-context-1.17.1.jar:/home/user/.m2/repository/com/google/errorprone/error_prone_annotations/2.2.0/error_prone_annotations-2.2.0.jar:/home/user/.m2/repository/org/codehaus/mojo/animal-sniffer-annotations/1.17/animal-sniffer-annotations-1.17.jar:/home/user/.m2/repository/io/opencensus/opencensus-api/0.17.0/opencensus-api-0.17.0.jar:/home/user/.m2/repository/io/opencensus/opencensus-contrib-grpc-metrics/0.17.0/opencensus-contrib-grpc-metrics-0.17.0.jar:/home/user/.m2/repository/io/netty/netty-codec-http2/4.1.30.Final/netty-codec-http2-4.1.30.Final.jar:/home/user/.m2/repository/io/netty/netty-codec-http/4.1.30.Final/netty-codec-http-4.1.30.Final.jar:/home/user/.m2/repository/io/netty/netty-codec/4.1.30.Final/netty-codec-4.1.30.Final.jar:/home/user/.m2/repository/io/netty/netty-handler/4.1.30.Final/netty-handler-4.1.30.Final.jar:/home/user/.m2/repository/io/netty/netty-handler-proxy/4.1.30.Final/netty-handler-proxy-4.1.30.Final.jar:/home/user/.m2/repository/io/netty/netty-codec-socks/4.1.30.Final/netty-codec-socks-4.1.30.Final.jar:/home/user/.m2/repository/io/netty/netty-transport-native-epoll/4.1.30.Final/netty-transport-native-epoll-4.1.30.Final.jar:/home/user/.m2/repository/io/netty/netty-common/4.1.30.Final/netty-common-4.1.30.Final.jar:/home/user/.m2/repository/io/netty/netty-buffer/4.1.30.Final/netty-buffer-4.1.30.Final.jar:/home/user/.m2/repository/io/netty/netty-transport/4.1.30.Final/netty-transport-4.1.30.Final.jar:/home/user/.m2/repository/io/netty/netty-resolver/4.1.30.Final/netty-resolver-4.1.30.Final.jar:/home/user/.m2/repository/io/netty/netty-transport-native-unix-common/4.1.30.Final/netty-transport-native-unix-common-4.1.30.Final.jar:/home/user/.m2/repository/io/grpc/grpc-protobuf/1.17.1/grpc-protobuf-1.17.1.jar:/home/user/.m2/repository/com/google/api/grpc/proto-google-common-protos/1.0.0/proto-google-common-protos-1.0.0.jar:/home/user/.m2/repository/io/grpc/grpc-protobuf-lite/1.17.1/grpc-protobuf-lite-1.17.1.jar:/home/user/.m2/repository/io/grpc/grpc-stub/1.17.1/grpc-stub-1.17.1.jar:/home/user/.m2/repository/org/apache/hadoop/hadoop-ozone-recon/0.5.0-SNAPSHOT/hadoop-ozone-recon-0.5.0-SNAPSHOT.jar:/home/user/.m2/repository/org/apache/hadoop/hadoop-ozone-reconcodegen/0.5.0-SNAPSHOT/hadoop-ozone-reconcodegen-0.5.0-SNAPSHOT.jar:/home/user/.m2/repository/com/google/inject/extensions/guice-multibindings/4.0/guice-multibindings-4.0.jar:/home/user/.m2/repository/com/google/inject/guice/4.0/guice-4.0.jar:/home/user/.m2/repository/aopalliance/aopalliance/1.0/aopalliance-1.0.jar:/home/user/.m2/repository/com/google/inject/extensions/guice-servlet/4.0/guice-servlet-4.0.jar:/home/user/.m2/repository/org/glassfish/jersey/containers/jersey-container-servlet/2.27/jersey-container-servlet-2.27.jar:/home/user/.m2/repository/org/glassfish/hk2/guice-bridge/2.5.0/guice-bridge-2.5.0.jar:/home/user/.m2/repository/org/glassfish/jersey/core/jersey-server/2.27/jersey-server-2.27.jar:/home/user/.m2/repository/org/glassfish/jersey/core/jersey-client/2.27/jersey-client-2.27.jar:/home/user/.m2/repository/org/glassfish/jersey/media/jersey-media-jaxb/2.27/jersey-media-jaxb-2.27.jar:/home/user/.m2/repository/javax/validation/validation-api/1.1.0.Final/validation-api-1.1.0.Final.jar:/home/user/.m2/repository/org/glassfish/jersey/media/jersey-media-json-jackson/2.27/jersey-media-json-jackson-2.27.jar:/home/user/.m2/repository/org/glassfish/jersey/ext/jersey-entity-filtering/2.27/jersey-entity-filtering-2.27.jar:/home/user/.m2/repository/com/google/inject/extensions/guice-assistedinject/4.0/guice-assistedinject-4.0.jar:/home/user/.m2/repository/org/jooq/jooq/3.11.10/jooq-3.11.10.jar:/home/user/.m2/repository/org/jooq/jooq-meta/3.11.10/jooq-meta-3.11.10.jar:/home/user/.m2/repository/org/jooq/jooq-codegen/3.11.10/jooq-codegen-3.11.10.jar:/home/user/.m2/repository/com/jolbox/bonecp/0.8.0.RELEASE/bonecp-0.8.0.RELEASE.jar:/home/user/.m2/repository/org/xerial/sqlite-jdbc/3.25.2/sqlite-jdbc-3.25.2.jar:/home/user/.m2/repository/org/springframework/spring-jdbc/5.1.3.RELEASE/spring-jdbc-5.1.3.RELEASE.jar:/home/user/.m2/repository/org/springframework/spring-beans/5.1.3.RELEASE/spring-beans-5.1.3.RELEASE.jar:/home/user/.m2/repository/org/springframework/spring-core/5.1.3.RELEASE/spring-core-5.1.3.RELEASE.jar:/home/user/.m2/repository/org/springframework/spring-jcl/5.1.3.RELEASE/spring-jcl-5.1.3.RELEASE.jar:/home/user/.m2/repository/org/springframework/spring-tx/5.1.3.RELEASE/spring-tx-5.1.3.RELEASE.jar:/home/user/.m2/repository/org/apache/hadoop/hadoop-ozone-client/0.5.0-SNAPSHOT/hadoop-ozone-client-0.5.0-SNAPSHOT.jar:/home/user/.m2/repository/commons-lang/commons-lang/2.6/commons-lang-2.6.jar:/home/user/.m2/repository/org/apache/hadoop/hadoop-ozone-ozone-manager/0.5.0-SNAPSHOT/hadoop-ozone-ozone-manager-0.5.0-SNAPSHOT-tests.jar:/home/user/.m2/repository/junit/junit/4.11/junit-4.11.jar:/home/user/.m2/repository/org/hamcrest/hamcrest-core/1.3/hamcrest-core-1.3.jar:/home/user/.m2/repository/org/openjdk/jmh/jmh-core/1.19/jmh-core-1.19.jar:/home/user/.m2/repository/net/sf/jopt-simple/jopt-simple/4.6/jopt-simple-4.6.jar:/home/user/.m2/repository/org/apache/commons/commons-math3/3.1.1/commons-math3-3.1.1.jar:/home/user/.m2/repository/org/openjdk/jmh/jmh-generator-annprocess/1.19/jmh-generator-annprocess-1.19.jar:/home/user/.m2/repository/org/mockito/mockito-all/1.8.5/mockito-all-1.8.5.jar:/home/user/.m2/repository/org/apache/hadoop/hadoop-kms/3.2.0/hadoop-kms-3.2.0.jar:/home/user/.m2/repository/org/apache/hadoop/hadoop-auth/3.2.0/hadoop-auth-3.2.0.jar:/home/user/.m2/repository/com/nimbusds/nimbus-jose-jwt/4.41.1/nimbus-jose-jwt-4.41.1.jar:/home/user/.m2/repository/com/github/stephenc/jcip/jcip-annotations/1.0-1/jcip-annotations-1.0-1.jar:/home/user/.m2/repository/net/minidev/json-smart/2.3/json-smart-2.3.jar:/home/user/.m2/repository/net/minidev/accessors-smart/1.2/accessors-smart-1.2.jar:/home/user/.m2/repository/org/ow2/asm/asm/5.0.4/asm-5.0.4.jar:/home/user/.m2/repository/org/apache/curator/curator-framework/2.12.0/curator-framework-2.12.0.jar:/home/user/.m2/repository/com/sun/jersey/jersey-core/1.19/jersey-core-1.19.jar:/home/user/.m2/repository/javax/ws/rs/jsr311-api/1.1.1/jsr311-api-1.1.1.jar:/home/user/.m2/repository/com/sun/jersey/jersey-server/1.19/jersey-server-1.19.jar:/home/user/.m2/repository/javax/servlet/javax.servlet-api/3.1.0/javax.servlet-api-3.1.0.jar:/home/user/.m2/repository/org/eclipse/jetty/jetty-server/9.3.24.v20180605/jetty-server-9.3.24.v20180605.jar:/home/user/.m2/repository/org/eclipse/jetty/jetty-http/9.3.24.v20180605/jetty-http-9.3.24.v20180605.jar:/home/user/.m2/repository/org/eclipse/jetty/jetty-io/9.3.24.v20180605/jetty-io-9.3.24.v20180605.jar:/home/user/.m2/repository/org/eclipse/jetty/jetty-webapp/9.3.24.v20180605/jetty-webapp-9.3.24.v20180605.jar:/home/user/.m2/repository/org/eclipse/jetty/jetty-xml/9.3.24.v20180605/jetty-xml-9.3.24.v20180605.jar:/home/user/.m2/repository/log4j/log4j/1.2.17/log4j-1.2.17.jar:/home/user/.m2/repository/org/slf4j/slf4j-api/1.7.25/slf4j-api-1.7.25.jar:/home/user/.m2/repository/org/slf4j/jul-to-slf4j/1.7.25/jul-to-slf4j-1.7.25.jar:/home/user/.m2/repository/org/eclipse/jetty/jetty-util/9.3.24.v20180605/jetty-util-9.3.24.v20180605.jar:/home/user/.m2/repository/com/fasterxml/jackson/core/jackson-databind/2.9.9/jackson-databind-2.9.9.jar:/home/user/.m2/repository/org/apache/hadoop/hadoop-kms/3.2.0/hadoop-kms-3.2.0-tests.jar:/home/user/.m2/repository/org/apache/hadoop/hadoop-hdds-server-scm/0.5.0-SNAPSHOT/hadoop-hdds-server-scm-0.5.0-SNAPSHOT-tests.jar:/home/user/.m2/repository/org/apache/hadoop/hadoop-hdds-container-service/0.5.0-SNAPSHOT/hadoop-hdds-container-service-0.5.0-SNAPSHOT-tests.jar:/home/user/.m2/repository/org/yaml/snakeyaml/1.16/snakeyaml-1.16.jar:/home/user/.m2/repository/org/apache/hadoop/hadoop-common/3.2.0/hadoop-common-3.2.0-tests.jar:/home/user/.m2/repository/org/apache/hadoop/hadoop-annotations/3.2.0/hadoop-annotations-3.2.0.jar:/usr/lib/jvm/java-1.8-openjdk/jre/../lib/tools.jar:/home/user/.m2/repository/commons-cli/commons-cli/1.2/commons-cli-1.2.jar:/home/user/.m2/repository/org/apache/httpcomponents/httpclient/4.5.2/httpclient-4.5.2.jar:/home/user/.m2/repository/org/apache/httpcomponents/httpcore/4.4.4/httpcore-4.4.4.jar:/home/user/.m2/repository/commons-codec/commons-codec/1.11/commons-codec-1.11.jar:/home/user/.m2/repository/commons-net/commons-net/3.6/commons-net-3.6.jar:/home/user/.m2/repository/commons-collections/commons-collections/3.2.2/commons-collections-3.2.2.jar:/home/user/.m2/repository/org/eclipse/jetty/jetty-servlet/9.3.24.v20180605/jetty-servlet-9.3.24.v20180605.jar:/home/user/.m2/repository/org/eclipse/jetty/jetty-security/9.3.24.v20180605/jetty-security-9.3.24.v20180605.jar:/home/user/.m2/repository/javax/servlet/jsp/jsp-api/2.1/jsp-api-2.1.jar:/home/user/.m2/repository/com/sun/jersey/jersey-servlet/1.19/jersey-servlet-1.19.jar:/home/user/.m2/repository/com/sun/jersey/jersey-json/1.19/jersey-json-1.19.jar:/home/user/.m2/repository/org/codehaus/jettison/jettison/1.1/jettison-1.1.jar:/home/user/.m2/repository/org/codehaus/jackson/jackson-core-asl/1.9.13/jackson-core-asl-1.9.13.jar:/home/user/.m2/repository/org/codehaus/jackson/jackson-mapper-asl/1.9.13/jackson-mapper-asl-1.9.13.jar:/home/user/.m2/repository/org/codehaus/jackson/jackson-jaxrs/1.9.13/jackson-jaxrs-1.9.13.jar:/home/user/.m2/repository/org/codehaus/jackson/jackson-xc/1.9.13/jackson-xc-1.9.13.jar:/home/user/.m2/repository/commons-logging/commons-logging/1.1.3/commons-logging-1.1.3.jar:/home/user/.m2/repository/commons-beanutils/commons-beanutils/1.9.4/commons-beanutils-1.9.4.jar:/home/user/.m2/repository/org/apache/commons/commons-configuration2/2.1.1/commons-configuration2-2.1.1.jar:/home/user/.m2/repository/org/apache/commons/commons-lang3/3.7/commons-lang3-3.7.jar:/home/user/.m2/repository/org/apache/commons/commons-text/1.4/commons-text-1.4.jar:/home/user/.m2/repository/org/apache/avro/avro/1.7.7/avro-1.7.7.jar:/home/user/.m2/repository/com/thoughtworks/paranamer/paranamer/2.3/paranamer-2.3.jar:/home/user/.m2/repository/org/xerial/snappy/snappy-java/1.0.5/snappy-java-1.0.5.jar:/home/user/.m2/repository/com/google/re2j/re2j/1.1/re2j-1.1.jar:/home/user/.m2/repository/com/google/code/gson/gson/2.2.4/gson-2.2.4.jar:/home/user/.m2/repository/com/jcraft/jsch/0.1.54/jsch-0.1.54.jar:/home/user/.m2/repository/org/apache/curator/curator-client/2.12.0/curator-client-2.12.0.jar:/home/user/.m2/repository/org/apache/curator/curator-recipes/2.12.0/curator-recipes-2.12.0.jar:/home/user/.m2/repository/com/google/code/findbugs/jsr305/3.0.0/jsr305-3.0.0.jar:/home/user/.m2/repository/org/apache/htrace/htrace-core4/4.1.0-incubating/htrace-core4-4.1.0-incubating.jar:/home/user/.m2/repository/org/apache/zookeeper/zookeeper/3.4.13/zookeeper-3.4.13.jar:/home/user/.m2/repository/org/apache/yetus/audience-annotations/0.5.0/audience-annotations-0.5.0.jar:/home/user/.m2/repository/org/codehaus/woodstox/stax2-api/3.1.4/stax2-api-3.1.4.jar:/home/user/.m2/repository/com/fasterxml/woodstox/woodstox-core/5.0.3/woodstox-core-5.0.3.jar:/home/user/.m2/repository/dnsjava/dnsjava/2.1.7/dnsjava-2.1.7.jar:/home/user/.m2/repository/org/apache/hadoop/hadoop-hdfs/3.2.0/hadoop-hdfs-3.2.0-tests.jar:/home/user/.m2/repository/org/eclipse/jetty/jetty-util-ajax/9.3.24.v20180605/jetty-util-ajax-9.3.24.v20180605.jar:/home/user/.m2/repository/commons-daemon/commons-daemon/1.0.13/commons-daemon-1.0.13.jar:/home/user/.m2/repository/io/netty/netty/3.10.5.Final/netty-3.10.5.Final.jar:/home/user/.m2/repository/io/netty/netty-all/4.0.52.Final/netty-all-4.0.52.Final.jar:/home/user/.m2/repository/org/fusesource/leveldbjni/leveldbjni-all/1.8/leveldbjni-all-1.8.jar:"/>
    <property name="java.vm.vendor" value="IcedTea"/>
    <property name="sun.arch.data.model" value="64"/>
    <property name="test.build.dir" value="/workdir/hadoop-ozone/integration-test/target/test-dir"/>
    <property name="test.cache.data" value=""/>
    <property name="java.vendor.url" value="https://icedtea.classpath.org"/>
    <property name="user.timezone" value=""/>
    <property name="java.vm.specification.version" value="1.8"/>
    <property name="os.name" value="Linux"/>
    <property name="test.build.data" value="/workdir/hadoop-ozone/integration-test/target/test-dir"/>
    <property name="user.country" value="US"/>
    <property name="sun.java.launcher" value="SUN_STANDARD"/>
    <property name="sun.boot.library.path" value="/usr/lib/jvm/java-1.8-openjdk/jre/lib/amd64"/>
    <property name="sun.java.command" value="/workdir/hadoop-ozone/integration-test/target/surefire/surefirebooter4548710349122030470.jar /workdir/hadoop-ozone/integration-test/target/surefire 2019-09-21T05-27-26_549-jvmRun1 surefire5033908346973647304tmp surefire_534973045427299254995tmp"/>
    <property name="test" value="!TestMiniChaosOzoneCluster"/>
    <property name="surefire.test.class.path" value="/workdir/hadoop-ozone/integration-test/target/test-classes:/workdir/hadoop-ozone/integration-test/target/classes:/home/user/.m2/repository/org/apache/hadoop/hadoop-ozone-common/0.5.0-SNAPSHOT/hadoop-ozone-common-0.5.0-SNAPSHOT.jar:/home/user/.m2/repository/org/apache/commons/commons-compress/1.4.1/commons-compress-1.4.1.jar:/home/user/.m2/repository/org/tukaani/xz/1.0/xz-1.0.jar:/home/user/.m2/repository/org/apache/hadoop/hadoop-common/3.2.0/hadoop-common-3.2.0.jar:/home/user/.m2/repository/org/apache/hadoop/hadoop-hdfs/3.2.0/hadoop-hdfs-3.2.0.jar:/home/user/.m2/repository/org/apache/hadoop/hadoop-hdfs-client/3.2.0/hadoop-hdfs-client-3.2.0.jar:/home/user/.m2/repository/com/fasterxml/jackson/core/jackson-annotations/2.9.9/jackson-annotations-2.9.9.jar:/home/user/.m2/repository/org/apache/hadoop/hadoop-hdds-common/0.5.0-SNAPSHOT/hadoop-hdds-common-0.5.0-SNAPSHOT.jar:/home/user/.m2/repository/javax/annotation/javax.annotation-api/1.2/javax.annotation-api-1.2.jar:/home/user/.m2/repository/org/apache/ratis/ratis-server/0.4.0/ratis-server-0.4.0.jar:/home/user/.m2/repository/org/apache/ratis/ratis-thirdparty-misc/0.2.0/ratis-thirdparty-misc-0.2.0.jar:/home/user/.m2/repository/org/apache/ratis/ratis-proto/0.4.0/ratis-proto-0.4.0.jar:/home/user/.m2/repository/org/apache/ratis/ratis-common/0.4.0/ratis-common-0.4.0.jar:/home/user/.m2/repository/org/apache/ratis/ratis-client/0.4.0/ratis-client-0.4.0.jar:/home/user/.m2/repository/org/apache/ratis/ratis-metrics/0.4.0/ratis-metrics-0.4.0.jar:/home/user/.m2/repository/com/github/joshelser/dropwizard-metrics-hadoop-metrics2-reporter/0.1.2/dropwizard-metrics-hadoop-metrics2-reporter-0.1.2.jar:/home/user/.m2/repository/io/dropwizard/metrics/metrics-jvm/3.2.5/metrics-jvm-3.2.5.jar:/home/user/.m2/repository/io/dropwizard/metrics/metrics-ganglia/3.2.5/metrics-ganglia-3.2.5.jar:/home/user/.m2/repository/info/ganglia/gmetric4j/gmetric4j/1.0.7/gmetric4j-1.0.7.jar:/home/user/.m2/repository/org/apache/ratis/ratis-netty/0.4.0/ratis-netty-0.4.0.jar:/home/user/.m2/repository/org/apache/ratis/ratis-grpc/0.4.0/ratis-grpc-0.4.0.jar:/home/user/.m2/repository/org/rocksdb/rocksdbjni/6.0.1/rocksdbjni-6.0.1.jar:/home/user/.m2/repository/org/apache/logging/log4j/log4j-api/2.11.0/log4j-api-2.11.0.jar:/home/user/.m2/repository/org/apache/logging/log4j/log4j-core/2.11.0/log4j-core-2.11.0.jar:/home/user/.m2/repository/com/lmax/disruptor/3.4.2/disruptor-3.4.2.jar:/home/user/.m2/repository/org/apache/commons/commons-pool2/2.6.0/commons-pool2-2.6.0.jar:/home/user/.m2/repository/org/bouncycastle/bcpkix-jdk15on/1.60/bcpkix-jdk15on-1.60.jar:/home/user/.m2/repository/commons-validator/commons-validator/1.6/commons-validator-1.6.jar:/home/user/.m2/repository/commons-digester/commons-digester/1.8.1/commons-digester-1.8.1.jar:/home/user/.m2/repository/io/jaegertracing/jaeger-client/0.33.1/jaeger-client-0.33.1.jar:/home/user/.m2/repository/io/jaegertracing/jaeger-thrift/0.33.1/jaeger-thrift-0.33.1.jar:/home/user/.m2/repository/org/apache/thrift/libthrift/0.11.0/libthrift-0.11.0.jar:/home/user/.m2/repository/com/squareup/okhttp3/okhttp/3.9.0/okhttp-3.9.0.jar:/home/user/.m2/repository/com/squareup/okio/okio/1.13.0/okio-1.13.0.jar:/home/user/.m2/repository/io/jaegertracing/jaeger-core/0.33.1/jaeger-core-0.33.1.jar:/home/user/.m2/repository/io/jaegertracing/jaeger-tracerresolver/0.33.1/jaeger-tracerresolver-0.33.1.jar:/home/user/.m2/repository/io/opentracing/contrib/opentracing-tracerresolver/0.1.5/opentracing-tracerresolver-0.1.5.jar:/home/user/.m2/repository/io/opentracing/opentracing-util/0.31.0/opentracing-util-0.31.0.jar:/home/user/.m2/repository/io/opentracing/opentracing-api/0.31.0/opentracing-api-0.31.0.jar:/home/user/.m2/repository/io/opentracing/opentracing-noop/0.31.0/opentracing-noop-0.31.0.jar:/home/user/.m2/repository/org/apache/hadoop/hadoop-hdds-server-framework/0.5.0-SNAPSHOT/hadoop-hdds-server-framework-0.5.0-SNAPSHOT.jar:/home/user/.m2/repository/org/apache/hadoop/hadoop-hdds-container-service/0.5.0-SNAPSHOT/hadoop-hdds-container-service-0.5.0-SNAPSHOT.jar:/home/user/.m2/repository/org/apache/hadoop/hadoop-hdds-client/0.5.0-SNAPSHOT/hadoop-hdds-client-0.5.0-SNAPSHOT.jar:/home/user/.m2/repository/org/apache/hadoop/hadoop-hdds-tools/0.5.0-SNAPSHOT/hadoop-hdds-tools-0.5.0-SNAPSHOT.jar:/home/user/.m2/repository/org/apache/hadoop/hadoop-hdds-server-scm/0.5.0-SNAPSHOT/hadoop-hdds-server-scm-0.5.0-SNAPSHOT.jar:/home/user/.m2/repository/org/apache/hadoop/hadoop-hdds-docs/0.5.0-SNAPSHOT/hadoop-hdds-docs-0.5.0-SNAPSHOT.jar:/home/user/.m2/repository/io/dropwizard/metrics/metrics-core/3.2.4/metrics-core-3.2.4.jar:/home/user/.m2/repository/org/hamcrest/hamcrest-all/1.3/hamcrest-all-1.3.jar:/home/user/.m2/repository/org/bouncycastle/bcprov-jdk15on/1.60/bcprov-jdk15on-1.60.jar:/home/user/.m2/repository/info/picocli/picocli/3.9.6/picocli-3.9.6.jar:/home/user/.m2/repository/com/google/protobuf/protobuf-java/2.5.0/protobuf-java-2.5.0.jar:/home/user/.m2/repository/com/google/guava/guava/11.0.2/guava-11.0.2.jar:/home/user/.m2/repository/org/apache/hadoop/hadoop-ozone-ozone-manager/0.5.0-SNAPSHOT/hadoop-ozone-ozone-manager-0.5.0-SNAPSHOT.jar:/home/user/.m2/repository/org/apache/hadoop/hadoop-minikdc/3.2.0/hadoop-minikdc-3.2.0.jar:/home/user/.m2/repository/commons-io/commons-io/2.5/commons-io-2.5.jar:/home/user/.m2/repository/org/apache/kerby/kerb-simplekdc/1.0.1/kerb-simplekdc-1.0.1.jar:/home/user/.m2/repository/org/apache/kerby/kerb-client/1.0.1/kerb-client-1.0.1.jar:/home/user/.m2/repository/org/apache/kerby/kerby-config/1.0.1/kerby-config-1.0.1.jar:/home/user/.m2/repository/org/apache/kerby/kerb-core/1.0.1/kerb-core-1.0.1.jar:/home/user/.m2/repository/org/apache/kerby/kerby-pkix/1.0.1/kerby-pkix-1.0.1.jar:/home/user/.m2/repository/org/apache/kerby/kerby-asn1/1.0.1/kerby-asn1-1.0.1.jar:/home/user/.m2/repository/org/apache/kerby/kerby-util/1.0.1/kerby-util-1.0.1.jar:/home/user/.m2/repository/org/apache/kerby/kerb-common/1.0.1/kerb-common-1.0.1.jar:/home/user/.m2/repository/org/apache/kerby/kerb-crypto/1.0.1/kerb-crypto-1.0.1.jar:/home/user/.m2/repository/org/apache/kerby/kerb-util/1.0.1/kerb-util-1.0.1.jar:/home/user/.m2/repository/org/apache/kerby/token-provider/1.0.1/token-provider-1.0.1.jar:/home/user/.m2/repository/org/apache/kerby/kerb-admin/1.0.1/kerb-admin-1.0.1.jar:/home/user/.m2/repository/org/apache/kerby/kerb-server/1.0.1/kerb-server-1.0.1.jar:/home/user/.m2/repository/org/apache/kerby/kerb-identity/1.0.1/kerb-identity-1.0.1.jar:/home/user/.m2/repository/org/apache/kerby/kerby-xdr/1.0.1/kerby-xdr-1.0.1.jar:/home/user/.m2/repository/org/slf4j/slf4j-log4j12/1.7.25/slf4j-log4j12-1.7.25.jar:/home/user/.m2/repository/org/apache/hadoop/hadoop-ozone-s3gateway/0.5.0-SNAPSHOT/hadoop-ozone-s3gateway-0.5.0-SNAPSHOT.jar:/home/user/.m2/repository/org/jboss/weld/servlet/weld-servlet/2.4.7.Final/weld-servlet-2.4.7.Final.jar:/home/user/.m2/repository/org/glassfish/jersey/containers/jersey-container-servlet-core/2.27/jersey-container-servlet-core-2.27.jar:/home/user/.m2/repository/org/glassfish/hk2/external/javax.inject/2.5.0-b42/javax.inject-2.5.0-b42.jar:/home/user/.m2/repository/org/glassfish/jersey/core/jersey-common/2.27/jersey-common-2.27.jar:/home/user/.m2/repository/org/glassfish/hk2/osgi-resource-locator/1.0.1/osgi-resource-locator-1.0.1.jar:/home/user/.m2/repository/javax/ws/rs/javax.ws.rs-api/2.1/javax.ws.rs-api-2.1.jar:/home/user/.m2/repository/org/glassfish/jersey/ext/cdi/jersey-cdi1x/2.27/jersey-cdi1x-2.27.jar:/home/user/.m2/repository/org/glassfish/jersey/inject/jersey-hk2/2.27/jersey-hk2-2.27.jar:/home/user/.m2/repository/org/glassfish/hk2/hk2-locator/2.5.0-b42/hk2-locator-2.5.0-b42.jar:/home/user/.m2/repository/org/javassist/javassist/3.22.0-CR2/javassist-3.22.0-CR2.jar:/home/user/.m2/repository/org/glassfish/hk2/hk2-api/2.5.0/hk2-api-2.5.0.jar:/home/user/.m2/repository/org/glassfish/hk2/external/jakarta.inject/2.5.0/jakarta.inject-2.5.0.jar:/home/user/.m2/repository/org/glassfish/hk2/hk2-utils/2.5.0/hk2-utils-2.5.0.jar:/home/user/.m2/repository/jakarta/annotation/jakarta.annotation-api/1.3.4/jakarta.annotation-api-1.3.4.jar:/home/user/.m2/repository/org/glassfish/hk2/external/aopalliance-repackaged/2.5.0/aopalliance-repackaged-2.5.0.jar:/home/user/.m2/repository/com/fasterxml/jackson/dataformat/jackson-dataformat-xml/2.9.0/jackson-dataformat-xml-2.9.0.jar:/home/user/.m2/repository/com/fasterxml/jackson/core/jackson-core/2.9.9/jackson-core-2.9.9.jar:/home/user/.m2/repository/com/fasterxml/jackson/module/jackson-module-jaxb-annotations/2.9.9/jackson-module-jaxb-annotations-2.9.9.jar:/home/user/.m2/repository/javax/enterprise/cdi-api/1.2/cdi-api-1.2.jar:/home/user/.m2/repository/javax/el/javax.el-api/3.0.0/javax.el-api-3.0.0.jar:/home/user/.m2/repository/javax/interceptor/javax.interceptor-api/1.2/javax.interceptor-api-1.2.jar:/home/user/.m2/repository/javax/inject/javax.inject/1/javax.inject-1.jar:/home/user/.m2/repository/com/sun/xml/bind/jaxb-impl/2.3.0.1/jaxb-impl-2.3.0.1.jar:/home/user/.m2/repository/com/sun/xml/bind/jaxb-core/2.3.0.1/jaxb-core-2.3.0.1.jar:/home/user/.m2/repository/javax/xml/bind/jaxb-api/2.3.0/jaxb-api-2.3.0.jar:/home/user/.m2/repository/javax/activation/activation/1.1.1/activation-1.1.1.jar:/home/user/.m2/repository/org/apache/hadoop/hadoop-ozone-csi/0.5.0-SNAPSHOT/hadoop-ozone-csi-0.5.0-SNAPSHOT.jar:/home/user/.m2/repository/com/google/protobuf/protobuf-java-util/3.5.1/protobuf-java-util-3.5.1.jar:/home/user/.m2/repository/org/apache/hadoop/hadoop-hdds-config/0.5.0-SNAPSHOT/hadoop-hdds-config-0.5.0-SNAPSHOT.jar:/home/user/.m2/repository/io/grpc/grpc-netty/1.17.1/grpc-netty-1.17.1.jar:/home/user/.m2/repository/io/grpc/grpc-core/1.17.1/grpc-core-1.17.1.jar:/home/user/.m2/repository/io/grpc/grpc-context/1.17.1/grpc-context-1.17.1.jar:/home/user/.m2/repository/com/google/errorprone/error_prone_annotations/2.2.0/error_prone_annotations-2.2.0.jar:/home/user/.m2/repository/org/codehaus/mojo/animal-sniffer-annotations/1.17/animal-sniffer-annotations-1.17.jar:/home/user/.m2/repository/io/opencensus/opencensus-api/0.17.0/opencensus-api-0.17.0.jar:/home/user/.m2/repository/io/opencensus/opencensus-contrib-grpc-metrics/0.17.0/opencensus-contrib-grpc-metrics-0.17.0.jar:/home/user/.m2/repository/io/netty/netty-codec-http2/4.1.30.Final/netty-codec-http2-4.1.30.Final.jar:/home/user/.m2/repository/io/netty/netty-codec-http/4.1.30.Final/netty-codec-http-4.1.30.Final.jar:/home/user/.m2/repository/io/netty/netty-codec/4.1.30.Final/netty-codec-4.1.30.Final.jar:/home/user/.m2/repository/io/netty/netty-handler/4.1.30.Final/netty-handler-4.1.30.Final.jar:/home/user/.m2/repository/io/netty/netty-handler-proxy/4.1.30.Final/netty-handler-proxy-4.1.30.Final.jar:/home/user/.m2/repository/io/netty/netty-codec-socks/4.1.30.Final/netty-codec-socks-4.1.30.Final.jar:/home/user/.m2/repository/io/netty/netty-transport-native-epoll/4.1.30.Final/netty-transport-native-epoll-4.1.30.Final.jar:/home/user/.m2/repository/io/netty/netty-common/4.1.30.Final/netty-common-4.1.30.Final.jar:/home/user/.m2/repository/io/netty/netty-buffer/4.1.30.Final/netty-buffer-4.1.30.Final.jar:/home/user/.m2/repository/io/netty/netty-transport/4.1.30.Final/netty-transport-4.1.30.Final.jar:/home/user/.m2/repository/io/netty/netty-resolver/4.1.30.Final/netty-resolver-4.1.30.Final.jar:/home/user/.m2/repository/io/netty/netty-transport-native-unix-common/4.1.30.Final/netty-transport-native-unix-common-4.1.30.Final.jar:/home/user/.m2/repository/io/grpc/grpc-protobuf/1.17.1/grpc-protobuf-1.17.1.jar:/home/user/.m2/repository/com/google/api/grpc/proto-google-common-protos/1.0.0/proto-google-common-protos-1.0.0.jar:/home/user/.m2/repository/io/grpc/grpc-protobuf-lite/1.17.1/grpc-protobuf-lite-1.17.1.jar:/home/user/.m2/repository/io/grpc/grpc-stub/1.17.1/grpc-stub-1.17.1.jar:/home/user/.m2/repository/org/apache/hadoop/hadoop-ozone-recon/0.5.0-SNAPSHOT/hadoop-ozone-recon-0.5.0-SNAPSHOT.jar:/home/user/.m2/repository/org/apache/hadoop/hadoop-ozone-reconcodegen/0.5.0-SNAPSHOT/hadoop-ozone-reconcodegen-0.5.0-SNAPSHOT.jar:/home/user/.m2/repository/com/google/inject/extensions/guice-multibindings/4.0/guice-multibindings-4.0.jar:/home/user/.m2/repository/com/google/inject/guice/4.0/guice-4.0.jar:/home/user/.m2/repository/aopalliance/aopalliance/1.0/aopalliance-1.0.jar:/home/user/.m2/repository/com/google/inject/extensions/guice-servlet/4.0/guice-servlet-4.0.jar:/home/user/.m2/repository/org/glassfish/jersey/containers/jersey-container-servlet/2.27/jersey-container-servlet-2.27.jar:/home/user/.m2/repository/org/glassfish/hk2/guice-bridge/2.5.0/guice-bridge-2.5.0.jar:/home/user/.m2/repository/org/glassfish/jersey/core/jersey-server/2.27/jersey-server-2.27.jar:/home/user/.m2/repository/org/glassfish/jersey/core/jersey-client/2.27/jersey-client-2.27.jar:/home/user/.m2/repository/org/glassfish/jersey/media/jersey-media-jaxb/2.27/jersey-media-jaxb-2.27.jar:/home/user/.m2/repository/javax/validation/validation-api/1.1.0.Final/validation-api-1.1.0.Final.jar:/home/user/.m2/repository/org/glassfish/jersey/media/jersey-media-json-jackson/2.27/jersey-media-json-jackson-2.27.jar:/home/user/.m2/repository/org/glassfish/jersey/ext/jersey-entity-filtering/2.27/jersey-entity-filtering-2.27.jar:/home/user/.m2/repository/com/google/inject/extensions/guice-assistedinject/4.0/guice-assistedinject-4.0.jar:/home/user/.m2/repository/org/jooq/jooq/3.11.10/jooq-3.11.10.jar:/home/user/.m2/repository/org/jooq/jooq-meta/3.11.10/jooq-meta-3.11.10.jar:/home/user/.m2/repository/org/jooq/jooq-codegen/3.11.10/jooq-codegen-3.11.10.jar:/home/user/.m2/repository/com/jolbox/bonecp/0.8.0.RELEASE/bonecp-0.8.0.RELEASE.jar:/home/user/.m2/repository/org/xerial/sqlite-jdbc/3.25.2/sqlite-jdbc-3.25.2.jar:/home/user/.m2/repository/org/springframework/spring-jdbc/5.1.3.RELEASE/spring-jdbc-5.1.3.RELEASE.jar:/home/user/.m2/repository/org/springframework/spring-beans/5.1.3.RELEASE/spring-beans-5.1.3.RELEASE.jar:/home/user/.m2/repository/org/springframework/spring-core/5.1.3.RELEASE/spring-core-5.1.3.RELEASE.jar:/home/user/.m2/repository/org/springframework/spring-jcl/5.1.3.RELEASE/spring-jcl-5.1.3.RELEASE.jar:/home/user/.m2/repository/org/springframework/spring-tx/5.1.3.RELEASE/spring-tx-5.1.3.RELEASE.jar:/home/user/.m2/repository/org/apache/hadoop/hadoop-ozone-client/0.5.0-SNAPSHOT/hadoop-ozone-client-0.5.0-SNAPSHOT.jar:/home/user/.m2/repository/commons-lang/commons-lang/2.6/commons-lang-2.6.jar:/home/user/.m2/repository/org/apache/hadoop/hadoop-ozone-ozone-manager/0.5.0-SNAPSHOT/hadoop-ozone-ozone-manager-0.5.0-SNAPSHOT-tests.jar:/home/user/.m2/repository/junit/junit/4.11/junit-4.11.jar:/home/user/.m2/repository/org/hamcrest/hamcrest-core/1.3/hamcrest-core-1.3.jar:/home/user/.m2/repository/org/openjdk/jmh/jmh-core/1.19/jmh-core-1.19.jar:/home/user/.m2/repository/net/sf/jopt-simple/jopt-simple/4.6/jopt-simple-4.6.jar:/home/user/.m2/repository/org/apache/commons/commons-math3/3.1.1/commons-math3-3.1.1.jar:/home/user/.m2/repository/org/openjdk/jmh/jmh-generator-annprocess/1.19/jmh-generator-annprocess-1.19.jar:/home/user/.m2/repository/org/mockito/mockito-all/1.8.5/mockito-all-1.8.5.jar:/home/user/.m2/repository/org/apache/hadoop/hadoop-kms/3.2.0/hadoop-kms-3.2.0.jar:/home/user/.m2/repository/org/apache/hadoop/hadoop-auth/3.2.0/hadoop-auth-3.2.0.jar:/home/user/.m2/repository/com/nimbusds/nimbus-jose-jwt/4.41.1/nimbus-jose-jwt-4.41.1.jar:/home/user/.m2/repository/com/github/stephenc/jcip/jcip-annotations/1.0-1/jcip-annotations-1.0-1.jar:/home/user/.m2/repository/net/minidev/json-smart/2.3/json-smart-2.3.jar:/home/user/.m2/repository/net/minidev/accessors-smart/1.2/accessors-smart-1.2.jar:/home/user/.m2/repository/org/ow2/asm/asm/5.0.4/asm-5.0.4.jar:/home/user/.m2/repository/org/apache/curator/curator-framework/2.12.0/curator-framework-2.12.0.jar:/home/user/.m2/repository/com/sun/jersey/jersey-core/1.19/jersey-core-1.19.jar:/home/user/.m2/repository/javax/ws/rs/jsr311-api/1.1.1/jsr311-api-1.1.1.jar:/home/user/.m2/repository/com/sun/jersey/jersey-server/1.19/jersey-server-1.19.jar:/home/user/.m2/repository/javax/servlet/javax.servlet-api/3.1.0/javax.servlet-api-3.1.0.jar:/home/user/.m2/repository/org/eclipse/jetty/jetty-server/9.3.24.v20180605/jetty-server-9.3.24.v20180605.jar:/home/user/.m2/repository/org/eclipse/jetty/jetty-http/9.3.24.v20180605/jetty-http-9.3.24.v20180605.jar:/home/user/.m2/repository/org/eclipse/jetty/jetty-io/9.3.24.v20180605/jetty-io-9.3.24.v20180605.jar:/home/user/.m2/repository/org/eclipse/jetty/jetty-webapp/9.3.24.v20180605/jetty-webapp-9.3.24.v20180605.jar:/home/user/.m2/repository/org/eclipse/jetty/jetty-xml/9.3.24.v20180605/jetty-xml-9.3.24.v20180605.jar:/home/user/.m2/repository/log4j/log4j/1.2.17/log4j-1.2.17.jar:/home/user/.m2/repository/org/slf4j/slf4j-api/1.7.25/slf4j-api-1.7.25.jar:/home/user/.m2/repository/org/slf4j/jul-to-slf4j/1.7.25/jul-to-slf4j-1.7.25.jar:/home/user/.m2/repository/org/eclipse/jetty/jetty-util/9.3.24.v20180605/jetty-util-9.3.24.v20180605.jar:/home/user/.m2/repository/com/fasterxml/jackson/core/jackson-databind/2.9.9/jackson-databind-2.9.9.jar:/home/user/.m2/repository/org/apache/hadoop/hadoop-kms/3.2.0/hadoop-kms-3.2.0-tests.jar:/home/user/.m2/repository/org/apache/hadoop/hadoop-hdds-server-scm/0.5.0-SNAPSHOT/hadoop-hdds-server-scm-0.5.0-SNAPSHOT-tests.jar:/home/user/.m2/repository/org/apache/hadoop/hadoop-hdds-container-service/0.5.0-SNAPSHOT/hadoop-hdds-container-service-0.5.0-SNAPSHOT-tests.jar:/home/user/.m2/repository/org/yaml/snakeyaml/1.16/snakeyaml-1.16.jar:/home/user/.m2/repository/org/apache/hadoop/hadoop-common/3.2.0/hadoop-common-3.2.0-tests.jar:/home/user/.m2/repository/org/apache/hadoop/hadoop-annotations/3.2.0/hadoop-annotations-3.2.0.jar:/usr/lib/jvm/java-1.8-openjdk/jre/../lib/tools.jar:/home/user/.m2/repository/commons-cli/commons-cli/1.2/commons-cli-1.2.jar:/home/user/.m2/repository/org/apache/httpcomponents/httpclient/4.5.2/httpclient-4.5.2.jar:/home/user/.m2/repository/org/apache/httpcomponents/httpcore/4.4.4/httpcore-4.4.4.jar:/home/user/.m2/repository/commons-codec/commons-codec/1.11/commons-codec-1.11.jar:/home/user/.m2/repository/commons-net/commons-net/3.6/commons-net-3.6.jar:/home/user/.m2/repository/commons-collections/commons-collections/3.2.2/commons-collections-3.2.2.jar:/home/user/.m2/repository/org/eclipse/jetty/jetty-servlet/9.3.24.v20180605/jetty-servlet-9.3.24.v20180605.jar:/home/user/.m2/repository/org/eclipse/jetty/jetty-security/9.3.24.v20180605/jetty-security-9.3.24.v20180605.jar:/home/user/.m2/repository/javax/servlet/jsp/jsp-api/2.1/jsp-api-2.1.jar:/home/user/.m2/repository/com/sun/jersey/jersey-servlet/1.19/jersey-servlet-1.19.jar:/home/user/.m2/repository/com/sun/jersey/jersey-json/1.19/jersey-json-1.19.jar:/home/user/.m2/repository/org/codehaus/jettison/jettison/1.1/jettison-1.1.jar:/home/user/.m2/repository/org/codehaus/jackson/jackson-core-asl/1.9.13/jackson-core-asl-1.9.13.jar:/home/user/.m2/repository/org/codehaus/jackson/jackson-mapper-asl/1.9.13/jackson-mapper-asl-1.9.13.jar:/home/user/.m2/repository/org/codehaus/jackson/jackson-jaxrs/1.9.13/jackson-jaxrs-1.9.13.jar:/home/user/.m2/repository/org/codehaus/jackson/jackson-xc/1.9.13/jackson-xc-1.9.13.jar:/home/user/.m2/repository/commons-logging/commons-logging/1.1.3/commons-logging-1.1.3.jar:/home/user/.m2/repository/commons-beanutils/commons-beanutils/1.9.4/commons-beanutils-1.9.4.jar:/home/user/.m2/repository/org/apache/commons/commons-configuration2/2.1.1/commons-configuration2-2.1.1.jar:/home/user/.m2/repository/org/apache/commons/commons-lang3/3.7/commons-lang3-3.7.jar:/home/user/.m2/repository/org/apache/commons/commons-text/1.4/commons-text-1.4.jar:/home/user/.m2/repository/org/apache/avro/avro/1.7.7/avro-1.7.7.jar:/home/user/.m2/repository/com/thoughtworks/paranamer/paranamer/2.3/paranamer-2.3.jar:/home/user/.m2/repository/org/xerial/snappy/snappy-java/1.0.5/snappy-java-1.0.5.jar:/home/user/.m2/repository/com/google/re2j/re2j/1.1/re2j-1.1.jar:/home/user/.m2/repository/com/google/code/gson/gson/2.2.4/gson-2.2.4.jar:/home/user/.m2/repository/com/jcraft/jsch/0.1.54/jsch-0.1.54.jar:/home/user/.m2/repository/org/apache/curator/curator-client/2.12.0/curator-client-2.12.0.jar:/home/user/.m2/repository/org/apache/curator/curator-recipes/2.12.0/curator-recipes-2.12.0.jar:/home/user/.m2/repository/com/google/code/findbugs/jsr305/3.0.0/jsr305-3.0.0.jar:/home/user/.m2/repository/org/apache/htrace/htrace-core4/4.1.0-incubating/htrace-core4-4.1.0-incubating.jar:/home/user/.m2/repository/org/apache/zookeeper/zookeeper/3.4.13/zookeeper-3.4.13.jar:/home/user/.m2/repository/org/apache/yetus/audience-annotations/0.5.0/audience-annotations-0.5.0.jar:/home/user/.m2/repository/org/codehaus/woodstox/stax2-api/3.1.4/stax2-api-3.1.4.jar:/home/user/.m2/repository/com/fasterxml/woodstox/woodstox-core/5.0.3/woodstox-core-5.0.3.jar:/home/user/.m2/repository/dnsjava/dnsjava/2.1.7/dnsjava-2.1.7.jar:/home/user/.m2/repository/org/apache/hadoop/hadoop-hdfs/3.2.0/hadoop-hdfs-3.2.0-tests.jar:/home/user/.m2/repository/org/eclipse/jetty/jetty-util-ajax/9.3.24.v20180605/jetty-util-ajax-9.3.24.v20180605.jar:/home/user/.m2/repository/commons-daemon/commons-daemon/1.0.13/commons-daemon-1.0.13.jar:/home/user/.m2/repository/io/netty/netty/3.10.5.Final/netty-3.10.5.Final.jar:/home/user/.m2/repository/io/netty/netty-all/4.0.52.Final/netty-all-4.0.52.Final.jar:/home/user/.m2/repository/org/fusesource/leveldbjni/leveldbjni-all/1.8/leveldbjni-all-1.8.jar:"/>
    <property name="sun.cpu.endian" value="little"/>
    <property name="user.home" value="/home/user"/>
    <property name="user.language" value="en"/>
    <property name="java.specification.vendor" value="Oracle Corporation"/>
    <property name="java.home" value="/usr/lib/jvm/java-1.8-openjdk/jre"/>
    <property name="java.security.krb5.conf" value="/workdir/hadoop-ozone/integration-test/target/test-classes/krb5.conf"/>
    <property name="basedir" value="/workdir/hadoop-ozone/integration-test"/>
    <property name="file.separator" value="/"/>
    <property name="line.separator" value="&#10;"/>
    <property name="java.vm.specification.vendor" value="Oracle Corporation"/>
    <property name="java.specification.name" value="Java Platform API Specification"/>
    <property name="java.awt.graphicsenv" value="sun.awt.X11GraphicsEnvironment"/>
    <property name="surefire.real.class.path" value="/workdir/hadoop-ozone/integration-test/target/surefire/surefirebooter4548710349122030470.jar"/>
    <property name="hadoop.log.dir" value="/workdir/hadoop-ozone/integration-test/target/log"/>
    <property name="sun.boot.class.path" value="/usr/lib/jvm/java-1.8-openjdk/jre/lib/resources.jar:/usr/lib/jvm/java-1.8-openjdk/jre/lib/rt.jar:/usr/lib/jvm/java-1.8-openjdk/jre/lib/sunrsasign.jar:/usr/lib/jvm/java-1.8-openjdk/jre/lib/jsse.jar:/usr/lib/jvm/java-1.8-openjdk/jre/lib/jce.jar:/usr/lib/jvm/java-1.8-openjdk/jre/lib/charsets.jar:/usr/lib/jvm/java-1.8-openjdk/jre/lib/jfr.jar:/usr/lib/jvm/java-1.8-openjdk/jre/classes"/>
    <property name="sun.management.compiler" value="HotSpot 64-Bit Tiered Compilers"/>
    <property name="java.runtime.version" value="1.8.0_212-b04"/>
    <property name="java.net.preferIPv4Stack" value="true"/>
    <property name="user.name" value="jenkins1000"/>
    <property name="path.separator" value=":"/>
    <property name="java.security.egd" value="file:///dev/urandom"/>
    <property name="os.version" value="3.10.0-957.12.2.el7.x86_64"/>
    <property name="java.endorsed.dirs" value="/usr/lib/jvm/java-1.8-openjdk/jre/lib/endorsed"/>
    <property name="java.runtime.name" value="OpenJDK Runtime Environment"/>
    <property name="file.encoding" value="UTF-8"/>
    <property name="java.vm.name" value="OpenJDK 64-Bit Server VM"/>
    <property name="test.build.webapps" value=""/>
    <property name="localRepository" value="/home/user/.m2/repository"/>
    <property name="java.vendor.url.bug" value="https://icedtea.classpath.org/bugzilla"/>
    <property name="java.io.tmpdir" value="/tmp"/>
    <property name="require.test.libhadoop" value=""/>
    <property name="java.version" value="1.8.0_212"/>
    <property name="user.dir" value="/workdir/hadoop-ozone/integration-test"/>
    <property name="os.arch" value="amd64"/>
    <property name="java.vm.specification.name" value="Java Virtual Machine Specification"/>
    <property name="test.build.classes" value="/workdir/hadoop-ozone/integration-test/target/test-classes"/>
    <property name="java.awt.printerjob" value="sun.print.PSPrinterJob"/>
    <property name="sun.os.patch.level" value="unknown"/>
    <property name="hadoop.tmp.dir" value="/workdir/hadoop-ozone/integration-test/target/tmp"/>
    <property name="java.library.path" value="/usr/lib/jvm/java-1.8-openjdk/jre/lib/amd64/server:/usr/lib/jvm/java-1.8-openjdk/jre/lib/amd64:/usr/lib/jvm/java-1.8-openjdk/jre/../lib/amd64:/workdir/hadoop-ozone/integration-test/target/native/target/usr/local/lib:/workdir/hadoop-ozone/integration-test/../../hadoop-common-project/hadoop-common/target/native/target/usr/local/lib:/usr/java/packages/lib/amd64:/usr/lib64:/lib64:/lib:/usr/lib"/>
    <property name="java.vm.info" value="mixed mode"/>
    <property name="java.vendor" value="IcedTea"/>
    <property name="java.vm.version" value="25.212-b04"/>
    <property name="java.ext.dirs" value="/usr/lib/jvm/java-1.8-openjdk/jre/lib/ext:/usr/java/packages/lib/ext"/>
    <property name="sun.io.unicode.encoding" value="UnicodeLittle"/>
    <property name="java.class.version" value="52.0"/>
  </properties>
  <testcase name="testWatchForCommitWithKeyWrite" classname="org.apache.hadoop.ozone.client.rpc.TestWatchForCommit" time="67.589"/>
  <testcase name="testWatchForCommitWithSmallerTimeoutValue" classname="org.apache.hadoop.ozone.client.rpc.TestWatchForCommit" time="28.364">
    <error message="org.apache.ratis.protocol.RaftRetryFailureException: Failed RaftClientRequest:client-378F1FBC964A-&gt;ad940cfb-76ca-446a-83ce-b40aef73eeae@group-FAE41C2CD621, cid=50, seq=1*, RW, org.apache.hadoop.hdds.scm.XceiverClientRatis$$Lambda$425/2051889196@2a2285ec for 20 attempts with RetryLimited(maxAttempts=20, sleepTime=1000ms)" type="java.util.concurrent.ExecutionException">java.util.concurrent.ExecutionException: org.apache.ratis.protocol.RaftRetryFailureException: Failed RaftClientRequest:client-378F1FBC964A->ad940cfb-76ca-446a-83ce-b40aef73eeae@group-FAE41C2CD621, cid=50, seq=1*, RW, org.apache.hadoop.hdds.scm.XceiverClientRatis$$Lambda$425/2051889196@2a2285ec for 20 attempts with RetryLimited(maxAttempts=20, sleepTime=1000ms)
	at java.util.concurrent.CompletableFuture.reportGet(CompletableFuture.java:357)
	at java.util.concurrent.CompletableFuture.get(CompletableFuture.java:1895)
	at org.apache.hadoop.ozone.client.rpc.TestWatchForCommit.testWatchForCommitWithSmallerTimeoutValue(TestWatchForCommit.java:293)
	at sun.reflect.NativeMethodAccessorImpl.invoke0(Native Method)
	at sun.reflect.NativeMethodAccessorImpl.invoke(NativeMethodAccessorImpl.java:62)
	at sun.reflect.DelegatingMethodAccessorImpl.invoke(DelegatingMethodAccessorImpl.java:43)
	at java.lang.reflect.Method.invoke(Method.java:498)
	at org.junit.runners.model.FrameworkMethod$1.runReflectiveCall(FrameworkMethod.java:47)
	at org.junit.internal.runners.model.ReflectiveCallable.run(ReflectiveCallable.java:12)
	at org.junit.runners.model.FrameworkMethod.invokeExplosively(FrameworkMethod.java:44)
	at org.junit.internal.runners.statements.InvokeMethod.evaluate(InvokeMethod.java:17)
	at org.junit.runners.ParentRunner.runLeaf(ParentRunner.java:271)
	at org.junit.runners.BlockJUnit4ClassRunner.runChild(BlockJUnit4ClassRunner.java:70)
	at org.junit.runners.BlockJUnit4ClassRunner.runChild(BlockJUnit4ClassRunner.java:50)
	at org.junit.runners.ParentRunner$3.run(ParentRunner.java:238)
	at org.junit.runners.ParentRunner$1.schedule(ParentRunner.java:63)
	at org.junit.runners.ParentRunner.runChildren(ParentRunner.java:236)
	at org.junit.runners.ParentRunner.access$000(ParentRunner.java:53)
	at org.junit.runners.ParentRunner$2.evaluate(ParentRunner.java:229)
	at org.junit.runners.ParentRunner.run(ParentRunner.java:309)
	at org.apache.maven.surefire.junit4.JUnit4Provider.execute(JUnit4Provider.java:365)
	at org.apache.maven.surefire.junit4.JUnit4Provider.executeWithRerun(JUnit4Provider.java:273)
	at org.apache.maven.surefire.junit4.JUnit4Provider.executeTestSet(JUnit4Provider.java:238)
	at org.apache.maven.surefire.junit4.JUnit4Provider.invoke(JUnit4Provider.java:159)
	at org.apache.maven.surefire.booter.ForkedBooter.invokeProviderInSameClassLoader(ForkedBooter.java:384)
	at org.apache.maven.surefire.booter.ForkedBooter.runSuitesInProcess(ForkedBooter.java:345)
	at org.apache.maven.surefire.booter.ForkedBooter.execute(ForkedBooter.java:126)
	at org.apache.maven.surefire.booter.ForkedBooter.main(ForkedBooter.java:418)
Caused by: org.apache.ratis.protocol.RaftRetryFailureException: Failed RaftClientRequest:client-378F1FBC964A->ad940cfb-76ca-446a-83ce-b40aef73eeae@group-FAE41C2CD621, cid=50, seq=1*, RW, org.apache.hadoop.hdds.scm.XceiverClientRatis$$Lambda$425/2051889196@2a2285ec for 20 attempts with RetryLimited(maxAttempts=20, sleepTime=1000ms)
	at org.apache.ratis.client.impl.RaftClientImpl.noMoreRetries(RaftClientImpl.java:271)
	at org.apache.ratis.client.impl.OrderedAsync.handleAsyncRetryFailure(OrderedAsync.java:138)
	at org.apache.ratis.client.impl.OrderedAsync.lambda$sendRequest$10(OrderedAsync.java:230)
	at java.util.concurrent.CompletableFuture.uniExceptionally(CompletableFuture.java:870)
	at java.util.concurrent.CompletableFuture$UniExceptionally.tryFire(CompletableFuture.java:852)
	at java.util.concurrent.CompletableFuture.postComplete(CompletableFuture.java:474)
	at java.util.concurrent.CompletableFuture.completeExceptionally(CompletableFuture.java:1977)
	at org.apache.ratis.grpc.client.GrpcClientProtocolClient$AsyncStreamObservers.completeReplyExceptionally(GrpcClientProtocolClient.java:339)
	at org.apache.ratis.grpc.client.GrpcClientProtocolClient$AsyncStreamObservers.access$000(GrpcClientProtocolClient.java:255)
	at org.apache.ratis.grpc.client.GrpcClientProtocolClient$AsyncStreamObservers$1.onNext(GrpcClientProtocolClient.java:267)
	at org.apache.ratis.grpc.client.GrpcClientProtocolClient$AsyncStreamObservers$1.onNext(GrpcClientProtocolClient.java:258)
	at org.apache.ratis.thirdparty.io.grpc.stub.ClientCalls$StreamObserverToCallListenerAdapter.onMessage(ClientCalls.java:421)
	at org.apache.ratis.thirdparty.io.grpc.ForwardingClientCallListener.onMessage(ForwardingClientCallListener.java:33)
	at org.apache.ratis.thirdparty.io.grpc.ForwardingClientCallListener.onMessage(ForwardingClientCallListener.java:33)
	at org.apache.ratis.thirdparty.io.grpc.internal.ClientCallImpl$ClientStreamListenerImpl$1MessagesAvailable.runInContext(ClientCallImpl.java:519)
	at org.apache.ratis.thirdparty.io.grpc.internal.ContextRunnable.run(ContextRunnable.java:37)
	at org.apache.ratis.thirdparty.io.grpc.internal.SerializingExecutor.run(SerializingExecutor.java:123)
	at java.util.concurrent.ThreadPoolExecutor.runWorker(ThreadPoolExecutor.java:1149)
	at java.util.concurrent.ThreadPoolExecutor$Worker.run(ThreadPoolExecutor.java:624)
	at java.lang.Thread.run(Thread.java:748)
Caused by: org.apache.ratis.protocol.NotLeaderException: Server ad940cfb-76ca-446a-83ce-b40aef73eeae@group-FAE41C2CD621 is not the leader
	at org.apache.ratis.client.impl.ClientProtoUtils.toRaftClientReply(ClientProtoUtils.java:243)
	at org.apache.ratis.grpc.client.GrpcClientProtocolClient$AsyncStreamObservers$1.onNext(GrpcClientProtocolClient.java:263)
	... 10 more
</error>
    <system-out><![CDATA[2019-09-21 06:22:11,042 [main] WARN  server.ServerUtils (ServerUtils.java:getScmDbDir(145)) - ozone.scm.db.dirs is not configured. We recommend adding this setting. Falling back to ozone.metadata.dirs instead.
2019-09-21 06:22:11,095 [main] WARN  server.ServerUtils (ServerUtils.java:getScmDbDir(145)) - ozone.scm.db.dirs is not configured. We recommend adding this setting. Falling back to ozone.metadata.dirs instead.
2019-09-21 06:22:11,096 [main] WARN  server.ServerUtils (ServerUtils.java:getScmDbDir(145)) - ozone.scm.db.dirs is not configured. We recommend adding this setting. Falling back to ozone.metadata.dirs instead.
2019-09-21 06:22:11,097 [main] INFO  db.DBStoreBuilder (DBStoreBuilder.java:addTable(110)) - using custom profile for table: deletedBlocks
2019-09-21 06:22:11,097 [main] INFO  db.DBStoreBuilder (DBStoreBuilder.java:processTables(161)) - Using default column profile:DBProfile.DISK for Table:deletedBlocks
2019-09-21 06:22:11,097 [main] INFO  db.DBStoreBuilder (DBStoreBuilder.java:addTable(110)) - using custom profile for table: validCerts
2019-09-21 06:22:11,097 [main] INFO  db.DBStoreBuilder (DBStoreBuilder.java:processTables(161)) - Using default column profile:DBProfile.DISK for Table:validCerts
2019-09-21 06:22:11,098 [main] INFO  db.DBStoreBuilder (DBStoreBuilder.java:addTable(110)) - using custom profile for table: revokedCerts
2019-09-21 06:22:11,098 [main] INFO  db.DBStoreBuilder (DBStoreBuilder.java:processTables(161)) - Using default column profile:DBProfile.DISK for Table:revokedCerts
2019-09-21 06:22:11,098 [main] INFO  db.DBStoreBuilder (DBStoreBuilder.java:addTable(110)) - using custom profile for table: default
2019-09-21 06:22:11,098 [main] INFO  db.DBStoreBuilder (DBStoreBuilder.java:processTables(167)) - Using default column profile:DBProfile.DISK for Table:default
2019-09-21 06:22:11,098 [main] INFO  db.DBStoreBuilder (DBStoreBuilder.java:getDbProfile(198)) - Using default options. DBProfile.DISK
2019-09-21 06:22:11,939 [main] INFO  net.NodeSchemaLoader (NodeSchemaLoader.java:loadSchemaFromFile(125)) - Loading file from sun.misc.CompoundEnumeration@56e9a474
2019-09-21 06:22:11,939 [main] INFO  net.NodeSchemaLoader (NodeSchemaLoader.java:loadSchema(171)) - Loading network topology layer schema file
2019-09-21 06:22:11,947 [main] WARN  server.ServerUtils (ServerUtils.java:sanitizeUserArgs(70)) - ozone.scm.stale.node.interval value = 300000 is larger than max = 100000 based on the key value of ozone.scm.heartbeat.thread.interval, reset to the max value 100000.
2019-09-21 06:22:11,948 [main] WARN  server.ServerUtils (ServerUtils.java:sanitizeUserArgs(70)) - ozone.scm.stale.node.interval value = 300000 is larger than max = 100000 based on the key value of ozone.scm.heartbeat.thread.interval, reset to the max value 100000.
2019-09-21 06:22:11,948 [main] INFO  node.SCMNodeManager (SCMNodeManager.java:<init>(114)) - Entering startup safe mode.
2019-09-21 06:22:11,950 [main] INFO  algorithms.ContainerPlacementPolicyFactory (ContainerPlacementPolicyFactory.java:getPolicy(57)) - Create container placement policy of type org.apache.hadoop.hdds.scm.container.placement.algorithms.SCMContainerPlacementRandom
2019-09-21 06:22:11,950 [main] WARN  server.ServerUtils (ServerUtils.java:getScmDbDir(145)) - ozone.scm.db.dirs is not configured. We recommend adding this setting. Falling back to ozone.metadata.dirs instead.
2019-09-21 06:22:12,323 [main] INFO  pipeline.SCMPipelineManager (SCMPipelineManager.java:initializePipelineState(132)) - No pipeline exists in current db
2019-09-21 06:22:12,323 [main] WARN  server.ServerUtils (ServerUtils.java:getScmDbDir(145)) - ozone.scm.db.dirs is not configured. We recommend adding this setting. Falling back to ozone.metadata.dirs instead.
2019-09-21 06:22:12,660 [main] WARN  events.EventQueue (EventQueue.java:fireEvent(183)) - No event handler registered for event TypedEvent{payloadType=SafeModeStatus, name='SafeModeStatus'}
2019-09-21 06:22:12,661 [main] INFO  ipc.CallQueueManager (CallQueueManager.java:<init>(84)) - Using callQueue: class java.util.concurrent.LinkedBlockingQueue, queueCapacity: 2000, scheduler: class org.apache.hadoop.ipc.DefaultRpcScheduler, ipcBackoff: false.
2019-09-21 06:22:12,663 [Socket Reader #1 for port 45951] INFO  ipc.Server (Server.java:run(1074)) - Starting Socket Reader #1 for port 45951
2019-09-21 06:22:12,666 [main] INFO  ipc.CallQueueManager (CallQueueManager.java:<init>(84)) - Using callQueue: class java.util.concurrent.LinkedBlockingQueue, queueCapacity: 2000, scheduler: class org.apache.hadoop.ipc.DefaultRpcScheduler, ipcBackoff: false.
2019-09-21 06:22:12,668 [Socket Reader #1 for port 41834] INFO  ipc.Server (Server.java:run(1074)) - Starting Socket Reader #1 for port 41834
2019-09-21 06:22:12,670 [main] INFO  ipc.CallQueueManager (CallQueueManager.java:<init>(84)) - Using callQueue: class java.util.concurrent.LinkedBlockingQueue, queueCapacity: 2000, scheduler: class org.apache.hadoop.ipc.DefaultRpcScheduler, ipcBackoff: false.
2019-09-21 06:22:12,671 [Socket Reader #1 for port 40827] INFO  ipc.Server (Server.java:run(1074)) - Starting Socket Reader #1 for port 40827
2019-09-21 06:22:12,676 [main] INFO  hdfs.DFSUtil (DFSUtil.java:httpServerTemplateForNNAndJN(1641)) - Starting Web-server for scm at: http://0.0.0.0:0
2019-09-21 06:22:12,680 [main] INFO  server.AuthenticationFilter (AuthenticationFilter.java:constructSecretProvider(240)) - Unable to initialize FileSignerSecretProvider, falling back to use random secrets.
2019-09-21 06:22:12,681 [main] WARN  http.HttpRequestLog (HttpRequestLog.java:getRequestLog(97)) - Jetty request log can only be enabled using Log4j
2019-09-21 06:22:12,684 [main] INFO  http.HttpServer2 (HttpServer2.java:addGlobalFilter(975)) - Added global filter 'safety' (class=org.apache.hadoop.http.HttpServer2$QuotingInputFilter)
2019-09-21 06:22:12,685 [main] INFO  http.HttpServer2 (HttpServer2.java:addFilter(948)) - Added filter static_user_filter (class=org.apache.hadoop.http.lib.StaticUserWebFilter$StaticUserFilter) to context scm
2019-09-21 06:22:12,686 [main] INFO  http.HttpServer2 (HttpServer2.java:addFilter(958)) - Added filter static_user_filter (class=org.apache.hadoop.http.lib.StaticUserWebFilter$StaticUserFilter) to context logs
2019-09-21 06:22:12,686 [main] INFO  http.HttpServer2 (HttpServer2.java:addFilter(958)) - Added filter static_user_filter (class=org.apache.hadoop.http.lib.StaticUserWebFilter$StaticUserFilter) to context static
2019-09-21 06:22:12,691 [main] INFO  server.StorageContainerManager (StorageContainerManager.java:start(770)) - StorageContainerLocationProtocol RPC server is listening at /0.0.0.0:40827
2019-09-21 06:22:12,694 [main] WARN  impl.MetricsConfig (MetricsConfig.java:loadFirst(134)) - Cannot locate configuration: tried hadoop-metrics2-storagecontainermanager.properties,hadoop-metrics2.properties
2019-09-21 06:22:12,696 [main] INFO  impl.MetricsSystemImpl (MetricsSystemImpl.java:startTimer(374)) - Scheduled Metric snapshot period at 10 second(s).
2019-09-21 06:22:12,696 [main] INFO  impl.MetricsSystemImpl (MetricsSystemImpl.java:start(191)) - StorageContainerManager metrics system started
2019-09-21 06:22:12,737 [main] WARN  impl.MetricsSystemImpl (MetricsSystemImpl.java:register(276)) - Sink prometheus already exists!
2019-09-21 06:22:12,742 [main] INFO  server.SCMClientProtocolServer (SCMClientProtocolServer.java:start(151)) - RPC server for Client  is listening at /0.0.0.0:40827
2019-09-21 06:22:12,743 [IPC Server Responder] INFO  ipc.Server (Server.java:run(1314)) - IPC Server Responder: starting
2019-09-21 06:22:12,743 [IPC Server listener on 40827] INFO  ipc.Server (Server.java:run(1153)) - IPC Server listener on 40827: starting
2019-09-21 06:22:12,747 [main] INFO  server.StorageContainerManager (StorageContainerManager.java:start(780)) - ScmBlockLocationProtocol RPC server is listening at /0.0.0.0:41834
2019-09-21 06:22:12,748 [main] INFO  server.SCMBlockProtocolServer (SCMBlockProtocolServer.java:start(146)) - RPC server for Block Protocol is listening at /0.0.0.0:41834
2019-09-21 06:22:12,748 [IPC Server Responder] INFO  ipc.Server (Server.java:run(1314)) - IPC Server Responder: starting
2019-09-21 06:22:12,749 [IPC Server listener on 41834] INFO  ipc.Server (Server.java:run(1153)) - IPC Server listener on 41834: starting
2019-09-21 06:22:12,753 [main] INFO  server.StorageContainerManager (StorageContainerManager.java:start(784)) - ScmDatanodeProtocl RPC server is listening at /0.0.0.0:45951
2019-09-21 06:22:12,753 [main] INFO  server.SCMDatanodeProtocolServer (SCMDatanodeProtocolServer.java:start(191)) - RPC server for DataNodes is listening at /0.0.0.0:45951
2019-09-21 06:22:12,753 [IPC Server Responder] INFO  ipc.Server (Server.java:run(1314)) - IPC Server Responder: starting
2019-09-21 06:22:12,753 [IPC Server listener on 45951] INFO  ipc.Server (Server.java:run(1153)) - IPC Server listener on 45951: starting
2019-09-21 06:22:12,757 [main] INFO  http.HttpServer2 (HttpServer2.java:bindListener(1191)) - Jetty bound to port 39210
2019-09-21 06:22:12,757 [main] INFO  server.Server (Server.java:doStart(351)) - jetty-9.3.24.v20180605, build timestamp: 2018-06-05T17:11:56Z, git hash: 84205aa28f11a4f31f2a3b86d1bba2cc8ab69827
2019-09-21 06:22:12,759 [main] INFO  handler.ContextHandler (ContextHandler.java:doStart(781)) - Started o.e.j.s.ServletContextHandler@2ee48610{/logs,file:///workdir/hadoop-ozone/integration-test/target/log,AVAILABLE}
2019-09-21 06:22:12,760 [main] INFO  handler.ContextHandler (ContextHandler.java:doStart(781)) - Started o.e.j.s.ServletContextHandler@6d08b4e6{/static,file:///workdir/hadoop-ozone/integration-test/target/test-classes/webapps/static,AVAILABLE}
2019-09-21 06:22:12,765 [main] INFO  handler.ContextHandler (ContextHandler.java:doStart(781)) - Started o.e.j.w.WebAppContext@7d17ee50{/,file:///workdir/hadoop-ozone/integration-test/target/test-classes/webapps/scm/,AVAILABLE}{/scm}
2019-09-21 06:22:12,766 [main] INFO  server.AbstractConnector (AbstractConnector.java:doStart(278)) - Started ServerConnector@44fdce3c{HTTP/1.1,[http/1.1]}{0.0.0.0:39210}
2019-09-21 06:22:12,767 [main] INFO  server.Server (Server.java:doStart(419)) - Started @69773ms
2019-09-21 06:22:12,767 [main] WARN  impl.MetricsSystemImpl (MetricsSystemImpl.java:register(276)) - Sink prometheus already exists!
2019-09-21 06:22:12,768 [main] INFO  server.BaseHttpServer (BaseHttpServer.java:updateConnectorAddress(215)) - HTTP server of SCM is listening at http://0.0.0.0:39210
2019-09-21 06:22:12,769 [main] WARN  server.ServerUtils (ServerUtils.java:getDBPath(222)) - ozone.om.db.dirs is not configured. We recommend adding this setting. Falling back to ozone.metadata.dirs instead.
2019-09-21 06:22:12,769 [org.apache.hadoop.util.JvmPauseMonitor$Monitor@6d33a66e] INFO  util.JvmPauseMonitor (JvmPauseMonitor.java:run(188)) - Starting JVM pause monitor
2019-09-21 06:22:12,841 [main] WARN  server.ServerUtils (ServerUtils.java:getDBPath(222)) - ozone.om.db.dirs is not configured. We recommend adding this setting. Falling back to ozone.metadata.dirs instead.
2019-09-21 06:22:12,841 [main] WARN  server.ServerUtils (ServerUtils.java:getDBPath(222)) - ozone.om.db.dirs is not configured. We recommend adding this setting. Falling back to ozone.metadata.dirs instead.
2019-09-21 06:22:12,842 [main] INFO  om.OzoneManager (OzoneManager.java:setOMNodeDetails(652)) - OM Service ID is not set. Setting it to the default ID: omServiceIdDefault
2019-09-21 06:22:12,842 [main] INFO  om.OzoneManager (OzoneManager.java:setOMNodeDetails(658)) - OM Node ID is not set. Setting it to the OmStorage's OmID: 021cfa0f-07a9-4455-93f1-e4c9c9e88c02
2019-09-21 06:22:12,843 [main] INFO  om.OzoneManager (OzoneManager.java:loadOMHAConfigs(609)) - Found matching OM address with OMServiceId: null, OMNodeId: null, RPC Address: localhost:0 and Ratis port: 9872
2019-09-21 06:22:12,852 [main] WARN  server.ServerUtils (ServerUtils.java:getDBPath(222)) - ozone.om.db.dirs is not configured. We recommend adding this setting. Falling back to ozone.metadata.dirs instead.
2019-09-21 06:22:12,853 [main] INFO  db.DBStoreBuilder (DBStoreBuilder.java:addTable(110)) - using custom profile for table: userTable
2019-09-21 06:22:12,853 [main] INFO  db.DBStoreBuilder (DBStoreBuilder.java:processTables(161)) - Using default column profile:DBProfile.DISK for Table:userTable
2019-09-21 06:22:12,854 [main] INFO  db.DBStoreBuilder (DBStoreBuilder.java:addTable(110)) - using custom profile for table: volumeTable
2019-09-21 06:22:12,854 [main] INFO  db.DBStoreBuilder (DBStoreBuilder.java:processTables(161)) - Using default column profile:DBProfile.DISK for Table:volumeTable
2019-09-21 06:22:12,855 [main] INFO  db.DBStoreBuilder (DBStoreBuilder.java:addTable(110)) - using custom profile for table: bucketTable
2019-09-21 06:22:12,855 [main] INFO  db.DBStoreBuilder (DBStoreBuilder.java:processTables(161)) - Using default column profile:DBProfile.DISK for Table:bucketTable
2019-09-21 06:22:12,855 [main] INFO  db.DBStoreBuilder (DBStoreBuilder.java:addTable(110)) - using custom profile for table: keyTable
2019-09-21 06:22:12,856 [main] INFO  db.DBStoreBuilder (DBStoreBuilder.java:processTables(161)) - Using default column profile:DBProfile.DISK for Table:keyTable
2019-09-21 06:22:12,856 [main] INFO  db.DBStoreBuilder (DBStoreBuilder.java:addTable(110)) - using custom profile for table: deletedTable
2019-09-21 06:22:12,856 [main] INFO  db.DBStoreBuilder (DBStoreBuilder.java:processTables(161)) - Using default column profile:DBProfile.DISK for Table:deletedTable
2019-09-21 06:22:12,857 [main] INFO  db.DBStoreBuilder (DBStoreBuilder.java:addTable(110)) - using custom profile for table: openKeyTable
2019-09-21 06:22:12,857 [main] INFO  db.DBStoreBuilder (DBStoreBuilder.java:processTables(161)) - Using default column profile:DBProfile.DISK for Table:openKeyTable
2019-09-21 06:22:12,858 [main] INFO  db.DBStoreBuilder (DBStoreBuilder.java:addTable(110)) - using custom profile for table: s3Table
2019-09-21 06:22:12,858 [main] INFO  db.DBStoreBuilder (DBStoreBuilder.java:processTables(161)) - Using default column profile:DBProfile.DISK for Table:s3Table
2019-09-21 06:22:12,859 [main] INFO  db.DBStoreBuilder (DBStoreBuilder.java:addTable(110)) - using custom profile for table: multipartInfoTable
2019-09-21 06:22:12,859 [main] INFO  db.DBStoreBuilder (DBStoreBuilder.java:processTables(161)) - Using default column profile:DBProfile.DISK for Table:multipartInfoTable
2019-09-21 06:22:12,860 [main] INFO  db.DBStoreBuilder (DBStoreBuilder.java:addTable(110)) - using custom profile for table: dTokenTable
2019-09-21 06:22:12,860 [main] INFO  db.DBStoreBuilder (DBStoreBuilder.java:processTables(161)) - Using default column profile:DBProfile.DISK for Table:dTokenTable
2019-09-21 06:22:12,861 [main] INFO  db.DBStoreBuilder (DBStoreBuilder.java:addTable(110)) - using custom profile for table: s3SecretTable
2019-09-21 06:22:12,861 [main] INFO  db.DBStoreBuilder (DBStoreBuilder.java:processTables(161)) - Using default column profile:DBProfile.DISK for Table:s3SecretTable
2019-09-21 06:22:12,862 [main] INFO  db.DBStoreBuilder (DBStoreBuilder.java:addTable(110)) - using custom profile for table: prefixTable
2019-09-21 06:22:12,862 [main] INFO  db.DBStoreBuilder (DBStoreBuilder.java:processTables(161)) - Using default column profile:DBProfile.DISK for Table:prefixTable
2019-09-21 06:22:12,863 [main] INFO  db.DBStoreBuilder (DBStoreBuilder.java:addTable(110)) - using custom profile for table: default
2019-09-21 06:22:12,863 [main] INFO  db.DBStoreBuilder (DBStoreBuilder.java:processTables(167)) - Using default column profile:DBProfile.DISK for Table:default
2019-09-21 06:22:12,864 [main] INFO  db.DBStoreBuilder (DBStoreBuilder.java:getDbProfile(198)) - Using default options. DBProfile.DISK
2019-09-21 06:22:14,024 [main] INFO  ipc.CallQueueManager (CallQueueManager.java:<init>(84)) - Using callQueue: class java.util.concurrent.LinkedBlockingQueue, queueCapacity: 2000, scheduler: class org.apache.hadoop.ipc.DefaultRpcScheduler, ipcBackoff: false.
2019-09-21 06:22:14,025 [Socket Reader #1 for port 41894] INFO  ipc.Server (Server.java:run(1074)) - Starting Socket Reader #1 for port 41894
2019-09-21 06:22:14,043 [main] INFO  om.OzoneManager (OzoneManager.java:start(1243)) - OzoneManager RPC server is listening at localhost/127.0.0.1:41894
2019-09-21 06:22:14,043 [main] INFO  impl.MetricsSystemImpl (MetricsSystemImpl.java:init(158)) - OzoneManager metrics system started (again)
2019-09-21 06:22:14,044 [IPC Server Responder] INFO  ipc.Server (Server.java:run(1314)) - IPC Server Responder: starting
2019-09-21 06:22:14,044 [IPC Server listener on 41894] INFO  ipc.Server (Server.java:run(1153)) - IPC Server listener on 41894: starting
2019-09-21 06:22:14,050 [main] INFO  hdfs.DFSUtil (DFSUtil.java:httpServerTemplateForNNAndJN(1641)) - Starting Web-server for ozoneManager at: http://0.0.0.0:0
2019-09-21 06:22:14,052 [main] INFO  server.AuthenticationFilter (AuthenticationFilter.java:constructSecretProvider(240)) - Unable to initialize FileSignerSecretProvider, falling back to use random secrets.
2019-09-21 06:22:14,052 [main] WARN  http.HttpRequestLog (HttpRequestLog.java:getRequestLog(97)) - Jetty request log can only be enabled using Log4j
2019-09-21 06:22:14,054 [main] INFO  http.HttpServer2 (HttpServer2.java:addGlobalFilter(975)) - Added global filter 'safety' (class=org.apache.hadoop.http.HttpServer2$QuotingInputFilter)
2019-09-21 06:22:14,055 [main] INFO  http.HttpServer2 (HttpServer2.java:addFilter(948)) - Added filter static_user_filter (class=org.apache.hadoop.http.lib.StaticUserWebFilter$StaticUserFilter) to context ozoneManager
2019-09-21 06:22:14,055 [main] INFO  http.HttpServer2 (HttpServer2.java:addFilter(958)) - Added filter static_user_filter (class=org.apache.hadoop.http.lib.StaticUserWebFilter$StaticUserFilter) to context logs
2019-09-21 06:22:14,055 [main] INFO  http.HttpServer2 (HttpServer2.java:addFilter(958)) - Added filter static_user_filter (class=org.apache.hadoop.http.lib.StaticUserWebFilter$StaticUserFilter) to context static
2019-09-21 06:22:14,056 [main] INFO  http.HttpServer2 (HttpServer2.java:bindListener(1191)) - Jetty bound to port 40740
2019-09-21 06:22:14,056 [main] INFO  server.Server (Server.java:doStart(351)) - jetty-9.3.24.v20180605, build timestamp: 2018-06-05T17:11:56Z, git hash: 84205aa28f11a4f31f2a3b86d1bba2cc8ab69827
2019-09-21 06:22:14,058 [main] INFO  handler.ContextHandler (ContextHandler.java:doStart(781)) - Started o.e.j.s.ServletContextHandler@6d0be7ab{/logs,file:///workdir/hadoop-ozone/integration-test/target/log,AVAILABLE}
2019-09-21 06:22:14,058 [main] INFO  handler.ContextHandler (ContextHandler.java:doStart(781)) - Started o.e.j.s.ServletContextHandler@6ef60295{/static,file:///workdir/hadoop-ozone/integration-test/target/test-classes/webapps/static,AVAILABLE}
2019-09-21 06:22:14,062 [main] INFO  handler.ContextHandler (ContextHandler.java:doStart(781)) - Started o.e.j.w.WebAppContext@276cc8dc{/,file:///workdir/hadoop-ozone/integration-test/target/test-classes/webapps/ozoneManager/,AVAILABLE}{/ozoneManager}
2019-09-21 06:22:14,062 [main] INFO  server.AbstractConnector (AbstractConnector.java:doStart(278)) - Started ServerConnector@66cd621b{HTTP/1.1,[http/1.1]}{0.0.0.0:40740}
2019-09-21 06:22:14,064 [main] INFO  server.Server (Server.java:doStart(419)) - Started @71070ms
2019-09-21 06:22:14,064 [main] WARN  impl.MetricsSystemImpl (MetricsSystemImpl.java:register(276)) - Sink prometheus already exists!
2019-09-21 06:22:14,066 [main] INFO  server.BaseHttpServer (BaseHttpServer.java:updateConnectorAddress(215)) - HTTP server of OZONEMANAGER is listening at http://0.0.0.0:40740
2019-09-21 06:22:14,092 [main] INFO  impl.MetricsSystemImpl (MetricsSystemImpl.java:init(158)) - HddsDatanode metrics system started (again)
2019-09-21 06:22:14,095 [main] INFO  ozone.HddsDatanodeService (HddsDatanodeService.java:start(184)) - HddsDatanodeService host:pr-hdds-2161-4k4xz-3364335222 ip:192.168.34.39
2019-09-21 06:22:14,101 [main] INFO  volume.HddsVolume (HddsVolume.java:<init>(176)) - Creating Volume: /workdir/hadoop-ozone/integration-test/target/test-dir/MiniOzoneClusterImpl-44f2a915-f03c-4a1f-87d6-926dbf9969ca/datanode-0/data/containers/hdds of  storage type : DISK and capacity : 1482555576320
2019-09-21 06:22:14,102 [main] INFO  volume.VolumeSet (VolumeSet.java:initializeVolumeSet(170)) - Added Volume : /workdir/hadoop-ozone/integration-test/target/test-dir/MiniOzoneClusterImpl-44f2a915-f03c-4a1f-87d6-926dbf9969ca/datanode-0/data/containers/hdds to VolumeSet
2019-09-21 06:22:14,102 [main] INFO  volume.ThrottledAsyncChecker (ThrottledAsyncChecker.java:schedule(139)) - Scheduling a check for org.apache.hadoop.ozone.container.common.volume.HddsVolume@1d8b0500
2019-09-21 06:22:14,103 [main] INFO  volume.HddsVolumeChecker (HddsVolumeChecker.java:checkAllVolumes(202)) - Scheduled health check for volume org.apache.hadoop.ozone.container.common.volume.HddsVolume@1d8b0500
2019-09-21 06:22:14,125 [main] INFO  impl.RaftServerProxy (ConfUtils.java:logGet(43)) - raft.rpc.type = GRPC (default)
2019-09-21 06:22:14,126 [main] INFO  grpc.GrpcFactory (GrpcFactory.java:checkPooledByteBufAllocatorUseCacheForAllThreads(45)) - PERFORMANCE WARNING: useCacheForAllThreads is true that may cause Netty to create a lot garbage objects and, as a result, trigger GC.
	It is recommended to disable useCacheForAllThreads by setting -Dorg.apache.ratis.thirdparty.io.netty.allocator.useCacheForAllThreads=false in command line.
2019-09-21 06:22:14,126 [main] INFO  grpc.GrpcConfigKeys$Server (ConfUtils.java:logGet(43)) - raft.grpc.server.port = 0 (default)
2019-09-21 06:22:14,126 [main] INFO  server.GrpcService (ConfUtils.java:logGet(43)) - raft.grpc.message.size.max = 33570816 (custom)
2019-09-21 06:22:14,127 [main] INFO  server.RaftServerConfigKeys (ConfUtils.java:logGet(43)) - raft.server.log.appender.buffer.byte-limit = 33554432 (custom)
2019-09-21 06:22:14,127 [main] INFO  server.GrpcService (ConfUtils.java:logGet(43)) - raft.grpc.flow.control.window = 1MB (=1048576) (default)
2019-09-21 06:22:14,127 [main] INFO  server.RaftServerConfigKeys (ConfUtils.java:logGet(43)) - raft.server.rpc.request.timeout = 3000ms (default)
2019-09-21 06:22:14,128 [main] INFO  server.RaftServerConfigKeys (ConfUtils.java:logGet(43)) - raft.server.storage.dir = [/workdir/hadoop-ozone/integration-test/target/test-dir/MiniOzoneClusterImpl-44f2a915-f03c-4a1f-87d6-926dbf9969ca/datanode-0/data/ratis] (custom)
2019-09-21 06:22:14,130 [main] INFO  hdfs.DFSUtil (DFSUtil.java:httpServerTemplateForNNAndJN(1641)) - Starting Web-server for hddsDatanode at: http://0.0.0.0:0
2019-09-21 06:22:14,132 [main] INFO  server.AuthenticationFilter (AuthenticationFilter.java:constructSecretProvider(240)) - Unable to initialize FileSignerSecretProvider, falling back to use random secrets.
2019-09-21 06:22:14,132 [main] WARN  http.HttpRequestLog (HttpRequestLog.java:getRequestLog(97)) - Jetty request log can only be enabled using Log4j
2019-09-21 06:22:14,133 [main] INFO  http.HttpServer2 (HttpServer2.java:addGlobalFilter(975)) - Added global filter 'safety' (class=org.apache.hadoop.http.HttpServer2$QuotingInputFilter)
2019-09-21 06:22:14,134 [main] INFO  http.HttpServer2 (HttpServer2.java:addFilter(948)) - Added filter static_user_filter (class=org.apache.hadoop.http.lib.StaticUserWebFilter$StaticUserFilter) to context hddsDatanode
2019-09-21 06:22:14,134 [main] INFO  http.HttpServer2 (HttpServer2.java:addFilter(958)) - Added filter static_user_filter (class=org.apache.hadoop.http.lib.StaticUserWebFilter$StaticUserFilter) to context logs
2019-09-21 06:22:14,134 [main] INFO  http.HttpServer2 (HttpServer2.java:addFilter(958)) - Added filter static_user_filter (class=org.apache.hadoop.http.lib.StaticUserWebFilter$StaticUserFilter) to context static
2019-09-21 06:22:14,135 [main] INFO  http.HttpServer2 (HttpServer2.java:bindListener(1191)) - Jetty bound to port 42481
2019-09-21 06:22:14,135 [main] INFO  server.Server (Server.java:doStart(351)) - jetty-9.3.24.v20180605, build timestamp: 2018-06-05T17:11:56Z, git hash: 84205aa28f11a4f31f2a3b86d1bba2cc8ab69827
2019-09-21 06:22:14,137 [main] INFO  handler.ContextHandler (ContextHandler.java:doStart(781)) - Started o.e.j.s.ServletContextHandler@54e12f4c{/logs,file:///workdir/hadoop-ozone/integration-test/target/log,AVAILABLE}
2019-09-21 06:22:14,137 [main] INFO  handler.ContextHandler (ContextHandler.java:doStart(781)) - Started o.e.j.s.ServletContextHandler@4d84049a{/static,jar:file:/home/user/.m2/repository/org/apache/hadoop/hadoop-hdds-container-service/0.5.0-SNAPSHOT/hadoop-hdds-container-service-0.5.0-SNAPSHOT.jar!/webapps/static,AVAILABLE}
2019-09-21 06:22:14,166 [main] INFO  handler.ContextHandler (ContextHandler.java:doStart(781)) - Started o.e.j.w.WebAppContext@430b2699{/,file:///tmp/jetty-0.0.0.0-42481-hddsDatanode-_-any-6445574818197760447.dir/webapp/,AVAILABLE}{/hddsDatanode}
2019-09-21 06:22:14,167 [main] INFO  server.AbstractConnector (AbstractConnector.java:doStart(278)) - Started ServerConnector@67536ae0{HTTP/1.1,[http/1.1]}{0.0.0.0:42481}
2019-09-21 06:22:14,168 [main] INFO  server.Server (Server.java:doStart(419)) - Started @71174ms
2019-09-21 06:22:14,168 [main] WARN  impl.MetricsSystemImpl (MetricsSystemImpl.java:register(276)) - Sink prometheus already exists!
2019-09-21 06:22:14,169 [main] INFO  server.BaseHttpServer (BaseHttpServer.java:updateConnectorAddress(215)) - HTTP server of HDDSDATANODE is listening at http://0.0.0.0:42481
2019-09-21 06:22:14,169 [main] INFO  impl.MetricsSystemImpl (MetricsSystemImpl.java:init(158)) - HddsDatanode metrics system started (again)
2019-09-21 06:22:14,173 [org.apache.hadoop.util.JvmPauseMonitor$Monitor@28dcdd59] INFO  util.JvmPauseMonitor (JvmPauseMonitor.java:run(188)) - Starting JVM pause monitor
2019-09-21 06:22:14,174 [main] INFO  ozone.HddsDatanodeService (HddsDatanodeService.java:start(184)) - HddsDatanodeService host:pr-hdds-2161-4k4xz-3364335222 ip:192.168.34.39
2019-09-21 06:22:14,176 [Datanode State Machine Thread - 0] INFO  datanode.InitDatanodeState (InitDatanodeState.java:persistContainerDatanodeDetails(140)) - DatanodeDetails is persisted to /workdir/hadoop-ozone/integration-test/target/test-dir/MiniOzoneClusterImpl-44f2a915-f03c-4a1f-87d6-926dbf9969ca/datanode-0/meta/datanode.id
2019-09-21 06:22:14,179 [main] INFO  volume.HddsVolume (HddsVolume.java:<init>(176)) - Creating Volume: /workdir/hadoop-ozone/integration-test/target/test-dir/MiniOzoneClusterImpl-44f2a915-f03c-4a1f-87d6-926dbf9969ca/datanode-1/data/containers/hdds of  storage type : DISK and capacity : 1482555576320
2019-09-21 06:22:14,180 [main] INFO  volume.VolumeSet (VolumeSet.java:initializeVolumeSet(170)) - Added Volume : /workdir/hadoop-ozone/integration-test/target/test-dir/MiniOzoneClusterImpl-44f2a915-f03c-4a1f-87d6-926dbf9969ca/datanode-1/data/containers/hdds to VolumeSet
2019-09-21 06:22:14,180 [main] INFO  volume.ThrottledAsyncChecker (ThrottledAsyncChecker.java:schedule(139)) - Scheduling a check for org.apache.hadoop.ozone.container.common.volume.HddsVolume@70025b99
2019-09-21 06:22:14,180 [main] INFO  volume.HddsVolumeChecker (HddsVolumeChecker.java:checkAllVolumes(202)) - Scheduled health check for volume org.apache.hadoop.ozone.container.common.volume.HddsVolume@70025b99
2019-09-21 06:22:14,196 [main] INFO  impl.RaftServerProxy (ConfUtils.java:logGet(43)) - raft.rpc.type = GRPC (default)
2019-09-21 06:22:14,197 [main] INFO  grpc.GrpcFactory (GrpcFactory.java:checkPooledByteBufAllocatorUseCacheForAllThreads(45)) - PERFORMANCE WARNING: useCacheForAllThreads is true that may cause Netty to create a lot garbage objects and, as a result, trigger GC.
	It is recommended to disable useCacheForAllThreads by setting -Dorg.apache.ratis.thirdparty.io.netty.allocator.useCacheForAllThreads=false in command line.
2019-09-21 06:22:14,197 [main] INFO  grpc.GrpcConfigKeys$Server (ConfUtils.java:logGet(43)) - raft.grpc.server.port = 0 (default)
2019-09-21 06:22:14,197 [main] INFO  server.GrpcService (ConfUtils.java:logGet(43)) - raft.grpc.message.size.max = 33570816 (custom)
2019-09-21 06:22:14,197 [main] INFO  server.RaftServerConfigKeys (ConfUtils.java:logGet(43)) - raft.server.log.appender.buffer.byte-limit = 33554432 (custom)
2019-09-21 06:22:14,197 [main] INFO  server.GrpcService (ConfUtils.java:logGet(43)) - raft.grpc.flow.control.window = 1MB (=1048576) (default)
2019-09-21 06:22:14,198 [main] INFO  server.RaftServerConfigKeys (ConfUtils.java:logGet(43)) - raft.server.rpc.request.timeout = 3000ms (default)
2019-09-21 06:22:14,198 [main] INFO  server.RaftServerConfigKeys (ConfUtils.java:logGet(43)) - raft.server.storage.dir = [/workdir/hadoop-ozone/integration-test/target/test-dir/MiniOzoneClusterImpl-44f2a915-f03c-4a1f-87d6-926dbf9969ca/datanode-1/data/ratis] (custom)
2019-09-21 06:22:14,199 [main] INFO  hdfs.DFSUtil (DFSUtil.java:httpServerTemplateForNNAndJN(1641)) - Starting Web-server for hddsDatanode at: http://0.0.0.0:0
2019-09-21 06:22:14,201 [main] INFO  server.AuthenticationFilter (AuthenticationFilter.java:constructSecretProvider(240)) - Unable to initialize FileSignerSecretProvider, falling back to use random secrets.
2019-09-21 06:22:14,202 [main] WARN  http.HttpRequestLog (HttpRequestLog.java:getRequestLog(97)) - Jetty request log can only be enabled using Log4j
2019-09-21 06:22:14,204 [main] INFO  http.HttpServer2 (HttpServer2.java:addGlobalFilter(975)) - Added global filter 'safety' (class=org.apache.hadoop.http.HttpServer2$QuotingInputFilter)
2019-09-21 06:22:14,206 [main] INFO  http.HttpServer2 (HttpServer2.java:addFilter(948)) - Added filter static_user_filter (class=org.apache.hadoop.http.lib.StaticUserWebFilter$StaticUserFilter) to context hddsDatanode
2019-09-21 06:22:14,206 [main] INFO  http.HttpServer2 (HttpServer2.java:addFilter(958)) - Added filter static_user_filter (class=org.apache.hadoop.http.lib.StaticUserWebFilter$StaticUserFilter) to context logs
2019-09-21 06:22:14,206 [main] INFO  http.HttpServer2 (HttpServer2.java:addFilter(958)) - Added filter static_user_filter (class=org.apache.hadoop.http.lib.StaticUserWebFilter$StaticUserFilter) to context static
2019-09-21 06:22:14,207 [main] INFO  http.HttpServer2 (HttpServer2.java:bindListener(1191)) - Jetty bound to port 42762
2019-09-21 06:22:14,208 [main] INFO  server.Server (Server.java:doStart(351)) - jetty-9.3.24.v20180605, build timestamp: 2018-06-05T17:11:56Z, git hash: 84205aa28f11a4f31f2a3b86d1bba2cc8ab69827
2019-09-21 06:22:14,210 [main] INFO  handler.ContextHandler (ContextHandler.java:doStart(781)) - Started o.e.j.s.ServletContextHandler@502a4156{/logs,file:///workdir/hadoop-ozone/integration-test/target/log,AVAILABLE}
2019-09-21 06:22:14,211 [main] INFO  handler.ContextHandler (ContextHandler.java:doStart(781)) - Started o.e.j.s.ServletContextHandler@64e1377c{/static,jar:file:/home/user/.m2/repository/org/apache/hadoop/hadoop-hdds-container-service/0.5.0-SNAPSHOT/hadoop-hdds-container-service-0.5.0-SNAPSHOT.jar!/webapps/static,AVAILABLE}
2019-09-21 06:22:14,255 [main] INFO  handler.ContextHandler (ContextHandler.java:doStart(781)) - Started o.e.j.w.WebAppContext@64942607{/,file:///tmp/jetty-0.0.0.0-42762-hddsDatanode-_-any-6695151235646504540.dir/webapp/,AVAILABLE}{/hddsDatanode}
2019-09-21 06:22:14,255 [main] INFO  server.AbstractConnector (AbstractConnector.java:doStart(278)) - Started ServerConnector@d48e998{HTTP/1.1,[http/1.1]}{0.0.0.0:42762}
2019-09-21 06:22:14,257 [main] INFO  server.Server (Server.java:doStart(419)) - Started @71263ms
2019-09-21 06:22:14,257 [main] WARN  impl.MetricsSystemImpl (MetricsSystemImpl.java:register(276)) - Sink prometheus already exists!
2019-09-21 06:22:14,258 [main] INFO  server.BaseHttpServer (BaseHttpServer.java:updateConnectorAddress(215)) - HTTP server of HDDSDATANODE is listening at http://0.0.0.0:42762
2019-09-21 06:22:14,258 [main] INFO  impl.MetricsSystemImpl (MetricsSystemImpl.java:init(158)) - HddsDatanode metrics system started (again)
2019-09-21 06:22:14,262 [main] INFO  ozone.HddsDatanodeService (HddsDatanodeService.java:start(184)) - HddsDatanodeService host:pr-hdds-2161-4k4xz-3364335222 ip:192.168.34.39
2019-09-21 06:22:14,262 [org.apache.hadoop.util.JvmPauseMonitor$Monitor@4c3c42de] INFO  util.JvmPauseMonitor (JvmPauseMonitor.java:run(188)) - Starting JVM pause monitor
2019-09-21 06:22:14,265 [Datanode State Machine Thread - 0] INFO  datanode.InitDatanodeState (InitDatanodeState.java:persistContainerDatanodeDetails(140)) - DatanodeDetails is persisted to /workdir/hadoop-ozone/integration-test/target/test-dir/MiniOzoneClusterImpl-44f2a915-f03c-4a1f-87d6-926dbf9969ca/datanode-1/meta/datanode.id
2019-09-21 06:22:14,268 [main] INFO  volume.HddsVolume (HddsVolume.java:<init>(176)) - Creating Volume: /workdir/hadoop-ozone/integration-test/target/test-dir/MiniOzoneClusterImpl-44f2a915-f03c-4a1f-87d6-926dbf9969ca/datanode-2/data/containers/hdds of  storage type : DISK and capacity : 1482555576320
2019-09-21 06:22:14,269 [main] INFO  volume.VolumeSet (VolumeSet.java:initializeVolumeSet(170)) - Added Volume : /workdir/hadoop-ozone/integration-test/target/test-dir/MiniOzoneClusterImpl-44f2a915-f03c-4a1f-87d6-926dbf9969ca/datanode-2/data/containers/hdds to VolumeSet
2019-09-21 06:22:14,269 [main] INFO  volume.ThrottledAsyncChecker (ThrottledAsyncChecker.java:schedule(139)) - Scheduling a check for org.apache.hadoop.ozone.container.common.volume.HddsVolume@2404b5a
2019-09-21 06:22:14,269 [main] INFO  volume.HddsVolumeChecker (HddsVolumeChecker.java:checkAllVolumes(202)) - Scheduled health check for volume org.apache.hadoop.ozone.container.common.volume.HddsVolume@2404b5a
2019-09-21 06:22:14,284 [main] INFO  impl.RaftServerProxy (ConfUtils.java:logGet(43)) - raft.rpc.type = GRPC (default)
2019-09-21 06:22:14,284 [main] INFO  grpc.GrpcFactory (GrpcFactory.java:checkPooledByteBufAllocatorUseCacheForAllThreads(45)) - PERFORMANCE WARNING: useCacheForAllThreads is true that may cause Netty to create a lot garbage objects and, as a result, trigger GC.
	It is recommended to disable useCacheForAllThreads by setting -Dorg.apache.ratis.thirdparty.io.netty.allocator.useCacheForAllThreads=false in command line.
2019-09-21 06:22:14,284 [main] INFO  grpc.GrpcConfigKeys$Server (ConfUtils.java:logGet(43)) - raft.grpc.server.port = 0 (default)
2019-09-21 06:22:14,284 [main] INFO  server.GrpcService (ConfUtils.java:logGet(43)) - raft.grpc.message.size.max = 33570816 (custom)
2019-09-21 06:22:14,285 [main] INFO  server.RaftServerConfigKeys (ConfUtils.java:logGet(43)) - raft.server.log.appender.buffer.byte-limit = 33554432 (custom)
2019-09-21 06:22:14,285 [main] INFO  server.GrpcService (ConfUtils.java:logGet(43)) - raft.grpc.flow.control.window = 1MB (=1048576) (default)
2019-09-21 06:22:14,285 [main] INFO  server.RaftServerConfigKeys (ConfUtils.java:logGet(43)) - raft.server.rpc.request.timeout = 3000ms (default)
2019-09-21 06:22:14,285 [main] INFO  server.RaftServerConfigKeys (ConfUtils.java:logGet(43)) - raft.server.storage.dir = [/workdir/hadoop-ozone/integration-test/target/test-dir/MiniOzoneClusterImpl-44f2a915-f03c-4a1f-87d6-926dbf9969ca/datanode-2/data/ratis] (custom)
2019-09-21 06:22:14,287 [main] INFO  hdfs.DFSUtil (DFSUtil.java:httpServerTemplateForNNAndJN(1641)) - Starting Web-server for hddsDatanode at: http://0.0.0.0:0
2019-09-21 06:22:14,289 [main] INFO  server.AuthenticationFilter (AuthenticationFilter.java:constructSecretProvider(240)) - Unable to initialize FileSignerSecretProvider, falling back to use random secrets.
2019-09-21 06:22:14,290 [main] WARN  http.HttpRequestLog (HttpRequestLog.java:getRequestLog(97)) - Jetty request log can only be enabled using Log4j
2019-09-21 06:22:14,292 [main] INFO  http.HttpServer2 (HttpServer2.java:addGlobalFilter(975)) - Added global filter 'safety' (class=org.apache.hadoop.http.HttpServer2$QuotingInputFilter)
2019-09-21 06:22:14,294 [main] INFO  http.HttpServer2 (HttpServer2.java:addFilter(948)) - Added filter static_user_filter (class=org.apache.hadoop.http.lib.StaticUserWebFilter$StaticUserFilter) to context hddsDatanode
2019-09-21 06:22:14,294 [main] INFO  http.HttpServer2 (HttpServer2.java:addFilter(958)) - Added filter static_user_filter (class=org.apache.hadoop.http.lib.StaticUserWebFilter$StaticUserFilter) to context logs
2019-09-21 06:22:14,294 [main] INFO  http.HttpServer2 (HttpServer2.java:addFilter(958)) - Added filter static_user_filter (class=org.apache.hadoop.http.lib.StaticUserWebFilter$StaticUserFilter) to context static
2019-09-21 06:22:14,296 [main] INFO  http.HttpServer2 (HttpServer2.java:bindListener(1191)) - Jetty bound to port 42310
2019-09-21 06:22:14,296 [main] INFO  server.Server (Server.java:doStart(351)) - jetty-9.3.24.v20180605, build timestamp: 2018-06-05T17:11:56Z, git hash: 84205aa28f11a4f31f2a3b86d1bba2cc8ab69827
2019-09-21 06:22:14,298 [main] INFO  handler.ContextHandler (ContextHandler.java:doStart(781)) - Started o.e.j.s.ServletContextHandler@65cf4d6d{/logs,file:///workdir/hadoop-ozone/integration-test/target/log,AVAILABLE}
2019-09-21 06:22:14,299 [main] INFO  handler.ContextHandler (ContextHandler.java:doStart(781)) - Started o.e.j.s.ServletContextHandler@4b0bd001{/static,jar:file:/home/user/.m2/repository/org/apache/hadoop/hadoop-hdds-container-service/0.5.0-SNAPSHOT/hadoop-hdds-container-service-0.5.0-SNAPSHOT.jar!/webapps/static,AVAILABLE}
2019-09-21 06:22:14,343 [main] INFO  handler.ContextHandler (ContextHandler.java:doStart(781)) - Started o.e.j.w.WebAppContext@cedee22{/,file:///tmp/jetty-0.0.0.0-42310-hddsDatanode-_-any-1828146892016585463.dir/webapp/,AVAILABLE}{/hddsDatanode}
2019-09-21 06:22:14,344 [main] INFO  server.AbstractConnector (AbstractConnector.java:doStart(278)) - Started ServerConnector@59b32539{HTTP/1.1,[http/1.1]}{0.0.0.0:42310}
2019-09-21 06:22:14,345 [main] INFO  server.Server (Server.java:doStart(419)) - Started @71352ms
2019-09-21 06:22:14,345 [main] WARN  impl.MetricsSystemImpl (MetricsSystemImpl.java:register(276)) - Sink prometheus already exists!
2019-09-21 06:22:14,346 [main] INFO  server.BaseHttpServer (BaseHttpServer.java:updateConnectorAddress(215)) - HTTP server of HDDSDATANODE is listening at http://0.0.0.0:42310
2019-09-21 06:22:14,347 [main] INFO  impl.MetricsSystemImpl (MetricsSystemImpl.java:init(158)) - HddsDatanode metrics system started (again)
2019-09-21 06:22:14,350 [org.apache.hadoop.util.JvmPauseMonitor$Monitor@675d920c] INFO  util.JvmPauseMonitor (JvmPauseMonitor.java:run(188)) - Starting JVM pause monitor
2019-09-21 06:22:14,351 [main] INFO  ozone.HddsDatanodeService (HddsDatanodeService.java:start(184)) - HddsDatanodeService host:pr-hdds-2161-4k4xz-3364335222 ip:192.168.34.39
2019-09-21 06:22:14,352 [Datanode State Machine Thread - 0] INFO  datanode.InitDatanodeState (InitDatanodeState.java:persistContainerDatanodeDetails(140)) - DatanodeDetails is persisted to /workdir/hadoop-ozone/integration-test/target/test-dir/MiniOzoneClusterImpl-44f2a915-f03c-4a1f-87d6-926dbf9969ca/datanode-2/meta/datanode.id
2019-09-21 06:22:14,357 [main] INFO  volume.HddsVolume (HddsVolume.java:<init>(176)) - Creating Volume: /workdir/hadoop-ozone/integration-test/target/test-dir/MiniOzoneClusterImpl-44f2a915-f03c-4a1f-87d6-926dbf9969ca/datanode-3/data/containers/hdds of  storage type : DISK and capacity : 1482555576320
2019-09-21 06:22:14,358 [main] INFO  volume.VolumeSet (VolumeSet.java:initializeVolumeSet(170)) - Added Volume : /workdir/hadoop-ozone/integration-test/target/test-dir/MiniOzoneClusterImpl-44f2a915-f03c-4a1f-87d6-926dbf9969ca/datanode-3/data/containers/hdds to VolumeSet
2019-09-21 06:22:14,358 [main] INFO  volume.ThrottledAsyncChecker (ThrottledAsyncChecker.java:schedule(139)) - Scheduling a check for org.apache.hadoop.ozone.container.common.volume.HddsVolume@3c0e00a8
2019-09-21 06:22:14,358 [main] INFO  volume.HddsVolumeChecker (HddsVolumeChecker.java:checkAllVolumes(202)) - Scheduled health check for volume org.apache.hadoop.ozone.container.common.volume.HddsVolume@3c0e00a8
2019-09-21 06:22:14,373 [main] INFO  impl.RaftServerProxy (ConfUtils.java:logGet(43)) - raft.rpc.type = GRPC (default)
2019-09-21 06:22:14,373 [main] INFO  grpc.GrpcFactory (GrpcFactory.java:checkPooledByteBufAllocatorUseCacheForAllThreads(45)) - PERFORMANCE WARNING: useCacheForAllThreads is true that may cause Netty to create a lot garbage objects and, as a result, trigger GC.
	It is recommended to disable useCacheForAllThreads by setting -Dorg.apache.ratis.thirdparty.io.netty.allocator.useCacheForAllThreads=false in command line.
2019-09-21 06:22:14,373 [main] INFO  grpc.GrpcConfigKeys$Server (ConfUtils.java:logGet(43)) - raft.grpc.server.port = 0 (default)
2019-09-21 06:22:14,373 [main] INFO  server.GrpcService (ConfUtils.java:logGet(43)) - raft.grpc.message.size.max = 33570816 (custom)
2019-09-21 06:22:14,373 [main] INFO  server.RaftServerConfigKeys (ConfUtils.java:logGet(43)) - raft.server.log.appender.buffer.byte-limit = 33554432 (custom)
2019-09-21 06:22:14,374 [main] INFO  server.GrpcService (ConfUtils.java:logGet(43)) - raft.grpc.flow.control.window = 1MB (=1048576) (default)
2019-09-21 06:22:14,374 [main] INFO  server.RaftServerConfigKeys (ConfUtils.java:logGet(43)) - raft.server.rpc.request.timeout = 3000ms (default)
2019-09-21 06:22:14,374 [main] INFO  server.RaftServerConfigKeys (ConfUtils.java:logGet(43)) - raft.server.storage.dir = [/workdir/hadoop-ozone/integration-test/target/test-dir/MiniOzoneClusterImpl-44f2a915-f03c-4a1f-87d6-926dbf9969ca/datanode-3/data/ratis] (custom)
2019-09-21 06:22:14,375 [main] INFO  hdfs.DFSUtil (DFSUtil.java:httpServerTemplateForNNAndJN(1641)) - Starting Web-server for hddsDatanode at: http://0.0.0.0:0
2019-09-21 06:22:14,376 [main] INFO  server.AuthenticationFilter (AuthenticationFilter.java:constructSecretProvider(240)) - Unable to initialize FileSignerSecretProvider, falling back to use random secrets.
2019-09-21 06:22:14,377 [main] WARN  http.HttpRequestLog (HttpRequestLog.java:getRequestLog(97)) - Jetty request log can only be enabled using Log4j
2019-09-21 06:22:14,378 [main] INFO  http.HttpServer2 (HttpServer2.java:addGlobalFilter(975)) - Added global filter 'safety' (class=org.apache.hadoop.http.HttpServer2$QuotingInputFilter)
2019-09-21 06:22:14,379 [main] INFO  http.HttpServer2 (HttpServer2.java:addFilter(948)) - Added filter static_user_filter (class=org.apache.hadoop.http.lib.StaticUserWebFilter$StaticUserFilter) to context hddsDatanode
2019-09-21 06:22:14,379 [main] INFO  http.HttpServer2 (HttpServer2.java:addFilter(958)) - Added filter static_user_filter (class=org.apache.hadoop.http.lib.StaticUserWebFilter$StaticUserFilter) to context logs
2019-09-21 06:22:14,379 [main] INFO  http.HttpServer2 (HttpServer2.java:addFilter(958)) - Added filter static_user_filter (class=org.apache.hadoop.http.lib.StaticUserWebFilter$StaticUserFilter) to context static
2019-09-21 06:22:14,380 [main] INFO  http.HttpServer2 (HttpServer2.java:bindListener(1191)) - Jetty bound to port 43869
2019-09-21 06:22:14,380 [main] INFO  server.Server (Server.java:doStart(351)) - jetty-9.3.24.v20180605, build timestamp: 2018-06-05T17:11:56Z, git hash: 84205aa28f11a4f31f2a3b86d1bba2cc8ab69827
2019-09-21 06:22:14,381 [main] INFO  handler.ContextHandler (ContextHandler.java:doStart(781)) - Started o.e.j.s.ServletContextHandler@101ca8da{/logs,file:///workdir/hadoop-ozone/integration-test/target/log,AVAILABLE}
2019-09-21 06:22:14,382 [main] INFO  handler.ContextHandler (ContextHandler.java:doStart(781)) - Started o.e.j.s.ServletContextHandler@405b6d75{/static,jar:file:/home/user/.m2/repository/org/apache/hadoop/hadoop-hdds-container-service/0.5.0-SNAPSHOT/hadoop-hdds-container-service-0.5.0-SNAPSHOT.jar!/webapps/static,AVAILABLE}
2019-09-21 06:22:14,410 [main] INFO  handler.ContextHandler (ContextHandler.java:doStart(781)) - Started o.e.j.w.WebAppContext@36ab3814{/,file:///tmp/jetty-0.0.0.0-43869-hddsDatanode-_-any-5026216118966620675.dir/webapp/,AVAILABLE}{/hddsDatanode}
2019-09-21 06:22:14,410 [main] INFO  server.AbstractConnector (AbstractConnector.java:doStart(278)) - Started ServerConnector@2abbd0d9{HTTP/1.1,[http/1.1]}{0.0.0.0:43869}
2019-09-21 06:22:14,412 [main] INFO  server.Server (Server.java:doStart(419)) - Started @71418ms
2019-09-21 06:22:14,412 [main] WARN  impl.MetricsSystemImpl (MetricsSystemImpl.java:register(276)) - Sink prometheus already exists!
2019-09-21 06:22:14,413 [main] INFO  server.BaseHttpServer (BaseHttpServer.java:updateConnectorAddress(215)) - HTTP server of HDDSDATANODE is listening at http://0.0.0.0:43869
2019-09-21 06:22:14,413 [main] INFO  impl.MetricsSystemImpl (MetricsSystemImpl.java:init(158)) - HddsDatanode metrics system started (again)
2019-09-21 06:22:14,419 [org.apache.hadoop.util.JvmPauseMonitor$Monitor@5b25e781] INFO  util.JvmPauseMonitor (JvmPauseMonitor.java:run(188)) - Starting JVM pause monitor
2019-09-21 06:22:14,420 [main] INFO  ozone.HddsDatanodeService (HddsDatanodeService.java:start(184)) - HddsDatanodeService host:pr-hdds-2161-4k4xz-3364335222 ip:192.168.34.39
2019-09-21 06:22:14,421 [Datanode State Machine Thread - 0] INFO  datanode.InitDatanodeState (InitDatanodeState.java:persistContainerDatanodeDetails(140)) - DatanodeDetails is persisted to /workdir/hadoop-ozone/integration-test/target/test-dir/MiniOzoneClusterImpl-44f2a915-f03c-4a1f-87d6-926dbf9969ca/datanode-3/meta/datanode.id
2019-09-21 06:22:14,427 [main] INFO  volume.HddsVolume (HddsVolume.java:<init>(176)) - Creating Volume: /workdir/hadoop-ozone/integration-test/target/test-dir/MiniOzoneClusterImpl-44f2a915-f03c-4a1f-87d6-926dbf9969ca/datanode-4/data/containers/hdds of  storage type : DISK and capacity : 1482555576320
2019-09-21 06:22:14,428 [main] INFO  volume.VolumeSet (VolumeSet.java:initializeVolumeSet(170)) - Added Volume : /workdir/hadoop-ozone/integration-test/target/test-dir/MiniOzoneClusterImpl-44f2a915-f03c-4a1f-87d6-926dbf9969ca/datanode-4/data/containers/hdds to VolumeSet
2019-09-21 06:22:14,428 [main] INFO  volume.ThrottledAsyncChecker (ThrottledAsyncChecker.java:schedule(139)) - Scheduling a check for org.apache.hadoop.ozone.container.common.volume.HddsVolume@889a8a8
2019-09-21 06:22:14,428 [main] INFO  volume.HddsVolumeChecker (HddsVolumeChecker.java:checkAllVolumes(202)) - Scheduled health check for volume org.apache.hadoop.ozone.container.common.volume.HddsVolume@889a8a8
2019-09-21 06:22:14,454 [main] INFO  impl.RaftServerProxy (ConfUtils.java:logGet(43)) - raft.rpc.type = GRPC (default)
2019-09-21 06:22:14,454 [main] INFO  grpc.GrpcFactory (GrpcFactory.java:checkPooledByteBufAllocatorUseCacheForAllThreads(45)) - PERFORMANCE WARNING: useCacheForAllThreads is true that may cause Netty to create a lot garbage objects and, as a result, trigger GC.
	It is recommended to disable useCacheForAllThreads by setting -Dorg.apache.ratis.thirdparty.io.netty.allocator.useCacheForAllThreads=false in command line.
2019-09-21 06:22:14,455 [main] INFO  grpc.GrpcConfigKeys$Server (ConfUtils.java:logGet(43)) - raft.grpc.server.port = 0 (default)
2019-09-21 06:22:14,455 [main] INFO  server.GrpcService (ConfUtils.java:logGet(43)) - raft.grpc.message.size.max = 33570816 (custom)
2019-09-21 06:22:14,455 [main] INFO  server.RaftServerConfigKeys (ConfUtils.java:logGet(43)) - raft.server.log.appender.buffer.byte-limit = 33554432 (custom)
2019-09-21 06:22:14,456 [main] INFO  server.GrpcService (ConfUtils.java:logGet(43)) - raft.grpc.flow.control.window = 1MB (=1048576) (default)
2019-09-21 06:22:14,456 [main] INFO  server.RaftServerConfigKeys (ConfUtils.java:logGet(43)) - raft.server.rpc.request.timeout = 3000ms (default)
2019-09-21 06:22:14,457 [main] INFO  server.RaftServerConfigKeys (ConfUtils.java:logGet(43)) - raft.server.storage.dir = [/workdir/hadoop-ozone/integration-test/target/test-dir/MiniOzoneClusterImpl-44f2a915-f03c-4a1f-87d6-926dbf9969ca/datanode-4/data/ratis] (custom)
2019-09-21 06:22:14,458 [main] INFO  hdfs.DFSUtil (DFSUtil.java:httpServerTemplateForNNAndJN(1641)) - Starting Web-server for hddsDatanode at: http://0.0.0.0:0
2019-09-21 06:22:14,460 [main] INFO  server.AuthenticationFilter (AuthenticationFilter.java:constructSecretProvider(240)) - Unable to initialize FileSignerSecretProvider, falling back to use random secrets.
2019-09-21 06:22:14,461 [main] WARN  http.HttpRequestLog (HttpRequestLog.java:getRequestLog(97)) - Jetty request log can only be enabled using Log4j
2019-09-21 06:22:14,463 [main] INFO  http.HttpServer2 (HttpServer2.java:addGlobalFilter(975)) - Added global filter 'safety' (class=org.apache.hadoop.http.HttpServer2$QuotingInputFilter)
2019-09-21 06:22:14,464 [main] INFO  http.HttpServer2 (HttpServer2.java:addFilter(948)) - Added filter static_user_filter (class=org.apache.hadoop.http.lib.StaticUserWebFilter$StaticUserFilter) to context hddsDatanode
2019-09-21 06:22:14,464 [main] INFO  http.HttpServer2 (HttpServer2.java:addFilter(958)) - Added filter static_user_filter (class=org.apache.hadoop.http.lib.StaticUserWebFilter$StaticUserFilter) to context logs
2019-09-21 06:22:14,464 [main] INFO  http.HttpServer2 (HttpServer2.java:addFilter(958)) - Added filter static_user_filter (class=org.apache.hadoop.http.lib.StaticUserWebFilter$StaticUserFilter) to context static
2019-09-21 06:22:14,465 [main] INFO  http.HttpServer2 (HttpServer2.java:bindListener(1191)) - Jetty bound to port 36444
2019-09-21 06:22:14,466 [main] INFO  server.Server (Server.java:doStart(351)) - jetty-9.3.24.v20180605, build timestamp: 2018-06-05T17:11:56Z, git hash: 84205aa28f11a4f31f2a3b86d1bba2cc8ab69827
2019-09-21 06:22:14,468 [main] INFO  handler.ContextHandler (ContextHandler.java:doStart(781)) - Started o.e.j.s.ServletContextHandler@23da79eb{/logs,file:///workdir/hadoop-ozone/integration-test/target/log,AVAILABLE}
2019-09-21 06:22:14,469 [main] INFO  handler.ContextHandler (ContextHandler.java:doStart(781)) - Started o.e.j.s.ServletContextHandler@3e05586b{/static,jar:file:/home/user/.m2/repository/org/apache/hadoop/hadoop-hdds-container-service/0.5.0-SNAPSHOT/hadoop-hdds-container-service-0.5.0-SNAPSHOT.jar!/webapps/static,AVAILABLE}
2019-09-21 06:22:14,507 [main] INFO  handler.ContextHandler (ContextHandler.java:doStart(781)) - Started o.e.j.w.WebAppContext@5cf8676a{/,file:///tmp/jetty-0.0.0.0-36444-hddsDatanode-_-any-7293860541200038754.dir/webapp/,AVAILABLE}{/hddsDatanode}
2019-09-21 06:22:14,507 [main] INFO  server.AbstractConnector (AbstractConnector.java:doStart(278)) - Started ServerConnector@47f04e4d{HTTP/1.1,[http/1.1]}{0.0.0.0:36444}
2019-09-21 06:22:14,508 [main] INFO  server.Server (Server.java:doStart(419)) - Started @71515ms
2019-09-21 06:22:14,509 [main] WARN  impl.MetricsSystemImpl (MetricsSystemImpl.java:register(276)) - Sink prometheus already exists!
2019-09-21 06:22:14,509 [main] INFO  server.BaseHttpServer (BaseHttpServer.java:updateConnectorAddress(215)) - HTTP server of HDDSDATANODE is listening at http://0.0.0.0:36444
2019-09-21 06:22:14,510 [main] INFO  impl.MetricsSystemImpl (MetricsSystemImpl.java:init(158)) - HddsDatanode metrics system started (again)
2019-09-21 06:22:14,515 [org.apache.hadoop.util.JvmPauseMonitor$Monitor@6ac78077] INFO  util.JvmPauseMonitor (JvmPauseMonitor.java:run(188)) - Starting JVM pause monitor
2019-09-21 06:22:14,516 [main] INFO  ozone.HddsDatanodeService (HddsDatanodeService.java:start(184)) - HddsDatanodeService host:pr-hdds-2161-4k4xz-3364335222 ip:192.168.34.39
2019-09-21 06:22:14,517 [Datanode State Machine Thread - 0] INFO  datanode.InitDatanodeState (InitDatanodeState.java:persistContainerDatanodeDetails(140)) - DatanodeDetails is persisted to /workdir/hadoop-ozone/integration-test/target/test-dir/MiniOzoneClusterImpl-44f2a915-f03c-4a1f-87d6-926dbf9969ca/datanode-4/meta/datanode.id
2019-09-21 06:22:14,522 [main] INFO  volume.HddsVolume (HddsVolume.java:<init>(176)) - Creating Volume: /workdir/hadoop-ozone/integration-test/target/test-dir/MiniOzoneClusterImpl-44f2a915-f03c-4a1f-87d6-926dbf9969ca/datanode-5/data/containers/hdds of  storage type : DISK and capacity : 1482555576320
2019-09-21 06:22:14,523 [main] INFO  volume.VolumeSet (VolumeSet.java:initializeVolumeSet(170)) - Added Volume : /workdir/hadoop-ozone/integration-test/target/test-dir/MiniOzoneClusterImpl-44f2a915-f03c-4a1f-87d6-926dbf9969ca/datanode-5/data/containers/hdds to VolumeSet
2019-09-21 06:22:14,523 [main] INFO  volume.ThrottledAsyncChecker (ThrottledAsyncChecker.java:schedule(139)) - Scheduling a check for org.apache.hadoop.ozone.container.common.volume.HddsVolume@4dac121d
2019-09-21 06:22:14,523 [main] INFO  volume.HddsVolumeChecker (HddsVolumeChecker.java:checkAllVolumes(202)) - Scheduled health check for volume org.apache.hadoop.ozone.container.common.volume.HddsVolume@4dac121d
2019-09-21 06:22:14,539 [main] INFO  impl.RaftServerProxy (ConfUtils.java:logGet(43)) - raft.rpc.type = GRPC (default)
2019-09-21 06:22:14,539 [main] INFO  grpc.GrpcFactory (GrpcFactory.java:checkPooledByteBufAllocatorUseCacheForAllThreads(45)) - PERFORMANCE WARNING: useCacheForAllThreads is true that may cause Netty to create a lot garbage objects and, as a result, trigger GC.
	It is recommended to disable useCacheForAllThreads by setting -Dorg.apache.ratis.thirdparty.io.netty.allocator.useCacheForAllThreads=false in command line.
2019-09-21 06:22:14,540 [main] INFO  grpc.GrpcConfigKeys$Server (ConfUtils.java:logGet(43)) - raft.grpc.server.port = 0 (default)
2019-09-21 06:22:14,540 [main] INFO  server.GrpcService (ConfUtils.java:logGet(43)) - raft.grpc.message.size.max = 33570816 (custom)
2019-09-21 06:22:14,540 [main] INFO  server.RaftServerConfigKeys (ConfUtils.java:logGet(43)) - raft.server.log.appender.buffer.byte-limit = 33554432 (custom)
2019-09-21 06:22:14,540 [main] INFO  server.GrpcService (ConfUtils.java:logGet(43)) - raft.grpc.flow.control.window = 1MB (=1048576) (default)
2019-09-21 06:22:14,540 [main] INFO  server.RaftServerConfigKeys (ConfUtils.java:logGet(43)) - raft.server.rpc.request.timeout = 3000ms (default)
2019-09-21 06:22:14,541 [main] INFO  server.RaftServerConfigKeys (ConfUtils.java:logGet(43)) - raft.server.storage.dir = [/workdir/hadoop-ozone/integration-test/target/test-dir/MiniOzoneClusterImpl-44f2a915-f03c-4a1f-87d6-926dbf9969ca/datanode-5/data/ratis] (custom)
2019-09-21 06:22:14,542 [main] INFO  hdfs.DFSUtil (DFSUtil.java:httpServerTemplateForNNAndJN(1641)) - Starting Web-server for hddsDatanode at: http://0.0.0.0:0
2019-09-21 06:22:14,543 [main] INFO  server.AuthenticationFilter (AuthenticationFilter.java:constructSecretProvider(240)) - Unable to initialize FileSignerSecretProvider, falling back to use random secrets.
2019-09-21 06:22:14,544 [main] WARN  http.HttpRequestLog (HttpRequestLog.java:getRequestLog(97)) - Jetty request log can only be enabled using Log4j
2019-09-21 06:22:14,545 [main] INFO  http.HttpServer2 (HttpServer2.java:addGlobalFilter(975)) - Added global filter 'safety' (class=org.apache.hadoop.http.HttpServer2$QuotingInputFilter)
2019-09-21 06:22:14,546 [main] INFO  http.HttpServer2 (HttpServer2.java:addFilter(948)) - Added filter static_user_filter (class=org.apache.hadoop.http.lib.StaticUserWebFilter$StaticUserFilter) to context hddsDatanode
2019-09-21 06:22:14,546 [main] INFO  http.HttpServer2 (HttpServer2.java:addFilter(958)) - Added filter static_user_filter (class=org.apache.hadoop.http.lib.StaticUserWebFilter$StaticUserFilter) to context logs
2019-09-21 06:22:14,546 [main] INFO  http.HttpServer2 (HttpServer2.java:addFilter(958)) - Added filter static_user_filter (class=org.apache.hadoop.http.lib.StaticUserWebFilter$StaticUserFilter) to context static
2019-09-21 06:22:14,547 [main] INFO  http.HttpServer2 (HttpServer2.java:bindListener(1191)) - Jetty bound to port 46680
2019-09-21 06:22:14,547 [main] INFO  server.Server (Server.java:doStart(351)) - jetty-9.3.24.v20180605, build timestamp: 2018-06-05T17:11:56Z, git hash: 84205aa28f11a4f31f2a3b86d1bba2cc8ab69827
2019-09-21 06:22:14,549 [main] INFO  handler.ContextHandler (ContextHandler.java:doStart(781)) - Started o.e.j.s.ServletContextHandler@4e224df5{/logs,file:///workdir/hadoop-ozone/integration-test/target/log,AVAILABLE}
2019-09-21 06:22:14,549 [main] INFO  handler.ContextHandler (ContextHandler.java:doStart(781)) - Started o.e.j.s.ServletContextHandler@5f5827d0{/static,jar:file:/home/user/.m2/repository/org/apache/hadoop/hadoop-hdds-container-service/0.5.0-SNAPSHOT/hadoop-hdds-container-service-0.5.0-SNAPSHOT.jar!/webapps/static,AVAILABLE}
2019-09-21 06:22:14,578 [main] INFO  handler.ContextHandler (ContextHandler.java:doStart(781)) - Started o.e.j.w.WebAppContext@3fa21d49{/,file:///tmp/jetty-0.0.0.0-46680-hddsDatanode-_-any-7514074118212431315.dir/webapp/,AVAILABLE}{/hddsDatanode}
2019-09-21 06:22:14,579 [main] INFO  server.AbstractConnector (AbstractConnector.java:doStart(278)) - Started ServerConnector@416d56f2{HTTP/1.1,[http/1.1]}{0.0.0.0:46680}
2019-09-21 06:22:14,580 [main] INFO  server.Server (Server.java:doStart(419)) - Started @71587ms
2019-09-21 06:22:14,580 [main] WARN  impl.MetricsSystemImpl (MetricsSystemImpl.java:register(276)) - Sink prometheus already exists!
2019-09-21 06:22:14,581 [main] INFO  server.BaseHttpServer (BaseHttpServer.java:updateConnectorAddress(215)) - HTTP server of HDDSDATANODE is listening at http://0.0.0.0:46680
2019-09-21 06:22:14,582 [main] INFO  impl.MetricsSystemImpl (MetricsSystemImpl.java:init(158)) - HddsDatanode metrics system started (again)
2019-09-21 06:22:14,587 [org.apache.hadoop.util.JvmPauseMonitor$Monitor@45bbb190] INFO  util.JvmPauseMonitor (JvmPauseMonitor.java:run(188)) - Starting JVM pause monitor
2019-09-21 06:22:14,588 [main] INFO  ozone.HddsDatanodeService (HddsDatanodeService.java:start(184)) - HddsDatanodeService host:pr-hdds-2161-4k4xz-3364335222 ip:192.168.34.39
2019-09-21 06:22:14,589 [Datanode State Machine Thread - 0] INFO  datanode.InitDatanodeState (InitDatanodeState.java:persistContainerDatanodeDetails(140)) - DatanodeDetails is persisted to /workdir/hadoop-ozone/integration-test/target/test-dir/MiniOzoneClusterImpl-44f2a915-f03c-4a1f-87d6-926dbf9969ca/datanode-5/meta/datanode.id
2019-09-21 06:22:14,594 [main] INFO  volume.HddsVolume (HddsVolume.java:<init>(176)) - Creating Volume: /workdir/hadoop-ozone/integration-test/target/test-dir/MiniOzoneClusterImpl-44f2a915-f03c-4a1f-87d6-926dbf9969ca/datanode-6/data/containers/hdds of  storage type : DISK and capacity : 1482555576320
2019-09-21 06:22:14,595 [main] INFO  volume.VolumeSet (VolumeSet.java:initializeVolumeSet(170)) - Added Volume : /workdir/hadoop-ozone/integration-test/target/test-dir/MiniOzoneClusterImpl-44f2a915-f03c-4a1f-87d6-926dbf9969ca/datanode-6/data/containers/hdds to VolumeSet
2019-09-21 06:22:14,595 [main] INFO  volume.ThrottledAsyncChecker (ThrottledAsyncChecker.java:schedule(139)) - Scheduling a check for org.apache.hadoop.ozone.container.common.volume.HddsVolume@4b432e53
2019-09-21 06:22:14,596 [main] INFO  volume.HddsVolumeChecker (HddsVolumeChecker.java:checkAllVolumes(202)) - Scheduled health check for volume org.apache.hadoop.ozone.container.common.volume.HddsVolume@4b432e53
2019-09-21 06:22:14,612 [main] INFO  impl.RaftServerProxy (ConfUtils.java:logGet(43)) - raft.rpc.type = GRPC (default)
2019-09-21 06:22:14,613 [main] INFO  grpc.GrpcFactory (GrpcFactory.java:checkPooledByteBufAllocatorUseCacheForAllThreads(45)) - PERFORMANCE WARNING: useCacheForAllThreads is true that may cause Netty to create a lot garbage objects and, as a result, trigger GC.
	It is recommended to disable useCacheForAllThreads by setting -Dorg.apache.ratis.thirdparty.io.netty.allocator.useCacheForAllThreads=false in command line.
2019-09-21 06:22:14,613 [main] INFO  grpc.GrpcConfigKeys$Server (ConfUtils.java:logGet(43)) - raft.grpc.server.port = 0 (default)
2019-09-21 06:22:14,613 [main] INFO  server.GrpcService (ConfUtils.java:logGet(43)) - raft.grpc.message.size.max = 33570816 (custom)
2019-09-21 06:22:14,614 [main] INFO  server.RaftServerConfigKeys (ConfUtils.java:logGet(43)) - raft.server.log.appender.buffer.byte-limit = 33554432 (custom)
2019-09-21 06:22:14,614 [main] INFO  server.GrpcService (ConfUtils.java:logGet(43)) - raft.grpc.flow.control.window = 1MB (=1048576) (default)
2019-09-21 06:22:14,614 [main] INFO  server.RaftServerConfigKeys (ConfUtils.java:logGet(43)) - raft.server.rpc.request.timeout = 3000ms (default)
2019-09-21 06:22:14,615 [main] INFO  server.RaftServerConfigKeys (ConfUtils.java:logGet(43)) - raft.server.storage.dir = [/workdir/hadoop-ozone/integration-test/target/test-dir/MiniOzoneClusterImpl-44f2a915-f03c-4a1f-87d6-926dbf9969ca/datanode-6/data/ratis] (custom)
2019-09-21 06:22:14,616 [main] INFO  hdfs.DFSUtil (DFSUtil.java:httpServerTemplateForNNAndJN(1641)) - Starting Web-server for hddsDatanode at: http://0.0.0.0:0
2019-09-21 06:22:14,618 [main] INFO  server.AuthenticationFilter (AuthenticationFilter.java:constructSecretProvider(240)) - Unable to initialize FileSignerSecretProvider, falling back to use random secrets.
2019-09-21 06:22:14,619 [main] WARN  http.HttpRequestLog (HttpRequestLog.java:getRequestLog(97)) - Jetty request log can only be enabled using Log4j
2019-09-21 06:22:14,621 [main] INFO  http.HttpServer2 (HttpServer2.java:addGlobalFilter(975)) - Added global filter 'safety' (class=org.apache.hadoop.http.HttpServer2$QuotingInputFilter)
2019-09-21 06:22:14,622 [main] INFO  http.HttpServer2 (HttpServer2.java:addFilter(948)) - Added filter static_user_filter (class=org.apache.hadoop.http.lib.StaticUserWebFilter$StaticUserFilter) to context hddsDatanode
2019-09-21 06:22:14,622 [main] INFO  http.HttpServer2 (HttpServer2.java:addFilter(958)) - Added filter static_user_filter (class=org.apache.hadoop.http.lib.StaticUserWebFilter$StaticUserFilter) to context static
2019-09-21 06:22:14,623 [main] INFO  http.HttpServer2 (HttpServer2.java:addFilter(958)) - Added filter static_user_filter (class=org.apache.hadoop.http.lib.StaticUserWebFilter$StaticUserFilter) to context logs
2019-09-21 06:22:14,624 [main] INFO  http.HttpServer2 (HttpServer2.java:bindListener(1191)) - Jetty bound to port 33571
2019-09-21 06:22:14,624 [main] INFO  server.Server (Server.java:doStart(351)) - jetty-9.3.24.v20180605, build timestamp: 2018-06-05T17:11:56Z, git hash: 84205aa28f11a4f31f2a3b86d1bba2cc8ab69827
2019-09-21 06:22:14,626 [main] INFO  handler.ContextHandler (ContextHandler.java:doStart(781)) - Started o.e.j.s.ServletContextHandler@c889805{/logs,file:///workdir/hadoop-ozone/integration-test/target/log,AVAILABLE}
2019-09-21 06:22:14,627 [main] INFO  handler.ContextHandler (ContextHandler.java:doStart(781)) - Started o.e.j.s.ServletContextHandler@78d9f51b{/static,jar:file:/home/user/.m2/repository/org/apache/hadoop/hadoop-hdds-container-service/0.5.0-SNAPSHOT/hadoop-hdds-container-service-0.5.0-SNAPSHOT.jar!/webapps/static,AVAILABLE}
2019-09-21 06:22:14,672 [main] INFO  handler.ContextHandler (ContextHandler.java:doStart(781)) - Started o.e.j.w.WebAppContext@5b5b59{/,file:///tmp/jetty-0.0.0.0-33571-hddsDatanode-_-any-2701148139762797068.dir/webapp/,AVAILABLE}{/hddsDatanode}
2019-09-21 06:22:14,672 [main] INFO  server.AbstractConnector (AbstractConnector.java:doStart(278)) - Started ServerConnector@1934ad7c{HTTP/1.1,[http/1.1]}{0.0.0.0:33571}
2019-09-21 06:22:14,674 [main] INFO  server.Server (Server.java:doStart(419)) - Started @71680ms
2019-09-21 06:22:14,674 [main] WARN  impl.MetricsSystemImpl (MetricsSystemImpl.java:register(276)) - Sink prometheus already exists!
2019-09-21 06:22:14,675 [main] INFO  server.BaseHttpServer (BaseHttpServer.java:updateConnectorAddress(215)) - HTTP server of HDDSDATANODE is listening at http://0.0.0.0:33571
2019-09-21 06:22:14,675 [main] INFO  ozone.MiniOzoneClusterImpl (MiniOzoneClusterImpl.java:lambda$waitForClusterToBeReady$0(147)) - Waiting for cluster to be ready. Got 0 of 7 DN Heartbeats.
2019-09-21 06:22:14,679 [org.apache.hadoop.util.JvmPauseMonitor$Monitor@28dfa8e7] INFO  util.JvmPauseMonitor (JvmPauseMonitor.java:run(188)) - Starting JVM pause monitor
2019-09-21 06:22:14,681 [Datanode State Machine Thread - 0] INFO  datanode.InitDatanodeState (InitDatanodeState.java:persistContainerDatanodeDetails(140)) - DatanodeDetails is persisted to /workdir/hadoop-ozone/integration-test/target/test-dir/MiniOzoneClusterImpl-44f2a915-f03c-4a1f-87d6-926dbf9969ca/datanode-6/meta/datanode.id
2019-09-21 06:22:15,678 [main] INFO  ozone.MiniOzoneClusterImpl (MiniOzoneClusterImpl.java:lambda$waitForClusterToBeReady$0(147)) - Waiting for cluster to be ready. Got 0 of 7 DN Heartbeats.
2019-09-21 06:22:16,250 [Datanode State Machine Thread - 0] INFO  ozoneimpl.OzoneContainer (OzoneContainer.java:start(217)) - Attempting to start container services.
2019-09-21 06:22:16,253 [Datanode State Machine Thread - 0] INFO  ozoneimpl.OzoneContainer (OzoneContainer.java:startContainerScrub(179)) - Background container scanner has been disabled.
2019-09-21 06:22:16,253 [Datanode State Machine Thread - 0] INFO  ratis.XceiverServerRatis (XceiverServerRatis.java:start(411)) - Starting XceiverServerRatis ad940cfb-76ca-446a-83ce-b40aef73eeae at port 0
2019-09-21 06:22:16,260 [Datanode State Machine Thread - 0] INFO  impl.RaftServerProxy (RaftServerProxy.java:lambda$start$3(299)) - ad940cfb-76ca-446a-83ce-b40aef73eeae: start RPC server
2019-09-21 06:22:16,562 [Datanode State Machine Thread - 0] INFO  server.GrpcService (GrpcService.java:startImpl(158)) - ad940cfb-76ca-446a-83ce-b40aef73eeae: GrpcService started, listening on 0.0.0.0/0.0.0.0:44258
2019-09-21 06:22:16,562 [Datanode State Machine Thread - 0] INFO  ratis.XceiverServerRatis (XceiverServerRatis.java:start(421)) - XceiverServerRatis ad940cfb-76ca-446a-83ce-b40aef73eeae is started using port 44258
2019-09-21 06:22:16,563 [Datanode State Machine Thread - 0] INFO  server.XceiverServerGrpc (XceiverServerGrpc.java:start(149)) - XceiverServerGrpc ad940cfb-76ca-446a-83ce-b40aef73eeae is started using port 42579
2019-09-21 06:22:16,626 [Datanode State Machine Thread - 0] INFO  ozoneimpl.OzoneContainer (OzoneContainer.java:start(217)) - Attempting to start container services.
2019-09-21 06:22:16,626 [Datanode State Machine Thread - 0] INFO  ozoneimpl.OzoneContainer (OzoneContainer.java:start(217)) - Attempting to start container services.
2019-09-21 06:22:16,629 [Datanode State Machine Thread - 0] INFO  ozoneimpl.OzoneContainer (OzoneContainer.java:startContainerScrub(179)) - Background container scanner has been disabled.
2019-09-21 06:22:16,626 [Datanode State Machine Thread - 0] INFO  ozoneimpl.OzoneContainer (OzoneContainer.java:start(217)) - Attempting to start container services.
2019-09-21 06:22:16,626 [Datanode State Machine Thread - 0] INFO  ozoneimpl.OzoneContainer (OzoneContainer.java:start(217)) - Attempting to start container services.
2019-09-21 06:22:16,634 [Datanode State Machine Thread - 0] INFO  ozoneimpl.OzoneContainer (OzoneContainer.java:startContainerScrub(179)) - Background container scanner has been disabled.
2019-09-21 06:22:16,634 [Datanode State Machine Thread - 0] INFO  ratis.XceiverServerRatis (XceiverServerRatis.java:start(411)) - Starting XceiverServerRatis 05566752-5170-4d69-9924-e9bf2a8421eb at port 0
2019-09-21 06:22:16,634 [Datanode State Machine Thread - 0] INFO  ozoneimpl.OzoneContainer (OzoneContainer.java:startContainerScrub(179)) - Background container scanner has been disabled.
2019-09-21 06:22:16,634 [Datanode State Machine Thread - 0] INFO  ratis.XceiverServerRatis (XceiverServerRatis.java:start(411)) - Starting XceiverServerRatis aecaab51-a45a-4dd7-afa3-a55df907d35c at port 0
2019-09-21 06:22:16,635 [Datanode State Machine Thread - 0] INFO  ratis.XceiverServerRatis (XceiverServerRatis.java:start(411)) - Starting XceiverServerRatis a01c398f-5c5c-487a-b3bd-f7d264ff853b at port 0
2019-09-21 06:22:16,634 [Datanode State Machine Thread - 0] INFO  ozoneimpl.OzoneContainer (OzoneContainer.java:startContainerScrub(179)) - Background container scanner has been disabled.
2019-09-21 06:22:16,635 [Datanode State Machine Thread - 0] INFO  ratis.XceiverServerRatis (XceiverServerRatis.java:start(411)) - Starting XceiverServerRatis aed56d9b-d955-4087-a3ae-cfa25e80d872 at port 0
2019-09-21 06:22:16,650 [Datanode State Machine Thread - 0] INFO  ozoneimpl.OzoneContainer (OzoneContainer.java:start(217)) - Attempting to start container services.
2019-09-21 06:22:16,650 [Datanode State Machine Thread - 0] INFO  ozoneimpl.OzoneContainer (OzoneContainer.java:startContainerScrub(179)) - Background container scanner has been disabled.
2019-09-21 06:22:16,650 [Datanode State Machine Thread - 0] INFO  ratis.XceiverServerRatis (XceiverServerRatis.java:start(411)) - Starting XceiverServerRatis 6aac6825-6315-492f-a276-36aac6db053d at port 0
2019-09-21 06:22:16,655 [Datanode State Machine Thread - 0] INFO  impl.RaftServerProxy (RaftServerProxy.java:lambda$start$3(299)) - aecaab51-a45a-4dd7-afa3-a55df907d35c: start RPC server
2019-09-21 06:22:16,657 [Datanode State Machine Thread - 0] INFO  server.GrpcService (GrpcService.java:startImpl(158)) - aecaab51-a45a-4dd7-afa3-a55df907d35c: GrpcService started, listening on 0.0.0.0/0.0.0.0:38808
2019-09-21 06:22:16,657 [Datanode State Machine Thread - 0] INFO  ratis.XceiverServerRatis (XceiverServerRatis.java:start(421)) - XceiverServerRatis aecaab51-a45a-4dd7-afa3-a55df907d35c is started using port 38808
2019-09-21 06:22:16,657 [Datanode State Machine Thread - 0] INFO  server.XceiverServerGrpc (XceiverServerGrpc.java:start(149)) - XceiverServerGrpc aecaab51-a45a-4dd7-afa3-a55df907d35c is started using port 44338
2019-09-21 06:22:16,658 [Datanode State Machine Thread - 0] INFO  impl.RaftServerProxy (RaftServerProxy.java:lambda$start$3(299)) - a01c398f-5c5c-487a-b3bd-f7d264ff853b: start RPC server
2019-09-21 06:22:16,670 [Datanode State Machine Thread - 0] INFO  server.GrpcService (GrpcService.java:startImpl(158)) - a01c398f-5c5c-487a-b3bd-f7d264ff853b: GrpcService started, listening on 0.0.0.0/0.0.0.0:34657
2019-09-21 06:22:16,670 [Datanode State Machine Thread - 0] INFO  ratis.XceiverServerRatis (XceiverServerRatis.java:start(421)) - XceiverServerRatis a01c398f-5c5c-487a-b3bd-f7d264ff853b is started using port 34657
2019-09-21 06:22:16,677 [Datanode State Machine Thread - 0] INFO  server.XceiverServerGrpc (XceiverServerGrpc.java:start(149)) - XceiverServerGrpc a01c398f-5c5c-487a-b3bd-f7d264ff853b is started using port 36974
2019-09-21 06:22:16,678 [Datanode State Machine Thread - 0] INFO  impl.RaftServerProxy (RaftServerProxy.java:lambda$start$3(299)) - 05566752-5170-4d69-9924-e9bf2a8421eb: start RPC server
2019-09-21 06:22:16,680 [main] INFO  ozone.MiniOzoneClusterImpl (MiniOzoneClusterImpl.java:lambda$waitForClusterToBeReady$0(147)) - Waiting for cluster to be ready. Got 0 of 7 DN Heartbeats.
2019-09-21 06:22:16,681 [Datanode State Machine Thread - 0] INFO  server.GrpcService (GrpcService.java:startImpl(158)) - 05566752-5170-4d69-9924-e9bf2a8421eb: GrpcService started, listening on 0.0.0.0/0.0.0.0:36260
2019-09-21 06:22:16,681 [Datanode State Machine Thread - 0] INFO  ratis.XceiverServerRatis (XceiverServerRatis.java:start(421)) - XceiverServerRatis 05566752-5170-4d69-9924-e9bf2a8421eb is started using port 36260
2019-09-21 06:22:16,683 [Datanode State Machine Thread - 0] INFO  server.XceiverServerGrpc (XceiverServerGrpc.java:start(149)) - XceiverServerGrpc 05566752-5170-4d69-9924-e9bf2a8421eb is started using port 36352
2019-09-21 06:22:16,688 [Datanode State Machine Thread - 0] INFO  impl.RaftServerProxy (RaftServerProxy.java:lambda$start$3(299)) - 6aac6825-6315-492f-a276-36aac6db053d: start RPC server
2019-09-21 06:22:16,688 [Datanode State Machine Thread - 0] INFO  impl.RaftServerProxy (RaftServerProxy.java:lambda$start$3(299)) - aed56d9b-d955-4087-a3ae-cfa25e80d872: start RPC server
2019-09-21 06:22:16,689 [Datanode State Machine Thread - 0] INFO  server.GrpcService (GrpcService.java:startImpl(158)) - 6aac6825-6315-492f-a276-36aac6db053d: GrpcService started, listening on 0.0.0.0/0.0.0.0:46020
2019-09-21 06:22:16,690 [Datanode State Machine Thread - 0] INFO  ratis.XceiverServerRatis (XceiverServerRatis.java:start(421)) - XceiverServerRatis 6aac6825-6315-492f-a276-36aac6db053d is started using port 46020
2019-09-21 06:22:16,691 [Datanode State Machine Thread - 0] INFO  server.GrpcService (GrpcService.java:startImpl(158)) - aed56d9b-d955-4087-a3ae-cfa25e80d872: GrpcService started, listening on 0.0.0.0/0.0.0.0:33403
2019-09-21 06:22:16,691 [Datanode State Machine Thread - 0] INFO  ratis.XceiverServerRatis (XceiverServerRatis.java:start(421)) - XceiverServerRatis aed56d9b-d955-4087-a3ae-cfa25e80d872 is started using port 33403
2019-09-21 06:22:16,691 [Datanode State Machine Thread - 0] INFO  server.XceiverServerGrpc (XceiverServerGrpc.java:start(149)) - XceiverServerGrpc 6aac6825-6315-492f-a276-36aac6db053d is started using port 44784
2019-09-21 06:22:16,691 [Datanode State Machine Thread - 0] INFO  server.XceiverServerGrpc (XceiverServerGrpc.java:start(149)) - XceiverServerGrpc aed56d9b-d955-4087-a3ae-cfa25e80d872 is started using port 42210
2019-09-21 06:22:16,753 [Datanode State Machine Thread - 0] INFO  ozoneimpl.OzoneContainer (OzoneContainer.java:start(217)) - Attempting to start container services.
2019-09-21 06:22:16,753 [Datanode State Machine Thread - 0] INFO  ozoneimpl.OzoneContainer (OzoneContainer.java:startContainerScrub(179)) - Background container scanner has been disabled.
2019-09-21 06:22:16,754 [Datanode State Machine Thread - 0] INFO  ratis.XceiverServerRatis (XceiverServerRatis.java:start(411)) - Starting XceiverServerRatis 83892d2d-e9b7-49c0-b549-dffeacc60cb4 at port 0
2019-09-21 06:22:16,761 [Datanode State Machine Thread - 0] INFO  impl.RaftServerProxy (RaftServerProxy.java:lambda$start$3(299)) - 83892d2d-e9b7-49c0-b549-dffeacc60cb4: start RPC server
2019-09-21 06:22:16,764 [Datanode State Machine Thread - 0] INFO  server.GrpcService (GrpcService.java:startImpl(158)) - 83892d2d-e9b7-49c0-b549-dffeacc60cb4: GrpcService started, listening on 0.0.0.0/0.0.0.0:35087
2019-09-21 06:22:16,764 [Datanode State Machine Thread - 0] INFO  ratis.XceiverServerRatis (XceiverServerRatis.java:start(421)) - XceiverServerRatis 83892d2d-e9b7-49c0-b549-dffeacc60cb4 is started using port 35087
2019-09-21 06:22:16,764 [Datanode State Machine Thread - 0] INFO  server.XceiverServerGrpc (XceiverServerGrpc.java:start(149)) - XceiverServerGrpc 83892d2d-e9b7-49c0-b549-dffeacc60cb4 is started using port 35016
2019-09-21 06:22:17,680 [main] INFO  ozone.MiniOzoneClusterImpl (MiniOzoneClusterImpl.java:lambda$waitForClusterToBeReady$0(147)) - Waiting for cluster to be ready. Got 0 of 7 DN Heartbeats.
2019-09-21 06:22:18,180 [IPC Server handler 0 on 45951] INFO  net.NetworkTopology (NetworkTopologyImpl.java:add(111)) - Added a new node: /default-rack/ad940cfb-76ca-446a-83ce-b40aef73eeae
2019-09-21 06:22:18,183 [IPC Server handler 0 on 45951] INFO  node.SCMNodeManager (SCMNodeManager.java:register(266)) - Registered Data node : ad940cfb-76ca-446a-83ce-b40aef73eeae{ip: 192.168.34.39, host: pr-hdds-2161-4k4xz-3364335222, networkLocation: /default-rack, certSerialId: null}
2019-09-21 06:22:18,184 [EventQueue-NodeRegistrationContainerReportForDataNodeSafeModeRule] INFO  safemode.SCMSafeModeManager (DataNodeSafeModeRule.java:process(71)) - SCM in safe mode. 1 DataNodes registered, 1 required.
2019-09-21 06:22:18,186 [EventQueue-NodeRegistrationContainerReportForDataNodeSafeModeRule] INFO  safemode.SCMSafeModeManager (SCMSafeModeManager.java:validateSafeModeExitRules(177)) - ScmSafeModeManager, all rules are successfully validated
2019-09-21 06:22:18,186 [EventQueue-NodeRegistrationContainerReportForDataNodeSafeModeRule] INFO  safemode.SCMSafeModeManager (SCMSafeModeManager.java:exitSafeMode(193)) - SCM exiting safe mode.
2019-09-21 06:22:18,203 [grpc-default-executor-0] INFO  impl.RaftServerProxy (RaftServerProxy.java:addNew(89)) - ad940cfb-76ca-446a-83ce-b40aef73eeae: addNew group-8E92BD3D18E1:[ad940cfb-76ca-446a-83ce-b40aef73eeae:192.168.34.39:44258] returns group-8E92BD3D18E1:java.util.concurrent.CompletableFuture@4bacd104[Not completed]
2019-09-21 06:22:18,205 [pool-119-thread-1] INFO  impl.RaftServerImpl (RaftServerImpl.java:<init>(95)) - ad940cfb-76ca-446a-83ce-b40aef73eeae: new RaftServerImpl for group-8E92BD3D18E1:[ad940cfb-76ca-446a-83ce-b40aef73eeae:192.168.34.39:44258] with ContainerStateMachine:uninitialized
2019-09-21 06:22:18,206 [pool-119-thread-1] INFO  server.RaftServerConfigKeys (ConfUtils.java:logGet(43)) - raft.server.rpc.timeout.min = 5s (custom)
2019-09-21 06:22:18,206 [pool-119-thread-1] INFO  server.RaftServerConfigKeys (ConfUtils.java:logGet(43)) - raft.server.rpc.timeout.max = 5200ms (custom)
2019-09-21 06:22:18,206 [pool-119-thread-1] INFO  server.RaftServerConfigKeys (ConfUtils.java:logGet(43)) - raft.server.rpcslowness.timeout = 120s (custom)
2019-09-21 06:22:18,206 [pool-119-thread-1] INFO  server.RaftServerConfigKeys (ConfUtils.java:logGet(43)) - raft.server.sleep.deviation.threshold = 300 (default)
2019-09-21 06:22:18,207 [pool-119-thread-1] INFO  server.RaftServerConfigKeys (ConfUtils.java:logGet(43)) - raft.server.log.appender.install.snapshot.enabled = false (custom)
2019-09-21 06:22:18,207 [pool-119-thread-1] INFO  impl.RaftServerImpl (ServerState.java:<init>(103)) - ad940cfb-76ca-446a-83ce-b40aef73eeae@group-8E92BD3D18E1: ConfigurationManager, init=-1: [ad940cfb-76ca-446a-83ce-b40aef73eeae:192.168.34.39:44258], old=null, confs=<EMPTY_MAP>
2019-09-21 06:22:18,207 [pool-119-thread-1] INFO  server.RaftServerConfigKeys (ConfUtils.java:logGet(43)) - raft.server.storage.dir = [/workdir/hadoop-ozone/integration-test/target/test-dir/MiniOzoneClusterImpl-44f2a915-f03c-4a1f-87d6-926dbf9969ca/datanode-0/data/ratis] (custom)
2019-09-21 06:22:18,208 [pool-119-thread-1] INFO  storage.RaftStorageDirectory (RaftStorageDirectory.java:analyzeStorage(246)) - The storage directory /workdir/hadoop-ozone/integration-test/target/test-dir/MiniOzoneClusterImpl-44f2a915-f03c-4a1f-87d6-926dbf9969ca/datanode-0/data/ratis/9b9e24e1-8c27-40e0-9c57-8e92bd3d18e1 does not exist. Creating ...
2019-09-21 06:22:18,264 [pool-119-thread-1] INFO  storage.RaftStorageDirectory (RaftStorageDirectory.java:tryLock(328)) - Lock on /workdir/hadoop-ozone/integration-test/target/test-dir/MiniOzoneClusterImpl-44f2a915-f03c-4a1f-87d6-926dbf9969ca/datanode-0/data/ratis/9b9e24e1-8c27-40e0-9c57-8e92bd3d18e1/in_use.lock acquired by nodename 7818@pr-hdds-2161-4k4xz-3364335222
2019-09-21 06:22:18,336 [pool-119-thread-1] INFO  storage.RaftStorage (RaftStorage.java:format(72)) - Storage directory /workdir/hadoop-ozone/integration-test/target/test-dir/MiniOzoneClusterImpl-44f2a915-f03c-4a1f-87d6-926dbf9969ca/datanode-0/data/ratis/9b9e24e1-8c27-40e0-9c57-8e92bd3d18e1 has been successfully formatted.
2019-09-21 06:22:18,337 [pool-119-thread-1] INFO  ratis.ContainerStateMachine (ContainerStateMachine.java:loadSnapshot(230)) - group-8E92BD3D18E1: The snapshot info is null. Setting the last applied indexto:(t:0, i:~)
2019-09-21 06:22:18,337 [pool-119-thread-1] INFO  server.RaftServerConfigKeys (ConfUtils.java:logGet(43)) - raft.server.notification.no-leader.timeout = 120s (custom)
2019-09-21 06:22:18,337 [pool-119-thread-1] INFO  server.RaftServerConfigKeys (ConfUtils.java:logGet(43)) - raft.server.log.use.memory = false (default)
2019-09-21 06:22:18,337 [pool-119-thread-1] INFO  server.RaftServerConfigKeys (ConfUtils.java:logGet(43)) - raft.server.log.purge.gap = 1000000 (custom)
2019-09-21 06:22:18,338 [pool-119-thread-1] INFO  server.RaftServerConfigKeys (ConfUtils.java:logGet(43)) - raft.server.log.appender.buffer.byte-limit = 33554432 (custom)
2019-09-21 06:22:18,338 [pool-119-thread-1] INFO  server.RaftServerConfigKeys (ConfUtils.java:logGet(43)) - raft.server.log.segment.size.max = 1048576 (custom)
2019-09-21 06:22:18,338 [pool-119-thread-1] INFO  server.RaftServerConfigKeys (ConfUtils.java:logGet(43)) - raft.server.log.segment.cache.num.max = 2 (custom)
2019-09-21 06:22:18,339 [pool-119-thread-1] INFO  segmented.SegmentedRaftLogWorker (SegmentedRaftLogWorker.java:<init>(172)) - new ad940cfb-76ca-446a-83ce-b40aef73eeae@group-8E92BD3D18E1-SegmentedRaftLogWorker for RaftStorage:Storage Directory /workdir/hadoop-ozone/integration-test/target/test-dir/MiniOzoneClusterImpl-44f2a915-f03c-4a1f-87d6-926dbf9969ca/datanode-0/data/ratis/9b9e24e1-8c27-40e0-9c57-8e92bd3d18e1
2019-09-21 06:22:18,343 [pool-119-thread-1] INFO  server.RaftServerConfigKeys (ConfUtils.java:logGet(43)) - raft.server.log.queue.byte-limit = 2147483647 (custom)
2019-09-21 06:22:18,343 [pool-119-thread-1] INFO  server.RaftServerConfigKeys (ConfUtils.java:logGet(43)) - raft.server.log.queue.element-limit = 1024 (custom)
2019-09-21 06:22:18,344 [pool-119-thread-1] INFO  server.RaftServerConfigKeys (ConfUtils.java:logGet(43)) - raft.server.log.segment.size.max = 1048576 (custom)
2019-09-21 06:22:18,344 [pool-119-thread-1] INFO  server.RaftServerConfigKeys (ConfUtils.java:logGet(43)) - raft.server.log.preallocated.size = 16384 (custom)
2019-09-21 06:22:18,344 [pool-119-thread-1] INFO  server.RaftServerConfigKeys (ConfUtils.java:logGet(43)) - raft.server.log.write.buffer.size = 33554432 (custom)
2019-09-21 06:22:18,345 [pool-119-thread-1] INFO  server.RaftServerConfigKeys (ConfUtils.java:logGet(43)) - raft.server.log.force.sync.num = 128 (default)
2019-09-21 06:22:18,345 [pool-119-thread-1] INFO  server.RaftServerConfigKeys (ConfUtils.java:logGet(43)) - raft.server.log.statemachine.data.sync = true (default)
2019-09-21 06:22:18,345 [pool-119-thread-1] INFO  server.RaftServerConfigKeys (ConfUtils.java:logGet(43)) - raft.server.log.statemachine.data.sync.timeout = 10s (default)
2019-09-21 06:22:18,345 [pool-119-thread-1] INFO  server.RaftServerConfigKeys (ConfUtils.java:logGet(43)) - raft.server.log.statemachine.data.sync.timeout.retry = -1 (default)
2019-09-21 06:22:18,346 [pool-119-thread-1] INFO  server.RaftServerConfigKeys (ConfUtils.java:logGet(43)) - raft.server.log.statemachine.data.caching.enabled = true (custom)
2019-09-21 06:22:18,346 [pool-119-thread-1] INFO  segmented.SegmentedRaftLogWorker (SegmentedRaftLogWorker.java:lambda$new$0(132)) - ad940cfb-76ca-446a-83ce-b40aef73eeae@group-8E92BD3D18E1-SegmentedRaftLogWorker: flushIndex: setUnconditionally 0 -> -1
2019-09-21 06:22:18,347 [pool-119-thread-1] INFO  server.RaftServerConfigKeys (ConfUtils.java:logGet(43)) - raft.server.snapshot.auto.trigger.enabled = true (custom)
2019-09-21 06:22:18,347 [pool-119-thread-1] INFO  server.RaftServerConfigKeys (ConfUtils.java:logGet(43)) - raft.server.snapshot.auto.trigger.threshold = 10000 (custom)
2019-09-21 06:22:18,347 [pool-119-thread-1] INFO  server.RaftServerConfigKeys (ConfUtils.java:logGet(43)) - raft.server.snapshot.retention.num.files = 5 (custom)
2019-09-21 06:22:18,347 [pool-119-thread-1] INFO  server.RaftServerConfigKeys (ConfUtils.java:logGet(43)) - raft.server.retrycache.expirytime = 600000ms (custom)
2019-09-21 06:22:18,351 [pool-119-thread-1] INFO  impl.RaftServerImpl (RaftServerImpl.java:start(185)) - ad940cfb-76ca-446a-83ce-b40aef73eeae@group-8E92BD3D18E1: start as a follower, conf=-1: [ad940cfb-76ca-446a-83ce-b40aef73eeae:192.168.34.39:44258], old=null
2019-09-21 06:22:18,351 [pool-119-thread-1] INFO  impl.RaftServerImpl (RaftServerImpl.java:setRole(174)) - ad940cfb-76ca-446a-83ce-b40aef73eeae@group-8E92BD3D18E1: changes role from      null to FOLLOWER at term 0 for startAsFollower
2019-09-21 06:22:18,352 [pool-119-thread-1] INFO  impl.RoleInfo (RoleInfo.java:updateAndGet(143)) - ad940cfb-76ca-446a-83ce-b40aef73eeae: start FollowerState
2019-09-21 06:22:18,352 [pool-119-thread-1] INFO  util.JmxRegister (JmxRegister.java:tryRegister(44)) - Successfully registered JMX Bean with object name Ratis:service=RaftServer,group=group-8E92BD3D18E1,id=ad940cfb-76ca-446a-83ce-b40aef73eeae
2019-09-21 06:22:18,358 [RatisPipelineUtilsThread] INFO  pipeline.PipelineStateManager (PipelineStateManager.java:addPipeline(56)) - Created pipeline Pipeline[ Id: 9b9e24e1-8c27-40e0-9c57-8e92bd3d18e1, Nodes: ad940cfb-76ca-446a-83ce-b40aef73eeae{ip: 192.168.34.39, host: pr-hdds-2161-4k4xz-3364335222, networkLocation: /default-rack, certSerialId: null}, Type:RATIS, Factor:ONE, State:OPEN]
2019-09-21 06:22:18,445 [IPC Server handler 2 on 45951] INFO  net.NetworkTopology (NetworkTopologyImpl.java:add(111)) - Added a new node: /default-rack/05566752-5170-4d69-9924-e9bf2a8421eb
2019-09-21 06:22:18,446 [IPC Server handler 2 on 45951] INFO  node.SCMNodeManager (SCMNodeManager.java:register(266)) - Registered Data node : 05566752-5170-4d69-9924-e9bf2a8421eb{ip: 192.168.34.39, host: pr-hdds-2161-4k4xz-3364335222, networkLocation: /default-rack, certSerialId: null}
2019-09-21 06:22:18,446 [IPC Server handler 1 on 45951] INFO  net.NetworkTopology (NetworkTopologyImpl.java:add(111)) - Added a new node: /default-rack/aecaab51-a45a-4dd7-afa3-a55df907d35c
2019-09-21 06:22:18,446 [IPC Server handler 3 on 45951] INFO  net.NetworkTopology (NetworkTopologyImpl.java:add(111)) - Added a new node: /default-rack/aed56d9b-d955-4087-a3ae-cfa25e80d872
2019-09-21 06:22:18,446 [IPC Server handler 1 on 45951] INFO  node.SCMNodeManager (SCMNodeManager.java:register(266)) - Registered Data node : aecaab51-a45a-4dd7-afa3-a55df907d35c{ip: 192.168.34.39, host: pr-hdds-2161-4k4xz-3364335222, networkLocation: /default-rack, certSerialId: null}
2019-09-21 06:22:18,446 [IPC Server handler 3 on 45951] INFO  node.SCMNodeManager (SCMNodeManager.java:register(266)) - Registered Data node : aed56d9b-d955-4087-a3ae-cfa25e80d872{ip: 192.168.34.39, host: pr-hdds-2161-4k4xz-3364335222, networkLocation: /default-rack, certSerialId: null}
2019-09-21 06:22:18,455 [grpc-default-executor-0] INFO  impl.RaftServerProxy (RaftServerProxy.java:addNew(89)) - 05566752-5170-4d69-9924-e9bf2a8421eb: addNew group-0431E2408AD7:[05566752-5170-4d69-9924-e9bf2a8421eb:192.168.34.39:36260] returns group-0431E2408AD7:java.util.concurrent.CompletableFuture@7a4c1ad8[Not completed]
2019-09-21 06:22:18,461 [pool-149-thread-1] INFO  impl.RaftServerImpl (RaftServerImpl.java:<init>(95)) - 05566752-5170-4d69-9924-e9bf2a8421eb: new RaftServerImpl for group-0431E2408AD7:[05566752-5170-4d69-9924-e9bf2a8421eb:192.168.34.39:36260] with ContainerStateMachine:uninitialized
2019-09-21 06:22:18,461 [pool-149-thread-1] INFO  server.RaftServerConfigKeys (ConfUtils.java:logGet(43)) - raft.server.rpc.timeout.min = 5s (custom)
2019-09-21 06:22:18,461 [pool-149-thread-1] INFO  server.RaftServerConfigKeys (ConfUtils.java:logGet(43)) - raft.server.rpc.timeout.max = 5200ms (custom)
2019-09-21 06:22:18,461 [pool-149-thread-1] INFO  server.RaftServerConfigKeys (ConfUtils.java:logGet(43)) - raft.server.rpcslowness.timeout = 120s (custom)
2019-09-21 06:22:18,462 [pool-149-thread-1] INFO  server.RaftServerConfigKeys (ConfUtils.java:logGet(43)) - raft.server.sleep.deviation.threshold = 300 (default)
2019-09-21 06:22:18,462 [pool-149-thread-1] INFO  server.RaftServerConfigKeys (ConfUtils.java:logGet(43)) - raft.server.log.appender.install.snapshot.enabled = false (custom)
2019-09-21 06:22:18,462 [pool-149-thread-1] INFO  impl.RaftServerImpl (ServerState.java:<init>(103)) - 05566752-5170-4d69-9924-e9bf2a8421eb@group-0431E2408AD7: ConfigurationManager, init=-1: [05566752-5170-4d69-9924-e9bf2a8421eb:192.168.34.39:36260], old=null, confs=<EMPTY_MAP>
2019-09-21 06:22:18,462 [pool-149-thread-1] INFO  server.RaftServerConfigKeys (ConfUtils.java:logGet(43)) - raft.server.storage.dir = [/workdir/hadoop-ozone/integration-test/target/test-dir/MiniOzoneClusterImpl-44f2a915-f03c-4a1f-87d6-926dbf9969ca/datanode-3/data/ratis] (custom)
2019-09-21 06:22:18,462 [pool-149-thread-1] INFO  storage.RaftStorageDirectory (RaftStorageDirectory.java:analyzeStorage(246)) - The storage directory /workdir/hadoop-ozone/integration-test/target/test-dir/MiniOzoneClusterImpl-44f2a915-f03c-4a1f-87d6-926dbf9969ca/datanode-3/data/ratis/ae8b07e5-c0a4-44a3-b4f3-0431e2408ad7 does not exist. Creating ...
2019-09-21 06:22:18,519 [pool-149-thread-1] INFO  storage.RaftStorageDirectory (RaftStorageDirectory.java:tryLock(328)) - Lock on /workdir/hadoop-ozone/integration-test/target/test-dir/MiniOzoneClusterImpl-44f2a915-f03c-4a1f-87d6-926dbf9969ca/datanode-3/data/ratis/ae8b07e5-c0a4-44a3-b4f3-0431e2408ad7/in_use.lock acquired by nodename 7818@pr-hdds-2161-4k4xz-3364335222
2019-09-21 06:22:18,522 [IPC Server handler 4 on 45951] INFO  net.NetworkTopology (NetworkTopologyImpl.java:add(111)) - Added a new node: /default-rack/a01c398f-5c5c-487a-b3bd-f7d264ff853b
2019-09-21 06:22:18,522 [IPC Server handler 4 on 45951] INFO  node.SCMNodeManager (SCMNodeManager.java:register(266)) - Registered Data node : a01c398f-5c5c-487a-b3bd-f7d264ff853b{ip: 192.168.34.39, host: pr-hdds-2161-4k4xz-3364335222, networkLocation: /default-rack, certSerialId: null}
2019-09-21 06:22:18,565 [pool-149-thread-1] INFO  storage.RaftStorage (RaftStorage.java:format(72)) - Storage directory /workdir/hadoop-ozone/integration-test/target/test-dir/MiniOzoneClusterImpl-44f2a915-f03c-4a1f-87d6-926dbf9969ca/datanode-3/data/ratis/ae8b07e5-c0a4-44a3-b4f3-0431e2408ad7 has been successfully formatted.
2019-09-21 06:22:18,566 [pool-149-thread-1] INFO  ratis.ContainerStateMachine (ContainerStateMachine.java:loadSnapshot(230)) - group-0431E2408AD7: The snapshot info is null. Setting the last applied indexto:(t:0, i:~)
2019-09-21 06:22:18,566 [pool-149-thread-1] INFO  server.RaftServerConfigKeys (ConfUtils.java:logGet(43)) - raft.server.notification.no-leader.timeout = 120s (custom)
2019-09-21 06:22:18,566 [pool-149-thread-1] INFO  server.RaftServerConfigKeys (ConfUtils.java:logGet(43)) - raft.server.log.use.memory = false (default)
2019-09-21 06:22:18,566 [pool-149-thread-1] INFO  server.RaftServerConfigKeys (ConfUtils.java:logGet(43)) - raft.server.log.purge.gap = 1000000 (custom)
2019-09-21 06:22:18,566 [pool-149-thread-1] INFO  server.RaftServerConfigKeys (ConfUtils.java:logGet(43)) - raft.server.log.appender.buffer.byte-limit = 33554432 (custom)
2019-09-21 06:22:18,567 [pool-149-thread-1] INFO  server.RaftServerConfigKeys (ConfUtils.java:logGet(43)) - raft.server.log.segment.size.max = 1048576 (custom)
2019-09-21 06:22:18,567 [pool-149-thread-1] INFO  server.RaftServerConfigKeys (ConfUtils.java:logGet(43)) - raft.server.log.segment.cache.num.max = 2 (custom)
2019-09-21 06:22:18,567 [pool-149-thread-1] INFO  segmented.SegmentedRaftLogWorker (SegmentedRaftLogWorker.java:<init>(172)) - new 05566752-5170-4d69-9924-e9bf2a8421eb@group-0431E2408AD7-SegmentedRaftLogWorker for RaftStorage:Storage Directory /workdir/hadoop-ozone/integration-test/target/test-dir/MiniOzoneClusterImpl-44f2a915-f03c-4a1f-87d6-926dbf9969ca/datanode-3/data/ratis/ae8b07e5-c0a4-44a3-b4f3-0431e2408ad7
2019-09-21 06:22:18,569 [pool-149-thread-1] INFO  server.RaftServerConfigKeys (ConfUtils.java:logGet(43)) - raft.server.log.queue.byte-limit = 2147483647 (custom)
2019-09-21 06:22:18,570 [pool-149-thread-1] INFO  server.RaftServerConfigKeys (ConfUtils.java:logGet(43)) - raft.server.log.queue.element-limit = 1024 (custom)
2019-09-21 06:22:18,570 [pool-149-thread-1] INFO  server.RaftServerConfigKeys (ConfUtils.java:logGet(43)) - raft.server.log.segment.size.max = 1048576 (custom)
2019-09-21 06:22:18,570 [pool-149-thread-1] INFO  server.RaftServerConfigKeys (ConfUtils.java:logGet(43)) - raft.server.log.preallocated.size = 16384 (custom)
2019-09-21 06:22:18,570 [pool-149-thread-1] INFO  server.RaftServerConfigKeys (ConfUtils.java:logGet(43)) - raft.server.log.write.buffer.size = 33554432 (custom)
2019-09-21 06:22:18,570 [pool-149-thread-1] INFO  server.RaftServerConfigKeys (ConfUtils.java:logGet(43)) - raft.server.log.force.sync.num = 128 (default)
2019-09-21 06:22:18,571 [pool-149-thread-1] INFO  server.RaftServerConfigKeys (ConfUtils.java:logGet(43)) - raft.server.log.statemachine.data.sync = true (default)
2019-09-21 06:22:18,571 [pool-149-thread-1] INFO  server.RaftServerConfigKeys (ConfUtils.java:logGet(43)) - raft.server.log.statemachine.data.sync.timeout = 10s (default)
2019-09-21 06:22:18,571 [pool-149-thread-1] INFO  server.RaftServerConfigKeys (ConfUtils.java:logGet(43)) - raft.server.log.statemachine.data.sync.timeout.retry = -1 (default)
2019-09-21 06:22:18,571 [pool-149-thread-1] INFO  server.RaftServerConfigKeys (ConfUtils.java:logGet(43)) - raft.server.log.statemachine.data.caching.enabled = true (custom)
2019-09-21 06:22:18,572 [pool-149-thread-1] INFO  segmented.SegmentedRaftLogWorker (SegmentedRaftLogWorker.java:lambda$new$0(132)) - 05566752-5170-4d69-9924-e9bf2a8421eb@group-0431E2408AD7-SegmentedRaftLogWorker: flushIndex: setUnconditionally 0 -> -1
2019-09-21 06:22:18,572 [pool-149-thread-1] INFO  server.RaftServerConfigKeys (ConfUtils.java:logGet(43)) - raft.server.snapshot.auto.trigger.enabled = true (custom)
2019-09-21 06:22:18,572 [pool-149-thread-1] INFO  server.RaftServerConfigKeys (ConfUtils.java:logGet(43)) - raft.server.snapshot.auto.trigger.threshold = 10000 (custom)
2019-09-21 06:22:18,572 [pool-149-thread-1] INFO  server.RaftServerConfigKeys (ConfUtils.java:logGet(43)) - raft.server.snapshot.retention.num.files = 5 (custom)
2019-09-21 06:22:18,572 [pool-149-thread-1] INFO  server.RaftServerConfigKeys (ConfUtils.java:logGet(43)) - raft.server.retrycache.expirytime = 600000ms (custom)
2019-09-21 06:22:18,575 [pool-149-thread-1] INFO  impl.RaftServerImpl (RaftServerImpl.java:start(185)) - 05566752-5170-4d69-9924-e9bf2a8421eb@group-0431E2408AD7: start as a follower, conf=-1: [05566752-5170-4d69-9924-e9bf2a8421eb:192.168.34.39:36260], old=null
2019-09-21 06:22:18,575 [pool-149-thread-1] INFO  impl.RaftServerImpl (RaftServerImpl.java:setRole(174)) - 05566752-5170-4d69-9924-e9bf2a8421eb@group-0431E2408AD7: changes role from      null to FOLLOWER at term 0 for startAsFollower
2019-09-21 06:22:18,575 [pool-149-thread-1] INFO  impl.RoleInfo (RoleInfo.java:updateAndGet(143)) - 05566752-5170-4d69-9924-e9bf2a8421eb: start FollowerState
2019-09-21 06:22:18,575 [pool-149-thread-1] INFO  util.JmxRegister (JmxRegister.java:tryRegister(44)) - Successfully registered JMX Bean with object name Ratis:service=RaftServer,group=group-0431E2408AD7,id=05566752-5170-4d69-9924-e9bf2a8421eb
2019-09-21 06:22:18,581 [RatisPipelineUtilsThread] INFO  pipeline.PipelineStateManager (PipelineStateManager.java:addPipeline(56)) - Created pipeline Pipeline[ Id: ae8b07e5-c0a4-44a3-b4f3-0431e2408ad7, Nodes: 05566752-5170-4d69-9924-e9bf2a8421eb{ip: 192.168.34.39, host: pr-hdds-2161-4k4xz-3364335222, networkLocation: /default-rack, certSerialId: null}, Type:RATIS, Factor:ONE, State:OPEN]
2019-09-21 06:22:18,592 [IPC Server handler 5 on 45951] INFO  net.NetworkTopology (NetworkTopologyImpl.java:add(111)) - Added a new node: /default-rack/6aac6825-6315-492f-a276-36aac6db053d
2019-09-21 06:22:18,592 [grpc-default-executor-0] INFO  impl.RaftServerProxy (RaftServerProxy.java:addNew(89)) - aed56d9b-d955-4087-a3ae-cfa25e80d872: addNew group-883BC62D5F84:[aed56d9b-d955-4087-a3ae-cfa25e80d872:192.168.34.39:33403] returns group-883BC62D5F84:java.util.concurrent.CompletableFuture@2de3fbdc[Not completed]
2019-09-21 06:22:18,592 [IPC Server handler 5 on 45951] INFO  node.SCMNodeManager (SCMNodeManager.java:register(266)) - Registered Data node : 6aac6825-6315-492f-a276-36aac6db053d{ip: 192.168.34.39, host: pr-hdds-2161-4k4xz-3364335222, networkLocation: /default-rack, certSerialId: null}
2019-09-21 06:22:18,598 [pool-129-thread-1] INFO  impl.RaftServerImpl (RaftServerImpl.java:<init>(95)) - aed56d9b-d955-4087-a3ae-cfa25e80d872: new RaftServerImpl for group-883BC62D5F84:[aed56d9b-d955-4087-a3ae-cfa25e80d872:192.168.34.39:33403] with ContainerStateMachine:uninitialized
2019-09-21 06:22:18,598 [pool-129-thread-1] INFO  server.RaftServerConfigKeys (ConfUtils.java:logGet(43)) - raft.server.rpc.timeout.min = 5s (custom)
2019-09-21 06:22:18,598 [pool-129-thread-1] INFO  server.RaftServerConfigKeys (ConfUtils.java:logGet(43)) - raft.server.rpc.timeout.max = 5200ms (custom)
2019-09-21 06:22:18,598 [pool-129-thread-1] INFO  server.RaftServerConfigKeys (ConfUtils.java:logGet(43)) - raft.server.rpcslowness.timeout = 120s (custom)
2019-09-21 06:22:18,599 [pool-129-thread-1] INFO  server.RaftServerConfigKeys (ConfUtils.java:logGet(43)) - raft.server.sleep.deviation.threshold = 300 (default)
2019-09-21 06:22:18,599 [pool-129-thread-1] INFO  server.RaftServerConfigKeys (ConfUtils.java:logGet(43)) - raft.server.log.appender.install.snapshot.enabled = false (custom)
2019-09-21 06:22:18,599 [pool-129-thread-1] INFO  impl.RaftServerImpl (ServerState.java:<init>(103)) - aed56d9b-d955-4087-a3ae-cfa25e80d872@group-883BC62D5F84: ConfigurationManager, init=-1: [aed56d9b-d955-4087-a3ae-cfa25e80d872:192.168.34.39:33403], old=null, confs=<EMPTY_MAP>
2019-09-21 06:22:18,599 [pool-129-thread-1] INFO  server.RaftServerConfigKeys (ConfUtils.java:logGet(43)) - raft.server.storage.dir = [/workdir/hadoop-ozone/integration-test/target/test-dir/MiniOzoneClusterImpl-44f2a915-f03c-4a1f-87d6-926dbf9969ca/datanode-1/data/ratis] (custom)
2019-09-21 06:22:18,600 [pool-129-thread-1] INFO  storage.RaftStorageDirectory (RaftStorageDirectory.java:analyzeStorage(246)) - The storage directory /workdir/hadoop-ozone/integration-test/target/test-dir/MiniOzoneClusterImpl-44f2a915-f03c-4a1f-87d6-926dbf9969ca/datanode-1/data/ratis/265c5087-e06a-471e-a344-883bc62d5f84 does not exist. Creating ...
2019-09-21 06:22:18,669 [pool-129-thread-1] INFO  storage.RaftStorageDirectory (RaftStorageDirectory.java:tryLock(328)) - Lock on /workdir/hadoop-ozone/integration-test/target/test-dir/MiniOzoneClusterImpl-44f2a915-f03c-4a1f-87d6-926dbf9969ca/datanode-1/data/ratis/265c5087-e06a-471e-a344-883bc62d5f84/in_use.lock acquired by nodename 7818@pr-hdds-2161-4k4xz-3364335222
2019-09-21 06:22:18,681 [main] INFO  ozone.MiniOzoneClusterImpl (MiniOzoneClusterImpl.java:lambda$waitForClusterToBeReady$0(147)) - Waiting for cluster to be ready. Got 6 of 7 DN Heartbeats.
2019-09-21 06:22:18,681 [IPC Server handler 9 on 45951] INFO  net.NetworkTopology (NetworkTopologyImpl.java:add(111)) - Added a new node: /default-rack/83892d2d-e9b7-49c0-b549-dffeacc60cb4
2019-09-21 06:22:18,681 [IPC Server handler 9 on 45951] INFO  node.SCMNodeManager (SCMNodeManager.java:register(266)) - Registered Data node : 83892d2d-e9b7-49c0-b549-dffeacc60cb4{ip: 192.168.34.39, host: pr-hdds-2161-4k4xz-3364335222, networkLocation: /default-rack, certSerialId: null}
2019-09-21 06:22:18,705 [pool-129-thread-1] INFO  storage.RaftStorage (RaftStorage.java:format(72)) - Storage directory /workdir/hadoop-ozone/integration-test/target/test-dir/MiniOzoneClusterImpl-44f2a915-f03c-4a1f-87d6-926dbf9969ca/datanode-1/data/ratis/265c5087-e06a-471e-a344-883bc62d5f84 has been successfully formatted.
2019-09-21 06:22:18,705 [pool-129-thread-1] INFO  ratis.ContainerStateMachine (ContainerStateMachine.java:loadSnapshot(230)) - group-883BC62D5F84: The snapshot info is null. Setting the last applied indexto:(t:0, i:~)
2019-09-21 06:22:18,705 [pool-129-thread-1] INFO  server.RaftServerConfigKeys (ConfUtils.java:logGet(43)) - raft.server.notification.no-leader.timeout = 120s (custom)
2019-09-21 06:22:18,706 [pool-129-thread-1] INFO  server.RaftServerConfigKeys (ConfUtils.java:logGet(43)) - raft.server.log.use.memory = false (default)
2019-09-21 06:22:18,706 [pool-129-thread-1] INFO  server.RaftServerConfigKeys (ConfUtils.java:logGet(43)) - raft.server.log.purge.gap = 1000000 (custom)
2019-09-21 06:22:18,706 [pool-129-thread-1] INFO  server.RaftServerConfigKeys (ConfUtils.java:logGet(43)) - raft.server.log.appender.buffer.byte-limit = 33554432 (custom)
2019-09-21 06:22:18,706 [pool-129-thread-1] INFO  server.RaftServerConfigKeys (ConfUtils.java:logGet(43)) - raft.server.log.segment.size.max = 1048576 (custom)
2019-09-21 06:22:18,706 [pool-129-thread-1] INFO  server.RaftServerConfigKeys (ConfUtils.java:logGet(43)) - raft.server.log.segment.cache.num.max = 2 (custom)
2019-09-21 06:22:18,706 [pool-129-thread-1] INFO  segmented.SegmentedRaftLogWorker (SegmentedRaftLogWorker.java:<init>(172)) - new aed56d9b-d955-4087-a3ae-cfa25e80d872@group-883BC62D5F84-SegmentedRaftLogWorker for RaftStorage:Storage Directory /workdir/hadoop-ozone/integration-test/target/test-dir/MiniOzoneClusterImpl-44f2a915-f03c-4a1f-87d6-926dbf9969ca/datanode-1/data/ratis/265c5087-e06a-471e-a344-883bc62d5f84
2019-09-21 06:22:18,709 [pool-129-thread-1] INFO  server.RaftServerConfigKeys (ConfUtils.java:logGet(43)) - raft.server.log.queue.byte-limit = 2147483647 (custom)
2019-09-21 06:22:18,709 [pool-129-thread-1] INFO  server.RaftServerConfigKeys (ConfUtils.java:logGet(43)) - raft.server.log.queue.element-limit = 1024 (custom)
2019-09-21 06:22:18,709 [pool-129-thread-1] INFO  server.RaftServerConfigKeys (ConfUtils.java:logGet(43)) - raft.server.log.segment.size.max = 1048576 (custom)
2019-09-21 06:22:18,709 [pool-129-thread-1] INFO  server.RaftServerConfigKeys (ConfUtils.java:logGet(43)) - raft.server.log.preallocated.size = 16384 (custom)
2019-09-21 06:22:18,709 [pool-129-thread-1] INFO  server.RaftServerConfigKeys (ConfUtils.java:logGet(43)) - raft.server.log.write.buffer.size = 33554432 (custom)
2019-09-21 06:22:18,710 [pool-129-thread-1] INFO  server.RaftServerConfigKeys (ConfUtils.java:logGet(43)) - raft.server.log.force.sync.num = 128 (default)
2019-09-21 06:22:18,710 [pool-129-thread-1] INFO  server.RaftServerConfigKeys (ConfUtils.java:logGet(43)) - raft.server.log.statemachine.data.sync = true (default)
2019-09-21 06:22:18,710 [pool-129-thread-1] INFO  server.RaftServerConfigKeys (ConfUtils.java:logGet(43)) - raft.server.log.statemachine.data.sync.timeout = 10s (default)
2019-09-21 06:22:18,710 [pool-129-thread-1] INFO  server.RaftServerConfigKeys (ConfUtils.java:logGet(43)) - raft.server.log.statemachine.data.sync.timeout.retry = -1 (default)
2019-09-21 06:22:18,710 [pool-129-thread-1] INFO  server.RaftServerConfigKeys (ConfUtils.java:logGet(43)) - raft.server.log.statemachine.data.caching.enabled = true (custom)
2019-09-21 06:22:18,711 [pool-129-thread-1] INFO  segmented.SegmentedRaftLogWorker (SegmentedRaftLogWorker.java:lambda$new$0(132)) - aed56d9b-d955-4087-a3ae-cfa25e80d872@group-883BC62D5F84-SegmentedRaftLogWorker: flushIndex: setUnconditionally 0 -> -1
2019-09-21 06:22:18,711 [pool-129-thread-1] INFO  server.RaftServerConfigKeys (ConfUtils.java:logGet(43)) - raft.server.snapshot.auto.trigger.enabled = true (custom)
2019-09-21 06:22:18,711 [pool-129-thread-1] INFO  server.RaftServerConfigKeys (ConfUtils.java:logGet(43)) - raft.server.snapshot.auto.trigger.threshold = 10000 (custom)
2019-09-21 06:22:18,711 [pool-129-thread-1] INFO  server.RaftServerConfigKeys (ConfUtils.java:logGet(43)) - raft.server.snapshot.retention.num.files = 5 (custom)
2019-09-21 06:22:18,712 [pool-129-thread-1] INFO  server.RaftServerConfigKeys (ConfUtils.java:logGet(43)) - raft.server.retrycache.expirytime = 600000ms (custom)
2019-09-21 06:22:18,714 [pool-129-thread-1] INFO  impl.RaftServerImpl (RaftServerImpl.java:start(185)) - aed56d9b-d955-4087-a3ae-cfa25e80d872@group-883BC62D5F84: start as a follower, conf=-1: [aed56d9b-d955-4087-a3ae-cfa25e80d872:192.168.34.39:33403], old=null
2019-09-21 06:22:18,714 [pool-129-thread-1] INFO  impl.RaftServerImpl (RaftServerImpl.java:setRole(174)) - aed56d9b-d955-4087-a3ae-cfa25e80d872@group-883BC62D5F84: changes role from      null to FOLLOWER at term 0 for startAsFollower
2019-09-21 06:22:18,714 [pool-129-thread-1] INFO  impl.RoleInfo (RoleInfo.java:updateAndGet(143)) - aed56d9b-d955-4087-a3ae-cfa25e80d872: start FollowerState
2019-09-21 06:22:18,715 [pool-129-thread-1] INFO  util.JmxRegister (JmxRegister.java:tryRegister(44)) - Successfully registered JMX Bean with object name Ratis:service=RaftServer,group=group-883BC62D5F84,id=aed56d9b-d955-4087-a3ae-cfa25e80d872
2019-09-21 06:22:18,720 [RatisPipelineUtilsThread] INFO  pipeline.PipelineStateManager (PipelineStateManager.java:addPipeline(56)) - Created pipeline Pipeline[ Id: 265c5087-e06a-471e-a344-883bc62d5f84, Nodes: aed56d9b-d955-4087-a3ae-cfa25e80d872{ip: 192.168.34.39, host: pr-hdds-2161-4k4xz-3364335222, networkLocation: /default-rack, certSerialId: null}, Type:RATIS, Factor:ONE, State:OPEN]
2019-09-21 06:22:18,728 [grpc-default-executor-0] INFO  impl.RaftServerProxy (RaftServerProxy.java:addNew(89)) - aecaab51-a45a-4dd7-afa3-a55df907d35c: addNew group-E82AFD05E57C:[aecaab51-a45a-4dd7-afa3-a55df907d35c:192.168.34.39:38808] returns group-E82AFD05E57C:java.util.concurrent.CompletableFuture@11219c14[Not completed]
2019-09-21 06:22:18,730 [pool-139-thread-1] INFO  impl.RaftServerImpl (RaftServerImpl.java:<init>(95)) - aecaab51-a45a-4dd7-afa3-a55df907d35c: new RaftServerImpl for group-E82AFD05E57C:[aecaab51-a45a-4dd7-afa3-a55df907d35c:192.168.34.39:38808] with ContainerStateMachine:uninitialized
2019-09-21 06:22:18,730 [pool-139-thread-1] INFO  server.RaftServerConfigKeys (ConfUtils.java:logGet(43)) - raft.server.rpc.timeout.min = 5s (custom)
2019-09-21 06:22:18,730 [pool-139-thread-1] INFO  server.RaftServerConfigKeys (ConfUtils.java:logGet(43)) - raft.server.rpc.timeout.max = 5200ms (custom)
2019-09-21 06:22:18,730 [pool-139-thread-1] INFO  server.RaftServerConfigKeys (ConfUtils.java:logGet(43)) - raft.server.rpcslowness.timeout = 120s (custom)
2019-09-21 06:22:18,730 [pool-139-thread-1] INFO  server.RaftServerConfigKeys (ConfUtils.java:logGet(43)) - raft.server.sleep.deviation.threshold = 300 (default)
2019-09-21 06:22:18,730 [pool-139-thread-1] INFO  server.RaftServerConfigKeys (ConfUtils.java:logGet(43)) - raft.server.log.appender.install.snapshot.enabled = false (custom)
2019-09-21 06:22:18,730 [pool-139-thread-1] INFO  impl.RaftServerImpl (ServerState.java:<init>(103)) - aecaab51-a45a-4dd7-afa3-a55df907d35c@group-E82AFD05E57C: ConfigurationManager, init=-1: [aecaab51-a45a-4dd7-afa3-a55df907d35c:192.168.34.39:38808], old=null, confs=<EMPTY_MAP>
2019-09-21 06:22:18,731 [pool-139-thread-1] INFO  server.RaftServerConfigKeys (ConfUtils.java:logGet(43)) - raft.server.storage.dir = [/workdir/hadoop-ozone/integration-test/target/test-dir/MiniOzoneClusterImpl-44f2a915-f03c-4a1f-87d6-926dbf9969ca/datanode-2/data/ratis] (custom)
2019-09-21 06:22:18,731 [pool-139-thread-1] INFO  storage.RaftStorageDirectory (RaftStorageDirectory.java:analyzeStorage(246)) - The storage directory /workdir/hadoop-ozone/integration-test/target/test-dir/MiniOzoneClusterImpl-44f2a915-f03c-4a1f-87d6-926dbf9969ca/datanode-2/data/ratis/d56bc5f5-6625-4985-9ec3-e82afd05e57c does not exist. Creating ...
2019-09-21 06:22:18,787 [pool-139-thread-1] INFO  storage.RaftStorageDirectory (RaftStorageDirectory.java:tryLock(328)) - Lock on /workdir/hadoop-ozone/integration-test/target/test-dir/MiniOzoneClusterImpl-44f2a915-f03c-4a1f-87d6-926dbf9969ca/datanode-2/data/ratis/d56bc5f5-6625-4985-9ec3-e82afd05e57c/in_use.lock acquired by nodename 7818@pr-hdds-2161-4k4xz-3364335222
2019-09-21 06:22:18,812 [pool-139-thread-1] INFO  storage.RaftStorage (RaftStorage.java:format(72)) - Storage directory /workdir/hadoop-ozone/integration-test/target/test-dir/MiniOzoneClusterImpl-44f2a915-f03c-4a1f-87d6-926dbf9969ca/datanode-2/data/ratis/d56bc5f5-6625-4985-9ec3-e82afd05e57c has been successfully formatted.
2019-09-21 06:22:18,812 [pool-139-thread-1] INFO  ratis.ContainerStateMachine (ContainerStateMachine.java:loadSnapshot(230)) - group-E82AFD05E57C: The snapshot info is null. Setting the last applied indexto:(t:0, i:~)
2019-09-21 06:22:18,812 [pool-139-thread-1] INFO  server.RaftServerConfigKeys (ConfUtils.java:logGet(43)) - raft.server.notification.no-leader.timeout = 120s (custom)
2019-09-21 06:22:18,813 [pool-139-thread-1] INFO  server.RaftServerConfigKeys (ConfUtils.java:logGet(43)) - raft.server.log.use.memory = false (default)
2019-09-21 06:22:18,813 [pool-139-thread-1] INFO  server.RaftServerConfigKeys (ConfUtils.java:logGet(43)) - raft.server.log.purge.gap = 1000000 (custom)
2019-09-21 06:22:18,813 [pool-139-thread-1] INFO  server.RaftServerConfigKeys (ConfUtils.java:logGet(43)) - raft.server.log.appender.buffer.byte-limit = 33554432 (custom)
2019-09-21 06:22:18,813 [pool-139-thread-1] INFO  server.RaftServerConfigKeys (ConfUtils.java:logGet(43)) - raft.server.log.segment.size.max = 1048576 (custom)
2019-09-21 06:22:18,813 [pool-139-thread-1] INFO  server.RaftServerConfigKeys (ConfUtils.java:logGet(43)) - raft.server.log.segment.cache.num.max = 2 (custom)
2019-09-21 06:22:18,813 [pool-139-thread-1] INFO  segmented.SegmentedRaftLogWorker (SegmentedRaftLogWorker.java:<init>(172)) - new aecaab51-a45a-4dd7-afa3-a55df907d35c@group-E82AFD05E57C-SegmentedRaftLogWorker for RaftStorage:Storage Directory /workdir/hadoop-ozone/integration-test/target/test-dir/MiniOzoneClusterImpl-44f2a915-f03c-4a1f-87d6-926dbf9969ca/datanode-2/data/ratis/d56bc5f5-6625-4985-9ec3-e82afd05e57c
2019-09-21 06:22:18,816 [pool-139-thread-1] INFO  server.RaftServerConfigKeys (ConfUtils.java:logGet(43)) - raft.server.log.queue.byte-limit = 2147483647 (custom)
2019-09-21 06:22:18,816 [pool-139-thread-1] INFO  server.RaftServerConfigKeys (ConfUtils.java:logGet(43)) - raft.server.log.queue.element-limit = 1024 (custom)
2019-09-21 06:22:18,816 [pool-139-thread-1] INFO  server.RaftServerConfigKeys (ConfUtils.java:logGet(43)) - raft.server.log.segment.size.max = 1048576 (custom)
2019-09-21 06:22:18,816 [pool-139-thread-1] INFO  server.RaftServerConfigKeys (ConfUtils.java:logGet(43)) - raft.server.log.preallocated.size = 16384 (custom)
2019-09-21 06:22:18,816 [pool-139-thread-1] INFO  server.RaftServerConfigKeys (ConfUtils.java:logGet(43)) - raft.server.log.write.buffer.size = 33554432 (custom)
2019-09-21 06:22:18,817 [pool-139-thread-1] INFO  server.RaftServerConfigKeys (ConfUtils.java:logGet(43)) - raft.server.log.force.sync.num = 128 (default)
2019-09-21 06:22:18,817 [pool-139-thread-1] INFO  server.RaftServerConfigKeys (ConfUtils.java:logGet(43)) - raft.server.log.statemachine.data.sync = true (default)
2019-09-21 06:22:18,817 [pool-139-thread-1] INFO  server.RaftServerConfigKeys (ConfUtils.java:logGet(43)) - raft.server.log.statemachine.data.sync.timeout = 10s (default)
2019-09-21 06:22:18,817 [pool-139-thread-1] INFO  server.RaftServerConfigKeys (ConfUtils.java:logGet(43)) - raft.server.log.statemachine.data.sync.timeout.retry = -1 (default)
2019-09-21 06:22:18,817 [pool-139-thread-1] INFO  server.RaftServerConfigKeys (ConfUtils.java:logGet(43)) - raft.server.log.statemachine.data.caching.enabled = true (custom)
2019-09-21 06:22:18,818 [pool-139-thread-1] INFO  segmented.SegmentedRaftLogWorker (SegmentedRaftLogWorker.java:lambda$new$0(132)) - aecaab51-a45a-4dd7-afa3-a55df907d35c@group-E82AFD05E57C-SegmentedRaftLogWorker: flushIndex: setUnconditionally 0 -> -1
2019-09-21 06:22:18,818 [pool-139-thread-1] INFO  server.RaftServerConfigKeys (ConfUtils.java:logGet(43)) - raft.server.snapshot.auto.trigger.enabled = true (custom)
2019-09-21 06:22:18,818 [pool-139-thread-1] INFO  server.RaftServerConfigKeys (ConfUtils.java:logGet(43)) - raft.server.snapshot.auto.trigger.threshold = 10000 (custom)
2019-09-21 06:22:18,818 [pool-139-thread-1] INFO  server.RaftServerConfigKeys (ConfUtils.java:logGet(43)) - raft.server.snapshot.retention.num.files = 5 (custom)
2019-09-21 06:22:18,818 [pool-139-thread-1] INFO  server.RaftServerConfigKeys (ConfUtils.java:logGet(43)) - raft.server.retrycache.expirytime = 600000ms (custom)
2019-09-21 06:22:18,821 [pool-139-thread-1] INFO  impl.RaftServerImpl (RaftServerImpl.java:start(185)) - aecaab51-a45a-4dd7-afa3-a55df907d35c@group-E82AFD05E57C: start as a follower, conf=-1: [aecaab51-a45a-4dd7-afa3-a55df907d35c:192.168.34.39:38808], old=null
2019-09-21 06:22:18,821 [pool-139-thread-1] INFO  impl.RaftServerImpl (RaftServerImpl.java:setRole(174)) - aecaab51-a45a-4dd7-afa3-a55df907d35c@group-E82AFD05E57C: changes role from      null to FOLLOWER at term 0 for startAsFollower
2019-09-21 06:22:18,821 [pool-139-thread-1] INFO  impl.RoleInfo (RoleInfo.java:updateAndGet(143)) - aecaab51-a45a-4dd7-afa3-a55df907d35c: start FollowerState
2019-09-21 06:22:18,821 [pool-139-thread-1] INFO  util.JmxRegister (JmxRegister.java:tryRegister(44)) - Successfully registered JMX Bean with object name Ratis:service=RaftServer,group=group-E82AFD05E57C,id=aecaab51-a45a-4dd7-afa3-a55df907d35c
2019-09-21 06:22:18,827 [RatisPipelineUtilsThread] INFO  pipeline.PipelineStateManager (PipelineStateManager.java:addPipeline(56)) - Created pipeline Pipeline[ Id: d56bc5f5-6625-4985-9ec3-e82afd05e57c, Nodes: aecaab51-a45a-4dd7-afa3-a55df907d35c{ip: 192.168.34.39, host: pr-hdds-2161-4k4xz-3364335222, networkLocation: /default-rack, certSerialId: null}, Type:RATIS, Factor:ONE, State:OPEN]
2019-09-21 06:22:18,837 [grpc-default-executor-0] INFO  impl.RaftServerProxy (RaftServerProxy.java:addNew(89)) - 83892d2d-e9b7-49c0-b549-dffeacc60cb4: addNew group-0FC5E5512C87:[83892d2d-e9b7-49c0-b549-dffeacc60cb4:192.168.34.39:35087] returns group-0FC5E5512C87:java.util.concurrent.CompletableFuture@2796f138[Not completed]
2019-09-21 06:22:18,844 [pool-179-thread-1] INFO  impl.RaftServerImpl (RaftServerImpl.java:<init>(95)) - 83892d2d-e9b7-49c0-b549-dffeacc60cb4: new RaftServerImpl for group-0FC5E5512C87:[83892d2d-e9b7-49c0-b549-dffeacc60cb4:192.168.34.39:35087] with ContainerStateMachine:uninitialized
2019-09-21 06:22:18,844 [pool-179-thread-1] INFO  server.RaftServerConfigKeys (ConfUtils.java:logGet(43)) - raft.server.rpc.timeout.min = 5s (custom)
2019-09-21 06:22:18,844 [pool-179-thread-1] INFO  server.RaftServerConfigKeys (ConfUtils.java:logGet(43)) - raft.server.rpc.timeout.max = 5200ms (custom)
2019-09-21 06:22:18,844 [pool-179-thread-1] INFO  server.RaftServerConfigKeys (ConfUtils.java:logGet(43)) - raft.server.rpcslowness.timeout = 120s (custom)
2019-09-21 06:22:18,844 [pool-179-thread-1] INFO  server.RaftServerConfigKeys (ConfUtils.java:logGet(43)) - raft.server.sleep.deviation.threshold = 300 (default)
2019-09-21 06:22:18,844 [pool-179-thread-1] INFO  server.RaftServerConfigKeys (ConfUtils.java:logGet(43)) - raft.server.log.appender.install.snapshot.enabled = false (custom)
2019-09-21 06:22:18,845 [pool-179-thread-1] INFO  impl.RaftServerImpl (ServerState.java:<init>(103)) - 83892d2d-e9b7-49c0-b549-dffeacc60cb4@group-0FC5E5512C87: ConfigurationManager, init=-1: [83892d2d-e9b7-49c0-b549-dffeacc60cb4:192.168.34.39:35087], old=null, confs=<EMPTY_MAP>
2019-09-21 06:22:18,845 [pool-179-thread-1] INFO  server.RaftServerConfigKeys (ConfUtils.java:logGet(43)) - raft.server.storage.dir = [/workdir/hadoop-ozone/integration-test/target/test-dir/MiniOzoneClusterImpl-44f2a915-f03c-4a1f-87d6-926dbf9969ca/datanode-6/data/ratis] (custom)
2019-09-21 06:22:18,845 [pool-179-thread-1] INFO  storage.RaftStorageDirectory (RaftStorageDirectory.java:analyzeStorage(246)) - The storage directory /workdir/hadoop-ozone/integration-test/target/test-dir/MiniOzoneClusterImpl-44f2a915-f03c-4a1f-87d6-926dbf9969ca/datanode-6/data/ratis/b7506ddb-4827-4211-b05b-0fc5e5512c87 does not exist. Creating ...
2019-09-21 06:22:18,890 [pool-179-thread-1] INFO  storage.RaftStorageDirectory (RaftStorageDirectory.java:tryLock(328)) - Lock on /workdir/hadoop-ozone/integration-test/target/test-dir/MiniOzoneClusterImpl-44f2a915-f03c-4a1f-87d6-926dbf9969ca/datanode-6/data/ratis/b7506ddb-4827-4211-b05b-0fc5e5512c87/in_use.lock acquired by nodename 7818@pr-hdds-2161-4k4xz-3364335222
2019-09-21 06:22:18,916 [pool-179-thread-1] INFO  storage.RaftStorage (RaftStorage.java:format(72)) - Storage directory /workdir/hadoop-ozone/integration-test/target/test-dir/MiniOzoneClusterImpl-44f2a915-f03c-4a1f-87d6-926dbf9969ca/datanode-6/data/ratis/b7506ddb-4827-4211-b05b-0fc5e5512c87 has been successfully formatted.
2019-09-21 06:22:18,916 [pool-179-thread-1] INFO  ratis.ContainerStateMachine (ContainerStateMachine.java:loadSnapshot(230)) - group-0FC5E5512C87: The snapshot info is null. Setting the last applied indexto:(t:0, i:~)
2019-09-21 06:22:18,917 [pool-179-thread-1] INFO  server.RaftServerConfigKeys (ConfUtils.java:logGet(43)) - raft.server.notification.no-leader.timeout = 120s (custom)
2019-09-21 06:22:18,917 [pool-179-thread-1] INFO  server.RaftServerConfigKeys (ConfUtils.java:logGet(43)) - raft.server.log.use.memory = false (default)
2019-09-21 06:22:18,917 [pool-179-thread-1] INFO  server.RaftServerConfigKeys (ConfUtils.java:logGet(43)) - raft.server.log.purge.gap = 1000000 (custom)
2019-09-21 06:22:18,917 [pool-179-thread-1] INFO  server.RaftServerConfigKeys (ConfUtils.java:logGet(43)) - raft.server.log.appender.buffer.byte-limit = 33554432 (custom)
2019-09-21 06:22:18,917 [pool-179-thread-1] INFO  server.RaftServerConfigKeys (ConfUtils.java:logGet(43)) - raft.server.log.segment.size.max = 1048576 (custom)
2019-09-21 06:22:18,917 [pool-179-thread-1] INFO  server.RaftServerConfigKeys (ConfUtils.java:logGet(43)) - raft.server.log.segment.cache.num.max = 2 (custom)
2019-09-21 06:22:18,918 [pool-179-thread-1] INFO  segmented.SegmentedRaftLogWorker (SegmentedRaftLogWorker.java:<init>(172)) - new 83892d2d-e9b7-49c0-b549-dffeacc60cb4@group-0FC5E5512C87-SegmentedRaftLogWorker for RaftStorage:Storage Directory /workdir/hadoop-ozone/integration-test/target/test-dir/MiniOzoneClusterImpl-44f2a915-f03c-4a1f-87d6-926dbf9969ca/datanode-6/data/ratis/b7506ddb-4827-4211-b05b-0fc5e5512c87
2019-09-21 06:22:18,920 [pool-179-thread-1] INFO  server.RaftServerConfigKeys (ConfUtils.java:logGet(43)) - raft.server.log.queue.byte-limit = 2147483647 (custom)
2019-09-21 06:22:18,920 [pool-179-thread-1] INFO  server.RaftServerConfigKeys (ConfUtils.java:logGet(43)) - raft.server.log.queue.element-limit = 1024 (custom)
2019-09-21 06:22:18,921 [pool-179-thread-1] INFO  server.RaftServerConfigKeys (ConfUtils.java:logGet(43)) - raft.server.log.segment.size.max = 1048576 (custom)
2019-09-21 06:22:18,921 [pool-179-thread-1] INFO  server.RaftServerConfigKeys (ConfUtils.java:logGet(43)) - raft.server.log.preallocated.size = 16384 (custom)
2019-09-21 06:22:18,921 [pool-179-thread-1] INFO  server.RaftServerConfigKeys (ConfUtils.java:logGet(43)) - raft.server.log.write.buffer.size = 33554432 (custom)
2019-09-21 06:22:18,921 [pool-179-thread-1] INFO  server.RaftServerConfigKeys (ConfUtils.java:logGet(43)) - raft.server.log.force.sync.num = 128 (default)
2019-09-21 06:22:18,921 [pool-179-thread-1] INFO  server.RaftServerConfigKeys (ConfUtils.java:logGet(43)) - raft.server.log.statemachine.data.sync = true (default)
2019-09-21 06:22:18,921 [pool-179-thread-1] INFO  server.RaftServerConfigKeys (ConfUtils.java:logGet(43)) - raft.server.log.statemachine.data.sync.timeout = 10s (default)
2019-09-21 06:22:18,922 [pool-179-thread-1] INFO  server.RaftServerConfigKeys (ConfUtils.java:logGet(43)) - raft.server.log.statemachine.data.sync.timeout.retry = -1 (default)
2019-09-21 06:22:18,922 [pool-179-thread-1] INFO  server.RaftServerConfigKeys (ConfUtils.java:logGet(43)) - raft.server.log.statemachine.data.caching.enabled = true (custom)
2019-09-21 06:22:18,922 [pool-179-thread-1] INFO  segmented.SegmentedRaftLogWorker (SegmentedRaftLogWorker.java:lambda$new$0(132)) - 83892d2d-e9b7-49c0-b549-dffeacc60cb4@group-0FC5E5512C87-SegmentedRaftLogWorker: flushIndex: setUnconditionally 0 -> -1
2019-09-21 06:22:18,922 [pool-179-thread-1] INFO  server.RaftServerConfigKeys (ConfUtils.java:logGet(43)) - raft.server.snapshot.auto.trigger.enabled = true (custom)
2019-09-21 06:22:18,923 [pool-179-thread-1] INFO  server.RaftServerConfigKeys (ConfUtils.java:logGet(43)) - raft.server.snapshot.auto.trigger.threshold = 10000 (custom)
2019-09-21 06:22:18,923 [pool-179-thread-1] INFO  server.RaftServerConfigKeys (ConfUtils.java:logGet(43)) - raft.server.snapshot.retention.num.files = 5 (custom)
2019-09-21 06:22:18,923 [pool-179-thread-1] INFO  server.RaftServerConfigKeys (ConfUtils.java:logGet(43)) - raft.server.retrycache.expirytime = 600000ms (custom)
2019-09-21 06:22:18,925 [pool-179-thread-1] INFO  impl.RaftServerImpl (RaftServerImpl.java:start(185)) - 83892d2d-e9b7-49c0-b549-dffeacc60cb4@group-0FC5E5512C87: start as a follower, conf=-1: [83892d2d-e9b7-49c0-b549-dffeacc60cb4:192.168.34.39:35087], old=null
2019-09-21 06:22:18,925 [pool-179-thread-1] INFO  impl.RaftServerImpl (RaftServerImpl.java:setRole(174)) - 83892d2d-e9b7-49c0-b549-dffeacc60cb4@group-0FC5E5512C87: changes role from      null to FOLLOWER at term 0 for startAsFollower
2019-09-21 06:22:18,925 [pool-179-thread-1] INFO  impl.RoleInfo (RoleInfo.java:updateAndGet(143)) - 83892d2d-e9b7-49c0-b549-dffeacc60cb4: start FollowerState
2019-09-21 06:22:18,926 [pool-179-thread-1] INFO  util.JmxRegister (JmxRegister.java:tryRegister(44)) - Successfully registered JMX Bean with object name Ratis:service=RaftServer,group=group-0FC5E5512C87,id=83892d2d-e9b7-49c0-b549-dffeacc60cb4
2019-09-21 06:22:18,931 [RatisPipelineUtilsThread] INFO  pipeline.PipelineStateManager (PipelineStateManager.java:addPipeline(56)) - Created pipeline Pipeline[ Id: b7506ddb-4827-4211-b05b-0fc5e5512c87, Nodes: 83892d2d-e9b7-49c0-b549-dffeacc60cb4{ip: 192.168.34.39, host: pr-hdds-2161-4k4xz-3364335222, networkLocation: /default-rack, certSerialId: null}, Type:RATIS, Factor:ONE, State:OPEN]
2019-09-21 06:22:18,941 [grpc-default-executor-0] INFO  impl.RaftServerProxy (RaftServerProxy.java:addNew(89)) - 6aac6825-6315-492f-a276-36aac6db053d: addNew group-8639210B53FE:[6aac6825-6315-492f-a276-36aac6db053d:192.168.34.39:46020] returns group-8639210B53FE:java.util.concurrent.CompletableFuture@41de0fee[Not completed]
2019-09-21 06:22:18,946 [pool-169-thread-1] INFO  impl.RaftServerImpl (RaftServerImpl.java:<init>(95)) - 6aac6825-6315-492f-a276-36aac6db053d: new RaftServerImpl for group-8639210B53FE:[6aac6825-6315-492f-a276-36aac6db053d:192.168.34.39:46020] with ContainerStateMachine:uninitialized
2019-09-21 06:22:18,947 [pool-169-thread-1] INFO  server.RaftServerConfigKeys (ConfUtils.java:logGet(43)) - raft.server.rpc.timeout.min = 5s (custom)
2019-09-21 06:22:18,947 [pool-169-thread-1] INFO  server.RaftServerConfigKeys (ConfUtils.java:logGet(43)) - raft.server.rpc.timeout.max = 5200ms (custom)
2019-09-21 06:22:18,947 [pool-169-thread-1] INFO  server.RaftServerConfigKeys (ConfUtils.java:logGet(43)) - raft.server.rpcslowness.timeout = 120s (custom)
2019-09-21 06:22:18,947 [pool-169-thread-1] INFO  server.RaftServerConfigKeys (ConfUtils.java:logGet(43)) - raft.server.sleep.deviation.threshold = 300 (default)
2019-09-21 06:22:18,947 [pool-169-thread-1] INFO  server.RaftServerConfigKeys (ConfUtils.java:logGet(43)) - raft.server.log.appender.install.snapshot.enabled = false (custom)
2019-09-21 06:22:18,947 [pool-169-thread-1] INFO  impl.RaftServerImpl (ServerState.java:<init>(103)) - 6aac6825-6315-492f-a276-36aac6db053d@group-8639210B53FE: ConfigurationManager, init=-1: [6aac6825-6315-492f-a276-36aac6db053d:192.168.34.39:46020], old=null, confs=<EMPTY_MAP>
2019-09-21 06:22:18,948 [pool-169-thread-1] INFO  server.RaftServerConfigKeys (ConfUtils.java:logGet(43)) - raft.server.storage.dir = [/workdir/hadoop-ozone/integration-test/target/test-dir/MiniOzoneClusterImpl-44f2a915-f03c-4a1f-87d6-926dbf9969ca/datanode-5/data/ratis] (custom)
2019-09-21 06:22:18,948 [pool-169-thread-1] INFO  storage.RaftStorageDirectory (RaftStorageDirectory.java:analyzeStorage(246)) - The storage directory /workdir/hadoop-ozone/integration-test/target/test-dir/MiniOzoneClusterImpl-44f2a915-f03c-4a1f-87d6-926dbf9969ca/datanode-5/data/ratis/544aa414-6717-4125-a7a4-8639210b53fe does not exist. Creating ...
2019-09-21 06:22:18,968 [pool-169-thread-1] INFO  storage.RaftStorageDirectory (RaftStorageDirectory.java:tryLock(328)) - Lock on /workdir/hadoop-ozone/integration-test/target/test-dir/MiniOzoneClusterImpl-44f2a915-f03c-4a1f-87d6-926dbf9969ca/datanode-5/data/ratis/544aa414-6717-4125-a7a4-8639210b53fe/in_use.lock acquired by nodename 7818@pr-hdds-2161-4k4xz-3364335222
2019-09-21 06:22:18,998 [pool-169-thread-1] INFO  storage.RaftStorage (RaftStorage.java:format(72)) - Storage directory /workdir/hadoop-ozone/integration-test/target/test-dir/MiniOzoneClusterImpl-44f2a915-f03c-4a1f-87d6-926dbf9969ca/datanode-5/data/ratis/544aa414-6717-4125-a7a4-8639210b53fe has been successfully formatted.
2019-09-21 06:22:18,999 [pool-169-thread-1] INFO  ratis.ContainerStateMachine (ContainerStateMachine.java:loadSnapshot(230)) - group-8639210B53FE: The snapshot info is null. Setting the last applied indexto:(t:0, i:~)
2019-09-21 06:22:18,999 [pool-169-thread-1] INFO  server.RaftServerConfigKeys (ConfUtils.java:logGet(43)) - raft.server.notification.no-leader.timeout = 120s (custom)
2019-09-21 06:22:18,999 [pool-169-thread-1] INFO  server.RaftServerConfigKeys (ConfUtils.java:logGet(43)) - raft.server.log.use.memory = false (default)
2019-09-21 06:22:18,999 [pool-169-thread-1] INFO  server.RaftServerConfigKeys (ConfUtils.java:logGet(43)) - raft.server.log.purge.gap = 1000000 (custom)
2019-09-21 06:22:19,000 [pool-169-thread-1] INFO  server.RaftServerConfigKeys (ConfUtils.java:logGet(43)) - raft.server.log.appender.buffer.byte-limit = 33554432 (custom)
2019-09-21 06:22:19,000 [pool-169-thread-1] INFO  server.RaftServerConfigKeys (ConfUtils.java:logGet(43)) - raft.server.log.segment.size.max = 1048576 (custom)
2019-09-21 06:22:19,000 [pool-169-thread-1] INFO  server.RaftServerConfigKeys (ConfUtils.java:logGet(43)) - raft.server.log.segment.cache.num.max = 2 (custom)
2019-09-21 06:22:19,000 [pool-169-thread-1] INFO  segmented.SegmentedRaftLogWorker (SegmentedRaftLogWorker.java:<init>(172)) - new 6aac6825-6315-492f-a276-36aac6db053d@group-8639210B53FE-SegmentedRaftLogWorker for RaftStorage:Storage Directory /workdir/hadoop-ozone/integration-test/target/test-dir/MiniOzoneClusterImpl-44f2a915-f03c-4a1f-87d6-926dbf9969ca/datanode-5/data/ratis/544aa414-6717-4125-a7a4-8639210b53fe
2019-09-21 06:22:19,003 [pool-169-thread-1] INFO  server.RaftServerConfigKeys (ConfUtils.java:logGet(43)) - raft.server.log.queue.byte-limit = 2147483647 (custom)
2019-09-21 06:22:19,003 [pool-169-thread-1] INFO  server.RaftServerConfigKeys (ConfUtils.java:logGet(43)) - raft.server.log.queue.element-limit = 1024 (custom)
2019-09-21 06:22:19,003 [pool-169-thread-1] INFO  server.RaftServerConfigKeys (ConfUtils.java:logGet(43)) - raft.server.log.segment.size.max = 1048576 (custom)
2019-09-21 06:22:19,003 [pool-169-thread-1] INFO  server.RaftServerConfigKeys (ConfUtils.java:logGet(43)) - raft.server.log.preallocated.size = 16384 (custom)
2019-09-21 06:22:19,003 [pool-169-thread-1] INFO  server.RaftServerConfigKeys (ConfUtils.java:logGet(43)) - raft.server.log.write.buffer.size = 33554432 (custom)
2019-09-21 06:22:19,004 [pool-169-thread-1] INFO  server.RaftServerConfigKeys (ConfUtils.java:logGet(43)) - raft.server.log.force.sync.num = 128 (default)
2019-09-21 06:22:19,004 [pool-169-thread-1] INFO  server.RaftServerConfigKeys (ConfUtils.java:logGet(43)) - raft.server.log.statemachine.data.sync = true (default)
2019-09-21 06:22:19,004 [pool-169-thread-1] INFO  server.RaftServerConfigKeys (ConfUtils.java:logGet(43)) - raft.server.log.statemachine.data.sync.timeout = 10s (default)
2019-09-21 06:22:19,004 [pool-169-thread-1] INFO  server.RaftServerConfigKeys (ConfUtils.java:logGet(43)) - raft.server.log.statemachine.data.sync.timeout.retry = -1 (default)
2019-09-21 06:22:19,004 [pool-169-thread-1] INFO  server.RaftServerConfigKeys (ConfUtils.java:logGet(43)) - raft.server.log.statemachine.data.caching.enabled = true (custom)
2019-09-21 06:22:19,005 [pool-169-thread-1] INFO  segmented.SegmentedRaftLogWorker (SegmentedRaftLogWorker.java:lambda$new$0(132)) - 6aac6825-6315-492f-a276-36aac6db053d@group-8639210B53FE-SegmentedRaftLogWorker: flushIndex: setUnconditionally 0 -> -1
2019-09-21 06:22:19,005 [pool-169-thread-1] INFO  server.RaftServerConfigKeys (ConfUtils.java:logGet(43)) - raft.server.snapshot.auto.trigger.enabled = true (custom)
2019-09-21 06:22:19,005 [pool-169-thread-1] INFO  server.RaftServerConfigKeys (ConfUtils.java:logGet(43)) - raft.server.snapshot.auto.trigger.threshold = 10000 (custom)
2019-09-21 06:22:19,005 [pool-169-thread-1] INFO  server.RaftServerConfigKeys (ConfUtils.java:logGet(43)) - raft.server.snapshot.retention.num.files = 5 (custom)
2019-09-21 06:22:19,006 [pool-169-thread-1] INFO  server.RaftServerConfigKeys (ConfUtils.java:logGet(43)) - raft.server.retrycache.expirytime = 600000ms (custom)
2019-09-21 06:22:19,008 [pool-169-thread-1] INFO  impl.RaftServerImpl (RaftServerImpl.java:start(185)) - 6aac6825-6315-492f-a276-36aac6db053d@group-8639210B53FE: start as a follower, conf=-1: [6aac6825-6315-492f-a276-36aac6db053d:192.168.34.39:46020], old=null
2019-09-21 06:22:19,008 [pool-169-thread-1] INFO  impl.RaftServerImpl (RaftServerImpl.java:setRole(174)) - 6aac6825-6315-492f-a276-36aac6db053d@group-8639210B53FE: changes role from      null to FOLLOWER at term 0 for startAsFollower
2019-09-21 06:22:19,008 [pool-169-thread-1] INFO  impl.RoleInfo (RoleInfo.java:updateAndGet(143)) - 6aac6825-6315-492f-a276-36aac6db053d: start FollowerState
2019-09-21 06:22:19,009 [pool-169-thread-1] INFO  util.JmxRegister (JmxRegister.java:tryRegister(44)) - Successfully registered JMX Bean with object name Ratis:service=RaftServer,group=group-8639210B53FE,id=6aac6825-6315-492f-a276-36aac6db053d
2019-09-21 06:22:19,014 [RatisPipelineUtilsThread] INFO  pipeline.PipelineStateManager (PipelineStateManager.java:addPipeline(56)) - Created pipeline Pipeline[ Id: 544aa414-6717-4125-a7a4-8639210b53fe, Nodes: 6aac6825-6315-492f-a276-36aac6db053d{ip: 192.168.34.39, host: pr-hdds-2161-4k4xz-3364335222, networkLocation: /default-rack, certSerialId: null}, Type:RATIS, Factor:ONE, State:OPEN]
2019-09-21 06:22:19,023 [grpc-default-executor-0] INFO  impl.RaftServerProxy (RaftServerProxy.java:addNew(89)) - a01c398f-5c5c-487a-b3bd-f7d264ff853b: addNew group-C4934017D758:[a01c398f-5c5c-487a-b3bd-f7d264ff853b:192.168.34.39:34657] returns group-C4934017D758:java.util.concurrent.CompletableFuture@7cb660b0[Not completed]
2019-09-21 06:22:19,029 [pool-159-thread-1] INFO  impl.RaftServerImpl (RaftServerImpl.java:<init>(95)) - a01c398f-5c5c-487a-b3bd-f7d264ff853b: new RaftServerImpl for group-C4934017D758:[a01c398f-5c5c-487a-b3bd-f7d264ff853b:192.168.34.39:34657] with ContainerStateMachine:uninitialized
2019-09-21 06:22:19,029 [pool-159-thread-1] INFO  server.RaftServerConfigKeys (ConfUtils.java:logGet(43)) - raft.server.rpc.timeout.min = 5s (custom)
2019-09-21 06:22:19,029 [pool-159-thread-1] INFO  server.RaftServerConfigKeys (ConfUtils.java:logGet(43)) - raft.server.rpc.timeout.max = 5200ms (custom)
2019-09-21 06:22:19,029 [pool-159-thread-1] INFO  server.RaftServerConfigKeys (ConfUtils.java:logGet(43)) - raft.server.rpcslowness.timeout = 120s (custom)
2019-09-21 06:22:19,029 [pool-159-thread-1] INFO  server.RaftServerConfigKeys (ConfUtils.java:logGet(43)) - raft.server.sleep.deviation.threshold = 300 (default)
2019-09-21 06:22:19,029 [pool-159-thread-1] INFO  server.RaftServerConfigKeys (ConfUtils.java:logGet(43)) - raft.server.log.appender.install.snapshot.enabled = false (custom)
2019-09-21 06:22:19,030 [pool-159-thread-1] INFO  impl.RaftServerImpl (ServerState.java:<init>(103)) - a01c398f-5c5c-487a-b3bd-f7d264ff853b@group-C4934017D758: ConfigurationManager, init=-1: [a01c398f-5c5c-487a-b3bd-f7d264ff853b:192.168.34.39:34657], old=null, confs=<EMPTY_MAP>
2019-09-21 06:22:19,030 [pool-159-thread-1] INFO  server.RaftServerConfigKeys (ConfUtils.java:logGet(43)) - raft.server.storage.dir = [/workdir/hadoop-ozone/integration-test/target/test-dir/MiniOzoneClusterImpl-44f2a915-f03c-4a1f-87d6-926dbf9969ca/datanode-4/data/ratis] (custom)
2019-09-21 06:22:19,030 [pool-159-thread-1] INFO  storage.RaftStorageDirectory (RaftStorageDirectory.java:analyzeStorage(246)) - The storage directory /workdir/hadoop-ozone/integration-test/target/test-dir/MiniOzoneClusterImpl-44f2a915-f03c-4a1f-87d6-926dbf9969ca/datanode-4/data/ratis/9a579451-1b65-407e-9426-c4934017d758 does not exist. Creating ...
2019-09-21 06:22:19,077 [pool-159-thread-1] INFO  storage.RaftStorageDirectory (RaftStorageDirectory.java:tryLock(328)) - Lock on /workdir/hadoop-ozone/integration-test/target/test-dir/MiniOzoneClusterImpl-44f2a915-f03c-4a1f-87d6-926dbf9969ca/datanode-4/data/ratis/9a579451-1b65-407e-9426-c4934017d758/in_use.lock acquired by nodename 7818@pr-hdds-2161-4k4xz-3364335222
2019-09-21 06:22:19,098 [pool-159-thread-1] INFO  storage.RaftStorage (RaftStorage.java:format(72)) - Storage directory /workdir/hadoop-ozone/integration-test/target/test-dir/MiniOzoneClusterImpl-44f2a915-f03c-4a1f-87d6-926dbf9969ca/datanode-4/data/ratis/9a579451-1b65-407e-9426-c4934017d758 has been successfully formatted.
2019-09-21 06:22:19,099 [pool-159-thread-1] INFO  ratis.ContainerStateMachine (ContainerStateMachine.java:loadSnapshot(230)) - group-C4934017D758: The snapshot info is null. Setting the last applied indexto:(t:0, i:~)
2019-09-21 06:22:19,099 [pool-159-thread-1] INFO  server.RaftServerConfigKeys (ConfUtils.java:logGet(43)) - raft.server.notification.no-leader.timeout = 120s (custom)
2019-09-21 06:22:19,099 [pool-159-thread-1] INFO  server.RaftServerConfigKeys (ConfUtils.java:logGet(43)) - raft.server.log.use.memory = false (default)
2019-09-21 06:22:19,099 [pool-159-thread-1] INFO  server.RaftServerConfigKeys (ConfUtils.java:logGet(43)) - raft.server.log.purge.gap = 1000000 (custom)
2019-09-21 06:22:19,099 [pool-159-thread-1] INFO  server.RaftServerConfigKeys (ConfUtils.java:logGet(43)) - raft.server.log.appender.buffer.byte-limit = 33554432 (custom)
2019-09-21 06:22:19,099 [pool-159-thread-1] INFO  server.RaftServerConfigKeys (ConfUtils.java:logGet(43)) - raft.server.log.segment.size.max = 1048576 (custom)
2019-09-21 06:22:19,099 [pool-159-thread-1] INFO  server.RaftServerConfigKeys (ConfUtils.java:logGet(43)) - raft.server.log.segment.cache.num.max = 2 (custom)
2019-09-21 06:22:19,100 [pool-159-thread-1] INFO  segmented.SegmentedRaftLogWorker (SegmentedRaftLogWorker.java:<init>(172)) - new a01c398f-5c5c-487a-b3bd-f7d264ff853b@group-C4934017D758-SegmentedRaftLogWorker for RaftStorage:Storage Directory /workdir/hadoop-ozone/integration-test/target/test-dir/MiniOzoneClusterImpl-44f2a915-f03c-4a1f-87d6-926dbf9969ca/datanode-4/data/ratis/9a579451-1b65-407e-9426-c4934017d758
2019-09-21 06:22:19,102 [pool-159-thread-1] INFO  server.RaftServerConfigKeys (ConfUtils.java:logGet(43)) - raft.server.log.queue.byte-limit = 2147483647 (custom)
2019-09-21 06:22:19,102 [pool-159-thread-1] INFO  server.RaftServerConfigKeys (ConfUtils.java:logGet(43)) - raft.server.log.queue.element-limit = 1024 (custom)
2019-09-21 06:22:19,102 [pool-159-thread-1] INFO  server.RaftServerConfigKeys (ConfUtils.java:logGet(43)) - raft.server.log.segment.size.max = 1048576 (custom)
2019-09-21 06:22:19,102 [pool-159-thread-1] INFO  server.RaftServerConfigKeys (ConfUtils.java:logGet(43)) - raft.server.log.preallocated.size = 16384 (custom)
2019-09-21 06:22:19,102 [pool-159-thread-1] INFO  server.RaftServerConfigKeys (ConfUtils.java:logGet(43)) - raft.server.log.write.buffer.size = 33554432 (custom)
2019-09-21 06:22:19,102 [pool-159-thread-1] INFO  server.RaftServerConfigKeys (ConfUtils.java:logGet(43)) - raft.server.log.force.sync.num = 128 (default)
2019-09-21 06:22:19,102 [pool-159-thread-1] INFO  server.RaftServerConfigKeys (ConfUtils.java:logGet(43)) - raft.server.log.statemachine.data.sync = true (default)
2019-09-21 06:22:19,103 [pool-159-thread-1] INFO  server.RaftServerConfigKeys (ConfUtils.java:logGet(43)) - raft.server.log.statemachine.data.sync.timeout = 10s (default)
2019-09-21 06:22:19,103 [pool-159-thread-1] INFO  server.RaftServerConfigKeys (ConfUtils.java:logGet(43)) - raft.server.log.statemachine.data.sync.timeout.retry = -1 (default)
2019-09-21 06:22:19,103 [pool-159-thread-1] INFO  server.RaftServerConfigKeys (ConfUtils.java:logGet(43)) - raft.server.log.statemachine.data.caching.enabled = true (custom)
2019-09-21 06:22:19,103 [pool-159-thread-1] INFO  segmented.SegmentedRaftLogWorker (SegmentedRaftLogWorker.java:lambda$new$0(132)) - a01c398f-5c5c-487a-b3bd-f7d264ff853b@group-C4934017D758-SegmentedRaftLogWorker: flushIndex: setUnconditionally 0 -> -1
2019-09-21 06:22:19,104 [pool-159-thread-1] INFO  server.RaftServerConfigKeys (ConfUtils.java:logGet(43)) - raft.server.snapshot.auto.trigger.enabled = true (custom)
2019-09-21 06:22:19,104 [pool-159-thread-1] INFO  server.RaftServerConfigKeys (ConfUtils.java:logGet(43)) - raft.server.snapshot.auto.trigger.threshold = 10000 (custom)
2019-09-21 06:22:19,104 [pool-159-thread-1] INFO  server.RaftServerConfigKeys (ConfUtils.java:logGet(43)) - raft.server.snapshot.retention.num.files = 5 (custom)
2019-09-21 06:22:19,104 [pool-159-thread-1] INFO  server.RaftServerConfigKeys (ConfUtils.java:logGet(43)) - raft.server.retrycache.expirytime = 600000ms (custom)
2019-09-21 06:22:19,106 [pool-159-thread-1] INFO  impl.RaftServerImpl (RaftServerImpl.java:start(185)) - a01c398f-5c5c-487a-b3bd-f7d264ff853b@group-C4934017D758: start as a follower, conf=-1: [a01c398f-5c5c-487a-b3bd-f7d264ff853b:192.168.34.39:34657], old=null
2019-09-21 06:22:19,106 [pool-159-thread-1] INFO  impl.RaftServerImpl (RaftServerImpl.java:setRole(174)) - a01c398f-5c5c-487a-b3bd-f7d264ff853b@group-C4934017D758: changes role from      null to FOLLOWER at term 0 for startAsFollower
2019-09-21 06:22:19,106 [pool-159-thread-1] INFO  impl.RoleInfo (RoleInfo.java:updateAndGet(143)) - a01c398f-5c5c-487a-b3bd-f7d264ff853b: start FollowerState
2019-09-21 06:22:19,124 [pool-159-thread-1] INFO  util.JmxRegister (JmxRegister.java:tryRegister(44)) - Successfully registered JMX Bean with object name Ratis:service=RaftServer,group=group-C4934017D758,id=a01c398f-5c5c-487a-b3bd-f7d264ff853b
2019-09-21 06:22:19,135 [RatisPipelineUtilsThread] INFO  pipeline.PipelineStateManager (PipelineStateManager.java:addPipeline(56)) - Created pipeline Pipeline[ Id: 9a579451-1b65-407e-9426-c4934017d758, Nodes: a01c398f-5c5c-487a-b3bd-f7d264ff853b{ip: 192.168.34.39, host: pr-hdds-2161-4k4xz-3364335222, networkLocation: /default-rack, certSerialId: null}, Type:RATIS, Factor:ONE, State:OPEN]
2019-09-21 06:22:19,148 [grpc-default-executor-0] INFO  impl.RaftServerProxy (RaftServerProxy.java:addNew(89)) - aecaab51-a45a-4dd7-afa3-a55df907d35c: addNew group-FAE41C2CD621:[aed56d9b-d955-4087-a3ae-cfa25e80d872:192.168.34.39:33403, aecaab51-a45a-4dd7-afa3-a55df907d35c:192.168.34.39:38808, ad940cfb-76ca-446a-83ce-b40aef73eeae:192.168.34.39:44258] returns group-FAE41C2CD621:java.util.concurrent.CompletableFuture@1561fe16[Not completed]
2019-09-21 06:22:19,148 [grpc-default-executor-1] INFO  impl.RaftServerProxy (RaftServerProxy.java:addNew(89)) - ad940cfb-76ca-446a-83ce-b40aef73eeae: addNew group-FAE41C2CD621:[aed56d9b-d955-4087-a3ae-cfa25e80d872:192.168.34.39:33403, aecaab51-a45a-4dd7-afa3-a55df907d35c:192.168.34.39:38808, ad940cfb-76ca-446a-83ce-b40aef73eeae:192.168.34.39:44258] returns group-FAE41C2CD621:java.util.concurrent.CompletableFuture@3f5cb507[Not completed]
2019-09-21 06:22:19,148 [grpc-default-executor-4] INFO  impl.RaftServerProxy (RaftServerProxy.java:addNew(89)) - aed56d9b-d955-4087-a3ae-cfa25e80d872: addNew group-FAE41C2CD621:[aed56d9b-d955-4087-a3ae-cfa25e80d872:192.168.34.39:33403, aecaab51-a45a-4dd7-afa3-a55df907d35c:192.168.34.39:38808, ad940cfb-76ca-446a-83ce-b40aef73eeae:192.168.34.39:44258] returns group-FAE41C2CD621:java.util.concurrent.CompletableFuture@9a0d483[Not completed]
2019-09-21 06:22:19,149 [pool-139-thread-1] INFO  impl.RaftServerImpl (RaftServerImpl.java:<init>(95)) - aecaab51-a45a-4dd7-afa3-a55df907d35c: new RaftServerImpl for group-FAE41C2CD621:[aed56d9b-d955-4087-a3ae-cfa25e80d872:192.168.34.39:33403, aecaab51-a45a-4dd7-afa3-a55df907d35c:192.168.34.39:38808, ad940cfb-76ca-446a-83ce-b40aef73eeae:192.168.34.39:44258] with ContainerStateMachine:uninitialized
2019-09-21 06:22:19,149 [pool-139-thread-1] INFO  server.RaftServerConfigKeys (ConfUtils.java:logGet(43)) - raft.server.rpc.timeout.min = 5s (custom)
2019-09-21 06:22:19,149 [pool-139-thread-1] INFO  server.RaftServerConfigKeys (ConfUtils.java:logGet(43)) - raft.server.rpc.timeout.max = 5200ms (custom)
2019-09-21 06:22:19,150 [pool-139-thread-1] INFO  server.RaftServerConfigKeys (ConfUtils.java:logGet(43)) - raft.server.rpcslowness.timeout = 120s (custom)
2019-09-21 06:22:19,150 [pool-139-thread-1] INFO  server.RaftServerConfigKeys (ConfUtils.java:logGet(43)) - raft.server.sleep.deviation.threshold = 300 (default)
2019-09-21 06:22:19,150 [pool-129-thread-1] INFO  impl.RaftServerImpl (RaftServerImpl.java:<init>(95)) - aed56d9b-d955-4087-a3ae-cfa25e80d872: new RaftServerImpl for group-FAE41C2CD621:[aed56d9b-d955-4087-a3ae-cfa25e80d872:192.168.34.39:33403, aecaab51-a45a-4dd7-afa3-a55df907d35c:192.168.34.39:38808, ad940cfb-76ca-446a-83ce-b40aef73eeae:192.168.34.39:44258] with ContainerStateMachine:uninitialized
2019-09-21 06:22:19,150 [pool-139-thread-1] INFO  server.RaftServerConfigKeys (ConfUtils.java:logGet(43)) - raft.server.log.appender.install.snapshot.enabled = false (custom)
2019-09-21 06:22:19,150 [pool-129-thread-1] INFO  server.RaftServerConfigKeys (ConfUtils.java:logGet(43)) - raft.server.rpc.timeout.min = 5s (custom)
2019-09-21 06:22:19,150 [pool-139-thread-1] INFO  impl.RaftServerImpl (ServerState.java:<init>(103)) - aecaab51-a45a-4dd7-afa3-a55df907d35c@group-FAE41C2CD621: ConfigurationManager, init=-1: [aed56d9b-d955-4087-a3ae-cfa25e80d872:192.168.34.39:33403, aecaab51-a45a-4dd7-afa3-a55df907d35c:192.168.34.39:38808, ad940cfb-76ca-446a-83ce-b40aef73eeae:192.168.34.39:44258], old=null, confs=<EMPTY_MAP>
2019-09-21 06:22:19,151 [pool-129-thread-1] INFO  server.RaftServerConfigKeys (ConfUtils.java:logGet(43)) - raft.server.rpc.timeout.max = 5200ms (custom)
2019-09-21 06:22:19,151 [pool-139-thread-1] INFO  server.RaftServerConfigKeys (ConfUtils.java:logGet(43)) - raft.server.storage.dir = [/workdir/hadoop-ozone/integration-test/target/test-dir/MiniOzoneClusterImpl-44f2a915-f03c-4a1f-87d6-926dbf9969ca/datanode-2/data/ratis] (custom)
2019-09-21 06:22:19,151 [pool-129-thread-1] INFO  server.RaftServerConfigKeys (ConfUtils.java:logGet(43)) - raft.server.rpcslowness.timeout = 120s (custom)
2019-09-21 06:22:19,151 [pool-119-thread-1] INFO  impl.RaftServerImpl (RaftServerImpl.java:<init>(95)) - ad940cfb-76ca-446a-83ce-b40aef73eeae: new RaftServerImpl for group-FAE41C2CD621:[aed56d9b-d955-4087-a3ae-cfa25e80d872:192.168.34.39:33403, aecaab51-a45a-4dd7-afa3-a55df907d35c:192.168.34.39:38808, ad940cfb-76ca-446a-83ce-b40aef73eeae:192.168.34.39:44258] with ContainerStateMachine:uninitialized
2019-09-21 06:22:19,151 [pool-129-thread-1] INFO  server.RaftServerConfigKeys (ConfUtils.java:logGet(43)) - raft.server.sleep.deviation.threshold = 300 (default)
2019-09-21 06:22:19,151 [pool-139-thread-1] INFO  storage.RaftStorageDirectory (RaftStorageDirectory.java:analyzeStorage(246)) - The storage directory /workdir/hadoop-ozone/integration-test/target/test-dir/MiniOzoneClusterImpl-44f2a915-f03c-4a1f-87d6-926dbf9969ca/datanode-2/data/ratis/cdf5c7fb-c7b0-43eb-b02f-fae41c2cd621 does not exist. Creating ...
2019-09-21 06:22:19,151 [pool-119-thread-1] INFO  server.RaftServerConfigKeys (ConfUtils.java:logGet(43)) - raft.server.rpc.timeout.min = 5s (custom)
2019-09-21 06:22:19,151 [pool-129-thread-1] INFO  server.RaftServerConfigKeys (ConfUtils.java:logGet(43)) - raft.server.log.appender.install.snapshot.enabled = false (custom)
2019-09-21 06:22:19,152 [pool-119-thread-1] INFO  server.RaftServerConfigKeys (ConfUtils.java:logGet(43)) - raft.server.rpc.timeout.max = 5200ms (custom)
2019-09-21 06:22:19,152 [pool-129-thread-1] INFO  impl.RaftServerImpl (ServerState.java:<init>(103)) - aed56d9b-d955-4087-a3ae-cfa25e80d872@group-FAE41C2CD621: ConfigurationManager, init=-1: [aed56d9b-d955-4087-a3ae-cfa25e80d872:192.168.34.39:33403, aecaab51-a45a-4dd7-afa3-a55df907d35c:192.168.34.39:38808, ad940cfb-76ca-446a-83ce-b40aef73eeae:192.168.34.39:44258], old=null, confs=<EMPTY_MAP>
2019-09-21 06:22:19,152 [pool-119-thread-1] INFO  server.RaftServerConfigKeys (ConfUtils.java:logGet(43)) - raft.server.rpcslowness.timeout = 120s (custom)
2019-09-21 06:22:19,152 [pool-129-thread-1] INFO  server.RaftServerConfigKeys (ConfUtils.java:logGet(43)) - raft.server.storage.dir = [/workdir/hadoop-ozone/integration-test/target/test-dir/MiniOzoneClusterImpl-44f2a915-f03c-4a1f-87d6-926dbf9969ca/datanode-1/data/ratis] (custom)
2019-09-21 06:22:19,152 [pool-119-thread-1] INFO  server.RaftServerConfigKeys (ConfUtils.java:logGet(43)) - raft.server.sleep.deviation.threshold = 300 (default)
2019-09-21 06:22:19,152 [pool-119-thread-1] INFO  server.RaftServerConfigKeys (ConfUtils.java:logGet(43)) - raft.server.log.appender.install.snapshot.enabled = false (custom)
2019-09-21 06:22:19,152 [pool-129-thread-1] INFO  storage.RaftStorageDirectory (RaftStorageDirectory.java:analyzeStorage(246)) - The storage directory /workdir/hadoop-ozone/integration-test/target/test-dir/MiniOzoneClusterImpl-44f2a915-f03c-4a1f-87d6-926dbf9969ca/datanode-1/data/ratis/cdf5c7fb-c7b0-43eb-b02f-fae41c2cd621 does not exist. Creating ...
2019-09-21 06:22:19,153 [pool-119-thread-1] INFO  impl.RaftServerImpl (ServerState.java:<init>(103)) - ad940cfb-76ca-446a-83ce-b40aef73eeae@group-FAE41C2CD621: ConfigurationManager, init=-1: [aed56d9b-d955-4087-a3ae-cfa25e80d872:192.168.34.39:33403, aecaab51-a45a-4dd7-afa3-a55df907d35c:192.168.34.39:38808, ad940cfb-76ca-446a-83ce-b40aef73eeae:192.168.34.39:44258], old=null, confs=<EMPTY_MAP>
2019-09-21 06:22:19,153 [pool-119-thread-1] INFO  server.RaftServerConfigKeys (ConfUtils.java:logGet(43)) - raft.server.storage.dir = [/workdir/hadoop-ozone/integration-test/target/test-dir/MiniOzoneClusterImpl-44f2a915-f03c-4a1f-87d6-926dbf9969ca/datanode-0/data/ratis] (custom)
2019-09-21 06:22:19,153 [pool-119-thread-1] INFO  storage.RaftStorageDirectory (RaftStorageDirectory.java:analyzeStorage(246)) - The storage directory /workdir/hadoop-ozone/integration-test/target/test-dir/MiniOzoneClusterImpl-44f2a915-f03c-4a1f-87d6-926dbf9969ca/datanode-0/data/ratis/cdf5c7fb-c7b0-43eb-b02f-fae41c2cd621 does not exist. Creating ...
2019-09-21 06:22:19,187 [pool-119-thread-1] INFO  storage.RaftStorageDirectory (RaftStorageDirectory.java:tryLock(328)) - Lock on /workdir/hadoop-ozone/integration-test/target/test-dir/MiniOzoneClusterImpl-44f2a915-f03c-4a1f-87d6-926dbf9969ca/datanode-0/data/ratis/cdf5c7fb-c7b0-43eb-b02f-fae41c2cd621/in_use.lock acquired by nodename 7818@pr-hdds-2161-4k4xz-3364335222
2019-09-21 06:22:19,187 [pool-139-thread-1] INFO  storage.RaftStorageDirectory (RaftStorageDirectory.java:tryLock(328)) - Lock on /workdir/hadoop-ozone/integration-test/target/test-dir/MiniOzoneClusterImpl-44f2a915-f03c-4a1f-87d6-926dbf9969ca/datanode-2/data/ratis/cdf5c7fb-c7b0-43eb-b02f-fae41c2cd621/in_use.lock acquired by nodename 7818@pr-hdds-2161-4k4xz-3364335222
2019-09-21 06:22:19,187 [pool-129-thread-1] INFO  storage.RaftStorageDirectory (RaftStorageDirectory.java:tryLock(328)) - Lock on /workdir/hadoop-ozone/integration-test/target/test-dir/MiniOzoneClusterImpl-44f2a915-f03c-4a1f-87d6-926dbf9969ca/datanode-1/data/ratis/cdf5c7fb-c7b0-43eb-b02f-fae41c2cd621/in_use.lock acquired by nodename 7818@pr-hdds-2161-4k4xz-3364335222
2019-09-21 06:22:19,218 [pool-119-thread-1] INFO  storage.RaftStorage (RaftStorage.java:format(72)) - Storage directory /workdir/hadoop-ozone/integration-test/target/test-dir/MiniOzoneClusterImpl-44f2a915-f03c-4a1f-87d6-926dbf9969ca/datanode-0/data/ratis/cdf5c7fb-c7b0-43eb-b02f-fae41c2cd621 has been successfully formatted.
2019-09-21 06:22:19,218 [pool-129-thread-1] INFO  storage.RaftStorage (RaftStorage.java:format(72)) - Storage directory /workdir/hadoop-ozone/integration-test/target/test-dir/MiniOzoneClusterImpl-44f2a915-f03c-4a1f-87d6-926dbf9969ca/datanode-1/data/ratis/cdf5c7fb-c7b0-43eb-b02f-fae41c2cd621 has been successfully formatted.
2019-09-21 06:22:19,218 [pool-139-thread-1] INFO  storage.RaftStorage (RaftStorage.java:format(72)) - Storage directory /workdir/hadoop-ozone/integration-test/target/test-dir/MiniOzoneClusterImpl-44f2a915-f03c-4a1f-87d6-926dbf9969ca/datanode-2/data/ratis/cdf5c7fb-c7b0-43eb-b02f-fae41c2cd621 has been successfully formatted.
2019-09-21 06:22:19,219 [pool-129-thread-1] INFO  ratis.ContainerStateMachine (ContainerStateMachine.java:loadSnapshot(230)) - group-FAE41C2CD621: The snapshot info is null. Setting the last applied indexto:(t:0, i:~)
2019-09-21 06:22:19,220 [pool-139-thread-1] INFO  ratis.ContainerStateMachine (ContainerStateMachine.java:loadSnapshot(230)) - group-FAE41C2CD621: The snapshot info is null. Setting the last applied indexto:(t:0, i:~)
2019-09-21 06:22:19,219 [pool-119-thread-1] INFO  ratis.ContainerStateMachine (ContainerStateMachine.java:loadSnapshot(230)) - group-FAE41C2CD621: The snapshot info is null. Setting the last applied indexto:(t:0, i:~)
2019-09-21 06:22:19,220 [pool-139-thread-1] INFO  server.RaftServerConfigKeys (ConfUtils.java:logGet(43)) - raft.server.notification.no-leader.timeout = 120s (custom)
2019-09-21 06:22:19,220 [pool-129-thread-1] INFO  server.RaftServerConfigKeys (ConfUtils.java:logGet(43)) - raft.server.notification.no-leader.timeout = 120s (custom)
2019-09-21 06:22:19,220 [pool-139-thread-1] INFO  server.RaftServerConfigKeys (ConfUtils.java:logGet(43)) - raft.server.log.use.memory = false (default)
2019-09-21 06:22:19,220 [pool-119-thread-1] INFO  server.RaftServerConfigKeys (ConfUtils.java:logGet(43)) - raft.server.notification.no-leader.timeout = 120s (custom)
2019-09-21 06:22:19,221 [pool-139-thread-1] INFO  server.RaftServerConfigKeys (ConfUtils.java:logGet(43)) - raft.server.log.purge.gap = 1000000 (custom)
2019-09-21 06:22:19,220 [pool-129-thread-1] INFO  server.RaftServerConfigKeys (ConfUtils.java:logGet(43)) - raft.server.log.use.memory = false (default)
2019-09-21 06:22:19,221 [pool-139-thread-1] INFO  server.RaftServerConfigKeys (ConfUtils.java:logGet(43)) - raft.server.log.appender.buffer.byte-limit = 33554432 (custom)
2019-09-21 06:22:19,221 [pool-119-thread-1] INFO  server.RaftServerConfigKeys (ConfUtils.java:logGet(43)) - raft.server.log.use.memory = false (default)
2019-09-21 06:22:19,221 [pool-139-thread-1] INFO  server.RaftServerConfigKeys (ConfUtils.java:logGet(43)) - raft.server.log.segment.size.max = 1048576 (custom)
2019-09-21 06:22:19,221 [pool-129-thread-1] INFO  server.RaftServerConfigKeys (ConfUtils.java:logGet(43)) - raft.server.log.purge.gap = 1000000 (custom)
2019-09-21 06:22:19,222 [pool-139-thread-1] INFO  server.RaftServerConfigKeys (ConfUtils.java:logGet(43)) - raft.server.log.segment.cache.num.max = 2 (custom)
2019-09-21 06:22:19,221 [pool-119-thread-1] INFO  server.RaftServerConfigKeys (ConfUtils.java:logGet(43)) - raft.server.log.purge.gap = 1000000 (custom)
2019-09-21 06:22:19,222 [pool-139-thread-1] INFO  segmented.SegmentedRaftLogWorker (SegmentedRaftLogWorker.java:<init>(172)) - new aecaab51-a45a-4dd7-afa3-a55df907d35c@group-FAE41C2CD621-SegmentedRaftLogWorker for RaftStorage:Storage Directory /workdir/hadoop-ozone/integration-test/target/test-dir/MiniOzoneClusterImpl-44f2a915-f03c-4a1f-87d6-926dbf9969ca/datanode-2/data/ratis/cdf5c7fb-c7b0-43eb-b02f-fae41c2cd621
2019-09-21 06:22:19,222 [pool-129-thread-1] INFO  server.RaftServerConfigKeys (ConfUtils.java:logGet(43)) - raft.server.log.appender.buffer.byte-limit = 33554432 (custom)
2019-09-21 06:22:19,223 [pool-139-thread-1] INFO  server.RaftServerConfigKeys (ConfUtils.java:logGet(43)) - raft.server.log.queue.byte-limit = 2147483647 (custom)
2019-09-21 06:22:19,222 [pool-119-thread-1] INFO  server.RaftServerConfigKeys (ConfUtils.java:logGet(43)) - raft.server.log.appender.buffer.byte-limit = 33554432 (custom)
2019-09-21 06:22:19,223 [pool-139-thread-1] INFO  server.RaftServerConfigKeys (ConfUtils.java:logGet(43)) - raft.server.log.queue.element-limit = 1024 (custom)
2019-09-21 06:22:19,223 [pool-129-thread-1] INFO  server.RaftServerConfigKeys (ConfUtils.java:logGet(43)) - raft.server.log.segment.size.max = 1048576 (custom)
2019-09-21 06:22:19,223 [pool-139-thread-1] INFO  server.RaftServerConfigKeys (ConfUtils.java:logGet(43)) - raft.server.log.segment.size.max = 1048576 (custom)
2019-09-21 06:22:19,223 [pool-119-thread-1] INFO  server.RaftServerConfigKeys (ConfUtils.java:logGet(43)) - raft.server.log.segment.size.max = 1048576 (custom)
2019-09-21 06:22:19,224 [pool-139-thread-1] INFO  server.RaftServerConfigKeys (ConfUtils.java:logGet(43)) - raft.server.log.preallocated.size = 16384 (custom)
2019-09-21 06:22:19,224 [pool-129-thread-1] INFO  server.RaftServerConfigKeys (ConfUtils.java:logGet(43)) - raft.server.log.segment.cache.num.max = 2 (custom)
2019-09-21 06:22:19,224 [pool-139-thread-1] INFO  server.RaftServerConfigKeys (ConfUtils.java:logGet(43)) - raft.server.log.write.buffer.size = 33554432 (custom)
2019-09-21 06:22:19,225 [pool-139-thread-1] INFO  server.RaftServerConfigKeys (ConfUtils.java:logGet(43)) - raft.server.log.force.sync.num = 128 (default)
2019-09-21 06:22:19,225 [pool-139-thread-1] INFO  server.RaftServerConfigKeys (ConfUtils.java:logGet(43)) - raft.server.log.statemachine.data.sync = true (default)
2019-09-21 06:22:19,225 [pool-139-thread-1] INFO  server.RaftServerConfigKeys (ConfUtils.java:logGet(43)) - raft.server.log.statemachine.data.sync.timeout = 10s (default)
2019-09-21 06:22:19,225 [pool-139-thread-1] INFO  server.RaftServerConfigKeys (ConfUtils.java:logGet(43)) - raft.server.log.statemachine.data.sync.timeout.retry = -1 (default)
2019-09-21 06:22:19,224 [pool-119-thread-1] INFO  server.RaftServerConfigKeys (ConfUtils.java:logGet(43)) - raft.server.log.segment.cache.num.max = 2 (custom)
2019-09-21 06:22:19,226 [pool-139-thread-1] INFO  server.RaftServerConfigKeys (ConfUtils.java:logGet(43)) - raft.server.log.statemachine.data.caching.enabled = true (custom)
2019-09-21 06:22:19,224 [pool-129-thread-1] INFO  segmented.SegmentedRaftLogWorker (SegmentedRaftLogWorker.java:<init>(172)) - new aed56d9b-d955-4087-a3ae-cfa25e80d872@group-FAE41C2CD621-SegmentedRaftLogWorker for RaftStorage:Storage Directory /workdir/hadoop-ozone/integration-test/target/test-dir/MiniOzoneClusterImpl-44f2a915-f03c-4a1f-87d6-926dbf9969ca/datanode-1/data/ratis/cdf5c7fb-c7b0-43eb-b02f-fae41c2cd621
2019-09-21 06:22:19,226 [pool-119-thread-1] INFO  segmented.SegmentedRaftLogWorker (SegmentedRaftLogWorker.java:<init>(172)) - new ad940cfb-76ca-446a-83ce-b40aef73eeae@group-FAE41C2CD621-SegmentedRaftLogWorker for RaftStorage:Storage Directory /workdir/hadoop-ozone/integration-test/target/test-dir/MiniOzoneClusterImpl-44f2a915-f03c-4a1f-87d6-926dbf9969ca/datanode-0/data/ratis/cdf5c7fb-c7b0-43eb-b02f-fae41c2cd621
2019-09-21 06:22:19,226 [pool-139-thread-1] INFO  segmented.SegmentedRaftLogWorker (SegmentedRaftLogWorker.java:lambda$new$0(132)) - aecaab51-a45a-4dd7-afa3-a55df907d35c@group-FAE41C2CD621-SegmentedRaftLogWorker: flushIndex: setUnconditionally 0 -> -1
2019-09-21 06:22:19,226 [pool-129-thread-1] INFO  server.RaftServerConfigKeys (ConfUtils.java:logGet(43)) - raft.server.log.queue.byte-limit = 2147483647 (custom)
2019-09-21 06:22:19,227 [pool-139-thread-1] INFO  server.RaftServerConfigKeys (ConfUtils.java:logGet(43)) - raft.server.snapshot.auto.trigger.enabled = true (custom)
2019-09-21 06:22:19,226 [pool-119-thread-1] INFO  server.RaftServerConfigKeys (ConfUtils.java:logGet(43)) - raft.server.log.queue.byte-limit = 2147483647 (custom)
2019-09-21 06:22:19,227 [pool-139-thread-1] INFO  server.RaftServerConfigKeys (ConfUtils.java:logGet(43)) - raft.server.snapshot.auto.trigger.threshold = 10000 (custom)
2019-09-21 06:22:19,227 [pool-129-thread-1] INFO  server.RaftServerConfigKeys (ConfUtils.java:logGet(43)) - raft.server.log.queue.element-limit = 1024 (custom)
2019-09-21 06:22:19,227 [pool-139-thread-1] INFO  server.RaftServerConfigKeys (ConfUtils.java:logGet(43)) - raft.server.snapshot.retention.num.files = 5 (custom)
2019-09-21 06:22:19,227 [pool-119-thread-1] INFO  server.RaftServerConfigKeys (ConfUtils.java:logGet(43)) - raft.server.log.queue.element-limit = 1024 (custom)
2019-09-21 06:22:19,228 [pool-139-thread-1] INFO  server.RaftServerConfigKeys (ConfUtils.java:logGet(43)) - raft.server.retrycache.expirytime = 600000ms (custom)
2019-09-21 06:22:19,228 [pool-129-thread-1] INFO  server.RaftServerConfigKeys (ConfUtils.java:logGet(43)) - raft.server.log.segment.size.max = 1048576 (custom)
2019-09-21 06:22:19,228 [pool-119-thread-1] INFO  server.RaftServerConfigKeys (ConfUtils.java:logGet(43)) - raft.server.log.segment.size.max = 1048576 (custom)
2019-09-21 06:22:19,228 [pool-129-thread-1] INFO  server.RaftServerConfigKeys (ConfUtils.java:logGet(43)) - raft.server.log.preallocated.size = 16384 (custom)
2019-09-21 06:22:19,228 [pool-119-thread-1] INFO  server.RaftServerConfigKeys (ConfUtils.java:logGet(43)) - raft.server.log.preallocated.size = 16384 (custom)
2019-09-21 06:22:19,229 [pool-129-thread-1] INFO  server.RaftServerConfigKeys (ConfUtils.java:logGet(43)) - raft.server.log.write.buffer.size = 33554432 (custom)
2019-09-21 06:22:19,229 [pool-119-thread-1] INFO  server.RaftServerConfigKeys (ConfUtils.java:logGet(43)) - raft.server.log.write.buffer.size = 33554432 (custom)
2019-09-21 06:22:19,229 [pool-129-thread-1] INFO  server.RaftServerConfigKeys (ConfUtils.java:logGet(43)) - raft.server.log.force.sync.num = 128 (default)
2019-09-21 06:22:19,229 [pool-119-thread-1] INFO  server.RaftServerConfigKeys (ConfUtils.java:logGet(43)) - raft.server.log.force.sync.num = 128 (default)
2019-09-21 06:22:19,229 [pool-129-thread-1] INFO  server.RaftServerConfigKeys (ConfUtils.java:logGet(43)) - raft.server.log.statemachine.data.sync = true (default)
2019-09-21 06:22:19,230 [pool-119-thread-1] INFO  server.RaftServerConfigKeys (ConfUtils.java:logGet(43)) - raft.server.log.statemachine.data.sync = true (default)
2019-09-21 06:22:19,230 [pool-129-thread-1] INFO  server.RaftServerConfigKeys (ConfUtils.java:logGet(43)) - raft.server.log.statemachine.data.sync.timeout = 10s (default)
2019-09-21 06:22:19,230 [pool-119-thread-1] INFO  server.RaftServerConfigKeys (ConfUtils.java:logGet(43)) - raft.server.log.statemachine.data.sync.timeout = 10s (default)
2019-09-21 06:22:19,230 [pool-129-thread-1] INFO  server.RaftServerConfigKeys (ConfUtils.java:logGet(43)) - raft.server.log.statemachine.data.sync.timeout.retry = -1 (default)
2019-09-21 06:22:19,230 [pool-119-thread-1] INFO  server.RaftServerConfigKeys (ConfUtils.java:logGet(43)) - raft.server.log.statemachine.data.sync.timeout.retry = -1 (default)
2019-09-21 06:22:19,231 [pool-129-thread-1] INFO  server.RaftServerConfigKeys (ConfUtils.java:logGet(43)) - raft.server.log.statemachine.data.caching.enabled = true (custom)
2019-09-21 06:22:19,231 [pool-119-thread-1] INFO  server.RaftServerConfigKeys (ConfUtils.java:logGet(43)) - raft.server.log.statemachine.data.caching.enabled = true (custom)
2019-09-21 06:22:19,231 [pool-119-thread-1] INFO  segmented.SegmentedRaftLogWorker (SegmentedRaftLogWorker.java:lambda$new$0(132)) - ad940cfb-76ca-446a-83ce-b40aef73eeae@group-FAE41C2CD621-SegmentedRaftLogWorker: flushIndex: setUnconditionally 0 -> -1
2019-09-21 06:22:19,232 [pool-139-thread-1] INFO  impl.RaftServerImpl (RaftServerImpl.java:start(185)) - aecaab51-a45a-4dd7-afa3-a55df907d35c@group-FAE41C2CD621: start as a follower, conf=-1: [aed56d9b-d955-4087-a3ae-cfa25e80d872:192.168.34.39:33403, aecaab51-a45a-4dd7-afa3-a55df907d35c:192.168.34.39:38808, ad940cfb-76ca-446a-83ce-b40aef73eeae:192.168.34.39:44258], old=null
2019-09-21 06:22:19,231 [pool-129-thread-1] INFO  segmented.SegmentedRaftLogWorker (SegmentedRaftLogWorker.java:lambda$new$0(132)) - aed56d9b-d955-4087-a3ae-cfa25e80d872@group-FAE41C2CD621-SegmentedRaftLogWorker: flushIndex: setUnconditionally 0 -> -1
2019-09-21 06:22:19,232 [pool-139-thread-1] INFO  impl.RaftServerImpl (RaftServerImpl.java:setRole(174)) - aecaab51-a45a-4dd7-afa3-a55df907d35c@group-FAE41C2CD621: changes role from      null to FOLLOWER at term 0 for startAsFollower
2019-09-21 06:22:19,232 [pool-119-thread-1] INFO  server.RaftServerConfigKeys (ConfUtils.java:logGet(43)) - raft.server.snapshot.auto.trigger.enabled = true (custom)
2019-09-21 06:22:19,232 [pool-139-thread-1] INFO  impl.RoleInfo (RoleInfo.java:updateAndGet(143)) - aecaab51-a45a-4dd7-afa3-a55df907d35c: start FollowerState
2019-09-21 06:22:19,232 [pool-129-thread-1] INFO  server.RaftServerConfigKeys (ConfUtils.java:logGet(43)) - raft.server.snapshot.auto.trigger.enabled = true (custom)
2019-09-21 06:22:19,232 [pool-119-thread-1] INFO  server.RaftServerConfigKeys (ConfUtils.java:logGet(43)) - raft.server.snapshot.auto.trigger.threshold = 10000 (custom)
2019-09-21 06:22:19,233 [pool-139-thread-1] INFO  util.JmxRegister (JmxRegister.java:tryRegister(44)) - Successfully registered JMX Bean with object name Ratis:service=RaftServer,group=group-FAE41C2CD621,id=aecaab51-a45a-4dd7-afa3-a55df907d35c
2019-09-21 06:22:19,233 [pool-129-thread-1] INFO  server.RaftServerConfigKeys (ConfUtils.java:logGet(43)) - raft.server.snapshot.auto.trigger.threshold = 10000 (custom)
2019-09-21 06:22:19,233 [pool-119-thread-1] INFO  server.RaftServerConfigKeys (ConfUtils.java:logGet(43)) - raft.server.snapshot.retention.num.files = 5 (custom)
2019-09-21 06:22:19,234 [pool-129-thread-1] INFO  server.RaftServerConfigKeys (ConfUtils.java:logGet(43)) - raft.server.snapshot.retention.num.files = 5 (custom)
2019-09-21 06:22:19,234 [pool-119-thread-1] INFO  server.RaftServerConfigKeys (ConfUtils.java:logGet(43)) - raft.server.retrycache.expirytime = 600000ms (custom)
2019-09-21 06:22:19,234 [pool-129-thread-1] INFO  server.RaftServerConfigKeys (ConfUtils.java:logGet(43)) - raft.server.retrycache.expirytime = 600000ms (custom)
2019-09-21 06:22:19,241 [pool-119-thread-1] INFO  impl.RaftServerImpl (RaftServerImpl.java:start(185)) - ad940cfb-76ca-446a-83ce-b40aef73eeae@group-FAE41C2CD621: start as a follower, conf=-1: [aed56d9b-d955-4087-a3ae-cfa25e80d872:192.168.34.39:33403, aecaab51-a45a-4dd7-afa3-a55df907d35c:192.168.34.39:38808, ad940cfb-76ca-446a-83ce-b40aef73eeae:192.168.34.39:44258], old=null
2019-09-21 06:22:19,241 [pool-119-thread-1] INFO  impl.RaftServerImpl (RaftServerImpl.java:setRole(174)) - ad940cfb-76ca-446a-83ce-b40aef73eeae@group-FAE41C2CD621: changes role from      null to FOLLOWER at term 0 for startAsFollower
2019-09-21 06:22:19,241 [pool-119-thread-1] INFO  impl.RoleInfo (RoleInfo.java:updateAndGet(143)) - ad940cfb-76ca-446a-83ce-b40aef73eeae: start FollowerState
2019-09-21 06:22:19,241 [pool-129-thread-1] INFO  impl.RaftServerImpl (RaftServerImpl.java:start(185)) - aed56d9b-d955-4087-a3ae-cfa25e80d872@group-FAE41C2CD621: start as a follower, conf=-1: [aed56d9b-d955-4087-a3ae-cfa25e80d872:192.168.34.39:33403, aecaab51-a45a-4dd7-afa3-a55df907d35c:192.168.34.39:38808, ad940cfb-76ca-446a-83ce-b40aef73eeae:192.168.34.39:44258], old=null
2019-09-21 06:22:19,241 [pool-119-thread-1] INFO  util.JmxRegister (JmxRegister.java:tryRegister(44)) - Successfully registered JMX Bean with object name Ratis:service=RaftServer,group=group-FAE41C2CD621,id=ad940cfb-76ca-446a-83ce-b40aef73eeae
2019-09-21 06:22:19,241 [pool-129-thread-1] INFO  impl.RaftServerImpl (RaftServerImpl.java:setRole(174)) - aed56d9b-d955-4087-a3ae-cfa25e80d872@group-FAE41C2CD621: changes role from      null to FOLLOWER at term 0 for startAsFollower
2019-09-21 06:22:19,241 [pool-129-thread-1] INFO  impl.RoleInfo (RoleInfo.java:updateAndGet(143)) - aed56d9b-d955-4087-a3ae-cfa25e80d872: start FollowerState
2019-09-21 06:22:19,242 [pool-129-thread-1] INFO  util.JmxRegister (JmxRegister.java:tryRegister(44)) - Successfully registered JMX Bean with object name Ratis:service=RaftServer,group=group-FAE41C2CD621,id=aed56d9b-d955-4087-a3ae-cfa25e80d872
2019-09-21 06:22:19,247 [RatisPipelineUtilsThread] INFO  pipeline.PipelineStateManager (PipelineStateManager.java:addPipeline(56)) - Created pipeline Pipeline[ Id: cdf5c7fb-c7b0-43eb-b02f-fae41c2cd621, Nodes: aed56d9b-d955-4087-a3ae-cfa25e80d872{ip: 192.168.34.39, host: pr-hdds-2161-4k4xz-3364335222, networkLocation: /default-rack, certSerialId: null}aecaab51-a45a-4dd7-afa3-a55df907d35c{ip: 192.168.34.39, host: pr-hdds-2161-4k4xz-3364335222, networkLocation: /default-rack, certSerialId: null}ad940cfb-76ca-446a-83ce-b40aef73eeae{ip: 192.168.34.39, host: pr-hdds-2161-4k4xz-3364335222, networkLocation: /default-rack, certSerialId: null}, Type:RATIS, Factor:THREE, State:OPEN]
2019-09-21 06:22:19,256 [grpc-default-executor-1] INFO  impl.RaftServerProxy (RaftServerProxy.java:addNew(89)) - 6aac6825-6315-492f-a276-36aac6db053d: addNew group-D5ED87507BEE:[83892d2d-e9b7-49c0-b549-dffeacc60cb4:192.168.34.39:35087, 05566752-5170-4d69-9924-e9bf2a8421eb:192.168.34.39:36260, 6aac6825-6315-492f-a276-36aac6db053d:192.168.34.39:46020] returns group-D5ED87507BEE:java.util.concurrent.CompletableFuture@f3e0fca[Not completed]
2019-09-21 06:22:19,256 [grpc-default-executor-4] INFO  impl.RaftServerProxy (RaftServerProxy.java:addNew(89)) - 83892d2d-e9b7-49c0-b549-dffeacc60cb4: addNew group-D5ED87507BEE:[83892d2d-e9b7-49c0-b549-dffeacc60cb4:192.168.34.39:35087, 05566752-5170-4d69-9924-e9bf2a8421eb:192.168.34.39:36260, 6aac6825-6315-492f-a276-36aac6db053d:192.168.34.39:46020] returns group-D5ED87507BEE:java.util.concurrent.CompletableFuture@7f6300e6[Not completed]
2019-09-21 06:22:19,256 [grpc-default-executor-0] INFO  impl.RaftServerProxy (RaftServerProxy.java:addNew(89)) - 05566752-5170-4d69-9924-e9bf2a8421eb: addNew group-D5ED87507BEE:[83892d2d-e9b7-49c0-b549-dffeacc60cb4:192.168.34.39:35087, 05566752-5170-4d69-9924-e9bf2a8421eb:192.168.34.39:36260, 6aac6825-6315-492f-a276-36aac6db053d:192.168.34.39:46020] returns group-D5ED87507BEE:java.util.concurrent.CompletableFuture@5091fc5d[Not completed]
2019-09-21 06:22:19,258 [pool-169-thread-1] INFO  impl.RaftServerImpl (RaftServerImpl.java:<init>(95)) - 6aac6825-6315-492f-a276-36aac6db053d: new RaftServerImpl for group-D5ED87507BEE:[83892d2d-e9b7-49c0-b549-dffeacc60cb4:192.168.34.39:35087, 05566752-5170-4d69-9924-e9bf2a8421eb:192.168.34.39:36260, 6aac6825-6315-492f-a276-36aac6db053d:192.168.34.39:46020] with ContainerStateMachine:uninitialized
2019-09-21 06:22:19,258 [pool-169-thread-1] INFO  server.RaftServerConfigKeys (ConfUtils.java:logGet(43)) - raft.server.rpc.timeout.min = 5s (custom)
2019-09-21 06:22:19,258 [pool-169-thread-1] INFO  server.RaftServerConfigKeys (ConfUtils.java:logGet(43)) - raft.server.rpc.timeout.max = 5200ms (custom)
2019-09-21 06:22:19,258 [pool-169-thread-1] INFO  server.RaftServerConfigKeys (ConfUtils.java:logGet(43)) - raft.server.rpcslowness.timeout = 120s (custom)
2019-09-21 06:22:19,258 [pool-169-thread-1] INFO  server.RaftServerConfigKeys (ConfUtils.java:logGet(43)) - raft.server.sleep.deviation.threshold = 300 (default)
2019-09-21 06:22:19,258 [pool-179-thread-1] INFO  impl.RaftServerImpl (RaftServerImpl.java:<init>(95)) - 83892d2d-e9b7-49c0-b549-dffeacc60cb4: new RaftServerImpl for group-D5ED87507BEE:[83892d2d-e9b7-49c0-b549-dffeacc60cb4:192.168.34.39:35087, 05566752-5170-4d69-9924-e9bf2a8421eb:192.168.34.39:36260, 6aac6825-6315-492f-a276-36aac6db053d:192.168.34.39:46020] with ContainerStateMachine:uninitialized
2019-09-21 06:22:19,258 [pool-169-thread-1] INFO  server.RaftServerConfigKeys (ConfUtils.java:logGet(43)) - raft.server.log.appender.install.snapshot.enabled = false (custom)
2019-09-21 06:22:19,258 [pool-179-thread-1] INFO  server.RaftServerConfigKeys (ConfUtils.java:logGet(43)) - raft.server.rpc.timeout.min = 5s (custom)
2019-09-21 06:22:19,258 [pool-169-thread-1] INFO  impl.RaftServerImpl (ServerState.java:<init>(103)) - 6aac6825-6315-492f-a276-36aac6db053d@group-D5ED87507BEE: ConfigurationManager, init=-1: [83892d2d-e9b7-49c0-b549-dffeacc60cb4:192.168.34.39:35087, 05566752-5170-4d69-9924-e9bf2a8421eb:192.168.34.39:36260, 6aac6825-6315-492f-a276-36aac6db053d:192.168.34.39:46020], old=null, confs=<EMPTY_MAP>
2019-09-21 06:22:19,259 [pool-179-thread-1] INFO  server.RaftServerConfigKeys (ConfUtils.java:logGet(43)) - raft.server.rpc.timeout.max = 5200ms (custom)
2019-09-21 06:22:19,259 [pool-149-thread-1] INFO  impl.RaftServerImpl (RaftServerImpl.java:<init>(95)) - 05566752-5170-4d69-9924-e9bf2a8421eb: new RaftServerImpl for group-D5ED87507BEE:[83892d2d-e9b7-49c0-b549-dffeacc60cb4:192.168.34.39:35087, 05566752-5170-4d69-9924-e9bf2a8421eb:192.168.34.39:36260, 6aac6825-6315-492f-a276-36aac6db053d:192.168.34.39:46020] with ContainerStateMachine:uninitialized
2019-09-21 06:22:19,259 [pool-169-thread-1] INFO  server.RaftServerConfigKeys (ConfUtils.java:logGet(43)) - raft.server.storage.dir = [/workdir/hadoop-ozone/integration-test/target/test-dir/MiniOzoneClusterImpl-44f2a915-f03c-4a1f-87d6-926dbf9969ca/datanode-5/data/ratis] (custom)
2019-09-21 06:22:19,259 [pool-179-thread-1] INFO  server.RaftServerConfigKeys (ConfUtils.java:logGet(43)) - raft.server.rpcslowness.timeout = 120s (custom)
2019-09-21 06:22:19,259 [pool-149-thread-1] INFO  server.RaftServerConfigKeys (ConfUtils.java:logGet(43)) - raft.server.rpc.timeout.min = 5s (custom)
2019-09-21 06:22:19,259 [pool-169-thread-1] INFO  storage.RaftStorageDirectory (RaftStorageDirectory.java:analyzeStorage(246)) - The storage directory /workdir/hadoop-ozone/integration-test/target/test-dir/MiniOzoneClusterImpl-44f2a915-f03c-4a1f-87d6-926dbf9969ca/datanode-5/data/ratis/bd853c15-2373-45f1-9a67-d5ed87507bee does not exist. Creating ...
2019-09-21 06:22:19,259 [pool-179-thread-1] INFO  server.RaftServerConfigKeys (ConfUtils.java:logGet(43)) - raft.server.sleep.deviation.threshold = 300 (default)
2019-09-21 06:22:19,259 [pool-149-thread-1] INFO  server.RaftServerConfigKeys (ConfUtils.java:logGet(43)) - raft.server.rpc.timeout.max = 5200ms (custom)
2019-09-21 06:22:19,259 [pool-179-thread-1] INFO  server.RaftServerConfigKeys (ConfUtils.java:logGet(43)) - raft.server.log.appender.install.snapshot.enabled = false (custom)
2019-09-21 06:22:19,259 [pool-149-thread-1] INFO  server.RaftServerConfigKeys (ConfUtils.java:logGet(43)) - raft.server.rpcslowness.timeout = 120s (custom)
2019-09-21 06:22:19,260 [pool-179-thread-1] INFO  impl.RaftServerImpl (ServerState.java:<init>(103)) - 83892d2d-e9b7-49c0-b549-dffeacc60cb4@group-D5ED87507BEE: ConfigurationManager, init=-1: [83892d2d-e9b7-49c0-b549-dffeacc60cb4:192.168.34.39:35087, 05566752-5170-4d69-9924-e9bf2a8421eb:192.168.34.39:36260, 6aac6825-6315-492f-a276-36aac6db053d:192.168.34.39:46020], old=null, confs=<EMPTY_MAP>
2019-09-21 06:22:19,260 [pool-149-thread-1] INFO  server.RaftServerConfigKeys (ConfUtils.java:logGet(43)) - raft.server.sleep.deviation.threshold = 300 (default)
2019-09-21 06:22:19,260 [pool-179-thread-1] INFO  server.RaftServerConfigKeys (ConfUtils.java:logGet(43)) - raft.server.storage.dir = [/workdir/hadoop-ozone/integration-test/target/test-dir/MiniOzoneClusterImpl-44f2a915-f03c-4a1f-87d6-926dbf9969ca/datanode-6/data/ratis] (custom)
2019-09-21 06:22:19,260 [pool-149-thread-1] INFO  server.RaftServerConfigKeys (ConfUtils.java:logGet(43)) - raft.server.log.appender.install.snapshot.enabled = false (custom)
2019-09-21 06:22:19,260 [pool-149-thread-1] INFO  impl.RaftServerImpl (ServerState.java:<init>(103)) - 05566752-5170-4d69-9924-e9bf2a8421eb@group-D5ED87507BEE: ConfigurationManager, init=-1: [83892d2d-e9b7-49c0-b549-dffeacc60cb4:192.168.34.39:35087, 05566752-5170-4d69-9924-e9bf2a8421eb:192.168.34.39:36260, 6aac6825-6315-492f-a276-36aac6db053d:192.168.34.39:46020], old=null, confs=<EMPTY_MAP>
2019-09-21 06:22:19,260 [pool-179-thread-1] INFO  storage.RaftStorageDirectory (RaftStorageDirectory.java:analyzeStorage(246)) - The storage directory /workdir/hadoop-ozone/integration-test/target/test-dir/MiniOzoneClusterImpl-44f2a915-f03c-4a1f-87d6-926dbf9969ca/datanode-6/data/ratis/bd853c15-2373-45f1-9a67-d5ed87507bee does not exist. Creating ...
2019-09-21 06:22:19,260 [pool-149-thread-1] INFO  server.RaftServerConfigKeys (ConfUtils.java:logGet(43)) - raft.server.storage.dir = [/workdir/hadoop-ozone/integration-test/target/test-dir/MiniOzoneClusterImpl-44f2a915-f03c-4a1f-87d6-926dbf9969ca/datanode-3/data/ratis] (custom)
2019-09-21 06:22:19,261 [pool-149-thread-1] INFO  storage.RaftStorageDirectory (RaftStorageDirectory.java:analyzeStorage(246)) - The storage directory /workdir/hadoop-ozone/integration-test/target/test-dir/MiniOzoneClusterImpl-44f2a915-f03c-4a1f-87d6-926dbf9969ca/datanode-3/data/ratis/bd853c15-2373-45f1-9a67-d5ed87507bee does not exist. Creating ...
2019-09-21 06:22:19,295 [pool-149-thread-1] INFO  storage.RaftStorageDirectory (RaftStorageDirectory.java:tryLock(328)) - Lock on /workdir/hadoop-ozone/integration-test/target/test-dir/MiniOzoneClusterImpl-44f2a915-f03c-4a1f-87d6-926dbf9969ca/datanode-3/data/ratis/bd853c15-2373-45f1-9a67-d5ed87507bee/in_use.lock acquired by nodename 7818@pr-hdds-2161-4k4xz-3364335222
2019-09-21 06:22:19,295 [pool-179-thread-1] INFO  storage.RaftStorageDirectory (RaftStorageDirectory.java:tryLock(328)) - Lock on /workdir/hadoop-ozone/integration-test/target/test-dir/MiniOzoneClusterImpl-44f2a915-f03c-4a1f-87d6-926dbf9969ca/datanode-6/data/ratis/bd853c15-2373-45f1-9a67-d5ed87507bee/in_use.lock acquired by nodename 7818@pr-hdds-2161-4k4xz-3364335222
2019-09-21 06:22:19,295 [pool-169-thread-1] INFO  storage.RaftStorageDirectory (RaftStorageDirectory.java:tryLock(328)) - Lock on /workdir/hadoop-ozone/integration-test/target/test-dir/MiniOzoneClusterImpl-44f2a915-f03c-4a1f-87d6-926dbf9969ca/datanode-5/data/ratis/bd853c15-2373-45f1-9a67-d5ed87507bee/in_use.lock acquired by nodename 7818@pr-hdds-2161-4k4xz-3364335222
2019-09-21 06:22:19,356 [pool-149-thread-1] INFO  storage.RaftStorage (RaftStorage.java:format(72)) - Storage directory /workdir/hadoop-ozone/integration-test/target/test-dir/MiniOzoneClusterImpl-44f2a915-f03c-4a1f-87d6-926dbf9969ca/datanode-3/data/ratis/bd853c15-2373-45f1-9a67-d5ed87507bee has been successfully formatted.
2019-09-21 06:22:19,356 [pool-169-thread-1] INFO  storage.RaftStorage (RaftStorage.java:format(72)) - Storage directory /workdir/hadoop-ozone/integration-test/target/test-dir/MiniOzoneClusterImpl-44f2a915-f03c-4a1f-87d6-926dbf9969ca/datanode-5/data/ratis/bd853c15-2373-45f1-9a67-d5ed87507bee has been successfully formatted.
2019-09-21 06:22:19,356 [pool-179-thread-1] INFO  storage.RaftStorage (RaftStorage.java:format(72)) - Storage directory /workdir/hadoop-ozone/integration-test/target/test-dir/MiniOzoneClusterImpl-44f2a915-f03c-4a1f-87d6-926dbf9969ca/datanode-6/data/ratis/bd853c15-2373-45f1-9a67-d5ed87507bee has been successfully formatted.
2019-09-21 06:22:19,357 [pool-149-thread-1] INFO  ratis.ContainerStateMachine (ContainerStateMachine.java:loadSnapshot(230)) - group-D5ED87507BEE: The snapshot info is null. Setting the last applied indexto:(t:0, i:~)
2019-09-21 06:22:19,357 [pool-169-thread-1] INFO  ratis.ContainerStateMachine (ContainerStateMachine.java:loadSnapshot(230)) - group-D5ED87507BEE: The snapshot info is null. Setting the last applied indexto:(t:0, i:~)
2019-09-21 06:22:19,357 [pool-149-thread-1] INFO  server.RaftServerConfigKeys (ConfUtils.java:logGet(43)) - raft.server.notification.no-leader.timeout = 120s (custom)
2019-09-21 06:22:19,357 [pool-179-thread-1] INFO  ratis.ContainerStateMachine (ContainerStateMachine.java:loadSnapshot(230)) - group-D5ED87507BEE: The snapshot info is null. Setting the last applied indexto:(t:0, i:~)
2019-09-21 06:22:19,357 [pool-149-thread-1] INFO  server.RaftServerConfigKeys (ConfUtils.java:logGet(43)) - raft.server.log.use.memory = false (default)
2019-09-21 06:22:19,357 [pool-169-thread-1] INFO  server.RaftServerConfigKeys (ConfUtils.java:logGet(43)) - raft.server.notification.no-leader.timeout = 120s (custom)
2019-09-21 06:22:19,357 [pool-149-thread-1] INFO  server.RaftServerConfigKeys (ConfUtils.java:logGet(43)) - raft.server.log.purge.gap = 1000000 (custom)
2019-09-21 06:22:19,357 [pool-179-thread-1] INFO  server.RaftServerConfigKeys (ConfUtils.java:logGet(43)) - raft.server.notification.no-leader.timeout = 120s (custom)
2019-09-21 06:22:19,358 [pool-149-thread-1] INFO  server.RaftServerConfigKeys (ConfUtils.java:logGet(43)) - raft.server.log.appender.buffer.byte-limit = 33554432 (custom)
2019-09-21 06:22:19,358 [pool-149-thread-1] INFO  server.RaftServerConfigKeys (ConfUtils.java:logGet(43)) - raft.server.log.segment.size.max = 1048576 (custom)
2019-09-21 06:22:19,357 [pool-169-thread-1] INFO  server.RaftServerConfigKeys (ConfUtils.java:logGet(43)) - raft.server.log.use.memory = false (default)
2019-09-21 06:22:19,358 [pool-149-thread-1] INFO  server.RaftServerConfigKeys (ConfUtils.java:logGet(43)) - raft.server.log.segment.cache.num.max = 2 (custom)
2019-09-21 06:22:19,358 [pool-179-thread-1] INFO  server.RaftServerConfigKeys (ConfUtils.java:logGet(43)) - raft.server.log.use.memory = false (default)
2019-09-21 06:22:19,358 [pool-149-thread-1] INFO  segmented.SegmentedRaftLogWorker (SegmentedRaftLogWorker.java:<init>(172)) - new 05566752-5170-4d69-9924-e9bf2a8421eb@group-D5ED87507BEE-SegmentedRaftLogWorker for RaftStorage:Storage Directory /workdir/hadoop-ozone/integration-test/target/test-dir/MiniOzoneClusterImpl-44f2a915-f03c-4a1f-87d6-926dbf9969ca/datanode-3/data/ratis/bd853c15-2373-45f1-9a67-d5ed87507bee
2019-09-21 06:22:19,358 [pool-169-thread-1] INFO  server.RaftServerConfigKeys (ConfUtils.java:logGet(43)) - raft.server.log.purge.gap = 1000000 (custom)
2019-09-21 06:22:19,358 [pool-149-thread-1] INFO  server.RaftServerConfigKeys (ConfUtils.java:logGet(43)) - raft.server.log.queue.byte-limit = 2147483647 (custom)
2019-09-21 06:22:19,358 [pool-179-thread-1] INFO  server.RaftServerConfigKeys (ConfUtils.java:logGet(43)) - raft.server.log.purge.gap = 1000000 (custom)
2019-09-21 06:22:19,358 [pool-149-thread-1] INFO  server.RaftServerConfigKeys (ConfUtils.java:logGet(43)) - raft.server.log.queue.element-limit = 1024 (custom)
2019-09-21 06:22:19,358 [pool-169-thread-1] INFO  server.RaftServerConfigKeys (ConfUtils.java:logGet(43)) - raft.server.log.appender.buffer.byte-limit = 33554432 (custom)
2019-09-21 06:22:19,359 [pool-149-thread-1] INFO  server.RaftServerConfigKeys (ConfUtils.java:logGet(43)) - raft.server.log.segment.size.max = 1048576 (custom)
2019-09-21 06:22:19,359 [pool-179-thread-1] INFO  server.RaftServerConfigKeys (ConfUtils.java:logGet(43)) - raft.server.log.appender.buffer.byte-limit = 33554432 (custom)
2019-09-21 06:22:19,359 [pool-149-thread-1] INFO  server.RaftServerConfigKeys (ConfUtils.java:logGet(43)) - raft.server.log.preallocated.size = 16384 (custom)
2019-09-21 06:22:19,359 [pool-169-thread-1] INFO  server.RaftServerConfigKeys (ConfUtils.java:logGet(43)) - raft.server.log.segment.size.max = 1048576 (custom)
2019-09-21 06:22:19,359 [pool-149-thread-1] INFO  server.RaftServerConfigKeys (ConfUtils.java:logGet(43)) - raft.server.log.write.buffer.size = 33554432 (custom)
2019-09-21 06:22:19,359 [pool-179-thread-1] INFO  server.RaftServerConfigKeys (ConfUtils.java:logGet(43)) - raft.server.log.segment.size.max = 1048576 (custom)
2019-09-21 06:22:19,359 [pool-149-thread-1] INFO  server.RaftServerConfigKeys (ConfUtils.java:logGet(43)) - raft.server.log.force.sync.num = 128 (default)
2019-09-21 06:22:19,359 [pool-169-thread-1] INFO  server.RaftServerConfigKeys (ConfUtils.java:logGet(43)) - raft.server.log.segment.cache.num.max = 2 (custom)
2019-09-21 06:22:19,360 [pool-149-thread-1] INFO  server.RaftServerConfigKeys (ConfUtils.java:logGet(43)) - raft.server.log.statemachine.data.sync = true (default)
2019-09-21 06:22:19,360 [pool-179-thread-1] INFO  server.RaftServerConfigKeys (ConfUtils.java:logGet(43)) - raft.server.log.segment.cache.num.max = 2 (custom)
2019-09-21 06:22:19,360 [pool-149-thread-1] INFO  server.RaftServerConfigKeys (ConfUtils.java:logGet(43)) - raft.server.log.statemachine.data.sync.timeout = 10s (default)
2019-09-21 06:22:19,360 [pool-149-thread-1] INFO  server.RaftServerConfigKeys (ConfUtils.java:logGet(43)) - raft.server.log.statemachine.data.sync.timeout.retry = -1 (default)
2019-09-21 06:22:19,360 [pool-169-thread-1] INFO  segmented.SegmentedRaftLogWorker (SegmentedRaftLogWorker.java:<init>(172)) - new 6aac6825-6315-492f-a276-36aac6db053d@group-D5ED87507BEE-SegmentedRaftLogWorker for RaftStorage:Storage Directory /workdir/hadoop-ozone/integration-test/target/test-dir/MiniOzoneClusterImpl-44f2a915-f03c-4a1f-87d6-926dbf9969ca/datanode-5/data/ratis/bd853c15-2373-45f1-9a67-d5ed87507bee
2019-09-21 06:22:19,360 [pool-149-thread-1] INFO  server.RaftServerConfigKeys (ConfUtils.java:logGet(43)) - raft.server.log.statemachine.data.caching.enabled = true (custom)
2019-09-21 06:22:19,360 [pool-179-thread-1] INFO  segmented.SegmentedRaftLogWorker (SegmentedRaftLogWorker.java:<init>(172)) - new 83892d2d-e9b7-49c0-b549-dffeacc60cb4@group-D5ED87507BEE-SegmentedRaftLogWorker for RaftStorage:Storage Directory /workdir/hadoop-ozone/integration-test/target/test-dir/MiniOzoneClusterImpl-44f2a915-f03c-4a1f-87d6-926dbf9969ca/datanode-6/data/ratis/bd853c15-2373-45f1-9a67-d5ed87507bee
2019-09-21 06:22:19,360 [pool-169-thread-1] INFO  server.RaftServerConfigKeys (ConfUtils.java:logGet(43)) - raft.server.log.queue.byte-limit = 2147483647 (custom)
2019-09-21 06:22:19,361 [pool-149-thread-1] INFO  segmented.SegmentedRaftLogWorker (SegmentedRaftLogWorker.java:lambda$new$0(132)) - 05566752-5170-4d69-9924-e9bf2a8421eb@group-D5ED87507BEE-SegmentedRaftLogWorker: flushIndex: setUnconditionally 0 -> -1
2019-09-21 06:22:19,361 [pool-179-thread-1] INFO  server.RaftServerConfigKeys (ConfUtils.java:logGet(43)) - raft.server.log.queue.byte-limit = 2147483647 (custom)
2019-09-21 06:22:19,361 [pool-169-thread-1] INFO  server.RaftServerConfigKeys (ConfUtils.java:logGet(43)) - raft.server.log.queue.element-limit = 1024 (custom)
2019-09-21 06:22:19,361 [pool-149-thread-1] INFO  server.RaftServerConfigKeys (ConfUtils.java:logGet(43)) - raft.server.snapshot.auto.trigger.enabled = true (custom)
2019-09-21 06:22:19,361 [pool-179-thread-1] INFO  server.RaftServerConfigKeys (ConfUtils.java:logGet(43)) - raft.server.log.queue.element-limit = 1024 (custom)
2019-09-21 06:22:19,361 [pool-149-thread-1] INFO  server.RaftServerConfigKeys (ConfUtils.java:logGet(43)) - raft.server.snapshot.auto.trigger.threshold = 10000 (custom)
2019-09-21 06:22:19,361 [pool-169-thread-1] INFO  server.RaftServerConfigKeys (ConfUtils.java:logGet(43)) - raft.server.log.segment.size.max = 1048576 (custom)
2019-09-21 06:22:19,362 [pool-149-thread-1] INFO  server.RaftServerConfigKeys (ConfUtils.java:logGet(43)) - raft.server.snapshot.retention.num.files = 5 (custom)
2019-09-21 06:22:19,361 [pool-179-thread-1] INFO  server.RaftServerConfigKeys (ConfUtils.java:logGet(43)) - raft.server.log.segment.size.max = 1048576 (custom)
2019-09-21 06:22:19,362 [pool-149-thread-1] INFO  server.RaftServerConfigKeys (ConfUtils.java:logGet(43)) - raft.server.retrycache.expirytime = 600000ms (custom)
2019-09-21 06:22:19,362 [pool-169-thread-1] INFO  server.RaftServerConfigKeys (ConfUtils.java:logGet(43)) - raft.server.log.preallocated.size = 16384 (custom)
2019-09-21 06:22:19,362 [pool-179-thread-1] INFO  server.RaftServerConfigKeys (ConfUtils.java:logGet(43)) - raft.server.log.preallocated.size = 16384 (custom)
2019-09-21 06:22:19,362 [pool-169-thread-1] INFO  server.RaftServerConfigKeys (ConfUtils.java:logGet(43)) - raft.server.log.write.buffer.size = 33554432 (custom)
2019-09-21 06:22:19,362 [pool-179-thread-1] INFO  server.RaftServerConfigKeys (ConfUtils.java:logGet(43)) - raft.server.log.write.buffer.size = 33554432 (custom)
2019-09-21 06:22:19,362 [pool-169-thread-1] INFO  server.RaftServerConfigKeys (ConfUtils.java:logGet(43)) - raft.server.log.force.sync.num = 128 (default)
2019-09-21 06:22:19,363 [pool-179-thread-1] INFO  server.RaftServerConfigKeys (ConfUtils.java:logGet(43)) - raft.server.log.force.sync.num = 128 (default)
2019-09-21 06:22:19,363 [pool-169-thread-1] INFO  server.RaftServerConfigKeys (ConfUtils.java:logGet(43)) - raft.server.log.statemachine.data.sync = true (default)
2019-09-21 06:22:19,363 [pool-179-thread-1] INFO  server.RaftServerConfigKeys (ConfUtils.java:logGet(43)) - raft.server.log.statemachine.data.sync = true (default)
2019-09-21 06:22:19,363 [pool-169-thread-1] INFO  server.RaftServerConfigKeys (ConfUtils.java:logGet(43)) - raft.server.log.statemachine.data.sync.timeout = 10s (default)
2019-09-21 06:22:19,363 [pool-179-thread-1] INFO  server.RaftServerConfigKeys (ConfUtils.java:logGet(43)) - raft.server.log.statemachine.data.sync.timeout = 10s (default)
2019-09-21 06:22:19,363 [pool-169-thread-1] INFO  server.RaftServerConfigKeys (ConfUtils.java:logGet(43)) - raft.server.log.statemachine.data.sync.timeout.retry = -1 (default)
2019-09-21 06:22:19,364 [pool-149-thread-1] INFO  impl.RaftServerImpl (RaftServerImpl.java:start(185)) - 05566752-5170-4d69-9924-e9bf2a8421eb@group-D5ED87507BEE: start as a follower, conf=-1: [83892d2d-e9b7-49c0-b549-dffeacc60cb4:192.168.34.39:35087, 05566752-5170-4d69-9924-e9bf2a8421eb:192.168.34.39:36260, 6aac6825-6315-492f-a276-36aac6db053d:192.168.34.39:46020], old=null
2019-09-21 06:22:19,364 [pool-179-thread-1] INFO  server.RaftServerConfigKeys (ConfUtils.java:logGet(43)) - raft.server.log.statemachine.data.sync.timeout.retry = -1 (default)
2019-09-21 06:22:19,364 [pool-149-thread-1] INFO  impl.RaftServerImpl (RaftServerImpl.java:setRole(174)) - 05566752-5170-4d69-9924-e9bf2a8421eb@group-D5ED87507BEE: changes role from      null to FOLLOWER at term 0 for startAsFollower
2019-09-21 06:22:19,364 [pool-169-thread-1] INFO  server.RaftServerConfigKeys (ConfUtils.java:logGet(43)) - raft.server.log.statemachine.data.caching.enabled = true (custom)
2019-09-21 06:22:19,364 [pool-149-thread-1] INFO  impl.RoleInfo (RoleInfo.java:updateAndGet(143)) - 05566752-5170-4d69-9924-e9bf2a8421eb: start FollowerState
2019-09-21 06:22:19,364 [pool-179-thread-1] INFO  server.RaftServerConfigKeys (ConfUtils.java:logGet(43)) - raft.server.log.statemachine.data.caching.enabled = true (custom)
2019-09-21 06:22:19,364 [pool-169-thread-1] INFO  segmented.SegmentedRaftLogWorker (SegmentedRaftLogWorker.java:lambda$new$0(132)) - 6aac6825-6315-492f-a276-36aac6db053d@group-D5ED87507BEE-SegmentedRaftLogWorker: flushIndex: setUnconditionally 0 -> -1
2019-09-21 06:22:19,364 [pool-179-thread-1] INFO  segmented.SegmentedRaftLogWorker (SegmentedRaftLogWorker.java:lambda$new$0(132)) - 83892d2d-e9b7-49c0-b549-dffeacc60cb4@group-D5ED87507BEE-SegmentedRaftLogWorker: flushIndex: setUnconditionally 0 -> -1
2019-09-21 06:22:19,364 [pool-149-thread-1] INFO  util.JmxRegister (JmxRegister.java:tryRegister(44)) - Successfully registered JMX Bean with object name Ratis:service=RaftServer,group=group-D5ED87507BEE,id=05566752-5170-4d69-9924-e9bf2a8421eb
2019-09-21 06:22:19,365 [pool-169-thread-1] INFO  server.RaftServerConfigKeys (ConfUtils.java:logGet(43)) - raft.server.snapshot.auto.trigger.enabled = true (custom)
2019-09-21 06:22:19,365 [pool-179-thread-1] INFO  server.RaftServerConfigKeys (ConfUtils.java:logGet(43)) - raft.server.snapshot.auto.trigger.enabled = true (custom)
2019-09-21 06:22:19,365 [pool-169-thread-1] INFO  server.RaftServerConfigKeys (ConfUtils.java:logGet(43)) - raft.server.snapshot.auto.trigger.threshold = 10000 (custom)
2019-09-21 06:22:19,365 [pool-179-thread-1] INFO  server.RaftServerConfigKeys (ConfUtils.java:logGet(43)) - raft.server.snapshot.auto.trigger.threshold = 10000 (custom)
2019-09-21 06:22:19,365 [pool-169-thread-1] INFO  server.RaftServerConfigKeys (ConfUtils.java:logGet(43)) - raft.server.snapshot.retention.num.files = 5 (custom)
2019-09-21 06:22:19,365 [pool-179-thread-1] INFO  server.RaftServerConfigKeys (ConfUtils.java:logGet(43)) - raft.server.snapshot.retention.num.files = 5 (custom)
2019-09-21 06:22:19,366 [pool-169-thread-1] INFO  server.RaftServerConfigKeys (ConfUtils.java:logGet(43)) - raft.server.retrycache.expirytime = 600000ms (custom)
2019-09-21 06:22:19,366 [pool-179-thread-1] INFO  server.RaftServerConfigKeys (ConfUtils.java:logGet(43)) - raft.server.retrycache.expirytime = 600000ms (custom)
2019-09-21 06:22:19,372 [pool-169-thread-1] INFO  impl.RaftServerImpl (RaftServerImpl.java:start(185)) - 6aac6825-6315-492f-a276-36aac6db053d@group-D5ED87507BEE: start as a follower, conf=-1: [83892d2d-e9b7-49c0-b549-dffeacc60cb4:192.168.34.39:35087, 05566752-5170-4d69-9924-e9bf2a8421eb:192.168.34.39:36260, 6aac6825-6315-492f-a276-36aac6db053d:192.168.34.39:46020], old=null
2019-09-21 06:22:19,372 [pool-169-thread-1] INFO  impl.RaftServerImpl (RaftServerImpl.java:setRole(174)) - 6aac6825-6315-492f-a276-36aac6db053d@group-D5ED87507BEE: changes role from      null to FOLLOWER at term 0 for startAsFollower
2019-09-21 06:22:19,372 [pool-179-thread-1] INFO  impl.RaftServerImpl (RaftServerImpl.java:start(185)) - 83892d2d-e9b7-49c0-b549-dffeacc60cb4@group-D5ED87507BEE: start as a follower, conf=-1: [83892d2d-e9b7-49c0-b549-dffeacc60cb4:192.168.34.39:35087, 05566752-5170-4d69-9924-e9bf2a8421eb:192.168.34.39:36260, 6aac6825-6315-492f-a276-36aac6db053d:192.168.34.39:46020], old=null
2019-09-21 06:22:19,372 [pool-169-thread-1] INFO  impl.RoleInfo (RoleInfo.java:updateAndGet(143)) - 6aac6825-6315-492f-a276-36aac6db053d: start FollowerState
2019-09-21 06:22:19,372 [pool-179-thread-1] INFO  impl.RaftServerImpl (RaftServerImpl.java:setRole(174)) - 83892d2d-e9b7-49c0-b549-dffeacc60cb4@group-D5ED87507BEE: changes role from      null to FOLLOWER at term 0 for startAsFollower
2019-09-21 06:22:19,373 [pool-179-thread-1] INFO  impl.RoleInfo (RoleInfo.java:updateAndGet(143)) - 83892d2d-e9b7-49c0-b549-dffeacc60cb4: start FollowerState
2019-09-21 06:22:19,373 [pool-169-thread-1] INFO  util.JmxRegister (JmxRegister.java:tryRegister(44)) - Successfully registered JMX Bean with object name Ratis:service=RaftServer,group=group-D5ED87507BEE,id=6aac6825-6315-492f-a276-36aac6db053d
2019-09-21 06:22:19,373 [pool-179-thread-1] INFO  util.JmxRegister (JmxRegister.java:tryRegister(44)) - Successfully registered JMX Bean with object name Ratis:service=RaftServer,group=group-D5ED87507BEE,id=83892d2d-e9b7-49c0-b549-dffeacc60cb4
2019-09-21 06:22:19,381 [RatisPipelineUtilsThread] INFO  pipeline.PipelineStateManager (PipelineStateManager.java:addPipeline(56)) - Created pipeline Pipeline[ Id: bd853c15-2373-45f1-9a67-d5ed87507bee, Nodes: 83892d2d-e9b7-49c0-b549-dffeacc60cb4{ip: 192.168.34.39, host: pr-hdds-2161-4k4xz-3364335222, networkLocation: /default-rack, certSerialId: null}05566752-5170-4d69-9924-e9bf2a8421eb{ip: 192.168.34.39, host: pr-hdds-2161-4k4xz-3364335222, networkLocation: /default-rack, certSerialId: null}6aac6825-6315-492f-a276-36aac6db053d{ip: 192.168.34.39, host: pr-hdds-2161-4k4xz-3364335222, networkLocation: /default-rack, certSerialId: null}, Type:RATIS, Factor:THREE, State:OPEN]
2019-09-21 06:22:19,681 [main] INFO  ozone.MiniOzoneClusterImpl (MiniOzoneClusterImpl.java:lambda$waitForClusterToBeReady$0(147)) - Cluster is ready. Got 7 of 7 DN Heartbeats.
2019-09-21 06:22:19,715 [main] INFO  rpc.RpcClient (RpcClient.java:createVolume(276)) - Creating Volume: watchforcommithandlingtest, with jenkins1000 as owner.
2019-09-21 06:22:19,718 [IPC Server handler 2 on 41894] INFO  volume.OMVolumeCreateRequest (OMVolumeCreateRequest.java:validateAndUpdateCache(189)) - created volume:watchforcommithandlingtest for user:jenkins1000
2019-09-21 06:22:19,739 [main] INFO  rpc.RpcClient (RpcClient.java:createBucket(415)) - Creating Bucket: watchforcommithandlingtest/watchforcommithandlingtest, with Versioning false and Storage Type set to DISK and Encryption set to false 
2019-09-21 06:22:19,744 [main] INFO  ozone.MiniOzoneClusterImpl (MiniOzoneClusterImpl.java:getStorageContainerLocationClient(234)) - Creating StorageContainerLocationProtocol RPC client with address /0.0.0.0:40827
2019-09-21 06:22:21,192 [Thread-1039] INFO  container.ReplicationManager (ReplicationManager.java:start(162)) - Starting Replication Monitor Thread.
2019-09-21 06:22:21,196 [ReplicationMonitor] INFO  container.ReplicationManager (ReplicationManager.java:run(225)) - Replication Monitor Thread took 0 milliseconds for processing 1 containers.
2019-09-21 06:22:23,505 [Thread-1041] INFO  impl.FollowerState (FollowerState.java:run(106)) - ad940cfb-76ca-446a-83ce-b40aef73eeae:group-8E92BD3D18E1 changes to CANDIDATE, lastRpcTime:5153, electionTimeout:5153ms
2019-09-21 06:22:23,506 [Thread-1041] INFO  impl.RoleInfo (RoleInfo.java:shutdownFollowerState(121)) - ad940cfb-76ca-446a-83ce-b40aef73eeae: shutdown FollowerState
2019-09-21 06:22:23,506 [Thread-1041] INFO  impl.RaftServerImpl (RaftServerImpl.java:setRole(174)) - ad940cfb-76ca-446a-83ce-b40aef73eeae@group-8E92BD3D18E1: changes role from  FOLLOWER to CANDIDATE at term 0 for changeToCandidate
2019-09-21 06:22:23,506 [Thread-1041] INFO  impl.RoleInfo (RoleInfo.java:updateAndGet(143)) - ad940cfb-76ca-446a-83ce-b40aef73eeae: start LeaderElection
2019-09-21 06:22:23,562 [ad940cfb-76ca-446a-83ce-b40aef73eeae@group-8E92BD3D18E1:LeaderElection44] INFO  impl.LeaderElection (LeaderElection.java:askForVotes(182)) - ad940cfb-76ca-446a-83ce-b40aef73eeae@group-8E92BD3D18E1:LeaderElection44: begin an election at term 1 for -1: [ad940cfb-76ca-446a-83ce-b40aef73eeae:192.168.34.39:44258], old=null
2019-09-21 06:22:23,562 [ad940cfb-76ca-446a-83ce-b40aef73eeae@group-8E92BD3D18E1:LeaderElection44] INFO  impl.RoleInfo (RoleInfo.java:shutdownLeaderElection(134)) - ad940cfb-76ca-446a-83ce-b40aef73eeae: shutdown LeaderElection
2019-09-21 06:22:23,562 [ad940cfb-76ca-446a-83ce-b40aef73eeae@group-8E92BD3D18E1:LeaderElection44] INFO  impl.RaftServerImpl (RaftServerImpl.java:setRole(174)) - ad940cfb-76ca-446a-83ce-b40aef73eeae@group-8E92BD3D18E1: changes role from CANDIDATE to LEADER at term 1 for changeToLeader
2019-09-21 06:22:23,562 [ad940cfb-76ca-446a-83ce-b40aef73eeae@group-8E92BD3D18E1:LeaderElection44] INFO  impl.RaftServerImpl (ServerState.java:setLeader(253)) - ad940cfb-76ca-446a-83ce-b40aef73eeae@group-8E92BD3D18E1: change Leader from null to ad940cfb-76ca-446a-83ce-b40aef73eeae at term 1 for becomeLeader, leader elected after 5225ms
2019-09-21 06:22:23,565 [ad940cfb-76ca-446a-83ce-b40aef73eeae@group-8E92BD3D18E1:LeaderElection44] INFO  server.RaftServerConfigKeys (ConfUtils.java:logGet(43)) - raft.server.staging.catchup.gap = 1000 (default)
2019-09-21 06:22:23,565 [ad940cfb-76ca-446a-83ce-b40aef73eeae@group-8E92BD3D18E1:LeaderElection44] INFO  server.RaftServerConfigKeys (ConfUtils.java:logGet(43)) - raft.server.rpc.sleep.time = 25ms (default)
2019-09-21 06:22:23,566 [ad940cfb-76ca-446a-83ce-b40aef73eeae@group-8E92BD3D18E1:LeaderElection44] INFO  server.RaftServerConfigKeys (ConfUtils.java:logGet(43)) - raft.server.write.element-limit = 4096 (default)
2019-09-21 06:22:23,566 [ad940cfb-76ca-446a-83ce-b40aef73eeae@group-8E92BD3D18E1:LeaderElection44] INFO  server.RaftServerConfigKeys (ConfUtils.java:logGet(43)) - raft.server.watch.timeout = 10s (default)
2019-09-21 06:22:23,566 [ad940cfb-76ca-446a-83ce-b40aef73eeae@group-8E92BD3D18E1:LeaderElection44] INFO  server.RaftServerConfigKeys (ConfUtils.java:logGet(43)) - raft.server.watch.timeout.denomination = 1s (default)
2019-09-21 06:22:23,566 [ad940cfb-76ca-446a-83ce-b40aef73eeae@group-8E92BD3D18E1:LeaderElection44] INFO  server.RaftServerConfigKeys (ConfUtils.java:logGet(43)) - raft.server.watch.element-limit = 65536 (default)
2019-09-21 06:22:23,570 [ad940cfb-76ca-446a-83ce-b40aef73eeae@group-8E92BD3D18E1:LeaderElection44] INFO  impl.RoleInfo (RoleInfo.java:updateAndGet(143)) - ad940cfb-76ca-446a-83ce-b40aef73eeae: start LeaderState
2019-09-21 06:22:23,571 [ad940cfb-76ca-446a-83ce-b40aef73eeae@group-8E92BD3D18E1:LeaderElection44] INFO  segmented.SegmentedRaftLogWorker (SegmentedRaftLogWorker.java:startLogSegment(380)) - ad940cfb-76ca-446a-83ce-b40aef73eeae@group-8E92BD3D18E1-SegmentedRaftLogWorker: Starting segment from index:0
2019-09-21 06:22:23,572 [ad940cfb-76ca-446a-83ce-b40aef73eeae@group-8E92BD3D18E1:LeaderElection44] INFO  impl.RaftServerImpl (ServerState.java:setRaftConf(354)) - ad940cfb-76ca-446a-83ce-b40aef73eeae@group-8E92BD3D18E1: set configuration 0: [ad940cfb-76ca-446a-83ce-b40aef73eeae:192.168.34.39:44258], old=null at 0
2019-09-21 06:22:23,659 [ad940cfb-76ca-446a-83ce-b40aef73eeae@group-8E92BD3D18E1-SegmentedRaftLogWorker] INFO  segmented.SegmentedRaftLogWorker (SegmentedRaftLogWorker.java:execute(569)) - ad940cfb-76ca-446a-83ce-b40aef73eeae@group-8E92BD3D18E1-SegmentedRaftLogWorker: created new log segment /workdir/hadoop-ozone/integration-test/target/test-dir/MiniOzoneClusterImpl-44f2a915-f03c-4a1f-87d6-926dbf9969ca/datanode-0/data/ratis/9b9e24e1-8c27-40e0-9c57-8e92bd3d18e1/current/log_inprogress_0
2019-09-21 06:22:23,774 [Thread-1044] INFO  impl.FollowerState (FollowerState.java:run(106)) - 05566752-5170-4d69-9924-e9bf2a8421eb:group-0431E2408AD7 changes to CANDIDATE, lastRpcTime:5198, electionTimeout:5198ms
2019-09-21 06:22:23,774 [Thread-1044] INFO  impl.RoleInfo (RoleInfo.java:shutdownFollowerState(121)) - 05566752-5170-4d69-9924-e9bf2a8421eb: shutdown FollowerState
2019-09-21 06:22:23,774 [Thread-1044] INFO  impl.RaftServerImpl (RaftServerImpl.java:setRole(174)) - 05566752-5170-4d69-9924-e9bf2a8421eb@group-0431E2408AD7: changes role from  FOLLOWER to CANDIDATE at term 0 for changeToCandidate
2019-09-21 06:22:23,774 [Thread-1044] INFO  impl.RoleInfo (RoleInfo.java:updateAndGet(143)) - 05566752-5170-4d69-9924-e9bf2a8421eb: start LeaderElection
2019-09-21 06:22:23,797 [Thread-1047] INFO  impl.FollowerState (FollowerState.java:run(106)) - aed56d9b-d955-4087-a3ae-cfa25e80d872:group-883BC62D5F84 changes to CANDIDATE, lastRpcTime:5082, electionTimeout:5082ms
2019-09-21 06:22:23,797 [Thread-1047] INFO  impl.RoleInfo (RoleInfo.java:shutdownFollowerState(121)) - aed56d9b-d955-4087-a3ae-cfa25e80d872: shutdown FollowerState
2019-09-21 06:22:23,797 [Thread-1047] INFO  impl.RaftServerImpl (RaftServerImpl.java:setRole(174)) - aed56d9b-d955-4087-a3ae-cfa25e80d872@group-883BC62D5F84: changes role from  FOLLOWER to CANDIDATE at term 0 for changeToCandidate
2019-09-21 06:22:23,797 [Thread-1047] INFO  impl.RoleInfo (RoleInfo.java:updateAndGet(143)) - aed56d9b-d955-4087-a3ae-cfa25e80d872: start LeaderElection
2019-09-21 06:22:23,817 [aed56d9b-d955-4087-a3ae-cfa25e80d872@group-883BC62D5F84:LeaderElection46] INFO  impl.LeaderElection (LeaderElection.java:askForVotes(182)) - aed56d9b-d955-4087-a3ae-cfa25e80d872@group-883BC62D5F84:LeaderElection46: begin an election at term 1 for -1: [aed56d9b-d955-4087-a3ae-cfa25e80d872:192.168.34.39:33403], old=null
2019-09-21 06:22:23,817 [05566752-5170-4d69-9924-e9bf2a8421eb@group-0431E2408AD7:LeaderElection45] INFO  impl.LeaderElection (LeaderElection.java:askForVotes(182)) - 05566752-5170-4d69-9924-e9bf2a8421eb@group-0431E2408AD7:LeaderElection45: begin an election at term 1 for -1: [05566752-5170-4d69-9924-e9bf2a8421eb:192.168.34.39:36260], old=null
2019-09-21 06:22:23,817 [aed56d9b-d955-4087-a3ae-cfa25e80d872@group-883BC62D5F84:LeaderElection46] INFO  impl.RoleInfo (RoleInfo.java:shutdownLeaderElection(134)) - aed56d9b-d955-4087-a3ae-cfa25e80d872: shutdown LeaderElection
2019-09-21 06:22:23,817 [05566752-5170-4d69-9924-e9bf2a8421eb@group-0431E2408AD7:LeaderElection45] INFO  impl.RoleInfo (RoleInfo.java:shutdownLeaderElection(134)) - 05566752-5170-4d69-9924-e9bf2a8421eb: shutdown LeaderElection
2019-09-21 06:22:23,817 [aed56d9b-d955-4087-a3ae-cfa25e80d872@group-883BC62D5F84:LeaderElection46] INFO  impl.RaftServerImpl (RaftServerImpl.java:setRole(174)) - aed56d9b-d955-4087-a3ae-cfa25e80d872@group-883BC62D5F84: changes role from CANDIDATE to LEADER at term 1 for changeToLeader
2019-09-21 06:22:23,818 [05566752-5170-4d69-9924-e9bf2a8421eb@group-0431E2408AD7:LeaderElection45] INFO  impl.RaftServerImpl (RaftServerImpl.java:setRole(174)) - 05566752-5170-4d69-9924-e9bf2a8421eb@group-0431E2408AD7: changes role from CANDIDATE to LEADER at term 1 for changeToLeader
2019-09-21 06:22:23,818 [aed56d9b-d955-4087-a3ae-cfa25e80d872@group-883BC62D5F84:LeaderElection46] INFO  impl.RaftServerImpl (ServerState.java:setLeader(253)) - aed56d9b-d955-4087-a3ae-cfa25e80d872@group-883BC62D5F84: change Leader from null to aed56d9b-d955-4087-a3ae-cfa25e80d872 at term 1 for becomeLeader, leader elected after 5112ms
2019-09-21 06:22:23,818 [05566752-5170-4d69-9924-e9bf2a8421eb@group-0431E2408AD7:LeaderElection45] INFO  impl.RaftServerImpl (ServerState.java:setLeader(253)) - 05566752-5170-4d69-9924-e9bf2a8421eb@group-0431E2408AD7: change Leader from null to 05566752-5170-4d69-9924-e9bf2a8421eb at term 1 for becomeLeader, leader elected after 5252ms
2019-09-21 06:22:23,820 [aed56d9b-d955-4087-a3ae-cfa25e80d872@group-883BC62D5F84:LeaderElection46] INFO  server.RaftServerConfigKeys (ConfUtils.java:logGet(43)) - raft.server.staging.catchup.gap = 1000 (default)
2019-09-21 06:22:23,823 [05566752-5170-4d69-9924-e9bf2a8421eb@group-0431E2408AD7:LeaderElection45] INFO  server.RaftServerConfigKeys (ConfUtils.java:logGet(43)) - raft.server.staging.catchup.gap = 1000 (default)
2019-09-21 06:22:23,823 [aed56d9b-d955-4087-a3ae-cfa25e80d872@group-883BC62D5F84:LeaderElection46] INFO  server.RaftServerConfigKeys (ConfUtils.java:logGet(43)) - raft.server.rpc.sleep.time = 25ms (default)
2019-09-21 06:22:23,823 [05566752-5170-4d69-9924-e9bf2a8421eb@group-0431E2408AD7:LeaderElection45] INFO  server.RaftServerConfigKeys (ConfUtils.java:logGet(43)) - raft.server.rpc.sleep.time = 25ms (default)
2019-09-21 06:22:23,823 [aed56d9b-d955-4087-a3ae-cfa25e80d872@group-883BC62D5F84:LeaderElection46] INFO  server.RaftServerConfigKeys (ConfUtils.java:logGet(43)) - raft.server.write.element-limit = 4096 (default)
2019-09-21 06:22:23,823 [05566752-5170-4d69-9924-e9bf2a8421eb@group-0431E2408AD7:LeaderElection45] INFO  server.RaftServerConfigKeys (ConfUtils.java:logGet(43)) - raft.server.write.element-limit = 4096 (default)
2019-09-21 06:22:23,824 [aed56d9b-d955-4087-a3ae-cfa25e80d872@group-883BC62D5F84:LeaderElection46] INFO  server.RaftServerConfigKeys (ConfUtils.java:logGet(43)) - raft.server.watch.timeout = 10s (default)
2019-09-21 06:22:23,824 [05566752-5170-4d69-9924-e9bf2a8421eb@group-0431E2408AD7:LeaderElection45] INFO  server.RaftServerConfigKeys (ConfUtils.java:logGet(43)) - raft.server.watch.timeout = 10s (default)
2019-09-21 06:22:23,824 [aed56d9b-d955-4087-a3ae-cfa25e80d872@group-883BC62D5F84:LeaderElection46] INFO  server.RaftServerConfigKeys (ConfUtils.java:logGet(43)) - raft.server.watch.timeout.denomination = 1s (default)
2019-09-21 06:22:23,824 [05566752-5170-4d69-9924-e9bf2a8421eb@group-0431E2408AD7:LeaderElection45] INFO  server.RaftServerConfigKeys (ConfUtils.java:logGet(43)) - raft.server.watch.timeout.denomination = 1s (default)
2019-09-21 06:22:23,824 [aed56d9b-d955-4087-a3ae-cfa25e80d872@group-883BC62D5F84:LeaderElection46] INFO  server.RaftServerConfigKeys (ConfUtils.java:logGet(43)) - raft.server.watch.element-limit = 65536 (default)
2019-09-21 06:22:23,824 [05566752-5170-4d69-9924-e9bf2a8421eb@group-0431E2408AD7:LeaderElection45] INFO  server.RaftServerConfigKeys (ConfUtils.java:logGet(43)) - raft.server.watch.element-limit = 65536 (default)
2019-09-21 06:22:23,828 [aed56d9b-d955-4087-a3ae-cfa25e80d872@group-883BC62D5F84:LeaderElection46] INFO  impl.RoleInfo (RoleInfo.java:updateAndGet(143)) - aed56d9b-d955-4087-a3ae-cfa25e80d872: start LeaderState
2019-09-21 06:22:23,828 [05566752-5170-4d69-9924-e9bf2a8421eb@group-0431E2408AD7:LeaderElection45] INFO  impl.RoleInfo (RoleInfo.java:updateAndGet(143)) - 05566752-5170-4d69-9924-e9bf2a8421eb: start LeaderState
2019-09-21 06:22:23,828 [aed56d9b-d955-4087-a3ae-cfa25e80d872@group-883BC62D5F84:LeaderElection46] INFO  segmented.SegmentedRaftLogWorker (SegmentedRaftLogWorker.java:startLogSegment(380)) - aed56d9b-d955-4087-a3ae-cfa25e80d872@group-883BC62D5F84-SegmentedRaftLogWorker: Starting segment from index:0
2019-09-21 06:22:23,829 [05566752-5170-4d69-9924-e9bf2a8421eb@group-0431E2408AD7:LeaderElection45] INFO  segmented.SegmentedRaftLogWorker (SegmentedRaftLogWorker.java:startLogSegment(380)) - 05566752-5170-4d69-9924-e9bf2a8421eb@group-0431E2408AD7-SegmentedRaftLogWorker: Starting segment from index:0
2019-09-21 06:22:23,829 [aed56d9b-d955-4087-a3ae-cfa25e80d872@group-883BC62D5F84:LeaderElection46] INFO  impl.RaftServerImpl (ServerState.java:setRaftConf(354)) - aed56d9b-d955-4087-a3ae-cfa25e80d872@group-883BC62D5F84: set configuration 0: [aed56d9b-d955-4087-a3ae-cfa25e80d872:192.168.34.39:33403], old=null at 0
2019-09-21 06:22:23,830 [05566752-5170-4d69-9924-e9bf2a8421eb@group-0431E2408AD7:LeaderElection45] INFO  impl.RaftServerImpl (ServerState.java:setRaftConf(354)) - 05566752-5170-4d69-9924-e9bf2a8421eb@group-0431E2408AD7: set configuration 0: [05566752-5170-4d69-9924-e9bf2a8421eb:192.168.34.39:36260], old=null at 0
2019-09-21 06:22:23,869 [aed56d9b-d955-4087-a3ae-cfa25e80d872@group-883BC62D5F84-SegmentedRaftLogWorker] INFO  segmented.SegmentedRaftLogWorker (SegmentedRaftLogWorker.java:execute(569)) - aed56d9b-d955-4087-a3ae-cfa25e80d872@group-883BC62D5F84-SegmentedRaftLogWorker: created new log segment /workdir/hadoop-ozone/integration-test/target/test-dir/MiniOzoneClusterImpl-44f2a915-f03c-4a1f-87d6-926dbf9969ca/datanode-1/data/ratis/265c5087-e06a-471e-a344-883bc62d5f84/current/log_inprogress_0
2019-09-21 06:22:23,871 [05566752-5170-4d69-9924-e9bf2a8421eb@group-0431E2408AD7-SegmentedRaftLogWorker] INFO  segmented.SegmentedRaftLogWorker (SegmentedRaftLogWorker.java:execute(569)) - 05566752-5170-4d69-9924-e9bf2a8421eb@group-0431E2408AD7-SegmentedRaftLogWorker: created new log segment /workdir/hadoop-ozone/integration-test/target/test-dir/MiniOzoneClusterImpl-44f2a915-f03c-4a1f-87d6-926dbf9969ca/datanode-3/data/ratis/ae8b07e5-c0a4-44a3-b4f3-0431e2408ad7/current/log_inprogress_0
2019-09-21 06:22:23,881 [Thread-1050] INFO  impl.FollowerState (FollowerState.java:run(106)) - aecaab51-a45a-4dd7-afa3-a55df907d35c:group-E82AFD05E57C changes to CANDIDATE, lastRpcTime:5060, electionTimeout:5060ms
2019-09-21 06:22:23,882 [Thread-1050] INFO  impl.RoleInfo (RoleInfo.java:shutdownFollowerState(121)) - aecaab51-a45a-4dd7-afa3-a55df907d35c: shutdown FollowerState
2019-09-21 06:22:23,882 [Thread-1050] INFO  impl.RaftServerImpl (RaftServerImpl.java:setRole(174)) - aecaab51-a45a-4dd7-afa3-a55df907d35c@group-E82AFD05E57C: changes role from  FOLLOWER to CANDIDATE at term 0 for changeToCandidate
2019-09-21 06:22:23,882 [Thread-1050] INFO  impl.RoleInfo (RoleInfo.java:updateAndGet(143)) - aecaab51-a45a-4dd7-afa3-a55df907d35c: start LeaderElection
2019-09-21 06:22:23,908 [aecaab51-a45a-4dd7-afa3-a55df907d35c@group-E82AFD05E57C:LeaderElection47] INFO  impl.LeaderElection (LeaderElection.java:askForVotes(182)) - aecaab51-a45a-4dd7-afa3-a55df907d35c@group-E82AFD05E57C:LeaderElection47: begin an election at term 1 for -1: [aecaab51-a45a-4dd7-afa3-a55df907d35c:192.168.34.39:38808], old=null
2019-09-21 06:22:23,908 [aecaab51-a45a-4dd7-afa3-a55df907d35c@group-E82AFD05E57C:LeaderElection47] INFO  impl.RoleInfo (RoleInfo.java:shutdownLeaderElection(134)) - aecaab51-a45a-4dd7-afa3-a55df907d35c: shutdown LeaderElection
2019-09-21 06:22:23,908 [aecaab51-a45a-4dd7-afa3-a55df907d35c@group-E82AFD05E57C:LeaderElection47] INFO  impl.RaftServerImpl (RaftServerImpl.java:setRole(174)) - aecaab51-a45a-4dd7-afa3-a55df907d35c@group-E82AFD05E57C: changes role from CANDIDATE to LEADER at term 1 for changeToLeader
2019-09-21 06:22:23,908 [aecaab51-a45a-4dd7-afa3-a55df907d35c@group-E82AFD05E57C:LeaderElection47] INFO  impl.RaftServerImpl (ServerState.java:setLeader(253)) - aecaab51-a45a-4dd7-afa3-a55df907d35c@group-E82AFD05E57C: change Leader from null to aecaab51-a45a-4dd7-afa3-a55df907d35c at term 1 for becomeLeader, leader elected after 5095ms
2019-09-21 06:22:23,911 [aecaab51-a45a-4dd7-afa3-a55df907d35c@group-E82AFD05E57C:LeaderElection47] INFO  server.RaftServerConfigKeys (ConfUtils.java:logGet(43)) - raft.server.staging.catchup.gap = 1000 (default)
2019-09-21 06:22:23,911 [aecaab51-a45a-4dd7-afa3-a55df907d35c@group-E82AFD05E57C:LeaderElection47] INFO  server.RaftServerConfigKeys (ConfUtils.java:logGet(43)) - raft.server.rpc.sleep.time = 25ms (default)
2019-09-21 06:22:23,911 [aecaab51-a45a-4dd7-afa3-a55df907d35c@group-E82AFD05E57C:LeaderElection47] INFO  server.RaftServerConfigKeys (ConfUtils.java:logGet(43)) - raft.server.write.element-limit = 4096 (default)
2019-09-21 06:22:23,911 [aecaab51-a45a-4dd7-afa3-a55df907d35c@group-E82AFD05E57C:LeaderElection47] INFO  server.RaftServerConfigKeys (ConfUtils.java:logGet(43)) - raft.server.watch.timeout = 10s (default)
2019-09-21 06:22:23,911 [aecaab51-a45a-4dd7-afa3-a55df907d35c@group-E82AFD05E57C:LeaderElection47] INFO  server.RaftServerConfigKeys (ConfUtils.java:logGet(43)) - raft.server.watch.timeout.denomination = 1s (default)
2019-09-21 06:22:23,912 [aecaab51-a45a-4dd7-afa3-a55df907d35c@group-E82AFD05E57C:LeaderElection47] INFO  server.RaftServerConfigKeys (ConfUtils.java:logGet(43)) - raft.server.watch.element-limit = 65536 (default)
2019-09-21 06:22:23,915 [aecaab51-a45a-4dd7-afa3-a55df907d35c@group-E82AFD05E57C:LeaderElection47] INFO  impl.RoleInfo (RoleInfo.java:updateAndGet(143)) - aecaab51-a45a-4dd7-afa3-a55df907d35c: start LeaderState
2019-09-21 06:22:23,915 [aecaab51-a45a-4dd7-afa3-a55df907d35c@group-E82AFD05E57C:LeaderElection47] INFO  segmented.SegmentedRaftLogWorker (SegmentedRaftLogWorker.java:startLogSegment(380)) - aecaab51-a45a-4dd7-afa3-a55df907d35c@group-E82AFD05E57C-SegmentedRaftLogWorker: Starting segment from index:0
2019-09-21 06:22:23,915 [aecaab51-a45a-4dd7-afa3-a55df907d35c@group-E82AFD05E57C:LeaderElection47] INFO  impl.RaftServerImpl (ServerState.java:setRaftConf(354)) - aecaab51-a45a-4dd7-afa3-a55df907d35c@group-E82AFD05E57C: set configuration 0: [aecaab51-a45a-4dd7-afa3-a55df907d35c:192.168.34.39:38808], old=null at 0
2019-09-21 06:22:23,952 [aecaab51-a45a-4dd7-afa3-a55df907d35c@group-E82AFD05E57C-SegmentedRaftLogWorker] INFO  segmented.SegmentedRaftLogWorker (SegmentedRaftLogWorker.java:execute(569)) - aecaab51-a45a-4dd7-afa3-a55df907d35c@group-E82AFD05E57C-SegmentedRaftLogWorker: created new log segment /workdir/hadoop-ozone/integration-test/target/test-dir/MiniOzoneClusterImpl-44f2a915-f03c-4a1f-87d6-926dbf9969ca/datanode-2/data/ratis/d56bc5f5-6625-4985-9ec3-e82afd05e57c/current/log_inprogress_0
2019-09-21 06:22:24,076 [Thread-1056] INFO  impl.FollowerState (FollowerState.java:run(106)) - 6aac6825-6315-492f-a276-36aac6db053d:group-8639210B53FE changes to CANDIDATE, lastRpcTime:5067, electionTimeout:5067ms
2019-09-21 06:22:24,076 [Thread-1056] INFO  impl.RoleInfo (RoleInfo.java:shutdownFollowerState(121)) - 6aac6825-6315-492f-a276-36aac6db053d: shutdown FollowerState
2019-09-21 06:22:24,076 [Thread-1056] INFO  impl.RaftServerImpl (RaftServerImpl.java:setRole(174)) - 6aac6825-6315-492f-a276-36aac6db053d@group-8639210B53FE: changes role from  FOLLOWER to CANDIDATE at term 0 for changeToCandidate
2019-09-21 06:22:24,077 [Thread-1056] INFO  impl.RoleInfo (RoleInfo.java:updateAndGet(143)) - 6aac6825-6315-492f-a276-36aac6db053d: start LeaderElection
2019-09-21 06:22:24,110 [6aac6825-6315-492f-a276-36aac6db053d@group-8639210B53FE:LeaderElection48] INFO  impl.LeaderElection (LeaderElection.java:askForVotes(182)) - 6aac6825-6315-492f-a276-36aac6db053d@group-8639210B53FE:LeaderElection48: begin an election at term 1 for -1: [6aac6825-6315-492f-a276-36aac6db053d:192.168.34.39:46020], old=null
2019-09-21 06:22:24,110 [6aac6825-6315-492f-a276-36aac6db053d@group-8639210B53FE:LeaderElection48] INFO  impl.RoleInfo (RoleInfo.java:shutdownLeaderElection(134)) - 6aac6825-6315-492f-a276-36aac6db053d: shutdown LeaderElection
2019-09-21 06:22:24,111 [6aac6825-6315-492f-a276-36aac6db053d@group-8639210B53FE:LeaderElection48] INFO  impl.RaftServerImpl (RaftServerImpl.java:setRole(174)) - 6aac6825-6315-492f-a276-36aac6db053d@group-8639210B53FE: changes role from CANDIDATE to LEADER at term 1 for changeToLeader
2019-09-21 06:22:24,111 [6aac6825-6315-492f-a276-36aac6db053d@group-8639210B53FE:LeaderElection48] INFO  impl.RaftServerImpl (ServerState.java:setLeader(253)) - 6aac6825-6315-492f-a276-36aac6db053d@group-8639210B53FE: change Leader from null to 6aac6825-6315-492f-a276-36aac6db053d at term 1 for becomeLeader, leader elected after 5111ms
2019-09-21 06:22:24,113 [6aac6825-6315-492f-a276-36aac6db053d@group-8639210B53FE:LeaderElection48] INFO  server.RaftServerConfigKeys (ConfUtils.java:logGet(43)) - raft.server.staging.catchup.gap = 1000 (default)
2019-09-21 06:22:24,114 [6aac6825-6315-492f-a276-36aac6db053d@group-8639210B53FE:LeaderElection48] INFO  server.RaftServerConfigKeys (ConfUtils.java:logGet(43)) - raft.server.rpc.sleep.time = 25ms (default)
2019-09-21 06:22:24,114 [6aac6825-6315-492f-a276-36aac6db053d@group-8639210B53FE:LeaderElection48] INFO  server.RaftServerConfigKeys (ConfUtils.java:logGet(43)) - raft.server.write.element-limit = 4096 (default)
2019-09-21 06:22:24,114 [6aac6825-6315-492f-a276-36aac6db053d@group-8639210B53FE:LeaderElection48] INFO  server.RaftServerConfigKeys (ConfUtils.java:logGet(43)) - raft.server.watch.timeout = 10s (default)
2019-09-21 06:22:24,114 [6aac6825-6315-492f-a276-36aac6db053d@group-8639210B53FE:LeaderElection48] INFO  server.RaftServerConfigKeys (ConfUtils.java:logGet(43)) - raft.server.watch.timeout.denomination = 1s (default)
2019-09-21 06:22:24,114 [6aac6825-6315-492f-a276-36aac6db053d@group-8639210B53FE:LeaderElection48] INFO  server.RaftServerConfigKeys (ConfUtils.java:logGet(43)) - raft.server.watch.element-limit = 65536 (default)
2019-09-21 06:22:24,117 [6aac6825-6315-492f-a276-36aac6db053d@group-8639210B53FE:LeaderElection48] INFO  impl.RoleInfo (RoleInfo.java:updateAndGet(143)) - 6aac6825-6315-492f-a276-36aac6db053d: start LeaderState
2019-09-21 06:22:24,117 [6aac6825-6315-492f-a276-36aac6db053d@group-8639210B53FE:LeaderElection48] INFO  segmented.SegmentedRaftLogWorker (SegmentedRaftLogWorker.java:startLogSegment(380)) - 6aac6825-6315-492f-a276-36aac6db053d@group-8639210B53FE-SegmentedRaftLogWorker: Starting segment from index:0
2019-09-21 06:22:24,118 [6aac6825-6315-492f-a276-36aac6db053d@group-8639210B53FE:LeaderElection48] INFO  impl.RaftServerImpl (ServerState.java:setRaftConf(354)) - 6aac6825-6315-492f-a276-36aac6db053d@group-8639210B53FE: set configuration 0: [6aac6825-6315-492f-a276-36aac6db053d:192.168.34.39:46020], old=null at 0
2019-09-21 06:22:24,146 [Thread-1053] INFO  impl.FollowerState (FollowerState.java:run(106)) - 83892d2d-e9b7-49c0-b549-dffeacc60cb4:group-0FC5E5512C87 changes to CANDIDATE, lastRpcTime:5220, electionTimeout:5196ms
2019-09-21 06:22:24,146 [Thread-1053] INFO  impl.RoleInfo (RoleInfo.java:shutdownFollowerState(121)) - 83892d2d-e9b7-49c0-b549-dffeacc60cb4: shutdown FollowerState
2019-09-21 06:22:24,146 [Thread-1053] INFO  impl.RaftServerImpl (RaftServerImpl.java:setRole(174)) - 83892d2d-e9b7-49c0-b549-dffeacc60cb4@group-0FC5E5512C87: changes role from  FOLLOWER to CANDIDATE at term 0 for changeToCandidate
2019-09-21 06:22:24,146 [Thread-1053] INFO  impl.RoleInfo (RoleInfo.java:updateAndGet(143)) - 83892d2d-e9b7-49c0-b549-dffeacc60cb4: start LeaderElection
2019-09-21 06:22:24,180 [6aac6825-6315-492f-a276-36aac6db053d@group-8639210B53FE-SegmentedRaftLogWorker] INFO  segmented.SegmentedRaftLogWorker (SegmentedRaftLogWorker.java:execute(569)) - 6aac6825-6315-492f-a276-36aac6db053d@group-8639210B53FE-SegmentedRaftLogWorker: created new log segment /workdir/hadoop-ozone/integration-test/target/test-dir/MiniOzoneClusterImpl-44f2a915-f03c-4a1f-87d6-926dbf9969ca/datanode-5/data/ratis/544aa414-6717-4125-a7a4-8639210b53fe/current/log_inprogress_0
2019-09-21 06:22:24,180 [83892d2d-e9b7-49c0-b549-dffeacc60cb4@group-0FC5E5512C87:LeaderElection49] INFO  impl.LeaderElection (LeaderElection.java:askForVotes(182)) - 83892d2d-e9b7-49c0-b549-dffeacc60cb4@group-0FC5E5512C87:LeaderElection49: begin an election at term 1 for -1: [83892d2d-e9b7-49c0-b549-dffeacc60cb4:192.168.34.39:35087], old=null
2019-09-21 06:22:24,180 [83892d2d-e9b7-49c0-b549-dffeacc60cb4@group-0FC5E5512C87:LeaderElection49] INFO  impl.RoleInfo (RoleInfo.java:shutdownLeaderElection(134)) - 83892d2d-e9b7-49c0-b549-dffeacc60cb4: shutdown LeaderElection
2019-09-21 06:22:24,181 [83892d2d-e9b7-49c0-b549-dffeacc60cb4@group-0FC5E5512C87:LeaderElection49] INFO  impl.RaftServerImpl (RaftServerImpl.java:setRole(174)) - 83892d2d-e9b7-49c0-b549-dffeacc60cb4@group-0FC5E5512C87: changes role from CANDIDATE to LEADER at term 1 for changeToLeader
2019-09-21 06:22:24,181 [83892d2d-e9b7-49c0-b549-dffeacc60cb4@group-0FC5E5512C87:LeaderElection49] INFO  impl.RaftServerImpl (ServerState.java:setLeader(253)) - 83892d2d-e9b7-49c0-b549-dffeacc60cb4@group-0FC5E5512C87: change Leader from null to 83892d2d-e9b7-49c0-b549-dffeacc60cb4 at term 1 for becomeLeader, leader elected after 5264ms
2019-09-21 06:22:24,183 [83892d2d-e9b7-49c0-b549-dffeacc60cb4@group-0FC5E5512C87:LeaderElection49] INFO  server.RaftServerConfigKeys (ConfUtils.java:logGet(43)) - raft.server.staging.catchup.gap = 1000 (default)
2019-09-21 06:22:24,183 [83892d2d-e9b7-49c0-b549-dffeacc60cb4@group-0FC5E5512C87:LeaderElection49] INFO  server.RaftServerConfigKeys (ConfUtils.java:logGet(43)) - raft.server.rpc.sleep.time = 25ms (default)
2019-09-21 06:22:24,184 [83892d2d-e9b7-49c0-b549-dffeacc60cb4@group-0FC5E5512C87:LeaderElection49] INFO  server.RaftServerConfigKeys (ConfUtils.java:logGet(43)) - raft.server.write.element-limit = 4096 (default)
2019-09-21 06:22:24,184 [83892d2d-e9b7-49c0-b549-dffeacc60cb4@group-0FC5E5512C87:LeaderElection49] INFO  server.RaftServerConfigKeys (ConfUtils.java:logGet(43)) - raft.server.watch.timeout = 10s (default)
2019-09-21 06:22:24,184 [83892d2d-e9b7-49c0-b549-dffeacc60cb4@group-0FC5E5512C87:LeaderElection49] INFO  server.RaftServerConfigKeys (ConfUtils.java:logGet(43)) - raft.server.watch.timeout.denomination = 1s (default)
2019-09-21 06:22:24,184 [83892d2d-e9b7-49c0-b549-dffeacc60cb4@group-0FC5E5512C87:LeaderElection49] INFO  server.RaftServerConfigKeys (ConfUtils.java:logGet(43)) - raft.server.watch.element-limit = 65536 (default)
2019-09-21 06:22:24,186 [83892d2d-e9b7-49c0-b549-dffeacc60cb4@group-0FC5E5512C87:LeaderElection49] INFO  impl.RoleInfo (RoleInfo.java:updateAndGet(143)) - 83892d2d-e9b7-49c0-b549-dffeacc60cb4: start LeaderState
2019-09-21 06:22:24,186 [83892d2d-e9b7-49c0-b549-dffeacc60cb4@group-0FC5E5512C87:LeaderElection49] INFO  segmented.SegmentedRaftLogWorker (SegmentedRaftLogWorker.java:startLogSegment(380)) - 83892d2d-e9b7-49c0-b549-dffeacc60cb4@group-0FC5E5512C87-SegmentedRaftLogWorker: Starting segment from index:0
2019-09-21 06:22:24,187 [83892d2d-e9b7-49c0-b549-dffeacc60cb4@group-0FC5E5512C87:LeaderElection49] INFO  impl.RaftServerImpl (ServerState.java:setRaftConf(354)) - 83892d2d-e9b7-49c0-b549-dffeacc60cb4@group-0FC5E5512C87: set configuration 0: [83892d2d-e9b7-49c0-b549-dffeacc60cb4:192.168.34.39:35087], old=null at 0
2019-09-21 06:22:24,282 [Thread-1067] INFO  impl.FollowerState (FollowerState.java:run(106)) - aed56d9b-d955-4087-a3ae-cfa25e80d872:group-FAE41C2CD621 changes to CANDIDATE, lastRpcTime:5040, electionTimeout:5040ms
2019-09-21 06:22:24,282 [Thread-1067] INFO  impl.RoleInfo (RoleInfo.java:shutdownFollowerState(121)) - aed56d9b-d955-4087-a3ae-cfa25e80d872: shutdown FollowerState
2019-09-21 06:22:24,283 [Thread-1067] INFO  impl.RaftServerImpl (RaftServerImpl.java:setRole(174)) - aed56d9b-d955-4087-a3ae-cfa25e80d872@group-FAE41C2CD621: changes role from  FOLLOWER to CANDIDATE at term 0 for changeToCandidate
2019-09-21 06:22:24,283 [Thread-1067] INFO  impl.RoleInfo (RoleInfo.java:updateAndGet(143)) - aed56d9b-d955-4087-a3ae-cfa25e80d872: start LeaderElection
2019-09-21 06:22:24,301 [83892d2d-e9b7-49c0-b549-dffeacc60cb4@group-0FC5E5512C87-SegmentedRaftLogWorker] INFO  segmented.SegmentedRaftLogWorker (SegmentedRaftLogWorker.java:execute(569)) - 83892d2d-e9b7-49c0-b549-dffeacc60cb4@group-0FC5E5512C87-SegmentedRaftLogWorker: created new log segment /workdir/hadoop-ozone/integration-test/target/test-dir/MiniOzoneClusterImpl-44f2a915-f03c-4a1f-87d6-926dbf9969ca/datanode-6/data/ratis/b7506ddb-4827-4211-b05b-0fc5e5512c87/current/log_inprogress_0
2019-09-21 06:22:24,302 [Thread-1059] INFO  impl.FollowerState (FollowerState.java:run(106)) - a01c398f-5c5c-487a-b3bd-f7d264ff853b:group-C4934017D758 changes to CANDIDATE, lastRpcTime:5195, electionTimeout:5195ms
2019-09-21 06:22:24,302 [Thread-1059] INFO  impl.RoleInfo (RoleInfo.java:shutdownFollowerState(121)) - a01c398f-5c5c-487a-b3bd-f7d264ff853b: shutdown FollowerState
2019-09-21 06:22:24,302 [Thread-1059] INFO  impl.RaftServerImpl (RaftServerImpl.java:setRole(174)) - a01c398f-5c5c-487a-b3bd-f7d264ff853b@group-C4934017D758: changes role from  FOLLOWER to CANDIDATE at term 0 for changeToCandidate
2019-09-21 06:22:24,302 [Thread-1059] INFO  impl.RoleInfo (RoleInfo.java:updateAndGet(143)) - a01c398f-5c5c-487a-b3bd-f7d264ff853b: start LeaderElection
2019-09-21 06:22:24,332 [a01c398f-5c5c-487a-b3bd-f7d264ff853b@group-C4934017D758:LeaderElection51] INFO  impl.LeaderElection (LeaderElection.java:askForVotes(182)) - a01c398f-5c5c-487a-b3bd-f7d264ff853b@group-C4934017D758:LeaderElection51: begin an election at term 1 for -1: [a01c398f-5c5c-487a-b3bd-f7d264ff853b:192.168.34.39:34657], old=null
2019-09-21 06:22:24,332 [aed56d9b-d955-4087-a3ae-cfa25e80d872@group-FAE41C2CD621:LeaderElection50] INFO  impl.LeaderElection (LeaderElection.java:askForVotes(182)) - aed56d9b-d955-4087-a3ae-cfa25e80d872@group-FAE41C2CD621:LeaderElection50: begin an election at term 1 for -1: [aed56d9b-d955-4087-a3ae-cfa25e80d872:192.168.34.39:33403, aecaab51-a45a-4dd7-afa3-a55df907d35c:192.168.34.39:38808, ad940cfb-76ca-446a-83ce-b40aef73eeae:192.168.34.39:44258], old=null
2019-09-21 06:22:24,333 [a01c398f-5c5c-487a-b3bd-f7d264ff853b@group-C4934017D758:LeaderElection51] INFO  impl.RoleInfo (RoleInfo.java:shutdownLeaderElection(134)) - a01c398f-5c5c-487a-b3bd-f7d264ff853b: shutdown LeaderElection
2019-09-21 06:22:24,333 [a01c398f-5c5c-487a-b3bd-f7d264ff853b@group-C4934017D758:LeaderElection51] INFO  impl.RaftServerImpl (RaftServerImpl.java:setRole(174)) - a01c398f-5c5c-487a-b3bd-f7d264ff853b@group-C4934017D758: changes role from CANDIDATE to LEADER at term 1 for changeToLeader
2019-09-21 06:22:24,333 [a01c398f-5c5c-487a-b3bd-f7d264ff853b@group-C4934017D758:LeaderElection51] INFO  impl.RaftServerImpl (ServerState.java:setLeader(253)) - a01c398f-5c5c-487a-b3bd-f7d264ff853b@group-C4934017D758: change Leader from null to a01c398f-5c5c-487a-b3bd-f7d264ff853b at term 1 for becomeLeader, leader elected after 5234ms
2019-09-21 06:22:24,341 [a01c398f-5c5c-487a-b3bd-f7d264ff853b@group-C4934017D758:LeaderElection51] INFO  server.RaftServerConfigKeys (ConfUtils.java:logGet(43)) - raft.server.staging.catchup.gap = 1000 (default)
2019-09-21 06:22:24,341 [a01c398f-5c5c-487a-b3bd-f7d264ff853b@group-C4934017D758:LeaderElection51] INFO  server.RaftServerConfigKeys (ConfUtils.java:logGet(43)) - raft.server.rpc.sleep.time = 25ms (default)
2019-09-21 06:22:24,341 [a01c398f-5c5c-487a-b3bd-f7d264ff853b@group-C4934017D758:LeaderElection51] INFO  server.RaftServerConfigKeys (ConfUtils.java:logGet(43)) - raft.server.write.element-limit = 4096 (default)
2019-09-21 06:22:24,342 [a01c398f-5c5c-487a-b3bd-f7d264ff853b@group-C4934017D758:LeaderElection51] INFO  server.RaftServerConfigKeys (ConfUtils.java:logGet(43)) - raft.server.watch.timeout = 10s (default)
2019-09-21 06:22:24,342 [a01c398f-5c5c-487a-b3bd-f7d264ff853b@group-C4934017D758:LeaderElection51] INFO  server.RaftServerConfigKeys (ConfUtils.java:logGet(43)) - raft.server.watch.timeout.denomination = 1s (default)
2019-09-21 06:22:24,342 [a01c398f-5c5c-487a-b3bd-f7d264ff853b@group-C4934017D758:LeaderElection51] INFO  server.RaftServerConfigKeys (ConfUtils.java:logGet(43)) - raft.server.watch.element-limit = 65536 (default)
2019-09-21 06:22:24,344 [a01c398f-5c5c-487a-b3bd-f7d264ff853b@group-C4934017D758:LeaderElection51] INFO  impl.RoleInfo (RoleInfo.java:updateAndGet(143)) - a01c398f-5c5c-487a-b3bd-f7d264ff853b: start LeaderState
2019-09-21 06:22:24,345 [a01c398f-5c5c-487a-b3bd-f7d264ff853b@group-C4934017D758:LeaderElection51] INFO  segmented.SegmentedRaftLogWorker (SegmentedRaftLogWorker.java:startLogSegment(380)) - a01c398f-5c5c-487a-b3bd-f7d264ff853b@group-C4934017D758-SegmentedRaftLogWorker: Starting segment from index:0
2019-09-21 06:22:24,345 [a01c398f-5c5c-487a-b3bd-f7d264ff853b@group-C4934017D758:LeaderElection51] INFO  impl.RaftServerImpl (ServerState.java:setRaftConf(354)) - a01c398f-5c5c-487a-b3bd-f7d264ff853b@group-C4934017D758: set configuration 0: [a01c398f-5c5c-487a-b3bd-f7d264ff853b:192.168.34.39:34657], old=null at 0
2019-09-21 06:22:24,383 [Thread-1062] INFO  impl.FollowerState (FollowerState.java:run(106)) - aecaab51-a45a-4dd7-afa3-a55df907d35c:group-FAE41C2CD621 changes to CANDIDATE, lastRpcTime:5150, electionTimeout:5139ms
2019-09-21 06:22:24,383 [Thread-1066] INFO  impl.FollowerState (FollowerState.java:run(106)) - ad940cfb-76ca-446a-83ce-b40aef73eeae:group-FAE41C2CD621 changes to CANDIDATE, lastRpcTime:5142, electionTimeout:5127ms
2019-09-21 06:22:24,383 [Thread-1062] INFO  impl.RoleInfo (RoleInfo.java:shutdownFollowerState(121)) - aecaab51-a45a-4dd7-afa3-a55df907d35c: shutdown FollowerState
2019-09-21 06:22:24,383 [Thread-1066] INFO  impl.RoleInfo (RoleInfo.java:shutdownFollowerState(121)) - ad940cfb-76ca-446a-83ce-b40aef73eeae: shutdown FollowerState
2019-09-21 06:22:24,383 [Thread-1062] INFO  impl.RaftServerImpl (RaftServerImpl.java:setRole(174)) - aecaab51-a45a-4dd7-afa3-a55df907d35c@group-FAE41C2CD621: changes role from  FOLLOWER to CANDIDATE at term 0 for changeToCandidate
2019-09-21 06:22:24,383 [Thread-1066] INFO  impl.RaftServerImpl (RaftServerImpl.java:setRole(174)) - ad940cfb-76ca-446a-83ce-b40aef73eeae@group-FAE41C2CD621: changes role from  FOLLOWER to CANDIDATE at term 0 for changeToCandidate
2019-09-21 06:22:24,384 [Thread-1062] INFO  impl.RoleInfo (RoleInfo.java:updateAndGet(143)) - aecaab51-a45a-4dd7-afa3-a55df907d35c: start LeaderElection
2019-09-21 06:22:24,384 [Thread-1066] INFO  impl.RoleInfo (RoleInfo.java:updateAndGet(143)) - ad940cfb-76ca-446a-83ce-b40aef73eeae: start LeaderElection
2019-09-21 06:22:24,386 [grpc-default-executor-0] INFO  impl.RaftServerImpl (RaftServerImpl.java:setRole(174)) - aecaab51-a45a-4dd7-afa3-a55df907d35c@group-FAE41C2CD621: changes role from CANDIDATE to FOLLOWER at term 1 for recognizeCandidate:aed56d9b-d955-4087-a3ae-cfa25e80d872
2019-09-21 06:22:24,386 [grpc-default-executor-4] INFO  impl.RaftServerImpl (RaftServerImpl.java:setRole(174)) - ad940cfb-76ca-446a-83ce-b40aef73eeae@group-FAE41C2CD621: changes role from CANDIDATE to FOLLOWER at term 1 for recognizeCandidate:aed56d9b-d955-4087-a3ae-cfa25e80d872
2019-09-21 06:22:24,387 [grpc-default-executor-0] INFO  impl.RoleInfo (RoleInfo.java:shutdownLeaderElection(134)) - aecaab51-a45a-4dd7-afa3-a55df907d35c: shutdown LeaderElection
2019-09-21 06:22:24,387 [grpc-default-executor-4] INFO  impl.RoleInfo (RoleInfo.java:shutdownLeaderElection(134)) - ad940cfb-76ca-446a-83ce-b40aef73eeae: shutdown LeaderElection
2019-09-21 06:22:24,387 [grpc-default-executor-0] INFO  impl.RoleInfo (RoleInfo.java:updateAndGet(143)) - aecaab51-a45a-4dd7-afa3-a55df907d35c: start FollowerState
2019-09-21 06:22:24,387 [grpc-default-executor-4] INFO  impl.RoleInfo (RoleInfo.java:updateAndGet(143)) - ad940cfb-76ca-446a-83ce-b40aef73eeae: start FollowerState
2019-09-21 06:22:24,389 [Thread-1075] INFO  impl.FollowerState (FollowerState.java:run(106)) - 6aac6825-6315-492f-a276-36aac6db053d:group-D5ED87507BEE changes to CANDIDATE, lastRpcTime:5016, electionTimeout:5016ms
2019-09-21 06:22:24,389 [Thread-1075] INFO  impl.RoleInfo (RoleInfo.java:shutdownFollowerState(121)) - 6aac6825-6315-492f-a276-36aac6db053d: shutdown FollowerState
2019-09-21 06:22:24,389 [Thread-1075] INFO  impl.RaftServerImpl (RaftServerImpl.java:setRole(174)) - 6aac6825-6315-492f-a276-36aac6db053d@group-D5ED87507BEE: changes role from  FOLLOWER to CANDIDATE at term 0 for changeToCandidate
2019-09-21 06:22:24,389 [Thread-1075] INFO  impl.RoleInfo (RoleInfo.java:updateAndGet(143)) - 6aac6825-6315-492f-a276-36aac6db053d: start LeaderElection
2019-09-21 06:22:24,418 [Thread-1076] INFO  impl.FollowerState (FollowerState.java:run(106)) - 83892d2d-e9b7-49c0-b549-dffeacc60cb4:group-D5ED87507BEE changes to CANDIDATE, lastRpcTime:5045, electionTimeout:5045ms
2019-09-21 06:22:24,418 [Thread-1076] INFO  impl.RoleInfo (RoleInfo.java:shutdownFollowerState(121)) - 83892d2d-e9b7-49c0-b549-dffeacc60cb4: shutdown FollowerState
2019-09-21 06:22:24,419 [a01c398f-5c5c-487a-b3bd-f7d264ff853b@group-C4934017D758-SegmentedRaftLogWorker] INFO  segmented.SegmentedRaftLogWorker (SegmentedRaftLogWorker.java:execute(569)) - a01c398f-5c5c-487a-b3bd-f7d264ff853b@group-C4934017D758-SegmentedRaftLogWorker: created new log segment /workdir/hadoop-ozone/integration-test/target/test-dir/MiniOzoneClusterImpl-44f2a915-f03c-4a1f-87d6-926dbf9969ca/datanode-4/data/ratis/9a579451-1b65-407e-9426-c4934017d758/current/log_inprogress_0
2019-09-21 06:22:24,419 [Thread-1076] INFO  impl.RaftServerImpl (RaftServerImpl.java:setRole(174)) - 83892d2d-e9b7-49c0-b549-dffeacc60cb4@group-D5ED87507BEE: changes role from  FOLLOWER to CANDIDATE at term 0 for changeToCandidate
2019-09-21 06:22:24,419 [6aac6825-6315-492f-a276-36aac6db053d@group-D5ED87507BEE:LeaderElection54] INFO  impl.LeaderElection (LeaderElection.java:askForVotes(182)) - 6aac6825-6315-492f-a276-36aac6db053d@group-D5ED87507BEE:LeaderElection54: begin an election at term 1 for -1: [83892d2d-e9b7-49c0-b549-dffeacc60cb4:192.168.34.39:35087, 05566752-5170-4d69-9924-e9bf2a8421eb:192.168.34.39:36260, 6aac6825-6315-492f-a276-36aac6db053d:192.168.34.39:46020], old=null
2019-09-21 06:22:24,419 [Thread-1076] INFO  impl.RoleInfo (RoleInfo.java:updateAndGet(143)) - 83892d2d-e9b7-49c0-b549-dffeacc60cb4: start LeaderElection
2019-09-21 06:22:24,425 [aed56d9b-d955-4087-a3ae-cfa25e80d872@group-FAE41C2CD621:LeaderElection50] INFO  impl.LeaderElection (LeaderElection.java:logAndReturn(56)) - aed56d9b-d955-4087-a3ae-cfa25e80d872@group-FAE41C2CD621:LeaderElection50: Election REJECTED; received 2 response(s) [aed56d9b-d955-4087-a3ae-cfa25e80d872<-aecaab51-a45a-4dd7-afa3-a55df907d35c#0:FAIL-t1, aed56d9b-d955-4087-a3ae-cfa25e80d872<-ad940cfb-76ca-446a-83ce-b40aef73eeae#0:FAIL-t1] and 0 exception(s); aed56d9b-d955-4087-a3ae-cfa25e80d872@group-FAE41C2CD621:t1, leader=null, voted=aed56d9b-d955-4087-a3ae-cfa25e80d872, raftlog=aed56d9b-d955-4087-a3ae-cfa25e80d872@group-FAE41C2CD621-SegmentedRaftLog:OPENED:c-1,f-1,i0, conf=-1: [aed56d9b-d955-4087-a3ae-cfa25e80d872:192.168.34.39:33403, aecaab51-a45a-4dd7-afa3-a55df907d35c:192.168.34.39:38808, ad940cfb-76ca-446a-83ce-b40aef73eeae:192.168.34.39:44258], old=null
2019-09-21 06:22:24,425 [aed56d9b-d955-4087-a3ae-cfa25e80d872@group-FAE41C2CD621:LeaderElection50] INFO  impl.RaftServerImpl (RaftServerImpl.java:setRole(174)) - aed56d9b-d955-4087-a3ae-cfa25e80d872@group-FAE41C2CD621: changes role from CANDIDATE to FOLLOWER at term 1 for DISCOVERED_A_NEW_TERM
2019-09-21 06:22:24,425 [aed56d9b-d955-4087-a3ae-cfa25e80d872@group-FAE41C2CD621:LeaderElection50] INFO  impl.RoleInfo (RoleInfo.java:shutdownLeaderElection(134)) - aed56d9b-d955-4087-a3ae-cfa25e80d872: shutdown LeaderElection
2019-09-21 06:22:24,425 [aed56d9b-d955-4087-a3ae-cfa25e80d872@group-FAE41C2CD621:LeaderElection50] INFO  impl.RoleInfo (RoleInfo.java:updateAndGet(143)) - aed56d9b-d955-4087-a3ae-cfa25e80d872: start FollowerState
2019-09-21 06:22:24,429 [grpc-default-executor-0] INFO  impl.RaftServerImpl (RaftServerImpl.java:setRole(174)) - 05566752-5170-4d69-9924-e9bf2a8421eb@group-D5ED87507BEE: changes role from  FOLLOWER to FOLLOWER at term 1 for recognizeCandidate:6aac6825-6315-492f-a276-36aac6db053d
2019-09-21 06:22:24,429 [grpc-default-executor-0] INFO  impl.RoleInfo (RoleInfo.java:shutdownFollowerState(121)) - 05566752-5170-4d69-9924-e9bf2a8421eb: shutdown FollowerState
2019-09-21 06:22:24,429 [grpc-default-executor-0] INFO  impl.RoleInfo (RoleInfo.java:updateAndGet(143)) - 05566752-5170-4d69-9924-e9bf2a8421eb: start FollowerState
2019-09-21 06:22:24,429 [Thread-1071] INFO  impl.FollowerState (FollowerState.java:run(115)) - 05566752-5170-4d69-9924-e9bf2a8421eb: FollowerState was interrupted: java.lang.InterruptedException: sleep interrupted
2019-09-21 06:22:24,483 [ad940cfb-76ca-446a-83ce-b40aef73eeae@group-FAE41C2CD621:LeaderElection53] INFO  impl.LeaderElection (LeaderElection.java:askForVotes(182)) - ad940cfb-76ca-446a-83ce-b40aef73eeae@group-FAE41C2CD621:LeaderElection53: begin an election at term 2 for -1: [aed56d9b-d955-4087-a3ae-cfa25e80d872:192.168.34.39:33403, aecaab51-a45a-4dd7-afa3-a55df907d35c:192.168.34.39:38808, ad940cfb-76ca-446a-83ce-b40aef73eeae:192.168.34.39:44258], old=null
2019-09-21 06:22:24,483 [aecaab51-a45a-4dd7-afa3-a55df907d35c@group-FAE41C2CD621:LeaderElection52] INFO  impl.LeaderElection (LeaderElection.java:askForVotes(182)) - aecaab51-a45a-4dd7-afa3-a55df907d35c@group-FAE41C2CD621:LeaderElection52: begin an election at term 2 for -1: [aed56d9b-d955-4087-a3ae-cfa25e80d872:192.168.34.39:33403, aecaab51-a45a-4dd7-afa3-a55df907d35c:192.168.34.39:38808, ad940cfb-76ca-446a-83ce-b40aef73eeae:192.168.34.39:44258], old=null
2019-09-21 06:22:24,483 [83892d2d-e9b7-49c0-b549-dffeacc60cb4@group-D5ED87507BEE:LeaderElection55] INFO  impl.LeaderElection (LeaderElection.java:askForVotes(182)) - 83892d2d-e9b7-49c0-b549-dffeacc60cb4@group-D5ED87507BEE:LeaderElection55: begin an election at term 1 for -1: [83892d2d-e9b7-49c0-b549-dffeacc60cb4:192.168.34.39:35087, 05566752-5170-4d69-9924-e9bf2a8421eb:192.168.34.39:36260, 6aac6825-6315-492f-a276-36aac6db053d:192.168.34.39:46020], old=null
2019-09-21 06:22:24,489 [ad940cfb-76ca-446a-83ce-b40aef73eeae@group-FAE41C2CD621:LeaderElection53] INFO  impl.LeaderElection (LeaderElection.java:logAndReturn(56)) - ad940cfb-76ca-446a-83ce-b40aef73eeae@group-FAE41C2CD621:LeaderElection53: Election REJECTED; received 0 response(s) [] and 0 exception(s); ad940cfb-76ca-446a-83ce-b40aef73eeae@group-FAE41C2CD621:t2, leader=null, voted=ad940cfb-76ca-446a-83ce-b40aef73eeae, raftlog=ad940cfb-76ca-446a-83ce-b40aef73eeae@group-FAE41C2CD621-SegmentedRaftLog:OPENED:c-1,f-1,i0, conf=-1: [aed56d9b-d955-4087-a3ae-cfa25e80d872:192.168.34.39:33403, aecaab51-a45a-4dd7-afa3-a55df907d35c:192.168.34.39:38808, ad940cfb-76ca-446a-83ce-b40aef73eeae:192.168.34.39:44258], old=null
2019-09-21 06:22:24,490 [6aac6825-6315-492f-a276-36aac6db053d@group-D5ED87507BEE:LeaderElection54] INFO  impl.LeaderElection (LeaderElection.java:logAndReturn(56)) - 6aac6825-6315-492f-a276-36aac6db053d@group-D5ED87507BEE:LeaderElection54: Election PASSED; received 2 response(s) [6aac6825-6315-492f-a276-36aac6db053d<-83892d2d-e9b7-49c0-b549-dffeacc60cb4#0:FAIL-t1, 6aac6825-6315-492f-a276-36aac6db053d<-05566752-5170-4d69-9924-e9bf2a8421eb#0:OK-t1] and 0 exception(s); 6aac6825-6315-492f-a276-36aac6db053d@group-D5ED87507BEE:t1, leader=null, voted=6aac6825-6315-492f-a276-36aac6db053d, raftlog=6aac6825-6315-492f-a276-36aac6db053d@group-D5ED87507BEE-SegmentedRaftLog:OPENED:c-1,f-1,i0, conf=-1: [83892d2d-e9b7-49c0-b549-dffeacc60cb4:192.168.34.39:35087, 05566752-5170-4d69-9924-e9bf2a8421eb:192.168.34.39:36260, 6aac6825-6315-492f-a276-36aac6db053d:192.168.34.39:46020], old=null
2019-09-21 06:22:24,490 [aecaab51-a45a-4dd7-afa3-a55df907d35c@group-FAE41C2CD621:LeaderElection52] INFO  impl.LeaderElection (LeaderElection.java:logAndReturn(56)) - aecaab51-a45a-4dd7-afa3-a55df907d35c@group-FAE41C2CD621:LeaderElection52: Election REJECTED; received 0 response(s) [] and 0 exception(s); aecaab51-a45a-4dd7-afa3-a55df907d35c@group-FAE41C2CD621:t2, leader=null, voted=aecaab51-a45a-4dd7-afa3-a55df907d35c, raftlog=aecaab51-a45a-4dd7-afa3-a55df907d35c@group-FAE41C2CD621-SegmentedRaftLog:OPENED:c-1,f-1,i0, conf=-1: [aed56d9b-d955-4087-a3ae-cfa25e80d872:192.168.34.39:33403, aecaab51-a45a-4dd7-afa3-a55df907d35c:192.168.34.39:38808, ad940cfb-76ca-446a-83ce-b40aef73eeae:192.168.34.39:44258], old=null
2019-09-21 06:22:24,490 [6aac6825-6315-492f-a276-36aac6db053d@group-D5ED87507BEE:LeaderElection54] INFO  impl.RoleInfo (RoleInfo.java:shutdownLeaderElection(134)) - 6aac6825-6315-492f-a276-36aac6db053d: shutdown LeaderElection
2019-09-21 06:22:24,490 [6aac6825-6315-492f-a276-36aac6db053d@group-D5ED87507BEE:LeaderElection54] INFO  impl.RaftServerImpl (RaftServerImpl.java:setRole(174)) - 6aac6825-6315-492f-a276-36aac6db053d@group-D5ED87507BEE: changes role from CANDIDATE to LEADER at term 1 for changeToLeader
2019-09-21 06:22:24,491 [6aac6825-6315-492f-a276-36aac6db053d@group-D5ED87507BEE:LeaderElection54] INFO  impl.RaftServerImpl (ServerState.java:setLeader(253)) - 6aac6825-6315-492f-a276-36aac6db053d@group-D5ED87507BEE: change Leader from null to 6aac6825-6315-492f-a276-36aac6db053d at term 1 for becomeLeader, leader elected after 5133ms
2019-09-21 06:22:24,491 [6aac6825-6315-492f-a276-36aac6db053d@group-D5ED87507BEE:LeaderElection54] INFO  server.RaftServerConfigKeys (ConfUtils.java:logGet(43)) - raft.server.staging.catchup.gap = 1000 (default)
2019-09-21 06:22:24,491 [6aac6825-6315-492f-a276-36aac6db053d@group-D5ED87507BEE:LeaderElection54] INFO  server.RaftServerConfigKeys (ConfUtils.java:logGet(43)) - raft.server.rpc.sleep.time = 25ms (default)
2019-09-21 06:22:24,491 [6aac6825-6315-492f-a276-36aac6db053d@group-D5ED87507BEE:LeaderElection54] INFO  server.RaftServerConfigKeys (ConfUtils.java:logGet(43)) - raft.server.write.element-limit = 4096 (default)
2019-09-21 06:22:24,491 [6aac6825-6315-492f-a276-36aac6db053d@group-D5ED87507BEE:LeaderElection54] INFO  server.RaftServerConfigKeys (ConfUtils.java:logGet(43)) - raft.server.watch.timeout = 10s (default)
2019-09-21 06:22:24,492 [6aac6825-6315-492f-a276-36aac6db053d@group-D5ED87507BEE:LeaderElection54] INFO  server.RaftServerConfigKeys (ConfUtils.java:logGet(43)) - raft.server.watch.timeout.denomination = 1s (default)
2019-09-21 06:22:24,492 [6aac6825-6315-492f-a276-36aac6db053d@group-D5ED87507BEE:LeaderElection54] INFO  server.RaftServerConfigKeys (ConfUtils.java:logGet(43)) - raft.server.watch.element-limit = 65536 (default)
2019-09-21 06:22:24,503 [grpc-default-executor-3] INFO  impl.RaftServerImpl (RaftServerImpl.java:setRole(174)) - aed56d9b-d955-4087-a3ae-cfa25e80d872@group-FAE41C2CD621: changes role from  FOLLOWER to FOLLOWER at term 2 for recognizeCandidate:aecaab51-a45a-4dd7-afa3-a55df907d35c
2019-09-21 06:22:24,504 [grpc-default-executor-3] INFO  impl.RoleInfo (RoleInfo.java:shutdownFollowerState(121)) - aed56d9b-d955-4087-a3ae-cfa25e80d872: shutdown FollowerState
2019-09-21 06:22:24,504 [grpc-default-executor-3] INFO  impl.RoleInfo (RoleInfo.java:updateAndGet(143)) - aed56d9b-d955-4087-a3ae-cfa25e80d872: start FollowerState
2019-09-21 06:22:24,507 [Thread-1118] INFO  impl.FollowerState (FollowerState.java:run(115)) - aed56d9b-d955-4087-a3ae-cfa25e80d872: FollowerState was interrupted: java.lang.InterruptedException: sleep interrupted
2019-09-21 06:22:24,512 [6aac6825-6315-492f-a276-36aac6db053d@group-D5ED87507BEE:LeaderElection54] INFO  server.RaftServerConfigKeys (ConfUtils.java:logGet(43)) - raft.server.log.appender.snapshot.chunk.size.max = 16MB (=16777216) (default)
2019-09-21 06:22:24,515 [6aac6825-6315-492f-a276-36aac6db053d@group-D5ED87507BEE:LeaderElection54] INFO  server.RaftServerConfigKeys (ConfUtils.java:logGet(43)) - raft.server.log.appender.buffer.byte-limit = 33554432 (custom)
2019-09-21 06:22:24,515 [6aac6825-6315-492f-a276-36aac6db053d@group-D5ED87507BEE:LeaderElection54] INFO  server.RaftServerConfigKeys (ConfUtils.java:logGet(43)) - raft.server.log.appender.buffer.element-limit = 1 (custom)
2019-09-21 06:22:24,516 [6aac6825-6315-492f-a276-36aac6db053d@group-D5ED87507BEE:LeaderElection54] INFO  grpc.GrpcConfigKeys$Server (ConfUtils.java:logGet(43)) - raft.grpc.server.leader.outstanding.appends.max = 128 (default)
2019-09-21 06:22:24,516 [6aac6825-6315-492f-a276-36aac6db053d@group-D5ED87507BEE:LeaderElection54] INFO  server.RaftServerConfigKeys (ConfUtils.java:logGet(43)) - raft.server.rpc.request.timeout = 3000ms (default)
2019-09-21 06:22:24,516 [6aac6825-6315-492f-a276-36aac6db053d@group-D5ED87507BEE:LeaderElection54] INFO  server.RaftServerConfigKeys (ConfUtils.java:logGet(43)) - raft.server.log.appender.install.snapshot.enabled = false (custom)
2019-09-21 06:22:24,516 [6aac6825-6315-492f-a276-36aac6db053d@group-D5ED87507BEE:LeaderElection54] INFO  server.RaftServerConfigKeys (ConfUtils.java:logGet(43)) - raft.server.log.appender.snapshot.chunk.size.max = 16MB (=16777216) (default)
2019-09-21 06:22:24,517 [6aac6825-6315-492f-a276-36aac6db053d@group-D5ED87507BEE:LeaderElection54] INFO  server.RaftServerConfigKeys (ConfUtils.java:logGet(43)) - raft.server.log.appender.buffer.byte-limit = 33554432 (custom)
2019-09-21 06:22:24,517 [6aac6825-6315-492f-a276-36aac6db053d@group-D5ED87507BEE:LeaderElection54] INFO  server.RaftServerConfigKeys (ConfUtils.java:logGet(43)) - raft.server.log.appender.buffer.element-limit = 1 (custom)
2019-09-21 06:22:24,517 [6aac6825-6315-492f-a276-36aac6db053d@group-D5ED87507BEE:LeaderElection54] INFO  grpc.GrpcConfigKeys$Server (ConfUtils.java:logGet(43)) - raft.grpc.server.leader.outstanding.appends.max = 128 (default)
2019-09-21 06:22:24,517 [6aac6825-6315-492f-a276-36aac6db053d@group-D5ED87507BEE:LeaderElection54] INFO  server.RaftServerConfigKeys (ConfUtils.java:logGet(43)) - raft.server.rpc.request.timeout = 3000ms (default)
2019-09-21 06:22:24,517 [6aac6825-6315-492f-a276-36aac6db053d@group-D5ED87507BEE:LeaderElection54] INFO  server.RaftServerConfigKeys (ConfUtils.java:logGet(43)) - raft.server.log.appender.install.snapshot.enabled = false (custom)
2019-09-21 06:22:24,518 [6aac6825-6315-492f-a276-36aac6db053d@group-D5ED87507BEE:LeaderElection54] INFO  impl.RoleInfo (RoleInfo.java:updateAndGet(143)) - 6aac6825-6315-492f-a276-36aac6db053d: start LeaderState
2019-09-21 06:22:24,518 [6aac6825-6315-492f-a276-36aac6db053d@group-D5ED87507BEE:LeaderElection54] INFO  segmented.SegmentedRaftLogWorker (SegmentedRaftLogWorker.java:startLogSegment(380)) - 6aac6825-6315-492f-a276-36aac6db053d@group-D5ED87507BEE-SegmentedRaftLogWorker: Starting segment from index:0
2019-09-21 06:22:24,519 [6aac6825-6315-492f-a276-36aac6db053d@group-D5ED87507BEE:LeaderElection54] INFO  impl.RaftServerImpl (ServerState.java:setRaftConf(354)) - 6aac6825-6315-492f-a276-36aac6db053d@group-D5ED87507BEE: set configuration 0: [83892d2d-e9b7-49c0-b549-dffeacc60cb4:192.168.34.39:35087, 05566752-5170-4d69-9924-e9bf2a8421eb:192.168.34.39:36260, 6aac6825-6315-492f-a276-36aac6db053d:192.168.34.39:46020], old=null at 0
2019-09-21 06:22:24,552 [grpc-default-executor-8] INFO  impl.RaftServerImpl (RaftServerImpl.java:requestVote(758)) - 6aac6825-6315-492f-a276-36aac6db053d@group-D5ED87507BEE-   LEADER: Withhold vote from candidate 83892d2d-e9b7-49c0-b549-dffeacc60cb4 with term 1. State: leader=6aac6825-6315-492f-a276-36aac6db053d, term=1, lastRpcElapsed=null
2019-09-21 06:22:24,556 [grpc-default-executor-9] INFO  impl.RaftServerImpl (ServerState.java:setLeader(253)) - 05566752-5170-4d69-9924-e9bf2a8421eb@group-D5ED87507BEE: change Leader from null to 6aac6825-6315-492f-a276-36aac6db053d at term 1 for appendEntries, leader elected after 5198ms
2019-09-21 06:22:24,556 [grpc-default-executor-8] INFO  impl.RaftServerImpl (RaftServerImpl.java:setRole(174)) - 83892d2d-e9b7-49c0-b549-dffeacc60cb4@group-D5ED87507BEE: changes role from CANDIDATE to FOLLOWER at term 1 for appendEntries
2019-09-21 06:22:24,556 [83892d2d-e9b7-49c0-b549-dffeacc60cb4@group-D5ED87507BEE:LeaderElection55] INFO  impl.LeaderElection (LeaderElection.java:logAndReturn(56)) - 83892d2d-e9b7-49c0-b549-dffeacc60cb4@group-D5ED87507BEE:LeaderElection55: Election REJECTED; received 2 response(s) [83892d2d-e9b7-49c0-b549-dffeacc60cb4<-05566752-5170-4d69-9924-e9bf2a8421eb#0:FAIL-t1, 83892d2d-e9b7-49c0-b549-dffeacc60cb4<-6aac6825-6315-492f-a276-36aac6db053d#0:FAIL-t1] and 0 exception(s); 83892d2d-e9b7-49c0-b549-dffeacc60cb4@group-D5ED87507BEE:t1, leader=null, voted=83892d2d-e9b7-49c0-b549-dffeacc60cb4, raftlog=83892d2d-e9b7-49c0-b549-dffeacc60cb4@group-D5ED87507BEE-SegmentedRaftLog:OPENED:c-1,f-1,i0, conf=-1: [83892d2d-e9b7-49c0-b549-dffeacc60cb4:192.168.34.39:35087, 05566752-5170-4d69-9924-e9bf2a8421eb:192.168.34.39:36260, 6aac6825-6315-492f-a276-36aac6db053d:192.168.34.39:46020], old=null
2019-09-21 06:22:24,556 [grpc-default-executor-8] INFO  impl.RoleInfo (RoleInfo.java:shutdownLeaderElection(134)) - 83892d2d-e9b7-49c0-b549-dffeacc60cb4: shutdown LeaderElection
2019-09-21 06:22:24,557 [grpc-default-executor-8] INFO  impl.RoleInfo (RoleInfo.java:updateAndGet(143)) - 83892d2d-e9b7-49c0-b549-dffeacc60cb4: start FollowerState
2019-09-21 06:22:24,557 [grpc-default-executor-8] INFO  impl.RaftServerImpl (ServerState.java:setLeader(253)) - 83892d2d-e9b7-49c0-b549-dffeacc60cb4@group-D5ED87507BEE: change Leader from null to 6aac6825-6315-492f-a276-36aac6db053d at term 1 for appendEntries, leader elected after 5199ms
2019-09-21 06:22:24,558 [grpc-default-executor-9] INFO  impl.RaftServerImpl (ServerState.java:setRaftConf(354)) - 05566752-5170-4d69-9924-e9bf2a8421eb@group-D5ED87507BEE: set configuration 0: [83892d2d-e9b7-49c0-b549-dffeacc60cb4:192.168.34.39:35087, 05566752-5170-4d69-9924-e9bf2a8421eb:192.168.34.39:36260, 6aac6825-6315-492f-a276-36aac6db053d:192.168.34.39:46020], old=null at 0
2019-09-21 06:22:24,559 [grpc-default-executor-8] INFO  impl.RaftServerImpl (ServerState.java:setRaftConf(354)) - 83892d2d-e9b7-49c0-b549-dffeacc60cb4@group-D5ED87507BEE: set configuration 0: [83892d2d-e9b7-49c0-b549-dffeacc60cb4:192.168.34.39:35087, 05566752-5170-4d69-9924-e9bf2a8421eb:192.168.34.39:36260, 6aac6825-6315-492f-a276-36aac6db053d:192.168.34.39:46020], old=null at 0
2019-09-21 06:22:24,559 [grpc-default-executor-9] INFO  segmented.SegmentedRaftLogWorker (SegmentedRaftLogWorker.java:startLogSegment(380)) - 05566752-5170-4d69-9924-e9bf2a8421eb@group-D5ED87507BEE-SegmentedRaftLogWorker: Starting segment from index:0
2019-09-21 06:22:24,559 [grpc-default-executor-8] INFO  segmented.SegmentedRaftLogWorker (SegmentedRaftLogWorker.java:startLogSegment(380)) - 83892d2d-e9b7-49c0-b549-dffeacc60cb4@group-D5ED87507BEE-SegmentedRaftLogWorker: Starting segment from index:0
2019-09-21 06:22:24,595 [6aac6825-6315-492f-a276-36aac6db053d@group-D5ED87507BEE-SegmentedRaftLogWorker] INFO  segmented.SegmentedRaftLogWorker (SegmentedRaftLogWorker.java:execute(569)) - 6aac6825-6315-492f-a276-36aac6db053d@group-D5ED87507BEE-SegmentedRaftLogWorker: created new log segment /workdir/hadoop-ozone/integration-test/target/test-dir/MiniOzoneClusterImpl-44f2a915-f03c-4a1f-87d6-926dbf9969ca/datanode-5/data/ratis/bd853c15-2373-45f1-9a67-d5ed87507bee/current/log_inprogress_0
2019-09-21 06:22:24,643 [05566752-5170-4d69-9924-e9bf2a8421eb@group-D5ED87507BEE-SegmentedRaftLogWorker] INFO  segmented.SegmentedRaftLogWorker (SegmentedRaftLogWorker.java:execute(569)) - 05566752-5170-4d69-9924-e9bf2a8421eb@group-D5ED87507BEE-SegmentedRaftLogWorker: created new log segment /workdir/hadoop-ozone/integration-test/target/test-dir/MiniOzoneClusterImpl-44f2a915-f03c-4a1f-87d6-926dbf9969ca/datanode-3/data/ratis/bd853c15-2373-45f1-9a67-d5ed87507bee/current/log_inprogress_0
2019-09-21 06:22:24,643 [83892d2d-e9b7-49c0-b549-dffeacc60cb4@group-D5ED87507BEE-SegmentedRaftLogWorker] INFO  segmented.SegmentedRaftLogWorker (SegmentedRaftLogWorker.java:execute(569)) - 83892d2d-e9b7-49c0-b549-dffeacc60cb4@group-D5ED87507BEE-SegmentedRaftLogWorker: created new log segment /workdir/hadoop-ozone/integration-test/target/test-dir/MiniOzoneClusterImpl-44f2a915-f03c-4a1f-87d6-926dbf9969ca/datanode-6/data/ratis/bd853c15-2373-45f1-9a67-d5ed87507bee/current/log_inprogress_0
2019-09-21 06:22:29,445 [Thread-1112] INFO  impl.FollowerState (FollowerState.java:run(106)) - aecaab51-a45a-4dd7-afa3-a55df907d35c:group-FAE41C2CD621 changes to CANDIDATE, lastRpcTime:5057, electionTimeout:5057ms
2019-09-21 06:22:29,446 [Thread-1112] INFO  impl.RoleInfo (RoleInfo.java:shutdownFollowerState(121)) - aecaab51-a45a-4dd7-afa3-a55df907d35c: shutdown FollowerState
2019-09-21 06:22:29,446 [Thread-1112] INFO  impl.RaftServerImpl (RaftServerImpl.java:setRole(174)) - aecaab51-a45a-4dd7-afa3-a55df907d35c@group-FAE41C2CD621: changes role from  FOLLOWER to CANDIDATE at term 2 for changeToCandidate
2019-09-21 06:22:29,446 [Thread-1112] INFO  impl.RoleInfo (RoleInfo.java:updateAndGet(143)) - aecaab51-a45a-4dd7-afa3-a55df907d35c: start LeaderElection
2019-09-21 06:22:29,508 [aecaab51-a45a-4dd7-afa3-a55df907d35c@group-FAE41C2CD621:LeaderElection56] INFO  impl.LeaderElection (LeaderElection.java:askForVotes(182)) - aecaab51-a45a-4dd7-afa3-a55df907d35c@group-FAE41C2CD621:LeaderElection56: begin an election at term 3 for -1: [aed56d9b-d955-4087-a3ae-cfa25e80d872:192.168.34.39:33403, aecaab51-a45a-4dd7-afa3-a55df907d35c:192.168.34.39:38808, ad940cfb-76ca-446a-83ce-b40aef73eeae:192.168.34.39:44258], old=null
2019-09-21 06:22:29,511 [grpc-default-executor-3] INFO  impl.RaftServerImpl (RaftServerImpl.java:setRole(174)) - aed56d9b-d955-4087-a3ae-cfa25e80d872@group-FAE41C2CD621: changes role from  FOLLOWER to FOLLOWER at term 3 for recognizeCandidate:aecaab51-a45a-4dd7-afa3-a55df907d35c
2019-09-21 06:22:29,511 [Thread-1113] INFO  impl.FollowerState (FollowerState.java:run(106)) - ad940cfb-76ca-446a-83ce-b40aef73eeae:group-FAE41C2CD621 changes to CANDIDATE, lastRpcTime:5123, electionTimeout:5123ms
2019-09-21 06:22:29,511 [grpc-default-executor-3] INFO  impl.RoleInfo (RoleInfo.java:shutdownFollowerState(121)) - aed56d9b-d955-4087-a3ae-cfa25e80d872: shutdown FollowerState
2019-09-21 06:22:29,512 [Thread-1113] INFO  impl.RoleInfo (RoleInfo.java:shutdownFollowerState(121)) - ad940cfb-76ca-446a-83ce-b40aef73eeae: shutdown FollowerState
2019-09-21 06:22:29,512 [grpc-default-executor-3] INFO  impl.RoleInfo (RoleInfo.java:updateAndGet(143)) - aed56d9b-d955-4087-a3ae-cfa25e80d872: start FollowerState
2019-09-21 06:22:29,512 [Thread-1127] INFO  impl.FollowerState (FollowerState.java:run(115)) - aed56d9b-d955-4087-a3ae-cfa25e80d872: FollowerState was interrupted: java.lang.InterruptedException: sleep interrupted
2019-09-21 06:22:29,512 [Thread-1113] INFO  impl.RaftServerImpl (RaftServerImpl.java:setRole(174)) - ad940cfb-76ca-446a-83ce-b40aef73eeae@group-FAE41C2CD621: changes role from  FOLLOWER to CANDIDATE at term 2 for changeToCandidate
2019-09-21 06:22:29,515 [Thread-1113] INFO  impl.RoleInfo (RoleInfo.java:updateAndGet(143)) - ad940cfb-76ca-446a-83ce-b40aef73eeae: start LeaderElection
2019-09-21 06:22:29,519 [grpc-default-executor-1] INFO  impl.RaftServerImpl (RaftServerImpl.java:setRole(174)) - ad940cfb-76ca-446a-83ce-b40aef73eeae@group-FAE41C2CD621: changes role from CANDIDATE to FOLLOWER at term 3 for recognizeCandidate:aecaab51-a45a-4dd7-afa3-a55df907d35c
2019-09-21 06:22:29,519 [grpc-default-executor-1] INFO  impl.RoleInfo (RoleInfo.java:shutdownLeaderElection(134)) - ad940cfb-76ca-446a-83ce-b40aef73eeae: shutdown LeaderElection
2019-09-21 06:22:29,519 [grpc-default-executor-1] INFO  impl.RoleInfo (RoleInfo.java:updateAndGet(143)) - ad940cfb-76ca-446a-83ce-b40aef73eeae: start FollowerState
2019-09-21 06:22:29,583 [aecaab51-a45a-4dd7-afa3-a55df907d35c@group-FAE41C2CD621:LeaderElection56] INFO  impl.LeaderElection (LeaderElection.java:logAndReturn(56)) - aecaab51-a45a-4dd7-afa3-a55df907d35c@group-FAE41C2CD621:LeaderElection56: Election PASSED; received 2 response(s) [aecaab51-a45a-4dd7-afa3-a55df907d35c<-aed56d9b-d955-4087-a3ae-cfa25e80d872#0:OK-t3, aecaab51-a45a-4dd7-afa3-a55df907d35c<-ad940cfb-76ca-446a-83ce-b40aef73eeae#0:FAIL-t3] and 0 exception(s); aecaab51-a45a-4dd7-afa3-a55df907d35c@group-FAE41C2CD621:t3, leader=null, voted=aecaab51-a45a-4dd7-afa3-a55df907d35c, raftlog=aecaab51-a45a-4dd7-afa3-a55df907d35c@group-FAE41C2CD621-SegmentedRaftLog:OPENED:c-1,f-1,i0, conf=-1: [aed56d9b-d955-4087-a3ae-cfa25e80d872:192.168.34.39:33403, aecaab51-a45a-4dd7-afa3-a55df907d35c:192.168.34.39:38808, ad940cfb-76ca-446a-83ce-b40aef73eeae:192.168.34.39:44258], old=null
2019-09-21 06:22:29,583 [aecaab51-a45a-4dd7-afa3-a55df907d35c@group-FAE41C2CD621:LeaderElection56] INFO  impl.RoleInfo (RoleInfo.java:shutdownLeaderElection(134)) - aecaab51-a45a-4dd7-afa3-a55df907d35c: shutdown LeaderElection
2019-09-21 06:22:29,583 [aecaab51-a45a-4dd7-afa3-a55df907d35c@group-FAE41C2CD621:LeaderElection56] INFO  impl.RaftServerImpl (RaftServerImpl.java:setRole(174)) - aecaab51-a45a-4dd7-afa3-a55df907d35c@group-FAE41C2CD621: changes role from CANDIDATE to LEADER at term 3 for changeToLeader
2019-09-21 06:22:29,583 [aecaab51-a45a-4dd7-afa3-a55df907d35c@group-FAE41C2CD621:LeaderElection56] INFO  impl.RaftServerImpl (ServerState.java:setLeader(253)) - aecaab51-a45a-4dd7-afa3-a55df907d35c@group-FAE41C2CD621: change Leader from null to aecaab51-a45a-4dd7-afa3-a55df907d35c at term 3 for becomeLeader, leader elected after 10363ms
2019-09-21 06:22:29,583 [aecaab51-a45a-4dd7-afa3-a55df907d35c@group-FAE41C2CD621:LeaderElection56] INFO  server.RaftServerConfigKeys (ConfUtils.java:logGet(43)) - raft.server.staging.catchup.gap = 1000 (default)
2019-09-21 06:22:29,584 [aecaab51-a45a-4dd7-afa3-a55df907d35c@group-FAE41C2CD621:LeaderElection56] INFO  server.RaftServerConfigKeys (ConfUtils.java:logGet(43)) - raft.server.rpc.sleep.time = 25ms (default)
2019-09-21 06:22:29,584 [aecaab51-a45a-4dd7-afa3-a55df907d35c@group-FAE41C2CD621:LeaderElection56] INFO  server.RaftServerConfigKeys (ConfUtils.java:logGet(43)) - raft.server.write.element-limit = 4096 (default)
2019-09-21 06:22:29,584 [aecaab51-a45a-4dd7-afa3-a55df907d35c@group-FAE41C2CD621:LeaderElection56] INFO  server.RaftServerConfigKeys (ConfUtils.java:logGet(43)) - raft.server.watch.timeout = 10s (default)
2019-09-21 06:22:29,584 [aecaab51-a45a-4dd7-afa3-a55df907d35c@group-FAE41C2CD621:LeaderElection56] INFO  server.RaftServerConfigKeys (ConfUtils.java:logGet(43)) - raft.server.watch.timeout.denomination = 1s (default)
2019-09-21 06:22:29,584 [aecaab51-a45a-4dd7-afa3-a55df907d35c@group-FAE41C2CD621:LeaderElection56] INFO  server.RaftServerConfigKeys (ConfUtils.java:logGet(43)) - raft.server.watch.element-limit = 65536 (default)
2019-09-21 06:22:29,588 [aecaab51-a45a-4dd7-afa3-a55df907d35c@group-FAE41C2CD621:LeaderElection56] INFO  server.RaftServerConfigKeys (ConfUtils.java:logGet(43)) - raft.server.log.appender.snapshot.chunk.size.max = 16MB (=16777216) (default)
2019-09-21 06:22:29,589 [aecaab51-a45a-4dd7-afa3-a55df907d35c@group-FAE41C2CD621:LeaderElection56] INFO  server.RaftServerConfigKeys (ConfUtils.java:logGet(43)) - raft.server.log.appender.buffer.byte-limit = 33554432 (custom)
2019-09-21 06:22:29,589 [aecaab51-a45a-4dd7-afa3-a55df907d35c@group-FAE41C2CD621:LeaderElection56] INFO  server.RaftServerConfigKeys (ConfUtils.java:logGet(43)) - raft.server.log.appender.buffer.element-limit = 1 (custom)
2019-09-21 06:22:29,589 [aecaab51-a45a-4dd7-afa3-a55df907d35c@group-FAE41C2CD621:LeaderElection56] INFO  grpc.GrpcConfigKeys$Server (ConfUtils.java:logGet(43)) - raft.grpc.server.leader.outstanding.appends.max = 128 (default)
2019-09-21 06:22:29,589 [aecaab51-a45a-4dd7-afa3-a55df907d35c@group-FAE41C2CD621:LeaderElection56] INFO  server.RaftServerConfigKeys (ConfUtils.java:logGet(43)) - raft.server.rpc.request.timeout = 3000ms (default)
2019-09-21 06:22:29,590 [aecaab51-a45a-4dd7-afa3-a55df907d35c@group-FAE41C2CD621:LeaderElection56] INFO  server.RaftServerConfigKeys (ConfUtils.java:logGet(43)) - raft.server.log.appender.install.snapshot.enabled = false (custom)
2019-09-21 06:22:29,590 [aecaab51-a45a-4dd7-afa3-a55df907d35c@group-FAE41C2CD621:LeaderElection56] INFO  server.RaftServerConfigKeys (ConfUtils.java:logGet(43)) - raft.server.log.appender.snapshot.chunk.size.max = 16MB (=16777216) (default)
2019-09-21 06:22:29,590 [aecaab51-a45a-4dd7-afa3-a55df907d35c@group-FAE41C2CD621:LeaderElection56] INFO  server.RaftServerConfigKeys (ConfUtils.java:logGet(43)) - raft.server.log.appender.buffer.byte-limit = 33554432 (custom)
2019-09-21 06:22:29,591 [aecaab51-a45a-4dd7-afa3-a55df907d35c@group-FAE41C2CD621:LeaderElection56] INFO  server.RaftServerConfigKeys (ConfUtils.java:logGet(43)) - raft.server.log.appender.buffer.element-limit = 1 (custom)
2019-09-21 06:22:29,591 [aecaab51-a45a-4dd7-afa3-a55df907d35c@group-FAE41C2CD621:LeaderElection56] INFO  grpc.GrpcConfigKeys$Server (ConfUtils.java:logGet(43)) - raft.grpc.server.leader.outstanding.appends.max = 128 (default)
2019-09-21 06:22:29,591 [aecaab51-a45a-4dd7-afa3-a55df907d35c@group-FAE41C2CD621:LeaderElection56] INFO  server.RaftServerConfigKeys (ConfUtils.java:logGet(43)) - raft.server.rpc.request.timeout = 3000ms (default)
2019-09-21 06:22:29,591 [aecaab51-a45a-4dd7-afa3-a55df907d35c@group-FAE41C2CD621:LeaderElection56] INFO  server.RaftServerConfigKeys (ConfUtils.java:logGet(43)) - raft.server.log.appender.install.snapshot.enabled = false (custom)
2019-09-21 06:22:29,592 [aecaab51-a45a-4dd7-afa3-a55df907d35c@group-FAE41C2CD621:LeaderElection56] INFO  impl.RoleInfo (RoleInfo.java:updateAndGet(143)) - aecaab51-a45a-4dd7-afa3-a55df907d35c: start LeaderState
2019-09-21 06:22:29,592 [aecaab51-a45a-4dd7-afa3-a55df907d35c@group-FAE41C2CD621:LeaderElection56] INFO  segmented.SegmentedRaftLogWorker (SegmentedRaftLogWorker.java:startLogSegment(380)) - aecaab51-a45a-4dd7-afa3-a55df907d35c@group-FAE41C2CD621-SegmentedRaftLogWorker: Starting segment from index:0
2019-09-21 06:22:29,593 [aecaab51-a45a-4dd7-afa3-a55df907d35c@group-FAE41C2CD621:LeaderElection56] INFO  impl.RaftServerImpl (ServerState.java:setRaftConf(354)) - aecaab51-a45a-4dd7-afa3-a55df907d35c@group-FAE41C2CD621: set configuration 0: [aed56d9b-d955-4087-a3ae-cfa25e80d872:192.168.34.39:33403, aecaab51-a45a-4dd7-afa3-a55df907d35c:192.168.34.39:38808, ad940cfb-76ca-446a-83ce-b40aef73eeae:192.168.34.39:44258], old=null at 0
2019-09-21 06:22:29,594 [grpc-default-executor-1] INFO  impl.RaftServerImpl (ServerState.java:setLeader(253)) - aed56d9b-d955-4087-a3ae-cfa25e80d872@group-FAE41C2CD621: change Leader from null to aecaab51-a45a-4dd7-afa3-a55df907d35c at term 3 for appendEntries, leader elected after 10374ms
2019-09-21 06:22:29,596 [grpc-default-executor-1] INFO  impl.RaftServerImpl (ServerState.java:setRaftConf(354)) - aed56d9b-d955-4087-a3ae-cfa25e80d872@group-FAE41C2CD621: set configuration 0: [aed56d9b-d955-4087-a3ae-cfa25e80d872:192.168.34.39:33403, aecaab51-a45a-4dd7-afa3-a55df907d35c:192.168.34.39:38808, ad940cfb-76ca-446a-83ce-b40aef73eeae:192.168.34.39:44258], old=null at 0
2019-09-21 06:22:29,597 [grpc-default-executor-1] INFO  segmented.SegmentedRaftLogWorker (SegmentedRaftLogWorker.java:startLogSegment(380)) - aed56d9b-d955-4087-a3ae-cfa25e80d872@group-FAE41C2CD621-SegmentedRaftLogWorker: Starting segment from index:0
2019-09-21 06:22:29,641 [ad940cfb-76ca-446a-83ce-b40aef73eeae@group-FAE41C2CD621:LeaderElection57] INFO  impl.LeaderElection (LeaderElection.java:askForVotes(182)) - ad940cfb-76ca-446a-83ce-b40aef73eeae@group-FAE41C2CD621:LeaderElection57: begin an election at term 4 for -1: [aed56d9b-d955-4087-a3ae-cfa25e80d872:192.168.34.39:33403, aecaab51-a45a-4dd7-afa3-a55df907d35c:192.168.34.39:38808, ad940cfb-76ca-446a-83ce-b40aef73eeae:192.168.34.39:44258], old=null
2019-09-21 06:22:29,641 [aecaab51-a45a-4dd7-afa3-a55df907d35c@group-FAE41C2CD621-SegmentedRaftLogWorker] INFO  segmented.SegmentedRaftLogWorker (SegmentedRaftLogWorker.java:execute(569)) - aecaab51-a45a-4dd7-afa3-a55df907d35c@group-FAE41C2CD621-SegmentedRaftLogWorker: created new log segment /workdir/hadoop-ozone/integration-test/target/test-dir/MiniOzoneClusterImpl-44f2a915-f03c-4a1f-87d6-926dbf9969ca/datanode-2/data/ratis/cdf5c7fb-c7b0-43eb-b02f-fae41c2cd621/current/log_inprogress_0
2019-09-21 06:22:29,641 [aed56d9b-d955-4087-a3ae-cfa25e80d872@group-FAE41C2CD621-SegmentedRaftLogWorker] INFO  segmented.SegmentedRaftLogWorker (SegmentedRaftLogWorker.java:execute(569)) - aed56d9b-d955-4087-a3ae-cfa25e80d872@group-FAE41C2CD621-SegmentedRaftLogWorker: created new log segment /workdir/hadoop-ozone/integration-test/target/test-dir/MiniOzoneClusterImpl-44f2a915-f03c-4a1f-87d6-926dbf9969ca/datanode-1/data/ratis/cdf5c7fb-c7b0-43eb-b02f-fae41c2cd621/current/log_inprogress_0
2019-09-21 06:22:29,642 [ad940cfb-76ca-446a-83ce-b40aef73eeae@group-FAE41C2CD621:LeaderElection57] INFO  impl.LeaderElection (LeaderElection.java:logAndReturn(56)) - ad940cfb-76ca-446a-83ce-b40aef73eeae@group-FAE41C2CD621:LeaderElection57: Election REJECTED; received 0 response(s) [] and 0 exception(s); ad940cfb-76ca-446a-83ce-b40aef73eeae@group-FAE41C2CD621:t4, leader=null, voted=ad940cfb-76ca-446a-83ce-b40aef73eeae, raftlog=ad940cfb-76ca-446a-83ce-b40aef73eeae@group-FAE41C2CD621-SegmentedRaftLog:OPENED:c-1,f-1,i0, conf=-1: [aed56d9b-d955-4087-a3ae-cfa25e80d872:192.168.34.39:33403, aecaab51-a45a-4dd7-afa3-a55df907d35c:192.168.34.39:38808, ad940cfb-76ca-446a-83ce-b40aef73eeae:192.168.34.39:44258], old=null
2019-09-21 06:22:29,643 [grpc-default-executor-1] INFO  impl.RaftServerImpl (ServerState.java:setLeader(253)) - aed56d9b-d955-4087-a3ae-cfa25e80d872@group-FAE41C2CD621: change Leader from aecaab51-a45a-4dd7-afa3-a55df907d35c to null at term 4 for updateCurrentTerm
2019-09-21 06:22:29,643 [Thread-1155] INFO  impl.RaftServerImpl (ServerState.java:setLeader(253)) - aecaab51-a45a-4dd7-afa3-a55df907d35c@group-FAE41C2CD621: change Leader from aecaab51-a45a-4dd7-afa3-a55df907d35c to null at term 4 for updateCurrentTerm
2019-09-21 06:22:29,644 [grpc-default-executor-1] INFO  impl.RaftServerImpl (RaftServerImpl.java:setRole(174)) - aed56d9b-d955-4087-a3ae-cfa25e80d872@group-FAE41C2CD621: changes role from  FOLLOWER to FOLLOWER at term 4 for recognizeCandidate:ad940cfb-76ca-446a-83ce-b40aef73eeae
2019-09-21 06:22:29,644 [Thread-1155] INFO  impl.RaftServerImpl (RaftServerImpl.java:setRole(174)) - aecaab51-a45a-4dd7-afa3-a55df907d35c@group-FAE41C2CD621: changes role from    LEADER to FOLLOWER at term 4 for stepDown
2019-09-21 06:22:29,644 [grpc-default-executor-1] INFO  impl.RoleInfo (RoleInfo.java:shutdownFollowerState(121)) - aed56d9b-d955-4087-a3ae-cfa25e80d872: shutdown FollowerState
2019-09-21 06:22:29,644 [Thread-1155] INFO  impl.RoleInfo (RoleInfo.java:shutdownLeaderState(104)) - aecaab51-a45a-4dd7-afa3-a55df907d35c: shutdown LeaderState
2019-09-21 06:22:29,644 [grpc-default-executor-1] INFO  impl.RoleInfo (RoleInfo.java:updateAndGet(143)) - aed56d9b-d955-4087-a3ae-cfa25e80d872: start FollowerState
2019-09-21 06:22:29,650 [Thread-1155] INFO  impl.PendingRequests (PendingRequests.java:sendNotLeaderResponses(202)) - aecaab51-a45a-4dd7-afa3-a55df907d35c-PendingRequests: sendNotLeaderResponses
2019-09-21 06:22:29,644 [Thread-1152] INFO  impl.FollowerState (FollowerState.java:run(115)) - aed56d9b-d955-4087-a3ae-cfa25e80d872: FollowerState was interrupted: java.lang.InterruptedException: sleep interrupted
2019-09-21 06:22:29,650 [org.apache.ratis.server.impl.LogAppender$AppenderDaemon$$Lambda$503/1406074575@7295253f] WARN  server.GrpcLogAppender (GrpcLogAppender.java:mayWait(143)) - aecaab51-a45a-4dd7-afa3-a55df907d35c@group-FAE41C2CD621->ad940cfb-76ca-446a-83ce-b40aef73eeae-GrpcLogAppender: Wait interrupted by java.lang.InterruptedException
2019-09-21 06:22:29,650 [org.apache.ratis.server.impl.LogAppender$AppenderDaemon$$Lambda$503/1406074575@42dd5e09] WARN  server.GrpcLogAppender (GrpcLogAppender.java:mayWait(143)) - aecaab51-a45a-4dd7-afa3-a55df907d35c@group-FAE41C2CD621->aed56d9b-d955-4087-a3ae-cfa25e80d872-GrpcLogAppender: Wait interrupted by java.lang.InterruptedException
2019-09-21 06:22:29,653 [Thread-1155] INFO  impl.RoleInfo (RoleInfo.java:updateAndGet(143)) - aecaab51-a45a-4dd7-afa3-a55df907d35c: start FollowerState
2019-09-21 06:22:29,654 [grpc-default-executor-8] INFO  server.GrpcServerProtocolService (GrpcServerProtocolService.java:onCompleted(113)) - ad940cfb-76ca-446a-83ce-b40aef73eeae: Completed APPEND_ENTRIES, lastRequest: aecaab51-a45a-4dd7-afa3-a55df907d35c->ad940cfb-76ca-446a-83ce-b40aef73eeae#0-t3, previous=(t:0, i:0), leaderCommit=-1, initializing? false, entries: <empty>
2019-09-21 06:22:29,654 [grpc-default-executor-9] INFO  server.GrpcServerProtocolService (GrpcServerProtocolService.java:onCompleted(113)) - aed56d9b-d955-4087-a3ae-cfa25e80d872: Completed APPEND_ENTRIES, lastRequest: aecaab51-a45a-4dd7-afa3-a55df907d35c->aed56d9b-d955-4087-a3ae-cfa25e80d872#1-t3, previous=(t:0, i:0), leaderCommit=-1, initializing? false, entries: size=1, first=(t:3, i:0), CONFIGURATIONENTRY
2019-09-21 06:22:29,654 [grpc-default-executor-8] INFO  server.GrpcLogAppender (GrpcLogAppender.java:onCompleted(293)) - aecaab51-a45a-4dd7-afa3-a55df907d35c@group-FAE41C2CD621->ad940cfb-76ca-446a-83ce-b40aef73eeae-AppendLogResponseHandler: follower responses appendEntries COMPLETED
2019-09-21 06:22:29,657 [grpc-default-executor-8] INFO  impl.FollowerInfo (FollowerInfo.java:lambda$new$0(51)) - aecaab51-a45a-4dd7-afa3-a55df907d35c@group-FAE41C2CD621->ad940cfb-76ca-446a-83ce-b40aef73eeae: nextIndex: updateUnconditionally 0 -> 0
2019-09-21 06:22:29,660 [grpc-default-executor-3] INFO  impl.RaftServerImpl (RaftServerImpl.java:setRole(174)) - aecaab51-a45a-4dd7-afa3-a55df907d35c@group-FAE41C2CD621: changes role from  FOLLOWER to FOLLOWER at term 4 for recognizeCandidate:ad940cfb-76ca-446a-83ce-b40aef73eeae
2019-09-21 06:22:29,660 [grpc-default-executor-3] INFO  impl.RoleInfo (RoleInfo.java:shutdownFollowerState(121)) - aecaab51-a45a-4dd7-afa3-a55df907d35c: shutdown FollowerState
2019-09-21 06:22:29,659 [grpc-default-executor-9] INFO  server.GrpcLogAppender (GrpcLogAppender.java:onCompleted(293)) - aecaab51-a45a-4dd7-afa3-a55df907d35c@group-FAE41C2CD621->aed56d9b-d955-4087-a3ae-cfa25e80d872-AppendLogResponseHandler: follower responses appendEntries COMPLETED
2019-09-21 06:22:29,661 [Thread-1164] INFO  impl.FollowerState (FollowerState.java:run(115)) - aecaab51-a45a-4dd7-afa3-a55df907d35c: FollowerState was interrupted: java.lang.InterruptedException: sleep interrupted
2019-09-21 06:22:29,660 [grpc-default-executor-3] INFO  impl.RoleInfo (RoleInfo.java:updateAndGet(143)) - aecaab51-a45a-4dd7-afa3-a55df907d35c: start FollowerState
2019-09-21 06:22:29,663 [grpc-default-executor-9] INFO  impl.FollowerInfo (FollowerInfo.java:lambda$new$0(51)) - aecaab51-a45a-4dd7-afa3-a55df907d35c@group-FAE41C2CD621->aed56d9b-d955-4087-a3ae-cfa25e80d872: nextIndex: updateUnconditionally 1 -> 0
2019-09-21 06:22:34,632 [Thread-1154] INFO  impl.FollowerState (FollowerState.java:run(106)) - ad940cfb-76ca-446a-83ce-b40aef73eeae:group-FAE41C2CD621 changes to CANDIDATE, lastRpcTime:5112, electionTimeout:5112ms
2019-09-21 06:22:34,632 [Thread-1154] INFO  impl.RoleInfo (RoleInfo.java:shutdownFollowerState(121)) - ad940cfb-76ca-446a-83ce-b40aef73eeae: shutdown FollowerState
2019-09-21 06:22:34,632 [Thread-1154] INFO  impl.RaftServerImpl (RaftServerImpl.java:setRole(174)) - ad940cfb-76ca-446a-83ce-b40aef73eeae@group-FAE41C2CD621: changes role from  FOLLOWER to CANDIDATE at term 4 for changeToCandidate
2019-09-21 06:22:34,632 [Thread-1154] INFO  impl.RoleInfo (RoleInfo.java:updateAndGet(143)) - ad940cfb-76ca-446a-83ce-b40aef73eeae: start LeaderElection
2019-09-21 06:22:34,666 [Thread-1166] INFO  impl.FollowerState (FollowerState.java:run(106)) - aecaab51-a45a-4dd7-afa3-a55df907d35c:group-FAE41C2CD621 changes to CANDIDATE, lastRpcTime:5005, electionTimeout:5000ms
2019-09-21 06:22:34,666 [Thread-1166] INFO  impl.RoleInfo (RoleInfo.java:shutdownFollowerState(121)) - aecaab51-a45a-4dd7-afa3-a55df907d35c: shutdown FollowerState
2019-09-21 06:22:34,666 [Thread-1166] INFO  impl.RaftServerImpl (RaftServerImpl.java:setRole(174)) - aecaab51-a45a-4dd7-afa3-a55df907d35c@group-FAE41C2CD621: changes role from  FOLLOWER to CANDIDATE at term 4 for changeToCandidate
2019-09-21 06:22:34,666 [Thread-1166] INFO  impl.RoleInfo (RoleInfo.java:updateAndGet(143)) - aecaab51-a45a-4dd7-afa3-a55df907d35c: start LeaderElection
2019-09-21 06:22:34,681 [Thread-1163] INFO  impl.FollowerState (FollowerState.java:run(106)) - aed56d9b-d955-4087-a3ae-cfa25e80d872:group-FAE41C2CD621 changes to CANDIDATE, lastRpcTime:5037, electionTimeout:5031ms
2019-09-21 06:22:34,682 [Thread-1163] INFO  impl.RoleInfo (RoleInfo.java:shutdownFollowerState(121)) - aed56d9b-d955-4087-a3ae-cfa25e80d872: shutdown FollowerState
2019-09-21 06:22:34,682 [Thread-1163] INFO  impl.RaftServerImpl (RaftServerImpl.java:setRole(174)) - aed56d9b-d955-4087-a3ae-cfa25e80d872@group-FAE41C2CD621: changes role from  FOLLOWER to CANDIDATE at term 4 for changeToCandidate
2019-09-21 06:22:34,682 [Thread-1163] INFO  impl.RoleInfo (RoleInfo.java:updateAndGet(143)) - aed56d9b-d955-4087-a3ae-cfa25e80d872: start LeaderElection
2019-09-21 06:22:34,712 [ad940cfb-76ca-446a-83ce-b40aef73eeae@group-FAE41C2CD621:LeaderElection58] INFO  impl.LeaderElection (LeaderElection.java:askForVotes(182)) - ad940cfb-76ca-446a-83ce-b40aef73eeae@group-FAE41C2CD621:LeaderElection58: begin an election at term 5 for -1: [aed56d9b-d955-4087-a3ae-cfa25e80d872:192.168.34.39:33403, aecaab51-a45a-4dd7-afa3-a55df907d35c:192.168.34.39:38808, ad940cfb-76ca-446a-83ce-b40aef73eeae:192.168.34.39:44258], old=null
2019-09-21 06:22:34,733 [aed56d9b-d955-4087-a3ae-cfa25e80d872@group-FAE41C2CD621:LeaderElection60] INFO  impl.LeaderElection (LeaderElection.java:askForVotes(182)) - aed56d9b-d955-4087-a3ae-cfa25e80d872@group-FAE41C2CD621:LeaderElection60: begin an election at term 5 for 0: [aed56d9b-d955-4087-a3ae-cfa25e80d872:192.168.34.39:33403, aecaab51-a45a-4dd7-afa3-a55df907d35c:192.168.34.39:38808, ad940cfb-76ca-446a-83ce-b40aef73eeae:192.168.34.39:44258], old=null
2019-09-21 06:22:34,733 [aecaab51-a45a-4dd7-afa3-a55df907d35c@group-FAE41C2CD621:LeaderElection59] INFO  impl.LeaderElection (LeaderElection.java:askForVotes(182)) - aecaab51-a45a-4dd7-afa3-a55df907d35c@group-FAE41C2CD621:LeaderElection59: begin an election at term 5 for 0: [aed56d9b-d955-4087-a3ae-cfa25e80d872:192.168.34.39:33403, aecaab51-a45a-4dd7-afa3-a55df907d35c:192.168.34.39:38808, ad940cfb-76ca-446a-83ce-b40aef73eeae:192.168.34.39:44258], old=null
2019-09-21 06:22:34,734 [ad940cfb-76ca-446a-83ce-b40aef73eeae@group-FAE41C2CD621:LeaderElection58] INFO  impl.LeaderElection (LeaderElection.java:logAndReturn(56)) - ad940cfb-76ca-446a-83ce-b40aef73eeae@group-FAE41C2CD621:LeaderElection58: Election REJECTED; received 2 response(s) [ad940cfb-76ca-446a-83ce-b40aef73eeae<-aed56d9b-d955-4087-a3ae-cfa25e80d872#0:FAIL-t5, ad940cfb-76ca-446a-83ce-b40aef73eeae<-aecaab51-a45a-4dd7-afa3-a55df907d35c#0:FAIL-t5] and 0 exception(s); ad940cfb-76ca-446a-83ce-b40aef73eeae@group-FAE41C2CD621:t5, leader=null, voted=ad940cfb-76ca-446a-83ce-b40aef73eeae, raftlog=ad940cfb-76ca-446a-83ce-b40aef73eeae@group-FAE41C2CD621-SegmentedRaftLog:OPENED:c-1,f-1,i0, conf=-1: [aed56d9b-d955-4087-a3ae-cfa25e80d872:192.168.34.39:33403, aecaab51-a45a-4dd7-afa3-a55df907d35c:192.168.34.39:38808, ad940cfb-76ca-446a-83ce-b40aef73eeae:192.168.34.39:44258], old=null
2019-09-21 06:22:34,734 [ad940cfb-76ca-446a-83ce-b40aef73eeae@group-FAE41C2CD621:LeaderElection58] INFO  impl.RaftServerImpl (RaftServerImpl.java:setRole(174)) - ad940cfb-76ca-446a-83ce-b40aef73eeae@group-FAE41C2CD621: changes role from CANDIDATE to FOLLOWER at term 5 for DISCOVERED_A_NEW_TERM
2019-09-21 06:22:34,735 [ad940cfb-76ca-446a-83ce-b40aef73eeae@group-FAE41C2CD621:LeaderElection58] INFO  impl.RoleInfo (RoleInfo.java:shutdownLeaderElection(134)) - ad940cfb-76ca-446a-83ce-b40aef73eeae: shutdown LeaderElection
2019-09-21 06:22:34,735 [ad940cfb-76ca-446a-83ce-b40aef73eeae@group-FAE41C2CD621:LeaderElection58] INFO  impl.RoleInfo (RoleInfo.java:updateAndGet(143)) - ad940cfb-76ca-446a-83ce-b40aef73eeae: start FollowerState
2019-09-21 06:22:34,737 [aed56d9b-d955-4087-a3ae-cfa25e80d872@group-FAE41C2CD621:LeaderElection60] INFO  impl.LeaderElection (LeaderElection.java:logAndReturn(56)) - aed56d9b-d955-4087-a3ae-cfa25e80d872@group-FAE41C2CD621:LeaderElection60: Election REJECTED; received 2 response(s) [aed56d9b-d955-4087-a3ae-cfa25e80d872<-aecaab51-a45a-4dd7-afa3-a55df907d35c#0:FAIL-t5, aed56d9b-d955-4087-a3ae-cfa25e80d872<-ad940cfb-76ca-446a-83ce-b40aef73eeae#0:FAIL-t5] and 0 exception(s); aed56d9b-d955-4087-a3ae-cfa25e80d872@group-FAE41C2CD621:t5, leader=null, voted=aed56d9b-d955-4087-a3ae-cfa25e80d872, raftlog=aed56d9b-d955-4087-a3ae-cfa25e80d872@group-FAE41C2CD621-SegmentedRaftLog:OPENED:c-1,f0,i0, conf=0: [aed56d9b-d955-4087-a3ae-cfa25e80d872:192.168.34.39:33403, aecaab51-a45a-4dd7-afa3-a55df907d35c:192.168.34.39:38808, ad940cfb-76ca-446a-83ce-b40aef73eeae:192.168.34.39:44258], old=null
2019-09-21 06:22:34,737 [aed56d9b-d955-4087-a3ae-cfa25e80d872@group-FAE41C2CD621:LeaderElection60] INFO  impl.RaftServerImpl (RaftServerImpl.java:setRole(174)) - aed56d9b-d955-4087-a3ae-cfa25e80d872@group-FAE41C2CD621: changes role from CANDIDATE to FOLLOWER at term 5 for DISCOVERED_A_NEW_TERM
2019-09-21 06:22:34,738 [aed56d9b-d955-4087-a3ae-cfa25e80d872@group-FAE41C2CD621:LeaderElection60] INFO  impl.RoleInfo (RoleInfo.java:shutdownLeaderElection(134)) - aed56d9b-d955-4087-a3ae-cfa25e80d872: shutdown LeaderElection
2019-09-21 06:22:34,738 [aed56d9b-d955-4087-a3ae-cfa25e80d872@group-FAE41C2CD621:LeaderElection60] INFO  impl.RoleInfo (RoleInfo.java:updateAndGet(143)) - aed56d9b-d955-4087-a3ae-cfa25e80d872: start FollowerState
2019-09-21 06:22:34,739 [aecaab51-a45a-4dd7-afa3-a55df907d35c@group-FAE41C2CD621:LeaderElection59] INFO  impl.LeaderElection (LeaderElection.java:logAndReturn(56)) - aecaab51-a45a-4dd7-afa3-a55df907d35c@group-FAE41C2CD621:LeaderElection59: Election REJECTED; received 2 response(s) [aecaab51-a45a-4dd7-afa3-a55df907d35c<-aed56d9b-d955-4087-a3ae-cfa25e80d872#0:FAIL-t5, aecaab51-a45a-4dd7-afa3-a55df907d35c<-ad940cfb-76ca-446a-83ce-b40aef73eeae#0:FAIL-t5] and 0 exception(s); aecaab51-a45a-4dd7-afa3-a55df907d35c@group-FAE41C2CD621:t5, leader=null, voted=aecaab51-a45a-4dd7-afa3-a55df907d35c, raftlog=aecaab51-a45a-4dd7-afa3-a55df907d35c@group-FAE41C2CD621-SegmentedRaftLog:OPENED:c-1,f0,i0, conf=0: [aed56d9b-d955-4087-a3ae-cfa25e80d872:192.168.34.39:33403, aecaab51-a45a-4dd7-afa3-a55df907d35c:192.168.34.39:38808, ad940cfb-76ca-446a-83ce-b40aef73eeae:192.168.34.39:44258], old=null
2019-09-21 06:22:34,739 [aecaab51-a45a-4dd7-afa3-a55df907d35c@group-FAE41C2CD621:LeaderElection59] INFO  impl.RaftServerImpl (RaftServerImpl.java:setRole(174)) - aecaab51-a45a-4dd7-afa3-a55df907d35c@group-FAE41C2CD621: changes role from CANDIDATE to FOLLOWER at term 5 for DISCOVERED_A_NEW_TERM
2019-09-21 06:22:34,740 [aecaab51-a45a-4dd7-afa3-a55df907d35c@group-FAE41C2CD621:LeaderElection59] INFO  impl.RoleInfo (RoleInfo.java:shutdownLeaderElection(134)) - aecaab51-a45a-4dd7-afa3-a55df907d35c: shutdown LeaderElection
2019-09-21 06:22:34,740 [aecaab51-a45a-4dd7-afa3-a55df907d35c@group-FAE41C2CD621:LeaderElection59] INFO  impl.RoleInfo (RoleInfo.java:updateAndGet(143)) - aecaab51-a45a-4dd7-afa3-a55df907d35c: start FollowerState
]]></system-out>
  </testcase>
  <testcase name="testWatchForCommitForRetryfailure" classname="org.apache.hadoop.ozone.client.rpc.TestWatchForCommit" time="64.805"/>
  <testcase name="testWatchForCommitForGroupMismatchException" classname="org.apache.hadoop.ozone.client.rpc.TestWatchForCommit" time="39.788"/>
  <testcase name="test2WayCommitForTimeoutException" classname="org.apache.hadoop.ozone.client.rpc.TestWatchForCommit" time="49.163"/>
</testsuite>